<?xml version="1.0" encoding="UTF-8"?>
<testsuite xmlns:xsi="http://www.w3.org/2001/XMLSchema-instance" xsi:noNamespaceSchemaLocation="https://maven.apache.org/surefire/maven-surefire-plugin/xsd/surefire-test-report.xsd" name="org.apache.hadoop.ozone.client.rpc.TestBlockOutputStream" time="604.391" tests="6" errors="0" skipped="0" failures="3">
  <properties>
    <property name="awt.toolkit" value="sun.awt.X11.XToolkit"/>
    <property name="file.encoding.pkg" value="sun.io"/>
    <property name="java.specification.version" value="1.8"/>
    <property name="sun.cpu.isalist" value=""/>
    <property name="sun.jnu.encoding" value="UTF-8"/>
    <property name="java.class.path" value="/workdir/hadoop-ozone/integration-test/target/test-classes:/workdir/hadoop-ozone/integration-test/target/classes:/home/user/.m2/repository/org/apache/hadoop/hadoop-ozone-common/0.5.0-SNAPSHOT/hadoop-ozone-common-0.5.0-SNAPSHOT.jar:/home/user/.m2/repository/org/apache/commons/commons-compress/1.4.1/commons-compress-1.4.1.jar:/home/user/.m2/repository/org/tukaani/xz/1.0/xz-1.0.jar:/home/user/.m2/repository/org/apache/hadoop/hadoop-common/3.2.0/hadoop-common-3.2.0.jar:/home/user/.m2/repository/org/apache/hadoop/hadoop-hdfs/3.2.0/hadoop-hdfs-3.2.0.jar:/home/user/.m2/repository/org/apache/hadoop/hadoop-hdfs-client/3.2.0/hadoop-hdfs-client-3.2.0.jar:/home/user/.m2/repository/com/fasterxml/jackson/core/jackson-annotations/2.9.9/jackson-annotations-2.9.9.jar:/home/user/.m2/repository/org/apache/hadoop/hadoop-hdds-common/0.5.0-SNAPSHOT/hadoop-hdds-common-0.5.0-SNAPSHOT.jar:/home/user/.m2/repository/javax/annotation/javax.annotation-api/1.2/javax.annotation-api-1.2.jar:/home/user/.m2/repository/org/apache/ratis/ratis-server/0.4.0-78e95b9-SNAPSHOT/ratis-server-0.4.0-78e95b9-SNAPSHOT.jar:/home/user/.m2/repository/org/apache/ratis/ratis-thirdparty-misc/0.2.0/ratis-thirdparty-misc-0.2.0.jar:/home/user/.m2/repository/org/apache/ratis/ratis-proto/0.4.0-78e95b9-SNAPSHOT/ratis-proto-0.4.0-78e95b9-SNAPSHOT.jar:/home/user/.m2/repository/org/apache/ratis/ratis-common/0.4.0-78e95b9-SNAPSHOT/ratis-common-0.4.0-78e95b9-SNAPSHOT.jar:/home/user/.m2/repository/org/apache/ratis/ratis-client/0.4.0-78e95b9-SNAPSHOT/ratis-client-0.4.0-78e95b9-SNAPSHOT.jar:/home/user/.m2/repository/org/apache/ratis/ratis-metrics/0.4.0-78e95b9-SNAPSHOT/ratis-metrics-0.4.0-78e95b9-SNAPSHOT.jar:/home/user/.m2/repository/com/github/joshelser/dropwizard-metrics-hadoop-metrics2-reporter/0.1.2/dropwizard-metrics-hadoop-metrics2-reporter-0.1.2.jar:/home/user/.m2/repository/io/dropwizard/metrics/metrics-jvm/3.2.5/metrics-jvm-3.2.5.jar:/home/user/.m2/repository/io/dropwizard/metrics/metrics-ganglia/3.2.5/metrics-ganglia-3.2.5.jar:/home/user/.m2/repository/info/ganglia/gmetric4j/gmetric4j/1.0.7/gmetric4j-1.0.7.jar:/home/user/.m2/repository/org/apache/ratis/ratis-netty/0.4.0-78e95b9-SNAPSHOT/ratis-netty-0.4.0-78e95b9-SNAPSHOT.jar:/home/user/.m2/repository/org/apache/ratis/ratis-grpc/0.4.0-78e95b9-SNAPSHOT/ratis-grpc-0.4.0-78e95b9-SNAPSHOT.jar:/home/user/.m2/repository/org/rocksdb/rocksdbjni/6.0.1/rocksdbjni-6.0.1.jar:/home/user/.m2/repository/org/apache/logging/log4j/log4j-api/2.11.0/log4j-api-2.11.0.jar:/home/user/.m2/repository/org/apache/logging/log4j/log4j-core/2.11.0/log4j-core-2.11.0.jar:/home/user/.m2/repository/com/lmax/disruptor/3.4.2/disruptor-3.4.2.jar:/home/user/.m2/repository/org/apache/commons/commons-pool2/2.6.0/commons-pool2-2.6.0.jar:/home/user/.m2/repository/org/bouncycastle/bcpkix-jdk15on/1.60/bcpkix-jdk15on-1.60.jar:/home/user/.m2/repository/commons-validator/commons-validator/1.6/commons-validator-1.6.jar:/home/user/.m2/repository/commons-digester/commons-digester/1.8.1/commons-digester-1.8.1.jar:/home/user/.m2/repository/io/jaegertracing/jaeger-client/0.33.1/jaeger-client-0.33.1.jar:/home/user/.m2/repository/io/jaegertracing/jaeger-thrift/0.33.1/jaeger-thrift-0.33.1.jar:/home/user/.m2/repository/org/apache/thrift/libthrift/0.11.0/libthrift-0.11.0.jar:/home/user/.m2/repository/com/squareup/okhttp3/okhttp/3.9.0/okhttp-3.9.0.jar:/home/user/.m2/repository/com/squareup/okio/okio/1.13.0/okio-1.13.0.jar:/home/user/.m2/repository/io/jaegertracing/jaeger-core/0.33.1/jaeger-core-0.33.1.jar:/home/user/.m2/repository/io/jaegertracing/jaeger-tracerresolver/0.33.1/jaeger-tracerresolver-0.33.1.jar:/home/user/.m2/repository/io/opentracing/contrib/opentracing-tracerresolver/0.1.5/opentracing-tracerresolver-0.1.5.jar:/home/user/.m2/repository/io/opentracing/opentracing-util/0.31.0/opentracing-util-0.31.0.jar:/home/user/.m2/repository/io/opentracing/opentracing-api/0.31.0/opentracing-api-0.31.0.jar:/home/user/.m2/repository/io/opentracing/opentracing-noop/0.31.0/opentracing-noop-0.31.0.jar:/home/user/.m2/repository/org/apache/hadoop/hadoop-hdds-server-framework/0.5.0-SNAPSHOT/hadoop-hdds-server-framework-0.5.0-SNAPSHOT.jar:/home/user/.m2/repository/org/apache/hadoop/hadoop-hdds-container-service/0.5.0-SNAPSHOT/hadoop-hdds-container-service-0.5.0-SNAPSHOT.jar:/home/user/.m2/repository/org/apache/hadoop/hadoop-hdds-client/0.5.0-SNAPSHOT/hadoop-hdds-client-0.5.0-SNAPSHOT.jar:/home/user/.m2/repository/org/apache/hadoop/hadoop-hdds-tools/0.5.0-SNAPSHOT/hadoop-hdds-tools-0.5.0-SNAPSHOT.jar:/home/user/.m2/repository/org/apache/hadoop/hadoop-hdds-server-scm/0.5.0-SNAPSHOT/hadoop-hdds-server-scm-0.5.0-SNAPSHOT.jar:/home/user/.m2/repository/org/apache/hadoop/hadoop-hdds-docs/0.5.0-SNAPSHOT/hadoop-hdds-docs-0.5.0-SNAPSHOT.jar:/home/user/.m2/repository/io/dropwizard/metrics/metrics-core/3.2.4/metrics-core-3.2.4.jar:/home/user/.m2/repository/org/hamcrest/hamcrest-all/1.3/hamcrest-all-1.3.jar:/home/user/.m2/repository/org/bouncycastle/bcprov-jdk15on/1.60/bcprov-jdk15on-1.60.jar:/home/user/.m2/repository/info/picocli/picocli/3.9.6/picocli-3.9.6.jar:/home/user/.m2/repository/com/google/protobuf/protobuf-java/2.5.0/protobuf-java-2.5.0.jar:/home/user/.m2/repository/com/google/guava/guava/11.0.2/guava-11.0.2.jar:/home/user/.m2/repository/org/apache/hadoop/hadoop-ozone-ozone-manager/0.5.0-SNAPSHOT/hadoop-ozone-ozone-manager-0.5.0-SNAPSHOT.jar:/home/user/.m2/repository/org/apache/hadoop/hadoop-minikdc/3.2.0/hadoop-minikdc-3.2.0.jar:/home/user/.m2/repository/commons-io/commons-io/2.5/commons-io-2.5.jar:/home/user/.m2/repository/org/apache/kerby/kerb-simplekdc/1.0.1/kerb-simplekdc-1.0.1.jar:/home/user/.m2/repository/org/apache/kerby/kerb-client/1.0.1/kerb-client-1.0.1.jar:/home/user/.m2/repository/org/apache/kerby/kerby-config/1.0.1/kerby-config-1.0.1.jar:/home/user/.m2/repository/org/apache/kerby/kerb-core/1.0.1/kerb-core-1.0.1.jar:/home/user/.m2/repository/org/apache/kerby/kerby-pkix/1.0.1/kerby-pkix-1.0.1.jar:/home/user/.m2/repository/org/apache/kerby/kerby-asn1/1.0.1/kerby-asn1-1.0.1.jar:/home/user/.m2/repository/org/apache/kerby/kerby-util/1.0.1/kerby-util-1.0.1.jar:/home/user/.m2/repository/org/apache/kerby/kerb-common/1.0.1/kerb-common-1.0.1.jar:/home/user/.m2/repository/org/apache/kerby/kerb-crypto/1.0.1/kerb-crypto-1.0.1.jar:/home/user/.m2/repository/org/apache/kerby/kerb-util/1.0.1/kerb-util-1.0.1.jar:/home/user/.m2/repository/org/apache/kerby/token-provider/1.0.1/token-provider-1.0.1.jar:/home/user/.m2/repository/org/apache/kerby/kerb-admin/1.0.1/kerb-admin-1.0.1.jar:/home/user/.m2/repository/org/apache/kerby/kerb-server/1.0.1/kerb-server-1.0.1.jar:/home/user/.m2/repository/org/apache/kerby/kerb-identity/1.0.1/kerb-identity-1.0.1.jar:/home/user/.m2/repository/org/apache/kerby/kerby-xdr/1.0.1/kerby-xdr-1.0.1.jar:/home/user/.m2/repository/org/slf4j/slf4j-log4j12/1.7.25/slf4j-log4j12-1.7.25.jar:/home/user/.m2/repository/org/apache/hadoop/hadoop-ozone-s3gateway/0.5.0-SNAPSHOT/hadoop-ozone-s3gateway-0.5.0-SNAPSHOT.jar:/home/user/.m2/repository/org/jboss/weld/servlet/weld-servlet/2.4.7.Final/weld-servlet-2.4.7.Final.jar:/home/user/.m2/repository/org/glassfish/jersey/containers/jersey-container-servlet-core/2.27/jersey-container-servlet-core-2.27.jar:/home/user/.m2/repository/org/glassfish/hk2/external/javax.inject/2.5.0-b42/javax.inject-2.5.0-b42.jar:/home/user/.m2/repository/org/glassfish/jersey/core/jersey-common/2.27/jersey-common-2.27.jar:/home/user/.m2/repository/org/glassfish/hk2/osgi-resource-locator/1.0.1/osgi-resource-locator-1.0.1.jar:/home/user/.m2/repository/javax/ws/rs/javax.ws.rs-api/2.1/javax.ws.rs-api-2.1.jar:/home/user/.m2/repository/org/glassfish/jersey/ext/cdi/jersey-cdi1x/2.27/jersey-cdi1x-2.27.jar:/home/user/.m2/repository/org/glassfish/jersey/inject/jersey-hk2/2.27/jersey-hk2-2.27.jar:/home/user/.m2/repository/org/glassfish/hk2/hk2-locator/2.5.0-b42/hk2-locator-2.5.0-b42.jar:/home/user/.m2/repository/org/javassist/javassist/3.22.0-CR2/javassist-3.22.0-CR2.jar:/home/user/.m2/repository/org/glassfish/hk2/hk2-api/2.5.0/hk2-api-2.5.0.jar:/home/user/.m2/repository/org/glassfish/hk2/external/jakarta.inject/2.5.0/jakarta.inject-2.5.0.jar:/home/user/.m2/repository/org/glassfish/hk2/hk2-utils/2.5.0/hk2-utils-2.5.0.jar:/home/user/.m2/repository/jakarta/annotation/jakarta.annotation-api/1.3.4/jakarta.annotation-api-1.3.4.jar:/home/user/.m2/repository/org/glassfish/hk2/external/aopalliance-repackaged/2.5.0/aopalliance-repackaged-2.5.0.jar:/home/user/.m2/repository/com/fasterxml/jackson/dataformat/jackson-dataformat-xml/2.9.0/jackson-dataformat-xml-2.9.0.jar:/home/user/.m2/repository/com/fasterxml/jackson/core/jackson-core/2.9.9/jackson-core-2.9.9.jar:/home/user/.m2/repository/com/fasterxml/jackson/module/jackson-module-jaxb-annotations/2.9.9/jackson-module-jaxb-annotations-2.9.9.jar:/home/user/.m2/repository/javax/enterprise/cdi-api/1.2/cdi-api-1.2.jar:/home/user/.m2/repository/javax/el/javax.el-api/3.0.0/javax.el-api-3.0.0.jar:/home/user/.m2/repository/javax/interceptor/javax.interceptor-api/1.2/javax.interceptor-api-1.2.jar:/home/user/.m2/repository/javax/inject/javax.inject/1/javax.inject-1.jar:/home/user/.m2/repository/com/sun/xml/bind/jaxb-impl/2.3.0.1/jaxb-impl-2.3.0.1.jar:/home/user/.m2/repository/com/sun/xml/bind/jaxb-core/2.3.0.1/jaxb-core-2.3.0.1.jar:/home/user/.m2/repository/javax/xml/bind/jaxb-api/2.3.0/jaxb-api-2.3.0.jar:/home/user/.m2/repository/javax/activation/activation/1.1.1/activation-1.1.1.jar:/home/user/.m2/repository/org/apache/hadoop/hadoop-ozone-csi/0.5.0-SNAPSHOT/hadoop-ozone-csi-0.5.0-SNAPSHOT.jar:/home/user/.m2/repository/com/google/protobuf/protobuf-java-util/3.5.1/protobuf-java-util-3.5.1.jar:/home/user/.m2/repository/org/apache/hadoop/hadoop-hdds-config/0.5.0-SNAPSHOT/hadoop-hdds-config-0.5.0-SNAPSHOT.jar:/home/user/.m2/repository/io/grpc/grpc-netty/1.17.1/grpc-netty-1.17.1.jar:/home/user/.m2/repository/io/grpc/grpc-core/1.17.1/grpc-core-1.17.1.jar:/home/user/.m2/repository/io/grpc/grpc-context/1.17.1/grpc-context-1.17.1.jar:/home/user/.m2/repository/com/google/errorprone/error_prone_annotations/2.2.0/error_prone_annotations-2.2.0.jar:/home/user/.m2/repository/org/codehaus/mojo/animal-sniffer-annotations/1.17/animal-sniffer-annotations-1.17.jar:/home/user/.m2/repository/io/opencensus/opencensus-api/0.17.0/opencensus-api-0.17.0.jar:/home/user/.m2/repository/io/opencensus/opencensus-contrib-grpc-metrics/0.17.0/opencensus-contrib-grpc-metrics-0.17.0.jar:/home/user/.m2/repository/io/netty/netty-codec-http2/4.1.30.Final/netty-codec-http2-4.1.30.Final.jar:/home/user/.m2/repository/io/netty/netty-codec-http/4.1.30.Final/netty-codec-http-4.1.30.Final.jar:/home/user/.m2/repository/io/netty/netty-codec/4.1.30.Final/netty-codec-4.1.30.Final.jar:/home/user/.m2/repository/io/netty/netty-handler/4.1.30.Final/netty-handler-4.1.30.Final.jar:/home/user/.m2/repository/io/netty/netty-handler-proxy/4.1.30.Final/netty-handler-proxy-4.1.30.Final.jar:/home/user/.m2/repository/io/netty/netty-codec-socks/4.1.30.Final/netty-codec-socks-4.1.30.Final.jar:/home/user/.m2/repository/io/netty/netty-transport-native-epoll/4.1.30.Final/netty-transport-native-epoll-4.1.30.Final.jar:/home/user/.m2/repository/io/netty/netty-common/4.1.30.Final/netty-common-4.1.30.Final.jar:/home/user/.m2/repository/io/netty/netty-buffer/4.1.30.Final/netty-buffer-4.1.30.Final.jar:/home/user/.m2/repository/io/netty/netty-transport/4.1.30.Final/netty-transport-4.1.30.Final.jar:/home/user/.m2/repository/io/netty/netty-resolver/4.1.30.Final/netty-resolver-4.1.30.Final.jar:/home/user/.m2/repository/io/netty/netty-transport-native-unix-common/4.1.30.Final/netty-transport-native-unix-common-4.1.30.Final.jar:/home/user/.m2/repository/io/grpc/grpc-protobuf/1.17.1/grpc-protobuf-1.17.1.jar:/home/user/.m2/repository/com/google/api/grpc/proto-google-common-protos/1.0.0/proto-google-common-protos-1.0.0.jar:/home/user/.m2/repository/io/grpc/grpc-protobuf-lite/1.17.1/grpc-protobuf-lite-1.17.1.jar:/home/user/.m2/repository/io/grpc/grpc-stub/1.17.1/grpc-stub-1.17.1.jar:/home/user/.m2/repository/org/apache/hadoop/hadoop-ozone-recon/0.5.0-SNAPSHOT/hadoop-ozone-recon-0.5.0-SNAPSHOT.jar:/home/user/.m2/repository/org/apache/hadoop/hadoop-ozone-reconcodegen/0.5.0-SNAPSHOT/hadoop-ozone-reconcodegen-0.5.0-SNAPSHOT.jar:/home/user/.m2/repository/com/google/inject/extensions/guice-multibindings/4.0/guice-multibindings-4.0.jar:/home/user/.m2/repository/com/google/inject/guice/4.0/guice-4.0.jar:/home/user/.m2/repository/aopalliance/aopalliance/1.0/aopalliance-1.0.jar:/home/user/.m2/repository/com/google/inject/extensions/guice-servlet/4.0/guice-servlet-4.0.jar:/home/user/.m2/repository/org/glassfish/jersey/containers/jersey-container-servlet/2.27/jersey-container-servlet-2.27.jar:/home/user/.m2/repository/org/glassfish/hk2/guice-bridge/2.5.0/guice-bridge-2.5.0.jar:/home/user/.m2/repository/org/glassfish/jersey/core/jersey-server/2.27/jersey-server-2.27.jar:/home/user/.m2/repository/org/glassfish/jersey/core/jersey-client/2.27/jersey-client-2.27.jar:/home/user/.m2/repository/org/glassfish/jersey/media/jersey-media-jaxb/2.27/jersey-media-jaxb-2.27.jar:/home/user/.m2/repository/javax/validation/validation-api/1.1.0.Final/validation-api-1.1.0.Final.jar:/home/user/.m2/repository/org/glassfish/jersey/media/jersey-media-json-jackson/2.27/jersey-media-json-jackson-2.27.jar:/home/user/.m2/repository/org/glassfish/jersey/ext/jersey-entity-filtering/2.27/jersey-entity-filtering-2.27.jar:/home/user/.m2/repository/com/google/inject/extensions/guice-assistedinject/4.0/guice-assistedinject-4.0.jar:/home/user/.m2/repository/org/jooq/jooq/3.11.10/jooq-3.11.10.jar:/home/user/.m2/repository/org/jooq/jooq-meta/3.11.10/jooq-meta-3.11.10.jar:/home/user/.m2/repository/org/jooq/jooq-codegen/3.11.10/jooq-codegen-3.11.10.jar:/home/user/.m2/repository/com/jolbox/bonecp/0.8.0.RELEASE/bonecp-0.8.0.RELEASE.jar:/home/user/.m2/repository/org/xerial/sqlite-jdbc/3.25.2/sqlite-jdbc-3.25.2.jar:/home/user/.m2/repository/org/springframework/spring-jdbc/5.1.3.RELEASE/spring-jdbc-5.1.3.RELEASE.jar:/home/user/.m2/repository/org/springframework/spring-beans/5.1.3.RELEASE/spring-beans-5.1.3.RELEASE.jar:/home/user/.m2/repository/org/springframework/spring-core/5.1.3.RELEASE/spring-core-5.1.3.RELEASE.jar:/home/user/.m2/repository/org/springframework/spring-jcl/5.1.3.RELEASE/spring-jcl-5.1.3.RELEASE.jar:/home/user/.m2/repository/org/springframework/spring-tx/5.1.3.RELEASE/spring-tx-5.1.3.RELEASE.jar:/home/user/.m2/repository/org/apache/hadoop/hadoop-ozone-client/0.5.0-SNAPSHOT/hadoop-ozone-client-0.5.0-SNAPSHOT.jar:/home/user/.m2/repository/commons-lang/commons-lang/2.6/commons-lang-2.6.jar:/home/user/.m2/repository/org/apache/hadoop/hadoop-ozone-ozone-manager/0.5.0-SNAPSHOT/hadoop-ozone-ozone-manager-0.5.0-SNAPSHOT-tests.jar:/home/user/.m2/repository/junit/junit/4.11/junit-4.11.jar:/home/user/.m2/repository/org/hamcrest/hamcrest-core/1.3/hamcrest-core-1.3.jar:/home/user/.m2/repository/org/openjdk/jmh/jmh-core/1.19/jmh-core-1.19.jar:/home/user/.m2/repository/net/sf/jopt-simple/jopt-simple/4.6/jopt-simple-4.6.jar:/home/user/.m2/repository/org/apache/commons/commons-math3/3.1.1/commons-math3-3.1.1.jar:/home/user/.m2/repository/org/openjdk/jmh/jmh-generator-annprocess/1.19/jmh-generator-annprocess-1.19.jar:/home/user/.m2/repository/org/mockito/mockito-all/1.8.5/mockito-all-1.8.5.jar:/home/user/.m2/repository/org/apache/hadoop/hadoop-kms/3.2.0/hadoop-kms-3.2.0.jar:/home/user/.m2/repository/org/apache/hadoop/hadoop-auth/3.2.0/hadoop-auth-3.2.0.jar:/home/user/.m2/repository/com/nimbusds/nimbus-jose-jwt/4.41.1/nimbus-jose-jwt-4.41.1.jar:/home/user/.m2/repository/com/github/stephenc/jcip/jcip-annotations/1.0-1/jcip-annotations-1.0-1.jar:/home/user/.m2/repository/net/minidev/json-smart/2.3/json-smart-2.3.jar:/home/user/.m2/repository/net/minidev/accessors-smart/1.2/accessors-smart-1.2.jar:/home/user/.m2/repository/org/ow2/asm/asm/5.0.4/asm-5.0.4.jar:/home/user/.m2/repository/org/apache/curator/curator-framework/2.12.0/curator-framework-2.12.0.jar:/home/user/.m2/repository/com/sun/jersey/jersey-core/1.19/jersey-core-1.19.jar:/home/user/.m2/repository/javax/ws/rs/jsr311-api/1.1.1/jsr311-api-1.1.1.jar:/home/user/.m2/repository/com/sun/jersey/jersey-server/1.19/jersey-server-1.19.jar:/home/user/.m2/repository/javax/servlet/javax.servlet-api/3.1.0/javax.servlet-api-3.1.0.jar:/home/user/.m2/repository/org/eclipse/jetty/jetty-server/9.3.24.v20180605/jetty-server-9.3.24.v20180605.jar:/home/user/.m2/repository/org/eclipse/jetty/jetty-http/9.3.24.v20180605/jetty-http-9.3.24.v20180605.jar:/home/user/.m2/repository/org/eclipse/jetty/jetty-io/9.3.24.v20180605/jetty-io-9.3.24.v20180605.jar:/home/user/.m2/repository/org/eclipse/jetty/jetty-webapp/9.3.24.v20180605/jetty-webapp-9.3.24.v20180605.jar:/home/user/.m2/repository/org/eclipse/jetty/jetty-xml/9.3.24.v20180605/jetty-xml-9.3.24.v20180605.jar:/home/user/.m2/repository/log4j/log4j/1.2.17/log4j-1.2.17.jar:/home/user/.m2/repository/org/slf4j/slf4j-api/1.7.25/slf4j-api-1.7.25.jar:/home/user/.m2/repository/org/slf4j/jul-to-slf4j/1.7.25/jul-to-slf4j-1.7.25.jar:/home/user/.m2/repository/org/eclipse/jetty/jetty-util/9.3.24.v20180605/jetty-util-9.3.24.v20180605.jar:/home/user/.m2/repository/com/fasterxml/jackson/core/jackson-databind/2.9.9/jackson-databind-2.9.9.jar:/home/user/.m2/repository/org/apache/hadoop/hadoop-kms/3.2.0/hadoop-kms-3.2.0-tests.jar:/home/user/.m2/repository/org/apache/hadoop/hadoop-hdds-server-scm/0.5.0-SNAPSHOT/hadoop-hdds-server-scm-0.5.0-SNAPSHOT-tests.jar:/home/user/.m2/repository/org/apache/hadoop/hadoop-hdds-container-service/0.5.0-SNAPSHOT/hadoop-hdds-container-service-0.5.0-SNAPSHOT-tests.jar:/home/user/.m2/repository/org/yaml/snakeyaml/1.16/snakeyaml-1.16.jar:/home/user/.m2/repository/org/apache/hadoop/hadoop-common/3.2.0/hadoop-common-3.2.0-tests.jar:/home/user/.m2/repository/org/apache/hadoop/hadoop-annotations/3.2.0/hadoop-annotations-3.2.0.jar:/usr/lib/jvm/java-1.8-openjdk/jre/../lib/tools.jar:/home/user/.m2/repository/commons-cli/commons-cli/1.2/commons-cli-1.2.jar:/home/user/.m2/repository/org/apache/httpcomponents/httpclient/4.5.2/httpclient-4.5.2.jar:/home/user/.m2/repository/org/apache/httpcomponents/httpcore/4.4.4/httpcore-4.4.4.jar:/home/user/.m2/repository/commons-codec/commons-codec/1.11/commons-codec-1.11.jar:/home/user/.m2/repository/commons-net/commons-net/3.6/commons-net-3.6.jar:/home/user/.m2/repository/commons-collections/commons-collections/3.2.2/commons-collections-3.2.2.jar:/home/user/.m2/repository/org/eclipse/jetty/jetty-servlet/9.3.24.v20180605/jetty-servlet-9.3.24.v20180605.jar:/home/user/.m2/repository/org/eclipse/jetty/jetty-security/9.3.24.v20180605/jetty-security-9.3.24.v20180605.jar:/home/user/.m2/repository/javax/servlet/jsp/jsp-api/2.1/jsp-api-2.1.jar:/home/user/.m2/repository/com/sun/jersey/jersey-servlet/1.19/jersey-servlet-1.19.jar:/home/user/.m2/repository/com/sun/jersey/jersey-json/1.19/jersey-json-1.19.jar:/home/user/.m2/repository/org/codehaus/jettison/jettison/1.1/jettison-1.1.jar:/home/user/.m2/repository/org/codehaus/jackson/jackson-core-asl/1.9.13/jackson-core-asl-1.9.13.jar:/home/user/.m2/repository/org/codehaus/jackson/jackson-mapper-asl/1.9.13/jackson-mapper-asl-1.9.13.jar:/home/user/.m2/repository/org/codehaus/jackson/jackson-jaxrs/1.9.13/jackson-jaxrs-1.9.13.jar:/home/user/.m2/repository/org/codehaus/jackson/jackson-xc/1.9.13/jackson-xc-1.9.13.jar:/home/user/.m2/repository/commons-logging/commons-logging/1.1.3/commons-logging-1.1.3.jar:/home/user/.m2/repository/commons-beanutils/commons-beanutils/1.9.4/commons-beanutils-1.9.4.jar:/home/user/.m2/repository/org/apache/commons/commons-configuration2/2.1.1/commons-configuration2-2.1.1.jar:/home/user/.m2/repository/org/apache/commons/commons-lang3/3.7/commons-lang3-3.7.jar:/home/user/.m2/repository/org/apache/commons/commons-text/1.4/commons-text-1.4.jar:/home/user/.m2/repository/org/apache/avro/avro/1.7.7/avro-1.7.7.jar:/home/user/.m2/repository/com/thoughtworks/paranamer/paranamer/2.3/paranamer-2.3.jar:/home/user/.m2/repository/org/xerial/snappy/snappy-java/1.0.5/snappy-java-1.0.5.jar:/home/user/.m2/repository/com/google/re2j/re2j/1.1/re2j-1.1.jar:/home/user/.m2/repository/com/google/code/gson/gson/2.2.4/gson-2.2.4.jar:/home/user/.m2/repository/com/jcraft/jsch/0.1.54/jsch-0.1.54.jar:/home/user/.m2/repository/org/apache/curator/curator-client/2.12.0/curator-client-2.12.0.jar:/home/user/.m2/repository/org/apache/curator/curator-recipes/2.12.0/curator-recipes-2.12.0.jar:/home/user/.m2/repository/com/google/code/findbugs/jsr305/3.0.0/jsr305-3.0.0.jar:/home/user/.m2/repository/org/apache/htrace/htrace-core4/4.1.0-incubating/htrace-core4-4.1.0-incubating.jar:/home/user/.m2/repository/org/apache/zookeeper/zookeeper/3.4.13/zookeeper-3.4.13.jar:/home/user/.m2/repository/org/apache/yetus/audience-annotations/0.5.0/audience-annotations-0.5.0.jar:/home/user/.m2/repository/org/codehaus/woodstox/stax2-api/3.1.4/stax2-api-3.1.4.jar:/home/user/.m2/repository/com/fasterxml/woodstox/woodstox-core/5.0.3/woodstox-core-5.0.3.jar:/home/user/.m2/repository/dnsjava/dnsjava/2.1.7/dnsjava-2.1.7.jar:/home/user/.m2/repository/org/apache/hadoop/hadoop-hdfs/3.2.0/hadoop-hdfs-3.2.0-tests.jar:/home/user/.m2/repository/org/eclipse/jetty/jetty-util-ajax/9.3.24.v20180605/jetty-util-ajax-9.3.24.v20180605.jar:/home/user/.m2/repository/commons-daemon/commons-daemon/1.0.13/commons-daemon-1.0.13.jar:/home/user/.m2/repository/io/netty/netty/3.10.5.Final/netty-3.10.5.Final.jar:/home/user/.m2/repository/io/netty/netty-all/4.0.52.Final/netty-all-4.0.52.Final.jar:/home/user/.m2/repository/org/fusesource/leveldbjni/leveldbjni-all/1.8/leveldbjni-all-1.8.jar:"/>
    <property name="java.vm.vendor" value="IcedTea"/>
    <property name="sun.arch.data.model" value="64"/>
    <property name="test.build.dir" value="/workdir/hadoop-ozone/integration-test/target/test-dir"/>
    <property name="test.cache.data" value=""/>
    <property name="java.vendor.url" value="https://icedtea.classpath.org"/>
    <property name="user.timezone" value=""/>
    <property name="java.vm.specification.version" value="1.8"/>
    <property name="os.name" value="Linux"/>
    <property name="test.build.data" value="/workdir/hadoop-ozone/integration-test/target/test-dir"/>
    <property name="user.country" value="US"/>
    <property name="sun.java.launcher" value="SUN_STANDARD"/>
    <property name="sun.boot.library.path" value="/usr/lib/jvm/java-1.8-openjdk/jre/lib/amd64"/>
    <property name="sun.java.command" value="/workdir/hadoop-ozone/integration-test/target/surefire/surefirebooter2683392924924230610.jar /workdir/hadoop-ozone/integration-test/target/surefire 2019-09-17T01-39-54_738-jvmRun1 surefire4244972615710905110tmp surefire_777092537535961870971tmp"/>
    <property name="test" value="!TestMiniChaosOzoneCluster"/>
    <property name="surefire.test.class.path" value="/workdir/hadoop-ozone/integration-test/target/test-classes:/workdir/hadoop-ozone/integration-test/target/classes:/home/user/.m2/repository/org/apache/hadoop/hadoop-ozone-common/0.5.0-SNAPSHOT/hadoop-ozone-common-0.5.0-SNAPSHOT.jar:/home/user/.m2/repository/org/apache/commons/commons-compress/1.4.1/commons-compress-1.4.1.jar:/home/user/.m2/repository/org/tukaani/xz/1.0/xz-1.0.jar:/home/user/.m2/repository/org/apache/hadoop/hadoop-common/3.2.0/hadoop-common-3.2.0.jar:/home/user/.m2/repository/org/apache/hadoop/hadoop-hdfs/3.2.0/hadoop-hdfs-3.2.0.jar:/home/user/.m2/repository/org/apache/hadoop/hadoop-hdfs-client/3.2.0/hadoop-hdfs-client-3.2.0.jar:/home/user/.m2/repository/com/fasterxml/jackson/core/jackson-annotations/2.9.9/jackson-annotations-2.9.9.jar:/home/user/.m2/repository/org/apache/hadoop/hadoop-hdds-common/0.5.0-SNAPSHOT/hadoop-hdds-common-0.5.0-SNAPSHOT.jar:/home/user/.m2/repository/javax/annotation/javax.annotation-api/1.2/javax.annotation-api-1.2.jar:/home/user/.m2/repository/org/apache/ratis/ratis-server/0.4.0-78e95b9-SNAPSHOT/ratis-server-0.4.0-78e95b9-SNAPSHOT.jar:/home/user/.m2/repository/org/apache/ratis/ratis-thirdparty-misc/0.2.0/ratis-thirdparty-misc-0.2.0.jar:/home/user/.m2/repository/org/apache/ratis/ratis-proto/0.4.0-78e95b9-SNAPSHOT/ratis-proto-0.4.0-78e95b9-SNAPSHOT.jar:/home/user/.m2/repository/org/apache/ratis/ratis-common/0.4.0-78e95b9-SNAPSHOT/ratis-common-0.4.0-78e95b9-SNAPSHOT.jar:/home/user/.m2/repository/org/apache/ratis/ratis-client/0.4.0-78e95b9-SNAPSHOT/ratis-client-0.4.0-78e95b9-SNAPSHOT.jar:/home/user/.m2/repository/org/apache/ratis/ratis-metrics/0.4.0-78e95b9-SNAPSHOT/ratis-metrics-0.4.0-78e95b9-SNAPSHOT.jar:/home/user/.m2/repository/com/github/joshelser/dropwizard-metrics-hadoop-metrics2-reporter/0.1.2/dropwizard-metrics-hadoop-metrics2-reporter-0.1.2.jar:/home/user/.m2/repository/io/dropwizard/metrics/metrics-jvm/3.2.5/metrics-jvm-3.2.5.jar:/home/user/.m2/repository/io/dropwizard/metrics/metrics-ganglia/3.2.5/metrics-ganglia-3.2.5.jar:/home/user/.m2/repository/info/ganglia/gmetric4j/gmetric4j/1.0.7/gmetric4j-1.0.7.jar:/home/user/.m2/repository/org/apache/ratis/ratis-netty/0.4.0-78e95b9-SNAPSHOT/ratis-netty-0.4.0-78e95b9-SNAPSHOT.jar:/home/user/.m2/repository/org/apache/ratis/ratis-grpc/0.4.0-78e95b9-SNAPSHOT/ratis-grpc-0.4.0-78e95b9-SNAPSHOT.jar:/home/user/.m2/repository/org/rocksdb/rocksdbjni/6.0.1/rocksdbjni-6.0.1.jar:/home/user/.m2/repository/org/apache/logging/log4j/log4j-api/2.11.0/log4j-api-2.11.0.jar:/home/user/.m2/repository/org/apache/logging/log4j/log4j-core/2.11.0/log4j-core-2.11.0.jar:/home/user/.m2/repository/com/lmax/disruptor/3.4.2/disruptor-3.4.2.jar:/home/user/.m2/repository/org/apache/commons/commons-pool2/2.6.0/commons-pool2-2.6.0.jar:/home/user/.m2/repository/org/bouncycastle/bcpkix-jdk15on/1.60/bcpkix-jdk15on-1.60.jar:/home/user/.m2/repository/commons-validator/commons-validator/1.6/commons-validator-1.6.jar:/home/user/.m2/repository/commons-digester/commons-digester/1.8.1/commons-digester-1.8.1.jar:/home/user/.m2/repository/io/jaegertracing/jaeger-client/0.33.1/jaeger-client-0.33.1.jar:/home/user/.m2/repository/io/jaegertracing/jaeger-thrift/0.33.1/jaeger-thrift-0.33.1.jar:/home/user/.m2/repository/org/apache/thrift/libthrift/0.11.0/libthrift-0.11.0.jar:/home/user/.m2/repository/com/squareup/okhttp3/okhttp/3.9.0/okhttp-3.9.0.jar:/home/user/.m2/repository/com/squareup/okio/okio/1.13.0/okio-1.13.0.jar:/home/user/.m2/repository/io/jaegertracing/jaeger-core/0.33.1/jaeger-core-0.33.1.jar:/home/user/.m2/repository/io/jaegertracing/jaeger-tracerresolver/0.33.1/jaeger-tracerresolver-0.33.1.jar:/home/user/.m2/repository/io/opentracing/contrib/opentracing-tracerresolver/0.1.5/opentracing-tracerresolver-0.1.5.jar:/home/user/.m2/repository/io/opentracing/opentracing-util/0.31.0/opentracing-util-0.31.0.jar:/home/user/.m2/repository/io/opentracing/opentracing-api/0.31.0/opentracing-api-0.31.0.jar:/home/user/.m2/repository/io/opentracing/opentracing-noop/0.31.0/opentracing-noop-0.31.0.jar:/home/user/.m2/repository/org/apache/hadoop/hadoop-hdds-server-framework/0.5.0-SNAPSHOT/hadoop-hdds-server-framework-0.5.0-SNAPSHOT.jar:/home/user/.m2/repository/org/apache/hadoop/hadoop-hdds-container-service/0.5.0-SNAPSHOT/hadoop-hdds-container-service-0.5.0-SNAPSHOT.jar:/home/user/.m2/repository/org/apache/hadoop/hadoop-hdds-client/0.5.0-SNAPSHOT/hadoop-hdds-client-0.5.0-SNAPSHOT.jar:/home/user/.m2/repository/org/apache/hadoop/hadoop-hdds-tools/0.5.0-SNAPSHOT/hadoop-hdds-tools-0.5.0-SNAPSHOT.jar:/home/user/.m2/repository/org/apache/hadoop/hadoop-hdds-server-scm/0.5.0-SNAPSHOT/hadoop-hdds-server-scm-0.5.0-SNAPSHOT.jar:/home/user/.m2/repository/org/apache/hadoop/hadoop-hdds-docs/0.5.0-SNAPSHOT/hadoop-hdds-docs-0.5.0-SNAPSHOT.jar:/home/user/.m2/repository/io/dropwizard/metrics/metrics-core/3.2.4/metrics-core-3.2.4.jar:/home/user/.m2/repository/org/hamcrest/hamcrest-all/1.3/hamcrest-all-1.3.jar:/home/user/.m2/repository/org/bouncycastle/bcprov-jdk15on/1.60/bcprov-jdk15on-1.60.jar:/home/user/.m2/repository/info/picocli/picocli/3.9.6/picocli-3.9.6.jar:/home/user/.m2/repository/com/google/protobuf/protobuf-java/2.5.0/protobuf-java-2.5.0.jar:/home/user/.m2/repository/com/google/guava/guava/11.0.2/guava-11.0.2.jar:/home/user/.m2/repository/org/apache/hadoop/hadoop-ozone-ozone-manager/0.5.0-SNAPSHOT/hadoop-ozone-ozone-manager-0.5.0-SNAPSHOT.jar:/home/user/.m2/repository/org/apache/hadoop/hadoop-minikdc/3.2.0/hadoop-minikdc-3.2.0.jar:/home/user/.m2/repository/commons-io/commons-io/2.5/commons-io-2.5.jar:/home/user/.m2/repository/org/apache/kerby/kerb-simplekdc/1.0.1/kerb-simplekdc-1.0.1.jar:/home/user/.m2/repository/org/apache/kerby/kerb-client/1.0.1/kerb-client-1.0.1.jar:/home/user/.m2/repository/org/apache/kerby/kerby-config/1.0.1/kerby-config-1.0.1.jar:/home/user/.m2/repository/org/apache/kerby/kerb-core/1.0.1/kerb-core-1.0.1.jar:/home/user/.m2/repository/org/apache/kerby/kerby-pkix/1.0.1/kerby-pkix-1.0.1.jar:/home/user/.m2/repository/org/apache/kerby/kerby-asn1/1.0.1/kerby-asn1-1.0.1.jar:/home/user/.m2/repository/org/apache/kerby/kerby-util/1.0.1/kerby-util-1.0.1.jar:/home/user/.m2/repository/org/apache/kerby/kerb-common/1.0.1/kerb-common-1.0.1.jar:/home/user/.m2/repository/org/apache/kerby/kerb-crypto/1.0.1/kerb-crypto-1.0.1.jar:/home/user/.m2/repository/org/apache/kerby/kerb-util/1.0.1/kerb-util-1.0.1.jar:/home/user/.m2/repository/org/apache/kerby/token-provider/1.0.1/token-provider-1.0.1.jar:/home/user/.m2/repository/org/apache/kerby/kerb-admin/1.0.1/kerb-admin-1.0.1.jar:/home/user/.m2/repository/org/apache/kerby/kerb-server/1.0.1/kerb-server-1.0.1.jar:/home/user/.m2/repository/org/apache/kerby/kerb-identity/1.0.1/kerb-identity-1.0.1.jar:/home/user/.m2/repository/org/apache/kerby/kerby-xdr/1.0.1/kerby-xdr-1.0.1.jar:/home/user/.m2/repository/org/slf4j/slf4j-log4j12/1.7.25/slf4j-log4j12-1.7.25.jar:/home/user/.m2/repository/org/apache/hadoop/hadoop-ozone-s3gateway/0.5.0-SNAPSHOT/hadoop-ozone-s3gateway-0.5.0-SNAPSHOT.jar:/home/user/.m2/repository/org/jboss/weld/servlet/weld-servlet/2.4.7.Final/weld-servlet-2.4.7.Final.jar:/home/user/.m2/repository/org/glassfish/jersey/containers/jersey-container-servlet-core/2.27/jersey-container-servlet-core-2.27.jar:/home/user/.m2/repository/org/glassfish/hk2/external/javax.inject/2.5.0-b42/javax.inject-2.5.0-b42.jar:/home/user/.m2/repository/org/glassfish/jersey/core/jersey-common/2.27/jersey-common-2.27.jar:/home/user/.m2/repository/org/glassfish/hk2/osgi-resource-locator/1.0.1/osgi-resource-locator-1.0.1.jar:/home/user/.m2/repository/javax/ws/rs/javax.ws.rs-api/2.1/javax.ws.rs-api-2.1.jar:/home/user/.m2/repository/org/glassfish/jersey/ext/cdi/jersey-cdi1x/2.27/jersey-cdi1x-2.27.jar:/home/user/.m2/repository/org/glassfish/jersey/inject/jersey-hk2/2.27/jersey-hk2-2.27.jar:/home/user/.m2/repository/org/glassfish/hk2/hk2-locator/2.5.0-b42/hk2-locator-2.5.0-b42.jar:/home/user/.m2/repository/org/javassist/javassist/3.22.0-CR2/javassist-3.22.0-CR2.jar:/home/user/.m2/repository/org/glassfish/hk2/hk2-api/2.5.0/hk2-api-2.5.0.jar:/home/user/.m2/repository/org/glassfish/hk2/external/jakarta.inject/2.5.0/jakarta.inject-2.5.0.jar:/home/user/.m2/repository/org/glassfish/hk2/hk2-utils/2.5.0/hk2-utils-2.5.0.jar:/home/user/.m2/repository/jakarta/annotation/jakarta.annotation-api/1.3.4/jakarta.annotation-api-1.3.4.jar:/home/user/.m2/repository/org/glassfish/hk2/external/aopalliance-repackaged/2.5.0/aopalliance-repackaged-2.5.0.jar:/home/user/.m2/repository/com/fasterxml/jackson/dataformat/jackson-dataformat-xml/2.9.0/jackson-dataformat-xml-2.9.0.jar:/home/user/.m2/repository/com/fasterxml/jackson/core/jackson-core/2.9.9/jackson-core-2.9.9.jar:/home/user/.m2/repository/com/fasterxml/jackson/module/jackson-module-jaxb-annotations/2.9.9/jackson-module-jaxb-annotations-2.9.9.jar:/home/user/.m2/repository/javax/enterprise/cdi-api/1.2/cdi-api-1.2.jar:/home/user/.m2/repository/javax/el/javax.el-api/3.0.0/javax.el-api-3.0.0.jar:/home/user/.m2/repository/javax/interceptor/javax.interceptor-api/1.2/javax.interceptor-api-1.2.jar:/home/user/.m2/repository/javax/inject/javax.inject/1/javax.inject-1.jar:/home/user/.m2/repository/com/sun/xml/bind/jaxb-impl/2.3.0.1/jaxb-impl-2.3.0.1.jar:/home/user/.m2/repository/com/sun/xml/bind/jaxb-core/2.3.0.1/jaxb-core-2.3.0.1.jar:/home/user/.m2/repository/javax/xml/bind/jaxb-api/2.3.0/jaxb-api-2.3.0.jar:/home/user/.m2/repository/javax/activation/activation/1.1.1/activation-1.1.1.jar:/home/user/.m2/repository/org/apache/hadoop/hadoop-ozone-csi/0.5.0-SNAPSHOT/hadoop-ozone-csi-0.5.0-SNAPSHOT.jar:/home/user/.m2/repository/com/google/protobuf/protobuf-java-util/3.5.1/protobuf-java-util-3.5.1.jar:/home/user/.m2/repository/org/apache/hadoop/hadoop-hdds-config/0.5.0-SNAPSHOT/hadoop-hdds-config-0.5.0-SNAPSHOT.jar:/home/user/.m2/repository/io/grpc/grpc-netty/1.17.1/grpc-netty-1.17.1.jar:/home/user/.m2/repository/io/grpc/grpc-core/1.17.1/grpc-core-1.17.1.jar:/home/user/.m2/repository/io/grpc/grpc-context/1.17.1/grpc-context-1.17.1.jar:/home/user/.m2/repository/com/google/errorprone/error_prone_annotations/2.2.0/error_prone_annotations-2.2.0.jar:/home/user/.m2/repository/org/codehaus/mojo/animal-sniffer-annotations/1.17/animal-sniffer-annotations-1.17.jar:/home/user/.m2/repository/io/opencensus/opencensus-api/0.17.0/opencensus-api-0.17.0.jar:/home/user/.m2/repository/io/opencensus/opencensus-contrib-grpc-metrics/0.17.0/opencensus-contrib-grpc-metrics-0.17.0.jar:/home/user/.m2/repository/io/netty/netty-codec-http2/4.1.30.Final/netty-codec-http2-4.1.30.Final.jar:/home/user/.m2/repository/io/netty/netty-codec-http/4.1.30.Final/netty-codec-http-4.1.30.Final.jar:/home/user/.m2/repository/io/netty/netty-codec/4.1.30.Final/netty-codec-4.1.30.Final.jar:/home/user/.m2/repository/io/netty/netty-handler/4.1.30.Final/netty-handler-4.1.30.Final.jar:/home/user/.m2/repository/io/netty/netty-handler-proxy/4.1.30.Final/netty-handler-proxy-4.1.30.Final.jar:/home/user/.m2/repository/io/netty/netty-codec-socks/4.1.30.Final/netty-codec-socks-4.1.30.Final.jar:/home/user/.m2/repository/io/netty/netty-transport-native-epoll/4.1.30.Final/netty-transport-native-epoll-4.1.30.Final.jar:/home/user/.m2/repository/io/netty/netty-common/4.1.30.Final/netty-common-4.1.30.Final.jar:/home/user/.m2/repository/io/netty/netty-buffer/4.1.30.Final/netty-buffer-4.1.30.Final.jar:/home/user/.m2/repository/io/netty/netty-transport/4.1.30.Final/netty-transport-4.1.30.Final.jar:/home/user/.m2/repository/io/netty/netty-resolver/4.1.30.Final/netty-resolver-4.1.30.Final.jar:/home/user/.m2/repository/io/netty/netty-transport-native-unix-common/4.1.30.Final/netty-transport-native-unix-common-4.1.30.Final.jar:/home/user/.m2/repository/io/grpc/grpc-protobuf/1.17.1/grpc-protobuf-1.17.1.jar:/home/user/.m2/repository/com/google/api/grpc/proto-google-common-protos/1.0.0/proto-google-common-protos-1.0.0.jar:/home/user/.m2/repository/io/grpc/grpc-protobuf-lite/1.17.1/grpc-protobuf-lite-1.17.1.jar:/home/user/.m2/repository/io/grpc/grpc-stub/1.17.1/grpc-stub-1.17.1.jar:/home/user/.m2/repository/org/apache/hadoop/hadoop-ozone-recon/0.5.0-SNAPSHOT/hadoop-ozone-recon-0.5.0-SNAPSHOT.jar:/home/user/.m2/repository/org/apache/hadoop/hadoop-ozone-reconcodegen/0.5.0-SNAPSHOT/hadoop-ozone-reconcodegen-0.5.0-SNAPSHOT.jar:/home/user/.m2/repository/com/google/inject/extensions/guice-multibindings/4.0/guice-multibindings-4.0.jar:/home/user/.m2/repository/com/google/inject/guice/4.0/guice-4.0.jar:/home/user/.m2/repository/aopalliance/aopalliance/1.0/aopalliance-1.0.jar:/home/user/.m2/repository/com/google/inject/extensions/guice-servlet/4.0/guice-servlet-4.0.jar:/home/user/.m2/repository/org/glassfish/jersey/containers/jersey-container-servlet/2.27/jersey-container-servlet-2.27.jar:/home/user/.m2/repository/org/glassfish/hk2/guice-bridge/2.5.0/guice-bridge-2.5.0.jar:/home/user/.m2/repository/org/glassfish/jersey/core/jersey-server/2.27/jersey-server-2.27.jar:/home/user/.m2/repository/org/glassfish/jersey/core/jersey-client/2.27/jersey-client-2.27.jar:/home/user/.m2/repository/org/glassfish/jersey/media/jersey-media-jaxb/2.27/jersey-media-jaxb-2.27.jar:/home/user/.m2/repository/javax/validation/validation-api/1.1.0.Final/validation-api-1.1.0.Final.jar:/home/user/.m2/repository/org/glassfish/jersey/media/jersey-media-json-jackson/2.27/jersey-media-json-jackson-2.27.jar:/home/user/.m2/repository/org/glassfish/jersey/ext/jersey-entity-filtering/2.27/jersey-entity-filtering-2.27.jar:/home/user/.m2/repository/com/google/inject/extensions/guice-assistedinject/4.0/guice-assistedinject-4.0.jar:/home/user/.m2/repository/org/jooq/jooq/3.11.10/jooq-3.11.10.jar:/home/user/.m2/repository/org/jooq/jooq-meta/3.11.10/jooq-meta-3.11.10.jar:/home/user/.m2/repository/org/jooq/jooq-codegen/3.11.10/jooq-codegen-3.11.10.jar:/home/user/.m2/repository/com/jolbox/bonecp/0.8.0.RELEASE/bonecp-0.8.0.RELEASE.jar:/home/user/.m2/repository/org/xerial/sqlite-jdbc/3.25.2/sqlite-jdbc-3.25.2.jar:/home/user/.m2/repository/org/springframework/spring-jdbc/5.1.3.RELEASE/spring-jdbc-5.1.3.RELEASE.jar:/home/user/.m2/repository/org/springframework/spring-beans/5.1.3.RELEASE/spring-beans-5.1.3.RELEASE.jar:/home/user/.m2/repository/org/springframework/spring-core/5.1.3.RELEASE/spring-core-5.1.3.RELEASE.jar:/home/user/.m2/repository/org/springframework/spring-jcl/5.1.3.RELEASE/spring-jcl-5.1.3.RELEASE.jar:/home/user/.m2/repository/org/springframework/spring-tx/5.1.3.RELEASE/spring-tx-5.1.3.RELEASE.jar:/home/user/.m2/repository/org/apache/hadoop/hadoop-ozone-client/0.5.0-SNAPSHOT/hadoop-ozone-client-0.5.0-SNAPSHOT.jar:/home/user/.m2/repository/commons-lang/commons-lang/2.6/commons-lang-2.6.jar:/home/user/.m2/repository/org/apache/hadoop/hadoop-ozone-ozone-manager/0.5.0-SNAPSHOT/hadoop-ozone-ozone-manager-0.5.0-SNAPSHOT-tests.jar:/home/user/.m2/repository/junit/junit/4.11/junit-4.11.jar:/home/user/.m2/repository/org/hamcrest/hamcrest-core/1.3/hamcrest-core-1.3.jar:/home/user/.m2/repository/org/openjdk/jmh/jmh-core/1.19/jmh-core-1.19.jar:/home/user/.m2/repository/net/sf/jopt-simple/jopt-simple/4.6/jopt-simple-4.6.jar:/home/user/.m2/repository/org/apache/commons/commons-math3/3.1.1/commons-math3-3.1.1.jar:/home/user/.m2/repository/org/openjdk/jmh/jmh-generator-annprocess/1.19/jmh-generator-annprocess-1.19.jar:/home/user/.m2/repository/org/mockito/mockito-all/1.8.5/mockito-all-1.8.5.jar:/home/user/.m2/repository/org/apache/hadoop/hadoop-kms/3.2.0/hadoop-kms-3.2.0.jar:/home/user/.m2/repository/org/apache/hadoop/hadoop-auth/3.2.0/hadoop-auth-3.2.0.jar:/home/user/.m2/repository/com/nimbusds/nimbus-jose-jwt/4.41.1/nimbus-jose-jwt-4.41.1.jar:/home/user/.m2/repository/com/github/stephenc/jcip/jcip-annotations/1.0-1/jcip-annotations-1.0-1.jar:/home/user/.m2/repository/net/minidev/json-smart/2.3/json-smart-2.3.jar:/home/user/.m2/repository/net/minidev/accessors-smart/1.2/accessors-smart-1.2.jar:/home/user/.m2/repository/org/ow2/asm/asm/5.0.4/asm-5.0.4.jar:/home/user/.m2/repository/org/apache/curator/curator-framework/2.12.0/curator-framework-2.12.0.jar:/home/user/.m2/repository/com/sun/jersey/jersey-core/1.19/jersey-core-1.19.jar:/home/user/.m2/repository/javax/ws/rs/jsr311-api/1.1.1/jsr311-api-1.1.1.jar:/home/user/.m2/repository/com/sun/jersey/jersey-server/1.19/jersey-server-1.19.jar:/home/user/.m2/repository/javax/servlet/javax.servlet-api/3.1.0/javax.servlet-api-3.1.0.jar:/home/user/.m2/repository/org/eclipse/jetty/jetty-server/9.3.24.v20180605/jetty-server-9.3.24.v20180605.jar:/home/user/.m2/repository/org/eclipse/jetty/jetty-http/9.3.24.v20180605/jetty-http-9.3.24.v20180605.jar:/home/user/.m2/repository/org/eclipse/jetty/jetty-io/9.3.24.v20180605/jetty-io-9.3.24.v20180605.jar:/home/user/.m2/repository/org/eclipse/jetty/jetty-webapp/9.3.24.v20180605/jetty-webapp-9.3.24.v20180605.jar:/home/user/.m2/repository/org/eclipse/jetty/jetty-xml/9.3.24.v20180605/jetty-xml-9.3.24.v20180605.jar:/home/user/.m2/repository/log4j/log4j/1.2.17/log4j-1.2.17.jar:/home/user/.m2/repository/org/slf4j/slf4j-api/1.7.25/slf4j-api-1.7.25.jar:/home/user/.m2/repository/org/slf4j/jul-to-slf4j/1.7.25/jul-to-slf4j-1.7.25.jar:/home/user/.m2/repository/org/eclipse/jetty/jetty-util/9.3.24.v20180605/jetty-util-9.3.24.v20180605.jar:/home/user/.m2/repository/com/fasterxml/jackson/core/jackson-databind/2.9.9/jackson-databind-2.9.9.jar:/home/user/.m2/repository/org/apache/hadoop/hadoop-kms/3.2.0/hadoop-kms-3.2.0-tests.jar:/home/user/.m2/repository/org/apache/hadoop/hadoop-hdds-server-scm/0.5.0-SNAPSHOT/hadoop-hdds-server-scm-0.5.0-SNAPSHOT-tests.jar:/home/user/.m2/repository/org/apache/hadoop/hadoop-hdds-container-service/0.5.0-SNAPSHOT/hadoop-hdds-container-service-0.5.0-SNAPSHOT-tests.jar:/home/user/.m2/repository/org/yaml/snakeyaml/1.16/snakeyaml-1.16.jar:/home/user/.m2/repository/org/apache/hadoop/hadoop-common/3.2.0/hadoop-common-3.2.0-tests.jar:/home/user/.m2/repository/org/apache/hadoop/hadoop-annotations/3.2.0/hadoop-annotations-3.2.0.jar:/usr/lib/jvm/java-1.8-openjdk/jre/../lib/tools.jar:/home/user/.m2/repository/commons-cli/commons-cli/1.2/commons-cli-1.2.jar:/home/user/.m2/repository/org/apache/httpcomponents/httpclient/4.5.2/httpclient-4.5.2.jar:/home/user/.m2/repository/org/apache/httpcomponents/httpcore/4.4.4/httpcore-4.4.4.jar:/home/user/.m2/repository/commons-codec/commons-codec/1.11/commons-codec-1.11.jar:/home/user/.m2/repository/commons-net/commons-net/3.6/commons-net-3.6.jar:/home/user/.m2/repository/commons-collections/commons-collections/3.2.2/commons-collections-3.2.2.jar:/home/user/.m2/repository/org/eclipse/jetty/jetty-servlet/9.3.24.v20180605/jetty-servlet-9.3.24.v20180605.jar:/home/user/.m2/repository/org/eclipse/jetty/jetty-security/9.3.24.v20180605/jetty-security-9.3.24.v20180605.jar:/home/user/.m2/repository/javax/servlet/jsp/jsp-api/2.1/jsp-api-2.1.jar:/home/user/.m2/repository/com/sun/jersey/jersey-servlet/1.19/jersey-servlet-1.19.jar:/home/user/.m2/repository/com/sun/jersey/jersey-json/1.19/jersey-json-1.19.jar:/home/user/.m2/repository/org/codehaus/jettison/jettison/1.1/jettison-1.1.jar:/home/user/.m2/repository/org/codehaus/jackson/jackson-core-asl/1.9.13/jackson-core-asl-1.9.13.jar:/home/user/.m2/repository/org/codehaus/jackson/jackson-mapper-asl/1.9.13/jackson-mapper-asl-1.9.13.jar:/home/user/.m2/repository/org/codehaus/jackson/jackson-jaxrs/1.9.13/jackson-jaxrs-1.9.13.jar:/home/user/.m2/repository/org/codehaus/jackson/jackson-xc/1.9.13/jackson-xc-1.9.13.jar:/home/user/.m2/repository/commons-logging/commons-logging/1.1.3/commons-logging-1.1.3.jar:/home/user/.m2/repository/commons-beanutils/commons-beanutils/1.9.4/commons-beanutils-1.9.4.jar:/home/user/.m2/repository/org/apache/commons/commons-configuration2/2.1.1/commons-configuration2-2.1.1.jar:/home/user/.m2/repository/org/apache/commons/commons-lang3/3.7/commons-lang3-3.7.jar:/home/user/.m2/repository/org/apache/commons/commons-text/1.4/commons-text-1.4.jar:/home/user/.m2/repository/org/apache/avro/avro/1.7.7/avro-1.7.7.jar:/home/user/.m2/repository/com/thoughtworks/paranamer/paranamer/2.3/paranamer-2.3.jar:/home/user/.m2/repository/org/xerial/snappy/snappy-java/1.0.5/snappy-java-1.0.5.jar:/home/user/.m2/repository/com/google/re2j/re2j/1.1/re2j-1.1.jar:/home/user/.m2/repository/com/google/code/gson/gson/2.2.4/gson-2.2.4.jar:/home/user/.m2/repository/com/jcraft/jsch/0.1.54/jsch-0.1.54.jar:/home/user/.m2/repository/org/apache/curator/curator-client/2.12.0/curator-client-2.12.0.jar:/home/user/.m2/repository/org/apache/curator/curator-recipes/2.12.0/curator-recipes-2.12.0.jar:/home/user/.m2/repository/com/google/code/findbugs/jsr305/3.0.0/jsr305-3.0.0.jar:/home/user/.m2/repository/org/apache/htrace/htrace-core4/4.1.0-incubating/htrace-core4-4.1.0-incubating.jar:/home/user/.m2/repository/org/apache/zookeeper/zookeeper/3.4.13/zookeeper-3.4.13.jar:/home/user/.m2/repository/org/apache/yetus/audience-annotations/0.5.0/audience-annotations-0.5.0.jar:/home/user/.m2/repository/org/codehaus/woodstox/stax2-api/3.1.4/stax2-api-3.1.4.jar:/home/user/.m2/repository/com/fasterxml/woodstox/woodstox-core/5.0.3/woodstox-core-5.0.3.jar:/home/user/.m2/repository/dnsjava/dnsjava/2.1.7/dnsjava-2.1.7.jar:/home/user/.m2/repository/org/apache/hadoop/hadoop-hdfs/3.2.0/hadoop-hdfs-3.2.0-tests.jar:/home/user/.m2/repository/org/eclipse/jetty/jetty-util-ajax/9.3.24.v20180605/jetty-util-ajax-9.3.24.v20180605.jar:/home/user/.m2/repository/commons-daemon/commons-daemon/1.0.13/commons-daemon-1.0.13.jar:/home/user/.m2/repository/io/netty/netty/3.10.5.Final/netty-3.10.5.Final.jar:/home/user/.m2/repository/io/netty/netty-all/4.0.52.Final/netty-all-4.0.52.Final.jar:/home/user/.m2/repository/org/fusesource/leveldbjni/leveldbjni-all/1.8/leveldbjni-all-1.8.jar:"/>
    <property name="sun.cpu.endian" value="little"/>
    <property name="user.home" value="/home/user"/>
    <property name="user.language" value="en"/>
    <property name="java.specification.vendor" value="Oracle Corporation"/>
    <property name="java.home" value="/usr/lib/jvm/java-1.8-openjdk/jre"/>
    <property name="java.security.krb5.conf" value="/workdir/hadoop-ozone/integration-test/target/test-classes/krb5.conf"/>
    <property name="basedir" value="/workdir/hadoop-ozone/integration-test"/>
    <property name="file.separator" value="/"/>
    <property name="line.separator" value="&#10;"/>
    <property name="java.vm.specification.vendor" value="Oracle Corporation"/>
    <property name="java.specification.name" value="Java Platform API Specification"/>
    <property name="java.awt.graphicsenv" value="sun.awt.X11GraphicsEnvironment"/>
    <property name="surefire.real.class.path" value="/workdir/hadoop-ozone/integration-test/target/surefire/surefirebooter2683392924924230610.jar"/>
    <property name="hadoop.log.dir" value="/workdir/hadoop-ozone/integration-test/target/log"/>
    <property name="sun.boot.class.path" value="/usr/lib/jvm/java-1.8-openjdk/jre/lib/resources.jar:/usr/lib/jvm/java-1.8-openjdk/jre/lib/rt.jar:/usr/lib/jvm/java-1.8-openjdk/jre/lib/sunrsasign.jar:/usr/lib/jvm/java-1.8-openjdk/jre/lib/jsse.jar:/usr/lib/jvm/java-1.8-openjdk/jre/lib/jce.jar:/usr/lib/jvm/java-1.8-openjdk/jre/lib/charsets.jar:/usr/lib/jvm/java-1.8-openjdk/jre/lib/jfr.jar:/usr/lib/jvm/java-1.8-openjdk/jre/classes"/>
    <property name="sun.management.compiler" value="HotSpot 64-Bit Tiered Compilers"/>
    <property name="java.runtime.version" value="1.8.0_212-b04"/>
    <property name="java.net.preferIPv4Stack" value="true"/>
    <property name="user.name" value="jenkins1000"/>
    <property name="path.separator" value=":"/>
    <property name="java.security.egd" value="file:///dev/urandom"/>
    <property name="os.version" value="3.10.0-957.12.2.el7.x86_64"/>
    <property name="java.endorsed.dirs" value="/usr/lib/jvm/java-1.8-openjdk/jre/lib/endorsed"/>
    <property name="java.runtime.name" value="OpenJDK Runtime Environment"/>
    <property name="file.encoding" value="UTF-8"/>
    <property name="java.vm.name" value="OpenJDK 64-Bit Server VM"/>
    <property name="test.build.webapps" value=""/>
    <property name="localRepository" value="/home/user/.m2/repository"/>
    <property name="java.vendor.url.bug" value="https://icedtea.classpath.org/bugzilla"/>
    <property name="java.io.tmpdir" value="/tmp"/>
    <property name="require.test.libhadoop" value=""/>
    <property name="java.version" value="1.8.0_212"/>
    <property name="user.dir" value="/workdir/hadoop-ozone/integration-test"/>
    <property name="os.arch" value="amd64"/>
    <property name="java.vm.specification.name" value="Java Virtual Machine Specification"/>
    <property name="test.build.classes" value="/workdir/hadoop-ozone/integration-test/target/test-classes"/>
    <property name="java.awt.printerjob" value="sun.print.PSPrinterJob"/>
    <property name="sun.os.patch.level" value="unknown"/>
    <property name="hadoop.tmp.dir" value="/workdir/hadoop-ozone/integration-test/target/tmp"/>
    <property name="java.library.path" value="/usr/lib/jvm/java-1.8-openjdk/jre/lib/amd64/server:/usr/lib/jvm/java-1.8-openjdk/jre/lib/amd64:/usr/lib/jvm/java-1.8-openjdk/jre/../lib/amd64:/workdir/hadoop-ozone/integration-test/target/native/target/usr/local/lib:/workdir/hadoop-ozone/integration-test/../../hadoop-common-project/hadoop-common/target/native/target/usr/local/lib:/usr/java/packages/lib/amd64:/usr/lib64:/lib64:/lib:/usr/lib"/>
    <property name="java.vm.info" value="mixed mode"/>
    <property name="java.vendor" value="IcedTea"/>
    <property name="java.vm.version" value="25.212-b04"/>
    <property name="java.ext.dirs" value="/usr/lib/jvm/java-1.8-openjdk/jre/lib/ext:/usr/java/packages/lib/ext"/>
    <property name="sun.io.unicode.encoding" value="UnicodeLittle"/>
    <property name="java.class.version" value="52.0"/>
  </properties>
  <testcase name="testFlushChunk" classname="org.apache.hadoop.ozone.client.rpc.TestBlockOutputStream" time="5.255"/>
  <testcase name="testMultiChunkWrite2" classname="org.apache.hadoop.ozone.client.rpc.TestBlockOutputStream" time="5.43"/>
  <testcase name="testMultiChunkWrite" classname="org.apache.hadoop.ozone.client.rpc.TestBlockOutputStream" time="187.312">
    <failure message="expected:&lt;7&gt; but was:&lt;9&gt;" type="java.lang.AssertionError"><![CDATA[java.lang.AssertionError: expected:<7> but was:<9>
	at org.junit.Assert.fail(Assert.java:88)
	at org.junit.Assert.failNotEquals(Assert.java:743)
	at org.junit.Assert.assertEquals(Assert.java:118)
	at org.junit.Assert.assertEquals(Assert.java:555)
	at org.junit.Assert.assertEquals(Assert.java:542)
	at org.apache.hadoop.ozone.client.rpc.TestBlockOutputStream.testMultiChunkWrite(TestBlockOutputStream.java:364)
	at sun.reflect.NativeMethodAccessorImpl.invoke0(Native Method)
	at sun.reflect.NativeMethodAccessorImpl.invoke(NativeMethodAccessorImpl.java:62)
	at sun.reflect.DelegatingMethodAccessorImpl.invoke(DelegatingMethodAccessorImpl.java:43)
	at java.lang.reflect.Method.invoke(Method.java:498)
	at org.junit.runners.model.FrameworkMethod$1.runReflectiveCall(FrameworkMethod.java:47)
	at org.junit.internal.runners.model.ReflectiveCallable.run(ReflectiveCallable.java:12)
	at org.junit.runners.model.FrameworkMethod.invokeExplosively(FrameworkMethod.java:44)
	at org.junit.internal.runners.statements.InvokeMethod.evaluate(InvokeMethod.java:17)
	at org.junit.runners.ParentRunner.runLeaf(ParentRunner.java:271)
	at org.junit.runners.BlockJUnit4ClassRunner.runChild(BlockJUnit4ClassRunner.java:70)
	at org.junit.runners.BlockJUnit4ClassRunner.runChild(BlockJUnit4ClassRunner.java:50)
	at org.junit.runners.ParentRunner$3.run(ParentRunner.java:238)
	at org.junit.runners.ParentRunner$1.schedule(ParentRunner.java:63)
	at org.junit.runners.ParentRunner.runChildren(ParentRunner.java:236)
	at org.junit.runners.ParentRunner.access$000(ParentRunner.java:53)
	at org.junit.runners.ParentRunner$2.evaluate(ParentRunner.java:229)
	at org.junit.internal.runners.statements.RunBefores.evaluate(RunBefores.java:26)
	at org.junit.internal.runners.statements.RunAfters.evaluate(RunAfters.java:27)
	at org.junit.runners.ParentRunner.run(ParentRunner.java:309)
	at org.apache.maven.surefire.junit4.JUnit4Provider.execute(JUnit4Provider.java:365)
	at org.apache.maven.surefire.junit4.JUnit4Provider.executeWithRerun(JUnit4Provider.java:273)
	at org.apache.maven.surefire.junit4.JUnit4Provider.executeTestSet(JUnit4Provider.java:238)
	at org.apache.maven.surefire.junit4.JUnit4Provider.invoke(JUnit4Provider.java:159)
	at org.apache.maven.surefire.booter.ForkedBooter.invokeProviderInSameClassLoader(ForkedBooter.java:384)
	at org.apache.maven.surefire.booter.ForkedBooter.runSuitesInProcess(ForkedBooter.java:345)
	at org.apache.maven.surefire.booter.ForkedBooter.execute(ForkedBooter.java:126)
	at org.apache.maven.surefire.booter.ForkedBooter.main(ForkedBooter.java:418)
]]></failure>
    <system-out><![CDATA[2019-09-17 03:18:04,090 [java.util.concurrent.ThreadPoolExecutor$Worker@46c4a907[State = -1, empty queue]] WARN  server.GrpcLogAppender (GrpcLogAppender.java:timeoutAppendRequest(200)) - ae9625dc-248e-414f-955f-fccc978916e7@group-32A3D63B87B7->1b957291-fe5b-420e-96dd-cc603eda7741-GrpcLogAppender: appendEntries Timeout, request=ae9625dc-248e-414f-955f-fccc978916e7->1b957291-fe5b-420e-96dd-cc603eda7741#12-t2, previous=(t:2, i:10), leaderCommit=10, initializing? false, entries: size=1, first=(t:2, i:11), STATEMACHINELOGENTRY, client-3E3F24432F02, cid=21
2019-09-17 03:18:04,090 [java.util.concurrent.ThreadPoolExecutor$Worker@379360b2[State = -1, empty queue]] WARN  server.GrpcLogAppender (GrpcLogAppender.java:timeoutAppendRequest(200)) - ae9625dc-248e-414f-955f-fccc978916e7@group-32A3D63B87B7->12c7e022-5f96-4d2f-bd6c-0cb832bfe0bc-GrpcLogAppender: appendEntries Timeout, request=ae9625dc-248e-414f-955f-fccc978916e7->12c7e022-5f96-4d2f-bd6c-0cb832bfe0bc#12-t2, previous=(t:2, i:10), leaderCommit=10, initializing? false, entries: size=1, first=(t:2, i:11), STATEMACHINELOGENTRY, client-3E3F24432F02, cid=21
2019-09-17 03:18:04,096 [java.util.concurrent.ThreadPoolExecutor$Worker@46c4a907[State = -1, empty queue]] WARN  server.GrpcLogAppender (GrpcLogAppender.java:timeoutAppendRequest(200)) - ae9625dc-248e-414f-955f-fccc978916e7@group-32A3D63B87B7->1b957291-fe5b-420e-96dd-cc603eda7741-GrpcLogAppender: appendEntries Timeout, request=ae9625dc-248e-414f-955f-fccc978916e7->1b957291-fe5b-420e-96dd-cc603eda7741#13-t2, previous=(t:2, i:11), leaderCommit=10, initializing? false, entries: size=1, first=(t:2, i:12), STATEMACHINELOGENTRY, client-3E3F24432F02, cid=22
2019-09-17 03:18:04,098 [java.util.concurrent.ThreadPoolExecutor$Worker@46c4a907[State = -1, empty queue]] WARN  server.GrpcLogAppender (GrpcLogAppender.java:timeoutAppendRequest(200)) - ae9625dc-248e-414f-955f-fccc978916e7@group-32A3D63B87B7->1b957291-fe5b-420e-96dd-cc603eda7741-GrpcLogAppender: appendEntries Timeout, request=ae9625dc-248e-414f-955f-fccc978916e7->1b957291-fe5b-420e-96dd-cc603eda7741#14-t2, previous=(t:2, i:12), leaderCommit=10, initializing? false, entries: size=1, first=(t:2, i:13), STATEMACHINELOGENTRY, client-3E3F24432F02, cid=23
2019-09-17 03:18:04,098 [java.util.concurrent.ThreadPoolExecutor$Worker@379360b2[State = -1, empty queue]] WARN  server.GrpcLogAppender (GrpcLogAppender.java:timeoutAppendRequest(200)) - ae9625dc-248e-414f-955f-fccc978916e7@group-32A3D63B87B7->12c7e022-5f96-4d2f-bd6c-0cb832bfe0bc-GrpcLogAppender: appendEntries Timeout, request=ae9625dc-248e-414f-955f-fccc978916e7->12c7e022-5f96-4d2f-bd6c-0cb832bfe0bc#13-t2, previous=(t:2, i:11), leaderCommit=10, initializing? false, entries: size=1, first=(t:2, i:12), STATEMACHINELOGENTRY, client-3E3F24432F02, cid=22
2019-09-17 03:18:04,101 [java.util.concurrent.ThreadPoolExecutor$Worker@379360b2[State = -1, empty queue]] WARN  server.GrpcLogAppender (GrpcLogAppender.java:timeoutAppendRequest(200)) - ae9625dc-248e-414f-955f-fccc978916e7@group-32A3D63B87B7->12c7e022-5f96-4d2f-bd6c-0cb832bfe0bc-GrpcLogAppender: appendEntries Timeout, request=ae9625dc-248e-414f-955f-fccc978916e7->12c7e022-5f96-4d2f-bd6c-0cb832bfe0bc#14-t2, previous=(t:2, i:12), leaderCommit=10, initializing? false, entries: size=1, first=(t:2, i:13), STATEMACHINELOGENTRY, client-3E3F24432F02, cid=23
2019-09-17 03:18:06,169 [grpc-default-executor-3] INFO  client.GrpcClientProtocolClient (GrpcClientProtocolClient.java:onNext(264)) - client-3E3F24432F02->1b957291-fe5b-420e-96dd-cc603eda7741: receive RaftClientReply:client-3E3F24432F02->1b957291-fe5b-420e-96dd-cc603eda7741@group-32A3D63B87B7, cid=21, FAILED org.apache.ratis.protocol.NotLeaderException: Server 1b957291-fe5b-420e-96dd-cc603eda7741@group-32A3D63B87B7 is not the leader ae9625dc-248e-414f-955f-fccc978916e7:192.168.151.92:37052, logIndex=0, commits[1b957291-fe5b-420e-96dd-cc603eda7741:c10, ae9625dc-248e-414f-955f-fccc978916e7:c10, 12c7e022-5f96-4d2f-bd6c-0cb832bfe0bc:c6]
2019-09-17 03:18:06,593 [java.util.concurrent.ThreadPoolExecutor$Worker@46c4a907[State = -1, empty queue]] WARN  server.GrpcLogAppender (GrpcLogAppender.java:timeoutAppendRequest(200)) - ae9625dc-248e-414f-955f-fccc978916e7@group-32A3D63B87B7->1b957291-fe5b-420e-96dd-cc603eda7741-GrpcLogAppender: appendEntries Timeout, request=ae9625dc-248e-414f-955f-fccc978916e7->1b957291-fe5b-420e-96dd-cc603eda7741#15-t2, previous=(t:2, i:13), leaderCommit=10, initializing? false, entries: <empty>
2019-09-17 03:18:06,593 [java.util.concurrent.ThreadPoolExecutor$Worker@379360b2[State = -1, empty queue]] WARN  server.GrpcLogAppender (GrpcLogAppender.java:timeoutAppendRequest(200)) - ae9625dc-248e-414f-955f-fccc978916e7@group-32A3D63B87B7->12c7e022-5f96-4d2f-bd6c-0cb832bfe0bc-GrpcLogAppender: appendEntries Timeout, request=ae9625dc-248e-414f-955f-fccc978916e7->12c7e022-5f96-4d2f-bd6c-0cb832bfe0bc#15-t2, previous=(t:2, i:13), leaderCommit=10, initializing? false, entries: <empty>
2019-09-17 03:18:09,093 [java.util.concurrent.ThreadPoolExecutor$Worker@46c4a907[State = -1, empty queue]] WARN  server.GrpcLogAppender (GrpcLogAppender.java:timeoutAppendRequest(200)) - ae9625dc-248e-414f-955f-fccc978916e7@group-32A3D63B87B7->1b957291-fe5b-420e-96dd-cc603eda7741-GrpcLogAppender: appendEntries Timeout, request=ae9625dc-248e-414f-955f-fccc978916e7->1b957291-fe5b-420e-96dd-cc603eda7741#16-t2, previous=(t:2, i:13), leaderCommit=10, initializing? false, entries: <empty>
2019-09-17 03:18:09,093 [java.util.concurrent.ThreadPoolExecutor$Worker@379360b2[State = -1, empty queue]] WARN  server.GrpcLogAppender (GrpcLogAppender.java:timeoutAppendRequest(200)) - ae9625dc-248e-414f-955f-fccc978916e7@group-32A3D63B87B7->12c7e022-5f96-4d2f-bd6c-0cb832bfe0bc-GrpcLogAppender: appendEntries Timeout, request=ae9625dc-248e-414f-955f-fccc978916e7->12c7e022-5f96-4d2f-bd6c-0cb832bfe0bc#16-t2, previous=(t:2, i:13), leaderCommit=10, initializing? false, entries: <empty>
2019-09-17 03:18:11,190 [12c7e022-5f96-4d2f-bd6c-0cb832bfe0bc@group-32A3D63B87B7-SegmentedRaftLogWorker] WARN  segmented.SegmentedRaftLogWorker (SegmentedRaftLogWorker.java:getFromFuture(90)) - Timeout 0/~
org.apache.ratis.protocol.TimeoutIOException: Timeout 10s: WriteLog:12: (t:2, i:12), STATEMACHINELOGENTRY, client-3E3F24432F02, cid=22-writeStateMachineData
	at org.apache.ratis.util.IOUtils.getFromFuture(IOUtils.java:87)
	at org.apache.ratis.server.raftlog.segmented.SegmentedRaftLogWorker$StateMachineDataPolicy.getFromFuture(SegmentedRaftLogWorker.java:87)
	at org.apache.ratis.server.raftlog.segmented.SegmentedRaftLogWorker$WriteLog.execute(SegmentedRaftLogWorker.java:477)
	at org.apache.ratis.server.raftlog.segmented.SegmentedRaftLogWorker.run(SegmentedRaftLogWorker.java:289)
	at java.lang.Thread.run(Thread.java:748)
Caused by: java.util.concurrent.TimeoutException
	at java.util.concurrent.CompletableFuture.timedGet(CompletableFuture.java:1771)
	at java.util.concurrent.CompletableFuture.get(CompletableFuture.java:1915)
	at org.apache.ratis.util.IOUtils.getFromFuture(IOUtils.java:79)
	... 4 more
2019-09-17 03:18:11,190 [1b957291-fe5b-420e-96dd-cc603eda7741@group-32A3D63B87B7-SegmentedRaftLogWorker] WARN  segmented.SegmentedRaftLogWorker (SegmentedRaftLogWorker.java:getFromFuture(90)) - Timeout 0/~
org.apache.ratis.protocol.TimeoutIOException: Timeout 10s: WriteLog:12: (t:2, i:12), STATEMACHINELOGENTRY, client-3E3F24432F02, cid=22-writeStateMachineData
	at org.apache.ratis.util.IOUtils.getFromFuture(IOUtils.java:87)
	at org.apache.ratis.server.raftlog.segmented.SegmentedRaftLogWorker$StateMachineDataPolicy.getFromFuture(SegmentedRaftLogWorker.java:87)
	at org.apache.ratis.server.raftlog.segmented.SegmentedRaftLogWorker$WriteLog.execute(SegmentedRaftLogWorker.java:477)
	at org.apache.ratis.server.raftlog.segmented.SegmentedRaftLogWorker.run(SegmentedRaftLogWorker.java:289)
	at java.lang.Thread.run(Thread.java:748)
Caused by: java.util.concurrent.TimeoutException
	at java.util.concurrent.CompletableFuture.timedGet(CompletableFuture.java:1771)
	at java.util.concurrent.CompletableFuture.get(CompletableFuture.java:1915)
	at org.apache.ratis.util.IOUtils.getFromFuture(IOUtils.java:79)
	... 4 more
2019-09-17 03:18:11,190 [ae9625dc-248e-414f-955f-fccc978916e7@group-32A3D63B87B7-SegmentedRaftLogWorker] WARN  segmented.SegmentedRaftLogWorker (SegmentedRaftLogWorker.java:getFromFuture(90)) - Timeout 0/~
org.apache.ratis.protocol.TimeoutIOException: Timeout 10s: WriteLog:12: (t:2, i:12), STATEMACHINELOGENTRY, client-3E3F24432F02, cid=22-writeStateMachineData
	at org.apache.ratis.util.IOUtils.getFromFuture(IOUtils.java:87)
	at org.apache.ratis.server.raftlog.segmented.SegmentedRaftLogWorker$StateMachineDataPolicy.getFromFuture(SegmentedRaftLogWorker.java:87)
	at org.apache.ratis.server.raftlog.segmented.SegmentedRaftLogWorker$WriteLog.execute(SegmentedRaftLogWorker.java:477)
	at org.apache.ratis.server.raftlog.segmented.SegmentedRaftLogWorker.run(SegmentedRaftLogWorker.java:289)
	at java.lang.Thread.run(Thread.java:748)
Caused by: java.util.concurrent.TimeoutException
	at java.util.concurrent.CompletableFuture.timedGet(CompletableFuture.java:1771)
	at java.util.concurrent.CompletableFuture.get(CompletableFuture.java:1915)
	at org.apache.ratis.util.IOUtils.getFromFuture(IOUtils.java:79)
	... 4 more
2019-09-17 03:18:11,232 [grpc-default-executor-3] INFO  client.GrpcClientProtocolClient (GrpcClientProtocolClient.java:onNext(264)) - client-3E3F24432F02->1b957291-fe5b-420e-96dd-cc603eda7741: receive RaftClientReply:client-3E3F24432F02->1b957291-fe5b-420e-96dd-cc603eda7741@group-32A3D63B87B7, cid=21, FAILED org.apache.ratis.protocol.NotLeaderException: Server 1b957291-fe5b-420e-96dd-cc603eda7741@group-32A3D63B87B7 is not the leader ae9625dc-248e-414f-955f-fccc978916e7:192.168.151.92:37052, logIndex=0, commits[1b957291-fe5b-420e-96dd-cc603eda7741:c10, ae9625dc-248e-414f-955f-fccc978916e7:c10, 12c7e022-5f96-4d2f-bd6c-0cb832bfe0bc:c6]
2019-09-17 03:18:11,594 [java.util.concurrent.ThreadPoolExecutor$Worker@46c4a907[State = -1, empty queue]] WARN  server.GrpcLogAppender (GrpcLogAppender.java:timeoutAppendRequest(200)) - ae9625dc-248e-414f-955f-fccc978916e7@group-32A3D63B87B7->1b957291-fe5b-420e-96dd-cc603eda7741-GrpcLogAppender: appendEntries Timeout, request=ae9625dc-248e-414f-955f-fccc978916e7->1b957291-fe5b-420e-96dd-cc603eda7741#17-t2, previous=(t:2, i:13), leaderCommit=10, initializing? false, entries: <empty>
2019-09-17 03:18:11,594 [java.util.concurrent.ThreadPoolExecutor$Worker@379360b2[State = -1, empty queue]] WARN  server.GrpcLogAppender (GrpcLogAppender.java:timeoutAppendRequest(200)) - ae9625dc-248e-414f-955f-fccc978916e7@group-32A3D63B87B7->12c7e022-5f96-4d2f-bd6c-0cb832bfe0bc-GrpcLogAppender: appendEntries Timeout, request=ae9625dc-248e-414f-955f-fccc978916e7->12c7e022-5f96-4d2f-bd6c-0cb832bfe0bc#17-t2, previous=(t:2, i:13), leaderCommit=10, initializing? false, entries: <empty>
2019-09-17 03:18:14,095 [java.util.concurrent.ThreadPoolExecutor$Worker@46c4a907[State = -1, empty queue]] WARN  server.GrpcLogAppender (GrpcLogAppender.java:timeoutAppendRequest(200)) - ae9625dc-248e-414f-955f-fccc978916e7@group-32A3D63B87B7->1b957291-fe5b-420e-96dd-cc603eda7741-GrpcLogAppender: appendEntries Timeout, request=ae9625dc-248e-414f-955f-fccc978916e7->1b957291-fe5b-420e-96dd-cc603eda7741#18-t2, previous=(t:2, i:13), leaderCommit=10, initializing? false, entries: <empty>
2019-09-17 03:18:14,095 [java.util.concurrent.ThreadPoolExecutor$Worker@379360b2[State = -1, empty queue]] WARN  server.GrpcLogAppender (GrpcLogAppender.java:timeoutAppendRequest(200)) - ae9625dc-248e-414f-955f-fccc978916e7@group-32A3D63B87B7->12c7e022-5f96-4d2f-bd6c-0cb832bfe0bc-GrpcLogAppender: appendEntries Timeout, request=ae9625dc-248e-414f-955f-fccc978916e7->12c7e022-5f96-4d2f-bd6c-0cb832bfe0bc#18-t2, previous=(t:2, i:13), leaderCommit=10, initializing? false, entries: <empty>
2019-09-17 03:18:16,275 [grpc-default-executor-2] INFO  client.GrpcClientProtocolClient (GrpcClientProtocolClient.java:onNext(264)) - client-3E3F24432F02->12c7e022-5f96-4d2f-bd6c-0cb832bfe0bc: receive RaftClientReply:client-3E3F24432F02->12c7e022-5f96-4d2f-bd6c-0cb832bfe0bc@group-32A3D63B87B7, cid=21, FAILED org.apache.ratis.protocol.NotLeaderException: Server 12c7e022-5f96-4d2f-bd6c-0cb832bfe0bc@group-32A3D63B87B7 is not the leader ae9625dc-248e-414f-955f-fccc978916e7:192.168.151.92:37052, logIndex=0, commits[12c7e022-5f96-4d2f-bd6c-0cb832bfe0bc:c10, ae9625dc-248e-414f-955f-fccc978916e7:c10, 1b957291-fe5b-420e-96dd-cc603eda7741:c6]
2019-09-17 03:18:16,596 [java.util.concurrent.ThreadPoolExecutor$Worker@46c4a907[State = -1, empty queue]] WARN  server.GrpcLogAppender (GrpcLogAppender.java:timeoutAppendRequest(200)) - ae9625dc-248e-414f-955f-fccc978916e7@group-32A3D63B87B7->1b957291-fe5b-420e-96dd-cc603eda7741-GrpcLogAppender: appendEntries Timeout, request=ae9625dc-248e-414f-955f-fccc978916e7->1b957291-fe5b-420e-96dd-cc603eda7741#19-t2, previous=(t:2, i:13), leaderCommit=10, initializing? false, entries: <empty>
2019-09-17 03:18:16,596 [java.util.concurrent.ThreadPoolExecutor$Worker@379360b2[State = -1, empty queue]] WARN  server.GrpcLogAppender (GrpcLogAppender.java:timeoutAppendRequest(200)) - ae9625dc-248e-414f-955f-fccc978916e7@group-32A3D63B87B7->12c7e022-5f96-4d2f-bd6c-0cb832bfe0bc-GrpcLogAppender: appendEntries Timeout, request=ae9625dc-248e-414f-955f-fccc978916e7->12c7e022-5f96-4d2f-bd6c-0cb832bfe0bc#19-t2, previous=(t:2, i:13), leaderCommit=10, initializing? false, entries: <empty>
2019-09-17 03:18:19,096 [java.util.concurrent.ThreadPoolExecutor$Worker@379360b2[State = -1, empty queue]] WARN  server.GrpcLogAppender (GrpcLogAppender.java:timeoutAppendRequest(200)) - ae9625dc-248e-414f-955f-fccc978916e7@group-32A3D63B87B7->12c7e022-5f96-4d2f-bd6c-0cb832bfe0bc-GrpcLogAppender: appendEntries Timeout, request=ae9625dc-248e-414f-955f-fccc978916e7->12c7e022-5f96-4d2f-bd6c-0cb832bfe0bc#20-t2, previous=(t:2, i:13), leaderCommit=10, initializing? false, entries: <empty>
2019-09-17 03:18:19,096 [java.util.concurrent.ThreadPoolExecutor$Worker@46c4a907[State = -1, empty queue]] WARN  server.GrpcLogAppender (GrpcLogAppender.java:timeoutAppendRequest(200)) - ae9625dc-248e-414f-955f-fccc978916e7@group-32A3D63B87B7->1b957291-fe5b-420e-96dd-cc603eda7741-GrpcLogAppender: appendEntries Timeout, request=ae9625dc-248e-414f-955f-fccc978916e7->1b957291-fe5b-420e-96dd-cc603eda7741#20-t2, previous=(t:2, i:13), leaderCommit=10, initializing? false, entries: <empty>
2019-09-17 03:18:21,194 [12c7e022-5f96-4d2f-bd6c-0cb832bfe0bc@group-32A3D63B87B7-SegmentedRaftLogWorker] WARN  segmented.SegmentedRaftLogWorker (SegmentedRaftLogWorker.java:getFromFuture(90)) - Timeout 1/~
org.apache.ratis.protocol.TimeoutIOException: Timeout 10s: WriteLog:12: (t:2, i:12), STATEMACHINELOGENTRY, client-3E3F24432F02, cid=22-writeStateMachineData
	at org.apache.ratis.util.IOUtils.getFromFuture(IOUtils.java:87)
	at org.apache.ratis.server.raftlog.segmented.SegmentedRaftLogWorker$StateMachineDataPolicy.getFromFuture(SegmentedRaftLogWorker.java:87)
	at org.apache.ratis.server.raftlog.segmented.SegmentedRaftLogWorker$WriteLog.execute(SegmentedRaftLogWorker.java:477)
	at org.apache.ratis.server.raftlog.segmented.SegmentedRaftLogWorker.run(SegmentedRaftLogWorker.java:289)
	at java.lang.Thread.run(Thread.java:748)
Caused by: java.util.concurrent.TimeoutException
	at java.util.concurrent.CompletableFuture.timedGet(CompletableFuture.java:1771)
	at java.util.concurrent.CompletableFuture.get(CompletableFuture.java:1915)
	at org.apache.ratis.util.IOUtils.getFromFuture(IOUtils.java:79)
	... 4 more
2019-09-17 03:18:21,195 [ae9625dc-248e-414f-955f-fccc978916e7@group-32A3D63B87B7-SegmentedRaftLogWorker] WARN  segmented.SegmentedRaftLogWorker (SegmentedRaftLogWorker.java:getFromFuture(90)) - Timeout 1/~
org.apache.ratis.protocol.TimeoutIOException: Timeout 10s: WriteLog:12: (t:2, i:12), STATEMACHINELOGENTRY, client-3E3F24432F02, cid=22-writeStateMachineData
	at org.apache.ratis.util.IOUtils.getFromFuture(IOUtils.java:87)
	at org.apache.ratis.server.raftlog.segmented.SegmentedRaftLogWorker$StateMachineDataPolicy.getFromFuture(SegmentedRaftLogWorker.java:87)
	at org.apache.ratis.server.raftlog.segmented.SegmentedRaftLogWorker$WriteLog.execute(SegmentedRaftLogWorker.java:477)
	at org.apache.ratis.server.raftlog.segmented.SegmentedRaftLogWorker.run(SegmentedRaftLogWorker.java:289)
	at java.lang.Thread.run(Thread.java:748)
Caused by: java.util.concurrent.TimeoutException
	at java.util.concurrent.CompletableFuture.timedGet(CompletableFuture.java:1771)
	at java.util.concurrent.CompletableFuture.get(CompletableFuture.java:1915)
	at org.apache.ratis.util.IOUtils.getFromFuture(IOUtils.java:79)
	... 4 more
2019-09-17 03:18:21,195 [1b957291-fe5b-420e-96dd-cc603eda7741@group-32A3D63B87B7-SegmentedRaftLogWorker] WARN  segmented.SegmentedRaftLogWorker (SegmentedRaftLogWorker.java:getFromFuture(90)) - Timeout 1/~
org.apache.ratis.protocol.TimeoutIOException: Timeout 10s: WriteLog:12: (t:2, i:12), STATEMACHINELOGENTRY, client-3E3F24432F02, cid=22-writeStateMachineData
	at org.apache.ratis.util.IOUtils.getFromFuture(IOUtils.java:87)
	at org.apache.ratis.server.raftlog.segmented.SegmentedRaftLogWorker$StateMachineDataPolicy.getFromFuture(SegmentedRaftLogWorker.java:87)
	at org.apache.ratis.server.raftlog.segmented.SegmentedRaftLogWorker$WriteLog.execute(SegmentedRaftLogWorker.java:477)
	at org.apache.ratis.server.raftlog.segmented.SegmentedRaftLogWorker.run(SegmentedRaftLogWorker.java:289)
	at java.lang.Thread.run(Thread.java:748)
Caused by: java.util.concurrent.TimeoutException
	at java.util.concurrent.CompletableFuture.timedGet(CompletableFuture.java:1771)
	at java.util.concurrent.CompletableFuture.get(CompletableFuture.java:1915)
	at org.apache.ratis.util.IOUtils.getFromFuture(IOUtils.java:79)
	... 4 more
2019-09-17 03:18:21,332 [grpc-default-executor-0] INFO  client.GrpcClientProtocolClient (GrpcClientProtocolClient.java:onNext(264)) - client-3E3F24432F02->1b957291-fe5b-420e-96dd-cc603eda7741: receive RaftClientReply:client-3E3F24432F02->1b957291-fe5b-420e-96dd-cc603eda7741@group-32A3D63B87B7, cid=21, FAILED org.apache.ratis.protocol.NotLeaderException: Server 1b957291-fe5b-420e-96dd-cc603eda7741@group-32A3D63B87B7 is not the leader ae9625dc-248e-414f-955f-fccc978916e7:192.168.151.92:37052, logIndex=0, commits[1b957291-fe5b-420e-96dd-cc603eda7741:c10, ae9625dc-248e-414f-955f-fccc978916e7:c10, 12c7e022-5f96-4d2f-bd6c-0cb832bfe0bc:c6]
2019-09-17 03:18:21,597 [java.util.concurrent.ThreadPoolExecutor$Worker@46c4a907[State = -1, empty queue]] WARN  server.GrpcLogAppender (GrpcLogAppender.java:timeoutAppendRequest(200)) - ae9625dc-248e-414f-955f-fccc978916e7@group-32A3D63B87B7->1b957291-fe5b-420e-96dd-cc603eda7741-GrpcLogAppender: appendEntries Timeout, request=ae9625dc-248e-414f-955f-fccc978916e7->1b957291-fe5b-420e-96dd-cc603eda7741#21-t2, previous=(t:2, i:13), leaderCommit=10, initializing? false, entries: <empty>
2019-09-17 03:18:21,597 [java.util.concurrent.ThreadPoolExecutor$Worker@379360b2[State = -1, empty queue]] WARN  server.GrpcLogAppender (GrpcLogAppender.java:timeoutAppendRequest(200)) - ae9625dc-248e-414f-955f-fccc978916e7@group-32A3D63B87B7->12c7e022-5f96-4d2f-bd6c-0cb832bfe0bc-GrpcLogAppender: appendEntries Timeout, request=ae9625dc-248e-414f-955f-fccc978916e7->12c7e022-5f96-4d2f-bd6c-0cb832bfe0bc#21-t2, previous=(t:2, i:13), leaderCommit=10, initializing? false, entries: <empty>
2019-09-17 03:18:24,099 [java.util.concurrent.ThreadPoolExecutor$Worker@379360b2[State = -1, empty queue]] WARN  server.GrpcLogAppender (GrpcLogAppender.java:timeoutAppendRequest(200)) - ae9625dc-248e-414f-955f-fccc978916e7@group-32A3D63B87B7->12c7e022-5f96-4d2f-bd6c-0cb832bfe0bc-GrpcLogAppender: appendEntries Timeout, request=ae9625dc-248e-414f-955f-fccc978916e7->12c7e022-5f96-4d2f-bd6c-0cb832bfe0bc#22-t2, previous=(t:2, i:13), leaderCommit=10, initializing? false, entries: <empty>
2019-09-17 03:18:24,099 [java.util.concurrent.ThreadPoolExecutor$Worker@46c4a907[State = -1, empty queue]] WARN  server.GrpcLogAppender (GrpcLogAppender.java:timeoutAppendRequest(200)) - ae9625dc-248e-414f-955f-fccc978916e7@group-32A3D63B87B7->1b957291-fe5b-420e-96dd-cc603eda7741-GrpcLogAppender: appendEntries Timeout, request=ae9625dc-248e-414f-955f-fccc978916e7->1b957291-fe5b-420e-96dd-cc603eda7741#22-t2, previous=(t:2, i:13), leaderCommit=10, initializing? false, entries: <empty>
2019-09-17 03:18:26,398 [grpc-default-executor-3] INFO  client.GrpcClientProtocolClient (GrpcClientProtocolClient.java:onNext(264)) - client-3E3F24432F02->12c7e022-5f96-4d2f-bd6c-0cb832bfe0bc: receive RaftClientReply:client-3E3F24432F02->12c7e022-5f96-4d2f-bd6c-0cb832bfe0bc@group-32A3D63B87B7, cid=21, FAILED org.apache.ratis.protocol.NotLeaderException: Server 12c7e022-5f96-4d2f-bd6c-0cb832bfe0bc@group-32A3D63B87B7 is not the leader ae9625dc-248e-414f-955f-fccc978916e7:192.168.151.92:37052, logIndex=0, commits[12c7e022-5f96-4d2f-bd6c-0cb832bfe0bc:c10, ae9625dc-248e-414f-955f-fccc978916e7:c10, 1b957291-fe5b-420e-96dd-cc603eda7741:c6]
2019-09-17 03:18:26,600 [java.util.concurrent.ThreadPoolExecutor$Worker@46c4a907[State = -1, empty queue]] WARN  server.GrpcLogAppender (GrpcLogAppender.java:timeoutAppendRequest(200)) - ae9625dc-248e-414f-955f-fccc978916e7@group-32A3D63B87B7->1b957291-fe5b-420e-96dd-cc603eda7741-GrpcLogAppender: appendEntries Timeout, request=ae9625dc-248e-414f-955f-fccc978916e7->1b957291-fe5b-420e-96dd-cc603eda7741#23-t2, previous=(t:2, i:13), leaderCommit=10, initializing? false, entries: <empty>
2019-09-17 03:18:26,600 [java.util.concurrent.ThreadPoolExecutor$Worker@379360b2[State = -1, empty queue]] WARN  server.GrpcLogAppender (GrpcLogAppender.java:timeoutAppendRequest(200)) - ae9625dc-248e-414f-955f-fccc978916e7@group-32A3D63B87B7->12c7e022-5f96-4d2f-bd6c-0cb832bfe0bc-GrpcLogAppender: appendEntries Timeout, request=ae9625dc-248e-414f-955f-fccc978916e7->12c7e022-5f96-4d2f-bd6c-0cb832bfe0bc#23-t2, previous=(t:2, i:13), leaderCommit=10, initializing? false, entries: <empty>
2019-09-17 03:18:29,101 [java.util.concurrent.ThreadPoolExecutor$Worker@379360b2[State = -1, empty queue]] WARN  server.GrpcLogAppender (GrpcLogAppender.java:timeoutAppendRequest(200)) - ae9625dc-248e-414f-955f-fccc978916e7@group-32A3D63B87B7->12c7e022-5f96-4d2f-bd6c-0cb832bfe0bc-GrpcLogAppender: appendEntries Timeout, request=ae9625dc-248e-414f-955f-fccc978916e7->12c7e022-5f96-4d2f-bd6c-0cb832bfe0bc#24-t2, previous=(t:2, i:13), leaderCommit=10, initializing? false, entries: <empty>
2019-09-17 03:18:29,101 [java.util.concurrent.ThreadPoolExecutor$Worker@46c4a907[State = -1, empty queue]] WARN  server.GrpcLogAppender (GrpcLogAppender.java:timeoutAppendRequest(200)) - ae9625dc-248e-414f-955f-fccc978916e7@group-32A3D63B87B7->1b957291-fe5b-420e-96dd-cc603eda7741-GrpcLogAppender: appendEntries Timeout, request=ae9625dc-248e-414f-955f-fccc978916e7->1b957291-fe5b-420e-96dd-cc603eda7741#24-t2, previous=(t:2, i:13), leaderCommit=10, initializing? false, entries: <empty>
2019-09-17 03:18:31,196 [12c7e022-5f96-4d2f-bd6c-0cb832bfe0bc@group-32A3D63B87B7-SegmentedRaftLogWorker] WARN  segmented.SegmentedRaftLogWorker (SegmentedRaftLogWorker.java:getFromFuture(90)) - Timeout 2/~
org.apache.ratis.protocol.TimeoutIOException: Timeout 10s: WriteLog:12: (t:2, i:12), STATEMACHINELOGENTRY, client-3E3F24432F02, cid=22-writeStateMachineData
	at org.apache.ratis.util.IOUtils.getFromFuture(IOUtils.java:87)
	at org.apache.ratis.server.raftlog.segmented.SegmentedRaftLogWorker$StateMachineDataPolicy.getFromFuture(SegmentedRaftLogWorker.java:87)
	at org.apache.ratis.server.raftlog.segmented.SegmentedRaftLogWorker$WriteLog.execute(SegmentedRaftLogWorker.java:477)
	at org.apache.ratis.server.raftlog.segmented.SegmentedRaftLogWorker.run(SegmentedRaftLogWorker.java:289)
	at java.lang.Thread.run(Thread.java:748)
Caused by: java.util.concurrent.TimeoutException
	at java.util.concurrent.CompletableFuture.timedGet(CompletableFuture.java:1771)
	at java.util.concurrent.CompletableFuture.get(CompletableFuture.java:1915)
	at org.apache.ratis.util.IOUtils.getFromFuture(IOUtils.java:79)
	... 4 more
2019-09-17 03:18:31,197 [ae9625dc-248e-414f-955f-fccc978916e7@group-32A3D63B87B7-SegmentedRaftLogWorker] WARN  segmented.SegmentedRaftLogWorker (SegmentedRaftLogWorker.java:getFromFuture(90)) - Timeout 2/~
org.apache.ratis.protocol.TimeoutIOException: Timeout 10s: WriteLog:12: (t:2, i:12), STATEMACHINELOGENTRY, client-3E3F24432F02, cid=22-writeStateMachineData
	at org.apache.ratis.util.IOUtils.getFromFuture(IOUtils.java:87)
	at org.apache.ratis.server.raftlog.segmented.SegmentedRaftLogWorker$StateMachineDataPolicy.getFromFuture(SegmentedRaftLogWorker.java:87)
	at org.apache.ratis.server.raftlog.segmented.SegmentedRaftLogWorker$WriteLog.execute(SegmentedRaftLogWorker.java:477)
	at org.apache.ratis.server.raftlog.segmented.SegmentedRaftLogWorker.run(SegmentedRaftLogWorker.java:289)
	at java.lang.Thread.run(Thread.java:748)
Caused by: java.util.concurrent.TimeoutException
	at java.util.concurrent.CompletableFuture.timedGet(CompletableFuture.java:1771)
	at java.util.concurrent.CompletableFuture.get(CompletableFuture.java:1915)
	at org.apache.ratis.util.IOUtils.getFromFuture(IOUtils.java:79)
	... 4 more
2019-09-17 03:18:31,197 [1b957291-fe5b-420e-96dd-cc603eda7741@group-32A3D63B87B7-SegmentedRaftLogWorker] WARN  segmented.SegmentedRaftLogWorker (SegmentedRaftLogWorker.java:getFromFuture(90)) - Timeout 2/~
org.apache.ratis.protocol.TimeoutIOException: Timeout 10s: WriteLog:12: (t:2, i:12), STATEMACHINELOGENTRY, client-3E3F24432F02, cid=22-writeStateMachineData
	at org.apache.ratis.util.IOUtils.getFromFuture(IOUtils.java:87)
	at org.apache.ratis.server.raftlog.segmented.SegmentedRaftLogWorker$StateMachineDataPolicy.getFromFuture(SegmentedRaftLogWorker.java:87)
	at org.apache.ratis.server.raftlog.segmented.SegmentedRaftLogWorker$WriteLog.execute(SegmentedRaftLogWorker.java:477)
	at org.apache.ratis.server.raftlog.segmented.SegmentedRaftLogWorker.run(SegmentedRaftLogWorker.java:289)
	at java.lang.Thread.run(Thread.java:748)
Caused by: java.util.concurrent.TimeoutException
	at java.util.concurrent.CompletableFuture.timedGet(CompletableFuture.java:1771)
	at java.util.concurrent.CompletableFuture.get(CompletableFuture.java:1915)
	at org.apache.ratis.util.IOUtils.getFromFuture(IOUtils.java:79)
	... 4 more
2019-09-17 03:18:31,471 [grpc-default-executor-2] INFO  client.GrpcClientProtocolClient (GrpcClientProtocolClient.java:onNext(264)) - client-3E3F24432F02->1b957291-fe5b-420e-96dd-cc603eda7741: receive RaftClientReply:client-3E3F24432F02->1b957291-fe5b-420e-96dd-cc603eda7741@group-32A3D63B87B7, cid=21, FAILED org.apache.ratis.protocol.NotLeaderException: Server 1b957291-fe5b-420e-96dd-cc603eda7741@group-32A3D63B87B7 is not the leader ae9625dc-248e-414f-955f-fccc978916e7:192.168.151.92:37052, logIndex=0, commits[1b957291-fe5b-420e-96dd-cc603eda7741:c10, ae9625dc-248e-414f-955f-fccc978916e7:c10, 12c7e022-5f96-4d2f-bd6c-0cb832bfe0bc:c6]
2019-09-17 03:18:31,603 [java.util.concurrent.ThreadPoolExecutor$Worker@379360b2[State = -1, empty queue]] WARN  server.GrpcLogAppender (GrpcLogAppender.java:timeoutAppendRequest(200)) - ae9625dc-248e-414f-955f-fccc978916e7@group-32A3D63B87B7->12c7e022-5f96-4d2f-bd6c-0cb832bfe0bc-GrpcLogAppender: appendEntries Timeout, request=ae9625dc-248e-414f-955f-fccc978916e7->12c7e022-5f96-4d2f-bd6c-0cb832bfe0bc#25-t2, previous=(t:2, i:13), leaderCommit=10, initializing? false, entries: <empty>
2019-09-17 03:18:31,603 [java.util.concurrent.ThreadPoolExecutor$Worker@46c4a907[State = -1, empty queue]] WARN  server.GrpcLogAppender (GrpcLogAppender.java:timeoutAppendRequest(200)) - ae9625dc-248e-414f-955f-fccc978916e7@group-32A3D63B87B7->1b957291-fe5b-420e-96dd-cc603eda7741-GrpcLogAppender: appendEntries Timeout, request=ae9625dc-248e-414f-955f-fccc978916e7->1b957291-fe5b-420e-96dd-cc603eda7741#25-t2, previous=(t:2, i:13), leaderCommit=10, initializing? false, entries: <empty>
2019-09-17 03:18:34,104 [java.util.concurrent.ThreadPoolExecutor$Worker@46c4a907[State = -1, empty queue]] WARN  server.GrpcLogAppender (GrpcLogAppender.java:timeoutAppendRequest(200)) - ae9625dc-248e-414f-955f-fccc978916e7@group-32A3D63B87B7->1b957291-fe5b-420e-96dd-cc603eda7741-GrpcLogAppender: appendEntries Timeout, request=ae9625dc-248e-414f-955f-fccc978916e7->1b957291-fe5b-420e-96dd-cc603eda7741#26-t2, previous=(t:2, i:13), leaderCommit=10, initializing? false, entries: <empty>
2019-09-17 03:18:34,104 [java.util.concurrent.ThreadPoolExecutor$Worker@379360b2[State = -1, empty queue]] WARN  server.GrpcLogAppender (GrpcLogAppender.java:timeoutAppendRequest(200)) - ae9625dc-248e-414f-955f-fccc978916e7@group-32A3D63B87B7->12c7e022-5f96-4d2f-bd6c-0cb832bfe0bc-GrpcLogAppender: appendEntries Timeout, request=ae9625dc-248e-414f-955f-fccc978916e7->12c7e022-5f96-4d2f-bd6c-0cb832bfe0bc#26-t2, previous=(t:2, i:13), leaderCommit=10, initializing? false, entries: <empty>
2019-09-17 03:18:36,515 [grpc-default-executor-3] INFO  client.GrpcClientProtocolClient (GrpcClientProtocolClient.java:onNext(264)) - client-3E3F24432F02->1b957291-fe5b-420e-96dd-cc603eda7741: receive RaftClientReply:client-3E3F24432F02->1b957291-fe5b-420e-96dd-cc603eda7741@group-32A3D63B87B7, cid=21, FAILED org.apache.ratis.protocol.NotLeaderException: Server 1b957291-fe5b-420e-96dd-cc603eda7741@group-32A3D63B87B7 is not the leader ae9625dc-248e-414f-955f-fccc978916e7:192.168.151.92:37052, logIndex=0, commits[1b957291-fe5b-420e-96dd-cc603eda7741:c10, ae9625dc-248e-414f-955f-fccc978916e7:c10, 12c7e022-5f96-4d2f-bd6c-0cb832bfe0bc:c6]
2019-09-17 03:18:36,604 [java.util.concurrent.ThreadPoolExecutor$Worker@379360b2[State = -1, empty queue]] WARN  server.GrpcLogAppender (GrpcLogAppender.java:timeoutAppendRequest(200)) - ae9625dc-248e-414f-955f-fccc978916e7@group-32A3D63B87B7->12c7e022-5f96-4d2f-bd6c-0cb832bfe0bc-GrpcLogAppender: appendEntries Timeout, request=ae9625dc-248e-414f-955f-fccc978916e7->12c7e022-5f96-4d2f-bd6c-0cb832bfe0bc#27-t2, previous=(t:2, i:13), leaderCommit=10, initializing? false, entries: <empty>
2019-09-17 03:18:36,604 [java.util.concurrent.ThreadPoolExecutor$Worker@46c4a907[State = -1, empty queue]] WARN  server.GrpcLogAppender (GrpcLogAppender.java:timeoutAppendRequest(200)) - ae9625dc-248e-414f-955f-fccc978916e7@group-32A3D63B87B7->1b957291-fe5b-420e-96dd-cc603eda7741-GrpcLogAppender: appendEntries Timeout, request=ae9625dc-248e-414f-955f-fccc978916e7->1b957291-fe5b-420e-96dd-cc603eda7741#27-t2, previous=(t:2, i:13), leaderCommit=10, initializing? false, entries: <empty>
2019-09-17 03:18:39,105 [java.util.concurrent.ThreadPoolExecutor$Worker@379360b2[State = -1, empty queue]] WARN  server.GrpcLogAppender (GrpcLogAppender.java:timeoutAppendRequest(200)) - ae9625dc-248e-414f-955f-fccc978916e7@group-32A3D63B87B7->12c7e022-5f96-4d2f-bd6c-0cb832bfe0bc-GrpcLogAppender: appendEntries Timeout, request=ae9625dc-248e-414f-955f-fccc978916e7->12c7e022-5f96-4d2f-bd6c-0cb832bfe0bc#28-t2, previous=(t:2, i:13), leaderCommit=10, initializing? false, entries: <empty>
2019-09-17 03:18:39,105 [java.util.concurrent.ThreadPoolExecutor$Worker@46c4a907[State = -1, empty queue]] WARN  server.GrpcLogAppender (GrpcLogAppender.java:timeoutAppendRequest(200)) - ae9625dc-248e-414f-955f-fccc978916e7@group-32A3D63B87B7->1b957291-fe5b-420e-96dd-cc603eda7741-GrpcLogAppender: appendEntries Timeout, request=ae9625dc-248e-414f-955f-fccc978916e7->1b957291-fe5b-420e-96dd-cc603eda7741#28-t2, previous=(t:2, i:13), leaderCommit=10, initializing? false, entries: <empty>
2019-09-17 03:18:41,198 [12c7e022-5f96-4d2f-bd6c-0cb832bfe0bc@group-32A3D63B87B7-SegmentedRaftLogWorker] WARN  segmented.SegmentedRaftLogWorker (SegmentedRaftLogWorker.java:getFromFuture(90)) - Timeout 3/~
org.apache.ratis.protocol.TimeoutIOException: Timeout 10s: WriteLog:12: (t:2, i:12), STATEMACHINELOGENTRY, client-3E3F24432F02, cid=22-writeStateMachineData
	at org.apache.ratis.util.IOUtils.getFromFuture(IOUtils.java:87)
	at org.apache.ratis.server.raftlog.segmented.SegmentedRaftLogWorker$StateMachineDataPolicy.getFromFuture(SegmentedRaftLogWorker.java:87)
	at org.apache.ratis.server.raftlog.segmented.SegmentedRaftLogWorker$WriteLog.execute(SegmentedRaftLogWorker.java:477)
	at org.apache.ratis.server.raftlog.segmented.SegmentedRaftLogWorker.run(SegmentedRaftLogWorker.java:289)
	at java.lang.Thread.run(Thread.java:748)
Caused by: java.util.concurrent.TimeoutException
	at java.util.concurrent.CompletableFuture.timedGet(CompletableFuture.java:1771)
	at java.util.concurrent.CompletableFuture.get(CompletableFuture.java:1915)
	at org.apache.ratis.util.IOUtils.getFromFuture(IOUtils.java:79)
	... 4 more
2019-09-17 03:18:41,199 [1b957291-fe5b-420e-96dd-cc603eda7741@group-32A3D63B87B7-SegmentedRaftLogWorker] WARN  segmented.SegmentedRaftLogWorker (SegmentedRaftLogWorker.java:getFromFuture(90)) - Timeout 3/~
org.apache.ratis.protocol.TimeoutIOException: Timeout 10s: WriteLog:12: (t:2, i:12), STATEMACHINELOGENTRY, client-3E3F24432F02, cid=22-writeStateMachineData
	at org.apache.ratis.util.IOUtils.getFromFuture(IOUtils.java:87)
	at org.apache.ratis.server.raftlog.segmented.SegmentedRaftLogWorker$StateMachineDataPolicy.getFromFuture(SegmentedRaftLogWorker.java:87)
	at org.apache.ratis.server.raftlog.segmented.SegmentedRaftLogWorker$WriteLog.execute(SegmentedRaftLogWorker.java:477)
	at org.apache.ratis.server.raftlog.segmented.SegmentedRaftLogWorker.run(SegmentedRaftLogWorker.java:289)
	at java.lang.Thread.run(Thread.java:748)
Caused by: java.util.concurrent.TimeoutException
	at java.util.concurrent.CompletableFuture.timedGet(CompletableFuture.java:1771)
	at java.util.concurrent.CompletableFuture.get(CompletableFuture.java:1915)
	at org.apache.ratis.util.IOUtils.getFromFuture(IOUtils.java:79)
	... 4 more
2019-09-17 03:18:41,198 [ae9625dc-248e-414f-955f-fccc978916e7@group-32A3D63B87B7-SegmentedRaftLogWorker] WARN  segmented.SegmentedRaftLogWorker (SegmentedRaftLogWorker.java:getFromFuture(90)) - Timeout 3/~
org.apache.ratis.protocol.TimeoutIOException: Timeout 10s: WriteLog:12: (t:2, i:12), STATEMACHINELOGENTRY, client-3E3F24432F02, cid=22-writeStateMachineData
	at org.apache.ratis.util.IOUtils.getFromFuture(IOUtils.java:87)
	at org.apache.ratis.server.raftlog.segmented.SegmentedRaftLogWorker$StateMachineDataPolicy.getFromFuture(SegmentedRaftLogWorker.java:87)
	at org.apache.ratis.server.raftlog.segmented.SegmentedRaftLogWorker$WriteLog.execute(SegmentedRaftLogWorker.java:477)
	at org.apache.ratis.server.raftlog.segmented.SegmentedRaftLogWorker.run(SegmentedRaftLogWorker.java:289)
	at java.lang.Thread.run(Thread.java:748)
Caused by: java.util.concurrent.TimeoutException
	at java.util.concurrent.CompletableFuture.timedGet(CompletableFuture.java:1771)
	at java.util.concurrent.CompletableFuture.get(CompletableFuture.java:1915)
	at org.apache.ratis.util.IOUtils.getFromFuture(IOUtils.java:79)
	... 4 more
2019-09-17 03:18:41,566 [grpc-default-executor-0] INFO  client.GrpcClientProtocolClient (GrpcClientProtocolClient.java:onNext(264)) - client-3E3F24432F02->12c7e022-5f96-4d2f-bd6c-0cb832bfe0bc: receive RaftClientReply:client-3E3F24432F02->12c7e022-5f96-4d2f-bd6c-0cb832bfe0bc@group-32A3D63B87B7, cid=21, FAILED org.apache.ratis.protocol.NotLeaderException: Server 12c7e022-5f96-4d2f-bd6c-0cb832bfe0bc@group-32A3D63B87B7 is not the leader ae9625dc-248e-414f-955f-fccc978916e7:192.168.151.92:37052, logIndex=0, commits[12c7e022-5f96-4d2f-bd6c-0cb832bfe0bc:c10, ae9625dc-248e-414f-955f-fccc978916e7:c10, 1b957291-fe5b-420e-96dd-cc603eda7741:c6]
2019-09-17 03:18:41,606 [java.util.concurrent.ThreadPoolExecutor$Worker@46c4a907[State = -1, empty queue]] WARN  server.GrpcLogAppender (GrpcLogAppender.java:timeoutAppendRequest(200)) - ae9625dc-248e-414f-955f-fccc978916e7@group-32A3D63B87B7->1b957291-fe5b-420e-96dd-cc603eda7741-GrpcLogAppender: appendEntries Timeout, request=ae9625dc-248e-414f-955f-fccc978916e7->1b957291-fe5b-420e-96dd-cc603eda7741#29-t2, previous=(t:2, i:13), leaderCommit=10, initializing? false, entries: <empty>
2019-09-17 03:18:41,606 [java.util.concurrent.ThreadPoolExecutor$Worker@379360b2[State = -1, empty queue]] WARN  server.GrpcLogAppender (GrpcLogAppender.java:timeoutAppendRequest(200)) - ae9625dc-248e-414f-955f-fccc978916e7@group-32A3D63B87B7->12c7e022-5f96-4d2f-bd6c-0cb832bfe0bc-GrpcLogAppender: appendEntries Timeout, request=ae9625dc-248e-414f-955f-fccc978916e7->12c7e022-5f96-4d2f-bd6c-0cb832bfe0bc#29-t2, previous=(t:2, i:13), leaderCommit=10, initializing? false, entries: <empty>
2019-09-17 03:18:44,107 [java.util.concurrent.ThreadPoolExecutor$Worker@46c4a907[State = -1, empty queue]] WARN  server.GrpcLogAppender (GrpcLogAppender.java:timeoutAppendRequest(200)) - ae9625dc-248e-414f-955f-fccc978916e7@group-32A3D63B87B7->1b957291-fe5b-420e-96dd-cc603eda7741-GrpcLogAppender: appendEntries Timeout, request=ae9625dc-248e-414f-955f-fccc978916e7->1b957291-fe5b-420e-96dd-cc603eda7741#30-t2, previous=(t:2, i:13), leaderCommit=10, initializing? false, entries: <empty>
2019-09-17 03:18:44,109 [java.util.concurrent.ThreadPoolExecutor$Worker@379360b2[State = -1, empty queue]] WARN  server.GrpcLogAppender (GrpcLogAppender.java:timeoutAppendRequest(200)) - ae9625dc-248e-414f-955f-fccc978916e7@group-32A3D63B87B7->12c7e022-5f96-4d2f-bd6c-0cb832bfe0bc-GrpcLogAppender: appendEntries Timeout, request=ae9625dc-248e-414f-955f-fccc978916e7->12c7e022-5f96-4d2f-bd6c-0cb832bfe0bc#30-t2, previous=(t:2, i:13), leaderCommit=10, initializing? false, entries: <empty>
2019-09-17 03:18:46,610 [java.util.concurrent.ThreadPoolExecutor$Worker@46c4a907[State = -1, empty queue]] WARN  server.GrpcLogAppender (GrpcLogAppender.java:timeoutAppendRequest(200)) - ae9625dc-248e-414f-955f-fccc978916e7@group-32A3D63B87B7->1b957291-fe5b-420e-96dd-cc603eda7741-GrpcLogAppender: appendEntries Timeout, request=ae9625dc-248e-414f-955f-fccc978916e7->1b957291-fe5b-420e-96dd-cc603eda7741#31-t2, previous=(t:2, i:13), leaderCommit=10, initializing? false, entries: <empty>
2019-09-17 03:18:46,610 [java.util.concurrent.ThreadPoolExecutor$Worker@379360b2[State = -1, empty queue]] WARN  server.GrpcLogAppender (GrpcLogAppender.java:timeoutAppendRequest(200)) - ae9625dc-248e-414f-955f-fccc978916e7@group-32A3D63B87B7->12c7e022-5f96-4d2f-bd6c-0cb832bfe0bc-GrpcLogAppender: appendEntries Timeout, request=ae9625dc-248e-414f-955f-fccc978916e7->12c7e022-5f96-4d2f-bd6c-0cb832bfe0bc#31-t2, previous=(t:2, i:13), leaderCommit=10, initializing? false, entries: <empty>
2019-09-17 03:18:46,612 [grpc-default-executor-0] INFO  client.GrpcClientProtocolClient (GrpcClientProtocolClient.java:onNext(264)) - client-3E3F24432F02->12c7e022-5f96-4d2f-bd6c-0cb832bfe0bc: receive RaftClientReply:client-3E3F24432F02->12c7e022-5f96-4d2f-bd6c-0cb832bfe0bc@group-32A3D63B87B7, cid=21, FAILED org.apache.ratis.protocol.NotLeaderException: Server 12c7e022-5f96-4d2f-bd6c-0cb832bfe0bc@group-32A3D63B87B7 is not the leader ae9625dc-248e-414f-955f-fccc978916e7:192.168.151.92:37052, logIndex=0, commits[12c7e022-5f96-4d2f-bd6c-0cb832bfe0bc:c10, ae9625dc-248e-414f-955f-fccc978916e7:c10, 1b957291-fe5b-420e-96dd-cc603eda7741:c6]
2019-09-17 03:18:49,108 [java.util.concurrent.ThreadPoolExecutor$Worker@46c4a907[State = -1, empty queue]] WARN  server.GrpcLogAppender (GrpcLogAppender.java:timeoutAppendRequest(200)) - ae9625dc-248e-414f-955f-fccc978916e7@group-32A3D63B87B7->1b957291-fe5b-420e-96dd-cc603eda7741-GrpcLogAppender: appendEntries Timeout, request=ae9625dc-248e-414f-955f-fccc978916e7->1b957291-fe5b-420e-96dd-cc603eda7741#32-t2, previous=(t:2, i:13), leaderCommit=10, initializing? false, entries: <empty>
2019-09-17 03:18:49,108 [java.util.concurrent.ThreadPoolExecutor$Worker@379360b2[State = -1, empty queue]] WARN  server.GrpcLogAppender (GrpcLogAppender.java:timeoutAppendRequest(200)) - ae9625dc-248e-414f-955f-fccc978916e7@group-32A3D63B87B7->12c7e022-5f96-4d2f-bd6c-0cb832bfe0bc-GrpcLogAppender: appendEntries Timeout, request=ae9625dc-248e-414f-955f-fccc978916e7->12c7e022-5f96-4d2f-bd6c-0cb832bfe0bc#32-t2, previous=(t:2, i:13), leaderCommit=10, initializing? false, entries: <empty>
2019-09-17 03:18:51,199 [12c7e022-5f96-4d2f-bd6c-0cb832bfe0bc@group-32A3D63B87B7-SegmentedRaftLogWorker] WARN  segmented.SegmentedRaftLogWorker (SegmentedRaftLogWorker.java:getFromFuture(90)) - Timeout 4/~
org.apache.ratis.protocol.TimeoutIOException: Timeout 10s: WriteLog:12: (t:2, i:12), STATEMACHINELOGENTRY, client-3E3F24432F02, cid=22-writeStateMachineData
	at org.apache.ratis.util.IOUtils.getFromFuture(IOUtils.java:87)
	at org.apache.ratis.server.raftlog.segmented.SegmentedRaftLogWorker$StateMachineDataPolicy.getFromFuture(SegmentedRaftLogWorker.java:87)
	at org.apache.ratis.server.raftlog.segmented.SegmentedRaftLogWorker$WriteLog.execute(SegmentedRaftLogWorker.java:477)
	at org.apache.ratis.server.raftlog.segmented.SegmentedRaftLogWorker.run(SegmentedRaftLogWorker.java:289)
	at java.lang.Thread.run(Thread.java:748)
Caused by: java.util.concurrent.TimeoutException
	at java.util.concurrent.CompletableFuture.timedGet(CompletableFuture.java:1771)
	at java.util.concurrent.CompletableFuture.get(CompletableFuture.java:1915)
	at org.apache.ratis.util.IOUtils.getFromFuture(IOUtils.java:79)
	... 4 more
2019-09-17 03:18:51,200 [1b957291-fe5b-420e-96dd-cc603eda7741@group-32A3D63B87B7-SegmentedRaftLogWorker] WARN  segmented.SegmentedRaftLogWorker (SegmentedRaftLogWorker.java:getFromFuture(90)) - Timeout 4/~
org.apache.ratis.protocol.TimeoutIOException: Timeout 10s: WriteLog:12: (t:2, i:12), STATEMACHINELOGENTRY, client-3E3F24432F02, cid=22-writeStateMachineData
	at org.apache.ratis.util.IOUtils.getFromFuture(IOUtils.java:87)
	at org.apache.ratis.server.raftlog.segmented.SegmentedRaftLogWorker$StateMachineDataPolicy.getFromFuture(SegmentedRaftLogWorker.java:87)
	at org.apache.ratis.server.raftlog.segmented.SegmentedRaftLogWorker$WriteLog.execute(SegmentedRaftLogWorker.java:477)
	at org.apache.ratis.server.raftlog.segmented.SegmentedRaftLogWorker.run(SegmentedRaftLogWorker.java:289)
	at java.lang.Thread.run(Thread.java:748)
Caused by: java.util.concurrent.TimeoutException
	at java.util.concurrent.CompletableFuture.timedGet(CompletableFuture.java:1771)
	at java.util.concurrent.CompletableFuture.get(CompletableFuture.java:1915)
	at org.apache.ratis.util.IOUtils.getFromFuture(IOUtils.java:79)
	... 4 more
2019-09-17 03:18:51,201 [ae9625dc-248e-414f-955f-fccc978916e7@group-32A3D63B87B7-SegmentedRaftLogWorker] WARN  segmented.SegmentedRaftLogWorker (SegmentedRaftLogWorker.java:getFromFuture(90)) - Timeout 4/~
org.apache.ratis.protocol.TimeoutIOException: Timeout 10s: WriteLog:12: (t:2, i:12), STATEMACHINELOGENTRY, client-3E3F24432F02, cid=22-writeStateMachineData
	at org.apache.ratis.util.IOUtils.getFromFuture(IOUtils.java:87)
	at org.apache.ratis.server.raftlog.segmented.SegmentedRaftLogWorker$StateMachineDataPolicy.getFromFuture(SegmentedRaftLogWorker.java:87)
	at org.apache.ratis.server.raftlog.segmented.SegmentedRaftLogWorker$WriteLog.execute(SegmentedRaftLogWorker.java:477)
	at org.apache.ratis.server.raftlog.segmented.SegmentedRaftLogWorker.run(SegmentedRaftLogWorker.java:289)
	at java.lang.Thread.run(Thread.java:748)
Caused by: java.util.concurrent.TimeoutException
	at java.util.concurrent.CompletableFuture.timedGet(CompletableFuture.java:1771)
	at java.util.concurrent.CompletableFuture.get(CompletableFuture.java:1915)
	at org.apache.ratis.util.IOUtils.getFromFuture(IOUtils.java:79)
	... 4 more
2019-09-17 03:18:51,609 [java.util.concurrent.ThreadPoolExecutor$Worker@379360b2[State = -1, empty queue]] WARN  server.GrpcLogAppender (GrpcLogAppender.java:timeoutAppendRequest(200)) - ae9625dc-248e-414f-955f-fccc978916e7@group-32A3D63B87B7->12c7e022-5f96-4d2f-bd6c-0cb832bfe0bc-GrpcLogAppender: appendEntries Timeout, request=ae9625dc-248e-414f-955f-fccc978916e7->12c7e022-5f96-4d2f-bd6c-0cb832bfe0bc#33-t2, previous=(t:2, i:13), leaderCommit=10, initializing? false, entries: <empty>
2019-09-17 03:18:51,609 [java.util.concurrent.ThreadPoolExecutor$Worker@46c4a907[State = -1, empty queue]] WARN  server.GrpcLogAppender (GrpcLogAppender.java:timeoutAppendRequest(200)) - ae9625dc-248e-414f-955f-fccc978916e7@group-32A3D63B87B7->1b957291-fe5b-420e-96dd-cc603eda7741-GrpcLogAppender: appendEntries Timeout, request=ae9625dc-248e-414f-955f-fccc978916e7->1b957291-fe5b-420e-96dd-cc603eda7741#33-t2, previous=(t:2, i:13), leaderCommit=10, initializing? false, entries: <empty>
2019-09-17 03:18:51,660 [grpc-default-executor-2] INFO  client.GrpcClientProtocolClient (GrpcClientProtocolClient.java:onNext(264)) - client-3E3F24432F02->12c7e022-5f96-4d2f-bd6c-0cb832bfe0bc: receive RaftClientReply:client-3E3F24432F02->12c7e022-5f96-4d2f-bd6c-0cb832bfe0bc@group-32A3D63B87B7, cid=21, FAILED org.apache.ratis.protocol.NotLeaderException: Server 12c7e022-5f96-4d2f-bd6c-0cb832bfe0bc@group-32A3D63B87B7 is not the leader ae9625dc-248e-414f-955f-fccc978916e7:192.168.151.92:37052, logIndex=0, commits[12c7e022-5f96-4d2f-bd6c-0cb832bfe0bc:c10, ae9625dc-248e-414f-955f-fccc978916e7:c10, 1b957291-fe5b-420e-96dd-cc603eda7741:c6]
2019-09-17 03:18:54,110 [java.util.concurrent.ThreadPoolExecutor$Worker@379360b2[State = -1, empty queue]] WARN  server.GrpcLogAppender (GrpcLogAppender.java:timeoutAppendRequest(200)) - ae9625dc-248e-414f-955f-fccc978916e7@group-32A3D63B87B7->12c7e022-5f96-4d2f-bd6c-0cb832bfe0bc-GrpcLogAppender: appendEntries Timeout, request=ae9625dc-248e-414f-955f-fccc978916e7->12c7e022-5f96-4d2f-bd6c-0cb832bfe0bc#34-t2, previous=(t:2, i:13), leaderCommit=10, initializing? false, entries: <empty>
2019-09-17 03:18:54,110 [java.util.concurrent.ThreadPoolExecutor$Worker@46c4a907[State = -1, empty queue]] WARN  server.GrpcLogAppender (GrpcLogAppender.java:timeoutAppendRequest(200)) - ae9625dc-248e-414f-955f-fccc978916e7@group-32A3D63B87B7->1b957291-fe5b-420e-96dd-cc603eda7741-GrpcLogAppender: appendEntries Timeout, request=ae9625dc-248e-414f-955f-fccc978916e7->1b957291-fe5b-420e-96dd-cc603eda7741#34-t2, previous=(t:2, i:13), leaderCommit=10, initializing? false, entries: <empty>
2019-09-17 03:18:56,610 [java.util.concurrent.ThreadPoolExecutor$Worker@46c4a907[State = -1, empty queue]] WARN  server.GrpcLogAppender (GrpcLogAppender.java:timeoutAppendRequest(200)) - ae9625dc-248e-414f-955f-fccc978916e7@group-32A3D63B87B7->1b957291-fe5b-420e-96dd-cc603eda7741-GrpcLogAppender: appendEntries Timeout, request=ae9625dc-248e-414f-955f-fccc978916e7->1b957291-fe5b-420e-96dd-cc603eda7741#35-t2, previous=(t:2, i:13), leaderCommit=10, initializing? false, entries: <empty>
2019-09-17 03:18:56,610 [java.util.concurrent.ThreadPoolExecutor$Worker@379360b2[State = -1, empty queue]] WARN  server.GrpcLogAppender (GrpcLogAppender.java:timeoutAppendRequest(200)) - ae9625dc-248e-414f-955f-fccc978916e7@group-32A3D63B87B7->12c7e022-5f96-4d2f-bd6c-0cb832bfe0bc-GrpcLogAppender: appendEntries Timeout, request=ae9625dc-248e-414f-955f-fccc978916e7->12c7e022-5f96-4d2f-bd6c-0cb832bfe0bc#35-t2, previous=(t:2, i:13), leaderCommit=10, initializing? false, entries: <empty>
2019-09-17 03:18:56,717 [grpc-default-executor-3] INFO  client.GrpcClientProtocolClient (GrpcClientProtocolClient.java:onNext(264)) - client-3E3F24432F02->12c7e022-5f96-4d2f-bd6c-0cb832bfe0bc: receive RaftClientReply:client-3E3F24432F02->12c7e022-5f96-4d2f-bd6c-0cb832bfe0bc@group-32A3D63B87B7, cid=21, FAILED org.apache.ratis.protocol.NotLeaderException: Server 12c7e022-5f96-4d2f-bd6c-0cb832bfe0bc@group-32A3D63B87B7 is not the leader ae9625dc-248e-414f-955f-fccc978916e7:192.168.151.92:37052, logIndex=0, commits[12c7e022-5f96-4d2f-bd6c-0cb832bfe0bc:c10, ae9625dc-248e-414f-955f-fccc978916e7:c10, 1b957291-fe5b-420e-96dd-cc603eda7741:c6]
2019-09-17 03:18:59,111 [java.util.concurrent.ThreadPoolExecutor$Worker@46c4a907[State = -1, empty queue]] WARN  server.GrpcLogAppender (GrpcLogAppender.java:timeoutAppendRequest(200)) - ae9625dc-248e-414f-955f-fccc978916e7@group-32A3D63B87B7->1b957291-fe5b-420e-96dd-cc603eda7741-GrpcLogAppender: appendEntries Timeout, request=ae9625dc-248e-414f-955f-fccc978916e7->1b957291-fe5b-420e-96dd-cc603eda7741#36-t2, previous=(t:2, i:13), leaderCommit=10, initializing? false, entries: <empty>
2019-09-17 03:18:59,111 [java.util.concurrent.ThreadPoolExecutor$Worker@379360b2[State = -1, empty queue]] WARN  server.GrpcLogAppender (GrpcLogAppender.java:timeoutAppendRequest(200)) - ae9625dc-248e-414f-955f-fccc978916e7@group-32A3D63B87B7->12c7e022-5f96-4d2f-bd6c-0cb832bfe0bc-GrpcLogAppender: appendEntries Timeout, request=ae9625dc-248e-414f-955f-fccc978916e7->12c7e022-5f96-4d2f-bd6c-0cb832bfe0bc#36-t2, previous=(t:2, i:13), leaderCommit=10, initializing? false, entries: <empty>
2019-09-17 03:19:01,201 [12c7e022-5f96-4d2f-bd6c-0cb832bfe0bc@group-32A3D63B87B7-SegmentedRaftLogWorker] WARN  segmented.SegmentedRaftLogWorker (SegmentedRaftLogWorker.java:getFromFuture(90)) - Timeout 5/~
org.apache.ratis.protocol.TimeoutIOException: Timeout 10s: WriteLog:12: (t:2, i:12), STATEMACHINELOGENTRY, client-3E3F24432F02, cid=22-writeStateMachineData
	at org.apache.ratis.util.IOUtils.getFromFuture(IOUtils.java:87)
	at org.apache.ratis.server.raftlog.segmented.SegmentedRaftLogWorker$StateMachineDataPolicy.getFromFuture(SegmentedRaftLogWorker.java:87)
	at org.apache.ratis.server.raftlog.segmented.SegmentedRaftLogWorker$WriteLog.execute(SegmentedRaftLogWorker.java:477)
	at org.apache.ratis.server.raftlog.segmented.SegmentedRaftLogWorker.run(SegmentedRaftLogWorker.java:289)
	at java.lang.Thread.run(Thread.java:748)
Caused by: java.util.concurrent.TimeoutException
	at java.util.concurrent.CompletableFuture.timedGet(CompletableFuture.java:1771)
	at java.util.concurrent.CompletableFuture.get(CompletableFuture.java:1915)
	at org.apache.ratis.util.IOUtils.getFromFuture(IOUtils.java:79)
	... 4 more
2019-09-17 03:19:01,202 [ae9625dc-248e-414f-955f-fccc978916e7@group-32A3D63B87B7-SegmentedRaftLogWorker] WARN  segmented.SegmentedRaftLogWorker (SegmentedRaftLogWorker.java:getFromFuture(90)) - Timeout 5/~
org.apache.ratis.protocol.TimeoutIOException: Timeout 10s: WriteLog:12: (t:2, i:12), STATEMACHINELOGENTRY, client-3E3F24432F02, cid=22-writeStateMachineData
	at org.apache.ratis.util.IOUtils.getFromFuture(IOUtils.java:87)
	at org.apache.ratis.server.raftlog.segmented.SegmentedRaftLogWorker$StateMachineDataPolicy.getFromFuture(SegmentedRaftLogWorker.java:87)
	at org.apache.ratis.server.raftlog.segmented.SegmentedRaftLogWorker$WriteLog.execute(SegmentedRaftLogWorker.java:477)
	at org.apache.ratis.server.raftlog.segmented.SegmentedRaftLogWorker.run(SegmentedRaftLogWorker.java:289)
	at java.lang.Thread.run(Thread.java:748)
Caused by: java.util.concurrent.TimeoutException
	at java.util.concurrent.CompletableFuture.timedGet(CompletableFuture.java:1771)
	at java.util.concurrent.CompletableFuture.get(CompletableFuture.java:1915)
	at org.apache.ratis.util.IOUtils.getFromFuture(IOUtils.java:79)
	... 4 more
2019-09-17 03:19:01,201 [1b957291-fe5b-420e-96dd-cc603eda7741@group-32A3D63B87B7-SegmentedRaftLogWorker] WARN  segmented.SegmentedRaftLogWorker (SegmentedRaftLogWorker.java:getFromFuture(90)) - Timeout 5/~
org.apache.ratis.protocol.TimeoutIOException: Timeout 10s: WriteLog:12: (t:2, i:12), STATEMACHINELOGENTRY, client-3E3F24432F02, cid=22-writeStateMachineData
	at org.apache.ratis.util.IOUtils.getFromFuture(IOUtils.java:87)
	at org.apache.ratis.server.raftlog.segmented.SegmentedRaftLogWorker$StateMachineDataPolicy.getFromFuture(SegmentedRaftLogWorker.java:87)
	at org.apache.ratis.server.raftlog.segmented.SegmentedRaftLogWorker$WriteLog.execute(SegmentedRaftLogWorker.java:477)
	at org.apache.ratis.server.raftlog.segmented.SegmentedRaftLogWorker.run(SegmentedRaftLogWorker.java:289)
	at java.lang.Thread.run(Thread.java:748)
Caused by: java.util.concurrent.TimeoutException
	at java.util.concurrent.CompletableFuture.timedGet(CompletableFuture.java:1771)
	at java.util.concurrent.CompletableFuture.get(CompletableFuture.java:1915)
	at org.apache.ratis.util.IOUtils.getFromFuture(IOUtils.java:79)
	... 4 more
2019-09-17 03:19:01,613 [java.util.concurrent.ThreadPoolExecutor$Worker@46c4a907[State = -1, empty queue]] WARN  server.GrpcLogAppender (GrpcLogAppender.java:timeoutAppendRequest(200)) - ae9625dc-248e-414f-955f-fccc978916e7@group-32A3D63B87B7->1b957291-fe5b-420e-96dd-cc603eda7741-GrpcLogAppender: appendEntries Timeout, request=ae9625dc-248e-414f-955f-fccc978916e7->1b957291-fe5b-420e-96dd-cc603eda7741#37-t2, previous=(t:2, i:13), leaderCommit=10, initializing? false, entries: <empty>
2019-09-17 03:19:01,613 [java.util.concurrent.ThreadPoolExecutor$Worker@379360b2[State = -1, empty queue]] WARN  server.GrpcLogAppender (GrpcLogAppender.java:timeoutAppendRequest(200)) - ae9625dc-248e-414f-955f-fccc978916e7@group-32A3D63B87B7->12c7e022-5f96-4d2f-bd6c-0cb832bfe0bc-GrpcLogAppender: appendEntries Timeout, request=ae9625dc-248e-414f-955f-fccc978916e7->12c7e022-5f96-4d2f-bd6c-0cb832bfe0bc#37-t2, previous=(t:2, i:13), leaderCommit=10, initializing? false, entries: <empty>
2019-09-17 03:19:01,765 [grpc-default-executor-3] INFO  client.GrpcClientProtocolClient (GrpcClientProtocolClient.java:onNext(264)) - client-3E3F24432F02->12c7e022-5f96-4d2f-bd6c-0cb832bfe0bc: receive RaftClientReply:client-3E3F24432F02->12c7e022-5f96-4d2f-bd6c-0cb832bfe0bc@group-32A3D63B87B7, cid=21, FAILED org.apache.ratis.protocol.NotLeaderException: Server 12c7e022-5f96-4d2f-bd6c-0cb832bfe0bc@group-32A3D63B87B7 is not the leader ae9625dc-248e-414f-955f-fccc978916e7:192.168.151.92:37052, logIndex=0, commits[12c7e022-5f96-4d2f-bd6c-0cb832bfe0bc:c10, ae9625dc-248e-414f-955f-fccc978916e7:c10, 1b957291-fe5b-420e-96dd-cc603eda7741:c6]
2019-09-17 03:19:04,113 [java.util.concurrent.ThreadPoolExecutor$Worker@46c4a907[State = -1, empty queue]] WARN  server.GrpcLogAppender (GrpcLogAppender.java:timeoutAppendRequest(200)) - ae9625dc-248e-414f-955f-fccc978916e7@group-32A3D63B87B7->1b957291-fe5b-420e-96dd-cc603eda7741-GrpcLogAppender: appendEntries Timeout, request=ae9625dc-248e-414f-955f-fccc978916e7->1b957291-fe5b-420e-96dd-cc603eda7741#38-t2, previous=(t:2, i:13), leaderCommit=10, initializing? false, entries: <empty>
2019-09-17 03:19:04,113 [java.util.concurrent.ThreadPoolExecutor$Worker@379360b2[State = -1, empty queue]] WARN  server.GrpcLogAppender (GrpcLogAppender.java:timeoutAppendRequest(200)) - ae9625dc-248e-414f-955f-fccc978916e7@group-32A3D63B87B7->12c7e022-5f96-4d2f-bd6c-0cb832bfe0bc-GrpcLogAppender: appendEntries Timeout, request=ae9625dc-248e-414f-955f-fccc978916e7->12c7e022-5f96-4d2f-bd6c-0cb832bfe0bc#38-t2, previous=(t:2, i:13), leaderCommit=10, initializing? false, entries: <empty>
2019-09-17 03:19:06,615 [java.util.concurrent.ThreadPoolExecutor$Worker@379360b2[State = -1, empty queue]] WARN  server.GrpcLogAppender (GrpcLogAppender.java:timeoutAppendRequest(200)) - ae9625dc-248e-414f-955f-fccc978916e7@group-32A3D63B87B7->12c7e022-5f96-4d2f-bd6c-0cb832bfe0bc-GrpcLogAppender: appendEntries Timeout, request=ae9625dc-248e-414f-955f-fccc978916e7->12c7e022-5f96-4d2f-bd6c-0cb832bfe0bc#39-t2, previous=(t:2, i:13), leaderCommit=10, initializing? false, entries: <empty>
2019-09-17 03:19:06,615 [java.util.concurrent.ThreadPoolExecutor$Worker@46c4a907[State = -1, empty queue]] WARN  server.GrpcLogAppender (GrpcLogAppender.java:timeoutAppendRequest(200)) - ae9625dc-248e-414f-955f-fccc978916e7@group-32A3D63B87B7->1b957291-fe5b-420e-96dd-cc603eda7741-GrpcLogAppender: appendEntries Timeout, request=ae9625dc-248e-414f-955f-fccc978916e7->1b957291-fe5b-420e-96dd-cc603eda7741#39-t2, previous=(t:2, i:13), leaderCommit=10, initializing? false, entries: <empty>
2019-09-17 03:19:06,820 [grpc-default-executor-3] INFO  client.GrpcClientProtocolClient (GrpcClientProtocolClient.java:onNext(264)) - client-3E3F24432F02->12c7e022-5f96-4d2f-bd6c-0cb832bfe0bc: receive RaftClientReply:client-3E3F24432F02->12c7e022-5f96-4d2f-bd6c-0cb832bfe0bc@group-32A3D63B87B7, cid=21, FAILED org.apache.ratis.protocol.NotLeaderException: Server 12c7e022-5f96-4d2f-bd6c-0cb832bfe0bc@group-32A3D63B87B7 is not the leader ae9625dc-248e-414f-955f-fccc978916e7:192.168.151.92:37052, logIndex=0, commits[12c7e022-5f96-4d2f-bd6c-0cb832bfe0bc:c10, ae9625dc-248e-414f-955f-fccc978916e7:c10, 1b957291-fe5b-420e-96dd-cc603eda7741:c6]
2019-09-17 03:19:09,116 [java.util.concurrent.ThreadPoolExecutor$Worker@46c4a907[State = -1, empty queue]] WARN  server.GrpcLogAppender (GrpcLogAppender.java:timeoutAppendRequest(200)) - ae9625dc-248e-414f-955f-fccc978916e7@group-32A3D63B87B7->1b957291-fe5b-420e-96dd-cc603eda7741-GrpcLogAppender: appendEntries Timeout, request=ae9625dc-248e-414f-955f-fccc978916e7->1b957291-fe5b-420e-96dd-cc603eda7741#40-t2, previous=(t:2, i:13), leaderCommit=10, initializing? false, entries: <empty>
2019-09-17 03:19:09,116 [java.util.concurrent.ThreadPoolExecutor$Worker@379360b2[State = -1, empty queue]] WARN  server.GrpcLogAppender (GrpcLogAppender.java:timeoutAppendRequest(200)) - ae9625dc-248e-414f-955f-fccc978916e7@group-32A3D63B87B7->12c7e022-5f96-4d2f-bd6c-0cb832bfe0bc-GrpcLogAppender: appendEntries Timeout, request=ae9625dc-248e-414f-955f-fccc978916e7->12c7e022-5f96-4d2f-bd6c-0cb832bfe0bc#40-t2, previous=(t:2, i:13), leaderCommit=10, initializing? false, entries: <empty>
2019-09-17 03:19:11,203 [12c7e022-5f96-4d2f-bd6c-0cb832bfe0bc@group-32A3D63B87B7-SegmentedRaftLogWorker] WARN  segmented.SegmentedRaftLogWorker (SegmentedRaftLogWorker.java:getFromFuture(90)) - Timeout 6/~
org.apache.ratis.protocol.TimeoutIOException: Timeout 10s: WriteLog:12: (t:2, i:12), STATEMACHINELOGENTRY, client-3E3F24432F02, cid=22-writeStateMachineData
	at org.apache.ratis.util.IOUtils.getFromFuture(IOUtils.java:87)
	at org.apache.ratis.server.raftlog.segmented.SegmentedRaftLogWorker$StateMachineDataPolicy.getFromFuture(SegmentedRaftLogWorker.java:87)
	at org.apache.ratis.server.raftlog.segmented.SegmentedRaftLogWorker$WriteLog.execute(SegmentedRaftLogWorker.java:477)
	at org.apache.ratis.server.raftlog.segmented.SegmentedRaftLogWorker.run(SegmentedRaftLogWorker.java:289)
	at java.lang.Thread.run(Thread.java:748)
Caused by: java.util.concurrent.TimeoutException
	at java.util.concurrent.CompletableFuture.timedGet(CompletableFuture.java:1771)
	at java.util.concurrent.CompletableFuture.get(CompletableFuture.java:1915)
	at org.apache.ratis.util.IOUtils.getFromFuture(IOUtils.java:79)
	... 4 more
2019-09-17 03:19:11,203 [ae9625dc-248e-414f-955f-fccc978916e7@group-32A3D63B87B7-SegmentedRaftLogWorker] WARN  segmented.SegmentedRaftLogWorker (SegmentedRaftLogWorker.java:getFromFuture(90)) - Timeout 6/~
org.apache.ratis.protocol.TimeoutIOException: Timeout 10s: WriteLog:12: (t:2, i:12), STATEMACHINELOGENTRY, client-3E3F24432F02, cid=22-writeStateMachineData
	at org.apache.ratis.util.IOUtils.getFromFuture(IOUtils.java:87)
	at org.apache.ratis.server.raftlog.segmented.SegmentedRaftLogWorker$StateMachineDataPolicy.getFromFuture(SegmentedRaftLogWorker.java:87)
	at org.apache.ratis.server.raftlog.segmented.SegmentedRaftLogWorker$WriteLog.execute(SegmentedRaftLogWorker.java:477)
	at org.apache.ratis.server.raftlog.segmented.SegmentedRaftLogWorker.run(SegmentedRaftLogWorker.java:289)
	at java.lang.Thread.run(Thread.java:748)
Caused by: java.util.concurrent.TimeoutException
	at java.util.concurrent.CompletableFuture.timedGet(CompletableFuture.java:1771)
	at java.util.concurrent.CompletableFuture.get(CompletableFuture.java:1915)
	at org.apache.ratis.util.IOUtils.getFromFuture(IOUtils.java:79)
	... 4 more
2019-09-17 03:19:11,204 [1b957291-fe5b-420e-96dd-cc603eda7741@group-32A3D63B87B7-SegmentedRaftLogWorker] WARN  segmented.SegmentedRaftLogWorker (SegmentedRaftLogWorker.java:getFromFuture(90)) - Timeout 6/~
org.apache.ratis.protocol.TimeoutIOException: Timeout 10s: WriteLog:12: (t:2, i:12), STATEMACHINELOGENTRY, client-3E3F24432F02, cid=22-writeStateMachineData
	at org.apache.ratis.util.IOUtils.getFromFuture(IOUtils.java:87)
	at org.apache.ratis.server.raftlog.segmented.SegmentedRaftLogWorker$StateMachineDataPolicy.getFromFuture(SegmentedRaftLogWorker.java:87)
	at org.apache.ratis.server.raftlog.segmented.SegmentedRaftLogWorker$WriteLog.execute(SegmentedRaftLogWorker.java:477)
	at org.apache.ratis.server.raftlog.segmented.SegmentedRaftLogWorker.run(SegmentedRaftLogWorker.java:289)
	at java.lang.Thread.run(Thread.java:748)
Caused by: java.util.concurrent.TimeoutException
	at java.util.concurrent.CompletableFuture.timedGet(CompletableFuture.java:1771)
	at java.util.concurrent.CompletableFuture.get(CompletableFuture.java:1915)
	at org.apache.ratis.util.IOUtils.getFromFuture(IOUtils.java:79)
	... 4 more
2019-09-17 03:19:11,617 [java.util.concurrent.ThreadPoolExecutor$Worker@379360b2[State = -1, empty queue]] WARN  server.GrpcLogAppender (GrpcLogAppender.java:timeoutAppendRequest(200)) - ae9625dc-248e-414f-955f-fccc978916e7@group-32A3D63B87B7->12c7e022-5f96-4d2f-bd6c-0cb832bfe0bc-GrpcLogAppender: appendEntries Timeout, request=ae9625dc-248e-414f-955f-fccc978916e7->12c7e022-5f96-4d2f-bd6c-0cb832bfe0bc#41-t2, previous=(t:2, i:13), leaderCommit=10, initializing? false, entries: <empty>
2019-09-17 03:19:11,617 [java.util.concurrent.ThreadPoolExecutor$Worker@46c4a907[State = -1, empty queue]] WARN  server.GrpcLogAppender (GrpcLogAppender.java:timeoutAppendRequest(200)) - ae9625dc-248e-414f-955f-fccc978916e7@group-32A3D63B87B7->1b957291-fe5b-420e-96dd-cc603eda7741-GrpcLogAppender: appendEntries Timeout, request=ae9625dc-248e-414f-955f-fccc978916e7->1b957291-fe5b-420e-96dd-cc603eda7741#41-t2, previous=(t:2, i:13), leaderCommit=10, initializing? false, entries: <empty>
2019-09-17 03:19:11,876 [grpc-default-executor-3] INFO  client.GrpcClientProtocolClient (GrpcClientProtocolClient.java:onNext(264)) - client-3E3F24432F02->12c7e022-5f96-4d2f-bd6c-0cb832bfe0bc: receive RaftClientReply:client-3E3F24432F02->12c7e022-5f96-4d2f-bd6c-0cb832bfe0bc@group-32A3D63B87B7, cid=21, FAILED org.apache.ratis.protocol.NotLeaderException: Server 12c7e022-5f96-4d2f-bd6c-0cb832bfe0bc@group-32A3D63B87B7 is not the leader ae9625dc-248e-414f-955f-fccc978916e7:192.168.151.92:37052, logIndex=0, commits[12c7e022-5f96-4d2f-bd6c-0cb832bfe0bc:c10, ae9625dc-248e-414f-955f-fccc978916e7:c10, 1b957291-fe5b-420e-96dd-cc603eda7741:c6]
2019-09-17 03:19:14,117 [java.util.concurrent.ThreadPoolExecutor$Worker@379360b2[State = -1, empty queue]] WARN  server.GrpcLogAppender (GrpcLogAppender.java:timeoutAppendRequest(200)) - ae9625dc-248e-414f-955f-fccc978916e7@group-32A3D63B87B7->12c7e022-5f96-4d2f-bd6c-0cb832bfe0bc-GrpcLogAppender: appendEntries Timeout, request=ae9625dc-248e-414f-955f-fccc978916e7->12c7e022-5f96-4d2f-bd6c-0cb832bfe0bc#42-t2, previous=(t:2, i:13), leaderCommit=10, initializing? false, entries: <empty>
2019-09-17 03:19:14,117 [java.util.concurrent.ThreadPoolExecutor$Worker@46c4a907[State = -1, empty queue]] WARN  server.GrpcLogAppender (GrpcLogAppender.java:timeoutAppendRequest(200)) - ae9625dc-248e-414f-955f-fccc978916e7@group-32A3D63B87B7->1b957291-fe5b-420e-96dd-cc603eda7741-GrpcLogAppender: appendEntries Timeout, request=ae9625dc-248e-414f-955f-fccc978916e7->1b957291-fe5b-420e-96dd-cc603eda7741#42-t2, previous=(t:2, i:13), leaderCommit=10, initializing? false, entries: <empty>
2019-09-17 03:19:16,618 [java.util.concurrent.ThreadPoolExecutor$Worker@46c4a907[State = -1, empty queue]] WARN  server.GrpcLogAppender (GrpcLogAppender.java:timeoutAppendRequest(200)) - ae9625dc-248e-414f-955f-fccc978916e7@group-32A3D63B87B7->1b957291-fe5b-420e-96dd-cc603eda7741-GrpcLogAppender: appendEntries Timeout, request=ae9625dc-248e-414f-955f-fccc978916e7->1b957291-fe5b-420e-96dd-cc603eda7741#43-t2, previous=(t:2, i:13), leaderCommit=10, initializing? false, entries: <empty>
2019-09-17 03:19:16,618 [java.util.concurrent.ThreadPoolExecutor$Worker@379360b2[State = -1, empty queue]] WARN  server.GrpcLogAppender (GrpcLogAppender.java:timeoutAppendRequest(200)) - ae9625dc-248e-414f-955f-fccc978916e7@group-32A3D63B87B7->12c7e022-5f96-4d2f-bd6c-0cb832bfe0bc-GrpcLogAppender: appendEntries Timeout, request=ae9625dc-248e-414f-955f-fccc978916e7->12c7e022-5f96-4d2f-bd6c-0cb832bfe0bc#43-t2, previous=(t:2, i:13), leaderCommit=10, initializing? false, entries: <empty>
2019-09-17 03:19:16,931 [grpc-default-executor-2] INFO  client.GrpcClientProtocolClient (GrpcClientProtocolClient.java:onNext(264)) - client-3E3F24432F02->12c7e022-5f96-4d2f-bd6c-0cb832bfe0bc: receive RaftClientReply:client-3E3F24432F02->12c7e022-5f96-4d2f-bd6c-0cb832bfe0bc@group-32A3D63B87B7, cid=21, FAILED org.apache.ratis.protocol.NotLeaderException: Server 12c7e022-5f96-4d2f-bd6c-0cb832bfe0bc@group-32A3D63B87B7 is not the leader ae9625dc-248e-414f-955f-fccc978916e7:192.168.151.92:37052, logIndex=0, commits[12c7e022-5f96-4d2f-bd6c-0cb832bfe0bc:c10, ae9625dc-248e-414f-955f-fccc978916e7:c10, 1b957291-fe5b-420e-96dd-cc603eda7741:c6]
2019-09-17 03:19:19,119 [java.util.concurrent.ThreadPoolExecutor$Worker@379360b2[State = -1, empty queue]] WARN  server.GrpcLogAppender (GrpcLogAppender.java:timeoutAppendRequest(200)) - ae9625dc-248e-414f-955f-fccc978916e7@group-32A3D63B87B7->12c7e022-5f96-4d2f-bd6c-0cb832bfe0bc-GrpcLogAppender: appendEntries Timeout, request=ae9625dc-248e-414f-955f-fccc978916e7->12c7e022-5f96-4d2f-bd6c-0cb832bfe0bc#44-t2, previous=(t:2, i:13), leaderCommit=10, initializing? false, entries: <empty>
2019-09-17 03:19:19,119 [java.util.concurrent.ThreadPoolExecutor$Worker@46c4a907[State = -1, empty queue]] WARN  server.GrpcLogAppender (GrpcLogAppender.java:timeoutAppendRequest(200)) - ae9625dc-248e-414f-955f-fccc978916e7@group-32A3D63B87B7->1b957291-fe5b-420e-96dd-cc603eda7741-GrpcLogAppender: appendEntries Timeout, request=ae9625dc-248e-414f-955f-fccc978916e7->1b957291-fe5b-420e-96dd-cc603eda7741#44-t2, previous=(t:2, i:13), leaderCommit=10, initializing? false, entries: <empty>
2019-09-17 03:19:21,204 [12c7e022-5f96-4d2f-bd6c-0cb832bfe0bc@group-32A3D63B87B7-SegmentedRaftLogWorker] WARN  segmented.SegmentedRaftLogWorker (SegmentedRaftLogWorker.java:getFromFuture(90)) - Timeout 7/~
org.apache.ratis.protocol.TimeoutIOException: Timeout 10s: WriteLog:12: (t:2, i:12), STATEMACHINELOGENTRY, client-3E3F24432F02, cid=22-writeStateMachineData
	at org.apache.ratis.util.IOUtils.getFromFuture(IOUtils.java:87)
	at org.apache.ratis.server.raftlog.segmented.SegmentedRaftLogWorker$StateMachineDataPolicy.getFromFuture(SegmentedRaftLogWorker.java:87)
	at org.apache.ratis.server.raftlog.segmented.SegmentedRaftLogWorker$WriteLog.execute(SegmentedRaftLogWorker.java:477)
	at org.apache.ratis.server.raftlog.segmented.SegmentedRaftLogWorker.run(SegmentedRaftLogWorker.java:289)
	at java.lang.Thread.run(Thread.java:748)
Caused by: java.util.concurrent.TimeoutException
	at java.util.concurrent.CompletableFuture.timedGet(CompletableFuture.java:1771)
	at java.util.concurrent.CompletableFuture.get(CompletableFuture.java:1915)
	at org.apache.ratis.util.IOUtils.getFromFuture(IOUtils.java:79)
	... 4 more
2019-09-17 03:19:21,227 [ae9625dc-248e-414f-955f-fccc978916e7@group-32A3D63B87B7-SegmentedRaftLogWorker] WARN  segmented.SegmentedRaftLogWorker (SegmentedRaftLogWorker.java:getFromFuture(90)) - Timeout 7/~
org.apache.ratis.protocol.TimeoutIOException: Timeout 10s: WriteLog:12: (t:2, i:12), STATEMACHINELOGENTRY, client-3E3F24432F02, cid=22-writeStateMachineData
	at org.apache.ratis.util.IOUtils.getFromFuture(IOUtils.java:87)
	at org.apache.ratis.server.raftlog.segmented.SegmentedRaftLogWorker$StateMachineDataPolicy.getFromFuture(SegmentedRaftLogWorker.java:87)
	at org.apache.ratis.server.raftlog.segmented.SegmentedRaftLogWorker$WriteLog.execute(SegmentedRaftLogWorker.java:477)
	at org.apache.ratis.server.raftlog.segmented.SegmentedRaftLogWorker.run(SegmentedRaftLogWorker.java:289)
	at java.lang.Thread.run(Thread.java:748)
Caused by: java.util.concurrent.TimeoutException
	at java.util.concurrent.CompletableFuture.timedGet(CompletableFuture.java:1771)
	at java.util.concurrent.CompletableFuture.get(CompletableFuture.java:1915)
	at org.apache.ratis.util.IOUtils.getFromFuture(IOUtils.java:79)
	... 4 more
2019-09-17 03:19:21,228 [1b957291-fe5b-420e-96dd-cc603eda7741@group-32A3D63B87B7-SegmentedRaftLogWorker] WARN  segmented.SegmentedRaftLogWorker (SegmentedRaftLogWorker.java:getFromFuture(90)) - Timeout 7/~
org.apache.ratis.protocol.TimeoutIOException: Timeout 10s: WriteLog:12: (t:2, i:12), STATEMACHINELOGENTRY, client-3E3F24432F02, cid=22-writeStateMachineData
	at org.apache.ratis.util.IOUtils.getFromFuture(IOUtils.java:87)
	at org.apache.ratis.server.raftlog.segmented.SegmentedRaftLogWorker$StateMachineDataPolicy.getFromFuture(SegmentedRaftLogWorker.java:87)
	at org.apache.ratis.server.raftlog.segmented.SegmentedRaftLogWorker$WriteLog.execute(SegmentedRaftLogWorker.java:477)
	at org.apache.ratis.server.raftlog.segmented.SegmentedRaftLogWorker.run(SegmentedRaftLogWorker.java:289)
	at java.lang.Thread.run(Thread.java:748)
Caused by: java.util.concurrent.TimeoutException
	at java.util.concurrent.CompletableFuture.timedGet(CompletableFuture.java:1771)
	at java.util.concurrent.CompletableFuture.get(CompletableFuture.java:1915)
	at org.apache.ratis.util.IOUtils.getFromFuture(IOUtils.java:79)
	... 4 more
2019-09-17 03:19:21,620 [java.util.concurrent.ThreadPoolExecutor$Worker@379360b2[State = -1, empty queue]] WARN  server.GrpcLogAppender (GrpcLogAppender.java:timeoutAppendRequest(200)) - ae9625dc-248e-414f-955f-fccc978916e7@group-32A3D63B87B7->12c7e022-5f96-4d2f-bd6c-0cb832bfe0bc-GrpcLogAppender: appendEntries Timeout, request=ae9625dc-248e-414f-955f-fccc978916e7->12c7e022-5f96-4d2f-bd6c-0cb832bfe0bc#45-t2, previous=(t:2, i:13), leaderCommit=10, initializing? false, entries: <empty>
2019-09-17 03:19:21,620 [java.util.concurrent.ThreadPoolExecutor$Worker@46c4a907[State = -1, empty queue]] WARN  server.GrpcLogAppender (GrpcLogAppender.java:timeoutAppendRequest(200)) - ae9625dc-248e-414f-955f-fccc978916e7@group-32A3D63B87B7->1b957291-fe5b-420e-96dd-cc603eda7741-GrpcLogAppender: appendEntries Timeout, request=ae9625dc-248e-414f-955f-fccc978916e7->1b957291-fe5b-420e-96dd-cc603eda7741#45-t2, previous=(t:2, i:13), leaderCommit=10, initializing? false, entries: <empty>
2019-09-17 03:19:21,987 [grpc-default-executor-2] INFO  client.GrpcClientProtocolClient (GrpcClientProtocolClient.java:onNext(264)) - client-3E3F24432F02->1b957291-fe5b-420e-96dd-cc603eda7741: receive RaftClientReply:client-3E3F24432F02->1b957291-fe5b-420e-96dd-cc603eda7741@group-32A3D63B87B7, cid=21, FAILED org.apache.ratis.protocol.NotLeaderException: Server 1b957291-fe5b-420e-96dd-cc603eda7741@group-32A3D63B87B7 is not the leader ae9625dc-248e-414f-955f-fccc978916e7:192.168.151.92:37052, logIndex=0, commits[1b957291-fe5b-420e-96dd-cc603eda7741:c10, ae9625dc-248e-414f-955f-fccc978916e7:c10, 12c7e022-5f96-4d2f-bd6c-0cb832bfe0bc:c6]
2019-09-17 03:19:24,121 [java.util.concurrent.ThreadPoolExecutor$Worker@379360b2[State = -1, empty queue]] WARN  server.GrpcLogAppender (GrpcLogAppender.java:timeoutAppendRequest(200)) - ae9625dc-248e-414f-955f-fccc978916e7@group-32A3D63B87B7->12c7e022-5f96-4d2f-bd6c-0cb832bfe0bc-GrpcLogAppender: appendEntries Timeout, request=ae9625dc-248e-414f-955f-fccc978916e7->12c7e022-5f96-4d2f-bd6c-0cb832bfe0bc#46-t2, previous=(t:2, i:13), leaderCommit=10, initializing? false, entries: <empty>
2019-09-17 03:19:24,121 [java.util.concurrent.ThreadPoolExecutor$Worker@46c4a907[State = -1, empty queue]] WARN  server.GrpcLogAppender (GrpcLogAppender.java:timeoutAppendRequest(200)) - ae9625dc-248e-414f-955f-fccc978916e7@group-32A3D63B87B7->1b957291-fe5b-420e-96dd-cc603eda7741-GrpcLogAppender: appendEntries Timeout, request=ae9625dc-248e-414f-955f-fccc978916e7->1b957291-fe5b-420e-96dd-cc603eda7741#46-t2, previous=(t:2, i:13), leaderCommit=10, initializing? false, entries: <empty>
2019-09-17 03:19:26,622 [java.util.concurrent.ThreadPoolExecutor$Worker@379360b2[State = -1, empty queue]] WARN  server.GrpcLogAppender (GrpcLogAppender.java:timeoutAppendRequest(200)) - ae9625dc-248e-414f-955f-fccc978916e7@group-32A3D63B87B7->12c7e022-5f96-4d2f-bd6c-0cb832bfe0bc-GrpcLogAppender: appendEntries Timeout, request=ae9625dc-248e-414f-955f-fccc978916e7->12c7e022-5f96-4d2f-bd6c-0cb832bfe0bc#47-t2, previous=(t:2, i:13), leaderCommit=10, initializing? false, entries: <empty>
2019-09-17 03:19:26,622 [java.util.concurrent.ThreadPoolExecutor$Worker@46c4a907[State = -1, empty queue]] WARN  server.GrpcLogAppender (GrpcLogAppender.java:timeoutAppendRequest(200)) - ae9625dc-248e-414f-955f-fccc978916e7@group-32A3D63B87B7->1b957291-fe5b-420e-96dd-cc603eda7741-GrpcLogAppender: appendEntries Timeout, request=ae9625dc-248e-414f-955f-fccc978916e7->1b957291-fe5b-420e-96dd-cc603eda7741#47-t2, previous=(t:2, i:13), leaderCommit=10, initializing? false, entries: <empty>
2019-09-17 03:19:27,050 [grpc-default-executor-2] INFO  client.GrpcClientProtocolClient (GrpcClientProtocolClient.java:onNext(264)) - client-3E3F24432F02->1b957291-fe5b-420e-96dd-cc603eda7741: receive RaftClientReply:client-3E3F24432F02->1b957291-fe5b-420e-96dd-cc603eda7741@group-32A3D63B87B7, cid=21, FAILED org.apache.ratis.protocol.NotLeaderException: Server 1b957291-fe5b-420e-96dd-cc603eda7741@group-32A3D63B87B7 is not the leader ae9625dc-248e-414f-955f-fccc978916e7:192.168.151.92:37052, logIndex=0, commits[1b957291-fe5b-420e-96dd-cc603eda7741:c10, ae9625dc-248e-414f-955f-fccc978916e7:c10, 12c7e022-5f96-4d2f-bd6c-0cb832bfe0bc:c6]
2019-09-17 03:19:29,122 [java.util.concurrent.ThreadPoolExecutor$Worker@379360b2[State = -1, empty queue]] WARN  server.GrpcLogAppender (GrpcLogAppender.java:timeoutAppendRequest(200)) - ae9625dc-248e-414f-955f-fccc978916e7@group-32A3D63B87B7->12c7e022-5f96-4d2f-bd6c-0cb832bfe0bc-GrpcLogAppender: appendEntries Timeout, request=ae9625dc-248e-414f-955f-fccc978916e7->12c7e022-5f96-4d2f-bd6c-0cb832bfe0bc#48-t2, previous=(t:2, i:13), leaderCommit=10, initializing? false, entries: <empty>
2019-09-17 03:19:29,122 [java.util.concurrent.ThreadPoolExecutor$Worker@46c4a907[State = -1, empty queue]] WARN  server.GrpcLogAppender (GrpcLogAppender.java:timeoutAppendRequest(200)) - ae9625dc-248e-414f-955f-fccc978916e7@group-32A3D63B87B7->1b957291-fe5b-420e-96dd-cc603eda7741-GrpcLogAppender: appendEntries Timeout, request=ae9625dc-248e-414f-955f-fccc978916e7->1b957291-fe5b-420e-96dd-cc603eda7741#48-t2, previous=(t:2, i:13), leaderCommit=10, initializing? false, entries: <empty>
2019-09-17 03:19:31,206 [12c7e022-5f96-4d2f-bd6c-0cb832bfe0bc@group-32A3D63B87B7-SegmentedRaftLogWorker] WARN  segmented.SegmentedRaftLogWorker (SegmentedRaftLogWorker.java:getFromFuture(90)) - Timeout 8/~
org.apache.ratis.protocol.TimeoutIOException: Timeout 10s: WriteLog:12: (t:2, i:12), STATEMACHINELOGENTRY, client-3E3F24432F02, cid=22-writeStateMachineData
	at org.apache.ratis.util.IOUtils.getFromFuture(IOUtils.java:87)
	at org.apache.ratis.server.raftlog.segmented.SegmentedRaftLogWorker$StateMachineDataPolicy.getFromFuture(SegmentedRaftLogWorker.java:87)
	at org.apache.ratis.server.raftlog.segmented.SegmentedRaftLogWorker$WriteLog.execute(SegmentedRaftLogWorker.java:477)
	at org.apache.ratis.server.raftlog.segmented.SegmentedRaftLogWorker.run(SegmentedRaftLogWorker.java:289)
	at java.lang.Thread.run(Thread.java:748)
Caused by: java.util.concurrent.TimeoutException
	at java.util.concurrent.CompletableFuture.timedGet(CompletableFuture.java:1771)
	at java.util.concurrent.CompletableFuture.get(CompletableFuture.java:1915)
	at org.apache.ratis.util.IOUtils.getFromFuture(IOUtils.java:79)
	... 4 more
2019-09-17 03:19:31,228 [ae9625dc-248e-414f-955f-fccc978916e7@group-32A3D63B87B7-SegmentedRaftLogWorker] WARN  segmented.SegmentedRaftLogWorker (SegmentedRaftLogWorker.java:getFromFuture(90)) - Timeout 8/~
org.apache.ratis.protocol.TimeoutIOException: Timeout 10s: WriteLog:12: (t:2, i:12), STATEMACHINELOGENTRY, client-3E3F24432F02, cid=22-writeStateMachineData
	at org.apache.ratis.util.IOUtils.getFromFuture(IOUtils.java:87)
	at org.apache.ratis.server.raftlog.segmented.SegmentedRaftLogWorker$StateMachineDataPolicy.getFromFuture(SegmentedRaftLogWorker.java:87)
	at org.apache.ratis.server.raftlog.segmented.SegmentedRaftLogWorker$WriteLog.execute(SegmentedRaftLogWorker.java:477)
	at org.apache.ratis.server.raftlog.segmented.SegmentedRaftLogWorker.run(SegmentedRaftLogWorker.java:289)
	at java.lang.Thread.run(Thread.java:748)
Caused by: java.util.concurrent.TimeoutException
	at java.util.concurrent.CompletableFuture.timedGet(CompletableFuture.java:1771)
	at java.util.concurrent.CompletableFuture.get(CompletableFuture.java:1915)
	at org.apache.ratis.util.IOUtils.getFromFuture(IOUtils.java:79)
	... 4 more
2019-09-17 03:19:31,229 [1b957291-fe5b-420e-96dd-cc603eda7741@group-32A3D63B87B7-SegmentedRaftLogWorker] WARN  segmented.SegmentedRaftLogWorker (SegmentedRaftLogWorker.java:getFromFuture(90)) - Timeout 8/~
org.apache.ratis.protocol.TimeoutIOException: Timeout 10s: WriteLog:12: (t:2, i:12), STATEMACHINELOGENTRY, client-3E3F24432F02, cid=22-writeStateMachineData
	at org.apache.ratis.util.IOUtils.getFromFuture(IOUtils.java:87)
	at org.apache.ratis.server.raftlog.segmented.SegmentedRaftLogWorker$StateMachineDataPolicy.getFromFuture(SegmentedRaftLogWorker.java:87)
	at org.apache.ratis.server.raftlog.segmented.SegmentedRaftLogWorker$WriteLog.execute(SegmentedRaftLogWorker.java:477)
	at org.apache.ratis.server.raftlog.segmented.SegmentedRaftLogWorker.run(SegmentedRaftLogWorker.java:289)
	at java.lang.Thread.run(Thread.java:748)
Caused by: java.util.concurrent.TimeoutException
	at java.util.concurrent.CompletableFuture.timedGet(CompletableFuture.java:1771)
	at java.util.concurrent.CompletableFuture.get(CompletableFuture.java:1915)
	at org.apache.ratis.util.IOUtils.getFromFuture(IOUtils.java:79)
	... 4 more
2019-09-17 03:19:31,622 [java.util.concurrent.ThreadPoolExecutor$Worker@46c4a907[State = -1, empty queue]] WARN  server.GrpcLogAppender (GrpcLogAppender.java:timeoutAppendRequest(200)) - ae9625dc-248e-414f-955f-fccc978916e7@group-32A3D63B87B7->1b957291-fe5b-420e-96dd-cc603eda7741-GrpcLogAppender: appendEntries Timeout, request=ae9625dc-248e-414f-955f-fccc978916e7->1b957291-fe5b-420e-96dd-cc603eda7741#49-t2, previous=(t:2, i:13), leaderCommit=10, initializing? false, entries: <empty>
2019-09-17 03:19:31,622 [java.util.concurrent.ThreadPoolExecutor$Worker@379360b2[State = -1, empty queue]] WARN  server.GrpcLogAppender (GrpcLogAppender.java:timeoutAppendRequest(200)) - ae9625dc-248e-414f-955f-fccc978916e7@group-32A3D63B87B7->12c7e022-5f96-4d2f-bd6c-0cb832bfe0bc-GrpcLogAppender: appendEntries Timeout, request=ae9625dc-248e-414f-955f-fccc978916e7->12c7e022-5f96-4d2f-bd6c-0cb832bfe0bc#49-t2, previous=(t:2, i:13), leaderCommit=10, initializing? false, entries: <empty>
2019-09-17 03:19:32,088 [grpc-default-executor-3] INFO  client.GrpcClientProtocolClient (GrpcClientProtocolClient.java:onNext(264)) - client-3E3F24432F02->12c7e022-5f96-4d2f-bd6c-0cb832bfe0bc: receive RaftClientReply:client-3E3F24432F02->12c7e022-5f96-4d2f-bd6c-0cb832bfe0bc@group-32A3D63B87B7, cid=21, FAILED org.apache.ratis.protocol.NotLeaderException: Server 12c7e022-5f96-4d2f-bd6c-0cb832bfe0bc@group-32A3D63B87B7 is not the leader ae9625dc-248e-414f-955f-fccc978916e7:192.168.151.92:37052, logIndex=0, commits[12c7e022-5f96-4d2f-bd6c-0cb832bfe0bc:c10, ae9625dc-248e-414f-955f-fccc978916e7:c10, 1b957291-fe5b-420e-96dd-cc603eda7741:c6]
2019-09-17 03:19:34,123 [java.util.concurrent.ThreadPoolExecutor$Worker@379360b2[State = -1, empty queue]] WARN  server.GrpcLogAppender (GrpcLogAppender.java:timeoutAppendRequest(200)) - ae9625dc-248e-414f-955f-fccc978916e7@group-32A3D63B87B7->12c7e022-5f96-4d2f-bd6c-0cb832bfe0bc-GrpcLogAppender: appendEntries Timeout, request=ae9625dc-248e-414f-955f-fccc978916e7->12c7e022-5f96-4d2f-bd6c-0cb832bfe0bc#50-t2, previous=(t:2, i:13), leaderCommit=10, initializing? false, entries: <empty>
2019-09-17 03:19:34,123 [java.util.concurrent.ThreadPoolExecutor$Worker@46c4a907[State = -1, empty queue]] WARN  server.GrpcLogAppender (GrpcLogAppender.java:timeoutAppendRequest(200)) - ae9625dc-248e-414f-955f-fccc978916e7@group-32A3D63B87B7->1b957291-fe5b-420e-96dd-cc603eda7741-GrpcLogAppender: appendEntries Timeout, request=ae9625dc-248e-414f-955f-fccc978916e7->1b957291-fe5b-420e-96dd-cc603eda7741#50-t2, previous=(t:2, i:13), leaderCommit=10, initializing? false, entries: <empty>
2019-09-17 03:19:36,623 [java.util.concurrent.ThreadPoolExecutor$Worker@379360b2[State = -1, empty queue]] WARN  server.GrpcLogAppender (GrpcLogAppender.java:timeoutAppendRequest(200)) - ae9625dc-248e-414f-955f-fccc978916e7@group-32A3D63B87B7->12c7e022-5f96-4d2f-bd6c-0cb832bfe0bc-GrpcLogAppender: appendEntries Timeout, request=ae9625dc-248e-414f-955f-fccc978916e7->12c7e022-5f96-4d2f-bd6c-0cb832bfe0bc#51-t2, previous=(t:2, i:13), leaderCommit=10, initializing? false, entries: <empty>
2019-09-17 03:19:36,623 [java.util.concurrent.ThreadPoolExecutor$Worker@46c4a907[State = -1, empty queue]] WARN  server.GrpcLogAppender (GrpcLogAppender.java:timeoutAppendRequest(200)) - ae9625dc-248e-414f-955f-fccc978916e7@group-32A3D63B87B7->1b957291-fe5b-420e-96dd-cc603eda7741-GrpcLogAppender: appendEntries Timeout, request=ae9625dc-248e-414f-955f-fccc978916e7->1b957291-fe5b-420e-96dd-cc603eda7741#51-t2, previous=(t:2, i:13), leaderCommit=10, initializing? false, entries: <empty>
2019-09-17 03:19:37,131 [grpc-default-executor-3] INFO  client.GrpcClientProtocolClient (GrpcClientProtocolClient.java:onNext(264)) - client-3E3F24432F02->1b957291-fe5b-420e-96dd-cc603eda7741: receive RaftClientReply:client-3E3F24432F02->1b957291-fe5b-420e-96dd-cc603eda7741@group-32A3D63B87B7, cid=21, FAILED org.apache.ratis.protocol.NotLeaderException: Server 1b957291-fe5b-420e-96dd-cc603eda7741@group-32A3D63B87B7 is not the leader ae9625dc-248e-414f-955f-fccc978916e7:192.168.151.92:37052, logIndex=0, commits[1b957291-fe5b-420e-96dd-cc603eda7741:c10, ae9625dc-248e-414f-955f-fccc978916e7:c10, 12c7e022-5f96-4d2f-bd6c-0cb832bfe0bc:c6]
2019-09-17 03:19:39,124 [java.util.concurrent.ThreadPoolExecutor$Worker@379360b2[State = -1, empty queue]] WARN  server.GrpcLogAppender (GrpcLogAppender.java:timeoutAppendRequest(200)) - ae9625dc-248e-414f-955f-fccc978916e7@group-32A3D63B87B7->12c7e022-5f96-4d2f-bd6c-0cb832bfe0bc-GrpcLogAppender: appendEntries Timeout, request=ae9625dc-248e-414f-955f-fccc978916e7->12c7e022-5f96-4d2f-bd6c-0cb832bfe0bc#52-t2, previous=(t:2, i:13), leaderCommit=10, initializing? false, entries: <empty>
2019-09-17 03:19:39,124 [java.util.concurrent.ThreadPoolExecutor$Worker@46c4a907[State = -1, empty queue]] WARN  server.GrpcLogAppender (GrpcLogAppender.java:timeoutAppendRequest(200)) - ae9625dc-248e-414f-955f-fccc978916e7@group-32A3D63B87B7->1b957291-fe5b-420e-96dd-cc603eda7741-GrpcLogAppender: appendEntries Timeout, request=ae9625dc-248e-414f-955f-fccc978916e7->1b957291-fe5b-420e-96dd-cc603eda7741#52-t2, previous=(t:2, i:13), leaderCommit=10, initializing? false, entries: <empty>
2019-09-17 03:19:41,208 [12c7e022-5f96-4d2f-bd6c-0cb832bfe0bc@group-32A3D63B87B7-SegmentedRaftLogWorker] WARN  segmented.SegmentedRaftLogWorker (SegmentedRaftLogWorker.java:getFromFuture(90)) - Timeout 9/~
org.apache.ratis.protocol.TimeoutIOException: Timeout 10s: WriteLog:12: (t:2, i:12), STATEMACHINELOGENTRY, client-3E3F24432F02, cid=22-writeStateMachineData
	at org.apache.ratis.util.IOUtils.getFromFuture(IOUtils.java:87)
	at org.apache.ratis.server.raftlog.segmented.SegmentedRaftLogWorker$StateMachineDataPolicy.getFromFuture(SegmentedRaftLogWorker.java:87)
	at org.apache.ratis.server.raftlog.segmented.SegmentedRaftLogWorker$WriteLog.execute(SegmentedRaftLogWorker.java:477)
	at org.apache.ratis.server.raftlog.segmented.SegmentedRaftLogWorker.run(SegmentedRaftLogWorker.java:289)
	at java.lang.Thread.run(Thread.java:748)
Caused by: java.util.concurrent.TimeoutException
	at java.util.concurrent.CompletableFuture.timedGet(CompletableFuture.java:1771)
	at java.util.concurrent.CompletableFuture.get(CompletableFuture.java:1915)
	at org.apache.ratis.util.IOUtils.getFromFuture(IOUtils.java:79)
	... 4 more
2019-09-17 03:19:41,229 [ae9625dc-248e-414f-955f-fccc978916e7@group-32A3D63B87B7-SegmentedRaftLogWorker] WARN  segmented.SegmentedRaftLogWorker (SegmentedRaftLogWorker.java:getFromFuture(90)) - Timeout 9/~
org.apache.ratis.protocol.TimeoutIOException: Timeout 10s: WriteLog:12: (t:2, i:12), STATEMACHINELOGENTRY, client-3E3F24432F02, cid=22-writeStateMachineData
	at org.apache.ratis.util.IOUtils.getFromFuture(IOUtils.java:87)
	at org.apache.ratis.server.raftlog.segmented.SegmentedRaftLogWorker$StateMachineDataPolicy.getFromFuture(SegmentedRaftLogWorker.java:87)
	at org.apache.ratis.server.raftlog.segmented.SegmentedRaftLogWorker$WriteLog.execute(SegmentedRaftLogWorker.java:477)
	at org.apache.ratis.server.raftlog.segmented.SegmentedRaftLogWorker.run(SegmentedRaftLogWorker.java:289)
	at java.lang.Thread.run(Thread.java:748)
Caused by: java.util.concurrent.TimeoutException
	at java.util.concurrent.CompletableFuture.timedGet(CompletableFuture.java:1771)
	at java.util.concurrent.CompletableFuture.get(CompletableFuture.java:1915)
	at org.apache.ratis.util.IOUtils.getFromFuture(IOUtils.java:79)
	... 4 more
2019-09-17 03:19:41,230 [1b957291-fe5b-420e-96dd-cc603eda7741@group-32A3D63B87B7-SegmentedRaftLogWorker] WARN  segmented.SegmentedRaftLogWorker (SegmentedRaftLogWorker.java:getFromFuture(90)) - Timeout 9/~
org.apache.ratis.protocol.TimeoutIOException: Timeout 10s: WriteLog:12: (t:2, i:12), STATEMACHINELOGENTRY, client-3E3F24432F02, cid=22-writeStateMachineData
	at org.apache.ratis.util.IOUtils.getFromFuture(IOUtils.java:87)
	at org.apache.ratis.server.raftlog.segmented.SegmentedRaftLogWorker$StateMachineDataPolicy.getFromFuture(SegmentedRaftLogWorker.java:87)
	at org.apache.ratis.server.raftlog.segmented.SegmentedRaftLogWorker$WriteLog.execute(SegmentedRaftLogWorker.java:477)
	at org.apache.ratis.server.raftlog.segmented.SegmentedRaftLogWorker.run(SegmentedRaftLogWorker.java:289)
	at java.lang.Thread.run(Thread.java:748)
Caused by: java.util.concurrent.TimeoutException
	at java.util.concurrent.CompletableFuture.timedGet(CompletableFuture.java:1771)
	at java.util.concurrent.CompletableFuture.get(CompletableFuture.java:1915)
	at org.apache.ratis.util.IOUtils.getFromFuture(IOUtils.java:79)
	... 4 more
2019-09-17 03:19:41,624 [java.util.concurrent.ThreadPoolExecutor$Worker@46c4a907[State = -1, empty queue]] WARN  server.GrpcLogAppender (GrpcLogAppender.java:timeoutAppendRequest(200)) - ae9625dc-248e-414f-955f-fccc978916e7@group-32A3D63B87B7->1b957291-fe5b-420e-96dd-cc603eda7741-GrpcLogAppender: appendEntries Timeout, request=ae9625dc-248e-414f-955f-fccc978916e7->1b957291-fe5b-420e-96dd-cc603eda7741#53-t2, previous=(t:2, i:13), leaderCommit=10, initializing? false, entries: <empty>
2019-09-17 03:19:41,624 [java.util.concurrent.ThreadPoolExecutor$Worker@379360b2[State = -1, empty queue]] WARN  server.GrpcLogAppender (GrpcLogAppender.java:timeoutAppendRequest(200)) - ae9625dc-248e-414f-955f-fccc978916e7@group-32A3D63B87B7->12c7e022-5f96-4d2f-bd6c-0cb832bfe0bc-GrpcLogAppender: appendEntries Timeout, request=ae9625dc-248e-414f-955f-fccc978916e7->12c7e022-5f96-4d2f-bd6c-0cb832bfe0bc#53-t2, previous=(t:2, i:13), leaderCommit=10, initializing? false, entries: <empty>
2019-09-17 03:19:42,211 [grpc-default-executor-2] INFO  client.GrpcClientProtocolClient (GrpcClientProtocolClient.java:onNext(264)) - client-3E3F24432F02->12c7e022-5f96-4d2f-bd6c-0cb832bfe0bc: receive RaftClientReply:client-3E3F24432F02->12c7e022-5f96-4d2f-bd6c-0cb832bfe0bc@group-32A3D63B87B7, cid=21, FAILED org.apache.ratis.protocol.NotLeaderException: Server 12c7e022-5f96-4d2f-bd6c-0cb832bfe0bc@group-32A3D63B87B7 is not the leader ae9625dc-248e-414f-955f-fccc978916e7:192.168.151.92:37052, logIndex=0, commits[12c7e022-5f96-4d2f-bd6c-0cb832bfe0bc:c10, ae9625dc-248e-414f-955f-fccc978916e7:c10, 1b957291-fe5b-420e-96dd-cc603eda7741:c6]
2019-09-17 03:19:44,125 [java.util.concurrent.ThreadPoolExecutor$Worker@379360b2[State = -1, empty queue]] WARN  server.GrpcLogAppender (GrpcLogAppender.java:timeoutAppendRequest(200)) - ae9625dc-248e-414f-955f-fccc978916e7@group-32A3D63B87B7->12c7e022-5f96-4d2f-bd6c-0cb832bfe0bc-GrpcLogAppender: appendEntries Timeout, request=ae9625dc-248e-414f-955f-fccc978916e7->12c7e022-5f96-4d2f-bd6c-0cb832bfe0bc#54-t2, previous=(t:2, i:13), leaderCommit=10, initializing? false, entries: <empty>
2019-09-17 03:19:44,125 [java.util.concurrent.ThreadPoolExecutor$Worker@46c4a907[State = -1, empty queue]] WARN  server.GrpcLogAppender (GrpcLogAppender.java:timeoutAppendRequest(200)) - ae9625dc-248e-414f-955f-fccc978916e7@group-32A3D63B87B7->1b957291-fe5b-420e-96dd-cc603eda7741-GrpcLogAppender: appendEntries Timeout, request=ae9625dc-248e-414f-955f-fccc978916e7->1b957291-fe5b-420e-96dd-cc603eda7741#54-t2, previous=(t:2, i:13), leaderCommit=10, initializing? false, entries: <empty>
2019-09-17 03:19:46,628 [java.util.concurrent.ThreadPoolExecutor$Worker@46c4a907[State = -1, empty queue]] WARN  server.GrpcLogAppender (GrpcLogAppender.java:timeoutAppendRequest(200)) - ae9625dc-248e-414f-955f-fccc978916e7@group-32A3D63B87B7->1b957291-fe5b-420e-96dd-cc603eda7741-GrpcLogAppender: appendEntries Timeout, request=ae9625dc-248e-414f-955f-fccc978916e7->1b957291-fe5b-420e-96dd-cc603eda7741#55-t2, previous=(t:2, i:13), leaderCommit=10, initializing? false, entries: <empty>
2019-09-17 03:19:46,628 [java.util.concurrent.ThreadPoolExecutor$Worker@379360b2[State = -1, empty queue]] WARN  server.GrpcLogAppender (GrpcLogAppender.java:timeoutAppendRequest(200)) - ae9625dc-248e-414f-955f-fccc978916e7@group-32A3D63B87B7->12c7e022-5f96-4d2f-bd6c-0cb832bfe0bc-GrpcLogAppender: appendEntries Timeout, request=ae9625dc-248e-414f-955f-fccc978916e7->12c7e022-5f96-4d2f-bd6c-0cb832bfe0bc#55-t2, previous=(t:2, i:13), leaderCommit=10, initializing? false, entries: <empty>
2019-09-17 03:19:47,261 [grpc-default-executor-2] INFO  client.GrpcClientProtocolClient (GrpcClientProtocolClient.java:onNext(264)) - client-3E3F24432F02->1b957291-fe5b-420e-96dd-cc603eda7741: receive RaftClientReply:client-3E3F24432F02->1b957291-fe5b-420e-96dd-cc603eda7741@group-32A3D63B87B7, cid=21, FAILED org.apache.ratis.protocol.NotLeaderException: Server 1b957291-fe5b-420e-96dd-cc603eda7741@group-32A3D63B87B7 is not the leader ae9625dc-248e-414f-955f-fccc978916e7:192.168.151.92:37052, logIndex=0, commits[1b957291-fe5b-420e-96dd-cc603eda7741:c10, ae9625dc-248e-414f-955f-fccc978916e7:c10, 12c7e022-5f96-4d2f-bd6c-0cb832bfe0bc:c6]
2019-09-17 03:19:49,126 [java.util.concurrent.ThreadPoolExecutor$Worker@46c4a907[State = -1, empty queue]] WARN  server.GrpcLogAppender (GrpcLogAppender.java:timeoutAppendRequest(200)) - ae9625dc-248e-414f-955f-fccc978916e7@group-32A3D63B87B7->1b957291-fe5b-420e-96dd-cc603eda7741-GrpcLogAppender: appendEntries Timeout, request=ae9625dc-248e-414f-955f-fccc978916e7->1b957291-fe5b-420e-96dd-cc603eda7741#56-t2, previous=(t:2, i:13), leaderCommit=10, initializing? false, entries: <empty>
2019-09-17 03:19:49,126 [java.util.concurrent.ThreadPoolExecutor$Worker@379360b2[State = -1, empty queue]] WARN  server.GrpcLogAppender (GrpcLogAppender.java:timeoutAppendRequest(200)) - ae9625dc-248e-414f-955f-fccc978916e7@group-32A3D63B87B7->12c7e022-5f96-4d2f-bd6c-0cb832bfe0bc-GrpcLogAppender: appendEntries Timeout, request=ae9625dc-248e-414f-955f-fccc978916e7->12c7e022-5f96-4d2f-bd6c-0cb832bfe0bc#56-t2, previous=(t:2, i:13), leaderCommit=10, initializing? false, entries: <empty>
2019-09-17 03:19:51,209 [12c7e022-5f96-4d2f-bd6c-0cb832bfe0bc@group-32A3D63B87B7-SegmentedRaftLogWorker] WARN  segmented.SegmentedRaftLogWorker (SegmentedRaftLogWorker.java:getFromFuture(90)) - Timeout 10/~
org.apache.ratis.protocol.TimeoutIOException: Timeout 10s: WriteLog:12: (t:2, i:12), STATEMACHINELOGENTRY, client-3E3F24432F02, cid=22-writeStateMachineData
	at org.apache.ratis.util.IOUtils.getFromFuture(IOUtils.java:87)
	at org.apache.ratis.server.raftlog.segmented.SegmentedRaftLogWorker$StateMachineDataPolicy.getFromFuture(SegmentedRaftLogWorker.java:87)
	at org.apache.ratis.server.raftlog.segmented.SegmentedRaftLogWorker$WriteLog.execute(SegmentedRaftLogWorker.java:477)
	at org.apache.ratis.server.raftlog.segmented.SegmentedRaftLogWorker.run(SegmentedRaftLogWorker.java:289)
	at java.lang.Thread.run(Thread.java:748)
Caused by: java.util.concurrent.TimeoutException
	at java.util.concurrent.CompletableFuture.timedGet(CompletableFuture.java:1771)
	at java.util.concurrent.CompletableFuture.get(CompletableFuture.java:1915)
	at org.apache.ratis.util.IOUtils.getFromFuture(IOUtils.java:79)
	... 4 more
2019-09-17 03:19:51,230 [ae9625dc-248e-414f-955f-fccc978916e7@group-32A3D63B87B7-SegmentedRaftLogWorker] WARN  segmented.SegmentedRaftLogWorker (SegmentedRaftLogWorker.java:getFromFuture(90)) - Timeout 10/~
org.apache.ratis.protocol.TimeoutIOException: Timeout 10s: WriteLog:12: (t:2, i:12), STATEMACHINELOGENTRY, client-3E3F24432F02, cid=22-writeStateMachineData
	at org.apache.ratis.util.IOUtils.getFromFuture(IOUtils.java:87)
	at org.apache.ratis.server.raftlog.segmented.SegmentedRaftLogWorker$StateMachineDataPolicy.getFromFuture(SegmentedRaftLogWorker.java:87)
	at org.apache.ratis.server.raftlog.segmented.SegmentedRaftLogWorker$WriteLog.execute(SegmentedRaftLogWorker.java:477)
	at org.apache.ratis.server.raftlog.segmented.SegmentedRaftLogWorker.run(SegmentedRaftLogWorker.java:289)
	at java.lang.Thread.run(Thread.java:748)
Caused by: java.util.concurrent.TimeoutException
	at java.util.concurrent.CompletableFuture.timedGet(CompletableFuture.java:1771)
	at java.util.concurrent.CompletableFuture.get(CompletableFuture.java:1915)
	at org.apache.ratis.util.IOUtils.getFromFuture(IOUtils.java:79)
	... 4 more
2019-09-17 03:19:51,231 [1b957291-fe5b-420e-96dd-cc603eda7741@group-32A3D63B87B7-SegmentedRaftLogWorker] WARN  segmented.SegmentedRaftLogWorker (SegmentedRaftLogWorker.java:getFromFuture(90)) - Timeout 10/~
org.apache.ratis.protocol.TimeoutIOException: Timeout 10s: WriteLog:12: (t:2, i:12), STATEMACHINELOGENTRY, client-3E3F24432F02, cid=22-writeStateMachineData
	at org.apache.ratis.util.IOUtils.getFromFuture(IOUtils.java:87)
	at org.apache.ratis.server.raftlog.segmented.SegmentedRaftLogWorker$StateMachineDataPolicy.getFromFuture(SegmentedRaftLogWorker.java:87)
	at org.apache.ratis.server.raftlog.segmented.SegmentedRaftLogWorker$WriteLog.execute(SegmentedRaftLogWorker.java:477)
	at org.apache.ratis.server.raftlog.segmented.SegmentedRaftLogWorker.run(SegmentedRaftLogWorker.java:289)
	at java.lang.Thread.run(Thread.java:748)
Caused by: java.util.concurrent.TimeoutException
	at java.util.concurrent.CompletableFuture.timedGet(CompletableFuture.java:1771)
	at java.util.concurrent.CompletableFuture.get(CompletableFuture.java:1915)
	at org.apache.ratis.util.IOUtils.getFromFuture(IOUtils.java:79)
	... 4 more
2019-09-17 03:19:51,628 [java.util.concurrent.ThreadPoolExecutor$Worker@379360b2[State = -1, empty queue]] WARN  server.GrpcLogAppender (GrpcLogAppender.java:timeoutAppendRequest(200)) - ae9625dc-248e-414f-955f-fccc978916e7@group-32A3D63B87B7->12c7e022-5f96-4d2f-bd6c-0cb832bfe0bc-GrpcLogAppender: appendEntries Timeout, request=ae9625dc-248e-414f-955f-fccc978916e7->12c7e022-5f96-4d2f-bd6c-0cb832bfe0bc#57-t2, previous=(t:2, i:13), leaderCommit=10, initializing? false, entries: <empty>
2019-09-17 03:19:51,628 [java.util.concurrent.ThreadPoolExecutor$Worker@46c4a907[State = -1, empty queue]] WARN  server.GrpcLogAppender (GrpcLogAppender.java:timeoutAppendRequest(200)) - ae9625dc-248e-414f-955f-fccc978916e7@group-32A3D63B87B7->1b957291-fe5b-420e-96dd-cc603eda7741-GrpcLogAppender: appendEntries Timeout, request=ae9625dc-248e-414f-955f-fccc978916e7->1b957291-fe5b-420e-96dd-cc603eda7741#57-t2, previous=(t:2, i:13), leaderCommit=10, initializing? false, entries: <empty>
2019-09-17 03:19:52,310 [grpc-default-executor-3] INFO  client.GrpcClientProtocolClient (GrpcClientProtocolClient.java:onNext(264)) - client-3E3F24432F02->1b957291-fe5b-420e-96dd-cc603eda7741: receive RaftClientReply:client-3E3F24432F02->1b957291-fe5b-420e-96dd-cc603eda7741@group-32A3D63B87B7, cid=21, FAILED org.apache.ratis.protocol.NotLeaderException: Server 1b957291-fe5b-420e-96dd-cc603eda7741@group-32A3D63B87B7 is not the leader ae9625dc-248e-414f-955f-fccc978916e7:192.168.151.92:37052, logIndex=0, commits[1b957291-fe5b-420e-96dd-cc603eda7741:c10, ae9625dc-248e-414f-955f-fccc978916e7:c10, 12c7e022-5f96-4d2f-bd6c-0cb832bfe0bc:c6]
2019-09-17 03:19:54,129 [java.util.concurrent.ThreadPoolExecutor$Worker@379360b2[State = -1, empty queue]] WARN  server.GrpcLogAppender (GrpcLogAppender.java:timeoutAppendRequest(200)) - ae9625dc-248e-414f-955f-fccc978916e7@group-32A3D63B87B7->12c7e022-5f96-4d2f-bd6c-0cb832bfe0bc-GrpcLogAppender: appendEntries Timeout, request=ae9625dc-248e-414f-955f-fccc978916e7->12c7e022-5f96-4d2f-bd6c-0cb832bfe0bc#58-t2, previous=(t:2, i:13), leaderCommit=10, initializing? false, entries: <empty>
2019-09-17 03:19:54,129 [java.util.concurrent.ThreadPoolExecutor$Worker@46c4a907[State = -1, empty queue]] WARN  server.GrpcLogAppender (GrpcLogAppender.java:timeoutAppendRequest(200)) - ae9625dc-248e-414f-955f-fccc978916e7@group-32A3D63B87B7->1b957291-fe5b-420e-96dd-cc603eda7741-GrpcLogAppender: appendEntries Timeout, request=ae9625dc-248e-414f-955f-fccc978916e7->1b957291-fe5b-420e-96dd-cc603eda7741#58-t2, previous=(t:2, i:13), leaderCommit=10, initializing? false, entries: <empty>
2019-09-17 03:19:56,629 [java.util.concurrent.ThreadPoolExecutor$Worker@379360b2[State = -1, empty queue]] WARN  server.GrpcLogAppender (GrpcLogAppender.java:timeoutAppendRequest(200)) - ae9625dc-248e-414f-955f-fccc978916e7@group-32A3D63B87B7->12c7e022-5f96-4d2f-bd6c-0cb832bfe0bc-GrpcLogAppender: appendEntries Timeout, request=ae9625dc-248e-414f-955f-fccc978916e7->12c7e022-5f96-4d2f-bd6c-0cb832bfe0bc#59-t2, previous=(t:2, i:13), leaderCommit=10, initializing? false, entries: <empty>
2019-09-17 03:19:56,629 [java.util.concurrent.ThreadPoolExecutor$Worker@46c4a907[State = -1, empty queue]] WARN  server.GrpcLogAppender (GrpcLogAppender.java:timeoutAppendRequest(200)) - ae9625dc-248e-414f-955f-fccc978916e7@group-32A3D63B87B7->1b957291-fe5b-420e-96dd-cc603eda7741-GrpcLogAppender: appendEntries Timeout, request=ae9625dc-248e-414f-955f-fccc978916e7->1b957291-fe5b-420e-96dd-cc603eda7741#59-t2, previous=(t:2, i:13), leaderCommit=10, initializing? false, entries: <empty>
2019-09-17 03:19:57,377 [grpc-default-executor-2] INFO  client.GrpcClientProtocolClient (GrpcClientProtocolClient.java:onNext(264)) - client-3E3F24432F02->1b957291-fe5b-420e-96dd-cc603eda7741: receive RaftClientReply:client-3E3F24432F02->1b957291-fe5b-420e-96dd-cc603eda7741@group-32A3D63B87B7, cid=21, FAILED org.apache.ratis.protocol.NotLeaderException: Server 1b957291-fe5b-420e-96dd-cc603eda7741@group-32A3D63B87B7 is not the leader ae9625dc-248e-414f-955f-fccc978916e7:192.168.151.92:37052, logIndex=0, commits[1b957291-fe5b-420e-96dd-cc603eda7741:c10, ae9625dc-248e-414f-955f-fccc978916e7:c10, 12c7e022-5f96-4d2f-bd6c-0cb832bfe0bc:c6]
2019-09-17 03:19:59,130 [java.util.concurrent.ThreadPoolExecutor$Worker@46c4a907[State = -1, empty queue]] WARN  server.GrpcLogAppender (GrpcLogAppender.java:timeoutAppendRequest(200)) - ae9625dc-248e-414f-955f-fccc978916e7@group-32A3D63B87B7->1b957291-fe5b-420e-96dd-cc603eda7741-GrpcLogAppender: appendEntries Timeout, request=ae9625dc-248e-414f-955f-fccc978916e7->1b957291-fe5b-420e-96dd-cc603eda7741#60-t2, previous=(t:2, i:13), leaderCommit=10, initializing? false, entries: <empty>
2019-09-17 03:19:59,130 [java.util.concurrent.ThreadPoolExecutor$Worker@379360b2[State = -1, empty queue]] WARN  server.GrpcLogAppender (GrpcLogAppender.java:timeoutAppendRequest(200)) - ae9625dc-248e-414f-955f-fccc978916e7@group-32A3D63B87B7->12c7e022-5f96-4d2f-bd6c-0cb832bfe0bc-GrpcLogAppender: appendEntries Timeout, request=ae9625dc-248e-414f-955f-fccc978916e7->12c7e022-5f96-4d2f-bd6c-0cb832bfe0bc#60-t2, previous=(t:2, i:13), leaderCommit=10, initializing? false, entries: <empty>
2019-09-17 03:20:01,174 [org.apache.ratis.server.impl.LogAppender$AppenderDaemon$$Lambda$550/692567409@203ef6ee] ERROR ratis.XceiverServerRatis (XceiverServerRatis.java:triggerPipelineClose(575)) - pipeline Action CLOSE  on pipeline PipelineID=da3501bf-00c7-4d77-b6e8-32a3d63b87b7.Reason : ae9625dc-248e-414f-955f-fccc978916e7 has not seen follower/s 12c7e022-5f96-4d2f-bd6c-0cb832bfe0bc for 120172ms 1b957291-fe5b-420e-96dd-cc603eda7741 for 120175ms
2019-09-17 03:20:01,174 [org.apache.ratis.server.impl.LogAppender$AppenderDaemon$$Lambda$550/692567409@32071122] ERROR ratis.XceiverServerRatis (XceiverServerRatis.java:triggerPipelineClose(575)) - pipeline Action CLOSE  on pipeline PipelineID=da3501bf-00c7-4d77-b6e8-32a3d63b87b7.Reason : ae9625dc-248e-414f-955f-fccc978916e7 has not seen follower/s 12c7e022-5f96-4d2f-bd6c-0cb832bfe0bc for 120172ms 1b957291-fe5b-420e-96dd-cc603eda7741 for 120175ms
2019-09-17 03:20:01,211 [12c7e022-5f96-4d2f-bd6c-0cb832bfe0bc@group-32A3D63B87B7-SegmentedRaftLogWorker] WARN  segmented.SegmentedRaftLogWorker (SegmentedRaftLogWorker.java:getFromFuture(90)) - Timeout 11/~
org.apache.ratis.protocol.TimeoutIOException: Timeout 10s: WriteLog:12: (t:2, i:12), STATEMACHINELOGENTRY, client-3E3F24432F02, cid=22-writeStateMachineData
	at org.apache.ratis.util.IOUtils.getFromFuture(IOUtils.java:87)
	at org.apache.ratis.server.raftlog.segmented.SegmentedRaftLogWorker$StateMachineDataPolicy.getFromFuture(SegmentedRaftLogWorker.java:87)
	at org.apache.ratis.server.raftlog.segmented.SegmentedRaftLogWorker$WriteLog.execute(SegmentedRaftLogWorker.java:477)
	at org.apache.ratis.server.raftlog.segmented.SegmentedRaftLogWorker.run(SegmentedRaftLogWorker.java:289)
	at java.lang.Thread.run(Thread.java:748)
Caused by: java.util.concurrent.TimeoutException
	at java.util.concurrent.CompletableFuture.timedGet(CompletableFuture.java:1771)
	at java.util.concurrent.CompletableFuture.get(CompletableFuture.java:1915)
	at org.apache.ratis.util.IOUtils.getFromFuture(IOUtils.java:79)
	... 4 more
2019-09-17 03:20:01,231 [ae9625dc-248e-414f-955f-fccc978916e7@group-32A3D63B87B7-SegmentedRaftLogWorker] WARN  segmented.SegmentedRaftLogWorker (SegmentedRaftLogWorker.java:getFromFuture(90)) - Timeout 11/~
org.apache.ratis.protocol.TimeoutIOException: Timeout 10s: WriteLog:12: (t:2, i:12), STATEMACHINELOGENTRY, client-3E3F24432F02, cid=22-writeStateMachineData
	at org.apache.ratis.util.IOUtils.getFromFuture(IOUtils.java:87)
	at org.apache.ratis.server.raftlog.segmented.SegmentedRaftLogWorker$StateMachineDataPolicy.getFromFuture(SegmentedRaftLogWorker.java:87)
	at org.apache.ratis.server.raftlog.segmented.SegmentedRaftLogWorker$WriteLog.execute(SegmentedRaftLogWorker.java:477)
	at org.apache.ratis.server.raftlog.segmented.SegmentedRaftLogWorker.run(SegmentedRaftLogWorker.java:289)
	at java.lang.Thread.run(Thread.java:748)
Caused by: java.util.concurrent.TimeoutException
	at java.util.concurrent.CompletableFuture.timedGet(CompletableFuture.java:1771)
	at java.util.concurrent.CompletableFuture.get(CompletableFuture.java:1915)
	at org.apache.ratis.util.IOUtils.getFromFuture(IOUtils.java:79)
	... 4 more
2019-09-17 03:20:01,231 [1b957291-fe5b-420e-96dd-cc603eda7741@group-32A3D63B87B7-SegmentedRaftLogWorker] WARN  segmented.SegmentedRaftLogWorker (SegmentedRaftLogWorker.java:getFromFuture(90)) - Timeout 11/~
org.apache.ratis.protocol.TimeoutIOException: Timeout 10s: WriteLog:12: (t:2, i:12), STATEMACHINELOGENTRY, client-3E3F24432F02, cid=22-writeStateMachineData
	at org.apache.ratis.util.IOUtils.getFromFuture(IOUtils.java:87)
	at org.apache.ratis.server.raftlog.segmented.SegmentedRaftLogWorker$StateMachineDataPolicy.getFromFuture(SegmentedRaftLogWorker.java:87)
	at org.apache.ratis.server.raftlog.segmented.SegmentedRaftLogWorker$WriteLog.execute(SegmentedRaftLogWorker.java:477)
	at org.apache.ratis.server.raftlog.segmented.SegmentedRaftLogWorker.run(SegmentedRaftLogWorker.java:289)
	at java.lang.Thread.run(Thread.java:748)
Caused by: java.util.concurrent.TimeoutException
	at java.util.concurrent.CompletableFuture.timedGet(CompletableFuture.java:1771)
	at java.util.concurrent.CompletableFuture.get(CompletableFuture.java:1915)
	at org.apache.ratis.util.IOUtils.getFromFuture(IOUtils.java:79)
	... 4 more
2019-09-17 03:20:01,238 [EventQueue-PipelineActionsForPipelineActionHandler] ERROR pipeline.PipelineActionHandler (PipelineActionHandler.java:onMessage(60)) - Received pipeline action CLOSE for Pipeline[ Id: da3501bf-00c7-4d77-b6e8-32a3d63b87b7, Nodes: ae9625dc-248e-414f-955f-fccc978916e7{ip: 192.168.151.92, host: pr-hdds-2139-j8dx6-1450124282, networkLocation: /default-rack, certSerialId: null}1b957291-fe5b-420e-96dd-cc603eda7741{ip: 192.168.151.92, host: pr-hdds-2139-j8dx6-1450124282, networkLocation: /default-rack, certSerialId: null}12c7e022-5f96-4d2f-bd6c-0cb832bfe0bc{ip: 192.168.151.92, host: pr-hdds-2139-j8dx6-1450124282, networkLocation: /default-rack, certSerialId: null}, Type:RATIS, Factor:THREE, State:OPEN] from datanode ae9625dc-248e-414f-955f-fccc978916e7{ip: 192.168.151.92, host: pr-hdds-2139-j8dx6-1450124282, networkLocation: /default-rack, certSerialId: null}. Reason : ae9625dc-248e-414f-955f-fccc978916e7 has not seen follower/s 12c7e022-5f96-4d2f-bd6c-0cb832bfe0bc for 120172ms 1b957291-fe5b-420e-96dd-cc603eda7741 for 120175ms
2019-09-17 03:20:01,238 [EventQueue-PipelineActionsForPipelineActionHandler] INFO  pipeline.SCMPipelineManager (SCMPipelineManager.java:finalizeAndDestroyPipeline(311)) - destroying pipeline:Pipeline[ Id: da3501bf-00c7-4d77-b6e8-32a3d63b87b7, Nodes: ae9625dc-248e-414f-955f-fccc978916e7{ip: 192.168.151.92, host: pr-hdds-2139-j8dx6-1450124282, networkLocation: /default-rack, certSerialId: null}1b957291-fe5b-420e-96dd-cc603eda7741{ip: 192.168.151.92, host: pr-hdds-2139-j8dx6-1450124282, networkLocation: /default-rack, certSerialId: null}12c7e022-5f96-4d2f-bd6c-0cb832bfe0bc{ip: 192.168.151.92, host: pr-hdds-2139-j8dx6-1450124282, networkLocation: /default-rack, certSerialId: null}, Type:RATIS, Factor:THREE, State:OPEN]
2019-09-17 03:20:01,239 [EventQueue-PipelineActionsForPipelineActionHandler] INFO  pipeline.PipelineStateManager (PipelineStateManager.java:finalizePipeline(123)) - Pipeline Pipeline[ Id: da3501bf-00c7-4d77-b6e8-32a3d63b87b7, Nodes: ae9625dc-248e-414f-955f-fccc978916e7{ip: 192.168.151.92, host: pr-hdds-2139-j8dx6-1450124282, networkLocation: /default-rack, certSerialId: null}1b957291-fe5b-420e-96dd-cc603eda7741{ip: 192.168.151.92, host: pr-hdds-2139-j8dx6-1450124282, networkLocation: /default-rack, certSerialId: null}12c7e022-5f96-4d2f-bd6c-0cb832bfe0bc{ip: 192.168.151.92, host: pr-hdds-2139-j8dx6-1450124282, networkLocation: /default-rack, certSerialId: null}, Type:RATIS, Factor:THREE, State:CLOSED] moved to CLOSED state
2019-09-17 03:20:01,241 [EventQueue-CloseContainerForCloseContainerEventHandler] INFO  container.CloseContainerEventHandler (CloseContainerEventHandler.java:onMessage(61)) - Close container Event triggered for container : #2
2019-09-17 03:20:01,247 [EventQueue-CloseContainerForCloseContainerEventHandler] INFO  container.CloseContainerEventHandler (CloseContainerEventHandler.java:onMessage(61)) - Close container Event triggered for container : #3
2019-09-17 03:20:01,630 [java.util.concurrent.ThreadPoolExecutor$Worker@379360b2[State = -1, empty queue]] WARN  server.GrpcLogAppender (GrpcLogAppender.java:timeoutAppendRequest(200)) - ae9625dc-248e-414f-955f-fccc978916e7@group-32A3D63B87B7->12c7e022-5f96-4d2f-bd6c-0cb832bfe0bc-GrpcLogAppender: appendEntries Timeout, request=ae9625dc-248e-414f-955f-fccc978916e7->12c7e022-5f96-4d2f-bd6c-0cb832bfe0bc#61-t2, previous=(t:2, i:13), leaderCommit=10, initializing? false, entries: <empty>
2019-09-17 03:20:01,630 [java.util.concurrent.ThreadPoolExecutor$Worker@46c4a907[State = -1, empty queue]] WARN  server.GrpcLogAppender (GrpcLogAppender.java:timeoutAppendRequest(200)) - ae9625dc-248e-414f-955f-fccc978916e7@group-32A3D63B87B7->1b957291-fe5b-420e-96dd-cc603eda7741-GrpcLogAppender: appendEntries Timeout, request=ae9625dc-248e-414f-955f-fccc978916e7->1b957291-fe5b-420e-96dd-cc603eda7741#61-t2, previous=(t:2, i:13), leaderCommit=10, initializing? false, entries: <empty>
2019-09-17 03:20:02,418 [grpc-default-executor-3] INFO  client.GrpcClientProtocolClient (GrpcClientProtocolClient.java:onNext(264)) - client-3E3F24432F02->1b957291-fe5b-420e-96dd-cc603eda7741: receive RaftClientReply:client-3E3F24432F02->1b957291-fe5b-420e-96dd-cc603eda7741@group-32A3D63B87B7, cid=21, FAILED org.apache.ratis.protocol.NotLeaderException: Server 1b957291-fe5b-420e-96dd-cc603eda7741@group-32A3D63B87B7 is not the leader ae9625dc-248e-414f-955f-fccc978916e7:192.168.151.92:37052, logIndex=0, commits[1b957291-fe5b-420e-96dd-cc603eda7741:c10, ae9625dc-248e-414f-955f-fccc978916e7:c10, 12c7e022-5f96-4d2f-bd6c-0cb832bfe0bc:c6]
2019-09-17 03:20:03,631 [org.apache.ratis.server.impl.LogAppender$AppenderDaemon$$Lambda$550/692567409@203ef6ee] ERROR ratis.XceiverServerRatis (XceiverServerRatis.java:triggerPipelineClose(575)) - pipeline Action CLOSE  on pipeline PipelineID=da3501bf-00c7-4d77-b6e8-32a3d63b87b7.Reason : ae9625dc-248e-414f-955f-fccc978916e7 has not seen follower/s 12c7e022-5f96-4d2f-bd6c-0cb832bfe0bc for 122649ms 1b957291-fe5b-420e-96dd-cc603eda7741 for 122649ms
2019-09-17 03:20:03,631 [org.apache.ratis.server.impl.LogAppender$AppenderDaemon$$Lambda$550/692567409@32071122] ERROR ratis.XceiverServerRatis (XceiverServerRatis.java:triggerPipelineClose(575)) - pipeline Action CLOSE  on pipeline PipelineID=da3501bf-00c7-4d77-b6e8-32a3d63b87b7.Reason : ae9625dc-248e-414f-955f-fccc978916e7 has not seen follower/s 12c7e022-5f96-4d2f-bd6c-0cb832bfe0bc for 122649ms 1b957291-fe5b-420e-96dd-cc603eda7741 for 122649ms
2019-09-17 03:20:04,130 [java.util.concurrent.ThreadPoolExecutor$Worker@379360b2[State = -1, empty queue]] WARN  server.GrpcLogAppender (GrpcLogAppender.java:timeoutAppendRequest(200)) - ae9625dc-248e-414f-955f-fccc978916e7@group-32A3D63B87B7->12c7e022-5f96-4d2f-bd6c-0cb832bfe0bc-GrpcLogAppender: appendEntries Timeout, request=ae9625dc-248e-414f-955f-fccc978916e7->12c7e022-5f96-4d2f-bd6c-0cb832bfe0bc#62-t2, previous=(t:2, i:13), leaderCommit=10, initializing? false, entries: <empty>
2019-09-17 03:20:04,130 [java.util.concurrent.ThreadPoolExecutor$Worker@46c4a907[State = -1, empty queue]] WARN  server.GrpcLogAppender (GrpcLogAppender.java:timeoutAppendRequest(200)) - ae9625dc-248e-414f-955f-fccc978916e7@group-32A3D63B87B7->1b957291-fe5b-420e-96dd-cc603eda7741-GrpcLogAppender: appendEntries Timeout, request=ae9625dc-248e-414f-955f-fccc978916e7->1b957291-fe5b-420e-96dd-cc603eda7741#62-t2, previous=(t:2, i:13), leaderCommit=10, initializing? false, entries: <empty>
2019-09-17 03:20:04,236 [EventQueue-PipelineActionsForPipelineActionHandler] ERROR pipeline.PipelineActionHandler (PipelineActionHandler.java:onMessage(60)) - Received pipeline action CLOSE for Pipeline[ Id: da3501bf-00c7-4d77-b6e8-32a3d63b87b7, Nodes: ae9625dc-248e-414f-955f-fccc978916e7{ip: 192.168.151.92, host: pr-hdds-2139-j8dx6-1450124282, networkLocation: /default-rack, certSerialId: null}1b957291-fe5b-420e-96dd-cc603eda7741{ip: 192.168.151.92, host: pr-hdds-2139-j8dx6-1450124282, networkLocation: /default-rack, certSerialId: null}12c7e022-5f96-4d2f-bd6c-0cb832bfe0bc{ip: 192.168.151.92, host: pr-hdds-2139-j8dx6-1450124282, networkLocation: /default-rack, certSerialId: null}, Type:RATIS, Factor:THREE, State:CLOSED] from datanode ae9625dc-248e-414f-955f-fccc978916e7{ip: 192.168.151.92, host: pr-hdds-2139-j8dx6-1450124282, networkLocation: /default-rack, certSerialId: null}. Reason : ae9625dc-248e-414f-955f-fccc978916e7 has not seen follower/s 12c7e022-5f96-4d2f-bd6c-0cb832bfe0bc for 122649ms 1b957291-fe5b-420e-96dd-cc603eda7741 for 122649ms
2019-09-17 03:20:04,237 [EventQueue-PipelineActionsForPipelineActionHandler] INFO  pipeline.SCMPipelineManager (SCMPipelineManager.java:finalizeAndDestroyPipeline(311)) - destroying pipeline:Pipeline[ Id: da3501bf-00c7-4d77-b6e8-32a3d63b87b7, Nodes: ae9625dc-248e-414f-955f-fccc978916e7{ip: 192.168.151.92, host: pr-hdds-2139-j8dx6-1450124282, networkLocation: /default-rack, certSerialId: null}1b957291-fe5b-420e-96dd-cc603eda7741{ip: 192.168.151.92, host: pr-hdds-2139-j8dx6-1450124282, networkLocation: /default-rack, certSerialId: null}12c7e022-5f96-4d2f-bd6c-0cb832bfe0bc{ip: 192.168.151.92, host: pr-hdds-2139-j8dx6-1450124282, networkLocation: /default-rack, certSerialId: null}, Type:RATIS, Factor:THREE, State:CLOSED]
2019-09-17 03:20:04,255 [org.apache.ratis.server.impl.LogAppender$AppenderDaemon$$Lambda$550/692567409@32071122] ERROR ratis.XceiverServerRatis (XceiverServerRatis.java:triggerPipelineClose(575)) - pipeline Action CLOSE  on pipeline PipelineID=da3501bf-00c7-4d77-b6e8-32a3d63b87b7.Reason : ae9625dc-248e-414f-955f-fccc978916e7 has not seen follower/s 12c7e022-5f96-4d2f-bd6c-0cb832bfe0bc for 123273ms 1b957291-fe5b-420e-96dd-cc603eda7741 for 123273ms
2019-09-17 03:20:04,255 [org.apache.ratis.server.impl.LogAppender$AppenderDaemon$$Lambda$550/692567409@203ef6ee] ERROR ratis.XceiverServerRatis (XceiverServerRatis.java:triggerPipelineClose(575)) - pipeline Action CLOSE  on pipeline PipelineID=da3501bf-00c7-4d77-b6e8-32a3d63b87b7.Reason : ae9625dc-248e-414f-955f-fccc978916e7 has not seen follower/s 12c7e022-5f96-4d2f-bd6c-0cb832bfe0bc for 123273ms 1b957291-fe5b-420e-96dd-cc603eda7741 for 123273ms
2019-09-17 03:20:05,253 [EventQueue-PipelineActionsForPipelineActionHandler] ERROR pipeline.PipelineActionHandler (PipelineActionHandler.java:onMessage(60)) - Received pipeline action CLOSE for Pipeline[ Id: da3501bf-00c7-4d77-b6e8-32a3d63b87b7, Nodes: ae9625dc-248e-414f-955f-fccc978916e7{ip: 192.168.151.92, host: pr-hdds-2139-j8dx6-1450124282, networkLocation: /default-rack, certSerialId: null}1b957291-fe5b-420e-96dd-cc603eda7741{ip: 192.168.151.92, host: pr-hdds-2139-j8dx6-1450124282, networkLocation: /default-rack, certSerialId: null}12c7e022-5f96-4d2f-bd6c-0cb832bfe0bc{ip: 192.168.151.92, host: pr-hdds-2139-j8dx6-1450124282, networkLocation: /default-rack, certSerialId: null}, Type:RATIS, Factor:THREE, State:CLOSED] from datanode ae9625dc-248e-414f-955f-fccc978916e7{ip: 192.168.151.92, host: pr-hdds-2139-j8dx6-1450124282, networkLocation: /default-rack, certSerialId: null}. Reason : ae9625dc-248e-414f-955f-fccc978916e7 has not seen follower/s 12c7e022-5f96-4d2f-bd6c-0cb832bfe0bc for 123273ms 1b957291-fe5b-420e-96dd-cc603eda7741 for 123273ms
2019-09-17 03:20:05,253 [EventQueue-PipelineActionsForPipelineActionHandler] INFO  pipeline.SCMPipelineManager (SCMPipelineManager.java:finalizeAndDestroyPipeline(311)) - destroying pipeline:Pipeline[ Id: da3501bf-00c7-4d77-b6e8-32a3d63b87b7, Nodes: ae9625dc-248e-414f-955f-fccc978916e7{ip: 192.168.151.92, host: pr-hdds-2139-j8dx6-1450124282, networkLocation: /default-rack, certSerialId: null}1b957291-fe5b-420e-96dd-cc603eda7741{ip: 192.168.151.92, host: pr-hdds-2139-j8dx6-1450124282, networkLocation: /default-rack, certSerialId: null}12c7e022-5f96-4d2f-bd6c-0cb832bfe0bc{ip: 192.168.151.92, host: pr-hdds-2139-j8dx6-1450124282, networkLocation: /default-rack, certSerialId: null}, Type:RATIS, Factor:THREE, State:CLOSED]
2019-09-17 03:20:06,631 [java.util.concurrent.ThreadPoolExecutor$Worker@379360b2[State = -1, empty queue]] WARN  server.GrpcLogAppender (GrpcLogAppender.java:timeoutAppendRequest(200)) - ae9625dc-248e-414f-955f-fccc978916e7@group-32A3D63B87B7->12c7e022-5f96-4d2f-bd6c-0cb832bfe0bc-GrpcLogAppender: appendEntries Timeout, request=ae9625dc-248e-414f-955f-fccc978916e7->12c7e022-5f96-4d2f-bd6c-0cb832bfe0bc#63-t2, previous=(t:2, i:13), leaderCommit=10, initializing? false, entries: <empty>
2019-09-17 03:20:06,631 [java.util.concurrent.ThreadPoolExecutor$Worker@46c4a907[State = -1, empty queue]] WARN  server.GrpcLogAppender (GrpcLogAppender.java:timeoutAppendRequest(200)) - ae9625dc-248e-414f-955f-fccc978916e7@group-32A3D63B87B7->1b957291-fe5b-420e-96dd-cc603eda7741-GrpcLogAppender: appendEntries Timeout, request=ae9625dc-248e-414f-955f-fccc978916e7->1b957291-fe5b-420e-96dd-cc603eda7741#63-t2, previous=(t:2, i:13), leaderCommit=10, initializing? false, entries: <empty>
2019-09-17 03:20:06,757 [org.apache.ratis.server.impl.LogAppender$AppenderDaemon$$Lambda$550/692567409@203ef6ee] ERROR ratis.XceiverServerRatis (XceiverServerRatis.java:triggerPipelineClose(575)) - pipeline Action CLOSE  on pipeline PipelineID=da3501bf-00c7-4d77-b6e8-32a3d63b87b7.Reason : ae9625dc-248e-414f-955f-fccc978916e7 has not seen follower/s 12c7e022-5f96-4d2f-bd6c-0cb832bfe0bc for 125774ms 1b957291-fe5b-420e-96dd-cc603eda7741 for 125774ms
2019-09-17 03:20:06,757 [org.apache.ratis.server.impl.LogAppender$AppenderDaemon$$Lambda$550/692567409@32071122] ERROR ratis.XceiverServerRatis (XceiverServerRatis.java:triggerPipelineClose(575)) - pipeline Action CLOSE  on pipeline PipelineID=da3501bf-00c7-4d77-b6e8-32a3d63b87b7.Reason : ae9625dc-248e-414f-955f-fccc978916e7 has not seen follower/s 12c7e022-5f96-4d2f-bd6c-0cb832bfe0bc for 125774ms 1b957291-fe5b-420e-96dd-cc603eda7741 for 125774ms
2019-09-17 03:20:07,254 [EventQueue-PipelineActionsForPipelineActionHandler] ERROR pipeline.PipelineActionHandler (PipelineActionHandler.java:onMessage(60)) - Received pipeline action CLOSE for Pipeline[ Id: da3501bf-00c7-4d77-b6e8-32a3d63b87b7, Nodes: ae9625dc-248e-414f-955f-fccc978916e7{ip: 192.168.151.92, host: pr-hdds-2139-j8dx6-1450124282, networkLocation: /default-rack, certSerialId: null}1b957291-fe5b-420e-96dd-cc603eda7741{ip: 192.168.151.92, host: pr-hdds-2139-j8dx6-1450124282, networkLocation: /default-rack, certSerialId: null}12c7e022-5f96-4d2f-bd6c-0cb832bfe0bc{ip: 192.168.151.92, host: pr-hdds-2139-j8dx6-1450124282, networkLocation: /default-rack, certSerialId: null}, Type:RATIS, Factor:THREE, State:CLOSED] from datanode ae9625dc-248e-414f-955f-fccc978916e7{ip: 192.168.151.92, host: pr-hdds-2139-j8dx6-1450124282, networkLocation: /default-rack, certSerialId: null}. Reason : ae9625dc-248e-414f-955f-fccc978916e7 has not seen follower/s 12c7e022-5f96-4d2f-bd6c-0cb832bfe0bc for 125774ms 1b957291-fe5b-420e-96dd-cc603eda7741 for 125774ms
2019-09-17 03:20:07,255 [java.util.concurrent.ThreadPoolExecutor$Worker@379360b2[State = -1, empty queue]] WARN  server.GrpcLogAppender (GrpcLogAppender.java:timeoutAppendRequest(200)) - ae9625dc-248e-414f-955f-fccc978916e7@group-32A3D63B87B7->12c7e022-5f96-4d2f-bd6c-0cb832bfe0bc-GrpcLogAppender: appendEntries Timeout, request=ae9625dc-248e-414f-955f-fccc978916e7->12c7e022-5f96-4d2f-bd6c-0cb832bfe0bc#64-t2, previous=(t:2, i:13), leaderCommit=10, initializing? false, entries: size=1, first=(t:2, i:14), STATEMACHINELOGENTRY, client-1FADD80E53EE, cid=4
2019-09-17 03:20:07,255 [EventQueue-PipelineActionsForPipelineActionHandler] INFO  pipeline.SCMPipelineManager (SCMPipelineManager.java:finalizeAndDestroyPipeline(311)) - destroying pipeline:Pipeline[ Id: da3501bf-00c7-4d77-b6e8-32a3d63b87b7, Nodes: ae9625dc-248e-414f-955f-fccc978916e7{ip: 192.168.151.92, host: pr-hdds-2139-j8dx6-1450124282, networkLocation: /default-rack, certSerialId: null}1b957291-fe5b-420e-96dd-cc603eda7741{ip: 192.168.151.92, host: pr-hdds-2139-j8dx6-1450124282, networkLocation: /default-rack, certSerialId: null}12c7e022-5f96-4d2f-bd6c-0cb832bfe0bc{ip: 192.168.151.92, host: pr-hdds-2139-j8dx6-1450124282, networkLocation: /default-rack, certSerialId: null}, Type:RATIS, Factor:THREE, State:CLOSED]
2019-09-17 03:20:07,255 [java.util.concurrent.ThreadPoolExecutor$Worker@46c4a907[State = -1, empty queue]] WARN  server.GrpcLogAppender (GrpcLogAppender.java:timeoutAppendRequest(200)) - ae9625dc-248e-414f-955f-fccc978916e7@group-32A3D63B87B7->1b957291-fe5b-420e-96dd-cc603eda7741-GrpcLogAppender: appendEntries Timeout, request=ae9625dc-248e-414f-955f-fccc978916e7->1b957291-fe5b-420e-96dd-cc603eda7741#64-t2, previous=(t:2, i:13), leaderCommit=10, initializing? false, entries: size=1, first=(t:2, i:14), STATEMACHINELOGENTRY, client-1FADD80E53EE, cid=4
2019-09-17 03:20:07,465 [grpc-default-executor-3] INFO  client.GrpcClientProtocolClient (GrpcClientProtocolClient.java:onNext(264)) - client-3E3F24432F02->12c7e022-5f96-4d2f-bd6c-0cb832bfe0bc: receive RaftClientReply:client-3E3F24432F02->12c7e022-5f96-4d2f-bd6c-0cb832bfe0bc@group-32A3D63B87B7, cid=21, FAILED org.apache.ratis.protocol.NotLeaderException: Server 12c7e022-5f96-4d2f-bd6c-0cb832bfe0bc@group-32A3D63B87B7 is not the leader ae9625dc-248e-414f-955f-fccc978916e7:192.168.151.92:37052, logIndex=0, commits[12c7e022-5f96-4d2f-bd6c-0cb832bfe0bc:c10, ae9625dc-248e-414f-955f-fccc978916e7:c10, 1b957291-fe5b-420e-96dd-cc603eda7741:c6]
2019-09-17 03:20:09,258 [org.apache.ratis.server.impl.LogAppender$AppenderDaemon$$Lambda$550/692567409@32071122] ERROR ratis.XceiverServerRatis (XceiverServerRatis.java:triggerPipelineClose(575)) - pipeline Action CLOSE  on pipeline PipelineID=da3501bf-00c7-4d77-b6e8-32a3d63b87b7.Reason : ae9625dc-248e-414f-955f-fccc978916e7 has not seen follower/s 12c7e022-5f96-4d2f-bd6c-0cb832bfe0bc for 128276ms 1b957291-fe5b-420e-96dd-cc603eda7741 for 128276ms
2019-09-17 03:20:09,258 [org.apache.ratis.server.impl.LogAppender$AppenderDaemon$$Lambda$550/692567409@203ef6ee] ERROR ratis.XceiverServerRatis (XceiverServerRatis.java:triggerPipelineClose(575)) - pipeline Action CLOSE  on pipeline PipelineID=da3501bf-00c7-4d77-b6e8-32a3d63b87b7.Reason : ae9625dc-248e-414f-955f-fccc978916e7 has not seen follower/s 12c7e022-5f96-4d2f-bd6c-0cb832bfe0bc for 128276ms 1b957291-fe5b-420e-96dd-cc603eda7741 for 128276ms
2019-09-17 03:20:09,757 [java.util.concurrent.ThreadPoolExecutor$Worker@379360b2[State = -1, empty queue]] WARN  server.GrpcLogAppender (GrpcLogAppender.java:timeoutAppendRequest(200)) - ae9625dc-248e-414f-955f-fccc978916e7@group-32A3D63B87B7->12c7e022-5f96-4d2f-bd6c-0cb832bfe0bc-GrpcLogAppender: appendEntries Timeout, request=ae9625dc-248e-414f-955f-fccc978916e7->12c7e022-5f96-4d2f-bd6c-0cb832bfe0bc#65-t2, previous=(t:2, i:14), leaderCommit=10, initializing? false, entries: <empty>
2019-09-17 03:20:09,757 [java.util.concurrent.ThreadPoolExecutor$Worker@46c4a907[State = -1, empty queue]] WARN  server.GrpcLogAppender (GrpcLogAppender.java:timeoutAppendRequest(200)) - ae9625dc-248e-414f-955f-fccc978916e7@group-32A3D63B87B7->1b957291-fe5b-420e-96dd-cc603eda7741-GrpcLogAppender: appendEntries Timeout, request=ae9625dc-248e-414f-955f-fccc978916e7->1b957291-fe5b-420e-96dd-cc603eda7741#65-t2, previous=(t:2, i:14), leaderCommit=10, initializing? false, entries: <empty>
2019-09-17 03:20:10,255 [EventQueue-PipelineActionsForPipelineActionHandler] ERROR pipeline.PipelineActionHandler (PipelineActionHandler.java:onMessage(60)) - Received pipeline action CLOSE for Pipeline[ Id: da3501bf-00c7-4d77-b6e8-32a3d63b87b7, Nodes: ae9625dc-248e-414f-955f-fccc978916e7{ip: 192.168.151.92, host: pr-hdds-2139-j8dx6-1450124282, networkLocation: /default-rack, certSerialId: null}1b957291-fe5b-420e-96dd-cc603eda7741{ip: 192.168.151.92, host: pr-hdds-2139-j8dx6-1450124282, networkLocation: /default-rack, certSerialId: null}12c7e022-5f96-4d2f-bd6c-0cb832bfe0bc{ip: 192.168.151.92, host: pr-hdds-2139-j8dx6-1450124282, networkLocation: /default-rack, certSerialId: null}, Type:RATIS, Factor:THREE, State:CLOSED] from datanode ae9625dc-248e-414f-955f-fccc978916e7{ip: 192.168.151.92, host: pr-hdds-2139-j8dx6-1450124282, networkLocation: /default-rack, certSerialId: null}. Reason : ae9625dc-248e-414f-955f-fccc978916e7 has not seen follower/s 12c7e022-5f96-4d2f-bd6c-0cb832bfe0bc for 128276ms 1b957291-fe5b-420e-96dd-cc603eda7741 for 128276ms
2019-09-17 03:20:10,255 [EventQueue-PipelineActionsForPipelineActionHandler] INFO  pipeline.SCMPipelineManager (SCMPipelineManager.java:finalizeAndDestroyPipeline(311)) - destroying pipeline:Pipeline[ Id: da3501bf-00c7-4d77-b6e8-32a3d63b87b7, Nodes: ae9625dc-248e-414f-955f-fccc978916e7{ip: 192.168.151.92, host: pr-hdds-2139-j8dx6-1450124282, networkLocation: /default-rack, certSerialId: null}1b957291-fe5b-420e-96dd-cc603eda7741{ip: 192.168.151.92, host: pr-hdds-2139-j8dx6-1450124282, networkLocation: /default-rack, certSerialId: null}12c7e022-5f96-4d2f-bd6c-0cb832bfe0bc{ip: 192.168.151.92, host: pr-hdds-2139-j8dx6-1450124282, networkLocation: /default-rack, certSerialId: null}, Type:RATIS, Factor:THREE, State:CLOSED]
2019-09-17 03:20:11,214 [12c7e022-5f96-4d2f-bd6c-0cb832bfe0bc@group-32A3D63B87B7-SegmentedRaftLogWorker] WARN  segmented.SegmentedRaftLogWorker (SegmentedRaftLogWorker.java:getFromFuture(90)) - Timeout 12/~
org.apache.ratis.protocol.TimeoutIOException: Timeout 10s: WriteLog:12: (t:2, i:12), STATEMACHINELOGENTRY, client-3E3F24432F02, cid=22-writeStateMachineData
	at org.apache.ratis.util.IOUtils.getFromFuture(IOUtils.java:87)
	at org.apache.ratis.server.raftlog.segmented.SegmentedRaftLogWorker$StateMachineDataPolicy.getFromFuture(SegmentedRaftLogWorker.java:87)
	at org.apache.ratis.server.raftlog.segmented.SegmentedRaftLogWorker$WriteLog.execute(SegmentedRaftLogWorker.java:477)
	at org.apache.ratis.server.raftlog.segmented.SegmentedRaftLogWorker.run(SegmentedRaftLogWorker.java:289)
	at java.lang.Thread.run(Thread.java:748)
Caused by: java.util.concurrent.TimeoutException
	at java.util.concurrent.CompletableFuture.timedGet(CompletableFuture.java:1771)
	at java.util.concurrent.CompletableFuture.get(CompletableFuture.java:1915)
	at org.apache.ratis.util.IOUtils.getFromFuture(IOUtils.java:79)
	... 4 more
2019-09-17 03:20:11,232 [ae9625dc-248e-414f-955f-fccc978916e7@group-32A3D63B87B7-SegmentedRaftLogWorker] WARN  segmented.SegmentedRaftLogWorker (SegmentedRaftLogWorker.java:getFromFuture(90)) - Timeout 12/~
org.apache.ratis.protocol.TimeoutIOException: Timeout 10s: WriteLog:12: (t:2, i:12), STATEMACHINELOGENTRY, client-3E3F24432F02, cid=22-writeStateMachineData
	at org.apache.ratis.util.IOUtils.getFromFuture(IOUtils.java:87)
	at org.apache.ratis.server.raftlog.segmented.SegmentedRaftLogWorker$StateMachineDataPolicy.getFromFuture(SegmentedRaftLogWorker.java:87)
	at org.apache.ratis.server.raftlog.segmented.SegmentedRaftLogWorker$WriteLog.execute(SegmentedRaftLogWorker.java:477)
	at org.apache.ratis.server.raftlog.segmented.SegmentedRaftLogWorker.run(SegmentedRaftLogWorker.java:289)
	at java.lang.Thread.run(Thread.java:748)
Caused by: java.util.concurrent.TimeoutException
	at java.util.concurrent.CompletableFuture.timedGet(CompletableFuture.java:1771)
	at java.util.concurrent.CompletableFuture.get(CompletableFuture.java:1915)
	at org.apache.ratis.util.IOUtils.getFromFuture(IOUtils.java:79)
	... 4 more
2019-09-17 03:20:11,234 [1b957291-fe5b-420e-96dd-cc603eda7741@group-32A3D63B87B7-SegmentedRaftLogWorker] WARN  segmented.SegmentedRaftLogWorker (SegmentedRaftLogWorker.java:getFromFuture(90)) - Timeout 12/~
org.apache.ratis.protocol.TimeoutIOException: Timeout 10s: WriteLog:12: (t:2, i:12), STATEMACHINELOGENTRY, client-3E3F24432F02, cid=22-writeStateMachineData
	at org.apache.ratis.util.IOUtils.getFromFuture(IOUtils.java:87)
	at org.apache.ratis.server.raftlog.segmented.SegmentedRaftLogWorker$StateMachineDataPolicy.getFromFuture(SegmentedRaftLogWorker.java:87)
	at org.apache.ratis.server.raftlog.segmented.SegmentedRaftLogWorker$WriteLog.execute(SegmentedRaftLogWorker.java:477)
	at org.apache.ratis.server.raftlog.segmented.SegmentedRaftLogWorker.run(SegmentedRaftLogWorker.java:289)
	at java.lang.Thread.run(Thread.java:748)
Caused by: java.util.concurrent.TimeoutException
	at java.util.concurrent.CompletableFuture.timedGet(CompletableFuture.java:1771)
	at java.util.concurrent.CompletableFuture.get(CompletableFuture.java:1915)
	at org.apache.ratis.util.IOUtils.getFromFuture(IOUtils.java:79)
	... 4 more
2019-09-17 03:20:11,759 [org.apache.ratis.server.impl.LogAppender$AppenderDaemon$$Lambda$550/692567409@203ef6ee] ERROR ratis.XceiverServerRatis (XceiverServerRatis.java:triggerPipelineClose(575)) - pipeline Action CLOSE  on pipeline PipelineID=da3501bf-00c7-4d77-b6e8-32a3d63b87b7.Reason : ae9625dc-248e-414f-955f-fccc978916e7 has not seen follower/s 12c7e022-5f96-4d2f-bd6c-0cb832bfe0bc for 130777ms 1b957291-fe5b-420e-96dd-cc603eda7741 for 130777ms
2019-09-17 03:20:11,759 [org.apache.ratis.server.impl.LogAppender$AppenderDaemon$$Lambda$550/692567409@32071122] ERROR ratis.XceiverServerRatis (XceiverServerRatis.java:triggerPipelineClose(575)) - pipeline Action CLOSE  on pipeline PipelineID=da3501bf-00c7-4d77-b6e8-32a3d63b87b7.Reason : ae9625dc-248e-414f-955f-fccc978916e7 has not seen follower/s 12c7e022-5f96-4d2f-bd6c-0cb832bfe0bc for 130777ms 1b957291-fe5b-420e-96dd-cc603eda7741 for 130777ms
2019-09-17 03:20:12,256 [EventQueue-PipelineActionsForPipelineActionHandler] ERROR pipeline.PipelineActionHandler (PipelineActionHandler.java:onMessage(60)) - Received pipeline action CLOSE for Pipeline[ Id: da3501bf-00c7-4d77-b6e8-32a3d63b87b7, Nodes: ae9625dc-248e-414f-955f-fccc978916e7{ip: 192.168.151.92, host: pr-hdds-2139-j8dx6-1450124282, networkLocation: /default-rack, certSerialId: null}1b957291-fe5b-420e-96dd-cc603eda7741{ip: 192.168.151.92, host: pr-hdds-2139-j8dx6-1450124282, networkLocation: /default-rack, certSerialId: null}12c7e022-5f96-4d2f-bd6c-0cb832bfe0bc{ip: 192.168.151.92, host: pr-hdds-2139-j8dx6-1450124282, networkLocation: /default-rack, certSerialId: null}, Type:RATIS, Factor:THREE, State:CLOSED] from datanode ae9625dc-248e-414f-955f-fccc978916e7{ip: 192.168.151.92, host: pr-hdds-2139-j8dx6-1450124282, networkLocation: /default-rack, certSerialId: null}. Reason : ae9625dc-248e-414f-955f-fccc978916e7 has not seen follower/s 12c7e022-5f96-4d2f-bd6c-0cb832bfe0bc for 130777ms 1b957291-fe5b-420e-96dd-cc603eda7741 for 130777ms
2019-09-17 03:20:12,256 [EventQueue-PipelineActionsForPipelineActionHandler] INFO  pipeline.SCMPipelineManager (SCMPipelineManager.java:finalizeAndDestroyPipeline(311)) - destroying pipeline:Pipeline[ Id: da3501bf-00c7-4d77-b6e8-32a3d63b87b7, Nodes: ae9625dc-248e-414f-955f-fccc978916e7{ip: 192.168.151.92, host: pr-hdds-2139-j8dx6-1450124282, networkLocation: /default-rack, certSerialId: null}1b957291-fe5b-420e-96dd-cc603eda7741{ip: 192.168.151.92, host: pr-hdds-2139-j8dx6-1450124282, networkLocation: /default-rack, certSerialId: null}12c7e022-5f96-4d2f-bd6c-0cb832bfe0bc{ip: 192.168.151.92, host: pr-hdds-2139-j8dx6-1450124282, networkLocation: /default-rack, certSerialId: null}, Type:RATIS, Factor:THREE, State:CLOSED]
2019-09-17 03:20:12,258 [java.util.concurrent.ThreadPoolExecutor$Worker@46c4a907[State = -1, empty queue]] WARN  server.GrpcLogAppender (GrpcLogAppender.java:timeoutAppendRequest(200)) - ae9625dc-248e-414f-955f-fccc978916e7@group-32A3D63B87B7->1b957291-fe5b-420e-96dd-cc603eda7741-GrpcLogAppender: appendEntries Timeout, request=ae9625dc-248e-414f-955f-fccc978916e7->1b957291-fe5b-420e-96dd-cc603eda7741#66-t2, previous=(t:2, i:14), leaderCommit=10, initializing? false, entries: <empty>
2019-09-17 03:20:12,258 [java.util.concurrent.ThreadPoolExecutor$Worker@379360b2[State = -1, empty queue]] WARN  server.GrpcLogAppender (GrpcLogAppender.java:timeoutAppendRequest(200)) - ae9625dc-248e-414f-955f-fccc978916e7@group-32A3D63B87B7->12c7e022-5f96-4d2f-bd6c-0cb832bfe0bc-GrpcLogAppender: appendEntries Timeout, request=ae9625dc-248e-414f-955f-fccc978916e7->12c7e022-5f96-4d2f-bd6c-0cb832bfe0bc#66-t2, previous=(t:2, i:14), leaderCommit=10, initializing? false, entries: <empty>
2019-09-17 03:20:12,514 [grpc-default-executor-2] INFO  client.GrpcClientProtocolClient (GrpcClientProtocolClient.java:onNext(264)) - client-3E3F24432F02->12c7e022-5f96-4d2f-bd6c-0cb832bfe0bc: receive RaftClientReply:client-3E3F24432F02->12c7e022-5f96-4d2f-bd6c-0cb832bfe0bc@group-32A3D63B87B7, cid=21, FAILED org.apache.ratis.protocol.NotLeaderException: Server 12c7e022-5f96-4d2f-bd6c-0cb832bfe0bc@group-32A3D63B87B7 is not the leader ae9625dc-248e-414f-955f-fccc978916e7:192.168.151.92:37052, logIndex=0, commits[12c7e022-5f96-4d2f-bd6c-0cb832bfe0bc:c10, ae9625dc-248e-414f-955f-fccc978916e7:c10, 1b957291-fe5b-420e-96dd-cc603eda7741:c6]
2019-09-17 03:20:14,260 [org.apache.ratis.server.impl.LogAppender$AppenderDaemon$$Lambda$550/692567409@32071122] ERROR ratis.XceiverServerRatis (XceiverServerRatis.java:triggerPipelineClose(575)) - pipeline Action CLOSE  on pipeline PipelineID=da3501bf-00c7-4d77-b6e8-32a3d63b87b7.Reason : ae9625dc-248e-414f-955f-fccc978916e7 has not seen follower/s 12c7e022-5f96-4d2f-bd6c-0cb832bfe0bc for 133278ms 1b957291-fe5b-420e-96dd-cc603eda7741 for 133278ms
2019-09-17 03:20:14,260 [org.apache.ratis.server.impl.LogAppender$AppenderDaemon$$Lambda$550/692567409@203ef6ee] ERROR ratis.XceiverServerRatis (XceiverServerRatis.java:triggerPipelineClose(575)) - pipeline Action CLOSE  on pipeline PipelineID=da3501bf-00c7-4d77-b6e8-32a3d63b87b7.Reason : ae9625dc-248e-414f-955f-fccc978916e7 has not seen follower/s 12c7e022-5f96-4d2f-bd6c-0cb832bfe0bc for 133278ms 1b957291-fe5b-420e-96dd-cc603eda7741 for 133278ms
2019-09-17 03:20:14,759 [java.util.concurrent.ThreadPoolExecutor$Worker@46c4a907[State = -1, empty queue]] WARN  server.GrpcLogAppender (GrpcLogAppender.java:timeoutAppendRequest(200)) - ae9625dc-248e-414f-955f-fccc978916e7@group-32A3D63B87B7->1b957291-fe5b-420e-96dd-cc603eda7741-GrpcLogAppender: appendEntries Timeout, request=ae9625dc-248e-414f-955f-fccc978916e7->1b957291-fe5b-420e-96dd-cc603eda7741#67-t2, previous=(t:2, i:14), leaderCommit=10, initializing? false, entries: <empty>
2019-09-17 03:20:14,759 [java.util.concurrent.ThreadPoolExecutor$Worker@379360b2[State = -1, empty queue]] WARN  server.GrpcLogAppender (GrpcLogAppender.java:timeoutAppendRequest(200)) - ae9625dc-248e-414f-955f-fccc978916e7@group-32A3D63B87B7->12c7e022-5f96-4d2f-bd6c-0cb832bfe0bc-GrpcLogAppender: appendEntries Timeout, request=ae9625dc-248e-414f-955f-fccc978916e7->12c7e022-5f96-4d2f-bd6c-0cb832bfe0bc#67-t2, previous=(t:2, i:14), leaderCommit=10, initializing? false, entries: <empty>
2019-09-17 03:20:15,257 [EventQueue-PipelineActionsForPipelineActionHandler] ERROR pipeline.PipelineActionHandler (PipelineActionHandler.java:onMessage(60)) - Received pipeline action CLOSE for Pipeline[ Id: da3501bf-00c7-4d77-b6e8-32a3d63b87b7, Nodes: ae9625dc-248e-414f-955f-fccc978916e7{ip: 192.168.151.92, host: pr-hdds-2139-j8dx6-1450124282, networkLocation: /default-rack, certSerialId: null}1b957291-fe5b-420e-96dd-cc603eda7741{ip: 192.168.151.92, host: pr-hdds-2139-j8dx6-1450124282, networkLocation: /default-rack, certSerialId: null}12c7e022-5f96-4d2f-bd6c-0cb832bfe0bc{ip: 192.168.151.92, host: pr-hdds-2139-j8dx6-1450124282, networkLocation: /default-rack, certSerialId: null}, Type:RATIS, Factor:THREE, State:CLOSED] from datanode ae9625dc-248e-414f-955f-fccc978916e7{ip: 192.168.151.92, host: pr-hdds-2139-j8dx6-1450124282, networkLocation: /default-rack, certSerialId: null}. Reason : ae9625dc-248e-414f-955f-fccc978916e7 has not seen follower/s 12c7e022-5f96-4d2f-bd6c-0cb832bfe0bc for 133278ms 1b957291-fe5b-420e-96dd-cc603eda7741 for 133278ms
2019-09-17 03:20:15,257 [EventQueue-PipelineActionsForPipelineActionHandler] INFO  pipeline.SCMPipelineManager (SCMPipelineManager.java:finalizeAndDestroyPipeline(311)) - destroying pipeline:Pipeline[ Id: da3501bf-00c7-4d77-b6e8-32a3d63b87b7, Nodes: ae9625dc-248e-414f-955f-fccc978916e7{ip: 192.168.151.92, host: pr-hdds-2139-j8dx6-1450124282, networkLocation: /default-rack, certSerialId: null}1b957291-fe5b-420e-96dd-cc603eda7741{ip: 192.168.151.92, host: pr-hdds-2139-j8dx6-1450124282, networkLocation: /default-rack, certSerialId: null}12c7e022-5f96-4d2f-bd6c-0cb832bfe0bc{ip: 192.168.151.92, host: pr-hdds-2139-j8dx6-1450124282, networkLocation: /default-rack, certSerialId: null}, Type:RATIS, Factor:THREE, State:CLOSED]
2019-09-17 03:20:16,761 [org.apache.ratis.server.impl.LogAppender$AppenderDaemon$$Lambda$550/692567409@203ef6ee] ERROR ratis.XceiverServerRatis (XceiverServerRatis.java:triggerPipelineClose(575)) - pipeline Action CLOSE  on pipeline PipelineID=da3501bf-00c7-4d77-b6e8-32a3d63b87b7.Reason : ae9625dc-248e-414f-955f-fccc978916e7 has not seen follower/s 12c7e022-5f96-4d2f-bd6c-0cb832bfe0bc for 135779ms 1b957291-fe5b-420e-96dd-cc603eda7741 for 135779ms
2019-09-17 03:20:16,761 [org.apache.ratis.server.impl.LogAppender$AppenderDaemon$$Lambda$550/692567409@32071122] ERROR ratis.XceiverServerRatis (XceiverServerRatis.java:triggerPipelineClose(575)) - pipeline Action CLOSE  on pipeline PipelineID=da3501bf-00c7-4d77-b6e8-32a3d63b87b7.Reason : ae9625dc-248e-414f-955f-fccc978916e7 has not seen follower/s 12c7e022-5f96-4d2f-bd6c-0cb832bfe0bc for 135779ms 1b957291-fe5b-420e-96dd-cc603eda7741 for 135779ms
2019-09-17 03:20:17,259 [EventQueue-PipelineActionsForPipelineActionHandler] ERROR pipeline.PipelineActionHandler (PipelineActionHandler.java:onMessage(60)) - Received pipeline action CLOSE for Pipeline[ Id: da3501bf-00c7-4d77-b6e8-32a3d63b87b7, Nodes: ae9625dc-248e-414f-955f-fccc978916e7{ip: 192.168.151.92, host: pr-hdds-2139-j8dx6-1450124282, networkLocation: /default-rack, certSerialId: null}1b957291-fe5b-420e-96dd-cc603eda7741{ip: 192.168.151.92, host: pr-hdds-2139-j8dx6-1450124282, networkLocation: /default-rack, certSerialId: null}12c7e022-5f96-4d2f-bd6c-0cb832bfe0bc{ip: 192.168.151.92, host: pr-hdds-2139-j8dx6-1450124282, networkLocation: /default-rack, certSerialId: null}, Type:RATIS, Factor:THREE, State:CLOSED] from datanode ae9625dc-248e-414f-955f-fccc978916e7{ip: 192.168.151.92, host: pr-hdds-2139-j8dx6-1450124282, networkLocation: /default-rack, certSerialId: null}. Reason : ae9625dc-248e-414f-955f-fccc978916e7 has not seen follower/s 12c7e022-5f96-4d2f-bd6c-0cb832bfe0bc for 135779ms 1b957291-fe5b-420e-96dd-cc603eda7741 for 135779ms
2019-09-17 03:20:17,260 [EventQueue-PipelineActionsForPipelineActionHandler] INFO  pipeline.SCMPipelineManager (SCMPipelineManager.java:finalizeAndDestroyPipeline(311)) - destroying pipeline:Pipeline[ Id: da3501bf-00c7-4d77-b6e8-32a3d63b87b7, Nodes: ae9625dc-248e-414f-955f-fccc978916e7{ip: 192.168.151.92, host: pr-hdds-2139-j8dx6-1450124282, networkLocation: /default-rack, certSerialId: null}1b957291-fe5b-420e-96dd-cc603eda7741{ip: 192.168.151.92, host: pr-hdds-2139-j8dx6-1450124282, networkLocation: /default-rack, certSerialId: null}12c7e022-5f96-4d2f-bd6c-0cb832bfe0bc{ip: 192.168.151.92, host: pr-hdds-2139-j8dx6-1450124282, networkLocation: /default-rack, certSerialId: null}, Type:RATIS, Factor:THREE, State:CLOSED]
2019-09-17 03:20:17,260 [java.util.concurrent.ThreadPoolExecutor$Worker@46c4a907[State = -1, empty queue]] WARN  server.GrpcLogAppender (GrpcLogAppender.java:timeoutAppendRequest(200)) - ae9625dc-248e-414f-955f-fccc978916e7@group-32A3D63B87B7->1b957291-fe5b-420e-96dd-cc603eda7741-GrpcLogAppender: appendEntries Timeout, request=ae9625dc-248e-414f-955f-fccc978916e7->1b957291-fe5b-420e-96dd-cc603eda7741#68-t2, previous=(t:2, i:14), leaderCommit=10, initializing? false, entries: <empty>
2019-09-17 03:20:17,260 [java.util.concurrent.ThreadPoolExecutor$Worker@379360b2[State = -1, empty queue]] WARN  server.GrpcLogAppender (GrpcLogAppender.java:timeoutAppendRequest(200)) - ae9625dc-248e-414f-955f-fccc978916e7@group-32A3D63B87B7->12c7e022-5f96-4d2f-bd6c-0cb832bfe0bc-GrpcLogAppender: appendEntries Timeout, request=ae9625dc-248e-414f-955f-fccc978916e7->12c7e022-5f96-4d2f-bd6c-0cb832bfe0bc#68-t2, previous=(t:2, i:14), leaderCommit=10, initializing? false, entries: <empty>
2019-09-17 03:20:17,568 [grpc-default-executor-3] INFO  client.GrpcClientProtocolClient (GrpcClientProtocolClient.java:onNext(264)) - client-3E3F24432F02->12c7e022-5f96-4d2f-bd6c-0cb832bfe0bc: receive RaftClientReply:client-3E3F24432F02->12c7e022-5f96-4d2f-bd6c-0cb832bfe0bc@group-32A3D63B87B7, cid=21, FAILED org.apache.ratis.protocol.NotLeaderException: Server 12c7e022-5f96-4d2f-bd6c-0cb832bfe0bc@group-32A3D63B87B7 is not the leader ae9625dc-248e-414f-955f-fccc978916e7:192.168.151.92:37052, logIndex=0, commits[12c7e022-5f96-4d2f-bd6c-0cb832bfe0bc:c10, ae9625dc-248e-414f-955f-fccc978916e7:c10, 1b957291-fe5b-420e-96dd-cc603eda7741:c6]
2019-09-17 03:20:19,262 [org.apache.ratis.server.impl.LogAppender$AppenderDaemon$$Lambda$550/692567409@32071122] ERROR ratis.XceiverServerRatis (XceiverServerRatis.java:triggerPipelineClose(575)) - pipeline Action CLOSE  on pipeline PipelineID=da3501bf-00c7-4d77-b6e8-32a3d63b87b7.Reason : ae9625dc-248e-414f-955f-fccc978916e7 has not seen follower/s 12c7e022-5f96-4d2f-bd6c-0cb832bfe0bc for 138280ms 1b957291-fe5b-420e-96dd-cc603eda7741 for 138280ms
2019-09-17 03:20:19,262 [org.apache.ratis.server.impl.LogAppender$AppenderDaemon$$Lambda$550/692567409@203ef6ee] ERROR ratis.XceiverServerRatis (XceiverServerRatis.java:triggerPipelineClose(575)) - pipeline Action CLOSE  on pipeline PipelineID=da3501bf-00c7-4d77-b6e8-32a3d63b87b7.Reason : ae9625dc-248e-414f-955f-fccc978916e7 has not seen follower/s 12c7e022-5f96-4d2f-bd6c-0cb832bfe0bc for 138280ms 1b957291-fe5b-420e-96dd-cc603eda7741 for 138280ms
2019-09-17 03:20:19,761 [java.util.concurrent.ThreadPoolExecutor$Worker@379360b2[State = -1, empty queue]] WARN  server.GrpcLogAppender (GrpcLogAppender.java:timeoutAppendRequest(200)) - ae9625dc-248e-414f-955f-fccc978916e7@group-32A3D63B87B7->12c7e022-5f96-4d2f-bd6c-0cb832bfe0bc-GrpcLogAppender: appendEntries Timeout, request=ae9625dc-248e-414f-955f-fccc978916e7->12c7e022-5f96-4d2f-bd6c-0cb832bfe0bc#69-t2, previous=(t:2, i:14), leaderCommit=10, initializing? false, entries: <empty>
2019-09-17 03:20:19,761 [java.util.concurrent.ThreadPoolExecutor$Worker@46c4a907[State = -1, empty queue]] WARN  server.GrpcLogAppender (GrpcLogAppender.java:timeoutAppendRequest(200)) - ae9625dc-248e-414f-955f-fccc978916e7@group-32A3D63B87B7->1b957291-fe5b-420e-96dd-cc603eda7741-GrpcLogAppender: appendEntries Timeout, request=ae9625dc-248e-414f-955f-fccc978916e7->1b957291-fe5b-420e-96dd-cc603eda7741#69-t2, previous=(t:2, i:14), leaderCommit=10, initializing? false, entries: <empty>
2019-09-17 03:20:20,256 [EventQueue-PipelineActionsForPipelineActionHandler] ERROR pipeline.PipelineActionHandler (PipelineActionHandler.java:onMessage(60)) - Received pipeline action CLOSE for Pipeline[ Id: da3501bf-00c7-4d77-b6e8-32a3d63b87b7, Nodes: ae9625dc-248e-414f-955f-fccc978916e7{ip: 192.168.151.92, host: pr-hdds-2139-j8dx6-1450124282, networkLocation: /default-rack, certSerialId: null}1b957291-fe5b-420e-96dd-cc603eda7741{ip: 192.168.151.92, host: pr-hdds-2139-j8dx6-1450124282, networkLocation: /default-rack, certSerialId: null}12c7e022-5f96-4d2f-bd6c-0cb832bfe0bc{ip: 192.168.151.92, host: pr-hdds-2139-j8dx6-1450124282, networkLocation: /default-rack, certSerialId: null}, Type:RATIS, Factor:THREE, State:CLOSED] from datanode ae9625dc-248e-414f-955f-fccc978916e7{ip: 192.168.151.92, host: pr-hdds-2139-j8dx6-1450124282, networkLocation: /default-rack, certSerialId: null}. Reason : ae9625dc-248e-414f-955f-fccc978916e7 has not seen follower/s 12c7e022-5f96-4d2f-bd6c-0cb832bfe0bc for 138280ms 1b957291-fe5b-420e-96dd-cc603eda7741 for 138280ms
2019-09-17 03:20:20,256 [EventQueue-PipelineActionsForPipelineActionHandler] INFO  pipeline.SCMPipelineManager (SCMPipelineManager.java:finalizeAndDestroyPipeline(311)) - destroying pipeline:Pipeline[ Id: da3501bf-00c7-4d77-b6e8-32a3d63b87b7, Nodes: ae9625dc-248e-414f-955f-fccc978916e7{ip: 192.168.151.92, host: pr-hdds-2139-j8dx6-1450124282, networkLocation: /default-rack, certSerialId: null}1b957291-fe5b-420e-96dd-cc603eda7741{ip: 192.168.151.92, host: pr-hdds-2139-j8dx6-1450124282, networkLocation: /default-rack, certSerialId: null}12c7e022-5f96-4d2f-bd6c-0cb832bfe0bc{ip: 192.168.151.92, host: pr-hdds-2139-j8dx6-1450124282, networkLocation: /default-rack, certSerialId: null}, Type:RATIS, Factor:THREE, State:CLOSED]
2019-09-17 03:20:21,219 [12c7e022-5f96-4d2f-bd6c-0cb832bfe0bc@group-32A3D63B87B7-SegmentedRaftLogWorker] WARN  segmented.SegmentedRaftLogWorker (SegmentedRaftLogWorker.java:getFromFuture(90)) - Timeout 13/~
org.apache.ratis.protocol.TimeoutIOException: Timeout 10s: WriteLog:12: (t:2, i:12), STATEMACHINELOGENTRY, client-3E3F24432F02, cid=22-writeStateMachineData
	at org.apache.ratis.util.IOUtils.getFromFuture(IOUtils.java:87)
	at org.apache.ratis.server.raftlog.segmented.SegmentedRaftLogWorker$StateMachineDataPolicy.getFromFuture(SegmentedRaftLogWorker.java:87)
	at org.apache.ratis.server.raftlog.segmented.SegmentedRaftLogWorker$WriteLog.execute(SegmentedRaftLogWorker.java:477)
	at org.apache.ratis.server.raftlog.segmented.SegmentedRaftLogWorker.run(SegmentedRaftLogWorker.java:289)
	at java.lang.Thread.run(Thread.java:748)
Caused by: java.util.concurrent.TimeoutException
	at java.util.concurrent.CompletableFuture.timedGet(CompletableFuture.java:1771)
	at java.util.concurrent.CompletableFuture.get(CompletableFuture.java:1915)
	at org.apache.ratis.util.IOUtils.getFromFuture(IOUtils.java:79)
	... 4 more
2019-09-17 03:20:21,235 [ae9625dc-248e-414f-955f-fccc978916e7@group-32A3D63B87B7-SegmentedRaftLogWorker] WARN  segmented.SegmentedRaftLogWorker (SegmentedRaftLogWorker.java:getFromFuture(90)) - Timeout 13/~
org.apache.ratis.protocol.TimeoutIOException: Timeout 10s: WriteLog:12: (t:2, i:12), STATEMACHINELOGENTRY, client-3E3F24432F02, cid=22-writeStateMachineData
	at org.apache.ratis.util.IOUtils.getFromFuture(IOUtils.java:87)
	at org.apache.ratis.server.raftlog.segmented.SegmentedRaftLogWorker$StateMachineDataPolicy.getFromFuture(SegmentedRaftLogWorker.java:87)
	at org.apache.ratis.server.raftlog.segmented.SegmentedRaftLogWorker$WriteLog.execute(SegmentedRaftLogWorker.java:477)
	at org.apache.ratis.server.raftlog.segmented.SegmentedRaftLogWorker.run(SegmentedRaftLogWorker.java:289)
	at java.lang.Thread.run(Thread.java:748)
Caused by: java.util.concurrent.TimeoutException
	at java.util.concurrent.CompletableFuture.timedGet(CompletableFuture.java:1771)
	at java.util.concurrent.CompletableFuture.get(CompletableFuture.java:1915)
	at org.apache.ratis.util.IOUtils.getFromFuture(IOUtils.java:79)
	... 4 more
2019-09-17 03:20:21,238 [1b957291-fe5b-420e-96dd-cc603eda7741@group-32A3D63B87B7-SegmentedRaftLogWorker] WARN  segmented.SegmentedRaftLogWorker (SegmentedRaftLogWorker.java:getFromFuture(90)) - Timeout 13/~
org.apache.ratis.protocol.TimeoutIOException: Timeout 10s: WriteLog:12: (t:2, i:12), STATEMACHINELOGENTRY, client-3E3F24432F02, cid=22-writeStateMachineData
	at org.apache.ratis.util.IOUtils.getFromFuture(IOUtils.java:87)
	at org.apache.ratis.server.raftlog.segmented.SegmentedRaftLogWorker$StateMachineDataPolicy.getFromFuture(SegmentedRaftLogWorker.java:87)
	at org.apache.ratis.server.raftlog.segmented.SegmentedRaftLogWorker$WriteLog.execute(SegmentedRaftLogWorker.java:477)
	at org.apache.ratis.server.raftlog.segmented.SegmentedRaftLogWorker.run(SegmentedRaftLogWorker.java:289)
	at java.lang.Thread.run(Thread.java:748)
Caused by: java.util.concurrent.TimeoutException
	at java.util.concurrent.CompletableFuture.timedGet(CompletableFuture.java:1771)
	at java.util.concurrent.CompletableFuture.get(CompletableFuture.java:1915)
	at org.apache.ratis.util.IOUtils.getFromFuture(IOUtils.java:79)
	... 4 more
2019-09-17 03:20:21,764 [org.apache.ratis.server.impl.LogAppender$AppenderDaemon$$Lambda$550/692567409@203ef6ee] ERROR ratis.XceiverServerRatis (XceiverServerRatis.java:triggerPipelineClose(575)) - pipeline Action CLOSE  on pipeline PipelineID=da3501bf-00c7-4d77-b6e8-32a3d63b87b7.Reason : ae9625dc-248e-414f-955f-fccc978916e7 has not seen follower/s 12c7e022-5f96-4d2f-bd6c-0cb832bfe0bc for 140782ms 1b957291-fe5b-420e-96dd-cc603eda7741 for 140782ms
2019-09-17 03:20:21,764 [org.apache.ratis.server.impl.LogAppender$AppenderDaemon$$Lambda$550/692567409@32071122] ERROR ratis.XceiverServerRatis (XceiverServerRatis.java:triggerPipelineClose(575)) - pipeline Action CLOSE  on pipeline PipelineID=da3501bf-00c7-4d77-b6e8-32a3d63b87b7.Reason : ae9625dc-248e-414f-955f-fccc978916e7 has not seen follower/s 12c7e022-5f96-4d2f-bd6c-0cb832bfe0bc for 140782ms 1b957291-fe5b-420e-96dd-cc603eda7741 for 140782ms
2019-09-17 03:20:22,257 [EventQueue-PipelineActionsForPipelineActionHandler] ERROR pipeline.PipelineActionHandler (PipelineActionHandler.java:onMessage(60)) - Received pipeline action CLOSE for Pipeline[ Id: da3501bf-00c7-4d77-b6e8-32a3d63b87b7, Nodes: ae9625dc-248e-414f-955f-fccc978916e7{ip: 192.168.151.92, host: pr-hdds-2139-j8dx6-1450124282, networkLocation: /default-rack, certSerialId: null}1b957291-fe5b-420e-96dd-cc603eda7741{ip: 192.168.151.92, host: pr-hdds-2139-j8dx6-1450124282, networkLocation: /default-rack, certSerialId: null}12c7e022-5f96-4d2f-bd6c-0cb832bfe0bc{ip: 192.168.151.92, host: pr-hdds-2139-j8dx6-1450124282, networkLocation: /default-rack, certSerialId: null}, Type:RATIS, Factor:THREE, State:CLOSED] from datanode ae9625dc-248e-414f-955f-fccc978916e7{ip: 192.168.151.92, host: pr-hdds-2139-j8dx6-1450124282, networkLocation: /default-rack, certSerialId: null}. Reason : ae9625dc-248e-414f-955f-fccc978916e7 has not seen follower/s 12c7e022-5f96-4d2f-bd6c-0cb832bfe0bc for 140782ms 1b957291-fe5b-420e-96dd-cc603eda7741 for 140782ms
2019-09-17 03:20:22,258 [EventQueue-PipelineActionsForPipelineActionHandler] INFO  pipeline.SCMPipelineManager (SCMPipelineManager.java:finalizeAndDestroyPipeline(311)) - destroying pipeline:Pipeline[ Id: da3501bf-00c7-4d77-b6e8-32a3d63b87b7, Nodes: ae9625dc-248e-414f-955f-fccc978916e7{ip: 192.168.151.92, host: pr-hdds-2139-j8dx6-1450124282, networkLocation: /default-rack, certSerialId: null}1b957291-fe5b-420e-96dd-cc603eda7741{ip: 192.168.151.92, host: pr-hdds-2139-j8dx6-1450124282, networkLocation: /default-rack, certSerialId: null}12c7e022-5f96-4d2f-bd6c-0cb832bfe0bc{ip: 192.168.151.92, host: pr-hdds-2139-j8dx6-1450124282, networkLocation: /default-rack, certSerialId: null}, Type:RATIS, Factor:THREE, State:CLOSED]
2019-09-17 03:20:22,262 [java.util.concurrent.ThreadPoolExecutor$Worker@46c4a907[State = -1, empty queue]] WARN  server.GrpcLogAppender (GrpcLogAppender.java:timeoutAppendRequest(200)) - ae9625dc-248e-414f-955f-fccc978916e7@group-32A3D63B87B7->1b957291-fe5b-420e-96dd-cc603eda7741-GrpcLogAppender: appendEntries Timeout, request=ae9625dc-248e-414f-955f-fccc978916e7->1b957291-fe5b-420e-96dd-cc603eda7741#70-t2, previous=(t:2, i:14), leaderCommit=10, initializing? false, entries: <empty>
2019-09-17 03:20:22,262 [java.util.concurrent.ThreadPoolExecutor$Worker@379360b2[State = -1, empty queue]] WARN  server.GrpcLogAppender (GrpcLogAppender.java:timeoutAppendRequest(200)) - ae9625dc-248e-414f-955f-fccc978916e7@group-32A3D63B87B7->12c7e022-5f96-4d2f-bd6c-0cb832bfe0bc-GrpcLogAppender: appendEntries Timeout, request=ae9625dc-248e-414f-955f-fccc978916e7->12c7e022-5f96-4d2f-bd6c-0cb832bfe0bc#70-t2, previous=(t:2, i:14), leaderCommit=10, initializing? false, entries: <empty>
2019-09-17 03:20:22,622 [grpc-default-executor-2] INFO  client.GrpcClientProtocolClient (GrpcClientProtocolClient.java:onNext(264)) - client-3E3F24432F02->1b957291-fe5b-420e-96dd-cc603eda7741: receive RaftClientReply:client-3E3F24432F02->1b957291-fe5b-420e-96dd-cc603eda7741@group-32A3D63B87B7, cid=21, FAILED org.apache.ratis.protocol.NotLeaderException: Server 1b957291-fe5b-420e-96dd-cc603eda7741@group-32A3D63B87B7 is not the leader ae9625dc-248e-414f-955f-fccc978916e7:192.168.151.92:37052, logIndex=0, commits[1b957291-fe5b-420e-96dd-cc603eda7741:c10, ae9625dc-248e-414f-955f-fccc978916e7:c10, 12c7e022-5f96-4d2f-bd6c-0cb832bfe0bc:c6]
2019-09-17 03:20:24,265 [org.apache.ratis.server.impl.LogAppender$AppenderDaemon$$Lambda$550/692567409@32071122] ERROR ratis.XceiverServerRatis (XceiverServerRatis.java:triggerPipelineClose(575)) - pipeline Action CLOSE  on pipeline PipelineID=da3501bf-00c7-4d77-b6e8-32a3d63b87b7.Reason : ae9625dc-248e-414f-955f-fccc978916e7 has not seen follower/s 12c7e022-5f96-4d2f-bd6c-0cb832bfe0bc for 143283ms 1b957291-fe5b-420e-96dd-cc603eda7741 for 143283ms
2019-09-17 03:20:24,265 [org.apache.ratis.server.impl.LogAppender$AppenderDaemon$$Lambda$550/692567409@203ef6ee] ERROR ratis.XceiverServerRatis (XceiverServerRatis.java:triggerPipelineClose(575)) - pipeline Action CLOSE  on pipeline PipelineID=da3501bf-00c7-4d77-b6e8-32a3d63b87b7.Reason : ae9625dc-248e-414f-955f-fccc978916e7 has not seen follower/s 12c7e022-5f96-4d2f-bd6c-0cb832bfe0bc for 143283ms 1b957291-fe5b-420e-96dd-cc603eda7741 for 143283ms
2019-09-17 03:20:24,764 [java.util.concurrent.ThreadPoolExecutor$Worker@46c4a907[State = -1, empty queue]] WARN  server.GrpcLogAppender (GrpcLogAppender.java:timeoutAppendRequest(200)) - ae9625dc-248e-414f-955f-fccc978916e7@group-32A3D63B87B7->1b957291-fe5b-420e-96dd-cc603eda7741-GrpcLogAppender: appendEntries Timeout, request=ae9625dc-248e-414f-955f-fccc978916e7->1b957291-fe5b-420e-96dd-cc603eda7741#71-t2, previous=(t:2, i:14), leaderCommit=10, initializing? false, entries: <empty>
2019-09-17 03:20:24,764 [java.util.concurrent.ThreadPoolExecutor$Worker@379360b2[State = -1, empty queue]] WARN  server.GrpcLogAppender (GrpcLogAppender.java:timeoutAppendRequest(200)) - ae9625dc-248e-414f-955f-fccc978916e7@group-32A3D63B87B7->12c7e022-5f96-4d2f-bd6c-0cb832bfe0bc-GrpcLogAppender: appendEntries Timeout, request=ae9625dc-248e-414f-955f-fccc978916e7->12c7e022-5f96-4d2f-bd6c-0cb832bfe0bc#71-t2, previous=(t:2, i:14), leaderCommit=10, initializing? false, entries: <empty>
2019-09-17 03:20:25,260 [EventQueue-PipelineActionsForPipelineActionHandler] ERROR pipeline.PipelineActionHandler (PipelineActionHandler.java:onMessage(60)) - Received pipeline action CLOSE for Pipeline[ Id: da3501bf-00c7-4d77-b6e8-32a3d63b87b7, Nodes: ae9625dc-248e-414f-955f-fccc978916e7{ip: 192.168.151.92, host: pr-hdds-2139-j8dx6-1450124282, networkLocation: /default-rack, certSerialId: null}1b957291-fe5b-420e-96dd-cc603eda7741{ip: 192.168.151.92, host: pr-hdds-2139-j8dx6-1450124282, networkLocation: /default-rack, certSerialId: null}12c7e022-5f96-4d2f-bd6c-0cb832bfe0bc{ip: 192.168.151.92, host: pr-hdds-2139-j8dx6-1450124282, networkLocation: /default-rack, certSerialId: null}, Type:RATIS, Factor:THREE, State:CLOSED] from datanode ae9625dc-248e-414f-955f-fccc978916e7{ip: 192.168.151.92, host: pr-hdds-2139-j8dx6-1450124282, networkLocation: /default-rack, certSerialId: null}. Reason : ae9625dc-248e-414f-955f-fccc978916e7 has not seen follower/s 12c7e022-5f96-4d2f-bd6c-0cb832bfe0bc for 143283ms 1b957291-fe5b-420e-96dd-cc603eda7741 for 143283ms
2019-09-17 03:20:25,260 [EventQueue-PipelineActionsForPipelineActionHandler] INFO  pipeline.SCMPipelineManager (SCMPipelineManager.java:finalizeAndDestroyPipeline(311)) - destroying pipeline:Pipeline[ Id: da3501bf-00c7-4d77-b6e8-32a3d63b87b7, Nodes: ae9625dc-248e-414f-955f-fccc978916e7{ip: 192.168.151.92, host: pr-hdds-2139-j8dx6-1450124282, networkLocation: /default-rack, certSerialId: null}1b957291-fe5b-420e-96dd-cc603eda7741{ip: 192.168.151.92, host: pr-hdds-2139-j8dx6-1450124282, networkLocation: /default-rack, certSerialId: null}12c7e022-5f96-4d2f-bd6c-0cb832bfe0bc{ip: 192.168.151.92, host: pr-hdds-2139-j8dx6-1450124282, networkLocation: /default-rack, certSerialId: null}, Type:RATIS, Factor:THREE, State:CLOSED]
2019-09-17 03:20:26,766 [org.apache.ratis.server.impl.LogAppender$AppenderDaemon$$Lambda$550/692567409@32071122] ERROR ratis.XceiverServerRatis (XceiverServerRatis.java:triggerPipelineClose(575)) - pipeline Action CLOSE  on pipeline PipelineID=da3501bf-00c7-4d77-b6e8-32a3d63b87b7.Reason : ae9625dc-248e-414f-955f-fccc978916e7 has not seen follower/s 12c7e022-5f96-4d2f-bd6c-0cb832bfe0bc for 145784ms 1b957291-fe5b-420e-96dd-cc603eda7741 for 145784ms
2019-09-17 03:20:26,769 [org.apache.ratis.server.impl.LogAppender$AppenderDaemon$$Lambda$550/692567409@203ef6ee] ERROR ratis.XceiverServerRatis (XceiverServerRatis.java:triggerPipelineClose(575)) - pipeline Action CLOSE  on pipeline PipelineID=da3501bf-00c7-4d77-b6e8-32a3d63b87b7.Reason : ae9625dc-248e-414f-955f-fccc978916e7 has not seen follower/s 12c7e022-5f96-4d2f-bd6c-0cb832bfe0bc for 145787ms 1b957291-fe5b-420e-96dd-cc603eda7741 for 145787ms
2019-09-17 03:20:27,259 [EventQueue-PipelineActionsForPipelineActionHandler] ERROR pipeline.PipelineActionHandler (PipelineActionHandler.java:onMessage(60)) - Received pipeline action CLOSE for Pipeline[ Id: da3501bf-00c7-4d77-b6e8-32a3d63b87b7, Nodes: ae9625dc-248e-414f-955f-fccc978916e7{ip: 192.168.151.92, host: pr-hdds-2139-j8dx6-1450124282, networkLocation: /default-rack, certSerialId: null}1b957291-fe5b-420e-96dd-cc603eda7741{ip: 192.168.151.92, host: pr-hdds-2139-j8dx6-1450124282, networkLocation: /default-rack, certSerialId: null}12c7e022-5f96-4d2f-bd6c-0cb832bfe0bc{ip: 192.168.151.92, host: pr-hdds-2139-j8dx6-1450124282, networkLocation: /default-rack, certSerialId: null}, Type:RATIS, Factor:THREE, State:CLOSED] from datanode ae9625dc-248e-414f-955f-fccc978916e7{ip: 192.168.151.92, host: pr-hdds-2139-j8dx6-1450124282, networkLocation: /default-rack, certSerialId: null}. Reason : ae9625dc-248e-414f-955f-fccc978916e7 has not seen follower/s 12c7e022-5f96-4d2f-bd6c-0cb832bfe0bc for 145784ms 1b957291-fe5b-420e-96dd-cc603eda7741 for 145784ms
2019-09-17 03:20:27,259 [EventQueue-PipelineActionsForPipelineActionHandler] INFO  pipeline.SCMPipelineManager (SCMPipelineManager.java:finalizeAndDestroyPipeline(311)) - destroying pipeline:Pipeline[ Id: da3501bf-00c7-4d77-b6e8-32a3d63b87b7, Nodes: ae9625dc-248e-414f-955f-fccc978916e7{ip: 192.168.151.92, host: pr-hdds-2139-j8dx6-1450124282, networkLocation: /default-rack, certSerialId: null}1b957291-fe5b-420e-96dd-cc603eda7741{ip: 192.168.151.92, host: pr-hdds-2139-j8dx6-1450124282, networkLocation: /default-rack, certSerialId: null}12c7e022-5f96-4d2f-bd6c-0cb832bfe0bc{ip: 192.168.151.92, host: pr-hdds-2139-j8dx6-1450124282, networkLocation: /default-rack, certSerialId: null}, Type:RATIS, Factor:THREE, State:CLOSED]
2019-09-17 03:20:27,265 [java.util.concurrent.ThreadPoolExecutor$Worker@46c4a907[State = -1, empty queue]] WARN  server.GrpcLogAppender (GrpcLogAppender.java:timeoutAppendRequest(200)) - ae9625dc-248e-414f-955f-fccc978916e7@group-32A3D63B87B7->1b957291-fe5b-420e-96dd-cc603eda7741-GrpcLogAppender: appendEntries Timeout, request=ae9625dc-248e-414f-955f-fccc978916e7->1b957291-fe5b-420e-96dd-cc603eda7741#72-t2, previous=(t:2, i:14), leaderCommit=10, initializing? false, entries: <empty>
2019-09-17 03:20:27,265 [java.util.concurrent.ThreadPoolExecutor$Worker@379360b2[State = -1, empty queue]] WARN  server.GrpcLogAppender (GrpcLogAppender.java:timeoutAppendRequest(200)) - ae9625dc-248e-414f-955f-fccc978916e7@group-32A3D63B87B7->12c7e022-5f96-4d2f-bd6c-0cb832bfe0bc-GrpcLogAppender: appendEntries Timeout, request=ae9625dc-248e-414f-955f-fccc978916e7->12c7e022-5f96-4d2f-bd6c-0cb832bfe0bc#72-t2, previous=(t:2, i:14), leaderCommit=10, initializing? false, entries: <empty>
2019-09-17 03:20:27,671 [grpc-default-executor-2] INFO  client.GrpcClientProtocolClient (GrpcClientProtocolClient.java:onNext(264)) - client-3E3F24432F02->12c7e022-5f96-4d2f-bd6c-0cb832bfe0bc: receive RaftClientReply:client-3E3F24432F02->12c7e022-5f96-4d2f-bd6c-0cb832bfe0bc@group-32A3D63B87B7, cid=21, FAILED org.apache.ratis.protocol.NotLeaderException: Server 12c7e022-5f96-4d2f-bd6c-0cb832bfe0bc@group-32A3D63B87B7 is not the leader ae9625dc-248e-414f-955f-fccc978916e7:192.168.151.92:37052, logIndex=0, commits[12c7e022-5f96-4d2f-bd6c-0cb832bfe0bc:c10, ae9625dc-248e-414f-955f-fccc978916e7:c10, 1b957291-fe5b-420e-96dd-cc603eda7741:c6]
2019-09-17 03:20:29,268 [org.apache.ratis.server.impl.LogAppender$AppenderDaemon$$Lambda$550/692567409@32071122] ERROR ratis.XceiverServerRatis (XceiverServerRatis.java:triggerPipelineClose(575)) - pipeline Action CLOSE  on pipeline PipelineID=da3501bf-00c7-4d77-b6e8-32a3d63b87b7.Reason : ae9625dc-248e-414f-955f-fccc978916e7 has not seen follower/s 12c7e022-5f96-4d2f-bd6c-0cb832bfe0bc for 148286ms 1b957291-fe5b-420e-96dd-cc603eda7741 for 148285ms
2019-09-17 03:20:29,289 [org.apache.ratis.server.impl.LogAppender$AppenderDaemon$$Lambda$550/692567409@203ef6ee] ERROR ratis.XceiverServerRatis (XceiverServerRatis.java:triggerPipelineClose(575)) - pipeline Action CLOSE  on pipeline PipelineID=da3501bf-00c7-4d77-b6e8-32a3d63b87b7.Reason : ae9625dc-248e-414f-955f-fccc978916e7 has not seen follower/s 12c7e022-5f96-4d2f-bd6c-0cb832bfe0bc for 148307ms 1b957291-fe5b-420e-96dd-cc603eda7741 for 148307ms
2019-09-17 03:20:29,766 [java.util.concurrent.ThreadPoolExecutor$Worker@379360b2[State = -1, empty queue]] WARN  server.GrpcLogAppender (GrpcLogAppender.java:timeoutAppendRequest(200)) - ae9625dc-248e-414f-955f-fccc978916e7@group-32A3D63B87B7->12c7e022-5f96-4d2f-bd6c-0cb832bfe0bc-GrpcLogAppender: appendEntries Timeout, request=ae9625dc-248e-414f-955f-fccc978916e7->12c7e022-5f96-4d2f-bd6c-0cb832bfe0bc#73-t2, previous=(t:2, i:14), leaderCommit=10, initializing? false, entries: <empty>
2019-09-17 03:20:29,769 [java.util.concurrent.ThreadPoolExecutor$Worker@46c4a907[State = -1, empty queue]] WARN  server.GrpcLogAppender (GrpcLogAppender.java:timeoutAppendRequest(200)) - ae9625dc-248e-414f-955f-fccc978916e7@group-32A3D63B87B7->1b957291-fe5b-420e-96dd-cc603eda7741-GrpcLogAppender: appendEntries Timeout, request=ae9625dc-248e-414f-955f-fccc978916e7->1b957291-fe5b-420e-96dd-cc603eda7741#73-t2, previous=(t:2, i:14), leaderCommit=10, initializing? false, entries: <empty>
2019-09-17 03:20:30,261 [EventQueue-PipelineActionsForPipelineActionHandler] ERROR pipeline.PipelineActionHandler (PipelineActionHandler.java:onMessage(60)) - Received pipeline action CLOSE for Pipeline[ Id: da3501bf-00c7-4d77-b6e8-32a3d63b87b7, Nodes: ae9625dc-248e-414f-955f-fccc978916e7{ip: 192.168.151.92, host: pr-hdds-2139-j8dx6-1450124282, networkLocation: /default-rack, certSerialId: null}1b957291-fe5b-420e-96dd-cc603eda7741{ip: 192.168.151.92, host: pr-hdds-2139-j8dx6-1450124282, networkLocation: /default-rack, certSerialId: null}12c7e022-5f96-4d2f-bd6c-0cb832bfe0bc{ip: 192.168.151.92, host: pr-hdds-2139-j8dx6-1450124282, networkLocation: /default-rack, certSerialId: null}, Type:RATIS, Factor:THREE, State:CLOSED] from datanode ae9625dc-248e-414f-955f-fccc978916e7{ip: 192.168.151.92, host: pr-hdds-2139-j8dx6-1450124282, networkLocation: /default-rack, certSerialId: null}. Reason : ae9625dc-248e-414f-955f-fccc978916e7 has not seen follower/s 12c7e022-5f96-4d2f-bd6c-0cb832bfe0bc for 148286ms 1b957291-fe5b-420e-96dd-cc603eda7741 for 148285ms
2019-09-17 03:20:30,261 [EventQueue-PipelineActionsForPipelineActionHandler] INFO  pipeline.SCMPipelineManager (SCMPipelineManager.java:finalizeAndDestroyPipeline(311)) - destroying pipeline:Pipeline[ Id: da3501bf-00c7-4d77-b6e8-32a3d63b87b7, Nodes: ae9625dc-248e-414f-955f-fccc978916e7{ip: 192.168.151.92, host: pr-hdds-2139-j8dx6-1450124282, networkLocation: /default-rack, certSerialId: null}1b957291-fe5b-420e-96dd-cc603eda7741{ip: 192.168.151.92, host: pr-hdds-2139-j8dx6-1450124282, networkLocation: /default-rack, certSerialId: null}12c7e022-5f96-4d2f-bd6c-0cb832bfe0bc{ip: 192.168.151.92, host: pr-hdds-2139-j8dx6-1450124282, networkLocation: /default-rack, certSerialId: null}, Type:RATIS, Factor:THREE, State:CLOSED]
2019-09-17 03:20:31,334 [12c7e022-5f96-4d2f-bd6c-0cb832bfe0bc@group-32A3D63B87B7-SegmentedRaftLogWorker] WARN  segmented.SegmentedRaftLogWorker (SegmentedRaftLogWorker.java:getFromFuture(90)) - Timeout 14/~
org.apache.ratis.protocol.TimeoutIOException: Timeout 10s: WriteLog:12: (t:2, i:12), STATEMACHINELOGENTRY, client-3E3F24432F02, cid=22-writeStateMachineData
	at org.apache.ratis.util.IOUtils.getFromFuture(IOUtils.java:87)
	at org.apache.ratis.server.raftlog.segmented.SegmentedRaftLogWorker$StateMachineDataPolicy.getFromFuture(SegmentedRaftLogWorker.java:87)
	at org.apache.ratis.server.raftlog.segmented.SegmentedRaftLogWorker$WriteLog.execute(SegmentedRaftLogWorker.java:477)
	at org.apache.ratis.server.raftlog.segmented.SegmentedRaftLogWorker.run(SegmentedRaftLogWorker.java:289)
	at java.lang.Thread.run(Thread.java:748)
Caused by: java.util.concurrent.TimeoutException
	at java.util.concurrent.CompletableFuture.timedGet(CompletableFuture.java:1771)
	at java.util.concurrent.CompletableFuture.get(CompletableFuture.java:1915)
	at org.apache.ratis.util.IOUtils.getFromFuture(IOUtils.java:79)
	... 4 more
2019-09-17 03:20:31,334 [ae9625dc-248e-414f-955f-fccc978916e7@group-32A3D63B87B7-SegmentedRaftLogWorker] WARN  segmented.SegmentedRaftLogWorker (SegmentedRaftLogWorker.java:getFromFuture(90)) - Timeout 14/~
org.apache.ratis.protocol.TimeoutIOException: Timeout 10s: WriteLog:12: (t:2, i:12), STATEMACHINELOGENTRY, client-3E3F24432F02, cid=22-writeStateMachineData
	at org.apache.ratis.util.IOUtils.getFromFuture(IOUtils.java:87)
	at org.apache.ratis.server.raftlog.segmented.SegmentedRaftLogWorker$StateMachineDataPolicy.getFromFuture(SegmentedRaftLogWorker.java:87)
	at org.apache.ratis.server.raftlog.segmented.SegmentedRaftLogWorker$WriteLog.execute(SegmentedRaftLogWorker.java:477)
	at org.apache.ratis.server.raftlog.segmented.SegmentedRaftLogWorker.run(SegmentedRaftLogWorker.java:289)
	at java.lang.Thread.run(Thread.java:748)
Caused by: java.util.concurrent.TimeoutException
	at java.util.concurrent.CompletableFuture.timedGet(CompletableFuture.java:1771)
	at java.util.concurrent.CompletableFuture.get(CompletableFuture.java:1915)
	at org.apache.ratis.util.IOUtils.getFromFuture(IOUtils.java:79)
	... 4 more
2019-09-17 03:20:31,334 [1b957291-fe5b-420e-96dd-cc603eda7741@group-32A3D63B87B7-SegmentedRaftLogWorker] WARN  segmented.SegmentedRaftLogWorker (SegmentedRaftLogWorker.java:getFromFuture(90)) - Timeout 14/~
org.apache.ratis.protocol.TimeoutIOException: Timeout 10s: WriteLog:12: (t:2, i:12), STATEMACHINELOGENTRY, client-3E3F24432F02, cid=22-writeStateMachineData
	at org.apache.ratis.util.IOUtils.getFromFuture(IOUtils.java:87)
	at org.apache.ratis.server.raftlog.segmented.SegmentedRaftLogWorker$StateMachineDataPolicy.getFromFuture(SegmentedRaftLogWorker.java:87)
	at org.apache.ratis.server.raftlog.segmented.SegmentedRaftLogWorker$WriteLog.execute(SegmentedRaftLogWorker.java:477)
	at org.apache.ratis.server.raftlog.segmented.SegmentedRaftLogWorker.run(SegmentedRaftLogWorker.java:289)
	at java.lang.Thread.run(Thread.java:748)
Caused by: java.util.concurrent.TimeoutException
	at java.util.concurrent.CompletableFuture.timedGet(CompletableFuture.java:1771)
	at java.util.concurrent.CompletableFuture.get(CompletableFuture.java:1915)
	at org.apache.ratis.util.IOUtils.getFromFuture(IOUtils.java:79)
	... 4 more
2019-09-17 03:20:31,768 [org.apache.ratis.server.impl.LogAppender$AppenderDaemon$$Lambda$550/692567409@32071122] ERROR ratis.XceiverServerRatis (XceiverServerRatis.java:triggerPipelineClose(575)) - pipeline Action CLOSE  on pipeline PipelineID=da3501bf-00c7-4d77-b6e8-32a3d63b87b7.Reason : ae9625dc-248e-414f-955f-fccc978916e7 has not seen follower/s 12c7e022-5f96-4d2f-bd6c-0cb832bfe0bc for 150786ms 1b957291-fe5b-420e-96dd-cc603eda7741 for 150786ms
2019-09-17 03:20:31,790 [org.apache.ratis.server.impl.LogAppender$AppenderDaemon$$Lambda$550/692567409@203ef6ee] ERROR ratis.XceiverServerRatis (XceiverServerRatis.java:triggerPipelineClose(575)) - pipeline Action CLOSE  on pipeline PipelineID=da3501bf-00c7-4d77-b6e8-32a3d63b87b7.Reason : ae9625dc-248e-414f-955f-fccc978916e7 has not seen follower/s 12c7e022-5f96-4d2f-bd6c-0cb832bfe0bc for 150808ms 1b957291-fe5b-420e-96dd-cc603eda7741 for 150808ms
2019-09-17 03:20:32,267 [java.util.concurrent.ThreadPoolExecutor$Worker@379360b2[State = -1, empty queue]] WARN  server.GrpcLogAppender (GrpcLogAppender.java:timeoutAppendRequest(200)) - ae9625dc-248e-414f-955f-fccc978916e7@group-32A3D63B87B7->12c7e022-5f96-4d2f-bd6c-0cb832bfe0bc-GrpcLogAppender: appendEntries Timeout, request=ae9625dc-248e-414f-955f-fccc978916e7->12c7e022-5f96-4d2f-bd6c-0cb832bfe0bc#74-t2, previous=(t:2, i:14), leaderCommit=10, initializing? false, entries: <empty>
2019-09-17 03:20:32,289 [java.util.concurrent.ThreadPoolExecutor$Worker@46c4a907[State = -1, empty queue]] WARN  server.GrpcLogAppender (GrpcLogAppender.java:timeoutAppendRequest(200)) - ae9625dc-248e-414f-955f-fccc978916e7@group-32A3D63B87B7->1b957291-fe5b-420e-96dd-cc603eda7741-GrpcLogAppender: appendEntries Timeout, request=ae9625dc-248e-414f-955f-fccc978916e7->1b957291-fe5b-420e-96dd-cc603eda7741#74-t2, previous=(t:2, i:14), leaderCommit=10, initializing? false, entries: <empty>
2019-09-17 03:20:32,355 [EventQueue-PipelineActionsForPipelineActionHandler] ERROR pipeline.PipelineActionHandler (PipelineActionHandler.java:onMessage(60)) - Received pipeline action CLOSE for Pipeline[ Id: da3501bf-00c7-4d77-b6e8-32a3d63b87b7, Nodes: ae9625dc-248e-414f-955f-fccc978916e7{ip: 192.168.151.92, host: pr-hdds-2139-j8dx6-1450124282, networkLocation: /default-rack, certSerialId: null}1b957291-fe5b-420e-96dd-cc603eda7741{ip: 192.168.151.92, host: pr-hdds-2139-j8dx6-1450124282, networkLocation: /default-rack, certSerialId: null}12c7e022-5f96-4d2f-bd6c-0cb832bfe0bc{ip: 192.168.151.92, host: pr-hdds-2139-j8dx6-1450124282, networkLocation: /default-rack, certSerialId: null}, Type:RATIS, Factor:THREE, State:CLOSED] from datanode ae9625dc-248e-414f-955f-fccc978916e7{ip: 192.168.151.92, host: pr-hdds-2139-j8dx6-1450124282, networkLocation: /default-rack, certSerialId: null}. Reason : ae9625dc-248e-414f-955f-fccc978916e7 has not seen follower/s 12c7e022-5f96-4d2f-bd6c-0cb832bfe0bc for 150786ms 1b957291-fe5b-420e-96dd-cc603eda7741 for 150786ms
2019-09-17 03:20:32,355 [EventQueue-PipelineActionsForPipelineActionHandler] INFO  pipeline.SCMPipelineManager (SCMPipelineManager.java:finalizeAndDestroyPipeline(311)) - destroying pipeline:Pipeline[ Id: da3501bf-00c7-4d77-b6e8-32a3d63b87b7, Nodes: ae9625dc-248e-414f-955f-fccc978916e7{ip: 192.168.151.92, host: pr-hdds-2139-j8dx6-1450124282, networkLocation: /default-rack, certSerialId: null}1b957291-fe5b-420e-96dd-cc603eda7741{ip: 192.168.151.92, host: pr-hdds-2139-j8dx6-1450124282, networkLocation: /default-rack, certSerialId: null}12c7e022-5f96-4d2f-bd6c-0cb832bfe0bc{ip: 192.168.151.92, host: pr-hdds-2139-j8dx6-1450124282, networkLocation: /default-rack, certSerialId: null}, Type:RATIS, Factor:THREE, State:CLOSED]
2019-09-17 03:20:32,722 [grpc-default-executor-3] INFO  client.GrpcClientProtocolClient (GrpcClientProtocolClient.java:onNext(264)) - client-3E3F24432F02->1b957291-fe5b-420e-96dd-cc603eda7741: receive RaftClientReply:client-3E3F24432F02->1b957291-fe5b-420e-96dd-cc603eda7741@group-32A3D63B87B7, cid=21, FAILED org.apache.ratis.protocol.NotLeaderException: Server 1b957291-fe5b-420e-96dd-cc603eda7741@group-32A3D63B87B7 is not the leader ae9625dc-248e-414f-955f-fccc978916e7:192.168.151.92:37052, logIndex=0, commits[1b957291-fe5b-420e-96dd-cc603eda7741:c10, ae9625dc-248e-414f-955f-fccc978916e7:c10, 12c7e022-5f96-4d2f-bd6c-0cb832bfe0bc:c6]
2019-09-17 03:20:34,269 [org.apache.ratis.server.impl.LogAppender$AppenderDaemon$$Lambda$550/692567409@32071122] ERROR ratis.XceiverServerRatis (XceiverServerRatis.java:triggerPipelineClose(575)) - pipeline Action CLOSE  on pipeline PipelineID=da3501bf-00c7-4d77-b6e8-32a3d63b87b7.Reason : ae9625dc-248e-414f-955f-fccc978916e7 has not seen follower/s 12c7e022-5f96-4d2f-bd6c-0cb832bfe0bc for 153287ms 1b957291-fe5b-420e-96dd-cc603eda7741 for 153287ms
2019-09-17 03:20:34,290 [org.apache.ratis.server.impl.LogAppender$AppenderDaemon$$Lambda$550/692567409@203ef6ee] ERROR ratis.XceiverServerRatis (XceiverServerRatis.java:triggerPipelineClose(575)) - pipeline Action CLOSE  on pipeline PipelineID=da3501bf-00c7-4d77-b6e8-32a3d63b87b7.Reason : ae9625dc-248e-414f-955f-fccc978916e7 has not seen follower/s 12c7e022-5f96-4d2f-bd6c-0cb832bfe0bc for 153308ms 1b957291-fe5b-420e-96dd-cc603eda7741 for 153308ms
2019-09-17 03:20:34,355 [EventQueue-PipelineActionsForPipelineActionHandler] ERROR pipeline.PipelineActionHandler (PipelineActionHandler.java:onMessage(60)) - Received pipeline action CLOSE for Pipeline[ Id: da3501bf-00c7-4d77-b6e8-32a3d63b87b7, Nodes: ae9625dc-248e-414f-955f-fccc978916e7{ip: 192.168.151.92, host: pr-hdds-2139-j8dx6-1450124282, networkLocation: /default-rack, certSerialId: null}1b957291-fe5b-420e-96dd-cc603eda7741{ip: 192.168.151.92, host: pr-hdds-2139-j8dx6-1450124282, networkLocation: /default-rack, certSerialId: null}12c7e022-5f96-4d2f-bd6c-0cb832bfe0bc{ip: 192.168.151.92, host: pr-hdds-2139-j8dx6-1450124282, networkLocation: /default-rack, certSerialId: null}, Type:RATIS, Factor:THREE, State:CLOSED] from datanode ae9625dc-248e-414f-955f-fccc978916e7{ip: 192.168.151.92, host: pr-hdds-2139-j8dx6-1450124282, networkLocation: /default-rack, certSerialId: null}. Reason : ae9625dc-248e-414f-955f-fccc978916e7 has not seen follower/s 12c7e022-5f96-4d2f-bd6c-0cb832bfe0bc for 153287ms 1b957291-fe5b-420e-96dd-cc603eda7741 for 153287ms
2019-09-17 03:20:34,355 [EventQueue-PipelineActionsForPipelineActionHandler] INFO  pipeline.SCMPipelineManager (SCMPipelineManager.java:finalizeAndDestroyPipeline(311)) - destroying pipeline:Pipeline[ Id: da3501bf-00c7-4d77-b6e8-32a3d63b87b7, Nodes: ae9625dc-248e-414f-955f-fccc978916e7{ip: 192.168.151.92, host: pr-hdds-2139-j8dx6-1450124282, networkLocation: /default-rack, certSerialId: null}1b957291-fe5b-420e-96dd-cc603eda7741{ip: 192.168.151.92, host: pr-hdds-2139-j8dx6-1450124282, networkLocation: /default-rack, certSerialId: null}12c7e022-5f96-4d2f-bd6c-0cb832bfe0bc{ip: 192.168.151.92, host: pr-hdds-2139-j8dx6-1450124282, networkLocation: /default-rack, certSerialId: null}, Type:RATIS, Factor:THREE, State:CLOSED]
2019-09-17 03:20:34,768 [java.util.concurrent.ThreadPoolExecutor$Worker@379360b2[State = -1, empty queue]] WARN  server.GrpcLogAppender (GrpcLogAppender.java:timeoutAppendRequest(200)) - ae9625dc-248e-414f-955f-fccc978916e7@group-32A3D63B87B7->12c7e022-5f96-4d2f-bd6c-0cb832bfe0bc-GrpcLogAppender: appendEntries Timeout, request=ae9625dc-248e-414f-955f-fccc978916e7->12c7e022-5f96-4d2f-bd6c-0cb832bfe0bc#75-t2, previous=(t:2, i:14), leaderCommit=10, initializing? false, entries: <empty>
2019-09-17 03:20:34,790 [java.util.concurrent.ThreadPoolExecutor$Worker@46c4a907[State = -1, empty queue]] WARN  server.GrpcLogAppender (GrpcLogAppender.java:timeoutAppendRequest(200)) - ae9625dc-248e-414f-955f-fccc978916e7@group-32A3D63B87B7->1b957291-fe5b-420e-96dd-cc603eda7741-GrpcLogAppender: appendEntries Timeout, request=ae9625dc-248e-414f-955f-fccc978916e7->1b957291-fe5b-420e-96dd-cc603eda7741#75-t2, previous=(t:2, i:14), leaderCommit=10, initializing? false, entries: <empty>
2019-09-17 03:20:36,770 [org.apache.ratis.server.impl.LogAppender$AppenderDaemon$$Lambda$550/692567409@32071122] ERROR ratis.XceiverServerRatis (XceiverServerRatis.java:triggerPipelineClose(575)) - pipeline Action CLOSE  on pipeline PipelineID=da3501bf-00c7-4d77-b6e8-32a3d63b87b7.Reason : ae9625dc-248e-414f-955f-fccc978916e7 has not seen follower/s 12c7e022-5f96-4d2f-bd6c-0cb832bfe0bc for 155788ms 1b957291-fe5b-420e-96dd-cc603eda7741 for 155788ms
2019-09-17 03:20:36,791 [org.apache.ratis.server.impl.LogAppender$AppenderDaemon$$Lambda$550/692567409@203ef6ee] ERROR ratis.XceiverServerRatis (XceiverServerRatis.java:triggerPipelineClose(575)) - pipeline Action CLOSE  on pipeline PipelineID=da3501bf-00c7-4d77-b6e8-32a3d63b87b7.Reason : ae9625dc-248e-414f-955f-fccc978916e7 has not seen follower/s 12c7e022-5f96-4d2f-bd6c-0cb832bfe0bc for 155809ms 1b957291-fe5b-420e-96dd-cc603eda7741 for 155809ms
2019-09-17 03:20:37,269 [java.util.concurrent.ThreadPoolExecutor$Worker@379360b2[State = -1, empty queue]] WARN  server.GrpcLogAppender (GrpcLogAppender.java:timeoutAppendRequest(200)) - ae9625dc-248e-414f-955f-fccc978916e7@group-32A3D63B87B7->12c7e022-5f96-4d2f-bd6c-0cb832bfe0bc-GrpcLogAppender: appendEntries Timeout, request=ae9625dc-248e-414f-955f-fccc978916e7->12c7e022-5f96-4d2f-bd6c-0cb832bfe0bc#76-t2, previous=(t:2, i:14), leaderCommit=10, initializing? false, entries: <empty>
2019-09-17 03:20:37,291 [java.util.concurrent.ThreadPoolExecutor$Worker@46c4a907[State = -1, empty queue]] WARN  server.GrpcLogAppender (GrpcLogAppender.java:timeoutAppendRequest(200)) - ae9625dc-248e-414f-955f-fccc978916e7@group-32A3D63B87B7->1b957291-fe5b-420e-96dd-cc603eda7741-GrpcLogAppender: appendEntries Timeout, request=ae9625dc-248e-414f-955f-fccc978916e7->1b957291-fe5b-420e-96dd-cc603eda7741#76-t2, previous=(t:2, i:14), leaderCommit=10, initializing? false, entries: <empty>
2019-09-17 03:20:37,356 [EventQueue-PipelineActionsForPipelineActionHandler] ERROR pipeline.PipelineActionHandler (PipelineActionHandler.java:onMessage(60)) - Received pipeline action CLOSE for Pipeline[ Id: da3501bf-00c7-4d77-b6e8-32a3d63b87b7, Nodes: ae9625dc-248e-414f-955f-fccc978916e7{ip: 192.168.151.92, host: pr-hdds-2139-j8dx6-1450124282, networkLocation: /default-rack, certSerialId: null}1b957291-fe5b-420e-96dd-cc603eda7741{ip: 192.168.151.92, host: pr-hdds-2139-j8dx6-1450124282, networkLocation: /default-rack, certSerialId: null}12c7e022-5f96-4d2f-bd6c-0cb832bfe0bc{ip: 192.168.151.92, host: pr-hdds-2139-j8dx6-1450124282, networkLocation: /default-rack, certSerialId: null}, Type:RATIS, Factor:THREE, State:CLOSED] from datanode ae9625dc-248e-414f-955f-fccc978916e7{ip: 192.168.151.92, host: pr-hdds-2139-j8dx6-1450124282, networkLocation: /default-rack, certSerialId: null}. Reason : ae9625dc-248e-414f-955f-fccc978916e7 has not seen follower/s 12c7e022-5f96-4d2f-bd6c-0cb832bfe0bc for 155788ms 1b957291-fe5b-420e-96dd-cc603eda7741 for 155788ms
2019-09-17 03:20:37,356 [EventQueue-PipelineActionsForPipelineActionHandler] INFO  pipeline.SCMPipelineManager (SCMPipelineManager.java:finalizeAndDestroyPipeline(311)) - destroying pipeline:Pipeline[ Id: da3501bf-00c7-4d77-b6e8-32a3d63b87b7, Nodes: ae9625dc-248e-414f-955f-fccc978916e7{ip: 192.168.151.92, host: pr-hdds-2139-j8dx6-1450124282, networkLocation: /default-rack, certSerialId: null}1b957291-fe5b-420e-96dd-cc603eda7741{ip: 192.168.151.92, host: pr-hdds-2139-j8dx6-1450124282, networkLocation: /default-rack, certSerialId: null}12c7e022-5f96-4d2f-bd6c-0cb832bfe0bc{ip: 192.168.151.92, host: pr-hdds-2139-j8dx6-1450124282, networkLocation: /default-rack, certSerialId: null}, Type:RATIS, Factor:THREE, State:CLOSED]
2019-09-17 03:20:37,771 [grpc-default-executor-2] INFO  client.GrpcClientProtocolClient (GrpcClientProtocolClient.java:onNext(264)) - client-3E3F24432F02->1b957291-fe5b-420e-96dd-cc603eda7741: receive RaftClientReply:client-3E3F24432F02->1b957291-fe5b-420e-96dd-cc603eda7741@group-32A3D63B87B7, cid=21, FAILED org.apache.ratis.protocol.NotLeaderException: Server 1b957291-fe5b-420e-96dd-cc603eda7741@group-32A3D63B87B7 is not the leader ae9625dc-248e-414f-955f-fccc978916e7:192.168.151.92:37052, logIndex=0, commits[1b957291-fe5b-420e-96dd-cc603eda7741:c10, ae9625dc-248e-414f-955f-fccc978916e7:c10, 12c7e022-5f96-4d2f-bd6c-0cb832bfe0bc:c6]
2019-09-17 03:20:39,272 [org.apache.ratis.server.impl.LogAppender$AppenderDaemon$$Lambda$550/692567409@32071122] ERROR ratis.XceiverServerRatis (XceiverServerRatis.java:triggerPipelineClose(575)) - pipeline Action CLOSE  on pipeline PipelineID=da3501bf-00c7-4d77-b6e8-32a3d63b87b7.Reason : ae9625dc-248e-414f-955f-fccc978916e7 has not seen follower/s 12c7e022-5f96-4d2f-bd6c-0cb832bfe0bc for 158290ms 1b957291-fe5b-420e-96dd-cc603eda7741 for 158289ms
2019-09-17 03:20:39,292 [org.apache.ratis.server.impl.LogAppender$AppenderDaemon$$Lambda$550/692567409@203ef6ee] ERROR ratis.XceiverServerRatis (XceiverServerRatis.java:triggerPipelineClose(575)) - pipeline Action CLOSE  on pipeline PipelineID=da3501bf-00c7-4d77-b6e8-32a3d63b87b7.Reason : ae9625dc-248e-414f-955f-fccc978916e7 has not seen follower/s 12c7e022-5f96-4d2f-bd6c-0cb832bfe0bc for 158310ms 1b957291-fe5b-420e-96dd-cc603eda7741 for 158310ms
2019-09-17 03:20:39,357 [EventQueue-PipelineActionsForPipelineActionHandler] ERROR pipeline.PipelineActionHandler (PipelineActionHandler.java:onMessage(60)) - Received pipeline action CLOSE for Pipeline[ Id: da3501bf-00c7-4d77-b6e8-32a3d63b87b7, Nodes: ae9625dc-248e-414f-955f-fccc978916e7{ip: 192.168.151.92, host: pr-hdds-2139-j8dx6-1450124282, networkLocation: /default-rack, certSerialId: null}1b957291-fe5b-420e-96dd-cc603eda7741{ip: 192.168.151.92, host: pr-hdds-2139-j8dx6-1450124282, networkLocation: /default-rack, certSerialId: null}12c7e022-5f96-4d2f-bd6c-0cb832bfe0bc{ip: 192.168.151.92, host: pr-hdds-2139-j8dx6-1450124282, networkLocation: /default-rack, certSerialId: null}, Type:RATIS, Factor:THREE, State:CLOSED] from datanode ae9625dc-248e-414f-955f-fccc978916e7{ip: 192.168.151.92, host: pr-hdds-2139-j8dx6-1450124282, networkLocation: /default-rack, certSerialId: null}. Reason : ae9625dc-248e-414f-955f-fccc978916e7 has not seen follower/s 12c7e022-5f96-4d2f-bd6c-0cb832bfe0bc for 158290ms 1b957291-fe5b-420e-96dd-cc603eda7741 for 158289ms
2019-09-17 03:20:39,357 [EventQueue-PipelineActionsForPipelineActionHandler] INFO  pipeline.SCMPipelineManager (SCMPipelineManager.java:finalizeAndDestroyPipeline(311)) - destroying pipeline:Pipeline[ Id: da3501bf-00c7-4d77-b6e8-32a3d63b87b7, Nodes: ae9625dc-248e-414f-955f-fccc978916e7{ip: 192.168.151.92, host: pr-hdds-2139-j8dx6-1450124282, networkLocation: /default-rack, certSerialId: null}1b957291-fe5b-420e-96dd-cc603eda7741{ip: 192.168.151.92, host: pr-hdds-2139-j8dx6-1450124282, networkLocation: /default-rack, certSerialId: null}12c7e022-5f96-4d2f-bd6c-0cb832bfe0bc{ip: 192.168.151.92, host: pr-hdds-2139-j8dx6-1450124282, networkLocation: /default-rack, certSerialId: null}, Type:RATIS, Factor:THREE, State:CLOSED]
2019-09-17 03:20:39,770 [java.util.concurrent.ThreadPoolExecutor$Worker@379360b2[State = -1, empty queue]] WARN  server.GrpcLogAppender (GrpcLogAppender.java:timeoutAppendRequest(200)) - ae9625dc-248e-414f-955f-fccc978916e7@group-32A3D63B87B7->12c7e022-5f96-4d2f-bd6c-0cb832bfe0bc-GrpcLogAppender: appendEntries Timeout, request=ae9625dc-248e-414f-955f-fccc978916e7->12c7e022-5f96-4d2f-bd6c-0cb832bfe0bc#77-t2, previous=(t:2, i:14), leaderCommit=10, initializing? false, entries: <empty>
2019-09-17 03:20:39,794 [java.util.concurrent.ThreadPoolExecutor$Worker@46c4a907[State = -1, empty queue]] WARN  server.GrpcLogAppender (GrpcLogAppender.java:timeoutAppendRequest(200)) - ae9625dc-248e-414f-955f-fccc978916e7@group-32A3D63B87B7->1b957291-fe5b-420e-96dd-cc603eda7741-GrpcLogAppender: appendEntries Timeout, request=ae9625dc-248e-414f-955f-fccc978916e7->1b957291-fe5b-420e-96dd-cc603eda7741#77-t2, previous=(t:2, i:14), leaderCommit=10, initializing? false, entries: <empty>
2019-09-17 03:20:41,335 [12c7e022-5f96-4d2f-bd6c-0cb832bfe0bc@group-32A3D63B87B7-SegmentedRaftLogWorker] WARN  segmented.SegmentedRaftLogWorker (SegmentedRaftLogWorker.java:getFromFuture(90)) - Timeout 15/~
org.apache.ratis.protocol.TimeoutIOException: Timeout 10s: WriteLog:12: (t:2, i:12), STATEMACHINELOGENTRY, client-3E3F24432F02, cid=22-writeStateMachineData
	at org.apache.ratis.util.IOUtils.getFromFuture(IOUtils.java:87)
	at org.apache.ratis.server.raftlog.segmented.SegmentedRaftLogWorker$StateMachineDataPolicy.getFromFuture(SegmentedRaftLogWorker.java:87)
	at org.apache.ratis.server.raftlog.segmented.SegmentedRaftLogWorker$WriteLog.execute(SegmentedRaftLogWorker.java:477)
	at org.apache.ratis.server.raftlog.segmented.SegmentedRaftLogWorker.run(SegmentedRaftLogWorker.java:289)
	at java.lang.Thread.run(Thread.java:748)
Caused by: java.util.concurrent.TimeoutException
	at java.util.concurrent.CompletableFuture.timedGet(CompletableFuture.java:1771)
	at java.util.concurrent.CompletableFuture.get(CompletableFuture.java:1915)
	at org.apache.ratis.util.IOUtils.getFromFuture(IOUtils.java:79)
	... 4 more
2019-09-17 03:20:41,336 [1b957291-fe5b-420e-96dd-cc603eda7741@group-32A3D63B87B7-SegmentedRaftLogWorker] WARN  segmented.SegmentedRaftLogWorker (SegmentedRaftLogWorker.java:getFromFuture(90)) - Timeout 15/~
org.apache.ratis.protocol.TimeoutIOException: Timeout 10s: WriteLog:12: (t:2, i:12), STATEMACHINELOGENTRY, client-3E3F24432F02, cid=22-writeStateMachineData
	at org.apache.ratis.util.IOUtils.getFromFuture(IOUtils.java:87)
	at org.apache.ratis.server.raftlog.segmented.SegmentedRaftLogWorker$StateMachineDataPolicy.getFromFuture(SegmentedRaftLogWorker.java:87)
	at org.apache.ratis.server.raftlog.segmented.SegmentedRaftLogWorker$WriteLog.execute(SegmentedRaftLogWorker.java:477)
	at org.apache.ratis.server.raftlog.segmented.SegmentedRaftLogWorker.run(SegmentedRaftLogWorker.java:289)
	at java.lang.Thread.run(Thread.java:748)
Caused by: java.util.concurrent.TimeoutException
	at java.util.concurrent.CompletableFuture.timedGet(CompletableFuture.java:1771)
	at java.util.concurrent.CompletableFuture.get(CompletableFuture.java:1915)
	at org.apache.ratis.util.IOUtils.getFromFuture(IOUtils.java:79)
	... 4 more
2019-09-17 03:20:41,335 [ae9625dc-248e-414f-955f-fccc978916e7@group-32A3D63B87B7-SegmentedRaftLogWorker] WARN  segmented.SegmentedRaftLogWorker (SegmentedRaftLogWorker.java:getFromFuture(90)) - Timeout 15/~
org.apache.ratis.protocol.TimeoutIOException: Timeout 10s: WriteLog:12: (t:2, i:12), STATEMACHINELOGENTRY, client-3E3F24432F02, cid=22-writeStateMachineData
	at org.apache.ratis.util.IOUtils.getFromFuture(IOUtils.java:87)
	at org.apache.ratis.server.raftlog.segmented.SegmentedRaftLogWorker$StateMachineDataPolicy.getFromFuture(SegmentedRaftLogWorker.java:87)
	at org.apache.ratis.server.raftlog.segmented.SegmentedRaftLogWorker$WriteLog.execute(SegmentedRaftLogWorker.java:477)
	at org.apache.ratis.server.raftlog.segmented.SegmentedRaftLogWorker.run(SegmentedRaftLogWorker.java:289)
	at java.lang.Thread.run(Thread.java:748)
Caused by: java.util.concurrent.TimeoutException
	at java.util.concurrent.CompletableFuture.timedGet(CompletableFuture.java:1771)
	at java.util.concurrent.CompletableFuture.get(CompletableFuture.java:1915)
	at org.apache.ratis.util.IOUtils.getFromFuture(IOUtils.java:79)
	... 4 more
2019-09-17 03:20:41,773 [org.apache.ratis.server.impl.LogAppender$AppenderDaemon$$Lambda$550/692567409@32071122] ERROR ratis.XceiverServerRatis (XceiverServerRatis.java:triggerPipelineClose(575)) - pipeline Action CLOSE  on pipeline PipelineID=da3501bf-00c7-4d77-b6e8-32a3d63b87b7.Reason : ae9625dc-248e-414f-955f-fccc978916e7 has not seen follower/s 12c7e022-5f96-4d2f-bd6c-0cb832bfe0bc for 160791ms 1b957291-fe5b-420e-96dd-cc603eda7741 for 160791ms
2019-09-17 03:20:41,793 [org.apache.ratis.server.impl.LogAppender$AppenderDaemon$$Lambda$550/692567409@203ef6ee] ERROR ratis.XceiverServerRatis (XceiverServerRatis.java:triggerPipelineClose(575)) - pipeline Action CLOSE  on pipeline PipelineID=da3501bf-00c7-4d77-b6e8-32a3d63b87b7.Reason : ae9625dc-248e-414f-955f-fccc978916e7 has not seen follower/s 12c7e022-5f96-4d2f-bd6c-0cb832bfe0bc for 160811ms 1b957291-fe5b-420e-96dd-cc603eda7741 for 160810ms
2019-09-17 03:20:42,272 [java.util.concurrent.ThreadPoolExecutor$Worker@379360b2[State = -1, empty queue]] WARN  server.GrpcLogAppender (GrpcLogAppender.java:timeoutAppendRequest(200)) - ae9625dc-248e-414f-955f-fccc978916e7@group-32A3D63B87B7->12c7e022-5f96-4d2f-bd6c-0cb832bfe0bc-GrpcLogAppender: appendEntries Timeout, request=ae9625dc-248e-414f-955f-fccc978916e7->12c7e022-5f96-4d2f-bd6c-0cb832bfe0bc#78-t2, previous=(t:2, i:14), leaderCommit=10, initializing? false, entries: <empty>
2019-09-17 03:20:42,292 [java.util.concurrent.ThreadPoolExecutor$Worker@46c4a907[State = -1, empty queue]] WARN  server.GrpcLogAppender (GrpcLogAppender.java:timeoutAppendRequest(200)) - ae9625dc-248e-414f-955f-fccc978916e7@group-32A3D63B87B7->1b957291-fe5b-420e-96dd-cc603eda7741-GrpcLogAppender: appendEntries Timeout, request=ae9625dc-248e-414f-955f-fccc978916e7->1b957291-fe5b-420e-96dd-cc603eda7741#78-t2, previous=(t:2, i:14), leaderCommit=10, initializing? false, entries: <empty>
2019-09-17 03:20:42,375 [EventQueue-PipelineActionsForPipelineActionHandler] ERROR pipeline.PipelineActionHandler (PipelineActionHandler.java:onMessage(60)) - Received pipeline action CLOSE for Pipeline[ Id: da3501bf-00c7-4d77-b6e8-32a3d63b87b7, Nodes: ae9625dc-248e-414f-955f-fccc978916e7{ip: 192.168.151.92, host: pr-hdds-2139-j8dx6-1450124282, networkLocation: /default-rack, certSerialId: null}1b957291-fe5b-420e-96dd-cc603eda7741{ip: 192.168.151.92, host: pr-hdds-2139-j8dx6-1450124282, networkLocation: /default-rack, certSerialId: null}12c7e022-5f96-4d2f-bd6c-0cb832bfe0bc{ip: 192.168.151.92, host: pr-hdds-2139-j8dx6-1450124282, networkLocation: /default-rack, certSerialId: null}, Type:RATIS, Factor:THREE, State:CLOSED] from datanode ae9625dc-248e-414f-955f-fccc978916e7{ip: 192.168.151.92, host: pr-hdds-2139-j8dx6-1450124282, networkLocation: /default-rack, certSerialId: null}. Reason : ae9625dc-248e-414f-955f-fccc978916e7 has not seen follower/s 12c7e022-5f96-4d2f-bd6c-0cb832bfe0bc for 160791ms 1b957291-fe5b-420e-96dd-cc603eda7741 for 160791ms
2019-09-17 03:20:42,375 [EventQueue-PipelineActionsForPipelineActionHandler] INFO  pipeline.SCMPipelineManager (SCMPipelineManager.java:finalizeAndDestroyPipeline(311)) - destroying pipeline:Pipeline[ Id: da3501bf-00c7-4d77-b6e8-32a3d63b87b7, Nodes: ae9625dc-248e-414f-955f-fccc978916e7{ip: 192.168.151.92, host: pr-hdds-2139-j8dx6-1450124282, networkLocation: /default-rack, certSerialId: null}1b957291-fe5b-420e-96dd-cc603eda7741{ip: 192.168.151.92, host: pr-hdds-2139-j8dx6-1450124282, networkLocation: /default-rack, certSerialId: null}12c7e022-5f96-4d2f-bd6c-0cb832bfe0bc{ip: 192.168.151.92, host: pr-hdds-2139-j8dx6-1450124282, networkLocation: /default-rack, certSerialId: null}, Type:RATIS, Factor:THREE, State:CLOSED]
2019-09-17 03:20:42,823 [grpc-default-executor-3] INFO  client.GrpcClientProtocolClient (GrpcClientProtocolClient.java:onNext(264)) - client-3E3F24432F02->12c7e022-5f96-4d2f-bd6c-0cb832bfe0bc: receive RaftClientReply:client-3E3F24432F02->12c7e022-5f96-4d2f-bd6c-0cb832bfe0bc@group-32A3D63B87B7, cid=21, FAILED org.apache.ratis.protocol.NotLeaderException: Server 12c7e022-5f96-4d2f-bd6c-0cb832bfe0bc@group-32A3D63B87B7 is not the leader ae9625dc-248e-414f-955f-fccc978916e7:192.168.151.92:37052, logIndex=0, commits[12c7e022-5f96-4d2f-bd6c-0cb832bfe0bc:c10, ae9625dc-248e-414f-955f-fccc978916e7:c10, 1b957291-fe5b-420e-96dd-cc603eda7741:c6]
2019-09-17 03:20:44,273 [org.apache.ratis.server.impl.LogAppender$AppenderDaemon$$Lambda$550/692567409@32071122] ERROR ratis.XceiverServerRatis (XceiverServerRatis.java:triggerPipelineClose(575)) - pipeline Action CLOSE  on pipeline PipelineID=da3501bf-00c7-4d77-b6e8-32a3d63b87b7.Reason : ae9625dc-248e-414f-955f-fccc978916e7 has not seen follower/s 12c7e022-5f96-4d2f-bd6c-0cb832bfe0bc for 163291ms 1b957291-fe5b-420e-96dd-cc603eda7741 for 163291ms
2019-09-17 03:20:44,293 [org.apache.ratis.server.impl.LogAppender$AppenderDaemon$$Lambda$550/692567409@203ef6ee] ERROR ratis.XceiverServerRatis (XceiverServerRatis.java:triggerPipelineClose(575)) - pipeline Action CLOSE  on pipeline PipelineID=da3501bf-00c7-4d77-b6e8-32a3d63b87b7.Reason : ae9625dc-248e-414f-955f-fccc978916e7 has not seen follower/s 12c7e022-5f96-4d2f-bd6c-0cb832bfe0bc for 163311ms 1b957291-fe5b-420e-96dd-cc603eda7741 for 163311ms
2019-09-17 03:20:44,375 [EventQueue-PipelineActionsForPipelineActionHandler] ERROR pipeline.PipelineActionHandler (PipelineActionHandler.java:onMessage(60)) - Received pipeline action CLOSE for Pipeline[ Id: da3501bf-00c7-4d77-b6e8-32a3d63b87b7, Nodes: ae9625dc-248e-414f-955f-fccc978916e7{ip: 192.168.151.92, host: pr-hdds-2139-j8dx6-1450124282, networkLocation: /default-rack, certSerialId: null}1b957291-fe5b-420e-96dd-cc603eda7741{ip: 192.168.151.92, host: pr-hdds-2139-j8dx6-1450124282, networkLocation: /default-rack, certSerialId: null}12c7e022-5f96-4d2f-bd6c-0cb832bfe0bc{ip: 192.168.151.92, host: pr-hdds-2139-j8dx6-1450124282, networkLocation: /default-rack, certSerialId: null}, Type:RATIS, Factor:THREE, State:CLOSED] from datanode ae9625dc-248e-414f-955f-fccc978916e7{ip: 192.168.151.92, host: pr-hdds-2139-j8dx6-1450124282, networkLocation: /default-rack, certSerialId: null}. Reason : ae9625dc-248e-414f-955f-fccc978916e7 has not seen follower/s 12c7e022-5f96-4d2f-bd6c-0cb832bfe0bc for 163291ms 1b957291-fe5b-420e-96dd-cc603eda7741 for 163291ms
2019-09-17 03:20:44,375 [EventQueue-PipelineActionsForPipelineActionHandler] INFO  pipeline.SCMPipelineManager (SCMPipelineManager.java:finalizeAndDestroyPipeline(311)) - destroying pipeline:Pipeline[ Id: da3501bf-00c7-4d77-b6e8-32a3d63b87b7, Nodes: ae9625dc-248e-414f-955f-fccc978916e7{ip: 192.168.151.92, host: pr-hdds-2139-j8dx6-1450124282, networkLocation: /default-rack, certSerialId: null}1b957291-fe5b-420e-96dd-cc603eda7741{ip: 192.168.151.92, host: pr-hdds-2139-j8dx6-1450124282, networkLocation: /default-rack, certSerialId: null}12c7e022-5f96-4d2f-bd6c-0cb832bfe0bc{ip: 192.168.151.92, host: pr-hdds-2139-j8dx6-1450124282, networkLocation: /default-rack, certSerialId: null}, Type:RATIS, Factor:THREE, State:CLOSED]
2019-09-17 03:20:44,773 [java.util.concurrent.ThreadPoolExecutor$Worker@379360b2[State = -1, empty queue]] WARN  server.GrpcLogAppender (GrpcLogAppender.java:timeoutAppendRequest(200)) - ae9625dc-248e-414f-955f-fccc978916e7@group-32A3D63B87B7->12c7e022-5f96-4d2f-bd6c-0cb832bfe0bc-GrpcLogAppender: appendEntries Timeout, request=ae9625dc-248e-414f-955f-fccc978916e7->12c7e022-5f96-4d2f-bd6c-0cb832bfe0bc#79-t2, previous=(t:2, i:14), leaderCommit=10, initializing? false, entries: <empty>
2019-09-17 03:20:44,792 [java.util.concurrent.ThreadPoolExecutor$Worker@46c4a907[State = -1, empty queue]] WARN  server.GrpcLogAppender (GrpcLogAppender.java:timeoutAppendRequest(200)) - ae9625dc-248e-414f-955f-fccc978916e7@group-32A3D63B87B7->1b957291-fe5b-420e-96dd-cc603eda7741-GrpcLogAppender: appendEntries Timeout, request=ae9625dc-248e-414f-955f-fccc978916e7->1b957291-fe5b-420e-96dd-cc603eda7741#79-t2, previous=(t:2, i:14), leaderCommit=10, initializing? false, entries: <empty>
2019-09-17 03:20:46,774 [org.apache.ratis.server.impl.LogAppender$AppenderDaemon$$Lambda$550/692567409@32071122] ERROR ratis.XceiverServerRatis (XceiverServerRatis.java:triggerPipelineClose(575)) - pipeline Action CLOSE  on pipeline PipelineID=da3501bf-00c7-4d77-b6e8-32a3d63b87b7.Reason : ae9625dc-248e-414f-955f-fccc978916e7 has not seen follower/s 12c7e022-5f96-4d2f-bd6c-0cb832bfe0bc for 165792ms 1b957291-fe5b-420e-96dd-cc603eda7741 for 165792ms
2019-09-17 03:20:46,794 [org.apache.ratis.server.impl.LogAppender$AppenderDaemon$$Lambda$550/692567409@203ef6ee] ERROR ratis.XceiverServerRatis (XceiverServerRatis.java:triggerPipelineClose(575)) - pipeline Action CLOSE  on pipeline PipelineID=da3501bf-00c7-4d77-b6e8-32a3d63b87b7.Reason : ae9625dc-248e-414f-955f-fccc978916e7 has not seen follower/s 12c7e022-5f96-4d2f-bd6c-0cb832bfe0bc for 165812ms 1b957291-fe5b-420e-96dd-cc603eda7741 for 165812ms
2019-09-17 03:20:47,273 [java.util.concurrent.ThreadPoolExecutor$Worker@379360b2[State = -1, empty queue]] WARN  server.GrpcLogAppender (GrpcLogAppender.java:timeoutAppendRequest(200)) - ae9625dc-248e-414f-955f-fccc978916e7@group-32A3D63B87B7->12c7e022-5f96-4d2f-bd6c-0cb832bfe0bc-GrpcLogAppender: appendEntries Timeout, request=ae9625dc-248e-414f-955f-fccc978916e7->12c7e022-5f96-4d2f-bd6c-0cb832bfe0bc#80-t2, previous=(t:2, i:14), leaderCommit=10, initializing? false, entries: <empty>
2019-09-17 03:20:47,293 [java.util.concurrent.ThreadPoolExecutor$Worker@46c4a907[State = -1, empty queue]] WARN  server.GrpcLogAppender (GrpcLogAppender.java:timeoutAppendRequest(200)) - ae9625dc-248e-414f-955f-fccc978916e7@group-32A3D63B87B7->1b957291-fe5b-420e-96dd-cc603eda7741-GrpcLogAppender: appendEntries Timeout, request=ae9625dc-248e-414f-955f-fccc978916e7->1b957291-fe5b-420e-96dd-cc603eda7741#80-t2, previous=(t:2, i:14), leaderCommit=10, initializing? false, entries: <empty>
2019-09-17 03:20:47,375 [EventQueue-PipelineActionsForPipelineActionHandler] ERROR pipeline.PipelineActionHandler (PipelineActionHandler.java:onMessage(60)) - Received pipeline action CLOSE for Pipeline[ Id: da3501bf-00c7-4d77-b6e8-32a3d63b87b7, Nodes: ae9625dc-248e-414f-955f-fccc978916e7{ip: 192.168.151.92, host: pr-hdds-2139-j8dx6-1450124282, networkLocation: /default-rack, certSerialId: null}1b957291-fe5b-420e-96dd-cc603eda7741{ip: 192.168.151.92, host: pr-hdds-2139-j8dx6-1450124282, networkLocation: /default-rack, certSerialId: null}12c7e022-5f96-4d2f-bd6c-0cb832bfe0bc{ip: 192.168.151.92, host: pr-hdds-2139-j8dx6-1450124282, networkLocation: /default-rack, certSerialId: null}, Type:RATIS, Factor:THREE, State:CLOSED] from datanode ae9625dc-248e-414f-955f-fccc978916e7{ip: 192.168.151.92, host: pr-hdds-2139-j8dx6-1450124282, networkLocation: /default-rack, certSerialId: null}. Reason : ae9625dc-248e-414f-955f-fccc978916e7 has not seen follower/s 12c7e022-5f96-4d2f-bd6c-0cb832bfe0bc for 165792ms 1b957291-fe5b-420e-96dd-cc603eda7741 for 165792ms
2019-09-17 03:20:47,375 [EventQueue-PipelineActionsForPipelineActionHandler] INFO  pipeline.SCMPipelineManager (SCMPipelineManager.java:finalizeAndDestroyPipeline(311)) - destroying pipeline:Pipeline[ Id: da3501bf-00c7-4d77-b6e8-32a3d63b87b7, Nodes: ae9625dc-248e-414f-955f-fccc978916e7{ip: 192.168.151.92, host: pr-hdds-2139-j8dx6-1450124282, networkLocation: /default-rack, certSerialId: null}1b957291-fe5b-420e-96dd-cc603eda7741{ip: 192.168.151.92, host: pr-hdds-2139-j8dx6-1450124282, networkLocation: /default-rack, certSerialId: null}12c7e022-5f96-4d2f-bd6c-0cb832bfe0bc{ip: 192.168.151.92, host: pr-hdds-2139-j8dx6-1450124282, networkLocation: /default-rack, certSerialId: null}, Type:RATIS, Factor:THREE, State:CLOSED]
2019-09-17 03:20:47,875 [grpc-default-executor-2] INFO  client.GrpcClientProtocolClient (GrpcClientProtocolClient.java:onNext(264)) - client-3E3F24432F02->12c7e022-5f96-4d2f-bd6c-0cb832bfe0bc: receive RaftClientReply:client-3E3F24432F02->12c7e022-5f96-4d2f-bd6c-0cb832bfe0bc@group-32A3D63B87B7, cid=21, FAILED org.apache.ratis.protocol.NotLeaderException: Server 12c7e022-5f96-4d2f-bd6c-0cb832bfe0bc@group-32A3D63B87B7 is not the leader ae9625dc-248e-414f-955f-fccc978916e7:192.168.151.92:37052, logIndex=0, commits[12c7e022-5f96-4d2f-bd6c-0cb832bfe0bc:c10, ae9625dc-248e-414f-955f-fccc978916e7:c10, 1b957291-fe5b-420e-96dd-cc603eda7741:c6]
2019-09-17 03:20:49,276 [org.apache.ratis.server.impl.LogAppender$AppenderDaemon$$Lambda$550/692567409@32071122] ERROR ratis.XceiverServerRatis (XceiverServerRatis.java:triggerPipelineClose(575)) - pipeline Action CLOSE  on pipeline PipelineID=da3501bf-00c7-4d77-b6e8-32a3d63b87b7.Reason : ae9625dc-248e-414f-955f-fccc978916e7 has not seen follower/s 12c7e022-5f96-4d2f-bd6c-0cb832bfe0bc for 168294ms 1b957291-fe5b-420e-96dd-cc603eda7741 for 168294ms
2019-09-17 03:20:49,295 [org.apache.ratis.server.impl.LogAppender$AppenderDaemon$$Lambda$550/692567409@203ef6ee] ERROR ratis.XceiverServerRatis (XceiverServerRatis.java:triggerPipelineClose(575)) - pipeline Action CLOSE  on pipeline PipelineID=da3501bf-00c7-4d77-b6e8-32a3d63b87b7.Reason : ae9625dc-248e-414f-955f-fccc978916e7 has not seen follower/s 12c7e022-5f96-4d2f-bd6c-0cb832bfe0bc for 168313ms 1b957291-fe5b-420e-96dd-cc603eda7741 for 168313ms
2019-09-17 03:20:49,375 [EventQueue-PipelineActionsForPipelineActionHandler] ERROR pipeline.PipelineActionHandler (PipelineActionHandler.java:onMessage(60)) - Received pipeline action CLOSE for Pipeline[ Id: da3501bf-00c7-4d77-b6e8-32a3d63b87b7, Nodes: ae9625dc-248e-414f-955f-fccc978916e7{ip: 192.168.151.92, host: pr-hdds-2139-j8dx6-1450124282, networkLocation: /default-rack, certSerialId: null}1b957291-fe5b-420e-96dd-cc603eda7741{ip: 192.168.151.92, host: pr-hdds-2139-j8dx6-1450124282, networkLocation: /default-rack, certSerialId: null}12c7e022-5f96-4d2f-bd6c-0cb832bfe0bc{ip: 192.168.151.92, host: pr-hdds-2139-j8dx6-1450124282, networkLocation: /default-rack, certSerialId: null}, Type:RATIS, Factor:THREE, State:CLOSED] from datanode ae9625dc-248e-414f-955f-fccc978916e7{ip: 192.168.151.92, host: pr-hdds-2139-j8dx6-1450124282, networkLocation: /default-rack, certSerialId: null}. Reason : ae9625dc-248e-414f-955f-fccc978916e7 has not seen follower/s 12c7e022-5f96-4d2f-bd6c-0cb832bfe0bc for 168294ms 1b957291-fe5b-420e-96dd-cc603eda7741 for 168294ms
2019-09-17 03:20:49,375 [EventQueue-PipelineActionsForPipelineActionHandler] INFO  pipeline.SCMPipelineManager (SCMPipelineManager.java:finalizeAndDestroyPipeline(311)) - destroying pipeline:Pipeline[ Id: da3501bf-00c7-4d77-b6e8-32a3d63b87b7, Nodes: ae9625dc-248e-414f-955f-fccc978916e7{ip: 192.168.151.92, host: pr-hdds-2139-j8dx6-1450124282, networkLocation: /default-rack, certSerialId: null}1b957291-fe5b-420e-96dd-cc603eda7741{ip: 192.168.151.92, host: pr-hdds-2139-j8dx6-1450124282, networkLocation: /default-rack, certSerialId: null}12c7e022-5f96-4d2f-bd6c-0cb832bfe0bc{ip: 192.168.151.92, host: pr-hdds-2139-j8dx6-1450124282, networkLocation: /default-rack, certSerialId: null}, Type:RATIS, Factor:THREE, State:CLOSED]
2019-09-17 03:20:49,774 [java.util.concurrent.ThreadPoolExecutor$Worker@379360b2[State = -1, empty queue]] WARN  server.GrpcLogAppender (GrpcLogAppender.java:timeoutAppendRequest(200)) - ae9625dc-248e-414f-955f-fccc978916e7@group-32A3D63B87B7->12c7e022-5f96-4d2f-bd6c-0cb832bfe0bc-GrpcLogAppender: appendEntries Timeout, request=ae9625dc-248e-414f-955f-fccc978916e7->12c7e022-5f96-4d2f-bd6c-0cb832bfe0bc#81-t2, previous=(t:2, i:14), leaderCommit=10, initializing? false, entries: <empty>
2019-09-17 03:20:49,794 [java.util.concurrent.ThreadPoolExecutor$Worker@46c4a907[State = -1, empty queue]] WARN  server.GrpcLogAppender (GrpcLogAppender.java:timeoutAppendRequest(200)) - ae9625dc-248e-414f-955f-fccc978916e7@group-32A3D63B87B7->1b957291-fe5b-420e-96dd-cc603eda7741-GrpcLogAppender: appendEntries Timeout, request=ae9625dc-248e-414f-955f-fccc978916e7->1b957291-fe5b-420e-96dd-cc603eda7741#81-t2, previous=(t:2, i:14), leaderCommit=10, initializing? false, entries: <empty>
2019-09-17 03:20:51,338 [12c7e022-5f96-4d2f-bd6c-0cb832bfe0bc@group-32A3D63B87B7-SegmentedRaftLogWorker] WARN  segmented.SegmentedRaftLogWorker (SegmentedRaftLogWorker.java:getFromFuture(90)) - Timeout 16/~
org.apache.ratis.protocol.TimeoutIOException: Timeout 10s: WriteLog:12: (t:2, i:12), STATEMACHINELOGENTRY, client-3E3F24432F02, cid=22-writeStateMachineData
	at org.apache.ratis.util.IOUtils.getFromFuture(IOUtils.java:87)
	at org.apache.ratis.server.raftlog.segmented.SegmentedRaftLogWorker$StateMachineDataPolicy.getFromFuture(SegmentedRaftLogWorker.java:87)
	at org.apache.ratis.server.raftlog.segmented.SegmentedRaftLogWorker$WriteLog.execute(SegmentedRaftLogWorker.java:477)
	at org.apache.ratis.server.raftlog.segmented.SegmentedRaftLogWorker.run(SegmentedRaftLogWorker.java:289)
	at java.lang.Thread.run(Thread.java:748)
Caused by: java.util.concurrent.TimeoutException
	at java.util.concurrent.CompletableFuture.timedGet(CompletableFuture.java:1771)
	at java.util.concurrent.CompletableFuture.get(CompletableFuture.java:1915)
	at org.apache.ratis.util.IOUtils.getFromFuture(IOUtils.java:79)
	... 4 more
2019-09-17 03:20:51,373 [1b957291-fe5b-420e-96dd-cc603eda7741@group-32A3D63B87B7-SegmentedRaftLogWorker] WARN  segmented.SegmentedRaftLogWorker (SegmentedRaftLogWorker.java:getFromFuture(90)) - Timeout 16/~
org.apache.ratis.protocol.TimeoutIOException: Timeout 10s: WriteLog:12: (t:2, i:12), STATEMACHINELOGENTRY, client-3E3F24432F02, cid=22-writeStateMachineData
	at org.apache.ratis.util.IOUtils.getFromFuture(IOUtils.java:87)
	at org.apache.ratis.server.raftlog.segmented.SegmentedRaftLogWorker$StateMachineDataPolicy.getFromFuture(SegmentedRaftLogWorker.java:87)
	at org.apache.ratis.server.raftlog.segmented.SegmentedRaftLogWorker$WriteLog.execute(SegmentedRaftLogWorker.java:477)
	at org.apache.ratis.server.raftlog.segmented.SegmentedRaftLogWorker.run(SegmentedRaftLogWorker.java:289)
	at java.lang.Thread.run(Thread.java:748)
Caused by: java.util.concurrent.TimeoutException
	at java.util.concurrent.CompletableFuture.timedGet(CompletableFuture.java:1771)
	at java.util.concurrent.CompletableFuture.get(CompletableFuture.java:1915)
	at org.apache.ratis.util.IOUtils.getFromFuture(IOUtils.java:79)
	... 4 more
2019-09-17 03:20:51,374 [ae9625dc-248e-414f-955f-fccc978916e7@group-32A3D63B87B7-SegmentedRaftLogWorker] WARN  segmented.SegmentedRaftLogWorker (SegmentedRaftLogWorker.java:getFromFuture(90)) - Timeout 16/~
org.apache.ratis.protocol.TimeoutIOException: Timeout 10s: WriteLog:12: (t:2, i:12), STATEMACHINELOGENTRY, client-3E3F24432F02, cid=22-writeStateMachineData
	at org.apache.ratis.util.IOUtils.getFromFuture(IOUtils.java:87)
	at org.apache.ratis.server.raftlog.segmented.SegmentedRaftLogWorker$StateMachineDataPolicy.getFromFuture(SegmentedRaftLogWorker.java:87)
	at org.apache.ratis.server.raftlog.segmented.SegmentedRaftLogWorker$WriteLog.execute(SegmentedRaftLogWorker.java:477)
	at org.apache.ratis.server.raftlog.segmented.SegmentedRaftLogWorker.run(SegmentedRaftLogWorker.java:289)
	at java.lang.Thread.run(Thread.java:748)
Caused by: java.util.concurrent.TimeoutException
	at java.util.concurrent.CompletableFuture.timedGet(CompletableFuture.java:1771)
	at java.util.concurrent.CompletableFuture.get(CompletableFuture.java:1915)
	at org.apache.ratis.util.IOUtils.getFromFuture(IOUtils.java:79)
	... 4 more
2019-09-17 03:20:51,778 [org.apache.ratis.server.impl.LogAppender$AppenderDaemon$$Lambda$550/692567409@32071122] ERROR ratis.XceiverServerRatis (XceiverServerRatis.java:triggerPipelineClose(575)) - pipeline Action CLOSE  on pipeline PipelineID=da3501bf-00c7-4d77-b6e8-32a3d63b87b7.Reason : ae9625dc-248e-414f-955f-fccc978916e7 has not seen follower/s 12c7e022-5f96-4d2f-bd6c-0cb832bfe0bc for 170795ms 1b957291-fe5b-420e-96dd-cc603eda7741 for 170795ms
2019-09-17 03:20:51,796 [org.apache.ratis.server.impl.LogAppender$AppenderDaemon$$Lambda$550/692567409@203ef6ee] ERROR ratis.XceiverServerRatis (XceiverServerRatis.java:triggerPipelineClose(575)) - pipeline Action CLOSE  on pipeline PipelineID=da3501bf-00c7-4d77-b6e8-32a3d63b87b7.Reason : ae9625dc-248e-414f-955f-fccc978916e7 has not seen follower/s 12c7e022-5f96-4d2f-bd6c-0cb832bfe0bc for 170814ms 1b957291-fe5b-420e-96dd-cc603eda7741 for 170814ms
2019-09-17 03:20:52,276 [java.util.concurrent.ThreadPoolExecutor$Worker@379360b2[State = -1, empty queue]] WARN  server.GrpcLogAppender (GrpcLogAppender.java:timeoutAppendRequest(200)) - ae9625dc-248e-414f-955f-fccc978916e7@group-32A3D63B87B7->12c7e022-5f96-4d2f-bd6c-0cb832bfe0bc-GrpcLogAppender: appendEntries Timeout, request=ae9625dc-248e-414f-955f-fccc978916e7->12c7e022-5f96-4d2f-bd6c-0cb832bfe0bc#82-t2, previous=(t:2, i:14), leaderCommit=10, initializing? false, entries: <empty>
2019-09-17 03:20:52,295 [java.util.concurrent.ThreadPoolExecutor$Worker@46c4a907[State = -1, empty queue]] WARN  server.GrpcLogAppender (GrpcLogAppender.java:timeoutAppendRequest(200)) - ae9625dc-248e-414f-955f-fccc978916e7@group-32A3D63B87B7->1b957291-fe5b-420e-96dd-cc603eda7741-GrpcLogAppender: appendEntries Timeout, request=ae9625dc-248e-414f-955f-fccc978916e7->1b957291-fe5b-420e-96dd-cc603eda7741#82-t2, previous=(t:2, i:14), leaderCommit=10, initializing? false, entries: <empty>
2019-09-17 03:20:52,375 [EventQueue-PipelineActionsForPipelineActionHandler] ERROR pipeline.PipelineActionHandler (PipelineActionHandler.java:onMessage(60)) - Received pipeline action CLOSE for Pipeline[ Id: da3501bf-00c7-4d77-b6e8-32a3d63b87b7, Nodes: ae9625dc-248e-414f-955f-fccc978916e7{ip: 192.168.151.92, host: pr-hdds-2139-j8dx6-1450124282, networkLocation: /default-rack, certSerialId: null}1b957291-fe5b-420e-96dd-cc603eda7741{ip: 192.168.151.92, host: pr-hdds-2139-j8dx6-1450124282, networkLocation: /default-rack, certSerialId: null}12c7e022-5f96-4d2f-bd6c-0cb832bfe0bc{ip: 192.168.151.92, host: pr-hdds-2139-j8dx6-1450124282, networkLocation: /default-rack, certSerialId: null}, Type:RATIS, Factor:THREE, State:CLOSED] from datanode ae9625dc-248e-414f-955f-fccc978916e7{ip: 192.168.151.92, host: pr-hdds-2139-j8dx6-1450124282, networkLocation: /default-rack, certSerialId: null}. Reason : ae9625dc-248e-414f-955f-fccc978916e7 has not seen follower/s 12c7e022-5f96-4d2f-bd6c-0cb832bfe0bc for 170795ms 1b957291-fe5b-420e-96dd-cc603eda7741 for 170795ms
2019-09-17 03:20:52,376 [EventQueue-PipelineActionsForPipelineActionHandler] INFO  pipeline.SCMPipelineManager (SCMPipelineManager.java:finalizeAndDestroyPipeline(311)) - destroying pipeline:Pipeline[ Id: da3501bf-00c7-4d77-b6e8-32a3d63b87b7, Nodes: ae9625dc-248e-414f-955f-fccc978916e7{ip: 192.168.151.92, host: pr-hdds-2139-j8dx6-1450124282, networkLocation: /default-rack, certSerialId: null}1b957291-fe5b-420e-96dd-cc603eda7741{ip: 192.168.151.92, host: pr-hdds-2139-j8dx6-1450124282, networkLocation: /default-rack, certSerialId: null}12c7e022-5f96-4d2f-bd6c-0cb832bfe0bc{ip: 192.168.151.92, host: pr-hdds-2139-j8dx6-1450124282, networkLocation: /default-rack, certSerialId: null}, Type:RATIS, Factor:THREE, State:CLOSED]
2019-09-17 03:20:52,947 [grpc-default-executor-3] INFO  client.GrpcClientProtocolClient (GrpcClientProtocolClient.java:onNext(264)) - client-3E3F24432F02->12c7e022-5f96-4d2f-bd6c-0cb832bfe0bc: receive RaftClientReply:client-3E3F24432F02->12c7e022-5f96-4d2f-bd6c-0cb832bfe0bc@group-32A3D63B87B7, cid=21, FAILED org.apache.ratis.protocol.NotLeaderException: Server 12c7e022-5f96-4d2f-bd6c-0cb832bfe0bc@group-32A3D63B87B7 is not the leader ae9625dc-248e-414f-955f-fccc978916e7:192.168.151.92:37052, logIndex=0, commits[12c7e022-5f96-4d2f-bd6c-0cb832bfe0bc:c10, ae9625dc-248e-414f-955f-fccc978916e7:c10, 1b957291-fe5b-420e-96dd-cc603eda7741:c6]
2019-09-17 03:20:54,279 [org.apache.ratis.server.impl.LogAppender$AppenderDaemon$$Lambda$550/692567409@32071122] ERROR ratis.XceiverServerRatis (XceiverServerRatis.java:triggerPipelineClose(575)) - pipeline Action CLOSE  on pipeline PipelineID=da3501bf-00c7-4d77-b6e8-32a3d63b87b7.Reason : ae9625dc-248e-414f-955f-fccc978916e7 has not seen follower/s 12c7e022-5f96-4d2f-bd6c-0cb832bfe0bc for 173297ms 1b957291-fe5b-420e-96dd-cc603eda7741 for 173297ms
2019-09-17 03:20:54,296 [org.apache.ratis.server.impl.LogAppender$AppenderDaemon$$Lambda$550/692567409@203ef6ee] ERROR ratis.XceiverServerRatis (XceiverServerRatis.java:triggerPipelineClose(575)) - pipeline Action CLOSE  on pipeline PipelineID=da3501bf-00c7-4d77-b6e8-32a3d63b87b7.Reason : ae9625dc-248e-414f-955f-fccc978916e7 has not seen follower/s 12c7e022-5f96-4d2f-bd6c-0cb832bfe0bc for 173314ms 1b957291-fe5b-420e-96dd-cc603eda7741 for 173314ms
2019-09-17 03:20:54,376 [EventQueue-PipelineActionsForPipelineActionHandler] ERROR pipeline.PipelineActionHandler (PipelineActionHandler.java:onMessage(60)) - Received pipeline action CLOSE for Pipeline[ Id: da3501bf-00c7-4d77-b6e8-32a3d63b87b7, Nodes: ae9625dc-248e-414f-955f-fccc978916e7{ip: 192.168.151.92, host: pr-hdds-2139-j8dx6-1450124282, networkLocation: /default-rack, certSerialId: null}1b957291-fe5b-420e-96dd-cc603eda7741{ip: 192.168.151.92, host: pr-hdds-2139-j8dx6-1450124282, networkLocation: /default-rack, certSerialId: null}12c7e022-5f96-4d2f-bd6c-0cb832bfe0bc{ip: 192.168.151.92, host: pr-hdds-2139-j8dx6-1450124282, networkLocation: /default-rack, certSerialId: null}, Type:RATIS, Factor:THREE, State:CLOSED] from datanode ae9625dc-248e-414f-955f-fccc978916e7{ip: 192.168.151.92, host: pr-hdds-2139-j8dx6-1450124282, networkLocation: /default-rack, certSerialId: null}. Reason : ae9625dc-248e-414f-955f-fccc978916e7 has not seen follower/s 12c7e022-5f96-4d2f-bd6c-0cb832bfe0bc for 173297ms 1b957291-fe5b-420e-96dd-cc603eda7741 for 173297ms
2019-09-17 03:20:54,376 [EventQueue-PipelineActionsForPipelineActionHandler] INFO  pipeline.SCMPipelineManager (SCMPipelineManager.java:finalizeAndDestroyPipeline(311)) - destroying pipeline:Pipeline[ Id: da3501bf-00c7-4d77-b6e8-32a3d63b87b7, Nodes: ae9625dc-248e-414f-955f-fccc978916e7{ip: 192.168.151.92, host: pr-hdds-2139-j8dx6-1450124282, networkLocation: /default-rack, certSerialId: null}1b957291-fe5b-420e-96dd-cc603eda7741{ip: 192.168.151.92, host: pr-hdds-2139-j8dx6-1450124282, networkLocation: /default-rack, certSerialId: null}12c7e022-5f96-4d2f-bd6c-0cb832bfe0bc{ip: 192.168.151.92, host: pr-hdds-2139-j8dx6-1450124282, networkLocation: /default-rack, certSerialId: null}, Type:RATIS, Factor:THREE, State:CLOSED]
2019-09-17 03:20:54,778 [java.util.concurrent.ThreadPoolExecutor$Worker@379360b2[State = -1, empty queue]] WARN  server.GrpcLogAppender (GrpcLogAppender.java:timeoutAppendRequest(200)) - ae9625dc-248e-414f-955f-fccc978916e7@group-32A3D63B87B7->12c7e022-5f96-4d2f-bd6c-0cb832bfe0bc-GrpcLogAppender: appendEntries Timeout, request=ae9625dc-248e-414f-955f-fccc978916e7->12c7e022-5f96-4d2f-bd6c-0cb832bfe0bc#83-t2, previous=(t:2, i:14), leaderCommit=10, initializing? false, entries: <empty>
2019-09-17 03:20:54,796 [java.util.concurrent.ThreadPoolExecutor$Worker@46c4a907[State = -1, empty queue]] WARN  server.GrpcLogAppender (GrpcLogAppender.java:timeoutAppendRequest(200)) - ae9625dc-248e-414f-955f-fccc978916e7@group-32A3D63B87B7->1b957291-fe5b-420e-96dd-cc603eda7741-GrpcLogAppender: appendEntries Timeout, request=ae9625dc-248e-414f-955f-fccc978916e7->1b957291-fe5b-420e-96dd-cc603eda7741#83-t2, previous=(t:2, i:14), leaderCommit=10, initializing? false, entries: <empty>
2019-09-17 03:20:56,780 [org.apache.ratis.server.impl.LogAppender$AppenderDaemon$$Lambda$550/692567409@32071122] ERROR ratis.XceiverServerRatis (XceiverServerRatis.java:triggerPipelineClose(575)) - pipeline Action CLOSE  on pipeline PipelineID=da3501bf-00c7-4d77-b6e8-32a3d63b87b7.Reason : ae9625dc-248e-414f-955f-fccc978916e7 has not seen follower/s 12c7e022-5f96-4d2f-bd6c-0cb832bfe0bc for 175798ms 1b957291-fe5b-420e-96dd-cc603eda7741 for 175798ms
2019-09-17 03:20:56,797 [org.apache.ratis.server.impl.LogAppender$AppenderDaemon$$Lambda$550/692567409@203ef6ee] ERROR ratis.XceiverServerRatis (XceiverServerRatis.java:triggerPipelineClose(575)) - pipeline Action CLOSE  on pipeline PipelineID=da3501bf-00c7-4d77-b6e8-32a3d63b87b7.Reason : ae9625dc-248e-414f-955f-fccc978916e7 has not seen follower/s 12c7e022-5f96-4d2f-bd6c-0cb832bfe0bc for 175815ms 1b957291-fe5b-420e-96dd-cc603eda7741 for 175815ms
2019-09-17 03:20:57,279 [java.util.concurrent.ThreadPoolExecutor$Worker@379360b2[State = -1, empty queue]] WARN  server.GrpcLogAppender (GrpcLogAppender.java:timeoutAppendRequest(200)) - ae9625dc-248e-414f-955f-fccc978916e7@group-32A3D63B87B7->12c7e022-5f96-4d2f-bd6c-0cb832bfe0bc-GrpcLogAppender: appendEntries Timeout, request=ae9625dc-248e-414f-955f-fccc978916e7->12c7e022-5f96-4d2f-bd6c-0cb832bfe0bc#84-t2, previous=(t:2, i:14), leaderCommit=10, initializing? false, entries: <empty>
2019-09-17 03:20:57,296 [java.util.concurrent.ThreadPoolExecutor$Worker@46c4a907[State = -1, empty queue]] WARN  server.GrpcLogAppender (GrpcLogAppender.java:timeoutAppendRequest(200)) - ae9625dc-248e-414f-955f-fccc978916e7@group-32A3D63B87B7->1b957291-fe5b-420e-96dd-cc603eda7741-GrpcLogAppender: appendEntries Timeout, request=ae9625dc-248e-414f-955f-fccc978916e7->1b957291-fe5b-420e-96dd-cc603eda7741#84-t2, previous=(t:2, i:14), leaderCommit=10, initializing? false, entries: <empty>
2019-09-17 03:20:57,376 [EventQueue-PipelineActionsForPipelineActionHandler] ERROR pipeline.PipelineActionHandler (PipelineActionHandler.java:onMessage(60)) - Received pipeline action CLOSE for Pipeline[ Id: da3501bf-00c7-4d77-b6e8-32a3d63b87b7, Nodes: ae9625dc-248e-414f-955f-fccc978916e7{ip: 192.168.151.92, host: pr-hdds-2139-j8dx6-1450124282, networkLocation: /default-rack, certSerialId: null}1b957291-fe5b-420e-96dd-cc603eda7741{ip: 192.168.151.92, host: pr-hdds-2139-j8dx6-1450124282, networkLocation: /default-rack, certSerialId: null}12c7e022-5f96-4d2f-bd6c-0cb832bfe0bc{ip: 192.168.151.92, host: pr-hdds-2139-j8dx6-1450124282, networkLocation: /default-rack, certSerialId: null}, Type:RATIS, Factor:THREE, State:CLOSED] from datanode ae9625dc-248e-414f-955f-fccc978916e7{ip: 192.168.151.92, host: pr-hdds-2139-j8dx6-1450124282, networkLocation: /default-rack, certSerialId: null}. Reason : ae9625dc-248e-414f-955f-fccc978916e7 has not seen follower/s 12c7e022-5f96-4d2f-bd6c-0cb832bfe0bc for 175798ms 1b957291-fe5b-420e-96dd-cc603eda7741 for 175798ms
2019-09-17 03:20:57,376 [EventQueue-PipelineActionsForPipelineActionHandler] INFO  pipeline.SCMPipelineManager (SCMPipelineManager.java:finalizeAndDestroyPipeline(311)) - destroying pipeline:Pipeline[ Id: da3501bf-00c7-4d77-b6e8-32a3d63b87b7, Nodes: ae9625dc-248e-414f-955f-fccc978916e7{ip: 192.168.151.92, host: pr-hdds-2139-j8dx6-1450124282, networkLocation: /default-rack, certSerialId: null}1b957291-fe5b-420e-96dd-cc603eda7741{ip: 192.168.151.92, host: pr-hdds-2139-j8dx6-1450124282, networkLocation: /default-rack, certSerialId: null}12c7e022-5f96-4d2f-bd6c-0cb832bfe0bc{ip: 192.168.151.92, host: pr-hdds-2139-j8dx6-1450124282, networkLocation: /default-rack, certSerialId: null}, Type:RATIS, Factor:THREE, State:CLOSED]
2019-09-17 03:20:57,990 [grpc-default-executor-3] INFO  client.GrpcClientProtocolClient (GrpcClientProtocolClient.java:onNext(264)) - client-3E3F24432F02->1b957291-fe5b-420e-96dd-cc603eda7741: receive RaftClientReply:client-3E3F24432F02->1b957291-fe5b-420e-96dd-cc603eda7741@group-32A3D63B87B7, cid=21, FAILED org.apache.ratis.protocol.NotLeaderException: Server 1b957291-fe5b-420e-96dd-cc603eda7741@group-32A3D63B87B7 is not the leader ae9625dc-248e-414f-955f-fccc978916e7:192.168.151.92:37052, logIndex=0, commits[1b957291-fe5b-420e-96dd-cc603eda7741:c10, ae9625dc-248e-414f-955f-fccc978916e7:c10, 12c7e022-5f96-4d2f-bd6c-0cb832bfe0bc:c6]
2019-09-17 03:20:59,281 [org.apache.ratis.server.impl.LogAppender$AppenderDaemon$$Lambda$550/692567409@32071122] ERROR ratis.XceiverServerRatis (XceiverServerRatis.java:triggerPipelineClose(575)) - pipeline Action CLOSE  on pipeline PipelineID=da3501bf-00c7-4d77-b6e8-32a3d63b87b7.Reason : ae9625dc-248e-414f-955f-fccc978916e7 has not seen follower/s 12c7e022-5f96-4d2f-bd6c-0cb832bfe0bc for 178299ms 1b957291-fe5b-420e-96dd-cc603eda7741 for 178299ms
2019-09-17 03:20:59,298 [org.apache.ratis.server.impl.LogAppender$AppenderDaemon$$Lambda$550/692567409@203ef6ee] ERROR ratis.XceiverServerRatis (XceiverServerRatis.java:triggerPipelineClose(575)) - pipeline Action CLOSE  on pipeline PipelineID=da3501bf-00c7-4d77-b6e8-32a3d63b87b7.Reason : ae9625dc-248e-414f-955f-fccc978916e7 has not seen follower/s 12c7e022-5f96-4d2f-bd6c-0cb832bfe0bc for 178316ms 1b957291-fe5b-420e-96dd-cc603eda7741 for 178316ms
2019-09-17 03:20:59,376 [EventQueue-PipelineActionsForPipelineActionHandler] ERROR pipeline.PipelineActionHandler (PipelineActionHandler.java:onMessage(60)) - Received pipeline action CLOSE for Pipeline[ Id: da3501bf-00c7-4d77-b6e8-32a3d63b87b7, Nodes: ae9625dc-248e-414f-955f-fccc978916e7{ip: 192.168.151.92, host: pr-hdds-2139-j8dx6-1450124282, networkLocation: /default-rack, certSerialId: null}1b957291-fe5b-420e-96dd-cc603eda7741{ip: 192.168.151.92, host: pr-hdds-2139-j8dx6-1450124282, networkLocation: /default-rack, certSerialId: null}12c7e022-5f96-4d2f-bd6c-0cb832bfe0bc{ip: 192.168.151.92, host: pr-hdds-2139-j8dx6-1450124282, networkLocation: /default-rack, certSerialId: null}, Type:RATIS, Factor:THREE, State:CLOSED] from datanode ae9625dc-248e-414f-955f-fccc978916e7{ip: 192.168.151.92, host: pr-hdds-2139-j8dx6-1450124282, networkLocation: /default-rack, certSerialId: null}. Reason : ae9625dc-248e-414f-955f-fccc978916e7 has not seen follower/s 12c7e022-5f96-4d2f-bd6c-0cb832bfe0bc for 178299ms 1b957291-fe5b-420e-96dd-cc603eda7741 for 178299ms
2019-09-17 03:20:59,376 [EventQueue-PipelineActionsForPipelineActionHandler] INFO  pipeline.SCMPipelineManager (SCMPipelineManager.java:finalizeAndDestroyPipeline(311)) - destroying pipeline:Pipeline[ Id: da3501bf-00c7-4d77-b6e8-32a3d63b87b7, Nodes: ae9625dc-248e-414f-955f-fccc978916e7{ip: 192.168.151.92, host: pr-hdds-2139-j8dx6-1450124282, networkLocation: /default-rack, certSerialId: null}1b957291-fe5b-420e-96dd-cc603eda7741{ip: 192.168.151.92, host: pr-hdds-2139-j8dx6-1450124282, networkLocation: /default-rack, certSerialId: null}12c7e022-5f96-4d2f-bd6c-0cb832bfe0bc{ip: 192.168.151.92, host: pr-hdds-2139-j8dx6-1450124282, networkLocation: /default-rack, certSerialId: null}, Type:RATIS, Factor:THREE, State:CLOSED]
2019-09-17 03:20:59,780 [java.util.concurrent.ThreadPoolExecutor$Worker@379360b2[State = -1, empty queue]] WARN  server.GrpcLogAppender (GrpcLogAppender.java:timeoutAppendRequest(200)) - ae9625dc-248e-414f-955f-fccc978916e7@group-32A3D63B87B7->12c7e022-5f96-4d2f-bd6c-0cb832bfe0bc-GrpcLogAppender: appendEntries Timeout, request=ae9625dc-248e-414f-955f-fccc978916e7->12c7e022-5f96-4d2f-bd6c-0cb832bfe0bc#85-t2, previous=(t:2, i:14), leaderCommit=10, initializing? false, entries: <empty>
2019-09-17 03:20:59,797 [java.util.concurrent.ThreadPoolExecutor$Worker@46c4a907[State = -1, empty queue]] WARN  server.GrpcLogAppender (GrpcLogAppender.java:timeoutAppendRequest(200)) - ae9625dc-248e-414f-955f-fccc978916e7@group-32A3D63B87B7->1b957291-fe5b-420e-96dd-cc603eda7741-GrpcLogAppender: appendEntries Timeout, request=ae9625dc-248e-414f-955f-fccc978916e7->1b957291-fe5b-420e-96dd-cc603eda7741#85-t2, previous=(t:2, i:14), leaderCommit=10, initializing? false, entries: <empty>
2019-09-17 03:21:01,339 [12c7e022-5f96-4d2f-bd6c-0cb832bfe0bc@group-32A3D63B87B7-SegmentedRaftLogWorker] WARN  segmented.SegmentedRaftLogWorker (SegmentedRaftLogWorker.java:getFromFuture(90)) - Timeout 17/~
org.apache.ratis.protocol.TimeoutIOException: Timeout 10s: WriteLog:12: (t:2, i:12), STATEMACHINELOGENTRY, client-3E3F24432F02, cid=22-writeStateMachineData
	at org.apache.ratis.util.IOUtils.getFromFuture(IOUtils.java:87)
	at org.apache.ratis.server.raftlog.segmented.SegmentedRaftLogWorker$StateMachineDataPolicy.getFromFuture(SegmentedRaftLogWorker.java:87)
	at org.apache.ratis.server.raftlog.segmented.SegmentedRaftLogWorker$WriteLog.execute(SegmentedRaftLogWorker.java:477)
	at org.apache.ratis.server.raftlog.segmented.SegmentedRaftLogWorker.run(SegmentedRaftLogWorker.java:289)
	at java.lang.Thread.run(Thread.java:748)
Caused by: java.util.concurrent.TimeoutException
	at java.util.concurrent.CompletableFuture.timedGet(CompletableFuture.java:1771)
	at java.util.concurrent.CompletableFuture.get(CompletableFuture.java:1915)
	at org.apache.ratis.util.IOUtils.getFromFuture(IOUtils.java:79)
	... 4 more
2019-09-17 03:21:01,374 [1b957291-fe5b-420e-96dd-cc603eda7741@group-32A3D63B87B7-SegmentedRaftLogWorker] WARN  segmented.SegmentedRaftLogWorker (SegmentedRaftLogWorker.java:getFromFuture(90)) - Timeout 17/~
org.apache.ratis.protocol.TimeoutIOException: Timeout 10s: WriteLog:12: (t:2, i:12), STATEMACHINELOGENTRY, client-3E3F24432F02, cid=22-writeStateMachineData
	at org.apache.ratis.util.IOUtils.getFromFuture(IOUtils.java:87)
	at org.apache.ratis.server.raftlog.segmented.SegmentedRaftLogWorker$StateMachineDataPolicy.getFromFuture(SegmentedRaftLogWorker.java:87)
	at org.apache.ratis.server.raftlog.segmented.SegmentedRaftLogWorker$WriteLog.execute(SegmentedRaftLogWorker.java:477)
	at org.apache.ratis.server.raftlog.segmented.SegmentedRaftLogWorker.run(SegmentedRaftLogWorker.java:289)
	at java.lang.Thread.run(Thread.java:748)
Caused by: java.util.concurrent.TimeoutException
	at java.util.concurrent.CompletableFuture.timedGet(CompletableFuture.java:1771)
	at java.util.concurrent.CompletableFuture.get(CompletableFuture.java:1915)
	at org.apache.ratis.util.IOUtils.getFromFuture(IOUtils.java:79)
	... 4 more
2019-09-17 03:21:01,374 [ae9625dc-248e-414f-955f-fccc978916e7@group-32A3D63B87B7-SegmentedRaftLogWorker] WARN  segmented.SegmentedRaftLogWorker (SegmentedRaftLogWorker.java:getFromFuture(90)) - Timeout 17/~
org.apache.ratis.protocol.TimeoutIOException: Timeout 10s: WriteLog:12: (t:2, i:12), STATEMACHINELOGENTRY, client-3E3F24432F02, cid=22-writeStateMachineData
	at org.apache.ratis.util.IOUtils.getFromFuture(IOUtils.java:87)
	at org.apache.ratis.server.raftlog.segmented.SegmentedRaftLogWorker$StateMachineDataPolicy.getFromFuture(SegmentedRaftLogWorker.java:87)
	at org.apache.ratis.server.raftlog.segmented.SegmentedRaftLogWorker$WriteLog.execute(SegmentedRaftLogWorker.java:477)
	at org.apache.ratis.server.raftlog.segmented.SegmentedRaftLogWorker.run(SegmentedRaftLogWorker.java:289)
	at java.lang.Thread.run(Thread.java:748)
Caused by: java.util.concurrent.TimeoutException
	at java.util.concurrent.CompletableFuture.timedGet(CompletableFuture.java:1771)
	at java.util.concurrent.CompletableFuture.get(CompletableFuture.java:1915)
	at org.apache.ratis.util.IOUtils.getFromFuture(IOUtils.java:79)
	... 4 more
2019-09-17 03:21:01,782 [org.apache.ratis.server.impl.LogAppender$AppenderDaemon$$Lambda$550/692567409@32071122] ERROR ratis.XceiverServerRatis (XceiverServerRatis.java:triggerPipelineClose(575)) - pipeline Action CLOSE  on pipeline PipelineID=da3501bf-00c7-4d77-b6e8-32a3d63b87b7.Reason : ae9625dc-248e-414f-955f-fccc978916e7 has not seen follower/s 12c7e022-5f96-4d2f-bd6c-0cb832bfe0bc for 180800ms 1b957291-fe5b-420e-96dd-cc603eda7741 for 180800ms
2019-09-17 03:21:01,798 [org.apache.ratis.server.impl.LogAppender$AppenderDaemon$$Lambda$550/692567409@203ef6ee] ERROR ratis.XceiverServerRatis (XceiverServerRatis.java:triggerPipelineClose(575)) - pipeline Action CLOSE  on pipeline PipelineID=da3501bf-00c7-4d77-b6e8-32a3d63b87b7.Reason : ae9625dc-248e-414f-955f-fccc978916e7 has not seen follower/s 12c7e022-5f96-4d2f-bd6c-0cb832bfe0bc for 180816ms 1b957291-fe5b-420e-96dd-cc603eda7741 for 180816ms
2019-09-17 03:21:02,281 [java.util.concurrent.ThreadPoolExecutor$Worker@379360b2[State = -1, empty queue]] WARN  server.GrpcLogAppender (GrpcLogAppender.java:timeoutAppendRequest(200)) - ae9625dc-248e-414f-955f-fccc978916e7@group-32A3D63B87B7->12c7e022-5f96-4d2f-bd6c-0cb832bfe0bc-GrpcLogAppender: appendEntries Timeout, request=ae9625dc-248e-414f-955f-fccc978916e7->12c7e022-5f96-4d2f-bd6c-0cb832bfe0bc#86-t2, previous=(t:2, i:14), leaderCommit=10, initializing? false, entries: <empty>
2019-09-17 03:21:02,298 [java.util.concurrent.ThreadPoolExecutor$Worker@46c4a907[State = -1, empty queue]] WARN  server.GrpcLogAppender (GrpcLogAppender.java:timeoutAppendRequest(200)) - ae9625dc-248e-414f-955f-fccc978916e7@group-32A3D63B87B7->1b957291-fe5b-420e-96dd-cc603eda7741-GrpcLogAppender: appendEntries Timeout, request=ae9625dc-248e-414f-955f-fccc978916e7->1b957291-fe5b-420e-96dd-cc603eda7741#86-t2, previous=(t:2, i:14), leaderCommit=10, initializing? false, entries: <empty>
2019-09-17 03:21:02,375 [EventQueue-PipelineActionsForPipelineActionHandler] ERROR pipeline.PipelineActionHandler (PipelineActionHandler.java:onMessage(60)) - Received pipeline action CLOSE for Pipeline[ Id: da3501bf-00c7-4d77-b6e8-32a3d63b87b7, Nodes: ae9625dc-248e-414f-955f-fccc978916e7{ip: 192.168.151.92, host: pr-hdds-2139-j8dx6-1450124282, networkLocation: /default-rack, certSerialId: null}1b957291-fe5b-420e-96dd-cc603eda7741{ip: 192.168.151.92, host: pr-hdds-2139-j8dx6-1450124282, networkLocation: /default-rack, certSerialId: null}12c7e022-5f96-4d2f-bd6c-0cb832bfe0bc{ip: 192.168.151.92, host: pr-hdds-2139-j8dx6-1450124282, networkLocation: /default-rack, certSerialId: null}, Type:RATIS, Factor:THREE, State:CLOSED] from datanode ae9625dc-248e-414f-955f-fccc978916e7{ip: 192.168.151.92, host: pr-hdds-2139-j8dx6-1450124282, networkLocation: /default-rack, certSerialId: null}. Reason : ae9625dc-248e-414f-955f-fccc978916e7 has not seen follower/s 12c7e022-5f96-4d2f-bd6c-0cb832bfe0bc for 180800ms 1b957291-fe5b-420e-96dd-cc603eda7741 for 180800ms
2019-09-17 03:21:02,376 [EventQueue-PipelineActionsForPipelineActionHandler] INFO  pipeline.SCMPipelineManager (SCMPipelineManager.java:finalizeAndDestroyPipeline(311)) - destroying pipeline:Pipeline[ Id: da3501bf-00c7-4d77-b6e8-32a3d63b87b7, Nodes: ae9625dc-248e-414f-955f-fccc978916e7{ip: 192.168.151.92, host: pr-hdds-2139-j8dx6-1450124282, networkLocation: /default-rack, certSerialId: null}1b957291-fe5b-420e-96dd-cc603eda7741{ip: 192.168.151.92, host: pr-hdds-2139-j8dx6-1450124282, networkLocation: /default-rack, certSerialId: null}12c7e022-5f96-4d2f-bd6c-0cb832bfe0bc{ip: 192.168.151.92, host: pr-hdds-2139-j8dx6-1450124282, networkLocation: /default-rack, certSerialId: null}, Type:RATIS, Factor:THREE, State:CLOSED]
2019-09-17 03:21:03,034 [grpc-default-executor-2] INFO  client.GrpcClientProtocolClient (GrpcClientProtocolClient.java:onNext(264)) - client-3E3F24432F02->1b957291-fe5b-420e-96dd-cc603eda7741: receive RaftClientReply:client-3E3F24432F02->1b957291-fe5b-420e-96dd-cc603eda7741@group-32A3D63B87B7, cid=21, FAILED org.apache.ratis.protocol.NotLeaderException: Server 1b957291-fe5b-420e-96dd-cc603eda7741@group-32A3D63B87B7 is not the leader ae9625dc-248e-414f-955f-fccc978916e7:192.168.151.92:37052, logIndex=0, commits[1b957291-fe5b-420e-96dd-cc603eda7741:c10, ae9625dc-248e-414f-955f-fccc978916e7:c10, 12c7e022-5f96-4d2f-bd6c-0cb832bfe0bc:c6]
2019-09-17 03:21:04,283 [org.apache.ratis.server.impl.LogAppender$AppenderDaemon$$Lambda$550/692567409@32071122] ERROR ratis.XceiverServerRatis (XceiverServerRatis.java:triggerPipelineClose(575)) - pipeline Action CLOSE  on pipeline PipelineID=da3501bf-00c7-4d77-b6e8-32a3d63b87b7.Reason : ae9625dc-248e-414f-955f-fccc978916e7 has not seen follower/s 12c7e022-5f96-4d2f-bd6c-0cb832bfe0bc for 183301ms 1b957291-fe5b-420e-96dd-cc603eda7741 for 183301ms
2019-09-17 03:21:04,299 [org.apache.ratis.server.impl.LogAppender$AppenderDaemon$$Lambda$550/692567409@203ef6ee] ERROR ratis.XceiverServerRatis (XceiverServerRatis.java:triggerPipelineClose(575)) - pipeline Action CLOSE  on pipeline PipelineID=da3501bf-00c7-4d77-b6e8-32a3d63b87b7.Reason : ae9625dc-248e-414f-955f-fccc978916e7 has not seen follower/s 12c7e022-5f96-4d2f-bd6c-0cb832bfe0bc for 183317ms 1b957291-fe5b-420e-96dd-cc603eda7741 for 183317ms
2019-09-17 03:21:04,375 [EventQueue-PipelineActionsForPipelineActionHandler] ERROR pipeline.PipelineActionHandler (PipelineActionHandler.java:onMessage(60)) - Received pipeline action CLOSE for Pipeline[ Id: da3501bf-00c7-4d77-b6e8-32a3d63b87b7, Nodes: ae9625dc-248e-414f-955f-fccc978916e7{ip: 192.168.151.92, host: pr-hdds-2139-j8dx6-1450124282, networkLocation: /default-rack, certSerialId: null}1b957291-fe5b-420e-96dd-cc603eda7741{ip: 192.168.151.92, host: pr-hdds-2139-j8dx6-1450124282, networkLocation: /default-rack, certSerialId: null}12c7e022-5f96-4d2f-bd6c-0cb832bfe0bc{ip: 192.168.151.92, host: pr-hdds-2139-j8dx6-1450124282, networkLocation: /default-rack, certSerialId: null}, Type:RATIS, Factor:THREE, State:CLOSED] from datanode ae9625dc-248e-414f-955f-fccc978916e7{ip: 192.168.151.92, host: pr-hdds-2139-j8dx6-1450124282, networkLocation: /default-rack, certSerialId: null}. Reason : ae9625dc-248e-414f-955f-fccc978916e7 has not seen follower/s 12c7e022-5f96-4d2f-bd6c-0cb832bfe0bc for 183301ms 1b957291-fe5b-420e-96dd-cc603eda7741 for 183301ms
2019-09-17 03:21:04,375 [EventQueue-PipelineActionsForPipelineActionHandler] INFO  pipeline.SCMPipelineManager (SCMPipelineManager.java:finalizeAndDestroyPipeline(311)) - destroying pipeline:Pipeline[ Id: da3501bf-00c7-4d77-b6e8-32a3d63b87b7, Nodes: ae9625dc-248e-414f-955f-fccc978916e7{ip: 192.168.151.92, host: pr-hdds-2139-j8dx6-1450124282, networkLocation: /default-rack, certSerialId: null}1b957291-fe5b-420e-96dd-cc603eda7741{ip: 192.168.151.92, host: pr-hdds-2139-j8dx6-1450124282, networkLocation: /default-rack, certSerialId: null}12c7e022-5f96-4d2f-bd6c-0cb832bfe0bc{ip: 192.168.151.92, host: pr-hdds-2139-j8dx6-1450124282, networkLocation: /default-rack, certSerialId: null}, Type:RATIS, Factor:THREE, State:CLOSED]
2019-09-17 03:21:04,782 [java.util.concurrent.ThreadPoolExecutor$Worker@379360b2[State = -1, empty queue]] WARN  server.GrpcLogAppender (GrpcLogAppender.java:timeoutAppendRequest(200)) - ae9625dc-248e-414f-955f-fccc978916e7@group-32A3D63B87B7->12c7e022-5f96-4d2f-bd6c-0cb832bfe0bc-GrpcLogAppender: appendEntries Timeout, request=ae9625dc-248e-414f-955f-fccc978916e7->12c7e022-5f96-4d2f-bd6c-0cb832bfe0bc#87-t2, previous=(t:2, i:14), leaderCommit=10, initializing? false, entries: <empty>
2019-09-17 03:21:04,798 [java.util.concurrent.ThreadPoolExecutor$Worker@46c4a907[State = -1, empty queue]] WARN  server.GrpcLogAppender (GrpcLogAppender.java:timeoutAppendRequest(200)) - ae9625dc-248e-414f-955f-fccc978916e7@group-32A3D63B87B7->1b957291-fe5b-420e-96dd-cc603eda7741-GrpcLogAppender: appendEntries Timeout, request=ae9625dc-248e-414f-955f-fccc978916e7->1b957291-fe5b-420e-96dd-cc603eda7741#87-t2, previous=(t:2, i:14), leaderCommit=10, initializing? false, entries: <empty>
2019-09-17 03:21:06,784 [org.apache.ratis.server.impl.LogAppender$AppenderDaemon$$Lambda$550/692567409@32071122] ERROR ratis.XceiverServerRatis (XceiverServerRatis.java:triggerPipelineClose(575)) - pipeline Action CLOSE  on pipeline PipelineID=da3501bf-00c7-4d77-b6e8-32a3d63b87b7.Reason : ae9625dc-248e-414f-955f-fccc978916e7 has not seen follower/s 12c7e022-5f96-4d2f-bd6c-0cb832bfe0bc for 185802ms 1b957291-fe5b-420e-96dd-cc603eda7741 for 185802ms
2019-09-17 03:21:06,800 [org.apache.ratis.server.impl.LogAppender$AppenderDaemon$$Lambda$550/692567409@203ef6ee] ERROR ratis.XceiverServerRatis (XceiverServerRatis.java:triggerPipelineClose(575)) - pipeline Action CLOSE  on pipeline PipelineID=da3501bf-00c7-4d77-b6e8-32a3d63b87b7.Reason : ae9625dc-248e-414f-955f-fccc978916e7 has not seen follower/s 12c7e022-5f96-4d2f-bd6c-0cb832bfe0bc for 185818ms 1b957291-fe5b-420e-96dd-cc603eda7741 for 185818ms
2019-09-17 03:21:07,262 [grpc-default-executor-2] INFO  impl.RaftServerProxy (RaftServerProxy.java:remove(95)) - ae9625dc-248e-414f-955f-fccc978916e7: remove    LEADER ae9625dc-248e-414f-955f-fccc978916e7@group-32A3D63B87B7:t2, leader=ae9625dc-248e-414f-955f-fccc978916e7, voted=ae9625dc-248e-414f-955f-fccc978916e7, raftlog=ae9625dc-248e-414f-955f-fccc978916e7@group-32A3D63B87B7-SegmentedRaftLog:OPENED:c10,f10,i14, conf=0: [ae9625dc-248e-414f-955f-fccc978916e7:192.168.151.92:37052, 12c7e022-5f96-4d2f-bd6c-0cb832bfe0bc:192.168.151.92:41586, 1b957291-fe5b-420e-96dd-cc603eda7741:192.168.151.92:44243], old=null RUNNING
2019-09-17 03:21:07,269 [grpc-default-executor-2] INFO  impl.RaftServerImpl (RaftServerImpl.java:lambda$shutdown$3(251)) - ae9625dc-248e-414f-955f-fccc978916e7@group-32A3D63B87B7: shutdown
2019-09-17 03:21:07,270 [grpc-default-executor-2] INFO  util.JmxRegister (JmxRegister.java:unregister(73)) - Successfully un-registered JMX Bean with object name Ratis:service=RaftServer,group=group-32A3D63B87B7,id=ae9625dc-248e-414f-955f-fccc978916e7
2019-09-17 03:21:07,270 [grpc-default-executor-2] INFO  impl.RoleInfo (RoleInfo.java:shutdownLeaderState(104)) - ae9625dc-248e-414f-955f-fccc978916e7: shutdown LeaderState
2019-09-17 03:21:07,275 [grpc-default-executor-2] INFO  impl.PendingRequests (PendingRequests.java:sendNotLeaderResponses(202)) - ae9625dc-248e-414f-955f-fccc978916e7-PendingRequests: sendNotLeaderResponses
2019-09-17 03:21:07,275 [org.apache.ratis.server.impl.LogAppender$AppenderDaemon$$Lambda$550/692567409@32071122] WARN  server.GrpcLogAppender (GrpcLogAppender.java:mayWait(143)) - ae9625dc-248e-414f-955f-fccc978916e7@group-32A3D63B87B7->12c7e022-5f96-4d2f-bd6c-0cb832bfe0bc-GrpcLogAppender: Wait interrupted by java.lang.InterruptedException
2019-09-17 03:21:07,275 [org.apache.ratis.server.impl.LogAppender$AppenderDaemon$$Lambda$550/692567409@203ef6ee] WARN  server.GrpcLogAppender (GrpcLogAppender.java:mayWait(143)) - ae9625dc-248e-414f-955f-fccc978916e7@group-32A3D63B87B7->1b957291-fe5b-420e-96dd-cc603eda7741-GrpcLogAppender: Wait interrupted by java.lang.InterruptedException
2019-09-17 03:21:07,278 [grpc-default-executor-3] INFO  server.GrpcServerProtocolService (GrpcServerProtocolService.java:onCompleted(113)) - 1b957291-fe5b-420e-96dd-cc603eda7741: Completed APPEND_ENTRIES, lastRequest: ae9625dc-248e-414f-955f-fccc978916e7->1b957291-fe5b-420e-96dd-cc603eda7741#89-t2, previous=(t:2, i:14), leaderCommit=10, initializing? false, entries: <empty>
2019-09-17 03:21:07,278 [grpc-default-executor-4] INFO  server.GrpcServerProtocolService (GrpcServerProtocolService.java:onCompleted(113)) - 12c7e022-5f96-4d2f-bd6c-0cb832bfe0bc: Completed APPEND_ENTRIES, lastRequest: ae9625dc-248e-414f-955f-fccc978916e7->12c7e022-5f96-4d2f-bd6c-0cb832bfe0bc#89-t2, previous=(t:2, i:14), leaderCommit=10, initializing? false, entries: <empty>
2019-09-17 03:21:07,282 [grpc-default-executor-3] INFO  server.GrpcLogAppender (GrpcLogAppender.java:onCompleted(293)) - ae9625dc-248e-414f-955f-fccc978916e7@group-32A3D63B87B7->12c7e022-5f96-4d2f-bd6c-0cb832bfe0bc-AppendLogResponseHandler: follower responses appendEntries COMPLETED
2019-09-17 03:21:07,282 [grpc-default-executor-4] INFO  server.GrpcLogAppender (GrpcLogAppender.java:onCompleted(293)) - ae9625dc-248e-414f-955f-fccc978916e7@group-32A3D63B87B7->1b957291-fe5b-420e-96dd-cc603eda7741-AppendLogResponseHandler: follower responses appendEntries COMPLETED
2019-09-17 03:21:07,283 [grpc-default-executor-4] INFO  impl.FollowerInfo (FollowerInfo.java:lambda$new$0(51)) - ae9625dc-248e-414f-955f-fccc978916e7@group-32A3D63B87B7->1b957291-fe5b-420e-96dd-cc603eda7741: nextIndex: updateUnconditionally 15 -> 11
2019-09-17 03:21:07,283 [grpc-default-executor-3] INFO  impl.FollowerInfo (FollowerInfo.java:lambda$new$0(51)) - ae9625dc-248e-414f-955f-fccc978916e7@group-32A3D63B87B7->12c7e022-5f96-4d2f-bd6c-0cb832bfe0bc: nextIndex: updateUnconditionally 15 -> 11
2019-09-17 03:21:07,292 [grpc-default-executor-2] INFO  impl.StateMachineUpdater (StateMachineUpdater.java:stopAndJoin(125)) - ae9625dc-248e-414f-955f-fccc978916e7@group-32A3D63B87B7-StateMachineUpdater: set stopIndex = 10
2019-09-17 03:21:07,293 [ae9625dc-248e-414f-955f-fccc978916e7@group-32A3D63B87B7-StateMachineUpdater] INFO  ratis.ContainerStateMachine (ContainerStateMachine.java:takeSnapshot(289)) - group-32A3D63B87B7: Taking a snapshot at:(t:2, i:10) file /workdir/hadoop-ozone/integration-test/target/test-dir/MiniOzoneClusterImpl-1016471a-d40a-48f2-8884-b9093ef4fa4a/datanode-4/data/ratis/da3501bf-00c7-4d77-b6e8-32a3d63b87b7/sm/snapshot.2_10
2019-09-17 03:21:07,312 [Command processor thread] ERROR commandhandler.CloseContainerCommandHandler (CloseContainerCommandHandler.java:handle(125)) - Can't close container #3
java.io.IOException: org.apache.ratis.protocol.GroupMismatchException: ae9625dc-248e-414f-955f-fccc978916e7: group-32A3D63B87B7 not found.
	at org.apache.hadoop.ozone.container.common.transport.server.ratis.XceiverServerRatis.submitRequest(XceiverServerRatis.java:502)
	at org.apache.hadoop.ozone.container.common.statemachine.commandhandler.CloseContainerCommandHandler.handle(CloseContainerCommandHandler.java:102)
	at org.apache.hadoop.ozone.container.common.statemachine.commandhandler.CommandDispatcher.handle(CommandDispatcher.java:99)
	at org.apache.hadoop.ozone.container.common.statemachine.DatanodeStateMachine.lambda$initCommandHandlerThread$1(DatanodeStateMachine.java:432)
	at java.lang.Thread.run(Thread.java:748)
Caused by: java.util.concurrent.ExecutionException: org.apache.ratis.protocol.GroupMismatchException: ae9625dc-248e-414f-955f-fccc978916e7: group-32A3D63B87B7 not found.
	at java.util.concurrent.CompletableFuture.reportGet(CompletableFuture.java:357)
	at java.util.concurrent.CompletableFuture.get(CompletableFuture.java:1895)
	at org.apache.hadoop.ozone.container.common.transport.server.ratis.XceiverServerRatis.submitRequest(XceiverServerRatis.java:500)
	... 4 more
Caused by: org.apache.ratis.protocol.GroupMismatchException: ae9625dc-248e-414f-955f-fccc978916e7: group-32A3D63B87B7 not found.
	at org.apache.ratis.server.impl.RaftServerProxy$ImplMap.get(RaftServerProxy.java:122)
	at org.apache.ratis.server.impl.RaftServerProxy.getImplFuture(RaftServerProxy.java:269)
	at org.apache.ratis.server.impl.RaftServerProxy.submitRequest(RaftServerProxy.java:327)
	at org.apache.ratis.server.impl.RaftServerProxy.submitClientRequestAsync(RaftServerProxy.java:333)
	... 5 more
2019-09-17 03:21:07,313 [ae9625dc-248e-414f-955f-fccc978916e7@group-32A3D63B87B7-StateMachineUpdater] INFO  ratis.ContainerStateMachine (ContainerStateMachine.java:takeSnapshot(300)) - group-32A3D63B87B7: Finished taking a snapshot at:(t:2, i:10) file:/workdir/hadoop-ozone/integration-test/target/test-dir/MiniOzoneClusterImpl-1016471a-d40a-48f2-8884-b9093ef4fa4a/datanode-4/data/ratis/da3501bf-00c7-4d77-b6e8-32a3d63b87b7/sm/snapshot.2_10 time:20
2019-09-17 03:21:07,313 [EventQueue-PipelineActionsForPipelineActionHandler] ERROR pipeline.PipelineActionHandler (PipelineActionHandler.java:onMessage(60)) - Received pipeline action CLOSE for Pipeline[ Id: da3501bf-00c7-4d77-b6e8-32a3d63b87b7, Nodes: ae9625dc-248e-414f-955f-fccc978916e7{ip: 192.168.151.92, host: pr-hdds-2139-j8dx6-1450124282, networkLocation: /default-rack, certSerialId: null}1b957291-fe5b-420e-96dd-cc603eda7741{ip: 192.168.151.92, host: pr-hdds-2139-j8dx6-1450124282, networkLocation: /default-rack, certSerialId: null}12c7e022-5f96-4d2f-bd6c-0cb832bfe0bc{ip: 192.168.151.92, host: pr-hdds-2139-j8dx6-1450124282, networkLocation: /default-rack, certSerialId: null}, Type:RATIS, Factor:THREE, State:CLOSED] from datanode ae9625dc-248e-414f-955f-fccc978916e7{ip: 192.168.151.92, host: pr-hdds-2139-j8dx6-1450124282, networkLocation: /default-rack, certSerialId: null}. Reason : ae9625dc-248e-414f-955f-fccc978916e7 has not seen follower/s 12c7e022-5f96-4d2f-bd6c-0cb832bfe0bc for 185802ms 1b957291-fe5b-420e-96dd-cc603eda7741 for 185802ms
2019-09-17 03:21:07,313 [EventQueue-PipelineActionsForPipelineActionHandler] INFO  pipeline.SCMPipelineManager (SCMPipelineManager.java:finalizeAndDestroyPipeline(311)) - destroying pipeline:Pipeline[ Id: da3501bf-00c7-4d77-b6e8-32a3d63b87b7, Nodes: ae9625dc-248e-414f-955f-fccc978916e7{ip: 192.168.151.92, host: pr-hdds-2139-j8dx6-1450124282, networkLocation: /default-rack, certSerialId: null}1b957291-fe5b-420e-96dd-cc603eda7741{ip: 192.168.151.92, host: pr-hdds-2139-j8dx6-1450124282, networkLocation: /default-rack, certSerialId: null}12c7e022-5f96-4d2f-bd6c-0cb832bfe0bc{ip: 192.168.151.92, host: pr-hdds-2139-j8dx6-1450124282, networkLocation: /default-rack, certSerialId: null}, Type:RATIS, Factor:THREE, State:CLOSED]
2019-09-17 03:21:07,319 [ae9625dc-248e-414f-955f-fccc978916e7@group-32A3D63B87B7-StateMachineUpdater] INFO  impl.StateMachineUpdater (StateMachineUpdater.java:takeSnapshot(258)) - ae9625dc-248e-414f-955f-fccc978916e7@group-32A3D63B87B7-StateMachineUpdater: Took a snapshot at index 10
2019-09-17 03:21:07,321 [ae9625dc-248e-414f-955f-fccc978916e7@group-32A3D63B87B7-StateMachineUpdater] INFO  impl.StateMachineUpdater (StateMachineUpdater.java:lambda$new$0(83)) - ae9625dc-248e-414f-955f-fccc978916e7@group-32A3D63B87B7-StateMachineUpdater: snapshotIndex: updateIncreasingly -1 -> 10
2019-09-17 03:21:07,324 [grpc-default-executor-2] INFO  impl.RaftServerImpl (ServerState.java:close(385)) - ae9625dc-248e-414f-955f-fccc978916e7@group-32A3D63B87B7: closes. applyIndex: 10
2019-09-17 03:21:07,327 [ae9625dc-248e-414f-955f-fccc978916e7@group-32A3D63B87B7-SegmentedRaftLogWorker] ERROR ratis.XceiverServerRatis (XceiverServerRatis.java:triggerPipelineClose(575)) - pipeline Action CLOSE  on pipeline PipelineID=da3501bf-00c7-4d77-b6e8-32a3d63b87b7.Reason : WriteLog:12: (t:2, i:12), STATEMACHINELOGENTRY, client-3E3F24432F02, cid=22-writeStateMachineData interrupted.
2019-09-17 03:21:07,330 [EventQueue-PipelineActionsForPipelineActionHandler] ERROR pipeline.PipelineActionHandler (PipelineActionHandler.java:onMessage(60)) - Received pipeline action CLOSE for Pipeline[ Id: da3501bf-00c7-4d77-b6e8-32a3d63b87b7, Nodes: ae9625dc-248e-414f-955f-fccc978916e7{ip: 192.168.151.92, host: pr-hdds-2139-j8dx6-1450124282, networkLocation: /default-rack, certSerialId: null}1b957291-fe5b-420e-96dd-cc603eda7741{ip: 192.168.151.92, host: pr-hdds-2139-j8dx6-1450124282, networkLocation: /default-rack, certSerialId: null}12c7e022-5f96-4d2f-bd6c-0cb832bfe0bc{ip: 192.168.151.92, host: pr-hdds-2139-j8dx6-1450124282, networkLocation: /default-rack, certSerialId: null}, Type:RATIS, Factor:THREE, State:CLOSED] from datanode ae9625dc-248e-414f-955f-fccc978916e7{ip: 192.168.151.92, host: pr-hdds-2139-j8dx6-1450124282, networkLocation: /default-rack, certSerialId: null}. Reason : WriteLog:12: (t:2, i:12), STATEMACHINELOGENTRY, client-3E3F24432F02, cid=22-writeStateMachineData interrupted.
2019-09-17 03:21:07,330 [EventQueue-PipelineActionsForPipelineActionHandler] INFO  pipeline.SCMPipelineManager (SCMPipelineManager.java:finalizeAndDestroyPipeline(311)) - destroying pipeline:Pipeline[ Id: da3501bf-00c7-4d77-b6e8-32a3d63b87b7, Nodes: ae9625dc-248e-414f-955f-fccc978916e7{ip: 192.168.151.92, host: pr-hdds-2139-j8dx6-1450124282, networkLocation: /default-rack, certSerialId: null}1b957291-fe5b-420e-96dd-cc603eda7741{ip: 192.168.151.92, host: pr-hdds-2139-j8dx6-1450124282, networkLocation: /default-rack, certSerialId: null}12c7e022-5f96-4d2f-bd6c-0cb832bfe0bc{ip: 192.168.151.92, host: pr-hdds-2139-j8dx6-1450124282, networkLocation: /default-rack, certSerialId: null}, Type:RATIS, Factor:THREE, State:CLOSED]
2019-09-17 03:21:07,341 [grpc-default-executor-2] INFO  segmented.SegmentedRaftLogWorker (SegmentedRaftLogWorker.java:close(228)) - ae9625dc-248e-414f-955f-fccc978916e7@group-32A3D63B87B7-SegmentedRaftLogWorker close()
2019-09-17 03:21:07,363 [grpc-default-executor-2] INFO  interfaces.Container (KeyValueContainer.java:flushAndSyncDB(386)) - Container 2 is synced with bcsId 6.
2019-09-17 03:21:07,364 [grpc-default-executor-2] INFO  interfaces.Container (KeyValueContainer.java:flushAndSyncDB(386)) - Container 2 is synced with bcsId 6.
2019-09-17 03:21:07,392 [EventQueue-IncrementalContainerReportForIncrementalContainerReportHandler] INFO  container.IncrementalContainerReportHandler (AbstractContainerReportHandler.java:updateContainerState(169)) - Moving container #2 to QUASI_CLOSED state, datanode ae9625dc-248e-414f-955f-fccc978916e7{ip: 192.168.151.92, host: pr-hdds-2139-j8dx6-1450124282, networkLocation: /default-rack, certSerialId: null} reported QUASI_CLOSED replica.
2019-09-17 03:21:07,484 [grpc-default-executor-2] INFO  interfaces.Container (KeyValueContainer.java:flushAndSyncDB(386)) - Container 3 is synced with bcsId 0.
2019-09-17 03:21:07,484 [grpc-default-executor-2] INFO  interfaces.Container (KeyValueContainer.java:flushAndSyncDB(386)) - Container 3 is synced with bcsId 0.
2019-09-17 03:21:07,511 [EventQueue-IncrementalContainerReportForIncrementalContainerReportHandler] INFO  container.IncrementalContainerReportHandler (AbstractContainerReportHandler.java:updateContainerState(169)) - Moving container #3 to QUASI_CLOSED state, datanode ae9625dc-248e-414f-955f-fccc978916e7{ip: 192.168.151.92, host: pr-hdds-2139-j8dx6-1450124282, networkLocation: /default-rack, certSerialId: null} reported QUASI_CLOSED replica.
2019-09-17 03:21:07,521 [grpc-default-executor-2] INFO  impl.RaftServerProxy (RaftServerProxy.java:remove(95)) - 1b957291-fe5b-420e-96dd-cc603eda7741: remove  FOLLOWER 1b957291-fe5b-420e-96dd-cc603eda7741@group-32A3D63B87B7:t2, leader=ae9625dc-248e-414f-955f-fccc978916e7, voted=ae9625dc-248e-414f-955f-fccc978916e7, raftlog=1b957291-fe5b-420e-96dd-cc603eda7741@group-32A3D63B87B7-SegmentedRaftLog:OPENED:c10,f10,i14, conf=0: [ae9625dc-248e-414f-955f-fccc978916e7:192.168.151.92:37052, 12c7e022-5f96-4d2f-bd6c-0cb832bfe0bc:192.168.151.92:41586, 1b957291-fe5b-420e-96dd-cc603eda7741:192.168.151.92:44243], old=null RUNNING
2019-09-17 03:21:07,521 [grpc-default-executor-2] INFO  impl.RaftServerImpl (RaftServerImpl.java:lambda$shutdown$3(251)) - 1b957291-fe5b-420e-96dd-cc603eda7741@group-32A3D63B87B7: shutdown
2019-09-17 03:21:07,521 [grpc-default-executor-2] INFO  util.JmxRegister (JmxRegister.java:unregister(73)) - Successfully un-registered JMX Bean with object name Ratis:service=RaftServer,group=group-32A3D63B87B7,id=1b957291-fe5b-420e-96dd-cc603eda7741
2019-09-17 03:21:07,521 [grpc-default-executor-2] INFO  impl.RoleInfo (RoleInfo.java:shutdownFollowerState(121)) - 1b957291-fe5b-420e-96dd-cc603eda7741: shutdown FollowerState
2019-09-17 03:21:07,522 [grpc-default-executor-2] INFO  impl.StateMachineUpdater (StateMachineUpdater.java:stopAndJoin(125)) - 1b957291-fe5b-420e-96dd-cc603eda7741@group-32A3D63B87B7-StateMachineUpdater: set stopIndex = 10
2019-09-17 03:21:07,522 [Thread-373] INFO  impl.FollowerState (FollowerState.java:run(115)) - 1b957291-fe5b-420e-96dd-cc603eda7741: FollowerState was interrupted: java.lang.InterruptedException: sleep interrupted
2019-09-17 03:21:07,522 [1b957291-fe5b-420e-96dd-cc603eda7741@group-32A3D63B87B7-StateMachineUpdater] INFO  ratis.ContainerStateMachine (ContainerStateMachine.java:takeSnapshot(289)) - group-32A3D63B87B7: Taking a snapshot at:(t:2, i:6) file /workdir/hadoop-ozone/integration-test/target/test-dir/MiniOzoneClusterImpl-1016471a-d40a-48f2-8884-b9093ef4fa4a/datanode-6/data/ratis/da3501bf-00c7-4d77-b6e8-32a3d63b87b7/sm/snapshot.2_6
2019-09-17 03:21:07,537 [1b957291-fe5b-420e-96dd-cc603eda7741@group-32A3D63B87B7-StateMachineUpdater] INFO  ratis.ContainerStateMachine (ContainerStateMachine.java:takeSnapshot(300)) - group-32A3D63B87B7: Finished taking a snapshot at:(t:2, i:6) file:/workdir/hadoop-ozone/integration-test/target/test-dir/MiniOzoneClusterImpl-1016471a-d40a-48f2-8884-b9093ef4fa4a/datanode-6/data/ratis/da3501bf-00c7-4d77-b6e8-32a3d63b87b7/sm/snapshot.2_6 time:16
2019-09-17 03:21:07,538 [1b957291-fe5b-420e-96dd-cc603eda7741@group-32A3D63B87B7-StateMachineUpdater] INFO  impl.StateMachineUpdater (StateMachineUpdater.java:takeSnapshot(258)) - 1b957291-fe5b-420e-96dd-cc603eda7741@group-32A3D63B87B7-StateMachineUpdater: Took a snapshot at index 6
2019-09-17 03:21:07,538 [1b957291-fe5b-420e-96dd-cc603eda7741@group-32A3D63B87B7-StateMachineUpdater] INFO  impl.StateMachineUpdater (StateMachineUpdater.java:lambda$new$0(83)) - 1b957291-fe5b-420e-96dd-cc603eda7741@group-32A3D63B87B7-StateMachineUpdater: snapshotIndex: updateIncreasingly -1 -> 6
2019-09-17 03:21:07,538 [1b957291-fe5b-420e-96dd-cc603eda7741@group-32A3D63B87B7-StateMachineUpdater] INFO  ratis.ContainerStateMachine (ContainerStateMachine.java:takeSnapshot(289)) - group-32A3D63B87B7: Taking a snapshot at:(t:2, i:6) file /workdir/hadoop-ozone/integration-test/target/test-dir/MiniOzoneClusterImpl-1016471a-d40a-48f2-8884-b9093ef4fa4a/datanode-6/data/ratis/da3501bf-00c7-4d77-b6e8-32a3d63b87b7/sm/snapshot.2_6
2019-09-17 03:21:07,551 [1b957291-fe5b-420e-96dd-cc603eda7741@group-32A3D63B87B7-StateMachineUpdater] INFO  ratis.ContainerStateMachine (ContainerStateMachine.java:takeSnapshot(300)) - group-32A3D63B87B7: Finished taking a snapshot at:(t:2, i:6) file:/workdir/hadoop-ozone/integration-test/target/test-dir/MiniOzoneClusterImpl-1016471a-d40a-48f2-8884-b9093ef4fa4a/datanode-6/data/ratis/da3501bf-00c7-4d77-b6e8-32a3d63b87b7/sm/snapshot.2_6 time:13
2019-09-17 03:21:07,551 [1b957291-fe5b-420e-96dd-cc603eda7741@group-32A3D63B87B7-StateMachineUpdater] INFO  impl.StateMachineUpdater (StateMachineUpdater.java:takeSnapshot(258)) - 1b957291-fe5b-420e-96dd-cc603eda7741@group-32A3D63B87B7-StateMachineUpdater: Took a snapshot at index 6
2019-09-17 03:21:07,551 [1b957291-fe5b-420e-96dd-cc603eda7741@group-32A3D63B87B7-StateMachineUpdater] INFO  impl.StateMachineUpdater (StateMachineUpdater.java:lambda$new$0(83)) - 1b957291-fe5b-420e-96dd-cc603eda7741@group-32A3D63B87B7-StateMachineUpdater: snapshotIndex: updateIncreasingly 6 -> 6
2019-09-17 03:21:07,551 [grpc-default-executor-2] INFO  impl.RaftServerImpl (ServerState.java:close(385)) - 1b957291-fe5b-420e-96dd-cc603eda7741@group-32A3D63B87B7: closes. applyIndex: 10
2019-09-17 03:21:07,566 [1b957291-fe5b-420e-96dd-cc603eda7741@group-32A3D63B87B7-SegmentedRaftLogWorker] ERROR ratis.XceiverServerRatis (XceiverServerRatis.java:triggerPipelineClose(575)) - pipeline Action CLOSE  on pipeline PipelineID=da3501bf-00c7-4d77-b6e8-32a3d63b87b7.Reason : WriteLog:12: (t:2, i:12), STATEMACHINELOGENTRY, client-3E3F24432F02, cid=22-writeStateMachineData interrupted.
2019-09-17 03:21:07,572 [EventQueue-PipelineActionsForPipelineActionHandler] ERROR pipeline.PipelineActionHandler (PipelineActionHandler.java:onMessage(60)) - Received pipeline action CLOSE for Pipeline[ Id: da3501bf-00c7-4d77-b6e8-32a3d63b87b7, Nodes: ae9625dc-248e-414f-955f-fccc978916e7{ip: 192.168.151.92, host: pr-hdds-2139-j8dx6-1450124282, networkLocation: /default-rack, certSerialId: null}1b957291-fe5b-420e-96dd-cc603eda7741{ip: 192.168.151.92, host: pr-hdds-2139-j8dx6-1450124282, networkLocation: /default-rack, certSerialId: null}12c7e022-5f96-4d2f-bd6c-0cb832bfe0bc{ip: 192.168.151.92, host: pr-hdds-2139-j8dx6-1450124282, networkLocation: /default-rack, certSerialId: null}, Type:RATIS, Factor:THREE, State:CLOSED] from datanode 1b957291-fe5b-420e-96dd-cc603eda7741{ip: 192.168.151.92, host: pr-hdds-2139-j8dx6-1450124282, networkLocation: /default-rack, certSerialId: null}. Reason : WriteLog:12: (t:2, i:12), STATEMACHINELOGENTRY, client-3E3F24432F02, cid=22-writeStateMachineData interrupted.
2019-09-17 03:21:07,572 [EventQueue-PipelineActionsForPipelineActionHandler] INFO  pipeline.SCMPipelineManager (SCMPipelineManager.java:finalizeAndDestroyPipeline(311)) - destroying pipeline:Pipeline[ Id: da3501bf-00c7-4d77-b6e8-32a3d63b87b7, Nodes: ae9625dc-248e-414f-955f-fccc978916e7{ip: 192.168.151.92, host: pr-hdds-2139-j8dx6-1450124282, networkLocation: /default-rack, certSerialId: null}1b957291-fe5b-420e-96dd-cc603eda7741{ip: 192.168.151.92, host: pr-hdds-2139-j8dx6-1450124282, networkLocation: /default-rack, certSerialId: null}12c7e022-5f96-4d2f-bd6c-0cb832bfe0bc{ip: 192.168.151.92, host: pr-hdds-2139-j8dx6-1450124282, networkLocation: /default-rack, certSerialId: null}, Type:RATIS, Factor:THREE, State:CLOSED]
2019-09-17 03:21:07,583 [grpc-default-executor-2] INFO  segmented.SegmentedRaftLogWorker (SegmentedRaftLogWorker.java:close(228)) - 1b957291-fe5b-420e-96dd-cc603eda7741@group-32A3D63B87B7-SegmentedRaftLogWorker close()
2019-09-17 03:21:07,602 [grpc-default-executor-2] INFO  interfaces.Container (KeyValueContainer.java:flushAndSyncDB(386)) - Container 2 is synced with bcsId 6.
2019-09-17 03:21:07,602 [grpc-default-executor-2] INFO  interfaces.Container (KeyValueContainer.java:flushAndSyncDB(386)) - Container 2 is synced with bcsId 6.
2019-09-17 03:21:07,656 [grpc-default-executor-2] INFO  interfaces.Container (KeyValueContainer.java:flushAndSyncDB(386)) - Container 3 is synced with bcsId 0.
2019-09-17 03:21:07,656 [grpc-default-executor-2] INFO  interfaces.Container (KeyValueContainer.java:flushAndSyncDB(386)) - Container 3 is synced with bcsId 0.
2019-09-17 03:21:07,672 [grpc-default-executor-2] INFO  impl.RaftServerProxy (RaftServerProxy.java:remove(95)) - 12c7e022-5f96-4d2f-bd6c-0cb832bfe0bc: remove  FOLLOWER 12c7e022-5f96-4d2f-bd6c-0cb832bfe0bc@group-32A3D63B87B7:t2, leader=ae9625dc-248e-414f-955f-fccc978916e7, voted=ae9625dc-248e-414f-955f-fccc978916e7, raftlog=12c7e022-5f96-4d2f-bd6c-0cb832bfe0bc@group-32A3D63B87B7-SegmentedRaftLog:OPENED:c10,f10,i14, conf=0: [ae9625dc-248e-414f-955f-fccc978916e7:192.168.151.92:37052, 12c7e022-5f96-4d2f-bd6c-0cb832bfe0bc:192.168.151.92:41586, 1b957291-fe5b-420e-96dd-cc603eda7741:192.168.151.92:44243], old=null RUNNING
2019-09-17 03:21:07,672 [grpc-default-executor-2] INFO  impl.RaftServerImpl (RaftServerImpl.java:lambda$shutdown$3(251)) - 12c7e022-5f96-4d2f-bd6c-0cb832bfe0bc@group-32A3D63B87B7: shutdown
2019-09-17 03:21:07,673 [grpc-default-executor-2] INFO  util.JmxRegister (JmxRegister.java:unregister(73)) - Successfully un-registered JMX Bean with object name Ratis:service=RaftServer,group=group-32A3D63B87B7,id=12c7e022-5f96-4d2f-bd6c-0cb832bfe0bc
2019-09-17 03:21:07,673 [grpc-default-executor-2] INFO  impl.RoleInfo (RoleInfo.java:shutdownFollowerState(121)) - 12c7e022-5f96-4d2f-bd6c-0cb832bfe0bc: shutdown FollowerState
2019-09-17 03:21:07,673 [grpc-default-executor-2] INFO  impl.StateMachineUpdater (StateMachineUpdater.java:stopAndJoin(125)) - 12c7e022-5f96-4d2f-bd6c-0cb832bfe0bc@group-32A3D63B87B7-StateMachineUpdater: set stopIndex = 10
2019-09-17 03:21:07,673 [Thread-372] INFO  impl.FollowerState (FollowerState.java:run(115)) - 12c7e022-5f96-4d2f-bd6c-0cb832bfe0bc: FollowerState was interrupted: java.lang.InterruptedException: sleep interrupted
2019-09-17 03:21:07,673 [12c7e022-5f96-4d2f-bd6c-0cb832bfe0bc@group-32A3D63B87B7-StateMachineUpdater] INFO  ratis.ContainerStateMachine (ContainerStateMachine.java:takeSnapshot(289)) - group-32A3D63B87B7: Taking a snapshot at:(t:2, i:6) file /workdir/hadoop-ozone/integration-test/target/test-dir/MiniOzoneClusterImpl-1016471a-d40a-48f2-8884-b9093ef4fa4a/datanode-0/data/ratis/da3501bf-00c7-4d77-b6e8-32a3d63b87b7/sm/snapshot.2_6
2019-09-17 03:21:07,681 [12c7e022-5f96-4d2f-bd6c-0cb832bfe0bc@group-32A3D63B87B7-StateMachineUpdater] INFO  ratis.ContainerStateMachine (ContainerStateMachine.java:takeSnapshot(300)) - group-32A3D63B87B7: Finished taking a snapshot at:(t:2, i:6) file:/workdir/hadoop-ozone/integration-test/target/test-dir/MiniOzoneClusterImpl-1016471a-d40a-48f2-8884-b9093ef4fa4a/datanode-0/data/ratis/da3501bf-00c7-4d77-b6e8-32a3d63b87b7/sm/snapshot.2_6 time:9
2019-09-17 03:21:07,682 [12c7e022-5f96-4d2f-bd6c-0cb832bfe0bc@group-32A3D63B87B7-StateMachineUpdater] INFO  impl.StateMachineUpdater (StateMachineUpdater.java:takeSnapshot(258)) - 12c7e022-5f96-4d2f-bd6c-0cb832bfe0bc@group-32A3D63B87B7-StateMachineUpdater: Took a snapshot at index 6
2019-09-17 03:21:07,682 [12c7e022-5f96-4d2f-bd6c-0cb832bfe0bc@group-32A3D63B87B7-StateMachineUpdater] INFO  impl.StateMachineUpdater (StateMachineUpdater.java:lambda$new$0(83)) - 12c7e022-5f96-4d2f-bd6c-0cb832bfe0bc@group-32A3D63B87B7-StateMachineUpdater: snapshotIndex: updateIncreasingly -1 -> 6
2019-09-17 03:21:07,682 [12c7e022-5f96-4d2f-bd6c-0cb832bfe0bc@group-32A3D63B87B7-StateMachineUpdater] INFO  ratis.ContainerStateMachine (ContainerStateMachine.java:takeSnapshot(289)) - group-32A3D63B87B7: Taking a snapshot at:(t:2, i:6) file /workdir/hadoop-ozone/integration-test/target/test-dir/MiniOzoneClusterImpl-1016471a-d40a-48f2-8884-b9093ef4fa4a/datanode-0/data/ratis/da3501bf-00c7-4d77-b6e8-32a3d63b87b7/sm/snapshot.2_6
2019-09-17 03:21:07,686 [12c7e022-5f96-4d2f-bd6c-0cb832bfe0bc@group-32A3D63B87B7-StateMachineUpdater] INFO  ratis.ContainerStateMachine (ContainerStateMachine.java:takeSnapshot(300)) - group-32A3D63B87B7: Finished taking a snapshot at:(t:2, i:6) file:/workdir/hadoop-ozone/integration-test/target/test-dir/MiniOzoneClusterImpl-1016471a-d40a-48f2-8884-b9093ef4fa4a/datanode-0/data/ratis/da3501bf-00c7-4d77-b6e8-32a3d63b87b7/sm/snapshot.2_6 time:3
2019-09-17 03:21:07,686 [12c7e022-5f96-4d2f-bd6c-0cb832bfe0bc@group-32A3D63B87B7-StateMachineUpdater] INFO  impl.StateMachineUpdater (StateMachineUpdater.java:takeSnapshot(258)) - 12c7e022-5f96-4d2f-bd6c-0cb832bfe0bc@group-32A3D63B87B7-StateMachineUpdater: Took a snapshot at index 6
2019-09-17 03:21:07,686 [12c7e022-5f96-4d2f-bd6c-0cb832bfe0bc@group-32A3D63B87B7-StateMachineUpdater] INFO  impl.StateMachineUpdater (StateMachineUpdater.java:lambda$new$0(83)) - 12c7e022-5f96-4d2f-bd6c-0cb832bfe0bc@group-32A3D63B87B7-StateMachineUpdater: snapshotIndex: updateIncreasingly 6 -> 6
2019-09-17 03:21:07,687 [grpc-default-executor-2] INFO  impl.RaftServerImpl (ServerState.java:close(385)) - 12c7e022-5f96-4d2f-bd6c-0cb832bfe0bc@group-32A3D63B87B7: closes. applyIndex: 10
2019-09-17 03:21:07,688 [12c7e022-5f96-4d2f-bd6c-0cb832bfe0bc@group-32A3D63B87B7-SegmentedRaftLogWorker] ERROR ratis.XceiverServerRatis (XceiverServerRatis.java:triggerPipelineClose(575)) - pipeline Action CLOSE  on pipeline PipelineID=da3501bf-00c7-4d77-b6e8-32a3d63b87b7.Reason : WriteLog:12: (t:2, i:12), STATEMACHINELOGENTRY, client-3E3F24432F02, cid=22-writeStateMachineData interrupted.
2019-09-17 03:21:07,692 [EventQueue-PipelineActionsForPipelineActionHandler] ERROR pipeline.PipelineActionHandler (PipelineActionHandler.java:onMessage(60)) - Received pipeline action CLOSE for Pipeline[ Id: da3501bf-00c7-4d77-b6e8-32a3d63b87b7, Nodes: ae9625dc-248e-414f-955f-fccc978916e7{ip: 192.168.151.92, host: pr-hdds-2139-j8dx6-1450124282, networkLocation: /default-rack, certSerialId: null}1b957291-fe5b-420e-96dd-cc603eda7741{ip: 192.168.151.92, host: pr-hdds-2139-j8dx6-1450124282, networkLocation: /default-rack, certSerialId: null}12c7e022-5f96-4d2f-bd6c-0cb832bfe0bc{ip: 192.168.151.92, host: pr-hdds-2139-j8dx6-1450124282, networkLocation: /default-rack, certSerialId: null}, Type:RATIS, Factor:THREE, State:CLOSED] from datanode 12c7e022-5f96-4d2f-bd6c-0cb832bfe0bc{ip: 192.168.151.92, host: pr-hdds-2139-j8dx6-1450124282, networkLocation: /default-rack, certSerialId: null}. Reason : WriteLog:12: (t:2, i:12), STATEMACHINELOGENTRY, client-3E3F24432F02, cid=22-writeStateMachineData interrupted.
2019-09-17 03:21:07,692 [EventQueue-PipelineActionsForPipelineActionHandler] INFO  pipeline.SCMPipelineManager (SCMPipelineManager.java:finalizeAndDestroyPipeline(311)) - destroying pipeline:Pipeline[ Id: da3501bf-00c7-4d77-b6e8-32a3d63b87b7, Nodes: ae9625dc-248e-414f-955f-fccc978916e7{ip: 192.168.151.92, host: pr-hdds-2139-j8dx6-1450124282, networkLocation: /default-rack, certSerialId: null}1b957291-fe5b-420e-96dd-cc603eda7741{ip: 192.168.151.92, host: pr-hdds-2139-j8dx6-1450124282, networkLocation: /default-rack, certSerialId: null}12c7e022-5f96-4d2f-bd6c-0cb832bfe0bc{ip: 192.168.151.92, host: pr-hdds-2139-j8dx6-1450124282, networkLocation: /default-rack, certSerialId: null}, Type:RATIS, Factor:THREE, State:CLOSED]
2019-09-17 03:21:07,693 [grpc-default-executor-2] INFO  segmented.SegmentedRaftLogWorker (SegmentedRaftLogWorker.java:close(228)) - 12c7e022-5f96-4d2f-bd6c-0cb832bfe0bc@group-32A3D63B87B7-SegmentedRaftLogWorker close()
2019-09-17 03:21:07,700 [grpc-default-executor-2] INFO  interfaces.Container (KeyValueContainer.java:flushAndSyncDB(386)) - Container 2 is synced with bcsId 6.
2019-09-17 03:21:07,700 [grpc-default-executor-2] INFO  interfaces.Container (KeyValueContainer.java:flushAndSyncDB(386)) - Container 2 is synced with bcsId 6.
2019-09-17 03:21:07,751 [grpc-default-executor-2] INFO  interfaces.Container (KeyValueContainer.java:flushAndSyncDB(386)) - Container 3 is synced with bcsId 0.
2019-09-17 03:21:07,752 [grpc-default-executor-2] INFO  interfaces.Container (KeyValueContainer.java:flushAndSyncDB(386)) - Container 3 is synced with bcsId 0.
2019-09-17 03:21:07,769 [RatisPipelineUtilsThread] INFO  pipeline.PipelineStateManager (PipelineStateManager.java:removePipeline(108)) - Pipeline Pipeline[ Id: da3501bf-00c7-4d77-b6e8-32a3d63b87b7, Nodes: ae9625dc-248e-414f-955f-fccc978916e7{ip: 192.168.151.92, host: pr-hdds-2139-j8dx6-1450124282, networkLocation: /default-rack, certSerialId: null}1b957291-fe5b-420e-96dd-cc603eda7741{ip: 192.168.151.92, host: pr-hdds-2139-j8dx6-1450124282, networkLocation: /default-rack, certSerialId: null}12c7e022-5f96-4d2f-bd6c-0cb832bfe0bc{ip: 192.168.151.92, host: pr-hdds-2139-j8dx6-1450124282, networkLocation: /default-rack, certSerialId: null}, Type:RATIS, Factor:THREE, State:CLOSED] removed from db
2019-09-17 03:21:07,784 [grpc-default-executor-4] INFO  impl.RaftServerProxy (RaftServerProxy.java:addNew(89)) - 12c7e022-5f96-4d2f-bd6c-0cb832bfe0bc: addNew group-ECFE57FBC26D:[ae9625dc-248e-414f-955f-fccc978916e7:192.168.151.92:37052, 12c7e022-5f96-4d2f-bd6c-0cb832bfe0bc:192.168.151.92:41586, 1b957291-fe5b-420e-96dd-cc603eda7741:192.168.151.92:44243] returns group-ECFE57FBC26D:java.util.concurrent.CompletableFuture@278b7a78[Not completed]
2019-09-17 03:21:07,784 [grpc-default-executor-3] INFO  impl.RaftServerProxy (RaftServerProxy.java:addNew(89)) - ae9625dc-248e-414f-955f-fccc978916e7: addNew group-ECFE57FBC26D:[ae9625dc-248e-414f-955f-fccc978916e7:192.168.151.92:37052, 12c7e022-5f96-4d2f-bd6c-0cb832bfe0bc:192.168.151.92:41586, 1b957291-fe5b-420e-96dd-cc603eda7741:192.168.151.92:44243] returns group-ECFE57FBC26D:java.util.concurrent.CompletableFuture@786da228[Not completed]
2019-09-17 03:21:07,784 [grpc-default-executor-2] INFO  impl.RaftServerProxy (RaftServerProxy.java:addNew(89)) - 1b957291-fe5b-420e-96dd-cc603eda7741: addNew group-ECFE57FBC26D:[ae9625dc-248e-414f-955f-fccc978916e7:192.168.151.92:37052, 12c7e022-5f96-4d2f-bd6c-0cb832bfe0bc:192.168.151.92:41586, 1b957291-fe5b-420e-96dd-cc603eda7741:192.168.151.92:44243] returns group-ECFE57FBC26D:java.util.concurrent.CompletableFuture@4037b637[Not completed]
2019-09-17 03:21:07,787 [pool-67-thread-1] INFO  impl.RaftServerImpl (RaftServerImpl.java:<init>(95)) - ae9625dc-248e-414f-955f-fccc978916e7: new RaftServerImpl for group-ECFE57FBC26D:[ae9625dc-248e-414f-955f-fccc978916e7:192.168.151.92:37052, 12c7e022-5f96-4d2f-bd6c-0cb832bfe0bc:192.168.151.92:41586, 1b957291-fe5b-420e-96dd-cc603eda7741:192.168.151.92:44243] with ContainerStateMachine:uninitialized
2019-09-17 03:21:07,787 [pool-67-thread-1] INFO  server.RaftServerConfigKeys (ConfUtils.java:logGet(43)) - raft.server.rpc.timeout.min = 5s (custom)
2019-09-17 03:21:07,787 [pool-67-thread-1] INFO  server.RaftServerConfigKeys (ConfUtils.java:logGet(43)) - raft.server.rpc.timeout.max = 5200ms (custom)
2019-09-17 03:21:07,788 [pool-67-thread-1] INFO  server.RaftServerConfigKeys (ConfUtils.java:logGet(43)) - raft.server.rpcslowness.timeout = 120s (custom)
2019-09-17 03:21:07,788 [pool-67-thread-1] INFO  server.RaftServerConfigKeys (ConfUtils.java:logGet(43)) - raft.server.sleep.deviation.threshold = 300 (default)
2019-09-17 03:21:07,788 [pool-67-thread-1] INFO  server.RaftServerConfigKeys (ConfUtils.java:logGet(43)) - raft.server.log.appender.install.snapshot.enabled = false (custom)
2019-09-17 03:21:07,788 [pool-67-thread-1] INFO  impl.RaftServerImpl (ServerState.java:<init>(103)) - ae9625dc-248e-414f-955f-fccc978916e7@group-ECFE57FBC26D: ConfigurationManager, init=-1: [ae9625dc-248e-414f-955f-fccc978916e7:192.168.151.92:37052, 12c7e022-5f96-4d2f-bd6c-0cb832bfe0bc:192.168.151.92:41586, 1b957291-fe5b-420e-96dd-cc603eda7741:192.168.151.92:44243], old=null, confs=<EMPTY_MAP>
2019-09-17 03:21:07,788 [pool-87-thread-1] INFO  impl.RaftServerImpl (RaftServerImpl.java:<init>(95)) - 1b957291-fe5b-420e-96dd-cc603eda7741: new RaftServerImpl for group-ECFE57FBC26D:[ae9625dc-248e-414f-955f-fccc978916e7:192.168.151.92:37052, 12c7e022-5f96-4d2f-bd6c-0cb832bfe0bc:192.168.151.92:41586, 1b957291-fe5b-420e-96dd-cc603eda7741:192.168.151.92:44243] with ContainerStateMachine:uninitialized
2019-09-17 03:21:07,788 [pool-87-thread-1] INFO  server.RaftServerConfigKeys (ConfUtils.java:logGet(43)) - raft.server.rpc.timeout.min = 5s (custom)
2019-09-17 03:21:07,788 [pool-67-thread-1] INFO  server.RaftServerConfigKeys (ConfUtils.java:logGet(43)) - raft.server.storage.dir = [/workdir/hadoop-ozone/integration-test/target/test-dir/MiniOzoneClusterImpl-1016471a-d40a-48f2-8884-b9093ef4fa4a/datanode-4/data/ratis] (custom)
2019-09-17 03:21:07,789 [pool-87-thread-1] INFO  server.RaftServerConfigKeys (ConfUtils.java:logGet(43)) - raft.server.rpc.timeout.max = 5200ms (custom)
2019-09-17 03:21:07,789 [pool-87-thread-1] INFO  server.RaftServerConfigKeys (ConfUtils.java:logGet(43)) - raft.server.rpcslowness.timeout = 120s (custom)
2019-09-17 03:21:07,789 [pool-87-thread-1] INFO  server.RaftServerConfigKeys (ConfUtils.java:logGet(43)) - raft.server.sleep.deviation.threshold = 300 (default)
2019-09-17 03:21:07,789 [pool-67-thread-1] INFO  storage.RaftStorageDirectory (RaftStorageDirectory.java:analyzeStorage(246)) - The storage directory /workdir/hadoop-ozone/integration-test/target/test-dir/MiniOzoneClusterImpl-1016471a-d40a-48f2-8884-b9093ef4fa4a/datanode-4/data/ratis/1154e060-f3f9-4071-892f-ecfe57fbc26d does not exist. Creating ...
2019-09-17 03:21:07,789 [pool-27-thread-1] INFO  impl.RaftServerImpl (RaftServerImpl.java:<init>(95)) - 12c7e022-5f96-4d2f-bd6c-0cb832bfe0bc: new RaftServerImpl for group-ECFE57FBC26D:[ae9625dc-248e-414f-955f-fccc978916e7:192.168.151.92:37052, 12c7e022-5f96-4d2f-bd6c-0cb832bfe0bc:192.168.151.92:41586, 1b957291-fe5b-420e-96dd-cc603eda7741:192.168.151.92:44243] with ContainerStateMachine:uninitialized
2019-09-17 03:21:07,789 [pool-87-thread-1] INFO  server.RaftServerConfigKeys (ConfUtils.java:logGet(43)) - raft.server.log.appender.install.snapshot.enabled = false (custom)
2019-09-17 03:21:07,790 [pool-27-thread-1] INFO  server.RaftServerConfigKeys (ConfUtils.java:logGet(43)) - raft.server.rpc.timeout.min = 5s (custom)
2019-09-17 03:21:07,790 [pool-87-thread-1] INFO  impl.RaftServerImpl (ServerState.java:<init>(103)) - 1b957291-fe5b-420e-96dd-cc603eda7741@group-ECFE57FBC26D: ConfigurationManager, init=-1: [ae9625dc-248e-414f-955f-fccc978916e7:192.168.151.92:37052, 12c7e022-5f96-4d2f-bd6c-0cb832bfe0bc:192.168.151.92:41586, 1b957291-fe5b-420e-96dd-cc603eda7741:192.168.151.92:44243], old=null, confs=<EMPTY_MAP>
2019-09-17 03:21:07,790 [pool-27-thread-1] INFO  server.RaftServerConfigKeys (ConfUtils.java:logGet(43)) - raft.server.rpc.timeout.max = 5200ms (custom)
2019-09-17 03:21:07,790 [pool-87-thread-1] INFO  server.RaftServerConfigKeys (ConfUtils.java:logGet(43)) - raft.server.storage.dir = [/workdir/hadoop-ozone/integration-test/target/test-dir/MiniOzoneClusterImpl-1016471a-d40a-48f2-8884-b9093ef4fa4a/datanode-6/data/ratis] (custom)
2019-09-17 03:21:07,790 [pool-27-thread-1] INFO  server.RaftServerConfigKeys (ConfUtils.java:logGet(43)) - raft.server.rpcslowness.timeout = 120s (custom)
2019-09-17 03:21:07,790 [pool-27-thread-1] INFO  server.RaftServerConfigKeys (ConfUtils.java:logGet(43)) - raft.server.sleep.deviation.threshold = 300 (default)
2019-09-17 03:21:07,790 [pool-87-thread-1] INFO  storage.RaftStorageDirectory (RaftStorageDirectory.java:analyzeStorage(246)) - The storage directory /workdir/hadoop-ozone/integration-test/target/test-dir/MiniOzoneClusterImpl-1016471a-d40a-48f2-8884-b9093ef4fa4a/datanode-6/data/ratis/1154e060-f3f9-4071-892f-ecfe57fbc26d does not exist. Creating ...
2019-09-17 03:21:07,791 [pool-27-thread-1] INFO  server.RaftServerConfigKeys (ConfUtils.java:logGet(43)) - raft.server.log.appender.install.snapshot.enabled = false (custom)
2019-09-17 03:21:07,791 [pool-27-thread-1] INFO  impl.RaftServerImpl (ServerState.java:<init>(103)) - 12c7e022-5f96-4d2f-bd6c-0cb832bfe0bc@group-ECFE57FBC26D: ConfigurationManager, init=-1: [ae9625dc-248e-414f-955f-fccc978916e7:192.168.151.92:37052, 12c7e022-5f96-4d2f-bd6c-0cb832bfe0bc:192.168.151.92:41586, 1b957291-fe5b-420e-96dd-cc603eda7741:192.168.151.92:44243], old=null, confs=<EMPTY_MAP>
2019-09-17 03:21:07,791 [pool-27-thread-1] INFO  server.RaftServerConfigKeys (ConfUtils.java:logGet(43)) - raft.server.storage.dir = [/workdir/hadoop-ozone/integration-test/target/test-dir/MiniOzoneClusterImpl-1016471a-d40a-48f2-8884-b9093ef4fa4a/datanode-0/data/ratis] (custom)
2019-09-17 03:21:07,791 [pool-27-thread-1] INFO  storage.RaftStorageDirectory (RaftStorageDirectory.java:analyzeStorage(246)) - The storage directory /workdir/hadoop-ozone/integration-test/target/test-dir/MiniOzoneClusterImpl-1016471a-d40a-48f2-8884-b9093ef4fa4a/datanode-0/data/ratis/1154e060-f3f9-4071-892f-ecfe57fbc26d does not exist. Creating ...
2019-09-17 03:21:07,803 [pool-27-thread-1] INFO  storage.RaftStorageDirectory (RaftStorageDirectory.java:tryLock(328)) - Lock on /workdir/hadoop-ozone/integration-test/target/test-dir/MiniOzoneClusterImpl-1016471a-d40a-48f2-8884-b9093ef4fa4a/datanode-0/data/ratis/1154e060-f3f9-4071-892f-ecfe57fbc26d/in_use.lock acquired by nodename 30529@pr-hdds-2139-j8dx6-1450124282
2019-09-17 03:21:07,803 [pool-67-thread-1] INFO  storage.RaftStorageDirectory (RaftStorageDirectory.java:tryLock(328)) - Lock on /workdir/hadoop-ozone/integration-test/target/test-dir/MiniOzoneClusterImpl-1016471a-d40a-48f2-8884-b9093ef4fa4a/datanode-4/data/ratis/1154e060-f3f9-4071-892f-ecfe57fbc26d/in_use.lock acquired by nodename 30529@pr-hdds-2139-j8dx6-1450124282
2019-09-17 03:21:07,803 [pool-87-thread-1] INFO  storage.RaftStorageDirectory (RaftStorageDirectory.java:tryLock(328)) - Lock on /workdir/hadoop-ozone/integration-test/target/test-dir/MiniOzoneClusterImpl-1016471a-d40a-48f2-8884-b9093ef4fa4a/datanode-6/data/ratis/1154e060-f3f9-4071-892f-ecfe57fbc26d/in_use.lock acquired by nodename 30529@pr-hdds-2139-j8dx6-1450124282
2019-09-17 03:21:07,817 [pool-67-thread-1] INFO  storage.RaftStorage (RaftStorage.java:format(72)) - Storage directory /workdir/hadoop-ozone/integration-test/target/test-dir/MiniOzoneClusterImpl-1016471a-d40a-48f2-8884-b9093ef4fa4a/datanode-4/data/ratis/1154e060-f3f9-4071-892f-ecfe57fbc26d has been successfully formatted.
2019-09-17 03:21:07,817 [pool-87-thread-1] INFO  storage.RaftStorage (RaftStorage.java:format(72)) - Storage directory /workdir/hadoop-ozone/integration-test/target/test-dir/MiniOzoneClusterImpl-1016471a-d40a-48f2-8884-b9093ef4fa4a/datanode-6/data/ratis/1154e060-f3f9-4071-892f-ecfe57fbc26d has been successfully formatted.
2019-09-17 03:21:07,817 [pool-27-thread-1] INFO  storage.RaftStorage (RaftStorage.java:format(72)) - Storage directory /workdir/hadoop-ozone/integration-test/target/test-dir/MiniOzoneClusterImpl-1016471a-d40a-48f2-8884-b9093ef4fa4a/datanode-0/data/ratis/1154e060-f3f9-4071-892f-ecfe57fbc26d has been successfully formatted.
2019-09-17 03:21:07,818 [pool-87-thread-1] INFO  ratis.ContainerStateMachine (ContainerStateMachine.java:loadSnapshot(230)) - group-ECFE57FBC26D: The snapshot info is null. Setting the last applied indexto:(t:0, i:~)
2019-09-17 03:21:07,818 [pool-27-thread-1] INFO  ratis.ContainerStateMachine (ContainerStateMachine.java:loadSnapshot(230)) - group-ECFE57FBC26D: The snapshot info is null. Setting the last applied indexto:(t:0, i:~)
2019-09-17 03:21:07,818 [pool-67-thread-1] INFO  ratis.ContainerStateMachine (ContainerStateMachine.java:loadSnapshot(230)) - group-ECFE57FBC26D: The snapshot info is null. Setting the last applied indexto:(t:0, i:~)
2019-09-17 03:21:07,818 [pool-27-thread-1] INFO  server.RaftServerConfigKeys (ConfUtils.java:logGet(43)) - raft.server.notification.no-leader.timeout = 120s (custom)
2019-09-17 03:21:07,818 [pool-87-thread-1] INFO  server.RaftServerConfigKeys (ConfUtils.java:logGet(43)) - raft.server.notification.no-leader.timeout = 120s (custom)
2019-09-17 03:21:07,818 [pool-27-thread-1] INFO  server.RaftServerConfigKeys (ConfUtils.java:logGet(43)) - raft.server.log.use.memory = false (default)
2019-09-17 03:21:07,818 [pool-67-thread-1] INFO  server.RaftServerConfigKeys (ConfUtils.java:logGet(43)) - raft.server.notification.no-leader.timeout = 120s (custom)
2019-09-17 03:21:07,819 [pool-27-thread-1] INFO  server.RaftServerConfigKeys (ConfUtils.java:logGet(43)) - raft.server.log.purge.gap = 1000000 (custom)
2019-09-17 03:21:07,819 [pool-87-thread-1] INFO  server.RaftServerConfigKeys (ConfUtils.java:logGet(43)) - raft.server.log.use.memory = false (default)
2019-09-17 03:21:07,819 [pool-27-thread-1] INFO  server.RaftServerConfigKeys (ConfUtils.java:logGet(43)) - raft.server.log.appender.buffer.byte-limit = 33554432 (custom)
2019-09-17 03:21:07,819 [pool-67-thread-1] INFO  server.RaftServerConfigKeys (ConfUtils.java:logGet(43)) - raft.server.log.use.memory = false (default)
2019-09-17 03:21:07,820 [pool-27-thread-1] INFO  server.RaftServerConfigKeys (ConfUtils.java:logGet(43)) - raft.server.log.segment.size.max = 1048576 (custom)
2019-09-17 03:21:07,819 [pool-87-thread-1] INFO  server.RaftServerConfigKeys (ConfUtils.java:logGet(43)) - raft.server.log.purge.gap = 1000000 (custom)
2019-09-17 03:21:07,820 [pool-27-thread-1] INFO  server.RaftServerConfigKeys (ConfUtils.java:logGet(43)) - raft.server.log.segment.cache.num.max = 2 (custom)
2019-09-17 03:21:07,820 [pool-67-thread-1] INFO  server.RaftServerConfigKeys (ConfUtils.java:logGet(43)) - raft.server.log.purge.gap = 1000000 (custom)
2019-09-17 03:21:07,820 [pool-27-thread-1] INFO  segmented.SegmentedRaftLogWorker (SegmentedRaftLogWorker.java:<init>(172)) - new 12c7e022-5f96-4d2f-bd6c-0cb832bfe0bc@group-ECFE57FBC26D-SegmentedRaftLogWorker for RaftStorage:Storage Directory /workdir/hadoop-ozone/integration-test/target/test-dir/MiniOzoneClusterImpl-1016471a-d40a-48f2-8884-b9093ef4fa4a/datanode-0/data/ratis/1154e060-f3f9-4071-892f-ecfe57fbc26d
2019-09-17 03:21:07,820 [pool-87-thread-1] INFO  server.RaftServerConfigKeys (ConfUtils.java:logGet(43)) - raft.server.log.appender.buffer.byte-limit = 33554432 (custom)
2019-09-17 03:21:07,821 [pool-27-thread-1] INFO  server.RaftServerConfigKeys (ConfUtils.java:logGet(43)) - raft.server.log.queue.byte-limit = 2147483647 (custom)
2019-09-17 03:21:07,820 [pool-67-thread-1] INFO  server.RaftServerConfigKeys (ConfUtils.java:logGet(43)) - raft.server.log.appender.buffer.byte-limit = 33554432 (custom)
2019-09-17 03:21:07,821 [pool-27-thread-1] INFO  server.RaftServerConfigKeys (ConfUtils.java:logGet(43)) - raft.server.log.queue.element-limit = 1024 (custom)
2019-09-17 03:21:07,821 [pool-87-thread-1] INFO  server.RaftServerConfigKeys (ConfUtils.java:logGet(43)) - raft.server.log.segment.size.max = 1048576 (custom)
2019-09-17 03:21:07,821 [pool-27-thread-1] INFO  server.RaftServerConfigKeys (ConfUtils.java:logGet(43)) - raft.server.log.segment.size.max = 1048576 (custom)
2019-09-17 03:21:07,821 [pool-67-thread-1] INFO  server.RaftServerConfigKeys (ConfUtils.java:logGet(43)) - raft.server.log.segment.size.max = 1048576 (custom)
2019-09-17 03:21:07,822 [pool-27-thread-1] INFO  server.RaftServerConfigKeys (ConfUtils.java:logGet(43)) - raft.server.log.preallocated.size = 16384 (custom)
2019-09-17 03:21:07,821 [pool-87-thread-1] INFO  server.RaftServerConfigKeys (ConfUtils.java:logGet(43)) - raft.server.log.segment.cache.num.max = 2 (custom)
2019-09-17 03:21:07,822 [pool-27-thread-1] INFO  server.RaftServerConfigKeys (ConfUtils.java:logGet(43)) - raft.server.log.write.buffer.size = 33554432 (custom)
2019-09-17 03:21:07,822 [pool-67-thread-1] INFO  server.RaftServerConfigKeys (ConfUtils.java:logGet(43)) - raft.server.log.segment.cache.num.max = 2 (custom)
2019-09-17 03:21:07,822 [pool-27-thread-1] INFO  server.RaftServerConfigKeys (ConfUtils.java:logGet(43)) - raft.server.log.force.sync.num = 128 (default)
2019-09-17 03:21:07,822 [pool-27-thread-1] INFO  server.RaftServerConfigKeys (ConfUtils.java:logGet(43)) - raft.server.log.statemachine.data.sync = true (default)
2019-09-17 03:21:07,822 [pool-87-thread-1] INFO  segmented.SegmentedRaftLogWorker (SegmentedRaftLogWorker.java:<init>(172)) - new 1b957291-fe5b-420e-96dd-cc603eda7741@group-ECFE57FBC26D-SegmentedRaftLogWorker for RaftStorage:Storage Directory /workdir/hadoop-ozone/integration-test/target/test-dir/MiniOzoneClusterImpl-1016471a-d40a-48f2-8884-b9093ef4fa4a/datanode-6/data/ratis/1154e060-f3f9-4071-892f-ecfe57fbc26d
2019-09-17 03:21:07,823 [pool-27-thread-1] INFO  server.RaftServerConfigKeys (ConfUtils.java:logGet(43)) - raft.server.log.statemachine.data.sync.timeout = 10s (default)
2019-09-17 03:21:07,822 [pool-67-thread-1] INFO  segmented.SegmentedRaftLogWorker (SegmentedRaftLogWorker.java:<init>(172)) - new ae9625dc-248e-414f-955f-fccc978916e7@group-ECFE57FBC26D-SegmentedRaftLogWorker for RaftStorage:Storage Directory /workdir/hadoop-ozone/integration-test/target/test-dir/MiniOzoneClusterImpl-1016471a-d40a-48f2-8884-b9093ef4fa4a/datanode-4/data/ratis/1154e060-f3f9-4071-892f-ecfe57fbc26d
2019-09-17 03:21:07,823 [pool-27-thread-1] INFO  server.RaftServerConfigKeys (ConfUtils.java:logGet(43)) - raft.server.log.statemachine.data.sync.timeout.retry = -1 (default)
2019-09-17 03:21:07,823 [pool-87-thread-1] INFO  server.RaftServerConfigKeys (ConfUtils.java:logGet(43)) - raft.server.log.queue.byte-limit = 2147483647 (custom)
2019-09-17 03:21:07,823 [pool-27-thread-1] INFO  server.RaftServerConfigKeys (ConfUtils.java:logGet(43)) - raft.server.log.statemachine.data.caching.enabled = true (custom)
2019-09-17 03:21:07,823 [pool-67-thread-1] INFO  server.RaftServerConfigKeys (ConfUtils.java:logGet(43)) - raft.server.log.queue.byte-limit = 2147483647 (custom)
2019-09-17 03:21:07,823 [pool-87-thread-1] INFO  server.RaftServerConfigKeys (ConfUtils.java:logGet(43)) - raft.server.log.queue.element-limit = 1024 (custom)
2019-09-17 03:21:07,824 [pool-27-thread-1] INFO  segmented.SegmentedRaftLogWorker (SegmentedRaftLogWorker.java:lambda$new$0(132)) - 12c7e022-5f96-4d2f-bd6c-0cb832bfe0bc@group-ECFE57FBC26D-SegmentedRaftLogWorker: flushIndex: setUnconditionally 0 -> -1
2019-09-17 03:21:07,824 [pool-67-thread-1] INFO  server.RaftServerConfigKeys (ConfUtils.java:logGet(43)) - raft.server.log.queue.element-limit = 1024 (custom)
2019-09-17 03:21:07,824 [pool-87-thread-1] INFO  server.RaftServerConfigKeys (ConfUtils.java:logGet(43)) - raft.server.log.segment.size.max = 1048576 (custom)
2019-09-17 03:21:07,824 [pool-27-thread-1] INFO  server.RaftServerConfigKeys (ConfUtils.java:logGet(43)) - raft.server.snapshot.auto.trigger.enabled = true (custom)
2019-09-17 03:21:07,824 [pool-67-thread-1] INFO  server.RaftServerConfigKeys (ConfUtils.java:logGet(43)) - raft.server.log.segment.size.max = 1048576 (custom)
2019-09-17 03:21:07,825 [pool-27-thread-1] INFO  server.RaftServerConfigKeys (ConfUtils.java:logGet(43)) - raft.server.snapshot.auto.trigger.threshold = 10000 (custom)
2019-09-17 03:21:07,825 [pool-27-thread-1] INFO  server.RaftServerConfigKeys (ConfUtils.java:logGet(43)) - raft.server.snapshot.retention.num.files = 5 (custom)
2019-09-17 03:21:07,824 [pool-87-thread-1] INFO  server.RaftServerConfigKeys (ConfUtils.java:logGet(43)) - raft.server.log.preallocated.size = 16384 (custom)
2019-09-17 03:21:07,825 [pool-27-thread-1] INFO  server.RaftServerConfigKeys (ConfUtils.java:logGet(43)) - raft.server.retrycache.expirytime = 600000ms (custom)
2019-09-17 03:21:07,825 [pool-67-thread-1] INFO  server.RaftServerConfigKeys (ConfUtils.java:logGet(43)) - raft.server.log.preallocated.size = 16384 (custom)
2019-09-17 03:21:07,825 [pool-87-thread-1] INFO  server.RaftServerConfigKeys (ConfUtils.java:logGet(43)) - raft.server.log.write.buffer.size = 33554432 (custom)
2019-09-17 03:21:07,826 [pool-67-thread-1] INFO  server.RaftServerConfigKeys (ConfUtils.java:logGet(43)) - raft.server.log.write.buffer.size = 33554432 (custom)
2019-09-17 03:21:07,826 [pool-87-thread-1] INFO  server.RaftServerConfigKeys (ConfUtils.java:logGet(43)) - raft.server.log.force.sync.num = 128 (default)
2019-09-17 03:21:07,826 [pool-67-thread-1] INFO  server.RaftServerConfigKeys (ConfUtils.java:logGet(43)) - raft.server.log.force.sync.num = 128 (default)
2019-09-17 03:21:07,826 [pool-87-thread-1] INFO  server.RaftServerConfigKeys (ConfUtils.java:logGet(43)) - raft.server.log.statemachine.data.sync = true (default)
2019-09-17 03:21:07,826 [pool-67-thread-1] INFO  server.RaftServerConfigKeys (ConfUtils.java:logGet(43)) - raft.server.log.statemachine.data.sync = true (default)
2019-09-17 03:21:07,826 [pool-87-thread-1] INFO  server.RaftServerConfigKeys (ConfUtils.java:logGet(43)) - raft.server.log.statemachine.data.sync.timeout = 10s (default)
2019-09-17 03:21:07,827 [pool-67-thread-1] INFO  server.RaftServerConfigKeys (ConfUtils.java:logGet(43)) - raft.server.log.statemachine.data.sync.timeout = 10s (default)
2019-09-17 03:21:07,827 [pool-87-thread-1] INFO  server.RaftServerConfigKeys (ConfUtils.java:logGet(43)) - raft.server.log.statemachine.data.sync.timeout.retry = -1 (default)
2019-09-17 03:21:07,827 [pool-67-thread-1] INFO  server.RaftServerConfigKeys (ConfUtils.java:logGet(43)) - raft.server.log.statemachine.data.sync.timeout.retry = -1 (default)
2019-09-17 03:21:07,827 [pool-87-thread-1] INFO  server.RaftServerConfigKeys (ConfUtils.java:logGet(43)) - raft.server.log.statemachine.data.caching.enabled = true (custom)
2019-09-17 03:21:07,827 [pool-67-thread-1] INFO  server.RaftServerConfigKeys (ConfUtils.java:logGet(43)) - raft.server.log.statemachine.data.caching.enabled = true (custom)
2019-09-17 03:21:07,828 [pool-87-thread-1] INFO  segmented.SegmentedRaftLogWorker (SegmentedRaftLogWorker.java:lambda$new$0(132)) - 1b957291-fe5b-420e-96dd-cc603eda7741@group-ECFE57FBC26D-SegmentedRaftLogWorker: flushIndex: setUnconditionally 0 -> -1
2019-09-17 03:21:07,828 [pool-67-thread-1] INFO  segmented.SegmentedRaftLogWorker (SegmentedRaftLogWorker.java:lambda$new$0(132)) - ae9625dc-248e-414f-955f-fccc978916e7@group-ECFE57FBC26D-SegmentedRaftLogWorker: flushIndex: setUnconditionally 0 -> -1
2019-09-17 03:21:07,828 [pool-87-thread-1] INFO  server.RaftServerConfigKeys (ConfUtils.java:logGet(43)) - raft.server.snapshot.auto.trigger.enabled = true (custom)
2019-09-17 03:21:07,828 [pool-67-thread-1] INFO  server.RaftServerConfigKeys (ConfUtils.java:logGet(43)) - raft.server.snapshot.auto.trigger.enabled = true (custom)
2019-09-17 03:21:07,828 [pool-87-thread-1] INFO  server.RaftServerConfigKeys (ConfUtils.java:logGet(43)) - raft.server.snapshot.auto.trigger.threshold = 10000 (custom)
2019-09-17 03:21:07,828 [pool-67-thread-1] INFO  server.RaftServerConfigKeys (ConfUtils.java:logGet(43)) - raft.server.snapshot.auto.trigger.threshold = 10000 (custom)
2019-09-17 03:21:07,828 [pool-87-thread-1] INFO  server.RaftServerConfigKeys (ConfUtils.java:logGet(43)) - raft.server.snapshot.retention.num.files = 5 (custom)
2019-09-17 03:21:07,829 [pool-67-thread-1] INFO  server.RaftServerConfigKeys (ConfUtils.java:logGet(43)) - raft.server.snapshot.retention.num.files = 5 (custom)
2019-09-17 03:21:07,829 [pool-87-thread-1] INFO  server.RaftServerConfigKeys (ConfUtils.java:logGet(43)) - raft.server.retrycache.expirytime = 600000ms (custom)
2019-09-17 03:21:07,829 [pool-67-thread-1] INFO  server.RaftServerConfigKeys (ConfUtils.java:logGet(43)) - raft.server.retrycache.expirytime = 600000ms (custom)
2019-09-17 03:21:07,829 [pool-27-thread-1] INFO  impl.RaftServerImpl (RaftServerImpl.java:start(185)) - 12c7e022-5f96-4d2f-bd6c-0cb832bfe0bc@group-ECFE57FBC26D: start as a follower, conf=-1: [ae9625dc-248e-414f-955f-fccc978916e7:192.168.151.92:37052, 12c7e022-5f96-4d2f-bd6c-0cb832bfe0bc:192.168.151.92:41586, 1b957291-fe5b-420e-96dd-cc603eda7741:192.168.151.92:44243], old=null
2019-09-17 03:21:07,829 [pool-27-thread-1] INFO  impl.RaftServerImpl (RaftServerImpl.java:setRole(174)) - 12c7e022-5f96-4d2f-bd6c-0cb832bfe0bc@group-ECFE57FBC26D: changes role from      null to FOLLOWER at term 0 for startAsFollower
2019-09-17 03:21:07,830 [pool-27-thread-1] INFO  impl.RoleInfo (RoleInfo.java:updateAndGet(143)) - 12c7e022-5f96-4d2f-bd6c-0cb832bfe0bc: start FollowerState
2019-09-17 03:21:07,830 [pool-27-thread-1] INFO  util.JmxRegister (JmxRegister.java:tryRegister(44)) - Successfully registered JMX Bean with object name Ratis:service=RaftServer,group=group-ECFE57FBC26D,id=12c7e022-5f96-4d2f-bd6c-0cb832bfe0bc
2019-09-17 03:21:07,833 [pool-87-thread-1] INFO  impl.RaftServerImpl (RaftServerImpl.java:start(185)) - 1b957291-fe5b-420e-96dd-cc603eda7741@group-ECFE57FBC26D: start as a follower, conf=-1: [ae9625dc-248e-414f-955f-fccc978916e7:192.168.151.92:37052, 12c7e022-5f96-4d2f-bd6c-0cb832bfe0bc:192.168.151.92:41586, 1b957291-fe5b-420e-96dd-cc603eda7741:192.168.151.92:44243], old=null
2019-09-17 03:21:07,833 [pool-87-thread-1] INFO  impl.RaftServerImpl (RaftServerImpl.java:setRole(174)) - 1b957291-fe5b-420e-96dd-cc603eda7741@group-ECFE57FBC26D: changes role from      null to FOLLOWER at term 0 for startAsFollower
2019-09-17 03:21:07,833 [pool-67-thread-1] INFO  impl.RaftServerImpl (RaftServerImpl.java:start(185)) - ae9625dc-248e-414f-955f-fccc978916e7@group-ECFE57FBC26D: start as a follower, conf=-1: [ae9625dc-248e-414f-955f-fccc978916e7:192.168.151.92:37052, 12c7e022-5f96-4d2f-bd6c-0cb832bfe0bc:192.168.151.92:41586, 1b957291-fe5b-420e-96dd-cc603eda7741:192.168.151.92:44243], old=null
2019-09-17 03:21:07,833 [pool-87-thread-1] INFO  impl.RoleInfo (RoleInfo.java:updateAndGet(143)) - 1b957291-fe5b-420e-96dd-cc603eda7741: start FollowerState
2019-09-17 03:21:07,833 [pool-67-thread-1] INFO  impl.RaftServerImpl (RaftServerImpl.java:setRole(174)) - ae9625dc-248e-414f-955f-fccc978916e7@group-ECFE57FBC26D: changes role from      null to FOLLOWER at term 0 for startAsFollower
2019-09-17 03:21:07,833 [pool-67-thread-1] INFO  impl.RoleInfo (RoleInfo.java:updateAndGet(143)) - ae9625dc-248e-414f-955f-fccc978916e7: start FollowerState
2019-09-17 03:21:07,834 [pool-87-thread-1] INFO  util.JmxRegister (JmxRegister.java:tryRegister(44)) - Successfully registered JMX Bean with object name Ratis:service=RaftServer,group=group-ECFE57FBC26D,id=1b957291-fe5b-420e-96dd-cc603eda7741
2019-09-17 03:21:07,834 [pool-67-thread-1] INFO  util.JmxRegister (JmxRegister.java:tryRegister(44)) - Successfully registered JMX Bean with object name Ratis:service=RaftServer,group=group-ECFE57FBC26D,id=ae9625dc-248e-414f-955f-fccc978916e7
2019-09-17 03:21:07,836 [RatisPipelineUtilsThread] INFO  pipeline.PipelineStateManager (PipelineStateManager.java:addPipeline(56)) - Created pipeline Pipeline[ Id: 1154e060-f3f9-4071-892f-ecfe57fbc26d, Nodes: ae9625dc-248e-414f-955f-fccc978916e7{ip: 192.168.151.92, host: pr-hdds-2139-j8dx6-1450124282, networkLocation: /default-rack, certSerialId: null}1b957291-fe5b-420e-96dd-cc603eda7741{ip: 192.168.151.92, host: pr-hdds-2139-j8dx6-1450124282, networkLocation: /default-rack, certSerialId: null}12c7e022-5f96-4d2f-bd6c-0cb832bfe0bc{ip: 192.168.151.92, host: pr-hdds-2139-j8dx6-1450124282, networkLocation: /default-rack, certSerialId: null}, Type:RATIS, Factor:THREE, State:OPEN]
2019-09-17 03:21:08,105 [main] WARN  io.KeyOutputStream (KeyOutputStream.java:handleException(276)) - Encountered exception java.io.IOException: Unexpected Storage Container Exception: java.util.concurrent.CompletionException: java.util.concurrent.CompletionException: org.apache.ratis.protocol.GroupMismatchException: 1b957291-fe5b-420e-96dd-cc603eda7741: group-32A3D63B87B7 not found. on the pipeline Pipeline[ Id: da3501bf-00c7-4d77-b6e8-32a3d63b87b7, Nodes: ae9625dc-248e-414f-955f-fccc978916e7{ip: 192.168.151.92, host: pr-hdds-2139-j8dx6-1450124282, networkLocation: /default-rack, certSerialId: null}1b957291-fe5b-420e-96dd-cc603eda7741{ip: 192.168.151.92, host: pr-hdds-2139-j8dx6-1450124282, networkLocation: /default-rack, certSerialId: null}12c7e022-5f96-4d2f-bd6c-0cb832bfe0bc{ip: 192.168.151.92, host: pr-hdds-2139-j8dx6-1450124282, networkLocation: /default-rack, certSerialId: null}, Type:RATIS, Factor:THREE, State:OPEN]. The last committed block length is 0, uncommitted data length is 150 retry count 0
2019-09-17 03:21:08,299 [grpc-default-executor-2] INFO  client.GrpcClientProtocolClient (GrpcClientProtocolClient.java:onNext(264)) - client-FCF838B3A418->2a454ec2-3cfa-49cf-9003-841835eb2002: receive RaftClientReply:client-FCF838B3A418->2a454ec2-3cfa-49cf-9003-841835eb2002@group-89364A117DE9, cid=30, SUCCESS, logIndex=7, commits[2a454ec2-3cfa-49cf-9003-841835eb2002:c7, fb5c35a7-52ed-48ed-856a-22aafd4627bf:c6, f255fb19-c941-42ad-8caf-606d85b027b3:c6]
2019-09-17 03:21:08,333 [grpc-default-executor-4] INFO  client.GrpcClientProtocolClient (GrpcClientProtocolClient.java:onNext(264)) - client-FCF838B3A418->2a454ec2-3cfa-49cf-9003-841835eb2002: receive RaftClientReply:client-FCF838B3A418->2a454ec2-3cfa-49cf-9003-841835eb2002@group-89364A117DE9, cid=31, SUCCESS, logIndex=9, commits[2a454ec2-3cfa-49cf-9003-841835eb2002:c10, fb5c35a7-52ed-48ed-856a-22aafd4627bf:c8, f255fb19-c941-42ad-8caf-606d85b027b3:c8]
2019-09-17 03:21:08,371 [grpc-default-executor-4] INFO  client.GrpcClientProtocolClient (GrpcClientProtocolClient.java:onNext(264)) - client-FCF838B3A418->2a454ec2-3cfa-49cf-9003-841835eb2002: receive RaftClientReply:client-FCF838B3A418->2a454ec2-3cfa-49cf-9003-841835eb2002@group-89364A117DE9, cid=32, SUCCESS, logIndex=10, commits[2a454ec2-3cfa-49cf-9003-841835eb2002:c12, fb5c35a7-52ed-48ed-856a-22aafd4627bf:c10, f255fb19-c941-42ad-8caf-606d85b027b3:c10]
]]></system-out>
  </testcase>
  <testcase name="testFullBufferCondition" classname="org.apache.hadoop.ozone.client.rpc.TestBlockOutputStream" time="187.233">
    <failure type="java.lang.AssertionError">java.lang.AssertionError
	at org.junit.Assert.fail(Assert.java:86)
	at org.junit.Assert.assertTrue(Assert.java:41)
	at org.junit.Assert.assertTrue(Assert.java:52)
	at org.apache.hadoop.ozone.client.rpc.TestBlockOutputStream.testFullBufferCondition(TestBlockOutputStream.java:515)
	at sun.reflect.NativeMethodAccessorImpl.invoke0(Native Method)
	at sun.reflect.NativeMethodAccessorImpl.invoke(NativeMethodAccessorImpl.java:62)
	at sun.reflect.DelegatingMethodAccessorImpl.invoke(DelegatingMethodAccessorImpl.java:43)
	at java.lang.reflect.Method.invoke(Method.java:498)
	at org.junit.runners.model.FrameworkMethod$1.runReflectiveCall(FrameworkMethod.java:47)
	at org.junit.internal.runners.model.ReflectiveCallable.run(ReflectiveCallable.java:12)
	at org.junit.runners.model.FrameworkMethod.invokeExplosively(FrameworkMethod.java:44)
	at org.junit.internal.runners.statements.InvokeMethod.evaluate(InvokeMethod.java:17)
	at org.junit.runners.ParentRunner.runLeaf(ParentRunner.java:271)
	at org.junit.runners.BlockJUnit4ClassRunner.runChild(BlockJUnit4ClassRunner.java:70)
	at org.junit.runners.BlockJUnit4ClassRunner.runChild(BlockJUnit4ClassRunner.java:50)
	at org.junit.runners.ParentRunner$3.run(ParentRunner.java:238)
	at org.junit.runners.ParentRunner$1.schedule(ParentRunner.java:63)
	at org.junit.runners.ParentRunner.runChildren(ParentRunner.java:236)
	at org.junit.runners.ParentRunner.access$000(ParentRunner.java:53)
	at org.junit.runners.ParentRunner$2.evaluate(ParentRunner.java:229)
	at org.junit.internal.runners.statements.RunBefores.evaluate(RunBefores.java:26)
	at org.junit.internal.runners.statements.RunAfters.evaluate(RunAfters.java:27)
	at org.junit.runners.ParentRunner.run(ParentRunner.java:309)
	at org.apache.maven.surefire.junit4.JUnit4Provider.execute(JUnit4Provider.java:365)
	at org.apache.maven.surefire.junit4.JUnit4Provider.executeWithRerun(JUnit4Provider.java:273)
	at org.apache.maven.surefire.junit4.JUnit4Provider.executeTestSet(JUnit4Provider.java:238)
	at org.apache.maven.surefire.junit4.JUnit4Provider.invoke(JUnit4Provider.java:159)
	at org.apache.maven.surefire.booter.ForkedBooter.invokeProviderInSameClassLoader(ForkedBooter.java:384)
	at org.apache.maven.surefire.booter.ForkedBooter.runSuitesInProcess(ForkedBooter.java:345)
	at org.apache.maven.surefire.booter.ForkedBooter.execute(ForkedBooter.java:126)
	at org.apache.maven.surefire.booter.ForkedBooter.main(ForkedBooter.java:418)
</failure>
    <system-out><![CDATA[2019-09-17 03:21:10,246 [grpc-default-executor-4] INFO  impl.RaftServerProxy (RaftServerProxy.java:remove(95)) - ae9625dc-248e-414f-955f-fccc978916e7: remove group-32A3D63B87B7:null
2019-09-17 03:21:10,255 [RatisPipelineUtilsThread] WARN  pipeline.RatisPipelineUtils (RatisPipelineUtils.java:destroyPipeline(66)) - Pipeline destroy failed for pipeline=PipelineID=da3501bf-00c7-4d77-b6e8-32a3d63b87b7 dn=ae9625dc-248e-414f-955f-fccc978916e7{ip: 192.168.151.92, host: pr-hdds-2139-j8dx6-1450124282, networkLocation: /default-rack, certSerialId: null}
2019-09-17 03:21:10,262 [grpc-default-executor-4] INFO  impl.RaftServerProxy (RaftServerProxy.java:remove(95)) - 1b957291-fe5b-420e-96dd-cc603eda7741: remove group-32A3D63B87B7:null
2019-09-17 03:21:10,268 [RatisPipelineUtilsThread] WARN  pipeline.RatisPipelineUtils (RatisPipelineUtils.java:destroyPipeline(66)) - Pipeline destroy failed for pipeline=PipelineID=da3501bf-00c7-4d77-b6e8-32a3d63b87b7 dn=1b957291-fe5b-420e-96dd-cc603eda7741{ip: 192.168.151.92, host: pr-hdds-2139-j8dx6-1450124282, networkLocation: /default-rack, certSerialId: null}
2019-09-17 03:21:10,274 [grpc-default-executor-4] INFO  impl.RaftServerProxy (RaftServerProxy.java:remove(95)) - 12c7e022-5f96-4d2f-bd6c-0cb832bfe0bc: remove group-32A3D63B87B7:null
2019-09-17 03:21:10,280 [RatisPipelineUtilsThread] WARN  pipeline.RatisPipelineUtils (RatisPipelineUtils.java:destroyPipeline(66)) - Pipeline destroy failed for pipeline=PipelineID=da3501bf-00c7-4d77-b6e8-32a3d63b87b7 dn=12c7e022-5f96-4d2f-bd6c-0cb832bfe0bc{ip: 192.168.151.92, host: pr-hdds-2139-j8dx6-1450124282, networkLocation: /default-rack, certSerialId: null}
2019-09-17 03:21:10,280 [RatisPipelineUtilsThread] ERROR pipeline.SCMPipelineManager (Scheduler.java:lambda$schedule$1(70)) - Destroy pipeline failed for pipeline:Pipeline[ Id: da3501bf-00c7-4d77-b6e8-32a3d63b87b7, Nodes: ae9625dc-248e-414f-955f-fccc978916e7{ip: 192.168.151.92, host: pr-hdds-2139-j8dx6-1450124282, networkLocation: /default-rack, certSerialId: null}1b957291-fe5b-420e-96dd-cc603eda7741{ip: 192.168.151.92, host: pr-hdds-2139-j8dx6-1450124282, networkLocation: /default-rack, certSerialId: null}12c7e022-5f96-4d2f-bd6c-0cb832bfe0bc{ip: 192.168.151.92, host: pr-hdds-2139-j8dx6-1450124282, networkLocation: /default-rack, certSerialId: null}, Type:RATIS, Factor:THREE, State:CLOSED]
org.apache.hadoop.hdds.scm.pipeline.PipelineNotFoundException: PipelineID=da3501bf-00c7-4d77-b6e8-32a3d63b87b7 not found
	at org.apache.hadoop.hdds.scm.pipeline.PipelineStateMap.getPipeline(PipelineStateMap.java:132)
	at org.apache.hadoop.hdds.scm.pipeline.PipelineStateMap.removePipeline(PipelineStateMap.java:322)
	at org.apache.hadoop.hdds.scm.pipeline.PipelineStateManager.removePipeline(PipelineStateManager.java:107)
	at org.apache.hadoop.hdds.scm.pipeline.SCMPipelineManager.removePipeline(SCMPipelineManager.java:423)
	at org.apache.hadoop.hdds.scm.pipeline.SCMPipelineManager.destroyPipeline(SCMPipelineManager.java:409)
	at org.apache.hadoop.hdds.scm.pipeline.SCMPipelineManager.lambda$finalizeAndDestroyPipeline$0(SCMPipelineManager.java:318)
	at org.apache.hadoop.utils.Scheduler.lambda$schedule$1(Scheduler.java:68)
	at java.util.concurrent.Executors$RunnableAdapter.call(Executors.java:511)
	at java.util.concurrent.FutureTask.run(FutureTask.java:266)
	at java.util.concurrent.ScheduledThreadPoolExecutor$ScheduledFutureTask.access$201(ScheduledThreadPoolExecutor.java:180)
	at java.util.concurrent.ScheduledThreadPoolExecutor$ScheduledFutureTask.run(ScheduledThreadPoolExecutor.java:293)
	at java.util.concurrent.ThreadPoolExecutor.runWorker(ThreadPoolExecutor.java:1149)
	at java.util.concurrent.ThreadPoolExecutor$Worker.run(ThreadPoolExecutor.java:624)
	at java.lang.Thread.run(Thread.java:748)
2019-09-17 03:21:11,270 [grpc-default-executor-3] INFO  impl.RaftServerProxy (RaftServerProxy.java:remove(95)) - ae9625dc-248e-414f-955f-fccc978916e7: remove group-32A3D63B87B7:null
2019-09-17 03:21:11,278 [RatisPipelineUtilsThread] WARN  pipeline.RatisPipelineUtils (RatisPipelineUtils.java:destroyPipeline(66)) - Pipeline destroy failed for pipeline=PipelineID=da3501bf-00c7-4d77-b6e8-32a3d63b87b7 dn=ae9625dc-248e-414f-955f-fccc978916e7{ip: 192.168.151.92, host: pr-hdds-2139-j8dx6-1450124282, networkLocation: /default-rack, certSerialId: null}
2019-09-17 03:21:11,298 [grpc-default-executor-3] INFO  impl.RaftServerProxy (RaftServerProxy.java:remove(95)) - 1b957291-fe5b-420e-96dd-cc603eda7741: remove group-32A3D63B87B7:null
2019-09-17 03:21:11,303 [RatisPipelineUtilsThread] WARN  pipeline.RatisPipelineUtils (RatisPipelineUtils.java:destroyPipeline(66)) - Pipeline destroy failed for pipeline=PipelineID=da3501bf-00c7-4d77-b6e8-32a3d63b87b7 dn=1b957291-fe5b-420e-96dd-cc603eda7741{ip: 192.168.151.92, host: pr-hdds-2139-j8dx6-1450124282, networkLocation: /default-rack, certSerialId: null}
2019-09-17 03:21:11,310 [grpc-default-executor-3] INFO  impl.RaftServerProxy (RaftServerProxy.java:remove(95)) - 12c7e022-5f96-4d2f-bd6c-0cb832bfe0bc: remove group-32A3D63B87B7:null
2019-09-17 03:21:11,314 [RatisPipelineUtilsThread] WARN  pipeline.RatisPipelineUtils (RatisPipelineUtils.java:destroyPipeline(66)) - Pipeline destroy failed for pipeline=PipelineID=da3501bf-00c7-4d77-b6e8-32a3d63b87b7 dn=12c7e022-5f96-4d2f-bd6c-0cb832bfe0bc{ip: 192.168.151.92, host: pr-hdds-2139-j8dx6-1450124282, networkLocation: /default-rack, certSerialId: null}
2019-09-17 03:21:11,315 [RatisPipelineUtilsThread] ERROR pipeline.SCMPipelineManager (Scheduler.java:lambda$schedule$1(70)) - Destroy pipeline failed for pipeline:Pipeline[ Id: da3501bf-00c7-4d77-b6e8-32a3d63b87b7, Nodes: ae9625dc-248e-414f-955f-fccc978916e7{ip: 192.168.151.92, host: pr-hdds-2139-j8dx6-1450124282, networkLocation: /default-rack, certSerialId: null}1b957291-fe5b-420e-96dd-cc603eda7741{ip: 192.168.151.92, host: pr-hdds-2139-j8dx6-1450124282, networkLocation: /default-rack, certSerialId: null}12c7e022-5f96-4d2f-bd6c-0cb832bfe0bc{ip: 192.168.151.92, host: pr-hdds-2139-j8dx6-1450124282, networkLocation: /default-rack, certSerialId: null}, Type:RATIS, Factor:THREE, State:CLOSED]
org.apache.hadoop.hdds.scm.pipeline.PipelineNotFoundException: PipelineID=da3501bf-00c7-4d77-b6e8-32a3d63b87b7 not found
	at org.apache.hadoop.hdds.scm.pipeline.PipelineStateMap.getPipeline(PipelineStateMap.java:132)
	at org.apache.hadoop.hdds.scm.pipeline.PipelineStateMap.removePipeline(PipelineStateMap.java:322)
	at org.apache.hadoop.hdds.scm.pipeline.PipelineStateManager.removePipeline(PipelineStateManager.java:107)
	at org.apache.hadoop.hdds.scm.pipeline.SCMPipelineManager.removePipeline(SCMPipelineManager.java:423)
	at org.apache.hadoop.hdds.scm.pipeline.SCMPipelineManager.destroyPipeline(SCMPipelineManager.java:409)
	at org.apache.hadoop.hdds.scm.pipeline.SCMPipelineManager.lambda$finalizeAndDestroyPipeline$0(SCMPipelineManager.java:318)
	at org.apache.hadoop.utils.Scheduler.lambda$schedule$1(Scheduler.java:68)
	at java.util.concurrent.Executors$RunnableAdapter.call(Executors.java:511)
	at java.util.concurrent.FutureTask.run(FutureTask.java:266)
	at java.util.concurrent.ScheduledThreadPoolExecutor$ScheduledFutureTask.access$201(ScheduledThreadPoolExecutor.java:180)
	at java.util.concurrent.ScheduledThreadPoolExecutor$ScheduledFutureTask.run(ScheduledThreadPoolExecutor.java:293)
	at java.util.concurrent.ThreadPoolExecutor.runWorker(ThreadPoolExecutor.java:1149)
	at java.util.concurrent.ThreadPoolExecutor$Worker.run(ThreadPoolExecutor.java:624)
	at java.lang.Thread.run(Thread.java:748)
2019-09-17 03:21:11,409 [java.util.concurrent.ThreadPoolExecutor$Worker@2cfcc4f0[State = -1, empty queue]] WARN  server.GrpcLogAppender (GrpcLogAppender.java:timeoutAppendRequest(200)) - 2a454ec2-3cfa-49cf-9003-841835eb2002@group-89364A117DE9->fb5c35a7-52ed-48ed-856a-22aafd4627bf-GrpcLogAppender: appendEntries Timeout, request=2a454ec2-3cfa-49cf-9003-841835eb2002->fb5c35a7-52ed-48ed-856a-22aafd4627bf#90-t1, previous=(t:1, i:12), leaderCommit=12, initializing? false, entries: size=1, first=(t:1, i:13), STATEMACHINELOGENTRY, client-FCF838B3A418, cid=33
2019-09-17 03:21:11,409 [java.util.concurrent.ThreadPoolExecutor$Worker@200c90e7[State = -1, empty queue]] WARN  server.GrpcLogAppender (GrpcLogAppender.java:timeoutAppendRequest(200)) - 2a454ec2-3cfa-49cf-9003-841835eb2002@group-89364A117DE9->f255fb19-c941-42ad-8caf-606d85b027b3-GrpcLogAppender: appendEntries Timeout, request=2a454ec2-3cfa-49cf-9003-841835eb2002->f255fb19-c941-42ad-8caf-606d85b027b3#90-t1, previous=(t:1, i:12), leaderCommit=12, initializing? false, entries: size=1, first=(t:1, i:13), STATEMACHINELOGENTRY, client-FCF838B3A418, cid=33
2019-09-17 03:21:11,409 [java.util.concurrent.ThreadPoolExecutor$Worker@2cfcc4f0[State = -1, empty queue]] WARN  server.GrpcLogAppender (GrpcLogAppender.java:timeoutAppendRequest(200)) - 2a454ec2-3cfa-49cf-9003-841835eb2002@group-89364A117DE9->fb5c35a7-52ed-48ed-856a-22aafd4627bf-GrpcLogAppender: appendEntries Timeout, request=2a454ec2-3cfa-49cf-9003-841835eb2002->fb5c35a7-52ed-48ed-856a-22aafd4627bf#91-t1, previous=(t:1, i:13), leaderCommit=12, initializing? false, entries: size=1, first=(t:1, i:14), STATEMACHINELOGENTRY, client-FCF838B3A418, cid=34
2019-09-17 03:21:11,410 [java.util.concurrent.ThreadPoolExecutor$Worker@200c90e7[State = -1, empty queue]] WARN  server.GrpcLogAppender (GrpcLogAppender.java:timeoutAppendRequest(200)) - 2a454ec2-3cfa-49cf-9003-841835eb2002@group-89364A117DE9->f255fb19-c941-42ad-8caf-606d85b027b3-GrpcLogAppender: appendEntries Timeout, request=2a454ec2-3cfa-49cf-9003-841835eb2002->f255fb19-c941-42ad-8caf-606d85b027b3#91-t1, previous=(t:1, i:13), leaderCommit=12, initializing? false, entries: size=1, first=(t:1, i:14), STATEMACHINELOGENTRY, client-FCF838B3A418, cid=34
2019-09-17 03:21:11,410 [java.util.concurrent.ThreadPoolExecutor$Worker@2cfcc4f0[State = -1, empty queue]] WARN  server.GrpcLogAppender (GrpcLogAppender.java:timeoutAppendRequest(200)) - 2a454ec2-3cfa-49cf-9003-841835eb2002@group-89364A117DE9->fb5c35a7-52ed-48ed-856a-22aafd4627bf-GrpcLogAppender: appendEntries Timeout, request=2a454ec2-3cfa-49cf-9003-841835eb2002->fb5c35a7-52ed-48ed-856a-22aafd4627bf#92-t1, previous=(t:1, i:14), leaderCommit=12, initializing? false, entries: size=1, first=(t:1, i:15), STATEMACHINELOGENTRY, client-FCF838B3A418, cid=35
2019-09-17 03:21:11,410 [java.util.concurrent.ThreadPoolExecutor$Worker@200c90e7[State = -1, empty queue]] WARN  server.GrpcLogAppender (GrpcLogAppender.java:timeoutAppendRequest(200)) - 2a454ec2-3cfa-49cf-9003-841835eb2002@group-89364A117DE9->f255fb19-c941-42ad-8caf-606d85b027b3-GrpcLogAppender: appendEntries Timeout, request=2a454ec2-3cfa-49cf-9003-841835eb2002->f255fb19-c941-42ad-8caf-606d85b027b3#92-t1, previous=(t:1, i:14), leaderCommit=12, initializing? false, entries: size=1, first=(t:1, i:15), STATEMACHINELOGENTRY, client-FCF838B3A418, cid=35
2019-09-17 03:21:11,411 [java.util.concurrent.ThreadPoolExecutor$Worker@200c90e7[State = -1, empty queue]] WARN  server.GrpcLogAppender (GrpcLogAppender.java:timeoutAppendRequest(200)) - 2a454ec2-3cfa-49cf-9003-841835eb2002@group-89364A117DE9->f255fb19-c941-42ad-8caf-606d85b027b3-GrpcLogAppender: appendEntries Timeout, request=2a454ec2-3cfa-49cf-9003-841835eb2002->f255fb19-c941-42ad-8caf-606d85b027b3#93-t1, previous=(t:1, i:15), leaderCommit=12, initializing? false, entries: size=1, first=(t:1, i:16), STATEMACHINELOGENTRY, client-FCF838B3A418, cid=36
2019-09-17 03:21:11,411 [java.util.concurrent.ThreadPoolExecutor$Worker@2cfcc4f0[State = -1, empty queue]] WARN  server.GrpcLogAppender (GrpcLogAppender.java:timeoutAppendRequest(200)) - 2a454ec2-3cfa-49cf-9003-841835eb2002@group-89364A117DE9->fb5c35a7-52ed-48ed-856a-22aafd4627bf-GrpcLogAppender: appendEntries Timeout, request=2a454ec2-3cfa-49cf-9003-841835eb2002->fb5c35a7-52ed-48ed-856a-22aafd4627bf#93-t1, previous=(t:1, i:15), leaderCommit=12, initializing? false, entries: size=1, first=(t:1, i:16), STATEMACHINELOGENTRY, client-FCF838B3A418, cid=36
2019-09-17 03:21:11,412 [java.util.concurrent.ThreadPoolExecutor$Worker@2cfcc4f0[State = -1, empty queue]] WARN  server.GrpcLogAppender (GrpcLogAppender.java:timeoutAppendRequest(200)) - 2a454ec2-3cfa-49cf-9003-841835eb2002@group-89364A117DE9->fb5c35a7-52ed-48ed-856a-22aafd4627bf-GrpcLogAppender: appendEntries Timeout, request=2a454ec2-3cfa-49cf-9003-841835eb2002->fb5c35a7-52ed-48ed-856a-22aafd4627bf#94-t1, previous=(t:1, i:16), leaderCommit=12, initializing? false, entries: size=1, first=(t:1, i:17), STATEMACHINELOGENTRY, client-FCF838B3A418, cid=37
2019-09-17 03:21:11,412 [java.util.concurrent.ThreadPoolExecutor$Worker@200c90e7[State = -1, empty queue]] WARN  server.GrpcLogAppender (GrpcLogAppender.java:timeoutAppendRequest(200)) - 2a454ec2-3cfa-49cf-9003-841835eb2002@group-89364A117DE9->f255fb19-c941-42ad-8caf-606d85b027b3-GrpcLogAppender: appendEntries Timeout, request=2a454ec2-3cfa-49cf-9003-841835eb2002->f255fb19-c941-42ad-8caf-606d85b027b3#94-t1, previous=(t:1, i:16), leaderCommit=12, initializing? false, entries: size=1, first=(t:1, i:17), STATEMACHINELOGENTRY, client-FCF838B3A418, cid=37
2019-09-17 03:21:11,412 [java.util.concurrent.ThreadPoolExecutor$Worker@2cfcc4f0[State = -1, empty queue]] WARN  server.GrpcLogAppender (GrpcLogAppender.java:timeoutAppendRequest(200)) - 2a454ec2-3cfa-49cf-9003-841835eb2002@group-89364A117DE9->fb5c35a7-52ed-48ed-856a-22aafd4627bf-GrpcLogAppender: appendEntries Timeout, request=2a454ec2-3cfa-49cf-9003-841835eb2002->fb5c35a7-52ed-48ed-856a-22aafd4627bf#95-t1, previous=(t:1, i:17), leaderCommit=12, initializing? false, entries: size=1, first=(t:1, i:18), STATEMACHINELOGENTRY, client-FCF838B3A418, cid=38
2019-09-17 03:21:11,412 [java.util.concurrent.ThreadPoolExecutor$Worker@200c90e7[State = -1, empty queue]] WARN  server.GrpcLogAppender (GrpcLogAppender.java:timeoutAppendRequest(200)) - 2a454ec2-3cfa-49cf-9003-841835eb2002@group-89364A117DE9->f255fb19-c941-42ad-8caf-606d85b027b3-GrpcLogAppender: appendEntries Timeout, request=2a454ec2-3cfa-49cf-9003-841835eb2002->f255fb19-c941-42ad-8caf-606d85b027b3#95-t1, previous=(t:1, i:17), leaderCommit=12, initializing? false, entries: size=1, first=(t:1, i:18), STATEMACHINELOGENTRY, client-FCF838B3A418, cid=38
2019-09-17 03:21:12,872 [Thread-857] INFO  impl.FollowerState (FollowerState.java:run(106)) - ae9625dc-248e-414f-955f-fccc978916e7:group-ECFE57FBC26D changes to CANDIDATE, lastRpcTime:5038, electionTimeout:5038ms
2019-09-17 03:21:12,873 [Thread-857] INFO  impl.RoleInfo (RoleInfo.java:shutdownFollowerState(121)) - ae9625dc-248e-414f-955f-fccc978916e7: shutdown FollowerState
2019-09-17 03:21:12,873 [Thread-857] INFO  impl.RaftServerImpl (RaftServerImpl.java:setRole(174)) - ae9625dc-248e-414f-955f-fccc978916e7@group-ECFE57FBC26D: changes role from  FOLLOWER to CANDIDATE at term 0 for changeToCandidate
2019-09-17 03:21:12,874 [Thread-857] INFO  impl.RoleInfo (RoleInfo.java:updateAndGet(143)) - ae9625dc-248e-414f-955f-fccc978916e7: start LeaderElection
2019-09-17 03:21:12,924 [ae9625dc-248e-414f-955f-fccc978916e7@group-ECFE57FBC26D:LeaderElection14] INFO  impl.LeaderElection (LeaderElection.java:askForVotes(182)) - ae9625dc-248e-414f-955f-fccc978916e7@group-ECFE57FBC26D:LeaderElection14: begin an election at term 1 for -1: [ae9625dc-248e-414f-955f-fccc978916e7:192.168.151.92:37052, 12c7e022-5f96-4d2f-bd6c-0cb832bfe0bc:192.168.151.92:41586, 1b957291-fe5b-420e-96dd-cc603eda7741:192.168.151.92:44243], old=null
2019-09-17 03:21:12,936 [grpc-default-executor-4] INFO  impl.RaftServerImpl (RaftServerImpl.java:setRole(174)) - 12c7e022-5f96-4d2f-bd6c-0cb832bfe0bc@group-ECFE57FBC26D: changes role from  FOLLOWER to FOLLOWER at term 1 for recognizeCandidate:ae9625dc-248e-414f-955f-fccc978916e7
2019-09-17 03:21:12,941 [grpc-default-executor-3] INFO  impl.RaftServerImpl (RaftServerImpl.java:setRole(174)) - 1b957291-fe5b-420e-96dd-cc603eda7741@group-ECFE57FBC26D: changes role from  FOLLOWER to FOLLOWER at term 1 for recognizeCandidate:ae9625dc-248e-414f-955f-fccc978916e7
2019-09-17 03:21:12,941 [grpc-default-executor-4] INFO  impl.RoleInfo (RoleInfo.java:shutdownFollowerState(121)) - 12c7e022-5f96-4d2f-bd6c-0cb832bfe0bc: shutdown FollowerState
2019-09-17 03:21:12,941 [grpc-default-executor-3] INFO  impl.RoleInfo (RoleInfo.java:shutdownFollowerState(121)) - 1b957291-fe5b-420e-96dd-cc603eda7741: shutdown FollowerState
2019-09-17 03:21:12,941 [grpc-default-executor-4] INFO  impl.RoleInfo (RoleInfo.java:updateAndGet(143)) - 12c7e022-5f96-4d2f-bd6c-0cb832bfe0bc: start FollowerState
2019-09-17 03:21:12,942 [Thread-854] INFO  impl.FollowerState (FollowerState.java:run(115)) - 12c7e022-5f96-4d2f-bd6c-0cb832bfe0bc: FollowerState was interrupted: java.lang.InterruptedException: sleep interrupted
2019-09-17 03:21:12,941 [grpc-default-executor-3] INFO  impl.RoleInfo (RoleInfo.java:updateAndGet(143)) - 1b957291-fe5b-420e-96dd-cc603eda7741: start FollowerState
2019-09-17 03:21:12,942 [Thread-856] INFO  impl.FollowerState (FollowerState.java:run(115)) - 1b957291-fe5b-420e-96dd-cc603eda7741: FollowerState was interrupted: java.lang.InterruptedException: sleep interrupted
2019-09-17 03:21:12,965 [ae9625dc-248e-414f-955f-fccc978916e7@group-ECFE57FBC26D:LeaderElection14] INFO  impl.LeaderElection (LeaderElection.java:logAndReturn(56)) - ae9625dc-248e-414f-955f-fccc978916e7@group-ECFE57FBC26D:LeaderElection14: Election PASSED; received 1 response(s) [ae9625dc-248e-414f-955f-fccc978916e7<-12c7e022-5f96-4d2f-bd6c-0cb832bfe0bc#0:OK-t1] and 0 exception(s); ae9625dc-248e-414f-955f-fccc978916e7@group-ECFE57FBC26D:t1, leader=null, voted=ae9625dc-248e-414f-955f-fccc978916e7, raftlog=ae9625dc-248e-414f-955f-fccc978916e7@group-ECFE57FBC26D-SegmentedRaftLog:OPENED:c-1,f-1,i0, conf=-1: [ae9625dc-248e-414f-955f-fccc978916e7:192.168.151.92:37052, 12c7e022-5f96-4d2f-bd6c-0cb832bfe0bc:192.168.151.92:41586, 1b957291-fe5b-420e-96dd-cc603eda7741:192.168.151.92:44243], old=null
2019-09-17 03:21:12,965 [ae9625dc-248e-414f-955f-fccc978916e7@group-ECFE57FBC26D:LeaderElection14] INFO  impl.RoleInfo (RoleInfo.java:shutdownLeaderElection(134)) - ae9625dc-248e-414f-955f-fccc978916e7: shutdown LeaderElection
2019-09-17 03:21:12,965 [ae9625dc-248e-414f-955f-fccc978916e7@group-ECFE57FBC26D:LeaderElection14] INFO  impl.RaftServerImpl (RaftServerImpl.java:setRole(174)) - ae9625dc-248e-414f-955f-fccc978916e7@group-ECFE57FBC26D: changes role from CANDIDATE to LEADER at term 1 for changeToLeader
2019-09-17 03:21:12,969 [ae9625dc-248e-414f-955f-fccc978916e7@group-ECFE57FBC26D:LeaderElection14] INFO  impl.RaftServerImpl (ServerState.java:setLeader(253)) - ae9625dc-248e-414f-955f-fccc978916e7@group-ECFE57FBC26D: change Leader from null to ae9625dc-248e-414f-955f-fccc978916e7 at term 1 for becomeLeader, leader elected after 5147ms
2019-09-17 03:21:12,969 [ae9625dc-248e-414f-955f-fccc978916e7@group-ECFE57FBC26D:LeaderElection14] INFO  server.RaftServerConfigKeys (ConfUtils.java:logGet(43)) - raft.server.staging.catchup.gap = 1000 (default)
2019-09-17 03:21:12,969 [ae9625dc-248e-414f-955f-fccc978916e7@group-ECFE57FBC26D:LeaderElection14] INFO  server.RaftServerConfigKeys (ConfUtils.java:logGet(43)) - raft.server.rpc.sleep.time = 25ms (default)
2019-09-17 03:21:12,969 [ae9625dc-248e-414f-955f-fccc978916e7@group-ECFE57FBC26D:LeaderElection14] INFO  server.RaftServerConfigKeys (ConfUtils.java:logGet(43)) - raft.server.write.element-limit = 4096 (default)
2019-09-17 03:21:12,969 [ae9625dc-248e-414f-955f-fccc978916e7@group-ECFE57FBC26D:LeaderElection14] INFO  server.RaftServerConfigKeys (ConfUtils.java:logGet(43)) - raft.server.watch.timeout = 10s (default)
2019-09-17 03:21:12,970 [ae9625dc-248e-414f-955f-fccc978916e7@group-ECFE57FBC26D:LeaderElection14] INFO  server.RaftServerConfigKeys (ConfUtils.java:logGet(43)) - raft.server.watch.timeout.denomination = 1s (default)
2019-09-17 03:21:12,970 [ae9625dc-248e-414f-955f-fccc978916e7@group-ECFE57FBC26D:LeaderElection14] INFO  server.RaftServerConfigKeys (ConfUtils.java:logGet(43)) - raft.server.watch.element-limit = 65536 (default)
2019-09-17 03:21:12,973 [ae9625dc-248e-414f-955f-fccc978916e7@group-ECFE57FBC26D:LeaderElection14] INFO  server.RaftServerConfigKeys (ConfUtils.java:logGet(43)) - raft.server.log.appender.snapshot.chunk.size.max = 16MB (=16777216) (default)
2019-09-17 03:21:12,974 [ae9625dc-248e-414f-955f-fccc978916e7@group-ECFE57FBC26D:LeaderElection14] INFO  server.RaftServerConfigKeys (ConfUtils.java:logGet(43)) - raft.server.log.appender.buffer.byte-limit = 33554432 (custom)
2019-09-17 03:21:12,974 [ae9625dc-248e-414f-955f-fccc978916e7@group-ECFE57FBC26D:LeaderElection14] INFO  server.RaftServerConfigKeys (ConfUtils.java:logGet(43)) - raft.server.log.appender.buffer.element-limit = 1 (custom)
2019-09-17 03:21:12,974 [ae9625dc-248e-414f-955f-fccc978916e7@group-ECFE57FBC26D:LeaderElection14] INFO  grpc.GrpcConfigKeys$Server (ConfUtils.java:logGet(43)) - raft.grpc.server.leader.outstanding.appends.max = 128 (default)
2019-09-17 03:21:12,974 [ae9625dc-248e-414f-955f-fccc978916e7@group-ECFE57FBC26D:LeaderElection14] INFO  server.RaftServerConfigKeys (ConfUtils.java:logGet(43)) - raft.server.rpc.request.timeout = 3000ms (default)
2019-09-17 03:21:12,974 [ae9625dc-248e-414f-955f-fccc978916e7@group-ECFE57FBC26D:LeaderElection14] INFO  server.RaftServerConfigKeys (ConfUtils.java:logGet(43)) - raft.server.log.appender.install.snapshot.enabled = false (custom)
2019-09-17 03:21:12,975 [ae9625dc-248e-414f-955f-fccc978916e7@group-ECFE57FBC26D:LeaderElection14] INFO  server.RaftServerConfigKeys (ConfUtils.java:logGet(43)) - raft.server.log.appender.snapshot.chunk.size.max = 16MB (=16777216) (default)
2019-09-17 03:21:12,975 [ae9625dc-248e-414f-955f-fccc978916e7@group-ECFE57FBC26D:LeaderElection14] INFO  server.RaftServerConfigKeys (ConfUtils.java:logGet(43)) - raft.server.log.appender.buffer.byte-limit = 33554432 (custom)
2019-09-17 03:21:12,975 [ae9625dc-248e-414f-955f-fccc978916e7@group-ECFE57FBC26D:LeaderElection14] INFO  server.RaftServerConfigKeys (ConfUtils.java:logGet(43)) - raft.server.log.appender.buffer.element-limit = 1 (custom)
2019-09-17 03:21:12,975 [ae9625dc-248e-414f-955f-fccc978916e7@group-ECFE57FBC26D:LeaderElection14] INFO  grpc.GrpcConfigKeys$Server (ConfUtils.java:logGet(43)) - raft.grpc.server.leader.outstanding.appends.max = 128 (default)
2019-09-17 03:21:12,975 [ae9625dc-248e-414f-955f-fccc978916e7@group-ECFE57FBC26D:LeaderElection14] INFO  server.RaftServerConfigKeys (ConfUtils.java:logGet(43)) - raft.server.rpc.request.timeout = 3000ms (default)
2019-09-17 03:21:12,976 [ae9625dc-248e-414f-955f-fccc978916e7@group-ECFE57FBC26D:LeaderElection14] INFO  server.RaftServerConfigKeys (ConfUtils.java:logGet(43)) - raft.server.log.appender.install.snapshot.enabled = false (custom)
2019-09-17 03:21:12,976 [ae9625dc-248e-414f-955f-fccc978916e7@group-ECFE57FBC26D:LeaderElection14] INFO  impl.RoleInfo (RoleInfo.java:updateAndGet(143)) - ae9625dc-248e-414f-955f-fccc978916e7: start LeaderState
2019-09-17 03:21:12,976 [ae9625dc-248e-414f-955f-fccc978916e7@group-ECFE57FBC26D:LeaderElection14] INFO  segmented.SegmentedRaftLogWorker (SegmentedRaftLogWorker.java:startLogSegment(380)) - ae9625dc-248e-414f-955f-fccc978916e7@group-ECFE57FBC26D-SegmentedRaftLogWorker: Starting segment from index:0
2019-09-17 03:21:12,977 [ae9625dc-248e-414f-955f-fccc978916e7@group-ECFE57FBC26D:LeaderElection14] INFO  impl.RaftServerImpl (ServerState.java:setRaftConf(354)) - ae9625dc-248e-414f-955f-fccc978916e7@group-ECFE57FBC26D: set configuration 0: [ae9625dc-248e-414f-955f-fccc978916e7:192.168.151.92:37052, 12c7e022-5f96-4d2f-bd6c-0cb832bfe0bc:192.168.151.92:41586, 1b957291-fe5b-420e-96dd-cc603eda7741:192.168.151.92:44243], old=null at 0
2019-09-17 03:21:13,018 [grpc-default-executor-4] INFO  impl.RaftServerImpl (ServerState.java:setLeader(253)) - 12c7e022-5f96-4d2f-bd6c-0cb832bfe0bc@group-ECFE57FBC26D: change Leader from null to ae9625dc-248e-414f-955f-fccc978916e7 at term 1 for appendEntries, leader elected after 5199ms
2019-09-17 03:21:13,018 [grpc-default-executor-3] INFO  impl.RaftServerImpl (ServerState.java:setLeader(253)) - 1b957291-fe5b-420e-96dd-cc603eda7741@group-ECFE57FBC26D: change Leader from null to ae9625dc-248e-414f-955f-fccc978916e7 at term 1 for appendEntries, leader elected after 5199ms
2019-09-17 03:21:13,025 [grpc-default-executor-3] INFO  impl.RaftServerImpl (ServerState.java:setRaftConf(354)) - 12c7e022-5f96-4d2f-bd6c-0cb832bfe0bc@group-ECFE57FBC26D: set configuration 0: [ae9625dc-248e-414f-955f-fccc978916e7:192.168.151.92:37052, 12c7e022-5f96-4d2f-bd6c-0cb832bfe0bc:192.168.151.92:41586, 1b957291-fe5b-420e-96dd-cc603eda7741:192.168.151.92:44243], old=null at 0
2019-09-17 03:21:13,025 [grpc-default-executor-4] INFO  impl.RaftServerImpl (ServerState.java:setRaftConf(354)) - 1b957291-fe5b-420e-96dd-cc603eda7741@group-ECFE57FBC26D: set configuration 0: [ae9625dc-248e-414f-955f-fccc978916e7:192.168.151.92:37052, 12c7e022-5f96-4d2f-bd6c-0cb832bfe0bc:192.168.151.92:41586, 1b957291-fe5b-420e-96dd-cc603eda7741:192.168.151.92:44243], old=null at 0
2019-09-17 03:21:13,025 [grpc-default-executor-3] INFO  segmented.SegmentedRaftLogWorker (SegmentedRaftLogWorker.java:startLogSegment(380)) - 12c7e022-5f96-4d2f-bd6c-0cb832bfe0bc@group-ECFE57FBC26D-SegmentedRaftLogWorker: Starting segment from index:0
2019-09-17 03:21:13,025 [grpc-default-executor-4] INFO  segmented.SegmentedRaftLogWorker (SegmentedRaftLogWorker.java:startLogSegment(380)) - 1b957291-fe5b-420e-96dd-cc603eda7741@group-ECFE57FBC26D-SegmentedRaftLogWorker: Starting segment from index:0
2019-09-17 03:21:13,029 [ae9625dc-248e-414f-955f-fccc978916e7@group-ECFE57FBC26D-SegmentedRaftLogWorker] INFO  segmented.SegmentedRaftLogWorker (SegmentedRaftLogWorker.java:execute(569)) - ae9625dc-248e-414f-955f-fccc978916e7@group-ECFE57FBC26D-SegmentedRaftLogWorker: created new log segment /workdir/hadoop-ozone/integration-test/target/test-dir/MiniOzoneClusterImpl-1016471a-d40a-48f2-8884-b9093ef4fa4a/datanode-4/data/ratis/1154e060-f3f9-4071-892f-ecfe57fbc26d/current/log_inprogress_0
2019-09-17 03:21:13,075 [1b957291-fe5b-420e-96dd-cc603eda7741@group-ECFE57FBC26D-SegmentedRaftLogWorker] INFO  segmented.SegmentedRaftLogWorker (SegmentedRaftLogWorker.java:execute(569)) - 1b957291-fe5b-420e-96dd-cc603eda7741@group-ECFE57FBC26D-SegmentedRaftLogWorker: created new log segment /workdir/hadoop-ozone/integration-test/target/test-dir/MiniOzoneClusterImpl-1016471a-d40a-48f2-8884-b9093ef4fa4a/datanode-6/data/ratis/1154e060-f3f9-4071-892f-ecfe57fbc26d/current/log_inprogress_0
2019-09-17 03:21:13,075 [12c7e022-5f96-4d2f-bd6c-0cb832bfe0bc@group-ECFE57FBC26D-SegmentedRaftLogWorker] INFO  segmented.SegmentedRaftLogWorker (SegmentedRaftLogWorker.java:execute(569)) - 12c7e022-5f96-4d2f-bd6c-0cb832bfe0bc@group-ECFE57FBC26D-SegmentedRaftLogWorker: created new log segment /workdir/hadoop-ozone/integration-test/target/test-dir/MiniOzoneClusterImpl-1016471a-d40a-48f2-8884-b9093ef4fa4a/datanode-0/data/ratis/1154e060-f3f9-4071-892f-ecfe57fbc26d/current/log_inprogress_0
2019-09-17 03:21:13,290 [grpc-default-executor-3] INFO  impl.RaftServerProxy (RaftServerProxy.java:remove(95)) - ae9625dc-248e-414f-955f-fccc978916e7: remove group-32A3D63B87B7:null
2019-09-17 03:21:13,297 [RatisPipelineUtilsThread] WARN  pipeline.RatisPipelineUtils (RatisPipelineUtils.java:destroyPipeline(66)) - Pipeline destroy failed for pipeline=PipelineID=da3501bf-00c7-4d77-b6e8-32a3d63b87b7 dn=ae9625dc-248e-414f-955f-fccc978916e7{ip: 192.168.151.92, host: pr-hdds-2139-j8dx6-1450124282, networkLocation: /default-rack, certSerialId: null}
2019-09-17 03:21:13,304 [grpc-default-executor-3] INFO  impl.RaftServerProxy (RaftServerProxy.java:remove(95)) - 1b957291-fe5b-420e-96dd-cc603eda7741: remove group-32A3D63B87B7:null
2019-09-17 03:21:13,310 [RatisPipelineUtilsThread] WARN  pipeline.RatisPipelineUtils (RatisPipelineUtils.java:destroyPipeline(66)) - Pipeline destroy failed for pipeline=PipelineID=da3501bf-00c7-4d77-b6e8-32a3d63b87b7 dn=1b957291-fe5b-420e-96dd-cc603eda7741{ip: 192.168.151.92, host: pr-hdds-2139-j8dx6-1450124282, networkLocation: /default-rack, certSerialId: null}
2019-09-17 03:21:13,317 [grpc-default-executor-3] INFO  impl.RaftServerProxy (RaftServerProxy.java:remove(95)) - 12c7e022-5f96-4d2f-bd6c-0cb832bfe0bc: remove group-32A3D63B87B7:null
2019-09-17 03:21:13,324 [RatisPipelineUtilsThread] WARN  pipeline.RatisPipelineUtils (RatisPipelineUtils.java:destroyPipeline(66)) - Pipeline destroy failed for pipeline=PipelineID=da3501bf-00c7-4d77-b6e8-32a3d63b87b7 dn=12c7e022-5f96-4d2f-bd6c-0cb832bfe0bc{ip: 192.168.151.92, host: pr-hdds-2139-j8dx6-1450124282, networkLocation: /default-rack, certSerialId: null}
2019-09-17 03:21:13,324 [RatisPipelineUtilsThread] ERROR pipeline.SCMPipelineManager (Scheduler.java:lambda$schedule$1(70)) - Destroy pipeline failed for pipeline:Pipeline[ Id: da3501bf-00c7-4d77-b6e8-32a3d63b87b7, Nodes: ae9625dc-248e-414f-955f-fccc978916e7{ip: 192.168.151.92, host: pr-hdds-2139-j8dx6-1450124282, networkLocation: /default-rack, certSerialId: null}1b957291-fe5b-420e-96dd-cc603eda7741{ip: 192.168.151.92, host: pr-hdds-2139-j8dx6-1450124282, networkLocation: /default-rack, certSerialId: null}12c7e022-5f96-4d2f-bd6c-0cb832bfe0bc{ip: 192.168.151.92, host: pr-hdds-2139-j8dx6-1450124282, networkLocation: /default-rack, certSerialId: null}, Type:RATIS, Factor:THREE, State:CLOSED]
org.apache.hadoop.hdds.scm.pipeline.PipelineNotFoundException: PipelineID=da3501bf-00c7-4d77-b6e8-32a3d63b87b7 not found
	at org.apache.hadoop.hdds.scm.pipeline.PipelineStateMap.getPipeline(PipelineStateMap.java:132)
	at org.apache.hadoop.hdds.scm.pipeline.PipelineStateMap.removePipeline(PipelineStateMap.java:322)
	at org.apache.hadoop.hdds.scm.pipeline.PipelineStateManager.removePipeline(PipelineStateManager.java:107)
	at org.apache.hadoop.hdds.scm.pipeline.SCMPipelineManager.removePipeline(SCMPipelineManager.java:423)
	at org.apache.hadoop.hdds.scm.pipeline.SCMPipelineManager.destroyPipeline(SCMPipelineManager.java:409)
	at org.apache.hadoop.hdds.scm.pipeline.SCMPipelineManager.lambda$finalizeAndDestroyPipeline$0(SCMPipelineManager.java:318)
	at org.apache.hadoop.utils.Scheduler.lambda$schedule$1(Scheduler.java:68)
	at java.util.concurrent.Executors$RunnableAdapter.call(Executors.java:511)
	at java.util.concurrent.FutureTask.run(FutureTask.java:266)
	at java.util.concurrent.ScheduledThreadPoolExecutor$ScheduledFutureTask.access$201(ScheduledThreadPoolExecutor.java:180)
	at java.util.concurrent.ScheduledThreadPoolExecutor$ScheduledFutureTask.run(ScheduledThreadPoolExecutor.java:293)
	at java.util.concurrent.ThreadPoolExecutor.runWorker(ThreadPoolExecutor.java:1149)
	at java.util.concurrent.ThreadPoolExecutor$Worker.run(ThreadPoolExecutor.java:624)
	at java.lang.Thread.run(Thread.java:748)
2019-09-17 03:21:13,437 [grpc-default-executor-3] INFO  client.GrpcClientProtocolClient (GrpcClientProtocolClient.java:onNext(264)) - client-FCF838B3A418->fb5c35a7-52ed-48ed-856a-22aafd4627bf: receive RaftClientReply:client-FCF838B3A418->fb5c35a7-52ed-48ed-856a-22aafd4627bf@group-89364A117DE9, cid=33, FAILED org.apache.ratis.protocol.NotLeaderException: Server fb5c35a7-52ed-48ed-856a-22aafd4627bf@group-89364A117DE9 is not the leader 2a454ec2-3cfa-49cf-9003-841835eb2002:192.168.151.92:33622, logIndex=0, commits[fb5c35a7-52ed-48ed-856a-22aafd4627bf:c12, f255fb19-c941-42ad-8caf-606d85b027b3:c10, 2a454ec2-3cfa-49cf-9003-841835eb2002:c12]
2019-09-17 03:21:13,913 [java.util.concurrent.ThreadPoolExecutor$Worker@2cfcc4f0[State = -1, empty queue]] WARN  server.GrpcLogAppender (GrpcLogAppender.java:timeoutAppendRequest(200)) - 2a454ec2-3cfa-49cf-9003-841835eb2002@group-89364A117DE9->fb5c35a7-52ed-48ed-856a-22aafd4627bf-GrpcLogAppender: appendEntries Timeout, request=2a454ec2-3cfa-49cf-9003-841835eb2002->fb5c35a7-52ed-48ed-856a-22aafd4627bf#96-t1, previous=(t:1, i:18), leaderCommit=12, initializing? false, entries: <empty>
2019-09-17 03:21:13,913 [java.util.concurrent.ThreadPoolExecutor$Worker@200c90e7[State = -1, empty queue]] WARN  server.GrpcLogAppender (GrpcLogAppender.java:timeoutAppendRequest(200)) - 2a454ec2-3cfa-49cf-9003-841835eb2002@group-89364A117DE9->f255fb19-c941-42ad-8caf-606d85b027b3-GrpcLogAppender: appendEntries Timeout, request=2a454ec2-3cfa-49cf-9003-841835eb2002->f255fb19-c941-42ad-8caf-606d85b027b3#96-t1, previous=(t:1, i:18), leaderCommit=12, initializing? false, entries: <empty>
2019-09-17 03:21:16,264 [grpc-default-executor-3] INFO  impl.RaftServerProxy (RaftServerProxy.java:remove(95)) - ae9625dc-248e-414f-955f-fccc978916e7: remove group-32A3D63B87B7:null
2019-09-17 03:21:16,271 [RatisPipelineUtilsThread] WARN  pipeline.RatisPipelineUtils (RatisPipelineUtils.java:destroyPipeline(66)) - Pipeline destroy failed for pipeline=PipelineID=da3501bf-00c7-4d77-b6e8-32a3d63b87b7 dn=ae9625dc-248e-414f-955f-fccc978916e7{ip: 192.168.151.92, host: pr-hdds-2139-j8dx6-1450124282, networkLocation: /default-rack, certSerialId: null}
2019-09-17 03:21:16,278 [grpc-default-executor-3] INFO  impl.RaftServerProxy (RaftServerProxy.java:remove(95)) - 1b957291-fe5b-420e-96dd-cc603eda7741: remove group-32A3D63B87B7:null
2019-09-17 03:21:16,283 [RatisPipelineUtilsThread] WARN  pipeline.RatisPipelineUtils (RatisPipelineUtils.java:destroyPipeline(66)) - Pipeline destroy failed for pipeline=PipelineID=da3501bf-00c7-4d77-b6e8-32a3d63b87b7 dn=1b957291-fe5b-420e-96dd-cc603eda7741{ip: 192.168.151.92, host: pr-hdds-2139-j8dx6-1450124282, networkLocation: /default-rack, certSerialId: null}
2019-09-17 03:21:16,289 [grpc-default-executor-3] INFO  impl.RaftServerProxy (RaftServerProxy.java:remove(95)) - 12c7e022-5f96-4d2f-bd6c-0cb832bfe0bc: remove group-32A3D63B87B7:null
2019-09-17 03:21:16,295 [RatisPipelineUtilsThread] WARN  pipeline.RatisPipelineUtils (RatisPipelineUtils.java:destroyPipeline(66)) - Pipeline destroy failed for pipeline=PipelineID=da3501bf-00c7-4d77-b6e8-32a3d63b87b7 dn=12c7e022-5f96-4d2f-bd6c-0cb832bfe0bc{ip: 192.168.151.92, host: pr-hdds-2139-j8dx6-1450124282, networkLocation: /default-rack, certSerialId: null}
2019-09-17 03:21:16,296 [RatisPipelineUtilsThread] ERROR pipeline.SCMPipelineManager (Scheduler.java:lambda$schedule$1(70)) - Destroy pipeline failed for pipeline:Pipeline[ Id: da3501bf-00c7-4d77-b6e8-32a3d63b87b7, Nodes: ae9625dc-248e-414f-955f-fccc978916e7{ip: 192.168.151.92, host: pr-hdds-2139-j8dx6-1450124282, networkLocation: /default-rack, certSerialId: null}1b957291-fe5b-420e-96dd-cc603eda7741{ip: 192.168.151.92, host: pr-hdds-2139-j8dx6-1450124282, networkLocation: /default-rack, certSerialId: null}12c7e022-5f96-4d2f-bd6c-0cb832bfe0bc{ip: 192.168.151.92, host: pr-hdds-2139-j8dx6-1450124282, networkLocation: /default-rack, certSerialId: null}, Type:RATIS, Factor:THREE, State:CLOSED]
org.apache.hadoop.hdds.scm.pipeline.PipelineNotFoundException: PipelineID=da3501bf-00c7-4d77-b6e8-32a3d63b87b7 not found
	at org.apache.hadoop.hdds.scm.pipeline.PipelineStateMap.getPipeline(PipelineStateMap.java:132)
	at org.apache.hadoop.hdds.scm.pipeline.PipelineStateMap.removePipeline(PipelineStateMap.java:322)
	at org.apache.hadoop.hdds.scm.pipeline.PipelineStateManager.removePipeline(PipelineStateManager.java:107)
	at org.apache.hadoop.hdds.scm.pipeline.SCMPipelineManager.removePipeline(SCMPipelineManager.java:423)
	at org.apache.hadoop.hdds.scm.pipeline.SCMPipelineManager.destroyPipeline(SCMPipelineManager.java:409)
	at org.apache.hadoop.hdds.scm.pipeline.SCMPipelineManager.lambda$finalizeAndDestroyPipeline$0(SCMPipelineManager.java:318)
	at org.apache.hadoop.utils.Scheduler.lambda$schedule$1(Scheduler.java:68)
	at java.util.concurrent.Executors$RunnableAdapter.call(Executors.java:511)
	at java.util.concurrent.FutureTask.run(FutureTask.java:266)
	at java.util.concurrent.ScheduledThreadPoolExecutor$ScheduledFutureTask.access$201(ScheduledThreadPoolExecutor.java:180)
	at java.util.concurrent.ScheduledThreadPoolExecutor$ScheduledFutureTask.run(ScheduledThreadPoolExecutor.java:293)
	at java.util.concurrent.ThreadPoolExecutor.runWorker(ThreadPoolExecutor.java:1149)
	at java.util.concurrent.ThreadPoolExecutor$Worker.run(ThreadPoolExecutor.java:624)
	at java.lang.Thread.run(Thread.java:748)
2019-09-17 03:21:16,414 [java.util.concurrent.ThreadPoolExecutor$Worker@200c90e7[State = -1, empty queue]] WARN  server.GrpcLogAppender (GrpcLogAppender.java:timeoutAppendRequest(200)) - 2a454ec2-3cfa-49cf-9003-841835eb2002@group-89364A117DE9->f255fb19-c941-42ad-8caf-606d85b027b3-GrpcLogAppender: appendEntries Timeout, request=2a454ec2-3cfa-49cf-9003-841835eb2002->f255fb19-c941-42ad-8caf-606d85b027b3#97-t1, previous=(t:1, i:18), leaderCommit=12, initializing? false, entries: <empty>
2019-09-17 03:21:16,414 [java.util.concurrent.ThreadPoolExecutor$Worker@2cfcc4f0[State = -1, empty queue]] WARN  server.GrpcLogAppender (GrpcLogAppender.java:timeoutAppendRequest(200)) - 2a454ec2-3cfa-49cf-9003-841835eb2002@group-89364A117DE9->fb5c35a7-52ed-48ed-856a-22aafd4627bf-GrpcLogAppender: appendEntries Timeout, request=2a454ec2-3cfa-49cf-9003-841835eb2002->fb5c35a7-52ed-48ed-856a-22aafd4627bf#97-t1, previous=(t:1, i:18), leaderCommit=12, initializing? false, entries: <empty>
2019-09-17 03:21:18,273 [grpc-default-executor-4] INFO  impl.RaftServerProxy (RaftServerProxy.java:remove(95)) - ae9625dc-248e-414f-955f-fccc978916e7: remove group-32A3D63B87B7:null
2019-09-17 03:21:18,282 [RatisPipelineUtilsThread] WARN  pipeline.RatisPipelineUtils (RatisPipelineUtils.java:destroyPipeline(66)) - Pipeline destroy failed for pipeline=PipelineID=da3501bf-00c7-4d77-b6e8-32a3d63b87b7 dn=ae9625dc-248e-414f-955f-fccc978916e7{ip: 192.168.151.92, host: pr-hdds-2139-j8dx6-1450124282, networkLocation: /default-rack, certSerialId: null}
2019-09-17 03:21:18,288 [grpc-default-executor-4] INFO  impl.RaftServerProxy (RaftServerProxy.java:remove(95)) - 1b957291-fe5b-420e-96dd-cc603eda7741: remove group-32A3D63B87B7:null
2019-09-17 03:21:18,295 [RatisPipelineUtilsThread] WARN  pipeline.RatisPipelineUtils (RatisPipelineUtils.java:destroyPipeline(66)) - Pipeline destroy failed for pipeline=PipelineID=da3501bf-00c7-4d77-b6e8-32a3d63b87b7 dn=1b957291-fe5b-420e-96dd-cc603eda7741{ip: 192.168.151.92, host: pr-hdds-2139-j8dx6-1450124282, networkLocation: /default-rack, certSerialId: null}
2019-09-17 03:21:18,300 [grpc-default-executor-4] INFO  impl.RaftServerProxy (RaftServerProxy.java:remove(95)) - 12c7e022-5f96-4d2f-bd6c-0cb832bfe0bc: remove group-32A3D63B87B7:null
2019-09-17 03:21:18,305 [RatisPipelineUtilsThread] WARN  pipeline.RatisPipelineUtils (RatisPipelineUtils.java:destroyPipeline(66)) - Pipeline destroy failed for pipeline=PipelineID=da3501bf-00c7-4d77-b6e8-32a3d63b87b7 dn=12c7e022-5f96-4d2f-bd6c-0cb832bfe0bc{ip: 192.168.151.92, host: pr-hdds-2139-j8dx6-1450124282, networkLocation: /default-rack, certSerialId: null}
2019-09-17 03:21:18,306 [RatisPipelineUtilsThread] ERROR pipeline.SCMPipelineManager (Scheduler.java:lambda$schedule$1(70)) - Destroy pipeline failed for pipeline:Pipeline[ Id: da3501bf-00c7-4d77-b6e8-32a3d63b87b7, Nodes: ae9625dc-248e-414f-955f-fccc978916e7{ip: 192.168.151.92, host: pr-hdds-2139-j8dx6-1450124282, networkLocation: /default-rack, certSerialId: null}1b957291-fe5b-420e-96dd-cc603eda7741{ip: 192.168.151.92, host: pr-hdds-2139-j8dx6-1450124282, networkLocation: /default-rack, certSerialId: null}12c7e022-5f96-4d2f-bd6c-0cb832bfe0bc{ip: 192.168.151.92, host: pr-hdds-2139-j8dx6-1450124282, networkLocation: /default-rack, certSerialId: null}, Type:RATIS, Factor:THREE, State:CLOSED]
org.apache.hadoop.hdds.scm.pipeline.PipelineNotFoundException: PipelineID=da3501bf-00c7-4d77-b6e8-32a3d63b87b7 not found
	at org.apache.hadoop.hdds.scm.pipeline.PipelineStateMap.getPipeline(PipelineStateMap.java:132)
	at org.apache.hadoop.hdds.scm.pipeline.PipelineStateMap.removePipeline(PipelineStateMap.java:322)
	at org.apache.hadoop.hdds.scm.pipeline.PipelineStateManager.removePipeline(PipelineStateManager.java:107)
	at org.apache.hadoop.hdds.scm.pipeline.SCMPipelineManager.removePipeline(SCMPipelineManager.java:423)
	at org.apache.hadoop.hdds.scm.pipeline.SCMPipelineManager.destroyPipeline(SCMPipelineManager.java:409)
	at org.apache.hadoop.hdds.scm.pipeline.SCMPipelineManager.lambda$finalizeAndDestroyPipeline$0(SCMPipelineManager.java:318)
	at org.apache.hadoop.utils.Scheduler.lambda$schedule$1(Scheduler.java:68)
	at java.util.concurrent.Executors$RunnableAdapter.call(Executors.java:511)
	at java.util.concurrent.FutureTask.run(FutureTask.java:266)
	at java.util.concurrent.ScheduledThreadPoolExecutor$ScheduledFutureTask.access$201(ScheduledThreadPoolExecutor.java:180)
	at java.util.concurrent.ScheduledThreadPoolExecutor$ScheduledFutureTask.run(ScheduledThreadPoolExecutor.java:293)
	at java.util.concurrent.ThreadPoolExecutor.runWorker(ThreadPoolExecutor.java:1149)
	at java.util.concurrent.ThreadPoolExecutor$Worker.run(ThreadPoolExecutor.java:624)
	at java.lang.Thread.run(Thread.java:748)
2019-09-17 03:21:18,483 [grpc-default-executor-3] INFO  client.GrpcClientProtocolClient (GrpcClientProtocolClient.java:onNext(264)) - client-FCF838B3A418->f255fb19-c941-42ad-8caf-606d85b027b3: receive RaftClientReply:client-FCF838B3A418->f255fb19-c941-42ad-8caf-606d85b027b3@group-89364A117DE9, cid=33, FAILED org.apache.ratis.protocol.NotLeaderException: Server f255fb19-c941-42ad-8caf-606d85b027b3@group-89364A117DE9 is not the leader 2a454ec2-3cfa-49cf-9003-841835eb2002:192.168.151.92:33622, logIndex=0, commits[f255fb19-c941-42ad-8caf-606d85b027b3:c12, fb5c35a7-52ed-48ed-856a-22aafd4627bf:c10, 2a454ec2-3cfa-49cf-9003-841835eb2002:c12]
2019-09-17 03:21:18,538 [f255fb19-c941-42ad-8caf-606d85b027b3@group-89364A117DE9-SegmentedRaftLogWorker] WARN  segmented.SegmentedRaftLogWorker (SegmentedRaftLogWorker.java:getFromFuture(90)) - Timeout 0/~
org.apache.ratis.protocol.TimeoutIOException: Timeout 10s: WriteLog:14: (t:1, i:14), STATEMACHINELOGENTRY, client-FCF838B3A418, cid=34-writeStateMachineData
	at org.apache.ratis.util.IOUtils.getFromFuture(IOUtils.java:87)
	at org.apache.ratis.server.raftlog.segmented.SegmentedRaftLogWorker$StateMachineDataPolicy.getFromFuture(SegmentedRaftLogWorker.java:87)
	at org.apache.ratis.server.raftlog.segmented.SegmentedRaftLogWorker$WriteLog.execute(SegmentedRaftLogWorker.java:477)
	at org.apache.ratis.server.raftlog.segmented.SegmentedRaftLogWorker.run(SegmentedRaftLogWorker.java:289)
	at java.lang.Thread.run(Thread.java:748)
Caused by: java.util.concurrent.TimeoutException
	at java.util.concurrent.CompletableFuture.timedGet(CompletableFuture.java:1771)
	at java.util.concurrent.CompletableFuture.get(CompletableFuture.java:1915)
	at org.apache.ratis.util.IOUtils.getFromFuture(IOUtils.java:79)
	... 4 more
2019-09-17 03:21:18,538 [2a454ec2-3cfa-49cf-9003-841835eb2002@group-89364A117DE9-SegmentedRaftLogWorker] WARN  segmented.SegmentedRaftLogWorker (SegmentedRaftLogWorker.java:getFromFuture(90)) - Timeout 0/~
org.apache.ratis.protocol.TimeoutIOException: Timeout 10s: WriteLog:14: (t:1, i:14), STATEMACHINELOGENTRY, client-FCF838B3A418, cid=34-writeStateMachineData
	at org.apache.ratis.util.IOUtils.getFromFuture(IOUtils.java:87)
	at org.apache.ratis.server.raftlog.segmented.SegmentedRaftLogWorker$StateMachineDataPolicy.getFromFuture(SegmentedRaftLogWorker.java:87)
	at org.apache.ratis.server.raftlog.segmented.SegmentedRaftLogWorker$WriteLog.execute(SegmentedRaftLogWorker.java:477)
	at org.apache.ratis.server.raftlog.segmented.SegmentedRaftLogWorker.run(SegmentedRaftLogWorker.java:289)
	at java.lang.Thread.run(Thread.java:748)
Caused by: java.util.concurrent.TimeoutException
	at java.util.concurrent.CompletableFuture.timedGet(CompletableFuture.java:1771)
	at java.util.concurrent.CompletableFuture.get(CompletableFuture.java:1915)
	at org.apache.ratis.util.IOUtils.getFromFuture(IOUtils.java:79)
	... 4 more
2019-09-17 03:21:18,538 [fb5c35a7-52ed-48ed-856a-22aafd4627bf@group-89364A117DE9-SegmentedRaftLogWorker] WARN  segmented.SegmentedRaftLogWorker (SegmentedRaftLogWorker.java:getFromFuture(90)) - Timeout 0/~
org.apache.ratis.protocol.TimeoutIOException: Timeout 10s: WriteLog:14: (t:1, i:14), STATEMACHINELOGENTRY, client-FCF838B3A418, cid=34-writeStateMachineData
	at org.apache.ratis.util.IOUtils.getFromFuture(IOUtils.java:87)
	at org.apache.ratis.server.raftlog.segmented.SegmentedRaftLogWorker$StateMachineDataPolicy.getFromFuture(SegmentedRaftLogWorker.java:87)
	at org.apache.ratis.server.raftlog.segmented.SegmentedRaftLogWorker$WriteLog.execute(SegmentedRaftLogWorker.java:477)
	at org.apache.ratis.server.raftlog.segmented.SegmentedRaftLogWorker.run(SegmentedRaftLogWorker.java:289)
	at java.lang.Thread.run(Thread.java:748)
Caused by: java.util.concurrent.TimeoutException
	at java.util.concurrent.CompletableFuture.timedGet(CompletableFuture.java:1771)
	at java.util.concurrent.CompletableFuture.get(CompletableFuture.java:1915)
	at org.apache.ratis.util.IOUtils.getFromFuture(IOUtils.java:79)
	... 4 more
2019-09-17 03:21:18,915 [java.util.concurrent.ThreadPoolExecutor$Worker@2cfcc4f0[State = -1, empty queue]] WARN  server.GrpcLogAppender (GrpcLogAppender.java:timeoutAppendRequest(200)) - 2a454ec2-3cfa-49cf-9003-841835eb2002@group-89364A117DE9->fb5c35a7-52ed-48ed-856a-22aafd4627bf-GrpcLogAppender: appendEntries Timeout, request=2a454ec2-3cfa-49cf-9003-841835eb2002->fb5c35a7-52ed-48ed-856a-22aafd4627bf#98-t1, previous=(t:1, i:18), leaderCommit=12, initializing? false, entries: <empty>
2019-09-17 03:21:18,915 [java.util.concurrent.ThreadPoolExecutor$Worker@200c90e7[State = -1, empty queue]] WARN  server.GrpcLogAppender (GrpcLogAppender.java:timeoutAppendRequest(200)) - 2a454ec2-3cfa-49cf-9003-841835eb2002@group-89364A117DE9->f255fb19-c941-42ad-8caf-606d85b027b3-GrpcLogAppender: appendEntries Timeout, request=2a454ec2-3cfa-49cf-9003-841835eb2002->f255fb19-c941-42ad-8caf-606d85b027b3#98-t1, previous=(t:1, i:18), leaderCommit=12, initializing? false, entries: <empty>
2019-09-17 03:21:21,278 [grpc-default-executor-4] INFO  impl.RaftServerProxy (RaftServerProxy.java:remove(95)) - ae9625dc-248e-414f-955f-fccc978916e7: remove group-32A3D63B87B7:null
2019-09-17 03:21:21,288 [RatisPipelineUtilsThread] WARN  pipeline.RatisPipelineUtils (RatisPipelineUtils.java:destroyPipeline(66)) - Pipeline destroy failed for pipeline=PipelineID=da3501bf-00c7-4d77-b6e8-32a3d63b87b7 dn=ae9625dc-248e-414f-955f-fccc978916e7{ip: 192.168.151.92, host: pr-hdds-2139-j8dx6-1450124282, networkLocation: /default-rack, certSerialId: null}
2019-09-17 03:21:21,294 [grpc-default-executor-4] INFO  impl.RaftServerProxy (RaftServerProxy.java:remove(95)) - 1b957291-fe5b-420e-96dd-cc603eda7741: remove group-32A3D63B87B7:null
2019-09-17 03:21:21,300 [RatisPipelineUtilsThread] WARN  pipeline.RatisPipelineUtils (RatisPipelineUtils.java:destroyPipeline(66)) - Pipeline destroy failed for pipeline=PipelineID=da3501bf-00c7-4d77-b6e8-32a3d63b87b7 dn=1b957291-fe5b-420e-96dd-cc603eda7741{ip: 192.168.151.92, host: pr-hdds-2139-j8dx6-1450124282, networkLocation: /default-rack, certSerialId: null}
2019-09-17 03:21:21,305 [grpc-default-executor-4] INFO  impl.RaftServerProxy (RaftServerProxy.java:remove(95)) - 12c7e022-5f96-4d2f-bd6c-0cb832bfe0bc: remove group-32A3D63B87B7:null
2019-09-17 03:21:21,323 [RatisPipelineUtilsThread] WARN  pipeline.RatisPipelineUtils (RatisPipelineUtils.java:destroyPipeline(66)) - Pipeline destroy failed for pipeline=PipelineID=da3501bf-00c7-4d77-b6e8-32a3d63b87b7 dn=12c7e022-5f96-4d2f-bd6c-0cb832bfe0bc{ip: 192.168.151.92, host: pr-hdds-2139-j8dx6-1450124282, networkLocation: /default-rack, certSerialId: null}
2019-09-17 03:21:21,324 [RatisPipelineUtilsThread] ERROR pipeline.SCMPipelineManager (Scheduler.java:lambda$schedule$1(70)) - Destroy pipeline failed for pipeline:Pipeline[ Id: da3501bf-00c7-4d77-b6e8-32a3d63b87b7, Nodes: ae9625dc-248e-414f-955f-fccc978916e7{ip: 192.168.151.92, host: pr-hdds-2139-j8dx6-1450124282, networkLocation: /default-rack, certSerialId: null}1b957291-fe5b-420e-96dd-cc603eda7741{ip: 192.168.151.92, host: pr-hdds-2139-j8dx6-1450124282, networkLocation: /default-rack, certSerialId: null}12c7e022-5f96-4d2f-bd6c-0cb832bfe0bc{ip: 192.168.151.92, host: pr-hdds-2139-j8dx6-1450124282, networkLocation: /default-rack, certSerialId: null}, Type:RATIS, Factor:THREE, State:CLOSED]
org.apache.hadoop.hdds.scm.pipeline.PipelineNotFoundException: PipelineID=da3501bf-00c7-4d77-b6e8-32a3d63b87b7 not found
	at org.apache.hadoop.hdds.scm.pipeline.PipelineStateMap.getPipeline(PipelineStateMap.java:132)
	at org.apache.hadoop.hdds.scm.pipeline.PipelineStateMap.removePipeline(PipelineStateMap.java:322)
	at org.apache.hadoop.hdds.scm.pipeline.PipelineStateManager.removePipeline(PipelineStateManager.java:107)
	at org.apache.hadoop.hdds.scm.pipeline.SCMPipelineManager.removePipeline(SCMPipelineManager.java:423)
	at org.apache.hadoop.hdds.scm.pipeline.SCMPipelineManager.destroyPipeline(SCMPipelineManager.java:409)
	at org.apache.hadoop.hdds.scm.pipeline.SCMPipelineManager.lambda$finalizeAndDestroyPipeline$0(SCMPipelineManager.java:318)
	at org.apache.hadoop.utils.Scheduler.lambda$schedule$1(Scheduler.java:68)
	at java.util.concurrent.Executors$RunnableAdapter.call(Executors.java:511)
	at java.util.concurrent.FutureTask.run(FutureTask.java:266)
	at java.util.concurrent.ScheduledThreadPoolExecutor$ScheduledFutureTask.access$201(ScheduledThreadPoolExecutor.java:180)
	at java.util.concurrent.ScheduledThreadPoolExecutor$ScheduledFutureTask.run(ScheduledThreadPoolExecutor.java:293)
	at java.util.concurrent.ThreadPoolExecutor.runWorker(ThreadPoolExecutor.java:1149)
	at java.util.concurrent.ThreadPoolExecutor$Worker.run(ThreadPoolExecutor.java:624)
	at java.lang.Thread.run(Thread.java:748)
2019-09-17 03:21:21,415 [java.util.concurrent.ThreadPoolExecutor$Worker@2cfcc4f0[State = -1, empty queue]] WARN  server.GrpcLogAppender (GrpcLogAppender.java:timeoutAppendRequest(200)) - 2a454ec2-3cfa-49cf-9003-841835eb2002@group-89364A117DE9->fb5c35a7-52ed-48ed-856a-22aafd4627bf-GrpcLogAppender: appendEntries Timeout, request=2a454ec2-3cfa-49cf-9003-841835eb2002->fb5c35a7-52ed-48ed-856a-22aafd4627bf#99-t1, previous=(t:1, i:18), leaderCommit=12, initializing? false, entries: <empty>
2019-09-17 03:21:21,415 [java.util.concurrent.ThreadPoolExecutor$Worker@200c90e7[State = -1, empty queue]] WARN  server.GrpcLogAppender (GrpcLogAppender.java:timeoutAppendRequest(200)) - 2a454ec2-3cfa-49cf-9003-841835eb2002@group-89364A117DE9->f255fb19-c941-42ad-8caf-606d85b027b3-GrpcLogAppender: appendEntries Timeout, request=2a454ec2-3cfa-49cf-9003-841835eb2002->f255fb19-c941-42ad-8caf-606d85b027b3#99-t1, previous=(t:1, i:18), leaderCommit=12, initializing? false, entries: <empty>
2019-09-17 03:21:23,276 [grpc-default-executor-3] INFO  impl.RaftServerProxy (RaftServerProxy.java:remove(95)) - ae9625dc-248e-414f-955f-fccc978916e7: remove group-32A3D63B87B7:null
2019-09-17 03:21:23,283 [RatisPipelineUtilsThread] WARN  pipeline.RatisPipelineUtils (RatisPipelineUtils.java:destroyPipeline(66)) - Pipeline destroy failed for pipeline=PipelineID=da3501bf-00c7-4d77-b6e8-32a3d63b87b7 dn=ae9625dc-248e-414f-955f-fccc978916e7{ip: 192.168.151.92, host: pr-hdds-2139-j8dx6-1450124282, networkLocation: /default-rack, certSerialId: null}
2019-09-17 03:21:23,288 [grpc-default-executor-3] INFO  impl.RaftServerProxy (RaftServerProxy.java:remove(95)) - 1b957291-fe5b-420e-96dd-cc603eda7741: remove group-32A3D63B87B7:null
2019-09-17 03:21:23,293 [RatisPipelineUtilsThread] WARN  pipeline.RatisPipelineUtils (RatisPipelineUtils.java:destroyPipeline(66)) - Pipeline destroy failed for pipeline=PipelineID=da3501bf-00c7-4d77-b6e8-32a3d63b87b7 dn=1b957291-fe5b-420e-96dd-cc603eda7741{ip: 192.168.151.92, host: pr-hdds-2139-j8dx6-1450124282, networkLocation: /default-rack, certSerialId: null}
2019-09-17 03:21:23,303 [grpc-default-executor-3] INFO  impl.RaftServerProxy (RaftServerProxy.java:remove(95)) - 12c7e022-5f96-4d2f-bd6c-0cb832bfe0bc: remove group-32A3D63B87B7:null
2019-09-17 03:21:23,308 [RatisPipelineUtilsThread] WARN  pipeline.RatisPipelineUtils (RatisPipelineUtils.java:destroyPipeline(66)) - Pipeline destroy failed for pipeline=PipelineID=da3501bf-00c7-4d77-b6e8-32a3d63b87b7 dn=12c7e022-5f96-4d2f-bd6c-0cb832bfe0bc{ip: 192.168.151.92, host: pr-hdds-2139-j8dx6-1450124282, networkLocation: /default-rack, certSerialId: null}
2019-09-17 03:21:23,309 [RatisPipelineUtilsThread] ERROR pipeline.SCMPipelineManager (Scheduler.java:lambda$schedule$1(70)) - Destroy pipeline failed for pipeline:Pipeline[ Id: da3501bf-00c7-4d77-b6e8-32a3d63b87b7, Nodes: ae9625dc-248e-414f-955f-fccc978916e7{ip: 192.168.151.92, host: pr-hdds-2139-j8dx6-1450124282, networkLocation: /default-rack, certSerialId: null}1b957291-fe5b-420e-96dd-cc603eda7741{ip: 192.168.151.92, host: pr-hdds-2139-j8dx6-1450124282, networkLocation: /default-rack, certSerialId: null}12c7e022-5f96-4d2f-bd6c-0cb832bfe0bc{ip: 192.168.151.92, host: pr-hdds-2139-j8dx6-1450124282, networkLocation: /default-rack, certSerialId: null}, Type:RATIS, Factor:THREE, State:CLOSED]
org.apache.hadoop.hdds.scm.pipeline.PipelineNotFoundException: PipelineID=da3501bf-00c7-4d77-b6e8-32a3d63b87b7 not found
	at org.apache.hadoop.hdds.scm.pipeline.PipelineStateMap.getPipeline(PipelineStateMap.java:132)
	at org.apache.hadoop.hdds.scm.pipeline.PipelineStateMap.removePipeline(PipelineStateMap.java:322)
	at org.apache.hadoop.hdds.scm.pipeline.PipelineStateManager.removePipeline(PipelineStateManager.java:107)
	at org.apache.hadoop.hdds.scm.pipeline.SCMPipelineManager.removePipeline(SCMPipelineManager.java:423)
	at org.apache.hadoop.hdds.scm.pipeline.SCMPipelineManager.destroyPipeline(SCMPipelineManager.java:409)
	at org.apache.hadoop.hdds.scm.pipeline.SCMPipelineManager.lambda$finalizeAndDestroyPipeline$0(SCMPipelineManager.java:318)
	at org.apache.hadoop.utils.Scheduler.lambda$schedule$1(Scheduler.java:68)
	at java.util.concurrent.Executors$RunnableAdapter.call(Executors.java:511)
	at java.util.concurrent.FutureTask.run(FutureTask.java:266)
	at java.util.concurrent.ScheduledThreadPoolExecutor$ScheduledFutureTask.access$201(ScheduledThreadPoolExecutor.java:180)
	at java.util.concurrent.ScheduledThreadPoolExecutor$ScheduledFutureTask.run(ScheduledThreadPoolExecutor.java:293)
	at java.util.concurrent.ThreadPoolExecutor.runWorker(ThreadPoolExecutor.java:1149)
	at java.util.concurrent.ThreadPoolExecutor$Worker.run(ThreadPoolExecutor.java:624)
	at java.lang.Thread.run(Thread.java:748)
2019-09-17 03:21:23,526 [grpc-default-executor-3] INFO  client.GrpcClientProtocolClient (GrpcClientProtocolClient.java:onNext(264)) - client-FCF838B3A418->fb5c35a7-52ed-48ed-856a-22aafd4627bf: receive RaftClientReply:client-FCF838B3A418->fb5c35a7-52ed-48ed-856a-22aafd4627bf@group-89364A117DE9, cid=33, FAILED org.apache.ratis.protocol.NotLeaderException: Server fb5c35a7-52ed-48ed-856a-22aafd4627bf@group-89364A117DE9 is not the leader 2a454ec2-3cfa-49cf-9003-841835eb2002:192.168.151.92:33622, logIndex=0, commits[fb5c35a7-52ed-48ed-856a-22aafd4627bf:c12, f255fb19-c941-42ad-8caf-606d85b027b3:c10, 2a454ec2-3cfa-49cf-9003-841835eb2002:c12]
2019-09-17 03:21:23,915 [java.util.concurrent.ThreadPoolExecutor$Worker@2cfcc4f0[State = -1, empty queue]] WARN  server.GrpcLogAppender (GrpcLogAppender.java:timeoutAppendRequest(200)) - 2a454ec2-3cfa-49cf-9003-841835eb2002@group-89364A117DE9->fb5c35a7-52ed-48ed-856a-22aafd4627bf-GrpcLogAppender: appendEntries Timeout, request=2a454ec2-3cfa-49cf-9003-841835eb2002->fb5c35a7-52ed-48ed-856a-22aafd4627bf#100-t1, previous=(t:1, i:18), leaderCommit=12, initializing? false, entries: <empty>
2019-09-17 03:21:23,915 [java.util.concurrent.ThreadPoolExecutor$Worker@200c90e7[State = -1, empty queue]] WARN  server.GrpcLogAppender (GrpcLogAppender.java:timeoutAppendRequest(200)) - 2a454ec2-3cfa-49cf-9003-841835eb2002@group-89364A117DE9->f255fb19-c941-42ad-8caf-606d85b027b3-GrpcLogAppender: appendEntries Timeout, request=2a454ec2-3cfa-49cf-9003-841835eb2002->f255fb19-c941-42ad-8caf-606d85b027b3#100-t1, previous=(t:1, i:18), leaderCommit=12, initializing? false, entries: <empty>
2019-09-17 03:21:26,262 [grpc-default-executor-3] INFO  impl.RaftServerProxy (RaftServerProxy.java:remove(95)) - ae9625dc-248e-414f-955f-fccc978916e7: remove group-32A3D63B87B7:null
2019-09-17 03:21:26,270 [RatisPipelineUtilsThread] WARN  pipeline.RatisPipelineUtils (RatisPipelineUtils.java:destroyPipeline(66)) - Pipeline destroy failed for pipeline=PipelineID=da3501bf-00c7-4d77-b6e8-32a3d63b87b7 dn=ae9625dc-248e-414f-955f-fccc978916e7{ip: 192.168.151.92, host: pr-hdds-2139-j8dx6-1450124282, networkLocation: /default-rack, certSerialId: null}
2019-09-17 03:21:26,274 [grpc-default-executor-3] INFO  impl.RaftServerProxy (RaftServerProxy.java:remove(95)) - 1b957291-fe5b-420e-96dd-cc603eda7741: remove group-32A3D63B87B7:null
2019-09-17 03:21:26,281 [RatisPipelineUtilsThread] WARN  pipeline.RatisPipelineUtils (RatisPipelineUtils.java:destroyPipeline(66)) - Pipeline destroy failed for pipeline=PipelineID=da3501bf-00c7-4d77-b6e8-32a3d63b87b7 dn=1b957291-fe5b-420e-96dd-cc603eda7741{ip: 192.168.151.92, host: pr-hdds-2139-j8dx6-1450124282, networkLocation: /default-rack, certSerialId: null}
2019-09-17 03:21:26,284 [grpc-default-executor-3] INFO  impl.RaftServerProxy (RaftServerProxy.java:remove(95)) - 12c7e022-5f96-4d2f-bd6c-0cb832bfe0bc: remove group-32A3D63B87B7:null
2019-09-17 03:21:26,290 [RatisPipelineUtilsThread] WARN  pipeline.RatisPipelineUtils (RatisPipelineUtils.java:destroyPipeline(66)) - Pipeline destroy failed for pipeline=PipelineID=da3501bf-00c7-4d77-b6e8-32a3d63b87b7 dn=12c7e022-5f96-4d2f-bd6c-0cb832bfe0bc{ip: 192.168.151.92, host: pr-hdds-2139-j8dx6-1450124282, networkLocation: /default-rack, certSerialId: null}
2019-09-17 03:21:26,290 [RatisPipelineUtilsThread] ERROR pipeline.SCMPipelineManager (Scheduler.java:lambda$schedule$1(70)) - Destroy pipeline failed for pipeline:Pipeline[ Id: da3501bf-00c7-4d77-b6e8-32a3d63b87b7, Nodes: ae9625dc-248e-414f-955f-fccc978916e7{ip: 192.168.151.92, host: pr-hdds-2139-j8dx6-1450124282, networkLocation: /default-rack, certSerialId: null}1b957291-fe5b-420e-96dd-cc603eda7741{ip: 192.168.151.92, host: pr-hdds-2139-j8dx6-1450124282, networkLocation: /default-rack, certSerialId: null}12c7e022-5f96-4d2f-bd6c-0cb832bfe0bc{ip: 192.168.151.92, host: pr-hdds-2139-j8dx6-1450124282, networkLocation: /default-rack, certSerialId: null}, Type:RATIS, Factor:THREE, State:CLOSED]
org.apache.hadoop.hdds.scm.pipeline.PipelineNotFoundException: PipelineID=da3501bf-00c7-4d77-b6e8-32a3d63b87b7 not found
	at org.apache.hadoop.hdds.scm.pipeline.PipelineStateMap.getPipeline(PipelineStateMap.java:132)
	at org.apache.hadoop.hdds.scm.pipeline.PipelineStateMap.removePipeline(PipelineStateMap.java:322)
	at org.apache.hadoop.hdds.scm.pipeline.PipelineStateManager.removePipeline(PipelineStateManager.java:107)
	at org.apache.hadoop.hdds.scm.pipeline.SCMPipelineManager.removePipeline(SCMPipelineManager.java:423)
	at org.apache.hadoop.hdds.scm.pipeline.SCMPipelineManager.destroyPipeline(SCMPipelineManager.java:409)
	at org.apache.hadoop.hdds.scm.pipeline.SCMPipelineManager.lambda$finalizeAndDestroyPipeline$0(SCMPipelineManager.java:318)
	at org.apache.hadoop.utils.Scheduler.lambda$schedule$1(Scheduler.java:68)
	at java.util.concurrent.Executors$RunnableAdapter.call(Executors.java:511)
	at java.util.concurrent.FutureTask.run(FutureTask.java:266)
	at java.util.concurrent.ScheduledThreadPoolExecutor$ScheduledFutureTask.access$201(ScheduledThreadPoolExecutor.java:180)
	at java.util.concurrent.ScheduledThreadPoolExecutor$ScheduledFutureTask.run(ScheduledThreadPoolExecutor.java:293)
	at java.util.concurrent.ThreadPoolExecutor.runWorker(ThreadPoolExecutor.java:1149)
	at java.util.concurrent.ThreadPoolExecutor$Worker.run(ThreadPoolExecutor.java:624)
	at java.lang.Thread.run(Thread.java:748)
2019-09-17 03:21:26,416 [java.util.concurrent.ThreadPoolExecutor$Worker@200c90e7[State = -1, empty queue]] WARN  server.GrpcLogAppender (GrpcLogAppender.java:timeoutAppendRequest(200)) - 2a454ec2-3cfa-49cf-9003-841835eb2002@group-89364A117DE9->f255fb19-c941-42ad-8caf-606d85b027b3-GrpcLogAppender: appendEntries Timeout, request=2a454ec2-3cfa-49cf-9003-841835eb2002->f255fb19-c941-42ad-8caf-606d85b027b3#101-t1, previous=(t:1, i:18), leaderCommit=12, initializing? false, entries: <empty>
2019-09-17 03:21:26,416 [java.util.concurrent.ThreadPoolExecutor$Worker@2cfcc4f0[State = -1, empty queue]] WARN  server.GrpcLogAppender (GrpcLogAppender.java:timeoutAppendRequest(200)) - 2a454ec2-3cfa-49cf-9003-841835eb2002@group-89364A117DE9->fb5c35a7-52ed-48ed-856a-22aafd4627bf-GrpcLogAppender: appendEntries Timeout, request=2a454ec2-3cfa-49cf-9003-841835eb2002->fb5c35a7-52ed-48ed-856a-22aafd4627bf#101-t1, previous=(t:1, i:18), leaderCommit=12, initializing? false, entries: <empty>
2019-09-17 03:21:28,263 [grpc-default-executor-3] INFO  impl.RaftServerProxy (RaftServerProxy.java:remove(95)) - ae9625dc-248e-414f-955f-fccc978916e7: remove group-32A3D63B87B7:null
2019-09-17 03:21:28,270 [RatisPipelineUtilsThread] WARN  pipeline.RatisPipelineUtils (RatisPipelineUtils.java:destroyPipeline(66)) - Pipeline destroy failed for pipeline=PipelineID=da3501bf-00c7-4d77-b6e8-32a3d63b87b7 dn=ae9625dc-248e-414f-955f-fccc978916e7{ip: 192.168.151.92, host: pr-hdds-2139-j8dx6-1450124282, networkLocation: /default-rack, certSerialId: null}
2019-09-17 03:21:28,274 [grpc-default-executor-3] INFO  impl.RaftServerProxy (RaftServerProxy.java:remove(95)) - 1b957291-fe5b-420e-96dd-cc603eda7741: remove group-32A3D63B87B7:null
2019-09-17 03:21:28,280 [RatisPipelineUtilsThread] WARN  pipeline.RatisPipelineUtils (RatisPipelineUtils.java:destroyPipeline(66)) - Pipeline destroy failed for pipeline=PipelineID=da3501bf-00c7-4d77-b6e8-32a3d63b87b7 dn=1b957291-fe5b-420e-96dd-cc603eda7741{ip: 192.168.151.92, host: pr-hdds-2139-j8dx6-1450124282, networkLocation: /default-rack, certSerialId: null}
2019-09-17 03:21:28,284 [grpc-default-executor-3] INFO  impl.RaftServerProxy (RaftServerProxy.java:remove(95)) - 12c7e022-5f96-4d2f-bd6c-0cb832bfe0bc: remove group-32A3D63B87B7:null
2019-09-17 03:21:28,289 [RatisPipelineUtilsThread] WARN  pipeline.RatisPipelineUtils (RatisPipelineUtils.java:destroyPipeline(66)) - Pipeline destroy failed for pipeline=PipelineID=da3501bf-00c7-4d77-b6e8-32a3d63b87b7 dn=12c7e022-5f96-4d2f-bd6c-0cb832bfe0bc{ip: 192.168.151.92, host: pr-hdds-2139-j8dx6-1450124282, networkLocation: /default-rack, certSerialId: null}
2019-09-17 03:21:28,290 [RatisPipelineUtilsThread] ERROR pipeline.SCMPipelineManager (Scheduler.java:lambda$schedule$1(70)) - Destroy pipeline failed for pipeline:Pipeline[ Id: da3501bf-00c7-4d77-b6e8-32a3d63b87b7, Nodes: ae9625dc-248e-414f-955f-fccc978916e7{ip: 192.168.151.92, host: pr-hdds-2139-j8dx6-1450124282, networkLocation: /default-rack, certSerialId: null}1b957291-fe5b-420e-96dd-cc603eda7741{ip: 192.168.151.92, host: pr-hdds-2139-j8dx6-1450124282, networkLocation: /default-rack, certSerialId: null}12c7e022-5f96-4d2f-bd6c-0cb832bfe0bc{ip: 192.168.151.92, host: pr-hdds-2139-j8dx6-1450124282, networkLocation: /default-rack, certSerialId: null}, Type:RATIS, Factor:THREE, State:CLOSED]
org.apache.hadoop.hdds.scm.pipeline.PipelineNotFoundException: PipelineID=da3501bf-00c7-4d77-b6e8-32a3d63b87b7 not found
	at org.apache.hadoop.hdds.scm.pipeline.PipelineStateMap.getPipeline(PipelineStateMap.java:132)
	at org.apache.hadoop.hdds.scm.pipeline.PipelineStateMap.removePipeline(PipelineStateMap.java:322)
	at org.apache.hadoop.hdds.scm.pipeline.PipelineStateManager.removePipeline(PipelineStateManager.java:107)
	at org.apache.hadoop.hdds.scm.pipeline.SCMPipelineManager.removePipeline(SCMPipelineManager.java:423)
	at org.apache.hadoop.hdds.scm.pipeline.SCMPipelineManager.destroyPipeline(SCMPipelineManager.java:409)
	at org.apache.hadoop.hdds.scm.pipeline.SCMPipelineManager.lambda$finalizeAndDestroyPipeline$0(SCMPipelineManager.java:318)
	at org.apache.hadoop.utils.Scheduler.lambda$schedule$1(Scheduler.java:68)
	at java.util.concurrent.Executors$RunnableAdapter.call(Executors.java:511)
	at java.util.concurrent.FutureTask.run(FutureTask.java:266)
	at java.util.concurrent.ScheduledThreadPoolExecutor$ScheduledFutureTask.access$201(ScheduledThreadPoolExecutor.java:180)
	at java.util.concurrent.ScheduledThreadPoolExecutor$ScheduledFutureTask.run(ScheduledThreadPoolExecutor.java:293)
	at java.util.concurrent.ThreadPoolExecutor.runWorker(ThreadPoolExecutor.java:1149)
	at java.util.concurrent.ThreadPoolExecutor$Worker.run(ThreadPoolExecutor.java:624)
	at java.lang.Thread.run(Thread.java:748)
2019-09-17 03:21:28,539 [f255fb19-c941-42ad-8caf-606d85b027b3@group-89364A117DE9-SegmentedRaftLogWorker] WARN  segmented.SegmentedRaftLogWorker (SegmentedRaftLogWorker.java:getFromFuture(90)) - Timeout 1/~
org.apache.ratis.protocol.TimeoutIOException: Timeout 10s: WriteLog:14: (t:1, i:14), STATEMACHINELOGENTRY, client-FCF838B3A418, cid=34-writeStateMachineData
	at org.apache.ratis.util.IOUtils.getFromFuture(IOUtils.java:87)
	at org.apache.ratis.server.raftlog.segmented.SegmentedRaftLogWorker$StateMachineDataPolicy.getFromFuture(SegmentedRaftLogWorker.java:87)
	at org.apache.ratis.server.raftlog.segmented.SegmentedRaftLogWorker$WriteLog.execute(SegmentedRaftLogWorker.java:477)
	at org.apache.ratis.server.raftlog.segmented.SegmentedRaftLogWorker.run(SegmentedRaftLogWorker.java:289)
	at java.lang.Thread.run(Thread.java:748)
Caused by: java.util.concurrent.TimeoutException
	at java.util.concurrent.CompletableFuture.timedGet(CompletableFuture.java:1771)
	at java.util.concurrent.CompletableFuture.get(CompletableFuture.java:1915)
	at org.apache.ratis.util.IOUtils.getFromFuture(IOUtils.java:79)
	... 4 more
2019-09-17 03:21:28,540 [fb5c35a7-52ed-48ed-856a-22aafd4627bf@group-89364A117DE9-SegmentedRaftLogWorker] WARN  segmented.SegmentedRaftLogWorker (SegmentedRaftLogWorker.java:getFromFuture(90)) - Timeout 1/~
org.apache.ratis.protocol.TimeoutIOException: Timeout 10s: WriteLog:14: (t:1, i:14), STATEMACHINELOGENTRY, client-FCF838B3A418, cid=34-writeStateMachineData
	at org.apache.ratis.util.IOUtils.getFromFuture(IOUtils.java:87)
	at org.apache.ratis.server.raftlog.segmented.SegmentedRaftLogWorker$StateMachineDataPolicy.getFromFuture(SegmentedRaftLogWorker.java:87)
	at org.apache.ratis.server.raftlog.segmented.SegmentedRaftLogWorker$WriteLog.execute(SegmentedRaftLogWorker.java:477)
	at org.apache.ratis.server.raftlog.segmented.SegmentedRaftLogWorker.run(SegmentedRaftLogWorker.java:289)
	at java.lang.Thread.run(Thread.java:748)
Caused by: java.util.concurrent.TimeoutException
	at java.util.concurrent.CompletableFuture.timedGet(CompletableFuture.java:1771)
	at java.util.concurrent.CompletableFuture.get(CompletableFuture.java:1915)
	at org.apache.ratis.util.IOUtils.getFromFuture(IOUtils.java:79)
	... 4 more
2019-09-17 03:21:28,540 [2a454ec2-3cfa-49cf-9003-841835eb2002@group-89364A117DE9-SegmentedRaftLogWorker] WARN  segmented.SegmentedRaftLogWorker (SegmentedRaftLogWorker.java:getFromFuture(90)) - Timeout 1/~
org.apache.ratis.protocol.TimeoutIOException: Timeout 10s: WriteLog:14: (t:1, i:14), STATEMACHINELOGENTRY, client-FCF838B3A418, cid=34-writeStateMachineData
	at org.apache.ratis.util.IOUtils.getFromFuture(IOUtils.java:87)
	at org.apache.ratis.server.raftlog.segmented.SegmentedRaftLogWorker$StateMachineDataPolicy.getFromFuture(SegmentedRaftLogWorker.java:87)
	at org.apache.ratis.server.raftlog.segmented.SegmentedRaftLogWorker$WriteLog.execute(SegmentedRaftLogWorker.java:477)
	at org.apache.ratis.server.raftlog.segmented.SegmentedRaftLogWorker.run(SegmentedRaftLogWorker.java:289)
	at java.lang.Thread.run(Thread.java:748)
Caused by: java.util.concurrent.TimeoutException
	at java.util.concurrent.CompletableFuture.timedGet(CompletableFuture.java:1771)
	at java.util.concurrent.CompletableFuture.get(CompletableFuture.java:1915)
	at org.apache.ratis.util.IOUtils.getFromFuture(IOUtils.java:79)
	... 4 more
2019-09-17 03:21:28,569 [grpc-default-executor-4] INFO  client.GrpcClientProtocolClient (GrpcClientProtocolClient.java:onNext(264)) - client-FCF838B3A418->fb5c35a7-52ed-48ed-856a-22aafd4627bf: receive RaftClientReply:client-FCF838B3A418->fb5c35a7-52ed-48ed-856a-22aafd4627bf@group-89364A117DE9, cid=33, FAILED org.apache.ratis.protocol.NotLeaderException: Server fb5c35a7-52ed-48ed-856a-22aafd4627bf@group-89364A117DE9 is not the leader 2a454ec2-3cfa-49cf-9003-841835eb2002:192.168.151.92:33622, logIndex=0, commits[fb5c35a7-52ed-48ed-856a-22aafd4627bf:c12, f255fb19-c941-42ad-8caf-606d85b027b3:c10, 2a454ec2-3cfa-49cf-9003-841835eb2002:c12]
2019-09-17 03:21:28,916 [java.util.concurrent.ThreadPoolExecutor$Worker@2cfcc4f0[State = -1, empty queue]] WARN  server.GrpcLogAppender (GrpcLogAppender.java:timeoutAppendRequest(200)) - 2a454ec2-3cfa-49cf-9003-841835eb2002@group-89364A117DE9->fb5c35a7-52ed-48ed-856a-22aafd4627bf-GrpcLogAppender: appendEntries Timeout, request=2a454ec2-3cfa-49cf-9003-841835eb2002->fb5c35a7-52ed-48ed-856a-22aafd4627bf#102-t1, previous=(t:1, i:18), leaderCommit=12, initializing? false, entries: <empty>
2019-09-17 03:21:28,916 [java.util.concurrent.ThreadPoolExecutor$Worker@200c90e7[State = -1, empty queue]] WARN  server.GrpcLogAppender (GrpcLogAppender.java:timeoutAppendRequest(200)) - 2a454ec2-3cfa-49cf-9003-841835eb2002@group-89364A117DE9->f255fb19-c941-42ad-8caf-606d85b027b3-GrpcLogAppender: appendEntries Timeout, request=2a454ec2-3cfa-49cf-9003-841835eb2002->f255fb19-c941-42ad-8caf-606d85b027b3#102-t1, previous=(t:1, i:18), leaderCommit=12, initializing? false, entries: <empty>
2019-09-17 03:21:31,266 [grpc-default-executor-3] INFO  impl.RaftServerProxy (RaftServerProxy.java:remove(95)) - ae9625dc-248e-414f-955f-fccc978916e7: remove group-32A3D63B87B7:null
2019-09-17 03:21:31,273 [RatisPipelineUtilsThread] WARN  pipeline.RatisPipelineUtils (RatisPipelineUtils.java:destroyPipeline(66)) - Pipeline destroy failed for pipeline=PipelineID=da3501bf-00c7-4d77-b6e8-32a3d63b87b7 dn=ae9625dc-248e-414f-955f-fccc978916e7{ip: 192.168.151.92, host: pr-hdds-2139-j8dx6-1450124282, networkLocation: /default-rack, certSerialId: null}
2019-09-17 03:21:31,277 [grpc-default-executor-3] INFO  impl.RaftServerProxy (RaftServerProxy.java:remove(95)) - 1b957291-fe5b-420e-96dd-cc603eda7741: remove group-32A3D63B87B7:null
2019-09-17 03:21:31,282 [RatisPipelineUtilsThread] WARN  pipeline.RatisPipelineUtils (RatisPipelineUtils.java:destroyPipeline(66)) - Pipeline destroy failed for pipeline=PipelineID=da3501bf-00c7-4d77-b6e8-32a3d63b87b7 dn=1b957291-fe5b-420e-96dd-cc603eda7741{ip: 192.168.151.92, host: pr-hdds-2139-j8dx6-1450124282, networkLocation: /default-rack, certSerialId: null}
2019-09-17 03:21:31,285 [grpc-default-executor-3] INFO  impl.RaftServerProxy (RaftServerProxy.java:remove(95)) - 12c7e022-5f96-4d2f-bd6c-0cb832bfe0bc: remove group-32A3D63B87B7:null
2019-09-17 03:21:31,290 [RatisPipelineUtilsThread] WARN  pipeline.RatisPipelineUtils (RatisPipelineUtils.java:destroyPipeline(66)) - Pipeline destroy failed for pipeline=PipelineID=da3501bf-00c7-4d77-b6e8-32a3d63b87b7 dn=12c7e022-5f96-4d2f-bd6c-0cb832bfe0bc{ip: 192.168.151.92, host: pr-hdds-2139-j8dx6-1450124282, networkLocation: /default-rack, certSerialId: null}
2019-09-17 03:21:31,290 [RatisPipelineUtilsThread] ERROR pipeline.SCMPipelineManager (Scheduler.java:lambda$schedule$1(70)) - Destroy pipeline failed for pipeline:Pipeline[ Id: da3501bf-00c7-4d77-b6e8-32a3d63b87b7, Nodes: ae9625dc-248e-414f-955f-fccc978916e7{ip: 192.168.151.92, host: pr-hdds-2139-j8dx6-1450124282, networkLocation: /default-rack, certSerialId: null}1b957291-fe5b-420e-96dd-cc603eda7741{ip: 192.168.151.92, host: pr-hdds-2139-j8dx6-1450124282, networkLocation: /default-rack, certSerialId: null}12c7e022-5f96-4d2f-bd6c-0cb832bfe0bc{ip: 192.168.151.92, host: pr-hdds-2139-j8dx6-1450124282, networkLocation: /default-rack, certSerialId: null}, Type:RATIS, Factor:THREE, State:CLOSED]
org.apache.hadoop.hdds.scm.pipeline.PipelineNotFoundException: PipelineID=da3501bf-00c7-4d77-b6e8-32a3d63b87b7 not found
	at org.apache.hadoop.hdds.scm.pipeline.PipelineStateMap.getPipeline(PipelineStateMap.java:132)
	at org.apache.hadoop.hdds.scm.pipeline.PipelineStateMap.removePipeline(PipelineStateMap.java:322)
	at org.apache.hadoop.hdds.scm.pipeline.PipelineStateManager.removePipeline(PipelineStateManager.java:107)
	at org.apache.hadoop.hdds.scm.pipeline.SCMPipelineManager.removePipeline(SCMPipelineManager.java:423)
	at org.apache.hadoop.hdds.scm.pipeline.SCMPipelineManager.destroyPipeline(SCMPipelineManager.java:409)
	at org.apache.hadoop.hdds.scm.pipeline.SCMPipelineManager.lambda$finalizeAndDestroyPipeline$0(SCMPipelineManager.java:318)
	at org.apache.hadoop.utils.Scheduler.lambda$schedule$1(Scheduler.java:68)
	at java.util.concurrent.Executors$RunnableAdapter.call(Executors.java:511)
	at java.util.concurrent.FutureTask.run(FutureTask.java:266)
	at java.util.concurrent.ScheduledThreadPoolExecutor$ScheduledFutureTask.access$201(ScheduledThreadPoolExecutor.java:180)
	at java.util.concurrent.ScheduledThreadPoolExecutor$ScheduledFutureTask.run(ScheduledThreadPoolExecutor.java:293)
	at java.util.concurrent.ThreadPoolExecutor.runWorker(ThreadPoolExecutor.java:1149)
	at java.util.concurrent.ThreadPoolExecutor$Worker.run(ThreadPoolExecutor.java:624)
	at java.lang.Thread.run(Thread.java:748)
2019-09-17 03:21:31,417 [java.util.concurrent.ThreadPoolExecutor$Worker@2cfcc4f0[State = -1, empty queue]] WARN  server.GrpcLogAppender (GrpcLogAppender.java:timeoutAppendRequest(200)) - 2a454ec2-3cfa-49cf-9003-841835eb2002@group-89364A117DE9->fb5c35a7-52ed-48ed-856a-22aafd4627bf-GrpcLogAppender: appendEntries Timeout, request=2a454ec2-3cfa-49cf-9003-841835eb2002->fb5c35a7-52ed-48ed-856a-22aafd4627bf#103-t1, previous=(t:1, i:18), leaderCommit=12, initializing? false, entries: <empty>
2019-09-17 03:21:31,417 [java.util.concurrent.ThreadPoolExecutor$Worker@200c90e7[State = -1, empty queue]] WARN  server.GrpcLogAppender (GrpcLogAppender.java:timeoutAppendRequest(200)) - 2a454ec2-3cfa-49cf-9003-841835eb2002@group-89364A117DE9->f255fb19-c941-42ad-8caf-606d85b027b3-GrpcLogAppender: appendEntries Timeout, request=2a454ec2-3cfa-49cf-9003-841835eb2002->f255fb19-c941-42ad-8caf-606d85b027b3#103-t1, previous=(t:1, i:18), leaderCommit=12, initializing? false, entries: <empty>
2019-09-17 03:21:33,265 [grpc-default-executor-4] INFO  impl.RaftServerProxy (RaftServerProxy.java:remove(95)) - ae9625dc-248e-414f-955f-fccc978916e7: remove group-32A3D63B87B7:null
2019-09-17 03:21:33,273 [RatisPipelineUtilsThread] WARN  pipeline.RatisPipelineUtils (RatisPipelineUtils.java:destroyPipeline(66)) - Pipeline destroy failed for pipeline=PipelineID=da3501bf-00c7-4d77-b6e8-32a3d63b87b7 dn=ae9625dc-248e-414f-955f-fccc978916e7{ip: 192.168.151.92, host: pr-hdds-2139-j8dx6-1450124282, networkLocation: /default-rack, certSerialId: null}
2019-09-17 03:21:33,277 [grpc-default-executor-4] INFO  impl.RaftServerProxy (RaftServerProxy.java:remove(95)) - 1b957291-fe5b-420e-96dd-cc603eda7741: remove group-32A3D63B87B7:null
2019-09-17 03:21:33,283 [RatisPipelineUtilsThread] WARN  pipeline.RatisPipelineUtils (RatisPipelineUtils.java:destroyPipeline(66)) - Pipeline destroy failed for pipeline=PipelineID=da3501bf-00c7-4d77-b6e8-32a3d63b87b7 dn=1b957291-fe5b-420e-96dd-cc603eda7741{ip: 192.168.151.92, host: pr-hdds-2139-j8dx6-1450124282, networkLocation: /default-rack, certSerialId: null}
2019-09-17 03:21:33,286 [grpc-default-executor-4] INFO  impl.RaftServerProxy (RaftServerProxy.java:remove(95)) - 12c7e022-5f96-4d2f-bd6c-0cb832bfe0bc: remove group-32A3D63B87B7:null
2019-09-17 03:21:33,292 [RatisPipelineUtilsThread] WARN  pipeline.RatisPipelineUtils (RatisPipelineUtils.java:destroyPipeline(66)) - Pipeline destroy failed for pipeline=PipelineID=da3501bf-00c7-4d77-b6e8-32a3d63b87b7 dn=12c7e022-5f96-4d2f-bd6c-0cb832bfe0bc{ip: 192.168.151.92, host: pr-hdds-2139-j8dx6-1450124282, networkLocation: /default-rack, certSerialId: null}
2019-09-17 03:21:33,292 [RatisPipelineUtilsThread] ERROR pipeline.SCMPipelineManager (Scheduler.java:lambda$schedule$1(70)) - Destroy pipeline failed for pipeline:Pipeline[ Id: da3501bf-00c7-4d77-b6e8-32a3d63b87b7, Nodes: ae9625dc-248e-414f-955f-fccc978916e7{ip: 192.168.151.92, host: pr-hdds-2139-j8dx6-1450124282, networkLocation: /default-rack, certSerialId: null}1b957291-fe5b-420e-96dd-cc603eda7741{ip: 192.168.151.92, host: pr-hdds-2139-j8dx6-1450124282, networkLocation: /default-rack, certSerialId: null}12c7e022-5f96-4d2f-bd6c-0cb832bfe0bc{ip: 192.168.151.92, host: pr-hdds-2139-j8dx6-1450124282, networkLocation: /default-rack, certSerialId: null}, Type:RATIS, Factor:THREE, State:CLOSED]
org.apache.hadoop.hdds.scm.pipeline.PipelineNotFoundException: PipelineID=da3501bf-00c7-4d77-b6e8-32a3d63b87b7 not found
	at org.apache.hadoop.hdds.scm.pipeline.PipelineStateMap.getPipeline(PipelineStateMap.java:132)
	at org.apache.hadoop.hdds.scm.pipeline.PipelineStateMap.removePipeline(PipelineStateMap.java:322)
	at org.apache.hadoop.hdds.scm.pipeline.PipelineStateManager.removePipeline(PipelineStateManager.java:107)
	at org.apache.hadoop.hdds.scm.pipeline.SCMPipelineManager.removePipeline(SCMPipelineManager.java:423)
	at org.apache.hadoop.hdds.scm.pipeline.SCMPipelineManager.destroyPipeline(SCMPipelineManager.java:409)
	at org.apache.hadoop.hdds.scm.pipeline.SCMPipelineManager.lambda$finalizeAndDestroyPipeline$0(SCMPipelineManager.java:318)
	at org.apache.hadoop.utils.Scheduler.lambda$schedule$1(Scheduler.java:68)
	at java.util.concurrent.Executors$RunnableAdapter.call(Executors.java:511)
	at java.util.concurrent.FutureTask.run(FutureTask.java:266)
	at java.util.concurrent.ScheduledThreadPoolExecutor$ScheduledFutureTask.access$201(ScheduledThreadPoolExecutor.java:180)
	at java.util.concurrent.ScheduledThreadPoolExecutor$ScheduledFutureTask.run(ScheduledThreadPoolExecutor.java:293)
	at java.util.concurrent.ThreadPoolExecutor.runWorker(ThreadPoolExecutor.java:1149)
	at java.util.concurrent.ThreadPoolExecutor$Worker.run(ThreadPoolExecutor.java:624)
	at java.lang.Thread.run(Thread.java:748)
2019-09-17 03:21:33,606 [grpc-default-executor-4] INFO  client.GrpcClientProtocolClient (GrpcClientProtocolClient.java:onNext(264)) - client-FCF838B3A418->f255fb19-c941-42ad-8caf-606d85b027b3: receive RaftClientReply:client-FCF838B3A418->f255fb19-c941-42ad-8caf-606d85b027b3@group-89364A117DE9, cid=33, FAILED org.apache.ratis.protocol.NotLeaderException: Server f255fb19-c941-42ad-8caf-606d85b027b3@group-89364A117DE9 is not the leader 2a454ec2-3cfa-49cf-9003-841835eb2002:192.168.151.92:33622, logIndex=0, commits[f255fb19-c941-42ad-8caf-606d85b027b3:c12, fb5c35a7-52ed-48ed-856a-22aafd4627bf:c10, 2a454ec2-3cfa-49cf-9003-841835eb2002:c12]
2019-09-17 03:21:33,917 [java.util.concurrent.ThreadPoolExecutor$Worker@200c90e7[State = -1, empty queue]] WARN  server.GrpcLogAppender (GrpcLogAppender.java:timeoutAppendRequest(200)) - 2a454ec2-3cfa-49cf-9003-841835eb2002@group-89364A117DE9->f255fb19-c941-42ad-8caf-606d85b027b3-GrpcLogAppender: appendEntries Timeout, request=2a454ec2-3cfa-49cf-9003-841835eb2002->f255fb19-c941-42ad-8caf-606d85b027b3#104-t1, previous=(t:1, i:18), leaderCommit=12, initializing? false, entries: <empty>
2019-09-17 03:21:33,917 [java.util.concurrent.ThreadPoolExecutor$Worker@2cfcc4f0[State = -1, empty queue]] WARN  server.GrpcLogAppender (GrpcLogAppender.java:timeoutAppendRequest(200)) - 2a454ec2-3cfa-49cf-9003-841835eb2002@group-89364A117DE9->fb5c35a7-52ed-48ed-856a-22aafd4627bf-GrpcLogAppender: appendEntries Timeout, request=2a454ec2-3cfa-49cf-9003-841835eb2002->fb5c35a7-52ed-48ed-856a-22aafd4627bf#104-t1, previous=(t:1, i:18), leaderCommit=12, initializing? false, entries: <empty>
2019-09-17 03:21:36,275 [grpc-default-executor-3] INFO  impl.RaftServerProxy (RaftServerProxy.java:remove(95)) - ae9625dc-248e-414f-955f-fccc978916e7: remove group-32A3D63B87B7:null
2019-09-17 03:21:36,285 [RatisPipelineUtilsThread] WARN  pipeline.RatisPipelineUtils (RatisPipelineUtils.java:destroyPipeline(66)) - Pipeline destroy failed for pipeline=PipelineID=da3501bf-00c7-4d77-b6e8-32a3d63b87b7 dn=ae9625dc-248e-414f-955f-fccc978916e7{ip: 192.168.151.92, host: pr-hdds-2139-j8dx6-1450124282, networkLocation: /default-rack, certSerialId: null}
2019-09-17 03:21:36,289 [grpc-default-executor-3] INFO  impl.RaftServerProxy (RaftServerProxy.java:remove(95)) - 1b957291-fe5b-420e-96dd-cc603eda7741: remove group-32A3D63B87B7:null
2019-09-17 03:21:36,294 [RatisPipelineUtilsThread] WARN  pipeline.RatisPipelineUtils (RatisPipelineUtils.java:destroyPipeline(66)) - Pipeline destroy failed for pipeline=PipelineID=da3501bf-00c7-4d77-b6e8-32a3d63b87b7 dn=1b957291-fe5b-420e-96dd-cc603eda7741{ip: 192.168.151.92, host: pr-hdds-2139-j8dx6-1450124282, networkLocation: /default-rack, certSerialId: null}
2019-09-17 03:21:36,298 [grpc-default-executor-3] INFO  impl.RaftServerProxy (RaftServerProxy.java:remove(95)) - 12c7e022-5f96-4d2f-bd6c-0cb832bfe0bc: remove group-32A3D63B87B7:null
2019-09-17 03:21:36,303 [RatisPipelineUtilsThread] WARN  pipeline.RatisPipelineUtils (RatisPipelineUtils.java:destroyPipeline(66)) - Pipeline destroy failed for pipeline=PipelineID=da3501bf-00c7-4d77-b6e8-32a3d63b87b7 dn=12c7e022-5f96-4d2f-bd6c-0cb832bfe0bc{ip: 192.168.151.92, host: pr-hdds-2139-j8dx6-1450124282, networkLocation: /default-rack, certSerialId: null}
2019-09-17 03:21:36,304 [RatisPipelineUtilsThread] ERROR pipeline.SCMPipelineManager (Scheduler.java:lambda$schedule$1(70)) - Destroy pipeline failed for pipeline:Pipeline[ Id: da3501bf-00c7-4d77-b6e8-32a3d63b87b7, Nodes: ae9625dc-248e-414f-955f-fccc978916e7{ip: 192.168.151.92, host: pr-hdds-2139-j8dx6-1450124282, networkLocation: /default-rack, certSerialId: null}1b957291-fe5b-420e-96dd-cc603eda7741{ip: 192.168.151.92, host: pr-hdds-2139-j8dx6-1450124282, networkLocation: /default-rack, certSerialId: null}12c7e022-5f96-4d2f-bd6c-0cb832bfe0bc{ip: 192.168.151.92, host: pr-hdds-2139-j8dx6-1450124282, networkLocation: /default-rack, certSerialId: null}, Type:RATIS, Factor:THREE, State:CLOSED]
org.apache.hadoop.hdds.scm.pipeline.PipelineNotFoundException: PipelineID=da3501bf-00c7-4d77-b6e8-32a3d63b87b7 not found
	at org.apache.hadoop.hdds.scm.pipeline.PipelineStateMap.getPipeline(PipelineStateMap.java:132)
	at org.apache.hadoop.hdds.scm.pipeline.PipelineStateMap.removePipeline(PipelineStateMap.java:322)
	at org.apache.hadoop.hdds.scm.pipeline.PipelineStateManager.removePipeline(PipelineStateManager.java:107)
	at org.apache.hadoop.hdds.scm.pipeline.SCMPipelineManager.removePipeline(SCMPipelineManager.java:423)
	at org.apache.hadoop.hdds.scm.pipeline.SCMPipelineManager.destroyPipeline(SCMPipelineManager.java:409)
	at org.apache.hadoop.hdds.scm.pipeline.SCMPipelineManager.lambda$finalizeAndDestroyPipeline$0(SCMPipelineManager.java:318)
	at org.apache.hadoop.utils.Scheduler.lambda$schedule$1(Scheduler.java:68)
	at java.util.concurrent.Executors$RunnableAdapter.call(Executors.java:511)
	at java.util.concurrent.FutureTask.run(FutureTask.java:266)
	at java.util.concurrent.ScheduledThreadPoolExecutor$ScheduledFutureTask.access$201(ScheduledThreadPoolExecutor.java:180)
	at java.util.concurrent.ScheduledThreadPoolExecutor$ScheduledFutureTask.run(ScheduledThreadPoolExecutor.java:293)
	at java.util.concurrent.ThreadPoolExecutor.runWorker(ThreadPoolExecutor.java:1149)
	at java.util.concurrent.ThreadPoolExecutor$Worker.run(ThreadPoolExecutor.java:624)
	at java.lang.Thread.run(Thread.java:748)
2019-09-17 03:21:36,417 [java.util.concurrent.ThreadPoolExecutor$Worker@200c90e7[State = -1, empty queue]] WARN  server.GrpcLogAppender (GrpcLogAppender.java:timeoutAppendRequest(200)) - 2a454ec2-3cfa-49cf-9003-841835eb2002@group-89364A117DE9->f255fb19-c941-42ad-8caf-606d85b027b3-GrpcLogAppender: appendEntries Timeout, request=2a454ec2-3cfa-49cf-9003-841835eb2002->f255fb19-c941-42ad-8caf-606d85b027b3#105-t1, previous=(t:1, i:18), leaderCommit=12, initializing? false, entries: <empty>
2019-09-17 03:21:36,417 [java.util.concurrent.ThreadPoolExecutor$Worker@2cfcc4f0[State = -1, empty queue]] WARN  server.GrpcLogAppender (GrpcLogAppender.java:timeoutAppendRequest(200)) - 2a454ec2-3cfa-49cf-9003-841835eb2002@group-89364A117DE9->fb5c35a7-52ed-48ed-856a-22aafd4627bf-GrpcLogAppender: appendEntries Timeout, request=2a454ec2-3cfa-49cf-9003-841835eb2002->fb5c35a7-52ed-48ed-856a-22aafd4627bf#105-t1, previous=(t:1, i:18), leaderCommit=12, initializing? false, entries: <empty>
2019-09-17 03:21:38,362 [grpc-default-executor-3] INFO  impl.RaftServerProxy (RaftServerProxy.java:remove(95)) - ae9625dc-248e-414f-955f-fccc978916e7: remove group-32A3D63B87B7:null
2019-09-17 03:21:38,373 [RatisPipelineUtilsThread] WARN  pipeline.RatisPipelineUtils (RatisPipelineUtils.java:destroyPipeline(66)) - Pipeline destroy failed for pipeline=PipelineID=da3501bf-00c7-4d77-b6e8-32a3d63b87b7 dn=ae9625dc-248e-414f-955f-fccc978916e7{ip: 192.168.151.92, host: pr-hdds-2139-j8dx6-1450124282, networkLocation: /default-rack, certSerialId: null}
2019-09-17 03:21:38,376 [grpc-default-executor-3] INFO  impl.RaftServerProxy (RaftServerProxy.java:remove(95)) - 1b957291-fe5b-420e-96dd-cc603eda7741: remove group-32A3D63B87B7:null
2019-09-17 03:21:38,396 [RatisPipelineUtilsThread] WARN  pipeline.RatisPipelineUtils (RatisPipelineUtils.java:destroyPipeline(66)) - Pipeline destroy failed for pipeline=PipelineID=da3501bf-00c7-4d77-b6e8-32a3d63b87b7 dn=1b957291-fe5b-420e-96dd-cc603eda7741{ip: 192.168.151.92, host: pr-hdds-2139-j8dx6-1450124282, networkLocation: /default-rack, certSerialId: null}
2019-09-17 03:21:38,400 [grpc-default-executor-3] INFO  impl.RaftServerProxy (RaftServerProxy.java:remove(95)) - 12c7e022-5f96-4d2f-bd6c-0cb832bfe0bc: remove group-32A3D63B87B7:null
2019-09-17 03:21:38,404 [RatisPipelineUtilsThread] WARN  pipeline.RatisPipelineUtils (RatisPipelineUtils.java:destroyPipeline(66)) - Pipeline destroy failed for pipeline=PipelineID=da3501bf-00c7-4d77-b6e8-32a3d63b87b7 dn=12c7e022-5f96-4d2f-bd6c-0cb832bfe0bc{ip: 192.168.151.92, host: pr-hdds-2139-j8dx6-1450124282, networkLocation: /default-rack, certSerialId: null}
2019-09-17 03:21:38,404 [RatisPipelineUtilsThread] ERROR pipeline.SCMPipelineManager (Scheduler.java:lambda$schedule$1(70)) - Destroy pipeline failed for pipeline:Pipeline[ Id: da3501bf-00c7-4d77-b6e8-32a3d63b87b7, Nodes: ae9625dc-248e-414f-955f-fccc978916e7{ip: 192.168.151.92, host: pr-hdds-2139-j8dx6-1450124282, networkLocation: /default-rack, certSerialId: null}1b957291-fe5b-420e-96dd-cc603eda7741{ip: 192.168.151.92, host: pr-hdds-2139-j8dx6-1450124282, networkLocation: /default-rack, certSerialId: null}12c7e022-5f96-4d2f-bd6c-0cb832bfe0bc{ip: 192.168.151.92, host: pr-hdds-2139-j8dx6-1450124282, networkLocation: /default-rack, certSerialId: null}, Type:RATIS, Factor:THREE, State:CLOSED]
org.apache.hadoop.hdds.scm.pipeline.PipelineNotFoundException: PipelineID=da3501bf-00c7-4d77-b6e8-32a3d63b87b7 not found
	at org.apache.hadoop.hdds.scm.pipeline.PipelineStateMap.getPipeline(PipelineStateMap.java:132)
	at org.apache.hadoop.hdds.scm.pipeline.PipelineStateMap.removePipeline(PipelineStateMap.java:322)
	at org.apache.hadoop.hdds.scm.pipeline.PipelineStateManager.removePipeline(PipelineStateManager.java:107)
	at org.apache.hadoop.hdds.scm.pipeline.SCMPipelineManager.removePipeline(SCMPipelineManager.java:423)
	at org.apache.hadoop.hdds.scm.pipeline.SCMPipelineManager.destroyPipeline(SCMPipelineManager.java:409)
	at org.apache.hadoop.hdds.scm.pipeline.SCMPipelineManager.lambda$finalizeAndDestroyPipeline$0(SCMPipelineManager.java:318)
	at org.apache.hadoop.utils.Scheduler.lambda$schedule$1(Scheduler.java:68)
	at java.util.concurrent.Executors$RunnableAdapter.call(Executors.java:511)
	at java.util.concurrent.FutureTask.run(FutureTask.java:266)
	at java.util.concurrent.ScheduledThreadPoolExecutor$ScheduledFutureTask.access$201(ScheduledThreadPoolExecutor.java:180)
	at java.util.concurrent.ScheduledThreadPoolExecutor$ScheduledFutureTask.run(ScheduledThreadPoolExecutor.java:293)
	at java.util.concurrent.ThreadPoolExecutor.runWorker(ThreadPoolExecutor.java:1149)
	at java.util.concurrent.ThreadPoolExecutor$Worker.run(ThreadPoolExecutor.java:624)
	at java.lang.Thread.run(Thread.java:748)
2019-09-17 03:21:38,541 [f255fb19-c941-42ad-8caf-606d85b027b3@group-89364A117DE9-SegmentedRaftLogWorker] WARN  segmented.SegmentedRaftLogWorker (SegmentedRaftLogWorker.java:getFromFuture(90)) - Timeout 2/~
org.apache.ratis.protocol.TimeoutIOException: Timeout 10s: WriteLog:14: (t:1, i:14), STATEMACHINELOGENTRY, client-FCF838B3A418, cid=34-writeStateMachineData
	at org.apache.ratis.util.IOUtils.getFromFuture(IOUtils.java:87)
	at org.apache.ratis.server.raftlog.segmented.SegmentedRaftLogWorker$StateMachineDataPolicy.getFromFuture(SegmentedRaftLogWorker.java:87)
	at org.apache.ratis.server.raftlog.segmented.SegmentedRaftLogWorker$WriteLog.execute(SegmentedRaftLogWorker.java:477)
	at org.apache.ratis.server.raftlog.segmented.SegmentedRaftLogWorker.run(SegmentedRaftLogWorker.java:289)
	at java.lang.Thread.run(Thread.java:748)
Caused by: java.util.concurrent.TimeoutException
	at java.util.concurrent.CompletableFuture.timedGet(CompletableFuture.java:1771)
	at java.util.concurrent.CompletableFuture.get(CompletableFuture.java:1915)
	at org.apache.ratis.util.IOUtils.getFromFuture(IOUtils.java:79)
	... 4 more
2019-09-17 03:21:38,541 [2a454ec2-3cfa-49cf-9003-841835eb2002@group-89364A117DE9-SegmentedRaftLogWorker] WARN  segmented.SegmentedRaftLogWorker (SegmentedRaftLogWorker.java:getFromFuture(90)) - Timeout 2/~
org.apache.ratis.protocol.TimeoutIOException: Timeout 10s: WriteLog:14: (t:1, i:14), STATEMACHINELOGENTRY, client-FCF838B3A418, cid=34-writeStateMachineData
	at org.apache.ratis.util.IOUtils.getFromFuture(IOUtils.java:87)
	at org.apache.ratis.server.raftlog.segmented.SegmentedRaftLogWorker$StateMachineDataPolicy.getFromFuture(SegmentedRaftLogWorker.java:87)
	at org.apache.ratis.server.raftlog.segmented.SegmentedRaftLogWorker$WriteLog.execute(SegmentedRaftLogWorker.java:477)
	at org.apache.ratis.server.raftlog.segmented.SegmentedRaftLogWorker.run(SegmentedRaftLogWorker.java:289)
	at java.lang.Thread.run(Thread.java:748)
Caused by: java.util.concurrent.TimeoutException
	at java.util.concurrent.CompletableFuture.timedGet(CompletableFuture.java:1771)
	at java.util.concurrent.CompletableFuture.get(CompletableFuture.java:1915)
	at org.apache.ratis.util.IOUtils.getFromFuture(IOUtils.java:79)
	... 4 more
2019-09-17 03:21:38,541 [fb5c35a7-52ed-48ed-856a-22aafd4627bf@group-89364A117DE9-SegmentedRaftLogWorker] WARN  segmented.SegmentedRaftLogWorker (SegmentedRaftLogWorker.java:getFromFuture(90)) - Timeout 2/~
org.apache.ratis.protocol.TimeoutIOException: Timeout 10s: WriteLog:14: (t:1, i:14), STATEMACHINELOGENTRY, client-FCF838B3A418, cid=34-writeStateMachineData
	at org.apache.ratis.util.IOUtils.getFromFuture(IOUtils.java:87)
	at org.apache.ratis.server.raftlog.segmented.SegmentedRaftLogWorker$StateMachineDataPolicy.getFromFuture(SegmentedRaftLogWorker.java:87)
	at org.apache.ratis.server.raftlog.segmented.SegmentedRaftLogWorker$WriteLog.execute(SegmentedRaftLogWorker.java:477)
	at org.apache.ratis.server.raftlog.segmented.SegmentedRaftLogWorker.run(SegmentedRaftLogWorker.java:289)
	at java.lang.Thread.run(Thread.java:748)
Caused by: java.util.concurrent.TimeoutException
	at java.util.concurrent.CompletableFuture.timedGet(CompletableFuture.java:1771)
	at java.util.concurrent.CompletableFuture.get(CompletableFuture.java:1915)
	at org.apache.ratis.util.IOUtils.getFromFuture(IOUtils.java:79)
	... 4 more
2019-09-17 03:21:38,655 [grpc-default-executor-3] INFO  client.GrpcClientProtocolClient (GrpcClientProtocolClient.java:onNext(264)) - client-FCF838B3A418->fb5c35a7-52ed-48ed-856a-22aafd4627bf: receive RaftClientReply:client-FCF838B3A418->fb5c35a7-52ed-48ed-856a-22aafd4627bf@group-89364A117DE9, cid=33, FAILED org.apache.ratis.protocol.NotLeaderException: Server fb5c35a7-52ed-48ed-856a-22aafd4627bf@group-89364A117DE9 is not the leader 2a454ec2-3cfa-49cf-9003-841835eb2002:192.168.151.92:33622, logIndex=0, commits[fb5c35a7-52ed-48ed-856a-22aafd4627bf:c12, f255fb19-c941-42ad-8caf-606d85b027b3:c10, 2a454ec2-3cfa-49cf-9003-841835eb2002:c12]
2019-09-17 03:21:38,918 [java.util.concurrent.ThreadPoolExecutor$Worker@200c90e7[State = -1, empty queue]] WARN  server.GrpcLogAppender (GrpcLogAppender.java:timeoutAppendRequest(200)) - 2a454ec2-3cfa-49cf-9003-841835eb2002@group-89364A117DE9->f255fb19-c941-42ad-8caf-606d85b027b3-GrpcLogAppender: appendEntries Timeout, request=2a454ec2-3cfa-49cf-9003-841835eb2002->f255fb19-c941-42ad-8caf-606d85b027b3#106-t1, previous=(t:1, i:18), leaderCommit=12, initializing? false, entries: <empty>
2019-09-17 03:21:38,918 [java.util.concurrent.ThreadPoolExecutor$Worker@2cfcc4f0[State = -1, empty queue]] WARN  server.GrpcLogAppender (GrpcLogAppender.java:timeoutAppendRequest(200)) - 2a454ec2-3cfa-49cf-9003-841835eb2002@group-89364A117DE9->fb5c35a7-52ed-48ed-856a-22aafd4627bf-GrpcLogAppender: appendEntries Timeout, request=2a454ec2-3cfa-49cf-9003-841835eb2002->fb5c35a7-52ed-48ed-856a-22aafd4627bf#106-t1, previous=(t:1, i:18), leaderCommit=12, initializing? false, entries: <empty>
2019-09-17 03:21:40,364 [grpc-default-executor-4] INFO  impl.RaftServerProxy (RaftServerProxy.java:remove(95)) - ae9625dc-248e-414f-955f-fccc978916e7: remove group-32A3D63B87B7:null
2019-09-17 03:21:40,369 [RatisPipelineUtilsThread] WARN  pipeline.RatisPipelineUtils (RatisPipelineUtils.java:destroyPipeline(66)) - Pipeline destroy failed for pipeline=PipelineID=da3501bf-00c7-4d77-b6e8-32a3d63b87b7 dn=ae9625dc-248e-414f-955f-fccc978916e7{ip: 192.168.151.92, host: pr-hdds-2139-j8dx6-1450124282, networkLocation: /default-rack, certSerialId: null}
2019-09-17 03:21:40,373 [grpc-default-executor-4] INFO  impl.RaftServerProxy (RaftServerProxy.java:remove(95)) - 1b957291-fe5b-420e-96dd-cc603eda7741: remove group-32A3D63B87B7:null
2019-09-17 03:21:40,376 [RatisPipelineUtilsThread] WARN  pipeline.RatisPipelineUtils (RatisPipelineUtils.java:destroyPipeline(66)) - Pipeline destroy failed for pipeline=PipelineID=da3501bf-00c7-4d77-b6e8-32a3d63b87b7 dn=1b957291-fe5b-420e-96dd-cc603eda7741{ip: 192.168.151.92, host: pr-hdds-2139-j8dx6-1450124282, networkLocation: /default-rack, certSerialId: null}
2019-09-17 03:21:40,379 [grpc-default-executor-4] INFO  impl.RaftServerProxy (RaftServerProxy.java:remove(95)) - 12c7e022-5f96-4d2f-bd6c-0cb832bfe0bc: remove group-32A3D63B87B7:null
2019-09-17 03:21:40,381 [RatisPipelineUtilsThread] WARN  pipeline.RatisPipelineUtils (RatisPipelineUtils.java:destroyPipeline(66)) - Pipeline destroy failed for pipeline=PipelineID=da3501bf-00c7-4d77-b6e8-32a3d63b87b7 dn=12c7e022-5f96-4d2f-bd6c-0cb832bfe0bc{ip: 192.168.151.92, host: pr-hdds-2139-j8dx6-1450124282, networkLocation: /default-rack, certSerialId: null}
2019-09-17 03:21:40,382 [RatisPipelineUtilsThread] ERROR pipeline.SCMPipelineManager (Scheduler.java:lambda$schedule$1(70)) - Destroy pipeline failed for pipeline:Pipeline[ Id: da3501bf-00c7-4d77-b6e8-32a3d63b87b7, Nodes: ae9625dc-248e-414f-955f-fccc978916e7{ip: 192.168.151.92, host: pr-hdds-2139-j8dx6-1450124282, networkLocation: /default-rack, certSerialId: null}1b957291-fe5b-420e-96dd-cc603eda7741{ip: 192.168.151.92, host: pr-hdds-2139-j8dx6-1450124282, networkLocation: /default-rack, certSerialId: null}12c7e022-5f96-4d2f-bd6c-0cb832bfe0bc{ip: 192.168.151.92, host: pr-hdds-2139-j8dx6-1450124282, networkLocation: /default-rack, certSerialId: null}, Type:RATIS, Factor:THREE, State:CLOSED]
org.apache.hadoop.hdds.scm.pipeline.PipelineNotFoundException: PipelineID=da3501bf-00c7-4d77-b6e8-32a3d63b87b7 not found
	at org.apache.hadoop.hdds.scm.pipeline.PipelineStateMap.getPipeline(PipelineStateMap.java:132)
	at org.apache.hadoop.hdds.scm.pipeline.PipelineStateMap.removePipeline(PipelineStateMap.java:322)
	at org.apache.hadoop.hdds.scm.pipeline.PipelineStateManager.removePipeline(PipelineStateManager.java:107)
	at org.apache.hadoop.hdds.scm.pipeline.SCMPipelineManager.removePipeline(SCMPipelineManager.java:423)
	at org.apache.hadoop.hdds.scm.pipeline.SCMPipelineManager.destroyPipeline(SCMPipelineManager.java:409)
	at org.apache.hadoop.hdds.scm.pipeline.SCMPipelineManager.lambda$finalizeAndDestroyPipeline$0(SCMPipelineManager.java:318)
	at org.apache.hadoop.utils.Scheduler.lambda$schedule$1(Scheduler.java:68)
	at java.util.concurrent.Executors$RunnableAdapter.call(Executors.java:511)
	at java.util.concurrent.FutureTask.run(FutureTask.java:266)
	at java.util.concurrent.ScheduledThreadPoolExecutor$ScheduledFutureTask.access$201(ScheduledThreadPoolExecutor.java:180)
	at java.util.concurrent.ScheduledThreadPoolExecutor$ScheduledFutureTask.run(ScheduledThreadPoolExecutor.java:293)
	at java.util.concurrent.ThreadPoolExecutor.runWorker(ThreadPoolExecutor.java:1149)
	at java.util.concurrent.ThreadPoolExecutor$Worker.run(ThreadPoolExecutor.java:624)
	at java.lang.Thread.run(Thread.java:748)
2019-09-17 03:21:41,418 [java.util.concurrent.ThreadPoolExecutor$Worker@2cfcc4f0[State = -1, empty queue]] WARN  server.GrpcLogAppender (GrpcLogAppender.java:timeoutAppendRequest(200)) - 2a454ec2-3cfa-49cf-9003-841835eb2002@group-89364A117DE9->fb5c35a7-52ed-48ed-856a-22aafd4627bf-GrpcLogAppender: appendEntries Timeout, request=2a454ec2-3cfa-49cf-9003-841835eb2002->fb5c35a7-52ed-48ed-856a-22aafd4627bf#107-t1, previous=(t:1, i:18), leaderCommit=12, initializing? false, entries: <empty>
2019-09-17 03:21:41,418 [java.util.concurrent.ThreadPoolExecutor$Worker@200c90e7[State = -1, empty queue]] WARN  server.GrpcLogAppender (GrpcLogAppender.java:timeoutAppendRequest(200)) - 2a454ec2-3cfa-49cf-9003-841835eb2002@group-89364A117DE9->f255fb19-c941-42ad-8caf-606d85b027b3-GrpcLogAppender: appendEntries Timeout, request=2a454ec2-3cfa-49cf-9003-841835eb2002->f255fb19-c941-42ad-8caf-606d85b027b3#107-t1, previous=(t:1, i:18), leaderCommit=12, initializing? false, entries: <empty>
2019-09-17 03:21:43,365 [grpc-default-executor-4] INFO  impl.RaftServerProxy (RaftServerProxy.java:remove(95)) - ae9625dc-248e-414f-955f-fccc978916e7: remove group-32A3D63B87B7:null
2019-09-17 03:21:43,370 [RatisPipelineUtilsThread] WARN  pipeline.RatisPipelineUtils (RatisPipelineUtils.java:destroyPipeline(66)) - Pipeline destroy failed for pipeline=PipelineID=da3501bf-00c7-4d77-b6e8-32a3d63b87b7 dn=ae9625dc-248e-414f-955f-fccc978916e7{ip: 192.168.151.92, host: pr-hdds-2139-j8dx6-1450124282, networkLocation: /default-rack, certSerialId: null}
2019-09-17 03:21:43,374 [grpc-default-executor-4] INFO  impl.RaftServerProxy (RaftServerProxy.java:remove(95)) - 1b957291-fe5b-420e-96dd-cc603eda7741: remove group-32A3D63B87B7:null
2019-09-17 03:21:43,377 [RatisPipelineUtilsThread] WARN  pipeline.RatisPipelineUtils (RatisPipelineUtils.java:destroyPipeline(66)) - Pipeline destroy failed for pipeline=PipelineID=da3501bf-00c7-4d77-b6e8-32a3d63b87b7 dn=1b957291-fe5b-420e-96dd-cc603eda7741{ip: 192.168.151.92, host: pr-hdds-2139-j8dx6-1450124282, networkLocation: /default-rack, certSerialId: null}
2019-09-17 03:21:43,381 [grpc-default-executor-4] INFO  impl.RaftServerProxy (RaftServerProxy.java:remove(95)) - 12c7e022-5f96-4d2f-bd6c-0cb832bfe0bc: remove group-32A3D63B87B7:null
2019-09-17 03:21:43,383 [RatisPipelineUtilsThread] WARN  pipeline.RatisPipelineUtils (RatisPipelineUtils.java:destroyPipeline(66)) - Pipeline destroy failed for pipeline=PipelineID=da3501bf-00c7-4d77-b6e8-32a3d63b87b7 dn=12c7e022-5f96-4d2f-bd6c-0cb832bfe0bc{ip: 192.168.151.92, host: pr-hdds-2139-j8dx6-1450124282, networkLocation: /default-rack, certSerialId: null}
2019-09-17 03:21:43,384 [RatisPipelineUtilsThread] ERROR pipeline.SCMPipelineManager (Scheduler.java:lambda$schedule$1(70)) - Destroy pipeline failed for pipeline:Pipeline[ Id: da3501bf-00c7-4d77-b6e8-32a3d63b87b7, Nodes: ae9625dc-248e-414f-955f-fccc978916e7{ip: 192.168.151.92, host: pr-hdds-2139-j8dx6-1450124282, networkLocation: /default-rack, certSerialId: null}1b957291-fe5b-420e-96dd-cc603eda7741{ip: 192.168.151.92, host: pr-hdds-2139-j8dx6-1450124282, networkLocation: /default-rack, certSerialId: null}12c7e022-5f96-4d2f-bd6c-0cb832bfe0bc{ip: 192.168.151.92, host: pr-hdds-2139-j8dx6-1450124282, networkLocation: /default-rack, certSerialId: null}, Type:RATIS, Factor:THREE, State:CLOSED]
org.apache.hadoop.hdds.scm.pipeline.PipelineNotFoundException: PipelineID=da3501bf-00c7-4d77-b6e8-32a3d63b87b7 not found
	at org.apache.hadoop.hdds.scm.pipeline.PipelineStateMap.getPipeline(PipelineStateMap.java:132)
	at org.apache.hadoop.hdds.scm.pipeline.PipelineStateMap.removePipeline(PipelineStateMap.java:322)
	at org.apache.hadoop.hdds.scm.pipeline.PipelineStateManager.removePipeline(PipelineStateManager.java:107)
	at org.apache.hadoop.hdds.scm.pipeline.SCMPipelineManager.removePipeline(SCMPipelineManager.java:423)
	at org.apache.hadoop.hdds.scm.pipeline.SCMPipelineManager.destroyPipeline(SCMPipelineManager.java:409)
	at org.apache.hadoop.hdds.scm.pipeline.SCMPipelineManager.lambda$finalizeAndDestroyPipeline$0(SCMPipelineManager.java:318)
	at org.apache.hadoop.utils.Scheduler.lambda$schedule$1(Scheduler.java:68)
	at java.util.concurrent.Executors$RunnableAdapter.call(Executors.java:511)
	at java.util.concurrent.FutureTask.run(FutureTask.java:266)
	at java.util.concurrent.ScheduledThreadPoolExecutor$ScheduledFutureTask.access$201(ScheduledThreadPoolExecutor.java:180)
	at java.util.concurrent.ScheduledThreadPoolExecutor$ScheduledFutureTask.run(ScheduledThreadPoolExecutor.java:293)
	at java.util.concurrent.ThreadPoolExecutor.runWorker(ThreadPoolExecutor.java:1149)
	at java.util.concurrent.ThreadPoolExecutor$Worker.run(ThreadPoolExecutor.java:624)
	at java.lang.Thread.run(Thread.java:748)
2019-09-17 03:21:43,714 [grpc-default-executor-3] INFO  client.GrpcClientProtocolClient (GrpcClientProtocolClient.java:onNext(264)) - client-FCF838B3A418->f255fb19-c941-42ad-8caf-606d85b027b3: receive RaftClientReply:client-FCF838B3A418->f255fb19-c941-42ad-8caf-606d85b027b3@group-89364A117DE9, cid=33, FAILED org.apache.ratis.protocol.NotLeaderException: Server f255fb19-c941-42ad-8caf-606d85b027b3@group-89364A117DE9 is not the leader 2a454ec2-3cfa-49cf-9003-841835eb2002:192.168.151.92:33622, logIndex=0, commits[f255fb19-c941-42ad-8caf-606d85b027b3:c12, fb5c35a7-52ed-48ed-856a-22aafd4627bf:c10, 2a454ec2-3cfa-49cf-9003-841835eb2002:c12]
2019-09-17 03:21:43,919 [java.util.concurrent.ThreadPoolExecutor$Worker@200c90e7[State = -1, empty queue]] WARN  server.GrpcLogAppender (GrpcLogAppender.java:timeoutAppendRequest(200)) - 2a454ec2-3cfa-49cf-9003-841835eb2002@group-89364A117DE9->f255fb19-c941-42ad-8caf-606d85b027b3-GrpcLogAppender: appendEntries Timeout, request=2a454ec2-3cfa-49cf-9003-841835eb2002->f255fb19-c941-42ad-8caf-606d85b027b3#108-t1, previous=(t:1, i:18), leaderCommit=12, initializing? false, entries: <empty>
2019-09-17 03:21:43,919 [java.util.concurrent.ThreadPoolExecutor$Worker@2cfcc4f0[State = -1, empty queue]] WARN  server.GrpcLogAppender (GrpcLogAppender.java:timeoutAppendRequest(200)) - 2a454ec2-3cfa-49cf-9003-841835eb2002@group-89364A117DE9->fb5c35a7-52ed-48ed-856a-22aafd4627bf-GrpcLogAppender: appendEntries Timeout, request=2a454ec2-3cfa-49cf-9003-841835eb2002->fb5c35a7-52ed-48ed-856a-22aafd4627bf#108-t1, previous=(t:1, i:18), leaderCommit=12, initializing? false, entries: <empty>
2019-09-17 03:21:45,364 [grpc-default-executor-2] INFO  impl.RaftServerProxy (RaftServerProxy.java:remove(95)) - ae9625dc-248e-414f-955f-fccc978916e7: remove group-32A3D63B87B7:null
2019-09-17 03:21:45,369 [RatisPipelineUtilsThread] WARN  pipeline.RatisPipelineUtils (RatisPipelineUtils.java:destroyPipeline(66)) - Pipeline destroy failed for pipeline=PipelineID=da3501bf-00c7-4d77-b6e8-32a3d63b87b7 dn=ae9625dc-248e-414f-955f-fccc978916e7{ip: 192.168.151.92, host: pr-hdds-2139-j8dx6-1450124282, networkLocation: /default-rack, certSerialId: null}
2019-09-17 03:21:45,373 [grpc-default-executor-2] INFO  impl.RaftServerProxy (RaftServerProxy.java:remove(95)) - 1b957291-fe5b-420e-96dd-cc603eda7741: remove group-32A3D63B87B7:null
2019-09-17 03:21:45,375 [RatisPipelineUtilsThread] WARN  pipeline.RatisPipelineUtils (RatisPipelineUtils.java:destroyPipeline(66)) - Pipeline destroy failed for pipeline=PipelineID=da3501bf-00c7-4d77-b6e8-32a3d63b87b7 dn=1b957291-fe5b-420e-96dd-cc603eda7741{ip: 192.168.151.92, host: pr-hdds-2139-j8dx6-1450124282, networkLocation: /default-rack, certSerialId: null}
2019-09-17 03:21:45,379 [grpc-default-executor-2] INFO  impl.RaftServerProxy (RaftServerProxy.java:remove(95)) - 12c7e022-5f96-4d2f-bd6c-0cb832bfe0bc: remove group-32A3D63B87B7:null
2019-09-17 03:21:45,382 [RatisPipelineUtilsThread] WARN  pipeline.RatisPipelineUtils (RatisPipelineUtils.java:destroyPipeline(66)) - Pipeline destroy failed for pipeline=PipelineID=da3501bf-00c7-4d77-b6e8-32a3d63b87b7 dn=12c7e022-5f96-4d2f-bd6c-0cb832bfe0bc{ip: 192.168.151.92, host: pr-hdds-2139-j8dx6-1450124282, networkLocation: /default-rack, certSerialId: null}
2019-09-17 03:21:45,382 [RatisPipelineUtilsThread] ERROR pipeline.SCMPipelineManager (Scheduler.java:lambda$schedule$1(70)) - Destroy pipeline failed for pipeline:Pipeline[ Id: da3501bf-00c7-4d77-b6e8-32a3d63b87b7, Nodes: ae9625dc-248e-414f-955f-fccc978916e7{ip: 192.168.151.92, host: pr-hdds-2139-j8dx6-1450124282, networkLocation: /default-rack, certSerialId: null}1b957291-fe5b-420e-96dd-cc603eda7741{ip: 192.168.151.92, host: pr-hdds-2139-j8dx6-1450124282, networkLocation: /default-rack, certSerialId: null}12c7e022-5f96-4d2f-bd6c-0cb832bfe0bc{ip: 192.168.151.92, host: pr-hdds-2139-j8dx6-1450124282, networkLocation: /default-rack, certSerialId: null}, Type:RATIS, Factor:THREE, State:CLOSED]
org.apache.hadoop.hdds.scm.pipeline.PipelineNotFoundException: PipelineID=da3501bf-00c7-4d77-b6e8-32a3d63b87b7 not found
	at org.apache.hadoop.hdds.scm.pipeline.PipelineStateMap.getPipeline(PipelineStateMap.java:132)
	at org.apache.hadoop.hdds.scm.pipeline.PipelineStateMap.removePipeline(PipelineStateMap.java:322)
	at org.apache.hadoop.hdds.scm.pipeline.PipelineStateManager.removePipeline(PipelineStateManager.java:107)
	at org.apache.hadoop.hdds.scm.pipeline.SCMPipelineManager.removePipeline(SCMPipelineManager.java:423)
	at org.apache.hadoop.hdds.scm.pipeline.SCMPipelineManager.destroyPipeline(SCMPipelineManager.java:409)
	at org.apache.hadoop.hdds.scm.pipeline.SCMPipelineManager.lambda$finalizeAndDestroyPipeline$0(SCMPipelineManager.java:318)
	at org.apache.hadoop.utils.Scheduler.lambda$schedule$1(Scheduler.java:68)
	at java.util.concurrent.Executors$RunnableAdapter.call(Executors.java:511)
	at java.util.concurrent.FutureTask.run(FutureTask.java:266)
	at java.util.concurrent.ScheduledThreadPoolExecutor$ScheduledFutureTask.access$201(ScheduledThreadPoolExecutor.java:180)
	at java.util.concurrent.ScheduledThreadPoolExecutor$ScheduledFutureTask.run(ScheduledThreadPoolExecutor.java:293)
	at java.util.concurrent.ThreadPoolExecutor.runWorker(ThreadPoolExecutor.java:1149)
	at java.util.concurrent.ThreadPoolExecutor$Worker.run(ThreadPoolExecutor.java:624)
	at java.lang.Thread.run(Thread.java:748)
2019-09-17 03:21:46,419 [java.util.concurrent.ThreadPoolExecutor$Worker@200c90e7[State = -1, empty queue]] WARN  server.GrpcLogAppender (GrpcLogAppender.java:timeoutAppendRequest(200)) - 2a454ec2-3cfa-49cf-9003-841835eb2002@group-89364A117DE9->f255fb19-c941-42ad-8caf-606d85b027b3-GrpcLogAppender: appendEntries Timeout, request=2a454ec2-3cfa-49cf-9003-841835eb2002->f255fb19-c941-42ad-8caf-606d85b027b3#109-t1, previous=(t:1, i:18), leaderCommit=12, initializing? false, entries: <empty>
2019-09-17 03:21:46,419 [java.util.concurrent.ThreadPoolExecutor$Worker@2cfcc4f0[State = -1, empty queue]] WARN  server.GrpcLogAppender (GrpcLogAppender.java:timeoutAppendRequest(200)) - 2a454ec2-3cfa-49cf-9003-841835eb2002@group-89364A117DE9->fb5c35a7-52ed-48ed-856a-22aafd4627bf-GrpcLogAppender: appendEntries Timeout, request=2a454ec2-3cfa-49cf-9003-841835eb2002->fb5c35a7-52ed-48ed-856a-22aafd4627bf#109-t1, previous=(t:1, i:18), leaderCommit=12, initializing? false, entries: <empty>
2019-09-17 03:21:48,386 [grpc-default-executor-2] INFO  impl.RaftServerProxy (RaftServerProxy.java:remove(95)) - ae9625dc-248e-414f-955f-fccc978916e7: remove group-32A3D63B87B7:null
2019-09-17 03:21:48,391 [RatisPipelineUtilsThread] WARN  pipeline.RatisPipelineUtils (RatisPipelineUtils.java:destroyPipeline(66)) - Pipeline destroy failed for pipeline=PipelineID=da3501bf-00c7-4d77-b6e8-32a3d63b87b7 dn=ae9625dc-248e-414f-955f-fccc978916e7{ip: 192.168.151.92, host: pr-hdds-2139-j8dx6-1450124282, networkLocation: /default-rack, certSerialId: null}
2019-09-17 03:21:48,395 [grpc-default-executor-2] INFO  impl.RaftServerProxy (RaftServerProxy.java:remove(95)) - 1b957291-fe5b-420e-96dd-cc603eda7741: remove group-32A3D63B87B7:null
2019-09-17 03:21:48,398 [RatisPipelineUtilsThread] WARN  pipeline.RatisPipelineUtils (RatisPipelineUtils.java:destroyPipeline(66)) - Pipeline destroy failed for pipeline=PipelineID=da3501bf-00c7-4d77-b6e8-32a3d63b87b7 dn=1b957291-fe5b-420e-96dd-cc603eda7741{ip: 192.168.151.92, host: pr-hdds-2139-j8dx6-1450124282, networkLocation: /default-rack, certSerialId: null}
2019-09-17 03:21:48,401 [grpc-default-executor-2] INFO  impl.RaftServerProxy (RaftServerProxy.java:remove(95)) - 12c7e022-5f96-4d2f-bd6c-0cb832bfe0bc: remove group-32A3D63B87B7:null
2019-09-17 03:21:48,406 [RatisPipelineUtilsThread] WARN  pipeline.RatisPipelineUtils (RatisPipelineUtils.java:destroyPipeline(66)) - Pipeline destroy failed for pipeline=PipelineID=da3501bf-00c7-4d77-b6e8-32a3d63b87b7 dn=12c7e022-5f96-4d2f-bd6c-0cb832bfe0bc{ip: 192.168.151.92, host: pr-hdds-2139-j8dx6-1450124282, networkLocation: /default-rack, certSerialId: null}
2019-09-17 03:21:48,406 [RatisPipelineUtilsThread] ERROR pipeline.SCMPipelineManager (Scheduler.java:lambda$schedule$1(70)) - Destroy pipeline failed for pipeline:Pipeline[ Id: da3501bf-00c7-4d77-b6e8-32a3d63b87b7, Nodes: ae9625dc-248e-414f-955f-fccc978916e7{ip: 192.168.151.92, host: pr-hdds-2139-j8dx6-1450124282, networkLocation: /default-rack, certSerialId: null}1b957291-fe5b-420e-96dd-cc603eda7741{ip: 192.168.151.92, host: pr-hdds-2139-j8dx6-1450124282, networkLocation: /default-rack, certSerialId: null}12c7e022-5f96-4d2f-bd6c-0cb832bfe0bc{ip: 192.168.151.92, host: pr-hdds-2139-j8dx6-1450124282, networkLocation: /default-rack, certSerialId: null}, Type:RATIS, Factor:THREE, State:CLOSED]
org.apache.hadoop.hdds.scm.pipeline.PipelineNotFoundException: PipelineID=da3501bf-00c7-4d77-b6e8-32a3d63b87b7 not found
	at org.apache.hadoop.hdds.scm.pipeline.PipelineStateMap.getPipeline(PipelineStateMap.java:132)
	at org.apache.hadoop.hdds.scm.pipeline.PipelineStateMap.removePipeline(PipelineStateMap.java:322)
	at org.apache.hadoop.hdds.scm.pipeline.PipelineStateManager.removePipeline(PipelineStateManager.java:107)
	at org.apache.hadoop.hdds.scm.pipeline.SCMPipelineManager.removePipeline(SCMPipelineManager.java:423)
	at org.apache.hadoop.hdds.scm.pipeline.SCMPipelineManager.destroyPipeline(SCMPipelineManager.java:409)
	at org.apache.hadoop.hdds.scm.pipeline.SCMPipelineManager.lambda$finalizeAndDestroyPipeline$0(SCMPipelineManager.java:318)
	at org.apache.hadoop.utils.Scheduler.lambda$schedule$1(Scheduler.java:68)
	at java.util.concurrent.Executors$RunnableAdapter.call(Executors.java:511)
	at java.util.concurrent.FutureTask.run(FutureTask.java:266)
	at java.util.concurrent.ScheduledThreadPoolExecutor$ScheduledFutureTask.access$201(ScheduledThreadPoolExecutor.java:180)
	at java.util.concurrent.ScheduledThreadPoolExecutor$ScheduledFutureTask.run(ScheduledThreadPoolExecutor.java:293)
	at java.util.concurrent.ThreadPoolExecutor.runWorker(ThreadPoolExecutor.java:1149)
	at java.util.concurrent.ThreadPoolExecutor$Worker.run(ThreadPoolExecutor.java:624)
	at java.lang.Thread.run(Thread.java:748)
2019-09-17 03:21:48,542 [2a454ec2-3cfa-49cf-9003-841835eb2002@group-89364A117DE9-SegmentedRaftLogWorker] WARN  segmented.SegmentedRaftLogWorker (SegmentedRaftLogWorker.java:getFromFuture(90)) - Timeout 3/~
org.apache.ratis.protocol.TimeoutIOException: Timeout 10s: WriteLog:14: (t:1, i:14), STATEMACHINELOGENTRY, client-FCF838B3A418, cid=34-writeStateMachineData
	at org.apache.ratis.util.IOUtils.getFromFuture(IOUtils.java:87)
	at org.apache.ratis.server.raftlog.segmented.SegmentedRaftLogWorker$StateMachineDataPolicy.getFromFuture(SegmentedRaftLogWorker.java:87)
	at org.apache.ratis.server.raftlog.segmented.SegmentedRaftLogWorker$WriteLog.execute(SegmentedRaftLogWorker.java:477)
	at org.apache.ratis.server.raftlog.segmented.SegmentedRaftLogWorker.run(SegmentedRaftLogWorker.java:289)
	at java.lang.Thread.run(Thread.java:748)
Caused by: java.util.concurrent.TimeoutException
	at java.util.concurrent.CompletableFuture.timedGet(CompletableFuture.java:1771)
	at java.util.concurrent.CompletableFuture.get(CompletableFuture.java:1915)
	at org.apache.ratis.util.IOUtils.getFromFuture(IOUtils.java:79)
	... 4 more
2019-09-17 03:21:48,543 [fb5c35a7-52ed-48ed-856a-22aafd4627bf@group-89364A117DE9-SegmentedRaftLogWorker] WARN  segmented.SegmentedRaftLogWorker (SegmentedRaftLogWorker.java:getFromFuture(90)) - Timeout 3/~
org.apache.ratis.protocol.TimeoutIOException: Timeout 10s: WriteLog:14: (t:1, i:14), STATEMACHINELOGENTRY, client-FCF838B3A418, cid=34-writeStateMachineData
	at org.apache.ratis.util.IOUtils.getFromFuture(IOUtils.java:87)
	at org.apache.ratis.server.raftlog.segmented.SegmentedRaftLogWorker$StateMachineDataPolicy.getFromFuture(SegmentedRaftLogWorker.java:87)
	at org.apache.ratis.server.raftlog.segmented.SegmentedRaftLogWorker$WriteLog.execute(SegmentedRaftLogWorker.java:477)
	at org.apache.ratis.server.raftlog.segmented.SegmentedRaftLogWorker.run(SegmentedRaftLogWorker.java:289)
	at java.lang.Thread.run(Thread.java:748)
Caused by: java.util.concurrent.TimeoutException
	at java.util.concurrent.CompletableFuture.timedGet(CompletableFuture.java:1771)
	at java.util.concurrent.CompletableFuture.get(CompletableFuture.java:1915)
	at org.apache.ratis.util.IOUtils.getFromFuture(IOUtils.java:79)
	... 4 more
2019-09-17 03:21:48,542 [f255fb19-c941-42ad-8caf-606d85b027b3@group-89364A117DE9-SegmentedRaftLogWorker] WARN  segmented.SegmentedRaftLogWorker (SegmentedRaftLogWorker.java:getFromFuture(90)) - Timeout 3/~
org.apache.ratis.protocol.TimeoutIOException: Timeout 10s: WriteLog:14: (t:1, i:14), STATEMACHINELOGENTRY, client-FCF838B3A418, cid=34-writeStateMachineData
	at org.apache.ratis.util.IOUtils.getFromFuture(IOUtils.java:87)
	at org.apache.ratis.server.raftlog.segmented.SegmentedRaftLogWorker$StateMachineDataPolicy.getFromFuture(SegmentedRaftLogWorker.java:87)
	at org.apache.ratis.server.raftlog.segmented.SegmentedRaftLogWorker$WriteLog.execute(SegmentedRaftLogWorker.java:477)
	at org.apache.ratis.server.raftlog.segmented.SegmentedRaftLogWorker.run(SegmentedRaftLogWorker.java:289)
	at java.lang.Thread.run(Thread.java:748)
Caused by: java.util.concurrent.TimeoutException
	at java.util.concurrent.CompletableFuture.timedGet(CompletableFuture.java:1771)
	at java.util.concurrent.CompletableFuture.get(CompletableFuture.java:1915)
	at org.apache.ratis.util.IOUtils.getFromFuture(IOUtils.java:79)
	... 4 more
2019-09-17 03:21:48,766 [grpc-default-executor-2] INFO  client.GrpcClientProtocolClient (GrpcClientProtocolClient.java:onNext(264)) - client-FCF838B3A418->fb5c35a7-52ed-48ed-856a-22aafd4627bf: receive RaftClientReply:client-FCF838B3A418->fb5c35a7-52ed-48ed-856a-22aafd4627bf@group-89364A117DE9, cid=33, FAILED org.apache.ratis.protocol.NotLeaderException: Server fb5c35a7-52ed-48ed-856a-22aafd4627bf@group-89364A117DE9 is not the leader 2a454ec2-3cfa-49cf-9003-841835eb2002:192.168.151.92:33622, logIndex=0, commits[fb5c35a7-52ed-48ed-856a-22aafd4627bf:c12, f255fb19-c941-42ad-8caf-606d85b027b3:c10, 2a454ec2-3cfa-49cf-9003-841835eb2002:c12]
2019-09-17 03:21:48,920 [java.util.concurrent.ThreadPoolExecutor$Worker@200c90e7[State = -1, empty queue]] WARN  server.GrpcLogAppender (GrpcLogAppender.java:timeoutAppendRequest(200)) - 2a454ec2-3cfa-49cf-9003-841835eb2002@group-89364A117DE9->f255fb19-c941-42ad-8caf-606d85b027b3-GrpcLogAppender: appendEntries Timeout, request=2a454ec2-3cfa-49cf-9003-841835eb2002->f255fb19-c941-42ad-8caf-606d85b027b3#110-t1, previous=(t:1, i:18), leaderCommit=12, initializing? false, entries: <empty>
2019-09-17 03:21:48,920 [java.util.concurrent.ThreadPoolExecutor$Worker@2cfcc4f0[State = -1, empty queue]] WARN  server.GrpcLogAppender (GrpcLogAppender.java:timeoutAppendRequest(200)) - 2a454ec2-3cfa-49cf-9003-841835eb2002@group-89364A117DE9->fb5c35a7-52ed-48ed-856a-22aafd4627bf-GrpcLogAppender: appendEntries Timeout, request=2a454ec2-3cfa-49cf-9003-841835eb2002->fb5c35a7-52ed-48ed-856a-22aafd4627bf#110-t1, previous=(t:1, i:18), leaderCommit=12, initializing? false, entries: <empty>
2019-09-17 03:21:50,382 [grpc-default-executor-2] INFO  impl.RaftServerProxy (RaftServerProxy.java:remove(95)) - ae9625dc-248e-414f-955f-fccc978916e7: remove group-32A3D63B87B7:null
2019-09-17 03:21:50,385 [RatisPipelineUtilsThread] WARN  pipeline.RatisPipelineUtils (RatisPipelineUtils.java:destroyPipeline(66)) - Pipeline destroy failed for pipeline=PipelineID=da3501bf-00c7-4d77-b6e8-32a3d63b87b7 dn=ae9625dc-248e-414f-955f-fccc978916e7{ip: 192.168.151.92, host: pr-hdds-2139-j8dx6-1450124282, networkLocation: /default-rack, certSerialId: null}
2019-09-17 03:21:50,389 [grpc-default-executor-2] INFO  impl.RaftServerProxy (RaftServerProxy.java:remove(95)) - 1b957291-fe5b-420e-96dd-cc603eda7741: remove group-32A3D63B87B7:null
2019-09-17 03:21:50,391 [RatisPipelineUtilsThread] WARN  pipeline.RatisPipelineUtils (RatisPipelineUtils.java:destroyPipeline(66)) - Pipeline destroy failed for pipeline=PipelineID=da3501bf-00c7-4d77-b6e8-32a3d63b87b7 dn=1b957291-fe5b-420e-96dd-cc603eda7741{ip: 192.168.151.92, host: pr-hdds-2139-j8dx6-1450124282, networkLocation: /default-rack, certSerialId: null}
2019-09-17 03:21:50,394 [grpc-default-executor-2] INFO  impl.RaftServerProxy (RaftServerProxy.java:remove(95)) - 12c7e022-5f96-4d2f-bd6c-0cb832bfe0bc: remove group-32A3D63B87B7:null
2019-09-17 03:21:50,396 [RatisPipelineUtilsThread] WARN  pipeline.RatisPipelineUtils (RatisPipelineUtils.java:destroyPipeline(66)) - Pipeline destroy failed for pipeline=PipelineID=da3501bf-00c7-4d77-b6e8-32a3d63b87b7 dn=12c7e022-5f96-4d2f-bd6c-0cb832bfe0bc{ip: 192.168.151.92, host: pr-hdds-2139-j8dx6-1450124282, networkLocation: /default-rack, certSerialId: null}
2019-09-17 03:21:50,397 [RatisPipelineUtilsThread] ERROR pipeline.SCMPipelineManager (Scheduler.java:lambda$schedule$1(70)) - Destroy pipeline failed for pipeline:Pipeline[ Id: da3501bf-00c7-4d77-b6e8-32a3d63b87b7, Nodes: ae9625dc-248e-414f-955f-fccc978916e7{ip: 192.168.151.92, host: pr-hdds-2139-j8dx6-1450124282, networkLocation: /default-rack, certSerialId: null}1b957291-fe5b-420e-96dd-cc603eda7741{ip: 192.168.151.92, host: pr-hdds-2139-j8dx6-1450124282, networkLocation: /default-rack, certSerialId: null}12c7e022-5f96-4d2f-bd6c-0cb832bfe0bc{ip: 192.168.151.92, host: pr-hdds-2139-j8dx6-1450124282, networkLocation: /default-rack, certSerialId: null}, Type:RATIS, Factor:THREE, State:CLOSED]
org.apache.hadoop.hdds.scm.pipeline.PipelineNotFoundException: PipelineID=da3501bf-00c7-4d77-b6e8-32a3d63b87b7 not found
	at org.apache.hadoop.hdds.scm.pipeline.PipelineStateMap.getPipeline(PipelineStateMap.java:132)
	at org.apache.hadoop.hdds.scm.pipeline.PipelineStateMap.removePipeline(PipelineStateMap.java:322)
	at org.apache.hadoop.hdds.scm.pipeline.PipelineStateManager.removePipeline(PipelineStateManager.java:107)
	at org.apache.hadoop.hdds.scm.pipeline.SCMPipelineManager.removePipeline(SCMPipelineManager.java:423)
	at org.apache.hadoop.hdds.scm.pipeline.SCMPipelineManager.destroyPipeline(SCMPipelineManager.java:409)
	at org.apache.hadoop.hdds.scm.pipeline.SCMPipelineManager.lambda$finalizeAndDestroyPipeline$0(SCMPipelineManager.java:318)
	at org.apache.hadoop.utils.Scheduler.lambda$schedule$1(Scheduler.java:68)
	at java.util.concurrent.Executors$RunnableAdapter.call(Executors.java:511)
	at java.util.concurrent.FutureTask.run(FutureTask.java:266)
	at java.util.concurrent.ScheduledThreadPoolExecutor$ScheduledFutureTask.access$201(ScheduledThreadPoolExecutor.java:180)
	at java.util.concurrent.ScheduledThreadPoolExecutor$ScheduledFutureTask.run(ScheduledThreadPoolExecutor.java:293)
	at java.util.concurrent.ThreadPoolExecutor.runWorker(ThreadPoolExecutor.java:1149)
	at java.util.concurrent.ThreadPoolExecutor$Worker.run(ThreadPoolExecutor.java:624)
	at java.lang.Thread.run(Thread.java:748)
2019-09-17 03:21:51,420 [java.util.concurrent.ThreadPoolExecutor$Worker@2cfcc4f0[State = -1, empty queue]] WARN  server.GrpcLogAppender (GrpcLogAppender.java:timeoutAppendRequest(200)) - 2a454ec2-3cfa-49cf-9003-841835eb2002@group-89364A117DE9->fb5c35a7-52ed-48ed-856a-22aafd4627bf-GrpcLogAppender: appendEntries Timeout, request=2a454ec2-3cfa-49cf-9003-841835eb2002->fb5c35a7-52ed-48ed-856a-22aafd4627bf#111-t1, previous=(t:1, i:18), leaderCommit=12, initializing? false, entries: <empty>
2019-09-17 03:21:51,420 [java.util.concurrent.ThreadPoolExecutor$Worker@200c90e7[State = -1, empty queue]] WARN  server.GrpcLogAppender (GrpcLogAppender.java:timeoutAppendRequest(200)) - 2a454ec2-3cfa-49cf-9003-841835eb2002@group-89364A117DE9->f255fb19-c941-42ad-8caf-606d85b027b3-GrpcLogAppender: appendEntries Timeout, request=2a454ec2-3cfa-49cf-9003-841835eb2002->f255fb19-c941-42ad-8caf-606d85b027b3#111-t1, previous=(t:1, i:18), leaderCommit=12, initializing? false, entries: <empty>
2019-09-17 03:21:53,384 [grpc-default-executor-2] INFO  impl.RaftServerProxy (RaftServerProxy.java:remove(95)) - ae9625dc-248e-414f-955f-fccc978916e7: remove group-32A3D63B87B7:null
2019-09-17 03:21:53,389 [RatisPipelineUtilsThread] WARN  pipeline.RatisPipelineUtils (RatisPipelineUtils.java:destroyPipeline(66)) - Pipeline destroy failed for pipeline=PipelineID=da3501bf-00c7-4d77-b6e8-32a3d63b87b7 dn=ae9625dc-248e-414f-955f-fccc978916e7{ip: 192.168.151.92, host: pr-hdds-2139-j8dx6-1450124282, networkLocation: /default-rack, certSerialId: null}
2019-09-17 03:21:53,392 [grpc-default-executor-2] INFO  impl.RaftServerProxy (RaftServerProxy.java:remove(95)) - 1b957291-fe5b-420e-96dd-cc603eda7741: remove group-32A3D63B87B7:null
2019-09-17 03:21:53,395 [RatisPipelineUtilsThread] WARN  pipeline.RatisPipelineUtils (RatisPipelineUtils.java:destroyPipeline(66)) - Pipeline destroy failed for pipeline=PipelineID=da3501bf-00c7-4d77-b6e8-32a3d63b87b7 dn=1b957291-fe5b-420e-96dd-cc603eda7741{ip: 192.168.151.92, host: pr-hdds-2139-j8dx6-1450124282, networkLocation: /default-rack, certSerialId: null}
2019-09-17 03:21:53,398 [grpc-default-executor-2] INFO  impl.RaftServerProxy (RaftServerProxy.java:remove(95)) - 12c7e022-5f96-4d2f-bd6c-0cb832bfe0bc: remove group-32A3D63B87B7:null
2019-09-17 03:21:53,401 [RatisPipelineUtilsThread] WARN  pipeline.RatisPipelineUtils (RatisPipelineUtils.java:destroyPipeline(66)) - Pipeline destroy failed for pipeline=PipelineID=da3501bf-00c7-4d77-b6e8-32a3d63b87b7 dn=12c7e022-5f96-4d2f-bd6c-0cb832bfe0bc{ip: 192.168.151.92, host: pr-hdds-2139-j8dx6-1450124282, networkLocation: /default-rack, certSerialId: null}
2019-09-17 03:21:53,401 [RatisPipelineUtilsThread] ERROR pipeline.SCMPipelineManager (Scheduler.java:lambda$schedule$1(70)) - Destroy pipeline failed for pipeline:Pipeline[ Id: da3501bf-00c7-4d77-b6e8-32a3d63b87b7, Nodes: ae9625dc-248e-414f-955f-fccc978916e7{ip: 192.168.151.92, host: pr-hdds-2139-j8dx6-1450124282, networkLocation: /default-rack, certSerialId: null}1b957291-fe5b-420e-96dd-cc603eda7741{ip: 192.168.151.92, host: pr-hdds-2139-j8dx6-1450124282, networkLocation: /default-rack, certSerialId: null}12c7e022-5f96-4d2f-bd6c-0cb832bfe0bc{ip: 192.168.151.92, host: pr-hdds-2139-j8dx6-1450124282, networkLocation: /default-rack, certSerialId: null}, Type:RATIS, Factor:THREE, State:CLOSED]
org.apache.hadoop.hdds.scm.pipeline.PipelineNotFoundException: PipelineID=da3501bf-00c7-4d77-b6e8-32a3d63b87b7 not found
	at org.apache.hadoop.hdds.scm.pipeline.PipelineStateMap.getPipeline(PipelineStateMap.java:132)
	at org.apache.hadoop.hdds.scm.pipeline.PipelineStateMap.removePipeline(PipelineStateMap.java:322)
	at org.apache.hadoop.hdds.scm.pipeline.PipelineStateManager.removePipeline(PipelineStateManager.java:107)
	at org.apache.hadoop.hdds.scm.pipeline.SCMPipelineManager.removePipeline(SCMPipelineManager.java:423)
	at org.apache.hadoop.hdds.scm.pipeline.SCMPipelineManager.destroyPipeline(SCMPipelineManager.java:409)
	at org.apache.hadoop.hdds.scm.pipeline.SCMPipelineManager.lambda$finalizeAndDestroyPipeline$0(SCMPipelineManager.java:318)
	at org.apache.hadoop.utils.Scheduler.lambda$schedule$1(Scheduler.java:68)
	at java.util.concurrent.Executors$RunnableAdapter.call(Executors.java:511)
	at java.util.concurrent.FutureTask.run(FutureTask.java:266)
	at java.util.concurrent.ScheduledThreadPoolExecutor$ScheduledFutureTask.access$201(ScheduledThreadPoolExecutor.java:180)
	at java.util.concurrent.ScheduledThreadPoolExecutor$ScheduledFutureTask.run(ScheduledThreadPoolExecutor.java:293)
	at java.util.concurrent.ThreadPoolExecutor.runWorker(ThreadPoolExecutor.java:1149)
	at java.util.concurrent.ThreadPoolExecutor$Worker.run(ThreadPoolExecutor.java:624)
	at java.lang.Thread.run(Thread.java:748)
2019-09-17 03:21:53,814 [grpc-default-executor-3] INFO  client.GrpcClientProtocolClient (GrpcClientProtocolClient.java:onNext(264)) - client-FCF838B3A418->f255fb19-c941-42ad-8caf-606d85b027b3: receive RaftClientReply:client-FCF838B3A418->f255fb19-c941-42ad-8caf-606d85b027b3@group-89364A117DE9, cid=33, FAILED org.apache.ratis.protocol.NotLeaderException: Server f255fb19-c941-42ad-8caf-606d85b027b3@group-89364A117DE9 is not the leader 2a454ec2-3cfa-49cf-9003-841835eb2002:192.168.151.92:33622, logIndex=0, commits[f255fb19-c941-42ad-8caf-606d85b027b3:c12, fb5c35a7-52ed-48ed-856a-22aafd4627bf:c10, 2a454ec2-3cfa-49cf-9003-841835eb2002:c12]
2019-09-17 03:21:53,921 [java.util.concurrent.ThreadPoolExecutor$Worker@200c90e7[State = -1, empty queue]] WARN  server.GrpcLogAppender (GrpcLogAppender.java:timeoutAppendRequest(200)) - 2a454ec2-3cfa-49cf-9003-841835eb2002@group-89364A117DE9->f255fb19-c941-42ad-8caf-606d85b027b3-GrpcLogAppender: appendEntries Timeout, request=2a454ec2-3cfa-49cf-9003-841835eb2002->f255fb19-c941-42ad-8caf-606d85b027b3#112-t1, previous=(t:1, i:18), leaderCommit=12, initializing? false, entries: <empty>
2019-09-17 03:21:53,921 [java.util.concurrent.ThreadPoolExecutor$Worker@2cfcc4f0[State = -1, empty queue]] WARN  server.GrpcLogAppender (GrpcLogAppender.java:timeoutAppendRequest(200)) - 2a454ec2-3cfa-49cf-9003-841835eb2002@group-89364A117DE9->fb5c35a7-52ed-48ed-856a-22aafd4627bf-GrpcLogAppender: appendEntries Timeout, request=2a454ec2-3cfa-49cf-9003-841835eb2002->fb5c35a7-52ed-48ed-856a-22aafd4627bf#112-t1, previous=(t:1, i:18), leaderCommit=12, initializing? false, entries: <empty>
2019-09-17 03:21:55,387 [grpc-default-executor-3] INFO  impl.RaftServerProxy (RaftServerProxy.java:remove(95)) - ae9625dc-248e-414f-955f-fccc978916e7: remove group-32A3D63B87B7:null
2019-09-17 03:21:55,391 [RatisPipelineUtilsThread] WARN  pipeline.RatisPipelineUtils (RatisPipelineUtils.java:destroyPipeline(66)) - Pipeline destroy failed for pipeline=PipelineID=da3501bf-00c7-4d77-b6e8-32a3d63b87b7 dn=ae9625dc-248e-414f-955f-fccc978916e7{ip: 192.168.151.92, host: pr-hdds-2139-j8dx6-1450124282, networkLocation: /default-rack, certSerialId: null}
2019-09-17 03:21:55,394 [grpc-default-executor-3] INFO  impl.RaftServerProxy (RaftServerProxy.java:remove(95)) - 1b957291-fe5b-420e-96dd-cc603eda7741: remove group-32A3D63B87B7:null
2019-09-17 03:21:55,397 [RatisPipelineUtilsThread] WARN  pipeline.RatisPipelineUtils (RatisPipelineUtils.java:destroyPipeline(66)) - Pipeline destroy failed for pipeline=PipelineID=da3501bf-00c7-4d77-b6e8-32a3d63b87b7 dn=1b957291-fe5b-420e-96dd-cc603eda7741{ip: 192.168.151.92, host: pr-hdds-2139-j8dx6-1450124282, networkLocation: /default-rack, certSerialId: null}
2019-09-17 03:21:55,400 [grpc-default-executor-3] INFO  impl.RaftServerProxy (RaftServerProxy.java:remove(95)) - 12c7e022-5f96-4d2f-bd6c-0cb832bfe0bc: remove group-32A3D63B87B7:null
2019-09-17 03:21:55,402 [RatisPipelineUtilsThread] WARN  pipeline.RatisPipelineUtils (RatisPipelineUtils.java:destroyPipeline(66)) - Pipeline destroy failed for pipeline=PipelineID=da3501bf-00c7-4d77-b6e8-32a3d63b87b7 dn=12c7e022-5f96-4d2f-bd6c-0cb832bfe0bc{ip: 192.168.151.92, host: pr-hdds-2139-j8dx6-1450124282, networkLocation: /default-rack, certSerialId: null}
2019-09-17 03:21:55,403 [RatisPipelineUtilsThread] ERROR pipeline.SCMPipelineManager (Scheduler.java:lambda$schedule$1(70)) - Destroy pipeline failed for pipeline:Pipeline[ Id: da3501bf-00c7-4d77-b6e8-32a3d63b87b7, Nodes: ae9625dc-248e-414f-955f-fccc978916e7{ip: 192.168.151.92, host: pr-hdds-2139-j8dx6-1450124282, networkLocation: /default-rack, certSerialId: null}1b957291-fe5b-420e-96dd-cc603eda7741{ip: 192.168.151.92, host: pr-hdds-2139-j8dx6-1450124282, networkLocation: /default-rack, certSerialId: null}12c7e022-5f96-4d2f-bd6c-0cb832bfe0bc{ip: 192.168.151.92, host: pr-hdds-2139-j8dx6-1450124282, networkLocation: /default-rack, certSerialId: null}, Type:RATIS, Factor:THREE, State:CLOSED]
org.apache.hadoop.hdds.scm.pipeline.PipelineNotFoundException: PipelineID=da3501bf-00c7-4d77-b6e8-32a3d63b87b7 not found
	at org.apache.hadoop.hdds.scm.pipeline.PipelineStateMap.getPipeline(PipelineStateMap.java:132)
	at org.apache.hadoop.hdds.scm.pipeline.PipelineStateMap.removePipeline(PipelineStateMap.java:322)
	at org.apache.hadoop.hdds.scm.pipeline.PipelineStateManager.removePipeline(PipelineStateManager.java:107)
	at org.apache.hadoop.hdds.scm.pipeline.SCMPipelineManager.removePipeline(SCMPipelineManager.java:423)
	at org.apache.hadoop.hdds.scm.pipeline.SCMPipelineManager.destroyPipeline(SCMPipelineManager.java:409)
	at org.apache.hadoop.hdds.scm.pipeline.SCMPipelineManager.lambda$finalizeAndDestroyPipeline$0(SCMPipelineManager.java:318)
	at org.apache.hadoop.utils.Scheduler.lambda$schedule$1(Scheduler.java:68)
	at java.util.concurrent.Executors$RunnableAdapter.call(Executors.java:511)
	at java.util.concurrent.FutureTask.run(FutureTask.java:266)
	at java.util.concurrent.ScheduledThreadPoolExecutor$ScheduledFutureTask.access$201(ScheduledThreadPoolExecutor.java:180)
	at java.util.concurrent.ScheduledThreadPoolExecutor$ScheduledFutureTask.run(ScheduledThreadPoolExecutor.java:293)
	at java.util.concurrent.ThreadPoolExecutor.runWorker(ThreadPoolExecutor.java:1149)
	at java.util.concurrent.ThreadPoolExecutor$Worker.run(ThreadPoolExecutor.java:624)
	at java.lang.Thread.run(Thread.java:748)
2019-09-17 03:21:56,427 [java.util.concurrent.ThreadPoolExecutor$Worker@2cfcc4f0[State = -1, empty queue]] WARN  server.GrpcLogAppender (GrpcLogAppender.java:timeoutAppendRequest(200)) - 2a454ec2-3cfa-49cf-9003-841835eb2002@group-89364A117DE9->fb5c35a7-52ed-48ed-856a-22aafd4627bf-GrpcLogAppender: appendEntries Timeout, request=2a454ec2-3cfa-49cf-9003-841835eb2002->fb5c35a7-52ed-48ed-856a-22aafd4627bf#113-t1, previous=(t:1, i:18), leaderCommit=12, initializing? false, entries: <empty>
2019-09-17 03:21:56,427 [java.util.concurrent.ThreadPoolExecutor$Worker@200c90e7[State = -1, empty queue]] WARN  server.GrpcLogAppender (GrpcLogAppender.java:timeoutAppendRequest(200)) - 2a454ec2-3cfa-49cf-9003-841835eb2002@group-89364A117DE9->f255fb19-c941-42ad-8caf-606d85b027b3-GrpcLogAppender: appendEntries Timeout, request=2a454ec2-3cfa-49cf-9003-841835eb2002->f255fb19-c941-42ad-8caf-606d85b027b3#113-t1, previous=(t:1, i:18), leaderCommit=12, initializing? false, entries: <empty>
2019-09-17 03:21:58,384 [grpc-default-executor-2] INFO  impl.RaftServerProxy (RaftServerProxy.java:remove(95)) - ae9625dc-248e-414f-955f-fccc978916e7: remove group-32A3D63B87B7:null
2019-09-17 03:21:58,388 [RatisPipelineUtilsThread] WARN  pipeline.RatisPipelineUtils (RatisPipelineUtils.java:destroyPipeline(66)) - Pipeline destroy failed for pipeline=PipelineID=da3501bf-00c7-4d77-b6e8-32a3d63b87b7 dn=ae9625dc-248e-414f-955f-fccc978916e7{ip: 192.168.151.92, host: pr-hdds-2139-j8dx6-1450124282, networkLocation: /default-rack, certSerialId: null}
2019-09-17 03:21:58,392 [grpc-default-executor-2] INFO  impl.RaftServerProxy (RaftServerProxy.java:remove(95)) - 1b957291-fe5b-420e-96dd-cc603eda7741: remove group-32A3D63B87B7:null
2019-09-17 03:21:58,395 [RatisPipelineUtilsThread] WARN  pipeline.RatisPipelineUtils (RatisPipelineUtils.java:destroyPipeline(66)) - Pipeline destroy failed for pipeline=PipelineID=da3501bf-00c7-4d77-b6e8-32a3d63b87b7 dn=1b957291-fe5b-420e-96dd-cc603eda7741{ip: 192.168.151.92, host: pr-hdds-2139-j8dx6-1450124282, networkLocation: /default-rack, certSerialId: null}
2019-09-17 03:21:58,398 [grpc-default-executor-2] INFO  impl.RaftServerProxy (RaftServerProxy.java:remove(95)) - 12c7e022-5f96-4d2f-bd6c-0cb832bfe0bc: remove group-32A3D63B87B7:null
2019-09-17 03:21:58,401 [RatisPipelineUtilsThread] WARN  pipeline.RatisPipelineUtils (RatisPipelineUtils.java:destroyPipeline(66)) - Pipeline destroy failed for pipeline=PipelineID=da3501bf-00c7-4d77-b6e8-32a3d63b87b7 dn=12c7e022-5f96-4d2f-bd6c-0cb832bfe0bc{ip: 192.168.151.92, host: pr-hdds-2139-j8dx6-1450124282, networkLocation: /default-rack, certSerialId: null}
2019-09-17 03:21:58,401 [RatisPipelineUtilsThread] ERROR pipeline.SCMPipelineManager (Scheduler.java:lambda$schedule$1(70)) - Destroy pipeline failed for pipeline:Pipeline[ Id: da3501bf-00c7-4d77-b6e8-32a3d63b87b7, Nodes: ae9625dc-248e-414f-955f-fccc978916e7{ip: 192.168.151.92, host: pr-hdds-2139-j8dx6-1450124282, networkLocation: /default-rack, certSerialId: null}1b957291-fe5b-420e-96dd-cc603eda7741{ip: 192.168.151.92, host: pr-hdds-2139-j8dx6-1450124282, networkLocation: /default-rack, certSerialId: null}12c7e022-5f96-4d2f-bd6c-0cb832bfe0bc{ip: 192.168.151.92, host: pr-hdds-2139-j8dx6-1450124282, networkLocation: /default-rack, certSerialId: null}, Type:RATIS, Factor:THREE, State:CLOSED]
org.apache.hadoop.hdds.scm.pipeline.PipelineNotFoundException: PipelineID=da3501bf-00c7-4d77-b6e8-32a3d63b87b7 not found
	at org.apache.hadoop.hdds.scm.pipeline.PipelineStateMap.getPipeline(PipelineStateMap.java:132)
	at org.apache.hadoop.hdds.scm.pipeline.PipelineStateMap.removePipeline(PipelineStateMap.java:322)
	at org.apache.hadoop.hdds.scm.pipeline.PipelineStateManager.removePipeline(PipelineStateManager.java:107)
	at org.apache.hadoop.hdds.scm.pipeline.SCMPipelineManager.removePipeline(SCMPipelineManager.java:423)
	at org.apache.hadoop.hdds.scm.pipeline.SCMPipelineManager.destroyPipeline(SCMPipelineManager.java:409)
	at org.apache.hadoop.hdds.scm.pipeline.SCMPipelineManager.lambda$finalizeAndDestroyPipeline$0(SCMPipelineManager.java:318)
	at org.apache.hadoop.utils.Scheduler.lambda$schedule$1(Scheduler.java:68)
	at java.util.concurrent.Executors$RunnableAdapter.call(Executors.java:511)
	at java.util.concurrent.FutureTask.run(FutureTask.java:266)
	at java.util.concurrent.ScheduledThreadPoolExecutor$ScheduledFutureTask.access$201(ScheduledThreadPoolExecutor.java:180)
	at java.util.concurrent.ScheduledThreadPoolExecutor$ScheduledFutureTask.run(ScheduledThreadPoolExecutor.java:293)
	at java.util.concurrent.ThreadPoolExecutor.runWorker(ThreadPoolExecutor.java:1149)
	at java.util.concurrent.ThreadPoolExecutor$Worker.run(ThreadPoolExecutor.java:624)
	at java.lang.Thread.run(Thread.java:748)
2019-09-17 03:21:58,543 [2a454ec2-3cfa-49cf-9003-841835eb2002@group-89364A117DE9-SegmentedRaftLogWorker] WARN  segmented.SegmentedRaftLogWorker (SegmentedRaftLogWorker.java:getFromFuture(90)) - Timeout 4/~
org.apache.ratis.protocol.TimeoutIOException: Timeout 10s: WriteLog:14: (t:1, i:14), STATEMACHINELOGENTRY, client-FCF838B3A418, cid=34-writeStateMachineData
	at org.apache.ratis.util.IOUtils.getFromFuture(IOUtils.java:87)
	at org.apache.ratis.server.raftlog.segmented.SegmentedRaftLogWorker$StateMachineDataPolicy.getFromFuture(SegmentedRaftLogWorker.java:87)
	at org.apache.ratis.server.raftlog.segmented.SegmentedRaftLogWorker$WriteLog.execute(SegmentedRaftLogWorker.java:477)
	at org.apache.ratis.server.raftlog.segmented.SegmentedRaftLogWorker.run(SegmentedRaftLogWorker.java:289)
	at java.lang.Thread.run(Thread.java:748)
Caused by: java.util.concurrent.TimeoutException
	at java.util.concurrent.CompletableFuture.timedGet(CompletableFuture.java:1771)
	at java.util.concurrent.CompletableFuture.get(CompletableFuture.java:1915)
	at org.apache.ratis.util.IOUtils.getFromFuture(IOUtils.java:79)
	... 4 more
2019-09-17 03:21:58,543 [fb5c35a7-52ed-48ed-856a-22aafd4627bf@group-89364A117DE9-SegmentedRaftLogWorker] WARN  segmented.SegmentedRaftLogWorker (SegmentedRaftLogWorker.java:getFromFuture(90)) - Timeout 4/~
org.apache.ratis.protocol.TimeoutIOException: Timeout 10s: WriteLog:14: (t:1, i:14), STATEMACHINELOGENTRY, client-FCF838B3A418, cid=34-writeStateMachineData
	at org.apache.ratis.util.IOUtils.getFromFuture(IOUtils.java:87)
	at org.apache.ratis.server.raftlog.segmented.SegmentedRaftLogWorker$StateMachineDataPolicy.getFromFuture(SegmentedRaftLogWorker.java:87)
	at org.apache.ratis.server.raftlog.segmented.SegmentedRaftLogWorker$WriteLog.execute(SegmentedRaftLogWorker.java:477)
	at org.apache.ratis.server.raftlog.segmented.SegmentedRaftLogWorker.run(SegmentedRaftLogWorker.java:289)
	at java.lang.Thread.run(Thread.java:748)
Caused by: java.util.concurrent.TimeoutException
	at java.util.concurrent.CompletableFuture.timedGet(CompletableFuture.java:1771)
	at java.util.concurrent.CompletableFuture.get(CompletableFuture.java:1915)
	at org.apache.ratis.util.IOUtils.getFromFuture(IOUtils.java:79)
	... 4 more
2019-09-17 03:21:58,544 [f255fb19-c941-42ad-8caf-606d85b027b3@group-89364A117DE9-SegmentedRaftLogWorker] WARN  segmented.SegmentedRaftLogWorker (SegmentedRaftLogWorker.java:getFromFuture(90)) - Timeout 4/~
org.apache.ratis.protocol.TimeoutIOException: Timeout 10s: WriteLog:14: (t:1, i:14), STATEMACHINELOGENTRY, client-FCF838B3A418, cid=34-writeStateMachineData
	at org.apache.ratis.util.IOUtils.getFromFuture(IOUtils.java:87)
	at org.apache.ratis.server.raftlog.segmented.SegmentedRaftLogWorker$StateMachineDataPolicy.getFromFuture(SegmentedRaftLogWorker.java:87)
	at org.apache.ratis.server.raftlog.segmented.SegmentedRaftLogWorker$WriteLog.execute(SegmentedRaftLogWorker.java:477)
	at org.apache.ratis.server.raftlog.segmented.SegmentedRaftLogWorker.run(SegmentedRaftLogWorker.java:289)
	at java.lang.Thread.run(Thread.java:748)
Caused by: java.util.concurrent.TimeoutException
	at java.util.concurrent.CompletableFuture.timedGet(CompletableFuture.java:1771)
	at java.util.concurrent.CompletableFuture.get(CompletableFuture.java:1915)
	at org.apache.ratis.util.IOUtils.getFromFuture(IOUtils.java:79)
	... 4 more
2019-09-17 03:21:58,858 [grpc-default-executor-3] INFO  client.GrpcClientProtocolClient (GrpcClientProtocolClient.java:onNext(264)) - client-FCF838B3A418->fb5c35a7-52ed-48ed-856a-22aafd4627bf: receive RaftClientReply:client-FCF838B3A418->fb5c35a7-52ed-48ed-856a-22aafd4627bf@group-89364A117DE9, cid=33, FAILED org.apache.ratis.protocol.NotLeaderException: Server fb5c35a7-52ed-48ed-856a-22aafd4627bf@group-89364A117DE9 is not the leader 2a454ec2-3cfa-49cf-9003-841835eb2002:192.168.151.92:33622, logIndex=0, commits[fb5c35a7-52ed-48ed-856a-22aafd4627bf:c12, f255fb19-c941-42ad-8caf-606d85b027b3:c10, 2a454ec2-3cfa-49cf-9003-841835eb2002:c12]
2019-09-17 03:21:58,922 [java.util.concurrent.ThreadPoolExecutor$Worker@200c90e7[State = -1, empty queue]] WARN  server.GrpcLogAppender (GrpcLogAppender.java:timeoutAppendRequest(200)) - 2a454ec2-3cfa-49cf-9003-841835eb2002@group-89364A117DE9->f255fb19-c941-42ad-8caf-606d85b027b3-GrpcLogAppender: appendEntries Timeout, request=2a454ec2-3cfa-49cf-9003-841835eb2002->f255fb19-c941-42ad-8caf-606d85b027b3#114-t1, previous=(t:1, i:18), leaderCommit=12, initializing? false, entries: <empty>
2019-09-17 03:21:58,922 [java.util.concurrent.ThreadPoolExecutor$Worker@2cfcc4f0[State = -1, empty queue]] WARN  server.GrpcLogAppender (GrpcLogAppender.java:timeoutAppendRequest(200)) - 2a454ec2-3cfa-49cf-9003-841835eb2002@group-89364A117DE9->fb5c35a7-52ed-48ed-856a-22aafd4627bf-GrpcLogAppender: appendEntries Timeout, request=2a454ec2-3cfa-49cf-9003-841835eb2002->fb5c35a7-52ed-48ed-856a-22aafd4627bf#114-t1, previous=(t:1, i:18), leaderCommit=12, initializing? false, entries: <empty>
2019-09-17 03:22:00,381 [grpc-default-executor-2] INFO  impl.RaftServerProxy (RaftServerProxy.java:remove(95)) - ae9625dc-248e-414f-955f-fccc978916e7: remove group-32A3D63B87B7:null
2019-09-17 03:22:00,384 [RatisPipelineUtilsThread] WARN  pipeline.RatisPipelineUtils (RatisPipelineUtils.java:destroyPipeline(66)) - Pipeline destroy failed for pipeline=PipelineID=da3501bf-00c7-4d77-b6e8-32a3d63b87b7 dn=ae9625dc-248e-414f-955f-fccc978916e7{ip: 192.168.151.92, host: pr-hdds-2139-j8dx6-1450124282, networkLocation: /default-rack, certSerialId: null}
2019-09-17 03:22:00,387 [grpc-default-executor-2] INFO  impl.RaftServerProxy (RaftServerProxy.java:remove(95)) - 1b957291-fe5b-420e-96dd-cc603eda7741: remove group-32A3D63B87B7:null
2019-09-17 03:22:00,390 [RatisPipelineUtilsThread] WARN  pipeline.RatisPipelineUtils (RatisPipelineUtils.java:destroyPipeline(66)) - Pipeline destroy failed for pipeline=PipelineID=da3501bf-00c7-4d77-b6e8-32a3d63b87b7 dn=1b957291-fe5b-420e-96dd-cc603eda7741{ip: 192.168.151.92, host: pr-hdds-2139-j8dx6-1450124282, networkLocation: /default-rack, certSerialId: null}
2019-09-17 03:22:00,396 [grpc-default-executor-2] INFO  impl.RaftServerProxy (RaftServerProxy.java:remove(95)) - 12c7e022-5f96-4d2f-bd6c-0cb832bfe0bc: remove group-32A3D63B87B7:null
2019-09-17 03:22:00,399 [RatisPipelineUtilsThread] WARN  pipeline.RatisPipelineUtils (RatisPipelineUtils.java:destroyPipeline(66)) - Pipeline destroy failed for pipeline=PipelineID=da3501bf-00c7-4d77-b6e8-32a3d63b87b7 dn=12c7e022-5f96-4d2f-bd6c-0cb832bfe0bc{ip: 192.168.151.92, host: pr-hdds-2139-j8dx6-1450124282, networkLocation: /default-rack, certSerialId: null}
2019-09-17 03:22:00,399 [RatisPipelineUtilsThread] ERROR pipeline.SCMPipelineManager (Scheduler.java:lambda$schedule$1(70)) - Destroy pipeline failed for pipeline:Pipeline[ Id: da3501bf-00c7-4d77-b6e8-32a3d63b87b7, Nodes: ae9625dc-248e-414f-955f-fccc978916e7{ip: 192.168.151.92, host: pr-hdds-2139-j8dx6-1450124282, networkLocation: /default-rack, certSerialId: null}1b957291-fe5b-420e-96dd-cc603eda7741{ip: 192.168.151.92, host: pr-hdds-2139-j8dx6-1450124282, networkLocation: /default-rack, certSerialId: null}12c7e022-5f96-4d2f-bd6c-0cb832bfe0bc{ip: 192.168.151.92, host: pr-hdds-2139-j8dx6-1450124282, networkLocation: /default-rack, certSerialId: null}, Type:RATIS, Factor:THREE, State:CLOSED]
org.apache.hadoop.hdds.scm.pipeline.PipelineNotFoundException: PipelineID=da3501bf-00c7-4d77-b6e8-32a3d63b87b7 not found
	at org.apache.hadoop.hdds.scm.pipeline.PipelineStateMap.getPipeline(PipelineStateMap.java:132)
	at org.apache.hadoop.hdds.scm.pipeline.PipelineStateMap.removePipeline(PipelineStateMap.java:322)
	at org.apache.hadoop.hdds.scm.pipeline.PipelineStateManager.removePipeline(PipelineStateManager.java:107)
	at org.apache.hadoop.hdds.scm.pipeline.SCMPipelineManager.removePipeline(SCMPipelineManager.java:423)
	at org.apache.hadoop.hdds.scm.pipeline.SCMPipelineManager.destroyPipeline(SCMPipelineManager.java:409)
	at org.apache.hadoop.hdds.scm.pipeline.SCMPipelineManager.lambda$finalizeAndDestroyPipeline$0(SCMPipelineManager.java:318)
	at org.apache.hadoop.utils.Scheduler.lambda$schedule$1(Scheduler.java:68)
	at java.util.concurrent.Executors$RunnableAdapter.call(Executors.java:511)
	at java.util.concurrent.FutureTask.run(FutureTask.java:266)
	at java.util.concurrent.ScheduledThreadPoolExecutor$ScheduledFutureTask.access$201(ScheduledThreadPoolExecutor.java:180)
	at java.util.concurrent.ScheduledThreadPoolExecutor$ScheduledFutureTask.run(ScheduledThreadPoolExecutor.java:293)
	at java.util.concurrent.ThreadPoolExecutor.runWorker(ThreadPoolExecutor.java:1149)
	at java.util.concurrent.ThreadPoolExecutor$Worker.run(ThreadPoolExecutor.java:624)
	at java.lang.Thread.run(Thread.java:748)
2019-09-17 03:22:01,422 [java.util.concurrent.ThreadPoolExecutor$Worker@200c90e7[State = -1, empty queue]] WARN  server.GrpcLogAppender (GrpcLogAppender.java:timeoutAppendRequest(200)) - 2a454ec2-3cfa-49cf-9003-841835eb2002@group-89364A117DE9->f255fb19-c941-42ad-8caf-606d85b027b3-GrpcLogAppender: appendEntries Timeout, request=2a454ec2-3cfa-49cf-9003-841835eb2002->f255fb19-c941-42ad-8caf-606d85b027b3#115-t1, previous=(t:1, i:18), leaderCommit=12, initializing? false, entries: <empty>
2019-09-17 03:22:01,422 [java.util.concurrent.ThreadPoolExecutor$Worker@2cfcc4f0[State = -1, empty queue]] WARN  server.GrpcLogAppender (GrpcLogAppender.java:timeoutAppendRequest(200)) - 2a454ec2-3cfa-49cf-9003-841835eb2002@group-89364A117DE9->fb5c35a7-52ed-48ed-856a-22aafd4627bf-GrpcLogAppender: appendEntries Timeout, request=2a454ec2-3cfa-49cf-9003-841835eb2002->fb5c35a7-52ed-48ed-856a-22aafd4627bf#115-t1, previous=(t:1, i:18), leaderCommit=12, initializing? false, entries: <empty>
2019-09-17 03:22:03,381 [grpc-default-executor-3] INFO  impl.RaftServerProxy (RaftServerProxy.java:remove(95)) - ae9625dc-248e-414f-955f-fccc978916e7: remove group-32A3D63B87B7:null
2019-09-17 03:22:03,384 [RatisPipelineUtilsThread] WARN  pipeline.RatisPipelineUtils (RatisPipelineUtils.java:destroyPipeline(66)) - Pipeline destroy failed for pipeline=PipelineID=da3501bf-00c7-4d77-b6e8-32a3d63b87b7 dn=ae9625dc-248e-414f-955f-fccc978916e7{ip: 192.168.151.92, host: pr-hdds-2139-j8dx6-1450124282, networkLocation: /default-rack, certSerialId: null}
2019-09-17 03:22:03,387 [grpc-default-executor-3] INFO  impl.RaftServerProxy (RaftServerProxy.java:remove(95)) - 1b957291-fe5b-420e-96dd-cc603eda7741: remove group-32A3D63B87B7:null
2019-09-17 03:22:03,390 [RatisPipelineUtilsThread] WARN  pipeline.RatisPipelineUtils (RatisPipelineUtils.java:destroyPipeline(66)) - Pipeline destroy failed for pipeline=PipelineID=da3501bf-00c7-4d77-b6e8-32a3d63b87b7 dn=1b957291-fe5b-420e-96dd-cc603eda7741{ip: 192.168.151.92, host: pr-hdds-2139-j8dx6-1450124282, networkLocation: /default-rack, certSerialId: null}
2019-09-17 03:22:03,393 [grpc-default-executor-3] INFO  impl.RaftServerProxy (RaftServerProxy.java:remove(95)) - 12c7e022-5f96-4d2f-bd6c-0cb832bfe0bc: remove group-32A3D63B87B7:null
2019-09-17 03:22:03,395 [RatisPipelineUtilsThread] WARN  pipeline.RatisPipelineUtils (RatisPipelineUtils.java:destroyPipeline(66)) - Pipeline destroy failed for pipeline=PipelineID=da3501bf-00c7-4d77-b6e8-32a3d63b87b7 dn=12c7e022-5f96-4d2f-bd6c-0cb832bfe0bc{ip: 192.168.151.92, host: pr-hdds-2139-j8dx6-1450124282, networkLocation: /default-rack, certSerialId: null}
2019-09-17 03:22:03,395 [RatisPipelineUtilsThread] ERROR pipeline.SCMPipelineManager (Scheduler.java:lambda$schedule$1(70)) - Destroy pipeline failed for pipeline:Pipeline[ Id: da3501bf-00c7-4d77-b6e8-32a3d63b87b7, Nodes: ae9625dc-248e-414f-955f-fccc978916e7{ip: 192.168.151.92, host: pr-hdds-2139-j8dx6-1450124282, networkLocation: /default-rack, certSerialId: null}1b957291-fe5b-420e-96dd-cc603eda7741{ip: 192.168.151.92, host: pr-hdds-2139-j8dx6-1450124282, networkLocation: /default-rack, certSerialId: null}12c7e022-5f96-4d2f-bd6c-0cb832bfe0bc{ip: 192.168.151.92, host: pr-hdds-2139-j8dx6-1450124282, networkLocation: /default-rack, certSerialId: null}, Type:RATIS, Factor:THREE, State:CLOSED]
org.apache.hadoop.hdds.scm.pipeline.PipelineNotFoundException: PipelineID=da3501bf-00c7-4d77-b6e8-32a3d63b87b7 not found
	at org.apache.hadoop.hdds.scm.pipeline.PipelineStateMap.getPipeline(PipelineStateMap.java:132)
	at org.apache.hadoop.hdds.scm.pipeline.PipelineStateMap.removePipeline(PipelineStateMap.java:322)
	at org.apache.hadoop.hdds.scm.pipeline.PipelineStateManager.removePipeline(PipelineStateManager.java:107)
	at org.apache.hadoop.hdds.scm.pipeline.SCMPipelineManager.removePipeline(SCMPipelineManager.java:423)
	at org.apache.hadoop.hdds.scm.pipeline.SCMPipelineManager.destroyPipeline(SCMPipelineManager.java:409)
	at org.apache.hadoop.hdds.scm.pipeline.SCMPipelineManager.lambda$finalizeAndDestroyPipeline$0(SCMPipelineManager.java:318)
	at org.apache.hadoop.utils.Scheduler.lambda$schedule$1(Scheduler.java:68)
	at java.util.concurrent.Executors$RunnableAdapter.call(Executors.java:511)
	at java.util.concurrent.FutureTask.run(FutureTask.java:266)
	at java.util.concurrent.ScheduledThreadPoolExecutor$ScheduledFutureTask.access$201(ScheduledThreadPoolExecutor.java:180)
	at java.util.concurrent.ScheduledThreadPoolExecutor$ScheduledFutureTask.run(ScheduledThreadPoolExecutor.java:293)
	at java.util.concurrent.ThreadPoolExecutor.runWorker(ThreadPoolExecutor.java:1149)
	at java.util.concurrent.ThreadPoolExecutor$Worker.run(ThreadPoolExecutor.java:624)
	at java.lang.Thread.run(Thread.java:748)
2019-09-17 03:22:03,894 [grpc-default-executor-2] INFO  client.GrpcClientProtocolClient (GrpcClientProtocolClient.java:onNext(264)) - client-FCF838B3A418->fb5c35a7-52ed-48ed-856a-22aafd4627bf: receive RaftClientReply:client-FCF838B3A418->fb5c35a7-52ed-48ed-856a-22aafd4627bf@group-89364A117DE9, cid=33, FAILED org.apache.ratis.protocol.NotLeaderException: Server fb5c35a7-52ed-48ed-856a-22aafd4627bf@group-89364A117DE9 is not the leader 2a454ec2-3cfa-49cf-9003-841835eb2002:192.168.151.92:33622, logIndex=0, commits[fb5c35a7-52ed-48ed-856a-22aafd4627bf:c12, f255fb19-c941-42ad-8caf-606d85b027b3:c10, 2a454ec2-3cfa-49cf-9003-841835eb2002:c12]
2019-09-17 03:22:03,923 [java.util.concurrent.ThreadPoolExecutor$Worker@2cfcc4f0[State = -1, empty queue]] WARN  server.GrpcLogAppender (GrpcLogAppender.java:timeoutAppendRequest(200)) - 2a454ec2-3cfa-49cf-9003-841835eb2002@group-89364A117DE9->fb5c35a7-52ed-48ed-856a-22aafd4627bf-GrpcLogAppender: appendEntries Timeout, request=2a454ec2-3cfa-49cf-9003-841835eb2002->fb5c35a7-52ed-48ed-856a-22aafd4627bf#116-t1, previous=(t:1, i:18), leaderCommit=12, initializing? false, entries: <empty>
2019-09-17 03:22:03,925 [java.util.concurrent.ThreadPoolExecutor$Worker@200c90e7[State = -1, empty queue]] WARN  server.GrpcLogAppender (GrpcLogAppender.java:timeoutAppendRequest(200)) - 2a454ec2-3cfa-49cf-9003-841835eb2002@group-89364A117DE9->f255fb19-c941-42ad-8caf-606d85b027b3-GrpcLogAppender: appendEntries Timeout, request=2a454ec2-3cfa-49cf-9003-841835eb2002->f255fb19-c941-42ad-8caf-606d85b027b3#116-t1, previous=(t:1, i:18), leaderCommit=12, initializing? false, entries: <empty>
2019-09-17 03:22:05,381 [grpc-default-executor-3] INFO  impl.RaftServerProxy (RaftServerProxy.java:remove(95)) - ae9625dc-248e-414f-955f-fccc978916e7: remove group-32A3D63B87B7:null
2019-09-17 03:22:05,384 [RatisPipelineUtilsThread] WARN  pipeline.RatisPipelineUtils (RatisPipelineUtils.java:destroyPipeline(66)) - Pipeline destroy failed for pipeline=PipelineID=da3501bf-00c7-4d77-b6e8-32a3d63b87b7 dn=ae9625dc-248e-414f-955f-fccc978916e7{ip: 192.168.151.92, host: pr-hdds-2139-j8dx6-1450124282, networkLocation: /default-rack, certSerialId: null}
2019-09-17 03:22:05,387 [grpc-default-executor-3] INFO  impl.RaftServerProxy (RaftServerProxy.java:remove(95)) - 1b957291-fe5b-420e-96dd-cc603eda7741: remove group-32A3D63B87B7:null
2019-09-17 03:22:05,390 [RatisPipelineUtilsThread] WARN  pipeline.RatisPipelineUtils (RatisPipelineUtils.java:destroyPipeline(66)) - Pipeline destroy failed for pipeline=PipelineID=da3501bf-00c7-4d77-b6e8-32a3d63b87b7 dn=1b957291-fe5b-420e-96dd-cc603eda7741{ip: 192.168.151.92, host: pr-hdds-2139-j8dx6-1450124282, networkLocation: /default-rack, certSerialId: null}
2019-09-17 03:22:05,393 [grpc-default-executor-3] INFO  impl.RaftServerProxy (RaftServerProxy.java:remove(95)) - 12c7e022-5f96-4d2f-bd6c-0cb832bfe0bc: remove group-32A3D63B87B7:null
2019-09-17 03:22:05,395 [RatisPipelineUtilsThread] WARN  pipeline.RatisPipelineUtils (RatisPipelineUtils.java:destroyPipeline(66)) - Pipeline destroy failed for pipeline=PipelineID=da3501bf-00c7-4d77-b6e8-32a3d63b87b7 dn=12c7e022-5f96-4d2f-bd6c-0cb832bfe0bc{ip: 192.168.151.92, host: pr-hdds-2139-j8dx6-1450124282, networkLocation: /default-rack, certSerialId: null}
2019-09-17 03:22:05,395 [RatisPipelineUtilsThread] ERROR pipeline.SCMPipelineManager (Scheduler.java:lambda$schedule$1(70)) - Destroy pipeline failed for pipeline:Pipeline[ Id: da3501bf-00c7-4d77-b6e8-32a3d63b87b7, Nodes: ae9625dc-248e-414f-955f-fccc978916e7{ip: 192.168.151.92, host: pr-hdds-2139-j8dx6-1450124282, networkLocation: /default-rack, certSerialId: null}1b957291-fe5b-420e-96dd-cc603eda7741{ip: 192.168.151.92, host: pr-hdds-2139-j8dx6-1450124282, networkLocation: /default-rack, certSerialId: null}12c7e022-5f96-4d2f-bd6c-0cb832bfe0bc{ip: 192.168.151.92, host: pr-hdds-2139-j8dx6-1450124282, networkLocation: /default-rack, certSerialId: null}, Type:RATIS, Factor:THREE, State:CLOSED]
org.apache.hadoop.hdds.scm.pipeline.PipelineNotFoundException: PipelineID=da3501bf-00c7-4d77-b6e8-32a3d63b87b7 not found
	at org.apache.hadoop.hdds.scm.pipeline.PipelineStateMap.getPipeline(PipelineStateMap.java:132)
	at org.apache.hadoop.hdds.scm.pipeline.PipelineStateMap.removePipeline(PipelineStateMap.java:322)
	at org.apache.hadoop.hdds.scm.pipeline.PipelineStateManager.removePipeline(PipelineStateManager.java:107)
	at org.apache.hadoop.hdds.scm.pipeline.SCMPipelineManager.removePipeline(SCMPipelineManager.java:423)
	at org.apache.hadoop.hdds.scm.pipeline.SCMPipelineManager.destroyPipeline(SCMPipelineManager.java:409)
	at org.apache.hadoop.hdds.scm.pipeline.SCMPipelineManager.lambda$finalizeAndDestroyPipeline$0(SCMPipelineManager.java:318)
	at org.apache.hadoop.utils.Scheduler.lambda$schedule$1(Scheduler.java:68)
	at java.util.concurrent.Executors$RunnableAdapter.call(Executors.java:511)
	at java.util.concurrent.FutureTask.run(FutureTask.java:266)
	at java.util.concurrent.ScheduledThreadPoolExecutor$ScheduledFutureTask.access$201(ScheduledThreadPoolExecutor.java:180)
	at java.util.concurrent.ScheduledThreadPoolExecutor$ScheduledFutureTask.run(ScheduledThreadPoolExecutor.java:293)
	at java.util.concurrent.ThreadPoolExecutor.runWorker(ThreadPoolExecutor.java:1149)
	at java.util.concurrent.ThreadPoolExecutor$Worker.run(ThreadPoolExecutor.java:624)
	at java.lang.Thread.run(Thread.java:748)
2019-09-17 03:22:06,423 [java.util.concurrent.ThreadPoolExecutor$Worker@200c90e7[State = -1, empty queue]] WARN  server.GrpcLogAppender (GrpcLogAppender.java:timeoutAppendRequest(200)) - 2a454ec2-3cfa-49cf-9003-841835eb2002@group-89364A117DE9->f255fb19-c941-42ad-8caf-606d85b027b3-GrpcLogAppender: appendEntries Timeout, request=2a454ec2-3cfa-49cf-9003-841835eb2002->f255fb19-c941-42ad-8caf-606d85b027b3#117-t1, previous=(t:1, i:18), leaderCommit=12, initializing? false, entries: <empty>
2019-09-17 03:22:06,423 [java.util.concurrent.ThreadPoolExecutor$Worker@2cfcc4f0[State = -1, empty queue]] WARN  server.GrpcLogAppender (GrpcLogAppender.java:timeoutAppendRequest(200)) - 2a454ec2-3cfa-49cf-9003-841835eb2002@group-89364A117DE9->fb5c35a7-52ed-48ed-856a-22aafd4627bf-GrpcLogAppender: appendEntries Timeout, request=2a454ec2-3cfa-49cf-9003-841835eb2002->fb5c35a7-52ed-48ed-856a-22aafd4627bf#117-t1, previous=(t:1, i:18), leaderCommit=12, initializing? false, entries: <empty>
2019-09-17 03:22:08,381 [grpc-default-executor-2] INFO  impl.RaftServerProxy (RaftServerProxy.java:remove(95)) - ae9625dc-248e-414f-955f-fccc978916e7: remove group-32A3D63B87B7:null
2019-09-17 03:22:08,384 [RatisPipelineUtilsThread] WARN  pipeline.RatisPipelineUtils (RatisPipelineUtils.java:destroyPipeline(66)) - Pipeline destroy failed for pipeline=PipelineID=da3501bf-00c7-4d77-b6e8-32a3d63b87b7 dn=ae9625dc-248e-414f-955f-fccc978916e7{ip: 192.168.151.92, host: pr-hdds-2139-j8dx6-1450124282, networkLocation: /default-rack, certSerialId: null}
2019-09-17 03:22:08,387 [grpc-default-executor-2] INFO  impl.RaftServerProxy (RaftServerProxy.java:remove(95)) - 1b957291-fe5b-420e-96dd-cc603eda7741: remove group-32A3D63B87B7:null
2019-09-17 03:22:08,389 [RatisPipelineUtilsThread] WARN  pipeline.RatisPipelineUtils (RatisPipelineUtils.java:destroyPipeline(66)) - Pipeline destroy failed for pipeline=PipelineID=da3501bf-00c7-4d77-b6e8-32a3d63b87b7 dn=1b957291-fe5b-420e-96dd-cc603eda7741{ip: 192.168.151.92, host: pr-hdds-2139-j8dx6-1450124282, networkLocation: /default-rack, certSerialId: null}
2019-09-17 03:22:08,393 [grpc-default-executor-2] INFO  impl.RaftServerProxy (RaftServerProxy.java:remove(95)) - 12c7e022-5f96-4d2f-bd6c-0cb832bfe0bc: remove group-32A3D63B87B7:null
2019-09-17 03:22:08,398 [RatisPipelineUtilsThread] WARN  pipeline.RatisPipelineUtils (RatisPipelineUtils.java:destroyPipeline(66)) - Pipeline destroy failed for pipeline=PipelineID=da3501bf-00c7-4d77-b6e8-32a3d63b87b7 dn=12c7e022-5f96-4d2f-bd6c-0cb832bfe0bc{ip: 192.168.151.92, host: pr-hdds-2139-j8dx6-1450124282, networkLocation: /default-rack, certSerialId: null}
2019-09-17 03:22:08,399 [RatisPipelineUtilsThread] ERROR pipeline.SCMPipelineManager (Scheduler.java:lambda$schedule$1(70)) - Destroy pipeline failed for pipeline:Pipeline[ Id: da3501bf-00c7-4d77-b6e8-32a3d63b87b7, Nodes: ae9625dc-248e-414f-955f-fccc978916e7{ip: 192.168.151.92, host: pr-hdds-2139-j8dx6-1450124282, networkLocation: /default-rack, certSerialId: null}1b957291-fe5b-420e-96dd-cc603eda7741{ip: 192.168.151.92, host: pr-hdds-2139-j8dx6-1450124282, networkLocation: /default-rack, certSerialId: null}12c7e022-5f96-4d2f-bd6c-0cb832bfe0bc{ip: 192.168.151.92, host: pr-hdds-2139-j8dx6-1450124282, networkLocation: /default-rack, certSerialId: null}, Type:RATIS, Factor:THREE, State:CLOSED]
org.apache.hadoop.hdds.scm.pipeline.PipelineNotFoundException: PipelineID=da3501bf-00c7-4d77-b6e8-32a3d63b87b7 not found
	at org.apache.hadoop.hdds.scm.pipeline.PipelineStateMap.getPipeline(PipelineStateMap.java:132)
	at org.apache.hadoop.hdds.scm.pipeline.PipelineStateMap.removePipeline(PipelineStateMap.java:322)
	at org.apache.hadoop.hdds.scm.pipeline.PipelineStateManager.removePipeline(PipelineStateManager.java:107)
	at org.apache.hadoop.hdds.scm.pipeline.SCMPipelineManager.removePipeline(SCMPipelineManager.java:423)
	at org.apache.hadoop.hdds.scm.pipeline.SCMPipelineManager.destroyPipeline(SCMPipelineManager.java:409)
	at org.apache.hadoop.hdds.scm.pipeline.SCMPipelineManager.lambda$finalizeAndDestroyPipeline$0(SCMPipelineManager.java:318)
	at org.apache.hadoop.utils.Scheduler.lambda$schedule$1(Scheduler.java:68)
	at java.util.concurrent.Executors$RunnableAdapter.call(Executors.java:511)
	at java.util.concurrent.FutureTask.run(FutureTask.java:266)
	at java.util.concurrent.ScheduledThreadPoolExecutor$ScheduledFutureTask.access$201(ScheduledThreadPoolExecutor.java:180)
	at java.util.concurrent.ScheduledThreadPoolExecutor$ScheduledFutureTask.run(ScheduledThreadPoolExecutor.java:293)
	at java.util.concurrent.ThreadPoolExecutor.runWorker(ThreadPoolExecutor.java:1149)
	at java.util.concurrent.ThreadPoolExecutor$Worker.run(ThreadPoolExecutor.java:624)
	at java.lang.Thread.run(Thread.java:748)
2019-09-17 03:22:08,544 [2a454ec2-3cfa-49cf-9003-841835eb2002@group-89364A117DE9-SegmentedRaftLogWorker] WARN  segmented.SegmentedRaftLogWorker (SegmentedRaftLogWorker.java:getFromFuture(90)) - Timeout 5/~
org.apache.ratis.protocol.TimeoutIOException: Timeout 10s: WriteLog:14: (t:1, i:14), STATEMACHINELOGENTRY, client-FCF838B3A418, cid=34-writeStateMachineData
	at org.apache.ratis.util.IOUtils.getFromFuture(IOUtils.java:87)
	at org.apache.ratis.server.raftlog.segmented.SegmentedRaftLogWorker$StateMachineDataPolicy.getFromFuture(SegmentedRaftLogWorker.java:87)
	at org.apache.ratis.server.raftlog.segmented.SegmentedRaftLogWorker$WriteLog.execute(SegmentedRaftLogWorker.java:477)
	at org.apache.ratis.server.raftlog.segmented.SegmentedRaftLogWorker.run(SegmentedRaftLogWorker.java:289)
	at java.lang.Thread.run(Thread.java:748)
Caused by: java.util.concurrent.TimeoutException
	at java.util.concurrent.CompletableFuture.timedGet(CompletableFuture.java:1771)
	at java.util.concurrent.CompletableFuture.get(CompletableFuture.java:1915)
	at org.apache.ratis.util.IOUtils.getFromFuture(IOUtils.java:79)
	... 4 more
2019-09-17 03:22:08,545 [fb5c35a7-52ed-48ed-856a-22aafd4627bf@group-89364A117DE9-SegmentedRaftLogWorker] WARN  segmented.SegmentedRaftLogWorker (SegmentedRaftLogWorker.java:getFromFuture(90)) - Timeout 5/~
org.apache.ratis.protocol.TimeoutIOException: Timeout 10s: WriteLog:14: (t:1, i:14), STATEMACHINELOGENTRY, client-FCF838B3A418, cid=34-writeStateMachineData
	at org.apache.ratis.util.IOUtils.getFromFuture(IOUtils.java:87)
	at org.apache.ratis.server.raftlog.segmented.SegmentedRaftLogWorker$StateMachineDataPolicy.getFromFuture(SegmentedRaftLogWorker.java:87)
	at org.apache.ratis.server.raftlog.segmented.SegmentedRaftLogWorker$WriteLog.execute(SegmentedRaftLogWorker.java:477)
	at org.apache.ratis.server.raftlog.segmented.SegmentedRaftLogWorker.run(SegmentedRaftLogWorker.java:289)
	at java.lang.Thread.run(Thread.java:748)
Caused by: java.util.concurrent.TimeoutException
	at java.util.concurrent.CompletableFuture.timedGet(CompletableFuture.java:1771)
	at java.util.concurrent.CompletableFuture.get(CompletableFuture.java:1915)
	at org.apache.ratis.util.IOUtils.getFromFuture(IOUtils.java:79)
	... 4 more
2019-09-17 03:22:08,545 [f255fb19-c941-42ad-8caf-606d85b027b3@group-89364A117DE9-SegmentedRaftLogWorker] WARN  segmented.SegmentedRaftLogWorker (SegmentedRaftLogWorker.java:getFromFuture(90)) - Timeout 5/~
org.apache.ratis.protocol.TimeoutIOException: Timeout 10s: WriteLog:14: (t:1, i:14), STATEMACHINELOGENTRY, client-FCF838B3A418, cid=34-writeStateMachineData
	at org.apache.ratis.util.IOUtils.getFromFuture(IOUtils.java:87)
	at org.apache.ratis.server.raftlog.segmented.SegmentedRaftLogWorker$StateMachineDataPolicy.getFromFuture(SegmentedRaftLogWorker.java:87)
	at org.apache.ratis.server.raftlog.segmented.SegmentedRaftLogWorker$WriteLog.execute(SegmentedRaftLogWorker.java:477)
	at org.apache.ratis.server.raftlog.segmented.SegmentedRaftLogWorker.run(SegmentedRaftLogWorker.java:289)
	at java.lang.Thread.run(Thread.java:748)
Caused by: java.util.concurrent.TimeoutException
	at java.util.concurrent.CompletableFuture.timedGet(CompletableFuture.java:1771)
	at java.util.concurrent.CompletableFuture.get(CompletableFuture.java:1915)
	at org.apache.ratis.util.IOUtils.getFromFuture(IOUtils.java:79)
	... 4 more
2019-09-17 03:22:08,923 [java.util.concurrent.ThreadPoolExecutor$Worker@2cfcc4f0[State = -1, empty queue]] WARN  server.GrpcLogAppender (GrpcLogAppender.java:timeoutAppendRequest(200)) - 2a454ec2-3cfa-49cf-9003-841835eb2002@group-89364A117DE9->fb5c35a7-52ed-48ed-856a-22aafd4627bf-GrpcLogAppender: appendEntries Timeout, request=2a454ec2-3cfa-49cf-9003-841835eb2002->fb5c35a7-52ed-48ed-856a-22aafd4627bf#118-t1, previous=(t:1, i:18), leaderCommit=12, initializing? false, entries: <empty>
2019-09-17 03:22:08,923 [java.util.concurrent.ThreadPoolExecutor$Worker@200c90e7[State = -1, empty queue]] WARN  server.GrpcLogAppender (GrpcLogAppender.java:timeoutAppendRequest(200)) - 2a454ec2-3cfa-49cf-9003-841835eb2002@group-89364A117DE9->f255fb19-c941-42ad-8caf-606d85b027b3-GrpcLogAppender: appendEntries Timeout, request=2a454ec2-3cfa-49cf-9003-841835eb2002->f255fb19-c941-42ad-8caf-606d85b027b3#118-t1, previous=(t:1, i:18), leaderCommit=12, initializing? false, entries: <empty>
2019-09-17 03:22:08,963 [grpc-default-executor-3] INFO  client.GrpcClientProtocolClient (GrpcClientProtocolClient.java:onNext(264)) - client-FCF838B3A418->f255fb19-c941-42ad-8caf-606d85b027b3: receive RaftClientReply:client-FCF838B3A418->f255fb19-c941-42ad-8caf-606d85b027b3@group-89364A117DE9, cid=33, FAILED org.apache.ratis.protocol.NotLeaderException: Server f255fb19-c941-42ad-8caf-606d85b027b3@group-89364A117DE9 is not the leader 2a454ec2-3cfa-49cf-9003-841835eb2002:192.168.151.92:33622, logIndex=0, commits[f255fb19-c941-42ad-8caf-606d85b027b3:c12, fb5c35a7-52ed-48ed-856a-22aafd4627bf:c10, 2a454ec2-3cfa-49cf-9003-841835eb2002:c12]
2019-09-17 03:22:10,383 [grpc-default-executor-2] INFO  impl.RaftServerProxy (RaftServerProxy.java:remove(95)) - ae9625dc-248e-414f-955f-fccc978916e7: remove group-32A3D63B87B7:null
2019-09-17 03:22:10,386 [RatisPipelineUtilsThread] WARN  pipeline.RatisPipelineUtils (RatisPipelineUtils.java:destroyPipeline(66)) - Pipeline destroy failed for pipeline=PipelineID=da3501bf-00c7-4d77-b6e8-32a3d63b87b7 dn=ae9625dc-248e-414f-955f-fccc978916e7{ip: 192.168.151.92, host: pr-hdds-2139-j8dx6-1450124282, networkLocation: /default-rack, certSerialId: null}
2019-09-17 03:22:10,389 [grpc-default-executor-2] INFO  impl.RaftServerProxy (RaftServerProxy.java:remove(95)) - 1b957291-fe5b-420e-96dd-cc603eda7741: remove group-32A3D63B87B7:null
2019-09-17 03:22:10,392 [RatisPipelineUtilsThread] WARN  pipeline.RatisPipelineUtils (RatisPipelineUtils.java:destroyPipeline(66)) - Pipeline destroy failed for pipeline=PipelineID=da3501bf-00c7-4d77-b6e8-32a3d63b87b7 dn=1b957291-fe5b-420e-96dd-cc603eda7741{ip: 192.168.151.92, host: pr-hdds-2139-j8dx6-1450124282, networkLocation: /default-rack, certSerialId: null}
2019-09-17 03:22:10,395 [grpc-default-executor-2] INFO  impl.RaftServerProxy (RaftServerProxy.java:remove(95)) - 12c7e022-5f96-4d2f-bd6c-0cb832bfe0bc: remove group-32A3D63B87B7:null
2019-09-17 03:22:10,399 [RatisPipelineUtilsThread] WARN  pipeline.RatisPipelineUtils (RatisPipelineUtils.java:destroyPipeline(66)) - Pipeline destroy failed for pipeline=PipelineID=da3501bf-00c7-4d77-b6e8-32a3d63b87b7 dn=12c7e022-5f96-4d2f-bd6c-0cb832bfe0bc{ip: 192.168.151.92, host: pr-hdds-2139-j8dx6-1450124282, networkLocation: /default-rack, certSerialId: null}
2019-09-17 03:22:10,400 [RatisPipelineUtilsThread] ERROR pipeline.SCMPipelineManager (Scheduler.java:lambda$schedule$1(70)) - Destroy pipeline failed for pipeline:Pipeline[ Id: da3501bf-00c7-4d77-b6e8-32a3d63b87b7, Nodes: ae9625dc-248e-414f-955f-fccc978916e7{ip: 192.168.151.92, host: pr-hdds-2139-j8dx6-1450124282, networkLocation: /default-rack, certSerialId: null}1b957291-fe5b-420e-96dd-cc603eda7741{ip: 192.168.151.92, host: pr-hdds-2139-j8dx6-1450124282, networkLocation: /default-rack, certSerialId: null}12c7e022-5f96-4d2f-bd6c-0cb832bfe0bc{ip: 192.168.151.92, host: pr-hdds-2139-j8dx6-1450124282, networkLocation: /default-rack, certSerialId: null}, Type:RATIS, Factor:THREE, State:CLOSED]
org.apache.hadoop.hdds.scm.pipeline.PipelineNotFoundException: PipelineID=da3501bf-00c7-4d77-b6e8-32a3d63b87b7 not found
	at org.apache.hadoop.hdds.scm.pipeline.PipelineStateMap.getPipeline(PipelineStateMap.java:132)
	at org.apache.hadoop.hdds.scm.pipeline.PipelineStateMap.removePipeline(PipelineStateMap.java:322)
	at org.apache.hadoop.hdds.scm.pipeline.PipelineStateManager.removePipeline(PipelineStateManager.java:107)
	at org.apache.hadoop.hdds.scm.pipeline.SCMPipelineManager.removePipeline(SCMPipelineManager.java:423)
	at org.apache.hadoop.hdds.scm.pipeline.SCMPipelineManager.destroyPipeline(SCMPipelineManager.java:409)
	at org.apache.hadoop.hdds.scm.pipeline.SCMPipelineManager.lambda$finalizeAndDestroyPipeline$0(SCMPipelineManager.java:318)
	at org.apache.hadoop.utils.Scheduler.lambda$schedule$1(Scheduler.java:68)
	at java.util.concurrent.Executors$RunnableAdapter.call(Executors.java:511)
	at java.util.concurrent.FutureTask.run(FutureTask.java:266)
	at java.util.concurrent.ScheduledThreadPoolExecutor$ScheduledFutureTask.access$201(ScheduledThreadPoolExecutor.java:180)
	at java.util.concurrent.ScheduledThreadPoolExecutor$ScheduledFutureTask.run(ScheduledThreadPoolExecutor.java:293)
	at java.util.concurrent.ThreadPoolExecutor.runWorker(ThreadPoolExecutor.java:1149)
	at java.util.concurrent.ThreadPoolExecutor$Worker.run(ThreadPoolExecutor.java:624)
	at java.lang.Thread.run(Thread.java:748)
2019-09-17 03:22:11,424 [java.util.concurrent.ThreadPoolExecutor$Worker@2cfcc4f0[State = -1, empty queue]] WARN  server.GrpcLogAppender (GrpcLogAppender.java:timeoutAppendRequest(200)) - 2a454ec2-3cfa-49cf-9003-841835eb2002@group-89364A117DE9->fb5c35a7-52ed-48ed-856a-22aafd4627bf-GrpcLogAppender: appendEntries Timeout, request=2a454ec2-3cfa-49cf-9003-841835eb2002->fb5c35a7-52ed-48ed-856a-22aafd4627bf#119-t1, previous=(t:1, i:18), leaderCommit=12, initializing? false, entries: <empty>
2019-09-17 03:22:11,424 [java.util.concurrent.ThreadPoolExecutor$Worker@200c90e7[State = -1, empty queue]] WARN  server.GrpcLogAppender (GrpcLogAppender.java:timeoutAppendRequest(200)) - 2a454ec2-3cfa-49cf-9003-841835eb2002@group-89364A117DE9->f255fb19-c941-42ad-8caf-606d85b027b3-GrpcLogAppender: appendEntries Timeout, request=2a454ec2-3cfa-49cf-9003-841835eb2002->f255fb19-c941-42ad-8caf-606d85b027b3#119-t1, previous=(t:1, i:18), leaderCommit=12, initializing? false, entries: <empty>
2019-09-17 03:22:13,320 [grpc-default-executor-2] INFO  impl.RaftServerProxy (RaftServerProxy.java:remove(95)) - ae9625dc-248e-414f-955f-fccc978916e7: remove group-32A3D63B87B7:null
2019-09-17 03:22:13,324 [RatisPipelineUtilsThread] WARN  pipeline.RatisPipelineUtils (RatisPipelineUtils.java:destroyPipeline(66)) - Pipeline destroy failed for pipeline=PipelineID=da3501bf-00c7-4d77-b6e8-32a3d63b87b7 dn=ae9625dc-248e-414f-955f-fccc978916e7{ip: 192.168.151.92, host: pr-hdds-2139-j8dx6-1450124282, networkLocation: /default-rack, certSerialId: null}
2019-09-17 03:22:13,328 [grpc-default-executor-2] INFO  impl.RaftServerProxy (RaftServerProxy.java:remove(95)) - 1b957291-fe5b-420e-96dd-cc603eda7741: remove group-32A3D63B87B7:null
2019-09-17 03:22:13,330 [RatisPipelineUtilsThread] WARN  pipeline.RatisPipelineUtils (RatisPipelineUtils.java:destroyPipeline(66)) - Pipeline destroy failed for pipeline=PipelineID=da3501bf-00c7-4d77-b6e8-32a3d63b87b7 dn=1b957291-fe5b-420e-96dd-cc603eda7741{ip: 192.168.151.92, host: pr-hdds-2139-j8dx6-1450124282, networkLocation: /default-rack, certSerialId: null}
2019-09-17 03:22:13,334 [grpc-default-executor-2] INFO  impl.RaftServerProxy (RaftServerProxy.java:remove(95)) - 12c7e022-5f96-4d2f-bd6c-0cb832bfe0bc: remove group-32A3D63B87B7:null
2019-09-17 03:22:13,336 [RatisPipelineUtilsThread] WARN  pipeline.RatisPipelineUtils (RatisPipelineUtils.java:destroyPipeline(66)) - Pipeline destroy failed for pipeline=PipelineID=da3501bf-00c7-4d77-b6e8-32a3d63b87b7 dn=12c7e022-5f96-4d2f-bd6c-0cb832bfe0bc{ip: 192.168.151.92, host: pr-hdds-2139-j8dx6-1450124282, networkLocation: /default-rack, certSerialId: null}
2019-09-17 03:22:13,336 [RatisPipelineUtilsThread] ERROR pipeline.SCMPipelineManager (Scheduler.java:lambda$schedule$1(70)) - Destroy pipeline failed for pipeline:Pipeline[ Id: da3501bf-00c7-4d77-b6e8-32a3d63b87b7, Nodes: ae9625dc-248e-414f-955f-fccc978916e7{ip: 192.168.151.92, host: pr-hdds-2139-j8dx6-1450124282, networkLocation: /default-rack, certSerialId: null}1b957291-fe5b-420e-96dd-cc603eda7741{ip: 192.168.151.92, host: pr-hdds-2139-j8dx6-1450124282, networkLocation: /default-rack, certSerialId: null}12c7e022-5f96-4d2f-bd6c-0cb832bfe0bc{ip: 192.168.151.92, host: pr-hdds-2139-j8dx6-1450124282, networkLocation: /default-rack, certSerialId: null}, Type:RATIS, Factor:THREE, State:CLOSED]
org.apache.hadoop.hdds.scm.pipeline.PipelineNotFoundException: PipelineID=da3501bf-00c7-4d77-b6e8-32a3d63b87b7 not found
	at org.apache.hadoop.hdds.scm.pipeline.PipelineStateMap.getPipeline(PipelineStateMap.java:132)
	at org.apache.hadoop.hdds.scm.pipeline.PipelineStateMap.removePipeline(PipelineStateMap.java:322)
	at org.apache.hadoop.hdds.scm.pipeline.PipelineStateManager.removePipeline(PipelineStateManager.java:107)
	at org.apache.hadoop.hdds.scm.pipeline.SCMPipelineManager.removePipeline(SCMPipelineManager.java:423)
	at org.apache.hadoop.hdds.scm.pipeline.SCMPipelineManager.destroyPipeline(SCMPipelineManager.java:409)
	at org.apache.hadoop.hdds.scm.pipeline.SCMPipelineManager.lambda$finalizeAndDestroyPipeline$0(SCMPipelineManager.java:318)
	at org.apache.hadoop.utils.Scheduler.lambda$schedule$1(Scheduler.java:68)
	at java.util.concurrent.Executors$RunnableAdapter.call(Executors.java:511)
	at java.util.concurrent.FutureTask.run(FutureTask.java:266)
	at java.util.concurrent.ScheduledThreadPoolExecutor$ScheduledFutureTask.access$201(ScheduledThreadPoolExecutor.java:180)
	at java.util.concurrent.ScheduledThreadPoolExecutor$ScheduledFutureTask.run(ScheduledThreadPoolExecutor.java:293)
	at java.util.concurrent.ThreadPoolExecutor.runWorker(ThreadPoolExecutor.java:1149)
	at java.util.concurrent.ThreadPoolExecutor$Worker.run(ThreadPoolExecutor.java:624)
	at java.lang.Thread.run(Thread.java:748)
2019-09-17 03:22:13,340 [grpc-default-executor-2] INFO  impl.RaftServerProxy (RaftServerProxy.java:remove(95)) - ae9625dc-248e-414f-955f-fccc978916e7: remove group-32A3D63B87B7:null
2019-09-17 03:22:13,342 [RatisPipelineUtilsThread] WARN  pipeline.RatisPipelineUtils (RatisPipelineUtils.java:destroyPipeline(66)) - Pipeline destroy failed for pipeline=PipelineID=da3501bf-00c7-4d77-b6e8-32a3d63b87b7 dn=ae9625dc-248e-414f-955f-fccc978916e7{ip: 192.168.151.92, host: pr-hdds-2139-j8dx6-1450124282, networkLocation: /default-rack, certSerialId: null}
2019-09-17 03:22:13,346 [grpc-default-executor-2] INFO  impl.RaftServerProxy (RaftServerProxy.java:remove(95)) - 1b957291-fe5b-420e-96dd-cc603eda7741: remove group-32A3D63B87B7:null
2019-09-17 03:22:13,348 [RatisPipelineUtilsThread] WARN  pipeline.RatisPipelineUtils (RatisPipelineUtils.java:destroyPipeline(66)) - Pipeline destroy failed for pipeline=PipelineID=da3501bf-00c7-4d77-b6e8-32a3d63b87b7 dn=1b957291-fe5b-420e-96dd-cc603eda7741{ip: 192.168.151.92, host: pr-hdds-2139-j8dx6-1450124282, networkLocation: /default-rack, certSerialId: null}
2019-09-17 03:22:13,351 [grpc-default-executor-2] INFO  impl.RaftServerProxy (RaftServerProxy.java:remove(95)) - 12c7e022-5f96-4d2f-bd6c-0cb832bfe0bc: remove group-32A3D63B87B7:null
2019-09-17 03:22:13,353 [RatisPipelineUtilsThread] WARN  pipeline.RatisPipelineUtils (RatisPipelineUtils.java:destroyPipeline(66)) - Pipeline destroy failed for pipeline=PipelineID=da3501bf-00c7-4d77-b6e8-32a3d63b87b7 dn=12c7e022-5f96-4d2f-bd6c-0cb832bfe0bc{ip: 192.168.151.92, host: pr-hdds-2139-j8dx6-1450124282, networkLocation: /default-rack, certSerialId: null}
2019-09-17 03:22:13,354 [RatisPipelineUtilsThread] ERROR pipeline.SCMPipelineManager (Scheduler.java:lambda$schedule$1(70)) - Destroy pipeline failed for pipeline:Pipeline[ Id: da3501bf-00c7-4d77-b6e8-32a3d63b87b7, Nodes: ae9625dc-248e-414f-955f-fccc978916e7{ip: 192.168.151.92, host: pr-hdds-2139-j8dx6-1450124282, networkLocation: /default-rack, certSerialId: null}1b957291-fe5b-420e-96dd-cc603eda7741{ip: 192.168.151.92, host: pr-hdds-2139-j8dx6-1450124282, networkLocation: /default-rack, certSerialId: null}12c7e022-5f96-4d2f-bd6c-0cb832bfe0bc{ip: 192.168.151.92, host: pr-hdds-2139-j8dx6-1450124282, networkLocation: /default-rack, certSerialId: null}, Type:RATIS, Factor:THREE, State:CLOSED]
org.apache.hadoop.hdds.scm.pipeline.PipelineNotFoundException: PipelineID=da3501bf-00c7-4d77-b6e8-32a3d63b87b7 not found
	at org.apache.hadoop.hdds.scm.pipeline.PipelineStateMap.getPipeline(PipelineStateMap.java:132)
	at org.apache.hadoop.hdds.scm.pipeline.PipelineStateMap.removePipeline(PipelineStateMap.java:322)
	at org.apache.hadoop.hdds.scm.pipeline.PipelineStateManager.removePipeline(PipelineStateManager.java:107)
	at org.apache.hadoop.hdds.scm.pipeline.SCMPipelineManager.removePipeline(SCMPipelineManager.java:423)
	at org.apache.hadoop.hdds.scm.pipeline.SCMPipelineManager.destroyPipeline(SCMPipelineManager.java:409)
	at org.apache.hadoop.hdds.scm.pipeline.SCMPipelineManager.lambda$finalizeAndDestroyPipeline$0(SCMPipelineManager.java:318)
	at org.apache.hadoop.utils.Scheduler.lambda$schedule$1(Scheduler.java:68)
	at java.util.concurrent.Executors$RunnableAdapter.call(Executors.java:511)
	at java.util.concurrent.FutureTask.run(FutureTask.java:266)
	at java.util.concurrent.ScheduledThreadPoolExecutor$ScheduledFutureTask.access$201(ScheduledThreadPoolExecutor.java:180)
	at java.util.concurrent.ScheduledThreadPoolExecutor$ScheduledFutureTask.run(ScheduledThreadPoolExecutor.java:293)
	at java.util.concurrent.ThreadPoolExecutor.runWorker(ThreadPoolExecutor.java:1149)
	at java.util.concurrent.ThreadPoolExecutor$Worker.run(ThreadPoolExecutor.java:624)
	at java.lang.Thread.run(Thread.java:748)
2019-09-17 03:22:13,576 [grpc-default-executor-2] INFO  impl.RaftServerProxy (RaftServerProxy.java:remove(95)) - ae9625dc-248e-414f-955f-fccc978916e7: remove group-32A3D63B87B7:null
2019-09-17 03:22:13,580 [RatisPipelineUtilsThread] WARN  pipeline.RatisPipelineUtils (RatisPipelineUtils.java:destroyPipeline(66)) - Pipeline destroy failed for pipeline=PipelineID=da3501bf-00c7-4d77-b6e8-32a3d63b87b7 dn=ae9625dc-248e-414f-955f-fccc978916e7{ip: 192.168.151.92, host: pr-hdds-2139-j8dx6-1450124282, networkLocation: /default-rack, certSerialId: null}
2019-09-17 03:22:13,583 [grpc-default-executor-2] INFO  impl.RaftServerProxy (RaftServerProxy.java:remove(95)) - 1b957291-fe5b-420e-96dd-cc603eda7741: remove group-32A3D63B87B7:null
2019-09-17 03:22:13,586 [RatisPipelineUtilsThread] WARN  pipeline.RatisPipelineUtils (RatisPipelineUtils.java:destroyPipeline(66)) - Pipeline destroy failed for pipeline=PipelineID=da3501bf-00c7-4d77-b6e8-32a3d63b87b7 dn=1b957291-fe5b-420e-96dd-cc603eda7741{ip: 192.168.151.92, host: pr-hdds-2139-j8dx6-1450124282, networkLocation: /default-rack, certSerialId: null}
2019-09-17 03:22:13,589 [grpc-default-executor-2] INFO  impl.RaftServerProxy (RaftServerProxy.java:remove(95)) - 12c7e022-5f96-4d2f-bd6c-0cb832bfe0bc: remove group-32A3D63B87B7:null
2019-09-17 03:22:13,591 [RatisPipelineUtilsThread] WARN  pipeline.RatisPipelineUtils (RatisPipelineUtils.java:destroyPipeline(66)) - Pipeline destroy failed for pipeline=PipelineID=da3501bf-00c7-4d77-b6e8-32a3d63b87b7 dn=12c7e022-5f96-4d2f-bd6c-0cb832bfe0bc{ip: 192.168.151.92, host: pr-hdds-2139-j8dx6-1450124282, networkLocation: /default-rack, certSerialId: null}
2019-09-17 03:22:13,592 [RatisPipelineUtilsThread] ERROR pipeline.SCMPipelineManager (Scheduler.java:lambda$schedule$1(70)) - Destroy pipeline failed for pipeline:Pipeline[ Id: da3501bf-00c7-4d77-b6e8-32a3d63b87b7, Nodes: ae9625dc-248e-414f-955f-fccc978916e7{ip: 192.168.151.92, host: pr-hdds-2139-j8dx6-1450124282, networkLocation: /default-rack, certSerialId: null}1b957291-fe5b-420e-96dd-cc603eda7741{ip: 192.168.151.92, host: pr-hdds-2139-j8dx6-1450124282, networkLocation: /default-rack, certSerialId: null}12c7e022-5f96-4d2f-bd6c-0cb832bfe0bc{ip: 192.168.151.92, host: pr-hdds-2139-j8dx6-1450124282, networkLocation: /default-rack, certSerialId: null}, Type:RATIS, Factor:THREE, State:CLOSED]
org.apache.hadoop.hdds.scm.pipeline.PipelineNotFoundException: PipelineID=da3501bf-00c7-4d77-b6e8-32a3d63b87b7 not found
	at org.apache.hadoop.hdds.scm.pipeline.PipelineStateMap.getPipeline(PipelineStateMap.java:132)
	at org.apache.hadoop.hdds.scm.pipeline.PipelineStateMap.removePipeline(PipelineStateMap.java:322)
	at org.apache.hadoop.hdds.scm.pipeline.PipelineStateManager.removePipeline(PipelineStateManager.java:107)
	at org.apache.hadoop.hdds.scm.pipeline.SCMPipelineManager.removePipeline(SCMPipelineManager.java:423)
	at org.apache.hadoop.hdds.scm.pipeline.SCMPipelineManager.destroyPipeline(SCMPipelineManager.java:409)
	at org.apache.hadoop.hdds.scm.pipeline.SCMPipelineManager.lambda$finalizeAndDestroyPipeline$0(SCMPipelineManager.java:318)
	at org.apache.hadoop.utils.Scheduler.lambda$schedule$1(Scheduler.java:68)
	at java.util.concurrent.Executors$RunnableAdapter.call(Executors.java:511)
	at java.util.concurrent.FutureTask.run(FutureTask.java:266)
	at java.util.concurrent.ScheduledThreadPoolExecutor$ScheduledFutureTask.access$201(ScheduledThreadPoolExecutor.java:180)
	at java.util.concurrent.ScheduledThreadPoolExecutor$ScheduledFutureTask.run(ScheduledThreadPoolExecutor.java:293)
	at java.util.concurrent.ThreadPoolExecutor.runWorker(ThreadPoolExecutor.java:1149)
	at java.util.concurrent.ThreadPoolExecutor$Worker.run(ThreadPoolExecutor.java:624)
	at java.lang.Thread.run(Thread.java:748)
2019-09-17 03:22:13,697 [grpc-default-executor-2] INFO  impl.RaftServerProxy (RaftServerProxy.java:remove(95)) - ae9625dc-248e-414f-955f-fccc978916e7: remove group-32A3D63B87B7:null
2019-09-17 03:22:13,700 [RatisPipelineUtilsThread] WARN  pipeline.RatisPipelineUtils (RatisPipelineUtils.java:destroyPipeline(66)) - Pipeline destroy failed for pipeline=PipelineID=da3501bf-00c7-4d77-b6e8-32a3d63b87b7 dn=ae9625dc-248e-414f-955f-fccc978916e7{ip: 192.168.151.92, host: pr-hdds-2139-j8dx6-1450124282, networkLocation: /default-rack, certSerialId: null}
2019-09-17 03:22:13,703 [grpc-default-executor-2] INFO  impl.RaftServerProxy (RaftServerProxy.java:remove(95)) - 1b957291-fe5b-420e-96dd-cc603eda7741: remove group-32A3D63B87B7:null
2019-09-17 03:22:13,706 [RatisPipelineUtilsThread] WARN  pipeline.RatisPipelineUtils (RatisPipelineUtils.java:destroyPipeline(66)) - Pipeline destroy failed for pipeline=PipelineID=da3501bf-00c7-4d77-b6e8-32a3d63b87b7 dn=1b957291-fe5b-420e-96dd-cc603eda7741{ip: 192.168.151.92, host: pr-hdds-2139-j8dx6-1450124282, networkLocation: /default-rack, certSerialId: null}
2019-09-17 03:22:13,709 [grpc-default-executor-2] INFO  impl.RaftServerProxy (RaftServerProxy.java:remove(95)) - 12c7e022-5f96-4d2f-bd6c-0cb832bfe0bc: remove group-32A3D63B87B7:null
2019-09-17 03:22:13,711 [RatisPipelineUtilsThread] WARN  pipeline.RatisPipelineUtils (RatisPipelineUtils.java:destroyPipeline(66)) - Pipeline destroy failed for pipeline=PipelineID=da3501bf-00c7-4d77-b6e8-32a3d63b87b7 dn=12c7e022-5f96-4d2f-bd6c-0cb832bfe0bc{ip: 192.168.151.92, host: pr-hdds-2139-j8dx6-1450124282, networkLocation: /default-rack, certSerialId: null}
2019-09-17 03:22:13,712 [RatisPipelineUtilsThread] ERROR pipeline.SCMPipelineManager (Scheduler.java:lambda$schedule$1(70)) - Destroy pipeline failed for pipeline:Pipeline[ Id: da3501bf-00c7-4d77-b6e8-32a3d63b87b7, Nodes: ae9625dc-248e-414f-955f-fccc978916e7{ip: 192.168.151.92, host: pr-hdds-2139-j8dx6-1450124282, networkLocation: /default-rack, certSerialId: null}1b957291-fe5b-420e-96dd-cc603eda7741{ip: 192.168.151.92, host: pr-hdds-2139-j8dx6-1450124282, networkLocation: /default-rack, certSerialId: null}12c7e022-5f96-4d2f-bd6c-0cb832bfe0bc{ip: 192.168.151.92, host: pr-hdds-2139-j8dx6-1450124282, networkLocation: /default-rack, certSerialId: null}, Type:RATIS, Factor:THREE, State:CLOSED]
org.apache.hadoop.hdds.scm.pipeline.PipelineNotFoundException: PipelineID=da3501bf-00c7-4d77-b6e8-32a3d63b87b7 not found
	at org.apache.hadoop.hdds.scm.pipeline.PipelineStateMap.getPipeline(PipelineStateMap.java:132)
	at org.apache.hadoop.hdds.scm.pipeline.PipelineStateMap.removePipeline(PipelineStateMap.java:322)
	at org.apache.hadoop.hdds.scm.pipeline.PipelineStateManager.removePipeline(PipelineStateManager.java:107)
	at org.apache.hadoop.hdds.scm.pipeline.SCMPipelineManager.removePipeline(SCMPipelineManager.java:423)
	at org.apache.hadoop.hdds.scm.pipeline.SCMPipelineManager.destroyPipeline(SCMPipelineManager.java:409)
	at org.apache.hadoop.hdds.scm.pipeline.SCMPipelineManager.lambda$finalizeAndDestroyPipeline$0(SCMPipelineManager.java:318)
	at org.apache.hadoop.utils.Scheduler.lambda$schedule$1(Scheduler.java:68)
	at java.util.concurrent.Executors$RunnableAdapter.call(Executors.java:511)
	at java.util.concurrent.FutureTask.run(FutureTask.java:266)
	at java.util.concurrent.ScheduledThreadPoolExecutor$ScheduledFutureTask.access$201(ScheduledThreadPoolExecutor.java:180)
	at java.util.concurrent.ScheduledThreadPoolExecutor$ScheduledFutureTask.run(ScheduledThreadPoolExecutor.java:293)
	at java.util.concurrent.ThreadPoolExecutor.runWorker(ThreadPoolExecutor.java:1149)
	at java.util.concurrent.ThreadPoolExecutor$Worker.run(ThreadPoolExecutor.java:624)
	at java.lang.Thread.run(Thread.java:748)
2019-09-17 03:22:13,925 [java.util.concurrent.ThreadPoolExecutor$Worker@2cfcc4f0[State = -1, empty queue]] WARN  server.GrpcLogAppender (GrpcLogAppender.java:timeoutAppendRequest(200)) - 2a454ec2-3cfa-49cf-9003-841835eb2002@group-89364A117DE9->fb5c35a7-52ed-48ed-856a-22aafd4627bf-GrpcLogAppender: appendEntries Timeout, request=2a454ec2-3cfa-49cf-9003-841835eb2002->fb5c35a7-52ed-48ed-856a-22aafd4627bf#120-t1, previous=(t:1, i:18), leaderCommit=12, initializing? false, entries: <empty>
2019-09-17 03:22:13,925 [java.util.concurrent.ThreadPoolExecutor$Worker@200c90e7[State = -1, empty queue]] WARN  server.GrpcLogAppender (GrpcLogAppender.java:timeoutAppendRequest(200)) - 2a454ec2-3cfa-49cf-9003-841835eb2002@group-89364A117DE9->f255fb19-c941-42ad-8caf-606d85b027b3-GrpcLogAppender: appendEntries Timeout, request=2a454ec2-3cfa-49cf-9003-841835eb2002->f255fb19-c941-42ad-8caf-606d85b027b3#120-t1, previous=(t:1, i:18), leaderCommit=12, initializing? false, entries: <empty>
2019-09-17 03:22:14,009 [grpc-default-executor-2] INFO  client.GrpcClientProtocolClient (GrpcClientProtocolClient.java:onNext(264)) - client-FCF838B3A418->f255fb19-c941-42ad-8caf-606d85b027b3: receive RaftClientReply:client-FCF838B3A418->f255fb19-c941-42ad-8caf-606d85b027b3@group-89364A117DE9, cid=33, FAILED org.apache.ratis.protocol.NotLeaderException: Server f255fb19-c941-42ad-8caf-606d85b027b3@group-89364A117DE9 is not the leader 2a454ec2-3cfa-49cf-9003-841835eb2002:192.168.151.92:33622, logIndex=0, commits[f255fb19-c941-42ad-8caf-606d85b027b3:c12, fb5c35a7-52ed-48ed-856a-22aafd4627bf:c10, 2a454ec2-3cfa-49cf-9003-841835eb2002:c12]
2019-09-17 03:22:16,425 [java.util.concurrent.ThreadPoolExecutor$Worker@2cfcc4f0[State = -1, empty queue]] WARN  server.GrpcLogAppender (GrpcLogAppender.java:timeoutAppendRequest(200)) - 2a454ec2-3cfa-49cf-9003-841835eb2002@group-89364A117DE9->fb5c35a7-52ed-48ed-856a-22aafd4627bf-GrpcLogAppender: appendEntries Timeout, request=2a454ec2-3cfa-49cf-9003-841835eb2002->fb5c35a7-52ed-48ed-856a-22aafd4627bf#121-t1, previous=(t:1, i:18), leaderCommit=12, initializing? false, entries: <empty>
2019-09-17 03:22:16,425 [java.util.concurrent.ThreadPoolExecutor$Worker@200c90e7[State = -1, empty queue]] WARN  server.GrpcLogAppender (GrpcLogAppender.java:timeoutAppendRequest(200)) - 2a454ec2-3cfa-49cf-9003-841835eb2002@group-89364A117DE9->f255fb19-c941-42ad-8caf-606d85b027b3-GrpcLogAppender: appendEntries Timeout, request=2a454ec2-3cfa-49cf-9003-841835eb2002->f255fb19-c941-42ad-8caf-606d85b027b3#121-t1, previous=(t:1, i:18), leaderCommit=12, initializing? false, entries: <empty>
2019-09-17 03:22:18,545 [2a454ec2-3cfa-49cf-9003-841835eb2002@group-89364A117DE9-SegmentedRaftLogWorker] WARN  segmented.SegmentedRaftLogWorker (SegmentedRaftLogWorker.java:getFromFuture(90)) - Timeout 6/~
org.apache.ratis.protocol.TimeoutIOException: Timeout 10s: WriteLog:14: (t:1, i:14), STATEMACHINELOGENTRY, client-FCF838B3A418, cid=34-writeStateMachineData
	at org.apache.ratis.util.IOUtils.getFromFuture(IOUtils.java:87)
	at org.apache.ratis.server.raftlog.segmented.SegmentedRaftLogWorker$StateMachineDataPolicy.getFromFuture(SegmentedRaftLogWorker.java:87)
	at org.apache.ratis.server.raftlog.segmented.SegmentedRaftLogWorker$WriteLog.execute(SegmentedRaftLogWorker.java:477)
	at org.apache.ratis.server.raftlog.segmented.SegmentedRaftLogWorker.run(SegmentedRaftLogWorker.java:289)
	at java.lang.Thread.run(Thread.java:748)
Caused by: java.util.concurrent.TimeoutException
	at java.util.concurrent.CompletableFuture.timedGet(CompletableFuture.java:1771)
	at java.util.concurrent.CompletableFuture.get(CompletableFuture.java:1915)
	at org.apache.ratis.util.IOUtils.getFromFuture(IOUtils.java:79)
	... 4 more
2019-09-17 03:22:18,546 [fb5c35a7-52ed-48ed-856a-22aafd4627bf@group-89364A117DE9-SegmentedRaftLogWorker] WARN  segmented.SegmentedRaftLogWorker (SegmentedRaftLogWorker.java:getFromFuture(90)) - Timeout 6/~
org.apache.ratis.protocol.TimeoutIOException: Timeout 10s: WriteLog:14: (t:1, i:14), STATEMACHINELOGENTRY, client-FCF838B3A418, cid=34-writeStateMachineData
	at org.apache.ratis.util.IOUtils.getFromFuture(IOUtils.java:87)
	at org.apache.ratis.server.raftlog.segmented.SegmentedRaftLogWorker$StateMachineDataPolicy.getFromFuture(SegmentedRaftLogWorker.java:87)
	at org.apache.ratis.server.raftlog.segmented.SegmentedRaftLogWorker$WriteLog.execute(SegmentedRaftLogWorker.java:477)
	at org.apache.ratis.server.raftlog.segmented.SegmentedRaftLogWorker.run(SegmentedRaftLogWorker.java:289)
	at java.lang.Thread.run(Thread.java:748)
Caused by: java.util.concurrent.TimeoutException
	at java.util.concurrent.CompletableFuture.timedGet(CompletableFuture.java:1771)
	at java.util.concurrent.CompletableFuture.get(CompletableFuture.java:1915)
	at org.apache.ratis.util.IOUtils.getFromFuture(IOUtils.java:79)
	... 4 more
2019-09-17 03:22:18,568 [f255fb19-c941-42ad-8caf-606d85b027b3@group-89364A117DE9-SegmentedRaftLogWorker] WARN  segmented.SegmentedRaftLogWorker (SegmentedRaftLogWorker.java:getFromFuture(90)) - Timeout 6/~
org.apache.ratis.protocol.TimeoutIOException: Timeout 10s: WriteLog:14: (t:1, i:14), STATEMACHINELOGENTRY, client-FCF838B3A418, cid=34-writeStateMachineData
	at org.apache.ratis.util.IOUtils.getFromFuture(IOUtils.java:87)
	at org.apache.ratis.server.raftlog.segmented.SegmentedRaftLogWorker$StateMachineDataPolicy.getFromFuture(SegmentedRaftLogWorker.java:87)
	at org.apache.ratis.server.raftlog.segmented.SegmentedRaftLogWorker$WriteLog.execute(SegmentedRaftLogWorker.java:477)
	at org.apache.ratis.server.raftlog.segmented.SegmentedRaftLogWorker.run(SegmentedRaftLogWorker.java:289)
	at java.lang.Thread.run(Thread.java:748)
Caused by: java.util.concurrent.TimeoutException
	at java.util.concurrent.CompletableFuture.timedGet(CompletableFuture.java:1771)
	at java.util.concurrent.CompletableFuture.get(CompletableFuture.java:1915)
	at org.apache.ratis.util.IOUtils.getFromFuture(IOUtils.java:79)
	... 4 more
2019-09-17 03:22:18,926 [java.util.concurrent.ThreadPoolExecutor$Worker@2cfcc4f0[State = -1, empty queue]] WARN  server.GrpcLogAppender (GrpcLogAppender.java:timeoutAppendRequest(200)) - 2a454ec2-3cfa-49cf-9003-841835eb2002@group-89364A117DE9->fb5c35a7-52ed-48ed-856a-22aafd4627bf-GrpcLogAppender: appendEntries Timeout, request=2a454ec2-3cfa-49cf-9003-841835eb2002->fb5c35a7-52ed-48ed-856a-22aafd4627bf#122-t1, previous=(t:1, i:18), leaderCommit=12, initializing? false, entries: <empty>
2019-09-17 03:22:18,926 [java.util.concurrent.ThreadPoolExecutor$Worker@200c90e7[State = -1, empty queue]] WARN  server.GrpcLogAppender (GrpcLogAppender.java:timeoutAppendRequest(200)) - 2a454ec2-3cfa-49cf-9003-841835eb2002@group-89364A117DE9->f255fb19-c941-42ad-8caf-606d85b027b3-GrpcLogAppender: appendEntries Timeout, request=2a454ec2-3cfa-49cf-9003-841835eb2002->f255fb19-c941-42ad-8caf-606d85b027b3#122-t1, previous=(t:1, i:18), leaderCommit=12, initializing? false, entries: <empty>
2019-09-17 03:22:19,045 [grpc-default-executor-2] INFO  client.GrpcClientProtocolClient (GrpcClientProtocolClient.java:onNext(264)) - client-FCF838B3A418->fb5c35a7-52ed-48ed-856a-22aafd4627bf: receive RaftClientReply:client-FCF838B3A418->fb5c35a7-52ed-48ed-856a-22aafd4627bf@group-89364A117DE9, cid=33, FAILED org.apache.ratis.protocol.NotLeaderException: Server fb5c35a7-52ed-48ed-856a-22aafd4627bf@group-89364A117DE9 is not the leader 2a454ec2-3cfa-49cf-9003-841835eb2002:192.168.151.92:33622, logIndex=0, commits[fb5c35a7-52ed-48ed-856a-22aafd4627bf:c12, f255fb19-c941-42ad-8caf-606d85b027b3:c10, 2a454ec2-3cfa-49cf-9003-841835eb2002:c12]
2019-09-17 03:22:21,426 [java.util.concurrent.ThreadPoolExecutor$Worker@200c90e7[State = -1, empty queue]] WARN  server.GrpcLogAppender (GrpcLogAppender.java:timeoutAppendRequest(200)) - 2a454ec2-3cfa-49cf-9003-841835eb2002@group-89364A117DE9->f255fb19-c941-42ad-8caf-606d85b027b3-GrpcLogAppender: appendEntries Timeout, request=2a454ec2-3cfa-49cf-9003-841835eb2002->f255fb19-c941-42ad-8caf-606d85b027b3#123-t1, previous=(t:1, i:18), leaderCommit=12, initializing? false, entries: <empty>
2019-09-17 03:22:21,426 [java.util.concurrent.ThreadPoolExecutor$Worker@2cfcc4f0[State = -1, empty queue]] WARN  server.GrpcLogAppender (GrpcLogAppender.java:timeoutAppendRequest(200)) - 2a454ec2-3cfa-49cf-9003-841835eb2002@group-89364A117DE9->fb5c35a7-52ed-48ed-856a-22aafd4627bf-GrpcLogAppender: appendEntries Timeout, request=2a454ec2-3cfa-49cf-9003-841835eb2002->fb5c35a7-52ed-48ed-856a-22aafd4627bf#123-t1, previous=(t:1, i:18), leaderCommit=12, initializing? false, entries: <empty>
2019-09-17 03:22:23,926 [java.util.concurrent.ThreadPoolExecutor$Worker@2cfcc4f0[State = -1, empty queue]] WARN  server.GrpcLogAppender (GrpcLogAppender.java:timeoutAppendRequest(200)) - 2a454ec2-3cfa-49cf-9003-841835eb2002@group-89364A117DE9->fb5c35a7-52ed-48ed-856a-22aafd4627bf-GrpcLogAppender: appendEntries Timeout, request=2a454ec2-3cfa-49cf-9003-841835eb2002->fb5c35a7-52ed-48ed-856a-22aafd4627bf#124-t1, previous=(t:1, i:18), leaderCommit=12, initializing? false, entries: <empty>
2019-09-17 03:22:23,926 [java.util.concurrent.ThreadPoolExecutor$Worker@200c90e7[State = -1, empty queue]] WARN  server.GrpcLogAppender (GrpcLogAppender.java:timeoutAppendRequest(200)) - 2a454ec2-3cfa-49cf-9003-841835eb2002@group-89364A117DE9->f255fb19-c941-42ad-8caf-606d85b027b3-GrpcLogAppender: appendEntries Timeout, request=2a454ec2-3cfa-49cf-9003-841835eb2002->f255fb19-c941-42ad-8caf-606d85b027b3#124-t1, previous=(t:1, i:18), leaderCommit=12, initializing? false, entries: <empty>
2019-09-17 03:22:24,081 [grpc-default-executor-2] INFO  client.GrpcClientProtocolClient (GrpcClientProtocolClient.java:onNext(264)) - client-FCF838B3A418->f255fb19-c941-42ad-8caf-606d85b027b3: receive RaftClientReply:client-FCF838B3A418->f255fb19-c941-42ad-8caf-606d85b027b3@group-89364A117DE9, cid=33, FAILED org.apache.ratis.protocol.NotLeaderException: Server f255fb19-c941-42ad-8caf-606d85b027b3@group-89364A117DE9 is not the leader 2a454ec2-3cfa-49cf-9003-841835eb2002:192.168.151.92:33622, logIndex=0, commits[f255fb19-c941-42ad-8caf-606d85b027b3:c12, fb5c35a7-52ed-48ed-856a-22aafd4627bf:c10, 2a454ec2-3cfa-49cf-9003-841835eb2002:c12]
2019-09-17 03:22:26,427 [java.util.concurrent.ThreadPoolExecutor$Worker@200c90e7[State = -1, empty queue]] WARN  server.GrpcLogAppender (GrpcLogAppender.java:timeoutAppendRequest(200)) - 2a454ec2-3cfa-49cf-9003-841835eb2002@group-89364A117DE9->f255fb19-c941-42ad-8caf-606d85b027b3-GrpcLogAppender: appendEntries Timeout, request=2a454ec2-3cfa-49cf-9003-841835eb2002->f255fb19-c941-42ad-8caf-606d85b027b3#125-t1, previous=(t:1, i:18), leaderCommit=12, initializing? false, entries: <empty>
2019-09-17 03:22:26,427 [java.util.concurrent.ThreadPoolExecutor$Worker@2cfcc4f0[State = -1, empty queue]] WARN  server.GrpcLogAppender (GrpcLogAppender.java:timeoutAppendRequest(200)) - 2a454ec2-3cfa-49cf-9003-841835eb2002@group-89364A117DE9->fb5c35a7-52ed-48ed-856a-22aafd4627bf-GrpcLogAppender: appendEntries Timeout, request=2a454ec2-3cfa-49cf-9003-841835eb2002->fb5c35a7-52ed-48ed-856a-22aafd4627bf#125-t1, previous=(t:1, i:18), leaderCommit=12, initializing? false, entries: <empty>
2019-09-17 03:22:28,547 [2a454ec2-3cfa-49cf-9003-841835eb2002@group-89364A117DE9-SegmentedRaftLogWorker] WARN  segmented.SegmentedRaftLogWorker (SegmentedRaftLogWorker.java:getFromFuture(90)) - Timeout 7/~
org.apache.ratis.protocol.TimeoutIOException: Timeout 10s: WriteLog:14: (t:1, i:14), STATEMACHINELOGENTRY, client-FCF838B3A418, cid=34-writeStateMachineData
	at org.apache.ratis.util.IOUtils.getFromFuture(IOUtils.java:87)
	at org.apache.ratis.server.raftlog.segmented.SegmentedRaftLogWorker$StateMachineDataPolicy.getFromFuture(SegmentedRaftLogWorker.java:87)
	at org.apache.ratis.server.raftlog.segmented.SegmentedRaftLogWorker$WriteLog.execute(SegmentedRaftLogWorker.java:477)
	at org.apache.ratis.server.raftlog.segmented.SegmentedRaftLogWorker.run(SegmentedRaftLogWorker.java:289)
	at java.lang.Thread.run(Thread.java:748)
Caused by: java.util.concurrent.TimeoutException
	at java.util.concurrent.CompletableFuture.timedGet(CompletableFuture.java:1771)
	at java.util.concurrent.CompletableFuture.get(CompletableFuture.java:1915)
	at org.apache.ratis.util.IOUtils.getFromFuture(IOUtils.java:79)
	... 4 more
2019-09-17 03:22:28,568 [fb5c35a7-52ed-48ed-856a-22aafd4627bf@group-89364A117DE9-SegmentedRaftLogWorker] WARN  segmented.SegmentedRaftLogWorker (SegmentedRaftLogWorker.java:getFromFuture(90)) - Timeout 7/~
org.apache.ratis.protocol.TimeoutIOException: Timeout 10s: WriteLog:14: (t:1, i:14), STATEMACHINELOGENTRY, client-FCF838B3A418, cid=34-writeStateMachineData
	at org.apache.ratis.util.IOUtils.getFromFuture(IOUtils.java:87)
	at org.apache.ratis.server.raftlog.segmented.SegmentedRaftLogWorker$StateMachineDataPolicy.getFromFuture(SegmentedRaftLogWorker.java:87)
	at org.apache.ratis.server.raftlog.segmented.SegmentedRaftLogWorker$WriteLog.execute(SegmentedRaftLogWorker.java:477)
	at org.apache.ratis.server.raftlog.segmented.SegmentedRaftLogWorker.run(SegmentedRaftLogWorker.java:289)
	at java.lang.Thread.run(Thread.java:748)
Caused by: java.util.concurrent.TimeoutException
	at java.util.concurrent.CompletableFuture.timedGet(CompletableFuture.java:1771)
	at java.util.concurrent.CompletableFuture.get(CompletableFuture.java:1915)
	at org.apache.ratis.util.IOUtils.getFromFuture(IOUtils.java:79)
	... 4 more
2019-09-17 03:22:28,569 [f255fb19-c941-42ad-8caf-606d85b027b3@group-89364A117DE9-SegmentedRaftLogWorker] WARN  segmented.SegmentedRaftLogWorker (SegmentedRaftLogWorker.java:getFromFuture(90)) - Timeout 7/~
org.apache.ratis.protocol.TimeoutIOException: Timeout 10s: WriteLog:14: (t:1, i:14), STATEMACHINELOGENTRY, client-FCF838B3A418, cid=34-writeStateMachineData
	at org.apache.ratis.util.IOUtils.getFromFuture(IOUtils.java:87)
	at org.apache.ratis.server.raftlog.segmented.SegmentedRaftLogWorker$StateMachineDataPolicy.getFromFuture(SegmentedRaftLogWorker.java:87)
	at org.apache.ratis.server.raftlog.segmented.SegmentedRaftLogWorker$WriteLog.execute(SegmentedRaftLogWorker.java:477)
	at org.apache.ratis.server.raftlog.segmented.SegmentedRaftLogWorker.run(SegmentedRaftLogWorker.java:289)
	at java.lang.Thread.run(Thread.java:748)
Caused by: java.util.concurrent.TimeoutException
	at java.util.concurrent.CompletableFuture.timedGet(CompletableFuture.java:1771)
	at java.util.concurrent.CompletableFuture.get(CompletableFuture.java:1915)
	at org.apache.ratis.util.IOUtils.getFromFuture(IOUtils.java:79)
	... 4 more
2019-09-17 03:22:28,928 [java.util.concurrent.ThreadPoolExecutor$Worker@200c90e7[State = -1, empty queue]] WARN  server.GrpcLogAppender (GrpcLogAppender.java:timeoutAppendRequest(200)) - 2a454ec2-3cfa-49cf-9003-841835eb2002@group-89364A117DE9->f255fb19-c941-42ad-8caf-606d85b027b3-GrpcLogAppender: appendEntries Timeout, request=2a454ec2-3cfa-49cf-9003-841835eb2002->f255fb19-c941-42ad-8caf-606d85b027b3#126-t1, previous=(t:1, i:18), leaderCommit=12, initializing? false, entries: <empty>
2019-09-17 03:22:28,928 [java.util.concurrent.ThreadPoolExecutor$Worker@2cfcc4f0[State = -1, empty queue]] WARN  server.GrpcLogAppender (GrpcLogAppender.java:timeoutAppendRequest(200)) - 2a454ec2-3cfa-49cf-9003-841835eb2002@group-89364A117DE9->fb5c35a7-52ed-48ed-856a-22aafd4627bf-GrpcLogAppender: appendEntries Timeout, request=2a454ec2-3cfa-49cf-9003-841835eb2002->fb5c35a7-52ed-48ed-856a-22aafd4627bf#126-t1, previous=(t:1, i:18), leaderCommit=12, initializing? false, entries: <empty>
2019-09-17 03:22:29,126 [grpc-default-executor-2] INFO  client.GrpcClientProtocolClient (GrpcClientProtocolClient.java:onNext(264)) - client-FCF838B3A418->f255fb19-c941-42ad-8caf-606d85b027b3: receive RaftClientReply:client-FCF838B3A418->f255fb19-c941-42ad-8caf-606d85b027b3@group-89364A117DE9, cid=33, FAILED org.apache.ratis.protocol.NotLeaderException: Server f255fb19-c941-42ad-8caf-606d85b027b3@group-89364A117DE9 is not the leader 2a454ec2-3cfa-49cf-9003-841835eb2002:192.168.151.92:33622, logIndex=0, commits[f255fb19-c941-42ad-8caf-606d85b027b3:c12, fb5c35a7-52ed-48ed-856a-22aafd4627bf:c10, 2a454ec2-3cfa-49cf-9003-841835eb2002:c12]
2019-09-17 03:22:31,428 [java.util.concurrent.ThreadPoolExecutor$Worker@200c90e7[State = -1, empty queue]] WARN  server.GrpcLogAppender (GrpcLogAppender.java:timeoutAppendRequest(200)) - 2a454ec2-3cfa-49cf-9003-841835eb2002@group-89364A117DE9->f255fb19-c941-42ad-8caf-606d85b027b3-GrpcLogAppender: appendEntries Timeout, request=2a454ec2-3cfa-49cf-9003-841835eb2002->f255fb19-c941-42ad-8caf-606d85b027b3#127-t1, previous=(t:1, i:18), leaderCommit=12, initializing? false, entries: <empty>
2019-09-17 03:22:31,428 [java.util.concurrent.ThreadPoolExecutor$Worker@2cfcc4f0[State = -1, empty queue]] WARN  server.GrpcLogAppender (GrpcLogAppender.java:timeoutAppendRequest(200)) - 2a454ec2-3cfa-49cf-9003-841835eb2002@group-89364A117DE9->fb5c35a7-52ed-48ed-856a-22aafd4627bf-GrpcLogAppender: appendEntries Timeout, request=2a454ec2-3cfa-49cf-9003-841835eb2002->fb5c35a7-52ed-48ed-856a-22aafd4627bf#127-t1, previous=(t:1, i:18), leaderCommit=12, initializing? false, entries: <empty>
2019-09-17 03:22:33,928 [java.util.concurrent.ThreadPoolExecutor$Worker@200c90e7[State = -1, empty queue]] WARN  server.GrpcLogAppender (GrpcLogAppender.java:timeoutAppendRequest(200)) - 2a454ec2-3cfa-49cf-9003-841835eb2002@group-89364A117DE9->f255fb19-c941-42ad-8caf-606d85b027b3-GrpcLogAppender: appendEntries Timeout, request=2a454ec2-3cfa-49cf-9003-841835eb2002->f255fb19-c941-42ad-8caf-606d85b027b3#128-t1, previous=(t:1, i:18), leaderCommit=12, initializing? false, entries: <empty>
2019-09-17 03:22:33,928 [java.util.concurrent.ThreadPoolExecutor$Worker@2cfcc4f0[State = -1, empty queue]] WARN  server.GrpcLogAppender (GrpcLogAppender.java:timeoutAppendRequest(200)) - 2a454ec2-3cfa-49cf-9003-841835eb2002@group-89364A117DE9->fb5c35a7-52ed-48ed-856a-22aafd4627bf-GrpcLogAppender: appendEntries Timeout, request=2a454ec2-3cfa-49cf-9003-841835eb2002->fb5c35a7-52ed-48ed-856a-22aafd4627bf#128-t1, previous=(t:1, i:18), leaderCommit=12, initializing? false, entries: <empty>
2019-09-17 03:22:34,189 [grpc-default-executor-3] INFO  client.GrpcClientProtocolClient (GrpcClientProtocolClient.java:onNext(264)) - client-FCF838B3A418->f255fb19-c941-42ad-8caf-606d85b027b3: receive RaftClientReply:client-FCF838B3A418->f255fb19-c941-42ad-8caf-606d85b027b3@group-89364A117DE9, cid=33, FAILED org.apache.ratis.protocol.NotLeaderException: Server f255fb19-c941-42ad-8caf-606d85b027b3@group-89364A117DE9 is not the leader 2a454ec2-3cfa-49cf-9003-841835eb2002:192.168.151.92:33622, logIndex=0, commits[f255fb19-c941-42ad-8caf-606d85b027b3:c12, fb5c35a7-52ed-48ed-856a-22aafd4627bf:c10, 2a454ec2-3cfa-49cf-9003-841835eb2002:c12]
2019-09-17 03:22:36,429 [java.util.concurrent.ThreadPoolExecutor$Worker@200c90e7[State = -1, empty queue]] WARN  server.GrpcLogAppender (GrpcLogAppender.java:timeoutAppendRequest(200)) - 2a454ec2-3cfa-49cf-9003-841835eb2002@group-89364A117DE9->f255fb19-c941-42ad-8caf-606d85b027b3-GrpcLogAppender: appendEntries Timeout, request=2a454ec2-3cfa-49cf-9003-841835eb2002->f255fb19-c941-42ad-8caf-606d85b027b3#129-t1, previous=(t:1, i:18), leaderCommit=12, initializing? false, entries: <empty>
2019-09-17 03:22:36,429 [java.util.concurrent.ThreadPoolExecutor$Worker@2cfcc4f0[State = -1, empty queue]] WARN  server.GrpcLogAppender (GrpcLogAppender.java:timeoutAppendRequest(200)) - 2a454ec2-3cfa-49cf-9003-841835eb2002@group-89364A117DE9->fb5c35a7-52ed-48ed-856a-22aafd4627bf-GrpcLogAppender: appendEntries Timeout, request=2a454ec2-3cfa-49cf-9003-841835eb2002->fb5c35a7-52ed-48ed-856a-22aafd4627bf#129-t1, previous=(t:1, i:18), leaderCommit=12, initializing? false, entries: <empty>
2019-09-17 03:22:38,549 [2a454ec2-3cfa-49cf-9003-841835eb2002@group-89364A117DE9-SegmentedRaftLogWorker] WARN  segmented.SegmentedRaftLogWorker (SegmentedRaftLogWorker.java:getFromFuture(90)) - Timeout 8/~
org.apache.ratis.protocol.TimeoutIOException: Timeout 10s: WriteLog:14: (t:1, i:14), STATEMACHINELOGENTRY, client-FCF838B3A418, cid=34-writeStateMachineData
	at org.apache.ratis.util.IOUtils.getFromFuture(IOUtils.java:87)
	at org.apache.ratis.server.raftlog.segmented.SegmentedRaftLogWorker$StateMachineDataPolicy.getFromFuture(SegmentedRaftLogWorker.java:87)
	at org.apache.ratis.server.raftlog.segmented.SegmentedRaftLogWorker$WriteLog.execute(SegmentedRaftLogWorker.java:477)
	at org.apache.ratis.server.raftlog.segmented.SegmentedRaftLogWorker.run(SegmentedRaftLogWorker.java:289)
	at java.lang.Thread.run(Thread.java:748)
Caused by: java.util.concurrent.TimeoutException
	at java.util.concurrent.CompletableFuture.timedGet(CompletableFuture.java:1771)
	at java.util.concurrent.CompletableFuture.get(CompletableFuture.java:1915)
	at org.apache.ratis.util.IOUtils.getFromFuture(IOUtils.java:79)
	... 4 more
2019-09-17 03:22:38,569 [fb5c35a7-52ed-48ed-856a-22aafd4627bf@group-89364A117DE9-SegmentedRaftLogWorker] WARN  segmented.SegmentedRaftLogWorker (SegmentedRaftLogWorker.java:getFromFuture(90)) - Timeout 8/~
org.apache.ratis.protocol.TimeoutIOException: Timeout 10s: WriteLog:14: (t:1, i:14), STATEMACHINELOGENTRY, client-FCF838B3A418, cid=34-writeStateMachineData
	at org.apache.ratis.util.IOUtils.getFromFuture(IOUtils.java:87)
	at org.apache.ratis.server.raftlog.segmented.SegmentedRaftLogWorker$StateMachineDataPolicy.getFromFuture(SegmentedRaftLogWorker.java:87)
	at org.apache.ratis.server.raftlog.segmented.SegmentedRaftLogWorker$WriteLog.execute(SegmentedRaftLogWorker.java:477)
	at org.apache.ratis.server.raftlog.segmented.SegmentedRaftLogWorker.run(SegmentedRaftLogWorker.java:289)
	at java.lang.Thread.run(Thread.java:748)
Caused by: java.util.concurrent.TimeoutException
	at java.util.concurrent.CompletableFuture.timedGet(CompletableFuture.java:1771)
	at java.util.concurrent.CompletableFuture.get(CompletableFuture.java:1915)
	at org.apache.ratis.util.IOUtils.getFromFuture(IOUtils.java:79)
	... 4 more
2019-09-17 03:22:38,570 [f255fb19-c941-42ad-8caf-606d85b027b3@group-89364A117DE9-SegmentedRaftLogWorker] WARN  segmented.SegmentedRaftLogWorker (SegmentedRaftLogWorker.java:getFromFuture(90)) - Timeout 8/~
org.apache.ratis.protocol.TimeoutIOException: Timeout 10s: WriteLog:14: (t:1, i:14), STATEMACHINELOGENTRY, client-FCF838B3A418, cid=34-writeStateMachineData
	at org.apache.ratis.util.IOUtils.getFromFuture(IOUtils.java:87)
	at org.apache.ratis.server.raftlog.segmented.SegmentedRaftLogWorker$StateMachineDataPolicy.getFromFuture(SegmentedRaftLogWorker.java:87)
	at org.apache.ratis.server.raftlog.segmented.SegmentedRaftLogWorker$WriteLog.execute(SegmentedRaftLogWorker.java:477)
	at org.apache.ratis.server.raftlog.segmented.SegmentedRaftLogWorker.run(SegmentedRaftLogWorker.java:289)
	at java.lang.Thread.run(Thread.java:748)
Caused by: java.util.concurrent.TimeoutException
	at java.util.concurrent.CompletableFuture.timedGet(CompletableFuture.java:1771)
	at java.util.concurrent.CompletableFuture.get(CompletableFuture.java:1915)
	at org.apache.ratis.util.IOUtils.getFromFuture(IOUtils.java:79)
	... 4 more
2019-09-17 03:22:38,929 [java.util.concurrent.ThreadPoolExecutor$Worker@200c90e7[State = -1, empty queue]] WARN  server.GrpcLogAppender (GrpcLogAppender.java:timeoutAppendRequest(200)) - 2a454ec2-3cfa-49cf-9003-841835eb2002@group-89364A117DE9->f255fb19-c941-42ad-8caf-606d85b027b3-GrpcLogAppender: appendEntries Timeout, request=2a454ec2-3cfa-49cf-9003-841835eb2002->f255fb19-c941-42ad-8caf-606d85b027b3#130-t1, previous=(t:1, i:18), leaderCommit=12, initializing? false, entries: <empty>
2019-09-17 03:22:38,929 [java.util.concurrent.ThreadPoolExecutor$Worker@2cfcc4f0[State = -1, empty queue]] WARN  server.GrpcLogAppender (GrpcLogAppender.java:timeoutAppendRequest(200)) - 2a454ec2-3cfa-49cf-9003-841835eb2002@group-89364A117DE9->fb5c35a7-52ed-48ed-856a-22aafd4627bf-GrpcLogAppender: appendEntries Timeout, request=2a454ec2-3cfa-49cf-9003-841835eb2002->fb5c35a7-52ed-48ed-856a-22aafd4627bf#130-t1, previous=(t:1, i:18), leaderCommit=12, initializing? false, entries: <empty>
2019-09-17 03:22:39,242 [grpc-default-executor-3] INFO  client.GrpcClientProtocolClient (GrpcClientProtocolClient.java:onNext(264)) - client-FCF838B3A418->fb5c35a7-52ed-48ed-856a-22aafd4627bf: receive RaftClientReply:client-FCF838B3A418->fb5c35a7-52ed-48ed-856a-22aafd4627bf@group-89364A117DE9, cid=33, FAILED org.apache.ratis.protocol.NotLeaderException: Server fb5c35a7-52ed-48ed-856a-22aafd4627bf@group-89364A117DE9 is not the leader 2a454ec2-3cfa-49cf-9003-841835eb2002:192.168.151.92:33622, logIndex=0, commits[fb5c35a7-52ed-48ed-856a-22aafd4627bf:c12, f255fb19-c941-42ad-8caf-606d85b027b3:c10, 2a454ec2-3cfa-49cf-9003-841835eb2002:c12]
2019-09-17 03:22:41,430 [java.util.concurrent.ThreadPoolExecutor$Worker@200c90e7[State = -1, empty queue]] WARN  server.GrpcLogAppender (GrpcLogAppender.java:timeoutAppendRequest(200)) - 2a454ec2-3cfa-49cf-9003-841835eb2002@group-89364A117DE9->f255fb19-c941-42ad-8caf-606d85b027b3-GrpcLogAppender: appendEntries Timeout, request=2a454ec2-3cfa-49cf-9003-841835eb2002->f255fb19-c941-42ad-8caf-606d85b027b3#131-t1, previous=(t:1, i:18), leaderCommit=12, initializing? false, entries: <empty>
2019-09-17 03:22:41,430 [java.util.concurrent.ThreadPoolExecutor$Worker@2cfcc4f0[State = -1, empty queue]] WARN  server.GrpcLogAppender (GrpcLogAppender.java:timeoutAppendRequest(200)) - 2a454ec2-3cfa-49cf-9003-841835eb2002@group-89364A117DE9->fb5c35a7-52ed-48ed-856a-22aafd4627bf-GrpcLogAppender: appendEntries Timeout, request=2a454ec2-3cfa-49cf-9003-841835eb2002->fb5c35a7-52ed-48ed-856a-22aafd4627bf#131-t1, previous=(t:1, i:18), leaderCommit=12, initializing? false, entries: <empty>
2019-09-17 03:22:43,930 [java.util.concurrent.ThreadPoolExecutor$Worker@2cfcc4f0[State = -1, empty queue]] WARN  server.GrpcLogAppender (GrpcLogAppender.java:timeoutAppendRequest(200)) - 2a454ec2-3cfa-49cf-9003-841835eb2002@group-89364A117DE9->fb5c35a7-52ed-48ed-856a-22aafd4627bf-GrpcLogAppender: appendEntries Timeout, request=2a454ec2-3cfa-49cf-9003-841835eb2002->fb5c35a7-52ed-48ed-856a-22aafd4627bf#132-t1, previous=(t:1, i:18), leaderCommit=12, initializing? false, entries: <empty>
2019-09-17 03:22:43,930 [java.util.concurrent.ThreadPoolExecutor$Worker@200c90e7[State = -1, empty queue]] WARN  server.GrpcLogAppender (GrpcLogAppender.java:timeoutAppendRequest(200)) - 2a454ec2-3cfa-49cf-9003-841835eb2002@group-89364A117DE9->f255fb19-c941-42ad-8caf-606d85b027b3-GrpcLogAppender: appendEntries Timeout, request=2a454ec2-3cfa-49cf-9003-841835eb2002->f255fb19-c941-42ad-8caf-606d85b027b3#132-t1, previous=(t:1, i:18), leaderCommit=12, initializing? false, entries: <empty>
2019-09-17 03:22:44,286 [grpc-default-executor-3] INFO  client.GrpcClientProtocolClient (GrpcClientProtocolClient.java:onNext(264)) - client-FCF838B3A418->fb5c35a7-52ed-48ed-856a-22aafd4627bf: receive RaftClientReply:client-FCF838B3A418->fb5c35a7-52ed-48ed-856a-22aafd4627bf@group-89364A117DE9, cid=33, FAILED org.apache.ratis.protocol.NotLeaderException: Server fb5c35a7-52ed-48ed-856a-22aafd4627bf@group-89364A117DE9 is not the leader 2a454ec2-3cfa-49cf-9003-841835eb2002:192.168.151.92:33622, logIndex=0, commits[fb5c35a7-52ed-48ed-856a-22aafd4627bf:c12, f255fb19-c941-42ad-8caf-606d85b027b3:c10, 2a454ec2-3cfa-49cf-9003-841835eb2002:c12]
2019-09-17 03:22:46,431 [java.util.concurrent.ThreadPoolExecutor$Worker@2cfcc4f0[State = -1, empty queue]] WARN  server.GrpcLogAppender (GrpcLogAppender.java:timeoutAppendRequest(200)) - 2a454ec2-3cfa-49cf-9003-841835eb2002@group-89364A117DE9->fb5c35a7-52ed-48ed-856a-22aafd4627bf-GrpcLogAppender: appendEntries Timeout, request=2a454ec2-3cfa-49cf-9003-841835eb2002->fb5c35a7-52ed-48ed-856a-22aafd4627bf#133-t1, previous=(t:1, i:18), leaderCommit=12, initializing? false, entries: <empty>
2019-09-17 03:22:46,431 [java.util.concurrent.ThreadPoolExecutor$Worker@200c90e7[State = -1, empty queue]] WARN  server.GrpcLogAppender (GrpcLogAppender.java:timeoutAppendRequest(200)) - 2a454ec2-3cfa-49cf-9003-841835eb2002@group-89364A117DE9->f255fb19-c941-42ad-8caf-606d85b027b3-GrpcLogAppender: appendEntries Timeout, request=2a454ec2-3cfa-49cf-9003-841835eb2002->f255fb19-c941-42ad-8caf-606d85b027b3#133-t1, previous=(t:1, i:18), leaderCommit=12, initializing? false, entries: <empty>
2019-09-17 03:22:48,551 [2a454ec2-3cfa-49cf-9003-841835eb2002@group-89364A117DE9-SegmentedRaftLogWorker] WARN  segmented.SegmentedRaftLogWorker (SegmentedRaftLogWorker.java:getFromFuture(90)) - Timeout 9/~
org.apache.ratis.protocol.TimeoutIOException: Timeout 10s: WriteLog:14: (t:1, i:14), STATEMACHINELOGENTRY, client-FCF838B3A418, cid=34-writeStateMachineData
	at org.apache.ratis.util.IOUtils.getFromFuture(IOUtils.java:87)
	at org.apache.ratis.server.raftlog.segmented.SegmentedRaftLogWorker$StateMachineDataPolicy.getFromFuture(SegmentedRaftLogWorker.java:87)
	at org.apache.ratis.server.raftlog.segmented.SegmentedRaftLogWorker$WriteLog.execute(SegmentedRaftLogWorker.java:477)
	at org.apache.ratis.server.raftlog.segmented.SegmentedRaftLogWorker.run(SegmentedRaftLogWorker.java:289)
	at java.lang.Thread.run(Thread.java:748)
Caused by: java.util.concurrent.TimeoutException
	at java.util.concurrent.CompletableFuture.timedGet(CompletableFuture.java:1771)
	at java.util.concurrent.CompletableFuture.get(CompletableFuture.java:1915)
	at org.apache.ratis.util.IOUtils.getFromFuture(IOUtils.java:79)
	... 4 more
2019-09-17 03:22:48,570 [fb5c35a7-52ed-48ed-856a-22aafd4627bf@group-89364A117DE9-SegmentedRaftLogWorker] WARN  segmented.SegmentedRaftLogWorker (SegmentedRaftLogWorker.java:getFromFuture(90)) - Timeout 9/~
org.apache.ratis.protocol.TimeoutIOException: Timeout 10s: WriteLog:14: (t:1, i:14), STATEMACHINELOGENTRY, client-FCF838B3A418, cid=34-writeStateMachineData
	at org.apache.ratis.util.IOUtils.getFromFuture(IOUtils.java:87)
	at org.apache.ratis.server.raftlog.segmented.SegmentedRaftLogWorker$StateMachineDataPolicy.getFromFuture(SegmentedRaftLogWorker.java:87)
	at org.apache.ratis.server.raftlog.segmented.SegmentedRaftLogWorker$WriteLog.execute(SegmentedRaftLogWorker.java:477)
	at org.apache.ratis.server.raftlog.segmented.SegmentedRaftLogWorker.run(SegmentedRaftLogWorker.java:289)
	at java.lang.Thread.run(Thread.java:748)
Caused by: java.util.concurrent.TimeoutException
	at java.util.concurrent.CompletableFuture.timedGet(CompletableFuture.java:1771)
	at java.util.concurrent.CompletableFuture.get(CompletableFuture.java:1915)
	at org.apache.ratis.util.IOUtils.getFromFuture(IOUtils.java:79)
	... 4 more
2019-09-17 03:22:48,570 [f255fb19-c941-42ad-8caf-606d85b027b3@group-89364A117DE9-SegmentedRaftLogWorker] WARN  segmented.SegmentedRaftLogWorker (SegmentedRaftLogWorker.java:getFromFuture(90)) - Timeout 9/~
org.apache.ratis.protocol.TimeoutIOException: Timeout 10s: WriteLog:14: (t:1, i:14), STATEMACHINELOGENTRY, client-FCF838B3A418, cid=34-writeStateMachineData
	at org.apache.ratis.util.IOUtils.getFromFuture(IOUtils.java:87)
	at org.apache.ratis.server.raftlog.segmented.SegmentedRaftLogWorker$StateMachineDataPolicy.getFromFuture(SegmentedRaftLogWorker.java:87)
	at org.apache.ratis.server.raftlog.segmented.SegmentedRaftLogWorker$WriteLog.execute(SegmentedRaftLogWorker.java:477)
	at org.apache.ratis.server.raftlog.segmented.SegmentedRaftLogWorker.run(SegmentedRaftLogWorker.java:289)
	at java.lang.Thread.run(Thread.java:748)
Caused by: java.util.concurrent.TimeoutException
	at java.util.concurrent.CompletableFuture.timedGet(CompletableFuture.java:1771)
	at java.util.concurrent.CompletableFuture.get(CompletableFuture.java:1915)
	at org.apache.ratis.util.IOUtils.getFromFuture(IOUtils.java:79)
	... 4 more
2019-09-17 03:22:48,931 [java.util.concurrent.ThreadPoolExecutor$Worker@200c90e7[State = -1, empty queue]] WARN  server.GrpcLogAppender (GrpcLogAppender.java:timeoutAppendRequest(200)) - 2a454ec2-3cfa-49cf-9003-841835eb2002@group-89364A117DE9->f255fb19-c941-42ad-8caf-606d85b027b3-GrpcLogAppender: appendEntries Timeout, request=2a454ec2-3cfa-49cf-9003-841835eb2002->f255fb19-c941-42ad-8caf-606d85b027b3#134-t1, previous=(t:1, i:18), leaderCommit=12, initializing? false, entries: <empty>
2019-09-17 03:22:48,931 [java.util.concurrent.ThreadPoolExecutor$Worker@2cfcc4f0[State = -1, empty queue]] WARN  server.GrpcLogAppender (GrpcLogAppender.java:timeoutAppendRequest(200)) - 2a454ec2-3cfa-49cf-9003-841835eb2002@group-89364A117DE9->fb5c35a7-52ed-48ed-856a-22aafd4627bf-GrpcLogAppender: appendEntries Timeout, request=2a454ec2-3cfa-49cf-9003-841835eb2002->fb5c35a7-52ed-48ed-856a-22aafd4627bf#134-t1, previous=(t:1, i:18), leaderCommit=12, initializing? false, entries: <empty>
2019-09-17 03:22:49,345 [grpc-default-executor-3] INFO  client.GrpcClientProtocolClient (GrpcClientProtocolClient.java:onNext(264)) - client-FCF838B3A418->fb5c35a7-52ed-48ed-856a-22aafd4627bf: receive RaftClientReply:client-FCF838B3A418->fb5c35a7-52ed-48ed-856a-22aafd4627bf@group-89364A117DE9, cid=33, FAILED org.apache.ratis.protocol.NotLeaderException: Server fb5c35a7-52ed-48ed-856a-22aafd4627bf@group-89364A117DE9 is not the leader 2a454ec2-3cfa-49cf-9003-841835eb2002:192.168.151.92:33622, logIndex=0, commits[fb5c35a7-52ed-48ed-856a-22aafd4627bf:c12, f255fb19-c941-42ad-8caf-606d85b027b3:c10, 2a454ec2-3cfa-49cf-9003-841835eb2002:c12]
2019-09-17 03:22:51,077 [ReplicationMonitor] INFO  container.ReplicationManager (ReplicationManager.java:forceCloseContainer(464)) - Force closing container #2 with BCSID 6, which is in QUASI_CLOSED state.
2019-09-17 03:22:51,078 [ReplicationMonitor] INFO  container.ReplicationManager (ReplicationManager.java:sendCloseCommand(659)) - Sending close container command for container #2 to datanode 1b957291-fe5b-420e-96dd-cc603eda7741{ip: 192.168.151.92, host: pr-hdds-2139-j8dx6-1450124282, networkLocation: /default-rack, certSerialId: null}.
2019-09-17 03:22:51,079 [ReplicationMonitor] INFO  container.ReplicationManager (ReplicationManager.java:sendCloseCommand(659)) - Sending close container command for container #2 to datanode ae9625dc-248e-414f-955f-fccc978916e7{ip: 192.168.151.92, host: pr-hdds-2139-j8dx6-1450124282, networkLocation: /default-rack, certSerialId: null}.
2019-09-17 03:22:51,079 [ReplicationMonitor] INFO  container.ReplicationManager (ReplicationManager.java:sendCloseCommand(659)) - Sending close container command for container #2 to datanode 12c7e022-5f96-4d2f-bd6c-0cb832bfe0bc{ip: 192.168.151.92, host: pr-hdds-2139-j8dx6-1450124282, networkLocation: /default-rack, certSerialId: null}.
2019-09-17 03:22:51,079 [ReplicationMonitor] INFO  container.ReplicationManager (ReplicationManager.java:forceCloseContainer(464)) - Force closing container #3 with BCSID 0, which is in QUASI_CLOSED state.
2019-09-17 03:22:51,079 [ReplicationMonitor] INFO  container.ReplicationManager (ReplicationManager.java:sendCloseCommand(659)) - Sending close container command for container #3 to datanode ae9625dc-248e-414f-955f-fccc978916e7{ip: 192.168.151.92, host: pr-hdds-2139-j8dx6-1450124282, networkLocation: /default-rack, certSerialId: null}.
2019-09-17 03:22:51,079 [ReplicationMonitor] INFO  container.ReplicationManager (ReplicationManager.java:sendCloseCommand(659)) - Sending close container command for container #3 to datanode 12c7e022-5f96-4d2f-bd6c-0cb832bfe0bc{ip: 192.168.151.92, host: pr-hdds-2139-j8dx6-1450124282, networkLocation: /default-rack, certSerialId: null}.
2019-09-17 03:22:51,079 [ReplicationMonitor] INFO  container.ReplicationManager (ReplicationManager.java:sendCloseCommand(659)) - Sending close container command for container #3 to datanode 1b957291-fe5b-420e-96dd-cc603eda7741{ip: 192.168.151.92, host: pr-hdds-2139-j8dx6-1450124282, networkLocation: /default-rack, certSerialId: null}.
2019-09-17 03:22:51,080 [ReplicationMonitor] INFO  container.ReplicationManager (ReplicationManager.java:run(225)) - Replication Monitor Thread took 7 milliseconds for processing 5 containers.
2019-09-17 03:22:51,431 [java.util.concurrent.ThreadPoolExecutor$Worker@200c90e7[State = -1, empty queue]] WARN  server.GrpcLogAppender (GrpcLogAppender.java:timeoutAppendRequest(200)) - 2a454ec2-3cfa-49cf-9003-841835eb2002@group-89364A117DE9->f255fb19-c941-42ad-8caf-606d85b027b3-GrpcLogAppender: appendEntries Timeout, request=2a454ec2-3cfa-49cf-9003-841835eb2002->f255fb19-c941-42ad-8caf-606d85b027b3#135-t1, previous=(t:1, i:18), leaderCommit=12, initializing? false, entries: <empty>
2019-09-17 03:22:51,431 [java.util.concurrent.ThreadPoolExecutor$Worker@2cfcc4f0[State = -1, empty queue]] WARN  server.GrpcLogAppender (GrpcLogAppender.java:timeoutAppendRequest(200)) - 2a454ec2-3cfa-49cf-9003-841835eb2002@group-89364A117DE9->fb5c35a7-52ed-48ed-856a-22aafd4627bf-GrpcLogAppender: appendEntries Timeout, request=2a454ec2-3cfa-49cf-9003-841835eb2002->fb5c35a7-52ed-48ed-856a-22aafd4627bf#135-t1, previous=(t:1, i:18), leaderCommit=12, initializing? false, entries: <empty>
2019-09-17 03:22:52,529 [Command processor thread] INFO  interfaces.Container (KeyValueContainer.java:flushAndSyncDB(386)) - Container 2 is synced with bcsId 6.
2019-09-17 03:22:52,532 [Command processor thread] INFO  interfaces.Container (KeyValueContainer.java:flushAndSyncDB(386)) - Container 2 is synced with bcsId 6.
2019-09-17 03:22:52,692 [Command processor thread] INFO  interfaces.Container (KeyValueContainer.java:close(335)) - Container 2 is closed with bcsId 6.
2019-09-17 03:22:52,692 [Command processor thread] INFO  interfaces.Container (KeyValueContainer.java:flushAndSyncDB(386)) - Container 3 is synced with bcsId 0.
2019-09-17 03:22:52,692 [Command processor thread] INFO  interfaces.Container (KeyValueContainer.java:flushAndSyncDB(386)) - Container 3 is synced with bcsId 0.
2019-09-17 03:22:52,693 [EventQueue-IncrementalContainerReportForIncrementalContainerReportHandler] INFO  container.IncrementalContainerReportHandler (AbstractContainerReportHandler.java:updateContainerState(202)) - Moving container #2 to CLOSED state, datanode ae9625dc-248e-414f-955f-fccc978916e7{ip: 192.168.151.92, host: pr-hdds-2139-j8dx6-1450124282, networkLocation: /default-rack, certSerialId: null} reported CLOSED replica.
2019-09-17 03:22:52,740 [Command processor thread] INFO  interfaces.Container (KeyValueContainer.java:close(335)) - Container 3 is closed with bcsId 0.
2019-09-17 03:22:52,740 [EventQueue-IncrementalContainerReportForIncrementalContainerReportHandler] INFO  container.IncrementalContainerReportHandler (AbstractContainerReportHandler.java:updateContainerState(202)) - Moving container #3 to CLOSED state, datanode ae9625dc-248e-414f-955f-fccc978916e7{ip: 192.168.151.92, host: pr-hdds-2139-j8dx6-1450124282, networkLocation: /default-rack, certSerialId: null} reported CLOSED replica.
2019-09-17 03:22:53,686 [Command processor thread] INFO  interfaces.Container (KeyValueContainer.java:flushAndSyncDB(386)) - Container 2 is synced with bcsId 6.
2019-09-17 03:22:53,686 [Command processor thread] INFO  interfaces.Container (KeyValueContainer.java:flushAndSyncDB(386)) - Container 2 is synced with bcsId 6.
2019-09-17 03:22:53,775 [Command processor thread] INFO  interfaces.Container (KeyValueContainer.java:flushAndSyncDB(386)) - Container 2 is synced with bcsId 6.
2019-09-17 03:22:53,776 [Command processor thread] INFO  interfaces.Container (KeyValueContainer.java:flushAndSyncDB(386)) - Container 2 is synced with bcsId 6.
2019-09-17 03:22:53,789 [Command processor thread] INFO  interfaces.Container (KeyValueContainer.java:close(335)) - Container 2 is closed with bcsId 6.
2019-09-17 03:22:53,789 [Command processor thread] INFO  interfaces.Container (KeyValueContainer.java:flushAndSyncDB(386)) - Container 3 is synced with bcsId 0.
2019-09-17 03:22:53,790 [Command processor thread] INFO  interfaces.Container (KeyValueContainer.java:flushAndSyncDB(386)) - Container 3 is synced with bcsId 0.
2019-09-17 03:22:53,813 [Command processor thread] INFO  interfaces.Container (KeyValueContainer.java:close(335)) - Container 3 is closed with bcsId 0.
2019-09-17 03:22:53,813 [Command processor thread] INFO  interfaces.Container (KeyValueContainer.java:close(335)) - Container 2 is closed with bcsId 6.
2019-09-17 03:22:53,814 [Command processor thread] INFO  interfaces.Container (KeyValueContainer.java:flushAndSyncDB(386)) - Container 3 is synced with bcsId 0.
2019-09-17 03:22:53,814 [Command processor thread] INFO  interfaces.Container (KeyValueContainer.java:flushAndSyncDB(386)) - Container 3 is synced with bcsId 0.
2019-09-17 03:22:53,841 [Command processor thread] INFO  interfaces.Container (KeyValueContainer.java:close(335)) - Container 3 is closed with bcsId 0.
2019-09-17 03:22:53,931 [java.util.concurrent.ThreadPoolExecutor$Worker@200c90e7[State = -1, empty queue]] WARN  server.GrpcLogAppender (GrpcLogAppender.java:timeoutAppendRequest(200)) - 2a454ec2-3cfa-49cf-9003-841835eb2002@group-89364A117DE9->f255fb19-c941-42ad-8caf-606d85b027b3-GrpcLogAppender: appendEntries Timeout, request=2a454ec2-3cfa-49cf-9003-841835eb2002->f255fb19-c941-42ad-8caf-606d85b027b3#136-t1, previous=(t:1, i:18), leaderCommit=12, initializing? false, entries: <empty>
2019-09-17 03:22:53,932 [java.util.concurrent.ThreadPoolExecutor$Worker@2cfcc4f0[State = -1, empty queue]] WARN  server.GrpcLogAppender (GrpcLogAppender.java:timeoutAppendRequest(200)) - 2a454ec2-3cfa-49cf-9003-841835eb2002@group-89364A117DE9->fb5c35a7-52ed-48ed-856a-22aafd4627bf-GrpcLogAppender: appendEntries Timeout, request=2a454ec2-3cfa-49cf-9003-841835eb2002->fb5c35a7-52ed-48ed-856a-22aafd4627bf#136-t1, previous=(t:1, i:18), leaderCommit=12, initializing? false, entries: <empty>
2019-09-17 03:22:54,386 [grpc-default-executor-3] INFO  client.GrpcClientProtocolClient (GrpcClientProtocolClient.java:onNext(264)) - client-FCF838B3A418->fb5c35a7-52ed-48ed-856a-22aafd4627bf: receive RaftClientReply:client-FCF838B3A418->fb5c35a7-52ed-48ed-856a-22aafd4627bf@group-89364A117DE9, cid=33, FAILED org.apache.ratis.protocol.NotLeaderException: Server fb5c35a7-52ed-48ed-856a-22aafd4627bf@group-89364A117DE9 is not the leader 2a454ec2-3cfa-49cf-9003-841835eb2002:192.168.151.92:33622, logIndex=0, commits[fb5c35a7-52ed-48ed-856a-22aafd4627bf:c12, f255fb19-c941-42ad-8caf-606d85b027b3:c10, 2a454ec2-3cfa-49cf-9003-841835eb2002:c12]
2019-09-17 03:22:56,432 [java.util.concurrent.ThreadPoolExecutor$Worker@200c90e7[State = -1, empty queue]] WARN  server.GrpcLogAppender (GrpcLogAppender.java:timeoutAppendRequest(200)) - 2a454ec2-3cfa-49cf-9003-841835eb2002@group-89364A117DE9->f255fb19-c941-42ad-8caf-606d85b027b3-GrpcLogAppender: appendEntries Timeout, request=2a454ec2-3cfa-49cf-9003-841835eb2002->f255fb19-c941-42ad-8caf-606d85b027b3#137-t1, previous=(t:1, i:18), leaderCommit=12, initializing? false, entries: <empty>
2019-09-17 03:22:56,432 [java.util.concurrent.ThreadPoolExecutor$Worker@2cfcc4f0[State = -1, empty queue]] WARN  server.GrpcLogAppender (GrpcLogAppender.java:timeoutAppendRequest(200)) - 2a454ec2-3cfa-49cf-9003-841835eb2002@group-89364A117DE9->fb5c35a7-52ed-48ed-856a-22aafd4627bf-GrpcLogAppender: appendEntries Timeout, request=2a454ec2-3cfa-49cf-9003-841835eb2002->fb5c35a7-52ed-48ed-856a-22aafd4627bf#137-t1, previous=(t:1, i:18), leaderCommit=12, initializing? false, entries: <empty>
2019-09-17 03:22:58,552 [2a454ec2-3cfa-49cf-9003-841835eb2002@group-89364A117DE9-SegmentedRaftLogWorker] WARN  segmented.SegmentedRaftLogWorker (SegmentedRaftLogWorker.java:getFromFuture(90)) - Timeout 10/~
org.apache.ratis.protocol.TimeoutIOException: Timeout 10s: WriteLog:14: (t:1, i:14), STATEMACHINELOGENTRY, client-FCF838B3A418, cid=34-writeStateMachineData
	at org.apache.ratis.util.IOUtils.getFromFuture(IOUtils.java:87)
	at org.apache.ratis.server.raftlog.segmented.SegmentedRaftLogWorker$StateMachineDataPolicy.getFromFuture(SegmentedRaftLogWorker.java:87)
	at org.apache.ratis.server.raftlog.segmented.SegmentedRaftLogWorker$WriteLog.execute(SegmentedRaftLogWorker.java:477)
	at org.apache.ratis.server.raftlog.segmented.SegmentedRaftLogWorker.run(SegmentedRaftLogWorker.java:289)
	at java.lang.Thread.run(Thread.java:748)
Caused by: java.util.concurrent.TimeoutException
	at java.util.concurrent.CompletableFuture.timedGet(CompletableFuture.java:1771)
	at java.util.concurrent.CompletableFuture.get(CompletableFuture.java:1915)
	at org.apache.ratis.util.IOUtils.getFromFuture(IOUtils.java:79)
	... 4 more
2019-09-17 03:22:58,571 [fb5c35a7-52ed-48ed-856a-22aafd4627bf@group-89364A117DE9-SegmentedRaftLogWorker] WARN  segmented.SegmentedRaftLogWorker (SegmentedRaftLogWorker.java:getFromFuture(90)) - Timeout 10/~
org.apache.ratis.protocol.TimeoutIOException: Timeout 10s: WriteLog:14: (t:1, i:14), STATEMACHINELOGENTRY, client-FCF838B3A418, cid=34-writeStateMachineData
	at org.apache.ratis.util.IOUtils.getFromFuture(IOUtils.java:87)
	at org.apache.ratis.server.raftlog.segmented.SegmentedRaftLogWorker$StateMachineDataPolicy.getFromFuture(SegmentedRaftLogWorker.java:87)
	at org.apache.ratis.server.raftlog.segmented.SegmentedRaftLogWorker$WriteLog.execute(SegmentedRaftLogWorker.java:477)
	at org.apache.ratis.server.raftlog.segmented.SegmentedRaftLogWorker.run(SegmentedRaftLogWorker.java:289)
	at java.lang.Thread.run(Thread.java:748)
Caused by: java.util.concurrent.TimeoutException
	at java.util.concurrent.CompletableFuture.timedGet(CompletableFuture.java:1771)
	at java.util.concurrent.CompletableFuture.get(CompletableFuture.java:1915)
	at org.apache.ratis.util.IOUtils.getFromFuture(IOUtils.java:79)
	... 4 more
2019-09-17 03:22:58,571 [f255fb19-c941-42ad-8caf-606d85b027b3@group-89364A117DE9-SegmentedRaftLogWorker] WARN  segmented.SegmentedRaftLogWorker (SegmentedRaftLogWorker.java:getFromFuture(90)) - Timeout 10/~
org.apache.ratis.protocol.TimeoutIOException: Timeout 10s: WriteLog:14: (t:1, i:14), STATEMACHINELOGENTRY, client-FCF838B3A418, cid=34-writeStateMachineData
	at org.apache.ratis.util.IOUtils.getFromFuture(IOUtils.java:87)
	at org.apache.ratis.server.raftlog.segmented.SegmentedRaftLogWorker$StateMachineDataPolicy.getFromFuture(SegmentedRaftLogWorker.java:87)
	at org.apache.ratis.server.raftlog.segmented.SegmentedRaftLogWorker$WriteLog.execute(SegmentedRaftLogWorker.java:477)
	at org.apache.ratis.server.raftlog.segmented.SegmentedRaftLogWorker.run(SegmentedRaftLogWorker.java:289)
	at java.lang.Thread.run(Thread.java:748)
Caused by: java.util.concurrent.TimeoutException
	at java.util.concurrent.CompletableFuture.timedGet(CompletableFuture.java:1771)
	at java.util.concurrent.CompletableFuture.get(CompletableFuture.java:1915)
	at org.apache.ratis.util.IOUtils.getFromFuture(IOUtils.java:79)
	... 4 more
2019-09-17 03:22:58,932 [java.util.concurrent.ThreadPoolExecutor$Worker@200c90e7[State = -1, empty queue]] WARN  server.GrpcLogAppender (GrpcLogAppender.java:timeoutAppendRequest(200)) - 2a454ec2-3cfa-49cf-9003-841835eb2002@group-89364A117DE9->f255fb19-c941-42ad-8caf-606d85b027b3-GrpcLogAppender: appendEntries Timeout, request=2a454ec2-3cfa-49cf-9003-841835eb2002->f255fb19-c941-42ad-8caf-606d85b027b3#138-t1, previous=(t:1, i:18), leaderCommit=12, initializing? false, entries: <empty>
2019-09-17 03:22:58,932 [java.util.concurrent.ThreadPoolExecutor$Worker@2cfcc4f0[State = -1, empty queue]] WARN  server.GrpcLogAppender (GrpcLogAppender.java:timeoutAppendRequest(200)) - 2a454ec2-3cfa-49cf-9003-841835eb2002@group-89364A117DE9->fb5c35a7-52ed-48ed-856a-22aafd4627bf-GrpcLogAppender: appendEntries Timeout, request=2a454ec2-3cfa-49cf-9003-841835eb2002->fb5c35a7-52ed-48ed-856a-22aafd4627bf#138-t1, previous=(t:1, i:18), leaderCommit=12, initializing? false, entries: <empty>
2019-09-17 03:22:59,443 [grpc-default-executor-4] INFO  client.GrpcClientProtocolClient (GrpcClientProtocolClient.java:onNext(264)) - client-FCF838B3A418->fb5c35a7-52ed-48ed-856a-22aafd4627bf: receive RaftClientReply:client-FCF838B3A418->fb5c35a7-52ed-48ed-856a-22aafd4627bf@group-89364A117DE9, cid=33, FAILED org.apache.ratis.protocol.NotLeaderException: Server fb5c35a7-52ed-48ed-856a-22aafd4627bf@group-89364A117DE9 is not the leader 2a454ec2-3cfa-49cf-9003-841835eb2002:192.168.151.92:33622, logIndex=0, commits[fb5c35a7-52ed-48ed-856a-22aafd4627bf:c12, f255fb19-c941-42ad-8caf-606d85b027b3:c10, 2a454ec2-3cfa-49cf-9003-841835eb2002:c12]
2019-09-17 03:23:01,433 [java.util.concurrent.ThreadPoolExecutor$Worker@2cfcc4f0[State = -1, empty queue]] WARN  server.GrpcLogAppender (GrpcLogAppender.java:timeoutAppendRequest(200)) - 2a454ec2-3cfa-49cf-9003-841835eb2002@group-89364A117DE9->fb5c35a7-52ed-48ed-856a-22aafd4627bf-GrpcLogAppender: appendEntries Timeout, request=2a454ec2-3cfa-49cf-9003-841835eb2002->fb5c35a7-52ed-48ed-856a-22aafd4627bf#139-t1, previous=(t:1, i:18), leaderCommit=12, initializing? false, entries: <empty>
2019-09-17 03:23:01,433 [java.util.concurrent.ThreadPoolExecutor$Worker@200c90e7[State = -1, empty queue]] WARN  server.GrpcLogAppender (GrpcLogAppender.java:timeoutAppendRequest(200)) - 2a454ec2-3cfa-49cf-9003-841835eb2002@group-89364A117DE9->f255fb19-c941-42ad-8caf-606d85b027b3-GrpcLogAppender: appendEntries Timeout, request=2a454ec2-3cfa-49cf-9003-841835eb2002->f255fb19-c941-42ad-8caf-606d85b027b3#139-t1, previous=(t:1, i:18), leaderCommit=12, initializing? false, entries: <empty>
2019-09-17 03:23:03,933 [java.util.concurrent.ThreadPoolExecutor$Worker@200c90e7[State = -1, empty queue]] WARN  server.GrpcLogAppender (GrpcLogAppender.java:timeoutAppendRequest(200)) - 2a454ec2-3cfa-49cf-9003-841835eb2002@group-89364A117DE9->f255fb19-c941-42ad-8caf-606d85b027b3-GrpcLogAppender: appendEntries Timeout, request=2a454ec2-3cfa-49cf-9003-841835eb2002->f255fb19-c941-42ad-8caf-606d85b027b3#140-t1, previous=(t:1, i:18), leaderCommit=12, initializing? false, entries: <empty>
2019-09-17 03:23:03,933 [java.util.concurrent.ThreadPoolExecutor$Worker@2cfcc4f0[State = -1, empty queue]] WARN  server.GrpcLogAppender (GrpcLogAppender.java:timeoutAppendRequest(200)) - 2a454ec2-3cfa-49cf-9003-841835eb2002@group-89364A117DE9->fb5c35a7-52ed-48ed-856a-22aafd4627bf-GrpcLogAppender: appendEntries Timeout, request=2a454ec2-3cfa-49cf-9003-841835eb2002->fb5c35a7-52ed-48ed-856a-22aafd4627bf#140-t1, previous=(t:1, i:18), leaderCommit=12, initializing? false, entries: <empty>
2019-09-17 03:23:04,492 [grpc-default-executor-4] INFO  client.GrpcClientProtocolClient (GrpcClientProtocolClient.java:onNext(264)) - client-FCF838B3A418->f255fb19-c941-42ad-8caf-606d85b027b3: receive RaftClientReply:client-FCF838B3A418->f255fb19-c941-42ad-8caf-606d85b027b3@group-89364A117DE9, cid=33, FAILED org.apache.ratis.protocol.NotLeaderException: Server f255fb19-c941-42ad-8caf-606d85b027b3@group-89364A117DE9 is not the leader 2a454ec2-3cfa-49cf-9003-841835eb2002:192.168.151.92:33622, logIndex=0, commits[f255fb19-c941-42ad-8caf-606d85b027b3:c12, fb5c35a7-52ed-48ed-856a-22aafd4627bf:c10, 2a454ec2-3cfa-49cf-9003-841835eb2002:c12]
2019-09-17 03:23:06,434 [java.util.concurrent.ThreadPoolExecutor$Worker@200c90e7[State = -1, empty queue]] WARN  server.GrpcLogAppender (GrpcLogAppender.java:timeoutAppendRequest(200)) - 2a454ec2-3cfa-49cf-9003-841835eb2002@group-89364A117DE9->f255fb19-c941-42ad-8caf-606d85b027b3-GrpcLogAppender: appendEntries Timeout, request=2a454ec2-3cfa-49cf-9003-841835eb2002->f255fb19-c941-42ad-8caf-606d85b027b3#141-t1, previous=(t:1, i:18), leaderCommit=12, initializing? false, entries: <empty>
2019-09-17 03:23:06,434 [java.util.concurrent.ThreadPoolExecutor$Worker@2cfcc4f0[State = -1, empty queue]] WARN  server.GrpcLogAppender (GrpcLogAppender.java:timeoutAppendRequest(200)) - 2a454ec2-3cfa-49cf-9003-841835eb2002@group-89364A117DE9->fb5c35a7-52ed-48ed-856a-22aafd4627bf-GrpcLogAppender: appendEntries Timeout, request=2a454ec2-3cfa-49cf-9003-841835eb2002->fb5c35a7-52ed-48ed-856a-22aafd4627bf#141-t1, previous=(t:1, i:18), leaderCommit=12, initializing? false, entries: <empty>
2019-09-17 03:23:08,438 [org.apache.ratis.server.impl.LogAppender$AppenderDaemon$$Lambda$550/692567409@77391bec] ERROR ratis.XceiverServerRatis (XceiverServerRatis.java:triggerPipelineClose(575)) - pipeline Action CLOSE  on pipeline PipelineID=9b5330a7-e06f-4957-8ee5-89364a117de9.Reason : 2a454ec2-3cfa-49cf-9003-841835eb2002 has not seen follower/s fb5c35a7-52ed-48ed-856a-22aafd4627bf for 120088ms f255fb19-c941-42ad-8caf-606d85b027b3 for 120088ms
2019-09-17 03:23:08,438 [org.apache.ratis.server.impl.LogAppender$AppenderDaemon$$Lambda$550/692567409@4f879821] ERROR ratis.XceiverServerRatis (XceiverServerRatis.java:triggerPipelineClose(575)) - pipeline Action CLOSE  on pipeline PipelineID=9b5330a7-e06f-4957-8ee5-89364a117de9.Reason : 2a454ec2-3cfa-49cf-9003-841835eb2002 has not seen follower/s fb5c35a7-52ed-48ed-856a-22aafd4627bf for 120088ms f255fb19-c941-42ad-8caf-606d85b027b3 for 120088ms
2019-09-17 03:23:08,550 [EventQueue-PipelineActionsForPipelineActionHandler] ERROR pipeline.PipelineActionHandler (PipelineActionHandler.java:onMessage(60)) - Received pipeline action CLOSE for Pipeline[ Id: 9b5330a7-e06f-4957-8ee5-89364a117de9, Nodes: 2a454ec2-3cfa-49cf-9003-841835eb2002{ip: 192.168.151.92, host: pr-hdds-2139-j8dx6-1450124282, networkLocation: /default-rack, certSerialId: null}f255fb19-c941-42ad-8caf-606d85b027b3{ip: 192.168.151.92, host: pr-hdds-2139-j8dx6-1450124282, networkLocation: /default-rack, certSerialId: null}fb5c35a7-52ed-48ed-856a-22aafd4627bf{ip: 192.168.151.92, host: pr-hdds-2139-j8dx6-1450124282, networkLocation: /default-rack, certSerialId: null}, Type:RATIS, Factor:THREE, State:OPEN] from datanode 2a454ec2-3cfa-49cf-9003-841835eb2002{ip: 192.168.151.92, host: pr-hdds-2139-j8dx6-1450124282, networkLocation: /default-rack, certSerialId: null}. Reason : 2a454ec2-3cfa-49cf-9003-841835eb2002 has not seen follower/s fb5c35a7-52ed-48ed-856a-22aafd4627bf for 120088ms f255fb19-c941-42ad-8caf-606d85b027b3 for 120088ms
2019-09-17 03:23:08,550 [EventQueue-PipelineActionsForPipelineActionHandler] INFO  pipeline.SCMPipelineManager (SCMPipelineManager.java:finalizeAndDestroyPipeline(311)) - destroying pipeline:Pipeline[ Id: 9b5330a7-e06f-4957-8ee5-89364a117de9, Nodes: 2a454ec2-3cfa-49cf-9003-841835eb2002{ip: 192.168.151.92, host: pr-hdds-2139-j8dx6-1450124282, networkLocation: /default-rack, certSerialId: null}f255fb19-c941-42ad-8caf-606d85b027b3{ip: 192.168.151.92, host: pr-hdds-2139-j8dx6-1450124282, networkLocation: /default-rack, certSerialId: null}fb5c35a7-52ed-48ed-856a-22aafd4627bf{ip: 192.168.151.92, host: pr-hdds-2139-j8dx6-1450124282, networkLocation: /default-rack, certSerialId: null}, Type:RATIS, Factor:THREE, State:OPEN]
2019-09-17 03:23:08,550 [EventQueue-PipelineActionsForPipelineActionHandler] INFO  pipeline.PipelineStateManager (PipelineStateManager.java:finalizePipeline(123)) - Pipeline Pipeline[ Id: 9b5330a7-e06f-4957-8ee5-89364a117de9, Nodes: 2a454ec2-3cfa-49cf-9003-841835eb2002{ip: 192.168.151.92, host: pr-hdds-2139-j8dx6-1450124282, networkLocation: /default-rack, certSerialId: null}f255fb19-c941-42ad-8caf-606d85b027b3{ip: 192.168.151.92, host: pr-hdds-2139-j8dx6-1450124282, networkLocation: /default-rack, certSerialId: null}fb5c35a7-52ed-48ed-856a-22aafd4627bf{ip: 192.168.151.92, host: pr-hdds-2139-j8dx6-1450124282, networkLocation: /default-rack, certSerialId: null}, Type:RATIS, Factor:THREE, State:CLOSED] moved to CLOSED state
2019-09-17 03:23:08,551 [EventQueue-CloseContainerForCloseContainerEventHandler] INFO  container.CloseContainerEventHandler (CloseContainerEventHandler.java:onMessage(61)) - Close container Event triggered for container : #1
2019-09-17 03:23:08,552 [EventQueue-CloseContainerForCloseContainerEventHandler] INFO  container.CloseContainerEventHandler (CloseContainerEventHandler.java:onMessage(61)) - Close container Event triggered for container : #4
2019-09-17 03:23:08,552 [EventQueue-CloseContainerForCloseContainerEventHandler] INFO  container.CloseContainerEventHandler (CloseContainerEventHandler.java:onMessage(61)) - Close container Event triggered for container : #5
2019-09-17 03:23:08,553 [2a454ec2-3cfa-49cf-9003-841835eb2002@group-89364A117DE9-SegmentedRaftLogWorker] WARN  segmented.SegmentedRaftLogWorker (SegmentedRaftLogWorker.java:getFromFuture(90)) - Timeout 11/~
org.apache.ratis.protocol.TimeoutIOException: Timeout 10s: WriteLog:14: (t:1, i:14), STATEMACHINELOGENTRY, client-FCF838B3A418, cid=34-writeStateMachineData
	at org.apache.ratis.util.IOUtils.getFromFuture(IOUtils.java:87)
	at org.apache.ratis.server.raftlog.segmented.SegmentedRaftLogWorker$StateMachineDataPolicy.getFromFuture(SegmentedRaftLogWorker.java:87)
	at org.apache.ratis.server.raftlog.segmented.SegmentedRaftLogWorker$WriteLog.execute(SegmentedRaftLogWorker.java:477)
	at org.apache.ratis.server.raftlog.segmented.SegmentedRaftLogWorker.run(SegmentedRaftLogWorker.java:289)
	at java.lang.Thread.run(Thread.java:748)
Caused by: java.util.concurrent.TimeoutException
	at java.util.concurrent.CompletableFuture.timedGet(CompletableFuture.java:1771)
	at java.util.concurrent.CompletableFuture.get(CompletableFuture.java:1915)
	at org.apache.ratis.util.IOUtils.getFromFuture(IOUtils.java:79)
	... 4 more
2019-09-17 03:23:08,572 [fb5c35a7-52ed-48ed-856a-22aafd4627bf@group-89364A117DE9-SegmentedRaftLogWorker] WARN  segmented.SegmentedRaftLogWorker (SegmentedRaftLogWorker.java:getFromFuture(90)) - Timeout 11/~
org.apache.ratis.protocol.TimeoutIOException: Timeout 10s: WriteLog:14: (t:1, i:14), STATEMACHINELOGENTRY, client-FCF838B3A418, cid=34-writeStateMachineData
	at org.apache.ratis.util.IOUtils.getFromFuture(IOUtils.java:87)
	at org.apache.ratis.server.raftlog.segmented.SegmentedRaftLogWorker$StateMachineDataPolicy.getFromFuture(SegmentedRaftLogWorker.java:87)
	at org.apache.ratis.server.raftlog.segmented.SegmentedRaftLogWorker$WriteLog.execute(SegmentedRaftLogWorker.java:477)
	at org.apache.ratis.server.raftlog.segmented.SegmentedRaftLogWorker.run(SegmentedRaftLogWorker.java:289)
	at java.lang.Thread.run(Thread.java:748)
Caused by: java.util.concurrent.TimeoutException
	at java.util.concurrent.CompletableFuture.timedGet(CompletableFuture.java:1771)
	at java.util.concurrent.CompletableFuture.get(CompletableFuture.java:1915)
	at org.apache.ratis.util.IOUtils.getFromFuture(IOUtils.java:79)
	... 4 more
2019-09-17 03:23:08,572 [f255fb19-c941-42ad-8caf-606d85b027b3@group-89364A117DE9-SegmentedRaftLogWorker] WARN  segmented.SegmentedRaftLogWorker (SegmentedRaftLogWorker.java:getFromFuture(90)) - Timeout 11/~
org.apache.ratis.protocol.TimeoutIOException: Timeout 10s: WriteLog:14: (t:1, i:14), STATEMACHINELOGENTRY, client-FCF838B3A418, cid=34-writeStateMachineData
	at org.apache.ratis.util.IOUtils.getFromFuture(IOUtils.java:87)
	at org.apache.ratis.server.raftlog.segmented.SegmentedRaftLogWorker$StateMachineDataPolicy.getFromFuture(SegmentedRaftLogWorker.java:87)
	at org.apache.ratis.server.raftlog.segmented.SegmentedRaftLogWorker$WriteLog.execute(SegmentedRaftLogWorker.java:477)
	at org.apache.ratis.server.raftlog.segmented.SegmentedRaftLogWorker.run(SegmentedRaftLogWorker.java:289)
	at java.lang.Thread.run(Thread.java:748)
Caused by: java.util.concurrent.TimeoutException
	at java.util.concurrent.CompletableFuture.timedGet(CompletableFuture.java:1771)
	at java.util.concurrent.CompletableFuture.get(CompletableFuture.java:1915)
	at org.apache.ratis.util.IOUtils.getFromFuture(IOUtils.java:79)
	... 4 more
2019-09-17 03:23:08,934 [java.util.concurrent.ThreadPoolExecutor$Worker@200c90e7[State = -1, empty queue]] WARN  server.GrpcLogAppender (GrpcLogAppender.java:timeoutAppendRequest(200)) - 2a454ec2-3cfa-49cf-9003-841835eb2002@group-89364A117DE9->f255fb19-c941-42ad-8caf-606d85b027b3-GrpcLogAppender: appendEntries Timeout, request=2a454ec2-3cfa-49cf-9003-841835eb2002->f255fb19-c941-42ad-8caf-606d85b027b3#142-t1, previous=(t:1, i:18), leaderCommit=12, initializing? false, entries: <empty>
2019-09-17 03:23:08,934 [java.util.concurrent.ThreadPoolExecutor$Worker@2cfcc4f0[State = -1, empty queue]] WARN  server.GrpcLogAppender (GrpcLogAppender.java:timeoutAppendRequest(200)) - 2a454ec2-3cfa-49cf-9003-841835eb2002@group-89364A117DE9->fb5c35a7-52ed-48ed-856a-22aafd4627bf-GrpcLogAppender: appendEntries Timeout, request=2a454ec2-3cfa-49cf-9003-841835eb2002->fb5c35a7-52ed-48ed-856a-22aafd4627bf#142-t1, previous=(t:1, i:18), leaderCommit=12, initializing? false, entries: <empty>
2019-09-17 03:23:09,532 [grpc-default-executor-3] INFO  client.GrpcClientProtocolClient (GrpcClientProtocolClient.java:onNext(264)) - client-FCF838B3A418->f255fb19-c941-42ad-8caf-606d85b027b3: receive RaftClientReply:client-FCF838B3A418->f255fb19-c941-42ad-8caf-606d85b027b3@group-89364A117DE9, cid=33, FAILED org.apache.ratis.protocol.NotLeaderException: Server f255fb19-c941-42ad-8caf-606d85b027b3@group-89364A117DE9 is not the leader 2a454ec2-3cfa-49cf-9003-841835eb2002:192.168.151.92:33622, logIndex=0, commits[f255fb19-c941-42ad-8caf-606d85b027b3:c12, fb5c35a7-52ed-48ed-856a-22aafd4627bf:c10, 2a454ec2-3cfa-49cf-9003-841835eb2002:c12]
2019-09-17 03:23:10,608 [org.apache.ratis.server.impl.LogAppender$AppenderDaemon$$Lambda$550/692567409@77391bec] ERROR ratis.XceiverServerRatis (XceiverServerRatis.java:triggerPipelineClose(575)) - pipeline Action CLOSE  on pipeline PipelineID=9b5330a7-e06f-4957-8ee5-89364a117de9.Reason : 2a454ec2-3cfa-49cf-9003-841835eb2002 has not seen follower/s fb5c35a7-52ed-48ed-856a-22aafd4627bf for 122262ms f255fb19-c941-42ad-8caf-606d85b027b3 for 122262ms
2019-09-17 03:23:10,608 [org.apache.ratis.server.impl.LogAppender$AppenderDaemon$$Lambda$550/692567409@4f879821] ERROR ratis.XceiverServerRatis (XceiverServerRatis.java:triggerPipelineClose(575)) - pipeline Action CLOSE  on pipeline PipelineID=9b5330a7-e06f-4957-8ee5-89364a117de9.Reason : 2a454ec2-3cfa-49cf-9003-841835eb2002 has not seen follower/s fb5c35a7-52ed-48ed-856a-22aafd4627bf for 122262ms f255fb19-c941-42ad-8caf-606d85b027b3 for 122262ms
2019-09-17 03:23:11,434 [java.util.concurrent.ThreadPoolExecutor$Worker@2cfcc4f0[State = -1, empty queue]] WARN  server.GrpcLogAppender (GrpcLogAppender.java:timeoutAppendRequest(200)) - 2a454ec2-3cfa-49cf-9003-841835eb2002@group-89364A117DE9->fb5c35a7-52ed-48ed-856a-22aafd4627bf-GrpcLogAppender: appendEntries Timeout, request=2a454ec2-3cfa-49cf-9003-841835eb2002->fb5c35a7-52ed-48ed-856a-22aafd4627bf#143-t1, previous=(t:1, i:18), leaderCommit=12, initializing? false, entries: <empty>
2019-09-17 03:23:11,434 [java.util.concurrent.ThreadPoolExecutor$Worker@200c90e7[State = -1, empty queue]] WARN  server.GrpcLogAppender (GrpcLogAppender.java:timeoutAppendRequest(200)) - 2a454ec2-3cfa-49cf-9003-841835eb2002@group-89364A117DE9->f255fb19-c941-42ad-8caf-606d85b027b3-GrpcLogAppender: appendEntries Timeout, request=2a454ec2-3cfa-49cf-9003-841835eb2002->f255fb19-c941-42ad-8caf-606d85b027b3#143-t1, previous=(t:1, i:18), leaderCommit=12, initializing? false, entries: <empty>
2019-09-17 03:23:11,608 [EventQueue-PipelineActionsForPipelineActionHandler] ERROR pipeline.PipelineActionHandler (PipelineActionHandler.java:onMessage(60)) - Received pipeline action CLOSE for Pipeline[ Id: 9b5330a7-e06f-4957-8ee5-89364a117de9, Nodes: 2a454ec2-3cfa-49cf-9003-841835eb2002{ip: 192.168.151.92, host: pr-hdds-2139-j8dx6-1450124282, networkLocation: /default-rack, certSerialId: null}f255fb19-c941-42ad-8caf-606d85b027b3{ip: 192.168.151.92, host: pr-hdds-2139-j8dx6-1450124282, networkLocation: /default-rack, certSerialId: null}fb5c35a7-52ed-48ed-856a-22aafd4627bf{ip: 192.168.151.92, host: pr-hdds-2139-j8dx6-1450124282, networkLocation: /default-rack, certSerialId: null}, Type:RATIS, Factor:THREE, State:CLOSED] from datanode 2a454ec2-3cfa-49cf-9003-841835eb2002{ip: 192.168.151.92, host: pr-hdds-2139-j8dx6-1450124282, networkLocation: /default-rack, certSerialId: null}. Reason : 2a454ec2-3cfa-49cf-9003-841835eb2002 has not seen follower/s fb5c35a7-52ed-48ed-856a-22aafd4627bf for 122262ms f255fb19-c941-42ad-8caf-606d85b027b3 for 122262ms
2019-09-17 03:23:11,608 [EventQueue-PipelineActionsForPipelineActionHandler] INFO  pipeline.SCMPipelineManager (SCMPipelineManager.java:finalizeAndDestroyPipeline(311)) - destroying pipeline:Pipeline[ Id: 9b5330a7-e06f-4957-8ee5-89364a117de9, Nodes: 2a454ec2-3cfa-49cf-9003-841835eb2002{ip: 192.168.151.92, host: pr-hdds-2139-j8dx6-1450124282, networkLocation: /default-rack, certSerialId: null}f255fb19-c941-42ad-8caf-606d85b027b3{ip: 192.168.151.92, host: pr-hdds-2139-j8dx6-1450124282, networkLocation: /default-rack, certSerialId: null}fb5c35a7-52ed-48ed-856a-22aafd4627bf{ip: 192.168.151.92, host: pr-hdds-2139-j8dx6-1450124282, networkLocation: /default-rack, certSerialId: null}, Type:RATIS, Factor:THREE, State:CLOSED]
2019-09-17 03:23:13,109 [org.apache.ratis.server.impl.LogAppender$AppenderDaemon$$Lambda$550/692567409@77391bec] ERROR ratis.XceiverServerRatis (XceiverServerRatis.java:triggerPipelineClose(575)) - pipeline Action CLOSE  on pipeline PipelineID=9b5330a7-e06f-4957-8ee5-89364a117de9.Reason : 2a454ec2-3cfa-49cf-9003-841835eb2002 has not seen follower/s fb5c35a7-52ed-48ed-856a-22aafd4627bf for 124763ms f255fb19-c941-42ad-8caf-606d85b027b3 for 124763ms
2019-09-17 03:23:13,109 [org.apache.ratis.server.impl.LogAppender$AppenderDaemon$$Lambda$550/692567409@4f879821] ERROR ratis.XceiverServerRatis (XceiverServerRatis.java:triggerPipelineClose(575)) - pipeline Action CLOSE  on pipeline PipelineID=9b5330a7-e06f-4957-8ee5-89364a117de9.Reason : 2a454ec2-3cfa-49cf-9003-841835eb2002 has not seen follower/s fb5c35a7-52ed-48ed-856a-22aafd4627bf for 124763ms f255fb19-c941-42ad-8caf-606d85b027b3 for 124763ms
2019-09-17 03:23:13,608 [EventQueue-PipelineActionsForPipelineActionHandler] ERROR pipeline.PipelineActionHandler (PipelineActionHandler.java:onMessage(60)) - Received pipeline action CLOSE for Pipeline[ Id: 9b5330a7-e06f-4957-8ee5-89364a117de9, Nodes: 2a454ec2-3cfa-49cf-9003-841835eb2002{ip: 192.168.151.92, host: pr-hdds-2139-j8dx6-1450124282, networkLocation: /default-rack, certSerialId: null}f255fb19-c941-42ad-8caf-606d85b027b3{ip: 192.168.151.92, host: pr-hdds-2139-j8dx6-1450124282, networkLocation: /default-rack, certSerialId: null}fb5c35a7-52ed-48ed-856a-22aafd4627bf{ip: 192.168.151.92, host: pr-hdds-2139-j8dx6-1450124282, networkLocation: /default-rack, certSerialId: null}, Type:RATIS, Factor:THREE, State:CLOSED] from datanode 2a454ec2-3cfa-49cf-9003-841835eb2002{ip: 192.168.151.92, host: pr-hdds-2139-j8dx6-1450124282, networkLocation: /default-rack, certSerialId: null}. Reason : 2a454ec2-3cfa-49cf-9003-841835eb2002 has not seen follower/s fb5c35a7-52ed-48ed-856a-22aafd4627bf for 124763ms f255fb19-c941-42ad-8caf-606d85b027b3 for 124763ms
2019-09-17 03:23:13,608 [java.util.concurrent.ThreadPoolExecutor$Worker@2cfcc4f0[State = -1, empty queue]] WARN  server.GrpcLogAppender (GrpcLogAppender.java:timeoutAppendRequest(200)) - 2a454ec2-3cfa-49cf-9003-841835eb2002@group-89364A117DE9->fb5c35a7-52ed-48ed-856a-22aafd4627bf-GrpcLogAppender: appendEntries Timeout, request=2a454ec2-3cfa-49cf-9003-841835eb2002->fb5c35a7-52ed-48ed-856a-22aafd4627bf#144-t1, previous=(t:1, i:18), leaderCommit=12, initializing? false, entries: size=1, first=(t:1, i:19), STATEMACHINELOGENTRY, client-5798BE93398A, cid=6
2019-09-17 03:23:13,608 [java.util.concurrent.ThreadPoolExecutor$Worker@200c90e7[State = -1, empty queue]] WARN  server.GrpcLogAppender (GrpcLogAppender.java:timeoutAppendRequest(200)) - 2a454ec2-3cfa-49cf-9003-841835eb2002@group-89364A117DE9->f255fb19-c941-42ad-8caf-606d85b027b3-GrpcLogAppender: appendEntries Timeout, request=2a454ec2-3cfa-49cf-9003-841835eb2002->f255fb19-c941-42ad-8caf-606d85b027b3#144-t1, previous=(t:1, i:18), leaderCommit=12, initializing? false, entries: size=1, first=(t:1, i:19), STATEMACHINELOGENTRY, client-5798BE93398A, cid=6
2019-09-17 03:23:13,609 [EventQueue-PipelineActionsForPipelineActionHandler] INFO  pipeline.SCMPipelineManager (SCMPipelineManager.java:finalizeAndDestroyPipeline(311)) - destroying pipeline:Pipeline[ Id: 9b5330a7-e06f-4957-8ee5-89364a117de9, Nodes: 2a454ec2-3cfa-49cf-9003-841835eb2002{ip: 192.168.151.92, host: pr-hdds-2139-j8dx6-1450124282, networkLocation: /default-rack, certSerialId: null}f255fb19-c941-42ad-8caf-606d85b027b3{ip: 192.168.151.92, host: pr-hdds-2139-j8dx6-1450124282, networkLocation: /default-rack, certSerialId: null}fb5c35a7-52ed-48ed-856a-22aafd4627bf{ip: 192.168.151.92, host: pr-hdds-2139-j8dx6-1450124282, networkLocation: /default-rack, certSerialId: null}, Type:RATIS, Factor:THREE, State:CLOSED]
2019-09-17 03:23:14,571 [grpc-default-executor-2] INFO  client.GrpcClientProtocolClient (GrpcClientProtocolClient.java:onNext(264)) - client-FCF838B3A418->fb5c35a7-52ed-48ed-856a-22aafd4627bf: receive RaftClientReply:client-FCF838B3A418->fb5c35a7-52ed-48ed-856a-22aafd4627bf@group-89364A117DE9, cid=33, FAILED org.apache.ratis.protocol.NotLeaderException: Server fb5c35a7-52ed-48ed-856a-22aafd4627bf@group-89364A117DE9 is not the leader 2a454ec2-3cfa-49cf-9003-841835eb2002:192.168.151.92:33622, logIndex=0, commits[fb5c35a7-52ed-48ed-856a-22aafd4627bf:c12, f255fb19-c941-42ad-8caf-606d85b027b3:c10, 2a454ec2-3cfa-49cf-9003-841835eb2002:c12]
2019-09-17 03:23:15,610 [org.apache.ratis.server.impl.LogAppender$AppenderDaemon$$Lambda$550/692567409@77391bec] ERROR ratis.XceiverServerRatis (XceiverServerRatis.java:triggerPipelineClose(575)) - pipeline Action CLOSE  on pipeline PipelineID=9b5330a7-e06f-4957-8ee5-89364a117de9.Reason : 2a454ec2-3cfa-49cf-9003-841835eb2002 has not seen follower/s fb5c35a7-52ed-48ed-856a-22aafd4627bf for 127264ms f255fb19-c941-42ad-8caf-606d85b027b3 for 127264ms
2019-09-17 03:23:15,610 [org.apache.ratis.server.impl.LogAppender$AppenderDaemon$$Lambda$550/692567409@4f879821] ERROR ratis.XceiverServerRatis (XceiverServerRatis.java:triggerPipelineClose(575)) - pipeline Action CLOSE  on pipeline PipelineID=9b5330a7-e06f-4957-8ee5-89364a117de9.Reason : 2a454ec2-3cfa-49cf-9003-841835eb2002 has not seen follower/s fb5c35a7-52ed-48ed-856a-22aafd4627bf for 127264ms f255fb19-c941-42ad-8caf-606d85b027b3 for 127264ms
2019-09-17 03:23:16,109 [java.util.concurrent.ThreadPoolExecutor$Worker@2cfcc4f0[State = -1, empty queue]] WARN  server.GrpcLogAppender (GrpcLogAppender.java:timeoutAppendRequest(200)) - 2a454ec2-3cfa-49cf-9003-841835eb2002@group-89364A117DE9->fb5c35a7-52ed-48ed-856a-22aafd4627bf-GrpcLogAppender: appendEntries Timeout, request=2a454ec2-3cfa-49cf-9003-841835eb2002->fb5c35a7-52ed-48ed-856a-22aafd4627bf#145-t1, previous=(t:1, i:19), leaderCommit=12, initializing? false, entries: <empty>
2019-09-17 03:23:16,109 [java.util.concurrent.ThreadPoolExecutor$Worker@200c90e7[State = -1, empty queue]] WARN  server.GrpcLogAppender (GrpcLogAppender.java:timeoutAppendRequest(200)) - 2a454ec2-3cfa-49cf-9003-841835eb2002@group-89364A117DE9->f255fb19-c941-42ad-8caf-606d85b027b3-GrpcLogAppender: appendEntries Timeout, request=2a454ec2-3cfa-49cf-9003-841835eb2002->f255fb19-c941-42ad-8caf-606d85b027b3#145-t1, previous=(t:1, i:19), leaderCommit=12, initializing? false, entries: <empty>
2019-09-17 03:23:16,608 [EventQueue-PipelineActionsForPipelineActionHandler] ERROR pipeline.PipelineActionHandler (PipelineActionHandler.java:onMessage(60)) - Received pipeline action CLOSE for Pipeline[ Id: 9b5330a7-e06f-4957-8ee5-89364a117de9, Nodes: 2a454ec2-3cfa-49cf-9003-841835eb2002{ip: 192.168.151.92, host: pr-hdds-2139-j8dx6-1450124282, networkLocation: /default-rack, certSerialId: null}f255fb19-c941-42ad-8caf-606d85b027b3{ip: 192.168.151.92, host: pr-hdds-2139-j8dx6-1450124282, networkLocation: /default-rack, certSerialId: null}fb5c35a7-52ed-48ed-856a-22aafd4627bf{ip: 192.168.151.92, host: pr-hdds-2139-j8dx6-1450124282, networkLocation: /default-rack, certSerialId: null}, Type:RATIS, Factor:THREE, State:CLOSED] from datanode 2a454ec2-3cfa-49cf-9003-841835eb2002{ip: 192.168.151.92, host: pr-hdds-2139-j8dx6-1450124282, networkLocation: /default-rack, certSerialId: null}. Reason : 2a454ec2-3cfa-49cf-9003-841835eb2002 has not seen follower/s fb5c35a7-52ed-48ed-856a-22aafd4627bf for 127264ms f255fb19-c941-42ad-8caf-606d85b027b3 for 127264ms
2019-09-17 03:23:16,609 [EventQueue-PipelineActionsForPipelineActionHandler] INFO  pipeline.SCMPipelineManager (SCMPipelineManager.java:finalizeAndDestroyPipeline(311)) - destroying pipeline:Pipeline[ Id: 9b5330a7-e06f-4957-8ee5-89364a117de9, Nodes: 2a454ec2-3cfa-49cf-9003-841835eb2002{ip: 192.168.151.92, host: pr-hdds-2139-j8dx6-1450124282, networkLocation: /default-rack, certSerialId: null}f255fb19-c941-42ad-8caf-606d85b027b3{ip: 192.168.151.92, host: pr-hdds-2139-j8dx6-1450124282, networkLocation: /default-rack, certSerialId: null}fb5c35a7-52ed-48ed-856a-22aafd4627bf{ip: 192.168.151.92, host: pr-hdds-2139-j8dx6-1450124282, networkLocation: /default-rack, certSerialId: null}, Type:RATIS, Factor:THREE, State:CLOSED]
2019-09-17 03:23:18,113 [org.apache.ratis.server.impl.LogAppender$AppenderDaemon$$Lambda$550/692567409@77391bec] ERROR ratis.XceiverServerRatis (XceiverServerRatis.java:triggerPipelineClose(575)) - pipeline Action CLOSE  on pipeline PipelineID=9b5330a7-e06f-4957-8ee5-89364a117de9.Reason : 2a454ec2-3cfa-49cf-9003-841835eb2002 has not seen follower/s fb5c35a7-52ed-48ed-856a-22aafd4627bf for 129766ms f255fb19-c941-42ad-8caf-606d85b027b3 for 129766ms
2019-09-17 03:23:18,113 [org.apache.ratis.server.impl.LogAppender$AppenderDaemon$$Lambda$550/692567409@4f879821] ERROR ratis.XceiverServerRatis (XceiverServerRatis.java:triggerPipelineClose(575)) - pipeline Action CLOSE  on pipeline PipelineID=9b5330a7-e06f-4957-8ee5-89364a117de9.Reason : 2a454ec2-3cfa-49cf-9003-841835eb2002 has not seen follower/s fb5c35a7-52ed-48ed-856a-22aafd4627bf for 129766ms f255fb19-c941-42ad-8caf-606d85b027b3 for 129766ms
2019-09-17 03:23:18,555 [2a454ec2-3cfa-49cf-9003-841835eb2002@group-89364A117DE9-SegmentedRaftLogWorker] WARN  segmented.SegmentedRaftLogWorker (SegmentedRaftLogWorker.java:getFromFuture(90)) - Timeout 12/~
org.apache.ratis.protocol.TimeoutIOException: Timeout 10s: WriteLog:14: (t:1, i:14), STATEMACHINELOGENTRY, client-FCF838B3A418, cid=34-writeStateMachineData
	at org.apache.ratis.util.IOUtils.getFromFuture(IOUtils.java:87)
	at org.apache.ratis.server.raftlog.segmented.SegmentedRaftLogWorker$StateMachineDataPolicy.getFromFuture(SegmentedRaftLogWorker.java:87)
	at org.apache.ratis.server.raftlog.segmented.SegmentedRaftLogWorker$WriteLog.execute(SegmentedRaftLogWorker.java:477)
	at org.apache.ratis.server.raftlog.segmented.SegmentedRaftLogWorker.run(SegmentedRaftLogWorker.java:289)
	at java.lang.Thread.run(Thread.java:748)
Caused by: java.util.concurrent.TimeoutException
	at java.util.concurrent.CompletableFuture.timedGet(CompletableFuture.java:1771)
	at java.util.concurrent.CompletableFuture.get(CompletableFuture.java:1915)
	at org.apache.ratis.util.IOUtils.getFromFuture(IOUtils.java:79)
	... 4 more
2019-09-17 03:23:18,573 [fb5c35a7-52ed-48ed-856a-22aafd4627bf@group-89364A117DE9-SegmentedRaftLogWorker] WARN  segmented.SegmentedRaftLogWorker (SegmentedRaftLogWorker.java:getFromFuture(90)) - Timeout 12/~
org.apache.ratis.protocol.TimeoutIOException: Timeout 10s: WriteLog:14: (t:1, i:14), STATEMACHINELOGENTRY, client-FCF838B3A418, cid=34-writeStateMachineData
	at org.apache.ratis.util.IOUtils.getFromFuture(IOUtils.java:87)
	at org.apache.ratis.server.raftlog.segmented.SegmentedRaftLogWorker$StateMachineDataPolicy.getFromFuture(SegmentedRaftLogWorker.java:87)
	at org.apache.ratis.server.raftlog.segmented.SegmentedRaftLogWorker$WriteLog.execute(SegmentedRaftLogWorker.java:477)
	at org.apache.ratis.server.raftlog.segmented.SegmentedRaftLogWorker.run(SegmentedRaftLogWorker.java:289)
	at java.lang.Thread.run(Thread.java:748)
Caused by: java.util.concurrent.TimeoutException
	at java.util.concurrent.CompletableFuture.timedGet(CompletableFuture.java:1771)
	at java.util.concurrent.CompletableFuture.get(CompletableFuture.java:1915)
	at org.apache.ratis.util.IOUtils.getFromFuture(IOUtils.java:79)
	... 4 more
2019-09-17 03:23:18,573 [f255fb19-c941-42ad-8caf-606d85b027b3@group-89364A117DE9-SegmentedRaftLogWorker] WARN  segmented.SegmentedRaftLogWorker (SegmentedRaftLogWorker.java:getFromFuture(90)) - Timeout 12/~
org.apache.ratis.protocol.TimeoutIOException: Timeout 10s: WriteLog:14: (t:1, i:14), STATEMACHINELOGENTRY, client-FCF838B3A418, cid=34-writeStateMachineData
	at org.apache.ratis.util.IOUtils.getFromFuture(IOUtils.java:87)
	at org.apache.ratis.server.raftlog.segmented.SegmentedRaftLogWorker$StateMachineDataPolicy.getFromFuture(SegmentedRaftLogWorker.java:87)
	at org.apache.ratis.server.raftlog.segmented.SegmentedRaftLogWorker$WriteLog.execute(SegmentedRaftLogWorker.java:477)
	at org.apache.ratis.server.raftlog.segmented.SegmentedRaftLogWorker.run(SegmentedRaftLogWorker.java:289)
	at java.lang.Thread.run(Thread.java:748)
Caused by: java.util.concurrent.TimeoutException
	at java.util.concurrent.CompletableFuture.timedGet(CompletableFuture.java:1771)
	at java.util.concurrent.CompletableFuture.get(CompletableFuture.java:1915)
	at org.apache.ratis.util.IOUtils.getFromFuture(IOUtils.java:79)
	... 4 more
2019-09-17 03:23:18,619 [java.util.concurrent.ThreadPoolExecutor$Worker@2cfcc4f0[State = -1, empty queue]] WARN  server.GrpcLogAppender (GrpcLogAppender.java:timeoutAppendRequest(200)) - 2a454ec2-3cfa-49cf-9003-841835eb2002@group-89364A117DE9->fb5c35a7-52ed-48ed-856a-22aafd4627bf-GrpcLogAppender: appendEntries Timeout, request=2a454ec2-3cfa-49cf-9003-841835eb2002->fb5c35a7-52ed-48ed-856a-22aafd4627bf#146-t1, previous=(t:1, i:19), leaderCommit=12, initializing? false, entries: <empty>
2019-09-17 03:23:18,619 [java.util.concurrent.ThreadPoolExecutor$Worker@200c90e7[State = -1, empty queue]] WARN  server.GrpcLogAppender (GrpcLogAppender.java:timeoutAppendRequest(200)) - 2a454ec2-3cfa-49cf-9003-841835eb2002@group-89364A117DE9->f255fb19-c941-42ad-8caf-606d85b027b3-GrpcLogAppender: appendEntries Timeout, request=2a454ec2-3cfa-49cf-9003-841835eb2002->f255fb19-c941-42ad-8caf-606d85b027b3#146-t1, previous=(t:1, i:19), leaderCommit=12, initializing? false, entries: <empty>
2019-09-17 03:23:18,622 [EventQueue-PipelineActionsForPipelineActionHandler] ERROR pipeline.PipelineActionHandler (PipelineActionHandler.java:onMessage(60)) - Received pipeline action CLOSE for Pipeline[ Id: 9b5330a7-e06f-4957-8ee5-89364a117de9, Nodes: 2a454ec2-3cfa-49cf-9003-841835eb2002{ip: 192.168.151.92, host: pr-hdds-2139-j8dx6-1450124282, networkLocation: /default-rack, certSerialId: null}f255fb19-c941-42ad-8caf-606d85b027b3{ip: 192.168.151.92, host: pr-hdds-2139-j8dx6-1450124282, networkLocation: /default-rack, certSerialId: null}fb5c35a7-52ed-48ed-856a-22aafd4627bf{ip: 192.168.151.92, host: pr-hdds-2139-j8dx6-1450124282, networkLocation: /default-rack, certSerialId: null}, Type:RATIS, Factor:THREE, State:CLOSED] from datanode 2a454ec2-3cfa-49cf-9003-841835eb2002{ip: 192.168.151.92, host: pr-hdds-2139-j8dx6-1450124282, networkLocation: /default-rack, certSerialId: null}. Reason : 2a454ec2-3cfa-49cf-9003-841835eb2002 has not seen follower/s fb5c35a7-52ed-48ed-856a-22aafd4627bf for 129766ms f255fb19-c941-42ad-8caf-606d85b027b3 for 129766ms
2019-09-17 03:23:18,622 [EventQueue-PipelineActionsForPipelineActionHandler] INFO  pipeline.SCMPipelineManager (SCMPipelineManager.java:finalizeAndDestroyPipeline(311)) - destroying pipeline:Pipeline[ Id: 9b5330a7-e06f-4957-8ee5-89364a117de9, Nodes: 2a454ec2-3cfa-49cf-9003-841835eb2002{ip: 192.168.151.92, host: pr-hdds-2139-j8dx6-1450124282, networkLocation: /default-rack, certSerialId: null}f255fb19-c941-42ad-8caf-606d85b027b3{ip: 192.168.151.92, host: pr-hdds-2139-j8dx6-1450124282, networkLocation: /default-rack, certSerialId: null}fb5c35a7-52ed-48ed-856a-22aafd4627bf{ip: 192.168.151.92, host: pr-hdds-2139-j8dx6-1450124282, networkLocation: /default-rack, certSerialId: null}, Type:RATIS, Factor:THREE, State:CLOSED]
2019-09-17 03:23:19,639 [grpc-default-executor-2] INFO  client.GrpcClientProtocolClient (GrpcClientProtocolClient.java:onNext(264)) - client-FCF838B3A418->f255fb19-c941-42ad-8caf-606d85b027b3: receive RaftClientReply:client-FCF838B3A418->f255fb19-c941-42ad-8caf-606d85b027b3@group-89364A117DE9, cid=33, FAILED org.apache.ratis.protocol.NotLeaderException: Server f255fb19-c941-42ad-8caf-606d85b027b3@group-89364A117DE9 is not the leader 2a454ec2-3cfa-49cf-9003-841835eb2002:192.168.151.92:33622, logIndex=0, commits[f255fb19-c941-42ad-8caf-606d85b027b3:c12, fb5c35a7-52ed-48ed-856a-22aafd4627bf:c10, 2a454ec2-3cfa-49cf-9003-841835eb2002:c12]
2019-09-17 03:23:20,614 [org.apache.ratis.server.impl.LogAppender$AppenderDaemon$$Lambda$550/692567409@77391bec] ERROR ratis.XceiverServerRatis (XceiverServerRatis.java:triggerPipelineClose(575)) - pipeline Action CLOSE  on pipeline PipelineID=9b5330a7-e06f-4957-8ee5-89364a117de9.Reason : 2a454ec2-3cfa-49cf-9003-841835eb2002 has not seen follower/s fb5c35a7-52ed-48ed-856a-22aafd4627bf for 132267ms f255fb19-c941-42ad-8caf-606d85b027b3 for 132267ms
2019-09-17 03:23:20,614 [org.apache.ratis.server.impl.LogAppender$AppenderDaemon$$Lambda$550/692567409@4f879821] ERROR ratis.XceiverServerRatis (XceiverServerRatis.java:triggerPipelineClose(575)) - pipeline Action CLOSE  on pipeline PipelineID=9b5330a7-e06f-4957-8ee5-89364a117de9.Reason : 2a454ec2-3cfa-49cf-9003-841835eb2002 has not seen follower/s fb5c35a7-52ed-48ed-856a-22aafd4627bf for 132267ms f255fb19-c941-42ad-8caf-606d85b027b3 for 132267ms
2019-09-17 03:23:21,112 [java.util.concurrent.ThreadPoolExecutor$Worker@200c90e7[State = -1, empty queue]] WARN  server.GrpcLogAppender (GrpcLogAppender.java:timeoutAppendRequest(200)) - 2a454ec2-3cfa-49cf-9003-841835eb2002@group-89364A117DE9->f255fb19-c941-42ad-8caf-606d85b027b3-GrpcLogAppender: appendEntries Timeout, request=2a454ec2-3cfa-49cf-9003-841835eb2002->f255fb19-c941-42ad-8caf-606d85b027b3#147-t1, previous=(t:1, i:19), leaderCommit=12, initializing? false, entries: <empty>
2019-09-17 03:23:21,112 [java.util.concurrent.ThreadPoolExecutor$Worker@2cfcc4f0[State = -1, empty queue]] WARN  server.GrpcLogAppender (GrpcLogAppender.java:timeoutAppendRequest(200)) - 2a454ec2-3cfa-49cf-9003-841835eb2002@group-89364A117DE9->fb5c35a7-52ed-48ed-856a-22aafd4627bf-GrpcLogAppender: appendEntries Timeout, request=2a454ec2-3cfa-49cf-9003-841835eb2002->fb5c35a7-52ed-48ed-856a-22aafd4627bf#147-t1, previous=(t:1, i:19), leaderCommit=12, initializing? false, entries: <empty>
2019-09-17 03:23:21,611 [EventQueue-PipelineActionsForPipelineActionHandler] ERROR pipeline.PipelineActionHandler (PipelineActionHandler.java:onMessage(60)) - Received pipeline action CLOSE for Pipeline[ Id: 9b5330a7-e06f-4957-8ee5-89364a117de9, Nodes: 2a454ec2-3cfa-49cf-9003-841835eb2002{ip: 192.168.151.92, host: pr-hdds-2139-j8dx6-1450124282, networkLocation: /default-rack, certSerialId: null}f255fb19-c941-42ad-8caf-606d85b027b3{ip: 192.168.151.92, host: pr-hdds-2139-j8dx6-1450124282, networkLocation: /default-rack, certSerialId: null}fb5c35a7-52ed-48ed-856a-22aafd4627bf{ip: 192.168.151.92, host: pr-hdds-2139-j8dx6-1450124282, networkLocation: /default-rack, certSerialId: null}, Type:RATIS, Factor:THREE, State:CLOSED] from datanode 2a454ec2-3cfa-49cf-9003-841835eb2002{ip: 192.168.151.92, host: pr-hdds-2139-j8dx6-1450124282, networkLocation: /default-rack, certSerialId: null}. Reason : 2a454ec2-3cfa-49cf-9003-841835eb2002 has not seen follower/s fb5c35a7-52ed-48ed-856a-22aafd4627bf for 132267ms f255fb19-c941-42ad-8caf-606d85b027b3 for 132267ms
2019-09-17 03:23:21,612 [EventQueue-PipelineActionsForPipelineActionHandler] INFO  pipeline.SCMPipelineManager (SCMPipelineManager.java:finalizeAndDestroyPipeline(311)) - destroying pipeline:Pipeline[ Id: 9b5330a7-e06f-4957-8ee5-89364a117de9, Nodes: 2a454ec2-3cfa-49cf-9003-841835eb2002{ip: 192.168.151.92, host: pr-hdds-2139-j8dx6-1450124282, networkLocation: /default-rack, certSerialId: null}f255fb19-c941-42ad-8caf-606d85b027b3{ip: 192.168.151.92, host: pr-hdds-2139-j8dx6-1450124282, networkLocation: /default-rack, certSerialId: null}fb5c35a7-52ed-48ed-856a-22aafd4627bf{ip: 192.168.151.92, host: pr-hdds-2139-j8dx6-1450124282, networkLocation: /default-rack, certSerialId: null}, Type:RATIS, Factor:THREE, State:CLOSED]
2019-09-17 03:23:23,116 [org.apache.ratis.server.impl.LogAppender$AppenderDaemon$$Lambda$550/692567409@77391bec] ERROR ratis.XceiverServerRatis (XceiverServerRatis.java:triggerPipelineClose(575)) - pipeline Action CLOSE  on pipeline PipelineID=9b5330a7-e06f-4957-8ee5-89364a117de9.Reason : 2a454ec2-3cfa-49cf-9003-841835eb2002 has not seen follower/s fb5c35a7-52ed-48ed-856a-22aafd4627bf for 134769ms f255fb19-c941-42ad-8caf-606d85b027b3 for 134769ms
2019-09-17 03:23:23,116 [org.apache.ratis.server.impl.LogAppender$AppenderDaemon$$Lambda$550/692567409@4f879821] ERROR ratis.XceiverServerRatis (XceiverServerRatis.java:triggerPipelineClose(575)) - pipeline Action CLOSE  on pipeline PipelineID=9b5330a7-e06f-4957-8ee5-89364a117de9.Reason : 2a454ec2-3cfa-49cf-9003-841835eb2002 has not seen follower/s fb5c35a7-52ed-48ed-856a-22aafd4627bf for 134769ms f255fb19-c941-42ad-8caf-606d85b027b3 for 134769ms
2019-09-17 03:23:23,611 [EventQueue-PipelineActionsForPipelineActionHandler] ERROR pipeline.PipelineActionHandler (PipelineActionHandler.java:onMessage(60)) - Received pipeline action CLOSE for Pipeline[ Id: 9b5330a7-e06f-4957-8ee5-89364a117de9, Nodes: 2a454ec2-3cfa-49cf-9003-841835eb2002{ip: 192.168.151.92, host: pr-hdds-2139-j8dx6-1450124282, networkLocation: /default-rack, certSerialId: null}f255fb19-c941-42ad-8caf-606d85b027b3{ip: 192.168.151.92, host: pr-hdds-2139-j8dx6-1450124282, networkLocation: /default-rack, certSerialId: null}fb5c35a7-52ed-48ed-856a-22aafd4627bf{ip: 192.168.151.92, host: pr-hdds-2139-j8dx6-1450124282, networkLocation: /default-rack, certSerialId: null}, Type:RATIS, Factor:THREE, State:CLOSED] from datanode 2a454ec2-3cfa-49cf-9003-841835eb2002{ip: 192.168.151.92, host: pr-hdds-2139-j8dx6-1450124282, networkLocation: /default-rack, certSerialId: null}. Reason : 2a454ec2-3cfa-49cf-9003-841835eb2002 has not seen follower/s fb5c35a7-52ed-48ed-856a-22aafd4627bf for 134769ms f255fb19-c941-42ad-8caf-606d85b027b3 for 134769ms
2019-09-17 03:23:23,612 [EventQueue-PipelineActionsForPipelineActionHandler] INFO  pipeline.SCMPipelineManager (SCMPipelineManager.java:finalizeAndDestroyPipeline(311)) - destroying pipeline:Pipeline[ Id: 9b5330a7-e06f-4957-8ee5-89364a117de9, Nodes: 2a454ec2-3cfa-49cf-9003-841835eb2002{ip: 192.168.151.92, host: pr-hdds-2139-j8dx6-1450124282, networkLocation: /default-rack, certSerialId: null}f255fb19-c941-42ad-8caf-606d85b027b3{ip: 192.168.151.92, host: pr-hdds-2139-j8dx6-1450124282, networkLocation: /default-rack, certSerialId: null}fb5c35a7-52ed-48ed-856a-22aafd4627bf{ip: 192.168.151.92, host: pr-hdds-2139-j8dx6-1450124282, networkLocation: /default-rack, certSerialId: null}, Type:RATIS, Factor:THREE, State:CLOSED]
2019-09-17 03:23:23,613 [java.util.concurrent.ThreadPoolExecutor$Worker@2cfcc4f0[State = -1, empty queue]] WARN  server.GrpcLogAppender (GrpcLogAppender.java:timeoutAppendRequest(200)) - 2a454ec2-3cfa-49cf-9003-841835eb2002@group-89364A117DE9->fb5c35a7-52ed-48ed-856a-22aafd4627bf-GrpcLogAppender: appendEntries Timeout, request=2a454ec2-3cfa-49cf-9003-841835eb2002->fb5c35a7-52ed-48ed-856a-22aafd4627bf#148-t1, previous=(t:1, i:19), leaderCommit=12, initializing? false, entries: <empty>
2019-09-17 03:23:23,613 [java.util.concurrent.ThreadPoolExecutor$Worker@200c90e7[State = -1, empty queue]] WARN  server.GrpcLogAppender (GrpcLogAppender.java:timeoutAppendRequest(200)) - 2a454ec2-3cfa-49cf-9003-841835eb2002@group-89364A117DE9->f255fb19-c941-42ad-8caf-606d85b027b3-GrpcLogAppender: appendEntries Timeout, request=2a454ec2-3cfa-49cf-9003-841835eb2002->f255fb19-c941-42ad-8caf-606d85b027b3#148-t1, previous=(t:1, i:19), leaderCommit=12, initializing? false, entries: <empty>
2019-09-17 03:23:24,700 [grpc-default-executor-3] INFO  client.GrpcClientProtocolClient (GrpcClientProtocolClient.java:onNext(264)) - client-FCF838B3A418->f255fb19-c941-42ad-8caf-606d85b027b3: receive RaftClientReply:client-FCF838B3A418->f255fb19-c941-42ad-8caf-606d85b027b3@group-89364A117DE9, cid=33, FAILED org.apache.ratis.protocol.NotLeaderException: Server f255fb19-c941-42ad-8caf-606d85b027b3@group-89364A117DE9 is not the leader 2a454ec2-3cfa-49cf-9003-841835eb2002:192.168.151.92:33622, logIndex=0, commits[f255fb19-c941-42ad-8caf-606d85b027b3:c12, fb5c35a7-52ed-48ed-856a-22aafd4627bf:c10, 2a454ec2-3cfa-49cf-9003-841835eb2002:c12]
2019-09-17 03:23:25,616 [org.apache.ratis.server.impl.LogAppender$AppenderDaemon$$Lambda$550/692567409@77391bec] ERROR ratis.XceiverServerRatis (XceiverServerRatis.java:triggerPipelineClose(575)) - pipeline Action CLOSE  on pipeline PipelineID=9b5330a7-e06f-4957-8ee5-89364a117de9.Reason : 2a454ec2-3cfa-49cf-9003-841835eb2002 has not seen follower/s fb5c35a7-52ed-48ed-856a-22aafd4627bf for 137270ms f255fb19-c941-42ad-8caf-606d85b027b3 for 137270ms
2019-09-17 03:23:25,616 [org.apache.ratis.server.impl.LogAppender$AppenderDaemon$$Lambda$550/692567409@4f879821] ERROR ratis.XceiverServerRatis (XceiverServerRatis.java:triggerPipelineClose(575)) - pipeline Action CLOSE  on pipeline PipelineID=9b5330a7-e06f-4957-8ee5-89364a117de9.Reason : 2a454ec2-3cfa-49cf-9003-841835eb2002 has not seen follower/s fb5c35a7-52ed-48ed-856a-22aafd4627bf for 137270ms f255fb19-c941-42ad-8caf-606d85b027b3 for 137270ms
2019-09-17 03:23:26,115 [java.util.concurrent.ThreadPoolExecutor$Worker@2cfcc4f0[State = -1, empty queue]] WARN  server.GrpcLogAppender (GrpcLogAppender.java:timeoutAppendRequest(200)) - 2a454ec2-3cfa-49cf-9003-841835eb2002@group-89364A117DE9->fb5c35a7-52ed-48ed-856a-22aafd4627bf-GrpcLogAppender: appendEntries Timeout, request=2a454ec2-3cfa-49cf-9003-841835eb2002->fb5c35a7-52ed-48ed-856a-22aafd4627bf#149-t1, previous=(t:1, i:19), leaderCommit=12, initializing? false, entries: <empty>
2019-09-17 03:23:26,115 [java.util.concurrent.ThreadPoolExecutor$Worker@200c90e7[State = -1, empty queue]] WARN  server.GrpcLogAppender (GrpcLogAppender.java:timeoutAppendRequest(200)) - 2a454ec2-3cfa-49cf-9003-841835eb2002@group-89364A117DE9->f255fb19-c941-42ad-8caf-606d85b027b3-GrpcLogAppender: appendEntries Timeout, request=2a454ec2-3cfa-49cf-9003-841835eb2002->f255fb19-c941-42ad-8caf-606d85b027b3#149-t1, previous=(t:1, i:19), leaderCommit=12, initializing? false, entries: <empty>
2019-09-17 03:23:26,612 [EventQueue-PipelineActionsForPipelineActionHandler] ERROR pipeline.PipelineActionHandler (PipelineActionHandler.java:onMessage(60)) - Received pipeline action CLOSE for Pipeline[ Id: 9b5330a7-e06f-4957-8ee5-89364a117de9, Nodes: 2a454ec2-3cfa-49cf-9003-841835eb2002{ip: 192.168.151.92, host: pr-hdds-2139-j8dx6-1450124282, networkLocation: /default-rack, certSerialId: null}f255fb19-c941-42ad-8caf-606d85b027b3{ip: 192.168.151.92, host: pr-hdds-2139-j8dx6-1450124282, networkLocation: /default-rack, certSerialId: null}fb5c35a7-52ed-48ed-856a-22aafd4627bf{ip: 192.168.151.92, host: pr-hdds-2139-j8dx6-1450124282, networkLocation: /default-rack, certSerialId: null}, Type:RATIS, Factor:THREE, State:CLOSED] from datanode 2a454ec2-3cfa-49cf-9003-841835eb2002{ip: 192.168.151.92, host: pr-hdds-2139-j8dx6-1450124282, networkLocation: /default-rack, certSerialId: null}. Reason : 2a454ec2-3cfa-49cf-9003-841835eb2002 has not seen follower/s fb5c35a7-52ed-48ed-856a-22aafd4627bf for 137270ms f255fb19-c941-42ad-8caf-606d85b027b3 for 137270ms
2019-09-17 03:23:26,613 [EventQueue-PipelineActionsForPipelineActionHandler] INFO  pipeline.SCMPipelineManager (SCMPipelineManager.java:finalizeAndDestroyPipeline(311)) - destroying pipeline:Pipeline[ Id: 9b5330a7-e06f-4957-8ee5-89364a117de9, Nodes: 2a454ec2-3cfa-49cf-9003-841835eb2002{ip: 192.168.151.92, host: pr-hdds-2139-j8dx6-1450124282, networkLocation: /default-rack, certSerialId: null}f255fb19-c941-42ad-8caf-606d85b027b3{ip: 192.168.151.92, host: pr-hdds-2139-j8dx6-1450124282, networkLocation: /default-rack, certSerialId: null}fb5c35a7-52ed-48ed-856a-22aafd4627bf{ip: 192.168.151.92, host: pr-hdds-2139-j8dx6-1450124282, networkLocation: /default-rack, certSerialId: null}, Type:RATIS, Factor:THREE, State:CLOSED]
2019-09-17 03:23:28,119 [org.apache.ratis.server.impl.LogAppender$AppenderDaemon$$Lambda$550/692567409@77391bec] ERROR ratis.XceiverServerRatis (XceiverServerRatis.java:triggerPipelineClose(575)) - pipeline Action CLOSE  on pipeline PipelineID=9b5330a7-e06f-4957-8ee5-89364a117de9.Reason : 2a454ec2-3cfa-49cf-9003-841835eb2002 has not seen follower/s fb5c35a7-52ed-48ed-856a-22aafd4627bf for 139772ms f255fb19-c941-42ad-8caf-606d85b027b3 for 139772ms
2019-09-17 03:23:28,119 [org.apache.ratis.server.impl.LogAppender$AppenderDaemon$$Lambda$550/692567409@4f879821] ERROR ratis.XceiverServerRatis (XceiverServerRatis.java:triggerPipelineClose(575)) - pipeline Action CLOSE  on pipeline PipelineID=9b5330a7-e06f-4957-8ee5-89364a117de9.Reason : 2a454ec2-3cfa-49cf-9003-841835eb2002 has not seen follower/s fb5c35a7-52ed-48ed-856a-22aafd4627bf for 139772ms f255fb19-c941-42ad-8caf-606d85b027b3 for 139772ms
2019-09-17 03:23:28,557 [2a454ec2-3cfa-49cf-9003-841835eb2002@group-89364A117DE9-SegmentedRaftLogWorker] WARN  segmented.SegmentedRaftLogWorker (SegmentedRaftLogWorker.java:getFromFuture(90)) - Timeout 13/~
org.apache.ratis.protocol.TimeoutIOException: Timeout 10s: WriteLog:14: (t:1, i:14), STATEMACHINELOGENTRY, client-FCF838B3A418, cid=34-writeStateMachineData
	at org.apache.ratis.util.IOUtils.getFromFuture(IOUtils.java:87)
	at org.apache.ratis.server.raftlog.segmented.SegmentedRaftLogWorker$StateMachineDataPolicy.getFromFuture(SegmentedRaftLogWorker.java:87)
	at org.apache.ratis.server.raftlog.segmented.SegmentedRaftLogWorker$WriteLog.execute(SegmentedRaftLogWorker.java:477)
	at org.apache.ratis.server.raftlog.segmented.SegmentedRaftLogWorker.run(SegmentedRaftLogWorker.java:289)
	at java.lang.Thread.run(Thread.java:748)
Caused by: java.util.concurrent.TimeoutException
	at java.util.concurrent.CompletableFuture.timedGet(CompletableFuture.java:1771)
	at java.util.concurrent.CompletableFuture.get(CompletableFuture.java:1915)
	at org.apache.ratis.util.IOUtils.getFromFuture(IOUtils.java:79)
	... 4 more
2019-09-17 03:23:28,574 [fb5c35a7-52ed-48ed-856a-22aafd4627bf@group-89364A117DE9-SegmentedRaftLogWorker] WARN  segmented.SegmentedRaftLogWorker (SegmentedRaftLogWorker.java:getFromFuture(90)) - Timeout 13/~
org.apache.ratis.protocol.TimeoutIOException: Timeout 10s: WriteLog:14: (t:1, i:14), STATEMACHINELOGENTRY, client-FCF838B3A418, cid=34-writeStateMachineData
	at org.apache.ratis.util.IOUtils.getFromFuture(IOUtils.java:87)
	at org.apache.ratis.server.raftlog.segmented.SegmentedRaftLogWorker$StateMachineDataPolicy.getFromFuture(SegmentedRaftLogWorker.java:87)
	at org.apache.ratis.server.raftlog.segmented.SegmentedRaftLogWorker$WriteLog.execute(SegmentedRaftLogWorker.java:477)
	at org.apache.ratis.server.raftlog.segmented.SegmentedRaftLogWorker.run(SegmentedRaftLogWorker.java:289)
	at java.lang.Thread.run(Thread.java:748)
Caused by: java.util.concurrent.TimeoutException
	at java.util.concurrent.CompletableFuture.timedGet(CompletableFuture.java:1771)
	at java.util.concurrent.CompletableFuture.get(CompletableFuture.java:1915)
	at org.apache.ratis.util.IOUtils.getFromFuture(IOUtils.java:79)
	... 4 more
2019-09-17 03:23:28,574 [f255fb19-c941-42ad-8caf-606d85b027b3@group-89364A117DE9-SegmentedRaftLogWorker] WARN  segmented.SegmentedRaftLogWorker (SegmentedRaftLogWorker.java:getFromFuture(90)) - Timeout 13/~
org.apache.ratis.protocol.TimeoutIOException: Timeout 10s: WriteLog:14: (t:1, i:14), STATEMACHINELOGENTRY, client-FCF838B3A418, cid=34-writeStateMachineData
	at org.apache.ratis.util.IOUtils.getFromFuture(IOUtils.java:87)
	at org.apache.ratis.server.raftlog.segmented.SegmentedRaftLogWorker$StateMachineDataPolicy.getFromFuture(SegmentedRaftLogWorker.java:87)
	at org.apache.ratis.server.raftlog.segmented.SegmentedRaftLogWorker$WriteLog.execute(SegmentedRaftLogWorker.java:477)
	at org.apache.ratis.server.raftlog.segmented.SegmentedRaftLogWorker.run(SegmentedRaftLogWorker.java:289)
	at java.lang.Thread.run(Thread.java:748)
Caused by: java.util.concurrent.TimeoutException
	at java.util.concurrent.CompletableFuture.timedGet(CompletableFuture.java:1771)
	at java.util.concurrent.CompletableFuture.get(CompletableFuture.java:1915)
	at org.apache.ratis.util.IOUtils.getFromFuture(IOUtils.java:79)
	... 4 more
2019-09-17 03:23:28,612 [EventQueue-PipelineActionsForPipelineActionHandler] ERROR pipeline.PipelineActionHandler (PipelineActionHandler.java:onMessage(60)) - Received pipeline action CLOSE for Pipeline[ Id: 9b5330a7-e06f-4957-8ee5-89364a117de9, Nodes: 2a454ec2-3cfa-49cf-9003-841835eb2002{ip: 192.168.151.92, host: pr-hdds-2139-j8dx6-1450124282, networkLocation: /default-rack, certSerialId: null}f255fb19-c941-42ad-8caf-606d85b027b3{ip: 192.168.151.92, host: pr-hdds-2139-j8dx6-1450124282, networkLocation: /default-rack, certSerialId: null}fb5c35a7-52ed-48ed-856a-22aafd4627bf{ip: 192.168.151.92, host: pr-hdds-2139-j8dx6-1450124282, networkLocation: /default-rack, certSerialId: null}, Type:RATIS, Factor:THREE, State:CLOSED] from datanode 2a454ec2-3cfa-49cf-9003-841835eb2002{ip: 192.168.151.92, host: pr-hdds-2139-j8dx6-1450124282, networkLocation: /default-rack, certSerialId: null}. Reason : 2a454ec2-3cfa-49cf-9003-841835eb2002 has not seen follower/s fb5c35a7-52ed-48ed-856a-22aafd4627bf for 139772ms f255fb19-c941-42ad-8caf-606d85b027b3 for 139772ms
2019-09-17 03:23:28,613 [EventQueue-PipelineActionsForPipelineActionHandler] INFO  pipeline.SCMPipelineManager (SCMPipelineManager.java:finalizeAndDestroyPipeline(311)) - destroying pipeline:Pipeline[ Id: 9b5330a7-e06f-4957-8ee5-89364a117de9, Nodes: 2a454ec2-3cfa-49cf-9003-841835eb2002{ip: 192.168.151.92, host: pr-hdds-2139-j8dx6-1450124282, networkLocation: /default-rack, certSerialId: null}f255fb19-c941-42ad-8caf-606d85b027b3{ip: 192.168.151.92, host: pr-hdds-2139-j8dx6-1450124282, networkLocation: /default-rack, certSerialId: null}fb5c35a7-52ed-48ed-856a-22aafd4627bf{ip: 192.168.151.92, host: pr-hdds-2139-j8dx6-1450124282, networkLocation: /default-rack, certSerialId: null}, Type:RATIS, Factor:THREE, State:CLOSED]
2019-09-17 03:23:28,616 [java.util.concurrent.ThreadPoolExecutor$Worker@2cfcc4f0[State = -1, empty queue]] WARN  server.GrpcLogAppender (GrpcLogAppender.java:timeoutAppendRequest(200)) - 2a454ec2-3cfa-49cf-9003-841835eb2002@group-89364A117DE9->fb5c35a7-52ed-48ed-856a-22aafd4627bf-GrpcLogAppender: appendEntries Timeout, request=2a454ec2-3cfa-49cf-9003-841835eb2002->fb5c35a7-52ed-48ed-856a-22aafd4627bf#150-t1, previous=(t:1, i:19), leaderCommit=12, initializing? false, entries: <empty>
2019-09-17 03:23:28,616 [java.util.concurrent.ThreadPoolExecutor$Worker@200c90e7[State = -1, empty queue]] WARN  server.GrpcLogAppender (GrpcLogAppender.java:timeoutAppendRequest(200)) - 2a454ec2-3cfa-49cf-9003-841835eb2002@group-89364A117DE9->f255fb19-c941-42ad-8caf-606d85b027b3-GrpcLogAppender: appendEntries Timeout, request=2a454ec2-3cfa-49cf-9003-841835eb2002->f255fb19-c941-42ad-8caf-606d85b027b3#150-t1, previous=(t:1, i:19), leaderCommit=12, initializing? false, entries: <empty>
2019-09-17 03:23:29,758 [grpc-default-executor-2] INFO  client.GrpcClientProtocolClient (GrpcClientProtocolClient.java:onNext(264)) - client-FCF838B3A418->f255fb19-c941-42ad-8caf-606d85b027b3: receive RaftClientReply:client-FCF838B3A418->f255fb19-c941-42ad-8caf-606d85b027b3@group-89364A117DE9, cid=33, FAILED org.apache.ratis.protocol.NotLeaderException: Server f255fb19-c941-42ad-8caf-606d85b027b3@group-89364A117DE9 is not the leader 2a454ec2-3cfa-49cf-9003-841835eb2002:192.168.151.92:33622, logIndex=0, commits[f255fb19-c941-42ad-8caf-606d85b027b3:c12, fb5c35a7-52ed-48ed-856a-22aafd4627bf:c10, 2a454ec2-3cfa-49cf-9003-841835eb2002:c12]
2019-09-17 03:23:30,620 [org.apache.ratis.server.impl.LogAppender$AppenderDaemon$$Lambda$550/692567409@77391bec] ERROR ratis.XceiverServerRatis (XceiverServerRatis.java:triggerPipelineClose(575)) - pipeline Action CLOSE  on pipeline PipelineID=9b5330a7-e06f-4957-8ee5-89364a117de9.Reason : 2a454ec2-3cfa-49cf-9003-841835eb2002 has not seen follower/s fb5c35a7-52ed-48ed-856a-22aafd4627bf for 142274ms f255fb19-c941-42ad-8caf-606d85b027b3 for 142274ms
2019-09-17 03:23:30,620 [org.apache.ratis.server.impl.LogAppender$AppenderDaemon$$Lambda$550/692567409@4f879821] ERROR ratis.XceiverServerRatis (XceiverServerRatis.java:triggerPipelineClose(575)) - pipeline Action CLOSE  on pipeline PipelineID=9b5330a7-e06f-4957-8ee5-89364a117de9.Reason : 2a454ec2-3cfa-49cf-9003-841835eb2002 has not seen follower/s fb5c35a7-52ed-48ed-856a-22aafd4627bf for 142274ms f255fb19-c941-42ad-8caf-606d85b027b3 for 142274ms
2019-09-17 03:23:31,118 [java.util.concurrent.ThreadPoolExecutor$Worker@2cfcc4f0[State = -1, empty queue]] WARN  server.GrpcLogAppender (GrpcLogAppender.java:timeoutAppendRequest(200)) - 2a454ec2-3cfa-49cf-9003-841835eb2002@group-89364A117DE9->fb5c35a7-52ed-48ed-856a-22aafd4627bf-GrpcLogAppender: appendEntries Timeout, request=2a454ec2-3cfa-49cf-9003-841835eb2002->fb5c35a7-52ed-48ed-856a-22aafd4627bf#151-t1, previous=(t:1, i:19), leaderCommit=12, initializing? false, entries: <empty>
2019-09-17 03:23:31,118 [java.util.concurrent.ThreadPoolExecutor$Worker@200c90e7[State = -1, empty queue]] WARN  server.GrpcLogAppender (GrpcLogAppender.java:timeoutAppendRequest(200)) - 2a454ec2-3cfa-49cf-9003-841835eb2002@group-89364A117DE9->f255fb19-c941-42ad-8caf-606d85b027b3-GrpcLogAppender: appendEntries Timeout, request=2a454ec2-3cfa-49cf-9003-841835eb2002->f255fb19-c941-42ad-8caf-606d85b027b3#151-t1, previous=(t:1, i:19), leaderCommit=12, initializing? false, entries: <empty>
2019-09-17 03:23:31,614 [EventQueue-PipelineActionsForPipelineActionHandler] ERROR pipeline.PipelineActionHandler (PipelineActionHandler.java:onMessage(60)) - Received pipeline action CLOSE for Pipeline[ Id: 9b5330a7-e06f-4957-8ee5-89364a117de9, Nodes: 2a454ec2-3cfa-49cf-9003-841835eb2002{ip: 192.168.151.92, host: pr-hdds-2139-j8dx6-1450124282, networkLocation: /default-rack, certSerialId: null}f255fb19-c941-42ad-8caf-606d85b027b3{ip: 192.168.151.92, host: pr-hdds-2139-j8dx6-1450124282, networkLocation: /default-rack, certSerialId: null}fb5c35a7-52ed-48ed-856a-22aafd4627bf{ip: 192.168.151.92, host: pr-hdds-2139-j8dx6-1450124282, networkLocation: /default-rack, certSerialId: null}, Type:RATIS, Factor:THREE, State:CLOSED] from datanode 2a454ec2-3cfa-49cf-9003-841835eb2002{ip: 192.168.151.92, host: pr-hdds-2139-j8dx6-1450124282, networkLocation: /default-rack, certSerialId: null}. Reason : 2a454ec2-3cfa-49cf-9003-841835eb2002 has not seen follower/s fb5c35a7-52ed-48ed-856a-22aafd4627bf for 142274ms f255fb19-c941-42ad-8caf-606d85b027b3 for 142274ms
2019-09-17 03:23:31,614 [EventQueue-PipelineActionsForPipelineActionHandler] INFO  pipeline.SCMPipelineManager (SCMPipelineManager.java:finalizeAndDestroyPipeline(311)) - destroying pipeline:Pipeline[ Id: 9b5330a7-e06f-4957-8ee5-89364a117de9, Nodes: 2a454ec2-3cfa-49cf-9003-841835eb2002{ip: 192.168.151.92, host: pr-hdds-2139-j8dx6-1450124282, networkLocation: /default-rack, certSerialId: null}f255fb19-c941-42ad-8caf-606d85b027b3{ip: 192.168.151.92, host: pr-hdds-2139-j8dx6-1450124282, networkLocation: /default-rack, certSerialId: null}fb5c35a7-52ed-48ed-856a-22aafd4627bf{ip: 192.168.151.92, host: pr-hdds-2139-j8dx6-1450124282, networkLocation: /default-rack, certSerialId: null}, Type:RATIS, Factor:THREE, State:CLOSED]
2019-09-17 03:23:33,122 [org.apache.ratis.server.impl.LogAppender$AppenderDaemon$$Lambda$550/692567409@4f879821] ERROR ratis.XceiverServerRatis (XceiverServerRatis.java:triggerPipelineClose(575)) - pipeline Action CLOSE  on pipeline PipelineID=9b5330a7-e06f-4957-8ee5-89364a117de9.Reason : 2a454ec2-3cfa-49cf-9003-841835eb2002 has not seen follower/s fb5c35a7-52ed-48ed-856a-22aafd4627bf for 144775ms f255fb19-c941-42ad-8caf-606d85b027b3 for 144775ms
2019-09-17 03:23:33,122 [org.apache.ratis.server.impl.LogAppender$AppenderDaemon$$Lambda$550/692567409@77391bec] ERROR ratis.XceiverServerRatis (XceiverServerRatis.java:triggerPipelineClose(575)) - pipeline Action CLOSE  on pipeline PipelineID=9b5330a7-e06f-4957-8ee5-89364a117de9.Reason : 2a454ec2-3cfa-49cf-9003-841835eb2002 has not seen follower/s fb5c35a7-52ed-48ed-856a-22aafd4627bf for 144775ms f255fb19-c941-42ad-8caf-606d85b027b3 for 144775ms
2019-09-17 03:23:33,612 [EventQueue-PipelineActionsForPipelineActionHandler] ERROR pipeline.PipelineActionHandler (PipelineActionHandler.java:onMessage(60)) - Received pipeline action CLOSE for Pipeline[ Id: 9b5330a7-e06f-4957-8ee5-89364a117de9, Nodes: 2a454ec2-3cfa-49cf-9003-841835eb2002{ip: 192.168.151.92, host: pr-hdds-2139-j8dx6-1450124282, networkLocation: /default-rack, certSerialId: null}f255fb19-c941-42ad-8caf-606d85b027b3{ip: 192.168.151.92, host: pr-hdds-2139-j8dx6-1450124282, networkLocation: /default-rack, certSerialId: null}fb5c35a7-52ed-48ed-856a-22aafd4627bf{ip: 192.168.151.92, host: pr-hdds-2139-j8dx6-1450124282, networkLocation: /default-rack, certSerialId: null}, Type:RATIS, Factor:THREE, State:CLOSED] from datanode 2a454ec2-3cfa-49cf-9003-841835eb2002{ip: 192.168.151.92, host: pr-hdds-2139-j8dx6-1450124282, networkLocation: /default-rack, certSerialId: null}. Reason : 2a454ec2-3cfa-49cf-9003-841835eb2002 has not seen follower/s fb5c35a7-52ed-48ed-856a-22aafd4627bf for 144775ms f255fb19-c941-42ad-8caf-606d85b027b3 for 144775ms
2019-09-17 03:23:33,613 [EventQueue-PipelineActionsForPipelineActionHandler] INFO  pipeline.SCMPipelineManager (SCMPipelineManager.java:finalizeAndDestroyPipeline(311)) - destroying pipeline:Pipeline[ Id: 9b5330a7-e06f-4957-8ee5-89364a117de9, Nodes: 2a454ec2-3cfa-49cf-9003-841835eb2002{ip: 192.168.151.92, host: pr-hdds-2139-j8dx6-1450124282, networkLocation: /default-rack, certSerialId: null}f255fb19-c941-42ad-8caf-606d85b027b3{ip: 192.168.151.92, host: pr-hdds-2139-j8dx6-1450124282, networkLocation: /default-rack, certSerialId: null}fb5c35a7-52ed-48ed-856a-22aafd4627bf{ip: 192.168.151.92, host: pr-hdds-2139-j8dx6-1450124282, networkLocation: /default-rack, certSerialId: null}, Type:RATIS, Factor:THREE, State:CLOSED]
2019-09-17 03:23:33,620 [java.util.concurrent.ThreadPoolExecutor$Worker@2cfcc4f0[State = -1, empty queue]] WARN  server.GrpcLogAppender (GrpcLogAppender.java:timeoutAppendRequest(200)) - 2a454ec2-3cfa-49cf-9003-841835eb2002@group-89364A117DE9->fb5c35a7-52ed-48ed-856a-22aafd4627bf-GrpcLogAppender: appendEntries Timeout, request=2a454ec2-3cfa-49cf-9003-841835eb2002->fb5c35a7-52ed-48ed-856a-22aafd4627bf#152-t1, previous=(t:1, i:19), leaderCommit=12, initializing? false, entries: <empty>
2019-09-17 03:23:33,620 [java.util.concurrent.ThreadPoolExecutor$Worker@200c90e7[State = -1, empty queue]] WARN  server.GrpcLogAppender (GrpcLogAppender.java:timeoutAppendRequest(200)) - 2a454ec2-3cfa-49cf-9003-841835eb2002@group-89364A117DE9->f255fb19-c941-42ad-8caf-606d85b027b3-GrpcLogAppender: appendEntries Timeout, request=2a454ec2-3cfa-49cf-9003-841835eb2002->f255fb19-c941-42ad-8caf-606d85b027b3#152-t1, previous=(t:1, i:19), leaderCommit=12, initializing? false, entries: <empty>
2019-09-17 03:23:34,814 [grpc-default-executor-2] INFO  client.GrpcClientProtocolClient (GrpcClientProtocolClient.java:onNext(264)) - client-FCF838B3A418->f255fb19-c941-42ad-8caf-606d85b027b3: receive RaftClientReply:client-FCF838B3A418->f255fb19-c941-42ad-8caf-606d85b027b3@group-89364A117DE9, cid=33, FAILED org.apache.ratis.protocol.NotLeaderException: Server f255fb19-c941-42ad-8caf-606d85b027b3@group-89364A117DE9 is not the leader 2a454ec2-3cfa-49cf-9003-841835eb2002:192.168.151.92:33622, logIndex=0, commits[f255fb19-c941-42ad-8caf-606d85b027b3:c12, fb5c35a7-52ed-48ed-856a-22aafd4627bf:c10, 2a454ec2-3cfa-49cf-9003-841835eb2002:c12]
2019-09-17 03:23:35,623 [org.apache.ratis.server.impl.LogAppender$AppenderDaemon$$Lambda$550/692567409@77391bec] ERROR ratis.XceiverServerRatis (XceiverServerRatis.java:triggerPipelineClose(575)) - pipeline Action CLOSE  on pipeline PipelineID=9b5330a7-e06f-4957-8ee5-89364a117de9.Reason : 2a454ec2-3cfa-49cf-9003-841835eb2002 has not seen follower/s fb5c35a7-52ed-48ed-856a-22aafd4627bf for 147277ms f255fb19-c941-42ad-8caf-606d85b027b3 for 147277ms
2019-09-17 03:23:35,623 [org.apache.ratis.server.impl.LogAppender$AppenderDaemon$$Lambda$550/692567409@4f879821] ERROR ratis.XceiverServerRatis (XceiverServerRatis.java:triggerPipelineClose(575)) - pipeline Action CLOSE  on pipeline PipelineID=9b5330a7-e06f-4957-8ee5-89364a117de9.Reason : 2a454ec2-3cfa-49cf-9003-841835eb2002 has not seen follower/s fb5c35a7-52ed-48ed-856a-22aafd4627bf for 147277ms f255fb19-c941-42ad-8caf-606d85b027b3 for 147277ms
2019-09-17 03:23:36,121 [java.util.concurrent.ThreadPoolExecutor$Worker@200c90e7[State = -1, empty queue]] WARN  server.GrpcLogAppender (GrpcLogAppender.java:timeoutAppendRequest(200)) - 2a454ec2-3cfa-49cf-9003-841835eb2002@group-89364A117DE9->f255fb19-c941-42ad-8caf-606d85b027b3-GrpcLogAppender: appendEntries Timeout, request=2a454ec2-3cfa-49cf-9003-841835eb2002->f255fb19-c941-42ad-8caf-606d85b027b3#153-t1, previous=(t:1, i:19), leaderCommit=12, initializing? false, entries: <empty>
2019-09-17 03:23:36,121 [java.util.concurrent.ThreadPoolExecutor$Worker@2cfcc4f0[State = -1, empty queue]] WARN  server.GrpcLogAppender (GrpcLogAppender.java:timeoutAppendRequest(200)) - 2a454ec2-3cfa-49cf-9003-841835eb2002@group-89364A117DE9->fb5c35a7-52ed-48ed-856a-22aafd4627bf-GrpcLogAppender: appendEntries Timeout, request=2a454ec2-3cfa-49cf-9003-841835eb2002->fb5c35a7-52ed-48ed-856a-22aafd4627bf#153-t1, previous=(t:1, i:19), leaderCommit=12, initializing? false, entries: <empty>
2019-09-17 03:23:36,612 [EventQueue-PipelineActionsForPipelineActionHandler] ERROR pipeline.PipelineActionHandler (PipelineActionHandler.java:onMessage(60)) - Received pipeline action CLOSE for Pipeline[ Id: 9b5330a7-e06f-4957-8ee5-89364a117de9, Nodes: 2a454ec2-3cfa-49cf-9003-841835eb2002{ip: 192.168.151.92, host: pr-hdds-2139-j8dx6-1450124282, networkLocation: /default-rack, certSerialId: null}f255fb19-c941-42ad-8caf-606d85b027b3{ip: 192.168.151.92, host: pr-hdds-2139-j8dx6-1450124282, networkLocation: /default-rack, certSerialId: null}fb5c35a7-52ed-48ed-856a-22aafd4627bf{ip: 192.168.151.92, host: pr-hdds-2139-j8dx6-1450124282, networkLocation: /default-rack, certSerialId: null}, Type:RATIS, Factor:THREE, State:CLOSED] from datanode 2a454ec2-3cfa-49cf-9003-841835eb2002{ip: 192.168.151.92, host: pr-hdds-2139-j8dx6-1450124282, networkLocation: /default-rack, certSerialId: null}. Reason : 2a454ec2-3cfa-49cf-9003-841835eb2002 has not seen follower/s fb5c35a7-52ed-48ed-856a-22aafd4627bf for 147277ms f255fb19-c941-42ad-8caf-606d85b027b3 for 147277ms
2019-09-17 03:23:36,612 [EventQueue-PipelineActionsForPipelineActionHandler] INFO  pipeline.SCMPipelineManager (SCMPipelineManager.java:finalizeAndDestroyPipeline(311)) - destroying pipeline:Pipeline[ Id: 9b5330a7-e06f-4957-8ee5-89364a117de9, Nodes: 2a454ec2-3cfa-49cf-9003-841835eb2002{ip: 192.168.151.92, host: pr-hdds-2139-j8dx6-1450124282, networkLocation: /default-rack, certSerialId: null}f255fb19-c941-42ad-8caf-606d85b027b3{ip: 192.168.151.92, host: pr-hdds-2139-j8dx6-1450124282, networkLocation: /default-rack, certSerialId: null}fb5c35a7-52ed-48ed-856a-22aafd4627bf{ip: 192.168.151.92, host: pr-hdds-2139-j8dx6-1450124282, networkLocation: /default-rack, certSerialId: null}, Type:RATIS, Factor:THREE, State:CLOSED]
2019-09-17 03:23:38,125 [org.apache.ratis.server.impl.LogAppender$AppenderDaemon$$Lambda$550/692567409@77391bec] ERROR ratis.XceiverServerRatis (XceiverServerRatis.java:triggerPipelineClose(575)) - pipeline Action CLOSE  on pipeline PipelineID=9b5330a7-e06f-4957-8ee5-89364a117de9.Reason : 2a454ec2-3cfa-49cf-9003-841835eb2002 has not seen follower/s fb5c35a7-52ed-48ed-856a-22aafd4627bf for 149778ms f255fb19-c941-42ad-8caf-606d85b027b3 for 149779ms
2019-09-17 03:23:38,125 [org.apache.ratis.server.impl.LogAppender$AppenderDaemon$$Lambda$550/692567409@4f879821] ERROR ratis.XceiverServerRatis (XceiverServerRatis.java:triggerPipelineClose(575)) - pipeline Action CLOSE  on pipeline PipelineID=9b5330a7-e06f-4957-8ee5-89364a117de9.Reason : 2a454ec2-3cfa-49cf-9003-841835eb2002 has not seen follower/s fb5c35a7-52ed-48ed-856a-22aafd4627bf for 149778ms f255fb19-c941-42ad-8caf-606d85b027b3 for 149779ms
2019-09-17 03:23:38,559 [2a454ec2-3cfa-49cf-9003-841835eb2002@group-89364A117DE9-SegmentedRaftLogWorker] WARN  segmented.SegmentedRaftLogWorker (SegmentedRaftLogWorker.java:getFromFuture(90)) - Timeout 14/~
org.apache.ratis.protocol.TimeoutIOException: Timeout 10s: WriteLog:14: (t:1, i:14), STATEMACHINELOGENTRY, client-FCF838B3A418, cid=34-writeStateMachineData
	at org.apache.ratis.util.IOUtils.getFromFuture(IOUtils.java:87)
	at org.apache.ratis.server.raftlog.segmented.SegmentedRaftLogWorker$StateMachineDataPolicy.getFromFuture(SegmentedRaftLogWorker.java:87)
	at org.apache.ratis.server.raftlog.segmented.SegmentedRaftLogWorker$WriteLog.execute(SegmentedRaftLogWorker.java:477)
	at org.apache.ratis.server.raftlog.segmented.SegmentedRaftLogWorker.run(SegmentedRaftLogWorker.java:289)
	at java.lang.Thread.run(Thread.java:748)
Caused by: java.util.concurrent.TimeoutException
	at java.util.concurrent.CompletableFuture.timedGet(CompletableFuture.java:1771)
	at java.util.concurrent.CompletableFuture.get(CompletableFuture.java:1915)
	at org.apache.ratis.util.IOUtils.getFromFuture(IOUtils.java:79)
	... 4 more
2019-09-17 03:23:38,575 [fb5c35a7-52ed-48ed-856a-22aafd4627bf@group-89364A117DE9-SegmentedRaftLogWorker] WARN  segmented.SegmentedRaftLogWorker (SegmentedRaftLogWorker.java:getFromFuture(90)) - Timeout 14/~
org.apache.ratis.protocol.TimeoutIOException: Timeout 10s: WriteLog:14: (t:1, i:14), STATEMACHINELOGENTRY, client-FCF838B3A418, cid=34-writeStateMachineData
	at org.apache.ratis.util.IOUtils.getFromFuture(IOUtils.java:87)
	at org.apache.ratis.server.raftlog.segmented.SegmentedRaftLogWorker$StateMachineDataPolicy.getFromFuture(SegmentedRaftLogWorker.java:87)
	at org.apache.ratis.server.raftlog.segmented.SegmentedRaftLogWorker$WriteLog.execute(SegmentedRaftLogWorker.java:477)
	at org.apache.ratis.server.raftlog.segmented.SegmentedRaftLogWorker.run(SegmentedRaftLogWorker.java:289)
	at java.lang.Thread.run(Thread.java:748)
Caused by: java.util.concurrent.TimeoutException
	at java.util.concurrent.CompletableFuture.timedGet(CompletableFuture.java:1771)
	at java.util.concurrent.CompletableFuture.get(CompletableFuture.java:1915)
	at org.apache.ratis.util.IOUtils.getFromFuture(IOUtils.java:79)
	... 4 more
2019-09-17 03:23:38,575 [f255fb19-c941-42ad-8caf-606d85b027b3@group-89364A117DE9-SegmentedRaftLogWorker] WARN  segmented.SegmentedRaftLogWorker (SegmentedRaftLogWorker.java:getFromFuture(90)) - Timeout 14/~
org.apache.ratis.protocol.TimeoutIOException: Timeout 10s: WriteLog:14: (t:1, i:14), STATEMACHINELOGENTRY, client-FCF838B3A418, cid=34-writeStateMachineData
	at org.apache.ratis.util.IOUtils.getFromFuture(IOUtils.java:87)
	at org.apache.ratis.server.raftlog.segmented.SegmentedRaftLogWorker$StateMachineDataPolicy.getFromFuture(SegmentedRaftLogWorker.java:87)
	at org.apache.ratis.server.raftlog.segmented.SegmentedRaftLogWorker$WriteLog.execute(SegmentedRaftLogWorker.java:477)
	at org.apache.ratis.server.raftlog.segmented.SegmentedRaftLogWorker.run(SegmentedRaftLogWorker.java:289)
	at java.lang.Thread.run(Thread.java:748)
Caused by: java.util.concurrent.TimeoutException
	at java.util.concurrent.CompletableFuture.timedGet(CompletableFuture.java:1771)
	at java.util.concurrent.CompletableFuture.get(CompletableFuture.java:1915)
	at org.apache.ratis.util.IOUtils.getFromFuture(IOUtils.java:79)
	... 4 more
2019-09-17 03:23:38,613 [EventQueue-PipelineActionsForPipelineActionHandler] ERROR pipeline.PipelineActionHandler (PipelineActionHandler.java:onMessage(60)) - Received pipeline action CLOSE for Pipeline[ Id: 9b5330a7-e06f-4957-8ee5-89364a117de9, Nodes: 2a454ec2-3cfa-49cf-9003-841835eb2002{ip: 192.168.151.92, host: pr-hdds-2139-j8dx6-1450124282, networkLocation: /default-rack, certSerialId: null}f255fb19-c941-42ad-8caf-606d85b027b3{ip: 192.168.151.92, host: pr-hdds-2139-j8dx6-1450124282, networkLocation: /default-rack, certSerialId: null}fb5c35a7-52ed-48ed-856a-22aafd4627bf{ip: 192.168.151.92, host: pr-hdds-2139-j8dx6-1450124282, networkLocation: /default-rack, certSerialId: null}, Type:RATIS, Factor:THREE, State:CLOSED] from datanode 2a454ec2-3cfa-49cf-9003-841835eb2002{ip: 192.168.151.92, host: pr-hdds-2139-j8dx6-1450124282, networkLocation: /default-rack, certSerialId: null}. Reason : 2a454ec2-3cfa-49cf-9003-841835eb2002 has not seen follower/s fb5c35a7-52ed-48ed-856a-22aafd4627bf for 149778ms f255fb19-c941-42ad-8caf-606d85b027b3 for 149779ms
2019-09-17 03:23:38,613 [EventQueue-PipelineActionsForPipelineActionHandler] INFO  pipeline.SCMPipelineManager (SCMPipelineManager.java:finalizeAndDestroyPipeline(311)) - destroying pipeline:Pipeline[ Id: 9b5330a7-e06f-4957-8ee5-89364a117de9, Nodes: 2a454ec2-3cfa-49cf-9003-841835eb2002{ip: 192.168.151.92, host: pr-hdds-2139-j8dx6-1450124282, networkLocation: /default-rack, certSerialId: null}f255fb19-c941-42ad-8caf-606d85b027b3{ip: 192.168.151.92, host: pr-hdds-2139-j8dx6-1450124282, networkLocation: /default-rack, certSerialId: null}fb5c35a7-52ed-48ed-856a-22aafd4627bf{ip: 192.168.151.92, host: pr-hdds-2139-j8dx6-1450124282, networkLocation: /default-rack, certSerialId: null}, Type:RATIS, Factor:THREE, State:CLOSED]
2019-09-17 03:23:38,623 [java.util.concurrent.ThreadPoolExecutor$Worker@2cfcc4f0[State = -1, empty queue]] WARN  server.GrpcLogAppender (GrpcLogAppender.java:timeoutAppendRequest(200)) - 2a454ec2-3cfa-49cf-9003-841835eb2002@group-89364A117DE9->fb5c35a7-52ed-48ed-856a-22aafd4627bf-GrpcLogAppender: appendEntries Timeout, request=2a454ec2-3cfa-49cf-9003-841835eb2002->fb5c35a7-52ed-48ed-856a-22aafd4627bf#154-t1, previous=(t:1, i:19), leaderCommit=12, initializing? false, entries: <empty>
2019-09-17 03:23:38,623 [java.util.concurrent.ThreadPoolExecutor$Worker@200c90e7[State = -1, empty queue]] WARN  server.GrpcLogAppender (GrpcLogAppender.java:timeoutAppendRequest(200)) - 2a454ec2-3cfa-49cf-9003-841835eb2002@group-89364A117DE9->f255fb19-c941-42ad-8caf-606d85b027b3-GrpcLogAppender: appendEntries Timeout, request=2a454ec2-3cfa-49cf-9003-841835eb2002->f255fb19-c941-42ad-8caf-606d85b027b3#154-t1, previous=(t:1, i:19), leaderCommit=12, initializing? false, entries: <empty>
2019-09-17 03:23:39,857 [grpc-default-executor-2] INFO  client.GrpcClientProtocolClient (GrpcClientProtocolClient.java:onNext(264)) - client-FCF838B3A418->f255fb19-c941-42ad-8caf-606d85b027b3: receive RaftClientReply:client-FCF838B3A418->f255fb19-c941-42ad-8caf-606d85b027b3@group-89364A117DE9, cid=33, FAILED org.apache.ratis.protocol.NotLeaderException: Server f255fb19-c941-42ad-8caf-606d85b027b3@group-89364A117DE9 is not the leader 2a454ec2-3cfa-49cf-9003-841835eb2002:192.168.151.92:33622, logIndex=0, commits[f255fb19-c941-42ad-8caf-606d85b027b3:c12, fb5c35a7-52ed-48ed-856a-22aafd4627bf:c10, 2a454ec2-3cfa-49cf-9003-841835eb2002:c12]
2019-09-17 03:23:40,625 [org.apache.ratis.server.impl.LogAppender$AppenderDaemon$$Lambda$550/692567409@77391bec] ERROR ratis.XceiverServerRatis (XceiverServerRatis.java:triggerPipelineClose(575)) - pipeline Action CLOSE  on pipeline PipelineID=9b5330a7-e06f-4957-8ee5-89364a117de9.Reason : 2a454ec2-3cfa-49cf-9003-841835eb2002 has not seen follower/s fb5c35a7-52ed-48ed-856a-22aafd4627bf for 152279ms f255fb19-c941-42ad-8caf-606d85b027b3 for 152279ms
2019-09-17 03:23:40,625 [org.apache.ratis.server.impl.LogAppender$AppenderDaemon$$Lambda$550/692567409@4f879821] ERROR ratis.XceiverServerRatis (XceiverServerRatis.java:triggerPipelineClose(575)) - pipeline Action CLOSE  on pipeline PipelineID=9b5330a7-e06f-4957-8ee5-89364a117de9.Reason : 2a454ec2-3cfa-49cf-9003-841835eb2002 has not seen follower/s fb5c35a7-52ed-48ed-856a-22aafd4627bf for 152279ms f255fb19-c941-42ad-8caf-606d85b027b3 for 152279ms
2019-09-17 03:23:41,124 [java.util.concurrent.ThreadPoolExecutor$Worker@2cfcc4f0[State = -1, empty queue]] WARN  server.GrpcLogAppender (GrpcLogAppender.java:timeoutAppendRequest(200)) - 2a454ec2-3cfa-49cf-9003-841835eb2002@group-89364A117DE9->fb5c35a7-52ed-48ed-856a-22aafd4627bf-GrpcLogAppender: appendEntries Timeout, request=2a454ec2-3cfa-49cf-9003-841835eb2002->fb5c35a7-52ed-48ed-856a-22aafd4627bf#155-t1, previous=(t:1, i:19), leaderCommit=12, initializing? false, entries: <empty>
2019-09-17 03:23:41,124 [java.util.concurrent.ThreadPoolExecutor$Worker@200c90e7[State = -1, empty queue]] WARN  server.GrpcLogAppender (GrpcLogAppender.java:timeoutAppendRequest(200)) - 2a454ec2-3cfa-49cf-9003-841835eb2002@group-89364A117DE9->f255fb19-c941-42ad-8caf-606d85b027b3-GrpcLogAppender: appendEntries Timeout, request=2a454ec2-3cfa-49cf-9003-841835eb2002->f255fb19-c941-42ad-8caf-606d85b027b3#155-t1, previous=(t:1, i:19), leaderCommit=12, initializing? false, entries: <empty>
2019-09-17 03:23:41,612 [EventQueue-PipelineActionsForPipelineActionHandler] ERROR pipeline.PipelineActionHandler (PipelineActionHandler.java:onMessage(60)) - Received pipeline action CLOSE for Pipeline[ Id: 9b5330a7-e06f-4957-8ee5-89364a117de9, Nodes: 2a454ec2-3cfa-49cf-9003-841835eb2002{ip: 192.168.151.92, host: pr-hdds-2139-j8dx6-1450124282, networkLocation: /default-rack, certSerialId: null}f255fb19-c941-42ad-8caf-606d85b027b3{ip: 192.168.151.92, host: pr-hdds-2139-j8dx6-1450124282, networkLocation: /default-rack, certSerialId: null}fb5c35a7-52ed-48ed-856a-22aafd4627bf{ip: 192.168.151.92, host: pr-hdds-2139-j8dx6-1450124282, networkLocation: /default-rack, certSerialId: null}, Type:RATIS, Factor:THREE, State:CLOSED] from datanode 2a454ec2-3cfa-49cf-9003-841835eb2002{ip: 192.168.151.92, host: pr-hdds-2139-j8dx6-1450124282, networkLocation: /default-rack, certSerialId: null}. Reason : 2a454ec2-3cfa-49cf-9003-841835eb2002 has not seen follower/s fb5c35a7-52ed-48ed-856a-22aafd4627bf for 152279ms f255fb19-c941-42ad-8caf-606d85b027b3 for 152279ms
2019-09-17 03:23:41,612 [EventQueue-PipelineActionsForPipelineActionHandler] INFO  pipeline.SCMPipelineManager (SCMPipelineManager.java:finalizeAndDestroyPipeline(311)) - destroying pipeline:Pipeline[ Id: 9b5330a7-e06f-4957-8ee5-89364a117de9, Nodes: 2a454ec2-3cfa-49cf-9003-841835eb2002{ip: 192.168.151.92, host: pr-hdds-2139-j8dx6-1450124282, networkLocation: /default-rack, certSerialId: null}f255fb19-c941-42ad-8caf-606d85b027b3{ip: 192.168.151.92, host: pr-hdds-2139-j8dx6-1450124282, networkLocation: /default-rack, certSerialId: null}fb5c35a7-52ed-48ed-856a-22aafd4627bf{ip: 192.168.151.92, host: pr-hdds-2139-j8dx6-1450124282, networkLocation: /default-rack, certSerialId: null}, Type:RATIS, Factor:THREE, State:CLOSED]
2019-09-17 03:23:43,127 [org.apache.ratis.server.impl.LogAppender$AppenderDaemon$$Lambda$550/692567409@77391bec] ERROR ratis.XceiverServerRatis (XceiverServerRatis.java:triggerPipelineClose(575)) - pipeline Action CLOSE  on pipeline PipelineID=9b5330a7-e06f-4957-8ee5-89364a117de9.Reason : 2a454ec2-3cfa-49cf-9003-841835eb2002 has not seen follower/s fb5c35a7-52ed-48ed-856a-22aafd4627bf for 154780ms f255fb19-c941-42ad-8caf-606d85b027b3 for 154781ms
2019-09-17 03:23:43,127 [org.apache.ratis.server.impl.LogAppender$AppenderDaemon$$Lambda$550/692567409@4f879821] ERROR ratis.XceiverServerRatis (XceiverServerRatis.java:triggerPipelineClose(575)) - pipeline Action CLOSE  on pipeline PipelineID=9b5330a7-e06f-4957-8ee5-89364a117de9.Reason : 2a454ec2-3cfa-49cf-9003-841835eb2002 has not seen follower/s fb5c35a7-52ed-48ed-856a-22aafd4627bf for 154780ms f255fb19-c941-42ad-8caf-606d85b027b3 for 154781ms
2019-09-17 03:23:43,612 [EventQueue-PipelineActionsForPipelineActionHandler] ERROR pipeline.PipelineActionHandler (PipelineActionHandler.java:onMessage(60)) - Received pipeline action CLOSE for Pipeline[ Id: 9b5330a7-e06f-4957-8ee5-89364a117de9, Nodes: 2a454ec2-3cfa-49cf-9003-841835eb2002{ip: 192.168.151.92, host: pr-hdds-2139-j8dx6-1450124282, networkLocation: /default-rack, certSerialId: null}f255fb19-c941-42ad-8caf-606d85b027b3{ip: 192.168.151.92, host: pr-hdds-2139-j8dx6-1450124282, networkLocation: /default-rack, certSerialId: null}fb5c35a7-52ed-48ed-856a-22aafd4627bf{ip: 192.168.151.92, host: pr-hdds-2139-j8dx6-1450124282, networkLocation: /default-rack, certSerialId: null}, Type:RATIS, Factor:THREE, State:CLOSED] from datanode 2a454ec2-3cfa-49cf-9003-841835eb2002{ip: 192.168.151.92, host: pr-hdds-2139-j8dx6-1450124282, networkLocation: /default-rack, certSerialId: null}. Reason : 2a454ec2-3cfa-49cf-9003-841835eb2002 has not seen follower/s fb5c35a7-52ed-48ed-856a-22aafd4627bf for 154780ms f255fb19-c941-42ad-8caf-606d85b027b3 for 154781ms
2019-09-17 03:23:43,612 [EventQueue-PipelineActionsForPipelineActionHandler] INFO  pipeline.SCMPipelineManager (SCMPipelineManager.java:finalizeAndDestroyPipeline(311)) - destroying pipeline:Pipeline[ Id: 9b5330a7-e06f-4957-8ee5-89364a117de9, Nodes: 2a454ec2-3cfa-49cf-9003-841835eb2002{ip: 192.168.151.92, host: pr-hdds-2139-j8dx6-1450124282, networkLocation: /default-rack, certSerialId: null}f255fb19-c941-42ad-8caf-606d85b027b3{ip: 192.168.151.92, host: pr-hdds-2139-j8dx6-1450124282, networkLocation: /default-rack, certSerialId: null}fb5c35a7-52ed-48ed-856a-22aafd4627bf{ip: 192.168.151.92, host: pr-hdds-2139-j8dx6-1450124282, networkLocation: /default-rack, certSerialId: null}, Type:RATIS, Factor:THREE, State:CLOSED]
2019-09-17 03:23:43,625 [java.util.concurrent.ThreadPoolExecutor$Worker@2cfcc4f0[State = -1, empty queue]] WARN  server.GrpcLogAppender (GrpcLogAppender.java:timeoutAppendRequest(200)) - 2a454ec2-3cfa-49cf-9003-841835eb2002@group-89364A117DE9->fb5c35a7-52ed-48ed-856a-22aafd4627bf-GrpcLogAppender: appendEntries Timeout, request=2a454ec2-3cfa-49cf-9003-841835eb2002->fb5c35a7-52ed-48ed-856a-22aafd4627bf#156-t1, previous=(t:1, i:19), leaderCommit=12, initializing? false, entries: <empty>
2019-09-17 03:23:43,625 [java.util.concurrent.ThreadPoolExecutor$Worker@200c90e7[State = -1, empty queue]] WARN  server.GrpcLogAppender (GrpcLogAppender.java:timeoutAppendRequest(200)) - 2a454ec2-3cfa-49cf-9003-841835eb2002@group-89364A117DE9->f255fb19-c941-42ad-8caf-606d85b027b3-GrpcLogAppender: appendEntries Timeout, request=2a454ec2-3cfa-49cf-9003-841835eb2002->f255fb19-c941-42ad-8caf-606d85b027b3#156-t1, previous=(t:1, i:19), leaderCommit=12, initializing? false, entries: <empty>
2019-09-17 03:23:44,922 [grpc-default-executor-3] INFO  client.GrpcClientProtocolClient (GrpcClientProtocolClient.java:onNext(264)) - client-FCF838B3A418->fb5c35a7-52ed-48ed-856a-22aafd4627bf: receive RaftClientReply:client-FCF838B3A418->fb5c35a7-52ed-48ed-856a-22aafd4627bf@group-89364A117DE9, cid=33, FAILED org.apache.ratis.protocol.NotLeaderException: Server fb5c35a7-52ed-48ed-856a-22aafd4627bf@group-89364A117DE9 is not the leader 2a454ec2-3cfa-49cf-9003-841835eb2002:192.168.151.92:33622, logIndex=0, commits[fb5c35a7-52ed-48ed-856a-22aafd4627bf:c12, f255fb19-c941-42ad-8caf-606d85b027b3:c10, 2a454ec2-3cfa-49cf-9003-841835eb2002:c12]
2019-09-17 03:23:45,627 [org.apache.ratis.server.impl.LogAppender$AppenderDaemon$$Lambda$550/692567409@77391bec] ERROR ratis.XceiverServerRatis (XceiverServerRatis.java:triggerPipelineClose(575)) - pipeline Action CLOSE  on pipeline PipelineID=9b5330a7-e06f-4957-8ee5-89364a117de9.Reason : 2a454ec2-3cfa-49cf-9003-841835eb2002 has not seen follower/s fb5c35a7-52ed-48ed-856a-22aafd4627bf for 157281ms f255fb19-c941-42ad-8caf-606d85b027b3 for 157281ms
2019-09-17 03:23:45,627 [org.apache.ratis.server.impl.LogAppender$AppenderDaemon$$Lambda$550/692567409@4f879821] ERROR ratis.XceiverServerRatis (XceiverServerRatis.java:triggerPipelineClose(575)) - pipeline Action CLOSE  on pipeline PipelineID=9b5330a7-e06f-4957-8ee5-89364a117de9.Reason : 2a454ec2-3cfa-49cf-9003-841835eb2002 has not seen follower/s fb5c35a7-52ed-48ed-856a-22aafd4627bf for 157281ms f255fb19-c941-42ad-8caf-606d85b027b3 for 157281ms
2019-09-17 03:23:46,127 [java.util.concurrent.ThreadPoolExecutor$Worker@2cfcc4f0[State = -1, empty queue]] WARN  server.GrpcLogAppender (GrpcLogAppender.java:timeoutAppendRequest(200)) - 2a454ec2-3cfa-49cf-9003-841835eb2002@group-89364A117DE9->fb5c35a7-52ed-48ed-856a-22aafd4627bf-GrpcLogAppender: appendEntries Timeout, request=2a454ec2-3cfa-49cf-9003-841835eb2002->fb5c35a7-52ed-48ed-856a-22aafd4627bf#157-t1, previous=(t:1, i:19), leaderCommit=12, initializing? false, entries: <empty>
2019-09-17 03:23:46,127 [java.util.concurrent.ThreadPoolExecutor$Worker@200c90e7[State = -1, empty queue]] WARN  server.GrpcLogAppender (GrpcLogAppender.java:timeoutAppendRequest(200)) - 2a454ec2-3cfa-49cf-9003-841835eb2002@group-89364A117DE9->f255fb19-c941-42ad-8caf-606d85b027b3-GrpcLogAppender: appendEntries Timeout, request=2a454ec2-3cfa-49cf-9003-841835eb2002->f255fb19-c941-42ad-8caf-606d85b027b3#157-t1, previous=(t:1, i:19), leaderCommit=12, initializing? false, entries: <empty>
2019-09-17 03:23:46,613 [EventQueue-PipelineActionsForPipelineActionHandler] ERROR pipeline.PipelineActionHandler (PipelineActionHandler.java:onMessage(60)) - Received pipeline action CLOSE for Pipeline[ Id: 9b5330a7-e06f-4957-8ee5-89364a117de9, Nodes: 2a454ec2-3cfa-49cf-9003-841835eb2002{ip: 192.168.151.92, host: pr-hdds-2139-j8dx6-1450124282, networkLocation: /default-rack, certSerialId: null}f255fb19-c941-42ad-8caf-606d85b027b3{ip: 192.168.151.92, host: pr-hdds-2139-j8dx6-1450124282, networkLocation: /default-rack, certSerialId: null}fb5c35a7-52ed-48ed-856a-22aafd4627bf{ip: 192.168.151.92, host: pr-hdds-2139-j8dx6-1450124282, networkLocation: /default-rack, certSerialId: null}, Type:RATIS, Factor:THREE, State:CLOSED] from datanode 2a454ec2-3cfa-49cf-9003-841835eb2002{ip: 192.168.151.92, host: pr-hdds-2139-j8dx6-1450124282, networkLocation: /default-rack, certSerialId: null}. Reason : 2a454ec2-3cfa-49cf-9003-841835eb2002 has not seen follower/s fb5c35a7-52ed-48ed-856a-22aafd4627bf for 157281ms f255fb19-c941-42ad-8caf-606d85b027b3 for 157281ms
2019-09-17 03:23:46,613 [EventQueue-PipelineActionsForPipelineActionHandler] INFO  pipeline.SCMPipelineManager (SCMPipelineManager.java:finalizeAndDestroyPipeline(311)) - destroying pipeline:Pipeline[ Id: 9b5330a7-e06f-4957-8ee5-89364a117de9, Nodes: 2a454ec2-3cfa-49cf-9003-841835eb2002{ip: 192.168.151.92, host: pr-hdds-2139-j8dx6-1450124282, networkLocation: /default-rack, certSerialId: null}f255fb19-c941-42ad-8caf-606d85b027b3{ip: 192.168.151.92, host: pr-hdds-2139-j8dx6-1450124282, networkLocation: /default-rack, certSerialId: null}fb5c35a7-52ed-48ed-856a-22aafd4627bf{ip: 192.168.151.92, host: pr-hdds-2139-j8dx6-1450124282, networkLocation: /default-rack, certSerialId: null}, Type:RATIS, Factor:THREE, State:CLOSED]
2019-09-17 03:23:48,129 [org.apache.ratis.server.impl.LogAppender$AppenderDaemon$$Lambda$550/692567409@4f879821] ERROR ratis.XceiverServerRatis (XceiverServerRatis.java:triggerPipelineClose(575)) - pipeline Action CLOSE  on pipeline PipelineID=9b5330a7-e06f-4957-8ee5-89364a117de9.Reason : 2a454ec2-3cfa-49cf-9003-841835eb2002 has not seen follower/s fb5c35a7-52ed-48ed-856a-22aafd4627bf for 159783ms f255fb19-c941-42ad-8caf-606d85b027b3 for 159783ms
2019-09-17 03:23:48,129 [org.apache.ratis.server.impl.LogAppender$AppenderDaemon$$Lambda$550/692567409@77391bec] ERROR ratis.XceiverServerRatis (XceiverServerRatis.java:triggerPipelineClose(575)) - pipeline Action CLOSE  on pipeline PipelineID=9b5330a7-e06f-4957-8ee5-89364a117de9.Reason : 2a454ec2-3cfa-49cf-9003-841835eb2002 has not seen follower/s fb5c35a7-52ed-48ed-856a-22aafd4627bf for 159783ms f255fb19-c941-42ad-8caf-606d85b027b3 for 159783ms
2019-09-17 03:23:48,561 [2a454ec2-3cfa-49cf-9003-841835eb2002@group-89364A117DE9-SegmentedRaftLogWorker] WARN  segmented.SegmentedRaftLogWorker (SegmentedRaftLogWorker.java:getFromFuture(90)) - Timeout 15/~
org.apache.ratis.protocol.TimeoutIOException: Timeout 10s: WriteLog:14: (t:1, i:14), STATEMACHINELOGENTRY, client-FCF838B3A418, cid=34-writeStateMachineData
	at org.apache.ratis.util.IOUtils.getFromFuture(IOUtils.java:87)
	at org.apache.ratis.server.raftlog.segmented.SegmentedRaftLogWorker$StateMachineDataPolicy.getFromFuture(SegmentedRaftLogWorker.java:87)
	at org.apache.ratis.server.raftlog.segmented.SegmentedRaftLogWorker$WriteLog.execute(SegmentedRaftLogWorker.java:477)
	at org.apache.ratis.server.raftlog.segmented.SegmentedRaftLogWorker.run(SegmentedRaftLogWorker.java:289)
	at java.lang.Thread.run(Thread.java:748)
Caused by: java.util.concurrent.TimeoutException
	at java.util.concurrent.CompletableFuture.timedGet(CompletableFuture.java:1771)
	at java.util.concurrent.CompletableFuture.get(CompletableFuture.java:1915)
	at org.apache.ratis.util.IOUtils.getFromFuture(IOUtils.java:79)
	... 4 more
2019-09-17 03:23:48,576 [fb5c35a7-52ed-48ed-856a-22aafd4627bf@group-89364A117DE9-SegmentedRaftLogWorker] WARN  segmented.SegmentedRaftLogWorker (SegmentedRaftLogWorker.java:getFromFuture(90)) - Timeout 15/~
org.apache.ratis.protocol.TimeoutIOException: Timeout 10s: WriteLog:14: (t:1, i:14), STATEMACHINELOGENTRY, client-FCF838B3A418, cid=34-writeStateMachineData
	at org.apache.ratis.util.IOUtils.getFromFuture(IOUtils.java:87)
	at org.apache.ratis.server.raftlog.segmented.SegmentedRaftLogWorker$StateMachineDataPolicy.getFromFuture(SegmentedRaftLogWorker.java:87)
	at org.apache.ratis.server.raftlog.segmented.SegmentedRaftLogWorker$WriteLog.execute(SegmentedRaftLogWorker.java:477)
	at org.apache.ratis.server.raftlog.segmented.SegmentedRaftLogWorker.run(SegmentedRaftLogWorker.java:289)
	at java.lang.Thread.run(Thread.java:748)
Caused by: java.util.concurrent.TimeoutException
	at java.util.concurrent.CompletableFuture.timedGet(CompletableFuture.java:1771)
	at java.util.concurrent.CompletableFuture.get(CompletableFuture.java:1915)
	at org.apache.ratis.util.IOUtils.getFromFuture(IOUtils.java:79)
	... 4 more
2019-09-17 03:23:48,606 [f255fb19-c941-42ad-8caf-606d85b027b3@group-89364A117DE9-SegmentedRaftLogWorker] WARN  segmented.SegmentedRaftLogWorker (SegmentedRaftLogWorker.java:getFromFuture(90)) - Timeout 15/~
org.apache.ratis.protocol.TimeoutIOException: Timeout 10s: WriteLog:14: (t:1, i:14), STATEMACHINELOGENTRY, client-FCF838B3A418, cid=34-writeStateMachineData
	at org.apache.ratis.util.IOUtils.getFromFuture(IOUtils.java:87)
	at org.apache.ratis.server.raftlog.segmented.SegmentedRaftLogWorker$StateMachineDataPolicy.getFromFuture(SegmentedRaftLogWorker.java:87)
	at org.apache.ratis.server.raftlog.segmented.SegmentedRaftLogWorker$WriteLog.execute(SegmentedRaftLogWorker.java:477)
	at org.apache.ratis.server.raftlog.segmented.SegmentedRaftLogWorker.run(SegmentedRaftLogWorker.java:289)
	at java.lang.Thread.run(Thread.java:748)
Caused by: java.util.concurrent.TimeoutException
	at java.util.concurrent.CompletableFuture.timedGet(CompletableFuture.java:1771)
	at java.util.concurrent.CompletableFuture.get(CompletableFuture.java:1915)
	at org.apache.ratis.util.IOUtils.getFromFuture(IOUtils.java:79)
	... 4 more
2019-09-17 03:23:48,614 [EventQueue-PipelineActionsForPipelineActionHandler] ERROR pipeline.PipelineActionHandler (PipelineActionHandler.java:onMessage(60)) - Received pipeline action CLOSE for Pipeline[ Id: 9b5330a7-e06f-4957-8ee5-89364a117de9, Nodes: 2a454ec2-3cfa-49cf-9003-841835eb2002{ip: 192.168.151.92, host: pr-hdds-2139-j8dx6-1450124282, networkLocation: /default-rack, certSerialId: null}f255fb19-c941-42ad-8caf-606d85b027b3{ip: 192.168.151.92, host: pr-hdds-2139-j8dx6-1450124282, networkLocation: /default-rack, certSerialId: null}fb5c35a7-52ed-48ed-856a-22aafd4627bf{ip: 192.168.151.92, host: pr-hdds-2139-j8dx6-1450124282, networkLocation: /default-rack, certSerialId: null}, Type:RATIS, Factor:THREE, State:CLOSED] from datanode 2a454ec2-3cfa-49cf-9003-841835eb2002{ip: 192.168.151.92, host: pr-hdds-2139-j8dx6-1450124282, networkLocation: /default-rack, certSerialId: null}. Reason : 2a454ec2-3cfa-49cf-9003-841835eb2002 has not seen follower/s fb5c35a7-52ed-48ed-856a-22aafd4627bf for 159783ms f255fb19-c941-42ad-8caf-606d85b027b3 for 159783ms
2019-09-17 03:23:48,615 [EventQueue-PipelineActionsForPipelineActionHandler] INFO  pipeline.SCMPipelineManager (SCMPipelineManager.java:finalizeAndDestroyPipeline(311)) - destroying pipeline:Pipeline[ Id: 9b5330a7-e06f-4957-8ee5-89364a117de9, Nodes: 2a454ec2-3cfa-49cf-9003-841835eb2002{ip: 192.168.151.92, host: pr-hdds-2139-j8dx6-1450124282, networkLocation: /default-rack, certSerialId: null}f255fb19-c941-42ad-8caf-606d85b027b3{ip: 192.168.151.92, host: pr-hdds-2139-j8dx6-1450124282, networkLocation: /default-rack, certSerialId: null}fb5c35a7-52ed-48ed-856a-22aafd4627bf{ip: 192.168.151.92, host: pr-hdds-2139-j8dx6-1450124282, networkLocation: /default-rack, certSerialId: null}, Type:RATIS, Factor:THREE, State:CLOSED]
2019-09-17 03:23:48,627 [java.util.concurrent.ThreadPoolExecutor$Worker@2cfcc4f0[State = -1, empty queue]] WARN  server.GrpcLogAppender (GrpcLogAppender.java:timeoutAppendRequest(200)) - 2a454ec2-3cfa-49cf-9003-841835eb2002@group-89364A117DE9->fb5c35a7-52ed-48ed-856a-22aafd4627bf-GrpcLogAppender: appendEntries Timeout, request=2a454ec2-3cfa-49cf-9003-841835eb2002->fb5c35a7-52ed-48ed-856a-22aafd4627bf#158-t1, previous=(t:1, i:19), leaderCommit=12, initializing? false, entries: <empty>
2019-09-17 03:23:48,627 [java.util.concurrent.ThreadPoolExecutor$Worker@200c90e7[State = -1, empty queue]] WARN  server.GrpcLogAppender (GrpcLogAppender.java:timeoutAppendRequest(200)) - 2a454ec2-3cfa-49cf-9003-841835eb2002@group-89364A117DE9->f255fb19-c941-42ad-8caf-606d85b027b3-GrpcLogAppender: appendEntries Timeout, request=2a454ec2-3cfa-49cf-9003-841835eb2002->f255fb19-c941-42ad-8caf-606d85b027b3#158-t1, previous=(t:1, i:19), leaderCommit=12, initializing? false, entries: <empty>
2019-09-17 03:23:49,838 [grpc-default-executor-2] INFO  impl.RaftServerProxy (RaftServerProxy.java:addNew(89)) - 2a454ec2-3cfa-49cf-9003-841835eb2002: addNew group-635631644DC9:[fb5c35a7-52ed-48ed-856a-22aafd4627bf:192.168.151.92:35371, f255fb19-c941-42ad-8caf-606d85b027b3:192.168.151.92:37040, 2a454ec2-3cfa-49cf-9003-841835eb2002:192.168.151.92:33622] returns group-635631644DC9:java.util.concurrent.CompletableFuture@51631e42[Not completed]
2019-09-17 03:23:49,838 [grpc-default-executor-3] INFO  impl.RaftServerProxy (RaftServerProxy.java:addNew(89)) - fb5c35a7-52ed-48ed-856a-22aafd4627bf: addNew group-635631644DC9:[fb5c35a7-52ed-48ed-856a-22aafd4627bf:192.168.151.92:35371, f255fb19-c941-42ad-8caf-606d85b027b3:192.168.151.92:37040, 2a454ec2-3cfa-49cf-9003-841835eb2002:192.168.151.92:33622] returns group-635631644DC9:java.util.concurrent.CompletableFuture@2c95cfa3[Not completed]
2019-09-17 03:23:49,839 [grpc-default-executor-5] INFO  impl.RaftServerProxy (RaftServerProxy.java:addNew(89)) - f255fb19-c941-42ad-8caf-606d85b027b3: addNew group-635631644DC9:[fb5c35a7-52ed-48ed-856a-22aafd4627bf:192.168.151.92:35371, f255fb19-c941-42ad-8caf-606d85b027b3:192.168.151.92:37040, 2a454ec2-3cfa-49cf-9003-841835eb2002:192.168.151.92:33622] returns group-635631644DC9:java.util.concurrent.CompletableFuture@58b00679[Not completed]
2019-09-17 03:23:49,843 [pool-57-thread-1] INFO  impl.RaftServerImpl (RaftServerImpl.java:<init>(95)) - fb5c35a7-52ed-48ed-856a-22aafd4627bf: new RaftServerImpl for group-635631644DC9:[fb5c35a7-52ed-48ed-856a-22aafd4627bf:192.168.151.92:35371, f255fb19-c941-42ad-8caf-606d85b027b3:192.168.151.92:37040, 2a454ec2-3cfa-49cf-9003-841835eb2002:192.168.151.92:33622] with ContainerStateMachine:uninitialized
2019-09-17 03:23:49,843 [pool-57-thread-1] INFO  server.RaftServerConfigKeys (ConfUtils.java:logGet(43)) - raft.server.rpc.timeout.min = 5s (custom)
2019-09-17 03:23:49,843 [pool-57-thread-1] INFO  server.RaftServerConfigKeys (ConfUtils.java:logGet(43)) - raft.server.rpc.timeout.max = 5200ms (custom)
2019-09-17 03:23:49,843 [pool-57-thread-1] INFO  server.RaftServerConfigKeys (ConfUtils.java:logGet(43)) - raft.server.rpcslowness.timeout = 120s (custom)
2019-09-17 03:23:49,843 [pool-57-thread-1] INFO  server.RaftServerConfigKeys (ConfUtils.java:logGet(43)) - raft.server.sleep.deviation.threshold = 300 (default)
2019-09-17 03:23:49,843 [pool-47-thread-1] INFO  impl.RaftServerImpl (RaftServerImpl.java:<init>(95)) - f255fb19-c941-42ad-8caf-606d85b027b3: new RaftServerImpl for group-635631644DC9:[fb5c35a7-52ed-48ed-856a-22aafd4627bf:192.168.151.92:35371, f255fb19-c941-42ad-8caf-606d85b027b3:192.168.151.92:37040, 2a454ec2-3cfa-49cf-9003-841835eb2002:192.168.151.92:33622] with ContainerStateMachine:uninitialized
2019-09-17 03:23:49,844 [pool-57-thread-1] INFO  server.RaftServerConfigKeys (ConfUtils.java:logGet(43)) - raft.server.log.appender.install.snapshot.enabled = false (custom)
2019-09-17 03:23:49,844 [pool-47-thread-1] INFO  server.RaftServerConfigKeys (ConfUtils.java:logGet(43)) - raft.server.rpc.timeout.min = 5s (custom)
2019-09-17 03:23:49,844 [pool-57-thread-1] INFO  impl.RaftServerImpl (ServerState.java:<init>(103)) - fb5c35a7-52ed-48ed-856a-22aafd4627bf@group-635631644DC9: ConfigurationManager, init=-1: [fb5c35a7-52ed-48ed-856a-22aafd4627bf:192.168.151.92:35371, f255fb19-c941-42ad-8caf-606d85b027b3:192.168.151.92:37040, 2a454ec2-3cfa-49cf-9003-841835eb2002:192.168.151.92:33622], old=null, confs=<EMPTY_MAP>
2019-09-17 03:23:49,844 [pool-47-thread-1] INFO  server.RaftServerConfigKeys (ConfUtils.java:logGet(43)) - raft.server.rpc.timeout.max = 5200ms (custom)
2019-09-17 03:23:49,844 [pool-47-thread-1] INFO  server.RaftServerConfigKeys (ConfUtils.java:logGet(43)) - raft.server.rpcslowness.timeout = 120s (custom)
2019-09-17 03:23:49,844 [pool-47-thread-1] INFO  server.RaftServerConfigKeys (ConfUtils.java:logGet(43)) - raft.server.sleep.deviation.threshold = 300 (default)
2019-09-17 03:23:49,844 [pool-57-thread-1] INFO  server.RaftServerConfigKeys (ConfUtils.java:logGet(43)) - raft.server.storage.dir = [/workdir/hadoop-ozone/integration-test/target/test-dir/MiniOzoneClusterImpl-1016471a-d40a-48f2-8884-b9093ef4fa4a/datanode-3/data/ratis] (custom)
2019-09-17 03:23:49,845 [pool-77-thread-1] INFO  impl.RaftServerImpl (RaftServerImpl.java:<init>(95)) - 2a454ec2-3cfa-49cf-9003-841835eb2002: new RaftServerImpl for group-635631644DC9:[fb5c35a7-52ed-48ed-856a-22aafd4627bf:192.168.151.92:35371, f255fb19-c941-42ad-8caf-606d85b027b3:192.168.151.92:37040, 2a454ec2-3cfa-49cf-9003-841835eb2002:192.168.151.92:33622] with ContainerStateMachine:uninitialized
2019-09-17 03:23:49,844 [pool-47-thread-1] INFO  server.RaftServerConfigKeys (ConfUtils.java:logGet(43)) - raft.server.log.appender.install.snapshot.enabled = false (custom)
2019-09-17 03:23:49,845 [pool-77-thread-1] INFO  server.RaftServerConfigKeys (ConfUtils.java:logGet(43)) - raft.server.rpc.timeout.min = 5s (custom)
2019-09-17 03:23:49,845 [pool-57-thread-1] INFO  storage.RaftStorageDirectory (RaftStorageDirectory.java:analyzeStorage(246)) - The storage directory /workdir/hadoop-ozone/integration-test/target/test-dir/MiniOzoneClusterImpl-1016471a-d40a-48f2-8884-b9093ef4fa4a/datanode-3/data/ratis/16631309-8736-430e-a702-635631644dc9 does not exist. Creating ...
2019-09-17 03:23:49,845 [pool-47-thread-1] INFO  impl.RaftServerImpl (ServerState.java:<init>(103)) - f255fb19-c941-42ad-8caf-606d85b027b3@group-635631644DC9: ConfigurationManager, init=-1: [fb5c35a7-52ed-48ed-856a-22aafd4627bf:192.168.151.92:35371, f255fb19-c941-42ad-8caf-606d85b027b3:192.168.151.92:37040, 2a454ec2-3cfa-49cf-9003-841835eb2002:192.168.151.92:33622], old=null, confs=<EMPTY_MAP>
2019-09-17 03:23:49,845 [pool-77-thread-1] INFO  server.RaftServerConfigKeys (ConfUtils.java:logGet(43)) - raft.server.rpc.timeout.max = 5200ms (custom)
2019-09-17 03:23:49,845 [pool-47-thread-1] INFO  server.RaftServerConfigKeys (ConfUtils.java:logGet(43)) - raft.server.storage.dir = [/workdir/hadoop-ozone/integration-test/target/test-dir/MiniOzoneClusterImpl-1016471a-d40a-48f2-8884-b9093ef4fa4a/datanode-2/data/ratis] (custom)
2019-09-17 03:23:49,846 [pool-77-thread-1] INFO  server.RaftServerConfigKeys (ConfUtils.java:logGet(43)) - raft.server.rpcslowness.timeout = 120s (custom)
2019-09-17 03:23:49,846 [pool-77-thread-1] INFO  server.RaftServerConfigKeys (ConfUtils.java:logGet(43)) - raft.server.sleep.deviation.threshold = 300 (default)
2019-09-17 03:23:49,846 [pool-77-thread-1] INFO  server.RaftServerConfigKeys (ConfUtils.java:logGet(43)) - raft.server.log.appender.install.snapshot.enabled = false (custom)
2019-09-17 03:23:49,846 [pool-47-thread-1] INFO  storage.RaftStorageDirectory (RaftStorageDirectory.java:analyzeStorage(246)) - The storage directory /workdir/hadoop-ozone/integration-test/target/test-dir/MiniOzoneClusterImpl-1016471a-d40a-48f2-8884-b9093ef4fa4a/datanode-2/data/ratis/16631309-8736-430e-a702-635631644dc9 does not exist. Creating ...
2019-09-17 03:23:49,846 [pool-77-thread-1] INFO  impl.RaftServerImpl (ServerState.java:<init>(103)) - 2a454ec2-3cfa-49cf-9003-841835eb2002@group-635631644DC9: ConfigurationManager, init=-1: [fb5c35a7-52ed-48ed-856a-22aafd4627bf:192.168.151.92:35371, f255fb19-c941-42ad-8caf-606d85b027b3:192.168.151.92:37040, 2a454ec2-3cfa-49cf-9003-841835eb2002:192.168.151.92:33622], old=null, confs=<EMPTY_MAP>
2019-09-17 03:23:49,847 [pool-77-thread-1] INFO  server.RaftServerConfigKeys (ConfUtils.java:logGet(43)) - raft.server.storage.dir = [/workdir/hadoop-ozone/integration-test/target/test-dir/MiniOzoneClusterImpl-1016471a-d40a-48f2-8884-b9093ef4fa4a/datanode-5/data/ratis] (custom)
2019-09-17 03:23:49,847 [pool-77-thread-1] INFO  storage.RaftStorageDirectory (RaftStorageDirectory.java:analyzeStorage(246)) - The storage directory /workdir/hadoop-ozone/integration-test/target/test-dir/MiniOzoneClusterImpl-1016471a-d40a-48f2-8884-b9093ef4fa4a/datanode-5/data/ratis/16631309-8736-430e-a702-635631644dc9 does not exist. Creating ...
2019-09-17 03:23:49,953 [pool-57-thread-1] INFO  storage.RaftStorageDirectory (RaftStorageDirectory.java:tryLock(328)) - Lock on /workdir/hadoop-ozone/integration-test/target/test-dir/MiniOzoneClusterImpl-1016471a-d40a-48f2-8884-b9093ef4fa4a/datanode-3/data/ratis/16631309-8736-430e-a702-635631644dc9/in_use.lock acquired by nodename 30529@pr-hdds-2139-j8dx6-1450124282
2019-09-17 03:23:49,954 [pool-77-thread-1] INFO  storage.RaftStorageDirectory (RaftStorageDirectory.java:tryLock(328)) - Lock on /workdir/hadoop-ozone/integration-test/target/test-dir/MiniOzoneClusterImpl-1016471a-d40a-48f2-8884-b9093ef4fa4a/datanode-5/data/ratis/16631309-8736-430e-a702-635631644dc9/in_use.lock acquired by nodename 30529@pr-hdds-2139-j8dx6-1450124282
2019-09-17 03:23:49,953 [pool-47-thread-1] INFO  storage.RaftStorageDirectory (RaftStorageDirectory.java:tryLock(328)) - Lock on /workdir/hadoop-ozone/integration-test/target/test-dir/MiniOzoneClusterImpl-1016471a-d40a-48f2-8884-b9093ef4fa4a/datanode-2/data/ratis/16631309-8736-430e-a702-635631644dc9/in_use.lock acquired by nodename 30529@pr-hdds-2139-j8dx6-1450124282
2019-09-17 03:23:49,966 [grpc-default-executor-3] INFO  client.GrpcClientProtocolClient (GrpcClientProtocolClient.java:onNext(264)) - client-FCF838B3A418->fb5c35a7-52ed-48ed-856a-22aafd4627bf: receive RaftClientReply:client-FCF838B3A418->fb5c35a7-52ed-48ed-856a-22aafd4627bf@group-89364A117DE9, cid=33, FAILED org.apache.ratis.protocol.NotLeaderException: Server fb5c35a7-52ed-48ed-856a-22aafd4627bf@group-89364A117DE9 is not the leader 2a454ec2-3cfa-49cf-9003-841835eb2002:192.168.151.92:33622, logIndex=0, commits[fb5c35a7-52ed-48ed-856a-22aafd4627bf:c12, f255fb19-c941-42ad-8caf-606d85b027b3:c10, 2a454ec2-3cfa-49cf-9003-841835eb2002:c12]
2019-09-17 03:23:49,975 [pool-47-thread-1] INFO  storage.RaftStorage (RaftStorage.java:format(72)) - Storage directory /workdir/hadoop-ozone/integration-test/target/test-dir/MiniOzoneClusterImpl-1016471a-d40a-48f2-8884-b9093ef4fa4a/datanode-2/data/ratis/16631309-8736-430e-a702-635631644dc9 has been successfully formatted.
2019-09-17 03:23:49,975 [pool-77-thread-1] INFO  storage.RaftStorage (RaftStorage.java:format(72)) - Storage directory /workdir/hadoop-ozone/integration-test/target/test-dir/MiniOzoneClusterImpl-1016471a-d40a-48f2-8884-b9093ef4fa4a/datanode-5/data/ratis/16631309-8736-430e-a702-635631644dc9 has been successfully formatted.
2019-09-17 03:23:49,975 [pool-57-thread-1] INFO  storage.RaftStorage (RaftStorage.java:format(72)) - Storage directory /workdir/hadoop-ozone/integration-test/target/test-dir/MiniOzoneClusterImpl-1016471a-d40a-48f2-8884-b9093ef4fa4a/datanode-3/data/ratis/16631309-8736-430e-a702-635631644dc9 has been successfully formatted.
2019-09-17 03:23:49,978 [pool-47-thread-1] INFO  ratis.ContainerStateMachine (ContainerStateMachine.java:loadSnapshot(230)) - group-635631644DC9: The snapshot info is null. Setting the last applied indexto:(t:0, i:~)
2019-09-17 03:23:49,978 [pool-57-thread-1] INFO  ratis.ContainerStateMachine (ContainerStateMachine.java:loadSnapshot(230)) - group-635631644DC9: The snapshot info is null. Setting the last applied indexto:(t:0, i:~)
2019-09-17 03:23:49,978 [pool-77-thread-1] INFO  ratis.ContainerStateMachine (ContainerStateMachine.java:loadSnapshot(230)) - group-635631644DC9: The snapshot info is null. Setting the last applied indexto:(t:0, i:~)
2019-09-17 03:23:49,979 [pool-57-thread-1] INFO  server.RaftServerConfigKeys (ConfUtils.java:logGet(43)) - raft.server.notification.no-leader.timeout = 120s (custom)
2019-09-17 03:23:49,978 [pool-47-thread-1] INFO  server.RaftServerConfigKeys (ConfUtils.java:logGet(43)) - raft.server.notification.no-leader.timeout = 120s (custom)
2019-09-17 03:23:49,979 [pool-57-thread-1] INFO  server.RaftServerConfigKeys (ConfUtils.java:logGet(43)) - raft.server.log.use.memory = false (default)
2019-09-17 03:23:49,979 [pool-77-thread-1] INFO  server.RaftServerConfigKeys (ConfUtils.java:logGet(43)) - raft.server.notification.no-leader.timeout = 120s (custom)
2019-09-17 03:23:49,979 [pool-57-thread-1] INFO  server.RaftServerConfigKeys (ConfUtils.java:logGet(43)) - raft.server.log.purge.gap = 1000000 (custom)
2019-09-17 03:23:49,979 [pool-47-thread-1] INFO  server.RaftServerConfigKeys (ConfUtils.java:logGet(43)) - raft.server.log.use.memory = false (default)
2019-09-17 03:23:49,980 [pool-57-thread-1] INFO  server.RaftServerConfigKeys (ConfUtils.java:logGet(43)) - raft.server.log.appender.buffer.byte-limit = 33554432 (custom)
2019-09-17 03:23:49,980 [pool-77-thread-1] INFO  server.RaftServerConfigKeys (ConfUtils.java:logGet(43)) - raft.server.log.use.memory = false (default)
2019-09-17 03:23:49,980 [pool-57-thread-1] INFO  server.RaftServerConfigKeys (ConfUtils.java:logGet(43)) - raft.server.log.segment.size.max = 1048576 (custom)
2019-09-17 03:23:49,980 [pool-47-thread-1] INFO  server.RaftServerConfigKeys (ConfUtils.java:logGet(43)) - raft.server.log.purge.gap = 1000000 (custom)
2019-09-17 03:23:49,980 [pool-57-thread-1] INFO  server.RaftServerConfigKeys (ConfUtils.java:logGet(43)) - raft.server.log.segment.cache.num.max = 2 (custom)
2019-09-17 03:23:49,980 [pool-77-thread-1] INFO  server.RaftServerConfigKeys (ConfUtils.java:logGet(43)) - raft.server.log.purge.gap = 1000000 (custom)
2019-09-17 03:23:49,981 [pool-57-thread-1] INFO  segmented.SegmentedRaftLogWorker (SegmentedRaftLogWorker.java:<init>(172)) - new fb5c35a7-52ed-48ed-856a-22aafd4627bf@group-635631644DC9-SegmentedRaftLogWorker for RaftStorage:Storage Directory /workdir/hadoop-ozone/integration-test/target/test-dir/MiniOzoneClusterImpl-1016471a-d40a-48f2-8884-b9093ef4fa4a/datanode-3/data/ratis/16631309-8736-430e-a702-635631644dc9
2019-09-17 03:23:49,980 [pool-47-thread-1] INFO  server.RaftServerConfigKeys (ConfUtils.java:logGet(43)) - raft.server.log.appender.buffer.byte-limit = 33554432 (custom)
2019-09-17 03:23:49,981 [pool-57-thread-1] INFO  server.RaftServerConfigKeys (ConfUtils.java:logGet(43)) - raft.server.log.queue.byte-limit = 2147483647 (custom)
2019-09-17 03:23:49,981 [pool-77-thread-1] INFO  server.RaftServerConfigKeys (ConfUtils.java:logGet(43)) - raft.server.log.appender.buffer.byte-limit = 33554432 (custom)
2019-09-17 03:23:49,981 [pool-57-thread-1] INFO  server.RaftServerConfigKeys (ConfUtils.java:logGet(43)) - raft.server.log.queue.element-limit = 1024 (custom)
2019-09-17 03:23:49,981 [pool-47-thread-1] INFO  server.RaftServerConfigKeys (ConfUtils.java:logGet(43)) - raft.server.log.segment.size.max = 1048576 (custom)
2019-09-17 03:23:49,982 [pool-57-thread-1] INFO  server.RaftServerConfigKeys (ConfUtils.java:logGet(43)) - raft.server.log.segment.size.max = 1048576 (custom)
2019-09-17 03:23:49,982 [pool-77-thread-1] INFO  server.RaftServerConfigKeys (ConfUtils.java:logGet(43)) - raft.server.log.segment.size.max = 1048576 (custom)
2019-09-17 03:23:49,982 [pool-57-thread-1] INFO  server.RaftServerConfigKeys (ConfUtils.java:logGet(43)) - raft.server.log.preallocated.size = 16384 (custom)
2019-09-17 03:23:49,982 [pool-57-thread-1] INFO  server.RaftServerConfigKeys (ConfUtils.java:logGet(43)) - raft.server.log.write.buffer.size = 33554432 (custom)
2019-09-17 03:23:49,982 [pool-47-thread-1] INFO  server.RaftServerConfigKeys (ConfUtils.java:logGet(43)) - raft.server.log.segment.cache.num.max = 2 (custom)
2019-09-17 03:23:49,983 [pool-57-thread-1] INFO  server.RaftServerConfigKeys (ConfUtils.java:logGet(43)) - raft.server.log.force.sync.num = 128 (default)
2019-09-17 03:23:49,982 [pool-77-thread-1] INFO  server.RaftServerConfigKeys (ConfUtils.java:logGet(43)) - raft.server.log.segment.cache.num.max = 2 (custom)
2019-09-17 03:23:49,983 [pool-57-thread-1] INFO  server.RaftServerConfigKeys (ConfUtils.java:logGet(43)) - raft.server.log.statemachine.data.sync = true (default)
2019-09-17 03:23:49,983 [pool-57-thread-1] INFO  server.RaftServerConfigKeys (ConfUtils.java:logGet(43)) - raft.server.log.statemachine.data.sync.timeout = 10s (default)
2019-09-17 03:23:49,983 [pool-47-thread-1] INFO  segmented.SegmentedRaftLogWorker (SegmentedRaftLogWorker.java:<init>(172)) - new f255fb19-c941-42ad-8caf-606d85b027b3@group-635631644DC9-SegmentedRaftLogWorker for RaftStorage:Storage Directory /workdir/hadoop-ozone/integration-test/target/test-dir/MiniOzoneClusterImpl-1016471a-d40a-48f2-8884-b9093ef4fa4a/datanode-2/data/ratis/16631309-8736-430e-a702-635631644dc9
2019-09-17 03:23:49,984 [pool-57-thread-1] INFO  server.RaftServerConfigKeys (ConfUtils.java:logGet(43)) - raft.server.log.statemachine.data.sync.timeout.retry = -1 (default)
2019-09-17 03:23:49,983 [pool-77-thread-1] INFO  segmented.SegmentedRaftLogWorker (SegmentedRaftLogWorker.java:<init>(172)) - new 2a454ec2-3cfa-49cf-9003-841835eb2002@group-635631644DC9-SegmentedRaftLogWorker for RaftStorage:Storage Directory /workdir/hadoop-ozone/integration-test/target/test-dir/MiniOzoneClusterImpl-1016471a-d40a-48f2-8884-b9093ef4fa4a/datanode-5/data/ratis/16631309-8736-430e-a702-635631644dc9
2019-09-17 03:23:49,984 [pool-57-thread-1] INFO  server.RaftServerConfigKeys (ConfUtils.java:logGet(43)) - raft.server.log.statemachine.data.caching.enabled = true (custom)
2019-09-17 03:23:49,984 [pool-47-thread-1] INFO  server.RaftServerConfigKeys (ConfUtils.java:logGet(43)) - raft.server.log.queue.byte-limit = 2147483647 (custom)
2019-09-17 03:23:49,984 [pool-77-thread-1] INFO  server.RaftServerConfigKeys (ConfUtils.java:logGet(43)) - raft.server.log.queue.byte-limit = 2147483647 (custom)
2019-09-17 03:23:49,985 [pool-57-thread-1] INFO  segmented.SegmentedRaftLogWorker (SegmentedRaftLogWorker.java:lambda$new$0(132)) - fb5c35a7-52ed-48ed-856a-22aafd4627bf@group-635631644DC9-SegmentedRaftLogWorker: flushIndex: setUnconditionally 0 -> -1
2019-09-17 03:23:49,984 [pool-47-thread-1] INFO  server.RaftServerConfigKeys (ConfUtils.java:logGet(43)) - raft.server.log.queue.element-limit = 1024 (custom)
2019-09-17 03:23:49,985 [pool-77-thread-1] INFO  server.RaftServerConfigKeys (ConfUtils.java:logGet(43)) - raft.server.log.queue.element-limit = 1024 (custom)
2019-09-17 03:23:49,985 [pool-57-thread-1] INFO  server.RaftServerConfigKeys (ConfUtils.java:logGet(43)) - raft.server.snapshot.auto.trigger.enabled = true (custom)
2019-09-17 03:23:49,985 [pool-57-thread-1] INFO  server.RaftServerConfigKeys (ConfUtils.java:logGet(43)) - raft.server.snapshot.auto.trigger.threshold = 10000 (custom)
2019-09-17 03:23:49,985 [pool-47-thread-1] INFO  server.RaftServerConfigKeys (ConfUtils.java:logGet(43)) - raft.server.log.segment.size.max = 1048576 (custom)
2019-09-17 03:23:49,986 [pool-57-thread-1] INFO  server.RaftServerConfigKeys (ConfUtils.java:logGet(43)) - raft.server.snapshot.retention.num.files = 5 (custom)
2019-09-17 03:23:49,985 [pool-77-thread-1] INFO  server.RaftServerConfigKeys (ConfUtils.java:logGet(43)) - raft.server.log.segment.size.max = 1048576 (custom)
2019-09-17 03:23:49,986 [pool-57-thread-1] INFO  server.RaftServerConfigKeys (ConfUtils.java:logGet(43)) - raft.server.retrycache.expirytime = 600000ms (custom)
2019-09-17 03:23:49,986 [pool-47-thread-1] INFO  server.RaftServerConfigKeys (ConfUtils.java:logGet(43)) - raft.server.log.preallocated.size = 16384 (custom)
2019-09-17 03:23:49,986 [pool-77-thread-1] INFO  server.RaftServerConfigKeys (ConfUtils.java:logGet(43)) - raft.server.log.preallocated.size = 16384 (custom)
2019-09-17 03:23:49,986 [pool-47-thread-1] INFO  server.RaftServerConfigKeys (ConfUtils.java:logGet(43)) - raft.server.log.write.buffer.size = 33554432 (custom)
2019-09-17 03:23:49,987 [pool-77-thread-1] INFO  server.RaftServerConfigKeys (ConfUtils.java:logGet(43)) - raft.server.log.write.buffer.size = 33554432 (custom)
2019-09-17 03:23:49,987 [pool-47-thread-1] INFO  server.RaftServerConfigKeys (ConfUtils.java:logGet(43)) - raft.server.log.force.sync.num = 128 (default)
2019-09-17 03:23:49,987 [pool-77-thread-1] INFO  server.RaftServerConfigKeys (ConfUtils.java:logGet(43)) - raft.server.log.force.sync.num = 128 (default)
2019-09-17 03:23:49,987 [pool-47-thread-1] INFO  server.RaftServerConfigKeys (ConfUtils.java:logGet(43)) - raft.server.log.statemachine.data.sync = true (default)
2019-09-17 03:23:49,987 [pool-77-thread-1] INFO  server.RaftServerConfigKeys (ConfUtils.java:logGet(43)) - raft.server.log.statemachine.data.sync = true (default)
2019-09-17 03:23:49,988 [pool-47-thread-1] INFO  server.RaftServerConfigKeys (ConfUtils.java:logGet(43)) - raft.server.log.statemachine.data.sync.timeout = 10s (default)
2019-09-17 03:23:49,988 [pool-77-thread-1] INFO  server.RaftServerConfigKeys (ConfUtils.java:logGet(43)) - raft.server.log.statemachine.data.sync.timeout = 10s (default)
2019-09-17 03:23:49,988 [pool-47-thread-1] INFO  server.RaftServerConfigKeys (ConfUtils.java:logGet(43)) - raft.server.log.statemachine.data.sync.timeout.retry = -1 (default)
2019-09-17 03:23:49,988 [pool-77-thread-1] INFO  server.RaftServerConfigKeys (ConfUtils.java:logGet(43)) - raft.server.log.statemachine.data.sync.timeout.retry = -1 (default)
2019-09-17 03:23:49,988 [pool-47-thread-1] INFO  server.RaftServerConfigKeys (ConfUtils.java:logGet(43)) - raft.server.log.statemachine.data.caching.enabled = true (custom)
2019-09-17 03:23:49,989 [pool-77-thread-1] INFO  server.RaftServerConfigKeys (ConfUtils.java:logGet(43)) - raft.server.log.statemachine.data.caching.enabled = true (custom)
2019-09-17 03:23:49,989 [pool-47-thread-1] INFO  segmented.SegmentedRaftLogWorker (SegmentedRaftLogWorker.java:lambda$new$0(132)) - f255fb19-c941-42ad-8caf-606d85b027b3@group-635631644DC9-SegmentedRaftLogWorker: flushIndex: setUnconditionally 0 -> -1
2019-09-17 03:23:49,989 [pool-77-thread-1] INFO  segmented.SegmentedRaftLogWorker (SegmentedRaftLogWorker.java:lambda$new$0(132)) - 2a454ec2-3cfa-49cf-9003-841835eb2002@group-635631644DC9-SegmentedRaftLogWorker: flushIndex: setUnconditionally 0 -> -1
2019-09-17 03:23:49,989 [pool-47-thread-1] INFO  server.RaftServerConfigKeys (ConfUtils.java:logGet(43)) - raft.server.snapshot.auto.trigger.enabled = true (custom)
2019-09-17 03:23:49,990 [pool-47-thread-1] INFO  server.RaftServerConfigKeys (ConfUtils.java:logGet(43)) - raft.server.snapshot.auto.trigger.threshold = 10000 (custom)
2019-09-17 03:23:49,990 [pool-77-thread-1] INFO  server.RaftServerConfigKeys (ConfUtils.java:logGet(43)) - raft.server.snapshot.auto.trigger.enabled = true (custom)
2019-09-17 03:23:49,990 [pool-47-thread-1] INFO  server.RaftServerConfigKeys (ConfUtils.java:logGet(43)) - raft.server.snapshot.retention.num.files = 5 (custom)
2019-09-17 03:23:49,990 [pool-77-thread-1] INFO  server.RaftServerConfigKeys (ConfUtils.java:logGet(43)) - raft.server.snapshot.auto.trigger.threshold = 10000 (custom)
2019-09-17 03:23:49,990 [pool-47-thread-1] INFO  server.RaftServerConfigKeys (ConfUtils.java:logGet(43)) - raft.server.retrycache.expirytime = 600000ms (custom)
2019-09-17 03:23:49,990 [pool-57-thread-1] INFO  impl.RaftServerImpl (RaftServerImpl.java:start(185)) - fb5c35a7-52ed-48ed-856a-22aafd4627bf@group-635631644DC9: start as a follower, conf=-1: [fb5c35a7-52ed-48ed-856a-22aafd4627bf:192.168.151.92:35371, f255fb19-c941-42ad-8caf-606d85b027b3:192.168.151.92:37040, 2a454ec2-3cfa-49cf-9003-841835eb2002:192.168.151.92:33622], old=null
2019-09-17 03:23:49,990 [pool-77-thread-1] INFO  server.RaftServerConfigKeys (ConfUtils.java:logGet(43)) - raft.server.snapshot.retention.num.files = 5 (custom)
2019-09-17 03:23:49,991 [pool-57-thread-1] INFO  impl.RaftServerImpl (RaftServerImpl.java:setRole(174)) - fb5c35a7-52ed-48ed-856a-22aafd4627bf@group-635631644DC9: changes role from      null to FOLLOWER at term 0 for startAsFollower
2019-09-17 03:23:49,991 [pool-77-thread-1] INFO  server.RaftServerConfigKeys (ConfUtils.java:logGet(43)) - raft.server.retrycache.expirytime = 600000ms (custom)
2019-09-17 03:23:49,991 [pool-57-thread-1] INFO  impl.RoleInfo (RoleInfo.java:updateAndGet(143)) - fb5c35a7-52ed-48ed-856a-22aafd4627bf: start FollowerState
2019-09-17 03:23:49,992 [pool-57-thread-1] INFO  util.JmxRegister (JmxRegister.java:tryRegister(44)) - Successfully registered JMX Bean with object name Ratis:service=RaftServer,group=group-635631644DC9,id=fb5c35a7-52ed-48ed-856a-22aafd4627bf
2019-09-17 03:23:49,994 [pool-47-thread-1] INFO  impl.RaftServerImpl (RaftServerImpl.java:start(185)) - f255fb19-c941-42ad-8caf-606d85b027b3@group-635631644DC9: start as a follower, conf=-1: [fb5c35a7-52ed-48ed-856a-22aafd4627bf:192.168.151.92:35371, f255fb19-c941-42ad-8caf-606d85b027b3:192.168.151.92:37040, 2a454ec2-3cfa-49cf-9003-841835eb2002:192.168.151.92:33622], old=null
2019-09-17 03:23:49,994 [pool-47-thread-1] INFO  impl.RaftServerImpl (RaftServerImpl.java:setRole(174)) - f255fb19-c941-42ad-8caf-606d85b027b3@group-635631644DC9: changes role from      null to FOLLOWER at term 0 for startAsFollower
2019-09-17 03:23:49,995 [pool-47-thread-1] INFO  impl.RoleInfo (RoleInfo.java:updateAndGet(143)) - f255fb19-c941-42ad-8caf-606d85b027b3: start FollowerState
2019-09-17 03:23:49,995 [pool-47-thread-1] INFO  util.JmxRegister (JmxRegister.java:tryRegister(44)) - Successfully registered JMX Bean with object name Ratis:service=RaftServer,group=group-635631644DC9,id=f255fb19-c941-42ad-8caf-606d85b027b3
2019-09-17 03:23:49,996 [pool-77-thread-1] INFO  impl.RaftServerImpl (RaftServerImpl.java:start(185)) - 2a454ec2-3cfa-49cf-9003-841835eb2002@group-635631644DC9: start as a follower, conf=-1: [fb5c35a7-52ed-48ed-856a-22aafd4627bf:192.168.151.92:35371, f255fb19-c941-42ad-8caf-606d85b027b3:192.168.151.92:37040, 2a454ec2-3cfa-49cf-9003-841835eb2002:192.168.151.92:33622], old=null
2019-09-17 03:23:49,996 [pool-77-thread-1] INFO  impl.RaftServerImpl (RaftServerImpl.java:setRole(174)) - 2a454ec2-3cfa-49cf-9003-841835eb2002@group-635631644DC9: changes role from      null to FOLLOWER at term 0 for startAsFollower
2019-09-17 03:23:49,996 [pool-77-thread-1] INFO  impl.RoleInfo (RoleInfo.java:updateAndGet(143)) - 2a454ec2-3cfa-49cf-9003-841835eb2002: start FollowerState
2019-09-17 03:23:49,997 [pool-77-thread-1] INFO  util.JmxRegister (JmxRegister.java:tryRegister(44)) - Successfully registered JMX Bean with object name Ratis:service=RaftServer,group=group-635631644DC9,id=2a454ec2-3cfa-49cf-9003-841835eb2002
2019-09-17 03:23:49,999 [RatisPipelineUtilsThread] INFO  pipeline.PipelineStateManager (PipelineStateManager.java:addPipeline(56)) - Created pipeline Pipeline[ Id: 16631309-8736-430e-a702-635631644dc9, Nodes: 2a454ec2-3cfa-49cf-9003-841835eb2002{ip: 192.168.151.92, host: pr-hdds-2139-j8dx6-1450124282, networkLocation: /default-rack, certSerialId: null}f255fb19-c941-42ad-8caf-606d85b027b3{ip: 192.168.151.92, host: pr-hdds-2139-j8dx6-1450124282, networkLocation: /default-rack, certSerialId: null}fb5c35a7-52ed-48ed-856a-22aafd4627bf{ip: 192.168.151.92, host: pr-hdds-2139-j8dx6-1450124282, networkLocation: /default-rack, certSerialId: null}, Type:RATIS, Factor:THREE, State:OPEN]
2019-09-17 03:23:50,630 [org.apache.ratis.server.impl.LogAppender$AppenderDaemon$$Lambda$550/692567409@4f879821] ERROR ratis.XceiverServerRatis (XceiverServerRatis.java:triggerPipelineClose(575)) - pipeline Action CLOSE  on pipeline PipelineID=9b5330a7-e06f-4957-8ee5-89364a117de9.Reason : 2a454ec2-3cfa-49cf-9003-841835eb2002 has not seen follower/s fb5c35a7-52ed-48ed-856a-22aafd4627bf for 162284ms f255fb19-c941-42ad-8caf-606d85b027b3 for 162284ms
2019-09-17 03:23:50,630 [org.apache.ratis.server.impl.LogAppender$AppenderDaemon$$Lambda$550/692567409@77391bec] ERROR ratis.XceiverServerRatis (XceiverServerRatis.java:triggerPipelineClose(575)) - pipeline Action CLOSE  on pipeline PipelineID=9b5330a7-e06f-4957-8ee5-89364a117de9.Reason : 2a454ec2-3cfa-49cf-9003-841835eb2002 has not seen follower/s fb5c35a7-52ed-48ed-856a-22aafd4627bf for 162284ms f255fb19-c941-42ad-8caf-606d85b027b3 for 162284ms
2019-09-17 03:23:51,129 [java.util.concurrent.ThreadPoolExecutor$Worker@2cfcc4f0[State = -1, empty queue]] WARN  server.GrpcLogAppender (GrpcLogAppender.java:timeoutAppendRequest(200)) - 2a454ec2-3cfa-49cf-9003-841835eb2002@group-89364A117DE9->fb5c35a7-52ed-48ed-856a-22aafd4627bf-GrpcLogAppender: appendEntries Timeout, request=2a454ec2-3cfa-49cf-9003-841835eb2002->fb5c35a7-52ed-48ed-856a-22aafd4627bf#159-t1, previous=(t:1, i:19), leaderCommit=12, initializing? false, entries: <empty>
2019-09-17 03:23:51,129 [java.util.concurrent.ThreadPoolExecutor$Worker@200c90e7[State = -1, empty queue]] WARN  server.GrpcLogAppender (GrpcLogAppender.java:timeoutAppendRequest(200)) - 2a454ec2-3cfa-49cf-9003-841835eb2002@group-89364A117DE9->f255fb19-c941-42ad-8caf-606d85b027b3-GrpcLogAppender: appendEntries Timeout, request=2a454ec2-3cfa-49cf-9003-841835eb2002->f255fb19-c941-42ad-8caf-606d85b027b3#159-t1, previous=(t:1, i:19), leaderCommit=12, initializing? false, entries: <empty>
2019-09-17 03:23:51,614 [EventQueue-PipelineActionsForPipelineActionHandler] ERROR pipeline.PipelineActionHandler (PipelineActionHandler.java:onMessage(60)) - Received pipeline action CLOSE for Pipeline[ Id: 9b5330a7-e06f-4957-8ee5-89364a117de9, Nodes: 2a454ec2-3cfa-49cf-9003-841835eb2002{ip: 192.168.151.92, host: pr-hdds-2139-j8dx6-1450124282, networkLocation: /default-rack, certSerialId: null}f255fb19-c941-42ad-8caf-606d85b027b3{ip: 192.168.151.92, host: pr-hdds-2139-j8dx6-1450124282, networkLocation: /default-rack, certSerialId: null}fb5c35a7-52ed-48ed-856a-22aafd4627bf{ip: 192.168.151.92, host: pr-hdds-2139-j8dx6-1450124282, networkLocation: /default-rack, certSerialId: null}, Type:RATIS, Factor:THREE, State:CLOSED] from datanode 2a454ec2-3cfa-49cf-9003-841835eb2002{ip: 192.168.151.92, host: pr-hdds-2139-j8dx6-1450124282, networkLocation: /default-rack, certSerialId: null}. Reason : 2a454ec2-3cfa-49cf-9003-841835eb2002 has not seen follower/s fb5c35a7-52ed-48ed-856a-22aafd4627bf for 162284ms f255fb19-c941-42ad-8caf-606d85b027b3 for 162284ms
2019-09-17 03:23:51,614 [EventQueue-PipelineActionsForPipelineActionHandler] INFO  pipeline.SCMPipelineManager (SCMPipelineManager.java:finalizeAndDestroyPipeline(311)) - destroying pipeline:Pipeline[ Id: 9b5330a7-e06f-4957-8ee5-89364a117de9, Nodes: 2a454ec2-3cfa-49cf-9003-841835eb2002{ip: 192.168.151.92, host: pr-hdds-2139-j8dx6-1450124282, networkLocation: /default-rack, certSerialId: null}f255fb19-c941-42ad-8caf-606d85b027b3{ip: 192.168.151.92, host: pr-hdds-2139-j8dx6-1450124282, networkLocation: /default-rack, certSerialId: null}fb5c35a7-52ed-48ed-856a-22aafd4627bf{ip: 192.168.151.92, host: pr-hdds-2139-j8dx6-1450124282, networkLocation: /default-rack, certSerialId: null}, Type:RATIS, Factor:THREE, State:CLOSED]
2019-09-17 03:23:53,132 [org.apache.ratis.server.impl.LogAppender$AppenderDaemon$$Lambda$550/692567409@77391bec] ERROR ratis.XceiverServerRatis (XceiverServerRatis.java:triggerPipelineClose(575)) - pipeline Action CLOSE  on pipeline PipelineID=9b5330a7-e06f-4957-8ee5-89364a117de9.Reason : 2a454ec2-3cfa-49cf-9003-841835eb2002 has not seen follower/s fb5c35a7-52ed-48ed-856a-22aafd4627bf for 164785ms f255fb19-c941-42ad-8caf-606d85b027b3 for 164785ms
2019-09-17 03:23:53,132 [org.apache.ratis.server.impl.LogAppender$AppenderDaemon$$Lambda$550/692567409@4f879821] ERROR ratis.XceiverServerRatis (XceiverServerRatis.java:triggerPipelineClose(575)) - pipeline Action CLOSE  on pipeline PipelineID=9b5330a7-e06f-4957-8ee5-89364a117de9.Reason : 2a454ec2-3cfa-49cf-9003-841835eb2002 has not seen follower/s fb5c35a7-52ed-48ed-856a-22aafd4627bf for 164785ms f255fb19-c941-42ad-8caf-606d85b027b3 for 164785ms
2019-09-17 03:23:53,614 [EventQueue-PipelineActionsForPipelineActionHandler] ERROR pipeline.PipelineActionHandler (PipelineActionHandler.java:onMessage(60)) - Received pipeline action CLOSE for Pipeline[ Id: 9b5330a7-e06f-4957-8ee5-89364a117de9, Nodes: 2a454ec2-3cfa-49cf-9003-841835eb2002{ip: 192.168.151.92, host: pr-hdds-2139-j8dx6-1450124282, networkLocation: /default-rack, certSerialId: null}f255fb19-c941-42ad-8caf-606d85b027b3{ip: 192.168.151.92, host: pr-hdds-2139-j8dx6-1450124282, networkLocation: /default-rack, certSerialId: null}fb5c35a7-52ed-48ed-856a-22aafd4627bf{ip: 192.168.151.92, host: pr-hdds-2139-j8dx6-1450124282, networkLocation: /default-rack, certSerialId: null}, Type:RATIS, Factor:THREE, State:CLOSED] from datanode 2a454ec2-3cfa-49cf-9003-841835eb2002{ip: 192.168.151.92, host: pr-hdds-2139-j8dx6-1450124282, networkLocation: /default-rack, certSerialId: null}. Reason : 2a454ec2-3cfa-49cf-9003-841835eb2002 has not seen follower/s fb5c35a7-52ed-48ed-856a-22aafd4627bf for 164785ms f255fb19-c941-42ad-8caf-606d85b027b3 for 164785ms
2019-09-17 03:23:53,614 [EventQueue-PipelineActionsForPipelineActionHandler] INFO  pipeline.SCMPipelineManager (SCMPipelineManager.java:finalizeAndDestroyPipeline(311)) - destroying pipeline:Pipeline[ Id: 9b5330a7-e06f-4957-8ee5-89364a117de9, Nodes: 2a454ec2-3cfa-49cf-9003-841835eb2002{ip: 192.168.151.92, host: pr-hdds-2139-j8dx6-1450124282, networkLocation: /default-rack, certSerialId: null}f255fb19-c941-42ad-8caf-606d85b027b3{ip: 192.168.151.92, host: pr-hdds-2139-j8dx6-1450124282, networkLocation: /default-rack, certSerialId: null}fb5c35a7-52ed-48ed-856a-22aafd4627bf{ip: 192.168.151.92, host: pr-hdds-2139-j8dx6-1450124282, networkLocation: /default-rack, certSerialId: null}, Type:RATIS, Factor:THREE, State:CLOSED]
2019-09-17 03:23:53,630 [java.util.concurrent.ThreadPoolExecutor$Worker@200c90e7[State = -1, empty queue]] WARN  server.GrpcLogAppender (GrpcLogAppender.java:timeoutAppendRequest(200)) - 2a454ec2-3cfa-49cf-9003-841835eb2002@group-89364A117DE9->f255fb19-c941-42ad-8caf-606d85b027b3-GrpcLogAppender: appendEntries Timeout, request=2a454ec2-3cfa-49cf-9003-841835eb2002->f255fb19-c941-42ad-8caf-606d85b027b3#160-t1, previous=(t:1, i:19), leaderCommit=12, initializing? false, entries: <empty>
2019-09-17 03:23:53,630 [java.util.concurrent.ThreadPoolExecutor$Worker@2cfcc4f0[State = -1, empty queue]] WARN  server.GrpcLogAppender (GrpcLogAppender.java:timeoutAppendRequest(200)) - 2a454ec2-3cfa-49cf-9003-841835eb2002@group-89364A117DE9->fb5c35a7-52ed-48ed-856a-22aafd4627bf-GrpcLogAppender: appendEntries Timeout, request=2a454ec2-3cfa-49cf-9003-841835eb2002->fb5c35a7-52ed-48ed-856a-22aafd4627bf#160-t1, previous=(t:1, i:19), leaderCommit=12, initializing? false, entries: <empty>
2019-09-17 03:23:55,003 [grpc-default-executor-3] INFO  client.GrpcClientProtocolClient (GrpcClientProtocolClient.java:onNext(264)) - client-FCF838B3A418->fb5c35a7-52ed-48ed-856a-22aafd4627bf: receive RaftClientReply:client-FCF838B3A418->fb5c35a7-52ed-48ed-856a-22aafd4627bf@group-89364A117DE9, cid=33, FAILED org.apache.ratis.protocol.NotLeaderException: Server fb5c35a7-52ed-48ed-856a-22aafd4627bf@group-89364A117DE9 is not the leader 2a454ec2-3cfa-49cf-9003-841835eb2002:192.168.151.92:33622, logIndex=0, commits[fb5c35a7-52ed-48ed-856a-22aafd4627bf:c12, f255fb19-c941-42ad-8caf-606d85b027b3:c10, 2a454ec2-3cfa-49cf-9003-841835eb2002:c12]
2019-09-17 03:23:55,067 [Thread-1357] INFO  impl.FollowerState (FollowerState.java:run(106)) - fb5c35a7-52ed-48ed-856a-22aafd4627bf:group-635631644DC9 changes to CANDIDATE, lastRpcTime:5075, electionTimeout:5075ms
2019-09-17 03:23:55,067 [Thread-1357] INFO  impl.RoleInfo (RoleInfo.java:shutdownFollowerState(121)) - fb5c35a7-52ed-48ed-856a-22aafd4627bf: shutdown FollowerState
2019-09-17 03:23:55,067 [Thread-1357] INFO  impl.RaftServerImpl (RaftServerImpl.java:setRole(174)) - fb5c35a7-52ed-48ed-856a-22aafd4627bf@group-635631644DC9: changes role from  FOLLOWER to CANDIDATE at term 0 for changeToCandidate
2019-09-17 03:23:55,068 [Thread-1357] INFO  impl.RoleInfo (RoleInfo.java:updateAndGet(143)) - fb5c35a7-52ed-48ed-856a-22aafd4627bf: start LeaderElection
2019-09-17 03:23:55,095 [Thread-1359] INFO  impl.FollowerState (FollowerState.java:run(106)) - f255fb19-c941-42ad-8caf-606d85b027b3:group-635631644DC9 changes to CANDIDATE, lastRpcTime:5100, electionTimeout:5100ms
2019-09-17 03:23:55,095 [Thread-1359] INFO  impl.RoleInfo (RoleInfo.java:shutdownFollowerState(121)) - f255fb19-c941-42ad-8caf-606d85b027b3: shutdown FollowerState
2019-09-17 03:23:55,095 [Thread-1359] INFO  impl.RaftServerImpl (RaftServerImpl.java:setRole(174)) - f255fb19-c941-42ad-8caf-606d85b027b3@group-635631644DC9: changes role from  FOLLOWER to CANDIDATE at term 0 for changeToCandidate
2019-09-17 03:23:55,096 [Thread-1359] INFO  impl.RoleInfo (RoleInfo.java:updateAndGet(143)) - f255fb19-c941-42ad-8caf-606d85b027b3: start LeaderElection
2019-09-17 03:23:55,113 [Thread-1361] INFO  impl.FollowerState (FollowerState.java:run(106)) - 2a454ec2-3cfa-49cf-9003-841835eb2002:group-635631644DC9 changes to CANDIDATE, lastRpcTime:5116, electionTimeout:5116ms
2019-09-17 03:23:55,113 [Thread-1361] INFO  impl.RoleInfo (RoleInfo.java:shutdownFollowerState(121)) - 2a454ec2-3cfa-49cf-9003-841835eb2002: shutdown FollowerState
2019-09-17 03:23:55,114 [Thread-1361] INFO  impl.RaftServerImpl (RaftServerImpl.java:setRole(174)) - 2a454ec2-3cfa-49cf-9003-841835eb2002@group-635631644DC9: changes role from  FOLLOWER to CANDIDATE at term 0 for changeToCandidate
2019-09-17 03:23:55,114 [Thread-1361] INFO  impl.RoleInfo (RoleInfo.java:updateAndGet(143)) - 2a454ec2-3cfa-49cf-9003-841835eb2002: start LeaderElection
2019-09-17 03:23:55,165 [fb5c35a7-52ed-48ed-856a-22aafd4627bf@group-635631644DC9:LeaderElection15] INFO  impl.LeaderElection (LeaderElection.java:askForVotes(182)) - fb5c35a7-52ed-48ed-856a-22aafd4627bf@group-635631644DC9:LeaderElection15: begin an election at term 1 for -1: [fb5c35a7-52ed-48ed-856a-22aafd4627bf:192.168.151.92:35371, f255fb19-c941-42ad-8caf-606d85b027b3:192.168.151.92:37040, 2a454ec2-3cfa-49cf-9003-841835eb2002:192.168.151.92:33622], old=null
2019-09-17 03:23:55,165 [2a454ec2-3cfa-49cf-9003-841835eb2002@group-635631644DC9:LeaderElection17] INFO  impl.LeaderElection (LeaderElection.java:askForVotes(182)) - 2a454ec2-3cfa-49cf-9003-841835eb2002@group-635631644DC9:LeaderElection17: begin an election at term 1 for -1: [fb5c35a7-52ed-48ed-856a-22aafd4627bf:192.168.151.92:35371, f255fb19-c941-42ad-8caf-606d85b027b3:192.168.151.92:37040, 2a454ec2-3cfa-49cf-9003-841835eb2002:192.168.151.92:33622], old=null
2019-09-17 03:23:55,165 [f255fb19-c941-42ad-8caf-606d85b027b3@group-635631644DC9:LeaderElection16] INFO  impl.LeaderElection (LeaderElection.java:askForVotes(182)) - f255fb19-c941-42ad-8caf-606d85b027b3@group-635631644DC9:LeaderElection16: begin an election at term 1 for -1: [fb5c35a7-52ed-48ed-856a-22aafd4627bf:192.168.151.92:35371, f255fb19-c941-42ad-8caf-606d85b027b3:192.168.151.92:37040, 2a454ec2-3cfa-49cf-9003-841835eb2002:192.168.151.92:33622], old=null
2019-09-17 03:23:55,170 [f255fb19-c941-42ad-8caf-606d85b027b3@group-635631644DC9:LeaderElection16] INFO  impl.LeaderElection (LeaderElection.java:logAndReturn(56)) - f255fb19-c941-42ad-8caf-606d85b027b3@group-635631644DC9:LeaderElection16: Election REJECTED; received 2 response(s) [f255fb19-c941-42ad-8caf-606d85b027b3<-fb5c35a7-52ed-48ed-856a-22aafd4627bf#0:FAIL-t1, f255fb19-c941-42ad-8caf-606d85b027b3<-2a454ec2-3cfa-49cf-9003-841835eb2002#0:FAIL-t1] and 0 exception(s); f255fb19-c941-42ad-8caf-606d85b027b3@group-635631644DC9:t1, leader=null, voted=f255fb19-c941-42ad-8caf-606d85b027b3, raftlog=f255fb19-c941-42ad-8caf-606d85b027b3@group-635631644DC9-SegmentedRaftLog:OPENED:c-1,f-1,i0, conf=-1: [fb5c35a7-52ed-48ed-856a-22aafd4627bf:192.168.151.92:35371, f255fb19-c941-42ad-8caf-606d85b027b3:192.168.151.92:37040, 2a454ec2-3cfa-49cf-9003-841835eb2002:192.168.151.92:33622], old=null
2019-09-17 03:23:55,170 [f255fb19-c941-42ad-8caf-606d85b027b3@group-635631644DC9:LeaderElection16] INFO  impl.RaftServerImpl (RaftServerImpl.java:setRole(174)) - f255fb19-c941-42ad-8caf-606d85b027b3@group-635631644DC9: changes role from CANDIDATE to FOLLOWER at term 1 for DISCOVERED_A_NEW_TERM
2019-09-17 03:23:55,173 [2a454ec2-3cfa-49cf-9003-841835eb2002@group-635631644DC9:LeaderElection17] INFO  impl.LeaderElection (LeaderElection.java:logAndReturn(56)) - 2a454ec2-3cfa-49cf-9003-841835eb2002@group-635631644DC9:LeaderElection17: Election REJECTED; received 2 response(s) [2a454ec2-3cfa-49cf-9003-841835eb2002<-fb5c35a7-52ed-48ed-856a-22aafd4627bf#0:FAIL-t1, 2a454ec2-3cfa-49cf-9003-841835eb2002<-f255fb19-c941-42ad-8caf-606d85b027b3#0:FAIL-t1] and 0 exception(s); 2a454ec2-3cfa-49cf-9003-841835eb2002@group-635631644DC9:t1, leader=null, voted=2a454ec2-3cfa-49cf-9003-841835eb2002, raftlog=2a454ec2-3cfa-49cf-9003-841835eb2002@group-635631644DC9-SegmentedRaftLog:OPENED:c-1,f-1,i0, conf=-1: [fb5c35a7-52ed-48ed-856a-22aafd4627bf:192.168.151.92:35371, f255fb19-c941-42ad-8caf-606d85b027b3:192.168.151.92:37040, 2a454ec2-3cfa-49cf-9003-841835eb2002:192.168.151.92:33622], old=null
2019-09-17 03:23:55,173 [f255fb19-c941-42ad-8caf-606d85b027b3@group-635631644DC9:LeaderElection16] INFO  impl.RoleInfo (RoleInfo.java:shutdownLeaderElection(134)) - f255fb19-c941-42ad-8caf-606d85b027b3: shutdown LeaderElection
2019-09-17 03:23:55,173 [2a454ec2-3cfa-49cf-9003-841835eb2002@group-635631644DC9:LeaderElection17] INFO  impl.RaftServerImpl (RaftServerImpl.java:setRole(174)) - 2a454ec2-3cfa-49cf-9003-841835eb2002@group-635631644DC9: changes role from CANDIDATE to FOLLOWER at term 1 for DISCOVERED_A_NEW_TERM
2019-09-17 03:23:55,176 [f255fb19-c941-42ad-8caf-606d85b027b3@group-635631644DC9:LeaderElection16] INFO  impl.RoleInfo (RoleInfo.java:updateAndGet(143)) - f255fb19-c941-42ad-8caf-606d85b027b3: start FollowerState
2019-09-17 03:23:55,176 [2a454ec2-3cfa-49cf-9003-841835eb2002@group-635631644DC9:LeaderElection17] INFO  impl.RoleInfo (RoleInfo.java:shutdownLeaderElection(134)) - 2a454ec2-3cfa-49cf-9003-841835eb2002: shutdown LeaderElection
2019-09-17 03:23:55,178 [2a454ec2-3cfa-49cf-9003-841835eb2002@group-635631644DC9:LeaderElection17] INFO  impl.RoleInfo (RoleInfo.java:updateAndGet(143)) - 2a454ec2-3cfa-49cf-9003-841835eb2002: start FollowerState
2019-09-17 03:23:55,181 [fb5c35a7-52ed-48ed-856a-22aafd4627bf@group-635631644DC9:LeaderElection15] INFO  impl.LeaderElection (LeaderElection.java:logAndReturn(56)) - fb5c35a7-52ed-48ed-856a-22aafd4627bf@group-635631644DC9:LeaderElection15: Election REJECTED; received 2 response(s) [fb5c35a7-52ed-48ed-856a-22aafd4627bf<-f255fb19-c941-42ad-8caf-606d85b027b3#0:FAIL-t1, fb5c35a7-52ed-48ed-856a-22aafd4627bf<-2a454ec2-3cfa-49cf-9003-841835eb2002#0:FAIL-t1] and 0 exception(s); fb5c35a7-52ed-48ed-856a-22aafd4627bf@group-635631644DC9:t1, leader=null, voted=fb5c35a7-52ed-48ed-856a-22aafd4627bf, raftlog=fb5c35a7-52ed-48ed-856a-22aafd4627bf@group-635631644DC9-SegmentedRaftLog:OPENED:c-1,f-1,i0, conf=-1: [fb5c35a7-52ed-48ed-856a-22aafd4627bf:192.168.151.92:35371, f255fb19-c941-42ad-8caf-606d85b027b3:192.168.151.92:37040, 2a454ec2-3cfa-49cf-9003-841835eb2002:192.168.151.92:33622], old=null
2019-09-17 03:23:55,182 [fb5c35a7-52ed-48ed-856a-22aafd4627bf@group-635631644DC9:LeaderElection15] INFO  impl.RaftServerImpl (RaftServerImpl.java:setRole(174)) - fb5c35a7-52ed-48ed-856a-22aafd4627bf@group-635631644DC9: changes role from CANDIDATE to FOLLOWER at term 1 for DISCOVERED_A_NEW_TERM
2019-09-17 03:23:55,186 [fb5c35a7-52ed-48ed-856a-22aafd4627bf@group-635631644DC9:LeaderElection15] INFO  impl.RoleInfo (RoleInfo.java:shutdownLeaderElection(134)) - fb5c35a7-52ed-48ed-856a-22aafd4627bf: shutdown LeaderElection
2019-09-17 03:23:55,186 [fb5c35a7-52ed-48ed-856a-22aafd4627bf@group-635631644DC9:LeaderElection15] INFO  impl.RoleInfo (RoleInfo.java:updateAndGet(143)) - fb5c35a7-52ed-48ed-856a-22aafd4627bf: start FollowerState
2019-09-17 03:23:55,632 [org.apache.ratis.server.impl.LogAppender$AppenderDaemon$$Lambda$550/692567409@77391bec] ERROR ratis.XceiverServerRatis (XceiverServerRatis.java:triggerPipelineClose(575)) - pipeline Action CLOSE  on pipeline PipelineID=9b5330a7-e06f-4957-8ee5-89364a117de9.Reason : 2a454ec2-3cfa-49cf-9003-841835eb2002 has not seen follower/s fb5c35a7-52ed-48ed-856a-22aafd4627bf for 167286ms f255fb19-c941-42ad-8caf-606d85b027b3 for 167286ms
2019-09-17 03:23:55,632 [org.apache.ratis.server.impl.LogAppender$AppenderDaemon$$Lambda$550/692567409@4f879821] ERROR ratis.XceiverServerRatis (XceiverServerRatis.java:triggerPipelineClose(575)) - pipeline Action CLOSE  on pipeline PipelineID=9b5330a7-e06f-4957-8ee5-89364a117de9.Reason : 2a454ec2-3cfa-49cf-9003-841835eb2002 has not seen follower/s fb5c35a7-52ed-48ed-856a-22aafd4627bf for 167286ms f255fb19-c941-42ad-8caf-606d85b027b3 for 167286ms
2019-09-17 03:23:56,132 [java.util.concurrent.ThreadPoolExecutor$Worker@200c90e7[State = -1, empty queue]] WARN  server.GrpcLogAppender (GrpcLogAppender.java:timeoutAppendRequest(200)) - 2a454ec2-3cfa-49cf-9003-841835eb2002@group-89364A117DE9->f255fb19-c941-42ad-8caf-606d85b027b3-GrpcLogAppender: appendEntries Timeout, request=2a454ec2-3cfa-49cf-9003-841835eb2002->f255fb19-c941-42ad-8caf-606d85b027b3#161-t1, previous=(t:1, i:19), leaderCommit=12, initializing? false, entries: <empty>
2019-09-17 03:23:56,132 [java.util.concurrent.ThreadPoolExecutor$Worker@2cfcc4f0[State = -1, empty queue]] WARN  server.GrpcLogAppender (GrpcLogAppender.java:timeoutAppendRequest(200)) - 2a454ec2-3cfa-49cf-9003-841835eb2002@group-89364A117DE9->fb5c35a7-52ed-48ed-856a-22aafd4627bf-GrpcLogAppender: appendEntries Timeout, request=2a454ec2-3cfa-49cf-9003-841835eb2002->fb5c35a7-52ed-48ed-856a-22aafd4627bf#161-t1, previous=(t:1, i:19), leaderCommit=12, initializing? false, entries: <empty>
2019-09-17 03:23:56,614 [EventQueue-PipelineActionsForPipelineActionHandler] ERROR pipeline.PipelineActionHandler (PipelineActionHandler.java:onMessage(60)) - Received pipeline action CLOSE for Pipeline[ Id: 9b5330a7-e06f-4957-8ee5-89364a117de9, Nodes: 2a454ec2-3cfa-49cf-9003-841835eb2002{ip: 192.168.151.92, host: pr-hdds-2139-j8dx6-1450124282, networkLocation: /default-rack, certSerialId: null}f255fb19-c941-42ad-8caf-606d85b027b3{ip: 192.168.151.92, host: pr-hdds-2139-j8dx6-1450124282, networkLocation: /default-rack, certSerialId: null}fb5c35a7-52ed-48ed-856a-22aafd4627bf{ip: 192.168.151.92, host: pr-hdds-2139-j8dx6-1450124282, networkLocation: /default-rack, certSerialId: null}, Type:RATIS, Factor:THREE, State:CLOSED] from datanode 2a454ec2-3cfa-49cf-9003-841835eb2002{ip: 192.168.151.92, host: pr-hdds-2139-j8dx6-1450124282, networkLocation: /default-rack, certSerialId: null}. Reason : 2a454ec2-3cfa-49cf-9003-841835eb2002 has not seen follower/s fb5c35a7-52ed-48ed-856a-22aafd4627bf for 167286ms f255fb19-c941-42ad-8caf-606d85b027b3 for 167286ms
2019-09-17 03:23:56,614 [EventQueue-PipelineActionsForPipelineActionHandler] INFO  pipeline.SCMPipelineManager (SCMPipelineManager.java:finalizeAndDestroyPipeline(311)) - destroying pipeline:Pipeline[ Id: 9b5330a7-e06f-4957-8ee5-89364a117de9, Nodes: 2a454ec2-3cfa-49cf-9003-841835eb2002{ip: 192.168.151.92, host: pr-hdds-2139-j8dx6-1450124282, networkLocation: /default-rack, certSerialId: null}f255fb19-c941-42ad-8caf-606d85b027b3{ip: 192.168.151.92, host: pr-hdds-2139-j8dx6-1450124282, networkLocation: /default-rack, certSerialId: null}fb5c35a7-52ed-48ed-856a-22aafd4627bf{ip: 192.168.151.92, host: pr-hdds-2139-j8dx6-1450124282, networkLocation: /default-rack, certSerialId: null}, Type:RATIS, Factor:THREE, State:CLOSED]
2019-09-17 03:23:58,134 [org.apache.ratis.server.impl.LogAppender$AppenderDaemon$$Lambda$550/692567409@4f879821] ERROR ratis.XceiverServerRatis (XceiverServerRatis.java:triggerPipelineClose(575)) - pipeline Action CLOSE  on pipeline PipelineID=9b5330a7-e06f-4957-8ee5-89364a117de9.Reason : 2a454ec2-3cfa-49cf-9003-841835eb2002 has not seen follower/s fb5c35a7-52ed-48ed-856a-22aafd4627bf for 169787ms f255fb19-c941-42ad-8caf-606d85b027b3 for 169787ms
2019-09-17 03:23:58,134 [org.apache.ratis.server.impl.LogAppender$AppenderDaemon$$Lambda$550/692567409@77391bec] ERROR ratis.XceiverServerRatis (XceiverServerRatis.java:triggerPipelineClose(575)) - pipeline Action CLOSE  on pipeline PipelineID=9b5330a7-e06f-4957-8ee5-89364a117de9.Reason : 2a454ec2-3cfa-49cf-9003-841835eb2002 has not seen follower/s fb5c35a7-52ed-48ed-856a-22aafd4627bf for 169787ms f255fb19-c941-42ad-8caf-606d85b027b3 for 169787ms
2019-09-17 03:23:58,562 [2a454ec2-3cfa-49cf-9003-841835eb2002@group-89364A117DE9-SegmentedRaftLogWorker] WARN  segmented.SegmentedRaftLogWorker (SegmentedRaftLogWorker.java:getFromFuture(90)) - Timeout 16/~
org.apache.ratis.protocol.TimeoutIOException: Timeout 10s: WriteLog:14: (t:1, i:14), STATEMACHINELOGENTRY, client-FCF838B3A418, cid=34-writeStateMachineData
	at org.apache.ratis.util.IOUtils.getFromFuture(IOUtils.java:87)
	at org.apache.ratis.server.raftlog.segmented.SegmentedRaftLogWorker$StateMachineDataPolicy.getFromFuture(SegmentedRaftLogWorker.java:87)
	at org.apache.ratis.server.raftlog.segmented.SegmentedRaftLogWorker$WriteLog.execute(SegmentedRaftLogWorker.java:477)
	at org.apache.ratis.server.raftlog.segmented.SegmentedRaftLogWorker.run(SegmentedRaftLogWorker.java:289)
	at java.lang.Thread.run(Thread.java:748)
Caused by: java.util.concurrent.TimeoutException
	at java.util.concurrent.CompletableFuture.timedGet(CompletableFuture.java:1771)
	at java.util.concurrent.CompletableFuture.get(CompletableFuture.java:1915)
	at org.apache.ratis.util.IOUtils.getFromFuture(IOUtils.java:79)
	... 4 more
2019-09-17 03:23:58,606 [fb5c35a7-52ed-48ed-856a-22aafd4627bf@group-89364A117DE9-SegmentedRaftLogWorker] WARN  segmented.SegmentedRaftLogWorker (SegmentedRaftLogWorker.java:getFromFuture(90)) - Timeout 16/~
org.apache.ratis.protocol.TimeoutIOException: Timeout 10s: WriteLog:14: (t:1, i:14), STATEMACHINELOGENTRY, client-FCF838B3A418, cid=34-writeStateMachineData
	at org.apache.ratis.util.IOUtils.getFromFuture(IOUtils.java:87)
	at org.apache.ratis.server.raftlog.segmented.SegmentedRaftLogWorker$StateMachineDataPolicy.getFromFuture(SegmentedRaftLogWorker.java:87)
	at org.apache.ratis.server.raftlog.segmented.SegmentedRaftLogWorker$WriteLog.execute(SegmentedRaftLogWorker.java:477)
	at org.apache.ratis.server.raftlog.segmented.SegmentedRaftLogWorker.run(SegmentedRaftLogWorker.java:289)
	at java.lang.Thread.run(Thread.java:748)
Caused by: java.util.concurrent.TimeoutException
	at java.util.concurrent.CompletableFuture.timedGet(CompletableFuture.java:1771)
	at java.util.concurrent.CompletableFuture.get(CompletableFuture.java:1915)
	at org.apache.ratis.util.IOUtils.getFromFuture(IOUtils.java:79)
	... 4 more
2019-09-17 03:23:58,607 [f255fb19-c941-42ad-8caf-606d85b027b3@group-89364A117DE9-SegmentedRaftLogWorker] WARN  segmented.SegmentedRaftLogWorker (SegmentedRaftLogWorker.java:getFromFuture(90)) - Timeout 16/~
org.apache.ratis.protocol.TimeoutIOException: Timeout 10s: WriteLog:14: (t:1, i:14), STATEMACHINELOGENTRY, client-FCF838B3A418, cid=34-writeStateMachineData
	at org.apache.ratis.util.IOUtils.getFromFuture(IOUtils.java:87)
	at org.apache.ratis.server.raftlog.segmented.SegmentedRaftLogWorker$StateMachineDataPolicy.getFromFuture(SegmentedRaftLogWorker.java:87)
	at org.apache.ratis.server.raftlog.segmented.SegmentedRaftLogWorker$WriteLog.execute(SegmentedRaftLogWorker.java:477)
	at org.apache.ratis.server.raftlog.segmented.SegmentedRaftLogWorker.run(SegmentedRaftLogWorker.java:289)
	at java.lang.Thread.run(Thread.java:748)
Caused by: java.util.concurrent.TimeoutException
	at java.util.concurrent.CompletableFuture.timedGet(CompletableFuture.java:1771)
	at java.util.concurrent.CompletableFuture.get(CompletableFuture.java:1915)
	at org.apache.ratis.util.IOUtils.getFromFuture(IOUtils.java:79)
	... 4 more
2019-09-17 03:23:58,615 [EventQueue-PipelineActionsForPipelineActionHandler] ERROR pipeline.PipelineActionHandler (PipelineActionHandler.java:onMessage(60)) - Received pipeline action CLOSE for Pipeline[ Id: 9b5330a7-e06f-4957-8ee5-89364a117de9, Nodes: 2a454ec2-3cfa-49cf-9003-841835eb2002{ip: 192.168.151.92, host: pr-hdds-2139-j8dx6-1450124282, networkLocation: /default-rack, certSerialId: null}f255fb19-c941-42ad-8caf-606d85b027b3{ip: 192.168.151.92, host: pr-hdds-2139-j8dx6-1450124282, networkLocation: /default-rack, certSerialId: null}fb5c35a7-52ed-48ed-856a-22aafd4627bf{ip: 192.168.151.92, host: pr-hdds-2139-j8dx6-1450124282, networkLocation: /default-rack, certSerialId: null}, Type:RATIS, Factor:THREE, State:CLOSED] from datanode 2a454ec2-3cfa-49cf-9003-841835eb2002{ip: 192.168.151.92, host: pr-hdds-2139-j8dx6-1450124282, networkLocation: /default-rack, certSerialId: null}. Reason : 2a454ec2-3cfa-49cf-9003-841835eb2002 has not seen follower/s fb5c35a7-52ed-48ed-856a-22aafd4627bf for 169787ms f255fb19-c941-42ad-8caf-606d85b027b3 for 169787ms
2019-09-17 03:23:58,615 [EventQueue-PipelineActionsForPipelineActionHandler] INFO  pipeline.SCMPipelineManager (SCMPipelineManager.java:finalizeAndDestroyPipeline(311)) - destroying pipeline:Pipeline[ Id: 9b5330a7-e06f-4957-8ee5-89364a117de9, Nodes: 2a454ec2-3cfa-49cf-9003-841835eb2002{ip: 192.168.151.92, host: pr-hdds-2139-j8dx6-1450124282, networkLocation: /default-rack, certSerialId: null}f255fb19-c941-42ad-8caf-606d85b027b3{ip: 192.168.151.92, host: pr-hdds-2139-j8dx6-1450124282, networkLocation: /default-rack, certSerialId: null}fb5c35a7-52ed-48ed-856a-22aafd4627bf{ip: 192.168.151.92, host: pr-hdds-2139-j8dx6-1450124282, networkLocation: /default-rack, certSerialId: null}, Type:RATIS, Factor:THREE, State:CLOSED]
2019-09-17 03:23:58,632 [java.util.concurrent.ThreadPoolExecutor$Worker@2cfcc4f0[State = -1, empty queue]] WARN  server.GrpcLogAppender (GrpcLogAppender.java:timeoutAppendRequest(200)) - 2a454ec2-3cfa-49cf-9003-841835eb2002@group-89364A117DE9->fb5c35a7-52ed-48ed-856a-22aafd4627bf-GrpcLogAppender: appendEntries Timeout, request=2a454ec2-3cfa-49cf-9003-841835eb2002->fb5c35a7-52ed-48ed-856a-22aafd4627bf#162-t1, previous=(t:1, i:19), leaderCommit=12, initializing? false, entries: <empty>
2019-09-17 03:23:58,632 [java.util.concurrent.ThreadPoolExecutor$Worker@200c90e7[State = -1, empty queue]] WARN  server.GrpcLogAppender (GrpcLogAppender.java:timeoutAppendRequest(200)) - 2a454ec2-3cfa-49cf-9003-841835eb2002@group-89364A117DE9->f255fb19-c941-42ad-8caf-606d85b027b3-GrpcLogAppender: appendEntries Timeout, request=2a454ec2-3cfa-49cf-9003-841835eb2002->f255fb19-c941-42ad-8caf-606d85b027b3#162-t1, previous=(t:1, i:19), leaderCommit=12, initializing? false, entries: <empty>
2019-09-17 03:24:00,047 [grpc-default-executor-2] INFO  client.GrpcClientProtocolClient (GrpcClientProtocolClient.java:onNext(264)) - client-FCF838B3A418->f255fb19-c941-42ad-8caf-606d85b027b3: receive RaftClientReply:client-FCF838B3A418->f255fb19-c941-42ad-8caf-606d85b027b3@group-89364A117DE9, cid=33, FAILED org.apache.ratis.protocol.NotLeaderException: Server f255fb19-c941-42ad-8caf-606d85b027b3@group-89364A117DE9 is not the leader 2a454ec2-3cfa-49cf-9003-841835eb2002:192.168.151.92:33622, logIndex=0, commits[f255fb19-c941-42ad-8caf-606d85b027b3:c12, fb5c35a7-52ed-48ed-856a-22aafd4627bf:c10, 2a454ec2-3cfa-49cf-9003-841835eb2002:c12]
2019-09-17 03:24:00,264 [Thread-1383] INFO  impl.FollowerState (FollowerState.java:run(106)) - f255fb19-c941-42ad-8caf-606d85b027b3:group-635631644DC9 changes to CANDIDATE, lastRpcTime:5087, electionTimeout:5085ms
2019-09-17 03:24:00,264 [Thread-1383] INFO  impl.RoleInfo (RoleInfo.java:shutdownFollowerState(121)) - f255fb19-c941-42ad-8caf-606d85b027b3: shutdown FollowerState
2019-09-17 03:24:00,264 [Thread-1383] INFO  impl.RaftServerImpl (RaftServerImpl.java:setRole(174)) - f255fb19-c941-42ad-8caf-606d85b027b3@group-635631644DC9: changes role from  FOLLOWER to CANDIDATE at term 1 for changeToCandidate
2019-09-17 03:24:00,264 [Thread-1383] INFO  impl.RoleInfo (RoleInfo.java:updateAndGet(143)) - f255fb19-c941-42ad-8caf-606d85b027b3: start LeaderElection
2019-09-17 03:24:00,292 [f255fb19-c941-42ad-8caf-606d85b027b3@group-635631644DC9:LeaderElection18] INFO  impl.LeaderElection (LeaderElection.java:askForVotes(182)) - f255fb19-c941-42ad-8caf-606d85b027b3@group-635631644DC9:LeaderElection18: begin an election at term 2 for -1: [fb5c35a7-52ed-48ed-856a-22aafd4627bf:192.168.151.92:35371, f255fb19-c941-42ad-8caf-606d85b027b3:192.168.151.92:37040, 2a454ec2-3cfa-49cf-9003-841835eb2002:192.168.151.92:33622], old=null
2019-09-17 03:24:00,295 [grpc-default-executor-2] INFO  impl.RaftServerImpl (RaftServerImpl.java:setRole(174)) - 2a454ec2-3cfa-49cf-9003-841835eb2002@group-635631644DC9: changes role from  FOLLOWER to FOLLOWER at term 2 for recognizeCandidate:f255fb19-c941-42ad-8caf-606d85b027b3
2019-09-17 03:24:00,295 [grpc-default-executor-3] INFO  impl.RaftServerImpl (RaftServerImpl.java:setRole(174)) - fb5c35a7-52ed-48ed-856a-22aafd4627bf@group-635631644DC9: changes role from  FOLLOWER to FOLLOWER at term 2 for recognizeCandidate:f255fb19-c941-42ad-8caf-606d85b027b3
2019-09-17 03:24:00,295 [grpc-default-executor-2] INFO  impl.RoleInfo (RoleInfo.java:shutdownFollowerState(121)) - 2a454ec2-3cfa-49cf-9003-841835eb2002: shutdown FollowerState
2019-09-17 03:24:00,296 [grpc-default-executor-3] INFO  impl.RoleInfo (RoleInfo.java:shutdownFollowerState(121)) - fb5c35a7-52ed-48ed-856a-22aafd4627bf: shutdown FollowerState
2019-09-17 03:24:00,296 [grpc-default-executor-2] INFO  impl.RoleInfo (RoleInfo.java:updateAndGet(143)) - 2a454ec2-3cfa-49cf-9003-841835eb2002: start FollowerState
2019-09-17 03:24:00,296 [Thread-1385] INFO  impl.FollowerState (FollowerState.java:run(115)) - fb5c35a7-52ed-48ed-856a-22aafd4627bf: FollowerState was interrupted: java.lang.InterruptedException: sleep interrupted
2019-09-17 03:24:00,296 [grpc-default-executor-3] INFO  impl.RoleInfo (RoleInfo.java:updateAndGet(143)) - fb5c35a7-52ed-48ed-856a-22aafd4627bf: start FollowerState
2019-09-17 03:24:00,296 [Thread-1384] INFO  impl.FollowerState (FollowerState.java:run(115)) - 2a454ec2-3cfa-49cf-9003-841835eb2002: FollowerState was interrupted: java.lang.InterruptedException: sleep interrupted
2019-09-17 03:24:00,316 [f255fb19-c941-42ad-8caf-606d85b027b3@group-635631644DC9:LeaderElection18] INFO  impl.LeaderElection (LeaderElection.java:logAndReturn(56)) - f255fb19-c941-42ad-8caf-606d85b027b3@group-635631644DC9:LeaderElection18: Election PASSED; received 1 response(s) [f255fb19-c941-42ad-8caf-606d85b027b3<-2a454ec2-3cfa-49cf-9003-841835eb2002#0:OK-t2] and 0 exception(s); f255fb19-c941-42ad-8caf-606d85b027b3@group-635631644DC9:t2, leader=null, voted=f255fb19-c941-42ad-8caf-606d85b027b3, raftlog=f255fb19-c941-42ad-8caf-606d85b027b3@group-635631644DC9-SegmentedRaftLog:OPENED:c-1,f-1,i0, conf=-1: [fb5c35a7-52ed-48ed-856a-22aafd4627bf:192.168.151.92:35371, f255fb19-c941-42ad-8caf-606d85b027b3:192.168.151.92:37040, 2a454ec2-3cfa-49cf-9003-841835eb2002:192.168.151.92:33622], old=null
2019-09-17 03:24:00,316 [f255fb19-c941-42ad-8caf-606d85b027b3@group-635631644DC9:LeaderElection18] INFO  impl.RoleInfo (RoleInfo.java:shutdownLeaderElection(134)) - f255fb19-c941-42ad-8caf-606d85b027b3: shutdown LeaderElection
2019-09-17 03:24:00,319 [f255fb19-c941-42ad-8caf-606d85b027b3@group-635631644DC9:LeaderElection18] INFO  impl.RaftServerImpl (RaftServerImpl.java:setRole(174)) - f255fb19-c941-42ad-8caf-606d85b027b3@group-635631644DC9: changes role from CANDIDATE to LEADER at term 2 for changeToLeader
2019-09-17 03:24:00,319 [f255fb19-c941-42ad-8caf-606d85b027b3@group-635631644DC9:LeaderElection18] INFO  impl.RaftServerImpl (ServerState.java:setLeader(253)) - f255fb19-c941-42ad-8caf-606d85b027b3@group-635631644DC9: change Leader from null to f255fb19-c941-42ad-8caf-606d85b027b3 at term 2 for becomeLeader, leader elected after 10340ms
2019-09-17 03:24:00,319 [f255fb19-c941-42ad-8caf-606d85b027b3@group-635631644DC9:LeaderElection18] INFO  server.RaftServerConfigKeys (ConfUtils.java:logGet(43)) - raft.server.staging.catchup.gap = 1000 (default)
2019-09-17 03:24:00,319 [f255fb19-c941-42ad-8caf-606d85b027b3@group-635631644DC9:LeaderElection18] INFO  server.RaftServerConfigKeys (ConfUtils.java:logGet(43)) - raft.server.rpc.sleep.time = 25ms (default)
2019-09-17 03:24:00,319 [f255fb19-c941-42ad-8caf-606d85b027b3@group-635631644DC9:LeaderElection18] INFO  server.RaftServerConfigKeys (ConfUtils.java:logGet(43)) - raft.server.write.element-limit = 4096 (default)
2019-09-17 03:24:00,320 [f255fb19-c941-42ad-8caf-606d85b027b3@group-635631644DC9:LeaderElection18] INFO  server.RaftServerConfigKeys (ConfUtils.java:logGet(43)) - raft.server.watch.timeout = 10s (default)
2019-09-17 03:24:00,320 [f255fb19-c941-42ad-8caf-606d85b027b3@group-635631644DC9:LeaderElection18] INFO  server.RaftServerConfigKeys (ConfUtils.java:logGet(43)) - raft.server.watch.timeout.denomination = 1s (default)
2019-09-17 03:24:00,320 [f255fb19-c941-42ad-8caf-606d85b027b3@group-635631644DC9:LeaderElection18] INFO  server.RaftServerConfigKeys (ConfUtils.java:logGet(43)) - raft.server.watch.element-limit = 65536 (default)
2019-09-17 03:24:00,324 [f255fb19-c941-42ad-8caf-606d85b027b3@group-635631644DC9:LeaderElection18] INFO  server.RaftServerConfigKeys (ConfUtils.java:logGet(43)) - raft.server.log.appender.snapshot.chunk.size.max = 16MB (=16777216) (default)
2019-09-17 03:24:00,324 [f255fb19-c941-42ad-8caf-606d85b027b3@group-635631644DC9:LeaderElection18] INFO  server.RaftServerConfigKeys (ConfUtils.java:logGet(43)) - raft.server.log.appender.buffer.byte-limit = 33554432 (custom)
2019-09-17 03:24:00,324 [f255fb19-c941-42ad-8caf-606d85b027b3@group-635631644DC9:LeaderElection18] INFO  server.RaftServerConfigKeys (ConfUtils.java:logGet(43)) - raft.server.log.appender.buffer.element-limit = 1 (custom)
2019-09-17 03:24:00,324 [f255fb19-c941-42ad-8caf-606d85b027b3@group-635631644DC9:LeaderElection18] INFO  grpc.GrpcConfigKeys$Server (ConfUtils.java:logGet(43)) - raft.grpc.server.leader.outstanding.appends.max = 128 (default)
2019-09-17 03:24:00,324 [f255fb19-c941-42ad-8caf-606d85b027b3@group-635631644DC9:LeaderElection18] INFO  server.RaftServerConfigKeys (ConfUtils.java:logGet(43)) - raft.server.rpc.request.timeout = 3000ms (default)
2019-09-17 03:24:00,325 [f255fb19-c941-42ad-8caf-606d85b027b3@group-635631644DC9:LeaderElection18] INFO  server.RaftServerConfigKeys (ConfUtils.java:logGet(43)) - raft.server.log.appender.install.snapshot.enabled = false (custom)
2019-09-17 03:24:00,325 [f255fb19-c941-42ad-8caf-606d85b027b3@group-635631644DC9:LeaderElection18] INFO  server.RaftServerConfigKeys (ConfUtils.java:logGet(43)) - raft.server.log.appender.snapshot.chunk.size.max = 16MB (=16777216) (default)
2019-09-17 03:24:00,325 [f255fb19-c941-42ad-8caf-606d85b027b3@group-635631644DC9:LeaderElection18] INFO  server.RaftServerConfigKeys (ConfUtils.java:logGet(43)) - raft.server.log.appender.buffer.byte-limit = 33554432 (custom)
2019-09-17 03:24:00,325 [f255fb19-c941-42ad-8caf-606d85b027b3@group-635631644DC9:LeaderElection18] INFO  server.RaftServerConfigKeys (ConfUtils.java:logGet(43)) - raft.server.log.appender.buffer.element-limit = 1 (custom)
2019-09-17 03:24:00,325 [f255fb19-c941-42ad-8caf-606d85b027b3@group-635631644DC9:LeaderElection18] INFO  grpc.GrpcConfigKeys$Server (ConfUtils.java:logGet(43)) - raft.grpc.server.leader.outstanding.appends.max = 128 (default)
2019-09-17 03:24:00,326 [f255fb19-c941-42ad-8caf-606d85b027b3@group-635631644DC9:LeaderElection18] INFO  server.RaftServerConfigKeys (ConfUtils.java:logGet(43)) - raft.server.rpc.request.timeout = 3000ms (default)
2019-09-17 03:24:00,326 [f255fb19-c941-42ad-8caf-606d85b027b3@group-635631644DC9:LeaderElection18] INFO  server.RaftServerConfigKeys (ConfUtils.java:logGet(43)) - raft.server.log.appender.install.snapshot.enabled = false (custom)
2019-09-17 03:24:00,326 [f255fb19-c941-42ad-8caf-606d85b027b3@group-635631644DC9:LeaderElection18] INFO  impl.RoleInfo (RoleInfo.java:updateAndGet(143)) - f255fb19-c941-42ad-8caf-606d85b027b3: start LeaderState
2019-09-17 03:24:00,327 [f255fb19-c941-42ad-8caf-606d85b027b3@group-635631644DC9:LeaderElection18] INFO  segmented.SegmentedRaftLogWorker (SegmentedRaftLogWorker.java:startLogSegment(380)) - f255fb19-c941-42ad-8caf-606d85b027b3@group-635631644DC9-SegmentedRaftLogWorker: Starting segment from index:0
2019-09-17 03:24:00,327 [f255fb19-c941-42ad-8caf-606d85b027b3@group-635631644DC9:LeaderElection18] INFO  impl.RaftServerImpl (ServerState.java:setRaftConf(354)) - f255fb19-c941-42ad-8caf-606d85b027b3@group-635631644DC9: set configuration 0: [fb5c35a7-52ed-48ed-856a-22aafd4627bf:192.168.151.92:35371, f255fb19-c941-42ad-8caf-606d85b027b3:192.168.151.92:37040, 2a454ec2-3cfa-49cf-9003-841835eb2002:192.168.151.92:33622], old=null at 0
2019-09-17 03:24:00,353 [grpc-default-executor-3] INFO  impl.RaftServerImpl (ServerState.java:setLeader(253)) - 2a454ec2-3cfa-49cf-9003-841835eb2002@group-635631644DC9: change Leader from null to f255fb19-c941-42ad-8caf-606d85b027b3 at term 2 for appendEntries, leader elected after 10373ms
2019-09-17 03:24:00,353 [grpc-default-executor-2] INFO  impl.RaftServerImpl (ServerState.java:setLeader(253)) - fb5c35a7-52ed-48ed-856a-22aafd4627bf@group-635631644DC9: change Leader from null to f255fb19-c941-42ad-8caf-606d85b027b3 at term 2 for appendEntries, leader elected after 10374ms
2019-09-17 03:24:00,356 [grpc-default-executor-3] INFO  impl.RaftServerImpl (ServerState.java:setRaftConf(354)) - fb5c35a7-52ed-48ed-856a-22aafd4627bf@group-635631644DC9: set configuration 0: [fb5c35a7-52ed-48ed-856a-22aafd4627bf:192.168.151.92:35371, f255fb19-c941-42ad-8caf-606d85b027b3:192.168.151.92:37040, 2a454ec2-3cfa-49cf-9003-841835eb2002:192.168.151.92:33622], old=null at 0
2019-09-17 03:24:00,356 [grpc-default-executor-2] INFO  impl.RaftServerImpl (ServerState.java:setRaftConf(354)) - 2a454ec2-3cfa-49cf-9003-841835eb2002@group-635631644DC9: set configuration 0: [fb5c35a7-52ed-48ed-856a-22aafd4627bf:192.168.151.92:35371, f255fb19-c941-42ad-8caf-606d85b027b3:192.168.151.92:37040, 2a454ec2-3cfa-49cf-9003-841835eb2002:192.168.151.92:33622], old=null at 0
2019-09-17 03:24:00,356 [grpc-default-executor-3] INFO  segmented.SegmentedRaftLogWorker (SegmentedRaftLogWorker.java:startLogSegment(380)) - fb5c35a7-52ed-48ed-856a-22aafd4627bf@group-635631644DC9-SegmentedRaftLogWorker: Starting segment from index:0
2019-09-17 03:24:00,356 [grpc-default-executor-2] INFO  segmented.SegmentedRaftLogWorker (SegmentedRaftLogWorker.java:startLogSegment(380)) - 2a454ec2-3cfa-49cf-9003-841835eb2002@group-635631644DC9-SegmentedRaftLogWorker: Starting segment from index:0
2019-09-17 03:24:00,362 [f255fb19-c941-42ad-8caf-606d85b027b3@group-635631644DC9-SegmentedRaftLogWorker] INFO  segmented.SegmentedRaftLogWorker (SegmentedRaftLogWorker.java:execute(569)) - f255fb19-c941-42ad-8caf-606d85b027b3@group-635631644DC9-SegmentedRaftLogWorker: created new log segment /workdir/hadoop-ozone/integration-test/target/test-dir/MiniOzoneClusterImpl-1016471a-d40a-48f2-8884-b9093ef4fa4a/datanode-2/data/ratis/16631309-8736-430e-a702-635631644dc9/current/log_inprogress_0
2019-09-17 03:24:00,411 [2a454ec2-3cfa-49cf-9003-841835eb2002@group-635631644DC9-SegmentedRaftLogWorker] INFO  segmented.SegmentedRaftLogWorker (SegmentedRaftLogWorker.java:execute(569)) - 2a454ec2-3cfa-49cf-9003-841835eb2002@group-635631644DC9-SegmentedRaftLogWorker: created new log segment /workdir/hadoop-ozone/integration-test/target/test-dir/MiniOzoneClusterImpl-1016471a-d40a-48f2-8884-b9093ef4fa4a/datanode-5/data/ratis/16631309-8736-430e-a702-635631644dc9/current/log_inprogress_0
2019-09-17 03:24:00,411 [fb5c35a7-52ed-48ed-856a-22aafd4627bf@group-635631644DC9-SegmentedRaftLogWorker] INFO  segmented.SegmentedRaftLogWorker (SegmentedRaftLogWorker.java:execute(569)) - fb5c35a7-52ed-48ed-856a-22aafd4627bf@group-635631644DC9-SegmentedRaftLogWorker: created new log segment /workdir/hadoop-ozone/integration-test/target/test-dir/MiniOzoneClusterImpl-1016471a-d40a-48f2-8884-b9093ef4fa4a/datanode-3/data/ratis/16631309-8736-430e-a702-635631644dc9/current/log_inprogress_0
2019-09-17 03:24:00,634 [org.apache.ratis.server.impl.LogAppender$AppenderDaemon$$Lambda$550/692567409@4f879821] ERROR ratis.XceiverServerRatis (XceiverServerRatis.java:triggerPipelineClose(575)) - pipeline Action CLOSE  on pipeline PipelineID=9b5330a7-e06f-4957-8ee5-89364a117de9.Reason : 2a454ec2-3cfa-49cf-9003-841835eb2002 has not seen follower/s fb5c35a7-52ed-48ed-856a-22aafd4627bf for 172288ms f255fb19-c941-42ad-8caf-606d85b027b3 for 172288ms
2019-09-17 03:24:00,634 [org.apache.ratis.server.impl.LogAppender$AppenderDaemon$$Lambda$550/692567409@77391bec] ERROR ratis.XceiverServerRatis (XceiverServerRatis.java:triggerPipelineClose(575)) - pipeline Action CLOSE  on pipeline PipelineID=9b5330a7-e06f-4957-8ee5-89364a117de9.Reason : 2a454ec2-3cfa-49cf-9003-841835eb2002 has not seen follower/s fb5c35a7-52ed-48ed-856a-22aafd4627bf for 172288ms f255fb19-c941-42ad-8caf-606d85b027b3 for 172288ms
2019-09-17 03:24:01,133 [java.util.concurrent.ThreadPoolExecutor$Worker@200c90e7[State = -1, empty queue]] WARN  server.GrpcLogAppender (GrpcLogAppender.java:timeoutAppendRequest(200)) - 2a454ec2-3cfa-49cf-9003-841835eb2002@group-89364A117DE9->f255fb19-c941-42ad-8caf-606d85b027b3-GrpcLogAppender: appendEntries Timeout, request=2a454ec2-3cfa-49cf-9003-841835eb2002->f255fb19-c941-42ad-8caf-606d85b027b3#163-t1, previous=(t:1, i:19), leaderCommit=12, initializing? false, entries: <empty>
2019-09-17 03:24:01,133 [java.util.concurrent.ThreadPoolExecutor$Worker@2cfcc4f0[State = -1, empty queue]] WARN  server.GrpcLogAppender (GrpcLogAppender.java:timeoutAppendRequest(200)) - 2a454ec2-3cfa-49cf-9003-841835eb2002@group-89364A117DE9->fb5c35a7-52ed-48ed-856a-22aafd4627bf-GrpcLogAppender: appendEntries Timeout, request=2a454ec2-3cfa-49cf-9003-841835eb2002->fb5c35a7-52ed-48ed-856a-22aafd4627bf#163-t1, previous=(t:1, i:19), leaderCommit=12, initializing? false, entries: <empty>
2019-09-17 03:24:01,616 [EventQueue-PipelineActionsForPipelineActionHandler] ERROR pipeline.PipelineActionHandler (PipelineActionHandler.java:onMessage(60)) - Received pipeline action CLOSE for Pipeline[ Id: 9b5330a7-e06f-4957-8ee5-89364a117de9, Nodes: 2a454ec2-3cfa-49cf-9003-841835eb2002{ip: 192.168.151.92, host: pr-hdds-2139-j8dx6-1450124282, networkLocation: /default-rack, certSerialId: null}f255fb19-c941-42ad-8caf-606d85b027b3{ip: 192.168.151.92, host: pr-hdds-2139-j8dx6-1450124282, networkLocation: /default-rack, certSerialId: null}fb5c35a7-52ed-48ed-856a-22aafd4627bf{ip: 192.168.151.92, host: pr-hdds-2139-j8dx6-1450124282, networkLocation: /default-rack, certSerialId: null}, Type:RATIS, Factor:THREE, State:CLOSED] from datanode 2a454ec2-3cfa-49cf-9003-841835eb2002{ip: 192.168.151.92, host: pr-hdds-2139-j8dx6-1450124282, networkLocation: /default-rack, certSerialId: null}. Reason : 2a454ec2-3cfa-49cf-9003-841835eb2002 has not seen follower/s fb5c35a7-52ed-48ed-856a-22aafd4627bf for 172288ms f255fb19-c941-42ad-8caf-606d85b027b3 for 172288ms
2019-09-17 03:24:01,616 [EventQueue-PipelineActionsForPipelineActionHandler] INFO  pipeline.SCMPipelineManager (SCMPipelineManager.java:finalizeAndDestroyPipeline(311)) - destroying pipeline:Pipeline[ Id: 9b5330a7-e06f-4957-8ee5-89364a117de9, Nodes: 2a454ec2-3cfa-49cf-9003-841835eb2002{ip: 192.168.151.92, host: pr-hdds-2139-j8dx6-1450124282, networkLocation: /default-rack, certSerialId: null}f255fb19-c941-42ad-8caf-606d85b027b3{ip: 192.168.151.92, host: pr-hdds-2139-j8dx6-1450124282, networkLocation: /default-rack, certSerialId: null}fb5c35a7-52ed-48ed-856a-22aafd4627bf{ip: 192.168.151.92, host: pr-hdds-2139-j8dx6-1450124282, networkLocation: /default-rack, certSerialId: null}, Type:RATIS, Factor:THREE, State:CLOSED]
2019-09-17 03:24:03,135 [org.apache.ratis.server.impl.LogAppender$AppenderDaemon$$Lambda$550/692567409@77391bec] ERROR ratis.XceiverServerRatis (XceiverServerRatis.java:triggerPipelineClose(575)) - pipeline Action CLOSE  on pipeline PipelineID=9b5330a7-e06f-4957-8ee5-89364a117de9.Reason : 2a454ec2-3cfa-49cf-9003-841835eb2002 has not seen follower/s fb5c35a7-52ed-48ed-856a-22aafd4627bf for 174789ms f255fb19-c941-42ad-8caf-606d85b027b3 for 174789ms
2019-09-17 03:24:03,136 [org.apache.ratis.server.impl.LogAppender$AppenderDaemon$$Lambda$550/692567409@4f879821] ERROR ratis.XceiverServerRatis (XceiverServerRatis.java:triggerPipelineClose(575)) - pipeline Action CLOSE  on pipeline PipelineID=9b5330a7-e06f-4957-8ee5-89364a117de9.Reason : 2a454ec2-3cfa-49cf-9003-841835eb2002 has not seen follower/s fb5c35a7-52ed-48ed-856a-22aafd4627bf for 174789ms f255fb19-c941-42ad-8caf-606d85b027b3 for 174789ms
2019-09-17 03:24:03,616 [EventQueue-PipelineActionsForPipelineActionHandler] ERROR pipeline.PipelineActionHandler (PipelineActionHandler.java:onMessage(60)) - Received pipeline action CLOSE for Pipeline[ Id: 9b5330a7-e06f-4957-8ee5-89364a117de9, Nodes: 2a454ec2-3cfa-49cf-9003-841835eb2002{ip: 192.168.151.92, host: pr-hdds-2139-j8dx6-1450124282, networkLocation: /default-rack, certSerialId: null}f255fb19-c941-42ad-8caf-606d85b027b3{ip: 192.168.151.92, host: pr-hdds-2139-j8dx6-1450124282, networkLocation: /default-rack, certSerialId: null}fb5c35a7-52ed-48ed-856a-22aafd4627bf{ip: 192.168.151.92, host: pr-hdds-2139-j8dx6-1450124282, networkLocation: /default-rack, certSerialId: null}, Type:RATIS, Factor:THREE, State:CLOSED] from datanode 2a454ec2-3cfa-49cf-9003-841835eb2002{ip: 192.168.151.92, host: pr-hdds-2139-j8dx6-1450124282, networkLocation: /default-rack, certSerialId: null}. Reason : 2a454ec2-3cfa-49cf-9003-841835eb2002 has not seen follower/s fb5c35a7-52ed-48ed-856a-22aafd4627bf for 174789ms f255fb19-c941-42ad-8caf-606d85b027b3 for 174789ms
2019-09-17 03:24:03,617 [EventQueue-PipelineActionsForPipelineActionHandler] INFO  pipeline.SCMPipelineManager (SCMPipelineManager.java:finalizeAndDestroyPipeline(311)) - destroying pipeline:Pipeline[ Id: 9b5330a7-e06f-4957-8ee5-89364a117de9, Nodes: 2a454ec2-3cfa-49cf-9003-841835eb2002{ip: 192.168.151.92, host: pr-hdds-2139-j8dx6-1450124282, networkLocation: /default-rack, certSerialId: null}f255fb19-c941-42ad-8caf-606d85b027b3{ip: 192.168.151.92, host: pr-hdds-2139-j8dx6-1450124282, networkLocation: /default-rack, certSerialId: null}fb5c35a7-52ed-48ed-856a-22aafd4627bf{ip: 192.168.151.92, host: pr-hdds-2139-j8dx6-1450124282, networkLocation: /default-rack, certSerialId: null}, Type:RATIS, Factor:THREE, State:CLOSED]
2019-09-17 03:24:03,634 [java.util.concurrent.ThreadPoolExecutor$Worker@200c90e7[State = -1, empty queue]] WARN  server.GrpcLogAppender (GrpcLogAppender.java:timeoutAppendRequest(200)) - 2a454ec2-3cfa-49cf-9003-841835eb2002@group-89364A117DE9->f255fb19-c941-42ad-8caf-606d85b027b3-GrpcLogAppender: appendEntries Timeout, request=2a454ec2-3cfa-49cf-9003-841835eb2002->f255fb19-c941-42ad-8caf-606d85b027b3#164-t1, previous=(t:1, i:19), leaderCommit=12, initializing? false, entries: <empty>
2019-09-17 03:24:03,635 [java.util.concurrent.ThreadPoolExecutor$Worker@2cfcc4f0[State = -1, empty queue]] WARN  server.GrpcLogAppender (GrpcLogAppender.java:timeoutAppendRequest(200)) - 2a454ec2-3cfa-49cf-9003-841835eb2002@group-89364A117DE9->fb5c35a7-52ed-48ed-856a-22aafd4627bf-GrpcLogAppender: appendEntries Timeout, request=2a454ec2-3cfa-49cf-9003-841835eb2002->fb5c35a7-52ed-48ed-856a-22aafd4627bf#164-t1, previous=(t:1, i:19), leaderCommit=12, initializing? false, entries: <empty>
2019-09-17 03:24:05,101 [grpc-default-executor-2] INFO  client.GrpcClientProtocolClient (GrpcClientProtocolClient.java:onNext(264)) - client-FCF838B3A418->fb5c35a7-52ed-48ed-856a-22aafd4627bf: receive RaftClientReply:client-FCF838B3A418->fb5c35a7-52ed-48ed-856a-22aafd4627bf@group-89364A117DE9, cid=33, FAILED org.apache.ratis.protocol.NotLeaderException: Server fb5c35a7-52ed-48ed-856a-22aafd4627bf@group-89364A117DE9 is not the leader 2a454ec2-3cfa-49cf-9003-841835eb2002:192.168.151.92:33622, logIndex=0, commits[fb5c35a7-52ed-48ed-856a-22aafd4627bf:c12, f255fb19-c941-42ad-8caf-606d85b027b3:c10, 2a454ec2-3cfa-49cf-9003-841835eb2002:c12]
2019-09-17 03:24:05,636 [org.apache.ratis.server.impl.LogAppender$AppenderDaemon$$Lambda$550/692567409@4f879821] ERROR ratis.XceiverServerRatis (XceiverServerRatis.java:triggerPipelineClose(575)) - pipeline Action CLOSE  on pipeline PipelineID=9b5330a7-e06f-4957-8ee5-89364a117de9.Reason : 2a454ec2-3cfa-49cf-9003-841835eb2002 has not seen follower/s fb5c35a7-52ed-48ed-856a-22aafd4627bf for 177289ms f255fb19-c941-42ad-8caf-606d85b027b3 for 177290ms
2019-09-17 03:24:05,636 [org.apache.ratis.server.impl.LogAppender$AppenderDaemon$$Lambda$550/692567409@77391bec] ERROR ratis.XceiverServerRatis (XceiverServerRatis.java:triggerPipelineClose(575)) - pipeline Action CLOSE  on pipeline PipelineID=9b5330a7-e06f-4957-8ee5-89364a117de9.Reason : 2a454ec2-3cfa-49cf-9003-841835eb2002 has not seen follower/s fb5c35a7-52ed-48ed-856a-22aafd4627bf for 177290ms f255fb19-c941-42ad-8caf-606d85b027b3 for 177290ms
2019-09-17 03:24:06,135 [java.util.concurrent.ThreadPoolExecutor$Worker@2cfcc4f0[State = -1, empty queue]] WARN  server.GrpcLogAppender (GrpcLogAppender.java:timeoutAppendRequest(200)) - 2a454ec2-3cfa-49cf-9003-841835eb2002@group-89364A117DE9->fb5c35a7-52ed-48ed-856a-22aafd4627bf-GrpcLogAppender: appendEntries Timeout, request=2a454ec2-3cfa-49cf-9003-841835eb2002->fb5c35a7-52ed-48ed-856a-22aafd4627bf#165-t1, previous=(t:1, i:19), leaderCommit=12, initializing? false, entries: <empty>
2019-09-17 03:24:06,135 [java.util.concurrent.ThreadPoolExecutor$Worker@200c90e7[State = -1, empty queue]] WARN  server.GrpcLogAppender (GrpcLogAppender.java:timeoutAppendRequest(200)) - 2a454ec2-3cfa-49cf-9003-841835eb2002@group-89364A117DE9->f255fb19-c941-42ad-8caf-606d85b027b3-GrpcLogAppender: appendEntries Timeout, request=2a454ec2-3cfa-49cf-9003-841835eb2002->f255fb19-c941-42ad-8caf-606d85b027b3#165-t1, previous=(t:1, i:19), leaderCommit=12, initializing? false, entries: <empty>
2019-09-17 03:24:06,617 [EventQueue-PipelineActionsForPipelineActionHandler] ERROR pipeline.PipelineActionHandler (PipelineActionHandler.java:onMessage(60)) - Received pipeline action CLOSE for Pipeline[ Id: 9b5330a7-e06f-4957-8ee5-89364a117de9, Nodes: 2a454ec2-3cfa-49cf-9003-841835eb2002{ip: 192.168.151.92, host: pr-hdds-2139-j8dx6-1450124282, networkLocation: /default-rack, certSerialId: null}f255fb19-c941-42ad-8caf-606d85b027b3{ip: 192.168.151.92, host: pr-hdds-2139-j8dx6-1450124282, networkLocation: /default-rack, certSerialId: null}fb5c35a7-52ed-48ed-856a-22aafd4627bf{ip: 192.168.151.92, host: pr-hdds-2139-j8dx6-1450124282, networkLocation: /default-rack, certSerialId: null}, Type:RATIS, Factor:THREE, State:CLOSED] from datanode 2a454ec2-3cfa-49cf-9003-841835eb2002{ip: 192.168.151.92, host: pr-hdds-2139-j8dx6-1450124282, networkLocation: /default-rack, certSerialId: null}. Reason : 2a454ec2-3cfa-49cf-9003-841835eb2002 has not seen follower/s fb5c35a7-52ed-48ed-856a-22aafd4627bf for 177289ms f255fb19-c941-42ad-8caf-606d85b027b3 for 177290ms
2019-09-17 03:24:06,617 [EventQueue-PipelineActionsForPipelineActionHandler] INFO  pipeline.SCMPipelineManager (SCMPipelineManager.java:finalizeAndDestroyPipeline(311)) - destroying pipeline:Pipeline[ Id: 9b5330a7-e06f-4957-8ee5-89364a117de9, Nodes: 2a454ec2-3cfa-49cf-9003-841835eb2002{ip: 192.168.151.92, host: pr-hdds-2139-j8dx6-1450124282, networkLocation: /default-rack, certSerialId: null}f255fb19-c941-42ad-8caf-606d85b027b3{ip: 192.168.151.92, host: pr-hdds-2139-j8dx6-1450124282, networkLocation: /default-rack, certSerialId: null}fb5c35a7-52ed-48ed-856a-22aafd4627bf{ip: 192.168.151.92, host: pr-hdds-2139-j8dx6-1450124282, networkLocation: /default-rack, certSerialId: null}, Type:RATIS, Factor:THREE, State:CLOSED]
2019-09-17 03:24:08,137 [org.apache.ratis.server.impl.LogAppender$AppenderDaemon$$Lambda$550/692567409@4f879821] ERROR ratis.XceiverServerRatis (XceiverServerRatis.java:triggerPipelineClose(575)) - pipeline Action CLOSE  on pipeline PipelineID=9b5330a7-e06f-4957-8ee5-89364a117de9.Reason : 2a454ec2-3cfa-49cf-9003-841835eb2002 has not seen follower/s fb5c35a7-52ed-48ed-856a-22aafd4627bf for 179790ms f255fb19-c941-42ad-8caf-606d85b027b3 for 179791ms
2019-09-17 03:24:08,137 [org.apache.ratis.server.impl.LogAppender$AppenderDaemon$$Lambda$550/692567409@77391bec] ERROR ratis.XceiverServerRatis (XceiverServerRatis.java:triggerPipelineClose(575)) - pipeline Action CLOSE  on pipeline PipelineID=9b5330a7-e06f-4957-8ee5-89364a117de9.Reason : 2a454ec2-3cfa-49cf-9003-841835eb2002 has not seen follower/s fb5c35a7-52ed-48ed-856a-22aafd4627bf for 179791ms f255fb19-c941-42ad-8caf-606d85b027b3 for 179791ms
2019-09-17 03:24:08,564 [2a454ec2-3cfa-49cf-9003-841835eb2002@group-89364A117DE9-SegmentedRaftLogWorker] WARN  segmented.SegmentedRaftLogWorker (SegmentedRaftLogWorker.java:getFromFuture(90)) - Timeout 17/~
org.apache.ratis.protocol.TimeoutIOException: Timeout 10s: WriteLog:14: (t:1, i:14), STATEMACHINELOGENTRY, client-FCF838B3A418, cid=34-writeStateMachineData
	at org.apache.ratis.util.IOUtils.getFromFuture(IOUtils.java:87)
	at org.apache.ratis.server.raftlog.segmented.SegmentedRaftLogWorker$StateMachineDataPolicy.getFromFuture(SegmentedRaftLogWorker.java:87)
	at org.apache.ratis.server.raftlog.segmented.SegmentedRaftLogWorker$WriteLog.execute(SegmentedRaftLogWorker.java:477)
	at org.apache.ratis.server.raftlog.segmented.SegmentedRaftLogWorker.run(SegmentedRaftLogWorker.java:289)
	at java.lang.Thread.run(Thread.java:748)
Caused by: java.util.concurrent.TimeoutException
	at java.util.concurrent.CompletableFuture.timedGet(CompletableFuture.java:1771)
	at java.util.concurrent.CompletableFuture.get(CompletableFuture.java:1915)
	at org.apache.ratis.util.IOUtils.getFromFuture(IOUtils.java:79)
	... 4 more
2019-09-17 03:24:08,607 [fb5c35a7-52ed-48ed-856a-22aafd4627bf@group-89364A117DE9-SegmentedRaftLogWorker] WARN  segmented.SegmentedRaftLogWorker (SegmentedRaftLogWorker.java:getFromFuture(90)) - Timeout 17/~
org.apache.ratis.protocol.TimeoutIOException: Timeout 10s: WriteLog:14: (t:1, i:14), STATEMACHINELOGENTRY, client-FCF838B3A418, cid=34-writeStateMachineData
	at org.apache.ratis.util.IOUtils.getFromFuture(IOUtils.java:87)
	at org.apache.ratis.server.raftlog.segmented.SegmentedRaftLogWorker$StateMachineDataPolicy.getFromFuture(SegmentedRaftLogWorker.java:87)
	at org.apache.ratis.server.raftlog.segmented.SegmentedRaftLogWorker$WriteLog.execute(SegmentedRaftLogWorker.java:477)
	at org.apache.ratis.server.raftlog.segmented.SegmentedRaftLogWorker.run(SegmentedRaftLogWorker.java:289)
	at java.lang.Thread.run(Thread.java:748)
Caused by: java.util.concurrent.TimeoutException
	at java.util.concurrent.CompletableFuture.timedGet(CompletableFuture.java:1771)
	at java.util.concurrent.CompletableFuture.get(CompletableFuture.java:1915)
	at org.apache.ratis.util.IOUtils.getFromFuture(IOUtils.java:79)
	... 4 more
2019-09-17 03:24:08,608 [f255fb19-c941-42ad-8caf-606d85b027b3@group-89364A117DE9-SegmentedRaftLogWorker] WARN  segmented.SegmentedRaftLogWorker (SegmentedRaftLogWorker.java:getFromFuture(90)) - Timeout 17/~
org.apache.ratis.protocol.TimeoutIOException: Timeout 10s: WriteLog:14: (t:1, i:14), STATEMACHINELOGENTRY, client-FCF838B3A418, cid=34-writeStateMachineData
	at org.apache.ratis.util.IOUtils.getFromFuture(IOUtils.java:87)
	at org.apache.ratis.server.raftlog.segmented.SegmentedRaftLogWorker$StateMachineDataPolicy.getFromFuture(SegmentedRaftLogWorker.java:87)
	at org.apache.ratis.server.raftlog.segmented.SegmentedRaftLogWorker$WriteLog.execute(SegmentedRaftLogWorker.java:477)
	at org.apache.ratis.server.raftlog.segmented.SegmentedRaftLogWorker.run(SegmentedRaftLogWorker.java:289)
	at java.lang.Thread.run(Thread.java:748)
Caused by: java.util.concurrent.TimeoutException
	at java.util.concurrent.CompletableFuture.timedGet(CompletableFuture.java:1771)
	at java.util.concurrent.CompletableFuture.get(CompletableFuture.java:1915)
	at org.apache.ratis.util.IOUtils.getFromFuture(IOUtils.java:79)
	... 4 more
2019-09-17 03:24:08,616 [EventQueue-PipelineActionsForPipelineActionHandler] ERROR pipeline.PipelineActionHandler (PipelineActionHandler.java:onMessage(60)) - Received pipeline action CLOSE for Pipeline[ Id: 9b5330a7-e06f-4957-8ee5-89364a117de9, Nodes: 2a454ec2-3cfa-49cf-9003-841835eb2002{ip: 192.168.151.92, host: pr-hdds-2139-j8dx6-1450124282, networkLocation: /default-rack, certSerialId: null}f255fb19-c941-42ad-8caf-606d85b027b3{ip: 192.168.151.92, host: pr-hdds-2139-j8dx6-1450124282, networkLocation: /default-rack, certSerialId: null}fb5c35a7-52ed-48ed-856a-22aafd4627bf{ip: 192.168.151.92, host: pr-hdds-2139-j8dx6-1450124282, networkLocation: /default-rack, certSerialId: null}, Type:RATIS, Factor:THREE, State:CLOSED] from datanode 2a454ec2-3cfa-49cf-9003-841835eb2002{ip: 192.168.151.92, host: pr-hdds-2139-j8dx6-1450124282, networkLocation: /default-rack, certSerialId: null}. Reason : 2a454ec2-3cfa-49cf-9003-841835eb2002 has not seen follower/s fb5c35a7-52ed-48ed-856a-22aafd4627bf for 179790ms f255fb19-c941-42ad-8caf-606d85b027b3 for 179791ms
2019-09-17 03:24:08,616 [EventQueue-PipelineActionsForPipelineActionHandler] INFO  pipeline.SCMPipelineManager (SCMPipelineManager.java:finalizeAndDestroyPipeline(311)) - destroying pipeline:Pipeline[ Id: 9b5330a7-e06f-4957-8ee5-89364a117de9, Nodes: 2a454ec2-3cfa-49cf-9003-841835eb2002{ip: 192.168.151.92, host: pr-hdds-2139-j8dx6-1450124282, networkLocation: /default-rack, certSerialId: null}f255fb19-c941-42ad-8caf-606d85b027b3{ip: 192.168.151.92, host: pr-hdds-2139-j8dx6-1450124282, networkLocation: /default-rack, certSerialId: null}fb5c35a7-52ed-48ed-856a-22aafd4627bf{ip: 192.168.151.92, host: pr-hdds-2139-j8dx6-1450124282, networkLocation: /default-rack, certSerialId: null}, Type:RATIS, Factor:THREE, State:CLOSED]
2019-09-17 03:24:08,636 [java.util.concurrent.ThreadPoolExecutor$Worker@200c90e7[State = -1, empty queue]] WARN  server.GrpcLogAppender (GrpcLogAppender.java:timeoutAppendRequest(200)) - 2a454ec2-3cfa-49cf-9003-841835eb2002@group-89364A117DE9->f255fb19-c941-42ad-8caf-606d85b027b3-GrpcLogAppender: appendEntries Timeout, request=2a454ec2-3cfa-49cf-9003-841835eb2002->f255fb19-c941-42ad-8caf-606d85b027b3#166-t1, previous=(t:1, i:19), leaderCommit=12, initializing? false, entries: <empty>
2019-09-17 03:24:08,636 [java.util.concurrent.ThreadPoolExecutor$Worker@2cfcc4f0[State = -1, empty queue]] WARN  server.GrpcLogAppender (GrpcLogAppender.java:timeoutAppendRequest(200)) - 2a454ec2-3cfa-49cf-9003-841835eb2002@group-89364A117DE9->fb5c35a7-52ed-48ed-856a-22aafd4627bf-GrpcLogAppender: appendEntries Timeout, request=2a454ec2-3cfa-49cf-9003-841835eb2002->fb5c35a7-52ed-48ed-856a-22aafd4627bf#166-t1, previous=(t:1, i:19), leaderCommit=12, initializing? false, entries: <empty>
2019-09-17 03:24:10,143 [grpc-default-executor-2] INFO  client.GrpcClientProtocolClient (GrpcClientProtocolClient.java:onNext(264)) - client-FCF838B3A418->fb5c35a7-52ed-48ed-856a-22aafd4627bf: receive RaftClientReply:client-FCF838B3A418->fb5c35a7-52ed-48ed-856a-22aafd4627bf@group-89364A117DE9, cid=33, FAILED org.apache.ratis.protocol.NotLeaderException: Server fb5c35a7-52ed-48ed-856a-22aafd4627bf@group-89364A117DE9 is not the leader 2a454ec2-3cfa-49cf-9003-841835eb2002:192.168.151.92:33622, logIndex=0, commits[fb5c35a7-52ed-48ed-856a-22aafd4627bf:c12, f255fb19-c941-42ad-8caf-606d85b027b3:c10, 2a454ec2-3cfa-49cf-9003-841835eb2002:c12]
2019-09-17 03:24:10,638 [org.apache.ratis.server.impl.LogAppender$AppenderDaemon$$Lambda$550/692567409@77391bec] ERROR ratis.XceiverServerRatis (XceiverServerRatis.java:triggerPipelineClose(575)) - pipeline Action CLOSE  on pipeline PipelineID=9b5330a7-e06f-4957-8ee5-89364a117de9.Reason : 2a454ec2-3cfa-49cf-9003-841835eb2002 has not seen follower/s fb5c35a7-52ed-48ed-856a-22aafd4627bf for 182291ms f255fb19-c941-42ad-8caf-606d85b027b3 for 182292ms
2019-09-17 03:24:10,638 [org.apache.ratis.server.impl.LogAppender$AppenderDaemon$$Lambda$550/692567409@4f879821] ERROR ratis.XceiverServerRatis (XceiverServerRatis.java:triggerPipelineClose(575)) - pipeline Action CLOSE  on pipeline PipelineID=9b5330a7-e06f-4957-8ee5-89364a117de9.Reason : 2a454ec2-3cfa-49cf-9003-841835eb2002 has not seen follower/s fb5c35a7-52ed-48ed-856a-22aafd4627bf for 182291ms f255fb19-c941-42ad-8caf-606d85b027b3 for 182292ms
2019-09-17 03:24:11,137 [java.util.concurrent.ThreadPoolExecutor$Worker@200c90e7[State = -1, empty queue]] WARN  server.GrpcLogAppender (GrpcLogAppender.java:timeoutAppendRequest(200)) - 2a454ec2-3cfa-49cf-9003-841835eb2002@group-89364A117DE9->f255fb19-c941-42ad-8caf-606d85b027b3-GrpcLogAppender: appendEntries Timeout, request=2a454ec2-3cfa-49cf-9003-841835eb2002->f255fb19-c941-42ad-8caf-606d85b027b3#167-t1, previous=(t:1, i:19), leaderCommit=12, initializing? false, entries: <empty>
2019-09-17 03:24:11,137 [java.util.concurrent.ThreadPoolExecutor$Worker@2cfcc4f0[State = -1, empty queue]] WARN  server.GrpcLogAppender (GrpcLogAppender.java:timeoutAppendRequest(200)) - 2a454ec2-3cfa-49cf-9003-841835eb2002@group-89364A117DE9->fb5c35a7-52ed-48ed-856a-22aafd4627bf-GrpcLogAppender: appendEntries Timeout, request=2a454ec2-3cfa-49cf-9003-841835eb2002->fb5c35a7-52ed-48ed-856a-22aafd4627bf#167-t1, previous=(t:1, i:19), leaderCommit=12, initializing? false, entries: <empty>
2019-09-17 03:24:11,618 [EventQueue-PipelineActionsForPipelineActionHandler] ERROR pipeline.PipelineActionHandler (PipelineActionHandler.java:onMessage(60)) - Received pipeline action CLOSE for Pipeline[ Id: 9b5330a7-e06f-4957-8ee5-89364a117de9, Nodes: 2a454ec2-3cfa-49cf-9003-841835eb2002{ip: 192.168.151.92, host: pr-hdds-2139-j8dx6-1450124282, networkLocation: /default-rack, certSerialId: null}f255fb19-c941-42ad-8caf-606d85b027b3{ip: 192.168.151.92, host: pr-hdds-2139-j8dx6-1450124282, networkLocation: /default-rack, certSerialId: null}fb5c35a7-52ed-48ed-856a-22aafd4627bf{ip: 192.168.151.92, host: pr-hdds-2139-j8dx6-1450124282, networkLocation: /default-rack, certSerialId: null}, Type:RATIS, Factor:THREE, State:CLOSED] from datanode 2a454ec2-3cfa-49cf-9003-841835eb2002{ip: 192.168.151.92, host: pr-hdds-2139-j8dx6-1450124282, networkLocation: /default-rack, certSerialId: null}. Reason : 2a454ec2-3cfa-49cf-9003-841835eb2002 has not seen follower/s fb5c35a7-52ed-48ed-856a-22aafd4627bf for 182291ms f255fb19-c941-42ad-8caf-606d85b027b3 for 182292ms
2019-09-17 03:24:11,618 [EventQueue-PipelineActionsForPipelineActionHandler] INFO  pipeline.SCMPipelineManager (SCMPipelineManager.java:finalizeAndDestroyPipeline(311)) - destroying pipeline:Pipeline[ Id: 9b5330a7-e06f-4957-8ee5-89364a117de9, Nodes: 2a454ec2-3cfa-49cf-9003-841835eb2002{ip: 192.168.151.92, host: pr-hdds-2139-j8dx6-1450124282, networkLocation: /default-rack, certSerialId: null}f255fb19-c941-42ad-8caf-606d85b027b3{ip: 192.168.151.92, host: pr-hdds-2139-j8dx6-1450124282, networkLocation: /default-rack, certSerialId: null}fb5c35a7-52ed-48ed-856a-22aafd4627bf{ip: 192.168.151.92, host: pr-hdds-2139-j8dx6-1450124282, networkLocation: /default-rack, certSerialId: null}, Type:RATIS, Factor:THREE, State:CLOSED]
2019-09-17 03:24:13,139 [org.apache.ratis.server.impl.LogAppender$AppenderDaemon$$Lambda$550/692567409@4f879821] ERROR ratis.XceiverServerRatis (XceiverServerRatis.java:triggerPipelineClose(575)) - pipeline Action CLOSE  on pipeline PipelineID=9b5330a7-e06f-4957-8ee5-89364a117de9.Reason : 2a454ec2-3cfa-49cf-9003-841835eb2002 has not seen follower/s fb5c35a7-52ed-48ed-856a-22aafd4627bf for 184793ms f255fb19-c941-42ad-8caf-606d85b027b3 for 184793ms
2019-09-17 03:24:13,139 [org.apache.ratis.server.impl.LogAppender$AppenderDaemon$$Lambda$550/692567409@77391bec] ERROR ratis.XceiverServerRatis (XceiverServerRatis.java:triggerPipelineClose(575)) - pipeline Action CLOSE  on pipeline PipelineID=9b5330a7-e06f-4957-8ee5-89364a117de9.Reason : 2a454ec2-3cfa-49cf-9003-841835eb2002 has not seen follower/s fb5c35a7-52ed-48ed-856a-22aafd4627bf for 184793ms f255fb19-c941-42ad-8caf-606d85b027b3 for 184793ms
2019-09-17 03:24:13,617 [EventQueue-PipelineActionsForPipelineActionHandler] ERROR pipeline.PipelineActionHandler (PipelineActionHandler.java:onMessage(60)) - Received pipeline action CLOSE for Pipeline[ Id: 9b5330a7-e06f-4957-8ee5-89364a117de9, Nodes: 2a454ec2-3cfa-49cf-9003-841835eb2002{ip: 192.168.151.92, host: pr-hdds-2139-j8dx6-1450124282, networkLocation: /default-rack, certSerialId: null}f255fb19-c941-42ad-8caf-606d85b027b3{ip: 192.168.151.92, host: pr-hdds-2139-j8dx6-1450124282, networkLocation: /default-rack, certSerialId: null}fb5c35a7-52ed-48ed-856a-22aafd4627bf{ip: 192.168.151.92, host: pr-hdds-2139-j8dx6-1450124282, networkLocation: /default-rack, certSerialId: null}, Type:RATIS, Factor:THREE, State:CLOSED] from datanode 2a454ec2-3cfa-49cf-9003-841835eb2002{ip: 192.168.151.92, host: pr-hdds-2139-j8dx6-1450124282, networkLocation: /default-rack, certSerialId: null}. Reason : 2a454ec2-3cfa-49cf-9003-841835eb2002 has not seen follower/s fb5c35a7-52ed-48ed-856a-22aafd4627bf for 184793ms f255fb19-c941-42ad-8caf-606d85b027b3 for 184793ms
2019-09-17 03:24:13,617 [EventQueue-PipelineActionsForPipelineActionHandler] INFO  pipeline.SCMPipelineManager (SCMPipelineManager.java:finalizeAndDestroyPipeline(311)) - destroying pipeline:Pipeline[ Id: 9b5330a7-e06f-4957-8ee5-89364a117de9, Nodes: 2a454ec2-3cfa-49cf-9003-841835eb2002{ip: 192.168.151.92, host: pr-hdds-2139-j8dx6-1450124282, networkLocation: /default-rack, certSerialId: null}f255fb19-c941-42ad-8caf-606d85b027b3{ip: 192.168.151.92, host: pr-hdds-2139-j8dx6-1450124282, networkLocation: /default-rack, certSerialId: null}fb5c35a7-52ed-48ed-856a-22aafd4627bf{ip: 192.168.151.92, host: pr-hdds-2139-j8dx6-1450124282, networkLocation: /default-rack, certSerialId: null}, Type:RATIS, Factor:THREE, State:CLOSED]
2019-09-17 03:24:13,638 [java.util.concurrent.ThreadPoolExecutor$Worker@200c90e7[State = -1, empty queue]] WARN  server.GrpcLogAppender (GrpcLogAppender.java:timeoutAppendRequest(200)) - 2a454ec2-3cfa-49cf-9003-841835eb2002@group-89364A117DE9->f255fb19-c941-42ad-8caf-606d85b027b3-GrpcLogAppender: appendEntries Timeout, request=2a454ec2-3cfa-49cf-9003-841835eb2002->f255fb19-c941-42ad-8caf-606d85b027b3#168-t1, previous=(t:1, i:19), leaderCommit=12, initializing? false, entries: <empty>
2019-09-17 03:24:13,638 [java.util.concurrent.ThreadPoolExecutor$Worker@2cfcc4f0[State = -1, empty queue]] WARN  server.GrpcLogAppender (GrpcLogAppender.java:timeoutAppendRequest(200)) - 2a454ec2-3cfa-49cf-9003-841835eb2002@group-89364A117DE9->fb5c35a7-52ed-48ed-856a-22aafd4627bf-GrpcLogAppender: appendEntries Timeout, request=2a454ec2-3cfa-49cf-9003-841835eb2002->fb5c35a7-52ed-48ed-856a-22aafd4627bf#168-t1, previous=(t:1, i:19), leaderCommit=12, initializing? false, entries: <empty>
2019-09-17 03:24:14,563 [grpc-default-executor-3] INFO  impl.RaftServerProxy (RaftServerProxy.java:remove(95)) - 2a454ec2-3cfa-49cf-9003-841835eb2002: remove    LEADER 2a454ec2-3cfa-49cf-9003-841835eb2002@group-89364A117DE9:t1, leader=2a454ec2-3cfa-49cf-9003-841835eb2002, voted=2a454ec2-3cfa-49cf-9003-841835eb2002, raftlog=2a454ec2-3cfa-49cf-9003-841835eb2002@group-89364A117DE9-SegmentedRaftLog:OPENED:c12,f12,i19, conf=0: [fb5c35a7-52ed-48ed-856a-22aafd4627bf:192.168.151.92:35371, f255fb19-c941-42ad-8caf-606d85b027b3:192.168.151.92:37040, 2a454ec2-3cfa-49cf-9003-841835eb2002:192.168.151.92:33622], old=null RUNNING
2019-09-17 03:24:14,564 [grpc-default-executor-3] INFO  impl.RaftServerImpl (RaftServerImpl.java:lambda$shutdown$3(251)) - 2a454ec2-3cfa-49cf-9003-841835eb2002@group-89364A117DE9: shutdown
2019-09-17 03:24:14,565 [grpc-default-executor-3] INFO  util.JmxRegister (JmxRegister.java:unregister(73)) - Successfully un-registered JMX Bean with object name Ratis:service=RaftServer,group=group-89364A117DE9,id=2a454ec2-3cfa-49cf-9003-841835eb2002
2019-09-17 03:24:14,565 [grpc-default-executor-3] INFO  impl.RoleInfo (RoleInfo.java:shutdownLeaderState(104)) - 2a454ec2-3cfa-49cf-9003-841835eb2002: shutdown LeaderState
2019-09-17 03:24:14,571 [grpc-default-executor-3] INFO  impl.PendingRequests (PendingRequests.java:sendNotLeaderResponses(202)) - 2a454ec2-3cfa-49cf-9003-841835eb2002-PendingRequests: sendNotLeaderResponses
2019-09-17 03:24:14,574 [org.apache.ratis.server.impl.LogAppender$AppenderDaemon$$Lambda$550/692567409@4f879821] WARN  server.GrpcLogAppender (GrpcLogAppender.java:mayWait(143)) - 2a454ec2-3cfa-49cf-9003-841835eb2002@group-89364A117DE9->f255fb19-c941-42ad-8caf-606d85b027b3-GrpcLogAppender: Wait interrupted by java.lang.InterruptedException
2019-09-17 03:24:14,574 [org.apache.ratis.server.impl.LogAppender$AppenderDaemon$$Lambda$550/692567409@77391bec] WARN  server.GrpcLogAppender (GrpcLogAppender.java:mayWait(143)) - 2a454ec2-3cfa-49cf-9003-841835eb2002@group-89364A117DE9->fb5c35a7-52ed-48ed-856a-22aafd4627bf-GrpcLogAppender: Wait interrupted by java.lang.InterruptedException
2019-09-17 03:24:14,575 [grpc-default-executor-2] INFO  server.GrpcServerProtocolService (GrpcServerProtocolService.java:onCompleted(113)) - fb5c35a7-52ed-48ed-856a-22aafd4627bf: Completed APPEND_ENTRIES, lastRequest: 2a454ec2-3cfa-49cf-9003-841835eb2002->fb5c35a7-52ed-48ed-856a-22aafd4627bf#169-t1, previous=(t:1, i:19), leaderCommit=12, initializing? false, entries: <empty>
2019-09-17 03:24:14,575 [grpc-default-executor-5] INFO  server.GrpcServerProtocolService (GrpcServerProtocolService.java:onCompleted(113)) - f255fb19-c941-42ad-8caf-606d85b027b3: Completed APPEND_ENTRIES, lastRequest: 2a454ec2-3cfa-49cf-9003-841835eb2002->f255fb19-c941-42ad-8caf-606d85b027b3#169-t1, previous=(t:1, i:19), leaderCommit=12, initializing? false, entries: <empty>
2019-09-17 03:24:14,579 [grpc-default-executor-3] INFO  impl.StateMachineUpdater (StateMachineUpdater.java:stopAndJoin(125)) - 2a454ec2-3cfa-49cf-9003-841835eb2002@group-89364A117DE9-StateMachineUpdater: set stopIndex = 12
2019-09-17 03:24:14,579 [grpc-default-executor-5] INFO  server.GrpcLogAppender (GrpcLogAppender.java:onCompleted(293)) - 2a454ec2-3cfa-49cf-9003-841835eb2002@group-89364A117DE9->f255fb19-c941-42ad-8caf-606d85b027b3-AppendLogResponseHandler: follower responses appendEntries COMPLETED
2019-09-17 03:24:14,579 [2a454ec2-3cfa-49cf-9003-841835eb2002@group-89364A117DE9-StateMachineUpdater] INFO  ratis.ContainerStateMachine (ContainerStateMachine.java:takeSnapshot(289)) - group-89364A117DE9: Taking a snapshot at:(t:1, i:12) file /workdir/hadoop-ozone/integration-test/target/test-dir/MiniOzoneClusterImpl-1016471a-d40a-48f2-8884-b9093ef4fa4a/datanode-5/data/ratis/9b5330a7-e06f-4957-8ee5-89364a117de9/sm/snapshot.1_12
2019-09-17 03:24:14,579 [grpc-default-executor-2] INFO  server.GrpcLogAppender (GrpcLogAppender.java:onCompleted(293)) - 2a454ec2-3cfa-49cf-9003-841835eb2002@group-89364A117DE9->fb5c35a7-52ed-48ed-856a-22aafd4627bf-AppendLogResponseHandler: follower responses appendEntries COMPLETED
2019-09-17 03:24:14,580 [grpc-default-executor-5] INFO  impl.FollowerInfo (FollowerInfo.java:lambda$new$0(51)) - 2a454ec2-3cfa-49cf-9003-841835eb2002@group-89364A117DE9->f255fb19-c941-42ad-8caf-606d85b027b3: nextIndex: updateUnconditionally 20 -> 13
2019-09-17 03:24:14,580 [grpc-default-executor-2] INFO  impl.FollowerInfo (FollowerInfo.java:lambda$new$0(51)) - 2a454ec2-3cfa-49cf-9003-841835eb2002@group-89364A117DE9->fb5c35a7-52ed-48ed-856a-22aafd4627bf: nextIndex: updateUnconditionally 20 -> 13
2019-09-17 03:24:14,595 [2a454ec2-3cfa-49cf-9003-841835eb2002@group-89364A117DE9-StateMachineUpdater] INFO  ratis.ContainerStateMachine (ContainerStateMachine.java:takeSnapshot(300)) - group-89364A117DE9: Finished taking a snapshot at:(t:1, i:12) file:/workdir/hadoop-ozone/integration-test/target/test-dir/MiniOzoneClusterImpl-1016471a-d40a-48f2-8884-b9093ef4fa4a/datanode-5/data/ratis/9b5330a7-e06f-4957-8ee5-89364a117de9/sm/snapshot.1_12 time:15
2019-09-17 03:24:14,595 [2a454ec2-3cfa-49cf-9003-841835eb2002@group-89364A117DE9-StateMachineUpdater] INFO  impl.StateMachineUpdater (StateMachineUpdater.java:takeSnapshot(258)) - 2a454ec2-3cfa-49cf-9003-841835eb2002@group-89364A117DE9-StateMachineUpdater: Took a snapshot at index 12
2019-09-17 03:24:14,596 [2a454ec2-3cfa-49cf-9003-841835eb2002@group-89364A117DE9-StateMachineUpdater] INFO  impl.StateMachineUpdater (StateMachineUpdater.java:lambda$new$0(83)) - 2a454ec2-3cfa-49cf-9003-841835eb2002@group-89364A117DE9-StateMachineUpdater: snapshotIndex: updateIncreasingly -1 -> 12
2019-09-17 03:24:14,596 [grpc-default-executor-3] INFO  impl.RaftServerImpl (ServerState.java:close(385)) - 2a454ec2-3cfa-49cf-9003-841835eb2002@group-89364A117DE9: closes. applyIndex: 12
2019-09-17 03:24:14,596 [Command processor thread] ERROR commandhandler.CloseContainerCommandHandler (CloseContainerCommandHandler.java:handle(125)) - Can't close container #4
java.io.IOException: org.apache.ratis.protocol.GroupMismatchException: 2a454ec2-3cfa-49cf-9003-841835eb2002: group-89364A117DE9 not found.
	at org.apache.hadoop.ozone.container.common.transport.server.ratis.XceiverServerRatis.submitRequest(XceiverServerRatis.java:502)
	at org.apache.hadoop.ozone.container.common.statemachine.commandhandler.CloseContainerCommandHandler.handle(CloseContainerCommandHandler.java:102)
	at org.apache.hadoop.ozone.container.common.statemachine.commandhandler.CommandDispatcher.handle(CommandDispatcher.java:99)
	at org.apache.hadoop.ozone.container.common.statemachine.DatanodeStateMachine.lambda$initCommandHandlerThread$1(DatanodeStateMachine.java:432)
	at java.lang.Thread.run(Thread.java:748)
Caused by: java.util.concurrent.ExecutionException: org.apache.ratis.protocol.GroupMismatchException: 2a454ec2-3cfa-49cf-9003-841835eb2002: group-89364A117DE9 not found.
	at java.util.concurrent.CompletableFuture.reportGet(CompletableFuture.java:357)
	at java.util.concurrent.CompletableFuture.get(CompletableFuture.java:1895)
	at org.apache.hadoop.ozone.container.common.transport.server.ratis.XceiverServerRatis.submitRequest(XceiverServerRatis.java:500)
	... 4 more
Caused by: org.apache.ratis.protocol.GroupMismatchException: 2a454ec2-3cfa-49cf-9003-841835eb2002: group-89364A117DE9 not found.
	at org.apache.ratis.server.impl.RaftServerProxy$ImplMap.get(RaftServerProxy.java:122)
	at org.apache.ratis.server.impl.RaftServerProxy.getImplFuture(RaftServerProxy.java:269)
	at org.apache.ratis.server.impl.RaftServerProxy.submitRequest(RaftServerProxy.java:327)
	at org.apache.ratis.server.impl.RaftServerProxy.submitClientRequestAsync(RaftServerProxy.java:333)
	... 5 more
2019-09-17 03:24:14,600 [2a454ec2-3cfa-49cf-9003-841835eb2002@group-89364A117DE9-SegmentedRaftLogWorker] ERROR ratis.XceiverServerRatis (XceiverServerRatis.java:triggerPipelineClose(575)) - pipeline Action CLOSE  on pipeline PipelineID=9b5330a7-e06f-4957-8ee5-89364a117de9.Reason : WriteLog:14: (t:1, i:14), STATEMACHINELOGENTRY, client-FCF838B3A418, cid=34-writeStateMachineData interrupted.
2019-09-17 03:24:14,606 [EventQueue-PipelineActionsForPipelineActionHandler] ERROR pipeline.PipelineActionHandler (PipelineActionHandler.java:onMessage(60)) - Received pipeline action CLOSE for Pipeline[ Id: 9b5330a7-e06f-4957-8ee5-89364a117de9, Nodes: 2a454ec2-3cfa-49cf-9003-841835eb2002{ip: 192.168.151.92, host: pr-hdds-2139-j8dx6-1450124282, networkLocation: /default-rack, certSerialId: null}f255fb19-c941-42ad-8caf-606d85b027b3{ip: 192.168.151.92, host: pr-hdds-2139-j8dx6-1450124282, networkLocation: /default-rack, certSerialId: null}fb5c35a7-52ed-48ed-856a-22aafd4627bf{ip: 192.168.151.92, host: pr-hdds-2139-j8dx6-1450124282, networkLocation: /default-rack, certSerialId: null}, Type:RATIS, Factor:THREE, State:CLOSED] from datanode 2a454ec2-3cfa-49cf-9003-841835eb2002{ip: 192.168.151.92, host: pr-hdds-2139-j8dx6-1450124282, networkLocation: /default-rack, certSerialId: null}. Reason : WriteLog:14: (t:1, i:14), STATEMACHINELOGENTRY, client-FCF838B3A418, cid=34-writeStateMachineData interrupted.
2019-09-17 03:24:14,607 [EventQueue-PipelineActionsForPipelineActionHandler] INFO  pipeline.SCMPipelineManager (SCMPipelineManager.java:finalizeAndDestroyPipeline(311)) - destroying pipeline:Pipeline[ Id: 9b5330a7-e06f-4957-8ee5-89364a117de9, Nodes: 2a454ec2-3cfa-49cf-9003-841835eb2002{ip: 192.168.151.92, host: pr-hdds-2139-j8dx6-1450124282, networkLocation: /default-rack, certSerialId: null}f255fb19-c941-42ad-8caf-606d85b027b3{ip: 192.168.151.92, host: pr-hdds-2139-j8dx6-1450124282, networkLocation: /default-rack, certSerialId: null}fb5c35a7-52ed-48ed-856a-22aafd4627bf{ip: 192.168.151.92, host: pr-hdds-2139-j8dx6-1450124282, networkLocation: /default-rack, certSerialId: null}, Type:RATIS, Factor:THREE, State:CLOSED]
2019-09-17 03:24:14,624 [grpc-default-executor-3] INFO  segmented.SegmentedRaftLogWorker (SegmentedRaftLogWorker.java:close(228)) - 2a454ec2-3cfa-49cf-9003-841835eb2002@group-89364A117DE9-SegmentedRaftLogWorker close()
2019-09-17 03:24:14,628 [Command processor thread] ERROR commandhandler.CloseContainerCommandHandler (CloseContainerCommandHandler.java:handle(125)) - Can't close container #5
java.io.IOException: org.apache.ratis.protocol.GroupMismatchException: 2a454ec2-3cfa-49cf-9003-841835eb2002: group-89364A117DE9 not found.
	at org.apache.hadoop.ozone.container.common.transport.server.ratis.XceiverServerRatis.submitRequest(XceiverServerRatis.java:502)
	at org.apache.hadoop.ozone.container.common.statemachine.commandhandler.CloseContainerCommandHandler.handle(CloseContainerCommandHandler.java:102)
	at org.apache.hadoop.ozone.container.common.statemachine.commandhandler.CommandDispatcher.handle(CommandDispatcher.java:99)
	at org.apache.hadoop.ozone.container.common.statemachine.DatanodeStateMachine.lambda$initCommandHandlerThread$1(DatanodeStateMachine.java:432)
	at java.lang.Thread.run(Thread.java:748)
Caused by: java.util.concurrent.ExecutionException: org.apache.ratis.protocol.GroupMismatchException: 2a454ec2-3cfa-49cf-9003-841835eb2002: group-89364A117DE9 not found.
	at java.util.concurrent.CompletableFuture.reportGet(CompletableFuture.java:357)
	at java.util.concurrent.CompletableFuture.get(CompletableFuture.java:1895)
	at org.apache.hadoop.ozone.container.common.transport.server.ratis.XceiverServerRatis.submitRequest(XceiverServerRatis.java:500)
	... 4 more
Caused by: org.apache.ratis.protocol.GroupMismatchException: 2a454ec2-3cfa-49cf-9003-841835eb2002: group-89364A117DE9 not found.
	at org.apache.ratis.server.impl.RaftServerProxy$ImplMap.get(RaftServerProxy.java:122)
	at org.apache.ratis.server.impl.RaftServerProxy.getImplFuture(RaftServerProxy.java:269)
	at org.apache.ratis.server.impl.RaftServerProxy.submitRequest(RaftServerProxy.java:327)
	at org.apache.ratis.server.impl.RaftServerProxy.submitClientRequestAsync(RaftServerProxy.java:333)
	... 5 more
2019-09-17 03:24:14,641 [grpc-default-executor-3] INFO  interfaces.Container (KeyValueContainer.java:flushAndSyncDB(386)) - Container 1 is synced with bcsId 4.
2019-09-17 03:24:14,642 [grpc-default-executor-3] INFO  interfaces.Container (KeyValueContainer.java:flushAndSyncDB(386)) - Container 1 is synced with bcsId 4.
2019-09-17 03:24:14,668 [EventQueue-IncrementalContainerReportForIncrementalContainerReportHandler] INFO  container.IncrementalContainerReportHandler (AbstractContainerReportHandler.java:updateContainerState(169)) - Moving container #1 to QUASI_CLOSED state, datanode 2a454ec2-3cfa-49cf-9003-841835eb2002{ip: 192.168.151.92, host: pr-hdds-2139-j8dx6-1450124282, networkLocation: /default-rack, certSerialId: null} reported QUASI_CLOSED replica.
2019-09-17 03:24:14,679 [grpc-default-executor-3] INFO  interfaces.Container (KeyValueContainer.java:flushAndSyncDB(386)) - Container 4 is synced with bcsId 10.
2019-09-17 03:24:14,680 [grpc-default-executor-3] INFO  interfaces.Container (KeyValueContainer.java:flushAndSyncDB(386)) - Container 4 is synced with bcsId 10.
2019-09-17 03:24:14,706 [EventQueue-IncrementalContainerReportForIncrementalContainerReportHandler] INFO  container.IncrementalContainerReportHandler (AbstractContainerReportHandler.java:updateContainerState(169)) - Moving container #4 to QUASI_CLOSED state, datanode 2a454ec2-3cfa-49cf-9003-841835eb2002{ip: 192.168.151.92, host: pr-hdds-2139-j8dx6-1450124282, networkLocation: /default-rack, certSerialId: null} reported QUASI_CLOSED replica.
2019-09-17 03:24:14,796 [grpc-default-executor-3] INFO  interfaces.Container (KeyValueContainer.java:flushAndSyncDB(386)) - Container 5 is synced with bcsId 0.
2019-09-17 03:24:14,796 [grpc-default-executor-3] INFO  interfaces.Container (KeyValueContainer.java:flushAndSyncDB(386)) - Container 5 is synced with bcsId 0.
2019-09-17 03:24:14,812 [EventQueue-IncrementalContainerReportForIncrementalContainerReportHandler] INFO  container.IncrementalContainerReportHandler (AbstractContainerReportHandler.java:updateContainerState(169)) - Moving container #5 to QUASI_CLOSED state, datanode 2a454ec2-3cfa-49cf-9003-841835eb2002{ip: 192.168.151.92, host: pr-hdds-2139-j8dx6-1450124282, networkLocation: /default-rack, certSerialId: null} reported QUASI_CLOSED replica.
2019-09-17 03:24:14,817 [grpc-default-executor-3] INFO  impl.RaftServerProxy (RaftServerProxy.java:remove(95)) - f255fb19-c941-42ad-8caf-606d85b027b3: remove  FOLLOWER f255fb19-c941-42ad-8caf-606d85b027b3@group-89364A117DE9:t1, leader=2a454ec2-3cfa-49cf-9003-841835eb2002, voted=f255fb19-c941-42ad-8caf-606d85b027b3, raftlog=f255fb19-c941-42ad-8caf-606d85b027b3@group-89364A117DE9-SegmentedRaftLog:OPENED:c12,f12,i19, conf=0: [fb5c35a7-52ed-48ed-856a-22aafd4627bf:192.168.151.92:35371, f255fb19-c941-42ad-8caf-606d85b027b3:192.168.151.92:37040, 2a454ec2-3cfa-49cf-9003-841835eb2002:192.168.151.92:33622], old=null RUNNING
2019-09-17 03:24:14,817 [grpc-default-executor-3] INFO  impl.RaftServerImpl (RaftServerImpl.java:lambda$shutdown$3(251)) - f255fb19-c941-42ad-8caf-606d85b027b3@group-89364A117DE9: shutdown
2019-09-17 03:24:14,817 [grpc-default-executor-3] INFO  util.JmxRegister (JmxRegister.java:unregister(73)) - Successfully un-registered JMX Bean with object name Ratis:service=RaftServer,group=group-89364A117DE9,id=f255fb19-c941-42ad-8caf-606d85b027b3
2019-09-17 03:24:14,818 [grpc-default-executor-3] INFO  impl.RoleInfo (RoleInfo.java:shutdownFollowerState(121)) - f255fb19-c941-42ad-8caf-606d85b027b3: shutdown FollowerState
2019-09-17 03:24:14,818 [grpc-default-executor-3] INFO  impl.StateMachineUpdater (StateMachineUpdater.java:stopAndJoin(125)) - f255fb19-c941-42ad-8caf-606d85b027b3@group-89364A117DE9-StateMachineUpdater: set stopIndex = 12
2019-09-17 03:24:14,818 [f255fb19-c941-42ad-8caf-606d85b027b3@group-89364A117DE9-StateMachineUpdater] INFO  ratis.ContainerStateMachine (ContainerStateMachine.java:takeSnapshot(289)) - group-89364A117DE9: Taking a snapshot at:(t:1, i:10) file /workdir/hadoop-ozone/integration-test/target/test-dir/MiniOzoneClusterImpl-1016471a-d40a-48f2-8884-b9093ef4fa4a/datanode-2/data/ratis/9b5330a7-e06f-4957-8ee5-89364a117de9/sm/snapshot.1_10
2019-09-17 03:24:14,818 [Thread-319] INFO  impl.FollowerState (FollowerState.java:run(115)) - f255fb19-c941-42ad-8caf-606d85b027b3: FollowerState was interrupted: java.lang.InterruptedException: sleep interrupted
2019-09-17 03:24:14,821 [f255fb19-c941-42ad-8caf-606d85b027b3@group-89364A117DE9-StateMachineUpdater] INFO  ratis.ContainerStateMachine (ContainerStateMachine.java:takeSnapshot(300)) - group-89364A117DE9: Finished taking a snapshot at:(t:1, i:10) file:/workdir/hadoop-ozone/integration-test/target/test-dir/MiniOzoneClusterImpl-1016471a-d40a-48f2-8884-b9093ef4fa4a/datanode-2/data/ratis/9b5330a7-e06f-4957-8ee5-89364a117de9/sm/snapshot.1_10 time:4
2019-09-17 03:24:14,822 [f255fb19-c941-42ad-8caf-606d85b027b3@group-89364A117DE9-StateMachineUpdater] INFO  impl.StateMachineUpdater (StateMachineUpdater.java:takeSnapshot(258)) - f255fb19-c941-42ad-8caf-606d85b027b3@group-89364A117DE9-StateMachineUpdater: Took a snapshot at index 10
2019-09-17 03:24:14,822 [f255fb19-c941-42ad-8caf-606d85b027b3@group-89364A117DE9-StateMachineUpdater] INFO  impl.StateMachineUpdater (StateMachineUpdater.java:lambda$new$0(83)) - f255fb19-c941-42ad-8caf-606d85b027b3@group-89364A117DE9-StateMachineUpdater: snapshotIndex: updateIncreasingly -1 -> 10
2019-09-17 03:24:14,822 [f255fb19-c941-42ad-8caf-606d85b027b3@group-89364A117DE9-StateMachineUpdater] INFO  ratis.ContainerStateMachine (ContainerStateMachine.java:takeSnapshot(289)) - group-89364A117DE9: Taking a snapshot at:(t:1, i:10) file /workdir/hadoop-ozone/integration-test/target/test-dir/MiniOzoneClusterImpl-1016471a-d40a-48f2-8884-b9093ef4fa4a/datanode-2/data/ratis/9b5330a7-e06f-4957-8ee5-89364a117de9/sm/snapshot.1_10
2019-09-17 03:24:14,825 [f255fb19-c941-42ad-8caf-606d85b027b3@group-89364A117DE9-StateMachineUpdater] INFO  ratis.ContainerStateMachine (ContainerStateMachine.java:takeSnapshot(300)) - group-89364A117DE9: Finished taking a snapshot at:(t:1, i:10) file:/workdir/hadoop-ozone/integration-test/target/test-dir/MiniOzoneClusterImpl-1016471a-d40a-48f2-8884-b9093ef4fa4a/datanode-2/data/ratis/9b5330a7-e06f-4957-8ee5-89364a117de9/sm/snapshot.1_10 time:3
2019-09-17 03:24:14,826 [f255fb19-c941-42ad-8caf-606d85b027b3@group-89364A117DE9-StateMachineUpdater] INFO  impl.StateMachineUpdater (StateMachineUpdater.java:takeSnapshot(258)) - f255fb19-c941-42ad-8caf-606d85b027b3@group-89364A117DE9-StateMachineUpdater: Took a snapshot at index 10
2019-09-17 03:24:14,826 [f255fb19-c941-42ad-8caf-606d85b027b3@group-89364A117DE9-StateMachineUpdater] INFO  impl.StateMachineUpdater (StateMachineUpdater.java:lambda$new$0(83)) - f255fb19-c941-42ad-8caf-606d85b027b3@group-89364A117DE9-StateMachineUpdater: snapshotIndex: updateIncreasingly 10 -> 10
2019-09-17 03:24:14,826 [grpc-default-executor-3] INFO  impl.RaftServerImpl (ServerState.java:close(385)) - f255fb19-c941-42ad-8caf-606d85b027b3@group-89364A117DE9: closes. applyIndex: 12
2019-09-17 03:24:14,829 [f255fb19-c941-42ad-8caf-606d85b027b3@group-89364A117DE9-SegmentedRaftLogWorker] ERROR ratis.XceiverServerRatis (XceiverServerRatis.java:triggerPipelineClose(575)) - pipeline Action CLOSE  on pipeline PipelineID=9b5330a7-e06f-4957-8ee5-89364a117de9.Reason : WriteLog:14: (t:1, i:14), STATEMACHINELOGENTRY, client-FCF838B3A418, cid=34-writeStateMachineData interrupted.
2019-09-17 03:24:14,832 [EventQueue-PipelineActionsForPipelineActionHandler] ERROR pipeline.PipelineActionHandler (PipelineActionHandler.java:onMessage(60)) - Received pipeline action CLOSE for Pipeline[ Id: 9b5330a7-e06f-4957-8ee5-89364a117de9, Nodes: 2a454ec2-3cfa-49cf-9003-841835eb2002{ip: 192.168.151.92, host: pr-hdds-2139-j8dx6-1450124282, networkLocation: /default-rack, certSerialId: null}f255fb19-c941-42ad-8caf-606d85b027b3{ip: 192.168.151.92, host: pr-hdds-2139-j8dx6-1450124282, networkLocation: /default-rack, certSerialId: null}fb5c35a7-52ed-48ed-856a-22aafd4627bf{ip: 192.168.151.92, host: pr-hdds-2139-j8dx6-1450124282, networkLocation: /default-rack, certSerialId: null}, Type:RATIS, Factor:THREE, State:CLOSED] from datanode f255fb19-c941-42ad-8caf-606d85b027b3{ip: 192.168.151.92, host: pr-hdds-2139-j8dx6-1450124282, networkLocation: /default-rack, certSerialId: null}. Reason : WriteLog:14: (t:1, i:14), STATEMACHINELOGENTRY, client-FCF838B3A418, cid=34-writeStateMachineData interrupted.
2019-09-17 03:24:14,833 [EventQueue-PipelineActionsForPipelineActionHandler] INFO  pipeline.SCMPipelineManager (SCMPipelineManager.java:finalizeAndDestroyPipeline(311)) - destroying pipeline:Pipeline[ Id: 9b5330a7-e06f-4957-8ee5-89364a117de9, Nodes: 2a454ec2-3cfa-49cf-9003-841835eb2002{ip: 192.168.151.92, host: pr-hdds-2139-j8dx6-1450124282, networkLocation: /default-rack, certSerialId: null}f255fb19-c941-42ad-8caf-606d85b027b3{ip: 192.168.151.92, host: pr-hdds-2139-j8dx6-1450124282, networkLocation: /default-rack, certSerialId: null}fb5c35a7-52ed-48ed-856a-22aafd4627bf{ip: 192.168.151.92, host: pr-hdds-2139-j8dx6-1450124282, networkLocation: /default-rack, certSerialId: null}, Type:RATIS, Factor:THREE, State:CLOSED]
2019-09-17 03:24:14,833 [grpc-default-executor-3] INFO  segmented.SegmentedRaftLogWorker (SegmentedRaftLogWorker.java:close(228)) - f255fb19-c941-42ad-8caf-606d85b027b3@group-89364A117DE9-SegmentedRaftLogWorker close()
2019-09-17 03:24:14,841 [grpc-default-executor-3] INFO  interfaces.Container (KeyValueContainer.java:flushAndSyncDB(386)) - Container 1 is synced with bcsId 4.
2019-09-17 03:24:14,841 [grpc-default-executor-3] INFO  interfaces.Container (KeyValueContainer.java:flushAndSyncDB(386)) - Container 1 is synced with bcsId 4.
2019-09-17 03:24:14,849 [grpc-default-executor-3] INFO  interfaces.Container (KeyValueContainer.java:flushAndSyncDB(386)) - Container 4 is synced with bcsId 10.
2019-09-17 03:24:14,850 [grpc-default-executor-3] INFO  interfaces.Container (KeyValueContainer.java:flushAndSyncDB(386)) - Container 4 is synced with bcsId 10.
2019-09-17 03:24:14,931 [grpc-default-executor-3] INFO  interfaces.Container (KeyValueContainer.java:flushAndSyncDB(386)) - Container 5 is synced with bcsId 0.
2019-09-17 03:24:14,932 [grpc-default-executor-3] INFO  interfaces.Container (KeyValueContainer.java:flushAndSyncDB(386)) - Container 5 is synced with bcsId 0.
2019-09-17 03:24:14,964 [grpc-default-executor-3] INFO  impl.RaftServerProxy (RaftServerProxy.java:remove(95)) - fb5c35a7-52ed-48ed-856a-22aafd4627bf: remove  FOLLOWER fb5c35a7-52ed-48ed-856a-22aafd4627bf@group-89364A117DE9:t1, leader=2a454ec2-3cfa-49cf-9003-841835eb2002, voted=2a454ec2-3cfa-49cf-9003-841835eb2002, raftlog=fb5c35a7-52ed-48ed-856a-22aafd4627bf@group-89364A117DE9-SegmentedRaftLog:OPENED:c12,f12,i19, conf=0: [fb5c35a7-52ed-48ed-856a-22aafd4627bf:192.168.151.92:35371, f255fb19-c941-42ad-8caf-606d85b027b3:192.168.151.92:37040, 2a454ec2-3cfa-49cf-9003-841835eb2002:192.168.151.92:33622], old=null RUNNING
2019-09-17 03:24:14,965 [grpc-default-executor-3] INFO  impl.RaftServerImpl (RaftServerImpl.java:lambda$shutdown$3(251)) - fb5c35a7-52ed-48ed-856a-22aafd4627bf@group-89364A117DE9: shutdown
2019-09-17 03:24:14,965 [grpc-default-executor-3] INFO  util.JmxRegister (JmxRegister.java:unregister(73)) - Successfully un-registered JMX Bean with object name Ratis:service=RaftServer,group=group-89364A117DE9,id=fb5c35a7-52ed-48ed-856a-22aafd4627bf
2019-09-17 03:24:14,965 [grpc-default-executor-3] INFO  impl.RoleInfo (RoleInfo.java:shutdownFollowerState(121)) - fb5c35a7-52ed-48ed-856a-22aafd4627bf: shutdown FollowerState
2019-09-17 03:24:14,965 [grpc-default-executor-3] INFO  impl.StateMachineUpdater (StateMachineUpdater.java:stopAndJoin(125)) - fb5c35a7-52ed-48ed-856a-22aafd4627bf@group-89364A117DE9-StateMachineUpdater: set stopIndex = 12
2019-09-17 03:24:14,965 [Thread-310] INFO  impl.FollowerState (FollowerState.java:run(115)) - fb5c35a7-52ed-48ed-856a-22aafd4627bf: FollowerState was interrupted: java.lang.InterruptedException: sleep interrupted
2019-09-17 03:24:14,966 [fb5c35a7-52ed-48ed-856a-22aafd4627bf@group-89364A117DE9-StateMachineUpdater] INFO  ratis.ContainerStateMachine (ContainerStateMachine.java:takeSnapshot(289)) - group-89364A117DE9: Taking a snapshot at:(t:1, i:10) file /workdir/hadoop-ozone/integration-test/target/test-dir/MiniOzoneClusterImpl-1016471a-d40a-48f2-8884-b9093ef4fa4a/datanode-3/data/ratis/9b5330a7-e06f-4957-8ee5-89364a117de9/sm/snapshot.1_10
2019-09-17 03:24:14,979 [fb5c35a7-52ed-48ed-856a-22aafd4627bf@group-89364A117DE9-StateMachineUpdater] INFO  ratis.ContainerStateMachine (ContainerStateMachine.java:takeSnapshot(300)) - group-89364A117DE9: Finished taking a snapshot at:(t:1, i:10) file:/workdir/hadoop-ozone/integration-test/target/test-dir/MiniOzoneClusterImpl-1016471a-d40a-48f2-8884-b9093ef4fa4a/datanode-3/data/ratis/9b5330a7-e06f-4957-8ee5-89364a117de9/sm/snapshot.1_10 time:13
2019-09-17 03:24:14,980 [fb5c35a7-52ed-48ed-856a-22aafd4627bf@group-89364A117DE9-StateMachineUpdater] INFO  impl.StateMachineUpdater (StateMachineUpdater.java:takeSnapshot(258)) - fb5c35a7-52ed-48ed-856a-22aafd4627bf@group-89364A117DE9-StateMachineUpdater: Took a snapshot at index 10
2019-09-17 03:24:14,980 [fb5c35a7-52ed-48ed-856a-22aafd4627bf@group-89364A117DE9-StateMachineUpdater] INFO  impl.StateMachineUpdater (StateMachineUpdater.java:lambda$new$0(83)) - fb5c35a7-52ed-48ed-856a-22aafd4627bf@group-89364A117DE9-StateMachineUpdater: snapshotIndex: updateIncreasingly -1 -> 10
2019-09-17 03:24:14,980 [fb5c35a7-52ed-48ed-856a-22aafd4627bf@group-89364A117DE9-StateMachineUpdater] INFO  ratis.ContainerStateMachine (ContainerStateMachine.java:takeSnapshot(289)) - group-89364A117DE9: Taking a snapshot at:(t:1, i:10) file /workdir/hadoop-ozone/integration-test/target/test-dir/MiniOzoneClusterImpl-1016471a-d40a-48f2-8884-b9093ef4fa4a/datanode-3/data/ratis/9b5330a7-e06f-4957-8ee5-89364a117de9/sm/snapshot.1_10
2019-09-17 03:24:14,992 [fb5c35a7-52ed-48ed-856a-22aafd4627bf@group-89364A117DE9-StateMachineUpdater] INFO  ratis.ContainerStateMachine (ContainerStateMachine.java:takeSnapshot(300)) - group-89364A117DE9: Finished taking a snapshot at:(t:1, i:10) file:/workdir/hadoop-ozone/integration-test/target/test-dir/MiniOzoneClusterImpl-1016471a-d40a-48f2-8884-b9093ef4fa4a/datanode-3/data/ratis/9b5330a7-e06f-4957-8ee5-89364a117de9/sm/snapshot.1_10 time:13
2019-09-17 03:24:14,993 [fb5c35a7-52ed-48ed-856a-22aafd4627bf@group-89364A117DE9-StateMachineUpdater] INFO  impl.StateMachineUpdater (StateMachineUpdater.java:takeSnapshot(258)) - fb5c35a7-52ed-48ed-856a-22aafd4627bf@group-89364A117DE9-StateMachineUpdater: Took a snapshot at index 10
2019-09-17 03:24:14,993 [fb5c35a7-52ed-48ed-856a-22aafd4627bf@group-89364A117DE9-StateMachineUpdater] INFO  impl.StateMachineUpdater (StateMachineUpdater.java:lambda$new$0(83)) - fb5c35a7-52ed-48ed-856a-22aafd4627bf@group-89364A117DE9-StateMachineUpdater: snapshotIndex: updateIncreasingly 10 -> 10
2019-09-17 03:24:14,993 [grpc-default-executor-3] INFO  impl.RaftServerImpl (ServerState.java:close(385)) - fb5c35a7-52ed-48ed-856a-22aafd4627bf@group-89364A117DE9: closes. applyIndex: 12
2019-09-17 03:24:14,997 [fb5c35a7-52ed-48ed-856a-22aafd4627bf@group-89364A117DE9-SegmentedRaftLogWorker] ERROR ratis.XceiverServerRatis (XceiverServerRatis.java:triggerPipelineClose(575)) - pipeline Action CLOSE  on pipeline PipelineID=9b5330a7-e06f-4957-8ee5-89364a117de9.Reason : WriteLog:14: (t:1, i:14), STATEMACHINELOGENTRY, client-FCF838B3A418, cid=34-writeStateMachineData interrupted.
2019-09-17 03:24:15,000 [EventQueue-PipelineActionsForPipelineActionHandler] ERROR pipeline.PipelineActionHandler (PipelineActionHandler.java:onMessage(60)) - Received pipeline action CLOSE for Pipeline[ Id: 9b5330a7-e06f-4957-8ee5-89364a117de9, Nodes: 2a454ec2-3cfa-49cf-9003-841835eb2002{ip: 192.168.151.92, host: pr-hdds-2139-j8dx6-1450124282, networkLocation: /default-rack, certSerialId: null}f255fb19-c941-42ad-8caf-606d85b027b3{ip: 192.168.151.92, host: pr-hdds-2139-j8dx6-1450124282, networkLocation: /default-rack, certSerialId: null}fb5c35a7-52ed-48ed-856a-22aafd4627bf{ip: 192.168.151.92, host: pr-hdds-2139-j8dx6-1450124282, networkLocation: /default-rack, certSerialId: null}, Type:RATIS, Factor:THREE, State:CLOSED] from datanode fb5c35a7-52ed-48ed-856a-22aafd4627bf{ip: 192.168.151.92, host: pr-hdds-2139-j8dx6-1450124282, networkLocation: /default-rack, certSerialId: null}. Reason : WriteLog:14: (t:1, i:14), STATEMACHINELOGENTRY, client-FCF838B3A418, cid=34-writeStateMachineData interrupted.
2019-09-17 03:24:15,000 [EventQueue-PipelineActionsForPipelineActionHandler] INFO  pipeline.SCMPipelineManager (SCMPipelineManager.java:finalizeAndDestroyPipeline(311)) - destroying pipeline:Pipeline[ Id: 9b5330a7-e06f-4957-8ee5-89364a117de9, Nodes: 2a454ec2-3cfa-49cf-9003-841835eb2002{ip: 192.168.151.92, host: pr-hdds-2139-j8dx6-1450124282, networkLocation: /default-rack, certSerialId: null}f255fb19-c941-42ad-8caf-606d85b027b3{ip: 192.168.151.92, host: pr-hdds-2139-j8dx6-1450124282, networkLocation: /default-rack, certSerialId: null}fb5c35a7-52ed-48ed-856a-22aafd4627bf{ip: 192.168.151.92, host: pr-hdds-2139-j8dx6-1450124282, networkLocation: /default-rack, certSerialId: null}, Type:RATIS, Factor:THREE, State:CLOSED]
2019-09-17 03:24:15,028 [grpc-default-executor-3] INFO  segmented.SegmentedRaftLogWorker (SegmentedRaftLogWorker.java:close(228)) - fb5c35a7-52ed-48ed-856a-22aafd4627bf@group-89364A117DE9-SegmentedRaftLogWorker close()
2019-09-17 03:24:15,045 [grpc-default-executor-3] INFO  interfaces.Container (KeyValueContainer.java:flushAndSyncDB(386)) - Container 1 is synced with bcsId 4.
2019-09-17 03:24:15,045 [grpc-default-executor-3] INFO  interfaces.Container (KeyValueContainer.java:flushAndSyncDB(386)) - Container 1 is synced with bcsId 4.
2019-09-17 03:24:15,081 [grpc-default-executor-3] INFO  interfaces.Container (KeyValueContainer.java:flushAndSyncDB(386)) - Container 4 is synced with bcsId 10.
2019-09-17 03:24:15,082 [grpc-default-executor-3] INFO  interfaces.Container (KeyValueContainer.java:flushAndSyncDB(386)) - Container 4 is synced with bcsId 10.
2019-09-17 03:24:15,193 [main] WARN  io.KeyOutputStream (KeyOutputStream.java:handleException(276)) - Encountered exception java.io.IOException: Unexpected Storage Container Exception: java.util.concurrent.CompletionException: java.util.concurrent.CompletionException: org.apache.ratis.protocol.GroupMismatchException: fb5c35a7-52ed-48ed-856a-22aafd4627bf: group-89364A117DE9 not found. on the pipeline Pipeline[ Id: 9b5330a7-e06f-4957-8ee5-89364a117de9, Nodes: 2a454ec2-3cfa-49cf-9003-841835eb2002{ip: 192.168.151.92, host: pr-hdds-2139-j8dx6-1450124282, networkLocation: /default-rack, certSerialId: null}f255fb19-c941-42ad-8caf-606d85b027b3{ip: 192.168.151.92, host: pr-hdds-2139-j8dx6-1450124282, networkLocation: /default-rack, certSerialId: null}fb5c35a7-52ed-48ed-856a-22aafd4627bf{ip: 192.168.151.92, host: pr-hdds-2139-j8dx6-1450124282, networkLocation: /default-rack, certSerialId: null}, Type:RATIS, Factor:THREE, State:OPEN]. The last committed block length is 0, uncommitted data length is 400 retry count 0
2019-09-17 03:24:15,196 [grpc-default-executor-3] INFO  interfaces.Container (KeyValueContainer.java:flushAndSyncDB(386)) - Container 5 is synced with bcsId 0.
2019-09-17 03:24:15,196 [grpc-default-executor-3] INFO  interfaces.Container (KeyValueContainer.java:flushAndSyncDB(386)) - Container 5 is synced with bcsId 0.
2019-09-17 03:24:15,220 [RatisPipelineUtilsThread] INFO  pipeline.PipelineStateManager (PipelineStateManager.java:removePipeline(108)) - Pipeline Pipeline[ Id: 9b5330a7-e06f-4957-8ee5-89364a117de9, Nodes: 2a454ec2-3cfa-49cf-9003-841835eb2002{ip: 192.168.151.92, host: pr-hdds-2139-j8dx6-1450124282, networkLocation: /default-rack, certSerialId: null}f255fb19-c941-42ad-8caf-606d85b027b3{ip: 192.168.151.92, host: pr-hdds-2139-j8dx6-1450124282, networkLocation: /default-rack, certSerialId: null}fb5c35a7-52ed-48ed-856a-22aafd4627bf{ip: 192.168.151.92, host: pr-hdds-2139-j8dx6-1450124282, networkLocation: /default-rack, certSerialId: null}, Type:RATIS, Factor:THREE, State:CLOSED] removed from db
2019-09-17 03:24:15,231 [grpc-default-executor-3] INFO  client.GrpcClientProtocolClient (GrpcClientProtocolClient.java:onNext(264)) - client-D8C2302E4620->2a454ec2-3cfa-49cf-9003-841835eb2002: receive RaftClientReply:client-D8C2302E4620->2a454ec2-3cfa-49cf-9003-841835eb2002@group-635631644DC9, cid=135, FAILED org.apache.ratis.protocol.NotLeaderException: Server 2a454ec2-3cfa-49cf-9003-841835eb2002@group-635631644DC9 is not the leader f255fb19-c941-42ad-8caf-606d85b027b3:192.168.151.92:37040, logIndex=0, commits[2a454ec2-3cfa-49cf-9003-841835eb2002:c0, fb5c35a7-52ed-48ed-856a-22aafd4627bf:c0, f255fb19-c941-42ad-8caf-606d85b027b3:c0]
2019-09-17 03:24:15,404 [grpc-default-executor-3] INFO  client.GrpcClientProtocolClient (GrpcClientProtocolClient.java:onNext(264)) - client-D8C2302E4620->f255fb19-c941-42ad-8caf-606d85b027b3: receive RaftClientReply:client-D8C2302E4620->f255fb19-c941-42ad-8caf-606d85b027b3@group-635631644DC9, cid=135, SUCCESS, logIndex=1, commits[f255fb19-c941-42ad-8caf-606d85b027b3:c1, fb5c35a7-52ed-48ed-856a-22aafd4627bf:c0, 2a454ec2-3cfa-49cf-9003-841835eb2002:c0]
2019-09-17 03:24:15,430 [grpc-default-executor-2] INFO  client.GrpcClientProtocolClient (GrpcClientProtocolClient.java:onNext(264)) - client-D8C2302E4620->f255fb19-c941-42ad-8caf-606d85b027b3: receive RaftClientReply:client-D8C2302E4620->f255fb19-c941-42ad-8caf-606d85b027b3@group-635631644DC9, cid=136, SUCCESS, logIndex=3, commits[f255fb19-c941-42ad-8caf-606d85b027b3:c3, fb5c35a7-52ed-48ed-856a-22aafd4627bf:c2, 2a454ec2-3cfa-49cf-9003-841835eb2002:c1]
2019-09-17 03:24:15,468 [grpc-default-executor-4] INFO  client.GrpcClientProtocolClient (GrpcClientProtocolClient.java:onNext(264)) - client-D8C2302E4620->f255fb19-c941-42ad-8caf-606d85b027b3: receive RaftClientReply:client-D8C2302E4620->f255fb19-c941-42ad-8caf-606d85b027b3@group-635631644DC9, cid=137, SUCCESS, logIndex=4, commits[f255fb19-c941-42ad-8caf-606d85b027b3:c11, fb5c35a7-52ed-48ed-856a-22aafd4627bf:c7, 2a454ec2-3cfa-49cf-9003-841835eb2002:c7]
2019-09-17 03:24:15,469 [grpc-default-executor-4] INFO  client.GrpcClientProtocolClient (GrpcClientProtocolClient.java:onNext(264)) - client-D8C2302E4620->f255fb19-c941-42ad-8caf-606d85b027b3: receive RaftClientReply:client-D8C2302E4620->f255fb19-c941-42ad-8caf-606d85b027b3@group-635631644DC9, cid=138, SUCCESS, logIndex=5, commits[f255fb19-c941-42ad-8caf-606d85b027b3:c11, fb5c35a7-52ed-48ed-856a-22aafd4627bf:c7, 2a454ec2-3cfa-49cf-9003-841835eb2002:c7]
2019-09-17 03:24:15,470 [grpc-default-executor-4] INFO  client.GrpcClientProtocolClient (GrpcClientProtocolClient.java:onNext(264)) - client-D8C2302E4620->f255fb19-c941-42ad-8caf-606d85b027b3: receive RaftClientReply:client-D8C2302E4620->f255fb19-c941-42ad-8caf-606d85b027b3@group-635631644DC9, cid=139, SUCCESS, logIndex=6, commits[f255fb19-c941-42ad-8caf-606d85b027b3:c11, fb5c35a7-52ed-48ed-856a-22aafd4627bf:c7, 2a454ec2-3cfa-49cf-9003-841835eb2002:c7]
2019-09-17 03:24:15,616 [grpc-default-executor-4] INFO  client.GrpcClientProtocolClient (GrpcClientProtocolClient.java:onNext(264)) - client-D8C2302E4620->f255fb19-c941-42ad-8caf-606d85b027b3: receive RaftClientReply:client-D8C2302E4620->f255fb19-c941-42ad-8caf-606d85b027b3@group-635631644DC9, cid=140, SUCCESS, logIndex=7, commits[f255fb19-c941-42ad-8caf-606d85b027b3:c11, fb5c35a7-52ed-48ed-856a-22aafd4627bf:c7, 2a454ec2-3cfa-49cf-9003-841835eb2002:c7]
]]></system-out>
  </testcase>
  <testcase name="testBufferCaching" classname="org.apache.hadoop.ozone.client.rpc.TestBlockOutputStream" time="0.34"/>
  <testcase name="testWriteWithExceedingMaxBufferLimit" classname="org.apache.hadoop.ozone.client.rpc.TestBlockOutputStream" time="187.041">
    <failure message="expected:&lt;22&gt; but was:&lt;26&gt;" type="java.lang.AssertionError"><![CDATA[java.lang.AssertionError: expected:<22> but was:<26>
	at org.junit.Assert.fail(Assert.java:88)
	at org.junit.Assert.failNotEquals(Assert.java:743)
	at org.junit.Assert.assertEquals(Assert.java:118)
	at org.junit.Assert.assertEquals(Assert.java:555)
	at org.junit.Assert.assertEquals(Assert.java:542)
	at org.apache.hadoop.ozone.client.rpc.TestBlockOutputStream.testWriteWithExceedingMaxBufferLimit(TestBlockOutputStream.java:614)
	at sun.reflect.NativeMethodAccessorImpl.invoke0(Native Method)
	at sun.reflect.NativeMethodAccessorImpl.invoke(NativeMethodAccessorImpl.java:62)
	at sun.reflect.DelegatingMethodAccessorImpl.invoke(DelegatingMethodAccessorImpl.java:43)
	at java.lang.reflect.Method.invoke(Method.java:498)
	at org.junit.runners.model.FrameworkMethod$1.runReflectiveCall(FrameworkMethod.java:47)
	at org.junit.internal.runners.model.ReflectiveCallable.run(ReflectiveCallable.java:12)
	at org.junit.runners.model.FrameworkMethod.invokeExplosively(FrameworkMethod.java:44)
	at org.junit.internal.runners.statements.InvokeMethod.evaluate(InvokeMethod.java:17)
	at org.junit.runners.ParentRunner.runLeaf(ParentRunner.java:271)
	at org.junit.runners.BlockJUnit4ClassRunner.runChild(BlockJUnit4ClassRunner.java:70)
	at org.junit.runners.BlockJUnit4ClassRunner.runChild(BlockJUnit4ClassRunner.java:50)
	at org.junit.runners.ParentRunner$3.run(ParentRunner.java:238)
	at org.junit.runners.ParentRunner$1.schedule(ParentRunner.java:63)
	at org.junit.runners.ParentRunner.runChildren(ParentRunner.java:236)
	at org.junit.runners.ParentRunner.access$000(ParentRunner.java:53)
	at org.junit.runners.ParentRunner$2.evaluate(ParentRunner.java:229)
	at org.junit.internal.runners.statements.RunBefores.evaluate(RunBefores.java:26)
	at org.junit.internal.runners.statements.RunAfters.evaluate(RunAfters.java:27)
	at org.junit.runners.ParentRunner.run(ParentRunner.java:309)
	at org.apache.maven.surefire.junit4.JUnit4Provider.execute(JUnit4Provider.java:365)
	at org.apache.maven.surefire.junit4.JUnit4Provider.executeWithRerun(JUnit4Provider.java:273)
	at org.apache.maven.surefire.junit4.JUnit4Provider.executeTestSet(JUnit4Provider.java:238)
	at org.apache.maven.surefire.junit4.JUnit4Provider.invoke(JUnit4Provider.java:159)
	at org.apache.maven.surefire.booter.ForkedBooter.invokeProviderInSameClassLoader(ForkedBooter.java:384)
	at org.apache.maven.surefire.booter.ForkedBooter.runSuitesInProcess(ForkedBooter.java:345)
	at org.apache.maven.surefire.booter.ForkedBooter.execute(ForkedBooter.java:126)
	at org.apache.maven.surefire.booter.ForkedBooter.main(ForkedBooter.java:418)
]]></failure>
    <system-out><![CDATA[2019-09-17 03:24:17,613 [grpc-default-executor-3] INFO  impl.RaftServerProxy (RaftServerProxy.java:remove(95)) - 2a454ec2-3cfa-49cf-9003-841835eb2002: remove group-89364A117DE9:null
2019-09-17 03:24:17,616 [RatisPipelineUtilsThread] WARN  pipeline.RatisPipelineUtils (RatisPipelineUtils.java:destroyPipeline(66)) - Pipeline destroy failed for pipeline=PipelineID=9b5330a7-e06f-4957-8ee5-89364a117de9 dn=2a454ec2-3cfa-49cf-9003-841835eb2002{ip: 192.168.151.92, host: pr-hdds-2139-j8dx6-1450124282, networkLocation: /default-rack, certSerialId: null}
2019-09-17 03:24:17,619 [grpc-default-executor-3] INFO  impl.RaftServerProxy (RaftServerProxy.java:remove(95)) - f255fb19-c941-42ad-8caf-606d85b027b3: remove group-89364A117DE9:null
2019-09-17 03:24:17,622 [RatisPipelineUtilsThread] WARN  pipeline.RatisPipelineUtils (RatisPipelineUtils.java:destroyPipeline(66)) - Pipeline destroy failed for pipeline=PipelineID=9b5330a7-e06f-4957-8ee5-89364a117de9 dn=f255fb19-c941-42ad-8caf-606d85b027b3{ip: 192.168.151.92, host: pr-hdds-2139-j8dx6-1450124282, networkLocation: /default-rack, certSerialId: null}
2019-09-17 03:24:17,625 [grpc-default-executor-3] INFO  impl.RaftServerProxy (RaftServerProxy.java:remove(95)) - fb5c35a7-52ed-48ed-856a-22aafd4627bf: remove group-89364A117DE9:null
2019-09-17 03:24:17,627 [RatisPipelineUtilsThread] WARN  pipeline.RatisPipelineUtils (RatisPipelineUtils.java:destroyPipeline(66)) - Pipeline destroy failed for pipeline=PipelineID=9b5330a7-e06f-4957-8ee5-89364a117de9 dn=fb5c35a7-52ed-48ed-856a-22aafd4627bf{ip: 192.168.151.92, host: pr-hdds-2139-j8dx6-1450124282, networkLocation: /default-rack, certSerialId: null}
2019-09-17 03:24:17,627 [RatisPipelineUtilsThread] ERROR pipeline.SCMPipelineManager (Scheduler.java:lambda$schedule$1(70)) - Destroy pipeline failed for pipeline:Pipeline[ Id: 9b5330a7-e06f-4957-8ee5-89364a117de9, Nodes: 2a454ec2-3cfa-49cf-9003-841835eb2002{ip: 192.168.151.92, host: pr-hdds-2139-j8dx6-1450124282, networkLocation: /default-rack, certSerialId: null}f255fb19-c941-42ad-8caf-606d85b027b3{ip: 192.168.151.92, host: pr-hdds-2139-j8dx6-1450124282, networkLocation: /default-rack, certSerialId: null}fb5c35a7-52ed-48ed-856a-22aafd4627bf{ip: 192.168.151.92, host: pr-hdds-2139-j8dx6-1450124282, networkLocation: /default-rack, certSerialId: null}, Type:RATIS, Factor:THREE, State:CLOSED]
org.apache.hadoop.hdds.scm.pipeline.PipelineNotFoundException: PipelineID=9b5330a7-e06f-4957-8ee5-89364a117de9 not found
	at org.apache.hadoop.hdds.scm.pipeline.PipelineStateMap.getPipeline(PipelineStateMap.java:132)
	at org.apache.hadoop.hdds.scm.pipeline.PipelineStateMap.removePipeline(PipelineStateMap.java:322)
	at org.apache.hadoop.hdds.scm.pipeline.PipelineStateManager.removePipeline(PipelineStateManager.java:107)
	at org.apache.hadoop.hdds.scm.pipeline.SCMPipelineManager.removePipeline(SCMPipelineManager.java:423)
	at org.apache.hadoop.hdds.scm.pipeline.SCMPipelineManager.destroyPipeline(SCMPipelineManager.java:409)
	at org.apache.hadoop.hdds.scm.pipeline.SCMPipelineManager.lambda$finalizeAndDestroyPipeline$0(SCMPipelineManager.java:318)
	at org.apache.hadoop.utils.Scheduler.lambda$schedule$1(Scheduler.java:68)
	at java.util.concurrent.Executors$RunnableAdapter.call(Executors.java:511)
	at java.util.concurrent.FutureTask.run(FutureTask.java:266)
	at java.util.concurrent.ScheduledThreadPoolExecutor$ScheduledFutureTask.access$201(ScheduledThreadPoolExecutor.java:180)
	at java.util.concurrent.ScheduledThreadPoolExecutor$ScheduledFutureTask.run(ScheduledThreadPoolExecutor.java:293)
	at java.util.concurrent.ThreadPoolExecutor.runWorker(ThreadPoolExecutor.java:1149)
	at java.util.concurrent.ThreadPoolExecutor$Worker.run(ThreadPoolExecutor.java:624)
	at java.lang.Thread.run(Thread.java:748)
2019-09-17 03:24:18,980 [java.util.concurrent.ThreadPoolExecutor$Worker@c80a20e[State = -1, empty queue]] WARN  server.GrpcLogAppender (GrpcLogAppender.java:timeoutAppendRequest(200)) - ae9625dc-248e-414f-955f-fccc978916e7@group-ECFE57FBC26D->1b957291-fe5b-420e-96dd-cc603eda7741-GrpcLogAppender: appendEntries Timeout, request=ae9625dc-248e-414f-955f-fccc978916e7->1b957291-fe5b-420e-96dd-cc603eda7741#78-t1, previous=(t:1, i:4), leaderCommit=4, initializing? false, entries: size=1, first=(t:1, i:5), STATEMACHINELOGENTRY, client-7FCCE946A079, cid=143
2019-09-17 03:24:18,980 [java.util.concurrent.ThreadPoolExecutor$Worker@65c2b252[State = -1, empty queue]] WARN  server.GrpcLogAppender (GrpcLogAppender.java:timeoutAppendRequest(200)) - ae9625dc-248e-414f-955f-fccc978916e7@group-ECFE57FBC26D->12c7e022-5f96-4d2f-bd6c-0cb832bfe0bc-GrpcLogAppender: appendEntries Timeout, request=ae9625dc-248e-414f-955f-fccc978916e7->12c7e022-5f96-4d2f-bd6c-0cb832bfe0bc#78-t1, previous=(t:1, i:4), leaderCommit=4, initializing? false, entries: size=1, first=(t:1, i:5), STATEMACHINELOGENTRY, client-7FCCE946A079, cid=143
2019-09-17 03:24:18,981 [java.util.concurrent.ThreadPoolExecutor$Worker@c80a20e[State = -1, empty queue]] WARN  server.GrpcLogAppender (GrpcLogAppender.java:timeoutAppendRequest(200)) - ae9625dc-248e-414f-955f-fccc978916e7@group-ECFE57FBC26D->1b957291-fe5b-420e-96dd-cc603eda7741-GrpcLogAppender: appendEntries Timeout, request=ae9625dc-248e-414f-955f-fccc978916e7->1b957291-fe5b-420e-96dd-cc603eda7741#79-t1, previous=(t:1, i:5), leaderCommit=4, initializing? false, entries: size=1, first=(t:1, i:6), STATEMACHINELOGENTRY, client-7FCCE946A079, cid=144
2019-09-17 03:24:18,981 [java.util.concurrent.ThreadPoolExecutor$Worker@65c2b252[State = -1, empty queue]] WARN  server.GrpcLogAppender (GrpcLogAppender.java:timeoutAppendRequest(200)) - ae9625dc-248e-414f-955f-fccc978916e7@group-ECFE57FBC26D->12c7e022-5f96-4d2f-bd6c-0cb832bfe0bc-GrpcLogAppender: appendEntries Timeout, request=ae9625dc-248e-414f-955f-fccc978916e7->12c7e022-5f96-4d2f-bd6c-0cb832bfe0bc#79-t1, previous=(t:1, i:5), leaderCommit=4, initializing? false, entries: size=1, first=(t:1, i:6), STATEMACHINELOGENTRY, client-7FCCE946A079, cid=144
2019-09-17 03:24:18,981 [java.util.concurrent.ThreadPoolExecutor$Worker@c80a20e[State = -1, empty queue]] WARN  server.GrpcLogAppender (GrpcLogAppender.java:timeoutAppendRequest(200)) - ae9625dc-248e-414f-955f-fccc978916e7@group-ECFE57FBC26D->1b957291-fe5b-420e-96dd-cc603eda7741-GrpcLogAppender: appendEntries Timeout, request=ae9625dc-248e-414f-955f-fccc978916e7->1b957291-fe5b-420e-96dd-cc603eda7741#80-t1, previous=(t:1, i:6), leaderCommit=4, initializing? false, entries: size=1, first=(t:1, i:7), STATEMACHINELOGENTRY, client-7FCCE946A079, cid=145
2019-09-17 03:24:18,981 [java.util.concurrent.ThreadPoolExecutor$Worker@65c2b252[State = -1, empty queue]] WARN  server.GrpcLogAppender (GrpcLogAppender.java:timeoutAppendRequest(200)) - ae9625dc-248e-414f-955f-fccc978916e7@group-ECFE57FBC26D->12c7e022-5f96-4d2f-bd6c-0cb832bfe0bc-GrpcLogAppender: appendEntries Timeout, request=ae9625dc-248e-414f-955f-fccc978916e7->12c7e022-5f96-4d2f-bd6c-0cb832bfe0bc#80-t1, previous=(t:1, i:6), leaderCommit=4, initializing? false, entries: size=1, first=(t:1, i:7), STATEMACHINELOGENTRY, client-7FCCE946A079, cid=145
2019-09-17 03:24:18,983 [java.util.concurrent.ThreadPoolExecutor$Worker@c80a20e[State = -1, empty queue]] WARN  server.GrpcLogAppender (GrpcLogAppender.java:timeoutAppendRequest(200)) - ae9625dc-248e-414f-955f-fccc978916e7@group-ECFE57FBC26D->1b957291-fe5b-420e-96dd-cc603eda7741-GrpcLogAppender: appendEntries Timeout, request=ae9625dc-248e-414f-955f-fccc978916e7->1b957291-fe5b-420e-96dd-cc603eda7741#81-t1, previous=(t:1, i:7), leaderCommit=4, initializing? false, entries: size=1, first=(t:1, i:8), STATEMACHINELOGENTRY, client-7FCCE946A079, cid=146
2019-09-17 03:24:18,984 [java.util.concurrent.ThreadPoolExecutor$Worker@65c2b252[State = -1, empty queue]] WARN  server.GrpcLogAppender (GrpcLogAppender.java:timeoutAppendRequest(200)) - ae9625dc-248e-414f-955f-fccc978916e7@group-ECFE57FBC26D->12c7e022-5f96-4d2f-bd6c-0cb832bfe0bc-GrpcLogAppender: appendEntries Timeout, request=ae9625dc-248e-414f-955f-fccc978916e7->12c7e022-5f96-4d2f-bd6c-0cb832bfe0bc#81-t1, previous=(t:1, i:7), leaderCommit=4, initializing? false, entries: size=1, first=(t:1, i:8), STATEMACHINELOGENTRY, client-7FCCE946A079, cid=146
2019-09-17 03:24:18,984 [java.util.concurrent.ThreadPoolExecutor$Worker@c80a20e[State = -1, empty queue]] WARN  server.GrpcLogAppender (GrpcLogAppender.java:timeoutAppendRequest(200)) - ae9625dc-248e-414f-955f-fccc978916e7@group-ECFE57FBC26D->1b957291-fe5b-420e-96dd-cc603eda7741-GrpcLogAppender: appendEntries Timeout, request=ae9625dc-248e-414f-955f-fccc978916e7->1b957291-fe5b-420e-96dd-cc603eda7741#82-t1, previous=(t:1, i:8), leaderCommit=4, initializing? false, entries: size=1, first=(t:1, i:9), STATEMACHINELOGENTRY, client-7FCCE946A079, cid=147
2019-09-17 03:24:18,984 [java.util.concurrent.ThreadPoolExecutor$Worker@65c2b252[State = -1, empty queue]] WARN  server.GrpcLogAppender (GrpcLogAppender.java:timeoutAppendRequest(200)) - ae9625dc-248e-414f-955f-fccc978916e7@group-ECFE57FBC26D->12c7e022-5f96-4d2f-bd6c-0cb832bfe0bc-GrpcLogAppender: appendEntries Timeout, request=ae9625dc-248e-414f-955f-fccc978916e7->12c7e022-5f96-4d2f-bd6c-0cb832bfe0bc#82-t1, previous=(t:1, i:8), leaderCommit=4, initializing? false, entries: size=1, first=(t:1, i:9), STATEMACHINELOGENTRY, client-7FCCE946A079, cid=147
2019-09-17 03:24:18,985 [java.util.concurrent.ThreadPoolExecutor$Worker@c80a20e[State = -1, empty queue]] WARN  server.GrpcLogAppender (GrpcLogAppender.java:timeoutAppendRequest(200)) - ae9625dc-248e-414f-955f-fccc978916e7@group-ECFE57FBC26D->1b957291-fe5b-420e-96dd-cc603eda7741-GrpcLogAppender: appendEntries Timeout, request=ae9625dc-248e-414f-955f-fccc978916e7->1b957291-fe5b-420e-96dd-cc603eda7741#83-t1, previous=(t:1, i:9), leaderCommit=4, initializing? false, entries: size=1, first=(t:1, i:10), STATEMACHINELOGENTRY, client-7FCCE946A079, cid=148
2019-09-17 03:24:18,985 [java.util.concurrent.ThreadPoolExecutor$Worker@65c2b252[State = -1, empty queue]] WARN  server.GrpcLogAppender (GrpcLogAppender.java:timeoutAppendRequest(200)) - ae9625dc-248e-414f-955f-fccc978916e7@group-ECFE57FBC26D->12c7e022-5f96-4d2f-bd6c-0cb832bfe0bc-GrpcLogAppender: appendEntries Timeout, request=ae9625dc-248e-414f-955f-fccc978916e7->12c7e022-5f96-4d2f-bd6c-0cb832bfe0bc#83-t1, previous=(t:1, i:9), leaderCommit=4, initializing? false, entries: size=1, first=(t:1, i:10), STATEMACHINELOGENTRY, client-7FCCE946A079, cid=148
2019-09-17 03:24:19,617 [grpc-default-executor-3] INFO  impl.RaftServerProxy (RaftServerProxy.java:remove(95)) - 2a454ec2-3cfa-49cf-9003-841835eb2002: remove group-89364A117DE9:null
2019-09-17 03:24:19,620 [RatisPipelineUtilsThread] WARN  pipeline.RatisPipelineUtils (RatisPipelineUtils.java:destroyPipeline(66)) - Pipeline destroy failed for pipeline=PipelineID=9b5330a7-e06f-4957-8ee5-89364a117de9 dn=2a454ec2-3cfa-49cf-9003-841835eb2002{ip: 192.168.151.92, host: pr-hdds-2139-j8dx6-1450124282, networkLocation: /default-rack, certSerialId: null}
2019-09-17 03:24:19,624 [grpc-default-executor-3] INFO  impl.RaftServerProxy (RaftServerProxy.java:remove(95)) - f255fb19-c941-42ad-8caf-606d85b027b3: remove group-89364A117DE9:null
2019-09-17 03:24:19,626 [RatisPipelineUtilsThread] WARN  pipeline.RatisPipelineUtils (RatisPipelineUtils.java:destroyPipeline(66)) - Pipeline destroy failed for pipeline=PipelineID=9b5330a7-e06f-4957-8ee5-89364a117de9 dn=f255fb19-c941-42ad-8caf-606d85b027b3{ip: 192.168.151.92, host: pr-hdds-2139-j8dx6-1450124282, networkLocation: /default-rack, certSerialId: null}
2019-09-17 03:24:19,629 [grpc-default-executor-3] INFO  impl.RaftServerProxy (RaftServerProxy.java:remove(95)) - fb5c35a7-52ed-48ed-856a-22aafd4627bf: remove group-89364A117DE9:null
2019-09-17 03:24:19,630 [RatisPipelineUtilsThread] WARN  pipeline.RatisPipelineUtils (RatisPipelineUtils.java:destroyPipeline(66)) - Pipeline destroy failed for pipeline=PipelineID=9b5330a7-e06f-4957-8ee5-89364a117de9 dn=fb5c35a7-52ed-48ed-856a-22aafd4627bf{ip: 192.168.151.92, host: pr-hdds-2139-j8dx6-1450124282, networkLocation: /default-rack, certSerialId: null}
2019-09-17 03:24:19,631 [RatisPipelineUtilsThread] ERROR pipeline.SCMPipelineManager (Scheduler.java:lambda$schedule$1(70)) - Destroy pipeline failed for pipeline:Pipeline[ Id: 9b5330a7-e06f-4957-8ee5-89364a117de9, Nodes: 2a454ec2-3cfa-49cf-9003-841835eb2002{ip: 192.168.151.92, host: pr-hdds-2139-j8dx6-1450124282, networkLocation: /default-rack, certSerialId: null}f255fb19-c941-42ad-8caf-606d85b027b3{ip: 192.168.151.92, host: pr-hdds-2139-j8dx6-1450124282, networkLocation: /default-rack, certSerialId: null}fb5c35a7-52ed-48ed-856a-22aafd4627bf{ip: 192.168.151.92, host: pr-hdds-2139-j8dx6-1450124282, networkLocation: /default-rack, certSerialId: null}, Type:RATIS, Factor:THREE, State:CLOSED]
org.apache.hadoop.hdds.scm.pipeline.PipelineNotFoundException: PipelineID=9b5330a7-e06f-4957-8ee5-89364a117de9 not found
	at org.apache.hadoop.hdds.scm.pipeline.PipelineStateMap.getPipeline(PipelineStateMap.java:132)
	at org.apache.hadoop.hdds.scm.pipeline.PipelineStateMap.removePipeline(PipelineStateMap.java:322)
	at org.apache.hadoop.hdds.scm.pipeline.PipelineStateManager.removePipeline(PipelineStateManager.java:107)
	at org.apache.hadoop.hdds.scm.pipeline.SCMPipelineManager.removePipeline(SCMPipelineManager.java:423)
	at org.apache.hadoop.hdds.scm.pipeline.SCMPipelineManager.destroyPipeline(SCMPipelineManager.java:409)
	at org.apache.hadoop.hdds.scm.pipeline.SCMPipelineManager.lambda$finalizeAndDestroyPipeline$0(SCMPipelineManager.java:318)
	at org.apache.hadoop.utils.Scheduler.lambda$schedule$1(Scheduler.java:68)
	at java.util.concurrent.Executors$RunnableAdapter.call(Executors.java:511)
	at java.util.concurrent.FutureTask.run(FutureTask.java:266)
	at java.util.concurrent.ScheduledThreadPoolExecutor$ScheduledFutureTask.access$201(ScheduledThreadPoolExecutor.java:180)
	at java.util.concurrent.ScheduledThreadPoolExecutor$ScheduledFutureTask.run(ScheduledThreadPoolExecutor.java:293)
	at java.util.concurrent.ThreadPoolExecutor.runWorker(ThreadPoolExecutor.java:1149)
	at java.util.concurrent.ThreadPoolExecutor$Worker.run(ThreadPoolExecutor.java:624)
	at java.lang.Thread.run(Thread.java:748)
2019-09-17 03:24:21,022 [grpc-default-executor-3] INFO  client.GrpcClientProtocolClient (GrpcClientProtocolClient.java:onNext(264)) - client-7FCCE946A079->12c7e022-5f96-4d2f-bd6c-0cb832bfe0bc: receive RaftClientReply:client-7FCCE946A079->12c7e022-5f96-4d2f-bd6c-0cb832bfe0bc@group-ECFE57FBC26D, cid=143, FAILED org.apache.ratis.protocol.NotLeaderException: Server 12c7e022-5f96-4d2f-bd6c-0cb832bfe0bc@group-ECFE57FBC26D is not the leader ae9625dc-248e-414f-955f-fccc978916e7:192.168.151.92:37052, logIndex=0, commits[12c7e022-5f96-4d2f-bd6c-0cb832bfe0bc:c4, ae9625dc-248e-414f-955f-fccc978916e7:c4, 1b957291-fe5b-420e-96dd-cc603eda7741:c3]
2019-09-17 03:24:21,485 [java.util.concurrent.ThreadPoolExecutor$Worker@65c2b252[State = -1, empty queue]] WARN  server.GrpcLogAppender (GrpcLogAppender.java:timeoutAppendRequest(200)) - ae9625dc-248e-414f-955f-fccc978916e7@group-ECFE57FBC26D->12c7e022-5f96-4d2f-bd6c-0cb832bfe0bc-GrpcLogAppender: appendEntries Timeout, request=ae9625dc-248e-414f-955f-fccc978916e7->12c7e022-5f96-4d2f-bd6c-0cb832bfe0bc#84-t1, previous=(t:1, i:10), leaderCommit=4, initializing? false, entries: <empty>
2019-09-17 03:24:21,485 [java.util.concurrent.ThreadPoolExecutor$Worker@c80a20e[State = -1, empty queue]] WARN  server.GrpcLogAppender (GrpcLogAppender.java:timeoutAppendRequest(200)) - ae9625dc-248e-414f-955f-fccc978916e7@group-ECFE57FBC26D->1b957291-fe5b-420e-96dd-cc603eda7741-GrpcLogAppender: appendEntries Timeout, request=ae9625dc-248e-414f-955f-fccc978916e7->1b957291-fe5b-420e-96dd-cc603eda7741#84-t1, previous=(t:1, i:10), leaderCommit=4, initializing? false, entries: <empty>
2019-09-17 03:24:22,613 [grpc-default-executor-2] INFO  impl.RaftServerProxy (RaftServerProxy.java:remove(95)) - 2a454ec2-3cfa-49cf-9003-841835eb2002: remove group-89364A117DE9:null
2019-09-17 03:24:22,617 [RatisPipelineUtilsThread] WARN  pipeline.RatisPipelineUtils (RatisPipelineUtils.java:destroyPipeline(66)) - Pipeline destroy failed for pipeline=PipelineID=9b5330a7-e06f-4957-8ee5-89364a117de9 dn=2a454ec2-3cfa-49cf-9003-841835eb2002{ip: 192.168.151.92, host: pr-hdds-2139-j8dx6-1450124282, networkLocation: /default-rack, certSerialId: null}
2019-09-17 03:24:22,620 [grpc-default-executor-2] INFO  impl.RaftServerProxy (RaftServerProxy.java:remove(95)) - f255fb19-c941-42ad-8caf-606d85b027b3: remove group-89364A117DE9:null
2019-09-17 03:24:22,623 [RatisPipelineUtilsThread] WARN  pipeline.RatisPipelineUtils (RatisPipelineUtils.java:destroyPipeline(66)) - Pipeline destroy failed for pipeline=PipelineID=9b5330a7-e06f-4957-8ee5-89364a117de9 dn=f255fb19-c941-42ad-8caf-606d85b027b3{ip: 192.168.151.92, host: pr-hdds-2139-j8dx6-1450124282, networkLocation: /default-rack, certSerialId: null}
2019-09-17 03:24:22,626 [grpc-default-executor-2] INFO  impl.RaftServerProxy (RaftServerProxy.java:remove(95)) - fb5c35a7-52ed-48ed-856a-22aafd4627bf: remove group-89364A117DE9:null
2019-09-17 03:24:22,629 [RatisPipelineUtilsThread] WARN  pipeline.RatisPipelineUtils (RatisPipelineUtils.java:destroyPipeline(66)) - Pipeline destroy failed for pipeline=PipelineID=9b5330a7-e06f-4957-8ee5-89364a117de9 dn=fb5c35a7-52ed-48ed-856a-22aafd4627bf{ip: 192.168.151.92, host: pr-hdds-2139-j8dx6-1450124282, networkLocation: /default-rack, certSerialId: null}
2019-09-17 03:24:22,629 [RatisPipelineUtilsThread] ERROR pipeline.SCMPipelineManager (Scheduler.java:lambda$schedule$1(70)) - Destroy pipeline failed for pipeline:Pipeline[ Id: 9b5330a7-e06f-4957-8ee5-89364a117de9, Nodes: 2a454ec2-3cfa-49cf-9003-841835eb2002{ip: 192.168.151.92, host: pr-hdds-2139-j8dx6-1450124282, networkLocation: /default-rack, certSerialId: null}f255fb19-c941-42ad-8caf-606d85b027b3{ip: 192.168.151.92, host: pr-hdds-2139-j8dx6-1450124282, networkLocation: /default-rack, certSerialId: null}fb5c35a7-52ed-48ed-856a-22aafd4627bf{ip: 192.168.151.92, host: pr-hdds-2139-j8dx6-1450124282, networkLocation: /default-rack, certSerialId: null}, Type:RATIS, Factor:THREE, State:CLOSED]
org.apache.hadoop.hdds.scm.pipeline.PipelineNotFoundException: PipelineID=9b5330a7-e06f-4957-8ee5-89364a117de9 not found
	at org.apache.hadoop.hdds.scm.pipeline.PipelineStateMap.getPipeline(PipelineStateMap.java:132)
	at org.apache.hadoop.hdds.scm.pipeline.PipelineStateMap.removePipeline(PipelineStateMap.java:322)
	at org.apache.hadoop.hdds.scm.pipeline.PipelineStateManager.removePipeline(PipelineStateManager.java:107)
	at org.apache.hadoop.hdds.scm.pipeline.SCMPipelineManager.removePipeline(SCMPipelineManager.java:423)
	at org.apache.hadoop.hdds.scm.pipeline.SCMPipelineManager.destroyPipeline(SCMPipelineManager.java:409)
	at org.apache.hadoop.hdds.scm.pipeline.SCMPipelineManager.lambda$finalizeAndDestroyPipeline$0(SCMPipelineManager.java:318)
	at org.apache.hadoop.utils.Scheduler.lambda$schedule$1(Scheduler.java:68)
	at java.util.concurrent.Executors$RunnableAdapter.call(Executors.java:511)
	at java.util.concurrent.FutureTask.run(FutureTask.java:266)
	at java.util.concurrent.ScheduledThreadPoolExecutor$ScheduledFutureTask.access$201(ScheduledThreadPoolExecutor.java:180)
	at java.util.concurrent.ScheduledThreadPoolExecutor$ScheduledFutureTask.run(ScheduledThreadPoolExecutor.java:293)
	at java.util.concurrent.ThreadPoolExecutor.runWorker(ThreadPoolExecutor.java:1149)
	at java.util.concurrent.ThreadPoolExecutor$Worker.run(ThreadPoolExecutor.java:624)
	at java.lang.Thread.run(Thread.java:748)
2019-09-17 03:24:23,986 [java.util.concurrent.ThreadPoolExecutor$Worker@65c2b252[State = -1, empty queue]] WARN  server.GrpcLogAppender (GrpcLogAppender.java:timeoutAppendRequest(200)) - ae9625dc-248e-414f-955f-fccc978916e7@group-ECFE57FBC26D->12c7e022-5f96-4d2f-bd6c-0cb832bfe0bc-GrpcLogAppender: appendEntries Timeout, request=ae9625dc-248e-414f-955f-fccc978916e7->12c7e022-5f96-4d2f-bd6c-0cb832bfe0bc#85-t1, previous=(t:1, i:10), leaderCommit=4, initializing? false, entries: <empty>
2019-09-17 03:24:23,986 [java.util.concurrent.ThreadPoolExecutor$Worker@c80a20e[State = -1, empty queue]] WARN  server.GrpcLogAppender (GrpcLogAppender.java:timeoutAppendRequest(200)) - ae9625dc-248e-414f-955f-fccc978916e7@group-ECFE57FBC26D->1b957291-fe5b-420e-96dd-cc603eda7741-GrpcLogAppender: appendEntries Timeout, request=ae9625dc-248e-414f-955f-fccc978916e7->1b957291-fe5b-420e-96dd-cc603eda7741#85-t1, previous=(t:1, i:10), leaderCommit=4, initializing? false, entries: <empty>
2019-09-17 03:24:24,626 [grpc-default-executor-2] INFO  impl.RaftServerProxy (RaftServerProxy.java:remove(95)) - 2a454ec2-3cfa-49cf-9003-841835eb2002: remove group-89364A117DE9:null
2019-09-17 03:24:24,629 [RatisPipelineUtilsThread] WARN  pipeline.RatisPipelineUtils (RatisPipelineUtils.java:destroyPipeline(66)) - Pipeline destroy failed for pipeline=PipelineID=9b5330a7-e06f-4957-8ee5-89364a117de9 dn=2a454ec2-3cfa-49cf-9003-841835eb2002{ip: 192.168.151.92, host: pr-hdds-2139-j8dx6-1450124282, networkLocation: /default-rack, certSerialId: null}
2019-09-17 03:24:24,632 [grpc-default-executor-2] INFO  impl.RaftServerProxy (RaftServerProxy.java:remove(95)) - f255fb19-c941-42ad-8caf-606d85b027b3: remove group-89364A117DE9:null
2019-09-17 03:24:24,634 [RatisPipelineUtilsThread] WARN  pipeline.RatisPipelineUtils (RatisPipelineUtils.java:destroyPipeline(66)) - Pipeline destroy failed for pipeline=PipelineID=9b5330a7-e06f-4957-8ee5-89364a117de9 dn=f255fb19-c941-42ad-8caf-606d85b027b3{ip: 192.168.151.92, host: pr-hdds-2139-j8dx6-1450124282, networkLocation: /default-rack, certSerialId: null}
2019-09-17 03:24:24,637 [grpc-default-executor-2] INFO  impl.RaftServerProxy (RaftServerProxy.java:remove(95)) - fb5c35a7-52ed-48ed-856a-22aafd4627bf: remove group-89364A117DE9:null
2019-09-17 03:24:24,640 [RatisPipelineUtilsThread] WARN  pipeline.RatisPipelineUtils (RatisPipelineUtils.java:destroyPipeline(66)) - Pipeline destroy failed for pipeline=PipelineID=9b5330a7-e06f-4957-8ee5-89364a117de9 dn=fb5c35a7-52ed-48ed-856a-22aafd4627bf{ip: 192.168.151.92, host: pr-hdds-2139-j8dx6-1450124282, networkLocation: /default-rack, certSerialId: null}
2019-09-17 03:24:24,640 [RatisPipelineUtilsThread] ERROR pipeline.SCMPipelineManager (Scheduler.java:lambda$schedule$1(70)) - Destroy pipeline failed for pipeline:Pipeline[ Id: 9b5330a7-e06f-4957-8ee5-89364a117de9, Nodes: 2a454ec2-3cfa-49cf-9003-841835eb2002{ip: 192.168.151.92, host: pr-hdds-2139-j8dx6-1450124282, networkLocation: /default-rack, certSerialId: null}f255fb19-c941-42ad-8caf-606d85b027b3{ip: 192.168.151.92, host: pr-hdds-2139-j8dx6-1450124282, networkLocation: /default-rack, certSerialId: null}fb5c35a7-52ed-48ed-856a-22aafd4627bf{ip: 192.168.151.92, host: pr-hdds-2139-j8dx6-1450124282, networkLocation: /default-rack, certSerialId: null}, Type:RATIS, Factor:THREE, State:CLOSED]
org.apache.hadoop.hdds.scm.pipeline.PipelineNotFoundException: PipelineID=9b5330a7-e06f-4957-8ee5-89364a117de9 not found
	at org.apache.hadoop.hdds.scm.pipeline.PipelineStateMap.getPipeline(PipelineStateMap.java:132)
	at org.apache.hadoop.hdds.scm.pipeline.PipelineStateMap.removePipeline(PipelineStateMap.java:322)
	at org.apache.hadoop.hdds.scm.pipeline.PipelineStateManager.removePipeline(PipelineStateManager.java:107)
	at org.apache.hadoop.hdds.scm.pipeline.SCMPipelineManager.removePipeline(SCMPipelineManager.java:423)
	at org.apache.hadoop.hdds.scm.pipeline.SCMPipelineManager.destroyPipeline(SCMPipelineManager.java:409)
	at org.apache.hadoop.hdds.scm.pipeline.SCMPipelineManager.lambda$finalizeAndDestroyPipeline$0(SCMPipelineManager.java:318)
	at org.apache.hadoop.utils.Scheduler.lambda$schedule$1(Scheduler.java:68)
	at java.util.concurrent.Executors$RunnableAdapter.call(Executors.java:511)
	at java.util.concurrent.FutureTask.run(FutureTask.java:266)
	at java.util.concurrent.ScheduledThreadPoolExecutor$ScheduledFutureTask.access$201(ScheduledThreadPoolExecutor.java:180)
	at java.util.concurrent.ScheduledThreadPoolExecutor$ScheduledFutureTask.run(ScheduledThreadPoolExecutor.java:293)
	at java.util.concurrent.ThreadPoolExecutor.runWorker(ThreadPoolExecutor.java:1149)
	at java.util.concurrent.ThreadPoolExecutor$Worker.run(ThreadPoolExecutor.java:624)
	at java.lang.Thread.run(Thread.java:748)
2019-09-17 03:24:25,979 [ae9625dc-248e-414f-955f-fccc978916e7@group-ECFE57FBC26D-SegmentedRaftLogWorker] WARN  segmented.SegmentedRaftLogWorker (SegmentedRaftLogWorker.java:getFromFuture(90)) - Timeout 0/~
org.apache.ratis.protocol.TimeoutIOException: Timeout 10s: WriteLog:5: (t:1, i:5), STATEMACHINELOGENTRY, client-7FCCE946A079, cid=143-writeStateMachineData
	at org.apache.ratis.util.IOUtils.getFromFuture(IOUtils.java:87)
	at org.apache.ratis.server.raftlog.segmented.SegmentedRaftLogWorker$StateMachineDataPolicy.getFromFuture(SegmentedRaftLogWorker.java:87)
	at org.apache.ratis.server.raftlog.segmented.SegmentedRaftLogWorker$WriteLog.execute(SegmentedRaftLogWorker.java:477)
	at org.apache.ratis.server.raftlog.segmented.SegmentedRaftLogWorker.run(SegmentedRaftLogWorker.java:289)
	at java.lang.Thread.run(Thread.java:748)
Caused by: java.util.concurrent.TimeoutException
	at java.util.concurrent.CompletableFuture.timedGet(CompletableFuture.java:1771)
	at java.util.concurrent.CompletableFuture.get(CompletableFuture.java:1915)
	at org.apache.ratis.util.IOUtils.getFromFuture(IOUtils.java:79)
	... 4 more
2019-09-17 03:24:26,057 [grpc-default-executor-2] INFO  client.GrpcClientProtocolClient (GrpcClientProtocolClient.java:onNext(264)) - client-7FCCE946A079->1b957291-fe5b-420e-96dd-cc603eda7741: receive RaftClientReply:client-7FCCE946A079->1b957291-fe5b-420e-96dd-cc603eda7741@group-ECFE57FBC26D, cid=143, FAILED org.apache.ratis.protocol.NotLeaderException: Server 1b957291-fe5b-420e-96dd-cc603eda7741@group-ECFE57FBC26D is not the leader ae9625dc-248e-414f-955f-fccc978916e7:192.168.151.92:37052, logIndex=0, commits[1b957291-fe5b-420e-96dd-cc603eda7741:c4, ae9625dc-248e-414f-955f-fccc978916e7:c4, 12c7e022-5f96-4d2f-bd6c-0cb832bfe0bc:c3]
2019-09-17 03:24:26,292 [1b957291-fe5b-420e-96dd-cc603eda7741@group-ECFE57FBC26D-SegmentedRaftLogWorker] WARN  segmented.SegmentedRaftLogWorker (SegmentedRaftLogWorker.java:getFromFuture(90)) - Timeout 0/~
org.apache.ratis.protocol.TimeoutIOException: Timeout 10s: WriteLog:6: (t:1, i:6), STATEMACHINELOGENTRY, client-7FCCE946A079, cid=144-writeStateMachineData
	at org.apache.ratis.util.IOUtils.getFromFuture(IOUtils.java:87)
	at org.apache.ratis.server.raftlog.segmented.SegmentedRaftLogWorker$StateMachineDataPolicy.getFromFuture(SegmentedRaftLogWorker.java:87)
	at org.apache.ratis.server.raftlog.segmented.SegmentedRaftLogWorker$WriteLog.execute(SegmentedRaftLogWorker.java:477)
	at org.apache.ratis.server.raftlog.segmented.SegmentedRaftLogWorker.run(SegmentedRaftLogWorker.java:289)
	at java.lang.Thread.run(Thread.java:748)
Caused by: java.util.concurrent.TimeoutException
	at java.util.concurrent.CompletableFuture.timedGet(CompletableFuture.java:1771)
	at java.util.concurrent.CompletableFuture.get(CompletableFuture.java:1915)
	at org.apache.ratis.util.IOUtils.getFromFuture(IOUtils.java:79)
	... 4 more
2019-09-17 03:24:26,292 [12c7e022-5f96-4d2f-bd6c-0cb832bfe0bc@group-ECFE57FBC26D-SegmentedRaftLogWorker] WARN  segmented.SegmentedRaftLogWorker (SegmentedRaftLogWorker.java:getFromFuture(90)) - Timeout 0/~
org.apache.ratis.protocol.TimeoutIOException: Timeout 10s: WriteLog:8: (t:1, i:8), STATEMACHINELOGENTRY, client-7FCCE946A079, cid=146-writeStateMachineData
	at org.apache.ratis.util.IOUtils.getFromFuture(IOUtils.java:87)
	at org.apache.ratis.server.raftlog.segmented.SegmentedRaftLogWorker$StateMachineDataPolicy.getFromFuture(SegmentedRaftLogWorker.java:87)
	at org.apache.ratis.server.raftlog.segmented.SegmentedRaftLogWorker$WriteLog.execute(SegmentedRaftLogWorker.java:477)
	at org.apache.ratis.server.raftlog.segmented.SegmentedRaftLogWorker.run(SegmentedRaftLogWorker.java:289)
	at java.lang.Thread.run(Thread.java:748)
Caused by: java.util.concurrent.TimeoutException
	at java.util.concurrent.CompletableFuture.timedGet(CompletableFuture.java:1771)
	at java.util.concurrent.CompletableFuture.get(CompletableFuture.java:1915)
	at org.apache.ratis.util.IOUtils.getFromFuture(IOUtils.java:79)
	... 4 more
2019-09-17 03:24:26,486 [java.util.concurrent.ThreadPoolExecutor$Worker@65c2b252[State = -1, empty queue]] WARN  server.GrpcLogAppender (GrpcLogAppender.java:timeoutAppendRequest(200)) - ae9625dc-248e-414f-955f-fccc978916e7@group-ECFE57FBC26D->12c7e022-5f96-4d2f-bd6c-0cb832bfe0bc-GrpcLogAppender: appendEntries Timeout, request=ae9625dc-248e-414f-955f-fccc978916e7->12c7e022-5f96-4d2f-bd6c-0cb832bfe0bc#86-t1, previous=(t:1, i:10), leaderCommit=4, initializing? false, entries: <empty>
2019-09-17 03:24:26,486 [java.util.concurrent.ThreadPoolExecutor$Worker@c80a20e[State = -1, empty queue]] WARN  server.GrpcLogAppender (GrpcLogAppender.java:timeoutAppendRequest(200)) - ae9625dc-248e-414f-955f-fccc978916e7@group-ECFE57FBC26D->1b957291-fe5b-420e-96dd-cc603eda7741-GrpcLogAppender: appendEntries Timeout, request=ae9625dc-248e-414f-955f-fccc978916e7->1b957291-fe5b-420e-96dd-cc603eda7741#86-t1, previous=(t:1, i:10), leaderCommit=4, initializing? false, entries: <empty>
2019-09-17 03:24:27,616 [grpc-default-executor-2] INFO  impl.RaftServerProxy (RaftServerProxy.java:remove(95)) - 2a454ec2-3cfa-49cf-9003-841835eb2002: remove group-89364A117DE9:null
2019-09-17 03:24:27,618 [RatisPipelineUtilsThread] WARN  pipeline.RatisPipelineUtils (RatisPipelineUtils.java:destroyPipeline(66)) - Pipeline destroy failed for pipeline=PipelineID=9b5330a7-e06f-4957-8ee5-89364a117de9 dn=2a454ec2-3cfa-49cf-9003-841835eb2002{ip: 192.168.151.92, host: pr-hdds-2139-j8dx6-1450124282, networkLocation: /default-rack, certSerialId: null}
2019-09-17 03:24:27,620 [grpc-default-executor-2] INFO  impl.RaftServerProxy (RaftServerProxy.java:remove(95)) - f255fb19-c941-42ad-8caf-606d85b027b3: remove group-89364A117DE9:null
2019-09-17 03:24:27,622 [RatisPipelineUtilsThread] WARN  pipeline.RatisPipelineUtils (RatisPipelineUtils.java:destroyPipeline(66)) - Pipeline destroy failed for pipeline=PipelineID=9b5330a7-e06f-4957-8ee5-89364a117de9 dn=f255fb19-c941-42ad-8caf-606d85b027b3{ip: 192.168.151.92, host: pr-hdds-2139-j8dx6-1450124282, networkLocation: /default-rack, certSerialId: null}
2019-09-17 03:24:27,624 [grpc-default-executor-2] INFO  impl.RaftServerProxy (RaftServerProxy.java:remove(95)) - fb5c35a7-52ed-48ed-856a-22aafd4627bf: remove group-89364A117DE9:null
2019-09-17 03:24:27,625 [RatisPipelineUtilsThread] WARN  pipeline.RatisPipelineUtils (RatisPipelineUtils.java:destroyPipeline(66)) - Pipeline destroy failed for pipeline=PipelineID=9b5330a7-e06f-4957-8ee5-89364a117de9 dn=fb5c35a7-52ed-48ed-856a-22aafd4627bf{ip: 192.168.151.92, host: pr-hdds-2139-j8dx6-1450124282, networkLocation: /default-rack, certSerialId: null}
2019-09-17 03:24:27,626 [RatisPipelineUtilsThread] ERROR pipeline.SCMPipelineManager (Scheduler.java:lambda$schedule$1(70)) - Destroy pipeline failed for pipeline:Pipeline[ Id: 9b5330a7-e06f-4957-8ee5-89364a117de9, Nodes: 2a454ec2-3cfa-49cf-9003-841835eb2002{ip: 192.168.151.92, host: pr-hdds-2139-j8dx6-1450124282, networkLocation: /default-rack, certSerialId: null}f255fb19-c941-42ad-8caf-606d85b027b3{ip: 192.168.151.92, host: pr-hdds-2139-j8dx6-1450124282, networkLocation: /default-rack, certSerialId: null}fb5c35a7-52ed-48ed-856a-22aafd4627bf{ip: 192.168.151.92, host: pr-hdds-2139-j8dx6-1450124282, networkLocation: /default-rack, certSerialId: null}, Type:RATIS, Factor:THREE, State:CLOSED]
org.apache.hadoop.hdds.scm.pipeline.PipelineNotFoundException: PipelineID=9b5330a7-e06f-4957-8ee5-89364a117de9 not found
	at org.apache.hadoop.hdds.scm.pipeline.PipelineStateMap.getPipeline(PipelineStateMap.java:132)
	at org.apache.hadoop.hdds.scm.pipeline.PipelineStateMap.removePipeline(PipelineStateMap.java:322)
	at org.apache.hadoop.hdds.scm.pipeline.PipelineStateManager.removePipeline(PipelineStateManager.java:107)
	at org.apache.hadoop.hdds.scm.pipeline.SCMPipelineManager.removePipeline(SCMPipelineManager.java:423)
	at org.apache.hadoop.hdds.scm.pipeline.SCMPipelineManager.destroyPipeline(SCMPipelineManager.java:409)
	at org.apache.hadoop.hdds.scm.pipeline.SCMPipelineManager.lambda$finalizeAndDestroyPipeline$0(SCMPipelineManager.java:318)
	at org.apache.hadoop.utils.Scheduler.lambda$schedule$1(Scheduler.java:68)
	at java.util.concurrent.Executors$RunnableAdapter.call(Executors.java:511)
	at java.util.concurrent.FutureTask.run(FutureTask.java:266)
	at java.util.concurrent.ScheduledThreadPoolExecutor$ScheduledFutureTask.access$201(ScheduledThreadPoolExecutor.java:180)
	at java.util.concurrent.ScheduledThreadPoolExecutor$ScheduledFutureTask.run(ScheduledThreadPoolExecutor.java:293)
	at java.util.concurrent.ThreadPoolExecutor.runWorker(ThreadPoolExecutor.java:1149)
	at java.util.concurrent.ThreadPoolExecutor$Worker.run(ThreadPoolExecutor.java:624)
	at java.lang.Thread.run(Thread.java:748)
2019-09-17 03:24:28,986 [java.util.concurrent.ThreadPoolExecutor$Worker@65c2b252[State = -1, empty queue]] WARN  server.GrpcLogAppender (GrpcLogAppender.java:timeoutAppendRequest(200)) - ae9625dc-248e-414f-955f-fccc978916e7@group-ECFE57FBC26D->12c7e022-5f96-4d2f-bd6c-0cb832bfe0bc-GrpcLogAppender: appendEntries Timeout, request=ae9625dc-248e-414f-955f-fccc978916e7->12c7e022-5f96-4d2f-bd6c-0cb832bfe0bc#87-t1, previous=(t:1, i:10), leaderCommit=4, initializing? false, entries: <empty>
2019-09-17 03:24:28,986 [java.util.concurrent.ThreadPoolExecutor$Worker@c80a20e[State = -1, empty queue]] WARN  server.GrpcLogAppender (GrpcLogAppender.java:timeoutAppendRequest(200)) - ae9625dc-248e-414f-955f-fccc978916e7@group-ECFE57FBC26D->1b957291-fe5b-420e-96dd-cc603eda7741-GrpcLogAppender: appendEntries Timeout, request=ae9625dc-248e-414f-955f-fccc978916e7->1b957291-fe5b-420e-96dd-cc603eda7741#87-t1, previous=(t:1, i:10), leaderCommit=4, initializing? false, entries: <empty>
2019-09-17 03:24:29,615 [grpc-default-executor-2] INFO  impl.RaftServerProxy (RaftServerProxy.java:remove(95)) - 2a454ec2-3cfa-49cf-9003-841835eb2002: remove group-89364A117DE9:null
2019-09-17 03:24:29,618 [RatisPipelineUtilsThread] WARN  pipeline.RatisPipelineUtils (RatisPipelineUtils.java:destroyPipeline(66)) - Pipeline destroy failed for pipeline=PipelineID=9b5330a7-e06f-4957-8ee5-89364a117de9 dn=2a454ec2-3cfa-49cf-9003-841835eb2002{ip: 192.168.151.92, host: pr-hdds-2139-j8dx6-1450124282, networkLocation: /default-rack, certSerialId: null}
2019-09-17 03:24:29,620 [grpc-default-executor-2] INFO  impl.RaftServerProxy (RaftServerProxy.java:remove(95)) - f255fb19-c941-42ad-8caf-606d85b027b3: remove group-89364A117DE9:null
2019-09-17 03:24:29,621 [RatisPipelineUtilsThread] WARN  pipeline.RatisPipelineUtils (RatisPipelineUtils.java:destroyPipeline(66)) - Pipeline destroy failed for pipeline=PipelineID=9b5330a7-e06f-4957-8ee5-89364a117de9 dn=f255fb19-c941-42ad-8caf-606d85b027b3{ip: 192.168.151.92, host: pr-hdds-2139-j8dx6-1450124282, networkLocation: /default-rack, certSerialId: null}
2019-09-17 03:24:29,623 [grpc-default-executor-2] INFO  impl.RaftServerProxy (RaftServerProxy.java:remove(95)) - fb5c35a7-52ed-48ed-856a-22aafd4627bf: remove group-89364A117DE9:null
2019-09-17 03:24:29,625 [RatisPipelineUtilsThread] WARN  pipeline.RatisPipelineUtils (RatisPipelineUtils.java:destroyPipeline(66)) - Pipeline destroy failed for pipeline=PipelineID=9b5330a7-e06f-4957-8ee5-89364a117de9 dn=fb5c35a7-52ed-48ed-856a-22aafd4627bf{ip: 192.168.151.92, host: pr-hdds-2139-j8dx6-1450124282, networkLocation: /default-rack, certSerialId: null}
2019-09-17 03:24:29,625 [RatisPipelineUtilsThread] ERROR pipeline.SCMPipelineManager (Scheduler.java:lambda$schedule$1(70)) - Destroy pipeline failed for pipeline:Pipeline[ Id: 9b5330a7-e06f-4957-8ee5-89364a117de9, Nodes: 2a454ec2-3cfa-49cf-9003-841835eb2002{ip: 192.168.151.92, host: pr-hdds-2139-j8dx6-1450124282, networkLocation: /default-rack, certSerialId: null}f255fb19-c941-42ad-8caf-606d85b027b3{ip: 192.168.151.92, host: pr-hdds-2139-j8dx6-1450124282, networkLocation: /default-rack, certSerialId: null}fb5c35a7-52ed-48ed-856a-22aafd4627bf{ip: 192.168.151.92, host: pr-hdds-2139-j8dx6-1450124282, networkLocation: /default-rack, certSerialId: null}, Type:RATIS, Factor:THREE, State:CLOSED]
org.apache.hadoop.hdds.scm.pipeline.PipelineNotFoundException: PipelineID=9b5330a7-e06f-4957-8ee5-89364a117de9 not found
	at org.apache.hadoop.hdds.scm.pipeline.PipelineStateMap.getPipeline(PipelineStateMap.java:132)
	at org.apache.hadoop.hdds.scm.pipeline.PipelineStateMap.removePipeline(PipelineStateMap.java:322)
	at org.apache.hadoop.hdds.scm.pipeline.PipelineStateManager.removePipeline(PipelineStateManager.java:107)
	at org.apache.hadoop.hdds.scm.pipeline.SCMPipelineManager.removePipeline(SCMPipelineManager.java:423)
	at org.apache.hadoop.hdds.scm.pipeline.SCMPipelineManager.destroyPipeline(SCMPipelineManager.java:409)
	at org.apache.hadoop.hdds.scm.pipeline.SCMPipelineManager.lambda$finalizeAndDestroyPipeline$0(SCMPipelineManager.java:318)
	at org.apache.hadoop.utils.Scheduler.lambda$schedule$1(Scheduler.java:68)
	at java.util.concurrent.Executors$RunnableAdapter.call(Executors.java:511)
	at java.util.concurrent.FutureTask.run(FutureTask.java:266)
	at java.util.concurrent.ScheduledThreadPoolExecutor$ScheduledFutureTask.access$201(ScheduledThreadPoolExecutor.java:180)
	at java.util.concurrent.ScheduledThreadPoolExecutor$ScheduledFutureTask.run(ScheduledThreadPoolExecutor.java:293)
	at java.util.concurrent.ThreadPoolExecutor.runWorker(ThreadPoolExecutor.java:1149)
	at java.util.concurrent.ThreadPoolExecutor$Worker.run(ThreadPoolExecutor.java:624)
	at java.lang.Thread.run(Thread.java:748)
2019-09-17 03:24:31,118 [grpc-default-executor-2] INFO  client.GrpcClientProtocolClient (GrpcClientProtocolClient.java:onNext(264)) - client-7FCCE946A079->1b957291-fe5b-420e-96dd-cc603eda7741: receive RaftClientReply:client-7FCCE946A079->1b957291-fe5b-420e-96dd-cc603eda7741@group-ECFE57FBC26D, cid=143, FAILED org.apache.ratis.protocol.NotLeaderException: Server 1b957291-fe5b-420e-96dd-cc603eda7741@group-ECFE57FBC26D is not the leader ae9625dc-248e-414f-955f-fccc978916e7:192.168.151.92:37052, logIndex=0, commits[1b957291-fe5b-420e-96dd-cc603eda7741:c4, ae9625dc-248e-414f-955f-fccc978916e7:c4, 12c7e022-5f96-4d2f-bd6c-0cb832bfe0bc:c3]
2019-09-17 03:24:31,486 [java.util.concurrent.ThreadPoolExecutor$Worker@65c2b252[State = -1, empty queue]] WARN  server.GrpcLogAppender (GrpcLogAppender.java:timeoutAppendRequest(200)) - ae9625dc-248e-414f-955f-fccc978916e7@group-ECFE57FBC26D->12c7e022-5f96-4d2f-bd6c-0cb832bfe0bc-GrpcLogAppender: appendEntries Timeout, request=ae9625dc-248e-414f-955f-fccc978916e7->12c7e022-5f96-4d2f-bd6c-0cb832bfe0bc#88-t1, previous=(t:1, i:10), leaderCommit=4, initializing? false, entries: <empty>
2019-09-17 03:24:31,486 [java.util.concurrent.ThreadPoolExecutor$Worker@c80a20e[State = -1, empty queue]] WARN  server.GrpcLogAppender (GrpcLogAppender.java:timeoutAppendRequest(200)) - ae9625dc-248e-414f-955f-fccc978916e7@group-ECFE57FBC26D->1b957291-fe5b-420e-96dd-cc603eda7741-GrpcLogAppender: appendEntries Timeout, request=ae9625dc-248e-414f-955f-fccc978916e7->1b957291-fe5b-420e-96dd-cc603eda7741#88-t1, previous=(t:1, i:10), leaderCommit=4, initializing? false, entries: <empty>
2019-09-17 03:24:32,623 [grpc-default-executor-2] INFO  impl.RaftServerProxy (RaftServerProxy.java:remove(95)) - 2a454ec2-3cfa-49cf-9003-841835eb2002: remove group-89364A117DE9:null
2019-09-17 03:24:32,627 [RatisPipelineUtilsThread] WARN  pipeline.RatisPipelineUtils (RatisPipelineUtils.java:destroyPipeline(66)) - Pipeline destroy failed for pipeline=PipelineID=9b5330a7-e06f-4957-8ee5-89364a117de9 dn=2a454ec2-3cfa-49cf-9003-841835eb2002{ip: 192.168.151.92, host: pr-hdds-2139-j8dx6-1450124282, networkLocation: /default-rack, certSerialId: null}
2019-09-17 03:24:32,629 [grpc-default-executor-2] INFO  impl.RaftServerProxy (RaftServerProxy.java:remove(95)) - f255fb19-c941-42ad-8caf-606d85b027b3: remove group-89364A117DE9:null
2019-09-17 03:24:32,631 [RatisPipelineUtilsThread] WARN  pipeline.RatisPipelineUtils (RatisPipelineUtils.java:destroyPipeline(66)) - Pipeline destroy failed for pipeline=PipelineID=9b5330a7-e06f-4957-8ee5-89364a117de9 dn=f255fb19-c941-42ad-8caf-606d85b027b3{ip: 192.168.151.92, host: pr-hdds-2139-j8dx6-1450124282, networkLocation: /default-rack, certSerialId: null}
2019-09-17 03:24:32,633 [grpc-default-executor-2] INFO  impl.RaftServerProxy (RaftServerProxy.java:remove(95)) - fb5c35a7-52ed-48ed-856a-22aafd4627bf: remove group-89364A117DE9:null
2019-09-17 03:24:32,634 [RatisPipelineUtilsThread] WARN  pipeline.RatisPipelineUtils (RatisPipelineUtils.java:destroyPipeline(66)) - Pipeline destroy failed for pipeline=PipelineID=9b5330a7-e06f-4957-8ee5-89364a117de9 dn=fb5c35a7-52ed-48ed-856a-22aafd4627bf{ip: 192.168.151.92, host: pr-hdds-2139-j8dx6-1450124282, networkLocation: /default-rack, certSerialId: null}
2019-09-17 03:24:32,635 [RatisPipelineUtilsThread] ERROR pipeline.SCMPipelineManager (Scheduler.java:lambda$schedule$1(70)) - Destroy pipeline failed for pipeline:Pipeline[ Id: 9b5330a7-e06f-4957-8ee5-89364a117de9, Nodes: 2a454ec2-3cfa-49cf-9003-841835eb2002{ip: 192.168.151.92, host: pr-hdds-2139-j8dx6-1450124282, networkLocation: /default-rack, certSerialId: null}f255fb19-c941-42ad-8caf-606d85b027b3{ip: 192.168.151.92, host: pr-hdds-2139-j8dx6-1450124282, networkLocation: /default-rack, certSerialId: null}fb5c35a7-52ed-48ed-856a-22aafd4627bf{ip: 192.168.151.92, host: pr-hdds-2139-j8dx6-1450124282, networkLocation: /default-rack, certSerialId: null}, Type:RATIS, Factor:THREE, State:CLOSED]
org.apache.hadoop.hdds.scm.pipeline.PipelineNotFoundException: PipelineID=9b5330a7-e06f-4957-8ee5-89364a117de9 not found
	at org.apache.hadoop.hdds.scm.pipeline.PipelineStateMap.getPipeline(PipelineStateMap.java:132)
	at org.apache.hadoop.hdds.scm.pipeline.PipelineStateMap.removePipeline(PipelineStateMap.java:322)
	at org.apache.hadoop.hdds.scm.pipeline.PipelineStateManager.removePipeline(PipelineStateManager.java:107)
	at org.apache.hadoop.hdds.scm.pipeline.SCMPipelineManager.removePipeline(SCMPipelineManager.java:423)
	at org.apache.hadoop.hdds.scm.pipeline.SCMPipelineManager.destroyPipeline(SCMPipelineManager.java:409)
	at org.apache.hadoop.hdds.scm.pipeline.SCMPipelineManager.lambda$finalizeAndDestroyPipeline$0(SCMPipelineManager.java:318)
	at org.apache.hadoop.utils.Scheduler.lambda$schedule$1(Scheduler.java:68)
	at java.util.concurrent.Executors$RunnableAdapter.call(Executors.java:511)
	at java.util.concurrent.FutureTask.run(FutureTask.java:266)
	at java.util.concurrent.ScheduledThreadPoolExecutor$ScheduledFutureTask.access$201(ScheduledThreadPoolExecutor.java:180)
	at java.util.concurrent.ScheduledThreadPoolExecutor$ScheduledFutureTask.run(ScheduledThreadPoolExecutor.java:293)
	at java.util.concurrent.ThreadPoolExecutor.runWorker(ThreadPoolExecutor.java:1149)
	at java.util.concurrent.ThreadPoolExecutor$Worker.run(ThreadPoolExecutor.java:624)
	at java.lang.Thread.run(Thread.java:748)
2019-09-17 03:24:33,987 [java.util.concurrent.ThreadPoolExecutor$Worker@c80a20e[State = -1, empty queue]] WARN  server.GrpcLogAppender (GrpcLogAppender.java:timeoutAppendRequest(200)) - ae9625dc-248e-414f-955f-fccc978916e7@group-ECFE57FBC26D->1b957291-fe5b-420e-96dd-cc603eda7741-GrpcLogAppender: appendEntries Timeout, request=ae9625dc-248e-414f-955f-fccc978916e7->1b957291-fe5b-420e-96dd-cc603eda7741#89-t1, previous=(t:1, i:10), leaderCommit=4, initializing? false, entries: <empty>
2019-09-17 03:24:33,987 [java.util.concurrent.ThreadPoolExecutor$Worker@65c2b252[State = -1, empty queue]] WARN  server.GrpcLogAppender (GrpcLogAppender.java:timeoutAppendRequest(200)) - ae9625dc-248e-414f-955f-fccc978916e7@group-ECFE57FBC26D->12c7e022-5f96-4d2f-bd6c-0cb832bfe0bc-GrpcLogAppender: appendEntries Timeout, request=ae9625dc-248e-414f-955f-fccc978916e7->12c7e022-5f96-4d2f-bd6c-0cb832bfe0bc#89-t1, previous=(t:1, i:10), leaderCommit=4, initializing? false, entries: <empty>
2019-09-17 03:24:34,625 [grpc-default-executor-2] INFO  impl.RaftServerProxy (RaftServerProxy.java:remove(95)) - 2a454ec2-3cfa-49cf-9003-841835eb2002: remove group-89364A117DE9:null
2019-09-17 03:24:34,630 [RatisPipelineUtilsThread] WARN  pipeline.RatisPipelineUtils (RatisPipelineUtils.java:destroyPipeline(66)) - Pipeline destroy failed for pipeline=PipelineID=9b5330a7-e06f-4957-8ee5-89364a117de9 dn=2a454ec2-3cfa-49cf-9003-841835eb2002{ip: 192.168.151.92, host: pr-hdds-2139-j8dx6-1450124282, networkLocation: /default-rack, certSerialId: null}
2019-09-17 03:24:34,632 [grpc-default-executor-2] INFO  impl.RaftServerProxy (RaftServerProxy.java:remove(95)) - f255fb19-c941-42ad-8caf-606d85b027b3: remove group-89364A117DE9:null
2019-09-17 03:24:34,634 [RatisPipelineUtilsThread] WARN  pipeline.RatisPipelineUtils (RatisPipelineUtils.java:destroyPipeline(66)) - Pipeline destroy failed for pipeline=PipelineID=9b5330a7-e06f-4957-8ee5-89364a117de9 dn=f255fb19-c941-42ad-8caf-606d85b027b3{ip: 192.168.151.92, host: pr-hdds-2139-j8dx6-1450124282, networkLocation: /default-rack, certSerialId: null}
2019-09-17 03:24:34,637 [grpc-default-executor-2] INFO  impl.RaftServerProxy (RaftServerProxy.java:remove(95)) - fb5c35a7-52ed-48ed-856a-22aafd4627bf: remove group-89364A117DE9:null
2019-09-17 03:24:34,639 [RatisPipelineUtilsThread] WARN  pipeline.RatisPipelineUtils (RatisPipelineUtils.java:destroyPipeline(66)) - Pipeline destroy failed for pipeline=PipelineID=9b5330a7-e06f-4957-8ee5-89364a117de9 dn=fb5c35a7-52ed-48ed-856a-22aafd4627bf{ip: 192.168.151.92, host: pr-hdds-2139-j8dx6-1450124282, networkLocation: /default-rack, certSerialId: null}
2019-09-17 03:24:34,640 [RatisPipelineUtilsThread] ERROR pipeline.SCMPipelineManager (Scheduler.java:lambda$schedule$1(70)) - Destroy pipeline failed for pipeline:Pipeline[ Id: 9b5330a7-e06f-4957-8ee5-89364a117de9, Nodes: 2a454ec2-3cfa-49cf-9003-841835eb2002{ip: 192.168.151.92, host: pr-hdds-2139-j8dx6-1450124282, networkLocation: /default-rack, certSerialId: null}f255fb19-c941-42ad-8caf-606d85b027b3{ip: 192.168.151.92, host: pr-hdds-2139-j8dx6-1450124282, networkLocation: /default-rack, certSerialId: null}fb5c35a7-52ed-48ed-856a-22aafd4627bf{ip: 192.168.151.92, host: pr-hdds-2139-j8dx6-1450124282, networkLocation: /default-rack, certSerialId: null}, Type:RATIS, Factor:THREE, State:CLOSED]
org.apache.hadoop.hdds.scm.pipeline.PipelineNotFoundException: PipelineID=9b5330a7-e06f-4957-8ee5-89364a117de9 not found
	at org.apache.hadoop.hdds.scm.pipeline.PipelineStateMap.getPipeline(PipelineStateMap.java:132)
	at org.apache.hadoop.hdds.scm.pipeline.PipelineStateMap.removePipeline(PipelineStateMap.java:322)
	at org.apache.hadoop.hdds.scm.pipeline.PipelineStateManager.removePipeline(PipelineStateManager.java:107)
	at org.apache.hadoop.hdds.scm.pipeline.SCMPipelineManager.removePipeline(SCMPipelineManager.java:423)
	at org.apache.hadoop.hdds.scm.pipeline.SCMPipelineManager.destroyPipeline(SCMPipelineManager.java:409)
	at org.apache.hadoop.hdds.scm.pipeline.SCMPipelineManager.lambda$finalizeAndDestroyPipeline$0(SCMPipelineManager.java:318)
	at org.apache.hadoop.utils.Scheduler.lambda$schedule$1(Scheduler.java:68)
	at java.util.concurrent.Executors$RunnableAdapter.call(Executors.java:511)
	at java.util.concurrent.FutureTask.run(FutureTask.java:266)
	at java.util.concurrent.ScheduledThreadPoolExecutor$ScheduledFutureTask.access$201(ScheduledThreadPoolExecutor.java:180)
	at java.util.concurrent.ScheduledThreadPoolExecutor$ScheduledFutureTask.run(ScheduledThreadPoolExecutor.java:293)
	at java.util.concurrent.ThreadPoolExecutor.runWorker(ThreadPoolExecutor.java:1149)
	at java.util.concurrent.ThreadPoolExecutor$Worker.run(ThreadPoolExecutor.java:624)
	at java.lang.Thread.run(Thread.java:748)
2019-09-17 03:24:35,980 [ae9625dc-248e-414f-955f-fccc978916e7@group-ECFE57FBC26D-SegmentedRaftLogWorker] WARN  segmented.SegmentedRaftLogWorker (SegmentedRaftLogWorker.java:getFromFuture(90)) - Timeout 1/~
org.apache.ratis.protocol.TimeoutIOException: Timeout 10s: WriteLog:5: (t:1, i:5), STATEMACHINELOGENTRY, client-7FCCE946A079, cid=143-writeStateMachineData
	at org.apache.ratis.util.IOUtils.getFromFuture(IOUtils.java:87)
	at org.apache.ratis.server.raftlog.segmented.SegmentedRaftLogWorker$StateMachineDataPolicy.getFromFuture(SegmentedRaftLogWorker.java:87)
	at org.apache.ratis.server.raftlog.segmented.SegmentedRaftLogWorker$WriteLog.execute(SegmentedRaftLogWorker.java:477)
	at org.apache.ratis.server.raftlog.segmented.SegmentedRaftLogWorker.run(SegmentedRaftLogWorker.java:289)
	at java.lang.Thread.run(Thread.java:748)
Caused by: java.util.concurrent.TimeoutException
	at java.util.concurrent.CompletableFuture.timedGet(CompletableFuture.java:1771)
	at java.util.concurrent.CompletableFuture.get(CompletableFuture.java:1915)
	at org.apache.ratis.util.IOUtils.getFromFuture(IOUtils.java:79)
	... 4 more
2019-09-17 03:24:36,165 [grpc-default-executor-2] INFO  client.GrpcClientProtocolClient (GrpcClientProtocolClient.java:onNext(264)) - client-7FCCE946A079->12c7e022-5f96-4d2f-bd6c-0cb832bfe0bc: receive RaftClientReply:client-7FCCE946A079->12c7e022-5f96-4d2f-bd6c-0cb832bfe0bc@group-ECFE57FBC26D, cid=143, FAILED org.apache.ratis.protocol.NotLeaderException: Server 12c7e022-5f96-4d2f-bd6c-0cb832bfe0bc@group-ECFE57FBC26D is not the leader ae9625dc-248e-414f-955f-fccc978916e7:192.168.151.92:37052, logIndex=0, commits[12c7e022-5f96-4d2f-bd6c-0cb832bfe0bc:c4, ae9625dc-248e-414f-955f-fccc978916e7:c4, 1b957291-fe5b-420e-96dd-cc603eda7741:c3]
2019-09-17 03:24:36,293 [1b957291-fe5b-420e-96dd-cc603eda7741@group-ECFE57FBC26D-SegmentedRaftLogWorker] WARN  segmented.SegmentedRaftLogWorker (SegmentedRaftLogWorker.java:getFromFuture(90)) - Timeout 1/~
org.apache.ratis.protocol.TimeoutIOException: Timeout 10s: WriteLog:6: (t:1, i:6), STATEMACHINELOGENTRY, client-7FCCE946A079, cid=144-writeStateMachineData
	at org.apache.ratis.util.IOUtils.getFromFuture(IOUtils.java:87)
	at org.apache.ratis.server.raftlog.segmented.SegmentedRaftLogWorker$StateMachineDataPolicy.getFromFuture(SegmentedRaftLogWorker.java:87)
	at org.apache.ratis.server.raftlog.segmented.SegmentedRaftLogWorker$WriteLog.execute(SegmentedRaftLogWorker.java:477)
	at org.apache.ratis.server.raftlog.segmented.SegmentedRaftLogWorker.run(SegmentedRaftLogWorker.java:289)
	at java.lang.Thread.run(Thread.java:748)
Caused by: java.util.concurrent.TimeoutException
	at java.util.concurrent.CompletableFuture.timedGet(CompletableFuture.java:1771)
	at java.util.concurrent.CompletableFuture.get(CompletableFuture.java:1915)
	at org.apache.ratis.util.IOUtils.getFromFuture(IOUtils.java:79)
	... 4 more
2019-09-17 03:24:36,293 [12c7e022-5f96-4d2f-bd6c-0cb832bfe0bc@group-ECFE57FBC26D-SegmentedRaftLogWorker] WARN  segmented.SegmentedRaftLogWorker (SegmentedRaftLogWorker.java:getFromFuture(90)) - Timeout 1/~
org.apache.ratis.protocol.TimeoutIOException: Timeout 10s: WriteLog:8: (t:1, i:8), STATEMACHINELOGENTRY, client-7FCCE946A079, cid=146-writeStateMachineData
	at org.apache.ratis.util.IOUtils.getFromFuture(IOUtils.java:87)
	at org.apache.ratis.server.raftlog.segmented.SegmentedRaftLogWorker$StateMachineDataPolicy.getFromFuture(SegmentedRaftLogWorker.java:87)
	at org.apache.ratis.server.raftlog.segmented.SegmentedRaftLogWorker$WriteLog.execute(SegmentedRaftLogWorker.java:477)
	at org.apache.ratis.server.raftlog.segmented.SegmentedRaftLogWorker.run(SegmentedRaftLogWorker.java:289)
	at java.lang.Thread.run(Thread.java:748)
Caused by: java.util.concurrent.TimeoutException
	at java.util.concurrent.CompletableFuture.timedGet(CompletableFuture.java:1771)
	at java.util.concurrent.CompletableFuture.get(CompletableFuture.java:1915)
	at org.apache.ratis.util.IOUtils.getFromFuture(IOUtils.java:79)
	... 4 more
2019-09-17 03:24:36,487 [java.util.concurrent.ThreadPoolExecutor$Worker@c80a20e[State = -1, empty queue]] WARN  server.GrpcLogAppender (GrpcLogAppender.java:timeoutAppendRequest(200)) - ae9625dc-248e-414f-955f-fccc978916e7@group-ECFE57FBC26D->1b957291-fe5b-420e-96dd-cc603eda7741-GrpcLogAppender: appendEntries Timeout, request=ae9625dc-248e-414f-955f-fccc978916e7->1b957291-fe5b-420e-96dd-cc603eda7741#90-t1, previous=(t:1, i:10), leaderCommit=4, initializing? false, entries: <empty>
2019-09-17 03:24:36,487 [java.util.concurrent.ThreadPoolExecutor$Worker@65c2b252[State = -1, empty queue]] WARN  server.GrpcLogAppender (GrpcLogAppender.java:timeoutAppendRequest(200)) - ae9625dc-248e-414f-955f-fccc978916e7@group-ECFE57FBC26D->12c7e022-5f96-4d2f-bd6c-0cb832bfe0bc-GrpcLogAppender: appendEntries Timeout, request=ae9625dc-248e-414f-955f-fccc978916e7->12c7e022-5f96-4d2f-bd6c-0cb832bfe0bc#90-t1, previous=(t:1, i:10), leaderCommit=4, initializing? false, entries: <empty>
2019-09-17 03:24:37,624 [grpc-default-executor-2] INFO  impl.RaftServerProxy (RaftServerProxy.java:remove(95)) - 2a454ec2-3cfa-49cf-9003-841835eb2002: remove group-89364A117DE9:null
2019-09-17 03:24:37,628 [RatisPipelineUtilsThread] WARN  pipeline.RatisPipelineUtils (RatisPipelineUtils.java:destroyPipeline(66)) - Pipeline destroy failed for pipeline=PipelineID=9b5330a7-e06f-4957-8ee5-89364a117de9 dn=2a454ec2-3cfa-49cf-9003-841835eb2002{ip: 192.168.151.92, host: pr-hdds-2139-j8dx6-1450124282, networkLocation: /default-rack, certSerialId: null}
2019-09-17 03:24:37,631 [grpc-default-executor-2] INFO  impl.RaftServerProxy (RaftServerProxy.java:remove(95)) - f255fb19-c941-42ad-8caf-606d85b027b3: remove group-89364A117DE9:null
2019-09-17 03:24:37,632 [RatisPipelineUtilsThread] WARN  pipeline.RatisPipelineUtils (RatisPipelineUtils.java:destroyPipeline(66)) - Pipeline destroy failed for pipeline=PipelineID=9b5330a7-e06f-4957-8ee5-89364a117de9 dn=f255fb19-c941-42ad-8caf-606d85b027b3{ip: 192.168.151.92, host: pr-hdds-2139-j8dx6-1450124282, networkLocation: /default-rack, certSerialId: null}
2019-09-17 03:24:37,634 [grpc-default-executor-2] INFO  impl.RaftServerProxy (RaftServerProxy.java:remove(95)) - fb5c35a7-52ed-48ed-856a-22aafd4627bf: remove group-89364A117DE9:null
2019-09-17 03:24:37,636 [RatisPipelineUtilsThread] WARN  pipeline.RatisPipelineUtils (RatisPipelineUtils.java:destroyPipeline(66)) - Pipeline destroy failed for pipeline=PipelineID=9b5330a7-e06f-4957-8ee5-89364a117de9 dn=fb5c35a7-52ed-48ed-856a-22aafd4627bf{ip: 192.168.151.92, host: pr-hdds-2139-j8dx6-1450124282, networkLocation: /default-rack, certSerialId: null}
2019-09-17 03:24:37,637 [RatisPipelineUtilsThread] ERROR pipeline.SCMPipelineManager (Scheduler.java:lambda$schedule$1(70)) - Destroy pipeline failed for pipeline:Pipeline[ Id: 9b5330a7-e06f-4957-8ee5-89364a117de9, Nodes: 2a454ec2-3cfa-49cf-9003-841835eb2002{ip: 192.168.151.92, host: pr-hdds-2139-j8dx6-1450124282, networkLocation: /default-rack, certSerialId: null}f255fb19-c941-42ad-8caf-606d85b027b3{ip: 192.168.151.92, host: pr-hdds-2139-j8dx6-1450124282, networkLocation: /default-rack, certSerialId: null}fb5c35a7-52ed-48ed-856a-22aafd4627bf{ip: 192.168.151.92, host: pr-hdds-2139-j8dx6-1450124282, networkLocation: /default-rack, certSerialId: null}, Type:RATIS, Factor:THREE, State:CLOSED]
org.apache.hadoop.hdds.scm.pipeline.PipelineNotFoundException: PipelineID=9b5330a7-e06f-4957-8ee5-89364a117de9 not found
	at org.apache.hadoop.hdds.scm.pipeline.PipelineStateMap.getPipeline(PipelineStateMap.java:132)
	at org.apache.hadoop.hdds.scm.pipeline.PipelineStateMap.removePipeline(PipelineStateMap.java:322)
	at org.apache.hadoop.hdds.scm.pipeline.PipelineStateManager.removePipeline(PipelineStateManager.java:107)
	at org.apache.hadoop.hdds.scm.pipeline.SCMPipelineManager.removePipeline(SCMPipelineManager.java:423)
	at org.apache.hadoop.hdds.scm.pipeline.SCMPipelineManager.destroyPipeline(SCMPipelineManager.java:409)
	at org.apache.hadoop.hdds.scm.pipeline.SCMPipelineManager.lambda$finalizeAndDestroyPipeline$0(SCMPipelineManager.java:318)
	at org.apache.hadoop.utils.Scheduler.lambda$schedule$1(Scheduler.java:68)
	at java.util.concurrent.Executors$RunnableAdapter.call(Executors.java:511)
	at java.util.concurrent.FutureTask.run(FutureTask.java:266)
	at java.util.concurrent.ScheduledThreadPoolExecutor$ScheduledFutureTask.access$201(ScheduledThreadPoolExecutor.java:180)
	at java.util.concurrent.ScheduledThreadPoolExecutor$ScheduledFutureTask.run(ScheduledThreadPoolExecutor.java:293)
	at java.util.concurrent.ThreadPoolExecutor.runWorker(ThreadPoolExecutor.java:1149)
	at java.util.concurrent.ThreadPoolExecutor$Worker.run(ThreadPoolExecutor.java:624)
	at java.lang.Thread.run(Thread.java:748)
2019-09-17 03:24:38,988 [java.util.concurrent.ThreadPoolExecutor$Worker@c80a20e[State = -1, empty queue]] WARN  server.GrpcLogAppender (GrpcLogAppender.java:timeoutAppendRequest(200)) - ae9625dc-248e-414f-955f-fccc978916e7@group-ECFE57FBC26D->1b957291-fe5b-420e-96dd-cc603eda7741-GrpcLogAppender: appendEntries Timeout, request=ae9625dc-248e-414f-955f-fccc978916e7->1b957291-fe5b-420e-96dd-cc603eda7741#91-t1, previous=(t:1, i:10), leaderCommit=4, initializing? false, entries: <empty>
2019-09-17 03:24:38,988 [java.util.concurrent.ThreadPoolExecutor$Worker@65c2b252[State = -1, empty queue]] WARN  server.GrpcLogAppender (GrpcLogAppender.java:timeoutAppendRequest(200)) - ae9625dc-248e-414f-955f-fccc978916e7@group-ECFE57FBC26D->12c7e022-5f96-4d2f-bd6c-0cb832bfe0bc-GrpcLogAppender: appendEntries Timeout, request=ae9625dc-248e-414f-955f-fccc978916e7->12c7e022-5f96-4d2f-bd6c-0cb832bfe0bc#91-t1, previous=(t:1, i:10), leaderCommit=4, initializing? false, entries: <empty>
2019-09-17 03:24:39,620 [grpc-default-executor-3] INFO  impl.RaftServerProxy (RaftServerProxy.java:remove(95)) - 2a454ec2-3cfa-49cf-9003-841835eb2002: remove group-89364A117DE9:null
2019-09-17 03:24:39,624 [RatisPipelineUtilsThread] WARN  pipeline.RatisPipelineUtils (RatisPipelineUtils.java:destroyPipeline(66)) - Pipeline destroy failed for pipeline=PipelineID=9b5330a7-e06f-4957-8ee5-89364a117de9 dn=2a454ec2-3cfa-49cf-9003-841835eb2002{ip: 192.168.151.92, host: pr-hdds-2139-j8dx6-1450124282, networkLocation: /default-rack, certSerialId: null}
2019-09-17 03:24:39,627 [grpc-default-executor-3] INFO  impl.RaftServerProxy (RaftServerProxy.java:remove(95)) - f255fb19-c941-42ad-8caf-606d85b027b3: remove group-89364A117DE9:null
2019-09-17 03:24:39,629 [RatisPipelineUtilsThread] WARN  pipeline.RatisPipelineUtils (RatisPipelineUtils.java:destroyPipeline(66)) - Pipeline destroy failed for pipeline=PipelineID=9b5330a7-e06f-4957-8ee5-89364a117de9 dn=f255fb19-c941-42ad-8caf-606d85b027b3{ip: 192.168.151.92, host: pr-hdds-2139-j8dx6-1450124282, networkLocation: /default-rack, certSerialId: null}
2019-09-17 03:24:39,631 [grpc-default-executor-3] INFO  impl.RaftServerProxy (RaftServerProxy.java:remove(95)) - fb5c35a7-52ed-48ed-856a-22aafd4627bf: remove group-89364A117DE9:null
2019-09-17 03:24:39,634 [RatisPipelineUtilsThread] WARN  pipeline.RatisPipelineUtils (RatisPipelineUtils.java:destroyPipeline(66)) - Pipeline destroy failed for pipeline=PipelineID=9b5330a7-e06f-4957-8ee5-89364a117de9 dn=fb5c35a7-52ed-48ed-856a-22aafd4627bf{ip: 192.168.151.92, host: pr-hdds-2139-j8dx6-1450124282, networkLocation: /default-rack, certSerialId: null}
2019-09-17 03:24:39,634 [RatisPipelineUtilsThread] ERROR pipeline.SCMPipelineManager (Scheduler.java:lambda$schedule$1(70)) - Destroy pipeline failed for pipeline:Pipeline[ Id: 9b5330a7-e06f-4957-8ee5-89364a117de9, Nodes: 2a454ec2-3cfa-49cf-9003-841835eb2002{ip: 192.168.151.92, host: pr-hdds-2139-j8dx6-1450124282, networkLocation: /default-rack, certSerialId: null}f255fb19-c941-42ad-8caf-606d85b027b3{ip: 192.168.151.92, host: pr-hdds-2139-j8dx6-1450124282, networkLocation: /default-rack, certSerialId: null}fb5c35a7-52ed-48ed-856a-22aafd4627bf{ip: 192.168.151.92, host: pr-hdds-2139-j8dx6-1450124282, networkLocation: /default-rack, certSerialId: null}, Type:RATIS, Factor:THREE, State:CLOSED]
org.apache.hadoop.hdds.scm.pipeline.PipelineNotFoundException: PipelineID=9b5330a7-e06f-4957-8ee5-89364a117de9 not found
	at org.apache.hadoop.hdds.scm.pipeline.PipelineStateMap.getPipeline(PipelineStateMap.java:132)
	at org.apache.hadoop.hdds.scm.pipeline.PipelineStateMap.removePipeline(PipelineStateMap.java:322)
	at org.apache.hadoop.hdds.scm.pipeline.PipelineStateManager.removePipeline(PipelineStateManager.java:107)
	at org.apache.hadoop.hdds.scm.pipeline.SCMPipelineManager.removePipeline(SCMPipelineManager.java:423)
	at org.apache.hadoop.hdds.scm.pipeline.SCMPipelineManager.destroyPipeline(SCMPipelineManager.java:409)
	at org.apache.hadoop.hdds.scm.pipeline.SCMPipelineManager.lambda$finalizeAndDestroyPipeline$0(SCMPipelineManager.java:318)
	at org.apache.hadoop.utils.Scheduler.lambda$schedule$1(Scheduler.java:68)
	at java.util.concurrent.Executors$RunnableAdapter.call(Executors.java:511)
	at java.util.concurrent.FutureTask.run(FutureTask.java:266)
	at java.util.concurrent.ScheduledThreadPoolExecutor$ScheduledFutureTask.access$201(ScheduledThreadPoolExecutor.java:180)
	at java.util.concurrent.ScheduledThreadPoolExecutor$ScheduledFutureTask.run(ScheduledThreadPoolExecutor.java:293)
	at java.util.concurrent.ThreadPoolExecutor.runWorker(ThreadPoolExecutor.java:1149)
	at java.util.concurrent.ThreadPoolExecutor$Worker.run(ThreadPoolExecutor.java:624)
	at java.lang.Thread.run(Thread.java:748)
2019-09-17 03:24:41,220 [grpc-default-executor-3] INFO  client.GrpcClientProtocolClient (GrpcClientProtocolClient.java:onNext(264)) - client-7FCCE946A079->1b957291-fe5b-420e-96dd-cc603eda7741: receive RaftClientReply:client-7FCCE946A079->1b957291-fe5b-420e-96dd-cc603eda7741@group-ECFE57FBC26D, cid=143, FAILED org.apache.ratis.protocol.NotLeaderException: Server 1b957291-fe5b-420e-96dd-cc603eda7741@group-ECFE57FBC26D is not the leader ae9625dc-248e-414f-955f-fccc978916e7:192.168.151.92:37052, logIndex=0, commits[1b957291-fe5b-420e-96dd-cc603eda7741:c4, ae9625dc-248e-414f-955f-fccc978916e7:c4, 12c7e022-5f96-4d2f-bd6c-0cb832bfe0bc:c3]
2019-09-17 03:24:41,488 [java.util.concurrent.ThreadPoolExecutor$Worker@65c2b252[State = -1, empty queue]] WARN  server.GrpcLogAppender (GrpcLogAppender.java:timeoutAppendRequest(200)) - ae9625dc-248e-414f-955f-fccc978916e7@group-ECFE57FBC26D->12c7e022-5f96-4d2f-bd6c-0cb832bfe0bc-GrpcLogAppender: appendEntries Timeout, request=ae9625dc-248e-414f-955f-fccc978916e7->12c7e022-5f96-4d2f-bd6c-0cb832bfe0bc#92-t1, previous=(t:1, i:10), leaderCommit=4, initializing? false, entries: <empty>
2019-09-17 03:24:41,488 [java.util.concurrent.ThreadPoolExecutor$Worker@c80a20e[State = -1, empty queue]] WARN  server.GrpcLogAppender (GrpcLogAppender.java:timeoutAppendRequest(200)) - ae9625dc-248e-414f-955f-fccc978916e7@group-ECFE57FBC26D->1b957291-fe5b-420e-96dd-cc603eda7741-GrpcLogAppender: appendEntries Timeout, request=ae9625dc-248e-414f-955f-fccc978916e7->1b957291-fe5b-420e-96dd-cc603eda7741#92-t1, previous=(t:1, i:10), leaderCommit=4, initializing? false, entries: <empty>
2019-09-17 03:24:42,619 [grpc-default-executor-2] INFO  impl.RaftServerProxy (RaftServerProxy.java:remove(95)) - 2a454ec2-3cfa-49cf-9003-841835eb2002: remove group-89364A117DE9:null
2019-09-17 03:24:42,623 [RatisPipelineUtilsThread] WARN  pipeline.RatisPipelineUtils (RatisPipelineUtils.java:destroyPipeline(66)) - Pipeline destroy failed for pipeline=PipelineID=9b5330a7-e06f-4957-8ee5-89364a117de9 dn=2a454ec2-3cfa-49cf-9003-841835eb2002{ip: 192.168.151.92, host: pr-hdds-2139-j8dx6-1450124282, networkLocation: /default-rack, certSerialId: null}
2019-09-17 03:24:42,626 [grpc-default-executor-2] INFO  impl.RaftServerProxy (RaftServerProxy.java:remove(95)) - f255fb19-c941-42ad-8caf-606d85b027b3: remove group-89364A117DE9:null
2019-09-17 03:24:42,628 [RatisPipelineUtilsThread] WARN  pipeline.RatisPipelineUtils (RatisPipelineUtils.java:destroyPipeline(66)) - Pipeline destroy failed for pipeline=PipelineID=9b5330a7-e06f-4957-8ee5-89364a117de9 dn=f255fb19-c941-42ad-8caf-606d85b027b3{ip: 192.168.151.92, host: pr-hdds-2139-j8dx6-1450124282, networkLocation: /default-rack, certSerialId: null}
2019-09-17 03:24:42,630 [grpc-default-executor-2] INFO  impl.RaftServerProxy (RaftServerProxy.java:remove(95)) - fb5c35a7-52ed-48ed-856a-22aafd4627bf: remove group-89364A117DE9:null
2019-09-17 03:24:42,632 [RatisPipelineUtilsThread] WARN  pipeline.RatisPipelineUtils (RatisPipelineUtils.java:destroyPipeline(66)) - Pipeline destroy failed for pipeline=PipelineID=9b5330a7-e06f-4957-8ee5-89364a117de9 dn=fb5c35a7-52ed-48ed-856a-22aafd4627bf{ip: 192.168.151.92, host: pr-hdds-2139-j8dx6-1450124282, networkLocation: /default-rack, certSerialId: null}
2019-09-17 03:24:42,633 [RatisPipelineUtilsThread] ERROR pipeline.SCMPipelineManager (Scheduler.java:lambda$schedule$1(70)) - Destroy pipeline failed for pipeline:Pipeline[ Id: 9b5330a7-e06f-4957-8ee5-89364a117de9, Nodes: 2a454ec2-3cfa-49cf-9003-841835eb2002{ip: 192.168.151.92, host: pr-hdds-2139-j8dx6-1450124282, networkLocation: /default-rack, certSerialId: null}f255fb19-c941-42ad-8caf-606d85b027b3{ip: 192.168.151.92, host: pr-hdds-2139-j8dx6-1450124282, networkLocation: /default-rack, certSerialId: null}fb5c35a7-52ed-48ed-856a-22aafd4627bf{ip: 192.168.151.92, host: pr-hdds-2139-j8dx6-1450124282, networkLocation: /default-rack, certSerialId: null}, Type:RATIS, Factor:THREE, State:CLOSED]
org.apache.hadoop.hdds.scm.pipeline.PipelineNotFoundException: PipelineID=9b5330a7-e06f-4957-8ee5-89364a117de9 not found
	at org.apache.hadoop.hdds.scm.pipeline.PipelineStateMap.getPipeline(PipelineStateMap.java:132)
	at org.apache.hadoop.hdds.scm.pipeline.PipelineStateMap.removePipeline(PipelineStateMap.java:322)
	at org.apache.hadoop.hdds.scm.pipeline.PipelineStateManager.removePipeline(PipelineStateManager.java:107)
	at org.apache.hadoop.hdds.scm.pipeline.SCMPipelineManager.removePipeline(SCMPipelineManager.java:423)
	at org.apache.hadoop.hdds.scm.pipeline.SCMPipelineManager.destroyPipeline(SCMPipelineManager.java:409)
	at org.apache.hadoop.hdds.scm.pipeline.SCMPipelineManager.lambda$finalizeAndDestroyPipeline$0(SCMPipelineManager.java:318)
	at org.apache.hadoop.utils.Scheduler.lambda$schedule$1(Scheduler.java:68)
	at java.util.concurrent.Executors$RunnableAdapter.call(Executors.java:511)
	at java.util.concurrent.FutureTask.run(FutureTask.java:266)
	at java.util.concurrent.ScheduledThreadPoolExecutor$ScheduledFutureTask.access$201(ScheduledThreadPoolExecutor.java:180)
	at java.util.concurrent.ScheduledThreadPoolExecutor$ScheduledFutureTask.run(ScheduledThreadPoolExecutor.java:293)
	at java.util.concurrent.ThreadPoolExecutor.runWorker(ThreadPoolExecutor.java:1149)
	at java.util.concurrent.ThreadPoolExecutor$Worker.run(ThreadPoolExecutor.java:624)
	at java.lang.Thread.run(Thread.java:748)
2019-09-17 03:24:43,988 [java.util.concurrent.ThreadPoolExecutor$Worker@c80a20e[State = -1, empty queue]] WARN  server.GrpcLogAppender (GrpcLogAppender.java:timeoutAppendRequest(200)) - ae9625dc-248e-414f-955f-fccc978916e7@group-ECFE57FBC26D->1b957291-fe5b-420e-96dd-cc603eda7741-GrpcLogAppender: appendEntries Timeout, request=ae9625dc-248e-414f-955f-fccc978916e7->1b957291-fe5b-420e-96dd-cc603eda7741#93-t1, previous=(t:1, i:10), leaderCommit=4, initializing? false, entries: <empty>
2019-09-17 03:24:43,988 [java.util.concurrent.ThreadPoolExecutor$Worker@65c2b252[State = -1, empty queue]] WARN  server.GrpcLogAppender (GrpcLogAppender.java:timeoutAppendRequest(200)) - ae9625dc-248e-414f-955f-fccc978916e7@group-ECFE57FBC26D->12c7e022-5f96-4d2f-bd6c-0cb832bfe0bc-GrpcLogAppender: appendEntries Timeout, request=ae9625dc-248e-414f-955f-fccc978916e7->12c7e022-5f96-4d2f-bd6c-0cb832bfe0bc#93-t1, previous=(t:1, i:10), leaderCommit=4, initializing? false, entries: <empty>
2019-09-17 03:24:44,620 [grpc-default-executor-3] INFO  impl.RaftServerProxy (RaftServerProxy.java:remove(95)) - 2a454ec2-3cfa-49cf-9003-841835eb2002: remove group-89364A117DE9:null
2019-09-17 03:24:44,624 [RatisPipelineUtilsThread] WARN  pipeline.RatisPipelineUtils (RatisPipelineUtils.java:destroyPipeline(66)) - Pipeline destroy failed for pipeline=PipelineID=9b5330a7-e06f-4957-8ee5-89364a117de9 dn=2a454ec2-3cfa-49cf-9003-841835eb2002{ip: 192.168.151.92, host: pr-hdds-2139-j8dx6-1450124282, networkLocation: /default-rack, certSerialId: null}
2019-09-17 03:24:44,627 [grpc-default-executor-3] INFO  impl.RaftServerProxy (RaftServerProxy.java:remove(95)) - f255fb19-c941-42ad-8caf-606d85b027b3: remove group-89364A117DE9:null
2019-09-17 03:24:44,629 [RatisPipelineUtilsThread] WARN  pipeline.RatisPipelineUtils (RatisPipelineUtils.java:destroyPipeline(66)) - Pipeline destroy failed for pipeline=PipelineID=9b5330a7-e06f-4957-8ee5-89364a117de9 dn=f255fb19-c941-42ad-8caf-606d85b027b3{ip: 192.168.151.92, host: pr-hdds-2139-j8dx6-1450124282, networkLocation: /default-rack, certSerialId: null}
2019-09-17 03:24:44,632 [grpc-default-executor-3] INFO  impl.RaftServerProxy (RaftServerProxy.java:remove(95)) - fb5c35a7-52ed-48ed-856a-22aafd4627bf: remove group-89364A117DE9:null
2019-09-17 03:24:44,635 [RatisPipelineUtilsThread] WARN  pipeline.RatisPipelineUtils (RatisPipelineUtils.java:destroyPipeline(66)) - Pipeline destroy failed for pipeline=PipelineID=9b5330a7-e06f-4957-8ee5-89364a117de9 dn=fb5c35a7-52ed-48ed-856a-22aafd4627bf{ip: 192.168.151.92, host: pr-hdds-2139-j8dx6-1450124282, networkLocation: /default-rack, certSerialId: null}
2019-09-17 03:24:44,635 [RatisPipelineUtilsThread] ERROR pipeline.SCMPipelineManager (Scheduler.java:lambda$schedule$1(70)) - Destroy pipeline failed for pipeline:Pipeline[ Id: 9b5330a7-e06f-4957-8ee5-89364a117de9, Nodes: 2a454ec2-3cfa-49cf-9003-841835eb2002{ip: 192.168.151.92, host: pr-hdds-2139-j8dx6-1450124282, networkLocation: /default-rack, certSerialId: null}f255fb19-c941-42ad-8caf-606d85b027b3{ip: 192.168.151.92, host: pr-hdds-2139-j8dx6-1450124282, networkLocation: /default-rack, certSerialId: null}fb5c35a7-52ed-48ed-856a-22aafd4627bf{ip: 192.168.151.92, host: pr-hdds-2139-j8dx6-1450124282, networkLocation: /default-rack, certSerialId: null}, Type:RATIS, Factor:THREE, State:CLOSED]
org.apache.hadoop.hdds.scm.pipeline.PipelineNotFoundException: PipelineID=9b5330a7-e06f-4957-8ee5-89364a117de9 not found
	at org.apache.hadoop.hdds.scm.pipeline.PipelineStateMap.getPipeline(PipelineStateMap.java:132)
	at org.apache.hadoop.hdds.scm.pipeline.PipelineStateMap.removePipeline(PipelineStateMap.java:322)
	at org.apache.hadoop.hdds.scm.pipeline.PipelineStateManager.removePipeline(PipelineStateManager.java:107)
	at org.apache.hadoop.hdds.scm.pipeline.SCMPipelineManager.removePipeline(SCMPipelineManager.java:423)
	at org.apache.hadoop.hdds.scm.pipeline.SCMPipelineManager.destroyPipeline(SCMPipelineManager.java:409)
	at org.apache.hadoop.hdds.scm.pipeline.SCMPipelineManager.lambda$finalizeAndDestroyPipeline$0(SCMPipelineManager.java:318)
	at org.apache.hadoop.utils.Scheduler.lambda$schedule$1(Scheduler.java:68)
	at java.util.concurrent.Executors$RunnableAdapter.call(Executors.java:511)
	at java.util.concurrent.FutureTask.run(FutureTask.java:266)
	at java.util.concurrent.ScheduledThreadPoolExecutor$ScheduledFutureTask.access$201(ScheduledThreadPoolExecutor.java:180)
	at java.util.concurrent.ScheduledThreadPoolExecutor$ScheduledFutureTask.run(ScheduledThreadPoolExecutor.java:293)
	at java.util.concurrent.ThreadPoolExecutor.runWorker(ThreadPoolExecutor.java:1149)
	at java.util.concurrent.ThreadPoolExecutor$Worker.run(ThreadPoolExecutor.java:624)
	at java.lang.Thread.run(Thread.java:748)
2019-09-17 03:24:45,981 [ae9625dc-248e-414f-955f-fccc978916e7@group-ECFE57FBC26D-SegmentedRaftLogWorker] WARN  segmented.SegmentedRaftLogWorker (SegmentedRaftLogWorker.java:getFromFuture(90)) - Timeout 2/~
org.apache.ratis.protocol.TimeoutIOException: Timeout 10s: WriteLog:5: (t:1, i:5), STATEMACHINELOGENTRY, client-7FCCE946A079, cid=143-writeStateMachineData
	at org.apache.ratis.util.IOUtils.getFromFuture(IOUtils.java:87)
	at org.apache.ratis.server.raftlog.segmented.SegmentedRaftLogWorker$StateMachineDataPolicy.getFromFuture(SegmentedRaftLogWorker.java:87)
	at org.apache.ratis.server.raftlog.segmented.SegmentedRaftLogWorker$WriteLog.execute(SegmentedRaftLogWorker.java:477)
	at org.apache.ratis.server.raftlog.segmented.SegmentedRaftLogWorker.run(SegmentedRaftLogWorker.java:289)
	at java.lang.Thread.run(Thread.java:748)
Caused by: java.util.concurrent.TimeoutException
	at java.util.concurrent.CompletableFuture.timedGet(CompletableFuture.java:1771)
	at java.util.concurrent.CompletableFuture.get(CompletableFuture.java:1915)
	at org.apache.ratis.util.IOUtils.getFromFuture(IOUtils.java:79)
	... 4 more
2019-09-17 03:24:46,264 [grpc-default-executor-2] INFO  client.GrpcClientProtocolClient (GrpcClientProtocolClient.java:onNext(264)) - client-7FCCE946A079->12c7e022-5f96-4d2f-bd6c-0cb832bfe0bc: receive RaftClientReply:client-7FCCE946A079->12c7e022-5f96-4d2f-bd6c-0cb832bfe0bc@group-ECFE57FBC26D, cid=143, FAILED org.apache.ratis.protocol.NotLeaderException: Server 12c7e022-5f96-4d2f-bd6c-0cb832bfe0bc@group-ECFE57FBC26D is not the leader ae9625dc-248e-414f-955f-fccc978916e7:192.168.151.92:37052, logIndex=0, commits[12c7e022-5f96-4d2f-bd6c-0cb832bfe0bc:c4, ae9625dc-248e-414f-955f-fccc978916e7:c4, 1b957291-fe5b-420e-96dd-cc603eda7741:c3]
2019-09-17 03:24:46,293 [1b957291-fe5b-420e-96dd-cc603eda7741@group-ECFE57FBC26D-SegmentedRaftLogWorker] WARN  segmented.SegmentedRaftLogWorker (SegmentedRaftLogWorker.java:getFromFuture(90)) - Timeout 2/~
org.apache.ratis.protocol.TimeoutIOException: Timeout 10s: WriteLog:6: (t:1, i:6), STATEMACHINELOGENTRY, client-7FCCE946A079, cid=144-writeStateMachineData
	at org.apache.ratis.util.IOUtils.getFromFuture(IOUtils.java:87)
	at org.apache.ratis.server.raftlog.segmented.SegmentedRaftLogWorker$StateMachineDataPolicy.getFromFuture(SegmentedRaftLogWorker.java:87)
	at org.apache.ratis.server.raftlog.segmented.SegmentedRaftLogWorker$WriteLog.execute(SegmentedRaftLogWorker.java:477)
	at org.apache.ratis.server.raftlog.segmented.SegmentedRaftLogWorker.run(SegmentedRaftLogWorker.java:289)
	at java.lang.Thread.run(Thread.java:748)
Caused by: java.util.concurrent.TimeoutException
	at java.util.concurrent.CompletableFuture.timedGet(CompletableFuture.java:1771)
	at java.util.concurrent.CompletableFuture.get(CompletableFuture.java:1915)
	at org.apache.ratis.util.IOUtils.getFromFuture(IOUtils.java:79)
	... 4 more
2019-09-17 03:24:46,294 [12c7e022-5f96-4d2f-bd6c-0cb832bfe0bc@group-ECFE57FBC26D-SegmentedRaftLogWorker] WARN  segmented.SegmentedRaftLogWorker (SegmentedRaftLogWorker.java:getFromFuture(90)) - Timeout 2/~
org.apache.ratis.protocol.TimeoutIOException: Timeout 10s: WriteLog:8: (t:1, i:8), STATEMACHINELOGENTRY, client-7FCCE946A079, cid=146-writeStateMachineData
	at org.apache.ratis.util.IOUtils.getFromFuture(IOUtils.java:87)
	at org.apache.ratis.server.raftlog.segmented.SegmentedRaftLogWorker$StateMachineDataPolicy.getFromFuture(SegmentedRaftLogWorker.java:87)
	at org.apache.ratis.server.raftlog.segmented.SegmentedRaftLogWorker$WriteLog.execute(SegmentedRaftLogWorker.java:477)
	at org.apache.ratis.server.raftlog.segmented.SegmentedRaftLogWorker.run(SegmentedRaftLogWorker.java:289)
	at java.lang.Thread.run(Thread.java:748)
Caused by: java.util.concurrent.TimeoutException
	at java.util.concurrent.CompletableFuture.timedGet(CompletableFuture.java:1771)
	at java.util.concurrent.CompletableFuture.get(CompletableFuture.java:1915)
	at org.apache.ratis.util.IOUtils.getFromFuture(IOUtils.java:79)
	... 4 more
2019-09-17 03:24:46,489 [java.util.concurrent.ThreadPoolExecutor$Worker@65c2b252[State = -1, empty queue]] WARN  server.GrpcLogAppender (GrpcLogAppender.java:timeoutAppendRequest(200)) - ae9625dc-248e-414f-955f-fccc978916e7@group-ECFE57FBC26D->12c7e022-5f96-4d2f-bd6c-0cb832bfe0bc-GrpcLogAppender: appendEntries Timeout, request=ae9625dc-248e-414f-955f-fccc978916e7->12c7e022-5f96-4d2f-bd6c-0cb832bfe0bc#94-t1, previous=(t:1, i:10), leaderCommit=4, initializing? false, entries: <empty>
2019-09-17 03:24:46,489 [java.util.concurrent.ThreadPoolExecutor$Worker@c80a20e[State = -1, empty queue]] WARN  server.GrpcLogAppender (GrpcLogAppender.java:timeoutAppendRequest(200)) - ae9625dc-248e-414f-955f-fccc978916e7@group-ECFE57FBC26D->1b957291-fe5b-420e-96dd-cc603eda7741-GrpcLogAppender: appendEntries Timeout, request=ae9625dc-248e-414f-955f-fccc978916e7->1b957291-fe5b-420e-96dd-cc603eda7741#94-t1, previous=(t:1, i:10), leaderCommit=4, initializing? false, entries: <empty>
2019-09-17 03:24:47,617 [grpc-default-executor-2] INFO  impl.RaftServerProxy (RaftServerProxy.java:remove(95)) - 2a454ec2-3cfa-49cf-9003-841835eb2002: remove group-89364A117DE9:null
2019-09-17 03:24:47,620 [RatisPipelineUtilsThread] WARN  pipeline.RatisPipelineUtils (RatisPipelineUtils.java:destroyPipeline(66)) - Pipeline destroy failed for pipeline=PipelineID=9b5330a7-e06f-4957-8ee5-89364a117de9 dn=2a454ec2-3cfa-49cf-9003-841835eb2002{ip: 192.168.151.92, host: pr-hdds-2139-j8dx6-1450124282, networkLocation: /default-rack, certSerialId: null}
2019-09-17 03:24:47,623 [grpc-default-executor-2] INFO  impl.RaftServerProxy (RaftServerProxy.java:remove(95)) - f255fb19-c941-42ad-8caf-606d85b027b3: remove group-89364A117DE9:null
2019-09-17 03:24:47,626 [RatisPipelineUtilsThread] WARN  pipeline.RatisPipelineUtils (RatisPipelineUtils.java:destroyPipeline(66)) - Pipeline destroy failed for pipeline=PipelineID=9b5330a7-e06f-4957-8ee5-89364a117de9 dn=f255fb19-c941-42ad-8caf-606d85b027b3{ip: 192.168.151.92, host: pr-hdds-2139-j8dx6-1450124282, networkLocation: /default-rack, certSerialId: null}
2019-09-17 03:24:47,629 [grpc-default-executor-2] INFO  impl.RaftServerProxy (RaftServerProxy.java:remove(95)) - fb5c35a7-52ed-48ed-856a-22aafd4627bf: remove group-89364A117DE9:null
2019-09-17 03:24:47,631 [RatisPipelineUtilsThread] WARN  pipeline.RatisPipelineUtils (RatisPipelineUtils.java:destroyPipeline(66)) - Pipeline destroy failed for pipeline=PipelineID=9b5330a7-e06f-4957-8ee5-89364a117de9 dn=fb5c35a7-52ed-48ed-856a-22aafd4627bf{ip: 192.168.151.92, host: pr-hdds-2139-j8dx6-1450124282, networkLocation: /default-rack, certSerialId: null}
2019-09-17 03:24:47,632 [RatisPipelineUtilsThread] ERROR pipeline.SCMPipelineManager (Scheduler.java:lambda$schedule$1(70)) - Destroy pipeline failed for pipeline:Pipeline[ Id: 9b5330a7-e06f-4957-8ee5-89364a117de9, Nodes: 2a454ec2-3cfa-49cf-9003-841835eb2002{ip: 192.168.151.92, host: pr-hdds-2139-j8dx6-1450124282, networkLocation: /default-rack, certSerialId: null}f255fb19-c941-42ad-8caf-606d85b027b3{ip: 192.168.151.92, host: pr-hdds-2139-j8dx6-1450124282, networkLocation: /default-rack, certSerialId: null}fb5c35a7-52ed-48ed-856a-22aafd4627bf{ip: 192.168.151.92, host: pr-hdds-2139-j8dx6-1450124282, networkLocation: /default-rack, certSerialId: null}, Type:RATIS, Factor:THREE, State:CLOSED]
org.apache.hadoop.hdds.scm.pipeline.PipelineNotFoundException: PipelineID=9b5330a7-e06f-4957-8ee5-89364a117de9 not found
	at org.apache.hadoop.hdds.scm.pipeline.PipelineStateMap.getPipeline(PipelineStateMap.java:132)
	at org.apache.hadoop.hdds.scm.pipeline.PipelineStateMap.removePipeline(PipelineStateMap.java:322)
	at org.apache.hadoop.hdds.scm.pipeline.PipelineStateManager.removePipeline(PipelineStateManager.java:107)
	at org.apache.hadoop.hdds.scm.pipeline.SCMPipelineManager.removePipeline(SCMPipelineManager.java:423)
	at org.apache.hadoop.hdds.scm.pipeline.SCMPipelineManager.destroyPipeline(SCMPipelineManager.java:409)
	at org.apache.hadoop.hdds.scm.pipeline.SCMPipelineManager.lambda$finalizeAndDestroyPipeline$0(SCMPipelineManager.java:318)
	at org.apache.hadoop.utils.Scheduler.lambda$schedule$1(Scheduler.java:68)
	at java.util.concurrent.Executors$RunnableAdapter.call(Executors.java:511)
	at java.util.concurrent.FutureTask.run(FutureTask.java:266)
	at java.util.concurrent.ScheduledThreadPoolExecutor$ScheduledFutureTask.access$201(ScheduledThreadPoolExecutor.java:180)
	at java.util.concurrent.ScheduledThreadPoolExecutor$ScheduledFutureTask.run(ScheduledThreadPoolExecutor.java:293)
	at java.util.concurrent.ThreadPoolExecutor.runWorker(ThreadPoolExecutor.java:1149)
	at java.util.concurrent.ThreadPoolExecutor$Worker.run(ThreadPoolExecutor.java:624)
	at java.lang.Thread.run(Thread.java:748)
2019-09-17 03:24:48,989 [java.util.concurrent.ThreadPoolExecutor$Worker@65c2b252[State = -1, empty queue]] WARN  server.GrpcLogAppender (GrpcLogAppender.java:timeoutAppendRequest(200)) - ae9625dc-248e-414f-955f-fccc978916e7@group-ECFE57FBC26D->12c7e022-5f96-4d2f-bd6c-0cb832bfe0bc-GrpcLogAppender: appendEntries Timeout, request=ae9625dc-248e-414f-955f-fccc978916e7->12c7e022-5f96-4d2f-bd6c-0cb832bfe0bc#95-t1, previous=(t:1, i:10), leaderCommit=4, initializing? false, entries: <empty>
2019-09-17 03:24:48,989 [java.util.concurrent.ThreadPoolExecutor$Worker@c80a20e[State = -1, empty queue]] WARN  server.GrpcLogAppender (GrpcLogAppender.java:timeoutAppendRequest(200)) - ae9625dc-248e-414f-955f-fccc978916e7@group-ECFE57FBC26D->1b957291-fe5b-420e-96dd-cc603eda7741-GrpcLogAppender: appendEntries Timeout, request=ae9625dc-248e-414f-955f-fccc978916e7->1b957291-fe5b-420e-96dd-cc603eda7741#95-t1, previous=(t:1, i:10), leaderCommit=4, initializing? false, entries: <empty>
2019-09-17 03:24:49,617 [grpc-default-executor-3] INFO  impl.RaftServerProxy (RaftServerProxy.java:remove(95)) - 2a454ec2-3cfa-49cf-9003-841835eb2002: remove group-89364A117DE9:null
2019-09-17 03:24:49,620 [RatisPipelineUtilsThread] WARN  pipeline.RatisPipelineUtils (RatisPipelineUtils.java:destroyPipeline(66)) - Pipeline destroy failed for pipeline=PipelineID=9b5330a7-e06f-4957-8ee5-89364a117de9 dn=2a454ec2-3cfa-49cf-9003-841835eb2002{ip: 192.168.151.92, host: pr-hdds-2139-j8dx6-1450124282, networkLocation: /default-rack, certSerialId: null}
2019-09-17 03:24:49,623 [grpc-default-executor-3] INFO  impl.RaftServerProxy (RaftServerProxy.java:remove(95)) - f255fb19-c941-42ad-8caf-606d85b027b3: remove group-89364A117DE9:null
2019-09-17 03:24:49,625 [RatisPipelineUtilsThread] WARN  pipeline.RatisPipelineUtils (RatisPipelineUtils.java:destroyPipeline(66)) - Pipeline destroy failed for pipeline=PipelineID=9b5330a7-e06f-4957-8ee5-89364a117de9 dn=f255fb19-c941-42ad-8caf-606d85b027b3{ip: 192.168.151.92, host: pr-hdds-2139-j8dx6-1450124282, networkLocation: /default-rack, certSerialId: null}
2019-09-17 03:24:49,629 [grpc-default-executor-3] INFO  impl.RaftServerProxy (RaftServerProxy.java:remove(95)) - fb5c35a7-52ed-48ed-856a-22aafd4627bf: remove group-89364A117DE9:null
2019-09-17 03:24:49,631 [RatisPipelineUtilsThread] WARN  pipeline.RatisPipelineUtils (RatisPipelineUtils.java:destroyPipeline(66)) - Pipeline destroy failed for pipeline=PipelineID=9b5330a7-e06f-4957-8ee5-89364a117de9 dn=fb5c35a7-52ed-48ed-856a-22aafd4627bf{ip: 192.168.151.92, host: pr-hdds-2139-j8dx6-1450124282, networkLocation: /default-rack, certSerialId: null}
2019-09-17 03:24:49,631 [RatisPipelineUtilsThread] ERROR pipeline.SCMPipelineManager (Scheduler.java:lambda$schedule$1(70)) - Destroy pipeline failed for pipeline:Pipeline[ Id: 9b5330a7-e06f-4957-8ee5-89364a117de9, Nodes: 2a454ec2-3cfa-49cf-9003-841835eb2002{ip: 192.168.151.92, host: pr-hdds-2139-j8dx6-1450124282, networkLocation: /default-rack, certSerialId: null}f255fb19-c941-42ad-8caf-606d85b027b3{ip: 192.168.151.92, host: pr-hdds-2139-j8dx6-1450124282, networkLocation: /default-rack, certSerialId: null}fb5c35a7-52ed-48ed-856a-22aafd4627bf{ip: 192.168.151.92, host: pr-hdds-2139-j8dx6-1450124282, networkLocation: /default-rack, certSerialId: null}, Type:RATIS, Factor:THREE, State:CLOSED]
org.apache.hadoop.hdds.scm.pipeline.PipelineNotFoundException: PipelineID=9b5330a7-e06f-4957-8ee5-89364a117de9 not found
	at org.apache.hadoop.hdds.scm.pipeline.PipelineStateMap.getPipeline(PipelineStateMap.java:132)
	at org.apache.hadoop.hdds.scm.pipeline.PipelineStateMap.removePipeline(PipelineStateMap.java:322)
	at org.apache.hadoop.hdds.scm.pipeline.PipelineStateManager.removePipeline(PipelineStateManager.java:107)
	at org.apache.hadoop.hdds.scm.pipeline.SCMPipelineManager.removePipeline(SCMPipelineManager.java:423)
	at org.apache.hadoop.hdds.scm.pipeline.SCMPipelineManager.destroyPipeline(SCMPipelineManager.java:409)
	at org.apache.hadoop.hdds.scm.pipeline.SCMPipelineManager.lambda$finalizeAndDestroyPipeline$0(SCMPipelineManager.java:318)
	at org.apache.hadoop.utils.Scheduler.lambda$schedule$1(Scheduler.java:68)
	at java.util.concurrent.Executors$RunnableAdapter.call(Executors.java:511)
	at java.util.concurrent.FutureTask.run(FutureTask.java:266)
	at java.util.concurrent.ScheduledThreadPoolExecutor$ScheduledFutureTask.access$201(ScheduledThreadPoolExecutor.java:180)
	at java.util.concurrent.ScheduledThreadPoolExecutor$ScheduledFutureTask.run(ScheduledThreadPoolExecutor.java:293)
	at java.util.concurrent.ThreadPoolExecutor.runWorker(ThreadPoolExecutor.java:1149)
	at java.util.concurrent.ThreadPoolExecutor$Worker.run(ThreadPoolExecutor.java:624)
	at java.lang.Thread.run(Thread.java:748)
2019-09-17 03:24:51,302 [grpc-default-executor-2] INFO  client.GrpcClientProtocolClient (GrpcClientProtocolClient.java:onNext(264)) - client-7FCCE946A079->1b957291-fe5b-420e-96dd-cc603eda7741: receive RaftClientReply:client-7FCCE946A079->1b957291-fe5b-420e-96dd-cc603eda7741@group-ECFE57FBC26D, cid=143, FAILED org.apache.ratis.protocol.NotLeaderException: Server 1b957291-fe5b-420e-96dd-cc603eda7741@group-ECFE57FBC26D is not the leader ae9625dc-248e-414f-955f-fccc978916e7:192.168.151.92:37052, logIndex=0, commits[1b957291-fe5b-420e-96dd-cc603eda7741:c4, ae9625dc-248e-414f-955f-fccc978916e7:c4, 12c7e022-5f96-4d2f-bd6c-0cb832bfe0bc:c3]
2019-09-17 03:24:51,489 [java.util.concurrent.ThreadPoolExecutor$Worker@c80a20e[State = -1, empty queue]] WARN  server.GrpcLogAppender (GrpcLogAppender.java:timeoutAppendRequest(200)) - ae9625dc-248e-414f-955f-fccc978916e7@group-ECFE57FBC26D->1b957291-fe5b-420e-96dd-cc603eda7741-GrpcLogAppender: appendEntries Timeout, request=ae9625dc-248e-414f-955f-fccc978916e7->1b957291-fe5b-420e-96dd-cc603eda7741#96-t1, previous=(t:1, i:10), leaderCommit=4, initializing? false, entries: <empty>
2019-09-17 03:24:51,489 [java.util.concurrent.ThreadPoolExecutor$Worker@65c2b252[State = -1, empty queue]] WARN  server.GrpcLogAppender (GrpcLogAppender.java:timeoutAppendRequest(200)) - ae9625dc-248e-414f-955f-fccc978916e7@group-ECFE57FBC26D->12c7e022-5f96-4d2f-bd6c-0cb832bfe0bc-GrpcLogAppender: appendEntries Timeout, request=ae9625dc-248e-414f-955f-fccc978916e7->12c7e022-5f96-4d2f-bd6c-0cb832bfe0bc#96-t1, previous=(t:1, i:10), leaderCommit=4, initializing? false, entries: <empty>
2019-09-17 03:24:52,616 [grpc-default-executor-3] INFO  impl.RaftServerProxy (RaftServerProxy.java:remove(95)) - 2a454ec2-3cfa-49cf-9003-841835eb2002: remove group-89364A117DE9:null
2019-09-17 03:24:52,619 [RatisPipelineUtilsThread] WARN  pipeline.RatisPipelineUtils (RatisPipelineUtils.java:destroyPipeline(66)) - Pipeline destroy failed for pipeline=PipelineID=9b5330a7-e06f-4957-8ee5-89364a117de9 dn=2a454ec2-3cfa-49cf-9003-841835eb2002{ip: 192.168.151.92, host: pr-hdds-2139-j8dx6-1450124282, networkLocation: /default-rack, certSerialId: null}
2019-09-17 03:24:52,621 [grpc-default-executor-3] INFO  impl.RaftServerProxy (RaftServerProxy.java:remove(95)) - f255fb19-c941-42ad-8caf-606d85b027b3: remove group-89364A117DE9:null
2019-09-17 03:24:52,623 [RatisPipelineUtilsThread] WARN  pipeline.RatisPipelineUtils (RatisPipelineUtils.java:destroyPipeline(66)) - Pipeline destroy failed for pipeline=PipelineID=9b5330a7-e06f-4957-8ee5-89364a117de9 dn=f255fb19-c941-42ad-8caf-606d85b027b3{ip: 192.168.151.92, host: pr-hdds-2139-j8dx6-1450124282, networkLocation: /default-rack, certSerialId: null}
2019-09-17 03:24:52,625 [grpc-default-executor-3] INFO  impl.RaftServerProxy (RaftServerProxy.java:remove(95)) - fb5c35a7-52ed-48ed-856a-22aafd4627bf: remove group-89364A117DE9:null
2019-09-17 03:24:52,627 [RatisPipelineUtilsThread] WARN  pipeline.RatisPipelineUtils (RatisPipelineUtils.java:destroyPipeline(66)) - Pipeline destroy failed for pipeline=PipelineID=9b5330a7-e06f-4957-8ee5-89364a117de9 dn=fb5c35a7-52ed-48ed-856a-22aafd4627bf{ip: 192.168.151.92, host: pr-hdds-2139-j8dx6-1450124282, networkLocation: /default-rack, certSerialId: null}
2019-09-17 03:24:52,627 [RatisPipelineUtilsThread] ERROR pipeline.SCMPipelineManager (Scheduler.java:lambda$schedule$1(70)) - Destroy pipeline failed for pipeline:Pipeline[ Id: 9b5330a7-e06f-4957-8ee5-89364a117de9, Nodes: 2a454ec2-3cfa-49cf-9003-841835eb2002{ip: 192.168.151.92, host: pr-hdds-2139-j8dx6-1450124282, networkLocation: /default-rack, certSerialId: null}f255fb19-c941-42ad-8caf-606d85b027b3{ip: 192.168.151.92, host: pr-hdds-2139-j8dx6-1450124282, networkLocation: /default-rack, certSerialId: null}fb5c35a7-52ed-48ed-856a-22aafd4627bf{ip: 192.168.151.92, host: pr-hdds-2139-j8dx6-1450124282, networkLocation: /default-rack, certSerialId: null}, Type:RATIS, Factor:THREE, State:CLOSED]
org.apache.hadoop.hdds.scm.pipeline.PipelineNotFoundException: PipelineID=9b5330a7-e06f-4957-8ee5-89364a117de9 not found
	at org.apache.hadoop.hdds.scm.pipeline.PipelineStateMap.getPipeline(PipelineStateMap.java:132)
	at org.apache.hadoop.hdds.scm.pipeline.PipelineStateMap.removePipeline(PipelineStateMap.java:322)
	at org.apache.hadoop.hdds.scm.pipeline.PipelineStateManager.removePipeline(PipelineStateManager.java:107)
	at org.apache.hadoop.hdds.scm.pipeline.SCMPipelineManager.removePipeline(SCMPipelineManager.java:423)
	at org.apache.hadoop.hdds.scm.pipeline.SCMPipelineManager.destroyPipeline(SCMPipelineManager.java:409)
	at org.apache.hadoop.hdds.scm.pipeline.SCMPipelineManager.lambda$finalizeAndDestroyPipeline$0(SCMPipelineManager.java:318)
	at org.apache.hadoop.utils.Scheduler.lambda$schedule$1(Scheduler.java:68)
	at java.util.concurrent.Executors$RunnableAdapter.call(Executors.java:511)
	at java.util.concurrent.FutureTask.run(FutureTask.java:266)
	at java.util.concurrent.ScheduledThreadPoolExecutor$ScheduledFutureTask.access$201(ScheduledThreadPoolExecutor.java:180)
	at java.util.concurrent.ScheduledThreadPoolExecutor$ScheduledFutureTask.run(ScheduledThreadPoolExecutor.java:293)
	at java.util.concurrent.ThreadPoolExecutor.runWorker(ThreadPoolExecutor.java:1149)
	at java.util.concurrent.ThreadPoolExecutor$Worker.run(ThreadPoolExecutor.java:624)
	at java.lang.Thread.run(Thread.java:748)
2019-09-17 03:24:53,990 [java.util.concurrent.ThreadPoolExecutor$Worker@c80a20e[State = -1, empty queue]] WARN  server.GrpcLogAppender (GrpcLogAppender.java:timeoutAppendRequest(200)) - ae9625dc-248e-414f-955f-fccc978916e7@group-ECFE57FBC26D->1b957291-fe5b-420e-96dd-cc603eda7741-GrpcLogAppender: appendEntries Timeout, request=ae9625dc-248e-414f-955f-fccc978916e7->1b957291-fe5b-420e-96dd-cc603eda7741#97-t1, previous=(t:1, i:10), leaderCommit=4, initializing? false, entries: <empty>
2019-09-17 03:24:53,990 [java.util.concurrent.ThreadPoolExecutor$Worker@65c2b252[State = -1, empty queue]] WARN  server.GrpcLogAppender (GrpcLogAppender.java:timeoutAppendRequest(200)) - ae9625dc-248e-414f-955f-fccc978916e7@group-ECFE57FBC26D->12c7e022-5f96-4d2f-bd6c-0cb832bfe0bc-GrpcLogAppender: appendEntries Timeout, request=ae9625dc-248e-414f-955f-fccc978916e7->12c7e022-5f96-4d2f-bd6c-0cb832bfe0bc#97-t1, previous=(t:1, i:10), leaderCommit=4, initializing? false, entries: <empty>
2019-09-17 03:24:54,619 [grpc-default-executor-2] INFO  impl.RaftServerProxy (RaftServerProxy.java:remove(95)) - 2a454ec2-3cfa-49cf-9003-841835eb2002: remove group-89364A117DE9:null
2019-09-17 03:24:54,621 [RatisPipelineUtilsThread] WARN  pipeline.RatisPipelineUtils (RatisPipelineUtils.java:destroyPipeline(66)) - Pipeline destroy failed for pipeline=PipelineID=9b5330a7-e06f-4957-8ee5-89364a117de9 dn=2a454ec2-3cfa-49cf-9003-841835eb2002{ip: 192.168.151.92, host: pr-hdds-2139-j8dx6-1450124282, networkLocation: /default-rack, certSerialId: null}
2019-09-17 03:24:54,624 [grpc-default-executor-2] INFO  impl.RaftServerProxy (RaftServerProxy.java:remove(95)) - f255fb19-c941-42ad-8caf-606d85b027b3: remove group-89364A117DE9:null
2019-09-17 03:24:54,626 [RatisPipelineUtilsThread] WARN  pipeline.RatisPipelineUtils (RatisPipelineUtils.java:destroyPipeline(66)) - Pipeline destroy failed for pipeline=PipelineID=9b5330a7-e06f-4957-8ee5-89364a117de9 dn=f255fb19-c941-42ad-8caf-606d85b027b3{ip: 192.168.151.92, host: pr-hdds-2139-j8dx6-1450124282, networkLocation: /default-rack, certSerialId: null}
2019-09-17 03:24:54,628 [grpc-default-executor-2] INFO  impl.RaftServerProxy (RaftServerProxy.java:remove(95)) - fb5c35a7-52ed-48ed-856a-22aafd4627bf: remove group-89364A117DE9:null
2019-09-17 03:24:54,630 [RatisPipelineUtilsThread] WARN  pipeline.RatisPipelineUtils (RatisPipelineUtils.java:destroyPipeline(66)) - Pipeline destroy failed for pipeline=PipelineID=9b5330a7-e06f-4957-8ee5-89364a117de9 dn=fb5c35a7-52ed-48ed-856a-22aafd4627bf{ip: 192.168.151.92, host: pr-hdds-2139-j8dx6-1450124282, networkLocation: /default-rack, certSerialId: null}
2019-09-17 03:24:54,630 [RatisPipelineUtilsThread] ERROR pipeline.SCMPipelineManager (Scheduler.java:lambda$schedule$1(70)) - Destroy pipeline failed for pipeline:Pipeline[ Id: 9b5330a7-e06f-4957-8ee5-89364a117de9, Nodes: 2a454ec2-3cfa-49cf-9003-841835eb2002{ip: 192.168.151.92, host: pr-hdds-2139-j8dx6-1450124282, networkLocation: /default-rack, certSerialId: null}f255fb19-c941-42ad-8caf-606d85b027b3{ip: 192.168.151.92, host: pr-hdds-2139-j8dx6-1450124282, networkLocation: /default-rack, certSerialId: null}fb5c35a7-52ed-48ed-856a-22aafd4627bf{ip: 192.168.151.92, host: pr-hdds-2139-j8dx6-1450124282, networkLocation: /default-rack, certSerialId: null}, Type:RATIS, Factor:THREE, State:CLOSED]
org.apache.hadoop.hdds.scm.pipeline.PipelineNotFoundException: PipelineID=9b5330a7-e06f-4957-8ee5-89364a117de9 not found
	at org.apache.hadoop.hdds.scm.pipeline.PipelineStateMap.getPipeline(PipelineStateMap.java:132)
	at org.apache.hadoop.hdds.scm.pipeline.PipelineStateMap.removePipeline(PipelineStateMap.java:322)
	at org.apache.hadoop.hdds.scm.pipeline.PipelineStateManager.removePipeline(PipelineStateManager.java:107)
	at org.apache.hadoop.hdds.scm.pipeline.SCMPipelineManager.removePipeline(SCMPipelineManager.java:423)
	at org.apache.hadoop.hdds.scm.pipeline.SCMPipelineManager.destroyPipeline(SCMPipelineManager.java:409)
	at org.apache.hadoop.hdds.scm.pipeline.SCMPipelineManager.lambda$finalizeAndDestroyPipeline$0(SCMPipelineManager.java:318)
	at org.apache.hadoop.utils.Scheduler.lambda$schedule$1(Scheduler.java:68)
	at java.util.concurrent.Executors$RunnableAdapter.call(Executors.java:511)
	at java.util.concurrent.FutureTask.run(FutureTask.java:266)
	at java.util.concurrent.ScheduledThreadPoolExecutor$ScheduledFutureTask.access$201(ScheduledThreadPoolExecutor.java:180)
	at java.util.concurrent.ScheduledThreadPoolExecutor$ScheduledFutureTask.run(ScheduledThreadPoolExecutor.java:293)
	at java.util.concurrent.ThreadPoolExecutor.runWorker(ThreadPoolExecutor.java:1149)
	at java.util.concurrent.ThreadPoolExecutor$Worker.run(ThreadPoolExecutor.java:624)
	at java.lang.Thread.run(Thread.java:748)
2019-09-17 03:24:55,982 [ae9625dc-248e-414f-955f-fccc978916e7@group-ECFE57FBC26D-SegmentedRaftLogWorker] WARN  segmented.SegmentedRaftLogWorker (SegmentedRaftLogWorker.java:getFromFuture(90)) - Timeout 3/~
org.apache.ratis.protocol.TimeoutIOException: Timeout 10s: WriteLog:5: (t:1, i:5), STATEMACHINELOGENTRY, client-7FCCE946A079, cid=143-writeStateMachineData
	at org.apache.ratis.util.IOUtils.getFromFuture(IOUtils.java:87)
	at org.apache.ratis.server.raftlog.segmented.SegmentedRaftLogWorker$StateMachineDataPolicy.getFromFuture(SegmentedRaftLogWorker.java:87)
	at org.apache.ratis.server.raftlog.segmented.SegmentedRaftLogWorker$WriteLog.execute(SegmentedRaftLogWorker.java:477)
	at org.apache.ratis.server.raftlog.segmented.SegmentedRaftLogWorker.run(SegmentedRaftLogWorker.java:289)
	at java.lang.Thread.run(Thread.java:748)
Caused by: java.util.concurrent.TimeoutException
	at java.util.concurrent.CompletableFuture.timedGet(CompletableFuture.java:1771)
	at java.util.concurrent.CompletableFuture.get(CompletableFuture.java:1915)
	at org.apache.ratis.util.IOUtils.getFromFuture(IOUtils.java:79)
	... 4 more
2019-09-17 03:24:56,294 [1b957291-fe5b-420e-96dd-cc603eda7741@group-ECFE57FBC26D-SegmentedRaftLogWorker] WARN  segmented.SegmentedRaftLogWorker (SegmentedRaftLogWorker.java:getFromFuture(90)) - Timeout 3/~
org.apache.ratis.protocol.TimeoutIOException: Timeout 10s: WriteLog:6: (t:1, i:6), STATEMACHINELOGENTRY, client-7FCCE946A079, cid=144-writeStateMachineData
	at org.apache.ratis.util.IOUtils.getFromFuture(IOUtils.java:87)
	at org.apache.ratis.server.raftlog.segmented.SegmentedRaftLogWorker$StateMachineDataPolicy.getFromFuture(SegmentedRaftLogWorker.java:87)
	at org.apache.ratis.server.raftlog.segmented.SegmentedRaftLogWorker$WriteLog.execute(SegmentedRaftLogWorker.java:477)
	at org.apache.ratis.server.raftlog.segmented.SegmentedRaftLogWorker.run(SegmentedRaftLogWorker.java:289)
	at java.lang.Thread.run(Thread.java:748)
Caused by: java.util.concurrent.TimeoutException
	at java.util.concurrent.CompletableFuture.timedGet(CompletableFuture.java:1771)
	at java.util.concurrent.CompletableFuture.get(CompletableFuture.java:1915)
	at org.apache.ratis.util.IOUtils.getFromFuture(IOUtils.java:79)
	... 4 more
2019-09-17 03:24:56,295 [12c7e022-5f96-4d2f-bd6c-0cb832bfe0bc@group-ECFE57FBC26D-SegmentedRaftLogWorker] WARN  segmented.SegmentedRaftLogWorker (SegmentedRaftLogWorker.java:getFromFuture(90)) - Timeout 3/~
org.apache.ratis.protocol.TimeoutIOException: Timeout 10s: WriteLog:8: (t:1, i:8), STATEMACHINELOGENTRY, client-7FCCE946A079, cid=146-writeStateMachineData
	at org.apache.ratis.util.IOUtils.getFromFuture(IOUtils.java:87)
	at org.apache.ratis.server.raftlog.segmented.SegmentedRaftLogWorker$StateMachineDataPolicy.getFromFuture(SegmentedRaftLogWorker.java:87)
	at org.apache.ratis.server.raftlog.segmented.SegmentedRaftLogWorker$WriteLog.execute(SegmentedRaftLogWorker.java:477)
	at org.apache.ratis.server.raftlog.segmented.SegmentedRaftLogWorker.run(SegmentedRaftLogWorker.java:289)
	at java.lang.Thread.run(Thread.java:748)
Caused by: java.util.concurrent.TimeoutException
	at java.util.concurrent.CompletableFuture.timedGet(CompletableFuture.java:1771)
	at java.util.concurrent.CompletableFuture.get(CompletableFuture.java:1915)
	at org.apache.ratis.util.IOUtils.getFromFuture(IOUtils.java:79)
	... 4 more
2019-09-17 03:24:56,339 [grpc-default-executor-2] INFO  client.GrpcClientProtocolClient (GrpcClientProtocolClient.java:onNext(264)) - client-7FCCE946A079->1b957291-fe5b-420e-96dd-cc603eda7741: receive RaftClientReply:client-7FCCE946A079->1b957291-fe5b-420e-96dd-cc603eda7741@group-ECFE57FBC26D, cid=143, FAILED org.apache.ratis.protocol.NotLeaderException: Server 1b957291-fe5b-420e-96dd-cc603eda7741@group-ECFE57FBC26D is not the leader ae9625dc-248e-414f-955f-fccc978916e7:192.168.151.92:37052, logIndex=0, commits[1b957291-fe5b-420e-96dd-cc603eda7741:c4, ae9625dc-248e-414f-955f-fccc978916e7:c4, 12c7e022-5f96-4d2f-bd6c-0cb832bfe0bc:c3]
2019-09-17 03:24:56,490 [java.util.concurrent.ThreadPoolExecutor$Worker@65c2b252[State = -1, empty queue]] WARN  server.GrpcLogAppender (GrpcLogAppender.java:timeoutAppendRequest(200)) - ae9625dc-248e-414f-955f-fccc978916e7@group-ECFE57FBC26D->12c7e022-5f96-4d2f-bd6c-0cb832bfe0bc-GrpcLogAppender: appendEntries Timeout, request=ae9625dc-248e-414f-955f-fccc978916e7->12c7e022-5f96-4d2f-bd6c-0cb832bfe0bc#98-t1, previous=(t:1, i:10), leaderCommit=4, initializing? false, entries: <empty>
2019-09-17 03:24:56,490 [java.util.concurrent.ThreadPoolExecutor$Worker@c80a20e[State = -1, empty queue]] WARN  server.GrpcLogAppender (GrpcLogAppender.java:timeoutAppendRequest(200)) - ae9625dc-248e-414f-955f-fccc978916e7@group-ECFE57FBC26D->1b957291-fe5b-420e-96dd-cc603eda7741-GrpcLogAppender: appendEntries Timeout, request=ae9625dc-248e-414f-955f-fccc978916e7->1b957291-fe5b-420e-96dd-cc603eda7741#98-t1, previous=(t:1, i:10), leaderCommit=4, initializing? false, entries: <empty>
2019-09-17 03:24:57,620 [grpc-default-executor-2] INFO  impl.RaftServerProxy (RaftServerProxy.java:remove(95)) - 2a454ec2-3cfa-49cf-9003-841835eb2002: remove group-89364A117DE9:null
2019-09-17 03:24:57,623 [RatisPipelineUtilsThread] WARN  pipeline.RatisPipelineUtils (RatisPipelineUtils.java:destroyPipeline(66)) - Pipeline destroy failed for pipeline=PipelineID=9b5330a7-e06f-4957-8ee5-89364a117de9 dn=2a454ec2-3cfa-49cf-9003-841835eb2002{ip: 192.168.151.92, host: pr-hdds-2139-j8dx6-1450124282, networkLocation: /default-rack, certSerialId: null}
2019-09-17 03:24:57,626 [grpc-default-executor-2] INFO  impl.RaftServerProxy (RaftServerProxy.java:remove(95)) - f255fb19-c941-42ad-8caf-606d85b027b3: remove group-89364A117DE9:null
2019-09-17 03:24:57,629 [RatisPipelineUtilsThread] WARN  pipeline.RatisPipelineUtils (RatisPipelineUtils.java:destroyPipeline(66)) - Pipeline destroy failed for pipeline=PipelineID=9b5330a7-e06f-4957-8ee5-89364a117de9 dn=f255fb19-c941-42ad-8caf-606d85b027b3{ip: 192.168.151.92, host: pr-hdds-2139-j8dx6-1450124282, networkLocation: /default-rack, certSerialId: null}
2019-09-17 03:24:57,631 [grpc-default-executor-2] INFO  impl.RaftServerProxy (RaftServerProxy.java:remove(95)) - fb5c35a7-52ed-48ed-856a-22aafd4627bf: remove group-89364A117DE9:null
2019-09-17 03:24:57,633 [RatisPipelineUtilsThread] WARN  pipeline.RatisPipelineUtils (RatisPipelineUtils.java:destroyPipeline(66)) - Pipeline destroy failed for pipeline=PipelineID=9b5330a7-e06f-4957-8ee5-89364a117de9 dn=fb5c35a7-52ed-48ed-856a-22aafd4627bf{ip: 192.168.151.92, host: pr-hdds-2139-j8dx6-1450124282, networkLocation: /default-rack, certSerialId: null}
2019-09-17 03:24:57,634 [RatisPipelineUtilsThread] ERROR pipeline.SCMPipelineManager (Scheduler.java:lambda$schedule$1(70)) - Destroy pipeline failed for pipeline:Pipeline[ Id: 9b5330a7-e06f-4957-8ee5-89364a117de9, Nodes: 2a454ec2-3cfa-49cf-9003-841835eb2002{ip: 192.168.151.92, host: pr-hdds-2139-j8dx6-1450124282, networkLocation: /default-rack, certSerialId: null}f255fb19-c941-42ad-8caf-606d85b027b3{ip: 192.168.151.92, host: pr-hdds-2139-j8dx6-1450124282, networkLocation: /default-rack, certSerialId: null}fb5c35a7-52ed-48ed-856a-22aafd4627bf{ip: 192.168.151.92, host: pr-hdds-2139-j8dx6-1450124282, networkLocation: /default-rack, certSerialId: null}, Type:RATIS, Factor:THREE, State:CLOSED]
org.apache.hadoop.hdds.scm.pipeline.PipelineNotFoundException: PipelineID=9b5330a7-e06f-4957-8ee5-89364a117de9 not found
	at org.apache.hadoop.hdds.scm.pipeline.PipelineStateMap.getPipeline(PipelineStateMap.java:132)
	at org.apache.hadoop.hdds.scm.pipeline.PipelineStateMap.removePipeline(PipelineStateMap.java:322)
	at org.apache.hadoop.hdds.scm.pipeline.PipelineStateManager.removePipeline(PipelineStateManager.java:107)
	at org.apache.hadoop.hdds.scm.pipeline.SCMPipelineManager.removePipeline(SCMPipelineManager.java:423)
	at org.apache.hadoop.hdds.scm.pipeline.SCMPipelineManager.destroyPipeline(SCMPipelineManager.java:409)
	at org.apache.hadoop.hdds.scm.pipeline.SCMPipelineManager.lambda$finalizeAndDestroyPipeline$0(SCMPipelineManager.java:318)
	at org.apache.hadoop.utils.Scheduler.lambda$schedule$1(Scheduler.java:68)
	at java.util.concurrent.Executors$RunnableAdapter.call(Executors.java:511)
	at java.util.concurrent.FutureTask.run(FutureTask.java:266)
	at java.util.concurrent.ScheduledThreadPoolExecutor$ScheduledFutureTask.access$201(ScheduledThreadPoolExecutor.java:180)
	at java.util.concurrent.ScheduledThreadPoolExecutor$ScheduledFutureTask.run(ScheduledThreadPoolExecutor.java:293)
	at java.util.concurrent.ThreadPoolExecutor.runWorker(ThreadPoolExecutor.java:1149)
	at java.util.concurrent.ThreadPoolExecutor$Worker.run(ThreadPoolExecutor.java:624)
	at java.lang.Thread.run(Thread.java:748)
2019-09-17 03:24:58,990 [java.util.concurrent.ThreadPoolExecutor$Worker@c80a20e[State = -1, empty queue]] WARN  server.GrpcLogAppender (GrpcLogAppender.java:timeoutAppendRequest(200)) - ae9625dc-248e-414f-955f-fccc978916e7@group-ECFE57FBC26D->1b957291-fe5b-420e-96dd-cc603eda7741-GrpcLogAppender: appendEntries Timeout, request=ae9625dc-248e-414f-955f-fccc978916e7->1b957291-fe5b-420e-96dd-cc603eda7741#99-t1, previous=(t:1, i:10), leaderCommit=4, initializing? false, entries: <empty>
2019-09-17 03:24:58,990 [java.util.concurrent.ThreadPoolExecutor$Worker@65c2b252[State = -1, empty queue]] WARN  server.GrpcLogAppender (GrpcLogAppender.java:timeoutAppendRequest(200)) - ae9625dc-248e-414f-955f-fccc978916e7@group-ECFE57FBC26D->12c7e022-5f96-4d2f-bd6c-0cb832bfe0bc-GrpcLogAppender: appendEntries Timeout, request=ae9625dc-248e-414f-955f-fccc978916e7->12c7e022-5f96-4d2f-bd6c-0cb832bfe0bc#99-t1, previous=(t:1, i:10), leaderCommit=4, initializing? false, entries: <empty>
2019-09-17 03:24:59,624 [grpc-default-executor-2] INFO  impl.RaftServerProxy (RaftServerProxy.java:remove(95)) - 2a454ec2-3cfa-49cf-9003-841835eb2002: remove group-89364A117DE9:null
2019-09-17 03:24:59,629 [RatisPipelineUtilsThread] WARN  pipeline.RatisPipelineUtils (RatisPipelineUtils.java:destroyPipeline(66)) - Pipeline destroy failed for pipeline=PipelineID=9b5330a7-e06f-4957-8ee5-89364a117de9 dn=2a454ec2-3cfa-49cf-9003-841835eb2002{ip: 192.168.151.92, host: pr-hdds-2139-j8dx6-1450124282, networkLocation: /default-rack, certSerialId: null}
2019-09-17 03:24:59,632 [grpc-default-executor-2] INFO  impl.RaftServerProxy (RaftServerProxy.java:remove(95)) - f255fb19-c941-42ad-8caf-606d85b027b3: remove group-89364A117DE9:null
2019-09-17 03:24:59,634 [RatisPipelineUtilsThread] WARN  pipeline.RatisPipelineUtils (RatisPipelineUtils.java:destroyPipeline(66)) - Pipeline destroy failed for pipeline=PipelineID=9b5330a7-e06f-4957-8ee5-89364a117de9 dn=f255fb19-c941-42ad-8caf-606d85b027b3{ip: 192.168.151.92, host: pr-hdds-2139-j8dx6-1450124282, networkLocation: /default-rack, certSerialId: null}
2019-09-17 03:24:59,637 [grpc-default-executor-2] INFO  impl.RaftServerProxy (RaftServerProxy.java:remove(95)) - fb5c35a7-52ed-48ed-856a-22aafd4627bf: remove group-89364A117DE9:null
2019-09-17 03:24:59,639 [RatisPipelineUtilsThread] WARN  pipeline.RatisPipelineUtils (RatisPipelineUtils.java:destroyPipeline(66)) - Pipeline destroy failed for pipeline=PipelineID=9b5330a7-e06f-4957-8ee5-89364a117de9 dn=fb5c35a7-52ed-48ed-856a-22aafd4627bf{ip: 192.168.151.92, host: pr-hdds-2139-j8dx6-1450124282, networkLocation: /default-rack, certSerialId: null}
2019-09-17 03:24:59,639 [RatisPipelineUtilsThread] ERROR pipeline.SCMPipelineManager (Scheduler.java:lambda$schedule$1(70)) - Destroy pipeline failed for pipeline:Pipeline[ Id: 9b5330a7-e06f-4957-8ee5-89364a117de9, Nodes: 2a454ec2-3cfa-49cf-9003-841835eb2002{ip: 192.168.151.92, host: pr-hdds-2139-j8dx6-1450124282, networkLocation: /default-rack, certSerialId: null}f255fb19-c941-42ad-8caf-606d85b027b3{ip: 192.168.151.92, host: pr-hdds-2139-j8dx6-1450124282, networkLocation: /default-rack, certSerialId: null}fb5c35a7-52ed-48ed-856a-22aafd4627bf{ip: 192.168.151.92, host: pr-hdds-2139-j8dx6-1450124282, networkLocation: /default-rack, certSerialId: null}, Type:RATIS, Factor:THREE, State:CLOSED]
org.apache.hadoop.hdds.scm.pipeline.PipelineNotFoundException: PipelineID=9b5330a7-e06f-4957-8ee5-89364a117de9 not found
	at org.apache.hadoop.hdds.scm.pipeline.PipelineStateMap.getPipeline(PipelineStateMap.java:132)
	at org.apache.hadoop.hdds.scm.pipeline.PipelineStateMap.removePipeline(PipelineStateMap.java:322)
	at org.apache.hadoop.hdds.scm.pipeline.PipelineStateManager.removePipeline(PipelineStateManager.java:107)
	at org.apache.hadoop.hdds.scm.pipeline.SCMPipelineManager.removePipeline(SCMPipelineManager.java:423)
	at org.apache.hadoop.hdds.scm.pipeline.SCMPipelineManager.destroyPipeline(SCMPipelineManager.java:409)
	at org.apache.hadoop.hdds.scm.pipeline.SCMPipelineManager.lambda$finalizeAndDestroyPipeline$0(SCMPipelineManager.java:318)
	at org.apache.hadoop.utils.Scheduler.lambda$schedule$1(Scheduler.java:68)
	at java.util.concurrent.Executors$RunnableAdapter.call(Executors.java:511)
	at java.util.concurrent.FutureTask.run(FutureTask.java:266)
	at java.util.concurrent.ScheduledThreadPoolExecutor$ScheduledFutureTask.access$201(ScheduledThreadPoolExecutor.java:180)
	at java.util.concurrent.ScheduledThreadPoolExecutor$ScheduledFutureTask.run(ScheduledThreadPoolExecutor.java:293)
	at java.util.concurrent.ThreadPoolExecutor.runWorker(ThreadPoolExecutor.java:1149)
	at java.util.concurrent.ThreadPoolExecutor$Worker.run(ThreadPoolExecutor.java:624)
	at java.lang.Thread.run(Thread.java:748)
2019-09-17 03:25:01,383 [grpc-default-executor-2] INFO  client.GrpcClientProtocolClient (GrpcClientProtocolClient.java:onNext(264)) - client-7FCCE946A079->12c7e022-5f96-4d2f-bd6c-0cb832bfe0bc: receive RaftClientReply:client-7FCCE946A079->12c7e022-5f96-4d2f-bd6c-0cb832bfe0bc@group-ECFE57FBC26D, cid=143, FAILED org.apache.ratis.protocol.NotLeaderException: Server 12c7e022-5f96-4d2f-bd6c-0cb832bfe0bc@group-ECFE57FBC26D is not the leader ae9625dc-248e-414f-955f-fccc978916e7:192.168.151.92:37052, logIndex=0, commits[12c7e022-5f96-4d2f-bd6c-0cb832bfe0bc:c4, ae9625dc-248e-414f-955f-fccc978916e7:c4, 1b957291-fe5b-420e-96dd-cc603eda7741:c3]
2019-09-17 03:25:01,491 [java.util.concurrent.ThreadPoolExecutor$Worker@65c2b252[State = -1, empty queue]] WARN  server.GrpcLogAppender (GrpcLogAppender.java:timeoutAppendRequest(200)) - ae9625dc-248e-414f-955f-fccc978916e7@group-ECFE57FBC26D->12c7e022-5f96-4d2f-bd6c-0cb832bfe0bc-GrpcLogAppender: appendEntries Timeout, request=ae9625dc-248e-414f-955f-fccc978916e7->12c7e022-5f96-4d2f-bd6c-0cb832bfe0bc#100-t1, previous=(t:1, i:10), leaderCommit=4, initializing? false, entries: <empty>
2019-09-17 03:25:01,491 [java.util.concurrent.ThreadPoolExecutor$Worker@c80a20e[State = -1, empty queue]] WARN  server.GrpcLogAppender (GrpcLogAppender.java:timeoutAppendRequest(200)) - ae9625dc-248e-414f-955f-fccc978916e7@group-ECFE57FBC26D->1b957291-fe5b-420e-96dd-cc603eda7741-GrpcLogAppender: appendEntries Timeout, request=ae9625dc-248e-414f-955f-fccc978916e7->1b957291-fe5b-420e-96dd-cc603eda7741#100-t1, previous=(t:1, i:10), leaderCommit=4, initializing? false, entries: <empty>
2019-09-17 03:25:02,618 [grpc-default-executor-2] INFO  impl.RaftServerProxy (RaftServerProxy.java:remove(95)) - 2a454ec2-3cfa-49cf-9003-841835eb2002: remove group-89364A117DE9:null
2019-09-17 03:25:02,621 [RatisPipelineUtilsThread] WARN  pipeline.RatisPipelineUtils (RatisPipelineUtils.java:destroyPipeline(66)) - Pipeline destroy failed for pipeline=PipelineID=9b5330a7-e06f-4957-8ee5-89364a117de9 dn=2a454ec2-3cfa-49cf-9003-841835eb2002{ip: 192.168.151.92, host: pr-hdds-2139-j8dx6-1450124282, networkLocation: /default-rack, certSerialId: null}
2019-09-17 03:25:02,624 [grpc-default-executor-2] INFO  impl.RaftServerProxy (RaftServerProxy.java:remove(95)) - f255fb19-c941-42ad-8caf-606d85b027b3: remove group-89364A117DE9:null
2019-09-17 03:25:02,626 [RatisPipelineUtilsThread] WARN  pipeline.RatisPipelineUtils (RatisPipelineUtils.java:destroyPipeline(66)) - Pipeline destroy failed for pipeline=PipelineID=9b5330a7-e06f-4957-8ee5-89364a117de9 dn=f255fb19-c941-42ad-8caf-606d85b027b3{ip: 192.168.151.92, host: pr-hdds-2139-j8dx6-1450124282, networkLocation: /default-rack, certSerialId: null}
2019-09-17 03:25:02,628 [grpc-default-executor-2] INFO  impl.RaftServerProxy (RaftServerProxy.java:remove(95)) - fb5c35a7-52ed-48ed-856a-22aafd4627bf: remove group-89364A117DE9:null
2019-09-17 03:25:02,630 [RatisPipelineUtilsThread] WARN  pipeline.RatisPipelineUtils (RatisPipelineUtils.java:destroyPipeline(66)) - Pipeline destroy failed for pipeline=PipelineID=9b5330a7-e06f-4957-8ee5-89364a117de9 dn=fb5c35a7-52ed-48ed-856a-22aafd4627bf{ip: 192.168.151.92, host: pr-hdds-2139-j8dx6-1450124282, networkLocation: /default-rack, certSerialId: null}
2019-09-17 03:25:02,630 [RatisPipelineUtilsThread] ERROR pipeline.SCMPipelineManager (Scheduler.java:lambda$schedule$1(70)) - Destroy pipeline failed for pipeline:Pipeline[ Id: 9b5330a7-e06f-4957-8ee5-89364a117de9, Nodes: 2a454ec2-3cfa-49cf-9003-841835eb2002{ip: 192.168.151.92, host: pr-hdds-2139-j8dx6-1450124282, networkLocation: /default-rack, certSerialId: null}f255fb19-c941-42ad-8caf-606d85b027b3{ip: 192.168.151.92, host: pr-hdds-2139-j8dx6-1450124282, networkLocation: /default-rack, certSerialId: null}fb5c35a7-52ed-48ed-856a-22aafd4627bf{ip: 192.168.151.92, host: pr-hdds-2139-j8dx6-1450124282, networkLocation: /default-rack, certSerialId: null}, Type:RATIS, Factor:THREE, State:CLOSED]
org.apache.hadoop.hdds.scm.pipeline.PipelineNotFoundException: PipelineID=9b5330a7-e06f-4957-8ee5-89364a117de9 not found
	at org.apache.hadoop.hdds.scm.pipeline.PipelineStateMap.getPipeline(PipelineStateMap.java:132)
	at org.apache.hadoop.hdds.scm.pipeline.PipelineStateMap.removePipeline(PipelineStateMap.java:322)
	at org.apache.hadoop.hdds.scm.pipeline.PipelineStateManager.removePipeline(PipelineStateManager.java:107)
	at org.apache.hadoop.hdds.scm.pipeline.SCMPipelineManager.removePipeline(SCMPipelineManager.java:423)
	at org.apache.hadoop.hdds.scm.pipeline.SCMPipelineManager.destroyPipeline(SCMPipelineManager.java:409)
	at org.apache.hadoop.hdds.scm.pipeline.SCMPipelineManager.lambda$finalizeAndDestroyPipeline$0(SCMPipelineManager.java:318)
	at org.apache.hadoop.utils.Scheduler.lambda$schedule$1(Scheduler.java:68)
	at java.util.concurrent.Executors$RunnableAdapter.call(Executors.java:511)
	at java.util.concurrent.FutureTask.run(FutureTask.java:266)
	at java.util.concurrent.ScheduledThreadPoolExecutor$ScheduledFutureTask.access$201(ScheduledThreadPoolExecutor.java:180)
	at java.util.concurrent.ScheduledThreadPoolExecutor$ScheduledFutureTask.run(ScheduledThreadPoolExecutor.java:293)
	at java.util.concurrent.ThreadPoolExecutor.runWorker(ThreadPoolExecutor.java:1149)
	at java.util.concurrent.ThreadPoolExecutor$Worker.run(ThreadPoolExecutor.java:624)
	at java.lang.Thread.run(Thread.java:748)
2019-09-17 03:25:03,991 [java.util.concurrent.ThreadPoolExecutor$Worker@c80a20e[State = -1, empty queue]] WARN  server.GrpcLogAppender (GrpcLogAppender.java:timeoutAppendRequest(200)) - ae9625dc-248e-414f-955f-fccc978916e7@group-ECFE57FBC26D->1b957291-fe5b-420e-96dd-cc603eda7741-GrpcLogAppender: appendEntries Timeout, request=ae9625dc-248e-414f-955f-fccc978916e7->1b957291-fe5b-420e-96dd-cc603eda7741#101-t1, previous=(t:1, i:10), leaderCommit=4, initializing? false, entries: <empty>
2019-09-17 03:25:03,991 [java.util.concurrent.ThreadPoolExecutor$Worker@65c2b252[State = -1, empty queue]] WARN  server.GrpcLogAppender (GrpcLogAppender.java:timeoutAppendRequest(200)) - ae9625dc-248e-414f-955f-fccc978916e7@group-ECFE57FBC26D->12c7e022-5f96-4d2f-bd6c-0cb832bfe0bc-GrpcLogAppender: appendEntries Timeout, request=ae9625dc-248e-414f-955f-fccc978916e7->12c7e022-5f96-4d2f-bd6c-0cb832bfe0bc#101-t1, previous=(t:1, i:10), leaderCommit=4, initializing? false, entries: <empty>
2019-09-17 03:25:04,624 [grpc-default-executor-4] INFO  impl.RaftServerProxy (RaftServerProxy.java:remove(95)) - 2a454ec2-3cfa-49cf-9003-841835eb2002: remove group-89364A117DE9:null
2019-09-17 03:25:04,628 [RatisPipelineUtilsThread] WARN  pipeline.RatisPipelineUtils (RatisPipelineUtils.java:destroyPipeline(66)) - Pipeline destroy failed for pipeline=PipelineID=9b5330a7-e06f-4957-8ee5-89364a117de9 dn=2a454ec2-3cfa-49cf-9003-841835eb2002{ip: 192.168.151.92, host: pr-hdds-2139-j8dx6-1450124282, networkLocation: /default-rack, certSerialId: null}
2019-09-17 03:25:04,631 [grpc-default-executor-4] INFO  impl.RaftServerProxy (RaftServerProxy.java:remove(95)) - f255fb19-c941-42ad-8caf-606d85b027b3: remove group-89364A117DE9:null
2019-09-17 03:25:04,632 [RatisPipelineUtilsThread] WARN  pipeline.RatisPipelineUtils (RatisPipelineUtils.java:destroyPipeline(66)) - Pipeline destroy failed for pipeline=PipelineID=9b5330a7-e06f-4957-8ee5-89364a117de9 dn=f255fb19-c941-42ad-8caf-606d85b027b3{ip: 192.168.151.92, host: pr-hdds-2139-j8dx6-1450124282, networkLocation: /default-rack, certSerialId: null}
2019-09-17 03:25:04,635 [grpc-default-executor-4] INFO  impl.RaftServerProxy (RaftServerProxy.java:remove(95)) - fb5c35a7-52ed-48ed-856a-22aafd4627bf: remove group-89364A117DE9:null
2019-09-17 03:25:04,636 [RatisPipelineUtilsThread] WARN  pipeline.RatisPipelineUtils (RatisPipelineUtils.java:destroyPipeline(66)) - Pipeline destroy failed for pipeline=PipelineID=9b5330a7-e06f-4957-8ee5-89364a117de9 dn=fb5c35a7-52ed-48ed-856a-22aafd4627bf{ip: 192.168.151.92, host: pr-hdds-2139-j8dx6-1450124282, networkLocation: /default-rack, certSerialId: null}
2019-09-17 03:25:04,637 [RatisPipelineUtilsThread] ERROR pipeline.SCMPipelineManager (Scheduler.java:lambda$schedule$1(70)) - Destroy pipeline failed for pipeline:Pipeline[ Id: 9b5330a7-e06f-4957-8ee5-89364a117de9, Nodes: 2a454ec2-3cfa-49cf-9003-841835eb2002{ip: 192.168.151.92, host: pr-hdds-2139-j8dx6-1450124282, networkLocation: /default-rack, certSerialId: null}f255fb19-c941-42ad-8caf-606d85b027b3{ip: 192.168.151.92, host: pr-hdds-2139-j8dx6-1450124282, networkLocation: /default-rack, certSerialId: null}fb5c35a7-52ed-48ed-856a-22aafd4627bf{ip: 192.168.151.92, host: pr-hdds-2139-j8dx6-1450124282, networkLocation: /default-rack, certSerialId: null}, Type:RATIS, Factor:THREE, State:CLOSED]
org.apache.hadoop.hdds.scm.pipeline.PipelineNotFoundException: PipelineID=9b5330a7-e06f-4957-8ee5-89364a117de9 not found
	at org.apache.hadoop.hdds.scm.pipeline.PipelineStateMap.getPipeline(PipelineStateMap.java:132)
	at org.apache.hadoop.hdds.scm.pipeline.PipelineStateMap.removePipeline(PipelineStateMap.java:322)
	at org.apache.hadoop.hdds.scm.pipeline.PipelineStateManager.removePipeline(PipelineStateManager.java:107)
	at org.apache.hadoop.hdds.scm.pipeline.SCMPipelineManager.removePipeline(SCMPipelineManager.java:423)
	at org.apache.hadoop.hdds.scm.pipeline.SCMPipelineManager.destroyPipeline(SCMPipelineManager.java:409)
	at org.apache.hadoop.hdds.scm.pipeline.SCMPipelineManager.lambda$finalizeAndDestroyPipeline$0(SCMPipelineManager.java:318)
	at org.apache.hadoop.utils.Scheduler.lambda$schedule$1(Scheduler.java:68)
	at java.util.concurrent.Executors$RunnableAdapter.call(Executors.java:511)
	at java.util.concurrent.FutureTask.run(FutureTask.java:266)
	at java.util.concurrent.ScheduledThreadPoolExecutor$ScheduledFutureTask.access$201(ScheduledThreadPoolExecutor.java:180)
	at java.util.concurrent.ScheduledThreadPoolExecutor$ScheduledFutureTask.run(ScheduledThreadPoolExecutor.java:293)
	at java.util.concurrent.ThreadPoolExecutor.runWorker(ThreadPoolExecutor.java:1149)
	at java.util.concurrent.ThreadPoolExecutor$Worker.run(ThreadPoolExecutor.java:624)
	at java.lang.Thread.run(Thread.java:748)
2019-09-17 03:25:05,983 [ae9625dc-248e-414f-955f-fccc978916e7@group-ECFE57FBC26D-SegmentedRaftLogWorker] WARN  segmented.SegmentedRaftLogWorker (SegmentedRaftLogWorker.java:getFromFuture(90)) - Timeout 4/~
org.apache.ratis.protocol.TimeoutIOException: Timeout 10s: WriteLog:5: (t:1, i:5), STATEMACHINELOGENTRY, client-7FCCE946A079, cid=143-writeStateMachineData
	at org.apache.ratis.util.IOUtils.getFromFuture(IOUtils.java:87)
	at org.apache.ratis.server.raftlog.segmented.SegmentedRaftLogWorker$StateMachineDataPolicy.getFromFuture(SegmentedRaftLogWorker.java:87)
	at org.apache.ratis.server.raftlog.segmented.SegmentedRaftLogWorker$WriteLog.execute(SegmentedRaftLogWorker.java:477)
	at org.apache.ratis.server.raftlog.segmented.SegmentedRaftLogWorker.run(SegmentedRaftLogWorker.java:289)
	at java.lang.Thread.run(Thread.java:748)
Caused by: java.util.concurrent.TimeoutException
	at java.util.concurrent.CompletableFuture.timedGet(CompletableFuture.java:1771)
	at java.util.concurrent.CompletableFuture.get(CompletableFuture.java:1915)
	at org.apache.ratis.util.IOUtils.getFromFuture(IOUtils.java:79)
	... 4 more
2019-09-17 03:25:06,295 [1b957291-fe5b-420e-96dd-cc603eda7741@group-ECFE57FBC26D-SegmentedRaftLogWorker] WARN  segmented.SegmentedRaftLogWorker (SegmentedRaftLogWorker.java:getFromFuture(90)) - Timeout 4/~
org.apache.ratis.protocol.TimeoutIOException: Timeout 10s: WriteLog:6: (t:1, i:6), STATEMACHINELOGENTRY, client-7FCCE946A079, cid=144-writeStateMachineData
	at org.apache.ratis.util.IOUtils.getFromFuture(IOUtils.java:87)
	at org.apache.ratis.server.raftlog.segmented.SegmentedRaftLogWorker$StateMachineDataPolicy.getFromFuture(SegmentedRaftLogWorker.java:87)
	at org.apache.ratis.server.raftlog.segmented.SegmentedRaftLogWorker$WriteLog.execute(SegmentedRaftLogWorker.java:477)
	at org.apache.ratis.server.raftlog.segmented.SegmentedRaftLogWorker.run(SegmentedRaftLogWorker.java:289)
	at java.lang.Thread.run(Thread.java:748)
Caused by: java.util.concurrent.TimeoutException
	at java.util.concurrent.CompletableFuture.timedGet(CompletableFuture.java:1771)
	at java.util.concurrent.CompletableFuture.get(CompletableFuture.java:1915)
	at org.apache.ratis.util.IOUtils.getFromFuture(IOUtils.java:79)
	... 4 more
2019-09-17 03:25:06,296 [12c7e022-5f96-4d2f-bd6c-0cb832bfe0bc@group-ECFE57FBC26D-SegmentedRaftLogWorker] WARN  segmented.SegmentedRaftLogWorker (SegmentedRaftLogWorker.java:getFromFuture(90)) - Timeout 4/~
org.apache.ratis.protocol.TimeoutIOException: Timeout 10s: WriteLog:8: (t:1, i:8), STATEMACHINELOGENTRY, client-7FCCE946A079, cid=146-writeStateMachineData
	at org.apache.ratis.util.IOUtils.getFromFuture(IOUtils.java:87)
	at org.apache.ratis.server.raftlog.segmented.SegmentedRaftLogWorker$StateMachineDataPolicy.getFromFuture(SegmentedRaftLogWorker.java:87)
	at org.apache.ratis.server.raftlog.segmented.SegmentedRaftLogWorker$WriteLog.execute(SegmentedRaftLogWorker.java:477)
	at org.apache.ratis.server.raftlog.segmented.SegmentedRaftLogWorker.run(SegmentedRaftLogWorker.java:289)
	at java.lang.Thread.run(Thread.java:748)
Caused by: java.util.concurrent.TimeoutException
	at java.util.concurrent.CompletableFuture.timedGet(CompletableFuture.java:1771)
	at java.util.concurrent.CompletableFuture.get(CompletableFuture.java:1915)
	at org.apache.ratis.util.IOUtils.getFromFuture(IOUtils.java:79)
	... 4 more
2019-09-17 03:25:06,431 [grpc-default-executor-2] INFO  client.GrpcClientProtocolClient (GrpcClientProtocolClient.java:onNext(264)) - client-7FCCE946A079->1b957291-fe5b-420e-96dd-cc603eda7741: receive RaftClientReply:client-7FCCE946A079->1b957291-fe5b-420e-96dd-cc603eda7741@group-ECFE57FBC26D, cid=143, FAILED org.apache.ratis.protocol.NotLeaderException: Server 1b957291-fe5b-420e-96dd-cc603eda7741@group-ECFE57FBC26D is not the leader ae9625dc-248e-414f-955f-fccc978916e7:192.168.151.92:37052, logIndex=0, commits[1b957291-fe5b-420e-96dd-cc603eda7741:c4, ae9625dc-248e-414f-955f-fccc978916e7:c4, 12c7e022-5f96-4d2f-bd6c-0cb832bfe0bc:c3]
2019-09-17 03:25:06,492 [java.util.concurrent.ThreadPoolExecutor$Worker@c80a20e[State = -1, empty queue]] WARN  server.GrpcLogAppender (GrpcLogAppender.java:timeoutAppendRequest(200)) - ae9625dc-248e-414f-955f-fccc978916e7@group-ECFE57FBC26D->1b957291-fe5b-420e-96dd-cc603eda7741-GrpcLogAppender: appendEntries Timeout, request=ae9625dc-248e-414f-955f-fccc978916e7->1b957291-fe5b-420e-96dd-cc603eda7741#102-t1, previous=(t:1, i:10), leaderCommit=4, initializing? false, entries: <empty>
2019-09-17 03:25:06,492 [java.util.concurrent.ThreadPoolExecutor$Worker@65c2b252[State = -1, empty queue]] WARN  server.GrpcLogAppender (GrpcLogAppender.java:timeoutAppendRequest(200)) - ae9625dc-248e-414f-955f-fccc978916e7@group-ECFE57FBC26D->12c7e022-5f96-4d2f-bd6c-0cb832bfe0bc-GrpcLogAppender: appendEntries Timeout, request=ae9625dc-248e-414f-955f-fccc978916e7->12c7e022-5f96-4d2f-bd6c-0cb832bfe0bc#102-t1, previous=(t:1, i:10), leaderCommit=4, initializing? false, entries: <empty>
2019-09-17 03:25:07,621 [grpc-default-executor-2] INFO  impl.RaftServerProxy (RaftServerProxy.java:remove(95)) - 2a454ec2-3cfa-49cf-9003-841835eb2002: remove group-89364A117DE9:null
2019-09-17 03:25:07,626 [RatisPipelineUtilsThread] WARN  pipeline.RatisPipelineUtils (RatisPipelineUtils.java:destroyPipeline(66)) - Pipeline destroy failed for pipeline=PipelineID=9b5330a7-e06f-4957-8ee5-89364a117de9 dn=2a454ec2-3cfa-49cf-9003-841835eb2002{ip: 192.168.151.92, host: pr-hdds-2139-j8dx6-1450124282, networkLocation: /default-rack, certSerialId: null}
2019-09-17 03:25:07,628 [grpc-default-executor-2] INFO  impl.RaftServerProxy (RaftServerProxy.java:remove(95)) - f255fb19-c941-42ad-8caf-606d85b027b3: remove group-89364A117DE9:null
2019-09-17 03:25:07,630 [RatisPipelineUtilsThread] WARN  pipeline.RatisPipelineUtils (RatisPipelineUtils.java:destroyPipeline(66)) - Pipeline destroy failed for pipeline=PipelineID=9b5330a7-e06f-4957-8ee5-89364a117de9 dn=f255fb19-c941-42ad-8caf-606d85b027b3{ip: 192.168.151.92, host: pr-hdds-2139-j8dx6-1450124282, networkLocation: /default-rack, certSerialId: null}
2019-09-17 03:25:07,633 [grpc-default-executor-2] INFO  impl.RaftServerProxy (RaftServerProxy.java:remove(95)) - fb5c35a7-52ed-48ed-856a-22aafd4627bf: remove group-89364A117DE9:null
2019-09-17 03:25:07,635 [RatisPipelineUtilsThread] WARN  pipeline.RatisPipelineUtils (RatisPipelineUtils.java:destroyPipeline(66)) - Pipeline destroy failed for pipeline=PipelineID=9b5330a7-e06f-4957-8ee5-89364a117de9 dn=fb5c35a7-52ed-48ed-856a-22aafd4627bf{ip: 192.168.151.92, host: pr-hdds-2139-j8dx6-1450124282, networkLocation: /default-rack, certSerialId: null}
2019-09-17 03:25:07,635 [RatisPipelineUtilsThread] ERROR pipeline.SCMPipelineManager (Scheduler.java:lambda$schedule$1(70)) - Destroy pipeline failed for pipeline:Pipeline[ Id: 9b5330a7-e06f-4957-8ee5-89364a117de9, Nodes: 2a454ec2-3cfa-49cf-9003-841835eb2002{ip: 192.168.151.92, host: pr-hdds-2139-j8dx6-1450124282, networkLocation: /default-rack, certSerialId: null}f255fb19-c941-42ad-8caf-606d85b027b3{ip: 192.168.151.92, host: pr-hdds-2139-j8dx6-1450124282, networkLocation: /default-rack, certSerialId: null}fb5c35a7-52ed-48ed-856a-22aafd4627bf{ip: 192.168.151.92, host: pr-hdds-2139-j8dx6-1450124282, networkLocation: /default-rack, certSerialId: null}, Type:RATIS, Factor:THREE, State:CLOSED]
org.apache.hadoop.hdds.scm.pipeline.PipelineNotFoundException: PipelineID=9b5330a7-e06f-4957-8ee5-89364a117de9 not found
	at org.apache.hadoop.hdds.scm.pipeline.PipelineStateMap.getPipeline(PipelineStateMap.java:132)
	at org.apache.hadoop.hdds.scm.pipeline.PipelineStateMap.removePipeline(PipelineStateMap.java:322)
	at org.apache.hadoop.hdds.scm.pipeline.PipelineStateManager.removePipeline(PipelineStateManager.java:107)
	at org.apache.hadoop.hdds.scm.pipeline.SCMPipelineManager.removePipeline(SCMPipelineManager.java:423)
	at org.apache.hadoop.hdds.scm.pipeline.SCMPipelineManager.destroyPipeline(SCMPipelineManager.java:409)
	at org.apache.hadoop.hdds.scm.pipeline.SCMPipelineManager.lambda$finalizeAndDestroyPipeline$0(SCMPipelineManager.java:318)
	at org.apache.hadoop.utils.Scheduler.lambda$schedule$1(Scheduler.java:68)
	at java.util.concurrent.Executors$RunnableAdapter.call(Executors.java:511)
	at java.util.concurrent.FutureTask.run(FutureTask.java:266)
	at java.util.concurrent.ScheduledThreadPoolExecutor$ScheduledFutureTask.access$201(ScheduledThreadPoolExecutor.java:180)
	at java.util.concurrent.ScheduledThreadPoolExecutor$ScheduledFutureTask.run(ScheduledThreadPoolExecutor.java:293)
	at java.util.concurrent.ThreadPoolExecutor.runWorker(ThreadPoolExecutor.java:1149)
	at java.util.concurrent.ThreadPoolExecutor$Worker.run(ThreadPoolExecutor.java:624)
	at java.lang.Thread.run(Thread.java:748)
2019-09-17 03:25:08,993 [java.util.concurrent.ThreadPoolExecutor$Worker@c80a20e[State = -1, empty queue]] WARN  server.GrpcLogAppender (GrpcLogAppender.java:timeoutAppendRequest(200)) - ae9625dc-248e-414f-955f-fccc978916e7@group-ECFE57FBC26D->1b957291-fe5b-420e-96dd-cc603eda7741-GrpcLogAppender: appendEntries Timeout, request=ae9625dc-248e-414f-955f-fccc978916e7->1b957291-fe5b-420e-96dd-cc603eda7741#103-t1, previous=(t:1, i:10), leaderCommit=4, initializing? false, entries: <empty>
2019-09-17 03:25:08,993 [java.util.concurrent.ThreadPoolExecutor$Worker@65c2b252[State = -1, empty queue]] WARN  server.GrpcLogAppender (GrpcLogAppender.java:timeoutAppendRequest(200)) - ae9625dc-248e-414f-955f-fccc978916e7@group-ECFE57FBC26D->12c7e022-5f96-4d2f-bd6c-0cb832bfe0bc-GrpcLogAppender: appendEntries Timeout, request=ae9625dc-248e-414f-955f-fccc978916e7->12c7e022-5f96-4d2f-bd6c-0cb832bfe0bc#103-t1, previous=(t:1, i:10), leaderCommit=4, initializing? false, entries: <empty>
2019-09-17 03:25:09,621 [grpc-default-executor-2] INFO  impl.RaftServerProxy (RaftServerProxy.java:remove(95)) - 2a454ec2-3cfa-49cf-9003-841835eb2002: remove group-89364A117DE9:null
2019-09-17 03:25:09,623 [RatisPipelineUtilsThread] WARN  pipeline.RatisPipelineUtils (RatisPipelineUtils.java:destroyPipeline(66)) - Pipeline destroy failed for pipeline=PipelineID=9b5330a7-e06f-4957-8ee5-89364a117de9 dn=2a454ec2-3cfa-49cf-9003-841835eb2002{ip: 192.168.151.92, host: pr-hdds-2139-j8dx6-1450124282, networkLocation: /default-rack, certSerialId: null}
2019-09-17 03:25:09,626 [grpc-default-executor-2] INFO  impl.RaftServerProxy (RaftServerProxy.java:remove(95)) - f255fb19-c941-42ad-8caf-606d85b027b3: remove group-89364A117DE9:null
2019-09-17 03:25:09,627 [RatisPipelineUtilsThread] WARN  pipeline.RatisPipelineUtils (RatisPipelineUtils.java:destroyPipeline(66)) - Pipeline destroy failed for pipeline=PipelineID=9b5330a7-e06f-4957-8ee5-89364a117de9 dn=f255fb19-c941-42ad-8caf-606d85b027b3{ip: 192.168.151.92, host: pr-hdds-2139-j8dx6-1450124282, networkLocation: /default-rack, certSerialId: null}
2019-09-17 03:25:09,629 [grpc-default-executor-2] INFO  impl.RaftServerProxy (RaftServerProxy.java:remove(95)) - fb5c35a7-52ed-48ed-856a-22aafd4627bf: remove group-89364A117DE9:null
2019-09-17 03:25:09,631 [RatisPipelineUtilsThread] WARN  pipeline.RatisPipelineUtils (RatisPipelineUtils.java:destroyPipeline(66)) - Pipeline destroy failed for pipeline=PipelineID=9b5330a7-e06f-4957-8ee5-89364a117de9 dn=fb5c35a7-52ed-48ed-856a-22aafd4627bf{ip: 192.168.151.92, host: pr-hdds-2139-j8dx6-1450124282, networkLocation: /default-rack, certSerialId: null}
2019-09-17 03:25:09,631 [RatisPipelineUtilsThread] ERROR pipeline.SCMPipelineManager (Scheduler.java:lambda$schedule$1(70)) - Destroy pipeline failed for pipeline:Pipeline[ Id: 9b5330a7-e06f-4957-8ee5-89364a117de9, Nodes: 2a454ec2-3cfa-49cf-9003-841835eb2002{ip: 192.168.151.92, host: pr-hdds-2139-j8dx6-1450124282, networkLocation: /default-rack, certSerialId: null}f255fb19-c941-42ad-8caf-606d85b027b3{ip: 192.168.151.92, host: pr-hdds-2139-j8dx6-1450124282, networkLocation: /default-rack, certSerialId: null}fb5c35a7-52ed-48ed-856a-22aafd4627bf{ip: 192.168.151.92, host: pr-hdds-2139-j8dx6-1450124282, networkLocation: /default-rack, certSerialId: null}, Type:RATIS, Factor:THREE, State:CLOSED]
org.apache.hadoop.hdds.scm.pipeline.PipelineNotFoundException: PipelineID=9b5330a7-e06f-4957-8ee5-89364a117de9 not found
	at org.apache.hadoop.hdds.scm.pipeline.PipelineStateMap.getPipeline(PipelineStateMap.java:132)
	at org.apache.hadoop.hdds.scm.pipeline.PipelineStateMap.removePipeline(PipelineStateMap.java:322)
	at org.apache.hadoop.hdds.scm.pipeline.PipelineStateManager.removePipeline(PipelineStateManager.java:107)
	at org.apache.hadoop.hdds.scm.pipeline.SCMPipelineManager.removePipeline(SCMPipelineManager.java:423)
	at org.apache.hadoop.hdds.scm.pipeline.SCMPipelineManager.destroyPipeline(SCMPipelineManager.java:409)
	at org.apache.hadoop.hdds.scm.pipeline.SCMPipelineManager.lambda$finalizeAndDestroyPipeline$0(SCMPipelineManager.java:318)
	at org.apache.hadoop.utils.Scheduler.lambda$schedule$1(Scheduler.java:68)
	at java.util.concurrent.Executors$RunnableAdapter.call(Executors.java:511)
	at java.util.concurrent.FutureTask.run(FutureTask.java:266)
	at java.util.concurrent.ScheduledThreadPoolExecutor$ScheduledFutureTask.access$201(ScheduledThreadPoolExecutor.java:180)
	at java.util.concurrent.ScheduledThreadPoolExecutor$ScheduledFutureTask.run(ScheduledThreadPoolExecutor.java:293)
	at java.util.concurrent.ThreadPoolExecutor.runWorker(ThreadPoolExecutor.java:1149)
	at java.util.concurrent.ThreadPoolExecutor$Worker.run(ThreadPoolExecutor.java:624)
	at java.lang.Thread.run(Thread.java:748)
2019-09-17 03:25:11,469 [grpc-default-executor-2] INFO  client.GrpcClientProtocolClient (GrpcClientProtocolClient.java:onNext(264)) - client-7FCCE946A079->12c7e022-5f96-4d2f-bd6c-0cb832bfe0bc: receive RaftClientReply:client-7FCCE946A079->12c7e022-5f96-4d2f-bd6c-0cb832bfe0bc@group-ECFE57FBC26D, cid=143, FAILED org.apache.ratis.protocol.NotLeaderException: Server 12c7e022-5f96-4d2f-bd6c-0cb832bfe0bc@group-ECFE57FBC26D is not the leader ae9625dc-248e-414f-955f-fccc978916e7:192.168.151.92:37052, logIndex=0, commits[12c7e022-5f96-4d2f-bd6c-0cb832bfe0bc:c4, ae9625dc-248e-414f-955f-fccc978916e7:c4, 1b957291-fe5b-420e-96dd-cc603eda7741:c3]
2019-09-17 03:25:11,493 [java.util.concurrent.ThreadPoolExecutor$Worker@65c2b252[State = -1, empty queue]] WARN  server.GrpcLogAppender (GrpcLogAppender.java:timeoutAppendRequest(200)) - ae9625dc-248e-414f-955f-fccc978916e7@group-ECFE57FBC26D->12c7e022-5f96-4d2f-bd6c-0cb832bfe0bc-GrpcLogAppender: appendEntries Timeout, request=ae9625dc-248e-414f-955f-fccc978916e7->12c7e022-5f96-4d2f-bd6c-0cb832bfe0bc#104-t1, previous=(t:1, i:10), leaderCommit=4, initializing? false, entries: <empty>
2019-09-17 03:25:11,493 [java.util.concurrent.ThreadPoolExecutor$Worker@c80a20e[State = -1, empty queue]] WARN  server.GrpcLogAppender (GrpcLogAppender.java:timeoutAppendRequest(200)) - ae9625dc-248e-414f-955f-fccc978916e7@group-ECFE57FBC26D->1b957291-fe5b-420e-96dd-cc603eda7741-GrpcLogAppender: appendEntries Timeout, request=ae9625dc-248e-414f-955f-fccc978916e7->1b957291-fe5b-420e-96dd-cc603eda7741#104-t1, previous=(t:1, i:10), leaderCommit=4, initializing? false, entries: <empty>
2019-09-17 03:25:12,625 [grpc-default-executor-4] INFO  impl.RaftServerProxy (RaftServerProxy.java:remove(95)) - 2a454ec2-3cfa-49cf-9003-841835eb2002: remove group-89364A117DE9:null
2019-09-17 03:25:12,629 [RatisPipelineUtilsThread] WARN  pipeline.RatisPipelineUtils (RatisPipelineUtils.java:destroyPipeline(66)) - Pipeline destroy failed for pipeline=PipelineID=9b5330a7-e06f-4957-8ee5-89364a117de9 dn=2a454ec2-3cfa-49cf-9003-841835eb2002{ip: 192.168.151.92, host: pr-hdds-2139-j8dx6-1450124282, networkLocation: /default-rack, certSerialId: null}
2019-09-17 03:25:12,632 [grpc-default-executor-4] INFO  impl.RaftServerProxy (RaftServerProxy.java:remove(95)) - f255fb19-c941-42ad-8caf-606d85b027b3: remove group-89364A117DE9:null
2019-09-17 03:25:12,633 [RatisPipelineUtilsThread] WARN  pipeline.RatisPipelineUtils (RatisPipelineUtils.java:destroyPipeline(66)) - Pipeline destroy failed for pipeline=PipelineID=9b5330a7-e06f-4957-8ee5-89364a117de9 dn=f255fb19-c941-42ad-8caf-606d85b027b3{ip: 192.168.151.92, host: pr-hdds-2139-j8dx6-1450124282, networkLocation: /default-rack, certSerialId: null}
2019-09-17 03:25:12,635 [grpc-default-executor-4] INFO  impl.RaftServerProxy (RaftServerProxy.java:remove(95)) - fb5c35a7-52ed-48ed-856a-22aafd4627bf: remove group-89364A117DE9:null
2019-09-17 03:25:12,637 [RatisPipelineUtilsThread] WARN  pipeline.RatisPipelineUtils (RatisPipelineUtils.java:destroyPipeline(66)) - Pipeline destroy failed for pipeline=PipelineID=9b5330a7-e06f-4957-8ee5-89364a117de9 dn=fb5c35a7-52ed-48ed-856a-22aafd4627bf{ip: 192.168.151.92, host: pr-hdds-2139-j8dx6-1450124282, networkLocation: /default-rack, certSerialId: null}
2019-09-17 03:25:12,637 [RatisPipelineUtilsThread] ERROR pipeline.SCMPipelineManager (Scheduler.java:lambda$schedule$1(70)) - Destroy pipeline failed for pipeline:Pipeline[ Id: 9b5330a7-e06f-4957-8ee5-89364a117de9, Nodes: 2a454ec2-3cfa-49cf-9003-841835eb2002{ip: 192.168.151.92, host: pr-hdds-2139-j8dx6-1450124282, networkLocation: /default-rack, certSerialId: null}f255fb19-c941-42ad-8caf-606d85b027b3{ip: 192.168.151.92, host: pr-hdds-2139-j8dx6-1450124282, networkLocation: /default-rack, certSerialId: null}fb5c35a7-52ed-48ed-856a-22aafd4627bf{ip: 192.168.151.92, host: pr-hdds-2139-j8dx6-1450124282, networkLocation: /default-rack, certSerialId: null}, Type:RATIS, Factor:THREE, State:CLOSED]
org.apache.hadoop.hdds.scm.pipeline.PipelineNotFoundException: PipelineID=9b5330a7-e06f-4957-8ee5-89364a117de9 not found
	at org.apache.hadoop.hdds.scm.pipeline.PipelineStateMap.getPipeline(PipelineStateMap.java:132)
	at org.apache.hadoop.hdds.scm.pipeline.PipelineStateMap.removePipeline(PipelineStateMap.java:322)
	at org.apache.hadoop.hdds.scm.pipeline.PipelineStateManager.removePipeline(PipelineStateManager.java:107)
	at org.apache.hadoop.hdds.scm.pipeline.SCMPipelineManager.removePipeline(SCMPipelineManager.java:423)
	at org.apache.hadoop.hdds.scm.pipeline.SCMPipelineManager.destroyPipeline(SCMPipelineManager.java:409)
	at org.apache.hadoop.hdds.scm.pipeline.SCMPipelineManager.lambda$finalizeAndDestroyPipeline$0(SCMPipelineManager.java:318)
	at org.apache.hadoop.utils.Scheduler.lambda$schedule$1(Scheduler.java:68)
	at java.util.concurrent.Executors$RunnableAdapter.call(Executors.java:511)
	at java.util.concurrent.FutureTask.run(FutureTask.java:266)
	at java.util.concurrent.ScheduledThreadPoolExecutor$ScheduledFutureTask.access$201(ScheduledThreadPoolExecutor.java:180)
	at java.util.concurrent.ScheduledThreadPoolExecutor$ScheduledFutureTask.run(ScheduledThreadPoolExecutor.java:293)
	at java.util.concurrent.ThreadPoolExecutor.runWorker(ThreadPoolExecutor.java:1149)
	at java.util.concurrent.ThreadPoolExecutor$Worker.run(ThreadPoolExecutor.java:624)
	at java.lang.Thread.run(Thread.java:748)
2019-09-17 03:25:13,994 [java.util.concurrent.ThreadPoolExecutor$Worker@c80a20e[State = -1, empty queue]] WARN  server.GrpcLogAppender (GrpcLogAppender.java:timeoutAppendRequest(200)) - ae9625dc-248e-414f-955f-fccc978916e7@group-ECFE57FBC26D->1b957291-fe5b-420e-96dd-cc603eda7741-GrpcLogAppender: appendEntries Timeout, request=ae9625dc-248e-414f-955f-fccc978916e7->1b957291-fe5b-420e-96dd-cc603eda7741#105-t1, previous=(t:1, i:10), leaderCommit=4, initializing? false, entries: <empty>
2019-09-17 03:25:13,994 [java.util.concurrent.ThreadPoolExecutor$Worker@65c2b252[State = -1, empty queue]] WARN  server.GrpcLogAppender (GrpcLogAppender.java:timeoutAppendRequest(200)) - ae9625dc-248e-414f-955f-fccc978916e7@group-ECFE57FBC26D->12c7e022-5f96-4d2f-bd6c-0cb832bfe0bc-GrpcLogAppender: appendEntries Timeout, request=ae9625dc-248e-414f-955f-fccc978916e7->12c7e022-5f96-4d2f-bd6c-0cb832bfe0bc#105-t1, previous=(t:1, i:10), leaderCommit=4, initializing? false, entries: <empty>
2019-09-17 03:25:14,624 [grpc-default-executor-4] INFO  impl.RaftServerProxy (RaftServerProxy.java:remove(95)) - 2a454ec2-3cfa-49cf-9003-841835eb2002: remove group-89364A117DE9:null
2019-09-17 03:25:14,627 [RatisPipelineUtilsThread] WARN  pipeline.RatisPipelineUtils (RatisPipelineUtils.java:destroyPipeline(66)) - Pipeline destroy failed for pipeline=PipelineID=9b5330a7-e06f-4957-8ee5-89364a117de9 dn=2a454ec2-3cfa-49cf-9003-841835eb2002{ip: 192.168.151.92, host: pr-hdds-2139-j8dx6-1450124282, networkLocation: /default-rack, certSerialId: null}
2019-09-17 03:25:14,629 [grpc-default-executor-4] INFO  impl.RaftServerProxy (RaftServerProxy.java:remove(95)) - f255fb19-c941-42ad-8caf-606d85b027b3: remove group-89364A117DE9:null
2019-09-17 03:25:14,630 [RatisPipelineUtilsThread] WARN  pipeline.RatisPipelineUtils (RatisPipelineUtils.java:destroyPipeline(66)) - Pipeline destroy failed for pipeline=PipelineID=9b5330a7-e06f-4957-8ee5-89364a117de9 dn=f255fb19-c941-42ad-8caf-606d85b027b3{ip: 192.168.151.92, host: pr-hdds-2139-j8dx6-1450124282, networkLocation: /default-rack, certSerialId: null}
2019-09-17 03:25:14,632 [grpc-default-executor-4] INFO  impl.RaftServerProxy (RaftServerProxy.java:remove(95)) - fb5c35a7-52ed-48ed-856a-22aafd4627bf: remove group-89364A117DE9:null
2019-09-17 03:25:14,634 [RatisPipelineUtilsThread] WARN  pipeline.RatisPipelineUtils (RatisPipelineUtils.java:destroyPipeline(66)) - Pipeline destroy failed for pipeline=PipelineID=9b5330a7-e06f-4957-8ee5-89364a117de9 dn=fb5c35a7-52ed-48ed-856a-22aafd4627bf{ip: 192.168.151.92, host: pr-hdds-2139-j8dx6-1450124282, networkLocation: /default-rack, certSerialId: null}
2019-09-17 03:25:14,635 [RatisPipelineUtilsThread] ERROR pipeline.SCMPipelineManager (Scheduler.java:lambda$schedule$1(70)) - Destroy pipeline failed for pipeline:Pipeline[ Id: 9b5330a7-e06f-4957-8ee5-89364a117de9, Nodes: 2a454ec2-3cfa-49cf-9003-841835eb2002{ip: 192.168.151.92, host: pr-hdds-2139-j8dx6-1450124282, networkLocation: /default-rack, certSerialId: null}f255fb19-c941-42ad-8caf-606d85b027b3{ip: 192.168.151.92, host: pr-hdds-2139-j8dx6-1450124282, networkLocation: /default-rack, certSerialId: null}fb5c35a7-52ed-48ed-856a-22aafd4627bf{ip: 192.168.151.92, host: pr-hdds-2139-j8dx6-1450124282, networkLocation: /default-rack, certSerialId: null}, Type:RATIS, Factor:THREE, State:CLOSED]
org.apache.hadoop.hdds.scm.pipeline.PipelineNotFoundException: PipelineID=9b5330a7-e06f-4957-8ee5-89364a117de9 not found
	at org.apache.hadoop.hdds.scm.pipeline.PipelineStateMap.getPipeline(PipelineStateMap.java:132)
	at org.apache.hadoop.hdds.scm.pipeline.PipelineStateMap.removePipeline(PipelineStateMap.java:322)
	at org.apache.hadoop.hdds.scm.pipeline.PipelineStateManager.removePipeline(PipelineStateManager.java:107)
	at org.apache.hadoop.hdds.scm.pipeline.SCMPipelineManager.removePipeline(SCMPipelineManager.java:423)
	at org.apache.hadoop.hdds.scm.pipeline.SCMPipelineManager.destroyPipeline(SCMPipelineManager.java:409)
	at org.apache.hadoop.hdds.scm.pipeline.SCMPipelineManager.lambda$finalizeAndDestroyPipeline$0(SCMPipelineManager.java:318)
	at org.apache.hadoop.utils.Scheduler.lambda$schedule$1(Scheduler.java:68)
	at java.util.concurrent.Executors$RunnableAdapter.call(Executors.java:511)
	at java.util.concurrent.FutureTask.run(FutureTask.java:266)
	at java.util.concurrent.ScheduledThreadPoolExecutor$ScheduledFutureTask.access$201(ScheduledThreadPoolExecutor.java:180)
	at java.util.concurrent.ScheduledThreadPoolExecutor$ScheduledFutureTask.run(ScheduledThreadPoolExecutor.java:293)
	at java.util.concurrent.ThreadPoolExecutor.runWorker(ThreadPoolExecutor.java:1149)
	at java.util.concurrent.ThreadPoolExecutor$Worker.run(ThreadPoolExecutor.java:624)
	at java.lang.Thread.run(Thread.java:748)
2019-09-17 03:25:15,985 [ae9625dc-248e-414f-955f-fccc978916e7@group-ECFE57FBC26D-SegmentedRaftLogWorker] WARN  segmented.SegmentedRaftLogWorker (SegmentedRaftLogWorker.java:getFromFuture(90)) - Timeout 5/~
org.apache.ratis.protocol.TimeoutIOException: Timeout 10s: WriteLog:5: (t:1, i:5), STATEMACHINELOGENTRY, client-7FCCE946A079, cid=143-writeStateMachineData
	at org.apache.ratis.util.IOUtils.getFromFuture(IOUtils.java:87)
	at org.apache.ratis.server.raftlog.segmented.SegmentedRaftLogWorker$StateMachineDataPolicy.getFromFuture(SegmentedRaftLogWorker.java:87)
	at org.apache.ratis.server.raftlog.segmented.SegmentedRaftLogWorker$WriteLog.execute(SegmentedRaftLogWorker.java:477)
	at org.apache.ratis.server.raftlog.segmented.SegmentedRaftLogWorker.run(SegmentedRaftLogWorker.java:289)
	at java.lang.Thread.run(Thread.java:748)
Caused by: java.util.concurrent.TimeoutException
	at java.util.concurrent.CompletableFuture.timedGet(CompletableFuture.java:1771)
	at java.util.concurrent.CompletableFuture.get(CompletableFuture.java:1915)
	at org.apache.ratis.util.IOUtils.getFromFuture(IOUtils.java:79)
	... 4 more
2019-09-17 03:25:16,297 [1b957291-fe5b-420e-96dd-cc603eda7741@group-ECFE57FBC26D-SegmentedRaftLogWorker] WARN  segmented.SegmentedRaftLogWorker (SegmentedRaftLogWorker.java:getFromFuture(90)) - Timeout 5/~
org.apache.ratis.protocol.TimeoutIOException: Timeout 10s: WriteLog:6: (t:1, i:6), STATEMACHINELOGENTRY, client-7FCCE946A079, cid=144-writeStateMachineData
	at org.apache.ratis.util.IOUtils.getFromFuture(IOUtils.java:87)
	at org.apache.ratis.server.raftlog.segmented.SegmentedRaftLogWorker$StateMachineDataPolicy.getFromFuture(SegmentedRaftLogWorker.java:87)
	at org.apache.ratis.server.raftlog.segmented.SegmentedRaftLogWorker$WriteLog.execute(SegmentedRaftLogWorker.java:477)
	at org.apache.ratis.server.raftlog.segmented.SegmentedRaftLogWorker.run(SegmentedRaftLogWorker.java:289)
	at java.lang.Thread.run(Thread.java:748)
Caused by: java.util.concurrent.TimeoutException
	at java.util.concurrent.CompletableFuture.timedGet(CompletableFuture.java:1771)
	at java.util.concurrent.CompletableFuture.get(CompletableFuture.java:1915)
	at org.apache.ratis.util.IOUtils.getFromFuture(IOUtils.java:79)
	... 4 more
2019-09-17 03:25:16,297 [12c7e022-5f96-4d2f-bd6c-0cb832bfe0bc@group-ECFE57FBC26D-SegmentedRaftLogWorker] WARN  segmented.SegmentedRaftLogWorker (SegmentedRaftLogWorker.java:getFromFuture(90)) - Timeout 5/~
org.apache.ratis.protocol.TimeoutIOException: Timeout 10s: WriteLog:8: (t:1, i:8), STATEMACHINELOGENTRY, client-7FCCE946A079, cid=146-writeStateMachineData
	at org.apache.ratis.util.IOUtils.getFromFuture(IOUtils.java:87)
	at org.apache.ratis.server.raftlog.segmented.SegmentedRaftLogWorker$StateMachineDataPolicy.getFromFuture(SegmentedRaftLogWorker.java:87)
	at org.apache.ratis.server.raftlog.segmented.SegmentedRaftLogWorker$WriteLog.execute(SegmentedRaftLogWorker.java:477)
	at org.apache.ratis.server.raftlog.segmented.SegmentedRaftLogWorker.run(SegmentedRaftLogWorker.java:289)
	at java.lang.Thread.run(Thread.java:748)
Caused by: java.util.concurrent.TimeoutException
	at java.util.concurrent.CompletableFuture.timedGet(CompletableFuture.java:1771)
	at java.util.concurrent.CompletableFuture.get(CompletableFuture.java:1915)
	at org.apache.ratis.util.IOUtils.getFromFuture(IOUtils.java:79)
	... 4 more
2019-09-17 03:25:16,495 [java.util.concurrent.ThreadPoolExecutor$Worker@65c2b252[State = -1, empty queue]] WARN  server.GrpcLogAppender (GrpcLogAppender.java:timeoutAppendRequest(200)) - ae9625dc-248e-414f-955f-fccc978916e7@group-ECFE57FBC26D->12c7e022-5f96-4d2f-bd6c-0cb832bfe0bc-GrpcLogAppender: appendEntries Timeout, request=ae9625dc-248e-414f-955f-fccc978916e7->12c7e022-5f96-4d2f-bd6c-0cb832bfe0bc#106-t1, previous=(t:1, i:10), leaderCommit=4, initializing? false, entries: <empty>
2019-09-17 03:25:16,495 [java.util.concurrent.ThreadPoolExecutor$Worker@c80a20e[State = -1, empty queue]] WARN  server.GrpcLogAppender (GrpcLogAppender.java:timeoutAppendRequest(200)) - ae9625dc-248e-414f-955f-fccc978916e7@group-ECFE57FBC26D->1b957291-fe5b-420e-96dd-cc603eda7741-GrpcLogAppender: appendEntries Timeout, request=ae9625dc-248e-414f-955f-fccc978916e7->1b957291-fe5b-420e-96dd-cc603eda7741#106-t1, previous=(t:1, i:10), leaderCommit=4, initializing? false, entries: <empty>
2019-09-17 03:25:16,511 [grpc-default-executor-2] INFO  client.GrpcClientProtocolClient (GrpcClientProtocolClient.java:onNext(264)) - client-7FCCE946A079->12c7e022-5f96-4d2f-bd6c-0cb832bfe0bc: receive RaftClientReply:client-7FCCE946A079->12c7e022-5f96-4d2f-bd6c-0cb832bfe0bc@group-ECFE57FBC26D, cid=143, FAILED org.apache.ratis.protocol.NotLeaderException: Server 12c7e022-5f96-4d2f-bd6c-0cb832bfe0bc@group-ECFE57FBC26D is not the leader ae9625dc-248e-414f-955f-fccc978916e7:192.168.151.92:37052, logIndex=0, commits[12c7e022-5f96-4d2f-bd6c-0cb832bfe0bc:c4, ae9625dc-248e-414f-955f-fccc978916e7:c4, 1b957291-fe5b-420e-96dd-cc603eda7741:c3]
2019-09-17 03:25:17,624 [grpc-default-executor-3] INFO  impl.RaftServerProxy (RaftServerProxy.java:remove(95)) - 2a454ec2-3cfa-49cf-9003-841835eb2002: remove group-89364A117DE9:null
2019-09-17 03:25:17,627 [RatisPipelineUtilsThread] WARN  pipeline.RatisPipelineUtils (RatisPipelineUtils.java:destroyPipeline(66)) - Pipeline destroy failed for pipeline=PipelineID=9b5330a7-e06f-4957-8ee5-89364a117de9 dn=2a454ec2-3cfa-49cf-9003-841835eb2002{ip: 192.168.151.92, host: pr-hdds-2139-j8dx6-1450124282, networkLocation: /default-rack, certSerialId: null}
2019-09-17 03:25:17,630 [grpc-default-executor-3] INFO  impl.RaftServerProxy (RaftServerProxy.java:remove(95)) - f255fb19-c941-42ad-8caf-606d85b027b3: remove group-89364A117DE9:null
2019-09-17 03:25:17,632 [RatisPipelineUtilsThread] WARN  pipeline.RatisPipelineUtils (RatisPipelineUtils.java:destroyPipeline(66)) - Pipeline destroy failed for pipeline=PipelineID=9b5330a7-e06f-4957-8ee5-89364a117de9 dn=f255fb19-c941-42ad-8caf-606d85b027b3{ip: 192.168.151.92, host: pr-hdds-2139-j8dx6-1450124282, networkLocation: /default-rack, certSerialId: null}
2019-09-17 03:25:17,635 [grpc-default-executor-3] INFO  impl.RaftServerProxy (RaftServerProxy.java:remove(95)) - fb5c35a7-52ed-48ed-856a-22aafd4627bf: remove group-89364A117DE9:null
2019-09-17 03:25:17,637 [RatisPipelineUtilsThread] WARN  pipeline.RatisPipelineUtils (RatisPipelineUtils.java:destroyPipeline(66)) - Pipeline destroy failed for pipeline=PipelineID=9b5330a7-e06f-4957-8ee5-89364a117de9 dn=fb5c35a7-52ed-48ed-856a-22aafd4627bf{ip: 192.168.151.92, host: pr-hdds-2139-j8dx6-1450124282, networkLocation: /default-rack, certSerialId: null}
2019-09-17 03:25:17,638 [RatisPipelineUtilsThread] ERROR pipeline.SCMPipelineManager (Scheduler.java:lambda$schedule$1(70)) - Destroy pipeline failed for pipeline:Pipeline[ Id: 9b5330a7-e06f-4957-8ee5-89364a117de9, Nodes: 2a454ec2-3cfa-49cf-9003-841835eb2002{ip: 192.168.151.92, host: pr-hdds-2139-j8dx6-1450124282, networkLocation: /default-rack, certSerialId: null}f255fb19-c941-42ad-8caf-606d85b027b3{ip: 192.168.151.92, host: pr-hdds-2139-j8dx6-1450124282, networkLocation: /default-rack, certSerialId: null}fb5c35a7-52ed-48ed-856a-22aafd4627bf{ip: 192.168.151.92, host: pr-hdds-2139-j8dx6-1450124282, networkLocation: /default-rack, certSerialId: null}, Type:RATIS, Factor:THREE, State:CLOSED]
org.apache.hadoop.hdds.scm.pipeline.PipelineNotFoundException: PipelineID=9b5330a7-e06f-4957-8ee5-89364a117de9 not found
	at org.apache.hadoop.hdds.scm.pipeline.PipelineStateMap.getPipeline(PipelineStateMap.java:132)
	at org.apache.hadoop.hdds.scm.pipeline.PipelineStateMap.removePipeline(PipelineStateMap.java:322)
	at org.apache.hadoop.hdds.scm.pipeline.PipelineStateManager.removePipeline(PipelineStateManager.java:107)
	at org.apache.hadoop.hdds.scm.pipeline.SCMPipelineManager.removePipeline(SCMPipelineManager.java:423)
	at org.apache.hadoop.hdds.scm.pipeline.SCMPipelineManager.destroyPipeline(SCMPipelineManager.java:409)
	at org.apache.hadoop.hdds.scm.pipeline.SCMPipelineManager.lambda$finalizeAndDestroyPipeline$0(SCMPipelineManager.java:318)
	at org.apache.hadoop.utils.Scheduler.lambda$schedule$1(Scheduler.java:68)
	at java.util.concurrent.Executors$RunnableAdapter.call(Executors.java:511)
	at java.util.concurrent.FutureTask.run(FutureTask.java:266)
	at java.util.concurrent.ScheduledThreadPoolExecutor$ScheduledFutureTask.access$201(ScheduledThreadPoolExecutor.java:180)
	at java.util.concurrent.ScheduledThreadPoolExecutor$ScheduledFutureTask.run(ScheduledThreadPoolExecutor.java:293)
	at java.util.concurrent.ThreadPoolExecutor.runWorker(ThreadPoolExecutor.java:1149)
	at java.util.concurrent.ThreadPoolExecutor$Worker.run(ThreadPoolExecutor.java:624)
	at java.lang.Thread.run(Thread.java:748)
2019-09-17 03:25:18,995 [java.util.concurrent.ThreadPoolExecutor$Worker@c80a20e[State = -1, empty queue]] WARN  server.GrpcLogAppender (GrpcLogAppender.java:timeoutAppendRequest(200)) - ae9625dc-248e-414f-955f-fccc978916e7@group-ECFE57FBC26D->1b957291-fe5b-420e-96dd-cc603eda7741-GrpcLogAppender: appendEntries Timeout, request=ae9625dc-248e-414f-955f-fccc978916e7->1b957291-fe5b-420e-96dd-cc603eda7741#107-t1, previous=(t:1, i:10), leaderCommit=4, initializing? false, entries: <empty>
2019-09-17 03:25:18,995 [java.util.concurrent.ThreadPoolExecutor$Worker@65c2b252[State = -1, empty queue]] WARN  server.GrpcLogAppender (GrpcLogAppender.java:timeoutAppendRequest(200)) - ae9625dc-248e-414f-955f-fccc978916e7@group-ECFE57FBC26D->12c7e022-5f96-4d2f-bd6c-0cb832bfe0bc-GrpcLogAppender: appendEntries Timeout, request=ae9625dc-248e-414f-955f-fccc978916e7->12c7e022-5f96-4d2f-bd6c-0cb832bfe0bc#107-t1, previous=(t:1, i:10), leaderCommit=4, initializing? false, entries: <empty>
2019-09-17 03:25:19,628 [grpc-default-executor-3] INFO  impl.RaftServerProxy (RaftServerProxy.java:remove(95)) - 2a454ec2-3cfa-49cf-9003-841835eb2002: remove group-89364A117DE9:null
2019-09-17 03:25:19,633 [RatisPipelineUtilsThread] WARN  pipeline.RatisPipelineUtils (RatisPipelineUtils.java:destroyPipeline(66)) - Pipeline destroy failed for pipeline=PipelineID=9b5330a7-e06f-4957-8ee5-89364a117de9 dn=2a454ec2-3cfa-49cf-9003-841835eb2002{ip: 192.168.151.92, host: pr-hdds-2139-j8dx6-1450124282, networkLocation: /default-rack, certSerialId: null}
2019-09-17 03:25:19,636 [grpc-default-executor-3] INFO  impl.RaftServerProxy (RaftServerProxy.java:remove(95)) - f255fb19-c941-42ad-8caf-606d85b027b3: remove group-89364A117DE9:null
2019-09-17 03:25:19,639 [RatisPipelineUtilsThread] WARN  pipeline.RatisPipelineUtils (RatisPipelineUtils.java:destroyPipeline(66)) - Pipeline destroy failed for pipeline=PipelineID=9b5330a7-e06f-4957-8ee5-89364a117de9 dn=f255fb19-c941-42ad-8caf-606d85b027b3{ip: 192.168.151.92, host: pr-hdds-2139-j8dx6-1450124282, networkLocation: /default-rack, certSerialId: null}
2019-09-17 03:25:19,642 [grpc-default-executor-3] INFO  impl.RaftServerProxy (RaftServerProxy.java:remove(95)) - fb5c35a7-52ed-48ed-856a-22aafd4627bf: remove group-89364A117DE9:null
2019-09-17 03:25:19,644 [RatisPipelineUtilsThread] WARN  pipeline.RatisPipelineUtils (RatisPipelineUtils.java:destroyPipeline(66)) - Pipeline destroy failed for pipeline=PipelineID=9b5330a7-e06f-4957-8ee5-89364a117de9 dn=fb5c35a7-52ed-48ed-856a-22aafd4627bf{ip: 192.168.151.92, host: pr-hdds-2139-j8dx6-1450124282, networkLocation: /default-rack, certSerialId: null}
2019-09-17 03:25:19,645 [RatisPipelineUtilsThread] ERROR pipeline.SCMPipelineManager (Scheduler.java:lambda$schedule$1(70)) - Destroy pipeline failed for pipeline:Pipeline[ Id: 9b5330a7-e06f-4957-8ee5-89364a117de9, Nodes: 2a454ec2-3cfa-49cf-9003-841835eb2002{ip: 192.168.151.92, host: pr-hdds-2139-j8dx6-1450124282, networkLocation: /default-rack, certSerialId: null}f255fb19-c941-42ad-8caf-606d85b027b3{ip: 192.168.151.92, host: pr-hdds-2139-j8dx6-1450124282, networkLocation: /default-rack, certSerialId: null}fb5c35a7-52ed-48ed-856a-22aafd4627bf{ip: 192.168.151.92, host: pr-hdds-2139-j8dx6-1450124282, networkLocation: /default-rack, certSerialId: null}, Type:RATIS, Factor:THREE, State:CLOSED]
org.apache.hadoop.hdds.scm.pipeline.PipelineNotFoundException: PipelineID=9b5330a7-e06f-4957-8ee5-89364a117de9 not found
	at org.apache.hadoop.hdds.scm.pipeline.PipelineStateMap.getPipeline(PipelineStateMap.java:132)
	at org.apache.hadoop.hdds.scm.pipeline.PipelineStateMap.removePipeline(PipelineStateMap.java:322)
	at org.apache.hadoop.hdds.scm.pipeline.PipelineStateManager.removePipeline(PipelineStateManager.java:107)
	at org.apache.hadoop.hdds.scm.pipeline.SCMPipelineManager.removePipeline(SCMPipelineManager.java:423)
	at org.apache.hadoop.hdds.scm.pipeline.SCMPipelineManager.destroyPipeline(SCMPipelineManager.java:409)
	at org.apache.hadoop.hdds.scm.pipeline.SCMPipelineManager.lambda$finalizeAndDestroyPipeline$0(SCMPipelineManager.java:318)
	at org.apache.hadoop.utils.Scheduler.lambda$schedule$1(Scheduler.java:68)
	at java.util.concurrent.Executors$RunnableAdapter.call(Executors.java:511)
	at java.util.concurrent.FutureTask.run(FutureTask.java:266)
	at java.util.concurrent.ScheduledThreadPoolExecutor$ScheduledFutureTask.access$201(ScheduledThreadPoolExecutor.java:180)
	at java.util.concurrent.ScheduledThreadPoolExecutor$ScheduledFutureTask.run(ScheduledThreadPoolExecutor.java:293)
	at java.util.concurrent.ThreadPoolExecutor.runWorker(ThreadPoolExecutor.java:1149)
	at java.util.concurrent.ThreadPoolExecutor$Worker.run(ThreadPoolExecutor.java:624)
	at java.lang.Thread.run(Thread.java:748)
2019-09-17 03:25:20,614 [grpc-default-executor-3] INFO  impl.RaftServerProxy (RaftServerProxy.java:remove(95)) - 2a454ec2-3cfa-49cf-9003-841835eb2002: remove group-89364A117DE9:null
2019-09-17 03:25:20,618 [RatisPipelineUtilsThread] WARN  pipeline.RatisPipelineUtils (RatisPipelineUtils.java:destroyPipeline(66)) - Pipeline destroy failed for pipeline=PipelineID=9b5330a7-e06f-4957-8ee5-89364a117de9 dn=2a454ec2-3cfa-49cf-9003-841835eb2002{ip: 192.168.151.92, host: pr-hdds-2139-j8dx6-1450124282, networkLocation: /default-rack, certSerialId: null}
2019-09-17 03:25:20,621 [grpc-default-executor-3] INFO  impl.RaftServerProxy (RaftServerProxy.java:remove(95)) - f255fb19-c941-42ad-8caf-606d85b027b3: remove group-89364A117DE9:null
2019-09-17 03:25:20,624 [RatisPipelineUtilsThread] WARN  pipeline.RatisPipelineUtils (RatisPipelineUtils.java:destroyPipeline(66)) - Pipeline destroy failed for pipeline=PipelineID=9b5330a7-e06f-4957-8ee5-89364a117de9 dn=f255fb19-c941-42ad-8caf-606d85b027b3{ip: 192.168.151.92, host: pr-hdds-2139-j8dx6-1450124282, networkLocation: /default-rack, certSerialId: null}
2019-09-17 03:25:20,627 [grpc-default-executor-3] INFO  impl.RaftServerProxy (RaftServerProxy.java:remove(95)) - fb5c35a7-52ed-48ed-856a-22aafd4627bf: remove group-89364A117DE9:null
2019-09-17 03:25:20,629 [RatisPipelineUtilsThread] WARN  pipeline.RatisPipelineUtils (RatisPipelineUtils.java:destroyPipeline(66)) - Pipeline destroy failed for pipeline=PipelineID=9b5330a7-e06f-4957-8ee5-89364a117de9 dn=fb5c35a7-52ed-48ed-856a-22aafd4627bf{ip: 192.168.151.92, host: pr-hdds-2139-j8dx6-1450124282, networkLocation: /default-rack, certSerialId: null}
2019-09-17 03:25:20,629 [RatisPipelineUtilsThread] ERROR pipeline.SCMPipelineManager (Scheduler.java:lambda$schedule$1(70)) - Destroy pipeline failed for pipeline:Pipeline[ Id: 9b5330a7-e06f-4957-8ee5-89364a117de9, Nodes: 2a454ec2-3cfa-49cf-9003-841835eb2002{ip: 192.168.151.92, host: pr-hdds-2139-j8dx6-1450124282, networkLocation: /default-rack, certSerialId: null}f255fb19-c941-42ad-8caf-606d85b027b3{ip: 192.168.151.92, host: pr-hdds-2139-j8dx6-1450124282, networkLocation: /default-rack, certSerialId: null}fb5c35a7-52ed-48ed-856a-22aafd4627bf{ip: 192.168.151.92, host: pr-hdds-2139-j8dx6-1450124282, networkLocation: /default-rack, certSerialId: null}, Type:RATIS, Factor:THREE, State:CLOSED]
org.apache.hadoop.hdds.scm.pipeline.PipelineNotFoundException: PipelineID=9b5330a7-e06f-4957-8ee5-89364a117de9 not found
	at org.apache.hadoop.hdds.scm.pipeline.PipelineStateMap.getPipeline(PipelineStateMap.java:132)
	at org.apache.hadoop.hdds.scm.pipeline.PipelineStateMap.removePipeline(PipelineStateMap.java:322)
	at org.apache.hadoop.hdds.scm.pipeline.PipelineStateManager.removePipeline(PipelineStateManager.java:107)
	at org.apache.hadoop.hdds.scm.pipeline.SCMPipelineManager.removePipeline(SCMPipelineManager.java:423)
	at org.apache.hadoop.hdds.scm.pipeline.SCMPipelineManager.destroyPipeline(SCMPipelineManager.java:409)
	at org.apache.hadoop.hdds.scm.pipeline.SCMPipelineManager.lambda$finalizeAndDestroyPipeline$0(SCMPipelineManager.java:318)
	at org.apache.hadoop.utils.Scheduler.lambda$schedule$1(Scheduler.java:68)
	at java.util.concurrent.Executors$RunnableAdapter.call(Executors.java:511)
	at java.util.concurrent.FutureTask.run(FutureTask.java:266)
	at java.util.concurrent.ScheduledThreadPoolExecutor$ScheduledFutureTask.access$201(ScheduledThreadPoolExecutor.java:180)
	at java.util.concurrent.ScheduledThreadPoolExecutor$ScheduledFutureTask.run(ScheduledThreadPoolExecutor.java:293)
	at java.util.concurrent.ThreadPoolExecutor.runWorker(ThreadPoolExecutor.java:1149)
	at java.util.concurrent.ThreadPoolExecutor$Worker.run(ThreadPoolExecutor.java:624)
	at java.lang.Thread.run(Thread.java:748)
2019-09-17 03:25:20,837 [grpc-default-executor-3] INFO  impl.RaftServerProxy (RaftServerProxy.java:remove(95)) - 2a454ec2-3cfa-49cf-9003-841835eb2002: remove group-89364A117DE9:null
2019-09-17 03:25:20,839 [RatisPipelineUtilsThread] WARN  pipeline.RatisPipelineUtils (RatisPipelineUtils.java:destroyPipeline(66)) - Pipeline destroy failed for pipeline=PipelineID=9b5330a7-e06f-4957-8ee5-89364a117de9 dn=2a454ec2-3cfa-49cf-9003-841835eb2002{ip: 192.168.151.92, host: pr-hdds-2139-j8dx6-1450124282, networkLocation: /default-rack, certSerialId: null}
2019-09-17 03:25:20,842 [grpc-default-executor-3] INFO  impl.RaftServerProxy (RaftServerProxy.java:remove(95)) - f255fb19-c941-42ad-8caf-606d85b027b3: remove group-89364A117DE9:null
2019-09-17 03:25:20,843 [RatisPipelineUtilsThread] WARN  pipeline.RatisPipelineUtils (RatisPipelineUtils.java:destroyPipeline(66)) - Pipeline destroy failed for pipeline=PipelineID=9b5330a7-e06f-4957-8ee5-89364a117de9 dn=f255fb19-c941-42ad-8caf-606d85b027b3{ip: 192.168.151.92, host: pr-hdds-2139-j8dx6-1450124282, networkLocation: /default-rack, certSerialId: null}
2019-09-17 03:25:20,846 [grpc-default-executor-3] INFO  impl.RaftServerProxy (RaftServerProxy.java:remove(95)) - fb5c35a7-52ed-48ed-856a-22aafd4627bf: remove group-89364A117DE9:null
2019-09-17 03:25:20,848 [RatisPipelineUtilsThread] WARN  pipeline.RatisPipelineUtils (RatisPipelineUtils.java:destroyPipeline(66)) - Pipeline destroy failed for pipeline=PipelineID=9b5330a7-e06f-4957-8ee5-89364a117de9 dn=fb5c35a7-52ed-48ed-856a-22aafd4627bf{ip: 192.168.151.92, host: pr-hdds-2139-j8dx6-1450124282, networkLocation: /default-rack, certSerialId: null}
2019-09-17 03:25:20,848 [RatisPipelineUtilsThread] ERROR pipeline.SCMPipelineManager (Scheduler.java:lambda$schedule$1(70)) - Destroy pipeline failed for pipeline:Pipeline[ Id: 9b5330a7-e06f-4957-8ee5-89364a117de9, Nodes: 2a454ec2-3cfa-49cf-9003-841835eb2002{ip: 192.168.151.92, host: pr-hdds-2139-j8dx6-1450124282, networkLocation: /default-rack, certSerialId: null}f255fb19-c941-42ad-8caf-606d85b027b3{ip: 192.168.151.92, host: pr-hdds-2139-j8dx6-1450124282, networkLocation: /default-rack, certSerialId: null}fb5c35a7-52ed-48ed-856a-22aafd4627bf{ip: 192.168.151.92, host: pr-hdds-2139-j8dx6-1450124282, networkLocation: /default-rack, certSerialId: null}, Type:RATIS, Factor:THREE, State:CLOSED]
org.apache.hadoop.hdds.scm.pipeline.PipelineNotFoundException: PipelineID=9b5330a7-e06f-4957-8ee5-89364a117de9 not found
	at org.apache.hadoop.hdds.scm.pipeline.PipelineStateMap.getPipeline(PipelineStateMap.java:132)
	at org.apache.hadoop.hdds.scm.pipeline.PipelineStateMap.removePipeline(PipelineStateMap.java:322)
	at org.apache.hadoop.hdds.scm.pipeline.PipelineStateManager.removePipeline(PipelineStateManager.java:107)
	at org.apache.hadoop.hdds.scm.pipeline.SCMPipelineManager.removePipeline(SCMPipelineManager.java:423)
	at org.apache.hadoop.hdds.scm.pipeline.SCMPipelineManager.destroyPipeline(SCMPipelineManager.java:409)
	at org.apache.hadoop.hdds.scm.pipeline.SCMPipelineManager.lambda$finalizeAndDestroyPipeline$0(SCMPipelineManager.java:318)
	at org.apache.hadoop.utils.Scheduler.lambda$schedule$1(Scheduler.java:68)
	at java.util.concurrent.Executors$RunnableAdapter.call(Executors.java:511)
	at java.util.concurrent.FutureTask.run(FutureTask.java:266)
	at java.util.concurrent.ScheduledThreadPoolExecutor$ScheduledFutureTask.access$201(ScheduledThreadPoolExecutor.java:180)
	at java.util.concurrent.ScheduledThreadPoolExecutor$ScheduledFutureTask.run(ScheduledThreadPoolExecutor.java:293)
	at java.util.concurrent.ThreadPoolExecutor.runWorker(ThreadPoolExecutor.java:1149)
	at java.util.concurrent.ThreadPoolExecutor$Worker.run(ThreadPoolExecutor.java:624)
	at java.lang.Thread.run(Thread.java:748)
2019-09-17 03:25:21,005 [grpc-default-executor-3] INFO  impl.RaftServerProxy (RaftServerProxy.java:remove(95)) - 2a454ec2-3cfa-49cf-9003-841835eb2002: remove group-89364A117DE9:null
2019-09-17 03:25:21,007 [RatisPipelineUtilsThread] WARN  pipeline.RatisPipelineUtils (RatisPipelineUtils.java:destroyPipeline(66)) - Pipeline destroy failed for pipeline=PipelineID=9b5330a7-e06f-4957-8ee5-89364a117de9 dn=2a454ec2-3cfa-49cf-9003-841835eb2002{ip: 192.168.151.92, host: pr-hdds-2139-j8dx6-1450124282, networkLocation: /default-rack, certSerialId: null}
2019-09-17 03:25:21,010 [grpc-default-executor-3] INFO  impl.RaftServerProxy (RaftServerProxy.java:remove(95)) - f255fb19-c941-42ad-8caf-606d85b027b3: remove group-89364A117DE9:null
2019-09-17 03:25:21,012 [RatisPipelineUtilsThread] WARN  pipeline.RatisPipelineUtils (RatisPipelineUtils.java:destroyPipeline(66)) - Pipeline destroy failed for pipeline=PipelineID=9b5330a7-e06f-4957-8ee5-89364a117de9 dn=f255fb19-c941-42ad-8caf-606d85b027b3{ip: 192.168.151.92, host: pr-hdds-2139-j8dx6-1450124282, networkLocation: /default-rack, certSerialId: null}
2019-09-17 03:25:21,015 [grpc-default-executor-3] INFO  impl.RaftServerProxy (RaftServerProxy.java:remove(95)) - fb5c35a7-52ed-48ed-856a-22aafd4627bf: remove group-89364A117DE9:null
2019-09-17 03:25:21,017 [RatisPipelineUtilsThread] WARN  pipeline.RatisPipelineUtils (RatisPipelineUtils.java:destroyPipeline(66)) - Pipeline destroy failed for pipeline=PipelineID=9b5330a7-e06f-4957-8ee5-89364a117de9 dn=fb5c35a7-52ed-48ed-856a-22aafd4627bf{ip: 192.168.151.92, host: pr-hdds-2139-j8dx6-1450124282, networkLocation: /default-rack, certSerialId: null}
2019-09-17 03:25:21,017 [RatisPipelineUtilsThread] ERROR pipeline.SCMPipelineManager (Scheduler.java:lambda$schedule$1(70)) - Destroy pipeline failed for pipeline:Pipeline[ Id: 9b5330a7-e06f-4957-8ee5-89364a117de9, Nodes: 2a454ec2-3cfa-49cf-9003-841835eb2002{ip: 192.168.151.92, host: pr-hdds-2139-j8dx6-1450124282, networkLocation: /default-rack, certSerialId: null}f255fb19-c941-42ad-8caf-606d85b027b3{ip: 192.168.151.92, host: pr-hdds-2139-j8dx6-1450124282, networkLocation: /default-rack, certSerialId: null}fb5c35a7-52ed-48ed-856a-22aafd4627bf{ip: 192.168.151.92, host: pr-hdds-2139-j8dx6-1450124282, networkLocation: /default-rack, certSerialId: null}, Type:RATIS, Factor:THREE, State:CLOSED]
org.apache.hadoop.hdds.scm.pipeline.PipelineNotFoundException: PipelineID=9b5330a7-e06f-4957-8ee5-89364a117de9 not found
	at org.apache.hadoop.hdds.scm.pipeline.PipelineStateMap.getPipeline(PipelineStateMap.java:132)
	at org.apache.hadoop.hdds.scm.pipeline.PipelineStateMap.removePipeline(PipelineStateMap.java:322)
	at org.apache.hadoop.hdds.scm.pipeline.PipelineStateManager.removePipeline(PipelineStateManager.java:107)
	at org.apache.hadoop.hdds.scm.pipeline.SCMPipelineManager.removePipeline(SCMPipelineManager.java:423)
	at org.apache.hadoop.hdds.scm.pipeline.SCMPipelineManager.destroyPipeline(SCMPipelineManager.java:409)
	at org.apache.hadoop.hdds.scm.pipeline.SCMPipelineManager.lambda$finalizeAndDestroyPipeline$0(SCMPipelineManager.java:318)
	at org.apache.hadoop.utils.Scheduler.lambda$schedule$1(Scheduler.java:68)
	at java.util.concurrent.Executors$RunnableAdapter.call(Executors.java:511)
	at java.util.concurrent.FutureTask.run(FutureTask.java:266)
	at java.util.concurrent.ScheduledThreadPoolExecutor$ScheduledFutureTask.access$201(ScheduledThreadPoolExecutor.java:180)
	at java.util.concurrent.ScheduledThreadPoolExecutor$ScheduledFutureTask.run(ScheduledThreadPoolExecutor.java:293)
	at java.util.concurrent.ThreadPoolExecutor.runWorker(ThreadPoolExecutor.java:1149)
	at java.util.concurrent.ThreadPoolExecutor$Worker.run(ThreadPoolExecutor.java:624)
	at java.lang.Thread.run(Thread.java:748)
2019-09-17 03:25:21,495 [java.util.concurrent.ThreadPoolExecutor$Worker@c80a20e[State = -1, empty queue]] WARN  server.GrpcLogAppender (GrpcLogAppender.java:timeoutAppendRequest(200)) - ae9625dc-248e-414f-955f-fccc978916e7@group-ECFE57FBC26D->1b957291-fe5b-420e-96dd-cc603eda7741-GrpcLogAppender: appendEntries Timeout, request=ae9625dc-248e-414f-955f-fccc978916e7->1b957291-fe5b-420e-96dd-cc603eda7741#108-t1, previous=(t:1, i:10), leaderCommit=4, initializing? false, entries: <empty>
2019-09-17 03:25:21,495 [java.util.concurrent.ThreadPoolExecutor$Worker@65c2b252[State = -1, empty queue]] WARN  server.GrpcLogAppender (GrpcLogAppender.java:timeoutAppendRequest(200)) - ae9625dc-248e-414f-955f-fccc978916e7@group-ECFE57FBC26D->12c7e022-5f96-4d2f-bd6c-0cb832bfe0bc-GrpcLogAppender: appendEntries Timeout, request=ae9625dc-248e-414f-955f-fccc978916e7->12c7e022-5f96-4d2f-bd6c-0cb832bfe0bc#108-t1, previous=(t:1, i:10), leaderCommit=4, initializing? false, entries: <empty>
2019-09-17 03:25:21,566 [grpc-default-executor-3] INFO  client.GrpcClientProtocolClient (GrpcClientProtocolClient.java:onNext(264)) - client-7FCCE946A079->1b957291-fe5b-420e-96dd-cc603eda7741: receive RaftClientReply:client-7FCCE946A079->1b957291-fe5b-420e-96dd-cc603eda7741@group-ECFE57FBC26D, cid=143, FAILED org.apache.ratis.protocol.NotLeaderException: Server 1b957291-fe5b-420e-96dd-cc603eda7741@group-ECFE57FBC26D is not the leader ae9625dc-248e-414f-955f-fccc978916e7:192.168.151.92:37052, logIndex=0, commits[1b957291-fe5b-420e-96dd-cc603eda7741:c4, ae9625dc-248e-414f-955f-fccc978916e7:c4, 12c7e022-5f96-4d2f-bd6c-0cb832bfe0bc:c3]
2019-09-17 03:25:23,996 [java.util.concurrent.ThreadPoolExecutor$Worker@c80a20e[State = -1, empty queue]] WARN  server.GrpcLogAppender (GrpcLogAppender.java:timeoutAppendRequest(200)) - ae9625dc-248e-414f-955f-fccc978916e7@group-ECFE57FBC26D->1b957291-fe5b-420e-96dd-cc603eda7741-GrpcLogAppender: appendEntries Timeout, request=ae9625dc-248e-414f-955f-fccc978916e7->1b957291-fe5b-420e-96dd-cc603eda7741#109-t1, previous=(t:1, i:10), leaderCommit=4, initializing? false, entries: <empty>
2019-09-17 03:25:23,996 [java.util.concurrent.ThreadPoolExecutor$Worker@65c2b252[State = -1, empty queue]] WARN  server.GrpcLogAppender (GrpcLogAppender.java:timeoutAppendRequest(200)) - ae9625dc-248e-414f-955f-fccc978916e7@group-ECFE57FBC26D->12c7e022-5f96-4d2f-bd6c-0cb832bfe0bc-GrpcLogAppender: appendEntries Timeout, request=ae9625dc-248e-414f-955f-fccc978916e7->12c7e022-5f96-4d2f-bd6c-0cb832bfe0bc#109-t1, previous=(t:1, i:10), leaderCommit=4, initializing? false, entries: <empty>
2019-09-17 03:25:25,986 [ae9625dc-248e-414f-955f-fccc978916e7@group-ECFE57FBC26D-SegmentedRaftLogWorker] WARN  segmented.SegmentedRaftLogWorker (SegmentedRaftLogWorker.java:getFromFuture(90)) - Timeout 6/~
org.apache.ratis.protocol.TimeoutIOException: Timeout 10s: WriteLog:5: (t:1, i:5), STATEMACHINELOGENTRY, client-7FCCE946A079, cid=143-writeStateMachineData
	at org.apache.ratis.util.IOUtils.getFromFuture(IOUtils.java:87)
	at org.apache.ratis.server.raftlog.segmented.SegmentedRaftLogWorker$StateMachineDataPolicy.getFromFuture(SegmentedRaftLogWorker.java:87)
	at org.apache.ratis.server.raftlog.segmented.SegmentedRaftLogWorker$WriteLog.execute(SegmentedRaftLogWorker.java:477)
	at org.apache.ratis.server.raftlog.segmented.SegmentedRaftLogWorker.run(SegmentedRaftLogWorker.java:289)
	at java.lang.Thread.run(Thread.java:748)
Caused by: java.util.concurrent.TimeoutException
	at java.util.concurrent.CompletableFuture.timedGet(CompletableFuture.java:1771)
	at java.util.concurrent.CompletableFuture.get(CompletableFuture.java:1915)
	at org.apache.ratis.util.IOUtils.getFromFuture(IOUtils.java:79)
	... 4 more
2019-09-17 03:25:26,298 [12c7e022-5f96-4d2f-bd6c-0cb832bfe0bc@group-ECFE57FBC26D-SegmentedRaftLogWorker] WARN  segmented.SegmentedRaftLogWorker (SegmentedRaftLogWorker.java:getFromFuture(90)) - Timeout 6/~
org.apache.ratis.protocol.TimeoutIOException: Timeout 10s: WriteLog:8: (t:1, i:8), STATEMACHINELOGENTRY, client-7FCCE946A079, cid=146-writeStateMachineData
	at org.apache.ratis.util.IOUtils.getFromFuture(IOUtils.java:87)
	at org.apache.ratis.server.raftlog.segmented.SegmentedRaftLogWorker$StateMachineDataPolicy.getFromFuture(SegmentedRaftLogWorker.java:87)
	at org.apache.ratis.server.raftlog.segmented.SegmentedRaftLogWorker$WriteLog.execute(SegmentedRaftLogWorker.java:477)
	at org.apache.ratis.server.raftlog.segmented.SegmentedRaftLogWorker.run(SegmentedRaftLogWorker.java:289)
	at java.lang.Thread.run(Thread.java:748)
Caused by: java.util.concurrent.TimeoutException
	at java.util.concurrent.CompletableFuture.timedGet(CompletableFuture.java:1771)
	at java.util.concurrent.CompletableFuture.get(CompletableFuture.java:1915)
	at org.apache.ratis.util.IOUtils.getFromFuture(IOUtils.java:79)
	... 4 more
2019-09-17 03:25:26,298 [1b957291-fe5b-420e-96dd-cc603eda7741@group-ECFE57FBC26D-SegmentedRaftLogWorker] WARN  segmented.SegmentedRaftLogWorker (SegmentedRaftLogWorker.java:getFromFuture(90)) - Timeout 6/~
org.apache.ratis.protocol.TimeoutIOException: Timeout 10s: WriteLog:6: (t:1, i:6), STATEMACHINELOGENTRY, client-7FCCE946A079, cid=144-writeStateMachineData
	at org.apache.ratis.util.IOUtils.getFromFuture(IOUtils.java:87)
	at org.apache.ratis.server.raftlog.segmented.SegmentedRaftLogWorker$StateMachineDataPolicy.getFromFuture(SegmentedRaftLogWorker.java:87)
	at org.apache.ratis.server.raftlog.segmented.SegmentedRaftLogWorker$WriteLog.execute(SegmentedRaftLogWorker.java:477)
	at org.apache.ratis.server.raftlog.segmented.SegmentedRaftLogWorker.run(SegmentedRaftLogWorker.java:289)
	at java.lang.Thread.run(Thread.java:748)
Caused by: java.util.concurrent.TimeoutException
	at java.util.concurrent.CompletableFuture.timedGet(CompletableFuture.java:1771)
	at java.util.concurrent.CompletableFuture.get(CompletableFuture.java:1915)
	at org.apache.ratis.util.IOUtils.getFromFuture(IOUtils.java:79)
	... 4 more
2019-09-17 03:25:26,496 [java.util.concurrent.ThreadPoolExecutor$Worker@65c2b252[State = -1, empty queue]] WARN  server.GrpcLogAppender (GrpcLogAppender.java:timeoutAppendRequest(200)) - ae9625dc-248e-414f-955f-fccc978916e7@group-ECFE57FBC26D->12c7e022-5f96-4d2f-bd6c-0cb832bfe0bc-GrpcLogAppender: appendEntries Timeout, request=ae9625dc-248e-414f-955f-fccc978916e7->12c7e022-5f96-4d2f-bd6c-0cb832bfe0bc#110-t1, previous=(t:1, i:10), leaderCommit=4, initializing? false, entries: <empty>
2019-09-17 03:25:26,496 [java.util.concurrent.ThreadPoolExecutor$Worker@c80a20e[State = -1, empty queue]] WARN  server.GrpcLogAppender (GrpcLogAppender.java:timeoutAppendRequest(200)) - ae9625dc-248e-414f-955f-fccc978916e7@group-ECFE57FBC26D->1b957291-fe5b-420e-96dd-cc603eda7741-GrpcLogAppender: appendEntries Timeout, request=ae9625dc-248e-414f-955f-fccc978916e7->1b957291-fe5b-420e-96dd-cc603eda7741#110-t1, previous=(t:1, i:10), leaderCommit=4, initializing? false, entries: <empty>
2019-09-17 03:25:26,614 [grpc-default-executor-2] INFO  client.GrpcClientProtocolClient (GrpcClientProtocolClient.java:onNext(264)) - client-7FCCE946A079->1b957291-fe5b-420e-96dd-cc603eda7741: receive RaftClientReply:client-7FCCE946A079->1b957291-fe5b-420e-96dd-cc603eda7741@group-ECFE57FBC26D, cid=143, FAILED org.apache.ratis.protocol.NotLeaderException: Server 1b957291-fe5b-420e-96dd-cc603eda7741@group-ECFE57FBC26D is not the leader ae9625dc-248e-414f-955f-fccc978916e7:192.168.151.92:37052, logIndex=0, commits[1b957291-fe5b-420e-96dd-cc603eda7741:c4, ae9625dc-248e-414f-955f-fccc978916e7:c4, 12c7e022-5f96-4d2f-bd6c-0cb832bfe0bc:c3]
2019-09-17 03:25:28,997 [java.util.concurrent.ThreadPoolExecutor$Worker@c80a20e[State = -1, empty queue]] WARN  server.GrpcLogAppender (GrpcLogAppender.java:timeoutAppendRequest(200)) - ae9625dc-248e-414f-955f-fccc978916e7@group-ECFE57FBC26D->1b957291-fe5b-420e-96dd-cc603eda7741-GrpcLogAppender: appendEntries Timeout, request=ae9625dc-248e-414f-955f-fccc978916e7->1b957291-fe5b-420e-96dd-cc603eda7741#111-t1, previous=(t:1, i:10), leaderCommit=4, initializing? false, entries: <empty>
2019-09-17 03:25:28,997 [java.util.concurrent.ThreadPoolExecutor$Worker@65c2b252[State = -1, empty queue]] WARN  server.GrpcLogAppender (GrpcLogAppender.java:timeoutAppendRequest(200)) - ae9625dc-248e-414f-955f-fccc978916e7@group-ECFE57FBC26D->12c7e022-5f96-4d2f-bd6c-0cb832bfe0bc-GrpcLogAppender: appendEntries Timeout, request=ae9625dc-248e-414f-955f-fccc978916e7->12c7e022-5f96-4d2f-bd6c-0cb832bfe0bc#111-t1, previous=(t:1, i:10), leaderCommit=4, initializing? false, entries: <empty>
2019-09-17 03:25:31,622 [java.util.concurrent.ThreadPoolExecutor$Worker@65c2b252[State = -1, empty queue]] WARN  server.GrpcLogAppender (GrpcLogAppender.java:timeoutAppendRequest(200)) - ae9625dc-248e-414f-955f-fccc978916e7@group-ECFE57FBC26D->12c7e022-5f96-4d2f-bd6c-0cb832bfe0bc-GrpcLogAppender: appendEntries Timeout, request=ae9625dc-248e-414f-955f-fccc978916e7->12c7e022-5f96-4d2f-bd6c-0cb832bfe0bc#112-t1, previous=(t:1, i:10), leaderCommit=4, initializing? false, entries: <empty>
2019-09-17 03:25:31,622 [java.util.concurrent.ThreadPoolExecutor$Worker@c80a20e[State = -1, empty queue]] WARN  server.GrpcLogAppender (GrpcLogAppender.java:timeoutAppendRequest(200)) - ae9625dc-248e-414f-955f-fccc978916e7@group-ECFE57FBC26D->1b957291-fe5b-420e-96dd-cc603eda7741-GrpcLogAppender: appendEntries Timeout, request=ae9625dc-248e-414f-955f-fccc978916e7->1b957291-fe5b-420e-96dd-cc603eda7741#112-t1, previous=(t:1, i:10), leaderCommit=4, initializing? false, entries: <empty>
2019-09-17 03:25:31,653 [grpc-default-executor-2] INFO  client.GrpcClientProtocolClient (GrpcClientProtocolClient.java:onNext(264)) - client-7FCCE946A079->1b957291-fe5b-420e-96dd-cc603eda7741: receive RaftClientReply:client-7FCCE946A079->1b957291-fe5b-420e-96dd-cc603eda7741@group-ECFE57FBC26D, cid=143, FAILED org.apache.ratis.protocol.NotLeaderException: Server 1b957291-fe5b-420e-96dd-cc603eda7741@group-ECFE57FBC26D is not the leader ae9625dc-248e-414f-955f-fccc978916e7:192.168.151.92:37052, logIndex=0, commits[1b957291-fe5b-420e-96dd-cc603eda7741:c4, ae9625dc-248e-414f-955f-fccc978916e7:c4, 12c7e022-5f96-4d2f-bd6c-0cb832bfe0bc:c3]
2019-09-17 03:25:33,997 [java.util.concurrent.ThreadPoolExecutor$Worker@c80a20e[State = -1, empty queue]] WARN  server.GrpcLogAppender (GrpcLogAppender.java:timeoutAppendRequest(200)) - ae9625dc-248e-414f-955f-fccc978916e7@group-ECFE57FBC26D->1b957291-fe5b-420e-96dd-cc603eda7741-GrpcLogAppender: appendEntries Timeout, request=ae9625dc-248e-414f-955f-fccc978916e7->1b957291-fe5b-420e-96dd-cc603eda7741#113-t1, previous=(t:1, i:10), leaderCommit=4, initializing? false, entries: <empty>
2019-09-17 03:25:33,997 [java.util.concurrent.ThreadPoolExecutor$Worker@65c2b252[State = -1, empty queue]] WARN  server.GrpcLogAppender (GrpcLogAppender.java:timeoutAppendRequest(200)) - ae9625dc-248e-414f-955f-fccc978916e7@group-ECFE57FBC26D->12c7e022-5f96-4d2f-bd6c-0cb832bfe0bc-GrpcLogAppender: appendEntries Timeout, request=ae9625dc-248e-414f-955f-fccc978916e7->12c7e022-5f96-4d2f-bd6c-0cb832bfe0bc#113-t1, previous=(t:1, i:10), leaderCommit=4, initializing? false, entries: <empty>
2019-09-17 03:25:35,988 [ae9625dc-248e-414f-955f-fccc978916e7@group-ECFE57FBC26D-SegmentedRaftLogWorker] WARN  segmented.SegmentedRaftLogWorker (SegmentedRaftLogWorker.java:getFromFuture(90)) - Timeout 7/~
org.apache.ratis.protocol.TimeoutIOException: Timeout 10s: WriteLog:5: (t:1, i:5), STATEMACHINELOGENTRY, client-7FCCE946A079, cid=143-writeStateMachineData
	at org.apache.ratis.util.IOUtils.getFromFuture(IOUtils.java:87)
	at org.apache.ratis.server.raftlog.segmented.SegmentedRaftLogWorker$StateMachineDataPolicy.getFromFuture(SegmentedRaftLogWorker.java:87)
	at org.apache.ratis.server.raftlog.segmented.SegmentedRaftLogWorker$WriteLog.execute(SegmentedRaftLogWorker.java:477)
	at org.apache.ratis.server.raftlog.segmented.SegmentedRaftLogWorker.run(SegmentedRaftLogWorker.java:289)
	at java.lang.Thread.run(Thread.java:748)
Caused by: java.util.concurrent.TimeoutException
	at java.util.concurrent.CompletableFuture.timedGet(CompletableFuture.java:1771)
	at java.util.concurrent.CompletableFuture.get(CompletableFuture.java:1915)
	at org.apache.ratis.util.IOUtils.getFromFuture(IOUtils.java:79)
	... 4 more
2019-09-17 03:25:36,328 [12c7e022-5f96-4d2f-bd6c-0cb832bfe0bc@group-ECFE57FBC26D-SegmentedRaftLogWorker] WARN  segmented.SegmentedRaftLogWorker (SegmentedRaftLogWorker.java:getFromFuture(90)) - Timeout 7/~
org.apache.ratis.protocol.TimeoutIOException: Timeout 10s: WriteLog:8: (t:1, i:8), STATEMACHINELOGENTRY, client-7FCCE946A079, cid=146-writeStateMachineData
	at org.apache.ratis.util.IOUtils.getFromFuture(IOUtils.java:87)
	at org.apache.ratis.server.raftlog.segmented.SegmentedRaftLogWorker$StateMachineDataPolicy.getFromFuture(SegmentedRaftLogWorker.java:87)
	at org.apache.ratis.server.raftlog.segmented.SegmentedRaftLogWorker$WriteLog.execute(SegmentedRaftLogWorker.java:477)
	at org.apache.ratis.server.raftlog.segmented.SegmentedRaftLogWorker.run(SegmentedRaftLogWorker.java:289)
	at java.lang.Thread.run(Thread.java:748)
Caused by: java.util.concurrent.TimeoutException
	at java.util.concurrent.CompletableFuture.timedGet(CompletableFuture.java:1771)
	at java.util.concurrent.CompletableFuture.get(CompletableFuture.java:1915)
	at org.apache.ratis.util.IOUtils.getFromFuture(IOUtils.java:79)
	... 4 more
2019-09-17 03:25:36,329 [1b957291-fe5b-420e-96dd-cc603eda7741@group-ECFE57FBC26D-SegmentedRaftLogWorker] WARN  segmented.SegmentedRaftLogWorker (SegmentedRaftLogWorker.java:getFromFuture(90)) - Timeout 7/~
org.apache.ratis.protocol.TimeoutIOException: Timeout 10s: WriteLog:6: (t:1, i:6), STATEMACHINELOGENTRY, client-7FCCE946A079, cid=144-writeStateMachineData
	at org.apache.ratis.util.IOUtils.getFromFuture(IOUtils.java:87)
	at org.apache.ratis.server.raftlog.segmented.SegmentedRaftLogWorker$StateMachineDataPolicy.getFromFuture(SegmentedRaftLogWorker.java:87)
	at org.apache.ratis.server.raftlog.segmented.SegmentedRaftLogWorker$WriteLog.execute(SegmentedRaftLogWorker.java:477)
	at org.apache.ratis.server.raftlog.segmented.SegmentedRaftLogWorker.run(SegmentedRaftLogWorker.java:289)
	at java.lang.Thread.run(Thread.java:748)
Caused by: java.util.concurrent.TimeoutException
	at java.util.concurrent.CompletableFuture.timedGet(CompletableFuture.java:1771)
	at java.util.concurrent.CompletableFuture.get(CompletableFuture.java:1915)
	at org.apache.ratis.util.IOUtils.getFromFuture(IOUtils.java:79)
	... 4 more
2019-09-17 03:25:36,498 [java.util.concurrent.ThreadPoolExecutor$Worker@c80a20e[State = -1, empty queue]] WARN  server.GrpcLogAppender (GrpcLogAppender.java:timeoutAppendRequest(200)) - ae9625dc-248e-414f-955f-fccc978916e7@group-ECFE57FBC26D->1b957291-fe5b-420e-96dd-cc603eda7741-GrpcLogAppender: appendEntries Timeout, request=ae9625dc-248e-414f-955f-fccc978916e7->1b957291-fe5b-420e-96dd-cc603eda7741#114-t1, previous=(t:1, i:10), leaderCommit=4, initializing? false, entries: <empty>
2019-09-17 03:25:36,498 [java.util.concurrent.ThreadPoolExecutor$Worker@65c2b252[State = -1, empty queue]] WARN  server.GrpcLogAppender (GrpcLogAppender.java:timeoutAppendRequest(200)) - ae9625dc-248e-414f-955f-fccc978916e7@group-ECFE57FBC26D->12c7e022-5f96-4d2f-bd6c-0cb832bfe0bc-GrpcLogAppender: appendEntries Timeout, request=ae9625dc-248e-414f-955f-fccc978916e7->12c7e022-5f96-4d2f-bd6c-0cb832bfe0bc#114-t1, previous=(t:1, i:10), leaderCommit=4, initializing? false, entries: <empty>
2019-09-17 03:25:36,693 [grpc-default-executor-3] INFO  client.GrpcClientProtocolClient (GrpcClientProtocolClient.java:onNext(264)) - client-7FCCE946A079->1b957291-fe5b-420e-96dd-cc603eda7741: receive RaftClientReply:client-7FCCE946A079->1b957291-fe5b-420e-96dd-cc603eda7741@group-ECFE57FBC26D, cid=143, FAILED org.apache.ratis.protocol.NotLeaderException: Server 1b957291-fe5b-420e-96dd-cc603eda7741@group-ECFE57FBC26D is not the leader ae9625dc-248e-414f-955f-fccc978916e7:192.168.151.92:37052, logIndex=0, commits[1b957291-fe5b-420e-96dd-cc603eda7741:c4, ae9625dc-248e-414f-955f-fccc978916e7:c4, 12c7e022-5f96-4d2f-bd6c-0cb832bfe0bc:c3]
2019-09-17 03:25:38,998 [java.util.concurrent.ThreadPoolExecutor$Worker@c80a20e[State = -1, empty queue]] WARN  server.GrpcLogAppender (GrpcLogAppender.java:timeoutAppendRequest(200)) - ae9625dc-248e-414f-955f-fccc978916e7@group-ECFE57FBC26D->1b957291-fe5b-420e-96dd-cc603eda7741-GrpcLogAppender: appendEntries Timeout, request=ae9625dc-248e-414f-955f-fccc978916e7->1b957291-fe5b-420e-96dd-cc603eda7741#115-t1, previous=(t:1, i:10), leaderCommit=4, initializing? false, entries: <empty>
2019-09-17 03:25:38,998 [java.util.concurrent.ThreadPoolExecutor$Worker@65c2b252[State = -1, empty queue]] WARN  server.GrpcLogAppender (GrpcLogAppender.java:timeoutAppendRequest(200)) - ae9625dc-248e-414f-955f-fccc978916e7@group-ECFE57FBC26D->12c7e022-5f96-4d2f-bd6c-0cb832bfe0bc-GrpcLogAppender: appendEntries Timeout, request=ae9625dc-248e-414f-955f-fccc978916e7->12c7e022-5f96-4d2f-bd6c-0cb832bfe0bc#115-t1, previous=(t:1, i:10), leaderCommit=4, initializing? false, entries: <empty>
2019-09-17 03:25:41,498 [java.util.concurrent.ThreadPoolExecutor$Worker@65c2b252[State = -1, empty queue]] WARN  server.GrpcLogAppender (GrpcLogAppender.java:timeoutAppendRequest(200)) - ae9625dc-248e-414f-955f-fccc978916e7@group-ECFE57FBC26D->12c7e022-5f96-4d2f-bd6c-0cb832bfe0bc-GrpcLogAppender: appendEntries Timeout, request=ae9625dc-248e-414f-955f-fccc978916e7->12c7e022-5f96-4d2f-bd6c-0cb832bfe0bc#116-t1, previous=(t:1, i:10), leaderCommit=4, initializing? false, entries: <empty>
2019-09-17 03:25:41,498 [java.util.concurrent.ThreadPoolExecutor$Worker@c80a20e[State = -1, empty queue]] WARN  server.GrpcLogAppender (GrpcLogAppender.java:timeoutAppendRequest(200)) - ae9625dc-248e-414f-955f-fccc978916e7@group-ECFE57FBC26D->1b957291-fe5b-420e-96dd-cc603eda7741-GrpcLogAppender: appendEntries Timeout, request=ae9625dc-248e-414f-955f-fccc978916e7->1b957291-fe5b-420e-96dd-cc603eda7741#116-t1, previous=(t:1, i:10), leaderCommit=4, initializing? false, entries: <empty>
2019-09-17 03:25:41,749 [grpc-default-executor-3] INFO  client.GrpcClientProtocolClient (GrpcClientProtocolClient.java:onNext(264)) - client-7FCCE946A079->1b957291-fe5b-420e-96dd-cc603eda7741: receive RaftClientReply:client-7FCCE946A079->1b957291-fe5b-420e-96dd-cc603eda7741@group-ECFE57FBC26D, cid=143, FAILED org.apache.ratis.protocol.NotLeaderException: Server 1b957291-fe5b-420e-96dd-cc603eda7741@group-ECFE57FBC26D is not the leader ae9625dc-248e-414f-955f-fccc978916e7:192.168.151.92:37052, logIndex=0, commits[1b957291-fe5b-420e-96dd-cc603eda7741:c4, ae9625dc-248e-414f-955f-fccc978916e7:c4, 12c7e022-5f96-4d2f-bd6c-0cb832bfe0bc:c3]
2019-09-17 03:25:43,999 [java.util.concurrent.ThreadPoolExecutor$Worker@65c2b252[State = -1, empty queue]] WARN  server.GrpcLogAppender (GrpcLogAppender.java:timeoutAppendRequest(200)) - ae9625dc-248e-414f-955f-fccc978916e7@group-ECFE57FBC26D->12c7e022-5f96-4d2f-bd6c-0cb832bfe0bc-GrpcLogAppender: appendEntries Timeout, request=ae9625dc-248e-414f-955f-fccc978916e7->12c7e022-5f96-4d2f-bd6c-0cb832bfe0bc#117-t1, previous=(t:1, i:10), leaderCommit=4, initializing? false, entries: <empty>
2019-09-17 03:25:43,999 [java.util.concurrent.ThreadPoolExecutor$Worker@c80a20e[State = -1, empty queue]] WARN  server.GrpcLogAppender (GrpcLogAppender.java:timeoutAppendRequest(200)) - ae9625dc-248e-414f-955f-fccc978916e7@group-ECFE57FBC26D->1b957291-fe5b-420e-96dd-cc603eda7741-GrpcLogAppender: appendEntries Timeout, request=ae9625dc-248e-414f-955f-fccc978916e7->1b957291-fe5b-420e-96dd-cc603eda7741#117-t1, previous=(t:1, i:10), leaderCommit=4, initializing? false, entries: <empty>
2019-09-17 03:25:45,990 [ae9625dc-248e-414f-955f-fccc978916e7@group-ECFE57FBC26D-SegmentedRaftLogWorker] WARN  segmented.SegmentedRaftLogWorker (SegmentedRaftLogWorker.java:getFromFuture(90)) - Timeout 8/~
org.apache.ratis.protocol.TimeoutIOException: Timeout 10s: WriteLog:5: (t:1, i:5), STATEMACHINELOGENTRY, client-7FCCE946A079, cid=143-writeStateMachineData
	at org.apache.ratis.util.IOUtils.getFromFuture(IOUtils.java:87)
	at org.apache.ratis.server.raftlog.segmented.SegmentedRaftLogWorker$StateMachineDataPolicy.getFromFuture(SegmentedRaftLogWorker.java:87)
	at org.apache.ratis.server.raftlog.segmented.SegmentedRaftLogWorker$WriteLog.execute(SegmentedRaftLogWorker.java:477)
	at org.apache.ratis.server.raftlog.segmented.SegmentedRaftLogWorker.run(SegmentedRaftLogWorker.java:289)
	at java.lang.Thread.run(Thread.java:748)
Caused by: java.util.concurrent.TimeoutException
	at java.util.concurrent.CompletableFuture.timedGet(CompletableFuture.java:1771)
	at java.util.concurrent.CompletableFuture.get(CompletableFuture.java:1915)
	at org.apache.ratis.util.IOUtils.getFromFuture(IOUtils.java:79)
	... 4 more
2019-09-17 03:25:46,329 [12c7e022-5f96-4d2f-bd6c-0cb832bfe0bc@group-ECFE57FBC26D-SegmentedRaftLogWorker] WARN  segmented.SegmentedRaftLogWorker (SegmentedRaftLogWorker.java:getFromFuture(90)) - Timeout 8/~
org.apache.ratis.protocol.TimeoutIOException: Timeout 10s: WriteLog:8: (t:1, i:8), STATEMACHINELOGENTRY, client-7FCCE946A079, cid=146-writeStateMachineData
	at org.apache.ratis.util.IOUtils.getFromFuture(IOUtils.java:87)
	at org.apache.ratis.server.raftlog.segmented.SegmentedRaftLogWorker$StateMachineDataPolicy.getFromFuture(SegmentedRaftLogWorker.java:87)
	at org.apache.ratis.server.raftlog.segmented.SegmentedRaftLogWorker$WriteLog.execute(SegmentedRaftLogWorker.java:477)
	at org.apache.ratis.server.raftlog.segmented.SegmentedRaftLogWorker.run(SegmentedRaftLogWorker.java:289)
	at java.lang.Thread.run(Thread.java:748)
Caused by: java.util.concurrent.TimeoutException
	at java.util.concurrent.CompletableFuture.timedGet(CompletableFuture.java:1771)
	at java.util.concurrent.CompletableFuture.get(CompletableFuture.java:1915)
	at org.apache.ratis.util.IOUtils.getFromFuture(IOUtils.java:79)
	... 4 more
2019-09-17 03:25:46,330 [1b957291-fe5b-420e-96dd-cc603eda7741@group-ECFE57FBC26D-SegmentedRaftLogWorker] WARN  segmented.SegmentedRaftLogWorker (SegmentedRaftLogWorker.java:getFromFuture(90)) - Timeout 8/~
org.apache.ratis.protocol.TimeoutIOException: Timeout 10s: WriteLog:6: (t:1, i:6), STATEMACHINELOGENTRY, client-7FCCE946A079, cid=144-writeStateMachineData
	at org.apache.ratis.util.IOUtils.getFromFuture(IOUtils.java:87)
	at org.apache.ratis.server.raftlog.segmented.SegmentedRaftLogWorker$StateMachineDataPolicy.getFromFuture(SegmentedRaftLogWorker.java:87)
	at org.apache.ratis.server.raftlog.segmented.SegmentedRaftLogWorker$WriteLog.execute(SegmentedRaftLogWorker.java:477)
	at org.apache.ratis.server.raftlog.segmented.SegmentedRaftLogWorker.run(SegmentedRaftLogWorker.java:289)
	at java.lang.Thread.run(Thread.java:748)
Caused by: java.util.concurrent.TimeoutException
	at java.util.concurrent.CompletableFuture.timedGet(CompletableFuture.java:1771)
	at java.util.concurrent.CompletableFuture.get(CompletableFuture.java:1915)
	at org.apache.ratis.util.IOUtils.getFromFuture(IOUtils.java:79)
	... 4 more
2019-09-17 03:25:46,499 [java.util.concurrent.ThreadPoolExecutor$Worker@65c2b252[State = -1, empty queue]] WARN  server.GrpcLogAppender (GrpcLogAppender.java:timeoutAppendRequest(200)) - ae9625dc-248e-414f-955f-fccc978916e7@group-ECFE57FBC26D->12c7e022-5f96-4d2f-bd6c-0cb832bfe0bc-GrpcLogAppender: appendEntries Timeout, request=ae9625dc-248e-414f-955f-fccc978916e7->12c7e022-5f96-4d2f-bd6c-0cb832bfe0bc#118-t1, previous=(t:1, i:10), leaderCommit=4, initializing? false, entries: <empty>
2019-09-17 03:25:46,499 [java.util.concurrent.ThreadPoolExecutor$Worker@c80a20e[State = -1, empty queue]] WARN  server.GrpcLogAppender (GrpcLogAppender.java:timeoutAppendRequest(200)) - ae9625dc-248e-414f-955f-fccc978916e7@group-ECFE57FBC26D->1b957291-fe5b-420e-96dd-cc603eda7741-GrpcLogAppender: appendEntries Timeout, request=ae9625dc-248e-414f-955f-fccc978916e7->1b957291-fe5b-420e-96dd-cc603eda7741#118-t1, previous=(t:1, i:10), leaderCommit=4, initializing? false, entries: <empty>
2019-09-17 03:25:46,808 [grpc-default-executor-2] INFO  client.GrpcClientProtocolClient (GrpcClientProtocolClient.java:onNext(264)) - client-7FCCE946A079->12c7e022-5f96-4d2f-bd6c-0cb832bfe0bc: receive RaftClientReply:client-7FCCE946A079->12c7e022-5f96-4d2f-bd6c-0cb832bfe0bc@group-ECFE57FBC26D, cid=143, FAILED org.apache.ratis.protocol.NotLeaderException: Server 12c7e022-5f96-4d2f-bd6c-0cb832bfe0bc@group-ECFE57FBC26D is not the leader ae9625dc-248e-414f-955f-fccc978916e7:192.168.151.92:37052, logIndex=0, commits[12c7e022-5f96-4d2f-bd6c-0cb832bfe0bc:c4, ae9625dc-248e-414f-955f-fccc978916e7:c4, 1b957291-fe5b-420e-96dd-cc603eda7741:c3]
2019-09-17 03:25:49,000 [java.util.concurrent.ThreadPoolExecutor$Worker@65c2b252[State = -1, empty queue]] WARN  server.GrpcLogAppender (GrpcLogAppender.java:timeoutAppendRequest(200)) - ae9625dc-248e-414f-955f-fccc978916e7@group-ECFE57FBC26D->12c7e022-5f96-4d2f-bd6c-0cb832bfe0bc-GrpcLogAppender: appendEntries Timeout, request=ae9625dc-248e-414f-955f-fccc978916e7->12c7e022-5f96-4d2f-bd6c-0cb832bfe0bc#119-t1, previous=(t:1, i:10), leaderCommit=4, initializing? false, entries: <empty>
2019-09-17 03:25:49,000 [java.util.concurrent.ThreadPoolExecutor$Worker@c80a20e[State = -1, empty queue]] WARN  server.GrpcLogAppender (GrpcLogAppender.java:timeoutAppendRequest(200)) - ae9625dc-248e-414f-955f-fccc978916e7@group-ECFE57FBC26D->1b957291-fe5b-420e-96dd-cc603eda7741-GrpcLogAppender: appendEntries Timeout, request=ae9625dc-248e-414f-955f-fccc978916e7->1b957291-fe5b-420e-96dd-cc603eda7741#119-t1, previous=(t:1, i:10), leaderCommit=4, initializing? false, entries: <empty>
2019-09-17 03:25:51,500 [java.util.concurrent.ThreadPoolExecutor$Worker@c80a20e[State = -1, empty queue]] WARN  server.GrpcLogAppender (GrpcLogAppender.java:timeoutAppendRequest(200)) - ae9625dc-248e-414f-955f-fccc978916e7@group-ECFE57FBC26D->1b957291-fe5b-420e-96dd-cc603eda7741-GrpcLogAppender: appendEntries Timeout, request=ae9625dc-248e-414f-955f-fccc978916e7->1b957291-fe5b-420e-96dd-cc603eda7741#120-t1, previous=(t:1, i:10), leaderCommit=4, initializing? false, entries: <empty>
2019-09-17 03:25:51,500 [java.util.concurrent.ThreadPoolExecutor$Worker@65c2b252[State = -1, empty queue]] WARN  server.GrpcLogAppender (GrpcLogAppender.java:timeoutAppendRequest(200)) - ae9625dc-248e-414f-955f-fccc978916e7@group-ECFE57FBC26D->12c7e022-5f96-4d2f-bd6c-0cb832bfe0bc-GrpcLogAppender: appendEntries Timeout, request=ae9625dc-248e-414f-955f-fccc978916e7->12c7e022-5f96-4d2f-bd6c-0cb832bfe0bc#120-t1, previous=(t:1, i:10), leaderCommit=4, initializing? false, entries: <empty>
2019-09-17 03:25:51,862 [grpc-default-executor-2] INFO  client.GrpcClientProtocolClient (GrpcClientProtocolClient.java:onNext(264)) - client-7FCCE946A079->12c7e022-5f96-4d2f-bd6c-0cb832bfe0bc: receive RaftClientReply:client-7FCCE946A079->12c7e022-5f96-4d2f-bd6c-0cb832bfe0bc@group-ECFE57FBC26D, cid=143, FAILED org.apache.ratis.protocol.NotLeaderException: Server 12c7e022-5f96-4d2f-bd6c-0cb832bfe0bc@group-ECFE57FBC26D is not the leader ae9625dc-248e-414f-955f-fccc978916e7:192.168.151.92:37052, logIndex=0, commits[12c7e022-5f96-4d2f-bd6c-0cb832bfe0bc:c4, ae9625dc-248e-414f-955f-fccc978916e7:c4, 1b957291-fe5b-420e-96dd-cc603eda7741:c3]
2019-09-17 03:25:54,000 [java.util.concurrent.ThreadPoolExecutor$Worker@65c2b252[State = -1, empty queue]] WARN  server.GrpcLogAppender (GrpcLogAppender.java:timeoutAppendRequest(200)) - ae9625dc-248e-414f-955f-fccc978916e7@group-ECFE57FBC26D->12c7e022-5f96-4d2f-bd6c-0cb832bfe0bc-GrpcLogAppender: appendEntries Timeout, request=ae9625dc-248e-414f-955f-fccc978916e7->12c7e022-5f96-4d2f-bd6c-0cb832bfe0bc#121-t1, previous=(t:1, i:10), leaderCommit=4, initializing? false, entries: <empty>
2019-09-17 03:25:54,000 [java.util.concurrent.ThreadPoolExecutor$Worker@c80a20e[State = -1, empty queue]] WARN  server.GrpcLogAppender (GrpcLogAppender.java:timeoutAppendRequest(200)) - ae9625dc-248e-414f-955f-fccc978916e7@group-ECFE57FBC26D->1b957291-fe5b-420e-96dd-cc603eda7741-GrpcLogAppender: appendEntries Timeout, request=ae9625dc-248e-414f-955f-fccc978916e7->1b957291-fe5b-420e-96dd-cc603eda7741#121-t1, previous=(t:1, i:10), leaderCommit=4, initializing? false, entries: <empty>
2019-09-17 03:25:55,992 [ae9625dc-248e-414f-955f-fccc978916e7@group-ECFE57FBC26D-SegmentedRaftLogWorker] WARN  segmented.SegmentedRaftLogWorker (SegmentedRaftLogWorker.java:getFromFuture(90)) - Timeout 9/~
org.apache.ratis.protocol.TimeoutIOException: Timeout 10s: WriteLog:5: (t:1, i:5), STATEMACHINELOGENTRY, client-7FCCE946A079, cid=143-writeStateMachineData
	at org.apache.ratis.util.IOUtils.getFromFuture(IOUtils.java:87)
	at org.apache.ratis.server.raftlog.segmented.SegmentedRaftLogWorker$StateMachineDataPolicy.getFromFuture(SegmentedRaftLogWorker.java:87)
	at org.apache.ratis.server.raftlog.segmented.SegmentedRaftLogWorker$WriteLog.execute(SegmentedRaftLogWorker.java:477)
	at org.apache.ratis.server.raftlog.segmented.SegmentedRaftLogWorker.run(SegmentedRaftLogWorker.java:289)
	at java.lang.Thread.run(Thread.java:748)
Caused by: java.util.concurrent.TimeoutException
	at java.util.concurrent.CompletableFuture.timedGet(CompletableFuture.java:1771)
	at java.util.concurrent.CompletableFuture.get(CompletableFuture.java:1915)
	at org.apache.ratis.util.IOUtils.getFromFuture(IOUtils.java:79)
	... 4 more
2019-09-17 03:25:56,331 [12c7e022-5f96-4d2f-bd6c-0cb832bfe0bc@group-ECFE57FBC26D-SegmentedRaftLogWorker] WARN  segmented.SegmentedRaftLogWorker (SegmentedRaftLogWorker.java:getFromFuture(90)) - Timeout 9/~
org.apache.ratis.protocol.TimeoutIOException: Timeout 10s: WriteLog:8: (t:1, i:8), STATEMACHINELOGENTRY, client-7FCCE946A079, cid=146-writeStateMachineData
	at org.apache.ratis.util.IOUtils.getFromFuture(IOUtils.java:87)
	at org.apache.ratis.server.raftlog.segmented.SegmentedRaftLogWorker$StateMachineDataPolicy.getFromFuture(SegmentedRaftLogWorker.java:87)
	at org.apache.ratis.server.raftlog.segmented.SegmentedRaftLogWorker$WriteLog.execute(SegmentedRaftLogWorker.java:477)
	at org.apache.ratis.server.raftlog.segmented.SegmentedRaftLogWorker.run(SegmentedRaftLogWorker.java:289)
	at java.lang.Thread.run(Thread.java:748)
Caused by: java.util.concurrent.TimeoutException
	at java.util.concurrent.CompletableFuture.timedGet(CompletableFuture.java:1771)
	at java.util.concurrent.CompletableFuture.get(CompletableFuture.java:1915)
	at org.apache.ratis.util.IOUtils.getFromFuture(IOUtils.java:79)
	... 4 more
2019-09-17 03:25:56,331 [1b957291-fe5b-420e-96dd-cc603eda7741@group-ECFE57FBC26D-SegmentedRaftLogWorker] WARN  segmented.SegmentedRaftLogWorker (SegmentedRaftLogWorker.java:getFromFuture(90)) - Timeout 9/~
org.apache.ratis.protocol.TimeoutIOException: Timeout 10s: WriteLog:6: (t:1, i:6), STATEMACHINELOGENTRY, client-7FCCE946A079, cid=144-writeStateMachineData
	at org.apache.ratis.util.IOUtils.getFromFuture(IOUtils.java:87)
	at org.apache.ratis.server.raftlog.segmented.SegmentedRaftLogWorker$StateMachineDataPolicy.getFromFuture(SegmentedRaftLogWorker.java:87)
	at org.apache.ratis.server.raftlog.segmented.SegmentedRaftLogWorker$WriteLog.execute(SegmentedRaftLogWorker.java:477)
	at org.apache.ratis.server.raftlog.segmented.SegmentedRaftLogWorker.run(SegmentedRaftLogWorker.java:289)
	at java.lang.Thread.run(Thread.java:748)
Caused by: java.util.concurrent.TimeoutException
	at java.util.concurrent.CompletableFuture.timedGet(CompletableFuture.java:1771)
	at java.util.concurrent.CompletableFuture.get(CompletableFuture.java:1915)
	at org.apache.ratis.util.IOUtils.getFromFuture(IOUtils.java:79)
	... 4 more
2019-09-17 03:25:56,500 [java.util.concurrent.ThreadPoolExecutor$Worker@65c2b252[State = -1, empty queue]] WARN  server.GrpcLogAppender (GrpcLogAppender.java:timeoutAppendRequest(200)) - ae9625dc-248e-414f-955f-fccc978916e7@group-ECFE57FBC26D->12c7e022-5f96-4d2f-bd6c-0cb832bfe0bc-GrpcLogAppender: appendEntries Timeout, request=ae9625dc-248e-414f-955f-fccc978916e7->12c7e022-5f96-4d2f-bd6c-0cb832bfe0bc#122-t1, previous=(t:1, i:10), leaderCommit=4, initializing? false, entries: <empty>
2019-09-17 03:25:56,500 [java.util.concurrent.ThreadPoolExecutor$Worker@c80a20e[State = -1, empty queue]] WARN  server.GrpcLogAppender (GrpcLogAppender.java:timeoutAppendRequest(200)) - ae9625dc-248e-414f-955f-fccc978916e7@group-ECFE57FBC26D->1b957291-fe5b-420e-96dd-cc603eda7741-GrpcLogAppender: appendEntries Timeout, request=ae9625dc-248e-414f-955f-fccc978916e7->1b957291-fe5b-420e-96dd-cc603eda7741#122-t1, previous=(t:1, i:10), leaderCommit=4, initializing? false, entries: <empty>
2019-09-17 03:25:56,904 [grpc-default-executor-3] INFO  client.GrpcClientProtocolClient (GrpcClientProtocolClient.java:onNext(264)) - client-7FCCE946A079->12c7e022-5f96-4d2f-bd6c-0cb832bfe0bc: receive RaftClientReply:client-7FCCE946A079->12c7e022-5f96-4d2f-bd6c-0cb832bfe0bc@group-ECFE57FBC26D, cid=143, FAILED org.apache.ratis.protocol.NotLeaderException: Server 12c7e022-5f96-4d2f-bd6c-0cb832bfe0bc@group-ECFE57FBC26D is not the leader ae9625dc-248e-414f-955f-fccc978916e7:192.168.151.92:37052, logIndex=0, commits[12c7e022-5f96-4d2f-bd6c-0cb832bfe0bc:c4, ae9625dc-248e-414f-955f-fccc978916e7:c4, 1b957291-fe5b-420e-96dd-cc603eda7741:c3]
2019-09-17 03:25:59,001 [java.util.concurrent.ThreadPoolExecutor$Worker@c80a20e[State = -1, empty queue]] WARN  server.GrpcLogAppender (GrpcLogAppender.java:timeoutAppendRequest(200)) - ae9625dc-248e-414f-955f-fccc978916e7@group-ECFE57FBC26D->1b957291-fe5b-420e-96dd-cc603eda7741-GrpcLogAppender: appendEntries Timeout, request=ae9625dc-248e-414f-955f-fccc978916e7->1b957291-fe5b-420e-96dd-cc603eda7741#123-t1, previous=(t:1, i:10), leaderCommit=4, initializing? false, entries: <empty>
2019-09-17 03:25:59,001 [java.util.concurrent.ThreadPoolExecutor$Worker@65c2b252[State = -1, empty queue]] WARN  server.GrpcLogAppender (GrpcLogAppender.java:timeoutAppendRequest(200)) - ae9625dc-248e-414f-955f-fccc978916e7@group-ECFE57FBC26D->12c7e022-5f96-4d2f-bd6c-0cb832bfe0bc-GrpcLogAppender: appendEntries Timeout, request=ae9625dc-248e-414f-955f-fccc978916e7->12c7e022-5f96-4d2f-bd6c-0cb832bfe0bc#123-t1, previous=(t:1, i:10), leaderCommit=4, initializing? false, entries: <empty>
2019-09-17 03:26:01,501 [java.util.concurrent.ThreadPoolExecutor$Worker@65c2b252[State = -1, empty queue]] WARN  server.GrpcLogAppender (GrpcLogAppender.java:timeoutAppendRequest(200)) - ae9625dc-248e-414f-955f-fccc978916e7@group-ECFE57FBC26D->12c7e022-5f96-4d2f-bd6c-0cb832bfe0bc-GrpcLogAppender: appendEntries Timeout, request=ae9625dc-248e-414f-955f-fccc978916e7->12c7e022-5f96-4d2f-bd6c-0cb832bfe0bc#124-t1, previous=(t:1, i:10), leaderCommit=4, initializing? false, entries: <empty>
2019-09-17 03:26:01,501 [java.util.concurrent.ThreadPoolExecutor$Worker@c80a20e[State = -1, empty queue]] WARN  server.GrpcLogAppender (GrpcLogAppender.java:timeoutAppendRequest(200)) - ae9625dc-248e-414f-955f-fccc978916e7@group-ECFE57FBC26D->1b957291-fe5b-420e-96dd-cc603eda7741-GrpcLogAppender: appendEntries Timeout, request=ae9625dc-248e-414f-955f-fccc978916e7->1b957291-fe5b-420e-96dd-cc603eda7741#124-t1, previous=(t:1, i:10), leaderCommit=4, initializing? false, entries: <empty>
2019-09-17 03:26:01,958 [grpc-default-executor-3] INFO  client.GrpcClientProtocolClient (GrpcClientProtocolClient.java:onNext(264)) - client-7FCCE946A079->1b957291-fe5b-420e-96dd-cc603eda7741: receive RaftClientReply:client-7FCCE946A079->1b957291-fe5b-420e-96dd-cc603eda7741@group-ECFE57FBC26D, cid=143, FAILED org.apache.ratis.protocol.NotLeaderException: Server 1b957291-fe5b-420e-96dd-cc603eda7741@group-ECFE57FBC26D is not the leader ae9625dc-248e-414f-955f-fccc978916e7:192.168.151.92:37052, logIndex=0, commits[1b957291-fe5b-420e-96dd-cc603eda7741:c4, ae9625dc-248e-414f-955f-fccc978916e7:c4, 12c7e022-5f96-4d2f-bd6c-0cb832bfe0bc:c3]
2019-09-17 03:26:04,001 [java.util.concurrent.ThreadPoolExecutor$Worker@65c2b252[State = -1, empty queue]] WARN  server.GrpcLogAppender (GrpcLogAppender.java:timeoutAppendRequest(200)) - ae9625dc-248e-414f-955f-fccc978916e7@group-ECFE57FBC26D->12c7e022-5f96-4d2f-bd6c-0cb832bfe0bc-GrpcLogAppender: appendEntries Timeout, request=ae9625dc-248e-414f-955f-fccc978916e7->12c7e022-5f96-4d2f-bd6c-0cb832bfe0bc#125-t1, previous=(t:1, i:10), leaderCommit=4, initializing? false, entries: <empty>
2019-09-17 03:26:04,001 [java.util.concurrent.ThreadPoolExecutor$Worker@c80a20e[State = -1, empty queue]] WARN  server.GrpcLogAppender (GrpcLogAppender.java:timeoutAppendRequest(200)) - ae9625dc-248e-414f-955f-fccc978916e7@group-ECFE57FBC26D->1b957291-fe5b-420e-96dd-cc603eda7741-GrpcLogAppender: appendEntries Timeout, request=ae9625dc-248e-414f-955f-fccc978916e7->1b957291-fe5b-420e-96dd-cc603eda7741#125-t1, previous=(t:1, i:10), leaderCommit=4, initializing? false, entries: <empty>
2019-09-17 03:26:05,993 [ae9625dc-248e-414f-955f-fccc978916e7@group-ECFE57FBC26D-SegmentedRaftLogWorker] WARN  segmented.SegmentedRaftLogWorker (SegmentedRaftLogWorker.java:getFromFuture(90)) - Timeout 10/~
org.apache.ratis.protocol.TimeoutIOException: Timeout 10s: WriteLog:5: (t:1, i:5), STATEMACHINELOGENTRY, client-7FCCE946A079, cid=143-writeStateMachineData
	at org.apache.ratis.util.IOUtils.getFromFuture(IOUtils.java:87)
	at org.apache.ratis.server.raftlog.segmented.SegmentedRaftLogWorker$StateMachineDataPolicy.getFromFuture(SegmentedRaftLogWorker.java:87)
	at org.apache.ratis.server.raftlog.segmented.SegmentedRaftLogWorker$WriteLog.execute(SegmentedRaftLogWorker.java:477)
	at org.apache.ratis.server.raftlog.segmented.SegmentedRaftLogWorker.run(SegmentedRaftLogWorker.java:289)
	at java.lang.Thread.run(Thread.java:748)
Caused by: java.util.concurrent.TimeoutException
	at java.util.concurrent.CompletableFuture.timedGet(CompletableFuture.java:1771)
	at java.util.concurrent.CompletableFuture.get(CompletableFuture.java:1915)
	at org.apache.ratis.util.IOUtils.getFromFuture(IOUtils.java:79)
	... 4 more
2019-09-17 03:26:06,332 [12c7e022-5f96-4d2f-bd6c-0cb832bfe0bc@group-ECFE57FBC26D-SegmentedRaftLogWorker] WARN  segmented.SegmentedRaftLogWorker (SegmentedRaftLogWorker.java:getFromFuture(90)) - Timeout 10/~
org.apache.ratis.protocol.TimeoutIOException: Timeout 10s: WriteLog:8: (t:1, i:8), STATEMACHINELOGENTRY, client-7FCCE946A079, cid=146-writeStateMachineData
	at org.apache.ratis.util.IOUtils.getFromFuture(IOUtils.java:87)
	at org.apache.ratis.server.raftlog.segmented.SegmentedRaftLogWorker$StateMachineDataPolicy.getFromFuture(SegmentedRaftLogWorker.java:87)
	at org.apache.ratis.server.raftlog.segmented.SegmentedRaftLogWorker$WriteLog.execute(SegmentedRaftLogWorker.java:477)
	at org.apache.ratis.server.raftlog.segmented.SegmentedRaftLogWorker.run(SegmentedRaftLogWorker.java:289)
	at java.lang.Thread.run(Thread.java:748)
Caused by: java.util.concurrent.TimeoutException
	at java.util.concurrent.CompletableFuture.timedGet(CompletableFuture.java:1771)
	at java.util.concurrent.CompletableFuture.get(CompletableFuture.java:1915)
	at org.apache.ratis.util.IOUtils.getFromFuture(IOUtils.java:79)
	... 4 more
2019-09-17 03:26:06,332 [1b957291-fe5b-420e-96dd-cc603eda7741@group-ECFE57FBC26D-SegmentedRaftLogWorker] WARN  segmented.SegmentedRaftLogWorker (SegmentedRaftLogWorker.java:getFromFuture(90)) - Timeout 10/~
org.apache.ratis.protocol.TimeoutIOException: Timeout 10s: WriteLog:6: (t:1, i:6), STATEMACHINELOGENTRY, client-7FCCE946A079, cid=144-writeStateMachineData
	at org.apache.ratis.util.IOUtils.getFromFuture(IOUtils.java:87)
	at org.apache.ratis.server.raftlog.segmented.SegmentedRaftLogWorker$StateMachineDataPolicy.getFromFuture(SegmentedRaftLogWorker.java:87)
	at org.apache.ratis.server.raftlog.segmented.SegmentedRaftLogWorker$WriteLog.execute(SegmentedRaftLogWorker.java:477)
	at org.apache.ratis.server.raftlog.segmented.SegmentedRaftLogWorker.run(SegmentedRaftLogWorker.java:289)
	at java.lang.Thread.run(Thread.java:748)
Caused by: java.util.concurrent.TimeoutException
	at java.util.concurrent.CompletableFuture.timedGet(CompletableFuture.java:1771)
	at java.util.concurrent.CompletableFuture.get(CompletableFuture.java:1915)
	at org.apache.ratis.util.IOUtils.getFromFuture(IOUtils.java:79)
	... 4 more
2019-09-17 03:26:06,502 [java.util.concurrent.ThreadPoolExecutor$Worker@65c2b252[State = -1, empty queue]] WARN  server.GrpcLogAppender (GrpcLogAppender.java:timeoutAppendRequest(200)) - ae9625dc-248e-414f-955f-fccc978916e7@group-ECFE57FBC26D->12c7e022-5f96-4d2f-bd6c-0cb832bfe0bc-GrpcLogAppender: appendEntries Timeout, request=ae9625dc-248e-414f-955f-fccc978916e7->12c7e022-5f96-4d2f-bd6c-0cb832bfe0bc#126-t1, previous=(t:1, i:10), leaderCommit=4, initializing? false, entries: <empty>
2019-09-17 03:26:06,502 [java.util.concurrent.ThreadPoolExecutor$Worker@c80a20e[State = -1, empty queue]] WARN  server.GrpcLogAppender (GrpcLogAppender.java:timeoutAppendRequest(200)) - ae9625dc-248e-414f-955f-fccc978916e7@group-ECFE57FBC26D->1b957291-fe5b-420e-96dd-cc603eda7741-GrpcLogAppender: appendEntries Timeout, request=ae9625dc-248e-414f-955f-fccc978916e7->1b957291-fe5b-420e-96dd-cc603eda7741#126-t1, previous=(t:1, i:10), leaderCommit=4, initializing? false, entries: <empty>
2019-09-17 03:26:06,994 [grpc-default-executor-2] INFO  client.GrpcClientProtocolClient (GrpcClientProtocolClient.java:onNext(264)) - client-7FCCE946A079->12c7e022-5f96-4d2f-bd6c-0cb832bfe0bc: receive RaftClientReply:client-7FCCE946A079->12c7e022-5f96-4d2f-bd6c-0cb832bfe0bc@group-ECFE57FBC26D, cid=143, FAILED org.apache.ratis.protocol.NotLeaderException: Server 12c7e022-5f96-4d2f-bd6c-0cb832bfe0bc@group-ECFE57FBC26D is not the leader ae9625dc-248e-414f-955f-fccc978916e7:192.168.151.92:37052, logIndex=0, commits[12c7e022-5f96-4d2f-bd6c-0cb832bfe0bc:c4, ae9625dc-248e-414f-955f-fccc978916e7:c4, 1b957291-fe5b-420e-96dd-cc603eda7741:c3]
2019-09-17 03:26:09,002 [java.util.concurrent.ThreadPoolExecutor$Worker@c80a20e[State = -1, empty queue]] WARN  server.GrpcLogAppender (GrpcLogAppender.java:timeoutAppendRequest(200)) - ae9625dc-248e-414f-955f-fccc978916e7@group-ECFE57FBC26D->1b957291-fe5b-420e-96dd-cc603eda7741-GrpcLogAppender: appendEntries Timeout, request=ae9625dc-248e-414f-955f-fccc978916e7->1b957291-fe5b-420e-96dd-cc603eda7741#127-t1, previous=(t:1, i:10), leaderCommit=4, initializing? false, entries: <empty>
2019-09-17 03:26:09,002 [java.util.concurrent.ThreadPoolExecutor$Worker@65c2b252[State = -1, empty queue]] WARN  server.GrpcLogAppender (GrpcLogAppender.java:timeoutAppendRequest(200)) - ae9625dc-248e-414f-955f-fccc978916e7@group-ECFE57FBC26D->12c7e022-5f96-4d2f-bd6c-0cb832bfe0bc-GrpcLogAppender: appendEntries Timeout, request=ae9625dc-248e-414f-955f-fccc978916e7->12c7e022-5f96-4d2f-bd6c-0cb832bfe0bc#127-t1, previous=(t:1, i:10), leaderCommit=4, initializing? false, entries: <empty>
2019-09-17 03:26:11,503 [java.util.concurrent.ThreadPoolExecutor$Worker@c80a20e[State = -1, empty queue]] WARN  server.GrpcLogAppender (GrpcLogAppender.java:timeoutAppendRequest(200)) - ae9625dc-248e-414f-955f-fccc978916e7@group-ECFE57FBC26D->1b957291-fe5b-420e-96dd-cc603eda7741-GrpcLogAppender: appendEntries Timeout, request=ae9625dc-248e-414f-955f-fccc978916e7->1b957291-fe5b-420e-96dd-cc603eda7741#128-t1, previous=(t:1, i:10), leaderCommit=4, initializing? false, entries: <empty>
2019-09-17 03:26:11,503 [java.util.concurrent.ThreadPoolExecutor$Worker@65c2b252[State = -1, empty queue]] WARN  server.GrpcLogAppender (GrpcLogAppender.java:timeoutAppendRequest(200)) - ae9625dc-248e-414f-955f-fccc978916e7@group-ECFE57FBC26D->12c7e022-5f96-4d2f-bd6c-0cb832bfe0bc-GrpcLogAppender: appendEntries Timeout, request=ae9625dc-248e-414f-955f-fccc978916e7->12c7e022-5f96-4d2f-bd6c-0cb832bfe0bc#128-t1, previous=(t:1, i:10), leaderCommit=4, initializing? false, entries: <empty>
2019-09-17 03:26:12,032 [grpc-default-executor-2] INFO  client.GrpcClientProtocolClient (GrpcClientProtocolClient.java:onNext(264)) - client-7FCCE946A079->12c7e022-5f96-4d2f-bd6c-0cb832bfe0bc: receive RaftClientReply:client-7FCCE946A079->12c7e022-5f96-4d2f-bd6c-0cb832bfe0bc@group-ECFE57FBC26D, cid=143, FAILED org.apache.ratis.protocol.NotLeaderException: Server 12c7e022-5f96-4d2f-bd6c-0cb832bfe0bc@group-ECFE57FBC26D is not the leader ae9625dc-248e-414f-955f-fccc978916e7:192.168.151.92:37052, logIndex=0, commits[12c7e022-5f96-4d2f-bd6c-0cb832bfe0bc:c4, ae9625dc-248e-414f-955f-fccc978916e7:c4, 1b957291-fe5b-420e-96dd-cc603eda7741:c3]
2019-09-17 03:26:14,003 [java.util.concurrent.ThreadPoolExecutor$Worker@c80a20e[State = -1, empty queue]] WARN  server.GrpcLogAppender (GrpcLogAppender.java:timeoutAppendRequest(200)) - ae9625dc-248e-414f-955f-fccc978916e7@group-ECFE57FBC26D->1b957291-fe5b-420e-96dd-cc603eda7741-GrpcLogAppender: appendEntries Timeout, request=ae9625dc-248e-414f-955f-fccc978916e7->1b957291-fe5b-420e-96dd-cc603eda7741#129-t1, previous=(t:1, i:10), leaderCommit=4, initializing? false, entries: <empty>
2019-09-17 03:26:14,003 [java.util.concurrent.ThreadPoolExecutor$Worker@65c2b252[State = -1, empty queue]] WARN  server.GrpcLogAppender (GrpcLogAppender.java:timeoutAppendRequest(200)) - ae9625dc-248e-414f-955f-fccc978916e7@group-ECFE57FBC26D->12c7e022-5f96-4d2f-bd6c-0cb832bfe0bc-GrpcLogAppender: appendEntries Timeout, request=ae9625dc-248e-414f-955f-fccc978916e7->12c7e022-5f96-4d2f-bd6c-0cb832bfe0bc#129-t1, previous=(t:1, i:10), leaderCommit=4, initializing? false, entries: <empty>
2019-09-17 03:26:15,994 [ae9625dc-248e-414f-955f-fccc978916e7@group-ECFE57FBC26D-SegmentedRaftLogWorker] WARN  segmented.SegmentedRaftLogWorker (SegmentedRaftLogWorker.java:getFromFuture(90)) - Timeout 11/~
org.apache.ratis.protocol.TimeoutIOException: Timeout 10s: WriteLog:5: (t:1, i:5), STATEMACHINELOGENTRY, client-7FCCE946A079, cid=143-writeStateMachineData
	at org.apache.ratis.util.IOUtils.getFromFuture(IOUtils.java:87)
	at org.apache.ratis.server.raftlog.segmented.SegmentedRaftLogWorker$StateMachineDataPolicy.getFromFuture(SegmentedRaftLogWorker.java:87)
	at org.apache.ratis.server.raftlog.segmented.SegmentedRaftLogWorker$WriteLog.execute(SegmentedRaftLogWorker.java:477)
	at org.apache.ratis.server.raftlog.segmented.SegmentedRaftLogWorker.run(SegmentedRaftLogWorker.java:289)
	at java.lang.Thread.run(Thread.java:748)
Caused by: java.util.concurrent.TimeoutException
	at java.util.concurrent.CompletableFuture.timedGet(CompletableFuture.java:1771)
	at java.util.concurrent.CompletableFuture.get(CompletableFuture.java:1915)
	at org.apache.ratis.util.IOUtils.getFromFuture(IOUtils.java:79)
	... 4 more
2019-09-17 03:26:16,004 [org.apache.ratis.server.impl.LogAppender$AppenderDaemon$$Lambda$550/692567409@4680c204] ERROR ratis.XceiverServerRatis (XceiverServerRatis.java:triggerPipelineClose(575)) - pipeline Action CLOSE  on pipeline PipelineID=1154e060-f3f9-4071-892f-ecfe57fbc26d.Reason : ae9625dc-248e-414f-955f-fccc978916e7 has not seen follower/s 12c7e022-5f96-4d2f-bd6c-0cb832bfe0bc for 120174ms 1b957291-fe5b-420e-96dd-cc603eda7741 for 120176ms
2019-09-17 03:26:16,004 [org.apache.ratis.server.impl.LogAppender$AppenderDaemon$$Lambda$550/692567409@1e992c83] ERROR ratis.XceiverServerRatis (XceiverServerRatis.java:triggerPipelineClose(575)) - pipeline Action CLOSE  on pipeline PipelineID=1154e060-f3f9-4071-892f-ecfe57fbc26d.Reason : ae9625dc-248e-414f-955f-fccc978916e7 has not seen follower/s 12c7e022-5f96-4d2f-bd6c-0cb832bfe0bc for 120174ms 1b957291-fe5b-420e-96dd-cc603eda7741 for 120176ms
2019-09-17 03:26:16,326 [EventQueue-PipelineActionsForPipelineActionHandler] ERROR pipeline.PipelineActionHandler (PipelineActionHandler.java:onMessage(60)) - Received pipeline action CLOSE for Pipeline[ Id: 1154e060-f3f9-4071-892f-ecfe57fbc26d, Nodes: ae9625dc-248e-414f-955f-fccc978916e7{ip: 192.168.151.92, host: pr-hdds-2139-j8dx6-1450124282, networkLocation: /default-rack, certSerialId: null}1b957291-fe5b-420e-96dd-cc603eda7741{ip: 192.168.151.92, host: pr-hdds-2139-j8dx6-1450124282, networkLocation: /default-rack, certSerialId: null}12c7e022-5f96-4d2f-bd6c-0cb832bfe0bc{ip: 192.168.151.92, host: pr-hdds-2139-j8dx6-1450124282, networkLocation: /default-rack, certSerialId: null}, Type:RATIS, Factor:THREE, State:OPEN] from datanode ae9625dc-248e-414f-955f-fccc978916e7{ip: 192.168.151.92, host: pr-hdds-2139-j8dx6-1450124282, networkLocation: /default-rack, certSerialId: null}. Reason : ae9625dc-248e-414f-955f-fccc978916e7 has not seen follower/s 12c7e022-5f96-4d2f-bd6c-0cb832bfe0bc for 120174ms 1b957291-fe5b-420e-96dd-cc603eda7741 for 120176ms
2019-09-17 03:26:16,326 [EventQueue-PipelineActionsForPipelineActionHandler] INFO  pipeline.SCMPipelineManager (SCMPipelineManager.java:finalizeAndDestroyPipeline(311)) - destroying pipeline:Pipeline[ Id: 1154e060-f3f9-4071-892f-ecfe57fbc26d, Nodes: ae9625dc-248e-414f-955f-fccc978916e7{ip: 192.168.151.92, host: pr-hdds-2139-j8dx6-1450124282, networkLocation: /default-rack, certSerialId: null}1b957291-fe5b-420e-96dd-cc603eda7741{ip: 192.168.151.92, host: pr-hdds-2139-j8dx6-1450124282, networkLocation: /default-rack, certSerialId: null}12c7e022-5f96-4d2f-bd6c-0cb832bfe0bc{ip: 192.168.151.92, host: pr-hdds-2139-j8dx6-1450124282, networkLocation: /default-rack, certSerialId: null}, Type:RATIS, Factor:THREE, State:OPEN]
2019-09-17 03:26:16,327 [EventQueue-PipelineActionsForPipelineActionHandler] INFO  pipeline.PipelineStateManager (PipelineStateManager.java:finalizePipeline(123)) - Pipeline Pipeline[ Id: 1154e060-f3f9-4071-892f-ecfe57fbc26d, Nodes: ae9625dc-248e-414f-955f-fccc978916e7{ip: 192.168.151.92, host: pr-hdds-2139-j8dx6-1450124282, networkLocation: /default-rack, certSerialId: null}1b957291-fe5b-420e-96dd-cc603eda7741{ip: 192.168.151.92, host: pr-hdds-2139-j8dx6-1450124282, networkLocation: /default-rack, certSerialId: null}12c7e022-5f96-4d2f-bd6c-0cb832bfe0bc{ip: 192.168.151.92, host: pr-hdds-2139-j8dx6-1450124282, networkLocation: /default-rack, certSerialId: null}, Type:RATIS, Factor:THREE, State:CLOSED] moved to CLOSED state
2019-09-17 03:26:16,327 [EventQueue-CloseContainerForCloseContainerEventHandler] INFO  container.CloseContainerEventHandler (CloseContainerEventHandler.java:onMessage(61)) - Close container Event triggered for container : #7
2019-09-17 03:26:16,328 [EventQueue-CloseContainerForCloseContainerEventHandler] INFO  container.CloseContainerEventHandler (CloseContainerEventHandler.java:onMessage(61)) - Close container Event triggered for container : #8
2019-09-17 03:26:16,333 [12c7e022-5f96-4d2f-bd6c-0cb832bfe0bc@group-ECFE57FBC26D-SegmentedRaftLogWorker] WARN  segmented.SegmentedRaftLogWorker (SegmentedRaftLogWorker.java:getFromFuture(90)) - Timeout 11/~
org.apache.ratis.protocol.TimeoutIOException: Timeout 10s: WriteLog:8: (t:1, i:8), STATEMACHINELOGENTRY, client-7FCCE946A079, cid=146-writeStateMachineData
	at org.apache.ratis.util.IOUtils.getFromFuture(IOUtils.java:87)
	at org.apache.ratis.server.raftlog.segmented.SegmentedRaftLogWorker$StateMachineDataPolicy.getFromFuture(SegmentedRaftLogWorker.java:87)
	at org.apache.ratis.server.raftlog.segmented.SegmentedRaftLogWorker$WriteLog.execute(SegmentedRaftLogWorker.java:477)
	at org.apache.ratis.server.raftlog.segmented.SegmentedRaftLogWorker.run(SegmentedRaftLogWorker.java:289)
	at java.lang.Thread.run(Thread.java:748)
Caused by: java.util.concurrent.TimeoutException
	at java.util.concurrent.CompletableFuture.timedGet(CompletableFuture.java:1771)
	at java.util.concurrent.CompletableFuture.get(CompletableFuture.java:1915)
	at org.apache.ratis.util.IOUtils.getFromFuture(IOUtils.java:79)
	... 4 more
2019-09-17 03:26:16,333 [1b957291-fe5b-420e-96dd-cc603eda7741@group-ECFE57FBC26D-SegmentedRaftLogWorker] WARN  segmented.SegmentedRaftLogWorker (SegmentedRaftLogWorker.java:getFromFuture(90)) - Timeout 11/~
org.apache.ratis.protocol.TimeoutIOException: Timeout 10s: WriteLog:6: (t:1, i:6), STATEMACHINELOGENTRY, client-7FCCE946A079, cid=144-writeStateMachineData
	at org.apache.ratis.util.IOUtils.getFromFuture(IOUtils.java:87)
	at org.apache.ratis.server.raftlog.segmented.SegmentedRaftLogWorker$StateMachineDataPolicy.getFromFuture(SegmentedRaftLogWorker.java:87)
	at org.apache.ratis.server.raftlog.segmented.SegmentedRaftLogWorker$WriteLog.execute(SegmentedRaftLogWorker.java:477)
	at org.apache.ratis.server.raftlog.segmented.SegmentedRaftLogWorker.run(SegmentedRaftLogWorker.java:289)
	at java.lang.Thread.run(Thread.java:748)
Caused by: java.util.concurrent.TimeoutException
	at java.util.concurrent.CompletableFuture.timedGet(CompletableFuture.java:1771)
	at java.util.concurrent.CompletableFuture.get(CompletableFuture.java:1915)
	at org.apache.ratis.util.IOUtils.getFromFuture(IOUtils.java:79)
	... 4 more
2019-09-17 03:26:16,503 [java.util.concurrent.ThreadPoolExecutor$Worker@65c2b252[State = -1, empty queue]] WARN  server.GrpcLogAppender (GrpcLogAppender.java:timeoutAppendRequest(200)) - ae9625dc-248e-414f-955f-fccc978916e7@group-ECFE57FBC26D->12c7e022-5f96-4d2f-bd6c-0cb832bfe0bc-GrpcLogAppender: appendEntries Timeout, request=ae9625dc-248e-414f-955f-fccc978916e7->12c7e022-5f96-4d2f-bd6c-0cb832bfe0bc#130-t1, previous=(t:1, i:10), leaderCommit=4, initializing? false, entries: <empty>
2019-09-17 03:26:16,503 [java.util.concurrent.ThreadPoolExecutor$Worker@c80a20e[State = -1, empty queue]] WARN  server.GrpcLogAppender (GrpcLogAppender.java:timeoutAppendRequest(200)) - ae9625dc-248e-414f-955f-fccc978916e7@group-ECFE57FBC26D->1b957291-fe5b-420e-96dd-cc603eda7741-GrpcLogAppender: appendEntries Timeout, request=ae9625dc-248e-414f-955f-fccc978916e7->1b957291-fe5b-420e-96dd-cc603eda7741#130-t1, previous=(t:1, i:10), leaderCommit=4, initializing? false, entries: <empty>
2019-09-17 03:26:17,077 [grpc-default-executor-2] INFO  client.GrpcClientProtocolClient (GrpcClientProtocolClient.java:onNext(264)) - client-7FCCE946A079->12c7e022-5f96-4d2f-bd6c-0cb832bfe0bc: receive RaftClientReply:client-7FCCE946A079->12c7e022-5f96-4d2f-bd6c-0cb832bfe0bc@group-ECFE57FBC26D, cid=143, FAILED org.apache.ratis.protocol.NotLeaderException: Server 12c7e022-5f96-4d2f-bd6c-0cb832bfe0bc@group-ECFE57FBC26D is not the leader ae9625dc-248e-414f-955f-fccc978916e7:192.168.151.92:37052, logIndex=0, commits[12c7e022-5f96-4d2f-bd6c-0cb832bfe0bc:c4, ae9625dc-248e-414f-955f-fccc978916e7:c4, 1b957291-fe5b-420e-96dd-cc603eda7741:c3]
2019-09-17 03:26:18,355 [org.apache.ratis.server.impl.LogAppender$AppenderDaemon$$Lambda$550/692567409@1e992c83] ERROR ratis.XceiverServerRatis (XceiverServerRatis.java:triggerPipelineClose(575)) - pipeline Action CLOSE  on pipeline PipelineID=1154e060-f3f9-4071-892f-ecfe57fbc26d.Reason : ae9625dc-248e-414f-955f-fccc978916e7 has not seen follower/s 12c7e022-5f96-4d2f-bd6c-0cb832bfe0bc for 122525ms 1b957291-fe5b-420e-96dd-cc603eda7741 for 122527ms
2019-09-17 03:26:18,355 [org.apache.ratis.server.impl.LogAppender$AppenderDaemon$$Lambda$550/692567409@4680c204] ERROR ratis.XceiverServerRatis (XceiverServerRatis.java:triggerPipelineClose(575)) - pipeline Action CLOSE  on pipeline PipelineID=1154e060-f3f9-4071-892f-ecfe57fbc26d.Reason : ae9625dc-248e-414f-955f-fccc978916e7 has not seen follower/s 12c7e022-5f96-4d2f-bd6c-0cb832bfe0bc for 122525ms 1b957291-fe5b-420e-96dd-cc603eda7741 for 122527ms
2019-09-17 03:26:19,004 [java.util.concurrent.ThreadPoolExecutor$Worker@c80a20e[State = -1, empty queue]] WARN  server.GrpcLogAppender (GrpcLogAppender.java:timeoutAppendRequest(200)) - ae9625dc-248e-414f-955f-fccc978916e7@group-ECFE57FBC26D->1b957291-fe5b-420e-96dd-cc603eda7741-GrpcLogAppender: appendEntries Timeout, request=ae9625dc-248e-414f-955f-fccc978916e7->1b957291-fe5b-420e-96dd-cc603eda7741#131-t1, previous=(t:1, i:10), leaderCommit=4, initializing? false, entries: <empty>
2019-09-17 03:26:19,004 [java.util.concurrent.ThreadPoolExecutor$Worker@65c2b252[State = -1, empty queue]] WARN  server.GrpcLogAppender (GrpcLogAppender.java:timeoutAppendRequest(200)) - ae9625dc-248e-414f-955f-fccc978916e7@group-ECFE57FBC26D->12c7e022-5f96-4d2f-bd6c-0cb832bfe0bc-GrpcLogAppender: appendEntries Timeout, request=ae9625dc-248e-414f-955f-fccc978916e7->12c7e022-5f96-4d2f-bd6c-0cb832bfe0bc#131-t1, previous=(t:1, i:10), leaderCommit=4, initializing? false, entries: <empty>
2019-09-17 03:26:19,356 [EventQueue-PipelineActionsForPipelineActionHandler] ERROR pipeline.PipelineActionHandler (PipelineActionHandler.java:onMessage(60)) - Received pipeline action CLOSE for Pipeline[ Id: 1154e060-f3f9-4071-892f-ecfe57fbc26d, Nodes: ae9625dc-248e-414f-955f-fccc978916e7{ip: 192.168.151.92, host: pr-hdds-2139-j8dx6-1450124282, networkLocation: /default-rack, certSerialId: null}1b957291-fe5b-420e-96dd-cc603eda7741{ip: 192.168.151.92, host: pr-hdds-2139-j8dx6-1450124282, networkLocation: /default-rack, certSerialId: null}12c7e022-5f96-4d2f-bd6c-0cb832bfe0bc{ip: 192.168.151.92, host: pr-hdds-2139-j8dx6-1450124282, networkLocation: /default-rack, certSerialId: null}, Type:RATIS, Factor:THREE, State:CLOSED] from datanode ae9625dc-248e-414f-955f-fccc978916e7{ip: 192.168.151.92, host: pr-hdds-2139-j8dx6-1450124282, networkLocation: /default-rack, certSerialId: null}. Reason : ae9625dc-248e-414f-955f-fccc978916e7 has not seen follower/s 12c7e022-5f96-4d2f-bd6c-0cb832bfe0bc for 122525ms 1b957291-fe5b-420e-96dd-cc603eda7741 for 122527ms
2019-09-17 03:26:19,357 [EventQueue-PipelineActionsForPipelineActionHandler] INFO  pipeline.SCMPipelineManager (SCMPipelineManager.java:finalizeAndDestroyPipeline(311)) - destroying pipeline:Pipeline[ Id: 1154e060-f3f9-4071-892f-ecfe57fbc26d, Nodes: ae9625dc-248e-414f-955f-fccc978916e7{ip: 192.168.151.92, host: pr-hdds-2139-j8dx6-1450124282, networkLocation: /default-rack, certSerialId: null}1b957291-fe5b-420e-96dd-cc603eda7741{ip: 192.168.151.92, host: pr-hdds-2139-j8dx6-1450124282, networkLocation: /default-rack, certSerialId: null}12c7e022-5f96-4d2f-bd6c-0cb832bfe0bc{ip: 192.168.151.92, host: pr-hdds-2139-j8dx6-1450124282, networkLocation: /default-rack, certSerialId: null}, Type:RATIS, Factor:THREE, State:CLOSED]
2019-09-17 03:26:20,856 [org.apache.ratis.server.impl.LogAppender$AppenderDaemon$$Lambda$550/692567409@1e992c83] ERROR ratis.XceiverServerRatis (XceiverServerRatis.java:triggerPipelineClose(575)) - pipeline Action CLOSE  on pipeline PipelineID=1154e060-f3f9-4071-892f-ecfe57fbc26d.Reason : ae9625dc-248e-414f-955f-fccc978916e7 has not seen follower/s 12c7e022-5f96-4d2f-bd6c-0cb832bfe0bc for 125026ms 1b957291-fe5b-420e-96dd-cc603eda7741 for 125028ms
2019-09-17 03:26:20,856 [org.apache.ratis.server.impl.LogAppender$AppenderDaemon$$Lambda$550/692567409@4680c204] ERROR ratis.XceiverServerRatis (XceiverServerRatis.java:triggerPipelineClose(575)) - pipeline Action CLOSE  on pipeline PipelineID=1154e060-f3f9-4071-892f-ecfe57fbc26d.Reason : ae9625dc-248e-414f-955f-fccc978916e7 has not seen follower/s 12c7e022-5f96-4d2f-bd6c-0cb832bfe0bc for 125026ms 1b957291-fe5b-420e-96dd-cc603eda7741 for 125028ms
2019-09-17 03:26:21,355 [EventQueue-PipelineActionsForPipelineActionHandler] ERROR pipeline.PipelineActionHandler (PipelineActionHandler.java:onMessage(60)) - Received pipeline action CLOSE for Pipeline[ Id: 1154e060-f3f9-4071-892f-ecfe57fbc26d, Nodes: ae9625dc-248e-414f-955f-fccc978916e7{ip: 192.168.151.92, host: pr-hdds-2139-j8dx6-1450124282, networkLocation: /default-rack, certSerialId: null}1b957291-fe5b-420e-96dd-cc603eda7741{ip: 192.168.151.92, host: pr-hdds-2139-j8dx6-1450124282, networkLocation: /default-rack, certSerialId: null}12c7e022-5f96-4d2f-bd6c-0cb832bfe0bc{ip: 192.168.151.92, host: pr-hdds-2139-j8dx6-1450124282, networkLocation: /default-rack, certSerialId: null}, Type:RATIS, Factor:THREE, State:CLOSED] from datanode ae9625dc-248e-414f-955f-fccc978916e7{ip: 192.168.151.92, host: pr-hdds-2139-j8dx6-1450124282, networkLocation: /default-rack, certSerialId: null}. Reason : ae9625dc-248e-414f-955f-fccc978916e7 has not seen follower/s 12c7e022-5f96-4d2f-bd6c-0cb832bfe0bc for 125026ms 1b957291-fe5b-420e-96dd-cc603eda7741 for 125028ms
2019-09-17 03:26:21,355 [java.util.concurrent.ThreadPoolExecutor$Worker@c80a20e[State = -1, empty queue]] WARN  server.GrpcLogAppender (GrpcLogAppender.java:timeoutAppendRequest(200)) - ae9625dc-248e-414f-955f-fccc978916e7@group-ECFE57FBC26D->1b957291-fe5b-420e-96dd-cc603eda7741-GrpcLogAppender: appendEntries Timeout, request=ae9625dc-248e-414f-955f-fccc978916e7->1b957291-fe5b-420e-96dd-cc603eda7741#132-t1, previous=(t:1, i:10), leaderCommit=4, initializing? false, entries: size=1, first=(t:1, i:11), STATEMACHINELOGENTRY, client-1FADD80E53EE, cid=19
2019-09-17 03:26:21,355 [EventQueue-PipelineActionsForPipelineActionHandler] INFO  pipeline.SCMPipelineManager (SCMPipelineManager.java:finalizeAndDestroyPipeline(311)) - destroying pipeline:Pipeline[ Id: 1154e060-f3f9-4071-892f-ecfe57fbc26d, Nodes: ae9625dc-248e-414f-955f-fccc978916e7{ip: 192.168.151.92, host: pr-hdds-2139-j8dx6-1450124282, networkLocation: /default-rack, certSerialId: null}1b957291-fe5b-420e-96dd-cc603eda7741{ip: 192.168.151.92, host: pr-hdds-2139-j8dx6-1450124282, networkLocation: /default-rack, certSerialId: null}12c7e022-5f96-4d2f-bd6c-0cb832bfe0bc{ip: 192.168.151.92, host: pr-hdds-2139-j8dx6-1450124282, networkLocation: /default-rack, certSerialId: null}, Type:RATIS, Factor:THREE, State:CLOSED]
2019-09-17 03:26:21,355 [java.util.concurrent.ThreadPoolExecutor$Worker@65c2b252[State = -1, empty queue]] WARN  server.GrpcLogAppender (GrpcLogAppender.java:timeoutAppendRequest(200)) - ae9625dc-248e-414f-955f-fccc978916e7@group-ECFE57FBC26D->12c7e022-5f96-4d2f-bd6c-0cb832bfe0bc-GrpcLogAppender: appendEntries Timeout, request=ae9625dc-248e-414f-955f-fccc978916e7->12c7e022-5f96-4d2f-bd6c-0cb832bfe0bc#132-t1, previous=(t:1, i:10), leaderCommit=4, initializing? false, entries: size=1, first=(t:1, i:11), STATEMACHINELOGENTRY, client-1FADD80E53EE, cid=19
2019-09-17 03:26:22,117 [grpc-default-executor-2] INFO  client.GrpcClientProtocolClient (GrpcClientProtocolClient.java:onNext(264)) - client-7FCCE946A079->12c7e022-5f96-4d2f-bd6c-0cb832bfe0bc: receive RaftClientReply:client-7FCCE946A079->12c7e022-5f96-4d2f-bd6c-0cb832bfe0bc@group-ECFE57FBC26D, cid=143, FAILED org.apache.ratis.protocol.NotLeaderException: Server 12c7e022-5f96-4d2f-bd6c-0cb832bfe0bc@group-ECFE57FBC26D is not the leader ae9625dc-248e-414f-955f-fccc978916e7:192.168.151.92:37052, logIndex=0, commits[12c7e022-5f96-4d2f-bd6c-0cb832bfe0bc:c4, ae9625dc-248e-414f-955f-fccc978916e7:c4, 1b957291-fe5b-420e-96dd-cc603eda7741:c3]
2019-09-17 03:26:23,357 [org.apache.ratis.server.impl.LogAppender$AppenderDaemon$$Lambda$550/692567409@4680c204] ERROR ratis.XceiverServerRatis (XceiverServerRatis.java:triggerPipelineClose(575)) - pipeline Action CLOSE  on pipeline PipelineID=1154e060-f3f9-4071-892f-ecfe57fbc26d.Reason : ae9625dc-248e-414f-955f-fccc978916e7 has not seen follower/s 12c7e022-5f96-4d2f-bd6c-0cb832bfe0bc for 127527ms 1b957291-fe5b-420e-96dd-cc603eda7741 for 127529ms
2019-09-17 03:26:23,357 [org.apache.ratis.server.impl.LogAppender$AppenderDaemon$$Lambda$550/692567409@1e992c83] ERROR ratis.XceiverServerRatis (XceiverServerRatis.java:triggerPipelineClose(575)) - pipeline Action CLOSE  on pipeline PipelineID=1154e060-f3f9-4071-892f-ecfe57fbc26d.Reason : ae9625dc-248e-414f-955f-fccc978916e7 has not seen follower/s 12c7e022-5f96-4d2f-bd6c-0cb832bfe0bc for 127527ms 1b957291-fe5b-420e-96dd-cc603eda7741 for 127529ms
2019-09-17 03:26:23,856 [java.util.concurrent.ThreadPoolExecutor$Worker@c80a20e[State = -1, empty queue]] WARN  server.GrpcLogAppender (GrpcLogAppender.java:timeoutAppendRequest(200)) - ae9625dc-248e-414f-955f-fccc978916e7@group-ECFE57FBC26D->1b957291-fe5b-420e-96dd-cc603eda7741-GrpcLogAppender: appendEntries Timeout, request=ae9625dc-248e-414f-955f-fccc978916e7->1b957291-fe5b-420e-96dd-cc603eda7741#133-t1, previous=(t:1, i:11), leaderCommit=4, initializing? false, entries: <empty>
2019-09-17 03:26:23,856 [java.util.concurrent.ThreadPoolExecutor$Worker@65c2b252[State = -1, empty queue]] WARN  server.GrpcLogAppender (GrpcLogAppender.java:timeoutAppendRequest(200)) - ae9625dc-248e-414f-955f-fccc978916e7@group-ECFE57FBC26D->12c7e022-5f96-4d2f-bd6c-0cb832bfe0bc-GrpcLogAppender: appendEntries Timeout, request=ae9625dc-248e-414f-955f-fccc978916e7->12c7e022-5f96-4d2f-bd6c-0cb832bfe0bc#133-t1, previous=(t:1, i:11), leaderCommit=4, initializing? false, entries: <empty>
2019-09-17 03:26:24,355 [EventQueue-PipelineActionsForPipelineActionHandler] ERROR pipeline.PipelineActionHandler (PipelineActionHandler.java:onMessage(60)) - Received pipeline action CLOSE for Pipeline[ Id: 1154e060-f3f9-4071-892f-ecfe57fbc26d, Nodes: ae9625dc-248e-414f-955f-fccc978916e7{ip: 192.168.151.92, host: pr-hdds-2139-j8dx6-1450124282, networkLocation: /default-rack, certSerialId: null}1b957291-fe5b-420e-96dd-cc603eda7741{ip: 192.168.151.92, host: pr-hdds-2139-j8dx6-1450124282, networkLocation: /default-rack, certSerialId: null}12c7e022-5f96-4d2f-bd6c-0cb832bfe0bc{ip: 192.168.151.92, host: pr-hdds-2139-j8dx6-1450124282, networkLocation: /default-rack, certSerialId: null}, Type:RATIS, Factor:THREE, State:CLOSED] from datanode ae9625dc-248e-414f-955f-fccc978916e7{ip: 192.168.151.92, host: pr-hdds-2139-j8dx6-1450124282, networkLocation: /default-rack, certSerialId: null}. Reason : ae9625dc-248e-414f-955f-fccc978916e7 has not seen follower/s 12c7e022-5f96-4d2f-bd6c-0cb832bfe0bc for 127527ms 1b957291-fe5b-420e-96dd-cc603eda7741 for 127529ms
2019-09-17 03:26:24,356 [EventQueue-PipelineActionsForPipelineActionHandler] INFO  pipeline.SCMPipelineManager (SCMPipelineManager.java:finalizeAndDestroyPipeline(311)) - destroying pipeline:Pipeline[ Id: 1154e060-f3f9-4071-892f-ecfe57fbc26d, Nodes: ae9625dc-248e-414f-955f-fccc978916e7{ip: 192.168.151.92, host: pr-hdds-2139-j8dx6-1450124282, networkLocation: /default-rack, certSerialId: null}1b957291-fe5b-420e-96dd-cc603eda7741{ip: 192.168.151.92, host: pr-hdds-2139-j8dx6-1450124282, networkLocation: /default-rack, certSerialId: null}12c7e022-5f96-4d2f-bd6c-0cb832bfe0bc{ip: 192.168.151.92, host: pr-hdds-2139-j8dx6-1450124282, networkLocation: /default-rack, certSerialId: null}, Type:RATIS, Factor:THREE, State:CLOSED]
2019-09-17 03:26:25,857 [org.apache.ratis.server.impl.LogAppender$AppenderDaemon$$Lambda$550/692567409@4680c204] ERROR ratis.XceiverServerRatis (XceiverServerRatis.java:triggerPipelineClose(575)) - pipeline Action CLOSE  on pipeline PipelineID=1154e060-f3f9-4071-892f-ecfe57fbc26d.Reason : ae9625dc-248e-414f-955f-fccc978916e7 has not seen follower/s 12c7e022-5f96-4d2f-bd6c-0cb832bfe0bc for 130028ms 1b957291-fe5b-420e-96dd-cc603eda7741 for 130029ms
2019-09-17 03:26:25,857 [org.apache.ratis.server.impl.LogAppender$AppenderDaemon$$Lambda$550/692567409@1e992c83] ERROR ratis.XceiverServerRatis (XceiverServerRatis.java:triggerPipelineClose(575)) - pipeline Action CLOSE  on pipeline PipelineID=1154e060-f3f9-4071-892f-ecfe57fbc26d.Reason : ae9625dc-248e-414f-955f-fccc978916e7 has not seen follower/s 12c7e022-5f96-4d2f-bd6c-0cb832bfe0bc for 130028ms 1b957291-fe5b-420e-96dd-cc603eda7741 for 130030ms
2019-09-17 03:26:25,995 [ae9625dc-248e-414f-955f-fccc978916e7@group-ECFE57FBC26D-SegmentedRaftLogWorker] WARN  segmented.SegmentedRaftLogWorker (SegmentedRaftLogWorker.java:getFromFuture(90)) - Timeout 12/~
org.apache.ratis.protocol.TimeoutIOException: Timeout 10s: WriteLog:5: (t:1, i:5), STATEMACHINELOGENTRY, client-7FCCE946A079, cid=143-writeStateMachineData
	at org.apache.ratis.util.IOUtils.getFromFuture(IOUtils.java:87)
	at org.apache.ratis.server.raftlog.segmented.SegmentedRaftLogWorker$StateMachineDataPolicy.getFromFuture(SegmentedRaftLogWorker.java:87)
	at org.apache.ratis.server.raftlog.segmented.SegmentedRaftLogWorker$WriteLog.execute(SegmentedRaftLogWorker.java:477)
	at org.apache.ratis.server.raftlog.segmented.SegmentedRaftLogWorker.run(SegmentedRaftLogWorker.java:289)
	at java.lang.Thread.run(Thread.java:748)
Caused by: java.util.concurrent.TimeoutException
	at java.util.concurrent.CompletableFuture.timedGet(CompletableFuture.java:1771)
	at java.util.concurrent.CompletableFuture.get(CompletableFuture.java:1915)
	at org.apache.ratis.util.IOUtils.getFromFuture(IOUtils.java:79)
	... 4 more
2019-09-17 03:26:26,333 [12c7e022-5f96-4d2f-bd6c-0cb832bfe0bc@group-ECFE57FBC26D-SegmentedRaftLogWorker] WARN  segmented.SegmentedRaftLogWorker (SegmentedRaftLogWorker.java:getFromFuture(90)) - Timeout 12/~
org.apache.ratis.protocol.TimeoutIOException: Timeout 10s: WriteLog:8: (t:1, i:8), STATEMACHINELOGENTRY, client-7FCCE946A079, cid=146-writeStateMachineData
	at org.apache.ratis.util.IOUtils.getFromFuture(IOUtils.java:87)
	at org.apache.ratis.server.raftlog.segmented.SegmentedRaftLogWorker$StateMachineDataPolicy.getFromFuture(SegmentedRaftLogWorker.java:87)
	at org.apache.ratis.server.raftlog.segmented.SegmentedRaftLogWorker$WriteLog.execute(SegmentedRaftLogWorker.java:477)
	at org.apache.ratis.server.raftlog.segmented.SegmentedRaftLogWorker.run(SegmentedRaftLogWorker.java:289)
	at java.lang.Thread.run(Thread.java:748)
Caused by: java.util.concurrent.TimeoutException
	at java.util.concurrent.CompletableFuture.timedGet(CompletableFuture.java:1771)
	at java.util.concurrent.CompletableFuture.get(CompletableFuture.java:1915)
	at org.apache.ratis.util.IOUtils.getFromFuture(IOUtils.java:79)
	... 4 more
2019-09-17 03:26:26,334 [1b957291-fe5b-420e-96dd-cc603eda7741@group-ECFE57FBC26D-SegmentedRaftLogWorker] WARN  segmented.SegmentedRaftLogWorker (SegmentedRaftLogWorker.java:getFromFuture(90)) - Timeout 12/~
org.apache.ratis.protocol.TimeoutIOException: Timeout 10s: WriteLog:6: (t:1, i:6), STATEMACHINELOGENTRY, client-7FCCE946A079, cid=144-writeStateMachineData
	at org.apache.ratis.util.IOUtils.getFromFuture(IOUtils.java:87)
	at org.apache.ratis.server.raftlog.segmented.SegmentedRaftLogWorker$StateMachineDataPolicy.getFromFuture(SegmentedRaftLogWorker.java:87)
	at org.apache.ratis.server.raftlog.segmented.SegmentedRaftLogWorker$WriteLog.execute(SegmentedRaftLogWorker.java:477)
	at org.apache.ratis.server.raftlog.segmented.SegmentedRaftLogWorker.run(SegmentedRaftLogWorker.java:289)
	at java.lang.Thread.run(Thread.java:748)
Caused by: java.util.concurrent.TimeoutException
	at java.util.concurrent.CompletableFuture.timedGet(CompletableFuture.java:1771)
	at java.util.concurrent.CompletableFuture.get(CompletableFuture.java:1915)
	at org.apache.ratis.util.IOUtils.getFromFuture(IOUtils.java:79)
	... 4 more
2019-09-17 03:26:26,355 [EventQueue-PipelineActionsForPipelineActionHandler] ERROR pipeline.PipelineActionHandler (PipelineActionHandler.java:onMessage(60)) - Received pipeline action CLOSE for Pipeline[ Id: 1154e060-f3f9-4071-892f-ecfe57fbc26d, Nodes: ae9625dc-248e-414f-955f-fccc978916e7{ip: 192.168.151.92, host: pr-hdds-2139-j8dx6-1450124282, networkLocation: /default-rack, certSerialId: null}1b957291-fe5b-420e-96dd-cc603eda7741{ip: 192.168.151.92, host: pr-hdds-2139-j8dx6-1450124282, networkLocation: /default-rack, certSerialId: null}12c7e022-5f96-4d2f-bd6c-0cb832bfe0bc{ip: 192.168.151.92, host: pr-hdds-2139-j8dx6-1450124282, networkLocation: /default-rack, certSerialId: null}, Type:RATIS, Factor:THREE, State:CLOSED] from datanode ae9625dc-248e-414f-955f-fccc978916e7{ip: 192.168.151.92, host: pr-hdds-2139-j8dx6-1450124282, networkLocation: /default-rack, certSerialId: null}. Reason : ae9625dc-248e-414f-955f-fccc978916e7 has not seen follower/s 12c7e022-5f96-4d2f-bd6c-0cb832bfe0bc for 130028ms 1b957291-fe5b-420e-96dd-cc603eda7741 for 130029ms
2019-09-17 03:26:26,356 [EventQueue-PipelineActionsForPipelineActionHandler] INFO  pipeline.SCMPipelineManager (SCMPipelineManager.java:finalizeAndDestroyPipeline(311)) - destroying pipeline:Pipeline[ Id: 1154e060-f3f9-4071-892f-ecfe57fbc26d, Nodes: ae9625dc-248e-414f-955f-fccc978916e7{ip: 192.168.151.92, host: pr-hdds-2139-j8dx6-1450124282, networkLocation: /default-rack, certSerialId: null}1b957291-fe5b-420e-96dd-cc603eda7741{ip: 192.168.151.92, host: pr-hdds-2139-j8dx6-1450124282, networkLocation: /default-rack, certSerialId: null}12c7e022-5f96-4d2f-bd6c-0cb832bfe0bc{ip: 192.168.151.92, host: pr-hdds-2139-j8dx6-1450124282, networkLocation: /default-rack, certSerialId: null}, Type:RATIS, Factor:THREE, State:CLOSED]
2019-09-17 03:26:26,357 [java.util.concurrent.ThreadPoolExecutor$Worker@c80a20e[State = -1, empty queue]] WARN  server.GrpcLogAppender (GrpcLogAppender.java:timeoutAppendRequest(200)) - ae9625dc-248e-414f-955f-fccc978916e7@group-ECFE57FBC26D->1b957291-fe5b-420e-96dd-cc603eda7741-GrpcLogAppender: appendEntries Timeout, request=ae9625dc-248e-414f-955f-fccc978916e7->1b957291-fe5b-420e-96dd-cc603eda7741#134-t1, previous=(t:1, i:11), leaderCommit=4, initializing? false, entries: <empty>
2019-09-17 03:26:26,357 [java.util.concurrent.ThreadPoolExecutor$Worker@65c2b252[State = -1, empty queue]] WARN  server.GrpcLogAppender (GrpcLogAppender.java:timeoutAppendRequest(200)) - ae9625dc-248e-414f-955f-fccc978916e7@group-ECFE57FBC26D->12c7e022-5f96-4d2f-bd6c-0cb832bfe0bc-GrpcLogAppender: appendEntries Timeout, request=ae9625dc-248e-414f-955f-fccc978916e7->12c7e022-5f96-4d2f-bd6c-0cb832bfe0bc#134-t1, previous=(t:1, i:11), leaderCommit=4, initializing? false, entries: <empty>
2019-09-17 03:26:27,147 [grpc-default-executor-2] INFO  client.GrpcClientProtocolClient (GrpcClientProtocolClient.java:onNext(264)) - client-7FCCE946A079->1b957291-fe5b-420e-96dd-cc603eda7741: receive RaftClientReply:client-7FCCE946A079->1b957291-fe5b-420e-96dd-cc603eda7741@group-ECFE57FBC26D, cid=143, FAILED org.apache.ratis.protocol.NotLeaderException: Server 1b957291-fe5b-420e-96dd-cc603eda7741@group-ECFE57FBC26D is not the leader ae9625dc-248e-414f-955f-fccc978916e7:192.168.151.92:37052, logIndex=0, commits[1b957291-fe5b-420e-96dd-cc603eda7741:c4, ae9625dc-248e-414f-955f-fccc978916e7:c4, 12c7e022-5f96-4d2f-bd6c-0cb832bfe0bc:c3]
2019-09-17 03:26:28,358 [org.apache.ratis.server.impl.LogAppender$AppenderDaemon$$Lambda$550/692567409@4680c204] ERROR ratis.XceiverServerRatis (XceiverServerRatis.java:triggerPipelineClose(575)) - pipeline Action CLOSE  on pipeline PipelineID=1154e060-f3f9-4071-892f-ecfe57fbc26d.Reason : ae9625dc-248e-414f-955f-fccc978916e7 has not seen follower/s 12c7e022-5f96-4d2f-bd6c-0cb832bfe0bc for 132528ms 1b957291-fe5b-420e-96dd-cc603eda7741 for 132530ms
2019-09-17 03:26:28,358 [org.apache.ratis.server.impl.LogAppender$AppenderDaemon$$Lambda$550/692567409@1e992c83] ERROR ratis.XceiverServerRatis (XceiverServerRatis.java:triggerPipelineClose(575)) - pipeline Action CLOSE  on pipeline PipelineID=1154e060-f3f9-4071-892f-ecfe57fbc26d.Reason : ae9625dc-248e-414f-955f-fccc978916e7 has not seen follower/s 12c7e022-5f96-4d2f-bd6c-0cb832bfe0bc for 132528ms 1b957291-fe5b-420e-96dd-cc603eda7741 for 132530ms
2019-09-17 03:26:28,857 [java.util.concurrent.ThreadPoolExecutor$Worker@65c2b252[State = -1, empty queue]] WARN  server.GrpcLogAppender (GrpcLogAppender.java:timeoutAppendRequest(200)) - ae9625dc-248e-414f-955f-fccc978916e7@group-ECFE57FBC26D->12c7e022-5f96-4d2f-bd6c-0cb832bfe0bc-GrpcLogAppender: appendEntries Timeout, request=ae9625dc-248e-414f-955f-fccc978916e7->12c7e022-5f96-4d2f-bd6c-0cb832bfe0bc#135-t1, previous=(t:1, i:11), leaderCommit=4, initializing? false, entries: <empty>
2019-09-17 03:26:28,857 [java.util.concurrent.ThreadPoolExecutor$Worker@c80a20e[State = -1, empty queue]] WARN  server.GrpcLogAppender (GrpcLogAppender.java:timeoutAppendRequest(200)) - ae9625dc-248e-414f-955f-fccc978916e7@group-ECFE57FBC26D->1b957291-fe5b-420e-96dd-cc603eda7741-GrpcLogAppender: appendEntries Timeout, request=ae9625dc-248e-414f-955f-fccc978916e7->1b957291-fe5b-420e-96dd-cc603eda7741#135-t1, previous=(t:1, i:11), leaderCommit=4, initializing? false, entries: <empty>
2019-09-17 03:26:29,355 [EventQueue-PipelineActionsForPipelineActionHandler] ERROR pipeline.PipelineActionHandler (PipelineActionHandler.java:onMessage(60)) - Received pipeline action CLOSE for Pipeline[ Id: 1154e060-f3f9-4071-892f-ecfe57fbc26d, Nodes: ae9625dc-248e-414f-955f-fccc978916e7{ip: 192.168.151.92, host: pr-hdds-2139-j8dx6-1450124282, networkLocation: /default-rack, certSerialId: null}1b957291-fe5b-420e-96dd-cc603eda7741{ip: 192.168.151.92, host: pr-hdds-2139-j8dx6-1450124282, networkLocation: /default-rack, certSerialId: null}12c7e022-5f96-4d2f-bd6c-0cb832bfe0bc{ip: 192.168.151.92, host: pr-hdds-2139-j8dx6-1450124282, networkLocation: /default-rack, certSerialId: null}, Type:RATIS, Factor:THREE, State:CLOSED] from datanode ae9625dc-248e-414f-955f-fccc978916e7{ip: 192.168.151.92, host: pr-hdds-2139-j8dx6-1450124282, networkLocation: /default-rack, certSerialId: null}. Reason : ae9625dc-248e-414f-955f-fccc978916e7 has not seen follower/s 12c7e022-5f96-4d2f-bd6c-0cb832bfe0bc for 132528ms 1b957291-fe5b-420e-96dd-cc603eda7741 for 132530ms
2019-09-17 03:26:29,355 [EventQueue-PipelineActionsForPipelineActionHandler] INFO  pipeline.SCMPipelineManager (SCMPipelineManager.java:finalizeAndDestroyPipeline(311)) - destroying pipeline:Pipeline[ Id: 1154e060-f3f9-4071-892f-ecfe57fbc26d, Nodes: ae9625dc-248e-414f-955f-fccc978916e7{ip: 192.168.151.92, host: pr-hdds-2139-j8dx6-1450124282, networkLocation: /default-rack, certSerialId: null}1b957291-fe5b-420e-96dd-cc603eda7741{ip: 192.168.151.92, host: pr-hdds-2139-j8dx6-1450124282, networkLocation: /default-rack, certSerialId: null}12c7e022-5f96-4d2f-bd6c-0cb832bfe0bc{ip: 192.168.151.92, host: pr-hdds-2139-j8dx6-1450124282, networkLocation: /default-rack, certSerialId: null}, Type:RATIS, Factor:THREE, State:CLOSED]
2019-09-17 03:26:30,859 [org.apache.ratis.server.impl.LogAppender$AppenderDaemon$$Lambda$550/692567409@4680c204] ERROR ratis.XceiverServerRatis (XceiverServerRatis.java:triggerPipelineClose(575)) - pipeline Action CLOSE  on pipeline PipelineID=1154e060-f3f9-4071-892f-ecfe57fbc26d.Reason : ae9625dc-248e-414f-955f-fccc978916e7 has not seen follower/s 12c7e022-5f96-4d2f-bd6c-0cb832bfe0bc for 135029ms 1b957291-fe5b-420e-96dd-cc603eda7741 for 135031ms
2019-09-17 03:26:30,859 [org.apache.ratis.server.impl.LogAppender$AppenderDaemon$$Lambda$550/692567409@1e992c83] ERROR ratis.XceiverServerRatis (XceiverServerRatis.java:triggerPipelineClose(575)) - pipeline Action CLOSE  on pipeline PipelineID=1154e060-f3f9-4071-892f-ecfe57fbc26d.Reason : ae9625dc-248e-414f-955f-fccc978916e7 has not seen follower/s 12c7e022-5f96-4d2f-bd6c-0cb832bfe0bc for 135029ms 1b957291-fe5b-420e-96dd-cc603eda7741 for 135031ms
2019-09-17 03:26:31,355 [EventQueue-PipelineActionsForPipelineActionHandler] ERROR pipeline.PipelineActionHandler (PipelineActionHandler.java:onMessage(60)) - Received pipeline action CLOSE for Pipeline[ Id: 1154e060-f3f9-4071-892f-ecfe57fbc26d, Nodes: ae9625dc-248e-414f-955f-fccc978916e7{ip: 192.168.151.92, host: pr-hdds-2139-j8dx6-1450124282, networkLocation: /default-rack, certSerialId: null}1b957291-fe5b-420e-96dd-cc603eda7741{ip: 192.168.151.92, host: pr-hdds-2139-j8dx6-1450124282, networkLocation: /default-rack, certSerialId: null}12c7e022-5f96-4d2f-bd6c-0cb832bfe0bc{ip: 192.168.151.92, host: pr-hdds-2139-j8dx6-1450124282, networkLocation: /default-rack, certSerialId: null}, Type:RATIS, Factor:THREE, State:CLOSED] from datanode ae9625dc-248e-414f-955f-fccc978916e7{ip: 192.168.151.92, host: pr-hdds-2139-j8dx6-1450124282, networkLocation: /default-rack, certSerialId: null}. Reason : ae9625dc-248e-414f-955f-fccc978916e7 has not seen follower/s 12c7e022-5f96-4d2f-bd6c-0cb832bfe0bc for 135029ms 1b957291-fe5b-420e-96dd-cc603eda7741 for 135031ms
2019-09-17 03:26:31,355 [EventQueue-PipelineActionsForPipelineActionHandler] INFO  pipeline.SCMPipelineManager (SCMPipelineManager.java:finalizeAndDestroyPipeline(311)) - destroying pipeline:Pipeline[ Id: 1154e060-f3f9-4071-892f-ecfe57fbc26d, Nodes: ae9625dc-248e-414f-955f-fccc978916e7{ip: 192.168.151.92, host: pr-hdds-2139-j8dx6-1450124282, networkLocation: /default-rack, certSerialId: null}1b957291-fe5b-420e-96dd-cc603eda7741{ip: 192.168.151.92, host: pr-hdds-2139-j8dx6-1450124282, networkLocation: /default-rack, certSerialId: null}12c7e022-5f96-4d2f-bd6c-0cb832bfe0bc{ip: 192.168.151.92, host: pr-hdds-2139-j8dx6-1450124282, networkLocation: /default-rack, certSerialId: null}, Type:RATIS, Factor:THREE, State:CLOSED]
2019-09-17 03:26:31,358 [java.util.concurrent.ThreadPoolExecutor$Worker@65c2b252[State = -1, empty queue]] WARN  server.GrpcLogAppender (GrpcLogAppender.java:timeoutAppendRequest(200)) - ae9625dc-248e-414f-955f-fccc978916e7@group-ECFE57FBC26D->12c7e022-5f96-4d2f-bd6c-0cb832bfe0bc-GrpcLogAppender: appendEntries Timeout, request=ae9625dc-248e-414f-955f-fccc978916e7->12c7e022-5f96-4d2f-bd6c-0cb832bfe0bc#136-t1, previous=(t:1, i:11), leaderCommit=4, initializing? false, entries: <empty>
2019-09-17 03:26:31,358 [java.util.concurrent.ThreadPoolExecutor$Worker@c80a20e[State = -1, empty queue]] WARN  server.GrpcLogAppender (GrpcLogAppender.java:timeoutAppendRequest(200)) - ae9625dc-248e-414f-955f-fccc978916e7@group-ECFE57FBC26D->1b957291-fe5b-420e-96dd-cc603eda7741-GrpcLogAppender: appendEntries Timeout, request=ae9625dc-248e-414f-955f-fccc978916e7->1b957291-fe5b-420e-96dd-cc603eda7741#136-t1, previous=(t:1, i:11), leaderCommit=4, initializing? false, entries: <empty>
2019-09-17 03:26:32,180 [grpc-default-executor-3] INFO  client.GrpcClientProtocolClient (GrpcClientProtocolClient.java:onNext(264)) - client-7FCCE946A079->12c7e022-5f96-4d2f-bd6c-0cb832bfe0bc: receive RaftClientReply:client-7FCCE946A079->12c7e022-5f96-4d2f-bd6c-0cb832bfe0bc@group-ECFE57FBC26D, cid=143, FAILED org.apache.ratis.protocol.NotLeaderException: Server 12c7e022-5f96-4d2f-bd6c-0cb832bfe0bc@group-ECFE57FBC26D is not the leader ae9625dc-248e-414f-955f-fccc978916e7:192.168.151.92:37052, logIndex=0, commits[12c7e022-5f96-4d2f-bd6c-0cb832bfe0bc:c4, ae9625dc-248e-414f-955f-fccc978916e7:c4, 1b957291-fe5b-420e-96dd-cc603eda7741:c3]
2019-09-17 03:26:33,360 [org.apache.ratis.server.impl.LogAppender$AppenderDaemon$$Lambda$550/692567409@1e992c83] ERROR ratis.XceiverServerRatis (XceiverServerRatis.java:triggerPipelineClose(575)) - pipeline Action CLOSE  on pipeline PipelineID=1154e060-f3f9-4071-892f-ecfe57fbc26d.Reason : ae9625dc-248e-414f-955f-fccc978916e7 has not seen follower/s 12c7e022-5f96-4d2f-bd6c-0cb832bfe0bc for 137530ms 1b957291-fe5b-420e-96dd-cc603eda7741 for 137532ms
2019-09-17 03:26:33,360 [org.apache.ratis.server.impl.LogAppender$AppenderDaemon$$Lambda$550/692567409@4680c204] ERROR ratis.XceiverServerRatis (XceiverServerRatis.java:triggerPipelineClose(575)) - pipeline Action CLOSE  on pipeline PipelineID=1154e060-f3f9-4071-892f-ecfe57fbc26d.Reason : ae9625dc-248e-414f-955f-fccc978916e7 has not seen follower/s 12c7e022-5f96-4d2f-bd6c-0cb832bfe0bc for 137530ms 1b957291-fe5b-420e-96dd-cc603eda7741 for 137532ms
2019-09-17 03:26:33,859 [java.util.concurrent.ThreadPoolExecutor$Worker@65c2b252[State = -1, empty queue]] WARN  server.GrpcLogAppender (GrpcLogAppender.java:timeoutAppendRequest(200)) - ae9625dc-248e-414f-955f-fccc978916e7@group-ECFE57FBC26D->12c7e022-5f96-4d2f-bd6c-0cb832bfe0bc-GrpcLogAppender: appendEntries Timeout, request=ae9625dc-248e-414f-955f-fccc978916e7->12c7e022-5f96-4d2f-bd6c-0cb832bfe0bc#137-t1, previous=(t:1, i:11), leaderCommit=4, initializing? false, entries: <empty>
2019-09-17 03:26:33,859 [java.util.concurrent.ThreadPoolExecutor$Worker@c80a20e[State = -1, empty queue]] WARN  server.GrpcLogAppender (GrpcLogAppender.java:timeoutAppendRequest(200)) - ae9625dc-248e-414f-955f-fccc978916e7@group-ECFE57FBC26D->1b957291-fe5b-420e-96dd-cc603eda7741-GrpcLogAppender: appendEntries Timeout, request=ae9625dc-248e-414f-955f-fccc978916e7->1b957291-fe5b-420e-96dd-cc603eda7741#137-t1, previous=(t:1, i:11), leaderCommit=4, initializing? false, entries: <empty>
2019-09-17 03:26:34,371 [EventQueue-PipelineActionsForPipelineActionHandler] ERROR pipeline.PipelineActionHandler (PipelineActionHandler.java:onMessage(60)) - Received pipeline action CLOSE for Pipeline[ Id: 1154e060-f3f9-4071-892f-ecfe57fbc26d, Nodes: ae9625dc-248e-414f-955f-fccc978916e7{ip: 192.168.151.92, host: pr-hdds-2139-j8dx6-1450124282, networkLocation: /default-rack, certSerialId: null}1b957291-fe5b-420e-96dd-cc603eda7741{ip: 192.168.151.92, host: pr-hdds-2139-j8dx6-1450124282, networkLocation: /default-rack, certSerialId: null}12c7e022-5f96-4d2f-bd6c-0cb832bfe0bc{ip: 192.168.151.92, host: pr-hdds-2139-j8dx6-1450124282, networkLocation: /default-rack, certSerialId: null}, Type:RATIS, Factor:THREE, State:CLOSED] from datanode ae9625dc-248e-414f-955f-fccc978916e7{ip: 192.168.151.92, host: pr-hdds-2139-j8dx6-1450124282, networkLocation: /default-rack, certSerialId: null}. Reason : ae9625dc-248e-414f-955f-fccc978916e7 has not seen follower/s 12c7e022-5f96-4d2f-bd6c-0cb832bfe0bc for 137530ms 1b957291-fe5b-420e-96dd-cc603eda7741 for 137532ms
2019-09-17 03:26:34,372 [EventQueue-PipelineActionsForPipelineActionHandler] INFO  pipeline.SCMPipelineManager (SCMPipelineManager.java:finalizeAndDestroyPipeline(311)) - destroying pipeline:Pipeline[ Id: 1154e060-f3f9-4071-892f-ecfe57fbc26d, Nodes: ae9625dc-248e-414f-955f-fccc978916e7{ip: 192.168.151.92, host: pr-hdds-2139-j8dx6-1450124282, networkLocation: /default-rack, certSerialId: null}1b957291-fe5b-420e-96dd-cc603eda7741{ip: 192.168.151.92, host: pr-hdds-2139-j8dx6-1450124282, networkLocation: /default-rack, certSerialId: null}12c7e022-5f96-4d2f-bd6c-0cb832bfe0bc{ip: 192.168.151.92, host: pr-hdds-2139-j8dx6-1450124282, networkLocation: /default-rack, certSerialId: null}, Type:RATIS, Factor:THREE, State:CLOSED]
2019-09-17 03:26:35,861 [org.apache.ratis.server.impl.LogAppender$AppenderDaemon$$Lambda$550/692567409@1e992c83] ERROR ratis.XceiverServerRatis (XceiverServerRatis.java:triggerPipelineClose(575)) - pipeline Action CLOSE  on pipeline PipelineID=1154e060-f3f9-4071-892f-ecfe57fbc26d.Reason : ae9625dc-248e-414f-955f-fccc978916e7 has not seen follower/s 12c7e022-5f96-4d2f-bd6c-0cb832bfe0bc for 140031ms 1b957291-fe5b-420e-96dd-cc603eda7741 for 140033ms
2019-09-17 03:26:35,861 [org.apache.ratis.server.impl.LogAppender$AppenderDaemon$$Lambda$550/692567409@4680c204] ERROR ratis.XceiverServerRatis (XceiverServerRatis.java:triggerPipelineClose(575)) - pipeline Action CLOSE  on pipeline PipelineID=1154e060-f3f9-4071-892f-ecfe57fbc26d.Reason : ae9625dc-248e-414f-955f-fccc978916e7 has not seen follower/s 12c7e022-5f96-4d2f-bd6c-0cb832bfe0bc for 140031ms 1b957291-fe5b-420e-96dd-cc603eda7741 for 140033ms
2019-09-17 03:26:35,996 [ae9625dc-248e-414f-955f-fccc978916e7@group-ECFE57FBC26D-SegmentedRaftLogWorker] WARN  segmented.SegmentedRaftLogWorker (SegmentedRaftLogWorker.java:getFromFuture(90)) - Timeout 13/~
org.apache.ratis.protocol.TimeoutIOException: Timeout 10s: WriteLog:5: (t:1, i:5), STATEMACHINELOGENTRY, client-7FCCE946A079, cid=143-writeStateMachineData
	at org.apache.ratis.util.IOUtils.getFromFuture(IOUtils.java:87)
	at org.apache.ratis.server.raftlog.segmented.SegmentedRaftLogWorker$StateMachineDataPolicy.getFromFuture(SegmentedRaftLogWorker.java:87)
	at org.apache.ratis.server.raftlog.segmented.SegmentedRaftLogWorker$WriteLog.execute(SegmentedRaftLogWorker.java:477)
	at org.apache.ratis.server.raftlog.segmented.SegmentedRaftLogWorker.run(SegmentedRaftLogWorker.java:289)
	at java.lang.Thread.run(Thread.java:748)
Caused by: java.util.concurrent.TimeoutException
	at java.util.concurrent.CompletableFuture.timedGet(CompletableFuture.java:1771)
	at java.util.concurrent.CompletableFuture.get(CompletableFuture.java:1915)
	at org.apache.ratis.util.IOUtils.getFromFuture(IOUtils.java:79)
	... 4 more
2019-09-17 03:26:36,334 [12c7e022-5f96-4d2f-bd6c-0cb832bfe0bc@group-ECFE57FBC26D-SegmentedRaftLogWorker] WARN  segmented.SegmentedRaftLogWorker (SegmentedRaftLogWorker.java:getFromFuture(90)) - Timeout 13/~
org.apache.ratis.protocol.TimeoutIOException: Timeout 10s: WriteLog:8: (t:1, i:8), STATEMACHINELOGENTRY, client-7FCCE946A079, cid=146-writeStateMachineData
	at org.apache.ratis.util.IOUtils.getFromFuture(IOUtils.java:87)
	at org.apache.ratis.server.raftlog.segmented.SegmentedRaftLogWorker$StateMachineDataPolicy.getFromFuture(SegmentedRaftLogWorker.java:87)
	at org.apache.ratis.server.raftlog.segmented.SegmentedRaftLogWorker$WriteLog.execute(SegmentedRaftLogWorker.java:477)
	at org.apache.ratis.server.raftlog.segmented.SegmentedRaftLogWorker.run(SegmentedRaftLogWorker.java:289)
	at java.lang.Thread.run(Thread.java:748)
Caused by: java.util.concurrent.TimeoutException
	at java.util.concurrent.CompletableFuture.timedGet(CompletableFuture.java:1771)
	at java.util.concurrent.CompletableFuture.get(CompletableFuture.java:1915)
	at org.apache.ratis.util.IOUtils.getFromFuture(IOUtils.java:79)
	... 4 more
2019-09-17 03:26:36,335 [1b957291-fe5b-420e-96dd-cc603eda7741@group-ECFE57FBC26D-SegmentedRaftLogWorker] WARN  segmented.SegmentedRaftLogWorker (SegmentedRaftLogWorker.java:getFromFuture(90)) - Timeout 13/~
org.apache.ratis.protocol.TimeoutIOException: Timeout 10s: WriteLog:6: (t:1, i:6), STATEMACHINELOGENTRY, client-7FCCE946A079, cid=144-writeStateMachineData
	at org.apache.ratis.util.IOUtils.getFromFuture(IOUtils.java:87)
	at org.apache.ratis.server.raftlog.segmented.SegmentedRaftLogWorker$StateMachineDataPolicy.getFromFuture(SegmentedRaftLogWorker.java:87)
	at org.apache.ratis.server.raftlog.segmented.SegmentedRaftLogWorker$WriteLog.execute(SegmentedRaftLogWorker.java:477)
	at org.apache.ratis.server.raftlog.segmented.SegmentedRaftLogWorker.run(SegmentedRaftLogWorker.java:289)
	at java.lang.Thread.run(Thread.java:748)
Caused by: java.util.concurrent.TimeoutException
	at java.util.concurrent.CompletableFuture.timedGet(CompletableFuture.java:1771)
	at java.util.concurrent.CompletableFuture.get(CompletableFuture.java:1915)
	at org.apache.ratis.util.IOUtils.getFromFuture(IOUtils.java:79)
	... 4 more
2019-09-17 03:26:36,356 [EventQueue-PipelineActionsForPipelineActionHandler] ERROR pipeline.PipelineActionHandler (PipelineActionHandler.java:onMessage(60)) - Received pipeline action CLOSE for Pipeline[ Id: 1154e060-f3f9-4071-892f-ecfe57fbc26d, Nodes: ae9625dc-248e-414f-955f-fccc978916e7{ip: 192.168.151.92, host: pr-hdds-2139-j8dx6-1450124282, networkLocation: /default-rack, certSerialId: null}1b957291-fe5b-420e-96dd-cc603eda7741{ip: 192.168.151.92, host: pr-hdds-2139-j8dx6-1450124282, networkLocation: /default-rack, certSerialId: null}12c7e022-5f96-4d2f-bd6c-0cb832bfe0bc{ip: 192.168.151.92, host: pr-hdds-2139-j8dx6-1450124282, networkLocation: /default-rack, certSerialId: null}, Type:RATIS, Factor:THREE, State:CLOSED] from datanode ae9625dc-248e-414f-955f-fccc978916e7{ip: 192.168.151.92, host: pr-hdds-2139-j8dx6-1450124282, networkLocation: /default-rack, certSerialId: null}. Reason : ae9625dc-248e-414f-955f-fccc978916e7 has not seen follower/s 12c7e022-5f96-4d2f-bd6c-0cb832bfe0bc for 140031ms 1b957291-fe5b-420e-96dd-cc603eda7741 for 140033ms
2019-09-17 03:26:36,357 [EventQueue-PipelineActionsForPipelineActionHandler] INFO  pipeline.SCMPipelineManager (SCMPipelineManager.java:finalizeAndDestroyPipeline(311)) - destroying pipeline:Pipeline[ Id: 1154e060-f3f9-4071-892f-ecfe57fbc26d, Nodes: ae9625dc-248e-414f-955f-fccc978916e7{ip: 192.168.151.92, host: pr-hdds-2139-j8dx6-1450124282, networkLocation: /default-rack, certSerialId: null}1b957291-fe5b-420e-96dd-cc603eda7741{ip: 192.168.151.92, host: pr-hdds-2139-j8dx6-1450124282, networkLocation: /default-rack, certSerialId: null}12c7e022-5f96-4d2f-bd6c-0cb832bfe0bc{ip: 192.168.151.92, host: pr-hdds-2139-j8dx6-1450124282, networkLocation: /default-rack, certSerialId: null}, Type:RATIS, Factor:THREE, State:CLOSED]
2019-09-17 03:26:36,360 [java.util.concurrent.ThreadPoolExecutor$Worker@c80a20e[State = -1, empty queue]] WARN  server.GrpcLogAppender (GrpcLogAppender.java:timeoutAppendRequest(200)) - ae9625dc-248e-414f-955f-fccc978916e7@group-ECFE57FBC26D->1b957291-fe5b-420e-96dd-cc603eda7741-GrpcLogAppender: appendEntries Timeout, request=ae9625dc-248e-414f-955f-fccc978916e7->1b957291-fe5b-420e-96dd-cc603eda7741#138-t1, previous=(t:1, i:11), leaderCommit=4, initializing? false, entries: <empty>
2019-09-17 03:26:36,360 [java.util.concurrent.ThreadPoolExecutor$Worker@65c2b252[State = -1, empty queue]] WARN  server.GrpcLogAppender (GrpcLogAppender.java:timeoutAppendRequest(200)) - ae9625dc-248e-414f-955f-fccc978916e7@group-ECFE57FBC26D->12c7e022-5f96-4d2f-bd6c-0cb832bfe0bc-GrpcLogAppender: appendEntries Timeout, request=ae9625dc-248e-414f-955f-fccc978916e7->12c7e022-5f96-4d2f-bd6c-0cb832bfe0bc#138-t1, previous=(t:1, i:11), leaderCommit=4, initializing? false, entries: <empty>
2019-09-17 03:26:37,221 [grpc-default-executor-4] INFO  client.GrpcClientProtocolClient (GrpcClientProtocolClient.java:onNext(264)) - client-7FCCE946A079->12c7e022-5f96-4d2f-bd6c-0cb832bfe0bc: receive RaftClientReply:client-7FCCE946A079->12c7e022-5f96-4d2f-bd6c-0cb832bfe0bc@group-ECFE57FBC26D, cid=143, FAILED org.apache.ratis.protocol.NotLeaderException: Server 12c7e022-5f96-4d2f-bd6c-0cb832bfe0bc@group-ECFE57FBC26D is not the leader ae9625dc-248e-414f-955f-fccc978916e7:192.168.151.92:37052, logIndex=0, commits[12c7e022-5f96-4d2f-bd6c-0cb832bfe0bc:c4, ae9625dc-248e-414f-955f-fccc978916e7:c4, 1b957291-fe5b-420e-96dd-cc603eda7741:c3]
2019-09-17 03:26:38,362 [org.apache.ratis.server.impl.LogAppender$AppenderDaemon$$Lambda$550/692567409@1e992c83] ERROR ratis.XceiverServerRatis (XceiverServerRatis.java:triggerPipelineClose(575)) - pipeline Action CLOSE  on pipeline PipelineID=1154e060-f3f9-4071-892f-ecfe57fbc26d.Reason : ae9625dc-248e-414f-955f-fccc978916e7 has not seen follower/s 12c7e022-5f96-4d2f-bd6c-0cb832bfe0bc for 142532ms 1b957291-fe5b-420e-96dd-cc603eda7741 for 142534ms
2019-09-17 03:26:38,362 [org.apache.ratis.server.impl.LogAppender$AppenderDaemon$$Lambda$550/692567409@4680c204] ERROR ratis.XceiverServerRatis (XceiverServerRatis.java:triggerPipelineClose(575)) - pipeline Action CLOSE  on pipeline PipelineID=1154e060-f3f9-4071-892f-ecfe57fbc26d.Reason : ae9625dc-248e-414f-955f-fccc978916e7 has not seen follower/s 12c7e022-5f96-4d2f-bd6c-0cb832bfe0bc for 142532ms 1b957291-fe5b-420e-96dd-cc603eda7741 for 142534ms
2019-09-17 03:26:38,861 [java.util.concurrent.ThreadPoolExecutor$Worker@c80a20e[State = -1, empty queue]] WARN  server.GrpcLogAppender (GrpcLogAppender.java:timeoutAppendRequest(200)) - ae9625dc-248e-414f-955f-fccc978916e7@group-ECFE57FBC26D->1b957291-fe5b-420e-96dd-cc603eda7741-GrpcLogAppender: appendEntries Timeout, request=ae9625dc-248e-414f-955f-fccc978916e7->1b957291-fe5b-420e-96dd-cc603eda7741#139-t1, previous=(t:1, i:11), leaderCommit=4, initializing? false, entries: <empty>
2019-09-17 03:26:38,861 [java.util.concurrent.ThreadPoolExecutor$Worker@65c2b252[State = -1, empty queue]] WARN  server.GrpcLogAppender (GrpcLogAppender.java:timeoutAppendRequest(200)) - ae9625dc-248e-414f-955f-fccc978916e7@group-ECFE57FBC26D->12c7e022-5f96-4d2f-bd6c-0cb832bfe0bc-GrpcLogAppender: appendEntries Timeout, request=ae9625dc-248e-414f-955f-fccc978916e7->12c7e022-5f96-4d2f-bd6c-0cb832bfe0bc#139-t1, previous=(t:1, i:11), leaderCommit=4, initializing? false, entries: <empty>
2019-09-17 03:26:39,358 [EventQueue-PipelineActionsForPipelineActionHandler] ERROR pipeline.PipelineActionHandler (PipelineActionHandler.java:onMessage(60)) - Received pipeline action CLOSE for Pipeline[ Id: 1154e060-f3f9-4071-892f-ecfe57fbc26d, Nodes: ae9625dc-248e-414f-955f-fccc978916e7{ip: 192.168.151.92, host: pr-hdds-2139-j8dx6-1450124282, networkLocation: /default-rack, certSerialId: null}1b957291-fe5b-420e-96dd-cc603eda7741{ip: 192.168.151.92, host: pr-hdds-2139-j8dx6-1450124282, networkLocation: /default-rack, certSerialId: null}12c7e022-5f96-4d2f-bd6c-0cb832bfe0bc{ip: 192.168.151.92, host: pr-hdds-2139-j8dx6-1450124282, networkLocation: /default-rack, certSerialId: null}, Type:RATIS, Factor:THREE, State:CLOSED] from datanode ae9625dc-248e-414f-955f-fccc978916e7{ip: 192.168.151.92, host: pr-hdds-2139-j8dx6-1450124282, networkLocation: /default-rack, certSerialId: null}. Reason : ae9625dc-248e-414f-955f-fccc978916e7 has not seen follower/s 12c7e022-5f96-4d2f-bd6c-0cb832bfe0bc for 142532ms 1b957291-fe5b-420e-96dd-cc603eda7741 for 142534ms
2019-09-17 03:26:39,358 [EventQueue-PipelineActionsForPipelineActionHandler] INFO  pipeline.SCMPipelineManager (SCMPipelineManager.java:finalizeAndDestroyPipeline(311)) - destroying pipeline:Pipeline[ Id: 1154e060-f3f9-4071-892f-ecfe57fbc26d, Nodes: ae9625dc-248e-414f-955f-fccc978916e7{ip: 192.168.151.92, host: pr-hdds-2139-j8dx6-1450124282, networkLocation: /default-rack, certSerialId: null}1b957291-fe5b-420e-96dd-cc603eda7741{ip: 192.168.151.92, host: pr-hdds-2139-j8dx6-1450124282, networkLocation: /default-rack, certSerialId: null}12c7e022-5f96-4d2f-bd6c-0cb832bfe0bc{ip: 192.168.151.92, host: pr-hdds-2139-j8dx6-1450124282, networkLocation: /default-rack, certSerialId: null}, Type:RATIS, Factor:THREE, State:CLOSED]
2019-09-17 03:26:40,863 [org.apache.ratis.server.impl.LogAppender$AppenderDaemon$$Lambda$550/692567409@1e992c83] ERROR ratis.XceiverServerRatis (XceiverServerRatis.java:triggerPipelineClose(575)) - pipeline Action CLOSE  on pipeline PipelineID=1154e060-f3f9-4071-892f-ecfe57fbc26d.Reason : ae9625dc-248e-414f-955f-fccc978916e7 has not seen follower/s 12c7e022-5f96-4d2f-bd6c-0cb832bfe0bc for 145033ms 1b957291-fe5b-420e-96dd-cc603eda7741 for 145035ms
2019-09-17 03:26:40,863 [org.apache.ratis.server.impl.LogAppender$AppenderDaemon$$Lambda$550/692567409@4680c204] ERROR ratis.XceiverServerRatis (XceiverServerRatis.java:triggerPipelineClose(575)) - pipeline Action CLOSE  on pipeline PipelineID=1154e060-f3f9-4071-892f-ecfe57fbc26d.Reason : ae9625dc-248e-414f-955f-fccc978916e7 has not seen follower/s 12c7e022-5f96-4d2f-bd6c-0cb832bfe0bc for 145033ms 1b957291-fe5b-420e-96dd-cc603eda7741 for 145035ms
2019-09-17 03:26:41,357 [EventQueue-PipelineActionsForPipelineActionHandler] ERROR pipeline.PipelineActionHandler (PipelineActionHandler.java:onMessage(60)) - Received pipeline action CLOSE for Pipeline[ Id: 1154e060-f3f9-4071-892f-ecfe57fbc26d, Nodes: ae9625dc-248e-414f-955f-fccc978916e7{ip: 192.168.151.92, host: pr-hdds-2139-j8dx6-1450124282, networkLocation: /default-rack, certSerialId: null}1b957291-fe5b-420e-96dd-cc603eda7741{ip: 192.168.151.92, host: pr-hdds-2139-j8dx6-1450124282, networkLocation: /default-rack, certSerialId: null}12c7e022-5f96-4d2f-bd6c-0cb832bfe0bc{ip: 192.168.151.92, host: pr-hdds-2139-j8dx6-1450124282, networkLocation: /default-rack, certSerialId: null}, Type:RATIS, Factor:THREE, State:CLOSED] from datanode ae9625dc-248e-414f-955f-fccc978916e7{ip: 192.168.151.92, host: pr-hdds-2139-j8dx6-1450124282, networkLocation: /default-rack, certSerialId: null}. Reason : ae9625dc-248e-414f-955f-fccc978916e7 has not seen follower/s 12c7e022-5f96-4d2f-bd6c-0cb832bfe0bc for 145033ms 1b957291-fe5b-420e-96dd-cc603eda7741 for 145035ms
2019-09-17 03:26:41,358 [EventQueue-PipelineActionsForPipelineActionHandler] INFO  pipeline.SCMPipelineManager (SCMPipelineManager.java:finalizeAndDestroyPipeline(311)) - destroying pipeline:Pipeline[ Id: 1154e060-f3f9-4071-892f-ecfe57fbc26d, Nodes: ae9625dc-248e-414f-955f-fccc978916e7{ip: 192.168.151.92, host: pr-hdds-2139-j8dx6-1450124282, networkLocation: /default-rack, certSerialId: null}1b957291-fe5b-420e-96dd-cc603eda7741{ip: 192.168.151.92, host: pr-hdds-2139-j8dx6-1450124282, networkLocation: /default-rack, certSerialId: null}12c7e022-5f96-4d2f-bd6c-0cb832bfe0bc{ip: 192.168.151.92, host: pr-hdds-2139-j8dx6-1450124282, networkLocation: /default-rack, certSerialId: null}, Type:RATIS, Factor:THREE, State:CLOSED]
2019-09-17 03:26:41,361 [java.util.concurrent.ThreadPoolExecutor$Worker@c80a20e[State = -1, empty queue]] WARN  server.GrpcLogAppender (GrpcLogAppender.java:timeoutAppendRequest(200)) - ae9625dc-248e-414f-955f-fccc978916e7@group-ECFE57FBC26D->1b957291-fe5b-420e-96dd-cc603eda7741-GrpcLogAppender: appendEntries Timeout, request=ae9625dc-248e-414f-955f-fccc978916e7->1b957291-fe5b-420e-96dd-cc603eda7741#140-t1, previous=(t:1, i:11), leaderCommit=4, initializing? false, entries: <empty>
2019-09-17 03:26:41,362 [java.util.concurrent.ThreadPoolExecutor$Worker@65c2b252[State = -1, empty queue]] WARN  server.GrpcLogAppender (GrpcLogAppender.java:timeoutAppendRequest(200)) - ae9625dc-248e-414f-955f-fccc978916e7@group-ECFE57FBC26D->12c7e022-5f96-4d2f-bd6c-0cb832bfe0bc-GrpcLogAppender: appendEntries Timeout, request=ae9625dc-248e-414f-955f-fccc978916e7->12c7e022-5f96-4d2f-bd6c-0cb832bfe0bc#140-t1, previous=(t:1, i:11), leaderCommit=4, initializing? false, entries: <empty>
2019-09-17 03:26:42,276 [grpc-default-executor-3] INFO  client.GrpcClientProtocolClient (GrpcClientProtocolClient.java:onNext(264)) - client-7FCCE946A079->1b957291-fe5b-420e-96dd-cc603eda7741: receive RaftClientReply:client-7FCCE946A079->1b957291-fe5b-420e-96dd-cc603eda7741@group-ECFE57FBC26D, cid=143, FAILED org.apache.ratis.protocol.NotLeaderException: Server 1b957291-fe5b-420e-96dd-cc603eda7741@group-ECFE57FBC26D is not the leader ae9625dc-248e-414f-955f-fccc978916e7:192.168.151.92:37052, logIndex=0, commits[1b957291-fe5b-420e-96dd-cc603eda7741:c4, ae9625dc-248e-414f-955f-fccc978916e7:c4, 12c7e022-5f96-4d2f-bd6c-0cb832bfe0bc:c3]
2019-09-17 03:26:43,364 [org.apache.ratis.server.impl.LogAppender$AppenderDaemon$$Lambda$550/692567409@1e992c83] ERROR ratis.XceiverServerRatis (XceiverServerRatis.java:triggerPipelineClose(575)) - pipeline Action CLOSE  on pipeline PipelineID=1154e060-f3f9-4071-892f-ecfe57fbc26d.Reason : ae9625dc-248e-414f-955f-fccc978916e7 has not seen follower/s 12c7e022-5f96-4d2f-bd6c-0cb832bfe0bc for 147534ms 1b957291-fe5b-420e-96dd-cc603eda7741 for 147536ms
2019-09-17 03:26:43,364 [org.apache.ratis.server.impl.LogAppender$AppenderDaemon$$Lambda$550/692567409@4680c204] ERROR ratis.XceiverServerRatis (XceiverServerRatis.java:triggerPipelineClose(575)) - pipeline Action CLOSE  on pipeline PipelineID=1154e060-f3f9-4071-892f-ecfe57fbc26d.Reason : ae9625dc-248e-414f-955f-fccc978916e7 has not seen follower/s 12c7e022-5f96-4d2f-bd6c-0cb832bfe0bc for 147534ms 1b957291-fe5b-420e-96dd-cc603eda7741 for 147536ms
2019-09-17 03:26:43,863 [java.util.concurrent.ThreadPoolExecutor$Worker@c80a20e[State = -1, empty queue]] WARN  server.GrpcLogAppender (GrpcLogAppender.java:timeoutAppendRequest(200)) - ae9625dc-248e-414f-955f-fccc978916e7@group-ECFE57FBC26D->1b957291-fe5b-420e-96dd-cc603eda7741-GrpcLogAppender: appendEntries Timeout, request=ae9625dc-248e-414f-955f-fccc978916e7->1b957291-fe5b-420e-96dd-cc603eda7741#141-t1, previous=(t:1, i:11), leaderCommit=4, initializing? false, entries: <empty>
2019-09-17 03:26:43,863 [java.util.concurrent.ThreadPoolExecutor$Worker@65c2b252[State = -1, empty queue]] WARN  server.GrpcLogAppender (GrpcLogAppender.java:timeoutAppendRequest(200)) - ae9625dc-248e-414f-955f-fccc978916e7@group-ECFE57FBC26D->12c7e022-5f96-4d2f-bd6c-0cb832bfe0bc-GrpcLogAppender: appendEntries Timeout, request=ae9625dc-248e-414f-955f-fccc978916e7->12c7e022-5f96-4d2f-bd6c-0cb832bfe0bc#141-t1, previous=(t:1, i:11), leaderCommit=4, initializing? false, entries: <empty>
2019-09-17 03:26:44,359 [EventQueue-PipelineActionsForPipelineActionHandler] ERROR pipeline.PipelineActionHandler (PipelineActionHandler.java:onMessage(60)) - Received pipeline action CLOSE for Pipeline[ Id: 1154e060-f3f9-4071-892f-ecfe57fbc26d, Nodes: ae9625dc-248e-414f-955f-fccc978916e7{ip: 192.168.151.92, host: pr-hdds-2139-j8dx6-1450124282, networkLocation: /default-rack, certSerialId: null}1b957291-fe5b-420e-96dd-cc603eda7741{ip: 192.168.151.92, host: pr-hdds-2139-j8dx6-1450124282, networkLocation: /default-rack, certSerialId: null}12c7e022-5f96-4d2f-bd6c-0cb832bfe0bc{ip: 192.168.151.92, host: pr-hdds-2139-j8dx6-1450124282, networkLocation: /default-rack, certSerialId: null}, Type:RATIS, Factor:THREE, State:CLOSED] from datanode ae9625dc-248e-414f-955f-fccc978916e7{ip: 192.168.151.92, host: pr-hdds-2139-j8dx6-1450124282, networkLocation: /default-rack, certSerialId: null}. Reason : ae9625dc-248e-414f-955f-fccc978916e7 has not seen follower/s 12c7e022-5f96-4d2f-bd6c-0cb832bfe0bc for 147534ms 1b957291-fe5b-420e-96dd-cc603eda7741 for 147536ms
2019-09-17 03:26:44,360 [EventQueue-PipelineActionsForPipelineActionHandler] INFO  pipeline.SCMPipelineManager (SCMPipelineManager.java:finalizeAndDestroyPipeline(311)) - destroying pipeline:Pipeline[ Id: 1154e060-f3f9-4071-892f-ecfe57fbc26d, Nodes: ae9625dc-248e-414f-955f-fccc978916e7{ip: 192.168.151.92, host: pr-hdds-2139-j8dx6-1450124282, networkLocation: /default-rack, certSerialId: null}1b957291-fe5b-420e-96dd-cc603eda7741{ip: 192.168.151.92, host: pr-hdds-2139-j8dx6-1450124282, networkLocation: /default-rack, certSerialId: null}12c7e022-5f96-4d2f-bd6c-0cb832bfe0bc{ip: 192.168.151.92, host: pr-hdds-2139-j8dx6-1450124282, networkLocation: /default-rack, certSerialId: null}, Type:RATIS, Factor:THREE, State:CLOSED]
2019-09-17 03:26:45,865 [org.apache.ratis.server.impl.LogAppender$AppenderDaemon$$Lambda$550/692567409@1e992c83] ERROR ratis.XceiverServerRatis (XceiverServerRatis.java:triggerPipelineClose(575)) - pipeline Action CLOSE  on pipeline PipelineID=1154e060-f3f9-4071-892f-ecfe57fbc26d.Reason : ae9625dc-248e-414f-955f-fccc978916e7 has not seen follower/s 12c7e022-5f96-4d2f-bd6c-0cb832bfe0bc for 150035ms 1b957291-fe5b-420e-96dd-cc603eda7741 for 150037ms
2019-09-17 03:26:45,865 [org.apache.ratis.server.impl.LogAppender$AppenderDaemon$$Lambda$550/692567409@4680c204] ERROR ratis.XceiverServerRatis (XceiverServerRatis.java:triggerPipelineClose(575)) - pipeline Action CLOSE  on pipeline PipelineID=1154e060-f3f9-4071-892f-ecfe57fbc26d.Reason : ae9625dc-248e-414f-955f-fccc978916e7 has not seen follower/s 12c7e022-5f96-4d2f-bd6c-0cb832bfe0bc for 150035ms 1b957291-fe5b-420e-96dd-cc603eda7741 for 150037ms
2019-09-17 03:26:45,998 [ae9625dc-248e-414f-955f-fccc978916e7@group-ECFE57FBC26D-SegmentedRaftLogWorker] WARN  segmented.SegmentedRaftLogWorker (SegmentedRaftLogWorker.java:getFromFuture(90)) - Timeout 14/~
org.apache.ratis.protocol.TimeoutIOException: Timeout 10s: WriteLog:5: (t:1, i:5), STATEMACHINELOGENTRY, client-7FCCE946A079, cid=143-writeStateMachineData
	at org.apache.ratis.util.IOUtils.getFromFuture(IOUtils.java:87)
	at org.apache.ratis.server.raftlog.segmented.SegmentedRaftLogWorker$StateMachineDataPolicy.getFromFuture(SegmentedRaftLogWorker.java:87)
	at org.apache.ratis.server.raftlog.segmented.SegmentedRaftLogWorker$WriteLog.execute(SegmentedRaftLogWorker.java:477)
	at org.apache.ratis.server.raftlog.segmented.SegmentedRaftLogWorker.run(SegmentedRaftLogWorker.java:289)
	at java.lang.Thread.run(Thread.java:748)
Caused by: java.util.concurrent.TimeoutException
	at java.util.concurrent.CompletableFuture.timedGet(CompletableFuture.java:1771)
	at java.util.concurrent.CompletableFuture.get(CompletableFuture.java:1915)
	at org.apache.ratis.util.IOUtils.getFromFuture(IOUtils.java:79)
	... 4 more
2019-09-17 03:26:46,335 [12c7e022-5f96-4d2f-bd6c-0cb832bfe0bc@group-ECFE57FBC26D-SegmentedRaftLogWorker] WARN  segmented.SegmentedRaftLogWorker (SegmentedRaftLogWorker.java:getFromFuture(90)) - Timeout 14/~
org.apache.ratis.protocol.TimeoutIOException: Timeout 10s: WriteLog:8: (t:1, i:8), STATEMACHINELOGENTRY, client-7FCCE946A079, cid=146-writeStateMachineData
	at org.apache.ratis.util.IOUtils.getFromFuture(IOUtils.java:87)
	at org.apache.ratis.server.raftlog.segmented.SegmentedRaftLogWorker$StateMachineDataPolicy.getFromFuture(SegmentedRaftLogWorker.java:87)
	at org.apache.ratis.server.raftlog.segmented.SegmentedRaftLogWorker$WriteLog.execute(SegmentedRaftLogWorker.java:477)
	at org.apache.ratis.server.raftlog.segmented.SegmentedRaftLogWorker.run(SegmentedRaftLogWorker.java:289)
	at java.lang.Thread.run(Thread.java:748)
Caused by: java.util.concurrent.TimeoutException
	at java.util.concurrent.CompletableFuture.timedGet(CompletableFuture.java:1771)
	at java.util.concurrent.CompletableFuture.get(CompletableFuture.java:1915)
	at org.apache.ratis.util.IOUtils.getFromFuture(IOUtils.java:79)
	... 4 more
2019-09-17 03:26:46,336 [1b957291-fe5b-420e-96dd-cc603eda7741@group-ECFE57FBC26D-SegmentedRaftLogWorker] WARN  segmented.SegmentedRaftLogWorker (SegmentedRaftLogWorker.java:getFromFuture(90)) - Timeout 14/~
org.apache.ratis.protocol.TimeoutIOException: Timeout 10s: WriteLog:6: (t:1, i:6), STATEMACHINELOGENTRY, client-7FCCE946A079, cid=144-writeStateMachineData
	at org.apache.ratis.util.IOUtils.getFromFuture(IOUtils.java:87)
	at org.apache.ratis.server.raftlog.segmented.SegmentedRaftLogWorker$StateMachineDataPolicy.getFromFuture(SegmentedRaftLogWorker.java:87)
	at org.apache.ratis.server.raftlog.segmented.SegmentedRaftLogWorker$WriteLog.execute(SegmentedRaftLogWorker.java:477)
	at org.apache.ratis.server.raftlog.segmented.SegmentedRaftLogWorker.run(SegmentedRaftLogWorker.java:289)
	at java.lang.Thread.run(Thread.java:748)
Caused by: java.util.concurrent.TimeoutException
	at java.util.concurrent.CompletableFuture.timedGet(CompletableFuture.java:1771)
	at java.util.concurrent.CompletableFuture.get(CompletableFuture.java:1915)
	at org.apache.ratis.util.IOUtils.getFromFuture(IOUtils.java:79)
	... 4 more
2019-09-17 03:26:46,357 [EventQueue-PipelineActionsForPipelineActionHandler] ERROR pipeline.PipelineActionHandler (PipelineActionHandler.java:onMessage(60)) - Received pipeline action CLOSE for Pipeline[ Id: 1154e060-f3f9-4071-892f-ecfe57fbc26d, Nodes: ae9625dc-248e-414f-955f-fccc978916e7{ip: 192.168.151.92, host: pr-hdds-2139-j8dx6-1450124282, networkLocation: /default-rack, certSerialId: null}1b957291-fe5b-420e-96dd-cc603eda7741{ip: 192.168.151.92, host: pr-hdds-2139-j8dx6-1450124282, networkLocation: /default-rack, certSerialId: null}12c7e022-5f96-4d2f-bd6c-0cb832bfe0bc{ip: 192.168.151.92, host: pr-hdds-2139-j8dx6-1450124282, networkLocation: /default-rack, certSerialId: null}, Type:RATIS, Factor:THREE, State:CLOSED] from datanode ae9625dc-248e-414f-955f-fccc978916e7{ip: 192.168.151.92, host: pr-hdds-2139-j8dx6-1450124282, networkLocation: /default-rack, certSerialId: null}. Reason : ae9625dc-248e-414f-955f-fccc978916e7 has not seen follower/s 12c7e022-5f96-4d2f-bd6c-0cb832bfe0bc for 150035ms 1b957291-fe5b-420e-96dd-cc603eda7741 for 150037ms
2019-09-17 03:26:46,357 [EventQueue-PipelineActionsForPipelineActionHandler] INFO  pipeline.SCMPipelineManager (SCMPipelineManager.java:finalizeAndDestroyPipeline(311)) - destroying pipeline:Pipeline[ Id: 1154e060-f3f9-4071-892f-ecfe57fbc26d, Nodes: ae9625dc-248e-414f-955f-fccc978916e7{ip: 192.168.151.92, host: pr-hdds-2139-j8dx6-1450124282, networkLocation: /default-rack, certSerialId: null}1b957291-fe5b-420e-96dd-cc603eda7741{ip: 192.168.151.92, host: pr-hdds-2139-j8dx6-1450124282, networkLocation: /default-rack, certSerialId: null}12c7e022-5f96-4d2f-bd6c-0cb832bfe0bc{ip: 192.168.151.92, host: pr-hdds-2139-j8dx6-1450124282, networkLocation: /default-rack, certSerialId: null}, Type:RATIS, Factor:THREE, State:CLOSED]
2019-09-17 03:26:46,363 [java.util.concurrent.ThreadPoolExecutor$Worker@65c2b252[State = -1, empty queue]] WARN  server.GrpcLogAppender (GrpcLogAppender.java:timeoutAppendRequest(200)) - ae9625dc-248e-414f-955f-fccc978916e7@group-ECFE57FBC26D->12c7e022-5f96-4d2f-bd6c-0cb832bfe0bc-GrpcLogAppender: appendEntries Timeout, request=ae9625dc-248e-414f-955f-fccc978916e7->12c7e022-5f96-4d2f-bd6c-0cb832bfe0bc#142-t1, previous=(t:1, i:11), leaderCommit=4, initializing? false, entries: <empty>
2019-09-17 03:26:46,363 [java.util.concurrent.ThreadPoolExecutor$Worker@c80a20e[State = -1, empty queue]] WARN  server.GrpcLogAppender (GrpcLogAppender.java:timeoutAppendRequest(200)) - ae9625dc-248e-414f-955f-fccc978916e7@group-ECFE57FBC26D->1b957291-fe5b-420e-96dd-cc603eda7741-GrpcLogAppender: appendEntries Timeout, request=ae9625dc-248e-414f-955f-fccc978916e7->1b957291-fe5b-420e-96dd-cc603eda7741#142-t1, previous=(t:1, i:11), leaderCommit=4, initializing? false, entries: <empty>
2019-09-17 03:26:47,312 [grpc-default-executor-3] INFO  client.GrpcClientProtocolClient (GrpcClientProtocolClient.java:onNext(264)) - client-7FCCE946A079->1b957291-fe5b-420e-96dd-cc603eda7741: receive RaftClientReply:client-7FCCE946A079->1b957291-fe5b-420e-96dd-cc603eda7741@group-ECFE57FBC26D, cid=143, FAILED org.apache.ratis.protocol.NotLeaderException: Server 1b957291-fe5b-420e-96dd-cc603eda7741@group-ECFE57FBC26D is not the leader ae9625dc-248e-414f-955f-fccc978916e7:192.168.151.92:37052, logIndex=0, commits[1b957291-fe5b-420e-96dd-cc603eda7741:c4, ae9625dc-248e-414f-955f-fccc978916e7:c4, 12c7e022-5f96-4d2f-bd6c-0cb832bfe0bc:c3]
2019-09-17 03:26:48,365 [org.apache.ratis.server.impl.LogAppender$AppenderDaemon$$Lambda$550/692567409@1e992c83] ERROR ratis.XceiverServerRatis (XceiverServerRatis.java:triggerPipelineClose(575)) - pipeline Action CLOSE  on pipeline PipelineID=1154e060-f3f9-4071-892f-ecfe57fbc26d.Reason : ae9625dc-248e-414f-955f-fccc978916e7 has not seen follower/s 12c7e022-5f96-4d2f-bd6c-0cb832bfe0bc for 152535ms 1b957291-fe5b-420e-96dd-cc603eda7741 for 152537ms
2019-09-17 03:26:48,365 [org.apache.ratis.server.impl.LogAppender$AppenderDaemon$$Lambda$550/692567409@4680c204] ERROR ratis.XceiverServerRatis (XceiverServerRatis.java:triggerPipelineClose(575)) - pipeline Action CLOSE  on pipeline PipelineID=1154e060-f3f9-4071-892f-ecfe57fbc26d.Reason : ae9625dc-248e-414f-955f-fccc978916e7 has not seen follower/s 12c7e022-5f96-4d2f-bd6c-0cb832bfe0bc for 152536ms 1b957291-fe5b-420e-96dd-cc603eda7741 for 152537ms
2019-09-17 03:26:48,865 [java.util.concurrent.ThreadPoolExecutor$Worker@65c2b252[State = -1, empty queue]] WARN  server.GrpcLogAppender (GrpcLogAppender.java:timeoutAppendRequest(200)) - ae9625dc-248e-414f-955f-fccc978916e7@group-ECFE57FBC26D->12c7e022-5f96-4d2f-bd6c-0cb832bfe0bc-GrpcLogAppender: appendEntries Timeout, request=ae9625dc-248e-414f-955f-fccc978916e7->12c7e022-5f96-4d2f-bd6c-0cb832bfe0bc#143-t1, previous=(t:1, i:11), leaderCommit=4, initializing? false, entries: <empty>
2019-09-17 03:26:48,865 [java.util.concurrent.ThreadPoolExecutor$Worker@c80a20e[State = -1, empty queue]] WARN  server.GrpcLogAppender (GrpcLogAppender.java:timeoutAppendRequest(200)) - ae9625dc-248e-414f-955f-fccc978916e7@group-ECFE57FBC26D->1b957291-fe5b-420e-96dd-cc603eda7741-GrpcLogAppender: appendEntries Timeout, request=ae9625dc-248e-414f-955f-fccc978916e7->1b957291-fe5b-420e-96dd-cc603eda7741#143-t1, previous=(t:1, i:11), leaderCommit=4, initializing? false, entries: <empty>
2019-09-17 03:26:49,360 [EventQueue-PipelineActionsForPipelineActionHandler] ERROR pipeline.PipelineActionHandler (PipelineActionHandler.java:onMessage(60)) - Received pipeline action CLOSE for Pipeline[ Id: 1154e060-f3f9-4071-892f-ecfe57fbc26d, Nodes: ae9625dc-248e-414f-955f-fccc978916e7{ip: 192.168.151.92, host: pr-hdds-2139-j8dx6-1450124282, networkLocation: /default-rack, certSerialId: null}1b957291-fe5b-420e-96dd-cc603eda7741{ip: 192.168.151.92, host: pr-hdds-2139-j8dx6-1450124282, networkLocation: /default-rack, certSerialId: null}12c7e022-5f96-4d2f-bd6c-0cb832bfe0bc{ip: 192.168.151.92, host: pr-hdds-2139-j8dx6-1450124282, networkLocation: /default-rack, certSerialId: null}, Type:RATIS, Factor:THREE, State:CLOSED] from datanode ae9625dc-248e-414f-955f-fccc978916e7{ip: 192.168.151.92, host: pr-hdds-2139-j8dx6-1450124282, networkLocation: /default-rack, certSerialId: null}. Reason : ae9625dc-248e-414f-955f-fccc978916e7 has not seen follower/s 12c7e022-5f96-4d2f-bd6c-0cb832bfe0bc for 152535ms 1b957291-fe5b-420e-96dd-cc603eda7741 for 152537ms
2019-09-17 03:26:49,360 [EventQueue-PipelineActionsForPipelineActionHandler] INFO  pipeline.SCMPipelineManager (SCMPipelineManager.java:finalizeAndDestroyPipeline(311)) - destroying pipeline:Pipeline[ Id: 1154e060-f3f9-4071-892f-ecfe57fbc26d, Nodes: ae9625dc-248e-414f-955f-fccc978916e7{ip: 192.168.151.92, host: pr-hdds-2139-j8dx6-1450124282, networkLocation: /default-rack, certSerialId: null}1b957291-fe5b-420e-96dd-cc603eda7741{ip: 192.168.151.92, host: pr-hdds-2139-j8dx6-1450124282, networkLocation: /default-rack, certSerialId: null}12c7e022-5f96-4d2f-bd6c-0cb832bfe0bc{ip: 192.168.151.92, host: pr-hdds-2139-j8dx6-1450124282, networkLocation: /default-rack, certSerialId: null}, Type:RATIS, Factor:THREE, State:CLOSED]
2019-09-17 03:26:50,866 [org.apache.ratis.server.impl.LogAppender$AppenderDaemon$$Lambda$550/692567409@4680c204] ERROR ratis.XceiverServerRatis (XceiverServerRatis.java:triggerPipelineClose(575)) - pipeline Action CLOSE  on pipeline PipelineID=1154e060-f3f9-4071-892f-ecfe57fbc26d.Reason : ae9625dc-248e-414f-955f-fccc978916e7 has not seen follower/s 12c7e022-5f96-4d2f-bd6c-0cb832bfe0bc for 155036ms 1b957291-fe5b-420e-96dd-cc603eda7741 for 155038ms
2019-09-17 03:26:50,866 [org.apache.ratis.server.impl.LogAppender$AppenderDaemon$$Lambda$550/692567409@1e992c83] ERROR ratis.XceiverServerRatis (XceiverServerRatis.java:triggerPipelineClose(575)) - pipeline Action CLOSE  on pipeline PipelineID=1154e060-f3f9-4071-892f-ecfe57fbc26d.Reason : ae9625dc-248e-414f-955f-fccc978916e7 has not seen follower/s 12c7e022-5f96-4d2f-bd6c-0cb832bfe0bc for 155036ms 1b957291-fe5b-420e-96dd-cc603eda7741 for 155038ms
2019-09-17 03:26:51,359 [EventQueue-PipelineActionsForPipelineActionHandler] ERROR pipeline.PipelineActionHandler (PipelineActionHandler.java:onMessage(60)) - Received pipeline action CLOSE for Pipeline[ Id: 1154e060-f3f9-4071-892f-ecfe57fbc26d, Nodes: ae9625dc-248e-414f-955f-fccc978916e7{ip: 192.168.151.92, host: pr-hdds-2139-j8dx6-1450124282, networkLocation: /default-rack, certSerialId: null}1b957291-fe5b-420e-96dd-cc603eda7741{ip: 192.168.151.92, host: pr-hdds-2139-j8dx6-1450124282, networkLocation: /default-rack, certSerialId: null}12c7e022-5f96-4d2f-bd6c-0cb832bfe0bc{ip: 192.168.151.92, host: pr-hdds-2139-j8dx6-1450124282, networkLocation: /default-rack, certSerialId: null}, Type:RATIS, Factor:THREE, State:CLOSED] from datanode ae9625dc-248e-414f-955f-fccc978916e7{ip: 192.168.151.92, host: pr-hdds-2139-j8dx6-1450124282, networkLocation: /default-rack, certSerialId: null}. Reason : ae9625dc-248e-414f-955f-fccc978916e7 has not seen follower/s 12c7e022-5f96-4d2f-bd6c-0cb832bfe0bc for 155036ms 1b957291-fe5b-420e-96dd-cc603eda7741 for 155038ms
2019-09-17 03:26:51,359 [EventQueue-PipelineActionsForPipelineActionHandler] INFO  pipeline.SCMPipelineManager (SCMPipelineManager.java:finalizeAndDestroyPipeline(311)) - destroying pipeline:Pipeline[ Id: 1154e060-f3f9-4071-892f-ecfe57fbc26d, Nodes: ae9625dc-248e-414f-955f-fccc978916e7{ip: 192.168.151.92, host: pr-hdds-2139-j8dx6-1450124282, networkLocation: /default-rack, certSerialId: null}1b957291-fe5b-420e-96dd-cc603eda7741{ip: 192.168.151.92, host: pr-hdds-2139-j8dx6-1450124282, networkLocation: /default-rack, certSerialId: null}12c7e022-5f96-4d2f-bd6c-0cb832bfe0bc{ip: 192.168.151.92, host: pr-hdds-2139-j8dx6-1450124282, networkLocation: /default-rack, certSerialId: null}, Type:RATIS, Factor:THREE, State:CLOSED]
2019-09-17 03:26:51,365 [java.util.concurrent.ThreadPoolExecutor$Worker@65c2b252[State = -1, empty queue]] WARN  server.GrpcLogAppender (GrpcLogAppender.java:timeoutAppendRequest(200)) - ae9625dc-248e-414f-955f-fccc978916e7@group-ECFE57FBC26D->12c7e022-5f96-4d2f-bd6c-0cb832bfe0bc-GrpcLogAppender: appendEntries Timeout, request=ae9625dc-248e-414f-955f-fccc978916e7->12c7e022-5f96-4d2f-bd6c-0cb832bfe0bc#144-t1, previous=(t:1, i:11), leaderCommit=4, initializing? false, entries: <empty>
2019-09-17 03:26:51,365 [java.util.concurrent.ThreadPoolExecutor$Worker@c80a20e[State = -1, empty queue]] WARN  server.GrpcLogAppender (GrpcLogAppender.java:timeoutAppendRequest(200)) - ae9625dc-248e-414f-955f-fccc978916e7@group-ECFE57FBC26D->1b957291-fe5b-420e-96dd-cc603eda7741-GrpcLogAppender: appendEntries Timeout, request=ae9625dc-248e-414f-955f-fccc978916e7->1b957291-fe5b-420e-96dd-cc603eda7741#144-t1, previous=(t:1, i:11), leaderCommit=4, initializing? false, entries: <empty>
2019-09-17 03:26:52,355 [grpc-default-executor-6] INFO  client.GrpcClientProtocolClient (GrpcClientProtocolClient.java:onNext(264)) - client-7FCCE946A079->12c7e022-5f96-4d2f-bd6c-0cb832bfe0bc: receive RaftClientReply:client-7FCCE946A079->12c7e022-5f96-4d2f-bd6c-0cb832bfe0bc@group-ECFE57FBC26D, cid=143, FAILED org.apache.ratis.protocol.NotLeaderException: Server 12c7e022-5f96-4d2f-bd6c-0cb832bfe0bc@group-ECFE57FBC26D is not the leader ae9625dc-248e-414f-955f-fccc978916e7:192.168.151.92:37052, logIndex=0, commits[12c7e022-5f96-4d2f-bd6c-0cb832bfe0bc:c4, ae9625dc-248e-414f-955f-fccc978916e7:c4, 1b957291-fe5b-420e-96dd-cc603eda7741:c3]
2019-09-17 03:26:53,367 [org.apache.ratis.server.impl.LogAppender$AppenderDaemon$$Lambda$550/692567409@4680c204] ERROR ratis.XceiverServerRatis (XceiverServerRatis.java:triggerPipelineClose(575)) - pipeline Action CLOSE  on pipeline PipelineID=1154e060-f3f9-4071-892f-ecfe57fbc26d.Reason : ae9625dc-248e-414f-955f-fccc978916e7 has not seen follower/s 12c7e022-5f96-4d2f-bd6c-0cb832bfe0bc for 157537ms 1b957291-fe5b-420e-96dd-cc603eda7741 for 157539ms
2019-09-17 03:26:53,367 [org.apache.ratis.server.impl.LogAppender$AppenderDaemon$$Lambda$550/692567409@1e992c83] ERROR ratis.XceiverServerRatis (XceiverServerRatis.java:triggerPipelineClose(575)) - pipeline Action CLOSE  on pipeline PipelineID=1154e060-f3f9-4071-892f-ecfe57fbc26d.Reason : ae9625dc-248e-414f-955f-fccc978916e7 has not seen follower/s 12c7e022-5f96-4d2f-bd6c-0cb832bfe0bc for 157537ms 1b957291-fe5b-420e-96dd-cc603eda7741 for 157539ms
2019-09-17 03:26:53,375 [EventQueue-PipelineActionsForPipelineActionHandler] ERROR pipeline.PipelineActionHandler (PipelineActionHandler.java:onMessage(60)) - Received pipeline action CLOSE for Pipeline[ Id: 1154e060-f3f9-4071-892f-ecfe57fbc26d, Nodes: ae9625dc-248e-414f-955f-fccc978916e7{ip: 192.168.151.92, host: pr-hdds-2139-j8dx6-1450124282, networkLocation: /default-rack, certSerialId: null}1b957291-fe5b-420e-96dd-cc603eda7741{ip: 192.168.151.92, host: pr-hdds-2139-j8dx6-1450124282, networkLocation: /default-rack, certSerialId: null}12c7e022-5f96-4d2f-bd6c-0cb832bfe0bc{ip: 192.168.151.92, host: pr-hdds-2139-j8dx6-1450124282, networkLocation: /default-rack, certSerialId: null}, Type:RATIS, Factor:THREE, State:CLOSED] from datanode ae9625dc-248e-414f-955f-fccc978916e7{ip: 192.168.151.92, host: pr-hdds-2139-j8dx6-1450124282, networkLocation: /default-rack, certSerialId: null}. Reason : ae9625dc-248e-414f-955f-fccc978916e7 has not seen follower/s 12c7e022-5f96-4d2f-bd6c-0cb832bfe0bc for 157537ms 1b957291-fe5b-420e-96dd-cc603eda7741 for 157539ms
2019-09-17 03:26:53,375 [EventQueue-PipelineActionsForPipelineActionHandler] INFO  pipeline.SCMPipelineManager (SCMPipelineManager.java:finalizeAndDestroyPipeline(311)) - destroying pipeline:Pipeline[ Id: 1154e060-f3f9-4071-892f-ecfe57fbc26d, Nodes: ae9625dc-248e-414f-955f-fccc978916e7{ip: 192.168.151.92, host: pr-hdds-2139-j8dx6-1450124282, networkLocation: /default-rack, certSerialId: null}1b957291-fe5b-420e-96dd-cc603eda7741{ip: 192.168.151.92, host: pr-hdds-2139-j8dx6-1450124282, networkLocation: /default-rack, certSerialId: null}12c7e022-5f96-4d2f-bd6c-0cb832bfe0bc{ip: 192.168.151.92, host: pr-hdds-2139-j8dx6-1450124282, networkLocation: /default-rack, certSerialId: null}, Type:RATIS, Factor:THREE, State:CLOSED]
2019-09-17 03:26:53,866 [java.util.concurrent.ThreadPoolExecutor$Worker@65c2b252[State = -1, empty queue]] WARN  server.GrpcLogAppender (GrpcLogAppender.java:timeoutAppendRequest(200)) - ae9625dc-248e-414f-955f-fccc978916e7@group-ECFE57FBC26D->12c7e022-5f96-4d2f-bd6c-0cb832bfe0bc-GrpcLogAppender: appendEntries Timeout, request=ae9625dc-248e-414f-955f-fccc978916e7->12c7e022-5f96-4d2f-bd6c-0cb832bfe0bc#145-t1, previous=(t:1, i:11), leaderCommit=4, initializing? false, entries: <empty>
2019-09-17 03:26:53,866 [java.util.concurrent.ThreadPoolExecutor$Worker@c80a20e[State = -1, empty queue]] WARN  server.GrpcLogAppender (GrpcLogAppender.java:timeoutAppendRequest(200)) - ae9625dc-248e-414f-955f-fccc978916e7@group-ECFE57FBC26D->1b957291-fe5b-420e-96dd-cc603eda7741-GrpcLogAppender: appendEntries Timeout, request=ae9625dc-248e-414f-955f-fccc978916e7->1b957291-fe5b-420e-96dd-cc603eda7741#145-t1, previous=(t:1, i:11), leaderCommit=4, initializing? false, entries: <empty>
2019-09-17 03:26:55,868 [org.apache.ratis.server.impl.LogAppender$AppenderDaemon$$Lambda$550/692567409@4680c204] ERROR ratis.XceiverServerRatis (XceiverServerRatis.java:triggerPipelineClose(575)) - pipeline Action CLOSE  on pipeline PipelineID=1154e060-f3f9-4071-892f-ecfe57fbc26d.Reason : ae9625dc-248e-414f-955f-fccc978916e7 has not seen follower/s 12c7e022-5f96-4d2f-bd6c-0cb832bfe0bc for 160038ms 1b957291-fe5b-420e-96dd-cc603eda7741 for 160040ms
2019-09-17 03:26:55,868 [org.apache.ratis.server.impl.LogAppender$AppenderDaemon$$Lambda$550/692567409@1e992c83] ERROR ratis.XceiverServerRatis (XceiverServerRatis.java:triggerPipelineClose(575)) - pipeline Action CLOSE  on pipeline PipelineID=1154e060-f3f9-4071-892f-ecfe57fbc26d.Reason : ae9625dc-248e-414f-955f-fccc978916e7 has not seen follower/s 12c7e022-5f96-4d2f-bd6c-0cb832bfe0bc for 160038ms 1b957291-fe5b-420e-96dd-cc603eda7741 for 160040ms
2019-09-17 03:26:55,999 [ae9625dc-248e-414f-955f-fccc978916e7@group-ECFE57FBC26D-SegmentedRaftLogWorker] WARN  segmented.SegmentedRaftLogWorker (SegmentedRaftLogWorker.java:getFromFuture(90)) - Timeout 15/~
org.apache.ratis.protocol.TimeoutIOException: Timeout 10s: WriteLog:5: (t:1, i:5), STATEMACHINELOGENTRY, client-7FCCE946A079, cid=143-writeStateMachineData
	at org.apache.ratis.util.IOUtils.getFromFuture(IOUtils.java:87)
	at org.apache.ratis.server.raftlog.segmented.SegmentedRaftLogWorker$StateMachineDataPolicy.getFromFuture(SegmentedRaftLogWorker.java:87)
	at org.apache.ratis.server.raftlog.segmented.SegmentedRaftLogWorker$WriteLog.execute(SegmentedRaftLogWorker.java:477)
	at org.apache.ratis.server.raftlog.segmented.SegmentedRaftLogWorker.run(SegmentedRaftLogWorker.java:289)
	at java.lang.Thread.run(Thread.java:748)
Caused by: java.util.concurrent.TimeoutException
	at java.util.concurrent.CompletableFuture.timedGet(CompletableFuture.java:1771)
	at java.util.concurrent.CompletableFuture.get(CompletableFuture.java:1915)
	at org.apache.ratis.util.IOUtils.getFromFuture(IOUtils.java:79)
	... 4 more
2019-09-17 03:26:56,336 [12c7e022-5f96-4d2f-bd6c-0cb832bfe0bc@group-ECFE57FBC26D-SegmentedRaftLogWorker] WARN  segmented.SegmentedRaftLogWorker (SegmentedRaftLogWorker.java:getFromFuture(90)) - Timeout 15/~
org.apache.ratis.protocol.TimeoutIOException: Timeout 10s: WriteLog:8: (t:1, i:8), STATEMACHINELOGENTRY, client-7FCCE946A079, cid=146-writeStateMachineData
	at org.apache.ratis.util.IOUtils.getFromFuture(IOUtils.java:87)
	at org.apache.ratis.server.raftlog.segmented.SegmentedRaftLogWorker$StateMachineDataPolicy.getFromFuture(SegmentedRaftLogWorker.java:87)
	at org.apache.ratis.server.raftlog.segmented.SegmentedRaftLogWorker$WriteLog.execute(SegmentedRaftLogWorker.java:477)
	at org.apache.ratis.server.raftlog.segmented.SegmentedRaftLogWorker.run(SegmentedRaftLogWorker.java:289)
	at java.lang.Thread.run(Thread.java:748)
Caused by: java.util.concurrent.TimeoutException
	at java.util.concurrent.CompletableFuture.timedGet(CompletableFuture.java:1771)
	at java.util.concurrent.CompletableFuture.get(CompletableFuture.java:1915)
	at org.apache.ratis.util.IOUtils.getFromFuture(IOUtils.java:79)
	... 4 more
2019-09-17 03:26:56,355 [1b957291-fe5b-420e-96dd-cc603eda7741@group-ECFE57FBC26D-SegmentedRaftLogWorker] WARN  segmented.SegmentedRaftLogWorker (SegmentedRaftLogWorker.java:getFromFuture(90)) - Timeout 15/~
org.apache.ratis.protocol.TimeoutIOException: Timeout 10s: WriteLog:6: (t:1, i:6), STATEMACHINELOGENTRY, client-7FCCE946A079, cid=144-writeStateMachineData
	at org.apache.ratis.util.IOUtils.getFromFuture(IOUtils.java:87)
	at org.apache.ratis.server.raftlog.segmented.SegmentedRaftLogWorker$StateMachineDataPolicy.getFromFuture(SegmentedRaftLogWorker.java:87)
	at org.apache.ratis.server.raftlog.segmented.SegmentedRaftLogWorker$WriteLog.execute(SegmentedRaftLogWorker.java:477)
	at org.apache.ratis.server.raftlog.segmented.SegmentedRaftLogWorker.run(SegmentedRaftLogWorker.java:289)
	at java.lang.Thread.run(Thread.java:748)
Caused by: java.util.concurrent.TimeoutException
	at java.util.concurrent.CompletableFuture.timedGet(CompletableFuture.java:1771)
	at java.util.concurrent.CompletableFuture.get(CompletableFuture.java:1915)
	at org.apache.ratis.util.IOUtils.getFromFuture(IOUtils.java:79)
	... 4 more
2019-09-17 03:26:56,367 [java.util.concurrent.ThreadPoolExecutor$Worker@65c2b252[State = -1, empty queue]] WARN  server.GrpcLogAppender (GrpcLogAppender.java:timeoutAppendRequest(200)) - ae9625dc-248e-414f-955f-fccc978916e7@group-ECFE57FBC26D->12c7e022-5f96-4d2f-bd6c-0cb832bfe0bc-GrpcLogAppender: appendEntries Timeout, request=ae9625dc-248e-414f-955f-fccc978916e7->12c7e022-5f96-4d2f-bd6c-0cb832bfe0bc#146-t1, previous=(t:1, i:11), leaderCommit=4, initializing? false, entries: <empty>
2019-09-17 03:26:56,367 [java.util.concurrent.ThreadPoolExecutor$Worker@c80a20e[State = -1, empty queue]] WARN  server.GrpcLogAppender (GrpcLogAppender.java:timeoutAppendRequest(200)) - ae9625dc-248e-414f-955f-fccc978916e7@group-ECFE57FBC26D->1b957291-fe5b-420e-96dd-cc603eda7741-GrpcLogAppender: appendEntries Timeout, request=ae9625dc-248e-414f-955f-fccc978916e7->1b957291-fe5b-420e-96dd-cc603eda7741#146-t1, previous=(t:1, i:11), leaderCommit=4, initializing? false, entries: <empty>
2019-09-17 03:26:56,376 [EventQueue-PipelineActionsForPipelineActionHandler] ERROR pipeline.PipelineActionHandler (PipelineActionHandler.java:onMessage(60)) - Received pipeline action CLOSE for Pipeline[ Id: 1154e060-f3f9-4071-892f-ecfe57fbc26d, Nodes: ae9625dc-248e-414f-955f-fccc978916e7{ip: 192.168.151.92, host: pr-hdds-2139-j8dx6-1450124282, networkLocation: /default-rack, certSerialId: null}1b957291-fe5b-420e-96dd-cc603eda7741{ip: 192.168.151.92, host: pr-hdds-2139-j8dx6-1450124282, networkLocation: /default-rack, certSerialId: null}12c7e022-5f96-4d2f-bd6c-0cb832bfe0bc{ip: 192.168.151.92, host: pr-hdds-2139-j8dx6-1450124282, networkLocation: /default-rack, certSerialId: null}, Type:RATIS, Factor:THREE, State:CLOSED] from datanode ae9625dc-248e-414f-955f-fccc978916e7{ip: 192.168.151.92, host: pr-hdds-2139-j8dx6-1450124282, networkLocation: /default-rack, certSerialId: null}. Reason : ae9625dc-248e-414f-955f-fccc978916e7 has not seen follower/s 12c7e022-5f96-4d2f-bd6c-0cb832bfe0bc for 160038ms 1b957291-fe5b-420e-96dd-cc603eda7741 for 160040ms
2019-09-17 03:26:56,376 [EventQueue-PipelineActionsForPipelineActionHandler] INFO  pipeline.SCMPipelineManager (SCMPipelineManager.java:finalizeAndDestroyPipeline(311)) - destroying pipeline:Pipeline[ Id: 1154e060-f3f9-4071-892f-ecfe57fbc26d, Nodes: ae9625dc-248e-414f-955f-fccc978916e7{ip: 192.168.151.92, host: pr-hdds-2139-j8dx6-1450124282, networkLocation: /default-rack, certSerialId: null}1b957291-fe5b-420e-96dd-cc603eda7741{ip: 192.168.151.92, host: pr-hdds-2139-j8dx6-1450124282, networkLocation: /default-rack, certSerialId: null}12c7e022-5f96-4d2f-bd6c-0cb832bfe0bc{ip: 192.168.151.92, host: pr-hdds-2139-j8dx6-1450124282, networkLocation: /default-rack, certSerialId: null}, Type:RATIS, Factor:THREE, State:CLOSED]
2019-09-17 03:26:57,407 [grpc-default-executor-4] INFO  client.GrpcClientProtocolClient (GrpcClientProtocolClient.java:onNext(264)) - client-7FCCE946A079->1b957291-fe5b-420e-96dd-cc603eda7741: receive RaftClientReply:client-7FCCE946A079->1b957291-fe5b-420e-96dd-cc603eda7741@group-ECFE57FBC26D, cid=143, FAILED org.apache.ratis.protocol.NotLeaderException: Server 1b957291-fe5b-420e-96dd-cc603eda7741@group-ECFE57FBC26D is not the leader ae9625dc-248e-414f-955f-fccc978916e7:192.168.151.92:37052, logIndex=0, commits[1b957291-fe5b-420e-96dd-cc603eda7741:c4, ae9625dc-248e-414f-955f-fccc978916e7:c4, 12c7e022-5f96-4d2f-bd6c-0cb832bfe0bc:c3]
2019-09-17 03:26:58,369 [org.apache.ratis.server.impl.LogAppender$AppenderDaemon$$Lambda$550/692567409@4680c204] ERROR ratis.XceiverServerRatis (XceiverServerRatis.java:triggerPipelineClose(575)) - pipeline Action CLOSE  on pipeline PipelineID=1154e060-f3f9-4071-892f-ecfe57fbc26d.Reason : ae9625dc-248e-414f-955f-fccc978916e7 has not seen follower/s 12c7e022-5f96-4d2f-bd6c-0cb832bfe0bc for 162539ms 1b957291-fe5b-420e-96dd-cc603eda7741 for 162541ms
2019-09-17 03:26:58,369 [org.apache.ratis.server.impl.LogAppender$AppenderDaemon$$Lambda$550/692567409@1e992c83] ERROR ratis.XceiverServerRatis (XceiverServerRatis.java:triggerPipelineClose(575)) - pipeline Action CLOSE  on pipeline PipelineID=1154e060-f3f9-4071-892f-ecfe57fbc26d.Reason : ae9625dc-248e-414f-955f-fccc978916e7 has not seen follower/s 12c7e022-5f96-4d2f-bd6c-0cb832bfe0bc for 162539ms 1b957291-fe5b-420e-96dd-cc603eda7741 for 162541ms
2019-09-17 03:26:58,375 [EventQueue-PipelineActionsForPipelineActionHandler] ERROR pipeline.PipelineActionHandler (PipelineActionHandler.java:onMessage(60)) - Received pipeline action CLOSE for Pipeline[ Id: 1154e060-f3f9-4071-892f-ecfe57fbc26d, Nodes: ae9625dc-248e-414f-955f-fccc978916e7{ip: 192.168.151.92, host: pr-hdds-2139-j8dx6-1450124282, networkLocation: /default-rack, certSerialId: null}1b957291-fe5b-420e-96dd-cc603eda7741{ip: 192.168.151.92, host: pr-hdds-2139-j8dx6-1450124282, networkLocation: /default-rack, certSerialId: null}12c7e022-5f96-4d2f-bd6c-0cb832bfe0bc{ip: 192.168.151.92, host: pr-hdds-2139-j8dx6-1450124282, networkLocation: /default-rack, certSerialId: null}, Type:RATIS, Factor:THREE, State:CLOSED] from datanode ae9625dc-248e-414f-955f-fccc978916e7{ip: 192.168.151.92, host: pr-hdds-2139-j8dx6-1450124282, networkLocation: /default-rack, certSerialId: null}. Reason : ae9625dc-248e-414f-955f-fccc978916e7 has not seen follower/s 12c7e022-5f96-4d2f-bd6c-0cb832bfe0bc for 162539ms 1b957291-fe5b-420e-96dd-cc603eda7741 for 162541ms
2019-09-17 03:26:58,376 [EventQueue-PipelineActionsForPipelineActionHandler] INFO  pipeline.SCMPipelineManager (SCMPipelineManager.java:finalizeAndDestroyPipeline(311)) - destroying pipeline:Pipeline[ Id: 1154e060-f3f9-4071-892f-ecfe57fbc26d, Nodes: ae9625dc-248e-414f-955f-fccc978916e7{ip: 192.168.151.92, host: pr-hdds-2139-j8dx6-1450124282, networkLocation: /default-rack, certSerialId: null}1b957291-fe5b-420e-96dd-cc603eda7741{ip: 192.168.151.92, host: pr-hdds-2139-j8dx6-1450124282, networkLocation: /default-rack, certSerialId: null}12c7e022-5f96-4d2f-bd6c-0cb832bfe0bc{ip: 192.168.151.92, host: pr-hdds-2139-j8dx6-1450124282, networkLocation: /default-rack, certSerialId: null}, Type:RATIS, Factor:THREE, State:CLOSED]
2019-09-17 03:26:58,868 [java.util.concurrent.ThreadPoolExecutor$Worker@65c2b252[State = -1, empty queue]] WARN  server.GrpcLogAppender (GrpcLogAppender.java:timeoutAppendRequest(200)) - ae9625dc-248e-414f-955f-fccc978916e7@group-ECFE57FBC26D->12c7e022-5f96-4d2f-bd6c-0cb832bfe0bc-GrpcLogAppender: appendEntries Timeout, request=ae9625dc-248e-414f-955f-fccc978916e7->12c7e022-5f96-4d2f-bd6c-0cb832bfe0bc#147-t1, previous=(t:1, i:11), leaderCommit=4, initializing? false, entries: <empty>
2019-09-17 03:26:58,868 [java.util.concurrent.ThreadPoolExecutor$Worker@c80a20e[State = -1, empty queue]] WARN  server.GrpcLogAppender (GrpcLogAppender.java:timeoutAppendRequest(200)) - ae9625dc-248e-414f-955f-fccc978916e7@group-ECFE57FBC26D->1b957291-fe5b-420e-96dd-cc603eda7741-GrpcLogAppender: appendEntries Timeout, request=ae9625dc-248e-414f-955f-fccc978916e7->1b957291-fe5b-420e-96dd-cc603eda7741#147-t1, previous=(t:1, i:11), leaderCommit=4, initializing? false, entries: <empty>
2019-09-17 03:27:00,869 [org.apache.ratis.server.impl.LogAppender$AppenderDaemon$$Lambda$550/692567409@4680c204] ERROR ratis.XceiverServerRatis (XceiverServerRatis.java:triggerPipelineClose(575)) - pipeline Action CLOSE  on pipeline PipelineID=1154e060-f3f9-4071-892f-ecfe57fbc26d.Reason : ae9625dc-248e-414f-955f-fccc978916e7 has not seen follower/s 12c7e022-5f96-4d2f-bd6c-0cb832bfe0bc for 165040ms 1b957291-fe5b-420e-96dd-cc603eda7741 for 165042ms
2019-09-17 03:27:00,869 [org.apache.ratis.server.impl.LogAppender$AppenderDaemon$$Lambda$550/692567409@1e992c83] ERROR ratis.XceiverServerRatis (XceiverServerRatis.java:triggerPipelineClose(575)) - pipeline Action CLOSE  on pipeline PipelineID=1154e060-f3f9-4071-892f-ecfe57fbc26d.Reason : ae9625dc-248e-414f-955f-fccc978916e7 has not seen follower/s 12c7e022-5f96-4d2f-bd6c-0cb832bfe0bc for 165040ms 1b957291-fe5b-420e-96dd-cc603eda7741 for 165042ms
2019-09-17 03:27:01,369 [java.util.concurrent.ThreadPoolExecutor$Worker@65c2b252[State = -1, empty queue]] WARN  server.GrpcLogAppender (GrpcLogAppender.java:timeoutAppendRequest(200)) - ae9625dc-248e-414f-955f-fccc978916e7@group-ECFE57FBC26D->12c7e022-5f96-4d2f-bd6c-0cb832bfe0bc-GrpcLogAppender: appendEntries Timeout, request=ae9625dc-248e-414f-955f-fccc978916e7->12c7e022-5f96-4d2f-bd6c-0cb832bfe0bc#148-t1, previous=(t:1, i:11), leaderCommit=4, initializing? false, entries: <empty>
2019-09-17 03:27:01,369 [java.util.concurrent.ThreadPoolExecutor$Worker@c80a20e[State = -1, empty queue]] WARN  server.GrpcLogAppender (GrpcLogAppender.java:timeoutAppendRequest(200)) - ae9625dc-248e-414f-955f-fccc978916e7@group-ECFE57FBC26D->1b957291-fe5b-420e-96dd-cc603eda7741-GrpcLogAppender: appendEntries Timeout, request=ae9625dc-248e-414f-955f-fccc978916e7->1b957291-fe5b-420e-96dd-cc603eda7741#148-t1, previous=(t:1, i:11), leaderCommit=4, initializing? false, entries: <empty>
2019-09-17 03:27:01,376 [EventQueue-PipelineActionsForPipelineActionHandler] ERROR pipeline.PipelineActionHandler (PipelineActionHandler.java:onMessage(60)) - Received pipeline action CLOSE for Pipeline[ Id: 1154e060-f3f9-4071-892f-ecfe57fbc26d, Nodes: ae9625dc-248e-414f-955f-fccc978916e7{ip: 192.168.151.92, host: pr-hdds-2139-j8dx6-1450124282, networkLocation: /default-rack, certSerialId: null}1b957291-fe5b-420e-96dd-cc603eda7741{ip: 192.168.151.92, host: pr-hdds-2139-j8dx6-1450124282, networkLocation: /default-rack, certSerialId: null}12c7e022-5f96-4d2f-bd6c-0cb832bfe0bc{ip: 192.168.151.92, host: pr-hdds-2139-j8dx6-1450124282, networkLocation: /default-rack, certSerialId: null}, Type:RATIS, Factor:THREE, State:CLOSED] from datanode ae9625dc-248e-414f-955f-fccc978916e7{ip: 192.168.151.92, host: pr-hdds-2139-j8dx6-1450124282, networkLocation: /default-rack, certSerialId: null}. Reason : ae9625dc-248e-414f-955f-fccc978916e7 has not seen follower/s 12c7e022-5f96-4d2f-bd6c-0cb832bfe0bc for 165040ms 1b957291-fe5b-420e-96dd-cc603eda7741 for 165042ms
2019-09-17 03:27:01,376 [EventQueue-PipelineActionsForPipelineActionHandler] INFO  pipeline.SCMPipelineManager (SCMPipelineManager.java:finalizeAndDestroyPipeline(311)) - destroying pipeline:Pipeline[ Id: 1154e060-f3f9-4071-892f-ecfe57fbc26d, Nodes: ae9625dc-248e-414f-955f-fccc978916e7{ip: 192.168.151.92, host: pr-hdds-2139-j8dx6-1450124282, networkLocation: /default-rack, certSerialId: null}1b957291-fe5b-420e-96dd-cc603eda7741{ip: 192.168.151.92, host: pr-hdds-2139-j8dx6-1450124282, networkLocation: /default-rack, certSerialId: null}12c7e022-5f96-4d2f-bd6c-0cb832bfe0bc{ip: 192.168.151.92, host: pr-hdds-2139-j8dx6-1450124282, networkLocation: /default-rack, certSerialId: null}, Type:RATIS, Factor:THREE, State:CLOSED]
2019-09-17 03:27:02,461 [grpc-default-executor-6] INFO  client.GrpcClientProtocolClient (GrpcClientProtocolClient.java:onNext(264)) - client-7FCCE946A079->1b957291-fe5b-420e-96dd-cc603eda7741: receive RaftClientReply:client-7FCCE946A079->1b957291-fe5b-420e-96dd-cc603eda7741@group-ECFE57FBC26D, cid=143, FAILED org.apache.ratis.protocol.NotLeaderException: Server 1b957291-fe5b-420e-96dd-cc603eda7741@group-ECFE57FBC26D is not the leader ae9625dc-248e-414f-955f-fccc978916e7:192.168.151.92:37052, logIndex=0, commits[1b957291-fe5b-420e-96dd-cc603eda7741:c4, ae9625dc-248e-414f-955f-fccc978916e7:c4, 12c7e022-5f96-4d2f-bd6c-0cb832bfe0bc:c3]
2019-09-17 03:27:03,370 [org.apache.ratis.server.impl.LogAppender$AppenderDaemon$$Lambda$550/692567409@4680c204] ERROR ratis.XceiverServerRatis (XceiverServerRatis.java:triggerPipelineClose(575)) - pipeline Action CLOSE  on pipeline PipelineID=1154e060-f3f9-4071-892f-ecfe57fbc26d.Reason : ae9625dc-248e-414f-955f-fccc978916e7 has not seen follower/s 12c7e022-5f96-4d2f-bd6c-0cb832bfe0bc for 167540ms 1b957291-fe5b-420e-96dd-cc603eda7741 for 167542ms
2019-09-17 03:27:03,370 [org.apache.ratis.server.impl.LogAppender$AppenderDaemon$$Lambda$550/692567409@1e992c83] ERROR ratis.XceiverServerRatis (XceiverServerRatis.java:triggerPipelineClose(575)) - pipeline Action CLOSE  on pipeline PipelineID=1154e060-f3f9-4071-892f-ecfe57fbc26d.Reason : ae9625dc-248e-414f-955f-fccc978916e7 has not seen follower/s 12c7e022-5f96-4d2f-bd6c-0cb832bfe0bc for 167541ms 1b957291-fe5b-420e-96dd-cc603eda7741 for 167542ms
2019-09-17 03:27:03,375 [EventQueue-PipelineActionsForPipelineActionHandler] ERROR pipeline.PipelineActionHandler (PipelineActionHandler.java:onMessage(60)) - Received pipeline action CLOSE for Pipeline[ Id: 1154e060-f3f9-4071-892f-ecfe57fbc26d, Nodes: ae9625dc-248e-414f-955f-fccc978916e7{ip: 192.168.151.92, host: pr-hdds-2139-j8dx6-1450124282, networkLocation: /default-rack, certSerialId: null}1b957291-fe5b-420e-96dd-cc603eda7741{ip: 192.168.151.92, host: pr-hdds-2139-j8dx6-1450124282, networkLocation: /default-rack, certSerialId: null}12c7e022-5f96-4d2f-bd6c-0cb832bfe0bc{ip: 192.168.151.92, host: pr-hdds-2139-j8dx6-1450124282, networkLocation: /default-rack, certSerialId: null}, Type:RATIS, Factor:THREE, State:CLOSED] from datanode ae9625dc-248e-414f-955f-fccc978916e7{ip: 192.168.151.92, host: pr-hdds-2139-j8dx6-1450124282, networkLocation: /default-rack, certSerialId: null}. Reason : ae9625dc-248e-414f-955f-fccc978916e7 has not seen follower/s 12c7e022-5f96-4d2f-bd6c-0cb832bfe0bc for 167540ms 1b957291-fe5b-420e-96dd-cc603eda7741 for 167542ms
2019-09-17 03:27:03,376 [EventQueue-PipelineActionsForPipelineActionHandler] INFO  pipeline.SCMPipelineManager (SCMPipelineManager.java:finalizeAndDestroyPipeline(311)) - destroying pipeline:Pipeline[ Id: 1154e060-f3f9-4071-892f-ecfe57fbc26d, Nodes: ae9625dc-248e-414f-955f-fccc978916e7{ip: 192.168.151.92, host: pr-hdds-2139-j8dx6-1450124282, networkLocation: /default-rack, certSerialId: null}1b957291-fe5b-420e-96dd-cc603eda7741{ip: 192.168.151.92, host: pr-hdds-2139-j8dx6-1450124282, networkLocation: /default-rack, certSerialId: null}12c7e022-5f96-4d2f-bd6c-0cb832bfe0bc{ip: 192.168.151.92, host: pr-hdds-2139-j8dx6-1450124282, networkLocation: /default-rack, certSerialId: null}, Type:RATIS, Factor:THREE, State:CLOSED]
2019-09-17 03:27:03,869 [java.util.concurrent.ThreadPoolExecutor$Worker@65c2b252[State = -1, empty queue]] WARN  server.GrpcLogAppender (GrpcLogAppender.java:timeoutAppendRequest(200)) - ae9625dc-248e-414f-955f-fccc978916e7@group-ECFE57FBC26D->12c7e022-5f96-4d2f-bd6c-0cb832bfe0bc-GrpcLogAppender: appendEntries Timeout, request=ae9625dc-248e-414f-955f-fccc978916e7->12c7e022-5f96-4d2f-bd6c-0cb832bfe0bc#149-t1, previous=(t:1, i:11), leaderCommit=4, initializing? false, entries: <empty>
2019-09-17 03:27:03,869 [java.util.concurrent.ThreadPoolExecutor$Worker@c80a20e[State = -1, empty queue]] WARN  server.GrpcLogAppender (GrpcLogAppender.java:timeoutAppendRequest(200)) - ae9625dc-248e-414f-955f-fccc978916e7@group-ECFE57FBC26D->1b957291-fe5b-420e-96dd-cc603eda7741-GrpcLogAppender: appendEntries Timeout, request=ae9625dc-248e-414f-955f-fccc978916e7->1b957291-fe5b-420e-96dd-cc603eda7741#149-t1, previous=(t:1, i:11), leaderCommit=4, initializing? false, entries: <empty>
2019-09-17 03:27:05,871 [org.apache.ratis.server.impl.LogAppender$AppenderDaemon$$Lambda$550/692567409@4680c204] ERROR ratis.XceiverServerRatis (XceiverServerRatis.java:triggerPipelineClose(575)) - pipeline Action CLOSE  on pipeline PipelineID=1154e060-f3f9-4071-892f-ecfe57fbc26d.Reason : ae9625dc-248e-414f-955f-fccc978916e7 has not seen follower/s 12c7e022-5f96-4d2f-bd6c-0cb832bfe0bc for 170041ms 1b957291-fe5b-420e-96dd-cc603eda7741 for 170043ms
2019-09-17 03:27:05,871 [org.apache.ratis.server.impl.LogAppender$AppenderDaemon$$Lambda$550/692567409@1e992c83] ERROR ratis.XceiverServerRatis (XceiverServerRatis.java:triggerPipelineClose(575)) - pipeline Action CLOSE  on pipeline PipelineID=1154e060-f3f9-4071-892f-ecfe57fbc26d.Reason : ae9625dc-248e-414f-955f-fccc978916e7 has not seen follower/s 12c7e022-5f96-4d2f-bd6c-0cb832bfe0bc for 170042ms 1b957291-fe5b-420e-96dd-cc603eda7741 for 170043ms
2019-09-17 03:27:06,000 [ae9625dc-248e-414f-955f-fccc978916e7@group-ECFE57FBC26D-SegmentedRaftLogWorker] WARN  segmented.SegmentedRaftLogWorker (SegmentedRaftLogWorker.java:getFromFuture(90)) - Timeout 16/~
org.apache.ratis.protocol.TimeoutIOException: Timeout 10s: WriteLog:5: (t:1, i:5), STATEMACHINELOGENTRY, client-7FCCE946A079, cid=143-writeStateMachineData
	at org.apache.ratis.util.IOUtils.getFromFuture(IOUtils.java:87)
	at org.apache.ratis.server.raftlog.segmented.SegmentedRaftLogWorker$StateMachineDataPolicy.getFromFuture(SegmentedRaftLogWorker.java:87)
	at org.apache.ratis.server.raftlog.segmented.SegmentedRaftLogWorker$WriteLog.execute(SegmentedRaftLogWorker.java:477)
	at org.apache.ratis.server.raftlog.segmented.SegmentedRaftLogWorker.run(SegmentedRaftLogWorker.java:289)
	at java.lang.Thread.run(Thread.java:748)
Caused by: java.util.concurrent.TimeoutException
	at java.util.concurrent.CompletableFuture.timedGet(CompletableFuture.java:1771)
	at java.util.concurrent.CompletableFuture.get(CompletableFuture.java:1915)
	at org.apache.ratis.util.IOUtils.getFromFuture(IOUtils.java:79)
	... 4 more
2019-09-17 03:27:06,356 [12c7e022-5f96-4d2f-bd6c-0cb832bfe0bc@group-ECFE57FBC26D-SegmentedRaftLogWorker] WARN  segmented.SegmentedRaftLogWorker (SegmentedRaftLogWorker.java:getFromFuture(90)) - Timeout 16/~
org.apache.ratis.protocol.TimeoutIOException: Timeout 10s: WriteLog:8: (t:1, i:8), STATEMACHINELOGENTRY, client-7FCCE946A079, cid=146-writeStateMachineData
	at org.apache.ratis.util.IOUtils.getFromFuture(IOUtils.java:87)
	at org.apache.ratis.server.raftlog.segmented.SegmentedRaftLogWorker$StateMachineDataPolicy.getFromFuture(SegmentedRaftLogWorker.java:87)
	at org.apache.ratis.server.raftlog.segmented.SegmentedRaftLogWorker$WriteLog.execute(SegmentedRaftLogWorker.java:477)
	at org.apache.ratis.server.raftlog.segmented.SegmentedRaftLogWorker.run(SegmentedRaftLogWorker.java:289)
	at java.lang.Thread.run(Thread.java:748)
Caused by: java.util.concurrent.TimeoutException
	at java.util.concurrent.CompletableFuture.timedGet(CompletableFuture.java:1771)
	at java.util.concurrent.CompletableFuture.get(CompletableFuture.java:1915)
	at org.apache.ratis.util.IOUtils.getFromFuture(IOUtils.java:79)
	... 4 more
2019-09-17 03:27:06,356 [1b957291-fe5b-420e-96dd-cc603eda7741@group-ECFE57FBC26D-SegmentedRaftLogWorker] WARN  segmented.SegmentedRaftLogWorker (SegmentedRaftLogWorker.java:getFromFuture(90)) - Timeout 16/~
org.apache.ratis.protocol.TimeoutIOException: Timeout 10s: WriteLog:6: (t:1, i:6), STATEMACHINELOGENTRY, client-7FCCE946A079, cid=144-writeStateMachineData
	at org.apache.ratis.util.IOUtils.getFromFuture(IOUtils.java:87)
	at org.apache.ratis.server.raftlog.segmented.SegmentedRaftLogWorker$StateMachineDataPolicy.getFromFuture(SegmentedRaftLogWorker.java:87)
	at org.apache.ratis.server.raftlog.segmented.SegmentedRaftLogWorker$WriteLog.execute(SegmentedRaftLogWorker.java:477)
	at org.apache.ratis.server.raftlog.segmented.SegmentedRaftLogWorker.run(SegmentedRaftLogWorker.java:289)
	at java.lang.Thread.run(Thread.java:748)
Caused by: java.util.concurrent.TimeoutException
	at java.util.concurrent.CompletableFuture.timedGet(CompletableFuture.java:1771)
	at java.util.concurrent.CompletableFuture.get(CompletableFuture.java:1915)
	at org.apache.ratis.util.IOUtils.getFromFuture(IOUtils.java:79)
	... 4 more
2019-09-17 03:27:06,370 [java.util.concurrent.ThreadPoolExecutor$Worker@65c2b252[State = -1, empty queue]] WARN  server.GrpcLogAppender (GrpcLogAppender.java:timeoutAppendRequest(200)) - ae9625dc-248e-414f-955f-fccc978916e7@group-ECFE57FBC26D->12c7e022-5f96-4d2f-bd6c-0cb832bfe0bc-GrpcLogAppender: appendEntries Timeout, request=ae9625dc-248e-414f-955f-fccc978916e7->12c7e022-5f96-4d2f-bd6c-0cb832bfe0bc#150-t1, previous=(t:1, i:11), leaderCommit=4, initializing? false, entries: <empty>
2019-09-17 03:27:06,370 [java.util.concurrent.ThreadPoolExecutor$Worker@c80a20e[State = -1, empty queue]] WARN  server.GrpcLogAppender (GrpcLogAppender.java:timeoutAppendRequest(200)) - ae9625dc-248e-414f-955f-fccc978916e7@group-ECFE57FBC26D->1b957291-fe5b-420e-96dd-cc603eda7741-GrpcLogAppender: appendEntries Timeout, request=ae9625dc-248e-414f-955f-fccc978916e7->1b957291-fe5b-420e-96dd-cc603eda7741#150-t1, previous=(t:1, i:11), leaderCommit=4, initializing? false, entries: <empty>
2019-09-17 03:27:06,376 [EventQueue-PipelineActionsForPipelineActionHandler] ERROR pipeline.PipelineActionHandler (PipelineActionHandler.java:onMessage(60)) - Received pipeline action CLOSE for Pipeline[ Id: 1154e060-f3f9-4071-892f-ecfe57fbc26d, Nodes: ae9625dc-248e-414f-955f-fccc978916e7{ip: 192.168.151.92, host: pr-hdds-2139-j8dx6-1450124282, networkLocation: /default-rack, certSerialId: null}1b957291-fe5b-420e-96dd-cc603eda7741{ip: 192.168.151.92, host: pr-hdds-2139-j8dx6-1450124282, networkLocation: /default-rack, certSerialId: null}12c7e022-5f96-4d2f-bd6c-0cb832bfe0bc{ip: 192.168.151.92, host: pr-hdds-2139-j8dx6-1450124282, networkLocation: /default-rack, certSerialId: null}, Type:RATIS, Factor:THREE, State:CLOSED] from datanode ae9625dc-248e-414f-955f-fccc978916e7{ip: 192.168.151.92, host: pr-hdds-2139-j8dx6-1450124282, networkLocation: /default-rack, certSerialId: null}. Reason : ae9625dc-248e-414f-955f-fccc978916e7 has not seen follower/s 12c7e022-5f96-4d2f-bd6c-0cb832bfe0bc for 170041ms 1b957291-fe5b-420e-96dd-cc603eda7741 for 170043ms
2019-09-17 03:27:06,377 [EventQueue-PipelineActionsForPipelineActionHandler] INFO  pipeline.SCMPipelineManager (SCMPipelineManager.java:finalizeAndDestroyPipeline(311)) - destroying pipeline:Pipeline[ Id: 1154e060-f3f9-4071-892f-ecfe57fbc26d, Nodes: ae9625dc-248e-414f-955f-fccc978916e7{ip: 192.168.151.92, host: pr-hdds-2139-j8dx6-1450124282, networkLocation: /default-rack, certSerialId: null}1b957291-fe5b-420e-96dd-cc603eda7741{ip: 192.168.151.92, host: pr-hdds-2139-j8dx6-1450124282, networkLocation: /default-rack, certSerialId: null}12c7e022-5f96-4d2f-bd6c-0cb832bfe0bc{ip: 192.168.151.92, host: pr-hdds-2139-j8dx6-1450124282, networkLocation: /default-rack, certSerialId: null}, Type:RATIS, Factor:THREE, State:CLOSED]
2019-09-17 03:27:07,506 [grpc-default-executor-6] INFO  client.GrpcClientProtocolClient (GrpcClientProtocolClient.java:onNext(264)) - client-7FCCE946A079->12c7e022-5f96-4d2f-bd6c-0cb832bfe0bc: receive RaftClientReply:client-7FCCE946A079->12c7e022-5f96-4d2f-bd6c-0cb832bfe0bc@group-ECFE57FBC26D, cid=143, FAILED org.apache.ratis.protocol.NotLeaderException: Server 12c7e022-5f96-4d2f-bd6c-0cb832bfe0bc@group-ECFE57FBC26D is not the leader ae9625dc-248e-414f-955f-fccc978916e7:192.168.151.92:37052, logIndex=0, commits[12c7e022-5f96-4d2f-bd6c-0cb832bfe0bc:c4, ae9625dc-248e-414f-955f-fccc978916e7:c4, 1b957291-fe5b-420e-96dd-cc603eda7741:c3]
2019-09-17 03:27:08,371 [org.apache.ratis.server.impl.LogAppender$AppenderDaemon$$Lambda$550/692567409@1e992c83] ERROR ratis.XceiverServerRatis (XceiverServerRatis.java:triggerPipelineClose(575)) - pipeline Action CLOSE  on pipeline PipelineID=1154e060-f3f9-4071-892f-ecfe57fbc26d.Reason : ae9625dc-248e-414f-955f-fccc978916e7 has not seen follower/s 12c7e022-5f96-4d2f-bd6c-0cb832bfe0bc for 172542ms 1b957291-fe5b-420e-96dd-cc603eda7741 for 172544ms
2019-09-17 03:27:08,372 [org.apache.ratis.server.impl.LogAppender$AppenderDaemon$$Lambda$550/692567409@4680c204] ERROR ratis.XceiverServerRatis (XceiverServerRatis.java:triggerPipelineClose(575)) - pipeline Action CLOSE  on pipeline PipelineID=1154e060-f3f9-4071-892f-ecfe57fbc26d.Reason : ae9625dc-248e-414f-955f-fccc978916e7 has not seen follower/s 12c7e022-5f96-4d2f-bd6c-0cb832bfe0bc for 172543ms 1b957291-fe5b-420e-96dd-cc603eda7741 for 172544ms
2019-09-17 03:27:08,376 [EventQueue-PipelineActionsForPipelineActionHandler] ERROR pipeline.PipelineActionHandler (PipelineActionHandler.java:onMessage(60)) - Received pipeline action CLOSE for Pipeline[ Id: 1154e060-f3f9-4071-892f-ecfe57fbc26d, Nodes: ae9625dc-248e-414f-955f-fccc978916e7{ip: 192.168.151.92, host: pr-hdds-2139-j8dx6-1450124282, networkLocation: /default-rack, certSerialId: null}1b957291-fe5b-420e-96dd-cc603eda7741{ip: 192.168.151.92, host: pr-hdds-2139-j8dx6-1450124282, networkLocation: /default-rack, certSerialId: null}12c7e022-5f96-4d2f-bd6c-0cb832bfe0bc{ip: 192.168.151.92, host: pr-hdds-2139-j8dx6-1450124282, networkLocation: /default-rack, certSerialId: null}, Type:RATIS, Factor:THREE, State:CLOSED] from datanode ae9625dc-248e-414f-955f-fccc978916e7{ip: 192.168.151.92, host: pr-hdds-2139-j8dx6-1450124282, networkLocation: /default-rack, certSerialId: null}. Reason : ae9625dc-248e-414f-955f-fccc978916e7 has not seen follower/s 12c7e022-5f96-4d2f-bd6c-0cb832bfe0bc for 172542ms 1b957291-fe5b-420e-96dd-cc603eda7741 for 172544ms
2019-09-17 03:27:08,377 [EventQueue-PipelineActionsForPipelineActionHandler] INFO  pipeline.SCMPipelineManager (SCMPipelineManager.java:finalizeAndDestroyPipeline(311)) - destroying pipeline:Pipeline[ Id: 1154e060-f3f9-4071-892f-ecfe57fbc26d, Nodes: ae9625dc-248e-414f-955f-fccc978916e7{ip: 192.168.151.92, host: pr-hdds-2139-j8dx6-1450124282, networkLocation: /default-rack, certSerialId: null}1b957291-fe5b-420e-96dd-cc603eda7741{ip: 192.168.151.92, host: pr-hdds-2139-j8dx6-1450124282, networkLocation: /default-rack, certSerialId: null}12c7e022-5f96-4d2f-bd6c-0cb832bfe0bc{ip: 192.168.151.92, host: pr-hdds-2139-j8dx6-1450124282, networkLocation: /default-rack, certSerialId: null}, Type:RATIS, Factor:THREE, State:CLOSED]
2019-09-17 03:27:08,871 [java.util.concurrent.ThreadPoolExecutor$Worker@65c2b252[State = -1, empty queue]] WARN  server.GrpcLogAppender (GrpcLogAppender.java:timeoutAppendRequest(200)) - ae9625dc-248e-414f-955f-fccc978916e7@group-ECFE57FBC26D->12c7e022-5f96-4d2f-bd6c-0cb832bfe0bc-GrpcLogAppender: appendEntries Timeout, request=ae9625dc-248e-414f-955f-fccc978916e7->12c7e022-5f96-4d2f-bd6c-0cb832bfe0bc#151-t1, previous=(t:1, i:11), leaderCommit=4, initializing? false, entries: <empty>
2019-09-17 03:27:08,871 [java.util.concurrent.ThreadPoolExecutor$Worker@c80a20e[State = -1, empty queue]] WARN  server.GrpcLogAppender (GrpcLogAppender.java:timeoutAppendRequest(200)) - ae9625dc-248e-414f-955f-fccc978916e7@group-ECFE57FBC26D->1b957291-fe5b-420e-96dd-cc603eda7741-GrpcLogAppender: appendEntries Timeout, request=ae9625dc-248e-414f-955f-fccc978916e7->1b957291-fe5b-420e-96dd-cc603eda7741#151-t1, previous=(t:1, i:11), leaderCommit=4, initializing? false, entries: <empty>
2019-09-17 03:27:10,872 [org.apache.ratis.server.impl.LogAppender$AppenderDaemon$$Lambda$550/692567409@1e992c83] ERROR ratis.XceiverServerRatis (XceiverServerRatis.java:triggerPipelineClose(575)) - pipeline Action CLOSE  on pipeline PipelineID=1154e060-f3f9-4071-892f-ecfe57fbc26d.Reason : ae9625dc-248e-414f-955f-fccc978916e7 has not seen follower/s 12c7e022-5f96-4d2f-bd6c-0cb832bfe0bc for 175043ms 1b957291-fe5b-420e-96dd-cc603eda7741 for 175044ms
2019-09-17 03:27:10,873 [org.apache.ratis.server.impl.LogAppender$AppenderDaemon$$Lambda$550/692567409@4680c204] ERROR ratis.XceiverServerRatis (XceiverServerRatis.java:triggerPipelineClose(575)) - pipeline Action CLOSE  on pipeline PipelineID=1154e060-f3f9-4071-892f-ecfe57fbc26d.Reason : ae9625dc-248e-414f-955f-fccc978916e7 has not seen follower/s 12c7e022-5f96-4d2f-bd6c-0cb832bfe0bc for 175043ms 1b957291-fe5b-420e-96dd-cc603eda7741 for 175045ms
2019-09-17 03:27:11,371 [java.util.concurrent.ThreadPoolExecutor$Worker@c80a20e[State = -1, empty queue]] WARN  server.GrpcLogAppender (GrpcLogAppender.java:timeoutAppendRequest(200)) - ae9625dc-248e-414f-955f-fccc978916e7@group-ECFE57FBC26D->1b957291-fe5b-420e-96dd-cc603eda7741-GrpcLogAppender: appendEntries Timeout, request=ae9625dc-248e-414f-955f-fccc978916e7->1b957291-fe5b-420e-96dd-cc603eda7741#152-t1, previous=(t:1, i:11), leaderCommit=4, initializing? false, entries: <empty>
2019-09-17 03:27:11,372 [java.util.concurrent.ThreadPoolExecutor$Worker@65c2b252[State = -1, empty queue]] WARN  server.GrpcLogAppender (GrpcLogAppender.java:timeoutAppendRequest(200)) - ae9625dc-248e-414f-955f-fccc978916e7@group-ECFE57FBC26D->12c7e022-5f96-4d2f-bd6c-0cb832bfe0bc-GrpcLogAppender: appendEntries Timeout, request=ae9625dc-248e-414f-955f-fccc978916e7->12c7e022-5f96-4d2f-bd6c-0cb832bfe0bc#152-t1, previous=(t:1, i:11), leaderCommit=4, initializing? false, entries: <empty>
2019-09-17 03:27:11,377 [EventQueue-PipelineActionsForPipelineActionHandler] ERROR pipeline.PipelineActionHandler (PipelineActionHandler.java:onMessage(60)) - Received pipeline action CLOSE for Pipeline[ Id: 1154e060-f3f9-4071-892f-ecfe57fbc26d, Nodes: ae9625dc-248e-414f-955f-fccc978916e7{ip: 192.168.151.92, host: pr-hdds-2139-j8dx6-1450124282, networkLocation: /default-rack, certSerialId: null}1b957291-fe5b-420e-96dd-cc603eda7741{ip: 192.168.151.92, host: pr-hdds-2139-j8dx6-1450124282, networkLocation: /default-rack, certSerialId: null}12c7e022-5f96-4d2f-bd6c-0cb832bfe0bc{ip: 192.168.151.92, host: pr-hdds-2139-j8dx6-1450124282, networkLocation: /default-rack, certSerialId: null}, Type:RATIS, Factor:THREE, State:CLOSED] from datanode ae9625dc-248e-414f-955f-fccc978916e7{ip: 192.168.151.92, host: pr-hdds-2139-j8dx6-1450124282, networkLocation: /default-rack, certSerialId: null}. Reason : ae9625dc-248e-414f-955f-fccc978916e7 has not seen follower/s 12c7e022-5f96-4d2f-bd6c-0cb832bfe0bc for 175043ms 1b957291-fe5b-420e-96dd-cc603eda7741 for 175044ms
2019-09-17 03:27:11,377 [EventQueue-PipelineActionsForPipelineActionHandler] INFO  pipeline.SCMPipelineManager (SCMPipelineManager.java:finalizeAndDestroyPipeline(311)) - destroying pipeline:Pipeline[ Id: 1154e060-f3f9-4071-892f-ecfe57fbc26d, Nodes: ae9625dc-248e-414f-955f-fccc978916e7{ip: 192.168.151.92, host: pr-hdds-2139-j8dx6-1450124282, networkLocation: /default-rack, certSerialId: null}1b957291-fe5b-420e-96dd-cc603eda7741{ip: 192.168.151.92, host: pr-hdds-2139-j8dx6-1450124282, networkLocation: /default-rack, certSerialId: null}12c7e022-5f96-4d2f-bd6c-0cb832bfe0bc{ip: 192.168.151.92, host: pr-hdds-2139-j8dx6-1450124282, networkLocation: /default-rack, certSerialId: null}, Type:RATIS, Factor:THREE, State:CLOSED]
2019-09-17 03:27:12,540 [grpc-default-executor-4] INFO  client.GrpcClientProtocolClient (GrpcClientProtocolClient.java:onNext(264)) - client-7FCCE946A079->1b957291-fe5b-420e-96dd-cc603eda7741: receive RaftClientReply:client-7FCCE946A079->1b957291-fe5b-420e-96dd-cc603eda7741@group-ECFE57FBC26D, cid=143, FAILED org.apache.ratis.protocol.NotLeaderException: Server 1b957291-fe5b-420e-96dd-cc603eda7741@group-ECFE57FBC26D is not the leader ae9625dc-248e-414f-955f-fccc978916e7:192.168.151.92:37052, logIndex=0, commits[1b957291-fe5b-420e-96dd-cc603eda7741:c4, ae9625dc-248e-414f-955f-fccc978916e7:c4, 12c7e022-5f96-4d2f-bd6c-0cb832bfe0bc:c3]
2019-09-17 03:27:13,373 [org.apache.ratis.server.impl.LogAppender$AppenderDaemon$$Lambda$550/692567409@1e992c83] ERROR ratis.XceiverServerRatis (XceiverServerRatis.java:triggerPipelineClose(575)) - pipeline Action CLOSE  on pipeline PipelineID=1154e060-f3f9-4071-892f-ecfe57fbc26d.Reason : ae9625dc-248e-414f-955f-fccc978916e7 has not seen follower/s 12c7e022-5f96-4d2f-bd6c-0cb832bfe0bc for 177543ms 1b957291-fe5b-420e-96dd-cc603eda7741 for 177545ms
2019-09-17 03:27:13,374 [org.apache.ratis.server.impl.LogAppender$AppenderDaemon$$Lambda$550/692567409@4680c204] ERROR ratis.XceiverServerRatis (XceiverServerRatis.java:triggerPipelineClose(575)) - pipeline Action CLOSE  on pipeline PipelineID=1154e060-f3f9-4071-892f-ecfe57fbc26d.Reason : ae9625dc-248e-414f-955f-fccc978916e7 has not seen follower/s 12c7e022-5f96-4d2f-bd6c-0cb832bfe0bc for 177544ms 1b957291-fe5b-420e-96dd-cc603eda7741 for 177546ms
2019-09-17 03:27:13,377 [EventQueue-PipelineActionsForPipelineActionHandler] ERROR pipeline.PipelineActionHandler (PipelineActionHandler.java:onMessage(60)) - Received pipeline action CLOSE for Pipeline[ Id: 1154e060-f3f9-4071-892f-ecfe57fbc26d, Nodes: ae9625dc-248e-414f-955f-fccc978916e7{ip: 192.168.151.92, host: pr-hdds-2139-j8dx6-1450124282, networkLocation: /default-rack, certSerialId: null}1b957291-fe5b-420e-96dd-cc603eda7741{ip: 192.168.151.92, host: pr-hdds-2139-j8dx6-1450124282, networkLocation: /default-rack, certSerialId: null}12c7e022-5f96-4d2f-bd6c-0cb832bfe0bc{ip: 192.168.151.92, host: pr-hdds-2139-j8dx6-1450124282, networkLocation: /default-rack, certSerialId: null}, Type:RATIS, Factor:THREE, State:CLOSED] from datanode ae9625dc-248e-414f-955f-fccc978916e7{ip: 192.168.151.92, host: pr-hdds-2139-j8dx6-1450124282, networkLocation: /default-rack, certSerialId: null}. Reason : ae9625dc-248e-414f-955f-fccc978916e7 has not seen follower/s 12c7e022-5f96-4d2f-bd6c-0cb832bfe0bc for 177543ms 1b957291-fe5b-420e-96dd-cc603eda7741 for 177545ms
2019-09-17 03:27:13,378 [EventQueue-PipelineActionsForPipelineActionHandler] INFO  pipeline.SCMPipelineManager (SCMPipelineManager.java:finalizeAndDestroyPipeline(311)) - destroying pipeline:Pipeline[ Id: 1154e060-f3f9-4071-892f-ecfe57fbc26d, Nodes: ae9625dc-248e-414f-955f-fccc978916e7{ip: 192.168.151.92, host: pr-hdds-2139-j8dx6-1450124282, networkLocation: /default-rack, certSerialId: null}1b957291-fe5b-420e-96dd-cc603eda7741{ip: 192.168.151.92, host: pr-hdds-2139-j8dx6-1450124282, networkLocation: /default-rack, certSerialId: null}12c7e022-5f96-4d2f-bd6c-0cb832bfe0bc{ip: 192.168.151.92, host: pr-hdds-2139-j8dx6-1450124282, networkLocation: /default-rack, certSerialId: null}, Type:RATIS, Factor:THREE, State:CLOSED]
2019-09-17 03:27:13,872 [java.util.concurrent.ThreadPoolExecutor$Worker@c80a20e[State = -1, empty queue]] WARN  server.GrpcLogAppender (GrpcLogAppender.java:timeoutAppendRequest(200)) - ae9625dc-248e-414f-955f-fccc978916e7@group-ECFE57FBC26D->1b957291-fe5b-420e-96dd-cc603eda7741-GrpcLogAppender: appendEntries Timeout, request=ae9625dc-248e-414f-955f-fccc978916e7->1b957291-fe5b-420e-96dd-cc603eda7741#153-t1, previous=(t:1, i:11), leaderCommit=4, initializing? false, entries: <empty>
2019-09-17 03:27:13,873 [java.util.concurrent.ThreadPoolExecutor$Worker@65c2b252[State = -1, empty queue]] WARN  server.GrpcLogAppender (GrpcLogAppender.java:timeoutAppendRequest(200)) - ae9625dc-248e-414f-955f-fccc978916e7@group-ECFE57FBC26D->12c7e022-5f96-4d2f-bd6c-0cb832bfe0bc-GrpcLogAppender: appendEntries Timeout, request=ae9625dc-248e-414f-955f-fccc978916e7->12c7e022-5f96-4d2f-bd6c-0cb832bfe0bc#153-t1, previous=(t:1, i:11), leaderCommit=4, initializing? false, entries: <empty>
2019-09-17 03:27:15,874 [org.apache.ratis.server.impl.LogAppender$AppenderDaemon$$Lambda$550/692567409@1e992c83] ERROR ratis.XceiverServerRatis (XceiverServerRatis.java:triggerPipelineClose(575)) - pipeline Action CLOSE  on pipeline PipelineID=1154e060-f3f9-4071-892f-ecfe57fbc26d.Reason : ae9625dc-248e-414f-955f-fccc978916e7 has not seen follower/s 12c7e022-5f96-4d2f-bd6c-0cb832bfe0bc for 180044ms 1b957291-fe5b-420e-96dd-cc603eda7741 for 180046ms
2019-09-17 03:27:15,874 [org.apache.ratis.server.impl.LogAppender$AppenderDaemon$$Lambda$550/692567409@4680c204] ERROR ratis.XceiverServerRatis (XceiverServerRatis.java:triggerPipelineClose(575)) - pipeline Action CLOSE  on pipeline PipelineID=1154e060-f3f9-4071-892f-ecfe57fbc26d.Reason : ae9625dc-248e-414f-955f-fccc978916e7 has not seen follower/s 12c7e022-5f96-4d2f-bd6c-0cb832bfe0bc for 180045ms 1b957291-fe5b-420e-96dd-cc603eda7741 for 180046ms
2019-09-17 03:27:16,001 [ae9625dc-248e-414f-955f-fccc978916e7@group-ECFE57FBC26D-SegmentedRaftLogWorker] WARN  segmented.SegmentedRaftLogWorker (SegmentedRaftLogWorker.java:getFromFuture(90)) - Timeout 17/~
org.apache.ratis.protocol.TimeoutIOException: Timeout 10s: WriteLog:5: (t:1, i:5), STATEMACHINELOGENTRY, client-7FCCE946A079, cid=143-writeStateMachineData
	at org.apache.ratis.util.IOUtils.getFromFuture(IOUtils.java:87)
	at org.apache.ratis.server.raftlog.segmented.SegmentedRaftLogWorker$StateMachineDataPolicy.getFromFuture(SegmentedRaftLogWorker.java:87)
	at org.apache.ratis.server.raftlog.segmented.SegmentedRaftLogWorker$WriteLog.execute(SegmentedRaftLogWorker.java:477)
	at org.apache.ratis.server.raftlog.segmented.SegmentedRaftLogWorker.run(SegmentedRaftLogWorker.java:289)
	at java.lang.Thread.run(Thread.java:748)
Caused by: java.util.concurrent.TimeoutException
	at java.util.concurrent.CompletableFuture.timedGet(CompletableFuture.java:1771)
	at java.util.concurrent.CompletableFuture.get(CompletableFuture.java:1915)
	at org.apache.ratis.util.IOUtils.getFromFuture(IOUtils.java:79)
	... 4 more
2019-09-17 03:27:16,357 [12c7e022-5f96-4d2f-bd6c-0cb832bfe0bc@group-ECFE57FBC26D-SegmentedRaftLogWorker] WARN  segmented.SegmentedRaftLogWorker (SegmentedRaftLogWorker.java:getFromFuture(90)) - Timeout 17/~
org.apache.ratis.protocol.TimeoutIOException: Timeout 10s: WriteLog:8: (t:1, i:8), STATEMACHINELOGENTRY, client-7FCCE946A079, cid=146-writeStateMachineData
	at org.apache.ratis.util.IOUtils.getFromFuture(IOUtils.java:87)
	at org.apache.ratis.server.raftlog.segmented.SegmentedRaftLogWorker$StateMachineDataPolicy.getFromFuture(SegmentedRaftLogWorker.java:87)
	at org.apache.ratis.server.raftlog.segmented.SegmentedRaftLogWorker$WriteLog.execute(SegmentedRaftLogWorker.java:477)
	at org.apache.ratis.server.raftlog.segmented.SegmentedRaftLogWorker.run(SegmentedRaftLogWorker.java:289)
	at java.lang.Thread.run(Thread.java:748)
Caused by: java.util.concurrent.TimeoutException
	at java.util.concurrent.CompletableFuture.timedGet(CompletableFuture.java:1771)
	at java.util.concurrent.CompletableFuture.get(CompletableFuture.java:1915)
	at org.apache.ratis.util.IOUtils.getFromFuture(IOUtils.java:79)
	... 4 more
2019-09-17 03:27:16,357 [1b957291-fe5b-420e-96dd-cc603eda7741@group-ECFE57FBC26D-SegmentedRaftLogWorker] WARN  segmented.SegmentedRaftLogWorker (SegmentedRaftLogWorker.java:getFromFuture(90)) - Timeout 17/~
org.apache.ratis.protocol.TimeoutIOException: Timeout 10s: WriteLog:6: (t:1, i:6), STATEMACHINELOGENTRY, client-7FCCE946A079, cid=144-writeStateMachineData
	at org.apache.ratis.util.IOUtils.getFromFuture(IOUtils.java:87)
	at org.apache.ratis.server.raftlog.segmented.SegmentedRaftLogWorker$StateMachineDataPolicy.getFromFuture(SegmentedRaftLogWorker.java:87)
	at org.apache.ratis.server.raftlog.segmented.SegmentedRaftLogWorker$WriteLog.execute(SegmentedRaftLogWorker.java:477)
	at org.apache.ratis.server.raftlog.segmented.SegmentedRaftLogWorker.run(SegmentedRaftLogWorker.java:289)
	at java.lang.Thread.run(Thread.java:748)
Caused by: java.util.concurrent.TimeoutException
	at java.util.concurrent.CompletableFuture.timedGet(CompletableFuture.java:1771)
	at java.util.concurrent.CompletableFuture.get(CompletableFuture.java:1915)
	at org.apache.ratis.util.IOUtils.getFromFuture(IOUtils.java:79)
	... 4 more
2019-09-17 03:27:16,373 [java.util.concurrent.ThreadPoolExecutor$Worker@c80a20e[State = -1, empty queue]] WARN  server.GrpcLogAppender (GrpcLogAppender.java:timeoutAppendRequest(200)) - ae9625dc-248e-414f-955f-fccc978916e7@group-ECFE57FBC26D->1b957291-fe5b-420e-96dd-cc603eda7741-GrpcLogAppender: appendEntries Timeout, request=ae9625dc-248e-414f-955f-fccc978916e7->1b957291-fe5b-420e-96dd-cc603eda7741#154-t1, previous=(t:1, i:11), leaderCommit=4, initializing? false, entries: <empty>
2019-09-17 03:27:16,374 [java.util.concurrent.ThreadPoolExecutor$Worker@65c2b252[State = -1, empty queue]] WARN  server.GrpcLogAppender (GrpcLogAppender.java:timeoutAppendRequest(200)) - ae9625dc-248e-414f-955f-fccc978916e7@group-ECFE57FBC26D->12c7e022-5f96-4d2f-bd6c-0cb832bfe0bc-GrpcLogAppender: appendEntries Timeout, request=ae9625dc-248e-414f-955f-fccc978916e7->12c7e022-5f96-4d2f-bd6c-0cb832bfe0bc#154-t1, previous=(t:1, i:11), leaderCommit=4, initializing? false, entries: <empty>
2019-09-17 03:27:16,378 [EventQueue-PipelineActionsForPipelineActionHandler] ERROR pipeline.PipelineActionHandler (PipelineActionHandler.java:onMessage(60)) - Received pipeline action CLOSE for Pipeline[ Id: 1154e060-f3f9-4071-892f-ecfe57fbc26d, Nodes: ae9625dc-248e-414f-955f-fccc978916e7{ip: 192.168.151.92, host: pr-hdds-2139-j8dx6-1450124282, networkLocation: /default-rack, certSerialId: null}1b957291-fe5b-420e-96dd-cc603eda7741{ip: 192.168.151.92, host: pr-hdds-2139-j8dx6-1450124282, networkLocation: /default-rack, certSerialId: null}12c7e022-5f96-4d2f-bd6c-0cb832bfe0bc{ip: 192.168.151.92, host: pr-hdds-2139-j8dx6-1450124282, networkLocation: /default-rack, certSerialId: null}, Type:RATIS, Factor:THREE, State:CLOSED] from datanode ae9625dc-248e-414f-955f-fccc978916e7{ip: 192.168.151.92, host: pr-hdds-2139-j8dx6-1450124282, networkLocation: /default-rack, certSerialId: null}. Reason : ae9625dc-248e-414f-955f-fccc978916e7 has not seen follower/s 12c7e022-5f96-4d2f-bd6c-0cb832bfe0bc for 180044ms 1b957291-fe5b-420e-96dd-cc603eda7741 for 180046ms
2019-09-17 03:27:16,378 [EventQueue-PipelineActionsForPipelineActionHandler] INFO  pipeline.SCMPipelineManager (SCMPipelineManager.java:finalizeAndDestroyPipeline(311)) - destroying pipeline:Pipeline[ Id: 1154e060-f3f9-4071-892f-ecfe57fbc26d, Nodes: ae9625dc-248e-414f-955f-fccc978916e7{ip: 192.168.151.92, host: pr-hdds-2139-j8dx6-1450124282, networkLocation: /default-rack, certSerialId: null}1b957291-fe5b-420e-96dd-cc603eda7741{ip: 192.168.151.92, host: pr-hdds-2139-j8dx6-1450124282, networkLocation: /default-rack, certSerialId: null}12c7e022-5f96-4d2f-bd6c-0cb832bfe0bc{ip: 192.168.151.92, host: pr-hdds-2139-j8dx6-1450124282, networkLocation: /default-rack, certSerialId: null}, Type:RATIS, Factor:THREE, State:CLOSED]
2019-09-17 03:27:17,572 [grpc-default-executor-6] INFO  client.GrpcClientProtocolClient (GrpcClientProtocolClient.java:onNext(264)) - client-7FCCE946A079->12c7e022-5f96-4d2f-bd6c-0cb832bfe0bc: receive RaftClientReply:client-7FCCE946A079->12c7e022-5f96-4d2f-bd6c-0cb832bfe0bc@group-ECFE57FBC26D, cid=143, FAILED org.apache.ratis.protocol.NotLeaderException: Server 12c7e022-5f96-4d2f-bd6c-0cb832bfe0bc@group-ECFE57FBC26D is not the leader ae9625dc-248e-414f-955f-fccc978916e7:192.168.151.92:37052, logIndex=0, commits[12c7e022-5f96-4d2f-bd6c-0cb832bfe0bc:c4, ae9625dc-248e-414f-955f-fccc978916e7:c4, 1b957291-fe5b-420e-96dd-cc603eda7741:c3]
2019-09-17 03:27:18,374 [org.apache.ratis.server.impl.LogAppender$AppenderDaemon$$Lambda$550/692567409@1e992c83] ERROR ratis.XceiverServerRatis (XceiverServerRatis.java:triggerPipelineClose(575)) - pipeline Action CLOSE  on pipeline PipelineID=1154e060-f3f9-4071-892f-ecfe57fbc26d.Reason : ae9625dc-248e-414f-955f-fccc978916e7 has not seen follower/s 12c7e022-5f96-4d2f-bd6c-0cb832bfe0bc for 182545ms 1b957291-fe5b-420e-96dd-cc603eda7741 for 182547ms
2019-09-17 03:27:18,375 [org.apache.ratis.server.impl.LogAppender$AppenderDaemon$$Lambda$550/692567409@4680c204] ERROR ratis.XceiverServerRatis (XceiverServerRatis.java:triggerPipelineClose(575)) - pipeline Action CLOSE  on pipeline PipelineID=1154e060-f3f9-4071-892f-ecfe57fbc26d.Reason : ae9625dc-248e-414f-955f-fccc978916e7 has not seen follower/s 12c7e022-5f96-4d2f-bd6c-0cb832bfe0bc for 182545ms 1b957291-fe5b-420e-96dd-cc603eda7741 for 182547ms
2019-09-17 03:27:18,377 [EventQueue-PipelineActionsForPipelineActionHandler] ERROR pipeline.PipelineActionHandler (PipelineActionHandler.java:onMessage(60)) - Received pipeline action CLOSE for Pipeline[ Id: 1154e060-f3f9-4071-892f-ecfe57fbc26d, Nodes: ae9625dc-248e-414f-955f-fccc978916e7{ip: 192.168.151.92, host: pr-hdds-2139-j8dx6-1450124282, networkLocation: /default-rack, certSerialId: null}1b957291-fe5b-420e-96dd-cc603eda7741{ip: 192.168.151.92, host: pr-hdds-2139-j8dx6-1450124282, networkLocation: /default-rack, certSerialId: null}12c7e022-5f96-4d2f-bd6c-0cb832bfe0bc{ip: 192.168.151.92, host: pr-hdds-2139-j8dx6-1450124282, networkLocation: /default-rack, certSerialId: null}, Type:RATIS, Factor:THREE, State:CLOSED] from datanode ae9625dc-248e-414f-955f-fccc978916e7{ip: 192.168.151.92, host: pr-hdds-2139-j8dx6-1450124282, networkLocation: /default-rack, certSerialId: null}. Reason : ae9625dc-248e-414f-955f-fccc978916e7 has not seen follower/s 12c7e022-5f96-4d2f-bd6c-0cb832bfe0bc for 182545ms 1b957291-fe5b-420e-96dd-cc603eda7741 for 182547ms
2019-09-17 03:27:18,378 [EventQueue-PipelineActionsForPipelineActionHandler] INFO  pipeline.SCMPipelineManager (SCMPipelineManager.java:finalizeAndDestroyPipeline(311)) - destroying pipeline:Pipeline[ Id: 1154e060-f3f9-4071-892f-ecfe57fbc26d, Nodes: ae9625dc-248e-414f-955f-fccc978916e7{ip: 192.168.151.92, host: pr-hdds-2139-j8dx6-1450124282, networkLocation: /default-rack, certSerialId: null}1b957291-fe5b-420e-96dd-cc603eda7741{ip: 192.168.151.92, host: pr-hdds-2139-j8dx6-1450124282, networkLocation: /default-rack, certSerialId: null}12c7e022-5f96-4d2f-bd6c-0cb832bfe0bc{ip: 192.168.151.92, host: pr-hdds-2139-j8dx6-1450124282, networkLocation: /default-rack, certSerialId: null}, Type:RATIS, Factor:THREE, State:CLOSED]
2019-09-17 03:27:18,874 [java.util.concurrent.ThreadPoolExecutor$Worker@c80a20e[State = -1, empty queue]] WARN  server.GrpcLogAppender (GrpcLogAppender.java:timeoutAppendRequest(200)) - ae9625dc-248e-414f-955f-fccc978916e7@group-ECFE57FBC26D->1b957291-fe5b-420e-96dd-cc603eda7741-GrpcLogAppender: appendEntries Timeout, request=ae9625dc-248e-414f-955f-fccc978916e7->1b957291-fe5b-420e-96dd-cc603eda7741#155-t1, previous=(t:1, i:11), leaderCommit=4, initializing? false, entries: <empty>
2019-09-17 03:27:18,874 [java.util.concurrent.ThreadPoolExecutor$Worker@65c2b252[State = -1, empty queue]] WARN  server.GrpcLogAppender (GrpcLogAppender.java:timeoutAppendRequest(200)) - ae9625dc-248e-414f-955f-fccc978916e7@group-ECFE57FBC26D->12c7e022-5f96-4d2f-bd6c-0cb832bfe0bc-GrpcLogAppender: appendEntries Timeout, request=ae9625dc-248e-414f-955f-fccc978916e7->12c7e022-5f96-4d2f-bd6c-0cb832bfe0bc#155-t1, previous=(t:1, i:11), leaderCommit=4, initializing? false, entries: <empty>
2019-09-17 03:27:20,875 [org.apache.ratis.server.impl.LogAppender$AppenderDaemon$$Lambda$550/692567409@1e992c83] ERROR ratis.XceiverServerRatis (XceiverServerRatis.java:triggerPipelineClose(575)) - pipeline Action CLOSE  on pipeline PipelineID=1154e060-f3f9-4071-892f-ecfe57fbc26d.Reason : ae9625dc-248e-414f-955f-fccc978916e7 has not seen follower/s 12c7e022-5f96-4d2f-bd6c-0cb832bfe0bc for 185045ms 1b957291-fe5b-420e-96dd-cc603eda7741 for 185047ms
2019-09-17 03:27:20,875 [org.apache.ratis.server.impl.LogAppender$AppenderDaemon$$Lambda$550/692567409@4680c204] ERROR ratis.XceiverServerRatis (XceiverServerRatis.java:triggerPipelineClose(575)) - pipeline Action CLOSE  on pipeline PipelineID=1154e060-f3f9-4071-892f-ecfe57fbc26d.Reason : ae9625dc-248e-414f-955f-fccc978916e7 has not seen follower/s 12c7e022-5f96-4d2f-bd6c-0cb832bfe0bc for 185045ms 1b957291-fe5b-420e-96dd-cc603eda7741 for 185047ms
2019-09-17 03:27:21,374 [java.util.concurrent.ThreadPoolExecutor$Worker@c80a20e[State = -1, empty queue]] WARN  server.GrpcLogAppender (GrpcLogAppender.java:timeoutAppendRequest(200)) - ae9625dc-248e-414f-955f-fccc978916e7@group-ECFE57FBC26D->1b957291-fe5b-420e-96dd-cc603eda7741-GrpcLogAppender: appendEntries Timeout, request=ae9625dc-248e-414f-955f-fccc978916e7->1b957291-fe5b-420e-96dd-cc603eda7741#156-t1, previous=(t:1, i:11), leaderCommit=4, initializing? false, entries: <empty>
2019-09-17 03:27:21,375 [java.util.concurrent.ThreadPoolExecutor$Worker@65c2b252[State = -1, empty queue]] WARN  server.GrpcLogAppender (GrpcLogAppender.java:timeoutAppendRequest(200)) - ae9625dc-248e-414f-955f-fccc978916e7@group-ECFE57FBC26D->12c7e022-5f96-4d2f-bd6c-0cb832bfe0bc-GrpcLogAppender: appendEntries Timeout, request=ae9625dc-248e-414f-955f-fccc978916e7->12c7e022-5f96-4d2f-bd6c-0cb832bfe0bc#156-t1, previous=(t:1, i:11), leaderCommit=4, initializing? false, entries: <empty>
2019-09-17 03:27:21,378 [EventQueue-PipelineActionsForPipelineActionHandler] ERROR pipeline.PipelineActionHandler (PipelineActionHandler.java:onMessage(60)) - Received pipeline action CLOSE for Pipeline[ Id: 1154e060-f3f9-4071-892f-ecfe57fbc26d, Nodes: ae9625dc-248e-414f-955f-fccc978916e7{ip: 192.168.151.92, host: pr-hdds-2139-j8dx6-1450124282, networkLocation: /default-rack, certSerialId: null}1b957291-fe5b-420e-96dd-cc603eda7741{ip: 192.168.151.92, host: pr-hdds-2139-j8dx6-1450124282, networkLocation: /default-rack, certSerialId: null}12c7e022-5f96-4d2f-bd6c-0cb832bfe0bc{ip: 192.168.151.92, host: pr-hdds-2139-j8dx6-1450124282, networkLocation: /default-rack, certSerialId: null}, Type:RATIS, Factor:THREE, State:CLOSED] from datanode ae9625dc-248e-414f-955f-fccc978916e7{ip: 192.168.151.92, host: pr-hdds-2139-j8dx6-1450124282, networkLocation: /default-rack, certSerialId: null}. Reason : ae9625dc-248e-414f-955f-fccc978916e7 has not seen follower/s 12c7e022-5f96-4d2f-bd6c-0cb832bfe0bc for 185045ms 1b957291-fe5b-420e-96dd-cc603eda7741 for 185047ms
2019-09-17 03:27:21,378 [EventQueue-PipelineActionsForPipelineActionHandler] INFO  pipeline.SCMPipelineManager (SCMPipelineManager.java:finalizeAndDestroyPipeline(311)) - destroying pipeline:Pipeline[ Id: 1154e060-f3f9-4071-892f-ecfe57fbc26d, Nodes: ae9625dc-248e-414f-955f-fccc978916e7{ip: 192.168.151.92, host: pr-hdds-2139-j8dx6-1450124282, networkLocation: /default-rack, certSerialId: null}1b957291-fe5b-420e-96dd-cc603eda7741{ip: 192.168.151.92, host: pr-hdds-2139-j8dx6-1450124282, networkLocation: /default-rack, certSerialId: null}12c7e022-5f96-4d2f-bd6c-0cb832bfe0bc{ip: 192.168.151.92, host: pr-hdds-2139-j8dx6-1450124282, networkLocation: /default-rack, certSerialId: null}, Type:RATIS, Factor:THREE, State:CLOSED]
2019-09-17 03:27:22,332 [grpc-default-executor-4] INFO  impl.RaftServerProxy (RaftServerProxy.java:remove(95)) - ae9625dc-248e-414f-955f-fccc978916e7: remove    LEADER ae9625dc-248e-414f-955f-fccc978916e7@group-ECFE57FBC26D:t1, leader=ae9625dc-248e-414f-955f-fccc978916e7, voted=ae9625dc-248e-414f-955f-fccc978916e7, raftlog=ae9625dc-248e-414f-955f-fccc978916e7@group-ECFE57FBC26D-SegmentedRaftLog:OPENED:c4,f4,i11, conf=0: [ae9625dc-248e-414f-955f-fccc978916e7:192.168.151.92:37052, 12c7e022-5f96-4d2f-bd6c-0cb832bfe0bc:192.168.151.92:41586, 1b957291-fe5b-420e-96dd-cc603eda7741:192.168.151.92:44243], old=null RUNNING
2019-09-17 03:27:22,333 [grpc-default-executor-4] INFO  impl.RaftServerImpl (RaftServerImpl.java:lambda$shutdown$3(251)) - ae9625dc-248e-414f-955f-fccc978916e7@group-ECFE57FBC26D: shutdown
2019-09-17 03:27:22,333 [grpc-default-executor-4] INFO  util.JmxRegister (JmxRegister.java:unregister(73)) - Successfully un-registered JMX Bean with object name Ratis:service=RaftServer,group=group-ECFE57FBC26D,id=ae9625dc-248e-414f-955f-fccc978916e7
2019-09-17 03:27:22,333 [grpc-default-executor-4] INFO  impl.RoleInfo (RoleInfo.java:shutdownLeaderState(104)) - ae9625dc-248e-414f-955f-fccc978916e7: shutdown LeaderState
2019-09-17 03:27:22,338 [org.apache.ratis.server.impl.LogAppender$AppenderDaemon$$Lambda$550/692567409@4680c204] WARN  server.GrpcLogAppender (GrpcLogAppender.java:mayWait(143)) - ae9625dc-248e-414f-955f-fccc978916e7@group-ECFE57FBC26D->12c7e022-5f96-4d2f-bd6c-0cb832bfe0bc-GrpcLogAppender: Wait interrupted by java.lang.InterruptedException
2019-09-17 03:27:22,338 [org.apache.ratis.server.impl.LogAppender$AppenderDaemon$$Lambda$550/692567409@1e992c83] WARN  server.GrpcLogAppender (GrpcLogAppender.java:mayWait(143)) - ae9625dc-248e-414f-955f-fccc978916e7@group-ECFE57FBC26D->1b957291-fe5b-420e-96dd-cc603eda7741-GrpcLogAppender: Wait interrupted by java.lang.InterruptedException
2019-09-17 03:27:22,338 [grpc-default-executor-4] INFO  impl.PendingRequests (PendingRequests.java:sendNotLeaderResponses(202)) - ae9625dc-248e-414f-955f-fccc978916e7-PendingRequests: sendNotLeaderResponses
2019-09-17 03:27:22,339 [grpc-default-executor-3] INFO  server.GrpcServerProtocolService (GrpcServerProtocolService.java:onCompleted(113)) - 1b957291-fe5b-420e-96dd-cc603eda7741: Completed APPEND_ENTRIES, lastRequest: ae9625dc-248e-414f-955f-fccc978916e7->1b957291-fe5b-420e-96dd-cc603eda7741#157-t1, previous=(t:1, i:11), leaderCommit=4, initializing? false, entries: <empty>
2019-09-17 03:27:22,339 [grpc-default-executor-6] INFO  server.GrpcServerProtocolService (GrpcServerProtocolService.java:onCompleted(113)) - 12c7e022-5f96-4d2f-bd6c-0cb832bfe0bc: Completed APPEND_ENTRIES, lastRequest: ae9625dc-248e-414f-955f-fccc978916e7->12c7e022-5f96-4d2f-bd6c-0cb832bfe0bc#157-t1, previous=(t:1, i:11), leaderCommit=4, initializing? false, entries: <empty>
2019-09-17 03:27:22,340 [grpc-default-executor-6] INFO  server.GrpcLogAppender (GrpcLogAppender.java:onCompleted(293)) - ae9625dc-248e-414f-955f-fccc978916e7@group-ECFE57FBC26D->1b957291-fe5b-420e-96dd-cc603eda7741-AppendLogResponseHandler: follower responses appendEntries COMPLETED
2019-09-17 03:27:22,340 [grpc-default-executor-3] INFO  server.GrpcLogAppender (GrpcLogAppender.java:onCompleted(293)) - ae9625dc-248e-414f-955f-fccc978916e7@group-ECFE57FBC26D->12c7e022-5f96-4d2f-bd6c-0cb832bfe0bc-AppendLogResponseHandler: follower responses appendEntries COMPLETED
2019-09-17 03:27:22,341 [grpc-default-executor-6] INFO  impl.FollowerInfo (FollowerInfo.java:lambda$new$0(51)) - ae9625dc-248e-414f-955f-fccc978916e7@group-ECFE57FBC26D->1b957291-fe5b-420e-96dd-cc603eda7741: nextIndex: updateUnconditionally 12 -> 5
2019-09-17 03:27:22,346 [grpc-default-executor-4] INFO  impl.StateMachineUpdater (StateMachineUpdater.java:stopAndJoin(125)) - ae9625dc-248e-414f-955f-fccc978916e7@group-ECFE57FBC26D-StateMachineUpdater: set stopIndex = 4
2019-09-17 03:27:22,341 [grpc-default-executor-3] INFO  impl.FollowerInfo (FollowerInfo.java:lambda$new$0(51)) - ae9625dc-248e-414f-955f-fccc978916e7@group-ECFE57FBC26D->12c7e022-5f96-4d2f-bd6c-0cb832bfe0bc: nextIndex: updateUnconditionally 12 -> 5
2019-09-17 03:27:22,346 [ae9625dc-248e-414f-955f-fccc978916e7@group-ECFE57FBC26D-StateMachineUpdater] INFO  ratis.ContainerStateMachine (ContainerStateMachine.java:takeSnapshot(289)) - group-ECFE57FBC26D: Taking a snapshot at:(t:1, i:4) file /workdir/hadoop-ozone/integration-test/target/test-dir/MiniOzoneClusterImpl-1016471a-d40a-48f2-8884-b9093ef4fa4a/datanode-4/data/ratis/1154e060-f3f9-4071-892f-ecfe57fbc26d/sm/snapshot.1_4
2019-09-17 03:27:22,370 [ae9625dc-248e-414f-955f-fccc978916e7@group-ECFE57FBC26D-StateMachineUpdater] INFO  ratis.ContainerStateMachine (ContainerStateMachine.java:takeSnapshot(300)) - group-ECFE57FBC26D: Finished taking a snapshot at:(t:1, i:4) file:/workdir/hadoop-ozone/integration-test/target/test-dir/MiniOzoneClusterImpl-1016471a-d40a-48f2-8884-b9093ef4fa4a/datanode-4/data/ratis/1154e060-f3f9-4071-892f-ecfe57fbc26d/sm/snapshot.1_4 time:23
2019-09-17 03:27:22,370 [ae9625dc-248e-414f-955f-fccc978916e7@group-ECFE57FBC26D-StateMachineUpdater] INFO  impl.StateMachineUpdater (StateMachineUpdater.java:takeSnapshot(258)) - ae9625dc-248e-414f-955f-fccc978916e7@group-ECFE57FBC26D-StateMachineUpdater: Took a snapshot at index 4
2019-09-17 03:27:22,370 [ae9625dc-248e-414f-955f-fccc978916e7@group-ECFE57FBC26D-StateMachineUpdater] INFO  impl.StateMachineUpdater (StateMachineUpdater.java:lambda$new$0(83)) - ae9625dc-248e-414f-955f-fccc978916e7@group-ECFE57FBC26D-StateMachineUpdater: snapshotIndex: updateIncreasingly -1 -> 4
2019-09-17 03:27:22,370 [Command processor thread] ERROR commandhandler.CloseContainerCommandHandler (CloseContainerCommandHandler.java:handle(125)) - Can't close container #8
java.io.IOException: org.apache.ratis.protocol.GroupMismatchException: ae9625dc-248e-414f-955f-fccc978916e7: group-ECFE57FBC26D not found.
	at org.apache.hadoop.ozone.container.common.transport.server.ratis.XceiverServerRatis.submitRequest(XceiverServerRatis.java:502)
	at org.apache.hadoop.ozone.container.common.statemachine.commandhandler.CloseContainerCommandHandler.handle(CloseContainerCommandHandler.java:102)
	at org.apache.hadoop.ozone.container.common.statemachine.commandhandler.CommandDispatcher.handle(CommandDispatcher.java:99)
	at org.apache.hadoop.ozone.container.common.statemachine.DatanodeStateMachine.lambda$initCommandHandlerThread$1(DatanodeStateMachine.java:432)
	at java.lang.Thread.run(Thread.java:748)
Caused by: java.util.concurrent.ExecutionException: org.apache.ratis.protocol.GroupMismatchException: ae9625dc-248e-414f-955f-fccc978916e7: group-ECFE57FBC26D not found.
	at java.util.concurrent.CompletableFuture.reportGet(CompletableFuture.java:357)
	at java.util.concurrent.CompletableFuture.get(CompletableFuture.java:1895)
	at org.apache.hadoop.ozone.container.common.transport.server.ratis.XceiverServerRatis.submitRequest(XceiverServerRatis.java:500)
	... 4 more
Caused by: org.apache.ratis.protocol.GroupMismatchException: ae9625dc-248e-414f-955f-fccc978916e7: group-ECFE57FBC26D not found.
	at org.apache.ratis.server.impl.RaftServerProxy$ImplMap.get(RaftServerProxy.java:122)
	at org.apache.ratis.server.impl.RaftServerProxy.getImplFuture(RaftServerProxy.java:269)
	at org.apache.ratis.server.impl.RaftServerProxy.submitRequest(RaftServerProxy.java:327)
	at org.apache.ratis.server.impl.RaftServerProxy.submitClientRequestAsync(RaftServerProxy.java:333)
	... 5 more
2019-09-17 03:27:22,371 [grpc-default-executor-4] INFO  impl.RaftServerImpl (ServerState.java:close(385)) - ae9625dc-248e-414f-955f-fccc978916e7@group-ECFE57FBC26D: closes. applyIndex: 4
2019-09-17 03:27:22,372 [ae9625dc-248e-414f-955f-fccc978916e7@group-ECFE57FBC26D-SegmentedRaftLogWorker] ERROR ratis.XceiverServerRatis (XceiverServerRatis.java:triggerPipelineClose(575)) - pipeline Action CLOSE  on pipeline PipelineID=1154e060-f3f9-4071-892f-ecfe57fbc26d.Reason : WriteLog:5: (t:1, i:5), STATEMACHINELOGENTRY, client-7FCCE946A079, cid=143-writeStateMachineData interrupted.
2019-09-17 03:27:22,375 [grpc-default-executor-4] INFO  segmented.SegmentedRaftLogWorker (SegmentedRaftLogWorker.java:close(228)) - ae9625dc-248e-414f-955f-fccc978916e7@group-ECFE57FBC26D-SegmentedRaftLogWorker close()
2019-09-17 03:27:22,375 [EventQueue-PipelineActionsForPipelineActionHandler] ERROR pipeline.PipelineActionHandler (PipelineActionHandler.java:onMessage(60)) - Received pipeline action CLOSE for Pipeline[ Id: 1154e060-f3f9-4071-892f-ecfe57fbc26d, Nodes: ae9625dc-248e-414f-955f-fccc978916e7{ip: 192.168.151.92, host: pr-hdds-2139-j8dx6-1450124282, networkLocation: /default-rack, certSerialId: null}1b957291-fe5b-420e-96dd-cc603eda7741{ip: 192.168.151.92, host: pr-hdds-2139-j8dx6-1450124282, networkLocation: /default-rack, certSerialId: null}12c7e022-5f96-4d2f-bd6c-0cb832bfe0bc{ip: 192.168.151.92, host: pr-hdds-2139-j8dx6-1450124282, networkLocation: /default-rack, certSerialId: null}, Type:RATIS, Factor:THREE, State:CLOSED] from datanode ae9625dc-248e-414f-955f-fccc978916e7{ip: 192.168.151.92, host: pr-hdds-2139-j8dx6-1450124282, networkLocation: /default-rack, certSerialId: null}. Reason : WriteLog:5: (t:1, i:5), STATEMACHINELOGENTRY, client-7FCCE946A079, cid=143-writeStateMachineData interrupted.
2019-09-17 03:27:22,380 [EventQueue-PipelineActionsForPipelineActionHandler] INFO  pipeline.SCMPipelineManager (SCMPipelineManager.java:finalizeAndDestroyPipeline(311)) - destroying pipeline:Pipeline[ Id: 1154e060-f3f9-4071-892f-ecfe57fbc26d, Nodes: ae9625dc-248e-414f-955f-fccc978916e7{ip: 192.168.151.92, host: pr-hdds-2139-j8dx6-1450124282, networkLocation: /default-rack, certSerialId: null}1b957291-fe5b-420e-96dd-cc603eda7741{ip: 192.168.151.92, host: pr-hdds-2139-j8dx6-1450124282, networkLocation: /default-rack, certSerialId: null}12c7e022-5f96-4d2f-bd6c-0cb832bfe0bc{ip: 192.168.151.92, host: pr-hdds-2139-j8dx6-1450124282, networkLocation: /default-rack, certSerialId: null}, Type:RATIS, Factor:THREE, State:CLOSED]
2019-09-17 03:27:22,392 [grpc-default-executor-4] INFO  interfaces.Container (KeyValueContainer.java:flushAndSyncDB(386)) - Container 7 is synced with bcsId 3.
2019-09-17 03:27:22,392 [grpc-default-executor-4] INFO  interfaces.Container (KeyValueContainer.java:flushAndSyncDB(386)) - Container 7 is synced with bcsId 3.
2019-09-17 03:27:22,408 [EventQueue-IncrementalContainerReportForIncrementalContainerReportHandler] INFO  container.IncrementalContainerReportHandler (AbstractContainerReportHandler.java:updateContainerState(169)) - Moving container #7 to QUASI_CLOSED state, datanode ae9625dc-248e-414f-955f-fccc978916e7{ip: 192.168.151.92, host: pr-hdds-2139-j8dx6-1450124282, networkLocation: /default-rack, certSerialId: null} reported QUASI_CLOSED replica.
2019-09-17 03:27:22,476 [grpc-default-executor-4] INFO  interfaces.Container (KeyValueContainer.java:flushAndSyncDB(386)) - Container 8 is synced with bcsId 0.
2019-09-17 03:27:22,476 [grpc-default-executor-4] INFO  interfaces.Container (KeyValueContainer.java:flushAndSyncDB(386)) - Container 8 is synced with bcsId 0.
2019-09-17 03:27:22,481 [EventQueue-IncrementalContainerReportForIncrementalContainerReportHandler] INFO  container.IncrementalContainerReportHandler (AbstractContainerReportHandler.java:updateContainerState(169)) - Moving container #8 to QUASI_CLOSED state, datanode ae9625dc-248e-414f-955f-fccc978916e7{ip: 192.168.151.92, host: pr-hdds-2139-j8dx6-1450124282, networkLocation: /default-rack, certSerialId: null} reported QUASI_CLOSED replica.
2019-09-17 03:27:22,485 [grpc-default-executor-4] INFO  impl.RaftServerProxy (RaftServerProxy.java:remove(95)) - 1b957291-fe5b-420e-96dd-cc603eda7741: remove  FOLLOWER 1b957291-fe5b-420e-96dd-cc603eda7741@group-ECFE57FBC26D:t1, leader=ae9625dc-248e-414f-955f-fccc978916e7, voted=ae9625dc-248e-414f-955f-fccc978916e7, raftlog=1b957291-fe5b-420e-96dd-cc603eda7741@group-ECFE57FBC26D-SegmentedRaftLog:OPENED:c4,f4,i11, conf=0: [ae9625dc-248e-414f-955f-fccc978916e7:192.168.151.92:37052, 12c7e022-5f96-4d2f-bd6c-0cb832bfe0bc:192.168.151.92:41586, 1b957291-fe5b-420e-96dd-cc603eda7741:192.168.151.92:44243], old=null RUNNING
2019-09-17 03:27:22,486 [grpc-default-executor-4] INFO  impl.RaftServerImpl (RaftServerImpl.java:lambda$shutdown$3(251)) - 1b957291-fe5b-420e-96dd-cc603eda7741@group-ECFE57FBC26D: shutdown
2019-09-17 03:27:22,486 [grpc-default-executor-4] INFO  util.JmxRegister (JmxRegister.java:unregister(73)) - Successfully un-registered JMX Bean with object name Ratis:service=RaftServer,group=group-ECFE57FBC26D,id=1b957291-fe5b-420e-96dd-cc603eda7741
2019-09-17 03:27:22,486 [grpc-default-executor-4] INFO  impl.RoleInfo (RoleInfo.java:shutdownFollowerState(121)) - 1b957291-fe5b-420e-96dd-cc603eda7741: shutdown FollowerState
2019-09-17 03:27:22,486 [grpc-default-executor-4] INFO  impl.StateMachineUpdater (StateMachineUpdater.java:stopAndJoin(125)) - 1b957291-fe5b-420e-96dd-cc603eda7741@group-ECFE57FBC26D-StateMachineUpdater: set stopIndex = 4
2019-09-17 03:27:22,487 [Thread-895] INFO  impl.FollowerState (FollowerState.java:run(115)) - 1b957291-fe5b-420e-96dd-cc603eda7741: FollowerState was interrupted: java.lang.InterruptedException: sleep interrupted
2019-09-17 03:27:22,487 [1b957291-fe5b-420e-96dd-cc603eda7741@group-ECFE57FBC26D-StateMachineUpdater] INFO  ratis.ContainerStateMachine (ContainerStateMachine.java:takeSnapshot(289)) - group-ECFE57FBC26D: Taking a snapshot at:(t:1, i:3) file /workdir/hadoop-ozone/integration-test/target/test-dir/MiniOzoneClusterImpl-1016471a-d40a-48f2-8884-b9093ef4fa4a/datanode-6/data/ratis/1154e060-f3f9-4071-892f-ecfe57fbc26d/sm/snapshot.1_3
2019-09-17 03:27:22,502 [1b957291-fe5b-420e-96dd-cc603eda7741@group-ECFE57FBC26D-StateMachineUpdater] INFO  ratis.ContainerStateMachine (ContainerStateMachine.java:takeSnapshot(300)) - group-ECFE57FBC26D: Finished taking a snapshot at:(t:1, i:3) file:/workdir/hadoop-ozone/integration-test/target/test-dir/MiniOzoneClusterImpl-1016471a-d40a-48f2-8884-b9093ef4fa4a/datanode-6/data/ratis/1154e060-f3f9-4071-892f-ecfe57fbc26d/sm/snapshot.1_3 time:16
2019-09-17 03:27:22,503 [1b957291-fe5b-420e-96dd-cc603eda7741@group-ECFE57FBC26D-StateMachineUpdater] INFO  impl.StateMachineUpdater (StateMachineUpdater.java:takeSnapshot(258)) - 1b957291-fe5b-420e-96dd-cc603eda7741@group-ECFE57FBC26D-StateMachineUpdater: Took a snapshot at index 3
2019-09-17 03:27:22,503 [1b957291-fe5b-420e-96dd-cc603eda7741@group-ECFE57FBC26D-StateMachineUpdater] INFO  impl.StateMachineUpdater (StateMachineUpdater.java:lambda$new$0(83)) - 1b957291-fe5b-420e-96dd-cc603eda7741@group-ECFE57FBC26D-StateMachineUpdater: snapshotIndex: updateIncreasingly -1 -> 3
2019-09-17 03:27:22,503 [1b957291-fe5b-420e-96dd-cc603eda7741@group-ECFE57FBC26D-StateMachineUpdater] INFO  ratis.ContainerStateMachine (ContainerStateMachine.java:takeSnapshot(289)) - group-ECFE57FBC26D: Taking a snapshot at:(t:1, i:3) file /workdir/hadoop-ozone/integration-test/target/test-dir/MiniOzoneClusterImpl-1016471a-d40a-48f2-8884-b9093ef4fa4a/datanode-6/data/ratis/1154e060-f3f9-4071-892f-ecfe57fbc26d/sm/snapshot.1_3
2019-09-17 03:27:22,517 [1b957291-fe5b-420e-96dd-cc603eda7741@group-ECFE57FBC26D-StateMachineUpdater] INFO  ratis.ContainerStateMachine (ContainerStateMachine.java:takeSnapshot(300)) - group-ECFE57FBC26D: Finished taking a snapshot at:(t:1, i:3) file:/workdir/hadoop-ozone/integration-test/target/test-dir/MiniOzoneClusterImpl-1016471a-d40a-48f2-8884-b9093ef4fa4a/datanode-6/data/ratis/1154e060-f3f9-4071-892f-ecfe57fbc26d/sm/snapshot.1_3 time:14
2019-09-17 03:27:22,518 [1b957291-fe5b-420e-96dd-cc603eda7741@group-ECFE57FBC26D-StateMachineUpdater] INFO  impl.StateMachineUpdater (StateMachineUpdater.java:takeSnapshot(258)) - 1b957291-fe5b-420e-96dd-cc603eda7741@group-ECFE57FBC26D-StateMachineUpdater: Took a snapshot at index 3
2019-09-17 03:27:22,518 [1b957291-fe5b-420e-96dd-cc603eda7741@group-ECFE57FBC26D-StateMachineUpdater] INFO  impl.StateMachineUpdater (StateMachineUpdater.java:lambda$new$0(83)) - 1b957291-fe5b-420e-96dd-cc603eda7741@group-ECFE57FBC26D-StateMachineUpdater: snapshotIndex: updateIncreasingly 3 -> 3
2019-09-17 03:27:22,518 [grpc-default-executor-4] INFO  impl.RaftServerImpl (ServerState.java:close(385)) - 1b957291-fe5b-420e-96dd-cc603eda7741@group-ECFE57FBC26D: closes. applyIndex: 4
2019-09-17 03:27:22,519 [1b957291-fe5b-420e-96dd-cc603eda7741@group-ECFE57FBC26D-SegmentedRaftLogWorker] ERROR ratis.XceiverServerRatis (XceiverServerRatis.java:triggerPipelineClose(575)) - pipeline Action CLOSE  on pipeline PipelineID=1154e060-f3f9-4071-892f-ecfe57fbc26d.Reason : WriteLog:6: (t:1, i:6), STATEMACHINELOGENTRY, client-7FCCE946A079, cid=144-writeStateMachineData interrupted.
2019-09-17 03:27:22,522 [EventQueue-PipelineActionsForPipelineActionHandler] ERROR pipeline.PipelineActionHandler (PipelineActionHandler.java:onMessage(60)) - Received pipeline action CLOSE for Pipeline[ Id: 1154e060-f3f9-4071-892f-ecfe57fbc26d, Nodes: ae9625dc-248e-414f-955f-fccc978916e7{ip: 192.168.151.92, host: pr-hdds-2139-j8dx6-1450124282, networkLocation: /default-rack, certSerialId: null}1b957291-fe5b-420e-96dd-cc603eda7741{ip: 192.168.151.92, host: pr-hdds-2139-j8dx6-1450124282, networkLocation: /default-rack, certSerialId: null}12c7e022-5f96-4d2f-bd6c-0cb832bfe0bc{ip: 192.168.151.92, host: pr-hdds-2139-j8dx6-1450124282, networkLocation: /default-rack, certSerialId: null}, Type:RATIS, Factor:THREE, State:CLOSED] from datanode 1b957291-fe5b-420e-96dd-cc603eda7741{ip: 192.168.151.92, host: pr-hdds-2139-j8dx6-1450124282, networkLocation: /default-rack, certSerialId: null}. Reason : WriteLog:6: (t:1, i:6), STATEMACHINELOGENTRY, client-7FCCE946A079, cid=144-writeStateMachineData interrupted.
2019-09-17 03:27:22,522 [EventQueue-PipelineActionsForPipelineActionHandler] INFO  pipeline.SCMPipelineManager (SCMPipelineManager.java:finalizeAndDestroyPipeline(311)) - destroying pipeline:Pipeline[ Id: 1154e060-f3f9-4071-892f-ecfe57fbc26d, Nodes: ae9625dc-248e-414f-955f-fccc978916e7{ip: 192.168.151.92, host: pr-hdds-2139-j8dx6-1450124282, networkLocation: /default-rack, certSerialId: null}1b957291-fe5b-420e-96dd-cc603eda7741{ip: 192.168.151.92, host: pr-hdds-2139-j8dx6-1450124282, networkLocation: /default-rack, certSerialId: null}12c7e022-5f96-4d2f-bd6c-0cb832bfe0bc{ip: 192.168.151.92, host: pr-hdds-2139-j8dx6-1450124282, networkLocation: /default-rack, certSerialId: null}, Type:RATIS, Factor:THREE, State:CLOSED]
2019-09-17 03:27:22,523 [grpc-default-executor-4] INFO  segmented.SegmentedRaftLogWorker (SegmentedRaftLogWorker.java:close(228)) - 1b957291-fe5b-420e-96dd-cc603eda7741@group-ECFE57FBC26D-SegmentedRaftLogWorker close()
2019-09-17 03:27:22,531 [grpc-default-executor-4] INFO  interfaces.Container (KeyValueContainer.java:flushAndSyncDB(386)) - Container 7 is synced with bcsId 3.
2019-09-17 03:27:22,531 [grpc-default-executor-4] INFO  interfaces.Container (KeyValueContainer.java:flushAndSyncDB(386)) - Container 7 is synced with bcsId 3.
2019-09-17 03:27:22,558 [grpc-default-executor-4] INFO  interfaces.Container (KeyValueContainer.java:flushAndSyncDB(386)) - Container 8 is synced with bcsId 0.
2019-09-17 03:27:22,558 [grpc-default-executor-4] INFO  interfaces.Container (KeyValueContainer.java:flushAndSyncDB(386)) - Container 8 is synced with bcsId 0.
2019-09-17 03:27:22,568 [grpc-default-executor-4] INFO  impl.RaftServerProxy (RaftServerProxy.java:remove(95)) - 12c7e022-5f96-4d2f-bd6c-0cb832bfe0bc: remove  FOLLOWER 12c7e022-5f96-4d2f-bd6c-0cb832bfe0bc@group-ECFE57FBC26D:t1, leader=ae9625dc-248e-414f-955f-fccc978916e7, voted=ae9625dc-248e-414f-955f-fccc978916e7, raftlog=12c7e022-5f96-4d2f-bd6c-0cb832bfe0bc@group-ECFE57FBC26D-SegmentedRaftLog:OPENED:c4,f4,i11, conf=0: [ae9625dc-248e-414f-955f-fccc978916e7:192.168.151.92:37052, 12c7e022-5f96-4d2f-bd6c-0cb832bfe0bc:192.168.151.92:41586, 1b957291-fe5b-420e-96dd-cc603eda7741:192.168.151.92:44243], old=null RUNNING
2019-09-17 03:27:22,568 [grpc-default-executor-4] INFO  impl.RaftServerImpl (RaftServerImpl.java:lambda$shutdown$3(251)) - 12c7e022-5f96-4d2f-bd6c-0cb832bfe0bc@group-ECFE57FBC26D: shutdown
2019-09-17 03:27:22,568 [grpc-default-executor-4] INFO  util.JmxRegister (JmxRegister.java:unregister(73)) - Successfully un-registered JMX Bean with object name Ratis:service=RaftServer,group=group-ECFE57FBC26D,id=12c7e022-5f96-4d2f-bd6c-0cb832bfe0bc
2019-09-17 03:27:22,568 [grpc-default-executor-4] INFO  impl.RoleInfo (RoleInfo.java:shutdownFollowerState(121)) - 12c7e022-5f96-4d2f-bd6c-0cb832bfe0bc: shutdown FollowerState
2019-09-17 03:27:22,569 [grpc-default-executor-4] INFO  impl.StateMachineUpdater (StateMachineUpdater.java:stopAndJoin(125)) - 12c7e022-5f96-4d2f-bd6c-0cb832bfe0bc@group-ECFE57FBC26D-StateMachineUpdater: set stopIndex = 4
2019-09-17 03:27:22,569 [12c7e022-5f96-4d2f-bd6c-0cb832bfe0bc@group-ECFE57FBC26D-StateMachineUpdater] INFO  ratis.ContainerStateMachine (ContainerStateMachine.java:takeSnapshot(289)) - group-ECFE57FBC26D: Taking a snapshot at:(t:1, i:3) file /workdir/hadoop-ozone/integration-test/target/test-dir/MiniOzoneClusterImpl-1016471a-d40a-48f2-8884-b9093ef4fa4a/datanode-0/data/ratis/1154e060-f3f9-4071-892f-ecfe57fbc26d/sm/snapshot.1_3
2019-09-17 03:27:22,569 [Thread-894] INFO  impl.FollowerState (FollowerState.java:run(115)) - 12c7e022-5f96-4d2f-bd6c-0cb832bfe0bc: FollowerState was interrupted: java.lang.InterruptedException: sleep interrupted
2019-09-17 03:27:22,572 [12c7e022-5f96-4d2f-bd6c-0cb832bfe0bc@group-ECFE57FBC26D-StateMachineUpdater] INFO  ratis.ContainerStateMachine (ContainerStateMachine.java:takeSnapshot(300)) - group-ECFE57FBC26D: Finished taking a snapshot at:(t:1, i:3) file:/workdir/hadoop-ozone/integration-test/target/test-dir/MiniOzoneClusterImpl-1016471a-d40a-48f2-8884-b9093ef4fa4a/datanode-0/data/ratis/1154e060-f3f9-4071-892f-ecfe57fbc26d/sm/snapshot.1_3 time:4
2019-09-17 03:27:22,573 [12c7e022-5f96-4d2f-bd6c-0cb832bfe0bc@group-ECFE57FBC26D-StateMachineUpdater] INFO  impl.StateMachineUpdater (StateMachineUpdater.java:takeSnapshot(258)) - 12c7e022-5f96-4d2f-bd6c-0cb832bfe0bc@group-ECFE57FBC26D-StateMachineUpdater: Took a snapshot at index 3
2019-09-17 03:27:22,573 [12c7e022-5f96-4d2f-bd6c-0cb832bfe0bc@group-ECFE57FBC26D-StateMachineUpdater] INFO  impl.StateMachineUpdater (StateMachineUpdater.java:lambda$new$0(83)) - 12c7e022-5f96-4d2f-bd6c-0cb832bfe0bc@group-ECFE57FBC26D-StateMachineUpdater: snapshotIndex: updateIncreasingly -1 -> 3
2019-09-17 03:27:22,573 [12c7e022-5f96-4d2f-bd6c-0cb832bfe0bc@group-ECFE57FBC26D-StateMachineUpdater] INFO  ratis.ContainerStateMachine (ContainerStateMachine.java:takeSnapshot(289)) - group-ECFE57FBC26D: Taking a snapshot at:(t:1, i:3) file /workdir/hadoop-ozone/integration-test/target/test-dir/MiniOzoneClusterImpl-1016471a-d40a-48f2-8884-b9093ef4fa4a/datanode-0/data/ratis/1154e060-f3f9-4071-892f-ecfe57fbc26d/sm/snapshot.1_3
2019-09-17 03:27:22,584 [12c7e022-5f96-4d2f-bd6c-0cb832bfe0bc@group-ECFE57FBC26D-StateMachineUpdater] INFO  ratis.ContainerStateMachine (ContainerStateMachine.java:takeSnapshot(300)) - group-ECFE57FBC26D: Finished taking a snapshot at:(t:1, i:3) file:/workdir/hadoop-ozone/integration-test/target/test-dir/MiniOzoneClusterImpl-1016471a-d40a-48f2-8884-b9093ef4fa4a/datanode-0/data/ratis/1154e060-f3f9-4071-892f-ecfe57fbc26d/sm/snapshot.1_3 time:11
2019-09-17 03:27:22,584 [12c7e022-5f96-4d2f-bd6c-0cb832bfe0bc@group-ECFE57FBC26D-StateMachineUpdater] INFO  impl.StateMachineUpdater (StateMachineUpdater.java:takeSnapshot(258)) - 12c7e022-5f96-4d2f-bd6c-0cb832bfe0bc@group-ECFE57FBC26D-StateMachineUpdater: Took a snapshot at index 3
2019-09-17 03:27:22,584 [12c7e022-5f96-4d2f-bd6c-0cb832bfe0bc@group-ECFE57FBC26D-StateMachineUpdater] INFO  impl.StateMachineUpdater (StateMachineUpdater.java:lambda$new$0(83)) - 12c7e022-5f96-4d2f-bd6c-0cb832bfe0bc@group-ECFE57FBC26D-StateMachineUpdater: snapshotIndex: updateIncreasingly 3 -> 3
2019-09-17 03:27:22,584 [grpc-default-executor-4] INFO  impl.RaftServerImpl (ServerState.java:close(385)) - 12c7e022-5f96-4d2f-bd6c-0cb832bfe0bc@group-ECFE57FBC26D: closes. applyIndex: 4
2019-09-17 03:27:22,585 [12c7e022-5f96-4d2f-bd6c-0cb832bfe0bc@group-ECFE57FBC26D-SegmentedRaftLogWorker] ERROR ratis.XceiverServerRatis (XceiverServerRatis.java:triggerPipelineClose(575)) - pipeline Action CLOSE  on pipeline PipelineID=1154e060-f3f9-4071-892f-ecfe57fbc26d.Reason : WriteLog:8: (t:1, i:8), STATEMACHINELOGENTRY, client-7FCCE946A079, cid=146-writeStateMachineData interrupted.
2019-09-17 03:27:22,588 [EventQueue-PipelineActionsForPipelineActionHandler] ERROR pipeline.PipelineActionHandler (PipelineActionHandler.java:onMessage(60)) - Received pipeline action CLOSE for Pipeline[ Id: 1154e060-f3f9-4071-892f-ecfe57fbc26d, Nodes: ae9625dc-248e-414f-955f-fccc978916e7{ip: 192.168.151.92, host: pr-hdds-2139-j8dx6-1450124282, networkLocation: /default-rack, certSerialId: null}1b957291-fe5b-420e-96dd-cc603eda7741{ip: 192.168.151.92, host: pr-hdds-2139-j8dx6-1450124282, networkLocation: /default-rack, certSerialId: null}12c7e022-5f96-4d2f-bd6c-0cb832bfe0bc{ip: 192.168.151.92, host: pr-hdds-2139-j8dx6-1450124282, networkLocation: /default-rack, certSerialId: null}, Type:RATIS, Factor:THREE, State:CLOSED] from datanode 12c7e022-5f96-4d2f-bd6c-0cb832bfe0bc{ip: 192.168.151.92, host: pr-hdds-2139-j8dx6-1450124282, networkLocation: /default-rack, certSerialId: null}. Reason : WriteLog:8: (t:1, i:8), STATEMACHINELOGENTRY, client-7FCCE946A079, cid=146-writeStateMachineData interrupted.
2019-09-17 03:27:22,588 [EventQueue-PipelineActionsForPipelineActionHandler] INFO  pipeline.SCMPipelineManager (SCMPipelineManager.java:finalizeAndDestroyPipeline(311)) - destroying pipeline:Pipeline[ Id: 1154e060-f3f9-4071-892f-ecfe57fbc26d, Nodes: ae9625dc-248e-414f-955f-fccc978916e7{ip: 192.168.151.92, host: pr-hdds-2139-j8dx6-1450124282, networkLocation: /default-rack, certSerialId: null}1b957291-fe5b-420e-96dd-cc603eda7741{ip: 192.168.151.92, host: pr-hdds-2139-j8dx6-1450124282, networkLocation: /default-rack, certSerialId: null}12c7e022-5f96-4d2f-bd6c-0cb832bfe0bc{ip: 192.168.151.92, host: pr-hdds-2139-j8dx6-1450124282, networkLocation: /default-rack, certSerialId: null}, Type:RATIS, Factor:THREE, State:CLOSED]
2019-09-17 03:27:22,589 [grpc-default-executor-4] INFO  segmented.SegmentedRaftLogWorker (SegmentedRaftLogWorker.java:close(228)) - 12c7e022-5f96-4d2f-bd6c-0cb832bfe0bc@group-ECFE57FBC26D-SegmentedRaftLogWorker close()
2019-09-17 03:27:22,596 [grpc-default-executor-4] INFO  interfaces.Container (KeyValueContainer.java:flushAndSyncDB(386)) - Container 7 is synced with bcsId 3.
2019-09-17 03:27:22,596 [grpc-default-executor-4] INFO  interfaces.Container (KeyValueContainer.java:flushAndSyncDB(386)) - Container 7 is synced with bcsId 3.
2019-09-17 03:27:22,610 [main] WARN  io.KeyOutputStream (KeyOutputStream.java:handleException(276)) - Encountered exception java.io.IOException: Unexpected Storage Container Exception: java.util.concurrent.CompletionException: java.util.concurrent.CompletionException: org.apache.ratis.protocol.GroupMismatchException: 1b957291-fe5b-420e-96dd-cc603eda7741: group-ECFE57FBC26D not found. on the pipeline Pipeline[ Id: 1154e060-f3f9-4071-892f-ecfe57fbc26d, Nodes: ae9625dc-248e-414f-955f-fccc978916e7{ip: 192.168.151.92, host: pr-hdds-2139-j8dx6-1450124282, networkLocation: /default-rack, certSerialId: null}1b957291-fe5b-420e-96dd-cc603eda7741{ip: 192.168.151.92, host: pr-hdds-2139-j8dx6-1450124282, networkLocation: /default-rack, certSerialId: null}12c7e022-5f96-4d2f-bd6c-0cb832bfe0bc{ip: 192.168.151.92, host: pr-hdds-2139-j8dx6-1450124282, networkLocation: /default-rack, certSerialId: null}, Type:RATIS, Factor:THREE, State:OPEN]. The last committed block length is 0, uncommitted data length is 400 retry count 0
2019-09-17 03:27:22,658 [grpc-default-executor-3] INFO  client.GrpcClientProtocolClient (GrpcClientProtocolClient.java:onNext(264)) - client-CE61FE651552->2a454ec2-3cfa-49cf-9003-841835eb2002: receive RaftClientReply:client-CE61FE651552->2a454ec2-3cfa-49cf-9003-841835eb2002@group-635631644DC9, cid=239, FAILED org.apache.ratis.protocol.NotLeaderException: Server 2a454ec2-3cfa-49cf-9003-841835eb2002@group-635631644DC9 is not the leader f255fb19-c941-42ad-8caf-606d85b027b3:192.168.151.92:37040, logIndex=0, commits[2a454ec2-3cfa-49cf-9003-841835eb2002:c11, fb5c35a7-52ed-48ed-856a-22aafd4627bf:c11, f255fb19-c941-42ad-8caf-606d85b027b3:c11]
2019-09-17 03:27:22,682 [grpc-default-executor-4] INFO  interfaces.Container (KeyValueContainer.java:flushAndSyncDB(386)) - Container 8 is synced with bcsId 0.
2019-09-17 03:27:22,682 [grpc-default-executor-4] INFO  interfaces.Container (KeyValueContainer.java:flushAndSyncDB(386)) - Container 8 is synced with bcsId 0.
2019-09-17 03:27:22,704 [RatisPipelineUtilsThread] INFO  pipeline.PipelineStateManager (PipelineStateManager.java:removePipeline(108)) - Pipeline Pipeline[ Id: 1154e060-f3f9-4071-892f-ecfe57fbc26d, Nodes: ae9625dc-248e-414f-955f-fccc978916e7{ip: 192.168.151.92, host: pr-hdds-2139-j8dx6-1450124282, networkLocation: /default-rack, certSerialId: null}1b957291-fe5b-420e-96dd-cc603eda7741{ip: 192.168.151.92, host: pr-hdds-2139-j8dx6-1450124282, networkLocation: /default-rack, certSerialId: null}12c7e022-5f96-4d2f-bd6c-0cb832bfe0bc{ip: 192.168.151.92, host: pr-hdds-2139-j8dx6-1450124282, networkLocation: /default-rack, certSerialId: null}, Type:RATIS, Factor:THREE, State:CLOSED] removed from db
2019-09-17 03:27:22,718 [grpc-default-executor-4] INFO  impl.RaftServerProxy (RaftServerProxy.java:addNew(89)) - 1b957291-fe5b-420e-96dd-cc603eda7741: addNew group-FABCD7376FF4:[ae9625dc-248e-414f-955f-fccc978916e7:192.168.151.92:37052, 12c7e022-5f96-4d2f-bd6c-0cb832bfe0bc:192.168.151.92:41586, 1b957291-fe5b-420e-96dd-cc603eda7741:192.168.151.92:44243] returns group-FABCD7376FF4:java.util.concurrent.CompletableFuture@2a515185[Not completed]
2019-09-17 03:27:22,718 [grpc-default-executor-6] INFO  impl.RaftServerProxy (RaftServerProxy.java:addNew(89)) - ae9625dc-248e-414f-955f-fccc978916e7: addNew group-FABCD7376FF4:[ae9625dc-248e-414f-955f-fccc978916e7:192.168.151.92:37052, 12c7e022-5f96-4d2f-bd6c-0cb832bfe0bc:192.168.151.92:41586, 1b957291-fe5b-420e-96dd-cc603eda7741:192.168.151.92:44243] returns group-FABCD7376FF4:java.util.concurrent.CompletableFuture@3fb7ca2e[Not completed]
2019-09-17 03:27:22,718 [grpc-default-executor-4] INFO  impl.RaftServerProxy (RaftServerProxy.java:addNew(89)) - 12c7e022-5f96-4d2f-bd6c-0cb832bfe0bc: addNew group-FABCD7376FF4:[ae9625dc-248e-414f-955f-fccc978916e7:192.168.151.92:37052, 12c7e022-5f96-4d2f-bd6c-0cb832bfe0bc:192.168.151.92:41586, 1b957291-fe5b-420e-96dd-cc603eda7741:192.168.151.92:44243] returns group-FABCD7376FF4:java.util.concurrent.CompletableFuture@e48630[Not completed]
2019-09-17 03:27:22,721 [pool-87-thread-1] INFO  impl.RaftServerImpl (RaftServerImpl.java:<init>(95)) - 1b957291-fe5b-420e-96dd-cc603eda7741: new RaftServerImpl for group-FABCD7376FF4:[ae9625dc-248e-414f-955f-fccc978916e7:192.168.151.92:37052, 12c7e022-5f96-4d2f-bd6c-0cb832bfe0bc:192.168.151.92:41586, 1b957291-fe5b-420e-96dd-cc603eda7741:192.168.151.92:44243] with ContainerStateMachine:uninitialized
2019-09-17 03:27:22,721 [pool-87-thread-1] INFO  server.RaftServerConfigKeys (ConfUtils.java:logGet(43)) - raft.server.rpc.timeout.min = 5s (custom)
2019-09-17 03:27:22,722 [pool-87-thread-1] INFO  server.RaftServerConfigKeys (ConfUtils.java:logGet(43)) - raft.server.rpc.timeout.max = 5200ms (custom)
2019-09-17 03:27:22,722 [pool-87-thread-1] INFO  server.RaftServerConfigKeys (ConfUtils.java:logGet(43)) - raft.server.rpcslowness.timeout = 120s (custom)
2019-09-17 03:27:22,722 [pool-87-thread-1] INFO  server.RaftServerConfigKeys (ConfUtils.java:logGet(43)) - raft.server.sleep.deviation.threshold = 300 (default)
2019-09-17 03:27:22,722 [pool-87-thread-1] INFO  server.RaftServerConfigKeys (ConfUtils.java:logGet(43)) - raft.server.log.appender.install.snapshot.enabled = false (custom)
2019-09-17 03:27:22,722 [pool-27-thread-1] INFO  impl.RaftServerImpl (RaftServerImpl.java:<init>(95)) - 12c7e022-5f96-4d2f-bd6c-0cb832bfe0bc: new RaftServerImpl for group-FABCD7376FF4:[ae9625dc-248e-414f-955f-fccc978916e7:192.168.151.92:37052, 12c7e022-5f96-4d2f-bd6c-0cb832bfe0bc:192.168.151.92:41586, 1b957291-fe5b-420e-96dd-cc603eda7741:192.168.151.92:44243] with ContainerStateMachine:uninitialized
2019-09-17 03:27:22,722 [pool-87-thread-1] INFO  impl.RaftServerImpl (ServerState.java:<init>(103)) - 1b957291-fe5b-420e-96dd-cc603eda7741@group-FABCD7376FF4: ConfigurationManager, init=-1: [ae9625dc-248e-414f-955f-fccc978916e7:192.168.151.92:37052, 12c7e022-5f96-4d2f-bd6c-0cb832bfe0bc:192.168.151.92:41586, 1b957291-fe5b-420e-96dd-cc603eda7741:192.168.151.92:44243], old=null, confs=<EMPTY_MAP>
2019-09-17 03:27:22,722 [pool-27-thread-1] INFO  server.RaftServerConfigKeys (ConfUtils.java:logGet(43)) - raft.server.rpc.timeout.min = 5s (custom)
2019-09-17 03:27:22,722 [pool-87-thread-1] INFO  server.RaftServerConfigKeys (ConfUtils.java:logGet(43)) - raft.server.storage.dir = [/workdir/hadoop-ozone/integration-test/target/test-dir/MiniOzoneClusterImpl-1016471a-d40a-48f2-8884-b9093ef4fa4a/datanode-6/data/ratis] (custom)
2019-09-17 03:27:22,722 [pool-27-thread-1] INFO  server.RaftServerConfigKeys (ConfUtils.java:logGet(43)) - raft.server.rpc.timeout.max = 5200ms (custom)
2019-09-17 03:27:22,723 [pool-27-thread-1] INFO  server.RaftServerConfigKeys (ConfUtils.java:logGet(43)) - raft.server.rpcslowness.timeout = 120s (custom)
2019-09-17 03:27:22,723 [pool-67-thread-1] INFO  impl.RaftServerImpl (RaftServerImpl.java:<init>(95)) - ae9625dc-248e-414f-955f-fccc978916e7: new RaftServerImpl for group-FABCD7376FF4:[ae9625dc-248e-414f-955f-fccc978916e7:192.168.151.92:37052, 12c7e022-5f96-4d2f-bd6c-0cb832bfe0bc:192.168.151.92:41586, 1b957291-fe5b-420e-96dd-cc603eda7741:192.168.151.92:44243] with ContainerStateMachine:uninitialized
2019-09-17 03:27:22,723 [pool-87-thread-1] INFO  storage.RaftStorageDirectory (RaftStorageDirectory.java:analyzeStorage(246)) - The storage directory /workdir/hadoop-ozone/integration-test/target/test-dir/MiniOzoneClusterImpl-1016471a-d40a-48f2-8884-b9093ef4fa4a/datanode-6/data/ratis/6b1f60d4-9584-4e50-a72c-fabcd7376ff4 does not exist. Creating ...
2019-09-17 03:27:22,723 [pool-27-thread-1] INFO  server.RaftServerConfigKeys (ConfUtils.java:logGet(43)) - raft.server.sleep.deviation.threshold = 300 (default)
2019-09-17 03:27:22,723 [pool-67-thread-1] INFO  server.RaftServerConfigKeys (ConfUtils.java:logGet(43)) - raft.server.rpc.timeout.min = 5s (custom)
2019-09-17 03:27:22,723 [pool-27-thread-1] INFO  server.RaftServerConfigKeys (ConfUtils.java:logGet(43)) - raft.server.log.appender.install.snapshot.enabled = false (custom)
2019-09-17 03:27:22,724 [pool-67-thread-1] INFO  server.RaftServerConfigKeys (ConfUtils.java:logGet(43)) - raft.server.rpc.timeout.max = 5200ms (custom)
2019-09-17 03:27:22,724 [pool-27-thread-1] INFO  impl.RaftServerImpl (ServerState.java:<init>(103)) - 12c7e022-5f96-4d2f-bd6c-0cb832bfe0bc@group-FABCD7376FF4: ConfigurationManager, init=-1: [ae9625dc-248e-414f-955f-fccc978916e7:192.168.151.92:37052, 12c7e022-5f96-4d2f-bd6c-0cb832bfe0bc:192.168.151.92:41586, 1b957291-fe5b-420e-96dd-cc603eda7741:192.168.151.92:44243], old=null, confs=<EMPTY_MAP>
2019-09-17 03:27:22,724 [pool-67-thread-1] INFO  server.RaftServerConfigKeys (ConfUtils.java:logGet(43)) - raft.server.rpcslowness.timeout = 120s (custom)
2019-09-17 03:27:22,724 [pool-27-thread-1] INFO  server.RaftServerConfigKeys (ConfUtils.java:logGet(43)) - raft.server.storage.dir = [/workdir/hadoop-ozone/integration-test/target/test-dir/MiniOzoneClusterImpl-1016471a-d40a-48f2-8884-b9093ef4fa4a/datanode-0/data/ratis] (custom)
2019-09-17 03:27:22,724 [pool-67-thread-1] INFO  server.RaftServerConfigKeys (ConfUtils.java:logGet(43)) - raft.server.sleep.deviation.threshold = 300 (default)
2019-09-17 03:27:22,724 [pool-67-thread-1] INFO  server.RaftServerConfigKeys (ConfUtils.java:logGet(43)) - raft.server.log.appender.install.snapshot.enabled = false (custom)
2019-09-17 03:27:22,724 [pool-27-thread-1] INFO  storage.RaftStorageDirectory (RaftStorageDirectory.java:analyzeStorage(246)) - The storage directory /workdir/hadoop-ozone/integration-test/target/test-dir/MiniOzoneClusterImpl-1016471a-d40a-48f2-8884-b9093ef4fa4a/datanode-0/data/ratis/6b1f60d4-9584-4e50-a72c-fabcd7376ff4 does not exist. Creating ...
2019-09-17 03:27:22,725 [pool-67-thread-1] INFO  impl.RaftServerImpl (ServerState.java:<init>(103)) - ae9625dc-248e-414f-955f-fccc978916e7@group-FABCD7376FF4: ConfigurationManager, init=-1: [ae9625dc-248e-414f-955f-fccc978916e7:192.168.151.92:37052, 12c7e022-5f96-4d2f-bd6c-0cb832bfe0bc:192.168.151.92:41586, 1b957291-fe5b-420e-96dd-cc603eda7741:192.168.151.92:44243], old=null, confs=<EMPTY_MAP>
2019-09-17 03:27:22,725 [pool-67-thread-1] INFO  server.RaftServerConfigKeys (ConfUtils.java:logGet(43)) - raft.server.storage.dir = [/workdir/hadoop-ozone/integration-test/target/test-dir/MiniOzoneClusterImpl-1016471a-d40a-48f2-8884-b9093ef4fa4a/datanode-4/data/ratis] (custom)
2019-09-17 03:27:22,725 [pool-67-thread-1] INFO  storage.RaftStorageDirectory (RaftStorageDirectory.java:analyzeStorage(246)) - The storage directory /workdir/hadoop-ozone/integration-test/target/test-dir/MiniOzoneClusterImpl-1016471a-d40a-48f2-8884-b9093ef4fa4a/datanode-4/data/ratis/6b1f60d4-9584-4e50-a72c-fabcd7376ff4 does not exist. Creating ...
2019-09-17 03:27:22,734 [pool-27-thread-1] INFO  storage.RaftStorageDirectory (RaftStorageDirectory.java:tryLock(328)) - Lock on /workdir/hadoop-ozone/integration-test/target/test-dir/MiniOzoneClusterImpl-1016471a-d40a-48f2-8884-b9093ef4fa4a/datanode-0/data/ratis/6b1f60d4-9584-4e50-a72c-fabcd7376ff4/in_use.lock acquired by nodename 30529@pr-hdds-2139-j8dx6-1450124282
2019-09-17 03:27:22,734 [pool-87-thread-1] INFO  storage.RaftStorageDirectory (RaftStorageDirectory.java:tryLock(328)) - Lock on /workdir/hadoop-ozone/integration-test/target/test-dir/MiniOzoneClusterImpl-1016471a-d40a-48f2-8884-b9093ef4fa4a/datanode-6/data/ratis/6b1f60d4-9584-4e50-a72c-fabcd7376ff4/in_use.lock acquired by nodename 30529@pr-hdds-2139-j8dx6-1450124282
2019-09-17 03:27:22,734 [pool-67-thread-1] INFO  storage.RaftStorageDirectory (RaftStorageDirectory.java:tryLock(328)) - Lock on /workdir/hadoop-ozone/integration-test/target/test-dir/MiniOzoneClusterImpl-1016471a-d40a-48f2-8884-b9093ef4fa4a/datanode-4/data/ratis/6b1f60d4-9584-4e50-a72c-fabcd7376ff4/in_use.lock acquired by nodename 30529@pr-hdds-2139-j8dx6-1450124282
2019-09-17 03:27:22,774 [pool-67-thread-1] INFO  storage.RaftStorage (RaftStorage.java:format(72)) - Storage directory /workdir/hadoop-ozone/integration-test/target/test-dir/MiniOzoneClusterImpl-1016471a-d40a-48f2-8884-b9093ef4fa4a/datanode-4/data/ratis/6b1f60d4-9584-4e50-a72c-fabcd7376ff4 has been successfully formatted.
2019-09-17 03:27:22,774 [pool-87-thread-1] INFO  storage.RaftStorage (RaftStorage.java:format(72)) - Storage directory /workdir/hadoop-ozone/integration-test/target/test-dir/MiniOzoneClusterImpl-1016471a-d40a-48f2-8884-b9093ef4fa4a/datanode-6/data/ratis/6b1f60d4-9584-4e50-a72c-fabcd7376ff4 has been successfully formatted.
2019-09-17 03:27:22,774 [pool-27-thread-1] INFO  storage.RaftStorage (RaftStorage.java:format(72)) - Storage directory /workdir/hadoop-ozone/integration-test/target/test-dir/MiniOzoneClusterImpl-1016471a-d40a-48f2-8884-b9093ef4fa4a/datanode-0/data/ratis/6b1f60d4-9584-4e50-a72c-fabcd7376ff4 has been successfully formatted.
2019-09-17 03:27:22,775 [pool-67-thread-1] INFO  ratis.ContainerStateMachine (ContainerStateMachine.java:loadSnapshot(230)) - group-FABCD7376FF4: The snapshot info is null. Setting the last applied indexto:(t:0, i:~)
2019-09-17 03:27:22,775 [pool-27-thread-1] INFO  ratis.ContainerStateMachine (ContainerStateMachine.java:loadSnapshot(230)) - group-FABCD7376FF4: The snapshot info is null. Setting the last applied indexto:(t:0, i:~)
2019-09-17 03:27:22,775 [pool-67-thread-1] INFO  server.RaftServerConfigKeys (ConfUtils.java:logGet(43)) - raft.server.notification.no-leader.timeout = 120s (custom)
2019-09-17 03:27:22,775 [pool-87-thread-1] INFO  ratis.ContainerStateMachine (ContainerStateMachine.java:loadSnapshot(230)) - group-FABCD7376FF4: The snapshot info is null. Setting the last applied indexto:(t:0, i:~)
2019-09-17 03:27:22,775 [pool-67-thread-1] INFO  server.RaftServerConfigKeys (ConfUtils.java:logGet(43)) - raft.server.log.use.memory = false (default)
2019-09-17 03:27:22,775 [pool-27-thread-1] INFO  server.RaftServerConfigKeys (ConfUtils.java:logGet(43)) - raft.server.notification.no-leader.timeout = 120s (custom)
2019-09-17 03:27:22,776 [pool-67-thread-1] INFO  server.RaftServerConfigKeys (ConfUtils.java:logGet(43)) - raft.server.log.purge.gap = 1000000 (custom)
2019-09-17 03:27:22,775 [pool-87-thread-1] INFO  server.RaftServerConfigKeys (ConfUtils.java:logGet(43)) - raft.server.notification.no-leader.timeout = 120s (custom)
2019-09-17 03:27:22,776 [pool-67-thread-1] INFO  server.RaftServerConfigKeys (ConfUtils.java:logGet(43)) - raft.server.log.appender.buffer.byte-limit = 33554432 (custom)
2019-09-17 03:27:22,776 [pool-27-thread-1] INFO  server.RaftServerConfigKeys (ConfUtils.java:logGet(43)) - raft.server.log.use.memory = false (default)
2019-09-17 03:27:22,776 [pool-67-thread-1] INFO  server.RaftServerConfigKeys (ConfUtils.java:logGet(43)) - raft.server.log.segment.size.max = 1048576 (custom)
2019-09-17 03:27:22,776 [pool-87-thread-1] INFO  server.RaftServerConfigKeys (ConfUtils.java:logGet(43)) - raft.server.log.use.memory = false (default)
2019-09-17 03:27:22,776 [pool-67-thread-1] INFO  server.RaftServerConfigKeys (ConfUtils.java:logGet(43)) - raft.server.log.segment.cache.num.max = 2 (custom)
2019-09-17 03:27:22,776 [pool-27-thread-1] INFO  server.RaftServerConfigKeys (ConfUtils.java:logGet(43)) - raft.server.log.purge.gap = 1000000 (custom)
2019-09-17 03:27:22,777 [pool-67-thread-1] INFO  segmented.SegmentedRaftLogWorker (SegmentedRaftLogWorker.java:<init>(172)) - new ae9625dc-248e-414f-955f-fccc978916e7@group-FABCD7376FF4-SegmentedRaftLogWorker for RaftStorage:Storage Directory /workdir/hadoop-ozone/integration-test/target/test-dir/MiniOzoneClusterImpl-1016471a-d40a-48f2-8884-b9093ef4fa4a/datanode-4/data/ratis/6b1f60d4-9584-4e50-a72c-fabcd7376ff4
2019-09-17 03:27:22,776 [pool-87-thread-1] INFO  server.RaftServerConfigKeys (ConfUtils.java:logGet(43)) - raft.server.log.purge.gap = 1000000 (custom)
2019-09-17 03:27:22,777 [pool-67-thread-1] INFO  server.RaftServerConfigKeys (ConfUtils.java:logGet(43)) - raft.server.log.queue.byte-limit = 2147483647 (custom)
2019-09-17 03:27:22,777 [pool-27-thread-1] INFO  server.RaftServerConfigKeys (ConfUtils.java:logGet(43)) - raft.server.log.appender.buffer.byte-limit = 33554432 (custom)
2019-09-17 03:27:22,777 [pool-67-thread-1] INFO  server.RaftServerConfigKeys (ConfUtils.java:logGet(43)) - raft.server.log.queue.element-limit = 1024 (custom)
2019-09-17 03:27:22,777 [pool-87-thread-1] INFO  server.RaftServerConfigKeys (ConfUtils.java:logGet(43)) - raft.server.log.appender.buffer.byte-limit = 33554432 (custom)
2019-09-17 03:27:22,777 [pool-67-thread-1] INFO  server.RaftServerConfigKeys (ConfUtils.java:logGet(43)) - raft.server.log.segment.size.max = 1048576 (custom)
2019-09-17 03:27:22,777 [pool-27-thread-1] INFO  server.RaftServerConfigKeys (ConfUtils.java:logGet(43)) - raft.server.log.segment.size.max = 1048576 (custom)
2019-09-17 03:27:22,778 [pool-67-thread-1] INFO  server.RaftServerConfigKeys (ConfUtils.java:logGet(43)) - raft.server.log.preallocated.size = 16384 (custom)
2019-09-17 03:27:22,778 [pool-87-thread-1] INFO  server.RaftServerConfigKeys (ConfUtils.java:logGet(43)) - raft.server.log.segment.size.max = 1048576 (custom)
2019-09-17 03:27:22,778 [pool-67-thread-1] INFO  server.RaftServerConfigKeys (ConfUtils.java:logGet(43)) - raft.server.log.write.buffer.size = 33554432 (custom)
2019-09-17 03:27:22,778 [pool-27-thread-1] INFO  server.RaftServerConfigKeys (ConfUtils.java:logGet(43)) - raft.server.log.segment.cache.num.max = 2 (custom)
2019-09-17 03:27:22,778 [pool-67-thread-1] INFO  server.RaftServerConfigKeys (ConfUtils.java:logGet(43)) - raft.server.log.force.sync.num = 128 (default)
2019-09-17 03:27:22,778 [pool-87-thread-1] INFO  server.RaftServerConfigKeys (ConfUtils.java:logGet(43)) - raft.server.log.segment.cache.num.max = 2 (custom)
2019-09-17 03:27:22,779 [pool-67-thread-1] INFO  server.RaftServerConfigKeys (ConfUtils.java:logGet(43)) - raft.server.log.statemachine.data.sync = true (default)
2019-09-17 03:27:22,778 [pool-27-thread-1] INFO  segmented.SegmentedRaftLogWorker (SegmentedRaftLogWorker.java:<init>(172)) - new 12c7e022-5f96-4d2f-bd6c-0cb832bfe0bc@group-FABCD7376FF4-SegmentedRaftLogWorker for RaftStorage:Storage Directory /workdir/hadoop-ozone/integration-test/target/test-dir/MiniOzoneClusterImpl-1016471a-d40a-48f2-8884-b9093ef4fa4a/datanode-0/data/ratis/6b1f60d4-9584-4e50-a72c-fabcd7376ff4
2019-09-17 03:27:22,779 [pool-67-thread-1] INFO  server.RaftServerConfigKeys (ConfUtils.java:logGet(43)) - raft.server.log.statemachine.data.sync.timeout = 10s (default)
2019-09-17 03:27:22,779 [pool-87-thread-1] INFO  segmented.SegmentedRaftLogWorker (SegmentedRaftLogWorker.java:<init>(172)) - new 1b957291-fe5b-420e-96dd-cc603eda7741@group-FABCD7376FF4-SegmentedRaftLogWorker for RaftStorage:Storage Directory /workdir/hadoop-ozone/integration-test/target/test-dir/MiniOzoneClusterImpl-1016471a-d40a-48f2-8884-b9093ef4fa4a/datanode-6/data/ratis/6b1f60d4-9584-4e50-a72c-fabcd7376ff4
2019-09-17 03:27:22,779 [pool-67-thread-1] INFO  server.RaftServerConfigKeys (ConfUtils.java:logGet(43)) - raft.server.log.statemachine.data.sync.timeout.retry = -1 (default)
2019-09-17 03:27:22,779 [pool-27-thread-1] INFO  server.RaftServerConfigKeys (ConfUtils.java:logGet(43)) - raft.server.log.queue.byte-limit = 2147483647 (custom)
2019-09-17 03:27:22,779 [pool-67-thread-1] INFO  server.RaftServerConfigKeys (ConfUtils.java:logGet(43)) - raft.server.log.statemachine.data.caching.enabled = true (custom)
2019-09-17 03:27:22,779 [pool-87-thread-1] INFO  server.RaftServerConfigKeys (ConfUtils.java:logGet(43)) - raft.server.log.queue.byte-limit = 2147483647 (custom)
2019-09-17 03:27:22,779 [pool-27-thread-1] INFO  server.RaftServerConfigKeys (ConfUtils.java:logGet(43)) - raft.server.log.queue.element-limit = 1024 (custom)
2019-09-17 03:27:22,780 [pool-87-thread-1] INFO  server.RaftServerConfigKeys (ConfUtils.java:logGet(43)) - raft.server.log.queue.element-limit = 1024 (custom)
2019-09-17 03:27:22,780 [pool-27-thread-1] INFO  server.RaftServerConfigKeys (ConfUtils.java:logGet(43)) - raft.server.log.segment.size.max = 1048576 (custom)
2019-09-17 03:27:22,780 [pool-87-thread-1] INFO  server.RaftServerConfigKeys (ConfUtils.java:logGet(43)) - raft.server.log.segment.size.max = 1048576 (custom)
2019-09-17 03:27:22,780 [pool-27-thread-1] INFO  server.RaftServerConfigKeys (ConfUtils.java:logGet(43)) - raft.server.log.preallocated.size = 16384 (custom)
2019-09-17 03:27:22,780 [pool-87-thread-1] INFO  server.RaftServerConfigKeys (ConfUtils.java:logGet(43)) - raft.server.log.preallocated.size = 16384 (custom)
2019-09-17 03:27:22,780 [pool-27-thread-1] INFO  server.RaftServerConfigKeys (ConfUtils.java:logGet(43)) - raft.server.log.write.buffer.size = 33554432 (custom)
2019-09-17 03:27:22,780 [pool-87-thread-1] INFO  server.RaftServerConfigKeys (ConfUtils.java:logGet(43)) - raft.server.log.write.buffer.size = 33554432 (custom)
2019-09-17 03:27:22,780 [pool-27-thread-1] INFO  server.RaftServerConfigKeys (ConfUtils.java:logGet(43)) - raft.server.log.force.sync.num = 128 (default)
2019-09-17 03:27:22,780 [pool-67-thread-1] INFO  segmented.SegmentedRaftLogWorker (SegmentedRaftLogWorker.java:lambda$new$0(132)) - ae9625dc-248e-414f-955f-fccc978916e7@group-FABCD7376FF4-SegmentedRaftLogWorker: flushIndex: setUnconditionally 0 -> -1
2019-09-17 03:27:22,781 [pool-27-thread-1] INFO  server.RaftServerConfigKeys (ConfUtils.java:logGet(43)) - raft.server.log.statemachine.data.sync = true (default)
2019-09-17 03:27:22,781 [pool-87-thread-1] INFO  server.RaftServerConfigKeys (ConfUtils.java:logGet(43)) - raft.server.log.force.sync.num = 128 (default)
2019-09-17 03:27:22,781 [pool-67-thread-1] INFO  server.RaftServerConfigKeys (ConfUtils.java:logGet(43)) - raft.server.snapshot.auto.trigger.enabled = true (custom)
2019-09-17 03:27:22,781 [pool-27-thread-1] INFO  server.RaftServerConfigKeys (ConfUtils.java:logGet(43)) - raft.server.log.statemachine.data.sync.timeout = 10s (default)
2019-09-17 03:27:22,781 [pool-67-thread-1] INFO  server.RaftServerConfigKeys (ConfUtils.java:logGet(43)) - raft.server.snapshot.auto.trigger.threshold = 10000 (custom)
2019-09-17 03:27:22,781 [pool-87-thread-1] INFO  server.RaftServerConfigKeys (ConfUtils.java:logGet(43)) - raft.server.log.statemachine.data.sync = true (default)
2019-09-17 03:27:22,781 [pool-67-thread-1] INFO  server.RaftServerConfigKeys (ConfUtils.java:logGet(43)) - raft.server.snapshot.retention.num.files = 5 (custom)
2019-09-17 03:27:22,781 [pool-27-thread-1] INFO  server.RaftServerConfigKeys (ConfUtils.java:logGet(43)) - raft.server.log.statemachine.data.sync.timeout.retry = -1 (default)
2019-09-17 03:27:22,782 [pool-67-thread-1] INFO  server.RaftServerConfigKeys (ConfUtils.java:logGet(43)) - raft.server.retrycache.expirytime = 600000ms (custom)
2019-09-17 03:27:22,782 [pool-87-thread-1] INFO  server.RaftServerConfigKeys (ConfUtils.java:logGet(43)) - raft.server.log.statemachine.data.sync.timeout = 10s (default)
2019-09-17 03:27:22,782 [pool-27-thread-1] INFO  server.RaftServerConfigKeys (ConfUtils.java:logGet(43)) - raft.server.log.statemachine.data.caching.enabled = true (custom)
2019-09-17 03:27:22,782 [pool-87-thread-1] INFO  server.RaftServerConfigKeys (ConfUtils.java:logGet(43)) - raft.server.log.statemachine.data.sync.timeout.retry = -1 (default)
2019-09-17 03:27:22,782 [pool-27-thread-1] INFO  segmented.SegmentedRaftLogWorker (SegmentedRaftLogWorker.java:lambda$new$0(132)) - 12c7e022-5f96-4d2f-bd6c-0cb832bfe0bc@group-FABCD7376FF4-SegmentedRaftLogWorker: flushIndex: setUnconditionally 0 -> -1
2019-09-17 03:27:22,782 [pool-87-thread-1] INFO  server.RaftServerConfigKeys (ConfUtils.java:logGet(43)) - raft.server.log.statemachine.data.caching.enabled = true (custom)
2019-09-17 03:27:22,783 [pool-27-thread-1] INFO  server.RaftServerConfigKeys (ConfUtils.java:logGet(43)) - raft.server.snapshot.auto.trigger.enabled = true (custom)
2019-09-17 03:27:22,783 [pool-27-thread-1] INFO  server.RaftServerConfigKeys (ConfUtils.java:logGet(43)) - raft.server.snapshot.auto.trigger.threshold = 10000 (custom)
2019-09-17 03:27:22,783 [pool-87-thread-1] INFO  segmented.SegmentedRaftLogWorker (SegmentedRaftLogWorker.java:lambda$new$0(132)) - 1b957291-fe5b-420e-96dd-cc603eda7741@group-FABCD7376FF4-SegmentedRaftLogWorker: flushIndex: setUnconditionally 0 -> -1
2019-09-17 03:27:22,783 [pool-27-thread-1] INFO  server.RaftServerConfigKeys (ConfUtils.java:logGet(43)) - raft.server.snapshot.retention.num.files = 5 (custom)
2019-09-17 03:27:22,783 [pool-27-thread-1] INFO  server.RaftServerConfigKeys (ConfUtils.java:logGet(43)) - raft.server.retrycache.expirytime = 600000ms (custom)
2019-09-17 03:27:22,783 [pool-87-thread-1] INFO  server.RaftServerConfigKeys (ConfUtils.java:logGet(43)) - raft.server.snapshot.auto.trigger.enabled = true (custom)
2019-09-17 03:27:22,784 [pool-87-thread-1] INFO  server.RaftServerConfigKeys (ConfUtils.java:logGet(43)) - raft.server.snapshot.auto.trigger.threshold = 10000 (custom)
2019-09-17 03:27:22,784 [pool-87-thread-1] INFO  server.RaftServerConfigKeys (ConfUtils.java:logGet(43)) - raft.server.snapshot.retention.num.files = 5 (custom)
2019-09-17 03:27:22,784 [pool-87-thread-1] INFO  server.RaftServerConfigKeys (ConfUtils.java:logGet(43)) - raft.server.retrycache.expirytime = 600000ms (custom)
2019-09-17 03:27:22,784 [pool-67-thread-1] INFO  impl.RaftServerImpl (RaftServerImpl.java:start(185)) - ae9625dc-248e-414f-955f-fccc978916e7@group-FABCD7376FF4: start as a follower, conf=-1: [ae9625dc-248e-414f-955f-fccc978916e7:192.168.151.92:37052, 12c7e022-5f96-4d2f-bd6c-0cb832bfe0bc:192.168.151.92:41586, 1b957291-fe5b-420e-96dd-cc603eda7741:192.168.151.92:44243], old=null
2019-09-17 03:27:22,785 [pool-67-thread-1] INFO  impl.RaftServerImpl (RaftServerImpl.java:setRole(174)) - ae9625dc-248e-414f-955f-fccc978916e7@group-FABCD7376FF4: changes role from      null to FOLLOWER at term 0 for startAsFollower
2019-09-17 03:27:22,785 [pool-67-thread-1] INFO  impl.RoleInfo (RoleInfo.java:updateAndGet(143)) - ae9625dc-248e-414f-955f-fccc978916e7: start FollowerState
2019-09-17 03:27:22,802 [pool-67-thread-1] INFO  util.JmxRegister (JmxRegister.java:tryRegister(44)) - Successfully registered JMX Bean with object name Ratis:service=RaftServer,group=group-FABCD7376FF4,id=ae9625dc-248e-414f-955f-fccc978916e7
2019-09-17 03:27:22,812 [pool-27-thread-1] INFO  impl.RaftServerImpl (RaftServerImpl.java:start(185)) - 12c7e022-5f96-4d2f-bd6c-0cb832bfe0bc@group-FABCD7376FF4: start as a follower, conf=-1: [ae9625dc-248e-414f-955f-fccc978916e7:192.168.151.92:37052, 12c7e022-5f96-4d2f-bd6c-0cb832bfe0bc:192.168.151.92:41586, 1b957291-fe5b-420e-96dd-cc603eda7741:192.168.151.92:44243], old=null
2019-09-17 03:27:22,812 [pool-27-thread-1] INFO  impl.RaftServerImpl (RaftServerImpl.java:setRole(174)) - 12c7e022-5f96-4d2f-bd6c-0cb832bfe0bc@group-FABCD7376FF4: changes role from      null to FOLLOWER at term 0 for startAsFollower
2019-09-17 03:27:22,812 [pool-27-thread-1] INFO  impl.RoleInfo (RoleInfo.java:updateAndGet(143)) - 12c7e022-5f96-4d2f-bd6c-0cb832bfe0bc: start FollowerState
2019-09-17 03:27:22,813 [pool-27-thread-1] INFO  util.JmxRegister (JmxRegister.java:tryRegister(44)) - Successfully registered JMX Bean with object name Ratis:service=RaftServer,group=group-FABCD7376FF4,id=12c7e022-5f96-4d2f-bd6c-0cb832bfe0bc
2019-09-17 03:27:22,813 [pool-87-thread-1] INFO  impl.RaftServerImpl (RaftServerImpl.java:start(185)) - 1b957291-fe5b-420e-96dd-cc603eda7741@group-FABCD7376FF4: start as a follower, conf=-1: [ae9625dc-248e-414f-955f-fccc978916e7:192.168.151.92:37052, 12c7e022-5f96-4d2f-bd6c-0cb832bfe0bc:192.168.151.92:41586, 1b957291-fe5b-420e-96dd-cc603eda7741:192.168.151.92:44243], old=null
2019-09-17 03:27:22,813 [pool-87-thread-1] INFO  impl.RaftServerImpl (RaftServerImpl.java:setRole(174)) - 1b957291-fe5b-420e-96dd-cc603eda7741@group-FABCD7376FF4: changes role from      null to FOLLOWER at term 0 for startAsFollower
2019-09-17 03:27:22,814 [pool-87-thread-1] INFO  impl.RoleInfo (RoleInfo.java:updateAndGet(143)) - 1b957291-fe5b-420e-96dd-cc603eda7741: start FollowerState
2019-09-17 03:27:22,814 [pool-87-thread-1] INFO  util.JmxRegister (JmxRegister.java:tryRegister(44)) - Successfully registered JMX Bean with object name Ratis:service=RaftServer,group=group-FABCD7376FF4,id=1b957291-fe5b-420e-96dd-cc603eda7741
2019-09-17 03:27:22,816 [RatisPipelineUtilsThread] INFO  pipeline.PipelineStateManager (PipelineStateManager.java:addPipeline(56)) - Created pipeline Pipeline[ Id: 6b1f60d4-9584-4e50-a72c-fabcd7376ff4, Nodes: ae9625dc-248e-414f-955f-fccc978916e7{ip: 192.168.151.92, host: pr-hdds-2139-j8dx6-1450124282, networkLocation: /default-rack, certSerialId: null}1b957291-fe5b-420e-96dd-cc603eda7741{ip: 192.168.151.92, host: pr-hdds-2139-j8dx6-1450124282, networkLocation: /default-rack, certSerialId: null}12c7e022-5f96-4d2f-bd6c-0cb832bfe0bc{ip: 192.168.151.92, host: pr-hdds-2139-j8dx6-1450124282, networkLocation: /default-rack, certSerialId: null}, Type:RATIS, Factor:THREE, State:OPEN]
2019-09-17 03:27:22,854 [grpc-default-executor-6] INFO  client.GrpcClientProtocolClient (GrpcClientProtocolClient.java:onNext(264)) - client-CE61FE651552->f255fb19-c941-42ad-8caf-606d85b027b3: receive RaftClientReply:client-CE61FE651552->f255fb19-c941-42ad-8caf-606d85b027b3@group-635631644DC9, cid=239, SUCCESS, logIndex=12, commits[f255fb19-c941-42ad-8caf-606d85b027b3:c12, fb5c35a7-52ed-48ed-856a-22aafd4627bf:c11, 2a454ec2-3cfa-49cf-9003-841835eb2002:c11]
2019-09-17 03:27:22,885 [grpc-default-executor-6] INFO  client.GrpcClientProtocolClient (GrpcClientProtocolClient.java:onNext(264)) - client-CE61FE651552->f255fb19-c941-42ad-8caf-606d85b027b3: receive RaftClientReply:client-CE61FE651552->f255fb19-c941-42ad-8caf-606d85b027b3@group-635631644DC9, cid=240, SUCCESS, logIndex=14, commits[f255fb19-c941-42ad-8caf-606d85b027b3:c15, fb5c35a7-52ed-48ed-856a-22aafd4627bf:c13, 2a454ec2-3cfa-49cf-9003-841835eb2002:c12]
2019-09-17 03:27:22,933 [grpc-default-executor-4] INFO  client.GrpcClientProtocolClient (GrpcClientProtocolClient.java:onNext(264)) - client-CE61FE651552->f255fb19-c941-42ad-8caf-606d85b027b3: receive RaftClientReply:client-CE61FE651552->f255fb19-c941-42ad-8caf-606d85b027b3@group-635631644DC9, cid=241, SUCCESS, logIndex=15, commits[f255fb19-c941-42ad-8caf-606d85b027b3:c23, fb5c35a7-52ed-48ed-856a-22aafd4627bf:c18, 2a454ec2-3cfa-49cf-9003-841835eb2002:c18]
2019-09-17 03:27:22,936 [grpc-default-executor-4] INFO  client.GrpcClientProtocolClient (GrpcClientProtocolClient.java:onNext(264)) - client-CE61FE651552->f255fb19-c941-42ad-8caf-606d85b027b3: receive RaftClientReply:client-CE61FE651552->f255fb19-c941-42ad-8caf-606d85b027b3@group-635631644DC9, cid=242, SUCCESS, logIndex=16, commits[f255fb19-c941-42ad-8caf-606d85b027b3:c23, fb5c35a7-52ed-48ed-856a-22aafd4627bf:c18, 2a454ec2-3cfa-49cf-9003-841835eb2002:c18]
2019-09-17 03:27:22,936 [grpc-default-executor-4] INFO  client.GrpcClientProtocolClient (GrpcClientProtocolClient.java:onNext(264)) - client-CE61FE651552->f255fb19-c941-42ad-8caf-606d85b027b3: receive RaftClientReply:client-CE61FE651552->f255fb19-c941-42ad-8caf-606d85b027b3@group-635631644DC9, cid=243, SUCCESS, logIndex=17, commits[f255fb19-c941-42ad-8caf-606d85b027b3:c23, fb5c35a7-52ed-48ed-856a-22aafd4627bf:c18, 2a454ec2-3cfa-49cf-9003-841835eb2002:c18]
2019-09-17 03:27:23,000 [grpc-default-executor-4] INFO  client.GrpcClientProtocolClient (GrpcClientProtocolClient.java:onNext(264)) - client-CE61FE651552->f255fb19-c941-42ad-8caf-606d85b027b3: receive RaftClientReply:client-CE61FE651552->f255fb19-c941-42ad-8caf-606d85b027b3@group-635631644DC9, cid=244, SUCCESS, logIndex=18, commits[f255fb19-c941-42ad-8caf-606d85b027b3:c23, fb5c35a7-52ed-48ed-856a-22aafd4627bf:c18, 2a454ec2-3cfa-49cf-9003-841835eb2002:c18]
]]></system-out>
  </testcase>
</testsuite>