<?xml version="1.0" encoding="UTF-8"?>
<testsuite xmlns:xsi="http://www.w3.org/2001/XMLSchema-instance" xsi:noNamespaceSchemaLocation="https://maven.apache.org/surefire/maven-surefire-plugin/xsd/surefire-test-report.xsd" name="org.apache.hadoop.ozone.client.rpc.TestContainerReplicationEndToEnd" time="26.629" tests="1" errors="1" skipped="0" failures="0">
  <properties>
    <property name="awt.toolkit" value="sun.awt.X11.XToolkit"/>
    <property name="file.encoding.pkg" value="sun.io"/>
    <property name="java.specification.version" value="1.8"/>
    <property name="sun.cpu.isalist" value=""/>
    <property name="sun.jnu.encoding" value="UTF-8"/>
    <property name="java.class.path" value="/workdir/hadoop-ozone/integration-test/target/test-classes:/workdir/hadoop-ozone/integration-test/target/classes:/home/user/.m2/repository/org/apache/hadoop/hadoop-ozone-common/0.5.0-SNAPSHOT/hadoop-ozone-common-0.5.0-SNAPSHOT.jar:/home/user/.m2/repository/org/apache/commons/commons-compress/1.4.1/commons-compress-1.4.1.jar:/home/user/.m2/repository/org/tukaani/xz/1.0/xz-1.0.jar:/home/user/.m2/repository/org/apache/hadoop/hadoop-common/3.2.0/hadoop-common-3.2.0.jar:/home/user/.m2/repository/org/apache/hadoop/hadoop-hdfs/3.2.0/hadoop-hdfs-3.2.0.jar:/home/user/.m2/repository/org/apache/hadoop/hadoop-hdfs-client/3.2.0/hadoop-hdfs-client-3.2.0.jar:/home/user/.m2/repository/com/fasterxml/jackson/core/jackson-annotations/2.9.9/jackson-annotations-2.9.9.jar:/home/user/.m2/repository/org/apache/hadoop/hadoop-hdds-common/0.5.0-SNAPSHOT/hadoop-hdds-common-0.5.0-SNAPSHOT.jar:/home/user/.m2/repository/javax/annotation/javax.annotation-api/1.2/javax.annotation-api-1.2.jar:/home/user/.m2/repository/org/apache/ratis/ratis-server/0.4.0-78e95b9-SNAPSHOT/ratis-server-0.4.0-78e95b9-SNAPSHOT.jar:/home/user/.m2/repository/org/apache/ratis/ratis-thirdparty-misc/0.2.0/ratis-thirdparty-misc-0.2.0.jar:/home/user/.m2/repository/org/apache/ratis/ratis-proto/0.4.0-78e95b9-SNAPSHOT/ratis-proto-0.4.0-78e95b9-SNAPSHOT.jar:/home/user/.m2/repository/org/apache/ratis/ratis-common/0.4.0-78e95b9-SNAPSHOT/ratis-common-0.4.0-78e95b9-SNAPSHOT.jar:/home/user/.m2/repository/org/apache/ratis/ratis-client/0.4.0-78e95b9-SNAPSHOT/ratis-client-0.4.0-78e95b9-SNAPSHOT.jar:/home/user/.m2/repository/org/apache/ratis/ratis-metrics/0.4.0-78e95b9-SNAPSHOT/ratis-metrics-0.4.0-78e95b9-SNAPSHOT.jar:/home/user/.m2/repository/com/github/joshelser/dropwizard-metrics-hadoop-metrics2-reporter/0.1.2/dropwizard-metrics-hadoop-metrics2-reporter-0.1.2.jar:/home/user/.m2/repository/io/dropwizard/metrics/metrics-jvm/3.2.5/metrics-jvm-3.2.5.jar:/home/user/.m2/repository/io/dropwizard/metrics/metrics-ganglia/3.2.5/metrics-ganglia-3.2.5.jar:/home/user/.m2/repository/info/ganglia/gmetric4j/gmetric4j/1.0.7/gmetric4j-1.0.7.jar:/home/user/.m2/repository/org/apache/ratis/ratis-netty/0.4.0-78e95b9-SNAPSHOT/ratis-netty-0.4.0-78e95b9-SNAPSHOT.jar:/home/user/.m2/repository/org/apache/ratis/ratis-grpc/0.4.0-78e95b9-SNAPSHOT/ratis-grpc-0.4.0-78e95b9-SNAPSHOT.jar:/home/user/.m2/repository/org/rocksdb/rocksdbjni/6.0.1/rocksdbjni-6.0.1.jar:/home/user/.m2/repository/org/apache/logging/log4j/log4j-api/2.11.0/log4j-api-2.11.0.jar:/home/user/.m2/repository/org/apache/logging/log4j/log4j-core/2.11.0/log4j-core-2.11.0.jar:/home/user/.m2/repository/com/lmax/disruptor/3.4.2/disruptor-3.4.2.jar:/home/user/.m2/repository/org/apache/commons/commons-pool2/2.6.0/commons-pool2-2.6.0.jar:/home/user/.m2/repository/org/bouncycastle/bcpkix-jdk15on/1.60/bcpkix-jdk15on-1.60.jar:/home/user/.m2/repository/commons-validator/commons-validator/1.6/commons-validator-1.6.jar:/home/user/.m2/repository/commons-digester/commons-digester/1.8.1/commons-digester-1.8.1.jar:/home/user/.m2/repository/io/jaegertracing/jaeger-client/0.33.1/jaeger-client-0.33.1.jar:/home/user/.m2/repository/io/jaegertracing/jaeger-thrift/0.33.1/jaeger-thrift-0.33.1.jar:/home/user/.m2/repository/org/apache/thrift/libthrift/0.11.0/libthrift-0.11.0.jar:/home/user/.m2/repository/com/squareup/okhttp3/okhttp/3.9.0/okhttp-3.9.0.jar:/home/user/.m2/repository/com/squareup/okio/okio/1.13.0/okio-1.13.0.jar:/home/user/.m2/repository/io/jaegertracing/jaeger-core/0.33.1/jaeger-core-0.33.1.jar:/home/user/.m2/repository/io/jaegertracing/jaeger-tracerresolver/0.33.1/jaeger-tracerresolver-0.33.1.jar:/home/user/.m2/repository/io/opentracing/contrib/opentracing-tracerresolver/0.1.5/opentracing-tracerresolver-0.1.5.jar:/home/user/.m2/repository/io/opentracing/opentracing-util/0.31.0/opentracing-util-0.31.0.jar:/home/user/.m2/repository/io/opentracing/opentracing-api/0.31.0/opentracing-api-0.31.0.jar:/home/user/.m2/repository/io/opentracing/opentracing-noop/0.31.0/opentracing-noop-0.31.0.jar:/home/user/.m2/repository/org/apache/hadoop/hadoop-hdds-server-framework/0.5.0-SNAPSHOT/hadoop-hdds-server-framework-0.5.0-SNAPSHOT.jar:/home/user/.m2/repository/org/apache/hadoop/hadoop-hdds-container-service/0.5.0-SNAPSHOT/hadoop-hdds-container-service-0.5.0-SNAPSHOT.jar:/home/user/.m2/repository/org/apache/hadoop/hadoop-hdds-client/0.5.0-SNAPSHOT/hadoop-hdds-client-0.5.0-SNAPSHOT.jar:/home/user/.m2/repository/org/apache/hadoop/hadoop-hdds-tools/0.5.0-SNAPSHOT/hadoop-hdds-tools-0.5.0-SNAPSHOT.jar:/home/user/.m2/repository/org/apache/hadoop/hadoop-hdds-server-scm/0.5.0-SNAPSHOT/hadoop-hdds-server-scm-0.5.0-SNAPSHOT.jar:/home/user/.m2/repository/org/apache/hadoop/hadoop-hdds-docs/0.5.0-SNAPSHOT/hadoop-hdds-docs-0.5.0-SNAPSHOT.jar:/home/user/.m2/repository/io/dropwizard/metrics/metrics-core/3.2.4/metrics-core-3.2.4.jar:/home/user/.m2/repository/org/hamcrest/hamcrest-all/1.3/hamcrest-all-1.3.jar:/home/user/.m2/repository/org/bouncycastle/bcprov-jdk15on/1.60/bcprov-jdk15on-1.60.jar:/home/user/.m2/repository/info/picocli/picocli/3.9.6/picocli-3.9.6.jar:/home/user/.m2/repository/com/google/protobuf/protobuf-java/2.5.0/protobuf-java-2.5.0.jar:/home/user/.m2/repository/com/google/guava/guava/11.0.2/guava-11.0.2.jar:/home/user/.m2/repository/org/apache/hadoop/hadoop-ozone-ozone-manager/0.5.0-SNAPSHOT/hadoop-ozone-ozone-manager-0.5.0-SNAPSHOT.jar:/home/user/.m2/repository/org/apache/hadoop/hadoop-minikdc/3.2.0/hadoop-minikdc-3.2.0.jar:/home/user/.m2/repository/commons-io/commons-io/2.5/commons-io-2.5.jar:/home/user/.m2/repository/org/apache/kerby/kerb-simplekdc/1.0.1/kerb-simplekdc-1.0.1.jar:/home/user/.m2/repository/org/apache/kerby/kerb-client/1.0.1/kerb-client-1.0.1.jar:/home/user/.m2/repository/org/apache/kerby/kerby-config/1.0.1/kerby-config-1.0.1.jar:/home/user/.m2/repository/org/apache/kerby/kerb-core/1.0.1/kerb-core-1.0.1.jar:/home/user/.m2/repository/org/apache/kerby/kerby-pkix/1.0.1/kerby-pkix-1.0.1.jar:/home/user/.m2/repository/org/apache/kerby/kerby-asn1/1.0.1/kerby-asn1-1.0.1.jar:/home/user/.m2/repository/org/apache/kerby/kerby-util/1.0.1/kerby-util-1.0.1.jar:/home/user/.m2/repository/org/apache/kerby/kerb-common/1.0.1/kerb-common-1.0.1.jar:/home/user/.m2/repository/org/apache/kerby/kerb-crypto/1.0.1/kerb-crypto-1.0.1.jar:/home/user/.m2/repository/org/apache/kerby/kerb-util/1.0.1/kerb-util-1.0.1.jar:/home/user/.m2/repository/org/apache/kerby/token-provider/1.0.1/token-provider-1.0.1.jar:/home/user/.m2/repository/org/apache/kerby/kerb-admin/1.0.1/kerb-admin-1.0.1.jar:/home/user/.m2/repository/org/apache/kerby/kerb-server/1.0.1/kerb-server-1.0.1.jar:/home/user/.m2/repository/org/apache/kerby/kerb-identity/1.0.1/kerb-identity-1.0.1.jar:/home/user/.m2/repository/org/apache/kerby/kerby-xdr/1.0.1/kerby-xdr-1.0.1.jar:/home/user/.m2/repository/org/slf4j/slf4j-log4j12/1.7.25/slf4j-log4j12-1.7.25.jar:/home/user/.m2/repository/org/apache/hadoop/hadoop-ozone-s3gateway/0.5.0-SNAPSHOT/hadoop-ozone-s3gateway-0.5.0-SNAPSHOT.jar:/home/user/.m2/repository/org/jboss/weld/servlet/weld-servlet/2.4.7.Final/weld-servlet-2.4.7.Final.jar:/home/user/.m2/repository/org/glassfish/jersey/containers/jersey-container-servlet-core/2.27/jersey-container-servlet-core-2.27.jar:/home/user/.m2/repository/org/glassfish/hk2/external/javax.inject/2.5.0-b42/javax.inject-2.5.0-b42.jar:/home/user/.m2/repository/org/glassfish/jersey/core/jersey-common/2.27/jersey-common-2.27.jar:/home/user/.m2/repository/org/glassfish/hk2/osgi-resource-locator/1.0.1/osgi-resource-locator-1.0.1.jar:/home/user/.m2/repository/javax/ws/rs/javax.ws.rs-api/2.1/javax.ws.rs-api-2.1.jar:/home/user/.m2/repository/org/glassfish/jersey/ext/cdi/jersey-cdi1x/2.27/jersey-cdi1x-2.27.jar:/home/user/.m2/repository/org/glassfish/jersey/inject/jersey-hk2/2.27/jersey-hk2-2.27.jar:/home/user/.m2/repository/org/glassfish/hk2/hk2-locator/2.5.0-b42/hk2-locator-2.5.0-b42.jar:/home/user/.m2/repository/org/javassist/javassist/3.22.0-CR2/javassist-3.22.0-CR2.jar:/home/user/.m2/repository/org/glassfish/hk2/hk2-api/2.5.0/hk2-api-2.5.0.jar:/home/user/.m2/repository/org/glassfish/hk2/external/jakarta.inject/2.5.0/jakarta.inject-2.5.0.jar:/home/user/.m2/repository/org/glassfish/hk2/hk2-utils/2.5.0/hk2-utils-2.5.0.jar:/home/user/.m2/repository/jakarta/annotation/jakarta.annotation-api/1.3.4/jakarta.annotation-api-1.3.4.jar:/home/user/.m2/repository/org/glassfish/hk2/external/aopalliance-repackaged/2.5.0/aopalliance-repackaged-2.5.0.jar:/home/user/.m2/repository/com/fasterxml/jackson/dataformat/jackson-dataformat-xml/2.9.0/jackson-dataformat-xml-2.9.0.jar:/home/user/.m2/repository/com/fasterxml/jackson/core/jackson-core/2.9.9/jackson-core-2.9.9.jar:/home/user/.m2/repository/com/fasterxml/jackson/module/jackson-module-jaxb-annotations/2.9.9/jackson-module-jaxb-annotations-2.9.9.jar:/home/user/.m2/repository/javax/enterprise/cdi-api/1.2/cdi-api-1.2.jar:/home/user/.m2/repository/javax/el/javax.el-api/3.0.0/javax.el-api-3.0.0.jar:/home/user/.m2/repository/javax/interceptor/javax.interceptor-api/1.2/javax.interceptor-api-1.2.jar:/home/user/.m2/repository/javax/inject/javax.inject/1/javax.inject-1.jar:/home/user/.m2/repository/com/sun/xml/bind/jaxb-impl/2.3.0.1/jaxb-impl-2.3.0.1.jar:/home/user/.m2/repository/com/sun/xml/bind/jaxb-core/2.3.0.1/jaxb-core-2.3.0.1.jar:/home/user/.m2/repository/javax/xml/bind/jaxb-api/2.3.0/jaxb-api-2.3.0.jar:/home/user/.m2/repository/javax/activation/activation/1.1.1/activation-1.1.1.jar:/home/user/.m2/repository/org/apache/hadoop/hadoop-ozone-csi/0.5.0-SNAPSHOT/hadoop-ozone-csi-0.5.0-SNAPSHOT.jar:/home/user/.m2/repository/com/google/protobuf/protobuf-java-util/3.5.1/protobuf-java-util-3.5.1.jar:/home/user/.m2/repository/org/apache/hadoop/hadoop-hdds-config/0.5.0-SNAPSHOT/hadoop-hdds-config-0.5.0-SNAPSHOT.jar:/home/user/.m2/repository/io/grpc/grpc-netty/1.17.1/grpc-netty-1.17.1.jar:/home/user/.m2/repository/io/grpc/grpc-core/1.17.1/grpc-core-1.17.1.jar:/home/user/.m2/repository/io/grpc/grpc-context/1.17.1/grpc-context-1.17.1.jar:/home/user/.m2/repository/com/google/errorprone/error_prone_annotations/2.2.0/error_prone_annotations-2.2.0.jar:/home/user/.m2/repository/org/codehaus/mojo/animal-sniffer-annotations/1.17/animal-sniffer-annotations-1.17.jar:/home/user/.m2/repository/io/opencensus/opencensus-api/0.17.0/opencensus-api-0.17.0.jar:/home/user/.m2/repository/io/opencensus/opencensus-contrib-grpc-metrics/0.17.0/opencensus-contrib-grpc-metrics-0.17.0.jar:/home/user/.m2/repository/io/netty/netty-codec-http2/4.1.30.Final/netty-codec-http2-4.1.30.Final.jar:/home/user/.m2/repository/io/netty/netty-codec-http/4.1.30.Final/netty-codec-http-4.1.30.Final.jar:/home/user/.m2/repository/io/netty/netty-codec/4.1.30.Final/netty-codec-4.1.30.Final.jar:/home/user/.m2/repository/io/netty/netty-handler/4.1.30.Final/netty-handler-4.1.30.Final.jar:/home/user/.m2/repository/io/netty/netty-handler-proxy/4.1.30.Final/netty-handler-proxy-4.1.30.Final.jar:/home/user/.m2/repository/io/netty/netty-codec-socks/4.1.30.Final/netty-codec-socks-4.1.30.Final.jar:/home/user/.m2/repository/io/netty/netty-transport-native-epoll/4.1.30.Final/netty-transport-native-epoll-4.1.30.Final.jar:/home/user/.m2/repository/io/netty/netty-common/4.1.30.Final/netty-common-4.1.30.Final.jar:/home/user/.m2/repository/io/netty/netty-buffer/4.1.30.Final/netty-buffer-4.1.30.Final.jar:/home/user/.m2/repository/io/netty/netty-transport/4.1.30.Final/netty-transport-4.1.30.Final.jar:/home/user/.m2/repository/io/netty/netty-resolver/4.1.30.Final/netty-resolver-4.1.30.Final.jar:/home/user/.m2/repository/io/netty/netty-transport-native-unix-common/4.1.30.Final/netty-transport-native-unix-common-4.1.30.Final.jar:/home/user/.m2/repository/io/grpc/grpc-protobuf/1.17.1/grpc-protobuf-1.17.1.jar:/home/user/.m2/repository/com/google/api/grpc/proto-google-common-protos/1.0.0/proto-google-common-protos-1.0.0.jar:/home/user/.m2/repository/io/grpc/grpc-protobuf-lite/1.17.1/grpc-protobuf-lite-1.17.1.jar:/home/user/.m2/repository/io/grpc/grpc-stub/1.17.1/grpc-stub-1.17.1.jar:/home/user/.m2/repository/org/apache/hadoop/hadoop-ozone-recon/0.5.0-SNAPSHOT/hadoop-ozone-recon-0.5.0-SNAPSHOT.jar:/home/user/.m2/repository/org/apache/hadoop/hadoop-ozone-reconcodegen/0.5.0-SNAPSHOT/hadoop-ozone-reconcodegen-0.5.0-SNAPSHOT.jar:/home/user/.m2/repository/com/google/inject/extensions/guice-multibindings/4.0/guice-multibindings-4.0.jar:/home/user/.m2/repository/com/google/inject/guice/4.0/guice-4.0.jar:/home/user/.m2/repository/aopalliance/aopalliance/1.0/aopalliance-1.0.jar:/home/user/.m2/repository/com/google/inject/extensions/guice-servlet/4.0/guice-servlet-4.0.jar:/home/user/.m2/repository/org/glassfish/jersey/containers/jersey-container-servlet/2.27/jersey-container-servlet-2.27.jar:/home/user/.m2/repository/org/glassfish/hk2/guice-bridge/2.5.0/guice-bridge-2.5.0.jar:/home/user/.m2/repository/org/glassfish/jersey/core/jersey-server/2.27/jersey-server-2.27.jar:/home/user/.m2/repository/org/glassfish/jersey/core/jersey-client/2.27/jersey-client-2.27.jar:/home/user/.m2/repository/org/glassfish/jersey/media/jersey-media-jaxb/2.27/jersey-media-jaxb-2.27.jar:/home/user/.m2/repository/javax/validation/validation-api/1.1.0.Final/validation-api-1.1.0.Final.jar:/home/user/.m2/repository/org/glassfish/jersey/media/jersey-media-json-jackson/2.27/jersey-media-json-jackson-2.27.jar:/home/user/.m2/repository/org/glassfish/jersey/ext/jersey-entity-filtering/2.27/jersey-entity-filtering-2.27.jar:/home/user/.m2/repository/com/google/inject/extensions/guice-assistedinject/4.0/guice-assistedinject-4.0.jar:/home/user/.m2/repository/org/jooq/jooq/3.11.10/jooq-3.11.10.jar:/home/user/.m2/repository/org/jooq/jooq-meta/3.11.10/jooq-meta-3.11.10.jar:/home/user/.m2/repository/org/jooq/jooq-codegen/3.11.10/jooq-codegen-3.11.10.jar:/home/user/.m2/repository/com/jolbox/bonecp/0.8.0.RELEASE/bonecp-0.8.0.RELEASE.jar:/home/user/.m2/repository/org/xerial/sqlite-jdbc/3.25.2/sqlite-jdbc-3.25.2.jar:/home/user/.m2/repository/org/springframework/spring-jdbc/5.1.3.RELEASE/spring-jdbc-5.1.3.RELEASE.jar:/home/user/.m2/repository/org/springframework/spring-beans/5.1.3.RELEASE/spring-beans-5.1.3.RELEASE.jar:/home/user/.m2/repository/org/springframework/spring-core/5.1.3.RELEASE/spring-core-5.1.3.RELEASE.jar:/home/user/.m2/repository/org/springframework/spring-jcl/5.1.3.RELEASE/spring-jcl-5.1.3.RELEASE.jar:/home/user/.m2/repository/org/springframework/spring-tx/5.1.3.RELEASE/spring-tx-5.1.3.RELEASE.jar:/home/user/.m2/repository/org/apache/hadoop/hadoop-ozone-client/0.5.0-SNAPSHOT/hadoop-ozone-client-0.5.0-SNAPSHOT.jar:/home/user/.m2/repository/commons-lang/commons-lang/2.6/commons-lang-2.6.jar:/home/user/.m2/repository/org/apache/hadoop/hadoop-ozone-ozone-manager/0.5.0-SNAPSHOT/hadoop-ozone-ozone-manager-0.5.0-SNAPSHOT-tests.jar:/home/user/.m2/repository/junit/junit/4.11/junit-4.11.jar:/home/user/.m2/repository/org/hamcrest/hamcrest-core/1.3/hamcrest-core-1.3.jar:/home/user/.m2/repository/org/openjdk/jmh/jmh-core/1.19/jmh-core-1.19.jar:/home/user/.m2/repository/net/sf/jopt-simple/jopt-simple/4.6/jopt-simple-4.6.jar:/home/user/.m2/repository/org/apache/commons/commons-math3/3.1.1/commons-math3-3.1.1.jar:/home/user/.m2/repository/org/openjdk/jmh/jmh-generator-annprocess/1.19/jmh-generator-annprocess-1.19.jar:/home/user/.m2/repository/org/mockito/mockito-all/1.8.5/mockito-all-1.8.5.jar:/home/user/.m2/repository/org/apache/hadoop/hadoop-kms/3.2.0/hadoop-kms-3.2.0.jar:/home/user/.m2/repository/org/apache/hadoop/hadoop-auth/3.2.0/hadoop-auth-3.2.0.jar:/home/user/.m2/repository/com/nimbusds/nimbus-jose-jwt/4.41.1/nimbus-jose-jwt-4.41.1.jar:/home/user/.m2/repository/com/github/stephenc/jcip/jcip-annotations/1.0-1/jcip-annotations-1.0-1.jar:/home/user/.m2/repository/net/minidev/json-smart/2.3/json-smart-2.3.jar:/home/user/.m2/repository/net/minidev/accessors-smart/1.2/accessors-smart-1.2.jar:/home/user/.m2/repository/org/ow2/asm/asm/5.0.4/asm-5.0.4.jar:/home/user/.m2/repository/org/apache/curator/curator-framework/2.12.0/curator-framework-2.12.0.jar:/home/user/.m2/repository/com/sun/jersey/jersey-core/1.19/jersey-core-1.19.jar:/home/user/.m2/repository/javax/ws/rs/jsr311-api/1.1.1/jsr311-api-1.1.1.jar:/home/user/.m2/repository/com/sun/jersey/jersey-server/1.19/jersey-server-1.19.jar:/home/user/.m2/repository/javax/servlet/javax.servlet-api/3.1.0/javax.servlet-api-3.1.0.jar:/home/user/.m2/repository/org/eclipse/jetty/jetty-server/9.3.24.v20180605/jetty-server-9.3.24.v20180605.jar:/home/user/.m2/repository/org/eclipse/jetty/jetty-http/9.3.24.v20180605/jetty-http-9.3.24.v20180605.jar:/home/user/.m2/repository/org/eclipse/jetty/jetty-io/9.3.24.v20180605/jetty-io-9.3.24.v20180605.jar:/home/user/.m2/repository/org/eclipse/jetty/jetty-webapp/9.3.24.v20180605/jetty-webapp-9.3.24.v20180605.jar:/home/user/.m2/repository/org/eclipse/jetty/jetty-xml/9.3.24.v20180605/jetty-xml-9.3.24.v20180605.jar:/home/user/.m2/repository/log4j/log4j/1.2.17/log4j-1.2.17.jar:/home/user/.m2/repository/org/slf4j/slf4j-api/1.7.25/slf4j-api-1.7.25.jar:/home/user/.m2/repository/org/slf4j/jul-to-slf4j/1.7.25/jul-to-slf4j-1.7.25.jar:/home/user/.m2/repository/org/eclipse/jetty/jetty-util/9.3.24.v20180605/jetty-util-9.3.24.v20180605.jar:/home/user/.m2/repository/com/fasterxml/jackson/core/jackson-databind/2.9.9/jackson-databind-2.9.9.jar:/home/user/.m2/repository/org/apache/hadoop/hadoop-kms/3.2.0/hadoop-kms-3.2.0-tests.jar:/home/user/.m2/repository/org/apache/hadoop/hadoop-hdds-server-scm/0.5.0-SNAPSHOT/hadoop-hdds-server-scm-0.5.0-SNAPSHOT-tests.jar:/home/user/.m2/repository/org/apache/hadoop/hadoop-hdds-container-service/0.5.0-SNAPSHOT/hadoop-hdds-container-service-0.5.0-SNAPSHOT-tests.jar:/home/user/.m2/repository/org/yaml/snakeyaml/1.16/snakeyaml-1.16.jar:/home/user/.m2/repository/org/apache/hadoop/hadoop-common/3.2.0/hadoop-common-3.2.0-tests.jar:/home/user/.m2/repository/org/apache/hadoop/hadoop-annotations/3.2.0/hadoop-annotations-3.2.0.jar:/usr/lib/jvm/java-1.8-openjdk/jre/../lib/tools.jar:/home/user/.m2/repository/commons-cli/commons-cli/1.2/commons-cli-1.2.jar:/home/user/.m2/repository/org/apache/httpcomponents/httpclient/4.5.2/httpclient-4.5.2.jar:/home/user/.m2/repository/org/apache/httpcomponents/httpcore/4.4.4/httpcore-4.4.4.jar:/home/user/.m2/repository/commons-codec/commons-codec/1.11/commons-codec-1.11.jar:/home/user/.m2/repository/commons-net/commons-net/3.6/commons-net-3.6.jar:/home/user/.m2/repository/commons-collections/commons-collections/3.2.2/commons-collections-3.2.2.jar:/home/user/.m2/repository/org/eclipse/jetty/jetty-servlet/9.3.24.v20180605/jetty-servlet-9.3.24.v20180605.jar:/home/user/.m2/repository/org/eclipse/jetty/jetty-security/9.3.24.v20180605/jetty-security-9.3.24.v20180605.jar:/home/user/.m2/repository/javax/servlet/jsp/jsp-api/2.1/jsp-api-2.1.jar:/home/user/.m2/repository/com/sun/jersey/jersey-servlet/1.19/jersey-servlet-1.19.jar:/home/user/.m2/repository/com/sun/jersey/jersey-json/1.19/jersey-json-1.19.jar:/home/user/.m2/repository/org/codehaus/jettison/jettison/1.1/jettison-1.1.jar:/home/user/.m2/repository/org/codehaus/jackson/jackson-core-asl/1.9.13/jackson-core-asl-1.9.13.jar:/home/user/.m2/repository/org/codehaus/jackson/jackson-mapper-asl/1.9.13/jackson-mapper-asl-1.9.13.jar:/home/user/.m2/repository/org/codehaus/jackson/jackson-jaxrs/1.9.13/jackson-jaxrs-1.9.13.jar:/home/user/.m2/repository/org/codehaus/jackson/jackson-xc/1.9.13/jackson-xc-1.9.13.jar:/home/user/.m2/repository/commons-logging/commons-logging/1.1.3/commons-logging-1.1.3.jar:/home/user/.m2/repository/commons-beanutils/commons-beanutils/1.9.4/commons-beanutils-1.9.4.jar:/home/user/.m2/repository/org/apache/commons/commons-configuration2/2.1.1/commons-configuration2-2.1.1.jar:/home/user/.m2/repository/org/apache/commons/commons-lang3/3.7/commons-lang3-3.7.jar:/home/user/.m2/repository/org/apache/commons/commons-text/1.4/commons-text-1.4.jar:/home/user/.m2/repository/org/apache/avro/avro/1.7.7/avro-1.7.7.jar:/home/user/.m2/repository/com/thoughtworks/paranamer/paranamer/2.3/paranamer-2.3.jar:/home/user/.m2/repository/org/xerial/snappy/snappy-java/1.0.5/snappy-java-1.0.5.jar:/home/user/.m2/repository/com/google/re2j/re2j/1.1/re2j-1.1.jar:/home/user/.m2/repository/com/google/code/gson/gson/2.2.4/gson-2.2.4.jar:/home/user/.m2/repository/com/jcraft/jsch/0.1.54/jsch-0.1.54.jar:/home/user/.m2/repository/org/apache/curator/curator-client/2.12.0/curator-client-2.12.0.jar:/home/user/.m2/repository/org/apache/curator/curator-recipes/2.12.0/curator-recipes-2.12.0.jar:/home/user/.m2/repository/com/google/code/findbugs/jsr305/3.0.0/jsr305-3.0.0.jar:/home/user/.m2/repository/org/apache/htrace/htrace-core4/4.1.0-incubating/htrace-core4-4.1.0-incubating.jar:/home/user/.m2/repository/org/apache/zookeeper/zookeeper/3.4.13/zookeeper-3.4.13.jar:/home/user/.m2/repository/org/apache/yetus/audience-annotations/0.5.0/audience-annotations-0.5.0.jar:/home/user/.m2/repository/org/codehaus/woodstox/stax2-api/3.1.4/stax2-api-3.1.4.jar:/home/user/.m2/repository/com/fasterxml/woodstox/woodstox-core/5.0.3/woodstox-core-5.0.3.jar:/home/user/.m2/repository/dnsjava/dnsjava/2.1.7/dnsjava-2.1.7.jar:/home/user/.m2/repository/org/apache/hadoop/hadoop-hdfs/3.2.0/hadoop-hdfs-3.2.0-tests.jar:/home/user/.m2/repository/org/eclipse/jetty/jetty-util-ajax/9.3.24.v20180605/jetty-util-ajax-9.3.24.v20180605.jar:/home/user/.m2/repository/commons-daemon/commons-daemon/1.0.13/commons-daemon-1.0.13.jar:/home/user/.m2/repository/io/netty/netty/3.10.5.Final/netty-3.10.5.Final.jar:/home/user/.m2/repository/io/netty/netty-all/4.0.52.Final/netty-all-4.0.52.Final.jar:/home/user/.m2/repository/org/fusesource/leveldbjni/leveldbjni-all/1.8/leveldbjni-all-1.8.jar:"/>
    <property name="java.vm.vendor" value="IcedTea"/>
    <property name="sun.arch.data.model" value="64"/>
    <property name="test.build.dir" value="/workdir/hadoop-ozone/integration-test/target/test-dir"/>
    <property name="test.cache.data" value=""/>
    <property name="java.vendor.url" value="https://icedtea.classpath.org"/>
    <property name="user.timezone" value=""/>
    <property name="java.vm.specification.version" value="1.8"/>
    <property name="os.name" value="Linux"/>
    <property name="test.build.data" value="/workdir/hadoop-ozone/integration-test/target/test-dir"/>
    <property name="user.country" value="US"/>
    <property name="sun.java.launcher" value="SUN_STANDARD"/>
    <property name="sun.boot.library.path" value="/usr/lib/jvm/java-1.8-openjdk/jre/lib/amd64"/>
    <property name="sun.java.command" value="/workdir/hadoop-ozone/integration-test/target/surefire/surefirebooter1901027026888016560.jar /workdir/hadoop-ozone/integration-test/target/surefire 2019-09-17T01-39-54_738-jvmRun1 surefire6340494167855134492tmp surefire_713376776855798907908tmp"/>
    <property name="test" value="!TestMiniChaosOzoneCluster"/>
    <property name="surefire.test.class.path" value="/workdir/hadoop-ozone/integration-test/target/test-classes:/workdir/hadoop-ozone/integration-test/target/classes:/home/user/.m2/repository/org/apache/hadoop/hadoop-ozone-common/0.5.0-SNAPSHOT/hadoop-ozone-common-0.5.0-SNAPSHOT.jar:/home/user/.m2/repository/org/apache/commons/commons-compress/1.4.1/commons-compress-1.4.1.jar:/home/user/.m2/repository/org/tukaani/xz/1.0/xz-1.0.jar:/home/user/.m2/repository/org/apache/hadoop/hadoop-common/3.2.0/hadoop-common-3.2.0.jar:/home/user/.m2/repository/org/apache/hadoop/hadoop-hdfs/3.2.0/hadoop-hdfs-3.2.0.jar:/home/user/.m2/repository/org/apache/hadoop/hadoop-hdfs-client/3.2.0/hadoop-hdfs-client-3.2.0.jar:/home/user/.m2/repository/com/fasterxml/jackson/core/jackson-annotations/2.9.9/jackson-annotations-2.9.9.jar:/home/user/.m2/repository/org/apache/hadoop/hadoop-hdds-common/0.5.0-SNAPSHOT/hadoop-hdds-common-0.5.0-SNAPSHOT.jar:/home/user/.m2/repository/javax/annotation/javax.annotation-api/1.2/javax.annotation-api-1.2.jar:/home/user/.m2/repository/org/apache/ratis/ratis-server/0.4.0-78e95b9-SNAPSHOT/ratis-server-0.4.0-78e95b9-SNAPSHOT.jar:/home/user/.m2/repository/org/apache/ratis/ratis-thirdparty-misc/0.2.0/ratis-thirdparty-misc-0.2.0.jar:/home/user/.m2/repository/org/apache/ratis/ratis-proto/0.4.0-78e95b9-SNAPSHOT/ratis-proto-0.4.0-78e95b9-SNAPSHOT.jar:/home/user/.m2/repository/org/apache/ratis/ratis-common/0.4.0-78e95b9-SNAPSHOT/ratis-common-0.4.0-78e95b9-SNAPSHOT.jar:/home/user/.m2/repository/org/apache/ratis/ratis-client/0.4.0-78e95b9-SNAPSHOT/ratis-client-0.4.0-78e95b9-SNAPSHOT.jar:/home/user/.m2/repository/org/apache/ratis/ratis-metrics/0.4.0-78e95b9-SNAPSHOT/ratis-metrics-0.4.0-78e95b9-SNAPSHOT.jar:/home/user/.m2/repository/com/github/joshelser/dropwizard-metrics-hadoop-metrics2-reporter/0.1.2/dropwizard-metrics-hadoop-metrics2-reporter-0.1.2.jar:/home/user/.m2/repository/io/dropwizard/metrics/metrics-jvm/3.2.5/metrics-jvm-3.2.5.jar:/home/user/.m2/repository/io/dropwizard/metrics/metrics-ganglia/3.2.5/metrics-ganglia-3.2.5.jar:/home/user/.m2/repository/info/ganglia/gmetric4j/gmetric4j/1.0.7/gmetric4j-1.0.7.jar:/home/user/.m2/repository/org/apache/ratis/ratis-netty/0.4.0-78e95b9-SNAPSHOT/ratis-netty-0.4.0-78e95b9-SNAPSHOT.jar:/home/user/.m2/repository/org/apache/ratis/ratis-grpc/0.4.0-78e95b9-SNAPSHOT/ratis-grpc-0.4.0-78e95b9-SNAPSHOT.jar:/home/user/.m2/repository/org/rocksdb/rocksdbjni/6.0.1/rocksdbjni-6.0.1.jar:/home/user/.m2/repository/org/apache/logging/log4j/log4j-api/2.11.0/log4j-api-2.11.0.jar:/home/user/.m2/repository/org/apache/logging/log4j/log4j-core/2.11.0/log4j-core-2.11.0.jar:/home/user/.m2/repository/com/lmax/disruptor/3.4.2/disruptor-3.4.2.jar:/home/user/.m2/repository/org/apache/commons/commons-pool2/2.6.0/commons-pool2-2.6.0.jar:/home/user/.m2/repository/org/bouncycastle/bcpkix-jdk15on/1.60/bcpkix-jdk15on-1.60.jar:/home/user/.m2/repository/commons-validator/commons-validator/1.6/commons-validator-1.6.jar:/home/user/.m2/repository/commons-digester/commons-digester/1.8.1/commons-digester-1.8.1.jar:/home/user/.m2/repository/io/jaegertracing/jaeger-client/0.33.1/jaeger-client-0.33.1.jar:/home/user/.m2/repository/io/jaegertracing/jaeger-thrift/0.33.1/jaeger-thrift-0.33.1.jar:/home/user/.m2/repository/org/apache/thrift/libthrift/0.11.0/libthrift-0.11.0.jar:/home/user/.m2/repository/com/squareup/okhttp3/okhttp/3.9.0/okhttp-3.9.0.jar:/home/user/.m2/repository/com/squareup/okio/okio/1.13.0/okio-1.13.0.jar:/home/user/.m2/repository/io/jaegertracing/jaeger-core/0.33.1/jaeger-core-0.33.1.jar:/home/user/.m2/repository/io/jaegertracing/jaeger-tracerresolver/0.33.1/jaeger-tracerresolver-0.33.1.jar:/home/user/.m2/repository/io/opentracing/contrib/opentracing-tracerresolver/0.1.5/opentracing-tracerresolver-0.1.5.jar:/home/user/.m2/repository/io/opentracing/opentracing-util/0.31.0/opentracing-util-0.31.0.jar:/home/user/.m2/repository/io/opentracing/opentracing-api/0.31.0/opentracing-api-0.31.0.jar:/home/user/.m2/repository/io/opentracing/opentracing-noop/0.31.0/opentracing-noop-0.31.0.jar:/home/user/.m2/repository/org/apache/hadoop/hadoop-hdds-server-framework/0.5.0-SNAPSHOT/hadoop-hdds-server-framework-0.5.0-SNAPSHOT.jar:/home/user/.m2/repository/org/apache/hadoop/hadoop-hdds-container-service/0.5.0-SNAPSHOT/hadoop-hdds-container-service-0.5.0-SNAPSHOT.jar:/home/user/.m2/repository/org/apache/hadoop/hadoop-hdds-client/0.5.0-SNAPSHOT/hadoop-hdds-client-0.5.0-SNAPSHOT.jar:/home/user/.m2/repository/org/apache/hadoop/hadoop-hdds-tools/0.5.0-SNAPSHOT/hadoop-hdds-tools-0.5.0-SNAPSHOT.jar:/home/user/.m2/repository/org/apache/hadoop/hadoop-hdds-server-scm/0.5.0-SNAPSHOT/hadoop-hdds-server-scm-0.5.0-SNAPSHOT.jar:/home/user/.m2/repository/org/apache/hadoop/hadoop-hdds-docs/0.5.0-SNAPSHOT/hadoop-hdds-docs-0.5.0-SNAPSHOT.jar:/home/user/.m2/repository/io/dropwizard/metrics/metrics-core/3.2.4/metrics-core-3.2.4.jar:/home/user/.m2/repository/org/hamcrest/hamcrest-all/1.3/hamcrest-all-1.3.jar:/home/user/.m2/repository/org/bouncycastle/bcprov-jdk15on/1.60/bcprov-jdk15on-1.60.jar:/home/user/.m2/repository/info/picocli/picocli/3.9.6/picocli-3.9.6.jar:/home/user/.m2/repository/com/google/protobuf/protobuf-java/2.5.0/protobuf-java-2.5.0.jar:/home/user/.m2/repository/com/google/guava/guava/11.0.2/guava-11.0.2.jar:/home/user/.m2/repository/org/apache/hadoop/hadoop-ozone-ozone-manager/0.5.0-SNAPSHOT/hadoop-ozone-ozone-manager-0.5.0-SNAPSHOT.jar:/home/user/.m2/repository/org/apache/hadoop/hadoop-minikdc/3.2.0/hadoop-minikdc-3.2.0.jar:/home/user/.m2/repository/commons-io/commons-io/2.5/commons-io-2.5.jar:/home/user/.m2/repository/org/apache/kerby/kerb-simplekdc/1.0.1/kerb-simplekdc-1.0.1.jar:/home/user/.m2/repository/org/apache/kerby/kerb-client/1.0.1/kerb-client-1.0.1.jar:/home/user/.m2/repository/org/apache/kerby/kerby-config/1.0.1/kerby-config-1.0.1.jar:/home/user/.m2/repository/org/apache/kerby/kerb-core/1.0.1/kerb-core-1.0.1.jar:/home/user/.m2/repository/org/apache/kerby/kerby-pkix/1.0.1/kerby-pkix-1.0.1.jar:/home/user/.m2/repository/org/apache/kerby/kerby-asn1/1.0.1/kerby-asn1-1.0.1.jar:/home/user/.m2/repository/org/apache/kerby/kerby-util/1.0.1/kerby-util-1.0.1.jar:/home/user/.m2/repository/org/apache/kerby/kerb-common/1.0.1/kerb-common-1.0.1.jar:/home/user/.m2/repository/org/apache/kerby/kerb-crypto/1.0.1/kerb-crypto-1.0.1.jar:/home/user/.m2/repository/org/apache/kerby/kerb-util/1.0.1/kerb-util-1.0.1.jar:/home/user/.m2/repository/org/apache/kerby/token-provider/1.0.1/token-provider-1.0.1.jar:/home/user/.m2/repository/org/apache/kerby/kerb-admin/1.0.1/kerb-admin-1.0.1.jar:/home/user/.m2/repository/org/apache/kerby/kerb-server/1.0.1/kerb-server-1.0.1.jar:/home/user/.m2/repository/org/apache/kerby/kerb-identity/1.0.1/kerb-identity-1.0.1.jar:/home/user/.m2/repository/org/apache/kerby/kerby-xdr/1.0.1/kerby-xdr-1.0.1.jar:/home/user/.m2/repository/org/slf4j/slf4j-log4j12/1.7.25/slf4j-log4j12-1.7.25.jar:/home/user/.m2/repository/org/apache/hadoop/hadoop-ozone-s3gateway/0.5.0-SNAPSHOT/hadoop-ozone-s3gateway-0.5.0-SNAPSHOT.jar:/home/user/.m2/repository/org/jboss/weld/servlet/weld-servlet/2.4.7.Final/weld-servlet-2.4.7.Final.jar:/home/user/.m2/repository/org/glassfish/jersey/containers/jersey-container-servlet-core/2.27/jersey-container-servlet-core-2.27.jar:/home/user/.m2/repository/org/glassfish/hk2/external/javax.inject/2.5.0-b42/javax.inject-2.5.0-b42.jar:/home/user/.m2/repository/org/glassfish/jersey/core/jersey-common/2.27/jersey-common-2.27.jar:/home/user/.m2/repository/org/glassfish/hk2/osgi-resource-locator/1.0.1/osgi-resource-locator-1.0.1.jar:/home/user/.m2/repository/javax/ws/rs/javax.ws.rs-api/2.1/javax.ws.rs-api-2.1.jar:/home/user/.m2/repository/org/glassfish/jersey/ext/cdi/jersey-cdi1x/2.27/jersey-cdi1x-2.27.jar:/home/user/.m2/repository/org/glassfish/jersey/inject/jersey-hk2/2.27/jersey-hk2-2.27.jar:/home/user/.m2/repository/org/glassfish/hk2/hk2-locator/2.5.0-b42/hk2-locator-2.5.0-b42.jar:/home/user/.m2/repository/org/javassist/javassist/3.22.0-CR2/javassist-3.22.0-CR2.jar:/home/user/.m2/repository/org/glassfish/hk2/hk2-api/2.5.0/hk2-api-2.5.0.jar:/home/user/.m2/repository/org/glassfish/hk2/external/jakarta.inject/2.5.0/jakarta.inject-2.5.0.jar:/home/user/.m2/repository/org/glassfish/hk2/hk2-utils/2.5.0/hk2-utils-2.5.0.jar:/home/user/.m2/repository/jakarta/annotation/jakarta.annotation-api/1.3.4/jakarta.annotation-api-1.3.4.jar:/home/user/.m2/repository/org/glassfish/hk2/external/aopalliance-repackaged/2.5.0/aopalliance-repackaged-2.5.0.jar:/home/user/.m2/repository/com/fasterxml/jackson/dataformat/jackson-dataformat-xml/2.9.0/jackson-dataformat-xml-2.9.0.jar:/home/user/.m2/repository/com/fasterxml/jackson/core/jackson-core/2.9.9/jackson-core-2.9.9.jar:/home/user/.m2/repository/com/fasterxml/jackson/module/jackson-module-jaxb-annotations/2.9.9/jackson-module-jaxb-annotations-2.9.9.jar:/home/user/.m2/repository/javax/enterprise/cdi-api/1.2/cdi-api-1.2.jar:/home/user/.m2/repository/javax/el/javax.el-api/3.0.0/javax.el-api-3.0.0.jar:/home/user/.m2/repository/javax/interceptor/javax.interceptor-api/1.2/javax.interceptor-api-1.2.jar:/home/user/.m2/repository/javax/inject/javax.inject/1/javax.inject-1.jar:/home/user/.m2/repository/com/sun/xml/bind/jaxb-impl/2.3.0.1/jaxb-impl-2.3.0.1.jar:/home/user/.m2/repository/com/sun/xml/bind/jaxb-core/2.3.0.1/jaxb-core-2.3.0.1.jar:/home/user/.m2/repository/javax/xml/bind/jaxb-api/2.3.0/jaxb-api-2.3.0.jar:/home/user/.m2/repository/javax/activation/activation/1.1.1/activation-1.1.1.jar:/home/user/.m2/repository/org/apache/hadoop/hadoop-ozone-csi/0.5.0-SNAPSHOT/hadoop-ozone-csi-0.5.0-SNAPSHOT.jar:/home/user/.m2/repository/com/google/protobuf/protobuf-java-util/3.5.1/protobuf-java-util-3.5.1.jar:/home/user/.m2/repository/org/apache/hadoop/hadoop-hdds-config/0.5.0-SNAPSHOT/hadoop-hdds-config-0.5.0-SNAPSHOT.jar:/home/user/.m2/repository/io/grpc/grpc-netty/1.17.1/grpc-netty-1.17.1.jar:/home/user/.m2/repository/io/grpc/grpc-core/1.17.1/grpc-core-1.17.1.jar:/home/user/.m2/repository/io/grpc/grpc-context/1.17.1/grpc-context-1.17.1.jar:/home/user/.m2/repository/com/google/errorprone/error_prone_annotations/2.2.0/error_prone_annotations-2.2.0.jar:/home/user/.m2/repository/org/codehaus/mojo/animal-sniffer-annotations/1.17/animal-sniffer-annotations-1.17.jar:/home/user/.m2/repository/io/opencensus/opencensus-api/0.17.0/opencensus-api-0.17.0.jar:/home/user/.m2/repository/io/opencensus/opencensus-contrib-grpc-metrics/0.17.0/opencensus-contrib-grpc-metrics-0.17.0.jar:/home/user/.m2/repository/io/netty/netty-codec-http2/4.1.30.Final/netty-codec-http2-4.1.30.Final.jar:/home/user/.m2/repository/io/netty/netty-codec-http/4.1.30.Final/netty-codec-http-4.1.30.Final.jar:/home/user/.m2/repository/io/netty/netty-codec/4.1.30.Final/netty-codec-4.1.30.Final.jar:/home/user/.m2/repository/io/netty/netty-handler/4.1.30.Final/netty-handler-4.1.30.Final.jar:/home/user/.m2/repository/io/netty/netty-handler-proxy/4.1.30.Final/netty-handler-proxy-4.1.30.Final.jar:/home/user/.m2/repository/io/netty/netty-codec-socks/4.1.30.Final/netty-codec-socks-4.1.30.Final.jar:/home/user/.m2/repository/io/netty/netty-transport-native-epoll/4.1.30.Final/netty-transport-native-epoll-4.1.30.Final.jar:/home/user/.m2/repository/io/netty/netty-common/4.1.30.Final/netty-common-4.1.30.Final.jar:/home/user/.m2/repository/io/netty/netty-buffer/4.1.30.Final/netty-buffer-4.1.30.Final.jar:/home/user/.m2/repository/io/netty/netty-transport/4.1.30.Final/netty-transport-4.1.30.Final.jar:/home/user/.m2/repository/io/netty/netty-resolver/4.1.30.Final/netty-resolver-4.1.30.Final.jar:/home/user/.m2/repository/io/netty/netty-transport-native-unix-common/4.1.30.Final/netty-transport-native-unix-common-4.1.30.Final.jar:/home/user/.m2/repository/io/grpc/grpc-protobuf/1.17.1/grpc-protobuf-1.17.1.jar:/home/user/.m2/repository/com/google/api/grpc/proto-google-common-protos/1.0.0/proto-google-common-protos-1.0.0.jar:/home/user/.m2/repository/io/grpc/grpc-protobuf-lite/1.17.1/grpc-protobuf-lite-1.17.1.jar:/home/user/.m2/repository/io/grpc/grpc-stub/1.17.1/grpc-stub-1.17.1.jar:/home/user/.m2/repository/org/apache/hadoop/hadoop-ozone-recon/0.5.0-SNAPSHOT/hadoop-ozone-recon-0.5.0-SNAPSHOT.jar:/home/user/.m2/repository/org/apache/hadoop/hadoop-ozone-reconcodegen/0.5.0-SNAPSHOT/hadoop-ozone-reconcodegen-0.5.0-SNAPSHOT.jar:/home/user/.m2/repository/com/google/inject/extensions/guice-multibindings/4.0/guice-multibindings-4.0.jar:/home/user/.m2/repository/com/google/inject/guice/4.0/guice-4.0.jar:/home/user/.m2/repository/aopalliance/aopalliance/1.0/aopalliance-1.0.jar:/home/user/.m2/repository/com/google/inject/extensions/guice-servlet/4.0/guice-servlet-4.0.jar:/home/user/.m2/repository/org/glassfish/jersey/containers/jersey-container-servlet/2.27/jersey-container-servlet-2.27.jar:/home/user/.m2/repository/org/glassfish/hk2/guice-bridge/2.5.0/guice-bridge-2.5.0.jar:/home/user/.m2/repository/org/glassfish/jersey/core/jersey-server/2.27/jersey-server-2.27.jar:/home/user/.m2/repository/org/glassfish/jersey/core/jersey-client/2.27/jersey-client-2.27.jar:/home/user/.m2/repository/org/glassfish/jersey/media/jersey-media-jaxb/2.27/jersey-media-jaxb-2.27.jar:/home/user/.m2/repository/javax/validation/validation-api/1.1.0.Final/validation-api-1.1.0.Final.jar:/home/user/.m2/repository/org/glassfish/jersey/media/jersey-media-json-jackson/2.27/jersey-media-json-jackson-2.27.jar:/home/user/.m2/repository/org/glassfish/jersey/ext/jersey-entity-filtering/2.27/jersey-entity-filtering-2.27.jar:/home/user/.m2/repository/com/google/inject/extensions/guice-assistedinject/4.0/guice-assistedinject-4.0.jar:/home/user/.m2/repository/org/jooq/jooq/3.11.10/jooq-3.11.10.jar:/home/user/.m2/repository/org/jooq/jooq-meta/3.11.10/jooq-meta-3.11.10.jar:/home/user/.m2/repository/org/jooq/jooq-codegen/3.11.10/jooq-codegen-3.11.10.jar:/home/user/.m2/repository/com/jolbox/bonecp/0.8.0.RELEASE/bonecp-0.8.0.RELEASE.jar:/home/user/.m2/repository/org/xerial/sqlite-jdbc/3.25.2/sqlite-jdbc-3.25.2.jar:/home/user/.m2/repository/org/springframework/spring-jdbc/5.1.3.RELEASE/spring-jdbc-5.1.3.RELEASE.jar:/home/user/.m2/repository/org/springframework/spring-beans/5.1.3.RELEASE/spring-beans-5.1.3.RELEASE.jar:/home/user/.m2/repository/org/springframework/spring-core/5.1.3.RELEASE/spring-core-5.1.3.RELEASE.jar:/home/user/.m2/repository/org/springframework/spring-jcl/5.1.3.RELEASE/spring-jcl-5.1.3.RELEASE.jar:/home/user/.m2/repository/org/springframework/spring-tx/5.1.3.RELEASE/spring-tx-5.1.3.RELEASE.jar:/home/user/.m2/repository/org/apache/hadoop/hadoop-ozone-client/0.5.0-SNAPSHOT/hadoop-ozone-client-0.5.0-SNAPSHOT.jar:/home/user/.m2/repository/commons-lang/commons-lang/2.6/commons-lang-2.6.jar:/home/user/.m2/repository/org/apache/hadoop/hadoop-ozone-ozone-manager/0.5.0-SNAPSHOT/hadoop-ozone-ozone-manager-0.5.0-SNAPSHOT-tests.jar:/home/user/.m2/repository/junit/junit/4.11/junit-4.11.jar:/home/user/.m2/repository/org/hamcrest/hamcrest-core/1.3/hamcrest-core-1.3.jar:/home/user/.m2/repository/org/openjdk/jmh/jmh-core/1.19/jmh-core-1.19.jar:/home/user/.m2/repository/net/sf/jopt-simple/jopt-simple/4.6/jopt-simple-4.6.jar:/home/user/.m2/repository/org/apache/commons/commons-math3/3.1.1/commons-math3-3.1.1.jar:/home/user/.m2/repository/org/openjdk/jmh/jmh-generator-annprocess/1.19/jmh-generator-annprocess-1.19.jar:/home/user/.m2/repository/org/mockito/mockito-all/1.8.5/mockito-all-1.8.5.jar:/home/user/.m2/repository/org/apache/hadoop/hadoop-kms/3.2.0/hadoop-kms-3.2.0.jar:/home/user/.m2/repository/org/apache/hadoop/hadoop-auth/3.2.0/hadoop-auth-3.2.0.jar:/home/user/.m2/repository/com/nimbusds/nimbus-jose-jwt/4.41.1/nimbus-jose-jwt-4.41.1.jar:/home/user/.m2/repository/com/github/stephenc/jcip/jcip-annotations/1.0-1/jcip-annotations-1.0-1.jar:/home/user/.m2/repository/net/minidev/json-smart/2.3/json-smart-2.3.jar:/home/user/.m2/repository/net/minidev/accessors-smart/1.2/accessors-smart-1.2.jar:/home/user/.m2/repository/org/ow2/asm/asm/5.0.4/asm-5.0.4.jar:/home/user/.m2/repository/org/apache/curator/curator-framework/2.12.0/curator-framework-2.12.0.jar:/home/user/.m2/repository/com/sun/jersey/jersey-core/1.19/jersey-core-1.19.jar:/home/user/.m2/repository/javax/ws/rs/jsr311-api/1.1.1/jsr311-api-1.1.1.jar:/home/user/.m2/repository/com/sun/jersey/jersey-server/1.19/jersey-server-1.19.jar:/home/user/.m2/repository/javax/servlet/javax.servlet-api/3.1.0/javax.servlet-api-3.1.0.jar:/home/user/.m2/repository/org/eclipse/jetty/jetty-server/9.3.24.v20180605/jetty-server-9.3.24.v20180605.jar:/home/user/.m2/repository/org/eclipse/jetty/jetty-http/9.3.24.v20180605/jetty-http-9.3.24.v20180605.jar:/home/user/.m2/repository/org/eclipse/jetty/jetty-io/9.3.24.v20180605/jetty-io-9.3.24.v20180605.jar:/home/user/.m2/repository/org/eclipse/jetty/jetty-webapp/9.3.24.v20180605/jetty-webapp-9.3.24.v20180605.jar:/home/user/.m2/repository/org/eclipse/jetty/jetty-xml/9.3.24.v20180605/jetty-xml-9.3.24.v20180605.jar:/home/user/.m2/repository/log4j/log4j/1.2.17/log4j-1.2.17.jar:/home/user/.m2/repository/org/slf4j/slf4j-api/1.7.25/slf4j-api-1.7.25.jar:/home/user/.m2/repository/org/slf4j/jul-to-slf4j/1.7.25/jul-to-slf4j-1.7.25.jar:/home/user/.m2/repository/org/eclipse/jetty/jetty-util/9.3.24.v20180605/jetty-util-9.3.24.v20180605.jar:/home/user/.m2/repository/com/fasterxml/jackson/core/jackson-databind/2.9.9/jackson-databind-2.9.9.jar:/home/user/.m2/repository/org/apache/hadoop/hadoop-kms/3.2.0/hadoop-kms-3.2.0-tests.jar:/home/user/.m2/repository/org/apache/hadoop/hadoop-hdds-server-scm/0.5.0-SNAPSHOT/hadoop-hdds-server-scm-0.5.0-SNAPSHOT-tests.jar:/home/user/.m2/repository/org/apache/hadoop/hadoop-hdds-container-service/0.5.0-SNAPSHOT/hadoop-hdds-container-service-0.5.0-SNAPSHOT-tests.jar:/home/user/.m2/repository/org/yaml/snakeyaml/1.16/snakeyaml-1.16.jar:/home/user/.m2/repository/org/apache/hadoop/hadoop-common/3.2.0/hadoop-common-3.2.0-tests.jar:/home/user/.m2/repository/org/apache/hadoop/hadoop-annotations/3.2.0/hadoop-annotations-3.2.0.jar:/usr/lib/jvm/java-1.8-openjdk/jre/../lib/tools.jar:/home/user/.m2/repository/commons-cli/commons-cli/1.2/commons-cli-1.2.jar:/home/user/.m2/repository/org/apache/httpcomponents/httpclient/4.5.2/httpclient-4.5.2.jar:/home/user/.m2/repository/org/apache/httpcomponents/httpcore/4.4.4/httpcore-4.4.4.jar:/home/user/.m2/repository/commons-codec/commons-codec/1.11/commons-codec-1.11.jar:/home/user/.m2/repository/commons-net/commons-net/3.6/commons-net-3.6.jar:/home/user/.m2/repository/commons-collections/commons-collections/3.2.2/commons-collections-3.2.2.jar:/home/user/.m2/repository/org/eclipse/jetty/jetty-servlet/9.3.24.v20180605/jetty-servlet-9.3.24.v20180605.jar:/home/user/.m2/repository/org/eclipse/jetty/jetty-security/9.3.24.v20180605/jetty-security-9.3.24.v20180605.jar:/home/user/.m2/repository/javax/servlet/jsp/jsp-api/2.1/jsp-api-2.1.jar:/home/user/.m2/repository/com/sun/jersey/jersey-servlet/1.19/jersey-servlet-1.19.jar:/home/user/.m2/repository/com/sun/jersey/jersey-json/1.19/jersey-json-1.19.jar:/home/user/.m2/repository/org/codehaus/jettison/jettison/1.1/jettison-1.1.jar:/home/user/.m2/repository/org/codehaus/jackson/jackson-core-asl/1.9.13/jackson-core-asl-1.9.13.jar:/home/user/.m2/repository/org/codehaus/jackson/jackson-mapper-asl/1.9.13/jackson-mapper-asl-1.9.13.jar:/home/user/.m2/repository/org/codehaus/jackson/jackson-jaxrs/1.9.13/jackson-jaxrs-1.9.13.jar:/home/user/.m2/repository/org/codehaus/jackson/jackson-xc/1.9.13/jackson-xc-1.9.13.jar:/home/user/.m2/repository/commons-logging/commons-logging/1.1.3/commons-logging-1.1.3.jar:/home/user/.m2/repository/commons-beanutils/commons-beanutils/1.9.4/commons-beanutils-1.9.4.jar:/home/user/.m2/repository/org/apache/commons/commons-configuration2/2.1.1/commons-configuration2-2.1.1.jar:/home/user/.m2/repository/org/apache/commons/commons-lang3/3.7/commons-lang3-3.7.jar:/home/user/.m2/repository/org/apache/commons/commons-text/1.4/commons-text-1.4.jar:/home/user/.m2/repository/org/apache/avro/avro/1.7.7/avro-1.7.7.jar:/home/user/.m2/repository/com/thoughtworks/paranamer/paranamer/2.3/paranamer-2.3.jar:/home/user/.m2/repository/org/xerial/snappy/snappy-java/1.0.5/snappy-java-1.0.5.jar:/home/user/.m2/repository/com/google/re2j/re2j/1.1/re2j-1.1.jar:/home/user/.m2/repository/com/google/code/gson/gson/2.2.4/gson-2.2.4.jar:/home/user/.m2/repository/com/jcraft/jsch/0.1.54/jsch-0.1.54.jar:/home/user/.m2/repository/org/apache/curator/curator-client/2.12.0/curator-client-2.12.0.jar:/home/user/.m2/repository/org/apache/curator/curator-recipes/2.12.0/curator-recipes-2.12.0.jar:/home/user/.m2/repository/com/google/code/findbugs/jsr305/3.0.0/jsr305-3.0.0.jar:/home/user/.m2/repository/org/apache/htrace/htrace-core4/4.1.0-incubating/htrace-core4-4.1.0-incubating.jar:/home/user/.m2/repository/org/apache/zookeeper/zookeeper/3.4.13/zookeeper-3.4.13.jar:/home/user/.m2/repository/org/apache/yetus/audience-annotations/0.5.0/audience-annotations-0.5.0.jar:/home/user/.m2/repository/org/codehaus/woodstox/stax2-api/3.1.4/stax2-api-3.1.4.jar:/home/user/.m2/repository/com/fasterxml/woodstox/woodstox-core/5.0.3/woodstox-core-5.0.3.jar:/home/user/.m2/repository/dnsjava/dnsjava/2.1.7/dnsjava-2.1.7.jar:/home/user/.m2/repository/org/apache/hadoop/hadoop-hdfs/3.2.0/hadoop-hdfs-3.2.0-tests.jar:/home/user/.m2/repository/org/eclipse/jetty/jetty-util-ajax/9.3.24.v20180605/jetty-util-ajax-9.3.24.v20180605.jar:/home/user/.m2/repository/commons-daemon/commons-daemon/1.0.13/commons-daemon-1.0.13.jar:/home/user/.m2/repository/io/netty/netty/3.10.5.Final/netty-3.10.5.Final.jar:/home/user/.m2/repository/io/netty/netty-all/4.0.52.Final/netty-all-4.0.52.Final.jar:/home/user/.m2/repository/org/fusesource/leveldbjni/leveldbjni-all/1.8/leveldbjni-all-1.8.jar:"/>
    <property name="sun.cpu.endian" value="little"/>
    <property name="user.home" value="/home/user"/>
    <property name="user.language" value="en"/>
    <property name="java.specification.vendor" value="Oracle Corporation"/>
    <property name="java.home" value="/usr/lib/jvm/java-1.8-openjdk/jre"/>
    <property name="java.security.krb5.conf" value="/workdir/hadoop-ozone/integration-test/target/test-classes/krb5.conf"/>
    <property name="basedir" value="/workdir/hadoop-ozone/integration-test"/>
    <property name="file.separator" value="/"/>
    <property name="line.separator" value="&#10;"/>
    <property name="java.vm.specification.vendor" value="Oracle Corporation"/>
    <property name="java.specification.name" value="Java Platform API Specification"/>
    <property name="java.awt.graphicsenv" value="sun.awt.X11GraphicsEnvironment"/>
    <property name="surefire.real.class.path" value="/workdir/hadoop-ozone/integration-test/target/surefire/surefirebooter1901027026888016560.jar"/>
    <property name="hadoop.log.dir" value="/workdir/hadoop-ozone/integration-test/target/log"/>
    <property name="sun.boot.class.path" value="/usr/lib/jvm/java-1.8-openjdk/jre/lib/resources.jar:/usr/lib/jvm/java-1.8-openjdk/jre/lib/rt.jar:/usr/lib/jvm/java-1.8-openjdk/jre/lib/sunrsasign.jar:/usr/lib/jvm/java-1.8-openjdk/jre/lib/jsse.jar:/usr/lib/jvm/java-1.8-openjdk/jre/lib/jce.jar:/usr/lib/jvm/java-1.8-openjdk/jre/lib/charsets.jar:/usr/lib/jvm/java-1.8-openjdk/jre/lib/jfr.jar:/usr/lib/jvm/java-1.8-openjdk/jre/classes"/>
    <property name="sun.management.compiler" value="HotSpot 64-Bit Tiered Compilers"/>
    <property name="java.runtime.version" value="1.8.0_212-b04"/>
    <property name="java.net.preferIPv4Stack" value="true"/>
    <property name="user.name" value="jenkins1000"/>
    <property name="path.separator" value=":"/>
    <property name="java.security.egd" value="file:///dev/urandom"/>
    <property name="os.version" value="3.10.0-957.12.2.el7.x86_64"/>
    <property name="java.endorsed.dirs" value="/usr/lib/jvm/java-1.8-openjdk/jre/lib/endorsed"/>
    <property name="java.runtime.name" value="OpenJDK Runtime Environment"/>
    <property name="file.encoding" value="UTF-8"/>
    <property name="java.vm.name" value="OpenJDK 64-Bit Server VM"/>
    <property name="test.build.webapps" value=""/>
    <property name="localRepository" value="/home/user/.m2/repository"/>
    <property name="java.vendor.url.bug" value="https://icedtea.classpath.org/bugzilla"/>
    <property name="java.io.tmpdir" value="/tmp"/>
    <property name="require.test.libhadoop" value=""/>
    <property name="java.version" value="1.8.0_212"/>
    <property name="user.dir" value="/workdir/hadoop-ozone/integration-test"/>
    <property name="os.arch" value="amd64"/>
    <property name="java.vm.specification.name" value="Java Virtual Machine Specification"/>
    <property name="test.build.classes" value="/workdir/hadoop-ozone/integration-test/target/test-classes"/>
    <property name="java.awt.printerjob" value="sun.print.PSPrinterJob"/>
    <property name="sun.os.patch.level" value="unknown"/>
    <property name="hadoop.tmp.dir" value="/workdir/hadoop-ozone/integration-test/target/tmp"/>
    <property name="java.library.path" value="/usr/lib/jvm/java-1.8-openjdk/jre/lib/amd64/server:/usr/lib/jvm/java-1.8-openjdk/jre/lib/amd64:/usr/lib/jvm/java-1.8-openjdk/jre/../lib/amd64:/workdir/hadoop-ozone/integration-test/target/native/target/usr/local/lib:/workdir/hadoop-ozone/integration-test/../../hadoop-common-project/hadoop-common/target/native/target/usr/local/lib:/usr/java/packages/lib/amd64:/usr/lib64:/lib64:/lib:/usr/lib"/>
    <property name="java.vm.info" value="mixed mode"/>
    <property name="java.vendor" value="IcedTea"/>
    <property name="java.vm.version" value="25.212-b04"/>
    <property name="java.ext.dirs" value="/usr/lib/jvm/java-1.8-openjdk/jre/lib/ext:/usr/java/packages/lib/ext"/>
    <property name="sun.io.unicode.encoding" value="UnicodeLittle"/>
    <property name="java.class.version" value="52.0"/>
  </properties>
  <testcase name="testContainerReplication" classname="org.apache.hadoop.ozone.client.rpc.TestContainerReplicationEndToEnd" time="6.495">
    <error message="Failed to update container state #1, reason: invalid state transition from state: CLOSING upon event: FINALIZE." type="org.apache.hadoop.hdds.scm.exceptions.SCMException">org.apache.hadoop.hdds.scm.exceptions.SCMException: Failed to update container state #1, reason: invalid state transition from state: CLOSING upon event: FINALIZE.
	at org.apache.hadoop.hdds.scm.container.ContainerStateManager.updateContainerState(ContainerStateManager.java:336)
	at org.apache.hadoop.hdds.scm.container.SCMContainerManager.updateContainerState(SCMContainerManager.java:312)
	at org.apache.hadoop.ozone.client.rpc.TestContainerReplicationEndToEnd.testContainerReplication(TestContainerReplicationEndToEnd.java:159)
	at sun.reflect.NativeMethodAccessorImpl.invoke0(Native Method)
	at sun.reflect.NativeMethodAccessorImpl.invoke(NativeMethodAccessorImpl.java:62)
	at sun.reflect.DelegatingMethodAccessorImpl.invoke(DelegatingMethodAccessorImpl.java:43)
	at java.lang.reflect.Method.invoke(Method.java:498)
	at org.junit.runners.model.FrameworkMethod$1.runReflectiveCall(FrameworkMethod.java:47)
	at org.junit.internal.runners.model.ReflectiveCallable.run(ReflectiveCallable.java:12)
	at org.junit.runners.model.FrameworkMethod.invokeExplosively(FrameworkMethod.java:44)
	at org.junit.internal.runners.statements.InvokeMethod.evaluate(InvokeMethod.java:17)
	at org.junit.runners.ParentRunner.runLeaf(ParentRunner.java:271)
	at org.junit.runners.BlockJUnit4ClassRunner.runChild(BlockJUnit4ClassRunner.java:70)
	at org.junit.runners.BlockJUnit4ClassRunner.runChild(BlockJUnit4ClassRunner.java:50)
	at org.junit.runners.ParentRunner$3.run(ParentRunner.java:238)
	at org.junit.runners.ParentRunner$1.schedule(ParentRunner.java:63)
	at org.junit.runners.ParentRunner.runChildren(ParentRunner.java:236)
	at org.junit.runners.ParentRunner.access$000(ParentRunner.java:53)
	at org.junit.runners.ParentRunner$2.evaluate(ParentRunner.java:229)
	at org.junit.internal.runners.statements.RunBefores.evaluate(RunBefores.java:26)
	at org.junit.internal.runners.statements.RunAfters.evaluate(RunAfters.java:27)
	at org.junit.runners.ParentRunner.run(ParentRunner.java:309)
	at org.apache.maven.surefire.junit4.JUnit4Provider.execute(JUnit4Provider.java:365)
	at org.apache.maven.surefire.junit4.JUnit4Provider.executeWithRerun(JUnit4Provider.java:273)
	at org.apache.maven.surefire.junit4.JUnit4Provider.executeTestSet(JUnit4Provider.java:238)
	at org.apache.maven.surefire.junit4.JUnit4Provider.invoke(JUnit4Provider.java:159)
	at org.apache.maven.surefire.booter.ForkedBooter.invokeProviderInSameClassLoader(ForkedBooter.java:384)
	at org.apache.maven.surefire.booter.ForkedBooter.runSuitesInProcess(ForkedBooter.java:345)
	at org.apache.maven.surefire.booter.ForkedBooter.execute(ForkedBooter.java:126)
	at org.apache.maven.surefire.booter.ForkedBooter.main(ForkedBooter.java:418)
</error>
    <system-out><![CDATA[2019-09-17 03:07:54,331 [main] WARN  server.ServerUtils (ServerUtils.java:getScmDbDir(145)) - ozone.scm.db.dirs is not configured. We recommend adding this setting. Falling back to ozone.metadata.dirs instead.
2019-09-17 03:07:54,499 [main] WARN  server.ServerUtils (ServerUtils.java:getScmDbDir(145)) - ozone.scm.db.dirs is not configured. We recommend adding this setting. Falling back to ozone.metadata.dirs instead.
2019-09-17 03:07:54,503 [main] WARN  server.ServerUtils (ServerUtils.java:getScmDbDir(145)) - ozone.scm.db.dirs is not configured. We recommend adding this setting. Falling back to ozone.metadata.dirs instead.
2019-09-17 03:07:54,523 [main] INFO  util.log (Log.java:initialized(192)) - Logging initialized @915ms
2019-09-17 03:07:54,627 [main] INFO  db.DBStoreBuilder (DBStoreBuilder.java:addTable(110)) - using custom profile for table: deletedBlocks
2019-09-17 03:07:54,627 [main] INFO  db.DBStoreBuilder (DBStoreBuilder.java:processTables(161)) - Using default column profile:DBProfile.DISK for Table:deletedBlocks
2019-09-17 03:07:54,628 [main] INFO  db.DBStoreBuilder (DBStoreBuilder.java:addTable(110)) - using custom profile for table: validCerts
2019-09-17 03:07:54,628 [main] INFO  db.DBStoreBuilder (DBStoreBuilder.java:processTables(161)) - Using default column profile:DBProfile.DISK for Table:validCerts
2019-09-17 03:07:54,628 [main] INFO  db.DBStoreBuilder (DBStoreBuilder.java:addTable(110)) - using custom profile for table: revokedCerts
2019-09-17 03:07:54,629 [main] INFO  db.DBStoreBuilder (DBStoreBuilder.java:processTables(161)) - Using default column profile:DBProfile.DISK for Table:revokedCerts
2019-09-17 03:07:54,641 [main] INFO  db.DBStoreBuilder (DBStoreBuilder.java:addTable(110)) - using custom profile for table: default
2019-09-17 03:07:54,641 [main] INFO  db.DBStoreBuilder (DBStoreBuilder.java:processTables(167)) - Using default column profile:DBProfile.DISK for Table:default
2019-09-17 03:07:54,642 [main] INFO  db.DBStoreBuilder (DBStoreBuilder.java:getDbProfile(198)) - Using default options. DBProfile.DISK
2019-09-17 03:07:54,921 [main] INFO  net.NodeSchemaLoader (NodeSchemaLoader.java:loadSchemaFromFile(125)) - Loading file from sun.misc.CompoundEnumeration@77888435
2019-09-17 03:07:54,923 [main] INFO  net.NodeSchemaLoader (NodeSchemaLoader.java:loadSchema(171)) - Loading network topology layer schema file
2019-09-17 03:07:55,000 [main] INFO  node.SCMNodeManager (SCMNodeManager.java:<init>(114)) - Entering startup safe mode.
2019-09-17 03:07:55,071 [main] INFO  algorithms.ContainerPlacementPolicyFactory (ContainerPlacementPolicyFactory.java:getPolicy(57)) - Create container placement policy of type org.apache.hadoop.hdds.scm.container.placement.algorithms.SCMContainerPlacementRandom
2019-09-17 03:07:55,085 [main] WARN  server.ServerUtils (ServerUtils.java:getScmDbDir(145)) - ozone.scm.db.dirs is not configured. We recommend adding this setting. Falling back to ozone.metadata.dirs instead.
2019-09-17 03:07:55,181 [main] INFO  pipeline.SCMPipelineManager (SCMPipelineManager.java:initializePipelineState(128)) - No pipeline exists in current db
2019-09-17 03:07:55,183 [main] WARN  server.ServerUtils (ServerUtils.java:getScmDbDir(145)) - ozone.scm.db.dirs is not configured. We recommend adding this setting. Falling back to ozone.metadata.dirs instead.
2019-09-17 03:07:55,321 [main] INFO  Configuration.deprecation (Configuration.java:logDeprecation(1394)) - No unit for hdds.scm.replication.thread.interval(2000) assuming MILLISECONDS
2019-09-17 03:07:55,354 [main] WARN  events.EventQueue (EventQueue.java:fireEvent(183)) - No event handler registered for event TypedEvent{payloadType=SafeModeStatus, name='SafeModeStatus'}
2019-09-17 03:07:55,720 [main] INFO  ipc.CallQueueManager (CallQueueManager.java:<init>(84)) - Using callQueue: class java.util.concurrent.LinkedBlockingQueue, queueCapacity: 2000, scheduler: class org.apache.hadoop.ipc.DefaultRpcScheduler, ipcBackoff: false.
2019-09-17 03:07:55,748 [Socket Reader #1 for port 40146] INFO  ipc.Server (Server.java:run(1074)) - Starting Socket Reader #1 for port 40146
2019-09-17 03:07:55,895 [main] INFO  ipc.CallQueueManager (CallQueueManager.java:<init>(84)) - Using callQueue: class java.util.concurrent.LinkedBlockingQueue, queueCapacity: 2000, scheduler: class org.apache.hadoop.ipc.DefaultRpcScheduler, ipcBackoff: false.
2019-09-17 03:07:55,896 [Socket Reader #1 for port 34678] INFO  ipc.Server (Server.java:run(1074)) - Starting Socket Reader #1 for port 34678
2019-09-17 03:07:55,908 [main] INFO  ipc.CallQueueManager (CallQueueManager.java:<init>(84)) - Using callQueue: class java.util.concurrent.LinkedBlockingQueue, queueCapacity: 2000, scheduler: class org.apache.hadoop.ipc.DefaultRpcScheduler, ipcBackoff: false.
2019-09-17 03:07:55,909 [Socket Reader #1 for port 36926] INFO  ipc.Server (Server.java:run(1074)) - Starting Socket Reader #1 for port 36926
2019-09-17 03:07:55,941 [main] INFO  hdfs.DFSUtil (DFSUtil.java:httpServerTemplateForNNAndJN(1641)) - Starting Web-server for scm at: http://0.0.0.0:0
2019-09-17 03:07:56,093 [main] INFO  server.AuthenticationFilter (AuthenticationFilter.java:constructSecretProvider(240)) - Unable to initialize FileSignerSecretProvider, falling back to use random secrets.
2019-09-17 03:07:56,102 [main] WARN  http.HttpRequestLog (HttpRequestLog.java:getRequestLog(97)) - Jetty request log can only be enabled using Log4j
2019-09-17 03:07:56,111 [main] INFO  http.HttpServer2 (HttpServer2.java:addGlobalFilter(975)) - Added global filter 'safety' (class=org.apache.hadoop.http.HttpServer2$QuotingInputFilter)
2019-09-17 03:07:56,114 [main] INFO  http.HttpServer2 (HttpServer2.java:addFilter(948)) - Added filter static_user_filter (class=org.apache.hadoop.http.lib.StaticUserWebFilter$StaticUserFilter) to context scm
2019-09-17 03:07:56,114 [main] INFO  http.HttpServer2 (HttpServer2.java:addFilter(958)) - Added filter static_user_filter (class=org.apache.hadoop.http.lib.StaticUserWebFilter$StaticUserFilter) to context static
2019-09-17 03:07:56,114 [main] INFO  http.HttpServer2 (HttpServer2.java:addFilter(958)) - Added filter static_user_filter (class=org.apache.hadoop.http.lib.StaticUserWebFilter$StaticUserFilter) to context logs
2019-09-17 03:07:56,146 [main] INFO  server.StorageContainerManager (StorageContainerManager.java:start(763)) - StorageContainerLocationProtocol RPC server is listening at /0.0.0.0:36926
2019-09-17 03:07:56,218 [main] WARN  impl.MetricsConfig (MetricsConfig.java:loadFirst(134)) - Cannot locate configuration: tried hadoop-metrics2-storagecontainermanager.properties,hadoop-metrics2.properties
2019-09-17 03:07:56,231 [main] INFO  impl.MetricsSystemImpl (MetricsSystemImpl.java:startTimer(374)) - Scheduled Metric snapshot period at 10 second(s).
2019-09-17 03:07:56,231 [main] INFO  impl.MetricsSystemImpl (MetricsSystemImpl.java:start(191)) - StorageContainerManager metrics system started
2019-09-17 03:07:56,461 [main] INFO  server.SCMClientProtocolServer (SCMClientProtocolServer.java:start(151)) - RPC server for Client  is listening at /0.0.0.0:36926
2019-09-17 03:07:56,462 [IPC Server Responder] INFO  ipc.Server (Server.java:run(1314)) - IPC Server Responder: starting
2019-09-17 03:07:56,462 [IPC Server listener on 36926] INFO  ipc.Server (Server.java:run(1153)) - IPC Server listener on 36926: starting
2019-09-17 03:07:56,464 [main] INFO  server.StorageContainerManager (StorageContainerManager.java:start(773)) - ScmBlockLocationProtocol RPC server is listening at /0.0.0.0:34678
2019-09-17 03:07:56,465 [main] INFO  server.SCMBlockProtocolServer (SCMBlockProtocolServer.java:start(146)) - RPC server for Block Protocol is listening at /0.0.0.0:34678
2019-09-17 03:07:56,466 [IPC Server Responder] INFO  ipc.Server (Server.java:run(1314)) - IPC Server Responder: starting
2019-09-17 03:07:56,466 [IPC Server listener on 34678] INFO  ipc.Server (Server.java:run(1153)) - IPC Server listener on 34678: starting
2019-09-17 03:07:56,468 [main] INFO  server.StorageContainerManager (StorageContainerManager.java:start(777)) - ScmDatanodeProtocl RPC server is listening at /0.0.0.0:40146
2019-09-17 03:07:56,468 [main] INFO  server.SCMDatanodeProtocolServer (SCMDatanodeProtocolServer.java:start(191)) - RPC server for DataNodes is listening at /0.0.0.0:40146
2019-09-17 03:07:56,468 [IPC Server Responder] INFO  ipc.Server (Server.java:run(1314)) - IPC Server Responder: starting
2019-09-17 03:07:56,468 [IPC Server listener on 40146] INFO  ipc.Server (Server.java:run(1153)) - IPC Server listener on 40146: starting
2019-09-17 03:07:56,471 [main] INFO  http.HttpServer2 (HttpServer2.java:bindListener(1191)) - Jetty bound to port 38391
2019-09-17 03:07:56,473 [main] INFO  server.Server (Server.java:doStart(351)) - jetty-9.3.24.v20180605, build timestamp: 2018-06-05T17:11:56Z, git hash: 84205aa28f11a4f31f2a3b86d1bba2cc8ab69827
2019-09-17 03:07:56,509 [main] INFO  handler.ContextHandler (ContextHandler.java:doStart(781)) - Started o.e.j.s.ServletContextHandler@6622fc65{/logs,file:///workdir/hadoop-ozone/integration-test/target/log,AVAILABLE}
2019-09-17 03:07:56,510 [main] INFO  handler.ContextHandler (ContextHandler.java:doStart(781)) - Started o.e.j.s.ServletContextHandler@23fb172e{/static,file:///workdir/hadoop-ozone/integration-test/target/test-classes/webapps/static,AVAILABLE}
2019-09-17 03:07:56,540 [main] INFO  handler.ContextHandler (ContextHandler.java:doStart(781)) - Started o.e.j.w.WebAppContext@3591009c{/,file:///workdir/hadoop-ozone/integration-test/target/test-classes/webapps/scm/,AVAILABLE}{/scm}
2019-09-17 03:07:56,545 [main] INFO  server.AbstractConnector (AbstractConnector.java:doStart(278)) - Started ServerConnector@2de366bb{HTTP/1.1,[http/1.1]}{0.0.0.0:38391}
2019-09-17 03:07:56,545 [main] INFO  server.Server (Server.java:doStart(419)) - Started @2937ms
2019-09-17 03:07:56,547 [main] INFO  impl.MetricsSinkAdapter (MetricsSinkAdapter.java:start(204)) - Sink prometheus started
2019-09-17 03:07:56,547 [main] INFO  impl.MetricsSystemImpl (MetricsSystemImpl.java:registerSink(301)) - Registered sink prometheus
2019-09-17 03:07:56,549 [main] INFO  server.BaseHttpServer (BaseHttpServer.java:updateConnectorAddress(215)) - HTTP server of SCM is listening at http://0.0.0.0:38391
2019-09-17 03:07:56,554 [org.apache.hadoop.util.JvmPauseMonitor$Monitor@64f857e7] INFO  util.JvmPauseMonitor (JvmPauseMonitor.java:run(188)) - Starting JVM pause monitor
2019-09-17 03:07:56,556 [main] WARN  server.ServerUtils (ServerUtils.java:getDBPath(222)) - ozone.om.db.dirs is not configured. We recommend adding this setting. Falling back to ozone.metadata.dirs instead.
2019-09-17 03:07:56,711 [main] WARN  server.ServerUtils (ServerUtils.java:getDBPath(222)) - ozone.om.db.dirs is not configured. We recommend adding this setting. Falling back to ozone.metadata.dirs instead.
2019-09-17 03:07:56,712 [main] WARN  server.ServerUtils (ServerUtils.java:getDBPath(222)) - ozone.om.db.dirs is not configured. We recommend adding this setting. Falling back to ozone.metadata.dirs instead.
2019-09-17 03:07:56,713 [main] INFO  om.OzoneManager (OzoneManager.java:setOMNodeDetails(649)) - OM Service ID is not set. Setting it to the default ID: omServiceIdDefault
2019-09-17 03:07:56,713 [main] INFO  om.OzoneManager (OzoneManager.java:setOMNodeDetails(655)) - OM Node ID is not set. Setting it to the OmStorage's OmID: 37aabe6a-27dd-43ef-9521-257ed3b87039
2019-09-17 03:07:56,714 [main] INFO  om.OzoneManager (OzoneManager.java:loadOMHAConfigs(606)) - Found matching OM address with OMServiceId: null, OMNodeId: null, RPC Address: localhost:0 and Ratis port: 9872
2019-09-17 03:07:57,419 [main] WARN  server.ServerUtils (ServerUtils.java:getDBPath(222)) - ozone.om.db.dirs is not configured. We recommend adding this setting. Falling back to ozone.metadata.dirs instead.
2019-09-17 03:07:57,426 [main] INFO  db.DBStoreBuilder (DBStoreBuilder.java:addTable(110)) - using custom profile for table: userTable
2019-09-17 03:07:57,426 [main] INFO  db.DBStoreBuilder (DBStoreBuilder.java:processTables(161)) - Using default column profile:DBProfile.DISK for Table:userTable
2019-09-17 03:07:57,427 [main] INFO  db.DBStoreBuilder (DBStoreBuilder.java:addTable(110)) - using custom profile for table: volumeTable
2019-09-17 03:07:57,427 [main] INFO  db.DBStoreBuilder (DBStoreBuilder.java:processTables(161)) - Using default column profile:DBProfile.DISK for Table:volumeTable
2019-09-17 03:07:57,427 [main] INFO  db.DBStoreBuilder (DBStoreBuilder.java:addTable(110)) - using custom profile for table: bucketTable
2019-09-17 03:07:57,427 [main] INFO  db.DBStoreBuilder (DBStoreBuilder.java:processTables(161)) - Using default column profile:DBProfile.DISK for Table:bucketTable
2019-09-17 03:07:57,428 [main] INFO  db.DBStoreBuilder (DBStoreBuilder.java:addTable(110)) - using custom profile for table: keyTable
2019-09-17 03:07:57,428 [main] INFO  db.DBStoreBuilder (DBStoreBuilder.java:processTables(161)) - Using default column profile:DBProfile.DISK for Table:keyTable
2019-09-17 03:07:57,428 [main] INFO  db.DBStoreBuilder (DBStoreBuilder.java:addTable(110)) - using custom profile for table: deletedTable
2019-09-17 03:07:57,428 [main] INFO  db.DBStoreBuilder (DBStoreBuilder.java:processTables(161)) - Using default column profile:DBProfile.DISK for Table:deletedTable
2019-09-17 03:07:57,429 [main] INFO  db.DBStoreBuilder (DBStoreBuilder.java:addTable(110)) - using custom profile for table: openKeyTable
2019-09-17 03:07:57,429 [main] INFO  db.DBStoreBuilder (DBStoreBuilder.java:processTables(161)) - Using default column profile:DBProfile.DISK for Table:openKeyTable
2019-09-17 03:07:57,429 [main] INFO  db.DBStoreBuilder (DBStoreBuilder.java:addTable(110)) - using custom profile for table: s3Table
2019-09-17 03:07:57,429 [main] INFO  db.DBStoreBuilder (DBStoreBuilder.java:processTables(161)) - Using default column profile:DBProfile.DISK for Table:s3Table
2019-09-17 03:07:57,430 [main] INFO  db.DBStoreBuilder (DBStoreBuilder.java:addTable(110)) - using custom profile for table: multipartInfoTable
2019-09-17 03:07:57,430 [main] INFO  db.DBStoreBuilder (DBStoreBuilder.java:processTables(161)) - Using default column profile:DBProfile.DISK for Table:multipartInfoTable
2019-09-17 03:07:57,430 [main] INFO  db.DBStoreBuilder (DBStoreBuilder.java:addTable(110)) - using custom profile for table: dTokenTable
2019-09-17 03:07:57,430 [main] INFO  db.DBStoreBuilder (DBStoreBuilder.java:processTables(161)) - Using default column profile:DBProfile.DISK for Table:dTokenTable
2019-09-17 03:07:57,431 [main] INFO  db.DBStoreBuilder (DBStoreBuilder.java:addTable(110)) - using custom profile for table: s3SecretTable
2019-09-17 03:07:57,431 [main] INFO  db.DBStoreBuilder (DBStoreBuilder.java:processTables(161)) - Using default column profile:DBProfile.DISK for Table:s3SecretTable
2019-09-17 03:07:57,431 [main] INFO  db.DBStoreBuilder (DBStoreBuilder.java:addTable(110)) - using custom profile for table: prefixTable
2019-09-17 03:07:57,431 [main] INFO  db.DBStoreBuilder (DBStoreBuilder.java:processTables(161)) - Using default column profile:DBProfile.DISK for Table:prefixTable
2019-09-17 03:07:57,432 [main] INFO  db.DBStoreBuilder (DBStoreBuilder.java:addTable(110)) - using custom profile for table: default
2019-09-17 03:07:57,432 [main] INFO  db.DBStoreBuilder (DBStoreBuilder.java:processTables(167)) - Using default column profile:DBProfile.DISK for Table:default
2019-09-17 03:07:57,432 [main] INFO  db.DBStoreBuilder (DBStoreBuilder.java:getDbProfile(198)) - Using default options. DBProfile.DISK
2019-09-17 03:07:57,826 [main] INFO  ipc.CallQueueManager (CallQueueManager.java:<init>(84)) - Using callQueue: class java.util.concurrent.LinkedBlockingQueue, queueCapacity: 2000, scheduler: class org.apache.hadoop.ipc.DefaultRpcScheduler, ipcBackoff: false.
2019-09-17 03:07:57,827 [Socket Reader #1 for port 34756] INFO  ipc.Server (Server.java:run(1074)) - Starting Socket Reader #1 for port 34756
2019-09-17 03:07:57,851 [main] INFO  om.OzoneManager (OzoneManager.java:start(1240)) - OzoneManager RPC server is listening at localhost/127.0.0.1:34756
2019-09-17 03:07:57,851 [main] INFO  impl.MetricsSystemImpl (MetricsSystemImpl.java:init(158)) - OzoneManager metrics system started (again)
2019-09-17 03:07:57,853 [IPC Server Responder] INFO  ipc.Server (Server.java:run(1314)) - IPC Server Responder: starting
2019-09-17 03:07:57,853 [IPC Server listener on 34756] INFO  ipc.Server (Server.java:run(1153)) - IPC Server listener on 34756: starting
2019-09-17 03:07:57,858 [main] INFO  hdfs.DFSUtil (DFSUtil.java:httpServerTemplateForNNAndJN(1641)) - Starting Web-server for ozoneManager at: http://0.0.0.0:0
2019-09-17 03:07:57,861 [main] INFO  server.AuthenticationFilter (AuthenticationFilter.java:constructSecretProvider(240)) - Unable to initialize FileSignerSecretProvider, falling back to use random secrets.
2019-09-17 03:07:57,862 [main] WARN  http.HttpRequestLog (HttpRequestLog.java:getRequestLog(97)) - Jetty request log can only be enabled using Log4j
2019-09-17 03:07:57,865 [main] INFO  http.HttpServer2 (HttpServer2.java:addGlobalFilter(975)) - Added global filter 'safety' (class=org.apache.hadoop.http.HttpServer2$QuotingInputFilter)
2019-09-17 03:07:57,867 [main] INFO  http.HttpServer2 (HttpServer2.java:addFilter(948)) - Added filter static_user_filter (class=org.apache.hadoop.http.lib.StaticUserWebFilter$StaticUserFilter) to context ozoneManager
2019-09-17 03:07:57,867 [main] INFO  http.HttpServer2 (HttpServer2.java:addFilter(958)) - Added filter static_user_filter (class=org.apache.hadoop.http.lib.StaticUserWebFilter$StaticUserFilter) to context static
2019-09-17 03:07:57,868 [main] INFO  http.HttpServer2 (HttpServer2.java:addFilter(958)) - Added filter static_user_filter (class=org.apache.hadoop.http.lib.StaticUserWebFilter$StaticUserFilter) to context logs
2019-09-17 03:07:57,871 [main] INFO  http.HttpServer2 (HttpServer2.java:bindListener(1191)) - Jetty bound to port 46371
2019-09-17 03:07:57,871 [main] INFO  server.Server (Server.java:doStart(351)) - jetty-9.3.24.v20180605, build timestamp: 2018-06-05T17:11:56Z, git hash: 84205aa28f11a4f31f2a3b86d1bba2cc8ab69827
2019-09-17 03:07:57,874 [main] INFO  handler.ContextHandler (ContextHandler.java:doStart(781)) - Started o.e.j.s.ServletContextHandler@4fe875be{/logs,file:///workdir/hadoop-ozone/integration-test/target/log,AVAILABLE}
2019-09-17 03:07:57,875 [main] INFO  handler.ContextHandler (ContextHandler.java:doStart(781)) - Started o.e.j.s.ServletContextHandler@4a9486c0{/static,file:///workdir/hadoop-ozone/integration-test/target/test-classes/webapps/static,AVAILABLE}
2019-09-17 03:07:57,882 [main] INFO  handler.ContextHandler (ContextHandler.java:doStart(781)) - Started o.e.j.w.WebAppContext@3b569985{/,file:///workdir/hadoop-ozone/integration-test/target/test-classes/webapps/ozoneManager/,AVAILABLE}{/ozoneManager}
2019-09-17 03:07:57,883 [main] INFO  server.AbstractConnector (AbstractConnector.java:doStart(278)) - Started ServerConnector@3a022576{HTTP/1.1,[http/1.1]}{0.0.0.0:46371}
2019-09-17 03:07:57,884 [main] INFO  server.Server (Server.java:doStart(419)) - Started @4276ms
2019-09-17 03:07:57,884 [main] WARN  impl.MetricsSystemImpl (MetricsSystemImpl.java:register(276)) - Sink prometheus already exists!
2019-09-17 03:07:57,885 [main] INFO  server.BaseHttpServer (BaseHttpServer.java:updateConnectorAddress(215)) - HTTP server of OZONEMANAGER is listening at http://0.0.0.0:46371
2019-09-17 03:07:58,210 [main] INFO  impl.MetricsSystemImpl (MetricsSystemImpl.java:init(158)) - HddsDatanode metrics system started (again)
2019-09-17 03:07:58,266 [main] INFO  ozone.HddsDatanodeService (HddsDatanodeService.java:start(184)) - HddsDatanodeService host:pr-hdds-2139-j8dx6-1450124282 ip:192.168.151.92
2019-09-17 03:07:58,298 [main] INFO  volume.HddsVolume (HddsVolume.java:<init>(176)) - Creating Volume: /workdir/hadoop-ozone/integration-test/target/test-dir/MiniOzoneClusterImpl-56281cee-d7bb-45d5-81ae-0fbd03872c22/datanode-0/data/containers/hdds of  storage type : DISK and capacity : 1482555576320
2019-09-17 03:07:58,300 [main] INFO  volume.VolumeSet (VolumeSet.java:initializeVolumeSet(170)) - Added Volume : /workdir/hadoop-ozone/integration-test/target/test-dir/MiniOzoneClusterImpl-56281cee-d7bb-45d5-81ae-0fbd03872c22/datanode-0/data/containers/hdds to VolumeSet
2019-09-17 03:07:58,304 [main] INFO  volume.ThrottledAsyncChecker (ThrottledAsyncChecker.java:schedule(139)) - Scheduling a check for org.apache.hadoop.ozone.container.common.volume.HddsVolume@289fdb08
2019-09-17 03:07:58,322 [main] INFO  volume.HddsVolumeChecker (HddsVolumeChecker.java:checkAllVolumes(202)) - Scheduled health check for volume org.apache.hadoop.ozone.container.common.volume.HddsVolume@289fdb08
2019-09-17 03:07:58,432 [main] INFO  impl.RaftServerProxy (ConfUtils.java:logGet(43)) - raft.rpc.type = GRPC (default)
2019-09-17 03:07:58,497 [main] INFO  grpc.GrpcFactory (GrpcFactory.java:checkPooledByteBufAllocatorUseCacheForAllThreads(45)) - PERFORMANCE WARNING: useCacheForAllThreads is true that may cause Netty to create a lot garbage objects and, as a result, trigger GC.
	It is recommended to disable useCacheForAllThreads by setting -Dorg.apache.ratis.thirdparty.io.netty.allocator.useCacheForAllThreads=false in command line.
2019-09-17 03:07:58,502 [main] INFO  grpc.GrpcConfigKeys$Server (ConfUtils.java:logGet(43)) - raft.grpc.server.port = 0 (default)
2019-09-17 03:07:58,503 [main] INFO  server.GrpcService (ConfUtils.java:logGet(43)) - raft.grpc.message.size.max = 33570816 (custom)
2019-09-17 03:07:58,505 [main] INFO  server.RaftServerConfigKeys (ConfUtils.java:logGet(43)) - raft.server.log.appender.buffer.byte-limit = 33554432 (custom)
2019-09-17 03:07:58,505 [main] INFO  server.GrpcService (ConfUtils.java:logGet(43)) - raft.grpc.flow.control.window = 1MB (=1048576) (default)
2019-09-17 03:07:58,506 [main] INFO  server.RaftServerConfigKeys (ConfUtils.java:logGet(43)) - raft.server.rpc.request.timeout = 3000ms (default)
2019-09-17 03:07:58,666 [main] INFO  server.RaftServerConfigKeys (ConfUtils.java:logGet(43)) - raft.server.storage.dir = [/workdir/hadoop-ozone/integration-test/target/test-dir/MiniOzoneClusterImpl-56281cee-d7bb-45d5-81ae-0fbd03872c22/datanode-0/data/ratis] (custom)
2019-09-17 03:07:58,721 [main] INFO  hdfs.DFSUtil (DFSUtil.java:httpServerTemplateForNNAndJN(1641)) - Starting Web-server for hddsDatanode at: http://0.0.0.0:0
2019-09-17 03:07:58,724 [main] INFO  server.AuthenticationFilter (AuthenticationFilter.java:constructSecretProvider(240)) - Unable to initialize FileSignerSecretProvider, falling back to use random secrets.
2019-09-17 03:07:58,725 [main] WARN  http.HttpRequestLog (HttpRequestLog.java:getRequestLog(97)) - Jetty request log can only be enabled using Log4j
2019-09-17 03:07:58,727 [main] INFO  http.HttpServer2 (HttpServer2.java:addGlobalFilter(975)) - Added global filter 'safety' (class=org.apache.hadoop.http.HttpServer2$QuotingInputFilter)
2019-09-17 03:07:58,728 [main] INFO  http.HttpServer2 (HttpServer2.java:addFilter(948)) - Added filter static_user_filter (class=org.apache.hadoop.http.lib.StaticUserWebFilter$StaticUserFilter) to context hddsDatanode
2019-09-17 03:07:58,729 [main] INFO  http.HttpServer2 (HttpServer2.java:addFilter(958)) - Added filter static_user_filter (class=org.apache.hadoop.http.lib.StaticUserWebFilter$StaticUserFilter) to context logs
2019-09-17 03:07:58,729 [main] INFO  http.HttpServer2 (HttpServer2.java:addFilter(958)) - Added filter static_user_filter (class=org.apache.hadoop.http.lib.StaticUserWebFilter$StaticUserFilter) to context static
2019-09-17 03:07:58,731 [main] INFO  http.HttpServer2 (HttpServer2.java:bindListener(1191)) - Jetty bound to port 33051
2019-09-17 03:07:58,732 [main] INFO  server.Server (Server.java:doStart(351)) - jetty-9.3.24.v20180605, build timestamp: 2018-06-05T17:11:56Z, git hash: 84205aa28f11a4f31f2a3b86d1bba2cc8ab69827
2019-09-17 03:07:58,735 [main] INFO  handler.ContextHandler (ContextHandler.java:doStart(781)) - Started o.e.j.s.ServletContextHandler@7b6860f9{/logs,file:///workdir/hadoop-ozone/integration-test/target/log,AVAILABLE}
2019-09-17 03:07:58,736 [main] INFO  handler.ContextHandler (ContextHandler.java:doStart(781)) - Started o.e.j.s.ServletContextHandler@31ee2fdb{/static,jar:file:/home/user/.m2/repository/org/apache/hadoop/hadoop-hdds-container-service/0.5.0-SNAPSHOT/hadoop-hdds-container-service-0.5.0-SNAPSHOT.jar!/webapps/static,AVAILABLE}
2019-09-17 03:07:58,777 [main] INFO  handler.ContextHandler (ContextHandler.java:doStart(781)) - Started o.e.j.w.WebAppContext@2849434b{/,file:///tmp/jetty-0.0.0.0-33051-hddsDatanode-_-any-6990074311808080940.dir/webapp/,AVAILABLE}{/hddsDatanode}
2019-09-17 03:07:58,779 [main] INFO  server.AbstractConnector (AbstractConnector.java:doStart(278)) - Started ServerConnector@60bbacfc{HTTP/1.1,[http/1.1]}{0.0.0.0:33051}
2019-09-17 03:07:58,780 [main] INFO  server.Server (Server.java:doStart(419)) - Started @5172ms
2019-09-17 03:07:58,780 [main] WARN  impl.MetricsSystemImpl (MetricsSystemImpl.java:register(276)) - Sink prometheus already exists!
2019-09-17 03:07:58,781 [main] INFO  server.BaseHttpServer (BaseHttpServer.java:updateConnectorAddress(215)) - HTTP server of HDDSDATANODE is listening at http://0.0.0.0:33051
2019-09-17 03:07:58,782 [main] INFO  impl.MetricsSystemImpl (MetricsSystemImpl.java:init(158)) - HddsDatanode metrics system started (again)
2019-09-17 03:07:58,784 [main] INFO  ozone.HddsDatanodeService (HddsDatanodeService.java:start(184)) - HddsDatanodeService host:pr-hdds-2139-j8dx6-1450124282 ip:192.168.151.92
2019-09-17 03:07:58,786 [org.apache.hadoop.util.JvmPauseMonitor$Monitor@150fc1a3] INFO  util.JvmPauseMonitor (JvmPauseMonitor.java:run(188)) - Starting JVM pause monitor
2019-09-17 03:07:58,793 [main] INFO  volume.HddsVolume (HddsVolume.java:<init>(176)) - Creating Volume: /workdir/hadoop-ozone/integration-test/target/test-dir/MiniOzoneClusterImpl-56281cee-d7bb-45d5-81ae-0fbd03872c22/datanode-1/data/containers/hdds of  storage type : DISK and capacity : 1482555576320
2019-09-17 03:07:58,793 [main] INFO  volume.VolumeSet (VolumeSet.java:initializeVolumeSet(170)) - Added Volume : /workdir/hadoop-ozone/integration-test/target/test-dir/MiniOzoneClusterImpl-56281cee-d7bb-45d5-81ae-0fbd03872c22/datanode-1/data/containers/hdds to VolumeSet
2019-09-17 03:07:58,794 [main] INFO  volume.ThrottledAsyncChecker (ThrottledAsyncChecker.java:schedule(139)) - Scheduling a check for org.apache.hadoop.ozone.container.common.volume.HddsVolume@4c6007fb
2019-09-17 03:07:58,794 [main] INFO  volume.HddsVolumeChecker (HddsVolumeChecker.java:checkAllVolumes(202)) - Scheduled health check for volume org.apache.hadoop.ozone.container.common.volume.HddsVolume@4c6007fb
2019-09-17 03:07:58,809 [main] INFO  impl.RaftServerProxy (ConfUtils.java:logGet(43)) - raft.rpc.type = GRPC (default)
2019-09-17 03:07:58,810 [main] INFO  grpc.GrpcFactory (GrpcFactory.java:checkPooledByteBufAllocatorUseCacheForAllThreads(45)) - PERFORMANCE WARNING: useCacheForAllThreads is true that may cause Netty to create a lot garbage objects and, as a result, trigger GC.
	It is recommended to disable useCacheForAllThreads by setting -Dorg.apache.ratis.thirdparty.io.netty.allocator.useCacheForAllThreads=false in command line.
2019-09-17 03:07:58,810 [main] INFO  grpc.GrpcConfigKeys$Server (ConfUtils.java:logGet(43)) - raft.grpc.server.port = 0 (default)
2019-09-17 03:07:58,810 [main] INFO  server.GrpcService (ConfUtils.java:logGet(43)) - raft.grpc.message.size.max = 33570816 (custom)
2019-09-17 03:07:58,811 [main] INFO  server.RaftServerConfigKeys (ConfUtils.java:logGet(43)) - raft.server.log.appender.buffer.byte-limit = 33554432 (custom)
2019-09-17 03:07:58,811 [main] INFO  server.GrpcService (ConfUtils.java:logGet(43)) - raft.grpc.flow.control.window = 1MB (=1048576) (default)
2019-09-17 03:07:58,811 [main] INFO  server.RaftServerConfigKeys (ConfUtils.java:logGet(43)) - raft.server.rpc.request.timeout = 3000ms (default)
2019-09-17 03:07:58,812 [main] INFO  server.RaftServerConfigKeys (ConfUtils.java:logGet(43)) - raft.server.storage.dir = [/workdir/hadoop-ozone/integration-test/target/test-dir/MiniOzoneClusterImpl-56281cee-d7bb-45d5-81ae-0fbd03872c22/datanode-1/data/ratis] (custom)
2019-09-17 03:07:58,814 [main] INFO  hdfs.DFSUtil (DFSUtil.java:httpServerTemplateForNNAndJN(1641)) - Starting Web-server for hddsDatanode at: http://0.0.0.0:0
2019-09-17 03:07:58,816 [main] INFO  server.AuthenticationFilter (AuthenticationFilter.java:constructSecretProvider(240)) - Unable to initialize FileSignerSecretProvider, falling back to use random secrets.
2019-09-17 03:07:58,817 [main] WARN  http.HttpRequestLog (HttpRequestLog.java:getRequestLog(97)) - Jetty request log can only be enabled using Log4j
2019-09-17 03:07:58,819 [main] INFO  http.HttpServer2 (HttpServer2.java:addGlobalFilter(975)) - Added global filter 'safety' (class=org.apache.hadoop.http.HttpServer2$QuotingInputFilter)
2019-09-17 03:07:58,820 [main] INFO  http.HttpServer2 (HttpServer2.java:addFilter(948)) - Added filter static_user_filter (class=org.apache.hadoop.http.lib.StaticUserWebFilter$StaticUserFilter) to context hddsDatanode
2019-09-17 03:07:58,821 [main] INFO  http.HttpServer2 (HttpServer2.java:addFilter(958)) - Added filter static_user_filter (class=org.apache.hadoop.http.lib.StaticUserWebFilter$StaticUserFilter) to context static
2019-09-17 03:07:58,821 [main] INFO  http.HttpServer2 (HttpServer2.java:addFilter(958)) - Added filter static_user_filter (class=org.apache.hadoop.http.lib.StaticUserWebFilter$StaticUserFilter) to context logs
2019-09-17 03:07:58,822 [main] INFO  http.HttpServer2 (HttpServer2.java:bindListener(1191)) - Jetty bound to port 37013
2019-09-17 03:07:58,822 [main] INFO  server.Server (Server.java:doStart(351)) - jetty-9.3.24.v20180605, build timestamp: 2018-06-05T17:11:56Z, git hash: 84205aa28f11a4f31f2a3b86d1bba2cc8ab69827
2019-09-17 03:07:58,826 [main] INFO  handler.ContextHandler (ContextHandler.java:doStart(781)) - Started o.e.j.s.ServletContextHandler@3dffc764{/logs,file:///workdir/hadoop-ozone/integration-test/target/log,AVAILABLE}
2019-09-17 03:07:58,827 [main] INFO  handler.ContextHandler (ContextHandler.java:doStart(781)) - Started o.e.j.s.ServletContextHandler@561b61ed{/static,jar:file:/home/user/.m2/repository/org/apache/hadoop/hadoop-hdds-container-service/0.5.0-SNAPSHOT/hadoop-hdds-container-service-0.5.0-SNAPSHOT.jar!/webapps/static,AVAILABLE}
2019-09-17 03:07:58,858 [main] INFO  handler.ContextHandler (ContextHandler.java:doStart(781)) - Started o.e.j.w.WebAppContext@3c3a0032{/,file:///tmp/jetty-0.0.0.0-37013-hddsDatanode-_-any-7160581918144092857.dir/webapp/,AVAILABLE}{/hddsDatanode}
2019-09-17 03:07:58,860 [main] INFO  server.AbstractConnector (AbstractConnector.java:doStart(278)) - Started ServerConnector@7ceb4478{HTTP/1.1,[http/1.1]}{0.0.0.0:37013}
2019-09-17 03:07:58,861 [main] INFO  server.Server (Server.java:doStart(419)) - Started @5253ms
2019-09-17 03:07:58,861 [main] WARN  impl.MetricsSystemImpl (MetricsSystemImpl.java:register(276)) - Sink prometheus already exists!
2019-09-17 03:07:58,862 [main] INFO  server.BaseHttpServer (BaseHttpServer.java:updateConnectorAddress(215)) - HTTP server of HDDSDATANODE is listening at http://0.0.0.0:37013
2019-09-17 03:07:58,863 [main] INFO  impl.MetricsSystemImpl (MetricsSystemImpl.java:init(158)) - HddsDatanode metrics system started (again)
2019-09-17 03:07:58,865 [org.apache.hadoop.util.JvmPauseMonitor$Monitor@24fa63d8] INFO  util.JvmPauseMonitor (JvmPauseMonitor.java:run(188)) - Starting JVM pause monitor
2019-09-17 03:07:58,866 [main] INFO  ozone.HddsDatanodeService (HddsDatanodeService.java:start(184)) - HddsDatanodeService host:pr-hdds-2139-j8dx6-1450124282 ip:192.168.151.92
2019-09-17 03:07:58,873 [main] INFO  volume.HddsVolume (HddsVolume.java:<init>(176)) - Creating Volume: /workdir/hadoop-ozone/integration-test/target/test-dir/MiniOzoneClusterImpl-56281cee-d7bb-45d5-81ae-0fbd03872c22/datanode-2/data/containers/hdds of  storage type : DISK and capacity : 1482555576320
2019-09-17 03:07:58,873 [main] INFO  volume.VolumeSet (VolumeSet.java:initializeVolumeSet(170)) - Added Volume : /workdir/hadoop-ozone/integration-test/target/test-dir/MiniOzoneClusterImpl-56281cee-d7bb-45d5-81ae-0fbd03872c22/datanode-2/data/containers/hdds to VolumeSet
2019-09-17 03:07:58,873 [main] INFO  volume.ThrottledAsyncChecker (ThrottledAsyncChecker.java:schedule(139)) - Scheduling a check for org.apache.hadoop.ozone.container.common.volume.HddsVolume@4da6d664
2019-09-17 03:07:58,874 [main] INFO  volume.HddsVolumeChecker (HddsVolumeChecker.java:checkAllVolumes(202)) - Scheduled health check for volume org.apache.hadoop.ozone.container.common.volume.HddsVolume@4da6d664
2019-09-17 03:07:58,888 [main] INFO  impl.RaftServerProxy (ConfUtils.java:logGet(43)) - raft.rpc.type = GRPC (default)
2019-09-17 03:07:58,888 [main] INFO  grpc.GrpcFactory (GrpcFactory.java:checkPooledByteBufAllocatorUseCacheForAllThreads(45)) - PERFORMANCE WARNING: useCacheForAllThreads is true that may cause Netty to create a lot garbage objects and, as a result, trigger GC.
	It is recommended to disable useCacheForAllThreads by setting -Dorg.apache.ratis.thirdparty.io.netty.allocator.useCacheForAllThreads=false in command line.
2019-09-17 03:07:58,889 [main] INFO  grpc.GrpcConfigKeys$Server (ConfUtils.java:logGet(43)) - raft.grpc.server.port = 0 (default)
2019-09-17 03:07:58,889 [main] INFO  server.GrpcService (ConfUtils.java:logGet(43)) - raft.grpc.message.size.max = 33570816 (custom)
2019-09-17 03:07:58,889 [main] INFO  server.RaftServerConfigKeys (ConfUtils.java:logGet(43)) - raft.server.log.appender.buffer.byte-limit = 33554432 (custom)
2019-09-17 03:07:58,889 [main] INFO  server.GrpcService (ConfUtils.java:logGet(43)) - raft.grpc.flow.control.window = 1MB (=1048576) (default)
2019-09-17 03:07:58,890 [main] INFO  server.RaftServerConfigKeys (ConfUtils.java:logGet(43)) - raft.server.rpc.request.timeout = 3000ms (default)
2019-09-17 03:07:58,890 [main] INFO  server.RaftServerConfigKeys (ConfUtils.java:logGet(43)) - raft.server.storage.dir = [/workdir/hadoop-ozone/integration-test/target/test-dir/MiniOzoneClusterImpl-56281cee-d7bb-45d5-81ae-0fbd03872c22/datanode-2/data/ratis] (custom)
2019-09-17 03:07:58,893 [main] INFO  hdfs.DFSUtil (DFSUtil.java:httpServerTemplateForNNAndJN(1641)) - Starting Web-server for hddsDatanode at: http://0.0.0.0:0
2019-09-17 03:07:58,894 [main] INFO  server.AuthenticationFilter (AuthenticationFilter.java:constructSecretProvider(240)) - Unable to initialize FileSignerSecretProvider, falling back to use random secrets.
2019-09-17 03:07:58,894 [main] WARN  http.HttpRequestLog (HttpRequestLog.java:getRequestLog(97)) - Jetty request log can only be enabled using Log4j
2019-09-17 03:07:58,897 [main] INFO  http.HttpServer2 (HttpServer2.java:addGlobalFilter(975)) - Added global filter 'safety' (class=org.apache.hadoop.http.HttpServer2$QuotingInputFilter)
2019-09-17 03:07:58,898 [main] INFO  http.HttpServer2 (HttpServer2.java:addFilter(948)) - Added filter static_user_filter (class=org.apache.hadoop.http.lib.StaticUserWebFilter$StaticUserFilter) to context hddsDatanode
2019-09-17 03:07:58,898 [main] INFO  http.HttpServer2 (HttpServer2.java:addFilter(958)) - Added filter static_user_filter (class=org.apache.hadoop.http.lib.StaticUserWebFilter$StaticUserFilter) to context static
2019-09-17 03:07:58,898 [main] INFO  http.HttpServer2 (HttpServer2.java:addFilter(958)) - Added filter static_user_filter (class=org.apache.hadoop.http.lib.StaticUserWebFilter$StaticUserFilter) to context logs
2019-09-17 03:07:58,899 [main] INFO  http.HttpServer2 (HttpServer2.java:bindListener(1191)) - Jetty bound to port 44151
2019-09-17 03:07:58,899 [main] INFO  server.Server (Server.java:doStart(351)) - jetty-9.3.24.v20180605, build timestamp: 2018-06-05T17:11:56Z, git hash: 84205aa28f11a4f31f2a3b86d1bba2cc8ab69827
2019-09-17 03:07:58,901 [main] INFO  handler.ContextHandler (ContextHandler.java:doStart(781)) - Started o.e.j.s.ServletContextHandler@1aad0b1{/logs,file:///workdir/hadoop-ozone/integration-test/target/log,AVAILABLE}
2019-09-17 03:07:58,901 [main] INFO  handler.ContextHandler (ContextHandler.java:doStart(781)) - Started o.e.j.s.ServletContextHandler@5af8bb51{/static,jar:file:/home/user/.m2/repository/org/apache/hadoop/hadoop-hdds-container-service/0.5.0-SNAPSHOT/hadoop-hdds-container-service-0.5.0-SNAPSHOT.jar!/webapps/static,AVAILABLE}
2019-09-17 03:07:58,902 [Datanode State Machine Thread - 0] INFO  datanode.InitDatanodeState (InitDatanodeState.java:persistContainerDatanodeDetails(140)) - DatanodeDetails is persisted to /workdir/hadoop-ozone/integration-test/target/test-dir/MiniOzoneClusterImpl-56281cee-d7bb-45d5-81ae-0fbd03872c22/datanode-0/meta/datanode.id
2019-09-17 03:07:58,905 [Datanode State Machine Thread - 0] INFO  datanode.InitDatanodeState (InitDatanodeState.java:persistContainerDatanodeDetails(140)) - DatanodeDetails is persisted to /workdir/hadoop-ozone/integration-test/target/test-dir/MiniOzoneClusterImpl-56281cee-d7bb-45d5-81ae-0fbd03872c22/datanode-1/meta/datanode.id
2019-09-17 03:07:58,932 [main] INFO  handler.ContextHandler (ContextHandler.java:doStart(781)) - Started o.e.j.w.WebAppContext@56da7487{/,file:///tmp/jetty-0.0.0.0-44151-hddsDatanode-_-any-7543055559925958230.dir/webapp/,AVAILABLE}{/hddsDatanode}
2019-09-17 03:07:58,933 [main] INFO  server.AbstractConnector (AbstractConnector.java:doStart(278)) - Started ServerConnector@599e4d41{HTTP/1.1,[http/1.1]}{0.0.0.0:44151}
2019-09-17 03:07:58,934 [main] INFO  server.Server (Server.java:doStart(419)) - Started @5326ms
2019-09-17 03:07:58,934 [main] WARN  impl.MetricsSystemImpl (MetricsSystemImpl.java:register(276)) - Sink prometheus already exists!
2019-09-17 03:07:58,935 [main] INFO  server.BaseHttpServer (BaseHttpServer.java:updateConnectorAddress(215)) - HTTP server of HDDSDATANODE is listening at http://0.0.0.0:44151
2019-09-17 03:07:58,935 [main] INFO  impl.MetricsSystemImpl (MetricsSystemImpl.java:init(158)) - HddsDatanode metrics system started (again)
2019-09-17 03:07:58,938 [org.apache.hadoop.util.JvmPauseMonitor$Monitor@37c8a178] INFO  util.JvmPauseMonitor (JvmPauseMonitor.java:run(188)) - Starting JVM pause monitor
2019-09-17 03:07:58,938 [main] INFO  ozone.HddsDatanodeService (HddsDatanodeService.java:start(184)) - HddsDatanodeService host:pr-hdds-2139-j8dx6-1450124282 ip:192.168.151.92
2019-09-17 03:07:58,940 [Datanode State Machine Thread - 0] INFO  datanode.InitDatanodeState (InitDatanodeState.java:persistContainerDatanodeDetails(140)) - DatanodeDetails is persisted to /workdir/hadoop-ozone/integration-test/target/test-dir/MiniOzoneClusterImpl-56281cee-d7bb-45d5-81ae-0fbd03872c22/datanode-2/meta/datanode.id
2019-09-17 03:07:58,945 [main] INFO  volume.HddsVolume (HddsVolume.java:<init>(176)) - Creating Volume: /workdir/hadoop-ozone/integration-test/target/test-dir/MiniOzoneClusterImpl-56281cee-d7bb-45d5-81ae-0fbd03872c22/datanode-3/data/containers/hdds of  storage type : DISK and capacity : 1482555576320
2019-09-17 03:07:58,945 [main] INFO  volume.VolumeSet (VolumeSet.java:initializeVolumeSet(170)) - Added Volume : /workdir/hadoop-ozone/integration-test/target/test-dir/MiniOzoneClusterImpl-56281cee-d7bb-45d5-81ae-0fbd03872c22/datanode-3/data/containers/hdds to VolumeSet
2019-09-17 03:07:58,945 [main] INFO  volume.ThrottledAsyncChecker (ThrottledAsyncChecker.java:schedule(139)) - Scheduling a check for org.apache.hadoop.ozone.container.common.volume.HddsVolume@1981d861
2019-09-17 03:07:58,946 [main] INFO  volume.HddsVolumeChecker (HddsVolumeChecker.java:checkAllVolumes(202)) - Scheduled health check for volume org.apache.hadoop.ozone.container.common.volume.HddsVolume@1981d861
2019-09-17 03:07:58,959 [main] INFO  impl.RaftServerProxy (ConfUtils.java:logGet(43)) - raft.rpc.type = GRPC (default)
2019-09-17 03:07:58,960 [main] INFO  grpc.GrpcFactory (GrpcFactory.java:checkPooledByteBufAllocatorUseCacheForAllThreads(45)) - PERFORMANCE WARNING: useCacheForAllThreads is true that may cause Netty to create a lot garbage objects and, as a result, trigger GC.
	It is recommended to disable useCacheForAllThreads by setting -Dorg.apache.ratis.thirdparty.io.netty.allocator.useCacheForAllThreads=false in command line.
2019-09-17 03:07:58,960 [main] INFO  grpc.GrpcConfigKeys$Server (ConfUtils.java:logGet(43)) - raft.grpc.server.port = 0 (default)
2019-09-17 03:07:58,960 [main] INFO  server.GrpcService (ConfUtils.java:logGet(43)) - raft.grpc.message.size.max = 33570816 (custom)
2019-09-17 03:07:58,960 [main] INFO  server.RaftServerConfigKeys (ConfUtils.java:logGet(43)) - raft.server.log.appender.buffer.byte-limit = 33554432 (custom)
2019-09-17 03:07:58,960 [main] INFO  server.GrpcService (ConfUtils.java:logGet(43)) - raft.grpc.flow.control.window = 1MB (=1048576) (default)
2019-09-17 03:07:58,961 [main] INFO  server.RaftServerConfigKeys (ConfUtils.java:logGet(43)) - raft.server.rpc.request.timeout = 3000ms (default)
2019-09-17 03:07:58,961 [main] INFO  server.RaftServerConfigKeys (ConfUtils.java:logGet(43)) - raft.server.storage.dir = [/workdir/hadoop-ozone/integration-test/target/test-dir/MiniOzoneClusterImpl-56281cee-d7bb-45d5-81ae-0fbd03872c22/datanode-3/data/ratis] (custom)
2019-09-17 03:07:58,963 [main] INFO  hdfs.DFSUtil (DFSUtil.java:httpServerTemplateForNNAndJN(1641)) - Starting Web-server for hddsDatanode at: http://0.0.0.0:0
2019-09-17 03:07:58,964 [main] INFO  server.AuthenticationFilter (AuthenticationFilter.java:constructSecretProvider(240)) - Unable to initialize FileSignerSecretProvider, falling back to use random secrets.
2019-09-17 03:07:58,965 [main] WARN  http.HttpRequestLog (HttpRequestLog.java:getRequestLog(97)) - Jetty request log can only be enabled using Log4j
2019-09-17 03:07:58,966 [main] INFO  http.HttpServer2 (HttpServer2.java:addGlobalFilter(975)) - Added global filter 'safety' (class=org.apache.hadoop.http.HttpServer2$QuotingInputFilter)
2019-09-17 03:07:58,967 [main] INFO  http.HttpServer2 (HttpServer2.java:addFilter(948)) - Added filter static_user_filter (class=org.apache.hadoop.http.lib.StaticUserWebFilter$StaticUserFilter) to context hddsDatanode
2019-09-17 03:07:58,967 [main] INFO  http.HttpServer2 (HttpServer2.java:addFilter(958)) - Added filter static_user_filter (class=org.apache.hadoop.http.lib.StaticUserWebFilter$StaticUserFilter) to context logs
2019-09-17 03:07:58,967 [main] INFO  http.HttpServer2 (HttpServer2.java:addFilter(958)) - Added filter static_user_filter (class=org.apache.hadoop.http.lib.StaticUserWebFilter$StaticUserFilter) to context static
2019-09-17 03:07:58,968 [main] INFO  http.HttpServer2 (HttpServer2.java:bindListener(1191)) - Jetty bound to port 41950
2019-09-17 03:07:58,968 [main] INFO  server.Server (Server.java:doStart(351)) - jetty-9.3.24.v20180605, build timestamp: 2018-06-05T17:11:56Z, git hash: 84205aa28f11a4f31f2a3b86d1bba2cc8ab69827
2019-09-17 03:07:58,973 [main] INFO  handler.ContextHandler (ContextHandler.java:doStart(781)) - Started o.e.j.s.ServletContextHandler@68ab0936{/logs,file:///workdir/hadoop-ozone/integration-test/target/log,AVAILABLE}
2019-09-17 03:07:58,974 [main] INFO  handler.ContextHandler (ContextHandler.java:doStart(781)) - Started o.e.j.s.ServletContextHandler@42b84286{/static,jar:file:/home/user/.m2/repository/org/apache/hadoop/hadoop-hdds-container-service/0.5.0-SNAPSHOT/hadoop-hdds-container-service-0.5.0-SNAPSHOT.jar!/webapps/static,AVAILABLE}
2019-09-17 03:07:59,003 [main] INFO  handler.ContextHandler (ContextHandler.java:doStart(781)) - Started o.e.j.w.WebAppContext@6caf7803{/,file:///tmp/jetty-0.0.0.0-41950-hddsDatanode-_-any-5118069265653961305.dir/webapp/,AVAILABLE}{/hddsDatanode}
2019-09-17 03:07:59,003 [main] INFO  server.AbstractConnector (AbstractConnector.java:doStart(278)) - Started ServerConnector@709ed6f3{HTTP/1.1,[http/1.1]}{0.0.0.0:41950}
2019-09-17 03:07:59,005 [main] INFO  server.Server (Server.java:doStart(419)) - Started @5396ms
2019-09-17 03:07:59,005 [main] WARN  impl.MetricsSystemImpl (MetricsSystemImpl.java:register(276)) - Sink prometheus already exists!
2019-09-17 03:07:59,006 [main] INFO  server.BaseHttpServer (BaseHttpServer.java:updateConnectorAddress(215)) - HTTP server of HDDSDATANODE is listening at http://0.0.0.0:41950
2019-09-17 03:07:59,009 [org.apache.hadoop.util.JvmPauseMonitor$Monitor@4ad52d61] INFO  util.JvmPauseMonitor (JvmPauseMonitor.java:run(188)) - Starting JVM pause monitor
2019-09-17 03:07:59,009 [main] INFO  ozone.MiniOzoneClusterImpl (MiniOzoneClusterImpl.java:lambda$waitForClusterToBeReady$0(145)) - Waiting for cluster to be ready. Got 0 of 4 DN Heartbeats.
2019-09-17 03:07:59,011 [Datanode State Machine Thread - 0] INFO  datanode.InitDatanodeState (InitDatanodeState.java:persistContainerDatanodeDetails(140)) - DatanodeDetails is persisted to /workdir/hadoop-ozone/integration-test/target/test-dir/MiniOzoneClusterImpl-56281cee-d7bb-45d5-81ae-0fbd03872c22/datanode-3/meta/datanode.id
2019-09-17 03:08:00,010 [main] INFO  ozone.MiniOzoneClusterImpl (MiniOzoneClusterImpl.java:lambda$waitForClusterToBeReady$0(145)) - Waiting for cluster to be ready. Got 0 of 4 DN Heartbeats.
2019-09-17 03:08:00,878 [Datanode State Machine Thread - 0] INFO  ozoneimpl.OzoneContainer (OzoneContainer.java:start(217)) - Attempting to start container services.
2019-09-17 03:08:00,880 [Datanode State Machine Thread - 0] INFO  ozoneimpl.OzoneContainer (OzoneContainer.java:start(217)) - Attempting to start container services.
2019-09-17 03:08:00,881 [Datanode State Machine Thread - 0] INFO  ozoneimpl.OzoneContainer (OzoneContainer.java:startContainerScrub(179)) - Background container scanner has been disabled.
2019-09-17 03:08:00,885 [Datanode State Machine Thread - 0] INFO  ozoneimpl.OzoneContainer (OzoneContainer.java:startContainerScrub(179)) - Background container scanner has been disabled.
2019-09-17 03:08:00,885 [Datanode State Machine Thread - 0] INFO  ratis.XceiverServerRatis (XceiverServerRatis.java:start(411)) - Starting XceiverServerRatis c4d38cfc-376d-4425-bc69-78113d3ff62e at port 0
2019-09-17 03:08:00,886 [Datanode State Machine Thread - 0] INFO  ratis.XceiverServerRatis (XceiverServerRatis.java:start(411)) - Starting XceiverServerRatis 3ddf6a6f-4836-4e24-9a32-96f656a8f9d8 at port 0
2019-09-17 03:08:00,924 [Datanode State Machine Thread - 0] INFO  impl.RaftServerProxy (RaftServerProxy.java:lambda$start$3(299)) - 3ddf6a6f-4836-4e24-9a32-96f656a8f9d8: start RPC server
2019-09-17 03:08:00,924 [Datanode State Machine Thread - 0] INFO  impl.RaftServerProxy (RaftServerProxy.java:lambda$start$3(299)) - c4d38cfc-376d-4425-bc69-78113d3ff62e: start RPC server
2019-09-17 03:08:00,964 [Datanode State Machine Thread - 0] INFO  ozoneimpl.OzoneContainer (OzoneContainer.java:start(217)) - Attempting to start container services.
2019-09-17 03:08:00,966 [Datanode State Machine Thread - 0] INFO  ozoneimpl.OzoneContainer (OzoneContainer.java:startContainerScrub(179)) - Background container scanner has been disabled.
2019-09-17 03:08:00,966 [Datanode State Machine Thread - 0] INFO  ratis.XceiverServerRatis (XceiverServerRatis.java:start(411)) - Starting XceiverServerRatis 37967329-5758-4c49-8e48-9ef753dc4f59 at port 0
2019-09-17 03:08:00,972 [Datanode State Machine Thread - 0] INFO  impl.RaftServerProxy (RaftServerProxy.java:lambda$start$3(299)) - 37967329-5758-4c49-8e48-9ef753dc4f59: start RPC server
2019-09-17 03:08:01,010 [main] INFO  ozone.MiniOzoneClusterImpl (MiniOzoneClusterImpl.java:lambda$waitForClusterToBeReady$0(145)) - Waiting for cluster to be ready. Got 0 of 4 DN Heartbeats.
2019-09-17 03:08:01,025 [Datanode State Machine Thread - 0] INFO  ozoneimpl.OzoneContainer (OzoneContainer.java:start(217)) - Attempting to start container services.
2019-09-17 03:08:01,027 [Datanode State Machine Thread - 0] INFO  ozoneimpl.OzoneContainer (OzoneContainer.java:startContainerScrub(179)) - Background container scanner has been disabled.
2019-09-17 03:08:01,027 [Datanode State Machine Thread - 0] INFO  ratis.XceiverServerRatis (XceiverServerRatis.java:start(411)) - Starting XceiverServerRatis dec1f0b2-69f6-4b04-a91b-744abc466a19 at port 0
2019-09-17 03:08:01,034 [Datanode State Machine Thread - 0] INFO  impl.RaftServerProxy (RaftServerProxy.java:lambda$start$3(299)) - dec1f0b2-69f6-4b04-a91b-744abc466a19: start RPC server
2019-09-17 03:08:01,059 [Datanode State Machine Thread - 0] INFO  server.GrpcService (GrpcService.java:startImpl(158)) - c4d38cfc-376d-4425-bc69-78113d3ff62e: GrpcService started, listening on 0.0.0.0/0.0.0.0:38488
2019-09-17 03:08:01,059 [Datanode State Machine Thread - 0] INFO  server.GrpcService (GrpcService.java:startImpl(158)) - 3ddf6a6f-4836-4e24-9a32-96f656a8f9d8: GrpcService started, listening on 0.0.0.0/0.0.0.0:46238
2019-09-17 03:08:01,059 [Datanode State Machine Thread - 0] INFO  server.GrpcService (GrpcService.java:startImpl(158)) - 37967329-5758-4c49-8e48-9ef753dc4f59: GrpcService started, listening on 0.0.0.0/0.0.0.0:35108
2019-09-17 03:08:01,059 [Datanode State Machine Thread - 0] INFO  server.GrpcService (GrpcService.java:startImpl(158)) - dec1f0b2-69f6-4b04-a91b-744abc466a19: GrpcService started, listening on 0.0.0.0/0.0.0.0:40235
2019-09-17 03:08:01,061 [Datanode State Machine Thread - 0] INFO  ratis.XceiverServerRatis (XceiverServerRatis.java:start(421)) - XceiverServerRatis 37967329-5758-4c49-8e48-9ef753dc4f59 is started using port 35108
2019-09-17 03:08:01,061 [Datanode State Machine Thread - 0] INFO  ratis.XceiverServerRatis (XceiverServerRatis.java:start(421)) - XceiverServerRatis 3ddf6a6f-4836-4e24-9a32-96f656a8f9d8 is started using port 46238
2019-09-17 03:08:01,060 [Datanode State Machine Thread - 0] INFO  ratis.XceiverServerRatis (XceiverServerRatis.java:start(421)) - XceiverServerRatis c4d38cfc-376d-4425-bc69-78113d3ff62e is started using port 38488
2019-09-17 03:08:01,061 [Datanode State Machine Thread - 0] INFO  ratis.XceiverServerRatis (XceiverServerRatis.java:start(421)) - XceiverServerRatis dec1f0b2-69f6-4b04-a91b-744abc466a19 is started using port 40235
2019-09-17 03:08:01,068 [Datanode State Machine Thread - 0] INFO  server.XceiverServerGrpc (XceiverServerGrpc.java:start(163)) - XceiverServerGrpc dec1f0b2-69f6-4b04-a91b-744abc466a19 is started using port 34612
2019-09-17 03:08:01,069 [Datanode State Machine Thread - 0] INFO  server.XceiverServerGrpc (XceiverServerGrpc.java:start(163)) - XceiverServerGrpc c4d38cfc-376d-4425-bc69-78113d3ff62e is started using port 34901
2019-09-17 03:08:01,070 [Datanode State Machine Thread - 0] INFO  server.XceiverServerGrpc (XceiverServerGrpc.java:start(163)) - XceiverServerGrpc 37967329-5758-4c49-8e48-9ef753dc4f59 is started using port 40845
2019-09-17 03:08:01,070 [Datanode State Machine Thread - 0] INFO  server.XceiverServerGrpc (XceiverServerGrpc.java:start(163)) - XceiverServerGrpc 3ddf6a6f-4836-4e24-9a32-96f656a8f9d8 is started using port 39179
2019-09-17 03:08:02,011 [main] INFO  ozone.MiniOzoneClusterImpl (MiniOzoneClusterImpl.java:lambda$waitForClusterToBeReady$0(145)) - Waiting for cluster to be ready. Got 0 of 4 DN Heartbeats.
2019-09-17 03:08:02,812 [IPC Server handler 1 on 40146] INFO  net.NetworkTopology (NetworkTopologyImpl.java:add(111)) - Added a new node: /default-rack/c4d38cfc-376d-4425-bc69-78113d3ff62e
2019-09-17 03:08:02,812 [IPC Server handler 1 on 40146] INFO  node.SCMNodeManager (SCMNodeManager.java:register(266)) - Registered Data node : c4d38cfc-376d-4425-bc69-78113d3ff62e{ip: 192.168.151.92, host: pr-hdds-2139-j8dx6-1450124282, networkLocation: /default-rack, certSerialId: null}
2019-09-17 03:08:02,817 [EventQueue-NodeRegistrationContainerReportForDataNodeSafeModeRule] INFO  safemode.SCMSafeModeManager (DataNodeSafeModeRule.java:process(71)) - SCM in safe mode. 1 DataNodes registered, 1 required.
2019-09-17 03:08:02,817 [EventQueue-NodeRegistrationContainerReportForDataNodeSafeModeRule] INFO  safemode.SCMSafeModeManager (SCMSafeModeManager.java:validateSafeModeExitRules(177)) - ScmSafeModeManager, all rules are successfully validated
2019-09-17 03:08:02,817 [EventQueue-NodeRegistrationContainerReportForDataNodeSafeModeRule] INFO  safemode.SCMSafeModeManager (SCMSafeModeManager.java:exitSafeMode(193)) - SCM exiting safe mode.
2019-09-17 03:08:02,868 [IPC Server handler 0 on 40146] INFO  net.NetworkTopology (NetworkTopologyImpl.java:add(111)) - Added a new node: /default-rack/3ddf6a6f-4836-4e24-9a32-96f656a8f9d8
2019-09-17 03:08:02,869 [IPC Server handler 0 on 40146] INFO  node.SCMNodeManager (SCMNodeManager.java:register(266)) - Registered Data node : 3ddf6a6f-4836-4e24-9a32-96f656a8f9d8{ip: 192.168.151.92, host: pr-hdds-2139-j8dx6-1450124282, networkLocation: /default-rack, certSerialId: null}
2019-09-17 03:08:02,941 [IPC Server handler 2 on 40146] INFO  net.NetworkTopology (NetworkTopologyImpl.java:add(111)) - Added a new node: /default-rack/37967329-5758-4c49-8e48-9ef753dc4f59
2019-09-17 03:08:02,941 [IPC Server handler 2 on 40146] INFO  node.SCMNodeManager (SCMNodeManager.java:register(266)) - Registered Data node : 37967329-5758-4c49-8e48-9ef753dc4f59{ip: 192.168.151.92, host: pr-hdds-2139-j8dx6-1450124282, networkLocation: /default-rack, certSerialId: null}
2019-09-17 03:08:03,012 [IPC Server handler 5 on 40146] INFO  net.NetworkTopology (NetworkTopologyImpl.java:add(111)) - Added a new node: /default-rack/dec1f0b2-69f6-4b04-a91b-744abc466a19
2019-09-17 03:08:03,012 [main] INFO  ozone.MiniOzoneClusterImpl (MiniOzoneClusterImpl.java:lambda$waitForClusterToBeReady$0(145)) - Cluster is ready. Got 4 of 4 DN Heartbeats.
2019-09-17 03:08:03,012 [IPC Server handler 5 on 40146] INFO  node.SCMNodeManager (SCMNodeManager.java:register(266)) - Registered Data node : dec1f0b2-69f6-4b04-a91b-744abc466a19{ip: 192.168.151.92, host: pr-hdds-2139-j8dx6-1450124282, networkLocation: /default-rack, certSerialId: null}
2019-09-17 03:08:03,016 [main] INFO  container.ReplicationManager (ReplicationManager.java:start(162)) - Starting Replication Monitor Thread.
2019-09-17 03:08:03,017 [ReplicationMonitor] INFO  container.ReplicationManager (ReplicationManager.java:run(225)) - Replication Monitor Thread took 1 milliseconds for processing 0 containers.
2019-09-17 03:08:03,327 [grpc-default-executor-0] INFO  impl.RaftServerProxy (RaftServerProxy.java:addNew(89)) - c4d38cfc-376d-4425-bc69-78113d3ff62e: addNew group-6E5AFEBCEF65:[c4d38cfc-376d-4425-bc69-78113d3ff62e:192.168.151.92:38488] returns group-6E5AFEBCEF65:java.util.concurrent.CompletableFuture@1d4bab15[Not completed]
2019-09-17 03:08:03,342 [pool-27-thread-1] INFO  impl.RaftServerImpl (RaftServerImpl.java:<init>(95)) - c4d38cfc-376d-4425-bc69-78113d3ff62e: new RaftServerImpl for group-6E5AFEBCEF65:[c4d38cfc-376d-4425-bc69-78113d3ff62e:192.168.151.92:38488] with ContainerStateMachine:uninitialized
2019-09-17 03:08:03,344 [pool-27-thread-1] INFO  server.RaftServerConfigKeys (ConfUtils.java:logGet(43)) - raft.server.rpc.timeout.min = 5s (custom)
2019-09-17 03:08:03,346 [pool-27-thread-1] INFO  server.RaftServerConfigKeys (ConfUtils.java:logGet(43)) - raft.server.rpc.timeout.max = 5200ms (custom)
2019-09-17 03:08:03,346 [pool-27-thread-1] INFO  server.RaftServerConfigKeys (ConfUtils.java:logGet(43)) - raft.server.rpcslowness.timeout = 1000s (custom)
2019-09-17 03:08:03,346 [pool-27-thread-1] INFO  server.RaftServerConfigKeys (ConfUtils.java:logGet(43)) - raft.server.sleep.deviation.threshold = 300 (default)
2019-09-17 03:08:03,347 [pool-27-thread-1] INFO  server.RaftServerConfigKeys (ConfUtils.java:logGet(43)) - raft.server.log.appender.install.snapshot.enabled = false (custom)
2019-09-17 03:08:03,353 [pool-27-thread-1] INFO  impl.RaftServerImpl (ServerState.java:<init>(103)) - c4d38cfc-376d-4425-bc69-78113d3ff62e@group-6E5AFEBCEF65: ConfigurationManager, init=-1: [c4d38cfc-376d-4425-bc69-78113d3ff62e:192.168.151.92:38488], old=null, confs=<EMPTY_MAP>
2019-09-17 03:08:03,354 [pool-27-thread-1] INFO  server.RaftServerConfigKeys (ConfUtils.java:logGet(43)) - raft.server.storage.dir = [/workdir/hadoop-ozone/integration-test/target/test-dir/MiniOzoneClusterImpl-56281cee-d7bb-45d5-81ae-0fbd03872c22/datanode-0/data/ratis] (custom)
2019-09-17 03:08:03,360 [pool-27-thread-1] INFO  storage.RaftStorageDirectory (RaftStorageDirectory.java:analyzeStorage(246)) - The storage directory /workdir/hadoop-ozone/integration-test/target/test-dir/MiniOzoneClusterImpl-56281cee-d7bb-45d5-81ae-0fbd03872c22/datanode-0/data/ratis/5dcd4892-50a7-42ab-a875-6e5afebcef65 does not exist. Creating ...
2019-09-17 03:08:03,394 [pool-27-thread-1] INFO  storage.RaftStorageDirectory (RaftStorageDirectory.java:tryLock(328)) - Lock on /workdir/hadoop-ozone/integration-test/target/test-dir/MiniOzoneClusterImpl-56281cee-d7bb-45d5-81ae-0fbd03872c22/datanode-0/data/ratis/5dcd4892-50a7-42ab-a875-6e5afebcef65/in_use.lock acquired by nodename 13108@pr-hdds-2139-j8dx6-1450124282
2019-09-17 03:08:03,409 [pool-27-thread-1] INFO  storage.RaftStorage (RaftStorage.java:format(72)) - Storage directory /workdir/hadoop-ozone/integration-test/target/test-dir/MiniOzoneClusterImpl-56281cee-d7bb-45d5-81ae-0fbd03872c22/datanode-0/data/ratis/5dcd4892-50a7-42ab-a875-6e5afebcef65 has been successfully formatted.
2019-09-17 03:08:03,411 [pool-27-thread-1] INFO  ratis.ContainerStateMachine (ContainerStateMachine.java:loadSnapshot(230)) - group-6E5AFEBCEF65: The snapshot info is null. Setting the last applied indexto:(t:0, i:~)
2019-09-17 03:08:03,411 [pool-27-thread-1] INFO  server.RaftServerConfigKeys (ConfUtils.java:logGet(43)) - raft.server.notification.no-leader.timeout = 1000s (custom)
2019-09-17 03:08:03,413 [pool-27-thread-1] INFO  server.RaftServerConfigKeys (ConfUtils.java:logGet(43)) - raft.server.log.use.memory = false (default)
2019-09-17 03:08:03,418 [pool-27-thread-1] INFO  server.RaftServerConfigKeys (ConfUtils.java:logGet(43)) - raft.server.log.purge.gap = 1000000 (custom)
2019-09-17 03:08:03,418 [pool-27-thread-1] INFO  server.RaftServerConfigKeys (ConfUtils.java:logGet(43)) - raft.server.log.appender.buffer.byte-limit = 33554432 (custom)
2019-09-17 03:08:03,420 [pool-27-thread-1] INFO  server.RaftServerConfigKeys (ConfUtils.java:logGet(43)) - raft.server.log.segment.size.max = 1048576 (custom)
2019-09-17 03:08:03,424 [pool-27-thread-1] INFO  server.RaftServerConfigKeys (ConfUtils.java:logGet(43)) - raft.server.log.segment.cache.num.max = 2 (custom)
2019-09-17 03:08:03,429 [pool-27-thread-1] INFO  segmented.SegmentedRaftLogWorker (SegmentedRaftLogWorker.java:<init>(172)) - new c4d38cfc-376d-4425-bc69-78113d3ff62e@group-6E5AFEBCEF65-SegmentedRaftLogWorker for RaftStorage:Storage Directory /workdir/hadoop-ozone/integration-test/target/test-dir/MiniOzoneClusterImpl-56281cee-d7bb-45d5-81ae-0fbd03872c22/datanode-0/data/ratis/5dcd4892-50a7-42ab-a875-6e5afebcef65
2019-09-17 03:08:03,431 [pool-27-thread-1] INFO  impl.MetricsSystemImpl (MetricsSystemImpl.java:init(158)) - ratis metrics system started (again)
2019-09-17 03:08:03,461 [pool-27-thread-1] INFO  server.RaftServerConfigKeys (ConfUtils.java:logGet(43)) - raft.server.log.queue.byte-limit = 2147483647 (custom)
2019-09-17 03:08:03,462 [pool-27-thread-1] INFO  server.RaftServerConfigKeys (ConfUtils.java:logGet(43)) - raft.server.log.queue.element-limit = 1024 (custom)
2019-09-17 03:08:03,466 [pool-27-thread-1] INFO  server.RaftServerConfigKeys (ConfUtils.java:logGet(43)) - raft.server.log.segment.size.max = 1048576 (custom)
2019-09-17 03:08:03,467 [pool-27-thread-1] INFO  server.RaftServerConfigKeys (ConfUtils.java:logGet(43)) - raft.server.log.preallocated.size = 16384 (custom)
2019-09-17 03:08:03,468 [pool-27-thread-1] INFO  server.RaftServerConfigKeys (ConfUtils.java:logGet(43)) - raft.server.log.write.buffer.size = 33554432 (custom)
2019-09-17 03:08:03,469 [pool-27-thread-1] INFO  server.RaftServerConfigKeys (ConfUtils.java:logGet(43)) - raft.server.log.force.sync.num = 128 (default)
2019-09-17 03:08:03,472 [pool-27-thread-1] INFO  server.RaftServerConfigKeys (ConfUtils.java:logGet(43)) - raft.server.log.statemachine.data.sync = true (default)
2019-09-17 03:08:03,473 [pool-27-thread-1] INFO  server.RaftServerConfigKeys (ConfUtils.java:logGet(43)) - raft.server.log.statemachine.data.sync.timeout = 10s (default)
2019-09-17 03:08:03,479 [pool-27-thread-1] INFO  server.RaftServerConfigKeys (ConfUtils.java:logGet(43)) - raft.server.log.statemachine.data.sync.timeout.retry = -1 (default)
2019-09-17 03:08:03,495 [pool-27-thread-1] INFO  server.RaftServerConfigKeys (ConfUtils.java:logGet(43)) - raft.server.log.statemachine.data.caching.enabled = true (custom)
2019-09-17 03:08:03,504 [pool-27-thread-1] INFO  segmented.SegmentedRaftLogWorker (SegmentedRaftLogWorker.java:lambda$new$0(132)) - c4d38cfc-376d-4425-bc69-78113d3ff62e@group-6E5AFEBCEF65-SegmentedRaftLogWorker: flushIndex: setUnconditionally 0 -> -1
2019-09-17 03:08:03,516 [pool-27-thread-1] INFO  server.RaftServerConfigKeys (ConfUtils.java:logGet(43)) - raft.server.snapshot.auto.trigger.enabled = true (custom)
2019-09-17 03:08:03,517 [pool-27-thread-1] INFO  server.RaftServerConfigKeys (ConfUtils.java:logGet(43)) - raft.server.snapshot.auto.trigger.threshold = 10000 (custom)
2019-09-17 03:08:03,518 [pool-27-thread-1] INFO  server.RaftServerConfigKeys (ConfUtils.java:logGet(43)) - raft.server.snapshot.retention.num.files = 5 (custom)
2019-09-17 03:08:03,519 [pool-27-thread-1] INFO  server.RaftServerConfigKeys (ConfUtils.java:logGet(43)) - raft.server.retrycache.expirytime = 600000ms (custom)
2019-09-17 03:08:03,560 [pool-27-thread-1] INFO  impl.RaftServerImpl (RaftServerImpl.java:start(185)) - c4d38cfc-376d-4425-bc69-78113d3ff62e@group-6E5AFEBCEF65: start as a follower, conf=-1: [c4d38cfc-376d-4425-bc69-78113d3ff62e:192.168.151.92:38488], old=null
2019-09-17 03:08:03,561 [pool-27-thread-1] INFO  impl.RaftServerImpl (RaftServerImpl.java:setRole(174)) - c4d38cfc-376d-4425-bc69-78113d3ff62e@group-6E5AFEBCEF65: changes role from      null to FOLLOWER at term 0 for startAsFollower
2019-09-17 03:08:03,561 [main] INFO  rpc.RpcClient (RpcClient.java:createVolume(302)) - Creating Volume: testcontainerstatemachinefailures, with jenkins1000 as owner.
2019-09-17 03:08:03,562 [pool-27-thread-1] INFO  impl.RoleInfo (RoleInfo.java:updateAndGet(143)) - c4d38cfc-376d-4425-bc69-78113d3ff62e: start FollowerState
2019-09-17 03:08:03,564 [pool-27-thread-1] INFO  util.JmxRegister (JmxRegister.java:tryRegister(44)) - Successfully registered JMX Bean with object name Ratis:service=RaftServer,group=group-6E5AFEBCEF65,id=c4d38cfc-376d-4425-bc69-78113d3ff62e
2019-09-17 03:08:03,622 [RatisPipelineUtilsThread] INFO  pipeline.PipelineStateManager (PipelineStateManager.java:addPipeline(56)) - Created pipeline Pipeline[ Id: 5dcd4892-50a7-42ab-a875-6e5afebcef65, Nodes: c4d38cfc-376d-4425-bc69-78113d3ff62e{ip: 192.168.151.92, host: pr-hdds-2139-j8dx6-1450124282, networkLocation: /default-rack, certSerialId: null}, Type:RATIS, Factor:ONE, State:OPEN]
2019-09-17 03:08:03,642 [grpc-default-executor-0] INFO  impl.RaftServerProxy (RaftServerProxy.java:addNew(89)) - 37967329-5758-4c49-8e48-9ef753dc4f59: addNew group-E07D5FAE82E4:[37967329-5758-4c49-8e48-9ef753dc4f59:192.168.151.92:35108] returns group-E07D5FAE82E4:java.util.concurrent.CompletableFuture@4c766a8d[Not completed]
2019-09-17 03:08:03,677 [pool-47-thread-1] INFO  impl.RaftServerImpl (RaftServerImpl.java:<init>(95)) - 37967329-5758-4c49-8e48-9ef753dc4f59: new RaftServerImpl for group-E07D5FAE82E4:[37967329-5758-4c49-8e48-9ef753dc4f59:192.168.151.92:35108] with ContainerStateMachine:uninitialized
2019-09-17 03:08:03,679 [pool-47-thread-1] INFO  server.RaftServerConfigKeys (ConfUtils.java:logGet(43)) - raft.server.rpc.timeout.min = 5s (custom)
2019-09-17 03:08:03,679 [pool-47-thread-1] INFO  server.RaftServerConfigKeys (ConfUtils.java:logGet(43)) - raft.server.rpc.timeout.max = 5200ms (custom)
2019-09-17 03:08:03,680 [pool-47-thread-1] INFO  server.RaftServerConfigKeys (ConfUtils.java:logGet(43)) - raft.server.rpcslowness.timeout = 1000s (custom)
2019-09-17 03:08:03,680 [pool-47-thread-1] INFO  server.RaftServerConfigKeys (ConfUtils.java:logGet(43)) - raft.server.sleep.deviation.threshold = 300 (default)
2019-09-17 03:08:03,680 [pool-47-thread-1] INFO  server.RaftServerConfigKeys (ConfUtils.java:logGet(43)) - raft.server.log.appender.install.snapshot.enabled = false (custom)
2019-09-17 03:08:03,680 [pool-47-thread-1] INFO  impl.RaftServerImpl (ServerState.java:<init>(103)) - 37967329-5758-4c49-8e48-9ef753dc4f59@group-E07D5FAE82E4: ConfigurationManager, init=-1: [37967329-5758-4c49-8e48-9ef753dc4f59:192.168.151.92:35108], old=null, confs=<EMPTY_MAP>
2019-09-17 03:08:03,681 [pool-47-thread-1] INFO  server.RaftServerConfigKeys (ConfUtils.java:logGet(43)) - raft.server.storage.dir = [/workdir/hadoop-ozone/integration-test/target/test-dir/MiniOzoneClusterImpl-56281cee-d7bb-45d5-81ae-0fbd03872c22/datanode-2/data/ratis] (custom)
2019-09-17 03:08:03,681 [pool-47-thread-1] INFO  storage.RaftStorageDirectory (RaftStorageDirectory.java:analyzeStorage(246)) - The storage directory /workdir/hadoop-ozone/integration-test/target/test-dir/MiniOzoneClusterImpl-56281cee-d7bb-45d5-81ae-0fbd03872c22/datanode-2/data/ratis/1ddad93e-7402-466f-b5f6-e07d5fae82e4 does not exist. Creating ...
2019-09-17 03:08:03,704 [IPC Server handler 1 on 34756] INFO  volume.OMVolumeCreateRequest (OMVolumeCreateRequest.java:validateAndUpdateCache(189)) - created volume:testcontainerstatemachinefailures for user:jenkins1000
2019-09-17 03:08:03,722 [pool-47-thread-1] INFO  storage.RaftStorageDirectory (RaftStorageDirectory.java:tryLock(328)) - Lock on /workdir/hadoop-ozone/integration-test/target/test-dir/MiniOzoneClusterImpl-56281cee-d7bb-45d5-81ae-0fbd03872c22/datanode-2/data/ratis/1ddad93e-7402-466f-b5f6-e07d5fae82e4/in_use.lock acquired by nodename 13108@pr-hdds-2139-j8dx6-1450124282
2019-09-17 03:08:03,731 [main] INFO  rpc.RpcClient (RpcClient.java:createBucket(441)) - Creating Bucket: testcontainerstatemachinefailures/testcontainerstatemachinefailures, with Versioning false and Storage Type set to DISK and Encryption set to false 
2019-09-17 03:08:03,748 [pool-47-thread-1] INFO  storage.RaftStorage (RaftStorage.java:format(72)) - Storage directory /workdir/hadoop-ozone/integration-test/target/test-dir/MiniOzoneClusterImpl-56281cee-d7bb-45d5-81ae-0fbd03872c22/datanode-2/data/ratis/1ddad93e-7402-466f-b5f6-e07d5fae82e4 has been successfully formatted.
2019-09-17 03:08:03,749 [pool-47-thread-1] INFO  ratis.ContainerStateMachine (ContainerStateMachine.java:loadSnapshot(230)) - group-E07D5FAE82E4: The snapshot info is null. Setting the last applied indexto:(t:0, i:~)
2019-09-17 03:08:03,750 [pool-47-thread-1] INFO  server.RaftServerConfigKeys (ConfUtils.java:logGet(43)) - raft.server.notification.no-leader.timeout = 1000s (custom)
2019-09-17 03:08:03,750 [pool-47-thread-1] INFO  server.RaftServerConfigKeys (ConfUtils.java:logGet(43)) - raft.server.log.use.memory = false (default)
2019-09-17 03:08:03,751 [pool-47-thread-1] INFO  server.RaftServerConfigKeys (ConfUtils.java:logGet(43)) - raft.server.log.purge.gap = 1000000 (custom)
2019-09-17 03:08:03,751 [pool-47-thread-1] INFO  server.RaftServerConfigKeys (ConfUtils.java:logGet(43)) - raft.server.log.appender.buffer.byte-limit = 33554432 (custom)
2019-09-17 03:08:03,751 [pool-47-thread-1] INFO  server.RaftServerConfigKeys (ConfUtils.java:logGet(43)) - raft.server.log.segment.size.max = 1048576 (custom)
2019-09-17 03:08:03,751 [pool-47-thread-1] INFO  server.RaftServerConfigKeys (ConfUtils.java:logGet(43)) - raft.server.log.segment.cache.num.max = 2 (custom)
2019-09-17 03:08:03,751 [pool-47-thread-1] INFO  segmented.SegmentedRaftLogWorker (SegmentedRaftLogWorker.java:<init>(172)) - new 37967329-5758-4c49-8e48-9ef753dc4f59@group-E07D5FAE82E4-SegmentedRaftLogWorker for RaftStorage:Storage Directory /workdir/hadoop-ozone/integration-test/target/test-dir/MiniOzoneClusterImpl-56281cee-d7bb-45d5-81ae-0fbd03872c22/datanode-2/data/ratis/1ddad93e-7402-466f-b5f6-e07d5fae82e4
2019-09-17 03:08:03,759 [pool-47-thread-1] INFO  server.RaftServerConfigKeys (ConfUtils.java:logGet(43)) - raft.server.log.queue.byte-limit = 2147483647 (custom)
2019-09-17 03:08:03,760 [pool-47-thread-1] INFO  server.RaftServerConfigKeys (ConfUtils.java:logGet(43)) - raft.server.log.queue.element-limit = 1024 (custom)
2019-09-17 03:08:03,760 [pool-47-thread-1] INFO  server.RaftServerConfigKeys (ConfUtils.java:logGet(43)) - raft.server.log.segment.size.max = 1048576 (custom)
2019-09-17 03:08:03,760 [pool-47-thread-1] INFO  server.RaftServerConfigKeys (ConfUtils.java:logGet(43)) - raft.server.log.preallocated.size = 16384 (custom)
2019-09-17 03:08:03,761 [pool-47-thread-1] INFO  server.RaftServerConfigKeys (ConfUtils.java:logGet(43)) - raft.server.log.write.buffer.size = 33554432 (custom)
2019-09-17 03:08:03,761 [pool-47-thread-1] INFO  server.RaftServerConfigKeys (ConfUtils.java:logGet(43)) - raft.server.log.force.sync.num = 128 (default)
2019-09-17 03:08:03,761 [pool-47-thread-1] INFO  server.RaftServerConfigKeys (ConfUtils.java:logGet(43)) - raft.server.log.statemachine.data.sync = true (default)
2019-09-17 03:08:03,761 [pool-47-thread-1] INFO  server.RaftServerConfigKeys (ConfUtils.java:logGet(43)) - raft.server.log.statemachine.data.sync.timeout = 10s (default)
2019-09-17 03:08:03,761 [pool-47-thread-1] INFO  server.RaftServerConfigKeys (ConfUtils.java:logGet(43)) - raft.server.log.statemachine.data.sync.timeout.retry = -1 (default)
2019-09-17 03:08:03,762 [pool-47-thread-1] INFO  server.RaftServerConfigKeys (ConfUtils.java:logGet(43)) - raft.server.log.statemachine.data.caching.enabled = true (custom)
2019-09-17 03:08:03,762 [pool-47-thread-1] INFO  segmented.SegmentedRaftLogWorker (SegmentedRaftLogWorker.java:lambda$new$0(132)) - 37967329-5758-4c49-8e48-9ef753dc4f59@group-E07D5FAE82E4-SegmentedRaftLogWorker: flushIndex: setUnconditionally 0 -> -1
2019-09-17 03:08:03,763 [pool-47-thread-1] INFO  server.RaftServerConfigKeys (ConfUtils.java:logGet(43)) - raft.server.snapshot.auto.trigger.enabled = true (custom)
2019-09-17 03:08:03,763 [pool-47-thread-1] INFO  server.RaftServerConfigKeys (ConfUtils.java:logGet(43)) - raft.server.snapshot.auto.trigger.threshold = 10000 (custom)
2019-09-17 03:08:03,763 [pool-47-thread-1] INFO  server.RaftServerConfigKeys (ConfUtils.java:logGet(43)) - raft.server.snapshot.retention.num.files = 5 (custom)
2019-09-17 03:08:03,763 [pool-47-thread-1] INFO  server.RaftServerConfigKeys (ConfUtils.java:logGet(43)) - raft.server.retrycache.expirytime = 600000ms (custom)
2019-09-17 03:08:03,769 [pool-47-thread-1] INFO  impl.RaftServerImpl (RaftServerImpl.java:start(185)) - 37967329-5758-4c49-8e48-9ef753dc4f59@group-E07D5FAE82E4: start as a follower, conf=-1: [37967329-5758-4c49-8e48-9ef753dc4f59:192.168.151.92:35108], old=null
2019-09-17 03:08:03,770 [pool-47-thread-1] INFO  impl.RaftServerImpl (RaftServerImpl.java:setRole(174)) - 37967329-5758-4c49-8e48-9ef753dc4f59@group-E07D5FAE82E4: changes role from      null to FOLLOWER at term 0 for startAsFollower
2019-09-17 03:08:03,770 [pool-47-thread-1] INFO  impl.RoleInfo (RoleInfo.java:updateAndGet(143)) - 37967329-5758-4c49-8e48-9ef753dc4f59: start FollowerState
2019-09-17 03:08:03,771 [pool-47-thread-1] INFO  util.JmxRegister (JmxRegister.java:tryRegister(44)) - Successfully registered JMX Bean with object name Ratis:service=RaftServer,group=group-E07D5FAE82E4,id=37967329-5758-4c49-8e48-9ef753dc4f59
2019-09-17 03:08:03,782 [RatisPipelineUtilsThread] INFO  pipeline.PipelineStateManager (PipelineStateManager.java:addPipeline(56)) - Created pipeline Pipeline[ Id: 1ddad93e-7402-466f-b5f6-e07d5fae82e4, Nodes: 37967329-5758-4c49-8e48-9ef753dc4f59{ip: 192.168.151.92, host: pr-hdds-2139-j8dx6-1450124282, networkLocation: /default-rack, certSerialId: null}, Type:RATIS, Factor:ONE, State:OPEN]
2019-09-17 03:08:03,799 [grpc-default-executor-0] INFO  impl.RaftServerProxy (RaftServerProxy.java:addNew(89)) - 3ddf6a6f-4836-4e24-9a32-96f656a8f9d8: addNew group-E2608B4791D7:[3ddf6a6f-4836-4e24-9a32-96f656a8f9d8:192.168.151.92:46238] returns group-E2608B4791D7:java.util.concurrent.CompletableFuture@15664c70[Not completed]
2019-09-17 03:08:03,815 [pool-37-thread-1] INFO  impl.RaftServerImpl (RaftServerImpl.java:<init>(95)) - 3ddf6a6f-4836-4e24-9a32-96f656a8f9d8: new RaftServerImpl for group-E2608B4791D7:[3ddf6a6f-4836-4e24-9a32-96f656a8f9d8:192.168.151.92:46238] with ContainerStateMachine:uninitialized
2019-09-17 03:08:03,817 [pool-37-thread-1] INFO  server.RaftServerConfigKeys (ConfUtils.java:logGet(43)) - raft.server.rpc.timeout.min = 5s (custom)
2019-09-17 03:08:03,818 [pool-37-thread-1] INFO  server.RaftServerConfigKeys (ConfUtils.java:logGet(43)) - raft.server.rpc.timeout.max = 5200ms (custom)
2019-09-17 03:08:03,818 [pool-37-thread-1] INFO  server.RaftServerConfigKeys (ConfUtils.java:logGet(43)) - raft.server.rpcslowness.timeout = 1000s (custom)
2019-09-17 03:08:03,818 [pool-37-thread-1] INFO  server.RaftServerConfigKeys (ConfUtils.java:logGet(43)) - raft.server.sleep.deviation.threshold = 300 (default)
2019-09-17 03:08:03,818 [pool-37-thread-1] INFO  server.RaftServerConfigKeys (ConfUtils.java:logGet(43)) - raft.server.log.appender.install.snapshot.enabled = false (custom)
2019-09-17 03:08:03,818 [pool-37-thread-1] INFO  impl.RaftServerImpl (ServerState.java:<init>(103)) - 3ddf6a6f-4836-4e24-9a32-96f656a8f9d8@group-E2608B4791D7: ConfigurationManager, init=-1: [3ddf6a6f-4836-4e24-9a32-96f656a8f9d8:192.168.151.92:46238], old=null, confs=<EMPTY_MAP>
2019-09-17 03:08:03,818 [pool-37-thread-1] INFO  server.RaftServerConfigKeys (ConfUtils.java:logGet(43)) - raft.server.storage.dir = [/workdir/hadoop-ozone/integration-test/target/test-dir/MiniOzoneClusterImpl-56281cee-d7bb-45d5-81ae-0fbd03872c22/datanode-1/data/ratis] (custom)
2019-09-17 03:08:03,819 [pool-37-thread-1] INFO  storage.RaftStorageDirectory (RaftStorageDirectory.java:analyzeStorage(246)) - The storage directory /workdir/hadoop-ozone/integration-test/target/test-dir/MiniOzoneClusterImpl-56281cee-d7bb-45d5-81ae-0fbd03872c22/datanode-1/data/ratis/f9681afb-436b-4f39-aa43-e2608b4791d7 does not exist. Creating ...
2019-09-17 03:08:03,832 [pool-37-thread-1] INFO  storage.RaftStorageDirectory (RaftStorageDirectory.java:tryLock(328)) - Lock on /workdir/hadoop-ozone/integration-test/target/test-dir/MiniOzoneClusterImpl-56281cee-d7bb-45d5-81ae-0fbd03872c22/datanode-1/data/ratis/f9681afb-436b-4f39-aa43-e2608b4791d7/in_use.lock acquired by nodename 13108@pr-hdds-2139-j8dx6-1450124282
2019-09-17 03:08:03,845 [pool-37-thread-1] INFO  storage.RaftStorage (RaftStorage.java:format(72)) - Storage directory /workdir/hadoop-ozone/integration-test/target/test-dir/MiniOzoneClusterImpl-56281cee-d7bb-45d5-81ae-0fbd03872c22/datanode-1/data/ratis/f9681afb-436b-4f39-aa43-e2608b4791d7 has been successfully formatted.
2019-09-17 03:08:03,846 [pool-37-thread-1] INFO  ratis.ContainerStateMachine (ContainerStateMachine.java:loadSnapshot(230)) - group-E2608B4791D7: The snapshot info is null. Setting the last applied indexto:(t:0, i:~)
2019-09-17 03:08:03,846 [pool-37-thread-1] INFO  server.RaftServerConfigKeys (ConfUtils.java:logGet(43)) - raft.server.notification.no-leader.timeout = 1000s (custom)
2019-09-17 03:08:03,846 [pool-37-thread-1] INFO  server.RaftServerConfigKeys (ConfUtils.java:logGet(43)) - raft.server.log.use.memory = false (default)
2019-09-17 03:08:03,846 [pool-37-thread-1] INFO  server.RaftServerConfigKeys (ConfUtils.java:logGet(43)) - raft.server.log.purge.gap = 1000000 (custom)
2019-09-17 03:08:03,846 [pool-37-thread-1] INFO  server.RaftServerConfigKeys (ConfUtils.java:logGet(43)) - raft.server.log.appender.buffer.byte-limit = 33554432 (custom)
2019-09-17 03:08:03,846 [pool-37-thread-1] INFO  server.RaftServerConfigKeys (ConfUtils.java:logGet(43)) - raft.server.log.segment.size.max = 1048576 (custom)
2019-09-17 03:08:03,847 [pool-37-thread-1] INFO  server.RaftServerConfigKeys (ConfUtils.java:logGet(43)) - raft.server.log.segment.cache.num.max = 2 (custom)
2019-09-17 03:08:03,847 [pool-37-thread-1] INFO  segmented.SegmentedRaftLogWorker (SegmentedRaftLogWorker.java:<init>(172)) - new 3ddf6a6f-4836-4e24-9a32-96f656a8f9d8@group-E2608B4791D7-SegmentedRaftLogWorker for RaftStorage:Storage Directory /workdir/hadoop-ozone/integration-test/target/test-dir/MiniOzoneClusterImpl-56281cee-d7bb-45d5-81ae-0fbd03872c22/datanode-1/data/ratis/f9681afb-436b-4f39-aa43-e2608b4791d7
2019-09-17 03:08:03,874 [pool-37-thread-1] INFO  server.RaftServerConfigKeys (ConfUtils.java:logGet(43)) - raft.server.log.queue.byte-limit = 2147483647 (custom)
2019-09-17 03:08:03,874 [pool-37-thread-1] INFO  server.RaftServerConfigKeys (ConfUtils.java:logGet(43)) - raft.server.log.queue.element-limit = 1024 (custom)
2019-09-17 03:08:03,874 [pool-37-thread-1] INFO  server.RaftServerConfigKeys (ConfUtils.java:logGet(43)) - raft.server.log.segment.size.max = 1048576 (custom)
2019-09-17 03:08:03,874 [pool-37-thread-1] INFO  server.RaftServerConfigKeys (ConfUtils.java:logGet(43)) - raft.server.log.preallocated.size = 16384 (custom)
2019-09-17 03:08:03,874 [pool-37-thread-1] INFO  server.RaftServerConfigKeys (ConfUtils.java:logGet(43)) - raft.server.log.write.buffer.size = 33554432 (custom)
2019-09-17 03:08:03,874 [pool-37-thread-1] INFO  server.RaftServerConfigKeys (ConfUtils.java:logGet(43)) - raft.server.log.force.sync.num = 128 (default)
2019-09-17 03:08:03,875 [pool-37-thread-1] INFO  server.RaftServerConfigKeys (ConfUtils.java:logGet(43)) - raft.server.log.statemachine.data.sync = true (default)
2019-09-17 03:08:03,875 [pool-37-thread-1] INFO  server.RaftServerConfigKeys (ConfUtils.java:logGet(43)) - raft.server.log.statemachine.data.sync.timeout = 10s (default)
2019-09-17 03:08:03,875 [pool-37-thread-1] INFO  server.RaftServerConfigKeys (ConfUtils.java:logGet(43)) - raft.server.log.statemachine.data.sync.timeout.retry = -1 (default)
2019-09-17 03:08:03,875 [pool-37-thread-1] INFO  server.RaftServerConfigKeys (ConfUtils.java:logGet(43)) - raft.server.log.statemachine.data.caching.enabled = true (custom)
2019-09-17 03:08:03,875 [pool-37-thread-1] INFO  segmented.SegmentedRaftLogWorker (SegmentedRaftLogWorker.java:lambda$new$0(132)) - 3ddf6a6f-4836-4e24-9a32-96f656a8f9d8@group-E2608B4791D7-SegmentedRaftLogWorker: flushIndex: setUnconditionally 0 -> -1
2019-09-17 03:08:03,876 [pool-37-thread-1] INFO  server.RaftServerConfigKeys (ConfUtils.java:logGet(43)) - raft.server.snapshot.auto.trigger.enabled = true (custom)
2019-09-17 03:08:03,876 [pool-37-thread-1] INFO  server.RaftServerConfigKeys (ConfUtils.java:logGet(43)) - raft.server.snapshot.auto.trigger.threshold = 10000 (custom)
2019-09-17 03:08:03,876 [pool-37-thread-1] INFO  server.RaftServerConfigKeys (ConfUtils.java:logGet(43)) - raft.server.snapshot.retention.num.files = 5 (custom)
2019-09-17 03:08:03,876 [pool-37-thread-1] INFO  server.RaftServerConfigKeys (ConfUtils.java:logGet(43)) - raft.server.retrycache.expirytime = 600000ms (custom)
2019-09-17 03:08:03,879 [pool-37-thread-1] INFO  impl.RaftServerImpl (RaftServerImpl.java:start(185)) - 3ddf6a6f-4836-4e24-9a32-96f656a8f9d8@group-E2608B4791D7: start as a follower, conf=-1: [3ddf6a6f-4836-4e24-9a32-96f656a8f9d8:192.168.151.92:46238], old=null
2019-09-17 03:08:03,879 [pool-37-thread-1] INFO  impl.RaftServerImpl (RaftServerImpl.java:setRole(174)) - 3ddf6a6f-4836-4e24-9a32-96f656a8f9d8@group-E2608B4791D7: changes role from      null to FOLLOWER at term 0 for startAsFollower
2019-09-17 03:08:03,880 [pool-37-thread-1] INFO  impl.RoleInfo (RoleInfo.java:updateAndGet(143)) - 3ddf6a6f-4836-4e24-9a32-96f656a8f9d8: start FollowerState
2019-09-17 03:08:03,880 [pool-37-thread-1] INFO  util.JmxRegister (JmxRegister.java:tryRegister(44)) - Successfully registered JMX Bean with object name Ratis:service=RaftServer,group=group-E2608B4791D7,id=3ddf6a6f-4836-4e24-9a32-96f656a8f9d8
2019-09-17 03:08:03,890 [RatisPipelineUtilsThread] INFO  pipeline.PipelineStateManager (PipelineStateManager.java:addPipeline(56)) - Created pipeline Pipeline[ Id: f9681afb-436b-4f39-aa43-e2608b4791d7, Nodes: 3ddf6a6f-4836-4e24-9a32-96f656a8f9d8{ip: 192.168.151.92, host: pr-hdds-2139-j8dx6-1450124282, networkLocation: /default-rack, certSerialId: null}, Type:RATIS, Factor:ONE, State:OPEN]
2019-09-17 03:08:03,905 [grpc-default-executor-0] INFO  impl.RaftServerProxy (RaftServerProxy.java:addNew(89)) - dec1f0b2-69f6-4b04-a91b-744abc466a19: addNew group-98F0EC17CA5B:[dec1f0b2-69f6-4b04-a91b-744abc466a19:192.168.151.92:40235] returns group-98F0EC17CA5B:java.util.concurrent.CompletableFuture@1ee0b1b3[Not completed]
2019-09-17 03:08:03,906 [pool-57-thread-1] INFO  impl.RaftServerImpl (RaftServerImpl.java:<init>(95)) - dec1f0b2-69f6-4b04-a91b-744abc466a19: new RaftServerImpl for group-98F0EC17CA5B:[dec1f0b2-69f6-4b04-a91b-744abc466a19:192.168.151.92:40235] with ContainerStateMachine:uninitialized
2019-09-17 03:08:03,906 [pool-57-thread-1] INFO  server.RaftServerConfigKeys (ConfUtils.java:logGet(43)) - raft.server.rpc.timeout.min = 5s (custom)
2019-09-17 03:08:03,907 [pool-57-thread-1] INFO  server.RaftServerConfigKeys (ConfUtils.java:logGet(43)) - raft.server.rpc.timeout.max = 5200ms (custom)
2019-09-17 03:08:03,907 [pool-57-thread-1] INFO  server.RaftServerConfigKeys (ConfUtils.java:logGet(43)) - raft.server.rpcslowness.timeout = 1000s (custom)
2019-09-17 03:08:03,907 [pool-57-thread-1] INFO  server.RaftServerConfigKeys (ConfUtils.java:logGet(43)) - raft.server.sleep.deviation.threshold = 300 (default)
2019-09-17 03:08:03,907 [pool-57-thread-1] INFO  server.RaftServerConfigKeys (ConfUtils.java:logGet(43)) - raft.server.log.appender.install.snapshot.enabled = false (custom)
2019-09-17 03:08:03,907 [pool-57-thread-1] INFO  impl.RaftServerImpl (ServerState.java:<init>(103)) - dec1f0b2-69f6-4b04-a91b-744abc466a19@group-98F0EC17CA5B: ConfigurationManager, init=-1: [dec1f0b2-69f6-4b04-a91b-744abc466a19:192.168.151.92:40235], old=null, confs=<EMPTY_MAP>
2019-09-17 03:08:03,907 [pool-57-thread-1] INFO  server.RaftServerConfigKeys (ConfUtils.java:logGet(43)) - raft.server.storage.dir = [/workdir/hadoop-ozone/integration-test/target/test-dir/MiniOzoneClusterImpl-56281cee-d7bb-45d5-81ae-0fbd03872c22/datanode-3/data/ratis] (custom)
2019-09-17 03:08:03,907 [pool-57-thread-1] INFO  storage.RaftStorageDirectory (RaftStorageDirectory.java:analyzeStorage(246)) - The storage directory /workdir/hadoop-ozone/integration-test/target/test-dir/MiniOzoneClusterImpl-56281cee-d7bb-45d5-81ae-0fbd03872c22/datanode-3/data/ratis/ec620684-29cc-4d13-a4fa-98f0ec17ca5b does not exist. Creating ...
2019-09-17 03:08:03,921 [pool-57-thread-1] INFO  storage.RaftStorageDirectory (RaftStorageDirectory.java:tryLock(328)) - Lock on /workdir/hadoop-ozone/integration-test/target/test-dir/MiniOzoneClusterImpl-56281cee-d7bb-45d5-81ae-0fbd03872c22/datanode-3/data/ratis/ec620684-29cc-4d13-a4fa-98f0ec17ca5b/in_use.lock acquired by nodename 13108@pr-hdds-2139-j8dx6-1450124282
2019-09-17 03:08:03,934 [pool-57-thread-1] INFO  storage.RaftStorage (RaftStorage.java:format(72)) - Storage directory /workdir/hadoop-ozone/integration-test/target/test-dir/MiniOzoneClusterImpl-56281cee-d7bb-45d5-81ae-0fbd03872c22/datanode-3/data/ratis/ec620684-29cc-4d13-a4fa-98f0ec17ca5b has been successfully formatted.
2019-09-17 03:08:03,934 [pool-57-thread-1] INFO  ratis.ContainerStateMachine (ContainerStateMachine.java:loadSnapshot(230)) - group-98F0EC17CA5B: The snapshot info is null. Setting the last applied indexto:(t:0, i:~)
2019-09-17 03:08:03,934 [pool-57-thread-1] INFO  server.RaftServerConfigKeys (ConfUtils.java:logGet(43)) - raft.server.notification.no-leader.timeout = 1000s (custom)
2019-09-17 03:08:03,934 [pool-57-thread-1] INFO  server.RaftServerConfigKeys (ConfUtils.java:logGet(43)) - raft.server.log.use.memory = false (default)
2019-09-17 03:08:03,934 [pool-57-thread-1] INFO  server.RaftServerConfigKeys (ConfUtils.java:logGet(43)) - raft.server.log.purge.gap = 1000000 (custom)
2019-09-17 03:08:03,934 [pool-57-thread-1] INFO  server.RaftServerConfigKeys (ConfUtils.java:logGet(43)) - raft.server.log.appender.buffer.byte-limit = 33554432 (custom)
2019-09-17 03:08:03,935 [pool-57-thread-1] INFO  server.RaftServerConfigKeys (ConfUtils.java:logGet(43)) - raft.server.log.segment.size.max = 1048576 (custom)
2019-09-17 03:08:03,935 [pool-57-thread-1] INFO  server.RaftServerConfigKeys (ConfUtils.java:logGet(43)) - raft.server.log.segment.cache.num.max = 2 (custom)
2019-09-17 03:08:03,935 [pool-57-thread-1] INFO  segmented.SegmentedRaftLogWorker (SegmentedRaftLogWorker.java:<init>(172)) - new dec1f0b2-69f6-4b04-a91b-744abc466a19@group-98F0EC17CA5B-SegmentedRaftLogWorker for RaftStorage:Storage Directory /workdir/hadoop-ozone/integration-test/target/test-dir/MiniOzoneClusterImpl-56281cee-d7bb-45d5-81ae-0fbd03872c22/datanode-3/data/ratis/ec620684-29cc-4d13-a4fa-98f0ec17ca5b
2019-09-17 03:08:03,938 [pool-57-thread-1] INFO  server.RaftServerConfigKeys (ConfUtils.java:logGet(43)) - raft.server.log.queue.byte-limit = 2147483647 (custom)
2019-09-17 03:08:03,938 [pool-57-thread-1] INFO  server.RaftServerConfigKeys (ConfUtils.java:logGet(43)) - raft.server.log.queue.element-limit = 1024 (custom)
2019-09-17 03:08:03,939 [pool-57-thread-1] INFO  server.RaftServerConfigKeys (ConfUtils.java:logGet(43)) - raft.server.log.segment.size.max = 1048576 (custom)
2019-09-17 03:08:03,939 [pool-57-thread-1] INFO  server.RaftServerConfigKeys (ConfUtils.java:logGet(43)) - raft.server.log.preallocated.size = 16384 (custom)
2019-09-17 03:08:03,939 [pool-57-thread-1] INFO  server.RaftServerConfigKeys (ConfUtils.java:logGet(43)) - raft.server.log.write.buffer.size = 33554432 (custom)
2019-09-17 03:08:03,939 [pool-57-thread-1] INFO  server.RaftServerConfigKeys (ConfUtils.java:logGet(43)) - raft.server.log.force.sync.num = 128 (default)
2019-09-17 03:08:03,939 [pool-57-thread-1] INFO  server.RaftServerConfigKeys (ConfUtils.java:logGet(43)) - raft.server.log.statemachine.data.sync = true (default)
2019-09-17 03:08:03,939 [pool-57-thread-1] INFO  server.RaftServerConfigKeys (ConfUtils.java:logGet(43)) - raft.server.log.statemachine.data.sync.timeout = 10s (default)
2019-09-17 03:08:03,939 [pool-57-thread-1] INFO  server.RaftServerConfigKeys (ConfUtils.java:logGet(43)) - raft.server.log.statemachine.data.sync.timeout.retry = -1 (default)
2019-09-17 03:08:03,939 [pool-57-thread-1] INFO  server.RaftServerConfigKeys (ConfUtils.java:logGet(43)) - raft.server.log.statemachine.data.caching.enabled = true (custom)
2019-09-17 03:08:03,940 [pool-57-thread-1] INFO  segmented.SegmentedRaftLogWorker (SegmentedRaftLogWorker.java:lambda$new$0(132)) - dec1f0b2-69f6-4b04-a91b-744abc466a19@group-98F0EC17CA5B-SegmentedRaftLogWorker: flushIndex: setUnconditionally 0 -> -1
2019-09-17 03:08:03,940 [pool-57-thread-1] INFO  server.RaftServerConfigKeys (ConfUtils.java:logGet(43)) - raft.server.snapshot.auto.trigger.enabled = true (custom)
2019-09-17 03:08:03,940 [pool-57-thread-1] INFO  server.RaftServerConfigKeys (ConfUtils.java:logGet(43)) - raft.server.snapshot.auto.trigger.threshold = 10000 (custom)
2019-09-17 03:08:03,940 [pool-57-thread-1] INFO  server.RaftServerConfigKeys (ConfUtils.java:logGet(43)) - raft.server.snapshot.retention.num.files = 5 (custom)
2019-09-17 03:08:03,940 [pool-57-thread-1] INFO  server.RaftServerConfigKeys (ConfUtils.java:logGet(43)) - raft.server.retrycache.expirytime = 600000ms (custom)
2019-09-17 03:08:03,944 [pool-57-thread-1] INFO  impl.RaftServerImpl (RaftServerImpl.java:start(185)) - dec1f0b2-69f6-4b04-a91b-744abc466a19@group-98F0EC17CA5B: start as a follower, conf=-1: [dec1f0b2-69f6-4b04-a91b-744abc466a19:192.168.151.92:40235], old=null
2019-09-17 03:08:03,944 [pool-57-thread-1] INFO  impl.RaftServerImpl (RaftServerImpl.java:setRole(174)) - dec1f0b2-69f6-4b04-a91b-744abc466a19@group-98F0EC17CA5B: changes role from      null to FOLLOWER at term 0 for startAsFollower
2019-09-17 03:08:03,944 [pool-57-thread-1] INFO  impl.RoleInfo (RoleInfo.java:updateAndGet(143)) - dec1f0b2-69f6-4b04-a91b-744abc466a19: start FollowerState
2019-09-17 03:08:03,944 [pool-57-thread-1] INFO  util.JmxRegister (JmxRegister.java:tryRegister(44)) - Successfully registered JMX Bean with object name Ratis:service=RaftServer,group=group-98F0EC17CA5B,id=dec1f0b2-69f6-4b04-a91b-744abc466a19
2019-09-17 03:08:03,954 [RatisPipelineUtilsThread] INFO  pipeline.PipelineStateManager (PipelineStateManager.java:addPipeline(56)) - Created pipeline Pipeline[ Id: ec620684-29cc-4d13-a4fa-98f0ec17ca5b, Nodes: dec1f0b2-69f6-4b04-a91b-744abc466a19{ip: 192.168.151.92, host: pr-hdds-2139-j8dx6-1450124282, networkLocation: /default-rack, certSerialId: null}, Type:RATIS, Factor:ONE, State:OPEN]
2019-09-17 03:08:03,989 [grpc-default-executor-2] INFO  impl.RaftServerProxy (RaftServerProxy.java:addNew(89)) - 3ddf6a6f-4836-4e24-9a32-96f656a8f9d8: addNew group-8D5235D8462B:[3ddf6a6f-4836-4e24-9a32-96f656a8f9d8:192.168.151.92:46238, c4d38cfc-376d-4425-bc69-78113d3ff62e:192.168.151.92:38488, 37967329-5758-4c49-8e48-9ef753dc4f59:192.168.151.92:35108] returns group-8D5235D8462B:java.util.concurrent.CompletableFuture@693e8a1a[Not completed]
2019-09-17 03:08:03,999 [pool-37-thread-1] INFO  impl.RaftServerImpl (RaftServerImpl.java:<init>(95)) - 3ddf6a6f-4836-4e24-9a32-96f656a8f9d8: new RaftServerImpl for group-8D5235D8462B:[3ddf6a6f-4836-4e24-9a32-96f656a8f9d8:192.168.151.92:46238, c4d38cfc-376d-4425-bc69-78113d3ff62e:192.168.151.92:38488, 37967329-5758-4c49-8e48-9ef753dc4f59:192.168.151.92:35108] with ContainerStateMachine:uninitialized
2019-09-17 03:08:03,999 [pool-37-thread-1] INFO  server.RaftServerConfigKeys (ConfUtils.java:logGet(43)) - raft.server.rpc.timeout.min = 5s (custom)
2019-09-17 03:08:03,999 [grpc-default-executor-2] INFO  impl.RaftServerProxy (RaftServerProxy.java:addNew(89)) - 37967329-5758-4c49-8e48-9ef753dc4f59: addNew group-8D5235D8462B:[3ddf6a6f-4836-4e24-9a32-96f656a8f9d8:192.168.151.92:46238, c4d38cfc-376d-4425-bc69-78113d3ff62e:192.168.151.92:38488, 37967329-5758-4c49-8e48-9ef753dc4f59:192.168.151.92:35108] returns group-8D5235D8462B:java.util.concurrent.CompletableFuture@78257005[Not completed]
2019-09-17 03:08:03,999 [pool-37-thread-1] INFO  server.RaftServerConfigKeys (ConfUtils.java:logGet(43)) - raft.server.rpc.timeout.max = 5200ms (custom)
2019-09-17 03:08:03,999 [grpc-default-executor-1] INFO  impl.RaftServerProxy (RaftServerProxy.java:addNew(89)) - c4d38cfc-376d-4425-bc69-78113d3ff62e: addNew group-8D5235D8462B:[3ddf6a6f-4836-4e24-9a32-96f656a8f9d8:192.168.151.92:46238, c4d38cfc-376d-4425-bc69-78113d3ff62e:192.168.151.92:38488, 37967329-5758-4c49-8e48-9ef753dc4f59:192.168.151.92:35108] returns group-8D5235D8462B:java.util.concurrent.CompletableFuture@5b49db4a[Not completed]
2019-09-17 03:08:03,999 [pool-37-thread-1] INFO  server.RaftServerConfigKeys (ConfUtils.java:logGet(43)) - raft.server.rpcslowness.timeout = 1000s (custom)
2019-09-17 03:08:04,000 [pool-37-thread-1] INFO  server.RaftServerConfigKeys (ConfUtils.java:logGet(43)) - raft.server.sleep.deviation.threshold = 300 (default)
2019-09-17 03:08:04,000 [pool-37-thread-1] INFO  server.RaftServerConfigKeys (ConfUtils.java:logGet(43)) - raft.server.log.appender.install.snapshot.enabled = false (custom)
2019-09-17 03:08:04,000 [pool-37-thread-1] INFO  impl.RaftServerImpl (ServerState.java:<init>(103)) - 3ddf6a6f-4836-4e24-9a32-96f656a8f9d8@group-8D5235D8462B: ConfigurationManager, init=-1: [3ddf6a6f-4836-4e24-9a32-96f656a8f9d8:192.168.151.92:46238, c4d38cfc-376d-4425-bc69-78113d3ff62e:192.168.151.92:38488, 37967329-5758-4c49-8e48-9ef753dc4f59:192.168.151.92:35108], old=null, confs=<EMPTY_MAP>
2019-09-17 03:08:04,000 [pool-37-thread-1] INFO  server.RaftServerConfigKeys (ConfUtils.java:logGet(43)) - raft.server.storage.dir = [/workdir/hadoop-ozone/integration-test/target/test-dir/MiniOzoneClusterImpl-56281cee-d7bb-45d5-81ae-0fbd03872c22/datanode-1/data/ratis] (custom)
2019-09-17 03:08:04,000 [pool-37-thread-1] INFO  storage.RaftStorageDirectory (RaftStorageDirectory.java:analyzeStorage(246)) - The storage directory /workdir/hadoop-ozone/integration-test/target/test-dir/MiniOzoneClusterImpl-56281cee-d7bb-45d5-81ae-0fbd03872c22/datanode-1/data/ratis/73248391-7bf3-448c-a6e2-8d5235d8462b does not exist. Creating ...
2019-09-17 03:08:04,002 [pool-47-thread-1] INFO  impl.RaftServerImpl (RaftServerImpl.java:<init>(95)) - 37967329-5758-4c49-8e48-9ef753dc4f59: new RaftServerImpl for group-8D5235D8462B:[3ddf6a6f-4836-4e24-9a32-96f656a8f9d8:192.168.151.92:46238, c4d38cfc-376d-4425-bc69-78113d3ff62e:192.168.151.92:38488, 37967329-5758-4c49-8e48-9ef753dc4f59:192.168.151.92:35108] with ContainerStateMachine:uninitialized
2019-09-17 03:08:04,002 [pool-47-thread-1] INFO  server.RaftServerConfigKeys (ConfUtils.java:logGet(43)) - raft.server.rpc.timeout.min = 5s (custom)
2019-09-17 03:08:04,002 [pool-47-thread-1] INFO  server.RaftServerConfigKeys (ConfUtils.java:logGet(43)) - raft.server.rpc.timeout.max = 5200ms (custom)
2019-09-17 03:08:04,002 [pool-27-thread-1] INFO  impl.RaftServerImpl (RaftServerImpl.java:<init>(95)) - c4d38cfc-376d-4425-bc69-78113d3ff62e: new RaftServerImpl for group-8D5235D8462B:[3ddf6a6f-4836-4e24-9a32-96f656a8f9d8:192.168.151.92:46238, c4d38cfc-376d-4425-bc69-78113d3ff62e:192.168.151.92:38488, 37967329-5758-4c49-8e48-9ef753dc4f59:192.168.151.92:35108] with ContainerStateMachine:uninitialized
2019-09-17 03:08:04,003 [pool-47-thread-1] INFO  server.RaftServerConfigKeys (ConfUtils.java:logGet(43)) - raft.server.rpcslowness.timeout = 1000s (custom)
2019-09-17 03:08:04,003 [pool-27-thread-1] INFO  server.RaftServerConfigKeys (ConfUtils.java:logGet(43)) - raft.server.rpc.timeout.min = 5s (custom)
2019-09-17 03:08:04,003 [pool-47-thread-1] INFO  server.RaftServerConfigKeys (ConfUtils.java:logGet(43)) - raft.server.sleep.deviation.threshold = 300 (default)
2019-09-17 03:08:04,003 [pool-27-thread-1] INFO  server.RaftServerConfigKeys (ConfUtils.java:logGet(43)) - raft.server.rpc.timeout.max = 5200ms (custom)
2019-09-17 03:08:04,003 [pool-47-thread-1] INFO  server.RaftServerConfigKeys (ConfUtils.java:logGet(43)) - raft.server.log.appender.install.snapshot.enabled = false (custom)
2019-09-17 03:08:04,003 [pool-27-thread-1] INFO  server.RaftServerConfigKeys (ConfUtils.java:logGet(43)) - raft.server.rpcslowness.timeout = 1000s (custom)
2019-09-17 03:08:04,003 [pool-47-thread-1] INFO  impl.RaftServerImpl (ServerState.java:<init>(103)) - 37967329-5758-4c49-8e48-9ef753dc4f59@group-8D5235D8462B: ConfigurationManager, init=-1: [3ddf6a6f-4836-4e24-9a32-96f656a8f9d8:192.168.151.92:46238, c4d38cfc-376d-4425-bc69-78113d3ff62e:192.168.151.92:38488, 37967329-5758-4c49-8e48-9ef753dc4f59:192.168.151.92:35108], old=null, confs=<EMPTY_MAP>
2019-09-17 03:08:04,003 [pool-27-thread-1] INFO  server.RaftServerConfigKeys (ConfUtils.java:logGet(43)) - raft.server.sleep.deviation.threshold = 300 (default)
2019-09-17 03:08:04,004 [pool-27-thread-1] INFO  server.RaftServerConfigKeys (ConfUtils.java:logGet(43)) - raft.server.log.appender.install.snapshot.enabled = false (custom)
2019-09-17 03:08:04,004 [pool-47-thread-1] INFO  server.RaftServerConfigKeys (ConfUtils.java:logGet(43)) - raft.server.storage.dir = [/workdir/hadoop-ozone/integration-test/target/test-dir/MiniOzoneClusterImpl-56281cee-d7bb-45d5-81ae-0fbd03872c22/datanode-2/data/ratis] (custom)
2019-09-17 03:08:04,004 [pool-27-thread-1] INFO  impl.RaftServerImpl (ServerState.java:<init>(103)) - c4d38cfc-376d-4425-bc69-78113d3ff62e@group-8D5235D8462B: ConfigurationManager, init=-1: [3ddf6a6f-4836-4e24-9a32-96f656a8f9d8:192.168.151.92:46238, c4d38cfc-376d-4425-bc69-78113d3ff62e:192.168.151.92:38488, 37967329-5758-4c49-8e48-9ef753dc4f59:192.168.151.92:35108], old=null, confs=<EMPTY_MAP>
2019-09-17 03:08:04,004 [pool-27-thread-1] INFO  server.RaftServerConfigKeys (ConfUtils.java:logGet(43)) - raft.server.storage.dir = [/workdir/hadoop-ozone/integration-test/target/test-dir/MiniOzoneClusterImpl-56281cee-d7bb-45d5-81ae-0fbd03872c22/datanode-0/data/ratis] (custom)
2019-09-17 03:08:04,004 [pool-47-thread-1] INFO  storage.RaftStorageDirectory (RaftStorageDirectory.java:analyzeStorage(246)) - The storage directory /workdir/hadoop-ozone/integration-test/target/test-dir/MiniOzoneClusterImpl-56281cee-d7bb-45d5-81ae-0fbd03872c22/datanode-2/data/ratis/73248391-7bf3-448c-a6e2-8d5235d8462b does not exist. Creating ...
2019-09-17 03:08:04,004 [pool-27-thread-1] INFO  storage.RaftStorageDirectory (RaftStorageDirectory.java:analyzeStorage(246)) - The storage directory /workdir/hadoop-ozone/integration-test/target/test-dir/MiniOzoneClusterImpl-56281cee-d7bb-45d5-81ae-0fbd03872c22/datanode-0/data/ratis/73248391-7bf3-448c-a6e2-8d5235d8462b does not exist. Creating ...
2019-09-17 03:08:04,015 [pool-27-thread-1] INFO  storage.RaftStorageDirectory (RaftStorageDirectory.java:tryLock(328)) - Lock on /workdir/hadoop-ozone/integration-test/target/test-dir/MiniOzoneClusterImpl-56281cee-d7bb-45d5-81ae-0fbd03872c22/datanode-0/data/ratis/73248391-7bf3-448c-a6e2-8d5235d8462b/in_use.lock acquired by nodename 13108@pr-hdds-2139-j8dx6-1450124282
2019-09-17 03:08:04,015 [pool-47-thread-1] INFO  storage.RaftStorageDirectory (RaftStorageDirectory.java:tryLock(328)) - Lock on /workdir/hadoop-ozone/integration-test/target/test-dir/MiniOzoneClusterImpl-56281cee-d7bb-45d5-81ae-0fbd03872c22/datanode-2/data/ratis/73248391-7bf3-448c-a6e2-8d5235d8462b/in_use.lock acquired by nodename 13108@pr-hdds-2139-j8dx6-1450124282
2019-09-17 03:08:04,015 [pool-37-thread-1] INFO  storage.RaftStorageDirectory (RaftStorageDirectory.java:tryLock(328)) - Lock on /workdir/hadoop-ozone/integration-test/target/test-dir/MiniOzoneClusterImpl-56281cee-d7bb-45d5-81ae-0fbd03872c22/datanode-1/data/ratis/73248391-7bf3-448c-a6e2-8d5235d8462b/in_use.lock acquired by nodename 13108@pr-hdds-2139-j8dx6-1450124282
2019-09-17 03:08:04,028 [pool-27-thread-1] INFO  storage.RaftStorage (RaftStorage.java:format(72)) - Storage directory /workdir/hadoop-ozone/integration-test/target/test-dir/MiniOzoneClusterImpl-56281cee-d7bb-45d5-81ae-0fbd03872c22/datanode-0/data/ratis/73248391-7bf3-448c-a6e2-8d5235d8462b has been successfully formatted.
2019-09-17 03:08:04,028 [pool-37-thread-1] INFO  storage.RaftStorage (RaftStorage.java:format(72)) - Storage directory /workdir/hadoop-ozone/integration-test/target/test-dir/MiniOzoneClusterImpl-56281cee-d7bb-45d5-81ae-0fbd03872c22/datanode-1/data/ratis/73248391-7bf3-448c-a6e2-8d5235d8462b has been successfully formatted.
2019-09-17 03:08:04,028 [pool-47-thread-1] INFO  storage.RaftStorage (RaftStorage.java:format(72)) - Storage directory /workdir/hadoop-ozone/integration-test/target/test-dir/MiniOzoneClusterImpl-56281cee-d7bb-45d5-81ae-0fbd03872c22/datanode-2/data/ratis/73248391-7bf3-448c-a6e2-8d5235d8462b has been successfully formatted.
2019-09-17 03:08:04,029 [pool-27-thread-1] INFO  ratis.ContainerStateMachine (ContainerStateMachine.java:loadSnapshot(230)) - group-8D5235D8462B: The snapshot info is null. Setting the last applied indexto:(t:0, i:~)
2019-09-17 03:08:04,029 [pool-37-thread-1] INFO  ratis.ContainerStateMachine (ContainerStateMachine.java:loadSnapshot(230)) - group-8D5235D8462B: The snapshot info is null. Setting the last applied indexto:(t:0, i:~)
2019-09-17 03:08:04,029 [pool-47-thread-1] INFO  ratis.ContainerStateMachine (ContainerStateMachine.java:loadSnapshot(230)) - group-8D5235D8462B: The snapshot info is null. Setting the last applied indexto:(t:0, i:~)
2019-09-17 03:08:04,029 [pool-27-thread-1] INFO  server.RaftServerConfigKeys (ConfUtils.java:logGet(43)) - raft.server.notification.no-leader.timeout = 1000s (custom)
2019-09-17 03:08:04,029 [pool-47-thread-1] INFO  server.RaftServerConfigKeys (ConfUtils.java:logGet(43)) - raft.server.notification.no-leader.timeout = 1000s (custom)
2019-09-17 03:08:04,029 [pool-37-thread-1] INFO  server.RaftServerConfigKeys (ConfUtils.java:logGet(43)) - raft.server.notification.no-leader.timeout = 1000s (custom)
2019-09-17 03:08:04,029 [pool-47-thread-1] INFO  server.RaftServerConfigKeys (ConfUtils.java:logGet(43)) - raft.server.log.use.memory = false (default)
2019-09-17 03:08:04,029 [pool-27-thread-1] INFO  server.RaftServerConfigKeys (ConfUtils.java:logGet(43)) - raft.server.log.use.memory = false (default)
2019-09-17 03:08:04,030 [pool-47-thread-1] INFO  server.RaftServerConfigKeys (ConfUtils.java:logGet(43)) - raft.server.log.purge.gap = 1000000 (custom)
2019-09-17 03:08:04,030 [pool-37-thread-1] INFO  server.RaftServerConfigKeys (ConfUtils.java:logGet(43)) - raft.server.log.use.memory = false (default)
2019-09-17 03:08:04,030 [pool-47-thread-1] INFO  server.RaftServerConfigKeys (ConfUtils.java:logGet(43)) - raft.server.log.appender.buffer.byte-limit = 33554432 (custom)
2019-09-17 03:08:04,030 [pool-27-thread-1] INFO  server.RaftServerConfigKeys (ConfUtils.java:logGet(43)) - raft.server.log.purge.gap = 1000000 (custom)
2019-09-17 03:08:04,030 [pool-47-thread-1] INFO  server.RaftServerConfigKeys (ConfUtils.java:logGet(43)) - raft.server.log.segment.size.max = 1048576 (custom)
2019-09-17 03:08:04,030 [pool-37-thread-1] INFO  server.RaftServerConfigKeys (ConfUtils.java:logGet(43)) - raft.server.log.purge.gap = 1000000 (custom)
2019-09-17 03:08:04,031 [pool-47-thread-1] INFO  server.RaftServerConfigKeys (ConfUtils.java:logGet(43)) - raft.server.log.segment.cache.num.max = 2 (custom)
2019-09-17 03:08:04,031 [pool-27-thread-1] INFO  server.RaftServerConfigKeys (ConfUtils.java:logGet(43)) - raft.server.log.appender.buffer.byte-limit = 33554432 (custom)
2019-09-17 03:08:04,031 [pool-47-thread-1] INFO  segmented.SegmentedRaftLogWorker (SegmentedRaftLogWorker.java:<init>(172)) - new 37967329-5758-4c49-8e48-9ef753dc4f59@group-8D5235D8462B-SegmentedRaftLogWorker for RaftStorage:Storage Directory /workdir/hadoop-ozone/integration-test/target/test-dir/MiniOzoneClusterImpl-56281cee-d7bb-45d5-81ae-0fbd03872c22/datanode-2/data/ratis/73248391-7bf3-448c-a6e2-8d5235d8462b
2019-09-17 03:08:04,031 [pool-37-thread-1] INFO  server.RaftServerConfigKeys (ConfUtils.java:logGet(43)) - raft.server.log.appender.buffer.byte-limit = 33554432 (custom)
2019-09-17 03:08:04,031 [pool-47-thread-1] INFO  server.RaftServerConfigKeys (ConfUtils.java:logGet(43)) - raft.server.log.queue.byte-limit = 2147483647 (custom)
2019-09-17 03:08:04,031 [pool-27-thread-1] INFO  server.RaftServerConfigKeys (ConfUtils.java:logGet(43)) - raft.server.log.segment.size.max = 1048576 (custom)
2019-09-17 03:08:04,031 [pool-47-thread-1] INFO  server.RaftServerConfigKeys (ConfUtils.java:logGet(43)) - raft.server.log.queue.element-limit = 1024 (custom)
2019-09-17 03:08:04,031 [pool-37-thread-1] INFO  server.RaftServerConfigKeys (ConfUtils.java:logGet(43)) - raft.server.log.segment.size.max = 1048576 (custom)
2019-09-17 03:08:04,032 [pool-47-thread-1] INFO  server.RaftServerConfigKeys (ConfUtils.java:logGet(43)) - raft.server.log.segment.size.max = 1048576 (custom)
2019-09-17 03:08:04,032 [pool-27-thread-1] INFO  server.RaftServerConfigKeys (ConfUtils.java:logGet(43)) - raft.server.log.segment.cache.num.max = 2 (custom)
2019-09-17 03:08:04,032 [pool-47-thread-1] INFO  server.RaftServerConfigKeys (ConfUtils.java:logGet(43)) - raft.server.log.preallocated.size = 16384 (custom)
2019-09-17 03:08:04,032 [pool-37-thread-1] INFO  server.RaftServerConfigKeys (ConfUtils.java:logGet(43)) - raft.server.log.segment.cache.num.max = 2 (custom)
2019-09-17 03:08:04,032 [pool-47-thread-1] INFO  server.RaftServerConfigKeys (ConfUtils.java:logGet(43)) - raft.server.log.write.buffer.size = 33554432 (custom)
2019-09-17 03:08:04,032 [pool-27-thread-1] INFO  segmented.SegmentedRaftLogWorker (SegmentedRaftLogWorker.java:<init>(172)) - new c4d38cfc-376d-4425-bc69-78113d3ff62e@group-8D5235D8462B-SegmentedRaftLogWorker for RaftStorage:Storage Directory /workdir/hadoop-ozone/integration-test/target/test-dir/MiniOzoneClusterImpl-56281cee-d7bb-45d5-81ae-0fbd03872c22/datanode-0/data/ratis/73248391-7bf3-448c-a6e2-8d5235d8462b
2019-09-17 03:08:04,033 [pool-47-thread-1] INFO  server.RaftServerConfigKeys (ConfUtils.java:logGet(43)) - raft.server.log.force.sync.num = 128 (default)
2019-09-17 03:08:04,033 [pool-37-thread-1] INFO  segmented.SegmentedRaftLogWorker (SegmentedRaftLogWorker.java:<init>(172)) - new 3ddf6a6f-4836-4e24-9a32-96f656a8f9d8@group-8D5235D8462B-SegmentedRaftLogWorker for RaftStorage:Storage Directory /workdir/hadoop-ozone/integration-test/target/test-dir/MiniOzoneClusterImpl-56281cee-d7bb-45d5-81ae-0fbd03872c22/datanode-1/data/ratis/73248391-7bf3-448c-a6e2-8d5235d8462b
2019-09-17 03:08:04,033 [pool-47-thread-1] INFO  server.RaftServerConfigKeys (ConfUtils.java:logGet(43)) - raft.server.log.statemachine.data.sync = true (default)
2019-09-17 03:08:04,033 [pool-27-thread-1] INFO  server.RaftServerConfigKeys (ConfUtils.java:logGet(43)) - raft.server.log.queue.byte-limit = 2147483647 (custom)
2019-09-17 03:08:04,033 [pool-47-thread-1] INFO  server.RaftServerConfigKeys (ConfUtils.java:logGet(43)) - raft.server.log.statemachine.data.sync.timeout = 10s (default)
2019-09-17 03:08:04,033 [pool-37-thread-1] INFO  server.RaftServerConfigKeys (ConfUtils.java:logGet(43)) - raft.server.log.queue.byte-limit = 2147483647 (custom)
2019-09-17 03:08:04,033 [pool-47-thread-1] INFO  server.RaftServerConfigKeys (ConfUtils.java:logGet(43)) - raft.server.log.statemachine.data.sync.timeout.retry = -1 (default)
2019-09-17 03:08:04,033 [pool-27-thread-1] INFO  server.RaftServerConfigKeys (ConfUtils.java:logGet(43)) - raft.server.log.queue.element-limit = 1024 (custom)
2019-09-17 03:08:04,034 [pool-47-thread-1] INFO  server.RaftServerConfigKeys (ConfUtils.java:logGet(43)) - raft.server.log.statemachine.data.caching.enabled = true (custom)
2019-09-17 03:08:04,034 [pool-37-thread-1] INFO  server.RaftServerConfigKeys (ConfUtils.java:logGet(43)) - raft.server.log.queue.element-limit = 1024 (custom)
2019-09-17 03:08:04,034 [pool-27-thread-1] INFO  server.RaftServerConfigKeys (ConfUtils.java:logGet(43)) - raft.server.log.segment.size.max = 1048576 (custom)
2019-09-17 03:08:04,034 [pool-47-thread-1] INFO  segmented.SegmentedRaftLogWorker (SegmentedRaftLogWorker.java:lambda$new$0(132)) - 37967329-5758-4c49-8e48-9ef753dc4f59@group-8D5235D8462B-SegmentedRaftLogWorker: flushIndex: setUnconditionally 0 -> -1
2019-09-17 03:08:04,034 [pool-37-thread-1] INFO  server.RaftServerConfigKeys (ConfUtils.java:logGet(43)) - raft.server.log.segment.size.max = 1048576 (custom)
2019-09-17 03:08:04,034 [pool-27-thread-1] INFO  server.RaftServerConfigKeys (ConfUtils.java:logGet(43)) - raft.server.log.preallocated.size = 16384 (custom)
2019-09-17 03:08:04,035 [pool-47-thread-1] INFO  server.RaftServerConfigKeys (ConfUtils.java:logGet(43)) - raft.server.snapshot.auto.trigger.enabled = true (custom)
2019-09-17 03:08:04,035 [pool-37-thread-1] INFO  server.RaftServerConfigKeys (ConfUtils.java:logGet(43)) - raft.server.log.preallocated.size = 16384 (custom)
2019-09-17 03:08:04,035 [pool-47-thread-1] INFO  server.RaftServerConfigKeys (ConfUtils.java:logGet(43)) - raft.server.snapshot.auto.trigger.threshold = 10000 (custom)
2019-09-17 03:08:04,035 [pool-27-thread-1] INFO  server.RaftServerConfigKeys (ConfUtils.java:logGet(43)) - raft.server.log.write.buffer.size = 33554432 (custom)
2019-09-17 03:08:04,035 [pool-47-thread-1] INFO  server.RaftServerConfigKeys (ConfUtils.java:logGet(43)) - raft.server.snapshot.retention.num.files = 5 (custom)
2019-09-17 03:08:04,035 [pool-37-thread-1] INFO  server.RaftServerConfigKeys (ConfUtils.java:logGet(43)) - raft.server.log.write.buffer.size = 33554432 (custom)
2019-09-17 03:08:04,035 [pool-47-thread-1] INFO  server.RaftServerConfigKeys (ConfUtils.java:logGet(43)) - raft.server.retrycache.expirytime = 600000ms (custom)
2019-09-17 03:08:04,035 [pool-27-thread-1] INFO  server.RaftServerConfigKeys (ConfUtils.java:logGet(43)) - raft.server.log.force.sync.num = 128 (default)
2019-09-17 03:08:04,035 [pool-37-thread-1] INFO  server.RaftServerConfigKeys (ConfUtils.java:logGet(43)) - raft.server.log.force.sync.num = 128 (default)
2019-09-17 03:08:04,036 [pool-27-thread-1] INFO  server.RaftServerConfigKeys (ConfUtils.java:logGet(43)) - raft.server.log.statemachine.data.sync = true (default)
2019-09-17 03:08:04,036 [pool-37-thread-1] INFO  server.RaftServerConfigKeys (ConfUtils.java:logGet(43)) - raft.server.log.statemachine.data.sync = true (default)
2019-09-17 03:08:04,036 [pool-27-thread-1] INFO  server.RaftServerConfigKeys (ConfUtils.java:logGet(43)) - raft.server.log.statemachine.data.sync.timeout = 10s (default)
2019-09-17 03:08:04,036 [pool-37-thread-1] INFO  server.RaftServerConfigKeys (ConfUtils.java:logGet(43)) - raft.server.log.statemachine.data.sync.timeout = 10s (default)
2019-09-17 03:08:04,036 [pool-27-thread-1] INFO  server.RaftServerConfigKeys (ConfUtils.java:logGet(43)) - raft.server.log.statemachine.data.sync.timeout.retry = -1 (default)
2019-09-17 03:08:04,036 [pool-37-thread-1] INFO  server.RaftServerConfigKeys (ConfUtils.java:logGet(43)) - raft.server.log.statemachine.data.sync.timeout.retry = -1 (default)
2019-09-17 03:08:04,036 [pool-27-thread-1] INFO  server.RaftServerConfigKeys (ConfUtils.java:logGet(43)) - raft.server.log.statemachine.data.caching.enabled = true (custom)
2019-09-17 03:08:04,037 [pool-37-thread-1] INFO  server.RaftServerConfigKeys (ConfUtils.java:logGet(43)) - raft.server.log.statemachine.data.caching.enabled = true (custom)
2019-09-17 03:08:04,037 [pool-27-thread-1] INFO  segmented.SegmentedRaftLogWorker (SegmentedRaftLogWorker.java:lambda$new$0(132)) - c4d38cfc-376d-4425-bc69-78113d3ff62e@group-8D5235D8462B-SegmentedRaftLogWorker: flushIndex: setUnconditionally 0 -> -1
2019-09-17 03:08:04,037 [pool-37-thread-1] INFO  segmented.SegmentedRaftLogWorker (SegmentedRaftLogWorker.java:lambda$new$0(132)) - 3ddf6a6f-4836-4e24-9a32-96f656a8f9d8@group-8D5235D8462B-SegmentedRaftLogWorker: flushIndex: setUnconditionally 0 -> -1
2019-09-17 03:08:04,037 [pool-27-thread-1] INFO  server.RaftServerConfigKeys (ConfUtils.java:logGet(43)) - raft.server.snapshot.auto.trigger.enabled = true (custom)
2019-09-17 03:08:04,037 [pool-37-thread-1] INFO  server.RaftServerConfigKeys (ConfUtils.java:logGet(43)) - raft.server.snapshot.auto.trigger.enabled = true (custom)
2019-09-17 03:08:04,037 [pool-27-thread-1] INFO  server.RaftServerConfigKeys (ConfUtils.java:logGet(43)) - raft.server.snapshot.auto.trigger.threshold = 10000 (custom)
2019-09-17 03:08:04,037 [pool-37-thread-1] INFO  server.RaftServerConfigKeys (ConfUtils.java:logGet(43)) - raft.server.snapshot.auto.trigger.threshold = 10000 (custom)
2019-09-17 03:08:04,038 [pool-27-thread-1] INFO  server.RaftServerConfigKeys (ConfUtils.java:logGet(43)) - raft.server.snapshot.retention.num.files = 5 (custom)
2019-09-17 03:08:04,038 [pool-37-thread-1] INFO  server.RaftServerConfigKeys (ConfUtils.java:logGet(43)) - raft.server.snapshot.retention.num.files = 5 (custom)
2019-09-17 03:08:04,038 [pool-27-thread-1] INFO  server.RaftServerConfigKeys (ConfUtils.java:logGet(43)) - raft.server.retrycache.expirytime = 600000ms (custom)
2019-09-17 03:08:04,038 [pool-37-thread-1] INFO  server.RaftServerConfigKeys (ConfUtils.java:logGet(43)) - raft.server.retrycache.expirytime = 600000ms (custom)
2019-09-17 03:08:04,039 [pool-47-thread-1] INFO  impl.RaftServerImpl (RaftServerImpl.java:start(185)) - 37967329-5758-4c49-8e48-9ef753dc4f59@group-8D5235D8462B: start as a follower, conf=-1: [3ddf6a6f-4836-4e24-9a32-96f656a8f9d8:192.168.151.92:46238, c4d38cfc-376d-4425-bc69-78113d3ff62e:192.168.151.92:38488, 37967329-5758-4c49-8e48-9ef753dc4f59:192.168.151.92:35108], old=null
2019-09-17 03:08:04,039 [pool-47-thread-1] INFO  impl.RaftServerImpl (RaftServerImpl.java:setRole(174)) - 37967329-5758-4c49-8e48-9ef753dc4f59@group-8D5235D8462B: changes role from      null to FOLLOWER at term 0 for startAsFollower
2019-09-17 03:08:04,040 [pool-47-thread-1] INFO  impl.RoleInfo (RoleInfo.java:updateAndGet(143)) - 37967329-5758-4c49-8e48-9ef753dc4f59: start FollowerState
2019-09-17 03:08:04,040 [pool-47-thread-1] INFO  util.JmxRegister (JmxRegister.java:tryRegister(44)) - Successfully registered JMX Bean with object name Ratis:service=RaftServer,group=group-8D5235D8462B,id=37967329-5758-4c49-8e48-9ef753dc4f59
2019-09-17 03:08:04,045 [pool-27-thread-1] INFO  impl.RaftServerImpl (RaftServerImpl.java:start(185)) - c4d38cfc-376d-4425-bc69-78113d3ff62e@group-8D5235D8462B: start as a follower, conf=-1: [3ddf6a6f-4836-4e24-9a32-96f656a8f9d8:192.168.151.92:46238, c4d38cfc-376d-4425-bc69-78113d3ff62e:192.168.151.92:38488, 37967329-5758-4c49-8e48-9ef753dc4f59:192.168.151.92:35108], old=null
2019-09-17 03:08:04,045 [pool-37-thread-1] INFO  impl.RaftServerImpl (RaftServerImpl.java:start(185)) - 3ddf6a6f-4836-4e24-9a32-96f656a8f9d8@group-8D5235D8462B: start as a follower, conf=-1: [3ddf6a6f-4836-4e24-9a32-96f656a8f9d8:192.168.151.92:46238, c4d38cfc-376d-4425-bc69-78113d3ff62e:192.168.151.92:38488, 37967329-5758-4c49-8e48-9ef753dc4f59:192.168.151.92:35108], old=null
2019-09-17 03:08:04,046 [pool-27-thread-1] INFO  impl.RaftServerImpl (RaftServerImpl.java:setRole(174)) - c4d38cfc-376d-4425-bc69-78113d3ff62e@group-8D5235D8462B: changes role from      null to FOLLOWER at term 0 for startAsFollower
2019-09-17 03:08:04,046 [pool-37-thread-1] INFO  impl.RaftServerImpl (RaftServerImpl.java:setRole(174)) - 3ddf6a6f-4836-4e24-9a32-96f656a8f9d8@group-8D5235D8462B: changes role from      null to FOLLOWER at term 0 for startAsFollower
2019-09-17 03:08:04,048 [pool-27-thread-1] INFO  impl.RoleInfo (RoleInfo.java:updateAndGet(143)) - c4d38cfc-376d-4425-bc69-78113d3ff62e: start FollowerState
2019-09-17 03:08:04,048 [pool-37-thread-1] INFO  impl.RoleInfo (RoleInfo.java:updateAndGet(143)) - 3ddf6a6f-4836-4e24-9a32-96f656a8f9d8: start FollowerState
2019-09-17 03:08:04,049 [pool-27-thread-1] INFO  util.JmxRegister (JmxRegister.java:tryRegister(44)) - Successfully registered JMX Bean with object name Ratis:service=RaftServer,group=group-8D5235D8462B,id=c4d38cfc-376d-4425-bc69-78113d3ff62e
2019-09-17 03:08:04,049 [pool-37-thread-1] INFO  util.JmxRegister (JmxRegister.java:tryRegister(44)) - Successfully registered JMX Bean with object name Ratis:service=RaftServer,group=group-8D5235D8462B,id=3ddf6a6f-4836-4e24-9a32-96f656a8f9d8
2019-09-17 03:08:04,066 [RatisPipelineUtilsThread] INFO  pipeline.PipelineStateManager (PipelineStateManager.java:addPipeline(56)) - Created pipeline Pipeline[ Id: 73248391-7bf3-448c-a6e2-8d5235d8462b, Nodes: 37967329-5758-4c49-8e48-9ef753dc4f59{ip: 192.168.151.92, host: pr-hdds-2139-j8dx6-1450124282, networkLocation: /default-rack, certSerialId: null}3ddf6a6f-4836-4e24-9a32-96f656a8f9d8{ip: 192.168.151.92, host: pr-hdds-2139-j8dx6-1450124282, networkLocation: /default-rack, certSerialId: null}c4d38cfc-376d-4425-bc69-78113d3ff62e{ip: 192.168.151.92, host: pr-hdds-2139-j8dx6-1450124282, networkLocation: /default-rack, certSerialId: null}, Type:RATIS, Factor:THREE, State:OPEN]
2019-09-17 03:08:04,531 [main] INFO  impl.MetricsSystemImpl (MetricsSystemImpl.java:init(158)) - XceiverClientMetrics metrics system started (again)
2019-09-17 03:08:04,625 [grpc-default-executor-1] INFO  client.GrpcClientProtocolClient (GrpcClientProtocolClient.java:onNext(264)) - client-3999D11C8318->37967329-5758-4c49-8e48-9ef753dc4f59: receive RaftClientReply:client-3999D11C8318->37967329-5758-4c49-8e48-9ef753dc4f59@group-8D5235D8462B, cid=7, FAILED org.apache.ratis.protocol.NotLeaderException: Server 37967329-5758-4c49-8e48-9ef753dc4f59@group-8D5235D8462B is not the leader, logIndex=0, commits[37967329-5758-4c49-8e48-9ef753dc4f59:c-1]
2019-09-17 03:08:04,951 [EventQueue-StaleNodeForStaleNodeHandler] INFO  node.StaleNodeHandler (StaleNodeHandler.java:onMessage(58)) - Datanode 37967329-5758-4c49-8e48-9ef753dc4f59{ip: 192.168.151.92, host: pr-hdds-2139-j8dx6-1450124282, networkLocation: /default-rack, certSerialId: null} moved to stale state. Finalizing its pipelines [PipelineID=1ddad93e-7402-466f-b5f6-e07d5fae82e4, PipelineID=73248391-7bf3-448c-a6e2-8d5235d8462b]
2019-09-17 03:08:04,951 [EventQueue-StaleNodeForStaleNodeHandler] INFO  pipeline.SCMPipelineManager (SCMPipelineManager.java:finalizeAndDestroyPipeline(311)) - destroying pipeline:Pipeline[ Id: 1ddad93e-7402-466f-b5f6-e07d5fae82e4, Nodes: 37967329-5758-4c49-8e48-9ef753dc4f59{ip: 192.168.151.92, host: pr-hdds-2139-j8dx6-1450124282, networkLocation: /default-rack, certSerialId: null}, Type:RATIS, Factor:ONE, State:OPEN]
2019-09-17 03:08:04,955 [EventQueue-StaleNodeForStaleNodeHandler] INFO  pipeline.PipelineStateManager (PipelineStateManager.java:finalizePipeline(123)) - Pipeline Pipeline[ Id: 1ddad93e-7402-466f-b5f6-e07d5fae82e4, Nodes: 37967329-5758-4c49-8e48-9ef753dc4f59{ip: 192.168.151.92, host: pr-hdds-2139-j8dx6-1450124282, networkLocation: /default-rack, certSerialId: null}, Type:RATIS, Factor:ONE, State:CLOSED] moved to CLOSED state
2019-09-17 03:08:04,956 [EventQueue-StaleNodeForStaleNodeHandler] INFO  pipeline.SCMPipelineManager (SCMPipelineManager.java:finalizeAndDestroyPipeline(311)) - destroying pipeline:Pipeline[ Id: 73248391-7bf3-448c-a6e2-8d5235d8462b, Nodes: 37967329-5758-4c49-8e48-9ef753dc4f59{ip: 192.168.151.92, host: pr-hdds-2139-j8dx6-1450124282, networkLocation: /default-rack, certSerialId: null}3ddf6a6f-4836-4e24-9a32-96f656a8f9d8{ip: 192.168.151.92, host: pr-hdds-2139-j8dx6-1450124282, networkLocation: /default-rack, certSerialId: null}c4d38cfc-376d-4425-bc69-78113d3ff62e{ip: 192.168.151.92, host: pr-hdds-2139-j8dx6-1450124282, networkLocation: /default-rack, certSerialId: null}, Type:RATIS, Factor:THREE, State:OPEN]
2019-09-17 03:08:04,957 [EventQueue-StaleNodeForStaleNodeHandler] INFO  pipeline.PipelineStateManager (PipelineStateManager.java:finalizePipeline(123)) - Pipeline Pipeline[ Id: 73248391-7bf3-448c-a6e2-8d5235d8462b, Nodes: 37967329-5758-4c49-8e48-9ef753dc4f59{ip: 192.168.151.92, host: pr-hdds-2139-j8dx6-1450124282, networkLocation: /default-rack, certSerialId: null}3ddf6a6f-4836-4e24-9a32-96f656a8f9d8{ip: 192.168.151.92, host: pr-hdds-2139-j8dx6-1450124282, networkLocation: /default-rack, certSerialId: null}c4d38cfc-376d-4425-bc69-78113d3ff62e{ip: 192.168.151.92, host: pr-hdds-2139-j8dx6-1450124282, networkLocation: /default-rack, certSerialId: null}, Type:RATIS, Factor:THREE, State:CLOSED] moved to CLOSED state
2019-09-17 03:08:04,957 [EventQueue-CloseContainerForCloseContainerEventHandler] INFO  container.CloseContainerEventHandler (CloseContainerEventHandler.java:onMessage(61)) - Close container Event triggered for container : #1
2019-09-17 03:08:05,019 [ReplicationMonitor] INFO  container.ReplicationManager (ReplicationManager.java:run(225)) - Replication Monitor Thread took 1 milliseconds for processing 1 containers.
2019-09-17 03:08:05,065 [grpc-default-executor-2] INFO  impl.RaftServerProxy (RaftServerProxy.java:addNew(89)) - 37967329-5758-4c49-8e48-9ef753dc4f59: addNew group-2DB00F2D5EEB:[37967329-5758-4c49-8e48-9ef753dc4f59:192.168.151.92:35108] returns group-2DB00F2D5EEB:java.util.concurrent.CompletableFuture@51429eb3[Not completed]
2019-09-17 03:08:05,070 [pool-47-thread-1] INFO  impl.RaftServerImpl (RaftServerImpl.java:<init>(95)) - 37967329-5758-4c49-8e48-9ef753dc4f59: new RaftServerImpl for group-2DB00F2D5EEB:[37967329-5758-4c49-8e48-9ef753dc4f59:192.168.151.92:35108] with ContainerStateMachine:uninitialized
2019-09-17 03:08:05,070 [pool-47-thread-1] INFO  server.RaftServerConfigKeys (ConfUtils.java:logGet(43)) - raft.server.rpc.timeout.min = 5s (custom)
2019-09-17 03:08:05,071 [pool-47-thread-1] INFO  server.RaftServerConfigKeys (ConfUtils.java:logGet(43)) - raft.server.rpc.timeout.max = 5200ms (custom)
2019-09-17 03:08:05,071 [pool-47-thread-1] INFO  server.RaftServerConfigKeys (ConfUtils.java:logGet(43)) - raft.server.rpcslowness.timeout = 1000s (custom)
2019-09-17 03:08:05,071 [pool-47-thread-1] INFO  server.RaftServerConfigKeys (ConfUtils.java:logGet(43)) - raft.server.sleep.deviation.threshold = 300 (default)
2019-09-17 03:08:05,071 [pool-47-thread-1] INFO  server.RaftServerConfigKeys (ConfUtils.java:logGet(43)) - raft.server.log.appender.install.snapshot.enabled = false (custom)
2019-09-17 03:08:05,071 [pool-47-thread-1] INFO  impl.RaftServerImpl (ServerState.java:<init>(103)) - 37967329-5758-4c49-8e48-9ef753dc4f59@group-2DB00F2D5EEB: ConfigurationManager, init=-1: [37967329-5758-4c49-8e48-9ef753dc4f59:192.168.151.92:35108], old=null, confs=<EMPTY_MAP>
2019-09-17 03:08:05,072 [pool-47-thread-1] INFO  server.RaftServerConfigKeys (ConfUtils.java:logGet(43)) - raft.server.storage.dir = [/workdir/hadoop-ozone/integration-test/target/test-dir/MiniOzoneClusterImpl-56281cee-d7bb-45d5-81ae-0fbd03872c22/datanode-2/data/ratis] (custom)
2019-09-17 03:08:05,072 [pool-47-thread-1] INFO  storage.RaftStorageDirectory (RaftStorageDirectory.java:analyzeStorage(246)) - The storage directory /workdir/hadoop-ozone/integration-test/target/test-dir/MiniOzoneClusterImpl-56281cee-d7bb-45d5-81ae-0fbd03872c22/datanode-2/data/ratis/c0cb25d5-3780-42cd-a32e-2db00f2d5eeb does not exist. Creating ...
2019-09-17 03:08:05,108 [pool-47-thread-1] INFO  storage.RaftStorageDirectory (RaftStorageDirectory.java:tryLock(328)) - Lock on /workdir/hadoop-ozone/integration-test/target/test-dir/MiniOzoneClusterImpl-56281cee-d7bb-45d5-81ae-0fbd03872c22/datanode-2/data/ratis/c0cb25d5-3780-42cd-a32e-2db00f2d5eeb/in_use.lock acquired by nodename 13108@pr-hdds-2139-j8dx6-1450124282
2019-09-17 03:08:05,122 [pool-47-thread-1] INFO  storage.RaftStorage (RaftStorage.java:format(72)) - Storage directory /workdir/hadoop-ozone/integration-test/target/test-dir/MiniOzoneClusterImpl-56281cee-d7bb-45d5-81ae-0fbd03872c22/datanode-2/data/ratis/c0cb25d5-3780-42cd-a32e-2db00f2d5eeb has been successfully formatted.
2019-09-17 03:08:05,123 [pool-47-thread-1] INFO  ratis.ContainerStateMachine (ContainerStateMachine.java:loadSnapshot(230)) - group-2DB00F2D5EEB: The snapshot info is null. Setting the last applied indexto:(t:0, i:~)
2019-09-17 03:08:05,123 [pool-47-thread-1] INFO  server.RaftServerConfigKeys (ConfUtils.java:logGet(43)) - raft.server.notification.no-leader.timeout = 1000s (custom)
2019-09-17 03:08:05,123 [pool-47-thread-1] INFO  server.RaftServerConfigKeys (ConfUtils.java:logGet(43)) - raft.server.log.use.memory = false (default)
2019-09-17 03:08:05,123 [pool-47-thread-1] INFO  server.RaftServerConfigKeys (ConfUtils.java:logGet(43)) - raft.server.log.purge.gap = 1000000 (custom)
2019-09-17 03:08:05,123 [pool-47-thread-1] INFO  server.RaftServerConfigKeys (ConfUtils.java:logGet(43)) - raft.server.log.appender.buffer.byte-limit = 33554432 (custom)
2019-09-17 03:08:05,124 [pool-47-thread-1] INFO  server.RaftServerConfigKeys (ConfUtils.java:logGet(43)) - raft.server.log.segment.size.max = 1048576 (custom)
2019-09-17 03:08:05,124 [pool-47-thread-1] INFO  server.RaftServerConfigKeys (ConfUtils.java:logGet(43)) - raft.server.log.segment.cache.num.max = 2 (custom)
2019-09-17 03:08:05,124 [pool-47-thread-1] INFO  segmented.SegmentedRaftLogWorker (SegmentedRaftLogWorker.java:<init>(172)) - new 37967329-5758-4c49-8e48-9ef753dc4f59@group-2DB00F2D5EEB-SegmentedRaftLogWorker for RaftStorage:Storage Directory /workdir/hadoop-ozone/integration-test/target/test-dir/MiniOzoneClusterImpl-56281cee-d7bb-45d5-81ae-0fbd03872c22/datanode-2/data/ratis/c0cb25d5-3780-42cd-a32e-2db00f2d5eeb
2019-09-17 03:08:05,124 [pool-47-thread-1] INFO  server.RaftServerConfigKeys (ConfUtils.java:logGet(43)) - raft.server.log.queue.byte-limit = 2147483647 (custom)
2019-09-17 03:08:05,124 [pool-47-thread-1] INFO  server.RaftServerConfigKeys (ConfUtils.java:logGet(43)) - raft.server.log.queue.element-limit = 1024 (custom)
2019-09-17 03:08:05,125 [pool-47-thread-1] INFO  server.RaftServerConfigKeys (ConfUtils.java:logGet(43)) - raft.server.log.segment.size.max = 1048576 (custom)
2019-09-17 03:08:05,125 [pool-47-thread-1] INFO  server.RaftServerConfigKeys (ConfUtils.java:logGet(43)) - raft.server.log.preallocated.size = 16384 (custom)
2019-09-17 03:08:05,125 [pool-47-thread-1] INFO  server.RaftServerConfigKeys (ConfUtils.java:logGet(43)) - raft.server.log.write.buffer.size = 33554432 (custom)
2019-09-17 03:08:05,125 [pool-47-thread-1] INFO  server.RaftServerConfigKeys (ConfUtils.java:logGet(43)) - raft.server.log.force.sync.num = 128 (default)
2019-09-17 03:08:05,125 [pool-47-thread-1] INFO  server.RaftServerConfigKeys (ConfUtils.java:logGet(43)) - raft.server.log.statemachine.data.sync = true (default)
2019-09-17 03:08:05,126 [pool-47-thread-1] INFO  server.RaftServerConfigKeys (ConfUtils.java:logGet(43)) - raft.server.log.statemachine.data.sync.timeout = 10s (default)
2019-09-17 03:08:05,126 [pool-47-thread-1] INFO  server.RaftServerConfigKeys (ConfUtils.java:logGet(43)) - raft.server.log.statemachine.data.sync.timeout.retry = -1 (default)
2019-09-17 03:08:05,126 [pool-47-thread-1] INFO  server.RaftServerConfigKeys (ConfUtils.java:logGet(43)) - raft.server.log.statemachine.data.caching.enabled = true (custom)
2019-09-17 03:08:05,127 [pool-47-thread-1] INFO  segmented.SegmentedRaftLogWorker (SegmentedRaftLogWorker.java:lambda$new$0(132)) - 37967329-5758-4c49-8e48-9ef753dc4f59@group-2DB00F2D5EEB-SegmentedRaftLogWorker: flushIndex: setUnconditionally 0 -> -1
2019-09-17 03:08:05,132 [pool-47-thread-1] INFO  server.RaftServerConfigKeys (ConfUtils.java:logGet(43)) - raft.server.snapshot.auto.trigger.enabled = true (custom)
2019-09-17 03:08:05,132 [pool-47-thread-1] INFO  server.RaftServerConfigKeys (ConfUtils.java:logGet(43)) - raft.server.snapshot.auto.trigger.threshold = 10000 (custom)
2019-09-17 03:08:05,132 [pool-47-thread-1] INFO  server.RaftServerConfigKeys (ConfUtils.java:logGet(43)) - raft.server.snapshot.retention.num.files = 5 (custom)
2019-09-17 03:08:05,132 [pool-47-thread-1] INFO  server.RaftServerConfigKeys (ConfUtils.java:logGet(43)) - raft.server.retrycache.expirytime = 600000ms (custom)
2019-09-17 03:08:05,137 [pool-47-thread-1] INFO  impl.RaftServerImpl (RaftServerImpl.java:start(185)) - 37967329-5758-4c49-8e48-9ef753dc4f59@group-2DB00F2D5EEB: start as a follower, conf=-1: [37967329-5758-4c49-8e48-9ef753dc4f59:192.168.151.92:35108], old=null
2019-09-17 03:08:05,137 [pool-47-thread-1] INFO  impl.RaftServerImpl (RaftServerImpl.java:setRole(174)) - 37967329-5758-4c49-8e48-9ef753dc4f59@group-2DB00F2D5EEB: changes role from      null to FOLLOWER at term 0 for startAsFollower
2019-09-17 03:08:05,137 [pool-47-thread-1] INFO  impl.RoleInfo (RoleInfo.java:updateAndGet(143)) - 37967329-5758-4c49-8e48-9ef753dc4f59: start FollowerState
2019-09-17 03:08:05,137 [pool-47-thread-1] INFO  util.JmxRegister (JmxRegister.java:tryRegister(44)) - Successfully registered JMX Bean with object name Ratis:service=RaftServer,group=group-2DB00F2D5EEB,id=37967329-5758-4c49-8e48-9ef753dc4f59
2019-09-17 03:08:05,147 [RatisPipelineUtilsThread] INFO  pipeline.PipelineStateManager (PipelineStateManager.java:addPipeline(56)) - Created pipeline Pipeline[ Id: c0cb25d5-3780-42cd-a32e-2db00f2d5eeb, Nodes: 37967329-5758-4c49-8e48-9ef753dc4f59{ip: 192.168.151.92, host: pr-hdds-2139-j8dx6-1450124282, networkLocation: /default-rack, certSerialId: null}, Type:RATIS, Factor:ONE, State:OPEN]
2019-09-17 03:08:05,171 [grpc-default-executor-0] INFO  impl.RaftServerProxy (RaftServerProxy.java:addNew(89)) - 37967329-5758-4c49-8e48-9ef753dc4f59: addNew group-CF6478AC8A53:[3ddf6a6f-4836-4e24-9a32-96f656a8f9d8:192.168.151.92:46238, c4d38cfc-376d-4425-bc69-78113d3ff62e:192.168.151.92:38488, 37967329-5758-4c49-8e48-9ef753dc4f59:192.168.151.92:35108] returns group-CF6478AC8A53:java.util.concurrent.CompletableFuture@5aac1e6c[Not completed]
2019-09-17 03:08:05,171 [grpc-default-executor-2] INFO  impl.RaftServerProxy (RaftServerProxy.java:addNew(89)) - 3ddf6a6f-4836-4e24-9a32-96f656a8f9d8: addNew group-CF6478AC8A53:[3ddf6a6f-4836-4e24-9a32-96f656a8f9d8:192.168.151.92:46238, c4d38cfc-376d-4425-bc69-78113d3ff62e:192.168.151.92:38488, 37967329-5758-4c49-8e48-9ef753dc4f59:192.168.151.92:35108] returns group-CF6478AC8A53:java.util.concurrent.CompletableFuture@485d4ebc[Not completed]
2019-09-17 03:08:05,173 [grpc-default-executor-2] INFO  impl.RaftServerProxy (RaftServerProxy.java:addNew(89)) - c4d38cfc-376d-4425-bc69-78113d3ff62e: addNew group-CF6478AC8A53:[3ddf6a6f-4836-4e24-9a32-96f656a8f9d8:192.168.151.92:46238, c4d38cfc-376d-4425-bc69-78113d3ff62e:192.168.151.92:38488, 37967329-5758-4c49-8e48-9ef753dc4f59:192.168.151.92:35108] returns group-CF6478AC8A53:java.util.concurrent.CompletableFuture@3a6b5062[Not completed]
2019-09-17 03:08:05,174 [pool-37-thread-1] INFO  impl.RaftServerImpl (RaftServerImpl.java:<init>(95)) - 3ddf6a6f-4836-4e24-9a32-96f656a8f9d8: new RaftServerImpl for group-CF6478AC8A53:[3ddf6a6f-4836-4e24-9a32-96f656a8f9d8:192.168.151.92:46238, c4d38cfc-376d-4425-bc69-78113d3ff62e:192.168.151.92:38488, 37967329-5758-4c49-8e48-9ef753dc4f59:192.168.151.92:35108] with ContainerStateMachine:uninitialized
2019-09-17 03:08:05,174 [pool-37-thread-1] INFO  server.RaftServerConfigKeys (ConfUtils.java:logGet(43)) - raft.server.rpc.timeout.min = 5s (custom)
2019-09-17 03:08:05,174 [pool-37-thread-1] INFO  server.RaftServerConfigKeys (ConfUtils.java:logGet(43)) - raft.server.rpc.timeout.max = 5200ms (custom)
2019-09-17 03:08:05,174 [pool-37-thread-1] INFO  server.RaftServerConfigKeys (ConfUtils.java:logGet(43)) - raft.server.rpcslowness.timeout = 1000s (custom)
2019-09-17 03:08:05,174 [pool-37-thread-1] INFO  server.RaftServerConfigKeys (ConfUtils.java:logGet(43)) - raft.server.sleep.deviation.threshold = 300 (default)
2019-09-17 03:08:05,175 [pool-37-thread-1] INFO  server.RaftServerConfigKeys (ConfUtils.java:logGet(43)) - raft.server.log.appender.install.snapshot.enabled = false (custom)
2019-09-17 03:08:05,175 [pool-27-thread-1] INFO  impl.RaftServerImpl (RaftServerImpl.java:<init>(95)) - c4d38cfc-376d-4425-bc69-78113d3ff62e: new RaftServerImpl for group-CF6478AC8A53:[3ddf6a6f-4836-4e24-9a32-96f656a8f9d8:192.168.151.92:46238, c4d38cfc-376d-4425-bc69-78113d3ff62e:192.168.151.92:38488, 37967329-5758-4c49-8e48-9ef753dc4f59:192.168.151.92:35108] with ContainerStateMachine:uninitialized
2019-09-17 03:08:05,175 [pool-37-thread-1] INFO  impl.RaftServerImpl (ServerState.java:<init>(103)) - 3ddf6a6f-4836-4e24-9a32-96f656a8f9d8@group-CF6478AC8A53: ConfigurationManager, init=-1: [3ddf6a6f-4836-4e24-9a32-96f656a8f9d8:192.168.151.92:46238, c4d38cfc-376d-4425-bc69-78113d3ff62e:192.168.151.92:38488, 37967329-5758-4c49-8e48-9ef753dc4f59:192.168.151.92:35108], old=null, confs=<EMPTY_MAP>
2019-09-17 03:08:05,175 [pool-27-thread-1] INFO  server.RaftServerConfigKeys (ConfUtils.java:logGet(43)) - raft.server.rpc.timeout.min = 5s (custom)
2019-09-17 03:08:05,175 [pool-37-thread-1] INFO  server.RaftServerConfigKeys (ConfUtils.java:logGet(43)) - raft.server.storage.dir = [/workdir/hadoop-ozone/integration-test/target/test-dir/MiniOzoneClusterImpl-56281cee-d7bb-45d5-81ae-0fbd03872c22/datanode-1/data/ratis] (custom)
2019-09-17 03:08:05,175 [pool-27-thread-1] INFO  server.RaftServerConfigKeys (ConfUtils.java:logGet(43)) - raft.server.rpc.timeout.max = 5200ms (custom)
2019-09-17 03:08:05,175 [pool-27-thread-1] INFO  server.RaftServerConfigKeys (ConfUtils.java:logGet(43)) - raft.server.rpcslowness.timeout = 1000s (custom)
2019-09-17 03:08:05,175 [pool-27-thread-1] INFO  server.RaftServerConfigKeys (ConfUtils.java:logGet(43)) - raft.server.sleep.deviation.threshold = 300 (default)
2019-09-17 03:08:05,175 [pool-37-thread-1] INFO  storage.RaftStorageDirectory (RaftStorageDirectory.java:analyzeStorage(246)) - The storage directory /workdir/hadoop-ozone/integration-test/target/test-dir/MiniOzoneClusterImpl-56281cee-d7bb-45d5-81ae-0fbd03872c22/datanode-1/data/ratis/ef1553b0-01ba-410d-a590-cf6478ac8a53 does not exist. Creating ...
2019-09-17 03:08:05,175 [pool-27-thread-1] INFO  server.RaftServerConfigKeys (ConfUtils.java:logGet(43)) - raft.server.log.appender.install.snapshot.enabled = false (custom)
2019-09-17 03:08:05,176 [pool-27-thread-1] INFO  impl.RaftServerImpl (ServerState.java:<init>(103)) - c4d38cfc-376d-4425-bc69-78113d3ff62e@group-CF6478AC8A53: ConfigurationManager, init=-1: [3ddf6a6f-4836-4e24-9a32-96f656a8f9d8:192.168.151.92:46238, c4d38cfc-376d-4425-bc69-78113d3ff62e:192.168.151.92:38488, 37967329-5758-4c49-8e48-9ef753dc4f59:192.168.151.92:35108], old=null, confs=<EMPTY_MAP>
2019-09-17 03:08:05,176 [pool-47-thread-1] INFO  impl.RaftServerImpl (RaftServerImpl.java:<init>(95)) - 37967329-5758-4c49-8e48-9ef753dc4f59: new RaftServerImpl for group-CF6478AC8A53:[3ddf6a6f-4836-4e24-9a32-96f656a8f9d8:192.168.151.92:46238, c4d38cfc-376d-4425-bc69-78113d3ff62e:192.168.151.92:38488, 37967329-5758-4c49-8e48-9ef753dc4f59:192.168.151.92:35108] with ContainerStateMachine:uninitialized
2019-09-17 03:08:05,176 [pool-27-thread-1] INFO  server.RaftServerConfigKeys (ConfUtils.java:logGet(43)) - raft.server.storage.dir = [/workdir/hadoop-ozone/integration-test/target/test-dir/MiniOzoneClusterImpl-56281cee-d7bb-45d5-81ae-0fbd03872c22/datanode-0/data/ratis] (custom)
2019-09-17 03:08:05,176 [pool-47-thread-1] INFO  server.RaftServerConfigKeys (ConfUtils.java:logGet(43)) - raft.server.rpc.timeout.min = 5s (custom)
2019-09-17 03:08:05,176 [pool-47-thread-1] INFO  server.RaftServerConfigKeys (ConfUtils.java:logGet(43)) - raft.server.rpc.timeout.max = 5200ms (custom)
2019-09-17 03:08:05,176 [pool-27-thread-1] INFO  storage.RaftStorageDirectory (RaftStorageDirectory.java:analyzeStorage(246)) - The storage directory /workdir/hadoop-ozone/integration-test/target/test-dir/MiniOzoneClusterImpl-56281cee-d7bb-45d5-81ae-0fbd03872c22/datanode-0/data/ratis/ef1553b0-01ba-410d-a590-cf6478ac8a53 does not exist. Creating ...
2019-09-17 03:08:05,176 [pool-47-thread-1] INFO  server.RaftServerConfigKeys (ConfUtils.java:logGet(43)) - raft.server.rpcslowness.timeout = 1000s (custom)
2019-09-17 03:08:05,177 [pool-47-thread-1] INFO  server.RaftServerConfigKeys (ConfUtils.java:logGet(43)) - raft.server.sleep.deviation.threshold = 300 (default)
2019-09-17 03:08:05,177 [pool-47-thread-1] INFO  server.RaftServerConfigKeys (ConfUtils.java:logGet(43)) - raft.server.log.appender.install.snapshot.enabled = false (custom)
2019-09-17 03:08:05,177 [pool-47-thread-1] INFO  impl.RaftServerImpl (ServerState.java:<init>(103)) - 37967329-5758-4c49-8e48-9ef753dc4f59@group-CF6478AC8A53: ConfigurationManager, init=-1: [3ddf6a6f-4836-4e24-9a32-96f656a8f9d8:192.168.151.92:46238, c4d38cfc-376d-4425-bc69-78113d3ff62e:192.168.151.92:38488, 37967329-5758-4c49-8e48-9ef753dc4f59:192.168.151.92:35108], old=null, confs=<EMPTY_MAP>
2019-09-17 03:08:05,177 [pool-47-thread-1] INFO  server.RaftServerConfigKeys (ConfUtils.java:logGet(43)) - raft.server.storage.dir = [/workdir/hadoop-ozone/integration-test/target/test-dir/MiniOzoneClusterImpl-56281cee-d7bb-45d5-81ae-0fbd03872c22/datanode-2/data/ratis] (custom)
2019-09-17 03:08:05,178 [pool-47-thread-1] INFO  storage.RaftStorageDirectory (RaftStorageDirectory.java:analyzeStorage(246)) - The storage directory /workdir/hadoop-ozone/integration-test/target/test-dir/MiniOzoneClusterImpl-56281cee-d7bb-45d5-81ae-0fbd03872c22/datanode-2/data/ratis/ef1553b0-01ba-410d-a590-cf6478ac8a53 does not exist. Creating ...
2019-09-17 03:08:05,189 [pool-27-thread-1] INFO  storage.RaftStorageDirectory (RaftStorageDirectory.java:tryLock(328)) - Lock on /workdir/hadoop-ozone/integration-test/target/test-dir/MiniOzoneClusterImpl-56281cee-d7bb-45d5-81ae-0fbd03872c22/datanode-0/data/ratis/ef1553b0-01ba-410d-a590-cf6478ac8a53/in_use.lock acquired by nodename 13108@pr-hdds-2139-j8dx6-1450124282
2019-09-17 03:08:05,189 [pool-37-thread-1] INFO  storage.RaftStorageDirectory (RaftStorageDirectory.java:tryLock(328)) - Lock on /workdir/hadoop-ozone/integration-test/target/test-dir/MiniOzoneClusterImpl-56281cee-d7bb-45d5-81ae-0fbd03872c22/datanode-1/data/ratis/ef1553b0-01ba-410d-a590-cf6478ac8a53/in_use.lock acquired by nodename 13108@pr-hdds-2139-j8dx6-1450124282
2019-09-17 03:08:05,189 [pool-47-thread-1] INFO  storage.RaftStorageDirectory (RaftStorageDirectory.java:tryLock(328)) - Lock on /workdir/hadoop-ozone/integration-test/target/test-dir/MiniOzoneClusterImpl-56281cee-d7bb-45d5-81ae-0fbd03872c22/datanode-2/data/ratis/ef1553b0-01ba-410d-a590-cf6478ac8a53/in_use.lock acquired by nodename 13108@pr-hdds-2139-j8dx6-1450124282
2019-09-17 03:08:05,203 [pool-27-thread-1] INFO  storage.RaftStorage (RaftStorage.java:format(72)) - Storage directory /workdir/hadoop-ozone/integration-test/target/test-dir/MiniOzoneClusterImpl-56281cee-d7bb-45d5-81ae-0fbd03872c22/datanode-0/data/ratis/ef1553b0-01ba-410d-a590-cf6478ac8a53 has been successfully formatted.
2019-09-17 03:08:05,203 [pool-37-thread-1] INFO  storage.RaftStorage (RaftStorage.java:format(72)) - Storage directory /workdir/hadoop-ozone/integration-test/target/test-dir/MiniOzoneClusterImpl-56281cee-d7bb-45d5-81ae-0fbd03872c22/datanode-1/data/ratis/ef1553b0-01ba-410d-a590-cf6478ac8a53 has been successfully formatted.
2019-09-17 03:08:05,203 [pool-27-thread-1] INFO  ratis.ContainerStateMachine (ContainerStateMachine.java:loadSnapshot(230)) - group-CF6478AC8A53: The snapshot info is null. Setting the last applied indexto:(t:0, i:~)
2019-09-17 03:08:05,203 [pool-47-thread-1] INFO  storage.RaftStorage (RaftStorage.java:format(72)) - Storage directory /workdir/hadoop-ozone/integration-test/target/test-dir/MiniOzoneClusterImpl-56281cee-d7bb-45d5-81ae-0fbd03872c22/datanode-2/data/ratis/ef1553b0-01ba-410d-a590-cf6478ac8a53 has been successfully formatted.
2019-09-17 03:08:05,203 [pool-37-thread-1] INFO  ratis.ContainerStateMachine (ContainerStateMachine.java:loadSnapshot(230)) - group-CF6478AC8A53: The snapshot info is null. Setting the last applied indexto:(t:0, i:~)
2019-09-17 03:08:05,203 [pool-27-thread-1] INFO  server.RaftServerConfigKeys (ConfUtils.java:logGet(43)) - raft.server.notification.no-leader.timeout = 1000s (custom)
2019-09-17 03:08:05,203 [pool-37-thread-1] INFO  server.RaftServerConfigKeys (ConfUtils.java:logGet(43)) - raft.server.notification.no-leader.timeout = 1000s (custom)
2019-09-17 03:08:05,203 [pool-47-thread-1] INFO  ratis.ContainerStateMachine (ContainerStateMachine.java:loadSnapshot(230)) - group-CF6478AC8A53: The snapshot info is null. Setting the last applied indexto:(t:0, i:~)
2019-09-17 03:08:05,204 [pool-37-thread-1] INFO  server.RaftServerConfigKeys (ConfUtils.java:logGet(43)) - raft.server.log.use.memory = false (default)
2019-09-17 03:08:05,204 [pool-27-thread-1] INFO  server.RaftServerConfigKeys (ConfUtils.java:logGet(43)) - raft.server.log.use.memory = false (default)
2019-09-17 03:08:05,204 [pool-37-thread-1] INFO  server.RaftServerConfigKeys (ConfUtils.java:logGet(43)) - raft.server.log.purge.gap = 1000000 (custom)
2019-09-17 03:08:05,204 [pool-47-thread-1] INFO  server.RaftServerConfigKeys (ConfUtils.java:logGet(43)) - raft.server.notification.no-leader.timeout = 1000s (custom)
2019-09-17 03:08:05,204 [pool-37-thread-1] INFO  server.RaftServerConfigKeys (ConfUtils.java:logGet(43)) - raft.server.log.appender.buffer.byte-limit = 33554432 (custom)
2019-09-17 03:08:05,204 [pool-27-thread-1] INFO  server.RaftServerConfigKeys (ConfUtils.java:logGet(43)) - raft.server.log.purge.gap = 1000000 (custom)
2019-09-17 03:08:05,205 [pool-37-thread-1] INFO  server.RaftServerConfigKeys (ConfUtils.java:logGet(43)) - raft.server.log.segment.size.max = 1048576 (custom)
2019-09-17 03:08:05,204 [pool-47-thread-1] INFO  server.RaftServerConfigKeys (ConfUtils.java:logGet(43)) - raft.server.log.use.memory = false (default)
2019-09-17 03:08:05,205 [pool-37-thread-1] INFO  server.RaftServerConfigKeys (ConfUtils.java:logGet(43)) - raft.server.log.segment.cache.num.max = 2 (custom)
2019-09-17 03:08:05,205 [pool-27-thread-1] INFO  server.RaftServerConfigKeys (ConfUtils.java:logGet(43)) - raft.server.log.appender.buffer.byte-limit = 33554432 (custom)
2019-09-17 03:08:05,205 [pool-37-thread-1] INFO  segmented.SegmentedRaftLogWorker (SegmentedRaftLogWorker.java:<init>(172)) - new 3ddf6a6f-4836-4e24-9a32-96f656a8f9d8@group-CF6478AC8A53-SegmentedRaftLogWorker for RaftStorage:Storage Directory /workdir/hadoop-ozone/integration-test/target/test-dir/MiniOzoneClusterImpl-56281cee-d7bb-45d5-81ae-0fbd03872c22/datanode-1/data/ratis/ef1553b0-01ba-410d-a590-cf6478ac8a53
2019-09-17 03:08:05,205 [pool-47-thread-1] INFO  server.RaftServerConfigKeys (ConfUtils.java:logGet(43)) - raft.server.log.purge.gap = 1000000 (custom)
2019-09-17 03:08:05,206 [pool-37-thread-1] INFO  server.RaftServerConfigKeys (ConfUtils.java:logGet(43)) - raft.server.log.queue.byte-limit = 2147483647 (custom)
2019-09-17 03:08:05,205 [pool-27-thread-1] INFO  server.RaftServerConfigKeys (ConfUtils.java:logGet(43)) - raft.server.log.segment.size.max = 1048576 (custom)
2019-09-17 03:08:05,206 [pool-37-thread-1] INFO  server.RaftServerConfigKeys (ConfUtils.java:logGet(43)) - raft.server.log.queue.element-limit = 1024 (custom)
2019-09-17 03:08:05,206 [pool-47-thread-1] INFO  server.RaftServerConfigKeys (ConfUtils.java:logGet(43)) - raft.server.log.appender.buffer.byte-limit = 33554432 (custom)
2019-09-17 03:08:05,206 [pool-37-thread-1] INFO  server.RaftServerConfigKeys (ConfUtils.java:logGet(43)) - raft.server.log.segment.size.max = 1048576 (custom)
2019-09-17 03:08:05,206 [pool-27-thread-1] INFO  server.RaftServerConfigKeys (ConfUtils.java:logGet(43)) - raft.server.log.segment.cache.num.max = 2 (custom)
2019-09-17 03:08:05,207 [pool-37-thread-1] INFO  server.RaftServerConfigKeys (ConfUtils.java:logGet(43)) - raft.server.log.preallocated.size = 16384 (custom)
2019-09-17 03:08:05,206 [pool-47-thread-1] INFO  server.RaftServerConfigKeys (ConfUtils.java:logGet(43)) - raft.server.log.segment.size.max = 1048576 (custom)
2019-09-17 03:08:05,207 [pool-37-thread-1] INFO  server.RaftServerConfigKeys (ConfUtils.java:logGet(43)) - raft.server.log.write.buffer.size = 33554432 (custom)
2019-09-17 03:08:05,207 [pool-27-thread-1] INFO  segmented.SegmentedRaftLogWorker (SegmentedRaftLogWorker.java:<init>(172)) - new c4d38cfc-376d-4425-bc69-78113d3ff62e@group-CF6478AC8A53-SegmentedRaftLogWorker for RaftStorage:Storage Directory /workdir/hadoop-ozone/integration-test/target/test-dir/MiniOzoneClusterImpl-56281cee-d7bb-45d5-81ae-0fbd03872c22/datanode-0/data/ratis/ef1553b0-01ba-410d-a590-cf6478ac8a53
2019-09-17 03:08:05,207 [pool-37-thread-1] INFO  server.RaftServerConfigKeys (ConfUtils.java:logGet(43)) - raft.server.log.force.sync.num = 128 (default)
2019-09-17 03:08:05,207 [pool-47-thread-1] INFO  server.RaftServerConfigKeys (ConfUtils.java:logGet(43)) - raft.server.log.segment.cache.num.max = 2 (custom)
2019-09-17 03:08:05,207 [pool-37-thread-1] INFO  server.RaftServerConfigKeys (ConfUtils.java:logGet(43)) - raft.server.log.statemachine.data.sync = true (default)
2019-09-17 03:08:05,207 [pool-27-thread-1] INFO  server.RaftServerConfigKeys (ConfUtils.java:logGet(43)) - raft.server.log.queue.byte-limit = 2147483647 (custom)
2019-09-17 03:08:05,208 [pool-37-thread-1] INFO  server.RaftServerConfigKeys (ConfUtils.java:logGet(43)) - raft.server.log.statemachine.data.sync.timeout = 10s (default)
2019-09-17 03:08:05,208 [pool-47-thread-1] INFO  segmented.SegmentedRaftLogWorker (SegmentedRaftLogWorker.java:<init>(172)) - new 37967329-5758-4c49-8e48-9ef753dc4f59@group-CF6478AC8A53-SegmentedRaftLogWorker for RaftStorage:Storage Directory /workdir/hadoop-ozone/integration-test/target/test-dir/MiniOzoneClusterImpl-56281cee-d7bb-45d5-81ae-0fbd03872c22/datanode-2/data/ratis/ef1553b0-01ba-410d-a590-cf6478ac8a53
2019-09-17 03:08:05,208 [pool-37-thread-1] INFO  server.RaftServerConfigKeys (ConfUtils.java:logGet(43)) - raft.server.log.statemachine.data.sync.timeout.retry = -1 (default)
2019-09-17 03:08:05,208 [pool-27-thread-1] INFO  server.RaftServerConfigKeys (ConfUtils.java:logGet(43)) - raft.server.log.queue.element-limit = 1024 (custom)
2019-09-17 03:08:05,209 [pool-37-thread-1] INFO  server.RaftServerConfigKeys (ConfUtils.java:logGet(43)) - raft.server.log.statemachine.data.caching.enabled = true (custom)
2019-09-17 03:08:05,209 [pool-47-thread-1] INFO  server.RaftServerConfigKeys (ConfUtils.java:logGet(43)) - raft.server.log.queue.byte-limit = 2147483647 (custom)
2019-09-17 03:08:05,209 [pool-27-thread-1] INFO  server.RaftServerConfigKeys (ConfUtils.java:logGet(43)) - raft.server.log.segment.size.max = 1048576 (custom)
2019-09-17 03:08:05,210 [pool-37-thread-1] INFO  segmented.SegmentedRaftLogWorker (SegmentedRaftLogWorker.java:lambda$new$0(132)) - 3ddf6a6f-4836-4e24-9a32-96f656a8f9d8@group-CF6478AC8A53-SegmentedRaftLogWorker: flushIndex: setUnconditionally 0 -> -1
2019-09-17 03:08:05,209 [pool-47-thread-1] INFO  server.RaftServerConfigKeys (ConfUtils.java:logGet(43)) - raft.server.log.queue.element-limit = 1024 (custom)
2019-09-17 03:08:05,211 [pool-27-thread-1] INFO  server.RaftServerConfigKeys (ConfUtils.java:logGet(43)) - raft.server.log.preallocated.size = 16384 (custom)
2019-09-17 03:08:05,211 [pool-37-thread-1] INFO  server.RaftServerConfigKeys (ConfUtils.java:logGet(43)) - raft.server.snapshot.auto.trigger.enabled = true (custom)
2019-09-17 03:08:05,211 [pool-47-thread-1] INFO  server.RaftServerConfigKeys (ConfUtils.java:logGet(43)) - raft.server.log.segment.size.max = 1048576 (custom)
2019-09-17 03:08:05,211 [pool-37-thread-1] INFO  server.RaftServerConfigKeys (ConfUtils.java:logGet(43)) - raft.server.snapshot.auto.trigger.threshold = 10000 (custom)
2019-09-17 03:08:05,211 [pool-27-thread-1] INFO  server.RaftServerConfigKeys (ConfUtils.java:logGet(43)) - raft.server.log.write.buffer.size = 33554432 (custom)
2019-09-17 03:08:05,212 [pool-37-thread-1] INFO  server.RaftServerConfigKeys (ConfUtils.java:logGet(43)) - raft.server.snapshot.retention.num.files = 5 (custom)
2019-09-17 03:08:05,211 [pool-47-thread-1] INFO  server.RaftServerConfigKeys (ConfUtils.java:logGet(43)) - raft.server.log.preallocated.size = 16384 (custom)
2019-09-17 03:08:05,212 [pool-37-thread-1] INFO  server.RaftServerConfigKeys (ConfUtils.java:logGet(43)) - raft.server.retrycache.expirytime = 600000ms (custom)
2019-09-17 03:08:05,212 [pool-27-thread-1] INFO  server.RaftServerConfigKeys (ConfUtils.java:logGet(43)) - raft.server.log.force.sync.num = 128 (default)
2019-09-17 03:08:05,212 [pool-47-thread-1] INFO  server.RaftServerConfigKeys (ConfUtils.java:logGet(43)) - raft.server.log.write.buffer.size = 33554432 (custom)
2019-09-17 03:08:05,213 [pool-27-thread-1] INFO  server.RaftServerConfigKeys (ConfUtils.java:logGet(43)) - raft.server.log.statemachine.data.sync = true (default)
2019-09-17 03:08:05,213 [pool-47-thread-1] INFO  server.RaftServerConfigKeys (ConfUtils.java:logGet(43)) - raft.server.log.force.sync.num = 128 (default)
2019-09-17 03:08:05,213 [pool-27-thread-1] INFO  server.RaftServerConfigKeys (ConfUtils.java:logGet(43)) - raft.server.log.statemachine.data.sync.timeout = 10s (default)
2019-09-17 03:08:05,213 [pool-47-thread-1] INFO  server.RaftServerConfigKeys (ConfUtils.java:logGet(43)) - raft.server.log.statemachine.data.sync = true (default)
2019-09-17 03:08:05,213 [pool-27-thread-1] INFO  server.RaftServerConfigKeys (ConfUtils.java:logGet(43)) - raft.server.log.statemachine.data.sync.timeout.retry = -1 (default)
2019-09-17 03:08:05,213 [pool-47-thread-1] INFO  server.RaftServerConfigKeys (ConfUtils.java:logGet(43)) - raft.server.log.statemachine.data.sync.timeout = 10s (default)
2019-09-17 03:08:05,214 [pool-27-thread-1] INFO  server.RaftServerConfigKeys (ConfUtils.java:logGet(43)) - raft.server.log.statemachine.data.caching.enabled = true (custom)
2019-09-17 03:08:05,214 [pool-47-thread-1] INFO  server.RaftServerConfigKeys (ConfUtils.java:logGet(43)) - raft.server.log.statemachine.data.sync.timeout.retry = -1 (default)
2019-09-17 03:08:05,214 [pool-27-thread-1] INFO  segmented.SegmentedRaftLogWorker (SegmentedRaftLogWorker.java:lambda$new$0(132)) - c4d38cfc-376d-4425-bc69-78113d3ff62e@group-CF6478AC8A53-SegmentedRaftLogWorker: flushIndex: setUnconditionally 0 -> -1
2019-09-17 03:08:05,214 [pool-47-thread-1] INFO  server.RaftServerConfigKeys (ConfUtils.java:logGet(43)) - raft.server.log.statemachine.data.caching.enabled = true (custom)
2019-09-17 03:08:05,214 [pool-27-thread-1] INFO  server.RaftServerConfigKeys (ConfUtils.java:logGet(43)) - raft.server.snapshot.auto.trigger.enabled = true (custom)
2019-09-17 03:08:05,214 [pool-27-thread-1] INFO  server.RaftServerConfigKeys (ConfUtils.java:logGet(43)) - raft.server.snapshot.auto.trigger.threshold = 10000 (custom)
2019-09-17 03:08:05,214 [pool-47-thread-1] INFO  segmented.SegmentedRaftLogWorker (SegmentedRaftLogWorker.java:lambda$new$0(132)) - 37967329-5758-4c49-8e48-9ef753dc4f59@group-CF6478AC8A53-SegmentedRaftLogWorker: flushIndex: setUnconditionally 0 -> -1
2019-09-17 03:08:05,214 [pool-27-thread-1] INFO  server.RaftServerConfigKeys (ConfUtils.java:logGet(43)) - raft.server.snapshot.retention.num.files = 5 (custom)
2019-09-17 03:08:05,215 [pool-27-thread-1] INFO  server.RaftServerConfigKeys (ConfUtils.java:logGet(43)) - raft.server.retrycache.expirytime = 600000ms (custom)
2019-09-17 03:08:05,215 [pool-47-thread-1] INFO  server.RaftServerConfigKeys (ConfUtils.java:logGet(43)) - raft.server.snapshot.auto.trigger.enabled = true (custom)
2019-09-17 03:08:05,215 [pool-47-thread-1] INFO  server.RaftServerConfigKeys (ConfUtils.java:logGet(43)) - raft.server.snapshot.auto.trigger.threshold = 10000 (custom)
2019-09-17 03:08:05,215 [pool-47-thread-1] INFO  server.RaftServerConfigKeys (ConfUtils.java:logGet(43)) - raft.server.snapshot.retention.num.files = 5 (custom)
2019-09-17 03:08:05,215 [pool-47-thread-1] INFO  server.RaftServerConfigKeys (ConfUtils.java:logGet(43)) - raft.server.retrycache.expirytime = 600000ms (custom)
2019-09-17 03:08:05,217 [pool-37-thread-1] INFO  impl.RaftServerImpl (RaftServerImpl.java:start(185)) - 3ddf6a6f-4836-4e24-9a32-96f656a8f9d8@group-CF6478AC8A53: start as a follower, conf=-1: [3ddf6a6f-4836-4e24-9a32-96f656a8f9d8:192.168.151.92:46238, c4d38cfc-376d-4425-bc69-78113d3ff62e:192.168.151.92:38488, 37967329-5758-4c49-8e48-9ef753dc4f59:192.168.151.92:35108], old=null
2019-09-17 03:08:05,217 [pool-37-thread-1] INFO  impl.RaftServerImpl (RaftServerImpl.java:setRole(174)) - 3ddf6a6f-4836-4e24-9a32-96f656a8f9d8@group-CF6478AC8A53: changes role from      null to FOLLOWER at term 0 for startAsFollower
2019-09-17 03:08:05,217 [pool-37-thread-1] INFO  impl.RoleInfo (RoleInfo.java:updateAndGet(143)) - 3ddf6a6f-4836-4e24-9a32-96f656a8f9d8: start FollowerState
2019-09-17 03:08:05,218 [pool-37-thread-1] INFO  util.JmxRegister (JmxRegister.java:tryRegister(44)) - Successfully registered JMX Bean with object name Ratis:service=RaftServer,group=group-CF6478AC8A53,id=3ddf6a6f-4836-4e24-9a32-96f656a8f9d8
2019-09-17 03:08:05,218 [pool-27-thread-1] INFO  impl.RaftServerImpl (RaftServerImpl.java:start(185)) - c4d38cfc-376d-4425-bc69-78113d3ff62e@group-CF6478AC8A53: start as a follower, conf=-1: [3ddf6a6f-4836-4e24-9a32-96f656a8f9d8:192.168.151.92:46238, c4d38cfc-376d-4425-bc69-78113d3ff62e:192.168.151.92:38488, 37967329-5758-4c49-8e48-9ef753dc4f59:192.168.151.92:35108], old=null
2019-09-17 03:08:05,219 [pool-27-thread-1] INFO  impl.RaftServerImpl (RaftServerImpl.java:setRole(174)) - c4d38cfc-376d-4425-bc69-78113d3ff62e@group-CF6478AC8A53: changes role from      null to FOLLOWER at term 0 for startAsFollower
2019-09-17 03:08:05,219 [pool-27-thread-1] INFO  impl.RoleInfo (RoleInfo.java:updateAndGet(143)) - c4d38cfc-376d-4425-bc69-78113d3ff62e: start FollowerState
2019-09-17 03:08:05,219 [pool-27-thread-1] INFO  util.JmxRegister (JmxRegister.java:tryRegister(44)) - Successfully registered JMX Bean with object name Ratis:service=RaftServer,group=group-CF6478AC8A53,id=c4d38cfc-376d-4425-bc69-78113d3ff62e
2019-09-17 03:08:05,219 [pool-47-thread-1] INFO  impl.RaftServerImpl (RaftServerImpl.java:start(185)) - 37967329-5758-4c49-8e48-9ef753dc4f59@group-CF6478AC8A53: start as a follower, conf=-1: [3ddf6a6f-4836-4e24-9a32-96f656a8f9d8:192.168.151.92:46238, c4d38cfc-376d-4425-bc69-78113d3ff62e:192.168.151.92:38488, 37967329-5758-4c49-8e48-9ef753dc4f59:192.168.151.92:35108], old=null
2019-09-17 03:08:05,220 [pool-47-thread-1] INFO  impl.RaftServerImpl (RaftServerImpl.java:setRole(174)) - 37967329-5758-4c49-8e48-9ef753dc4f59@group-CF6478AC8A53: changes role from      null to FOLLOWER at term 0 for startAsFollower
2019-09-17 03:08:05,220 [pool-47-thread-1] INFO  impl.RoleInfo (RoleInfo.java:updateAndGet(143)) - 37967329-5758-4c49-8e48-9ef753dc4f59: start FollowerState
2019-09-17 03:08:05,220 [pool-47-thread-1] INFO  util.JmxRegister (JmxRegister.java:tryRegister(44)) - Successfully registered JMX Bean with object name Ratis:service=RaftServer,group=group-CF6478AC8A53,id=37967329-5758-4c49-8e48-9ef753dc4f59
2019-09-17 03:08:05,235 [RatisPipelineUtilsThread] INFO  pipeline.PipelineStateManager (PipelineStateManager.java:addPipeline(56)) - Created pipeline Pipeline[ Id: ef1553b0-01ba-410d-a590-cf6478ac8a53, Nodes: 37967329-5758-4c49-8e48-9ef753dc4f59{ip: 192.168.151.92, host: pr-hdds-2139-j8dx6-1450124282, networkLocation: /default-rack, certSerialId: null}3ddf6a6f-4836-4e24-9a32-96f656a8f9d8{ip: 192.168.151.92, host: pr-hdds-2139-j8dx6-1450124282, networkLocation: /default-rack, certSerialId: null}c4d38cfc-376d-4425-bc69-78113d3ff62e{ip: 192.168.151.92, host: pr-hdds-2139-j8dx6-1450124282, networkLocation: /default-rack, certSerialId: null}, Type:RATIS, Factor:THREE, State:OPEN]
2019-09-17 03:08:05,657 [grpc-default-executor-2] INFO  client.GrpcClientProtocolClient (GrpcClientProtocolClient.java:onNext(264)) - client-3999D11C8318->3ddf6a6f-4836-4e24-9a32-96f656a8f9d8: receive RaftClientReply:client-3999D11C8318->3ddf6a6f-4836-4e24-9a32-96f656a8f9d8@group-8D5235D8462B, cid=7, FAILED org.apache.ratis.protocol.NotLeaderException: Server 3ddf6a6f-4836-4e24-9a32-96f656a8f9d8@group-8D5235D8462B is not the leader, logIndex=0, commits[3ddf6a6f-4836-4e24-9a32-96f656a8f9d8:c-1]
2019-09-17 03:08:05,786 [Command processor thread] ERROR commandhandler.CloseContainerCommandHandler (CloseContainerCommandHandler.java:handle(84)) - Container #1 does not exist in datanode. Container close failed.
2019-09-17 03:08:05,819 [Thread-193] INFO  container.ReplicationManager (ReplicationManager.java:start(169)) - Replication Monitor Thread is already running.
2019-09-17 03:08:05,866 [Command processor thread] ERROR commandhandler.CloseContainerCommandHandler (CloseContainerCommandHandler.java:handle(84)) - Container #1 does not exist in datanode. Container close failed.
2019-09-17 03:08:05,939 [Command processor thread] ERROR commandhandler.CloseContainerCommandHandler (CloseContainerCommandHandler.java:handle(84)) - Container #1 does not exist in datanode. Container close failed.
2019-09-17 03:08:06,683 [grpc-default-executor-2] INFO  client.GrpcClientProtocolClient (GrpcClientProtocolClient.java:onNext(264)) - client-3999D11C8318->37967329-5758-4c49-8e48-9ef753dc4f59: receive RaftClientReply:client-3999D11C8318->37967329-5758-4c49-8e48-9ef753dc4f59@group-8D5235D8462B, cid=7, FAILED org.apache.ratis.protocol.NotLeaderException: Server 37967329-5758-4c49-8e48-9ef753dc4f59@group-8D5235D8462B is not the leader, logIndex=0, commits[37967329-5758-4c49-8e48-9ef753dc4f59:c-1]
2019-09-17 03:08:07,020 [ReplicationMonitor] INFO  container.ReplicationManager (ReplicationManager.java:run(225)) - Replication Monitor Thread took 0 milliseconds for processing 1 containers.
2019-09-17 03:08:07,705 [grpc-default-executor-2] INFO  client.GrpcClientProtocolClient (GrpcClientProtocolClient.java:onNext(264)) - client-3999D11C8318->3ddf6a6f-4836-4e24-9a32-96f656a8f9d8: receive RaftClientReply:client-3999D11C8318->3ddf6a6f-4836-4e24-9a32-96f656a8f9d8@group-8D5235D8462B, cid=7, FAILED org.apache.ratis.protocol.NotLeaderException: Server 3ddf6a6f-4836-4e24-9a32-96f656a8f9d8@group-8D5235D8462B is not the leader, logIndex=0, commits[3ddf6a6f-4836-4e24-9a32-96f656a8f9d8:c-1]
2019-09-17 03:08:08,585 [Thread-199] INFO  impl.FollowerState (FollowerState.java:run(106)) - c4d38cfc-376d-4425-bc69-78113d3ff62e:group-6E5AFEBCEF65 changes to CANDIDATE, lastRpcTime:5022, electionTimeout:5022ms
2019-09-17 03:08:08,589 [Thread-199] INFO  impl.RoleInfo (RoleInfo.java:shutdownFollowerState(121)) - c4d38cfc-376d-4425-bc69-78113d3ff62e: shutdown FollowerState
2019-09-17 03:08:08,589 [Thread-199] INFO  impl.RaftServerImpl (RaftServerImpl.java:setRole(174)) - c4d38cfc-376d-4425-bc69-78113d3ff62e@group-6E5AFEBCEF65: changes role from  FOLLOWER to CANDIDATE at term 0 for changeToCandidate
2019-09-17 03:08:08,595 [Thread-199] INFO  impl.RoleInfo (RoleInfo.java:updateAndGet(143)) - c4d38cfc-376d-4425-bc69-78113d3ff62e: start LeaderElection
2019-09-17 03:08:08,625 [c4d38cfc-376d-4425-bc69-78113d3ff62e@group-6E5AFEBCEF65:LeaderElection1] INFO  impl.LeaderElection (LeaderElection.java:askForVotes(182)) - c4d38cfc-376d-4425-bc69-78113d3ff62e@group-6E5AFEBCEF65:LeaderElection1: begin an election at term 1 for -1: [c4d38cfc-376d-4425-bc69-78113d3ff62e:192.168.151.92:38488], old=null
2019-09-17 03:08:08,627 [c4d38cfc-376d-4425-bc69-78113d3ff62e@group-6E5AFEBCEF65:LeaderElection1] INFO  impl.RoleInfo (RoleInfo.java:shutdownLeaderElection(134)) - c4d38cfc-376d-4425-bc69-78113d3ff62e: shutdown LeaderElection
2019-09-17 03:08:08,627 [c4d38cfc-376d-4425-bc69-78113d3ff62e@group-6E5AFEBCEF65:LeaderElection1] INFO  impl.RaftServerImpl (RaftServerImpl.java:setRole(174)) - c4d38cfc-376d-4425-bc69-78113d3ff62e@group-6E5AFEBCEF65: changes role from CANDIDATE to LEADER at term 1 for changeToLeader
2019-09-17 03:08:08,627 [c4d38cfc-376d-4425-bc69-78113d3ff62e@group-6E5AFEBCEF65:LeaderElection1] INFO  impl.RaftServerImpl (ServerState.java:setLeader(253)) - c4d38cfc-376d-4425-bc69-78113d3ff62e@group-6E5AFEBCEF65: change Leader from null to c4d38cfc-376d-4425-bc69-78113d3ff62e at term 1 for becomeLeader, leader elected after 5216ms
2019-09-17 03:08:08,633 [c4d38cfc-376d-4425-bc69-78113d3ff62e@group-6E5AFEBCEF65:LeaderElection1] INFO  server.RaftServerConfigKeys (ConfUtils.java:logGet(43)) - raft.server.staging.catchup.gap = 1000 (default)
2019-09-17 03:08:08,633 [c4d38cfc-376d-4425-bc69-78113d3ff62e@group-6E5AFEBCEF65:LeaderElection1] INFO  server.RaftServerConfigKeys (ConfUtils.java:logGet(43)) - raft.server.rpc.sleep.time = 25ms (default)
2019-09-17 03:08:08,635 [c4d38cfc-376d-4425-bc69-78113d3ff62e@group-6E5AFEBCEF65:LeaderElection1] INFO  server.RaftServerConfigKeys (ConfUtils.java:logGet(43)) - raft.server.write.element-limit = 4096 (default)
2019-09-17 03:08:08,638 [c4d38cfc-376d-4425-bc69-78113d3ff62e@group-6E5AFEBCEF65:LeaderElection1] INFO  server.RaftServerConfigKeys (ConfUtils.java:logGet(43)) - raft.server.watch.timeout = 10s (default)
2019-09-17 03:08:08,638 [c4d38cfc-376d-4425-bc69-78113d3ff62e@group-6E5AFEBCEF65:LeaderElection1] INFO  server.RaftServerConfigKeys (ConfUtils.java:logGet(43)) - raft.server.watch.timeout.denomination = 1s (default)
2019-09-17 03:08:08,639 [c4d38cfc-376d-4425-bc69-78113d3ff62e@group-6E5AFEBCEF65:LeaderElection1] INFO  server.RaftServerConfigKeys (ConfUtils.java:logGet(43)) - raft.server.watch.element-limit = 65536 (default)
2019-09-17 03:08:08,648 [c4d38cfc-376d-4425-bc69-78113d3ff62e@group-6E5AFEBCEF65:LeaderElection1] INFO  impl.RoleInfo (RoleInfo.java:updateAndGet(143)) - c4d38cfc-376d-4425-bc69-78113d3ff62e: start LeaderState
2019-09-17 03:08:08,667 [c4d38cfc-376d-4425-bc69-78113d3ff62e@group-6E5AFEBCEF65:LeaderElection1] INFO  segmented.SegmentedRaftLogWorker (SegmentedRaftLogWorker.java:startLogSegment(380)) - c4d38cfc-376d-4425-bc69-78113d3ff62e@group-6E5AFEBCEF65-SegmentedRaftLogWorker: Starting segment from index:0
2019-09-17 03:08:08,674 [c4d38cfc-376d-4425-bc69-78113d3ff62e@group-6E5AFEBCEF65:LeaderElection1] INFO  impl.RaftServerImpl (ServerState.java:setRaftConf(354)) - c4d38cfc-376d-4425-bc69-78113d3ff62e@group-6E5AFEBCEF65: set configuration 0: [c4d38cfc-376d-4425-bc69-78113d3ff62e:192.168.151.92:38488], old=null at 0
2019-09-17 03:08:08,735 [grpc-default-executor-0] INFO  client.GrpcClientProtocolClient (GrpcClientProtocolClient.java:onNext(264)) - client-3999D11C8318->c4d38cfc-376d-4425-bc69-78113d3ff62e: receive RaftClientReply:client-3999D11C8318->c4d38cfc-376d-4425-bc69-78113d3ff62e@group-8D5235D8462B, cid=7, FAILED org.apache.ratis.protocol.NotLeaderException: Server c4d38cfc-376d-4425-bc69-78113d3ff62e@group-8D5235D8462B is not the leader, logIndex=0, commits[c4d38cfc-376d-4425-bc69-78113d3ff62e:c-1]
2019-09-17 03:08:08,792 [Thread-202] INFO  impl.FollowerState (FollowerState.java:run(106)) - 37967329-5758-4c49-8e48-9ef753dc4f59:group-E07D5FAE82E4 changes to CANDIDATE, lastRpcTime:5022, electionTimeout:5021ms
2019-09-17 03:08:08,794 [Thread-202] INFO  impl.RoleInfo (RoleInfo.java:shutdownFollowerState(121)) - 37967329-5758-4c49-8e48-9ef753dc4f59: shutdown FollowerState
2019-09-17 03:08:08,795 [Thread-202] INFO  impl.RaftServerImpl (RaftServerImpl.java:setRole(174)) - 37967329-5758-4c49-8e48-9ef753dc4f59@group-E07D5FAE82E4: changes role from  FOLLOWER to CANDIDATE at term 0 for changeToCandidate
2019-09-17 03:08:08,795 [Thread-202] INFO  impl.RoleInfo (RoleInfo.java:updateAndGet(143)) - 37967329-5758-4c49-8e48-9ef753dc4f59: start LeaderElection
2019-09-17 03:08:08,810 [37967329-5758-4c49-8e48-9ef753dc4f59@group-E07D5FAE82E4:LeaderElection2] INFO  impl.LeaderElection (LeaderElection.java:askForVotes(182)) - 37967329-5758-4c49-8e48-9ef753dc4f59@group-E07D5FAE82E4:LeaderElection2: begin an election at term 1 for -1: [37967329-5758-4c49-8e48-9ef753dc4f59:192.168.151.92:35108], old=null
2019-09-17 03:08:08,812 [37967329-5758-4c49-8e48-9ef753dc4f59@group-E07D5FAE82E4:LeaderElection2] INFO  impl.RoleInfo (RoleInfo.java:shutdownLeaderElection(134)) - 37967329-5758-4c49-8e48-9ef753dc4f59: shutdown LeaderElection
2019-09-17 03:08:08,812 [37967329-5758-4c49-8e48-9ef753dc4f59@group-E07D5FAE82E4:LeaderElection2] INFO  impl.RaftServerImpl (RaftServerImpl.java:setRole(174)) - 37967329-5758-4c49-8e48-9ef753dc4f59@group-E07D5FAE82E4: changes role from CANDIDATE to LEADER at term 1 for changeToLeader
2019-09-17 03:08:08,812 [37967329-5758-4c49-8e48-9ef753dc4f59@group-E07D5FAE82E4:LeaderElection2] INFO  impl.RaftServerImpl (ServerState.java:setLeader(253)) - 37967329-5758-4c49-8e48-9ef753dc4f59@group-E07D5FAE82E4: change Leader from null to 37967329-5758-4c49-8e48-9ef753dc4f59 at term 1 for becomeLeader, leader elected after 5061ms
2019-09-17 03:08:08,812 [37967329-5758-4c49-8e48-9ef753dc4f59@group-E07D5FAE82E4:LeaderElection2] INFO  server.RaftServerConfigKeys (ConfUtils.java:logGet(43)) - raft.server.staging.catchup.gap = 1000 (default)
2019-09-17 03:08:08,812 [37967329-5758-4c49-8e48-9ef753dc4f59@group-E07D5FAE82E4:LeaderElection2] INFO  server.RaftServerConfigKeys (ConfUtils.java:logGet(43)) - raft.server.rpc.sleep.time = 25ms (default)
2019-09-17 03:08:08,812 [37967329-5758-4c49-8e48-9ef753dc4f59@group-E07D5FAE82E4:LeaderElection2] INFO  server.RaftServerConfigKeys (ConfUtils.java:logGet(43)) - raft.server.write.element-limit = 4096 (default)
2019-09-17 03:08:08,812 [37967329-5758-4c49-8e48-9ef753dc4f59@group-E07D5FAE82E4:LeaderElection2] INFO  server.RaftServerConfigKeys (ConfUtils.java:logGet(43)) - raft.server.watch.timeout = 10s (default)
2019-09-17 03:08:08,813 [37967329-5758-4c49-8e48-9ef753dc4f59@group-E07D5FAE82E4:LeaderElection2] INFO  server.RaftServerConfigKeys (ConfUtils.java:logGet(43)) - raft.server.watch.timeout.denomination = 1s (default)
2019-09-17 03:08:08,813 [37967329-5758-4c49-8e48-9ef753dc4f59@group-E07D5FAE82E4:LeaderElection2] INFO  server.RaftServerConfigKeys (ConfUtils.java:logGet(43)) - raft.server.watch.element-limit = 65536 (default)
2019-09-17 03:08:08,815 [37967329-5758-4c49-8e48-9ef753dc4f59@group-E07D5FAE82E4:LeaderElection2] INFO  impl.RoleInfo (RoleInfo.java:updateAndGet(143)) - 37967329-5758-4c49-8e48-9ef753dc4f59: start LeaderState
2019-09-17 03:08:08,815 [37967329-5758-4c49-8e48-9ef753dc4f59@group-E07D5FAE82E4:LeaderElection2] INFO  segmented.SegmentedRaftLogWorker (SegmentedRaftLogWorker.java:startLogSegment(380)) - 37967329-5758-4c49-8e48-9ef753dc4f59@group-E07D5FAE82E4-SegmentedRaftLogWorker: Starting segment from index:0
2019-09-17 03:08:08,815 [37967329-5758-4c49-8e48-9ef753dc4f59@group-E07D5FAE82E4:LeaderElection2] INFO  impl.RaftServerImpl (ServerState.java:setRaftConf(354)) - 37967329-5758-4c49-8e48-9ef753dc4f59@group-E07D5FAE82E4: set configuration 0: [37967329-5758-4c49-8e48-9ef753dc4f59:192.168.151.92:35108], old=null at 0
2019-09-17 03:08:08,881 [c4d38cfc-376d-4425-bc69-78113d3ff62e@group-6E5AFEBCEF65-SegmentedRaftLogWorker] INFO  segmented.SegmentedRaftLogWorker (SegmentedRaftLogWorker.java:execute(569)) - c4d38cfc-376d-4425-bc69-78113d3ff62e@group-6E5AFEBCEF65-SegmentedRaftLogWorker: created new log segment /workdir/hadoop-ozone/integration-test/target/test-dir/MiniOzoneClusterImpl-56281cee-d7bb-45d5-81ae-0fbd03872c22/datanode-0/data/ratis/5dcd4892-50a7-42ab-a875-6e5afebcef65/current/log_inprogress_0
2019-09-17 03:08:08,881 [37967329-5758-4c49-8e48-9ef753dc4f59@group-E07D5FAE82E4-SegmentedRaftLogWorker] INFO  segmented.SegmentedRaftLogWorker (SegmentedRaftLogWorker.java:execute(569)) - 37967329-5758-4c49-8e48-9ef753dc4f59@group-E07D5FAE82E4-SegmentedRaftLogWorker: created new log segment /workdir/hadoop-ozone/integration-test/target/test-dir/MiniOzoneClusterImpl-56281cee-d7bb-45d5-81ae-0fbd03872c22/datanode-2/data/ratis/1ddad93e-7402-466f-b5f6-e07d5fae82e4/current/log_inprogress_0
2019-09-17 03:08:08,904 [Thread-205] INFO  impl.FollowerState (FollowerState.java:run(106)) - 3ddf6a6f-4836-4e24-9a32-96f656a8f9d8:group-E2608B4791D7 changes to CANDIDATE, lastRpcTime:5024, electionTimeout:5024ms
2019-09-17 03:08:08,905 [Thread-205] INFO  impl.RoleInfo (RoleInfo.java:shutdownFollowerState(121)) - 3ddf6a6f-4836-4e24-9a32-96f656a8f9d8: shutdown FollowerState
2019-09-17 03:08:08,905 [Thread-205] INFO  impl.RaftServerImpl (RaftServerImpl.java:setRole(174)) - 3ddf6a6f-4836-4e24-9a32-96f656a8f9d8@group-E2608B4791D7: changes role from  FOLLOWER to CANDIDATE at term 0 for changeToCandidate
2019-09-17 03:08:08,905 [Thread-205] INFO  impl.RoleInfo (RoleInfo.java:updateAndGet(143)) - 3ddf6a6f-4836-4e24-9a32-96f656a8f9d8: start LeaderElection
2019-09-17 03:08:08,926 [3ddf6a6f-4836-4e24-9a32-96f656a8f9d8@group-E2608B4791D7:LeaderElection3] INFO  impl.LeaderElection (LeaderElection.java:askForVotes(182)) - 3ddf6a6f-4836-4e24-9a32-96f656a8f9d8@group-E2608B4791D7:LeaderElection3: begin an election at term 1 for -1: [3ddf6a6f-4836-4e24-9a32-96f656a8f9d8:192.168.151.92:46238], old=null
2019-09-17 03:08:08,926 [3ddf6a6f-4836-4e24-9a32-96f656a8f9d8@group-E2608B4791D7:LeaderElection3] INFO  impl.RoleInfo (RoleInfo.java:shutdownLeaderElection(134)) - 3ddf6a6f-4836-4e24-9a32-96f656a8f9d8: shutdown LeaderElection
2019-09-17 03:08:08,926 [3ddf6a6f-4836-4e24-9a32-96f656a8f9d8@group-E2608B4791D7:LeaderElection3] INFO  impl.RaftServerImpl (RaftServerImpl.java:setRole(174)) - 3ddf6a6f-4836-4e24-9a32-96f656a8f9d8@group-E2608B4791D7: changes role from CANDIDATE to LEADER at term 1 for changeToLeader
2019-09-17 03:08:08,927 [3ddf6a6f-4836-4e24-9a32-96f656a8f9d8@group-E2608B4791D7:LeaderElection3] INFO  impl.RaftServerImpl (ServerState.java:setLeader(253)) - 3ddf6a6f-4836-4e24-9a32-96f656a8f9d8@group-E2608B4791D7: change Leader from null to 3ddf6a6f-4836-4e24-9a32-96f656a8f9d8 at term 1 for becomeLeader, leader elected after 5080ms
2019-09-17 03:08:08,927 [3ddf6a6f-4836-4e24-9a32-96f656a8f9d8@group-E2608B4791D7:LeaderElection3] INFO  server.RaftServerConfigKeys (ConfUtils.java:logGet(43)) - raft.server.staging.catchup.gap = 1000 (default)
2019-09-17 03:08:08,928 [3ddf6a6f-4836-4e24-9a32-96f656a8f9d8@group-E2608B4791D7:LeaderElection3] INFO  server.RaftServerConfigKeys (ConfUtils.java:logGet(43)) - raft.server.rpc.sleep.time = 25ms (default)
2019-09-17 03:08:08,928 [3ddf6a6f-4836-4e24-9a32-96f656a8f9d8@group-E2608B4791D7:LeaderElection3] INFO  server.RaftServerConfigKeys (ConfUtils.java:logGet(43)) - raft.server.write.element-limit = 4096 (default)
2019-09-17 03:08:08,928 [3ddf6a6f-4836-4e24-9a32-96f656a8f9d8@group-E2608B4791D7:LeaderElection3] INFO  server.RaftServerConfigKeys (ConfUtils.java:logGet(43)) - raft.server.watch.timeout = 10s (default)
2019-09-17 03:08:08,928 [3ddf6a6f-4836-4e24-9a32-96f656a8f9d8@group-E2608B4791D7:LeaderElection3] INFO  server.RaftServerConfigKeys (ConfUtils.java:logGet(43)) - raft.server.watch.timeout.denomination = 1s (default)
2019-09-17 03:08:08,928 [3ddf6a6f-4836-4e24-9a32-96f656a8f9d8@group-E2608B4791D7:LeaderElection3] INFO  server.RaftServerConfigKeys (ConfUtils.java:logGet(43)) - raft.server.watch.element-limit = 65536 (default)
2019-09-17 03:08:08,931 [3ddf6a6f-4836-4e24-9a32-96f656a8f9d8@group-E2608B4791D7:LeaderElection3] INFO  impl.RoleInfo (RoleInfo.java:updateAndGet(143)) - 3ddf6a6f-4836-4e24-9a32-96f656a8f9d8: start LeaderState
2019-09-17 03:08:08,931 [3ddf6a6f-4836-4e24-9a32-96f656a8f9d8@group-E2608B4791D7:LeaderElection3] INFO  segmented.SegmentedRaftLogWorker (SegmentedRaftLogWorker.java:startLogSegment(380)) - 3ddf6a6f-4836-4e24-9a32-96f656a8f9d8@group-E2608B4791D7-SegmentedRaftLogWorker: Starting segment from index:0
2019-09-17 03:08:08,932 [3ddf6a6f-4836-4e24-9a32-96f656a8f9d8@group-E2608B4791D7:LeaderElection3] INFO  impl.RaftServerImpl (ServerState.java:setRaftConf(354)) - 3ddf6a6f-4836-4e24-9a32-96f656a8f9d8@group-E2608B4791D7: set configuration 0: [3ddf6a6f-4836-4e24-9a32-96f656a8f9d8:192.168.151.92:46238], old=null at 0
2019-09-17 03:08:08,980 [3ddf6a6f-4836-4e24-9a32-96f656a8f9d8@group-E2608B4791D7-SegmentedRaftLogWorker] INFO  segmented.SegmentedRaftLogWorker (SegmentedRaftLogWorker.java:execute(569)) - 3ddf6a6f-4836-4e24-9a32-96f656a8f9d8@group-E2608B4791D7-SegmentedRaftLogWorker: created new log segment /workdir/hadoop-ozone/integration-test/target/test-dir/MiniOzoneClusterImpl-56281cee-d7bb-45d5-81ae-0fbd03872c22/datanode-1/data/ratis/f9681afb-436b-4f39-aa43-e2608b4791d7/current/log_inprogress_0
2019-09-17 03:08:09,021 [ReplicationMonitor] INFO  container.ReplicationManager (ReplicationManager.java:run(225)) - Replication Monitor Thread took 0 milliseconds for processing 1 containers.
2019-09-17 03:08:09,046 [Thread-213] INFO  impl.FollowerState (FollowerState.java:run(106)) - 37967329-5758-4c49-8e48-9ef753dc4f59:group-8D5235D8462B changes to CANDIDATE, lastRpcTime:5006, electionTimeout:5006ms
2019-09-17 03:08:09,046 [Thread-213] INFO  impl.RoleInfo (RoleInfo.java:shutdownFollowerState(121)) - 37967329-5758-4c49-8e48-9ef753dc4f59: shutdown FollowerState
2019-09-17 03:08:09,047 [Thread-213] INFO  impl.RaftServerImpl (RaftServerImpl.java:setRole(174)) - 37967329-5758-4c49-8e48-9ef753dc4f59@group-8D5235D8462B: changes role from  FOLLOWER to CANDIDATE at term 0 for changeToCandidate
2019-09-17 03:08:09,047 [Thread-213] INFO  impl.RoleInfo (RoleInfo.java:updateAndGet(143)) - 37967329-5758-4c49-8e48-9ef753dc4f59: start LeaderElection
2019-09-17 03:08:09,061 [37967329-5758-4c49-8e48-9ef753dc4f59@group-8D5235D8462B:LeaderElection4] INFO  impl.LeaderElection (LeaderElection.java:askForVotes(182)) - 37967329-5758-4c49-8e48-9ef753dc4f59@group-8D5235D8462B:LeaderElection4: begin an election at term 1 for -1: [3ddf6a6f-4836-4e24-9a32-96f656a8f9d8:192.168.151.92:46238, c4d38cfc-376d-4425-bc69-78113d3ff62e:192.168.151.92:38488, 37967329-5758-4c49-8e48-9ef753dc4f59:192.168.151.92:35108], old=null
2019-09-17 03:08:09,078 [grpc-default-executor-0] INFO  impl.RaftServerImpl (RaftServerImpl.java:setRole(174)) - c4d38cfc-376d-4425-bc69-78113d3ff62e@group-8D5235D8462B: changes role from  FOLLOWER to FOLLOWER at term 1 for recognizeCandidate:37967329-5758-4c49-8e48-9ef753dc4f59
2019-09-17 03:08:09,078 [grpc-default-executor-2] INFO  impl.RaftServerImpl (RaftServerImpl.java:setRole(174)) - 3ddf6a6f-4836-4e24-9a32-96f656a8f9d8@group-8D5235D8462B: changes role from  FOLLOWER to FOLLOWER at term 1 for recognizeCandidate:37967329-5758-4c49-8e48-9ef753dc4f59
2019-09-17 03:08:09,078 [grpc-default-executor-0] INFO  impl.RoleInfo (RoleInfo.java:shutdownFollowerState(121)) - c4d38cfc-376d-4425-bc69-78113d3ff62e: shutdown FollowerState
2019-09-17 03:08:09,078 [grpc-default-executor-2] INFO  impl.RoleInfo (RoleInfo.java:shutdownFollowerState(121)) - 3ddf6a6f-4836-4e24-9a32-96f656a8f9d8: shutdown FollowerState
2019-09-17 03:08:09,078 [grpc-default-executor-0] INFO  impl.RoleInfo (RoleInfo.java:updateAndGet(143)) - c4d38cfc-376d-4425-bc69-78113d3ff62e: start FollowerState
2019-09-17 03:08:09,078 [Thread-215] INFO  impl.FollowerState (FollowerState.java:run(115)) - c4d38cfc-376d-4425-bc69-78113d3ff62e: FollowerState was interrupted: java.lang.InterruptedException: sleep interrupted
2019-09-17 03:08:09,078 [grpc-default-executor-2] INFO  impl.RoleInfo (RoleInfo.java:updateAndGet(143)) - 3ddf6a6f-4836-4e24-9a32-96f656a8f9d8: start FollowerState
2019-09-17 03:08:09,078 [Thread-216] INFO  impl.FollowerState (FollowerState.java:run(115)) - 3ddf6a6f-4836-4e24-9a32-96f656a8f9d8: FollowerState was interrupted: java.lang.InterruptedException: sleep interrupted
2019-09-17 03:08:09,107 [37967329-5758-4c49-8e48-9ef753dc4f59@group-8D5235D8462B:LeaderElection4] INFO  impl.LeaderElection (LeaderElection.java:logAndReturn(56)) - 37967329-5758-4c49-8e48-9ef753dc4f59@group-8D5235D8462B:LeaderElection4: Election PASSED; received 1 response(s) [37967329-5758-4c49-8e48-9ef753dc4f59<-3ddf6a6f-4836-4e24-9a32-96f656a8f9d8#0:OK-t1] and 0 exception(s); 37967329-5758-4c49-8e48-9ef753dc4f59@group-8D5235D8462B:t1, leader=null, voted=37967329-5758-4c49-8e48-9ef753dc4f59, raftlog=37967329-5758-4c49-8e48-9ef753dc4f59@group-8D5235D8462B-SegmentedRaftLog:OPENED:c-1,f-1,i0, conf=-1: [3ddf6a6f-4836-4e24-9a32-96f656a8f9d8:192.168.151.92:46238, c4d38cfc-376d-4425-bc69-78113d3ff62e:192.168.151.92:38488, 37967329-5758-4c49-8e48-9ef753dc4f59:192.168.151.92:35108], old=null
2019-09-17 03:08:09,107 [37967329-5758-4c49-8e48-9ef753dc4f59@group-8D5235D8462B:LeaderElection4] INFO  impl.RoleInfo (RoleInfo.java:shutdownLeaderElection(134)) - 37967329-5758-4c49-8e48-9ef753dc4f59: shutdown LeaderElection
2019-09-17 03:08:09,108 [37967329-5758-4c49-8e48-9ef753dc4f59@group-8D5235D8462B:LeaderElection4] INFO  impl.RaftServerImpl (RaftServerImpl.java:setRole(174)) - 37967329-5758-4c49-8e48-9ef753dc4f59@group-8D5235D8462B: changes role from CANDIDATE to LEADER at term 1 for changeToLeader
2019-09-17 03:08:09,108 [37967329-5758-4c49-8e48-9ef753dc4f59@group-8D5235D8462B:LeaderElection4] INFO  impl.RaftServerImpl (ServerState.java:setLeader(253)) - 37967329-5758-4c49-8e48-9ef753dc4f59@group-8D5235D8462B: change Leader from null to 37967329-5758-4c49-8e48-9ef753dc4f59 at term 1 for becomeLeader, leader elected after 5078ms
2019-09-17 03:08:09,108 [37967329-5758-4c49-8e48-9ef753dc4f59@group-8D5235D8462B:LeaderElection4] INFO  server.RaftServerConfigKeys (ConfUtils.java:logGet(43)) - raft.server.staging.catchup.gap = 1000 (default)
2019-09-17 03:08:09,108 [37967329-5758-4c49-8e48-9ef753dc4f59@group-8D5235D8462B:LeaderElection4] INFO  server.RaftServerConfigKeys (ConfUtils.java:logGet(43)) - raft.server.rpc.sleep.time = 25ms (default)
2019-09-17 03:08:09,110 [37967329-5758-4c49-8e48-9ef753dc4f59@group-8D5235D8462B:LeaderElection4] INFO  server.RaftServerConfigKeys (ConfUtils.java:logGet(43)) - raft.server.write.element-limit = 4096 (default)
2019-09-17 03:08:09,110 [37967329-5758-4c49-8e48-9ef753dc4f59@group-8D5235D8462B:LeaderElection4] INFO  server.RaftServerConfigKeys (ConfUtils.java:logGet(43)) - raft.server.watch.timeout = 10s (default)
2019-09-17 03:08:09,110 [37967329-5758-4c49-8e48-9ef753dc4f59@group-8D5235D8462B:LeaderElection4] INFO  server.RaftServerConfigKeys (ConfUtils.java:logGet(43)) - raft.server.watch.timeout.denomination = 1s (default)
2019-09-17 03:08:09,110 [37967329-5758-4c49-8e48-9ef753dc4f59@group-8D5235D8462B:LeaderElection4] INFO  server.RaftServerConfigKeys (ConfUtils.java:logGet(43)) - raft.server.watch.element-limit = 65536 (default)
2019-09-17 03:08:09,115 [37967329-5758-4c49-8e48-9ef753dc4f59@group-8D5235D8462B:LeaderElection4] INFO  server.RaftServerConfigKeys (ConfUtils.java:logGet(43)) - raft.server.log.appender.snapshot.chunk.size.max = 16MB (=16777216) (default)
2019-09-17 03:08:09,115 [37967329-5758-4c49-8e48-9ef753dc4f59@group-8D5235D8462B:LeaderElection4] INFO  server.RaftServerConfigKeys (ConfUtils.java:logGet(43)) - raft.server.log.appender.buffer.byte-limit = 33554432 (custom)
2019-09-17 03:08:09,116 [37967329-5758-4c49-8e48-9ef753dc4f59@group-8D5235D8462B:LeaderElection4] INFO  server.RaftServerConfigKeys (ConfUtils.java:logGet(43)) - raft.server.log.appender.buffer.element-limit = 1 (custom)
2019-09-17 03:08:09,118 [37967329-5758-4c49-8e48-9ef753dc4f59@group-8D5235D8462B:LeaderElection4] INFO  grpc.GrpcConfigKeys$Server (ConfUtils.java:logGet(43)) - raft.grpc.server.leader.outstanding.appends.max = 128 (default)
2019-09-17 03:08:09,119 [37967329-5758-4c49-8e48-9ef753dc4f59@group-8D5235D8462B:LeaderElection4] INFO  server.RaftServerConfigKeys (ConfUtils.java:logGet(43)) - raft.server.rpc.request.timeout = 3000ms (default)
2019-09-17 03:08:09,119 [37967329-5758-4c49-8e48-9ef753dc4f59@group-8D5235D8462B:LeaderElection4] INFO  server.RaftServerConfigKeys (ConfUtils.java:logGet(43)) - raft.server.log.appender.install.snapshot.enabled = false (custom)
2019-09-17 03:08:09,120 [37967329-5758-4c49-8e48-9ef753dc4f59@group-8D5235D8462B:LeaderElection4] INFO  server.RaftServerConfigKeys (ConfUtils.java:logGet(43)) - raft.server.log.appender.snapshot.chunk.size.max = 16MB (=16777216) (default)
2019-09-17 03:08:09,120 [37967329-5758-4c49-8e48-9ef753dc4f59@group-8D5235D8462B:LeaderElection4] INFO  server.RaftServerConfigKeys (ConfUtils.java:logGet(43)) - raft.server.log.appender.buffer.byte-limit = 33554432 (custom)
2019-09-17 03:08:09,120 [37967329-5758-4c49-8e48-9ef753dc4f59@group-8D5235D8462B:LeaderElection4] INFO  server.RaftServerConfigKeys (ConfUtils.java:logGet(43)) - raft.server.log.appender.buffer.element-limit = 1 (custom)
2019-09-17 03:08:09,120 [37967329-5758-4c49-8e48-9ef753dc4f59@group-8D5235D8462B:LeaderElection4] INFO  grpc.GrpcConfigKeys$Server (ConfUtils.java:logGet(43)) - raft.grpc.server.leader.outstanding.appends.max = 128 (default)
2019-09-17 03:08:09,120 [37967329-5758-4c49-8e48-9ef753dc4f59@group-8D5235D8462B:LeaderElection4] INFO  server.RaftServerConfigKeys (ConfUtils.java:logGet(43)) - raft.server.rpc.request.timeout = 3000ms (default)
2019-09-17 03:08:09,121 [37967329-5758-4c49-8e48-9ef753dc4f59@group-8D5235D8462B:LeaderElection4] INFO  server.RaftServerConfigKeys (ConfUtils.java:logGet(43)) - raft.server.log.appender.install.snapshot.enabled = false (custom)
2019-09-17 03:08:09,122 [37967329-5758-4c49-8e48-9ef753dc4f59@group-8D5235D8462B:LeaderElection4] INFO  impl.RoleInfo (RoleInfo.java:updateAndGet(143)) - 37967329-5758-4c49-8e48-9ef753dc4f59: start LeaderState
2019-09-17 03:08:09,122 [37967329-5758-4c49-8e48-9ef753dc4f59@group-8D5235D8462B:LeaderElection4] INFO  segmented.SegmentedRaftLogWorker (SegmentedRaftLogWorker.java:startLogSegment(380)) - 37967329-5758-4c49-8e48-9ef753dc4f59@group-8D5235D8462B-SegmentedRaftLogWorker: Starting segment from index:0
2019-09-17 03:08:09,123 [37967329-5758-4c49-8e48-9ef753dc4f59@group-8D5235D8462B:LeaderElection4] INFO  impl.RaftServerImpl (ServerState.java:setRaftConf(354)) - 37967329-5758-4c49-8e48-9ef753dc4f59@group-8D5235D8462B: set configuration 0: [3ddf6a6f-4836-4e24-9a32-96f656a8f9d8:192.168.151.92:46238, c4d38cfc-376d-4425-bc69-78113d3ff62e:192.168.151.92:38488, 37967329-5758-4c49-8e48-9ef753dc4f59:192.168.151.92:35108], old=null at 0
2019-09-17 03:08:09,155 [Thread-208] INFO  impl.FollowerState (FollowerState.java:run(106)) - dec1f0b2-69f6-4b04-a91b-744abc466a19:group-98F0EC17CA5B changes to CANDIDATE, lastRpcTime:5211, electionTimeout:5195ms
2019-09-17 03:08:09,157 [Thread-208] INFO  impl.RoleInfo (RoleInfo.java:shutdownFollowerState(121)) - dec1f0b2-69f6-4b04-a91b-744abc466a19: shutdown FollowerState
2019-09-17 03:08:09,157 [Thread-208] INFO  impl.RaftServerImpl (RaftServerImpl.java:setRole(174)) - dec1f0b2-69f6-4b04-a91b-744abc466a19@group-98F0EC17CA5B: changes role from  FOLLOWER to CANDIDATE at term 0 for changeToCandidate
2019-09-17 03:08:09,158 [Thread-208] INFO  impl.RoleInfo (RoleInfo.java:updateAndGet(143)) - dec1f0b2-69f6-4b04-a91b-744abc466a19: start LeaderElection
2019-09-17 03:08:09,165 [37967329-5758-4c49-8e48-9ef753dc4f59@group-8D5235D8462B-SegmentedRaftLogWorker] INFO  segmented.SegmentedRaftLogWorker (SegmentedRaftLogWorker.java:execute(569)) - 37967329-5758-4c49-8e48-9ef753dc4f59@group-8D5235D8462B-SegmentedRaftLogWorker: created new log segment /workdir/hadoop-ozone/integration-test/target/test-dir/MiniOzoneClusterImpl-56281cee-d7bb-45d5-81ae-0fbd03872c22/datanode-2/data/ratis/73248391-7bf3-448c-a6e2-8d5235d8462b/current/log_inprogress_0
2019-09-17 03:08:09,165 [dec1f0b2-69f6-4b04-a91b-744abc466a19@group-98F0EC17CA5B:LeaderElection5] INFO  impl.LeaderElection (LeaderElection.java:askForVotes(182)) - dec1f0b2-69f6-4b04-a91b-744abc466a19@group-98F0EC17CA5B:LeaderElection5: begin an election at term 1 for -1: [dec1f0b2-69f6-4b04-a91b-744abc466a19:192.168.151.92:40235], old=null
2019-09-17 03:08:09,166 [dec1f0b2-69f6-4b04-a91b-744abc466a19@group-98F0EC17CA5B:LeaderElection5] INFO  impl.RoleInfo (RoleInfo.java:shutdownLeaderElection(134)) - dec1f0b2-69f6-4b04-a91b-744abc466a19: shutdown LeaderElection
2019-09-17 03:08:09,166 [dec1f0b2-69f6-4b04-a91b-744abc466a19@group-98F0EC17CA5B:LeaderElection5] INFO  impl.RaftServerImpl (RaftServerImpl.java:setRole(174)) - dec1f0b2-69f6-4b04-a91b-744abc466a19@group-98F0EC17CA5B: changes role from CANDIDATE to LEADER at term 1 for changeToLeader
2019-09-17 03:08:09,166 [dec1f0b2-69f6-4b04-a91b-744abc466a19@group-98F0EC17CA5B:LeaderElection5] INFO  impl.RaftServerImpl (ServerState.java:setLeader(253)) - dec1f0b2-69f6-4b04-a91b-744abc466a19@group-98F0EC17CA5B: change Leader from null to dec1f0b2-69f6-4b04-a91b-744abc466a19 at term 1 for becomeLeader, leader elected after 5231ms
2019-09-17 03:08:09,167 [dec1f0b2-69f6-4b04-a91b-744abc466a19@group-98F0EC17CA5B:LeaderElection5] INFO  server.RaftServerConfigKeys (ConfUtils.java:logGet(43)) - raft.server.staging.catchup.gap = 1000 (default)
2019-09-17 03:08:09,167 [dec1f0b2-69f6-4b04-a91b-744abc466a19@group-98F0EC17CA5B:LeaderElection5] INFO  server.RaftServerConfigKeys (ConfUtils.java:logGet(43)) - raft.server.rpc.sleep.time = 25ms (default)
2019-09-17 03:08:09,168 [dec1f0b2-69f6-4b04-a91b-744abc466a19@group-98F0EC17CA5B:LeaderElection5] INFO  server.RaftServerConfigKeys (ConfUtils.java:logGet(43)) - raft.server.write.element-limit = 4096 (default)
2019-09-17 03:08:09,168 [dec1f0b2-69f6-4b04-a91b-744abc466a19@group-98F0EC17CA5B:LeaderElection5] INFO  server.RaftServerConfigKeys (ConfUtils.java:logGet(43)) - raft.server.watch.timeout = 10s (default)
2019-09-17 03:08:09,168 [dec1f0b2-69f6-4b04-a91b-744abc466a19@group-98F0EC17CA5B:LeaderElection5] INFO  server.RaftServerConfigKeys (ConfUtils.java:logGet(43)) - raft.server.watch.timeout.denomination = 1s (default)
2019-09-17 03:08:09,168 [dec1f0b2-69f6-4b04-a91b-744abc466a19@group-98F0EC17CA5B:LeaderElection5] INFO  server.RaftServerConfigKeys (ConfUtils.java:logGet(43)) - raft.server.watch.element-limit = 65536 (default)
2019-09-17 03:08:09,171 [dec1f0b2-69f6-4b04-a91b-744abc466a19@group-98F0EC17CA5B:LeaderElection5] INFO  impl.RoleInfo (RoleInfo.java:updateAndGet(143)) - dec1f0b2-69f6-4b04-a91b-744abc466a19: start LeaderState
2019-09-17 03:08:09,172 [dec1f0b2-69f6-4b04-a91b-744abc466a19@group-98F0EC17CA5B:LeaderElection5] INFO  segmented.SegmentedRaftLogWorker (SegmentedRaftLogWorker.java:startLogSegment(380)) - dec1f0b2-69f6-4b04-a91b-744abc466a19@group-98F0EC17CA5B-SegmentedRaftLogWorker: Starting segment from index:0
2019-09-17 03:08:09,172 [dec1f0b2-69f6-4b04-a91b-744abc466a19@group-98F0EC17CA5B:LeaderElection5] INFO  impl.RaftServerImpl (ServerState.java:setRaftConf(354)) - dec1f0b2-69f6-4b04-a91b-744abc466a19@group-98F0EC17CA5B: set configuration 0: [dec1f0b2-69f6-4b04-a91b-744abc466a19:192.168.151.92:40235], old=null at 0
2019-09-17 03:08:09,212 [dec1f0b2-69f6-4b04-a91b-744abc466a19@group-98F0EC17CA5B-SegmentedRaftLogWorker] INFO  segmented.SegmentedRaftLogWorker (SegmentedRaftLogWorker.java:execute(569)) - dec1f0b2-69f6-4b04-a91b-744abc466a19@group-98F0EC17CA5B-SegmentedRaftLogWorker: created new log segment /workdir/hadoop-ozone/integration-test/target/test-dir/MiniOzoneClusterImpl-56281cee-d7bb-45d5-81ae-0fbd03872c22/datanode-3/data/ratis/ec620684-29cc-4d13-a4fa-98f0ec17ca5b/current/log_inprogress_0
2019-09-17 03:08:09,219 [grpc-default-executor-2] INFO  impl.RaftServerImpl (ServerState.java:setLeader(253)) - 3ddf6a6f-4836-4e24-9a32-96f656a8f9d8@group-8D5235D8462B: change Leader from null to 37967329-5758-4c49-8e48-9ef753dc4f59 at term 1 for appendEntries, leader elected after 5189ms
2019-09-17 03:08:09,219 [grpc-default-executor-0] INFO  impl.RaftServerImpl (ServerState.java:setLeader(253)) - c4d38cfc-376d-4425-bc69-78113d3ff62e@group-8D5235D8462B: change Leader from null to 37967329-5758-4c49-8e48-9ef753dc4f59 at term 1 for appendEntries, leader elected after 5189ms
2019-09-17 03:08:09,247 [grpc-default-executor-2] INFO  impl.RaftServerImpl (ServerState.java:setRaftConf(354)) - 3ddf6a6f-4836-4e24-9a32-96f656a8f9d8@group-8D5235D8462B: set configuration 0: [3ddf6a6f-4836-4e24-9a32-96f656a8f9d8:192.168.151.92:46238, c4d38cfc-376d-4425-bc69-78113d3ff62e:192.168.151.92:38488, 37967329-5758-4c49-8e48-9ef753dc4f59:192.168.151.92:35108], old=null at 0
2019-09-17 03:08:09,247 [grpc-default-executor-0] INFO  impl.RaftServerImpl (ServerState.java:setRaftConf(354)) - c4d38cfc-376d-4425-bc69-78113d3ff62e@group-8D5235D8462B: set configuration 0: [3ddf6a6f-4836-4e24-9a32-96f656a8f9d8:192.168.151.92:46238, c4d38cfc-376d-4425-bc69-78113d3ff62e:192.168.151.92:38488, 37967329-5758-4c49-8e48-9ef753dc4f59:192.168.151.92:35108], old=null at 0
2019-09-17 03:08:09,248 [grpc-default-executor-2] INFO  segmented.SegmentedRaftLogWorker (SegmentedRaftLogWorker.java:startLogSegment(380)) - 3ddf6a6f-4836-4e24-9a32-96f656a8f9d8@group-8D5235D8462B-SegmentedRaftLogWorker: Starting segment from index:0
2019-09-17 03:08:09,248 [grpc-default-executor-0] INFO  segmented.SegmentedRaftLogWorker (SegmentedRaftLogWorker.java:startLogSegment(380)) - c4d38cfc-376d-4425-bc69-78113d3ff62e@group-8D5235D8462B-SegmentedRaftLogWorker: Starting segment from index:0
2019-09-17 03:08:09,288 [c4d38cfc-376d-4425-bc69-78113d3ff62e@group-8D5235D8462B-SegmentedRaftLogWorker] INFO  segmented.SegmentedRaftLogWorker (SegmentedRaftLogWorker.java:execute(569)) - c4d38cfc-376d-4425-bc69-78113d3ff62e@group-8D5235D8462B-SegmentedRaftLogWorker: created new log segment /workdir/hadoop-ozone/integration-test/target/test-dir/MiniOzoneClusterImpl-56281cee-d7bb-45d5-81ae-0fbd03872c22/datanode-0/data/ratis/73248391-7bf3-448c-a6e2-8d5235d8462b/current/log_inprogress_0
2019-09-17 03:08:09,288 [3ddf6a6f-4836-4e24-9a32-96f656a8f9d8@group-8D5235D8462B-SegmentedRaftLogWorker] INFO  segmented.SegmentedRaftLogWorker (SegmentedRaftLogWorker.java:execute(569)) - 3ddf6a6f-4836-4e24-9a32-96f656a8f9d8@group-8D5235D8462B-SegmentedRaftLogWorker: created new log segment /workdir/hadoop-ozone/integration-test/target/test-dir/MiniOzoneClusterImpl-56281cee-d7bb-45d5-81ae-0fbd03872c22/datanode-1/data/ratis/73248391-7bf3-448c-a6e2-8d5235d8462b/current/log_inprogress_0
2019-09-17 03:08:09,758 [grpc-default-executor-2] INFO  client.GrpcClientProtocolClient (GrpcClientProtocolClient.java:onNext(264)) - client-3999D11C8318->3ddf6a6f-4836-4e24-9a32-96f656a8f9d8: receive RaftClientReply:client-3999D11C8318->3ddf6a6f-4836-4e24-9a32-96f656a8f9d8@group-8D5235D8462B, cid=7, FAILED org.apache.ratis.protocol.NotLeaderException: Server 3ddf6a6f-4836-4e24-9a32-96f656a8f9d8@group-8D5235D8462B is not the leader 37967329-5758-4c49-8e48-9ef753dc4f59:192.168.151.92:35108, logIndex=0, commits[3ddf6a6f-4836-4e24-9a32-96f656a8f9d8:c0, c4d38cfc-376d-4425-bc69-78113d3ff62e:c-1, 37967329-5758-4c49-8e48-9ef753dc4f59:c0]
2019-09-17 03:08:10,052 [grpc-default-executor-0] INFO  client.GrpcClientProtocolClient (GrpcClientProtocolClient.java:onNext(264)) - client-3999D11C8318->37967329-5758-4c49-8e48-9ef753dc4f59: receive RaftClientReply:client-3999D11C8318->37967329-5758-4c49-8e48-9ef753dc4f59@group-8D5235D8462B, cid=7, SUCCESS, logIndex=1, commits[37967329-5758-4c49-8e48-9ef753dc4f59:c1, 3ddf6a6f-4836-4e24-9a32-96f656a8f9d8:c0, c4d38cfc-376d-4425-bc69-78113d3ff62e:c0]
2019-09-17 03:08:10,191 [grpc-default-executor-1] INFO  client.GrpcClientProtocolClient (GrpcClientProtocolClient.java:onNext(264)) - client-3999D11C8318->37967329-5758-4c49-8e48-9ef753dc4f59: receive RaftClientReply:client-3999D11C8318->37967329-5758-4c49-8e48-9ef753dc4f59@group-8D5235D8462B, cid=8, SUCCESS, logIndex=3, commits[37967329-5758-4c49-8e48-9ef753dc4f59:c4, 3ddf6a6f-4836-4e24-9a32-96f656a8f9d8:c3, c4d38cfc-376d-4425-bc69-78113d3ff62e:c3]
2019-09-17 03:08:10,221 [Thread-232] INFO  impl.FollowerState (FollowerState.java:run(106)) - 3ddf6a6f-4836-4e24-9a32-96f656a8f9d8:group-CF6478AC8A53 changes to CANDIDATE, lastRpcTime:5003, electionTimeout:5003ms
2019-09-17 03:08:10,221 [main] ERROR container.ContainerStateManager (ContainerStateManager.java:updateContainerState(335)) - Failed to update container state #1, reason: invalid state transition from state: CLOSING upon event: FINALIZE.
2019-09-17 03:08:10,221 [Thread-232] INFO  impl.RoleInfo (RoleInfo.java:shutdownFollowerState(121)) - 3ddf6a6f-4836-4e24-9a32-96f656a8f9d8: shutdown FollowerState
2019-09-17 03:08:10,222 [Thread-232] INFO  impl.RaftServerImpl (RaftServerImpl.java:setRole(174)) - 3ddf6a6f-4836-4e24-9a32-96f656a8f9d8@group-CF6478AC8A53: changes role from  FOLLOWER to CANDIDATE at term 0 for changeToCandidate
2019-09-17 03:08:10,222 [Thread-232] INFO  impl.RoleInfo (RoleInfo.java:updateAndGet(143)) - 3ddf6a6f-4836-4e24-9a32-96f656a8f9d8: start LeaderElection
2019-09-17 03:08:10,228 [3ddf6a6f-4836-4e24-9a32-96f656a8f9d8@group-CF6478AC8A53:LeaderElection6] INFO  impl.LeaderElection (LeaderElection.java:askForVotes(182)) - 3ddf6a6f-4836-4e24-9a32-96f656a8f9d8@group-CF6478AC8A53:LeaderElection6: begin an election at term 1 for -1: [3ddf6a6f-4836-4e24-9a32-96f656a8f9d8:192.168.151.92:46238, c4d38cfc-376d-4425-bc69-78113d3ff62e:192.168.151.92:38488, 37967329-5758-4c49-8e48-9ef753dc4f59:192.168.151.92:35108], old=null
2019-09-17 03:08:10,241 [grpc-default-executor-0] INFO  impl.RaftServerImpl (RaftServerImpl.java:setRole(174)) - c4d38cfc-376d-4425-bc69-78113d3ff62e@group-CF6478AC8A53: changes role from  FOLLOWER to FOLLOWER at term 1 for recognizeCandidate:3ddf6a6f-4836-4e24-9a32-96f656a8f9d8
2019-09-17 03:08:10,241 [grpc-default-executor-0] INFO  impl.RoleInfo (RoleInfo.java:shutdownFollowerState(121)) - c4d38cfc-376d-4425-bc69-78113d3ff62e: shutdown FollowerState
2019-09-17 03:08:10,242 [grpc-default-executor-0] INFO  impl.RoleInfo (RoleInfo.java:updateAndGet(143)) - c4d38cfc-376d-4425-bc69-78113d3ff62e: start FollowerState
2019-09-17 03:08:10,242 [Thread-234] INFO  impl.FollowerState (FollowerState.java:run(115)) - c4d38cfc-376d-4425-bc69-78113d3ff62e: FollowerState was interrupted: java.lang.InterruptedException: sleep interrupted
2019-09-17 03:08:10,243 [Thread-227] INFO  impl.FollowerState (FollowerState.java:run(106)) - 37967329-5758-4c49-8e48-9ef753dc4f59:group-2DB00F2D5EEB changes to CANDIDATE, lastRpcTime:5106, electionTimeout:5106ms
2019-09-17 03:08:10,245 [grpc-default-executor-1] INFO  impl.RaftServerImpl (RaftServerImpl.java:setRole(174)) - 37967329-5758-4c49-8e48-9ef753dc4f59@group-CF6478AC8A53: changes role from  FOLLOWER to FOLLOWER at term 1 for recognizeCandidate:3ddf6a6f-4836-4e24-9a32-96f656a8f9d8
2019-09-17 03:08:10,245 [grpc-default-executor-1] INFO  impl.RoleInfo (RoleInfo.java:shutdownFollowerState(121)) - 37967329-5758-4c49-8e48-9ef753dc4f59: shutdown FollowerState
2019-09-17 03:08:10,245 [Thread-227] INFO  impl.RoleInfo (RoleInfo.java:shutdownFollowerState(121)) - 37967329-5758-4c49-8e48-9ef753dc4f59: shutdown FollowerState
]]></system-out>
    <system-err><![CDATA[ERROR StatusLogger No Log4j 2 configuration file found. Using default configuration (logging only errors to the console), or user programmatically provided configurations. Set system property 'log4j2.debug' to show Log4j 2 internal initialization logging. See https://logging.apache.org/log4j/2.x/manual/configuration.html for instructions on how to configure Log4j 2
]]></system-err>
  </testcase>
</testsuite>