<?xml version="1.0" encoding="UTF-8"?>
<testsuite xmlns:xsi="http://www.w3.org/2001/XMLSchema-instance" xsi:noNamespaceSchemaLocation="https://maven.apache.org/surefire/maven-surefire-plugin/xsd/surefire-test-report.xsd" name="org.apache.hadoop.ozone.client.rpc.TestCommitWatcher" time="58.924" tests="2" errors="0" skipped="0" failures="1">
  <properties>
    <property name="awt.toolkit" value="sun.awt.X11.XToolkit"/>
    <property name="file.encoding.pkg" value="sun.io"/>
    <property name="java.specification.version" value="1.8"/>
    <property name="sun.cpu.isalist" value=""/>
    <property name="sun.jnu.encoding" value="UTF-8"/>
    <property name="java.class.path" value="/workdir/hadoop-ozone/integration-test/target/test-classes:/workdir/hadoop-ozone/integration-test/target/classes:/home/user/.m2/repository/org/apache/hadoop/hadoop-ozone-common/0.5.0-SNAPSHOT/hadoop-ozone-common-0.5.0-SNAPSHOT.jar:/home/user/.m2/repository/org/apache/commons/commons-compress/1.4.1/commons-compress-1.4.1.jar:/home/user/.m2/repository/org/tukaani/xz/1.0/xz-1.0.jar:/home/user/.m2/repository/org/apache/hadoop/hadoop-common/3.2.0/hadoop-common-3.2.0.jar:/home/user/.m2/repository/org/apache/hadoop/hadoop-hdfs/3.2.0/hadoop-hdfs-3.2.0.jar:/home/user/.m2/repository/org/apache/hadoop/hadoop-hdfs-client/3.2.0/hadoop-hdfs-client-3.2.0.jar:/home/user/.m2/repository/com/fasterxml/jackson/core/jackson-annotations/2.9.5/jackson-annotations-2.9.5.jar:/home/user/.m2/repository/org/apache/hadoop/hadoop-hdds-common/0.5.0-SNAPSHOT/hadoop-hdds-common-0.5.0-SNAPSHOT.jar:/home/user/.m2/repository/javax/annotation/javax.annotation-api/1.2/javax.annotation-api-1.2.jar:/home/user/.m2/repository/org/apache/ratis/ratis-server/0.4.0-2337318-SNAPSHOT/ratis-server-0.4.0-2337318-SNAPSHOT.jar:/home/user/.m2/repository/org/apache/ratis/ratis-thirdparty-misc/0.2.0/ratis-thirdparty-misc-0.2.0.jar:/home/user/.m2/repository/org/apache/ratis/ratis-proto/0.4.0-2337318-SNAPSHOT/ratis-proto-0.4.0-2337318-SNAPSHOT.jar:/home/user/.m2/repository/org/apache/ratis/ratis-common/0.4.0-2337318-SNAPSHOT/ratis-common-0.4.0-2337318-SNAPSHOT.jar:/home/user/.m2/repository/org/apache/ratis/ratis-client/0.4.0-2337318-SNAPSHOT/ratis-client-0.4.0-2337318-SNAPSHOT.jar:/home/user/.m2/repository/org/apache/ratis/ratis-metrics/0.4.0-2337318-SNAPSHOT/ratis-metrics-0.4.0-2337318-SNAPSHOT.jar:/home/user/.m2/repository/org/apache/ratis/ratis-netty/0.4.0-2337318-SNAPSHOT/ratis-netty-0.4.0-2337318-SNAPSHOT.jar:/home/user/.m2/repository/org/apache/ratis/ratis-grpc/0.4.0-2337318-SNAPSHOT/ratis-grpc-0.4.0-2337318-SNAPSHOT.jar:/home/user/.m2/repository/org/rocksdb/rocksdbjni/6.0.1/rocksdbjni-6.0.1.jar:/home/user/.m2/repository/org/apache/logging/log4j/log4j-api/2.11.0/log4j-api-2.11.0.jar:/home/user/.m2/repository/org/apache/logging/log4j/log4j-core/2.11.0/log4j-core-2.11.0.jar:/home/user/.m2/repository/com/lmax/disruptor/3.4.2/disruptor-3.4.2.jar:/home/user/.m2/repository/org/apache/commons/commons-pool2/2.6.0/commons-pool2-2.6.0.jar:/home/user/.m2/repository/org/bouncycastle/bcpkix-jdk15on/1.60/bcpkix-jdk15on-1.60.jar:/home/user/.m2/repository/commons-validator/commons-validator/1.6/commons-validator-1.6.jar:/home/user/.m2/repository/commons-digester/commons-digester/1.8.1/commons-digester-1.8.1.jar:/home/user/.m2/repository/io/jaegertracing/jaeger-client/0.33.1/jaeger-client-0.33.1.jar:/home/user/.m2/repository/io/jaegertracing/jaeger-thrift/0.33.1/jaeger-thrift-0.33.1.jar:/home/user/.m2/repository/org/apache/thrift/libthrift/0.11.0/libthrift-0.11.0.jar:/home/user/.m2/repository/com/squareup/okhttp3/okhttp/3.9.0/okhttp-3.9.0.jar:/home/user/.m2/repository/com/squareup/okio/okio/1.13.0/okio-1.13.0.jar:/home/user/.m2/repository/io/jaegertracing/jaeger-core/0.33.1/jaeger-core-0.33.1.jar:/home/user/.m2/repository/io/jaegertracing/jaeger-tracerresolver/0.33.1/jaeger-tracerresolver-0.33.1.jar:/home/user/.m2/repository/io/opentracing/contrib/opentracing-tracerresolver/0.1.5/opentracing-tracerresolver-0.1.5.jar:/home/user/.m2/repository/io/opentracing/opentracing-util/0.31.0/opentracing-util-0.31.0.jar:/home/user/.m2/repository/io/opentracing/opentracing-api/0.31.0/opentracing-api-0.31.0.jar:/home/user/.m2/repository/io/opentracing/opentracing-noop/0.31.0/opentracing-noop-0.31.0.jar:/home/user/.m2/repository/org/apache/hadoop/hadoop-hdds-server-framework/0.5.0-SNAPSHOT/hadoop-hdds-server-framework-0.5.0-SNAPSHOT.jar:/home/user/.m2/repository/org/apache/hadoop/hadoop-hdds-container-service/0.5.0-SNAPSHOT/hadoop-hdds-container-service-0.5.0-SNAPSHOT.jar:/home/user/.m2/repository/org/apache/hadoop/hadoop-hdds-client/0.5.0-SNAPSHOT/hadoop-hdds-client-0.5.0-SNAPSHOT.jar:/home/user/.m2/repository/org/apache/hadoop/hadoop-hdds-tools/0.5.0-SNAPSHOT/hadoop-hdds-tools-0.5.0-SNAPSHOT.jar:/home/user/.m2/repository/org/apache/hadoop/hadoop-hdds-server-scm/0.5.0-SNAPSHOT/hadoop-hdds-server-scm-0.5.0-SNAPSHOT.jar:/home/user/.m2/repository/org/apache/hadoop/hadoop-hdds-docs/0.5.0-SNAPSHOT/hadoop-hdds-docs-0.5.0-SNAPSHOT.jar:/home/user/.m2/repository/io/dropwizard/metrics/metrics-core/3.2.4/metrics-core-3.2.4.jar:/home/user/.m2/repository/org/hamcrest/hamcrest-all/1.3/hamcrest-all-1.3.jar:/home/user/.m2/repository/org/bouncycastle/bcprov-jdk15on/1.60/bcprov-jdk15on-1.60.jar:/home/user/.m2/repository/info/picocli/picocli/3.9.6/picocli-3.9.6.jar:/home/user/.m2/repository/com/google/protobuf/protobuf-java/2.5.0/protobuf-java-2.5.0.jar:/home/user/.m2/repository/com/google/guava/guava/11.0.2/guava-11.0.2.jar:/home/user/.m2/repository/org/apache/hadoop/hadoop-ozone-ozone-manager/0.5.0-SNAPSHOT/hadoop-ozone-ozone-manager-0.5.0-SNAPSHOT.jar:/home/user/.m2/repository/org/apache/hadoop/hadoop-minikdc/3.2.0/hadoop-minikdc-3.2.0.jar:/home/user/.m2/repository/commons-io/commons-io/2.5/commons-io-2.5.jar:/home/user/.m2/repository/org/apache/kerby/kerb-simplekdc/1.0.1/kerb-simplekdc-1.0.1.jar:/home/user/.m2/repository/org/apache/kerby/kerb-client/1.0.1/kerb-client-1.0.1.jar:/home/user/.m2/repository/org/apache/kerby/kerby-config/1.0.1/kerby-config-1.0.1.jar:/home/user/.m2/repository/org/apache/kerby/kerb-core/1.0.1/kerb-core-1.0.1.jar:/home/user/.m2/repository/org/apache/kerby/kerby-pkix/1.0.1/kerby-pkix-1.0.1.jar:/home/user/.m2/repository/org/apache/kerby/kerby-asn1/1.0.1/kerby-asn1-1.0.1.jar:/home/user/.m2/repository/org/apache/kerby/kerby-util/1.0.1/kerby-util-1.0.1.jar:/home/user/.m2/repository/org/apache/kerby/kerb-common/1.0.1/kerb-common-1.0.1.jar:/home/user/.m2/repository/org/apache/kerby/kerb-crypto/1.0.1/kerb-crypto-1.0.1.jar:/home/user/.m2/repository/org/apache/kerby/kerb-util/1.0.1/kerb-util-1.0.1.jar:/home/user/.m2/repository/org/apache/kerby/token-provider/1.0.1/token-provider-1.0.1.jar:/home/user/.m2/repository/org/apache/kerby/kerb-admin/1.0.1/kerb-admin-1.0.1.jar:/home/user/.m2/repository/org/apache/kerby/kerb-server/1.0.1/kerb-server-1.0.1.jar:/home/user/.m2/repository/org/apache/kerby/kerb-identity/1.0.1/kerb-identity-1.0.1.jar:/home/user/.m2/repository/org/apache/kerby/kerby-xdr/1.0.1/kerby-xdr-1.0.1.jar:/home/user/.m2/repository/org/slf4j/slf4j-log4j12/1.7.25/slf4j-log4j12-1.7.25.jar:/home/user/.m2/repository/org/apache/hadoop/hadoop-ozone-objectstore-service/0.5.0-SNAPSHOT/hadoop-ozone-objectstore-service-0.5.0-SNAPSHOT.jar:/home/user/.m2/repository/org/apache/hadoop/hadoop-ozone-s3gateway/0.5.0-SNAPSHOT/hadoop-ozone-s3gateway-0.5.0-SNAPSHOT.jar:/home/user/.m2/repository/org/jboss/weld/servlet/weld-servlet/2.4.7.Final/weld-servlet-2.4.7.Final.jar:/home/user/.m2/repository/org/glassfish/jersey/containers/jersey-container-servlet-core/2.27/jersey-container-servlet-core-2.27.jar:/home/user/.m2/repository/org/glassfish/hk2/external/javax.inject/2.5.0-b42/javax.inject-2.5.0-b42.jar:/home/user/.m2/repository/org/glassfish/jersey/core/jersey-common/2.27/jersey-common-2.27.jar:/home/user/.m2/repository/org/glassfish/hk2/osgi-resource-locator/1.0.1/osgi-resource-locator-1.0.1.jar:/home/user/.m2/repository/javax/ws/rs/javax.ws.rs-api/2.1/javax.ws.rs-api-2.1.jar:/home/user/.m2/repository/org/glassfish/jersey/ext/cdi/jersey-cdi1x/2.27/jersey-cdi1x-2.27.jar:/home/user/.m2/repository/org/glassfish/jersey/inject/jersey-hk2/2.27/jersey-hk2-2.27.jar:/home/user/.m2/repository/org/glassfish/hk2/hk2-locator/2.5.0-b42/hk2-locator-2.5.0-b42.jar:/home/user/.m2/repository/org/javassist/javassist/3.22.0-CR2/javassist-3.22.0-CR2.jar:/home/user/.m2/repository/org/glassfish/hk2/hk2-api/2.5.0/hk2-api-2.5.0.jar:/home/user/.m2/repository/org/glassfish/hk2/external/jakarta.inject/2.5.0/jakarta.inject-2.5.0.jar:/home/user/.m2/repository/org/glassfish/hk2/hk2-utils/2.5.0/hk2-utils-2.5.0.jar:/home/user/.m2/repository/jakarta/annotation/jakarta.annotation-api/1.3.4/jakarta.annotation-api-1.3.4.jar:/home/user/.m2/repository/org/glassfish/hk2/external/aopalliance-repackaged/2.5.0/aopalliance-repackaged-2.5.0.jar:/home/user/.m2/repository/com/fasterxml/jackson/dataformat/jackson-dataformat-xml/2.9.0/jackson-dataformat-xml-2.9.0.jar:/home/user/.m2/repository/com/fasterxml/jackson/core/jackson-core/2.9.5/jackson-core-2.9.5.jar:/home/user/.m2/repository/com/fasterxml/jackson/module/jackson-module-jaxb-annotations/2.9.5/jackson-module-jaxb-annotations-2.9.5.jar:/home/user/.m2/repository/javax/enterprise/cdi-api/1.2/cdi-api-1.2.jar:/home/user/.m2/repository/javax/el/javax.el-api/3.0.0/javax.el-api-3.0.0.jar:/home/user/.m2/repository/javax/interceptor/javax.interceptor-api/1.2/javax.interceptor-api-1.2.jar:/home/user/.m2/repository/javax/inject/javax.inject/1/javax.inject-1.jar:/home/user/.m2/repository/com/sun/xml/bind/jaxb-impl/2.3.0.1/jaxb-impl-2.3.0.1.jar:/home/user/.m2/repository/com/sun/xml/bind/jaxb-core/2.3.0.1/jaxb-core-2.3.0.1.jar:/home/user/.m2/repository/javax/xml/bind/jaxb-api/2.3.0/jaxb-api-2.3.0.jar:/home/user/.m2/repository/javax/activation/activation/1.1.1/activation-1.1.1.jar:/home/user/.m2/repository/org/apache/hadoop/hadoop-ozone-csi/0.5.0-SNAPSHOT/hadoop-ozone-csi-0.5.0-SNAPSHOT.jar:/home/user/.m2/repository/com/google/protobuf/protobuf-java-util/3.5.1/protobuf-java-util-3.5.1.jar:/home/user/.m2/repository/org/apache/hadoop/hadoop-hdds-config/0.5.0-SNAPSHOT/hadoop-hdds-config-0.5.0-SNAPSHOT.jar:/home/user/.m2/repository/io/grpc/grpc-netty/1.17.1/grpc-netty-1.17.1.jar:/home/user/.m2/repository/io/grpc/grpc-core/1.17.1/grpc-core-1.17.1.jar:/home/user/.m2/repository/io/grpc/grpc-context/1.17.1/grpc-context-1.17.1.jar:/home/user/.m2/repository/com/google/errorprone/error_prone_annotations/2.2.0/error_prone_annotations-2.2.0.jar:/home/user/.m2/repository/org/codehaus/mojo/animal-sniffer-annotations/1.17/animal-sniffer-annotations-1.17.jar:/home/user/.m2/repository/io/opencensus/opencensus-api/0.17.0/opencensus-api-0.17.0.jar:/home/user/.m2/repository/io/opencensus/opencensus-contrib-grpc-metrics/0.17.0/opencensus-contrib-grpc-metrics-0.17.0.jar:/home/user/.m2/repository/io/netty/netty-codec-http2/4.1.30.Final/netty-codec-http2-4.1.30.Final.jar:/home/user/.m2/repository/io/netty/netty-codec-http/4.1.30.Final/netty-codec-http-4.1.30.Final.jar:/home/user/.m2/repository/io/netty/netty-codec/4.1.30.Final/netty-codec-4.1.30.Final.jar:/home/user/.m2/repository/io/netty/netty-handler/4.1.30.Final/netty-handler-4.1.30.Final.jar:/home/user/.m2/repository/io/netty/netty-handler-proxy/4.1.30.Final/netty-handler-proxy-4.1.30.Final.jar:/home/user/.m2/repository/io/netty/netty-codec-socks/4.1.30.Final/netty-codec-socks-4.1.30.Final.jar:/home/user/.m2/repository/io/netty/netty-transport-native-epoll/4.1.30.Final/netty-transport-native-epoll-4.1.30.Final.jar:/home/user/.m2/repository/io/netty/netty-common/4.1.30.Final/netty-common-4.1.30.Final.jar:/home/user/.m2/repository/io/netty/netty-buffer/4.1.30.Final/netty-buffer-4.1.30.Final.jar:/home/user/.m2/repository/io/netty/netty-transport/4.1.30.Final/netty-transport-4.1.30.Final.jar:/home/user/.m2/repository/io/netty/netty-resolver/4.1.30.Final/netty-resolver-4.1.30.Final.jar:/home/user/.m2/repository/io/netty/netty-transport-native-unix-common/4.1.30.Final/netty-transport-native-unix-common-4.1.30.Final.jar:/home/user/.m2/repository/io/grpc/grpc-protobuf/1.17.1/grpc-protobuf-1.17.1.jar:/home/user/.m2/repository/com/google/api/grpc/proto-google-common-protos/1.0.0/proto-google-common-protos-1.0.0.jar:/home/user/.m2/repository/io/grpc/grpc-protobuf-lite/1.17.1/grpc-protobuf-lite-1.17.1.jar:/home/user/.m2/repository/io/grpc/grpc-stub/1.17.1/grpc-stub-1.17.1.jar:/home/user/.m2/repository/org/apache/hadoop/hadoop-ozone-recon/0.5.0-SNAPSHOT/hadoop-ozone-recon-0.5.0-SNAPSHOT.jar:/home/user/.m2/repository/org/apache/hadoop/hadoop-ozone-reconcodegen/0.5.0-SNAPSHOT/hadoop-ozone-reconcodegen-0.5.0-SNAPSHOT.jar:/home/user/.m2/repository/com/google/inject/extensions/guice-multibindings/4.0/guice-multibindings-4.0.jar:/home/user/.m2/repository/com/google/inject/guice/4.0/guice-4.0.jar:/home/user/.m2/repository/aopalliance/aopalliance/1.0/aopalliance-1.0.jar:/home/user/.m2/repository/com/google/inject/extensions/guice-servlet/4.0/guice-servlet-4.0.jar:/home/user/.m2/repository/org/glassfish/jersey/containers/jersey-container-servlet/2.27/jersey-container-servlet-2.27.jar:/home/user/.m2/repository/org/glassfish/hk2/guice-bridge/2.5.0/guice-bridge-2.5.0.jar:/home/user/.m2/repository/org/glassfish/jersey/core/jersey-server/2.27/jersey-server-2.27.jar:/home/user/.m2/repository/org/glassfish/jersey/core/jersey-client/2.27/jersey-client-2.27.jar:/home/user/.m2/repository/org/glassfish/jersey/media/jersey-media-jaxb/2.27/jersey-media-jaxb-2.27.jar:/home/user/.m2/repository/javax/validation/validation-api/1.1.0.Final/validation-api-1.1.0.Final.jar:/home/user/.m2/repository/org/glassfish/jersey/media/jersey-media-json-jackson/2.27/jersey-media-json-jackson-2.27.jar:/home/user/.m2/repository/org/glassfish/jersey/ext/jersey-entity-filtering/2.27/jersey-entity-filtering-2.27.jar:/home/user/.m2/repository/com/google/inject/extensions/guice-assistedinject/4.0/guice-assistedinject-4.0.jar:/home/user/.m2/repository/org/jooq/jooq/3.11.10/jooq-3.11.10.jar:/home/user/.m2/repository/org/jooq/jooq-meta/3.11.10/jooq-meta-3.11.10.jar:/home/user/.m2/repository/org/jooq/jooq-codegen/3.11.10/jooq-codegen-3.11.10.jar:/home/user/.m2/repository/com/jolbox/bonecp/0.8.0.RELEASE/bonecp-0.8.0.RELEASE.jar:/home/user/.m2/repository/org/xerial/sqlite-jdbc/3.25.2/sqlite-jdbc-3.25.2.jar:/home/user/.m2/repository/org/springframework/spring-jdbc/5.1.3.RELEASE/spring-jdbc-5.1.3.RELEASE.jar:/home/user/.m2/repository/org/springframework/spring-beans/5.1.3.RELEASE/spring-beans-5.1.3.RELEASE.jar:/home/user/.m2/repository/org/springframework/spring-core/5.1.3.RELEASE/spring-core-5.1.3.RELEASE.jar:/home/user/.m2/repository/org/springframework/spring-jcl/5.1.3.RELEASE/spring-jcl-5.1.3.RELEASE.jar:/home/user/.m2/repository/org/springframework/spring-tx/5.1.3.RELEASE/spring-tx-5.1.3.RELEASE.jar:/home/user/.m2/repository/org/apache/hadoop/hadoop-ozone-client/0.5.0-SNAPSHOT/hadoop-ozone-client-0.5.0-SNAPSHOT.jar:/home/user/.m2/repository/commons-lang/commons-lang/2.6/commons-lang-2.6.jar:/home/user/.m2/repository/org/apache/hadoop/hadoop-ozone-ozone-manager/0.5.0-SNAPSHOT/hadoop-ozone-ozone-manager-0.5.0-SNAPSHOT-tests.jar:/home/user/.m2/repository/junit/junit/4.11/junit-4.11.jar:/home/user/.m2/repository/org/hamcrest/hamcrest-core/1.3/hamcrest-core-1.3.jar:/home/user/.m2/repository/org/openjdk/jmh/jmh-core/1.19/jmh-core-1.19.jar:/home/user/.m2/repository/net/sf/jopt-simple/jopt-simple/4.6/jopt-simple-4.6.jar:/home/user/.m2/repository/org/apache/commons/commons-math3/3.1.1/commons-math3-3.1.1.jar:/home/user/.m2/repository/org/openjdk/jmh/jmh-generator-annprocess/1.19/jmh-generator-annprocess-1.19.jar:/home/user/.m2/repository/org/mockito/mockito-all/1.8.5/mockito-all-1.8.5.jar:/home/user/.m2/repository/org/apache/hadoop/hadoop-kms/3.2.0/hadoop-kms-3.2.0.jar:/home/user/.m2/repository/org/apache/hadoop/hadoop-auth/3.2.0/hadoop-auth-3.2.0.jar:/home/user/.m2/repository/com/nimbusds/nimbus-jose-jwt/4.41.1/nimbus-jose-jwt-4.41.1.jar:/home/user/.m2/repository/com/github/stephenc/jcip/jcip-annotations/1.0-1/jcip-annotations-1.0-1.jar:/home/user/.m2/repository/net/minidev/json-smart/2.3/json-smart-2.3.jar:/home/user/.m2/repository/net/minidev/accessors-smart/1.2/accessors-smart-1.2.jar:/home/user/.m2/repository/org/ow2/asm/asm/5.0.4/asm-5.0.4.jar:/home/user/.m2/repository/org/apache/curator/curator-framework/2.12.0/curator-framework-2.12.0.jar:/home/user/.m2/repository/com/sun/jersey/jersey-core/1.19/jersey-core-1.19.jar:/home/user/.m2/repository/javax/ws/rs/jsr311-api/1.1.1/jsr311-api-1.1.1.jar:/home/user/.m2/repository/com/sun/jersey/jersey-server/1.19/jersey-server-1.19.jar:/home/user/.m2/repository/javax/servlet/javax.servlet-api/3.1.0/javax.servlet-api-3.1.0.jar:/home/user/.m2/repository/org/eclipse/jetty/jetty-server/9.3.24.v20180605/jetty-server-9.3.24.v20180605.jar:/home/user/.m2/repository/org/eclipse/jetty/jetty-http/9.3.24.v20180605/jetty-http-9.3.24.v20180605.jar:/home/user/.m2/repository/org/eclipse/jetty/jetty-io/9.3.24.v20180605/jetty-io-9.3.24.v20180605.jar:/home/user/.m2/repository/org/eclipse/jetty/jetty-webapp/9.3.24.v20180605/jetty-webapp-9.3.24.v20180605.jar:/home/user/.m2/repository/org/eclipse/jetty/jetty-xml/9.3.24.v20180605/jetty-xml-9.3.24.v20180605.jar:/home/user/.m2/repository/log4j/log4j/1.2.17/log4j-1.2.17.jar:/home/user/.m2/repository/org/slf4j/slf4j-api/1.7.25/slf4j-api-1.7.25.jar:/home/user/.m2/repository/org/slf4j/jul-to-slf4j/1.7.25/jul-to-slf4j-1.7.25.jar:/home/user/.m2/repository/org/eclipse/jetty/jetty-util/9.3.24.v20180605/jetty-util-9.3.24.v20180605.jar:/home/user/.m2/repository/com/fasterxml/jackson/core/jackson-databind/2.9.5/jackson-databind-2.9.5.jar:/home/user/.m2/repository/org/apache/hadoop/hadoop-kms/3.2.0/hadoop-kms-3.2.0-tests.jar:/home/user/.m2/repository/org/apache/hadoop/hadoop-hdds-server-scm/0.5.0-SNAPSHOT/hadoop-hdds-server-scm-0.5.0-SNAPSHOT-tests.jar:/home/user/.m2/repository/org/apache/hadoop/hadoop-hdds-container-service/0.5.0-SNAPSHOT/hadoop-hdds-container-service-0.5.0-SNAPSHOT-tests.jar:/home/user/.m2/repository/org/yaml/snakeyaml/1.16/snakeyaml-1.16.jar:/home/user/.m2/repository/org/apache/hadoop/hadoop-common/3.2.0/hadoop-common-3.2.0-tests.jar:/home/user/.m2/repository/org/apache/hadoop/hadoop-annotations/3.2.0/hadoop-annotations-3.2.0.jar:/usr/lib/jvm/java-1.8-openjdk/jre/../lib/tools.jar:/home/user/.m2/repository/commons-cli/commons-cli/1.2/commons-cli-1.2.jar:/home/user/.m2/repository/org/apache/httpcomponents/httpclient/4.5.2/httpclient-4.5.2.jar:/home/user/.m2/repository/org/apache/httpcomponents/httpcore/4.4.4/httpcore-4.4.4.jar:/home/user/.m2/repository/commons-codec/commons-codec/1.11/commons-codec-1.11.jar:/home/user/.m2/repository/commons-net/commons-net/3.6/commons-net-3.6.jar:/home/user/.m2/repository/commons-collections/commons-collections/3.2.2/commons-collections-3.2.2.jar:/home/user/.m2/repository/org/eclipse/jetty/jetty-servlet/9.3.24.v20180605/jetty-servlet-9.3.24.v20180605.jar:/home/user/.m2/repository/org/eclipse/jetty/jetty-security/9.3.24.v20180605/jetty-security-9.3.24.v20180605.jar:/home/user/.m2/repository/javax/servlet/jsp/jsp-api/2.1/jsp-api-2.1.jar:/home/user/.m2/repository/com/sun/jersey/jersey-servlet/1.19/jersey-servlet-1.19.jar:/home/user/.m2/repository/com/sun/jersey/jersey-json/1.19/jersey-json-1.19.jar:/home/user/.m2/repository/org/codehaus/jettison/jettison/1.1/jettison-1.1.jar:/home/user/.m2/repository/org/codehaus/jackson/jackson-core-asl/1.9.13/jackson-core-asl-1.9.13.jar:/home/user/.m2/repository/org/codehaus/jackson/jackson-mapper-asl/1.9.13/jackson-mapper-asl-1.9.13.jar:/home/user/.m2/repository/org/codehaus/jackson/jackson-jaxrs/1.9.13/jackson-jaxrs-1.9.13.jar:/home/user/.m2/repository/org/codehaus/jackson/jackson-xc/1.9.13/jackson-xc-1.9.13.jar:/home/user/.m2/repository/commons-logging/commons-logging/1.1.3/commons-logging-1.1.3.jar:/home/user/.m2/repository/commons-beanutils/commons-beanutils/1.9.3/commons-beanutils-1.9.3.jar:/home/user/.m2/repository/org/apache/commons/commons-configuration2/2.1.1/commons-configuration2-2.1.1.jar:/home/user/.m2/repository/org/apache/commons/commons-lang3/3.7/commons-lang3-3.7.jar:/home/user/.m2/repository/org/apache/commons/commons-text/1.4/commons-text-1.4.jar:/home/user/.m2/repository/org/apache/avro/avro/1.7.7/avro-1.7.7.jar:/home/user/.m2/repository/com/thoughtworks/paranamer/paranamer/2.3/paranamer-2.3.jar:/home/user/.m2/repository/org/xerial/snappy/snappy-java/1.0.5/snappy-java-1.0.5.jar:/home/user/.m2/repository/com/google/re2j/re2j/1.1/re2j-1.1.jar:/home/user/.m2/repository/com/google/code/gson/gson/2.2.4/gson-2.2.4.jar:/home/user/.m2/repository/com/jcraft/jsch/0.1.54/jsch-0.1.54.jar:/home/user/.m2/repository/org/apache/curator/curator-client/2.12.0/curator-client-2.12.0.jar:/home/user/.m2/repository/org/apache/curator/curator-recipes/2.12.0/curator-recipes-2.12.0.jar:/home/user/.m2/repository/com/google/code/findbugs/jsr305/3.0.0/jsr305-3.0.0.jar:/home/user/.m2/repository/org/apache/htrace/htrace-core4/4.1.0-incubating/htrace-core4-4.1.0-incubating.jar:/home/user/.m2/repository/org/apache/zookeeper/zookeeper/3.4.13/zookeeper-3.4.13.jar:/home/user/.m2/repository/org/apache/yetus/audience-annotations/0.5.0/audience-annotations-0.5.0.jar:/home/user/.m2/repository/org/codehaus/woodstox/stax2-api/3.1.4/stax2-api-3.1.4.jar:/home/user/.m2/repository/com/fasterxml/woodstox/woodstox-core/5.0.3/woodstox-core-5.0.3.jar:/home/user/.m2/repository/dnsjava/dnsjava/2.1.7/dnsjava-2.1.7.jar:/home/user/.m2/repository/org/apache/hadoop/hadoop-hdfs/3.2.0/hadoop-hdfs-3.2.0-tests.jar:/home/user/.m2/repository/org/eclipse/jetty/jetty-util-ajax/9.3.24.v20180605/jetty-util-ajax-9.3.24.v20180605.jar:/home/user/.m2/repository/commons-daemon/commons-daemon/1.0.13/commons-daemon-1.0.13.jar:/home/user/.m2/repository/io/netty/netty/3.10.5.Final/netty-3.10.5.Final.jar:/home/user/.m2/repository/io/netty/netty-all/4.0.52.Final/netty-all-4.0.52.Final.jar:/home/user/.m2/repository/org/fusesource/leveldbjni/leveldbjni-all/1.8/leveldbjni-all-1.8.jar:"/>
    <property name="java.vm.vendor" value="IcedTea"/>
    <property name="sun.arch.data.model" value="64"/>
    <property name="test.build.dir" value="/workdir/hadoop-ozone/integration-test/target/test-dir"/>
    <property name="test.cache.data" value=""/>
    <property name="java.vendor.url" value="https://icedtea.classpath.org"/>
    <property name="user.timezone" value=""/>
    <property name="java.vm.specification.version" value="1.8"/>
    <property name="os.name" value="Linux"/>
    <property name="test.build.data" value="/workdir/hadoop-ozone/integration-test/target/test-dir"/>
    <property name="user.country" value="US"/>
    <property name="sun.java.launcher" value="SUN_STANDARD"/>
    <property name="sun.boot.library.path" value="/usr/lib/jvm/java-1.8-openjdk/jre/lib/amd64"/>
    <property name="sun.java.command" value="/workdir/hadoop-ozone/integration-test/target/surefire/surefirebooter74733907634477944.jar /workdir/hadoop-ozone/integration-test/target/surefire 2019-08-23T05-14-45_962-jvmRun1 surefire1729736261385497444tmp surefire_255800402155004493497tmp"/>
    <property name="test" value="!TestMiniChaosOzoneCluster"/>
    <property name="surefire.test.class.path" value="/workdir/hadoop-ozone/integration-test/target/test-classes:/workdir/hadoop-ozone/integration-test/target/classes:/home/user/.m2/repository/org/apache/hadoop/hadoop-ozone-common/0.5.0-SNAPSHOT/hadoop-ozone-common-0.5.0-SNAPSHOT.jar:/home/user/.m2/repository/org/apache/commons/commons-compress/1.4.1/commons-compress-1.4.1.jar:/home/user/.m2/repository/org/tukaani/xz/1.0/xz-1.0.jar:/home/user/.m2/repository/org/apache/hadoop/hadoop-common/3.2.0/hadoop-common-3.2.0.jar:/home/user/.m2/repository/org/apache/hadoop/hadoop-hdfs/3.2.0/hadoop-hdfs-3.2.0.jar:/home/user/.m2/repository/org/apache/hadoop/hadoop-hdfs-client/3.2.0/hadoop-hdfs-client-3.2.0.jar:/home/user/.m2/repository/com/fasterxml/jackson/core/jackson-annotations/2.9.5/jackson-annotations-2.9.5.jar:/home/user/.m2/repository/org/apache/hadoop/hadoop-hdds-common/0.5.0-SNAPSHOT/hadoop-hdds-common-0.5.0-SNAPSHOT.jar:/home/user/.m2/repository/javax/annotation/javax.annotation-api/1.2/javax.annotation-api-1.2.jar:/home/user/.m2/repository/org/apache/ratis/ratis-server/0.4.0-2337318-SNAPSHOT/ratis-server-0.4.0-2337318-SNAPSHOT.jar:/home/user/.m2/repository/org/apache/ratis/ratis-thirdparty-misc/0.2.0/ratis-thirdparty-misc-0.2.0.jar:/home/user/.m2/repository/org/apache/ratis/ratis-proto/0.4.0-2337318-SNAPSHOT/ratis-proto-0.4.0-2337318-SNAPSHOT.jar:/home/user/.m2/repository/org/apache/ratis/ratis-common/0.4.0-2337318-SNAPSHOT/ratis-common-0.4.0-2337318-SNAPSHOT.jar:/home/user/.m2/repository/org/apache/ratis/ratis-client/0.4.0-2337318-SNAPSHOT/ratis-client-0.4.0-2337318-SNAPSHOT.jar:/home/user/.m2/repository/org/apache/ratis/ratis-metrics/0.4.0-2337318-SNAPSHOT/ratis-metrics-0.4.0-2337318-SNAPSHOT.jar:/home/user/.m2/repository/org/apache/ratis/ratis-netty/0.4.0-2337318-SNAPSHOT/ratis-netty-0.4.0-2337318-SNAPSHOT.jar:/home/user/.m2/repository/org/apache/ratis/ratis-grpc/0.4.0-2337318-SNAPSHOT/ratis-grpc-0.4.0-2337318-SNAPSHOT.jar:/home/user/.m2/repository/org/rocksdb/rocksdbjni/6.0.1/rocksdbjni-6.0.1.jar:/home/user/.m2/repository/org/apache/logging/log4j/log4j-api/2.11.0/log4j-api-2.11.0.jar:/home/user/.m2/repository/org/apache/logging/log4j/log4j-core/2.11.0/log4j-core-2.11.0.jar:/home/user/.m2/repository/com/lmax/disruptor/3.4.2/disruptor-3.4.2.jar:/home/user/.m2/repository/org/apache/commons/commons-pool2/2.6.0/commons-pool2-2.6.0.jar:/home/user/.m2/repository/org/bouncycastle/bcpkix-jdk15on/1.60/bcpkix-jdk15on-1.60.jar:/home/user/.m2/repository/commons-validator/commons-validator/1.6/commons-validator-1.6.jar:/home/user/.m2/repository/commons-digester/commons-digester/1.8.1/commons-digester-1.8.1.jar:/home/user/.m2/repository/io/jaegertracing/jaeger-client/0.33.1/jaeger-client-0.33.1.jar:/home/user/.m2/repository/io/jaegertracing/jaeger-thrift/0.33.1/jaeger-thrift-0.33.1.jar:/home/user/.m2/repository/org/apache/thrift/libthrift/0.11.0/libthrift-0.11.0.jar:/home/user/.m2/repository/com/squareup/okhttp3/okhttp/3.9.0/okhttp-3.9.0.jar:/home/user/.m2/repository/com/squareup/okio/okio/1.13.0/okio-1.13.0.jar:/home/user/.m2/repository/io/jaegertracing/jaeger-core/0.33.1/jaeger-core-0.33.1.jar:/home/user/.m2/repository/io/jaegertracing/jaeger-tracerresolver/0.33.1/jaeger-tracerresolver-0.33.1.jar:/home/user/.m2/repository/io/opentracing/contrib/opentracing-tracerresolver/0.1.5/opentracing-tracerresolver-0.1.5.jar:/home/user/.m2/repository/io/opentracing/opentracing-util/0.31.0/opentracing-util-0.31.0.jar:/home/user/.m2/repository/io/opentracing/opentracing-api/0.31.0/opentracing-api-0.31.0.jar:/home/user/.m2/repository/io/opentracing/opentracing-noop/0.31.0/opentracing-noop-0.31.0.jar:/home/user/.m2/repository/org/apache/hadoop/hadoop-hdds-server-framework/0.5.0-SNAPSHOT/hadoop-hdds-server-framework-0.5.0-SNAPSHOT.jar:/home/user/.m2/repository/org/apache/hadoop/hadoop-hdds-container-service/0.5.0-SNAPSHOT/hadoop-hdds-container-service-0.5.0-SNAPSHOT.jar:/home/user/.m2/repository/org/apache/hadoop/hadoop-hdds-client/0.5.0-SNAPSHOT/hadoop-hdds-client-0.5.0-SNAPSHOT.jar:/home/user/.m2/repository/org/apache/hadoop/hadoop-hdds-tools/0.5.0-SNAPSHOT/hadoop-hdds-tools-0.5.0-SNAPSHOT.jar:/home/user/.m2/repository/org/apache/hadoop/hadoop-hdds-server-scm/0.5.0-SNAPSHOT/hadoop-hdds-server-scm-0.5.0-SNAPSHOT.jar:/home/user/.m2/repository/org/apache/hadoop/hadoop-hdds-docs/0.5.0-SNAPSHOT/hadoop-hdds-docs-0.5.0-SNAPSHOT.jar:/home/user/.m2/repository/io/dropwizard/metrics/metrics-core/3.2.4/metrics-core-3.2.4.jar:/home/user/.m2/repository/org/hamcrest/hamcrest-all/1.3/hamcrest-all-1.3.jar:/home/user/.m2/repository/org/bouncycastle/bcprov-jdk15on/1.60/bcprov-jdk15on-1.60.jar:/home/user/.m2/repository/info/picocli/picocli/3.9.6/picocli-3.9.6.jar:/home/user/.m2/repository/com/google/protobuf/protobuf-java/2.5.0/protobuf-java-2.5.0.jar:/home/user/.m2/repository/com/google/guava/guava/11.0.2/guava-11.0.2.jar:/home/user/.m2/repository/org/apache/hadoop/hadoop-ozone-ozone-manager/0.5.0-SNAPSHOT/hadoop-ozone-ozone-manager-0.5.0-SNAPSHOT.jar:/home/user/.m2/repository/org/apache/hadoop/hadoop-minikdc/3.2.0/hadoop-minikdc-3.2.0.jar:/home/user/.m2/repository/commons-io/commons-io/2.5/commons-io-2.5.jar:/home/user/.m2/repository/org/apache/kerby/kerb-simplekdc/1.0.1/kerb-simplekdc-1.0.1.jar:/home/user/.m2/repository/org/apache/kerby/kerb-client/1.0.1/kerb-client-1.0.1.jar:/home/user/.m2/repository/org/apache/kerby/kerby-config/1.0.1/kerby-config-1.0.1.jar:/home/user/.m2/repository/org/apache/kerby/kerb-core/1.0.1/kerb-core-1.0.1.jar:/home/user/.m2/repository/org/apache/kerby/kerby-pkix/1.0.1/kerby-pkix-1.0.1.jar:/home/user/.m2/repository/org/apache/kerby/kerby-asn1/1.0.1/kerby-asn1-1.0.1.jar:/home/user/.m2/repository/org/apache/kerby/kerby-util/1.0.1/kerby-util-1.0.1.jar:/home/user/.m2/repository/org/apache/kerby/kerb-common/1.0.1/kerb-common-1.0.1.jar:/home/user/.m2/repository/org/apache/kerby/kerb-crypto/1.0.1/kerb-crypto-1.0.1.jar:/home/user/.m2/repository/org/apache/kerby/kerb-util/1.0.1/kerb-util-1.0.1.jar:/home/user/.m2/repository/org/apache/kerby/token-provider/1.0.1/token-provider-1.0.1.jar:/home/user/.m2/repository/org/apache/kerby/kerb-admin/1.0.1/kerb-admin-1.0.1.jar:/home/user/.m2/repository/org/apache/kerby/kerb-server/1.0.1/kerb-server-1.0.1.jar:/home/user/.m2/repository/org/apache/kerby/kerb-identity/1.0.1/kerb-identity-1.0.1.jar:/home/user/.m2/repository/org/apache/kerby/kerby-xdr/1.0.1/kerby-xdr-1.0.1.jar:/home/user/.m2/repository/org/slf4j/slf4j-log4j12/1.7.25/slf4j-log4j12-1.7.25.jar:/home/user/.m2/repository/org/apache/hadoop/hadoop-ozone-objectstore-service/0.5.0-SNAPSHOT/hadoop-ozone-objectstore-service-0.5.0-SNAPSHOT.jar:/home/user/.m2/repository/org/apache/hadoop/hadoop-ozone-s3gateway/0.5.0-SNAPSHOT/hadoop-ozone-s3gateway-0.5.0-SNAPSHOT.jar:/home/user/.m2/repository/org/jboss/weld/servlet/weld-servlet/2.4.7.Final/weld-servlet-2.4.7.Final.jar:/home/user/.m2/repository/org/glassfish/jersey/containers/jersey-container-servlet-core/2.27/jersey-container-servlet-core-2.27.jar:/home/user/.m2/repository/org/glassfish/hk2/external/javax.inject/2.5.0-b42/javax.inject-2.5.0-b42.jar:/home/user/.m2/repository/org/glassfish/jersey/core/jersey-common/2.27/jersey-common-2.27.jar:/home/user/.m2/repository/org/glassfish/hk2/osgi-resource-locator/1.0.1/osgi-resource-locator-1.0.1.jar:/home/user/.m2/repository/javax/ws/rs/javax.ws.rs-api/2.1/javax.ws.rs-api-2.1.jar:/home/user/.m2/repository/org/glassfish/jersey/ext/cdi/jersey-cdi1x/2.27/jersey-cdi1x-2.27.jar:/home/user/.m2/repository/org/glassfish/jersey/inject/jersey-hk2/2.27/jersey-hk2-2.27.jar:/home/user/.m2/repository/org/glassfish/hk2/hk2-locator/2.5.0-b42/hk2-locator-2.5.0-b42.jar:/home/user/.m2/repository/org/javassist/javassist/3.22.0-CR2/javassist-3.22.0-CR2.jar:/home/user/.m2/repository/org/glassfish/hk2/hk2-api/2.5.0/hk2-api-2.5.0.jar:/home/user/.m2/repository/org/glassfish/hk2/external/jakarta.inject/2.5.0/jakarta.inject-2.5.0.jar:/home/user/.m2/repository/org/glassfish/hk2/hk2-utils/2.5.0/hk2-utils-2.5.0.jar:/home/user/.m2/repository/jakarta/annotation/jakarta.annotation-api/1.3.4/jakarta.annotation-api-1.3.4.jar:/home/user/.m2/repository/org/glassfish/hk2/external/aopalliance-repackaged/2.5.0/aopalliance-repackaged-2.5.0.jar:/home/user/.m2/repository/com/fasterxml/jackson/dataformat/jackson-dataformat-xml/2.9.0/jackson-dataformat-xml-2.9.0.jar:/home/user/.m2/repository/com/fasterxml/jackson/core/jackson-core/2.9.5/jackson-core-2.9.5.jar:/home/user/.m2/repository/com/fasterxml/jackson/module/jackson-module-jaxb-annotations/2.9.5/jackson-module-jaxb-annotations-2.9.5.jar:/home/user/.m2/repository/javax/enterprise/cdi-api/1.2/cdi-api-1.2.jar:/home/user/.m2/repository/javax/el/javax.el-api/3.0.0/javax.el-api-3.0.0.jar:/home/user/.m2/repository/javax/interceptor/javax.interceptor-api/1.2/javax.interceptor-api-1.2.jar:/home/user/.m2/repository/javax/inject/javax.inject/1/javax.inject-1.jar:/home/user/.m2/repository/com/sun/xml/bind/jaxb-impl/2.3.0.1/jaxb-impl-2.3.0.1.jar:/home/user/.m2/repository/com/sun/xml/bind/jaxb-core/2.3.0.1/jaxb-core-2.3.0.1.jar:/home/user/.m2/repository/javax/xml/bind/jaxb-api/2.3.0/jaxb-api-2.3.0.jar:/home/user/.m2/repository/javax/activation/activation/1.1.1/activation-1.1.1.jar:/home/user/.m2/repository/org/apache/hadoop/hadoop-ozone-csi/0.5.0-SNAPSHOT/hadoop-ozone-csi-0.5.0-SNAPSHOT.jar:/home/user/.m2/repository/com/google/protobuf/protobuf-java-util/3.5.1/protobuf-java-util-3.5.1.jar:/home/user/.m2/repository/org/apache/hadoop/hadoop-hdds-config/0.5.0-SNAPSHOT/hadoop-hdds-config-0.5.0-SNAPSHOT.jar:/home/user/.m2/repository/io/grpc/grpc-netty/1.17.1/grpc-netty-1.17.1.jar:/home/user/.m2/repository/io/grpc/grpc-core/1.17.1/grpc-core-1.17.1.jar:/home/user/.m2/repository/io/grpc/grpc-context/1.17.1/grpc-context-1.17.1.jar:/home/user/.m2/repository/com/google/errorprone/error_prone_annotations/2.2.0/error_prone_annotations-2.2.0.jar:/home/user/.m2/repository/org/codehaus/mojo/animal-sniffer-annotations/1.17/animal-sniffer-annotations-1.17.jar:/home/user/.m2/repository/io/opencensus/opencensus-api/0.17.0/opencensus-api-0.17.0.jar:/home/user/.m2/repository/io/opencensus/opencensus-contrib-grpc-metrics/0.17.0/opencensus-contrib-grpc-metrics-0.17.0.jar:/home/user/.m2/repository/io/netty/netty-codec-http2/4.1.30.Final/netty-codec-http2-4.1.30.Final.jar:/home/user/.m2/repository/io/netty/netty-codec-http/4.1.30.Final/netty-codec-http-4.1.30.Final.jar:/home/user/.m2/repository/io/netty/netty-codec/4.1.30.Final/netty-codec-4.1.30.Final.jar:/home/user/.m2/repository/io/netty/netty-handler/4.1.30.Final/netty-handler-4.1.30.Final.jar:/home/user/.m2/repository/io/netty/netty-handler-proxy/4.1.30.Final/netty-handler-proxy-4.1.30.Final.jar:/home/user/.m2/repository/io/netty/netty-codec-socks/4.1.30.Final/netty-codec-socks-4.1.30.Final.jar:/home/user/.m2/repository/io/netty/netty-transport-native-epoll/4.1.30.Final/netty-transport-native-epoll-4.1.30.Final.jar:/home/user/.m2/repository/io/netty/netty-common/4.1.30.Final/netty-common-4.1.30.Final.jar:/home/user/.m2/repository/io/netty/netty-buffer/4.1.30.Final/netty-buffer-4.1.30.Final.jar:/home/user/.m2/repository/io/netty/netty-transport/4.1.30.Final/netty-transport-4.1.30.Final.jar:/home/user/.m2/repository/io/netty/netty-resolver/4.1.30.Final/netty-resolver-4.1.30.Final.jar:/home/user/.m2/repository/io/netty/netty-transport-native-unix-common/4.1.30.Final/netty-transport-native-unix-common-4.1.30.Final.jar:/home/user/.m2/repository/io/grpc/grpc-protobuf/1.17.1/grpc-protobuf-1.17.1.jar:/home/user/.m2/repository/com/google/api/grpc/proto-google-common-protos/1.0.0/proto-google-common-protos-1.0.0.jar:/home/user/.m2/repository/io/grpc/grpc-protobuf-lite/1.17.1/grpc-protobuf-lite-1.17.1.jar:/home/user/.m2/repository/io/grpc/grpc-stub/1.17.1/grpc-stub-1.17.1.jar:/home/user/.m2/repository/org/apache/hadoop/hadoop-ozone-recon/0.5.0-SNAPSHOT/hadoop-ozone-recon-0.5.0-SNAPSHOT.jar:/home/user/.m2/repository/org/apache/hadoop/hadoop-ozone-reconcodegen/0.5.0-SNAPSHOT/hadoop-ozone-reconcodegen-0.5.0-SNAPSHOT.jar:/home/user/.m2/repository/com/google/inject/extensions/guice-multibindings/4.0/guice-multibindings-4.0.jar:/home/user/.m2/repository/com/google/inject/guice/4.0/guice-4.0.jar:/home/user/.m2/repository/aopalliance/aopalliance/1.0/aopalliance-1.0.jar:/home/user/.m2/repository/com/google/inject/extensions/guice-servlet/4.0/guice-servlet-4.0.jar:/home/user/.m2/repository/org/glassfish/jersey/containers/jersey-container-servlet/2.27/jersey-container-servlet-2.27.jar:/home/user/.m2/repository/org/glassfish/hk2/guice-bridge/2.5.0/guice-bridge-2.5.0.jar:/home/user/.m2/repository/org/glassfish/jersey/core/jersey-server/2.27/jersey-server-2.27.jar:/home/user/.m2/repository/org/glassfish/jersey/core/jersey-client/2.27/jersey-client-2.27.jar:/home/user/.m2/repository/org/glassfish/jersey/media/jersey-media-jaxb/2.27/jersey-media-jaxb-2.27.jar:/home/user/.m2/repository/javax/validation/validation-api/1.1.0.Final/validation-api-1.1.0.Final.jar:/home/user/.m2/repository/org/glassfish/jersey/media/jersey-media-json-jackson/2.27/jersey-media-json-jackson-2.27.jar:/home/user/.m2/repository/org/glassfish/jersey/ext/jersey-entity-filtering/2.27/jersey-entity-filtering-2.27.jar:/home/user/.m2/repository/com/google/inject/extensions/guice-assistedinject/4.0/guice-assistedinject-4.0.jar:/home/user/.m2/repository/org/jooq/jooq/3.11.10/jooq-3.11.10.jar:/home/user/.m2/repository/org/jooq/jooq-meta/3.11.10/jooq-meta-3.11.10.jar:/home/user/.m2/repository/org/jooq/jooq-codegen/3.11.10/jooq-codegen-3.11.10.jar:/home/user/.m2/repository/com/jolbox/bonecp/0.8.0.RELEASE/bonecp-0.8.0.RELEASE.jar:/home/user/.m2/repository/org/xerial/sqlite-jdbc/3.25.2/sqlite-jdbc-3.25.2.jar:/home/user/.m2/repository/org/springframework/spring-jdbc/5.1.3.RELEASE/spring-jdbc-5.1.3.RELEASE.jar:/home/user/.m2/repository/org/springframework/spring-beans/5.1.3.RELEASE/spring-beans-5.1.3.RELEASE.jar:/home/user/.m2/repository/org/springframework/spring-core/5.1.3.RELEASE/spring-core-5.1.3.RELEASE.jar:/home/user/.m2/repository/org/springframework/spring-jcl/5.1.3.RELEASE/spring-jcl-5.1.3.RELEASE.jar:/home/user/.m2/repository/org/springframework/spring-tx/5.1.3.RELEASE/spring-tx-5.1.3.RELEASE.jar:/home/user/.m2/repository/org/apache/hadoop/hadoop-ozone-client/0.5.0-SNAPSHOT/hadoop-ozone-client-0.5.0-SNAPSHOT.jar:/home/user/.m2/repository/commons-lang/commons-lang/2.6/commons-lang-2.6.jar:/home/user/.m2/repository/org/apache/hadoop/hadoop-ozone-ozone-manager/0.5.0-SNAPSHOT/hadoop-ozone-ozone-manager-0.5.0-SNAPSHOT-tests.jar:/home/user/.m2/repository/junit/junit/4.11/junit-4.11.jar:/home/user/.m2/repository/org/hamcrest/hamcrest-core/1.3/hamcrest-core-1.3.jar:/home/user/.m2/repository/org/openjdk/jmh/jmh-core/1.19/jmh-core-1.19.jar:/home/user/.m2/repository/net/sf/jopt-simple/jopt-simple/4.6/jopt-simple-4.6.jar:/home/user/.m2/repository/org/apache/commons/commons-math3/3.1.1/commons-math3-3.1.1.jar:/home/user/.m2/repository/org/openjdk/jmh/jmh-generator-annprocess/1.19/jmh-generator-annprocess-1.19.jar:/home/user/.m2/repository/org/mockito/mockito-all/1.8.5/mockito-all-1.8.5.jar:/home/user/.m2/repository/org/apache/hadoop/hadoop-kms/3.2.0/hadoop-kms-3.2.0.jar:/home/user/.m2/repository/org/apache/hadoop/hadoop-auth/3.2.0/hadoop-auth-3.2.0.jar:/home/user/.m2/repository/com/nimbusds/nimbus-jose-jwt/4.41.1/nimbus-jose-jwt-4.41.1.jar:/home/user/.m2/repository/com/github/stephenc/jcip/jcip-annotations/1.0-1/jcip-annotations-1.0-1.jar:/home/user/.m2/repository/net/minidev/json-smart/2.3/json-smart-2.3.jar:/home/user/.m2/repository/net/minidev/accessors-smart/1.2/accessors-smart-1.2.jar:/home/user/.m2/repository/org/ow2/asm/asm/5.0.4/asm-5.0.4.jar:/home/user/.m2/repository/org/apache/curator/curator-framework/2.12.0/curator-framework-2.12.0.jar:/home/user/.m2/repository/com/sun/jersey/jersey-core/1.19/jersey-core-1.19.jar:/home/user/.m2/repository/javax/ws/rs/jsr311-api/1.1.1/jsr311-api-1.1.1.jar:/home/user/.m2/repository/com/sun/jersey/jersey-server/1.19/jersey-server-1.19.jar:/home/user/.m2/repository/javax/servlet/javax.servlet-api/3.1.0/javax.servlet-api-3.1.0.jar:/home/user/.m2/repository/org/eclipse/jetty/jetty-server/9.3.24.v20180605/jetty-server-9.3.24.v20180605.jar:/home/user/.m2/repository/org/eclipse/jetty/jetty-http/9.3.24.v20180605/jetty-http-9.3.24.v20180605.jar:/home/user/.m2/repository/org/eclipse/jetty/jetty-io/9.3.24.v20180605/jetty-io-9.3.24.v20180605.jar:/home/user/.m2/repository/org/eclipse/jetty/jetty-webapp/9.3.24.v20180605/jetty-webapp-9.3.24.v20180605.jar:/home/user/.m2/repository/org/eclipse/jetty/jetty-xml/9.3.24.v20180605/jetty-xml-9.3.24.v20180605.jar:/home/user/.m2/repository/log4j/log4j/1.2.17/log4j-1.2.17.jar:/home/user/.m2/repository/org/slf4j/slf4j-api/1.7.25/slf4j-api-1.7.25.jar:/home/user/.m2/repository/org/slf4j/jul-to-slf4j/1.7.25/jul-to-slf4j-1.7.25.jar:/home/user/.m2/repository/org/eclipse/jetty/jetty-util/9.3.24.v20180605/jetty-util-9.3.24.v20180605.jar:/home/user/.m2/repository/com/fasterxml/jackson/core/jackson-databind/2.9.5/jackson-databind-2.9.5.jar:/home/user/.m2/repository/org/apache/hadoop/hadoop-kms/3.2.0/hadoop-kms-3.2.0-tests.jar:/home/user/.m2/repository/org/apache/hadoop/hadoop-hdds-server-scm/0.5.0-SNAPSHOT/hadoop-hdds-server-scm-0.5.0-SNAPSHOT-tests.jar:/home/user/.m2/repository/org/apache/hadoop/hadoop-hdds-container-service/0.5.0-SNAPSHOT/hadoop-hdds-container-service-0.5.0-SNAPSHOT-tests.jar:/home/user/.m2/repository/org/yaml/snakeyaml/1.16/snakeyaml-1.16.jar:/home/user/.m2/repository/org/apache/hadoop/hadoop-common/3.2.0/hadoop-common-3.2.0-tests.jar:/home/user/.m2/repository/org/apache/hadoop/hadoop-annotations/3.2.0/hadoop-annotations-3.2.0.jar:/usr/lib/jvm/java-1.8-openjdk/jre/../lib/tools.jar:/home/user/.m2/repository/commons-cli/commons-cli/1.2/commons-cli-1.2.jar:/home/user/.m2/repository/org/apache/httpcomponents/httpclient/4.5.2/httpclient-4.5.2.jar:/home/user/.m2/repository/org/apache/httpcomponents/httpcore/4.4.4/httpcore-4.4.4.jar:/home/user/.m2/repository/commons-codec/commons-codec/1.11/commons-codec-1.11.jar:/home/user/.m2/repository/commons-net/commons-net/3.6/commons-net-3.6.jar:/home/user/.m2/repository/commons-collections/commons-collections/3.2.2/commons-collections-3.2.2.jar:/home/user/.m2/repository/org/eclipse/jetty/jetty-servlet/9.3.24.v20180605/jetty-servlet-9.3.24.v20180605.jar:/home/user/.m2/repository/org/eclipse/jetty/jetty-security/9.3.24.v20180605/jetty-security-9.3.24.v20180605.jar:/home/user/.m2/repository/javax/servlet/jsp/jsp-api/2.1/jsp-api-2.1.jar:/home/user/.m2/repository/com/sun/jersey/jersey-servlet/1.19/jersey-servlet-1.19.jar:/home/user/.m2/repository/com/sun/jersey/jersey-json/1.19/jersey-json-1.19.jar:/home/user/.m2/repository/org/codehaus/jettison/jettison/1.1/jettison-1.1.jar:/home/user/.m2/repository/org/codehaus/jackson/jackson-core-asl/1.9.13/jackson-core-asl-1.9.13.jar:/home/user/.m2/repository/org/codehaus/jackson/jackson-mapper-asl/1.9.13/jackson-mapper-asl-1.9.13.jar:/home/user/.m2/repository/org/codehaus/jackson/jackson-jaxrs/1.9.13/jackson-jaxrs-1.9.13.jar:/home/user/.m2/repository/org/codehaus/jackson/jackson-xc/1.9.13/jackson-xc-1.9.13.jar:/home/user/.m2/repository/commons-logging/commons-logging/1.1.3/commons-logging-1.1.3.jar:/home/user/.m2/repository/commons-beanutils/commons-beanutils/1.9.3/commons-beanutils-1.9.3.jar:/home/user/.m2/repository/org/apache/commons/commons-configuration2/2.1.1/commons-configuration2-2.1.1.jar:/home/user/.m2/repository/org/apache/commons/commons-lang3/3.7/commons-lang3-3.7.jar:/home/user/.m2/repository/org/apache/commons/commons-text/1.4/commons-text-1.4.jar:/home/user/.m2/repository/org/apache/avro/avro/1.7.7/avro-1.7.7.jar:/home/user/.m2/repository/com/thoughtworks/paranamer/paranamer/2.3/paranamer-2.3.jar:/home/user/.m2/repository/org/xerial/snappy/snappy-java/1.0.5/snappy-java-1.0.5.jar:/home/user/.m2/repository/com/google/re2j/re2j/1.1/re2j-1.1.jar:/home/user/.m2/repository/com/google/code/gson/gson/2.2.4/gson-2.2.4.jar:/home/user/.m2/repository/com/jcraft/jsch/0.1.54/jsch-0.1.54.jar:/home/user/.m2/repository/org/apache/curator/curator-client/2.12.0/curator-client-2.12.0.jar:/home/user/.m2/repository/org/apache/curator/curator-recipes/2.12.0/curator-recipes-2.12.0.jar:/home/user/.m2/repository/com/google/code/findbugs/jsr305/3.0.0/jsr305-3.0.0.jar:/home/user/.m2/repository/org/apache/htrace/htrace-core4/4.1.0-incubating/htrace-core4-4.1.0-incubating.jar:/home/user/.m2/repository/org/apache/zookeeper/zookeeper/3.4.13/zookeeper-3.4.13.jar:/home/user/.m2/repository/org/apache/yetus/audience-annotations/0.5.0/audience-annotations-0.5.0.jar:/home/user/.m2/repository/org/codehaus/woodstox/stax2-api/3.1.4/stax2-api-3.1.4.jar:/home/user/.m2/repository/com/fasterxml/woodstox/woodstox-core/5.0.3/woodstox-core-5.0.3.jar:/home/user/.m2/repository/dnsjava/dnsjava/2.1.7/dnsjava-2.1.7.jar:/home/user/.m2/repository/org/apache/hadoop/hadoop-hdfs/3.2.0/hadoop-hdfs-3.2.0-tests.jar:/home/user/.m2/repository/org/eclipse/jetty/jetty-util-ajax/9.3.24.v20180605/jetty-util-ajax-9.3.24.v20180605.jar:/home/user/.m2/repository/commons-daemon/commons-daemon/1.0.13/commons-daemon-1.0.13.jar:/home/user/.m2/repository/io/netty/netty/3.10.5.Final/netty-3.10.5.Final.jar:/home/user/.m2/repository/io/netty/netty-all/4.0.52.Final/netty-all-4.0.52.Final.jar:/home/user/.m2/repository/org/fusesource/leveldbjni/leveldbjni-all/1.8/leveldbjni-all-1.8.jar:"/>
    <property name="sun.cpu.endian" value="little"/>
    <property name="user.home" value="/home/user"/>
    <property name="user.language" value="en"/>
    <property name="java.specification.vendor" value="Oracle Corporation"/>
    <property name="java.home" value="/usr/lib/jvm/java-1.8-openjdk/jre"/>
    <property name="java.security.krb5.conf" value="/workdir/hadoop-ozone/integration-test/target/test-classes/krb5.conf"/>
    <property name="basedir" value="/workdir/hadoop-ozone/integration-test"/>
    <property name="file.separator" value="/"/>
    <property name="line.separator" value="&#10;"/>
    <property name="java.vm.specification.vendor" value="Oracle Corporation"/>
    <property name="java.specification.name" value="Java Platform API Specification"/>
    <property name="java.awt.graphicsenv" value="sun.awt.X11GraphicsEnvironment"/>
    <property name="surefire.real.class.path" value="/workdir/hadoop-ozone/integration-test/target/surefire/surefirebooter74733907634477944.jar"/>
    <property name="hadoop.log.dir" value="/workdir/hadoop-ozone/integration-test/target/log"/>
    <property name="sun.boot.class.path" value="/usr/lib/jvm/java-1.8-openjdk/jre/lib/resources.jar:/usr/lib/jvm/java-1.8-openjdk/jre/lib/rt.jar:/usr/lib/jvm/java-1.8-openjdk/jre/lib/sunrsasign.jar:/usr/lib/jvm/java-1.8-openjdk/jre/lib/jsse.jar:/usr/lib/jvm/java-1.8-openjdk/jre/lib/jce.jar:/usr/lib/jvm/java-1.8-openjdk/jre/lib/charsets.jar:/usr/lib/jvm/java-1.8-openjdk/jre/lib/jfr.jar:/usr/lib/jvm/java-1.8-openjdk/jre/classes"/>
    <property name="sun.management.compiler" value="HotSpot 64-Bit Tiered Compilers"/>
    <property name="java.runtime.version" value="1.8.0_212-b04"/>
    <property name="java.net.preferIPv4Stack" value="true"/>
    <property name="user.name" value="jenkins1000"/>
    <property name="path.separator" value=":"/>
    <property name="java.security.egd" value="file:///dev/urandom"/>
    <property name="os.version" value="3.10.0-957.12.2.el7.x86_64"/>
    <property name="java.endorsed.dirs" value="/usr/lib/jvm/java-1.8-openjdk/jre/lib/endorsed"/>
    <property name="java.runtime.name" value="OpenJDK Runtime Environment"/>
    <property name="file.encoding" value="UTF-8"/>
    <property name="java.vm.name" value="OpenJDK 64-Bit Server VM"/>
    <property name="test.build.webapps" value=""/>
    <property name="localRepository" value="/home/user/.m2/repository"/>
    <property name="java.vendor.url.bug" value="https://icedtea.classpath.org/bugzilla"/>
    <property name="java.io.tmpdir" value="/tmp"/>
    <property name="require.test.libhadoop" value=""/>
    <property name="java.version" value="1.8.0_212"/>
    <property name="user.dir" value="/workdir/hadoop-ozone/integration-test"/>
    <property name="os.arch" value="amd64"/>
    <property name="java.vm.specification.name" value="Java Virtual Machine Specification"/>
    <property name="test.build.classes" value="/workdir/hadoop-ozone/integration-test/target/test-classes"/>
    <property name="java.awt.printerjob" value="sun.print.PSPrinterJob"/>
    <property name="sun.os.patch.level" value="unknown"/>
    <property name="hadoop.tmp.dir" value="/workdir/hadoop-ozone/integration-test/target/tmp"/>
    <property name="java.library.path" value="/usr/lib/jvm/java-1.8-openjdk/jre/lib/amd64/server:/usr/lib/jvm/java-1.8-openjdk/jre/lib/amd64:/usr/lib/jvm/java-1.8-openjdk/jre/../lib/amd64:/workdir/hadoop-ozone/integration-test/target/native/target/usr/local/lib:/workdir/hadoop-ozone/integration-test/../../hadoop-common-project/hadoop-common/target/native/target/usr/local/lib:/usr/java/packages/lib/amd64:/usr/lib64:/lib64:/lib:/usr/lib"/>
    <property name="java.vm.info" value="mixed mode"/>
    <property name="java.vendor" value="IcedTea"/>
    <property name="java.vm.version" value="25.212-b04"/>
    <property name="java.ext.dirs" value="/usr/lib/jvm/java-1.8-openjdk/jre/lib/ext:/usr/java/packages/lib/ext"/>
    <property name="sun.io.unicode.encoding" value="UnicodeLittle"/>
    <property name="java.class.version" value="52.0"/>
  </properties>
  <testcase name="testReleaseBuffers" classname="org.apache.hadoop.ozone.client.rpc.TestCommitWatcher" time="5.954"/>
  <testcase name="testReleaseBuffersOnException" classname="org.apache.hadoop.ozone.client.rpc.TestCommitWatcher" time="25.171">
    <failure type="java.lang.AssertionError">java.lang.AssertionError
	at org.junit.Assert.fail(Assert.java:86)
	at org.junit.Assert.assertTrue(Assert.java:41)
	at org.junit.Assert.assertTrue(Assert.java:52)
	at org.apache.hadoop.ozone.client.rpc.TestCommitWatcher.testReleaseBuffersOnException(TestCommitWatcher.java:284)
	at sun.reflect.NativeMethodAccessorImpl.invoke0(Native Method)
	at sun.reflect.NativeMethodAccessorImpl.invoke(NativeMethodAccessorImpl.java:62)
	at sun.reflect.DelegatingMethodAccessorImpl.invoke(DelegatingMethodAccessorImpl.java:43)
	at java.lang.reflect.Method.invoke(Method.java:498)
	at org.junit.runners.model.FrameworkMethod$1.runReflectiveCall(FrameworkMethod.java:47)
	at org.junit.internal.runners.model.ReflectiveCallable.run(ReflectiveCallable.java:12)
	at org.junit.runners.model.FrameworkMethod.invokeExplosively(FrameworkMethod.java:44)
	at org.junit.internal.runners.statements.InvokeMethod.evaluate(InvokeMethod.java:17)
	at org.junit.runners.ParentRunner.runLeaf(ParentRunner.java:271)
	at org.junit.runners.BlockJUnit4ClassRunner.runChild(BlockJUnit4ClassRunner.java:70)
	at org.junit.runners.BlockJUnit4ClassRunner.runChild(BlockJUnit4ClassRunner.java:50)
	at org.junit.runners.ParentRunner$3.run(ParentRunner.java:238)
	at org.junit.runners.ParentRunner$1.schedule(ParentRunner.java:63)
	at org.junit.runners.ParentRunner.runChildren(ParentRunner.java:236)
	at org.junit.runners.ParentRunner.access$000(ParentRunner.java:53)
	at org.junit.runners.ParentRunner$2.evaluate(ParentRunner.java:229)
	at org.junit.internal.runners.statements.RunBefores.evaluate(RunBefores.java:26)
	at org.junit.internal.runners.statements.RunAfters.evaluate(RunAfters.java:27)
	at org.junit.runners.ParentRunner.run(ParentRunner.java:309)
	at org.apache.maven.surefire.junit4.JUnit4Provider.execute(JUnit4Provider.java:365)
	at org.apache.maven.surefire.junit4.JUnit4Provider.executeWithRerun(JUnit4Provider.java:273)
	at org.apache.maven.surefire.junit4.JUnit4Provider.executeTestSet(JUnit4Provider.java:238)
	at org.apache.maven.surefire.junit4.JUnit4Provider.invoke(JUnit4Provider.java:159)
	at org.apache.maven.surefire.booter.ForkedBooter.invokeProviderInSameClassLoader(ForkedBooter.java:384)
	at org.apache.maven.surefire.booter.ForkedBooter.runSuitesInProcess(ForkedBooter.java:345)
	at org.apache.maven.surefire.booter.ForkedBooter.execute(ForkedBooter.java:126)
	at org.apache.maven.surefire.booter.ForkedBooter.main(ForkedBooter.java:418)
</failure>
    <system-out><![CDATA[2019-08-23 05:56:01,329 [grpc-default-executor-2] INFO  client.GrpcClientProtocolClient (GrpcClientProtocolClient.java:onNext(255)) - client-6CF7AAEBB919->52c9bf92-1862-498b-807d-bc3bc4e1b962: receive RaftClientReply:client-6CF7AAEBB919->52c9bf92-1862-498b-807d-bc3bc4e1b962@group-3E0393EF33E7, cid=17, FAILED org.apache.ratis.protocol.NotLeaderException: Server 52c9bf92-1862-498b-807d-bc3bc4e1b962 is not the leader (null). Request must be sent to leader., logIndex=0, commits[52c9bf92-1862-498b-807d-bc3bc4e1b962:c-1]
2019-08-23 05:56:01,491 | INFO  | SCMAudit | user=jenkins1000 | ip=192.168.5.178 | op=SEND_HEARTBEAT {datanodeUUID=4c44ac83-1893-4daf-ab37-7fd3faa55fb7, command=[]} | ret=SUCCESS |  
2019-08-23 05:56:01,670 | INFO  | SCMAudit | user=jenkins1000 | ip=192.168.5.178 | op=SEND_HEARTBEAT {datanodeUUID=15e6357e-aea8-47cb-8245-0b395ddeab47, command=[]} | ret=SUCCESS |  
2019-08-23 05:56:01,884 | INFO  | SCMAudit | user=jenkins1000 | ip=192.168.5.178 | op=SEND_HEARTBEAT {datanodeUUID=c966687e-fe56-4544-bb2b-f84b5ed93afe, command=[]} | ret=SUCCESS |  
2019-08-23 05:56:01,999 | INFO  | SCMAudit | user=jenkins1000 | ip=192.168.5.178 | op=SEND_HEARTBEAT {datanodeUUID=24bc3e6b-0511-4266-93ad-79ecc1c5e656, command=[]} | ret=SUCCESS |  
2019-08-23 05:56:02,066 | INFO  | SCMAudit | user=jenkins1000 | ip=192.168.5.178 | op=SEND_HEARTBEAT {datanodeUUID=781bd35e-1b02-4d87-8018-c7fb2dd5a815, command=[]} | ret=SUCCESS |  
2019-08-23 05:56:02,066 | INFO  | SCMAudit | user=jenkins1000 | ip=192.168.5.178 | op=SEND_HEARTBEAT {datanodeUUID=3ae059f1-8014-46a3-b512-c7345dae772c, command=[]} | ret=SUCCESS |  
2019-08-23 05:56:02,083 | INFO  | SCMAudit | user=jenkins1000 | ip=192.168.5.178 | op=SEND_HEARTBEAT {datanodeUUID=52c9bf92-1862-498b-807d-bc3bc4e1b962, command=[]} | ret=SUCCESS |  
2019-08-23 05:56:02,361 [grpc-default-executor-4] INFO  client.GrpcClientProtocolClient (GrpcClientProtocolClient.java:onNext(255)) - client-6CF7AAEBB919->c966687e-fe56-4544-bb2b-f84b5ed93afe: receive RaftClientReply:client-6CF7AAEBB919->c966687e-fe56-4544-bb2b-f84b5ed93afe@group-3E0393EF33E7, cid=17, FAILED org.apache.ratis.protocol.NotLeaderException: Server c966687e-fe56-4544-bb2b-f84b5ed93afe is not the leader (null). Request must be sent to leader., logIndex=0, commits[c966687e-fe56-4544-bb2b-f84b5ed93afe:c-1]
2019-08-23 05:56:02,491 | INFO  | SCMAudit | user=jenkins1000 | ip=192.168.5.178 | op=SEND_HEARTBEAT {datanodeUUID=4c44ac83-1893-4daf-ab37-7fd3faa55fb7, command=[]} | ret=SUCCESS |  
2019-08-23 05:56:02,670 | INFO  | SCMAudit | user=jenkins1000 | ip=192.168.5.178 | op=SEND_HEARTBEAT {datanodeUUID=15e6357e-aea8-47cb-8245-0b395ddeab47, command=[]} | ret=SUCCESS |  
2019-08-23 05:56:02,884 | INFO  | SCMAudit | user=jenkins1000 | ip=192.168.5.178 | op=SEND_HEARTBEAT {datanodeUUID=c966687e-fe56-4544-bb2b-f84b5ed93afe, command=[]} | ret=SUCCESS |  
2019-08-23 05:56:02,999 | INFO  | SCMAudit | user=jenkins1000 | ip=192.168.5.178 | op=SEND_HEARTBEAT {datanodeUUID=24bc3e6b-0511-4266-93ad-79ecc1c5e656, command=[]} | ret=SUCCESS |  
2019-08-23 05:56:03,065 | INFO  | SCMAudit | user=jenkins1000 | ip=192.168.5.178 | op=SEND_HEARTBEAT {datanodeUUID=3ae059f1-8014-46a3-b512-c7345dae772c, command=[]} | ret=SUCCESS |  
2019-08-23 05:56:03,065 | INFO  | SCMAudit | user=jenkins1000 | ip=192.168.5.178 | op=SEND_HEARTBEAT {datanodeUUID=781bd35e-1b02-4d87-8018-c7fb2dd5a815, command=[]} | ret=SUCCESS |  
2019-08-23 05:56:03,083 | INFO  | SCMAudit | user=jenkins1000 | ip=192.168.5.178 | op=SEND_HEARTBEAT {datanodeUUID=52c9bf92-1862-498b-807d-bc3bc4e1b962, command=[]} | ret=SUCCESS |  
2019-08-23 05:56:03,391 [grpc-default-executor-3] INFO  client.GrpcClientProtocolClient (GrpcClientProtocolClient.java:onNext(255)) - client-6CF7AAEBB919->52c9bf92-1862-498b-807d-bc3bc4e1b962: receive RaftClientReply:client-6CF7AAEBB919->52c9bf92-1862-498b-807d-bc3bc4e1b962@group-3E0393EF33E7, cid=17, FAILED org.apache.ratis.protocol.NotLeaderException: Server 52c9bf92-1862-498b-807d-bc3bc4e1b962 is not the leader (null). Request must be sent to leader., logIndex=0, commits[52c9bf92-1862-498b-807d-bc3bc4e1b962:c-1]
2019-08-23 05:56:03,491 | INFO  | SCMAudit | user=jenkins1000 | ip=192.168.5.178 | op=SEND_HEARTBEAT {datanodeUUID=4c44ac83-1893-4daf-ab37-7fd3faa55fb7, command=[]} | ret=SUCCESS |  
2019-08-23 05:56:03,670 | INFO  | SCMAudit | user=jenkins1000 | ip=192.168.5.178 | op=SEND_HEARTBEAT {datanodeUUID=15e6357e-aea8-47cb-8245-0b395ddeab47, command=[]} | ret=SUCCESS |  
2019-08-23 05:56:03,884 | INFO  | SCMAudit | user=jenkins1000 | ip=192.168.5.178 | op=SEND_HEARTBEAT {datanodeUUID=c966687e-fe56-4544-bb2b-f84b5ed93afe, command=[]} | ret=SUCCESS |  
2019-08-23 05:56:03,999 | INFO  | SCMAudit | user=jenkins1000 | ip=192.168.5.178 | op=SEND_HEARTBEAT {datanodeUUID=24bc3e6b-0511-4266-93ad-79ecc1c5e656, command=[]} | ret=SUCCESS |  
2019-08-23 05:56:04,066 | INFO  | SCMAudit | user=jenkins1000 | ip=192.168.5.178 | op=SEND_HEARTBEAT {datanodeUUID=3ae059f1-8014-46a3-b512-c7345dae772c, command=[]} | ret=SUCCESS |  
2019-08-23 05:56:04,066 | INFO  | SCMAudit | user=jenkins1000 | ip=192.168.5.178 | op=SEND_HEARTBEAT {datanodeUUID=781bd35e-1b02-4d87-8018-c7fb2dd5a815, command=[]} | ret=SUCCESS |  
2019-08-23 05:56:04,083 | INFO  | SCMAudit | user=jenkins1000 | ip=192.168.5.178 | op=SEND_HEARTBEAT {datanodeUUID=52c9bf92-1862-498b-807d-bc3bc4e1b962, command=[]} | ret=SUCCESS |  
2019-08-23 05:56:04,428 [grpc-default-executor-2] INFO  client.GrpcClientProtocolClient (GrpcClientProtocolClient.java:onNext(255)) - client-6CF7AAEBB919->c966687e-fe56-4544-bb2b-f84b5ed93afe: receive RaftClientReply:client-6CF7AAEBB919->c966687e-fe56-4544-bb2b-f84b5ed93afe@group-3E0393EF33E7, cid=17, FAILED org.apache.ratis.protocol.NotLeaderException: Server c966687e-fe56-4544-bb2b-f84b5ed93afe is not the leader (null). Request must be sent to leader., logIndex=0, commits[c966687e-fe56-4544-bb2b-f84b5ed93afe:c-1]
2019-08-23 05:56:04,491 | INFO  | SCMAudit | user=jenkins1000 | ip=192.168.5.178 | op=SEND_HEARTBEAT {datanodeUUID=4c44ac83-1893-4daf-ab37-7fd3faa55fb7, command=[]} | ret=SUCCESS |  
2019-08-23 05:56:04,670 | INFO  | SCMAudit | user=jenkins1000 | ip=192.168.5.178 | op=SEND_HEARTBEAT {datanodeUUID=15e6357e-aea8-47cb-8245-0b395ddeab47, command=[]} | ret=SUCCESS |  
2019-08-23 05:56:04,882 [Thread-333] INFO  impl.FollowerState (FollowerState.java:run(106)) - 4c44ac83-1893-4daf-ab37-7fd3faa55fb7:group-3E0393EF33E7 changes to CANDIDATE, lastRpcTime:5049, electionTimeout:5047ms
2019-08-23 05:56:04,886 [Thread-333] INFO  impl.RoleInfo (RoleInfo.java:shutdownFollowerState(121)) - 4c44ac83-1893-4daf-ab37-7fd3faa55fb7: shutdown FollowerState
2019-08-23 05:56:04,886 [Thread-333] INFO  impl.RaftServerImpl (RaftServerImpl.java:setRole(171)) - 4c44ac83-1893-4daf-ab37-7fd3faa55fb7:group-3E0393EF33E7 changes role from FOLLOWER to CANDIDATE at term 1 for changeToCandidate
2019-08-23 05:56:04,886 [Thread-333] INFO  impl.RoleInfo (RoleInfo.java:updateAndGet(143)) - 4c44ac83-1893-4daf-ab37-7fd3faa55fb7: start LeaderElection
2019-08-23 05:56:04,890 | INFO  | SCMAudit | user=jenkins1000 | ip=192.168.5.178 | op=SEND_HEARTBEAT {datanodeUUID=c966687e-fe56-4544-bb2b-f84b5ed93afe, command=[]} | ret=SUCCESS |  
2019-08-23 05:56:04,895 [4c44ac83-1893-4daf-ab37-7fd3faa55fb7:group-3E0393EF33E7:LeaderElection13] INFO  impl.LeaderElection (LeaderElection.java:askForVotes(181)) - 4c44ac83-1893-4daf-ab37-7fd3faa55fb7:group-3E0393EF33E7:LeaderElection13: begin an election at term 2 for -1: [4c44ac83-1893-4daf-ab37-7fd3faa55fb7:192.168.5.178:37781, 52c9bf92-1862-498b-807d-bc3bc4e1b962:192.168.5.178:36600, c966687e-fe56-4544-bb2b-f84b5ed93afe:192.168.5.178:36588], old=null
2019-08-23 05:56:04,905 [Thread-332] INFO  impl.FollowerState (FollowerState.java:run(106)) - 52c9bf92-1862-498b-807d-bc3bc4e1b962:group-3E0393EF33E7 changes to CANDIDATE, lastRpcTime:5081, electionTimeout:5077ms
2019-08-23 05:56:04,905 [Thread-332] INFO  impl.RoleInfo (RoleInfo.java:shutdownFollowerState(121)) - 52c9bf92-1862-498b-807d-bc3bc4e1b962: shutdown FollowerState
2019-08-23 05:56:04,905 [Thread-332] INFO  impl.RaftServerImpl (RaftServerImpl.java:setRole(171)) - 52c9bf92-1862-498b-807d-bc3bc4e1b962:group-3E0393EF33E7 changes role from FOLLOWER to CANDIDATE at term 1 for changeToCandidate
2019-08-23 05:56:04,905 [grpc-default-executor-2] INFO  impl.RaftServerImpl (RaftServerImpl.java:setRole(171)) - c966687e-fe56-4544-bb2b-f84b5ed93afe:group-3E0393EF33E7 changes role from FOLLOWER to FOLLOWER at term 2 for recognizeCandidate:4c44ac83-1893-4daf-ab37-7fd3faa55fb7
2019-08-23 05:56:04,905 [Thread-332] INFO  impl.RoleInfo (RoleInfo.java:updateAndGet(143)) - 52c9bf92-1862-498b-807d-bc3bc4e1b962: start LeaderElection
2019-08-23 05:56:04,905 [grpc-default-executor-2] INFO  impl.RoleInfo (RoleInfo.java:shutdownFollowerState(121)) - c966687e-fe56-4544-bb2b-f84b5ed93afe: shutdown FollowerState
2019-08-23 05:56:04,907 [grpc-default-executor-3] INFO  impl.RaftServerImpl (RaftServerImpl.java:setRole(171)) - 52c9bf92-1862-498b-807d-bc3bc4e1b962:group-3E0393EF33E7 changes role from CANDIDATE to FOLLOWER at term 2 for recognizeCandidate:4c44ac83-1893-4daf-ab37-7fd3faa55fb7
2019-08-23 05:56:04,907 [grpc-default-executor-2] INFO  impl.RoleInfo (RoleInfo.java:updateAndGet(143)) - c966687e-fe56-4544-bb2b-f84b5ed93afe: start FollowerState
2019-08-23 05:56:04,908 [Thread-336] INFO  impl.FollowerState (FollowerState.java:run(114)) - c966687e-fe56-4544-bb2b-f84b5ed93afe: FollowerState was interrupted: java.lang.InterruptedException: sleep interrupted
2019-08-23 05:56:04,908 [grpc-default-executor-3] INFO  impl.RoleInfo (RoleInfo.java:shutdownLeaderElection(134)) - 52c9bf92-1862-498b-807d-bc3bc4e1b962: shutdown LeaderElection
2019-08-23 05:56:04,910 [grpc-default-executor-3] INFO  impl.RoleInfo (RoleInfo.java:updateAndGet(143)) - 52c9bf92-1862-498b-807d-bc3bc4e1b962: start FollowerState
2019-08-23 05:56:04,929 [4c44ac83-1893-4daf-ab37-7fd3faa55fb7:group-3E0393EF33E7:LeaderElection13] INFO  impl.LeaderElection (LeaderElection.java:logAndReturn(56)) - 4c44ac83-1893-4daf-ab37-7fd3faa55fb7:group-3E0393EF33E7:LeaderElection13: Election PASSED; received 1 response(s) [4c44ac83-1893-4daf-ab37-7fd3faa55fb7<-c966687e-fe56-4544-bb2b-f84b5ed93afe#0:OK-t2] and 0 exception(s); 4c44ac83-1893-4daf-ab37-7fd3faa55fb7:t2, leader=null, voted=4c44ac83-1893-4daf-ab37-7fd3faa55fb7, raftlog=4c44ac83-1893-4daf-ab37-7fd3faa55fb7-SegmentedRaftLog:OPENED:c-1,f-1,i0, conf=-1: [4c44ac83-1893-4daf-ab37-7fd3faa55fb7:192.168.5.178:37781, 52c9bf92-1862-498b-807d-bc3bc4e1b962:192.168.5.178:36600, c966687e-fe56-4544-bb2b-f84b5ed93afe:192.168.5.178:36588], old=null
2019-08-23 05:56:04,929 [4c44ac83-1893-4daf-ab37-7fd3faa55fb7:group-3E0393EF33E7:LeaderElection13] INFO  impl.RoleInfo (RoleInfo.java:shutdownLeaderElection(134)) - 4c44ac83-1893-4daf-ab37-7fd3faa55fb7: shutdown LeaderElection
2019-08-23 05:56:04,932 [4c44ac83-1893-4daf-ab37-7fd3faa55fb7:group-3E0393EF33E7:LeaderElection13] INFO  impl.RaftServerImpl (RaftServerImpl.java:setRole(171)) - 4c44ac83-1893-4daf-ab37-7fd3faa55fb7:group-3E0393EF33E7 changes role from CANDIDATE to LEADER at term 2 for changeToLeader
2019-08-23 05:56:04,932 [4c44ac83-1893-4daf-ab37-7fd3faa55fb7:group-3E0393EF33E7:LeaderElection13] INFO  impl.RaftServerImpl (ServerState.java:setLeader(263)) - 4c44ac83-1893-4daf-ab37-7fd3faa55fb7:group-3E0393EF33E7 change Leader from null to 4c44ac83-1893-4daf-ab37-7fd3faa55fb7 at term 2 for becomeLeader, leader elected after 10273ms
2019-08-23 05:56:04,932 [4c44ac83-1893-4daf-ab37-7fd3faa55fb7:group-3E0393EF33E7:LeaderElection13] INFO  server.RaftServerConfigKeys (ConfUtils.java:logGet(43)) - raft.server.staging.catchup.gap = 1000 (default)
2019-08-23 05:56:04,932 [4c44ac83-1893-4daf-ab37-7fd3faa55fb7:group-3E0393EF33E7:LeaderElection13] INFO  server.RaftServerConfigKeys (ConfUtils.java:logGet(43)) - raft.server.rpc.sleep.time = 25ms (default)
2019-08-23 05:56:04,933 [4c44ac83-1893-4daf-ab37-7fd3faa55fb7:group-3E0393EF33E7:LeaderElection13] INFO  server.RaftServerConfigKeys (ConfUtils.java:logGet(43)) - raft.server.write.element-limit = 4096 (default)
2019-08-23 05:56:04,933 [4c44ac83-1893-4daf-ab37-7fd3faa55fb7:group-3E0393EF33E7:LeaderElection13] INFO  server.RaftServerConfigKeys (ConfUtils.java:logGet(43)) - raft.server.watch.timeout = 10s (default)
2019-08-23 05:56:04,933 [4c44ac83-1893-4daf-ab37-7fd3faa55fb7:group-3E0393EF33E7:LeaderElection13] INFO  server.RaftServerConfigKeys (ConfUtils.java:logGet(43)) - raft.server.watch.timeout.denomination = 1s (default)
2019-08-23 05:56:04,933 [4c44ac83-1893-4daf-ab37-7fd3faa55fb7:group-3E0393EF33E7:LeaderElection13] INFO  server.RaftServerConfigKeys (ConfUtils.java:logGet(43)) - raft.server.watch.element-limit = 65536 (default)
2019-08-23 05:56:04,934 [4c44ac83-1893-4daf-ab37-7fd3faa55fb7:group-3E0393EF33E7:LeaderElection13] INFO  server.RaftServerConfigKeys (ConfUtils.java:logGet(43)) - raft.server.log.appender.snapshot.chunk.size.max = 16MB (=16777216) (default)
2019-08-23 05:56:04,934 [4c44ac83-1893-4daf-ab37-7fd3faa55fb7:group-3E0393EF33E7:LeaderElection13] INFO  server.RaftServerConfigKeys (ConfUtils.java:logGet(43)) - raft.server.log.appender.buffer.byte-limit = 33554432 (custom)
2019-08-23 05:56:04,934 [4c44ac83-1893-4daf-ab37-7fd3faa55fb7:group-3E0393EF33E7:LeaderElection13] INFO  server.RaftServerConfigKeys (ConfUtils.java:logGet(43)) - raft.server.log.appender.buffer.element-limit = 1 (custom)
2019-08-23 05:56:04,935 [4c44ac83-1893-4daf-ab37-7fd3faa55fb7:group-3E0393EF33E7:LeaderElection13] INFO  grpc.GrpcConfigKeys$Server (ConfUtils.java:logGet(43)) - raft.grpc.server.leader.outstanding.appends.max = 128 (default)
2019-08-23 05:56:04,935 [4c44ac83-1893-4daf-ab37-7fd3faa55fb7:group-3E0393EF33E7:LeaderElection13] INFO  server.RaftServerConfigKeys (ConfUtils.java:logGet(43)) - raft.server.rpc.request.timeout = 3000ms (default)
2019-08-23 05:56:04,935 [4c44ac83-1893-4daf-ab37-7fd3faa55fb7:group-3E0393EF33E7:LeaderElection13] INFO  server.RaftServerConfigKeys (ConfUtils.java:logGet(43)) - raft.server.log.appender.install.snapshot.enabled = false (custom)
2019-08-23 05:56:04,935 [4c44ac83-1893-4daf-ab37-7fd3faa55fb7:group-3E0393EF33E7:LeaderElection13] INFO  server.RaftServerConfigKeys (ConfUtils.java:logGet(43)) - raft.server.log.appender.snapshot.chunk.size.max = 16MB (=16777216) (default)
2019-08-23 05:56:04,936 [4c44ac83-1893-4daf-ab37-7fd3faa55fb7:group-3E0393EF33E7:LeaderElection13] INFO  server.RaftServerConfigKeys (ConfUtils.java:logGet(43)) - raft.server.log.appender.buffer.byte-limit = 33554432 (custom)
2019-08-23 05:56:04,936 [4c44ac83-1893-4daf-ab37-7fd3faa55fb7:group-3E0393EF33E7:LeaderElection13] INFO  server.RaftServerConfigKeys (ConfUtils.java:logGet(43)) - raft.server.log.appender.buffer.element-limit = 1 (custom)
2019-08-23 05:56:04,936 [4c44ac83-1893-4daf-ab37-7fd3faa55fb7:group-3E0393EF33E7:LeaderElection13] INFO  grpc.GrpcConfigKeys$Server (ConfUtils.java:logGet(43)) - raft.grpc.server.leader.outstanding.appends.max = 128 (default)
2019-08-23 05:56:04,936 [4c44ac83-1893-4daf-ab37-7fd3faa55fb7:group-3E0393EF33E7:LeaderElection13] INFO  server.RaftServerConfigKeys (ConfUtils.java:logGet(43)) - raft.server.rpc.request.timeout = 3000ms (default)
2019-08-23 05:56:04,937 [4c44ac83-1893-4daf-ab37-7fd3faa55fb7:group-3E0393EF33E7:LeaderElection13] INFO  server.RaftServerConfigKeys (ConfUtils.java:logGet(43)) - raft.server.log.appender.install.snapshot.enabled = false (custom)
2019-08-23 05:56:04,937 [4c44ac83-1893-4daf-ab37-7fd3faa55fb7:group-3E0393EF33E7:LeaderElection13] INFO  impl.RoleInfo (RoleInfo.java:updateAndGet(143)) - 4c44ac83-1893-4daf-ab37-7fd3faa55fb7: start LeaderState
2019-08-23 05:56:04,937 [4c44ac83-1893-4daf-ab37-7fd3faa55fb7:group-3E0393EF33E7:LeaderElection13] INFO  segmented.SegmentedRaftLogWorker (SegmentedRaftLogWorker.java:startLogSegment(380)) - 4c44ac83-1893-4daf-ab37-7fd3faa55fb7-SegmentedRaftLogWorker:Storage Directory /workdir/hadoop-ozone/integration-test/target/test-dir/MiniOzoneClusterImpl-6bd9aaed-b35d-4149-931a-ccebc4c13966/datanode-3/data/ratis/9ee9e600-5c15-4e6e-9846-3e0393ef33e7: Starting segment from index:0
2019-08-23 05:56:04,938 [52c9bf92-1862-498b-807d-bc3bc4e1b962:group-3E0393EF33E7:LeaderElection14] INFO  impl.LeaderElection (LeaderElection.java:askForVotes(181)) - 52c9bf92-1862-498b-807d-bc3bc4e1b962:group-3E0393EF33E7:LeaderElection14: begin an election at term 3 for -1: [4c44ac83-1893-4daf-ab37-7fd3faa55fb7:192.168.5.178:37781, 52c9bf92-1862-498b-807d-bc3bc4e1b962:192.168.5.178:36600, c966687e-fe56-4544-bb2b-f84b5ed93afe:192.168.5.178:36588], old=null
2019-08-23 05:56:04,941 [4c44ac83-1893-4daf-ab37-7fd3faa55fb7:group-3E0393EF33E7:LeaderElection13] INFO  impl.RaftServerImpl (ServerState.java:setRaftConf(361)) - 4c44ac83-1893-4daf-ab37-7fd3faa55fb7:group-3E0393EF33E7 set configuration 0: [4c44ac83-1893-4daf-ab37-7fd3faa55fb7:192.168.5.178:37781, 52c9bf92-1862-498b-807d-bc3bc4e1b962:192.168.5.178:36600, c966687e-fe56-4544-bb2b-f84b5ed93afe:192.168.5.178:36588], old=null at 0
2019-08-23 05:56:04,976 [52c9bf92-1862-498b-807d-bc3bc4e1b962:group-3E0393EF33E7:LeaderElection14] INFO  impl.LeaderElection (LeaderElection.java:logAndReturn(56)) - 52c9bf92-1862-498b-807d-bc3bc4e1b962:group-3E0393EF33E7:LeaderElection14: Election REJECTED; received 0 response(s) [] and 0 exception(s); 52c9bf92-1862-498b-807d-bc3bc4e1b962:t3, leader=null, voted=52c9bf92-1862-498b-807d-bc3bc4e1b962, raftlog=52c9bf92-1862-498b-807d-bc3bc4e1b962-SegmentedRaftLog:OPENED:c-1,f-1,i0, conf=-1: [4c44ac83-1893-4daf-ab37-7fd3faa55fb7:192.168.5.178:37781, 52c9bf92-1862-498b-807d-bc3bc4e1b962:192.168.5.178:36600, c966687e-fe56-4544-bb2b-f84b5ed93afe:192.168.5.178:36588], old=null
2019-08-23 05:56:04,981 [grpc-default-executor-3] INFO  impl.RaftServerImpl (ServerState.java:setLeader(263)) - c966687e-fe56-4544-bb2b-f84b5ed93afe:group-3E0393EF33E7 change Leader from null to 4c44ac83-1893-4daf-ab37-7fd3faa55fb7 at term 2 for appendEntries, leader elected after 10323ms
2019-08-23 05:56:04,985 [grpc-default-executor-3] INFO  impl.RaftServerImpl (ServerState.java:setLeader(263)) - c966687e-fe56-4544-bb2b-f84b5ed93afe:group-3E0393EF33E7 change Leader from 4c44ac83-1893-4daf-ab37-7fd3faa55fb7 to null at term 3 for updateCurrentTerm
2019-08-23 05:56:04,985 [4c44ac83-1893-4daf-ab37-7fd3faa55fb7-SegmentedRaftLogWorker:Storage Directory /workdir/hadoop-ozone/integration-test/target/test-dir/MiniOzoneClusterImpl-6bd9aaed-b35d-4149-931a-ccebc4c13966/datanode-3/data/ratis/9ee9e600-5c15-4e6e-9846-3e0393ef33e7] INFO  segmented.SegmentedRaftLogWorker (SegmentedRaftLogWorker.java:execute(569)) - 4c44ac83-1893-4daf-ab37-7fd3faa55fb7-SegmentedRaftLogWorker:Storage Directory /workdir/hadoop-ozone/integration-test/target/test-dir/MiniOzoneClusterImpl-6bd9aaed-b35d-4149-931a-ccebc4c13966/datanode-3/data/ratis/9ee9e600-5c15-4e6e-9846-3e0393ef33e7: created new log segment /workdir/hadoop-ozone/integration-test/target/test-dir/MiniOzoneClusterImpl-6bd9aaed-b35d-4149-931a-ccebc4c13966/datanode-3/data/ratis/9ee9e600-5c15-4e6e-9846-3e0393ef33e7/current/log_inprogress_0
2019-08-23 05:56:04,985 [grpc-default-executor-3] INFO  impl.RaftServerImpl (RaftServerImpl.java:setRole(171)) - c966687e-fe56-4544-bb2b-f84b5ed93afe:group-3E0393EF33E7 changes role from FOLLOWER to FOLLOWER at term 3 for recognizeCandidate:52c9bf92-1862-498b-807d-bc3bc4e1b962
2019-08-23 05:56:04,998 [grpc-default-executor-3] INFO  impl.RoleInfo (RoleInfo.java:shutdownFollowerState(121)) - c966687e-fe56-4544-bb2b-f84b5ed93afe: shutdown FollowerState
2019-08-23 05:56:05,001 [grpc-default-executor-2] INFO  impl.RaftServerImpl (ServerState.java:setLeader(263)) - 4c44ac83-1893-4daf-ab37-7fd3faa55fb7:group-3E0393EF33E7 change Leader from 4c44ac83-1893-4daf-ab37-7fd3faa55fb7 to null at term 3 for updateCurrentTerm
2019-08-23 05:56:05,001 [Thread-387] INFO  impl.FollowerState (FollowerState.java:run(114)) - c966687e-fe56-4544-bb2b-f84b5ed93afe: FollowerState was interrupted: java.lang.InterruptedException: sleep interrupted
2019-08-23 05:56:05,001 [grpc-default-executor-3] INFO  impl.RoleInfo (RoleInfo.java:updateAndGet(143)) - c966687e-fe56-4544-bb2b-f84b5ed93afe: start FollowerState
2019-08-23 05:56:05,001 [grpc-default-executor-2] INFO  impl.RaftServerImpl (RaftServerImpl.java:setRole(171)) - 4c44ac83-1893-4daf-ab37-7fd3faa55fb7:group-3E0393EF33E7 changes role from LEADER to FOLLOWER at term 3 for recognizeCandidate:52c9bf92-1862-498b-807d-bc3bc4e1b962
2019-08-23 05:56:05,004 [grpc-default-executor-2] INFO  impl.RoleInfo (RoleInfo.java:shutdownLeaderState(104)) - 4c44ac83-1893-4daf-ab37-7fd3faa55fb7: shutdown LeaderState
2019-08-23 05:56:05,004 | INFO  | SCMAudit | user=jenkins1000 | ip=192.168.5.178 | op=SEND_HEARTBEAT {datanodeUUID=24bc3e6b-0511-4266-93ad-79ecc1c5e656, command=[]} | ret=SUCCESS |  
2019-08-23 05:56:05,008 [org.apache.ratis.server.impl.LogAppender$AppenderDaemon$$Lambda$439/1144866001@1d2f1230] WARN  server.GrpcLogAppender (GrpcLogAppender.java:mayWait(143)) - GrpcLogAppender(4c44ac83-1893-4daf-ab37-7fd3faa55fb7->c966687e-fe56-4544-bb2b-f84b5ed93afe): Wait interrupted by java.lang.InterruptedException
2019-08-23 05:56:05,008 [org.apache.ratis.server.impl.LogAppender$AppenderDaemon$$Lambda$439/1144866001@582d8751] WARN  server.GrpcLogAppender (GrpcLogAppender.java:mayWait(143)) - GrpcLogAppender(4c44ac83-1893-4daf-ab37-7fd3faa55fb7->52c9bf92-1862-498b-807d-bc3bc4e1b962): Wait interrupted by java.lang.InterruptedException
2019-08-23 05:56:05,015 [grpc-default-executor-2] INFO  impl.PendingRequests (PendingRequests.java:sendNotLeaderResponses(202)) - 4c44ac83-1893-4daf-ab37-7fd3faa55fb7-PendingRequests: sendNotLeaderResponses
2019-08-23 05:56:05,018 [grpc-default-executor-0] INFO  server.GrpcServerProtocolService (GrpcServerProtocolService.java:onCompleted(104)) - 52c9bf92-1862-498b-807d-bc3bc4e1b962: appendEntries completed
2019-08-23 05:56:05,018 [grpc-default-executor-3] INFO  server.GrpcServerProtocolService (GrpcServerProtocolService.java:onCompleted(104)) - c966687e-fe56-4544-bb2b-f84b5ed93afe: appendEntries completed
2019-08-23 05:56:05,024 [grpc-default-executor-2] INFO  impl.RoleInfo (RoleInfo.java:updateAndGet(143)) - 4c44ac83-1893-4daf-ab37-7fd3faa55fb7: start FollowerState
2019-08-23 05:56:05,038 [grpc-default-executor-0] INFO  server.GrpcLogAppender (GrpcLogAppender.java:onCompleted(292)) - 4c44ac83-1893-4daf-ab37-7fd3faa55fb7->c966687e-fe56-4544-bb2b-f84b5ed93afe: follower responses appendEntries COMPLETED
2019-08-23 05:56:05,038 [grpc-default-executor-4] INFO  server.GrpcLogAppender (GrpcLogAppender.java:onCompleted(292)) - 4c44ac83-1893-4daf-ab37-7fd3faa55fb7->52c9bf92-1862-498b-807d-bc3bc4e1b962: follower responses appendEntries COMPLETED
2019-08-23 05:56:05,044 [grpc-default-executor-0] INFO  impl.FollowerInfo (FollowerInfo.java:lambda$new$0(50)) - 4c44ac83-1893-4daf-ab37-7fd3faa55fb7->c966687e-fe56-4544-bb2b-f84b5ed93afe: nextIndex: updateUnconditionally 1 -> 0
2019-08-23 05:56:05,044 [grpc-default-executor-4] INFO  impl.FollowerInfo (FollowerInfo.java:lambda$new$0(50)) - 4c44ac83-1893-4daf-ab37-7fd3faa55fb7->52c9bf92-1862-498b-807d-bc3bc4e1b962: nextIndex: updateUnconditionally 0 -> 0
2019-08-23 05:56:05,066 | INFO  | SCMAudit | user=jenkins1000 | ip=192.168.5.178 | op=SEND_HEARTBEAT {datanodeUUID=781bd35e-1b02-4d87-8018-c7fb2dd5a815, command=[]} | ret=SUCCESS |  
2019-08-23 05:56:05,066 | INFO  | SCMAudit | user=jenkins1000 | ip=192.168.5.178 | op=SEND_HEARTBEAT {datanodeUUID=3ae059f1-8014-46a3-b512-c7345dae772c, command=[]} | ret=SUCCESS |  
2019-08-23 05:56:05,083 | INFO  | SCMAudit | user=jenkins1000 | ip=192.168.5.178 | op=SEND_HEARTBEAT {datanodeUUID=52c9bf92-1862-498b-807d-bc3bc4e1b962, command=[]} | ret=SUCCESS |  
2019-08-23 05:56:05,465 [grpc-default-executor-0] INFO  client.GrpcClientProtocolClient (GrpcClientProtocolClient.java:onNext(255)) - client-6CF7AAEBB919->4c44ac83-1893-4daf-ab37-7fd3faa55fb7: receive RaftClientReply:client-6CF7AAEBB919->4c44ac83-1893-4daf-ab37-7fd3faa55fb7@group-3E0393EF33E7, cid=17, FAILED org.apache.ratis.protocol.NotLeaderException: Server 4c44ac83-1893-4daf-ab37-7fd3faa55fb7 is not the leader (null). Request must be sent to leader., logIndex=0, commits[4c44ac83-1893-4daf-ab37-7fd3faa55fb7:c-1, 52c9bf92-1862-498b-807d-bc3bc4e1b962:c-1, c966687e-fe56-4544-bb2b-f84b5ed93afe:c-1]
2019-08-23 05:56:05,491 | INFO  | SCMAudit | user=jenkins1000 | ip=192.168.5.178 | op=SEND_HEARTBEAT {datanodeUUID=4c44ac83-1893-4daf-ab37-7fd3faa55fb7, command=[]} | ret=SUCCESS |  
2019-08-23 05:56:05,669 | INFO  | SCMAudit | user=jenkins1000 | ip=192.168.5.178 | op=SEND_HEARTBEAT {datanodeUUID=15e6357e-aea8-47cb-8245-0b395ddeab47, command=[]} | ret=SUCCESS |  
2019-08-23 05:56:05,887 | INFO  | SCMAudit | user=jenkins1000 | ip=192.168.5.178 | op=SEND_HEARTBEAT {datanodeUUID=c966687e-fe56-4544-bb2b-f84b5ed93afe, command=[]} | ret=SUCCESS |  
2019-08-23 05:56:05,998 | INFO  | SCMAudit | user=jenkins1000 | ip=192.168.5.178 | op=SEND_HEARTBEAT {datanodeUUID=24bc3e6b-0511-4266-93ad-79ecc1c5e656, command=[]} | ret=SUCCESS |  
2019-08-23 05:56:06,065 | INFO  | SCMAudit | user=jenkins1000 | ip=192.168.5.178 | op=SEND_HEARTBEAT {datanodeUUID=3ae059f1-8014-46a3-b512-c7345dae772c, command=[]} | ret=SUCCESS |  
2019-08-23 05:56:06,065 | INFO  | SCMAudit | user=jenkins1000 | ip=192.168.5.178 | op=SEND_HEARTBEAT {datanodeUUID=781bd35e-1b02-4d87-8018-c7fb2dd5a815, command=[]} | ret=SUCCESS |  
2019-08-23 05:56:06,083 | INFO  | SCMAudit | user=jenkins1000 | ip=192.168.5.178 | op=SEND_HEARTBEAT {datanodeUUID=52c9bf92-1862-498b-807d-bc3bc4e1b962, command=[]} | ret=SUCCESS |  
2019-08-23 05:56:06,494 | INFO  | SCMAudit | user=jenkins1000 | ip=192.168.5.178 | op=SEND_HEARTBEAT {datanodeUUID=4c44ac83-1893-4daf-ab37-7fd3faa55fb7, command=[]} | ret=SUCCESS |  
2019-08-23 05:56:06,495 [grpc-default-executor-4] INFO  client.GrpcClientProtocolClient (GrpcClientProtocolClient.java:onNext(255)) - client-6CF7AAEBB919->52c9bf92-1862-498b-807d-bc3bc4e1b962: receive RaftClientReply:client-6CF7AAEBB919->52c9bf92-1862-498b-807d-bc3bc4e1b962@group-3E0393EF33E7, cid=17, FAILED org.apache.ratis.protocol.NotLeaderException: Server 52c9bf92-1862-498b-807d-bc3bc4e1b962 is not the leader (null). Request must be sent to leader., logIndex=0, commits[52c9bf92-1862-498b-807d-bc3bc4e1b962:c-1]
2019-08-23 05:56:06,670 | INFO  | SCMAudit | user=jenkins1000 | ip=192.168.5.178 | op=SEND_HEARTBEAT {datanodeUUID=15e6357e-aea8-47cb-8245-0b395ddeab47, command=[]} | ret=SUCCESS |  
2019-08-23 05:56:06,888 | INFO  | SCMAudit | user=jenkins1000 | ip=192.168.5.178 | op=SEND_HEARTBEAT {datanodeUUID=c966687e-fe56-4544-bb2b-f84b5ed93afe, command=[]} | ret=SUCCESS |  
2019-08-23 05:56:06,999 | INFO  | SCMAudit | user=jenkins1000 | ip=192.168.5.178 | op=SEND_HEARTBEAT {datanodeUUID=24bc3e6b-0511-4266-93ad-79ecc1c5e656, command=[]} | ret=SUCCESS |  
2019-08-23 05:56:07,065 | INFO  | SCMAudit | user=jenkins1000 | ip=192.168.5.178 | op=SEND_HEARTBEAT {datanodeUUID=3ae059f1-8014-46a3-b512-c7345dae772c, command=[]} | ret=SUCCESS |  
2019-08-23 05:56:07,065 | INFO  | SCMAudit | user=jenkins1000 | ip=192.168.5.178 | op=SEND_HEARTBEAT {datanodeUUID=781bd35e-1b02-4d87-8018-c7fb2dd5a815, command=[]} | ret=SUCCESS |  
2019-08-23 05:56:07,083 | INFO  | SCMAudit | user=jenkins1000 | ip=192.168.5.178 | op=SEND_HEARTBEAT {datanodeUUID=52c9bf92-1862-498b-807d-bc3bc4e1b962, command=[]} | ret=SUCCESS |  
2019-08-23 05:56:07,491 | INFO  | SCMAudit | user=jenkins1000 | ip=192.168.5.178 | op=SEND_HEARTBEAT {datanodeUUID=4c44ac83-1893-4daf-ab37-7fd3faa55fb7, command=[]} | ret=SUCCESS |  
2019-08-23 05:56:07,529 [grpc-default-executor-0] INFO  client.GrpcClientProtocolClient (GrpcClientProtocolClient.java:onNext(255)) - client-6CF7AAEBB919->c966687e-fe56-4544-bb2b-f84b5ed93afe: receive RaftClientReply:client-6CF7AAEBB919->c966687e-fe56-4544-bb2b-f84b5ed93afe@group-3E0393EF33E7, cid=17, FAILED org.apache.ratis.protocol.NotLeaderException: Server c966687e-fe56-4544-bb2b-f84b5ed93afe is not the leader (null). Request must be sent to leader., logIndex=0, commits[c966687e-fe56-4544-bb2b-f84b5ed93afe:c-1, 4c44ac83-1893-4daf-ab37-7fd3faa55fb7:c-1, 52c9bf92-1862-498b-807d-bc3bc4e1b962:c-1]
2019-08-23 05:56:07,670 | INFO  | SCMAudit | user=jenkins1000 | ip=192.168.5.178 | op=SEND_HEARTBEAT {datanodeUUID=15e6357e-aea8-47cb-8245-0b395ddeab47, command=[]} | ret=SUCCESS |  
2019-08-23 05:56:07,887 | INFO  | SCMAudit | user=jenkins1000 | ip=192.168.5.178 | op=SEND_HEARTBEAT {datanodeUUID=c966687e-fe56-4544-bb2b-f84b5ed93afe, command=[]} | ret=SUCCESS |  
2019-08-23 05:56:07,998 | INFO  | SCMAudit | user=jenkins1000 | ip=192.168.5.178 | op=SEND_HEARTBEAT {datanodeUUID=24bc3e6b-0511-4266-93ad-79ecc1c5e656, command=[]} | ret=SUCCESS |  
2019-08-23 05:56:08,066 | INFO  | SCMAudit | user=jenkins1000 | ip=192.168.5.178 | op=SEND_HEARTBEAT {datanodeUUID=3ae059f1-8014-46a3-b512-c7345dae772c, command=[]} | ret=SUCCESS |  
2019-08-23 05:56:08,066 | INFO  | SCMAudit | user=jenkins1000 | ip=192.168.5.178 | op=SEND_HEARTBEAT {datanodeUUID=781bd35e-1b02-4d87-8018-c7fb2dd5a815, command=[]} | ret=SUCCESS |  
2019-08-23 05:56:08,083 | INFO  | SCMAudit | user=jenkins1000 | ip=192.168.5.178 | op=SEND_HEARTBEAT {datanodeUUID=52c9bf92-1862-498b-807d-bc3bc4e1b962, command=[]} | ret=SUCCESS |  
2019-08-23 05:56:08,491 | INFO  | SCMAudit | user=jenkins1000 | ip=192.168.5.178 | op=SEND_HEARTBEAT {datanodeUUID=4c44ac83-1893-4daf-ab37-7fd3faa55fb7, command=[]} | ret=SUCCESS |  
2019-08-23 05:56:08,562 [grpc-default-executor-0] INFO  client.GrpcClientProtocolClient (GrpcClientProtocolClient.java:onNext(255)) - client-6CF7AAEBB919->4c44ac83-1893-4daf-ab37-7fd3faa55fb7: receive RaftClientReply:client-6CF7AAEBB919->4c44ac83-1893-4daf-ab37-7fd3faa55fb7@group-3E0393EF33E7, cid=17, FAILED org.apache.ratis.protocol.NotLeaderException: Server 4c44ac83-1893-4daf-ab37-7fd3faa55fb7 is not the leader (null). Request must be sent to leader., logIndex=0, commits[4c44ac83-1893-4daf-ab37-7fd3faa55fb7:c-1, 52c9bf92-1862-498b-807d-bc3bc4e1b962:c-1, c966687e-fe56-4544-bb2b-f84b5ed93afe:c-1]
2019-08-23 05:56:08,670 | INFO  | SCMAudit | user=jenkins1000 | ip=192.168.5.178 | op=SEND_HEARTBEAT {datanodeUUID=15e6357e-aea8-47cb-8245-0b395ddeab47, command=[]} | ret=SUCCESS |  
2019-08-23 05:56:08,888 | INFO  | SCMAudit | user=jenkins1000 | ip=192.168.5.178 | op=SEND_HEARTBEAT {datanodeUUID=c966687e-fe56-4544-bb2b-f84b5ed93afe, command=[]} | ret=SUCCESS |  
2019-08-23 05:56:08,999 | INFO  | SCMAudit | user=jenkins1000 | ip=192.168.5.178 | op=SEND_HEARTBEAT {datanodeUUID=24bc3e6b-0511-4266-93ad-79ecc1c5e656, command=[]} | ret=SUCCESS |  
2019-08-23 05:56:09,066 | INFO  | SCMAudit | user=jenkins1000 | ip=192.168.5.178 | op=SEND_HEARTBEAT {datanodeUUID=3ae059f1-8014-46a3-b512-c7345dae772c, command=[]} | ret=SUCCESS |  
2019-08-23 05:56:09,066 | INFO  | SCMAudit | user=jenkins1000 | ip=192.168.5.178 | op=SEND_HEARTBEAT {datanodeUUID=781bd35e-1b02-4d87-8018-c7fb2dd5a815, command=[]} | ret=SUCCESS |  
2019-08-23 05:56:09,083 | INFO  | SCMAudit | user=jenkins1000 | ip=192.168.5.178 | op=SEND_HEARTBEAT {datanodeUUID=52c9bf92-1862-498b-807d-bc3bc4e1b962, command=[]} | ret=SUCCESS |  
2019-08-23 05:56:09,490 | INFO  | SCMAudit | user=jenkins1000 | ip=192.168.5.178 | op=SEND_HEARTBEAT {datanodeUUID=4c44ac83-1893-4daf-ab37-7fd3faa55fb7, command=[]} | ret=SUCCESS |  
2019-08-23 05:56:09,592 [grpc-default-executor-4] INFO  client.GrpcClientProtocolClient (GrpcClientProtocolClient.java:onNext(255)) - client-6CF7AAEBB919->c966687e-fe56-4544-bb2b-f84b5ed93afe: receive RaftClientReply:client-6CF7AAEBB919->c966687e-fe56-4544-bb2b-f84b5ed93afe@group-3E0393EF33E7, cid=17, FAILED org.apache.ratis.protocol.NotLeaderException: Server c966687e-fe56-4544-bb2b-f84b5ed93afe is not the leader (null). Request must be sent to leader., logIndex=0, commits[c966687e-fe56-4544-bb2b-f84b5ed93afe:c-1, 4c44ac83-1893-4daf-ab37-7fd3faa55fb7:c-1, 52c9bf92-1862-498b-807d-bc3bc4e1b962:c-1]
2019-08-23 05:56:09,670 | INFO  | SCMAudit | user=jenkins1000 | ip=192.168.5.178 | op=SEND_HEARTBEAT {datanodeUUID=15e6357e-aea8-47cb-8245-0b395ddeab47, command=[]} | ret=SUCCESS |  
2019-08-23 05:56:09,887 | INFO  | SCMAudit | user=jenkins1000 | ip=192.168.5.178 | op=SEND_HEARTBEAT {datanodeUUID=c966687e-fe56-4544-bb2b-f84b5ed93afe, command=[]} | ret=SUCCESS |  
2019-08-23 05:56:09,999 | INFO  | SCMAudit | user=jenkins1000 | ip=192.168.5.178 | op=SEND_HEARTBEAT {datanodeUUID=24bc3e6b-0511-4266-93ad-79ecc1c5e656, command=[]} | ret=SUCCESS |  
2019-08-23 05:56:10,066 | INFO  | SCMAudit | user=jenkins1000 | ip=192.168.5.178 | op=SEND_HEARTBEAT {datanodeUUID=3ae059f1-8014-46a3-b512-c7345dae772c, command=[]} | ret=SUCCESS |  
2019-08-23 05:56:10,066 | INFO  | SCMAudit | user=jenkins1000 | ip=192.168.5.178 | op=SEND_HEARTBEAT {datanodeUUID=781bd35e-1b02-4d87-8018-c7fb2dd5a815, command=[]} | ret=SUCCESS |  
2019-08-23 05:56:10,083 | INFO  | SCMAudit | user=jenkins1000 | ip=192.168.5.178 | op=SEND_HEARTBEAT {datanodeUUID=52c9bf92-1862-498b-807d-bc3bc4e1b962, command=[]} | ret=SUCCESS |  
2019-08-23 05:56:10,104 [Thread-388] INFO  impl.FollowerState (FollowerState.java:run(106)) - 52c9bf92-1862-498b-807d-bc3bc4e1b962:group-3E0393EF33E7 changes to CANDIDATE, lastRpcTime:5193, electionTimeout:5193ms
2019-08-23 05:56:10,104 [Thread-388] INFO  impl.RoleInfo (RoleInfo.java:shutdownFollowerState(121)) - 52c9bf92-1862-498b-807d-bc3bc4e1b962: shutdown FollowerState
2019-08-23 05:56:10,104 [Thread-388] INFO  impl.RaftServerImpl (RaftServerImpl.java:setRole(171)) - 52c9bf92-1862-498b-807d-bc3bc4e1b962:group-3E0393EF33E7 changes role from FOLLOWER to CANDIDATE at term 3 for changeToCandidate
2019-08-23 05:56:10,104 [Thread-388] INFO  impl.RoleInfo (RoleInfo.java:updateAndGet(143)) - 52c9bf92-1862-498b-807d-bc3bc4e1b962: start LeaderElection
2019-08-23 05:56:10,108 [Thread-397] INFO  impl.FollowerState (FollowerState.java:run(106)) - c966687e-fe56-4544-bb2b-f84b5ed93afe:group-3E0393EF33E7 changes to CANDIDATE, lastRpcTime:5106, electionTimeout:5101ms
2019-08-23 05:56:10,108 [Thread-397] INFO  impl.RoleInfo (RoleInfo.java:shutdownFollowerState(121)) - c966687e-fe56-4544-bb2b-f84b5ed93afe: shutdown FollowerState
2019-08-23 05:56:10,108 [Thread-397] INFO  impl.RaftServerImpl (RaftServerImpl.java:setRole(171)) - c966687e-fe56-4544-bb2b-f84b5ed93afe:group-3E0393EF33E7 changes role from FOLLOWER to CANDIDATE at term 3 for changeToCandidate
2019-08-23 05:56:10,108 [Thread-397] INFO  impl.RoleInfo (RoleInfo.java:updateAndGet(143)) - c966687e-fe56-4544-bb2b-f84b5ed93afe: start LeaderElection
2019-08-23 05:56:10,124 [52c9bf92-1862-498b-807d-bc3bc4e1b962:group-3E0393EF33E7:LeaderElection15] INFO  impl.LeaderElection (LeaderElection.java:askForVotes(181)) - 52c9bf92-1862-498b-807d-bc3bc4e1b962:group-3E0393EF33E7:LeaderElection15: begin an election at term 4 for -1: [4c44ac83-1893-4daf-ab37-7fd3faa55fb7:192.168.5.178:37781, 52c9bf92-1862-498b-807d-bc3bc4e1b962:192.168.5.178:36600, c966687e-fe56-4544-bb2b-f84b5ed93afe:192.168.5.178:36588], old=null
2019-08-23 05:56:10,124 [c966687e-fe56-4544-bb2b-f84b5ed93afe:group-3E0393EF33E7:LeaderElection16] INFO  impl.LeaderElection (LeaderElection.java:askForVotes(181)) - c966687e-fe56-4544-bb2b-f84b5ed93afe:group-3E0393EF33E7:LeaderElection16: begin an election at term 4 for -1: [4c44ac83-1893-4daf-ab37-7fd3faa55fb7:192.168.5.178:37781, 52c9bf92-1862-498b-807d-bc3bc4e1b962:192.168.5.178:36600, c966687e-fe56-4544-bb2b-f84b5ed93afe:192.168.5.178:36588], old=null
2019-08-23 05:56:10,147 [grpc-default-executor-4] INFO  impl.RaftServerImpl (RaftServerImpl.java:setRole(171)) - 4c44ac83-1893-4daf-ab37-7fd3faa55fb7:group-3E0393EF33E7 changes role from FOLLOWER to FOLLOWER at term 4 for recognizeCandidate:52c9bf92-1862-498b-807d-bc3bc4e1b962
2019-08-23 05:56:10,147 [grpc-default-executor-4] INFO  impl.RoleInfo (RoleInfo.java:shutdownFollowerState(121)) - 4c44ac83-1893-4daf-ab37-7fd3faa55fb7: shutdown FollowerState
2019-08-23 05:56:10,147 [grpc-default-executor-4] INFO  impl.RoleInfo (RoleInfo.java:updateAndGet(143)) - 4c44ac83-1893-4daf-ab37-7fd3faa55fb7: start FollowerState
2019-08-23 05:56:10,147 [Thread-398] INFO  impl.FollowerState (FollowerState.java:run(114)) - 4c44ac83-1893-4daf-ab37-7fd3faa55fb7: FollowerState was interrupted: java.lang.InterruptedException: sleep interrupted
2019-08-23 05:56:10,169 [grpc-default-executor-3] INFO  impl.RaftServerImpl (RaftServerImpl.java:setRole(171)) - 4c44ac83-1893-4daf-ab37-7fd3faa55fb7:group-3E0393EF33E7 changes role from FOLLOWER to FOLLOWER at term 4 for recognizeCandidate:c966687e-fe56-4544-bb2b-f84b5ed93afe
2019-08-23 05:56:10,169 [grpc-default-executor-3] INFO  impl.RoleInfo (RoleInfo.java:shutdownFollowerState(121)) - 4c44ac83-1893-4daf-ab37-7fd3faa55fb7: shutdown FollowerState
2019-08-23 05:56:10,170 [grpc-default-executor-3] INFO  impl.RoleInfo (RoleInfo.java:updateAndGet(143)) - 4c44ac83-1893-4daf-ab37-7fd3faa55fb7: start FollowerState
2019-08-23 05:56:10,170 [Thread-424] INFO  impl.FollowerState (FollowerState.java:run(114)) - 4c44ac83-1893-4daf-ab37-7fd3faa55fb7: FollowerState was interrupted: java.lang.InterruptedException: sleep interrupted
2019-08-23 05:56:10,171 [52c9bf92-1862-498b-807d-bc3bc4e1b962:group-3E0393EF33E7:LeaderElection15] INFO  impl.LeaderElection (LeaderElection.java:logAndReturn(56)) - 52c9bf92-1862-498b-807d-bc3bc4e1b962:group-3E0393EF33E7:LeaderElection15: Election REJECTED; received 2 response(s) [52c9bf92-1862-498b-807d-bc3bc4e1b962<-4c44ac83-1893-4daf-ab37-7fd3faa55fb7#0:FAIL-t4, 52c9bf92-1862-498b-807d-bc3bc4e1b962<-c966687e-fe56-4544-bb2b-f84b5ed93afe#0:FAIL-t4] and 0 exception(s); 52c9bf92-1862-498b-807d-bc3bc4e1b962:t4, leader=null, voted=52c9bf92-1862-498b-807d-bc3bc4e1b962, raftlog=52c9bf92-1862-498b-807d-bc3bc4e1b962-SegmentedRaftLog:OPENED:c-1,f-1,i0, conf=-1: [4c44ac83-1893-4daf-ab37-7fd3faa55fb7:192.168.5.178:37781, 52c9bf92-1862-498b-807d-bc3bc4e1b962:192.168.5.178:36600, c966687e-fe56-4544-bb2b-f84b5ed93afe:192.168.5.178:36588], old=null
2019-08-23 05:56:10,171 [52c9bf92-1862-498b-807d-bc3bc4e1b962:group-3E0393EF33E7:LeaderElection15] INFO  impl.RaftServerImpl (RaftServerImpl.java:setRole(171)) - 52c9bf92-1862-498b-807d-bc3bc4e1b962:group-3E0393EF33E7 changes role from CANDIDATE to FOLLOWER at term 4 for DISCOVERED_A_NEW_TERM
2019-08-23 05:56:10,176 [52c9bf92-1862-498b-807d-bc3bc4e1b962:group-3E0393EF33E7:LeaderElection15] INFO  impl.RoleInfo (RoleInfo.java:shutdownLeaderElection(134)) - 52c9bf92-1862-498b-807d-bc3bc4e1b962: shutdown LeaderElection
2019-08-23 05:56:10,176 [52c9bf92-1862-498b-807d-bc3bc4e1b962:group-3E0393EF33E7:LeaderElection15] INFO  impl.RoleInfo (RoleInfo.java:updateAndGet(143)) - 52c9bf92-1862-498b-807d-bc3bc4e1b962: start FollowerState
2019-08-23 05:56:10,181 [c966687e-fe56-4544-bb2b-f84b5ed93afe:group-3E0393EF33E7:LeaderElection16] INFO  impl.LeaderElection (LeaderElection.java:logAndReturn(56)) - c966687e-fe56-4544-bb2b-f84b5ed93afe:group-3E0393EF33E7:LeaderElection16: Election REJECTED; received 2 response(s) [c966687e-fe56-4544-bb2b-f84b5ed93afe<-4c44ac83-1893-4daf-ab37-7fd3faa55fb7#0:FAIL-t4, c966687e-fe56-4544-bb2b-f84b5ed93afe<-52c9bf92-1862-498b-807d-bc3bc4e1b962#0:FAIL-t4] and 0 exception(s); c966687e-fe56-4544-bb2b-f84b5ed93afe:t4, leader=null, voted=c966687e-fe56-4544-bb2b-f84b5ed93afe, raftlog=c966687e-fe56-4544-bb2b-f84b5ed93afe-SegmentedRaftLog:OPENED:c-1,f-1,i0, conf=-1: [4c44ac83-1893-4daf-ab37-7fd3faa55fb7:192.168.5.178:37781, 52c9bf92-1862-498b-807d-bc3bc4e1b962:192.168.5.178:36600, c966687e-fe56-4544-bb2b-f84b5ed93afe:192.168.5.178:36588], old=null
2019-08-23 05:56:10,181 [c966687e-fe56-4544-bb2b-f84b5ed93afe:group-3E0393EF33E7:LeaderElection16] INFO  impl.RaftServerImpl (RaftServerImpl.java:setRole(171)) - c966687e-fe56-4544-bb2b-f84b5ed93afe:group-3E0393EF33E7 changes role from CANDIDATE to FOLLOWER at term 4 for DISCOVERED_A_NEW_TERM
2019-08-23 05:56:10,183 [c966687e-fe56-4544-bb2b-f84b5ed93afe:group-3E0393EF33E7:LeaderElection16] INFO  impl.RoleInfo (RoleInfo.java:shutdownLeaderElection(134)) - c966687e-fe56-4544-bb2b-f84b5ed93afe: shutdown LeaderElection
2019-08-23 05:56:10,184 [c966687e-fe56-4544-bb2b-f84b5ed93afe:group-3E0393EF33E7:LeaderElection16] INFO  impl.RoleInfo (RoleInfo.java:updateAndGet(143)) - c966687e-fe56-4544-bb2b-f84b5ed93afe: start FollowerState
2019-08-23 05:56:10,491 | INFO  | SCMAudit | user=jenkins1000 | ip=192.168.5.178 | op=SEND_HEARTBEAT {datanodeUUID=4c44ac83-1893-4daf-ab37-7fd3faa55fb7, command=[]} | ret=SUCCESS |  
2019-08-23 05:56:10,627 [grpc-default-executor-4] INFO  client.GrpcClientProtocolClient (GrpcClientProtocolClient.java:onNext(255)) - client-6CF7AAEBB919->4c44ac83-1893-4daf-ab37-7fd3faa55fb7: receive RaftClientReply:client-6CF7AAEBB919->4c44ac83-1893-4daf-ab37-7fd3faa55fb7@group-3E0393EF33E7, cid=17, FAILED org.apache.ratis.protocol.NotLeaderException: Server 4c44ac83-1893-4daf-ab37-7fd3faa55fb7 is not the leader (null). Request must be sent to leader., logIndex=0, commits[4c44ac83-1893-4daf-ab37-7fd3faa55fb7:c-1, 52c9bf92-1862-498b-807d-bc3bc4e1b962:c-1, c966687e-fe56-4544-bb2b-f84b5ed93afe:c-1]
2019-08-23 05:56:10,671 | INFO  | SCMAudit | user=jenkins1000 | ip=192.168.5.178 | op=SEND_HEARTBEAT {datanodeUUID=15e6357e-aea8-47cb-8245-0b395ddeab47, command=[]} | ret=SUCCESS |  
2019-08-23 05:56:10,887 | INFO  | SCMAudit | user=jenkins1000 | ip=192.168.5.178 | op=SEND_HEARTBEAT {datanodeUUID=c966687e-fe56-4544-bb2b-f84b5ed93afe, command=[]} | ret=SUCCESS |  
2019-08-23 05:56:10,999 | INFO  | SCMAudit | user=jenkins1000 | ip=192.168.5.178 | op=SEND_HEARTBEAT {datanodeUUID=24bc3e6b-0511-4266-93ad-79ecc1c5e656, command=[]} | ret=SUCCESS |  
2019-08-23 05:56:11,066 | INFO  | SCMAudit | user=jenkins1000 | ip=192.168.5.178 | op=SEND_HEARTBEAT {datanodeUUID=781bd35e-1b02-4d87-8018-c7fb2dd5a815, command=[]} | ret=SUCCESS |  
2019-08-23 05:56:11,067 | INFO  | SCMAudit | user=jenkins1000 | ip=192.168.5.178 | op=SEND_HEARTBEAT {datanodeUUID=3ae059f1-8014-46a3-b512-c7345dae772c, command=[]} | ret=SUCCESS |  
2019-08-23 05:56:11,083 | INFO  | SCMAudit | user=jenkins1000 | ip=192.168.5.178 | op=SEND_HEARTBEAT {datanodeUUID=52c9bf92-1862-498b-807d-bc3bc4e1b962, command=[]} | ret=SUCCESS |  
2019-08-23 05:56:11,490 | INFO  | SCMAudit | user=jenkins1000 | ip=192.168.5.178 | op=SEND_HEARTBEAT {datanodeUUID=4c44ac83-1893-4daf-ab37-7fd3faa55fb7, command=[]} | ret=SUCCESS |  
2019-08-23 05:56:11,666 [grpc-default-executor-3] INFO  client.GrpcClientProtocolClient (GrpcClientProtocolClient.java:onNext(255)) - client-6CF7AAEBB919->52c9bf92-1862-498b-807d-bc3bc4e1b962: receive RaftClientReply:client-6CF7AAEBB919->52c9bf92-1862-498b-807d-bc3bc4e1b962@group-3E0393EF33E7, cid=17, FAILED org.apache.ratis.protocol.NotLeaderException: Server 52c9bf92-1862-498b-807d-bc3bc4e1b962 is not the leader (null). Request must be sent to leader., logIndex=0, commits[52c9bf92-1862-498b-807d-bc3bc4e1b962:c-1]
2019-08-23 05:56:11,674 | INFO  | SCMAudit | user=jenkins1000 | ip=192.168.5.178 | op=SEND_HEARTBEAT {datanodeUUID=15e6357e-aea8-47cb-8245-0b395ddeab47, command=[]} | ret=SUCCESS |  
2019-08-23 05:56:11,887 | INFO  | SCMAudit | user=jenkins1000 | ip=192.168.5.178 | op=SEND_HEARTBEAT {datanodeUUID=c966687e-fe56-4544-bb2b-f84b5ed93afe, command=[]} | ret=SUCCESS |  
2019-08-23 05:56:12,000 | INFO  | SCMAudit | user=jenkins1000 | ip=192.168.5.178 | op=SEND_HEARTBEAT {datanodeUUID=24bc3e6b-0511-4266-93ad-79ecc1c5e656, command=[]} | ret=SUCCESS |  
2019-08-23 05:56:12,066 | INFO  | SCMAudit | user=jenkins1000 | ip=192.168.5.178 | op=SEND_HEARTBEAT {datanodeUUID=781bd35e-1b02-4d87-8018-c7fb2dd5a815, command=[]} | ret=SUCCESS |  
2019-08-23 05:56:12,067 | INFO  | SCMAudit | user=jenkins1000 | ip=192.168.5.178 | op=SEND_HEARTBEAT {datanodeUUID=3ae059f1-8014-46a3-b512-c7345dae772c, command=[]} | ret=SUCCESS |  
2019-08-23 05:56:12,084 | INFO  | SCMAudit | user=jenkins1000 | ip=192.168.5.178 | op=SEND_HEARTBEAT {datanodeUUID=52c9bf92-1862-498b-807d-bc3bc4e1b962, command=[]} | ret=SUCCESS |  
2019-08-23 05:56:12,491 | INFO  | SCMAudit | user=jenkins1000 | ip=192.168.5.178 | op=SEND_HEARTBEAT {datanodeUUID=4c44ac83-1893-4daf-ab37-7fd3faa55fb7, command=[]} | ret=SUCCESS |  
2019-08-23 05:56:12,670 | INFO  | SCMAudit | user=jenkins1000 | ip=192.168.5.178 | op=SEND_HEARTBEAT {datanodeUUID=15e6357e-aea8-47cb-8245-0b395ddeab47, command=[]} | ret=SUCCESS |  
2019-08-23 05:56:12,703 [grpc-default-executor-3] INFO  client.GrpcClientProtocolClient (GrpcClientProtocolClient.java:onNext(255)) - client-6CF7AAEBB919->c966687e-fe56-4544-bb2b-f84b5ed93afe: receive RaftClientReply:client-6CF7AAEBB919->c966687e-fe56-4544-bb2b-f84b5ed93afe@group-3E0393EF33E7, cid=17, FAILED org.apache.ratis.protocol.NotLeaderException: Server c966687e-fe56-4544-bb2b-f84b5ed93afe is not the leader (null). Request must be sent to leader., logIndex=0, commits[c966687e-fe56-4544-bb2b-f84b5ed93afe:c-1, 4c44ac83-1893-4daf-ab37-7fd3faa55fb7:c-1, 52c9bf92-1862-498b-807d-bc3bc4e1b962:c-1]
2019-08-23 05:56:12,887 | INFO  | SCMAudit | user=jenkins1000 | ip=192.168.5.178 | op=SEND_HEARTBEAT {datanodeUUID=c966687e-fe56-4544-bb2b-f84b5ed93afe, command=[]} | ret=SUCCESS |  
2019-08-23 05:56:13,000 | INFO  | SCMAudit | user=jenkins1000 | ip=192.168.5.178 | op=SEND_HEARTBEAT {datanodeUUID=24bc3e6b-0511-4266-93ad-79ecc1c5e656, command=[]} | ret=SUCCESS |  
2019-08-23 05:56:13,067 | INFO  | SCMAudit | user=jenkins1000 | ip=192.168.5.178 | op=SEND_HEARTBEAT {datanodeUUID=3ae059f1-8014-46a3-b512-c7345dae772c, command=[]} | ret=SUCCESS |  
2019-08-23 05:56:13,067 | INFO  | SCMAudit | user=jenkins1000 | ip=192.168.5.178 | op=SEND_HEARTBEAT {datanodeUUID=781bd35e-1b02-4d87-8018-c7fb2dd5a815, command=[]} | ret=SUCCESS |  
2019-08-23 05:56:13,085 | INFO  | SCMAudit | user=jenkins1000 | ip=192.168.5.178 | op=SEND_HEARTBEAT {datanodeUUID=52c9bf92-1862-498b-807d-bc3bc4e1b962, command=[]} | ret=SUCCESS |  
2019-08-23 05:56:13,491 | INFO  | SCMAudit | user=jenkins1000 | ip=192.168.5.178 | op=SEND_HEARTBEAT {datanodeUUID=4c44ac83-1893-4daf-ab37-7fd3faa55fb7, command=[]} | ret=SUCCESS |  
2019-08-23 05:56:13,671 | INFO  | SCMAudit | user=jenkins1000 | ip=192.168.5.178 | op=SEND_HEARTBEAT {datanodeUUID=15e6357e-aea8-47cb-8245-0b395ddeab47, command=[]} | ret=SUCCESS |  
2019-08-23 05:56:13,725 [grpc-default-executor-4] INFO  client.GrpcClientProtocolClient (GrpcClientProtocolClient.java:onNext(255)) - client-6CF7AAEBB919->4c44ac83-1893-4daf-ab37-7fd3faa55fb7: receive RaftClientReply:client-6CF7AAEBB919->4c44ac83-1893-4daf-ab37-7fd3faa55fb7@group-3E0393EF33E7, cid=17, FAILED org.apache.ratis.protocol.NotLeaderException: Server 4c44ac83-1893-4daf-ab37-7fd3faa55fb7 is not the leader (null). Request must be sent to leader., logIndex=0, commits[4c44ac83-1893-4daf-ab37-7fd3faa55fb7:c-1, 52c9bf92-1862-498b-807d-bc3bc4e1b962:c-1, c966687e-fe56-4544-bb2b-f84b5ed93afe:c-1]
2019-08-23 05:56:13,887 | INFO  | SCMAudit | user=jenkins1000 | ip=192.168.5.178 | op=SEND_HEARTBEAT {datanodeUUID=c966687e-fe56-4544-bb2b-f84b5ed93afe, command=[]} | ret=SUCCESS |  
2019-08-23 05:56:14,000 | INFO  | SCMAudit | user=jenkins1000 | ip=192.168.5.178 | op=SEND_HEARTBEAT {datanodeUUID=24bc3e6b-0511-4266-93ad-79ecc1c5e656, command=[]} | ret=SUCCESS |  
2019-08-23 05:56:14,068 | INFO  | SCMAudit | user=jenkins1000 | ip=192.168.5.178 | op=SEND_HEARTBEAT {datanodeUUID=781bd35e-1b02-4d87-8018-c7fb2dd5a815, command=[]} | ret=SUCCESS |  
2019-08-23 05:56:14,068 | INFO  | SCMAudit | user=jenkins1000 | ip=192.168.5.178 | op=SEND_HEARTBEAT {datanodeUUID=3ae059f1-8014-46a3-b512-c7345dae772c, command=[]} | ret=SUCCESS |  
2019-08-23 05:56:14,085 | INFO  | SCMAudit | user=jenkins1000 | ip=192.168.5.178 | op=SEND_HEARTBEAT {datanodeUUID=52c9bf92-1862-498b-807d-bc3bc4e1b962, command=[]} | ret=SUCCESS |  
2019-08-23 05:56:14,492 | INFO  | SCMAudit | user=jenkins1000 | ip=192.168.5.178 | op=SEND_HEARTBEAT {datanodeUUID=4c44ac83-1893-4daf-ab37-7fd3faa55fb7, command=[]} | ret=SUCCESS |  
2019-08-23 05:56:14,671 | INFO  | SCMAudit | user=jenkins1000 | ip=192.168.5.178 | op=SEND_HEARTBEAT {datanodeUUID=15e6357e-aea8-47cb-8245-0b395ddeab47, command=[]} | ret=SUCCESS |  
2019-08-23 05:56:14,770 [grpc-default-executor-3] INFO  client.GrpcClientProtocolClient (GrpcClientProtocolClient.java:onNext(255)) - client-6CF7AAEBB919->c966687e-fe56-4544-bb2b-f84b5ed93afe: receive RaftClientReply:client-6CF7AAEBB919->c966687e-fe56-4544-bb2b-f84b5ed93afe@group-3E0393EF33E7, cid=17, FAILED org.apache.ratis.protocol.NotLeaderException: Server c966687e-fe56-4544-bb2b-f84b5ed93afe is not the leader (null). Request must be sent to leader., logIndex=0, commits[c966687e-fe56-4544-bb2b-f84b5ed93afe:c-1, 4c44ac83-1893-4daf-ab37-7fd3faa55fb7:c-1, 52c9bf92-1862-498b-807d-bc3bc4e1b962:c-1]
2019-08-23 05:56:14,807 [grpc-default-worker-ELG-3-3] WARN  nio.NioEventLoop (NioEventLoop.java:select(786)) - Selector.select() returned prematurely {} times in a row; rebuilding Selector {}.
2019-08-23 05:56:14,808 [grpc-default-worker-ELG-3-3] INFO  nio.NioEventLoop (NioEventLoop.java:rebuildSelector0(396)) - Migrated 5 channel(s) to the new Selector.
2019-08-23 05:56:14,888 | INFO  | SCMAudit | user=jenkins1000 | ip=192.168.5.178 | op=SEND_HEARTBEAT {datanodeUUID=c966687e-fe56-4544-bb2b-f84b5ed93afe, command=[]} | ret=SUCCESS |  
2019-08-23 05:56:14,999 | INFO  | SCMAudit | user=jenkins1000 | ip=192.168.5.178 | op=SEND_HEARTBEAT {datanodeUUID=24bc3e6b-0511-4266-93ad-79ecc1c5e656, command=[]} | ret=SUCCESS |  
2019-08-23 05:56:15,068 | INFO  | SCMAudit | user=jenkins1000 | ip=192.168.5.178 | op=SEND_HEARTBEAT {datanodeUUID=781bd35e-1b02-4d87-8018-c7fb2dd5a815, command=[]} | ret=SUCCESS |  
2019-08-23 05:56:15,068 | INFO  | SCMAudit | user=jenkins1000 | ip=192.168.5.178 | op=SEND_HEARTBEAT {datanodeUUID=3ae059f1-8014-46a3-b512-c7345dae772c, command=[]} | ret=SUCCESS |  
2019-08-23 05:56:15,084 | INFO  | SCMAudit | user=jenkins1000 | ip=192.168.5.178 | op=SEND_HEARTBEAT {datanodeUUID=52c9bf92-1862-498b-807d-bc3bc4e1b962, command=[]} | ret=SUCCESS |  
2019-08-23 05:56:15,226 [Thread-425] INFO  impl.FollowerState (FollowerState.java:run(106)) - 4c44ac83-1893-4daf-ab37-7fd3faa55fb7:group-3E0393EF33E7 changes to CANDIDATE, lastRpcTime:5055, electionTimeout:5055ms
2019-08-23 05:56:15,226 [Thread-425] INFO  impl.RoleInfo (RoleInfo.java:shutdownFollowerState(121)) - 4c44ac83-1893-4daf-ab37-7fd3faa55fb7: shutdown FollowerState
2019-08-23 05:56:15,226 [Thread-425] INFO  impl.RaftServerImpl (RaftServerImpl.java:setRole(171)) - 4c44ac83-1893-4daf-ab37-7fd3faa55fb7:group-3E0393EF33E7 changes role from FOLLOWER to CANDIDATE at term 4 for changeToCandidate
2019-08-23 05:56:15,226 [Thread-425] INFO  impl.RoleInfo (RoleInfo.java:updateAndGet(143)) - 4c44ac83-1893-4daf-ab37-7fd3faa55fb7: start LeaderElection
2019-08-23 05:56:15,245 [4c44ac83-1893-4daf-ab37-7fd3faa55fb7:group-3E0393EF33E7:LeaderElection17] INFO  impl.LeaderElection (LeaderElection.java:askForVotes(181)) - 4c44ac83-1893-4daf-ab37-7fd3faa55fb7:group-3E0393EF33E7:LeaderElection17: begin an election at term 5 for 0: [4c44ac83-1893-4daf-ab37-7fd3faa55fb7:192.168.5.178:37781, 52c9bf92-1862-498b-807d-bc3bc4e1b962:192.168.5.178:36600, c966687e-fe56-4544-bb2b-f84b5ed93afe:192.168.5.178:36588], old=null
2019-08-23 05:56:15,256 [grpc-default-executor-4] INFO  impl.RaftServerImpl (RaftServerImpl.java:setRole(171)) - c966687e-fe56-4544-bb2b-f84b5ed93afe:group-3E0393EF33E7 changes role from FOLLOWER to FOLLOWER at term 5 for recognizeCandidate:4c44ac83-1893-4daf-ab37-7fd3faa55fb7
2019-08-23 05:56:15,256 [grpc-default-executor-3] INFO  impl.RaftServerImpl (RaftServerImpl.java:setRole(171)) - 52c9bf92-1862-498b-807d-bc3bc4e1b962:group-3E0393EF33E7 changes role from FOLLOWER to FOLLOWER at term 5 for recognizeCandidate:4c44ac83-1893-4daf-ab37-7fd3faa55fb7
2019-08-23 05:56:15,256 [grpc-default-executor-4] INFO  impl.RoleInfo (RoleInfo.java:shutdownFollowerState(121)) - c966687e-fe56-4544-bb2b-f84b5ed93afe: shutdown FollowerState
2019-08-23 05:56:15,256 [grpc-default-executor-3] INFO  impl.RoleInfo (RoleInfo.java:shutdownFollowerState(121)) - 52c9bf92-1862-498b-807d-bc3bc4e1b962: shutdown FollowerState
2019-08-23 05:56:15,257 [Thread-427] INFO  impl.FollowerState (FollowerState.java:run(114)) - c966687e-fe56-4544-bb2b-f84b5ed93afe: FollowerState was interrupted: java.lang.InterruptedException: sleep interrupted
2019-08-23 05:56:15,256 [grpc-default-executor-4] INFO  impl.RoleInfo (RoleInfo.java:updateAndGet(143)) - c966687e-fe56-4544-bb2b-f84b5ed93afe: start FollowerState
2019-08-23 05:56:15,257 [Thread-426] INFO  impl.FollowerState (FollowerState.java:run(114)) - 52c9bf92-1862-498b-807d-bc3bc4e1b962: FollowerState was interrupted: java.lang.InterruptedException: sleep interrupted
2019-08-23 05:56:15,257 [grpc-default-executor-3] INFO  impl.RoleInfo (RoleInfo.java:updateAndGet(143)) - 52c9bf92-1862-498b-807d-bc3bc4e1b962: start FollowerState
2019-08-23 05:56:15,289 [4c44ac83-1893-4daf-ab37-7fd3faa55fb7:group-3E0393EF33E7:LeaderElection17] INFO  impl.LeaderElection (LeaderElection.java:logAndReturn(56)) - 4c44ac83-1893-4daf-ab37-7fd3faa55fb7:group-3E0393EF33E7:LeaderElection17: Election PASSED; received 1 response(s) [4c44ac83-1893-4daf-ab37-7fd3faa55fb7<-c966687e-fe56-4544-bb2b-f84b5ed93afe#0:OK-t5] and 0 exception(s); 4c44ac83-1893-4daf-ab37-7fd3faa55fb7:t5, leader=null, voted=4c44ac83-1893-4daf-ab37-7fd3faa55fb7, raftlog=4c44ac83-1893-4daf-ab37-7fd3faa55fb7-SegmentedRaftLog:OPENED:c-1,f0,i0, conf=0: [4c44ac83-1893-4daf-ab37-7fd3faa55fb7:192.168.5.178:37781, 52c9bf92-1862-498b-807d-bc3bc4e1b962:192.168.5.178:36600, c966687e-fe56-4544-bb2b-f84b5ed93afe:192.168.5.178:36588], old=null
2019-08-23 05:56:15,289 [4c44ac83-1893-4daf-ab37-7fd3faa55fb7:group-3E0393EF33E7:LeaderElection17] INFO  impl.RoleInfo (RoleInfo.java:shutdownLeaderElection(134)) - 4c44ac83-1893-4daf-ab37-7fd3faa55fb7: shutdown LeaderElection
2019-08-23 05:56:15,290 [4c44ac83-1893-4daf-ab37-7fd3faa55fb7:group-3E0393EF33E7:LeaderElection17] INFO  impl.RaftServerImpl (RaftServerImpl.java:setRole(171)) - 4c44ac83-1893-4daf-ab37-7fd3faa55fb7:group-3E0393EF33E7 changes role from CANDIDATE to LEADER at term 5 for changeToLeader
2019-08-23 05:56:15,293 [4c44ac83-1893-4daf-ab37-7fd3faa55fb7:group-3E0393EF33E7:LeaderElection17] INFO  impl.RaftServerImpl (ServerState.java:setLeader(263)) - 4c44ac83-1893-4daf-ab37-7fd3faa55fb7:group-3E0393EF33E7 change Leader from null to 4c44ac83-1893-4daf-ab37-7fd3faa55fb7 at term 5 for becomeLeader, leader elected after 10291ms
2019-08-23 05:56:15,293 [4c44ac83-1893-4daf-ab37-7fd3faa55fb7:group-3E0393EF33E7:LeaderElection17] INFO  server.RaftServerConfigKeys (ConfUtils.java:logGet(43)) - raft.server.staging.catchup.gap = 1000 (default)
2019-08-23 05:56:15,293 [4c44ac83-1893-4daf-ab37-7fd3faa55fb7:group-3E0393EF33E7:LeaderElection17] INFO  server.RaftServerConfigKeys (ConfUtils.java:logGet(43)) - raft.server.rpc.sleep.time = 25ms (default)
2019-08-23 05:56:15,294 [4c44ac83-1893-4daf-ab37-7fd3faa55fb7:group-3E0393EF33E7:LeaderElection17] INFO  server.RaftServerConfigKeys (ConfUtils.java:logGet(43)) - raft.server.write.element-limit = 4096 (default)
2019-08-23 05:56:15,294 [4c44ac83-1893-4daf-ab37-7fd3faa55fb7:group-3E0393EF33E7:LeaderElection17] INFO  server.RaftServerConfigKeys (ConfUtils.java:logGet(43)) - raft.server.watch.timeout = 10s (default)
2019-08-23 05:56:15,294 [4c44ac83-1893-4daf-ab37-7fd3faa55fb7:group-3E0393EF33E7:LeaderElection17] INFO  server.RaftServerConfigKeys (ConfUtils.java:logGet(43)) - raft.server.watch.timeout.denomination = 1s (default)
2019-08-23 05:56:15,294 [4c44ac83-1893-4daf-ab37-7fd3faa55fb7:group-3E0393EF33E7:LeaderElection17] INFO  server.RaftServerConfigKeys (ConfUtils.java:logGet(43)) - raft.server.watch.element-limit = 65536 (default)
2019-08-23 05:56:15,295 [4c44ac83-1893-4daf-ab37-7fd3faa55fb7:group-3E0393EF33E7:LeaderElection17] INFO  server.RaftServerConfigKeys (ConfUtils.java:logGet(43)) - raft.server.log.appender.snapshot.chunk.size.max = 16MB (=16777216) (default)
2019-08-23 05:56:15,295 [4c44ac83-1893-4daf-ab37-7fd3faa55fb7:group-3E0393EF33E7:LeaderElection17] INFO  server.RaftServerConfigKeys (ConfUtils.java:logGet(43)) - raft.server.log.appender.buffer.byte-limit = 33554432 (custom)
2019-08-23 05:56:15,295 [4c44ac83-1893-4daf-ab37-7fd3faa55fb7:group-3E0393EF33E7:LeaderElection17] INFO  server.RaftServerConfigKeys (ConfUtils.java:logGet(43)) - raft.server.log.appender.buffer.element-limit = 1 (custom)
2019-08-23 05:56:15,296 [4c44ac83-1893-4daf-ab37-7fd3faa55fb7:group-3E0393EF33E7:LeaderElection17] INFO  grpc.GrpcConfigKeys$Server (ConfUtils.java:logGet(43)) - raft.grpc.server.leader.outstanding.appends.max = 128 (default)
2019-08-23 05:56:15,296 [4c44ac83-1893-4daf-ab37-7fd3faa55fb7:group-3E0393EF33E7:LeaderElection17] INFO  server.RaftServerConfigKeys (ConfUtils.java:logGet(43)) - raft.server.rpc.request.timeout = 3000ms (default)
2019-08-23 05:56:15,296 [4c44ac83-1893-4daf-ab37-7fd3faa55fb7:group-3E0393EF33E7:LeaderElection17] INFO  server.RaftServerConfigKeys (ConfUtils.java:logGet(43)) - raft.server.log.appender.install.snapshot.enabled = false (custom)
2019-08-23 05:56:15,297 [4c44ac83-1893-4daf-ab37-7fd3faa55fb7:group-3E0393EF33E7:LeaderElection17] INFO  server.RaftServerConfigKeys (ConfUtils.java:logGet(43)) - raft.server.log.appender.snapshot.chunk.size.max = 16MB (=16777216) (default)
2019-08-23 05:56:15,297 [4c44ac83-1893-4daf-ab37-7fd3faa55fb7:group-3E0393EF33E7:LeaderElection17] INFO  server.RaftServerConfigKeys (ConfUtils.java:logGet(43)) - raft.server.log.appender.buffer.byte-limit = 33554432 (custom)
2019-08-23 05:56:15,297 [4c44ac83-1893-4daf-ab37-7fd3faa55fb7:group-3E0393EF33E7:LeaderElection17] INFO  server.RaftServerConfigKeys (ConfUtils.java:logGet(43)) - raft.server.log.appender.buffer.element-limit = 1 (custom)
2019-08-23 05:56:15,297 [4c44ac83-1893-4daf-ab37-7fd3faa55fb7:group-3E0393EF33E7:LeaderElection17] INFO  grpc.GrpcConfigKeys$Server (ConfUtils.java:logGet(43)) - raft.grpc.server.leader.outstanding.appends.max = 128 (default)
2019-08-23 05:56:15,298 [4c44ac83-1893-4daf-ab37-7fd3faa55fb7:group-3E0393EF33E7:LeaderElection17] INFO  server.RaftServerConfigKeys (ConfUtils.java:logGet(43)) - raft.server.rpc.request.timeout = 3000ms (default)
2019-08-23 05:56:15,298 [4c44ac83-1893-4daf-ab37-7fd3faa55fb7:group-3E0393EF33E7:LeaderElection17] INFO  server.RaftServerConfigKeys (ConfUtils.java:logGet(43)) - raft.server.log.appender.install.snapshot.enabled = false (custom)
2019-08-23 05:56:15,298 [4c44ac83-1893-4daf-ab37-7fd3faa55fb7:group-3E0393EF33E7:LeaderElection17] INFO  impl.RoleInfo (RoleInfo.java:updateAndGet(143)) - 4c44ac83-1893-4daf-ab37-7fd3faa55fb7: start LeaderState
2019-08-23 05:56:15,300 [4c44ac83-1893-4daf-ab37-7fd3faa55fb7:group-3E0393EF33E7:LeaderElection17] INFO  segmented.SegmentedRaftLogWorker (SegmentedRaftLogWorker.java:rollLogSegment(385)) - 4c44ac83-1893-4daf-ab37-7fd3faa55fb7-SegmentedRaftLogWorker:Storage Directory /workdir/hadoop-ozone/integration-test/target/test-dir/MiniOzoneClusterImpl-6bd9aaed-b35d-4149-931a-ccebc4c13966/datanode-3/data/ratis/9ee9e600-5c15-4e6e-9846-3e0393ef33e7: Rolling segment log-0_0 to index:0
2019-08-23 05:56:15,302 [4c44ac83-1893-4daf-ab37-7fd3faa55fb7:group-3E0393EF33E7:LeaderElection17] INFO  impl.RaftServerImpl (ServerState.java:setRaftConf(361)) - 4c44ac83-1893-4daf-ab37-7fd3faa55fb7:group-3E0393EF33E7 set configuration 1: [4c44ac83-1893-4daf-ab37-7fd3faa55fb7:192.168.5.178:37781, 52c9bf92-1862-498b-807d-bc3bc4e1b962:192.168.5.178:36600, c966687e-fe56-4544-bb2b-f84b5ed93afe:192.168.5.178:36588], old=null at 1
2019-08-23 05:56:15,306 [4c44ac83-1893-4daf-ab37-7fd3faa55fb7-SegmentedRaftLogWorker:Storage Directory /workdir/hadoop-ozone/integration-test/target/test-dir/MiniOzoneClusterImpl-6bd9aaed-b35d-4149-931a-ccebc4c13966/datanode-3/data/ratis/9ee9e600-5c15-4e6e-9846-3e0393ef33e7] INFO  segmented.SegmentedRaftLogWorker (SegmentedRaftLogWorker.java:execute(526)) - 4c44ac83-1893-4daf-ab37-7fd3faa55fb7-SegmentedRaftLogWorker:Storage Directory /workdir/hadoop-ozone/integration-test/target/test-dir/MiniOzoneClusterImpl-6bd9aaed-b35d-4149-931a-ccebc4c13966/datanode-3/data/ratis/9ee9e600-5c15-4e6e-9846-3e0393ef33e7: Rolled log segment from /workdir/hadoop-ozone/integration-test/target/test-dir/MiniOzoneClusterImpl-6bd9aaed-b35d-4149-931a-ccebc4c13966/datanode-3/data/ratis/9ee9e600-5c15-4e6e-9846-3e0393ef33e7/current/log_inprogress_0 to /workdir/hadoop-ozone/integration-test/target/test-dir/MiniOzoneClusterImpl-6bd9aaed-b35d-4149-931a-ccebc4c13966/datanode-3/data/ratis/9ee9e600-5c15-4e6e-9846-3e0393ef33e7/current/log_0-0
2019-08-23 05:56:15,307 [grpc-default-executor-3] INFO  impl.RaftServerImpl (ServerState.java:setLeader(263)) - 52c9bf92-1862-498b-807d-bc3bc4e1b962:group-3E0393EF33E7 change Leader from null to 4c44ac83-1893-4daf-ab37-7fd3faa55fb7 at term 5 for appendEntries, leader elected after 20648ms
2019-08-23 05:56:15,307 [grpc-default-executor-3] INFO  impl.RaftServerImpl (RaftServerImpl.java:checkInconsistentAppendEntries(999)) - 52c9bf92-1862-498b-807d-bc3bc4e1b962: Failed appendEntries as previous log entry ((t:2, i:0)) is not found
2019-08-23 05:56:15,308 [grpc-default-executor-4] INFO  impl.RaftServerImpl (ServerState.java:setLeader(263)) - c966687e-fe56-4544-bb2b-f84b5ed93afe:group-3E0393EF33E7 change Leader from null to 4c44ac83-1893-4daf-ab37-7fd3faa55fb7 at term 5 for appendEntries, leader elected after 10323ms
2019-08-23 05:56:15,308 [grpc-default-executor-3] INFO  impl.RaftServerImpl (RaftServerImpl.java:checkInconsistentAppendEntries(972)) - 52c9bf92-1862-498b-807d-bc3bc4e1b962: inconsistency entries. Reply:4c44ac83-1893-4daf-ab37-7fd3faa55fb7<-52c9bf92-1862-498b-807d-bc3bc4e1b962#0:FAIL,INCONSISTENCY,nextIndex:0,term:5,followerCommit:-1
2019-08-23 05:56:15,308 [grpc-default-executor-4] INFO  impl.RaftServerImpl (RaftServerImpl.java:checkInconsistentAppendEntries(999)) - c966687e-fe56-4544-bb2b-f84b5ed93afe: Failed appendEntries as previous log entry ((t:2, i:0)) is not found
2019-08-23 05:56:15,309 [grpc-default-executor-4] INFO  impl.RaftServerImpl (RaftServerImpl.java:checkInconsistentAppendEntries(972)) - c966687e-fe56-4544-bb2b-f84b5ed93afe: inconsistency entries. Reply:4c44ac83-1893-4daf-ab37-7fd3faa55fb7<-c966687e-fe56-4544-bb2b-f84b5ed93afe#0:FAIL,INCONSISTENCY,nextIndex:0,term:5,followerCommit:-1
2019-08-23 05:56:15,310 [grpc-default-executor-4] INFO  impl.FollowerInfo (FollowerInfo.java:lambda$new$0(50)) - 4c44ac83-1893-4daf-ab37-7fd3faa55fb7->52c9bf92-1862-498b-807d-bc3bc4e1b962: nextIndex: updateUnconditionally 1 -> 0
2019-08-23 05:56:15,310 [grpc-default-executor-3] INFO  impl.FollowerInfo (FollowerInfo.java:lambda$new$0(50)) - 4c44ac83-1893-4daf-ab37-7fd3faa55fb7->c966687e-fe56-4544-bb2b-f84b5ed93afe: nextIndex: updateUnconditionally 1 -> 0
2019-08-23 05:56:15,312 [grpc-default-executor-3] INFO  impl.RaftServerImpl (ServerState.java:setRaftConf(361)) - 52c9bf92-1862-498b-807d-bc3bc4e1b962:group-3E0393EF33E7 set configuration 0: [4c44ac83-1893-4daf-ab37-7fd3faa55fb7:192.168.5.178:37781, 52c9bf92-1862-498b-807d-bc3bc4e1b962:192.168.5.178:36600, c966687e-fe56-4544-bb2b-f84b5ed93afe:192.168.5.178:36588], old=null at 0
2019-08-23 05:56:15,312 [grpc-default-executor-4] INFO  impl.RaftServerImpl (ServerState.java:setRaftConf(361)) - c966687e-fe56-4544-bb2b-f84b5ed93afe:group-3E0393EF33E7 set configuration 0: [4c44ac83-1893-4daf-ab37-7fd3faa55fb7:192.168.5.178:37781, 52c9bf92-1862-498b-807d-bc3bc4e1b962:192.168.5.178:36600, c966687e-fe56-4544-bb2b-f84b5ed93afe:192.168.5.178:36588], old=null at 0
2019-08-23 05:56:15,313 [grpc-default-executor-3] INFO  segmented.SegmentedRaftLogWorker (SegmentedRaftLogWorker.java:startLogSegment(380)) - 52c9bf92-1862-498b-807d-bc3bc4e1b962-SegmentedRaftLogWorker:Storage Directory /workdir/hadoop-ozone/integration-test/target/test-dir/MiniOzoneClusterImpl-6bd9aaed-b35d-4149-931a-ccebc4c13966/datanode-2/data/ratis/9ee9e600-5c15-4e6e-9846-3e0393ef33e7: Starting segment from index:0
2019-08-23 05:56:15,313 [grpc-default-executor-4] INFO  segmented.SegmentedRaftLogWorker (SegmentedRaftLogWorker.java:startLogSegment(380)) - c966687e-fe56-4544-bb2b-f84b5ed93afe-SegmentedRaftLogWorker:Storage Directory /workdir/hadoop-ozone/integration-test/target/test-dir/MiniOzoneClusterImpl-6bd9aaed-b35d-4149-931a-ccebc4c13966/datanode-1/data/ratis/9ee9e600-5c15-4e6e-9846-3e0393ef33e7: Starting segment from index:0
2019-08-23 05:56:15,314 [grpc-default-executor-3] INFO  impl.RaftServerImpl (ServerState.java:setRaftConf(361)) - 52c9bf92-1862-498b-807d-bc3bc4e1b962:group-3E0393EF33E7 set configuration 1: [4c44ac83-1893-4daf-ab37-7fd3faa55fb7:192.168.5.178:37781, 52c9bf92-1862-498b-807d-bc3bc4e1b962:192.168.5.178:36600, c966687e-fe56-4544-bb2b-f84b5ed93afe:192.168.5.178:36588], old=null at 1
2019-08-23 05:56:15,314 [grpc-default-executor-4] INFO  impl.RaftServerImpl (ServerState.java:setRaftConf(361)) - c966687e-fe56-4544-bb2b-f84b5ed93afe:group-3E0393EF33E7 set configuration 1: [4c44ac83-1893-4daf-ab37-7fd3faa55fb7:192.168.5.178:37781, 52c9bf92-1862-498b-807d-bc3bc4e1b962:192.168.5.178:36600, c966687e-fe56-4544-bb2b-f84b5ed93afe:192.168.5.178:36588], old=null at 1
2019-08-23 05:56:15,314 [grpc-default-executor-3] INFO  segmented.SegmentedRaftLogWorker (SegmentedRaftLogWorker.java:rollLogSegment(385)) - 52c9bf92-1862-498b-807d-bc3bc4e1b962-SegmentedRaftLogWorker:Storage Directory /workdir/hadoop-ozone/integration-test/target/test-dir/MiniOzoneClusterImpl-6bd9aaed-b35d-4149-931a-ccebc4c13966/datanode-2/data/ratis/9ee9e600-5c15-4e6e-9846-3e0393ef33e7: Rolling segment log-0_0 to index:0
2019-08-23 05:56:15,315 [grpc-default-executor-4] INFO  segmented.SegmentedRaftLogWorker (SegmentedRaftLogWorker.java:rollLogSegment(385)) - c966687e-fe56-4544-bb2b-f84b5ed93afe-SegmentedRaftLogWorker:Storage Directory /workdir/hadoop-ozone/integration-test/target/test-dir/MiniOzoneClusterImpl-6bd9aaed-b35d-4149-931a-ccebc4c13966/datanode-1/data/ratis/9ee9e600-5c15-4e6e-9846-3e0393ef33e7: Rolling segment log-0_0 to index:0
2019-08-23 05:56:15,359 [52c9bf92-1862-498b-807d-bc3bc4e1b962-SegmentedRaftLogWorker:Storage Directory /workdir/hadoop-ozone/integration-test/target/test-dir/MiniOzoneClusterImpl-6bd9aaed-b35d-4149-931a-ccebc4c13966/datanode-2/data/ratis/9ee9e600-5c15-4e6e-9846-3e0393ef33e7] INFO  segmented.SegmentedRaftLogWorker (SegmentedRaftLogWorker.java:execute(569)) - 52c9bf92-1862-498b-807d-bc3bc4e1b962-SegmentedRaftLogWorker:Storage Directory /workdir/hadoop-ozone/integration-test/target/test-dir/MiniOzoneClusterImpl-6bd9aaed-b35d-4149-931a-ccebc4c13966/datanode-2/data/ratis/9ee9e600-5c15-4e6e-9846-3e0393ef33e7: created new log segment /workdir/hadoop-ozone/integration-test/target/test-dir/MiniOzoneClusterImpl-6bd9aaed-b35d-4149-931a-ccebc4c13966/datanode-2/data/ratis/9ee9e600-5c15-4e6e-9846-3e0393ef33e7/current/log_inprogress_0
2019-08-23 05:56:15,359 [c966687e-fe56-4544-bb2b-f84b5ed93afe-SegmentedRaftLogWorker:Storage Directory /workdir/hadoop-ozone/integration-test/target/test-dir/MiniOzoneClusterImpl-6bd9aaed-b35d-4149-931a-ccebc4c13966/datanode-1/data/ratis/9ee9e600-5c15-4e6e-9846-3e0393ef33e7] INFO  segmented.SegmentedRaftLogWorker (SegmentedRaftLogWorker.java:execute(569)) - c966687e-fe56-4544-bb2b-f84b5ed93afe-SegmentedRaftLogWorker:Storage Directory /workdir/hadoop-ozone/integration-test/target/test-dir/MiniOzoneClusterImpl-6bd9aaed-b35d-4149-931a-ccebc4c13966/datanode-1/data/ratis/9ee9e600-5c15-4e6e-9846-3e0393ef33e7: created new log segment /workdir/hadoop-ozone/integration-test/target/test-dir/MiniOzoneClusterImpl-6bd9aaed-b35d-4149-931a-ccebc4c13966/datanode-1/data/ratis/9ee9e600-5c15-4e6e-9846-3e0393ef33e7/current/log_inprogress_0
2019-08-23 05:56:15,359 [4c44ac83-1893-4daf-ab37-7fd3faa55fb7-SegmentedRaftLogWorker:Storage Directory /workdir/hadoop-ozone/integration-test/target/test-dir/MiniOzoneClusterImpl-6bd9aaed-b35d-4149-931a-ccebc4c13966/datanode-3/data/ratis/9ee9e600-5c15-4e6e-9846-3e0393ef33e7] INFO  segmented.SegmentedRaftLogWorker (SegmentedRaftLogWorker.java:execute(569)) - 4c44ac83-1893-4daf-ab37-7fd3faa55fb7-SegmentedRaftLogWorker:Storage Directory /workdir/hadoop-ozone/integration-test/target/test-dir/MiniOzoneClusterImpl-6bd9aaed-b35d-4149-931a-ccebc4c13966/datanode-3/data/ratis/9ee9e600-5c15-4e6e-9846-3e0393ef33e7: created new log segment /workdir/hadoop-ozone/integration-test/target/test-dir/MiniOzoneClusterImpl-6bd9aaed-b35d-4149-931a-ccebc4c13966/datanode-3/data/ratis/9ee9e600-5c15-4e6e-9846-3e0393ef33e7/current/log_inprogress_1
2019-08-23 05:56:15,370 [52c9bf92-1862-498b-807d-bc3bc4e1b962-SegmentedRaftLogWorker:Storage Directory /workdir/hadoop-ozone/integration-test/target/test-dir/MiniOzoneClusterImpl-6bd9aaed-b35d-4149-931a-ccebc4c13966/datanode-2/data/ratis/9ee9e600-5c15-4e6e-9846-3e0393ef33e7] INFO  segmented.SegmentedRaftLogWorker (SegmentedRaftLogWorker.java:execute(526)) - 52c9bf92-1862-498b-807d-bc3bc4e1b962-SegmentedRaftLogWorker:Storage Directory /workdir/hadoop-ozone/integration-test/target/test-dir/MiniOzoneClusterImpl-6bd9aaed-b35d-4149-931a-ccebc4c13966/datanode-2/data/ratis/9ee9e600-5c15-4e6e-9846-3e0393ef33e7: Rolled log segment from /workdir/hadoop-ozone/integration-test/target/test-dir/MiniOzoneClusterImpl-6bd9aaed-b35d-4149-931a-ccebc4c13966/datanode-2/data/ratis/9ee9e600-5c15-4e6e-9846-3e0393ef33e7/current/log_inprogress_0 to /workdir/hadoop-ozone/integration-test/target/test-dir/MiniOzoneClusterImpl-6bd9aaed-b35d-4149-931a-ccebc4c13966/datanode-2/data/ratis/9ee9e600-5c15-4e6e-9846-3e0393ef33e7/current/log_0-0
2019-08-23 05:56:15,371 [c966687e-fe56-4544-bb2b-f84b5ed93afe-SegmentedRaftLogWorker:Storage Directory /workdir/hadoop-ozone/integration-test/target/test-dir/MiniOzoneClusterImpl-6bd9aaed-b35d-4149-931a-ccebc4c13966/datanode-1/data/ratis/9ee9e600-5c15-4e6e-9846-3e0393ef33e7] INFO  segmented.SegmentedRaftLogWorker (SegmentedRaftLogWorker.java:execute(526)) - c966687e-fe56-4544-bb2b-f84b5ed93afe-SegmentedRaftLogWorker:Storage Directory /workdir/hadoop-ozone/integration-test/target/test-dir/MiniOzoneClusterImpl-6bd9aaed-b35d-4149-931a-ccebc4c13966/datanode-1/data/ratis/9ee9e600-5c15-4e6e-9846-3e0393ef33e7: Rolled log segment from /workdir/hadoop-ozone/integration-test/target/test-dir/MiniOzoneClusterImpl-6bd9aaed-b35d-4149-931a-ccebc4c13966/datanode-1/data/ratis/9ee9e600-5c15-4e6e-9846-3e0393ef33e7/current/log_inprogress_0 to /workdir/hadoop-ozone/integration-test/target/test-dir/MiniOzoneClusterImpl-6bd9aaed-b35d-4149-931a-ccebc4c13966/datanode-1/data/ratis/9ee9e600-5c15-4e6e-9846-3e0393ef33e7/current/log_0-0
2019-08-23 05:56:15,412 [c966687e-fe56-4544-bb2b-f84b5ed93afe-SegmentedRaftLogWorker:Storage Directory /workdir/hadoop-ozone/integration-test/target/test-dir/MiniOzoneClusterImpl-6bd9aaed-b35d-4149-931a-ccebc4c13966/datanode-1/data/ratis/9ee9e600-5c15-4e6e-9846-3e0393ef33e7] INFO  segmented.SegmentedRaftLogWorker (SegmentedRaftLogWorker.java:execute(569)) - c966687e-fe56-4544-bb2b-f84b5ed93afe-SegmentedRaftLogWorker:Storage Directory /workdir/hadoop-ozone/integration-test/target/test-dir/MiniOzoneClusterImpl-6bd9aaed-b35d-4149-931a-ccebc4c13966/datanode-1/data/ratis/9ee9e600-5c15-4e6e-9846-3e0393ef33e7: created new log segment /workdir/hadoop-ozone/integration-test/target/test-dir/MiniOzoneClusterImpl-6bd9aaed-b35d-4149-931a-ccebc4c13966/datanode-1/data/ratis/9ee9e600-5c15-4e6e-9846-3e0393ef33e7/current/log_inprogress_1
2019-08-23 05:56:15,412 [52c9bf92-1862-498b-807d-bc3bc4e1b962-SegmentedRaftLogWorker:Storage Directory /workdir/hadoop-ozone/integration-test/target/test-dir/MiniOzoneClusterImpl-6bd9aaed-b35d-4149-931a-ccebc4c13966/datanode-2/data/ratis/9ee9e600-5c15-4e6e-9846-3e0393ef33e7] INFO  segmented.SegmentedRaftLogWorker (SegmentedRaftLogWorker.java:execute(569)) - 52c9bf92-1862-498b-807d-bc3bc4e1b962-SegmentedRaftLogWorker:Storage Directory /workdir/hadoop-ozone/integration-test/target/test-dir/MiniOzoneClusterImpl-6bd9aaed-b35d-4149-931a-ccebc4c13966/datanode-2/data/ratis/9ee9e600-5c15-4e6e-9846-3e0393ef33e7: created new log segment /workdir/hadoop-ozone/integration-test/target/test-dir/MiniOzoneClusterImpl-6bd9aaed-b35d-4149-931a-ccebc4c13966/datanode-2/data/ratis/9ee9e600-5c15-4e6e-9846-3e0393ef33e7/current/log_inprogress_1
2019-08-23 05:56:15,492 | INFO  | SCMAudit | user=jenkins1000 | ip=192.168.5.178 | op=SEND_HEARTBEAT {datanodeUUID=4c44ac83-1893-4daf-ab37-7fd3faa55fb7, command=[]} | ret=SUCCESS |  
2019-08-23 05:56:15,671 | INFO  | SCMAudit | user=jenkins1000 | ip=192.168.5.178 | op=SEND_HEARTBEAT {datanodeUUID=15e6357e-aea8-47cb-8245-0b395ddeab47, command=[]} | ret=SUCCESS |  
2019-08-23 05:56:15,887 | INFO  | SCMAudit | user=jenkins1000 | ip=192.168.5.178 | op=SEND_HEARTBEAT {datanodeUUID=c966687e-fe56-4544-bb2b-f84b5ed93afe, command=[]} | ret=SUCCESS |  
2019-08-23 05:56:15,941 | INFO  | SCMAudit | user=jenkins1000 | ip=192.168.5.178 | op=SEND_HEARTBEAT {datanodeUUID=4c44ac83-1893-4daf-ab37-7fd3faa55fb7, command=[]} | ret=SUCCESS |  
2019-08-23 05:56:15,941 | INFO  | SCMAudit | user=jenkins1000 | ip=192.168.5.178 | op=SEND_HEARTBEAT {datanodeUUID=c966687e-fe56-4544-bb2b-f84b5ed93afe, command=[]} | ret=SUCCESS |  
2019-08-23 05:56:15,941 | INFO  | SCMAudit | user=jenkins1000 | ip=192.168.5.178 | op=SEND_HEARTBEAT {datanodeUUID=52c9bf92-1862-498b-807d-bc3bc4e1b962, command=[]} | ret=SUCCESS |  
2019-08-23 05:56:15,948 | INFO  | DNAudit | user=null | ip=null | op=WRITE_CHUNK {blockData=conID: 2 locID: 1566539761294 bcsId: 0} | ret=SUCCESS |  
2019-08-23 05:56:15,948 | INFO  | DNAudit | user=null | ip=null | op=WRITE_CHUNK {blockData=conID: 2 locID: 1566539761294 bcsId: 0} | ret=SUCCESS |  
2019-08-23 05:56:15,950 | INFO  | DNAudit | user=null | ip=null | op=WRITE_CHUNK {blockData=conID: 2 locID: 1566539761294 bcsId: 0} | ret=SUCCESS |  
2019-08-23 05:56:15,971 | INFO  | DNAudit | user=null | ip=null | op=WRITE_CHUNK {blockData=conID: 2 locID: 1566539761294 bcsId: 0} | ret=SUCCESS |  
2019-08-23 05:56:15,981 [grpc-default-executor-4] INFO  client.GrpcClientProtocolClient (GrpcClientProtocolClient.java:onNext(255)) - client-6CF7AAEBB919->4c44ac83-1893-4daf-ab37-7fd3faa55fb7: receive RaftClientReply:client-6CF7AAEBB919->4c44ac83-1893-4daf-ab37-7fd3faa55fb7@group-3E0393EF33E7, cid=17, SUCCESS, logIndex=3, commits[4c44ac83-1893-4daf-ab37-7fd3faa55fb7:c3, 52c9bf92-1862-498b-807d-bc3bc4e1b962:c2, c966687e-fe56-4544-bb2b-f84b5ed93afe:c2]
2019-08-23 05:56:15,992 | INFO  | DNAudit | user=null | ip=null | op=WRITE_CHUNK {blockData=conID: 2 locID: 1566539761294 bcsId: 0} | ret=SUCCESS |  
2019-08-23 05:56:15,992 | INFO  | DNAudit | user=null | ip=null | op=WRITE_CHUNK {blockData=conID: 2 locID: 1566539761294 bcsId: 0} | ret=SUCCESS |  
2019-08-23 05:56:15,999 | INFO  | SCMAudit | user=jenkins1000 | ip=192.168.5.178 | op=SEND_HEARTBEAT {datanodeUUID=24bc3e6b-0511-4266-93ad-79ecc1c5e656, command=[]} | ret=SUCCESS |  
2019-08-23 05:56:16,004 [pool-59-thread-4] WARN  impl.ChunkManagerImpl (ChunkUtils.java:validateChunkForOverwrite(218)) - Duplicate write chunk request. Chunk overwrite without explicit request. ChunkInfo{chunkName='1566539761294.data.0, offset=0, len=1048576}
2019-08-23 05:56:16,004 [pool-59-thread-4] WARN  impl.ChunkManagerImpl (ChunkManagerImpl.java:writeChunk(111)) - ChunkFile already exists/workdir/hadoop-ozone/integration-test/target/test-dir/MiniOzoneClusterImpl-6bd9aaed-b35d-4149-931a-ccebc4c13966/datanode-3/data/containers/hdds/3d494c66-9d59-4dc0-aa3d-7bd13f80fc0f/current/containerDir0/2/chunks/1566539761294.data.0.Deleting it.
2019-08-23 05:56:16,008 | INFO  | DNAudit | user=null | ip=null | op=WRITE_CHUNK {blockData=conID: 2 locID: 1566539761294 bcsId: 0} | ret=SUCCESS |  
2019-08-23 05:56:16,012 [pool-48-thread-2] WARN  impl.ChunkManagerImpl (ChunkUtils.java:validateChunkForOverwrite(218)) - Duplicate write chunk request. Chunk overwrite without explicit request. ChunkInfo{chunkName='1566539761294.data.0, offset=0, len=1048576}
2019-08-23 05:56:16,012 [pool-48-thread-2] WARN  impl.ChunkManagerImpl (ChunkManagerImpl.java:writeChunk(111)) - ChunkFile already exists/workdir/hadoop-ozone/integration-test/target/test-dir/MiniOzoneClusterImpl-6bd9aaed-b35d-4149-931a-ccebc4c13966/datanode-2/data/containers/hdds/3d494c66-9d59-4dc0-aa3d-7bd13f80fc0f/current/containerDir0/2/chunks/1566539761294.data.0.Deleting it.
2019-08-23 05:56:16,012 [pool-37-thread-2] WARN  impl.ChunkManagerImpl (ChunkUtils.java:validateChunkForOverwrite(218)) - Duplicate write chunk request. Chunk overwrite without explicit request. ChunkInfo{chunkName='1566539761294.data.0, offset=0, len=1048576}
2019-08-23 05:56:16,013 [pool-37-thread-2] WARN  impl.ChunkManagerImpl (ChunkManagerImpl.java:writeChunk(111)) - ChunkFile already exists/workdir/hadoop-ozone/integration-test/target/test-dir/MiniOzoneClusterImpl-6bd9aaed-b35d-4149-931a-ccebc4c13966/datanode-1/data/containers/hdds/3d494c66-9d59-4dc0-aa3d-7bd13f80fc0f/current/containerDir0/2/chunks/1566539761294.data.0.Deleting it.
2019-08-23 05:56:16,016 | INFO  | DNAudit | user=null | ip=null | op=WRITE_CHUNK {blockData=conID: 2 locID: 1566539761294 bcsId: 0} | ret=SUCCESS |  
2019-08-23 05:56:16,017 | INFO  | DNAudit | user=null | ip=null | op=WRITE_CHUNK {blockData=conID: 2 locID: 1566539761294 bcsId: 0} | ret=SUCCESS |  
2019-08-23 05:56:16,059 | INFO  | DNAudit | user=null | ip=null | op=PUT_BLOCK {blockData=[blockId=conID: 2 locID: 1566539761294 bcsId: 0,size=1048576]} | ret=SUCCESS |  
2019-08-23 05:56:16,072 | INFO  | DNAudit | user=null | ip=null | op=WRITE_CHUNK {blockData=conID: 2 locID: 1566539761294 bcsId: 0} | ret=SUCCESS |  
2019-08-23 05:56:16,072 | INFO  | SCMAudit | user=jenkins1000 | ip=192.168.5.178 | op=SEND_HEARTBEAT {datanodeUUID=781bd35e-1b02-4d87-8018-c7fb2dd5a815, command=[]} | ret=SUCCESS |  
2019-08-23 05:56:16,072 | INFO  | SCMAudit | user=jenkins1000 | ip=192.168.5.178 | op=SEND_HEARTBEAT {datanodeUUID=3ae059f1-8014-46a3-b512-c7345dae772c, command=[]} | ret=SUCCESS |  
2019-08-23 05:56:16,073 [grpc-default-executor-4] INFO  client.GrpcClientProtocolClient (GrpcClientProtocolClient.java:onNext(255)) - client-6CF7AAEBB919->4c44ac83-1893-4daf-ab37-7fd3faa55fb7: receive RaftClientReply:client-6CF7AAEBB919->4c44ac83-1893-4daf-ab37-7fd3faa55fb7@group-3E0393EF33E7, cid=18, SUCCESS, logIndex=5, commits[4c44ac83-1893-4daf-ab37-7fd3faa55fb7:c9, 52c9bf92-1862-498b-807d-bc3bc4e1b962:c8, c966687e-fe56-4544-bb2b-f84b5ed93afe:c8]
2019-08-23 05:56:16,075 [grpc-default-executor-4] INFO  client.GrpcClientProtocolClient (GrpcClientProtocolClient.java:onNext(255)) - client-6CF7AAEBB919->4c44ac83-1893-4daf-ab37-7fd3faa55fb7: receive RaftClientReply:client-6CF7AAEBB919->4c44ac83-1893-4daf-ab37-7fd3faa55fb7@group-3E0393EF33E7, cid=19, SUCCESS, logIndex=6, commits[4c44ac83-1893-4daf-ab37-7fd3faa55fb7:c9, 52c9bf92-1862-498b-807d-bc3bc4e1b962:c8, c966687e-fe56-4544-bb2b-f84b5ed93afe:c8]
2019-08-23 05:56:16,128 | INFO  | DNAudit | user=null | ip=null | op=PUT_BLOCK {blockData=[blockId=conID: 2 locID: 1566539761294 bcsId: 0,size=1048576]} | ret=SUCCESS |  
2019-08-23 05:56:16,129 | INFO  | DNAudit | user=null | ip=null | op=WRITE_CHUNK {blockData=conID: 2 locID: 1566539761294 bcsId: 0} | ret=SUCCESS |  
2019-08-23 05:56:16,187 | INFO  | DNAudit | user=null | ip=null | op=PUT_BLOCK {blockData=[blockId=conID: 2 locID: 1566539761294 bcsId: 0,size=1048576]} | ret=SUCCESS |  
2019-08-23 05:56:16,187 | INFO  | DNAudit | user=null | ip=null | op=PUT_BLOCK {blockData=[blockId=conID: 2 locID: 1566539761294 bcsId: 0,size=1048576]} | ret=SUCCESS |  
2019-08-23 05:56:16,188 | INFO  | DNAudit | user=null | ip=null | op=PUT_BLOCK {blockData=[blockId=conID: 2 locID: 1566539761294 bcsId: 0,size=1048576]} | ret=SUCCESS |  
2019-08-23 05:56:16,189 | INFO  | DNAudit | user=null | ip=null | op=WRITE_CHUNK {blockData=conID: 2 locID: 1566539761294 bcsId: 0} | ret=SUCCESS |  
2019-08-23 05:56:16,190 | INFO  | DNAudit | user=null | ip=null | op=PUT_BLOCK {blockData=[blockId=conID: 2 locID: 1566539761294 bcsId: 0,size=1048576]} | ret=SUCCESS |  
2019-08-23 05:56:16,190 [grpc-default-executor-4] INFO  client.GrpcClientProtocolClient (GrpcClientProtocolClient.java:onNext(255)) - client-6CF7AAEBB919->4c44ac83-1893-4daf-ab37-7fd3faa55fb7: receive RaftClientReply:client-6CF7AAEBB919->4c44ac83-1893-4daf-ab37-7fd3faa55fb7@group-3E0393EF33E7, cid=20, SUCCESS, logIndex=7, commits[4c44ac83-1893-4daf-ab37-7fd3faa55fb7:c9, 52c9bf92-1862-498b-807d-bc3bc4e1b962:c8, c966687e-fe56-4544-bb2b-f84b5ed93afe:c8]
2019-08-23 05:56:16,191 [main] INFO  datanode.ObjectStoreHandler (ObjectStoreHandler.java:close(155)) - Closing ObjectStoreHandler.
2019-08-23 05:56:16,193 [main] INFO  ozone.HddsDatanodeService (HddsDatanodeService.java:stop(451)) - Stopped plug-in org.apache.hadoop.ozone.web.OzoneHddsDatanodeService@64f4f12
2019-08-23 05:56:16,671 | INFO  | SCMAudit | user=jenkins1000 | ip=192.168.5.178 | op=SEND_HEARTBEAT {datanodeUUID=15e6357e-aea8-47cb-8245-0b395ddeab47, command=[]} | ret=SUCCESS |  
2019-08-23 05:56:16,939 [Datanode State Machine Thread - 0] INFO  statemachine.DatanodeStateMachine (DatanodeStateMachine.java:lambda$startDaemon$0(350)) - Ozone container server started.
2019-08-23 05:56:16,941 | INFO  | SCMAudit | user=jenkins1000 | ip=192.168.5.178 | op=SEND_HEARTBEAT {datanodeUUID=c966687e-fe56-4544-bb2b-f84b5ed93afe, command=[]} | ret=SUCCESS |  
2019-08-23 05:56:16,941 | INFO  | SCMAudit | user=jenkins1000 | ip=192.168.5.178 | op=SEND_HEARTBEAT {datanodeUUID=4c44ac83-1893-4daf-ab37-7fd3faa55fb7, command=[]} | ret=SUCCESS |  
2019-08-23 05:56:17,000 | INFO  | SCMAudit | user=jenkins1000 | ip=192.168.5.178 | op=SEND_HEARTBEAT {datanodeUUID=24bc3e6b-0511-4266-93ad-79ecc1c5e656, command=[]} | ret=SUCCESS |  
2019-08-23 05:56:17,070 | INFO  | SCMAudit | user=jenkins1000 | ip=192.168.5.178 | op=SEND_HEARTBEAT {datanodeUUID=3ae059f1-8014-46a3-b512-c7345dae772c, command=[]} | ret=SUCCESS |  
2019-08-23 05:56:17,070 | INFO  | SCMAudit | user=jenkins1000 | ip=192.168.5.178 | op=SEND_HEARTBEAT {datanodeUUID=781bd35e-1b02-4d87-8018-c7fb2dd5a815, command=[]} | ret=SUCCESS |  
2019-08-23 05:56:17,672 | INFO  | SCMAudit | user=jenkins1000 | ip=192.168.5.178 | op=SEND_HEARTBEAT {datanodeUUID=15e6357e-aea8-47cb-8245-0b395ddeab47, command=[]} | ret=SUCCESS |  
2019-08-23 05:56:17,940 | INFO  | SCMAudit | user=jenkins1000 | ip=192.168.5.178 | op=SEND_HEARTBEAT {datanodeUUID=4c44ac83-1893-4daf-ab37-7fd3faa55fb7, command=[]} | ret=SUCCESS |  
2019-08-23 05:56:17,940 | INFO  | SCMAudit | user=jenkins1000 | ip=192.168.5.178 | op=SEND_HEARTBEAT {datanodeUUID=c966687e-fe56-4544-bb2b-f84b5ed93afe, command=[]} | ret=SUCCESS |  
2019-08-23 05:56:18,001 | INFO  | SCMAudit | user=jenkins1000 | ip=192.168.5.178 | op=SEND_HEARTBEAT {datanodeUUID=24bc3e6b-0511-4266-93ad-79ecc1c5e656, command=[]} | ret=SUCCESS |  
2019-08-23 05:56:18,070 | INFO  | SCMAudit | user=jenkins1000 | ip=192.168.5.178 | op=SEND_HEARTBEAT {datanodeUUID=781bd35e-1b02-4d87-8018-c7fb2dd5a815, command=[]} | ret=SUCCESS |  
2019-08-23 05:56:18,070 | INFO  | SCMAudit | user=jenkins1000 | ip=192.168.5.178 | op=SEND_HEARTBEAT {datanodeUUID=3ae059f1-8014-46a3-b512-c7345dae772c, command=[]} | ret=SUCCESS |  
2019-08-23 05:56:18,672 | INFO  | SCMAudit | user=jenkins1000 | ip=192.168.5.178 | op=SEND_HEARTBEAT {datanodeUUID=15e6357e-aea8-47cb-8245-0b395ddeab47, command=[]} | ret=SUCCESS |  
2019-08-23 05:56:18,941 | INFO  | SCMAudit | user=jenkins1000 | ip=192.168.5.178 | op=SEND_HEARTBEAT {datanodeUUID=c966687e-fe56-4544-bb2b-f84b5ed93afe, command=[]} | ret=SUCCESS |  
2019-08-23 05:56:18,941 | INFO  | SCMAudit | user=jenkins1000 | ip=192.168.5.178 | op=SEND_HEARTBEAT {datanodeUUID=4c44ac83-1893-4daf-ab37-7fd3faa55fb7, command=[]} | ret=SUCCESS |  
2019-08-23 05:56:19,000 | INFO  | SCMAudit | user=jenkins1000 | ip=192.168.5.178 | op=SEND_HEARTBEAT {datanodeUUID=24bc3e6b-0511-4266-93ad-79ecc1c5e656, command=[]} | ret=SUCCESS |  
2019-08-23 05:56:19,016 [EventQueue-StaleNodeForStaleNodeHandler] INFO  node.StaleNodeHandler (StaleNodeHandler.java:onMessage(58)) - Datanode 52c9bf92-1862-498b-807d-bc3bc4e1b962{ip: 192.168.5.178, host: trunk-nightly-zfkm8-417691344, networkLocation: /default-rack, certSerialId: null} moved to stale state. Finalizing its pipelines [PipelineID=2606c4a9-2864-4a44-95b1-e3f86ee4a7d8, PipelineID=9ee9e600-5c15-4e6e-9846-3e0393ef33e7]
2019-08-23 05:56:19,016 [EventQueue-StaleNodeForStaleNodeHandler] INFO  pipeline.SCMPipelineManager (SCMPipelineManager.java:finalizeAndDestroyPipeline(309)) - destroying pipeline:Pipeline[ Id: 2606c4a9-2864-4a44-95b1-e3f86ee4a7d8, Nodes: 52c9bf92-1862-498b-807d-bc3bc4e1b962{ip: 192.168.5.178, host: trunk-nightly-zfkm8-417691344, networkLocation: /default-rack, certSerialId: null}, Type:RATIS, Factor:ONE, State:OPEN]
2019-08-23 05:56:19,018 [EventQueue-StaleNodeForStaleNodeHandler] INFO  pipeline.PipelineStateManager (PipelineStateManager.java:finalizePipeline(123)) - Pipeline Pipeline[ Id: 2606c4a9-2864-4a44-95b1-e3f86ee4a7d8, Nodes: 52c9bf92-1862-498b-807d-bc3bc4e1b962{ip: 192.168.5.178, host: trunk-nightly-zfkm8-417691344, networkLocation: /default-rack, certSerialId: null}, Type:RATIS, Factor:ONE, State:CLOSED] moved to CLOSED state
2019-08-23 05:56:19,019 [EventQueue-StaleNodeForStaleNodeHandler] INFO  pipeline.SCMPipelineManager (SCMPipelineManager.java:finalizeAndDestroyPipeline(309)) - destroying pipeline:Pipeline[ Id: 9ee9e600-5c15-4e6e-9846-3e0393ef33e7, Nodes: 52c9bf92-1862-498b-807d-bc3bc4e1b962{ip: 192.168.5.178, host: trunk-nightly-zfkm8-417691344, networkLocation: /default-rack, certSerialId: null}c966687e-fe56-4544-bb2b-f84b5ed93afe{ip: 192.168.5.178, host: trunk-nightly-zfkm8-417691344, networkLocation: /default-rack, certSerialId: null}4c44ac83-1893-4daf-ab37-7fd3faa55fb7{ip: 192.168.5.178, host: trunk-nightly-zfkm8-417691344, networkLocation: /default-rack, certSerialId: null}, Type:RATIS, Factor:THREE, State:OPEN]
2019-08-23 05:56:19,020 [EventQueue-StaleNodeForStaleNodeHandler] INFO  pipeline.PipelineStateManager (PipelineStateManager.java:finalizePipeline(123)) - Pipeline Pipeline[ Id: 9ee9e600-5c15-4e6e-9846-3e0393ef33e7, Nodes: 52c9bf92-1862-498b-807d-bc3bc4e1b962{ip: 192.168.5.178, host: trunk-nightly-zfkm8-417691344, networkLocation: /default-rack, certSerialId: null}c966687e-fe56-4544-bb2b-f84b5ed93afe{ip: 192.168.5.178, host: trunk-nightly-zfkm8-417691344, networkLocation: /default-rack, certSerialId: null}4c44ac83-1893-4daf-ab37-7fd3faa55fb7{ip: 192.168.5.178, host: trunk-nightly-zfkm8-417691344, networkLocation: /default-rack, certSerialId: null}, Type:RATIS, Factor:THREE, State:CLOSED] moved to CLOSED state
2019-08-23 05:56:19,021 [EventQueue-CloseContainerForCloseContainerEventHandler] INFO  container.CloseContainerEventHandler (CloseContainerEventHandler.java:onMessage(61)) - Close container Event triggered for container : #2
2019-08-23 05:56:19,070 | INFO  | SCMAudit | user=jenkins1000 | ip=192.168.5.178 | op=SEND_HEARTBEAT {datanodeUUID=781bd35e-1b02-4d87-8018-c7fb2dd5a815, command=[]} | ret=SUCCESS |  
2019-08-23 05:56:19,070 | INFO  | SCMAudit | user=jenkins1000 | ip=192.168.5.178 | op=SEND_HEARTBEAT {datanodeUUID=3ae059f1-8014-46a3-b512-c7345dae772c, command=[]} | ret=SUCCESS |  
2019-08-23 05:56:19,673 | INFO  | SCMAudit | user=jenkins1000 | ip=192.168.5.178 | op=SEND_HEARTBEAT {datanodeUUID=15e6357e-aea8-47cb-8245-0b395ddeab47, command=[]} | ret=SUCCESS |  
2019-08-23 05:56:19,986 | INFO  | SCMAudit | user=jenkins1000 | ip=192.168.5.178 | op=SEND_HEARTBEAT {datanodeUUID=c966687e-fe56-4544-bb2b-f84b5ed93afe, command=[commandType: closeContainerCommand closeContainerCommandProto { containerID: 2 pipelineID { id: "9ee9e600-5c15-4e6e-9846-3e0393ef33e7" } cmdId: 2 force: false } ]} | ret=SUCCESS |  
2019-08-23 05:56:19,986 | INFO  | SCMAudit | user=jenkins1000 | ip=192.168.5.178 | op=SEND_HEARTBEAT {datanodeUUID=4c44ac83-1893-4daf-ab37-7fd3faa55fb7, command=[commandType: closeContainerCommand closeContainerCommandProto { containerID: 2 pipelineID { id: "9ee9e600-5c15-4e6e-9846-3e0393ef33e7" } cmdId: 2 force: false } ]} | ret=SUCCESS |  
2019-08-23 05:56:20,000 | INFO  | SCMAudit | user=jenkins1000 | ip=192.168.5.178 | op=SEND_HEARTBEAT {datanodeUUID=24bc3e6b-0511-4266-93ad-79ecc1c5e656, command=[]} | ret=SUCCESS |  
2019-08-23 05:56:20,070 | INFO  | SCMAudit | user=jenkins1000 | ip=192.168.5.178 | op=SEND_HEARTBEAT {datanodeUUID=3ae059f1-8014-46a3-b512-c7345dae772c, command=[]} | ret=SUCCESS |  
2019-08-23 05:56:20,070 | INFO  | SCMAudit | user=jenkins1000 | ip=192.168.5.178 | op=SEND_HEARTBEAT {datanodeUUID=781bd35e-1b02-4d87-8018-c7fb2dd5a815, command=[]} | ret=SUCCESS |  
2019-08-23 05:56:20,673 | INFO  | SCMAudit | user=jenkins1000 | ip=192.168.5.178 | op=SEND_HEARTBEAT {datanodeUUID=15e6357e-aea8-47cb-8245-0b395ddeab47, command=[]} | ret=SUCCESS |  
2019-08-23 05:56:20,942 | INFO  | SCMAudit | user=jenkins1000 | ip=192.168.5.178 | op=SEND_HEARTBEAT {datanodeUUID=4c44ac83-1893-4daf-ab37-7fd3faa55fb7, command=[]} | ret=SUCCESS |  
2019-08-23 05:56:20,942 | INFO  | SCMAudit | user=jenkins1000 | ip=192.168.5.178 | op=SEND_HEARTBEAT {datanodeUUID=c966687e-fe56-4544-bb2b-f84b5ed93afe, command=[]} | ret=SUCCESS |  
2019-08-23 05:56:21,000 | INFO  | SCMAudit | user=jenkins1000 | ip=192.168.5.178 | op=SEND_HEARTBEAT {datanodeUUID=24bc3e6b-0511-4266-93ad-79ecc1c5e656, command=[]} | ret=SUCCESS |  
2019-08-23 05:56:21,071 | INFO  | SCMAudit | user=jenkins1000 | ip=192.168.5.178 | op=SEND_HEARTBEAT {datanodeUUID=3ae059f1-8014-46a3-b512-c7345dae772c, command=[]} | ret=SUCCESS |  
2019-08-23 05:56:21,071 | INFO  | SCMAudit | user=jenkins1000 | ip=192.168.5.178 | op=SEND_HEARTBEAT {datanodeUUID=781bd35e-1b02-4d87-8018-c7fb2dd5a815, command=[]} | ret=SUCCESS |  
2019-08-23 05:56:21,195 [main] INFO  ozoneimpl.OzoneContainer (OzoneContainer.java:stop(199)) - Attempting to stop container services.
2019-08-23 05:56:21,197 [main] INFO  impl.RaftServerProxy (RaftServerProxy.java:lambda$close$4(314)) - 52c9bf92-1862-498b-807d-bc3bc4e1b962: close
2019-08-23 05:56:21,199 [main] INFO  impl.RaftServerImpl (RaftServerImpl.java:lambda$shutdown$3(245)) - 52c9bf92-1862-498b-807d-bc3bc4e1b962: shutdown group-E3F86EE4A7D8
2019-08-23 05:56:21,199 [main] INFO  util.JmxRegister (JmxRegister.java:unregister(73)) - Successfully un-registered JMX Bean with object name Ratis:service=RaftServer,group=group-E3F86EE4A7D8,id=52c9bf92-1862-498b-807d-bc3bc4e1b962
2019-08-23 05:56:21,200 [main] INFO  impl.RoleInfo (RoleInfo.java:shutdownLeaderState(104)) - 52c9bf92-1862-498b-807d-bc3bc4e1b962: shutdown LeaderState
2019-08-23 05:56:21,200 [main] INFO  impl.PendingRequests (PendingRequests.java:sendNotLeaderResponses(202)) - 52c9bf92-1862-498b-807d-bc3bc4e1b962-PendingRequests: sendNotLeaderResponses
2019-08-23 05:56:21,205 [main] INFO  impl.StateMachineUpdater (StateMachineUpdater.java:stopAndJoin(115)) - StateMachineUpdater:52c9bf92-1862-498b-807d-bc3bc4e1b962:group-E3F86EE4A7D8: set stopIndex = 0
2019-08-23 05:56:21,205 [main] INFO  impl.RaftServerImpl (ServerState.java:close(394)) - 52c9bf92-1862-498b-807d-bc3bc4e1b962:group-E3F86EE4A7D8 closes. The last applied log index is 0
2019-08-23 05:56:21,207 [52c9bf92-1862-498b-807d-bc3bc4e1b962-SegmentedRaftLogWorker:Storage Directory /workdir/hadoop-ozone/integration-test/target/test-dir/MiniOzoneClusterImpl-6bd9aaed-b35d-4149-931a-ccebc4c13966/datanode-2/data/ratis/2606c4a9-2864-4a44-95b1-e3f86ee4a7d8] INFO  segmented.SegmentedRaftLogWorker (SegmentedRaftLogWorker.java:run(313)) - 52c9bf92-1862-498b-807d-bc3bc4e1b962-SegmentedRaftLogWorker:Storage Directory /workdir/hadoop-ozone/integration-test/target/test-dir/MiniOzoneClusterImpl-6bd9aaed-b35d-4149-931a-ccebc4c13966/datanode-2/data/ratis/2606c4a9-2864-4a44-95b1-e3f86ee4a7d8 was interrupted, exiting. There are 0 tasks remaining in the queue.
2019-08-23 05:56:21,221 [main] INFO  segmented.SegmentedRaftLogWorker (SegmentedRaftLogWorker.java:close(228)) - 52c9bf92-1862-498b-807d-bc3bc4e1b962-SegmentedRaftLogWorker:Storage Directory /workdir/hadoop-ozone/integration-test/target/test-dir/MiniOzoneClusterImpl-6bd9aaed-b35d-4149-931a-ccebc4c13966/datanode-2/data/ratis/2606c4a9-2864-4a44-95b1-e3f86ee4a7d8 close()
2019-08-23 05:56:21,226 [main] INFO  impl.RaftServerImpl (RaftServerImpl.java:lambda$shutdown$3(245)) - 52c9bf92-1862-498b-807d-bc3bc4e1b962: shutdown group-3E0393EF33E7
2019-08-23 05:56:21,226 [main] INFO  util.JmxRegister (JmxRegister.java:unregister(73)) - Successfully un-registered JMX Bean with object name Ratis:service=RaftServer,group=group-3E0393EF33E7,id=52c9bf92-1862-498b-807d-bc3bc4e1b962
2019-08-23 05:56:21,227 [main] INFO  impl.RoleInfo (RoleInfo.java:shutdownFollowerState(121)) - 52c9bf92-1862-498b-807d-bc3bc4e1b962: shutdown FollowerState
2019-08-23 05:56:21,227 [main] INFO  impl.StateMachineUpdater (StateMachineUpdater.java:stopAndJoin(115)) - StateMachineUpdater:52c9bf92-1862-498b-807d-bc3bc4e1b962:group-3E0393EF33E7: set stopIndex = 9
2019-08-23 05:56:21,227 [Thread-451] INFO  impl.FollowerState (FollowerState.java:run(114)) - 52c9bf92-1862-498b-807d-bc3bc4e1b962: FollowerState was interrupted: java.lang.InterruptedException: sleep interrupted
2019-08-23 05:56:21,228 [StateMachineUpdater:52c9bf92-1862-498b-807d-bc3bc4e1b962:group-3E0393EF33E7] INFO  ratis.ContainerStateMachine (ContainerStateMachine.java:takeSnapshot(283)) - group-3E0393EF33E7: Taking a snapshot at:(t:5, i:8) file /workdir/hadoop-ozone/integration-test/target/test-dir/MiniOzoneClusterImpl-6bd9aaed-b35d-4149-931a-ccebc4c13966/datanode-2/data/ratis/9ee9e600-5c15-4e6e-9846-3e0393ef33e7/sm/snapshot.5_8
2019-08-23 05:56:21,269 [StateMachineUpdater:52c9bf92-1862-498b-807d-bc3bc4e1b962:group-3E0393EF33E7] INFO  ratis.ContainerStateMachine (ContainerStateMachine.java:takeSnapshot(294)) - group-3E0393EF33E7: Finished taking a snapshot at:(t:5, i:8) file:/workdir/hadoop-ozone/integration-test/target/test-dir/MiniOzoneClusterImpl-6bd9aaed-b35d-4149-931a-ccebc4c13966/datanode-2/data/ratis/9ee9e600-5c15-4e6e-9846-3e0393ef33e7/sm/snapshot.5_8 time:42
2019-08-23 05:56:21,269 [StateMachineUpdater:52c9bf92-1862-498b-807d-bc3bc4e1b962:group-3E0393EF33E7] INFO  impl.StateMachineUpdater (StateMachineUpdater.java:takeSnapshot(242)) - StateMachineUpdater:52c9bf92-1862-498b-807d-bc3bc4e1b962:group-3E0393EF33E7: Took a snapshot at index 8
2019-08-23 05:56:21,272 [StateMachineUpdater:52c9bf92-1862-498b-807d-bc3bc4e1b962:group-3E0393EF33E7] INFO  impl.StateMachineUpdater (StateMachineUpdater.java:lambda$new$0(80)) - StateMachineUpdater:52c9bf92-1862-498b-807d-bc3bc4e1b962:group-3E0393EF33E7: snapshotIndex: updateIncreasingly -1 -> 8
2019-08-23 05:56:21,278 [main] INFO  impl.RaftServerImpl (ServerState.java:close(394)) - 52c9bf92-1862-498b-807d-bc3bc4e1b962:group-3E0393EF33E7 closes. The last applied log index is 9
2019-08-23 05:56:21,278 [52c9bf92-1862-498b-807d-bc3bc4e1b962-SegmentedRaftLogWorker:Storage Directory /workdir/hadoop-ozone/integration-test/target/test-dir/MiniOzoneClusterImpl-6bd9aaed-b35d-4149-931a-ccebc4c13966/datanode-2/data/ratis/9ee9e600-5c15-4e6e-9846-3e0393ef33e7] INFO  segmented.SegmentedRaftLogWorker (SegmentedRaftLogWorker.java:run(313)) - 52c9bf92-1862-498b-807d-bc3bc4e1b962-SegmentedRaftLogWorker:Storage Directory /workdir/hadoop-ozone/integration-test/target/test-dir/MiniOzoneClusterImpl-6bd9aaed-b35d-4149-931a-ccebc4c13966/datanode-2/data/ratis/9ee9e600-5c15-4e6e-9846-3e0393ef33e7 was interrupted, exiting. There are 0 tasks remaining in the queue.
2019-08-23 05:56:21,280 [main] INFO  segmented.SegmentedRaftLogWorker (SegmentedRaftLogWorker.java:close(228)) - 52c9bf92-1862-498b-807d-bc3bc4e1b962-SegmentedRaftLogWorker:Storage Directory /workdir/hadoop-ozone/integration-test/target/test-dir/MiniOzoneClusterImpl-6bd9aaed-b35d-4149-931a-ccebc4c13966/datanode-2/data/ratis/9ee9e600-5c15-4e6e-9846-3e0393ef33e7 close()
2019-08-23 05:56:21,285 [main] INFO  server.GrpcService (GrpcService.java:closeImpl(155)) - 52c9bf92-1862-498b-807d-bc3bc4e1b962: shutdown server with port 36600 now
2019-08-23 05:56:21,292 [main] INFO  server.GrpcService (GrpcService.java:closeImpl(163)) - 52c9bf92-1862-498b-807d-bc3bc4e1b962: shutdown server with port 36600 successfully
2019-08-23 05:56:21,293 [grpc-default-executor-4] WARN  server.GrpcServerProtocolService (LogUtils.java:warn(134)) - 52c9bf92-1862-498b-807d-bc3bc4e1b962: appendEntries onError: org.apache.ratis.thirdparty.io.grpc.StatusRuntimeException: CANCELLED: cancelled before receiving half close
2019-08-23 05:56:21,296 [grpc-default-executor-3] WARN  server.GrpcLogAppender (LogUtils.java:warn(134)) - 4c44ac83-1893-4daf-ab37-7fd3faa55fb7->52c9bf92-1862-498b-807d-bc3bc4e1b962: Failed appendEntries: org.apache.ratis.thirdparty.io.grpc.StatusRuntimeException: CANCELLED: HTTP/2 error code: CANCEL
Received Rst Stream
2019-08-23 05:56:21,299 [grpc-default-executor-3] INFO  impl.FollowerInfo (FollowerInfo.java:lambda$new$0(50)) - 4c44ac83-1893-4daf-ab37-7fd3faa55fb7->52c9bf92-1862-498b-807d-bc3bc4e1b962: nextIndex: updateUnconditionally 10 -> 9
2019-08-23 05:56:21,312 [main] INFO  utils.BackgroundService (BackgroundService.java:shutdown(148)) - Shutting down service BlockDeletingService
2019-08-23 05:56:21,314 [refreshUsed-/workdir/hadoop-ozone/integration-test/target/test-dir/MiniOzoneClusterImpl-6bd9aaed-b35d-4149-931a-ccebc4c13966/datanode-2/data/containers] WARN  fs.CachingGetSpaceUsed (CachingGetSpaceUsed.java:run(183)) - Thread Interrupted waiting to refresh disk information: sleep interrupted
2019-08-23 05:56:21,341 [main] INFO  statemachine.DatanodeStateMachine (DatanodeStateMachine.java:stopDaemon(395)) - Ozone container server stopped.
2019-08-23 05:56:21,348 [main] INFO  handler.ContextHandler (ContextHandler.java:doStop(910)) - Stopped o.e.j.w.WebAppContext@1d289d3f{/,null,UNAVAILABLE}{/hddsDatanode}
2019-08-23 05:56:21,356 [main] INFO  server.AbstractConnector (AbstractConnector.java:doStop(318)) - Stopped ServerConnector@10f405ff{HTTP/1.1,[http/1.1]}{0.0.0.0:0}
2019-08-23 05:56:21,357 [main] INFO  handler.ContextHandler (ContextHandler.java:doStop(910)) - Stopped o.e.j.s.ServletContextHandler@6df4af5{/static,jar:file:/home/user/.m2/repository/org/apache/hadoop/hadoop-hdds-container-service/0.5.0-SNAPSHOT/hadoop-hdds-container-service-0.5.0-SNAPSHOT.jar!/webapps/static,UNAVAILABLE}
2019-08-23 05:56:21,357 [main] INFO  handler.ContextHandler (ContextHandler.java:doStop(910)) - Stopped o.e.j.s.ServletContextHandler@4966bab1{/logs,file:///workdir/hadoop-ozone/integration-test/target/log,UNAVAILABLE}
2019-08-23 05:56:21,360 [main] INFO  datanode.ObjectStoreHandler (ObjectStoreHandler.java:close(155)) - Closing ObjectStoreHandler.
2019-08-23 05:56:21,361 [main] INFO  ozone.HddsDatanodeService (HddsDatanodeService.java:stop(451)) - Stopped plug-in org.apache.hadoop.ozone.web.OzoneHddsDatanodeService@7558c24b
2019-08-23 05:56:21,675 | INFO  | SCMAudit | user=jenkins1000 | ip=192.168.5.178 | op=SEND_HEARTBEAT {datanodeUUID=15e6357e-aea8-47cb-8245-0b395ddeab47, command=[]} | ret=SUCCESS |  
2019-08-23 05:56:21,940 [Datanode State Machine Thread - 0] INFO  statemachine.DatanodeStateMachine (DatanodeStateMachine.java:lambda$startDaemon$0(350)) - Ozone container server started.
2019-08-23 05:56:21,941 | INFO  | SCMAudit | user=jenkins1000 | ip=192.168.5.178 | op=SEND_HEARTBEAT {datanodeUUID=4c44ac83-1893-4daf-ab37-7fd3faa55fb7, command=[]} | ret=SUCCESS |  
2019-08-23 05:56:21,960 | INFO  | SCMAudit | user=jenkins1000 | ip=192.168.5.178 | op=SEND_HEARTBEAT {datanodeUUID=4c44ac83-1893-4daf-ab37-7fd3faa55fb7, command=[]} | ret=SUCCESS |  
2019-08-23 05:56:21,971 [grpc-default-executor-4] WARN  server.GrpcLogAppender (LogUtils.java:warn(134)) - 4c44ac83-1893-4daf-ab37-7fd3faa55fb7->52c9bf92-1862-498b-807d-bc3bc4e1b962: Failed appendEntries: org.apache.ratis.thirdparty.io.grpc.StatusRuntimeException: UNAVAILABLE: io exception
2019-08-23 05:56:21,974 [grpc-default-executor-4] INFO  impl.FollowerInfo (FollowerInfo.java:lambda$new$0(50)) - 4c44ac83-1893-4daf-ab37-7fd3faa55fb7->52c9bf92-1862-498b-807d-bc3bc4e1b962: nextIndex: updateUnconditionally 10 -> 9
2019-08-23 05:56:21,978 [grpc-default-executor-0] WARN  server.GrpcLogAppender (LogUtils.java:warn(134)) - 4c44ac83-1893-4daf-ab37-7fd3faa55fb7->52c9bf92-1862-498b-807d-bc3bc4e1b962: Failed appendEntries: org.apache.ratis.thirdparty.io.grpc.StatusRuntimeException: UNAVAILABLE: io exception
2019-08-23 05:56:21,981 [grpc-default-executor-0] INFO  impl.FollowerInfo (FollowerInfo.java:lambda$new$0(50)) - 4c44ac83-1893-4daf-ab37-7fd3faa55fb7->52c9bf92-1862-498b-807d-bc3bc4e1b962: nextIndex: updateUnconditionally 10 -> 9
2019-08-23 05:56:21,994 [grpc-default-executor-3] WARN  server.GrpcLogAppender (LogUtils.java:warn(134)) - 4c44ac83-1893-4daf-ab37-7fd3faa55fb7->52c9bf92-1862-498b-807d-bc3bc4e1b962: Failed appendEntries: org.apache.ratis.thirdparty.io.grpc.StatusRuntimeException: UNAVAILABLE: io exception
2019-08-23 05:56:21,996 [grpc-default-executor-3] INFO  impl.FollowerInfo (FollowerInfo.java:lambda$new$0(50)) - 4c44ac83-1893-4daf-ab37-7fd3faa55fb7->52c9bf92-1862-498b-807d-bc3bc4e1b962: nextIndex: updateUnconditionally 10 -> 9
2019-08-23 05:56:22,001 | INFO  | SCMAudit | user=jenkins1000 | ip=192.168.5.178 | op=SEND_HEARTBEAT {datanodeUUID=24bc3e6b-0511-4266-93ad-79ecc1c5e656, command=[]} | ret=SUCCESS |  
2019-08-23 05:56:22,067 [RatisApplyTransactionExecutor 2] INFO  interfaces.Container (KeyValueContainer.java:compactDB(356)) - Container 2 is closed with bcsId 7.
2019-08-23 05:56:22,067 | INFO  | DNAudit | user=null | ip=null | op=CLOSE_CONTAINER {containerID=2} | ret=SUCCESS |  
2019-08-23 05:56:22,069 | INFO  | SCMAudit | user=jenkins1000 | ip=192.168.5.178 | op=SEND_HEARTBEAT {datanodeUUID=4c44ac83-1893-4daf-ab37-7fd3faa55fb7, command=[]} | ret=SUCCESS |  
2019-08-23 05:56:22,069 [EventQueue-IncrementalContainerReportForIncrementalContainerReportHandler] INFO  container.IncrementalContainerReportHandler (AbstractContainerReportHandler.java:updateContainerState(176)) - Moving container #2 to CLOSED state, datanode 4c44ac83-1893-4daf-ab37-7fd3faa55fb7{ip: 192.168.5.178, host: trunk-nightly-zfkm8-417691344, networkLocation: /default-rack, certSerialId: null} reported CLOSED replica.
2019-08-23 05:56:22,070 | INFO  | SCMAudit | user=jenkins1000 | ip=192.168.5.178 | op=SEND_HEARTBEAT {datanodeUUID=781bd35e-1b02-4d87-8018-c7fb2dd5a815, command=[]} | ret=SUCCESS |  
2019-08-23 05:56:22,070 | INFO  | SCMAudit | user=jenkins1000 | ip=192.168.5.178 | op=SEND_HEARTBEAT {datanodeUUID=3ae059f1-8014-46a3-b512-c7345dae772c, command=[]} | ret=SUCCESS |  
2019-08-23 05:56:22,103 [RatisApplyTransactionExecutor 2] INFO  interfaces.Container (KeyValueContainer.java:compactDB(356)) - Container 2 is closed with bcsId 7.
2019-08-23 05:56:22,106 | INFO  | DNAudit | user=null | ip=null | op=CLOSE_CONTAINER {containerID=2} | ret=SUCCESS |  
2019-08-23 05:56:22,674 | INFO  | SCMAudit | user=jenkins1000 | ip=192.168.5.178 | op=SEND_HEARTBEAT {datanodeUUID=15e6357e-aea8-47cb-8245-0b395ddeab47, command=[]} | ret=SUCCESS |  
2019-08-23 05:56:23,002 | INFO  | SCMAudit | user=jenkins1000 | ip=192.168.5.178 | op=SEND_HEARTBEAT {datanodeUUID=24bc3e6b-0511-4266-93ad-79ecc1c5e656, command=[]} | ret=SUCCESS |  
2019-08-23 05:56:23,068 | INFO  | SCMAudit | user=jenkins1000 | ip=192.168.5.178 | op=SEND_HEARTBEAT {datanodeUUID=4c44ac83-1893-4daf-ab37-7fd3faa55fb7, command=[]} | ret=SUCCESS |  
2019-08-23 05:56:23,070 | INFO  | SCMAudit | user=jenkins1000 | ip=192.168.5.178 | op=SEND_HEARTBEAT {datanodeUUID=781bd35e-1b02-4d87-8018-c7fb2dd5a815, command=[]} | ret=SUCCESS |  
2019-08-23 05:56:23,070 | INFO  | SCMAudit | user=jenkins1000 | ip=192.168.5.178 | op=SEND_HEARTBEAT {datanodeUUID=3ae059f1-8014-46a3-b512-c7345dae772c, command=[]} | ret=SUCCESS |  
2019-08-23 05:56:23,674 | INFO  | SCMAudit | user=jenkins1000 | ip=192.168.5.178 | op=SEND_HEARTBEAT {datanodeUUID=15e6357e-aea8-47cb-8245-0b395ddeab47, command=[]} | ret=SUCCESS |  
2019-08-23 05:56:24,002 | INFO  | SCMAudit | user=jenkins1000 | ip=192.168.5.178 | op=SEND_HEARTBEAT {datanodeUUID=24bc3e6b-0511-4266-93ad-79ecc1c5e656, command=[]} | ret=SUCCESS |  
2019-08-23 05:56:24,024 [EventQueue-StaleNodeForStaleNodeHandler] INFO  node.StaleNodeHandler (StaleNodeHandler.java:onMessage(58)) - Datanode c966687e-fe56-4544-bb2b-f84b5ed93afe{ip: 192.168.5.178, host: trunk-nightly-zfkm8-417691344, networkLocation: /default-rack, certSerialId: null} moved to stale state. Finalizing its pipelines [PipelineID=2475c6f1-3a93-4372-be57-419771d5f5be, PipelineID=9ee9e600-5c15-4e6e-9846-3e0393ef33e7]
2019-08-23 05:56:24,025 [EventQueue-StaleNodeForStaleNodeHandler] INFO  pipeline.SCMPipelineManager (SCMPipelineManager.java:finalizeAndDestroyPipeline(309)) - destroying pipeline:Pipeline[ Id: 2475c6f1-3a93-4372-be57-419771d5f5be, Nodes: c966687e-fe56-4544-bb2b-f84b5ed93afe{ip: 192.168.5.178, host: trunk-nightly-zfkm8-417691344, networkLocation: /default-rack, certSerialId: null}, Type:RATIS, Factor:ONE, State:OPEN]
2019-08-23 05:56:24,025 [EventQueue-StaleNodeForStaleNodeHandler] INFO  pipeline.PipelineStateManager (PipelineStateManager.java:finalizePipeline(123)) - Pipeline Pipeline[ Id: 2475c6f1-3a93-4372-be57-419771d5f5be, Nodes: c966687e-fe56-4544-bb2b-f84b5ed93afe{ip: 192.168.5.178, host: trunk-nightly-zfkm8-417691344, networkLocation: /default-rack, certSerialId: null}, Type:RATIS, Factor:ONE, State:CLOSED] moved to CLOSED state
2019-08-23 05:56:24,025 [EventQueue-StaleNodeForStaleNodeHandler] INFO  pipeline.SCMPipelineManager (SCMPipelineManager.java:finalizeAndDestroyPipeline(309)) - destroying pipeline:Pipeline[ Id: 9ee9e600-5c15-4e6e-9846-3e0393ef33e7, Nodes: 52c9bf92-1862-498b-807d-bc3bc4e1b962{ip: 192.168.5.178, host: trunk-nightly-zfkm8-417691344, networkLocation: /default-rack, certSerialId: null}c966687e-fe56-4544-bb2b-f84b5ed93afe{ip: 192.168.5.178, host: trunk-nightly-zfkm8-417691344, networkLocation: /default-rack, certSerialId: null}4c44ac83-1893-4daf-ab37-7fd3faa55fb7{ip: 192.168.5.178, host: trunk-nightly-zfkm8-417691344, networkLocation: /default-rack, certSerialId: null}, Type:RATIS, Factor:THREE, State:CLOSED]
2019-08-23 05:56:24,068 | INFO  | SCMAudit | user=jenkins1000 | ip=192.168.5.178 | op=SEND_HEARTBEAT {datanodeUUID=4c44ac83-1893-4daf-ab37-7fd3faa55fb7, command=[]} | ret=SUCCESS |  
2019-08-23 05:56:24,070 | INFO  | SCMAudit | user=jenkins1000 | ip=192.168.5.178 | op=SEND_HEARTBEAT {datanodeUUID=781bd35e-1b02-4d87-8018-c7fb2dd5a815, command=[]} | ret=SUCCESS |  
2019-08-23 05:56:24,070 | INFO  | SCMAudit | user=jenkins1000 | ip=192.168.5.178 | op=SEND_HEARTBEAT {datanodeUUID=3ae059f1-8014-46a3-b512-c7345dae772c, command=[]} | ret=SUCCESS |  
2019-08-23 05:56:24,496 [grpc-default-executor-4] WARN  server.GrpcLogAppender (LogUtils.java:warn(134)) - 4c44ac83-1893-4daf-ab37-7fd3faa55fb7->52c9bf92-1862-498b-807d-bc3bc4e1b962: Failed appendEntries: org.apache.ratis.thirdparty.io.grpc.StatusRuntimeException: UNAVAILABLE: io exception
2019-08-23 05:56:24,500 [grpc-default-executor-4] INFO  impl.FollowerInfo (FollowerInfo.java:lambda$new$0(50)) - 4c44ac83-1893-4daf-ab37-7fd3faa55fb7->52c9bf92-1862-498b-807d-bc3bc4e1b962: nextIndex: updateUnconditionally 9 -> 8
2019-08-23 05:56:24,674 | INFO  | SCMAudit | user=jenkins1000 | ip=192.168.5.178 | op=SEND_HEARTBEAT {datanodeUUID=15e6357e-aea8-47cb-8245-0b395ddeab47, command=[]} | ret=SUCCESS |  
2019-08-23 05:56:25,002 | INFO  | SCMAudit | user=jenkins1000 | ip=192.168.5.178 | op=SEND_HEARTBEAT {datanodeUUID=24bc3e6b-0511-4266-93ad-79ecc1c5e656, command=[]} | ret=SUCCESS |  
2019-08-23 05:56:25,069 | INFO  | SCMAudit | user=jenkins1000 | ip=192.168.5.178 | op=SEND_HEARTBEAT {datanodeUUID=4c44ac83-1893-4daf-ab37-7fd3faa55fb7, command=[]} | ret=SUCCESS |  
2019-08-23 05:56:25,070 | INFO  | SCMAudit | user=jenkins1000 | ip=192.168.5.178 | op=SEND_HEARTBEAT {datanodeUUID=3ae059f1-8014-46a3-b512-c7345dae772c, command=[]} | ret=SUCCESS |  
2019-08-23 05:56:25,070 | INFO  | SCMAudit | user=jenkins1000 | ip=192.168.5.178 | op=SEND_HEARTBEAT {datanodeUUID=781bd35e-1b02-4d87-8018-c7fb2dd5a815, command=[]} | ret=SUCCESS |  
2019-08-23 05:56:25,675 | INFO  | SCMAudit | user=jenkins1000 | ip=192.168.5.178 | op=SEND_HEARTBEAT {datanodeUUID=15e6357e-aea8-47cb-8245-0b395ddeab47, command=[]} | ret=SUCCESS |  
2019-08-23 05:56:26,002 | INFO  | SCMAudit | user=jenkins1000 | ip=192.168.5.178 | op=SEND_HEARTBEAT {datanodeUUID=24bc3e6b-0511-4266-93ad-79ecc1c5e656, command=[]} | ret=SUCCESS |  
2019-08-23 05:56:26,068 | INFO  | SCMAudit | user=jenkins1000 | ip=192.168.5.178 | op=SEND_HEARTBEAT {datanodeUUID=4c44ac83-1893-4daf-ab37-7fd3faa55fb7, command=[]} | ret=SUCCESS |  
2019-08-23 05:56:26,070 | INFO  | SCMAudit | user=jenkins1000 | ip=192.168.5.178 | op=SEND_HEARTBEAT {datanodeUUID=781bd35e-1b02-4d87-8018-c7fb2dd5a815, command=[]} | ret=SUCCESS |  
2019-08-23 05:56:26,070 | INFO  | SCMAudit | user=jenkins1000 | ip=192.168.5.178 | op=SEND_HEARTBEAT {datanodeUUID=3ae059f1-8014-46a3-b512-c7345dae772c, command=[]} | ret=SUCCESS |  
2019-08-23 05:56:26,362 [main] INFO  ozoneimpl.OzoneContainer (OzoneContainer.java:stop(199)) - Attempting to stop container services.
2019-08-23 05:56:26,363 [main] INFO  impl.RaftServerProxy (RaftServerProxy.java:lambda$close$4(314)) - c966687e-fe56-4544-bb2b-f84b5ed93afe: close
2019-08-23 05:56:26,364 [main] INFO  impl.RaftServerImpl (RaftServerImpl.java:lambda$shutdown$3(245)) - c966687e-fe56-4544-bb2b-f84b5ed93afe: shutdown group-419771D5F5BE
2019-08-23 05:56:26,364 [main] INFO  util.JmxRegister (JmxRegister.java:unregister(73)) - Successfully un-registered JMX Bean with object name Ratis:service=RaftServer,group=group-419771D5F5BE,id=c966687e-fe56-4544-bb2b-f84b5ed93afe
2019-08-23 05:56:26,364 [main] INFO  impl.RoleInfo (RoleInfo.java:shutdownLeaderState(104)) - c966687e-fe56-4544-bb2b-f84b5ed93afe: shutdown LeaderState
2019-08-23 05:56:26,365 [main] INFO  impl.PendingRequests (PendingRequests.java:sendNotLeaderResponses(202)) - c966687e-fe56-4544-bb2b-f84b5ed93afe-PendingRequests: sendNotLeaderResponses
2019-08-23 05:56:26,365 [main] INFO  impl.StateMachineUpdater (StateMachineUpdater.java:stopAndJoin(115)) - StateMachineUpdater:c966687e-fe56-4544-bb2b-f84b5ed93afe:group-419771D5F5BE: set stopIndex = 0
2019-08-23 05:56:26,365 [main] INFO  impl.RaftServerImpl (ServerState.java:close(394)) - c966687e-fe56-4544-bb2b-f84b5ed93afe:group-419771D5F5BE closes. The last applied log index is 0
2019-08-23 05:56:26,366 [c966687e-fe56-4544-bb2b-f84b5ed93afe-SegmentedRaftLogWorker:Storage Directory /workdir/hadoop-ozone/integration-test/target/test-dir/MiniOzoneClusterImpl-6bd9aaed-b35d-4149-931a-ccebc4c13966/datanode-1/data/ratis/2475c6f1-3a93-4372-be57-419771d5f5be] INFO  segmented.SegmentedRaftLogWorker (SegmentedRaftLogWorker.java:run(313)) - c966687e-fe56-4544-bb2b-f84b5ed93afe-SegmentedRaftLogWorker:Storage Directory /workdir/hadoop-ozone/integration-test/target/test-dir/MiniOzoneClusterImpl-6bd9aaed-b35d-4149-931a-ccebc4c13966/datanode-1/data/ratis/2475c6f1-3a93-4372-be57-419771d5f5be was interrupted, exiting. There are 0 tasks remaining in the queue.
2019-08-23 05:56:26,369 [main] INFO  segmented.SegmentedRaftLogWorker (SegmentedRaftLogWorker.java:close(228)) - c966687e-fe56-4544-bb2b-f84b5ed93afe-SegmentedRaftLogWorker:Storage Directory /workdir/hadoop-ozone/integration-test/target/test-dir/MiniOzoneClusterImpl-6bd9aaed-b35d-4149-931a-ccebc4c13966/datanode-1/data/ratis/2475c6f1-3a93-4372-be57-419771d5f5be close()
2019-08-23 05:56:26,373 [main] INFO  impl.RaftServerImpl (RaftServerImpl.java:lambda$shutdown$3(245)) - c966687e-fe56-4544-bb2b-f84b5ed93afe: shutdown group-3E0393EF33E7
2019-08-23 05:56:26,373 [main] INFO  util.JmxRegister (JmxRegister.java:unregister(73)) - Successfully un-registered JMX Bean with object name Ratis:service=RaftServer,group=group-3E0393EF33E7,id=c966687e-fe56-4544-bb2b-f84b5ed93afe
2019-08-23 05:56:26,373 [main] INFO  impl.RoleInfo (RoleInfo.java:shutdownFollowerState(121)) - c966687e-fe56-4544-bb2b-f84b5ed93afe: shutdown FollowerState
2019-08-23 05:56:26,374 [main] INFO  impl.StateMachineUpdater (StateMachineUpdater.java:stopAndJoin(115)) - StateMachineUpdater:c966687e-fe56-4544-bb2b-f84b5ed93afe:group-3E0393EF33E7: set stopIndex = 11
2019-08-23 05:56:26,374 [StateMachineUpdater:c966687e-fe56-4544-bb2b-f84b5ed93afe:group-3E0393EF33E7] INFO  ratis.ContainerStateMachine (ContainerStateMachine.java:takeSnapshot(283)) - group-3E0393EF33E7: Taking a snapshot at:(t:5, i:10) file /workdir/hadoop-ozone/integration-test/target/test-dir/MiniOzoneClusterImpl-6bd9aaed-b35d-4149-931a-ccebc4c13966/datanode-1/data/ratis/9ee9e600-5c15-4e6e-9846-3e0393ef33e7/sm/snapshot.5_10
2019-08-23 05:56:26,374 [Thread-450] INFO  impl.FollowerState (FollowerState.java:run(114)) - c966687e-fe56-4544-bb2b-f84b5ed93afe: FollowerState was interrupted: java.lang.InterruptedException: sleep interrupted
2019-08-23 05:56:26,391 [StateMachineUpdater:c966687e-fe56-4544-bb2b-f84b5ed93afe:group-3E0393EF33E7] INFO  ratis.ContainerStateMachine (ContainerStateMachine.java:takeSnapshot(294)) - group-3E0393EF33E7: Finished taking a snapshot at:(t:5, i:10) file:/workdir/hadoop-ozone/integration-test/target/test-dir/MiniOzoneClusterImpl-6bd9aaed-b35d-4149-931a-ccebc4c13966/datanode-1/data/ratis/9ee9e600-5c15-4e6e-9846-3e0393ef33e7/sm/snapshot.5_10 time:16
2019-08-23 05:56:26,391 [StateMachineUpdater:c966687e-fe56-4544-bb2b-f84b5ed93afe:group-3E0393EF33E7] INFO  impl.StateMachineUpdater (StateMachineUpdater.java:takeSnapshot(242)) - StateMachineUpdater:c966687e-fe56-4544-bb2b-f84b5ed93afe:group-3E0393EF33E7: Took a snapshot at index 10
2019-08-23 05:56:26,391 [StateMachineUpdater:c966687e-fe56-4544-bb2b-f84b5ed93afe:group-3E0393EF33E7] INFO  impl.StateMachineUpdater (StateMachineUpdater.java:lambda$new$0(80)) - StateMachineUpdater:c966687e-fe56-4544-bb2b-f84b5ed93afe:group-3E0393EF33E7: snapshotIndex: updateIncreasingly -1 -> 10
2019-08-23 05:56:26,392 [main] INFO  impl.RaftServerImpl (ServerState.java:close(394)) - c966687e-fe56-4544-bb2b-f84b5ed93afe:group-3E0393EF33E7 closes. The last applied log index is 11
2019-08-23 05:56:26,392 [c966687e-fe56-4544-bb2b-f84b5ed93afe-SegmentedRaftLogWorker:Storage Directory /workdir/hadoop-ozone/integration-test/target/test-dir/MiniOzoneClusterImpl-6bd9aaed-b35d-4149-931a-ccebc4c13966/datanode-1/data/ratis/9ee9e600-5c15-4e6e-9846-3e0393ef33e7] INFO  segmented.SegmentedRaftLogWorker (SegmentedRaftLogWorker.java:run(313)) - c966687e-fe56-4544-bb2b-f84b5ed93afe-SegmentedRaftLogWorker:Storage Directory /workdir/hadoop-ozone/integration-test/target/test-dir/MiniOzoneClusterImpl-6bd9aaed-b35d-4149-931a-ccebc4c13966/datanode-1/data/ratis/9ee9e600-5c15-4e6e-9846-3e0393ef33e7 was interrupted, exiting. There are 0 tasks remaining in the queue.
2019-08-23 05:56:26,394 [main] INFO  segmented.SegmentedRaftLogWorker (SegmentedRaftLogWorker.java:close(228)) - c966687e-fe56-4544-bb2b-f84b5ed93afe-SegmentedRaftLogWorker:Storage Directory /workdir/hadoop-ozone/integration-test/target/test-dir/MiniOzoneClusterImpl-6bd9aaed-b35d-4149-931a-ccebc4c13966/datanode-1/data/ratis/9ee9e600-5c15-4e6e-9846-3e0393ef33e7 close()
2019-08-23 05:56:26,397 [main] INFO  server.GrpcService (GrpcService.java:closeImpl(155)) - c966687e-fe56-4544-bb2b-f84b5ed93afe: shutdown server with port 36588 now
2019-08-23 05:56:26,398 [grpc-default-executor-4] WARN  server.GrpcServerProtocolService (LogUtils.java:warn(134)) - c966687e-fe56-4544-bb2b-f84b5ed93afe: appendEntries onError: org.apache.ratis.thirdparty.io.grpc.StatusRuntimeException: CANCELLED: cancelled before receiving half close
2019-08-23 05:56:26,399 [main] INFO  server.GrpcService (GrpcService.java:closeImpl(163)) - c966687e-fe56-4544-bb2b-f84b5ed93afe: shutdown server with port 36588 successfully
2019-08-23 05:56:26,399 [grpc-default-executor-3] WARN  server.GrpcLogAppender (LogUtils.java:warn(134)) - 4c44ac83-1893-4daf-ab37-7fd3faa55fb7->c966687e-fe56-4544-bb2b-f84b5ed93afe: Failed appendEntries: org.apache.ratis.thirdparty.io.grpc.StatusRuntimeException: CANCELLED: HTTP/2 error code: CANCEL
Received Rst Stream
2019-08-23 05:56:26,401 [grpc-default-executor-3] INFO  impl.FollowerInfo (FollowerInfo.java:lambda$new$0(50)) - 4c44ac83-1893-4daf-ab37-7fd3faa55fb7->c966687e-fe56-4544-bb2b-f84b5ed93afe: nextIndex: updateUnconditionally 12 -> 11
2019-08-23 05:56:26,410 [main] INFO  utils.BackgroundService (BackgroundService.java:shutdown(148)) - Shutting down service BlockDeletingService
2019-08-23 05:56:26,414 [refreshUsed-/workdir/hadoop-ozone/integration-test/target/test-dir/MiniOzoneClusterImpl-6bd9aaed-b35d-4149-931a-ccebc4c13966/datanode-1/data/containers] WARN  fs.CachingGetSpaceUsed (CachingGetSpaceUsed.java:run(183)) - Thread Interrupted waiting to refresh disk information: sleep interrupted
2019-08-23 05:56:26,437 [main] INFO  statemachine.DatanodeStateMachine (DatanodeStateMachine.java:stopDaemon(395)) - Ozone container server stopped.
2019-08-23 05:56:26,438 [main] INFO  handler.ContextHandler (ContextHandler.java:doStop(910)) - Stopped o.e.j.w.WebAppContext@4b41587d{/,null,UNAVAILABLE}{/hddsDatanode}
2019-08-23 05:56:26,439 [main] INFO  server.AbstractConnector (AbstractConnector.java:doStop(318)) - Stopped ServerConnector@4aebee4b{HTTP/1.1,[http/1.1]}{0.0.0.0:0}
2019-08-23 05:56:26,439 [main] INFO  handler.ContextHandler (ContextHandler.java:doStop(910)) - Stopped o.e.j.s.ServletContextHandler@46a795de{/static,jar:file:/home/user/.m2/repository/org/apache/hadoop/hadoop-hdds-container-service/0.5.0-SNAPSHOT/hadoop-hdds-container-service-0.5.0-SNAPSHOT.jar!/webapps/static,UNAVAILABLE}
2019-08-23 05:56:26,440 [main] INFO  handler.ContextHandler (ContextHandler.java:doStop(910)) - Stopped o.e.j.s.ServletContextHandler@5e1a986c{/logs,file:///workdir/hadoop-ozone/integration-test/target/log,UNAVAILABLE}
]]></system-out>
  </testcase>
</testsuite>