<?xml version="1.0" encoding="UTF-8"?>
<testsuite xmlns:xsi="http://www.w3.org/2001/XMLSchema-instance" xsi:noNamespaceSchemaLocation="https://maven.apache.org/surefire/maven-surefire-plugin/xsd/surefire-test-report.xsd" name="org.apache.hadoop.ozone.client.rpc.TestOzoneClientRetriesOnException" time="377.023" tests="2" errors="1" skipped="0" failures="0">
  <properties>
    <property name="awt.toolkit" value="sun.awt.X11.XToolkit"/>
    <property name="file.encoding.pkg" value="sun.io"/>
    <property name="java.specification.version" value="1.8"/>
    <property name="sun.cpu.isalist" value=""/>
    <property name="sun.jnu.encoding" value="UTF-8"/>
    <property name="java.class.path" value="/workdir/hadoop-ozone/integration-test/target/test-classes:/workdir/hadoop-ozone/integration-test/target/classes:/home/user/.m2/repository/org/apache/hadoop/hadoop-ozone-common/0.5.0-SNAPSHOT/hadoop-ozone-common-0.5.0-SNAPSHOT.jar:/home/user/.m2/repository/org/apache/commons/commons-compress/1.4.1/commons-compress-1.4.1.jar:/home/user/.m2/repository/org/tukaani/xz/1.0/xz-1.0.jar:/home/user/.m2/repository/org/apache/hadoop/hadoop-common/3.2.0/hadoop-common-3.2.0.jar:/home/user/.m2/repository/org/apache/hadoop/hadoop-hdfs/3.2.0/hadoop-hdfs-3.2.0.jar:/home/user/.m2/repository/org/apache/hadoop/hadoop-hdfs-client/3.2.0/hadoop-hdfs-client-3.2.0.jar:/home/user/.m2/repository/com/fasterxml/jackson/core/jackson-annotations/2.9.5/jackson-annotations-2.9.5.jar:/home/user/.m2/repository/org/apache/hadoop/hadoop-hdds-common/0.5.0-SNAPSHOT/hadoop-hdds-common-0.5.0-SNAPSHOT.jar:/home/user/.m2/repository/javax/annotation/javax.annotation-api/1.2/javax.annotation-api-1.2.jar:/home/user/.m2/repository/org/apache/ratis/ratis-server/0.4.0-2337318-SNAPSHOT/ratis-server-0.4.0-2337318-SNAPSHOT.jar:/home/user/.m2/repository/org/apache/ratis/ratis-thirdparty-misc/0.2.0/ratis-thirdparty-misc-0.2.0.jar:/home/user/.m2/repository/org/apache/ratis/ratis-proto/0.4.0-2337318-SNAPSHOT/ratis-proto-0.4.0-2337318-SNAPSHOT.jar:/home/user/.m2/repository/org/apache/ratis/ratis-common/0.4.0-2337318-SNAPSHOT/ratis-common-0.4.0-2337318-SNAPSHOT.jar:/home/user/.m2/repository/org/apache/ratis/ratis-client/0.4.0-2337318-SNAPSHOT/ratis-client-0.4.0-2337318-SNAPSHOT.jar:/home/user/.m2/repository/org/apache/ratis/ratis-metrics/0.4.0-2337318-SNAPSHOT/ratis-metrics-0.4.0-2337318-SNAPSHOT.jar:/home/user/.m2/repository/org/apache/ratis/ratis-netty/0.4.0-2337318-SNAPSHOT/ratis-netty-0.4.0-2337318-SNAPSHOT.jar:/home/user/.m2/repository/org/apache/ratis/ratis-grpc/0.4.0-2337318-SNAPSHOT/ratis-grpc-0.4.0-2337318-SNAPSHOT.jar:/home/user/.m2/repository/org/rocksdb/rocksdbjni/6.0.1/rocksdbjni-6.0.1.jar:/home/user/.m2/repository/org/apache/logging/log4j/log4j-api/2.11.0/log4j-api-2.11.0.jar:/home/user/.m2/repository/org/apache/logging/log4j/log4j-core/2.11.0/log4j-core-2.11.0.jar:/home/user/.m2/repository/com/lmax/disruptor/3.4.2/disruptor-3.4.2.jar:/home/user/.m2/repository/org/apache/commons/commons-pool2/2.6.0/commons-pool2-2.6.0.jar:/home/user/.m2/repository/org/bouncycastle/bcpkix-jdk15on/1.60/bcpkix-jdk15on-1.60.jar:/home/user/.m2/repository/commons-validator/commons-validator/1.6/commons-validator-1.6.jar:/home/user/.m2/repository/commons-digester/commons-digester/1.8.1/commons-digester-1.8.1.jar:/home/user/.m2/repository/io/jaegertracing/jaeger-client/0.33.1/jaeger-client-0.33.1.jar:/home/user/.m2/repository/io/jaegertracing/jaeger-thrift/0.33.1/jaeger-thrift-0.33.1.jar:/home/user/.m2/repository/org/apache/thrift/libthrift/0.11.0/libthrift-0.11.0.jar:/home/user/.m2/repository/com/squareup/okhttp3/okhttp/3.9.0/okhttp-3.9.0.jar:/home/user/.m2/repository/com/squareup/okio/okio/1.13.0/okio-1.13.0.jar:/home/user/.m2/repository/io/jaegertracing/jaeger-core/0.33.1/jaeger-core-0.33.1.jar:/home/user/.m2/repository/io/jaegertracing/jaeger-tracerresolver/0.33.1/jaeger-tracerresolver-0.33.1.jar:/home/user/.m2/repository/io/opentracing/contrib/opentracing-tracerresolver/0.1.5/opentracing-tracerresolver-0.1.5.jar:/home/user/.m2/repository/io/opentracing/opentracing-util/0.31.0/opentracing-util-0.31.0.jar:/home/user/.m2/repository/io/opentracing/opentracing-api/0.31.0/opentracing-api-0.31.0.jar:/home/user/.m2/repository/io/opentracing/opentracing-noop/0.31.0/opentracing-noop-0.31.0.jar:/home/user/.m2/repository/org/apache/hadoop/hadoop-hdds-server-framework/0.5.0-SNAPSHOT/hadoop-hdds-server-framework-0.5.0-SNAPSHOT.jar:/home/user/.m2/repository/org/apache/hadoop/hadoop-hdds-container-service/0.5.0-SNAPSHOT/hadoop-hdds-container-service-0.5.0-SNAPSHOT.jar:/home/user/.m2/repository/org/apache/hadoop/hadoop-hdds-client/0.5.0-SNAPSHOT/hadoop-hdds-client-0.5.0-SNAPSHOT.jar:/home/user/.m2/repository/org/apache/hadoop/hadoop-hdds-tools/0.5.0-SNAPSHOT/hadoop-hdds-tools-0.5.0-SNAPSHOT.jar:/home/user/.m2/repository/org/apache/hadoop/hadoop-hdds-server-scm/0.5.0-SNAPSHOT/hadoop-hdds-server-scm-0.5.0-SNAPSHOT.jar:/home/user/.m2/repository/org/apache/hadoop/hadoop-hdds-docs/0.5.0-SNAPSHOT/hadoop-hdds-docs-0.5.0-SNAPSHOT.jar:/home/user/.m2/repository/io/dropwizard/metrics/metrics-core/3.2.4/metrics-core-3.2.4.jar:/home/user/.m2/repository/org/hamcrest/hamcrest-all/1.3/hamcrest-all-1.3.jar:/home/user/.m2/repository/org/bouncycastle/bcprov-jdk15on/1.60/bcprov-jdk15on-1.60.jar:/home/user/.m2/repository/info/picocli/picocli/3.9.6/picocli-3.9.6.jar:/home/user/.m2/repository/com/google/protobuf/protobuf-java/2.5.0/protobuf-java-2.5.0.jar:/home/user/.m2/repository/com/google/guava/guava/11.0.2/guava-11.0.2.jar:/home/user/.m2/repository/org/apache/hadoop/hadoop-ozone-ozone-manager/0.5.0-SNAPSHOT/hadoop-ozone-ozone-manager-0.5.0-SNAPSHOT.jar:/home/user/.m2/repository/org/apache/hadoop/hadoop-minikdc/3.2.0/hadoop-minikdc-3.2.0.jar:/home/user/.m2/repository/commons-io/commons-io/2.5/commons-io-2.5.jar:/home/user/.m2/repository/org/apache/kerby/kerb-simplekdc/1.0.1/kerb-simplekdc-1.0.1.jar:/home/user/.m2/repository/org/apache/kerby/kerb-client/1.0.1/kerb-client-1.0.1.jar:/home/user/.m2/repository/org/apache/kerby/kerby-config/1.0.1/kerby-config-1.0.1.jar:/home/user/.m2/repository/org/apache/kerby/kerb-core/1.0.1/kerb-core-1.0.1.jar:/home/user/.m2/repository/org/apache/kerby/kerby-pkix/1.0.1/kerby-pkix-1.0.1.jar:/home/user/.m2/repository/org/apache/kerby/kerby-asn1/1.0.1/kerby-asn1-1.0.1.jar:/home/user/.m2/repository/org/apache/kerby/kerby-util/1.0.1/kerby-util-1.0.1.jar:/home/user/.m2/repository/org/apache/kerby/kerb-common/1.0.1/kerb-common-1.0.1.jar:/home/user/.m2/repository/org/apache/kerby/kerb-crypto/1.0.1/kerb-crypto-1.0.1.jar:/home/user/.m2/repository/org/apache/kerby/kerb-util/1.0.1/kerb-util-1.0.1.jar:/home/user/.m2/repository/org/apache/kerby/token-provider/1.0.1/token-provider-1.0.1.jar:/home/user/.m2/repository/org/apache/kerby/kerb-admin/1.0.1/kerb-admin-1.0.1.jar:/home/user/.m2/repository/org/apache/kerby/kerb-server/1.0.1/kerb-server-1.0.1.jar:/home/user/.m2/repository/org/apache/kerby/kerb-identity/1.0.1/kerb-identity-1.0.1.jar:/home/user/.m2/repository/org/apache/kerby/kerby-xdr/1.0.1/kerby-xdr-1.0.1.jar:/home/user/.m2/repository/org/slf4j/slf4j-log4j12/1.7.25/slf4j-log4j12-1.7.25.jar:/home/user/.m2/repository/org/apache/hadoop/hadoop-ozone-objectstore-service/0.5.0-SNAPSHOT/hadoop-ozone-objectstore-service-0.5.0-SNAPSHOT.jar:/home/user/.m2/repository/org/apache/hadoop/hadoop-ozone-s3gateway/0.5.0-SNAPSHOT/hadoop-ozone-s3gateway-0.5.0-SNAPSHOT.jar:/home/user/.m2/repository/org/jboss/weld/servlet/weld-servlet/2.4.7.Final/weld-servlet-2.4.7.Final.jar:/home/user/.m2/repository/org/glassfish/jersey/containers/jersey-container-servlet-core/2.27/jersey-container-servlet-core-2.27.jar:/home/user/.m2/repository/org/glassfish/hk2/external/javax.inject/2.5.0-b42/javax.inject-2.5.0-b42.jar:/home/user/.m2/repository/org/glassfish/jersey/core/jersey-common/2.27/jersey-common-2.27.jar:/home/user/.m2/repository/org/glassfish/hk2/osgi-resource-locator/1.0.1/osgi-resource-locator-1.0.1.jar:/home/user/.m2/repository/javax/ws/rs/javax.ws.rs-api/2.1/javax.ws.rs-api-2.1.jar:/home/user/.m2/repository/org/glassfish/jersey/ext/cdi/jersey-cdi1x/2.27/jersey-cdi1x-2.27.jar:/home/user/.m2/repository/org/glassfish/jersey/inject/jersey-hk2/2.27/jersey-hk2-2.27.jar:/home/user/.m2/repository/org/glassfish/hk2/hk2-locator/2.5.0-b42/hk2-locator-2.5.0-b42.jar:/home/user/.m2/repository/org/javassist/javassist/3.22.0-CR2/javassist-3.22.0-CR2.jar:/home/user/.m2/repository/org/glassfish/hk2/hk2-api/2.5.0/hk2-api-2.5.0.jar:/home/user/.m2/repository/org/glassfish/hk2/external/jakarta.inject/2.5.0/jakarta.inject-2.5.0.jar:/home/user/.m2/repository/org/glassfish/hk2/hk2-utils/2.5.0/hk2-utils-2.5.0.jar:/home/user/.m2/repository/jakarta/annotation/jakarta.annotation-api/1.3.4/jakarta.annotation-api-1.3.4.jar:/home/user/.m2/repository/org/glassfish/hk2/external/aopalliance-repackaged/2.5.0/aopalliance-repackaged-2.5.0.jar:/home/user/.m2/repository/com/fasterxml/jackson/dataformat/jackson-dataformat-xml/2.9.0/jackson-dataformat-xml-2.9.0.jar:/home/user/.m2/repository/com/fasterxml/jackson/core/jackson-core/2.9.5/jackson-core-2.9.5.jar:/home/user/.m2/repository/com/fasterxml/jackson/module/jackson-module-jaxb-annotations/2.9.5/jackson-module-jaxb-annotations-2.9.5.jar:/home/user/.m2/repository/javax/enterprise/cdi-api/1.2/cdi-api-1.2.jar:/home/user/.m2/repository/javax/el/javax.el-api/3.0.0/javax.el-api-3.0.0.jar:/home/user/.m2/repository/javax/interceptor/javax.interceptor-api/1.2/javax.interceptor-api-1.2.jar:/home/user/.m2/repository/javax/inject/javax.inject/1/javax.inject-1.jar:/home/user/.m2/repository/com/sun/xml/bind/jaxb-impl/2.3.0.1/jaxb-impl-2.3.0.1.jar:/home/user/.m2/repository/com/sun/xml/bind/jaxb-core/2.3.0.1/jaxb-core-2.3.0.1.jar:/home/user/.m2/repository/javax/xml/bind/jaxb-api/2.3.0/jaxb-api-2.3.0.jar:/home/user/.m2/repository/javax/activation/activation/1.1.1/activation-1.1.1.jar:/home/user/.m2/repository/org/apache/hadoop/hadoop-ozone-csi/0.5.0-SNAPSHOT/hadoop-ozone-csi-0.5.0-SNAPSHOT.jar:/home/user/.m2/repository/com/google/protobuf/protobuf-java-util/3.5.1/protobuf-java-util-3.5.1.jar:/home/user/.m2/repository/org/apache/hadoop/hadoop-hdds-config/0.5.0-SNAPSHOT/hadoop-hdds-config-0.5.0-SNAPSHOT.jar:/home/user/.m2/repository/io/grpc/grpc-netty/1.17.1/grpc-netty-1.17.1.jar:/home/user/.m2/repository/io/grpc/grpc-core/1.17.1/grpc-core-1.17.1.jar:/home/user/.m2/repository/io/grpc/grpc-context/1.17.1/grpc-context-1.17.1.jar:/home/user/.m2/repository/com/google/errorprone/error_prone_annotations/2.2.0/error_prone_annotations-2.2.0.jar:/home/user/.m2/repository/org/codehaus/mojo/animal-sniffer-annotations/1.17/animal-sniffer-annotations-1.17.jar:/home/user/.m2/repository/io/opencensus/opencensus-api/0.17.0/opencensus-api-0.17.0.jar:/home/user/.m2/repository/io/opencensus/opencensus-contrib-grpc-metrics/0.17.0/opencensus-contrib-grpc-metrics-0.17.0.jar:/home/user/.m2/repository/io/netty/netty-codec-http2/4.1.30.Final/netty-codec-http2-4.1.30.Final.jar:/home/user/.m2/repository/io/netty/netty-codec-http/4.1.30.Final/netty-codec-http-4.1.30.Final.jar:/home/user/.m2/repository/io/netty/netty-codec/4.1.30.Final/netty-codec-4.1.30.Final.jar:/home/user/.m2/repository/io/netty/netty-handler/4.1.30.Final/netty-handler-4.1.30.Final.jar:/home/user/.m2/repository/io/netty/netty-handler-proxy/4.1.30.Final/netty-handler-proxy-4.1.30.Final.jar:/home/user/.m2/repository/io/netty/netty-codec-socks/4.1.30.Final/netty-codec-socks-4.1.30.Final.jar:/home/user/.m2/repository/io/netty/netty-transport-native-epoll/4.1.30.Final/netty-transport-native-epoll-4.1.30.Final.jar:/home/user/.m2/repository/io/netty/netty-common/4.1.30.Final/netty-common-4.1.30.Final.jar:/home/user/.m2/repository/io/netty/netty-buffer/4.1.30.Final/netty-buffer-4.1.30.Final.jar:/home/user/.m2/repository/io/netty/netty-transport/4.1.30.Final/netty-transport-4.1.30.Final.jar:/home/user/.m2/repository/io/netty/netty-resolver/4.1.30.Final/netty-resolver-4.1.30.Final.jar:/home/user/.m2/repository/io/netty/netty-transport-native-unix-common/4.1.30.Final/netty-transport-native-unix-common-4.1.30.Final.jar:/home/user/.m2/repository/io/grpc/grpc-protobuf/1.17.1/grpc-protobuf-1.17.1.jar:/home/user/.m2/repository/com/google/api/grpc/proto-google-common-protos/1.0.0/proto-google-common-protos-1.0.0.jar:/home/user/.m2/repository/io/grpc/grpc-protobuf-lite/1.17.1/grpc-protobuf-lite-1.17.1.jar:/home/user/.m2/repository/io/grpc/grpc-stub/1.17.1/grpc-stub-1.17.1.jar:/home/user/.m2/repository/org/apache/hadoop/hadoop-ozone-recon/0.5.0-SNAPSHOT/hadoop-ozone-recon-0.5.0-SNAPSHOT.jar:/home/user/.m2/repository/org/apache/hadoop/hadoop-ozone-reconcodegen/0.5.0-SNAPSHOT/hadoop-ozone-reconcodegen-0.5.0-SNAPSHOT.jar:/home/user/.m2/repository/com/google/inject/extensions/guice-multibindings/4.0/guice-multibindings-4.0.jar:/home/user/.m2/repository/com/google/inject/guice/4.0/guice-4.0.jar:/home/user/.m2/repository/aopalliance/aopalliance/1.0/aopalliance-1.0.jar:/home/user/.m2/repository/com/google/inject/extensions/guice-servlet/4.0/guice-servlet-4.0.jar:/home/user/.m2/repository/org/glassfish/jersey/containers/jersey-container-servlet/2.27/jersey-container-servlet-2.27.jar:/home/user/.m2/repository/org/glassfish/hk2/guice-bridge/2.5.0/guice-bridge-2.5.0.jar:/home/user/.m2/repository/org/glassfish/jersey/core/jersey-server/2.27/jersey-server-2.27.jar:/home/user/.m2/repository/org/glassfish/jersey/core/jersey-client/2.27/jersey-client-2.27.jar:/home/user/.m2/repository/org/glassfish/jersey/media/jersey-media-jaxb/2.27/jersey-media-jaxb-2.27.jar:/home/user/.m2/repository/javax/validation/validation-api/1.1.0.Final/validation-api-1.1.0.Final.jar:/home/user/.m2/repository/org/glassfish/jersey/media/jersey-media-json-jackson/2.27/jersey-media-json-jackson-2.27.jar:/home/user/.m2/repository/org/glassfish/jersey/ext/jersey-entity-filtering/2.27/jersey-entity-filtering-2.27.jar:/home/user/.m2/repository/com/google/inject/extensions/guice-assistedinject/4.0/guice-assistedinject-4.0.jar:/home/user/.m2/repository/org/jooq/jooq/3.11.10/jooq-3.11.10.jar:/home/user/.m2/repository/org/jooq/jooq-meta/3.11.10/jooq-meta-3.11.10.jar:/home/user/.m2/repository/org/jooq/jooq-codegen/3.11.10/jooq-codegen-3.11.10.jar:/home/user/.m2/repository/com/jolbox/bonecp/0.8.0.RELEASE/bonecp-0.8.0.RELEASE.jar:/home/user/.m2/repository/org/xerial/sqlite-jdbc/3.25.2/sqlite-jdbc-3.25.2.jar:/home/user/.m2/repository/org/springframework/spring-jdbc/5.1.3.RELEASE/spring-jdbc-5.1.3.RELEASE.jar:/home/user/.m2/repository/org/springframework/spring-beans/5.1.3.RELEASE/spring-beans-5.1.3.RELEASE.jar:/home/user/.m2/repository/org/springframework/spring-core/5.1.3.RELEASE/spring-core-5.1.3.RELEASE.jar:/home/user/.m2/repository/org/springframework/spring-jcl/5.1.3.RELEASE/spring-jcl-5.1.3.RELEASE.jar:/home/user/.m2/repository/org/springframework/spring-tx/5.1.3.RELEASE/spring-tx-5.1.3.RELEASE.jar:/home/user/.m2/repository/org/apache/hadoop/hadoop-ozone-client/0.5.0-SNAPSHOT/hadoop-ozone-client-0.5.0-SNAPSHOT.jar:/home/user/.m2/repository/commons-lang/commons-lang/2.6/commons-lang-2.6.jar:/home/user/.m2/repository/org/apache/hadoop/hadoop-ozone-ozone-manager/0.5.0-SNAPSHOT/hadoop-ozone-ozone-manager-0.5.0-SNAPSHOT-tests.jar:/home/user/.m2/repository/junit/junit/4.11/junit-4.11.jar:/home/user/.m2/repository/org/hamcrest/hamcrest-core/1.3/hamcrest-core-1.3.jar:/home/user/.m2/repository/org/openjdk/jmh/jmh-core/1.19/jmh-core-1.19.jar:/home/user/.m2/repository/net/sf/jopt-simple/jopt-simple/4.6/jopt-simple-4.6.jar:/home/user/.m2/repository/org/apache/commons/commons-math3/3.1.1/commons-math3-3.1.1.jar:/home/user/.m2/repository/org/openjdk/jmh/jmh-generator-annprocess/1.19/jmh-generator-annprocess-1.19.jar:/home/user/.m2/repository/org/mockito/mockito-all/1.8.5/mockito-all-1.8.5.jar:/home/user/.m2/repository/org/apache/hadoop/hadoop-kms/3.2.0/hadoop-kms-3.2.0.jar:/home/user/.m2/repository/org/apache/hadoop/hadoop-auth/3.2.0/hadoop-auth-3.2.0.jar:/home/user/.m2/repository/com/nimbusds/nimbus-jose-jwt/4.41.1/nimbus-jose-jwt-4.41.1.jar:/home/user/.m2/repository/com/github/stephenc/jcip/jcip-annotations/1.0-1/jcip-annotations-1.0-1.jar:/home/user/.m2/repository/net/minidev/json-smart/2.3/json-smart-2.3.jar:/home/user/.m2/repository/net/minidev/accessors-smart/1.2/accessors-smart-1.2.jar:/home/user/.m2/repository/org/ow2/asm/asm/5.0.4/asm-5.0.4.jar:/home/user/.m2/repository/org/apache/curator/curator-framework/2.12.0/curator-framework-2.12.0.jar:/home/user/.m2/repository/com/sun/jersey/jersey-core/1.19/jersey-core-1.19.jar:/home/user/.m2/repository/javax/ws/rs/jsr311-api/1.1.1/jsr311-api-1.1.1.jar:/home/user/.m2/repository/com/sun/jersey/jersey-server/1.19/jersey-server-1.19.jar:/home/user/.m2/repository/javax/servlet/javax.servlet-api/3.1.0/javax.servlet-api-3.1.0.jar:/home/user/.m2/repository/org/eclipse/jetty/jetty-server/9.3.24.v20180605/jetty-server-9.3.24.v20180605.jar:/home/user/.m2/repository/org/eclipse/jetty/jetty-http/9.3.24.v20180605/jetty-http-9.3.24.v20180605.jar:/home/user/.m2/repository/org/eclipse/jetty/jetty-io/9.3.24.v20180605/jetty-io-9.3.24.v20180605.jar:/home/user/.m2/repository/org/eclipse/jetty/jetty-webapp/9.3.24.v20180605/jetty-webapp-9.3.24.v20180605.jar:/home/user/.m2/repository/org/eclipse/jetty/jetty-xml/9.3.24.v20180605/jetty-xml-9.3.24.v20180605.jar:/home/user/.m2/repository/log4j/log4j/1.2.17/log4j-1.2.17.jar:/home/user/.m2/repository/org/slf4j/slf4j-api/1.7.25/slf4j-api-1.7.25.jar:/home/user/.m2/repository/org/slf4j/jul-to-slf4j/1.7.25/jul-to-slf4j-1.7.25.jar:/home/user/.m2/repository/org/eclipse/jetty/jetty-util/9.3.24.v20180605/jetty-util-9.3.24.v20180605.jar:/home/user/.m2/repository/com/fasterxml/jackson/core/jackson-databind/2.9.5/jackson-databind-2.9.5.jar:/home/user/.m2/repository/org/apache/hadoop/hadoop-kms/3.2.0/hadoop-kms-3.2.0-tests.jar:/home/user/.m2/repository/org/apache/hadoop/hadoop-hdds-server-scm/0.5.0-SNAPSHOT/hadoop-hdds-server-scm-0.5.0-SNAPSHOT-tests.jar:/home/user/.m2/repository/org/apache/hadoop/hadoop-hdds-container-service/0.5.0-SNAPSHOT/hadoop-hdds-container-service-0.5.0-SNAPSHOT-tests.jar:/home/user/.m2/repository/org/yaml/snakeyaml/1.16/snakeyaml-1.16.jar:/home/user/.m2/repository/org/apache/hadoop/hadoop-common/3.2.0/hadoop-common-3.2.0-tests.jar:/home/user/.m2/repository/org/apache/hadoop/hadoop-annotations/3.2.0/hadoop-annotations-3.2.0.jar:/usr/lib/jvm/java-1.8-openjdk/jre/../lib/tools.jar:/home/user/.m2/repository/commons-cli/commons-cli/1.2/commons-cli-1.2.jar:/home/user/.m2/repository/org/apache/httpcomponents/httpclient/4.5.2/httpclient-4.5.2.jar:/home/user/.m2/repository/org/apache/httpcomponents/httpcore/4.4.4/httpcore-4.4.4.jar:/home/user/.m2/repository/commons-codec/commons-codec/1.11/commons-codec-1.11.jar:/home/user/.m2/repository/commons-net/commons-net/3.6/commons-net-3.6.jar:/home/user/.m2/repository/commons-collections/commons-collections/3.2.2/commons-collections-3.2.2.jar:/home/user/.m2/repository/org/eclipse/jetty/jetty-servlet/9.3.24.v20180605/jetty-servlet-9.3.24.v20180605.jar:/home/user/.m2/repository/org/eclipse/jetty/jetty-security/9.3.24.v20180605/jetty-security-9.3.24.v20180605.jar:/home/user/.m2/repository/javax/servlet/jsp/jsp-api/2.1/jsp-api-2.1.jar:/home/user/.m2/repository/com/sun/jersey/jersey-servlet/1.19/jersey-servlet-1.19.jar:/home/user/.m2/repository/com/sun/jersey/jersey-json/1.19/jersey-json-1.19.jar:/home/user/.m2/repository/org/codehaus/jettison/jettison/1.1/jettison-1.1.jar:/home/user/.m2/repository/org/codehaus/jackson/jackson-core-asl/1.9.13/jackson-core-asl-1.9.13.jar:/home/user/.m2/repository/org/codehaus/jackson/jackson-mapper-asl/1.9.13/jackson-mapper-asl-1.9.13.jar:/home/user/.m2/repository/org/codehaus/jackson/jackson-jaxrs/1.9.13/jackson-jaxrs-1.9.13.jar:/home/user/.m2/repository/org/codehaus/jackson/jackson-xc/1.9.13/jackson-xc-1.9.13.jar:/home/user/.m2/repository/commons-logging/commons-logging/1.1.3/commons-logging-1.1.3.jar:/home/user/.m2/repository/commons-beanutils/commons-beanutils/1.9.3/commons-beanutils-1.9.3.jar:/home/user/.m2/repository/org/apache/commons/commons-configuration2/2.1.1/commons-configuration2-2.1.1.jar:/home/user/.m2/repository/org/apache/commons/commons-lang3/3.7/commons-lang3-3.7.jar:/home/user/.m2/repository/org/apache/commons/commons-text/1.4/commons-text-1.4.jar:/home/user/.m2/repository/org/apache/avro/avro/1.7.7/avro-1.7.7.jar:/home/user/.m2/repository/com/thoughtworks/paranamer/paranamer/2.3/paranamer-2.3.jar:/home/user/.m2/repository/org/xerial/snappy/snappy-java/1.0.5/snappy-java-1.0.5.jar:/home/user/.m2/repository/com/google/re2j/re2j/1.1/re2j-1.1.jar:/home/user/.m2/repository/com/google/code/gson/gson/2.2.4/gson-2.2.4.jar:/home/user/.m2/repository/com/jcraft/jsch/0.1.54/jsch-0.1.54.jar:/home/user/.m2/repository/org/apache/curator/curator-client/2.12.0/curator-client-2.12.0.jar:/home/user/.m2/repository/org/apache/curator/curator-recipes/2.12.0/curator-recipes-2.12.0.jar:/home/user/.m2/repository/com/google/code/findbugs/jsr305/3.0.0/jsr305-3.0.0.jar:/home/user/.m2/repository/org/apache/htrace/htrace-core4/4.1.0-incubating/htrace-core4-4.1.0-incubating.jar:/home/user/.m2/repository/org/apache/zookeeper/zookeeper/3.4.13/zookeeper-3.4.13.jar:/home/user/.m2/repository/org/apache/yetus/audience-annotations/0.5.0/audience-annotations-0.5.0.jar:/home/user/.m2/repository/org/codehaus/woodstox/stax2-api/3.1.4/stax2-api-3.1.4.jar:/home/user/.m2/repository/com/fasterxml/woodstox/woodstox-core/5.0.3/woodstox-core-5.0.3.jar:/home/user/.m2/repository/dnsjava/dnsjava/2.1.7/dnsjava-2.1.7.jar:/home/user/.m2/repository/org/apache/hadoop/hadoop-hdfs/3.2.0/hadoop-hdfs-3.2.0-tests.jar:/home/user/.m2/repository/org/eclipse/jetty/jetty-util-ajax/9.3.24.v20180605/jetty-util-ajax-9.3.24.v20180605.jar:/home/user/.m2/repository/commons-daemon/commons-daemon/1.0.13/commons-daemon-1.0.13.jar:/home/user/.m2/repository/io/netty/netty/3.10.5.Final/netty-3.10.5.Final.jar:/home/user/.m2/repository/io/netty/netty-all/4.0.52.Final/netty-all-4.0.52.Final.jar:/home/user/.m2/repository/org/fusesource/leveldbjni/leveldbjni-all/1.8/leveldbjni-all-1.8.jar:"/>
    <property name="java.vm.vendor" value="IcedTea"/>
    <property name="sun.arch.data.model" value="64"/>
    <property name="test.build.dir" value="/workdir/hadoop-ozone/integration-test/target/test-dir"/>
    <property name="test.cache.data" value=""/>
    <property name="java.vendor.url" value="https://icedtea.classpath.org"/>
    <property name="user.timezone" value=""/>
    <property name="java.vm.specification.version" value="1.8"/>
    <property name="os.name" value="Linux"/>
    <property name="test.build.data" value="/workdir/hadoop-ozone/integration-test/target/test-dir"/>
    <property name="user.country" value="US"/>
    <property name="sun.java.launcher" value="SUN_STANDARD"/>
    <property name="sun.boot.library.path" value="/usr/lib/jvm/java-1.8-openjdk/jre/lib/amd64"/>
    <property name="sun.java.command" value="/workdir/hadoop-ozone/integration-test/target/surefire/surefirebooter1457440594550793749.jar /workdir/hadoop-ozone/integration-test/target/surefire 2019-08-23T05-14-45_962-jvmRun1 surefire5663030095542148024tmp surefire_238925193768523829356tmp"/>
    <property name="test" value="!TestMiniChaosOzoneCluster"/>
    <property name="surefire.test.class.path" value="/workdir/hadoop-ozone/integration-test/target/test-classes:/workdir/hadoop-ozone/integration-test/target/classes:/home/user/.m2/repository/org/apache/hadoop/hadoop-ozone-common/0.5.0-SNAPSHOT/hadoop-ozone-common-0.5.0-SNAPSHOT.jar:/home/user/.m2/repository/org/apache/commons/commons-compress/1.4.1/commons-compress-1.4.1.jar:/home/user/.m2/repository/org/tukaani/xz/1.0/xz-1.0.jar:/home/user/.m2/repository/org/apache/hadoop/hadoop-common/3.2.0/hadoop-common-3.2.0.jar:/home/user/.m2/repository/org/apache/hadoop/hadoop-hdfs/3.2.0/hadoop-hdfs-3.2.0.jar:/home/user/.m2/repository/org/apache/hadoop/hadoop-hdfs-client/3.2.0/hadoop-hdfs-client-3.2.0.jar:/home/user/.m2/repository/com/fasterxml/jackson/core/jackson-annotations/2.9.5/jackson-annotations-2.9.5.jar:/home/user/.m2/repository/org/apache/hadoop/hadoop-hdds-common/0.5.0-SNAPSHOT/hadoop-hdds-common-0.5.0-SNAPSHOT.jar:/home/user/.m2/repository/javax/annotation/javax.annotation-api/1.2/javax.annotation-api-1.2.jar:/home/user/.m2/repository/org/apache/ratis/ratis-server/0.4.0-2337318-SNAPSHOT/ratis-server-0.4.0-2337318-SNAPSHOT.jar:/home/user/.m2/repository/org/apache/ratis/ratis-thirdparty-misc/0.2.0/ratis-thirdparty-misc-0.2.0.jar:/home/user/.m2/repository/org/apache/ratis/ratis-proto/0.4.0-2337318-SNAPSHOT/ratis-proto-0.4.0-2337318-SNAPSHOT.jar:/home/user/.m2/repository/org/apache/ratis/ratis-common/0.4.0-2337318-SNAPSHOT/ratis-common-0.4.0-2337318-SNAPSHOT.jar:/home/user/.m2/repository/org/apache/ratis/ratis-client/0.4.0-2337318-SNAPSHOT/ratis-client-0.4.0-2337318-SNAPSHOT.jar:/home/user/.m2/repository/org/apache/ratis/ratis-metrics/0.4.0-2337318-SNAPSHOT/ratis-metrics-0.4.0-2337318-SNAPSHOT.jar:/home/user/.m2/repository/org/apache/ratis/ratis-netty/0.4.0-2337318-SNAPSHOT/ratis-netty-0.4.0-2337318-SNAPSHOT.jar:/home/user/.m2/repository/org/apache/ratis/ratis-grpc/0.4.0-2337318-SNAPSHOT/ratis-grpc-0.4.0-2337318-SNAPSHOT.jar:/home/user/.m2/repository/org/rocksdb/rocksdbjni/6.0.1/rocksdbjni-6.0.1.jar:/home/user/.m2/repository/org/apache/logging/log4j/log4j-api/2.11.0/log4j-api-2.11.0.jar:/home/user/.m2/repository/org/apache/logging/log4j/log4j-core/2.11.0/log4j-core-2.11.0.jar:/home/user/.m2/repository/com/lmax/disruptor/3.4.2/disruptor-3.4.2.jar:/home/user/.m2/repository/org/apache/commons/commons-pool2/2.6.0/commons-pool2-2.6.0.jar:/home/user/.m2/repository/org/bouncycastle/bcpkix-jdk15on/1.60/bcpkix-jdk15on-1.60.jar:/home/user/.m2/repository/commons-validator/commons-validator/1.6/commons-validator-1.6.jar:/home/user/.m2/repository/commons-digester/commons-digester/1.8.1/commons-digester-1.8.1.jar:/home/user/.m2/repository/io/jaegertracing/jaeger-client/0.33.1/jaeger-client-0.33.1.jar:/home/user/.m2/repository/io/jaegertracing/jaeger-thrift/0.33.1/jaeger-thrift-0.33.1.jar:/home/user/.m2/repository/org/apache/thrift/libthrift/0.11.0/libthrift-0.11.0.jar:/home/user/.m2/repository/com/squareup/okhttp3/okhttp/3.9.0/okhttp-3.9.0.jar:/home/user/.m2/repository/com/squareup/okio/okio/1.13.0/okio-1.13.0.jar:/home/user/.m2/repository/io/jaegertracing/jaeger-core/0.33.1/jaeger-core-0.33.1.jar:/home/user/.m2/repository/io/jaegertracing/jaeger-tracerresolver/0.33.1/jaeger-tracerresolver-0.33.1.jar:/home/user/.m2/repository/io/opentracing/contrib/opentracing-tracerresolver/0.1.5/opentracing-tracerresolver-0.1.5.jar:/home/user/.m2/repository/io/opentracing/opentracing-util/0.31.0/opentracing-util-0.31.0.jar:/home/user/.m2/repository/io/opentracing/opentracing-api/0.31.0/opentracing-api-0.31.0.jar:/home/user/.m2/repository/io/opentracing/opentracing-noop/0.31.0/opentracing-noop-0.31.0.jar:/home/user/.m2/repository/org/apache/hadoop/hadoop-hdds-server-framework/0.5.0-SNAPSHOT/hadoop-hdds-server-framework-0.5.0-SNAPSHOT.jar:/home/user/.m2/repository/org/apache/hadoop/hadoop-hdds-container-service/0.5.0-SNAPSHOT/hadoop-hdds-container-service-0.5.0-SNAPSHOT.jar:/home/user/.m2/repository/org/apache/hadoop/hadoop-hdds-client/0.5.0-SNAPSHOT/hadoop-hdds-client-0.5.0-SNAPSHOT.jar:/home/user/.m2/repository/org/apache/hadoop/hadoop-hdds-tools/0.5.0-SNAPSHOT/hadoop-hdds-tools-0.5.0-SNAPSHOT.jar:/home/user/.m2/repository/org/apache/hadoop/hadoop-hdds-server-scm/0.5.0-SNAPSHOT/hadoop-hdds-server-scm-0.5.0-SNAPSHOT.jar:/home/user/.m2/repository/org/apache/hadoop/hadoop-hdds-docs/0.5.0-SNAPSHOT/hadoop-hdds-docs-0.5.0-SNAPSHOT.jar:/home/user/.m2/repository/io/dropwizard/metrics/metrics-core/3.2.4/metrics-core-3.2.4.jar:/home/user/.m2/repository/org/hamcrest/hamcrest-all/1.3/hamcrest-all-1.3.jar:/home/user/.m2/repository/org/bouncycastle/bcprov-jdk15on/1.60/bcprov-jdk15on-1.60.jar:/home/user/.m2/repository/info/picocli/picocli/3.9.6/picocli-3.9.6.jar:/home/user/.m2/repository/com/google/protobuf/protobuf-java/2.5.0/protobuf-java-2.5.0.jar:/home/user/.m2/repository/com/google/guava/guava/11.0.2/guava-11.0.2.jar:/home/user/.m2/repository/org/apache/hadoop/hadoop-ozone-ozone-manager/0.5.0-SNAPSHOT/hadoop-ozone-ozone-manager-0.5.0-SNAPSHOT.jar:/home/user/.m2/repository/org/apache/hadoop/hadoop-minikdc/3.2.0/hadoop-minikdc-3.2.0.jar:/home/user/.m2/repository/commons-io/commons-io/2.5/commons-io-2.5.jar:/home/user/.m2/repository/org/apache/kerby/kerb-simplekdc/1.0.1/kerb-simplekdc-1.0.1.jar:/home/user/.m2/repository/org/apache/kerby/kerb-client/1.0.1/kerb-client-1.0.1.jar:/home/user/.m2/repository/org/apache/kerby/kerby-config/1.0.1/kerby-config-1.0.1.jar:/home/user/.m2/repository/org/apache/kerby/kerb-core/1.0.1/kerb-core-1.0.1.jar:/home/user/.m2/repository/org/apache/kerby/kerby-pkix/1.0.1/kerby-pkix-1.0.1.jar:/home/user/.m2/repository/org/apache/kerby/kerby-asn1/1.0.1/kerby-asn1-1.0.1.jar:/home/user/.m2/repository/org/apache/kerby/kerby-util/1.0.1/kerby-util-1.0.1.jar:/home/user/.m2/repository/org/apache/kerby/kerb-common/1.0.1/kerb-common-1.0.1.jar:/home/user/.m2/repository/org/apache/kerby/kerb-crypto/1.0.1/kerb-crypto-1.0.1.jar:/home/user/.m2/repository/org/apache/kerby/kerb-util/1.0.1/kerb-util-1.0.1.jar:/home/user/.m2/repository/org/apache/kerby/token-provider/1.0.1/token-provider-1.0.1.jar:/home/user/.m2/repository/org/apache/kerby/kerb-admin/1.0.1/kerb-admin-1.0.1.jar:/home/user/.m2/repository/org/apache/kerby/kerb-server/1.0.1/kerb-server-1.0.1.jar:/home/user/.m2/repository/org/apache/kerby/kerb-identity/1.0.1/kerb-identity-1.0.1.jar:/home/user/.m2/repository/org/apache/kerby/kerby-xdr/1.0.1/kerby-xdr-1.0.1.jar:/home/user/.m2/repository/org/slf4j/slf4j-log4j12/1.7.25/slf4j-log4j12-1.7.25.jar:/home/user/.m2/repository/org/apache/hadoop/hadoop-ozone-objectstore-service/0.5.0-SNAPSHOT/hadoop-ozone-objectstore-service-0.5.0-SNAPSHOT.jar:/home/user/.m2/repository/org/apache/hadoop/hadoop-ozone-s3gateway/0.5.0-SNAPSHOT/hadoop-ozone-s3gateway-0.5.0-SNAPSHOT.jar:/home/user/.m2/repository/org/jboss/weld/servlet/weld-servlet/2.4.7.Final/weld-servlet-2.4.7.Final.jar:/home/user/.m2/repository/org/glassfish/jersey/containers/jersey-container-servlet-core/2.27/jersey-container-servlet-core-2.27.jar:/home/user/.m2/repository/org/glassfish/hk2/external/javax.inject/2.5.0-b42/javax.inject-2.5.0-b42.jar:/home/user/.m2/repository/org/glassfish/jersey/core/jersey-common/2.27/jersey-common-2.27.jar:/home/user/.m2/repository/org/glassfish/hk2/osgi-resource-locator/1.0.1/osgi-resource-locator-1.0.1.jar:/home/user/.m2/repository/javax/ws/rs/javax.ws.rs-api/2.1/javax.ws.rs-api-2.1.jar:/home/user/.m2/repository/org/glassfish/jersey/ext/cdi/jersey-cdi1x/2.27/jersey-cdi1x-2.27.jar:/home/user/.m2/repository/org/glassfish/jersey/inject/jersey-hk2/2.27/jersey-hk2-2.27.jar:/home/user/.m2/repository/org/glassfish/hk2/hk2-locator/2.5.0-b42/hk2-locator-2.5.0-b42.jar:/home/user/.m2/repository/org/javassist/javassist/3.22.0-CR2/javassist-3.22.0-CR2.jar:/home/user/.m2/repository/org/glassfish/hk2/hk2-api/2.5.0/hk2-api-2.5.0.jar:/home/user/.m2/repository/org/glassfish/hk2/external/jakarta.inject/2.5.0/jakarta.inject-2.5.0.jar:/home/user/.m2/repository/org/glassfish/hk2/hk2-utils/2.5.0/hk2-utils-2.5.0.jar:/home/user/.m2/repository/jakarta/annotation/jakarta.annotation-api/1.3.4/jakarta.annotation-api-1.3.4.jar:/home/user/.m2/repository/org/glassfish/hk2/external/aopalliance-repackaged/2.5.0/aopalliance-repackaged-2.5.0.jar:/home/user/.m2/repository/com/fasterxml/jackson/dataformat/jackson-dataformat-xml/2.9.0/jackson-dataformat-xml-2.9.0.jar:/home/user/.m2/repository/com/fasterxml/jackson/core/jackson-core/2.9.5/jackson-core-2.9.5.jar:/home/user/.m2/repository/com/fasterxml/jackson/module/jackson-module-jaxb-annotations/2.9.5/jackson-module-jaxb-annotations-2.9.5.jar:/home/user/.m2/repository/javax/enterprise/cdi-api/1.2/cdi-api-1.2.jar:/home/user/.m2/repository/javax/el/javax.el-api/3.0.0/javax.el-api-3.0.0.jar:/home/user/.m2/repository/javax/interceptor/javax.interceptor-api/1.2/javax.interceptor-api-1.2.jar:/home/user/.m2/repository/javax/inject/javax.inject/1/javax.inject-1.jar:/home/user/.m2/repository/com/sun/xml/bind/jaxb-impl/2.3.0.1/jaxb-impl-2.3.0.1.jar:/home/user/.m2/repository/com/sun/xml/bind/jaxb-core/2.3.0.1/jaxb-core-2.3.0.1.jar:/home/user/.m2/repository/javax/xml/bind/jaxb-api/2.3.0/jaxb-api-2.3.0.jar:/home/user/.m2/repository/javax/activation/activation/1.1.1/activation-1.1.1.jar:/home/user/.m2/repository/org/apache/hadoop/hadoop-ozone-csi/0.5.0-SNAPSHOT/hadoop-ozone-csi-0.5.0-SNAPSHOT.jar:/home/user/.m2/repository/com/google/protobuf/protobuf-java-util/3.5.1/protobuf-java-util-3.5.1.jar:/home/user/.m2/repository/org/apache/hadoop/hadoop-hdds-config/0.5.0-SNAPSHOT/hadoop-hdds-config-0.5.0-SNAPSHOT.jar:/home/user/.m2/repository/io/grpc/grpc-netty/1.17.1/grpc-netty-1.17.1.jar:/home/user/.m2/repository/io/grpc/grpc-core/1.17.1/grpc-core-1.17.1.jar:/home/user/.m2/repository/io/grpc/grpc-context/1.17.1/grpc-context-1.17.1.jar:/home/user/.m2/repository/com/google/errorprone/error_prone_annotations/2.2.0/error_prone_annotations-2.2.0.jar:/home/user/.m2/repository/org/codehaus/mojo/animal-sniffer-annotations/1.17/animal-sniffer-annotations-1.17.jar:/home/user/.m2/repository/io/opencensus/opencensus-api/0.17.0/opencensus-api-0.17.0.jar:/home/user/.m2/repository/io/opencensus/opencensus-contrib-grpc-metrics/0.17.0/opencensus-contrib-grpc-metrics-0.17.0.jar:/home/user/.m2/repository/io/netty/netty-codec-http2/4.1.30.Final/netty-codec-http2-4.1.30.Final.jar:/home/user/.m2/repository/io/netty/netty-codec-http/4.1.30.Final/netty-codec-http-4.1.30.Final.jar:/home/user/.m2/repository/io/netty/netty-codec/4.1.30.Final/netty-codec-4.1.30.Final.jar:/home/user/.m2/repository/io/netty/netty-handler/4.1.30.Final/netty-handler-4.1.30.Final.jar:/home/user/.m2/repository/io/netty/netty-handler-proxy/4.1.30.Final/netty-handler-proxy-4.1.30.Final.jar:/home/user/.m2/repository/io/netty/netty-codec-socks/4.1.30.Final/netty-codec-socks-4.1.30.Final.jar:/home/user/.m2/repository/io/netty/netty-transport-native-epoll/4.1.30.Final/netty-transport-native-epoll-4.1.30.Final.jar:/home/user/.m2/repository/io/netty/netty-common/4.1.30.Final/netty-common-4.1.30.Final.jar:/home/user/.m2/repository/io/netty/netty-buffer/4.1.30.Final/netty-buffer-4.1.30.Final.jar:/home/user/.m2/repository/io/netty/netty-transport/4.1.30.Final/netty-transport-4.1.30.Final.jar:/home/user/.m2/repository/io/netty/netty-resolver/4.1.30.Final/netty-resolver-4.1.30.Final.jar:/home/user/.m2/repository/io/netty/netty-transport-native-unix-common/4.1.30.Final/netty-transport-native-unix-common-4.1.30.Final.jar:/home/user/.m2/repository/io/grpc/grpc-protobuf/1.17.1/grpc-protobuf-1.17.1.jar:/home/user/.m2/repository/com/google/api/grpc/proto-google-common-protos/1.0.0/proto-google-common-protos-1.0.0.jar:/home/user/.m2/repository/io/grpc/grpc-protobuf-lite/1.17.1/grpc-protobuf-lite-1.17.1.jar:/home/user/.m2/repository/io/grpc/grpc-stub/1.17.1/grpc-stub-1.17.1.jar:/home/user/.m2/repository/org/apache/hadoop/hadoop-ozone-recon/0.5.0-SNAPSHOT/hadoop-ozone-recon-0.5.0-SNAPSHOT.jar:/home/user/.m2/repository/org/apache/hadoop/hadoop-ozone-reconcodegen/0.5.0-SNAPSHOT/hadoop-ozone-reconcodegen-0.5.0-SNAPSHOT.jar:/home/user/.m2/repository/com/google/inject/extensions/guice-multibindings/4.0/guice-multibindings-4.0.jar:/home/user/.m2/repository/com/google/inject/guice/4.0/guice-4.0.jar:/home/user/.m2/repository/aopalliance/aopalliance/1.0/aopalliance-1.0.jar:/home/user/.m2/repository/com/google/inject/extensions/guice-servlet/4.0/guice-servlet-4.0.jar:/home/user/.m2/repository/org/glassfish/jersey/containers/jersey-container-servlet/2.27/jersey-container-servlet-2.27.jar:/home/user/.m2/repository/org/glassfish/hk2/guice-bridge/2.5.0/guice-bridge-2.5.0.jar:/home/user/.m2/repository/org/glassfish/jersey/core/jersey-server/2.27/jersey-server-2.27.jar:/home/user/.m2/repository/org/glassfish/jersey/core/jersey-client/2.27/jersey-client-2.27.jar:/home/user/.m2/repository/org/glassfish/jersey/media/jersey-media-jaxb/2.27/jersey-media-jaxb-2.27.jar:/home/user/.m2/repository/javax/validation/validation-api/1.1.0.Final/validation-api-1.1.0.Final.jar:/home/user/.m2/repository/org/glassfish/jersey/media/jersey-media-json-jackson/2.27/jersey-media-json-jackson-2.27.jar:/home/user/.m2/repository/org/glassfish/jersey/ext/jersey-entity-filtering/2.27/jersey-entity-filtering-2.27.jar:/home/user/.m2/repository/com/google/inject/extensions/guice-assistedinject/4.0/guice-assistedinject-4.0.jar:/home/user/.m2/repository/org/jooq/jooq/3.11.10/jooq-3.11.10.jar:/home/user/.m2/repository/org/jooq/jooq-meta/3.11.10/jooq-meta-3.11.10.jar:/home/user/.m2/repository/org/jooq/jooq-codegen/3.11.10/jooq-codegen-3.11.10.jar:/home/user/.m2/repository/com/jolbox/bonecp/0.8.0.RELEASE/bonecp-0.8.0.RELEASE.jar:/home/user/.m2/repository/org/xerial/sqlite-jdbc/3.25.2/sqlite-jdbc-3.25.2.jar:/home/user/.m2/repository/org/springframework/spring-jdbc/5.1.3.RELEASE/spring-jdbc-5.1.3.RELEASE.jar:/home/user/.m2/repository/org/springframework/spring-beans/5.1.3.RELEASE/spring-beans-5.1.3.RELEASE.jar:/home/user/.m2/repository/org/springframework/spring-core/5.1.3.RELEASE/spring-core-5.1.3.RELEASE.jar:/home/user/.m2/repository/org/springframework/spring-jcl/5.1.3.RELEASE/spring-jcl-5.1.3.RELEASE.jar:/home/user/.m2/repository/org/springframework/spring-tx/5.1.3.RELEASE/spring-tx-5.1.3.RELEASE.jar:/home/user/.m2/repository/org/apache/hadoop/hadoop-ozone-client/0.5.0-SNAPSHOT/hadoop-ozone-client-0.5.0-SNAPSHOT.jar:/home/user/.m2/repository/commons-lang/commons-lang/2.6/commons-lang-2.6.jar:/home/user/.m2/repository/org/apache/hadoop/hadoop-ozone-ozone-manager/0.5.0-SNAPSHOT/hadoop-ozone-ozone-manager-0.5.0-SNAPSHOT-tests.jar:/home/user/.m2/repository/junit/junit/4.11/junit-4.11.jar:/home/user/.m2/repository/org/hamcrest/hamcrest-core/1.3/hamcrest-core-1.3.jar:/home/user/.m2/repository/org/openjdk/jmh/jmh-core/1.19/jmh-core-1.19.jar:/home/user/.m2/repository/net/sf/jopt-simple/jopt-simple/4.6/jopt-simple-4.6.jar:/home/user/.m2/repository/org/apache/commons/commons-math3/3.1.1/commons-math3-3.1.1.jar:/home/user/.m2/repository/org/openjdk/jmh/jmh-generator-annprocess/1.19/jmh-generator-annprocess-1.19.jar:/home/user/.m2/repository/org/mockito/mockito-all/1.8.5/mockito-all-1.8.5.jar:/home/user/.m2/repository/org/apache/hadoop/hadoop-kms/3.2.0/hadoop-kms-3.2.0.jar:/home/user/.m2/repository/org/apache/hadoop/hadoop-auth/3.2.0/hadoop-auth-3.2.0.jar:/home/user/.m2/repository/com/nimbusds/nimbus-jose-jwt/4.41.1/nimbus-jose-jwt-4.41.1.jar:/home/user/.m2/repository/com/github/stephenc/jcip/jcip-annotations/1.0-1/jcip-annotations-1.0-1.jar:/home/user/.m2/repository/net/minidev/json-smart/2.3/json-smart-2.3.jar:/home/user/.m2/repository/net/minidev/accessors-smart/1.2/accessors-smart-1.2.jar:/home/user/.m2/repository/org/ow2/asm/asm/5.0.4/asm-5.0.4.jar:/home/user/.m2/repository/org/apache/curator/curator-framework/2.12.0/curator-framework-2.12.0.jar:/home/user/.m2/repository/com/sun/jersey/jersey-core/1.19/jersey-core-1.19.jar:/home/user/.m2/repository/javax/ws/rs/jsr311-api/1.1.1/jsr311-api-1.1.1.jar:/home/user/.m2/repository/com/sun/jersey/jersey-server/1.19/jersey-server-1.19.jar:/home/user/.m2/repository/javax/servlet/javax.servlet-api/3.1.0/javax.servlet-api-3.1.0.jar:/home/user/.m2/repository/org/eclipse/jetty/jetty-server/9.3.24.v20180605/jetty-server-9.3.24.v20180605.jar:/home/user/.m2/repository/org/eclipse/jetty/jetty-http/9.3.24.v20180605/jetty-http-9.3.24.v20180605.jar:/home/user/.m2/repository/org/eclipse/jetty/jetty-io/9.3.24.v20180605/jetty-io-9.3.24.v20180605.jar:/home/user/.m2/repository/org/eclipse/jetty/jetty-webapp/9.3.24.v20180605/jetty-webapp-9.3.24.v20180605.jar:/home/user/.m2/repository/org/eclipse/jetty/jetty-xml/9.3.24.v20180605/jetty-xml-9.3.24.v20180605.jar:/home/user/.m2/repository/log4j/log4j/1.2.17/log4j-1.2.17.jar:/home/user/.m2/repository/org/slf4j/slf4j-api/1.7.25/slf4j-api-1.7.25.jar:/home/user/.m2/repository/org/slf4j/jul-to-slf4j/1.7.25/jul-to-slf4j-1.7.25.jar:/home/user/.m2/repository/org/eclipse/jetty/jetty-util/9.3.24.v20180605/jetty-util-9.3.24.v20180605.jar:/home/user/.m2/repository/com/fasterxml/jackson/core/jackson-databind/2.9.5/jackson-databind-2.9.5.jar:/home/user/.m2/repository/org/apache/hadoop/hadoop-kms/3.2.0/hadoop-kms-3.2.0-tests.jar:/home/user/.m2/repository/org/apache/hadoop/hadoop-hdds-server-scm/0.5.0-SNAPSHOT/hadoop-hdds-server-scm-0.5.0-SNAPSHOT-tests.jar:/home/user/.m2/repository/org/apache/hadoop/hadoop-hdds-container-service/0.5.0-SNAPSHOT/hadoop-hdds-container-service-0.5.0-SNAPSHOT-tests.jar:/home/user/.m2/repository/org/yaml/snakeyaml/1.16/snakeyaml-1.16.jar:/home/user/.m2/repository/org/apache/hadoop/hadoop-common/3.2.0/hadoop-common-3.2.0-tests.jar:/home/user/.m2/repository/org/apache/hadoop/hadoop-annotations/3.2.0/hadoop-annotations-3.2.0.jar:/usr/lib/jvm/java-1.8-openjdk/jre/../lib/tools.jar:/home/user/.m2/repository/commons-cli/commons-cli/1.2/commons-cli-1.2.jar:/home/user/.m2/repository/org/apache/httpcomponents/httpclient/4.5.2/httpclient-4.5.2.jar:/home/user/.m2/repository/org/apache/httpcomponents/httpcore/4.4.4/httpcore-4.4.4.jar:/home/user/.m2/repository/commons-codec/commons-codec/1.11/commons-codec-1.11.jar:/home/user/.m2/repository/commons-net/commons-net/3.6/commons-net-3.6.jar:/home/user/.m2/repository/commons-collections/commons-collections/3.2.2/commons-collections-3.2.2.jar:/home/user/.m2/repository/org/eclipse/jetty/jetty-servlet/9.3.24.v20180605/jetty-servlet-9.3.24.v20180605.jar:/home/user/.m2/repository/org/eclipse/jetty/jetty-security/9.3.24.v20180605/jetty-security-9.3.24.v20180605.jar:/home/user/.m2/repository/javax/servlet/jsp/jsp-api/2.1/jsp-api-2.1.jar:/home/user/.m2/repository/com/sun/jersey/jersey-servlet/1.19/jersey-servlet-1.19.jar:/home/user/.m2/repository/com/sun/jersey/jersey-json/1.19/jersey-json-1.19.jar:/home/user/.m2/repository/org/codehaus/jettison/jettison/1.1/jettison-1.1.jar:/home/user/.m2/repository/org/codehaus/jackson/jackson-core-asl/1.9.13/jackson-core-asl-1.9.13.jar:/home/user/.m2/repository/org/codehaus/jackson/jackson-mapper-asl/1.9.13/jackson-mapper-asl-1.9.13.jar:/home/user/.m2/repository/org/codehaus/jackson/jackson-jaxrs/1.9.13/jackson-jaxrs-1.9.13.jar:/home/user/.m2/repository/org/codehaus/jackson/jackson-xc/1.9.13/jackson-xc-1.9.13.jar:/home/user/.m2/repository/commons-logging/commons-logging/1.1.3/commons-logging-1.1.3.jar:/home/user/.m2/repository/commons-beanutils/commons-beanutils/1.9.3/commons-beanutils-1.9.3.jar:/home/user/.m2/repository/org/apache/commons/commons-configuration2/2.1.1/commons-configuration2-2.1.1.jar:/home/user/.m2/repository/org/apache/commons/commons-lang3/3.7/commons-lang3-3.7.jar:/home/user/.m2/repository/org/apache/commons/commons-text/1.4/commons-text-1.4.jar:/home/user/.m2/repository/org/apache/avro/avro/1.7.7/avro-1.7.7.jar:/home/user/.m2/repository/com/thoughtworks/paranamer/paranamer/2.3/paranamer-2.3.jar:/home/user/.m2/repository/org/xerial/snappy/snappy-java/1.0.5/snappy-java-1.0.5.jar:/home/user/.m2/repository/com/google/re2j/re2j/1.1/re2j-1.1.jar:/home/user/.m2/repository/com/google/code/gson/gson/2.2.4/gson-2.2.4.jar:/home/user/.m2/repository/com/jcraft/jsch/0.1.54/jsch-0.1.54.jar:/home/user/.m2/repository/org/apache/curator/curator-client/2.12.0/curator-client-2.12.0.jar:/home/user/.m2/repository/org/apache/curator/curator-recipes/2.12.0/curator-recipes-2.12.0.jar:/home/user/.m2/repository/com/google/code/findbugs/jsr305/3.0.0/jsr305-3.0.0.jar:/home/user/.m2/repository/org/apache/htrace/htrace-core4/4.1.0-incubating/htrace-core4-4.1.0-incubating.jar:/home/user/.m2/repository/org/apache/zookeeper/zookeeper/3.4.13/zookeeper-3.4.13.jar:/home/user/.m2/repository/org/apache/yetus/audience-annotations/0.5.0/audience-annotations-0.5.0.jar:/home/user/.m2/repository/org/codehaus/woodstox/stax2-api/3.1.4/stax2-api-3.1.4.jar:/home/user/.m2/repository/com/fasterxml/woodstox/woodstox-core/5.0.3/woodstox-core-5.0.3.jar:/home/user/.m2/repository/dnsjava/dnsjava/2.1.7/dnsjava-2.1.7.jar:/home/user/.m2/repository/org/apache/hadoop/hadoop-hdfs/3.2.0/hadoop-hdfs-3.2.0-tests.jar:/home/user/.m2/repository/org/eclipse/jetty/jetty-util-ajax/9.3.24.v20180605/jetty-util-ajax-9.3.24.v20180605.jar:/home/user/.m2/repository/commons-daemon/commons-daemon/1.0.13/commons-daemon-1.0.13.jar:/home/user/.m2/repository/io/netty/netty/3.10.5.Final/netty-3.10.5.Final.jar:/home/user/.m2/repository/io/netty/netty-all/4.0.52.Final/netty-all-4.0.52.Final.jar:/home/user/.m2/repository/org/fusesource/leveldbjni/leveldbjni-all/1.8/leveldbjni-all-1.8.jar:"/>
    <property name="sun.cpu.endian" value="little"/>
    <property name="user.home" value="/home/user"/>
    <property name="user.language" value="en"/>
    <property name="java.specification.vendor" value="Oracle Corporation"/>
    <property name="java.home" value="/usr/lib/jvm/java-1.8-openjdk/jre"/>
    <property name="java.security.krb5.conf" value="/workdir/hadoop-ozone/integration-test/target/test-classes/krb5.conf"/>
    <property name="basedir" value="/workdir/hadoop-ozone/integration-test"/>
    <property name="file.separator" value="/"/>
    <property name="line.separator" value="&#10;"/>
    <property name="java.vm.specification.vendor" value="Oracle Corporation"/>
    <property name="java.specification.name" value="Java Platform API Specification"/>
    <property name="java.awt.graphicsenv" value="sun.awt.X11GraphicsEnvironment"/>
    <property name="surefire.real.class.path" value="/workdir/hadoop-ozone/integration-test/target/surefire/surefirebooter1457440594550793749.jar"/>
    <property name="hadoop.log.dir" value="/workdir/hadoop-ozone/integration-test/target/log"/>
    <property name="sun.boot.class.path" value="/usr/lib/jvm/java-1.8-openjdk/jre/lib/resources.jar:/usr/lib/jvm/java-1.8-openjdk/jre/lib/rt.jar:/usr/lib/jvm/java-1.8-openjdk/jre/lib/sunrsasign.jar:/usr/lib/jvm/java-1.8-openjdk/jre/lib/jsse.jar:/usr/lib/jvm/java-1.8-openjdk/jre/lib/jce.jar:/usr/lib/jvm/java-1.8-openjdk/jre/lib/charsets.jar:/usr/lib/jvm/java-1.8-openjdk/jre/lib/jfr.jar:/usr/lib/jvm/java-1.8-openjdk/jre/classes"/>
    <property name="sun.management.compiler" value="HotSpot 64-Bit Tiered Compilers"/>
    <property name="java.runtime.version" value="1.8.0_212-b04"/>
    <property name="java.net.preferIPv4Stack" value="true"/>
    <property name="user.name" value="jenkins1000"/>
    <property name="path.separator" value=":"/>
    <property name="java.security.egd" value="file:///dev/urandom"/>
    <property name="os.version" value="3.10.0-957.12.2.el7.x86_64"/>
    <property name="java.endorsed.dirs" value="/usr/lib/jvm/java-1.8-openjdk/jre/lib/endorsed"/>
    <property name="java.runtime.name" value="OpenJDK Runtime Environment"/>
    <property name="file.encoding" value="UTF-8"/>
    <property name="java.vm.name" value="OpenJDK 64-Bit Server VM"/>
    <property name="test.build.webapps" value=""/>
    <property name="localRepository" value="/home/user/.m2/repository"/>
    <property name="java.vendor.url.bug" value="https://icedtea.classpath.org/bugzilla"/>
    <property name="java.io.tmpdir" value="/tmp"/>
    <property name="require.test.libhadoop" value=""/>
    <property name="java.version" value="1.8.0_212"/>
    <property name="user.dir" value="/workdir/hadoop-ozone/integration-test"/>
    <property name="os.arch" value="amd64"/>
    <property name="java.vm.specification.name" value="Java Virtual Machine Specification"/>
    <property name="test.build.classes" value="/workdir/hadoop-ozone/integration-test/target/test-classes"/>
    <property name="java.awt.printerjob" value="sun.print.PSPrinterJob"/>
    <property name="sun.os.patch.level" value="unknown"/>
    <property name="hadoop.tmp.dir" value="/workdir/hadoop-ozone/integration-test/target/tmp"/>
    <property name="java.library.path" value="/usr/lib/jvm/java-1.8-openjdk/jre/lib/amd64/server:/usr/lib/jvm/java-1.8-openjdk/jre/lib/amd64:/usr/lib/jvm/java-1.8-openjdk/jre/../lib/amd64:/workdir/hadoop-ozone/integration-test/target/native/target/usr/local/lib:/workdir/hadoop-ozone/integration-test/../../hadoop-common-project/hadoop-common/target/native/target/usr/local/lib:/usr/java/packages/lib/amd64:/usr/lib64:/lib64:/lib:/usr/lib"/>
    <property name="java.vm.info" value="mixed mode"/>
    <property name="java.vendor" value="IcedTea"/>
    <property name="java.vm.version" value="25.212-b04"/>
    <property name="java.ext.dirs" value="/usr/lib/jvm/java-1.8-openjdk/jre/lib/ext:/usr/java/packages/lib/ext"/>
    <property name="sun.io.unicode.encoding" value="UnicodeLittle"/>
    <property name="java.class.version" value="52.0"/>
  </properties>
  <testcase name="testGroupMismatchExceptionHandling" classname="org.apache.hadoop.ozone.client.rpc.TestOzoneClientRetriesOnException" time="41.001"/>
  <testcase name="testMaxRetriesByOzoneClient" classname="org.apache.hadoop.ozone.client.rpc.TestOzoneClientRetriesOnException" time="335.787">
    <error message="Failed to command cmdType: CreateContainer&#10;containerID: 1&#10;datanodeUuid: &quot;564f3e1b-dc37-4d98-9518-cc9451ddb3ca&quot;&#10;createContainer {&#10;}&#10;" type="java.io.IOException">java.io.IOException: 
Failed to command cmdType: CreateContainer
containerID: 1
datanodeUuid: "564f3e1b-dc37-4d98-9518-cc9451ddb3ca"
createContainer {
}

	at org.apache.hadoop.hdds.scm.XceiverClientSpi.sendCommand(XceiverClientSpi.java:113)
	at org.apache.hadoop.ozone.client.rpc.TestOzoneClientRetriesOnException.testMaxRetriesByOzoneClient(TestOzoneClientRetriesOnException.java:190)
	at sun.reflect.NativeMethodAccessorImpl.invoke0(Native Method)
	at sun.reflect.NativeMethodAccessorImpl.invoke(NativeMethodAccessorImpl.java:62)
	at sun.reflect.DelegatingMethodAccessorImpl.invoke(DelegatingMethodAccessorImpl.java:43)
	at java.lang.reflect.Method.invoke(Method.java:498)
	at org.junit.runners.model.FrameworkMethod$1.runReflectiveCall(FrameworkMethod.java:47)
	at org.junit.internal.runners.model.ReflectiveCallable.run(ReflectiveCallable.java:12)
	at org.junit.runners.model.FrameworkMethod.invokeExplosively(FrameworkMethod.java:44)
	at org.junit.internal.runners.statements.InvokeMethod.evaluate(InvokeMethod.java:17)
	at org.junit.internal.runners.statements.RunBefores.evaluate(RunBefores.java:26)
	at org.junit.internal.runners.statements.RunAfters.evaluate(RunAfters.java:27)
	at org.junit.runners.ParentRunner.runLeaf(ParentRunner.java:271)
	at org.junit.runners.BlockJUnit4ClassRunner.runChild(BlockJUnit4ClassRunner.java:70)
	at org.junit.runners.BlockJUnit4ClassRunner.runChild(BlockJUnit4ClassRunner.java:50)
	at org.junit.runners.ParentRunner$3.run(ParentRunner.java:238)
	at org.junit.runners.ParentRunner$1.schedule(ParentRunner.java:63)
	at org.junit.runners.ParentRunner.runChildren(ParentRunner.java:236)
	at org.junit.runners.ParentRunner.access$000(ParentRunner.java:53)
	at org.junit.runners.ParentRunner$2.evaluate(ParentRunner.java:229)
	at org.junit.runners.ParentRunner.run(ParentRunner.java:309)
	at org.apache.maven.surefire.junit4.JUnit4Provider.execute(JUnit4Provider.java:365)
	at org.apache.maven.surefire.junit4.JUnit4Provider.executeWithRerun(JUnit4Provider.java:273)
	at org.apache.maven.surefire.junit4.JUnit4Provider.executeTestSet(JUnit4Provider.java:238)
	at org.apache.maven.surefire.junit4.JUnit4Provider.invoke(JUnit4Provider.java:159)
	at org.apache.maven.surefire.booter.ForkedBooter.invokeProviderInSameClassLoader(ForkedBooter.java:384)
	at org.apache.maven.surefire.booter.ForkedBooter.runSuitesInProcess(ForkedBooter.java:345)
	at org.apache.maven.surefire.booter.ForkedBooter.execute(ForkedBooter.java:126)
	at org.apache.maven.surefire.booter.ForkedBooter.main(ForkedBooter.java:418)
Caused by: java.util.concurrent.ExecutionException: org.apache.ratis.protocol.RaftRetryFailureException: Failed RaftClientRequest:client-DB4E080F923B->9e0d48e9-795f-4679-b1bc-974fe7951c55@group-FC65621A5432, cid=45, seq=4*, RW, org.apache.hadoop.hdds.scm.XceiverClientRatis$$Lambda$315/850683953@267277e9 for 180 attempts with RetryLimited(maxAttempts=180, sleepTime=1000ms)
	at java.util.concurrent.CompletableFuture.reportGet(CompletableFuture.java:357)
	at java.util.concurrent.CompletableFuture.get(CompletableFuture.java:1895)
	at org.apache.hadoop.hdds.scm.XceiverClientSpi.sendCommand(XceiverClientSpi.java:110)
	... 28 more
Caused by: org.apache.ratis.protocol.RaftRetryFailureException: Failed RaftClientRequest:client-DB4E080F923B->9e0d48e9-795f-4679-b1bc-974fe7951c55@group-FC65621A5432, cid=45, seq=4*, RW, org.apache.hadoop.hdds.scm.XceiverClientRatis$$Lambda$315/850683953@267277e9 for 180 attempts with RetryLimited(maxAttempts=180, sleepTime=1000ms)
	at org.apache.ratis.client.impl.RaftClientImpl.noMoreRetries(RaftClientImpl.java:272)
	at org.apache.ratis.client.impl.OrderedAsync.handleAsyncRetryFailure(OrderedAsync.java:138)
	at org.apache.ratis.client.impl.OrderedAsync.lambda$sendRequest$10(OrderedAsync.java:230)
	at java.util.concurrent.CompletableFuture.uniExceptionally(CompletableFuture.java:870)
	at java.util.concurrent.CompletableFuture$UniExceptionally.tryFire(CompletableFuture.java:852)
	at java.util.concurrent.CompletableFuture.postComplete(CompletableFuture.java:474)
	at java.util.concurrent.CompletableFuture.completeExceptionally(CompletableFuture.java:1977)
	at org.apache.ratis.grpc.client.GrpcClientProtocolClient$AsyncStreamObservers.completeReplyExceptionally(GrpcClientProtocolClient.java:330)
	at org.apache.ratis.grpc.client.GrpcClientProtocolClient$AsyncStreamObservers.access$000(GrpcClientProtocolClient.java:246)
	at org.apache.ratis.grpc.client.GrpcClientProtocolClient$AsyncStreamObservers$1.onNext(GrpcClientProtocolClient.java:258)
	at org.apache.ratis.grpc.client.GrpcClientProtocolClient$AsyncStreamObservers$1.onNext(GrpcClientProtocolClient.java:249)
	at org.apache.ratis.thirdparty.io.grpc.stub.ClientCalls$StreamObserverToCallListenerAdapter.onMessage(ClientCalls.java:421)
	at org.apache.ratis.thirdparty.io.grpc.ForwardingClientCallListener.onMessage(ForwardingClientCallListener.java:33)
	at org.apache.ratis.thirdparty.io.grpc.ForwardingClientCallListener.onMessage(ForwardingClientCallListener.java:33)
	at org.apache.ratis.thirdparty.io.grpc.internal.ClientCallImpl$ClientStreamListenerImpl$1MessagesAvailable.runInContext(ClientCallImpl.java:519)
	at org.apache.ratis.thirdparty.io.grpc.internal.ContextRunnable.run(ContextRunnable.java:37)
	at org.apache.ratis.thirdparty.io.grpc.internal.SerializingExecutor.run(SerializingExecutor.java:123)
	at java.util.concurrent.ThreadPoolExecutor.runWorker(ThreadPoolExecutor.java:1149)
	at java.util.concurrent.ThreadPoolExecutor$Worker.run(ThreadPoolExecutor.java:624)
	at java.lang.Thread.run(Thread.java:748)
Caused by: org.apache.ratis.protocol.NotLeaderException: Server 9e0d48e9-795f-4679-b1bc-974fe7951c55 is not the leader (d4f36997-48a6-49b8-995b-3c38d9ac3c0f:192.168.5.178:40775). Request must be sent to leader.
	at org.apache.ratis.client.impl.ClientProtoUtils.toRaftClientReply(ClientProtoUtils.java:242)
	at org.apache.ratis.grpc.client.GrpcClientProtocolClient$AsyncStreamObservers$1.onNext(GrpcClientProtocolClient.java:254)
	... 10 more
</error>
    <system-out><![CDATA[2019-08-23 05:49:22,628 [main] WARN  server.ServerUtils (ServerUtils.java:getScmDbDir(145)) - ozone.scm.db.dirs is not configured. We recommend adding this setting. Falling back to ozone.metadata.dirs instead.
2019-08-23 05:49:22,653 [main] WARN  server.ServerUtils (ServerUtils.java:getScmDbDir(145)) - ozone.scm.db.dirs is not configured. We recommend adding this setting. Falling back to ozone.metadata.dirs instead.
2019-08-23 05:49:22,653 [main] WARN  server.ServerUtils (ServerUtils.java:getScmDbDir(145)) - ozone.scm.db.dirs is not configured. We recommend adding this setting. Falling back to ozone.metadata.dirs instead.
2019-08-23 05:49:22,654 [main] INFO  db.DBStoreBuilder (DBStoreBuilder.java:addTable(110)) - using custom profile for table: deletedBlocks
2019-08-23 05:49:22,654 [main] INFO  db.DBStoreBuilder (DBStoreBuilder.java:processTables(161)) - Using default column profile:DBProfile.DISK for Table:deletedBlocks
2019-08-23 05:49:22,654 [main] INFO  db.DBStoreBuilder (DBStoreBuilder.java:addTable(110)) - using custom profile for table: validCerts
2019-08-23 05:49:22,655 [main] INFO  db.DBStoreBuilder (DBStoreBuilder.java:processTables(161)) - Using default column profile:DBProfile.DISK for Table:validCerts
2019-08-23 05:49:22,655 [main] INFO  db.DBStoreBuilder (DBStoreBuilder.java:addTable(110)) - using custom profile for table: revokedCerts
2019-08-23 05:49:22,655 [main] INFO  db.DBStoreBuilder (DBStoreBuilder.java:processTables(161)) - Using default column profile:DBProfile.DISK for Table:revokedCerts
2019-08-23 05:49:22,655 [main] INFO  db.DBStoreBuilder (DBStoreBuilder.java:addTable(110)) - using custom profile for table: default
2019-08-23 05:49:22,655 [main] INFO  db.DBStoreBuilder (DBStoreBuilder.java:processTables(167)) - Using default column profile:DBProfile.DISK for Table:default
2019-08-23 05:49:22,656 [main] INFO  db.DBStoreBuilder (DBStoreBuilder.java:getDbProfile(198)) - Using default options. DBProfile.DISK
2019-08-23 05:49:22,785 [main] INFO  net.NodeSchemaLoader (NodeSchemaLoader.java:loadSchemaFromFile(125)) - Loading file from sun.misc.CompoundEnumeration@5350ab17
2019-08-23 05:49:22,785 [main] INFO  net.NodeSchemaLoader (NodeSchemaLoader.java:loadSchema(171)) - Loading network topology layer schema file
2019-08-23 05:49:22,790 [main] WARN  server.ServerUtils (ServerUtils.java:sanitizeUserArgs(70)) - ozone.scm.stale.node.interval value = 300000 is larger than max = 100000 based on the key value of ozone.scm.heartbeat.thread.interval, reset to the max value 100000.
2019-08-23 05:49:22,790 [main] WARN  server.ServerUtils (ServerUtils.java:sanitizeUserArgs(70)) - ozone.scm.stale.node.interval value = 300000 is larger than max = 100000 based on the key value of ozone.scm.heartbeat.thread.interval, reset to the max value 100000.
2019-08-23 05:49:22,791 [main] INFO  node.SCMNodeManager (SCMNodeManager.java:<init>(121)) - Entering startup safe mode.
2019-08-23 05:49:22,792 [main] INFO  algorithms.ContainerPlacementPolicyFactory (ContainerPlacementPolicyFactory.java:getPolicy(55)) - Create container placement policy of type org.apache.hadoop.hdds.scm.container.placement.algorithms.SCMContainerPlacementRandom
2019-08-23 05:49:22,792 [main] WARN  server.ServerUtils (ServerUtils.java:getScmDbDir(145)) - ozone.scm.db.dirs is not configured. We recommend adding this setting. Falling back to ozone.metadata.dirs instead.
2019-08-23 05:49:22,839 [main] INFO  pipeline.SCMPipelineManager (SCMPipelineManager.java:initializePipelineState(126)) - No pipeline exists in current db
2019-08-23 05:49:22,839 [main] WARN  server.ServerUtils (ServerUtils.java:getScmDbDir(145)) - ozone.scm.db.dirs is not configured. We recommend adding this setting. Falling back to ozone.metadata.dirs instead.
2019-08-23 05:49:22,892 [main] WARN  events.EventQueue (EventQueue.java:fireEvent(175)) - No event handler registered for event TypedEvent{payloadType=SafeModeStatus, name='SafeModeStatus'}
2019-08-23 05:49:22,893 [main] INFO  ipc.CallQueueManager (CallQueueManager.java:<init>(84)) - Using callQueue: class java.util.concurrent.LinkedBlockingQueue, queueCapacity: 2000, scheduler: class org.apache.hadoop.ipc.DefaultRpcScheduler, ipcBackoff: false.
2019-08-23 05:49:22,894 [Socket Reader #1 for port 40150] INFO  ipc.Server (Server.java:run(1074)) - Starting Socket Reader #1 for port 40150
2019-08-23 05:49:22,896 [main] INFO  ipc.CallQueueManager (CallQueueManager.java:<init>(84)) - Using callQueue: class java.util.concurrent.LinkedBlockingQueue, queueCapacity: 2000, scheduler: class org.apache.hadoop.ipc.DefaultRpcScheduler, ipcBackoff: false.
2019-08-23 05:49:22,897 [Socket Reader #1 for port 46554] INFO  ipc.Server (Server.java:run(1074)) - Starting Socket Reader #1 for port 46554
2019-08-23 05:49:22,898 [main] INFO  ipc.CallQueueManager (CallQueueManager.java:<init>(84)) - Using callQueue: class java.util.concurrent.LinkedBlockingQueue, queueCapacity: 2000, scheduler: class org.apache.hadoop.ipc.DefaultRpcScheduler, ipcBackoff: false.
2019-08-23 05:49:22,899 [Socket Reader #1 for port 33064] INFO  ipc.Server (Server.java:run(1074)) - Starting Socket Reader #1 for port 33064
2019-08-23 05:49:22,902 [main] INFO  hdfs.DFSUtil (DFSUtil.java:httpServerTemplateForNNAndJN(1641)) - Starting Web-server for scm at: http://0.0.0.0:0
2019-08-23 05:49:22,904 [main] INFO  server.AuthenticationFilter (AuthenticationFilter.java:constructSecretProvider(240)) - Unable to initialize FileSignerSecretProvider, falling back to use random secrets.
2019-08-23 05:49:22,905 [main] WARN  http.HttpRequestLog (HttpRequestLog.java:getRequestLog(97)) - Jetty request log can only be enabled using Log4j
2019-08-23 05:49:22,907 [main] INFO  http.HttpServer2 (HttpServer2.java:addGlobalFilter(975)) - Added global filter 'safety' (class=org.apache.hadoop.http.HttpServer2$QuotingInputFilter)
2019-08-23 05:49:22,908 [main] INFO  http.HttpServer2 (HttpServer2.java:addFilter(948)) - Added filter static_user_filter (class=org.apache.hadoop.http.lib.StaticUserWebFilter$StaticUserFilter) to context scm
2019-08-23 05:49:22,908 [main] INFO  http.HttpServer2 (HttpServer2.java:addFilter(958)) - Added filter static_user_filter (class=org.apache.hadoop.http.lib.StaticUserWebFilter$StaticUserFilter) to context logs
2019-08-23 05:49:22,908 [main] INFO  http.HttpServer2 (HttpServer2.java:addFilter(958)) - Added filter static_user_filter (class=org.apache.hadoop.http.lib.StaticUserWebFilter$StaticUserFilter) to context static
2019-08-23 05:49:22,911 [main] INFO  server.StorageContainerManager (StorageContainerManager.java:start(759)) - StorageContainerLocationProtocol RPC server is listening at /0.0.0.0:33064
2019-08-23 05:49:22,913 [main] WARN  impl.MetricsConfig (MetricsConfig.java:loadFirst(134)) - Cannot locate configuration: tried hadoop-metrics2-storagecontainermanager.properties,hadoop-metrics2.properties
2019-08-23 05:49:22,914 [main] INFO  impl.MetricsSystemImpl (MetricsSystemImpl.java:startTimer(374)) - Scheduled Metric snapshot period at 10 second(s).
2019-08-23 05:49:22,914 [main] INFO  impl.MetricsSystemImpl (MetricsSystemImpl.java:start(191)) - StorageContainerManager metrics system started
2019-08-23 05:49:22,964 [main] INFO  server.SCMClientProtocolServer (SCMClientProtocolServer.java:start(151)) - RPC server for Client  is listening at /0.0.0.0:33064
2019-08-23 05:49:22,965 [IPC Server Responder] INFO  ipc.Server (Server.java:run(1314)) - IPC Server Responder: starting
2019-08-23 05:49:22,965 [IPC Server listener on 33064] INFO  ipc.Server (Server.java:run(1153)) - IPC Server listener on 33064: starting
2019-08-23 05:49:22,968 [main] INFO  server.StorageContainerManager (StorageContainerManager.java:start(769)) - ScmBlockLocationProtocol RPC server is listening at /0.0.0.0:46554
2019-08-23 05:49:22,968 [main] INFO  server.SCMBlockProtocolServer (SCMBlockProtocolServer.java:start(140)) - RPC server for Block Protocol is listening at /0.0.0.0:46554
2019-08-23 05:49:22,969 [IPC Server listener on 46554] INFO  ipc.Server (Server.java:run(1153)) - IPC Server listener on 46554: starting
2019-08-23 05:49:22,969 [IPC Server Responder] INFO  ipc.Server (Server.java:run(1314)) - IPC Server Responder: starting
2019-08-23 05:49:22,972 [main] INFO  server.StorageContainerManager (StorageContainerManager.java:start(773)) - ScmDatanodeProtocl RPC server is listening at /0.0.0.0:40150
2019-08-23 05:49:22,972 [main] INFO  server.SCMDatanodeProtocolServer (SCMDatanodeProtocolServer.java:start(191)) - RPC server for DataNodes is listening at /0.0.0.0:40150
2019-08-23 05:49:22,972 [IPC Server Responder] INFO  ipc.Server (Server.java:run(1314)) - IPC Server Responder: starting
2019-08-23 05:49:22,972 [IPC Server listener on 40150] INFO  ipc.Server (Server.java:run(1153)) - IPC Server listener on 40150: starting
2019-08-23 05:49:22,975 [main] INFO  http.HttpServer2 (HttpServer2.java:bindListener(1191)) - Jetty bound to port 43993
2019-08-23 05:49:22,976 [main] INFO  server.Server (Server.java:doStart(351)) - jetty-9.3.24.v20180605, build timestamp: 2018-06-05T17:11:56Z, git hash: 84205aa28f11a4f31f2a3b86d1bba2cc8ab69827
2019-08-23 05:49:22,978 [main] INFO  handler.ContextHandler (ContextHandler.java:doStart(781)) - Started o.e.j.s.ServletContextHandler@42ecc554{/logs,file:///workdir/hadoop-ozone/integration-test/target/log,AVAILABLE}
2019-08-23 05:49:22,978 [main] INFO  handler.ContextHandler (ContextHandler.java:doStart(781)) - Started o.e.j.s.ServletContextHandler@734f8317{/static,file:///workdir/hadoop-ozone/integration-test/target/test-classes/webapps/static,AVAILABLE}
2019-08-23 05:49:22,984 [main] INFO  handler.ContextHandler (ContextHandler.java:doStart(781)) - Started o.e.j.w.WebAppContext@4d4b019e{/,file:///workdir/hadoop-ozone/integration-test/target/test-classes/webapps/scm/,AVAILABLE}{/scm}
2019-08-23 05:49:22,985 [main] INFO  server.AbstractConnector (AbstractConnector.java:doStart(278)) - Started ServerConnector@7ed8b44{HTTP/1.1,[http/1.1]}{0.0.0.0:43993}
2019-08-23 05:49:22,985 [main] INFO  server.Server (Server.java:doStart(419)) - Started @41957ms
2019-08-23 05:49:22,986 [main] INFO  server.BaseHttpServer (BaseHttpServer.java:updateConnectorAddress(213)) - HTTP server of SCM is listening at http://0.0.0.0:43993
2019-08-23 05:49:22,986 [main] WARN  server.ServerUtils (ServerUtils.java:getDBPath(222)) - ozone.om.db.dirs is not configured. We recommend adding this setting. Falling back to ozone.metadata.dirs instead.
2019-08-23 05:49:22,987 [org.apache.hadoop.util.JvmPauseMonitor$Monitor@1cc708a7] INFO  util.JvmPauseMonitor (JvmPauseMonitor.java:run(188)) - Starting JVM pause monitor
2019-08-23 05:49:23,000 [main] WARN  server.ServerUtils (ServerUtils.java:getDBPath(222)) - ozone.om.db.dirs is not configured. We recommend adding this setting. Falling back to ozone.metadata.dirs instead.
2019-08-23 05:49:23,001 [main] WARN  server.ServerUtils (ServerUtils.java:getDBPath(222)) - ozone.om.db.dirs is not configured. We recommend adding this setting. Falling back to ozone.metadata.dirs instead.
2019-08-23 05:49:23,001 [main] INFO  om.OzoneManager (OzoneManager.java:setOMNodeDetails(648)) - OM Service ID is not set. Setting it to the default ID: omServiceIdDefault
2019-08-23 05:49:23,001 [main] INFO  om.OzoneManager (OzoneManager.java:setOMNodeDetails(654)) - OM Node ID is not set. Setting it to the OmStorage's OmID: cf35fd38-3b4d-4e72-b3ad-5b49e5c58c4e
2019-08-23 05:49:23,002 [main] INFO  om.OzoneManager (OzoneManager.java:loadOMHAConfigs(605)) - Found matching OM address with OMServiceId: null, OMNodeId: null, RPC Address: localhost:0 and Ratis port: 9872
2019-08-23 05:49:23,006 | INFO  | SCMAudit | user=jenkins1000 | ip=192.168.5.178 | op=GET_SCM_INFO null | ret=SUCCESS |  
2019-08-23 05:49:23,009 [main] WARN  server.ServerUtils (ServerUtils.java:getDBPath(222)) - ozone.om.db.dirs is not configured. We recommend adding this setting. Falling back to ozone.metadata.dirs instead.
2019-08-23 05:49:23,009 [main] INFO  db.DBStoreBuilder (DBStoreBuilder.java:addTable(110)) - using custom profile for table: userTable
2019-08-23 05:49:23,010 [main] INFO  db.DBStoreBuilder (DBStoreBuilder.java:processTables(161)) - Using default column profile:DBProfile.DISK for Table:userTable
2019-08-23 05:49:23,010 [main] INFO  db.DBStoreBuilder (DBStoreBuilder.java:addTable(110)) - using custom profile for table: volumeTable
2019-08-23 05:49:23,010 [main] INFO  db.DBStoreBuilder (DBStoreBuilder.java:processTables(161)) - Using default column profile:DBProfile.DISK for Table:volumeTable
2019-08-23 05:49:23,010 [main] INFO  db.DBStoreBuilder (DBStoreBuilder.java:addTable(110)) - using custom profile for table: bucketTable
2019-08-23 05:49:23,010 [main] INFO  db.DBStoreBuilder (DBStoreBuilder.java:processTables(161)) - Using default column profile:DBProfile.DISK for Table:bucketTable
2019-08-23 05:49:23,011 [main] INFO  db.DBStoreBuilder (DBStoreBuilder.java:addTable(110)) - using custom profile for table: keyTable
2019-08-23 05:49:23,011 [main] INFO  db.DBStoreBuilder (DBStoreBuilder.java:processTables(161)) - Using default column profile:DBProfile.DISK for Table:keyTable
2019-08-23 05:49:23,011 [main] INFO  db.DBStoreBuilder (DBStoreBuilder.java:addTable(110)) - using custom profile for table: deletedTable
2019-08-23 05:49:23,011 [main] INFO  db.DBStoreBuilder (DBStoreBuilder.java:processTables(161)) - Using default column profile:DBProfile.DISK for Table:deletedTable
2019-08-23 05:49:23,012 [main] INFO  db.DBStoreBuilder (DBStoreBuilder.java:addTable(110)) - using custom profile for table: openKeyTable
2019-08-23 05:49:23,012 [main] INFO  db.DBStoreBuilder (DBStoreBuilder.java:processTables(161)) - Using default column profile:DBProfile.DISK for Table:openKeyTable
2019-08-23 05:49:23,012 [main] INFO  db.DBStoreBuilder (DBStoreBuilder.java:addTable(110)) - using custom profile for table: s3Table
2019-08-23 05:49:23,012 [main] INFO  db.DBStoreBuilder (DBStoreBuilder.java:processTables(161)) - Using default column profile:DBProfile.DISK for Table:s3Table
2019-08-23 05:49:23,012 [main] INFO  db.DBStoreBuilder (DBStoreBuilder.java:addTable(110)) - using custom profile for table: multipartInfoTable
2019-08-23 05:49:23,013 [main] INFO  db.DBStoreBuilder (DBStoreBuilder.java:processTables(161)) - Using default column profile:DBProfile.DISK for Table:multipartInfoTable
2019-08-23 05:49:23,013 [main] INFO  db.DBStoreBuilder (DBStoreBuilder.java:addTable(110)) - using custom profile for table: dTokenTable
2019-08-23 05:49:23,013 [main] INFO  db.DBStoreBuilder (DBStoreBuilder.java:processTables(161)) - Using default column profile:DBProfile.DISK for Table:dTokenTable
2019-08-23 05:49:23,013 [main] INFO  db.DBStoreBuilder (DBStoreBuilder.java:addTable(110)) - using custom profile for table: s3SecretTable
2019-08-23 05:49:23,013 [main] INFO  db.DBStoreBuilder (DBStoreBuilder.java:processTables(161)) - Using default column profile:DBProfile.DISK for Table:s3SecretTable
2019-08-23 05:49:23,014 [main] INFO  db.DBStoreBuilder (DBStoreBuilder.java:addTable(110)) - using custom profile for table: prefixTable
2019-08-23 05:49:23,014 [main] INFO  db.DBStoreBuilder (DBStoreBuilder.java:processTables(161)) - Using default column profile:DBProfile.DISK for Table:prefixTable
2019-08-23 05:49:23,014 [main] INFO  db.DBStoreBuilder (DBStoreBuilder.java:addTable(110)) - using custom profile for table: default
2019-08-23 05:49:23,014 [main] INFO  db.DBStoreBuilder (DBStoreBuilder.java:processTables(167)) - Using default column profile:DBProfile.DISK for Table:default
2019-08-23 05:49:23,014 [main] INFO  db.DBStoreBuilder (DBStoreBuilder.java:getDbProfile(198)) - Using default options. DBProfile.DISK
2019-08-23 05:49:23,524 [main] INFO  ipc.CallQueueManager (CallQueueManager.java:<init>(84)) - Using callQueue: class java.util.concurrent.LinkedBlockingQueue, queueCapacity: 2000, scheduler: class org.apache.hadoop.ipc.DefaultRpcScheduler, ipcBackoff: false.
2019-08-23 05:49:23,526 [Socket Reader #1 for port 37018] INFO  ipc.Server (Server.java:run(1074)) - Starting Socket Reader #1 for port 37018
2019-08-23 05:49:23,544 [main] INFO  om.OzoneManager (OzoneManager.java:start(1259)) - OzoneManager RPC server is listening at localhost/127.0.0.1:37018
2019-08-23 05:49:23,544 [main] INFO  impl.MetricsSystemImpl (MetricsSystemImpl.java:init(158)) - OzoneManager metrics system started (again)
2019-08-23 05:49:23,545 [IPC Server Responder] INFO  ipc.Server (Server.java:run(1314)) - IPC Server Responder: starting
2019-08-23 05:49:23,545 [IPC Server listener on 37018] INFO  ipc.Server (Server.java:run(1153)) - IPC Server listener on 37018: starting
2019-08-23 05:49:23,552 [main] INFO  hdfs.DFSUtil (DFSUtil.java:httpServerTemplateForNNAndJN(1641)) - Starting Web-server for ozoneManager at: http://0.0.0.0:0
2019-08-23 05:49:23,554 [main] INFO  server.AuthenticationFilter (AuthenticationFilter.java:constructSecretProvider(240)) - Unable to initialize FileSignerSecretProvider, falling back to use random secrets.
2019-08-23 05:49:23,554 [main] WARN  http.HttpRequestLog (HttpRequestLog.java:getRequestLog(97)) - Jetty request log can only be enabled using Log4j
2019-08-23 05:49:23,557 [main] INFO  http.HttpServer2 (HttpServer2.java:addGlobalFilter(975)) - Added global filter 'safety' (class=org.apache.hadoop.http.HttpServer2$QuotingInputFilter)
2019-08-23 05:49:23,558 [main] INFO  http.HttpServer2 (HttpServer2.java:addFilter(948)) - Added filter static_user_filter (class=org.apache.hadoop.http.lib.StaticUserWebFilter$StaticUserFilter) to context ozoneManager
2019-08-23 05:49:23,559 [main] INFO  http.HttpServer2 (HttpServer2.java:addFilter(958)) - Added filter static_user_filter (class=org.apache.hadoop.http.lib.StaticUserWebFilter$StaticUserFilter) to context logs
2019-08-23 05:49:23,559 [main] INFO  http.HttpServer2 (HttpServer2.java:addFilter(958)) - Added filter static_user_filter (class=org.apache.hadoop.http.lib.StaticUserWebFilter$StaticUserFilter) to context static
2019-08-23 05:49:23,560 [main] INFO  http.HttpServer2 (HttpServer2.java:bindListener(1191)) - Jetty bound to port 45230
2019-08-23 05:49:23,561 [main] INFO  server.Server (Server.java:doStart(351)) - jetty-9.3.24.v20180605, build timestamp: 2018-06-05T17:11:56Z, git hash: 84205aa28f11a4f31f2a3b86d1bba2cc8ab69827
2019-08-23 05:49:23,563 [main] INFO  handler.ContextHandler (ContextHandler.java:doStart(781)) - Started o.e.j.s.ServletContextHandler@2bfc8558{/logs,file:///workdir/hadoop-ozone/integration-test/target/log,AVAILABLE}
2019-08-23 05:49:23,564 [main] INFO  handler.ContextHandler (ContextHandler.java:doStart(781)) - Started o.e.j.s.ServletContextHandler@42576db9{/static,file:///workdir/hadoop-ozone/integration-test/target/test-classes/webapps/static,AVAILABLE}
2019-08-23 05:49:23,571 [main] INFO  handler.ContextHandler (ContextHandler.java:doStart(781)) - Started o.e.j.w.WebAppContext@2d4f67e{/,file:///workdir/hadoop-ozone/integration-test/target/test-classes/webapps/ozoneManager/,AVAILABLE}{/ozoneManager}
2019-08-23 05:49:23,572 [main] INFO  server.AbstractConnector (AbstractConnector.java:doStart(278)) - Started ServerConnector@1282f784{HTTP/1.1,[http/1.1]}{0.0.0.0:45230}
2019-08-23 05:49:23,573 [main] INFO  server.Server (Server.java:doStart(419)) - Started @42545ms
2019-08-23 05:49:23,574 [main] INFO  server.BaseHttpServer (BaseHttpServer.java:updateConnectorAddress(213)) - HTTP server of OZONEMANAGER is listening at http://0.0.0.0:45230
2019-08-23 05:49:23,597 [main] INFO  impl.MetricsSystemImpl (MetricsSystemImpl.java:init(158)) - HddsDatanode metrics system started (again)
2019-08-23 05:49:23,599 [main] INFO  ozone.HddsDatanodeService (HddsDatanodeService.java:start(184)) - HddsDatanodeService host:trunk-nightly-zfkm8-417691344 ip:192.168.5.178
2019-08-23 05:49:23,608 [main] INFO  volume.HddsVolume (HddsVolume.java:<init>(176)) - Creating Volume: /workdir/hadoop-ozone/integration-test/target/test-dir/MiniOzoneClusterImpl-4e018812-8580-4f5b-9c00-decd40181699/datanode-0/data/containers/hdds of  storage type : DISK and capacity : 1482555576320
2019-08-23 05:49:23,608 [main] INFO  volume.VolumeSet (VolumeSet.java:initializeVolumeSet(170)) - Added Volume : /workdir/hadoop-ozone/integration-test/target/test-dir/MiniOzoneClusterImpl-4e018812-8580-4f5b-9c00-decd40181699/datanode-0/data/containers/hdds to VolumeSet
2019-08-23 05:49:23,608 [main] INFO  volume.ThrottledAsyncChecker (ThrottledAsyncChecker.java:schedule(140)) - Scheduling a check for org.apache.hadoop.ozone.container.common.volume.HddsVolume@17354708
2019-08-23 05:49:23,610 [main] INFO  volume.HddsVolumeChecker (HddsVolumeChecker.java:checkAllVolumes(203)) - Scheduled health check for volume org.apache.hadoop.ozone.container.common.volume.HddsVolume@17354708
2019-08-23 05:49:23,627 [main] INFO  impl.RaftServerProxy (ConfUtils.java:logGet(43)) - raft.rpc.type = GRPC (default)
2019-08-23 05:49:23,627 [main] INFO  grpc.GrpcFactory (GrpcFactory.java:checkPooledByteBufAllocatorUseCacheForAllThreads(45)) - PERFORMANCE WARNING: useCacheForAllThreads is true that may cause Netty to create a lot garbage objects and, as a result, trigger GC.
	It is recommended to disable useCacheForAllThreads by setting -Dorg.apache.ratis.thirdparty.io.netty.allocator.useCacheForAllThreads=false in command line.
2019-08-23 05:49:23,628 [main] INFO  grpc.GrpcConfigKeys$Server (ConfUtils.java:logGet(43)) - raft.grpc.server.port = 0 (default)
2019-08-23 05:49:23,628 [main] INFO  server.GrpcService (ConfUtils.java:logGet(43)) - raft.grpc.message.size.max = 33570816 (custom)
2019-08-23 05:49:23,628 [main] INFO  server.RaftServerConfigKeys (ConfUtils.java:logGet(43)) - raft.server.log.appender.buffer.byte-limit = 33554432 (custom)
2019-08-23 05:49:23,628 [main] INFO  server.GrpcService (ConfUtils.java:logGet(43)) - raft.grpc.flow.control.window = 1MB (=1048576) (default)
2019-08-23 05:49:23,629 [main] INFO  server.RaftServerConfigKeys (ConfUtils.java:logGet(43)) - raft.server.rpc.request.timeout = 3000ms (default)
2019-08-23 05:49:23,629 [main] INFO  server.RaftServerConfigKeys (ConfUtils.java:logGet(43)) - raft.server.storage.dir = [/workdir/hadoop-ozone/integration-test/target/test-dir/MiniOzoneClusterImpl-4e018812-8580-4f5b-9c00-decd40181699/datanode-0/data/ratis] (custom)
2019-08-23 05:49:23,630 [main] INFO  replication.SimpleContainerDownloader (SimpleContainerDownloader.java:<init>(72)) - Starting container downloader service to copy containers to replicate.
2019-08-23 05:49:23,631 [main] INFO  hdfs.DFSUtil (DFSUtil.java:httpServerTemplateForNNAndJN(1641)) - Starting Web-server for hddsDatanode at: http://0.0.0.0:0
2019-08-23 05:49:23,633 [main] INFO  server.AuthenticationFilter (AuthenticationFilter.java:constructSecretProvider(240)) - Unable to initialize FileSignerSecretProvider, falling back to use random secrets.
2019-08-23 05:49:23,633 [main] WARN  http.HttpRequestLog (HttpRequestLog.java:getRequestLog(97)) - Jetty request log can only be enabled using Log4j
2019-08-23 05:49:23,635 [main] INFO  http.HttpServer2 (HttpServer2.java:addGlobalFilter(975)) - Added global filter 'safety' (class=org.apache.hadoop.http.HttpServer2$QuotingInputFilter)
2019-08-23 05:49:23,635 [main] INFO  http.HttpServer2 (HttpServer2.java:addFilter(948)) - Added filter static_user_filter (class=org.apache.hadoop.http.lib.StaticUserWebFilter$StaticUserFilter) to context hddsDatanode
2019-08-23 05:49:23,635 [main] INFO  http.HttpServer2 (HttpServer2.java:addFilter(958)) - Added filter static_user_filter (class=org.apache.hadoop.http.lib.StaticUserWebFilter$StaticUserFilter) to context static
2019-08-23 05:49:23,636 [main] INFO  http.HttpServer2 (HttpServer2.java:addFilter(958)) - Added filter static_user_filter (class=org.apache.hadoop.http.lib.StaticUserWebFilter$StaticUserFilter) to context logs
2019-08-23 05:49:23,636 [main] INFO  http.HttpServer2 (HttpServer2.java:bindListener(1191)) - Jetty bound to port 44729
2019-08-23 05:49:23,637 [main] INFO  server.Server (Server.java:doStart(351)) - jetty-9.3.24.v20180605, build timestamp: 2018-06-05T17:11:56Z, git hash: 84205aa28f11a4f31f2a3b86d1bba2cc8ab69827
2019-08-23 05:49:23,639 [main] INFO  handler.ContextHandler (ContextHandler.java:doStart(781)) - Started o.e.j.s.ServletContextHandler@4dd1d2bb{/logs,file:///workdir/hadoop-ozone/integration-test/target/log,AVAILABLE}
2019-08-23 05:49:23,639 [main] INFO  handler.ContextHandler (ContextHandler.java:doStart(781)) - Started o.e.j.s.ServletContextHandler@67a0ff25{/static,jar:file:/home/user/.m2/repository/org/apache/hadoop/hadoop-hdds-container-service/0.5.0-SNAPSHOT/hadoop-hdds-container-service-0.5.0-SNAPSHOT.jar!/webapps/static,AVAILABLE}
2019-08-23 05:49:23,669 [main] INFO  handler.ContextHandler (ContextHandler.java:doStart(781)) - Started o.e.j.w.WebAppContext@5ca22e19{/,file:///tmp/jetty-0.0.0.0-44729-hddsDatanode-_-any-7995847693629929963.dir/webapp/,AVAILABLE}{/hddsDatanode}
2019-08-23 05:49:23,670 [main] INFO  server.AbstractConnector (AbstractConnector.java:doStart(278)) - Started ServerConnector@29d3d0fb{HTTP/1.1,[http/1.1]}{0.0.0.0:44729}
2019-08-23 05:49:23,671 [main] INFO  server.Server (Server.java:doStart(419)) - Started @42644ms
2019-08-23 05:49:23,673 [main] INFO  server.BaseHttpServer (BaseHttpServer.java:updateConnectorAddress(213)) - HTTP server of HDDSDATANODE is listening at http://0.0.0.0:44729
2019-08-23 05:49:23,810 | INFO  | ObjectStoreRestHttpServer | Listening HDDS REST traffic on /0.0.0.0:44436 |  
2019-08-23 05:49:23,810 [main] INFO  ozone.HddsDatanodeService (HddsDatanodeService.java:startPlugins(395)) - Started plug-in org.apache.hadoop.ozone.web.OzoneHddsDatanodeService@3982206a
2019-08-23 05:49:23,811 [main] INFO  impl.MetricsSystemImpl (MetricsSystemImpl.java:init(158)) - HddsDatanode metrics system started (again)
2019-08-23 05:49:23,814 [main] INFO  ozone.HddsDatanodeService (HddsDatanodeService.java:start(184)) - HddsDatanodeService host:trunk-nightly-zfkm8-417691344 ip:192.168.5.178
2019-08-23 05:49:23,815 [org.apache.hadoop.util.JvmPauseMonitor$Monitor@1d51215d] INFO  util.JvmPauseMonitor (JvmPauseMonitor.java:run(188)) - Starting JVM pause monitor
2019-08-23 05:49:23,818 [Datanode State Machine Thread - 0] INFO  datanode.InitDatanodeState (InitDatanodeState.java:persistContainerDatanodeDetails(140)) - DatanodeDetails is persisted to /workdir/hadoop-ozone/integration-test/target/test-dir/MiniOzoneClusterImpl-4e018812-8580-4f5b-9c00-decd40181699/datanode-0/meta/datanode.id
2019-08-23 05:49:23,822 [main] INFO  volume.HddsVolume (HddsVolume.java:<init>(176)) - Creating Volume: /workdir/hadoop-ozone/integration-test/target/test-dir/MiniOzoneClusterImpl-4e018812-8580-4f5b-9c00-decd40181699/datanode-1/data/containers/hdds of  storage type : DISK and capacity : 1482555576320
2019-08-23 05:49:23,822 [main] INFO  volume.VolumeSet (VolumeSet.java:initializeVolumeSet(170)) - Added Volume : /workdir/hadoop-ozone/integration-test/target/test-dir/MiniOzoneClusterImpl-4e018812-8580-4f5b-9c00-decd40181699/datanode-1/data/containers/hdds to VolumeSet
2019-08-23 05:49:23,823 [main] INFO  volume.ThrottledAsyncChecker (ThrottledAsyncChecker.java:schedule(140)) - Scheduling a check for org.apache.hadoop.ozone.container.common.volume.HddsVolume@213012a0
2019-08-23 05:49:23,823 [main] INFO  volume.HddsVolumeChecker (HddsVolumeChecker.java:checkAllVolumes(203)) - Scheduled health check for volume org.apache.hadoop.ozone.container.common.volume.HddsVolume@213012a0
2019-08-23 05:49:23,845 [main] INFO  impl.RaftServerProxy (ConfUtils.java:logGet(43)) - raft.rpc.type = GRPC (default)
2019-08-23 05:49:23,846 [main] INFO  grpc.GrpcFactory (GrpcFactory.java:checkPooledByteBufAllocatorUseCacheForAllThreads(45)) - PERFORMANCE WARNING: useCacheForAllThreads is true that may cause Netty to create a lot garbage objects and, as a result, trigger GC.
	It is recommended to disable useCacheForAllThreads by setting -Dorg.apache.ratis.thirdparty.io.netty.allocator.useCacheForAllThreads=false in command line.
2019-08-23 05:49:23,846 [main] INFO  grpc.GrpcConfigKeys$Server (ConfUtils.java:logGet(43)) - raft.grpc.server.port = 0 (default)
2019-08-23 05:49:23,846 [main] INFO  server.GrpcService (ConfUtils.java:logGet(43)) - raft.grpc.message.size.max = 33570816 (custom)
2019-08-23 05:49:23,847 [main] INFO  server.RaftServerConfigKeys (ConfUtils.java:logGet(43)) - raft.server.log.appender.buffer.byte-limit = 33554432 (custom)
2019-08-23 05:49:23,847 [main] INFO  server.GrpcService (ConfUtils.java:logGet(43)) - raft.grpc.flow.control.window = 1MB (=1048576) (default)
2019-08-23 05:49:23,847 [main] INFO  server.RaftServerConfigKeys (ConfUtils.java:logGet(43)) - raft.server.rpc.request.timeout = 3000ms (default)
2019-08-23 05:49:23,848 [main] INFO  server.RaftServerConfigKeys (ConfUtils.java:logGet(43)) - raft.server.storage.dir = [/workdir/hadoop-ozone/integration-test/target/test-dir/MiniOzoneClusterImpl-4e018812-8580-4f5b-9c00-decd40181699/datanode-1/data/ratis] (custom)
2019-08-23 05:49:23,849 [main] INFO  replication.SimpleContainerDownloader (SimpleContainerDownloader.java:<init>(72)) - Starting container downloader service to copy containers to replicate.
2019-08-23 05:49:23,850 [main] INFO  hdfs.DFSUtil (DFSUtil.java:httpServerTemplateForNNAndJN(1641)) - Starting Web-server for hddsDatanode at: http://0.0.0.0:0
2019-08-23 05:49:23,852 [main] INFO  server.AuthenticationFilter (AuthenticationFilter.java:constructSecretProvider(240)) - Unable to initialize FileSignerSecretProvider, falling back to use random secrets.
2019-08-23 05:49:23,853 [main] WARN  http.HttpRequestLog (HttpRequestLog.java:getRequestLog(97)) - Jetty request log can only be enabled using Log4j
2019-08-23 05:49:23,855 [main] INFO  http.HttpServer2 (HttpServer2.java:addGlobalFilter(975)) - Added global filter 'safety' (class=org.apache.hadoop.http.HttpServer2$QuotingInputFilter)
2019-08-23 05:49:23,856 [main] INFO  http.HttpServer2 (HttpServer2.java:addFilter(948)) - Added filter static_user_filter (class=org.apache.hadoop.http.lib.StaticUserWebFilter$StaticUserFilter) to context hddsDatanode
2019-08-23 05:49:23,856 [main] INFO  http.HttpServer2 (HttpServer2.java:addFilter(958)) - Added filter static_user_filter (class=org.apache.hadoop.http.lib.StaticUserWebFilter$StaticUserFilter) to context static
2019-08-23 05:49:23,856 [main] INFO  http.HttpServer2 (HttpServer2.java:addFilter(958)) - Added filter static_user_filter (class=org.apache.hadoop.http.lib.StaticUserWebFilter$StaticUserFilter) to context logs
2019-08-23 05:49:23,858 [main] INFO  http.HttpServer2 (HttpServer2.java:bindListener(1191)) - Jetty bound to port 43793
2019-08-23 05:49:23,858 [main] INFO  server.Server (Server.java:doStart(351)) - jetty-9.3.24.v20180605, build timestamp: 2018-06-05T17:11:56Z, git hash: 84205aa28f11a4f31f2a3b86d1bba2cc8ab69827
2019-08-23 05:49:23,860 [main] INFO  handler.ContextHandler (ContextHandler.java:doStart(781)) - Started o.e.j.s.ServletContextHandler@8f4b803{/logs,file:///workdir/hadoop-ozone/integration-test/target/log,AVAILABLE}
2019-08-23 05:49:23,861 [main] INFO  handler.ContextHandler (ContextHandler.java:doStart(781)) - Started o.e.j.s.ServletContextHandler@18483b8b{/static,jar:file:/home/user/.m2/repository/org/apache/hadoop/hadoop-hdds-container-service/0.5.0-SNAPSHOT/hadoop-hdds-container-service-0.5.0-SNAPSHOT.jar!/webapps/static,AVAILABLE}
2019-08-23 05:49:23,888 [main] INFO  handler.ContextHandler (ContextHandler.java:doStart(781)) - Started o.e.j.w.WebAppContext@478530cb{/,file:///tmp/jetty-0.0.0.0-43793-hddsDatanode-_-any-3222069829924483469.dir/webapp/,AVAILABLE}{/hddsDatanode}
2019-08-23 05:49:23,889 [main] INFO  server.AbstractConnector (AbstractConnector.java:doStart(278)) - Started ServerConnector@5be7b749{HTTP/1.1,[http/1.1]}{0.0.0.0:43793}
2019-08-23 05:49:23,890 [main] INFO  server.Server (Server.java:doStart(419)) - Started @42862ms
2019-08-23 05:49:23,891 [main] INFO  server.BaseHttpServer (BaseHttpServer.java:updateConnectorAddress(213)) - HTTP server of HDDSDATANODE is listening at http://0.0.0.0:43793
2019-08-23 05:49:24,028 | INFO  | ObjectStoreRestHttpServer | Listening HDDS REST traffic on /0.0.0.0:45456 |  
2019-08-23 05:49:24,028 [main] INFO  ozone.HddsDatanodeService (HddsDatanodeService.java:startPlugins(395)) - Started plug-in org.apache.hadoop.ozone.web.OzoneHddsDatanodeService@669c2b07
2019-08-23 05:49:24,029 [main] INFO  impl.MetricsSystemImpl (MetricsSystemImpl.java:init(158)) - HddsDatanode metrics system started (again)
2019-08-23 05:49:24,033 [org.apache.hadoop.util.JvmPauseMonitor$Monitor@4388fe40] INFO  util.JvmPauseMonitor (JvmPauseMonitor.java:run(188)) - Starting JVM pause monitor
2019-08-23 05:49:24,033 [main] INFO  ozone.HddsDatanodeService (HddsDatanodeService.java:start(184)) - HddsDatanodeService host:trunk-nightly-zfkm8-417691344 ip:192.168.5.178
2019-08-23 05:49:24,035 [Datanode State Machine Thread - 0] INFO  datanode.InitDatanodeState (InitDatanodeState.java:persistContainerDatanodeDetails(140)) - DatanodeDetails is persisted to /workdir/hadoop-ozone/integration-test/target/test-dir/MiniOzoneClusterImpl-4e018812-8580-4f5b-9c00-decd40181699/datanode-1/meta/datanode.id
2019-08-23 05:49:24,040 [main] INFO  volume.HddsVolume (HddsVolume.java:<init>(176)) - Creating Volume: /workdir/hadoop-ozone/integration-test/target/test-dir/MiniOzoneClusterImpl-4e018812-8580-4f5b-9c00-decd40181699/datanode-2/data/containers/hdds of  storage type : DISK and capacity : 1482555576320
2019-08-23 05:49:24,040 [main] INFO  volume.VolumeSet (VolumeSet.java:initializeVolumeSet(170)) - Added Volume : /workdir/hadoop-ozone/integration-test/target/test-dir/MiniOzoneClusterImpl-4e018812-8580-4f5b-9c00-decd40181699/datanode-2/data/containers/hdds to VolumeSet
2019-08-23 05:49:24,040 [main] INFO  volume.ThrottledAsyncChecker (ThrottledAsyncChecker.java:schedule(140)) - Scheduling a check for org.apache.hadoop.ozone.container.common.volume.HddsVolume@59f76e56
2019-08-23 05:49:24,041 [main] INFO  volume.HddsVolumeChecker (HddsVolumeChecker.java:checkAllVolumes(203)) - Scheduled health check for volume org.apache.hadoop.ozone.container.common.volume.HddsVolume@59f76e56
2019-08-23 05:49:24,060 [main] INFO  impl.RaftServerProxy (ConfUtils.java:logGet(43)) - raft.rpc.type = GRPC (default)
2019-08-23 05:49:24,060 [main] INFO  grpc.GrpcFactory (GrpcFactory.java:checkPooledByteBufAllocatorUseCacheForAllThreads(45)) - PERFORMANCE WARNING: useCacheForAllThreads is true that may cause Netty to create a lot garbage objects and, as a result, trigger GC.
	It is recommended to disable useCacheForAllThreads by setting -Dorg.apache.ratis.thirdparty.io.netty.allocator.useCacheForAllThreads=false in command line.
2019-08-23 05:49:24,061 [main] INFO  grpc.GrpcConfigKeys$Server (ConfUtils.java:logGet(43)) - raft.grpc.server.port = 0 (default)
2019-08-23 05:49:24,061 [main] INFO  server.GrpcService (ConfUtils.java:logGet(43)) - raft.grpc.message.size.max = 33570816 (custom)
2019-08-23 05:49:24,061 [main] INFO  server.RaftServerConfigKeys (ConfUtils.java:logGet(43)) - raft.server.log.appender.buffer.byte-limit = 33554432 (custom)
2019-08-23 05:49:24,061 [main] INFO  server.GrpcService (ConfUtils.java:logGet(43)) - raft.grpc.flow.control.window = 1MB (=1048576) (default)
2019-08-23 05:49:24,062 [main] INFO  server.RaftServerConfigKeys (ConfUtils.java:logGet(43)) - raft.server.rpc.request.timeout = 3000ms (default)
2019-08-23 05:49:24,062 [main] INFO  server.RaftServerConfigKeys (ConfUtils.java:logGet(43)) - raft.server.storage.dir = [/workdir/hadoop-ozone/integration-test/target/test-dir/MiniOzoneClusterImpl-4e018812-8580-4f5b-9c00-decd40181699/datanode-2/data/ratis] (custom)
2019-08-23 05:49:24,063 [main] INFO  replication.SimpleContainerDownloader (SimpleContainerDownloader.java:<init>(72)) - Starting container downloader service to copy containers to replicate.
2019-08-23 05:49:24,064 [main] INFO  hdfs.DFSUtil (DFSUtil.java:httpServerTemplateForNNAndJN(1641)) - Starting Web-server for hddsDatanode at: http://0.0.0.0:0
2019-08-23 05:49:24,065 [main] INFO  server.AuthenticationFilter (AuthenticationFilter.java:constructSecretProvider(240)) - Unable to initialize FileSignerSecretProvider, falling back to use random secrets.
2019-08-23 05:49:24,066 [main] WARN  http.HttpRequestLog (HttpRequestLog.java:getRequestLog(97)) - Jetty request log can only be enabled using Log4j
2019-08-23 05:49:24,067 [main] INFO  http.HttpServer2 (HttpServer2.java:addGlobalFilter(975)) - Added global filter 'safety' (class=org.apache.hadoop.http.HttpServer2$QuotingInputFilter)
2019-08-23 05:49:24,068 [main] INFO  http.HttpServer2 (HttpServer2.java:addFilter(948)) - Added filter static_user_filter (class=org.apache.hadoop.http.lib.StaticUserWebFilter$StaticUserFilter) to context hddsDatanode
2019-08-23 05:49:24,068 [main] INFO  http.HttpServer2 (HttpServer2.java:addFilter(958)) - Added filter static_user_filter (class=org.apache.hadoop.http.lib.StaticUserWebFilter$StaticUserFilter) to context logs
2019-08-23 05:49:24,068 [main] INFO  http.HttpServer2 (HttpServer2.java:addFilter(958)) - Added filter static_user_filter (class=org.apache.hadoop.http.lib.StaticUserWebFilter$StaticUserFilter) to context static
2019-08-23 05:49:24,069 [main] INFO  http.HttpServer2 (HttpServer2.java:bindListener(1191)) - Jetty bound to port 44342
2019-08-23 05:49:24,069 [main] INFO  server.Server (Server.java:doStart(351)) - jetty-9.3.24.v20180605, build timestamp: 2018-06-05T17:11:56Z, git hash: 84205aa28f11a4f31f2a3b86d1bba2cc8ab69827
2019-08-23 05:49:24,071 [main] INFO  handler.ContextHandler (ContextHandler.java:doStart(781)) - Started o.e.j.s.ServletContextHandler@23c05889{/logs,file:///workdir/hadoop-ozone/integration-test/target/log,AVAILABLE}
2019-08-23 05:49:24,071 [main] INFO  handler.ContextHandler (ContextHandler.java:doStart(781)) - Started o.e.j.s.ServletContextHandler@208e5b23{/static,jar:file:/home/user/.m2/repository/org/apache/hadoop/hadoop-hdds-container-service/0.5.0-SNAPSHOT/hadoop-hdds-container-service-0.5.0-SNAPSHOT.jar!/webapps/static,AVAILABLE}
2019-08-23 05:49:24,098 [main] INFO  handler.ContextHandler (ContextHandler.java:doStart(781)) - Started o.e.j.w.WebAppContext@dbc7e0a{/,file:///tmp/jetty-0.0.0.0-44342-hddsDatanode-_-any-11324692378549519.dir/webapp/,AVAILABLE}{/hddsDatanode}
2019-08-23 05:49:24,099 [main] INFO  server.AbstractConnector (AbstractConnector.java:doStart(278)) - Started ServerConnector@636fccb0{HTTP/1.1,[http/1.1]}{0.0.0.0:44342}
2019-08-23 05:49:24,100 [main] INFO  server.Server (Server.java:doStart(419)) - Started @43073ms
2019-08-23 05:49:24,101 [main] INFO  server.BaseHttpServer (BaseHttpServer.java:updateConnectorAddress(213)) - HTTP server of HDDSDATANODE is listening at http://0.0.0.0:44342
2019-08-23 05:49:24,233 | INFO  | ObjectStoreRestHttpServer | Listening HDDS REST traffic on /0.0.0.0:34519 |  
2019-08-23 05:49:24,233 [main] INFO  ozone.HddsDatanodeService (HddsDatanodeService.java:startPlugins(395)) - Started plug-in org.apache.hadoop.ozone.web.OzoneHddsDatanodeService@311d28f5
2019-08-23 05:49:24,234 [main] INFO  impl.MetricsSystemImpl (MetricsSystemImpl.java:init(158)) - HddsDatanode metrics system started (again)
2019-08-23 05:49:24,238 [org.apache.hadoop.util.JvmPauseMonitor$Monitor@73d3e9c0] INFO  util.JvmPauseMonitor (JvmPauseMonitor.java:run(188)) - Starting JVM pause monitor
2019-08-23 05:49:24,238 [main] INFO  ozone.HddsDatanodeService (HddsDatanodeService.java:start(184)) - HddsDatanodeService host:trunk-nightly-zfkm8-417691344 ip:192.168.5.178
2019-08-23 05:49:24,239 [Datanode State Machine Thread - 0] INFO  datanode.InitDatanodeState (InitDatanodeState.java:persistContainerDatanodeDetails(140)) - DatanodeDetails is persisted to /workdir/hadoop-ozone/integration-test/target/test-dir/MiniOzoneClusterImpl-4e018812-8580-4f5b-9c00-decd40181699/datanode-2/meta/datanode.id
2019-08-23 05:49:24,245 [main] INFO  volume.HddsVolume (HddsVolume.java:<init>(176)) - Creating Volume: /workdir/hadoop-ozone/integration-test/target/test-dir/MiniOzoneClusterImpl-4e018812-8580-4f5b-9c00-decd40181699/datanode-3/data/containers/hdds of  storage type : DISK and capacity : 1482555576320
2019-08-23 05:49:24,245 [main] INFO  volume.VolumeSet (VolumeSet.java:initializeVolumeSet(170)) - Added Volume : /workdir/hadoop-ozone/integration-test/target/test-dir/MiniOzoneClusterImpl-4e018812-8580-4f5b-9c00-decd40181699/datanode-3/data/containers/hdds to VolumeSet
2019-08-23 05:49:24,245 [main] INFO  volume.ThrottledAsyncChecker (ThrottledAsyncChecker.java:schedule(140)) - Scheduling a check for org.apache.hadoop.ozone.container.common.volume.HddsVolume@6b0325d0
2019-08-23 05:49:24,247 [main] INFO  volume.HddsVolumeChecker (HddsVolumeChecker.java:checkAllVolumes(203)) - Scheduled health check for volume org.apache.hadoop.ozone.container.common.volume.HddsVolume@6b0325d0
2019-08-23 05:49:24,266 [main] INFO  impl.RaftServerProxy (ConfUtils.java:logGet(43)) - raft.rpc.type = GRPC (default)
2019-08-23 05:49:24,266 [main] INFO  grpc.GrpcFactory (GrpcFactory.java:checkPooledByteBufAllocatorUseCacheForAllThreads(45)) - PERFORMANCE WARNING: useCacheForAllThreads is true that may cause Netty to create a lot garbage objects and, as a result, trigger GC.
	It is recommended to disable useCacheForAllThreads by setting -Dorg.apache.ratis.thirdparty.io.netty.allocator.useCacheForAllThreads=false in command line.
2019-08-23 05:49:24,266 [main] INFO  grpc.GrpcConfigKeys$Server (ConfUtils.java:logGet(43)) - raft.grpc.server.port = 0 (default)
2019-08-23 05:49:24,267 [main] INFO  server.GrpcService (ConfUtils.java:logGet(43)) - raft.grpc.message.size.max = 33570816 (custom)
2019-08-23 05:49:24,267 [main] INFO  server.RaftServerConfigKeys (ConfUtils.java:logGet(43)) - raft.server.log.appender.buffer.byte-limit = 33554432 (custom)
2019-08-23 05:49:24,267 [main] INFO  server.GrpcService (ConfUtils.java:logGet(43)) - raft.grpc.flow.control.window = 1MB (=1048576) (default)
2019-08-23 05:49:24,267 [main] INFO  server.RaftServerConfigKeys (ConfUtils.java:logGet(43)) - raft.server.rpc.request.timeout = 3000ms (default)
2019-08-23 05:49:24,268 [main] INFO  server.RaftServerConfigKeys (ConfUtils.java:logGet(43)) - raft.server.storage.dir = [/workdir/hadoop-ozone/integration-test/target/test-dir/MiniOzoneClusterImpl-4e018812-8580-4f5b-9c00-decd40181699/datanode-3/data/ratis] (custom)
2019-08-23 05:49:24,269 [main] INFO  replication.SimpleContainerDownloader (SimpleContainerDownloader.java:<init>(72)) - Starting container downloader service to copy containers to replicate.
2019-08-23 05:49:24,270 [main] INFO  hdfs.DFSUtil (DFSUtil.java:httpServerTemplateForNNAndJN(1641)) - Starting Web-server for hddsDatanode at: http://0.0.0.0:0
2019-08-23 05:49:24,271 [main] INFO  server.AuthenticationFilter (AuthenticationFilter.java:constructSecretProvider(240)) - Unable to initialize FileSignerSecretProvider, falling back to use random secrets.
2019-08-23 05:49:24,272 [main] WARN  http.HttpRequestLog (HttpRequestLog.java:getRequestLog(97)) - Jetty request log can only be enabled using Log4j
2019-08-23 05:49:24,273 [main] INFO  http.HttpServer2 (HttpServer2.java:addGlobalFilter(975)) - Added global filter 'safety' (class=org.apache.hadoop.http.HttpServer2$QuotingInputFilter)
2019-08-23 05:49:24,274 [main] INFO  http.HttpServer2 (HttpServer2.java:addFilter(948)) - Added filter static_user_filter (class=org.apache.hadoop.http.lib.StaticUserWebFilter$StaticUserFilter) to context hddsDatanode
2019-08-23 05:49:24,274 [main] INFO  http.HttpServer2 (HttpServer2.java:addFilter(958)) - Added filter static_user_filter (class=org.apache.hadoop.http.lib.StaticUserWebFilter$StaticUserFilter) to context logs
2019-08-23 05:49:24,274 [main] INFO  http.HttpServer2 (HttpServer2.java:addFilter(958)) - Added filter static_user_filter (class=org.apache.hadoop.http.lib.StaticUserWebFilter$StaticUserFilter) to context static
2019-08-23 05:49:24,275 [main] INFO  http.HttpServer2 (HttpServer2.java:bindListener(1191)) - Jetty bound to port 39752
2019-08-23 05:49:24,275 [main] INFO  server.Server (Server.java:doStart(351)) - jetty-9.3.24.v20180605, build timestamp: 2018-06-05T17:11:56Z, git hash: 84205aa28f11a4f31f2a3b86d1bba2cc8ab69827
2019-08-23 05:49:24,277 [main] INFO  handler.ContextHandler (ContextHandler.java:doStart(781)) - Started o.e.j.s.ServletContextHandler@350342e0{/logs,file:///workdir/hadoop-ozone/integration-test/target/log,AVAILABLE}
2019-08-23 05:49:24,278 [main] INFO  handler.ContextHandler (ContextHandler.java:doStart(781)) - Started o.e.j.s.ServletContextHandler@1dd44289{/static,jar:file:/home/user/.m2/repository/org/apache/hadoop/hadoop-hdds-container-service/0.5.0-SNAPSHOT/hadoop-hdds-container-service-0.5.0-SNAPSHOT.jar!/webapps/static,AVAILABLE}
2019-08-23 05:49:24,306 [main] INFO  handler.ContextHandler (ContextHandler.java:doStart(781)) - Started o.e.j.w.WebAppContext@6fe2a366{/,file:///tmp/jetty-0.0.0.0-39752-hddsDatanode-_-any-4873149903296175763.dir/webapp/,AVAILABLE}{/hddsDatanode}
2019-08-23 05:49:24,306 [main] INFO  server.AbstractConnector (AbstractConnector.java:doStart(278)) - Started ServerConnector@6dd38df2{HTTP/1.1,[http/1.1]}{0.0.0.0:39752}
2019-08-23 05:49:24,308 [main] INFO  server.Server (Server.java:doStart(419)) - Started @43280ms
2019-08-23 05:49:24,309 [main] INFO  server.BaseHttpServer (BaseHttpServer.java:updateConnectorAddress(213)) - HTTP server of HDDSDATANODE is listening at http://0.0.0.0:39752
2019-08-23 05:49:24,442 | INFO  | ObjectStoreRestHttpServer | Listening HDDS REST traffic on /0.0.0.0:35878 |  
2019-08-23 05:49:24,442 [main] INFO  ozone.HddsDatanodeService (HddsDatanodeService.java:startPlugins(395)) - Started plug-in org.apache.hadoop.ozone.web.OzoneHddsDatanodeService@45b8bbbf
2019-08-23 05:49:24,443 [main] INFO  impl.MetricsSystemImpl (MetricsSystemImpl.java:init(158)) - HddsDatanode metrics system started (again)
2019-08-23 05:49:24,447 [org.apache.hadoop.util.JvmPauseMonitor$Monitor@58876f9e] INFO  util.JvmPauseMonitor (JvmPauseMonitor.java:run(188)) - Starting JVM pause monitor
2019-08-23 05:49:24,447 [main] INFO  ozone.HddsDatanodeService (HddsDatanodeService.java:start(184)) - HddsDatanodeService host:trunk-nightly-zfkm8-417691344 ip:192.168.5.178
2019-08-23 05:49:24,449 [Datanode State Machine Thread - 0] INFO  datanode.InitDatanodeState (InitDatanodeState.java:persistContainerDatanodeDetails(140)) - DatanodeDetails is persisted to /workdir/hadoop-ozone/integration-test/target/test-dir/MiniOzoneClusterImpl-4e018812-8580-4f5b-9c00-decd40181699/datanode-3/meta/datanode.id
2019-08-23 05:49:24,455 [main] INFO  volume.HddsVolume (HddsVolume.java:<init>(176)) - Creating Volume: /workdir/hadoop-ozone/integration-test/target/test-dir/MiniOzoneClusterImpl-4e018812-8580-4f5b-9c00-decd40181699/datanode-4/data/containers/hdds of  storage type : DISK and capacity : 1482555576320
2019-08-23 05:49:24,455 [main] INFO  volume.VolumeSet (VolumeSet.java:initializeVolumeSet(170)) - Added Volume : /workdir/hadoop-ozone/integration-test/target/test-dir/MiniOzoneClusterImpl-4e018812-8580-4f5b-9c00-decd40181699/datanode-4/data/containers/hdds to VolumeSet
2019-08-23 05:49:24,455 [main] INFO  volume.ThrottledAsyncChecker (ThrottledAsyncChecker.java:schedule(140)) - Scheduling a check for org.apache.hadoop.ozone.container.common.volume.HddsVolume@3bf01a01
2019-08-23 05:49:24,456 [main] INFO  volume.HddsVolumeChecker (HddsVolumeChecker.java:checkAllVolumes(203)) - Scheduled health check for volume org.apache.hadoop.ozone.container.common.volume.HddsVolume@3bf01a01
2019-08-23 05:49:24,473 [main] INFO  impl.RaftServerProxy (ConfUtils.java:logGet(43)) - raft.rpc.type = GRPC (default)
2019-08-23 05:49:24,474 [main] INFO  grpc.GrpcFactory (GrpcFactory.java:checkPooledByteBufAllocatorUseCacheForAllThreads(45)) - PERFORMANCE WARNING: useCacheForAllThreads is true that may cause Netty to create a lot garbage objects and, as a result, trigger GC.
	It is recommended to disable useCacheForAllThreads by setting -Dorg.apache.ratis.thirdparty.io.netty.allocator.useCacheForAllThreads=false in command line.
2019-08-23 05:49:24,474 [main] INFO  grpc.GrpcConfigKeys$Server (ConfUtils.java:logGet(43)) - raft.grpc.server.port = 0 (default)
2019-08-23 05:49:24,474 [main] INFO  server.GrpcService (ConfUtils.java:logGet(43)) - raft.grpc.message.size.max = 33570816 (custom)
2019-08-23 05:49:24,474 [main] INFO  server.RaftServerConfigKeys (ConfUtils.java:logGet(43)) - raft.server.log.appender.buffer.byte-limit = 33554432 (custom)
2019-08-23 05:49:24,474 [main] INFO  server.GrpcService (ConfUtils.java:logGet(43)) - raft.grpc.flow.control.window = 1MB (=1048576) (default)
2019-08-23 05:49:24,475 [main] INFO  server.RaftServerConfigKeys (ConfUtils.java:logGet(43)) - raft.server.rpc.request.timeout = 3000ms (default)
2019-08-23 05:49:24,475 [main] INFO  server.RaftServerConfigKeys (ConfUtils.java:logGet(43)) - raft.server.storage.dir = [/workdir/hadoop-ozone/integration-test/target/test-dir/MiniOzoneClusterImpl-4e018812-8580-4f5b-9c00-decd40181699/datanode-4/data/ratis] (custom)
2019-08-23 05:49:24,476 [main] INFO  replication.SimpleContainerDownloader (SimpleContainerDownloader.java:<init>(72)) - Starting container downloader service to copy containers to replicate.
2019-08-23 05:49:24,477 [main] INFO  hdfs.DFSUtil (DFSUtil.java:httpServerTemplateForNNAndJN(1641)) - Starting Web-server for hddsDatanode at: http://0.0.0.0:0
2019-08-23 05:49:24,478 [main] INFO  server.AuthenticationFilter (AuthenticationFilter.java:constructSecretProvider(240)) - Unable to initialize FileSignerSecretProvider, falling back to use random secrets.
2019-08-23 05:49:24,479 [main] WARN  http.HttpRequestLog (HttpRequestLog.java:getRequestLog(97)) - Jetty request log can only be enabled using Log4j
2019-08-23 05:49:24,480 [main] INFO  http.HttpServer2 (HttpServer2.java:addGlobalFilter(975)) - Added global filter 'safety' (class=org.apache.hadoop.http.HttpServer2$QuotingInputFilter)
2019-08-23 05:49:24,481 [main] INFO  http.HttpServer2 (HttpServer2.java:addFilter(948)) - Added filter static_user_filter (class=org.apache.hadoop.http.lib.StaticUserWebFilter$StaticUserFilter) to context hddsDatanode
2019-08-23 05:49:24,481 [main] INFO  http.HttpServer2 (HttpServer2.java:addFilter(958)) - Added filter static_user_filter (class=org.apache.hadoop.http.lib.StaticUserWebFilter$StaticUserFilter) to context logs
2019-08-23 05:49:24,481 [main] INFO  http.HttpServer2 (HttpServer2.java:addFilter(958)) - Added filter static_user_filter (class=org.apache.hadoop.http.lib.StaticUserWebFilter$StaticUserFilter) to context static
2019-08-23 05:49:24,482 [main] INFO  http.HttpServer2 (HttpServer2.java:bindListener(1191)) - Jetty bound to port 39134
2019-08-23 05:49:24,482 [main] INFO  server.Server (Server.java:doStart(351)) - jetty-9.3.24.v20180605, build timestamp: 2018-06-05T17:11:56Z, git hash: 84205aa28f11a4f31f2a3b86d1bba2cc8ab69827
2019-08-23 05:49:24,484 [main] INFO  handler.ContextHandler (ContextHandler.java:doStart(781)) - Started o.e.j.s.ServletContextHandler@35524549{/logs,file:///workdir/hadoop-ozone/integration-test/target/log,AVAILABLE}
2019-08-23 05:49:24,485 [main] INFO  handler.ContextHandler (ContextHandler.java:doStart(781)) - Started o.e.j.s.ServletContextHandler@280d6a20{/static,jar:file:/home/user/.m2/repository/org/apache/hadoop/hadoop-hdds-container-service/0.5.0-SNAPSHOT/hadoop-hdds-container-service-0.5.0-SNAPSHOT.jar!/webapps/static,AVAILABLE}
2019-08-23 05:49:24,515 [main] INFO  handler.ContextHandler (ContextHandler.java:doStart(781)) - Started o.e.j.w.WebAppContext@93f15f6{/,file:///tmp/jetty-0.0.0.0-39134-hddsDatanode-_-any-480688451949118693.dir/webapp/,AVAILABLE}{/hddsDatanode}
2019-08-23 05:49:24,516 [main] INFO  server.AbstractConnector (AbstractConnector.java:doStart(278)) - Started ServerConnector@5034681f{HTTP/1.1,[http/1.1]}{0.0.0.0:39134}
2019-08-23 05:49:24,517 [main] INFO  server.Server (Server.java:doStart(419)) - Started @43489ms
2019-08-23 05:49:24,518 [main] INFO  server.BaseHttpServer (BaseHttpServer.java:updateConnectorAddress(213)) - HTTP server of HDDSDATANODE is listening at http://0.0.0.0:39134
2019-08-23 05:49:24,781 | INFO  | ObjectStoreRestHttpServer | Listening HDDS REST traffic on /0.0.0.0:43924 |  
2019-08-23 05:49:24,781 [main] INFO  ozone.HddsDatanodeService (HddsDatanodeService.java:startPlugins(395)) - Started plug-in org.apache.hadoop.ozone.web.OzoneHddsDatanodeService@3275a47f
2019-08-23 05:49:24,782 [main] INFO  impl.MetricsSystemImpl (MetricsSystemImpl.java:init(158)) - HddsDatanode metrics system started (again)
2019-08-23 05:49:24,786 [org.apache.hadoop.util.JvmPauseMonitor$Monitor@300e6e60] INFO  util.JvmPauseMonitor (JvmPauseMonitor.java:run(188)) - Starting JVM pause monitor
2019-08-23 05:49:24,786 [main] INFO  ozone.HddsDatanodeService (HddsDatanodeService.java:start(184)) - HddsDatanodeService host:trunk-nightly-zfkm8-417691344 ip:192.168.5.178
2019-08-23 05:49:24,788 [Datanode State Machine Thread - 0] INFO  datanode.InitDatanodeState (InitDatanodeState.java:persistContainerDatanodeDetails(140)) - DatanodeDetails is persisted to /workdir/hadoop-ozone/integration-test/target/test-dir/MiniOzoneClusterImpl-4e018812-8580-4f5b-9c00-decd40181699/datanode-4/meta/datanode.id
2019-08-23 05:49:24,793 [main] INFO  volume.HddsVolume (HddsVolume.java:<init>(176)) - Creating Volume: /workdir/hadoop-ozone/integration-test/target/test-dir/MiniOzoneClusterImpl-4e018812-8580-4f5b-9c00-decd40181699/datanode-5/data/containers/hdds of  storage type : DISK and capacity : 1482555576320
2019-08-23 05:49:24,793 [main] INFO  volume.VolumeSet (VolumeSet.java:initializeVolumeSet(170)) - Added Volume : /workdir/hadoop-ozone/integration-test/target/test-dir/MiniOzoneClusterImpl-4e018812-8580-4f5b-9c00-decd40181699/datanode-5/data/containers/hdds to VolumeSet
2019-08-23 05:49:24,793 [main] INFO  volume.ThrottledAsyncChecker (ThrottledAsyncChecker.java:schedule(140)) - Scheduling a check for org.apache.hadoop.ozone.container.common.volume.HddsVolume@77476fcf
2019-08-23 05:49:24,794 [main] INFO  volume.HddsVolumeChecker (HddsVolumeChecker.java:checkAllVolumes(203)) - Scheduled health check for volume org.apache.hadoop.ozone.container.common.volume.HddsVolume@77476fcf
2019-08-23 05:49:24,807 [main] INFO  impl.RaftServerProxy (ConfUtils.java:logGet(43)) - raft.rpc.type = GRPC (default)
2019-08-23 05:49:24,808 [main] INFO  grpc.GrpcFactory (GrpcFactory.java:checkPooledByteBufAllocatorUseCacheForAllThreads(45)) - PERFORMANCE WARNING: useCacheForAllThreads is true that may cause Netty to create a lot garbage objects and, as a result, trigger GC.
	It is recommended to disable useCacheForAllThreads by setting -Dorg.apache.ratis.thirdparty.io.netty.allocator.useCacheForAllThreads=false in command line.
2019-08-23 05:49:24,808 [main] INFO  grpc.GrpcConfigKeys$Server (ConfUtils.java:logGet(43)) - raft.grpc.server.port = 0 (default)
2019-08-23 05:49:24,808 [main] INFO  server.GrpcService (ConfUtils.java:logGet(43)) - raft.grpc.message.size.max = 33570816 (custom)
2019-08-23 05:49:24,809 [main] INFO  server.RaftServerConfigKeys (ConfUtils.java:logGet(43)) - raft.server.log.appender.buffer.byte-limit = 33554432 (custom)
2019-08-23 05:49:24,809 [main] INFO  server.GrpcService (ConfUtils.java:logGet(43)) - raft.grpc.flow.control.window = 1MB (=1048576) (default)
2019-08-23 05:49:24,809 [main] INFO  server.RaftServerConfigKeys (ConfUtils.java:logGet(43)) - raft.server.rpc.request.timeout = 3000ms (default)
2019-08-23 05:49:24,810 [main] INFO  server.RaftServerConfigKeys (ConfUtils.java:logGet(43)) - raft.server.storage.dir = [/workdir/hadoop-ozone/integration-test/target/test-dir/MiniOzoneClusterImpl-4e018812-8580-4f5b-9c00-decd40181699/datanode-5/data/ratis] (custom)
2019-08-23 05:49:24,810 [main] INFO  replication.SimpleContainerDownloader (SimpleContainerDownloader.java:<init>(72)) - Starting container downloader service to copy containers to replicate.
2019-08-23 05:49:24,811 [main] INFO  hdfs.DFSUtil (DFSUtil.java:httpServerTemplateForNNAndJN(1641)) - Starting Web-server for hddsDatanode at: http://0.0.0.0:0
2019-08-23 05:49:24,812 [main] INFO  server.AuthenticationFilter (AuthenticationFilter.java:constructSecretProvider(240)) - Unable to initialize FileSignerSecretProvider, falling back to use random secrets.
2019-08-23 05:49:24,813 [main] WARN  http.HttpRequestLog (HttpRequestLog.java:getRequestLog(97)) - Jetty request log can only be enabled using Log4j
2019-08-23 05:49:24,814 [main] INFO  http.HttpServer2 (HttpServer2.java:addGlobalFilter(975)) - Added global filter 'safety' (class=org.apache.hadoop.http.HttpServer2$QuotingInputFilter)
2019-08-23 05:49:24,815 [main] INFO  http.HttpServer2 (HttpServer2.java:addFilter(948)) - Added filter static_user_filter (class=org.apache.hadoop.http.lib.StaticUserWebFilter$StaticUserFilter) to context hddsDatanode
2019-08-23 05:49:24,815 [main] INFO  http.HttpServer2 (HttpServer2.java:addFilter(958)) - Added filter static_user_filter (class=org.apache.hadoop.http.lib.StaticUserWebFilter$StaticUserFilter) to context static
2019-08-23 05:49:24,815 [main] INFO  http.HttpServer2 (HttpServer2.java:addFilter(958)) - Added filter static_user_filter (class=org.apache.hadoop.http.lib.StaticUserWebFilter$StaticUserFilter) to context logs
2019-08-23 05:49:24,816 [main] INFO  http.HttpServer2 (HttpServer2.java:bindListener(1191)) - Jetty bound to port 45016
2019-08-23 05:49:24,816 [main] INFO  server.Server (Server.java:doStart(351)) - jetty-9.3.24.v20180605, build timestamp: 2018-06-05T17:11:56Z, git hash: 84205aa28f11a4f31f2a3b86d1bba2cc8ab69827
2019-08-23 05:49:24,818 [main] INFO  handler.ContextHandler (ContextHandler.java:doStart(781)) - Started o.e.j.s.ServletContextHandler@615c4ea4{/logs,file:///workdir/hadoop-ozone/integration-test/target/log,AVAILABLE}
2019-08-23 05:49:24,818 [main] INFO  handler.ContextHandler (ContextHandler.java:doStart(781)) - Started o.e.j.s.ServletContextHandler@34070bd2{/static,jar:file:/home/user/.m2/repository/org/apache/hadoop/hadoop-hdds-container-service/0.5.0-SNAPSHOT/hadoop-hdds-container-service-0.5.0-SNAPSHOT.jar!/webapps/static,AVAILABLE}
2019-08-23 05:49:24,845 [main] INFO  handler.ContextHandler (ContextHandler.java:doStart(781)) - Started o.e.j.w.WebAppContext@433ae0b0{/,file:///tmp/jetty-0.0.0.0-45016-hddsDatanode-_-any-1155451693038671124.dir/webapp/,AVAILABLE}{/hddsDatanode}
2019-08-23 05:49:24,848 [main] INFO  server.AbstractConnector (AbstractConnector.java:doStart(278)) - Started ServerConnector@70840a5a{HTTP/1.1,[http/1.1]}{0.0.0.0:45016}
2019-08-23 05:49:24,849 [main] INFO  server.Server (Server.java:doStart(419)) - Started @43822ms
2019-08-23 05:49:24,850 [main] INFO  server.BaseHttpServer (BaseHttpServer.java:updateConnectorAddress(213)) - HTTP server of HDDSDATANODE is listening at http://0.0.0.0:45016
2019-08-23 05:49:24,987 | INFO  | ObjectStoreRestHttpServer | Listening HDDS REST traffic on /0.0.0.0:43701 |  
2019-08-23 05:49:24,987 [main] INFO  ozone.HddsDatanodeService (HddsDatanodeService.java:startPlugins(395)) - Started plug-in org.apache.hadoop.ozone.web.OzoneHddsDatanodeService@57920d6c
2019-08-23 05:49:24,988 [main] INFO  impl.MetricsSystemImpl (MetricsSystemImpl.java:init(158)) - HddsDatanode metrics system started (again)
2019-08-23 05:49:24,992 [org.apache.hadoop.util.JvmPauseMonitor$Monitor@3b47cc2a] INFO  util.JvmPauseMonitor (JvmPauseMonitor.java:run(188)) - Starting JVM pause monitor
2019-08-23 05:49:24,992 [main] INFO  ozone.HddsDatanodeService (HddsDatanodeService.java:start(184)) - HddsDatanodeService host:trunk-nightly-zfkm8-417691344 ip:192.168.5.178
2019-08-23 05:49:24,994 [Datanode State Machine Thread - 0] INFO  datanode.InitDatanodeState (InitDatanodeState.java:persistContainerDatanodeDetails(140)) - DatanodeDetails is persisted to /workdir/hadoop-ozone/integration-test/target/test-dir/MiniOzoneClusterImpl-4e018812-8580-4f5b-9c00-decd40181699/datanode-5/meta/datanode.id
2019-08-23 05:49:25,000 [main] INFO  volume.HddsVolume (HddsVolume.java:<init>(176)) - Creating Volume: /workdir/hadoop-ozone/integration-test/target/test-dir/MiniOzoneClusterImpl-4e018812-8580-4f5b-9c00-decd40181699/datanode-6/data/containers/hdds of  storage type : DISK and capacity : 1482555576320
2019-08-23 05:49:25,000 [main] INFO  volume.VolumeSet (VolumeSet.java:initializeVolumeSet(170)) - Added Volume : /workdir/hadoop-ozone/integration-test/target/test-dir/MiniOzoneClusterImpl-4e018812-8580-4f5b-9c00-decd40181699/datanode-6/data/containers/hdds to VolumeSet
2019-08-23 05:49:25,000 [main] INFO  volume.ThrottledAsyncChecker (ThrottledAsyncChecker.java:schedule(140)) - Scheduling a check for org.apache.hadoop.ozone.container.common.volume.HddsVolume@6badb08c
2019-08-23 05:49:25,001 [main] INFO  volume.HddsVolumeChecker (HddsVolumeChecker.java:checkAllVolumes(203)) - Scheduled health check for volume org.apache.hadoop.ozone.container.common.volume.HddsVolume@6badb08c
2019-08-23 05:49:25,015 [main] INFO  impl.RaftServerProxy (ConfUtils.java:logGet(43)) - raft.rpc.type = GRPC (default)
2019-08-23 05:49:25,015 [main] INFO  grpc.GrpcFactory (GrpcFactory.java:checkPooledByteBufAllocatorUseCacheForAllThreads(45)) - PERFORMANCE WARNING: useCacheForAllThreads is true that may cause Netty to create a lot garbage objects and, as a result, trigger GC.
	It is recommended to disable useCacheForAllThreads by setting -Dorg.apache.ratis.thirdparty.io.netty.allocator.useCacheForAllThreads=false in command line.
2019-08-23 05:49:25,015 [main] INFO  grpc.GrpcConfigKeys$Server (ConfUtils.java:logGet(43)) - raft.grpc.server.port = 0 (default)
2019-08-23 05:49:25,016 [main] INFO  server.GrpcService (ConfUtils.java:logGet(43)) - raft.grpc.message.size.max = 33570816 (custom)
2019-08-23 05:49:25,016 [main] INFO  server.RaftServerConfigKeys (ConfUtils.java:logGet(43)) - raft.server.log.appender.buffer.byte-limit = 33554432 (custom)
2019-08-23 05:49:25,016 [main] INFO  server.GrpcService (ConfUtils.java:logGet(43)) - raft.grpc.flow.control.window = 1MB (=1048576) (default)
2019-08-23 05:49:25,016 [main] INFO  server.RaftServerConfigKeys (ConfUtils.java:logGet(43)) - raft.server.rpc.request.timeout = 3000ms (default)
2019-08-23 05:49:25,017 [main] INFO  server.RaftServerConfigKeys (ConfUtils.java:logGet(43)) - raft.server.storage.dir = [/workdir/hadoop-ozone/integration-test/target/test-dir/MiniOzoneClusterImpl-4e018812-8580-4f5b-9c00-decd40181699/datanode-6/data/ratis] (custom)
2019-08-23 05:49:25,017 [main] INFO  replication.SimpleContainerDownloader (SimpleContainerDownloader.java:<init>(72)) - Starting container downloader service to copy containers to replicate.
2019-08-23 05:49:25,019 [main] INFO  hdfs.DFSUtil (DFSUtil.java:httpServerTemplateForNNAndJN(1641)) - Starting Web-server for hddsDatanode at: http://0.0.0.0:0
2019-08-23 05:49:25,020 [main] INFO  server.AuthenticationFilter (AuthenticationFilter.java:constructSecretProvider(240)) - Unable to initialize FileSignerSecretProvider, falling back to use random secrets.
2019-08-23 05:49:25,021 [main] WARN  http.HttpRequestLog (HttpRequestLog.java:getRequestLog(97)) - Jetty request log can only be enabled using Log4j
2019-08-23 05:49:25,022 [main] INFO  http.HttpServer2 (HttpServer2.java:addGlobalFilter(975)) - Added global filter 'safety' (class=org.apache.hadoop.http.HttpServer2$QuotingInputFilter)
2019-08-23 05:49:25,023 [main] INFO  http.HttpServer2 (HttpServer2.java:addFilter(948)) - Added filter static_user_filter (class=org.apache.hadoop.http.lib.StaticUserWebFilter$StaticUserFilter) to context hddsDatanode
2019-08-23 05:49:25,023 [main] INFO  http.HttpServer2 (HttpServer2.java:addFilter(958)) - Added filter static_user_filter (class=org.apache.hadoop.http.lib.StaticUserWebFilter$StaticUserFilter) to context static
2019-08-23 05:49:25,023 [main] INFO  http.HttpServer2 (HttpServer2.java:addFilter(958)) - Added filter static_user_filter (class=org.apache.hadoop.http.lib.StaticUserWebFilter$StaticUserFilter) to context logs
2019-08-23 05:49:25,024 [main] INFO  http.HttpServer2 (HttpServer2.java:bindListener(1191)) - Jetty bound to port 35128
2019-08-23 05:49:25,024 [main] INFO  server.Server (Server.java:doStart(351)) - jetty-9.3.24.v20180605, build timestamp: 2018-06-05T17:11:56Z, git hash: 84205aa28f11a4f31f2a3b86d1bba2cc8ab69827
2019-08-23 05:49:25,026 [main] INFO  handler.ContextHandler (ContextHandler.java:doStart(781)) - Started o.e.j.s.ServletContextHandler@6ab1f85b{/logs,file:///workdir/hadoop-ozone/integration-test/target/log,AVAILABLE}
2019-08-23 05:49:25,026 [main] INFO  handler.ContextHandler (ContextHandler.java:doStart(781)) - Started o.e.j.s.ServletContextHandler@5d8fd077{/static,jar:file:/home/user/.m2/repository/org/apache/hadoop/hadoop-hdds-container-service/0.5.0-SNAPSHOT/hadoop-hdds-container-service-0.5.0-SNAPSHOT.jar!/webapps/static,AVAILABLE}
2019-08-23 05:49:25,057 [main] INFO  handler.ContextHandler (ContextHandler.java:doStart(781)) - Started o.e.j.w.WebAppContext@73958426{/,file:///tmp/jetty-0.0.0.0-35128-hddsDatanode-_-any-524238386496741625.dir/webapp/,AVAILABLE}{/hddsDatanode}
2019-08-23 05:49:25,059 [main] INFO  server.AbstractConnector (AbstractConnector.java:doStart(278)) - Started ServerConnector@23933031{HTTP/1.1,[http/1.1]}{0.0.0.0:35128}
2019-08-23 05:49:25,060 [main] INFO  server.Server (Server.java:doStart(419)) - Started @44032ms
2019-08-23 05:49:25,060 [main] INFO  server.BaseHttpServer (BaseHttpServer.java:updateConnectorAddress(213)) - HTTP server of HDDSDATANODE is listening at http://0.0.0.0:35128
2019-08-23 05:49:25,177 | INFO  | ObjectStoreRestHttpServer | Listening HDDS REST traffic on /0.0.0.0:42144 |  
2019-08-23 05:49:25,177 [main] INFO  ozone.HddsDatanodeService (HddsDatanodeService.java:startPlugins(395)) - Started plug-in org.apache.hadoop.ozone.web.OzoneHddsDatanodeService@41bbb219
2019-08-23 05:49:25,178 [main] INFO  ozone.MiniOzoneClusterImpl (MiniOzoneClusterImpl.java:lambda$waitForClusterToBeReady$0(142)) - Waiting for cluster to be ready. Got 0 of 7 DN Heartbeats.
2019-08-23 05:49:25,180 [org.apache.hadoop.util.JvmPauseMonitor$Monitor@7414de1a] INFO  util.JvmPauseMonitor (JvmPauseMonitor.java:run(188)) - Starting JVM pause monitor
2019-08-23 05:49:25,181 [Datanode State Machine Thread - 0] INFO  datanode.InitDatanodeState (InitDatanodeState.java:persistContainerDatanodeDetails(140)) - DatanodeDetails is persisted to /workdir/hadoop-ozone/integration-test/target/test-dir/MiniOzoneClusterImpl-4e018812-8580-4f5b-9c00-decd40181699/datanode-6/meta/datanode.id
2019-08-23 05:49:25,819 | INFO  | SCMAudit | user=jenkins1000 | ip=192.168.5.178 | op=GET_VERSION null | ret=SUCCESS |  
2019-08-23 05:49:25,837 [Datanode State Machine Thread - 0] INFO  ozoneimpl.OzoneContainer (OzoneContainer.java:start(186)) - Attempting to start container services.
2019-08-23 05:49:25,839 [Datanode State Machine Thread - 0] INFO  ozoneimpl.OzoneContainer (OzoneContainer.java:startContainerScrub(160)) - Background container scrubber has been disabled by hdds.containerscrub.enabled
2019-08-23 05:49:25,839 [Datanode State Machine Thread - 0] INFO  ratis.XceiverServerRatis (XceiverServerRatis.java:start(404)) - Starting XceiverServerRatis 96a4345b-84e3-4f69-b56b-0cb9f3200145 at port 0
2019-08-23 05:49:25,845 [Datanode State Machine Thread - 0] INFO  impl.RaftServerProxy (RaftServerProxy.java:lambda$start$3(299)) - 96a4345b-84e3-4f69-b56b-0cb9f3200145: start RPC server
2019-08-23 05:49:25,847 [Datanode State Machine Thread - 0] INFO  server.GrpcService (GrpcService.java:startImpl(149)) - 96a4345b-84e3-4f69-b56b-0cb9f3200145: GrpcService started, listening on 0.0.0.0/0.0.0.0:40964
2019-08-23 05:49:25,847 [Datanode State Machine Thread - 0] INFO  ratis.XceiverServerRatis (XceiverServerRatis.java:start(414)) - XceiverServerRatis 96a4345b-84e3-4f69-b56b-0cb9f3200145 is started using port 40964
2019-08-23 05:49:25,848 [Datanode State Machine Thread - 0] INFO  server.XceiverServerGrpc (XceiverServerGrpc.java:start(161)) - XceiverServerGrpc 96a4345b-84e3-4f69-b56b-0cb9f3200145 is started using port 33323
2019-08-23 05:49:26,034 | INFO  | SCMAudit | user=jenkins1000 | ip=192.168.5.178 | op=GET_VERSION null | ret=SUCCESS |  
2019-08-23 05:49:26,048 [Datanode State Machine Thread - 0] INFO  ozoneimpl.OzoneContainer (OzoneContainer.java:start(186)) - Attempting to start container services.
2019-08-23 05:49:26,057 [Datanode State Machine Thread - 0] INFO  ozoneimpl.OzoneContainer (OzoneContainer.java:startContainerScrub(160)) - Background container scrubber has been disabled by hdds.containerscrub.enabled
2019-08-23 05:49:26,057 [Datanode State Machine Thread - 0] INFO  ratis.XceiverServerRatis (XceiverServerRatis.java:start(404)) - Starting XceiverServerRatis c6842691-702c-4d39-b47f-d27b1fab8f33 at port 0
2019-08-23 05:49:26,065 [Datanode State Machine Thread - 0] INFO  impl.RaftServerProxy (RaftServerProxy.java:lambda$start$3(299)) - c6842691-702c-4d39-b47f-d27b1fab8f33: start RPC server
2019-08-23 05:49:26,067 [Datanode State Machine Thread - 0] INFO  server.GrpcService (GrpcService.java:startImpl(149)) - c6842691-702c-4d39-b47f-d27b1fab8f33: GrpcService started, listening on 0.0.0.0/0.0.0.0:46322
2019-08-23 05:49:26,067 [Datanode State Machine Thread - 0] INFO  ratis.XceiverServerRatis (XceiverServerRatis.java:start(414)) - XceiverServerRatis c6842691-702c-4d39-b47f-d27b1fab8f33 is started using port 46322
2019-08-23 05:49:26,072 [Datanode State Machine Thread - 0] INFO  server.XceiverServerGrpc (XceiverServerGrpc.java:start(161)) - XceiverServerGrpc c6842691-702c-4d39-b47f-d27b1fab8f33 is started using port 37596
2019-08-23 05:49:26,178 [main] INFO  ozone.MiniOzoneClusterImpl (MiniOzoneClusterImpl.java:lambda$waitForClusterToBeReady$0(142)) - Waiting for cluster to be ready. Got 0 of 7 DN Heartbeats.
2019-08-23 05:49:26,240 | INFO  | SCMAudit | user=jenkins1000 | ip=192.168.5.178 | op=GET_VERSION null | ret=SUCCESS |  
2019-08-23 05:49:26,257 [Datanode State Machine Thread - 0] INFO  ozoneimpl.OzoneContainer (OzoneContainer.java:start(186)) - Attempting to start container services.
2019-08-23 05:49:26,257 [Datanode State Machine Thread - 0] INFO  ozoneimpl.OzoneContainer (OzoneContainer.java:startContainerScrub(160)) - Background container scrubber has been disabled by hdds.containerscrub.enabled
2019-08-23 05:49:26,257 [Datanode State Machine Thread - 0] INFO  ratis.XceiverServerRatis (XceiverServerRatis.java:start(404)) - Starting XceiverServerRatis 63fd8c64-0397-4420-bb2f-fd9af094cc1f at port 0
2019-08-23 05:49:26,266 [Datanode State Machine Thread - 0] INFO  impl.RaftServerProxy (RaftServerProxy.java:lambda$start$3(299)) - 63fd8c64-0397-4420-bb2f-fd9af094cc1f: start RPC server
2019-08-23 05:49:26,266 [Datanode State Machine Thread - 0] INFO  server.GrpcService (GrpcService.java:startImpl(149)) - 63fd8c64-0397-4420-bb2f-fd9af094cc1f: GrpcService started, listening on 0.0.0.0/0.0.0.0:40555
2019-08-23 05:49:26,267 [Datanode State Machine Thread - 0] INFO  ratis.XceiverServerRatis (XceiverServerRatis.java:start(414)) - XceiverServerRatis 63fd8c64-0397-4420-bb2f-fd9af094cc1f is started using port 40555
2019-08-23 05:49:26,276 [Datanode State Machine Thread - 0] INFO  server.XceiverServerGrpc (XceiverServerGrpc.java:start(161)) - XceiverServerGrpc 63fd8c64-0397-4420-bb2f-fd9af094cc1f is started using port 45556
2019-08-23 05:49:26,449 | INFO  | SCMAudit | user=jenkins1000 | ip=192.168.5.178 | op=GET_VERSION null | ret=SUCCESS |  
2019-08-23 05:49:26,463 [Datanode State Machine Thread - 0] INFO  ozoneimpl.OzoneContainer (OzoneContainer.java:start(186)) - Attempting to start container services.
2019-08-23 05:49:26,464 [Datanode State Machine Thread - 0] INFO  ozoneimpl.OzoneContainer (OzoneContainer.java:startContainerScrub(160)) - Background container scrubber has been disabled by hdds.containerscrub.enabled
2019-08-23 05:49:26,464 [Datanode State Machine Thread - 0] INFO  ratis.XceiverServerRatis (XceiverServerRatis.java:start(404)) - Starting XceiverServerRatis d4f36997-48a6-49b8-995b-3c38d9ac3c0f at port 0
2019-08-23 05:49:26,475 [Datanode State Machine Thread - 0] INFO  impl.RaftServerProxy (RaftServerProxy.java:lambda$start$3(299)) - d4f36997-48a6-49b8-995b-3c38d9ac3c0f: start RPC server
2019-08-23 05:49:26,476 [Datanode State Machine Thread - 0] INFO  server.GrpcService (GrpcService.java:startImpl(149)) - d4f36997-48a6-49b8-995b-3c38d9ac3c0f: GrpcService started, listening on 0.0.0.0/0.0.0.0:40775
2019-08-23 05:49:26,476 [Datanode State Machine Thread - 0] INFO  ratis.XceiverServerRatis (XceiverServerRatis.java:start(414)) - XceiverServerRatis d4f36997-48a6-49b8-995b-3c38d9ac3c0f is started using port 40775
2019-08-23 05:49:26,476 [Datanode State Machine Thread - 0] INFO  server.XceiverServerGrpc (XceiverServerGrpc.java:start(161)) - XceiverServerGrpc d4f36997-48a6-49b8-995b-3c38d9ac3c0f is started using port 33194
2019-08-23 05:49:26,786 | INFO  | SCMAudit | user=jenkins1000 | ip=192.168.5.178 | op=GET_VERSION null | ret=SUCCESS |  
2019-08-23 05:49:26,801 [Datanode State Machine Thread - 0] INFO  ozoneimpl.OzoneContainer (OzoneContainer.java:start(186)) - Attempting to start container services.
2019-08-23 05:49:26,801 [Datanode State Machine Thread - 0] INFO  ozoneimpl.OzoneContainer (OzoneContainer.java:startContainerScrub(160)) - Background container scrubber has been disabled by hdds.containerscrub.enabled
2019-08-23 05:49:26,801 [Datanode State Machine Thread - 0] INFO  ratis.XceiverServerRatis (XceiverServerRatis.java:start(404)) - Starting XceiverServerRatis 564f3e1b-dc37-4d98-9518-cc9451ddb3ca at port 0
2019-08-23 05:49:26,811 [Datanode State Machine Thread - 0] INFO  impl.RaftServerProxy (RaftServerProxy.java:lambda$start$3(299)) - 564f3e1b-dc37-4d98-9518-cc9451ddb3ca: start RPC server
2019-08-23 05:49:26,812 [Datanode State Machine Thread - 0] INFO  server.GrpcService (GrpcService.java:startImpl(149)) - 564f3e1b-dc37-4d98-9518-cc9451ddb3ca: GrpcService started, listening on 0.0.0.0/0.0.0.0:44139
2019-08-23 05:49:26,812 [Datanode State Machine Thread - 0] INFO  ratis.XceiverServerRatis (XceiverServerRatis.java:start(414)) - XceiverServerRatis 564f3e1b-dc37-4d98-9518-cc9451ddb3ca is started using port 44139
2019-08-23 05:49:26,813 [Datanode State Machine Thread - 0] INFO  server.XceiverServerGrpc (XceiverServerGrpc.java:start(161)) - XceiverServerGrpc 564f3e1b-dc37-4d98-9518-cc9451ddb3ca is started using port 39195
2019-08-23 05:49:26,994 | INFO  | SCMAudit | user=jenkins1000 | ip=192.168.5.178 | op=GET_VERSION null | ret=SUCCESS |  
2019-08-23 05:49:27,008 [Datanode State Machine Thread - 0] INFO  ozoneimpl.OzoneContainer (OzoneContainer.java:start(186)) - Attempting to start container services.
2019-08-23 05:49:27,008 [Datanode State Machine Thread - 0] INFO  ozoneimpl.OzoneContainer (OzoneContainer.java:startContainerScrub(160)) - Background container scrubber has been disabled by hdds.containerscrub.enabled
2019-08-23 05:49:27,009 [Datanode State Machine Thread - 0] INFO  ratis.XceiverServerRatis (XceiverServerRatis.java:start(404)) - Starting XceiverServerRatis 9e0d48e9-795f-4679-b1bc-974fe7951c55 at port 0
2019-08-23 05:49:27,018 [Datanode State Machine Thread - 0] INFO  impl.RaftServerProxy (RaftServerProxy.java:lambda$start$3(299)) - 9e0d48e9-795f-4679-b1bc-974fe7951c55: start RPC server
2019-08-23 05:49:27,022 [Datanode State Machine Thread - 0] INFO  server.GrpcService (GrpcService.java:startImpl(149)) - 9e0d48e9-795f-4679-b1bc-974fe7951c55: GrpcService started, listening on 0.0.0.0/0.0.0.0:42216
2019-08-23 05:49:27,022 [Datanode State Machine Thread - 0] INFO  ratis.XceiverServerRatis (XceiverServerRatis.java:start(414)) - XceiverServerRatis 9e0d48e9-795f-4679-b1bc-974fe7951c55 is started using port 42216
2019-08-23 05:49:27,023 [Datanode State Machine Thread - 0] INFO  server.XceiverServerGrpc (XceiverServerGrpc.java:start(161)) - XceiverServerGrpc 9e0d48e9-795f-4679-b1bc-974fe7951c55 is started using port 42308
2019-08-23 05:49:27,179 [main] INFO  ozone.MiniOzoneClusterImpl (MiniOzoneClusterImpl.java:lambda$waitForClusterToBeReady$0(142)) - Waiting for cluster to be ready. Got 0 of 7 DN Heartbeats.
2019-08-23 05:49:27,181 | INFO  | SCMAudit | user=jenkins1000 | ip=192.168.5.178 | op=GET_VERSION null | ret=SUCCESS |  
2019-08-23 05:49:27,195 [Datanode State Machine Thread - 0] INFO  ozoneimpl.OzoneContainer (OzoneContainer.java:start(186)) - Attempting to start container services.
2019-08-23 05:49:27,195 [Datanode State Machine Thread - 0] INFO  ozoneimpl.OzoneContainer (OzoneContainer.java:startContainerScrub(160)) - Background container scrubber has been disabled by hdds.containerscrub.enabled
2019-08-23 05:49:27,195 [Datanode State Machine Thread - 0] INFO  ratis.XceiverServerRatis (XceiverServerRatis.java:start(404)) - Starting XceiverServerRatis 6b30598f-e3b0-450c-bc0d-9274443a7fa0 at port 0
2019-08-23 05:49:27,203 [Datanode State Machine Thread - 0] INFO  impl.RaftServerProxy (RaftServerProxy.java:lambda$start$3(299)) - 6b30598f-e3b0-450c-bc0d-9274443a7fa0: start RPC server
2019-08-23 05:49:27,204 [Datanode State Machine Thread - 0] INFO  server.GrpcService (GrpcService.java:startImpl(149)) - 6b30598f-e3b0-450c-bc0d-9274443a7fa0: GrpcService started, listening on 0.0.0.0/0.0.0.0:41188
2019-08-23 05:49:27,204 [Datanode State Machine Thread - 0] INFO  ratis.XceiverServerRatis (XceiverServerRatis.java:start(414)) - XceiverServerRatis 6b30598f-e3b0-450c-bc0d-9274443a7fa0 is started using port 41188
2019-08-23 05:49:27,205 [Datanode State Machine Thread - 0] INFO  server.XceiverServerGrpc (XceiverServerGrpc.java:start(161)) - XceiverServerGrpc 6b30598f-e3b0-450c-bc0d-9274443a7fa0 is started using port 42592
2019-08-23 05:49:27,822 [IPC Server handler 4 on 40150] INFO  net.NetworkTopology (NetworkTopologyImpl.java:add(110)) - Added a new node: /default-rack/96a4345b-84e3-4f69-b56b-0cb9f3200145
2019-08-23 05:49:27,825 [IPC Server handler 4 on 40150] INFO  node.SCMNodeManager (SCMNodeManager.java:register(273)) - Registered Data node : 96a4345b-84e3-4f69-b56b-0cb9f3200145{ip: 192.168.5.178, host: trunk-nightly-zfkm8-417691344, networkLocation: /default-rack, certSerialId: null}
2019-08-23 05:49:27,826 [EventQueue-NodeRegistrationContainerReportForDataNodeSafeModeRule] INFO  safemode.SCMSafeModeManager (DataNodeSafeModeRule.java:process(71)) - SCM in safe mode. 1 DataNodes registered, 1 required.
2019-08-23 05:49:27,829 [EventQueue-NodeRegistrationContainerReportForDataNodeSafeModeRule] INFO  safemode.SCMSafeModeManager (SCMSafeModeManager.java:validateSafeModeExitRules(177)) - ScmSafeModeManager, all rules are successfully validated
2019-08-23 05:49:27,829 [EventQueue-NodeRegistrationContainerReportForDataNodeSafeModeRule] INFO  safemode.SCMSafeModeManager (SCMSafeModeManager.java:exitSafeMode(193)) - SCM exiting safe mode.
2019-08-23 05:49:27,829 | INFO  | SCMAudit | user=jenkins1000 | ip=192.168.5.178 | op=REGISTER {datanodeDetails=96a4345b-84e3-4f69-b56b-0cb9f3200145{ip: 192.168.5.178, host: trunk-nightly-zfkm8-417691344, networkLocation: /default-rack, certSerialId: null}} | ret=SUCCESS |  
2019-08-23 05:49:27,848 [grpc-default-executor-4] INFO  impl.RaftServerProxy (RaftServerProxy.java:addNew(89)) - 96a4345b-84e3-4f69-b56b-0cb9f3200145: addNew group-B8A180791E72:[96a4345b-84e3-4f69-b56b-0cb9f3200145:192.168.5.178:40964] returns group-B8A180791E72:java.util.concurrent.CompletableFuture@175d5a97[Not completed]
2019-08-23 05:49:27,851 [pool-126-thread-1] INFO  impl.RaftServerImpl (RaftServerImpl.java:<init>(93)) - 96a4345b-84e3-4f69-b56b-0cb9f3200145: new RaftServerImpl for group-B8A180791E72:[96a4345b-84e3-4f69-b56b-0cb9f3200145:192.168.5.178:40964] with ContainerStateMachine:uninitialized
2019-08-23 05:49:27,851 [pool-126-thread-1] INFO  server.RaftServerConfigKeys (ConfUtils.java:logGet(43)) - raft.server.rpc.timeout.min = 5s (custom)
2019-08-23 05:49:27,851 [pool-126-thread-1] INFO  server.RaftServerConfigKeys (ConfUtils.java:logGet(43)) - raft.server.rpc.timeout.max = 5200ms (custom)
2019-08-23 05:49:27,851 [pool-126-thread-1] INFO  server.RaftServerConfigKeys (ConfUtils.java:logGet(43)) - raft.server.rpcslowness.timeout = 120s (custom)
2019-08-23 05:49:27,851 [pool-126-thread-1] INFO  server.RaftServerConfigKeys (ConfUtils.java:logGet(43)) - raft.server.sleep.deviation.threshold = 300 (default)
2019-08-23 05:49:27,852 [pool-126-thread-1] INFO  server.RaftServerConfigKeys (ConfUtils.java:logGet(43)) - raft.server.log.appender.install.snapshot.enabled = false (custom)
2019-08-23 05:49:27,852 [pool-126-thread-1] INFO  impl.RaftServerImpl (ServerState.java:<init>(105)) - 96a4345b-84e3-4f69-b56b-0cb9f3200145:group-B8A180791E72 ConfigurationManager, init=-1: [96a4345b-84e3-4f69-b56b-0cb9f3200145:192.168.5.178:40964], old=null, confs=<EMPTY_MAP>
2019-08-23 05:49:27,852 [pool-126-thread-1] INFO  server.RaftServerConfigKeys (ConfUtils.java:logGet(43)) - raft.server.storage.dir = [/workdir/hadoop-ozone/integration-test/target/test-dir/MiniOzoneClusterImpl-4e018812-8580-4f5b-9c00-decd40181699/datanode-0/data/ratis] (custom)
2019-08-23 05:49:27,853 [pool-126-thread-1] INFO  storage.RaftStorageDirectory (RaftStorageDirectory.java:analyzeStorage(246)) - The storage directory /workdir/hadoop-ozone/integration-test/target/test-dir/MiniOzoneClusterImpl-4e018812-8580-4f5b-9c00-decd40181699/datanode-0/data/ratis/38cd217b-cbe9-40e4-9463-b8a180791e72 does not exist. Creating ...
2019-08-23 05:49:27,866 [pool-126-thread-1] INFO  storage.RaftStorageDirectory (RaftStorageDirectory.java:tryLock(328)) - Lock on /workdir/hadoop-ozone/integration-test/target/test-dir/MiniOzoneClusterImpl-4e018812-8580-4f5b-9c00-decd40181699/datanode-0/data/ratis/38cd217b-cbe9-40e4-9463-b8a180791e72/in_use.lock acquired by nodename 19557@trunk-nightly-zfkm8-417691344
2019-08-23 05:49:27,880 [pool-126-thread-1] INFO  storage.RaftStorage (RaftStorage.java:format(72)) - Storage directory /workdir/hadoop-ozone/integration-test/target/test-dir/MiniOzoneClusterImpl-4e018812-8580-4f5b-9c00-decd40181699/datanode-0/data/ratis/38cd217b-cbe9-40e4-9463-b8a180791e72 has been successfully formatted.
2019-08-23 05:49:27,880 [pool-126-thread-1] INFO  ratis.ContainerStateMachine (ContainerStateMachine.java:loadSnapshot(226)) - group-B8A180791E72: The snapshot info is null. Setting the last applied indexto:(t:0, i:~)
2019-08-23 05:49:27,880 [pool-126-thread-1] INFO  server.RaftServerConfigKeys (ConfUtils.java:logGet(43)) - raft.server.leader.election.timeout = 120s (custom)
2019-08-23 05:49:27,881 [pool-126-thread-1] INFO  server.RaftServerConfigKeys (ConfUtils.java:logGet(43)) - raft.server.log.use.memory = false (default)
2019-08-23 05:49:27,881 [pool-126-thread-1] INFO  server.RaftServerConfigKeys (ConfUtils.java:logGet(43)) - raft.server.log.purge.gap = 1000000 (custom)
2019-08-23 05:49:27,881 [pool-126-thread-1] INFO  server.RaftServerConfigKeys (ConfUtils.java:logGet(43)) - raft.server.log.appender.buffer.byte-limit = 33554432 (custom)
2019-08-23 05:49:27,881 [pool-126-thread-1] INFO  server.RaftServerConfigKeys (ConfUtils.java:logGet(43)) - raft.server.log.segment.size.max = 1048576 (custom)
2019-08-23 05:49:27,882 [pool-126-thread-1] INFO  server.RaftServerConfigKeys (ConfUtils.java:logGet(43)) - raft.server.log.segment.cache.num.max = 2 (custom)
2019-08-23 05:49:27,882 [pool-126-thread-1] INFO  segmented.SegmentedRaftLogWorker (SegmentedRaftLogWorker.java:<init>(172)) - new 96a4345b-84e3-4f69-b56b-0cb9f3200145-SegmentedRaftLogWorker:Storage Directory /workdir/hadoop-ozone/integration-test/target/test-dir/MiniOzoneClusterImpl-4e018812-8580-4f5b-9c00-decd40181699/datanode-0/data/ratis/38cd217b-cbe9-40e4-9463-b8a180791e72 for RaftStorage:Storage Directory /workdir/hadoop-ozone/integration-test/target/test-dir/MiniOzoneClusterImpl-4e018812-8580-4f5b-9c00-decd40181699/datanode-0/data/ratis/38cd217b-cbe9-40e4-9463-b8a180791e72
2019-08-23 05:49:27,882 [pool-126-thread-1] INFO  server.RaftServerConfigKeys (ConfUtils.java:logGet(43)) - raft.server.log.queue.byte-limit = 2147483647 (custom)
2019-08-23 05:49:27,882 [pool-126-thread-1] INFO  server.RaftServerConfigKeys (ConfUtils.java:logGet(43)) - raft.server.log.queue.element-limit = 1024 (custom)
2019-08-23 05:49:27,883 [pool-126-thread-1] INFO  server.RaftServerConfigKeys (ConfUtils.java:logGet(43)) - raft.server.log.segment.size.max = 1048576 (custom)
2019-08-23 05:49:27,883 [pool-126-thread-1] INFO  server.RaftServerConfigKeys (ConfUtils.java:logGet(43)) - raft.server.log.preallocated.size = 16384 (custom)
2019-08-23 05:49:27,883 [pool-126-thread-1] INFO  server.RaftServerConfigKeys (ConfUtils.java:logGet(43)) - raft.server.log.write.buffer.size = 33554432 (custom)
2019-08-23 05:49:27,883 [pool-126-thread-1] INFO  server.RaftServerConfigKeys (ConfUtils.java:logGet(43)) - raft.server.log.force.sync.num = 128 (default)
2019-08-23 05:49:27,883 [pool-126-thread-1] INFO  server.RaftServerConfigKeys (ConfUtils.java:logGet(43)) - raft.server.log.statemachine.data.sync = true (default)
2019-08-23 05:49:27,884 [pool-126-thread-1] INFO  server.RaftServerConfigKeys (ConfUtils.java:logGet(43)) - raft.server.log.statemachine.data.sync.timeout = 10s (default)
2019-08-23 05:49:27,884 [pool-126-thread-1] INFO  server.RaftServerConfigKeys (ConfUtils.java:logGet(43)) - raft.server.log.statemachine.data.sync.timeout.retry = -1 (default)
2019-08-23 05:49:27,884 [pool-126-thread-1] INFO  server.RaftServerConfigKeys (ConfUtils.java:logGet(43)) - raft.server.log.statemachine.data.caching.enabled = true (custom)
2019-08-23 05:49:27,885 [pool-126-thread-1] INFO  segmented.SegmentedRaftLogWorker (SegmentedRaftLogWorker.java:lambda$new$0(132)) - 96a4345b-84e3-4f69-b56b-0cb9f3200145-SegmentedRaftLogWorker:Storage Directory /workdir/hadoop-ozone/integration-test/target/test-dir/MiniOzoneClusterImpl-4e018812-8580-4f5b-9c00-decd40181699/datanode-0/data/ratis/38cd217b-cbe9-40e4-9463-b8a180791e72: flushIndex: setUnconditionally 0 -> -1
2019-08-23 05:49:27,886 [pool-126-thread-1] INFO  server.RaftServerConfigKeys (ConfUtils.java:logGet(43)) - raft.server.snapshot.auto.trigger.enabled = true (custom)
2019-08-23 05:49:27,886 [pool-126-thread-1] INFO  server.RaftServerConfigKeys (ConfUtils.java:logGet(43)) - raft.server.snapshot.auto.trigger.threshold = 10000 (custom)
2019-08-23 05:49:27,886 [pool-126-thread-1] INFO  server.RaftServerConfigKeys (ConfUtils.java:logGet(43)) - raft.server.retrycache.expirytime = 600000ms (custom)
2019-08-23 05:49:27,886 [pool-126-thread-1] INFO  impl.RaftServerImpl (RaftServerImpl.java:start(180)) - 96a4345b-84e3-4f69-b56b-0cb9f3200145: start group-B8A180791E72
2019-08-23 05:49:27,886 [pool-126-thread-1] INFO  impl.RaftServerImpl (RaftServerImpl.java:setRole(171)) - 96a4345b-84e3-4f69-b56b-0cb9f3200145:group-B8A180791E72 changes role from null to FOLLOWER at term 0 for startAsFollower
2019-08-23 05:49:27,887 [pool-126-thread-1] INFO  impl.RoleInfo (RoleInfo.java:updateAndGet(143)) - 96a4345b-84e3-4f69-b56b-0cb9f3200145: start FollowerState
2019-08-23 05:49:27,888 [pool-126-thread-1] INFO  util.JmxRegister (JmxRegister.java:tryRegister(44)) - Successfully registered JMX Bean with object name Ratis:service=RaftServer,group=group-B8A180791E72,id=96a4345b-84e3-4f69-b56b-0cb9f3200145
2019-08-23 05:49:27,895 [RatisPipelineUtilsThread] INFO  pipeline.PipelineStateManager (PipelineStateManager.java:addPipeline(56)) - Created pipeline Pipeline[ Id: 38cd217b-cbe9-40e4-9463-b8a180791e72, Nodes: 96a4345b-84e3-4f69-b56b-0cb9f3200145{ip: 192.168.5.178, host: trunk-nightly-zfkm8-417691344, networkLocation: /default-rack, certSerialId: null}, Type:RATIS, Factor:ONE, State:OPEN]
2019-08-23 05:49:28,035 [IPC Server handler 1 on 40150] INFO  net.NetworkTopology (NetworkTopologyImpl.java:add(110)) - Added a new node: /default-rack/c6842691-702c-4d39-b47f-d27b1fab8f33
2019-08-23 05:49:28,035 [IPC Server handler 1 on 40150] INFO  node.SCMNodeManager (SCMNodeManager.java:register(273)) - Registered Data node : c6842691-702c-4d39-b47f-d27b1fab8f33{ip: 192.168.5.178, host: trunk-nightly-zfkm8-417691344, networkLocation: /default-rack, certSerialId: null}
2019-08-23 05:49:28,035 | INFO  | SCMAudit | user=jenkins1000 | ip=192.168.5.178 | op=REGISTER {datanodeDetails=c6842691-702c-4d39-b47f-d27b1fab8f33{ip: 192.168.5.178, host: trunk-nightly-zfkm8-417691344, networkLocation: /default-rack, certSerialId: null}} | ret=SUCCESS |  
2019-08-23 05:49:28,049 [grpc-default-executor-4] INFO  impl.RaftServerProxy (RaftServerProxy.java:addNew(89)) - c6842691-702c-4d39-b47f-d27b1fab8f33: addNew group-8041FF03EB6E:[c6842691-702c-4d39-b47f-d27b1fab8f33:192.168.5.178:46322] returns group-8041FF03EB6E:java.util.concurrent.CompletableFuture@712de617[Not completed]
2019-08-23 05:49:28,053 [pool-137-thread-1] INFO  impl.RaftServerImpl (RaftServerImpl.java:<init>(93)) - c6842691-702c-4d39-b47f-d27b1fab8f33: new RaftServerImpl for group-8041FF03EB6E:[c6842691-702c-4d39-b47f-d27b1fab8f33:192.168.5.178:46322] with ContainerStateMachine:uninitialized
2019-08-23 05:49:28,054 [pool-137-thread-1] INFO  server.RaftServerConfigKeys (ConfUtils.java:logGet(43)) - raft.server.rpc.timeout.min = 5s (custom)
2019-08-23 05:49:28,054 [pool-137-thread-1] INFO  server.RaftServerConfigKeys (ConfUtils.java:logGet(43)) - raft.server.rpc.timeout.max = 5200ms (custom)
2019-08-23 05:49:28,054 [pool-137-thread-1] INFO  server.RaftServerConfigKeys (ConfUtils.java:logGet(43)) - raft.server.rpcslowness.timeout = 120s (custom)
2019-08-23 05:49:28,054 [pool-137-thread-1] INFO  server.RaftServerConfigKeys (ConfUtils.java:logGet(43)) - raft.server.sleep.deviation.threshold = 300 (default)
2019-08-23 05:49:28,054 [pool-137-thread-1] INFO  server.RaftServerConfigKeys (ConfUtils.java:logGet(43)) - raft.server.log.appender.install.snapshot.enabled = false (custom)
2019-08-23 05:49:28,054 [pool-137-thread-1] INFO  impl.RaftServerImpl (ServerState.java:<init>(105)) - c6842691-702c-4d39-b47f-d27b1fab8f33:group-8041FF03EB6E ConfigurationManager, init=-1: [c6842691-702c-4d39-b47f-d27b1fab8f33:192.168.5.178:46322], old=null, confs=<EMPTY_MAP>
2019-08-23 05:49:28,055 [pool-137-thread-1] INFO  server.RaftServerConfigKeys (ConfUtils.java:logGet(43)) - raft.server.storage.dir = [/workdir/hadoop-ozone/integration-test/target/test-dir/MiniOzoneClusterImpl-4e018812-8580-4f5b-9c00-decd40181699/datanode-1/data/ratis] (custom)
2019-08-23 05:49:28,055 [pool-137-thread-1] INFO  storage.RaftStorageDirectory (RaftStorageDirectory.java:analyzeStorage(246)) - The storage directory /workdir/hadoop-ozone/integration-test/target/test-dir/MiniOzoneClusterImpl-4e018812-8580-4f5b-9c00-decd40181699/datanode-1/data/ratis/5efcbd4f-0612-43a9-86ce-8041ff03eb6e does not exist. Creating ...
2019-08-23 05:49:28,062 [pool-137-thread-1] INFO  storage.RaftStorageDirectory (RaftStorageDirectory.java:tryLock(328)) - Lock on /workdir/hadoop-ozone/integration-test/target/test-dir/MiniOzoneClusterImpl-4e018812-8580-4f5b-9c00-decd40181699/datanode-1/data/ratis/5efcbd4f-0612-43a9-86ce-8041ff03eb6e/in_use.lock acquired by nodename 19557@trunk-nightly-zfkm8-417691344
2019-08-23 05:49:28,076 [pool-137-thread-1] INFO  storage.RaftStorage (RaftStorage.java:format(72)) - Storage directory /workdir/hadoop-ozone/integration-test/target/test-dir/MiniOzoneClusterImpl-4e018812-8580-4f5b-9c00-decd40181699/datanode-1/data/ratis/5efcbd4f-0612-43a9-86ce-8041ff03eb6e has been successfully formatted.
2019-08-23 05:49:28,077 [pool-137-thread-1] INFO  ratis.ContainerStateMachine (ContainerStateMachine.java:loadSnapshot(226)) - group-8041FF03EB6E: The snapshot info is null. Setting the last applied indexto:(t:0, i:~)
2019-08-23 05:49:28,077 [pool-137-thread-1] INFO  server.RaftServerConfigKeys (ConfUtils.java:logGet(43)) - raft.server.leader.election.timeout = 120s (custom)
2019-08-23 05:49:28,077 [pool-137-thread-1] INFO  server.RaftServerConfigKeys (ConfUtils.java:logGet(43)) - raft.server.log.use.memory = false (default)
2019-08-23 05:49:28,077 [pool-137-thread-1] INFO  server.RaftServerConfigKeys (ConfUtils.java:logGet(43)) - raft.server.log.purge.gap = 1000000 (custom)
2019-08-23 05:49:28,077 [pool-137-thread-1] INFO  server.RaftServerConfigKeys (ConfUtils.java:logGet(43)) - raft.server.log.appender.buffer.byte-limit = 33554432 (custom)
2019-08-23 05:49:28,078 [pool-137-thread-1] INFO  server.RaftServerConfigKeys (ConfUtils.java:logGet(43)) - raft.server.log.segment.size.max = 1048576 (custom)
2019-08-23 05:49:28,078 [pool-137-thread-1] INFO  server.RaftServerConfigKeys (ConfUtils.java:logGet(43)) - raft.server.log.segment.cache.num.max = 2 (custom)
2019-08-23 05:49:28,078 [pool-137-thread-1] INFO  segmented.SegmentedRaftLogWorker (SegmentedRaftLogWorker.java:<init>(172)) - new c6842691-702c-4d39-b47f-d27b1fab8f33-SegmentedRaftLogWorker:Storage Directory /workdir/hadoop-ozone/integration-test/target/test-dir/MiniOzoneClusterImpl-4e018812-8580-4f5b-9c00-decd40181699/datanode-1/data/ratis/5efcbd4f-0612-43a9-86ce-8041ff03eb6e for RaftStorage:Storage Directory /workdir/hadoop-ozone/integration-test/target/test-dir/MiniOzoneClusterImpl-4e018812-8580-4f5b-9c00-decd40181699/datanode-1/data/ratis/5efcbd4f-0612-43a9-86ce-8041ff03eb6e
2019-08-23 05:49:28,078 [pool-137-thread-1] INFO  server.RaftServerConfigKeys (ConfUtils.java:logGet(43)) - raft.server.log.queue.byte-limit = 2147483647 (custom)
2019-08-23 05:49:28,078 [pool-137-thread-1] INFO  server.RaftServerConfigKeys (ConfUtils.java:logGet(43)) - raft.server.log.queue.element-limit = 1024 (custom)
2019-08-23 05:49:28,079 [pool-137-thread-1] INFO  server.RaftServerConfigKeys (ConfUtils.java:logGet(43)) - raft.server.log.segment.size.max = 1048576 (custom)
2019-08-23 05:49:28,079 [pool-137-thread-1] INFO  server.RaftServerConfigKeys (ConfUtils.java:logGet(43)) - raft.server.log.preallocated.size = 16384 (custom)
2019-08-23 05:49:28,079 [pool-137-thread-1] INFO  server.RaftServerConfigKeys (ConfUtils.java:logGet(43)) - raft.server.log.write.buffer.size = 33554432 (custom)
2019-08-23 05:49:28,079 [pool-137-thread-1] INFO  server.RaftServerConfigKeys (ConfUtils.java:logGet(43)) - raft.server.log.force.sync.num = 128 (default)
2019-08-23 05:49:28,080 [pool-137-thread-1] INFO  server.RaftServerConfigKeys (ConfUtils.java:logGet(43)) - raft.server.log.statemachine.data.sync = true (default)
2019-08-23 05:49:28,080 [pool-137-thread-1] INFO  server.RaftServerConfigKeys (ConfUtils.java:logGet(43)) - raft.server.log.statemachine.data.sync.timeout = 10s (default)
2019-08-23 05:49:28,080 [pool-137-thread-1] INFO  server.RaftServerConfigKeys (ConfUtils.java:logGet(43)) - raft.server.log.statemachine.data.sync.timeout.retry = -1 (default)
2019-08-23 05:49:28,080 [pool-137-thread-1] INFO  server.RaftServerConfigKeys (ConfUtils.java:logGet(43)) - raft.server.log.statemachine.data.caching.enabled = true (custom)
2019-08-23 05:49:28,081 [pool-137-thread-1] INFO  segmented.SegmentedRaftLogWorker (SegmentedRaftLogWorker.java:lambda$new$0(132)) - c6842691-702c-4d39-b47f-d27b1fab8f33-SegmentedRaftLogWorker:Storage Directory /workdir/hadoop-ozone/integration-test/target/test-dir/MiniOzoneClusterImpl-4e018812-8580-4f5b-9c00-decd40181699/datanode-1/data/ratis/5efcbd4f-0612-43a9-86ce-8041ff03eb6e: flushIndex: setUnconditionally 0 -> -1
2019-08-23 05:49:28,081 [pool-137-thread-1] INFO  server.RaftServerConfigKeys (ConfUtils.java:logGet(43)) - raft.server.snapshot.auto.trigger.enabled = true (custom)
2019-08-23 05:49:28,081 [pool-137-thread-1] INFO  server.RaftServerConfigKeys (ConfUtils.java:logGet(43)) - raft.server.snapshot.auto.trigger.threshold = 10000 (custom)
2019-08-23 05:49:28,082 [pool-137-thread-1] INFO  server.RaftServerConfigKeys (ConfUtils.java:logGet(43)) - raft.server.retrycache.expirytime = 600000ms (custom)
2019-08-23 05:49:28,082 [pool-137-thread-1] INFO  impl.RaftServerImpl (RaftServerImpl.java:start(180)) - c6842691-702c-4d39-b47f-d27b1fab8f33: start group-8041FF03EB6E
2019-08-23 05:49:28,082 [pool-137-thread-1] INFO  impl.RaftServerImpl (RaftServerImpl.java:setRole(171)) - c6842691-702c-4d39-b47f-d27b1fab8f33:group-8041FF03EB6E changes role from null to FOLLOWER at term 0 for startAsFollower
2019-08-23 05:49:28,082 [pool-137-thread-1] INFO  impl.RoleInfo (RoleInfo.java:updateAndGet(143)) - c6842691-702c-4d39-b47f-d27b1fab8f33: start FollowerState
2019-08-23 05:49:28,083 [pool-137-thread-1] INFO  util.JmxRegister (JmxRegister.java:tryRegister(44)) - Successfully registered JMX Bean with object name Ratis:service=RaftServer,group=group-8041FF03EB6E,id=c6842691-702c-4d39-b47f-d27b1fab8f33
2019-08-23 05:49:28,089 [RatisPipelineUtilsThread] INFO  pipeline.PipelineStateManager (PipelineStateManager.java:addPipeline(56)) - Created pipeline Pipeline[ Id: 5efcbd4f-0612-43a9-86ce-8041ff03eb6e, Nodes: c6842691-702c-4d39-b47f-d27b1fab8f33{ip: 192.168.5.178, host: trunk-nightly-zfkm8-417691344, networkLocation: /default-rack, certSerialId: null}, Type:RATIS, Factor:ONE, State:OPEN]
2019-08-23 05:49:28,179 [main] INFO  ozone.MiniOzoneClusterImpl (MiniOzoneClusterImpl.java:lambda$waitForClusterToBeReady$0(142)) - Waiting for cluster to be ready. Got 2 of 7 DN Heartbeats.
2019-08-23 05:49:28,242 [IPC Server handler 2 on 40150] INFO  net.NetworkTopology (NetworkTopologyImpl.java:add(110)) - Added a new node: /default-rack/63fd8c64-0397-4420-bb2f-fd9af094cc1f
2019-08-23 05:49:28,242 [IPC Server handler 2 on 40150] INFO  node.SCMNodeManager (SCMNodeManager.java:register(273)) - Registered Data node : 63fd8c64-0397-4420-bb2f-fd9af094cc1f{ip: 192.168.5.178, host: trunk-nightly-zfkm8-417691344, networkLocation: /default-rack, certSerialId: null}
2019-08-23 05:49:28,245 | INFO  | SCMAudit | user=jenkins1000 | ip=192.168.5.178 | op=REGISTER {datanodeDetails=63fd8c64-0397-4420-bb2f-fd9af094cc1f{ip: 192.168.5.178, host: trunk-nightly-zfkm8-417691344, networkLocation: /default-rack, certSerialId: null}} | ret=SUCCESS |  
2019-08-23 05:49:28,259 [grpc-default-executor-4] INFO  impl.RaftServerProxy (RaftServerProxy.java:addNew(89)) - 63fd8c64-0397-4420-bb2f-fd9af094cc1f: addNew group-75E27B537F15:[63fd8c64-0397-4420-bb2f-fd9af094cc1f:192.168.5.178:40555] returns group-75E27B537F15:java.util.concurrent.CompletableFuture@361d9593[Not completed]
2019-08-23 05:49:28,265 [pool-148-thread-1] INFO  impl.RaftServerImpl (RaftServerImpl.java:<init>(93)) - 63fd8c64-0397-4420-bb2f-fd9af094cc1f: new RaftServerImpl for group-75E27B537F15:[63fd8c64-0397-4420-bb2f-fd9af094cc1f:192.168.5.178:40555] with ContainerStateMachine:uninitialized
2019-08-23 05:49:28,266 [pool-148-thread-1] INFO  server.RaftServerConfigKeys (ConfUtils.java:logGet(43)) - raft.server.rpc.timeout.min = 5s (custom)
2019-08-23 05:49:28,266 [pool-148-thread-1] INFO  server.RaftServerConfigKeys (ConfUtils.java:logGet(43)) - raft.server.rpc.timeout.max = 5200ms (custom)
2019-08-23 05:49:28,266 [pool-148-thread-1] INFO  server.RaftServerConfigKeys (ConfUtils.java:logGet(43)) - raft.server.rpcslowness.timeout = 120s (custom)
2019-08-23 05:49:28,266 [pool-148-thread-1] INFO  server.RaftServerConfigKeys (ConfUtils.java:logGet(43)) - raft.server.sleep.deviation.threshold = 300 (default)
2019-08-23 05:49:28,266 [pool-148-thread-1] INFO  server.RaftServerConfigKeys (ConfUtils.java:logGet(43)) - raft.server.log.appender.install.snapshot.enabled = false (custom)
2019-08-23 05:49:28,266 [pool-148-thread-1] INFO  impl.RaftServerImpl (ServerState.java:<init>(105)) - 63fd8c64-0397-4420-bb2f-fd9af094cc1f:group-75E27B537F15 ConfigurationManager, init=-1: [63fd8c64-0397-4420-bb2f-fd9af094cc1f:192.168.5.178:40555], old=null, confs=<EMPTY_MAP>
2019-08-23 05:49:28,267 [pool-148-thread-1] INFO  server.RaftServerConfigKeys (ConfUtils.java:logGet(43)) - raft.server.storage.dir = [/workdir/hadoop-ozone/integration-test/target/test-dir/MiniOzoneClusterImpl-4e018812-8580-4f5b-9c00-decd40181699/datanode-2/data/ratis] (custom)
2019-08-23 05:49:28,267 [pool-148-thread-1] INFO  storage.RaftStorageDirectory (RaftStorageDirectory.java:analyzeStorage(246)) - The storage directory /workdir/hadoop-ozone/integration-test/target/test-dir/MiniOzoneClusterImpl-4e018812-8580-4f5b-9c00-decd40181699/datanode-2/data/ratis/5617a368-6153-4806-bf81-75e27b537f15 does not exist. Creating ...
2019-08-23 05:49:28,280 [pool-148-thread-1] INFO  storage.RaftStorageDirectory (RaftStorageDirectory.java:tryLock(328)) - Lock on /workdir/hadoop-ozone/integration-test/target/test-dir/MiniOzoneClusterImpl-4e018812-8580-4f5b-9c00-decd40181699/datanode-2/data/ratis/5617a368-6153-4806-bf81-75e27b537f15/in_use.lock acquired by nodename 19557@trunk-nightly-zfkm8-417691344
2019-08-23 05:49:28,296 [pool-148-thread-1] INFO  storage.RaftStorage (RaftStorage.java:format(72)) - Storage directory /workdir/hadoop-ozone/integration-test/target/test-dir/MiniOzoneClusterImpl-4e018812-8580-4f5b-9c00-decd40181699/datanode-2/data/ratis/5617a368-6153-4806-bf81-75e27b537f15 has been successfully formatted.
2019-08-23 05:49:28,297 [pool-148-thread-1] INFO  ratis.ContainerStateMachine (ContainerStateMachine.java:loadSnapshot(226)) - group-75E27B537F15: The snapshot info is null. Setting the last applied indexto:(t:0, i:~)
2019-08-23 05:49:28,297 [pool-148-thread-1] INFO  server.RaftServerConfigKeys (ConfUtils.java:logGet(43)) - raft.server.leader.election.timeout = 120s (custom)
2019-08-23 05:49:28,297 [pool-148-thread-1] INFO  server.RaftServerConfigKeys (ConfUtils.java:logGet(43)) - raft.server.log.use.memory = false (default)
2019-08-23 05:49:28,297 [pool-148-thread-1] INFO  server.RaftServerConfigKeys (ConfUtils.java:logGet(43)) - raft.server.log.purge.gap = 1000000 (custom)
2019-08-23 05:49:28,298 [pool-148-thread-1] INFO  server.RaftServerConfigKeys (ConfUtils.java:logGet(43)) - raft.server.log.appender.buffer.byte-limit = 33554432 (custom)
2019-08-23 05:49:28,298 [pool-148-thread-1] INFO  server.RaftServerConfigKeys (ConfUtils.java:logGet(43)) - raft.server.log.segment.size.max = 1048576 (custom)
2019-08-23 05:49:28,298 [pool-148-thread-1] INFO  server.RaftServerConfigKeys (ConfUtils.java:logGet(43)) - raft.server.log.segment.cache.num.max = 2 (custom)
2019-08-23 05:49:28,298 [pool-148-thread-1] INFO  segmented.SegmentedRaftLogWorker (SegmentedRaftLogWorker.java:<init>(172)) - new 63fd8c64-0397-4420-bb2f-fd9af094cc1f-SegmentedRaftLogWorker:Storage Directory /workdir/hadoop-ozone/integration-test/target/test-dir/MiniOzoneClusterImpl-4e018812-8580-4f5b-9c00-decd40181699/datanode-2/data/ratis/5617a368-6153-4806-bf81-75e27b537f15 for RaftStorage:Storage Directory /workdir/hadoop-ozone/integration-test/target/test-dir/MiniOzoneClusterImpl-4e018812-8580-4f5b-9c00-decd40181699/datanode-2/data/ratis/5617a368-6153-4806-bf81-75e27b537f15
2019-08-23 05:49:28,298 [pool-148-thread-1] INFO  server.RaftServerConfigKeys (ConfUtils.java:logGet(43)) - raft.server.log.queue.byte-limit = 2147483647 (custom)
2019-08-23 05:49:28,299 [pool-148-thread-1] INFO  server.RaftServerConfigKeys (ConfUtils.java:logGet(43)) - raft.server.log.queue.element-limit = 1024 (custom)
2019-08-23 05:49:28,299 [pool-148-thread-1] INFO  server.RaftServerConfigKeys (ConfUtils.java:logGet(43)) - raft.server.log.segment.size.max = 1048576 (custom)
2019-08-23 05:49:28,299 [pool-148-thread-1] INFO  server.RaftServerConfigKeys (ConfUtils.java:logGet(43)) - raft.server.log.preallocated.size = 16384 (custom)
2019-08-23 05:49:28,299 [pool-148-thread-1] INFO  server.RaftServerConfigKeys (ConfUtils.java:logGet(43)) - raft.server.log.write.buffer.size = 33554432 (custom)
2019-08-23 05:49:28,299 [pool-148-thread-1] INFO  server.RaftServerConfigKeys (ConfUtils.java:logGet(43)) - raft.server.log.force.sync.num = 128 (default)
2019-08-23 05:49:28,300 [pool-148-thread-1] INFO  server.RaftServerConfigKeys (ConfUtils.java:logGet(43)) - raft.server.log.statemachine.data.sync = true (default)
2019-08-23 05:49:28,300 [pool-148-thread-1] INFO  server.RaftServerConfigKeys (ConfUtils.java:logGet(43)) - raft.server.log.statemachine.data.sync.timeout = 10s (default)
2019-08-23 05:49:28,300 [pool-148-thread-1] INFO  server.RaftServerConfigKeys (ConfUtils.java:logGet(43)) - raft.server.log.statemachine.data.sync.timeout.retry = -1 (default)
2019-08-23 05:49:28,300 [pool-148-thread-1] INFO  server.RaftServerConfigKeys (ConfUtils.java:logGet(43)) - raft.server.log.statemachine.data.caching.enabled = true (custom)
2019-08-23 05:49:28,301 [pool-148-thread-1] INFO  segmented.SegmentedRaftLogWorker (SegmentedRaftLogWorker.java:lambda$new$0(132)) - 63fd8c64-0397-4420-bb2f-fd9af094cc1f-SegmentedRaftLogWorker:Storage Directory /workdir/hadoop-ozone/integration-test/target/test-dir/MiniOzoneClusterImpl-4e018812-8580-4f5b-9c00-decd40181699/datanode-2/data/ratis/5617a368-6153-4806-bf81-75e27b537f15: flushIndex: setUnconditionally 0 -> -1
2019-08-23 05:49:28,301 [pool-148-thread-1] INFO  server.RaftServerConfigKeys (ConfUtils.java:logGet(43)) - raft.server.snapshot.auto.trigger.enabled = true (custom)
2019-08-23 05:49:28,301 [pool-148-thread-1] INFO  server.RaftServerConfigKeys (ConfUtils.java:logGet(43)) - raft.server.snapshot.auto.trigger.threshold = 10000 (custom)
2019-08-23 05:49:28,302 [pool-148-thread-1] INFO  server.RaftServerConfigKeys (ConfUtils.java:logGet(43)) - raft.server.retrycache.expirytime = 600000ms (custom)
2019-08-23 05:49:28,302 [pool-148-thread-1] INFO  impl.RaftServerImpl (RaftServerImpl.java:start(180)) - 63fd8c64-0397-4420-bb2f-fd9af094cc1f: start group-75E27B537F15
2019-08-23 05:49:28,302 [pool-148-thread-1] INFO  impl.RaftServerImpl (RaftServerImpl.java:setRole(171)) - 63fd8c64-0397-4420-bb2f-fd9af094cc1f:group-75E27B537F15 changes role from null to FOLLOWER at term 0 for startAsFollower
2019-08-23 05:49:28,302 [pool-148-thread-1] INFO  impl.RoleInfo (RoleInfo.java:updateAndGet(143)) - 63fd8c64-0397-4420-bb2f-fd9af094cc1f: start FollowerState
2019-08-23 05:49:28,303 [pool-148-thread-1] INFO  util.JmxRegister (JmxRegister.java:tryRegister(44)) - Successfully registered JMX Bean with object name Ratis:service=RaftServer,group=group-75E27B537F15,id=63fd8c64-0397-4420-bb2f-fd9af094cc1f
2019-08-23 05:49:28,309 [RatisPipelineUtilsThread] INFO  pipeline.PipelineStateManager (PipelineStateManager.java:addPipeline(56)) - Created pipeline Pipeline[ Id: 5617a368-6153-4806-bf81-75e27b537f15, Nodes: 63fd8c64-0397-4420-bb2f-fd9af094cc1f{ip: 192.168.5.178, host: trunk-nightly-zfkm8-417691344, networkLocation: /default-rack, certSerialId: null}, Type:RATIS, Factor:ONE, State:OPEN]
2019-08-23 05:49:28,331 [grpc-default-executor-2] INFO  impl.RaftServerProxy (RaftServerProxy.java:addNew(89)) - 96a4345b-84e3-4f69-b56b-0cb9f3200145: addNew group-AD9040517D7F:[63fd8c64-0397-4420-bb2f-fd9af094cc1f:192.168.5.178:40555, c6842691-702c-4d39-b47f-d27b1fab8f33:192.168.5.178:46322, 96a4345b-84e3-4f69-b56b-0cb9f3200145:192.168.5.178:40964] returns group-AD9040517D7F:java.util.concurrent.CompletableFuture@3b28836f[Not completed]
2019-08-23 05:49:28,334 [grpc-default-executor-4] INFO  impl.RaftServerProxy (RaftServerProxy.java:addNew(89)) - 63fd8c64-0397-4420-bb2f-fd9af094cc1f: addNew group-AD9040517D7F:[63fd8c64-0397-4420-bb2f-fd9af094cc1f:192.168.5.178:40555, c6842691-702c-4d39-b47f-d27b1fab8f33:192.168.5.178:46322, 96a4345b-84e3-4f69-b56b-0cb9f3200145:192.168.5.178:40964] returns group-AD9040517D7F:java.util.concurrent.CompletableFuture@689dade6[Not completed]
2019-08-23 05:49:28,334 [grpc-default-executor-5] INFO  impl.RaftServerProxy (RaftServerProxy.java:addNew(89)) - c6842691-702c-4d39-b47f-d27b1fab8f33: addNew group-AD9040517D7F:[63fd8c64-0397-4420-bb2f-fd9af094cc1f:192.168.5.178:40555, c6842691-702c-4d39-b47f-d27b1fab8f33:192.168.5.178:46322, 96a4345b-84e3-4f69-b56b-0cb9f3200145:192.168.5.178:40964] returns group-AD9040517D7F:java.util.concurrent.CompletableFuture@5782249[Not completed]
2019-08-23 05:49:28,336 [pool-126-thread-1] INFO  impl.RaftServerImpl (RaftServerImpl.java:<init>(93)) - 96a4345b-84e3-4f69-b56b-0cb9f3200145: new RaftServerImpl for group-AD9040517D7F:[63fd8c64-0397-4420-bb2f-fd9af094cc1f:192.168.5.178:40555, c6842691-702c-4d39-b47f-d27b1fab8f33:192.168.5.178:46322, 96a4345b-84e3-4f69-b56b-0cb9f3200145:192.168.5.178:40964] with ContainerStateMachine:uninitialized
2019-08-23 05:49:28,336 [pool-126-thread-1] INFO  server.RaftServerConfigKeys (ConfUtils.java:logGet(43)) - raft.server.rpc.timeout.min = 5s (custom)
2019-08-23 05:49:28,336 [pool-126-thread-1] INFO  server.RaftServerConfigKeys (ConfUtils.java:logGet(43)) - raft.server.rpc.timeout.max = 5200ms (custom)
2019-08-23 05:49:28,337 [pool-126-thread-1] INFO  server.RaftServerConfigKeys (ConfUtils.java:logGet(43)) - raft.server.rpcslowness.timeout = 120s (custom)
2019-08-23 05:49:28,337 [pool-126-thread-1] INFO  server.RaftServerConfigKeys (ConfUtils.java:logGet(43)) - raft.server.sleep.deviation.threshold = 300 (default)
2019-08-23 05:49:28,337 [pool-148-thread-1] INFO  impl.RaftServerImpl (RaftServerImpl.java:<init>(93)) - 63fd8c64-0397-4420-bb2f-fd9af094cc1f: new RaftServerImpl for group-AD9040517D7F:[63fd8c64-0397-4420-bb2f-fd9af094cc1f:192.168.5.178:40555, c6842691-702c-4d39-b47f-d27b1fab8f33:192.168.5.178:46322, 96a4345b-84e3-4f69-b56b-0cb9f3200145:192.168.5.178:40964] with ContainerStateMachine:uninitialized
2019-08-23 05:49:28,337 [pool-126-thread-1] INFO  server.RaftServerConfigKeys (ConfUtils.java:logGet(43)) - raft.server.log.appender.install.snapshot.enabled = false (custom)
2019-08-23 05:49:28,337 [pool-148-thread-1] INFO  server.RaftServerConfigKeys (ConfUtils.java:logGet(43)) - raft.server.rpc.timeout.min = 5s (custom)
2019-08-23 05:49:28,338 [pool-126-thread-1] INFO  impl.RaftServerImpl (ServerState.java:<init>(105)) - 96a4345b-84e3-4f69-b56b-0cb9f3200145:group-AD9040517D7F ConfigurationManager, init=-1: [63fd8c64-0397-4420-bb2f-fd9af094cc1f:192.168.5.178:40555, c6842691-702c-4d39-b47f-d27b1fab8f33:192.168.5.178:46322, 96a4345b-84e3-4f69-b56b-0cb9f3200145:192.168.5.178:40964], old=null, confs=<EMPTY_MAP>
2019-08-23 05:49:28,338 [pool-148-thread-1] INFO  server.RaftServerConfigKeys (ConfUtils.java:logGet(43)) - raft.server.rpc.timeout.max = 5200ms (custom)
2019-08-23 05:49:28,338 [pool-126-thread-1] INFO  server.RaftServerConfigKeys (ConfUtils.java:logGet(43)) - raft.server.storage.dir = [/workdir/hadoop-ozone/integration-test/target/test-dir/MiniOzoneClusterImpl-4e018812-8580-4f5b-9c00-decd40181699/datanode-0/data/ratis] (custom)
2019-08-23 05:49:28,338 [pool-148-thread-1] INFO  server.RaftServerConfigKeys (ConfUtils.java:logGet(43)) - raft.server.rpcslowness.timeout = 120s (custom)
2019-08-23 05:49:28,338 [pool-137-thread-1] INFO  impl.RaftServerImpl (RaftServerImpl.java:<init>(93)) - c6842691-702c-4d39-b47f-d27b1fab8f33: new RaftServerImpl for group-AD9040517D7F:[63fd8c64-0397-4420-bb2f-fd9af094cc1f:192.168.5.178:40555, c6842691-702c-4d39-b47f-d27b1fab8f33:192.168.5.178:46322, 96a4345b-84e3-4f69-b56b-0cb9f3200145:192.168.5.178:40964] with ContainerStateMachine:uninitialized
2019-08-23 05:49:28,339 [pool-126-thread-1] INFO  storage.RaftStorageDirectory (RaftStorageDirectory.java:analyzeStorage(246)) - The storage directory /workdir/hadoop-ozone/integration-test/target/test-dir/MiniOzoneClusterImpl-4e018812-8580-4f5b-9c00-decd40181699/datanode-0/data/ratis/988b6394-1126-4bd5-847e-ad9040517d7f does not exist. Creating ...
2019-08-23 05:49:28,338 [pool-148-thread-1] INFO  server.RaftServerConfigKeys (ConfUtils.java:logGet(43)) - raft.server.sleep.deviation.threshold = 300 (default)
2019-08-23 05:49:28,339 [pool-137-thread-1] INFO  server.RaftServerConfigKeys (ConfUtils.java:logGet(43)) - raft.server.rpc.timeout.min = 5s (custom)
2019-08-23 05:49:28,339 [pool-148-thread-1] INFO  server.RaftServerConfigKeys (ConfUtils.java:logGet(43)) - raft.server.log.appender.install.snapshot.enabled = false (custom)
2019-08-23 05:49:28,339 [pool-137-thread-1] INFO  server.RaftServerConfigKeys (ConfUtils.java:logGet(43)) - raft.server.rpc.timeout.max = 5200ms (custom)
2019-08-23 05:49:28,339 [pool-148-thread-1] INFO  impl.RaftServerImpl (ServerState.java:<init>(105)) - 63fd8c64-0397-4420-bb2f-fd9af094cc1f:group-AD9040517D7F ConfigurationManager, init=-1: [63fd8c64-0397-4420-bb2f-fd9af094cc1f:192.168.5.178:40555, c6842691-702c-4d39-b47f-d27b1fab8f33:192.168.5.178:46322, 96a4345b-84e3-4f69-b56b-0cb9f3200145:192.168.5.178:40964], old=null, confs=<EMPTY_MAP>
2019-08-23 05:49:28,340 [pool-137-thread-1] INFO  server.RaftServerConfigKeys (ConfUtils.java:logGet(43)) - raft.server.rpcslowness.timeout = 120s (custom)
2019-08-23 05:49:28,340 [pool-148-thread-1] INFO  server.RaftServerConfigKeys (ConfUtils.java:logGet(43)) - raft.server.storage.dir = [/workdir/hadoop-ozone/integration-test/target/test-dir/MiniOzoneClusterImpl-4e018812-8580-4f5b-9c00-decd40181699/datanode-2/data/ratis] (custom)
2019-08-23 05:49:28,340 [pool-137-thread-1] INFO  server.RaftServerConfigKeys (ConfUtils.java:logGet(43)) - raft.server.sleep.deviation.threshold = 300 (default)
2019-08-23 05:49:28,340 [pool-137-thread-1] INFO  server.RaftServerConfigKeys (ConfUtils.java:logGet(43)) - raft.server.log.appender.install.snapshot.enabled = false (custom)
2019-08-23 05:49:28,340 [pool-148-thread-1] INFO  storage.RaftStorageDirectory (RaftStorageDirectory.java:analyzeStorage(246)) - The storage directory /workdir/hadoop-ozone/integration-test/target/test-dir/MiniOzoneClusterImpl-4e018812-8580-4f5b-9c00-decd40181699/datanode-2/data/ratis/988b6394-1126-4bd5-847e-ad9040517d7f does not exist. Creating ...
2019-08-23 05:49:28,340 [pool-137-thread-1] INFO  impl.RaftServerImpl (ServerState.java:<init>(105)) - c6842691-702c-4d39-b47f-d27b1fab8f33:group-AD9040517D7F ConfigurationManager, init=-1: [63fd8c64-0397-4420-bb2f-fd9af094cc1f:192.168.5.178:40555, c6842691-702c-4d39-b47f-d27b1fab8f33:192.168.5.178:46322, 96a4345b-84e3-4f69-b56b-0cb9f3200145:192.168.5.178:40964], old=null, confs=<EMPTY_MAP>
2019-08-23 05:49:28,341 [pool-137-thread-1] INFO  server.RaftServerConfigKeys (ConfUtils.java:logGet(43)) - raft.server.storage.dir = [/workdir/hadoop-ozone/integration-test/target/test-dir/MiniOzoneClusterImpl-4e018812-8580-4f5b-9c00-decd40181699/datanode-1/data/ratis] (custom)
2019-08-23 05:49:28,341 [pool-137-thread-1] INFO  storage.RaftStorageDirectory (RaftStorageDirectory.java:analyzeStorage(246)) - The storage directory /workdir/hadoop-ozone/integration-test/target/test-dir/MiniOzoneClusterImpl-4e018812-8580-4f5b-9c00-decd40181699/datanode-1/data/ratis/988b6394-1126-4bd5-847e-ad9040517d7f does not exist. Creating ...
2019-08-23 05:49:28,352 [pool-137-thread-1] INFO  storage.RaftStorageDirectory (RaftStorageDirectory.java:tryLock(328)) - Lock on /workdir/hadoop-ozone/integration-test/target/test-dir/MiniOzoneClusterImpl-4e018812-8580-4f5b-9c00-decd40181699/datanode-1/data/ratis/988b6394-1126-4bd5-847e-ad9040517d7f/in_use.lock acquired by nodename 19557@trunk-nightly-zfkm8-417691344
2019-08-23 05:49:28,352 [pool-148-thread-1] INFO  storage.RaftStorageDirectory (RaftStorageDirectory.java:tryLock(328)) - Lock on /workdir/hadoop-ozone/integration-test/target/test-dir/MiniOzoneClusterImpl-4e018812-8580-4f5b-9c00-decd40181699/datanode-2/data/ratis/988b6394-1126-4bd5-847e-ad9040517d7f/in_use.lock acquired by nodename 19557@trunk-nightly-zfkm8-417691344
2019-08-23 05:49:28,352 [pool-126-thread-1] INFO  storage.RaftStorageDirectory (RaftStorageDirectory.java:tryLock(328)) - Lock on /workdir/hadoop-ozone/integration-test/target/test-dir/MiniOzoneClusterImpl-4e018812-8580-4f5b-9c00-decd40181699/datanode-0/data/ratis/988b6394-1126-4bd5-847e-ad9040517d7f/in_use.lock acquired by nodename 19557@trunk-nightly-zfkm8-417691344
2019-08-23 05:49:28,366 [pool-148-thread-1] INFO  storage.RaftStorage (RaftStorage.java:format(72)) - Storage directory /workdir/hadoop-ozone/integration-test/target/test-dir/MiniOzoneClusterImpl-4e018812-8580-4f5b-9c00-decd40181699/datanode-2/data/ratis/988b6394-1126-4bd5-847e-ad9040517d7f has been successfully formatted.
2019-08-23 05:49:28,366 [pool-126-thread-1] INFO  storage.RaftStorage (RaftStorage.java:format(72)) - Storage directory /workdir/hadoop-ozone/integration-test/target/test-dir/MiniOzoneClusterImpl-4e018812-8580-4f5b-9c00-decd40181699/datanode-0/data/ratis/988b6394-1126-4bd5-847e-ad9040517d7f has been successfully formatted.
2019-08-23 05:49:28,366 [pool-137-thread-1] INFO  storage.RaftStorage (RaftStorage.java:format(72)) - Storage directory /workdir/hadoop-ozone/integration-test/target/test-dir/MiniOzoneClusterImpl-4e018812-8580-4f5b-9c00-decd40181699/datanode-1/data/ratis/988b6394-1126-4bd5-847e-ad9040517d7f has been successfully formatted.
2019-08-23 05:49:28,367 [pool-126-thread-1] INFO  ratis.ContainerStateMachine (ContainerStateMachine.java:loadSnapshot(226)) - group-AD9040517D7F: The snapshot info is null. Setting the last applied indexto:(t:0, i:~)
2019-08-23 05:49:28,367 [pool-137-thread-1] INFO  ratis.ContainerStateMachine (ContainerStateMachine.java:loadSnapshot(226)) - group-AD9040517D7F: The snapshot info is null. Setting the last applied indexto:(t:0, i:~)
2019-08-23 05:49:28,367 [pool-148-thread-1] INFO  ratis.ContainerStateMachine (ContainerStateMachine.java:loadSnapshot(226)) - group-AD9040517D7F: The snapshot info is null. Setting the last applied indexto:(t:0, i:~)
2019-08-23 05:49:28,367 [pool-137-thread-1] INFO  server.RaftServerConfigKeys (ConfUtils.java:logGet(43)) - raft.server.leader.election.timeout = 120s (custom)
2019-08-23 05:49:28,367 [pool-126-thread-1] INFO  server.RaftServerConfigKeys (ConfUtils.java:logGet(43)) - raft.server.leader.election.timeout = 120s (custom)
2019-08-23 05:49:28,368 [pool-137-thread-1] INFO  server.RaftServerConfigKeys (ConfUtils.java:logGet(43)) - raft.server.log.use.memory = false (default)
2019-08-23 05:49:28,368 [pool-148-thread-1] INFO  server.RaftServerConfigKeys (ConfUtils.java:logGet(43)) - raft.server.leader.election.timeout = 120s (custom)
2019-08-23 05:49:28,368 [pool-137-thread-1] INFO  server.RaftServerConfigKeys (ConfUtils.java:logGet(43)) - raft.server.log.purge.gap = 1000000 (custom)
2019-08-23 05:49:28,368 [pool-126-thread-1] INFO  server.RaftServerConfigKeys (ConfUtils.java:logGet(43)) - raft.server.log.use.memory = false (default)
2019-08-23 05:49:28,368 [pool-137-thread-1] INFO  server.RaftServerConfigKeys (ConfUtils.java:logGet(43)) - raft.server.log.appender.buffer.byte-limit = 33554432 (custom)
2019-08-23 05:49:28,368 [pool-148-thread-1] INFO  server.RaftServerConfigKeys (ConfUtils.java:logGet(43)) - raft.server.log.use.memory = false (default)
2019-08-23 05:49:28,369 [pool-137-thread-1] INFO  server.RaftServerConfigKeys (ConfUtils.java:logGet(43)) - raft.server.log.segment.size.max = 1048576 (custom)
2019-08-23 05:49:28,369 [pool-126-thread-1] INFO  server.RaftServerConfigKeys (ConfUtils.java:logGet(43)) - raft.server.log.purge.gap = 1000000 (custom)
2019-08-23 05:49:28,369 [pool-137-thread-1] INFO  server.RaftServerConfigKeys (ConfUtils.java:logGet(43)) - raft.server.log.segment.cache.num.max = 2 (custom)
2019-08-23 05:49:28,369 [pool-148-thread-1] INFO  server.RaftServerConfigKeys (ConfUtils.java:logGet(43)) - raft.server.log.purge.gap = 1000000 (custom)
2019-08-23 05:49:28,369 [pool-137-thread-1] INFO  segmented.SegmentedRaftLogWorker (SegmentedRaftLogWorker.java:<init>(172)) - new c6842691-702c-4d39-b47f-d27b1fab8f33-SegmentedRaftLogWorker:Storage Directory /workdir/hadoop-ozone/integration-test/target/test-dir/MiniOzoneClusterImpl-4e018812-8580-4f5b-9c00-decd40181699/datanode-1/data/ratis/988b6394-1126-4bd5-847e-ad9040517d7f for RaftStorage:Storage Directory /workdir/hadoop-ozone/integration-test/target/test-dir/MiniOzoneClusterImpl-4e018812-8580-4f5b-9c00-decd40181699/datanode-1/data/ratis/988b6394-1126-4bd5-847e-ad9040517d7f
2019-08-23 05:49:28,369 [pool-126-thread-1] INFO  server.RaftServerConfigKeys (ConfUtils.java:logGet(43)) - raft.server.log.appender.buffer.byte-limit = 33554432 (custom)
2019-08-23 05:49:28,370 [pool-137-thread-1] INFO  server.RaftServerConfigKeys (ConfUtils.java:logGet(43)) - raft.server.log.queue.byte-limit = 2147483647 (custom)
2019-08-23 05:49:28,370 [pool-148-thread-1] INFO  server.RaftServerConfigKeys (ConfUtils.java:logGet(43)) - raft.server.log.appender.buffer.byte-limit = 33554432 (custom)
2019-08-23 05:49:28,370 [pool-137-thread-1] INFO  server.RaftServerConfigKeys (ConfUtils.java:logGet(43)) - raft.server.log.queue.element-limit = 1024 (custom)
2019-08-23 05:49:28,370 [pool-126-thread-1] INFO  server.RaftServerConfigKeys (ConfUtils.java:logGet(43)) - raft.server.log.segment.size.max = 1048576 (custom)
2019-08-23 05:49:28,371 [pool-137-thread-1] INFO  server.RaftServerConfigKeys (ConfUtils.java:logGet(43)) - raft.server.log.segment.size.max = 1048576 (custom)
2019-08-23 05:49:28,370 [pool-148-thread-1] INFO  server.RaftServerConfigKeys (ConfUtils.java:logGet(43)) - raft.server.log.segment.size.max = 1048576 (custom)
2019-08-23 05:49:28,371 [pool-137-thread-1] INFO  server.RaftServerConfigKeys (ConfUtils.java:logGet(43)) - raft.server.log.preallocated.size = 16384 (custom)
2019-08-23 05:49:28,371 [pool-126-thread-1] INFO  server.RaftServerConfigKeys (ConfUtils.java:logGet(43)) - raft.server.log.segment.cache.num.max = 2 (custom)
2019-08-23 05:49:28,371 [pool-137-thread-1] INFO  server.RaftServerConfigKeys (ConfUtils.java:logGet(43)) - raft.server.log.write.buffer.size = 33554432 (custom)
2019-08-23 05:49:28,371 [pool-148-thread-1] INFO  server.RaftServerConfigKeys (ConfUtils.java:logGet(43)) - raft.server.log.segment.cache.num.max = 2 (custom)
2019-08-23 05:49:28,372 [pool-137-thread-1] INFO  server.RaftServerConfigKeys (ConfUtils.java:logGet(43)) - raft.server.log.force.sync.num = 128 (default)
2019-08-23 05:49:28,372 [pool-137-thread-1] INFO  server.RaftServerConfigKeys (ConfUtils.java:logGet(43)) - raft.server.log.statemachine.data.sync = true (default)
2019-08-23 05:49:28,371 [pool-126-thread-1] INFO  segmented.SegmentedRaftLogWorker (SegmentedRaftLogWorker.java:<init>(172)) - new 96a4345b-84e3-4f69-b56b-0cb9f3200145-SegmentedRaftLogWorker:Storage Directory /workdir/hadoop-ozone/integration-test/target/test-dir/MiniOzoneClusterImpl-4e018812-8580-4f5b-9c00-decd40181699/datanode-0/data/ratis/988b6394-1126-4bd5-847e-ad9040517d7f for RaftStorage:Storage Directory /workdir/hadoop-ozone/integration-test/target/test-dir/MiniOzoneClusterImpl-4e018812-8580-4f5b-9c00-decd40181699/datanode-0/data/ratis/988b6394-1126-4bd5-847e-ad9040517d7f
2019-08-23 05:49:28,372 [pool-137-thread-1] INFO  server.RaftServerConfigKeys (ConfUtils.java:logGet(43)) - raft.server.log.statemachine.data.sync.timeout = 10s (default)
2019-08-23 05:49:28,372 [pool-148-thread-1] INFO  segmented.SegmentedRaftLogWorker (SegmentedRaftLogWorker.java:<init>(172)) - new 63fd8c64-0397-4420-bb2f-fd9af094cc1f-SegmentedRaftLogWorker:Storage Directory /workdir/hadoop-ozone/integration-test/target/test-dir/MiniOzoneClusterImpl-4e018812-8580-4f5b-9c00-decd40181699/datanode-2/data/ratis/988b6394-1126-4bd5-847e-ad9040517d7f for RaftStorage:Storage Directory /workdir/hadoop-ozone/integration-test/target/test-dir/MiniOzoneClusterImpl-4e018812-8580-4f5b-9c00-decd40181699/datanode-2/data/ratis/988b6394-1126-4bd5-847e-ad9040517d7f
2019-08-23 05:49:28,373 [pool-137-thread-1] INFO  server.RaftServerConfigKeys (ConfUtils.java:logGet(43)) - raft.server.log.statemachine.data.sync.timeout.retry = -1 (default)
2019-08-23 05:49:28,372 [pool-126-thread-1] INFO  server.RaftServerConfigKeys (ConfUtils.java:logGet(43)) - raft.server.log.queue.byte-limit = 2147483647 (custom)
2019-08-23 05:49:28,373 [pool-137-thread-1] INFO  server.RaftServerConfigKeys (ConfUtils.java:logGet(43)) - raft.server.log.statemachine.data.caching.enabled = true (custom)
2019-08-23 05:49:28,373 [pool-148-thread-1] INFO  server.RaftServerConfigKeys (ConfUtils.java:logGet(43)) - raft.server.log.queue.byte-limit = 2147483647 (custom)
2019-08-23 05:49:28,373 [pool-126-thread-1] INFO  server.RaftServerConfigKeys (ConfUtils.java:logGet(43)) - raft.server.log.queue.element-limit = 1024 (custom)
2019-08-23 05:49:28,374 [pool-137-thread-1] INFO  segmented.SegmentedRaftLogWorker (SegmentedRaftLogWorker.java:lambda$new$0(132)) - c6842691-702c-4d39-b47f-d27b1fab8f33-SegmentedRaftLogWorker:Storage Directory /workdir/hadoop-ozone/integration-test/target/test-dir/MiniOzoneClusterImpl-4e018812-8580-4f5b-9c00-decd40181699/datanode-1/data/ratis/988b6394-1126-4bd5-847e-ad9040517d7f: flushIndex: setUnconditionally 0 -> -1
2019-08-23 05:49:28,373 [pool-148-thread-1] INFO  server.RaftServerConfigKeys (ConfUtils.java:logGet(43)) - raft.server.log.queue.element-limit = 1024 (custom)
2019-08-23 05:49:28,374 [pool-126-thread-1] INFO  server.RaftServerConfigKeys (ConfUtils.java:logGet(43)) - raft.server.log.segment.size.max = 1048576 (custom)
2019-08-23 05:49:28,374 [pool-148-thread-1] INFO  server.RaftServerConfigKeys (ConfUtils.java:logGet(43)) - raft.server.log.segment.size.max = 1048576 (custom)
2019-08-23 05:49:28,374 [pool-137-thread-1] INFO  server.RaftServerConfigKeys (ConfUtils.java:logGet(43)) - raft.server.snapshot.auto.trigger.enabled = true (custom)
2019-08-23 05:49:28,374 [pool-148-thread-1] INFO  server.RaftServerConfigKeys (ConfUtils.java:logGet(43)) - raft.server.log.preallocated.size = 16384 (custom)
2019-08-23 05:49:28,374 [pool-126-thread-1] INFO  server.RaftServerConfigKeys (ConfUtils.java:logGet(43)) - raft.server.log.preallocated.size = 16384 (custom)
2019-08-23 05:49:28,375 [pool-148-thread-1] INFO  server.RaftServerConfigKeys (ConfUtils.java:logGet(43)) - raft.server.log.write.buffer.size = 33554432 (custom)
2019-08-23 05:49:28,375 [pool-137-thread-1] INFO  server.RaftServerConfigKeys (ConfUtils.java:logGet(43)) - raft.server.snapshot.auto.trigger.threshold = 10000 (custom)
2019-08-23 05:49:28,375 [pool-148-thread-1] INFO  server.RaftServerConfigKeys (ConfUtils.java:logGet(43)) - raft.server.log.force.sync.num = 128 (default)
2019-08-23 05:49:28,375 [pool-126-thread-1] INFO  server.RaftServerConfigKeys (ConfUtils.java:logGet(43)) - raft.server.log.write.buffer.size = 33554432 (custom)
2019-08-23 05:49:28,375 [pool-148-thread-1] INFO  server.RaftServerConfigKeys (ConfUtils.java:logGet(43)) - raft.server.log.statemachine.data.sync = true (default)
2019-08-23 05:49:28,375 [pool-137-thread-1] INFO  server.RaftServerConfigKeys (ConfUtils.java:logGet(43)) - raft.server.retrycache.expirytime = 600000ms (custom)
2019-08-23 05:49:28,376 [pool-148-thread-1] INFO  server.RaftServerConfigKeys (ConfUtils.java:logGet(43)) - raft.server.log.statemachine.data.sync.timeout = 10s (default)
2019-08-23 05:49:28,376 [pool-126-thread-1] INFO  server.RaftServerConfigKeys (ConfUtils.java:logGet(43)) - raft.server.log.force.sync.num = 128 (default)
2019-08-23 05:49:28,376 [pool-148-thread-1] INFO  server.RaftServerConfigKeys (ConfUtils.java:logGet(43)) - raft.server.log.statemachine.data.sync.timeout.retry = -1 (default)
2019-08-23 05:49:28,376 [pool-137-thread-1] INFO  impl.RaftServerImpl (RaftServerImpl.java:start(180)) - c6842691-702c-4d39-b47f-d27b1fab8f33: start group-AD9040517D7F
2019-08-23 05:49:28,377 [pool-148-thread-1] INFO  server.RaftServerConfigKeys (ConfUtils.java:logGet(43)) - raft.server.log.statemachine.data.caching.enabled = true (custom)
2019-08-23 05:49:28,376 [pool-126-thread-1] INFO  server.RaftServerConfigKeys (ConfUtils.java:logGet(43)) - raft.server.log.statemachine.data.sync = true (default)
2019-08-23 05:49:28,377 [pool-137-thread-1] INFO  impl.RaftServerImpl (RaftServerImpl.java:setRole(171)) - c6842691-702c-4d39-b47f-d27b1fab8f33:group-AD9040517D7F changes role from null to FOLLOWER at term 0 for startAsFollower
2019-08-23 05:49:28,377 [pool-126-thread-1] INFO  server.RaftServerConfigKeys (ConfUtils.java:logGet(43)) - raft.server.log.statemachine.data.sync.timeout = 10s (default)
2019-08-23 05:49:28,377 [pool-148-thread-1] INFO  segmented.SegmentedRaftLogWorker (SegmentedRaftLogWorker.java:lambda$new$0(132)) - 63fd8c64-0397-4420-bb2f-fd9af094cc1f-SegmentedRaftLogWorker:Storage Directory /workdir/hadoop-ozone/integration-test/target/test-dir/MiniOzoneClusterImpl-4e018812-8580-4f5b-9c00-decd40181699/datanode-2/data/ratis/988b6394-1126-4bd5-847e-ad9040517d7f: flushIndex: setUnconditionally 0 -> -1
2019-08-23 05:49:28,377 [pool-126-thread-1] INFO  server.RaftServerConfigKeys (ConfUtils.java:logGet(43)) - raft.server.log.statemachine.data.sync.timeout.retry = -1 (default)
2019-08-23 05:49:28,377 [pool-137-thread-1] INFO  impl.RoleInfo (RoleInfo.java:updateAndGet(143)) - c6842691-702c-4d39-b47f-d27b1fab8f33: start FollowerState
2019-08-23 05:49:28,378 [pool-148-thread-1] INFO  server.RaftServerConfigKeys (ConfUtils.java:logGet(43)) - raft.server.snapshot.auto.trigger.enabled = true (custom)
2019-08-23 05:49:28,378 [pool-126-thread-1] INFO  server.RaftServerConfigKeys (ConfUtils.java:logGet(43)) - raft.server.log.statemachine.data.caching.enabled = true (custom)
2019-08-23 05:49:28,378 [pool-148-thread-1] INFO  server.RaftServerConfigKeys (ConfUtils.java:logGet(43)) - raft.server.snapshot.auto.trigger.threshold = 10000 (custom)
2019-08-23 05:49:28,389 [pool-137-thread-1] INFO  util.JmxRegister (JmxRegister.java:tryRegister(44)) - Successfully registered JMX Bean with object name Ratis:service=RaftServer,group=group-AD9040517D7F,id=c6842691-702c-4d39-b47f-d27b1fab8f33
2019-08-23 05:49:28,389 [pool-126-thread-1] INFO  segmented.SegmentedRaftLogWorker (SegmentedRaftLogWorker.java:lambda$new$0(132)) - 96a4345b-84e3-4f69-b56b-0cb9f3200145-SegmentedRaftLogWorker:Storage Directory /workdir/hadoop-ozone/integration-test/target/test-dir/MiniOzoneClusterImpl-4e018812-8580-4f5b-9c00-decd40181699/datanode-0/data/ratis/988b6394-1126-4bd5-847e-ad9040517d7f: flushIndex: setUnconditionally 0 -> -1
2019-08-23 05:49:28,389 [pool-148-thread-1] INFO  server.RaftServerConfigKeys (ConfUtils.java:logGet(43)) - raft.server.retrycache.expirytime = 600000ms (custom)
2019-08-23 05:49:28,389 [pool-148-thread-1] INFO  impl.RaftServerImpl (RaftServerImpl.java:start(180)) - 63fd8c64-0397-4420-bb2f-fd9af094cc1f: start group-AD9040517D7F
2019-08-23 05:49:28,390 [pool-148-thread-1] INFO  impl.RaftServerImpl (RaftServerImpl.java:setRole(171)) - 63fd8c64-0397-4420-bb2f-fd9af094cc1f:group-AD9040517D7F changes role from null to FOLLOWER at term 0 for startAsFollower
2019-08-23 05:49:28,390 [pool-126-thread-1] INFO  server.RaftServerConfigKeys (ConfUtils.java:logGet(43)) - raft.server.snapshot.auto.trigger.enabled = true (custom)
2019-08-23 05:49:28,398 [pool-148-thread-1] INFO  impl.RoleInfo (RoleInfo.java:updateAndGet(143)) - 63fd8c64-0397-4420-bb2f-fd9af094cc1f: start FollowerState
2019-08-23 05:49:28,398 [pool-126-thread-1] INFO  server.RaftServerConfigKeys (ConfUtils.java:logGet(43)) - raft.server.snapshot.auto.trigger.threshold = 10000 (custom)
2019-08-23 05:49:28,398 [pool-126-thread-1] INFO  server.RaftServerConfigKeys (ConfUtils.java:logGet(43)) - raft.server.retrycache.expirytime = 600000ms (custom)
2019-08-23 05:49:28,399 [pool-148-thread-1] INFO  util.JmxRegister (JmxRegister.java:tryRegister(44)) - Successfully registered JMX Bean with object name Ratis:service=RaftServer,group=group-AD9040517D7F,id=63fd8c64-0397-4420-bb2f-fd9af094cc1f
2019-08-23 05:49:28,399 [pool-126-thread-1] INFO  impl.RaftServerImpl (RaftServerImpl.java:start(180)) - 96a4345b-84e3-4f69-b56b-0cb9f3200145: start group-AD9040517D7F
2019-08-23 05:49:28,399 [pool-126-thread-1] INFO  impl.RaftServerImpl (RaftServerImpl.java:setRole(171)) - 96a4345b-84e3-4f69-b56b-0cb9f3200145:group-AD9040517D7F changes role from null to FOLLOWER at term 0 for startAsFollower
2019-08-23 05:49:28,402 [pool-126-thread-1] INFO  impl.RoleInfo (RoleInfo.java:updateAndGet(143)) - 96a4345b-84e3-4f69-b56b-0cb9f3200145: start FollowerState
2019-08-23 05:49:28,402 [pool-126-thread-1] INFO  util.JmxRegister (JmxRegister.java:tryRegister(44)) - Successfully registered JMX Bean with object name Ratis:service=RaftServer,group=group-AD9040517D7F,id=96a4345b-84e3-4f69-b56b-0cb9f3200145
2019-08-23 05:49:28,411 [RatisPipelineUtilsThread] INFO  pipeline.PipelineStateManager (PipelineStateManager.java:addPipeline(56)) - Created pipeline Pipeline[ Id: 988b6394-1126-4bd5-847e-ad9040517d7f, Nodes: 63fd8c64-0397-4420-bb2f-fd9af094cc1f{ip: 192.168.5.178, host: trunk-nightly-zfkm8-417691344, networkLocation: /default-rack, certSerialId: null}96a4345b-84e3-4f69-b56b-0cb9f3200145{ip: 192.168.5.178, host: trunk-nightly-zfkm8-417691344, networkLocation: /default-rack, certSerialId: null}c6842691-702c-4d39-b47f-d27b1fab8f33{ip: 192.168.5.178, host: trunk-nightly-zfkm8-417691344, networkLocation: /default-rack, certSerialId: null}, Type:RATIS, Factor:THREE, State:OPEN]
2019-08-23 05:49:28,449 [IPC Server handler 3 on 40150] INFO  net.NetworkTopology (NetworkTopologyImpl.java:add(110)) - Added a new node: /default-rack/d4f36997-48a6-49b8-995b-3c38d9ac3c0f
2019-08-23 05:49:28,450 [IPC Server handler 3 on 40150] INFO  node.SCMNodeManager (SCMNodeManager.java:register(273)) - Registered Data node : d4f36997-48a6-49b8-995b-3c38d9ac3c0f{ip: 192.168.5.178, host: trunk-nightly-zfkm8-417691344, networkLocation: /default-rack, certSerialId: null}
2019-08-23 05:49:28,453 | INFO  | SCMAudit | user=jenkins1000 | ip=192.168.5.178 | op=REGISTER {datanodeDetails=d4f36997-48a6-49b8-995b-3c38d9ac3c0f{ip: 192.168.5.178, host: trunk-nightly-zfkm8-417691344, networkLocation: /default-rack, certSerialId: null}} | ret=SUCCESS |  
2019-08-23 05:49:28,471 [grpc-default-executor-4] INFO  impl.RaftServerProxy (RaftServerProxy.java:addNew(89)) - d4f36997-48a6-49b8-995b-3c38d9ac3c0f: addNew group-817535006909:[d4f36997-48a6-49b8-995b-3c38d9ac3c0f:192.168.5.178:40775] returns group-817535006909:java.util.concurrent.CompletableFuture@688d42c4[Not completed]
2019-08-23 05:49:28,477 [pool-159-thread-1] INFO  impl.RaftServerImpl (RaftServerImpl.java:<init>(93)) - d4f36997-48a6-49b8-995b-3c38d9ac3c0f: new RaftServerImpl for group-817535006909:[d4f36997-48a6-49b8-995b-3c38d9ac3c0f:192.168.5.178:40775] with ContainerStateMachine:uninitialized
2019-08-23 05:49:28,478 [pool-159-thread-1] INFO  server.RaftServerConfigKeys (ConfUtils.java:logGet(43)) - raft.server.rpc.timeout.min = 5s (custom)
2019-08-23 05:49:28,478 [pool-159-thread-1] INFO  server.RaftServerConfigKeys (ConfUtils.java:logGet(43)) - raft.server.rpc.timeout.max = 5200ms (custom)
2019-08-23 05:49:28,478 [pool-159-thread-1] INFO  server.RaftServerConfigKeys (ConfUtils.java:logGet(43)) - raft.server.rpcslowness.timeout = 120s (custom)
2019-08-23 05:49:28,478 [pool-159-thread-1] INFO  server.RaftServerConfigKeys (ConfUtils.java:logGet(43)) - raft.server.sleep.deviation.threshold = 300 (default)
2019-08-23 05:49:28,478 [pool-159-thread-1] INFO  server.RaftServerConfigKeys (ConfUtils.java:logGet(43)) - raft.server.log.appender.install.snapshot.enabled = false (custom)
2019-08-23 05:49:28,478 [pool-159-thread-1] INFO  impl.RaftServerImpl (ServerState.java:<init>(105)) - d4f36997-48a6-49b8-995b-3c38d9ac3c0f:group-817535006909 ConfigurationManager, init=-1: [d4f36997-48a6-49b8-995b-3c38d9ac3c0f:192.168.5.178:40775], old=null, confs=<EMPTY_MAP>
2019-08-23 05:49:28,479 [pool-159-thread-1] INFO  server.RaftServerConfigKeys (ConfUtils.java:logGet(43)) - raft.server.storage.dir = [/workdir/hadoop-ozone/integration-test/target/test-dir/MiniOzoneClusterImpl-4e018812-8580-4f5b-9c00-decd40181699/datanode-3/data/ratis] (custom)
2019-08-23 05:49:28,479 [pool-159-thread-1] INFO  storage.RaftStorageDirectory (RaftStorageDirectory.java:analyzeStorage(246)) - The storage directory /workdir/hadoop-ozone/integration-test/target/test-dir/MiniOzoneClusterImpl-4e018812-8580-4f5b-9c00-decd40181699/datanode-3/data/ratis/6e412c88-72fa-414a-978d-817535006909 does not exist. Creating ...
2019-08-23 05:49:28,492 [pool-159-thread-1] INFO  storage.RaftStorageDirectory (RaftStorageDirectory.java:tryLock(328)) - Lock on /workdir/hadoop-ozone/integration-test/target/test-dir/MiniOzoneClusterImpl-4e018812-8580-4f5b-9c00-decd40181699/datanode-3/data/ratis/6e412c88-72fa-414a-978d-817535006909/in_use.lock acquired by nodename 19557@trunk-nightly-zfkm8-417691344
2019-08-23 05:49:28,505 [pool-159-thread-1] INFO  storage.RaftStorage (RaftStorage.java:format(72)) - Storage directory /workdir/hadoop-ozone/integration-test/target/test-dir/MiniOzoneClusterImpl-4e018812-8580-4f5b-9c00-decd40181699/datanode-3/data/ratis/6e412c88-72fa-414a-978d-817535006909 has been successfully formatted.
2019-08-23 05:49:28,506 [pool-159-thread-1] INFO  ratis.ContainerStateMachine (ContainerStateMachine.java:loadSnapshot(226)) - group-817535006909: The snapshot info is null. Setting the last applied indexto:(t:0, i:~)
2019-08-23 05:49:28,506 [pool-159-thread-1] INFO  server.RaftServerConfigKeys (ConfUtils.java:logGet(43)) - raft.server.leader.election.timeout = 120s (custom)
2019-08-23 05:49:28,506 [pool-159-thread-1] INFO  server.RaftServerConfigKeys (ConfUtils.java:logGet(43)) - raft.server.log.use.memory = false (default)
2019-08-23 05:49:28,506 [pool-159-thread-1] INFO  server.RaftServerConfigKeys (ConfUtils.java:logGet(43)) - raft.server.log.purge.gap = 1000000 (custom)
2019-08-23 05:49:28,506 [pool-159-thread-1] INFO  server.RaftServerConfigKeys (ConfUtils.java:logGet(43)) - raft.server.log.appender.buffer.byte-limit = 33554432 (custom)
2019-08-23 05:49:28,507 [pool-159-thread-1] INFO  server.RaftServerConfigKeys (ConfUtils.java:logGet(43)) - raft.server.log.segment.size.max = 1048576 (custom)
2019-08-23 05:49:28,507 [pool-159-thread-1] INFO  server.RaftServerConfigKeys (ConfUtils.java:logGet(43)) - raft.server.log.segment.cache.num.max = 2 (custom)
2019-08-23 05:49:28,507 [pool-159-thread-1] INFO  segmented.SegmentedRaftLogWorker (SegmentedRaftLogWorker.java:<init>(172)) - new d4f36997-48a6-49b8-995b-3c38d9ac3c0f-SegmentedRaftLogWorker:Storage Directory /workdir/hadoop-ozone/integration-test/target/test-dir/MiniOzoneClusterImpl-4e018812-8580-4f5b-9c00-decd40181699/datanode-3/data/ratis/6e412c88-72fa-414a-978d-817535006909 for RaftStorage:Storage Directory /workdir/hadoop-ozone/integration-test/target/test-dir/MiniOzoneClusterImpl-4e018812-8580-4f5b-9c00-decd40181699/datanode-3/data/ratis/6e412c88-72fa-414a-978d-817535006909
2019-08-23 05:49:28,507 [pool-159-thread-1] INFO  server.RaftServerConfigKeys (ConfUtils.java:logGet(43)) - raft.server.log.queue.byte-limit = 2147483647 (custom)
2019-08-23 05:49:28,507 [pool-159-thread-1] INFO  server.RaftServerConfigKeys (ConfUtils.java:logGet(43)) - raft.server.log.queue.element-limit = 1024 (custom)
2019-08-23 05:49:28,508 [pool-159-thread-1] INFO  server.RaftServerConfigKeys (ConfUtils.java:logGet(43)) - raft.server.log.segment.size.max = 1048576 (custom)
2019-08-23 05:49:28,508 [pool-159-thread-1] INFO  server.RaftServerConfigKeys (ConfUtils.java:logGet(43)) - raft.server.log.preallocated.size = 16384 (custom)
2019-08-23 05:49:28,508 [pool-159-thread-1] INFO  server.RaftServerConfigKeys (ConfUtils.java:logGet(43)) - raft.server.log.write.buffer.size = 33554432 (custom)
2019-08-23 05:49:28,508 [pool-159-thread-1] INFO  server.RaftServerConfigKeys (ConfUtils.java:logGet(43)) - raft.server.log.force.sync.num = 128 (default)
2019-08-23 05:49:28,509 [pool-159-thread-1] INFO  server.RaftServerConfigKeys (ConfUtils.java:logGet(43)) - raft.server.log.statemachine.data.sync = true (default)
2019-08-23 05:49:28,509 [pool-159-thread-1] INFO  server.RaftServerConfigKeys (ConfUtils.java:logGet(43)) - raft.server.log.statemachine.data.sync.timeout = 10s (default)
2019-08-23 05:49:28,509 [pool-159-thread-1] INFO  server.RaftServerConfigKeys (ConfUtils.java:logGet(43)) - raft.server.log.statemachine.data.sync.timeout.retry = -1 (default)
2019-08-23 05:49:28,509 [pool-159-thread-1] INFO  server.RaftServerConfigKeys (ConfUtils.java:logGet(43)) - raft.server.log.statemachine.data.caching.enabled = true (custom)
2019-08-23 05:49:28,510 [pool-159-thread-1] INFO  segmented.SegmentedRaftLogWorker (SegmentedRaftLogWorker.java:lambda$new$0(132)) - d4f36997-48a6-49b8-995b-3c38d9ac3c0f-SegmentedRaftLogWorker:Storage Directory /workdir/hadoop-ozone/integration-test/target/test-dir/MiniOzoneClusterImpl-4e018812-8580-4f5b-9c00-decd40181699/datanode-3/data/ratis/6e412c88-72fa-414a-978d-817535006909: flushIndex: setUnconditionally 0 -> -1
2019-08-23 05:49:28,510 [pool-159-thread-1] INFO  server.RaftServerConfigKeys (ConfUtils.java:logGet(43)) - raft.server.snapshot.auto.trigger.enabled = true (custom)
2019-08-23 05:49:28,510 [pool-159-thread-1] INFO  server.RaftServerConfigKeys (ConfUtils.java:logGet(43)) - raft.server.snapshot.auto.trigger.threshold = 10000 (custom)
2019-08-23 05:49:28,510 [pool-159-thread-1] INFO  server.RaftServerConfigKeys (ConfUtils.java:logGet(43)) - raft.server.retrycache.expirytime = 600000ms (custom)
2019-08-23 05:49:28,511 [pool-159-thread-1] INFO  impl.RaftServerImpl (RaftServerImpl.java:start(180)) - d4f36997-48a6-49b8-995b-3c38d9ac3c0f: start group-817535006909
2019-08-23 05:49:28,511 [pool-159-thread-1] INFO  impl.RaftServerImpl (RaftServerImpl.java:setRole(171)) - d4f36997-48a6-49b8-995b-3c38d9ac3c0f:group-817535006909 changes role from null to FOLLOWER at term 0 for startAsFollower
2019-08-23 05:49:28,511 [pool-159-thread-1] INFO  impl.RoleInfo (RoleInfo.java:updateAndGet(143)) - d4f36997-48a6-49b8-995b-3c38d9ac3c0f: start FollowerState
2019-08-23 05:49:28,512 [pool-159-thread-1] INFO  util.JmxRegister (JmxRegister.java:tryRegister(44)) - Successfully registered JMX Bean with object name Ratis:service=RaftServer,group=group-817535006909,id=d4f36997-48a6-49b8-995b-3c38d9ac3c0f
2019-08-23 05:49:28,517 [RatisPipelineUtilsThread] INFO  pipeline.PipelineStateManager (PipelineStateManager.java:addPipeline(56)) - Created pipeline Pipeline[ Id: 6e412c88-72fa-414a-978d-817535006909, Nodes: d4f36997-48a6-49b8-995b-3c38d9ac3c0f{ip: 192.168.5.178, host: trunk-nightly-zfkm8-417691344, networkLocation: /default-rack, certSerialId: null}, Type:RATIS, Factor:ONE, State:OPEN]
2019-08-23 05:49:28,788 [IPC Server handler 4 on 40150] INFO  net.NetworkTopology (NetworkTopologyImpl.java:add(110)) - Added a new node: /default-rack/564f3e1b-dc37-4d98-9518-cc9451ddb3ca
2019-08-23 05:49:28,788 [IPC Server handler 4 on 40150] INFO  node.SCMNodeManager (SCMNodeManager.java:register(273)) - Registered Data node : 564f3e1b-dc37-4d98-9518-cc9451ddb3ca{ip: 192.168.5.178, host: trunk-nightly-zfkm8-417691344, networkLocation: /default-rack, certSerialId: null}
2019-08-23 05:49:28,789 | INFO  | SCMAudit | user=jenkins1000 | ip=192.168.5.178 | op=REGISTER {datanodeDetails=564f3e1b-dc37-4d98-9518-cc9451ddb3ca{ip: 192.168.5.178, host: trunk-nightly-zfkm8-417691344, networkLocation: /default-rack, certSerialId: null}} | ret=SUCCESS |  
2019-08-23 05:49:28,801 [grpc-default-executor-4] INFO  impl.RaftServerProxy (RaftServerProxy.java:addNew(89)) - 564f3e1b-dc37-4d98-9518-cc9451ddb3ca: addNew group-ECA19A3EDA6B:[564f3e1b-dc37-4d98-9518-cc9451ddb3ca:192.168.5.178:44139] returns group-ECA19A3EDA6B:java.util.concurrent.CompletableFuture@6a1e3939[Not completed]
2019-08-23 05:49:28,807 [pool-170-thread-1] INFO  impl.RaftServerImpl (RaftServerImpl.java:<init>(93)) - 564f3e1b-dc37-4d98-9518-cc9451ddb3ca: new RaftServerImpl for group-ECA19A3EDA6B:[564f3e1b-dc37-4d98-9518-cc9451ddb3ca:192.168.5.178:44139] with ContainerStateMachine:uninitialized
2019-08-23 05:49:28,807 [pool-170-thread-1] INFO  server.RaftServerConfigKeys (ConfUtils.java:logGet(43)) - raft.server.rpc.timeout.min = 5s (custom)
2019-08-23 05:49:28,807 [pool-170-thread-1] INFO  server.RaftServerConfigKeys (ConfUtils.java:logGet(43)) - raft.server.rpc.timeout.max = 5200ms (custom)
2019-08-23 05:49:28,807 [pool-170-thread-1] INFO  server.RaftServerConfigKeys (ConfUtils.java:logGet(43)) - raft.server.rpcslowness.timeout = 120s (custom)
2019-08-23 05:49:28,808 [pool-170-thread-1] INFO  server.RaftServerConfigKeys (ConfUtils.java:logGet(43)) - raft.server.sleep.deviation.threshold = 300 (default)
2019-08-23 05:49:28,808 [pool-170-thread-1] INFO  server.RaftServerConfigKeys (ConfUtils.java:logGet(43)) - raft.server.log.appender.install.snapshot.enabled = false (custom)
2019-08-23 05:49:28,808 [pool-170-thread-1] INFO  impl.RaftServerImpl (ServerState.java:<init>(105)) - 564f3e1b-dc37-4d98-9518-cc9451ddb3ca:group-ECA19A3EDA6B ConfigurationManager, init=-1: [564f3e1b-dc37-4d98-9518-cc9451ddb3ca:192.168.5.178:44139], old=null, confs=<EMPTY_MAP>
2019-08-23 05:49:28,808 [pool-170-thread-1] INFO  server.RaftServerConfigKeys (ConfUtils.java:logGet(43)) - raft.server.storage.dir = [/workdir/hadoop-ozone/integration-test/target/test-dir/MiniOzoneClusterImpl-4e018812-8580-4f5b-9c00-decd40181699/datanode-4/data/ratis] (custom)
2019-08-23 05:49:28,809 [pool-170-thread-1] INFO  storage.RaftStorageDirectory (RaftStorageDirectory.java:analyzeStorage(246)) - The storage directory /workdir/hadoop-ozone/integration-test/target/test-dir/MiniOzoneClusterImpl-4e018812-8580-4f5b-9c00-decd40181699/datanode-4/data/ratis/f7894404-452b-4bf2-89c4-eca19a3eda6b does not exist. Creating ...
2019-08-23 05:49:28,822 [pool-170-thread-1] INFO  storage.RaftStorageDirectory (RaftStorageDirectory.java:tryLock(328)) - Lock on /workdir/hadoop-ozone/integration-test/target/test-dir/MiniOzoneClusterImpl-4e018812-8580-4f5b-9c00-decd40181699/datanode-4/data/ratis/f7894404-452b-4bf2-89c4-eca19a3eda6b/in_use.lock acquired by nodename 19557@trunk-nightly-zfkm8-417691344
2019-08-23 05:49:28,835 [pool-170-thread-1] INFO  storage.RaftStorage (RaftStorage.java:format(72)) - Storage directory /workdir/hadoop-ozone/integration-test/target/test-dir/MiniOzoneClusterImpl-4e018812-8580-4f5b-9c00-decd40181699/datanode-4/data/ratis/f7894404-452b-4bf2-89c4-eca19a3eda6b has been successfully formatted.
2019-08-23 05:49:28,836 [pool-170-thread-1] INFO  ratis.ContainerStateMachine (ContainerStateMachine.java:loadSnapshot(226)) - group-ECA19A3EDA6B: The snapshot info is null. Setting the last applied indexto:(t:0, i:~)
2019-08-23 05:49:28,836 [pool-170-thread-1] INFO  server.RaftServerConfigKeys (ConfUtils.java:logGet(43)) - raft.server.leader.election.timeout = 120s (custom)
2019-08-23 05:49:28,836 [pool-170-thread-1] INFO  server.RaftServerConfigKeys (ConfUtils.java:logGet(43)) - raft.server.log.use.memory = false (default)
2019-08-23 05:49:28,836 [pool-170-thread-1] INFO  server.RaftServerConfigKeys (ConfUtils.java:logGet(43)) - raft.server.log.purge.gap = 1000000 (custom)
2019-08-23 05:49:28,837 [pool-170-thread-1] INFO  server.RaftServerConfigKeys (ConfUtils.java:logGet(43)) - raft.server.log.appender.buffer.byte-limit = 33554432 (custom)
2019-08-23 05:49:28,837 [pool-170-thread-1] INFO  server.RaftServerConfigKeys (ConfUtils.java:logGet(43)) - raft.server.log.segment.size.max = 1048576 (custom)
2019-08-23 05:49:28,837 [pool-170-thread-1] INFO  server.RaftServerConfigKeys (ConfUtils.java:logGet(43)) - raft.server.log.segment.cache.num.max = 2 (custom)
2019-08-23 05:49:28,837 [pool-170-thread-1] INFO  segmented.SegmentedRaftLogWorker (SegmentedRaftLogWorker.java:<init>(172)) - new 564f3e1b-dc37-4d98-9518-cc9451ddb3ca-SegmentedRaftLogWorker:Storage Directory /workdir/hadoop-ozone/integration-test/target/test-dir/MiniOzoneClusterImpl-4e018812-8580-4f5b-9c00-decd40181699/datanode-4/data/ratis/f7894404-452b-4bf2-89c4-eca19a3eda6b for RaftStorage:Storage Directory /workdir/hadoop-ozone/integration-test/target/test-dir/MiniOzoneClusterImpl-4e018812-8580-4f5b-9c00-decd40181699/datanode-4/data/ratis/f7894404-452b-4bf2-89c4-eca19a3eda6b
2019-08-23 05:49:28,837 [pool-170-thread-1] INFO  server.RaftServerConfigKeys (ConfUtils.java:logGet(43)) - raft.server.log.queue.byte-limit = 2147483647 (custom)
2019-08-23 05:49:28,837 [pool-170-thread-1] INFO  server.RaftServerConfigKeys (ConfUtils.java:logGet(43)) - raft.server.log.queue.element-limit = 1024 (custom)
2019-08-23 05:49:28,838 [pool-170-thread-1] INFO  server.RaftServerConfigKeys (ConfUtils.java:logGet(43)) - raft.server.log.segment.size.max = 1048576 (custom)
2019-08-23 05:49:28,838 [pool-170-thread-1] INFO  server.RaftServerConfigKeys (ConfUtils.java:logGet(43)) - raft.server.log.preallocated.size = 16384 (custom)
2019-08-23 05:49:28,838 [pool-170-thread-1] INFO  server.RaftServerConfigKeys (ConfUtils.java:logGet(43)) - raft.server.log.write.buffer.size = 33554432 (custom)
2019-08-23 05:49:28,838 [pool-170-thread-1] INFO  server.RaftServerConfigKeys (ConfUtils.java:logGet(43)) - raft.server.log.force.sync.num = 128 (default)
2019-08-23 05:49:28,838 [pool-170-thread-1] INFO  server.RaftServerConfigKeys (ConfUtils.java:logGet(43)) - raft.server.log.statemachine.data.sync = true (default)
2019-08-23 05:49:28,838 [pool-170-thread-1] INFO  server.RaftServerConfigKeys (ConfUtils.java:logGet(43)) - raft.server.log.statemachine.data.sync.timeout = 10s (default)
2019-08-23 05:49:28,839 [pool-170-thread-1] INFO  server.RaftServerConfigKeys (ConfUtils.java:logGet(43)) - raft.server.log.statemachine.data.sync.timeout.retry = -1 (default)
2019-08-23 05:49:28,839 [pool-170-thread-1] INFO  server.RaftServerConfigKeys (ConfUtils.java:logGet(43)) - raft.server.log.statemachine.data.caching.enabled = true (custom)
2019-08-23 05:49:28,839 [pool-170-thread-1] INFO  segmented.SegmentedRaftLogWorker (SegmentedRaftLogWorker.java:lambda$new$0(132)) - 564f3e1b-dc37-4d98-9518-cc9451ddb3ca-SegmentedRaftLogWorker:Storage Directory /workdir/hadoop-ozone/integration-test/target/test-dir/MiniOzoneClusterImpl-4e018812-8580-4f5b-9c00-decd40181699/datanode-4/data/ratis/f7894404-452b-4bf2-89c4-eca19a3eda6b: flushIndex: setUnconditionally 0 -> -1
2019-08-23 05:49:28,840 [pool-170-thread-1] INFO  server.RaftServerConfigKeys (ConfUtils.java:logGet(43)) - raft.server.snapshot.auto.trigger.enabled = true (custom)
2019-08-23 05:49:28,840 [pool-170-thread-1] INFO  server.RaftServerConfigKeys (ConfUtils.java:logGet(43)) - raft.server.snapshot.auto.trigger.threshold = 10000 (custom)
2019-08-23 05:49:28,840 [pool-170-thread-1] INFO  server.RaftServerConfigKeys (ConfUtils.java:logGet(43)) - raft.server.retrycache.expirytime = 600000ms (custom)
2019-08-23 05:49:28,840 [pool-170-thread-1] INFO  impl.RaftServerImpl (RaftServerImpl.java:start(180)) - 564f3e1b-dc37-4d98-9518-cc9451ddb3ca: start group-ECA19A3EDA6B
2019-08-23 05:49:28,840 [pool-170-thread-1] INFO  impl.RaftServerImpl (RaftServerImpl.java:setRole(171)) - 564f3e1b-dc37-4d98-9518-cc9451ddb3ca:group-ECA19A3EDA6B changes role from null to FOLLOWER at term 0 for startAsFollower
2019-08-23 05:49:28,840 [pool-170-thread-1] INFO  impl.RoleInfo (RoleInfo.java:updateAndGet(143)) - 564f3e1b-dc37-4d98-9518-cc9451ddb3ca: start FollowerState
2019-08-23 05:49:28,841 [pool-170-thread-1] INFO  util.JmxRegister (JmxRegister.java:tryRegister(44)) - Successfully registered JMX Bean with object name Ratis:service=RaftServer,group=group-ECA19A3EDA6B,id=564f3e1b-dc37-4d98-9518-cc9451ddb3ca
2019-08-23 05:49:28,852 [RatisPipelineUtilsThread] INFO  pipeline.PipelineStateManager (PipelineStateManager.java:addPipeline(56)) - Created pipeline Pipeline[ Id: f7894404-452b-4bf2-89c4-eca19a3eda6b, Nodes: 564f3e1b-dc37-4d98-9518-cc9451ddb3ca{ip: 192.168.5.178, host: trunk-nightly-zfkm8-417691344, networkLocation: /default-rack, certSerialId: null}, Type:RATIS, Factor:ONE, State:OPEN]
2019-08-23 05:49:28,995 [IPC Server handler 0 on 40150] INFO  net.NetworkTopology (NetworkTopologyImpl.java:add(110)) - Added a new node: /default-rack/9e0d48e9-795f-4679-b1bc-974fe7951c55
2019-08-23 05:49:28,995 [IPC Server handler 0 on 40150] INFO  node.SCMNodeManager (SCMNodeManager.java:register(273)) - Registered Data node : 9e0d48e9-795f-4679-b1bc-974fe7951c55{ip: 192.168.5.178, host: trunk-nightly-zfkm8-417691344, networkLocation: /default-rack, certSerialId: null}
2019-08-23 05:49:28,996 | INFO  | SCMAudit | user=jenkins1000 | ip=192.168.5.178 | op=REGISTER {datanodeDetails=9e0d48e9-795f-4679-b1bc-974fe7951c55{ip: 192.168.5.178, host: trunk-nightly-zfkm8-417691344, networkLocation: /default-rack, certSerialId: null}} | ret=SUCCESS |  
2019-08-23 05:49:29,009 [grpc-default-executor-4] INFO  impl.RaftServerProxy (RaftServerProxy.java:addNew(89)) - 9e0d48e9-795f-4679-b1bc-974fe7951c55: addNew group-1C54A04FAFB9:[9e0d48e9-795f-4679-b1bc-974fe7951c55:192.168.5.178:42216] returns group-1C54A04FAFB9:java.util.concurrent.CompletableFuture@38b5988e[Not completed]
2019-08-23 05:49:29,015 [pool-181-thread-1] INFO  impl.RaftServerImpl (RaftServerImpl.java:<init>(93)) - 9e0d48e9-795f-4679-b1bc-974fe7951c55: new RaftServerImpl for group-1C54A04FAFB9:[9e0d48e9-795f-4679-b1bc-974fe7951c55:192.168.5.178:42216] with ContainerStateMachine:uninitialized
2019-08-23 05:49:29,015 [pool-181-thread-1] INFO  server.RaftServerConfigKeys (ConfUtils.java:logGet(43)) - raft.server.rpc.timeout.min = 5s (custom)
2019-08-23 05:49:29,015 [pool-181-thread-1] INFO  server.RaftServerConfigKeys (ConfUtils.java:logGet(43)) - raft.server.rpc.timeout.max = 5200ms (custom)
2019-08-23 05:49:29,015 [pool-181-thread-1] INFO  server.RaftServerConfigKeys (ConfUtils.java:logGet(43)) - raft.server.rpcslowness.timeout = 120s (custom)
2019-08-23 05:49:29,016 [pool-181-thread-1] INFO  server.RaftServerConfigKeys (ConfUtils.java:logGet(43)) - raft.server.sleep.deviation.threshold = 300 (default)
2019-08-23 05:49:29,016 [pool-181-thread-1] INFO  server.RaftServerConfigKeys (ConfUtils.java:logGet(43)) - raft.server.log.appender.install.snapshot.enabled = false (custom)
2019-08-23 05:49:29,016 [pool-181-thread-1] INFO  impl.RaftServerImpl (ServerState.java:<init>(105)) - 9e0d48e9-795f-4679-b1bc-974fe7951c55:group-1C54A04FAFB9 ConfigurationManager, init=-1: [9e0d48e9-795f-4679-b1bc-974fe7951c55:192.168.5.178:42216], old=null, confs=<EMPTY_MAP>
2019-08-23 05:49:29,016 [pool-181-thread-1] INFO  server.RaftServerConfigKeys (ConfUtils.java:logGet(43)) - raft.server.storage.dir = [/workdir/hadoop-ozone/integration-test/target/test-dir/MiniOzoneClusterImpl-4e018812-8580-4f5b-9c00-decd40181699/datanode-5/data/ratis] (custom)
2019-08-23 05:49:29,017 [pool-181-thread-1] INFO  storage.RaftStorageDirectory (RaftStorageDirectory.java:analyzeStorage(246)) - The storage directory /workdir/hadoop-ozone/integration-test/target/test-dir/MiniOzoneClusterImpl-4e018812-8580-4f5b-9c00-decd40181699/datanode-5/data/ratis/6eb3061f-d374-4961-8e6a-1c54a04fafb9 does not exist. Creating ...
2019-08-23 05:49:29,030 [pool-181-thread-1] INFO  storage.RaftStorageDirectory (RaftStorageDirectory.java:tryLock(328)) - Lock on /workdir/hadoop-ozone/integration-test/target/test-dir/MiniOzoneClusterImpl-4e018812-8580-4f5b-9c00-decd40181699/datanode-5/data/ratis/6eb3061f-d374-4961-8e6a-1c54a04fafb9/in_use.lock acquired by nodename 19557@trunk-nightly-zfkm8-417691344
2019-08-23 05:49:29,043 [pool-181-thread-1] INFO  storage.RaftStorage (RaftStorage.java:format(72)) - Storage directory /workdir/hadoop-ozone/integration-test/target/test-dir/MiniOzoneClusterImpl-4e018812-8580-4f5b-9c00-decd40181699/datanode-5/data/ratis/6eb3061f-d374-4961-8e6a-1c54a04fafb9 has been successfully formatted.
2019-08-23 05:49:29,044 [pool-181-thread-1] INFO  ratis.ContainerStateMachine (ContainerStateMachine.java:loadSnapshot(226)) - group-1C54A04FAFB9: The snapshot info is null. Setting the last applied indexto:(t:0, i:~)
2019-08-23 05:49:29,044 [pool-181-thread-1] INFO  server.RaftServerConfigKeys (ConfUtils.java:logGet(43)) - raft.server.leader.election.timeout = 120s (custom)
2019-08-23 05:49:29,044 [pool-181-thread-1] INFO  server.RaftServerConfigKeys (ConfUtils.java:logGet(43)) - raft.server.log.use.memory = false (default)
2019-08-23 05:49:29,044 [pool-181-thread-1] INFO  server.RaftServerConfigKeys (ConfUtils.java:logGet(43)) - raft.server.log.purge.gap = 1000000 (custom)
2019-08-23 05:49:29,045 [pool-181-thread-1] INFO  server.RaftServerConfigKeys (ConfUtils.java:logGet(43)) - raft.server.log.appender.buffer.byte-limit = 33554432 (custom)
2019-08-23 05:49:29,045 [pool-181-thread-1] INFO  server.RaftServerConfigKeys (ConfUtils.java:logGet(43)) - raft.server.log.segment.size.max = 1048576 (custom)
2019-08-23 05:49:29,045 [pool-181-thread-1] INFO  server.RaftServerConfigKeys (ConfUtils.java:logGet(43)) - raft.server.log.segment.cache.num.max = 2 (custom)
2019-08-23 05:49:29,045 [pool-181-thread-1] INFO  segmented.SegmentedRaftLogWorker (SegmentedRaftLogWorker.java:<init>(172)) - new 9e0d48e9-795f-4679-b1bc-974fe7951c55-SegmentedRaftLogWorker:Storage Directory /workdir/hadoop-ozone/integration-test/target/test-dir/MiniOzoneClusterImpl-4e018812-8580-4f5b-9c00-decd40181699/datanode-5/data/ratis/6eb3061f-d374-4961-8e6a-1c54a04fafb9 for RaftStorage:Storage Directory /workdir/hadoop-ozone/integration-test/target/test-dir/MiniOzoneClusterImpl-4e018812-8580-4f5b-9c00-decd40181699/datanode-5/data/ratis/6eb3061f-d374-4961-8e6a-1c54a04fafb9
2019-08-23 05:49:29,045 [pool-181-thread-1] INFO  server.RaftServerConfigKeys (ConfUtils.java:logGet(43)) - raft.server.log.queue.byte-limit = 2147483647 (custom)
2019-08-23 05:49:29,046 [pool-181-thread-1] INFO  server.RaftServerConfigKeys (ConfUtils.java:logGet(43)) - raft.server.log.queue.element-limit = 1024 (custom)
2019-08-23 05:49:29,046 [pool-181-thread-1] INFO  server.RaftServerConfigKeys (ConfUtils.java:logGet(43)) - raft.server.log.segment.size.max = 1048576 (custom)
2019-08-23 05:49:29,046 [pool-181-thread-1] INFO  server.RaftServerConfigKeys (ConfUtils.java:logGet(43)) - raft.server.log.preallocated.size = 16384 (custom)
2019-08-23 05:49:29,046 [pool-181-thread-1] INFO  server.RaftServerConfigKeys (ConfUtils.java:logGet(43)) - raft.server.log.write.buffer.size = 33554432 (custom)
2019-08-23 05:49:29,047 [pool-181-thread-1] INFO  server.RaftServerConfigKeys (ConfUtils.java:logGet(43)) - raft.server.log.force.sync.num = 128 (default)
2019-08-23 05:49:29,047 [pool-181-thread-1] INFO  server.RaftServerConfigKeys (ConfUtils.java:logGet(43)) - raft.server.log.statemachine.data.sync = true (default)
2019-08-23 05:49:29,047 [pool-181-thread-1] INFO  server.RaftServerConfigKeys (ConfUtils.java:logGet(43)) - raft.server.log.statemachine.data.sync.timeout = 10s (default)
2019-08-23 05:49:29,047 [pool-181-thread-1] INFO  server.RaftServerConfigKeys (ConfUtils.java:logGet(43)) - raft.server.log.statemachine.data.sync.timeout.retry = -1 (default)
2019-08-23 05:49:29,047 [pool-181-thread-1] INFO  server.RaftServerConfigKeys (ConfUtils.java:logGet(43)) - raft.server.log.statemachine.data.caching.enabled = true (custom)
2019-08-23 05:49:29,048 [pool-181-thread-1] INFO  segmented.SegmentedRaftLogWorker (SegmentedRaftLogWorker.java:lambda$new$0(132)) - 9e0d48e9-795f-4679-b1bc-974fe7951c55-SegmentedRaftLogWorker:Storage Directory /workdir/hadoop-ozone/integration-test/target/test-dir/MiniOzoneClusterImpl-4e018812-8580-4f5b-9c00-decd40181699/datanode-5/data/ratis/6eb3061f-d374-4961-8e6a-1c54a04fafb9: flushIndex: setUnconditionally 0 -> -1
2019-08-23 05:49:29,050 [pool-181-thread-1] INFO  server.RaftServerConfigKeys (ConfUtils.java:logGet(43)) - raft.server.snapshot.auto.trigger.enabled = true (custom)
2019-08-23 05:49:29,050 [pool-181-thread-1] INFO  server.RaftServerConfigKeys (ConfUtils.java:logGet(43)) - raft.server.snapshot.auto.trigger.threshold = 10000 (custom)
2019-08-23 05:49:29,050 [pool-181-thread-1] INFO  server.RaftServerConfigKeys (ConfUtils.java:logGet(43)) - raft.server.retrycache.expirytime = 600000ms (custom)
2019-08-23 05:49:29,051 [pool-181-thread-1] INFO  impl.RaftServerImpl (RaftServerImpl.java:start(180)) - 9e0d48e9-795f-4679-b1bc-974fe7951c55: start group-1C54A04FAFB9
2019-08-23 05:49:29,051 [pool-181-thread-1] INFO  impl.RaftServerImpl (RaftServerImpl.java:setRole(171)) - 9e0d48e9-795f-4679-b1bc-974fe7951c55:group-1C54A04FAFB9 changes role from null to FOLLOWER at term 0 for startAsFollower
2019-08-23 05:49:29,051 [pool-181-thread-1] INFO  impl.RoleInfo (RoleInfo.java:updateAndGet(143)) - 9e0d48e9-795f-4679-b1bc-974fe7951c55: start FollowerState
2019-08-23 05:49:29,052 [pool-181-thread-1] INFO  util.JmxRegister (JmxRegister.java:tryRegister(44)) - Successfully registered JMX Bean with object name Ratis:service=RaftServer,group=group-1C54A04FAFB9,id=9e0d48e9-795f-4679-b1bc-974fe7951c55
2019-08-23 05:49:29,058 [RatisPipelineUtilsThread] INFO  pipeline.PipelineStateManager (PipelineStateManager.java:addPipeline(56)) - Created pipeline Pipeline[ Id: 6eb3061f-d374-4961-8e6a-1c54a04fafb9, Nodes: 9e0d48e9-795f-4679-b1bc-974fe7951c55{ip: 192.168.5.178, host: trunk-nightly-zfkm8-417691344, networkLocation: /default-rack, certSerialId: null}, Type:RATIS, Factor:ONE, State:OPEN]
2019-08-23 05:49:29,079 [grpc-default-executor-5] INFO  impl.RaftServerProxy (RaftServerProxy.java:addNew(89)) - 9e0d48e9-795f-4679-b1bc-974fe7951c55: addNew group-FC65621A5432:[564f3e1b-dc37-4d98-9518-cc9451ddb3ca:192.168.5.178:44139, 9e0d48e9-795f-4679-b1bc-974fe7951c55:192.168.5.178:42216, d4f36997-48a6-49b8-995b-3c38d9ac3c0f:192.168.5.178:40775] returns group-FC65621A5432:java.util.concurrent.CompletableFuture@36477858[Not completed]
2019-08-23 05:49:29,079 [grpc-default-executor-2] INFO  impl.RaftServerProxy (RaftServerProxy.java:addNew(89)) - 564f3e1b-dc37-4d98-9518-cc9451ddb3ca: addNew group-FC65621A5432:[564f3e1b-dc37-4d98-9518-cc9451ddb3ca:192.168.5.178:44139, 9e0d48e9-795f-4679-b1bc-974fe7951c55:192.168.5.178:42216, d4f36997-48a6-49b8-995b-3c38d9ac3c0f:192.168.5.178:40775] returns group-FC65621A5432:java.util.concurrent.CompletableFuture@2c616789[Not completed]
2019-08-23 05:49:29,080 [grpc-default-executor-4] INFO  impl.RaftServerProxy (RaftServerProxy.java:addNew(89)) - d4f36997-48a6-49b8-995b-3c38d9ac3c0f: addNew group-FC65621A5432:[564f3e1b-dc37-4d98-9518-cc9451ddb3ca:192.168.5.178:44139, 9e0d48e9-795f-4679-b1bc-974fe7951c55:192.168.5.178:42216, d4f36997-48a6-49b8-995b-3c38d9ac3c0f:192.168.5.178:40775] returns group-FC65621A5432:java.util.concurrent.CompletableFuture@75c669de[Not completed]
2019-08-23 05:49:29,081 [pool-181-thread-1] INFO  impl.RaftServerImpl (RaftServerImpl.java:<init>(93)) - 9e0d48e9-795f-4679-b1bc-974fe7951c55: new RaftServerImpl for group-FC65621A5432:[564f3e1b-dc37-4d98-9518-cc9451ddb3ca:192.168.5.178:44139, 9e0d48e9-795f-4679-b1bc-974fe7951c55:192.168.5.178:42216, d4f36997-48a6-49b8-995b-3c38d9ac3c0f:192.168.5.178:40775] with ContainerStateMachine:uninitialized
2019-08-23 05:49:29,082 [pool-181-thread-1] INFO  server.RaftServerConfigKeys (ConfUtils.java:logGet(43)) - raft.server.rpc.timeout.min = 5s (custom)
2019-08-23 05:49:29,082 [pool-181-thread-1] INFO  server.RaftServerConfigKeys (ConfUtils.java:logGet(43)) - raft.server.rpc.timeout.max = 5200ms (custom)
2019-08-23 05:49:29,082 [pool-181-thread-1] INFO  server.RaftServerConfigKeys (ConfUtils.java:logGet(43)) - raft.server.rpcslowness.timeout = 120s (custom)
2019-08-23 05:49:29,082 [pool-170-thread-1] INFO  impl.RaftServerImpl (RaftServerImpl.java:<init>(93)) - 564f3e1b-dc37-4d98-9518-cc9451ddb3ca: new RaftServerImpl for group-FC65621A5432:[564f3e1b-dc37-4d98-9518-cc9451ddb3ca:192.168.5.178:44139, 9e0d48e9-795f-4679-b1bc-974fe7951c55:192.168.5.178:42216, d4f36997-48a6-49b8-995b-3c38d9ac3c0f:192.168.5.178:40775] with ContainerStateMachine:uninitialized
2019-08-23 05:49:29,082 [pool-181-thread-1] INFO  server.RaftServerConfigKeys (ConfUtils.java:logGet(43)) - raft.server.sleep.deviation.threshold = 300 (default)
2019-08-23 05:49:29,083 [pool-159-thread-1] INFO  impl.RaftServerImpl (RaftServerImpl.java:<init>(93)) - d4f36997-48a6-49b8-995b-3c38d9ac3c0f: new RaftServerImpl for group-FC65621A5432:[564f3e1b-dc37-4d98-9518-cc9451ddb3ca:192.168.5.178:44139, 9e0d48e9-795f-4679-b1bc-974fe7951c55:192.168.5.178:42216, d4f36997-48a6-49b8-995b-3c38d9ac3c0f:192.168.5.178:40775] with ContainerStateMachine:uninitialized
2019-08-23 05:49:29,083 [pool-170-thread-1] INFO  server.RaftServerConfigKeys (ConfUtils.java:logGet(43)) - raft.server.rpc.timeout.min = 5s (custom)
2019-08-23 05:49:29,083 [pool-159-thread-1] INFO  server.RaftServerConfigKeys (ConfUtils.java:logGet(43)) - raft.server.rpc.timeout.min = 5s (custom)
2019-08-23 05:49:29,083 [pool-181-thread-1] INFO  server.RaftServerConfigKeys (ConfUtils.java:logGet(43)) - raft.server.log.appender.install.snapshot.enabled = false (custom)
2019-08-23 05:49:29,083 [pool-159-thread-1] INFO  server.RaftServerConfigKeys (ConfUtils.java:logGet(43)) - raft.server.rpc.timeout.max = 5200ms (custom)
2019-08-23 05:49:29,083 [pool-181-thread-1] INFO  impl.RaftServerImpl (ServerState.java:<init>(105)) - 9e0d48e9-795f-4679-b1bc-974fe7951c55:group-FC65621A5432 ConfigurationManager, init=-1: [564f3e1b-dc37-4d98-9518-cc9451ddb3ca:192.168.5.178:44139, 9e0d48e9-795f-4679-b1bc-974fe7951c55:192.168.5.178:42216, d4f36997-48a6-49b8-995b-3c38d9ac3c0f:192.168.5.178:40775], old=null, confs=<EMPTY_MAP>
2019-08-23 05:49:29,083 [pool-170-thread-1] INFO  server.RaftServerConfigKeys (ConfUtils.java:logGet(43)) - raft.server.rpc.timeout.max = 5200ms (custom)
2019-08-23 05:49:29,083 [pool-159-thread-1] INFO  server.RaftServerConfigKeys (ConfUtils.java:logGet(43)) - raft.server.rpcslowness.timeout = 120s (custom)
2019-08-23 05:49:29,084 [pool-170-thread-1] INFO  server.RaftServerConfigKeys (ConfUtils.java:logGet(43)) - raft.server.rpcslowness.timeout = 120s (custom)
2019-08-23 05:49:29,084 [pool-181-thread-1] INFO  server.RaftServerConfigKeys (ConfUtils.java:logGet(43)) - raft.server.storage.dir = [/workdir/hadoop-ozone/integration-test/target/test-dir/MiniOzoneClusterImpl-4e018812-8580-4f5b-9c00-decd40181699/datanode-5/data/ratis] (custom)
2019-08-23 05:49:29,084 [pool-159-thread-1] INFO  server.RaftServerConfigKeys (ConfUtils.java:logGet(43)) - raft.server.sleep.deviation.threshold = 300 (default)
2019-08-23 05:49:29,084 [pool-170-thread-1] INFO  server.RaftServerConfigKeys (ConfUtils.java:logGet(43)) - raft.server.sleep.deviation.threshold = 300 (default)
2019-08-23 05:49:29,084 [pool-159-thread-1] INFO  server.RaftServerConfigKeys (ConfUtils.java:logGet(43)) - raft.server.log.appender.install.snapshot.enabled = false (custom)
2019-08-23 05:49:29,084 [pool-170-thread-1] INFO  server.RaftServerConfigKeys (ConfUtils.java:logGet(43)) - raft.server.log.appender.install.snapshot.enabled = false (custom)
2019-08-23 05:49:29,085 [pool-181-thread-1] INFO  storage.RaftStorageDirectory (RaftStorageDirectory.java:analyzeStorage(246)) - The storage directory /workdir/hadoop-ozone/integration-test/target/test-dir/MiniOzoneClusterImpl-4e018812-8580-4f5b-9c00-decd40181699/datanode-5/data/ratis/52f4033d-c7e3-4531-b297-fc65621a5432 does not exist. Creating ...
2019-08-23 05:49:29,084 [pool-159-thread-1] INFO  impl.RaftServerImpl (ServerState.java:<init>(105)) - d4f36997-48a6-49b8-995b-3c38d9ac3c0f:group-FC65621A5432 ConfigurationManager, init=-1: [564f3e1b-dc37-4d98-9518-cc9451ddb3ca:192.168.5.178:44139, 9e0d48e9-795f-4679-b1bc-974fe7951c55:192.168.5.178:42216, d4f36997-48a6-49b8-995b-3c38d9ac3c0f:192.168.5.178:40775], old=null, confs=<EMPTY_MAP>
2019-08-23 05:49:29,085 [pool-170-thread-1] INFO  impl.RaftServerImpl (ServerState.java:<init>(105)) - 564f3e1b-dc37-4d98-9518-cc9451ddb3ca:group-FC65621A5432 ConfigurationManager, init=-1: [564f3e1b-dc37-4d98-9518-cc9451ddb3ca:192.168.5.178:44139, 9e0d48e9-795f-4679-b1bc-974fe7951c55:192.168.5.178:42216, d4f36997-48a6-49b8-995b-3c38d9ac3c0f:192.168.5.178:40775], old=null, confs=<EMPTY_MAP>
2019-08-23 05:49:29,085 [pool-159-thread-1] INFO  server.RaftServerConfigKeys (ConfUtils.java:logGet(43)) - raft.server.storage.dir = [/workdir/hadoop-ozone/integration-test/target/test-dir/MiniOzoneClusterImpl-4e018812-8580-4f5b-9c00-decd40181699/datanode-3/data/ratis] (custom)
2019-08-23 05:49:29,085 [pool-170-thread-1] INFO  server.RaftServerConfigKeys (ConfUtils.java:logGet(43)) - raft.server.storage.dir = [/workdir/hadoop-ozone/integration-test/target/test-dir/MiniOzoneClusterImpl-4e018812-8580-4f5b-9c00-decd40181699/datanode-4/data/ratis] (custom)
2019-08-23 05:49:29,085 [pool-159-thread-1] INFO  storage.RaftStorageDirectory (RaftStorageDirectory.java:analyzeStorage(246)) - The storage directory /workdir/hadoop-ozone/integration-test/target/test-dir/MiniOzoneClusterImpl-4e018812-8580-4f5b-9c00-decd40181699/datanode-3/data/ratis/52f4033d-c7e3-4531-b297-fc65621a5432 does not exist. Creating ...
2019-08-23 05:49:29,086 [pool-170-thread-1] INFO  storage.RaftStorageDirectory (RaftStorageDirectory.java:analyzeStorage(246)) - The storage directory /workdir/hadoop-ozone/integration-test/target/test-dir/MiniOzoneClusterImpl-4e018812-8580-4f5b-9c00-decd40181699/datanode-4/data/ratis/52f4033d-c7e3-4531-b297-fc65621a5432 does not exist. Creating ...
2019-08-23 05:49:29,097 [pool-170-thread-1] INFO  storage.RaftStorageDirectory (RaftStorageDirectory.java:tryLock(328)) - Lock on /workdir/hadoop-ozone/integration-test/target/test-dir/MiniOzoneClusterImpl-4e018812-8580-4f5b-9c00-decd40181699/datanode-4/data/ratis/52f4033d-c7e3-4531-b297-fc65621a5432/in_use.lock acquired by nodename 19557@trunk-nightly-zfkm8-417691344
2019-08-23 05:49:29,097 [pool-159-thread-1] INFO  storage.RaftStorageDirectory (RaftStorageDirectory.java:tryLock(328)) - Lock on /workdir/hadoop-ozone/integration-test/target/test-dir/MiniOzoneClusterImpl-4e018812-8580-4f5b-9c00-decd40181699/datanode-3/data/ratis/52f4033d-c7e3-4531-b297-fc65621a5432/in_use.lock acquired by nodename 19557@trunk-nightly-zfkm8-417691344
2019-08-23 05:49:29,097 [pool-181-thread-1] INFO  storage.RaftStorageDirectory (RaftStorageDirectory.java:tryLock(328)) - Lock on /workdir/hadoop-ozone/integration-test/target/test-dir/MiniOzoneClusterImpl-4e018812-8580-4f5b-9c00-decd40181699/datanode-5/data/ratis/52f4033d-c7e3-4531-b297-fc65621a5432/in_use.lock acquired by nodename 19557@trunk-nightly-zfkm8-417691344
2019-08-23 05:49:29,119 [pool-181-thread-1] INFO  storage.RaftStorage (RaftStorage.java:format(72)) - Storage directory /workdir/hadoop-ozone/integration-test/target/test-dir/MiniOzoneClusterImpl-4e018812-8580-4f5b-9c00-decd40181699/datanode-5/data/ratis/52f4033d-c7e3-4531-b297-fc65621a5432 has been successfully formatted.
2019-08-23 05:49:29,119 [pool-170-thread-1] INFO  storage.RaftStorage (RaftStorage.java:format(72)) - Storage directory /workdir/hadoop-ozone/integration-test/target/test-dir/MiniOzoneClusterImpl-4e018812-8580-4f5b-9c00-decd40181699/datanode-4/data/ratis/52f4033d-c7e3-4531-b297-fc65621a5432 has been successfully formatted.
2019-08-23 05:49:29,119 [pool-159-thread-1] INFO  storage.RaftStorage (RaftStorage.java:format(72)) - Storage directory /workdir/hadoop-ozone/integration-test/target/test-dir/MiniOzoneClusterImpl-4e018812-8580-4f5b-9c00-decd40181699/datanode-3/data/ratis/52f4033d-c7e3-4531-b297-fc65621a5432 has been successfully formatted.
2019-08-23 05:49:29,120 [pool-170-thread-1] INFO  ratis.ContainerStateMachine (ContainerStateMachine.java:loadSnapshot(226)) - group-FC65621A5432: The snapshot info is null. Setting the last applied indexto:(t:0, i:~)
2019-08-23 05:49:29,120 [pool-181-thread-1] INFO  ratis.ContainerStateMachine (ContainerStateMachine.java:loadSnapshot(226)) - group-FC65621A5432: The snapshot info is null. Setting the last applied indexto:(t:0, i:~)
2019-08-23 05:49:29,120 [pool-170-thread-1] INFO  server.RaftServerConfigKeys (ConfUtils.java:logGet(43)) - raft.server.leader.election.timeout = 120s (custom)
2019-08-23 05:49:29,120 [pool-159-thread-1] INFO  ratis.ContainerStateMachine (ContainerStateMachine.java:loadSnapshot(226)) - group-FC65621A5432: The snapshot info is null. Setting the last applied indexto:(t:0, i:~)
2019-08-23 05:49:29,121 [pool-170-thread-1] INFO  server.RaftServerConfigKeys (ConfUtils.java:logGet(43)) - raft.server.log.use.memory = false (default)
2019-08-23 05:49:29,121 [pool-181-thread-1] INFO  server.RaftServerConfigKeys (ConfUtils.java:logGet(43)) - raft.server.leader.election.timeout = 120s (custom)
2019-08-23 05:49:29,121 [pool-170-thread-1] INFO  server.RaftServerConfigKeys (ConfUtils.java:logGet(43)) - raft.server.log.purge.gap = 1000000 (custom)
2019-08-23 05:49:29,121 [pool-159-thread-1] INFO  server.RaftServerConfigKeys (ConfUtils.java:logGet(43)) - raft.server.leader.election.timeout = 120s (custom)
2019-08-23 05:49:29,121 [pool-170-thread-1] INFO  server.RaftServerConfigKeys (ConfUtils.java:logGet(43)) - raft.server.log.appender.buffer.byte-limit = 33554432 (custom)
2019-08-23 05:49:29,121 [pool-181-thread-1] INFO  server.RaftServerConfigKeys (ConfUtils.java:logGet(43)) - raft.server.log.use.memory = false (default)
2019-08-23 05:49:29,122 [pool-170-thread-1] INFO  server.RaftServerConfigKeys (ConfUtils.java:logGet(43)) - raft.server.log.segment.size.max = 1048576 (custom)
2019-08-23 05:49:29,122 [pool-159-thread-1] INFO  server.RaftServerConfigKeys (ConfUtils.java:logGet(43)) - raft.server.log.use.memory = false (default)
2019-08-23 05:49:29,122 [pool-170-thread-1] INFO  server.RaftServerConfigKeys (ConfUtils.java:logGet(43)) - raft.server.log.segment.cache.num.max = 2 (custom)
2019-08-23 05:49:29,122 [pool-181-thread-1] INFO  server.RaftServerConfigKeys (ConfUtils.java:logGet(43)) - raft.server.log.purge.gap = 1000000 (custom)
2019-08-23 05:49:29,122 [pool-170-thread-1] INFO  segmented.SegmentedRaftLogWorker (SegmentedRaftLogWorker.java:<init>(172)) - new 564f3e1b-dc37-4d98-9518-cc9451ddb3ca-SegmentedRaftLogWorker:Storage Directory /workdir/hadoop-ozone/integration-test/target/test-dir/MiniOzoneClusterImpl-4e018812-8580-4f5b-9c00-decd40181699/datanode-4/data/ratis/52f4033d-c7e3-4531-b297-fc65621a5432 for RaftStorage:Storage Directory /workdir/hadoop-ozone/integration-test/target/test-dir/MiniOzoneClusterImpl-4e018812-8580-4f5b-9c00-decd40181699/datanode-4/data/ratis/52f4033d-c7e3-4531-b297-fc65621a5432
2019-08-23 05:49:29,122 [pool-159-thread-1] INFO  server.RaftServerConfigKeys (ConfUtils.java:logGet(43)) - raft.server.log.purge.gap = 1000000 (custom)
2019-08-23 05:49:29,123 [pool-170-thread-1] INFO  server.RaftServerConfigKeys (ConfUtils.java:logGet(43)) - raft.server.log.queue.byte-limit = 2147483647 (custom)
2019-08-23 05:49:29,123 [pool-181-thread-1] INFO  server.RaftServerConfigKeys (ConfUtils.java:logGet(43)) - raft.server.log.appender.buffer.byte-limit = 33554432 (custom)
2019-08-23 05:49:29,123 [pool-170-thread-1] INFO  server.RaftServerConfigKeys (ConfUtils.java:logGet(43)) - raft.server.log.queue.element-limit = 1024 (custom)
2019-08-23 05:49:29,123 [pool-159-thread-1] INFO  server.RaftServerConfigKeys (ConfUtils.java:logGet(43)) - raft.server.log.appender.buffer.byte-limit = 33554432 (custom)
2019-08-23 05:49:29,123 [pool-170-thread-1] INFO  server.RaftServerConfigKeys (ConfUtils.java:logGet(43)) - raft.server.log.segment.size.max = 1048576 (custom)
2019-08-23 05:49:29,123 [pool-181-thread-1] INFO  server.RaftServerConfigKeys (ConfUtils.java:logGet(43)) - raft.server.log.segment.size.max = 1048576 (custom)
2019-08-23 05:49:29,124 [pool-170-thread-1] INFO  server.RaftServerConfigKeys (ConfUtils.java:logGet(43)) - raft.server.log.preallocated.size = 16384 (custom)
2019-08-23 05:49:29,124 [pool-159-thread-1] INFO  server.RaftServerConfigKeys (ConfUtils.java:logGet(43)) - raft.server.log.segment.size.max = 1048576 (custom)
2019-08-23 05:49:29,124 [pool-170-thread-1] INFO  server.RaftServerConfigKeys (ConfUtils.java:logGet(43)) - raft.server.log.write.buffer.size = 33554432 (custom)
2019-08-23 05:49:29,124 [pool-181-thread-1] INFO  server.RaftServerConfigKeys (ConfUtils.java:logGet(43)) - raft.server.log.segment.cache.num.max = 2 (custom)
2019-08-23 05:49:29,124 [pool-170-thread-1] INFO  server.RaftServerConfigKeys (ConfUtils.java:logGet(43)) - raft.server.log.force.sync.num = 128 (default)
2019-08-23 05:49:29,124 [pool-159-thread-1] INFO  server.RaftServerConfigKeys (ConfUtils.java:logGet(43)) - raft.server.log.segment.cache.num.max = 2 (custom)
2019-08-23 05:49:29,125 [pool-170-thread-1] INFO  server.RaftServerConfigKeys (ConfUtils.java:logGet(43)) - raft.server.log.statemachine.data.sync = true (default)
2019-08-23 05:49:29,125 [pool-181-thread-1] INFO  segmented.SegmentedRaftLogWorker (SegmentedRaftLogWorker.java:<init>(172)) - new 9e0d48e9-795f-4679-b1bc-974fe7951c55-SegmentedRaftLogWorker:Storage Directory /workdir/hadoop-ozone/integration-test/target/test-dir/MiniOzoneClusterImpl-4e018812-8580-4f5b-9c00-decd40181699/datanode-5/data/ratis/52f4033d-c7e3-4531-b297-fc65621a5432 for RaftStorage:Storage Directory /workdir/hadoop-ozone/integration-test/target/test-dir/MiniOzoneClusterImpl-4e018812-8580-4f5b-9c00-decd40181699/datanode-5/data/ratis/52f4033d-c7e3-4531-b297-fc65621a5432
2019-08-23 05:49:29,125 [pool-170-thread-1] INFO  server.RaftServerConfigKeys (ConfUtils.java:logGet(43)) - raft.server.log.statemachine.data.sync.timeout = 10s (default)
2019-08-23 05:49:29,125 [pool-159-thread-1] INFO  segmented.SegmentedRaftLogWorker (SegmentedRaftLogWorker.java:<init>(172)) - new d4f36997-48a6-49b8-995b-3c38d9ac3c0f-SegmentedRaftLogWorker:Storage Directory /workdir/hadoop-ozone/integration-test/target/test-dir/MiniOzoneClusterImpl-4e018812-8580-4f5b-9c00-decd40181699/datanode-3/data/ratis/52f4033d-c7e3-4531-b297-fc65621a5432 for RaftStorage:Storage Directory /workdir/hadoop-ozone/integration-test/target/test-dir/MiniOzoneClusterImpl-4e018812-8580-4f5b-9c00-decd40181699/datanode-3/data/ratis/52f4033d-c7e3-4531-b297-fc65621a5432
2019-08-23 05:49:29,126 [pool-170-thread-1] INFO  server.RaftServerConfigKeys (ConfUtils.java:logGet(43)) - raft.server.log.statemachine.data.sync.timeout.retry = -1 (default)
2019-08-23 05:49:29,125 [pool-181-thread-1] INFO  server.RaftServerConfigKeys (ConfUtils.java:logGet(43)) - raft.server.log.queue.byte-limit = 2147483647 (custom)
2019-08-23 05:49:29,126 [pool-170-thread-1] INFO  server.RaftServerConfigKeys (ConfUtils.java:logGet(43)) - raft.server.log.statemachine.data.caching.enabled = true (custom)
2019-08-23 05:49:29,126 [pool-159-thread-1] INFO  server.RaftServerConfigKeys (ConfUtils.java:logGet(43)) - raft.server.log.queue.byte-limit = 2147483647 (custom)
2019-08-23 05:49:29,126 [pool-181-thread-1] INFO  server.RaftServerConfigKeys (ConfUtils.java:logGet(43)) - raft.server.log.queue.element-limit = 1024 (custom)
2019-08-23 05:49:29,126 [pool-170-thread-1] INFO  segmented.SegmentedRaftLogWorker (SegmentedRaftLogWorker.java:lambda$new$0(132)) - 564f3e1b-dc37-4d98-9518-cc9451ddb3ca-SegmentedRaftLogWorker:Storage Directory /workdir/hadoop-ozone/integration-test/target/test-dir/MiniOzoneClusterImpl-4e018812-8580-4f5b-9c00-decd40181699/datanode-4/data/ratis/52f4033d-c7e3-4531-b297-fc65621a5432: flushIndex: setUnconditionally 0 -> -1
2019-08-23 05:49:29,126 [pool-159-thread-1] INFO  server.RaftServerConfigKeys (ConfUtils.java:logGet(43)) - raft.server.log.queue.element-limit = 1024 (custom)
2019-08-23 05:49:29,127 [pool-181-thread-1] INFO  server.RaftServerConfigKeys (ConfUtils.java:logGet(43)) - raft.server.log.segment.size.max = 1048576 (custom)
2019-08-23 05:49:29,127 [pool-170-thread-1] INFO  server.RaftServerConfigKeys (ConfUtils.java:logGet(43)) - raft.server.snapshot.auto.trigger.enabled = true (custom)
2019-08-23 05:49:29,127 [pool-159-thread-1] INFO  server.RaftServerConfigKeys (ConfUtils.java:logGet(43)) - raft.server.log.segment.size.max = 1048576 (custom)
2019-08-23 05:49:29,127 [pool-170-thread-1] INFO  server.RaftServerConfigKeys (ConfUtils.java:logGet(43)) - raft.server.snapshot.auto.trigger.threshold = 10000 (custom)
2019-08-23 05:49:29,127 [pool-181-thread-1] INFO  server.RaftServerConfigKeys (ConfUtils.java:logGet(43)) - raft.server.log.preallocated.size = 16384 (custom)
2019-08-23 05:49:29,128 [pool-170-thread-1] INFO  server.RaftServerConfigKeys (ConfUtils.java:logGet(43)) - raft.server.retrycache.expirytime = 600000ms (custom)
2019-08-23 05:49:29,127 [pool-159-thread-1] INFO  server.RaftServerConfigKeys (ConfUtils.java:logGet(43)) - raft.server.log.preallocated.size = 16384 (custom)
2019-08-23 05:49:29,128 [pool-170-thread-1] INFO  impl.RaftServerImpl (RaftServerImpl.java:start(180)) - 564f3e1b-dc37-4d98-9518-cc9451ddb3ca: start group-FC65621A5432
2019-08-23 05:49:29,128 [pool-181-thread-1] INFO  server.RaftServerConfigKeys (ConfUtils.java:logGet(43)) - raft.server.log.write.buffer.size = 33554432 (custom)
2019-08-23 05:49:29,128 [pool-170-thread-1] INFO  impl.RaftServerImpl (RaftServerImpl.java:setRole(171)) - 564f3e1b-dc37-4d98-9518-cc9451ddb3ca:group-FC65621A5432 changes role from null to FOLLOWER at term 0 for startAsFollower
2019-08-23 05:49:29,128 [pool-159-thread-1] INFO  server.RaftServerConfigKeys (ConfUtils.java:logGet(43)) - raft.server.log.write.buffer.size = 33554432 (custom)
2019-08-23 05:49:29,128 [pool-170-thread-1] INFO  impl.RoleInfo (RoleInfo.java:updateAndGet(143)) - 564f3e1b-dc37-4d98-9518-cc9451ddb3ca: start FollowerState
2019-08-23 05:49:29,128 [pool-181-thread-1] INFO  server.RaftServerConfigKeys (ConfUtils.java:logGet(43)) - raft.server.log.force.sync.num = 128 (default)
2019-08-23 05:49:29,129 [pool-159-thread-1] INFO  server.RaftServerConfigKeys (ConfUtils.java:logGet(43)) - raft.server.log.force.sync.num = 128 (default)
2019-08-23 05:49:29,129 [pool-170-thread-1] INFO  util.JmxRegister (JmxRegister.java:tryRegister(44)) - Successfully registered JMX Bean with object name Ratis:service=RaftServer,group=group-FC65621A5432,id=564f3e1b-dc37-4d98-9518-cc9451ddb3ca
2019-08-23 05:49:29,129 [pool-181-thread-1] INFO  server.RaftServerConfigKeys (ConfUtils.java:logGet(43)) - raft.server.log.statemachine.data.sync = true (default)
2019-08-23 05:49:29,129 [pool-159-thread-1] INFO  server.RaftServerConfigKeys (ConfUtils.java:logGet(43)) - raft.server.log.statemachine.data.sync = true (default)
2019-08-23 05:49:29,130 [pool-181-thread-1] INFO  server.RaftServerConfigKeys (ConfUtils.java:logGet(43)) - raft.server.log.statemachine.data.sync.timeout = 10s (default)
2019-08-23 05:49:29,130 [pool-159-thread-1] INFO  server.RaftServerConfigKeys (ConfUtils.java:logGet(43)) - raft.server.log.statemachine.data.sync.timeout = 10s (default)
2019-08-23 05:49:29,130 [pool-181-thread-1] INFO  server.RaftServerConfigKeys (ConfUtils.java:logGet(43)) - raft.server.log.statemachine.data.sync.timeout.retry = -1 (default)
2019-08-23 05:49:29,130 [pool-159-thread-1] INFO  server.RaftServerConfigKeys (ConfUtils.java:logGet(43)) - raft.server.log.statemachine.data.sync.timeout.retry = -1 (default)
2019-08-23 05:49:29,130 [pool-181-thread-1] INFO  server.RaftServerConfigKeys (ConfUtils.java:logGet(43)) - raft.server.log.statemachine.data.caching.enabled = true (custom)
2019-08-23 05:49:29,130 [pool-159-thread-1] INFO  server.RaftServerConfigKeys (ConfUtils.java:logGet(43)) - raft.server.log.statemachine.data.caching.enabled = true (custom)
2019-08-23 05:49:29,131 [pool-181-thread-1] INFO  segmented.SegmentedRaftLogWorker (SegmentedRaftLogWorker.java:lambda$new$0(132)) - 9e0d48e9-795f-4679-b1bc-974fe7951c55-SegmentedRaftLogWorker:Storage Directory /workdir/hadoop-ozone/integration-test/target/test-dir/MiniOzoneClusterImpl-4e018812-8580-4f5b-9c00-decd40181699/datanode-5/data/ratis/52f4033d-c7e3-4531-b297-fc65621a5432: flushIndex: setUnconditionally 0 -> -1
2019-08-23 05:49:29,131 [pool-159-thread-1] INFO  segmented.SegmentedRaftLogWorker (SegmentedRaftLogWorker.java:lambda$new$0(132)) - d4f36997-48a6-49b8-995b-3c38d9ac3c0f-SegmentedRaftLogWorker:Storage Directory /workdir/hadoop-ozone/integration-test/target/test-dir/MiniOzoneClusterImpl-4e018812-8580-4f5b-9c00-decd40181699/datanode-3/data/ratis/52f4033d-c7e3-4531-b297-fc65621a5432: flushIndex: setUnconditionally 0 -> -1
2019-08-23 05:49:29,135 [pool-159-thread-1] INFO  server.RaftServerConfigKeys (ConfUtils.java:logGet(43)) - raft.server.snapshot.auto.trigger.enabled = true (custom)
2019-08-23 05:49:29,135 [pool-181-thread-1] INFO  server.RaftServerConfigKeys (ConfUtils.java:logGet(43)) - raft.server.snapshot.auto.trigger.enabled = true (custom)
2019-08-23 05:49:29,135 [pool-159-thread-1] INFO  server.RaftServerConfigKeys (ConfUtils.java:logGet(43)) - raft.server.snapshot.auto.trigger.threshold = 10000 (custom)
2019-08-23 05:49:29,135 [pool-181-thread-1] INFO  server.RaftServerConfigKeys (ConfUtils.java:logGet(43)) - raft.server.snapshot.auto.trigger.threshold = 10000 (custom)
2019-08-23 05:49:29,136 [pool-159-thread-1] INFO  server.RaftServerConfigKeys (ConfUtils.java:logGet(43)) - raft.server.retrycache.expirytime = 600000ms (custom)
2019-08-23 05:49:29,136 [pool-181-thread-1] INFO  server.RaftServerConfigKeys (ConfUtils.java:logGet(43)) - raft.server.retrycache.expirytime = 600000ms (custom)
2019-08-23 05:49:29,136 [pool-159-thread-1] INFO  impl.RaftServerImpl (RaftServerImpl.java:start(180)) - d4f36997-48a6-49b8-995b-3c38d9ac3c0f: start group-FC65621A5432
2019-08-23 05:49:29,136 [pool-181-thread-1] INFO  impl.RaftServerImpl (RaftServerImpl.java:start(180)) - 9e0d48e9-795f-4679-b1bc-974fe7951c55: start group-FC65621A5432
2019-08-23 05:49:29,136 [pool-159-thread-1] INFO  impl.RaftServerImpl (RaftServerImpl.java:setRole(171)) - d4f36997-48a6-49b8-995b-3c38d9ac3c0f:group-FC65621A5432 changes role from null to FOLLOWER at term 0 for startAsFollower
2019-08-23 05:49:29,136 [pool-181-thread-1] INFO  impl.RaftServerImpl (RaftServerImpl.java:setRole(171)) - 9e0d48e9-795f-4679-b1bc-974fe7951c55:group-FC65621A5432 changes role from null to FOLLOWER at term 0 for startAsFollower
2019-08-23 05:49:29,136 [pool-159-thread-1] INFO  impl.RoleInfo (RoleInfo.java:updateAndGet(143)) - d4f36997-48a6-49b8-995b-3c38d9ac3c0f: start FollowerState
2019-08-23 05:49:29,136 [pool-181-thread-1] INFO  impl.RoleInfo (RoleInfo.java:updateAndGet(143)) - 9e0d48e9-795f-4679-b1bc-974fe7951c55: start FollowerState
2019-08-23 05:49:29,137 [pool-159-thread-1] INFO  util.JmxRegister (JmxRegister.java:tryRegister(44)) - Successfully registered JMX Bean with object name Ratis:service=RaftServer,group=group-FC65621A5432,id=d4f36997-48a6-49b8-995b-3c38d9ac3c0f
2019-08-23 05:49:29,137 [pool-181-thread-1] INFO  util.JmxRegister (JmxRegister.java:tryRegister(44)) - Successfully registered JMX Bean with object name Ratis:service=RaftServer,group=group-FC65621A5432,id=9e0d48e9-795f-4679-b1bc-974fe7951c55
2019-08-23 05:49:29,146 [RatisPipelineUtilsThread] INFO  pipeline.PipelineStateManager (PipelineStateManager.java:addPipeline(56)) - Created pipeline Pipeline[ Id: 52f4033d-c7e3-4531-b297-fc65621a5432, Nodes: 564f3e1b-dc37-4d98-9518-cc9451ddb3ca{ip: 192.168.5.178, host: trunk-nightly-zfkm8-417691344, networkLocation: /default-rack, certSerialId: null}9e0d48e9-795f-4679-b1bc-974fe7951c55{ip: 192.168.5.178, host: trunk-nightly-zfkm8-417691344, networkLocation: /default-rack, certSerialId: null}d4f36997-48a6-49b8-995b-3c38d9ac3c0f{ip: 192.168.5.178, host: trunk-nightly-zfkm8-417691344, networkLocation: /default-rack, certSerialId: null}, Type:RATIS, Factor:THREE, State:OPEN]
2019-08-23 05:49:29,180 [main] INFO  ozone.MiniOzoneClusterImpl (MiniOzoneClusterImpl.java:lambda$waitForClusterToBeReady$0(142)) - Waiting for cluster to be ready. Got 6 of 7 DN Heartbeats.
2019-08-23 05:49:29,183 [IPC Server handler 2 on 40150] INFO  net.NetworkTopology (NetworkTopologyImpl.java:add(110)) - Added a new node: /default-rack/6b30598f-e3b0-450c-bc0d-9274443a7fa0
2019-08-23 05:49:29,184 [IPC Server handler 2 on 40150] INFO  node.SCMNodeManager (SCMNodeManager.java:register(273)) - Registered Data node : 6b30598f-e3b0-450c-bc0d-9274443a7fa0{ip: 192.168.5.178, host: trunk-nightly-zfkm8-417691344, networkLocation: /default-rack, certSerialId: null}
2019-08-23 05:49:29,187 | INFO  | SCMAudit | user=jenkins1000 | ip=192.168.5.178 | op=REGISTER {datanodeDetails=6b30598f-e3b0-450c-bc0d-9274443a7fa0{ip: 192.168.5.178, host: trunk-nightly-zfkm8-417691344, networkLocation: /default-rack, certSerialId: null}} | ret=SUCCESS |  
2019-08-23 05:49:29,199 [grpc-default-executor-4] INFO  impl.RaftServerProxy (RaftServerProxy.java:addNew(89)) - 6b30598f-e3b0-450c-bc0d-9274443a7fa0: addNew group-8CAEA888D42B:[6b30598f-e3b0-450c-bc0d-9274443a7fa0:192.168.5.178:41188] returns group-8CAEA888D42B:java.util.concurrent.CompletableFuture@78b42438[Not completed]
2019-08-23 05:49:29,206 [pool-192-thread-1] INFO  impl.RaftServerImpl (RaftServerImpl.java:<init>(93)) - 6b30598f-e3b0-450c-bc0d-9274443a7fa0: new RaftServerImpl for group-8CAEA888D42B:[6b30598f-e3b0-450c-bc0d-9274443a7fa0:192.168.5.178:41188] with ContainerStateMachine:uninitialized
2019-08-23 05:49:29,206 [pool-192-thread-1] INFO  server.RaftServerConfigKeys (ConfUtils.java:logGet(43)) - raft.server.rpc.timeout.min = 5s (custom)
2019-08-23 05:49:29,207 [pool-192-thread-1] INFO  server.RaftServerConfigKeys (ConfUtils.java:logGet(43)) - raft.server.rpc.timeout.max = 5200ms (custom)
2019-08-23 05:49:29,207 [pool-192-thread-1] INFO  server.RaftServerConfigKeys (ConfUtils.java:logGet(43)) - raft.server.rpcslowness.timeout = 120s (custom)
2019-08-23 05:49:29,207 [pool-192-thread-1] INFO  server.RaftServerConfigKeys (ConfUtils.java:logGet(43)) - raft.server.sleep.deviation.threshold = 300 (default)
2019-08-23 05:49:29,207 [pool-192-thread-1] INFO  server.RaftServerConfigKeys (ConfUtils.java:logGet(43)) - raft.server.log.appender.install.snapshot.enabled = false (custom)
2019-08-23 05:49:29,207 [pool-192-thread-1] INFO  impl.RaftServerImpl (ServerState.java:<init>(105)) - 6b30598f-e3b0-450c-bc0d-9274443a7fa0:group-8CAEA888D42B ConfigurationManager, init=-1: [6b30598f-e3b0-450c-bc0d-9274443a7fa0:192.168.5.178:41188], old=null, confs=<EMPTY_MAP>
2019-08-23 05:49:29,208 [pool-192-thread-1] INFO  server.RaftServerConfigKeys (ConfUtils.java:logGet(43)) - raft.server.storage.dir = [/workdir/hadoop-ozone/integration-test/target/test-dir/MiniOzoneClusterImpl-4e018812-8580-4f5b-9c00-decd40181699/datanode-6/data/ratis] (custom)
2019-08-23 05:49:29,208 [pool-192-thread-1] INFO  storage.RaftStorageDirectory (RaftStorageDirectory.java:analyzeStorage(246)) - The storage directory /workdir/hadoop-ozone/integration-test/target/test-dir/MiniOzoneClusterImpl-4e018812-8580-4f5b-9c00-decd40181699/datanode-6/data/ratis/7a8ed2d4-c2ed-4f04-ba7d-8caea888d42b does not exist. Creating ...
2019-08-23 05:49:29,222 [pool-192-thread-1] INFO  storage.RaftStorageDirectory (RaftStorageDirectory.java:tryLock(328)) - Lock on /workdir/hadoop-ozone/integration-test/target/test-dir/MiniOzoneClusterImpl-4e018812-8580-4f5b-9c00-decd40181699/datanode-6/data/ratis/7a8ed2d4-c2ed-4f04-ba7d-8caea888d42b/in_use.lock acquired by nodename 19557@trunk-nightly-zfkm8-417691344
2019-08-23 05:49:29,236 [pool-192-thread-1] INFO  storage.RaftStorage (RaftStorage.java:format(72)) - Storage directory /workdir/hadoop-ozone/integration-test/target/test-dir/MiniOzoneClusterImpl-4e018812-8580-4f5b-9c00-decd40181699/datanode-6/data/ratis/7a8ed2d4-c2ed-4f04-ba7d-8caea888d42b has been successfully formatted.
2019-08-23 05:49:29,236 [pool-192-thread-1] INFO  ratis.ContainerStateMachine (ContainerStateMachine.java:loadSnapshot(226)) - group-8CAEA888D42B: The snapshot info is null. Setting the last applied indexto:(t:0, i:~)
2019-08-23 05:49:29,236 [pool-192-thread-1] INFO  server.RaftServerConfigKeys (ConfUtils.java:logGet(43)) - raft.server.leader.election.timeout = 120s (custom)
2019-08-23 05:49:29,236 [pool-192-thread-1] INFO  server.RaftServerConfigKeys (ConfUtils.java:logGet(43)) - raft.server.log.use.memory = false (default)
2019-08-23 05:49:29,237 [pool-192-thread-1] INFO  server.RaftServerConfigKeys (ConfUtils.java:logGet(43)) - raft.server.log.purge.gap = 1000000 (custom)
2019-08-23 05:49:29,237 [pool-192-thread-1] INFO  server.RaftServerConfigKeys (ConfUtils.java:logGet(43)) - raft.server.log.appender.buffer.byte-limit = 33554432 (custom)
2019-08-23 05:49:29,237 [pool-192-thread-1] INFO  server.RaftServerConfigKeys (ConfUtils.java:logGet(43)) - raft.server.log.segment.size.max = 1048576 (custom)
2019-08-23 05:49:29,237 [pool-192-thread-1] INFO  server.RaftServerConfigKeys (ConfUtils.java:logGet(43)) - raft.server.log.segment.cache.num.max = 2 (custom)
2019-08-23 05:49:29,237 [pool-192-thread-1] INFO  segmented.SegmentedRaftLogWorker (SegmentedRaftLogWorker.java:<init>(172)) - new 6b30598f-e3b0-450c-bc0d-9274443a7fa0-SegmentedRaftLogWorker:Storage Directory /workdir/hadoop-ozone/integration-test/target/test-dir/MiniOzoneClusterImpl-4e018812-8580-4f5b-9c00-decd40181699/datanode-6/data/ratis/7a8ed2d4-c2ed-4f04-ba7d-8caea888d42b for RaftStorage:Storage Directory /workdir/hadoop-ozone/integration-test/target/test-dir/MiniOzoneClusterImpl-4e018812-8580-4f5b-9c00-decd40181699/datanode-6/data/ratis/7a8ed2d4-c2ed-4f04-ba7d-8caea888d42b
2019-08-23 05:49:29,238 [pool-192-thread-1] INFO  server.RaftServerConfigKeys (ConfUtils.java:logGet(43)) - raft.server.log.queue.byte-limit = 2147483647 (custom)
2019-08-23 05:49:29,238 [pool-192-thread-1] INFO  server.RaftServerConfigKeys (ConfUtils.java:logGet(43)) - raft.server.log.queue.element-limit = 1024 (custom)
2019-08-23 05:49:29,238 [pool-192-thread-1] INFO  server.RaftServerConfigKeys (ConfUtils.java:logGet(43)) - raft.server.log.segment.size.max = 1048576 (custom)
2019-08-23 05:49:29,239 [pool-192-thread-1] INFO  server.RaftServerConfigKeys (ConfUtils.java:logGet(43)) - raft.server.log.preallocated.size = 16384 (custom)
2019-08-23 05:49:29,239 [pool-192-thread-1] INFO  server.RaftServerConfigKeys (ConfUtils.java:logGet(43)) - raft.server.log.write.buffer.size = 33554432 (custom)
2019-08-23 05:49:29,239 [pool-192-thread-1] INFO  server.RaftServerConfigKeys (ConfUtils.java:logGet(43)) - raft.server.log.force.sync.num = 128 (default)
2019-08-23 05:49:29,239 [pool-192-thread-1] INFO  server.RaftServerConfigKeys (ConfUtils.java:logGet(43)) - raft.server.log.statemachine.data.sync = true (default)
2019-08-23 05:49:29,239 [pool-192-thread-1] INFO  server.RaftServerConfigKeys (ConfUtils.java:logGet(43)) - raft.server.log.statemachine.data.sync.timeout = 10s (default)
2019-08-23 05:49:29,240 [pool-192-thread-1] INFO  server.RaftServerConfigKeys (ConfUtils.java:logGet(43)) - raft.server.log.statemachine.data.sync.timeout.retry = -1 (default)
2019-08-23 05:49:29,240 [pool-192-thread-1] INFO  server.RaftServerConfigKeys (ConfUtils.java:logGet(43)) - raft.server.log.statemachine.data.caching.enabled = true (custom)
2019-08-23 05:49:29,240 [pool-192-thread-1] INFO  segmented.SegmentedRaftLogWorker (SegmentedRaftLogWorker.java:lambda$new$0(132)) - 6b30598f-e3b0-450c-bc0d-9274443a7fa0-SegmentedRaftLogWorker:Storage Directory /workdir/hadoop-ozone/integration-test/target/test-dir/MiniOzoneClusterImpl-4e018812-8580-4f5b-9c00-decd40181699/datanode-6/data/ratis/7a8ed2d4-c2ed-4f04-ba7d-8caea888d42b: flushIndex: setUnconditionally 0 -> -1
2019-08-23 05:49:29,241 [pool-192-thread-1] INFO  server.RaftServerConfigKeys (ConfUtils.java:logGet(43)) - raft.server.snapshot.auto.trigger.enabled = true (custom)
2019-08-23 05:49:29,241 [pool-192-thread-1] INFO  server.RaftServerConfigKeys (ConfUtils.java:logGet(43)) - raft.server.snapshot.auto.trigger.threshold = 10000 (custom)
2019-08-23 05:49:29,241 [pool-192-thread-1] INFO  server.RaftServerConfigKeys (ConfUtils.java:logGet(43)) - raft.server.retrycache.expirytime = 600000ms (custom)
2019-08-23 05:49:29,241 [pool-192-thread-1] INFO  impl.RaftServerImpl (RaftServerImpl.java:start(180)) - 6b30598f-e3b0-450c-bc0d-9274443a7fa0: start group-8CAEA888D42B
2019-08-23 05:49:29,241 [pool-192-thread-1] INFO  impl.RaftServerImpl (RaftServerImpl.java:setRole(171)) - 6b30598f-e3b0-450c-bc0d-9274443a7fa0:group-8CAEA888D42B changes role from null to FOLLOWER at term 0 for startAsFollower
2019-08-23 05:49:29,242 [pool-192-thread-1] INFO  impl.RoleInfo (RoleInfo.java:updateAndGet(143)) - 6b30598f-e3b0-450c-bc0d-9274443a7fa0: start FollowerState
2019-08-23 05:49:29,242 [pool-192-thread-1] INFO  util.JmxRegister (JmxRegister.java:tryRegister(44)) - Successfully registered JMX Bean with object name Ratis:service=RaftServer,group=group-8CAEA888D42B,id=6b30598f-e3b0-450c-bc0d-9274443a7fa0
2019-08-23 05:49:29,249 [RatisPipelineUtilsThread] INFO  pipeline.PipelineStateManager (PipelineStateManager.java:addPipeline(56)) - Created pipeline Pipeline[ Id: 7a8ed2d4-c2ed-4f04-ba7d-8caea888d42b, Nodes: 6b30598f-e3b0-450c-bc0d-9274443a7fa0{ip: 192.168.5.178, host: trunk-nightly-zfkm8-417691344, networkLocation: /default-rack, certSerialId: null}, Type:RATIS, Factor:ONE, State:OPEN]
2019-08-23 05:49:29,816 | INFO  | SCMAudit | user=jenkins1000 | ip=192.168.5.178 | op=SEND_HEARTBEAT {datanodeUUID=96a4345b-84e3-4f69-b56b-0cb9f3200145, command=[]} | ret=SUCCESS |  
2019-08-23 05:49:30,035 | INFO  | SCMAudit | user=jenkins1000 | ip=192.168.5.178 | op=SEND_HEARTBEAT {datanodeUUID=c6842691-702c-4d39-b47f-d27b1fab8f33, command=[]} | ret=SUCCESS |  
2019-08-23 05:49:30,181 [main] INFO  ozone.MiniOzoneClusterImpl (MiniOzoneClusterImpl.java:lambda$waitForClusterToBeReady$0(142)) - Cluster is ready. Got 7 of 7 DN Heartbeats.
2019-08-23 05:49:30,228 [main] INFO  rpc.RpcClient (RpcClient.java:createVolume(293)) - Creating Volume: testblockoutputstreamwithretries, with jenkins1000 as owner.
2019-08-23 05:49:30,232 | INFO  | OMAudit | user=jenkins1000 | ip=127.0.0.1 | op=CREATE_VOLUME {admin=jenkins1000, owner=jenkins1000, volume=testblockoutputstreamwithretries, creationTime=1566539370231, quotaInBytes=1152921504606846976} | ret=SUCCESS |  
2019-08-23 05:49:30,248 | INFO  | OMAudit | user=jenkins1000 | ip=127.0.0.1 | op=READ_VOLUME {volume=testblockoutputstreamwithretries} | ret=SUCCESS |  
2019-08-23 05:49:30,249 | INFO  | SCMAudit | user=jenkins1000 | ip=192.168.5.178 | op=SEND_HEARTBEAT {datanodeUUID=63fd8c64-0397-4420-bb2f-fd9af094cc1f, command=[]} | ret=SUCCESS |  
2019-08-23 05:49:30,249 [main] INFO  rpc.RpcClient (RpcClient.java:createBucket(432)) - Creating Bucket: testblockoutputstreamwithretries/testblockoutputstreamwithretries, with Versioning false and Storage Type set to DISK and Encryption set to false 
2019-08-23 05:49:30,254 | INFO  | OMAudit | user=jenkins1000 | ip=127.0.0.1 | op=CREATE_BUCKET {volume=testblockoutputstreamwithretries, bucket=testblockoutputstreamwithretries, acls=[user:jenkins1000:a[ACCESS], group:default:a[ACCESS]], isVersionEnabled=false, storageType=DISK, creationTime=0} | ret=SUCCESS |  
2019-08-23 05:49:30,256 | INFO  | OMAudit | user=jenkins1000 | ip=127.0.0.1 | op=READ_VOLUME {volume=testblockoutputstreamwithretries} | ret=SUCCESS |  
2019-08-23 05:49:30,258 | INFO  | OMAudit | user=jenkins1000 | ip=127.0.0.1 | op=READ_BUCKET {volume=testblockoutputstreamwithretries, bucket=testblockoutputstreamwithretries} | ret=SUCCESS |  
2019-08-23 05:49:30,264 | INFO  | SCMAudit | user=jenkins1000 | ip=192.168.5.178 | op=ALLOCATE_BLOCK {owner=cf35fd38-3b4d-4e72-b3ad-5b49e5c58c4e, size=800, type=RATIS, factor=THREE} | ret=SUCCESS |  
2019-08-23 05:49:30,267 | INFO  | OMAudit | user=jenkins1000 | ip=127.0.0.1 | op=ALLOCATE_KEY {volume=testblockoutputstreamwithretries, bucket=testblockoutputstreamwithretries, key=3e5aeee8-f2cd-4db3-92ac-9da09cbf45cf, dataSize=3200, replicationType=RATIS, replicationFactor=THREE, keyLocationInfo=null} | ret=SUCCESS |  
2019-08-23 05:49:30,291 [grpc-default-executor-4] INFO  client.GrpcClientProtocolClient (GrpcClientProtocolClient.java:onNext(255)) - client-DB4E080F923B->564f3e1b-dc37-4d98-9518-cc9451ddb3ca: receive RaftClientReply:client-DB4E080F923B->564f3e1b-dc37-4d98-9518-cc9451ddb3ca@group-FC65621A5432, cid=42, FAILED org.apache.ratis.protocol.NotLeaderException: Server 564f3e1b-dc37-4d98-9518-cc9451ddb3ca is not the leader (null). Request must be sent to leader., logIndex=0, commits[564f3e1b-dc37-4d98-9518-cc9451ddb3ca:c-1]
2019-08-23 05:49:30,449 | INFO  | SCMAudit | user=jenkins1000 | ip=192.168.5.178 | op=SEND_HEARTBEAT {datanodeUUID=d4f36997-48a6-49b8-995b-3c38d9ac3c0f, command=[]} | ret=SUCCESS |  
2019-08-23 05:49:30,787 | INFO  | SCMAudit | user=jenkins1000 | ip=192.168.5.178 | op=SEND_HEARTBEAT {datanodeUUID=564f3e1b-dc37-4d98-9518-cc9451ddb3ca, command=[]} | ret=SUCCESS |  
2019-08-23 05:49:30,815 | INFO  | SCMAudit | user=jenkins1000 | ip=192.168.5.178 | op=SEND_HEARTBEAT {datanodeUUID=96a4345b-84e3-4f69-b56b-0cb9f3200145, command=[]} | ret=SUCCESS |  
2019-08-23 05:49:30,833 [Thread-673] INFO  container.ReplicationManager (ReplicationManager.java:start(152)) - Starting Replication Monitor Thread.
2019-08-23 05:49:30,838 [ReplicationMonitor] INFO  container.ReplicationManager (ReplicationManager.java:run(215)) - Replication Monitor Thread took 1 milliseconds for processing 3 containers.
2019-08-23 05:49:30,994 | INFO  | SCMAudit | user=jenkins1000 | ip=192.168.5.178 | op=SEND_HEARTBEAT {datanodeUUID=9e0d48e9-795f-4679-b1bc-974fe7951c55, command=[]} | ret=SUCCESS |  
2019-08-23 05:49:31,035 | INFO  | SCMAudit | user=jenkins1000 | ip=192.168.5.178 | op=SEND_HEARTBEAT {datanodeUUID=c6842691-702c-4d39-b47f-d27b1fab8f33, command=[]} | ret=SUCCESS |  
2019-08-23 05:49:31,180 | INFO  | SCMAudit | user=jenkins1000 | ip=192.168.5.178 | op=SEND_HEARTBEAT {datanodeUUID=6b30598f-e3b0-450c-bc0d-9274443a7fa0, command=[]} | ret=SUCCESS |  
2019-08-23 05:49:31,241 | INFO  | SCMAudit | user=jenkins1000 | ip=192.168.5.178 | op=SEND_HEARTBEAT {datanodeUUID=63fd8c64-0397-4420-bb2f-fd9af094cc1f, command=[]} | ret=SUCCESS |  
2019-08-23 05:49:31,321 [grpc-default-executor-2] INFO  client.GrpcClientProtocolClient (GrpcClientProtocolClient.java:onNext(255)) - client-DB4E080F923B->d4f36997-48a6-49b8-995b-3c38d9ac3c0f: receive RaftClientReply:client-DB4E080F923B->d4f36997-48a6-49b8-995b-3c38d9ac3c0f@group-FC65621A5432, cid=42, FAILED org.apache.ratis.protocol.NotLeaderException: Server d4f36997-48a6-49b8-995b-3c38d9ac3c0f is not the leader (null). Request must be sent to leader., logIndex=0, commits[d4f36997-48a6-49b8-995b-3c38d9ac3c0f:c-1]
2019-08-23 05:49:31,450 | INFO  | SCMAudit | user=jenkins1000 | ip=192.168.5.178 | op=SEND_HEARTBEAT {datanodeUUID=d4f36997-48a6-49b8-995b-3c38d9ac3c0f, command=[]} | ret=SUCCESS |  
2019-08-23 05:49:31,787 | INFO  | SCMAudit | user=jenkins1000 | ip=192.168.5.178 | op=SEND_HEARTBEAT {datanodeUUID=564f3e1b-dc37-4d98-9518-cc9451ddb3ca, command=[]} | ret=SUCCESS |  
2019-08-23 05:49:31,815 | INFO  | SCMAudit | user=jenkins1000 | ip=192.168.5.178 | op=SEND_HEARTBEAT {datanodeUUID=96a4345b-84e3-4f69-b56b-0cb9f3200145, command=[]} | ret=SUCCESS |  
2019-08-23 05:49:31,994 | INFO  | SCMAudit | user=jenkins1000 | ip=192.168.5.178 | op=SEND_HEARTBEAT {datanodeUUID=9e0d48e9-795f-4679-b1bc-974fe7951c55, command=[]} | ret=SUCCESS |  
2019-08-23 05:49:32,035 | INFO  | SCMAudit | user=jenkins1000 | ip=192.168.5.178 | op=SEND_HEARTBEAT {datanodeUUID=c6842691-702c-4d39-b47f-d27b1fab8f33, command=[]} | ret=SUCCESS |  
2019-08-23 05:49:32,181 | INFO  | SCMAudit | user=jenkins1000 | ip=192.168.5.178 | op=SEND_HEARTBEAT {datanodeUUID=6b30598f-e3b0-450c-bc0d-9274443a7fa0, command=[]} | ret=SUCCESS |  
2019-08-23 05:49:32,240 | INFO  | SCMAudit | user=jenkins1000 | ip=192.168.5.178 | op=SEND_HEARTBEAT {datanodeUUID=63fd8c64-0397-4420-bb2f-fd9af094cc1f, command=[]} | ret=SUCCESS |  
2019-08-23 05:49:32,350 [grpc-default-executor-2] INFO  client.GrpcClientProtocolClient (GrpcClientProtocolClient.java:onNext(255)) - client-DB4E080F923B->9e0d48e9-795f-4679-b1bc-974fe7951c55: receive RaftClientReply:client-DB4E080F923B->9e0d48e9-795f-4679-b1bc-974fe7951c55@group-FC65621A5432, cid=42, FAILED org.apache.ratis.protocol.NotLeaderException: Server 9e0d48e9-795f-4679-b1bc-974fe7951c55 is not the leader (null). Request must be sent to leader., logIndex=0, commits[9e0d48e9-795f-4679-b1bc-974fe7951c55:c-1]
2019-08-23 05:49:32,449 | INFO  | SCMAudit | user=jenkins1000 | ip=192.168.5.178 | op=SEND_HEARTBEAT {datanodeUUID=d4f36997-48a6-49b8-995b-3c38d9ac3c0f, command=[]} | ret=SUCCESS |  
2019-08-23 05:49:32,787 | INFO  | SCMAudit | user=jenkins1000 | ip=192.168.5.178 | op=SEND_HEARTBEAT {datanodeUUID=564f3e1b-dc37-4d98-9518-cc9451ddb3ca, command=[]} | ret=SUCCESS |  
2019-08-23 05:49:32,816 | INFO  | SCMAudit | user=jenkins1000 | ip=192.168.5.178 | op=SEND_HEARTBEAT {datanodeUUID=96a4345b-84e3-4f69-b56b-0cb9f3200145, command=[]} | ret=SUCCESS |  
2019-08-23 05:49:32,901 [Thread-675] INFO  impl.FollowerState (FollowerState.java:run(106)) - 96a4345b-84e3-4f69-b56b-0cb9f3200145:group-B8A180791E72 changes to CANDIDATE, lastRpcTime:5014, electionTimeout:5014ms
2019-08-23 05:49:32,902 [Thread-675] INFO  impl.RoleInfo (RoleInfo.java:shutdownFollowerState(121)) - 96a4345b-84e3-4f69-b56b-0cb9f3200145: shutdown FollowerState
2019-08-23 05:49:32,902 [Thread-675] INFO  impl.RaftServerImpl (RaftServerImpl.java:setRole(171)) - 96a4345b-84e3-4f69-b56b-0cb9f3200145:group-B8A180791E72 changes role from FOLLOWER to CANDIDATE at term 0 for changeToCandidate
2019-08-23 05:49:32,902 [Thread-675] INFO  impl.RoleInfo (RoleInfo.java:updateAndGet(143)) - 96a4345b-84e3-4f69-b56b-0cb9f3200145: start LeaderElection
2019-08-23 05:49:32,940 [96a4345b-84e3-4f69-b56b-0cb9f3200145:group-B8A180791E72:LeaderElection12] INFO  impl.LeaderElection (LeaderElection.java:askForVotes(181)) - 96a4345b-84e3-4f69-b56b-0cb9f3200145:group-B8A180791E72:LeaderElection12: begin an election at term 1 for -1: [96a4345b-84e3-4f69-b56b-0cb9f3200145:192.168.5.178:40964], old=null
2019-08-23 05:49:32,941 [96a4345b-84e3-4f69-b56b-0cb9f3200145:group-B8A180791E72:LeaderElection12] INFO  impl.RoleInfo (RoleInfo.java:shutdownLeaderElection(134)) - 96a4345b-84e3-4f69-b56b-0cb9f3200145: shutdown LeaderElection
2019-08-23 05:49:32,941 [96a4345b-84e3-4f69-b56b-0cb9f3200145:group-B8A180791E72:LeaderElection12] INFO  impl.RaftServerImpl (RaftServerImpl.java:setRole(171)) - 96a4345b-84e3-4f69-b56b-0cb9f3200145:group-B8A180791E72 changes role from CANDIDATE to LEADER at term 1 for changeToLeader
2019-08-23 05:49:32,941 [96a4345b-84e3-4f69-b56b-0cb9f3200145:group-B8A180791E72:LeaderElection12] INFO  impl.RaftServerImpl (ServerState.java:setLeader(263)) - 96a4345b-84e3-4f69-b56b-0cb9f3200145:group-B8A180791E72 change Leader from null to 96a4345b-84e3-4f69-b56b-0cb9f3200145 at term 1 for becomeLeader, leader elected after 5060ms
2019-08-23 05:49:32,943 [96a4345b-84e3-4f69-b56b-0cb9f3200145:group-B8A180791E72:LeaderElection12] INFO  server.RaftServerConfigKeys (ConfUtils.java:logGet(43)) - raft.server.staging.catchup.gap = 1000 (default)
2019-08-23 05:49:32,943 [96a4345b-84e3-4f69-b56b-0cb9f3200145:group-B8A180791E72:LeaderElection12] INFO  server.RaftServerConfigKeys (ConfUtils.java:logGet(43)) - raft.server.rpc.sleep.time = 25ms (default)
2019-08-23 05:49:32,944 [96a4345b-84e3-4f69-b56b-0cb9f3200145:group-B8A180791E72:LeaderElection12] INFO  server.RaftServerConfigKeys (ConfUtils.java:logGet(43)) - raft.server.write.element-limit = 4096 (default)
2019-08-23 05:49:32,944 [96a4345b-84e3-4f69-b56b-0cb9f3200145:group-B8A180791E72:LeaderElection12] INFO  server.RaftServerConfigKeys (ConfUtils.java:logGet(43)) - raft.server.watch.timeout = 10s (default)
2019-08-23 05:49:32,944 [96a4345b-84e3-4f69-b56b-0cb9f3200145:group-B8A180791E72:LeaderElection12] INFO  server.RaftServerConfigKeys (ConfUtils.java:logGet(43)) - raft.server.watch.timeout.denomination = 1s (default)
2019-08-23 05:49:32,944 [96a4345b-84e3-4f69-b56b-0cb9f3200145:group-B8A180791E72:LeaderElection12] INFO  server.RaftServerConfigKeys (ConfUtils.java:logGet(43)) - raft.server.watch.element-limit = 65536 (default)
2019-08-23 05:49:32,945 [96a4345b-84e3-4f69-b56b-0cb9f3200145:group-B8A180791E72:LeaderElection12] INFO  impl.RoleInfo (RoleInfo.java:updateAndGet(143)) - 96a4345b-84e3-4f69-b56b-0cb9f3200145: start LeaderState
2019-08-23 05:49:32,945 [96a4345b-84e3-4f69-b56b-0cb9f3200145:group-B8A180791E72:LeaderElection12] INFO  segmented.SegmentedRaftLogWorker (SegmentedRaftLogWorker.java:startLogSegment(380)) - 96a4345b-84e3-4f69-b56b-0cb9f3200145-SegmentedRaftLogWorker:Storage Directory /workdir/hadoop-ozone/integration-test/target/test-dir/MiniOzoneClusterImpl-4e018812-8580-4f5b-9c00-decd40181699/datanode-0/data/ratis/38cd217b-cbe9-40e4-9463-b8a180791e72: Starting segment from index:0
2019-08-23 05:49:32,946 [96a4345b-84e3-4f69-b56b-0cb9f3200145:group-B8A180791E72:LeaderElection12] INFO  impl.RaftServerImpl (ServerState.java:setRaftConf(361)) - 96a4345b-84e3-4f69-b56b-0cb9f3200145:group-B8A180791E72 set configuration 0: [96a4345b-84e3-4f69-b56b-0cb9f3200145:192.168.5.178:40964], old=null at 0
2019-08-23 05:49:32,986 [96a4345b-84e3-4f69-b56b-0cb9f3200145-SegmentedRaftLogWorker:Storage Directory /workdir/hadoop-ozone/integration-test/target/test-dir/MiniOzoneClusterImpl-4e018812-8580-4f5b-9c00-decd40181699/datanode-0/data/ratis/38cd217b-cbe9-40e4-9463-b8a180791e72] INFO  segmented.SegmentedRaftLogWorker (SegmentedRaftLogWorker.java:execute(569)) - 96a4345b-84e3-4f69-b56b-0cb9f3200145-SegmentedRaftLogWorker:Storage Directory /workdir/hadoop-ozone/integration-test/target/test-dir/MiniOzoneClusterImpl-4e018812-8580-4f5b-9c00-decd40181699/datanode-0/data/ratis/38cd217b-cbe9-40e4-9463-b8a180791e72: created new log segment /workdir/hadoop-ozone/integration-test/target/test-dir/MiniOzoneClusterImpl-4e018812-8580-4f5b-9c00-decd40181699/datanode-0/data/ratis/38cd217b-cbe9-40e4-9463-b8a180791e72/current/log_inprogress_0
2019-08-23 05:49:32,993 | INFO  | SCMAudit | user=jenkins1000 | ip=192.168.5.178 | op=SEND_HEARTBEAT {datanodeUUID=9e0d48e9-795f-4679-b1bc-974fe7951c55, command=[]} | ret=SUCCESS |  
2019-08-23 05:49:33,035 | INFO  | SCMAudit | user=jenkins1000 | ip=192.168.5.178 | op=SEND_HEARTBEAT {datanodeUUID=c6842691-702c-4d39-b47f-d27b1fab8f33, command=[]} | ret=SUCCESS |  
2019-08-23 05:49:33,146 [Thread-678] INFO  impl.FollowerState (FollowerState.java:run(106)) - c6842691-702c-4d39-b47f-d27b1fab8f33:group-8041FF03EB6E changes to CANDIDATE, lastRpcTime:5063, electionTimeout:5063ms
2019-08-23 05:49:33,146 [Thread-678] INFO  impl.RoleInfo (RoleInfo.java:shutdownFollowerState(121)) - c6842691-702c-4d39-b47f-d27b1fab8f33: shutdown FollowerState
2019-08-23 05:49:33,146 [Thread-678] INFO  impl.RaftServerImpl (RaftServerImpl.java:setRole(171)) - c6842691-702c-4d39-b47f-d27b1fab8f33:group-8041FF03EB6E changes role from FOLLOWER to CANDIDATE at term 0 for changeToCandidate
2019-08-23 05:49:33,146 [Thread-678] INFO  impl.RoleInfo (RoleInfo.java:updateAndGet(143)) - c6842691-702c-4d39-b47f-d27b1fab8f33: start LeaderElection
2019-08-23 05:49:33,164 [c6842691-702c-4d39-b47f-d27b1fab8f33:group-8041FF03EB6E:LeaderElection13] INFO  impl.LeaderElection (LeaderElection.java:askForVotes(181)) - c6842691-702c-4d39-b47f-d27b1fab8f33:group-8041FF03EB6E:LeaderElection13: begin an election at term 1 for -1: [c6842691-702c-4d39-b47f-d27b1fab8f33:192.168.5.178:46322], old=null
2019-08-23 05:49:33,164 [c6842691-702c-4d39-b47f-d27b1fab8f33:group-8041FF03EB6E:LeaderElection13] INFO  impl.RoleInfo (RoleInfo.java:shutdownLeaderElection(134)) - c6842691-702c-4d39-b47f-d27b1fab8f33: shutdown LeaderElection
2019-08-23 05:49:33,164 [c6842691-702c-4d39-b47f-d27b1fab8f33:group-8041FF03EB6E:LeaderElection13] INFO  impl.RaftServerImpl (RaftServerImpl.java:setRole(171)) - c6842691-702c-4d39-b47f-d27b1fab8f33:group-8041FF03EB6E changes role from CANDIDATE to LEADER at term 1 for changeToLeader
2019-08-23 05:49:33,164 [c6842691-702c-4d39-b47f-d27b1fab8f33:group-8041FF03EB6E:LeaderElection13] INFO  impl.RaftServerImpl (ServerState.java:setLeader(263)) - c6842691-702c-4d39-b47f-d27b1fab8f33:group-8041FF03EB6E change Leader from null to c6842691-702c-4d39-b47f-d27b1fab8f33 at term 1 for becomeLeader, leader elected after 5087ms
2019-08-23 05:49:33,166 [c6842691-702c-4d39-b47f-d27b1fab8f33:group-8041FF03EB6E:LeaderElection13] INFO  server.RaftServerConfigKeys (ConfUtils.java:logGet(43)) - raft.server.staging.catchup.gap = 1000 (default)
2019-08-23 05:49:33,167 [c6842691-702c-4d39-b47f-d27b1fab8f33:group-8041FF03EB6E:LeaderElection13] INFO  server.RaftServerConfigKeys (ConfUtils.java:logGet(43)) - raft.server.rpc.sleep.time = 25ms (default)
2019-08-23 05:49:33,167 [c6842691-702c-4d39-b47f-d27b1fab8f33:group-8041FF03EB6E:LeaderElection13] INFO  server.RaftServerConfigKeys (ConfUtils.java:logGet(43)) - raft.server.write.element-limit = 4096 (default)
2019-08-23 05:49:33,167 [c6842691-702c-4d39-b47f-d27b1fab8f33:group-8041FF03EB6E:LeaderElection13] INFO  server.RaftServerConfigKeys (ConfUtils.java:logGet(43)) - raft.server.watch.timeout = 10s (default)
2019-08-23 05:49:33,167 [c6842691-702c-4d39-b47f-d27b1fab8f33:group-8041FF03EB6E:LeaderElection13] INFO  server.RaftServerConfigKeys (ConfUtils.java:logGet(43)) - raft.server.watch.timeout.denomination = 1s (default)
2019-08-23 05:49:33,167 [c6842691-702c-4d39-b47f-d27b1fab8f33:group-8041FF03EB6E:LeaderElection13] INFO  server.RaftServerConfigKeys (ConfUtils.java:logGet(43)) - raft.server.watch.element-limit = 65536 (default)
2019-08-23 05:49:33,168 [c6842691-702c-4d39-b47f-d27b1fab8f33:group-8041FF03EB6E:LeaderElection13] INFO  impl.RoleInfo (RoleInfo.java:updateAndGet(143)) - c6842691-702c-4d39-b47f-d27b1fab8f33: start LeaderState
2019-08-23 05:49:33,168 [c6842691-702c-4d39-b47f-d27b1fab8f33:group-8041FF03EB6E:LeaderElection13] INFO  segmented.SegmentedRaftLogWorker (SegmentedRaftLogWorker.java:startLogSegment(380)) - c6842691-702c-4d39-b47f-d27b1fab8f33-SegmentedRaftLogWorker:Storage Directory /workdir/hadoop-ozone/integration-test/target/test-dir/MiniOzoneClusterImpl-4e018812-8580-4f5b-9c00-decd40181699/datanode-1/data/ratis/5efcbd4f-0612-43a9-86ce-8041ff03eb6e: Starting segment from index:0
2019-08-23 05:49:33,168 [c6842691-702c-4d39-b47f-d27b1fab8f33:group-8041FF03EB6E:LeaderElection13] INFO  impl.RaftServerImpl (ServerState.java:setRaftConf(361)) - c6842691-702c-4d39-b47f-d27b1fab8f33:group-8041FF03EB6E set configuration 0: [c6842691-702c-4d39-b47f-d27b1fab8f33:192.168.5.178:46322], old=null at 0
2019-08-23 05:49:33,207 | INFO  | SCMAudit | user=jenkins1000 | ip=192.168.5.178 | op=SEND_HEARTBEAT {datanodeUUID=6b30598f-e3b0-450c-bc0d-9274443a7fa0, command=[]} | ret=SUCCESS |  
2019-08-23 05:49:33,218 [c6842691-702c-4d39-b47f-d27b1fab8f33-SegmentedRaftLogWorker:Storage Directory /workdir/hadoop-ozone/integration-test/target/test-dir/MiniOzoneClusterImpl-4e018812-8580-4f5b-9c00-decd40181699/datanode-1/data/ratis/5efcbd4f-0612-43a9-86ce-8041ff03eb6e] INFO  segmented.SegmentedRaftLogWorker (SegmentedRaftLogWorker.java:execute(569)) - c6842691-702c-4d39-b47f-d27b1fab8f33-SegmentedRaftLogWorker:Storage Directory /workdir/hadoop-ozone/integration-test/target/test-dir/MiniOzoneClusterImpl-4e018812-8580-4f5b-9c00-decd40181699/datanode-1/data/ratis/5efcbd4f-0612-43a9-86ce-8041ff03eb6e: created new log segment /workdir/hadoop-ozone/integration-test/target/test-dir/MiniOzoneClusterImpl-4e018812-8580-4f5b-9c00-decd40181699/datanode-1/data/ratis/5efcbd4f-0612-43a9-86ce-8041ff03eb6e/current/log_inprogress_0
2019-08-23 05:49:33,240 | INFO  | SCMAudit | user=jenkins1000 | ip=192.168.5.178 | op=SEND_HEARTBEAT {datanodeUUID=63fd8c64-0397-4420-bb2f-fd9af094cc1f, command=[]} | ret=SUCCESS |  
2019-08-23 05:49:33,372 [grpc-default-executor-4] INFO  client.GrpcClientProtocolClient (GrpcClientProtocolClient.java:onNext(255)) - client-DB4E080F923B->d4f36997-48a6-49b8-995b-3c38d9ac3c0f: receive RaftClientReply:client-DB4E080F923B->d4f36997-48a6-49b8-995b-3c38d9ac3c0f@group-FC65621A5432, cid=42, FAILED org.apache.ratis.protocol.NotLeaderException: Server d4f36997-48a6-49b8-995b-3c38d9ac3c0f is not the leader (null). Request must be sent to leader., logIndex=0, commits[d4f36997-48a6-49b8-995b-3c38d9ac3c0f:c-1]
2019-08-23 05:49:33,433 [Thread-687] INFO  impl.FollowerState (FollowerState.java:run(106)) - 63fd8c64-0397-4420-bb2f-fd9af094cc1f:group-AD9040517D7F changes to CANDIDATE, lastRpcTime:5034, electionTimeout:5034ms
2019-08-23 05:49:33,433 [Thread-687] INFO  impl.RoleInfo (RoleInfo.java:shutdownFollowerState(121)) - 63fd8c64-0397-4420-bb2f-fd9af094cc1f: shutdown FollowerState
2019-08-23 05:49:33,433 [Thread-687] INFO  impl.RaftServerImpl (RaftServerImpl.java:setRole(171)) - 63fd8c64-0397-4420-bb2f-fd9af094cc1f:group-AD9040517D7F changes role from FOLLOWER to CANDIDATE at term 0 for changeToCandidate
2019-08-23 05:49:33,433 [Thread-687] INFO  impl.RoleInfo (RoleInfo.java:updateAndGet(143)) - 63fd8c64-0397-4420-bb2f-fd9af094cc1f: start LeaderElection
2019-08-23 05:49:33,444 [Thread-690] INFO  impl.FollowerState (FollowerState.java:run(106)) - 96a4345b-84e3-4f69-b56b-0cb9f3200145:group-AD9040517D7F changes to CANDIDATE, lastRpcTime:5042, electionTimeout:5042ms
2019-08-23 05:49:33,445 [Thread-690] INFO  impl.RoleInfo (RoleInfo.java:shutdownFollowerState(121)) - 96a4345b-84e3-4f69-b56b-0cb9f3200145: shutdown FollowerState
2019-08-23 05:49:33,445 [Thread-690] INFO  impl.RaftServerImpl (RaftServerImpl.java:setRole(171)) - 96a4345b-84e3-4f69-b56b-0cb9f3200145:group-AD9040517D7F changes role from FOLLOWER to CANDIDATE at term 0 for changeToCandidate
2019-08-23 05:49:33,445 [Thread-690] INFO  impl.RoleInfo (RoleInfo.java:updateAndGet(143)) - 96a4345b-84e3-4f69-b56b-0cb9f3200145: start LeaderElection
2019-08-23 05:49:33,455 [Thread-684] INFO  impl.FollowerState (FollowerState.java:run(106)) - c6842691-702c-4d39-b47f-d27b1fab8f33:group-AD9040517D7F changes to CANDIDATE, lastRpcTime:5078, electionTimeout:5075ms
2019-08-23 05:49:33,456 [Thread-684] INFO  impl.RoleInfo (RoleInfo.java:shutdownFollowerState(121)) - c6842691-702c-4d39-b47f-d27b1fab8f33: shutdown FollowerState
2019-08-23 05:49:33,456 [63fd8c64-0397-4420-bb2f-fd9af094cc1f:group-AD9040517D7F:LeaderElection14] INFO  impl.LeaderElection (LeaderElection.java:askForVotes(181)) - 63fd8c64-0397-4420-bb2f-fd9af094cc1f:group-AD9040517D7F:LeaderElection14: begin an election at term 1 for -1: [63fd8c64-0397-4420-bb2f-fd9af094cc1f:192.168.5.178:40555, c6842691-702c-4d39-b47f-d27b1fab8f33:192.168.5.178:46322, 96a4345b-84e3-4f69-b56b-0cb9f3200145:192.168.5.178:40964], old=null
2019-08-23 05:49:33,456 [Thread-684] INFO  impl.RaftServerImpl (RaftServerImpl.java:setRole(171)) - c6842691-702c-4d39-b47f-d27b1fab8f33:group-AD9040517D7F changes role from FOLLOWER to CANDIDATE at term 0 for changeToCandidate
2019-08-23 05:49:33,456 [Thread-681] INFO  impl.FollowerState (FollowerState.java:run(106)) - 63fd8c64-0397-4420-bb2f-fd9af094cc1f:group-75E27B537F15 changes to CANDIDATE, lastRpcTime:5153, electionTimeout:5145ms
2019-08-23 05:49:33,456 [Thread-684] INFO  impl.RoleInfo (RoleInfo.java:updateAndGet(143)) - c6842691-702c-4d39-b47f-d27b1fab8f33: start LeaderElection
2019-08-23 05:49:33,456 [Thread-681] INFO  impl.RoleInfo (RoleInfo.java:shutdownFollowerState(121)) - 63fd8c64-0397-4420-bb2f-fd9af094cc1f: shutdown FollowerState
2019-08-23 05:49:33,456 [Thread-681] INFO  impl.RaftServerImpl (RaftServerImpl.java:setRole(171)) - 63fd8c64-0397-4420-bb2f-fd9af094cc1f:group-75E27B537F15 changes role from FOLLOWER to CANDIDATE at term 0 for changeToCandidate
2019-08-23 05:49:33,461 [Thread-681] INFO  impl.RoleInfo (RoleInfo.java:updateAndGet(143)) - 63fd8c64-0397-4420-bb2f-fd9af094cc1f: start LeaderElection
2019-08-23 05:49:33,461 | INFO  | SCMAudit | user=jenkins1000 | ip=192.168.5.178 | op=SEND_HEARTBEAT {datanodeUUID=d4f36997-48a6-49b8-995b-3c38d9ac3c0f, command=[]} | ret=SUCCESS |  
2019-08-23 05:49:33,469 [63fd8c64-0397-4420-bb2f-fd9af094cc1f:group-75E27B537F15:LeaderElection17] INFO  impl.LeaderElection (LeaderElection.java:askForVotes(181)) - 63fd8c64-0397-4420-bb2f-fd9af094cc1f:group-75E27B537F15:LeaderElection17: begin an election at term 1 for -1: [63fd8c64-0397-4420-bb2f-fd9af094cc1f:192.168.5.178:40555], old=null
2019-08-23 05:49:33,469 [96a4345b-84e3-4f69-b56b-0cb9f3200145:group-AD9040517D7F:LeaderElection15] INFO  impl.LeaderElection (LeaderElection.java:askForVotes(181)) - 96a4345b-84e3-4f69-b56b-0cb9f3200145:group-AD9040517D7F:LeaderElection15: begin an election at term 1 for -1: [63fd8c64-0397-4420-bb2f-fd9af094cc1f:192.168.5.178:40555, c6842691-702c-4d39-b47f-d27b1fab8f33:192.168.5.178:46322, 96a4345b-84e3-4f69-b56b-0cb9f3200145:192.168.5.178:40964], old=null
2019-08-23 05:49:33,469 [63fd8c64-0397-4420-bb2f-fd9af094cc1f:group-75E27B537F15:LeaderElection17] INFO  impl.RoleInfo (RoleInfo.java:shutdownLeaderElection(134)) - 63fd8c64-0397-4420-bb2f-fd9af094cc1f: shutdown LeaderElection
2019-08-23 05:49:33,469 [c6842691-702c-4d39-b47f-d27b1fab8f33:group-AD9040517D7F:LeaderElection16] INFO  impl.LeaderElection (LeaderElection.java:askForVotes(181)) - c6842691-702c-4d39-b47f-d27b1fab8f33:group-AD9040517D7F:LeaderElection16: begin an election at term 1 for -1: [63fd8c64-0397-4420-bb2f-fd9af094cc1f:192.168.5.178:40555, c6842691-702c-4d39-b47f-d27b1fab8f33:192.168.5.178:46322, 96a4345b-84e3-4f69-b56b-0cb9f3200145:192.168.5.178:40964], old=null
2019-08-23 05:49:33,469 [63fd8c64-0397-4420-bb2f-fd9af094cc1f:group-75E27B537F15:LeaderElection17] INFO  impl.RaftServerImpl (RaftServerImpl.java:setRole(171)) - 63fd8c64-0397-4420-bb2f-fd9af094cc1f:group-75E27B537F15 changes role from CANDIDATE to LEADER at term 1 for changeToLeader
2019-08-23 05:49:33,470 [63fd8c64-0397-4420-bb2f-fd9af094cc1f:group-75E27B537F15:LeaderElection17] INFO  impl.RaftServerImpl (ServerState.java:setLeader(263)) - 63fd8c64-0397-4420-bb2f-fd9af094cc1f:group-75E27B537F15 change Leader from null to 63fd8c64-0397-4420-bb2f-fd9af094cc1f at term 1 for becomeLeader, leader elected after 5172ms
2019-08-23 05:49:33,472 [63fd8c64-0397-4420-bb2f-fd9af094cc1f:group-75E27B537F15:LeaderElection17] INFO  server.RaftServerConfigKeys (ConfUtils.java:logGet(43)) - raft.server.staging.catchup.gap = 1000 (default)
2019-08-23 05:49:33,472 [63fd8c64-0397-4420-bb2f-fd9af094cc1f:group-75E27B537F15:LeaderElection17] INFO  server.RaftServerConfigKeys (ConfUtils.java:logGet(43)) - raft.server.rpc.sleep.time = 25ms (default)
2019-08-23 05:49:33,474 [63fd8c64-0397-4420-bb2f-fd9af094cc1f:group-75E27B537F15:LeaderElection17] INFO  server.RaftServerConfigKeys (ConfUtils.java:logGet(43)) - raft.server.write.element-limit = 4096 (default)
2019-08-23 05:49:33,477 [63fd8c64-0397-4420-bb2f-fd9af094cc1f:group-75E27B537F15:LeaderElection17] INFO  server.RaftServerConfigKeys (ConfUtils.java:logGet(43)) - raft.server.watch.timeout = 10s (default)
2019-08-23 05:49:33,479 [63fd8c64-0397-4420-bb2f-fd9af094cc1f:group-75E27B537F15:LeaderElection17] INFO  server.RaftServerConfigKeys (ConfUtils.java:logGet(43)) - raft.server.watch.timeout.denomination = 1s (default)
2019-08-23 05:49:33,479 [63fd8c64-0397-4420-bb2f-fd9af094cc1f:group-75E27B537F15:LeaderElection17] INFO  server.RaftServerConfigKeys (ConfUtils.java:logGet(43)) - raft.server.watch.element-limit = 65536 (default)
2019-08-23 05:49:33,485 [63fd8c64-0397-4420-bb2f-fd9af094cc1f:group-75E27B537F15:LeaderElection17] INFO  impl.RoleInfo (RoleInfo.java:updateAndGet(143)) - 63fd8c64-0397-4420-bb2f-fd9af094cc1f: start LeaderState
2019-08-23 05:49:33,486 [63fd8c64-0397-4420-bb2f-fd9af094cc1f:group-75E27B537F15:LeaderElection17] INFO  segmented.SegmentedRaftLogWorker (SegmentedRaftLogWorker.java:startLogSegment(380)) - 63fd8c64-0397-4420-bb2f-fd9af094cc1f-SegmentedRaftLogWorker:Storage Directory /workdir/hadoop-ozone/integration-test/target/test-dir/MiniOzoneClusterImpl-4e018812-8580-4f5b-9c00-decd40181699/datanode-2/data/ratis/5617a368-6153-4806-bf81-75e27b537f15: Starting segment from index:0
2019-08-23 05:49:33,488 [63fd8c64-0397-4420-bb2f-fd9af094cc1f:group-75E27B537F15:LeaderElection17] INFO  impl.RaftServerImpl (ServerState.java:setRaftConf(361)) - 63fd8c64-0397-4420-bb2f-fd9af094cc1f:group-75E27B537F15 set configuration 0: [63fd8c64-0397-4420-bb2f-fd9af094cc1f:192.168.5.178:40555], old=null at 0
2019-08-23 05:49:33,527 [63fd8c64-0397-4420-bb2f-fd9af094cc1f:group-AD9040517D7F:LeaderElection14] INFO  impl.LeaderElection (LeaderElection.java:logAndReturn(56)) - 63fd8c64-0397-4420-bb2f-fd9af094cc1f:group-AD9040517D7F:LeaderElection14: Election REJECTED; received 2 response(s) [63fd8c64-0397-4420-bb2f-fd9af094cc1f<-c6842691-702c-4d39-b47f-d27b1fab8f33#0:FAIL-t1, 63fd8c64-0397-4420-bb2f-fd9af094cc1f<-96a4345b-84e3-4f69-b56b-0cb9f3200145#0:FAIL-t1] and 0 exception(s); 63fd8c64-0397-4420-bb2f-fd9af094cc1f:t1, leader=null, voted=63fd8c64-0397-4420-bb2f-fd9af094cc1f, raftlog=63fd8c64-0397-4420-bb2f-fd9af094cc1f-SegmentedRaftLog:OPENED:c-1,f-1,i0, conf=-1: [63fd8c64-0397-4420-bb2f-fd9af094cc1f:192.168.5.178:40555, c6842691-702c-4d39-b47f-d27b1fab8f33:192.168.5.178:46322, 96a4345b-84e3-4f69-b56b-0cb9f3200145:192.168.5.178:40964], old=null
2019-08-23 05:49:33,528 [63fd8c64-0397-4420-bb2f-fd9af094cc1f:group-AD9040517D7F:LeaderElection14] INFO  impl.RaftServerImpl (RaftServerImpl.java:setRole(171)) - 63fd8c64-0397-4420-bb2f-fd9af094cc1f:group-AD9040517D7F changes role from CANDIDATE to FOLLOWER at term 1 for DISCOVERED_A_NEW_TERM
2019-08-23 05:49:33,530 [63fd8c64-0397-4420-bb2f-fd9af094cc1f:group-AD9040517D7F:LeaderElection14] INFO  impl.RoleInfo (RoleInfo.java:shutdownLeaderElection(134)) - 63fd8c64-0397-4420-bb2f-fd9af094cc1f: shutdown LeaderElection
2019-08-23 05:49:33,531 [63fd8c64-0397-4420-bb2f-fd9af094cc1f:group-AD9040517D7F:LeaderElection14] INFO  impl.RoleInfo (RoleInfo.java:updateAndGet(143)) - 63fd8c64-0397-4420-bb2f-fd9af094cc1f: start FollowerState
2019-08-23 05:49:33,536 [63fd8c64-0397-4420-bb2f-fd9af094cc1f-SegmentedRaftLogWorker:Storage Directory /workdir/hadoop-ozone/integration-test/target/test-dir/MiniOzoneClusterImpl-4e018812-8580-4f5b-9c00-decd40181699/datanode-2/data/ratis/5617a368-6153-4806-bf81-75e27b537f15] INFO  segmented.SegmentedRaftLogWorker (SegmentedRaftLogWorker.java:execute(569)) - 63fd8c64-0397-4420-bb2f-fd9af094cc1f-SegmentedRaftLogWorker:Storage Directory /workdir/hadoop-ozone/integration-test/target/test-dir/MiniOzoneClusterImpl-4e018812-8580-4f5b-9c00-decd40181699/datanode-2/data/ratis/5617a368-6153-4806-bf81-75e27b537f15: created new log segment /workdir/hadoop-ozone/integration-test/target/test-dir/MiniOzoneClusterImpl-4e018812-8580-4f5b-9c00-decd40181699/datanode-2/data/ratis/5617a368-6153-4806-bf81-75e27b537f15/current/log_inprogress_0
2019-08-23 05:49:33,548 [Thread-693] INFO  impl.FollowerState (FollowerState.java:run(106)) - d4f36997-48a6-49b8-995b-3c38d9ac3c0f:group-817535006909 changes to CANDIDATE, lastRpcTime:5036, electionTimeout:5033ms
2019-08-23 05:49:33,548 [Thread-693] INFO  impl.RoleInfo (RoleInfo.java:shutdownFollowerState(121)) - d4f36997-48a6-49b8-995b-3c38d9ac3c0f: shutdown FollowerState
2019-08-23 05:49:33,548 [Thread-693] INFO  impl.RaftServerImpl (RaftServerImpl.java:setRole(171)) - d4f36997-48a6-49b8-995b-3c38d9ac3c0f:group-817535006909 changes role from FOLLOWER to CANDIDATE at term 0 for changeToCandidate
2019-08-23 05:49:33,548 [Thread-693] INFO  impl.RoleInfo (RoleInfo.java:updateAndGet(143)) - d4f36997-48a6-49b8-995b-3c38d9ac3c0f: start LeaderElection
2019-08-23 05:49:33,564 [c6842691-702c-4d39-b47f-d27b1fab8f33:group-AD9040517D7F:LeaderElection16] INFO  impl.LeaderElection (LeaderElection.java:logAndReturn(56)) - c6842691-702c-4d39-b47f-d27b1fab8f33:group-AD9040517D7F:LeaderElection16: Election REJECTED; received 2 response(s) [c6842691-702c-4d39-b47f-d27b1fab8f33<-63fd8c64-0397-4420-bb2f-fd9af094cc1f#0:FAIL-t1, c6842691-702c-4d39-b47f-d27b1fab8f33<-96a4345b-84e3-4f69-b56b-0cb9f3200145#0:FAIL-t1] and 0 exception(s); c6842691-702c-4d39-b47f-d27b1fab8f33:t1, leader=null, voted=c6842691-702c-4d39-b47f-d27b1fab8f33, raftlog=c6842691-702c-4d39-b47f-d27b1fab8f33-SegmentedRaftLog:OPENED:c-1,f-1,i0, conf=-1: [63fd8c64-0397-4420-bb2f-fd9af094cc1f:192.168.5.178:40555, c6842691-702c-4d39-b47f-d27b1fab8f33:192.168.5.178:46322, 96a4345b-84e3-4f69-b56b-0cb9f3200145:192.168.5.178:40964], old=null
2019-08-23 05:49:33,564 [c6842691-702c-4d39-b47f-d27b1fab8f33:group-AD9040517D7F:LeaderElection16] INFO  impl.RaftServerImpl (RaftServerImpl.java:setRole(171)) - c6842691-702c-4d39-b47f-d27b1fab8f33:group-AD9040517D7F changes role from CANDIDATE to FOLLOWER at term 1 for DISCOVERED_A_NEW_TERM
2019-08-23 05:49:33,566 [c6842691-702c-4d39-b47f-d27b1fab8f33:group-AD9040517D7F:LeaderElection16] INFO  impl.RoleInfo (RoleInfo.java:shutdownLeaderElection(134)) - c6842691-702c-4d39-b47f-d27b1fab8f33: shutdown LeaderElection
2019-08-23 05:49:33,566 [96a4345b-84e3-4f69-b56b-0cb9f3200145:group-AD9040517D7F:LeaderElection15] INFO  impl.LeaderElection (LeaderElection.java:logAndReturn(56)) - 96a4345b-84e3-4f69-b56b-0cb9f3200145:group-AD9040517D7F:LeaderElection15: Election REJECTED; received 2 response(s) [96a4345b-84e3-4f69-b56b-0cb9f3200145<-63fd8c64-0397-4420-bb2f-fd9af094cc1f#0:FAIL-t1, 96a4345b-84e3-4f69-b56b-0cb9f3200145<-c6842691-702c-4d39-b47f-d27b1fab8f33#0:FAIL-t1] and 0 exception(s); 96a4345b-84e3-4f69-b56b-0cb9f3200145:t1, leader=null, voted=96a4345b-84e3-4f69-b56b-0cb9f3200145, raftlog=96a4345b-84e3-4f69-b56b-0cb9f3200145-SegmentedRaftLog:OPENED:c-1,f-1,i0, conf=-1: [63fd8c64-0397-4420-bb2f-fd9af094cc1f:192.168.5.178:40555, c6842691-702c-4d39-b47f-d27b1fab8f33:192.168.5.178:46322, 96a4345b-84e3-4f69-b56b-0cb9f3200145:192.168.5.178:40964], old=null
2019-08-23 05:49:33,566 [c6842691-702c-4d39-b47f-d27b1fab8f33:group-AD9040517D7F:LeaderElection16] INFO  impl.RoleInfo (RoleInfo.java:updateAndGet(143)) - c6842691-702c-4d39-b47f-d27b1fab8f33: start FollowerState
2019-08-23 05:49:33,567 [96a4345b-84e3-4f69-b56b-0cb9f3200145:group-AD9040517D7F:LeaderElection15] INFO  impl.RaftServerImpl (RaftServerImpl.java:setRole(171)) - 96a4345b-84e3-4f69-b56b-0cb9f3200145:group-AD9040517D7F changes role from CANDIDATE to FOLLOWER at term 1 for DISCOVERED_A_NEW_TERM
2019-08-23 05:49:33,569 [96a4345b-84e3-4f69-b56b-0cb9f3200145:group-AD9040517D7F:LeaderElection15] INFO  impl.RoleInfo (RoleInfo.java:shutdownLeaderElection(134)) - 96a4345b-84e3-4f69-b56b-0cb9f3200145: shutdown LeaderElection
2019-08-23 05:49:33,570 [96a4345b-84e3-4f69-b56b-0cb9f3200145:group-AD9040517D7F:LeaderElection15] INFO  impl.RoleInfo (RoleInfo.java:updateAndGet(143)) - 96a4345b-84e3-4f69-b56b-0cb9f3200145: start FollowerState
2019-08-23 05:49:33,570 [d4f36997-48a6-49b8-995b-3c38d9ac3c0f:group-817535006909:LeaderElection18] INFO  impl.LeaderElection (LeaderElection.java:askForVotes(181)) - d4f36997-48a6-49b8-995b-3c38d9ac3c0f:group-817535006909:LeaderElection18: begin an election at term 1 for -1: [d4f36997-48a6-49b8-995b-3c38d9ac3c0f:192.168.5.178:40775], old=null
2019-08-23 05:49:33,571 [d4f36997-48a6-49b8-995b-3c38d9ac3c0f:group-817535006909:LeaderElection18] INFO  impl.RoleInfo (RoleInfo.java:shutdownLeaderElection(134)) - d4f36997-48a6-49b8-995b-3c38d9ac3c0f: shutdown LeaderElection
2019-08-23 05:49:33,572 [d4f36997-48a6-49b8-995b-3c38d9ac3c0f:group-817535006909:LeaderElection18] INFO  impl.RaftServerImpl (RaftServerImpl.java:setRole(171)) - d4f36997-48a6-49b8-995b-3c38d9ac3c0f:group-817535006909 changes role from CANDIDATE to LEADER at term 1 for changeToLeader
2019-08-23 05:49:33,573 [d4f36997-48a6-49b8-995b-3c38d9ac3c0f:group-817535006909:LeaderElection18] INFO  impl.RaftServerImpl (ServerState.java:setLeader(263)) - d4f36997-48a6-49b8-995b-3c38d9ac3c0f:group-817535006909 change Leader from null to d4f36997-48a6-49b8-995b-3c38d9ac3c0f at term 1 for becomeLeader, leader elected after 5066ms
2019-08-23 05:49:33,574 [d4f36997-48a6-49b8-995b-3c38d9ac3c0f:group-817535006909:LeaderElection18] INFO  server.RaftServerConfigKeys (ConfUtils.java:logGet(43)) - raft.server.staging.catchup.gap = 1000 (default)
2019-08-23 05:49:33,574 [d4f36997-48a6-49b8-995b-3c38d9ac3c0f:group-817535006909:LeaderElection18] INFO  server.RaftServerConfigKeys (ConfUtils.java:logGet(43)) - raft.server.rpc.sleep.time = 25ms (default)
2019-08-23 05:49:33,575 [d4f36997-48a6-49b8-995b-3c38d9ac3c0f:group-817535006909:LeaderElection18] INFO  server.RaftServerConfigKeys (ConfUtils.java:logGet(43)) - raft.server.write.element-limit = 4096 (default)
2019-08-23 05:49:33,575 [d4f36997-48a6-49b8-995b-3c38d9ac3c0f:group-817535006909:LeaderElection18] INFO  server.RaftServerConfigKeys (ConfUtils.java:logGet(43)) - raft.server.watch.timeout = 10s (default)
2019-08-23 05:49:33,575 [d4f36997-48a6-49b8-995b-3c38d9ac3c0f:group-817535006909:LeaderElection18] INFO  server.RaftServerConfigKeys (ConfUtils.java:logGet(43)) - raft.server.watch.timeout.denomination = 1s (default)
2019-08-23 05:49:33,575 [d4f36997-48a6-49b8-995b-3c38d9ac3c0f:group-817535006909:LeaderElection18] INFO  server.RaftServerConfigKeys (ConfUtils.java:logGet(43)) - raft.server.watch.element-limit = 65536 (default)
2019-08-23 05:49:33,575 [d4f36997-48a6-49b8-995b-3c38d9ac3c0f:group-817535006909:LeaderElection18] INFO  impl.RoleInfo (RoleInfo.java:updateAndGet(143)) - d4f36997-48a6-49b8-995b-3c38d9ac3c0f: start LeaderState
2019-08-23 05:49:33,575 [d4f36997-48a6-49b8-995b-3c38d9ac3c0f:group-817535006909:LeaderElection18] INFO  segmented.SegmentedRaftLogWorker (SegmentedRaftLogWorker.java:startLogSegment(380)) - d4f36997-48a6-49b8-995b-3c38d9ac3c0f-SegmentedRaftLogWorker:Storage Directory /workdir/hadoop-ozone/integration-test/target/test-dir/MiniOzoneClusterImpl-4e018812-8580-4f5b-9c00-decd40181699/datanode-3/data/ratis/6e412c88-72fa-414a-978d-817535006909: Starting segment from index:0
2019-08-23 05:49:33,576 [d4f36997-48a6-49b8-995b-3c38d9ac3c0f:group-817535006909:LeaderElection18] INFO  impl.RaftServerImpl (ServerState.java:setRaftConf(361)) - d4f36997-48a6-49b8-995b-3c38d9ac3c0f:group-817535006909 set configuration 0: [d4f36997-48a6-49b8-995b-3c38d9ac3c0f:192.168.5.178:40775], old=null at 0
2019-08-23 05:49:33,625 [d4f36997-48a6-49b8-995b-3c38d9ac3c0f-SegmentedRaftLogWorker:Storage Directory /workdir/hadoop-ozone/integration-test/target/test-dir/MiniOzoneClusterImpl-4e018812-8580-4f5b-9c00-decd40181699/datanode-3/data/ratis/6e412c88-72fa-414a-978d-817535006909] INFO  segmented.SegmentedRaftLogWorker (SegmentedRaftLogWorker.java:execute(569)) - d4f36997-48a6-49b8-995b-3c38d9ac3c0f-SegmentedRaftLogWorker:Storage Directory /workdir/hadoop-ozone/integration-test/target/test-dir/MiniOzoneClusterImpl-4e018812-8580-4f5b-9c00-decd40181699/datanode-3/data/ratis/6e412c88-72fa-414a-978d-817535006909: created new log segment /workdir/hadoop-ozone/integration-test/target/test-dir/MiniOzoneClusterImpl-4e018812-8580-4f5b-9c00-decd40181699/datanode-3/data/ratis/6e412c88-72fa-414a-978d-817535006909/current/log_inprogress_0
2019-08-23 05:49:33,787 | INFO  | SCMAudit | user=jenkins1000 | ip=192.168.5.178 | op=SEND_HEARTBEAT {datanodeUUID=564f3e1b-dc37-4d98-9518-cc9451ddb3ca, command=[]} | ret=SUCCESS |  
2019-08-23 05:49:33,816 | INFO  | SCMAudit | user=jenkins1000 | ip=192.168.5.178 | op=SEND_HEARTBEAT {datanodeUUID=96a4345b-84e3-4f69-b56b-0cb9f3200145, command=[]} | ret=SUCCESS |  
2019-08-23 05:49:33,915 [Thread-696] INFO  impl.FollowerState (FollowerState.java:run(106)) - 564f3e1b-dc37-4d98-9518-cc9451ddb3ca:group-ECA19A3EDA6B changes to CANDIDATE, lastRpcTime:5074, electionTimeout:5074ms
2019-08-23 05:49:33,915 [Thread-696] INFO  impl.RoleInfo (RoleInfo.java:shutdownFollowerState(121)) - 564f3e1b-dc37-4d98-9518-cc9451ddb3ca: shutdown FollowerState
2019-08-23 05:49:33,915 [Thread-696] INFO  impl.RaftServerImpl (RaftServerImpl.java:setRole(171)) - 564f3e1b-dc37-4d98-9518-cc9451ddb3ca:group-ECA19A3EDA6B changes role from FOLLOWER to CANDIDATE at term 0 for changeToCandidate
2019-08-23 05:49:33,916 [Thread-696] INFO  impl.RoleInfo (RoleInfo.java:updateAndGet(143)) - 564f3e1b-dc37-4d98-9518-cc9451ddb3ca: start LeaderElection
2019-08-23 05:49:33,935 [564f3e1b-dc37-4d98-9518-cc9451ddb3ca:group-ECA19A3EDA6B:LeaderElection19] INFO  impl.LeaderElection (LeaderElection.java:askForVotes(181)) - 564f3e1b-dc37-4d98-9518-cc9451ddb3ca:group-ECA19A3EDA6B:LeaderElection19: begin an election at term 1 for -1: [564f3e1b-dc37-4d98-9518-cc9451ddb3ca:192.168.5.178:44139], old=null
2019-08-23 05:49:33,936 [564f3e1b-dc37-4d98-9518-cc9451ddb3ca:group-ECA19A3EDA6B:LeaderElection19] INFO  impl.RoleInfo (RoleInfo.java:shutdownLeaderElection(134)) - 564f3e1b-dc37-4d98-9518-cc9451ddb3ca: shutdown LeaderElection
2019-08-23 05:49:33,936 [564f3e1b-dc37-4d98-9518-cc9451ddb3ca:group-ECA19A3EDA6B:LeaderElection19] INFO  impl.RaftServerImpl (RaftServerImpl.java:setRole(171)) - 564f3e1b-dc37-4d98-9518-cc9451ddb3ca:group-ECA19A3EDA6B changes role from CANDIDATE to LEADER at term 1 for changeToLeader
2019-08-23 05:49:33,936 [564f3e1b-dc37-4d98-9518-cc9451ddb3ca:group-ECA19A3EDA6B:LeaderElection19] INFO  impl.RaftServerImpl (ServerState.java:setLeader(263)) - 564f3e1b-dc37-4d98-9518-cc9451ddb3ca:group-ECA19A3EDA6B change Leader from null to 564f3e1b-dc37-4d98-9518-cc9451ddb3ca at term 1 for becomeLeader, leader elected after 5099ms
2019-08-23 05:49:33,938 [564f3e1b-dc37-4d98-9518-cc9451ddb3ca:group-ECA19A3EDA6B:LeaderElection19] INFO  server.RaftServerConfigKeys (ConfUtils.java:logGet(43)) - raft.server.staging.catchup.gap = 1000 (default)
2019-08-23 05:49:33,938 [564f3e1b-dc37-4d98-9518-cc9451ddb3ca:group-ECA19A3EDA6B:LeaderElection19] INFO  server.RaftServerConfigKeys (ConfUtils.java:logGet(43)) - raft.server.rpc.sleep.time = 25ms (default)
2019-08-23 05:49:33,939 [564f3e1b-dc37-4d98-9518-cc9451ddb3ca:group-ECA19A3EDA6B:LeaderElection19] INFO  server.RaftServerConfigKeys (ConfUtils.java:logGet(43)) - raft.server.write.element-limit = 4096 (default)
2019-08-23 05:49:33,939 [564f3e1b-dc37-4d98-9518-cc9451ddb3ca:group-ECA19A3EDA6B:LeaderElection19] INFO  server.RaftServerConfigKeys (ConfUtils.java:logGet(43)) - raft.server.watch.timeout = 10s (default)
2019-08-23 05:49:33,939 [564f3e1b-dc37-4d98-9518-cc9451ddb3ca:group-ECA19A3EDA6B:LeaderElection19] INFO  server.RaftServerConfigKeys (ConfUtils.java:logGet(43)) - raft.server.watch.timeout.denomination = 1s (default)
2019-08-23 05:49:33,939 [564f3e1b-dc37-4d98-9518-cc9451ddb3ca:group-ECA19A3EDA6B:LeaderElection19] INFO  server.RaftServerConfigKeys (ConfUtils.java:logGet(43)) - raft.server.watch.element-limit = 65536 (default)
2019-08-23 05:49:33,939 [564f3e1b-dc37-4d98-9518-cc9451ddb3ca:group-ECA19A3EDA6B:LeaderElection19] INFO  impl.RoleInfo (RoleInfo.java:updateAndGet(143)) - 564f3e1b-dc37-4d98-9518-cc9451ddb3ca: start LeaderState
2019-08-23 05:49:33,940 [564f3e1b-dc37-4d98-9518-cc9451ddb3ca:group-ECA19A3EDA6B:LeaderElection19] INFO  segmented.SegmentedRaftLogWorker (SegmentedRaftLogWorker.java:startLogSegment(380)) - 564f3e1b-dc37-4d98-9518-cc9451ddb3ca-SegmentedRaftLogWorker:Storage Directory /workdir/hadoop-ozone/integration-test/target/test-dir/MiniOzoneClusterImpl-4e018812-8580-4f5b-9c00-decd40181699/datanode-4/data/ratis/f7894404-452b-4bf2-89c4-eca19a3eda6b: Starting segment from index:0
2019-08-23 05:49:33,940 [564f3e1b-dc37-4d98-9518-cc9451ddb3ca:group-ECA19A3EDA6B:LeaderElection19] INFO  impl.RaftServerImpl (ServerState.java:setRaftConf(361)) - 564f3e1b-dc37-4d98-9518-cc9451ddb3ca:group-ECA19A3EDA6B set configuration 0: [564f3e1b-dc37-4d98-9518-cc9451ddb3ca:192.168.5.178:44139], old=null at 0
2019-08-23 05:49:33,989 [564f3e1b-dc37-4d98-9518-cc9451ddb3ca-SegmentedRaftLogWorker:Storage Directory /workdir/hadoop-ozone/integration-test/target/test-dir/MiniOzoneClusterImpl-4e018812-8580-4f5b-9c00-decd40181699/datanode-4/data/ratis/f7894404-452b-4bf2-89c4-eca19a3eda6b] INFO  segmented.SegmentedRaftLogWorker (SegmentedRaftLogWorker.java:execute(569)) - 564f3e1b-dc37-4d98-9518-cc9451ddb3ca-SegmentedRaftLogWorker:Storage Directory /workdir/hadoop-ozone/integration-test/target/test-dir/MiniOzoneClusterImpl-4e018812-8580-4f5b-9c00-decd40181699/datanode-4/data/ratis/f7894404-452b-4bf2-89c4-eca19a3eda6b: created new log segment /workdir/hadoop-ozone/integration-test/target/test-dir/MiniOzoneClusterImpl-4e018812-8580-4f5b-9c00-decd40181699/datanode-4/data/ratis/f7894404-452b-4bf2-89c4-eca19a3eda6b/current/log_inprogress_0
2019-08-23 05:49:33,993 | INFO  | SCMAudit | user=jenkins1000 | ip=192.168.5.178 | op=SEND_HEARTBEAT {datanodeUUID=9e0d48e9-795f-4679-b1bc-974fe7951c55, command=[]} | ret=SUCCESS |  
2019-08-23 05:49:34,035 | INFO  | SCMAudit | user=jenkins1000 | ip=192.168.5.178 | op=SEND_HEARTBEAT {datanodeUUID=c6842691-702c-4d39-b47f-d27b1fab8f33, command=[]} | ret=SUCCESS |  
2019-08-23 05:49:34,159 [Thread-706] INFO  impl.FollowerState (FollowerState.java:run(106)) - d4f36997-48a6-49b8-995b-3c38d9ac3c0f:group-FC65621A5432 changes to CANDIDATE, lastRpcTime:5022, electionTimeout:5022ms
2019-08-23 05:49:34,159 [Thread-706] INFO  impl.RoleInfo (RoleInfo.java:shutdownFollowerState(121)) - d4f36997-48a6-49b8-995b-3c38d9ac3c0f: shutdown FollowerState
2019-08-23 05:49:34,160 [Thread-706] INFO  impl.RaftServerImpl (RaftServerImpl.java:setRole(171)) - d4f36997-48a6-49b8-995b-3c38d9ac3c0f:group-FC65621A5432 changes role from FOLLOWER to CANDIDATE at term 0 for changeToCandidate
2019-08-23 05:49:34,160 [Thread-706] INFO  impl.RoleInfo (RoleInfo.java:updateAndGet(143)) - d4f36997-48a6-49b8-995b-3c38d9ac3c0f: start LeaderElection
2019-08-23 05:49:34,179 [d4f36997-48a6-49b8-995b-3c38d9ac3c0f:group-FC65621A5432:LeaderElection20] INFO  impl.LeaderElection (LeaderElection.java:askForVotes(181)) - d4f36997-48a6-49b8-995b-3c38d9ac3c0f:group-FC65621A5432:LeaderElection20: begin an election at term 1 for -1: [564f3e1b-dc37-4d98-9518-cc9451ddb3ca:192.168.5.178:44139, 9e0d48e9-795f-4679-b1bc-974fe7951c55:192.168.5.178:42216, d4f36997-48a6-49b8-995b-3c38d9ac3c0f:192.168.5.178:40775], old=null
2019-08-23 05:49:34,189 [grpc-default-executor-3] INFO  impl.RaftServerImpl (RaftServerImpl.java:setRole(171)) - 9e0d48e9-795f-4679-b1bc-974fe7951c55:group-FC65621A5432 changes role from FOLLOWER to FOLLOWER at term 1 for recognizeCandidate:d4f36997-48a6-49b8-995b-3c38d9ac3c0f
2019-08-23 05:49:34,192 [grpc-default-executor-3] INFO  impl.RoleInfo (RoleInfo.java:shutdownFollowerState(121)) - 9e0d48e9-795f-4679-b1bc-974fe7951c55: shutdown FollowerState
2019-08-23 05:49:34,192 [grpc-default-executor-1] INFO  impl.RaftServerImpl (RaftServerImpl.java:setRole(171)) - 564f3e1b-dc37-4d98-9518-cc9451ddb3ca:group-FC65621A5432 changes role from FOLLOWER to FOLLOWER at term 1 for recognizeCandidate:d4f36997-48a6-49b8-995b-3c38d9ac3c0f
2019-08-23 05:49:34,192 [grpc-default-executor-3] INFO  impl.RoleInfo (RoleInfo.java:updateAndGet(143)) - 9e0d48e9-795f-4679-b1bc-974fe7951c55: start FollowerState
2019-08-23 05:49:34,192 [Thread-707] INFO  impl.FollowerState (FollowerState.java:run(114)) - 9e0d48e9-795f-4679-b1bc-974fe7951c55: FollowerState was interrupted: java.lang.InterruptedException: sleep interrupted
2019-08-23 05:49:34,192 [grpc-default-executor-1] INFO  impl.RoleInfo (RoleInfo.java:shutdownFollowerState(121)) - 564f3e1b-dc37-4d98-9518-cc9451ddb3ca: shutdown FollowerState
2019-08-23 05:49:34,195 [grpc-default-executor-1] INFO  impl.RoleInfo (RoleInfo.java:updateAndGet(143)) - 564f3e1b-dc37-4d98-9518-cc9451ddb3ca: start FollowerState
2019-08-23 05:49:34,195 [Thread-702] INFO  impl.FollowerState (FollowerState.java:run(114)) - 564f3e1b-dc37-4d98-9518-cc9451ddb3ca: FollowerState was interrupted: java.lang.InterruptedException: sleep interrupted
2019-08-23 05:49:34,207 | INFO  | SCMAudit | user=jenkins1000 | ip=192.168.5.178 | op=SEND_HEARTBEAT {datanodeUUID=6b30598f-e3b0-450c-bc0d-9274443a7fa0, command=[]} | ret=SUCCESS |  
2019-08-23 05:49:34,214 [d4f36997-48a6-49b8-995b-3c38d9ac3c0f:group-FC65621A5432:LeaderElection20] INFO  impl.LeaderElection (LeaderElection.java:logAndReturn(56)) - d4f36997-48a6-49b8-995b-3c38d9ac3c0f:group-FC65621A5432:LeaderElection20: Election PASSED; received 1 response(s) [d4f36997-48a6-49b8-995b-3c38d9ac3c0f<-564f3e1b-dc37-4d98-9518-cc9451ddb3ca#0:OK-t1] and 0 exception(s); d4f36997-48a6-49b8-995b-3c38d9ac3c0f:t1, leader=null, voted=d4f36997-48a6-49b8-995b-3c38d9ac3c0f, raftlog=d4f36997-48a6-49b8-995b-3c38d9ac3c0f-SegmentedRaftLog:OPENED:c-1,f-1,i0, conf=-1: [564f3e1b-dc37-4d98-9518-cc9451ddb3ca:192.168.5.178:44139, 9e0d48e9-795f-4679-b1bc-974fe7951c55:192.168.5.178:42216, d4f36997-48a6-49b8-995b-3c38d9ac3c0f:192.168.5.178:40775], old=null
2019-08-23 05:49:34,214 [d4f36997-48a6-49b8-995b-3c38d9ac3c0f:group-FC65621A5432:LeaderElection20] INFO  impl.RoleInfo (RoleInfo.java:shutdownLeaderElection(134)) - d4f36997-48a6-49b8-995b-3c38d9ac3c0f: shutdown LeaderElection
2019-08-23 05:49:34,216 [d4f36997-48a6-49b8-995b-3c38d9ac3c0f:group-FC65621A5432:LeaderElection20] INFO  impl.RaftServerImpl (RaftServerImpl.java:setRole(171)) - d4f36997-48a6-49b8-995b-3c38d9ac3c0f:group-FC65621A5432 changes role from CANDIDATE to LEADER at term 1 for changeToLeader
2019-08-23 05:49:34,217 [d4f36997-48a6-49b8-995b-3c38d9ac3c0f:group-FC65621A5432:LeaderElection20] INFO  impl.RaftServerImpl (ServerState.java:setLeader(263)) - d4f36997-48a6-49b8-995b-3c38d9ac3c0f:group-FC65621A5432 change Leader from null to d4f36997-48a6-49b8-995b-3c38d9ac3c0f at term 1 for becomeLeader, leader elected after 5095ms
2019-08-23 05:49:34,217 [d4f36997-48a6-49b8-995b-3c38d9ac3c0f:group-FC65621A5432:LeaderElection20] INFO  server.RaftServerConfigKeys (ConfUtils.java:logGet(43)) - raft.server.staging.catchup.gap = 1000 (default)
2019-08-23 05:49:34,217 [d4f36997-48a6-49b8-995b-3c38d9ac3c0f:group-FC65621A5432:LeaderElection20] INFO  server.RaftServerConfigKeys (ConfUtils.java:logGet(43)) - raft.server.rpc.sleep.time = 25ms (default)
2019-08-23 05:49:34,217 [d4f36997-48a6-49b8-995b-3c38d9ac3c0f:group-FC65621A5432:LeaderElection20] INFO  server.RaftServerConfigKeys (ConfUtils.java:logGet(43)) - raft.server.write.element-limit = 4096 (default)
2019-08-23 05:49:34,217 [d4f36997-48a6-49b8-995b-3c38d9ac3c0f:group-FC65621A5432:LeaderElection20] INFO  server.RaftServerConfigKeys (ConfUtils.java:logGet(43)) - raft.server.watch.timeout = 10s (default)
2019-08-23 05:49:34,217 [d4f36997-48a6-49b8-995b-3c38d9ac3c0f:group-FC65621A5432:LeaderElection20] INFO  server.RaftServerConfigKeys (ConfUtils.java:logGet(43)) - raft.server.watch.timeout.denomination = 1s (default)
2019-08-23 05:49:34,218 [d4f36997-48a6-49b8-995b-3c38d9ac3c0f:group-FC65621A5432:LeaderElection20] INFO  server.RaftServerConfigKeys (ConfUtils.java:logGet(43)) - raft.server.watch.element-limit = 65536 (default)
2019-08-23 05:49:34,218 [d4f36997-48a6-49b8-995b-3c38d9ac3c0f:group-FC65621A5432:LeaderElection20] INFO  server.RaftServerConfigKeys (ConfUtils.java:logGet(43)) - raft.server.log.appender.snapshot.chunk.size.max = 16MB (=16777216) (default)
2019-08-23 05:49:34,218 [d4f36997-48a6-49b8-995b-3c38d9ac3c0f:group-FC65621A5432:LeaderElection20] INFO  server.RaftServerConfigKeys (ConfUtils.java:logGet(43)) - raft.server.log.appender.buffer.byte-limit = 33554432 (custom)
2019-08-23 05:49:34,218 [d4f36997-48a6-49b8-995b-3c38d9ac3c0f:group-FC65621A5432:LeaderElection20] INFO  server.RaftServerConfigKeys (ConfUtils.java:logGet(43)) - raft.server.log.appender.buffer.element-limit = 1 (custom)
2019-08-23 05:49:34,219 [d4f36997-48a6-49b8-995b-3c38d9ac3c0f:group-FC65621A5432:LeaderElection20] INFO  grpc.GrpcConfigKeys$Server (ConfUtils.java:logGet(43)) - raft.grpc.server.leader.outstanding.appends.max = 128 (default)
2019-08-23 05:49:34,219 [d4f36997-48a6-49b8-995b-3c38d9ac3c0f:group-FC65621A5432:LeaderElection20] INFO  server.RaftServerConfigKeys (ConfUtils.java:logGet(43)) - raft.server.rpc.request.timeout = 3000ms (default)
2019-08-23 05:49:34,219 [d4f36997-48a6-49b8-995b-3c38d9ac3c0f:group-FC65621A5432:LeaderElection20] INFO  server.RaftServerConfigKeys (ConfUtils.java:logGet(43)) - raft.server.log.appender.install.snapshot.enabled = false (custom)
2019-08-23 05:49:34,219 [d4f36997-48a6-49b8-995b-3c38d9ac3c0f:group-FC65621A5432:LeaderElection20] INFO  server.RaftServerConfigKeys (ConfUtils.java:logGet(43)) - raft.server.log.appender.snapshot.chunk.size.max = 16MB (=16777216) (default)
2019-08-23 05:49:34,219 [d4f36997-48a6-49b8-995b-3c38d9ac3c0f:group-FC65621A5432:LeaderElection20] INFO  server.RaftServerConfigKeys (ConfUtils.java:logGet(43)) - raft.server.log.appender.buffer.byte-limit = 33554432 (custom)
2019-08-23 05:49:34,220 [d4f36997-48a6-49b8-995b-3c38d9ac3c0f:group-FC65621A5432:LeaderElection20] INFO  server.RaftServerConfigKeys (ConfUtils.java:logGet(43)) - raft.server.log.appender.buffer.element-limit = 1 (custom)
2019-08-23 05:49:34,220 [d4f36997-48a6-49b8-995b-3c38d9ac3c0f:group-FC65621A5432:LeaderElection20] INFO  grpc.GrpcConfigKeys$Server (ConfUtils.java:logGet(43)) - raft.grpc.server.leader.outstanding.appends.max = 128 (default)
2019-08-23 05:49:34,220 [d4f36997-48a6-49b8-995b-3c38d9ac3c0f:group-FC65621A5432:LeaderElection20] INFO  server.RaftServerConfigKeys (ConfUtils.java:logGet(43)) - raft.server.rpc.request.timeout = 3000ms (default)
2019-08-23 05:49:34,220 [d4f36997-48a6-49b8-995b-3c38d9ac3c0f:group-FC65621A5432:LeaderElection20] INFO  server.RaftServerConfigKeys (ConfUtils.java:logGet(43)) - raft.server.log.appender.install.snapshot.enabled = false (custom)
2019-08-23 05:49:34,220 [d4f36997-48a6-49b8-995b-3c38d9ac3c0f:group-FC65621A5432:LeaderElection20] INFO  impl.RoleInfo (RoleInfo.java:updateAndGet(143)) - d4f36997-48a6-49b8-995b-3c38d9ac3c0f: start LeaderState
2019-08-23 05:49:34,221 [d4f36997-48a6-49b8-995b-3c38d9ac3c0f:group-FC65621A5432:LeaderElection20] INFO  segmented.SegmentedRaftLogWorker (SegmentedRaftLogWorker.java:startLogSegment(380)) - d4f36997-48a6-49b8-995b-3c38d9ac3c0f-SegmentedRaftLogWorker:Storage Directory /workdir/hadoop-ozone/integration-test/target/test-dir/MiniOzoneClusterImpl-4e018812-8580-4f5b-9c00-decd40181699/datanode-3/data/ratis/52f4033d-c7e3-4531-b297-fc65621a5432: Starting segment from index:0
2019-08-23 05:49:34,222 [d4f36997-48a6-49b8-995b-3c38d9ac3c0f:group-FC65621A5432:LeaderElection20] INFO  impl.RaftServerImpl (ServerState.java:setRaftConf(361)) - d4f36997-48a6-49b8-995b-3c38d9ac3c0f:group-FC65621A5432 set configuration 0: [564f3e1b-dc37-4d98-9518-cc9451ddb3ca:192.168.5.178:44139, 9e0d48e9-795f-4679-b1bc-974fe7951c55:192.168.5.178:42216, d4f36997-48a6-49b8-995b-3c38d9ac3c0f:192.168.5.178:40775], old=null at 0
2019-08-23 05:49:34,255 [Thread-699] INFO  impl.FollowerState (FollowerState.java:run(106)) - 9e0d48e9-795f-4679-b1bc-974fe7951c55:group-1C54A04FAFB9 changes to CANDIDATE, lastRpcTime:5204, electionTimeout:5179ms
2019-08-23 05:49:34,255 [Thread-699] INFO  impl.RoleInfo (RoleInfo.java:shutdownFollowerState(121)) - 9e0d48e9-795f-4679-b1bc-974fe7951c55: shutdown FollowerState
2019-08-23 05:49:34,256 [Thread-699] INFO  impl.RaftServerImpl (RaftServerImpl.java:setRole(171)) - 9e0d48e9-795f-4679-b1bc-974fe7951c55:group-1C54A04FAFB9 changes role from FOLLOWER to CANDIDATE at term 0 for changeToCandidate
2019-08-23 05:49:34,256 [Thread-699] INFO  impl.RoleInfo (RoleInfo.java:updateAndGet(143)) - 9e0d48e9-795f-4679-b1bc-974fe7951c55: start LeaderElection
2019-08-23 05:49:34,256 | INFO  | SCMAudit | user=jenkins1000 | ip=192.168.5.178 | op=SEND_HEARTBEAT {datanodeUUID=63fd8c64-0397-4420-bb2f-fd9af094cc1f, command=[]} | ret=SUCCESS |  
2019-08-23 05:49:34,261 [grpc-default-executor-3] INFO  impl.RaftServerImpl (ServerState.java:setLeader(263)) - 9e0d48e9-795f-4679-b1bc-974fe7951c55:group-FC65621A5432 change Leader from null to d4f36997-48a6-49b8-995b-3c38d9ac3c0f at term 1 for appendEntries, leader elected after 5140ms
2019-08-23 05:49:34,261 [grpc-default-executor-1] INFO  impl.RaftServerImpl (ServerState.java:setLeader(263)) - 564f3e1b-dc37-4d98-9518-cc9451ddb3ca:group-FC65621A5432 change Leader from null to d4f36997-48a6-49b8-995b-3c38d9ac3c0f at term 1 for appendEntries, leader elected after 5141ms
2019-08-23 05:49:34,268 [d4f36997-48a6-49b8-995b-3c38d9ac3c0f-SegmentedRaftLogWorker:Storage Directory /workdir/hadoop-ozone/integration-test/target/test-dir/MiniOzoneClusterImpl-4e018812-8580-4f5b-9c00-decd40181699/datanode-3/data/ratis/52f4033d-c7e3-4531-b297-fc65621a5432] INFO  segmented.SegmentedRaftLogWorker (SegmentedRaftLogWorker.java:execute(569)) - d4f36997-48a6-49b8-995b-3c38d9ac3c0f-SegmentedRaftLogWorker:Storage Directory /workdir/hadoop-ozone/integration-test/target/test-dir/MiniOzoneClusterImpl-4e018812-8580-4f5b-9c00-decd40181699/datanode-3/data/ratis/52f4033d-c7e3-4531-b297-fc65621a5432: created new log segment /workdir/hadoop-ozone/integration-test/target/test-dir/MiniOzoneClusterImpl-4e018812-8580-4f5b-9c00-decd40181699/datanode-3/data/ratis/52f4033d-c7e3-4531-b297-fc65621a5432/current/log_inprogress_0
2019-08-23 05:49:34,268 [9e0d48e9-795f-4679-b1bc-974fe7951c55:group-1C54A04FAFB9:LeaderElection21] INFO  impl.LeaderElection (LeaderElection.java:askForVotes(181)) - 9e0d48e9-795f-4679-b1bc-974fe7951c55:group-1C54A04FAFB9:LeaderElection21: begin an election at term 1 for -1: [9e0d48e9-795f-4679-b1bc-974fe7951c55:192.168.5.178:42216], old=null
2019-08-23 05:49:34,268 [9e0d48e9-795f-4679-b1bc-974fe7951c55:group-1C54A04FAFB9:LeaderElection21] INFO  impl.RoleInfo (RoleInfo.java:shutdownLeaderElection(134)) - 9e0d48e9-795f-4679-b1bc-974fe7951c55: shutdown LeaderElection
2019-08-23 05:49:34,268 [9e0d48e9-795f-4679-b1bc-974fe7951c55:group-1C54A04FAFB9:LeaderElection21] INFO  impl.RaftServerImpl (RaftServerImpl.java:setRole(171)) - 9e0d48e9-795f-4679-b1bc-974fe7951c55:group-1C54A04FAFB9 changes role from CANDIDATE to LEADER at term 1 for changeToLeader
2019-08-23 05:49:34,268 [9e0d48e9-795f-4679-b1bc-974fe7951c55:group-1C54A04FAFB9:LeaderElection21] INFO  impl.RaftServerImpl (ServerState.java:setLeader(263)) - 9e0d48e9-795f-4679-b1bc-974fe7951c55:group-1C54A04FAFB9 change Leader from null to 9e0d48e9-795f-4679-b1bc-974fe7951c55 at term 1 for becomeLeader, leader elected after 5224ms
2019-08-23 05:49:34,270 [9e0d48e9-795f-4679-b1bc-974fe7951c55:group-1C54A04FAFB9:LeaderElection21] INFO  server.RaftServerConfigKeys (ConfUtils.java:logGet(43)) - raft.server.staging.catchup.gap = 1000 (default)
2019-08-23 05:49:34,270 [9e0d48e9-795f-4679-b1bc-974fe7951c55:group-1C54A04FAFB9:LeaderElection21] INFO  server.RaftServerConfigKeys (ConfUtils.java:logGet(43)) - raft.server.rpc.sleep.time = 25ms (default)
2019-08-23 05:49:34,270 [grpc-default-executor-3] INFO  impl.RaftServerImpl (ServerState.java:setRaftConf(361)) - 564f3e1b-dc37-4d98-9518-cc9451ddb3ca:group-FC65621A5432 set configuration 0: [564f3e1b-dc37-4d98-9518-cc9451ddb3ca:192.168.5.178:44139, 9e0d48e9-795f-4679-b1bc-974fe7951c55:192.168.5.178:42216, d4f36997-48a6-49b8-995b-3c38d9ac3c0f:192.168.5.178:40775], old=null at 0
2019-08-23 05:49:34,270 [9e0d48e9-795f-4679-b1bc-974fe7951c55:group-1C54A04FAFB9:LeaderElection21] INFO  server.RaftServerConfigKeys (ConfUtils.java:logGet(43)) - raft.server.write.element-limit = 4096 (default)
2019-08-23 05:49:34,270 [grpc-default-executor-1] INFO  impl.RaftServerImpl (ServerState.java:setRaftConf(361)) - 9e0d48e9-795f-4679-b1bc-974fe7951c55:group-FC65621A5432 set configuration 0: [564f3e1b-dc37-4d98-9518-cc9451ddb3ca:192.168.5.178:44139, 9e0d48e9-795f-4679-b1bc-974fe7951c55:192.168.5.178:42216, d4f36997-48a6-49b8-995b-3c38d9ac3c0f:192.168.5.178:40775], old=null at 0
2019-08-23 05:49:34,270 [9e0d48e9-795f-4679-b1bc-974fe7951c55:group-1C54A04FAFB9:LeaderElection21] INFO  server.RaftServerConfigKeys (ConfUtils.java:logGet(43)) - raft.server.watch.timeout = 10s (default)
2019-08-23 05:49:34,270 [grpc-default-executor-3] INFO  segmented.SegmentedRaftLogWorker (SegmentedRaftLogWorker.java:startLogSegment(380)) - 564f3e1b-dc37-4d98-9518-cc9451ddb3ca-SegmentedRaftLogWorker:Storage Directory /workdir/hadoop-ozone/integration-test/target/test-dir/MiniOzoneClusterImpl-4e018812-8580-4f5b-9c00-decd40181699/datanode-4/data/ratis/52f4033d-c7e3-4531-b297-fc65621a5432: Starting segment from index:0
2019-08-23 05:49:34,270 [9e0d48e9-795f-4679-b1bc-974fe7951c55:group-1C54A04FAFB9:LeaderElection21] INFO  server.RaftServerConfigKeys (ConfUtils.java:logGet(43)) - raft.server.watch.timeout.denomination = 1s (default)
2019-08-23 05:49:34,270 [grpc-default-executor-1] INFO  segmented.SegmentedRaftLogWorker (SegmentedRaftLogWorker.java:startLogSegment(380)) - 9e0d48e9-795f-4679-b1bc-974fe7951c55-SegmentedRaftLogWorker:Storage Directory /workdir/hadoop-ozone/integration-test/target/test-dir/MiniOzoneClusterImpl-4e018812-8580-4f5b-9c00-decd40181699/datanode-5/data/ratis/52f4033d-c7e3-4531-b297-fc65621a5432: Starting segment from index:0
2019-08-23 05:49:34,271 [9e0d48e9-795f-4679-b1bc-974fe7951c55:group-1C54A04FAFB9:LeaderElection21] INFO  server.RaftServerConfigKeys (ConfUtils.java:logGet(43)) - raft.server.watch.element-limit = 65536 (default)
2019-08-23 05:49:34,271 [9e0d48e9-795f-4679-b1bc-974fe7951c55:group-1C54A04FAFB9:LeaderElection21] INFO  impl.RoleInfo (RoleInfo.java:updateAndGet(143)) - 9e0d48e9-795f-4679-b1bc-974fe7951c55: start LeaderState
2019-08-23 05:49:34,271 [9e0d48e9-795f-4679-b1bc-974fe7951c55:group-1C54A04FAFB9:LeaderElection21] INFO  segmented.SegmentedRaftLogWorker (SegmentedRaftLogWorker.java:startLogSegment(380)) - 9e0d48e9-795f-4679-b1bc-974fe7951c55-SegmentedRaftLogWorker:Storage Directory /workdir/hadoop-ozone/integration-test/target/test-dir/MiniOzoneClusterImpl-4e018812-8580-4f5b-9c00-decd40181699/datanode-5/data/ratis/6eb3061f-d374-4961-8e6a-1c54a04fafb9: Starting segment from index:0
2019-08-23 05:49:34,272 [9e0d48e9-795f-4679-b1bc-974fe7951c55:group-1C54A04FAFB9:LeaderElection21] INFO  impl.RaftServerImpl (ServerState.java:setRaftConf(361)) - 9e0d48e9-795f-4679-b1bc-974fe7951c55:group-1C54A04FAFB9 set configuration 0: [9e0d48e9-795f-4679-b1bc-974fe7951c55:192.168.5.178:42216], old=null at 0
2019-08-23 05:49:34,314 [564f3e1b-dc37-4d98-9518-cc9451ddb3ca-SegmentedRaftLogWorker:Storage Directory /workdir/hadoop-ozone/integration-test/target/test-dir/MiniOzoneClusterImpl-4e018812-8580-4f5b-9c00-decd40181699/datanode-4/data/ratis/52f4033d-c7e3-4531-b297-fc65621a5432] INFO  segmented.SegmentedRaftLogWorker (SegmentedRaftLogWorker.java:execute(569)) - 564f3e1b-dc37-4d98-9518-cc9451ddb3ca-SegmentedRaftLogWorker:Storage Directory /workdir/hadoop-ozone/integration-test/target/test-dir/MiniOzoneClusterImpl-4e018812-8580-4f5b-9c00-decd40181699/datanode-4/data/ratis/52f4033d-c7e3-4531-b297-fc65621a5432: created new log segment /workdir/hadoop-ozone/integration-test/target/test-dir/MiniOzoneClusterImpl-4e018812-8580-4f5b-9c00-decd40181699/datanode-4/data/ratis/52f4033d-c7e3-4531-b297-fc65621a5432/current/log_inprogress_0
2019-08-23 05:49:34,314 [9e0d48e9-795f-4679-b1bc-974fe7951c55-SegmentedRaftLogWorker:Storage Directory /workdir/hadoop-ozone/integration-test/target/test-dir/MiniOzoneClusterImpl-4e018812-8580-4f5b-9c00-decd40181699/datanode-5/data/ratis/52f4033d-c7e3-4531-b297-fc65621a5432] INFO  segmented.SegmentedRaftLogWorker (SegmentedRaftLogWorker.java:execute(569)) - 9e0d48e9-795f-4679-b1bc-974fe7951c55-SegmentedRaftLogWorker:Storage Directory /workdir/hadoop-ozone/integration-test/target/test-dir/MiniOzoneClusterImpl-4e018812-8580-4f5b-9c00-decd40181699/datanode-5/data/ratis/52f4033d-c7e3-4531-b297-fc65621a5432: created new log segment /workdir/hadoop-ozone/integration-test/target/test-dir/MiniOzoneClusterImpl-4e018812-8580-4f5b-9c00-decd40181699/datanode-5/data/ratis/52f4033d-c7e3-4531-b297-fc65621a5432/current/log_inprogress_0
2019-08-23 05:49:34,314 [9e0d48e9-795f-4679-b1bc-974fe7951c55-SegmentedRaftLogWorker:Storage Directory /workdir/hadoop-ozone/integration-test/target/test-dir/MiniOzoneClusterImpl-4e018812-8580-4f5b-9c00-decd40181699/datanode-5/data/ratis/6eb3061f-d374-4961-8e6a-1c54a04fafb9] INFO  segmented.SegmentedRaftLogWorker (SegmentedRaftLogWorker.java:execute(569)) - 9e0d48e9-795f-4679-b1bc-974fe7951c55-SegmentedRaftLogWorker:Storage Directory /workdir/hadoop-ozone/integration-test/target/test-dir/MiniOzoneClusterImpl-4e018812-8580-4f5b-9c00-decd40181699/datanode-5/data/ratis/6eb3061f-d374-4961-8e6a-1c54a04fafb9: created new log segment /workdir/hadoop-ozone/integration-test/target/test-dir/MiniOzoneClusterImpl-4e018812-8580-4f5b-9c00-decd40181699/datanode-5/data/ratis/6eb3061f-d374-4961-8e6a-1c54a04fafb9/current/log_inprogress_0
2019-08-23 05:49:34,316 [Thread-711] INFO  impl.FollowerState (FollowerState.java:run(106)) - 6b30598f-e3b0-450c-bc0d-9274443a7fa0:group-8CAEA888D42B changes to CANDIDATE, lastRpcTime:5074, electionTimeout:5074ms
2019-08-23 05:49:34,316 [Thread-711] INFO  impl.RoleInfo (RoleInfo.java:shutdownFollowerState(121)) - 6b30598f-e3b0-450c-bc0d-9274443a7fa0: shutdown FollowerState
2019-08-23 05:49:34,316 [Thread-711] INFO  impl.RaftServerImpl (RaftServerImpl.java:setRole(171)) - 6b30598f-e3b0-450c-bc0d-9274443a7fa0:group-8CAEA888D42B changes role from FOLLOWER to CANDIDATE at term 0 for changeToCandidate
2019-08-23 05:49:34,317 [Thread-711] INFO  impl.RoleInfo (RoleInfo.java:updateAndGet(143)) - 6b30598f-e3b0-450c-bc0d-9274443a7fa0: start LeaderElection
2019-08-23 05:49:34,334 [6b30598f-e3b0-450c-bc0d-9274443a7fa0:group-8CAEA888D42B:LeaderElection22] INFO  impl.LeaderElection (LeaderElection.java:askForVotes(181)) - 6b30598f-e3b0-450c-bc0d-9274443a7fa0:group-8CAEA888D42B:LeaderElection22: begin an election at term 1 for -1: [6b30598f-e3b0-450c-bc0d-9274443a7fa0:192.168.5.178:41188], old=null
2019-08-23 05:49:34,334 [6b30598f-e3b0-450c-bc0d-9274443a7fa0:group-8CAEA888D42B:LeaderElection22] INFO  impl.RoleInfo (RoleInfo.java:shutdownLeaderElection(134)) - 6b30598f-e3b0-450c-bc0d-9274443a7fa0: shutdown LeaderElection
2019-08-23 05:49:34,334 [6b30598f-e3b0-450c-bc0d-9274443a7fa0:group-8CAEA888D42B:LeaderElection22] INFO  impl.RaftServerImpl (RaftServerImpl.java:setRole(171)) - 6b30598f-e3b0-450c-bc0d-9274443a7fa0:group-8CAEA888D42B changes role from CANDIDATE to LEADER at term 1 for changeToLeader
2019-08-23 05:49:34,334 [6b30598f-e3b0-450c-bc0d-9274443a7fa0:group-8CAEA888D42B:LeaderElection22] INFO  impl.RaftServerImpl (ServerState.java:setLeader(263)) - 6b30598f-e3b0-450c-bc0d-9274443a7fa0:group-8CAEA888D42B change Leader from null to 6b30598f-e3b0-450c-bc0d-9274443a7fa0 at term 1 for becomeLeader, leader elected after 5098ms
2019-08-23 05:49:34,340 [6b30598f-e3b0-450c-bc0d-9274443a7fa0:group-8CAEA888D42B:LeaderElection22] INFO  server.RaftServerConfigKeys (ConfUtils.java:logGet(43)) - raft.server.staging.catchup.gap = 1000 (default)
2019-08-23 05:49:34,340 [6b30598f-e3b0-450c-bc0d-9274443a7fa0:group-8CAEA888D42B:LeaderElection22] INFO  server.RaftServerConfigKeys (ConfUtils.java:logGet(43)) - raft.server.rpc.sleep.time = 25ms (default)
2019-08-23 05:49:34,340 [6b30598f-e3b0-450c-bc0d-9274443a7fa0:group-8CAEA888D42B:LeaderElection22] INFO  server.RaftServerConfigKeys (ConfUtils.java:logGet(43)) - raft.server.write.element-limit = 4096 (default)
2019-08-23 05:49:34,340 [6b30598f-e3b0-450c-bc0d-9274443a7fa0:group-8CAEA888D42B:LeaderElection22] INFO  server.RaftServerConfigKeys (ConfUtils.java:logGet(43)) - raft.server.watch.timeout = 10s (default)
2019-08-23 05:49:34,341 [6b30598f-e3b0-450c-bc0d-9274443a7fa0:group-8CAEA888D42B:LeaderElection22] INFO  server.RaftServerConfigKeys (ConfUtils.java:logGet(43)) - raft.server.watch.timeout.denomination = 1s (default)
2019-08-23 05:49:34,341 [6b30598f-e3b0-450c-bc0d-9274443a7fa0:group-8CAEA888D42B:LeaderElection22] INFO  server.RaftServerConfigKeys (ConfUtils.java:logGet(43)) - raft.server.watch.element-limit = 65536 (default)
2019-08-23 05:49:34,341 [6b30598f-e3b0-450c-bc0d-9274443a7fa0:group-8CAEA888D42B:LeaderElection22] INFO  impl.RoleInfo (RoleInfo.java:updateAndGet(143)) - 6b30598f-e3b0-450c-bc0d-9274443a7fa0: start LeaderState
2019-08-23 05:49:34,341 [6b30598f-e3b0-450c-bc0d-9274443a7fa0:group-8CAEA888D42B:LeaderElection22] INFO  segmented.SegmentedRaftLogWorker (SegmentedRaftLogWorker.java:startLogSegment(380)) - 6b30598f-e3b0-450c-bc0d-9274443a7fa0-SegmentedRaftLogWorker:Storage Directory /workdir/hadoop-ozone/integration-test/target/test-dir/MiniOzoneClusterImpl-4e018812-8580-4f5b-9c00-decd40181699/datanode-6/data/ratis/7a8ed2d4-c2ed-4f04-ba7d-8caea888d42b: Starting segment from index:0
2019-08-23 05:49:34,342 [6b30598f-e3b0-450c-bc0d-9274443a7fa0:group-8CAEA888D42B:LeaderElection22] INFO  impl.RaftServerImpl (ServerState.java:setRaftConf(361)) - 6b30598f-e3b0-450c-bc0d-9274443a7fa0:group-8CAEA888D42B set configuration 0: [6b30598f-e3b0-450c-bc0d-9274443a7fa0:192.168.5.178:41188], old=null at 0
2019-08-23 05:49:34,390 [6b30598f-e3b0-450c-bc0d-9274443a7fa0-SegmentedRaftLogWorker:Storage Directory /workdir/hadoop-ozone/integration-test/target/test-dir/MiniOzoneClusterImpl-4e018812-8580-4f5b-9c00-decd40181699/datanode-6/data/ratis/7a8ed2d4-c2ed-4f04-ba7d-8caea888d42b] INFO  segmented.SegmentedRaftLogWorker (SegmentedRaftLogWorker.java:execute(569)) - 6b30598f-e3b0-450c-bc0d-9274443a7fa0-SegmentedRaftLogWorker:Storage Directory /workdir/hadoop-ozone/integration-test/target/test-dir/MiniOzoneClusterImpl-4e018812-8580-4f5b-9c00-decd40181699/datanode-6/data/ratis/7a8ed2d4-c2ed-4f04-ba7d-8caea888d42b: created new log segment /workdir/hadoop-ozone/integration-test/target/test-dir/MiniOzoneClusterImpl-4e018812-8580-4f5b-9c00-decd40181699/datanode-6/data/ratis/7a8ed2d4-c2ed-4f04-ba7d-8caea888d42b/current/log_inprogress_0
2019-08-23 05:49:34,391 [grpc-default-executor-3] INFO  client.GrpcClientProtocolClient (GrpcClientProtocolClient.java:onNext(255)) - client-DB4E080F923B->564f3e1b-dc37-4d98-9518-cc9451ddb3ca: receive RaftClientReply:client-DB4E080F923B->564f3e1b-dc37-4d98-9518-cc9451ddb3ca@group-FC65621A5432, cid=42, FAILED org.apache.ratis.protocol.NotLeaderException: Server 564f3e1b-dc37-4d98-9518-cc9451ddb3ca is not the leader (d4f36997-48a6-49b8-995b-3c38d9ac3c0f:192.168.5.178:40775). Request must be sent to leader., logIndex=0, commits[564f3e1b-dc37-4d98-9518-cc9451ddb3ca:c-1, 9e0d48e9-795f-4679-b1bc-974fe7951c55:c-1, d4f36997-48a6-49b8-995b-3c38d9ac3c0f:c-1]
2019-08-23 05:49:34,448 | INFO  | SCMAudit | user=jenkins1000 | ip=192.168.5.178 | op=SEND_HEARTBEAT {datanodeUUID=d4f36997-48a6-49b8-995b-3c38d9ac3c0f, command=[]} | ret=SUCCESS |  
2019-08-23 05:49:34,480 | INFO  | DNAudit | user=null | ip=null | op=CREATE_CONTAINER {containerID=1, containerType=KeyValueContainer} | ret=SUCCESS |  
2019-08-23 05:49:34,487 | INFO  | SCMAudit | user=jenkins1000 | ip=192.168.5.178 | op=SEND_HEARTBEAT {datanodeUUID=d4f36997-48a6-49b8-995b-3c38d9ac3c0f, command=[]} | ret=SUCCESS |  
2019-08-23 05:49:34,490 [grpc-default-executor-1] INFO  client.GrpcClientProtocolClient (GrpcClientProtocolClient.java:onNext(255)) - client-DB4E080F923B->d4f36997-48a6-49b8-995b-3c38d9ac3c0f: receive RaftClientReply:client-DB4E080F923B->d4f36997-48a6-49b8-995b-3c38d9ac3c0f@group-FC65621A5432, cid=42, SUCCESS, logIndex=1, commits[d4f36997-48a6-49b8-995b-3c38d9ac3c0f:c2, 564f3e1b-dc37-4d98-9518-cc9451ddb3ca:c1, 9e0d48e9-795f-4679-b1bc-974fe7951c55:c1]
2019-08-23 05:49:34,516 | INFO  | DNAudit | user=null | ip=null | op=CREATE_CONTAINER {containerID=1, containerType=KeyValueContainer} | ret=SUCCESS |  
2019-08-23 05:49:34,516 | INFO  | DNAudit | user=null | ip=null | op=CREATE_CONTAINER {containerID=1, containerType=KeyValueContainer} | ret=SUCCESS |  
2019-08-23 05:49:34,519 | INFO  | SCMAudit | user=jenkins1000 | ip=192.168.5.178 | op=SEND_HEARTBEAT {datanodeUUID=9e0d48e9-795f-4679-b1bc-974fe7951c55, command=[]} | ret=SUCCESS |  
2019-08-23 05:49:34,519 | INFO  | SCMAudit | user=jenkins1000 | ip=192.168.5.178 | op=SEND_HEARTBEAT {datanodeUUID=564f3e1b-dc37-4d98-9518-cc9451ddb3ca, command=[]} | ret=SUCCESS |  
2019-08-23 05:49:34,600 | INFO  | DNAudit | user=null | ip=null | op=CREATE_CONTAINER {containerID=2, containerType=KeyValueContainer} | ret=SUCCESS |  
2019-08-23 05:49:34,608 | INFO  | SCMAudit | user=jenkins1000 | ip=192.168.5.178 | op=SEND_HEARTBEAT {datanodeUUID=d4f36997-48a6-49b8-995b-3c38d9ac3c0f, command=[]} | ret=SUCCESS |  
2019-08-23 05:49:34,609 [grpc-default-executor-1] INFO  client.GrpcClientProtocolClient (GrpcClientProtocolClient.java:onNext(255)) - client-DB4E080F923B->d4f36997-48a6-49b8-995b-3c38d9ac3c0f: receive RaftClientReply:client-DB4E080F923B->d4f36997-48a6-49b8-995b-3c38d9ac3c0f@group-FC65621A5432, cid=43, SUCCESS, logIndex=3, commits[d4f36997-48a6-49b8-995b-3c38d9ac3c0f:c4, 564f3e1b-dc37-4d98-9518-cc9451ddb3ca:c3, 9e0d48e9-795f-4679-b1bc-974fe7951c55:c3]
2019-08-23 05:49:34,625 | INFO  | DNAudit | user=null | ip=null | op=CREATE_CONTAINER {containerID=2, containerType=KeyValueContainer} | ret=SUCCESS |  
2019-08-23 05:49:34,625 | INFO  | DNAudit | user=null | ip=null | op=CREATE_CONTAINER {containerID=2, containerType=KeyValueContainer} | ret=SUCCESS |  
2019-08-23 05:49:34,629 | INFO  | SCMAudit | user=jenkins1000 | ip=192.168.5.178 | op=SEND_HEARTBEAT {datanodeUUID=9e0d48e9-795f-4679-b1bc-974fe7951c55, command=[]} | ret=SUCCESS |  
2019-08-23 05:49:34,629 | INFO  | SCMAudit | user=jenkins1000 | ip=192.168.5.178 | op=SEND_HEARTBEAT {datanodeUUID=564f3e1b-dc37-4d98-9518-cc9451ddb3ca, command=[]} | ret=SUCCESS |  
2019-08-23 05:49:34,700 | INFO  | DNAudit | user=null | ip=null | op=CREATE_CONTAINER {containerID=3, containerType=KeyValueContainer} | ret=SUCCESS |  
2019-08-23 05:49:34,700 | INFO  | DNAudit | user=null | ip=null | op=CREATE_CONTAINER {containerID=3, containerType=KeyValueContainer} | ret=SUCCESS |  
2019-08-23 05:49:34,701 | INFO  | SCMAudit | user=jenkins1000 | ip=192.168.5.178 | op=SEND_HEARTBEAT {datanodeUUID=d4f36997-48a6-49b8-995b-3c38d9ac3c0f, command=[]} | ret=SUCCESS |  
2019-08-23 05:49:34,701 | INFO  | SCMAudit | user=jenkins1000 | ip=192.168.5.178 | op=SEND_HEARTBEAT {datanodeUUID=564f3e1b-dc37-4d98-9518-cc9451ddb3ca, command=[]} | ret=SUCCESS |  
2019-08-23 05:49:34,702 [grpc-default-executor-3] INFO  client.GrpcClientProtocolClient (GrpcClientProtocolClient.java:onNext(255)) - client-DB4E080F923B->d4f36997-48a6-49b8-995b-3c38d9ac3c0f: receive RaftClientReply:client-DB4E080F923B->d4f36997-48a6-49b8-995b-3c38d9ac3c0f@group-FC65621A5432, cid=44, SUCCESS, logIndex=5, commits[d4f36997-48a6-49b8-995b-3c38d9ac3c0f:c6, 564f3e1b-dc37-4d98-9518-cc9451ddb3ca:c5, 9e0d48e9-795f-4679-b1bc-974fe7951c55:c5]
2019-08-23 05:49:34,722 | INFO  | DNAudit | user=null | ip=null | op=CREATE_CONTAINER {containerID=3, containerType=KeyValueContainer} | ret=SUCCESS |  
2019-08-23 05:49:34,723 | INFO  | SCMAudit | user=jenkins1000 | ip=192.168.5.178 | op=SEND_HEARTBEAT {datanodeUUID=9e0d48e9-795f-4679-b1bc-974fe7951c55, command=[]} | ret=SUCCESS |  
2019-08-23 05:49:34,816 | INFO  | SCMAudit | user=jenkins1000 | ip=192.168.5.178 | op=SEND_HEARTBEAT {datanodeUUID=96a4345b-84e3-4f69-b56b-0cb9f3200145, command=[]} | ret=SUCCESS |  
2019-08-23 05:49:35,035 | INFO  | SCMAudit | user=jenkins1000 | ip=192.168.5.178 | op=SEND_HEARTBEAT {datanodeUUID=c6842691-702c-4d39-b47f-d27b1fab8f33, command=[]} | ret=SUCCESS |  
2019-08-23 05:49:35,208 | INFO  | SCMAudit | user=jenkins1000 | ip=192.168.5.178 | op=SEND_HEARTBEAT {datanodeUUID=6b30598f-e3b0-450c-bc0d-9274443a7fa0, command=[]} | ret=SUCCESS |  
2019-08-23 05:49:35,256 | INFO  | SCMAudit | user=jenkins1000 | ip=192.168.5.178 | op=SEND_HEARTBEAT {datanodeUUID=63fd8c64-0397-4420-bb2f-fd9af094cc1f, command=[]} | ret=SUCCESS |  
2019-08-23 05:49:35,701 | INFO  | SCMAudit | user=jenkins1000 | ip=192.168.5.178 | op=SEND_HEARTBEAT {datanodeUUID=564f3e1b-dc37-4d98-9518-cc9451ddb3ca, command=[]} | ret=SUCCESS |  
2019-08-23 05:49:35,702 | INFO  | SCMAudit | user=jenkins1000 | ip=192.168.5.178 | op=SEND_HEARTBEAT {datanodeUUID=d4f36997-48a6-49b8-995b-3c38d9ac3c0f, command=[]} | ret=SUCCESS |  
2019-08-23 05:49:35,724 | INFO  | SCMAudit | user=jenkins1000 | ip=192.168.5.178 | op=SEND_HEARTBEAT {datanodeUUID=9e0d48e9-795f-4679-b1bc-974fe7951c55, command=[]} | ret=SUCCESS |  
2019-08-23 05:49:35,817 | INFO  | SCMAudit | user=jenkins1000 | ip=192.168.5.178 | op=SEND_HEARTBEAT {datanodeUUID=96a4345b-84e3-4f69-b56b-0cb9f3200145, command=[]} | ret=SUCCESS |  
2019-08-23 05:49:36,034 | INFO  | SCMAudit | user=jenkins1000 | ip=192.168.5.178 | op=SEND_HEARTBEAT {datanodeUUID=c6842691-702c-4d39-b47f-d27b1fab8f33, command=[]} | ret=SUCCESS |  
2019-08-23 05:49:36,209 | INFO  | SCMAudit | user=jenkins1000 | ip=192.168.5.178 | op=SEND_HEARTBEAT {datanodeUUID=6b30598f-e3b0-450c-bc0d-9274443a7fa0, command=[]} | ret=SUCCESS |  
2019-08-23 05:49:36,257 | INFO  | SCMAudit | user=jenkins1000 | ip=192.168.5.178 | op=SEND_HEARTBEAT {datanodeUUID=63fd8c64-0397-4420-bb2f-fd9af094cc1f, command=[]} | ret=SUCCESS |  
2019-08-23 05:49:36,701 | INFO  | SCMAudit | user=jenkins1000 | ip=192.168.5.178 | op=SEND_HEARTBEAT {datanodeUUID=564f3e1b-dc37-4d98-9518-cc9451ddb3ca, command=[]} | ret=SUCCESS |  
2019-08-23 05:49:36,702 | INFO  | SCMAudit | user=jenkins1000 | ip=192.168.5.178 | op=SEND_HEARTBEAT {datanodeUUID=d4f36997-48a6-49b8-995b-3c38d9ac3c0f, command=[]} | ret=SUCCESS |  
2019-08-23 05:49:36,725 | INFO  | SCMAudit | user=jenkins1000 | ip=192.168.5.178 | op=SEND_HEARTBEAT {datanodeUUID=9e0d48e9-795f-4679-b1bc-974fe7951c55, command=[]} | ret=SUCCESS |  
2019-08-23 05:49:36,817 | INFO  | SCMAudit | user=jenkins1000 | ip=192.168.5.178 | op=SEND_HEARTBEAT {datanodeUUID=96a4345b-84e3-4f69-b56b-0cb9f3200145, command=[]} | ret=SUCCESS |  
2019-08-23 05:49:37,035 | INFO  | SCMAudit | user=jenkins1000 | ip=192.168.5.178 | op=SEND_HEARTBEAT {datanodeUUID=c6842691-702c-4d39-b47f-d27b1fab8f33, command=[]} | ret=SUCCESS |  
2019-08-23 05:49:37,209 | INFO  | SCMAudit | user=jenkins1000 | ip=192.168.5.178 | op=SEND_HEARTBEAT {datanodeUUID=6b30598f-e3b0-450c-bc0d-9274443a7fa0, command=[]} | ret=SUCCESS |  
2019-08-23 05:49:37,263 | INFO  | SCMAudit | user=jenkins1000 | ip=192.168.5.178 | op=SEND_HEARTBEAT {datanodeUUID=63fd8c64-0397-4420-bb2f-fd9af094cc1f, command=[]} | ret=SUCCESS |  
2019-08-23 05:49:37,702 | INFO  | SCMAudit | user=jenkins1000 | ip=192.168.5.178 | op=SEND_HEARTBEAT {datanodeUUID=d4f36997-48a6-49b8-995b-3c38d9ac3c0f, command=[]} | ret=SUCCESS |  
2019-08-23 05:49:37,702 | INFO  | SCMAudit | user=jenkins1000 | ip=192.168.5.178 | op=SEND_HEARTBEAT {datanodeUUID=564f3e1b-dc37-4d98-9518-cc9451ddb3ca, command=[]} | ret=SUCCESS |  
2019-08-23 05:49:37,724 | INFO  | SCMAudit | user=jenkins1000 | ip=192.168.5.178 | op=SEND_HEARTBEAT {datanodeUUID=9e0d48e9-795f-4679-b1bc-974fe7951c55, command=[]} | ret=SUCCESS |  
2019-08-23 05:49:37,817 | INFO  | SCMAudit | user=jenkins1000 | ip=192.168.5.178 | op=SEND_HEARTBEAT {datanodeUUID=96a4345b-84e3-4f69-b56b-0cb9f3200145, command=[]} | ret=SUCCESS |  
2019-08-23 05:49:38,035 | INFO  | SCMAudit | user=jenkins1000 | ip=192.168.5.178 | op=SEND_HEARTBEAT {datanodeUUID=c6842691-702c-4d39-b47f-d27b1fab8f33, command=[]} | ret=SUCCESS |  
2019-08-23 05:49:38,210 | INFO  | SCMAudit | user=jenkins1000 | ip=192.168.5.178 | op=SEND_HEARTBEAT {datanodeUUID=6b30598f-e3b0-450c-bc0d-9274443a7fa0, command=[]} | ret=SUCCESS |  
2019-08-23 05:49:38,263 | INFO  | SCMAudit | user=jenkins1000 | ip=192.168.5.178 | op=SEND_HEARTBEAT {datanodeUUID=63fd8c64-0397-4420-bb2f-fd9af094cc1f, command=[]} | ret=SUCCESS |  
2019-08-23 05:49:38,586 [Thread-743] INFO  impl.FollowerState (FollowerState.java:run(106)) - 63fd8c64-0397-4420-bb2f-fd9af094cc1f:group-AD9040517D7F changes to CANDIDATE, lastRpcTime:5054, electionTimeout:5052ms
2019-08-23 05:49:38,586 [Thread-743] INFO  impl.RoleInfo (RoleInfo.java:shutdownFollowerState(121)) - 63fd8c64-0397-4420-bb2f-fd9af094cc1f: shutdown FollowerState
2019-08-23 05:49:38,586 [Thread-743] INFO  impl.RaftServerImpl (RaftServerImpl.java:setRole(171)) - 63fd8c64-0397-4420-bb2f-fd9af094cc1f:group-AD9040517D7F changes role from FOLLOWER to CANDIDATE at term 1 for changeToCandidate
2019-08-23 05:49:38,586 [Thread-743] INFO  impl.RoleInfo (RoleInfo.java:updateAndGet(143)) - 63fd8c64-0397-4420-bb2f-fd9af094cc1f: start LeaderElection
2019-08-23 05:49:38,604 [63fd8c64-0397-4420-bb2f-fd9af094cc1f:group-AD9040517D7F:LeaderElection23] INFO  impl.LeaderElection (LeaderElection.java:askForVotes(181)) - 63fd8c64-0397-4420-bb2f-fd9af094cc1f:group-AD9040517D7F:LeaderElection23: begin an election at term 2 for -1: [63fd8c64-0397-4420-bb2f-fd9af094cc1f:192.168.5.178:40555, c6842691-702c-4d39-b47f-d27b1fab8f33:192.168.5.178:46322, 96a4345b-84e3-4f69-b56b-0cb9f3200145:192.168.5.178:40964], old=null
2019-08-23 05:49:38,608 [Thread-745] INFO  impl.FollowerState (FollowerState.java:run(106)) - c6842691-702c-4d39-b47f-d27b1fab8f33:group-AD9040517D7F changes to CANDIDATE, lastRpcTime:5041, electionTimeout:5037ms
2019-08-23 05:49:38,612 [Thread-745] INFO  impl.RoleInfo (RoleInfo.java:shutdownFollowerState(121)) - c6842691-702c-4d39-b47f-d27b1fab8f33: shutdown FollowerState
2019-08-23 05:49:38,612 [Thread-745] INFO  impl.RaftServerImpl (RaftServerImpl.java:setRole(171)) - c6842691-702c-4d39-b47f-d27b1fab8f33:group-AD9040517D7F changes role from FOLLOWER to CANDIDATE at term 1 for changeToCandidate
2019-08-23 05:49:38,612 [Thread-745] INFO  impl.RoleInfo (RoleInfo.java:updateAndGet(143)) - c6842691-702c-4d39-b47f-d27b1fab8f33: start LeaderElection
2019-08-23 05:49:38,612 [grpc-default-executor-3] INFO  impl.RaftServerImpl (RaftServerImpl.java:setRole(171)) - 96a4345b-84e3-4f69-b56b-0cb9f3200145:group-AD9040517D7F changes role from FOLLOWER to FOLLOWER at term 2 for recognizeCandidate:63fd8c64-0397-4420-bb2f-fd9af094cc1f
2019-08-23 05:49:38,614 [grpc-default-executor-3] INFO  impl.RoleInfo (RoleInfo.java:shutdownFollowerState(121)) - 96a4345b-84e3-4f69-b56b-0cb9f3200145: shutdown FollowerState
2019-08-23 05:49:38,614 [grpc-default-executor-1] INFO  impl.RaftServerImpl (RaftServerImpl.java:setRole(171)) - c6842691-702c-4d39-b47f-d27b1fab8f33:group-AD9040517D7F changes role from CANDIDATE to FOLLOWER at term 2 for recognizeCandidate:63fd8c64-0397-4420-bb2f-fd9af094cc1f
2019-08-23 05:49:38,614 [Thread-746] INFO  impl.FollowerState (FollowerState.java:run(114)) - 96a4345b-84e3-4f69-b56b-0cb9f3200145: FollowerState was interrupted: java.lang.InterruptedException: sleep interrupted
2019-08-23 05:49:38,614 [grpc-default-executor-3] INFO  impl.RoleInfo (RoleInfo.java:updateAndGet(143)) - 96a4345b-84e3-4f69-b56b-0cb9f3200145: start FollowerState
2019-08-23 05:49:38,614 [grpc-default-executor-1] INFO  impl.RoleInfo (RoleInfo.java:shutdownLeaderElection(134)) - c6842691-702c-4d39-b47f-d27b1fab8f33: shutdown LeaderElection
2019-08-23 05:49:38,617 [grpc-default-executor-1] INFO  impl.RoleInfo (RoleInfo.java:updateAndGet(143)) - c6842691-702c-4d39-b47f-d27b1fab8f33: start FollowerState
2019-08-23 05:49:38,632 [63fd8c64-0397-4420-bb2f-fd9af094cc1f:group-AD9040517D7F:LeaderElection23] INFO  impl.LeaderElection (LeaderElection.java:logAndReturn(56)) - 63fd8c64-0397-4420-bb2f-fd9af094cc1f:group-AD9040517D7F:LeaderElection23: Election PASSED; received 2 response(s) [63fd8c64-0397-4420-bb2f-fd9af094cc1f<-c6842691-702c-4d39-b47f-d27b1fab8f33#0:FAIL-t2, 63fd8c64-0397-4420-bb2f-fd9af094cc1f<-96a4345b-84e3-4f69-b56b-0cb9f3200145#0:OK-t2] and 0 exception(s); 63fd8c64-0397-4420-bb2f-fd9af094cc1f:t2, leader=null, voted=63fd8c64-0397-4420-bb2f-fd9af094cc1f, raftlog=63fd8c64-0397-4420-bb2f-fd9af094cc1f-SegmentedRaftLog:OPENED:c-1,f-1,i0, conf=-1: [63fd8c64-0397-4420-bb2f-fd9af094cc1f:192.168.5.178:40555, c6842691-702c-4d39-b47f-d27b1fab8f33:192.168.5.178:46322, 96a4345b-84e3-4f69-b56b-0cb9f3200145:192.168.5.178:40964], old=null
2019-08-23 05:49:38,632 [63fd8c64-0397-4420-bb2f-fd9af094cc1f:group-AD9040517D7F:LeaderElection23] INFO  impl.RoleInfo (RoleInfo.java:shutdownLeaderElection(134)) - 63fd8c64-0397-4420-bb2f-fd9af094cc1f: shutdown LeaderElection
2019-08-23 05:49:38,642 [63fd8c64-0397-4420-bb2f-fd9af094cc1f:group-AD9040517D7F:LeaderElection23] INFO  impl.RaftServerImpl (RaftServerImpl.java:setRole(171)) - 63fd8c64-0397-4420-bb2f-fd9af094cc1f:group-AD9040517D7F changes role from CANDIDATE to LEADER at term 2 for changeToLeader
2019-08-23 05:49:38,642 [63fd8c64-0397-4420-bb2f-fd9af094cc1f:group-AD9040517D7F:LeaderElection23] INFO  impl.RaftServerImpl (ServerState.java:setLeader(263)) - 63fd8c64-0397-4420-bb2f-fd9af094cc1f:group-AD9040517D7F change Leader from null to 63fd8c64-0397-4420-bb2f-fd9af094cc1f at term 2 for becomeLeader, leader elected after 10274ms
2019-08-23 05:49:38,642 [63fd8c64-0397-4420-bb2f-fd9af094cc1f:group-AD9040517D7F:LeaderElection23] INFO  server.RaftServerConfigKeys (ConfUtils.java:logGet(43)) - raft.server.staging.catchup.gap = 1000 (default)
2019-08-23 05:49:38,642 [63fd8c64-0397-4420-bb2f-fd9af094cc1f:group-AD9040517D7F:LeaderElection23] INFO  server.RaftServerConfigKeys (ConfUtils.java:logGet(43)) - raft.server.rpc.sleep.time = 25ms (default)
2019-08-23 05:49:38,643 [63fd8c64-0397-4420-bb2f-fd9af094cc1f:group-AD9040517D7F:LeaderElection23] INFO  server.RaftServerConfigKeys (ConfUtils.java:logGet(43)) - raft.server.write.element-limit = 4096 (default)
2019-08-23 05:49:38,643 [63fd8c64-0397-4420-bb2f-fd9af094cc1f:group-AD9040517D7F:LeaderElection23] INFO  server.RaftServerConfigKeys (ConfUtils.java:logGet(43)) - raft.server.watch.timeout = 10s (default)
2019-08-23 05:49:38,643 [63fd8c64-0397-4420-bb2f-fd9af094cc1f:group-AD9040517D7F:LeaderElection23] INFO  server.RaftServerConfigKeys (ConfUtils.java:logGet(43)) - raft.server.watch.timeout.denomination = 1s (default)
2019-08-23 05:49:38,643 [c6842691-702c-4d39-b47f-d27b1fab8f33:group-AD9040517D7F:LeaderElection24] INFO  impl.LeaderElection (LeaderElection.java:askForVotes(181)) - c6842691-702c-4d39-b47f-d27b1fab8f33:group-AD9040517D7F:LeaderElection24: begin an election at term 3 for -1: [63fd8c64-0397-4420-bb2f-fd9af094cc1f:192.168.5.178:40555, c6842691-702c-4d39-b47f-d27b1fab8f33:192.168.5.178:46322, 96a4345b-84e3-4f69-b56b-0cb9f3200145:192.168.5.178:40964], old=null
2019-08-23 05:49:38,643 [63fd8c64-0397-4420-bb2f-fd9af094cc1f:group-AD9040517D7F:LeaderElection23] INFO  server.RaftServerConfigKeys (ConfUtils.java:logGet(43)) - raft.server.watch.element-limit = 65536 (default)
2019-08-23 05:49:38,644 [63fd8c64-0397-4420-bb2f-fd9af094cc1f:group-AD9040517D7F:LeaderElection23] INFO  server.RaftServerConfigKeys (ConfUtils.java:logGet(43)) - raft.server.log.appender.snapshot.chunk.size.max = 16MB (=16777216) (default)
2019-08-23 05:49:38,644 [c6842691-702c-4d39-b47f-d27b1fab8f33:group-AD9040517D7F:LeaderElection24] INFO  impl.LeaderElection (LeaderElection.java:logAndReturn(56)) - c6842691-702c-4d39-b47f-d27b1fab8f33:group-AD9040517D7F:LeaderElection24: Election REJECTED; received 0 response(s) [] and 0 exception(s); c6842691-702c-4d39-b47f-d27b1fab8f33:t3, leader=null, voted=c6842691-702c-4d39-b47f-d27b1fab8f33, raftlog=c6842691-702c-4d39-b47f-d27b1fab8f33-SegmentedRaftLog:OPENED:c-1,f-1,i0, conf=-1: [63fd8c64-0397-4420-bb2f-fd9af094cc1f:192.168.5.178:40555, c6842691-702c-4d39-b47f-d27b1fab8f33:192.168.5.178:46322, 96a4345b-84e3-4f69-b56b-0cb9f3200145:192.168.5.178:40964], old=null
2019-08-23 05:49:38,644 [63fd8c64-0397-4420-bb2f-fd9af094cc1f:group-AD9040517D7F:LeaderElection23] INFO  server.RaftServerConfigKeys (ConfUtils.java:logGet(43)) - raft.server.log.appender.buffer.byte-limit = 33554432 (custom)
2019-08-23 05:49:38,644 [63fd8c64-0397-4420-bb2f-fd9af094cc1f:group-AD9040517D7F:LeaderElection23] INFO  server.RaftServerConfigKeys (ConfUtils.java:logGet(43)) - raft.server.log.appender.buffer.element-limit = 1 (custom)
2019-08-23 05:49:38,645 [63fd8c64-0397-4420-bb2f-fd9af094cc1f:group-AD9040517D7F:LeaderElection23] INFO  grpc.GrpcConfigKeys$Server (ConfUtils.java:logGet(43)) - raft.grpc.server.leader.outstanding.appends.max = 128 (default)
2019-08-23 05:49:38,645 [63fd8c64-0397-4420-bb2f-fd9af094cc1f:group-AD9040517D7F:LeaderElection23] INFO  server.RaftServerConfigKeys (ConfUtils.java:logGet(43)) - raft.server.rpc.request.timeout = 3000ms (default)
2019-08-23 05:49:38,645 [63fd8c64-0397-4420-bb2f-fd9af094cc1f:group-AD9040517D7F:LeaderElection23] INFO  server.RaftServerConfigKeys (ConfUtils.java:logGet(43)) - raft.server.log.appender.install.snapshot.enabled = false (custom)
2019-08-23 05:49:38,646 [63fd8c64-0397-4420-bb2f-fd9af094cc1f:group-AD9040517D7F:LeaderElection23] INFO  server.RaftServerConfigKeys (ConfUtils.java:logGet(43)) - raft.server.log.appender.snapshot.chunk.size.max = 16MB (=16777216) (default)
2019-08-23 05:49:38,646 [63fd8c64-0397-4420-bb2f-fd9af094cc1f:group-AD9040517D7F:LeaderElection23] INFO  server.RaftServerConfigKeys (ConfUtils.java:logGet(43)) - raft.server.log.appender.buffer.byte-limit = 33554432 (custom)
2019-08-23 05:49:38,646 [63fd8c64-0397-4420-bb2f-fd9af094cc1f:group-AD9040517D7F:LeaderElection23] INFO  server.RaftServerConfigKeys (ConfUtils.java:logGet(43)) - raft.server.log.appender.buffer.element-limit = 1 (custom)
2019-08-23 05:49:38,648 [63fd8c64-0397-4420-bb2f-fd9af094cc1f:group-AD9040517D7F:LeaderElection23] INFO  grpc.GrpcConfigKeys$Server (ConfUtils.java:logGet(43)) - raft.grpc.server.leader.outstanding.appends.max = 128 (default)
2019-08-23 05:49:38,649 [63fd8c64-0397-4420-bb2f-fd9af094cc1f:group-AD9040517D7F:LeaderElection23] INFO  server.RaftServerConfigKeys (ConfUtils.java:logGet(43)) - raft.server.rpc.request.timeout = 3000ms (default)
2019-08-23 05:49:38,649 [63fd8c64-0397-4420-bb2f-fd9af094cc1f:group-AD9040517D7F:LeaderElection23] INFO  server.RaftServerConfigKeys (ConfUtils.java:logGet(43)) - raft.server.log.appender.install.snapshot.enabled = false (custom)
2019-08-23 05:49:38,650 [grpc-default-executor-3] INFO  impl.RaftServerImpl (RaftServerImpl.java:setRole(171)) - 96a4345b-84e3-4f69-b56b-0cb9f3200145:group-AD9040517D7F changes role from FOLLOWER to FOLLOWER at term 3 for recognizeCandidate:c6842691-702c-4d39-b47f-d27b1fab8f33
2019-08-23 05:49:38,651 [63fd8c64-0397-4420-bb2f-fd9af094cc1f:group-AD9040517D7F:LeaderElection23] INFO  impl.RoleInfo (RoleInfo.java:updateAndGet(143)) - 63fd8c64-0397-4420-bb2f-fd9af094cc1f: start LeaderState
2019-08-23 05:49:38,651 [grpc-default-executor-3] INFO  impl.RoleInfo (RoleInfo.java:shutdownFollowerState(121)) - 96a4345b-84e3-4f69-b56b-0cb9f3200145: shutdown FollowerState
2019-08-23 05:49:38,651 [grpc-default-executor-3] INFO  impl.RoleInfo (RoleInfo.java:updateAndGet(143)) - 96a4345b-84e3-4f69-b56b-0cb9f3200145: start FollowerState
2019-08-23 05:49:38,651 [Thread-812] INFO  impl.FollowerState (FollowerState.java:run(114)) - 96a4345b-84e3-4f69-b56b-0cb9f3200145: FollowerState was interrupted: java.lang.InterruptedException: sleep interrupted
2019-08-23 05:49:38,651 [63fd8c64-0397-4420-bb2f-fd9af094cc1f:group-AD9040517D7F:LeaderElection23] INFO  segmented.SegmentedRaftLogWorker (SegmentedRaftLogWorker.java:startLogSegment(380)) - 63fd8c64-0397-4420-bb2f-fd9af094cc1f-SegmentedRaftLogWorker:Storage Directory /workdir/hadoop-ozone/integration-test/target/test-dir/MiniOzoneClusterImpl-4e018812-8580-4f5b-9c00-decd40181699/datanode-2/data/ratis/988b6394-1126-4bd5-847e-ad9040517d7f: Starting segment from index:0
2019-08-23 05:49:38,654 [63fd8c64-0397-4420-bb2f-fd9af094cc1f:group-AD9040517D7F:LeaderElection23] INFO  impl.RaftServerImpl (ServerState.java:setRaftConf(361)) - 63fd8c64-0397-4420-bb2f-fd9af094cc1f:group-AD9040517D7F set configuration 0: [63fd8c64-0397-4420-bb2f-fd9af094cc1f:192.168.5.178:40555, c6842691-702c-4d39-b47f-d27b1fab8f33:192.168.5.178:46322, 96a4345b-84e3-4f69-b56b-0cb9f3200145:192.168.5.178:40964], old=null at 0
2019-08-23 05:49:38,654 [grpc-default-executor-1] INFO  impl.RaftServerImpl (ServerState.java:setLeader(263)) - 63fd8c64-0397-4420-bb2f-fd9af094cc1f:group-AD9040517D7F change Leader from 63fd8c64-0397-4420-bb2f-fd9af094cc1f to null at term 3 for updateCurrentTerm
2019-08-23 05:49:38,654 [grpc-default-executor-1] INFO  impl.RaftServerImpl (RaftServerImpl.java:setRole(171)) - 63fd8c64-0397-4420-bb2f-fd9af094cc1f:group-AD9040517D7F changes role from LEADER to FOLLOWER at term 3 for recognizeCandidate:c6842691-702c-4d39-b47f-d27b1fab8f33
2019-08-23 05:49:38,654 [grpc-default-executor-1] INFO  impl.RoleInfo (RoleInfo.java:shutdownLeaderState(104)) - 63fd8c64-0397-4420-bb2f-fd9af094cc1f: shutdown LeaderState
2019-08-23 05:49:38,685 [grpc-default-executor-1] INFO  impl.PendingRequests (PendingRequests.java:sendNotLeaderResponses(202)) - 63fd8c64-0397-4420-bb2f-fd9af094cc1f-PendingRequests: sendNotLeaderResponses
2019-08-23 05:49:38,686 [grpc-default-executor-1] INFO  impl.RoleInfo (RoleInfo.java:updateAndGet(143)) - 63fd8c64-0397-4420-bb2f-fd9af094cc1f: start FollowerState
2019-08-23 05:49:38,686 [org.apache.ratis.server.impl.LogAppender$AppenderDaemon$$Lambda$501/1559189390@f0f8c3e] WARN  server.GrpcLogAppender (GrpcLogAppender.java:mayWait(143)) - GrpcLogAppender(63fd8c64-0397-4420-bb2f-fd9af094cc1f->c6842691-702c-4d39-b47f-d27b1fab8f33): Wait interrupted by java.lang.InterruptedException
2019-08-23 05:49:38,687 [org.apache.ratis.server.impl.LogAppender$AppenderDaemon$$Lambda$501/1559189390@4a0d13bb] WARN  server.GrpcLogAppender (GrpcLogAppender.java:mayWait(143)) - GrpcLogAppender(63fd8c64-0397-4420-bb2f-fd9af094cc1f->96a4345b-84e3-4f69-b56b-0cb9f3200145): Wait interrupted by java.lang.InterruptedException
2019-08-23 05:49:38,691 [grpc-default-executor-3] INFO  server.GrpcServerProtocolService (GrpcServerProtocolService.java:onCompleted(104)) - c6842691-702c-4d39-b47f-d27b1fab8f33: appendEntries completed
2019-08-23 05:49:38,694 [grpc-default-executor-5] INFO  server.GrpcServerProtocolService (GrpcServerProtocolService.java:onCompleted(104)) - 96a4345b-84e3-4f69-b56b-0cb9f3200145: appendEntries completed
2019-08-23 05:49:38,698 [63fd8c64-0397-4420-bb2f-fd9af094cc1f-SegmentedRaftLogWorker:Storage Directory /workdir/hadoop-ozone/integration-test/target/test-dir/MiniOzoneClusterImpl-4e018812-8580-4f5b-9c00-decd40181699/datanode-2/data/ratis/988b6394-1126-4bd5-847e-ad9040517d7f] INFO  segmented.SegmentedRaftLogWorker (SegmentedRaftLogWorker.java:execute(569)) - 63fd8c64-0397-4420-bb2f-fd9af094cc1f-SegmentedRaftLogWorker:Storage Directory /workdir/hadoop-ozone/integration-test/target/test-dir/MiniOzoneClusterImpl-4e018812-8580-4f5b-9c00-decd40181699/datanode-2/data/ratis/988b6394-1126-4bd5-847e-ad9040517d7f: created new log segment /workdir/hadoop-ozone/integration-test/target/test-dir/MiniOzoneClusterImpl-4e018812-8580-4f5b-9c00-decd40181699/datanode-2/data/ratis/988b6394-1126-4bd5-847e-ad9040517d7f/current/log_inprogress_0
2019-08-23 05:49:38,698 [grpc-default-executor-5] INFO  server.GrpcLogAppender (GrpcLogAppender.java:onCompleted(292)) - 63fd8c64-0397-4420-bb2f-fd9af094cc1f->96a4345b-84e3-4f69-b56b-0cb9f3200145: follower responses appendEntries COMPLETED
2019-08-23 05:49:38,698 [grpc-default-executor-4] INFO  server.GrpcLogAppender (GrpcLogAppender.java:onCompleted(292)) - 63fd8c64-0397-4420-bb2f-fd9af094cc1f->c6842691-702c-4d39-b47f-d27b1fab8f33: follower responses appendEntries COMPLETED
2019-08-23 05:49:38,700 [grpc-default-executor-5] INFO  impl.FollowerInfo (FollowerInfo.java:lambda$new$0(50)) - 63fd8c64-0397-4420-bb2f-fd9af094cc1f->96a4345b-84e3-4f69-b56b-0cb9f3200145: nextIndex: updateUnconditionally 0 -> 0
2019-08-23 05:49:38,702 [grpc-default-executor-4] INFO  impl.FollowerInfo (FollowerInfo.java:lambda$new$0(50)) - 63fd8c64-0397-4420-bb2f-fd9af094cc1f->c6842691-702c-4d39-b47f-d27b1fab8f33: nextIndex: updateUnconditionally 0 -> 0
2019-08-23 05:49:38,704 | INFO  | SCMAudit | user=jenkins1000 | ip=192.168.5.178 | op=SEND_HEARTBEAT {datanodeUUID=564f3e1b-dc37-4d98-9518-cc9451ddb3ca, command=[]} | ret=SUCCESS |  
2019-08-23 05:49:38,704 | INFO  | SCMAudit | user=jenkins1000 | ip=192.168.5.178 | op=SEND_HEARTBEAT {datanodeUUID=d4f36997-48a6-49b8-995b-3c38d9ac3c0f, command=[]} | ret=SUCCESS |  
2019-08-23 05:49:38,725 | INFO  | SCMAudit | user=jenkins1000 | ip=192.168.5.178 | op=SEND_HEARTBEAT {datanodeUUID=9e0d48e9-795f-4679-b1bc-974fe7951c55, command=[]} | ret=SUCCESS |  
2019-08-23 05:49:38,817 | INFO  | SCMAudit | user=jenkins1000 | ip=192.168.5.178 | op=SEND_HEARTBEAT {datanodeUUID=96a4345b-84e3-4f69-b56b-0cb9f3200145, command=[]} | ret=SUCCESS |  
2019-08-23 05:49:39,034 | INFO  | SCMAudit | user=jenkins1000 | ip=192.168.5.178 | op=SEND_HEARTBEAT {datanodeUUID=c6842691-702c-4d39-b47f-d27b1fab8f33, command=[]} | ret=SUCCESS |  
2019-08-23 05:49:39,210 | INFO  | SCMAudit | user=jenkins1000 | ip=192.168.5.178 | op=SEND_HEARTBEAT {datanodeUUID=6b30598f-e3b0-450c-bc0d-9274443a7fa0, command=[]} | ret=SUCCESS |  
2019-08-23 05:49:39,262 | INFO  | SCMAudit | user=jenkins1000 | ip=192.168.5.178 | op=SEND_HEARTBEAT {datanodeUUID=63fd8c64-0397-4420-bb2f-fd9af094cc1f, command=[]} | ret=SUCCESS |  
2019-08-23 05:49:39,703 | INFO  | SCMAudit | user=jenkins1000 | ip=192.168.5.178 | op=SEND_HEARTBEAT {datanodeUUID=d4f36997-48a6-49b8-995b-3c38d9ac3c0f, command=[]} | ret=SUCCESS |  
2019-08-23 05:49:39,703 | INFO  | SCMAudit | user=jenkins1000 | ip=192.168.5.178 | op=SEND_HEARTBEAT {datanodeUUID=564f3e1b-dc37-4d98-9518-cc9451ddb3ca, command=[]} | ret=SUCCESS |  
2019-08-23 05:49:39,725 | INFO  | SCMAudit | user=jenkins1000 | ip=192.168.5.178 | op=SEND_HEARTBEAT {datanodeUUID=9e0d48e9-795f-4679-b1bc-974fe7951c55, command=[]} | ret=SUCCESS |  
2019-08-23 05:49:39,745 [grpc-default-executor-4] INFO  client.GrpcClientProtocolClient (GrpcClientProtocolClient.java:onNext(255)) - client-DB4E080F923B->9e0d48e9-795f-4679-b1bc-974fe7951c55: receive RaftClientReply:client-DB4E080F923B->9e0d48e9-795f-4679-b1bc-974fe7951c55@group-FC65621A5432, cid=45, FAILED org.apache.ratis.protocol.NotLeaderException: Server 9e0d48e9-795f-4679-b1bc-974fe7951c55 is not the leader (d4f36997-48a6-49b8-995b-3c38d9ac3c0f:192.168.5.178:40775). Request must be sent to leader., logIndex=0, commits[9e0d48e9-795f-4679-b1bc-974fe7951c55:c8, 564f3e1b-dc37-4d98-9518-cc9451ddb3ca:c7, d4f36997-48a6-49b8-995b-3c38d9ac3c0f:c8]
2019-08-23 05:49:39,817 | INFO  | SCMAudit | user=jenkins1000 | ip=192.168.5.178 | op=SEND_HEARTBEAT {datanodeUUID=96a4345b-84e3-4f69-b56b-0cb9f3200145, command=[]} | ret=SUCCESS |  
2019-08-23 05:49:40,035 | INFO  | SCMAudit | user=jenkins1000 | ip=192.168.5.178 | op=SEND_HEARTBEAT {datanodeUUID=c6842691-702c-4d39-b47f-d27b1fab8f33, command=[]} | ret=SUCCESS |  
2019-08-23 05:49:40,210 | INFO  | SCMAudit | user=jenkins1000 | ip=192.168.5.178 | op=SEND_HEARTBEAT {datanodeUUID=6b30598f-e3b0-450c-bc0d-9274443a7fa0, command=[]} | ret=SUCCESS |  
2019-08-23 05:49:40,262 | INFO  | SCMAudit | user=jenkins1000 | ip=192.168.5.178 | op=SEND_HEARTBEAT {datanodeUUID=63fd8c64-0397-4420-bb2f-fd9af094cc1f, command=[]} | ret=SUCCESS |  
2019-08-23 05:49:40,703 | INFO  | SCMAudit | user=jenkins1000 | ip=192.168.5.178 | op=SEND_HEARTBEAT {datanodeUUID=564f3e1b-dc37-4d98-9518-cc9451ddb3ca, command=[]} | ret=SUCCESS |  
2019-08-23 05:49:40,703 | INFO  | SCMAudit | user=jenkins1000 | ip=192.168.5.178 | op=SEND_HEARTBEAT {datanodeUUID=d4f36997-48a6-49b8-995b-3c38d9ac3c0f, command=[]} | ret=SUCCESS |  
2019-08-23 05:49:40,725 | INFO  | SCMAudit | user=jenkins1000 | ip=192.168.5.178 | op=SEND_HEARTBEAT {datanodeUUID=9e0d48e9-795f-4679-b1bc-974fe7951c55, command=[]} | ret=SUCCESS |  
2019-08-23 05:49:40,817 | INFO  | SCMAudit | user=jenkins1000 | ip=192.168.5.178 | op=SEND_HEARTBEAT {datanodeUUID=96a4345b-84e3-4f69-b56b-0cb9f3200145, command=[]} | ret=SUCCESS |  
2019-08-23 05:49:41,035 | INFO  | SCMAudit | user=jenkins1000 | ip=192.168.5.178 | op=SEND_HEARTBEAT {datanodeUUID=c6842691-702c-4d39-b47f-d27b1fab8f33, command=[]} | ret=SUCCESS |  
2019-08-23 05:49:41,210 | INFO  | SCMAudit | user=jenkins1000 | ip=192.168.5.178 | op=SEND_HEARTBEAT {datanodeUUID=6b30598f-e3b0-450c-bc0d-9274443a7fa0, command=[]} | ret=SUCCESS |  
2019-08-23 05:49:41,262 | INFO  | SCMAudit | user=jenkins1000 | ip=192.168.5.178 | op=SEND_HEARTBEAT {datanodeUUID=63fd8c64-0397-4420-bb2f-fd9af094cc1f, command=[]} | ret=SUCCESS |  
2019-08-23 05:49:41,704 | INFO  | SCMAudit | user=jenkins1000 | ip=192.168.5.178 | op=SEND_HEARTBEAT {datanodeUUID=564f3e1b-dc37-4d98-9518-cc9451ddb3ca, command=[]} | ret=SUCCESS |  
2019-08-23 05:49:41,704 | INFO  | SCMAudit | user=jenkins1000 | ip=192.168.5.178 | op=SEND_HEARTBEAT {datanodeUUID=d4f36997-48a6-49b8-995b-3c38d9ac3c0f, command=[]} | ret=SUCCESS |  
2019-08-23 05:49:41,724 | INFO  | SCMAudit | user=jenkins1000 | ip=192.168.5.178 | op=SEND_HEARTBEAT {datanodeUUID=9e0d48e9-795f-4679-b1bc-974fe7951c55, command=[]} | ret=SUCCESS |  
2019-08-23 05:49:41,816 | INFO  | SCMAudit | user=jenkins1000 | ip=192.168.5.178 | op=SEND_HEARTBEAT {datanodeUUID=96a4345b-84e3-4f69-b56b-0cb9f3200145, command=[]} | ret=SUCCESS |  
2019-08-23 05:49:42,035 | INFO  | SCMAudit | user=jenkins1000 | ip=192.168.5.178 | op=SEND_HEARTBEAT {datanodeUUID=c6842691-702c-4d39-b47f-d27b1fab8f33, command=[]} | ret=SUCCESS |  
2019-08-23 05:49:42,210 | INFO  | SCMAudit | user=jenkins1000 | ip=192.168.5.178 | op=SEND_HEARTBEAT {datanodeUUID=6b30598f-e3b0-450c-bc0d-9274443a7fa0, command=[]} | ret=SUCCESS |  
2019-08-23 05:49:42,262 | INFO  | SCMAudit | user=jenkins1000 | ip=192.168.5.178 | op=SEND_HEARTBEAT {datanodeUUID=63fd8c64-0397-4420-bb2f-fd9af094cc1f, command=[]} | ret=SUCCESS |  
2019-08-23 05:49:42,704 | INFO  | SCMAudit | user=jenkins1000 | ip=192.168.5.178 | op=SEND_HEARTBEAT {datanodeUUID=d4f36997-48a6-49b8-995b-3c38d9ac3c0f, command=[]} | ret=SUCCESS |  
2019-08-23 05:49:42,704 | INFO  | SCMAudit | user=jenkins1000 | ip=192.168.5.178 | op=SEND_HEARTBEAT {datanodeUUID=564f3e1b-dc37-4d98-9518-cc9451ddb3ca, command=[]} | ret=SUCCESS |  
2019-08-23 05:49:42,725 | INFO  | SCMAudit | user=jenkins1000 | ip=192.168.5.178 | op=SEND_HEARTBEAT {datanodeUUID=9e0d48e9-795f-4679-b1bc-974fe7951c55, command=[]} | ret=SUCCESS |  
2019-08-23 05:49:42,817 | INFO  | SCMAudit | user=jenkins1000 | ip=192.168.5.178 | op=SEND_HEARTBEAT {datanodeUUID=96a4345b-84e3-4f69-b56b-0cb9f3200145, command=[]} | ret=SUCCESS |  
2019-08-23 05:49:43,034 | INFO  | SCMAudit | user=jenkins1000 | ip=192.168.5.178 | op=SEND_HEARTBEAT {datanodeUUID=c6842691-702c-4d39-b47f-d27b1fab8f33, command=[]} | ret=SUCCESS |  
2019-08-23 05:49:43,210 | INFO  | SCMAudit | user=jenkins1000 | ip=192.168.5.178 | op=SEND_HEARTBEAT {datanodeUUID=6b30598f-e3b0-450c-bc0d-9274443a7fa0, command=[]} | ret=SUCCESS |  
2019-08-23 05:49:43,262 | INFO  | SCMAudit | user=jenkins1000 | ip=192.168.5.178 | op=SEND_HEARTBEAT {datanodeUUID=63fd8c64-0397-4420-bb2f-fd9af094cc1f, command=[]} | ret=SUCCESS |  
2019-08-23 05:49:43,704 | INFO  | SCMAudit | user=jenkins1000 | ip=192.168.5.178 | op=SEND_HEARTBEAT {datanodeUUID=564f3e1b-dc37-4d98-9518-cc9451ddb3ca, command=[]} | ret=SUCCESS |  
2019-08-23 05:49:43,704 | INFO  | SCMAudit | user=jenkins1000 | ip=192.168.5.178 | op=SEND_HEARTBEAT {datanodeUUID=d4f36997-48a6-49b8-995b-3c38d9ac3c0f, command=[]} | ret=SUCCESS |  
2019-08-23 05:49:43,708 [Thread-813] INFO  impl.FollowerState (FollowerState.java:run(106)) - c6842691-702c-4d39-b47f-d27b1fab8f33:group-AD9040517D7F changes to CANDIDATE, lastRpcTime:5091, electionTimeout:5091ms
2019-08-23 05:49:43,709 [Thread-813] INFO  impl.RoleInfo (RoleInfo.java:shutdownFollowerState(121)) - c6842691-702c-4d39-b47f-d27b1fab8f33: shutdown FollowerState
2019-08-23 05:49:43,709 [Thread-813] INFO  impl.RaftServerImpl (RaftServerImpl.java:setRole(171)) - c6842691-702c-4d39-b47f-d27b1fab8f33:group-AD9040517D7F changes role from FOLLOWER to CANDIDATE at term 3 for changeToCandidate
2019-08-23 05:49:43,709 [Thread-813] INFO  impl.RoleInfo (RoleInfo.java:updateAndGet(143)) - c6842691-702c-4d39-b47f-d27b1fab8f33: start LeaderElection
2019-08-23 05:49:43,726 | INFO  | SCMAudit | user=jenkins1000 | ip=192.168.5.178 | op=SEND_HEARTBEAT {datanodeUUID=9e0d48e9-795f-4679-b1bc-974fe7951c55, command=[]} | ret=SUCCESS |  
2019-08-23 05:49:43,727 [c6842691-702c-4d39-b47f-d27b1fab8f33:group-AD9040517D7F:LeaderElection25] INFO  impl.LeaderElection (LeaderElection.java:askForVotes(181)) - c6842691-702c-4d39-b47f-d27b1fab8f33:group-AD9040517D7F:LeaderElection25: begin an election at term 4 for -1: [63fd8c64-0397-4420-bb2f-fd9af094cc1f:192.168.5.178:40555, c6842691-702c-4d39-b47f-d27b1fab8f33:192.168.5.178:46322, 96a4345b-84e3-4f69-b56b-0cb9f3200145:192.168.5.178:40964], old=null
2019-08-23 05:49:43,733 [grpc-default-executor-5] INFO  impl.RaftServerImpl (RaftServerImpl.java:setRole(171)) - 63fd8c64-0397-4420-bb2f-fd9af094cc1f:group-AD9040517D7F changes role from FOLLOWER to FOLLOWER at term 4 for recognizeCandidate:c6842691-702c-4d39-b47f-d27b1fab8f33
2019-08-23 05:49:43,733 [grpc-default-executor-4] INFO  impl.RaftServerImpl (RaftServerImpl.java:setRole(171)) - 96a4345b-84e3-4f69-b56b-0cb9f3200145:group-AD9040517D7F changes role from FOLLOWER to FOLLOWER at term 4 for recognizeCandidate:c6842691-702c-4d39-b47f-d27b1fab8f33
2019-08-23 05:49:43,734 [grpc-default-executor-5] INFO  impl.RoleInfo (RoleInfo.java:shutdownFollowerState(121)) - 63fd8c64-0397-4420-bb2f-fd9af094cc1f: shutdown FollowerState
2019-08-23 05:49:43,734 [grpc-default-executor-4] INFO  impl.RoleInfo (RoleInfo.java:shutdownFollowerState(121)) - 96a4345b-84e3-4f69-b56b-0cb9f3200145: shutdown FollowerState
2019-08-23 05:49:43,734 [Thread-820] INFO  impl.FollowerState (FollowerState.java:run(114)) - 63fd8c64-0397-4420-bb2f-fd9af094cc1f: FollowerState was interrupted: java.lang.InterruptedException: sleep interrupted
2019-08-23 05:49:43,734 [grpc-default-executor-5] INFO  impl.RoleInfo (RoleInfo.java:updateAndGet(143)) - 63fd8c64-0397-4420-bb2f-fd9af094cc1f: start FollowerState
2019-08-23 05:49:43,734 [Thread-819] INFO  impl.FollowerState (FollowerState.java:run(114)) - 96a4345b-84e3-4f69-b56b-0cb9f3200145: FollowerState was interrupted: java.lang.InterruptedException: sleep interrupted
2019-08-23 05:49:43,734 [grpc-default-executor-4] INFO  impl.RoleInfo (RoleInfo.java:updateAndGet(143)) - 96a4345b-84e3-4f69-b56b-0cb9f3200145: start FollowerState
2019-08-23 05:49:43,784 [c6842691-702c-4d39-b47f-d27b1fab8f33:group-AD9040517D7F:LeaderElection25] INFO  impl.LeaderElection (LeaderElection.java:logAndReturn(56)) - c6842691-702c-4d39-b47f-d27b1fab8f33:group-AD9040517D7F:LeaderElection25: Election PASSED; received 2 response(s) [c6842691-702c-4d39-b47f-d27b1fab8f33<-63fd8c64-0397-4420-bb2f-fd9af094cc1f#0:FAIL-t4, c6842691-702c-4d39-b47f-d27b1fab8f33<-96a4345b-84e3-4f69-b56b-0cb9f3200145#0:OK-t4] and 0 exception(s); c6842691-702c-4d39-b47f-d27b1fab8f33:t4, leader=null, voted=c6842691-702c-4d39-b47f-d27b1fab8f33, raftlog=c6842691-702c-4d39-b47f-d27b1fab8f33-SegmentedRaftLog:OPENED:c-1,f-1,i0, conf=-1: [63fd8c64-0397-4420-bb2f-fd9af094cc1f:192.168.5.178:40555, c6842691-702c-4d39-b47f-d27b1fab8f33:192.168.5.178:46322, 96a4345b-84e3-4f69-b56b-0cb9f3200145:192.168.5.178:40964], old=null
2019-08-23 05:49:43,784 [c6842691-702c-4d39-b47f-d27b1fab8f33:group-AD9040517D7F:LeaderElection25] INFO  impl.RoleInfo (RoleInfo.java:shutdownLeaderElection(134)) - c6842691-702c-4d39-b47f-d27b1fab8f33: shutdown LeaderElection
2019-08-23 05:49:43,789 [c6842691-702c-4d39-b47f-d27b1fab8f33:group-AD9040517D7F:LeaderElection25] INFO  impl.RaftServerImpl (RaftServerImpl.java:setRole(171)) - c6842691-702c-4d39-b47f-d27b1fab8f33:group-AD9040517D7F changes role from CANDIDATE to LEADER at term 4 for changeToLeader
2019-08-23 05:49:43,789 [c6842691-702c-4d39-b47f-d27b1fab8f33:group-AD9040517D7F:LeaderElection25] INFO  impl.RaftServerImpl (ServerState.java:setLeader(263)) - c6842691-702c-4d39-b47f-d27b1fab8f33:group-AD9040517D7F change Leader from null to c6842691-702c-4d39-b47f-d27b1fab8f33 at term 4 for becomeLeader, leader elected after 15421ms
2019-08-23 05:49:43,789 [c6842691-702c-4d39-b47f-d27b1fab8f33:group-AD9040517D7F:LeaderElection25] INFO  server.RaftServerConfigKeys (ConfUtils.java:logGet(43)) - raft.server.staging.catchup.gap = 1000 (default)
2019-08-23 05:49:43,792 [c6842691-702c-4d39-b47f-d27b1fab8f33:group-AD9040517D7F:LeaderElection25] INFO  server.RaftServerConfigKeys (ConfUtils.java:logGet(43)) - raft.server.rpc.sleep.time = 25ms (default)
2019-08-23 05:49:43,792 [c6842691-702c-4d39-b47f-d27b1fab8f33:group-AD9040517D7F:LeaderElection25] INFO  server.RaftServerConfigKeys (ConfUtils.java:logGet(43)) - raft.server.write.element-limit = 4096 (default)
2019-08-23 05:49:43,792 [c6842691-702c-4d39-b47f-d27b1fab8f33:group-AD9040517D7F:LeaderElection25] INFO  server.RaftServerConfigKeys (ConfUtils.java:logGet(43)) - raft.server.watch.timeout = 10s (default)
2019-08-23 05:49:43,792 [c6842691-702c-4d39-b47f-d27b1fab8f33:group-AD9040517D7F:LeaderElection25] INFO  server.RaftServerConfigKeys (ConfUtils.java:logGet(43)) - raft.server.watch.timeout.denomination = 1s (default)
2019-08-23 05:49:43,792 [c6842691-702c-4d39-b47f-d27b1fab8f33:group-AD9040517D7F:LeaderElection25] INFO  server.RaftServerConfigKeys (ConfUtils.java:logGet(43)) - raft.server.watch.element-limit = 65536 (default)
2019-08-23 05:49:43,793 [c6842691-702c-4d39-b47f-d27b1fab8f33:group-AD9040517D7F:LeaderElection25] INFO  server.RaftServerConfigKeys (ConfUtils.java:logGet(43)) - raft.server.log.appender.snapshot.chunk.size.max = 16MB (=16777216) (default)
2019-08-23 05:49:43,793 [c6842691-702c-4d39-b47f-d27b1fab8f33:group-AD9040517D7F:LeaderElection25] INFO  server.RaftServerConfigKeys (ConfUtils.java:logGet(43)) - raft.server.log.appender.buffer.byte-limit = 33554432 (custom)
2019-08-23 05:49:43,793 [c6842691-702c-4d39-b47f-d27b1fab8f33:group-AD9040517D7F:LeaderElection25] INFO  server.RaftServerConfigKeys (ConfUtils.java:logGet(43)) - raft.server.log.appender.buffer.element-limit = 1 (custom)
2019-08-23 05:49:43,793 [c6842691-702c-4d39-b47f-d27b1fab8f33:group-AD9040517D7F:LeaderElection25] INFO  grpc.GrpcConfigKeys$Server (ConfUtils.java:logGet(43)) - raft.grpc.server.leader.outstanding.appends.max = 128 (default)
2019-08-23 05:49:43,794 [c6842691-702c-4d39-b47f-d27b1fab8f33:group-AD9040517D7F:LeaderElection25] INFO  server.RaftServerConfigKeys (ConfUtils.java:logGet(43)) - raft.server.rpc.request.timeout = 3000ms (default)
2019-08-23 05:49:43,794 [c6842691-702c-4d39-b47f-d27b1fab8f33:group-AD9040517D7F:LeaderElection25] INFO  server.RaftServerConfigKeys (ConfUtils.java:logGet(43)) - raft.server.log.appender.install.snapshot.enabled = false (custom)
2019-08-23 05:49:43,794 [c6842691-702c-4d39-b47f-d27b1fab8f33:group-AD9040517D7F:LeaderElection25] INFO  server.RaftServerConfigKeys (ConfUtils.java:logGet(43)) - raft.server.log.appender.snapshot.chunk.size.max = 16MB (=16777216) (default)
2019-08-23 05:49:43,794 [c6842691-702c-4d39-b47f-d27b1fab8f33:group-AD9040517D7F:LeaderElection25] INFO  server.RaftServerConfigKeys (ConfUtils.java:logGet(43)) - raft.server.log.appender.buffer.byte-limit = 33554432 (custom)
2019-08-23 05:49:43,794 [c6842691-702c-4d39-b47f-d27b1fab8f33:group-AD9040517D7F:LeaderElection25] INFO  server.RaftServerConfigKeys (ConfUtils.java:logGet(43)) - raft.server.log.appender.buffer.element-limit = 1 (custom)
2019-08-23 05:49:43,794 [c6842691-702c-4d39-b47f-d27b1fab8f33:group-AD9040517D7F:LeaderElection25] INFO  grpc.GrpcConfigKeys$Server (ConfUtils.java:logGet(43)) - raft.grpc.server.leader.outstanding.appends.max = 128 (default)
2019-08-23 05:49:43,795 [c6842691-702c-4d39-b47f-d27b1fab8f33:group-AD9040517D7F:LeaderElection25] INFO  server.RaftServerConfigKeys (ConfUtils.java:logGet(43)) - raft.server.rpc.request.timeout = 3000ms (default)
2019-08-23 05:49:43,795 [c6842691-702c-4d39-b47f-d27b1fab8f33:group-AD9040517D7F:LeaderElection25] INFO  server.RaftServerConfigKeys (ConfUtils.java:logGet(43)) - raft.server.log.appender.install.snapshot.enabled = false (custom)
2019-08-23 05:49:43,795 [c6842691-702c-4d39-b47f-d27b1fab8f33:group-AD9040517D7F:LeaderElection25] INFO  impl.RoleInfo (RoleInfo.java:updateAndGet(143)) - c6842691-702c-4d39-b47f-d27b1fab8f33: start LeaderState
2019-08-23 05:49:43,795 [c6842691-702c-4d39-b47f-d27b1fab8f33:group-AD9040517D7F:LeaderElection25] INFO  segmented.SegmentedRaftLogWorker (SegmentedRaftLogWorker.java:startLogSegment(380)) - c6842691-702c-4d39-b47f-d27b1fab8f33-SegmentedRaftLogWorker:Storage Directory /workdir/hadoop-ozone/integration-test/target/test-dir/MiniOzoneClusterImpl-4e018812-8580-4f5b-9c00-decd40181699/datanode-1/data/ratis/988b6394-1126-4bd5-847e-ad9040517d7f: Starting segment from index:0
2019-08-23 05:49:43,796 [c6842691-702c-4d39-b47f-d27b1fab8f33:group-AD9040517D7F:LeaderElection25] INFO  impl.RaftServerImpl (ServerState.java:setRaftConf(361)) - c6842691-702c-4d39-b47f-d27b1fab8f33:group-AD9040517D7F set configuration 0: [63fd8c64-0397-4420-bb2f-fd9af094cc1f:192.168.5.178:40555, c6842691-702c-4d39-b47f-d27b1fab8f33:192.168.5.178:46322, 96a4345b-84e3-4f69-b56b-0cb9f3200145:192.168.5.178:40964], old=null at 0
2019-08-23 05:49:43,832 | INFO  | SCMAudit | user=jenkins1000 | ip=192.168.5.178 | op=SEND_HEARTBEAT {datanodeUUID=96a4345b-84e3-4f69-b56b-0cb9f3200145, command=[]} | ret=SUCCESS |  
2019-08-23 05:49:43,832 [grpc-default-executor-1] INFO  impl.RaftServerImpl (ServerState.java:setLeader(263)) - 96a4345b-84e3-4f69-b56b-0cb9f3200145:group-AD9040517D7F change Leader from null to c6842691-702c-4d39-b47f-d27b1fab8f33 at term 4 for appendEntries, leader elected after 15465ms
2019-08-23 05:49:43,833 [grpc-default-executor-5] INFO  impl.RaftServerImpl (ServerState.java:setLeader(263)) - 63fd8c64-0397-4420-bb2f-fd9af094cc1f:group-AD9040517D7F change Leader from null to c6842691-702c-4d39-b47f-d27b1fab8f33 at term 4 for appendEntries, leader elected after 5178ms
2019-08-23 05:49:43,836 [grpc-default-executor-5] INFO  impl.RaftServerImpl (ServerState.java:setRaftConf(361)) - 96a4345b-84e3-4f69-b56b-0cb9f3200145:group-AD9040517D7F set configuration 0: [63fd8c64-0397-4420-bb2f-fd9af094cc1f:192.168.5.178:40555, c6842691-702c-4d39-b47f-d27b1fab8f33:192.168.5.178:46322, 96a4345b-84e3-4f69-b56b-0cb9f3200145:192.168.5.178:40964], old=null at 0
2019-08-23 05:49:43,836 [grpc-default-executor-1] INFO  impl.RaftServerImpl (ServerState.java:setRaftConf(361)) - 63fd8c64-0397-4420-bb2f-fd9af094cc1f:group-AD9040517D7F set configuration 0: [63fd8c64-0397-4420-bb2f-fd9af094cc1f:192.168.5.178:40555, c6842691-702c-4d39-b47f-d27b1fab8f33:192.168.5.178:46322, 96a4345b-84e3-4f69-b56b-0cb9f3200145:192.168.5.178:40964], old=null at 0
2019-08-23 05:49:43,836 [grpc-default-executor-5] INFO  segmented.SegmentedRaftLogWorker (SegmentedRaftLogWorker.java:startLogSegment(380)) - 96a4345b-84e3-4f69-b56b-0cb9f3200145-SegmentedRaftLogWorker:Storage Directory /workdir/hadoop-ozone/integration-test/target/test-dir/MiniOzoneClusterImpl-4e018812-8580-4f5b-9c00-decd40181699/datanode-0/data/ratis/988b6394-1126-4bd5-847e-ad9040517d7f: Starting segment from index:0
2019-08-23 05:49:43,842 [c6842691-702c-4d39-b47f-d27b1fab8f33-SegmentedRaftLogWorker:Storage Directory /workdir/hadoop-ozone/integration-test/target/test-dir/MiniOzoneClusterImpl-4e018812-8580-4f5b-9c00-decd40181699/datanode-1/data/ratis/988b6394-1126-4bd5-847e-ad9040517d7f] INFO  segmented.SegmentedRaftLogWorker (SegmentedRaftLogWorker.java:execute(569)) - c6842691-702c-4d39-b47f-d27b1fab8f33-SegmentedRaftLogWorker:Storage Directory /workdir/hadoop-ozone/integration-test/target/test-dir/MiniOzoneClusterImpl-4e018812-8580-4f5b-9c00-decd40181699/datanode-1/data/ratis/988b6394-1126-4bd5-847e-ad9040517d7f: created new log segment /workdir/hadoop-ozone/integration-test/target/test-dir/MiniOzoneClusterImpl-4e018812-8580-4f5b-9c00-decd40181699/datanode-1/data/ratis/988b6394-1126-4bd5-847e-ad9040517d7f/current/log_inprogress_0
2019-08-23 05:49:43,842 [grpc-default-executor-1] INFO  segmented.SegmentedRaftLogWorker (SegmentedRaftLogWorker.java:truncate(396)) - 63fd8c64-0397-4420-bb2f-fd9af094cc1f-SegmentedRaftLogWorker:Storage Directory /workdir/hadoop-ozone/integration-test/target/test-dir/MiniOzoneClusterImpl-4e018812-8580-4f5b-9c00-decd40181699/datanode-2/data/ratis/988b6394-1126-4bd5-847e-ad9040517d7f: Truncating segments toTruncate: null
  toDelete: [(0, 0) isOpen? true, length=0, newEndIndex=-1], start index 0
2019-08-23 05:49:43,843 [grpc-default-executor-1] INFO  segmented.SegmentedRaftLogWorker (SegmentedRaftLogWorker.java:startLogSegment(380)) - 63fd8c64-0397-4420-bb2f-fd9af094cc1f-SegmentedRaftLogWorker:Storage Directory /workdir/hadoop-ozone/integration-test/target/test-dir/MiniOzoneClusterImpl-4e018812-8580-4f5b-9c00-decd40181699/datanode-2/data/ratis/988b6394-1126-4bd5-847e-ad9040517d7f: Starting segment from index:0
2019-08-23 05:49:43,843 [63fd8c64-0397-4420-bb2f-fd9af094cc1f-SegmentedRaftLogWorker:Storage Directory /workdir/hadoop-ozone/integration-test/target/test-dir/MiniOzoneClusterImpl-4e018812-8580-4f5b-9c00-decd40181699/datanode-2/data/ratis/988b6394-1126-4bd5-847e-ad9040517d7f] INFO  segmented.SegmentedRaftLogWorker (SegmentedRaftLogWorker.java:execute(633)) - 63fd8c64-0397-4420-bb2f-fd9af094cc1f-SegmentedRaftLogWorker:Storage Directory /workdir/hadoop-ozone/integration-test/target/test-dir/MiniOzoneClusterImpl-4e018812-8580-4f5b-9c00-decd40181699/datanode-2/data/ratis/988b6394-1126-4bd5-847e-ad9040517d7f: Deleted log file /workdir/hadoop-ozone/integration-test/target/test-dir/MiniOzoneClusterImpl-4e018812-8580-4f5b-9c00-decd40181699/datanode-2/data/ratis/988b6394-1126-4bd5-847e-ad9040517d7f/current/log_inprogress_0
2019-08-23 05:49:43,844 [63fd8c64-0397-4420-bb2f-fd9af094cc1f-SegmentedRaftLogWorker:Storage Directory /workdir/hadoop-ozone/integration-test/target/test-dir/MiniOzoneClusterImpl-4e018812-8580-4f5b-9c00-decd40181699/datanode-2/data/ratis/988b6394-1126-4bd5-847e-ad9040517d7f] INFO  segmented.SegmentedRaftLogWorker (SegmentedRaftLogWorker.java:lambda$new$0(132)) - 63fd8c64-0397-4420-bb2f-fd9af094cc1f-SegmentedRaftLogWorker:Storage Directory /workdir/hadoop-ozone/integration-test/target/test-dir/MiniOzoneClusterImpl-4e018812-8580-4f5b-9c00-decd40181699/datanode-2/data/ratis/988b6394-1126-4bd5-847e-ad9040517d7f: flushIndex: setUnconditionally 0 -> -1
2019-08-23 05:49:43,890 [63fd8c64-0397-4420-bb2f-fd9af094cc1f-SegmentedRaftLogWorker:Storage Directory /workdir/hadoop-ozone/integration-test/target/test-dir/MiniOzoneClusterImpl-4e018812-8580-4f5b-9c00-decd40181699/datanode-2/data/ratis/988b6394-1126-4bd5-847e-ad9040517d7f] INFO  segmented.SegmentedRaftLogWorker (SegmentedRaftLogWorker.java:execute(569)) - 63fd8c64-0397-4420-bb2f-fd9af094cc1f-SegmentedRaftLogWorker:Storage Directory /workdir/hadoop-ozone/integration-test/target/test-dir/MiniOzoneClusterImpl-4e018812-8580-4f5b-9c00-decd40181699/datanode-2/data/ratis/988b6394-1126-4bd5-847e-ad9040517d7f: created new log segment /workdir/hadoop-ozone/integration-test/target/test-dir/MiniOzoneClusterImpl-4e018812-8580-4f5b-9c00-decd40181699/datanode-2/data/ratis/988b6394-1126-4bd5-847e-ad9040517d7f/current/log_inprogress_0
2019-08-23 05:49:43,890 [96a4345b-84e3-4f69-b56b-0cb9f3200145-SegmentedRaftLogWorker:Storage Directory /workdir/hadoop-ozone/integration-test/target/test-dir/MiniOzoneClusterImpl-4e018812-8580-4f5b-9c00-decd40181699/datanode-0/data/ratis/988b6394-1126-4bd5-847e-ad9040517d7f] INFO  segmented.SegmentedRaftLogWorker (SegmentedRaftLogWorker.java:execute(569)) - 96a4345b-84e3-4f69-b56b-0cb9f3200145-SegmentedRaftLogWorker:Storage Directory /workdir/hadoop-ozone/integration-test/target/test-dir/MiniOzoneClusterImpl-4e018812-8580-4f5b-9c00-decd40181699/datanode-0/data/ratis/988b6394-1126-4bd5-847e-ad9040517d7f: created new log segment /workdir/hadoop-ozone/integration-test/target/test-dir/MiniOzoneClusterImpl-4e018812-8580-4f5b-9c00-decd40181699/datanode-0/data/ratis/988b6394-1126-4bd5-847e-ad9040517d7f/current/log_inprogress_0
2019-08-23 05:49:44,035 | INFO  | SCMAudit | user=jenkins1000 | ip=192.168.5.178 | op=SEND_HEARTBEAT {datanodeUUID=c6842691-702c-4d39-b47f-d27b1fab8f33, command=[]} | ret=SUCCESS |  
2019-08-23 05:49:44,211 | INFO  | SCMAudit | user=jenkins1000 | ip=192.168.5.178 | op=SEND_HEARTBEAT {datanodeUUID=6b30598f-e3b0-450c-bc0d-9274443a7fa0, command=[]} | ret=SUCCESS |  
2019-08-23 05:49:44,263 | INFO  | SCMAudit | user=jenkins1000 | ip=192.168.5.178 | op=SEND_HEARTBEAT {datanodeUUID=63fd8c64-0397-4420-bb2f-fd9af094cc1f, command=[]} | ret=SUCCESS |  
2019-08-23 05:49:44,704 | INFO  | SCMAudit | user=jenkins1000 | ip=192.168.5.178 | op=SEND_HEARTBEAT {datanodeUUID=564f3e1b-dc37-4d98-9518-cc9451ddb3ca, command=[]} | ret=SUCCESS |  
2019-08-23 05:49:44,704 | INFO  | SCMAudit | user=jenkins1000 | ip=192.168.5.178 | op=SEND_HEARTBEAT {datanodeUUID=d4f36997-48a6-49b8-995b-3c38d9ac3c0f, command=[]} | ret=SUCCESS |  
2019-08-23 05:49:44,725 | INFO  | SCMAudit | user=jenkins1000 | ip=192.168.5.178 | op=SEND_HEARTBEAT {datanodeUUID=9e0d48e9-795f-4679-b1bc-974fe7951c55, command=[]} | ret=SUCCESS |  
2019-08-23 05:49:44,804 [grpc-default-executor-1] INFO  client.GrpcClientProtocolClient (GrpcClientProtocolClient.java:onNext(255)) - client-DB4E080F923B->564f3e1b-dc37-4d98-9518-cc9451ddb3ca: receive RaftClientReply:client-DB4E080F923B->564f3e1b-dc37-4d98-9518-cc9451ddb3ca@group-FC65621A5432, cid=45, FAILED org.apache.ratis.protocol.NotLeaderException: Server 564f3e1b-dc37-4d98-9518-cc9451ddb3ca is not the leader (d4f36997-48a6-49b8-995b-3c38d9ac3c0f:192.168.5.178:40775). Request must be sent to leader., logIndex=0, commits[564f3e1b-dc37-4d98-9518-cc9451ddb3ca:c8, 9e0d48e9-795f-4679-b1bc-974fe7951c55:c8, d4f36997-48a6-49b8-995b-3c38d9ac3c0f:c8]
2019-08-23 05:49:44,831 | INFO  | SCMAudit | user=jenkins1000 | ip=192.168.5.178 | op=SEND_HEARTBEAT {datanodeUUID=96a4345b-84e3-4f69-b56b-0cb9f3200145, command=[]} | ret=SUCCESS |  
2019-08-23 05:49:45,035 | INFO  | SCMAudit | user=jenkins1000 | ip=192.168.5.178 | op=SEND_HEARTBEAT {datanodeUUID=c6842691-702c-4d39-b47f-d27b1fab8f33, command=[]} | ret=SUCCESS |  
2019-08-23 05:49:45,210 | INFO  | SCMAudit | user=jenkins1000 | ip=192.168.5.178 | op=SEND_HEARTBEAT {datanodeUUID=6b30598f-e3b0-450c-bc0d-9274443a7fa0, command=[]} | ret=SUCCESS |  
2019-08-23 05:49:45,263 | INFO  | SCMAudit | user=jenkins1000 | ip=192.168.5.178 | op=SEND_HEARTBEAT {datanodeUUID=63fd8c64-0397-4420-bb2f-fd9af094cc1f, command=[]} | ret=SUCCESS |  
2019-08-23 05:49:45,704 | INFO  | SCMAudit | user=jenkins1000 | ip=192.168.5.178 | op=SEND_HEARTBEAT {datanodeUUID=d4f36997-48a6-49b8-995b-3c38d9ac3c0f, command=[]} | ret=SUCCESS |  
2019-08-23 05:49:45,704 | INFO  | SCMAudit | user=jenkins1000 | ip=192.168.5.178 | op=SEND_HEARTBEAT {datanodeUUID=564f3e1b-dc37-4d98-9518-cc9451ddb3ca, command=[]} | ret=SUCCESS |  
2019-08-23 05:49:45,726 | INFO  | SCMAudit | user=jenkins1000 | ip=192.168.5.178 | op=SEND_HEARTBEAT {datanodeUUID=9e0d48e9-795f-4679-b1bc-974fe7951c55, command=[]} | ret=SUCCESS |  
2019-08-23 05:49:45,831 | INFO  | SCMAudit | user=jenkins1000 | ip=192.168.5.178 | op=SEND_HEARTBEAT {datanodeUUID=96a4345b-84e3-4f69-b56b-0cb9f3200145, command=[]} | ret=SUCCESS |  
2019-08-23 05:49:46,035 | INFO  | SCMAudit | user=jenkins1000 | ip=192.168.5.178 | op=SEND_HEARTBEAT {datanodeUUID=c6842691-702c-4d39-b47f-d27b1fab8f33, command=[]} | ret=SUCCESS |  
2019-08-23 05:49:46,211 | INFO  | SCMAudit | user=jenkins1000 | ip=192.168.5.178 | op=SEND_HEARTBEAT {datanodeUUID=6b30598f-e3b0-450c-bc0d-9274443a7fa0, command=[]} | ret=SUCCESS |  
2019-08-23 05:49:46,262 | INFO  | SCMAudit | user=jenkins1000 | ip=192.168.5.178 | op=SEND_HEARTBEAT {datanodeUUID=63fd8c64-0397-4420-bb2f-fd9af094cc1f, command=[]} | ret=SUCCESS |  
2019-08-23 05:49:46,705 | INFO  | SCMAudit | user=jenkins1000 | ip=192.168.5.178 | op=SEND_HEARTBEAT {datanodeUUID=d4f36997-48a6-49b8-995b-3c38d9ac3c0f, command=[]} | ret=SUCCESS |  
2019-08-23 05:49:46,705 | INFO  | SCMAudit | user=jenkins1000 | ip=192.168.5.178 | op=SEND_HEARTBEAT {datanodeUUID=564f3e1b-dc37-4d98-9518-cc9451ddb3ca, command=[]} | ret=SUCCESS |  
2019-08-23 05:49:46,727 | INFO  | SCMAudit | user=jenkins1000 | ip=192.168.5.178 | op=SEND_HEARTBEAT {datanodeUUID=9e0d48e9-795f-4679-b1bc-974fe7951c55, command=[]} | ret=SUCCESS |  
2019-08-23 05:49:46,830 | INFO  | SCMAudit | user=jenkins1000 | ip=192.168.5.178 | op=SEND_HEARTBEAT {datanodeUUID=96a4345b-84e3-4f69-b56b-0cb9f3200145, command=[]} | ret=SUCCESS |  
2019-08-23 05:49:47,036 | INFO  | SCMAudit | user=jenkins1000 | ip=192.168.5.178 | op=SEND_HEARTBEAT {datanodeUUID=c6842691-702c-4d39-b47f-d27b1fab8f33, command=[]} | ret=SUCCESS |  
2019-08-23 05:49:47,212 | INFO  | SCMAudit | user=jenkins1000 | ip=192.168.5.178 | op=SEND_HEARTBEAT {datanodeUUID=6b30598f-e3b0-450c-bc0d-9274443a7fa0, command=[]} | ret=SUCCESS |  
2019-08-23 05:49:47,262 | INFO  | SCMAudit | user=jenkins1000 | ip=192.168.5.178 | op=SEND_HEARTBEAT {datanodeUUID=63fd8c64-0397-4420-bb2f-fd9af094cc1f, command=[]} | ret=SUCCESS |  
2019-08-23 05:49:47,704 | INFO  | SCMAudit | user=jenkins1000 | ip=192.168.5.178 | op=SEND_HEARTBEAT {datanodeUUID=d4f36997-48a6-49b8-995b-3c38d9ac3c0f, command=[]} | ret=SUCCESS |  
2019-08-23 05:49:47,704 | INFO  | SCMAudit | user=jenkins1000 | ip=192.168.5.178 | op=SEND_HEARTBEAT {datanodeUUID=564f3e1b-dc37-4d98-9518-cc9451ddb3ca, command=[]} | ret=SUCCESS |  
2019-08-23 05:49:47,726 | INFO  | SCMAudit | user=jenkins1000 | ip=192.168.5.178 | op=SEND_HEARTBEAT {datanodeUUID=9e0d48e9-795f-4679-b1bc-974fe7951c55, command=[]} | ret=SUCCESS |  
2019-08-23 05:49:47,831 | INFO  | SCMAudit | user=jenkins1000 | ip=192.168.5.178 | op=SEND_HEARTBEAT {datanodeUUID=96a4345b-84e3-4f69-b56b-0cb9f3200145, command=[]} | ret=SUCCESS |  
2019-08-23 05:49:48,036 | INFO  | SCMAudit | user=jenkins1000 | ip=192.168.5.178 | op=SEND_HEARTBEAT {datanodeUUID=c6842691-702c-4d39-b47f-d27b1fab8f33, command=[]} | ret=SUCCESS |  
2019-08-23 05:49:48,213 | INFO  | SCMAudit | user=jenkins1000 | ip=192.168.5.178 | op=SEND_HEARTBEAT {datanodeUUID=6b30598f-e3b0-450c-bc0d-9274443a7fa0, command=[]} | ret=SUCCESS |  
2019-08-23 05:49:48,263 | INFO  | SCMAudit | user=jenkins1000 | ip=192.168.5.178 | op=SEND_HEARTBEAT {datanodeUUID=63fd8c64-0397-4420-bb2f-fd9af094cc1f, command=[]} | ret=SUCCESS |  
2019-08-23 05:49:48,704 | INFO  | SCMAudit | user=jenkins1000 | ip=192.168.5.178 | op=SEND_HEARTBEAT {datanodeUUID=d4f36997-48a6-49b8-995b-3c38d9ac3c0f, command=[]} | ret=SUCCESS |  
2019-08-23 05:49:48,704 | INFO  | SCMAudit | user=jenkins1000 | ip=192.168.5.178 | op=SEND_HEARTBEAT {datanodeUUID=564f3e1b-dc37-4d98-9518-cc9451ddb3ca, command=[]} | ret=SUCCESS |  
2019-08-23 05:49:48,726 | INFO  | SCMAudit | user=jenkins1000 | ip=192.168.5.178 | op=SEND_HEARTBEAT {datanodeUUID=9e0d48e9-795f-4679-b1bc-974fe7951c55, command=[]} | ret=SUCCESS |  
2019-08-23 05:49:48,833 | INFO  | SCMAudit | user=jenkins1000 | ip=192.168.5.178 | op=SEND_HEARTBEAT {datanodeUUID=96a4345b-84e3-4f69-b56b-0cb9f3200145, command=[]} | ret=SUCCESS |  
2019-08-23 05:49:49,035 | INFO  | SCMAudit | user=jenkins1000 | ip=192.168.5.178 | op=SEND_HEARTBEAT {datanodeUUID=c6842691-702c-4d39-b47f-d27b1fab8f33, command=[]} | ret=SUCCESS |  
2019-08-23 05:49:49,213 | INFO  | SCMAudit | user=jenkins1000 | ip=192.168.5.178 | op=SEND_HEARTBEAT {datanodeUUID=6b30598f-e3b0-450c-bc0d-9274443a7fa0, command=[]} | ret=SUCCESS |  
2019-08-23 05:49:49,263 | INFO  | SCMAudit | user=jenkins1000 | ip=192.168.5.178 | op=SEND_HEARTBEAT {datanodeUUID=63fd8c64-0397-4420-bb2f-fd9af094cc1f, command=[]} | ret=SUCCESS |  
2019-08-23 05:49:49,704 | INFO  | SCMAudit | user=jenkins1000 | ip=192.168.5.178 | op=SEND_HEARTBEAT {datanodeUUID=d4f36997-48a6-49b8-995b-3c38d9ac3c0f, command=[]} | ret=SUCCESS |  
2019-08-23 05:49:49,704 | INFO  | SCMAudit | user=jenkins1000 | ip=192.168.5.178 | op=SEND_HEARTBEAT {datanodeUUID=564f3e1b-dc37-4d98-9518-cc9451ddb3ca, command=[]} | ret=SUCCESS |  
2019-08-23 05:49:49,726 | INFO  | SCMAudit | user=jenkins1000 | ip=192.168.5.178 | op=SEND_HEARTBEAT {datanodeUUID=9e0d48e9-795f-4679-b1bc-974fe7951c55, command=[]} | ret=SUCCESS |  
2019-08-23 05:49:49,831 | INFO  | SCMAudit | user=jenkins1000 | ip=192.168.5.178 | op=SEND_HEARTBEAT {datanodeUUID=96a4345b-84e3-4f69-b56b-0cb9f3200145, command=[]} | ret=SUCCESS |  
2019-08-23 05:49:49,858 [grpc-default-executor-5] INFO  client.GrpcClientProtocolClient (GrpcClientProtocolClient.java:onNext(255)) - client-DB4E080F923B->9e0d48e9-795f-4679-b1bc-974fe7951c55: receive RaftClientReply:client-DB4E080F923B->9e0d48e9-795f-4679-b1bc-974fe7951c55@group-FC65621A5432, cid=45, FAILED org.apache.ratis.protocol.NotLeaderException: Server 9e0d48e9-795f-4679-b1bc-974fe7951c55 is not the leader (d4f36997-48a6-49b8-995b-3c38d9ac3c0f:192.168.5.178:40775). Request must be sent to leader., logIndex=0, commits[9e0d48e9-795f-4679-b1bc-974fe7951c55:c8, 564f3e1b-dc37-4d98-9518-cc9451ddb3ca:c8, d4f36997-48a6-49b8-995b-3c38d9ac3c0f:c8]
2019-08-23 05:49:50,036 | INFO  | SCMAudit | user=jenkins1000 | ip=192.168.5.178 | op=SEND_HEARTBEAT {datanodeUUID=c6842691-702c-4d39-b47f-d27b1fab8f33, command=[]} | ret=SUCCESS |  
2019-08-23 05:49:50,213 | INFO  | SCMAudit | user=jenkins1000 | ip=192.168.5.178 | op=SEND_HEARTBEAT {datanodeUUID=6b30598f-e3b0-450c-bc0d-9274443a7fa0, command=[]} | ret=SUCCESS |  
2019-08-23 05:49:50,263 | INFO  | SCMAudit | user=jenkins1000 | ip=192.168.5.178 | op=SEND_HEARTBEAT {datanodeUUID=63fd8c64-0397-4420-bb2f-fd9af094cc1f, command=[]} | ret=SUCCESS |  
2019-08-23 05:49:50,704 | INFO  | SCMAudit | user=jenkins1000 | ip=192.168.5.178 | op=SEND_HEARTBEAT {datanodeUUID=d4f36997-48a6-49b8-995b-3c38d9ac3c0f, command=[]} | ret=SUCCESS |  
2019-08-23 05:49:50,704 | INFO  | SCMAudit | user=jenkins1000 | ip=192.168.5.178 | op=SEND_HEARTBEAT {datanodeUUID=564f3e1b-dc37-4d98-9518-cc9451ddb3ca, command=[]} | ret=SUCCESS |  
2019-08-23 05:49:50,727 | INFO  | SCMAudit | user=jenkins1000 | ip=192.168.5.178 | op=SEND_HEARTBEAT {datanodeUUID=9e0d48e9-795f-4679-b1bc-974fe7951c55, command=[]} | ret=SUCCESS |  
2019-08-23 05:49:50,830 | INFO  | SCMAudit | user=jenkins1000 | ip=192.168.5.178 | op=SEND_HEARTBEAT {datanodeUUID=96a4345b-84e3-4f69-b56b-0cb9f3200145, command=[]} | ret=SUCCESS |  
2019-08-23 05:49:51,035 | INFO  | SCMAudit | user=jenkins1000 | ip=192.168.5.178 | op=SEND_HEARTBEAT {datanodeUUID=c6842691-702c-4d39-b47f-d27b1fab8f33, command=[]} | ret=SUCCESS |  
2019-08-23 05:49:51,214 | INFO  | SCMAudit | user=jenkins1000 | ip=192.168.5.178 | op=SEND_HEARTBEAT {datanodeUUID=6b30598f-e3b0-450c-bc0d-9274443a7fa0, command=[]} | ret=SUCCESS |  
2019-08-23 05:49:51,263 | INFO  | SCMAudit | user=jenkins1000 | ip=192.168.5.178 | op=SEND_HEARTBEAT {datanodeUUID=63fd8c64-0397-4420-bb2f-fd9af094cc1f, command=[]} | ret=SUCCESS |  
2019-08-23 05:49:51,704 | INFO  | SCMAudit | user=jenkins1000 | ip=192.168.5.178 | op=SEND_HEARTBEAT {datanodeUUID=564f3e1b-dc37-4d98-9518-cc9451ddb3ca, command=[]} | ret=SUCCESS |  
2019-08-23 05:49:51,704 | INFO  | SCMAudit | user=jenkins1000 | ip=192.168.5.178 | op=SEND_HEARTBEAT {datanodeUUID=d4f36997-48a6-49b8-995b-3c38d9ac3c0f, command=[]} | ret=SUCCESS |  
2019-08-23 05:49:51,726 | INFO  | SCMAudit | user=jenkins1000 | ip=192.168.5.178 | op=SEND_HEARTBEAT {datanodeUUID=9e0d48e9-795f-4679-b1bc-974fe7951c55, command=[]} | ret=SUCCESS |  
2019-08-23 05:49:51,830 | INFO  | SCMAudit | user=jenkins1000 | ip=192.168.5.178 | op=SEND_HEARTBEAT {datanodeUUID=96a4345b-84e3-4f69-b56b-0cb9f3200145, command=[]} | ret=SUCCESS |  
2019-08-23 05:49:52,035 | INFO  | SCMAudit | user=jenkins1000 | ip=192.168.5.178 | op=SEND_HEARTBEAT {datanodeUUID=c6842691-702c-4d39-b47f-d27b1fab8f33, command=[]} | ret=SUCCESS |  
2019-08-23 05:49:52,214 | INFO  | SCMAudit | user=jenkins1000 | ip=192.168.5.178 | op=SEND_HEARTBEAT {datanodeUUID=6b30598f-e3b0-450c-bc0d-9274443a7fa0, command=[]} | ret=SUCCESS |  
2019-08-23 05:49:52,263 | INFO  | SCMAudit | user=jenkins1000 | ip=192.168.5.178 | op=SEND_HEARTBEAT {datanodeUUID=63fd8c64-0397-4420-bb2f-fd9af094cc1f, command=[]} | ret=SUCCESS |  
2019-08-23 05:49:52,704 | INFO  | SCMAudit | user=jenkins1000 | ip=192.168.5.178 | op=SEND_HEARTBEAT {datanodeUUID=d4f36997-48a6-49b8-995b-3c38d9ac3c0f, command=[]} | ret=SUCCESS |  
2019-08-23 05:49:52,704 | INFO  | SCMAudit | user=jenkins1000 | ip=192.168.5.178 | op=SEND_HEARTBEAT {datanodeUUID=564f3e1b-dc37-4d98-9518-cc9451ddb3ca, command=[]} | ret=SUCCESS |  
2019-08-23 05:49:52,727 | INFO  | SCMAudit | user=jenkins1000 | ip=192.168.5.178 | op=SEND_HEARTBEAT {datanodeUUID=9e0d48e9-795f-4679-b1bc-974fe7951c55, command=[]} | ret=SUCCESS |  
2019-08-23 05:49:52,830 | INFO  | SCMAudit | user=jenkins1000 | ip=192.168.5.178 | op=SEND_HEARTBEAT {datanodeUUID=96a4345b-84e3-4f69-b56b-0cb9f3200145, command=[]} | ret=SUCCESS |  
2019-08-23 05:49:53,036 | INFO  | SCMAudit | user=jenkins1000 | ip=192.168.5.178 | op=SEND_HEARTBEAT {datanodeUUID=c6842691-702c-4d39-b47f-d27b1fab8f33, command=[]} | ret=SUCCESS |  
2019-08-23 05:49:53,213 | INFO  | SCMAudit | user=jenkins1000 | ip=192.168.5.178 | op=SEND_HEARTBEAT {datanodeUUID=6b30598f-e3b0-450c-bc0d-9274443a7fa0, command=[]} | ret=SUCCESS |  
2019-08-23 05:49:53,263 | INFO  | SCMAudit | user=jenkins1000 | ip=192.168.5.178 | op=SEND_HEARTBEAT {datanodeUUID=63fd8c64-0397-4420-bb2f-fd9af094cc1f, command=[]} | ret=SUCCESS |  
2019-08-23 05:49:53,705 | INFO  | SCMAudit | user=jenkins1000 | ip=192.168.5.178 | op=SEND_HEARTBEAT {datanodeUUID=d4f36997-48a6-49b8-995b-3c38d9ac3c0f, command=[]} | ret=SUCCESS |  
2019-08-23 05:49:53,705 | INFO  | SCMAudit | user=jenkins1000 | ip=192.168.5.178 | op=SEND_HEARTBEAT {datanodeUUID=564f3e1b-dc37-4d98-9518-cc9451ddb3ca, command=[]} | ret=SUCCESS |  
2019-08-23 05:49:53,726 | INFO  | SCMAudit | user=jenkins1000 | ip=192.168.5.178 | op=SEND_HEARTBEAT {datanodeUUID=9e0d48e9-795f-4679-b1bc-974fe7951c55, command=[]} | ret=SUCCESS |  
2019-08-23 05:49:53,831 | INFO  | SCMAudit | user=jenkins1000 | ip=192.168.5.178 | op=SEND_HEARTBEAT {datanodeUUID=96a4345b-84e3-4f69-b56b-0cb9f3200145, command=[]} | ret=SUCCESS |  
2019-08-23 05:49:54,037 | INFO  | SCMAudit | user=jenkins1000 | ip=192.168.5.178 | op=SEND_HEARTBEAT {datanodeUUID=c6842691-702c-4d39-b47f-d27b1fab8f33, command=[]} | ret=SUCCESS |  
2019-08-23 05:49:54,214 | INFO  | SCMAudit | user=jenkins1000 | ip=192.168.5.178 | op=SEND_HEARTBEAT {datanodeUUID=6b30598f-e3b0-450c-bc0d-9274443a7fa0, command=[]} | ret=SUCCESS |  
2019-08-23 05:49:54,263 | INFO  | SCMAudit | user=jenkins1000 | ip=192.168.5.178 | op=SEND_HEARTBEAT {datanodeUUID=63fd8c64-0397-4420-bb2f-fd9af094cc1f, command=[]} | ret=SUCCESS |  
2019-08-23 05:49:54,704 | INFO  | SCMAudit | user=jenkins1000 | ip=192.168.5.178 | op=SEND_HEARTBEAT {datanodeUUID=d4f36997-48a6-49b8-995b-3c38d9ac3c0f, command=[]} | ret=SUCCESS |  
2019-08-23 05:49:54,705 | INFO  | SCMAudit | user=jenkins1000 | ip=192.168.5.178 | op=SEND_HEARTBEAT {datanodeUUID=564f3e1b-dc37-4d98-9518-cc9451ddb3ca, command=[]} | ret=SUCCESS |  
2019-08-23 05:49:54,726 | INFO  | SCMAudit | user=jenkins1000 | ip=192.168.5.178 | op=SEND_HEARTBEAT {datanodeUUID=9e0d48e9-795f-4679-b1bc-974fe7951c55, command=[]} | ret=SUCCESS |  
2019-08-23 05:49:54,831 | INFO  | SCMAudit | user=jenkins1000 | ip=192.168.5.178 | op=SEND_HEARTBEAT {datanodeUUID=96a4345b-84e3-4f69-b56b-0cb9f3200145, command=[]} | ret=SUCCESS |  
2019-08-23 05:49:54,943 [grpc-default-executor-5] INFO  client.GrpcClientProtocolClient (GrpcClientProtocolClient.java:onNext(255)) - client-DB4E080F923B->9e0d48e9-795f-4679-b1bc-974fe7951c55: receive RaftClientReply:client-DB4E080F923B->9e0d48e9-795f-4679-b1bc-974fe7951c55@group-FC65621A5432, cid=45, FAILED org.apache.ratis.protocol.NotLeaderException: Server 9e0d48e9-795f-4679-b1bc-974fe7951c55 is not the leader (d4f36997-48a6-49b8-995b-3c38d9ac3c0f:192.168.5.178:40775). Request must be sent to leader., logIndex=0, commits[9e0d48e9-795f-4679-b1bc-974fe7951c55:c8, 564f3e1b-dc37-4d98-9518-cc9451ddb3ca:c8, d4f36997-48a6-49b8-995b-3c38d9ac3c0f:c8]
2019-08-23 05:49:55,037 | INFO  | SCMAudit | user=jenkins1000 | ip=192.168.5.178 | op=SEND_HEARTBEAT {datanodeUUID=c6842691-702c-4d39-b47f-d27b1fab8f33, command=[]} | ret=SUCCESS |  
2019-08-23 05:49:55,214 | INFO  | SCMAudit | user=jenkins1000 | ip=192.168.5.178 | op=SEND_HEARTBEAT {datanodeUUID=6b30598f-e3b0-450c-bc0d-9274443a7fa0, command=[]} | ret=SUCCESS |  
2019-08-23 05:49:55,263 | INFO  | SCMAudit | user=jenkins1000 | ip=192.168.5.178 | op=SEND_HEARTBEAT {datanodeUUID=63fd8c64-0397-4420-bb2f-fd9af094cc1f, command=[]} | ret=SUCCESS |  
2019-08-23 05:49:55,704 | INFO  | SCMAudit | user=jenkins1000 | ip=192.168.5.178 | op=SEND_HEARTBEAT {datanodeUUID=d4f36997-48a6-49b8-995b-3c38d9ac3c0f, command=[]} | ret=SUCCESS |  
2019-08-23 05:49:55,704 | INFO  | SCMAudit | user=jenkins1000 | ip=192.168.5.178 | op=SEND_HEARTBEAT {datanodeUUID=564f3e1b-dc37-4d98-9518-cc9451ddb3ca, command=[]} | ret=SUCCESS |  
2019-08-23 05:49:55,726 | INFO  | SCMAudit | user=jenkins1000 | ip=192.168.5.178 | op=SEND_HEARTBEAT {datanodeUUID=9e0d48e9-795f-4679-b1bc-974fe7951c55, command=[]} | ret=SUCCESS |  
2019-08-23 05:49:55,830 | INFO  | SCMAudit | user=jenkins1000 | ip=192.168.5.178 | op=SEND_HEARTBEAT {datanodeUUID=96a4345b-84e3-4f69-b56b-0cb9f3200145, command=[]} | ret=SUCCESS |  
2019-08-23 05:49:56,037 | INFO  | SCMAudit | user=jenkins1000 | ip=192.168.5.178 | op=SEND_HEARTBEAT {datanodeUUID=c6842691-702c-4d39-b47f-d27b1fab8f33, command=[]} | ret=SUCCESS |  
2019-08-23 05:49:56,214 | INFO  | SCMAudit | user=jenkins1000 | ip=192.168.5.178 | op=SEND_HEARTBEAT {datanodeUUID=6b30598f-e3b0-450c-bc0d-9274443a7fa0, command=[]} | ret=SUCCESS |  
2019-08-23 05:49:56,263 | INFO  | SCMAudit | user=jenkins1000 | ip=192.168.5.178 | op=SEND_HEARTBEAT {datanodeUUID=63fd8c64-0397-4420-bb2f-fd9af094cc1f, command=[]} | ret=SUCCESS |  
2019-08-23 05:49:56,704 | INFO  | SCMAudit | user=jenkins1000 | ip=192.168.5.178 | op=SEND_HEARTBEAT {datanodeUUID=564f3e1b-dc37-4d98-9518-cc9451ddb3ca, command=[]} | ret=SUCCESS |  
2019-08-23 05:49:56,704 | INFO  | SCMAudit | user=jenkins1000 | ip=192.168.5.178 | op=SEND_HEARTBEAT {datanodeUUID=d4f36997-48a6-49b8-995b-3c38d9ac3c0f, command=[]} | ret=SUCCESS |  
2019-08-23 05:49:56,727 | INFO  | SCMAudit | user=jenkins1000 | ip=192.168.5.178 | op=SEND_HEARTBEAT {datanodeUUID=9e0d48e9-795f-4679-b1bc-974fe7951c55, command=[]} | ret=SUCCESS |  
2019-08-23 05:49:56,830 | INFO  | SCMAudit | user=jenkins1000 | ip=192.168.5.178 | op=SEND_HEARTBEAT {datanodeUUID=96a4345b-84e3-4f69-b56b-0cb9f3200145, command=[]} | ret=SUCCESS |  
2019-08-23 05:49:57,036 | INFO  | SCMAudit | user=jenkins1000 | ip=192.168.5.178 | op=SEND_HEARTBEAT {datanodeUUID=c6842691-702c-4d39-b47f-d27b1fab8f33, command=[]} | ret=SUCCESS |  
2019-08-23 05:49:57,214 | INFO  | SCMAudit | user=jenkins1000 | ip=192.168.5.178 | op=SEND_HEARTBEAT {datanodeUUID=6b30598f-e3b0-450c-bc0d-9274443a7fa0, command=[]} | ret=SUCCESS |  
2019-08-23 05:49:57,263 | INFO  | SCMAudit | user=jenkins1000 | ip=192.168.5.178 | op=SEND_HEARTBEAT {datanodeUUID=63fd8c64-0397-4420-bb2f-fd9af094cc1f, command=[]} | ret=SUCCESS |  
2019-08-23 05:49:57,704 | INFO  | SCMAudit | user=jenkins1000 | ip=192.168.5.178 | op=SEND_HEARTBEAT {datanodeUUID=d4f36997-48a6-49b8-995b-3c38d9ac3c0f, command=[]} | ret=SUCCESS |  
2019-08-23 05:49:57,705 | INFO  | SCMAudit | user=jenkins1000 | ip=192.168.5.178 | op=SEND_HEARTBEAT {datanodeUUID=564f3e1b-dc37-4d98-9518-cc9451ddb3ca, command=[]} | ret=SUCCESS |  
2019-08-23 05:49:57,727 | INFO  | SCMAudit | user=jenkins1000 | ip=192.168.5.178 | op=SEND_HEARTBEAT {datanodeUUID=9e0d48e9-795f-4679-b1bc-974fe7951c55, command=[]} | ret=SUCCESS |  
2019-08-23 05:49:57,830 | INFO  | SCMAudit | user=jenkins1000 | ip=192.168.5.178 | op=SEND_HEARTBEAT {datanodeUUID=96a4345b-84e3-4f69-b56b-0cb9f3200145, command=[]} | ret=SUCCESS |  
2019-08-23 05:49:58,036 | INFO  | SCMAudit | user=jenkins1000 | ip=192.168.5.178 | op=SEND_HEARTBEAT {datanodeUUID=c6842691-702c-4d39-b47f-d27b1fab8f33, command=[]} | ret=SUCCESS |  
2019-08-23 05:49:58,214 | INFO  | SCMAudit | user=jenkins1000 | ip=192.168.5.178 | op=SEND_HEARTBEAT {datanodeUUID=6b30598f-e3b0-450c-bc0d-9274443a7fa0, command=[]} | ret=SUCCESS |  
2019-08-23 05:49:58,264 | INFO  | SCMAudit | user=jenkins1000 | ip=192.168.5.178 | op=SEND_HEARTBEAT {datanodeUUID=63fd8c64-0397-4420-bb2f-fd9af094cc1f, command=[]} | ret=SUCCESS |  
2019-08-23 05:49:58,704 | INFO  | SCMAudit | user=jenkins1000 | ip=192.168.5.178 | op=SEND_HEARTBEAT {datanodeUUID=d4f36997-48a6-49b8-995b-3c38d9ac3c0f, command=[]} | ret=SUCCESS |  
2019-08-23 05:49:58,704 | INFO  | SCMAudit | user=jenkins1000 | ip=192.168.5.178 | op=SEND_HEARTBEAT {datanodeUUID=564f3e1b-dc37-4d98-9518-cc9451ddb3ca, command=[]} | ret=SUCCESS |  
2019-08-23 05:49:58,727 | INFO  | SCMAudit | user=jenkins1000 | ip=192.168.5.178 | op=SEND_HEARTBEAT {datanodeUUID=9e0d48e9-795f-4679-b1bc-974fe7951c55, command=[]} | ret=SUCCESS |  
2019-08-23 05:49:58,830 | INFO  | SCMAudit | user=jenkins1000 | ip=192.168.5.178 | op=SEND_HEARTBEAT {datanodeUUID=96a4345b-84e3-4f69-b56b-0cb9f3200145, command=[]} | ret=SUCCESS |  
2019-08-23 05:49:59,036 | INFO  | SCMAudit | user=jenkins1000 | ip=192.168.5.178 | op=SEND_HEARTBEAT {datanodeUUID=c6842691-702c-4d39-b47f-d27b1fab8f33, command=[]} | ret=SUCCESS |  
2019-08-23 05:49:59,214 | INFO  | SCMAudit | user=jenkins1000 | ip=192.168.5.178 | op=SEND_HEARTBEAT {datanodeUUID=6b30598f-e3b0-450c-bc0d-9274443a7fa0, command=[]} | ret=SUCCESS |  
2019-08-23 05:49:59,264 | INFO  | SCMAudit | user=jenkins1000 | ip=192.168.5.178 | op=SEND_HEARTBEAT {datanodeUUID=63fd8c64-0397-4420-bb2f-fd9af094cc1f, command=[]} | ret=SUCCESS |  
2019-08-23 05:49:59,705 | INFO  | SCMAudit | user=jenkins1000 | ip=192.168.5.178 | op=SEND_HEARTBEAT {datanodeUUID=d4f36997-48a6-49b8-995b-3c38d9ac3c0f, command=[]} | ret=SUCCESS |  
2019-08-23 05:49:59,705 | INFO  | SCMAudit | user=jenkins1000 | ip=192.168.5.178 | op=SEND_HEARTBEAT {datanodeUUID=564f3e1b-dc37-4d98-9518-cc9451ddb3ca, command=[]} | ret=SUCCESS |  
2019-08-23 05:49:59,728 | INFO  | SCMAudit | user=jenkins1000 | ip=192.168.5.178 | op=SEND_HEARTBEAT {datanodeUUID=9e0d48e9-795f-4679-b1bc-974fe7951c55, command=[]} | ret=SUCCESS |  
2019-08-23 05:49:59,831 | INFO  | SCMAudit | user=jenkins1000 | ip=192.168.5.178 | op=SEND_HEARTBEAT {datanodeUUID=96a4345b-84e3-4f69-b56b-0cb9f3200145, command=[]} | ret=SUCCESS |  
2019-08-23 05:49:59,997 [grpc-default-executor-5] INFO  client.GrpcClientProtocolClient (GrpcClientProtocolClient.java:onNext(255)) - client-DB4E080F923B->9e0d48e9-795f-4679-b1bc-974fe7951c55: receive RaftClientReply:client-DB4E080F923B->9e0d48e9-795f-4679-b1bc-974fe7951c55@group-FC65621A5432, cid=45, FAILED org.apache.ratis.protocol.NotLeaderException: Server 9e0d48e9-795f-4679-b1bc-974fe7951c55 is not the leader (d4f36997-48a6-49b8-995b-3c38d9ac3c0f:192.168.5.178:40775). Request must be sent to leader., logIndex=0, commits[9e0d48e9-795f-4679-b1bc-974fe7951c55:c8, 564f3e1b-dc37-4d98-9518-cc9451ddb3ca:c8, d4f36997-48a6-49b8-995b-3c38d9ac3c0f:c8]
2019-08-23 05:50:00,037 | INFO  | SCMAudit | user=jenkins1000 | ip=192.168.5.178 | op=SEND_HEARTBEAT {datanodeUUID=c6842691-702c-4d39-b47f-d27b1fab8f33, command=[]} | ret=SUCCESS |  
2019-08-23 05:50:00,214 | INFO  | SCMAudit | user=jenkins1000 | ip=192.168.5.178 | op=SEND_HEARTBEAT {datanodeUUID=6b30598f-e3b0-450c-bc0d-9274443a7fa0, command=[]} | ret=SUCCESS |  
2019-08-23 05:50:00,263 | INFO  | SCMAudit | user=jenkins1000 | ip=192.168.5.178 | op=SEND_HEARTBEAT {datanodeUUID=63fd8c64-0397-4420-bb2f-fd9af094cc1f, command=[]} | ret=SUCCESS |  
2019-08-23 05:50:00,705 | INFO  | SCMAudit | user=jenkins1000 | ip=192.168.5.178 | op=SEND_HEARTBEAT {datanodeUUID=564f3e1b-dc37-4d98-9518-cc9451ddb3ca, command=[]} | ret=SUCCESS |  
2019-08-23 05:50:00,705 | INFO  | SCMAudit | user=jenkins1000 | ip=192.168.5.178 | op=SEND_HEARTBEAT {datanodeUUID=d4f36997-48a6-49b8-995b-3c38d9ac3c0f, command=[]} | ret=SUCCESS |  
2019-08-23 05:50:00,729 | INFO  | SCMAudit | user=jenkins1000 | ip=192.168.5.178 | op=SEND_HEARTBEAT {datanodeUUID=9e0d48e9-795f-4679-b1bc-974fe7951c55, command=[]} | ret=SUCCESS |  
2019-08-23 05:50:00,831 | INFO  | SCMAudit | user=jenkins1000 | ip=192.168.5.178 | op=SEND_HEARTBEAT {datanodeUUID=96a4345b-84e3-4f69-b56b-0cb9f3200145, command=[]} | ret=SUCCESS |  
2019-08-23 05:50:01,037 | INFO  | SCMAudit | user=jenkins1000 | ip=192.168.5.178 | op=SEND_HEARTBEAT {datanodeUUID=c6842691-702c-4d39-b47f-d27b1fab8f33, command=[]} | ret=SUCCESS |  
2019-08-23 05:50:01,215 | INFO  | SCMAudit | user=jenkins1000 | ip=192.168.5.178 | op=SEND_HEARTBEAT {datanodeUUID=6b30598f-e3b0-450c-bc0d-9274443a7fa0, command=[]} | ret=SUCCESS |  
2019-08-23 05:50:01,263 | INFO  | SCMAudit | user=jenkins1000 | ip=192.168.5.178 | op=SEND_HEARTBEAT {datanodeUUID=63fd8c64-0397-4420-bb2f-fd9af094cc1f, command=[]} | ret=SUCCESS |  
2019-08-23 05:50:01,704 | INFO  | SCMAudit | user=jenkins1000 | ip=192.168.5.178 | op=SEND_HEARTBEAT {datanodeUUID=d4f36997-48a6-49b8-995b-3c38d9ac3c0f, command=[]} | ret=SUCCESS |  
2019-08-23 05:50:01,705 | INFO  | SCMAudit | user=jenkins1000 | ip=192.168.5.178 | op=SEND_HEARTBEAT {datanodeUUID=564f3e1b-dc37-4d98-9518-cc9451ddb3ca, command=[]} | ret=SUCCESS |  
2019-08-23 05:50:01,728 | INFO  | SCMAudit | user=jenkins1000 | ip=192.168.5.178 | op=SEND_HEARTBEAT {datanodeUUID=9e0d48e9-795f-4679-b1bc-974fe7951c55, command=[]} | ret=SUCCESS |  
2019-08-23 05:50:01,832 | INFO  | SCMAudit | user=jenkins1000 | ip=192.168.5.178 | op=SEND_HEARTBEAT {datanodeUUID=96a4345b-84e3-4f69-b56b-0cb9f3200145, command=[]} | ret=SUCCESS |  
2019-08-23 05:50:02,037 | INFO  | SCMAudit | user=jenkins1000 | ip=192.168.5.178 | op=SEND_HEARTBEAT {datanodeUUID=c6842691-702c-4d39-b47f-d27b1fab8f33, command=[]} | ret=SUCCESS |  
2019-08-23 05:50:02,214 | INFO  | SCMAudit | user=jenkins1000 | ip=192.168.5.178 | op=SEND_HEARTBEAT {datanodeUUID=6b30598f-e3b0-450c-bc0d-9274443a7fa0, command=[]} | ret=SUCCESS |  
2019-08-23 05:50:02,263 | INFO  | SCMAudit | user=jenkins1000 | ip=192.168.5.178 | op=SEND_HEARTBEAT {datanodeUUID=63fd8c64-0397-4420-bb2f-fd9af094cc1f, command=[]} | ret=SUCCESS |  
2019-08-23 05:50:02,704 | INFO  | SCMAudit | user=jenkins1000 | ip=192.168.5.178 | op=SEND_HEARTBEAT {datanodeUUID=d4f36997-48a6-49b8-995b-3c38d9ac3c0f, command=[]} | ret=SUCCESS |  
2019-08-23 05:50:02,705 | INFO  | SCMAudit | user=jenkins1000 | ip=192.168.5.178 | op=SEND_HEARTBEAT {datanodeUUID=564f3e1b-dc37-4d98-9518-cc9451ddb3ca, command=[]} | ret=SUCCESS |  
2019-08-23 05:50:02,728 | INFO  | SCMAudit | user=jenkins1000 | ip=192.168.5.178 | op=SEND_HEARTBEAT {datanodeUUID=9e0d48e9-795f-4679-b1bc-974fe7951c55, command=[]} | ret=SUCCESS |  
2019-08-23 05:50:02,833 | INFO  | SCMAudit | user=jenkins1000 | ip=192.168.5.178 | op=SEND_HEARTBEAT {datanodeUUID=96a4345b-84e3-4f69-b56b-0cb9f3200145, command=[]} | ret=SUCCESS |  
2019-08-23 05:50:03,036 | INFO  | SCMAudit | user=jenkins1000 | ip=192.168.5.178 | op=SEND_HEARTBEAT {datanodeUUID=c6842691-702c-4d39-b47f-d27b1fab8f33, command=[]} | ret=SUCCESS |  
2019-08-23 05:50:03,214 | INFO  | SCMAudit | user=jenkins1000 | ip=192.168.5.178 | op=SEND_HEARTBEAT {datanodeUUID=6b30598f-e3b0-450c-bc0d-9274443a7fa0, command=[]} | ret=SUCCESS |  
2019-08-23 05:50:03,263 | INFO  | SCMAudit | user=jenkins1000 | ip=192.168.5.178 | op=SEND_HEARTBEAT {datanodeUUID=63fd8c64-0397-4420-bb2f-fd9af094cc1f, command=[]} | ret=SUCCESS |  
2019-08-23 05:50:03,704 | INFO  | SCMAudit | user=jenkins1000 | ip=192.168.5.178 | op=SEND_HEARTBEAT {datanodeUUID=d4f36997-48a6-49b8-995b-3c38d9ac3c0f, command=[]} | ret=SUCCESS |  
2019-08-23 05:50:03,705 | INFO  | SCMAudit | user=jenkins1000 | ip=192.168.5.178 | op=SEND_HEARTBEAT {datanodeUUID=564f3e1b-dc37-4d98-9518-cc9451ddb3ca, command=[]} | ret=SUCCESS |  
2019-08-23 05:50:03,728 | INFO  | SCMAudit | user=jenkins1000 | ip=192.168.5.178 | op=SEND_HEARTBEAT {datanodeUUID=9e0d48e9-795f-4679-b1bc-974fe7951c55, command=[]} | ret=SUCCESS |  
2019-08-23 05:50:03,833 | INFO  | SCMAudit | user=jenkins1000 | ip=192.168.5.178 | op=SEND_HEARTBEAT {datanodeUUID=96a4345b-84e3-4f69-b56b-0cb9f3200145, command=[]} | ret=SUCCESS |  
2019-08-23 05:50:04,036 | INFO  | SCMAudit | user=jenkins1000 | ip=192.168.5.178 | op=SEND_HEARTBEAT {datanodeUUID=c6842691-702c-4d39-b47f-d27b1fab8f33, command=[]} | ret=SUCCESS |  
2019-08-23 05:50:04,214 | INFO  | SCMAudit | user=jenkins1000 | ip=192.168.5.178 | op=SEND_HEARTBEAT {datanodeUUID=6b30598f-e3b0-450c-bc0d-9274443a7fa0, command=[]} | ret=SUCCESS |  
2019-08-23 05:50:04,263 | INFO  | SCMAudit | user=jenkins1000 | ip=192.168.5.178 | op=SEND_HEARTBEAT {datanodeUUID=63fd8c64-0397-4420-bb2f-fd9af094cc1f, command=[]} | ret=SUCCESS |  
2019-08-23 05:50:04,705 | INFO  | SCMAudit | user=jenkins1000 | ip=192.168.5.178 | op=SEND_HEARTBEAT {datanodeUUID=d4f36997-48a6-49b8-995b-3c38d9ac3c0f, command=[]} | ret=SUCCESS |  
2019-08-23 05:50:04,705 | INFO  | SCMAudit | user=jenkins1000 | ip=192.168.5.178 | op=SEND_HEARTBEAT {datanodeUUID=564f3e1b-dc37-4d98-9518-cc9451ddb3ca, command=[]} | ret=SUCCESS |  
2019-08-23 05:50:04,729 | INFO  | SCMAudit | user=jenkins1000 | ip=192.168.5.178 | op=SEND_HEARTBEAT {datanodeUUID=9e0d48e9-795f-4679-b1bc-974fe7951c55, command=[]} | ret=SUCCESS |  
2019-08-23 05:50:04,833 | INFO  | SCMAudit | user=jenkins1000 | ip=192.168.5.178 | op=SEND_HEARTBEAT {datanodeUUID=96a4345b-84e3-4f69-b56b-0cb9f3200145, command=[]} | ret=SUCCESS |  
2019-08-23 05:50:05,041 | INFO  | SCMAudit | user=jenkins1000 | ip=192.168.5.178 | op=SEND_HEARTBEAT {datanodeUUID=c6842691-702c-4d39-b47f-d27b1fab8f33, command=[]} | ret=SUCCESS |  
2019-08-23 05:50:05,042 [grpc-default-executor-5] INFO  client.GrpcClientProtocolClient (GrpcClientProtocolClient.java:onNext(255)) - client-DB4E080F923B->564f3e1b-dc37-4d98-9518-cc9451ddb3ca: receive RaftClientReply:client-DB4E080F923B->564f3e1b-dc37-4d98-9518-cc9451ddb3ca@group-FC65621A5432, cid=45, FAILED org.apache.ratis.protocol.NotLeaderException: Server 564f3e1b-dc37-4d98-9518-cc9451ddb3ca is not the leader (d4f36997-48a6-49b8-995b-3c38d9ac3c0f:192.168.5.178:40775). Request must be sent to leader., logIndex=0, commits[564f3e1b-dc37-4d98-9518-cc9451ddb3ca:c8, 9e0d48e9-795f-4679-b1bc-974fe7951c55:c8, d4f36997-48a6-49b8-995b-3c38d9ac3c0f:c8]
2019-08-23 05:50:05,214 | INFO  | SCMAudit | user=jenkins1000 | ip=192.168.5.178 | op=SEND_HEARTBEAT {datanodeUUID=6b30598f-e3b0-450c-bc0d-9274443a7fa0, command=[]} | ret=SUCCESS |  
2019-08-23 05:50:05,263 | INFO  | SCMAudit | user=jenkins1000 | ip=192.168.5.178 | op=SEND_HEARTBEAT {datanodeUUID=63fd8c64-0397-4420-bb2f-fd9af094cc1f, command=[]} | ret=SUCCESS |  
2019-08-23 05:50:05,705 | INFO  | SCMAudit | user=jenkins1000 | ip=192.168.5.178 | op=SEND_HEARTBEAT {datanodeUUID=d4f36997-48a6-49b8-995b-3c38d9ac3c0f, command=[]} | ret=SUCCESS |  
2019-08-23 05:50:05,705 | INFO  | SCMAudit | user=jenkins1000 | ip=192.168.5.178 | op=SEND_HEARTBEAT {datanodeUUID=564f3e1b-dc37-4d98-9518-cc9451ddb3ca, command=[]} | ret=SUCCESS |  
2019-08-23 05:50:05,728 | INFO  | SCMAudit | user=jenkins1000 | ip=192.168.5.178 | op=SEND_HEARTBEAT {datanodeUUID=9e0d48e9-795f-4679-b1bc-974fe7951c55, command=[]} | ret=SUCCESS |  
2019-08-23 05:50:05,833 | INFO  | SCMAudit | user=jenkins1000 | ip=192.168.5.178 | op=SEND_HEARTBEAT {datanodeUUID=96a4345b-84e3-4f69-b56b-0cb9f3200145, command=[]} | ret=SUCCESS |  
2019-08-23 05:50:06,039 | INFO  | SCMAudit | user=jenkins1000 | ip=192.168.5.178 | op=SEND_HEARTBEAT {datanodeUUID=c6842691-702c-4d39-b47f-d27b1fab8f33, command=[]} | ret=SUCCESS |  
2019-08-23 05:50:06,214 | INFO  | SCMAudit | user=jenkins1000 | ip=192.168.5.178 | op=SEND_HEARTBEAT {datanodeUUID=6b30598f-e3b0-450c-bc0d-9274443a7fa0, command=[]} | ret=SUCCESS |  
2019-08-23 05:50:06,264 | INFO  | SCMAudit | user=jenkins1000 | ip=192.168.5.178 | op=SEND_HEARTBEAT {datanodeUUID=63fd8c64-0397-4420-bb2f-fd9af094cc1f, command=[]} | ret=SUCCESS |  
2019-08-23 05:50:06,704 | INFO  | SCMAudit | user=jenkins1000 | ip=192.168.5.178 | op=SEND_HEARTBEAT {datanodeUUID=d4f36997-48a6-49b8-995b-3c38d9ac3c0f, command=[]} | ret=SUCCESS |  
2019-08-23 05:50:06,706 | INFO  | SCMAudit | user=jenkins1000 | ip=192.168.5.178 | op=SEND_HEARTBEAT {datanodeUUID=564f3e1b-dc37-4d98-9518-cc9451ddb3ca, command=[]} | ret=SUCCESS |  
2019-08-23 05:50:06,728 | INFO  | SCMAudit | user=jenkins1000 | ip=192.168.5.178 | op=SEND_HEARTBEAT {datanodeUUID=9e0d48e9-795f-4679-b1bc-974fe7951c55, command=[]} | ret=SUCCESS |  
2019-08-23 05:50:06,832 | INFO  | SCMAudit | user=jenkins1000 | ip=192.168.5.178 | op=SEND_HEARTBEAT {datanodeUUID=96a4345b-84e3-4f69-b56b-0cb9f3200145, command=[]} | ret=SUCCESS |  
2019-08-23 05:50:07,039 | INFO  | SCMAudit | user=jenkins1000 | ip=192.168.5.178 | op=SEND_HEARTBEAT {datanodeUUID=c6842691-702c-4d39-b47f-d27b1fab8f33, command=[]} | ret=SUCCESS |  
2019-08-23 05:50:07,215 | INFO  | SCMAudit | user=jenkins1000 | ip=192.168.5.178 | op=SEND_HEARTBEAT {datanodeUUID=6b30598f-e3b0-450c-bc0d-9274443a7fa0, command=[]} | ret=SUCCESS |  
2019-08-23 05:50:07,265 | INFO  | SCMAudit | user=jenkins1000 | ip=192.168.5.178 | op=SEND_HEARTBEAT {datanodeUUID=63fd8c64-0397-4420-bb2f-fd9af094cc1f, command=[]} | ret=SUCCESS |  
2019-08-23 05:50:07,705 | INFO  | SCMAudit | user=jenkins1000 | ip=192.168.5.178 | op=SEND_HEARTBEAT {datanodeUUID=d4f36997-48a6-49b8-995b-3c38d9ac3c0f, command=[]} | ret=SUCCESS |  
2019-08-23 05:50:07,706 | INFO  | SCMAudit | user=jenkins1000 | ip=192.168.5.178 | op=SEND_HEARTBEAT {datanodeUUID=564f3e1b-dc37-4d98-9518-cc9451ddb3ca, command=[]} | ret=SUCCESS |  
2019-08-23 05:50:07,728 | INFO  | SCMAudit | user=jenkins1000 | ip=192.168.5.178 | op=SEND_HEARTBEAT {datanodeUUID=9e0d48e9-795f-4679-b1bc-974fe7951c55, command=[]} | ret=SUCCESS |  
2019-08-23 05:50:07,832 | INFO  | SCMAudit | user=jenkins1000 | ip=192.168.5.178 | op=SEND_HEARTBEAT {datanodeUUID=96a4345b-84e3-4f69-b56b-0cb9f3200145, command=[]} | ret=SUCCESS |  
2019-08-23 05:50:08,039 | INFO  | SCMAudit | user=jenkins1000 | ip=192.168.5.178 | op=SEND_HEARTBEAT {datanodeUUID=c6842691-702c-4d39-b47f-d27b1fab8f33, command=[]} | ret=SUCCESS |  
2019-08-23 05:50:08,215 | INFO  | SCMAudit | user=jenkins1000 | ip=192.168.5.178 | op=SEND_HEARTBEAT {datanodeUUID=6b30598f-e3b0-450c-bc0d-9274443a7fa0, command=[]} | ret=SUCCESS |  
2019-08-23 05:50:08,265 | INFO  | SCMAudit | user=jenkins1000 | ip=192.168.5.178 | op=SEND_HEARTBEAT {datanodeUUID=63fd8c64-0397-4420-bb2f-fd9af094cc1f, command=[]} | ret=SUCCESS |  
2019-08-23 05:50:08,705 | INFO  | SCMAudit | user=jenkins1000 | ip=192.168.5.178 | op=SEND_HEARTBEAT {datanodeUUID=d4f36997-48a6-49b8-995b-3c38d9ac3c0f, command=[]} | ret=SUCCESS |  
2019-08-23 05:50:08,706 | INFO  | SCMAudit | user=jenkins1000 | ip=192.168.5.178 | op=SEND_HEARTBEAT {datanodeUUID=564f3e1b-dc37-4d98-9518-cc9451ddb3ca, command=[]} | ret=SUCCESS |  
2019-08-23 05:50:08,729 | INFO  | SCMAudit | user=jenkins1000 | ip=192.168.5.178 | op=SEND_HEARTBEAT {datanodeUUID=9e0d48e9-795f-4679-b1bc-974fe7951c55, command=[]} | ret=SUCCESS |  
2019-08-23 05:50:08,832 | INFO  | SCMAudit | user=jenkins1000 | ip=192.168.5.178 | op=SEND_HEARTBEAT {datanodeUUID=96a4345b-84e3-4f69-b56b-0cb9f3200145, command=[]} | ret=SUCCESS |  
2019-08-23 05:50:09,039 | INFO  | SCMAudit | user=jenkins1000 | ip=192.168.5.178 | op=SEND_HEARTBEAT {datanodeUUID=c6842691-702c-4d39-b47f-d27b1fab8f33, command=[]} | ret=SUCCESS |  
2019-08-23 05:50:09,214 | INFO  | SCMAudit | user=jenkins1000 | ip=192.168.5.178 | op=SEND_HEARTBEAT {datanodeUUID=6b30598f-e3b0-450c-bc0d-9274443a7fa0, command=[]} | ret=SUCCESS |  
2019-08-23 05:50:09,264 | INFO  | SCMAudit | user=jenkins1000 | ip=192.168.5.178 | op=SEND_HEARTBEAT {datanodeUUID=63fd8c64-0397-4420-bb2f-fd9af094cc1f, command=[]} | ret=SUCCESS |  
2019-08-23 05:50:09,705 | INFO  | SCMAudit | user=jenkins1000 | ip=192.168.5.178 | op=SEND_HEARTBEAT {datanodeUUID=d4f36997-48a6-49b8-995b-3c38d9ac3c0f, command=[]} | ret=SUCCESS |  
2019-08-23 05:50:09,706 | INFO  | SCMAudit | user=jenkins1000 | ip=192.168.5.178 | op=SEND_HEARTBEAT {datanodeUUID=564f3e1b-dc37-4d98-9518-cc9451ddb3ca, command=[]} | ret=SUCCESS |  
2019-08-23 05:50:09,730 | INFO  | SCMAudit | user=jenkins1000 | ip=192.168.5.178 | op=SEND_HEARTBEAT {datanodeUUID=9e0d48e9-795f-4679-b1bc-974fe7951c55, command=[]} | ret=SUCCESS |  
2019-08-23 05:50:09,833 | INFO  | SCMAudit | user=jenkins1000 | ip=192.168.5.178 | op=SEND_HEARTBEAT {datanodeUUID=96a4345b-84e3-4f69-b56b-0cb9f3200145, command=[]} | ret=SUCCESS |  
2019-08-23 05:50:10,039 | INFO  | SCMAudit | user=jenkins1000 | ip=192.168.5.178 | op=SEND_HEARTBEAT {datanodeUUID=c6842691-702c-4d39-b47f-d27b1fab8f33, command=[]} | ret=SUCCESS |  
2019-08-23 05:50:10,096 [grpc-default-executor-5] INFO  client.GrpcClientProtocolClient (GrpcClientProtocolClient.java:onNext(255)) - client-DB4E080F923B->9e0d48e9-795f-4679-b1bc-974fe7951c55: receive RaftClientReply:client-DB4E080F923B->9e0d48e9-795f-4679-b1bc-974fe7951c55@group-FC65621A5432, cid=45, FAILED org.apache.ratis.protocol.NotLeaderException: Server 9e0d48e9-795f-4679-b1bc-974fe7951c55 is not the leader (d4f36997-48a6-49b8-995b-3c38d9ac3c0f:192.168.5.178:40775). Request must be sent to leader., logIndex=0, commits[9e0d48e9-795f-4679-b1bc-974fe7951c55:c8, 564f3e1b-dc37-4d98-9518-cc9451ddb3ca:c8, d4f36997-48a6-49b8-995b-3c38d9ac3c0f:c8]
2019-08-23 05:50:10,215 | INFO  | SCMAudit | user=jenkins1000 | ip=192.168.5.178 | op=SEND_HEARTBEAT {datanodeUUID=6b30598f-e3b0-450c-bc0d-9274443a7fa0, command=[]} | ret=SUCCESS |  
2019-08-23 05:50:10,264 | INFO  | SCMAudit | user=jenkins1000 | ip=192.168.5.178 | op=SEND_HEARTBEAT {datanodeUUID=63fd8c64-0397-4420-bb2f-fd9af094cc1f, command=[]} | ret=SUCCESS |  
2019-08-23 05:50:10,706 | INFO  | SCMAudit | user=jenkins1000 | ip=192.168.5.178 | op=SEND_HEARTBEAT {datanodeUUID=d4f36997-48a6-49b8-995b-3c38d9ac3c0f, command=[]} | ret=SUCCESS |  
2019-08-23 05:50:10,706 | INFO  | SCMAudit | user=jenkins1000 | ip=192.168.5.178 | op=SEND_HEARTBEAT {datanodeUUID=564f3e1b-dc37-4d98-9518-cc9451ddb3ca, command=[]} | ret=SUCCESS |  
2019-08-23 05:50:10,731 | INFO  | SCMAudit | user=jenkins1000 | ip=192.168.5.178 | op=SEND_HEARTBEAT {datanodeUUID=9e0d48e9-795f-4679-b1bc-974fe7951c55, command=[]} | ret=SUCCESS |  
2019-08-23 05:50:10,832 | INFO  | SCMAudit | user=jenkins1000 | ip=192.168.5.178 | op=SEND_HEARTBEAT {datanodeUUID=96a4345b-84e3-4f69-b56b-0cb9f3200145, command=[]} | ret=SUCCESS |  
2019-08-23 05:50:11,040 | INFO  | SCMAudit | user=jenkins1000 | ip=192.168.5.178 | op=SEND_HEARTBEAT {datanodeUUID=c6842691-702c-4d39-b47f-d27b1fab8f33, command=[]} | ret=SUCCESS |  
2019-08-23 05:50:11,215 | INFO  | SCMAudit | user=jenkins1000 | ip=192.168.5.178 | op=SEND_HEARTBEAT {datanodeUUID=6b30598f-e3b0-450c-bc0d-9274443a7fa0, command=[]} | ret=SUCCESS |  
2019-08-23 05:50:11,264 | INFO  | SCMAudit | user=jenkins1000 | ip=192.168.5.178 | op=SEND_HEARTBEAT {datanodeUUID=63fd8c64-0397-4420-bb2f-fd9af094cc1f, command=[]} | ret=SUCCESS |  
2019-08-23 05:50:11,707 | INFO  | SCMAudit | user=jenkins1000 | ip=192.168.5.178 | op=SEND_HEARTBEAT {datanodeUUID=d4f36997-48a6-49b8-995b-3c38d9ac3c0f, command=[]} | ret=SUCCESS |  
2019-08-23 05:50:11,707 | INFO  | SCMAudit | user=jenkins1000 | ip=192.168.5.178 | op=SEND_HEARTBEAT {datanodeUUID=564f3e1b-dc37-4d98-9518-cc9451ddb3ca, command=[]} | ret=SUCCESS |  
2019-08-23 05:50:11,731 | INFO  | SCMAudit | user=jenkins1000 | ip=192.168.5.178 | op=SEND_HEARTBEAT {datanodeUUID=9e0d48e9-795f-4679-b1bc-974fe7951c55, command=[]} | ret=SUCCESS |  
2019-08-23 05:50:11,832 | INFO  | SCMAudit | user=jenkins1000 | ip=192.168.5.178 | op=SEND_HEARTBEAT {datanodeUUID=96a4345b-84e3-4f69-b56b-0cb9f3200145, command=[]} | ret=SUCCESS |  
2019-08-23 05:50:12,040 | INFO  | SCMAudit | user=jenkins1000 | ip=192.168.5.178 | op=SEND_HEARTBEAT {datanodeUUID=c6842691-702c-4d39-b47f-d27b1fab8f33, command=[]} | ret=SUCCESS |  
2019-08-23 05:50:12,215 | INFO  | SCMAudit | user=jenkins1000 | ip=192.168.5.178 | op=SEND_HEARTBEAT {datanodeUUID=6b30598f-e3b0-450c-bc0d-9274443a7fa0, command=[]} | ret=SUCCESS |  
2019-08-23 05:50:12,265 | INFO  | SCMAudit | user=jenkins1000 | ip=192.168.5.178 | op=SEND_HEARTBEAT {datanodeUUID=63fd8c64-0397-4420-bb2f-fd9af094cc1f, command=[]} | ret=SUCCESS |  
2019-08-23 05:50:12,706 | INFO  | SCMAudit | user=jenkins1000 | ip=192.168.5.178 | op=SEND_HEARTBEAT {datanodeUUID=d4f36997-48a6-49b8-995b-3c38d9ac3c0f, command=[]} | ret=SUCCESS |  
2019-08-23 05:50:12,706 | INFO  | SCMAudit | user=jenkins1000 | ip=192.168.5.178 | op=SEND_HEARTBEAT {datanodeUUID=564f3e1b-dc37-4d98-9518-cc9451ddb3ca, command=[]} | ret=SUCCESS |  
2019-08-23 05:50:12,731 | INFO  | SCMAudit | user=jenkins1000 | ip=192.168.5.178 | op=SEND_HEARTBEAT {datanodeUUID=9e0d48e9-795f-4679-b1bc-974fe7951c55, command=[]} | ret=SUCCESS |  
2019-08-23 05:50:12,833 | INFO  | SCMAudit | user=jenkins1000 | ip=192.168.5.178 | op=SEND_HEARTBEAT {datanodeUUID=96a4345b-84e3-4f69-b56b-0cb9f3200145, command=[]} | ret=SUCCESS |  
2019-08-23 05:50:13,040 | INFO  | SCMAudit | user=jenkins1000 | ip=192.168.5.178 | op=SEND_HEARTBEAT {datanodeUUID=c6842691-702c-4d39-b47f-d27b1fab8f33, command=[]} | ret=SUCCESS |  
2019-08-23 05:50:13,216 | INFO  | SCMAudit | user=jenkins1000 | ip=192.168.5.178 | op=SEND_HEARTBEAT {datanodeUUID=6b30598f-e3b0-450c-bc0d-9274443a7fa0, command=[]} | ret=SUCCESS |  
2019-08-23 05:50:13,265 | INFO  | SCMAudit | user=jenkins1000 | ip=192.168.5.178 | op=SEND_HEARTBEAT {datanodeUUID=63fd8c64-0397-4420-bb2f-fd9af094cc1f, command=[]} | ret=SUCCESS |  
2019-08-23 05:50:13,706 | INFO  | SCMAudit | user=jenkins1000 | ip=192.168.5.178 | op=SEND_HEARTBEAT {datanodeUUID=564f3e1b-dc37-4d98-9518-cc9451ddb3ca, command=[]} | ret=SUCCESS |  
2019-08-23 05:50:13,706 | INFO  | SCMAudit | user=jenkins1000 | ip=192.168.5.178 | op=SEND_HEARTBEAT {datanodeUUID=d4f36997-48a6-49b8-995b-3c38d9ac3c0f, command=[]} | ret=SUCCESS |  
2019-08-23 05:50:13,732 | INFO  | SCMAudit | user=jenkins1000 | ip=192.168.5.178 | op=SEND_HEARTBEAT {datanodeUUID=9e0d48e9-795f-4679-b1bc-974fe7951c55, command=[]} | ret=SUCCESS |  
2019-08-23 05:50:13,833 | INFO  | SCMAudit | user=jenkins1000 | ip=192.168.5.178 | op=SEND_HEARTBEAT {datanodeUUID=96a4345b-84e3-4f69-b56b-0cb9f3200145, command=[]} | ret=SUCCESS |  
2019-08-23 05:50:14,041 | INFO  | SCMAudit | user=jenkins1000 | ip=192.168.5.178 | op=SEND_HEARTBEAT {datanodeUUID=c6842691-702c-4d39-b47f-d27b1fab8f33, command=[]} | ret=SUCCESS |  
2019-08-23 05:50:14,215 | INFO  | SCMAudit | user=jenkins1000 | ip=192.168.5.178 | op=SEND_HEARTBEAT {datanodeUUID=6b30598f-e3b0-450c-bc0d-9274443a7fa0, command=[]} | ret=SUCCESS |  
2019-08-23 05:50:14,266 | INFO  | SCMAudit | user=jenkins1000 | ip=192.168.5.178 | op=SEND_HEARTBEAT {datanodeUUID=63fd8c64-0397-4420-bb2f-fd9af094cc1f, command=[]} | ret=SUCCESS |  
2019-08-23 05:50:14,706 | INFO  | SCMAudit | user=jenkins1000 | ip=192.168.5.178 | op=SEND_HEARTBEAT {datanodeUUID=564f3e1b-dc37-4d98-9518-cc9451ddb3ca, command=[]} | ret=SUCCESS |  
2019-08-23 05:50:14,706 | INFO  | SCMAudit | user=jenkins1000 | ip=192.168.5.178 | op=SEND_HEARTBEAT {datanodeUUID=d4f36997-48a6-49b8-995b-3c38d9ac3c0f, command=[]} | ret=SUCCESS |  
2019-08-23 05:50:14,732 | INFO  | SCMAudit | user=jenkins1000 | ip=192.168.5.178 | op=SEND_HEARTBEAT {datanodeUUID=9e0d48e9-795f-4679-b1bc-974fe7951c55, command=[]} | ret=SUCCESS |  
2019-08-23 05:50:14,832 | INFO  | SCMAudit | user=jenkins1000 | ip=192.168.5.178 | op=SEND_HEARTBEAT {datanodeUUID=96a4345b-84e3-4f69-b56b-0cb9f3200145, command=[]} | ret=SUCCESS |  
2019-08-23 05:50:15,042 | INFO  | SCMAudit | user=jenkins1000 | ip=192.168.5.178 | op=SEND_HEARTBEAT {datanodeUUID=c6842691-702c-4d39-b47f-d27b1fab8f33, command=[]} | ret=SUCCESS |  
2019-08-23 05:50:15,138 [grpc-default-executor-5] INFO  client.GrpcClientProtocolClient (GrpcClientProtocolClient.java:onNext(255)) - client-DB4E080F923B->564f3e1b-dc37-4d98-9518-cc9451ddb3ca: receive RaftClientReply:client-DB4E080F923B->564f3e1b-dc37-4d98-9518-cc9451ddb3ca@group-FC65621A5432, cid=45, FAILED org.apache.ratis.protocol.NotLeaderException: Server 564f3e1b-dc37-4d98-9518-cc9451ddb3ca is not the leader (d4f36997-48a6-49b8-995b-3c38d9ac3c0f:192.168.5.178:40775). Request must be sent to leader., logIndex=0, commits[564f3e1b-dc37-4d98-9518-cc9451ddb3ca:c8, 9e0d48e9-795f-4679-b1bc-974fe7951c55:c8, d4f36997-48a6-49b8-995b-3c38d9ac3c0f:c8]
2019-08-23 05:50:15,215 | INFO  | SCMAudit | user=jenkins1000 | ip=192.168.5.178 | op=SEND_HEARTBEAT {datanodeUUID=6b30598f-e3b0-450c-bc0d-9274443a7fa0, command=[]} | ret=SUCCESS |  
2019-08-23 05:50:15,266 | INFO  | SCMAudit | user=jenkins1000 | ip=192.168.5.178 | op=SEND_HEARTBEAT {datanodeUUID=63fd8c64-0397-4420-bb2f-fd9af094cc1f, command=[]} | ret=SUCCESS |  
2019-08-23 05:50:15,706 | INFO  | SCMAudit | user=jenkins1000 | ip=192.168.5.178 | op=SEND_HEARTBEAT {datanodeUUID=d4f36997-48a6-49b8-995b-3c38d9ac3c0f, command=[]} | ret=SUCCESS |  
2019-08-23 05:50:15,706 | INFO  | SCMAudit | user=jenkins1000 | ip=192.168.5.178 | op=SEND_HEARTBEAT {datanodeUUID=564f3e1b-dc37-4d98-9518-cc9451ddb3ca, command=[]} | ret=SUCCESS |  
2019-08-23 05:50:15,732 | INFO  | SCMAudit | user=jenkins1000 | ip=192.168.5.178 | op=SEND_HEARTBEAT {datanodeUUID=9e0d48e9-795f-4679-b1bc-974fe7951c55, command=[]} | ret=SUCCESS |  
2019-08-23 05:50:15,832 | INFO  | SCMAudit | user=jenkins1000 | ip=192.168.5.178 | op=SEND_HEARTBEAT {datanodeUUID=96a4345b-84e3-4f69-b56b-0cb9f3200145, command=[]} | ret=SUCCESS |  
2019-08-23 05:50:16,041 | INFO  | SCMAudit | user=jenkins1000 | ip=192.168.5.178 | op=SEND_HEARTBEAT {datanodeUUID=c6842691-702c-4d39-b47f-d27b1fab8f33, command=[]} | ret=SUCCESS |  
2019-08-23 05:50:16,216 | INFO  | SCMAudit | user=jenkins1000 | ip=192.168.5.178 | op=SEND_HEARTBEAT {datanodeUUID=6b30598f-e3b0-450c-bc0d-9274443a7fa0, command=[]} | ret=SUCCESS |  
2019-08-23 05:50:16,267 | INFO  | SCMAudit | user=jenkins1000 | ip=192.168.5.178 | op=SEND_HEARTBEAT {datanodeUUID=63fd8c64-0397-4420-bb2f-fd9af094cc1f, command=[]} | ret=SUCCESS |  
2019-08-23 05:50:16,706 | INFO  | SCMAudit | user=jenkins1000 | ip=192.168.5.178 | op=SEND_HEARTBEAT {datanodeUUID=564f3e1b-dc37-4d98-9518-cc9451ddb3ca, command=[]} | ret=SUCCESS |  
2019-08-23 05:50:16,706 | INFO  | SCMAudit | user=jenkins1000 | ip=192.168.5.178 | op=SEND_HEARTBEAT {datanodeUUID=d4f36997-48a6-49b8-995b-3c38d9ac3c0f, command=[]} | ret=SUCCESS |  
2019-08-23 05:50:16,732 | INFO  | SCMAudit | user=jenkins1000 | ip=192.168.5.178 | op=SEND_HEARTBEAT {datanodeUUID=9e0d48e9-795f-4679-b1bc-974fe7951c55, command=[]} | ret=SUCCESS |  
2019-08-23 05:50:16,832 | INFO  | SCMAudit | user=jenkins1000 | ip=192.168.5.178 | op=SEND_HEARTBEAT {datanodeUUID=96a4345b-84e3-4f69-b56b-0cb9f3200145, command=[]} | ret=SUCCESS |  
2019-08-23 05:50:17,042 | INFO  | SCMAudit | user=jenkins1000 | ip=192.168.5.178 | op=SEND_HEARTBEAT {datanodeUUID=c6842691-702c-4d39-b47f-d27b1fab8f33, command=[]} | ret=SUCCESS |  
2019-08-23 05:50:17,217 | INFO  | SCMAudit | user=jenkins1000 | ip=192.168.5.178 | op=SEND_HEARTBEAT {datanodeUUID=6b30598f-e3b0-450c-bc0d-9274443a7fa0, command=[]} | ret=SUCCESS |  
2019-08-23 05:50:17,268 | INFO  | SCMAudit | user=jenkins1000 | ip=192.168.5.178 | op=SEND_HEARTBEAT {datanodeUUID=63fd8c64-0397-4420-bb2f-fd9af094cc1f, command=[]} | ret=SUCCESS |  
2019-08-23 05:50:17,706 | INFO  | SCMAudit | user=jenkins1000 | ip=192.168.5.178 | op=SEND_HEARTBEAT {datanodeUUID=d4f36997-48a6-49b8-995b-3c38d9ac3c0f, command=[]} | ret=SUCCESS |  
2019-08-23 05:50:17,706 | INFO  | SCMAudit | user=jenkins1000 | ip=192.168.5.178 | op=SEND_HEARTBEAT {datanodeUUID=564f3e1b-dc37-4d98-9518-cc9451ddb3ca, command=[]} | ret=SUCCESS |  
2019-08-23 05:50:17,733 | INFO  | SCMAudit | user=jenkins1000 | ip=192.168.5.178 | op=SEND_HEARTBEAT {datanodeUUID=9e0d48e9-795f-4679-b1bc-974fe7951c55, command=[]} | ret=SUCCESS |  
2019-08-23 05:50:17,833 | INFO  | SCMAudit | user=jenkins1000 | ip=192.168.5.178 | op=SEND_HEARTBEAT {datanodeUUID=96a4345b-84e3-4f69-b56b-0cb9f3200145, command=[]} | ret=SUCCESS |  
2019-08-23 05:50:18,043 | INFO  | SCMAudit | user=jenkins1000 | ip=192.168.5.178 | op=SEND_HEARTBEAT {datanodeUUID=c6842691-702c-4d39-b47f-d27b1fab8f33, command=[]} | ret=SUCCESS |  
2019-08-23 05:50:18,216 | INFO  | SCMAudit | user=jenkins1000 | ip=192.168.5.178 | op=SEND_HEARTBEAT {datanodeUUID=6b30598f-e3b0-450c-bc0d-9274443a7fa0, command=[]} | ret=SUCCESS |  
2019-08-23 05:50:18,268 | INFO  | SCMAudit | user=jenkins1000 | ip=192.168.5.178 | op=SEND_HEARTBEAT {datanodeUUID=63fd8c64-0397-4420-bb2f-fd9af094cc1f, command=[]} | ret=SUCCESS |  
2019-08-23 05:50:18,707 | INFO  | SCMAudit | user=jenkins1000 | ip=192.168.5.178 | op=SEND_HEARTBEAT {datanodeUUID=d4f36997-48a6-49b8-995b-3c38d9ac3c0f, command=[]} | ret=SUCCESS |  
2019-08-23 05:50:18,707 | INFO  | SCMAudit | user=jenkins1000 | ip=192.168.5.178 | op=SEND_HEARTBEAT {datanodeUUID=564f3e1b-dc37-4d98-9518-cc9451ddb3ca, command=[]} | ret=SUCCESS |  
2019-08-23 05:50:18,734 | INFO  | SCMAudit | user=jenkins1000 | ip=192.168.5.178 | op=SEND_HEARTBEAT {datanodeUUID=9e0d48e9-795f-4679-b1bc-974fe7951c55, command=[]} | ret=SUCCESS |  
2019-08-23 05:50:18,833 | INFO  | SCMAudit | user=jenkins1000 | ip=192.168.5.178 | op=SEND_HEARTBEAT {datanodeUUID=96a4345b-84e3-4f69-b56b-0cb9f3200145, command=[]} | ret=SUCCESS |  
2019-08-23 05:50:19,045 | INFO  | SCMAudit | user=jenkins1000 | ip=192.168.5.178 | op=SEND_HEARTBEAT {datanodeUUID=c6842691-702c-4d39-b47f-d27b1fab8f33, command=[]} | ret=SUCCESS |  
2019-08-23 05:50:19,216 | INFO  | SCMAudit | user=jenkins1000 | ip=192.168.5.178 | op=SEND_HEARTBEAT {datanodeUUID=6b30598f-e3b0-450c-bc0d-9274443a7fa0, command=[]} | ret=SUCCESS |  
2019-08-23 05:50:19,267 | INFO  | SCMAudit | user=jenkins1000 | ip=192.168.5.178 | op=SEND_HEARTBEAT {datanodeUUID=63fd8c64-0397-4420-bb2f-fd9af094cc1f, command=[]} | ret=SUCCESS |  
2019-08-23 05:50:19,706 | INFO  | SCMAudit | user=jenkins1000 | ip=192.168.5.178 | op=SEND_HEARTBEAT {datanodeUUID=d4f36997-48a6-49b8-995b-3c38d9ac3c0f, command=[]} | ret=SUCCESS |  
2019-08-23 05:50:19,706 | INFO  | SCMAudit | user=jenkins1000 | ip=192.168.5.178 | op=SEND_HEARTBEAT {datanodeUUID=564f3e1b-dc37-4d98-9518-cc9451ddb3ca, command=[]} | ret=SUCCESS |  
2019-08-23 05:50:19,733 | INFO  | SCMAudit | user=jenkins1000 | ip=192.168.5.178 | op=SEND_HEARTBEAT {datanodeUUID=9e0d48e9-795f-4679-b1bc-974fe7951c55, command=[]} | ret=SUCCESS |  
2019-08-23 05:50:19,832 | INFO  | SCMAudit | user=jenkins1000 | ip=192.168.5.178 | op=SEND_HEARTBEAT {datanodeUUID=96a4345b-84e3-4f69-b56b-0cb9f3200145, command=[]} | ret=SUCCESS |  
2019-08-23 05:50:20,042 | INFO  | SCMAudit | user=jenkins1000 | ip=192.168.5.178 | op=SEND_HEARTBEAT {datanodeUUID=c6842691-702c-4d39-b47f-d27b1fab8f33, command=[]} | ret=SUCCESS |  
2019-08-23 05:50:20,184 [grpc-default-executor-1] INFO  client.GrpcClientProtocolClient (GrpcClientProtocolClient.java:onNext(255)) - client-DB4E080F923B->564f3e1b-dc37-4d98-9518-cc9451ddb3ca: receive RaftClientReply:client-DB4E080F923B->564f3e1b-dc37-4d98-9518-cc9451ddb3ca@group-FC65621A5432, cid=45, FAILED org.apache.ratis.protocol.NotLeaderException: Server 564f3e1b-dc37-4d98-9518-cc9451ddb3ca is not the leader (d4f36997-48a6-49b8-995b-3c38d9ac3c0f:192.168.5.178:40775). Request must be sent to leader., logIndex=0, commits[564f3e1b-dc37-4d98-9518-cc9451ddb3ca:c8, 9e0d48e9-795f-4679-b1bc-974fe7951c55:c8, d4f36997-48a6-49b8-995b-3c38d9ac3c0f:c8]
2019-08-23 05:50:20,216 | INFO  | SCMAudit | user=jenkins1000 | ip=192.168.5.178 | op=SEND_HEARTBEAT {datanodeUUID=6b30598f-e3b0-450c-bc0d-9274443a7fa0, command=[]} | ret=SUCCESS |  
2019-08-23 05:50:20,268 | INFO  | SCMAudit | user=jenkins1000 | ip=192.168.5.178 | op=SEND_HEARTBEAT {datanodeUUID=63fd8c64-0397-4420-bb2f-fd9af094cc1f, command=[]} | ret=SUCCESS |  
2019-08-23 05:50:20,707 | INFO  | SCMAudit | user=jenkins1000 | ip=192.168.5.178 | op=SEND_HEARTBEAT {datanodeUUID=564f3e1b-dc37-4d98-9518-cc9451ddb3ca, command=[]} | ret=SUCCESS |  
2019-08-23 05:50:20,707 | INFO  | SCMAudit | user=jenkins1000 | ip=192.168.5.178 | op=SEND_HEARTBEAT {datanodeUUID=d4f36997-48a6-49b8-995b-3c38d9ac3c0f, command=[]} | ret=SUCCESS |  
2019-08-23 05:50:20,733 | INFO  | SCMAudit | user=jenkins1000 | ip=192.168.5.178 | op=SEND_HEARTBEAT {datanodeUUID=9e0d48e9-795f-4679-b1bc-974fe7951c55, command=[]} | ret=SUCCESS |  
2019-08-23 05:50:20,833 | INFO  | SCMAudit | user=jenkins1000 | ip=192.168.5.178 | op=SEND_HEARTBEAT {datanodeUUID=96a4345b-84e3-4f69-b56b-0cb9f3200145, command=[]} | ret=SUCCESS |  
2019-08-23 05:50:21,043 | INFO  | SCMAudit | user=jenkins1000 | ip=192.168.5.178 | op=SEND_HEARTBEAT {datanodeUUID=c6842691-702c-4d39-b47f-d27b1fab8f33, command=[]} | ret=SUCCESS |  
2019-08-23 05:50:21,217 | INFO  | SCMAudit | user=jenkins1000 | ip=192.168.5.178 | op=SEND_HEARTBEAT {datanodeUUID=6b30598f-e3b0-450c-bc0d-9274443a7fa0, command=[]} | ret=SUCCESS |  
2019-08-23 05:50:21,268 | INFO  | SCMAudit | user=jenkins1000 | ip=192.168.5.178 | op=SEND_HEARTBEAT {datanodeUUID=63fd8c64-0397-4420-bb2f-fd9af094cc1f, command=[]} | ret=SUCCESS |  
2019-08-23 05:50:21,706 | INFO  | SCMAudit | user=jenkins1000 | ip=192.168.5.178 | op=SEND_HEARTBEAT {datanodeUUID=d4f36997-48a6-49b8-995b-3c38d9ac3c0f, command=[]} | ret=SUCCESS |  
2019-08-23 05:50:21,706 | INFO  | SCMAudit | user=jenkins1000 | ip=192.168.5.178 | op=SEND_HEARTBEAT {datanodeUUID=564f3e1b-dc37-4d98-9518-cc9451ddb3ca, command=[]} | ret=SUCCESS |  
2019-08-23 05:50:21,733 | INFO  | SCMAudit | user=jenkins1000 | ip=192.168.5.178 | op=SEND_HEARTBEAT {datanodeUUID=9e0d48e9-795f-4679-b1bc-974fe7951c55, command=[]} | ret=SUCCESS |  
2019-08-23 05:50:21,832 | INFO  | SCMAudit | user=jenkins1000 | ip=192.168.5.178 | op=SEND_HEARTBEAT {datanodeUUID=96a4345b-84e3-4f69-b56b-0cb9f3200145, command=[]} | ret=SUCCESS |  
2019-08-23 05:50:22,042 | INFO  | SCMAudit | user=jenkins1000 | ip=192.168.5.178 | op=SEND_HEARTBEAT {datanodeUUID=c6842691-702c-4d39-b47f-d27b1fab8f33, command=[]} | ret=SUCCESS |  
2019-08-23 05:50:22,217 | INFO  | SCMAudit | user=jenkins1000 | ip=192.168.5.178 | op=SEND_HEARTBEAT {datanodeUUID=6b30598f-e3b0-450c-bc0d-9274443a7fa0, command=[]} | ret=SUCCESS |  
2019-08-23 05:50:22,269 | INFO  | SCMAudit | user=jenkins1000 | ip=192.168.5.178 | op=SEND_HEARTBEAT {datanodeUUID=63fd8c64-0397-4420-bb2f-fd9af094cc1f, command=[]} | ret=SUCCESS |  
2019-08-23 05:50:22,706 | INFO  | SCMAudit | user=jenkins1000 | ip=192.168.5.178 | op=SEND_HEARTBEAT {datanodeUUID=d4f36997-48a6-49b8-995b-3c38d9ac3c0f, command=[]} | ret=SUCCESS |  
2019-08-23 05:50:22,706 | INFO  | SCMAudit | user=jenkins1000 | ip=192.168.5.178 | op=SEND_HEARTBEAT {datanodeUUID=564f3e1b-dc37-4d98-9518-cc9451ddb3ca, command=[]} | ret=SUCCESS |  
2019-08-23 05:50:22,734 | INFO  | SCMAudit | user=jenkins1000 | ip=192.168.5.178 | op=SEND_HEARTBEAT {datanodeUUID=9e0d48e9-795f-4679-b1bc-974fe7951c55, command=[]} | ret=SUCCESS |  
2019-08-23 05:50:22,832 | INFO  | SCMAudit | user=jenkins1000 | ip=192.168.5.178 | op=SEND_HEARTBEAT {datanodeUUID=96a4345b-84e3-4f69-b56b-0cb9f3200145, command=[]} | ret=SUCCESS |  
2019-08-23 05:50:23,042 | INFO  | SCMAudit | user=jenkins1000 | ip=192.168.5.178 | op=SEND_HEARTBEAT {datanodeUUID=c6842691-702c-4d39-b47f-d27b1fab8f33, command=[]} | ret=SUCCESS |  
2019-08-23 05:50:23,217 | INFO  | SCMAudit | user=jenkins1000 | ip=192.168.5.178 | op=SEND_HEARTBEAT {datanodeUUID=6b30598f-e3b0-450c-bc0d-9274443a7fa0, command=[]} | ret=SUCCESS |  
2019-08-23 05:50:23,269 | INFO  | SCMAudit | user=jenkins1000 | ip=192.168.5.178 | op=SEND_HEARTBEAT {datanodeUUID=63fd8c64-0397-4420-bb2f-fd9af094cc1f, command=[]} | ret=SUCCESS |  
2019-08-23 05:50:23,706 | INFO  | SCMAudit | user=jenkins1000 | ip=192.168.5.178 | op=SEND_HEARTBEAT {datanodeUUID=d4f36997-48a6-49b8-995b-3c38d9ac3c0f, command=[]} | ret=SUCCESS |  
2019-08-23 05:50:23,706 | INFO  | SCMAudit | user=jenkins1000 | ip=192.168.5.178 | op=SEND_HEARTBEAT {datanodeUUID=564f3e1b-dc37-4d98-9518-cc9451ddb3ca, command=[]} | ret=SUCCESS |  
2019-08-23 05:50:23,734 | INFO  | SCMAudit | user=jenkins1000 | ip=192.168.5.178 | op=SEND_HEARTBEAT {datanodeUUID=9e0d48e9-795f-4679-b1bc-974fe7951c55, command=[]} | ret=SUCCESS |  
2019-08-23 05:50:23,834 | INFO  | SCMAudit | user=jenkins1000 | ip=192.168.5.178 | op=SEND_HEARTBEAT {datanodeUUID=96a4345b-84e3-4f69-b56b-0cb9f3200145, command=[]} | ret=SUCCESS |  
2019-08-23 05:50:24,042 | INFO  | SCMAudit | user=jenkins1000 | ip=192.168.5.178 | op=SEND_HEARTBEAT {datanodeUUID=c6842691-702c-4d39-b47f-d27b1fab8f33, command=[]} | ret=SUCCESS |  
2019-08-23 05:50:24,217 | INFO  | SCMAudit | user=jenkins1000 | ip=192.168.5.178 | op=SEND_HEARTBEAT {datanodeUUID=6b30598f-e3b0-450c-bc0d-9274443a7fa0, command=[]} | ret=SUCCESS |  
2019-08-23 05:50:24,270 | INFO  | SCMAudit | user=jenkins1000 | ip=192.168.5.178 | op=SEND_HEARTBEAT {datanodeUUID=63fd8c64-0397-4420-bb2f-fd9af094cc1f, command=[]} | ret=SUCCESS |  
2019-08-23 05:50:24,707 | INFO  | SCMAudit | user=jenkins1000 | ip=192.168.5.178 | op=SEND_HEARTBEAT {datanodeUUID=564f3e1b-dc37-4d98-9518-cc9451ddb3ca, command=[]} | ret=SUCCESS |  
2019-08-23 05:50:24,707 | INFO  | SCMAudit | user=jenkins1000 | ip=192.168.5.178 | op=SEND_HEARTBEAT {datanodeUUID=d4f36997-48a6-49b8-995b-3c38d9ac3c0f, command=[]} | ret=SUCCESS |  
2019-08-23 05:50:24,734 | INFO  | SCMAudit | user=jenkins1000 | ip=192.168.5.178 | op=SEND_HEARTBEAT {datanodeUUID=9e0d48e9-795f-4679-b1bc-974fe7951c55, command=[]} | ret=SUCCESS |  
2019-08-23 05:50:24,833 | INFO  | SCMAudit | user=jenkins1000 | ip=192.168.5.178 | op=SEND_HEARTBEAT {datanodeUUID=96a4345b-84e3-4f69-b56b-0cb9f3200145, command=[]} | ret=SUCCESS |  
2019-08-23 05:50:25,043 | INFO  | SCMAudit | user=jenkins1000 | ip=192.168.5.178 | op=SEND_HEARTBEAT {datanodeUUID=c6842691-702c-4d39-b47f-d27b1fab8f33, command=[]} | ret=SUCCESS |  
2019-08-23 05:50:25,218 | INFO  | SCMAudit | user=jenkins1000 | ip=192.168.5.178 | op=SEND_HEARTBEAT {datanodeUUID=6b30598f-e3b0-450c-bc0d-9274443a7fa0, command=[]} | ret=SUCCESS |  
2019-08-23 05:50:25,226 [grpc-default-executor-5] INFO  client.GrpcClientProtocolClient (GrpcClientProtocolClient.java:onNext(255)) - client-DB4E080F923B->9e0d48e9-795f-4679-b1bc-974fe7951c55: receive RaftClientReply:client-DB4E080F923B->9e0d48e9-795f-4679-b1bc-974fe7951c55@group-FC65621A5432, cid=45, FAILED org.apache.ratis.protocol.NotLeaderException: Server 9e0d48e9-795f-4679-b1bc-974fe7951c55 is not the leader (d4f36997-48a6-49b8-995b-3c38d9ac3c0f:192.168.5.178:40775). Request must be sent to leader., logIndex=0, commits[9e0d48e9-795f-4679-b1bc-974fe7951c55:c8, 564f3e1b-dc37-4d98-9518-cc9451ddb3ca:c8, d4f36997-48a6-49b8-995b-3c38d9ac3c0f:c8]
2019-08-23 05:50:25,269 | INFO  | SCMAudit | user=jenkins1000 | ip=192.168.5.178 | op=SEND_HEARTBEAT {datanodeUUID=63fd8c64-0397-4420-bb2f-fd9af094cc1f, command=[]} | ret=SUCCESS |  
2019-08-23 05:50:25,707 | INFO  | SCMAudit | user=jenkins1000 | ip=192.168.5.178 | op=SEND_HEARTBEAT {datanodeUUID=d4f36997-48a6-49b8-995b-3c38d9ac3c0f, command=[]} | ret=SUCCESS |  
2019-08-23 05:50:25,707 | INFO  | SCMAudit | user=jenkins1000 | ip=192.168.5.178 | op=SEND_HEARTBEAT {datanodeUUID=564f3e1b-dc37-4d98-9518-cc9451ddb3ca, command=[]} | ret=SUCCESS |  
2019-08-23 05:50:25,734 | INFO  | SCMAudit | user=jenkins1000 | ip=192.168.5.178 | op=SEND_HEARTBEAT {datanodeUUID=9e0d48e9-795f-4679-b1bc-974fe7951c55, command=[]} | ret=SUCCESS |  
2019-08-23 05:50:25,832 | INFO  | SCMAudit | user=jenkins1000 | ip=192.168.5.178 | op=SEND_HEARTBEAT {datanodeUUID=96a4345b-84e3-4f69-b56b-0cb9f3200145, command=[]} | ret=SUCCESS |  
2019-08-23 05:50:26,043 | INFO  | SCMAudit | user=jenkins1000 | ip=192.168.5.178 | op=SEND_HEARTBEAT {datanodeUUID=c6842691-702c-4d39-b47f-d27b1fab8f33, command=[]} | ret=SUCCESS |  
2019-08-23 05:50:26,217 | INFO  | SCMAudit | user=jenkins1000 | ip=192.168.5.178 | op=SEND_HEARTBEAT {datanodeUUID=6b30598f-e3b0-450c-bc0d-9274443a7fa0, command=[]} | ret=SUCCESS |  
2019-08-23 05:50:26,269 | INFO  | SCMAudit | user=jenkins1000 | ip=192.168.5.178 | op=SEND_HEARTBEAT {datanodeUUID=63fd8c64-0397-4420-bb2f-fd9af094cc1f, command=[]} | ret=SUCCESS |  
2019-08-23 05:50:26,707 | INFO  | SCMAudit | user=jenkins1000 | ip=192.168.5.178 | op=SEND_HEARTBEAT {datanodeUUID=564f3e1b-dc37-4d98-9518-cc9451ddb3ca, command=[]} | ret=SUCCESS |  
2019-08-23 05:50:26,707 | INFO  | SCMAudit | user=jenkins1000 | ip=192.168.5.178 | op=SEND_HEARTBEAT {datanodeUUID=d4f36997-48a6-49b8-995b-3c38d9ac3c0f, command=[]} | ret=SUCCESS |  
2019-08-23 05:50:26,734 | INFO  | SCMAudit | user=jenkins1000 | ip=192.168.5.178 | op=SEND_HEARTBEAT {datanodeUUID=9e0d48e9-795f-4679-b1bc-974fe7951c55, command=[]} | ret=SUCCESS |  
2019-08-23 05:50:26,833 | INFO  | SCMAudit | user=jenkins1000 | ip=192.168.5.178 | op=SEND_HEARTBEAT {datanodeUUID=96a4345b-84e3-4f69-b56b-0cb9f3200145, command=[]} | ret=SUCCESS |  
2019-08-23 05:50:27,043 | INFO  | SCMAudit | user=jenkins1000 | ip=192.168.5.178 | op=SEND_HEARTBEAT {datanodeUUID=c6842691-702c-4d39-b47f-d27b1fab8f33, command=[]} | ret=SUCCESS |  
2019-08-23 05:50:27,217 | INFO  | SCMAudit | user=jenkins1000 | ip=192.168.5.178 | op=SEND_HEARTBEAT {datanodeUUID=6b30598f-e3b0-450c-bc0d-9274443a7fa0, command=[]} | ret=SUCCESS |  
2019-08-23 05:50:27,269 | INFO  | SCMAudit | user=jenkins1000 | ip=192.168.5.178 | op=SEND_HEARTBEAT {datanodeUUID=63fd8c64-0397-4420-bb2f-fd9af094cc1f, command=[]} | ret=SUCCESS |  
2019-08-23 05:50:27,707 | INFO  | SCMAudit | user=jenkins1000 | ip=192.168.5.178 | op=SEND_HEARTBEAT {datanodeUUID=d4f36997-48a6-49b8-995b-3c38d9ac3c0f, command=[]} | ret=SUCCESS |  
2019-08-23 05:50:27,707 | INFO  | SCMAudit | user=jenkins1000 | ip=192.168.5.178 | op=SEND_HEARTBEAT {datanodeUUID=564f3e1b-dc37-4d98-9518-cc9451ddb3ca, command=[]} | ret=SUCCESS |  
2019-08-23 05:50:27,734 | INFO  | SCMAudit | user=jenkins1000 | ip=192.168.5.178 | op=SEND_HEARTBEAT {datanodeUUID=9e0d48e9-795f-4679-b1bc-974fe7951c55, command=[]} | ret=SUCCESS |  
2019-08-23 05:50:27,833 | INFO  | SCMAudit | user=jenkins1000 | ip=192.168.5.178 | op=SEND_HEARTBEAT {datanodeUUID=96a4345b-84e3-4f69-b56b-0cb9f3200145, command=[]} | ret=SUCCESS |  
2019-08-23 05:50:28,042 | INFO  | SCMAudit | user=jenkins1000 | ip=192.168.5.178 | op=SEND_HEARTBEAT {datanodeUUID=c6842691-702c-4d39-b47f-d27b1fab8f33, command=[]} | ret=SUCCESS |  
2019-08-23 05:50:28,218 | INFO  | SCMAudit | user=jenkins1000 | ip=192.168.5.178 | op=SEND_HEARTBEAT {datanodeUUID=6b30598f-e3b0-450c-bc0d-9274443a7fa0, command=[]} | ret=SUCCESS |  
2019-08-23 05:50:28,271 | INFO  | SCMAudit | user=jenkins1000 | ip=192.168.5.178 | op=SEND_HEARTBEAT {datanodeUUID=63fd8c64-0397-4420-bb2f-fd9af094cc1f, command=[]} | ret=SUCCESS |  
2019-08-23 05:50:28,707 | INFO  | SCMAudit | user=jenkins1000 | ip=192.168.5.178 | op=SEND_HEARTBEAT {datanodeUUID=564f3e1b-dc37-4d98-9518-cc9451ddb3ca, command=[]} | ret=SUCCESS |  
2019-08-23 05:50:28,707 | INFO  | SCMAudit | user=jenkins1000 | ip=192.168.5.178 | op=SEND_HEARTBEAT {datanodeUUID=d4f36997-48a6-49b8-995b-3c38d9ac3c0f, command=[]} | ret=SUCCESS |  
2019-08-23 05:50:28,734 | INFO  | SCMAudit | user=jenkins1000 | ip=192.168.5.178 | op=SEND_HEARTBEAT {datanodeUUID=9e0d48e9-795f-4679-b1bc-974fe7951c55, command=[]} | ret=SUCCESS |  
2019-08-23 05:50:28,834 | INFO  | SCMAudit | user=jenkins1000 | ip=192.168.5.178 | op=SEND_HEARTBEAT {datanodeUUID=96a4345b-84e3-4f69-b56b-0cb9f3200145, command=[]} | ret=SUCCESS |  
2019-08-23 05:50:29,045 | INFO  | SCMAudit | user=jenkins1000 | ip=192.168.5.178 | op=SEND_HEARTBEAT {datanodeUUID=c6842691-702c-4d39-b47f-d27b1fab8f33, command=[]} | ret=SUCCESS |  
2019-08-23 05:50:29,218 | INFO  | SCMAudit | user=jenkins1000 | ip=192.168.5.178 | op=SEND_HEARTBEAT {datanodeUUID=6b30598f-e3b0-450c-bc0d-9274443a7fa0, command=[]} | ret=SUCCESS |  
2019-08-23 05:50:29,269 | INFO  | SCMAudit | user=jenkins1000 | ip=192.168.5.178 | op=SEND_HEARTBEAT {datanodeUUID=63fd8c64-0397-4420-bb2f-fd9af094cc1f, command=[]} | ret=SUCCESS |  
2019-08-23 05:50:29,706 | INFO  | SCMAudit | user=jenkins1000 | ip=192.168.5.178 | op=SEND_HEARTBEAT {datanodeUUID=d4f36997-48a6-49b8-995b-3c38d9ac3c0f, command=[]} | ret=SUCCESS |  
2019-08-23 05:50:29,707 | INFO  | SCMAudit | user=jenkins1000 | ip=192.168.5.178 | op=SEND_HEARTBEAT {datanodeUUID=564f3e1b-dc37-4d98-9518-cc9451ddb3ca, command=[]} | ret=SUCCESS |  
2019-08-23 05:50:29,733 | INFO  | SCMAudit | user=jenkins1000 | ip=192.168.5.178 | op=SEND_HEARTBEAT {datanodeUUID=9e0d48e9-795f-4679-b1bc-974fe7951c55, command=[]} | ret=SUCCESS |  
2019-08-23 05:50:29,835 | INFO  | SCMAudit | user=jenkins1000 | ip=192.168.5.178 | op=SEND_HEARTBEAT {datanodeUUID=96a4345b-84e3-4f69-b56b-0cb9f3200145, command=[]} | ret=SUCCESS |  
2019-08-23 05:50:30,043 | INFO  | SCMAudit | user=jenkins1000 | ip=192.168.5.178 | op=SEND_HEARTBEAT {datanodeUUID=c6842691-702c-4d39-b47f-d27b1fab8f33, command=[]} | ret=SUCCESS |  
2019-08-23 05:50:30,218 | INFO  | SCMAudit | user=jenkins1000 | ip=192.168.5.178 | op=SEND_HEARTBEAT {datanodeUUID=6b30598f-e3b0-450c-bc0d-9274443a7fa0, command=[]} | ret=SUCCESS |  
2019-08-23 05:50:30,271 | INFO  | SCMAudit | user=jenkins1000 | ip=192.168.5.178 | op=SEND_HEARTBEAT {datanodeUUID=63fd8c64-0397-4420-bb2f-fd9af094cc1f, command=[]} | ret=SUCCESS |  
2019-08-23 05:50:30,274 [grpc-default-executor-5] INFO  client.GrpcClientProtocolClient (GrpcClientProtocolClient.java:onNext(255)) - client-DB4E080F923B->9e0d48e9-795f-4679-b1bc-974fe7951c55: receive RaftClientReply:client-DB4E080F923B->9e0d48e9-795f-4679-b1bc-974fe7951c55@group-FC65621A5432, cid=45, FAILED org.apache.ratis.protocol.NotLeaderException: Server 9e0d48e9-795f-4679-b1bc-974fe7951c55 is not the leader (d4f36997-48a6-49b8-995b-3c38d9ac3c0f:192.168.5.178:40775). Request must be sent to leader., logIndex=0, commits[9e0d48e9-795f-4679-b1bc-974fe7951c55:c8, 564f3e1b-dc37-4d98-9518-cc9451ddb3ca:c8, d4f36997-48a6-49b8-995b-3c38d9ac3c0f:c8]
2019-08-23 05:50:30,707 | INFO  | SCMAudit | user=jenkins1000 | ip=192.168.5.178 | op=SEND_HEARTBEAT {datanodeUUID=d4f36997-48a6-49b8-995b-3c38d9ac3c0f, command=[]} | ret=SUCCESS |  
2019-08-23 05:50:30,708 | INFO  | SCMAudit | user=jenkins1000 | ip=192.168.5.178 | op=SEND_HEARTBEAT {datanodeUUID=564f3e1b-dc37-4d98-9518-cc9451ddb3ca, command=[]} | ret=SUCCESS |  
2019-08-23 05:50:30,734 | INFO  | SCMAudit | user=jenkins1000 | ip=192.168.5.178 | op=SEND_HEARTBEAT {datanodeUUID=9e0d48e9-795f-4679-b1bc-974fe7951c55, command=[]} | ret=SUCCESS |  
2019-08-23 05:50:30,834 | INFO  | SCMAudit | user=jenkins1000 | ip=192.168.5.178 | op=SEND_HEARTBEAT {datanodeUUID=96a4345b-84e3-4f69-b56b-0cb9f3200145, command=[]} | ret=SUCCESS |  
2019-08-23 05:50:31,043 | INFO  | SCMAudit | user=jenkins1000 | ip=192.168.5.178 | op=SEND_HEARTBEAT {datanodeUUID=c6842691-702c-4d39-b47f-d27b1fab8f33, command=[]} | ret=SUCCESS |  
2019-08-23 05:50:31,218 | INFO  | SCMAudit | user=jenkins1000 | ip=192.168.5.178 | op=SEND_HEARTBEAT {datanodeUUID=6b30598f-e3b0-450c-bc0d-9274443a7fa0, command=[]} | ret=SUCCESS |  
2019-08-23 05:50:31,271 | INFO  | SCMAudit | user=jenkins1000 | ip=192.168.5.178 | op=SEND_HEARTBEAT {datanodeUUID=63fd8c64-0397-4420-bb2f-fd9af094cc1f, command=[]} | ret=SUCCESS |  
2019-08-23 05:50:31,707 | INFO  | SCMAudit | user=jenkins1000 | ip=192.168.5.178 | op=SEND_HEARTBEAT {datanodeUUID=d4f36997-48a6-49b8-995b-3c38d9ac3c0f, command=[]} | ret=SUCCESS |  
2019-08-23 05:50:31,708 | INFO  | SCMAudit | user=jenkins1000 | ip=192.168.5.178 | op=SEND_HEARTBEAT {datanodeUUID=564f3e1b-dc37-4d98-9518-cc9451ddb3ca, command=[]} | ret=SUCCESS |  
2019-08-23 05:50:31,734 | INFO  | SCMAudit | user=jenkins1000 | ip=192.168.5.178 | op=SEND_HEARTBEAT {datanodeUUID=9e0d48e9-795f-4679-b1bc-974fe7951c55, command=[]} | ret=SUCCESS |  
2019-08-23 05:50:31,834 | INFO  | SCMAudit | user=jenkins1000 | ip=192.168.5.178 | op=SEND_HEARTBEAT {datanodeUUID=96a4345b-84e3-4f69-b56b-0cb9f3200145, command=[]} | ret=SUCCESS |  
2019-08-23 05:50:32,043 | INFO  | SCMAudit | user=jenkins1000 | ip=192.168.5.178 | op=SEND_HEARTBEAT {datanodeUUID=c6842691-702c-4d39-b47f-d27b1fab8f33, command=[]} | ret=SUCCESS |  
2019-08-23 05:50:32,218 | INFO  | SCMAudit | user=jenkins1000 | ip=192.168.5.178 | op=SEND_HEARTBEAT {datanodeUUID=6b30598f-e3b0-450c-bc0d-9274443a7fa0, command=[]} | ret=SUCCESS |  
2019-08-23 05:50:32,271 | INFO  | SCMAudit | user=jenkins1000 | ip=192.168.5.178 | op=SEND_HEARTBEAT {datanodeUUID=63fd8c64-0397-4420-bb2f-fd9af094cc1f, command=[]} | ret=SUCCESS |  
2019-08-23 05:50:32,707 | INFO  | SCMAudit | user=jenkins1000 | ip=192.168.5.178 | op=SEND_HEARTBEAT {datanodeUUID=d4f36997-48a6-49b8-995b-3c38d9ac3c0f, command=[]} | ret=SUCCESS |  
2019-08-23 05:50:32,707 | INFO  | SCMAudit | user=jenkins1000 | ip=192.168.5.178 | op=SEND_HEARTBEAT {datanodeUUID=564f3e1b-dc37-4d98-9518-cc9451ddb3ca, command=[]} | ret=SUCCESS |  
2019-08-23 05:50:32,734 | INFO  | SCMAudit | user=jenkins1000 | ip=192.168.5.178 | op=SEND_HEARTBEAT {datanodeUUID=9e0d48e9-795f-4679-b1bc-974fe7951c55, command=[]} | ret=SUCCESS |  
2019-08-23 05:50:32,834 | INFO  | SCMAudit | user=jenkins1000 | ip=192.168.5.178 | op=SEND_HEARTBEAT {datanodeUUID=96a4345b-84e3-4f69-b56b-0cb9f3200145, command=[]} | ret=SUCCESS |  
2019-08-23 05:50:33,043 | INFO  | SCMAudit | user=jenkins1000 | ip=192.168.5.178 | op=SEND_HEARTBEAT {datanodeUUID=c6842691-702c-4d39-b47f-d27b1fab8f33, command=[]} | ret=SUCCESS |  
2019-08-23 05:50:33,219 | INFO  | SCMAudit | user=jenkins1000 | ip=192.168.5.178 | op=SEND_HEARTBEAT {datanodeUUID=6b30598f-e3b0-450c-bc0d-9274443a7fa0, command=[]} | ret=SUCCESS |  
2019-08-23 05:50:33,271 | INFO  | SCMAudit | user=jenkins1000 | ip=192.168.5.178 | op=SEND_HEARTBEAT {datanodeUUID=63fd8c64-0397-4420-bb2f-fd9af094cc1f, command=[]} | ret=SUCCESS |  
2019-08-23 05:50:33,707 | INFO  | SCMAudit | user=jenkins1000 | ip=192.168.5.178 | op=SEND_HEARTBEAT {datanodeUUID=d4f36997-48a6-49b8-995b-3c38d9ac3c0f, command=[]} | ret=SUCCESS |  
2019-08-23 05:50:33,708 | INFO  | SCMAudit | user=jenkins1000 | ip=192.168.5.178 | op=SEND_HEARTBEAT {datanodeUUID=564f3e1b-dc37-4d98-9518-cc9451ddb3ca, command=[]} | ret=SUCCESS |  
2019-08-23 05:50:33,734 | INFO  | SCMAudit | user=jenkins1000 | ip=192.168.5.178 | op=SEND_HEARTBEAT {datanodeUUID=9e0d48e9-795f-4679-b1bc-974fe7951c55, command=[]} | ret=SUCCESS |  
2019-08-23 05:50:33,834 | INFO  | SCMAudit | user=jenkins1000 | ip=192.168.5.178 | op=SEND_HEARTBEAT {datanodeUUID=96a4345b-84e3-4f69-b56b-0cb9f3200145, command=[]} | ret=SUCCESS |  
2019-08-23 05:50:34,044 | INFO  | SCMAudit | user=jenkins1000 | ip=192.168.5.178 | op=SEND_HEARTBEAT {datanodeUUID=c6842691-702c-4d39-b47f-d27b1fab8f33, command=[]} | ret=SUCCESS |  
2019-08-23 05:50:34,219 | INFO  | SCMAudit | user=jenkins1000 | ip=192.168.5.178 | op=SEND_HEARTBEAT {datanodeUUID=6b30598f-e3b0-450c-bc0d-9274443a7fa0, command=[]} | ret=SUCCESS |  
2019-08-23 05:50:34,272 | INFO  | SCMAudit | user=jenkins1000 | ip=192.168.5.178 | op=SEND_HEARTBEAT {datanodeUUID=63fd8c64-0397-4420-bb2f-fd9af094cc1f, command=[]} | ret=SUCCESS |  
2019-08-23 05:50:34,708 | INFO  | SCMAudit | user=jenkins1000 | ip=192.168.5.178 | op=SEND_HEARTBEAT {datanodeUUID=d4f36997-48a6-49b8-995b-3c38d9ac3c0f, command=[]} | ret=SUCCESS |  
2019-08-23 05:50:34,708 | INFO  | SCMAudit | user=jenkins1000 | ip=192.168.5.178 | op=SEND_HEARTBEAT {datanodeUUID=564f3e1b-dc37-4d98-9518-cc9451ddb3ca, command=[]} | ret=SUCCESS |  
2019-08-23 05:50:34,734 | INFO  | SCMAudit | user=jenkins1000 | ip=192.168.5.178 | op=SEND_HEARTBEAT {datanodeUUID=9e0d48e9-795f-4679-b1bc-974fe7951c55, command=[]} | ret=SUCCESS |  
2019-08-23 05:50:34,834 | INFO  | SCMAudit | user=jenkins1000 | ip=192.168.5.178 | op=SEND_HEARTBEAT {datanodeUUID=96a4345b-84e3-4f69-b56b-0cb9f3200145, command=[]} | ret=SUCCESS |  
2019-08-23 05:50:35,044 | INFO  | SCMAudit | user=jenkins1000 | ip=192.168.5.178 | op=SEND_HEARTBEAT {datanodeUUID=c6842691-702c-4d39-b47f-d27b1fab8f33, command=[]} | ret=SUCCESS |  
2019-08-23 05:50:35,219 | INFO  | SCMAudit | user=jenkins1000 | ip=192.168.5.178 | op=SEND_HEARTBEAT {datanodeUUID=6b30598f-e3b0-450c-bc0d-9274443a7fa0, command=[]} | ret=SUCCESS |  
2019-08-23 05:50:35,273 | INFO  | SCMAudit | user=jenkins1000 | ip=192.168.5.178 | op=SEND_HEARTBEAT {datanodeUUID=63fd8c64-0397-4420-bb2f-fd9af094cc1f, command=[]} | ret=SUCCESS |  
2019-08-23 05:50:35,323 [grpc-default-executor-1] INFO  client.GrpcClientProtocolClient (GrpcClientProtocolClient.java:onNext(255)) - client-DB4E080F923B->564f3e1b-dc37-4d98-9518-cc9451ddb3ca: receive RaftClientReply:client-DB4E080F923B->564f3e1b-dc37-4d98-9518-cc9451ddb3ca@group-FC65621A5432, cid=45, FAILED org.apache.ratis.protocol.NotLeaderException: Server 564f3e1b-dc37-4d98-9518-cc9451ddb3ca is not the leader (d4f36997-48a6-49b8-995b-3c38d9ac3c0f:192.168.5.178:40775). Request must be sent to leader., logIndex=0, commits[564f3e1b-dc37-4d98-9518-cc9451ddb3ca:c8, 9e0d48e9-795f-4679-b1bc-974fe7951c55:c8, d4f36997-48a6-49b8-995b-3c38d9ac3c0f:c8]
2019-08-23 05:50:35,707 | INFO  | SCMAudit | user=jenkins1000 | ip=192.168.5.178 | op=SEND_HEARTBEAT {datanodeUUID=d4f36997-48a6-49b8-995b-3c38d9ac3c0f, command=[]} | ret=SUCCESS |  
2019-08-23 05:50:35,708 | INFO  | SCMAudit | user=jenkins1000 | ip=192.168.5.178 | op=SEND_HEARTBEAT {datanodeUUID=564f3e1b-dc37-4d98-9518-cc9451ddb3ca, command=[]} | ret=SUCCESS |  
2019-08-23 05:50:35,734 | INFO  | SCMAudit | user=jenkins1000 | ip=192.168.5.178 | op=SEND_HEARTBEAT {datanodeUUID=9e0d48e9-795f-4679-b1bc-974fe7951c55, command=[]} | ret=SUCCESS |  
2019-08-23 05:50:35,835 | INFO  | SCMAudit | user=jenkins1000 | ip=192.168.5.178 | op=SEND_HEARTBEAT {datanodeUUID=96a4345b-84e3-4f69-b56b-0cb9f3200145, command=[]} | ret=SUCCESS |  
2019-08-23 05:50:36,044 | INFO  | SCMAudit | user=jenkins1000 | ip=192.168.5.178 | op=SEND_HEARTBEAT {datanodeUUID=c6842691-702c-4d39-b47f-d27b1fab8f33, command=[]} | ret=SUCCESS |  
2019-08-23 05:50:36,219 | INFO  | SCMAudit | user=jenkins1000 | ip=192.168.5.178 | op=SEND_HEARTBEAT {datanodeUUID=6b30598f-e3b0-450c-bc0d-9274443a7fa0, command=[]} | ret=SUCCESS |  
2019-08-23 05:50:36,273 | INFO  | SCMAudit | user=jenkins1000 | ip=192.168.5.178 | op=SEND_HEARTBEAT {datanodeUUID=63fd8c64-0397-4420-bb2f-fd9af094cc1f, command=[]} | ret=SUCCESS |  
2019-08-23 05:50:36,708 | INFO  | SCMAudit | user=jenkins1000 | ip=192.168.5.178 | op=SEND_HEARTBEAT {datanodeUUID=d4f36997-48a6-49b8-995b-3c38d9ac3c0f, command=[]} | ret=SUCCESS |  
2019-08-23 05:50:36,708 | INFO  | SCMAudit | user=jenkins1000 | ip=192.168.5.178 | op=SEND_HEARTBEAT {datanodeUUID=564f3e1b-dc37-4d98-9518-cc9451ddb3ca, command=[]} | ret=SUCCESS |  
2019-08-23 05:50:36,734 | INFO  | SCMAudit | user=jenkins1000 | ip=192.168.5.178 | op=SEND_HEARTBEAT {datanodeUUID=9e0d48e9-795f-4679-b1bc-974fe7951c55, command=[]} | ret=SUCCESS |  
2019-08-23 05:50:36,835 | INFO  | SCMAudit | user=jenkins1000 | ip=192.168.5.178 | op=SEND_HEARTBEAT {datanodeUUID=96a4345b-84e3-4f69-b56b-0cb9f3200145, command=[]} | ret=SUCCESS |  
2019-08-23 05:50:37,045 | INFO  | SCMAudit | user=jenkins1000 | ip=192.168.5.178 | op=SEND_HEARTBEAT {datanodeUUID=c6842691-702c-4d39-b47f-d27b1fab8f33, command=[]} | ret=SUCCESS |  
2019-08-23 05:50:37,220 | INFO  | SCMAudit | user=jenkins1000 | ip=192.168.5.178 | op=SEND_HEARTBEAT {datanodeUUID=6b30598f-e3b0-450c-bc0d-9274443a7fa0, command=[]} | ret=SUCCESS |  
2019-08-23 05:50:37,273 | INFO  | SCMAudit | user=jenkins1000 | ip=192.168.5.178 | op=SEND_HEARTBEAT {datanodeUUID=63fd8c64-0397-4420-bb2f-fd9af094cc1f, command=[]} | ret=SUCCESS |  
2019-08-23 05:50:37,707 | INFO  | SCMAudit | user=jenkins1000 | ip=192.168.5.178 | op=SEND_HEARTBEAT {datanodeUUID=d4f36997-48a6-49b8-995b-3c38d9ac3c0f, command=[]} | ret=SUCCESS |  
2019-08-23 05:50:37,708 | INFO  | SCMAudit | user=jenkins1000 | ip=192.168.5.178 | op=SEND_HEARTBEAT {datanodeUUID=564f3e1b-dc37-4d98-9518-cc9451ddb3ca, command=[]} | ret=SUCCESS |  
2019-08-23 05:50:37,735 | INFO  | SCMAudit | user=jenkins1000 | ip=192.168.5.178 | op=SEND_HEARTBEAT {datanodeUUID=9e0d48e9-795f-4679-b1bc-974fe7951c55, command=[]} | ret=SUCCESS |  
2019-08-23 05:50:37,835 | INFO  | SCMAudit | user=jenkins1000 | ip=192.168.5.178 | op=SEND_HEARTBEAT {datanodeUUID=96a4345b-84e3-4f69-b56b-0cb9f3200145, command=[]} | ret=SUCCESS |  
2019-08-23 05:50:38,044 | INFO  | SCMAudit | user=jenkins1000 | ip=192.168.5.178 | op=SEND_HEARTBEAT {datanodeUUID=c6842691-702c-4d39-b47f-d27b1fab8f33, command=[]} | ret=SUCCESS |  
2019-08-23 05:50:38,219 | INFO  | SCMAudit | user=jenkins1000 | ip=192.168.5.178 | op=SEND_HEARTBEAT {datanodeUUID=6b30598f-e3b0-450c-bc0d-9274443a7fa0, command=[]} | ret=SUCCESS |  
2019-08-23 05:50:38,274 | INFO  | SCMAudit | user=jenkins1000 | ip=192.168.5.178 | op=SEND_HEARTBEAT {datanodeUUID=63fd8c64-0397-4420-bb2f-fd9af094cc1f, command=[]} | ret=SUCCESS |  
2019-08-23 05:50:38,707 | INFO  | SCMAudit | user=jenkins1000 | ip=192.168.5.178 | op=SEND_HEARTBEAT {datanodeUUID=d4f36997-48a6-49b8-995b-3c38d9ac3c0f, command=[]} | ret=SUCCESS |  
2019-08-23 05:50:38,708 | INFO  | SCMAudit | user=jenkins1000 | ip=192.168.5.178 | op=SEND_HEARTBEAT {datanodeUUID=564f3e1b-dc37-4d98-9518-cc9451ddb3ca, command=[]} | ret=SUCCESS |  
2019-08-23 05:50:38,735 | INFO  | SCMAudit | user=jenkins1000 | ip=192.168.5.178 | op=SEND_HEARTBEAT {datanodeUUID=9e0d48e9-795f-4679-b1bc-974fe7951c55, command=[]} | ret=SUCCESS |  
2019-08-23 05:50:38,836 | INFO  | SCMAudit | user=jenkins1000 | ip=192.168.5.178 | op=SEND_HEARTBEAT {datanodeUUID=96a4345b-84e3-4f69-b56b-0cb9f3200145, command=[]} | ret=SUCCESS |  
2019-08-23 05:50:39,045 | INFO  | SCMAudit | user=jenkins1000 | ip=192.168.5.178 | op=SEND_HEARTBEAT {datanodeUUID=c6842691-702c-4d39-b47f-d27b1fab8f33, command=[]} | ret=SUCCESS |  
2019-08-23 05:50:39,220 | INFO  | SCMAudit | user=jenkins1000 | ip=192.168.5.178 | op=SEND_HEARTBEAT {datanodeUUID=6b30598f-e3b0-450c-bc0d-9274443a7fa0, command=[]} | ret=SUCCESS |  
2019-08-23 05:50:39,273 | INFO  | SCMAudit | user=jenkins1000 | ip=192.168.5.178 | op=SEND_HEARTBEAT {datanodeUUID=63fd8c64-0397-4420-bb2f-fd9af094cc1f, command=[]} | ret=SUCCESS |  
2019-08-23 05:50:39,707 | INFO  | SCMAudit | user=jenkins1000 | ip=192.168.5.178 | op=SEND_HEARTBEAT {datanodeUUID=d4f36997-48a6-49b8-995b-3c38d9ac3c0f, command=[]} | ret=SUCCESS |  
2019-08-23 05:50:39,709 | INFO  | SCMAudit | user=jenkins1000 | ip=192.168.5.178 | op=SEND_HEARTBEAT {datanodeUUID=564f3e1b-dc37-4d98-9518-cc9451ddb3ca, command=[]} | ret=SUCCESS |  
2019-08-23 05:50:39,735 | INFO  | SCMAudit | user=jenkins1000 | ip=192.168.5.178 | op=SEND_HEARTBEAT {datanodeUUID=9e0d48e9-795f-4679-b1bc-974fe7951c55, command=[]} | ret=SUCCESS |  
2019-08-23 05:50:39,836 | INFO  | SCMAudit | user=jenkins1000 | ip=192.168.5.178 | op=SEND_HEARTBEAT {datanodeUUID=96a4345b-84e3-4f69-b56b-0cb9f3200145, command=[]} | ret=SUCCESS |  
2019-08-23 05:50:40,045 | INFO  | SCMAudit | user=jenkins1000 | ip=192.168.5.178 | op=SEND_HEARTBEAT {datanodeUUID=c6842691-702c-4d39-b47f-d27b1fab8f33, command=[]} | ret=SUCCESS |  
2019-08-23 05:50:40,219 | INFO  | SCMAudit | user=jenkins1000 | ip=192.168.5.178 | op=SEND_HEARTBEAT {datanodeUUID=6b30598f-e3b0-450c-bc0d-9274443a7fa0, command=[]} | ret=SUCCESS |  
2019-08-23 05:50:40,273 | INFO  | SCMAudit | user=jenkins1000 | ip=192.168.5.178 | op=SEND_HEARTBEAT {datanodeUUID=63fd8c64-0397-4420-bb2f-fd9af094cc1f, command=[]} | ret=SUCCESS |  
2019-08-23 05:50:40,370 [grpc-default-executor-4] INFO  client.GrpcClientProtocolClient (GrpcClientProtocolClient.java:onNext(255)) - client-DB4E080F923B->564f3e1b-dc37-4d98-9518-cc9451ddb3ca: receive RaftClientReply:client-DB4E080F923B->564f3e1b-dc37-4d98-9518-cc9451ddb3ca@group-FC65621A5432, cid=45, FAILED org.apache.ratis.protocol.NotLeaderException: Server 564f3e1b-dc37-4d98-9518-cc9451ddb3ca is not the leader (d4f36997-48a6-49b8-995b-3c38d9ac3c0f:192.168.5.178:40775). Request must be sent to leader., logIndex=0, commits[564f3e1b-dc37-4d98-9518-cc9451ddb3ca:c8, 9e0d48e9-795f-4679-b1bc-974fe7951c55:c8, d4f36997-48a6-49b8-995b-3c38d9ac3c0f:c8]
2019-08-23 05:50:40,708 | INFO  | SCMAudit | user=jenkins1000 | ip=192.168.5.178 | op=SEND_HEARTBEAT {datanodeUUID=d4f36997-48a6-49b8-995b-3c38d9ac3c0f, command=[]} | ret=SUCCESS |  
2019-08-23 05:50:40,709 | INFO  | SCMAudit | user=jenkins1000 | ip=192.168.5.178 | op=SEND_HEARTBEAT {datanodeUUID=564f3e1b-dc37-4d98-9518-cc9451ddb3ca, command=[]} | ret=SUCCESS |  
2019-08-23 05:50:40,735 | INFO  | SCMAudit | user=jenkins1000 | ip=192.168.5.178 | op=SEND_HEARTBEAT {datanodeUUID=9e0d48e9-795f-4679-b1bc-974fe7951c55, command=[]} | ret=SUCCESS |  
2019-08-23 05:50:40,836 | INFO  | SCMAudit | user=jenkins1000 | ip=192.168.5.178 | op=SEND_HEARTBEAT {datanodeUUID=96a4345b-84e3-4f69-b56b-0cb9f3200145, command=[]} | ret=SUCCESS |  
2019-08-23 05:50:41,045 | INFO  | SCMAudit | user=jenkins1000 | ip=192.168.5.178 | op=SEND_HEARTBEAT {datanodeUUID=c6842691-702c-4d39-b47f-d27b1fab8f33, command=[]} | ret=SUCCESS |  
2019-08-23 05:50:41,220 | INFO  | SCMAudit | user=jenkins1000 | ip=192.168.5.178 | op=SEND_HEARTBEAT {datanodeUUID=6b30598f-e3b0-450c-bc0d-9274443a7fa0, command=[]} | ret=SUCCESS |  
2019-08-23 05:50:41,273 | INFO  | SCMAudit | user=jenkins1000 | ip=192.168.5.178 | op=SEND_HEARTBEAT {datanodeUUID=63fd8c64-0397-4420-bb2f-fd9af094cc1f, command=[]} | ret=SUCCESS |  
2019-08-23 05:50:41,707 | INFO  | SCMAudit | user=jenkins1000 | ip=192.168.5.178 | op=SEND_HEARTBEAT {datanodeUUID=d4f36997-48a6-49b8-995b-3c38d9ac3c0f, command=[]} | ret=SUCCESS |  
2019-08-23 05:50:41,709 | INFO  | SCMAudit | user=jenkins1000 | ip=192.168.5.178 | op=SEND_HEARTBEAT {datanodeUUID=564f3e1b-dc37-4d98-9518-cc9451ddb3ca, command=[]} | ret=SUCCESS |  
2019-08-23 05:50:41,735 | INFO  | SCMAudit | user=jenkins1000 | ip=192.168.5.178 | op=SEND_HEARTBEAT {datanodeUUID=9e0d48e9-795f-4679-b1bc-974fe7951c55, command=[]} | ret=SUCCESS |  
2019-08-23 05:50:41,836 | INFO  | SCMAudit | user=jenkins1000 | ip=192.168.5.178 | op=SEND_HEARTBEAT {datanodeUUID=96a4345b-84e3-4f69-b56b-0cb9f3200145, command=[]} | ret=SUCCESS |  
2019-08-23 05:50:42,045 | INFO  | SCMAudit | user=jenkins1000 | ip=192.168.5.178 | op=SEND_HEARTBEAT {datanodeUUID=c6842691-702c-4d39-b47f-d27b1fab8f33, command=[]} | ret=SUCCESS |  
2019-08-23 05:50:42,220 | INFO  | SCMAudit | user=jenkins1000 | ip=192.168.5.178 | op=SEND_HEARTBEAT {datanodeUUID=6b30598f-e3b0-450c-bc0d-9274443a7fa0, command=[]} | ret=SUCCESS |  
2019-08-23 05:50:42,273 | INFO  | SCMAudit | user=jenkins1000 | ip=192.168.5.178 | op=SEND_HEARTBEAT {datanodeUUID=63fd8c64-0397-4420-bb2f-fd9af094cc1f, command=[]} | ret=SUCCESS |  
2019-08-23 05:50:42,708 | INFO  | SCMAudit | user=jenkins1000 | ip=192.168.5.178 | op=SEND_HEARTBEAT {datanodeUUID=d4f36997-48a6-49b8-995b-3c38d9ac3c0f, command=[]} | ret=SUCCESS |  
2019-08-23 05:50:42,709 | INFO  | SCMAudit | user=jenkins1000 | ip=192.168.5.178 | op=SEND_HEARTBEAT {datanodeUUID=564f3e1b-dc37-4d98-9518-cc9451ddb3ca, command=[]} | ret=SUCCESS |  
2019-08-23 05:50:42,735 | INFO  | SCMAudit | user=jenkins1000 | ip=192.168.5.178 | op=SEND_HEARTBEAT {datanodeUUID=9e0d48e9-795f-4679-b1bc-974fe7951c55, command=[]} | ret=SUCCESS |  
2019-08-23 05:50:42,836 | INFO  | SCMAudit | user=jenkins1000 | ip=192.168.5.178 | op=SEND_HEARTBEAT {datanodeUUID=96a4345b-84e3-4f69-b56b-0cb9f3200145, command=[]} | ret=SUCCESS |  
2019-08-23 05:50:43,046 | INFO  | SCMAudit | user=jenkins1000 | ip=192.168.5.178 | op=SEND_HEARTBEAT {datanodeUUID=c6842691-702c-4d39-b47f-d27b1fab8f33, command=[]} | ret=SUCCESS |  
2019-08-23 05:50:43,220 | INFO  | SCMAudit | user=jenkins1000 | ip=192.168.5.178 | op=SEND_HEARTBEAT {datanodeUUID=6b30598f-e3b0-450c-bc0d-9274443a7fa0, command=[]} | ret=SUCCESS |  
2019-08-23 05:50:43,273 | INFO  | SCMAudit | user=jenkins1000 | ip=192.168.5.178 | op=SEND_HEARTBEAT {datanodeUUID=63fd8c64-0397-4420-bb2f-fd9af094cc1f, command=[]} | ret=SUCCESS |  
2019-08-23 05:50:43,709 | INFO  | SCMAudit | user=jenkins1000 | ip=192.168.5.178 | op=SEND_HEARTBEAT {datanodeUUID=d4f36997-48a6-49b8-995b-3c38d9ac3c0f, command=[]} | ret=SUCCESS |  
2019-08-23 05:50:43,709 | INFO  | SCMAudit | user=jenkins1000 | ip=192.168.5.178 | op=SEND_HEARTBEAT {datanodeUUID=564f3e1b-dc37-4d98-9518-cc9451ddb3ca, command=[]} | ret=SUCCESS |  
2019-08-23 05:50:43,737 | INFO  | SCMAudit | user=jenkins1000 | ip=192.168.5.178 | op=SEND_HEARTBEAT {datanodeUUID=9e0d48e9-795f-4679-b1bc-974fe7951c55, command=[]} | ret=SUCCESS |  
2019-08-23 05:50:43,836 | INFO  | SCMAudit | user=jenkins1000 | ip=192.168.5.178 | op=SEND_HEARTBEAT {datanodeUUID=96a4345b-84e3-4f69-b56b-0cb9f3200145, command=[]} | ret=SUCCESS |  
2019-08-23 05:50:44,046 | INFO  | SCMAudit | user=jenkins1000 | ip=192.168.5.178 | op=SEND_HEARTBEAT {datanodeUUID=c6842691-702c-4d39-b47f-d27b1fab8f33, command=[]} | ret=SUCCESS |  
2019-08-23 05:50:44,221 | INFO  | SCMAudit | user=jenkins1000 | ip=192.168.5.178 | op=SEND_HEARTBEAT {datanodeUUID=6b30598f-e3b0-450c-bc0d-9274443a7fa0, command=[]} | ret=SUCCESS |  
2019-08-23 05:50:44,272 | INFO  | SCMAudit | user=jenkins1000 | ip=192.168.5.178 | op=SEND_HEARTBEAT {datanodeUUID=63fd8c64-0397-4420-bb2f-fd9af094cc1f, command=[]} | ret=SUCCESS |  
2019-08-23 05:50:44,708 | INFO  | SCMAudit | user=jenkins1000 | ip=192.168.5.178 | op=SEND_HEARTBEAT {datanodeUUID=d4f36997-48a6-49b8-995b-3c38d9ac3c0f, command=[]} | ret=SUCCESS |  
2019-08-23 05:50:44,709 | INFO  | SCMAudit | user=jenkins1000 | ip=192.168.5.178 | op=SEND_HEARTBEAT {datanodeUUID=564f3e1b-dc37-4d98-9518-cc9451ddb3ca, command=[]} | ret=SUCCESS |  
2019-08-23 05:50:44,737 | INFO  | SCMAudit | user=jenkins1000 | ip=192.168.5.178 | op=SEND_HEARTBEAT {datanodeUUID=9e0d48e9-795f-4679-b1bc-974fe7951c55, command=[]} | ret=SUCCESS |  
2019-08-23 05:50:44,836 | INFO  | SCMAudit | user=jenkins1000 | ip=192.168.5.178 | op=SEND_HEARTBEAT {datanodeUUID=96a4345b-84e3-4f69-b56b-0cb9f3200145, command=[]} | ret=SUCCESS |  
2019-08-23 05:50:45,047 | INFO  | SCMAudit | user=jenkins1000 | ip=192.168.5.178 | op=SEND_HEARTBEAT {datanodeUUID=c6842691-702c-4d39-b47f-d27b1fab8f33, command=[]} | ret=SUCCESS |  
2019-08-23 05:50:45,221 | INFO  | SCMAudit | user=jenkins1000 | ip=192.168.5.178 | op=SEND_HEARTBEAT {datanodeUUID=6b30598f-e3b0-450c-bc0d-9274443a7fa0, command=[]} | ret=SUCCESS |  
2019-08-23 05:50:45,273 | INFO  | SCMAudit | user=jenkins1000 | ip=192.168.5.178 | op=SEND_HEARTBEAT {datanodeUUID=63fd8c64-0397-4420-bb2f-fd9af094cc1f, command=[]} | ret=SUCCESS |  
2019-08-23 05:50:45,423 [grpc-default-executor-5] INFO  client.GrpcClientProtocolClient (GrpcClientProtocolClient.java:onNext(255)) - client-DB4E080F923B->564f3e1b-dc37-4d98-9518-cc9451ddb3ca: receive RaftClientReply:client-DB4E080F923B->564f3e1b-dc37-4d98-9518-cc9451ddb3ca@group-FC65621A5432, cid=45, FAILED org.apache.ratis.protocol.NotLeaderException: Server 564f3e1b-dc37-4d98-9518-cc9451ddb3ca is not the leader (d4f36997-48a6-49b8-995b-3c38d9ac3c0f:192.168.5.178:40775). Request must be sent to leader., logIndex=0, commits[564f3e1b-dc37-4d98-9518-cc9451ddb3ca:c8, 9e0d48e9-795f-4679-b1bc-974fe7951c55:c8, d4f36997-48a6-49b8-995b-3c38d9ac3c0f:c8]
2019-08-23 05:50:45,708 | INFO  | SCMAudit | user=jenkins1000 | ip=192.168.5.178 | op=SEND_HEARTBEAT {datanodeUUID=d4f36997-48a6-49b8-995b-3c38d9ac3c0f, command=[]} | ret=SUCCESS |  
2019-08-23 05:50:45,709 | INFO  | SCMAudit | user=jenkins1000 | ip=192.168.5.178 | op=SEND_HEARTBEAT {datanodeUUID=564f3e1b-dc37-4d98-9518-cc9451ddb3ca, command=[]} | ret=SUCCESS |  
2019-08-23 05:50:45,737 | INFO  | SCMAudit | user=jenkins1000 | ip=192.168.5.178 | op=SEND_HEARTBEAT {datanodeUUID=9e0d48e9-795f-4679-b1bc-974fe7951c55, command=[]} | ret=SUCCESS |  
2019-08-23 05:50:45,836 | INFO  | SCMAudit | user=jenkins1000 | ip=192.168.5.178 | op=SEND_HEARTBEAT {datanodeUUID=96a4345b-84e3-4f69-b56b-0cb9f3200145, command=[]} | ret=SUCCESS |  
2019-08-23 05:50:46,046 | INFO  | SCMAudit | user=jenkins1000 | ip=192.168.5.178 | op=SEND_HEARTBEAT {datanodeUUID=c6842691-702c-4d39-b47f-d27b1fab8f33, command=[]} | ret=SUCCESS |  
2019-08-23 05:50:46,220 | INFO  | SCMAudit | user=jenkins1000 | ip=192.168.5.178 | op=SEND_HEARTBEAT {datanodeUUID=6b30598f-e3b0-450c-bc0d-9274443a7fa0, command=[]} | ret=SUCCESS |  
2019-08-23 05:50:46,273 | INFO  | SCMAudit | user=jenkins1000 | ip=192.168.5.178 | op=SEND_HEARTBEAT {datanodeUUID=63fd8c64-0397-4420-bb2f-fd9af094cc1f, command=[]} | ret=SUCCESS |  
2019-08-23 05:50:46,708 | INFO  | SCMAudit | user=jenkins1000 | ip=192.168.5.178 | op=SEND_HEARTBEAT {datanodeUUID=d4f36997-48a6-49b8-995b-3c38d9ac3c0f, command=[]} | ret=SUCCESS |  
2019-08-23 05:50:46,709 | INFO  | SCMAudit | user=jenkins1000 | ip=192.168.5.178 | op=SEND_HEARTBEAT {datanodeUUID=564f3e1b-dc37-4d98-9518-cc9451ddb3ca, command=[]} | ret=SUCCESS |  
2019-08-23 05:50:46,737 | INFO  | SCMAudit | user=jenkins1000 | ip=192.168.5.178 | op=SEND_HEARTBEAT {datanodeUUID=9e0d48e9-795f-4679-b1bc-974fe7951c55, command=[]} | ret=SUCCESS |  
2019-08-23 05:50:46,836 | INFO  | SCMAudit | user=jenkins1000 | ip=192.168.5.178 | op=SEND_HEARTBEAT {datanodeUUID=96a4345b-84e3-4f69-b56b-0cb9f3200145, command=[]} | ret=SUCCESS |  
2019-08-23 05:50:47,046 | INFO  | SCMAudit | user=jenkins1000 | ip=192.168.5.178 | op=SEND_HEARTBEAT {datanodeUUID=c6842691-702c-4d39-b47f-d27b1fab8f33, command=[]} | ret=SUCCESS |  
2019-08-23 05:50:47,220 | INFO  | SCMAudit | user=jenkins1000 | ip=192.168.5.178 | op=SEND_HEARTBEAT {datanodeUUID=6b30598f-e3b0-450c-bc0d-9274443a7fa0, command=[]} | ret=SUCCESS |  
2019-08-23 05:50:47,273 | INFO  | SCMAudit | user=jenkins1000 | ip=192.168.5.178 | op=SEND_HEARTBEAT {datanodeUUID=63fd8c64-0397-4420-bb2f-fd9af094cc1f, command=[]} | ret=SUCCESS |  
2019-08-23 05:50:47,708 | INFO  | SCMAudit | user=jenkins1000 | ip=192.168.5.178 | op=SEND_HEARTBEAT {datanodeUUID=d4f36997-48a6-49b8-995b-3c38d9ac3c0f, command=[]} | ret=SUCCESS |  
2019-08-23 05:50:47,709 | INFO  | SCMAudit | user=jenkins1000 | ip=192.168.5.178 | op=SEND_HEARTBEAT {datanodeUUID=564f3e1b-dc37-4d98-9518-cc9451ddb3ca, command=[]} | ret=SUCCESS |  
2019-08-23 05:50:47,737 | INFO  | SCMAudit | user=jenkins1000 | ip=192.168.5.178 | op=SEND_HEARTBEAT {datanodeUUID=9e0d48e9-795f-4679-b1bc-974fe7951c55, command=[]} | ret=SUCCESS |  
2019-08-23 05:50:47,836 | INFO  | SCMAudit | user=jenkins1000 | ip=192.168.5.178 | op=SEND_HEARTBEAT {datanodeUUID=96a4345b-84e3-4f69-b56b-0cb9f3200145, command=[]} | ret=SUCCESS |  
2019-08-23 05:50:48,046 | INFO  | SCMAudit | user=jenkins1000 | ip=192.168.5.178 | op=SEND_HEARTBEAT {datanodeUUID=c6842691-702c-4d39-b47f-d27b1fab8f33, command=[]} | ret=SUCCESS |  
2019-08-23 05:50:48,220 | INFO  | SCMAudit | user=jenkins1000 | ip=192.168.5.178 | op=SEND_HEARTBEAT {datanodeUUID=6b30598f-e3b0-450c-bc0d-9274443a7fa0, command=[]} | ret=SUCCESS |  
2019-08-23 05:50:48,273 | INFO  | SCMAudit | user=jenkins1000 | ip=192.168.5.178 | op=SEND_HEARTBEAT {datanodeUUID=63fd8c64-0397-4420-bb2f-fd9af094cc1f, command=[]} | ret=SUCCESS |  
2019-08-23 05:50:48,708 | INFO  | SCMAudit | user=jenkins1000 | ip=192.168.5.178 | op=SEND_HEARTBEAT {datanodeUUID=d4f36997-48a6-49b8-995b-3c38d9ac3c0f, command=[]} | ret=SUCCESS |  
2019-08-23 05:50:48,709 | INFO  | SCMAudit | user=jenkins1000 | ip=192.168.5.178 | op=SEND_HEARTBEAT {datanodeUUID=564f3e1b-dc37-4d98-9518-cc9451ddb3ca, command=[]} | ret=SUCCESS |  
2019-08-23 05:50:48,737 | INFO  | SCMAudit | user=jenkins1000 | ip=192.168.5.178 | op=SEND_HEARTBEAT {datanodeUUID=9e0d48e9-795f-4679-b1bc-974fe7951c55, command=[]} | ret=SUCCESS |  
2019-08-23 05:50:48,837 | INFO  | SCMAudit | user=jenkins1000 | ip=192.168.5.178 | op=SEND_HEARTBEAT {datanodeUUID=96a4345b-84e3-4f69-b56b-0cb9f3200145, command=[]} | ret=SUCCESS |  
2019-08-23 05:50:49,046 | INFO  | SCMAudit | user=jenkins1000 | ip=192.168.5.178 | op=SEND_HEARTBEAT {datanodeUUID=c6842691-702c-4d39-b47f-d27b1fab8f33, command=[]} | ret=SUCCESS |  
2019-08-23 05:50:49,220 | INFO  | SCMAudit | user=jenkins1000 | ip=192.168.5.178 | op=SEND_HEARTBEAT {datanodeUUID=6b30598f-e3b0-450c-bc0d-9274443a7fa0, command=[]} | ret=SUCCESS |  
2019-08-23 05:50:49,273 | INFO  | SCMAudit | user=jenkins1000 | ip=192.168.5.178 | op=SEND_HEARTBEAT {datanodeUUID=63fd8c64-0397-4420-bb2f-fd9af094cc1f, command=[]} | ret=SUCCESS |  
2019-08-23 05:50:49,708 | INFO  | SCMAudit | user=jenkins1000 | ip=192.168.5.178 | op=SEND_HEARTBEAT {datanodeUUID=d4f36997-48a6-49b8-995b-3c38d9ac3c0f, command=[]} | ret=SUCCESS |  
2019-08-23 05:50:49,709 | INFO  | SCMAudit | user=jenkins1000 | ip=192.168.5.178 | op=SEND_HEARTBEAT {datanodeUUID=564f3e1b-dc37-4d98-9518-cc9451ddb3ca, command=[]} | ret=SUCCESS |  
2019-08-23 05:50:49,737 | INFO  | SCMAudit | user=jenkins1000 | ip=192.168.5.178 | op=SEND_HEARTBEAT {datanodeUUID=9e0d48e9-795f-4679-b1bc-974fe7951c55, command=[]} | ret=SUCCESS |  
2019-08-23 05:50:49,836 | INFO  | SCMAudit | user=jenkins1000 | ip=192.168.5.178 | op=SEND_HEARTBEAT {datanodeUUID=96a4345b-84e3-4f69-b56b-0cb9f3200145, command=[]} | ret=SUCCESS |  
2019-08-23 05:50:50,045 | INFO  | SCMAudit | user=jenkins1000 | ip=192.168.5.178 | op=SEND_HEARTBEAT {datanodeUUID=c6842691-702c-4d39-b47f-d27b1fab8f33, command=[]} | ret=SUCCESS |  
2019-08-23 05:50:50,220 | INFO  | SCMAudit | user=jenkins1000 | ip=192.168.5.178 | op=SEND_HEARTBEAT {datanodeUUID=6b30598f-e3b0-450c-bc0d-9274443a7fa0, command=[]} | ret=SUCCESS |  
2019-08-23 05:50:50,273 | INFO  | SCMAudit | user=jenkins1000 | ip=192.168.5.178 | op=SEND_HEARTBEAT {datanodeUUID=63fd8c64-0397-4420-bb2f-fd9af094cc1f, command=[]} | ret=SUCCESS |  
2019-08-23 05:50:50,472 [grpc-default-executor-4] INFO  client.GrpcClientProtocolClient (GrpcClientProtocolClient.java:onNext(255)) - client-DB4E080F923B->564f3e1b-dc37-4d98-9518-cc9451ddb3ca: receive RaftClientReply:client-DB4E080F923B->564f3e1b-dc37-4d98-9518-cc9451ddb3ca@group-FC65621A5432, cid=45, FAILED org.apache.ratis.protocol.NotLeaderException: Server 564f3e1b-dc37-4d98-9518-cc9451ddb3ca is not the leader (d4f36997-48a6-49b8-995b-3c38d9ac3c0f:192.168.5.178:40775). Request must be sent to leader., logIndex=0, commits[564f3e1b-dc37-4d98-9518-cc9451ddb3ca:c8, 9e0d48e9-795f-4679-b1bc-974fe7951c55:c8, d4f36997-48a6-49b8-995b-3c38d9ac3c0f:c8]
2019-08-23 05:50:50,708 | INFO  | SCMAudit | user=jenkins1000 | ip=192.168.5.178 | op=SEND_HEARTBEAT {datanodeUUID=d4f36997-48a6-49b8-995b-3c38d9ac3c0f, command=[]} | ret=SUCCESS |  
2019-08-23 05:50:50,709 | INFO  | SCMAudit | user=jenkins1000 | ip=192.168.5.178 | op=SEND_HEARTBEAT {datanodeUUID=564f3e1b-dc37-4d98-9518-cc9451ddb3ca, command=[]} | ret=SUCCESS |  
2019-08-23 05:50:50,737 | INFO  | SCMAudit | user=jenkins1000 | ip=192.168.5.178 | op=SEND_HEARTBEAT {datanodeUUID=9e0d48e9-795f-4679-b1bc-974fe7951c55, command=[]} | ret=SUCCESS |  
2019-08-23 05:50:50,836 | INFO  | SCMAudit | user=jenkins1000 | ip=192.168.5.178 | op=SEND_HEARTBEAT {datanodeUUID=96a4345b-84e3-4f69-b56b-0cb9f3200145, command=[]} | ret=SUCCESS |  
2019-08-23 05:50:51,046 | INFO  | SCMAudit | user=jenkins1000 | ip=192.168.5.178 | op=SEND_HEARTBEAT {datanodeUUID=c6842691-702c-4d39-b47f-d27b1fab8f33, command=[]} | ret=SUCCESS |  
2019-08-23 05:50:51,220 | INFO  | SCMAudit | user=jenkins1000 | ip=192.168.5.178 | op=SEND_HEARTBEAT {datanodeUUID=6b30598f-e3b0-450c-bc0d-9274443a7fa0, command=[]} | ret=SUCCESS |  
2019-08-23 05:50:51,274 | INFO  | SCMAudit | user=jenkins1000 | ip=192.168.5.178 | op=SEND_HEARTBEAT {datanodeUUID=63fd8c64-0397-4420-bb2f-fd9af094cc1f, command=[]} | ret=SUCCESS |  
2019-08-23 05:50:51,708 | INFO  | SCMAudit | user=jenkins1000 | ip=192.168.5.178 | op=SEND_HEARTBEAT {datanodeUUID=d4f36997-48a6-49b8-995b-3c38d9ac3c0f, command=[]} | ret=SUCCESS |  
2019-08-23 05:50:51,709 | INFO  | SCMAudit | user=jenkins1000 | ip=192.168.5.178 | op=SEND_HEARTBEAT {datanodeUUID=564f3e1b-dc37-4d98-9518-cc9451ddb3ca, command=[]} | ret=SUCCESS |  
2019-08-23 05:50:51,737 | INFO  | SCMAudit | user=jenkins1000 | ip=192.168.5.178 | op=SEND_HEARTBEAT {datanodeUUID=9e0d48e9-795f-4679-b1bc-974fe7951c55, command=[]} | ret=SUCCESS |  
2019-08-23 05:50:51,837 | INFO  | SCMAudit | user=jenkins1000 | ip=192.168.5.178 | op=SEND_HEARTBEAT {datanodeUUID=96a4345b-84e3-4f69-b56b-0cb9f3200145, command=[]} | ret=SUCCESS |  
2019-08-23 05:50:52,046 | INFO  | SCMAudit | user=jenkins1000 | ip=192.168.5.178 | op=SEND_HEARTBEAT {datanodeUUID=c6842691-702c-4d39-b47f-d27b1fab8f33, command=[]} | ret=SUCCESS |  
2019-08-23 05:50:52,220 | INFO  | SCMAudit | user=jenkins1000 | ip=192.168.5.178 | op=SEND_HEARTBEAT {datanodeUUID=6b30598f-e3b0-450c-bc0d-9274443a7fa0, command=[]} | ret=SUCCESS |  
2019-08-23 05:50:52,274 | INFO  | SCMAudit | user=jenkins1000 | ip=192.168.5.178 | op=SEND_HEARTBEAT {datanodeUUID=63fd8c64-0397-4420-bb2f-fd9af094cc1f, command=[]} | ret=SUCCESS |  
2019-08-23 05:50:52,709 | INFO  | SCMAudit | user=jenkins1000 | ip=192.168.5.178 | op=SEND_HEARTBEAT {datanodeUUID=d4f36997-48a6-49b8-995b-3c38d9ac3c0f, command=[]} | ret=SUCCESS |  
2019-08-23 05:50:52,709 | INFO  | SCMAudit | user=jenkins1000 | ip=192.168.5.178 | op=SEND_HEARTBEAT {datanodeUUID=564f3e1b-dc37-4d98-9518-cc9451ddb3ca, command=[]} | ret=SUCCESS |  
2019-08-23 05:50:52,738 | INFO  | SCMAudit | user=jenkins1000 | ip=192.168.5.178 | op=SEND_HEARTBEAT {datanodeUUID=9e0d48e9-795f-4679-b1bc-974fe7951c55, command=[]} | ret=SUCCESS |  
2019-08-23 05:50:52,837 | INFO  | SCMAudit | user=jenkins1000 | ip=192.168.5.178 | op=SEND_HEARTBEAT {datanodeUUID=96a4345b-84e3-4f69-b56b-0cb9f3200145, command=[]} | ret=SUCCESS |  
2019-08-23 05:50:53,046 | INFO  | SCMAudit | user=jenkins1000 | ip=192.168.5.178 | op=SEND_HEARTBEAT {datanodeUUID=c6842691-702c-4d39-b47f-d27b1fab8f33, command=[]} | ret=SUCCESS |  
2019-08-23 05:50:53,220 | INFO  | SCMAudit | user=jenkins1000 | ip=192.168.5.178 | op=SEND_HEARTBEAT {datanodeUUID=6b30598f-e3b0-450c-bc0d-9274443a7fa0, command=[]} | ret=SUCCESS |  
2019-08-23 05:50:53,275 | INFO  | SCMAudit | user=jenkins1000 | ip=192.168.5.178 | op=SEND_HEARTBEAT {datanodeUUID=63fd8c64-0397-4420-bb2f-fd9af094cc1f, command=[]} | ret=SUCCESS |  
2019-08-23 05:50:53,709 | INFO  | SCMAudit | user=jenkins1000 | ip=192.168.5.178 | op=SEND_HEARTBEAT {datanodeUUID=d4f36997-48a6-49b8-995b-3c38d9ac3c0f, command=[]} | ret=SUCCESS |  
2019-08-23 05:50:53,709 | INFO  | SCMAudit | user=jenkins1000 | ip=192.168.5.178 | op=SEND_HEARTBEAT {datanodeUUID=564f3e1b-dc37-4d98-9518-cc9451ddb3ca, command=[]} | ret=SUCCESS |  
2019-08-23 05:50:53,738 | INFO  | SCMAudit | user=jenkins1000 | ip=192.168.5.178 | op=SEND_HEARTBEAT {datanodeUUID=9e0d48e9-795f-4679-b1bc-974fe7951c55, command=[]} | ret=SUCCESS |  
2019-08-23 05:50:53,837 | INFO  | SCMAudit | user=jenkins1000 | ip=192.168.5.178 | op=SEND_HEARTBEAT {datanodeUUID=96a4345b-84e3-4f69-b56b-0cb9f3200145, command=[]} | ret=SUCCESS |  
2019-08-23 05:50:54,046 | INFO  | SCMAudit | user=jenkins1000 | ip=192.168.5.178 | op=SEND_HEARTBEAT {datanodeUUID=c6842691-702c-4d39-b47f-d27b1fab8f33, command=[]} | ret=SUCCESS |  
2019-08-23 05:50:54,220 | INFO  | SCMAudit | user=jenkins1000 | ip=192.168.5.178 | op=SEND_HEARTBEAT {datanodeUUID=6b30598f-e3b0-450c-bc0d-9274443a7fa0, command=[]} | ret=SUCCESS |  
2019-08-23 05:50:54,275 | INFO  | SCMAudit | user=jenkins1000 | ip=192.168.5.178 | op=SEND_HEARTBEAT {datanodeUUID=63fd8c64-0397-4420-bb2f-fd9af094cc1f, command=[]} | ret=SUCCESS |  
2019-08-23 05:50:54,710 | INFO  | SCMAudit | user=jenkins1000 | ip=192.168.5.178 | op=SEND_HEARTBEAT {datanodeUUID=d4f36997-48a6-49b8-995b-3c38d9ac3c0f, command=[]} | ret=SUCCESS |  
2019-08-23 05:50:54,710 | INFO  | SCMAudit | user=jenkins1000 | ip=192.168.5.178 | op=SEND_HEARTBEAT {datanodeUUID=564f3e1b-dc37-4d98-9518-cc9451ddb3ca, command=[]} | ret=SUCCESS |  
2019-08-23 05:50:54,739 | INFO  | SCMAudit | user=jenkins1000 | ip=192.168.5.178 | op=SEND_HEARTBEAT {datanodeUUID=9e0d48e9-795f-4679-b1bc-974fe7951c55, command=[]} | ret=SUCCESS |  
2019-08-23 05:50:54,837 | INFO  | SCMAudit | user=jenkins1000 | ip=192.168.5.178 | op=SEND_HEARTBEAT {datanodeUUID=96a4345b-84e3-4f69-b56b-0cb9f3200145, command=[]} | ret=SUCCESS |  
2019-08-23 05:50:55,046 | INFO  | SCMAudit | user=jenkins1000 | ip=192.168.5.178 | op=SEND_HEARTBEAT {datanodeUUID=c6842691-702c-4d39-b47f-d27b1fab8f33, command=[]} | ret=SUCCESS |  
2019-08-23 05:50:55,221 | INFO  | SCMAudit | user=jenkins1000 | ip=192.168.5.178 | op=SEND_HEARTBEAT {datanodeUUID=6b30598f-e3b0-450c-bc0d-9274443a7fa0, command=[]} | ret=SUCCESS |  
2019-08-23 05:50:55,275 | INFO  | SCMAudit | user=jenkins1000 | ip=192.168.5.178 | op=SEND_HEARTBEAT {datanodeUUID=63fd8c64-0397-4420-bb2f-fd9af094cc1f, command=[]} | ret=SUCCESS |  
2019-08-23 05:50:55,515 [grpc-default-executor-5] INFO  client.GrpcClientProtocolClient (GrpcClientProtocolClient.java:onNext(255)) - client-DB4E080F923B->9e0d48e9-795f-4679-b1bc-974fe7951c55: receive RaftClientReply:client-DB4E080F923B->9e0d48e9-795f-4679-b1bc-974fe7951c55@group-FC65621A5432, cid=45, FAILED org.apache.ratis.protocol.NotLeaderException: Server 9e0d48e9-795f-4679-b1bc-974fe7951c55 is not the leader (d4f36997-48a6-49b8-995b-3c38d9ac3c0f:192.168.5.178:40775). Request must be sent to leader., logIndex=0, commits[9e0d48e9-795f-4679-b1bc-974fe7951c55:c8, 564f3e1b-dc37-4d98-9518-cc9451ddb3ca:c8, d4f36997-48a6-49b8-995b-3c38d9ac3c0f:c8]
2019-08-23 05:50:55,709 | INFO  | SCMAudit | user=jenkins1000 | ip=192.168.5.178 | op=SEND_HEARTBEAT {datanodeUUID=d4f36997-48a6-49b8-995b-3c38d9ac3c0f, command=[]} | ret=SUCCESS |  
2019-08-23 05:50:55,710 | INFO  | SCMAudit | user=jenkins1000 | ip=192.168.5.178 | op=SEND_HEARTBEAT {datanodeUUID=564f3e1b-dc37-4d98-9518-cc9451ddb3ca, command=[]} | ret=SUCCESS |  
2019-08-23 05:50:55,739 | INFO  | SCMAudit | user=jenkins1000 | ip=192.168.5.178 | op=SEND_HEARTBEAT {datanodeUUID=9e0d48e9-795f-4679-b1bc-974fe7951c55, command=[]} | ret=SUCCESS |  
2019-08-23 05:50:55,837 | INFO  | SCMAudit | user=jenkins1000 | ip=192.168.5.178 | op=SEND_HEARTBEAT {datanodeUUID=96a4345b-84e3-4f69-b56b-0cb9f3200145, command=[]} | ret=SUCCESS |  
2019-08-23 05:50:56,046 | INFO  | SCMAudit | user=jenkins1000 | ip=192.168.5.178 | op=SEND_HEARTBEAT {datanodeUUID=c6842691-702c-4d39-b47f-d27b1fab8f33, command=[]} | ret=SUCCESS |  
2019-08-23 05:50:56,221 | INFO  | SCMAudit | user=jenkins1000 | ip=192.168.5.178 | op=SEND_HEARTBEAT {datanodeUUID=6b30598f-e3b0-450c-bc0d-9274443a7fa0, command=[]} | ret=SUCCESS |  
2019-08-23 05:50:56,275 | INFO  | SCMAudit | user=jenkins1000 | ip=192.168.5.178 | op=SEND_HEARTBEAT {datanodeUUID=63fd8c64-0397-4420-bb2f-fd9af094cc1f, command=[]} | ret=SUCCESS |  
2019-08-23 05:50:56,709 | INFO  | SCMAudit | user=jenkins1000 | ip=192.168.5.178 | op=SEND_HEARTBEAT {datanodeUUID=d4f36997-48a6-49b8-995b-3c38d9ac3c0f, command=[]} | ret=SUCCESS |  
2019-08-23 05:50:56,710 | INFO  | SCMAudit | user=jenkins1000 | ip=192.168.5.178 | op=SEND_HEARTBEAT {datanodeUUID=564f3e1b-dc37-4d98-9518-cc9451ddb3ca, command=[]} | ret=SUCCESS |  
2019-08-23 05:50:56,739 | INFO  | SCMAudit | user=jenkins1000 | ip=192.168.5.178 | op=SEND_HEARTBEAT {datanodeUUID=9e0d48e9-795f-4679-b1bc-974fe7951c55, command=[]} | ret=SUCCESS |  
2019-08-23 05:50:56,837 | INFO  | SCMAudit | user=jenkins1000 | ip=192.168.5.178 | op=SEND_HEARTBEAT {datanodeUUID=96a4345b-84e3-4f69-b56b-0cb9f3200145, command=[]} | ret=SUCCESS |  
2019-08-23 05:50:57,046 | INFO  | SCMAudit | user=jenkins1000 | ip=192.168.5.178 | op=SEND_HEARTBEAT {datanodeUUID=c6842691-702c-4d39-b47f-d27b1fab8f33, command=[]} | ret=SUCCESS |  
2019-08-23 05:50:57,221 | INFO  | SCMAudit | user=jenkins1000 | ip=192.168.5.178 | op=SEND_HEARTBEAT {datanodeUUID=6b30598f-e3b0-450c-bc0d-9274443a7fa0, command=[]} | ret=SUCCESS |  
2019-08-23 05:50:57,275 | INFO  | SCMAudit | user=jenkins1000 | ip=192.168.5.178 | op=SEND_HEARTBEAT {datanodeUUID=63fd8c64-0397-4420-bb2f-fd9af094cc1f, command=[]} | ret=SUCCESS |  
2019-08-23 05:50:57,709 | INFO  | SCMAudit | user=jenkins1000 | ip=192.168.5.178 | op=SEND_HEARTBEAT {datanodeUUID=d4f36997-48a6-49b8-995b-3c38d9ac3c0f, command=[]} | ret=SUCCESS |  
2019-08-23 05:50:57,710 | INFO  | SCMAudit | user=jenkins1000 | ip=192.168.5.178 | op=SEND_HEARTBEAT {datanodeUUID=564f3e1b-dc37-4d98-9518-cc9451ddb3ca, command=[]} | ret=SUCCESS |  
2019-08-23 05:50:57,739 | INFO  | SCMAudit | user=jenkins1000 | ip=192.168.5.178 | op=SEND_HEARTBEAT {datanodeUUID=9e0d48e9-795f-4679-b1bc-974fe7951c55, command=[]} | ret=SUCCESS |  
2019-08-23 05:50:57,837 | INFO  | SCMAudit | user=jenkins1000 | ip=192.168.5.178 | op=SEND_HEARTBEAT {datanodeUUID=96a4345b-84e3-4f69-b56b-0cb9f3200145, command=[]} | ret=SUCCESS |  
2019-08-23 05:50:58,046 | INFO  | SCMAudit | user=jenkins1000 | ip=192.168.5.178 | op=SEND_HEARTBEAT {datanodeUUID=c6842691-702c-4d39-b47f-d27b1fab8f33, command=[]} | ret=SUCCESS |  
2019-08-23 05:50:58,221 | INFO  | SCMAudit | user=jenkins1000 | ip=192.168.5.178 | op=SEND_HEARTBEAT {datanodeUUID=6b30598f-e3b0-450c-bc0d-9274443a7fa0, command=[]} | ret=SUCCESS |  
2019-08-23 05:50:58,275 | INFO  | SCMAudit | user=jenkins1000 | ip=192.168.5.178 | op=SEND_HEARTBEAT {datanodeUUID=63fd8c64-0397-4420-bb2f-fd9af094cc1f, command=[]} | ret=SUCCESS |  
2019-08-23 05:50:58,710 | INFO  | SCMAudit | user=jenkins1000 | ip=192.168.5.178 | op=SEND_HEARTBEAT {datanodeUUID=d4f36997-48a6-49b8-995b-3c38d9ac3c0f, command=[]} | ret=SUCCESS |  
2019-08-23 05:50:58,710 | INFO  | SCMAudit | user=jenkins1000 | ip=192.168.5.178 | op=SEND_HEARTBEAT {datanodeUUID=564f3e1b-dc37-4d98-9518-cc9451ddb3ca, command=[]} | ret=SUCCESS |  
2019-08-23 05:50:58,739 | INFO  | SCMAudit | user=jenkins1000 | ip=192.168.5.178 | op=SEND_HEARTBEAT {datanodeUUID=9e0d48e9-795f-4679-b1bc-974fe7951c55, command=[]} | ret=SUCCESS |  
2019-08-23 05:50:58,837 | INFO  | SCMAudit | user=jenkins1000 | ip=192.168.5.178 | op=SEND_HEARTBEAT {datanodeUUID=96a4345b-84e3-4f69-b56b-0cb9f3200145, command=[]} | ret=SUCCESS |  
2019-08-23 05:50:59,046 | INFO  | SCMAudit | user=jenkins1000 | ip=192.168.5.178 | op=SEND_HEARTBEAT {datanodeUUID=c6842691-702c-4d39-b47f-d27b1fab8f33, command=[]} | ret=SUCCESS |  
2019-08-23 05:50:59,221 | INFO  | SCMAudit | user=jenkins1000 | ip=192.168.5.178 | op=SEND_HEARTBEAT {datanodeUUID=6b30598f-e3b0-450c-bc0d-9274443a7fa0, command=[]} | ret=SUCCESS |  
2019-08-23 05:50:59,275 | INFO  | SCMAudit | user=jenkins1000 | ip=192.168.5.178 | op=SEND_HEARTBEAT {datanodeUUID=63fd8c64-0397-4420-bb2f-fd9af094cc1f, command=[]} | ret=SUCCESS |  
2019-08-23 05:50:59,709 | INFO  | SCMAudit | user=jenkins1000 | ip=192.168.5.178 | op=SEND_HEARTBEAT {datanodeUUID=d4f36997-48a6-49b8-995b-3c38d9ac3c0f, command=[]} | ret=SUCCESS |  
2019-08-23 05:50:59,710 | INFO  | SCMAudit | user=jenkins1000 | ip=192.168.5.178 | op=SEND_HEARTBEAT {datanodeUUID=564f3e1b-dc37-4d98-9518-cc9451ddb3ca, command=[]} | ret=SUCCESS |  
2019-08-23 05:50:59,740 | INFO  | SCMAudit | user=jenkins1000 | ip=192.168.5.178 | op=SEND_HEARTBEAT {datanodeUUID=9e0d48e9-795f-4679-b1bc-974fe7951c55, command=[]} | ret=SUCCESS |  
2019-08-23 05:50:59,837 | INFO  | SCMAudit | user=jenkins1000 | ip=192.168.5.178 | op=SEND_HEARTBEAT {datanodeUUID=96a4345b-84e3-4f69-b56b-0cb9f3200145, command=[]} | ret=SUCCESS |  
2019-08-23 05:51:00,046 | INFO  | SCMAudit | user=jenkins1000 | ip=192.168.5.178 | op=SEND_HEARTBEAT {datanodeUUID=c6842691-702c-4d39-b47f-d27b1fab8f33, command=[]} | ret=SUCCESS |  
2019-08-23 05:51:00,221 | INFO  | SCMAudit | user=jenkins1000 | ip=192.168.5.178 | op=SEND_HEARTBEAT {datanodeUUID=6b30598f-e3b0-450c-bc0d-9274443a7fa0, command=[]} | ret=SUCCESS |  
2019-08-23 05:51:00,275 | INFO  | SCMAudit | user=jenkins1000 | ip=192.168.5.178 | op=SEND_HEARTBEAT {datanodeUUID=63fd8c64-0397-4420-bb2f-fd9af094cc1f, command=[]} | ret=SUCCESS |  
2019-08-23 05:51:00,567 [grpc-default-executor-5] INFO  client.GrpcClientProtocolClient (GrpcClientProtocolClient.java:onNext(255)) - client-DB4E080F923B->9e0d48e9-795f-4679-b1bc-974fe7951c55: receive RaftClientReply:client-DB4E080F923B->9e0d48e9-795f-4679-b1bc-974fe7951c55@group-FC65621A5432, cid=45, FAILED org.apache.ratis.protocol.NotLeaderException: Server 9e0d48e9-795f-4679-b1bc-974fe7951c55 is not the leader (d4f36997-48a6-49b8-995b-3c38d9ac3c0f:192.168.5.178:40775). Request must be sent to leader., logIndex=0, commits[9e0d48e9-795f-4679-b1bc-974fe7951c55:c8, 564f3e1b-dc37-4d98-9518-cc9451ddb3ca:c8, d4f36997-48a6-49b8-995b-3c38d9ac3c0f:c8]
2019-08-23 05:51:00,709 | INFO  | SCMAudit | user=jenkins1000 | ip=192.168.5.178 | op=SEND_HEARTBEAT {datanodeUUID=d4f36997-48a6-49b8-995b-3c38d9ac3c0f, command=[]} | ret=SUCCESS |  
2019-08-23 05:51:00,709 | INFO  | SCMAudit | user=jenkins1000 | ip=192.168.5.178 | op=SEND_HEARTBEAT {datanodeUUID=564f3e1b-dc37-4d98-9518-cc9451ddb3ca, command=[]} | ret=SUCCESS |  
2019-08-23 05:51:00,740 | INFO  | SCMAudit | user=jenkins1000 | ip=192.168.5.178 | op=SEND_HEARTBEAT {datanodeUUID=9e0d48e9-795f-4679-b1bc-974fe7951c55, command=[]} | ret=SUCCESS |  
2019-08-23 05:51:00,837 | INFO  | SCMAudit | user=jenkins1000 | ip=192.168.5.178 | op=SEND_HEARTBEAT {datanodeUUID=96a4345b-84e3-4f69-b56b-0cb9f3200145, command=[]} | ret=SUCCESS |  
2019-08-23 05:51:01,046 | INFO  | SCMAudit | user=jenkins1000 | ip=192.168.5.178 | op=SEND_HEARTBEAT {datanodeUUID=c6842691-702c-4d39-b47f-d27b1fab8f33, command=[]} | ret=SUCCESS |  
2019-08-23 05:51:01,221 | INFO  | SCMAudit | user=jenkins1000 | ip=192.168.5.178 | op=SEND_HEARTBEAT {datanodeUUID=6b30598f-e3b0-450c-bc0d-9274443a7fa0, command=[]} | ret=SUCCESS |  
2019-08-23 05:51:01,275 | INFO  | SCMAudit | user=jenkins1000 | ip=192.168.5.178 | op=SEND_HEARTBEAT {datanodeUUID=63fd8c64-0397-4420-bb2f-fd9af094cc1f, command=[]} | ret=SUCCESS |  
2019-08-23 05:51:01,709 | INFO  | SCMAudit | user=jenkins1000 | ip=192.168.5.178 | op=SEND_HEARTBEAT {datanodeUUID=d4f36997-48a6-49b8-995b-3c38d9ac3c0f, command=[]} | ret=SUCCESS |  
2019-08-23 05:51:01,710 | INFO  | SCMAudit | user=jenkins1000 | ip=192.168.5.178 | op=SEND_HEARTBEAT {datanodeUUID=564f3e1b-dc37-4d98-9518-cc9451ddb3ca, command=[]} | ret=SUCCESS |  
2019-08-23 05:51:01,741 | INFO  | SCMAudit | user=jenkins1000 | ip=192.168.5.178 | op=SEND_HEARTBEAT {datanodeUUID=9e0d48e9-795f-4679-b1bc-974fe7951c55, command=[]} | ret=SUCCESS |  
2019-08-23 05:51:01,837 | INFO  | SCMAudit | user=jenkins1000 | ip=192.168.5.178 | op=SEND_HEARTBEAT {datanodeUUID=96a4345b-84e3-4f69-b56b-0cb9f3200145, command=[]} | ret=SUCCESS |  
2019-08-23 05:51:02,047 | INFO  | SCMAudit | user=jenkins1000 | ip=192.168.5.178 | op=SEND_HEARTBEAT {datanodeUUID=c6842691-702c-4d39-b47f-d27b1fab8f33, command=[]} | ret=SUCCESS |  
2019-08-23 05:51:02,222 | INFO  | SCMAudit | user=jenkins1000 | ip=192.168.5.178 | op=SEND_HEARTBEAT {datanodeUUID=6b30598f-e3b0-450c-bc0d-9274443a7fa0, command=[]} | ret=SUCCESS |  
2019-08-23 05:51:02,275 | INFO  | SCMAudit | user=jenkins1000 | ip=192.168.5.178 | op=SEND_HEARTBEAT {datanodeUUID=63fd8c64-0397-4420-bb2f-fd9af094cc1f, command=[]} | ret=SUCCESS |  
2019-08-23 05:51:02,709 | INFO  | SCMAudit | user=jenkins1000 | ip=192.168.5.178 | op=SEND_HEARTBEAT {datanodeUUID=564f3e1b-dc37-4d98-9518-cc9451ddb3ca, command=[]} | ret=SUCCESS |  
2019-08-23 05:51:02,709 | INFO  | SCMAudit | user=jenkins1000 | ip=192.168.5.178 | op=SEND_HEARTBEAT {datanodeUUID=d4f36997-48a6-49b8-995b-3c38d9ac3c0f, command=[]} | ret=SUCCESS |  
2019-08-23 05:51:02,741 | INFO  | SCMAudit | user=jenkins1000 | ip=192.168.5.178 | op=SEND_HEARTBEAT {datanodeUUID=9e0d48e9-795f-4679-b1bc-974fe7951c55, command=[]} | ret=SUCCESS |  
2019-08-23 05:51:02,837 | INFO  | SCMAudit | user=jenkins1000 | ip=192.168.5.178 | op=SEND_HEARTBEAT {datanodeUUID=96a4345b-84e3-4f69-b56b-0cb9f3200145, command=[]} | ret=SUCCESS |  
2019-08-23 05:51:03,047 | INFO  | SCMAudit | user=jenkins1000 | ip=192.168.5.178 | op=SEND_HEARTBEAT {datanodeUUID=c6842691-702c-4d39-b47f-d27b1fab8f33, command=[]} | ret=SUCCESS |  
2019-08-23 05:51:03,222 | INFO  | SCMAudit | user=jenkins1000 | ip=192.168.5.178 | op=SEND_HEARTBEAT {datanodeUUID=6b30598f-e3b0-450c-bc0d-9274443a7fa0, command=[]} | ret=SUCCESS |  
2019-08-23 05:51:03,275 | INFO  | SCMAudit | user=jenkins1000 | ip=192.168.5.178 | op=SEND_HEARTBEAT {datanodeUUID=63fd8c64-0397-4420-bb2f-fd9af094cc1f, command=[]} | ret=SUCCESS |  
2019-08-23 05:51:03,709 | INFO  | SCMAudit | user=jenkins1000 | ip=192.168.5.178 | op=SEND_HEARTBEAT {datanodeUUID=d4f36997-48a6-49b8-995b-3c38d9ac3c0f, command=[]} | ret=SUCCESS |  
2019-08-23 05:51:03,710 | INFO  | SCMAudit | user=jenkins1000 | ip=192.168.5.178 | op=SEND_HEARTBEAT {datanodeUUID=564f3e1b-dc37-4d98-9518-cc9451ddb3ca, command=[]} | ret=SUCCESS |  
2019-08-23 05:51:03,741 | INFO  | SCMAudit | user=jenkins1000 | ip=192.168.5.178 | op=SEND_HEARTBEAT {datanodeUUID=9e0d48e9-795f-4679-b1bc-974fe7951c55, command=[]} | ret=SUCCESS |  
2019-08-23 05:51:03,837 | INFO  | SCMAudit | user=jenkins1000 | ip=192.168.5.178 | op=SEND_HEARTBEAT {datanodeUUID=96a4345b-84e3-4f69-b56b-0cb9f3200145, command=[]} | ret=SUCCESS |  
2019-08-23 05:51:04,047 | INFO  | SCMAudit | user=jenkins1000 | ip=192.168.5.178 | op=SEND_HEARTBEAT {datanodeUUID=c6842691-702c-4d39-b47f-d27b1fab8f33, command=[]} | ret=SUCCESS |  
2019-08-23 05:51:04,222 | INFO  | SCMAudit | user=jenkins1000 | ip=192.168.5.178 | op=SEND_HEARTBEAT {datanodeUUID=6b30598f-e3b0-450c-bc0d-9274443a7fa0, command=[]} | ret=SUCCESS |  
2019-08-23 05:51:04,276 | INFO  | SCMAudit | user=jenkins1000 | ip=192.168.5.178 | op=SEND_HEARTBEAT {datanodeUUID=63fd8c64-0397-4420-bb2f-fd9af094cc1f, command=[]} | ret=SUCCESS |  
2019-08-23 05:51:04,710 | INFO  | SCMAudit | user=jenkins1000 | ip=192.168.5.178 | op=SEND_HEARTBEAT {datanodeUUID=d4f36997-48a6-49b8-995b-3c38d9ac3c0f, command=[]} | ret=SUCCESS |  
2019-08-23 05:51:04,710 | INFO  | SCMAudit | user=jenkins1000 | ip=192.168.5.178 | op=SEND_HEARTBEAT {datanodeUUID=564f3e1b-dc37-4d98-9518-cc9451ddb3ca, command=[]} | ret=SUCCESS |  
2019-08-23 05:51:04,742 | INFO  | SCMAudit | user=jenkins1000 | ip=192.168.5.178 | op=SEND_HEARTBEAT {datanodeUUID=9e0d48e9-795f-4679-b1bc-974fe7951c55, command=[]} | ret=SUCCESS |  
2019-08-23 05:51:04,838 | INFO  | SCMAudit | user=jenkins1000 | ip=192.168.5.178 | op=SEND_HEARTBEAT {datanodeUUID=96a4345b-84e3-4f69-b56b-0cb9f3200145, command=[]} | ret=SUCCESS |  
2019-08-23 05:51:05,047 | INFO  | SCMAudit | user=jenkins1000 | ip=192.168.5.178 | op=SEND_HEARTBEAT {datanodeUUID=c6842691-702c-4d39-b47f-d27b1fab8f33, command=[]} | ret=SUCCESS |  
2019-08-23 05:51:05,223 | INFO  | SCMAudit | user=jenkins1000 | ip=192.168.5.178 | op=SEND_HEARTBEAT {datanodeUUID=6b30598f-e3b0-450c-bc0d-9274443a7fa0, command=[]} | ret=SUCCESS |  
2019-08-23 05:51:05,276 | INFO  | SCMAudit | user=jenkins1000 | ip=192.168.5.178 | op=SEND_HEARTBEAT {datanodeUUID=63fd8c64-0397-4420-bb2f-fd9af094cc1f, command=[]} | ret=SUCCESS |  
2019-08-23 05:51:05,626 [grpc-default-executor-4] INFO  client.GrpcClientProtocolClient (GrpcClientProtocolClient.java:onNext(255)) - client-DB4E080F923B->9e0d48e9-795f-4679-b1bc-974fe7951c55: receive RaftClientReply:client-DB4E080F923B->9e0d48e9-795f-4679-b1bc-974fe7951c55@group-FC65621A5432, cid=45, FAILED org.apache.ratis.protocol.NotLeaderException: Server 9e0d48e9-795f-4679-b1bc-974fe7951c55 is not the leader (d4f36997-48a6-49b8-995b-3c38d9ac3c0f:192.168.5.178:40775). Request must be sent to leader., logIndex=0, commits[9e0d48e9-795f-4679-b1bc-974fe7951c55:c8, 564f3e1b-dc37-4d98-9518-cc9451ddb3ca:c8, d4f36997-48a6-49b8-995b-3c38d9ac3c0f:c8]
2019-08-23 05:51:05,710 | INFO  | SCMAudit | user=jenkins1000 | ip=192.168.5.178 | op=SEND_HEARTBEAT {datanodeUUID=564f3e1b-dc37-4d98-9518-cc9451ddb3ca, command=[]} | ret=SUCCESS |  
2019-08-23 05:51:05,710 | INFO  | SCMAudit | user=jenkins1000 | ip=192.168.5.178 | op=SEND_HEARTBEAT {datanodeUUID=d4f36997-48a6-49b8-995b-3c38d9ac3c0f, command=[]} | ret=SUCCESS |  
2019-08-23 05:51:05,741 | INFO  | SCMAudit | user=jenkins1000 | ip=192.168.5.178 | op=SEND_HEARTBEAT {datanodeUUID=9e0d48e9-795f-4679-b1bc-974fe7951c55, command=[]} | ret=SUCCESS |  
2019-08-23 05:51:05,837 | INFO  | SCMAudit | user=jenkins1000 | ip=192.168.5.178 | op=SEND_HEARTBEAT {datanodeUUID=96a4345b-84e3-4f69-b56b-0cb9f3200145, command=[]} | ret=SUCCESS |  
2019-08-23 05:51:06,047 | INFO  | SCMAudit | user=jenkins1000 | ip=192.168.5.178 | op=SEND_HEARTBEAT {datanodeUUID=c6842691-702c-4d39-b47f-d27b1fab8f33, command=[]} | ret=SUCCESS |  
2019-08-23 05:51:06,222 | INFO  | SCMAudit | user=jenkins1000 | ip=192.168.5.178 | op=SEND_HEARTBEAT {datanodeUUID=6b30598f-e3b0-450c-bc0d-9274443a7fa0, command=[]} | ret=SUCCESS |  
2019-08-23 05:51:06,276 | INFO  | SCMAudit | user=jenkins1000 | ip=192.168.5.178 | op=SEND_HEARTBEAT {datanodeUUID=63fd8c64-0397-4420-bb2f-fd9af094cc1f, command=[]} | ret=SUCCESS |  
2019-08-23 05:51:06,710 | INFO  | SCMAudit | user=jenkins1000 | ip=192.168.5.178 | op=SEND_HEARTBEAT {datanodeUUID=d4f36997-48a6-49b8-995b-3c38d9ac3c0f, command=[]} | ret=SUCCESS |  
2019-08-23 05:51:06,710 | INFO  | SCMAudit | user=jenkins1000 | ip=192.168.5.178 | op=SEND_HEARTBEAT {datanodeUUID=564f3e1b-dc37-4d98-9518-cc9451ddb3ca, command=[]} | ret=SUCCESS |  
2019-08-23 05:51:06,741 | INFO  | SCMAudit | user=jenkins1000 | ip=192.168.5.178 | op=SEND_HEARTBEAT {datanodeUUID=9e0d48e9-795f-4679-b1bc-974fe7951c55, command=[]} | ret=SUCCESS |  
2019-08-23 05:51:06,837 | INFO  | SCMAudit | user=jenkins1000 | ip=192.168.5.178 | op=SEND_HEARTBEAT {datanodeUUID=96a4345b-84e3-4f69-b56b-0cb9f3200145, command=[]} | ret=SUCCESS |  
2019-08-23 05:51:07,048 | INFO  | SCMAudit | user=jenkins1000 | ip=192.168.5.178 | op=SEND_HEARTBEAT {datanodeUUID=c6842691-702c-4d39-b47f-d27b1fab8f33, command=[]} | ret=SUCCESS |  
2019-08-23 05:51:07,222 | INFO  | SCMAudit | user=jenkins1000 | ip=192.168.5.178 | op=SEND_HEARTBEAT {datanodeUUID=6b30598f-e3b0-450c-bc0d-9274443a7fa0, command=[]} | ret=SUCCESS |  
2019-08-23 05:51:07,276 | INFO  | SCMAudit | user=jenkins1000 | ip=192.168.5.178 | op=SEND_HEARTBEAT {datanodeUUID=63fd8c64-0397-4420-bb2f-fd9af094cc1f, command=[]} | ret=SUCCESS |  
2019-08-23 05:51:07,711 | INFO  | SCMAudit | user=jenkins1000 | ip=192.168.5.178 | op=SEND_HEARTBEAT {datanodeUUID=564f3e1b-dc37-4d98-9518-cc9451ddb3ca, command=[]} | ret=SUCCESS |  
2019-08-23 05:51:07,711 | INFO  | SCMAudit | user=jenkins1000 | ip=192.168.5.178 | op=SEND_HEARTBEAT {datanodeUUID=d4f36997-48a6-49b8-995b-3c38d9ac3c0f, command=[]} | ret=SUCCESS |  
2019-08-23 05:51:07,741 | INFO  | SCMAudit | user=jenkins1000 | ip=192.168.5.178 | op=SEND_HEARTBEAT {datanodeUUID=9e0d48e9-795f-4679-b1bc-974fe7951c55, command=[]} | ret=SUCCESS |  
2019-08-23 05:51:07,838 | INFO  | SCMAudit | user=jenkins1000 | ip=192.168.5.178 | op=SEND_HEARTBEAT {datanodeUUID=96a4345b-84e3-4f69-b56b-0cb9f3200145, command=[]} | ret=SUCCESS |  
2019-08-23 05:51:08,048 | INFO  | SCMAudit | user=jenkins1000 | ip=192.168.5.178 | op=SEND_HEARTBEAT {datanodeUUID=c6842691-702c-4d39-b47f-d27b1fab8f33, command=[]} | ret=SUCCESS |  
2019-08-23 05:51:08,222 | INFO  | SCMAudit | user=jenkins1000 | ip=192.168.5.178 | op=SEND_HEARTBEAT {datanodeUUID=6b30598f-e3b0-450c-bc0d-9274443a7fa0, command=[]} | ret=SUCCESS |  
2019-08-23 05:51:08,277 | INFO  | SCMAudit | user=jenkins1000 | ip=192.168.5.178 | op=SEND_HEARTBEAT {datanodeUUID=63fd8c64-0397-4420-bb2f-fd9af094cc1f, command=[]} | ret=SUCCESS |  
2019-08-23 05:51:08,710 | INFO  | SCMAudit | user=jenkins1000 | ip=192.168.5.178 | op=SEND_HEARTBEAT {datanodeUUID=564f3e1b-dc37-4d98-9518-cc9451ddb3ca, command=[]} | ret=SUCCESS |  
2019-08-23 05:51:08,710 | INFO  | SCMAudit | user=jenkins1000 | ip=192.168.5.178 | op=SEND_HEARTBEAT {datanodeUUID=d4f36997-48a6-49b8-995b-3c38d9ac3c0f, command=[]} | ret=SUCCESS |  
2019-08-23 05:51:08,741 | INFO  | SCMAudit | user=jenkins1000 | ip=192.168.5.178 | op=SEND_HEARTBEAT {datanodeUUID=9e0d48e9-795f-4679-b1bc-974fe7951c55, command=[]} | ret=SUCCESS |  
2019-08-23 05:51:08,838 | INFO  | SCMAudit | user=jenkins1000 | ip=192.168.5.178 | op=SEND_HEARTBEAT {datanodeUUID=96a4345b-84e3-4f69-b56b-0cb9f3200145, command=[]} | ret=SUCCESS |  
2019-08-23 05:51:09,048 | INFO  | SCMAudit | user=jenkins1000 | ip=192.168.5.178 | op=SEND_HEARTBEAT {datanodeUUID=c6842691-702c-4d39-b47f-d27b1fab8f33, command=[]} | ret=SUCCESS |  
2019-08-23 05:51:09,222 | INFO  | SCMAudit | user=jenkins1000 | ip=192.168.5.178 | op=SEND_HEARTBEAT {datanodeUUID=6b30598f-e3b0-450c-bc0d-9274443a7fa0, command=[]} | ret=SUCCESS |  
2019-08-23 05:51:09,277 | INFO  | SCMAudit | user=jenkins1000 | ip=192.168.5.178 | op=SEND_HEARTBEAT {datanodeUUID=63fd8c64-0397-4420-bb2f-fd9af094cc1f, command=[]} | ret=SUCCESS |  
2019-08-23 05:51:09,711 | INFO  | SCMAudit | user=jenkins1000 | ip=192.168.5.178 | op=SEND_HEARTBEAT {datanodeUUID=564f3e1b-dc37-4d98-9518-cc9451ddb3ca, command=[]} | ret=SUCCESS |  
2019-08-23 05:51:09,711 | INFO  | SCMAudit | user=jenkins1000 | ip=192.168.5.178 | op=SEND_HEARTBEAT {datanodeUUID=d4f36997-48a6-49b8-995b-3c38d9ac3c0f, command=[]} | ret=SUCCESS |  
2019-08-23 05:51:09,741 | INFO  | SCMAudit | user=jenkins1000 | ip=192.168.5.178 | op=SEND_HEARTBEAT {datanodeUUID=9e0d48e9-795f-4679-b1bc-974fe7951c55, command=[]} | ret=SUCCESS |  
2019-08-23 05:51:09,839 | INFO  | SCMAudit | user=jenkins1000 | ip=192.168.5.178 | op=SEND_HEARTBEAT {datanodeUUID=96a4345b-84e3-4f69-b56b-0cb9f3200145, command=[]} | ret=SUCCESS |  
2019-08-23 05:51:10,048 | INFO  | SCMAudit | user=jenkins1000 | ip=192.168.5.178 | op=SEND_HEARTBEAT {datanodeUUID=c6842691-702c-4d39-b47f-d27b1fab8f33, command=[]} | ret=SUCCESS |  
2019-08-23 05:51:10,222 | INFO  | SCMAudit | user=jenkins1000 | ip=192.168.5.178 | op=SEND_HEARTBEAT {datanodeUUID=6b30598f-e3b0-450c-bc0d-9274443a7fa0, command=[]} | ret=SUCCESS |  
2019-08-23 05:51:10,278 | INFO  | SCMAudit | user=jenkins1000 | ip=192.168.5.178 | op=SEND_HEARTBEAT {datanodeUUID=63fd8c64-0397-4420-bb2f-fd9af094cc1f, command=[]} | ret=SUCCESS |  
2019-08-23 05:51:10,680 [grpc-default-executor-5] INFO  client.GrpcClientProtocolClient (GrpcClientProtocolClient.java:onNext(255)) - client-DB4E080F923B->9e0d48e9-795f-4679-b1bc-974fe7951c55: receive RaftClientReply:client-DB4E080F923B->9e0d48e9-795f-4679-b1bc-974fe7951c55@group-FC65621A5432, cid=45, FAILED org.apache.ratis.protocol.NotLeaderException: Server 9e0d48e9-795f-4679-b1bc-974fe7951c55 is not the leader (d4f36997-48a6-49b8-995b-3c38d9ac3c0f:192.168.5.178:40775). Request must be sent to leader., logIndex=0, commits[9e0d48e9-795f-4679-b1bc-974fe7951c55:c8, 564f3e1b-dc37-4d98-9518-cc9451ddb3ca:c8, d4f36997-48a6-49b8-995b-3c38d9ac3c0f:c8]
2019-08-23 05:51:10,710 | INFO  | SCMAudit | user=jenkins1000 | ip=192.168.5.178 | op=SEND_HEARTBEAT {datanodeUUID=564f3e1b-dc37-4d98-9518-cc9451ddb3ca, command=[]} | ret=SUCCESS |  
2019-08-23 05:51:10,710 | INFO  | SCMAudit | user=jenkins1000 | ip=192.168.5.178 | op=SEND_HEARTBEAT {datanodeUUID=d4f36997-48a6-49b8-995b-3c38d9ac3c0f, command=[]} | ret=SUCCESS |  
2019-08-23 05:51:10,742 | INFO  | SCMAudit | user=jenkins1000 | ip=192.168.5.178 | op=SEND_HEARTBEAT {datanodeUUID=9e0d48e9-795f-4679-b1bc-974fe7951c55, command=[]} | ret=SUCCESS |  
2019-08-23 05:51:10,839 | INFO  | SCMAudit | user=jenkins1000 | ip=192.168.5.178 | op=SEND_HEARTBEAT {datanodeUUID=96a4345b-84e3-4f69-b56b-0cb9f3200145, command=[]} | ret=SUCCESS |  
2019-08-23 05:51:11,048 | INFO  | SCMAudit | user=jenkins1000 | ip=192.168.5.178 | op=SEND_HEARTBEAT {datanodeUUID=c6842691-702c-4d39-b47f-d27b1fab8f33, command=[]} | ret=SUCCESS |  
2019-08-23 05:51:11,223 | INFO  | SCMAudit | user=jenkins1000 | ip=192.168.5.178 | op=SEND_HEARTBEAT {datanodeUUID=6b30598f-e3b0-450c-bc0d-9274443a7fa0, command=[]} | ret=SUCCESS |  
2019-08-23 05:51:11,277 | INFO  | SCMAudit | user=jenkins1000 | ip=192.168.5.178 | op=SEND_HEARTBEAT {datanodeUUID=63fd8c64-0397-4420-bb2f-fd9af094cc1f, command=[]} | ret=SUCCESS |  
2019-08-23 05:51:11,710 | INFO  | SCMAudit | user=jenkins1000 | ip=192.168.5.178 | op=SEND_HEARTBEAT {datanodeUUID=564f3e1b-dc37-4d98-9518-cc9451ddb3ca, command=[]} | ret=SUCCESS |  
2019-08-23 05:51:11,710 | INFO  | SCMAudit | user=jenkins1000 | ip=192.168.5.178 | op=SEND_HEARTBEAT {datanodeUUID=d4f36997-48a6-49b8-995b-3c38d9ac3c0f, command=[]} | ret=SUCCESS |  
2019-08-23 05:51:11,742 | INFO  | SCMAudit | user=jenkins1000 | ip=192.168.5.178 | op=SEND_HEARTBEAT {datanodeUUID=9e0d48e9-795f-4679-b1bc-974fe7951c55, command=[]} | ret=SUCCESS |  
2019-08-23 05:51:11,839 | INFO  | SCMAudit | user=jenkins1000 | ip=192.168.5.178 | op=SEND_HEARTBEAT {datanodeUUID=96a4345b-84e3-4f69-b56b-0cb9f3200145, command=[]} | ret=SUCCESS |  
2019-08-23 05:51:12,048 | INFO  | SCMAudit | user=jenkins1000 | ip=192.168.5.178 | op=SEND_HEARTBEAT {datanodeUUID=c6842691-702c-4d39-b47f-d27b1fab8f33, command=[]} | ret=SUCCESS |  
2019-08-23 05:51:12,223 | INFO  | SCMAudit | user=jenkins1000 | ip=192.168.5.178 | op=SEND_HEARTBEAT {datanodeUUID=6b30598f-e3b0-450c-bc0d-9274443a7fa0, command=[]} | ret=SUCCESS |  
2019-08-23 05:51:12,277 | INFO  | SCMAudit | user=jenkins1000 | ip=192.168.5.178 | op=SEND_HEARTBEAT {datanodeUUID=63fd8c64-0397-4420-bb2f-fd9af094cc1f, command=[]} | ret=SUCCESS |  
2019-08-23 05:51:12,710 | INFO  | SCMAudit | user=jenkins1000 | ip=192.168.5.178 | op=SEND_HEARTBEAT {datanodeUUID=564f3e1b-dc37-4d98-9518-cc9451ddb3ca, command=[]} | ret=SUCCESS |  
2019-08-23 05:51:12,710 | INFO  | SCMAudit | user=jenkins1000 | ip=192.168.5.178 | op=SEND_HEARTBEAT {datanodeUUID=d4f36997-48a6-49b8-995b-3c38d9ac3c0f, command=[]} | ret=SUCCESS |  
2019-08-23 05:51:12,742 | INFO  | SCMAudit | user=jenkins1000 | ip=192.168.5.178 | op=SEND_HEARTBEAT {datanodeUUID=9e0d48e9-795f-4679-b1bc-974fe7951c55, command=[]} | ret=SUCCESS |  
2019-08-23 05:51:12,839 | INFO  | SCMAudit | user=jenkins1000 | ip=192.168.5.178 | op=SEND_HEARTBEAT {datanodeUUID=96a4345b-84e3-4f69-b56b-0cb9f3200145, command=[]} | ret=SUCCESS |  
2019-08-23 05:51:13,048 | INFO  | SCMAudit | user=jenkins1000 | ip=192.168.5.178 | op=SEND_HEARTBEAT {datanodeUUID=c6842691-702c-4d39-b47f-d27b1fab8f33, command=[]} | ret=SUCCESS |  
2019-08-23 05:51:13,223 | INFO  | SCMAudit | user=jenkins1000 | ip=192.168.5.178 | op=SEND_HEARTBEAT {datanodeUUID=6b30598f-e3b0-450c-bc0d-9274443a7fa0, command=[]} | ret=SUCCESS |  
2019-08-23 05:51:13,277 | INFO  | SCMAudit | user=jenkins1000 | ip=192.168.5.178 | op=SEND_HEARTBEAT {datanodeUUID=63fd8c64-0397-4420-bb2f-fd9af094cc1f, command=[]} | ret=SUCCESS |  
2019-08-23 05:51:13,711 | INFO  | SCMAudit | user=jenkins1000 | ip=192.168.5.178 | op=SEND_HEARTBEAT {datanodeUUID=564f3e1b-dc37-4d98-9518-cc9451ddb3ca, command=[]} | ret=SUCCESS |  
2019-08-23 05:51:13,711 | INFO  | SCMAudit | user=jenkins1000 | ip=192.168.5.178 | op=SEND_HEARTBEAT {datanodeUUID=d4f36997-48a6-49b8-995b-3c38d9ac3c0f, command=[]} | ret=SUCCESS |  
2019-08-23 05:51:13,742 | INFO  | SCMAudit | user=jenkins1000 | ip=192.168.5.178 | op=SEND_HEARTBEAT {datanodeUUID=9e0d48e9-795f-4679-b1bc-974fe7951c55, command=[]} | ret=SUCCESS |  
2019-08-23 05:51:13,840 | INFO  | SCMAudit | user=jenkins1000 | ip=192.168.5.178 | op=SEND_HEARTBEAT {datanodeUUID=96a4345b-84e3-4f69-b56b-0cb9f3200145, command=[]} | ret=SUCCESS |  
2019-08-23 05:51:14,049 | INFO  | SCMAudit | user=jenkins1000 | ip=192.168.5.178 | op=SEND_HEARTBEAT {datanodeUUID=c6842691-702c-4d39-b47f-d27b1fab8f33, command=[]} | ret=SUCCESS |  
2019-08-23 05:51:14,224 | INFO  | SCMAudit | user=jenkins1000 | ip=192.168.5.178 | op=SEND_HEARTBEAT {datanodeUUID=6b30598f-e3b0-450c-bc0d-9274443a7fa0, command=[]} | ret=SUCCESS |  
2019-08-23 05:51:14,277 | INFO  | SCMAudit | user=jenkins1000 | ip=192.168.5.178 | op=SEND_HEARTBEAT {datanodeUUID=63fd8c64-0397-4420-bb2f-fd9af094cc1f, command=[]} | ret=SUCCESS |  
2019-08-23 05:51:14,718 | INFO  | SCMAudit | user=jenkins1000 | ip=192.168.5.178 | op=SEND_HEARTBEAT {datanodeUUID=d4f36997-48a6-49b8-995b-3c38d9ac3c0f, command=[]} | ret=SUCCESS |  
2019-08-23 05:51:14,718 | INFO  | SCMAudit | user=jenkins1000 | ip=192.168.5.178 | op=SEND_HEARTBEAT {datanodeUUID=564f3e1b-dc37-4d98-9518-cc9451ddb3ca, command=[]} | ret=SUCCESS |  
2019-08-23 05:51:14,742 | INFO  | SCMAudit | user=jenkins1000 | ip=192.168.5.178 | op=SEND_HEARTBEAT {datanodeUUID=9e0d48e9-795f-4679-b1bc-974fe7951c55, command=[]} | ret=SUCCESS |  
2019-08-23 05:51:14,840 | INFO  | SCMAudit | user=jenkins1000 | ip=192.168.5.178 | op=SEND_HEARTBEAT {datanodeUUID=96a4345b-84e3-4f69-b56b-0cb9f3200145, command=[]} | ret=SUCCESS |  
2019-08-23 05:51:15,049 | INFO  | SCMAudit | user=jenkins1000 | ip=192.168.5.178 | op=SEND_HEARTBEAT {datanodeUUID=c6842691-702c-4d39-b47f-d27b1fab8f33, command=[]} | ret=SUCCESS |  
2019-08-23 05:51:15,223 | INFO  | SCMAudit | user=jenkins1000 | ip=192.168.5.178 | op=SEND_HEARTBEAT {datanodeUUID=6b30598f-e3b0-450c-bc0d-9274443a7fa0, command=[]} | ret=SUCCESS |  
2019-08-23 05:51:15,278 | INFO  | SCMAudit | user=jenkins1000 | ip=192.168.5.178 | op=SEND_HEARTBEAT {datanodeUUID=63fd8c64-0397-4420-bb2f-fd9af094cc1f, command=[]} | ret=SUCCESS |  
2019-08-23 05:51:15,717 | INFO  | SCMAudit | user=jenkins1000 | ip=192.168.5.178 | op=SEND_HEARTBEAT {datanodeUUID=564f3e1b-dc37-4d98-9518-cc9451ddb3ca, command=[]} | ret=SUCCESS |  
2019-08-23 05:51:15,717 | INFO  | SCMAudit | user=jenkins1000 | ip=192.168.5.178 | op=SEND_HEARTBEAT {datanodeUUID=d4f36997-48a6-49b8-995b-3c38d9ac3c0f, command=[]} | ret=SUCCESS |  
2019-08-23 05:51:15,743 | INFO  | SCMAudit | user=jenkins1000 | ip=192.168.5.178 | op=SEND_HEARTBEAT {datanodeUUID=9e0d48e9-795f-4679-b1bc-974fe7951c55, command=[]} | ret=SUCCESS |  
2019-08-23 05:51:15,747 [grpc-default-executor-4] INFO  client.GrpcClientProtocolClient (GrpcClientProtocolClient.java:onNext(255)) - client-DB4E080F923B->9e0d48e9-795f-4679-b1bc-974fe7951c55: receive RaftClientReply:client-DB4E080F923B->9e0d48e9-795f-4679-b1bc-974fe7951c55@group-FC65621A5432, cid=45, FAILED org.apache.ratis.protocol.NotLeaderException: Server 9e0d48e9-795f-4679-b1bc-974fe7951c55 is not the leader (d4f36997-48a6-49b8-995b-3c38d9ac3c0f:192.168.5.178:40775). Request must be sent to leader., logIndex=0, commits[9e0d48e9-795f-4679-b1bc-974fe7951c55:c8, 564f3e1b-dc37-4d98-9518-cc9451ddb3ca:c8, d4f36997-48a6-49b8-995b-3c38d9ac3c0f:c8]
2019-08-23 05:51:15,840 | INFO  | SCMAudit | user=jenkins1000 | ip=192.168.5.178 | op=SEND_HEARTBEAT {datanodeUUID=96a4345b-84e3-4f69-b56b-0cb9f3200145, command=[]} | ret=SUCCESS |  
2019-08-23 05:51:16,049 | INFO  | SCMAudit | user=jenkins1000 | ip=192.168.5.178 | op=SEND_HEARTBEAT {datanodeUUID=c6842691-702c-4d39-b47f-d27b1fab8f33, command=[]} | ret=SUCCESS |  
2019-08-23 05:51:16,224 | INFO  | SCMAudit | user=jenkins1000 | ip=192.168.5.178 | op=SEND_HEARTBEAT {datanodeUUID=6b30598f-e3b0-450c-bc0d-9274443a7fa0, command=[]} | ret=SUCCESS |  
2019-08-23 05:51:16,278 | INFO  | SCMAudit | user=jenkins1000 | ip=192.168.5.178 | op=SEND_HEARTBEAT {datanodeUUID=63fd8c64-0397-4420-bb2f-fd9af094cc1f, command=[]} | ret=SUCCESS |  
2019-08-23 05:51:16,718 | INFO  | SCMAudit | user=jenkins1000 | ip=192.168.5.178 | op=SEND_HEARTBEAT {datanodeUUID=d4f36997-48a6-49b8-995b-3c38d9ac3c0f, command=[]} | ret=SUCCESS |  
2019-08-23 05:51:16,718 | INFO  | SCMAudit | user=jenkins1000 | ip=192.168.5.178 | op=SEND_HEARTBEAT {datanodeUUID=564f3e1b-dc37-4d98-9518-cc9451ddb3ca, command=[]} | ret=SUCCESS |  
2019-08-23 05:51:16,743 | INFO  | SCMAudit | user=jenkins1000 | ip=192.168.5.178 | op=SEND_HEARTBEAT {datanodeUUID=9e0d48e9-795f-4679-b1bc-974fe7951c55, command=[]} | ret=SUCCESS |  
2019-08-23 05:51:16,840 | INFO  | SCMAudit | user=jenkins1000 | ip=192.168.5.178 | op=SEND_HEARTBEAT {datanodeUUID=96a4345b-84e3-4f69-b56b-0cb9f3200145, command=[]} | ret=SUCCESS |  
2019-08-23 05:51:17,049 | INFO  | SCMAudit | user=jenkins1000 | ip=192.168.5.178 | op=SEND_HEARTBEAT {datanodeUUID=c6842691-702c-4d39-b47f-d27b1fab8f33, command=[]} | ret=SUCCESS |  
2019-08-23 05:51:17,223 | INFO  | SCMAudit | user=jenkins1000 | ip=192.168.5.178 | op=SEND_HEARTBEAT {datanodeUUID=6b30598f-e3b0-450c-bc0d-9274443a7fa0, command=[]} | ret=SUCCESS |  
2019-08-23 05:51:17,278 | INFO  | SCMAudit | user=jenkins1000 | ip=192.168.5.178 | op=SEND_HEARTBEAT {datanodeUUID=63fd8c64-0397-4420-bb2f-fd9af094cc1f, command=[]} | ret=SUCCESS |  
2019-08-23 05:51:17,717 | INFO  | SCMAudit | user=jenkins1000 | ip=192.168.5.178 | op=SEND_HEARTBEAT {datanodeUUID=d4f36997-48a6-49b8-995b-3c38d9ac3c0f, command=[]} | ret=SUCCESS |  
2019-08-23 05:51:17,717 | INFO  | SCMAudit | user=jenkins1000 | ip=192.168.5.178 | op=SEND_HEARTBEAT {datanodeUUID=564f3e1b-dc37-4d98-9518-cc9451ddb3ca, command=[]} | ret=SUCCESS |  
2019-08-23 05:51:17,743 | INFO  | SCMAudit | user=jenkins1000 | ip=192.168.5.178 | op=SEND_HEARTBEAT {datanodeUUID=9e0d48e9-795f-4679-b1bc-974fe7951c55, command=[]} | ret=SUCCESS |  
2019-08-23 05:51:17,840 | INFO  | SCMAudit | user=jenkins1000 | ip=192.168.5.178 | op=SEND_HEARTBEAT {datanodeUUID=96a4345b-84e3-4f69-b56b-0cb9f3200145, command=[]} | ret=SUCCESS |  
2019-08-23 05:51:18,049 | INFO  | SCMAudit | user=jenkins1000 | ip=192.168.5.178 | op=SEND_HEARTBEAT {datanodeUUID=c6842691-702c-4d39-b47f-d27b1fab8f33, command=[]} | ret=SUCCESS |  
2019-08-23 05:51:18,223 | INFO  | SCMAudit | user=jenkins1000 | ip=192.168.5.178 | op=SEND_HEARTBEAT {datanodeUUID=6b30598f-e3b0-450c-bc0d-9274443a7fa0, command=[]} | ret=SUCCESS |  
2019-08-23 05:51:18,278 | INFO  | SCMAudit | user=jenkins1000 | ip=192.168.5.178 | op=SEND_HEARTBEAT {datanodeUUID=63fd8c64-0397-4420-bb2f-fd9af094cc1f, command=[]} | ret=SUCCESS |  
2019-08-23 05:51:18,717 | INFO  | SCMAudit | user=jenkins1000 | ip=192.168.5.178 | op=SEND_HEARTBEAT {datanodeUUID=d4f36997-48a6-49b8-995b-3c38d9ac3c0f, command=[]} | ret=SUCCESS |  
2019-08-23 05:51:18,717 | INFO  | SCMAudit | user=jenkins1000 | ip=192.168.5.178 | op=SEND_HEARTBEAT {datanodeUUID=564f3e1b-dc37-4d98-9518-cc9451ddb3ca, command=[]} | ret=SUCCESS |  
2019-08-23 05:51:18,743 | INFO  | SCMAudit | user=jenkins1000 | ip=192.168.5.178 | op=SEND_HEARTBEAT {datanodeUUID=9e0d48e9-795f-4679-b1bc-974fe7951c55, command=[]} | ret=SUCCESS |  
2019-08-23 05:51:18,840 | INFO  | SCMAudit | user=jenkins1000 | ip=192.168.5.178 | op=SEND_HEARTBEAT {datanodeUUID=96a4345b-84e3-4f69-b56b-0cb9f3200145, command=[]} | ret=SUCCESS |  
2019-08-23 05:51:19,049 | INFO  | SCMAudit | user=jenkins1000 | ip=192.168.5.178 | op=SEND_HEARTBEAT {datanodeUUID=c6842691-702c-4d39-b47f-d27b1fab8f33, command=[]} | ret=SUCCESS |  
2019-08-23 05:51:19,223 | INFO  | SCMAudit | user=jenkins1000 | ip=192.168.5.178 | op=SEND_HEARTBEAT {datanodeUUID=6b30598f-e3b0-450c-bc0d-9274443a7fa0, command=[]} | ret=SUCCESS |  
2019-08-23 05:51:19,278 | INFO  | SCMAudit | user=jenkins1000 | ip=192.168.5.178 | op=SEND_HEARTBEAT {datanodeUUID=63fd8c64-0397-4420-bb2f-fd9af094cc1f, command=[]} | ret=SUCCESS |  
2019-08-23 05:51:19,718 | INFO  | SCMAudit | user=jenkins1000 | ip=192.168.5.178 | op=SEND_HEARTBEAT {datanodeUUID=d4f36997-48a6-49b8-995b-3c38d9ac3c0f, command=[]} | ret=SUCCESS |  
2019-08-23 05:51:19,718 | INFO  | SCMAudit | user=jenkins1000 | ip=192.168.5.178 | op=SEND_HEARTBEAT {datanodeUUID=564f3e1b-dc37-4d98-9518-cc9451ddb3ca, command=[]} | ret=SUCCESS |  
2019-08-23 05:51:19,743 | INFO  | SCMAudit | user=jenkins1000 | ip=192.168.5.178 | op=SEND_HEARTBEAT {datanodeUUID=9e0d48e9-795f-4679-b1bc-974fe7951c55, command=[]} | ret=SUCCESS |  
2019-08-23 05:51:19,840 | INFO  | SCMAudit | user=jenkins1000 | ip=192.168.5.178 | op=SEND_HEARTBEAT {datanodeUUID=96a4345b-84e3-4f69-b56b-0cb9f3200145, command=[]} | ret=SUCCESS |  
2019-08-23 05:51:20,049 | INFO  | SCMAudit | user=jenkins1000 | ip=192.168.5.178 | op=SEND_HEARTBEAT {datanodeUUID=c6842691-702c-4d39-b47f-d27b1fab8f33, command=[]} | ret=SUCCESS |  
2019-08-23 05:51:20,223 | INFO  | SCMAudit | user=jenkins1000 | ip=192.168.5.178 | op=SEND_HEARTBEAT {datanodeUUID=6b30598f-e3b0-450c-bc0d-9274443a7fa0, command=[]} | ret=SUCCESS |  
2019-08-23 05:51:20,277 | INFO  | SCMAudit | user=jenkins1000 | ip=192.168.5.178 | op=SEND_HEARTBEAT {datanodeUUID=63fd8c64-0397-4420-bb2f-fd9af094cc1f, command=[]} | ret=SUCCESS |  
2019-08-23 05:51:20,718 | INFO  | SCMAudit | user=jenkins1000 | ip=192.168.5.178 | op=SEND_HEARTBEAT {datanodeUUID=564f3e1b-dc37-4d98-9518-cc9451ddb3ca, command=[]} | ret=SUCCESS |  
2019-08-23 05:51:20,718 | INFO  | SCMAudit | user=jenkins1000 | ip=192.168.5.178 | op=SEND_HEARTBEAT {datanodeUUID=d4f36997-48a6-49b8-995b-3c38d9ac3c0f, command=[]} | ret=SUCCESS |  
2019-08-23 05:51:20,744 | INFO  | SCMAudit | user=jenkins1000 | ip=192.168.5.178 | op=SEND_HEARTBEAT {datanodeUUID=9e0d48e9-795f-4679-b1bc-974fe7951c55, command=[]} | ret=SUCCESS |  
2019-08-23 05:51:20,810 [grpc-default-executor-5] INFO  client.GrpcClientProtocolClient (GrpcClientProtocolClient.java:onNext(255)) - client-DB4E080F923B->564f3e1b-dc37-4d98-9518-cc9451ddb3ca: receive RaftClientReply:client-DB4E080F923B->564f3e1b-dc37-4d98-9518-cc9451ddb3ca@group-FC65621A5432, cid=45, FAILED org.apache.ratis.protocol.NotLeaderException: Server 564f3e1b-dc37-4d98-9518-cc9451ddb3ca is not the leader (d4f36997-48a6-49b8-995b-3c38d9ac3c0f:192.168.5.178:40775). Request must be sent to leader., logIndex=0, commits[564f3e1b-dc37-4d98-9518-cc9451ddb3ca:c8, 9e0d48e9-795f-4679-b1bc-974fe7951c55:c8, d4f36997-48a6-49b8-995b-3c38d9ac3c0f:c8]
2019-08-23 05:51:20,840 | INFO  | SCMAudit | user=jenkins1000 | ip=192.168.5.178 | op=SEND_HEARTBEAT {datanodeUUID=96a4345b-84e3-4f69-b56b-0cb9f3200145, command=[]} | ret=SUCCESS |  
2019-08-23 05:51:21,050 | INFO  | SCMAudit | user=jenkins1000 | ip=192.168.5.178 | op=SEND_HEARTBEAT {datanodeUUID=c6842691-702c-4d39-b47f-d27b1fab8f33, command=[]} | ret=SUCCESS |  
2019-08-23 05:51:21,223 | INFO  | SCMAudit | user=jenkins1000 | ip=192.168.5.178 | op=SEND_HEARTBEAT {datanodeUUID=6b30598f-e3b0-450c-bc0d-9274443a7fa0, command=[]} | ret=SUCCESS |  
2019-08-23 05:51:21,278 | INFO  | SCMAudit | user=jenkins1000 | ip=192.168.5.178 | op=SEND_HEARTBEAT {datanodeUUID=63fd8c64-0397-4420-bb2f-fd9af094cc1f, command=[]} | ret=SUCCESS |  
2019-08-23 05:51:21,718 | INFO  | SCMAudit | user=jenkins1000 | ip=192.168.5.178 | op=SEND_HEARTBEAT {datanodeUUID=564f3e1b-dc37-4d98-9518-cc9451ddb3ca, command=[]} | ret=SUCCESS |  
2019-08-23 05:51:21,718 | INFO  | SCMAudit | user=jenkins1000 | ip=192.168.5.178 | op=SEND_HEARTBEAT {datanodeUUID=d4f36997-48a6-49b8-995b-3c38d9ac3c0f, command=[]} | ret=SUCCESS |  
2019-08-23 05:51:21,744 | INFO  | SCMAudit | user=jenkins1000 | ip=192.168.5.178 | op=SEND_HEARTBEAT {datanodeUUID=9e0d48e9-795f-4679-b1bc-974fe7951c55, command=[]} | ret=SUCCESS |  
2019-08-23 05:51:21,840 | INFO  | SCMAudit | user=jenkins1000 | ip=192.168.5.178 | op=SEND_HEARTBEAT {datanodeUUID=96a4345b-84e3-4f69-b56b-0cb9f3200145, command=[]} | ret=SUCCESS |  
2019-08-23 05:51:22,049 | INFO  | SCMAudit | user=jenkins1000 | ip=192.168.5.178 | op=SEND_HEARTBEAT {datanodeUUID=c6842691-702c-4d39-b47f-d27b1fab8f33, command=[]} | ret=SUCCESS |  
2019-08-23 05:51:22,223 | INFO  | SCMAudit | user=jenkins1000 | ip=192.168.5.178 | op=SEND_HEARTBEAT {datanodeUUID=6b30598f-e3b0-450c-bc0d-9274443a7fa0, command=[]} | ret=SUCCESS |  
2019-08-23 05:51:22,278 | INFO  | SCMAudit | user=jenkins1000 | ip=192.168.5.178 | op=SEND_HEARTBEAT {datanodeUUID=63fd8c64-0397-4420-bb2f-fd9af094cc1f, command=[]} | ret=SUCCESS |  
2019-08-23 05:51:22,719 | INFO  | SCMAudit | user=jenkins1000 | ip=192.168.5.178 | op=SEND_HEARTBEAT {datanodeUUID=564f3e1b-dc37-4d98-9518-cc9451ddb3ca, command=[]} | ret=SUCCESS |  
2019-08-23 05:51:22,719 | INFO  | SCMAudit | user=jenkins1000 | ip=192.168.5.178 | op=SEND_HEARTBEAT {datanodeUUID=d4f36997-48a6-49b8-995b-3c38d9ac3c0f, command=[]} | ret=SUCCESS |  
2019-08-23 05:51:22,744 | INFO  | SCMAudit | user=jenkins1000 | ip=192.168.5.178 | op=SEND_HEARTBEAT {datanodeUUID=9e0d48e9-795f-4679-b1bc-974fe7951c55, command=[]} | ret=SUCCESS |  
2019-08-23 05:51:22,841 | INFO  | SCMAudit | user=jenkins1000 | ip=192.168.5.178 | op=SEND_HEARTBEAT {datanodeUUID=96a4345b-84e3-4f69-b56b-0cb9f3200145, command=[]} | ret=SUCCESS |  
2019-08-23 05:51:23,049 | INFO  | SCMAudit | user=jenkins1000 | ip=192.168.5.178 | op=SEND_HEARTBEAT {datanodeUUID=c6842691-702c-4d39-b47f-d27b1fab8f33, command=[]} | ret=SUCCESS |  
2019-08-23 05:51:23,223 | INFO  | SCMAudit | user=jenkins1000 | ip=192.168.5.178 | op=SEND_HEARTBEAT {datanodeUUID=6b30598f-e3b0-450c-bc0d-9274443a7fa0, command=[]} | ret=SUCCESS |  
2019-08-23 05:51:23,278 | INFO  | SCMAudit | user=jenkins1000 | ip=192.168.5.178 | op=SEND_HEARTBEAT {datanodeUUID=63fd8c64-0397-4420-bb2f-fd9af094cc1f, command=[]} | ret=SUCCESS |  
2019-08-23 05:51:23,718 | INFO  | SCMAudit | user=jenkins1000 | ip=192.168.5.178 | op=SEND_HEARTBEAT {datanodeUUID=564f3e1b-dc37-4d98-9518-cc9451ddb3ca, command=[]} | ret=SUCCESS |  
2019-08-23 05:51:23,719 | INFO  | SCMAudit | user=jenkins1000 | ip=192.168.5.178 | op=SEND_HEARTBEAT {datanodeUUID=d4f36997-48a6-49b8-995b-3c38d9ac3c0f, command=[]} | ret=SUCCESS |  
2019-08-23 05:51:23,744 | INFO  | SCMAudit | user=jenkins1000 | ip=192.168.5.178 | op=SEND_HEARTBEAT {datanodeUUID=9e0d48e9-795f-4679-b1bc-974fe7951c55, command=[]} | ret=SUCCESS |  
2019-08-23 05:51:23,840 | INFO  | SCMAudit | user=jenkins1000 | ip=192.168.5.178 | op=SEND_HEARTBEAT {datanodeUUID=96a4345b-84e3-4f69-b56b-0cb9f3200145, command=[]} | ret=SUCCESS |  
2019-08-23 05:51:24,049 | INFO  | SCMAudit | user=jenkins1000 | ip=192.168.5.178 | op=SEND_HEARTBEAT {datanodeUUID=c6842691-702c-4d39-b47f-d27b1fab8f33, command=[]} | ret=SUCCESS |  
2019-08-23 05:51:24,224 | INFO  | SCMAudit | user=jenkins1000 | ip=192.168.5.178 | op=SEND_HEARTBEAT {datanodeUUID=6b30598f-e3b0-450c-bc0d-9274443a7fa0, command=[]} | ret=SUCCESS |  
2019-08-23 05:51:24,278 | INFO  | SCMAudit | user=jenkins1000 | ip=192.168.5.178 | op=SEND_HEARTBEAT {datanodeUUID=63fd8c64-0397-4420-bb2f-fd9af094cc1f, command=[]} | ret=SUCCESS |  
2019-08-23 05:51:24,718 | INFO  | SCMAudit | user=jenkins1000 | ip=192.168.5.178 | op=SEND_HEARTBEAT {datanodeUUID=564f3e1b-dc37-4d98-9518-cc9451ddb3ca, command=[]} | ret=SUCCESS |  
2019-08-23 05:51:24,719 | INFO  | SCMAudit | user=jenkins1000 | ip=192.168.5.178 | op=SEND_HEARTBEAT {datanodeUUID=d4f36997-48a6-49b8-995b-3c38d9ac3c0f, command=[]} | ret=SUCCESS |  
2019-08-23 05:51:24,744 | INFO  | SCMAudit | user=jenkins1000 | ip=192.168.5.178 | op=SEND_HEARTBEAT {datanodeUUID=9e0d48e9-795f-4679-b1bc-974fe7951c55, command=[]} | ret=SUCCESS |  
2019-08-23 05:51:24,841 | INFO  | SCMAudit | user=jenkins1000 | ip=192.168.5.178 | op=SEND_HEARTBEAT {datanodeUUID=96a4345b-84e3-4f69-b56b-0cb9f3200145, command=[]} | ret=SUCCESS |  
2019-08-23 05:51:25,050 | INFO  | SCMAudit | user=jenkins1000 | ip=192.168.5.178 | op=SEND_HEARTBEAT {datanodeUUID=c6842691-702c-4d39-b47f-d27b1fab8f33, command=[]} | ret=SUCCESS |  
2019-08-23 05:51:25,224 | INFO  | SCMAudit | user=jenkins1000 | ip=192.168.5.178 | op=SEND_HEARTBEAT {datanodeUUID=6b30598f-e3b0-450c-bc0d-9274443a7fa0, command=[]} | ret=SUCCESS |  
2019-08-23 05:51:25,278 | INFO  | SCMAudit | user=jenkins1000 | ip=192.168.5.178 | op=SEND_HEARTBEAT {datanodeUUID=63fd8c64-0397-4420-bb2f-fd9af094cc1f, command=[]} | ret=SUCCESS |  
2019-08-23 05:51:25,718 | INFO  | SCMAudit | user=jenkins1000 | ip=192.168.5.178 | op=SEND_HEARTBEAT {datanodeUUID=564f3e1b-dc37-4d98-9518-cc9451ddb3ca, command=[]} | ret=SUCCESS |  
2019-08-23 05:51:25,719 | INFO  | SCMAudit | user=jenkins1000 | ip=192.168.5.178 | op=SEND_HEARTBEAT {datanodeUUID=d4f36997-48a6-49b8-995b-3c38d9ac3c0f, command=[]} | ret=SUCCESS |  
2019-08-23 05:51:25,744 | INFO  | SCMAudit | user=jenkins1000 | ip=192.168.5.178 | op=SEND_HEARTBEAT {datanodeUUID=9e0d48e9-795f-4679-b1bc-974fe7951c55, command=[]} | ret=SUCCESS |  
2019-08-23 05:51:25,841 | INFO  | SCMAudit | user=jenkins1000 | ip=192.168.5.178 | op=SEND_HEARTBEAT {datanodeUUID=96a4345b-84e3-4f69-b56b-0cb9f3200145, command=[]} | ret=SUCCESS |  
2019-08-23 05:51:25,858 [grpc-default-executor-4] INFO  client.GrpcClientProtocolClient (GrpcClientProtocolClient.java:onNext(255)) - client-DB4E080F923B->9e0d48e9-795f-4679-b1bc-974fe7951c55: receive RaftClientReply:client-DB4E080F923B->9e0d48e9-795f-4679-b1bc-974fe7951c55@group-FC65621A5432, cid=45, FAILED org.apache.ratis.protocol.NotLeaderException: Server 9e0d48e9-795f-4679-b1bc-974fe7951c55 is not the leader (d4f36997-48a6-49b8-995b-3c38d9ac3c0f:192.168.5.178:40775). Request must be sent to leader., logIndex=0, commits[9e0d48e9-795f-4679-b1bc-974fe7951c55:c8, 564f3e1b-dc37-4d98-9518-cc9451ddb3ca:c8, d4f36997-48a6-49b8-995b-3c38d9ac3c0f:c8]
2019-08-23 05:51:26,049 | INFO  | SCMAudit | user=jenkins1000 | ip=192.168.5.178 | op=SEND_HEARTBEAT {datanodeUUID=c6842691-702c-4d39-b47f-d27b1fab8f33, command=[]} | ret=SUCCESS |  
2019-08-23 05:51:26,224 | INFO  | SCMAudit | user=jenkins1000 | ip=192.168.5.178 | op=SEND_HEARTBEAT {datanodeUUID=6b30598f-e3b0-450c-bc0d-9274443a7fa0, command=[]} | ret=SUCCESS |  
2019-08-23 05:51:26,278 | INFO  | SCMAudit | user=jenkins1000 | ip=192.168.5.178 | op=SEND_HEARTBEAT {datanodeUUID=63fd8c64-0397-4420-bb2f-fd9af094cc1f, command=[]} | ret=SUCCESS |  
2019-08-23 05:51:26,718 | INFO  | SCMAudit | user=jenkins1000 | ip=192.168.5.178 | op=SEND_HEARTBEAT {datanodeUUID=564f3e1b-dc37-4d98-9518-cc9451ddb3ca, command=[]} | ret=SUCCESS |  
2019-08-23 05:51:26,719 | INFO  | SCMAudit | user=jenkins1000 | ip=192.168.5.178 | op=SEND_HEARTBEAT {datanodeUUID=d4f36997-48a6-49b8-995b-3c38d9ac3c0f, command=[]} | ret=SUCCESS |  
2019-08-23 05:51:26,743 | INFO  | SCMAudit | user=jenkins1000 | ip=192.168.5.178 | op=SEND_HEARTBEAT {datanodeUUID=9e0d48e9-795f-4679-b1bc-974fe7951c55, command=[]} | ret=SUCCESS |  
2019-08-23 05:51:26,841 | INFO  | SCMAudit | user=jenkins1000 | ip=192.168.5.178 | op=SEND_HEARTBEAT {datanodeUUID=96a4345b-84e3-4f69-b56b-0cb9f3200145, command=[]} | ret=SUCCESS |  
2019-08-23 05:51:27,049 | INFO  | SCMAudit | user=jenkins1000 | ip=192.168.5.178 | op=SEND_HEARTBEAT {datanodeUUID=c6842691-702c-4d39-b47f-d27b1fab8f33, command=[]} | ret=SUCCESS |  
2019-08-23 05:51:27,224 | INFO  | SCMAudit | user=jenkins1000 | ip=192.168.5.178 | op=SEND_HEARTBEAT {datanodeUUID=6b30598f-e3b0-450c-bc0d-9274443a7fa0, command=[]} | ret=SUCCESS |  
2019-08-23 05:51:27,278 | INFO  | SCMAudit | user=jenkins1000 | ip=192.168.5.178 | op=SEND_HEARTBEAT {datanodeUUID=63fd8c64-0397-4420-bb2f-fd9af094cc1f, command=[]} | ret=SUCCESS |  
2019-08-23 05:51:27,718 | INFO  | SCMAudit | user=jenkins1000 | ip=192.168.5.178 | op=SEND_HEARTBEAT {datanodeUUID=564f3e1b-dc37-4d98-9518-cc9451ddb3ca, command=[]} | ret=SUCCESS |  
2019-08-23 05:51:27,719 | INFO  | SCMAudit | user=jenkins1000 | ip=192.168.5.178 | op=SEND_HEARTBEAT {datanodeUUID=d4f36997-48a6-49b8-995b-3c38d9ac3c0f, command=[]} | ret=SUCCESS |  
2019-08-23 05:51:27,744 | INFO  | SCMAudit | user=jenkins1000 | ip=192.168.5.178 | op=SEND_HEARTBEAT {datanodeUUID=9e0d48e9-795f-4679-b1bc-974fe7951c55, command=[]} | ret=SUCCESS |  
2019-08-23 05:51:27,841 | INFO  | SCMAudit | user=jenkins1000 | ip=192.168.5.178 | op=SEND_HEARTBEAT {datanodeUUID=96a4345b-84e3-4f69-b56b-0cb9f3200145, command=[]} | ret=SUCCESS |  
2019-08-23 05:51:28,049 | INFO  | SCMAudit | user=jenkins1000 | ip=192.168.5.178 | op=SEND_HEARTBEAT {datanodeUUID=c6842691-702c-4d39-b47f-d27b1fab8f33, command=[]} | ret=SUCCESS |  
2019-08-23 05:51:28,224 | INFO  | SCMAudit | user=jenkins1000 | ip=192.168.5.178 | op=SEND_HEARTBEAT {datanodeUUID=6b30598f-e3b0-450c-bc0d-9274443a7fa0, command=[]} | ret=SUCCESS |  
2019-08-23 05:51:28,278 | INFO  | SCMAudit | user=jenkins1000 | ip=192.168.5.178 | op=SEND_HEARTBEAT {datanodeUUID=63fd8c64-0397-4420-bb2f-fd9af094cc1f, command=[]} | ret=SUCCESS |  
2019-08-23 05:51:28,718 | INFO  | SCMAudit | user=jenkins1000 | ip=192.168.5.178 | op=SEND_HEARTBEAT {datanodeUUID=564f3e1b-dc37-4d98-9518-cc9451ddb3ca, command=[]} | ret=SUCCESS |  
2019-08-23 05:51:28,720 | INFO  | SCMAudit | user=jenkins1000 | ip=192.168.5.178 | op=SEND_HEARTBEAT {datanodeUUID=d4f36997-48a6-49b8-995b-3c38d9ac3c0f, command=[]} | ret=SUCCESS |  
2019-08-23 05:51:28,744 | INFO  | SCMAudit | user=jenkins1000 | ip=192.168.5.178 | op=SEND_HEARTBEAT {datanodeUUID=9e0d48e9-795f-4679-b1bc-974fe7951c55, command=[]} | ret=SUCCESS |  
2019-08-23 05:51:28,841 | INFO  | SCMAudit | user=jenkins1000 | ip=192.168.5.178 | op=SEND_HEARTBEAT {datanodeUUID=96a4345b-84e3-4f69-b56b-0cb9f3200145, command=[]} | ret=SUCCESS |  
2019-08-23 05:51:29,049 | INFO  | SCMAudit | user=jenkins1000 | ip=192.168.5.178 | op=SEND_HEARTBEAT {datanodeUUID=c6842691-702c-4d39-b47f-d27b1fab8f33, command=[]} | ret=SUCCESS |  
2019-08-23 05:51:29,224 | INFO  | SCMAudit | user=jenkins1000 | ip=192.168.5.178 | op=SEND_HEARTBEAT {datanodeUUID=6b30598f-e3b0-450c-bc0d-9274443a7fa0, command=[]} | ret=SUCCESS |  
2019-08-23 05:51:29,278 | INFO  | SCMAudit | user=jenkins1000 | ip=192.168.5.178 | op=SEND_HEARTBEAT {datanodeUUID=63fd8c64-0397-4420-bb2f-fd9af094cc1f, command=[]} | ret=SUCCESS |  
2019-08-23 05:51:29,718 | INFO  | SCMAudit | user=jenkins1000 | ip=192.168.5.178 | op=SEND_HEARTBEAT {datanodeUUID=564f3e1b-dc37-4d98-9518-cc9451ddb3ca, command=[]} | ret=SUCCESS |  
2019-08-23 05:51:29,720 | INFO  | SCMAudit | user=jenkins1000 | ip=192.168.5.178 | op=SEND_HEARTBEAT {datanodeUUID=d4f36997-48a6-49b8-995b-3c38d9ac3c0f, command=[]} | ret=SUCCESS |  
2019-08-23 05:51:29,744 | INFO  | SCMAudit | user=jenkins1000 | ip=192.168.5.178 | op=SEND_HEARTBEAT {datanodeUUID=9e0d48e9-795f-4679-b1bc-974fe7951c55, command=[]} | ret=SUCCESS |  
2019-08-23 05:51:29,841 | INFO  | SCMAudit | user=jenkins1000 | ip=192.168.5.178 | op=SEND_HEARTBEAT {datanodeUUID=96a4345b-84e3-4f69-b56b-0cb9f3200145, command=[]} | ret=SUCCESS |  
2019-08-23 05:51:30,049 | INFO  | SCMAudit | user=jenkins1000 | ip=192.168.5.178 | op=SEND_HEARTBEAT {datanodeUUID=c6842691-702c-4d39-b47f-d27b1fab8f33, command=[]} | ret=SUCCESS |  
2019-08-23 05:51:30,225 | INFO  | SCMAudit | user=jenkins1000 | ip=192.168.5.178 | op=SEND_HEARTBEAT {datanodeUUID=6b30598f-e3b0-450c-bc0d-9274443a7fa0, command=[]} | ret=SUCCESS |  
2019-08-23 05:51:30,278 | INFO  | SCMAudit | user=jenkins1000 | ip=192.168.5.178 | op=SEND_HEARTBEAT {datanodeUUID=63fd8c64-0397-4420-bb2f-fd9af094cc1f, command=[]} | ret=SUCCESS |  
2019-08-23 05:51:30,719 | INFO  | SCMAudit | user=jenkins1000 | ip=192.168.5.178 | op=SEND_HEARTBEAT {datanodeUUID=564f3e1b-dc37-4d98-9518-cc9451ddb3ca, command=[]} | ret=SUCCESS |  
2019-08-23 05:51:30,720 | INFO  | SCMAudit | user=jenkins1000 | ip=192.168.5.178 | op=SEND_HEARTBEAT {datanodeUUID=d4f36997-48a6-49b8-995b-3c38d9ac3c0f, command=[]} | ret=SUCCESS |  
2019-08-23 05:51:30,744 | INFO  | SCMAudit | user=jenkins1000 | ip=192.168.5.178 | op=SEND_HEARTBEAT {datanodeUUID=9e0d48e9-795f-4679-b1bc-974fe7951c55, command=[]} | ret=SUCCESS |  
2019-08-23 05:51:30,841 | INFO  | SCMAudit | user=jenkins1000 | ip=192.168.5.178 | op=SEND_HEARTBEAT {datanodeUUID=96a4345b-84e3-4f69-b56b-0cb9f3200145, command=[]} | ret=SUCCESS |  
2019-08-23 05:51:30,893 [grpc-default-executor-5] INFO  client.GrpcClientProtocolClient (GrpcClientProtocolClient.java:onNext(255)) - client-DB4E080F923B->9e0d48e9-795f-4679-b1bc-974fe7951c55: receive RaftClientReply:client-DB4E080F923B->9e0d48e9-795f-4679-b1bc-974fe7951c55@group-FC65621A5432, cid=45, FAILED org.apache.ratis.protocol.NotLeaderException: Server 9e0d48e9-795f-4679-b1bc-974fe7951c55 is not the leader (d4f36997-48a6-49b8-995b-3c38d9ac3c0f:192.168.5.178:40775). Request must be sent to leader., logIndex=0, commits[9e0d48e9-795f-4679-b1bc-974fe7951c55:c8, 564f3e1b-dc37-4d98-9518-cc9451ddb3ca:c8, d4f36997-48a6-49b8-995b-3c38d9ac3c0f:c8]
2019-08-23 05:51:31,049 | INFO  | SCMAudit | user=jenkins1000 | ip=192.168.5.178 | op=SEND_HEARTBEAT {datanodeUUID=c6842691-702c-4d39-b47f-d27b1fab8f33, command=[]} | ret=SUCCESS |  
2019-08-23 05:51:31,225 | INFO  | SCMAudit | user=jenkins1000 | ip=192.168.5.178 | op=SEND_HEARTBEAT {datanodeUUID=6b30598f-e3b0-450c-bc0d-9274443a7fa0, command=[]} | ret=SUCCESS |  
2019-08-23 05:51:31,278 | INFO  | SCMAudit | user=jenkins1000 | ip=192.168.5.178 | op=SEND_HEARTBEAT {datanodeUUID=63fd8c64-0397-4420-bb2f-fd9af094cc1f, command=[]} | ret=SUCCESS |  
2019-08-23 05:51:31,718 | INFO  | SCMAudit | user=jenkins1000 | ip=192.168.5.178 | op=SEND_HEARTBEAT {datanodeUUID=564f3e1b-dc37-4d98-9518-cc9451ddb3ca, command=[]} | ret=SUCCESS |  
2019-08-23 05:51:31,720 | INFO  | SCMAudit | user=jenkins1000 | ip=192.168.5.178 | op=SEND_HEARTBEAT {datanodeUUID=d4f36997-48a6-49b8-995b-3c38d9ac3c0f, command=[]} | ret=SUCCESS |  
2019-08-23 05:51:31,744 | INFO  | SCMAudit | user=jenkins1000 | ip=192.168.5.178 | op=SEND_HEARTBEAT {datanodeUUID=9e0d48e9-795f-4679-b1bc-974fe7951c55, command=[]} | ret=SUCCESS |  
2019-08-23 05:51:31,841 | INFO  | SCMAudit | user=jenkins1000 | ip=192.168.5.178 | op=SEND_HEARTBEAT {datanodeUUID=96a4345b-84e3-4f69-b56b-0cb9f3200145, command=[]} | ret=SUCCESS |  
2019-08-23 05:51:32,049 | INFO  | SCMAudit | user=jenkins1000 | ip=192.168.5.178 | op=SEND_HEARTBEAT {datanodeUUID=c6842691-702c-4d39-b47f-d27b1fab8f33, command=[]} | ret=SUCCESS |  
2019-08-23 05:51:32,225 | INFO  | SCMAudit | user=jenkins1000 | ip=192.168.5.178 | op=SEND_HEARTBEAT {datanodeUUID=6b30598f-e3b0-450c-bc0d-9274443a7fa0, command=[]} | ret=SUCCESS |  
2019-08-23 05:51:32,278 | INFO  | SCMAudit | user=jenkins1000 | ip=192.168.5.178 | op=SEND_HEARTBEAT {datanodeUUID=63fd8c64-0397-4420-bb2f-fd9af094cc1f, command=[]} | ret=SUCCESS |  
2019-08-23 05:51:32,718 | INFO  | SCMAudit | user=jenkins1000 | ip=192.168.5.178 | op=SEND_HEARTBEAT {datanodeUUID=564f3e1b-dc37-4d98-9518-cc9451ddb3ca, command=[]} | ret=SUCCESS |  
2019-08-23 05:51:32,720 | INFO  | SCMAudit | user=jenkins1000 | ip=192.168.5.178 | op=SEND_HEARTBEAT {datanodeUUID=d4f36997-48a6-49b8-995b-3c38d9ac3c0f, command=[]} | ret=SUCCESS |  
2019-08-23 05:51:32,744 | INFO  | SCMAudit | user=jenkins1000 | ip=192.168.5.178 | op=SEND_HEARTBEAT {datanodeUUID=9e0d48e9-795f-4679-b1bc-974fe7951c55, command=[]} | ret=SUCCESS |  
2019-08-23 05:51:32,841 | INFO  | SCMAudit | user=jenkins1000 | ip=192.168.5.178 | op=SEND_HEARTBEAT {datanodeUUID=96a4345b-84e3-4f69-b56b-0cb9f3200145, command=[]} | ret=SUCCESS |  
2019-08-23 05:51:33,049 | INFO  | SCMAudit | user=jenkins1000 | ip=192.168.5.178 | op=SEND_HEARTBEAT {datanodeUUID=c6842691-702c-4d39-b47f-d27b1fab8f33, command=[]} | ret=SUCCESS |  
2019-08-23 05:51:33,225 | INFO  | SCMAudit | user=jenkins1000 | ip=192.168.5.178 | op=SEND_HEARTBEAT {datanodeUUID=6b30598f-e3b0-450c-bc0d-9274443a7fa0, command=[]} | ret=SUCCESS |  
2019-08-23 05:51:33,278 | INFO  | SCMAudit | user=jenkins1000 | ip=192.168.5.178 | op=SEND_HEARTBEAT {datanodeUUID=63fd8c64-0397-4420-bb2f-fd9af094cc1f, command=[]} | ret=SUCCESS |  
2019-08-23 05:51:33,718 | INFO  | SCMAudit | user=jenkins1000 | ip=192.168.5.178 | op=SEND_HEARTBEAT {datanodeUUID=564f3e1b-dc37-4d98-9518-cc9451ddb3ca, command=[]} | ret=SUCCESS |  
2019-08-23 05:51:33,719 | INFO  | SCMAudit | user=jenkins1000 | ip=192.168.5.178 | op=SEND_HEARTBEAT {datanodeUUID=d4f36997-48a6-49b8-995b-3c38d9ac3c0f, command=[]} | ret=SUCCESS |  
2019-08-23 05:51:33,744 | INFO  | SCMAudit | user=jenkins1000 | ip=192.168.5.178 | op=SEND_HEARTBEAT {datanodeUUID=9e0d48e9-795f-4679-b1bc-974fe7951c55, command=[]} | ret=SUCCESS |  
2019-08-23 05:51:33,841 | INFO  | SCMAudit | user=jenkins1000 | ip=192.168.5.178 | op=SEND_HEARTBEAT {datanodeUUID=96a4345b-84e3-4f69-b56b-0cb9f3200145, command=[]} | ret=SUCCESS |  
2019-08-23 05:51:34,049 | INFO  | SCMAudit | user=jenkins1000 | ip=192.168.5.178 | op=SEND_HEARTBEAT {datanodeUUID=c6842691-702c-4d39-b47f-d27b1fab8f33, command=[]} | ret=SUCCESS |  
2019-08-23 05:51:34,225 | INFO  | SCMAudit | user=jenkins1000 | ip=192.168.5.178 | op=SEND_HEARTBEAT {datanodeUUID=6b30598f-e3b0-450c-bc0d-9274443a7fa0, command=[]} | ret=SUCCESS |  
2019-08-23 05:51:34,278 | INFO  | SCMAudit | user=jenkins1000 | ip=192.168.5.178 | op=SEND_HEARTBEAT {datanodeUUID=63fd8c64-0397-4420-bb2f-fd9af094cc1f, command=[]} | ret=SUCCESS |  
2019-08-23 05:51:34,720 | INFO  | SCMAudit | user=jenkins1000 | ip=192.168.5.178 | op=SEND_HEARTBEAT {datanodeUUID=564f3e1b-dc37-4d98-9518-cc9451ddb3ca, command=[]} | ret=SUCCESS |  
2019-08-23 05:51:34,721 | INFO  | SCMAudit | user=jenkins1000 | ip=192.168.5.178 | op=SEND_HEARTBEAT {datanodeUUID=d4f36997-48a6-49b8-995b-3c38d9ac3c0f, command=[]} | ret=SUCCESS |  
2019-08-23 05:51:34,744 | INFO  | SCMAudit | user=jenkins1000 | ip=192.168.5.178 | op=SEND_HEARTBEAT {datanodeUUID=9e0d48e9-795f-4679-b1bc-974fe7951c55, command=[]} | ret=SUCCESS |  
2019-08-23 05:51:34,841 | INFO  | SCMAudit | user=jenkins1000 | ip=192.168.5.178 | op=SEND_HEARTBEAT {datanodeUUID=96a4345b-84e3-4f69-b56b-0cb9f3200145, command=[]} | ret=SUCCESS |  
2019-08-23 05:51:35,049 | INFO  | SCMAudit | user=jenkins1000 | ip=192.168.5.178 | op=SEND_HEARTBEAT {datanodeUUID=c6842691-702c-4d39-b47f-d27b1fab8f33, command=[]} | ret=SUCCESS |  
2019-08-23 05:51:35,225 | INFO  | SCMAudit | user=jenkins1000 | ip=192.168.5.178 | op=SEND_HEARTBEAT {datanodeUUID=6b30598f-e3b0-450c-bc0d-9274443a7fa0, command=[]} | ret=SUCCESS |  
2019-08-23 05:51:35,278 | INFO  | SCMAudit | user=jenkins1000 | ip=192.168.5.178 | op=SEND_HEARTBEAT {datanodeUUID=63fd8c64-0397-4420-bb2f-fd9af094cc1f, command=[]} | ret=SUCCESS |  
2019-08-23 05:51:35,720 | INFO  | SCMAudit | user=jenkins1000 | ip=192.168.5.178 | op=SEND_HEARTBEAT {datanodeUUID=564f3e1b-dc37-4d98-9518-cc9451ddb3ca, command=[]} | ret=SUCCESS |  
2019-08-23 05:51:35,721 | INFO  | SCMAudit | user=jenkins1000 | ip=192.168.5.178 | op=SEND_HEARTBEAT {datanodeUUID=d4f36997-48a6-49b8-995b-3c38d9ac3c0f, command=[]} | ret=SUCCESS |  
2019-08-23 05:51:35,744 | INFO  | SCMAudit | user=jenkins1000 | ip=192.168.5.178 | op=SEND_HEARTBEAT {datanodeUUID=9e0d48e9-795f-4679-b1bc-974fe7951c55, command=[]} | ret=SUCCESS |  
2019-08-23 05:51:35,841 | INFO  | SCMAudit | user=jenkins1000 | ip=192.168.5.178 | op=SEND_HEARTBEAT {datanodeUUID=96a4345b-84e3-4f69-b56b-0cb9f3200145, command=[]} | ret=SUCCESS |  
2019-08-23 05:51:35,939 [grpc-default-executor-5] INFO  client.GrpcClientProtocolClient (GrpcClientProtocolClient.java:onNext(255)) - client-DB4E080F923B->9e0d48e9-795f-4679-b1bc-974fe7951c55: receive RaftClientReply:client-DB4E080F923B->9e0d48e9-795f-4679-b1bc-974fe7951c55@group-FC65621A5432, cid=45, FAILED org.apache.ratis.protocol.NotLeaderException: Server 9e0d48e9-795f-4679-b1bc-974fe7951c55 is not the leader (d4f36997-48a6-49b8-995b-3c38d9ac3c0f:192.168.5.178:40775). Request must be sent to leader., logIndex=0, commits[9e0d48e9-795f-4679-b1bc-974fe7951c55:c8, 564f3e1b-dc37-4d98-9518-cc9451ddb3ca:c8, d4f36997-48a6-49b8-995b-3c38d9ac3c0f:c8]
2019-08-23 05:51:36,050 | INFO  | SCMAudit | user=jenkins1000 | ip=192.168.5.178 | op=SEND_HEARTBEAT {datanodeUUID=c6842691-702c-4d39-b47f-d27b1fab8f33, command=[]} | ret=SUCCESS |  
2019-08-23 05:51:36,225 | INFO  | SCMAudit | user=jenkins1000 | ip=192.168.5.178 | op=SEND_HEARTBEAT {datanodeUUID=6b30598f-e3b0-450c-bc0d-9274443a7fa0, command=[]} | ret=SUCCESS |  
2019-08-23 05:51:36,278 | INFO  | SCMAudit | user=jenkins1000 | ip=192.168.5.178 | op=SEND_HEARTBEAT {datanodeUUID=63fd8c64-0397-4420-bb2f-fd9af094cc1f, command=[]} | ret=SUCCESS |  
2019-08-23 05:51:36,720 | INFO  | SCMAudit | user=jenkins1000 | ip=192.168.5.178 | op=SEND_HEARTBEAT {datanodeUUID=564f3e1b-dc37-4d98-9518-cc9451ddb3ca, command=[]} | ret=SUCCESS |  
2019-08-23 05:51:36,721 | INFO  | SCMAudit | user=jenkins1000 | ip=192.168.5.178 | op=SEND_HEARTBEAT {datanodeUUID=d4f36997-48a6-49b8-995b-3c38d9ac3c0f, command=[]} | ret=SUCCESS |  
2019-08-23 05:51:36,744 | INFO  | SCMAudit | user=jenkins1000 | ip=192.168.5.178 | op=SEND_HEARTBEAT {datanodeUUID=9e0d48e9-795f-4679-b1bc-974fe7951c55, command=[]} | ret=SUCCESS |  
2019-08-23 05:51:36,842 | INFO  | SCMAudit | user=jenkins1000 | ip=192.168.5.178 | op=SEND_HEARTBEAT {datanodeUUID=96a4345b-84e3-4f69-b56b-0cb9f3200145, command=[]} | ret=SUCCESS |  
2019-08-23 05:51:37,050 | INFO  | SCMAudit | user=jenkins1000 | ip=192.168.5.178 | op=SEND_HEARTBEAT {datanodeUUID=c6842691-702c-4d39-b47f-d27b1fab8f33, command=[]} | ret=SUCCESS |  
2019-08-23 05:51:37,225 | INFO  | SCMAudit | user=jenkins1000 | ip=192.168.5.178 | op=SEND_HEARTBEAT {datanodeUUID=6b30598f-e3b0-450c-bc0d-9274443a7fa0, command=[]} | ret=SUCCESS |  
2019-08-23 05:51:37,278 | INFO  | SCMAudit | user=jenkins1000 | ip=192.168.5.178 | op=SEND_HEARTBEAT {datanodeUUID=63fd8c64-0397-4420-bb2f-fd9af094cc1f, command=[]} | ret=SUCCESS |  
2019-08-23 05:51:37,720 | INFO  | SCMAudit | user=jenkins1000 | ip=192.168.5.178 | op=SEND_HEARTBEAT {datanodeUUID=564f3e1b-dc37-4d98-9518-cc9451ddb3ca, command=[]} | ret=SUCCESS |  
2019-08-23 05:51:37,720 | INFO  | SCMAudit | user=jenkins1000 | ip=192.168.5.178 | op=SEND_HEARTBEAT {datanodeUUID=d4f36997-48a6-49b8-995b-3c38d9ac3c0f, command=[]} | ret=SUCCESS |  
2019-08-23 05:51:37,745 | INFO  | SCMAudit | user=jenkins1000 | ip=192.168.5.178 | op=SEND_HEARTBEAT {datanodeUUID=9e0d48e9-795f-4679-b1bc-974fe7951c55, command=[]} | ret=SUCCESS |  
2019-08-23 05:51:37,842 | INFO  | SCMAudit | user=jenkins1000 | ip=192.168.5.178 | op=SEND_HEARTBEAT {datanodeUUID=96a4345b-84e3-4f69-b56b-0cb9f3200145, command=[]} | ret=SUCCESS |  
2019-08-23 05:51:38,050 | INFO  | SCMAudit | user=jenkins1000 | ip=192.168.5.178 | op=SEND_HEARTBEAT {datanodeUUID=c6842691-702c-4d39-b47f-d27b1fab8f33, command=[]} | ret=SUCCESS |  
2019-08-23 05:51:38,225 | INFO  | SCMAudit | user=jenkins1000 | ip=192.168.5.178 | op=SEND_HEARTBEAT {datanodeUUID=6b30598f-e3b0-450c-bc0d-9274443a7fa0, command=[]} | ret=SUCCESS |  
2019-08-23 05:51:38,281 | INFO  | SCMAudit | user=jenkins1000 | ip=192.168.5.178 | op=SEND_HEARTBEAT {datanodeUUID=63fd8c64-0397-4420-bb2f-fd9af094cc1f, command=[]} | ret=SUCCESS |  
2019-08-23 05:51:38,720 | INFO  | SCMAudit | user=jenkins1000 | ip=192.168.5.178 | op=SEND_HEARTBEAT {datanodeUUID=564f3e1b-dc37-4d98-9518-cc9451ddb3ca, command=[]} | ret=SUCCESS |  
2019-08-23 05:51:38,720 | INFO  | SCMAudit | user=jenkins1000 | ip=192.168.5.178 | op=SEND_HEARTBEAT {datanodeUUID=d4f36997-48a6-49b8-995b-3c38d9ac3c0f, command=[]} | ret=SUCCESS |  
2019-08-23 05:51:38,745 | INFO  | SCMAudit | user=jenkins1000 | ip=192.168.5.178 | op=SEND_HEARTBEAT {datanodeUUID=9e0d48e9-795f-4679-b1bc-974fe7951c55, command=[]} | ret=SUCCESS |  
2019-08-23 05:51:38,843 | INFO  | SCMAudit | user=jenkins1000 | ip=192.168.5.178 | op=SEND_HEARTBEAT {datanodeUUID=96a4345b-84e3-4f69-b56b-0cb9f3200145, command=[]} | ret=SUCCESS |  
2019-08-23 05:51:39,050 | INFO  | SCMAudit | user=jenkins1000 | ip=192.168.5.178 | op=SEND_HEARTBEAT {datanodeUUID=c6842691-702c-4d39-b47f-d27b1fab8f33, command=[]} | ret=SUCCESS |  
2019-08-23 05:51:39,225 | INFO  | SCMAudit | user=jenkins1000 | ip=192.168.5.178 | op=SEND_HEARTBEAT {datanodeUUID=6b30598f-e3b0-450c-bc0d-9274443a7fa0, command=[]} | ret=SUCCESS |  
2019-08-23 05:51:39,278 | INFO  | SCMAudit | user=jenkins1000 | ip=192.168.5.178 | op=SEND_HEARTBEAT {datanodeUUID=63fd8c64-0397-4420-bb2f-fd9af094cc1f, command=[]} | ret=SUCCESS |  
2019-08-23 05:51:39,720 | INFO  | SCMAudit | user=jenkins1000 | ip=192.168.5.178 | op=SEND_HEARTBEAT {datanodeUUID=564f3e1b-dc37-4d98-9518-cc9451ddb3ca, command=[]} | ret=SUCCESS |  
2019-08-23 05:51:39,721 | INFO  | SCMAudit | user=jenkins1000 | ip=192.168.5.178 | op=SEND_HEARTBEAT {datanodeUUID=d4f36997-48a6-49b8-995b-3c38d9ac3c0f, command=[]} | ret=SUCCESS |  
2019-08-23 05:51:39,745 | INFO  | SCMAudit | user=jenkins1000 | ip=192.168.5.178 | op=SEND_HEARTBEAT {datanodeUUID=9e0d48e9-795f-4679-b1bc-974fe7951c55, command=[]} | ret=SUCCESS |  
2019-08-23 05:51:39,842 | INFO  | SCMAudit | user=jenkins1000 | ip=192.168.5.178 | op=SEND_HEARTBEAT {datanodeUUID=96a4345b-84e3-4f69-b56b-0cb9f3200145, command=[]} | ret=SUCCESS |  
2019-08-23 05:51:40,050 | INFO  | SCMAudit | user=jenkins1000 | ip=192.168.5.178 | op=SEND_HEARTBEAT {datanodeUUID=c6842691-702c-4d39-b47f-d27b1fab8f33, command=[]} | ret=SUCCESS |  
2019-08-23 05:51:40,225 | INFO  | SCMAudit | user=jenkins1000 | ip=192.168.5.178 | op=SEND_HEARTBEAT {datanodeUUID=6b30598f-e3b0-450c-bc0d-9274443a7fa0, command=[]} | ret=SUCCESS |  
2019-08-23 05:51:40,278 | INFO  | SCMAudit | user=jenkins1000 | ip=192.168.5.178 | op=SEND_HEARTBEAT {datanodeUUID=63fd8c64-0397-4420-bb2f-fd9af094cc1f, command=[]} | ret=SUCCESS |  
2019-08-23 05:51:40,720 | INFO  | SCMAudit | user=jenkins1000 | ip=192.168.5.178 | op=SEND_HEARTBEAT {datanodeUUID=564f3e1b-dc37-4d98-9518-cc9451ddb3ca, command=[]} | ret=SUCCESS |  
2019-08-23 05:51:40,721 | INFO  | SCMAudit | user=jenkins1000 | ip=192.168.5.178 | op=SEND_HEARTBEAT {datanodeUUID=d4f36997-48a6-49b8-995b-3c38d9ac3c0f, command=[]} | ret=SUCCESS |  
2019-08-23 05:51:40,745 | INFO  | SCMAudit | user=jenkins1000 | ip=192.168.5.178 | op=SEND_HEARTBEAT {datanodeUUID=9e0d48e9-795f-4679-b1bc-974fe7951c55, command=[]} | ret=SUCCESS |  
2019-08-23 05:51:40,843 | INFO  | SCMAudit | user=jenkins1000 | ip=192.168.5.178 | op=SEND_HEARTBEAT {datanodeUUID=96a4345b-84e3-4f69-b56b-0cb9f3200145, command=[]} | ret=SUCCESS |  
2019-08-23 05:51:40,986 [grpc-default-executor-1] INFO  client.GrpcClientProtocolClient (GrpcClientProtocolClient.java:onNext(255)) - client-DB4E080F923B->564f3e1b-dc37-4d98-9518-cc9451ddb3ca: receive RaftClientReply:client-DB4E080F923B->564f3e1b-dc37-4d98-9518-cc9451ddb3ca@group-FC65621A5432, cid=45, FAILED org.apache.ratis.protocol.NotLeaderException: Server 564f3e1b-dc37-4d98-9518-cc9451ddb3ca is not the leader (d4f36997-48a6-49b8-995b-3c38d9ac3c0f:192.168.5.178:40775). Request must be sent to leader., logIndex=0, commits[564f3e1b-dc37-4d98-9518-cc9451ddb3ca:c8, 9e0d48e9-795f-4679-b1bc-974fe7951c55:c8, d4f36997-48a6-49b8-995b-3c38d9ac3c0f:c8]
2019-08-23 05:51:41,051 | INFO  | SCMAudit | user=jenkins1000 | ip=192.168.5.178 | op=SEND_HEARTBEAT {datanodeUUID=c6842691-702c-4d39-b47f-d27b1fab8f33, command=[]} | ret=SUCCESS |  
2019-08-23 05:51:41,225 | INFO  | SCMAudit | user=jenkins1000 | ip=192.168.5.178 | op=SEND_HEARTBEAT {datanodeUUID=6b30598f-e3b0-450c-bc0d-9274443a7fa0, command=[]} | ret=SUCCESS |  
2019-08-23 05:51:41,278 | INFO  | SCMAudit | user=jenkins1000 | ip=192.168.5.178 | op=SEND_HEARTBEAT {datanodeUUID=63fd8c64-0397-4420-bb2f-fd9af094cc1f, command=[]} | ret=SUCCESS |  
2019-08-23 05:51:41,720 | INFO  | SCMAudit | user=jenkins1000 | ip=192.168.5.178 | op=SEND_HEARTBEAT {datanodeUUID=564f3e1b-dc37-4d98-9518-cc9451ddb3ca, command=[]} | ret=SUCCESS |  
2019-08-23 05:51:41,721 | INFO  | SCMAudit | user=jenkins1000 | ip=192.168.5.178 | op=SEND_HEARTBEAT {datanodeUUID=d4f36997-48a6-49b8-995b-3c38d9ac3c0f, command=[]} | ret=SUCCESS |  
2019-08-23 05:51:41,745 | INFO  | SCMAudit | user=jenkins1000 | ip=192.168.5.178 | op=SEND_HEARTBEAT {datanodeUUID=9e0d48e9-795f-4679-b1bc-974fe7951c55, command=[]} | ret=SUCCESS |  
2019-08-23 05:51:41,842 | INFO  | SCMAudit | user=jenkins1000 | ip=192.168.5.178 | op=SEND_HEARTBEAT {datanodeUUID=96a4345b-84e3-4f69-b56b-0cb9f3200145, command=[]} | ret=SUCCESS |  
2019-08-23 05:51:42,050 | INFO  | SCMAudit | user=jenkins1000 | ip=192.168.5.178 | op=SEND_HEARTBEAT {datanodeUUID=c6842691-702c-4d39-b47f-d27b1fab8f33, command=[]} | ret=SUCCESS |  
2019-08-23 05:51:42,226 | INFO  | SCMAudit | user=jenkins1000 | ip=192.168.5.178 | op=SEND_HEARTBEAT {datanodeUUID=6b30598f-e3b0-450c-bc0d-9274443a7fa0, command=[]} | ret=SUCCESS |  
2019-08-23 05:51:42,278 | INFO  | SCMAudit | user=jenkins1000 | ip=192.168.5.178 | op=SEND_HEARTBEAT {datanodeUUID=63fd8c64-0397-4420-bb2f-fd9af094cc1f, command=[]} | ret=SUCCESS |  
2019-08-23 05:51:42,722 | INFO  | SCMAudit | user=jenkins1000 | ip=192.168.5.178 | op=SEND_HEARTBEAT {datanodeUUID=564f3e1b-dc37-4d98-9518-cc9451ddb3ca, command=[]} | ret=SUCCESS |  
2019-08-23 05:51:42,722 | INFO  | SCMAudit | user=jenkins1000 | ip=192.168.5.178 | op=SEND_HEARTBEAT {datanodeUUID=d4f36997-48a6-49b8-995b-3c38d9ac3c0f, command=[]} | ret=SUCCESS |  
2019-08-23 05:51:42,745 | INFO  | SCMAudit | user=jenkins1000 | ip=192.168.5.178 | op=SEND_HEARTBEAT {datanodeUUID=9e0d48e9-795f-4679-b1bc-974fe7951c55, command=[]} | ret=SUCCESS |  
2019-08-23 05:51:42,842 | INFO  | SCMAudit | user=jenkins1000 | ip=192.168.5.178 | op=SEND_HEARTBEAT {datanodeUUID=96a4345b-84e3-4f69-b56b-0cb9f3200145, command=[]} | ret=SUCCESS |  
2019-08-23 05:51:43,050 | INFO  | SCMAudit | user=jenkins1000 | ip=192.168.5.178 | op=SEND_HEARTBEAT {datanodeUUID=c6842691-702c-4d39-b47f-d27b1fab8f33, command=[]} | ret=SUCCESS |  
2019-08-23 05:51:43,226 | INFO  | SCMAudit | user=jenkins1000 | ip=192.168.5.178 | op=SEND_HEARTBEAT {datanodeUUID=6b30598f-e3b0-450c-bc0d-9274443a7fa0, command=[]} | ret=SUCCESS |  
2019-08-23 05:51:43,278 | INFO  | SCMAudit | user=jenkins1000 | ip=192.168.5.178 | op=SEND_HEARTBEAT {datanodeUUID=63fd8c64-0397-4420-bb2f-fd9af094cc1f, command=[]} | ret=SUCCESS |  
2019-08-23 05:51:43,721 | INFO  | SCMAudit | user=jenkins1000 | ip=192.168.5.178 | op=SEND_HEARTBEAT {datanodeUUID=d4f36997-48a6-49b8-995b-3c38d9ac3c0f, command=[]} | ret=SUCCESS |  
2019-08-23 05:51:43,721 | INFO  | SCMAudit | user=jenkins1000 | ip=192.168.5.178 | op=SEND_HEARTBEAT {datanodeUUID=564f3e1b-dc37-4d98-9518-cc9451ddb3ca, command=[]} | ret=SUCCESS |  
2019-08-23 05:51:43,744 | INFO  | SCMAudit | user=jenkins1000 | ip=192.168.5.178 | op=SEND_HEARTBEAT {datanodeUUID=9e0d48e9-795f-4679-b1bc-974fe7951c55, command=[]} | ret=SUCCESS |  
2019-08-23 05:51:43,842 | INFO  | SCMAudit | user=jenkins1000 | ip=192.168.5.178 | op=SEND_HEARTBEAT {datanodeUUID=96a4345b-84e3-4f69-b56b-0cb9f3200145, command=[]} | ret=SUCCESS |  
2019-08-23 05:51:44,051 | INFO  | SCMAudit | user=jenkins1000 | ip=192.168.5.178 | op=SEND_HEARTBEAT {datanodeUUID=c6842691-702c-4d39-b47f-d27b1fab8f33, command=[]} | ret=SUCCESS |  
2019-08-23 05:51:44,226 | INFO  | SCMAudit | user=jenkins1000 | ip=192.168.5.178 | op=SEND_HEARTBEAT {datanodeUUID=6b30598f-e3b0-450c-bc0d-9274443a7fa0, command=[]} | ret=SUCCESS |  
2019-08-23 05:51:44,279 | INFO  | SCMAudit | user=jenkins1000 | ip=192.168.5.178 | op=SEND_HEARTBEAT {datanodeUUID=63fd8c64-0397-4420-bb2f-fd9af094cc1f, command=[]} | ret=SUCCESS |  
2019-08-23 05:51:44,721 | INFO  | SCMAudit | user=jenkins1000 | ip=192.168.5.178 | op=SEND_HEARTBEAT {datanodeUUID=d4f36997-48a6-49b8-995b-3c38d9ac3c0f, command=[]} | ret=SUCCESS |  
2019-08-23 05:51:44,722 | INFO  | SCMAudit | user=jenkins1000 | ip=192.168.5.178 | op=SEND_HEARTBEAT {datanodeUUID=564f3e1b-dc37-4d98-9518-cc9451ddb3ca, command=[]} | ret=SUCCESS |  
2019-08-23 05:51:44,745 | INFO  | SCMAudit | user=jenkins1000 | ip=192.168.5.178 | op=SEND_HEARTBEAT {datanodeUUID=9e0d48e9-795f-4679-b1bc-974fe7951c55, command=[]} | ret=SUCCESS |  
2019-08-23 05:51:44,843 | INFO  | SCMAudit | user=jenkins1000 | ip=192.168.5.178 | op=SEND_HEARTBEAT {datanodeUUID=96a4345b-84e3-4f69-b56b-0cb9f3200145, command=[]} | ret=SUCCESS |  
2019-08-23 05:51:45,051 | INFO  | SCMAudit | user=jenkins1000 | ip=192.168.5.178 | op=SEND_HEARTBEAT {datanodeUUID=c6842691-702c-4d39-b47f-d27b1fab8f33, command=[]} | ret=SUCCESS |  
2019-08-23 05:51:45,226 | INFO  | SCMAudit | user=jenkins1000 | ip=192.168.5.178 | op=SEND_HEARTBEAT {datanodeUUID=6b30598f-e3b0-450c-bc0d-9274443a7fa0, command=[]} | ret=SUCCESS |  
2019-08-23 05:51:45,279 | INFO  | SCMAudit | user=jenkins1000 | ip=192.168.5.178 | op=SEND_HEARTBEAT {datanodeUUID=63fd8c64-0397-4420-bb2f-fd9af094cc1f, command=[]} | ret=SUCCESS |  
2019-08-23 05:51:45,721 | INFO  | SCMAudit | user=jenkins1000 | ip=192.168.5.178 | op=SEND_HEARTBEAT {datanodeUUID=d4f36997-48a6-49b8-995b-3c38d9ac3c0f, command=[]} | ret=SUCCESS |  
2019-08-23 05:51:45,722 | INFO  | SCMAudit | user=jenkins1000 | ip=192.168.5.178 | op=SEND_HEARTBEAT {datanodeUUID=564f3e1b-dc37-4d98-9518-cc9451ddb3ca, command=[]} | ret=SUCCESS |  
2019-08-23 05:51:45,745 | INFO  | SCMAudit | user=jenkins1000 | ip=192.168.5.178 | op=SEND_HEARTBEAT {datanodeUUID=9e0d48e9-795f-4679-b1bc-974fe7951c55, command=[]} | ret=SUCCESS |  
2019-08-23 05:51:45,843 | INFO  | SCMAudit | user=jenkins1000 | ip=192.168.5.178 | op=SEND_HEARTBEAT {datanodeUUID=96a4345b-84e3-4f69-b56b-0cb9f3200145, command=[]} | ret=SUCCESS |  
2019-08-23 05:51:46,053 | INFO  | SCMAudit | user=jenkins1000 | ip=192.168.5.178 | op=SEND_HEARTBEAT {datanodeUUID=c6842691-702c-4d39-b47f-d27b1fab8f33, command=[]} | ret=SUCCESS |  
2019-08-23 05:51:46,054 [grpc-default-executor-1] INFO  client.GrpcClientProtocolClient (GrpcClientProtocolClient.java:onNext(255)) - client-DB4E080F923B->9e0d48e9-795f-4679-b1bc-974fe7951c55: receive RaftClientReply:client-DB4E080F923B->9e0d48e9-795f-4679-b1bc-974fe7951c55@group-FC65621A5432, cid=45, FAILED org.apache.ratis.protocol.NotLeaderException: Server 9e0d48e9-795f-4679-b1bc-974fe7951c55 is not the leader (d4f36997-48a6-49b8-995b-3c38d9ac3c0f:192.168.5.178:40775). Request must be sent to leader., logIndex=0, commits[9e0d48e9-795f-4679-b1bc-974fe7951c55:c8, 564f3e1b-dc37-4d98-9518-cc9451ddb3ca:c8, d4f36997-48a6-49b8-995b-3c38d9ac3c0f:c8]
2019-08-23 05:51:46,226 | INFO  | SCMAudit | user=jenkins1000 | ip=192.168.5.178 | op=SEND_HEARTBEAT {datanodeUUID=6b30598f-e3b0-450c-bc0d-9274443a7fa0, command=[]} | ret=SUCCESS |  
2019-08-23 05:51:46,279 | INFO  | SCMAudit | user=jenkins1000 | ip=192.168.5.178 | op=SEND_HEARTBEAT {datanodeUUID=63fd8c64-0397-4420-bb2f-fd9af094cc1f, command=[]} | ret=SUCCESS |  
2019-08-23 05:51:46,721 | INFO  | SCMAudit | user=jenkins1000 | ip=192.168.5.178 | op=SEND_HEARTBEAT {datanodeUUID=d4f36997-48a6-49b8-995b-3c38d9ac3c0f, command=[]} | ret=SUCCESS |  
2019-08-23 05:51:46,722 | INFO  | SCMAudit | user=jenkins1000 | ip=192.168.5.178 | op=SEND_HEARTBEAT {datanodeUUID=564f3e1b-dc37-4d98-9518-cc9451ddb3ca, command=[]} | ret=SUCCESS |  
2019-08-23 05:51:46,745 | INFO  | SCMAudit | user=jenkins1000 | ip=192.168.5.178 | op=SEND_HEARTBEAT {datanodeUUID=9e0d48e9-795f-4679-b1bc-974fe7951c55, command=[]} | ret=SUCCESS |  
2019-08-23 05:51:46,843 | INFO  | SCMAudit | user=jenkins1000 | ip=192.168.5.178 | op=SEND_HEARTBEAT {datanodeUUID=96a4345b-84e3-4f69-b56b-0cb9f3200145, command=[]} | ret=SUCCESS |  
2019-08-23 05:51:47,053 | INFO  | SCMAudit | user=jenkins1000 | ip=192.168.5.178 | op=SEND_HEARTBEAT {datanodeUUID=c6842691-702c-4d39-b47f-d27b1fab8f33, command=[]} | ret=SUCCESS |  
2019-08-23 05:51:47,226 | INFO  | SCMAudit | user=jenkins1000 | ip=192.168.5.178 | op=SEND_HEARTBEAT {datanodeUUID=6b30598f-e3b0-450c-bc0d-9274443a7fa0, command=[]} | ret=SUCCESS |  
2019-08-23 05:51:47,279 | INFO  | SCMAudit | user=jenkins1000 | ip=192.168.5.178 | op=SEND_HEARTBEAT {datanodeUUID=63fd8c64-0397-4420-bb2f-fd9af094cc1f, command=[]} | ret=SUCCESS |  
2019-08-23 05:51:47,721 | INFO  | SCMAudit | user=jenkins1000 | ip=192.168.5.178 | op=SEND_HEARTBEAT {datanodeUUID=d4f36997-48a6-49b8-995b-3c38d9ac3c0f, command=[]} | ret=SUCCESS |  
2019-08-23 05:51:47,722 | INFO  | SCMAudit | user=jenkins1000 | ip=192.168.5.178 | op=SEND_HEARTBEAT {datanodeUUID=564f3e1b-dc37-4d98-9518-cc9451ddb3ca, command=[]} | ret=SUCCESS |  
2019-08-23 05:51:47,745 | INFO  | SCMAudit | user=jenkins1000 | ip=192.168.5.178 | op=SEND_HEARTBEAT {datanodeUUID=9e0d48e9-795f-4679-b1bc-974fe7951c55, command=[]} | ret=SUCCESS |  
2019-08-23 05:51:47,843 | INFO  | SCMAudit | user=jenkins1000 | ip=192.168.5.178 | op=SEND_HEARTBEAT {datanodeUUID=96a4345b-84e3-4f69-b56b-0cb9f3200145, command=[]} | ret=SUCCESS |  
2019-08-23 05:51:48,054 | INFO  | SCMAudit | user=jenkins1000 | ip=192.168.5.178 | op=SEND_HEARTBEAT {datanodeUUID=c6842691-702c-4d39-b47f-d27b1fab8f33, command=[]} | ret=SUCCESS |  
2019-08-23 05:51:48,226 | INFO  | SCMAudit | user=jenkins1000 | ip=192.168.5.178 | op=SEND_HEARTBEAT {datanodeUUID=6b30598f-e3b0-450c-bc0d-9274443a7fa0, command=[]} | ret=SUCCESS |  
2019-08-23 05:51:48,279 | INFO  | SCMAudit | user=jenkins1000 | ip=192.168.5.178 | op=SEND_HEARTBEAT {datanodeUUID=63fd8c64-0397-4420-bb2f-fd9af094cc1f, command=[]} | ret=SUCCESS |  
2019-08-23 05:51:48,721 | INFO  | SCMAudit | user=jenkins1000 | ip=192.168.5.178 | op=SEND_HEARTBEAT {datanodeUUID=d4f36997-48a6-49b8-995b-3c38d9ac3c0f, command=[]} | ret=SUCCESS |  
2019-08-23 05:51:48,722 | INFO  | SCMAudit | user=jenkins1000 | ip=192.168.5.178 | op=SEND_HEARTBEAT {datanodeUUID=564f3e1b-dc37-4d98-9518-cc9451ddb3ca, command=[]} | ret=SUCCESS |  
2019-08-23 05:51:48,745 | INFO  | SCMAudit | user=jenkins1000 | ip=192.168.5.178 | op=SEND_HEARTBEAT {datanodeUUID=9e0d48e9-795f-4679-b1bc-974fe7951c55, command=[]} | ret=SUCCESS |  
2019-08-23 05:51:48,844 | INFO  | SCMAudit | user=jenkins1000 | ip=192.168.5.178 | op=SEND_HEARTBEAT {datanodeUUID=96a4345b-84e3-4f69-b56b-0cb9f3200145, command=[]} | ret=SUCCESS |  
2019-08-23 05:51:49,053 | INFO  | SCMAudit | user=jenkins1000 | ip=192.168.5.178 | op=SEND_HEARTBEAT {datanodeUUID=c6842691-702c-4d39-b47f-d27b1fab8f33, command=[]} | ret=SUCCESS |  
2019-08-23 05:51:49,226 | INFO  | SCMAudit | user=jenkins1000 | ip=192.168.5.178 | op=SEND_HEARTBEAT {datanodeUUID=6b30598f-e3b0-450c-bc0d-9274443a7fa0, command=[]} | ret=SUCCESS |  
2019-08-23 05:51:49,279 | INFO  | SCMAudit | user=jenkins1000 | ip=192.168.5.178 | op=SEND_HEARTBEAT {datanodeUUID=63fd8c64-0397-4420-bb2f-fd9af094cc1f, command=[]} | ret=SUCCESS |  
2019-08-23 05:51:49,722 | INFO  | SCMAudit | user=jenkins1000 | ip=192.168.5.178 | op=SEND_HEARTBEAT {datanodeUUID=d4f36997-48a6-49b8-995b-3c38d9ac3c0f, command=[]} | ret=SUCCESS |  
2019-08-23 05:51:49,722 | INFO  | SCMAudit | user=jenkins1000 | ip=192.168.5.178 | op=SEND_HEARTBEAT {datanodeUUID=564f3e1b-dc37-4d98-9518-cc9451ddb3ca, command=[]} | ret=SUCCESS |  
2019-08-23 05:51:49,746 | INFO  | SCMAudit | user=jenkins1000 | ip=192.168.5.178 | op=SEND_HEARTBEAT {datanodeUUID=9e0d48e9-795f-4679-b1bc-974fe7951c55, command=[]} | ret=SUCCESS |  
2019-08-23 05:51:49,844 | INFO  | SCMAudit | user=jenkins1000 | ip=192.168.5.178 | op=SEND_HEARTBEAT {datanodeUUID=96a4345b-84e3-4f69-b56b-0cb9f3200145, command=[]} | ret=SUCCESS |  
2019-08-23 05:51:50,053 | INFO  | SCMAudit | user=jenkins1000 | ip=192.168.5.178 | op=SEND_HEARTBEAT {datanodeUUID=c6842691-702c-4d39-b47f-d27b1fab8f33, command=[]} | ret=SUCCESS |  
2019-08-23 05:51:50,226 | INFO  | SCMAudit | user=jenkins1000 | ip=192.168.5.178 | op=SEND_HEARTBEAT {datanodeUUID=6b30598f-e3b0-450c-bc0d-9274443a7fa0, command=[]} | ret=SUCCESS |  
2019-08-23 05:51:50,279 | INFO  | SCMAudit | user=jenkins1000 | ip=192.168.5.178 | op=SEND_HEARTBEAT {datanodeUUID=63fd8c64-0397-4420-bb2f-fd9af094cc1f, command=[]} | ret=SUCCESS |  
2019-08-23 05:51:50,721 | INFO  | SCMAudit | user=jenkins1000 | ip=192.168.5.178 | op=SEND_HEARTBEAT {datanodeUUID=d4f36997-48a6-49b8-995b-3c38d9ac3c0f, command=[]} | ret=SUCCESS |  
2019-08-23 05:51:50,722 | INFO  | SCMAudit | user=jenkins1000 | ip=192.168.5.178 | op=SEND_HEARTBEAT {datanodeUUID=564f3e1b-dc37-4d98-9518-cc9451ddb3ca, command=[]} | ret=SUCCESS |  
2019-08-23 05:51:50,746 | INFO  | SCMAudit | user=jenkins1000 | ip=192.168.5.178 | op=SEND_HEARTBEAT {datanodeUUID=9e0d48e9-795f-4679-b1bc-974fe7951c55, command=[]} | ret=SUCCESS |  
2019-08-23 05:51:50,844 | INFO  | SCMAudit | user=jenkins1000 | ip=192.168.5.178 | op=SEND_HEARTBEAT {datanodeUUID=96a4345b-84e3-4f69-b56b-0cb9f3200145, command=[]} | ret=SUCCESS |  
2019-08-23 05:51:51,053 | INFO  | SCMAudit | user=jenkins1000 | ip=192.168.5.178 | op=SEND_HEARTBEAT {datanodeUUID=c6842691-702c-4d39-b47f-d27b1fab8f33, command=[]} | ret=SUCCESS |  
2019-08-23 05:51:51,099 [grpc-default-executor-5] INFO  client.GrpcClientProtocolClient (GrpcClientProtocolClient.java:onNext(255)) - client-DB4E080F923B->564f3e1b-dc37-4d98-9518-cc9451ddb3ca: receive RaftClientReply:client-DB4E080F923B->564f3e1b-dc37-4d98-9518-cc9451ddb3ca@group-FC65621A5432, cid=45, FAILED org.apache.ratis.protocol.NotLeaderException: Server 564f3e1b-dc37-4d98-9518-cc9451ddb3ca is not the leader (d4f36997-48a6-49b8-995b-3c38d9ac3c0f:192.168.5.178:40775). Request must be sent to leader., logIndex=0, commits[564f3e1b-dc37-4d98-9518-cc9451ddb3ca:c8, 9e0d48e9-795f-4679-b1bc-974fe7951c55:c8, d4f36997-48a6-49b8-995b-3c38d9ac3c0f:c8]
2019-08-23 05:51:51,227 | INFO  | SCMAudit | user=jenkins1000 | ip=192.168.5.178 | op=SEND_HEARTBEAT {datanodeUUID=6b30598f-e3b0-450c-bc0d-9274443a7fa0, command=[]} | ret=SUCCESS |  
2019-08-23 05:51:51,279 | INFO  | SCMAudit | user=jenkins1000 | ip=192.168.5.178 | op=SEND_HEARTBEAT {datanodeUUID=63fd8c64-0397-4420-bb2f-fd9af094cc1f, command=[]} | ret=SUCCESS |  
2019-08-23 05:51:51,721 | INFO  | SCMAudit | user=jenkins1000 | ip=192.168.5.178 | op=SEND_HEARTBEAT {datanodeUUID=d4f36997-48a6-49b8-995b-3c38d9ac3c0f, command=[]} | ret=SUCCESS |  
2019-08-23 05:51:51,722 | INFO  | SCMAudit | user=jenkins1000 | ip=192.168.5.178 | op=SEND_HEARTBEAT {datanodeUUID=564f3e1b-dc37-4d98-9518-cc9451ddb3ca, command=[]} | ret=SUCCESS |  
2019-08-23 05:51:51,746 | INFO  | SCMAudit | user=jenkins1000 | ip=192.168.5.178 | op=SEND_HEARTBEAT {datanodeUUID=9e0d48e9-795f-4679-b1bc-974fe7951c55, command=[]} | ret=SUCCESS |  
2019-08-23 05:51:51,844 | INFO  | SCMAudit | user=jenkins1000 | ip=192.168.5.178 | op=SEND_HEARTBEAT {datanodeUUID=96a4345b-84e3-4f69-b56b-0cb9f3200145, command=[]} | ret=SUCCESS |  
2019-08-23 05:51:52,053 | INFO  | SCMAudit | user=jenkins1000 | ip=192.168.5.178 | op=SEND_HEARTBEAT {datanodeUUID=c6842691-702c-4d39-b47f-d27b1fab8f33, command=[]} | ret=SUCCESS |  
2019-08-23 05:51:52,227 | INFO  | SCMAudit | user=jenkins1000 | ip=192.168.5.178 | op=SEND_HEARTBEAT {datanodeUUID=6b30598f-e3b0-450c-bc0d-9274443a7fa0, command=[]} | ret=SUCCESS |  
2019-08-23 05:51:52,279 | INFO  | SCMAudit | user=jenkins1000 | ip=192.168.5.178 | op=SEND_HEARTBEAT {datanodeUUID=63fd8c64-0397-4420-bb2f-fd9af094cc1f, command=[]} | ret=SUCCESS |  
2019-08-23 05:51:52,721 | INFO  | SCMAudit | user=jenkins1000 | ip=192.168.5.178 | op=SEND_HEARTBEAT {datanodeUUID=d4f36997-48a6-49b8-995b-3c38d9ac3c0f, command=[]} | ret=SUCCESS |  
2019-08-23 05:51:52,722 | INFO  | SCMAudit | user=jenkins1000 | ip=192.168.5.178 | op=SEND_HEARTBEAT {datanodeUUID=564f3e1b-dc37-4d98-9518-cc9451ddb3ca, command=[]} | ret=SUCCESS |  
2019-08-23 05:51:52,746 | INFO  | SCMAudit | user=jenkins1000 | ip=192.168.5.178 | op=SEND_HEARTBEAT {datanodeUUID=9e0d48e9-795f-4679-b1bc-974fe7951c55, command=[]} | ret=SUCCESS |  
2019-08-23 05:51:52,845 | INFO  | SCMAudit | user=jenkins1000 | ip=192.168.5.178 | op=SEND_HEARTBEAT {datanodeUUID=96a4345b-84e3-4f69-b56b-0cb9f3200145, command=[]} | ret=SUCCESS |  
2019-08-23 05:51:53,053 | INFO  | SCMAudit | user=jenkins1000 | ip=192.168.5.178 | op=SEND_HEARTBEAT {datanodeUUID=c6842691-702c-4d39-b47f-d27b1fab8f33, command=[]} | ret=SUCCESS |  
2019-08-23 05:51:53,227 | INFO  | SCMAudit | user=jenkins1000 | ip=192.168.5.178 | op=SEND_HEARTBEAT {datanodeUUID=6b30598f-e3b0-450c-bc0d-9274443a7fa0, command=[]} | ret=SUCCESS |  
2019-08-23 05:51:53,279 | INFO  | SCMAudit | user=jenkins1000 | ip=192.168.5.178 | op=SEND_HEARTBEAT {datanodeUUID=63fd8c64-0397-4420-bb2f-fd9af094cc1f, command=[]} | ret=SUCCESS |  
2019-08-23 05:51:53,722 | INFO  | SCMAudit | user=jenkins1000 | ip=192.168.5.178 | op=SEND_HEARTBEAT {datanodeUUID=d4f36997-48a6-49b8-995b-3c38d9ac3c0f, command=[]} | ret=SUCCESS |  
2019-08-23 05:51:53,722 | INFO  | SCMAudit | user=jenkins1000 | ip=192.168.5.178 | op=SEND_HEARTBEAT {datanodeUUID=564f3e1b-dc37-4d98-9518-cc9451ddb3ca, command=[]} | ret=SUCCESS |  
2019-08-23 05:51:53,746 | INFO  | SCMAudit | user=jenkins1000 | ip=192.168.5.178 | op=SEND_HEARTBEAT {datanodeUUID=9e0d48e9-795f-4679-b1bc-974fe7951c55, command=[]} | ret=SUCCESS |  
2019-08-23 05:51:53,845 | INFO  | SCMAudit | user=jenkins1000 | ip=192.168.5.178 | op=SEND_HEARTBEAT {datanodeUUID=96a4345b-84e3-4f69-b56b-0cb9f3200145, command=[]} | ret=SUCCESS |  
2019-08-23 05:51:54,054 | INFO  | SCMAudit | user=jenkins1000 | ip=192.168.5.178 | op=SEND_HEARTBEAT {datanodeUUID=c6842691-702c-4d39-b47f-d27b1fab8f33, command=[]} | ret=SUCCESS |  
2019-08-23 05:51:54,227 | INFO  | SCMAudit | user=jenkins1000 | ip=192.168.5.178 | op=SEND_HEARTBEAT {datanodeUUID=6b30598f-e3b0-450c-bc0d-9274443a7fa0, command=[]} | ret=SUCCESS |  
2019-08-23 05:51:54,279 | INFO  | SCMAudit | user=jenkins1000 | ip=192.168.5.178 | op=SEND_HEARTBEAT {datanodeUUID=63fd8c64-0397-4420-bb2f-fd9af094cc1f, command=[]} | ret=SUCCESS |  
2019-08-23 05:51:54,722 | INFO  | SCMAudit | user=jenkins1000 | ip=192.168.5.178 | op=SEND_HEARTBEAT {datanodeUUID=564f3e1b-dc37-4d98-9518-cc9451ddb3ca, command=[]} | ret=SUCCESS |  
2019-08-23 05:51:54,722 | INFO  | SCMAudit | user=jenkins1000 | ip=192.168.5.178 | op=SEND_HEARTBEAT {datanodeUUID=d4f36997-48a6-49b8-995b-3c38d9ac3c0f, command=[]} | ret=SUCCESS |  
2019-08-23 05:51:54,746 | INFO  | SCMAudit | user=jenkins1000 | ip=192.168.5.178 | op=SEND_HEARTBEAT {datanodeUUID=9e0d48e9-795f-4679-b1bc-974fe7951c55, command=[]} | ret=SUCCESS |  
2019-08-23 05:51:54,846 | INFO  | SCMAudit | user=jenkins1000 | ip=192.168.5.178 | op=SEND_HEARTBEAT {datanodeUUID=96a4345b-84e3-4f69-b56b-0cb9f3200145, command=[]} | ret=SUCCESS |  
2019-08-23 05:51:55,053 | INFO  | SCMAudit | user=jenkins1000 | ip=192.168.5.178 | op=SEND_HEARTBEAT {datanodeUUID=c6842691-702c-4d39-b47f-d27b1fab8f33, command=[]} | ret=SUCCESS |  
2019-08-23 05:51:55,227 | INFO  | SCMAudit | user=jenkins1000 | ip=192.168.5.178 | op=SEND_HEARTBEAT {datanodeUUID=6b30598f-e3b0-450c-bc0d-9274443a7fa0, command=[]} | ret=SUCCESS |  
2019-08-23 05:51:55,279 | INFO  | SCMAudit | user=jenkins1000 | ip=192.168.5.178 | op=SEND_HEARTBEAT {datanodeUUID=63fd8c64-0397-4420-bb2f-fd9af094cc1f, command=[]} | ret=SUCCESS |  
2019-08-23 05:51:55,722 | INFO  | SCMAudit | user=jenkins1000 | ip=192.168.5.178 | op=SEND_HEARTBEAT {datanodeUUID=564f3e1b-dc37-4d98-9518-cc9451ddb3ca, command=[]} | ret=SUCCESS |  
2019-08-23 05:51:55,722 | INFO  | SCMAudit | user=jenkins1000 | ip=192.168.5.178 | op=SEND_HEARTBEAT {datanodeUUID=d4f36997-48a6-49b8-995b-3c38d9ac3c0f, command=[]} | ret=SUCCESS |  
2019-08-23 05:51:55,747 | INFO  | SCMAudit | user=jenkins1000 | ip=192.168.5.178 | op=SEND_HEARTBEAT {datanodeUUID=9e0d48e9-795f-4679-b1bc-974fe7951c55, command=[]} | ret=SUCCESS |  
2019-08-23 05:51:55,846 | INFO  | SCMAudit | user=jenkins1000 | ip=192.168.5.178 | op=SEND_HEARTBEAT {datanodeUUID=96a4345b-84e3-4f69-b56b-0cb9f3200145, command=[]} | ret=SUCCESS |  
2019-08-23 05:51:56,054 | INFO  | SCMAudit | user=jenkins1000 | ip=192.168.5.178 | op=SEND_HEARTBEAT {datanodeUUID=c6842691-702c-4d39-b47f-d27b1fab8f33, command=[]} | ret=SUCCESS |  
2019-08-23 05:51:56,142 [grpc-default-executor-5] INFO  client.GrpcClientProtocolClient (GrpcClientProtocolClient.java:onNext(255)) - client-DB4E080F923B->9e0d48e9-795f-4679-b1bc-974fe7951c55: receive RaftClientReply:client-DB4E080F923B->9e0d48e9-795f-4679-b1bc-974fe7951c55@group-FC65621A5432, cid=45, FAILED org.apache.ratis.protocol.NotLeaderException: Server 9e0d48e9-795f-4679-b1bc-974fe7951c55 is not the leader (d4f36997-48a6-49b8-995b-3c38d9ac3c0f:192.168.5.178:40775). Request must be sent to leader., logIndex=0, commits[9e0d48e9-795f-4679-b1bc-974fe7951c55:c8, 564f3e1b-dc37-4d98-9518-cc9451ddb3ca:c8, d4f36997-48a6-49b8-995b-3c38d9ac3c0f:c8]
2019-08-23 05:51:56,228 | INFO  | SCMAudit | user=jenkins1000 | ip=192.168.5.178 | op=SEND_HEARTBEAT {datanodeUUID=6b30598f-e3b0-450c-bc0d-9274443a7fa0, command=[]} | ret=SUCCESS |  
2019-08-23 05:51:56,279 | INFO  | SCMAudit | user=jenkins1000 | ip=192.168.5.178 | op=SEND_HEARTBEAT {datanodeUUID=63fd8c64-0397-4420-bb2f-fd9af094cc1f, command=[]} | ret=SUCCESS |  
2019-08-23 05:51:56,722 | INFO  | SCMAudit | user=jenkins1000 | ip=192.168.5.178 | op=SEND_HEARTBEAT {datanodeUUID=d4f36997-48a6-49b8-995b-3c38d9ac3c0f, command=[]} | ret=SUCCESS |  
2019-08-23 05:51:56,722 | INFO  | SCMAudit | user=jenkins1000 | ip=192.168.5.178 | op=SEND_HEARTBEAT {datanodeUUID=564f3e1b-dc37-4d98-9518-cc9451ddb3ca, command=[]} | ret=SUCCESS |  
2019-08-23 05:51:56,748 | INFO  | SCMAudit | user=jenkins1000 | ip=192.168.5.178 | op=SEND_HEARTBEAT {datanodeUUID=9e0d48e9-795f-4679-b1bc-974fe7951c55, command=[]} | ret=SUCCESS |  
2019-08-23 05:51:56,846 | INFO  | SCMAudit | user=jenkins1000 | ip=192.168.5.178 | op=SEND_HEARTBEAT {datanodeUUID=96a4345b-84e3-4f69-b56b-0cb9f3200145, command=[]} | ret=SUCCESS |  
2019-08-23 05:51:57,053 | INFO  | SCMAudit | user=jenkins1000 | ip=192.168.5.178 | op=SEND_HEARTBEAT {datanodeUUID=c6842691-702c-4d39-b47f-d27b1fab8f33, command=[]} | ret=SUCCESS |  
2019-08-23 05:51:57,227 | INFO  | SCMAudit | user=jenkins1000 | ip=192.168.5.178 | op=SEND_HEARTBEAT {datanodeUUID=6b30598f-e3b0-450c-bc0d-9274443a7fa0, command=[]} | ret=SUCCESS |  
2019-08-23 05:51:57,279 | INFO  | SCMAudit | user=jenkins1000 | ip=192.168.5.178 | op=SEND_HEARTBEAT {datanodeUUID=63fd8c64-0397-4420-bb2f-fd9af094cc1f, command=[]} | ret=SUCCESS |  
2019-08-23 05:51:57,722 | INFO  | SCMAudit | user=jenkins1000 | ip=192.168.5.178 | op=SEND_HEARTBEAT {datanodeUUID=564f3e1b-dc37-4d98-9518-cc9451ddb3ca, command=[]} | ret=SUCCESS |  
2019-08-23 05:51:57,722 | INFO  | SCMAudit | user=jenkins1000 | ip=192.168.5.178 | op=SEND_HEARTBEAT {datanodeUUID=d4f36997-48a6-49b8-995b-3c38d9ac3c0f, command=[]} | ret=SUCCESS |  
2019-08-23 05:51:57,747 | INFO  | SCMAudit | user=jenkins1000 | ip=192.168.5.178 | op=SEND_HEARTBEAT {datanodeUUID=9e0d48e9-795f-4679-b1bc-974fe7951c55, command=[]} | ret=SUCCESS |  
2019-08-23 05:51:57,846 | INFO  | SCMAudit | user=jenkins1000 | ip=192.168.5.178 | op=SEND_HEARTBEAT {datanodeUUID=96a4345b-84e3-4f69-b56b-0cb9f3200145, command=[]} | ret=SUCCESS |  
2019-08-23 05:51:58,054 | INFO  | SCMAudit | user=jenkins1000 | ip=192.168.5.178 | op=SEND_HEARTBEAT {datanodeUUID=c6842691-702c-4d39-b47f-d27b1fab8f33, command=[]} | ret=SUCCESS |  
2019-08-23 05:51:58,228 | INFO  | SCMAudit | user=jenkins1000 | ip=192.168.5.178 | op=SEND_HEARTBEAT {datanodeUUID=6b30598f-e3b0-450c-bc0d-9274443a7fa0, command=[]} | ret=SUCCESS |  
2019-08-23 05:51:58,279 | INFO  | SCMAudit | user=jenkins1000 | ip=192.168.5.178 | op=SEND_HEARTBEAT {datanodeUUID=63fd8c64-0397-4420-bb2f-fd9af094cc1f, command=[]} | ret=SUCCESS |  
2019-08-23 05:51:58,722 | INFO  | SCMAudit | user=jenkins1000 | ip=192.168.5.178 | op=SEND_HEARTBEAT {datanodeUUID=564f3e1b-dc37-4d98-9518-cc9451ddb3ca, command=[]} | ret=SUCCESS |  
2019-08-23 05:51:58,722 | INFO  | SCMAudit | user=jenkins1000 | ip=192.168.5.178 | op=SEND_HEARTBEAT {datanodeUUID=d4f36997-48a6-49b8-995b-3c38d9ac3c0f, command=[]} | ret=SUCCESS |  
2019-08-23 05:51:58,747 | INFO  | SCMAudit | user=jenkins1000 | ip=192.168.5.178 | op=SEND_HEARTBEAT {datanodeUUID=9e0d48e9-795f-4679-b1bc-974fe7951c55, command=[]} | ret=SUCCESS |  
2019-08-23 05:51:58,846 | INFO  | SCMAudit | user=jenkins1000 | ip=192.168.5.178 | op=SEND_HEARTBEAT {datanodeUUID=96a4345b-84e3-4f69-b56b-0cb9f3200145, command=[]} | ret=SUCCESS |  
2019-08-23 05:51:59,054 | INFO  | SCMAudit | user=jenkins1000 | ip=192.168.5.178 | op=SEND_HEARTBEAT {datanodeUUID=c6842691-702c-4d39-b47f-d27b1fab8f33, command=[]} | ret=SUCCESS |  
2019-08-23 05:51:59,228 | INFO  | SCMAudit | user=jenkins1000 | ip=192.168.5.178 | op=SEND_HEARTBEAT {datanodeUUID=6b30598f-e3b0-450c-bc0d-9274443a7fa0, command=[]} | ret=SUCCESS |  
2019-08-23 05:51:59,279 | INFO  | SCMAudit | user=jenkins1000 | ip=192.168.5.178 | op=SEND_HEARTBEAT {datanodeUUID=63fd8c64-0397-4420-bb2f-fd9af094cc1f, command=[]} | ret=SUCCESS |  
2019-08-23 05:51:59,722 | INFO  | SCMAudit | user=jenkins1000 | ip=192.168.5.178 | op=SEND_HEARTBEAT {datanodeUUID=564f3e1b-dc37-4d98-9518-cc9451ddb3ca, command=[]} | ret=SUCCESS |  
2019-08-23 05:51:59,722 | INFO  | SCMAudit | user=jenkins1000 | ip=192.168.5.178 | op=SEND_HEARTBEAT {datanodeUUID=d4f36997-48a6-49b8-995b-3c38d9ac3c0f, command=[]} | ret=SUCCESS |  
2019-08-23 05:51:59,747 | INFO  | SCMAudit | user=jenkins1000 | ip=192.168.5.178 | op=SEND_HEARTBEAT {datanodeUUID=9e0d48e9-795f-4679-b1bc-974fe7951c55, command=[]} | ret=SUCCESS |  
2019-08-23 05:51:59,845 | INFO  | SCMAudit | user=jenkins1000 | ip=192.168.5.178 | op=SEND_HEARTBEAT {datanodeUUID=96a4345b-84e3-4f69-b56b-0cb9f3200145, command=[]} | ret=SUCCESS |  
2019-08-23 05:52:00,055 | INFO  | SCMAudit | user=jenkins1000 | ip=192.168.5.178 | op=SEND_HEARTBEAT {datanodeUUID=c6842691-702c-4d39-b47f-d27b1fab8f33, command=[]} | ret=SUCCESS |  
2019-08-23 05:52:00,228 | INFO  | SCMAudit | user=jenkins1000 | ip=192.168.5.178 | op=SEND_HEARTBEAT {datanodeUUID=6b30598f-e3b0-450c-bc0d-9274443a7fa0, command=[]} | ret=SUCCESS |  
2019-08-23 05:52:00,279 | INFO  | SCMAudit | user=jenkins1000 | ip=192.168.5.178 | op=SEND_HEARTBEAT {datanodeUUID=63fd8c64-0397-4420-bb2f-fd9af094cc1f, command=[]} | ret=SUCCESS |  
2019-08-23 05:52:00,722 | INFO  | SCMAudit | user=jenkins1000 | ip=192.168.5.178 | op=SEND_HEARTBEAT {datanodeUUID=564f3e1b-dc37-4d98-9518-cc9451ddb3ca, command=[]} | ret=SUCCESS |  
2019-08-23 05:52:00,722 | INFO  | SCMAudit | user=jenkins1000 | ip=192.168.5.178 | op=SEND_HEARTBEAT {datanodeUUID=d4f36997-48a6-49b8-995b-3c38d9ac3c0f, command=[]} | ret=SUCCESS |  
2019-08-23 05:52:00,747 | INFO  | SCMAudit | user=jenkins1000 | ip=192.168.5.178 | op=SEND_HEARTBEAT {datanodeUUID=9e0d48e9-795f-4679-b1bc-974fe7951c55, command=[]} | ret=SUCCESS |  
2019-08-23 05:52:00,849 | INFO  | SCMAudit | user=jenkins1000 | ip=192.168.5.178 | op=SEND_HEARTBEAT {datanodeUUID=96a4345b-84e3-4f69-b56b-0cb9f3200145, command=[]} | ret=SUCCESS |  
2019-08-23 05:52:01,054 | INFO  | SCMAudit | user=jenkins1000 | ip=192.168.5.178 | op=SEND_HEARTBEAT {datanodeUUID=c6842691-702c-4d39-b47f-d27b1fab8f33, command=[]} | ret=SUCCESS |  
2019-08-23 05:52:01,207 [grpc-default-executor-1] INFO  client.GrpcClientProtocolClient (GrpcClientProtocolClient.java:onNext(255)) - client-DB4E080F923B->564f3e1b-dc37-4d98-9518-cc9451ddb3ca: receive RaftClientReply:client-DB4E080F923B->564f3e1b-dc37-4d98-9518-cc9451ddb3ca@group-FC65621A5432, cid=45, FAILED org.apache.ratis.protocol.NotLeaderException: Server 564f3e1b-dc37-4d98-9518-cc9451ddb3ca is not the leader (d4f36997-48a6-49b8-995b-3c38d9ac3c0f:192.168.5.178:40775). Request must be sent to leader., logIndex=0, commits[564f3e1b-dc37-4d98-9518-cc9451ddb3ca:c8, 9e0d48e9-795f-4679-b1bc-974fe7951c55:c8, d4f36997-48a6-49b8-995b-3c38d9ac3c0f:c8]
2019-08-23 05:52:01,228 | INFO  | SCMAudit | user=jenkins1000 | ip=192.168.5.178 | op=SEND_HEARTBEAT {datanodeUUID=6b30598f-e3b0-450c-bc0d-9274443a7fa0, command=[]} | ret=SUCCESS |  
2019-08-23 05:52:01,279 | INFO  | SCMAudit | user=jenkins1000 | ip=192.168.5.178 | op=SEND_HEARTBEAT {datanodeUUID=63fd8c64-0397-4420-bb2f-fd9af094cc1f, command=[]} | ret=SUCCESS |  
2019-08-23 05:52:01,722 | INFO  | SCMAudit | user=jenkins1000 | ip=192.168.5.178 | op=SEND_HEARTBEAT {datanodeUUID=d4f36997-48a6-49b8-995b-3c38d9ac3c0f, command=[]} | ret=SUCCESS |  
2019-08-23 05:52:01,722 | INFO  | SCMAudit | user=jenkins1000 | ip=192.168.5.178 | op=SEND_HEARTBEAT {datanodeUUID=564f3e1b-dc37-4d98-9518-cc9451ddb3ca, command=[]} | ret=SUCCESS |  
2019-08-23 05:52:01,747 | INFO  | SCMAudit | user=jenkins1000 | ip=192.168.5.178 | op=SEND_HEARTBEAT {datanodeUUID=9e0d48e9-795f-4679-b1bc-974fe7951c55, command=[]} | ret=SUCCESS |  
2019-08-23 05:52:01,846 | INFO  | SCMAudit | user=jenkins1000 | ip=192.168.5.178 | op=SEND_HEARTBEAT {datanodeUUID=96a4345b-84e3-4f69-b56b-0cb9f3200145, command=[]} | ret=SUCCESS |  
2019-08-23 05:52:02,054 | INFO  | SCMAudit | user=jenkins1000 | ip=192.168.5.178 | op=SEND_HEARTBEAT {datanodeUUID=c6842691-702c-4d39-b47f-d27b1fab8f33, command=[]} | ret=SUCCESS |  
2019-08-23 05:52:02,228 | INFO  | SCMAudit | user=jenkins1000 | ip=192.168.5.178 | op=SEND_HEARTBEAT {datanodeUUID=6b30598f-e3b0-450c-bc0d-9274443a7fa0, command=[]} | ret=SUCCESS |  
2019-08-23 05:52:02,279 | INFO  | SCMAudit | user=jenkins1000 | ip=192.168.5.178 | op=SEND_HEARTBEAT {datanodeUUID=63fd8c64-0397-4420-bb2f-fd9af094cc1f, command=[]} | ret=SUCCESS |  
2019-08-23 05:52:02,723 | INFO  | SCMAudit | user=jenkins1000 | ip=192.168.5.178 | op=SEND_HEARTBEAT {datanodeUUID=564f3e1b-dc37-4d98-9518-cc9451ddb3ca, command=[]} | ret=SUCCESS |  
2019-08-23 05:52:02,723 | INFO  | SCMAudit | user=jenkins1000 | ip=192.168.5.178 | op=SEND_HEARTBEAT {datanodeUUID=d4f36997-48a6-49b8-995b-3c38d9ac3c0f, command=[]} | ret=SUCCESS |  
2019-08-23 05:52:02,747 | INFO  | SCMAudit | user=jenkins1000 | ip=192.168.5.178 | op=SEND_HEARTBEAT {datanodeUUID=9e0d48e9-795f-4679-b1bc-974fe7951c55, command=[]} | ret=SUCCESS |  
2019-08-23 05:52:02,846 | INFO  | SCMAudit | user=jenkins1000 | ip=192.168.5.178 | op=SEND_HEARTBEAT {datanodeUUID=96a4345b-84e3-4f69-b56b-0cb9f3200145, command=[]} | ret=SUCCESS |  
2019-08-23 05:52:03,054 | INFO  | SCMAudit | user=jenkins1000 | ip=192.168.5.178 | op=SEND_HEARTBEAT {datanodeUUID=c6842691-702c-4d39-b47f-d27b1fab8f33, command=[]} | ret=SUCCESS |  
2019-08-23 05:52:03,228 | INFO  | SCMAudit | user=jenkins1000 | ip=192.168.5.178 | op=SEND_HEARTBEAT {datanodeUUID=6b30598f-e3b0-450c-bc0d-9274443a7fa0, command=[]} | ret=SUCCESS |  
2019-08-23 05:52:03,279 | INFO  | SCMAudit | user=jenkins1000 | ip=192.168.5.178 | op=SEND_HEARTBEAT {datanodeUUID=63fd8c64-0397-4420-bb2f-fd9af094cc1f, command=[]} | ret=SUCCESS |  
2019-08-23 05:52:03,723 | INFO  | SCMAudit | user=jenkins1000 | ip=192.168.5.178 | op=SEND_HEARTBEAT {datanodeUUID=564f3e1b-dc37-4d98-9518-cc9451ddb3ca, command=[]} | ret=SUCCESS |  
2019-08-23 05:52:03,723 | INFO  | SCMAudit | user=jenkins1000 | ip=192.168.5.178 | op=SEND_HEARTBEAT {datanodeUUID=d4f36997-48a6-49b8-995b-3c38d9ac3c0f, command=[]} | ret=SUCCESS |  
2019-08-23 05:52:03,747 | INFO  | SCMAudit | user=jenkins1000 | ip=192.168.5.178 | op=SEND_HEARTBEAT {datanodeUUID=9e0d48e9-795f-4679-b1bc-974fe7951c55, command=[]} | ret=SUCCESS |  
2019-08-23 05:52:03,846 | INFO  | SCMAudit | user=jenkins1000 | ip=192.168.5.178 | op=SEND_HEARTBEAT {datanodeUUID=96a4345b-84e3-4f69-b56b-0cb9f3200145, command=[]} | ret=SUCCESS |  
2019-08-23 05:52:04,054 | INFO  | SCMAudit | user=jenkins1000 | ip=192.168.5.178 | op=SEND_HEARTBEAT {datanodeUUID=c6842691-702c-4d39-b47f-d27b1fab8f33, command=[]} | ret=SUCCESS |  
2019-08-23 05:52:04,228 | INFO  | SCMAudit | user=jenkins1000 | ip=192.168.5.178 | op=SEND_HEARTBEAT {datanodeUUID=6b30598f-e3b0-450c-bc0d-9274443a7fa0, command=[]} | ret=SUCCESS |  
2019-08-23 05:52:04,279 | INFO  | SCMAudit | user=jenkins1000 | ip=192.168.5.178 | op=SEND_HEARTBEAT {datanodeUUID=63fd8c64-0397-4420-bb2f-fd9af094cc1f, command=[]} | ret=SUCCESS |  
2019-08-23 05:52:04,724 | INFO  | SCMAudit | user=jenkins1000 | ip=192.168.5.178 | op=SEND_HEARTBEAT {datanodeUUID=564f3e1b-dc37-4d98-9518-cc9451ddb3ca, command=[]} | ret=SUCCESS |  
2019-08-23 05:52:04,724 | INFO  | SCMAudit | user=jenkins1000 | ip=192.168.5.178 | op=SEND_HEARTBEAT {datanodeUUID=d4f36997-48a6-49b8-995b-3c38d9ac3c0f, command=[]} | ret=SUCCESS |  
2019-08-23 05:52:04,747 | INFO  | SCMAudit | user=jenkins1000 | ip=192.168.5.178 | op=SEND_HEARTBEAT {datanodeUUID=9e0d48e9-795f-4679-b1bc-974fe7951c55, command=[]} | ret=SUCCESS |  
2019-08-23 05:52:04,847 | INFO  | SCMAudit | user=jenkins1000 | ip=192.168.5.178 | op=SEND_HEARTBEAT {datanodeUUID=96a4345b-84e3-4f69-b56b-0cb9f3200145, command=[]} | ret=SUCCESS |  
2019-08-23 05:52:05,054 | INFO  | SCMAudit | user=jenkins1000 | ip=192.168.5.178 | op=SEND_HEARTBEAT {datanodeUUID=c6842691-702c-4d39-b47f-d27b1fab8f33, command=[]} | ret=SUCCESS |  
2019-08-23 05:52:05,228 | INFO  | SCMAudit | user=jenkins1000 | ip=192.168.5.178 | op=SEND_HEARTBEAT {datanodeUUID=6b30598f-e3b0-450c-bc0d-9274443a7fa0, command=[]} | ret=SUCCESS |  
2019-08-23 05:52:05,280 | INFO  | SCMAudit | user=jenkins1000 | ip=192.168.5.178 | op=SEND_HEARTBEAT {datanodeUUID=63fd8c64-0397-4420-bb2f-fd9af094cc1f, command=[]} | ret=SUCCESS |  
2019-08-23 05:52:05,723 | INFO  | SCMAudit | user=jenkins1000 | ip=192.168.5.178 | op=SEND_HEARTBEAT {datanodeUUID=564f3e1b-dc37-4d98-9518-cc9451ddb3ca, command=[]} | ret=SUCCESS |  
2019-08-23 05:52:05,724 | INFO  | SCMAudit | user=jenkins1000 | ip=192.168.5.178 | op=SEND_HEARTBEAT {datanodeUUID=d4f36997-48a6-49b8-995b-3c38d9ac3c0f, command=[]} | ret=SUCCESS |  
2019-08-23 05:52:05,748 | INFO  | SCMAudit | user=jenkins1000 | ip=192.168.5.178 | op=SEND_HEARTBEAT {datanodeUUID=9e0d48e9-795f-4679-b1bc-974fe7951c55, command=[]} | ret=SUCCESS |  
2019-08-23 05:52:05,846 | INFO  | SCMAudit | user=jenkins1000 | ip=192.168.5.178 | op=SEND_HEARTBEAT {datanodeUUID=96a4345b-84e3-4f69-b56b-0cb9f3200145, command=[]} | ret=SUCCESS |  
2019-08-23 05:52:06,054 | INFO  | SCMAudit | user=jenkins1000 | ip=192.168.5.178 | op=SEND_HEARTBEAT {datanodeUUID=c6842691-702c-4d39-b47f-d27b1fab8f33, command=[]} | ret=SUCCESS |  
2019-08-23 05:52:06,231 | INFO  | SCMAudit | user=jenkins1000 | ip=192.168.5.178 | op=SEND_HEARTBEAT {datanodeUUID=6b30598f-e3b0-450c-bc0d-9274443a7fa0, command=[]} | ret=SUCCESS |  
2019-08-23 05:52:06,254 [grpc-default-executor-1] INFO  client.GrpcClientProtocolClient (GrpcClientProtocolClient.java:onNext(255)) - client-DB4E080F923B->9e0d48e9-795f-4679-b1bc-974fe7951c55: receive RaftClientReply:client-DB4E080F923B->9e0d48e9-795f-4679-b1bc-974fe7951c55@group-FC65621A5432, cid=45, FAILED org.apache.ratis.protocol.NotLeaderException: Server 9e0d48e9-795f-4679-b1bc-974fe7951c55 is not the leader (d4f36997-48a6-49b8-995b-3c38d9ac3c0f:192.168.5.178:40775). Request must be sent to leader., logIndex=0, commits[9e0d48e9-795f-4679-b1bc-974fe7951c55:c8, 564f3e1b-dc37-4d98-9518-cc9451ddb3ca:c8, d4f36997-48a6-49b8-995b-3c38d9ac3c0f:c8]
2019-08-23 05:52:06,280 | INFO  | SCMAudit | user=jenkins1000 | ip=192.168.5.178 | op=SEND_HEARTBEAT {datanodeUUID=63fd8c64-0397-4420-bb2f-fd9af094cc1f, command=[]} | ret=SUCCESS |  
2019-08-23 05:52:06,723 | INFO  | SCMAudit | user=jenkins1000 | ip=192.168.5.178 | op=SEND_HEARTBEAT {datanodeUUID=564f3e1b-dc37-4d98-9518-cc9451ddb3ca, command=[]} | ret=SUCCESS |  
2019-08-23 05:52:06,724 | INFO  | SCMAudit | user=jenkins1000 | ip=192.168.5.178 | op=SEND_HEARTBEAT {datanodeUUID=d4f36997-48a6-49b8-995b-3c38d9ac3c0f, command=[]} | ret=SUCCESS |  
2019-08-23 05:52:06,748 | INFO  | SCMAudit | user=jenkins1000 | ip=192.168.5.178 | op=SEND_HEARTBEAT {datanodeUUID=9e0d48e9-795f-4679-b1bc-974fe7951c55, command=[]} | ret=SUCCESS |  
2019-08-23 05:52:06,847 | INFO  | SCMAudit | user=jenkins1000 | ip=192.168.5.178 | op=SEND_HEARTBEAT {datanodeUUID=96a4345b-84e3-4f69-b56b-0cb9f3200145, command=[]} | ret=SUCCESS |  
2019-08-23 05:52:07,055 | INFO  | SCMAudit | user=jenkins1000 | ip=192.168.5.178 | op=SEND_HEARTBEAT {datanodeUUID=c6842691-702c-4d39-b47f-d27b1fab8f33, command=[]} | ret=SUCCESS |  
2019-08-23 05:52:07,231 | INFO  | SCMAudit | user=jenkins1000 | ip=192.168.5.178 | op=SEND_HEARTBEAT {datanodeUUID=6b30598f-e3b0-450c-bc0d-9274443a7fa0, command=[]} | ret=SUCCESS |  
2019-08-23 05:52:07,284 | INFO  | SCMAudit | user=jenkins1000 | ip=192.168.5.178 | op=SEND_HEARTBEAT {datanodeUUID=63fd8c64-0397-4420-bb2f-fd9af094cc1f, command=[]} | ret=SUCCESS |  
2019-08-23 05:52:07,723 | INFO  | SCMAudit | user=jenkins1000 | ip=192.168.5.178 | op=SEND_HEARTBEAT {datanodeUUID=564f3e1b-dc37-4d98-9518-cc9451ddb3ca, command=[]} | ret=SUCCESS |  
2019-08-23 05:52:07,724 | INFO  | SCMAudit | user=jenkins1000 | ip=192.168.5.178 | op=SEND_HEARTBEAT {datanodeUUID=d4f36997-48a6-49b8-995b-3c38d9ac3c0f, command=[]} | ret=SUCCESS |  
2019-08-23 05:52:07,748 | INFO  | SCMAudit | user=jenkins1000 | ip=192.168.5.178 | op=SEND_HEARTBEAT {datanodeUUID=9e0d48e9-795f-4679-b1bc-974fe7951c55, command=[]} | ret=SUCCESS |  
2019-08-23 05:52:07,846 | INFO  | SCMAudit | user=jenkins1000 | ip=192.168.5.178 | op=SEND_HEARTBEAT {datanodeUUID=96a4345b-84e3-4f69-b56b-0cb9f3200145, command=[]} | ret=SUCCESS |  
2019-08-23 05:52:08,055 | INFO  | SCMAudit | user=jenkins1000 | ip=192.168.5.178 | op=SEND_HEARTBEAT {datanodeUUID=c6842691-702c-4d39-b47f-d27b1fab8f33, command=[]} | ret=SUCCESS |  
2019-08-23 05:52:08,231 | INFO  | SCMAudit | user=jenkins1000 | ip=192.168.5.178 | op=SEND_HEARTBEAT {datanodeUUID=6b30598f-e3b0-450c-bc0d-9274443a7fa0, command=[]} | ret=SUCCESS |  
2019-08-23 05:52:08,284 | INFO  | SCMAudit | user=jenkins1000 | ip=192.168.5.178 | op=SEND_HEARTBEAT {datanodeUUID=63fd8c64-0397-4420-bb2f-fd9af094cc1f, command=[]} | ret=SUCCESS |  
2019-08-23 05:52:08,724 | INFO  | SCMAudit | user=jenkins1000 | ip=192.168.5.178 | op=SEND_HEARTBEAT {datanodeUUID=564f3e1b-dc37-4d98-9518-cc9451ddb3ca, command=[]} | ret=SUCCESS |  
2019-08-23 05:52:08,725 | INFO  | SCMAudit | user=jenkins1000 | ip=192.168.5.178 | op=SEND_HEARTBEAT {datanodeUUID=d4f36997-48a6-49b8-995b-3c38d9ac3c0f, command=[]} | ret=SUCCESS |  
2019-08-23 05:52:08,748 | INFO  | SCMAudit | user=jenkins1000 | ip=192.168.5.178 | op=SEND_HEARTBEAT {datanodeUUID=9e0d48e9-795f-4679-b1bc-974fe7951c55, command=[]} | ret=SUCCESS |  
2019-08-23 05:52:08,847 | INFO  | SCMAudit | user=jenkins1000 | ip=192.168.5.178 | op=SEND_HEARTBEAT {datanodeUUID=96a4345b-84e3-4f69-b56b-0cb9f3200145, command=[]} | ret=SUCCESS |  
2019-08-23 05:52:09,055 | INFO  | SCMAudit | user=jenkins1000 | ip=192.168.5.178 | op=SEND_HEARTBEAT {datanodeUUID=c6842691-702c-4d39-b47f-d27b1fab8f33, command=[]} | ret=SUCCESS |  
2019-08-23 05:52:09,232 | INFO  | SCMAudit | user=jenkins1000 | ip=192.168.5.178 | op=SEND_HEARTBEAT {datanodeUUID=6b30598f-e3b0-450c-bc0d-9274443a7fa0, command=[]} | ret=SUCCESS |  
2019-08-23 05:52:09,286 | INFO  | SCMAudit | user=jenkins1000 | ip=192.168.5.178 | op=SEND_HEARTBEAT {datanodeUUID=63fd8c64-0397-4420-bb2f-fd9af094cc1f, command=[]} | ret=SUCCESS |  
2019-08-23 05:52:09,724 | INFO  | SCMAudit | user=jenkins1000 | ip=192.168.5.178 | op=SEND_HEARTBEAT {datanodeUUID=d4f36997-48a6-49b8-995b-3c38d9ac3c0f, command=[]} | ret=SUCCESS |  
2019-08-23 05:52:09,724 | INFO  | SCMAudit | user=jenkins1000 | ip=192.168.5.178 | op=SEND_HEARTBEAT {datanodeUUID=564f3e1b-dc37-4d98-9518-cc9451ddb3ca, command=[]} | ret=SUCCESS |  
2019-08-23 05:52:09,748 | INFO  | SCMAudit | user=jenkins1000 | ip=192.168.5.178 | op=SEND_HEARTBEAT {datanodeUUID=9e0d48e9-795f-4679-b1bc-974fe7951c55, command=[]} | ret=SUCCESS |  
2019-08-23 05:52:09,847 | INFO  | SCMAudit | user=jenkins1000 | ip=192.168.5.178 | op=SEND_HEARTBEAT {datanodeUUID=96a4345b-84e3-4f69-b56b-0cb9f3200145, command=[]} | ret=SUCCESS |  
2019-08-23 05:52:10,056 | INFO  | SCMAudit | user=jenkins1000 | ip=192.168.5.178 | op=SEND_HEARTBEAT {datanodeUUID=c6842691-702c-4d39-b47f-d27b1fab8f33, command=[]} | ret=SUCCESS |  
2019-08-23 05:52:10,232 | INFO  | SCMAudit | user=jenkins1000 | ip=192.168.5.178 | op=SEND_HEARTBEAT {datanodeUUID=6b30598f-e3b0-450c-bc0d-9274443a7fa0, command=[]} | ret=SUCCESS |  
2019-08-23 05:52:10,289 | INFO  | SCMAudit | user=jenkins1000 | ip=192.168.5.178 | op=SEND_HEARTBEAT {datanodeUUID=63fd8c64-0397-4420-bb2f-fd9af094cc1f, command=[]} | ret=SUCCESS |  
2019-08-23 05:52:10,724 | INFO  | SCMAudit | user=jenkins1000 | ip=192.168.5.178 | op=SEND_HEARTBEAT {datanodeUUID=d4f36997-48a6-49b8-995b-3c38d9ac3c0f, command=[]} | ret=SUCCESS |  
2019-08-23 05:52:10,724 | INFO  | SCMAudit | user=jenkins1000 | ip=192.168.5.178 | op=SEND_HEARTBEAT {datanodeUUID=564f3e1b-dc37-4d98-9518-cc9451ddb3ca, command=[]} | ret=SUCCESS |  
2019-08-23 05:52:10,748 | INFO  | SCMAudit | user=jenkins1000 | ip=192.168.5.178 | op=SEND_HEARTBEAT {datanodeUUID=9e0d48e9-795f-4679-b1bc-974fe7951c55, command=[]} | ret=SUCCESS |  
2019-08-23 05:52:10,848 | INFO  | SCMAudit | user=jenkins1000 | ip=192.168.5.178 | op=SEND_HEARTBEAT {datanodeUUID=96a4345b-84e3-4f69-b56b-0cb9f3200145, command=[]} | ret=SUCCESS |  
2019-08-23 05:52:11,056 | INFO  | SCMAudit | user=jenkins1000 | ip=192.168.5.178 | op=SEND_HEARTBEAT {datanodeUUID=c6842691-702c-4d39-b47f-d27b1fab8f33, command=[]} | ret=SUCCESS |  
2019-08-23 05:52:11,232 | INFO  | SCMAudit | user=jenkins1000 | ip=192.168.5.178 | op=SEND_HEARTBEAT {datanodeUUID=6b30598f-e3b0-450c-bc0d-9274443a7fa0, command=[]} | ret=SUCCESS |  
2019-08-23 05:52:11,286 | INFO  | SCMAudit | user=jenkins1000 | ip=192.168.5.178 | op=SEND_HEARTBEAT {datanodeUUID=63fd8c64-0397-4420-bb2f-fd9af094cc1f, command=[]} | ret=SUCCESS |  
2019-08-23 05:52:11,313 [grpc-default-executor-1] INFO  client.GrpcClientProtocolClient (GrpcClientProtocolClient.java:onNext(255)) - client-DB4E080F923B->9e0d48e9-795f-4679-b1bc-974fe7951c55: receive RaftClientReply:client-DB4E080F923B->9e0d48e9-795f-4679-b1bc-974fe7951c55@group-FC65621A5432, cid=45, FAILED org.apache.ratis.protocol.NotLeaderException: Server 9e0d48e9-795f-4679-b1bc-974fe7951c55 is not the leader (d4f36997-48a6-49b8-995b-3c38d9ac3c0f:192.168.5.178:40775). Request must be sent to leader., logIndex=0, commits[9e0d48e9-795f-4679-b1bc-974fe7951c55:c8, 564f3e1b-dc37-4d98-9518-cc9451ddb3ca:c8, d4f36997-48a6-49b8-995b-3c38d9ac3c0f:c8]
2019-08-23 05:52:11,724 | INFO  | SCMAudit | user=jenkins1000 | ip=192.168.5.178 | op=SEND_HEARTBEAT {datanodeUUID=d4f36997-48a6-49b8-995b-3c38d9ac3c0f, command=[]} | ret=SUCCESS |  
2019-08-23 05:52:11,724 | INFO  | SCMAudit | user=jenkins1000 | ip=192.168.5.178 | op=SEND_HEARTBEAT {datanodeUUID=564f3e1b-dc37-4d98-9518-cc9451ddb3ca, command=[]} | ret=SUCCESS |  
2019-08-23 05:52:11,748 | INFO  | SCMAudit | user=jenkins1000 | ip=192.168.5.178 | op=SEND_HEARTBEAT {datanodeUUID=9e0d48e9-795f-4679-b1bc-974fe7951c55, command=[]} | ret=SUCCESS |  
2019-08-23 05:52:11,847 | INFO  | SCMAudit | user=jenkins1000 | ip=192.168.5.178 | op=SEND_HEARTBEAT {datanodeUUID=96a4345b-84e3-4f69-b56b-0cb9f3200145, command=[]} | ret=SUCCESS |  
2019-08-23 05:52:12,056 | INFO  | SCMAudit | user=jenkins1000 | ip=192.168.5.178 | op=SEND_HEARTBEAT {datanodeUUID=c6842691-702c-4d39-b47f-d27b1fab8f33, command=[]} | ret=SUCCESS |  
2019-08-23 05:52:12,232 | INFO  | SCMAudit | user=jenkins1000 | ip=192.168.5.178 | op=SEND_HEARTBEAT {datanodeUUID=6b30598f-e3b0-450c-bc0d-9274443a7fa0, command=[]} | ret=SUCCESS |  
2019-08-23 05:52:12,286 | INFO  | SCMAudit | user=jenkins1000 | ip=192.168.5.178 | op=SEND_HEARTBEAT {datanodeUUID=63fd8c64-0397-4420-bb2f-fd9af094cc1f, command=[]} | ret=SUCCESS |  
2019-08-23 05:52:12,724 | INFO  | SCMAudit | user=jenkins1000 | ip=192.168.5.178 | op=SEND_HEARTBEAT {datanodeUUID=564f3e1b-dc37-4d98-9518-cc9451ddb3ca, command=[]} | ret=SUCCESS |  
2019-08-23 05:52:12,724 | INFO  | SCMAudit | user=jenkins1000 | ip=192.168.5.178 | op=SEND_HEARTBEAT {datanodeUUID=d4f36997-48a6-49b8-995b-3c38d9ac3c0f, command=[]} | ret=SUCCESS |  
2019-08-23 05:52:12,748 | INFO  | SCMAudit | user=jenkins1000 | ip=192.168.5.178 | op=SEND_HEARTBEAT {datanodeUUID=9e0d48e9-795f-4679-b1bc-974fe7951c55, command=[]} | ret=SUCCESS |  
2019-08-23 05:52:12,847 | INFO  | SCMAudit | user=jenkins1000 | ip=192.168.5.178 | op=SEND_HEARTBEAT {datanodeUUID=96a4345b-84e3-4f69-b56b-0cb9f3200145, command=[]} | ret=SUCCESS |  
2019-08-23 05:52:13,056 | INFO  | SCMAudit | user=jenkins1000 | ip=192.168.5.178 | op=SEND_HEARTBEAT {datanodeUUID=c6842691-702c-4d39-b47f-d27b1fab8f33, command=[]} | ret=SUCCESS |  
2019-08-23 05:52:13,232 | INFO  | SCMAudit | user=jenkins1000 | ip=192.168.5.178 | op=SEND_HEARTBEAT {datanodeUUID=6b30598f-e3b0-450c-bc0d-9274443a7fa0, command=[]} | ret=SUCCESS |  
2019-08-23 05:52:13,286 | INFO  | SCMAudit | user=jenkins1000 | ip=192.168.5.178 | op=SEND_HEARTBEAT {datanodeUUID=63fd8c64-0397-4420-bb2f-fd9af094cc1f, command=[]} | ret=SUCCESS |  
2019-08-23 05:52:13,724 | INFO  | SCMAudit | user=jenkins1000 | ip=192.168.5.178 | op=SEND_HEARTBEAT {datanodeUUID=564f3e1b-dc37-4d98-9518-cc9451ddb3ca, command=[]} | ret=SUCCESS |  
2019-08-23 05:52:13,724 | INFO  | SCMAudit | user=jenkins1000 | ip=192.168.5.178 | op=SEND_HEARTBEAT {datanodeUUID=d4f36997-48a6-49b8-995b-3c38d9ac3c0f, command=[]} | ret=SUCCESS |  
2019-08-23 05:52:13,748 | INFO  | SCMAudit | user=jenkins1000 | ip=192.168.5.178 | op=SEND_HEARTBEAT {datanodeUUID=9e0d48e9-795f-4679-b1bc-974fe7951c55, command=[]} | ret=SUCCESS |  
2019-08-23 05:52:13,847 | INFO  | SCMAudit | user=jenkins1000 | ip=192.168.5.178 | op=SEND_HEARTBEAT {datanodeUUID=96a4345b-84e3-4f69-b56b-0cb9f3200145, command=[]} | ret=SUCCESS |  
2019-08-23 05:52:14,056 | INFO  | SCMAudit | user=jenkins1000 | ip=192.168.5.178 | op=SEND_HEARTBEAT {datanodeUUID=c6842691-702c-4d39-b47f-d27b1fab8f33, command=[]} | ret=SUCCESS |  
2019-08-23 05:52:14,233 | INFO  | SCMAudit | user=jenkins1000 | ip=192.168.5.178 | op=SEND_HEARTBEAT {datanodeUUID=6b30598f-e3b0-450c-bc0d-9274443a7fa0, command=[]} | ret=SUCCESS |  
2019-08-23 05:52:14,286 | INFO  | SCMAudit | user=jenkins1000 | ip=192.168.5.178 | op=SEND_HEARTBEAT {datanodeUUID=63fd8c64-0397-4420-bb2f-fd9af094cc1f, command=[]} | ret=SUCCESS |  
2019-08-23 05:52:14,724 | INFO  | SCMAudit | user=jenkins1000 | ip=192.168.5.178 | op=SEND_HEARTBEAT {datanodeUUID=564f3e1b-dc37-4d98-9518-cc9451ddb3ca, command=[]} | ret=SUCCESS |  
2019-08-23 05:52:14,724 | INFO  | SCMAudit | user=jenkins1000 | ip=192.168.5.178 | op=SEND_HEARTBEAT {datanodeUUID=d4f36997-48a6-49b8-995b-3c38d9ac3c0f, command=[]} | ret=SUCCESS |  
2019-08-23 05:52:14,748 | INFO  | SCMAudit | user=jenkins1000 | ip=192.168.5.178 | op=SEND_HEARTBEAT {datanodeUUID=9e0d48e9-795f-4679-b1bc-974fe7951c55, command=[]} | ret=SUCCESS |  
2019-08-23 05:52:14,848 | INFO  | SCMAudit | user=jenkins1000 | ip=192.168.5.178 | op=SEND_HEARTBEAT {datanodeUUID=96a4345b-84e3-4f69-b56b-0cb9f3200145, command=[]} | ret=SUCCESS |  
2019-08-23 05:52:15,057 | INFO  | SCMAudit | user=jenkins1000 | ip=192.168.5.178 | op=SEND_HEARTBEAT {datanodeUUID=c6842691-702c-4d39-b47f-d27b1fab8f33, command=[]} | ret=SUCCESS |  
2019-08-23 05:52:15,233 | INFO  | SCMAudit | user=jenkins1000 | ip=192.168.5.178 | op=SEND_HEARTBEAT {datanodeUUID=6b30598f-e3b0-450c-bc0d-9274443a7fa0, command=[]} | ret=SUCCESS |  
2019-08-23 05:52:15,286 | INFO  | SCMAudit | user=jenkins1000 | ip=192.168.5.178 | op=SEND_HEARTBEAT {datanodeUUID=63fd8c64-0397-4420-bb2f-fd9af094cc1f, command=[]} | ret=SUCCESS |  
2019-08-23 05:52:15,724 | INFO  | SCMAudit | user=jenkins1000 | ip=192.168.5.178 | op=SEND_HEARTBEAT {datanodeUUID=564f3e1b-dc37-4d98-9518-cc9451ddb3ca, command=[]} | ret=SUCCESS |  
2019-08-23 05:52:15,724 | INFO  | SCMAudit | user=jenkins1000 | ip=192.168.5.178 | op=SEND_HEARTBEAT {datanodeUUID=d4f36997-48a6-49b8-995b-3c38d9ac3c0f, command=[]} | ret=SUCCESS |  
2019-08-23 05:52:15,748 | INFO  | SCMAudit | user=jenkins1000 | ip=192.168.5.178 | op=SEND_HEARTBEAT {datanodeUUID=9e0d48e9-795f-4679-b1bc-974fe7951c55, command=[]} | ret=SUCCESS |  
2019-08-23 05:52:15,847 | INFO  | SCMAudit | user=jenkins1000 | ip=192.168.5.178 | op=SEND_HEARTBEAT {datanodeUUID=96a4345b-84e3-4f69-b56b-0cb9f3200145, command=[]} | ret=SUCCESS |  
2019-08-23 05:52:16,057 | INFO  | SCMAudit | user=jenkins1000 | ip=192.168.5.178 | op=SEND_HEARTBEAT {datanodeUUID=c6842691-702c-4d39-b47f-d27b1fab8f33, command=[]} | ret=SUCCESS |  
2019-08-23 05:52:16,233 | INFO  | SCMAudit | user=jenkins1000 | ip=192.168.5.178 | op=SEND_HEARTBEAT {datanodeUUID=6b30598f-e3b0-450c-bc0d-9274443a7fa0, command=[]} | ret=SUCCESS |  
2019-08-23 05:52:16,286 | INFO  | SCMAudit | user=jenkins1000 | ip=192.168.5.178 | op=SEND_HEARTBEAT {datanodeUUID=63fd8c64-0397-4420-bb2f-fd9af094cc1f, command=[]} | ret=SUCCESS |  
2019-08-23 05:52:16,361 [grpc-default-executor-5] INFO  client.GrpcClientProtocolClient (GrpcClientProtocolClient.java:onNext(255)) - client-DB4E080F923B->564f3e1b-dc37-4d98-9518-cc9451ddb3ca: receive RaftClientReply:client-DB4E080F923B->564f3e1b-dc37-4d98-9518-cc9451ddb3ca@group-FC65621A5432, cid=45, FAILED org.apache.ratis.protocol.NotLeaderException: Server 564f3e1b-dc37-4d98-9518-cc9451ddb3ca is not the leader (d4f36997-48a6-49b8-995b-3c38d9ac3c0f:192.168.5.178:40775). Request must be sent to leader., logIndex=0, commits[564f3e1b-dc37-4d98-9518-cc9451ddb3ca:c8, 9e0d48e9-795f-4679-b1bc-974fe7951c55:c8, d4f36997-48a6-49b8-995b-3c38d9ac3c0f:c8]
2019-08-23 05:52:16,724 | INFO  | SCMAudit | user=jenkins1000 | ip=192.168.5.178 | op=SEND_HEARTBEAT {datanodeUUID=564f3e1b-dc37-4d98-9518-cc9451ddb3ca, command=[]} | ret=SUCCESS |  
2019-08-23 05:52:16,724 | INFO  | SCMAudit | user=jenkins1000 | ip=192.168.5.178 | op=SEND_HEARTBEAT {datanodeUUID=d4f36997-48a6-49b8-995b-3c38d9ac3c0f, command=[]} | ret=SUCCESS |  
2019-08-23 05:52:16,748 | INFO  | SCMAudit | user=jenkins1000 | ip=192.168.5.178 | op=SEND_HEARTBEAT {datanodeUUID=9e0d48e9-795f-4679-b1bc-974fe7951c55, command=[]} | ret=SUCCESS |  
2019-08-23 05:52:16,847 | INFO  | SCMAudit | user=jenkins1000 | ip=192.168.5.178 | op=SEND_HEARTBEAT {datanodeUUID=96a4345b-84e3-4f69-b56b-0cb9f3200145, command=[]} | ret=SUCCESS |  
2019-08-23 05:52:17,058 | INFO  | SCMAudit | user=jenkins1000 | ip=192.168.5.178 | op=SEND_HEARTBEAT {datanodeUUID=c6842691-702c-4d39-b47f-d27b1fab8f33, command=[]} | ret=SUCCESS |  
2019-08-23 05:52:17,233 | INFO  | SCMAudit | user=jenkins1000 | ip=192.168.5.178 | op=SEND_HEARTBEAT {datanodeUUID=6b30598f-e3b0-450c-bc0d-9274443a7fa0, command=[]} | ret=SUCCESS |  
2019-08-23 05:52:17,286 | INFO  | SCMAudit | user=jenkins1000 | ip=192.168.5.178 | op=SEND_HEARTBEAT {datanodeUUID=63fd8c64-0397-4420-bb2f-fd9af094cc1f, command=[]} | ret=SUCCESS |  
2019-08-23 05:52:17,724 | INFO  | SCMAudit | user=jenkins1000 | ip=192.168.5.178 | op=SEND_HEARTBEAT {datanodeUUID=564f3e1b-dc37-4d98-9518-cc9451ddb3ca, command=[]} | ret=SUCCESS |  
2019-08-23 05:52:17,724 | INFO  | SCMAudit | user=jenkins1000 | ip=192.168.5.178 | op=SEND_HEARTBEAT {datanodeUUID=d4f36997-48a6-49b8-995b-3c38d9ac3c0f, command=[]} | ret=SUCCESS |  
2019-08-23 05:52:17,748 | INFO  | SCMAudit | user=jenkins1000 | ip=192.168.5.178 | op=SEND_HEARTBEAT {datanodeUUID=9e0d48e9-795f-4679-b1bc-974fe7951c55, command=[]} | ret=SUCCESS |  
2019-08-23 05:52:17,847 | INFO  | SCMAudit | user=jenkins1000 | ip=192.168.5.178 | op=SEND_HEARTBEAT {datanodeUUID=96a4345b-84e3-4f69-b56b-0cb9f3200145, command=[]} | ret=SUCCESS |  
2019-08-23 05:52:18,058 | INFO  | SCMAudit | user=jenkins1000 | ip=192.168.5.178 | op=SEND_HEARTBEAT {datanodeUUID=c6842691-702c-4d39-b47f-d27b1fab8f33, command=[]} | ret=SUCCESS |  
2019-08-23 05:52:18,233 | INFO  | SCMAudit | user=jenkins1000 | ip=192.168.5.178 | op=SEND_HEARTBEAT {datanodeUUID=6b30598f-e3b0-450c-bc0d-9274443a7fa0, command=[]} | ret=SUCCESS |  
2019-08-23 05:52:18,286 | INFO  | SCMAudit | user=jenkins1000 | ip=192.168.5.178 | op=SEND_HEARTBEAT {datanodeUUID=63fd8c64-0397-4420-bb2f-fd9af094cc1f, command=[]} | ret=SUCCESS |  
2019-08-23 05:52:18,725 | INFO  | SCMAudit | user=jenkins1000 | ip=192.168.5.178 | op=SEND_HEARTBEAT {datanodeUUID=564f3e1b-dc37-4d98-9518-cc9451ddb3ca, command=[]} | ret=SUCCESS |  
2019-08-23 05:52:18,725 | INFO  | SCMAudit | user=jenkins1000 | ip=192.168.5.178 | op=SEND_HEARTBEAT {datanodeUUID=d4f36997-48a6-49b8-995b-3c38d9ac3c0f, command=[]} | ret=SUCCESS |  
2019-08-23 05:52:18,748 | INFO  | SCMAudit | user=jenkins1000 | ip=192.168.5.178 | op=SEND_HEARTBEAT {datanodeUUID=9e0d48e9-795f-4679-b1bc-974fe7951c55, command=[]} | ret=SUCCESS |  
2019-08-23 05:52:18,847 | INFO  | SCMAudit | user=jenkins1000 | ip=192.168.5.178 | op=SEND_HEARTBEAT {datanodeUUID=96a4345b-84e3-4f69-b56b-0cb9f3200145, command=[]} | ret=SUCCESS |  
2019-08-23 05:52:19,059 | INFO  | SCMAudit | user=jenkins1000 | ip=192.168.5.178 | op=SEND_HEARTBEAT {datanodeUUID=c6842691-702c-4d39-b47f-d27b1fab8f33, command=[]} | ret=SUCCESS |  
2019-08-23 05:52:19,233 | INFO  | SCMAudit | user=jenkins1000 | ip=192.168.5.178 | op=SEND_HEARTBEAT {datanodeUUID=6b30598f-e3b0-450c-bc0d-9274443a7fa0, command=[]} | ret=SUCCESS |  
2019-08-23 05:52:19,286 | INFO  | SCMAudit | user=jenkins1000 | ip=192.168.5.178 | op=SEND_HEARTBEAT {datanodeUUID=63fd8c64-0397-4420-bb2f-fd9af094cc1f, command=[]} | ret=SUCCESS |  
2019-08-23 05:52:19,725 | INFO  | SCMAudit | user=jenkins1000 | ip=192.168.5.178 | op=SEND_HEARTBEAT {datanodeUUID=564f3e1b-dc37-4d98-9518-cc9451ddb3ca, command=[]} | ret=SUCCESS |  
2019-08-23 05:52:19,725 | INFO  | SCMAudit | user=jenkins1000 | ip=192.168.5.178 | op=SEND_HEARTBEAT {datanodeUUID=d4f36997-48a6-49b8-995b-3c38d9ac3c0f, command=[]} | ret=SUCCESS |  
2019-08-23 05:52:19,748 | INFO  | SCMAudit | user=jenkins1000 | ip=192.168.5.178 | op=SEND_HEARTBEAT {datanodeUUID=9e0d48e9-795f-4679-b1bc-974fe7951c55, command=[]} | ret=SUCCESS |  
2019-08-23 05:52:19,847 | INFO  | SCMAudit | user=jenkins1000 | ip=192.168.5.178 | op=SEND_HEARTBEAT {datanodeUUID=96a4345b-84e3-4f69-b56b-0cb9f3200145, command=[]} | ret=SUCCESS |  
2019-08-23 05:52:20,059 | INFO  | SCMAudit | user=jenkins1000 | ip=192.168.5.178 | op=SEND_HEARTBEAT {datanodeUUID=c6842691-702c-4d39-b47f-d27b1fab8f33, command=[]} | ret=SUCCESS |  
2019-08-23 05:52:20,233 | INFO  | SCMAudit | user=jenkins1000 | ip=192.168.5.178 | op=SEND_HEARTBEAT {datanodeUUID=6b30598f-e3b0-450c-bc0d-9274443a7fa0, command=[]} | ret=SUCCESS |  
2019-08-23 05:52:20,287 | INFO  | SCMAudit | user=jenkins1000 | ip=192.168.5.178 | op=SEND_HEARTBEAT {datanodeUUID=63fd8c64-0397-4420-bb2f-fd9af094cc1f, command=[]} | ret=SUCCESS |  
2019-08-23 05:52:20,725 | INFO  | SCMAudit | user=jenkins1000 | ip=192.168.5.178 | op=SEND_HEARTBEAT {datanodeUUID=564f3e1b-dc37-4d98-9518-cc9451ddb3ca, command=[]} | ret=SUCCESS |  
2019-08-23 05:52:20,725 | INFO  | SCMAudit | user=jenkins1000 | ip=192.168.5.178 | op=SEND_HEARTBEAT {datanodeUUID=d4f36997-48a6-49b8-995b-3c38d9ac3c0f, command=[]} | ret=SUCCESS |  
2019-08-23 05:52:20,748 | INFO  | SCMAudit | user=jenkins1000 | ip=192.168.5.178 | op=SEND_HEARTBEAT {datanodeUUID=9e0d48e9-795f-4679-b1bc-974fe7951c55, command=[]} | ret=SUCCESS |  
2019-08-23 05:52:20,847 | INFO  | SCMAudit | user=jenkins1000 | ip=192.168.5.178 | op=SEND_HEARTBEAT {datanodeUUID=96a4345b-84e3-4f69-b56b-0cb9f3200145, command=[]} | ret=SUCCESS |  
2019-08-23 05:52:21,059 | INFO  | SCMAudit | user=jenkins1000 | ip=192.168.5.178 | op=SEND_HEARTBEAT {datanodeUUID=c6842691-702c-4d39-b47f-d27b1fab8f33, command=[]} | ret=SUCCESS |  
2019-08-23 05:52:21,234 | INFO  | SCMAudit | user=jenkins1000 | ip=192.168.5.178 | op=SEND_HEARTBEAT {datanodeUUID=6b30598f-e3b0-450c-bc0d-9274443a7fa0, command=[]} | ret=SUCCESS |  
2019-08-23 05:52:21,286 | INFO  | SCMAudit | user=jenkins1000 | ip=192.168.5.178 | op=SEND_HEARTBEAT {datanodeUUID=63fd8c64-0397-4420-bb2f-fd9af094cc1f, command=[]} | ret=SUCCESS |  
2019-08-23 05:52:21,451 [grpc-default-executor-5] INFO  client.GrpcClientProtocolClient (GrpcClientProtocolClient.java:onNext(255)) - client-DB4E080F923B->564f3e1b-dc37-4d98-9518-cc9451ddb3ca: receive RaftClientReply:client-DB4E080F923B->564f3e1b-dc37-4d98-9518-cc9451ddb3ca@group-FC65621A5432, cid=45, FAILED org.apache.ratis.protocol.NotLeaderException: Server 564f3e1b-dc37-4d98-9518-cc9451ddb3ca is not the leader (d4f36997-48a6-49b8-995b-3c38d9ac3c0f:192.168.5.178:40775). Request must be sent to leader., logIndex=0, commits[564f3e1b-dc37-4d98-9518-cc9451ddb3ca:c8, 9e0d48e9-795f-4679-b1bc-974fe7951c55:c8, d4f36997-48a6-49b8-995b-3c38d9ac3c0f:c8]
2019-08-23 05:52:21,726 | INFO  | SCMAudit | user=jenkins1000 | ip=192.168.5.178 | op=SEND_HEARTBEAT {datanodeUUID=564f3e1b-dc37-4d98-9518-cc9451ddb3ca, command=[]} | ret=SUCCESS |  
2019-08-23 05:52:21,726 | INFO  | SCMAudit | user=jenkins1000 | ip=192.168.5.178 | op=SEND_HEARTBEAT {datanodeUUID=d4f36997-48a6-49b8-995b-3c38d9ac3c0f, command=[]} | ret=SUCCESS |  
2019-08-23 05:52:21,749 | INFO  | SCMAudit | user=jenkins1000 | ip=192.168.5.178 | op=SEND_HEARTBEAT {datanodeUUID=9e0d48e9-795f-4679-b1bc-974fe7951c55, command=[]} | ret=SUCCESS |  
2019-08-23 05:52:21,847 | INFO  | SCMAudit | user=jenkins1000 | ip=192.168.5.178 | op=SEND_HEARTBEAT {datanodeUUID=96a4345b-84e3-4f69-b56b-0cb9f3200145, command=[]} | ret=SUCCESS |  
2019-08-23 05:52:22,059 | INFO  | SCMAudit | user=jenkins1000 | ip=192.168.5.178 | op=SEND_HEARTBEAT {datanodeUUID=c6842691-702c-4d39-b47f-d27b1fab8f33, command=[]} | ret=SUCCESS |  
2019-08-23 05:52:22,234 | INFO  | SCMAudit | user=jenkins1000 | ip=192.168.5.178 | op=SEND_HEARTBEAT {datanodeUUID=6b30598f-e3b0-450c-bc0d-9274443a7fa0, command=[]} | ret=SUCCESS |  
2019-08-23 05:52:22,286 | INFO  | SCMAudit | user=jenkins1000 | ip=192.168.5.178 | op=SEND_HEARTBEAT {datanodeUUID=63fd8c64-0397-4420-bb2f-fd9af094cc1f, command=[]} | ret=SUCCESS |  
2019-08-23 05:52:22,726 | INFO  | SCMAudit | user=jenkins1000 | ip=192.168.5.178 | op=SEND_HEARTBEAT {datanodeUUID=d4f36997-48a6-49b8-995b-3c38d9ac3c0f, command=[]} | ret=SUCCESS |  
2019-08-23 05:52:22,726 | INFO  | SCMAudit | user=jenkins1000 | ip=192.168.5.178 | op=SEND_HEARTBEAT {datanodeUUID=564f3e1b-dc37-4d98-9518-cc9451ddb3ca, command=[]} | ret=SUCCESS |  
2019-08-23 05:52:22,749 | INFO  | SCMAudit | user=jenkins1000 | ip=192.168.5.178 | op=SEND_HEARTBEAT {datanodeUUID=9e0d48e9-795f-4679-b1bc-974fe7951c55, command=[]} | ret=SUCCESS |  
2019-08-23 05:52:22,848 | INFO  | SCMAudit | user=jenkins1000 | ip=192.168.5.178 | op=SEND_HEARTBEAT {datanodeUUID=96a4345b-84e3-4f69-b56b-0cb9f3200145, command=[]} | ret=SUCCESS |  
2019-08-23 05:52:23,059 | INFO  | SCMAudit | user=jenkins1000 | ip=192.168.5.178 | op=SEND_HEARTBEAT {datanodeUUID=c6842691-702c-4d39-b47f-d27b1fab8f33, command=[]} | ret=SUCCESS |  
2019-08-23 05:52:23,235 | INFO  | SCMAudit | user=jenkins1000 | ip=192.168.5.178 | op=SEND_HEARTBEAT {datanodeUUID=6b30598f-e3b0-450c-bc0d-9274443a7fa0, command=[]} | ret=SUCCESS |  
2019-08-23 05:52:23,286 | INFO  | SCMAudit | user=jenkins1000 | ip=192.168.5.178 | op=SEND_HEARTBEAT {datanodeUUID=63fd8c64-0397-4420-bb2f-fd9af094cc1f, command=[]} | ret=SUCCESS |  
2019-08-23 05:52:23,726 | INFO  | SCMAudit | user=jenkins1000 | ip=192.168.5.178 | op=SEND_HEARTBEAT {datanodeUUID=564f3e1b-dc37-4d98-9518-cc9451ddb3ca, command=[]} | ret=SUCCESS |  
2019-08-23 05:52:23,726 | INFO  | SCMAudit | user=jenkins1000 | ip=192.168.5.178 | op=SEND_HEARTBEAT {datanodeUUID=d4f36997-48a6-49b8-995b-3c38d9ac3c0f, command=[]} | ret=SUCCESS |  
2019-08-23 05:52:23,749 | INFO  | SCMAudit | user=jenkins1000 | ip=192.168.5.178 | op=SEND_HEARTBEAT {datanodeUUID=9e0d48e9-795f-4679-b1bc-974fe7951c55, command=[]} | ret=SUCCESS |  
2019-08-23 05:52:23,849 | INFO  | SCMAudit | user=jenkins1000 | ip=192.168.5.178 | op=SEND_HEARTBEAT {datanodeUUID=96a4345b-84e3-4f69-b56b-0cb9f3200145, command=[]} | ret=SUCCESS |  
2019-08-23 05:52:24,061 | INFO  | SCMAudit | user=jenkins1000 | ip=192.168.5.178 | op=SEND_HEARTBEAT {datanodeUUID=c6842691-702c-4d39-b47f-d27b1fab8f33, command=[]} | ret=SUCCESS |  
2019-08-23 05:52:24,235 | INFO  | SCMAudit | user=jenkins1000 | ip=192.168.5.178 | op=SEND_HEARTBEAT {datanodeUUID=6b30598f-e3b0-450c-bc0d-9274443a7fa0, command=[]} | ret=SUCCESS |  
2019-08-23 05:52:24,287 | INFO  | SCMAudit | user=jenkins1000 | ip=192.168.5.178 | op=SEND_HEARTBEAT {datanodeUUID=63fd8c64-0397-4420-bb2f-fd9af094cc1f, command=[]} | ret=SUCCESS |  
2019-08-23 05:52:24,727 | INFO  | SCMAudit | user=jenkins1000 | ip=192.168.5.178 | op=SEND_HEARTBEAT {datanodeUUID=564f3e1b-dc37-4d98-9518-cc9451ddb3ca, command=[]} | ret=SUCCESS |  
2019-08-23 05:52:24,728 | INFO  | SCMAudit | user=jenkins1000 | ip=192.168.5.178 | op=SEND_HEARTBEAT {datanodeUUID=d4f36997-48a6-49b8-995b-3c38d9ac3c0f, command=[]} | ret=SUCCESS |  
2019-08-23 05:52:24,749 | INFO  | SCMAudit | user=jenkins1000 | ip=192.168.5.178 | op=SEND_HEARTBEAT {datanodeUUID=9e0d48e9-795f-4679-b1bc-974fe7951c55, command=[]} | ret=SUCCESS |  
2019-08-23 05:52:24,848 | INFO  | SCMAudit | user=jenkins1000 | ip=192.168.5.178 | op=SEND_HEARTBEAT {datanodeUUID=96a4345b-84e3-4f69-b56b-0cb9f3200145, command=[]} | ret=SUCCESS |  
2019-08-23 05:52:25,061 | INFO  | SCMAudit | user=jenkins1000 | ip=192.168.5.178 | op=SEND_HEARTBEAT {datanodeUUID=c6842691-702c-4d39-b47f-d27b1fab8f33, command=[]} | ret=SUCCESS |  
2019-08-23 05:52:25,236 | INFO  | SCMAudit | user=jenkins1000 | ip=192.168.5.178 | op=SEND_HEARTBEAT {datanodeUUID=6b30598f-e3b0-450c-bc0d-9274443a7fa0, command=[]} | ret=SUCCESS |  
2019-08-23 05:52:25,286 | INFO  | SCMAudit | user=jenkins1000 | ip=192.168.5.178 | op=SEND_HEARTBEAT {datanodeUUID=63fd8c64-0397-4420-bb2f-fd9af094cc1f, command=[]} | ret=SUCCESS |  
2019-08-23 05:52:25,727 | INFO  | SCMAudit | user=jenkins1000 | ip=192.168.5.178 | op=SEND_HEARTBEAT {datanodeUUID=564f3e1b-dc37-4d98-9518-cc9451ddb3ca, command=[]} | ret=SUCCESS |  
2019-08-23 05:52:25,728 | INFO  | SCMAudit | user=jenkins1000 | ip=192.168.5.178 | op=SEND_HEARTBEAT {datanodeUUID=d4f36997-48a6-49b8-995b-3c38d9ac3c0f, command=[]} | ret=SUCCESS |  
2019-08-23 05:52:25,750 | INFO  | SCMAudit | user=jenkins1000 | ip=192.168.5.178 | op=SEND_HEARTBEAT {datanodeUUID=9e0d48e9-795f-4679-b1bc-974fe7951c55, command=[]} | ret=SUCCESS |  
2019-08-23 05:52:25,848 | INFO  | SCMAudit | user=jenkins1000 | ip=192.168.5.178 | op=SEND_HEARTBEAT {datanodeUUID=96a4345b-84e3-4f69-b56b-0cb9f3200145, command=[]} | ret=SUCCESS |  
2019-08-23 05:52:26,061 | INFO  | SCMAudit | user=jenkins1000 | ip=192.168.5.178 | op=SEND_HEARTBEAT {datanodeUUID=c6842691-702c-4d39-b47f-d27b1fab8f33, command=[]} | ret=SUCCESS |  
2019-08-23 05:52:26,235 | INFO  | SCMAudit | user=jenkins1000 | ip=192.168.5.178 | op=SEND_HEARTBEAT {datanodeUUID=6b30598f-e3b0-450c-bc0d-9274443a7fa0, command=[]} | ret=SUCCESS |  
2019-08-23 05:52:26,286 | INFO  | SCMAudit | user=jenkins1000 | ip=192.168.5.178 | op=SEND_HEARTBEAT {datanodeUUID=63fd8c64-0397-4420-bb2f-fd9af094cc1f, command=[]} | ret=SUCCESS |  
2019-08-23 05:52:26,496 [grpc-default-executor-1] INFO  client.GrpcClientProtocolClient (GrpcClientProtocolClient.java:onNext(255)) - client-DB4E080F923B->564f3e1b-dc37-4d98-9518-cc9451ddb3ca: receive RaftClientReply:client-DB4E080F923B->564f3e1b-dc37-4d98-9518-cc9451ddb3ca@group-FC65621A5432, cid=45, FAILED org.apache.ratis.protocol.NotLeaderException: Server 564f3e1b-dc37-4d98-9518-cc9451ddb3ca is not the leader (d4f36997-48a6-49b8-995b-3c38d9ac3c0f:192.168.5.178:40775). Request must be sent to leader., logIndex=0, commits[564f3e1b-dc37-4d98-9518-cc9451ddb3ca:c8, 9e0d48e9-795f-4679-b1bc-974fe7951c55:c8, d4f36997-48a6-49b8-995b-3c38d9ac3c0f:c8]
2019-08-23 05:52:26,727 | INFO  | SCMAudit | user=jenkins1000 | ip=192.168.5.178 | op=SEND_HEARTBEAT {datanodeUUID=564f3e1b-dc37-4d98-9518-cc9451ddb3ca, command=[]} | ret=SUCCESS |  
2019-08-23 05:52:26,728 | INFO  | SCMAudit | user=jenkins1000 | ip=192.168.5.178 | op=SEND_HEARTBEAT {datanodeUUID=d4f36997-48a6-49b8-995b-3c38d9ac3c0f, command=[]} | ret=SUCCESS |  
2019-08-23 05:52:26,750 | INFO  | SCMAudit | user=jenkins1000 | ip=192.168.5.178 | op=SEND_HEARTBEAT {datanodeUUID=9e0d48e9-795f-4679-b1bc-974fe7951c55, command=[]} | ret=SUCCESS |  
2019-08-23 05:52:26,848 | INFO  | SCMAudit | user=jenkins1000 | ip=192.168.5.178 | op=SEND_HEARTBEAT {datanodeUUID=96a4345b-84e3-4f69-b56b-0cb9f3200145, command=[]} | ret=SUCCESS |  
2019-08-23 05:52:27,061 | INFO  | SCMAudit | user=jenkins1000 | ip=192.168.5.178 | op=SEND_HEARTBEAT {datanodeUUID=c6842691-702c-4d39-b47f-d27b1fab8f33, command=[]} | ret=SUCCESS |  
2019-08-23 05:52:27,235 | INFO  | SCMAudit | user=jenkins1000 | ip=192.168.5.178 | op=SEND_HEARTBEAT {datanodeUUID=6b30598f-e3b0-450c-bc0d-9274443a7fa0, command=[]} | ret=SUCCESS |  
2019-08-23 05:52:27,286 | INFO  | SCMAudit | user=jenkins1000 | ip=192.168.5.178 | op=SEND_HEARTBEAT {datanodeUUID=63fd8c64-0397-4420-bb2f-fd9af094cc1f, command=[]} | ret=SUCCESS |  
2019-08-23 05:52:27,727 | INFO  | SCMAudit | user=jenkins1000 | ip=192.168.5.178 | op=SEND_HEARTBEAT {datanodeUUID=564f3e1b-dc37-4d98-9518-cc9451ddb3ca, command=[]} | ret=SUCCESS |  
2019-08-23 05:52:27,728 | INFO  | SCMAudit | user=jenkins1000 | ip=192.168.5.178 | op=SEND_HEARTBEAT {datanodeUUID=d4f36997-48a6-49b8-995b-3c38d9ac3c0f, command=[]} | ret=SUCCESS |  
2019-08-23 05:52:27,750 | INFO  | SCMAudit | user=jenkins1000 | ip=192.168.5.178 | op=SEND_HEARTBEAT {datanodeUUID=9e0d48e9-795f-4679-b1bc-974fe7951c55, command=[]} | ret=SUCCESS |  
2019-08-23 05:52:27,848 | INFO  | SCMAudit | user=jenkins1000 | ip=192.168.5.178 | op=SEND_HEARTBEAT {datanodeUUID=96a4345b-84e3-4f69-b56b-0cb9f3200145, command=[]} | ret=SUCCESS |  
2019-08-23 05:52:28,061 | INFO  | SCMAudit | user=jenkins1000 | ip=192.168.5.178 | op=SEND_HEARTBEAT {datanodeUUID=c6842691-702c-4d39-b47f-d27b1fab8f33, command=[]} | ret=SUCCESS |  
2019-08-23 05:52:28,235 | INFO  | SCMAudit | user=jenkins1000 | ip=192.168.5.178 | op=SEND_HEARTBEAT {datanodeUUID=6b30598f-e3b0-450c-bc0d-9274443a7fa0, command=[]} | ret=SUCCESS |  
2019-08-23 05:52:28,286 | INFO  | SCMAudit | user=jenkins1000 | ip=192.168.5.178 | op=SEND_HEARTBEAT {datanodeUUID=63fd8c64-0397-4420-bb2f-fd9af094cc1f, command=[]} | ret=SUCCESS |  
2019-08-23 05:52:28,728 | INFO  | SCMAudit | user=jenkins1000 | ip=192.168.5.178 | op=SEND_HEARTBEAT {datanodeUUID=564f3e1b-dc37-4d98-9518-cc9451ddb3ca, command=[]} | ret=SUCCESS |  
2019-08-23 05:52:28,728 | INFO  | SCMAudit | user=jenkins1000 | ip=192.168.5.178 | op=SEND_HEARTBEAT {datanodeUUID=d4f36997-48a6-49b8-995b-3c38d9ac3c0f, command=[]} | ret=SUCCESS |  
2019-08-23 05:52:28,750 | INFO  | SCMAudit | user=jenkins1000 | ip=192.168.5.178 | op=SEND_HEARTBEAT {datanodeUUID=9e0d48e9-795f-4679-b1bc-974fe7951c55, command=[]} | ret=SUCCESS |  
2019-08-23 05:52:28,849 | INFO  | SCMAudit | user=jenkins1000 | ip=192.168.5.178 | op=SEND_HEARTBEAT {datanodeUUID=96a4345b-84e3-4f69-b56b-0cb9f3200145, command=[]} | ret=SUCCESS |  
2019-08-23 05:52:29,061 | INFO  | SCMAudit | user=jenkins1000 | ip=192.168.5.178 | op=SEND_HEARTBEAT {datanodeUUID=c6842691-702c-4d39-b47f-d27b1fab8f33, command=[]} | ret=SUCCESS |  
2019-08-23 05:52:29,235 | INFO  | SCMAudit | user=jenkins1000 | ip=192.168.5.178 | op=SEND_HEARTBEAT {datanodeUUID=6b30598f-e3b0-450c-bc0d-9274443a7fa0, command=[]} | ret=SUCCESS |  
2019-08-23 05:52:29,286 | INFO  | SCMAudit | user=jenkins1000 | ip=192.168.5.178 | op=SEND_HEARTBEAT {datanodeUUID=63fd8c64-0397-4420-bb2f-fd9af094cc1f, command=[]} | ret=SUCCESS |  
2019-08-23 05:52:29,728 | INFO  | SCMAudit | user=jenkins1000 | ip=192.168.5.178 | op=SEND_HEARTBEAT {datanodeUUID=d4f36997-48a6-49b8-995b-3c38d9ac3c0f, command=[]} | ret=SUCCESS |  
2019-08-23 05:52:29,728 | INFO  | SCMAudit | user=jenkins1000 | ip=192.168.5.178 | op=SEND_HEARTBEAT {datanodeUUID=564f3e1b-dc37-4d98-9518-cc9451ddb3ca, command=[]} | ret=SUCCESS |  
2019-08-23 05:52:29,750 | INFO  | SCMAudit | user=jenkins1000 | ip=192.168.5.178 | op=SEND_HEARTBEAT {datanodeUUID=9e0d48e9-795f-4679-b1bc-974fe7951c55, command=[]} | ret=SUCCESS |  
2019-08-23 05:52:29,849 | INFO  | SCMAudit | user=jenkins1000 | ip=192.168.5.178 | op=SEND_HEARTBEAT {datanodeUUID=96a4345b-84e3-4f69-b56b-0cb9f3200145, command=[]} | ret=SUCCESS |  
2019-08-23 05:52:30,062 | INFO  | SCMAudit | user=jenkins1000 | ip=192.168.5.178 | op=SEND_HEARTBEAT {datanodeUUID=c6842691-702c-4d39-b47f-d27b1fab8f33, command=[]} | ret=SUCCESS |  
2019-08-23 05:52:30,235 | INFO  | SCMAudit | user=jenkins1000 | ip=192.168.5.178 | op=SEND_HEARTBEAT {datanodeUUID=6b30598f-e3b0-450c-bc0d-9274443a7fa0, command=[]} | ret=SUCCESS |  
2019-08-23 05:52:30,286 | INFO  | SCMAudit | user=jenkins1000 | ip=192.168.5.178 | op=SEND_HEARTBEAT {datanodeUUID=63fd8c64-0397-4420-bb2f-fd9af094cc1f, command=[]} | ret=SUCCESS |  
2019-08-23 05:52:30,728 | INFO  | SCMAudit | user=jenkins1000 | ip=192.168.5.178 | op=SEND_HEARTBEAT {datanodeUUID=d4f36997-48a6-49b8-995b-3c38d9ac3c0f, command=[]} | ret=SUCCESS |  
2019-08-23 05:52:30,728 | INFO  | SCMAudit | user=jenkins1000 | ip=192.168.5.178 | op=SEND_HEARTBEAT {datanodeUUID=564f3e1b-dc37-4d98-9518-cc9451ddb3ca, command=[]} | ret=SUCCESS |  
2019-08-23 05:52:30,750 | INFO  | SCMAudit | user=jenkins1000 | ip=192.168.5.178 | op=SEND_HEARTBEAT {datanodeUUID=9e0d48e9-795f-4679-b1bc-974fe7951c55, command=[]} | ret=SUCCESS |  
2019-08-23 05:52:30,849 | INFO  | SCMAudit | user=jenkins1000 | ip=192.168.5.178 | op=SEND_HEARTBEAT {datanodeUUID=96a4345b-84e3-4f69-b56b-0cb9f3200145, command=[]} | ret=SUCCESS |  
2019-08-23 05:52:31,061 | INFO  | SCMAudit | user=jenkins1000 | ip=192.168.5.178 | op=SEND_HEARTBEAT {datanodeUUID=c6842691-702c-4d39-b47f-d27b1fab8f33, command=[]} | ret=SUCCESS |  
2019-08-23 05:52:31,236 | INFO  | SCMAudit | user=jenkins1000 | ip=192.168.5.178 | op=SEND_HEARTBEAT {datanodeUUID=6b30598f-e3b0-450c-bc0d-9274443a7fa0, command=[]} | ret=SUCCESS |  
2019-08-23 05:52:31,286 | INFO  | SCMAudit | user=jenkins1000 | ip=192.168.5.178 | op=SEND_HEARTBEAT {datanodeUUID=63fd8c64-0397-4420-bb2f-fd9af094cc1f, command=[]} | ret=SUCCESS |  
2019-08-23 05:52:31,540 [grpc-default-executor-5] INFO  client.GrpcClientProtocolClient (GrpcClientProtocolClient.java:onNext(255)) - client-DB4E080F923B->564f3e1b-dc37-4d98-9518-cc9451ddb3ca: receive RaftClientReply:client-DB4E080F923B->564f3e1b-dc37-4d98-9518-cc9451ddb3ca@group-FC65621A5432, cid=45, FAILED org.apache.ratis.protocol.NotLeaderException: Server 564f3e1b-dc37-4d98-9518-cc9451ddb3ca is not the leader (d4f36997-48a6-49b8-995b-3c38d9ac3c0f:192.168.5.178:40775). Request must be sent to leader., logIndex=0, commits[564f3e1b-dc37-4d98-9518-cc9451ddb3ca:c8, 9e0d48e9-795f-4679-b1bc-974fe7951c55:c8, d4f36997-48a6-49b8-995b-3c38d9ac3c0f:c8]
2019-08-23 05:52:31,728 | INFO  | SCMAudit | user=jenkins1000 | ip=192.168.5.178 | op=SEND_HEARTBEAT {datanodeUUID=564f3e1b-dc37-4d98-9518-cc9451ddb3ca, command=[]} | ret=SUCCESS |  
2019-08-23 05:52:31,728 | INFO  | SCMAudit | user=jenkins1000 | ip=192.168.5.178 | op=SEND_HEARTBEAT {datanodeUUID=d4f36997-48a6-49b8-995b-3c38d9ac3c0f, command=[]} | ret=SUCCESS |  
2019-08-23 05:52:31,751 | INFO  | SCMAudit | user=jenkins1000 | ip=192.168.5.178 | op=SEND_HEARTBEAT {datanodeUUID=9e0d48e9-795f-4679-b1bc-974fe7951c55, command=[]} | ret=SUCCESS |  
2019-08-23 05:52:31,849 | INFO  | SCMAudit | user=jenkins1000 | ip=192.168.5.178 | op=SEND_HEARTBEAT {datanodeUUID=96a4345b-84e3-4f69-b56b-0cb9f3200145, command=[]} | ret=SUCCESS |  
2019-08-23 05:52:32,061 | INFO  | SCMAudit | user=jenkins1000 | ip=192.168.5.178 | op=SEND_HEARTBEAT {datanodeUUID=c6842691-702c-4d39-b47f-d27b1fab8f33, command=[]} | ret=SUCCESS |  
2019-08-23 05:52:32,236 | INFO  | SCMAudit | user=jenkins1000 | ip=192.168.5.178 | op=SEND_HEARTBEAT {datanodeUUID=6b30598f-e3b0-450c-bc0d-9274443a7fa0, command=[]} | ret=SUCCESS |  
2019-08-23 05:52:32,286 | INFO  | SCMAudit | user=jenkins1000 | ip=192.168.5.178 | op=SEND_HEARTBEAT {datanodeUUID=63fd8c64-0397-4420-bb2f-fd9af094cc1f, command=[]} | ret=SUCCESS |  
2019-08-23 05:52:32,728 | INFO  | SCMAudit | user=jenkins1000 | ip=192.168.5.178 | op=SEND_HEARTBEAT {datanodeUUID=d4f36997-48a6-49b8-995b-3c38d9ac3c0f, command=[]} | ret=SUCCESS |  
2019-08-23 05:52:32,728 | INFO  | SCMAudit | user=jenkins1000 | ip=192.168.5.178 | op=SEND_HEARTBEAT {datanodeUUID=564f3e1b-dc37-4d98-9518-cc9451ddb3ca, command=[]} | ret=SUCCESS |  
2019-08-23 05:52:32,751 | INFO  | SCMAudit | user=jenkins1000 | ip=192.168.5.178 | op=SEND_HEARTBEAT {datanodeUUID=9e0d48e9-795f-4679-b1bc-974fe7951c55, command=[]} | ret=SUCCESS |  
2019-08-23 05:52:32,849 | INFO  | SCMAudit | user=jenkins1000 | ip=192.168.5.178 | op=SEND_HEARTBEAT {datanodeUUID=96a4345b-84e3-4f69-b56b-0cb9f3200145, command=[]} | ret=SUCCESS |  
2019-08-23 05:52:33,062 | INFO  | SCMAudit | user=jenkins1000 | ip=192.168.5.178 | op=SEND_HEARTBEAT {datanodeUUID=c6842691-702c-4d39-b47f-d27b1fab8f33, command=[]} | ret=SUCCESS |  
2019-08-23 05:52:33,236 | INFO  | SCMAudit | user=jenkins1000 | ip=192.168.5.178 | op=SEND_HEARTBEAT {datanodeUUID=6b30598f-e3b0-450c-bc0d-9274443a7fa0, command=[]} | ret=SUCCESS |  
2019-08-23 05:52:33,286 | INFO  | SCMAudit | user=jenkins1000 | ip=192.168.5.178 | op=SEND_HEARTBEAT {datanodeUUID=63fd8c64-0397-4420-bb2f-fd9af094cc1f, command=[]} | ret=SUCCESS |  
2019-08-23 05:52:33,728 | INFO  | SCMAudit | user=jenkins1000 | ip=192.168.5.178 | op=SEND_HEARTBEAT {datanodeUUID=564f3e1b-dc37-4d98-9518-cc9451ddb3ca, command=[]} | ret=SUCCESS |  
2019-08-23 05:52:33,728 | INFO  | SCMAudit | user=jenkins1000 | ip=192.168.5.178 | op=SEND_HEARTBEAT {datanodeUUID=d4f36997-48a6-49b8-995b-3c38d9ac3c0f, command=[]} | ret=SUCCESS |  
2019-08-23 05:52:33,751 | INFO  | SCMAudit | user=jenkins1000 | ip=192.168.5.178 | op=SEND_HEARTBEAT {datanodeUUID=9e0d48e9-795f-4679-b1bc-974fe7951c55, command=[]} | ret=SUCCESS |  
2019-08-23 05:52:33,849 | INFO  | SCMAudit | user=jenkins1000 | ip=192.168.5.178 | op=SEND_HEARTBEAT {datanodeUUID=96a4345b-84e3-4f69-b56b-0cb9f3200145, command=[]} | ret=SUCCESS |  
2019-08-23 05:52:34,062 | INFO  | SCMAudit | user=jenkins1000 | ip=192.168.5.178 | op=SEND_HEARTBEAT {datanodeUUID=c6842691-702c-4d39-b47f-d27b1fab8f33, command=[]} | ret=SUCCESS |  
2019-08-23 05:52:34,236 | INFO  | SCMAudit | user=jenkins1000 | ip=192.168.5.178 | op=SEND_HEARTBEAT {datanodeUUID=6b30598f-e3b0-450c-bc0d-9274443a7fa0, command=[]} | ret=SUCCESS |  
2019-08-23 05:52:34,287 | INFO  | SCMAudit | user=jenkins1000 | ip=192.168.5.178 | op=SEND_HEARTBEAT {datanodeUUID=63fd8c64-0397-4420-bb2f-fd9af094cc1f, command=[]} | ret=SUCCESS |  
2019-08-23 05:52:34,728 | INFO  | SCMAudit | user=jenkins1000 | ip=192.168.5.178 | op=SEND_HEARTBEAT {datanodeUUID=d4f36997-48a6-49b8-995b-3c38d9ac3c0f, command=[]} | ret=SUCCESS |  
2019-08-23 05:52:34,728 | INFO  | SCMAudit | user=jenkins1000 | ip=192.168.5.178 | op=SEND_HEARTBEAT {datanodeUUID=564f3e1b-dc37-4d98-9518-cc9451ddb3ca, command=[]} | ret=SUCCESS |  
2019-08-23 05:52:34,752 | INFO  | SCMAudit | user=jenkins1000 | ip=192.168.5.178 | op=SEND_HEARTBEAT {datanodeUUID=9e0d48e9-795f-4679-b1bc-974fe7951c55, command=[]} | ret=SUCCESS |  
2019-08-23 05:52:34,849 | INFO  | SCMAudit | user=jenkins1000 | ip=192.168.5.178 | op=SEND_HEARTBEAT {datanodeUUID=96a4345b-84e3-4f69-b56b-0cb9f3200145, command=[]} | ret=SUCCESS |  
2019-08-23 05:52:35,062 | INFO  | SCMAudit | user=jenkins1000 | ip=192.168.5.178 | op=SEND_HEARTBEAT {datanodeUUID=c6842691-702c-4d39-b47f-d27b1fab8f33, command=[]} | ret=SUCCESS |  
2019-08-23 05:52:35,237 | INFO  | SCMAudit | user=jenkins1000 | ip=192.168.5.178 | op=SEND_HEARTBEAT {datanodeUUID=6b30598f-e3b0-450c-bc0d-9274443a7fa0, command=[]} | ret=SUCCESS |  
2019-08-23 05:52:35,287 | INFO  | SCMAudit | user=jenkins1000 | ip=192.168.5.178 | op=SEND_HEARTBEAT {datanodeUUID=63fd8c64-0397-4420-bb2f-fd9af094cc1f, command=[]} | ret=SUCCESS |  
2019-08-23 05:52:35,729 | INFO  | SCMAudit | user=jenkins1000 | ip=192.168.5.178 | op=SEND_HEARTBEAT {datanodeUUID=d4f36997-48a6-49b8-995b-3c38d9ac3c0f, command=[]} | ret=SUCCESS |  
2019-08-23 05:52:35,729 | INFO  | SCMAudit | user=jenkins1000 | ip=192.168.5.178 | op=SEND_HEARTBEAT {datanodeUUID=564f3e1b-dc37-4d98-9518-cc9451ddb3ca, command=[]} | ret=SUCCESS |  
2019-08-23 05:52:35,752 | INFO  | SCMAudit | user=jenkins1000 | ip=192.168.5.178 | op=SEND_HEARTBEAT {datanodeUUID=9e0d48e9-795f-4679-b1bc-974fe7951c55, command=[]} | ret=SUCCESS |  
2019-08-23 05:52:35,849 | INFO  | SCMAudit | user=jenkins1000 | ip=192.168.5.178 | op=SEND_HEARTBEAT {datanodeUUID=96a4345b-84e3-4f69-b56b-0cb9f3200145, command=[]} | ret=SUCCESS |  
2019-08-23 05:52:36,062 | INFO  | SCMAudit | user=jenkins1000 | ip=192.168.5.178 | op=SEND_HEARTBEAT {datanodeUUID=c6842691-702c-4d39-b47f-d27b1fab8f33, command=[]} | ret=SUCCESS |  
2019-08-23 05:52:36,237 | INFO  | SCMAudit | user=jenkins1000 | ip=192.168.5.178 | op=SEND_HEARTBEAT {datanodeUUID=6b30598f-e3b0-450c-bc0d-9274443a7fa0, command=[]} | ret=SUCCESS |  
2019-08-23 05:52:36,287 | INFO  | SCMAudit | user=jenkins1000 | ip=192.168.5.178 | op=SEND_HEARTBEAT {datanodeUUID=63fd8c64-0397-4420-bb2f-fd9af094cc1f, command=[]} | ret=SUCCESS |  
2019-08-23 05:52:36,587 [grpc-default-executor-5] INFO  client.GrpcClientProtocolClient (GrpcClientProtocolClient.java:onNext(255)) - client-DB4E080F923B->9e0d48e9-795f-4679-b1bc-974fe7951c55: receive RaftClientReply:client-DB4E080F923B->9e0d48e9-795f-4679-b1bc-974fe7951c55@group-FC65621A5432, cid=45, FAILED org.apache.ratis.protocol.NotLeaderException: Server 9e0d48e9-795f-4679-b1bc-974fe7951c55 is not the leader (d4f36997-48a6-49b8-995b-3c38d9ac3c0f:192.168.5.178:40775). Request must be sent to leader., logIndex=0, commits[9e0d48e9-795f-4679-b1bc-974fe7951c55:c8, 564f3e1b-dc37-4d98-9518-cc9451ddb3ca:c8, d4f36997-48a6-49b8-995b-3c38d9ac3c0f:c8]
2019-08-23 05:52:36,729 | INFO  | SCMAudit | user=jenkins1000 | ip=192.168.5.178 | op=SEND_HEARTBEAT {datanodeUUID=564f3e1b-dc37-4d98-9518-cc9451ddb3ca, command=[]} | ret=SUCCESS |  
2019-08-23 05:52:36,729 | INFO  | SCMAudit | user=jenkins1000 | ip=192.168.5.178 | op=SEND_HEARTBEAT {datanodeUUID=d4f36997-48a6-49b8-995b-3c38d9ac3c0f, command=[]} | ret=SUCCESS |  
2019-08-23 05:52:36,752 | INFO  | SCMAudit | user=jenkins1000 | ip=192.168.5.178 | op=SEND_HEARTBEAT {datanodeUUID=9e0d48e9-795f-4679-b1bc-974fe7951c55, command=[]} | ret=SUCCESS |  
2019-08-23 05:52:36,849 | INFO  | SCMAudit | user=jenkins1000 | ip=192.168.5.178 | op=SEND_HEARTBEAT {datanodeUUID=96a4345b-84e3-4f69-b56b-0cb9f3200145, command=[]} | ret=SUCCESS |  
2019-08-23 05:52:37,062 | INFO  | SCMAudit | user=jenkins1000 | ip=192.168.5.178 | op=SEND_HEARTBEAT {datanodeUUID=c6842691-702c-4d39-b47f-d27b1fab8f33, command=[]} | ret=SUCCESS |  
2019-08-23 05:52:37,237 | INFO  | SCMAudit | user=jenkins1000 | ip=192.168.5.178 | op=SEND_HEARTBEAT {datanodeUUID=6b30598f-e3b0-450c-bc0d-9274443a7fa0, command=[]} | ret=SUCCESS |  
2019-08-23 05:52:37,287 | INFO  | SCMAudit | user=jenkins1000 | ip=192.168.5.178 | op=SEND_HEARTBEAT {datanodeUUID=63fd8c64-0397-4420-bb2f-fd9af094cc1f, command=[]} | ret=SUCCESS |  
2019-08-23 05:52:37,729 | INFO  | SCMAudit | user=jenkins1000 | ip=192.168.5.178 | op=SEND_HEARTBEAT {datanodeUUID=d4f36997-48a6-49b8-995b-3c38d9ac3c0f, command=[]} | ret=SUCCESS |  
2019-08-23 05:52:37,729 | INFO  | SCMAudit | user=jenkins1000 | ip=192.168.5.178 | op=SEND_HEARTBEAT {datanodeUUID=564f3e1b-dc37-4d98-9518-cc9451ddb3ca, command=[]} | ret=SUCCESS |  
2019-08-23 05:52:37,752 | INFO  | SCMAudit | user=jenkins1000 | ip=192.168.5.178 | op=SEND_HEARTBEAT {datanodeUUID=9e0d48e9-795f-4679-b1bc-974fe7951c55, command=[]} | ret=SUCCESS |  
2019-08-23 05:52:37,849 | INFO  | SCMAudit | user=jenkins1000 | ip=192.168.5.178 | op=SEND_HEARTBEAT {datanodeUUID=96a4345b-84e3-4f69-b56b-0cb9f3200145, command=[]} | ret=SUCCESS |  
2019-08-23 05:52:38,062 | INFO  | SCMAudit | user=jenkins1000 | ip=192.168.5.178 | op=SEND_HEARTBEAT {datanodeUUID=c6842691-702c-4d39-b47f-d27b1fab8f33, command=[]} | ret=SUCCESS |  
2019-08-23 05:52:38,237 | INFO  | SCMAudit | user=jenkins1000 | ip=192.168.5.178 | op=SEND_HEARTBEAT {datanodeUUID=6b30598f-e3b0-450c-bc0d-9274443a7fa0, command=[]} | ret=SUCCESS |  
2019-08-23 05:52:38,287 | INFO  | SCMAudit | user=jenkins1000 | ip=192.168.5.178 | op=SEND_HEARTBEAT {datanodeUUID=63fd8c64-0397-4420-bb2f-fd9af094cc1f, command=[]} | ret=SUCCESS |  
2019-08-23 05:52:38,730 | INFO  | SCMAudit | user=jenkins1000 | ip=192.168.5.178 | op=SEND_HEARTBEAT {datanodeUUID=564f3e1b-dc37-4d98-9518-cc9451ddb3ca, command=[]} | ret=SUCCESS |  
2019-08-23 05:52:38,730 | INFO  | SCMAudit | user=jenkins1000 | ip=192.168.5.178 | op=SEND_HEARTBEAT {datanodeUUID=d4f36997-48a6-49b8-995b-3c38d9ac3c0f, command=[]} | ret=SUCCESS |  
2019-08-23 05:52:38,752 | INFO  | SCMAudit | user=jenkins1000 | ip=192.168.5.178 | op=SEND_HEARTBEAT {datanodeUUID=9e0d48e9-795f-4679-b1bc-974fe7951c55, command=[]} | ret=SUCCESS |  
2019-08-23 05:52:38,849 | INFO  | SCMAudit | user=jenkins1000 | ip=192.168.5.178 | op=SEND_HEARTBEAT {datanodeUUID=96a4345b-84e3-4f69-b56b-0cb9f3200145, command=[]} | ret=SUCCESS |  
2019-08-23 05:52:39,062 | INFO  | SCMAudit | user=jenkins1000 | ip=192.168.5.178 | op=SEND_HEARTBEAT {datanodeUUID=c6842691-702c-4d39-b47f-d27b1fab8f33, command=[]} | ret=SUCCESS |  
2019-08-23 05:52:39,238 | INFO  | SCMAudit | user=jenkins1000 | ip=192.168.5.178 | op=SEND_HEARTBEAT {datanodeUUID=6b30598f-e3b0-450c-bc0d-9274443a7fa0, command=[]} | ret=SUCCESS |  
2019-08-23 05:52:39,287 | INFO  | SCMAudit | user=jenkins1000 | ip=192.168.5.178 | op=SEND_HEARTBEAT {datanodeUUID=63fd8c64-0397-4420-bb2f-fd9af094cc1f, command=[]} | ret=SUCCESS |  
2019-08-23 05:52:39,730 | INFO  | SCMAudit | user=jenkins1000 | ip=192.168.5.178 | op=SEND_HEARTBEAT {datanodeUUID=d4f36997-48a6-49b8-995b-3c38d9ac3c0f, command=[]} | ret=SUCCESS |  
2019-08-23 05:52:39,730 | INFO  | SCMAudit | user=jenkins1000 | ip=192.168.5.178 | op=SEND_HEARTBEAT {datanodeUUID=564f3e1b-dc37-4d98-9518-cc9451ddb3ca, command=[]} | ret=SUCCESS |  
2019-08-23 05:52:39,753 | INFO  | SCMAudit | user=jenkins1000 | ip=192.168.5.178 | op=SEND_HEARTBEAT {datanodeUUID=9e0d48e9-795f-4679-b1bc-974fe7951c55, command=[]} | ret=SUCCESS |  
2019-08-23 05:52:39,849 | INFO  | SCMAudit | user=jenkins1000 | ip=192.168.5.178 | op=SEND_HEARTBEAT {datanodeUUID=96a4345b-84e3-4f69-b56b-0cb9f3200145, command=[]} | ret=SUCCESS |  
2019-08-23 05:52:40,063 | INFO  | SCMAudit | user=jenkins1000 | ip=192.168.5.178 | op=SEND_HEARTBEAT {datanodeUUID=c6842691-702c-4d39-b47f-d27b1fab8f33, command=[]} | ret=SUCCESS |  
2019-08-23 05:52:40,238 | INFO  | SCMAudit | user=jenkins1000 | ip=192.168.5.178 | op=SEND_HEARTBEAT {datanodeUUID=6b30598f-e3b0-450c-bc0d-9274443a7fa0, command=[]} | ret=SUCCESS |  
2019-08-23 05:52:40,287 | INFO  | SCMAudit | user=jenkins1000 | ip=192.168.5.178 | op=SEND_HEARTBEAT {datanodeUUID=63fd8c64-0397-4420-bb2f-fd9af094cc1f, command=[]} | ret=SUCCESS |  
2019-08-23 05:52:40,730 | INFO  | SCMAudit | user=jenkins1000 | ip=192.168.5.178 | op=SEND_HEARTBEAT {datanodeUUID=d4f36997-48a6-49b8-995b-3c38d9ac3c0f, command=[]} | ret=SUCCESS |  
2019-08-23 05:52:40,731 | INFO  | SCMAudit | user=jenkins1000 | ip=192.168.5.178 | op=SEND_HEARTBEAT {datanodeUUID=564f3e1b-dc37-4d98-9518-cc9451ddb3ca, command=[]} | ret=SUCCESS |  
2019-08-23 05:52:40,752 | INFO  | SCMAudit | user=jenkins1000 | ip=192.168.5.178 | op=SEND_HEARTBEAT {datanodeUUID=9e0d48e9-795f-4679-b1bc-974fe7951c55, command=[]} | ret=SUCCESS |  
2019-08-23 05:52:40,850 | INFO  | SCMAudit | user=jenkins1000 | ip=192.168.5.178 | op=SEND_HEARTBEAT {datanodeUUID=96a4345b-84e3-4f69-b56b-0cb9f3200145, command=[]} | ret=SUCCESS |  
2019-08-23 05:52:41,063 | INFO  | SCMAudit | user=jenkins1000 | ip=192.168.5.178 | op=SEND_HEARTBEAT {datanodeUUID=c6842691-702c-4d39-b47f-d27b1fab8f33, command=[]} | ret=SUCCESS |  
2019-08-23 05:52:41,239 | INFO  | SCMAudit | user=jenkins1000 | ip=192.168.5.178 | op=SEND_HEARTBEAT {datanodeUUID=6b30598f-e3b0-450c-bc0d-9274443a7fa0, command=[]} | ret=SUCCESS |  
2019-08-23 05:52:41,287 | INFO  | SCMAudit | user=jenkins1000 | ip=192.168.5.178 | op=SEND_HEARTBEAT {datanodeUUID=63fd8c64-0397-4420-bb2f-fd9af094cc1f, command=[]} | ret=SUCCESS |  
2019-08-23 05:52:41,643 [grpc-default-executor-6] INFO  client.GrpcClientProtocolClient (GrpcClientProtocolClient.java:onNext(255)) - client-DB4E080F923B->9e0d48e9-795f-4679-b1bc-974fe7951c55: receive RaftClientReply:client-DB4E080F923B->9e0d48e9-795f-4679-b1bc-974fe7951c55@group-FC65621A5432, cid=45, FAILED org.apache.ratis.protocol.NotLeaderException: Server 9e0d48e9-795f-4679-b1bc-974fe7951c55 is not the leader (d4f36997-48a6-49b8-995b-3c38d9ac3c0f:192.168.5.178:40775). Request must be sent to leader., logIndex=0, commits[9e0d48e9-795f-4679-b1bc-974fe7951c55:c8, 564f3e1b-dc37-4d98-9518-cc9451ddb3ca:c8, d4f36997-48a6-49b8-995b-3c38d9ac3c0f:c8]
2019-08-23 05:52:41,731 | INFO  | SCMAudit | user=jenkins1000 | ip=192.168.5.178 | op=SEND_HEARTBEAT {datanodeUUID=d4f36997-48a6-49b8-995b-3c38d9ac3c0f, command=[]} | ret=SUCCESS |  
2019-08-23 05:52:41,731 | INFO  | SCMAudit | user=jenkins1000 | ip=192.168.5.178 | op=SEND_HEARTBEAT {datanodeUUID=564f3e1b-dc37-4d98-9518-cc9451ddb3ca, command=[]} | ret=SUCCESS |  
2019-08-23 05:52:41,752 | INFO  | SCMAudit | user=jenkins1000 | ip=192.168.5.178 | op=SEND_HEARTBEAT {datanodeUUID=9e0d48e9-795f-4679-b1bc-974fe7951c55, command=[]} | ret=SUCCESS |  
2019-08-23 05:52:41,849 | INFO  | SCMAudit | user=jenkins1000 | ip=192.168.5.178 | op=SEND_HEARTBEAT {datanodeUUID=96a4345b-84e3-4f69-b56b-0cb9f3200145, command=[]} | ret=SUCCESS |  
2019-08-23 05:52:42,062 | INFO  | SCMAudit | user=jenkins1000 | ip=192.168.5.178 | op=SEND_HEARTBEAT {datanodeUUID=c6842691-702c-4d39-b47f-d27b1fab8f33, command=[]} | ret=SUCCESS |  
2019-08-23 05:52:42,238 | INFO  | SCMAudit | user=jenkins1000 | ip=192.168.5.178 | op=SEND_HEARTBEAT {datanodeUUID=6b30598f-e3b0-450c-bc0d-9274443a7fa0, command=[]} | ret=SUCCESS |  
2019-08-23 05:52:42,287 | INFO  | SCMAudit | user=jenkins1000 | ip=192.168.5.178 | op=SEND_HEARTBEAT {datanodeUUID=63fd8c64-0397-4420-bb2f-fd9af094cc1f, command=[]} | ret=SUCCESS |  
2019-08-23 05:52:42,730 | INFO  | SCMAudit | user=jenkins1000 | ip=192.168.5.178 | op=SEND_HEARTBEAT {datanodeUUID=564f3e1b-dc37-4d98-9518-cc9451ddb3ca, command=[]} | ret=SUCCESS |  
2019-08-23 05:52:42,730 | INFO  | SCMAudit | user=jenkins1000 | ip=192.168.5.178 | op=SEND_HEARTBEAT {datanodeUUID=d4f36997-48a6-49b8-995b-3c38d9ac3c0f, command=[]} | ret=SUCCESS |  
2019-08-23 05:52:42,752 | INFO  | SCMAudit | user=jenkins1000 | ip=192.168.5.178 | op=SEND_HEARTBEAT {datanodeUUID=9e0d48e9-795f-4679-b1bc-974fe7951c55, command=[]} | ret=SUCCESS |  
2019-08-23 05:52:42,850 | INFO  | SCMAudit | user=jenkins1000 | ip=192.168.5.178 | op=SEND_HEARTBEAT {datanodeUUID=96a4345b-84e3-4f69-b56b-0cb9f3200145, command=[]} | ret=SUCCESS |  
2019-08-23 05:52:43,062 | INFO  | SCMAudit | user=jenkins1000 | ip=192.168.5.178 | op=SEND_HEARTBEAT {datanodeUUID=c6842691-702c-4d39-b47f-d27b1fab8f33, command=[]} | ret=SUCCESS |  
2019-08-23 05:52:43,239 | INFO  | SCMAudit | user=jenkins1000 | ip=192.168.5.178 | op=SEND_HEARTBEAT {datanodeUUID=6b30598f-e3b0-450c-bc0d-9274443a7fa0, command=[]} | ret=SUCCESS |  
2019-08-23 05:52:43,287 | INFO  | SCMAudit | user=jenkins1000 | ip=192.168.5.178 | op=SEND_HEARTBEAT {datanodeUUID=63fd8c64-0397-4420-bb2f-fd9af094cc1f, command=[]} | ret=SUCCESS |  
2019-08-23 05:52:43,730 | INFO  | SCMAudit | user=jenkins1000 | ip=192.168.5.178 | op=SEND_HEARTBEAT {datanodeUUID=564f3e1b-dc37-4d98-9518-cc9451ddb3ca, command=[]} | ret=SUCCESS |  
2019-08-23 05:52:43,731 | INFO  | SCMAudit | user=jenkins1000 | ip=192.168.5.178 | op=SEND_HEARTBEAT {datanodeUUID=d4f36997-48a6-49b8-995b-3c38d9ac3c0f, command=[]} | ret=SUCCESS |  
2019-08-23 05:52:43,753 | INFO  | SCMAudit | user=jenkins1000 | ip=192.168.5.178 | op=SEND_HEARTBEAT {datanodeUUID=9e0d48e9-795f-4679-b1bc-974fe7951c55, command=[]} | ret=SUCCESS |  
2019-08-23 05:52:43,849 | INFO  | SCMAudit | user=jenkins1000 | ip=192.168.5.178 | op=SEND_HEARTBEAT {datanodeUUID=96a4345b-84e3-4f69-b56b-0cb9f3200145, command=[]} | ret=SUCCESS |  
2019-08-23 05:52:44,062 | INFO  | SCMAudit | user=jenkins1000 | ip=192.168.5.178 | op=SEND_HEARTBEAT {datanodeUUID=c6842691-702c-4d39-b47f-d27b1fab8f33, command=[]} | ret=SUCCESS |  
2019-08-23 05:52:44,239 | INFO  | SCMAudit | user=jenkins1000 | ip=192.168.5.178 | op=SEND_HEARTBEAT {datanodeUUID=6b30598f-e3b0-450c-bc0d-9274443a7fa0, command=[]} | ret=SUCCESS |  
2019-08-23 05:52:44,287 | INFO  | SCMAudit | user=jenkins1000 | ip=192.168.5.178 | op=SEND_HEARTBEAT {datanodeUUID=63fd8c64-0397-4420-bb2f-fd9af094cc1f, command=[]} | ret=SUCCESS |  
2019-08-23 05:52:44,730 | INFO  | SCMAudit | user=jenkins1000 | ip=192.168.5.178 | op=SEND_HEARTBEAT {datanodeUUID=d4f36997-48a6-49b8-995b-3c38d9ac3c0f, command=[]} | ret=SUCCESS |  
2019-08-23 05:52:44,730 | INFO  | SCMAudit | user=jenkins1000 | ip=192.168.5.178 | op=SEND_HEARTBEAT {datanodeUUID=564f3e1b-dc37-4d98-9518-cc9451ddb3ca, command=[]} | ret=SUCCESS |  
2019-08-23 05:52:44,753 | INFO  | SCMAudit | user=jenkins1000 | ip=192.168.5.178 | op=SEND_HEARTBEAT {datanodeUUID=9e0d48e9-795f-4679-b1bc-974fe7951c55, command=[]} | ret=SUCCESS |  
2019-08-23 05:52:44,850 | INFO  | SCMAudit | user=jenkins1000 | ip=192.168.5.178 | op=SEND_HEARTBEAT {datanodeUUID=96a4345b-84e3-4f69-b56b-0cb9f3200145, command=[]} | ret=SUCCESS |  
2019-08-23 05:52:45,062 | INFO  | SCMAudit | user=jenkins1000 | ip=192.168.5.178 | op=SEND_HEARTBEAT {datanodeUUID=c6842691-702c-4d39-b47f-d27b1fab8f33, command=[]} | ret=SUCCESS |  
2019-08-23 05:52:45,239 | INFO  | SCMAudit | user=jenkins1000 | ip=192.168.5.178 | op=SEND_HEARTBEAT {datanodeUUID=6b30598f-e3b0-450c-bc0d-9274443a7fa0, command=[]} | ret=SUCCESS |  
2019-08-23 05:52:45,287 | INFO  | SCMAudit | user=jenkins1000 | ip=192.168.5.178 | op=SEND_HEARTBEAT {datanodeUUID=63fd8c64-0397-4420-bb2f-fd9af094cc1f, command=[]} | ret=SUCCESS |  
2019-08-23 05:52:45,730 | INFO  | SCMAudit | user=jenkins1000 | ip=192.168.5.178 | op=SEND_HEARTBEAT {datanodeUUID=d4f36997-48a6-49b8-995b-3c38d9ac3c0f, command=[]} | ret=SUCCESS |  
2019-08-23 05:52:45,730 | INFO  | SCMAudit | user=jenkins1000 | ip=192.168.5.178 | op=SEND_HEARTBEAT {datanodeUUID=564f3e1b-dc37-4d98-9518-cc9451ddb3ca, command=[]} | ret=SUCCESS |  
2019-08-23 05:52:45,753 | INFO  | SCMAudit | user=jenkins1000 | ip=192.168.5.178 | op=SEND_HEARTBEAT {datanodeUUID=9e0d48e9-795f-4679-b1bc-974fe7951c55, command=[]} | ret=SUCCESS |  
2019-08-23 05:52:45,849 | INFO  | SCMAudit | user=jenkins1000 | ip=192.168.5.178 | op=SEND_HEARTBEAT {datanodeUUID=96a4345b-84e3-4f69-b56b-0cb9f3200145, command=[]} | ret=SUCCESS |  
2019-08-23 05:52:46,062 | INFO  | SCMAudit | user=jenkins1000 | ip=192.168.5.178 | op=SEND_HEARTBEAT {datanodeUUID=c6842691-702c-4d39-b47f-d27b1fab8f33, command=[]} | ret=SUCCESS |  
2019-08-23 05:52:46,239 | INFO  | SCMAudit | user=jenkins1000 | ip=192.168.5.178 | op=SEND_HEARTBEAT {datanodeUUID=6b30598f-e3b0-450c-bc0d-9274443a7fa0, command=[]} | ret=SUCCESS |  
2019-08-23 05:52:46,287 | INFO  | SCMAudit | user=jenkins1000 | ip=192.168.5.178 | op=SEND_HEARTBEAT {datanodeUUID=63fd8c64-0397-4420-bb2f-fd9af094cc1f, command=[]} | ret=SUCCESS |  
2019-08-23 05:52:46,709 [grpc-default-executor-5] INFO  client.GrpcClientProtocolClient (GrpcClientProtocolClient.java:onNext(255)) - client-DB4E080F923B->564f3e1b-dc37-4d98-9518-cc9451ddb3ca: receive RaftClientReply:client-DB4E080F923B->564f3e1b-dc37-4d98-9518-cc9451ddb3ca@group-FC65621A5432, cid=45, FAILED org.apache.ratis.protocol.NotLeaderException: Server 564f3e1b-dc37-4d98-9518-cc9451ddb3ca is not the leader (d4f36997-48a6-49b8-995b-3c38d9ac3c0f:192.168.5.178:40775). Request must be sent to leader., logIndex=0, commits[564f3e1b-dc37-4d98-9518-cc9451ddb3ca:c8, 9e0d48e9-795f-4679-b1bc-974fe7951c55:c8, d4f36997-48a6-49b8-995b-3c38d9ac3c0f:c8]
2019-08-23 05:52:46,730 | INFO  | SCMAudit | user=jenkins1000 | ip=192.168.5.178 | op=SEND_HEARTBEAT {datanodeUUID=d4f36997-48a6-49b8-995b-3c38d9ac3c0f, command=[]} | ret=SUCCESS |  
2019-08-23 05:52:46,731 | INFO  | SCMAudit | user=jenkins1000 | ip=192.168.5.178 | op=SEND_HEARTBEAT {datanodeUUID=564f3e1b-dc37-4d98-9518-cc9451ddb3ca, command=[]} | ret=SUCCESS |  
2019-08-23 05:52:46,753 | INFO  | SCMAudit | user=jenkins1000 | ip=192.168.5.178 | op=SEND_HEARTBEAT {datanodeUUID=9e0d48e9-795f-4679-b1bc-974fe7951c55, command=[]} | ret=SUCCESS |  
2019-08-23 05:52:46,850 | INFO  | SCMAudit | user=jenkins1000 | ip=192.168.5.178 | op=SEND_HEARTBEAT {datanodeUUID=96a4345b-84e3-4f69-b56b-0cb9f3200145, command=[]} | ret=SUCCESS |  
2019-08-23 05:52:47,063 | INFO  | SCMAudit | user=jenkins1000 | ip=192.168.5.178 | op=SEND_HEARTBEAT {datanodeUUID=c6842691-702c-4d39-b47f-d27b1fab8f33, command=[]} | ret=SUCCESS |  
2019-08-23 05:52:47,239 | INFO  | SCMAudit | user=jenkins1000 | ip=192.168.5.178 | op=SEND_HEARTBEAT {datanodeUUID=6b30598f-e3b0-450c-bc0d-9274443a7fa0, command=[]} | ret=SUCCESS |  
2019-08-23 05:52:47,288 | INFO  | SCMAudit | user=jenkins1000 | ip=192.168.5.178 | op=SEND_HEARTBEAT {datanodeUUID=63fd8c64-0397-4420-bb2f-fd9af094cc1f, command=[]} | ret=SUCCESS |  
2019-08-23 05:52:47,731 | INFO  | SCMAudit | user=jenkins1000 | ip=192.168.5.178 | op=SEND_HEARTBEAT {datanodeUUID=d4f36997-48a6-49b8-995b-3c38d9ac3c0f, command=[]} | ret=SUCCESS |  
2019-08-23 05:52:47,732 | INFO  | SCMAudit | user=jenkins1000 | ip=192.168.5.178 | op=SEND_HEARTBEAT {datanodeUUID=564f3e1b-dc37-4d98-9518-cc9451ddb3ca, command=[]} | ret=SUCCESS |  
2019-08-23 05:52:47,753 | INFO  | SCMAudit | user=jenkins1000 | ip=192.168.5.178 | op=SEND_HEARTBEAT {datanodeUUID=9e0d48e9-795f-4679-b1bc-974fe7951c55, command=[]} | ret=SUCCESS |  
2019-08-23 05:52:47,850 | INFO  | SCMAudit | user=jenkins1000 | ip=192.168.5.178 | op=SEND_HEARTBEAT {datanodeUUID=96a4345b-84e3-4f69-b56b-0cb9f3200145, command=[]} | ret=SUCCESS |  
2019-08-23 05:52:48,062 | INFO  | SCMAudit | user=jenkins1000 | ip=192.168.5.178 | op=SEND_HEARTBEAT {datanodeUUID=c6842691-702c-4d39-b47f-d27b1fab8f33, command=[]} | ret=SUCCESS |  
2019-08-23 05:52:48,239 | INFO  | SCMAudit | user=jenkins1000 | ip=192.168.5.178 | op=SEND_HEARTBEAT {datanodeUUID=6b30598f-e3b0-450c-bc0d-9274443a7fa0, command=[]} | ret=SUCCESS |  
2019-08-23 05:52:48,288 | INFO  | SCMAudit | user=jenkins1000 | ip=192.168.5.178 | op=SEND_HEARTBEAT {datanodeUUID=63fd8c64-0397-4420-bb2f-fd9af094cc1f, command=[]} | ret=SUCCESS |  
2019-08-23 05:52:48,731 | INFO  | SCMAudit | user=jenkins1000 | ip=192.168.5.178 | op=SEND_HEARTBEAT {datanodeUUID=d4f36997-48a6-49b8-995b-3c38d9ac3c0f, command=[]} | ret=SUCCESS |  
2019-08-23 05:52:48,732 | INFO  | SCMAudit | user=jenkins1000 | ip=192.168.5.178 | op=SEND_HEARTBEAT {datanodeUUID=564f3e1b-dc37-4d98-9518-cc9451ddb3ca, command=[]} | ret=SUCCESS |  
2019-08-23 05:52:48,753 | INFO  | SCMAudit | user=jenkins1000 | ip=192.168.5.178 | op=SEND_HEARTBEAT {datanodeUUID=9e0d48e9-795f-4679-b1bc-974fe7951c55, command=[]} | ret=SUCCESS |  
2019-08-23 05:52:48,851 | INFO  | SCMAudit | user=jenkins1000 | ip=192.168.5.178 | op=SEND_HEARTBEAT {datanodeUUID=96a4345b-84e3-4f69-b56b-0cb9f3200145, command=[]} | ret=SUCCESS |  
2019-08-23 05:52:49,062 | INFO  | SCMAudit | user=jenkins1000 | ip=192.168.5.178 | op=SEND_HEARTBEAT {datanodeUUID=c6842691-702c-4d39-b47f-d27b1fab8f33, command=[]} | ret=SUCCESS |  
2019-08-23 05:52:49,240 | INFO  | SCMAudit | user=jenkins1000 | ip=192.168.5.178 | op=SEND_HEARTBEAT {datanodeUUID=6b30598f-e3b0-450c-bc0d-9274443a7fa0, command=[]} | ret=SUCCESS |  
2019-08-23 05:52:49,288 | INFO  | SCMAudit | user=jenkins1000 | ip=192.168.5.178 | op=SEND_HEARTBEAT {datanodeUUID=63fd8c64-0397-4420-bb2f-fd9af094cc1f, command=[]} | ret=SUCCESS |  
2019-08-23 05:52:49,731 | INFO  | SCMAudit | user=jenkins1000 | ip=192.168.5.178 | op=SEND_HEARTBEAT {datanodeUUID=d4f36997-48a6-49b8-995b-3c38d9ac3c0f, command=[]} | ret=SUCCESS |  
2019-08-23 05:52:49,733 | INFO  | SCMAudit | user=jenkins1000 | ip=192.168.5.178 | op=SEND_HEARTBEAT {datanodeUUID=564f3e1b-dc37-4d98-9518-cc9451ddb3ca, command=[]} | ret=SUCCESS |  
2019-08-23 05:52:49,753 | INFO  | SCMAudit | user=jenkins1000 | ip=192.168.5.178 | op=SEND_HEARTBEAT {datanodeUUID=9e0d48e9-795f-4679-b1bc-974fe7951c55, command=[]} | ret=SUCCESS |  
2019-08-23 05:52:49,850 | INFO  | SCMAudit | user=jenkins1000 | ip=192.168.5.178 | op=SEND_HEARTBEAT {datanodeUUID=96a4345b-84e3-4f69-b56b-0cb9f3200145, command=[]} | ret=SUCCESS |  
2019-08-23 05:52:50,063 | INFO  | SCMAudit | user=jenkins1000 | ip=192.168.5.178 | op=SEND_HEARTBEAT {datanodeUUID=c6842691-702c-4d39-b47f-d27b1fab8f33, command=[]} | ret=SUCCESS |  
2019-08-23 05:52:50,240 | INFO  | SCMAudit | user=jenkins1000 | ip=192.168.5.178 | op=SEND_HEARTBEAT {datanodeUUID=6b30598f-e3b0-450c-bc0d-9274443a7fa0, command=[]} | ret=SUCCESS |  
2019-08-23 05:52:50,288 | INFO  | SCMAudit | user=jenkins1000 | ip=192.168.5.178 | op=SEND_HEARTBEAT {datanodeUUID=63fd8c64-0397-4420-bb2f-fd9af094cc1f, command=[]} | ret=SUCCESS |  
2019-08-23 05:52:50,732 | INFO  | SCMAudit | user=jenkins1000 | ip=192.168.5.178 | op=SEND_HEARTBEAT {datanodeUUID=d4f36997-48a6-49b8-995b-3c38d9ac3c0f, command=[]} | ret=SUCCESS |  
2019-08-23 05:52:50,733 | INFO  | SCMAudit | user=jenkins1000 | ip=192.168.5.178 | op=SEND_HEARTBEAT {datanodeUUID=564f3e1b-dc37-4d98-9518-cc9451ddb3ca, command=[]} | ret=SUCCESS |  
2019-08-23 05:52:50,753 | INFO  | SCMAudit | user=jenkins1000 | ip=192.168.5.178 | op=SEND_HEARTBEAT {datanodeUUID=9e0d48e9-795f-4679-b1bc-974fe7951c55, command=[]} | ret=SUCCESS |  
2019-08-23 05:52:50,851 | INFO  | SCMAudit | user=jenkins1000 | ip=192.168.5.178 | op=SEND_HEARTBEAT {datanodeUUID=96a4345b-84e3-4f69-b56b-0cb9f3200145, command=[]} | ret=SUCCESS |  
2019-08-23 05:52:51,063 | INFO  | SCMAudit | user=jenkins1000 | ip=192.168.5.178 | op=SEND_HEARTBEAT {datanodeUUID=c6842691-702c-4d39-b47f-d27b1fab8f33, command=[]} | ret=SUCCESS |  
2019-08-23 05:52:51,241 | INFO  | SCMAudit | user=jenkins1000 | ip=192.168.5.178 | op=SEND_HEARTBEAT {datanodeUUID=6b30598f-e3b0-450c-bc0d-9274443a7fa0, command=[]} | ret=SUCCESS |  
2019-08-23 05:52:51,288 | INFO  | SCMAudit | user=jenkins1000 | ip=192.168.5.178 | op=SEND_HEARTBEAT {datanodeUUID=63fd8c64-0397-4420-bb2f-fd9af094cc1f, command=[]} | ret=SUCCESS |  
2019-08-23 05:52:51,733 | INFO  | SCMAudit | user=jenkins1000 | ip=192.168.5.178 | op=SEND_HEARTBEAT {datanodeUUID=d4f36997-48a6-49b8-995b-3c38d9ac3c0f, command=[]} | ret=SUCCESS |  
2019-08-23 05:52:51,733 | INFO  | SCMAudit | user=jenkins1000 | ip=192.168.5.178 | op=SEND_HEARTBEAT {datanodeUUID=564f3e1b-dc37-4d98-9518-cc9451ddb3ca, command=[]} | ret=SUCCESS |  
2019-08-23 05:52:51,753 | INFO  | SCMAudit | user=jenkins1000 | ip=192.168.5.178 | op=SEND_HEARTBEAT {datanodeUUID=9e0d48e9-795f-4679-b1bc-974fe7951c55, command=[]} | ret=SUCCESS |  
2019-08-23 05:52:51,757 [grpc-default-executor-1] INFO  client.GrpcClientProtocolClient (GrpcClientProtocolClient.java:onNext(255)) - client-DB4E080F923B->9e0d48e9-795f-4679-b1bc-974fe7951c55: receive RaftClientReply:client-DB4E080F923B->9e0d48e9-795f-4679-b1bc-974fe7951c55@group-FC65621A5432, cid=45, FAILED org.apache.ratis.protocol.NotLeaderException: Server 9e0d48e9-795f-4679-b1bc-974fe7951c55 is not the leader (d4f36997-48a6-49b8-995b-3c38d9ac3c0f:192.168.5.178:40775). Request must be sent to leader., logIndex=0, commits[9e0d48e9-795f-4679-b1bc-974fe7951c55:c8, 564f3e1b-dc37-4d98-9518-cc9451ddb3ca:c8, d4f36997-48a6-49b8-995b-3c38d9ac3c0f:c8]
2019-08-23 05:52:51,854 | INFO  | SCMAudit | user=jenkins1000 | ip=192.168.5.178 | op=SEND_HEARTBEAT {datanodeUUID=96a4345b-84e3-4f69-b56b-0cb9f3200145, command=[]} | ret=SUCCESS |  
2019-08-23 05:52:52,063 | INFO  | SCMAudit | user=jenkins1000 | ip=192.168.5.178 | op=SEND_HEARTBEAT {datanodeUUID=c6842691-702c-4d39-b47f-d27b1fab8f33, command=[]} | ret=SUCCESS |  
2019-08-23 05:52:52,241 | INFO  | SCMAudit | user=jenkins1000 | ip=192.168.5.178 | op=SEND_HEARTBEAT {datanodeUUID=6b30598f-e3b0-450c-bc0d-9274443a7fa0, command=[]} | ret=SUCCESS |  
2019-08-23 05:52:52,288 | INFO  | SCMAudit | user=jenkins1000 | ip=192.168.5.178 | op=SEND_HEARTBEAT {datanodeUUID=63fd8c64-0397-4420-bb2f-fd9af094cc1f, command=[]} | ret=SUCCESS |  
2019-08-23 05:52:52,733 | INFO  | SCMAudit | user=jenkins1000 | ip=192.168.5.178 | op=SEND_HEARTBEAT {datanodeUUID=564f3e1b-dc37-4d98-9518-cc9451ddb3ca, command=[]} | ret=SUCCESS |  
2019-08-23 05:52:52,733 | INFO  | SCMAudit | user=jenkins1000 | ip=192.168.5.178 | op=SEND_HEARTBEAT {datanodeUUID=d4f36997-48a6-49b8-995b-3c38d9ac3c0f, command=[]} | ret=SUCCESS |  
2019-08-23 05:52:52,753 | INFO  | SCMAudit | user=jenkins1000 | ip=192.168.5.178 | op=SEND_HEARTBEAT {datanodeUUID=9e0d48e9-795f-4679-b1bc-974fe7951c55, command=[]} | ret=SUCCESS |  
2019-08-23 05:52:52,852 | INFO  | SCMAudit | user=jenkins1000 | ip=192.168.5.178 | op=SEND_HEARTBEAT {datanodeUUID=96a4345b-84e3-4f69-b56b-0cb9f3200145, command=[]} | ret=SUCCESS |  
2019-08-23 05:52:53,064 | INFO  | SCMAudit | user=jenkins1000 | ip=192.168.5.178 | op=SEND_HEARTBEAT {datanodeUUID=c6842691-702c-4d39-b47f-d27b1fab8f33, command=[]} | ret=SUCCESS |  
2019-08-23 05:52:53,241 | INFO  | SCMAudit | user=jenkins1000 | ip=192.168.5.178 | op=SEND_HEARTBEAT {datanodeUUID=6b30598f-e3b0-450c-bc0d-9274443a7fa0, command=[]} | ret=SUCCESS |  
2019-08-23 05:52:53,288 | INFO  | SCMAudit | user=jenkins1000 | ip=192.168.5.178 | op=SEND_HEARTBEAT {datanodeUUID=63fd8c64-0397-4420-bb2f-fd9af094cc1f, command=[]} | ret=SUCCESS |  
2019-08-23 05:52:53,733 | INFO  | SCMAudit | user=jenkins1000 | ip=192.168.5.178 | op=SEND_HEARTBEAT {datanodeUUID=564f3e1b-dc37-4d98-9518-cc9451ddb3ca, command=[]} | ret=SUCCESS |  
2019-08-23 05:52:53,733 | INFO  | SCMAudit | user=jenkins1000 | ip=192.168.5.178 | op=SEND_HEARTBEAT {datanodeUUID=d4f36997-48a6-49b8-995b-3c38d9ac3c0f, command=[]} | ret=SUCCESS |  
2019-08-23 05:52:53,753 | INFO  | SCMAudit | user=jenkins1000 | ip=192.168.5.178 | op=SEND_HEARTBEAT {datanodeUUID=9e0d48e9-795f-4679-b1bc-974fe7951c55, command=[]} | ret=SUCCESS |  
2019-08-23 05:52:53,851 | INFO  | SCMAudit | user=jenkins1000 | ip=192.168.5.178 | op=SEND_HEARTBEAT {datanodeUUID=96a4345b-84e3-4f69-b56b-0cb9f3200145, command=[]} | ret=SUCCESS |  
2019-08-23 05:52:54,064 | INFO  | SCMAudit | user=jenkins1000 | ip=192.168.5.178 | op=SEND_HEARTBEAT {datanodeUUID=c6842691-702c-4d39-b47f-d27b1fab8f33, command=[]} | ret=SUCCESS |  
2019-08-23 05:52:54,241 | INFO  | SCMAudit | user=jenkins1000 | ip=192.168.5.178 | op=SEND_HEARTBEAT {datanodeUUID=6b30598f-e3b0-450c-bc0d-9274443a7fa0, command=[]} | ret=SUCCESS |  
2019-08-23 05:52:54,288 | INFO  | SCMAudit | user=jenkins1000 | ip=192.168.5.178 | op=SEND_HEARTBEAT {datanodeUUID=63fd8c64-0397-4420-bb2f-fd9af094cc1f, command=[]} | ret=SUCCESS |  
2019-08-23 05:52:54,734 | INFO  | SCMAudit | user=jenkins1000 | ip=192.168.5.178 | op=SEND_HEARTBEAT {datanodeUUID=564f3e1b-dc37-4d98-9518-cc9451ddb3ca, command=[]} | ret=SUCCESS |  
2019-08-23 05:52:54,734 | INFO  | SCMAudit | user=jenkins1000 | ip=192.168.5.178 | op=SEND_HEARTBEAT {datanodeUUID=d4f36997-48a6-49b8-995b-3c38d9ac3c0f, command=[]} | ret=SUCCESS |  
2019-08-23 05:52:54,753 | INFO  | SCMAudit | user=jenkins1000 | ip=192.168.5.178 | op=SEND_HEARTBEAT {datanodeUUID=9e0d48e9-795f-4679-b1bc-974fe7951c55, command=[]} | ret=SUCCESS |  
2019-08-23 05:52:54,852 | INFO  | SCMAudit | user=jenkins1000 | ip=192.168.5.178 | op=SEND_HEARTBEAT {datanodeUUID=96a4345b-84e3-4f69-b56b-0cb9f3200145, command=[]} | ret=SUCCESS |  
2019-08-23 05:52:55,064 | INFO  | SCMAudit | user=jenkins1000 | ip=192.168.5.178 | op=SEND_HEARTBEAT {datanodeUUID=c6842691-702c-4d39-b47f-d27b1fab8f33, command=[]} | ret=SUCCESS |  
2019-08-23 05:52:55,241 | INFO  | SCMAudit | user=jenkins1000 | ip=192.168.5.178 | op=SEND_HEARTBEAT {datanodeUUID=6b30598f-e3b0-450c-bc0d-9274443a7fa0, command=[]} | ret=SUCCESS |  
2019-08-23 05:52:55,288 | INFO  | SCMAudit | user=jenkins1000 | ip=192.168.5.178 | op=SEND_HEARTBEAT {datanodeUUID=63fd8c64-0397-4420-bb2f-fd9af094cc1f, command=[]} | ret=SUCCESS |  
2019-08-23 05:52:55,733 | INFO  | SCMAudit | user=jenkins1000 | ip=192.168.5.178 | op=SEND_HEARTBEAT {datanodeUUID=564f3e1b-dc37-4d98-9518-cc9451ddb3ca, command=[]} | ret=SUCCESS |  
2019-08-23 05:52:55,734 | INFO  | SCMAudit | user=jenkins1000 | ip=192.168.5.178 | op=SEND_HEARTBEAT {datanodeUUID=d4f36997-48a6-49b8-995b-3c38d9ac3c0f, command=[]} | ret=SUCCESS |  
2019-08-23 05:52:55,754 | INFO  | SCMAudit | user=jenkins1000 | ip=192.168.5.178 | op=SEND_HEARTBEAT {datanodeUUID=9e0d48e9-795f-4679-b1bc-974fe7951c55, command=[]} | ret=SUCCESS |  
2019-08-23 05:52:55,852 | INFO  | SCMAudit | user=jenkins1000 | ip=192.168.5.178 | op=SEND_HEARTBEAT {datanodeUUID=96a4345b-84e3-4f69-b56b-0cb9f3200145, command=[]} | ret=SUCCESS |  
2019-08-23 05:52:56,065 | INFO  | SCMAudit | user=jenkins1000 | ip=192.168.5.178 | op=SEND_HEARTBEAT {datanodeUUID=c6842691-702c-4d39-b47f-d27b1fab8f33, command=[]} | ret=SUCCESS |  
2019-08-23 05:52:56,241 | INFO  | SCMAudit | user=jenkins1000 | ip=192.168.5.178 | op=SEND_HEARTBEAT {datanodeUUID=6b30598f-e3b0-450c-bc0d-9274443a7fa0, command=[]} | ret=SUCCESS |  
2019-08-23 05:52:56,288 | INFO  | SCMAudit | user=jenkins1000 | ip=192.168.5.178 | op=SEND_HEARTBEAT {datanodeUUID=63fd8c64-0397-4420-bb2f-fd9af094cc1f, command=[]} | ret=SUCCESS |  
2019-08-23 05:52:56,733 | INFO  | SCMAudit | user=jenkins1000 | ip=192.168.5.178 | op=SEND_HEARTBEAT {datanodeUUID=564f3e1b-dc37-4d98-9518-cc9451ddb3ca, command=[]} | ret=SUCCESS |  
2019-08-23 05:52:56,734 | INFO  | SCMAudit | user=jenkins1000 | ip=192.168.5.178 | op=SEND_HEARTBEAT {datanodeUUID=d4f36997-48a6-49b8-995b-3c38d9ac3c0f, command=[]} | ret=SUCCESS |  
2019-08-23 05:52:56,755 | INFO  | SCMAudit | user=jenkins1000 | ip=192.168.5.178 | op=SEND_HEARTBEAT {datanodeUUID=9e0d48e9-795f-4679-b1bc-974fe7951c55, command=[]} | ret=SUCCESS |  
2019-08-23 05:52:56,803 [grpc-default-executor-1] INFO  client.GrpcClientProtocolClient (GrpcClientProtocolClient.java:onNext(255)) - client-DB4E080F923B->9e0d48e9-795f-4679-b1bc-974fe7951c55: receive RaftClientReply:client-DB4E080F923B->9e0d48e9-795f-4679-b1bc-974fe7951c55@group-FC65621A5432, cid=45, FAILED org.apache.ratis.protocol.NotLeaderException: Server 9e0d48e9-795f-4679-b1bc-974fe7951c55 is not the leader (d4f36997-48a6-49b8-995b-3c38d9ac3c0f:192.168.5.178:40775). Request must be sent to leader., logIndex=0, commits[9e0d48e9-795f-4679-b1bc-974fe7951c55:c8, 564f3e1b-dc37-4d98-9518-cc9451ddb3ca:c8, d4f36997-48a6-49b8-995b-3c38d9ac3c0f:c8]
2019-08-23 05:52:56,853 | INFO  | SCMAudit | user=jenkins1000 | ip=192.168.5.178 | op=SEND_HEARTBEAT {datanodeUUID=96a4345b-84e3-4f69-b56b-0cb9f3200145, command=[]} | ret=SUCCESS |  
2019-08-23 05:52:57,064 | INFO  | SCMAudit | user=jenkins1000 | ip=192.168.5.178 | op=SEND_HEARTBEAT {datanodeUUID=c6842691-702c-4d39-b47f-d27b1fab8f33, command=[]} | ret=SUCCESS |  
2019-08-23 05:52:57,241 | INFO  | SCMAudit | user=jenkins1000 | ip=192.168.5.178 | op=SEND_HEARTBEAT {datanodeUUID=6b30598f-e3b0-450c-bc0d-9274443a7fa0, command=[]} | ret=SUCCESS |  
2019-08-23 05:52:57,288 | INFO  | SCMAudit | user=jenkins1000 | ip=192.168.5.178 | op=SEND_HEARTBEAT {datanodeUUID=63fd8c64-0397-4420-bb2f-fd9af094cc1f, command=[]} | ret=SUCCESS |  
2019-08-23 05:52:57,733 | INFO  | SCMAudit | user=jenkins1000 | ip=192.168.5.178 | op=SEND_HEARTBEAT {datanodeUUID=564f3e1b-dc37-4d98-9518-cc9451ddb3ca, command=[]} | ret=SUCCESS |  
2019-08-23 05:52:57,734 | INFO  | SCMAudit | user=jenkins1000 | ip=192.168.5.178 | op=SEND_HEARTBEAT {datanodeUUID=d4f36997-48a6-49b8-995b-3c38d9ac3c0f, command=[]} | ret=SUCCESS |  
2019-08-23 05:52:57,755 | INFO  | SCMAudit | user=jenkins1000 | ip=192.168.5.178 | op=SEND_HEARTBEAT {datanodeUUID=9e0d48e9-795f-4679-b1bc-974fe7951c55, command=[]} | ret=SUCCESS |  
2019-08-23 05:52:57,852 | INFO  | SCMAudit | user=jenkins1000 | ip=192.168.5.178 | op=SEND_HEARTBEAT {datanodeUUID=96a4345b-84e3-4f69-b56b-0cb9f3200145, command=[]} | ret=SUCCESS |  
2019-08-23 05:52:58,064 | INFO  | SCMAudit | user=jenkins1000 | ip=192.168.5.178 | op=SEND_HEARTBEAT {datanodeUUID=c6842691-702c-4d39-b47f-d27b1fab8f33, command=[]} | ret=SUCCESS |  
2019-08-23 05:52:58,241 | INFO  | SCMAudit | user=jenkins1000 | ip=192.168.5.178 | op=SEND_HEARTBEAT {datanodeUUID=6b30598f-e3b0-450c-bc0d-9274443a7fa0, command=[]} | ret=SUCCESS |  
2019-08-23 05:52:58,288 | INFO  | SCMAudit | user=jenkins1000 | ip=192.168.5.178 | op=SEND_HEARTBEAT {datanodeUUID=63fd8c64-0397-4420-bb2f-fd9af094cc1f, command=[]} | ret=SUCCESS |  
2019-08-23 05:52:58,733 | INFO  | SCMAudit | user=jenkins1000 | ip=192.168.5.178 | op=SEND_HEARTBEAT {datanodeUUID=564f3e1b-dc37-4d98-9518-cc9451ddb3ca, command=[]} | ret=SUCCESS |  
2019-08-23 05:52:58,734 | INFO  | SCMAudit | user=jenkins1000 | ip=192.168.5.178 | op=SEND_HEARTBEAT {datanodeUUID=d4f36997-48a6-49b8-995b-3c38d9ac3c0f, command=[]} | ret=SUCCESS |  
2019-08-23 05:52:58,755 | INFO  | SCMAudit | user=jenkins1000 | ip=192.168.5.178 | op=SEND_HEARTBEAT {datanodeUUID=9e0d48e9-795f-4679-b1bc-974fe7951c55, command=[]} | ret=SUCCESS |  
2019-08-23 05:52:58,853 | INFO  | SCMAudit | user=jenkins1000 | ip=192.168.5.178 | op=SEND_HEARTBEAT {datanodeUUID=96a4345b-84e3-4f69-b56b-0cb9f3200145, command=[]} | ret=SUCCESS |  
2019-08-23 05:52:59,064 | INFO  | SCMAudit | user=jenkins1000 | ip=192.168.5.178 | op=SEND_HEARTBEAT {datanodeUUID=c6842691-702c-4d39-b47f-d27b1fab8f33, command=[]} | ret=SUCCESS |  
2019-08-23 05:52:59,241 | INFO  | SCMAudit | user=jenkins1000 | ip=192.168.5.178 | op=SEND_HEARTBEAT {datanodeUUID=6b30598f-e3b0-450c-bc0d-9274443a7fa0, command=[]} | ret=SUCCESS |  
2019-08-23 05:52:59,288 | INFO  | SCMAudit | user=jenkins1000 | ip=192.168.5.178 | op=SEND_HEARTBEAT {datanodeUUID=63fd8c64-0397-4420-bb2f-fd9af094cc1f, command=[]} | ret=SUCCESS |  
2019-08-23 05:52:59,733 | INFO  | SCMAudit | user=jenkins1000 | ip=192.168.5.178 | op=SEND_HEARTBEAT {datanodeUUID=564f3e1b-dc37-4d98-9518-cc9451ddb3ca, command=[]} | ret=SUCCESS |  
2019-08-23 05:52:59,734 | INFO  | SCMAudit | user=jenkins1000 | ip=192.168.5.178 | op=SEND_HEARTBEAT {datanodeUUID=d4f36997-48a6-49b8-995b-3c38d9ac3c0f, command=[]} | ret=SUCCESS |  
2019-08-23 05:52:59,755 | INFO  | SCMAudit | user=jenkins1000 | ip=192.168.5.178 | op=SEND_HEARTBEAT {datanodeUUID=9e0d48e9-795f-4679-b1bc-974fe7951c55, command=[]} | ret=SUCCESS |  
2019-08-23 05:52:59,852 | INFO  | SCMAudit | user=jenkins1000 | ip=192.168.5.178 | op=SEND_HEARTBEAT {datanodeUUID=96a4345b-84e3-4f69-b56b-0cb9f3200145, command=[]} | ret=SUCCESS |  
2019-08-23 05:53:00,064 | INFO  | SCMAudit | user=jenkins1000 | ip=192.168.5.178 | op=SEND_HEARTBEAT {datanodeUUID=c6842691-702c-4d39-b47f-d27b1fab8f33, command=[]} | ret=SUCCESS |  
2019-08-23 05:53:00,241 | INFO  | SCMAudit | user=jenkins1000 | ip=192.168.5.178 | op=SEND_HEARTBEAT {datanodeUUID=6b30598f-e3b0-450c-bc0d-9274443a7fa0, command=[]} | ret=SUCCESS |  
2019-08-23 05:53:00,288 | INFO  | SCMAudit | user=jenkins1000 | ip=192.168.5.178 | op=SEND_HEARTBEAT {datanodeUUID=63fd8c64-0397-4420-bb2f-fd9af094cc1f, command=[]} | ret=SUCCESS |  
2019-08-23 05:53:00,734 | INFO  | SCMAudit | user=jenkins1000 | ip=192.168.5.178 | op=SEND_HEARTBEAT {datanodeUUID=564f3e1b-dc37-4d98-9518-cc9451ddb3ca, command=[]} | ret=SUCCESS |  
2019-08-23 05:53:00,734 | INFO  | SCMAudit | user=jenkins1000 | ip=192.168.5.178 | op=SEND_HEARTBEAT {datanodeUUID=d4f36997-48a6-49b8-995b-3c38d9ac3c0f, command=[]} | ret=SUCCESS |  
2019-08-23 05:53:00,755 | INFO  | SCMAudit | user=jenkins1000 | ip=192.168.5.178 | op=SEND_HEARTBEAT {datanodeUUID=9e0d48e9-795f-4679-b1bc-974fe7951c55, command=[]} | ret=SUCCESS |  
2019-08-23 05:53:00,852 | INFO  | SCMAudit | user=jenkins1000 | ip=192.168.5.178 | op=SEND_HEARTBEAT {datanodeUUID=96a4345b-84e3-4f69-b56b-0cb9f3200145, command=[]} | ret=SUCCESS |  
2019-08-23 05:53:01,064 | INFO  | SCMAudit | user=jenkins1000 | ip=192.168.5.178 | op=SEND_HEARTBEAT {datanodeUUID=c6842691-702c-4d39-b47f-d27b1fab8f33, command=[]} | ret=SUCCESS |  
2019-08-23 05:53:01,241 | INFO  | SCMAudit | user=jenkins1000 | ip=192.168.5.178 | op=SEND_HEARTBEAT {datanodeUUID=6b30598f-e3b0-450c-bc0d-9274443a7fa0, command=[]} | ret=SUCCESS |  
2019-08-23 05:53:01,288 | INFO  | SCMAudit | user=jenkins1000 | ip=192.168.5.178 | op=SEND_HEARTBEAT {datanodeUUID=63fd8c64-0397-4420-bb2f-fd9af094cc1f, command=[]} | ret=SUCCESS |  
2019-08-23 05:53:01,734 | INFO  | SCMAudit | user=jenkins1000 | ip=192.168.5.178 | op=SEND_HEARTBEAT {datanodeUUID=564f3e1b-dc37-4d98-9518-cc9451ddb3ca, command=[]} | ret=SUCCESS |  
2019-08-23 05:53:01,734 | INFO  | SCMAudit | user=jenkins1000 | ip=192.168.5.178 | op=SEND_HEARTBEAT {datanodeUUID=d4f36997-48a6-49b8-995b-3c38d9ac3c0f, command=[]} | ret=SUCCESS |  
2019-08-23 05:53:01,754 | INFO  | SCMAudit | user=jenkins1000 | ip=192.168.5.178 | op=SEND_HEARTBEAT {datanodeUUID=9e0d48e9-795f-4679-b1bc-974fe7951c55, command=[]} | ret=SUCCESS |  
2019-08-23 05:53:01,856 | INFO  | SCMAudit | user=jenkins1000 | ip=192.168.5.178 | op=SEND_HEARTBEAT {datanodeUUID=96a4345b-84e3-4f69-b56b-0cb9f3200145, command=[]} | ret=SUCCESS |  
2019-08-23 05:53:01,857 [grpc-default-executor-1] INFO  client.GrpcClientProtocolClient (GrpcClientProtocolClient.java:onNext(255)) - client-DB4E080F923B->9e0d48e9-795f-4679-b1bc-974fe7951c55: receive RaftClientReply:client-DB4E080F923B->9e0d48e9-795f-4679-b1bc-974fe7951c55@group-FC65621A5432, cid=45, FAILED org.apache.ratis.protocol.NotLeaderException: Server 9e0d48e9-795f-4679-b1bc-974fe7951c55 is not the leader (d4f36997-48a6-49b8-995b-3c38d9ac3c0f:192.168.5.178:40775). Request must be sent to leader., logIndex=0, commits[9e0d48e9-795f-4679-b1bc-974fe7951c55:c8, 564f3e1b-dc37-4d98-9518-cc9451ddb3ca:c8, d4f36997-48a6-49b8-995b-3c38d9ac3c0f:c8]
2019-08-23 05:53:02,065 | INFO  | SCMAudit | user=jenkins1000 | ip=192.168.5.178 | op=SEND_HEARTBEAT {datanodeUUID=c6842691-702c-4d39-b47f-d27b1fab8f33, command=[]} | ret=SUCCESS |  
2019-08-23 05:53:02,241 | INFO  | SCMAudit | user=jenkins1000 | ip=192.168.5.178 | op=SEND_HEARTBEAT {datanodeUUID=6b30598f-e3b0-450c-bc0d-9274443a7fa0, command=[]} | ret=SUCCESS |  
2019-08-23 05:53:02,288 | INFO  | SCMAudit | user=jenkins1000 | ip=192.168.5.178 | op=SEND_HEARTBEAT {datanodeUUID=63fd8c64-0397-4420-bb2f-fd9af094cc1f, command=[]} | ret=SUCCESS |  
2019-08-23 05:53:02,734 | INFO  | SCMAudit | user=jenkins1000 | ip=192.168.5.178 | op=SEND_HEARTBEAT {datanodeUUID=564f3e1b-dc37-4d98-9518-cc9451ddb3ca, command=[]} | ret=SUCCESS |  
2019-08-23 05:53:02,734 | INFO  | SCMAudit | user=jenkins1000 | ip=192.168.5.178 | op=SEND_HEARTBEAT {datanodeUUID=d4f36997-48a6-49b8-995b-3c38d9ac3c0f, command=[]} | ret=SUCCESS |  
2019-08-23 05:53:02,754 | INFO  | SCMAudit | user=jenkins1000 | ip=192.168.5.178 | op=SEND_HEARTBEAT {datanodeUUID=9e0d48e9-795f-4679-b1bc-974fe7951c55, command=[]} | ret=SUCCESS |  
2019-08-23 05:53:02,854 | INFO  | SCMAudit | user=jenkins1000 | ip=192.168.5.178 | op=SEND_HEARTBEAT {datanodeUUID=96a4345b-84e3-4f69-b56b-0cb9f3200145, command=[]} | ret=SUCCESS |  
2019-08-23 05:53:03,064 | INFO  | SCMAudit | user=jenkins1000 | ip=192.168.5.178 | op=SEND_HEARTBEAT {datanodeUUID=c6842691-702c-4d39-b47f-d27b1fab8f33, command=[]} | ret=SUCCESS |  
2019-08-23 05:53:03,241 | INFO  | SCMAudit | user=jenkins1000 | ip=192.168.5.178 | op=SEND_HEARTBEAT {datanodeUUID=6b30598f-e3b0-450c-bc0d-9274443a7fa0, command=[]} | ret=SUCCESS |  
2019-08-23 05:53:03,288 | INFO  | SCMAudit | user=jenkins1000 | ip=192.168.5.178 | op=SEND_HEARTBEAT {datanodeUUID=63fd8c64-0397-4420-bb2f-fd9af094cc1f, command=[]} | ret=SUCCESS |  
2019-08-23 05:53:03,734 | INFO  | SCMAudit | user=jenkins1000 | ip=192.168.5.178 | op=SEND_HEARTBEAT {datanodeUUID=564f3e1b-dc37-4d98-9518-cc9451ddb3ca, command=[]} | ret=SUCCESS |  
2019-08-23 05:53:03,734 | INFO  | SCMAudit | user=jenkins1000 | ip=192.168.5.178 | op=SEND_HEARTBEAT {datanodeUUID=d4f36997-48a6-49b8-995b-3c38d9ac3c0f, command=[]} | ret=SUCCESS |  
2019-08-23 05:53:03,755 | INFO  | SCMAudit | user=jenkins1000 | ip=192.168.5.178 | op=SEND_HEARTBEAT {datanodeUUID=9e0d48e9-795f-4679-b1bc-974fe7951c55, command=[]} | ret=SUCCESS |  
2019-08-23 05:53:03,853 | INFO  | SCMAudit | user=jenkins1000 | ip=192.168.5.178 | op=SEND_HEARTBEAT {datanodeUUID=96a4345b-84e3-4f69-b56b-0cb9f3200145, command=[]} | ret=SUCCESS |  
2019-08-23 05:53:04,064 | INFO  | SCMAudit | user=jenkins1000 | ip=192.168.5.178 | op=SEND_HEARTBEAT {datanodeUUID=c6842691-702c-4d39-b47f-d27b1fab8f33, command=[]} | ret=SUCCESS |  
2019-08-23 05:53:04,241 | INFO  | SCMAudit | user=jenkins1000 | ip=192.168.5.178 | op=SEND_HEARTBEAT {datanodeUUID=6b30598f-e3b0-450c-bc0d-9274443a7fa0, command=[]} | ret=SUCCESS |  
2019-08-23 05:53:04,290 | INFO  | SCMAudit | user=jenkins1000 | ip=192.168.5.178 | op=SEND_HEARTBEAT {datanodeUUID=63fd8c64-0397-4420-bb2f-fd9af094cc1f, command=[]} | ret=SUCCESS |  
2019-08-23 05:53:04,735 | INFO  | SCMAudit | user=jenkins1000 | ip=192.168.5.178 | op=SEND_HEARTBEAT {datanodeUUID=564f3e1b-dc37-4d98-9518-cc9451ddb3ca, command=[]} | ret=SUCCESS |  
2019-08-23 05:53:04,735 | INFO  | SCMAudit | user=jenkins1000 | ip=192.168.5.178 | op=SEND_HEARTBEAT {datanodeUUID=d4f36997-48a6-49b8-995b-3c38d9ac3c0f, command=[]} | ret=SUCCESS |  
2019-08-23 05:53:04,755 | INFO  | SCMAudit | user=jenkins1000 | ip=192.168.5.178 | op=SEND_HEARTBEAT {datanodeUUID=9e0d48e9-795f-4679-b1bc-974fe7951c55, command=[]} | ret=SUCCESS |  
2019-08-23 05:53:04,853 | INFO  | SCMAudit | user=jenkins1000 | ip=192.168.5.178 | op=SEND_HEARTBEAT {datanodeUUID=96a4345b-84e3-4f69-b56b-0cb9f3200145, command=[]} | ret=SUCCESS |  
2019-08-23 05:53:05,064 | INFO  | SCMAudit | user=jenkins1000 | ip=192.168.5.178 | op=SEND_HEARTBEAT {datanodeUUID=c6842691-702c-4d39-b47f-d27b1fab8f33, command=[]} | ret=SUCCESS |  
2019-08-23 05:53:05,242 | INFO  | SCMAudit | user=jenkins1000 | ip=192.168.5.178 | op=SEND_HEARTBEAT {datanodeUUID=6b30598f-e3b0-450c-bc0d-9274443a7fa0, command=[]} | ret=SUCCESS |  
2019-08-23 05:53:05,290 | INFO  | SCMAudit | user=jenkins1000 | ip=192.168.5.178 | op=SEND_HEARTBEAT {datanodeUUID=63fd8c64-0397-4420-bb2f-fd9af094cc1f, command=[]} | ret=SUCCESS |  
2019-08-23 05:53:05,735 | INFO  | SCMAudit | user=jenkins1000 | ip=192.168.5.178 | op=SEND_HEARTBEAT {datanodeUUID=564f3e1b-dc37-4d98-9518-cc9451ddb3ca, command=[]} | ret=SUCCESS |  
2019-08-23 05:53:05,735 | INFO  | SCMAudit | user=jenkins1000 | ip=192.168.5.178 | op=SEND_HEARTBEAT {datanodeUUID=d4f36997-48a6-49b8-995b-3c38d9ac3c0f, command=[]} | ret=SUCCESS |  
2019-08-23 05:53:05,755 | INFO  | SCMAudit | user=jenkins1000 | ip=192.168.5.178 | op=SEND_HEARTBEAT {datanodeUUID=9e0d48e9-795f-4679-b1bc-974fe7951c55, command=[]} | ret=SUCCESS |  
2019-08-23 05:53:05,853 | INFO  | SCMAudit | user=jenkins1000 | ip=192.168.5.178 | op=SEND_HEARTBEAT {datanodeUUID=96a4345b-84e3-4f69-b56b-0cb9f3200145, command=[]} | ret=SUCCESS |  
2019-08-23 05:53:06,064 | INFO  | SCMAudit | user=jenkins1000 | ip=192.168.5.178 | op=SEND_HEARTBEAT {datanodeUUID=c6842691-702c-4d39-b47f-d27b1fab8f33, command=[]} | ret=SUCCESS |  
2019-08-23 05:53:06,242 | INFO  | SCMAudit | user=jenkins1000 | ip=192.168.5.178 | op=SEND_HEARTBEAT {datanodeUUID=6b30598f-e3b0-450c-bc0d-9274443a7fa0, command=[]} | ret=SUCCESS |  
2019-08-23 05:53:06,290 | INFO  | SCMAudit | user=jenkins1000 | ip=192.168.5.178 | op=SEND_HEARTBEAT {datanodeUUID=63fd8c64-0397-4420-bb2f-fd9af094cc1f, command=[]} | ret=SUCCESS |  
2019-08-23 05:53:06,735 | INFO  | SCMAudit | user=jenkins1000 | ip=192.168.5.178 | op=SEND_HEARTBEAT {datanodeUUID=d4f36997-48a6-49b8-995b-3c38d9ac3c0f, command=[]} | ret=SUCCESS |  
2019-08-23 05:53:06,736 | INFO  | SCMAudit | user=jenkins1000 | ip=192.168.5.178 | op=SEND_HEARTBEAT {datanodeUUID=564f3e1b-dc37-4d98-9518-cc9451ddb3ca, command=[]} | ret=SUCCESS |  
2019-08-23 05:53:06,755 | INFO  | SCMAudit | user=jenkins1000 | ip=192.168.5.178 | op=SEND_HEARTBEAT {datanodeUUID=9e0d48e9-795f-4679-b1bc-974fe7951c55, command=[]} | ret=SUCCESS |  
2019-08-23 05:53:06,853 | INFO  | SCMAudit | user=jenkins1000 | ip=192.168.5.178 | op=SEND_HEARTBEAT {datanodeUUID=96a4345b-84e3-4f69-b56b-0cb9f3200145, command=[]} | ret=SUCCESS |  
2019-08-23 05:53:06,910 [grpc-default-executor-5] INFO  client.GrpcClientProtocolClient (GrpcClientProtocolClient.java:onNext(255)) - client-DB4E080F923B->9e0d48e9-795f-4679-b1bc-974fe7951c55: receive RaftClientReply:client-DB4E080F923B->9e0d48e9-795f-4679-b1bc-974fe7951c55@group-FC65621A5432, cid=45, FAILED org.apache.ratis.protocol.NotLeaderException: Server 9e0d48e9-795f-4679-b1bc-974fe7951c55 is not the leader (d4f36997-48a6-49b8-995b-3c38d9ac3c0f:192.168.5.178:40775). Request must be sent to leader., logIndex=0, commits[9e0d48e9-795f-4679-b1bc-974fe7951c55:c8, 564f3e1b-dc37-4d98-9518-cc9451ddb3ca:c8, d4f36997-48a6-49b8-995b-3c38d9ac3c0f:c8]
2019-08-23 05:53:07,064 | INFO  | SCMAudit | user=jenkins1000 | ip=192.168.5.178 | op=SEND_HEARTBEAT {datanodeUUID=c6842691-702c-4d39-b47f-d27b1fab8f33, command=[]} | ret=SUCCESS |  
2019-08-23 05:53:07,242 | INFO  | SCMAudit | user=jenkins1000 | ip=192.168.5.178 | op=SEND_HEARTBEAT {datanodeUUID=6b30598f-e3b0-450c-bc0d-9274443a7fa0, command=[]} | ret=SUCCESS |  
2019-08-23 05:53:07,290 | INFO  | SCMAudit | user=jenkins1000 | ip=192.168.5.178 | op=SEND_HEARTBEAT {datanodeUUID=63fd8c64-0397-4420-bb2f-fd9af094cc1f, command=[]} | ret=SUCCESS |  
2019-08-23 05:53:07,735 | INFO  | SCMAudit | user=jenkins1000 | ip=192.168.5.178 | op=SEND_HEARTBEAT {datanodeUUID=564f3e1b-dc37-4d98-9518-cc9451ddb3ca, command=[]} | ret=SUCCESS |  
2019-08-23 05:53:07,735 | INFO  | SCMAudit | user=jenkins1000 | ip=192.168.5.178 | op=SEND_HEARTBEAT {datanodeUUID=d4f36997-48a6-49b8-995b-3c38d9ac3c0f, command=[]} | ret=SUCCESS |  
2019-08-23 05:53:07,755 | INFO  | SCMAudit | user=jenkins1000 | ip=192.168.5.178 | op=SEND_HEARTBEAT {datanodeUUID=9e0d48e9-795f-4679-b1bc-974fe7951c55, command=[]} | ret=SUCCESS |  
2019-08-23 05:53:07,853 | INFO  | SCMAudit | user=jenkins1000 | ip=192.168.5.178 | op=SEND_HEARTBEAT {datanodeUUID=96a4345b-84e3-4f69-b56b-0cb9f3200145, command=[]} | ret=SUCCESS |  
2019-08-23 05:53:08,064 | INFO  | SCMAudit | user=jenkins1000 | ip=192.168.5.178 | op=SEND_HEARTBEAT {datanodeUUID=c6842691-702c-4d39-b47f-d27b1fab8f33, command=[]} | ret=SUCCESS |  
2019-08-23 05:53:08,242 | INFO  | SCMAudit | user=jenkins1000 | ip=192.168.5.178 | op=SEND_HEARTBEAT {datanodeUUID=6b30598f-e3b0-450c-bc0d-9274443a7fa0, command=[]} | ret=SUCCESS |  
2019-08-23 05:53:08,290 | INFO  | SCMAudit | user=jenkins1000 | ip=192.168.5.178 | op=SEND_HEARTBEAT {datanodeUUID=63fd8c64-0397-4420-bb2f-fd9af094cc1f, command=[]} | ret=SUCCESS |  
2019-08-23 05:53:08,735 | INFO  | SCMAudit | user=jenkins1000 | ip=192.168.5.178 | op=SEND_HEARTBEAT {datanodeUUID=564f3e1b-dc37-4d98-9518-cc9451ddb3ca, command=[]} | ret=SUCCESS |  
2019-08-23 05:53:08,735 | INFO  | SCMAudit | user=jenkins1000 | ip=192.168.5.178 | op=SEND_HEARTBEAT {datanodeUUID=d4f36997-48a6-49b8-995b-3c38d9ac3c0f, command=[]} | ret=SUCCESS |  
2019-08-23 05:53:08,755 | INFO  | SCMAudit | user=jenkins1000 | ip=192.168.5.178 | op=SEND_HEARTBEAT {datanodeUUID=9e0d48e9-795f-4679-b1bc-974fe7951c55, command=[]} | ret=SUCCESS |  
2019-08-23 05:53:08,854 | INFO  | SCMAudit | user=jenkins1000 | ip=192.168.5.178 | op=SEND_HEARTBEAT {datanodeUUID=96a4345b-84e3-4f69-b56b-0cb9f3200145, command=[]} | ret=SUCCESS |  
2019-08-23 05:53:09,064 | INFO  | SCMAudit | user=jenkins1000 | ip=192.168.5.178 | op=SEND_HEARTBEAT {datanodeUUID=c6842691-702c-4d39-b47f-d27b1fab8f33, command=[]} | ret=SUCCESS |  
2019-08-23 05:53:09,242 | INFO  | SCMAudit | user=jenkins1000 | ip=192.168.5.178 | op=SEND_HEARTBEAT {datanodeUUID=6b30598f-e3b0-450c-bc0d-9274443a7fa0, command=[]} | ret=SUCCESS |  
2019-08-23 05:53:09,290 | INFO  | SCMAudit | user=jenkins1000 | ip=192.168.5.178 | op=SEND_HEARTBEAT {datanodeUUID=63fd8c64-0397-4420-bb2f-fd9af094cc1f, command=[]} | ret=SUCCESS |  
2019-08-23 05:53:09,735 | INFO  | SCMAudit | user=jenkins1000 | ip=192.168.5.178 | op=SEND_HEARTBEAT {datanodeUUID=564f3e1b-dc37-4d98-9518-cc9451ddb3ca, command=[]} | ret=SUCCESS |  
2019-08-23 05:53:09,735 | INFO  | SCMAudit | user=jenkins1000 | ip=192.168.5.178 | op=SEND_HEARTBEAT {datanodeUUID=d4f36997-48a6-49b8-995b-3c38d9ac3c0f, command=[]} | ret=SUCCESS |  
2019-08-23 05:53:09,755 | INFO  | SCMAudit | user=jenkins1000 | ip=192.168.5.178 | op=SEND_HEARTBEAT {datanodeUUID=9e0d48e9-795f-4679-b1bc-974fe7951c55, command=[]} | ret=SUCCESS |  
2019-08-23 05:53:09,853 | INFO  | SCMAudit | user=jenkins1000 | ip=192.168.5.178 | op=SEND_HEARTBEAT {datanodeUUID=96a4345b-84e3-4f69-b56b-0cb9f3200145, command=[]} | ret=SUCCESS |  
2019-08-23 05:53:10,064 | INFO  | SCMAudit | user=jenkins1000 | ip=192.168.5.178 | op=SEND_HEARTBEAT {datanodeUUID=c6842691-702c-4d39-b47f-d27b1fab8f33, command=[]} | ret=SUCCESS |  
2019-08-23 05:53:10,242 | INFO  | SCMAudit | user=jenkins1000 | ip=192.168.5.178 | op=SEND_HEARTBEAT {datanodeUUID=6b30598f-e3b0-450c-bc0d-9274443a7fa0, command=[]} | ret=SUCCESS |  
2019-08-23 05:53:10,290 | INFO  | SCMAudit | user=jenkins1000 | ip=192.168.5.178 | op=SEND_HEARTBEAT {datanodeUUID=63fd8c64-0397-4420-bb2f-fd9af094cc1f, command=[]} | ret=SUCCESS |  
2019-08-23 05:53:10,735 | INFO  | SCMAudit | user=jenkins1000 | ip=192.168.5.178 | op=SEND_HEARTBEAT {datanodeUUID=d4f36997-48a6-49b8-995b-3c38d9ac3c0f, command=[]} | ret=SUCCESS |  
2019-08-23 05:53:10,736 | INFO  | SCMAudit | user=jenkins1000 | ip=192.168.5.178 | op=SEND_HEARTBEAT {datanodeUUID=564f3e1b-dc37-4d98-9518-cc9451ddb3ca, command=[]} | ret=SUCCESS |  
2019-08-23 05:53:10,755 | INFO  | SCMAudit | user=jenkins1000 | ip=192.168.5.178 | op=SEND_HEARTBEAT {datanodeUUID=9e0d48e9-795f-4679-b1bc-974fe7951c55, command=[]} | ret=SUCCESS |  
2019-08-23 05:53:10,854 | INFO  | SCMAudit | user=jenkins1000 | ip=192.168.5.178 | op=SEND_HEARTBEAT {datanodeUUID=96a4345b-84e3-4f69-b56b-0cb9f3200145, command=[]} | ret=SUCCESS |  
2019-08-23 05:53:11,064 | INFO  | SCMAudit | user=jenkins1000 | ip=192.168.5.178 | op=SEND_HEARTBEAT {datanodeUUID=c6842691-702c-4d39-b47f-d27b1fab8f33, command=[]} | ret=SUCCESS |  
2019-08-23 05:53:11,242 | INFO  | SCMAudit | user=jenkins1000 | ip=192.168.5.178 | op=SEND_HEARTBEAT {datanodeUUID=6b30598f-e3b0-450c-bc0d-9274443a7fa0, command=[]} | ret=SUCCESS |  
2019-08-23 05:53:11,290 | INFO  | SCMAudit | user=jenkins1000 | ip=192.168.5.178 | op=SEND_HEARTBEAT {datanodeUUID=63fd8c64-0397-4420-bb2f-fd9af094cc1f, command=[]} | ret=SUCCESS |  
2019-08-23 05:53:11,735 | INFO  | SCMAudit | user=jenkins1000 | ip=192.168.5.178 | op=SEND_HEARTBEAT {datanodeUUID=564f3e1b-dc37-4d98-9518-cc9451ddb3ca, command=[]} | ret=SUCCESS |  
2019-08-23 05:53:11,735 | INFO  | SCMAudit | user=jenkins1000 | ip=192.168.5.178 | op=SEND_HEARTBEAT {datanodeUUID=d4f36997-48a6-49b8-995b-3c38d9ac3c0f, command=[]} | ret=SUCCESS |  
2019-08-23 05:53:11,755 | INFO  | SCMAudit | user=jenkins1000 | ip=192.168.5.178 | op=SEND_HEARTBEAT {datanodeUUID=9e0d48e9-795f-4679-b1bc-974fe7951c55, command=[]} | ret=SUCCESS |  
2019-08-23 05:53:11,853 | INFO  | SCMAudit | user=jenkins1000 | ip=192.168.5.178 | op=SEND_HEARTBEAT {datanodeUUID=96a4345b-84e3-4f69-b56b-0cb9f3200145, command=[]} | ret=SUCCESS |  
2019-08-23 05:53:11,978 [grpc-default-executor-5] INFO  client.GrpcClientProtocolClient (GrpcClientProtocolClient.java:onNext(255)) - client-DB4E080F923B->564f3e1b-dc37-4d98-9518-cc9451ddb3ca: receive RaftClientReply:client-DB4E080F923B->564f3e1b-dc37-4d98-9518-cc9451ddb3ca@group-FC65621A5432, cid=45, FAILED org.apache.ratis.protocol.NotLeaderException: Server 564f3e1b-dc37-4d98-9518-cc9451ddb3ca is not the leader (d4f36997-48a6-49b8-995b-3c38d9ac3c0f:192.168.5.178:40775). Request must be sent to leader., logIndex=0, commits[564f3e1b-dc37-4d98-9518-cc9451ddb3ca:c8, 9e0d48e9-795f-4679-b1bc-974fe7951c55:c8, d4f36997-48a6-49b8-995b-3c38d9ac3c0f:c8]
2019-08-23 05:53:12,064 | INFO  | SCMAudit | user=jenkins1000 | ip=192.168.5.178 | op=SEND_HEARTBEAT {datanodeUUID=c6842691-702c-4d39-b47f-d27b1fab8f33, command=[]} | ret=SUCCESS |  
2019-08-23 05:53:12,243 | INFO  | SCMAudit | user=jenkins1000 | ip=192.168.5.178 | op=SEND_HEARTBEAT {datanodeUUID=6b30598f-e3b0-450c-bc0d-9274443a7fa0, command=[]} | ret=SUCCESS |  
2019-08-23 05:53:12,290 | INFO  | SCMAudit | user=jenkins1000 | ip=192.168.5.178 | op=SEND_HEARTBEAT {datanodeUUID=63fd8c64-0397-4420-bb2f-fd9af094cc1f, command=[]} | ret=SUCCESS |  
2019-08-23 05:53:12,736 | INFO  | SCMAudit | user=jenkins1000 | ip=192.168.5.178 | op=SEND_HEARTBEAT {datanodeUUID=d4f36997-48a6-49b8-995b-3c38d9ac3c0f, command=[]} | ret=SUCCESS |  
2019-08-23 05:53:12,736 | INFO  | SCMAudit | user=jenkins1000 | ip=192.168.5.178 | op=SEND_HEARTBEAT {datanodeUUID=564f3e1b-dc37-4d98-9518-cc9451ddb3ca, command=[]} | ret=SUCCESS |  
2019-08-23 05:53:12,755 | INFO  | SCMAudit | user=jenkins1000 | ip=192.168.5.178 | op=SEND_HEARTBEAT {datanodeUUID=9e0d48e9-795f-4679-b1bc-974fe7951c55, command=[]} | ret=SUCCESS |  
2019-08-23 05:53:12,854 | INFO  | SCMAudit | user=jenkins1000 | ip=192.168.5.178 | op=SEND_HEARTBEAT {datanodeUUID=96a4345b-84e3-4f69-b56b-0cb9f3200145, command=[]} | ret=SUCCESS |  
2019-08-23 05:53:13,064 | INFO  | SCMAudit | user=jenkins1000 | ip=192.168.5.178 | op=SEND_HEARTBEAT {datanodeUUID=c6842691-702c-4d39-b47f-d27b1fab8f33, command=[]} | ret=SUCCESS |  
2019-08-23 05:53:13,243 | INFO  | SCMAudit | user=jenkins1000 | ip=192.168.5.178 | op=SEND_HEARTBEAT {datanodeUUID=6b30598f-e3b0-450c-bc0d-9274443a7fa0, command=[]} | ret=SUCCESS |  
2019-08-23 05:53:13,290 | INFO  | SCMAudit | user=jenkins1000 | ip=192.168.5.178 | op=SEND_HEARTBEAT {datanodeUUID=63fd8c64-0397-4420-bb2f-fd9af094cc1f, command=[]} | ret=SUCCESS |  
2019-08-23 05:53:13,735 | INFO  | SCMAudit | user=jenkins1000 | ip=192.168.5.178 | op=SEND_HEARTBEAT {datanodeUUID=d4f36997-48a6-49b8-995b-3c38d9ac3c0f, command=[]} | ret=SUCCESS |  
2019-08-23 05:53:13,735 | INFO  | SCMAudit | user=jenkins1000 | ip=192.168.5.178 | op=SEND_HEARTBEAT {datanodeUUID=564f3e1b-dc37-4d98-9518-cc9451ddb3ca, command=[]} | ret=SUCCESS |  
2019-08-23 05:53:13,755 | INFO  | SCMAudit | user=jenkins1000 | ip=192.168.5.178 | op=SEND_HEARTBEAT {datanodeUUID=9e0d48e9-795f-4679-b1bc-974fe7951c55, command=[]} | ret=SUCCESS |  
2019-08-23 05:53:13,853 | INFO  | SCMAudit | user=jenkins1000 | ip=192.168.5.178 | op=SEND_HEARTBEAT {datanodeUUID=96a4345b-84e3-4f69-b56b-0cb9f3200145, command=[]} | ret=SUCCESS |  
2019-08-23 05:53:14,065 | INFO  | SCMAudit | user=jenkins1000 | ip=192.168.5.178 | op=SEND_HEARTBEAT {datanodeUUID=c6842691-702c-4d39-b47f-d27b1fab8f33, command=[]} | ret=SUCCESS |  
2019-08-23 05:53:14,244 | INFO  | SCMAudit | user=jenkins1000 | ip=192.168.5.178 | op=SEND_HEARTBEAT {datanodeUUID=6b30598f-e3b0-450c-bc0d-9274443a7fa0, command=[]} | ret=SUCCESS |  
2019-08-23 05:53:14,291 | INFO  | SCMAudit | user=jenkins1000 | ip=192.168.5.178 | op=SEND_HEARTBEAT {datanodeUUID=63fd8c64-0397-4420-bb2f-fd9af094cc1f, command=[]} | ret=SUCCESS |  
2019-08-23 05:53:14,735 | INFO  | SCMAudit | user=jenkins1000 | ip=192.168.5.178 | op=SEND_HEARTBEAT {datanodeUUID=564f3e1b-dc37-4d98-9518-cc9451ddb3ca, command=[]} | ret=SUCCESS |  
2019-08-23 05:53:14,735 | INFO  | SCMAudit | user=jenkins1000 | ip=192.168.5.178 | op=SEND_HEARTBEAT {datanodeUUID=d4f36997-48a6-49b8-995b-3c38d9ac3c0f, command=[]} | ret=SUCCESS |  
2019-08-23 05:53:14,755 | INFO  | SCMAudit | user=jenkins1000 | ip=192.168.5.178 | op=SEND_HEARTBEAT {datanodeUUID=9e0d48e9-795f-4679-b1bc-974fe7951c55, command=[]} | ret=SUCCESS |  
2019-08-23 05:53:14,853 | INFO  | SCMAudit | user=jenkins1000 | ip=192.168.5.178 | op=SEND_HEARTBEAT {datanodeUUID=96a4345b-84e3-4f69-b56b-0cb9f3200145, command=[]} | ret=SUCCESS |  
2019-08-23 05:53:15,064 | INFO  | SCMAudit | user=jenkins1000 | ip=192.168.5.178 | op=SEND_HEARTBEAT {datanodeUUID=c6842691-702c-4d39-b47f-d27b1fab8f33, command=[]} | ret=SUCCESS |  
2019-08-23 05:53:15,244 | INFO  | SCMAudit | user=jenkins1000 | ip=192.168.5.178 | op=SEND_HEARTBEAT {datanodeUUID=6b30598f-e3b0-450c-bc0d-9274443a7fa0, command=[]} | ret=SUCCESS |  
2019-08-23 05:53:15,291 | INFO  | SCMAudit | user=jenkins1000 | ip=192.168.5.178 | op=SEND_HEARTBEAT {datanodeUUID=63fd8c64-0397-4420-bb2f-fd9af094cc1f, command=[]} | ret=SUCCESS |  
2019-08-23 05:53:15,735 | INFO  | SCMAudit | user=jenkins1000 | ip=192.168.5.178 | op=SEND_HEARTBEAT {datanodeUUID=564f3e1b-dc37-4d98-9518-cc9451ddb3ca, command=[]} | ret=SUCCESS |  
2019-08-23 05:53:15,735 | INFO  | SCMAudit | user=jenkins1000 | ip=192.168.5.178 | op=SEND_HEARTBEAT {datanodeUUID=d4f36997-48a6-49b8-995b-3c38d9ac3c0f, command=[]} | ret=SUCCESS |  
2019-08-23 05:53:15,755 | INFO  | SCMAudit | user=jenkins1000 | ip=192.168.5.178 | op=SEND_HEARTBEAT {datanodeUUID=9e0d48e9-795f-4679-b1bc-974fe7951c55, command=[]} | ret=SUCCESS |  
2019-08-23 05:53:15,854 | INFO  | SCMAudit | user=jenkins1000 | ip=192.168.5.178 | op=SEND_HEARTBEAT {datanodeUUID=96a4345b-84e3-4f69-b56b-0cb9f3200145, command=[]} | ret=SUCCESS |  
2019-08-23 05:53:16,064 | INFO  | SCMAudit | user=jenkins1000 | ip=192.168.5.178 | op=SEND_HEARTBEAT {datanodeUUID=c6842691-702c-4d39-b47f-d27b1fab8f33, command=[]} | ret=SUCCESS |  
2019-08-23 05:53:16,244 | INFO  | SCMAudit | user=jenkins1000 | ip=192.168.5.178 | op=SEND_HEARTBEAT {datanodeUUID=6b30598f-e3b0-450c-bc0d-9274443a7fa0, command=[]} | ret=SUCCESS |  
2019-08-23 05:53:16,291 | INFO  | SCMAudit | user=jenkins1000 | ip=192.168.5.178 | op=SEND_HEARTBEAT {datanodeUUID=63fd8c64-0397-4420-bb2f-fd9af094cc1f, command=[]} | ret=SUCCESS |  
2019-08-23 05:53:16,735 | INFO  | SCMAudit | user=jenkins1000 | ip=192.168.5.178 | op=SEND_HEARTBEAT {datanodeUUID=d4f36997-48a6-49b8-995b-3c38d9ac3c0f, command=[]} | ret=SUCCESS |  
2019-08-23 05:53:16,735 | INFO  | SCMAudit | user=jenkins1000 | ip=192.168.5.178 | op=SEND_HEARTBEAT {datanodeUUID=564f3e1b-dc37-4d98-9518-cc9451ddb3ca, command=[]} | ret=SUCCESS |  
2019-08-23 05:53:16,755 | INFO  | SCMAudit | user=jenkins1000 | ip=192.168.5.178 | op=SEND_HEARTBEAT {datanodeUUID=9e0d48e9-795f-4679-b1bc-974fe7951c55, command=[]} | ret=SUCCESS |  
2019-08-23 05:53:16,854 | INFO  | SCMAudit | user=jenkins1000 | ip=192.168.5.178 | op=SEND_HEARTBEAT {datanodeUUID=96a4345b-84e3-4f69-b56b-0cb9f3200145, command=[]} | ret=SUCCESS |  
2019-08-23 05:53:17,030 [grpc-default-executor-1] INFO  client.GrpcClientProtocolClient (GrpcClientProtocolClient.java:onNext(255)) - client-DB4E080F923B->564f3e1b-dc37-4d98-9518-cc9451ddb3ca: receive RaftClientReply:client-DB4E080F923B->564f3e1b-dc37-4d98-9518-cc9451ddb3ca@group-FC65621A5432, cid=45, FAILED org.apache.ratis.protocol.NotLeaderException: Server 564f3e1b-dc37-4d98-9518-cc9451ddb3ca is not the leader (d4f36997-48a6-49b8-995b-3c38d9ac3c0f:192.168.5.178:40775). Request must be sent to leader., logIndex=0, commits[564f3e1b-dc37-4d98-9518-cc9451ddb3ca:c8, 9e0d48e9-795f-4679-b1bc-974fe7951c55:c8, d4f36997-48a6-49b8-995b-3c38d9ac3c0f:c8]
2019-08-23 05:53:17,064 | INFO  | SCMAudit | user=jenkins1000 | ip=192.168.5.178 | op=SEND_HEARTBEAT {datanodeUUID=c6842691-702c-4d39-b47f-d27b1fab8f33, command=[]} | ret=SUCCESS |  
2019-08-23 05:53:17,245 | INFO  | SCMAudit | user=jenkins1000 | ip=192.168.5.178 | op=SEND_HEARTBEAT {datanodeUUID=6b30598f-e3b0-450c-bc0d-9274443a7fa0, command=[]} | ret=SUCCESS |  
2019-08-23 05:53:17,291 | INFO  | SCMAudit | user=jenkins1000 | ip=192.168.5.178 | op=SEND_HEARTBEAT {datanodeUUID=63fd8c64-0397-4420-bb2f-fd9af094cc1f, command=[]} | ret=SUCCESS |  
2019-08-23 05:53:17,736 | INFO  | SCMAudit | user=jenkins1000 | ip=192.168.5.178 | op=SEND_HEARTBEAT {datanodeUUID=d4f36997-48a6-49b8-995b-3c38d9ac3c0f, command=[]} | ret=SUCCESS |  
2019-08-23 05:53:17,736 | INFO  | SCMAudit | user=jenkins1000 | ip=192.168.5.178 | op=SEND_HEARTBEAT {datanodeUUID=564f3e1b-dc37-4d98-9518-cc9451ddb3ca, command=[]} | ret=SUCCESS |  
2019-08-23 05:53:17,755 | INFO  | SCMAudit | user=jenkins1000 | ip=192.168.5.178 | op=SEND_HEARTBEAT {datanodeUUID=9e0d48e9-795f-4679-b1bc-974fe7951c55, command=[]} | ret=SUCCESS |  
2019-08-23 05:53:17,854 | INFO  | SCMAudit | user=jenkins1000 | ip=192.168.5.178 | op=SEND_HEARTBEAT {datanodeUUID=96a4345b-84e3-4f69-b56b-0cb9f3200145, command=[]} | ret=SUCCESS |  
2019-08-23 05:53:18,064 | INFO  | SCMAudit | user=jenkins1000 | ip=192.168.5.178 | op=SEND_HEARTBEAT {datanodeUUID=c6842691-702c-4d39-b47f-d27b1fab8f33, command=[]} | ret=SUCCESS |  
2019-08-23 05:53:18,244 | INFO  | SCMAudit | user=jenkins1000 | ip=192.168.5.178 | op=SEND_HEARTBEAT {datanodeUUID=6b30598f-e3b0-450c-bc0d-9274443a7fa0, command=[]} | ret=SUCCESS |  
2019-08-23 05:53:18,291 | INFO  | SCMAudit | user=jenkins1000 | ip=192.168.5.178 | op=SEND_HEARTBEAT {datanodeUUID=63fd8c64-0397-4420-bb2f-fd9af094cc1f, command=[]} | ret=SUCCESS |  
2019-08-23 05:53:18,736 | INFO  | SCMAudit | user=jenkins1000 | ip=192.168.5.178 | op=SEND_HEARTBEAT {datanodeUUID=d4f36997-48a6-49b8-995b-3c38d9ac3c0f, command=[]} | ret=SUCCESS |  
2019-08-23 05:53:18,736 | INFO  | SCMAudit | user=jenkins1000 | ip=192.168.5.178 | op=SEND_HEARTBEAT {datanodeUUID=564f3e1b-dc37-4d98-9518-cc9451ddb3ca, command=[]} | ret=SUCCESS |  
2019-08-23 05:53:18,755 | INFO  | SCMAudit | user=jenkins1000 | ip=192.168.5.178 | op=SEND_HEARTBEAT {datanodeUUID=9e0d48e9-795f-4679-b1bc-974fe7951c55, command=[]} | ret=SUCCESS |  
2019-08-23 05:53:18,854 | INFO  | SCMAudit | user=jenkins1000 | ip=192.168.5.178 | op=SEND_HEARTBEAT {datanodeUUID=96a4345b-84e3-4f69-b56b-0cb9f3200145, command=[]} | ret=SUCCESS |  
2019-08-23 05:53:19,064 | INFO  | SCMAudit | user=jenkins1000 | ip=192.168.5.178 | op=SEND_HEARTBEAT {datanodeUUID=c6842691-702c-4d39-b47f-d27b1fab8f33, command=[]} | ret=SUCCESS |  
2019-08-23 05:53:19,244 | INFO  | SCMAudit | user=jenkins1000 | ip=192.168.5.178 | op=SEND_HEARTBEAT {datanodeUUID=6b30598f-e3b0-450c-bc0d-9274443a7fa0, command=[]} | ret=SUCCESS |  
2019-08-23 05:53:19,291 | INFO  | SCMAudit | user=jenkins1000 | ip=192.168.5.178 | op=SEND_HEARTBEAT {datanodeUUID=63fd8c64-0397-4420-bb2f-fd9af094cc1f, command=[]} | ret=SUCCESS |  
2019-08-23 05:53:19,736 | INFO  | SCMAudit | user=jenkins1000 | ip=192.168.5.178 | op=SEND_HEARTBEAT {datanodeUUID=564f3e1b-dc37-4d98-9518-cc9451ddb3ca, command=[]} | ret=SUCCESS |  
2019-08-23 05:53:19,736 | INFO  | SCMAudit | user=jenkins1000 | ip=192.168.5.178 | op=SEND_HEARTBEAT {datanodeUUID=d4f36997-48a6-49b8-995b-3c38d9ac3c0f, command=[]} | ret=SUCCESS |  
2019-08-23 05:53:19,755 | INFO  | SCMAudit | user=jenkins1000 | ip=192.168.5.178 | op=SEND_HEARTBEAT {datanodeUUID=9e0d48e9-795f-4679-b1bc-974fe7951c55, command=[]} | ret=SUCCESS |  
2019-08-23 05:53:19,854 | INFO  | SCMAudit | user=jenkins1000 | ip=192.168.5.178 | op=SEND_HEARTBEAT {datanodeUUID=96a4345b-84e3-4f69-b56b-0cb9f3200145, command=[]} | ret=SUCCESS |  
2019-08-23 05:53:20,064 | INFO  | SCMAudit | user=jenkins1000 | ip=192.168.5.178 | op=SEND_HEARTBEAT {datanodeUUID=c6842691-702c-4d39-b47f-d27b1fab8f33, command=[]} | ret=SUCCESS |  
2019-08-23 05:53:20,245 | INFO  | SCMAudit | user=jenkins1000 | ip=192.168.5.178 | op=SEND_HEARTBEAT {datanodeUUID=6b30598f-e3b0-450c-bc0d-9274443a7fa0, command=[]} | ret=SUCCESS |  
2019-08-23 05:53:20,291 | INFO  | SCMAudit | user=jenkins1000 | ip=192.168.5.178 | op=SEND_HEARTBEAT {datanodeUUID=63fd8c64-0397-4420-bb2f-fd9af094cc1f, command=[]} | ret=SUCCESS |  
2019-08-23 05:53:20,736 | INFO  | SCMAudit | user=jenkins1000 | ip=192.168.5.178 | op=SEND_HEARTBEAT {datanodeUUID=d4f36997-48a6-49b8-995b-3c38d9ac3c0f, command=[]} | ret=SUCCESS |  
2019-08-23 05:53:20,736 | INFO  | SCMAudit | user=jenkins1000 | ip=192.168.5.178 | op=SEND_HEARTBEAT {datanodeUUID=564f3e1b-dc37-4d98-9518-cc9451ddb3ca, command=[]} | ret=SUCCESS |  
2019-08-23 05:53:20,755 | INFO  | SCMAudit | user=jenkins1000 | ip=192.168.5.178 | op=SEND_HEARTBEAT {datanodeUUID=9e0d48e9-795f-4679-b1bc-974fe7951c55, command=[]} | ret=SUCCESS |  
2019-08-23 05:53:20,855 | INFO  | SCMAudit | user=jenkins1000 | ip=192.168.5.178 | op=SEND_HEARTBEAT {datanodeUUID=96a4345b-84e3-4f69-b56b-0cb9f3200145, command=[]} | ret=SUCCESS |  
2019-08-23 05:53:21,064 | INFO  | SCMAudit | user=jenkins1000 | ip=192.168.5.178 | op=SEND_HEARTBEAT {datanodeUUID=c6842691-702c-4d39-b47f-d27b1fab8f33, command=[]} | ret=SUCCESS |  
2019-08-23 05:53:21,245 | INFO  | SCMAudit | user=jenkins1000 | ip=192.168.5.178 | op=SEND_HEARTBEAT {datanodeUUID=6b30598f-e3b0-450c-bc0d-9274443a7fa0, command=[]} | ret=SUCCESS |  
2019-08-23 05:53:21,291 | INFO  | SCMAudit | user=jenkins1000 | ip=192.168.5.178 | op=SEND_HEARTBEAT {datanodeUUID=63fd8c64-0397-4420-bb2f-fd9af094cc1f, command=[]} | ret=SUCCESS |  
2019-08-23 05:53:21,736 | INFO  | SCMAudit | user=jenkins1000 | ip=192.168.5.178 | op=SEND_HEARTBEAT {datanodeUUID=564f3e1b-dc37-4d98-9518-cc9451ddb3ca, command=[]} | ret=SUCCESS |  
2019-08-23 05:53:21,736 | INFO  | SCMAudit | user=jenkins1000 | ip=192.168.5.178 | op=SEND_HEARTBEAT {datanodeUUID=d4f36997-48a6-49b8-995b-3c38d9ac3c0f, command=[]} | ret=SUCCESS |  
2019-08-23 05:53:21,758 | INFO  | SCMAudit | user=jenkins1000 | ip=192.168.5.178 | op=SEND_HEARTBEAT {datanodeUUID=9e0d48e9-795f-4679-b1bc-974fe7951c55, command=[]} | ret=SUCCESS |  
2019-08-23 05:53:21,855 | INFO  | SCMAudit | user=jenkins1000 | ip=192.168.5.178 | op=SEND_HEARTBEAT {datanodeUUID=96a4345b-84e3-4f69-b56b-0cb9f3200145, command=[]} | ret=SUCCESS |  
2019-08-23 05:53:22,067 | INFO  | SCMAudit | user=jenkins1000 | ip=192.168.5.178 | op=SEND_HEARTBEAT {datanodeUUID=c6842691-702c-4d39-b47f-d27b1fab8f33, command=[]} | ret=SUCCESS |  
2019-08-23 05:53:22,079 [grpc-default-executor-1] INFO  client.GrpcClientProtocolClient (GrpcClientProtocolClient.java:onNext(255)) - client-DB4E080F923B->564f3e1b-dc37-4d98-9518-cc9451ddb3ca: receive RaftClientReply:client-DB4E080F923B->564f3e1b-dc37-4d98-9518-cc9451ddb3ca@group-FC65621A5432, cid=45, FAILED org.apache.ratis.protocol.NotLeaderException: Server 564f3e1b-dc37-4d98-9518-cc9451ddb3ca is not the leader (d4f36997-48a6-49b8-995b-3c38d9ac3c0f:192.168.5.178:40775). Request must be sent to leader., logIndex=0, commits[564f3e1b-dc37-4d98-9518-cc9451ddb3ca:c8, 9e0d48e9-795f-4679-b1bc-974fe7951c55:c8, d4f36997-48a6-49b8-995b-3c38d9ac3c0f:c8]
2019-08-23 05:53:22,245 | INFO  | SCMAudit | user=jenkins1000 | ip=192.168.5.178 | op=SEND_HEARTBEAT {datanodeUUID=6b30598f-e3b0-450c-bc0d-9274443a7fa0, command=[]} | ret=SUCCESS |  
2019-08-23 05:53:22,291 | INFO  | SCMAudit | user=jenkins1000 | ip=192.168.5.178 | op=SEND_HEARTBEAT {datanodeUUID=63fd8c64-0397-4420-bb2f-fd9af094cc1f, command=[]} | ret=SUCCESS |  
2019-08-23 05:53:22,736 | INFO  | SCMAudit | user=jenkins1000 | ip=192.168.5.178 | op=SEND_HEARTBEAT {datanodeUUID=564f3e1b-dc37-4d98-9518-cc9451ddb3ca, command=[]} | ret=SUCCESS |  
2019-08-23 05:53:22,736 | INFO  | SCMAudit | user=jenkins1000 | ip=192.168.5.178 | op=SEND_HEARTBEAT {datanodeUUID=d4f36997-48a6-49b8-995b-3c38d9ac3c0f, command=[]} | ret=SUCCESS |  
2019-08-23 05:53:22,758 | INFO  | SCMAudit | user=jenkins1000 | ip=192.168.5.178 | op=SEND_HEARTBEAT {datanodeUUID=9e0d48e9-795f-4679-b1bc-974fe7951c55, command=[]} | ret=SUCCESS |  
2019-08-23 05:53:22,854 | INFO  | SCMAudit | user=jenkins1000 | ip=192.168.5.178 | op=SEND_HEARTBEAT {datanodeUUID=96a4345b-84e3-4f69-b56b-0cb9f3200145, command=[]} | ret=SUCCESS |  
2019-08-23 05:53:23,068 | INFO  | SCMAudit | user=jenkins1000 | ip=192.168.5.178 | op=SEND_HEARTBEAT {datanodeUUID=c6842691-702c-4d39-b47f-d27b1fab8f33, command=[]} | ret=SUCCESS |  
2019-08-23 05:53:23,246 | INFO  | SCMAudit | user=jenkins1000 | ip=192.168.5.178 | op=SEND_HEARTBEAT {datanodeUUID=6b30598f-e3b0-450c-bc0d-9274443a7fa0, command=[]} | ret=SUCCESS |  
2019-08-23 05:53:23,291 | INFO  | SCMAudit | user=jenkins1000 | ip=192.168.5.178 | op=SEND_HEARTBEAT {datanodeUUID=63fd8c64-0397-4420-bb2f-fd9af094cc1f, command=[]} | ret=SUCCESS |  
2019-08-23 05:53:23,737 | INFO  | SCMAudit | user=jenkins1000 | ip=192.168.5.178 | op=SEND_HEARTBEAT {datanodeUUID=564f3e1b-dc37-4d98-9518-cc9451ddb3ca, command=[]} | ret=SUCCESS |  
2019-08-23 05:53:23,737 | INFO  | SCMAudit | user=jenkins1000 | ip=192.168.5.178 | op=SEND_HEARTBEAT {datanodeUUID=d4f36997-48a6-49b8-995b-3c38d9ac3c0f, command=[]} | ret=SUCCESS |  
2019-08-23 05:53:23,758 | INFO  | SCMAudit | user=jenkins1000 | ip=192.168.5.178 | op=SEND_HEARTBEAT {datanodeUUID=9e0d48e9-795f-4679-b1bc-974fe7951c55, command=[]} | ret=SUCCESS |  
2019-08-23 05:53:23,854 | INFO  | SCMAudit | user=jenkins1000 | ip=192.168.5.178 | op=SEND_HEARTBEAT {datanodeUUID=96a4345b-84e3-4f69-b56b-0cb9f3200145, command=[]} | ret=SUCCESS |  
2019-08-23 05:53:24,067 | INFO  | SCMAudit | user=jenkins1000 | ip=192.168.5.178 | op=SEND_HEARTBEAT {datanodeUUID=c6842691-702c-4d39-b47f-d27b1fab8f33, command=[]} | ret=SUCCESS |  
2019-08-23 05:53:24,246 | INFO  | SCMAudit | user=jenkins1000 | ip=192.168.5.178 | op=SEND_HEARTBEAT {datanodeUUID=6b30598f-e3b0-450c-bc0d-9274443a7fa0, command=[]} | ret=SUCCESS |  
2019-08-23 05:53:24,291 | INFO  | SCMAudit | user=jenkins1000 | ip=192.168.5.178 | op=SEND_HEARTBEAT {datanodeUUID=63fd8c64-0397-4420-bb2f-fd9af094cc1f, command=[]} | ret=SUCCESS |  
2019-08-23 05:53:24,736 | INFO  | SCMAudit | user=jenkins1000 | ip=192.168.5.178 | op=SEND_HEARTBEAT {datanodeUUID=d4f36997-48a6-49b8-995b-3c38d9ac3c0f, command=[]} | ret=SUCCESS |  
2019-08-23 05:53:24,737 | INFO  | SCMAudit | user=jenkins1000 | ip=192.168.5.178 | op=SEND_HEARTBEAT {datanodeUUID=564f3e1b-dc37-4d98-9518-cc9451ddb3ca, command=[]} | ret=SUCCESS |  
2019-08-23 05:53:24,758 | INFO  | SCMAudit | user=jenkins1000 | ip=192.168.5.178 | op=SEND_HEARTBEAT {datanodeUUID=9e0d48e9-795f-4679-b1bc-974fe7951c55, command=[]} | ret=SUCCESS |  
2019-08-23 05:53:24,854 | INFO  | SCMAudit | user=jenkins1000 | ip=192.168.5.178 | op=SEND_HEARTBEAT {datanodeUUID=96a4345b-84e3-4f69-b56b-0cb9f3200145, command=[]} | ret=SUCCESS |  
2019-08-23 05:53:25,067 | INFO  | SCMAudit | user=jenkins1000 | ip=192.168.5.178 | op=SEND_HEARTBEAT {datanodeUUID=c6842691-702c-4d39-b47f-d27b1fab8f33, command=[]} | ret=SUCCESS |  
2019-08-23 05:53:25,247 | INFO  | SCMAudit | user=jenkins1000 | ip=192.168.5.178 | op=SEND_HEARTBEAT {datanodeUUID=6b30598f-e3b0-450c-bc0d-9274443a7fa0, command=[]} | ret=SUCCESS |  
2019-08-23 05:53:25,291 | INFO  | SCMAudit | user=jenkins1000 | ip=192.168.5.178 | op=SEND_HEARTBEAT {datanodeUUID=63fd8c64-0397-4420-bb2f-fd9af094cc1f, command=[]} | ret=SUCCESS |  
2019-08-23 05:53:25,736 | INFO  | SCMAudit | user=jenkins1000 | ip=192.168.5.178 | op=SEND_HEARTBEAT {datanodeUUID=d4f36997-48a6-49b8-995b-3c38d9ac3c0f, command=[]} | ret=SUCCESS |  
2019-08-23 05:53:25,737 | INFO  | SCMAudit | user=jenkins1000 | ip=192.168.5.178 | op=SEND_HEARTBEAT {datanodeUUID=564f3e1b-dc37-4d98-9518-cc9451ddb3ca, command=[]} | ret=SUCCESS |  
2019-08-23 05:53:25,758 | INFO  | SCMAudit | user=jenkins1000 | ip=192.168.5.178 | op=SEND_HEARTBEAT {datanodeUUID=9e0d48e9-795f-4679-b1bc-974fe7951c55, command=[]} | ret=SUCCESS |  
2019-08-23 05:53:25,854 | INFO  | SCMAudit | user=jenkins1000 | ip=192.168.5.178 | op=SEND_HEARTBEAT {datanodeUUID=96a4345b-84e3-4f69-b56b-0cb9f3200145, command=[]} | ret=SUCCESS |  
2019-08-23 05:53:26,067 | INFO  | SCMAudit | user=jenkins1000 | ip=192.168.5.178 | op=SEND_HEARTBEAT {datanodeUUID=c6842691-702c-4d39-b47f-d27b1fab8f33, command=[]} | ret=SUCCESS |  
2019-08-23 05:53:26,246 | INFO  | SCMAudit | user=jenkins1000 | ip=192.168.5.178 | op=SEND_HEARTBEAT {datanodeUUID=6b30598f-e3b0-450c-bc0d-9274443a7fa0, command=[]} | ret=SUCCESS |  
2019-08-23 05:53:26,290 | INFO  | SCMAudit | user=jenkins1000 | ip=192.168.5.178 | op=SEND_HEARTBEAT {datanodeUUID=63fd8c64-0397-4420-bb2f-fd9af094cc1f, command=[]} | ret=SUCCESS |  
2019-08-23 05:53:26,736 | INFO  | SCMAudit | user=jenkins1000 | ip=192.168.5.178 | op=SEND_HEARTBEAT {datanodeUUID=d4f36997-48a6-49b8-995b-3c38d9ac3c0f, command=[]} | ret=SUCCESS |  
2019-08-23 05:53:26,737 | INFO  | SCMAudit | user=jenkins1000 | ip=192.168.5.178 | op=SEND_HEARTBEAT {datanodeUUID=564f3e1b-dc37-4d98-9518-cc9451ddb3ca, command=[]} | ret=SUCCESS |  
2019-08-23 05:53:26,758 | INFO  | SCMAudit | user=jenkins1000 | ip=192.168.5.178 | op=SEND_HEARTBEAT {datanodeUUID=9e0d48e9-795f-4679-b1bc-974fe7951c55, command=[]} | ret=SUCCESS |  
2019-08-23 05:53:26,854 | INFO  | SCMAudit | user=jenkins1000 | ip=192.168.5.178 | op=SEND_HEARTBEAT {datanodeUUID=96a4345b-84e3-4f69-b56b-0cb9f3200145, command=[]} | ret=SUCCESS |  
2019-08-23 05:53:27,067 | INFO  | SCMAudit | user=jenkins1000 | ip=192.168.5.178 | op=SEND_HEARTBEAT {datanodeUUID=c6842691-702c-4d39-b47f-d27b1fab8f33, command=[]} | ret=SUCCESS |  
2019-08-23 05:53:27,121 [grpc-default-executor-1] INFO  client.GrpcClientProtocolClient (GrpcClientProtocolClient.java:onNext(255)) - client-DB4E080F923B->9e0d48e9-795f-4679-b1bc-974fe7951c55: receive RaftClientReply:client-DB4E080F923B->9e0d48e9-795f-4679-b1bc-974fe7951c55@group-FC65621A5432, cid=45, FAILED org.apache.ratis.protocol.NotLeaderException: Server 9e0d48e9-795f-4679-b1bc-974fe7951c55 is not the leader (d4f36997-48a6-49b8-995b-3c38d9ac3c0f:192.168.5.178:40775). Request must be sent to leader., logIndex=0, commits[9e0d48e9-795f-4679-b1bc-974fe7951c55:c8, 564f3e1b-dc37-4d98-9518-cc9451ddb3ca:c8, d4f36997-48a6-49b8-995b-3c38d9ac3c0f:c8]
2019-08-23 05:53:27,246 | INFO  | SCMAudit | user=jenkins1000 | ip=192.168.5.178 | op=SEND_HEARTBEAT {datanodeUUID=6b30598f-e3b0-450c-bc0d-9274443a7fa0, command=[]} | ret=SUCCESS |  
2019-08-23 05:53:27,291 | INFO  | SCMAudit | user=jenkins1000 | ip=192.168.5.178 | op=SEND_HEARTBEAT {datanodeUUID=63fd8c64-0397-4420-bb2f-fd9af094cc1f, command=[]} | ret=SUCCESS |  
2019-08-23 05:53:27,737 | INFO  | SCMAudit | user=jenkins1000 | ip=192.168.5.178 | op=SEND_HEARTBEAT {datanodeUUID=d4f36997-48a6-49b8-995b-3c38d9ac3c0f, command=[]} | ret=SUCCESS |  
2019-08-23 05:53:27,737 | INFO  | SCMAudit | user=jenkins1000 | ip=192.168.5.178 | op=SEND_HEARTBEAT {datanodeUUID=564f3e1b-dc37-4d98-9518-cc9451ddb3ca, command=[]} | ret=SUCCESS |  
2019-08-23 05:53:27,758 | INFO  | SCMAudit | user=jenkins1000 | ip=192.168.5.178 | op=SEND_HEARTBEAT {datanodeUUID=9e0d48e9-795f-4679-b1bc-974fe7951c55, command=[]} | ret=SUCCESS |  
2019-08-23 05:53:27,854 | INFO  | SCMAudit | user=jenkins1000 | ip=192.168.5.178 | op=SEND_HEARTBEAT {datanodeUUID=96a4345b-84e3-4f69-b56b-0cb9f3200145, command=[]} | ret=SUCCESS |  
2019-08-23 05:53:28,067 | INFO  | SCMAudit | user=jenkins1000 | ip=192.168.5.178 | op=SEND_HEARTBEAT {datanodeUUID=c6842691-702c-4d39-b47f-d27b1fab8f33, command=[]} | ret=SUCCESS |  
2019-08-23 05:53:28,246 | INFO  | SCMAudit | user=jenkins1000 | ip=192.168.5.178 | op=SEND_HEARTBEAT {datanodeUUID=6b30598f-e3b0-450c-bc0d-9274443a7fa0, command=[]} | ret=SUCCESS |  
2019-08-23 05:53:28,290 | INFO  | SCMAudit | user=jenkins1000 | ip=192.168.5.178 | op=SEND_HEARTBEAT {datanodeUUID=63fd8c64-0397-4420-bb2f-fd9af094cc1f, command=[]} | ret=SUCCESS |  
2019-08-23 05:53:28,736 | INFO  | SCMAudit | user=jenkins1000 | ip=192.168.5.178 | op=SEND_HEARTBEAT {datanodeUUID=564f3e1b-dc37-4d98-9518-cc9451ddb3ca, command=[]} | ret=SUCCESS |  
2019-08-23 05:53:28,737 | INFO  | SCMAudit | user=jenkins1000 | ip=192.168.5.178 | op=SEND_HEARTBEAT {datanodeUUID=d4f36997-48a6-49b8-995b-3c38d9ac3c0f, command=[]} | ret=SUCCESS |  
2019-08-23 05:53:28,758 | INFO  | SCMAudit | user=jenkins1000 | ip=192.168.5.178 | op=SEND_HEARTBEAT {datanodeUUID=9e0d48e9-795f-4679-b1bc-974fe7951c55, command=[]} | ret=SUCCESS |  
2019-08-23 05:53:28,855 | INFO  | SCMAudit | user=jenkins1000 | ip=192.168.5.178 | op=SEND_HEARTBEAT {datanodeUUID=96a4345b-84e3-4f69-b56b-0cb9f3200145, command=[]} | ret=SUCCESS |  
2019-08-23 05:53:29,068 | INFO  | SCMAudit | user=jenkins1000 | ip=192.168.5.178 | op=SEND_HEARTBEAT {datanodeUUID=c6842691-702c-4d39-b47f-d27b1fab8f33, command=[]} | ret=SUCCESS |  
2019-08-23 05:53:29,246 | INFO  | SCMAudit | user=jenkins1000 | ip=192.168.5.178 | op=SEND_HEARTBEAT {datanodeUUID=6b30598f-e3b0-450c-bc0d-9274443a7fa0, command=[]} | ret=SUCCESS |  
2019-08-23 05:53:29,290 | INFO  | SCMAudit | user=jenkins1000 | ip=192.168.5.178 | op=SEND_HEARTBEAT {datanodeUUID=63fd8c64-0397-4420-bb2f-fd9af094cc1f, command=[]} | ret=SUCCESS |  
2019-08-23 05:53:29,737 | INFO  | SCMAudit | user=jenkins1000 | ip=192.168.5.178 | op=SEND_HEARTBEAT {datanodeUUID=564f3e1b-dc37-4d98-9518-cc9451ddb3ca, command=[]} | ret=SUCCESS |  
2019-08-23 05:53:29,737 | INFO  | SCMAudit | user=jenkins1000 | ip=192.168.5.178 | op=SEND_HEARTBEAT {datanodeUUID=d4f36997-48a6-49b8-995b-3c38d9ac3c0f, command=[]} | ret=SUCCESS |  
2019-08-23 05:53:29,758 | INFO  | SCMAudit | user=jenkins1000 | ip=192.168.5.178 | op=SEND_HEARTBEAT {datanodeUUID=9e0d48e9-795f-4679-b1bc-974fe7951c55, command=[]} | ret=SUCCESS |  
2019-08-23 05:53:29,855 | INFO  | SCMAudit | user=jenkins1000 | ip=192.168.5.178 | op=SEND_HEARTBEAT {datanodeUUID=96a4345b-84e3-4f69-b56b-0cb9f3200145, command=[]} | ret=SUCCESS |  
2019-08-23 05:53:30,068 | INFO  | SCMAudit | user=jenkins1000 | ip=192.168.5.178 | op=SEND_HEARTBEAT {datanodeUUID=c6842691-702c-4d39-b47f-d27b1fab8f33, command=[]} | ret=SUCCESS |  
2019-08-23 05:53:30,246 | INFO  | SCMAudit | user=jenkins1000 | ip=192.168.5.178 | op=SEND_HEARTBEAT {datanodeUUID=6b30598f-e3b0-450c-bc0d-9274443a7fa0, command=[]} | ret=SUCCESS |  
2019-08-23 05:53:30,292 | INFO  | SCMAudit | user=jenkins1000 | ip=192.168.5.178 | op=SEND_HEARTBEAT {datanodeUUID=63fd8c64-0397-4420-bb2f-fd9af094cc1f, command=[]} | ret=SUCCESS |  
2019-08-23 05:53:30,737 | INFO  | SCMAudit | user=jenkins1000 | ip=192.168.5.178 | op=SEND_HEARTBEAT {datanodeUUID=564f3e1b-dc37-4d98-9518-cc9451ddb3ca, command=[]} | ret=SUCCESS |  
2019-08-23 05:53:30,737 | INFO  | SCMAudit | user=jenkins1000 | ip=192.168.5.178 | op=SEND_HEARTBEAT {datanodeUUID=d4f36997-48a6-49b8-995b-3c38d9ac3c0f, command=[]} | ret=SUCCESS |  
2019-08-23 05:53:30,758 | INFO  | SCMAudit | user=jenkins1000 | ip=192.168.5.178 | op=SEND_HEARTBEAT {datanodeUUID=9e0d48e9-795f-4679-b1bc-974fe7951c55, command=[]} | ret=SUCCESS |  
2019-08-23 05:53:30,855 | INFO  | SCMAudit | user=jenkins1000 | ip=192.168.5.178 | op=SEND_HEARTBEAT {datanodeUUID=96a4345b-84e3-4f69-b56b-0cb9f3200145, command=[]} | ret=SUCCESS |  
2019-08-23 05:53:31,068 | INFO  | SCMAudit | user=jenkins1000 | ip=192.168.5.178 | op=SEND_HEARTBEAT {datanodeUUID=c6842691-702c-4d39-b47f-d27b1fab8f33, command=[]} | ret=SUCCESS |  
2019-08-23 05:53:31,247 | INFO  | SCMAudit | user=jenkins1000 | ip=192.168.5.178 | op=SEND_HEARTBEAT {datanodeUUID=6b30598f-e3b0-450c-bc0d-9274443a7fa0, command=[]} | ret=SUCCESS |  
2019-08-23 05:53:31,292 | INFO  | SCMAudit | user=jenkins1000 | ip=192.168.5.178 | op=SEND_HEARTBEAT {datanodeUUID=63fd8c64-0397-4420-bb2f-fd9af094cc1f, command=[]} | ret=SUCCESS |  
2019-08-23 05:53:31,737 | INFO  | SCMAudit | user=jenkins1000 | ip=192.168.5.178 | op=SEND_HEARTBEAT {datanodeUUID=564f3e1b-dc37-4d98-9518-cc9451ddb3ca, command=[]} | ret=SUCCESS |  
2019-08-23 05:53:31,737 | INFO  | SCMAudit | user=jenkins1000 | ip=192.168.5.178 | op=SEND_HEARTBEAT {datanodeUUID=d4f36997-48a6-49b8-995b-3c38d9ac3c0f, command=[]} | ret=SUCCESS |  
2019-08-23 05:53:31,758 | INFO  | SCMAudit | user=jenkins1000 | ip=192.168.5.178 | op=SEND_HEARTBEAT {datanodeUUID=9e0d48e9-795f-4679-b1bc-974fe7951c55, command=[]} | ret=SUCCESS |  
2019-08-23 05:53:31,855 | INFO  | SCMAudit | user=jenkins1000 | ip=192.168.5.178 | op=SEND_HEARTBEAT {datanodeUUID=96a4345b-84e3-4f69-b56b-0cb9f3200145, command=[]} | ret=SUCCESS |  
2019-08-23 05:53:32,069 | INFO  | SCMAudit | user=jenkins1000 | ip=192.168.5.178 | op=SEND_HEARTBEAT {datanodeUUID=c6842691-702c-4d39-b47f-d27b1fab8f33, command=[]} | ret=SUCCESS |  
2019-08-23 05:53:32,172 [grpc-default-executor-5] INFO  client.GrpcClientProtocolClient (GrpcClientProtocolClient.java:onNext(255)) - client-DB4E080F923B->564f3e1b-dc37-4d98-9518-cc9451ddb3ca: receive RaftClientReply:client-DB4E080F923B->564f3e1b-dc37-4d98-9518-cc9451ddb3ca@group-FC65621A5432, cid=45, FAILED org.apache.ratis.protocol.NotLeaderException: Server 564f3e1b-dc37-4d98-9518-cc9451ddb3ca is not the leader (d4f36997-48a6-49b8-995b-3c38d9ac3c0f:192.168.5.178:40775). Request must be sent to leader., logIndex=0, commits[564f3e1b-dc37-4d98-9518-cc9451ddb3ca:c8, 9e0d48e9-795f-4679-b1bc-974fe7951c55:c8, d4f36997-48a6-49b8-995b-3c38d9ac3c0f:c8]
2019-08-23 05:53:32,248 | INFO  | SCMAudit | user=jenkins1000 | ip=192.168.5.178 | op=SEND_HEARTBEAT {datanodeUUID=6b30598f-e3b0-450c-bc0d-9274443a7fa0, command=[]} | ret=SUCCESS |  
2019-08-23 05:53:32,292 | INFO  | SCMAudit | user=jenkins1000 | ip=192.168.5.178 | op=SEND_HEARTBEAT {datanodeUUID=63fd8c64-0397-4420-bb2f-fd9af094cc1f, command=[]} | ret=SUCCESS |  
2019-08-23 05:53:32,737 | INFO  | SCMAudit | user=jenkins1000 | ip=192.168.5.178 | op=SEND_HEARTBEAT {datanodeUUID=564f3e1b-dc37-4d98-9518-cc9451ddb3ca, command=[]} | ret=SUCCESS |  
2019-08-23 05:53:32,737 | INFO  | SCMAudit | user=jenkins1000 | ip=192.168.5.178 | op=SEND_HEARTBEAT {datanodeUUID=d4f36997-48a6-49b8-995b-3c38d9ac3c0f, command=[]} | ret=SUCCESS |  
2019-08-23 05:53:32,758 | INFO  | SCMAudit | user=jenkins1000 | ip=192.168.5.178 | op=SEND_HEARTBEAT {datanodeUUID=9e0d48e9-795f-4679-b1bc-974fe7951c55, command=[]} | ret=SUCCESS |  
2019-08-23 05:53:32,856 | INFO  | SCMAudit | user=jenkins1000 | ip=192.168.5.178 | op=SEND_HEARTBEAT {datanodeUUID=96a4345b-84e3-4f69-b56b-0cb9f3200145, command=[]} | ret=SUCCESS |  
2019-08-23 05:53:33,068 | INFO  | SCMAudit | user=jenkins1000 | ip=192.168.5.178 | op=SEND_HEARTBEAT {datanodeUUID=c6842691-702c-4d39-b47f-d27b1fab8f33, command=[]} | ret=SUCCESS |  
2019-08-23 05:53:33,248 | INFO  | SCMAudit | user=jenkins1000 | ip=192.168.5.178 | op=SEND_HEARTBEAT {datanodeUUID=6b30598f-e3b0-450c-bc0d-9274443a7fa0, command=[]} | ret=SUCCESS |  
2019-08-23 05:53:33,292 | INFO  | SCMAudit | user=jenkins1000 | ip=192.168.5.178 | op=SEND_HEARTBEAT {datanodeUUID=63fd8c64-0397-4420-bb2f-fd9af094cc1f, command=[]} | ret=SUCCESS |  
2019-08-23 05:53:33,737 | INFO  | SCMAudit | user=jenkins1000 | ip=192.168.5.178 | op=SEND_HEARTBEAT {datanodeUUID=d4f36997-48a6-49b8-995b-3c38d9ac3c0f, command=[]} | ret=SUCCESS |  
2019-08-23 05:53:33,737 | INFO  | SCMAudit | user=jenkins1000 | ip=192.168.5.178 | op=SEND_HEARTBEAT {datanodeUUID=564f3e1b-dc37-4d98-9518-cc9451ddb3ca, command=[]} | ret=SUCCESS |  
2019-08-23 05:53:33,759 | INFO  | SCMAudit | user=jenkins1000 | ip=192.168.5.178 | op=SEND_HEARTBEAT {datanodeUUID=9e0d48e9-795f-4679-b1bc-974fe7951c55, command=[]} | ret=SUCCESS |  
2019-08-23 05:53:33,855 | INFO  | SCMAudit | user=jenkins1000 | ip=192.168.5.178 | op=SEND_HEARTBEAT {datanodeUUID=96a4345b-84e3-4f69-b56b-0cb9f3200145, command=[]} | ret=SUCCESS |  
2019-08-23 05:53:34,069 | INFO  | SCMAudit | user=jenkins1000 | ip=192.168.5.178 | op=SEND_HEARTBEAT {datanodeUUID=c6842691-702c-4d39-b47f-d27b1fab8f33, command=[]} | ret=SUCCESS |  
2019-08-23 05:53:34,248 | INFO  | SCMAudit | user=jenkins1000 | ip=192.168.5.178 | op=SEND_HEARTBEAT {datanodeUUID=6b30598f-e3b0-450c-bc0d-9274443a7fa0, command=[]} | ret=SUCCESS |  
2019-08-23 05:53:34,292 | INFO  | SCMAudit | user=jenkins1000 | ip=192.168.5.178 | op=SEND_HEARTBEAT {datanodeUUID=63fd8c64-0397-4420-bb2f-fd9af094cc1f, command=[]} | ret=SUCCESS |  
2019-08-23 05:53:34,737 | INFO  | SCMAudit | user=jenkins1000 | ip=192.168.5.178 | op=SEND_HEARTBEAT {datanodeUUID=d4f36997-48a6-49b8-995b-3c38d9ac3c0f, command=[]} | ret=SUCCESS |  
2019-08-23 05:53:34,737 | INFO  | SCMAudit | user=jenkins1000 | ip=192.168.5.178 | op=SEND_HEARTBEAT {datanodeUUID=564f3e1b-dc37-4d98-9518-cc9451ddb3ca, command=[]} | ret=SUCCESS |  
2019-08-23 05:53:34,759 | INFO  | SCMAudit | user=jenkins1000 | ip=192.168.5.178 | op=SEND_HEARTBEAT {datanodeUUID=9e0d48e9-795f-4679-b1bc-974fe7951c55, command=[]} | ret=SUCCESS |  
2019-08-23 05:53:34,855 | INFO  | SCMAudit | user=jenkins1000 | ip=192.168.5.178 | op=SEND_HEARTBEAT {datanodeUUID=96a4345b-84e3-4f69-b56b-0cb9f3200145, command=[]} | ret=SUCCESS |  
2019-08-23 05:53:35,068 | INFO  | SCMAudit | user=jenkins1000 | ip=192.168.5.178 | op=SEND_HEARTBEAT {datanodeUUID=c6842691-702c-4d39-b47f-d27b1fab8f33, command=[]} | ret=SUCCESS |  
2019-08-23 05:53:35,248 | INFO  | SCMAudit | user=jenkins1000 | ip=192.168.5.178 | op=SEND_HEARTBEAT {datanodeUUID=6b30598f-e3b0-450c-bc0d-9274443a7fa0, command=[]} | ret=SUCCESS |  
2019-08-23 05:53:35,292 | INFO  | SCMAudit | user=jenkins1000 | ip=192.168.5.178 | op=SEND_HEARTBEAT {datanodeUUID=63fd8c64-0397-4420-bb2f-fd9af094cc1f, command=[]} | ret=SUCCESS |  
2019-08-23 05:53:35,738 | INFO  | SCMAudit | user=jenkins1000 | ip=192.168.5.178 | op=SEND_HEARTBEAT {datanodeUUID=564f3e1b-dc37-4d98-9518-cc9451ddb3ca, command=[]} | ret=SUCCESS |  
2019-08-23 05:53:35,738 | INFO  | SCMAudit | user=jenkins1000 | ip=192.168.5.178 | op=SEND_HEARTBEAT {datanodeUUID=d4f36997-48a6-49b8-995b-3c38d9ac3c0f, command=[]} | ret=SUCCESS |  
2019-08-23 05:53:35,759 | INFO  | SCMAudit | user=jenkins1000 | ip=192.168.5.178 | op=SEND_HEARTBEAT {datanodeUUID=9e0d48e9-795f-4679-b1bc-974fe7951c55, command=[]} | ret=SUCCESS |  
2019-08-23 05:53:35,856 | INFO  | SCMAudit | user=jenkins1000 | ip=192.168.5.178 | op=SEND_HEARTBEAT {datanodeUUID=96a4345b-84e3-4f69-b56b-0cb9f3200145, command=[]} | ret=SUCCESS |  
2019-08-23 05:53:36,068 | INFO  | SCMAudit | user=jenkins1000 | ip=192.168.5.178 | op=SEND_HEARTBEAT {datanodeUUID=c6842691-702c-4d39-b47f-d27b1fab8f33, command=[]} | ret=SUCCESS |  
2019-08-23 05:53:36,248 | INFO  | SCMAudit | user=jenkins1000 | ip=192.168.5.178 | op=SEND_HEARTBEAT {datanodeUUID=6b30598f-e3b0-450c-bc0d-9274443a7fa0, command=[]} | ret=SUCCESS |  
2019-08-23 05:53:36,292 | INFO  | SCMAudit | user=jenkins1000 | ip=192.168.5.178 | op=SEND_HEARTBEAT {datanodeUUID=63fd8c64-0397-4420-bb2f-fd9af094cc1f, command=[]} | ret=SUCCESS |  
2019-08-23 05:53:36,737 | INFO  | SCMAudit | user=jenkins1000 | ip=192.168.5.178 | op=SEND_HEARTBEAT {datanodeUUID=564f3e1b-dc37-4d98-9518-cc9451ddb3ca, command=[]} | ret=SUCCESS |  
2019-08-23 05:53:36,738 | INFO  | SCMAudit | user=jenkins1000 | ip=192.168.5.178 | op=SEND_HEARTBEAT {datanodeUUID=d4f36997-48a6-49b8-995b-3c38d9ac3c0f, command=[]} | ret=SUCCESS |  
2019-08-23 05:53:36,759 | INFO  | SCMAudit | user=jenkins1000 | ip=192.168.5.178 | op=SEND_HEARTBEAT {datanodeUUID=9e0d48e9-795f-4679-b1bc-974fe7951c55, command=[]} | ret=SUCCESS |  
2019-08-23 05:53:36,855 | INFO  | SCMAudit | user=jenkins1000 | ip=192.168.5.178 | op=SEND_HEARTBEAT {datanodeUUID=96a4345b-84e3-4f69-b56b-0cb9f3200145, command=[]} | ret=SUCCESS |  
2019-08-23 05:53:37,068 | INFO  | SCMAudit | user=jenkins1000 | ip=192.168.5.178 | op=SEND_HEARTBEAT {datanodeUUID=c6842691-702c-4d39-b47f-d27b1fab8f33, command=[]} | ret=SUCCESS |  
2019-08-23 05:53:37,223 [grpc-default-executor-5] INFO  client.GrpcClientProtocolClient (GrpcClientProtocolClient.java:onNext(255)) - client-DB4E080F923B->9e0d48e9-795f-4679-b1bc-974fe7951c55: receive RaftClientReply:client-DB4E080F923B->9e0d48e9-795f-4679-b1bc-974fe7951c55@group-FC65621A5432, cid=45, FAILED org.apache.ratis.protocol.NotLeaderException: Server 9e0d48e9-795f-4679-b1bc-974fe7951c55 is not the leader (d4f36997-48a6-49b8-995b-3c38d9ac3c0f:192.168.5.178:40775). Request must be sent to leader., logIndex=0, commits[9e0d48e9-795f-4679-b1bc-974fe7951c55:c8, 564f3e1b-dc37-4d98-9518-cc9451ddb3ca:c8, d4f36997-48a6-49b8-995b-3c38d9ac3c0f:c8]
2019-08-23 05:53:37,248 | INFO  | SCMAudit | user=jenkins1000 | ip=192.168.5.178 | op=SEND_HEARTBEAT {datanodeUUID=6b30598f-e3b0-450c-bc0d-9274443a7fa0, command=[]} | ret=SUCCESS |  
2019-08-23 05:53:37,292 | INFO  | SCMAudit | user=jenkins1000 | ip=192.168.5.178 | op=SEND_HEARTBEAT {datanodeUUID=63fd8c64-0397-4420-bb2f-fd9af094cc1f, command=[]} | ret=SUCCESS |  
2019-08-23 05:53:37,737 | INFO  | SCMAudit | user=jenkins1000 | ip=192.168.5.178 | op=SEND_HEARTBEAT {datanodeUUID=564f3e1b-dc37-4d98-9518-cc9451ddb3ca, command=[]} | ret=SUCCESS |  
2019-08-23 05:53:37,738 | INFO  | SCMAudit | user=jenkins1000 | ip=192.168.5.178 | op=SEND_HEARTBEAT {datanodeUUID=d4f36997-48a6-49b8-995b-3c38d9ac3c0f, command=[]} | ret=SUCCESS |  
2019-08-23 05:53:37,759 | INFO  | SCMAudit | user=jenkins1000 | ip=192.168.5.178 | op=SEND_HEARTBEAT {datanodeUUID=9e0d48e9-795f-4679-b1bc-974fe7951c55, command=[]} | ret=SUCCESS |  
2019-08-23 05:53:37,855 | INFO  | SCMAudit | user=jenkins1000 | ip=192.168.5.178 | op=SEND_HEARTBEAT {datanodeUUID=96a4345b-84e3-4f69-b56b-0cb9f3200145, command=[]} | ret=SUCCESS |  
2019-08-23 05:53:38,068 | INFO  | SCMAudit | user=jenkins1000 | ip=192.168.5.178 | op=SEND_HEARTBEAT {datanodeUUID=c6842691-702c-4d39-b47f-d27b1fab8f33, command=[]} | ret=SUCCESS |  
2019-08-23 05:53:38,248 | INFO  | SCMAudit | user=jenkins1000 | ip=192.168.5.178 | op=SEND_HEARTBEAT {datanodeUUID=6b30598f-e3b0-450c-bc0d-9274443a7fa0, command=[]} | ret=SUCCESS |  
2019-08-23 05:53:38,292 | INFO  | SCMAudit | user=jenkins1000 | ip=192.168.5.178 | op=SEND_HEARTBEAT {datanodeUUID=63fd8c64-0397-4420-bb2f-fd9af094cc1f, command=[]} | ret=SUCCESS |  
2019-08-23 05:53:38,737 | INFO  | SCMAudit | user=jenkins1000 | ip=192.168.5.178 | op=SEND_HEARTBEAT {datanodeUUID=d4f36997-48a6-49b8-995b-3c38d9ac3c0f, command=[]} | ret=SUCCESS |  
2019-08-23 05:53:38,737 | INFO  | SCMAudit | user=jenkins1000 | ip=192.168.5.178 | op=SEND_HEARTBEAT {datanodeUUID=564f3e1b-dc37-4d98-9518-cc9451ddb3ca, command=[]} | ret=SUCCESS |  
2019-08-23 05:53:38,760 | INFO  | SCMAudit | user=jenkins1000 | ip=192.168.5.178 | op=SEND_HEARTBEAT {datanodeUUID=9e0d48e9-795f-4679-b1bc-974fe7951c55, command=[]} | ret=SUCCESS |  
2019-08-23 05:53:38,855 | INFO  | SCMAudit | user=jenkins1000 | ip=192.168.5.178 | op=SEND_HEARTBEAT {datanodeUUID=96a4345b-84e3-4f69-b56b-0cb9f3200145, command=[]} | ret=SUCCESS |  
2019-08-23 05:53:39,069 | INFO  | SCMAudit | user=jenkins1000 | ip=192.168.5.178 | op=SEND_HEARTBEAT {datanodeUUID=c6842691-702c-4d39-b47f-d27b1fab8f33, command=[]} | ret=SUCCESS |  
2019-08-23 05:53:39,248 | INFO  | SCMAudit | user=jenkins1000 | ip=192.168.5.178 | op=SEND_HEARTBEAT {datanodeUUID=6b30598f-e3b0-450c-bc0d-9274443a7fa0, command=[]} | ret=SUCCESS |  
2019-08-23 05:53:39,292 | INFO  | SCMAudit | user=jenkins1000 | ip=192.168.5.178 | op=SEND_HEARTBEAT {datanodeUUID=63fd8c64-0397-4420-bb2f-fd9af094cc1f, command=[]} | ret=SUCCESS |  
2019-08-23 05:53:39,737 | INFO  | SCMAudit | user=jenkins1000 | ip=192.168.5.178 | op=SEND_HEARTBEAT {datanodeUUID=564f3e1b-dc37-4d98-9518-cc9451ddb3ca, command=[]} | ret=SUCCESS |  
2019-08-23 05:53:39,737 | INFO  | SCMAudit | user=jenkins1000 | ip=192.168.5.178 | op=SEND_HEARTBEAT {datanodeUUID=d4f36997-48a6-49b8-995b-3c38d9ac3c0f, command=[]} | ret=SUCCESS |  
2019-08-23 05:53:39,760 | INFO  | SCMAudit | user=jenkins1000 | ip=192.168.5.178 | op=SEND_HEARTBEAT {datanodeUUID=9e0d48e9-795f-4679-b1bc-974fe7951c55, command=[]} | ret=SUCCESS |  
2019-08-23 05:53:39,855 | INFO  | SCMAudit | user=jenkins1000 | ip=192.168.5.178 | op=SEND_HEARTBEAT {datanodeUUID=96a4345b-84e3-4f69-b56b-0cb9f3200145, command=[]} | ret=SUCCESS |  
2019-08-23 05:53:40,069 | INFO  | SCMAudit | user=jenkins1000 | ip=192.168.5.178 | op=SEND_HEARTBEAT {datanodeUUID=c6842691-702c-4d39-b47f-d27b1fab8f33, command=[]} | ret=SUCCESS |  
2019-08-23 05:53:40,249 | INFO  | SCMAudit | user=jenkins1000 | ip=192.168.5.178 | op=SEND_HEARTBEAT {datanodeUUID=6b30598f-e3b0-450c-bc0d-9274443a7fa0, command=[]} | ret=SUCCESS |  
2019-08-23 05:53:40,292 | INFO  | SCMAudit | user=jenkins1000 | ip=192.168.5.178 | op=SEND_HEARTBEAT {datanodeUUID=63fd8c64-0397-4420-bb2f-fd9af094cc1f, command=[]} | ret=SUCCESS |  
2019-08-23 05:53:40,737 | INFO  | SCMAudit | user=jenkins1000 | ip=192.168.5.178 | op=SEND_HEARTBEAT {datanodeUUID=564f3e1b-dc37-4d98-9518-cc9451ddb3ca, command=[]} | ret=SUCCESS |  
2019-08-23 05:53:40,738 | INFO  | SCMAudit | user=jenkins1000 | ip=192.168.5.178 | op=SEND_HEARTBEAT {datanodeUUID=d4f36997-48a6-49b8-995b-3c38d9ac3c0f, command=[]} | ret=SUCCESS |  
2019-08-23 05:53:40,760 | INFO  | SCMAudit | user=jenkins1000 | ip=192.168.5.178 | op=SEND_HEARTBEAT {datanodeUUID=9e0d48e9-795f-4679-b1bc-974fe7951c55, command=[]} | ret=SUCCESS |  
2019-08-23 05:53:40,855 | INFO  | SCMAudit | user=jenkins1000 | ip=192.168.5.178 | op=SEND_HEARTBEAT {datanodeUUID=96a4345b-84e3-4f69-b56b-0cb9f3200145, command=[]} | ret=SUCCESS |  
2019-08-23 05:53:41,070 | INFO  | SCMAudit | user=jenkins1000 | ip=192.168.5.178 | op=SEND_HEARTBEAT {datanodeUUID=c6842691-702c-4d39-b47f-d27b1fab8f33, command=[]} | ret=SUCCESS |  
2019-08-23 05:53:41,250 | INFO  | SCMAudit | user=jenkins1000 | ip=192.168.5.178 | op=SEND_HEARTBEAT {datanodeUUID=6b30598f-e3b0-450c-bc0d-9274443a7fa0, command=[]} | ret=SUCCESS |  
2019-08-23 05:53:41,292 | INFO  | SCMAudit | user=jenkins1000 | ip=192.168.5.178 | op=SEND_HEARTBEAT {datanodeUUID=63fd8c64-0397-4420-bb2f-fd9af094cc1f, command=[]} | ret=SUCCESS |  
2019-08-23 05:53:41,737 | INFO  | SCMAudit | user=jenkins1000 | ip=192.168.5.178 | op=SEND_HEARTBEAT {datanodeUUID=564f3e1b-dc37-4d98-9518-cc9451ddb3ca, command=[]} | ret=SUCCESS |  
2019-08-23 05:53:41,738 | INFO  | SCMAudit | user=jenkins1000 | ip=192.168.5.178 | op=SEND_HEARTBEAT {datanodeUUID=d4f36997-48a6-49b8-995b-3c38d9ac3c0f, command=[]} | ret=SUCCESS |  
2019-08-23 05:53:41,760 | INFO  | SCMAudit | user=jenkins1000 | ip=192.168.5.178 | op=SEND_HEARTBEAT {datanodeUUID=9e0d48e9-795f-4679-b1bc-974fe7951c55, command=[]} | ret=SUCCESS |  
2019-08-23 05:53:41,855 | INFO  | SCMAudit | user=jenkins1000 | ip=192.168.5.178 | op=SEND_HEARTBEAT {datanodeUUID=96a4345b-84e3-4f69-b56b-0cb9f3200145, command=[]} | ret=SUCCESS |  
2019-08-23 05:53:42,070 | INFO  | SCMAudit | user=jenkins1000 | ip=192.168.5.178 | op=SEND_HEARTBEAT {datanodeUUID=c6842691-702c-4d39-b47f-d27b1fab8f33, command=[]} | ret=SUCCESS |  
2019-08-23 05:53:42,250 | INFO  | SCMAudit | user=jenkins1000 | ip=192.168.5.178 | op=SEND_HEARTBEAT {datanodeUUID=6b30598f-e3b0-450c-bc0d-9274443a7fa0, command=[]} | ret=SUCCESS |  
2019-08-23 05:53:42,264 [grpc-default-executor-1] INFO  client.GrpcClientProtocolClient (GrpcClientProtocolClient.java:onNext(255)) - client-DB4E080F923B->564f3e1b-dc37-4d98-9518-cc9451ddb3ca: receive RaftClientReply:client-DB4E080F923B->564f3e1b-dc37-4d98-9518-cc9451ddb3ca@group-FC65621A5432, cid=45, FAILED org.apache.ratis.protocol.NotLeaderException: Server 564f3e1b-dc37-4d98-9518-cc9451ddb3ca is not the leader (d4f36997-48a6-49b8-995b-3c38d9ac3c0f:192.168.5.178:40775). Request must be sent to leader., logIndex=0, commits[564f3e1b-dc37-4d98-9518-cc9451ddb3ca:c8, 9e0d48e9-795f-4679-b1bc-974fe7951c55:c8, d4f36997-48a6-49b8-995b-3c38d9ac3c0f:c8]
2019-08-23 05:53:42,292 | INFO  | SCMAudit | user=jenkins1000 | ip=192.168.5.178 | op=SEND_HEARTBEAT {datanodeUUID=63fd8c64-0397-4420-bb2f-fd9af094cc1f, command=[]} | ret=SUCCESS |  
2019-08-23 05:53:42,737 | INFO  | SCMAudit | user=jenkins1000 | ip=192.168.5.178 | op=SEND_HEARTBEAT {datanodeUUID=564f3e1b-dc37-4d98-9518-cc9451ddb3ca, command=[]} | ret=SUCCESS |  
2019-08-23 05:53:42,738 | INFO  | SCMAudit | user=jenkins1000 | ip=192.168.5.178 | op=SEND_HEARTBEAT {datanodeUUID=d4f36997-48a6-49b8-995b-3c38d9ac3c0f, command=[]} | ret=SUCCESS |  
2019-08-23 05:53:42,760 | INFO  | SCMAudit | user=jenkins1000 | ip=192.168.5.178 | op=SEND_HEARTBEAT {datanodeUUID=9e0d48e9-795f-4679-b1bc-974fe7951c55, command=[]} | ret=SUCCESS |  
2019-08-23 05:53:42,856 | INFO  | SCMAudit | user=jenkins1000 | ip=192.168.5.178 | op=SEND_HEARTBEAT {datanodeUUID=96a4345b-84e3-4f69-b56b-0cb9f3200145, command=[]} | ret=SUCCESS |  
2019-08-23 05:53:43,071 | INFO  | SCMAudit | user=jenkins1000 | ip=192.168.5.178 | op=SEND_HEARTBEAT {datanodeUUID=c6842691-702c-4d39-b47f-d27b1fab8f33, command=[]} | ret=SUCCESS |  
2019-08-23 05:53:43,251 | INFO  | SCMAudit | user=jenkins1000 | ip=192.168.5.178 | op=SEND_HEARTBEAT {datanodeUUID=6b30598f-e3b0-450c-bc0d-9274443a7fa0, command=[]} | ret=SUCCESS |  
2019-08-23 05:53:43,292 | INFO  | SCMAudit | user=jenkins1000 | ip=192.168.5.178 | op=SEND_HEARTBEAT {datanodeUUID=63fd8c64-0397-4420-bb2f-fd9af094cc1f, command=[]} | ret=SUCCESS |  
2019-08-23 05:53:43,738 | INFO  | SCMAudit | user=jenkins1000 | ip=192.168.5.178 | op=SEND_HEARTBEAT {datanodeUUID=564f3e1b-dc37-4d98-9518-cc9451ddb3ca, command=[]} | ret=SUCCESS |  
2019-08-23 05:53:43,738 | INFO  | SCMAudit | user=jenkins1000 | ip=192.168.5.178 | op=SEND_HEARTBEAT {datanodeUUID=d4f36997-48a6-49b8-995b-3c38d9ac3c0f, command=[]} | ret=SUCCESS |  
2019-08-23 05:53:43,761 | INFO  | SCMAudit | user=jenkins1000 | ip=192.168.5.178 | op=SEND_HEARTBEAT {datanodeUUID=9e0d48e9-795f-4679-b1bc-974fe7951c55, command=[]} | ret=SUCCESS |  
2019-08-23 05:53:43,855 | INFO  | SCMAudit | user=jenkins1000 | ip=192.168.5.178 | op=SEND_HEARTBEAT {datanodeUUID=96a4345b-84e3-4f69-b56b-0cb9f3200145, command=[]} | ret=SUCCESS |  
2019-08-23 05:53:44,072 | INFO  | SCMAudit | user=jenkins1000 | ip=192.168.5.178 | op=SEND_HEARTBEAT {datanodeUUID=c6842691-702c-4d39-b47f-d27b1fab8f33, command=[]} | ret=SUCCESS |  
2019-08-23 05:53:44,251 | INFO  | SCMAudit | user=jenkins1000 | ip=192.168.5.178 | op=SEND_HEARTBEAT {datanodeUUID=6b30598f-e3b0-450c-bc0d-9274443a7fa0, command=[]} | ret=SUCCESS |  
2019-08-23 05:53:44,292 | INFO  | SCMAudit | user=jenkins1000 | ip=192.168.5.178 | op=SEND_HEARTBEAT {datanodeUUID=63fd8c64-0397-4420-bb2f-fd9af094cc1f, command=[]} | ret=SUCCESS |  
2019-08-23 05:53:44,738 | INFO  | SCMAudit | user=jenkins1000 | ip=192.168.5.178 | op=SEND_HEARTBEAT {datanodeUUID=564f3e1b-dc37-4d98-9518-cc9451ddb3ca, command=[]} | ret=SUCCESS |  
2019-08-23 05:53:44,739 | INFO  | SCMAudit | user=jenkins1000 | ip=192.168.5.178 | op=SEND_HEARTBEAT {datanodeUUID=d4f36997-48a6-49b8-995b-3c38d9ac3c0f, command=[]} | ret=SUCCESS |  
2019-08-23 05:53:44,762 | INFO  | SCMAudit | user=jenkins1000 | ip=192.168.5.178 | op=SEND_HEARTBEAT {datanodeUUID=9e0d48e9-795f-4679-b1bc-974fe7951c55, command=[]} | ret=SUCCESS |  
2019-08-23 05:53:44,855 | INFO  | SCMAudit | user=jenkins1000 | ip=192.168.5.178 | op=SEND_HEARTBEAT {datanodeUUID=96a4345b-84e3-4f69-b56b-0cb9f3200145, command=[]} | ret=SUCCESS |  
2019-08-23 05:53:45,072 | INFO  | SCMAudit | user=jenkins1000 | ip=192.168.5.178 | op=SEND_HEARTBEAT {datanodeUUID=c6842691-702c-4d39-b47f-d27b1fab8f33, command=[]} | ret=SUCCESS |  
2019-08-23 05:53:45,251 | INFO  | SCMAudit | user=jenkins1000 | ip=192.168.5.178 | op=SEND_HEARTBEAT {datanodeUUID=6b30598f-e3b0-450c-bc0d-9274443a7fa0, command=[]} | ret=SUCCESS |  
2019-08-23 05:53:45,292 | INFO  | SCMAudit | user=jenkins1000 | ip=192.168.5.178 | op=SEND_HEARTBEAT {datanodeUUID=63fd8c64-0397-4420-bb2f-fd9af094cc1f, command=[]} | ret=SUCCESS |  
2019-08-23 05:53:45,739 | INFO  | SCMAudit | user=jenkins1000 | ip=192.168.5.178 | op=SEND_HEARTBEAT {datanodeUUID=564f3e1b-dc37-4d98-9518-cc9451ddb3ca, command=[]} | ret=SUCCESS |  
2019-08-23 05:53:45,739 | INFO  | SCMAudit | user=jenkins1000 | ip=192.168.5.178 | op=SEND_HEARTBEAT {datanodeUUID=d4f36997-48a6-49b8-995b-3c38d9ac3c0f, command=[]} | ret=SUCCESS |  
2019-08-23 05:53:45,762 | INFO  | SCMAudit | user=jenkins1000 | ip=192.168.5.178 | op=SEND_HEARTBEAT {datanodeUUID=9e0d48e9-795f-4679-b1bc-974fe7951c55, command=[]} | ret=SUCCESS |  
2019-08-23 05:53:45,855 | INFO  | SCMAudit | user=jenkins1000 | ip=192.168.5.178 | op=SEND_HEARTBEAT {datanodeUUID=96a4345b-84e3-4f69-b56b-0cb9f3200145, command=[]} | ret=SUCCESS |  
2019-08-23 05:53:46,071 | INFO  | SCMAudit | user=jenkins1000 | ip=192.168.5.178 | op=SEND_HEARTBEAT {datanodeUUID=c6842691-702c-4d39-b47f-d27b1fab8f33, command=[]} | ret=SUCCESS |  
2019-08-23 05:53:46,251 | INFO  | SCMAudit | user=jenkins1000 | ip=192.168.5.178 | op=SEND_HEARTBEAT {datanodeUUID=6b30598f-e3b0-450c-bc0d-9274443a7fa0, command=[]} | ret=SUCCESS |  
2019-08-23 05:53:46,294 | INFO  | SCMAudit | user=jenkins1000 | ip=192.168.5.178 | op=SEND_HEARTBEAT {datanodeUUID=63fd8c64-0397-4420-bb2f-fd9af094cc1f, command=[]} | ret=SUCCESS |  
2019-08-23 05:53:46,739 | INFO  | SCMAudit | user=jenkins1000 | ip=192.168.5.178 | op=SEND_HEARTBEAT {datanodeUUID=d4f36997-48a6-49b8-995b-3c38d9ac3c0f, command=[]} | ret=SUCCESS |  
2019-08-23 05:53:46,739 | INFO  | SCMAudit | user=jenkins1000 | ip=192.168.5.178 | op=SEND_HEARTBEAT {datanodeUUID=564f3e1b-dc37-4d98-9518-cc9451ddb3ca, command=[]} | ret=SUCCESS |  
2019-08-23 05:53:46,762 | INFO  | SCMAudit | user=jenkins1000 | ip=192.168.5.178 | op=SEND_HEARTBEAT {datanodeUUID=9e0d48e9-795f-4679-b1bc-974fe7951c55, command=[]} | ret=SUCCESS |  
2019-08-23 05:53:46,856 | INFO  | SCMAudit | user=jenkins1000 | ip=192.168.5.178 | op=SEND_HEARTBEAT {datanodeUUID=96a4345b-84e3-4f69-b56b-0cb9f3200145, command=[]} | ret=SUCCESS |  
2019-08-23 05:53:47,073 | INFO  | SCMAudit | user=jenkins1000 | ip=192.168.5.178 | op=SEND_HEARTBEAT {datanodeUUID=c6842691-702c-4d39-b47f-d27b1fab8f33, command=[]} | ret=SUCCESS |  
2019-08-23 05:53:47,251 | INFO  | SCMAudit | user=jenkins1000 | ip=192.168.5.178 | op=SEND_HEARTBEAT {datanodeUUID=6b30598f-e3b0-450c-bc0d-9274443a7fa0, command=[]} | ret=SUCCESS |  
2019-08-23 05:53:47,292 | INFO  | SCMAudit | user=jenkins1000 | ip=192.168.5.178 | op=SEND_HEARTBEAT {datanodeUUID=63fd8c64-0397-4420-bb2f-fd9af094cc1f, command=[]} | ret=SUCCESS |  
2019-08-23 05:53:47,311 [grpc-default-executor-5] INFO  client.GrpcClientProtocolClient (GrpcClientProtocolClient.java:onNext(255)) - client-DB4E080F923B->9e0d48e9-795f-4679-b1bc-974fe7951c55: receive RaftClientReply:client-DB4E080F923B->9e0d48e9-795f-4679-b1bc-974fe7951c55@group-FC65621A5432, cid=45, FAILED org.apache.ratis.protocol.NotLeaderException: Server 9e0d48e9-795f-4679-b1bc-974fe7951c55 is not the leader (d4f36997-48a6-49b8-995b-3c38d9ac3c0f:192.168.5.178:40775). Request must be sent to leader., logIndex=0, commits[9e0d48e9-795f-4679-b1bc-974fe7951c55:c8, 564f3e1b-dc37-4d98-9518-cc9451ddb3ca:c8, d4f36997-48a6-49b8-995b-3c38d9ac3c0f:c8]
2019-08-23 05:53:47,741 | INFO  | SCMAudit | user=jenkins1000 | ip=192.168.5.178 | op=SEND_HEARTBEAT {datanodeUUID=564f3e1b-dc37-4d98-9518-cc9451ddb3ca, command=[]} | ret=SUCCESS |  
2019-08-23 05:53:47,741 | INFO  | SCMAudit | user=jenkins1000 | ip=192.168.5.178 | op=SEND_HEARTBEAT {datanodeUUID=d4f36997-48a6-49b8-995b-3c38d9ac3c0f, command=[]} | ret=SUCCESS |  
2019-08-23 05:53:47,762 | INFO  | SCMAudit | user=jenkins1000 | ip=192.168.5.178 | op=SEND_HEARTBEAT {datanodeUUID=9e0d48e9-795f-4679-b1bc-974fe7951c55, command=[]} | ret=SUCCESS |  
2019-08-23 05:53:47,855 | INFO  | SCMAudit | user=jenkins1000 | ip=192.168.5.178 | op=SEND_HEARTBEAT {datanodeUUID=96a4345b-84e3-4f69-b56b-0cb9f3200145, command=[]} | ret=SUCCESS |  
2019-08-23 05:53:48,072 | INFO  | SCMAudit | user=jenkins1000 | ip=192.168.5.178 | op=SEND_HEARTBEAT {datanodeUUID=c6842691-702c-4d39-b47f-d27b1fab8f33, command=[]} | ret=SUCCESS |  
2019-08-23 05:53:48,250 | INFO  | SCMAudit | user=jenkins1000 | ip=192.168.5.178 | op=SEND_HEARTBEAT {datanodeUUID=6b30598f-e3b0-450c-bc0d-9274443a7fa0, command=[]} | ret=SUCCESS |  
2019-08-23 05:53:48,292 | INFO  | SCMAudit | user=jenkins1000 | ip=192.168.5.178 | op=SEND_HEARTBEAT {datanodeUUID=63fd8c64-0397-4420-bb2f-fd9af094cc1f, command=[]} | ret=SUCCESS |  
2019-08-23 05:53:48,739 | INFO  | SCMAudit | user=jenkins1000 | ip=192.168.5.178 | op=SEND_HEARTBEAT {datanodeUUID=d4f36997-48a6-49b8-995b-3c38d9ac3c0f, command=[]} | ret=SUCCESS |  
2019-08-23 05:53:48,739 | INFO  | SCMAudit | user=jenkins1000 | ip=192.168.5.178 | op=SEND_HEARTBEAT {datanodeUUID=564f3e1b-dc37-4d98-9518-cc9451ddb3ca, command=[]} | ret=SUCCESS |  
2019-08-23 05:53:48,762 | INFO  | SCMAudit | user=jenkins1000 | ip=192.168.5.178 | op=SEND_HEARTBEAT {datanodeUUID=9e0d48e9-795f-4679-b1bc-974fe7951c55, command=[]} | ret=SUCCESS |  
2019-08-23 05:53:48,855 | INFO  | SCMAudit | user=jenkins1000 | ip=192.168.5.178 | op=SEND_HEARTBEAT {datanodeUUID=96a4345b-84e3-4f69-b56b-0cb9f3200145, command=[]} | ret=SUCCESS |  
2019-08-23 05:53:49,072 | INFO  | SCMAudit | user=jenkins1000 | ip=192.168.5.178 | op=SEND_HEARTBEAT {datanodeUUID=c6842691-702c-4d39-b47f-d27b1fab8f33, command=[]} | ret=SUCCESS |  
2019-08-23 05:53:49,251 | INFO  | SCMAudit | user=jenkins1000 | ip=192.168.5.178 | op=SEND_HEARTBEAT {datanodeUUID=6b30598f-e3b0-450c-bc0d-9274443a7fa0, command=[]} | ret=SUCCESS |  
2019-08-23 05:53:49,292 | INFO  | SCMAudit | user=jenkins1000 | ip=192.168.5.178 | op=SEND_HEARTBEAT {datanodeUUID=63fd8c64-0397-4420-bb2f-fd9af094cc1f, command=[]} | ret=SUCCESS |  
2019-08-23 05:53:49,739 | INFO  | SCMAudit | user=jenkins1000 | ip=192.168.5.178 | op=SEND_HEARTBEAT {datanodeUUID=564f3e1b-dc37-4d98-9518-cc9451ddb3ca, command=[]} | ret=SUCCESS |  
2019-08-23 05:53:49,739 | INFO  | SCMAudit | user=jenkins1000 | ip=192.168.5.178 | op=SEND_HEARTBEAT {datanodeUUID=d4f36997-48a6-49b8-995b-3c38d9ac3c0f, command=[]} | ret=SUCCESS |  
2019-08-23 05:53:49,763 | INFO  | SCMAudit | user=jenkins1000 | ip=192.168.5.178 | op=SEND_HEARTBEAT {datanodeUUID=9e0d48e9-795f-4679-b1bc-974fe7951c55, command=[]} | ret=SUCCESS |  
2019-08-23 05:53:49,855 | INFO  | SCMAudit | user=jenkins1000 | ip=192.168.5.178 | op=SEND_HEARTBEAT {datanodeUUID=96a4345b-84e3-4f69-b56b-0cb9f3200145, command=[]} | ret=SUCCESS |  
2019-08-23 05:53:50,072 | INFO  | SCMAudit | user=jenkins1000 | ip=192.168.5.178 | op=SEND_HEARTBEAT {datanodeUUID=c6842691-702c-4d39-b47f-d27b1fab8f33, command=[]} | ret=SUCCESS |  
2019-08-23 05:53:50,251 | INFO  | SCMAudit | user=jenkins1000 | ip=192.168.5.178 | op=SEND_HEARTBEAT {datanodeUUID=6b30598f-e3b0-450c-bc0d-9274443a7fa0, command=[]} | ret=SUCCESS |  
2019-08-23 05:53:50,293 | INFO  | SCMAudit | user=jenkins1000 | ip=192.168.5.178 | op=SEND_HEARTBEAT {datanodeUUID=63fd8c64-0397-4420-bb2f-fd9af094cc1f, command=[]} | ret=SUCCESS |  
2019-08-23 05:53:50,739 | INFO  | SCMAudit | user=jenkins1000 | ip=192.168.5.178 | op=SEND_HEARTBEAT {datanodeUUID=d4f36997-48a6-49b8-995b-3c38d9ac3c0f, command=[]} | ret=SUCCESS |  
2019-08-23 05:53:50,739 | INFO  | SCMAudit | user=jenkins1000 | ip=192.168.5.178 | op=SEND_HEARTBEAT {datanodeUUID=564f3e1b-dc37-4d98-9518-cc9451ddb3ca, command=[]} | ret=SUCCESS |  
2019-08-23 05:53:50,763 | INFO  | SCMAudit | user=jenkins1000 | ip=192.168.5.178 | op=SEND_HEARTBEAT {datanodeUUID=9e0d48e9-795f-4679-b1bc-974fe7951c55, command=[]} | ret=SUCCESS |  
2019-08-23 05:53:50,855 | INFO  | SCMAudit | user=jenkins1000 | ip=192.168.5.178 | op=SEND_HEARTBEAT {datanodeUUID=96a4345b-84e3-4f69-b56b-0cb9f3200145, command=[]} | ret=SUCCESS |  
2019-08-23 05:53:51,073 | INFO  | SCMAudit | user=jenkins1000 | ip=192.168.5.178 | op=SEND_HEARTBEAT {datanodeUUID=c6842691-702c-4d39-b47f-d27b1fab8f33, command=[]} | ret=SUCCESS |  
2019-08-23 05:53:51,252 | INFO  | SCMAudit | user=jenkins1000 | ip=192.168.5.178 | op=SEND_HEARTBEAT {datanodeUUID=6b30598f-e3b0-450c-bc0d-9274443a7fa0, command=[]} | ret=SUCCESS |  
2019-08-23 05:53:51,293 | INFO  | SCMAudit | user=jenkins1000 | ip=192.168.5.178 | op=SEND_HEARTBEAT {datanodeUUID=63fd8c64-0397-4420-bb2f-fd9af094cc1f, command=[]} | ret=SUCCESS |  
2019-08-23 05:53:51,739 | INFO  | SCMAudit | user=jenkins1000 | ip=192.168.5.178 | op=SEND_HEARTBEAT {datanodeUUID=564f3e1b-dc37-4d98-9518-cc9451ddb3ca, command=[]} | ret=SUCCESS |  
2019-08-23 05:53:51,739 | INFO  | SCMAudit | user=jenkins1000 | ip=192.168.5.178 | op=SEND_HEARTBEAT {datanodeUUID=d4f36997-48a6-49b8-995b-3c38d9ac3c0f, command=[]} | ret=SUCCESS |  
2019-08-23 05:53:51,763 | INFO  | SCMAudit | user=jenkins1000 | ip=192.168.5.178 | op=SEND_HEARTBEAT {datanodeUUID=9e0d48e9-795f-4679-b1bc-974fe7951c55, command=[]} | ret=SUCCESS |  
2019-08-23 05:53:51,855 | INFO  | SCMAudit | user=jenkins1000 | ip=192.168.5.178 | op=SEND_HEARTBEAT {datanodeUUID=96a4345b-84e3-4f69-b56b-0cb9f3200145, command=[]} | ret=SUCCESS |  
2019-08-23 05:53:52,073 | INFO  | SCMAudit | user=jenkins1000 | ip=192.168.5.178 | op=SEND_HEARTBEAT {datanodeUUID=c6842691-702c-4d39-b47f-d27b1fab8f33, command=[]} | ret=SUCCESS |  
2019-08-23 05:53:52,252 | INFO  | SCMAudit | user=jenkins1000 | ip=192.168.5.178 | op=SEND_HEARTBEAT {datanodeUUID=6b30598f-e3b0-450c-bc0d-9274443a7fa0, command=[]} | ret=SUCCESS |  
2019-08-23 05:53:52,293 | INFO  | SCMAudit | user=jenkins1000 | ip=192.168.5.178 | op=SEND_HEARTBEAT {datanodeUUID=63fd8c64-0397-4420-bb2f-fd9af094cc1f, command=[]} | ret=SUCCESS |  
2019-08-23 05:53:52,356 [grpc-default-executor-1] INFO  client.GrpcClientProtocolClient (GrpcClientProtocolClient.java:onNext(255)) - client-DB4E080F923B->9e0d48e9-795f-4679-b1bc-974fe7951c55: receive RaftClientReply:client-DB4E080F923B->9e0d48e9-795f-4679-b1bc-974fe7951c55@group-FC65621A5432, cid=45, FAILED org.apache.ratis.protocol.NotLeaderException: Server 9e0d48e9-795f-4679-b1bc-974fe7951c55 is not the leader (d4f36997-48a6-49b8-995b-3c38d9ac3c0f:192.168.5.178:40775). Request must be sent to leader., logIndex=0, commits[9e0d48e9-795f-4679-b1bc-974fe7951c55:c8, 564f3e1b-dc37-4d98-9518-cc9451ddb3ca:c8, d4f36997-48a6-49b8-995b-3c38d9ac3c0f:c8]
2019-08-23 05:53:52,739 | INFO  | SCMAudit | user=jenkins1000 | ip=192.168.5.178 | op=SEND_HEARTBEAT {datanodeUUID=d4f36997-48a6-49b8-995b-3c38d9ac3c0f, command=[]} | ret=SUCCESS |  
2019-08-23 05:53:52,739 | INFO  | SCMAudit | user=jenkins1000 | ip=192.168.5.178 | op=SEND_HEARTBEAT {datanodeUUID=564f3e1b-dc37-4d98-9518-cc9451ddb3ca, command=[]} | ret=SUCCESS |  
2019-08-23 05:53:52,763 | INFO  | SCMAudit | user=jenkins1000 | ip=192.168.5.178 | op=SEND_HEARTBEAT {datanodeUUID=9e0d48e9-795f-4679-b1bc-974fe7951c55, command=[]} | ret=SUCCESS |  
2019-08-23 05:53:52,855 | INFO  | SCMAudit | user=jenkins1000 | ip=192.168.5.178 | op=SEND_HEARTBEAT {datanodeUUID=96a4345b-84e3-4f69-b56b-0cb9f3200145, command=[]} | ret=SUCCESS |  
2019-08-23 05:53:53,073 | INFO  | SCMAudit | user=jenkins1000 | ip=192.168.5.178 | op=SEND_HEARTBEAT {datanodeUUID=c6842691-702c-4d39-b47f-d27b1fab8f33, command=[]} | ret=SUCCESS |  
2019-08-23 05:53:53,253 | INFO  | SCMAudit | user=jenkins1000 | ip=192.168.5.178 | op=SEND_HEARTBEAT {datanodeUUID=6b30598f-e3b0-450c-bc0d-9274443a7fa0, command=[]} | ret=SUCCESS |  
2019-08-23 05:53:53,293 | INFO  | SCMAudit | user=jenkins1000 | ip=192.168.5.178 | op=SEND_HEARTBEAT {datanodeUUID=63fd8c64-0397-4420-bb2f-fd9af094cc1f, command=[]} | ret=SUCCESS |  
2019-08-23 05:53:53,739 | INFO  | SCMAudit | user=jenkins1000 | ip=192.168.5.178 | op=SEND_HEARTBEAT {datanodeUUID=d4f36997-48a6-49b8-995b-3c38d9ac3c0f, command=[]} | ret=SUCCESS |  
2019-08-23 05:53:53,739 | INFO  | SCMAudit | user=jenkins1000 | ip=192.168.5.178 | op=SEND_HEARTBEAT {datanodeUUID=564f3e1b-dc37-4d98-9518-cc9451ddb3ca, command=[]} | ret=SUCCESS |  
2019-08-23 05:53:53,763 | INFO  | SCMAudit | user=jenkins1000 | ip=192.168.5.178 | op=SEND_HEARTBEAT {datanodeUUID=9e0d48e9-795f-4679-b1bc-974fe7951c55, command=[]} | ret=SUCCESS |  
2019-08-23 05:53:53,855 | INFO  | SCMAudit | user=jenkins1000 | ip=192.168.5.178 | op=SEND_HEARTBEAT {datanodeUUID=96a4345b-84e3-4f69-b56b-0cb9f3200145, command=[]} | ret=SUCCESS |  
2019-08-23 05:53:54,073 | INFO  | SCMAudit | user=jenkins1000 | ip=192.168.5.178 | op=SEND_HEARTBEAT {datanodeUUID=c6842691-702c-4d39-b47f-d27b1fab8f33, command=[]} | ret=SUCCESS |  
2019-08-23 05:53:54,252 | INFO  | SCMAudit | user=jenkins1000 | ip=192.168.5.178 | op=SEND_HEARTBEAT {datanodeUUID=6b30598f-e3b0-450c-bc0d-9274443a7fa0, command=[]} | ret=SUCCESS |  
2019-08-23 05:53:54,293 | INFO  | SCMAudit | user=jenkins1000 | ip=192.168.5.178 | op=SEND_HEARTBEAT {datanodeUUID=63fd8c64-0397-4420-bb2f-fd9af094cc1f, command=[]} | ret=SUCCESS |  
2019-08-23 05:53:54,739 | INFO  | SCMAudit | user=jenkins1000 | ip=192.168.5.178 | op=SEND_HEARTBEAT {datanodeUUID=d4f36997-48a6-49b8-995b-3c38d9ac3c0f, command=[]} | ret=SUCCESS |  
2019-08-23 05:53:54,739 | INFO  | SCMAudit | user=jenkins1000 | ip=192.168.5.178 | op=SEND_HEARTBEAT {datanodeUUID=564f3e1b-dc37-4d98-9518-cc9451ddb3ca, command=[]} | ret=SUCCESS |  
2019-08-23 05:53:54,763 | INFO  | SCMAudit | user=jenkins1000 | ip=192.168.5.178 | op=SEND_HEARTBEAT {datanodeUUID=9e0d48e9-795f-4679-b1bc-974fe7951c55, command=[]} | ret=SUCCESS |  
2019-08-23 05:53:54,855 | INFO  | SCMAudit | user=jenkins1000 | ip=192.168.5.178 | op=SEND_HEARTBEAT {datanodeUUID=96a4345b-84e3-4f69-b56b-0cb9f3200145, command=[]} | ret=SUCCESS |  
2019-08-23 05:53:55,073 | INFO  | SCMAudit | user=jenkins1000 | ip=192.168.5.178 | op=SEND_HEARTBEAT {datanodeUUID=c6842691-702c-4d39-b47f-d27b1fab8f33, command=[]} | ret=SUCCESS |  
2019-08-23 05:53:55,252 | INFO  | SCMAudit | user=jenkins1000 | ip=192.168.5.178 | op=SEND_HEARTBEAT {datanodeUUID=6b30598f-e3b0-450c-bc0d-9274443a7fa0, command=[]} | ret=SUCCESS |  
2019-08-23 05:53:55,293 | INFO  | SCMAudit | user=jenkins1000 | ip=192.168.5.178 | op=SEND_HEARTBEAT {datanodeUUID=63fd8c64-0397-4420-bb2f-fd9af094cc1f, command=[]} | ret=SUCCESS |  
2019-08-23 05:53:55,739 | INFO  | SCMAudit | user=jenkins1000 | ip=192.168.5.178 | op=SEND_HEARTBEAT {datanodeUUID=564f3e1b-dc37-4d98-9518-cc9451ddb3ca, command=[]} | ret=SUCCESS |  
2019-08-23 05:53:55,739 | INFO  | SCMAudit | user=jenkins1000 | ip=192.168.5.178 | op=SEND_HEARTBEAT {datanodeUUID=d4f36997-48a6-49b8-995b-3c38d9ac3c0f, command=[]} | ret=SUCCESS |  
2019-08-23 05:53:55,764 | INFO  | SCMAudit | user=jenkins1000 | ip=192.168.5.178 | op=SEND_HEARTBEAT {datanodeUUID=9e0d48e9-795f-4679-b1bc-974fe7951c55, command=[]} | ret=SUCCESS |  
2019-08-23 05:53:55,856 | INFO  | SCMAudit | user=jenkins1000 | ip=192.168.5.178 | op=SEND_HEARTBEAT {datanodeUUID=96a4345b-84e3-4f69-b56b-0cb9f3200145, command=[]} | ret=SUCCESS |  
2019-08-23 05:53:56,073 | INFO  | SCMAudit | user=jenkins1000 | ip=192.168.5.178 | op=SEND_HEARTBEAT {datanodeUUID=c6842691-702c-4d39-b47f-d27b1fab8f33, command=[]} | ret=SUCCESS |  
2019-08-23 05:53:56,252 | INFO  | SCMAudit | user=jenkins1000 | ip=192.168.5.178 | op=SEND_HEARTBEAT {datanodeUUID=6b30598f-e3b0-450c-bc0d-9274443a7fa0, command=[]} | ret=SUCCESS |  
2019-08-23 05:53:56,294 | INFO  | SCMAudit | user=jenkins1000 | ip=192.168.5.178 | op=SEND_HEARTBEAT {datanodeUUID=63fd8c64-0397-4420-bb2f-fd9af094cc1f, command=[]} | ret=SUCCESS |  
2019-08-23 05:53:56,739 | INFO  | SCMAudit | user=jenkins1000 | ip=192.168.5.178 | op=SEND_HEARTBEAT {datanodeUUID=d4f36997-48a6-49b8-995b-3c38d9ac3c0f, command=[]} | ret=SUCCESS |  
2019-08-23 05:53:56,739 | INFO  | SCMAudit | user=jenkins1000 | ip=192.168.5.178 | op=SEND_HEARTBEAT {datanodeUUID=564f3e1b-dc37-4d98-9518-cc9451ddb3ca, command=[]} | ret=SUCCESS |  
2019-08-23 05:53:56,764 | INFO  | SCMAudit | user=jenkins1000 | ip=192.168.5.178 | op=SEND_HEARTBEAT {datanodeUUID=9e0d48e9-795f-4679-b1bc-974fe7951c55, command=[]} | ret=SUCCESS |  
2019-08-23 05:53:56,856 | INFO  | SCMAudit | user=jenkins1000 | ip=192.168.5.178 | op=SEND_HEARTBEAT {datanodeUUID=96a4345b-84e3-4f69-b56b-0cb9f3200145, command=[]} | ret=SUCCESS |  
2019-08-23 05:53:57,074 | INFO  | SCMAudit | user=jenkins1000 | ip=192.168.5.178 | op=SEND_HEARTBEAT {datanodeUUID=c6842691-702c-4d39-b47f-d27b1fab8f33, command=[]} | ret=SUCCESS |  
2019-08-23 05:53:57,252 | INFO  | SCMAudit | user=jenkins1000 | ip=192.168.5.178 | op=SEND_HEARTBEAT {datanodeUUID=6b30598f-e3b0-450c-bc0d-9274443a7fa0, command=[]} | ret=SUCCESS |  
2019-08-23 05:53:57,294 | INFO  | SCMAudit | user=jenkins1000 | ip=192.168.5.178 | op=SEND_HEARTBEAT {datanodeUUID=63fd8c64-0397-4420-bb2f-fd9af094cc1f, command=[]} | ret=SUCCESS |  
2019-08-23 05:53:57,399 [grpc-default-executor-5] INFO  client.GrpcClientProtocolClient (GrpcClientProtocolClient.java:onNext(255)) - client-DB4E080F923B->564f3e1b-dc37-4d98-9518-cc9451ddb3ca: receive RaftClientReply:client-DB4E080F923B->564f3e1b-dc37-4d98-9518-cc9451ddb3ca@group-FC65621A5432, cid=45, FAILED org.apache.ratis.protocol.NotLeaderException: Server 564f3e1b-dc37-4d98-9518-cc9451ddb3ca is not the leader (d4f36997-48a6-49b8-995b-3c38d9ac3c0f:192.168.5.178:40775). Request must be sent to leader., logIndex=0, commits[564f3e1b-dc37-4d98-9518-cc9451ddb3ca:c8, 9e0d48e9-795f-4679-b1bc-974fe7951c55:c8, d4f36997-48a6-49b8-995b-3c38d9ac3c0f:c8]
2019-08-23 05:53:57,740 | INFO  | SCMAudit | user=jenkins1000 | ip=192.168.5.178 | op=SEND_HEARTBEAT {datanodeUUID=564f3e1b-dc37-4d98-9518-cc9451ddb3ca, command=[]} | ret=SUCCESS |  
2019-08-23 05:53:57,740 | INFO  | SCMAudit | user=jenkins1000 | ip=192.168.5.178 | op=SEND_HEARTBEAT {datanodeUUID=d4f36997-48a6-49b8-995b-3c38d9ac3c0f, command=[]} | ret=SUCCESS |  
2019-08-23 05:53:57,764 | INFO  | SCMAudit | user=jenkins1000 | ip=192.168.5.178 | op=SEND_HEARTBEAT {datanodeUUID=9e0d48e9-795f-4679-b1bc-974fe7951c55, command=[]} | ret=SUCCESS |  
2019-08-23 05:53:57,856 | INFO  | SCMAudit | user=jenkins1000 | ip=192.168.5.178 | op=SEND_HEARTBEAT {datanodeUUID=96a4345b-84e3-4f69-b56b-0cb9f3200145, command=[]} | ret=SUCCESS |  
2019-08-23 05:53:58,073 | INFO  | SCMAudit | user=jenkins1000 | ip=192.168.5.178 | op=SEND_HEARTBEAT {datanodeUUID=c6842691-702c-4d39-b47f-d27b1fab8f33, command=[]} | ret=SUCCESS |  
2019-08-23 05:53:58,252 | INFO  | SCMAudit | user=jenkins1000 | ip=192.168.5.178 | op=SEND_HEARTBEAT {datanodeUUID=6b30598f-e3b0-450c-bc0d-9274443a7fa0, command=[]} | ret=SUCCESS |  
2019-08-23 05:53:58,294 | INFO  | SCMAudit | user=jenkins1000 | ip=192.168.5.178 | op=SEND_HEARTBEAT {datanodeUUID=63fd8c64-0397-4420-bb2f-fd9af094cc1f, command=[]} | ret=SUCCESS |  
2019-08-23 05:53:58,740 | INFO  | SCMAudit | user=jenkins1000 | ip=192.168.5.178 | op=SEND_HEARTBEAT {datanodeUUID=d4f36997-48a6-49b8-995b-3c38d9ac3c0f, command=[]} | ret=SUCCESS |  
2019-08-23 05:53:58,740 | INFO  | SCMAudit | user=jenkins1000 | ip=192.168.5.178 | op=SEND_HEARTBEAT {datanodeUUID=564f3e1b-dc37-4d98-9518-cc9451ddb3ca, command=[]} | ret=SUCCESS |  
2019-08-23 05:53:58,764 | INFO  | SCMAudit | user=jenkins1000 | ip=192.168.5.178 | op=SEND_HEARTBEAT {datanodeUUID=9e0d48e9-795f-4679-b1bc-974fe7951c55, command=[]} | ret=SUCCESS |  
2019-08-23 05:53:58,856 | INFO  | SCMAudit | user=jenkins1000 | ip=192.168.5.178 | op=SEND_HEARTBEAT {datanodeUUID=96a4345b-84e3-4f69-b56b-0cb9f3200145, command=[]} | ret=SUCCESS |  
2019-08-23 05:53:59,073 | INFO  | SCMAudit | user=jenkins1000 | ip=192.168.5.178 | op=SEND_HEARTBEAT {datanodeUUID=c6842691-702c-4d39-b47f-d27b1fab8f33, command=[]} | ret=SUCCESS |  
2019-08-23 05:53:59,252 | INFO  | SCMAudit | user=jenkins1000 | ip=192.168.5.178 | op=SEND_HEARTBEAT {datanodeUUID=6b30598f-e3b0-450c-bc0d-9274443a7fa0, command=[]} | ret=SUCCESS |  
2019-08-23 05:53:59,294 | INFO  | SCMAudit | user=jenkins1000 | ip=192.168.5.178 | op=SEND_HEARTBEAT {datanodeUUID=63fd8c64-0397-4420-bb2f-fd9af094cc1f, command=[]} | ret=SUCCESS |  
2019-08-23 05:53:59,739 | INFO  | SCMAudit | user=jenkins1000 | ip=192.168.5.178 | op=SEND_HEARTBEAT {datanodeUUID=564f3e1b-dc37-4d98-9518-cc9451ddb3ca, command=[]} | ret=SUCCESS |  
2019-08-23 05:53:59,739 | INFO  | SCMAudit | user=jenkins1000 | ip=192.168.5.178 | op=SEND_HEARTBEAT {datanodeUUID=d4f36997-48a6-49b8-995b-3c38d9ac3c0f, command=[]} | ret=SUCCESS |  
2019-08-23 05:53:59,764 | INFO  | SCMAudit | user=jenkins1000 | ip=192.168.5.178 | op=SEND_HEARTBEAT {datanodeUUID=9e0d48e9-795f-4679-b1bc-974fe7951c55, command=[]} | ret=SUCCESS |  
2019-08-23 05:53:59,856 | INFO  | SCMAudit | user=jenkins1000 | ip=192.168.5.178 | op=SEND_HEARTBEAT {datanodeUUID=96a4345b-84e3-4f69-b56b-0cb9f3200145, command=[]} | ret=SUCCESS |  
2019-08-23 05:54:00,073 | INFO  | SCMAudit | user=jenkins1000 | ip=192.168.5.178 | op=SEND_HEARTBEAT {datanodeUUID=c6842691-702c-4d39-b47f-d27b1fab8f33, command=[]} | ret=SUCCESS |  
2019-08-23 05:54:00,252 | INFO  | SCMAudit | user=jenkins1000 | ip=192.168.5.178 | op=SEND_HEARTBEAT {datanodeUUID=6b30598f-e3b0-450c-bc0d-9274443a7fa0, command=[]} | ret=SUCCESS |  
2019-08-23 05:54:00,294 | INFO  | SCMAudit | user=jenkins1000 | ip=192.168.5.178 | op=SEND_HEARTBEAT {datanodeUUID=63fd8c64-0397-4420-bb2f-fd9af094cc1f, command=[]} | ret=SUCCESS |  
2019-08-23 05:54:00,740 | INFO  | SCMAudit | user=jenkins1000 | ip=192.168.5.178 | op=SEND_HEARTBEAT {datanodeUUID=564f3e1b-dc37-4d98-9518-cc9451ddb3ca, command=[]} | ret=SUCCESS |  
2019-08-23 05:54:00,740 | INFO  | SCMAudit | user=jenkins1000 | ip=192.168.5.178 | op=SEND_HEARTBEAT {datanodeUUID=d4f36997-48a6-49b8-995b-3c38d9ac3c0f, command=[]} | ret=SUCCESS |  
2019-08-23 05:54:00,764 | INFO  | SCMAudit | user=jenkins1000 | ip=192.168.5.178 | op=SEND_HEARTBEAT {datanodeUUID=9e0d48e9-795f-4679-b1bc-974fe7951c55, command=[]} | ret=SUCCESS |  
2019-08-23 05:54:00,856 | INFO  | SCMAudit | user=jenkins1000 | ip=192.168.5.178 | op=SEND_HEARTBEAT {datanodeUUID=96a4345b-84e3-4f69-b56b-0cb9f3200145, command=[]} | ret=SUCCESS |  
2019-08-23 05:54:01,073 | INFO  | SCMAudit | user=jenkins1000 | ip=192.168.5.178 | op=SEND_HEARTBEAT {datanodeUUID=c6842691-702c-4d39-b47f-d27b1fab8f33, command=[]} | ret=SUCCESS |  
2019-08-23 05:54:01,253 | INFO  | SCMAudit | user=jenkins1000 | ip=192.168.5.178 | op=SEND_HEARTBEAT {datanodeUUID=6b30598f-e3b0-450c-bc0d-9274443a7fa0, command=[]} | ret=SUCCESS |  
2019-08-23 05:54:01,295 | INFO  | SCMAudit | user=jenkins1000 | ip=192.168.5.178 | op=SEND_HEARTBEAT {datanodeUUID=63fd8c64-0397-4420-bb2f-fd9af094cc1f, command=[]} | ret=SUCCESS |  
2019-08-23 05:54:01,740 | INFO  | SCMAudit | user=jenkins1000 | ip=192.168.5.178 | op=SEND_HEARTBEAT {datanodeUUID=564f3e1b-dc37-4d98-9518-cc9451ddb3ca, command=[]} | ret=SUCCESS |  
2019-08-23 05:54:01,740 | INFO  | SCMAudit | user=jenkins1000 | ip=192.168.5.178 | op=SEND_HEARTBEAT {datanodeUUID=d4f36997-48a6-49b8-995b-3c38d9ac3c0f, command=[]} | ret=SUCCESS |  
2019-08-23 05:54:01,764 | INFO  | SCMAudit | user=jenkins1000 | ip=192.168.5.178 | op=SEND_HEARTBEAT {datanodeUUID=9e0d48e9-795f-4679-b1bc-974fe7951c55, command=[]} | ret=SUCCESS |  
2019-08-23 05:54:01,856 | INFO  | SCMAudit | user=jenkins1000 | ip=192.168.5.178 | op=SEND_HEARTBEAT {datanodeUUID=96a4345b-84e3-4f69-b56b-0cb9f3200145, command=[]} | ret=SUCCESS |  
2019-08-23 05:54:02,073 | INFO  | SCMAudit | user=jenkins1000 | ip=192.168.5.178 | op=SEND_HEARTBEAT {datanodeUUID=c6842691-702c-4d39-b47f-d27b1fab8f33, command=[]} | ret=SUCCESS |  
2019-08-23 05:54:02,252 | INFO  | SCMAudit | user=jenkins1000 | ip=192.168.5.178 | op=SEND_HEARTBEAT {datanodeUUID=6b30598f-e3b0-450c-bc0d-9274443a7fa0, command=[]} | ret=SUCCESS |  
2019-08-23 05:54:02,295 | INFO  | SCMAudit | user=jenkins1000 | ip=192.168.5.178 | op=SEND_HEARTBEAT {datanodeUUID=63fd8c64-0397-4420-bb2f-fd9af094cc1f, command=[]} | ret=SUCCESS |  
2019-08-23 05:54:02,436 [grpc-default-executor-1] INFO  client.GrpcClientProtocolClient (GrpcClientProtocolClient.java:onNext(255)) - client-DB4E080F923B->9e0d48e9-795f-4679-b1bc-974fe7951c55: receive RaftClientReply:client-DB4E080F923B->9e0d48e9-795f-4679-b1bc-974fe7951c55@group-FC65621A5432, cid=45, FAILED org.apache.ratis.protocol.NotLeaderException: Server 9e0d48e9-795f-4679-b1bc-974fe7951c55 is not the leader (d4f36997-48a6-49b8-995b-3c38d9ac3c0f:192.168.5.178:40775). Request must be sent to leader., logIndex=0, commits[9e0d48e9-795f-4679-b1bc-974fe7951c55:c8, 564f3e1b-dc37-4d98-9518-cc9451ddb3ca:c8, d4f36997-48a6-49b8-995b-3c38d9ac3c0f:c8]
2019-08-23 05:54:02,740 | INFO  | SCMAudit | user=jenkins1000 | ip=192.168.5.178 | op=SEND_HEARTBEAT {datanodeUUID=d4f36997-48a6-49b8-995b-3c38d9ac3c0f, command=[]} | ret=SUCCESS |  
2019-08-23 05:54:02,740 | INFO  | SCMAudit | user=jenkins1000 | ip=192.168.5.178 | op=SEND_HEARTBEAT {datanodeUUID=564f3e1b-dc37-4d98-9518-cc9451ddb3ca, command=[]} | ret=SUCCESS |  
2019-08-23 05:54:02,763 | INFO  | SCMAudit | user=jenkins1000 | ip=192.168.5.178 | op=SEND_HEARTBEAT {datanodeUUID=9e0d48e9-795f-4679-b1bc-974fe7951c55, command=[]} | ret=SUCCESS |  
2019-08-23 05:54:02,857 | INFO  | SCMAudit | user=jenkins1000 | ip=192.168.5.178 | op=SEND_HEARTBEAT {datanodeUUID=96a4345b-84e3-4f69-b56b-0cb9f3200145, command=[]} | ret=SUCCESS |  
2019-08-23 05:54:03,073 | INFO  | SCMAudit | user=jenkins1000 | ip=192.168.5.178 | op=SEND_HEARTBEAT {datanodeUUID=c6842691-702c-4d39-b47f-d27b1fab8f33, command=[]} | ret=SUCCESS |  
2019-08-23 05:54:03,252 | INFO  | SCMAudit | user=jenkins1000 | ip=192.168.5.178 | op=SEND_HEARTBEAT {datanodeUUID=6b30598f-e3b0-450c-bc0d-9274443a7fa0, command=[]} | ret=SUCCESS |  
2019-08-23 05:54:03,295 | INFO  | SCMAudit | user=jenkins1000 | ip=192.168.5.178 | op=SEND_HEARTBEAT {datanodeUUID=63fd8c64-0397-4420-bb2f-fd9af094cc1f, command=[]} | ret=SUCCESS |  
2019-08-23 05:54:03,740 | INFO  | SCMAudit | user=jenkins1000 | ip=192.168.5.178 | op=SEND_HEARTBEAT {datanodeUUID=d4f36997-48a6-49b8-995b-3c38d9ac3c0f, command=[]} | ret=SUCCESS |  
2019-08-23 05:54:03,740 | INFO  | SCMAudit | user=jenkins1000 | ip=192.168.5.178 | op=SEND_HEARTBEAT {datanodeUUID=564f3e1b-dc37-4d98-9518-cc9451ddb3ca, command=[]} | ret=SUCCESS |  
2019-08-23 05:54:03,763 | INFO  | SCMAudit | user=jenkins1000 | ip=192.168.5.178 | op=SEND_HEARTBEAT {datanodeUUID=9e0d48e9-795f-4679-b1bc-974fe7951c55, command=[]} | ret=SUCCESS |  
2019-08-23 05:54:03,857 | INFO  | SCMAudit | user=jenkins1000 | ip=192.168.5.178 | op=SEND_HEARTBEAT {datanodeUUID=96a4345b-84e3-4f69-b56b-0cb9f3200145, command=[]} | ret=SUCCESS |  
2019-08-23 05:54:04,073 | INFO  | SCMAudit | user=jenkins1000 | ip=192.168.5.178 | op=SEND_HEARTBEAT {datanodeUUID=c6842691-702c-4d39-b47f-d27b1fab8f33, command=[]} | ret=SUCCESS |  
2019-08-23 05:54:04,252 | INFO  | SCMAudit | user=jenkins1000 | ip=192.168.5.178 | op=SEND_HEARTBEAT {datanodeUUID=6b30598f-e3b0-450c-bc0d-9274443a7fa0, command=[]} | ret=SUCCESS |  
2019-08-23 05:54:04,295 | INFO  | SCMAudit | user=jenkins1000 | ip=192.168.5.178 | op=SEND_HEARTBEAT {datanodeUUID=63fd8c64-0397-4420-bb2f-fd9af094cc1f, command=[]} | ret=SUCCESS |  
2019-08-23 05:54:04,741 | INFO  | SCMAudit | user=jenkins1000 | ip=192.168.5.178 | op=SEND_HEARTBEAT {datanodeUUID=564f3e1b-dc37-4d98-9518-cc9451ddb3ca, command=[]} | ret=SUCCESS |  
2019-08-23 05:54:04,741 | INFO  | SCMAudit | user=jenkins1000 | ip=192.168.5.178 | op=SEND_HEARTBEAT {datanodeUUID=d4f36997-48a6-49b8-995b-3c38d9ac3c0f, command=[]} | ret=SUCCESS |  
2019-08-23 05:54:04,764 | INFO  | SCMAudit | user=jenkins1000 | ip=192.168.5.178 | op=SEND_HEARTBEAT {datanodeUUID=9e0d48e9-795f-4679-b1bc-974fe7951c55, command=[]} | ret=SUCCESS |  
2019-08-23 05:54:04,857 | INFO  | SCMAudit | user=jenkins1000 | ip=192.168.5.178 | op=SEND_HEARTBEAT {datanodeUUID=96a4345b-84e3-4f69-b56b-0cb9f3200145, command=[]} | ret=SUCCESS |  
2019-08-23 05:54:05,073 | INFO  | SCMAudit | user=jenkins1000 | ip=192.168.5.178 | op=SEND_HEARTBEAT {datanodeUUID=c6842691-702c-4d39-b47f-d27b1fab8f33, command=[]} | ret=SUCCESS |  
2019-08-23 05:54:05,251 | INFO  | SCMAudit | user=jenkins1000 | ip=192.168.5.178 | op=SEND_HEARTBEAT {datanodeUUID=6b30598f-e3b0-450c-bc0d-9274443a7fa0, command=[]} | ret=SUCCESS |  
2019-08-23 05:54:05,295 | INFO  | SCMAudit | user=jenkins1000 | ip=192.168.5.178 | op=SEND_HEARTBEAT {datanodeUUID=63fd8c64-0397-4420-bb2f-fd9af094cc1f, command=[]} | ret=SUCCESS |  
2019-08-23 05:54:05,741 | INFO  | SCMAudit | user=jenkins1000 | ip=192.168.5.178 | op=SEND_HEARTBEAT {datanodeUUID=d4f36997-48a6-49b8-995b-3c38d9ac3c0f, command=[]} | ret=SUCCESS |  
2019-08-23 05:54:05,741 | INFO  | SCMAudit | user=jenkins1000 | ip=192.168.5.178 | op=SEND_HEARTBEAT {datanodeUUID=564f3e1b-dc37-4d98-9518-cc9451ddb3ca, command=[]} | ret=SUCCESS |  
2019-08-23 05:54:05,765 | INFO  | SCMAudit | user=jenkins1000 | ip=192.168.5.178 | op=SEND_HEARTBEAT {datanodeUUID=9e0d48e9-795f-4679-b1bc-974fe7951c55, command=[]} | ret=SUCCESS |  
2019-08-23 05:54:05,857 | INFO  | SCMAudit | user=jenkins1000 | ip=192.168.5.178 | op=SEND_HEARTBEAT {datanodeUUID=96a4345b-84e3-4f69-b56b-0cb9f3200145, command=[]} | ret=SUCCESS |  
2019-08-23 05:54:06,073 | INFO  | SCMAudit | user=jenkins1000 | ip=192.168.5.178 | op=SEND_HEARTBEAT {datanodeUUID=c6842691-702c-4d39-b47f-d27b1fab8f33, command=[]} | ret=SUCCESS |  
2019-08-23 05:54:06,252 | INFO  | SCMAudit | user=jenkins1000 | ip=192.168.5.178 | op=SEND_HEARTBEAT {datanodeUUID=6b30598f-e3b0-450c-bc0d-9274443a7fa0, command=[]} | ret=SUCCESS |  
2019-08-23 05:54:06,294 | INFO  | SCMAudit | user=jenkins1000 | ip=192.168.5.178 | op=SEND_HEARTBEAT {datanodeUUID=63fd8c64-0397-4420-bb2f-fd9af094cc1f, command=[]} | ret=SUCCESS |  
2019-08-23 05:54:06,741 | INFO  | SCMAudit | user=jenkins1000 | ip=192.168.5.178 | op=SEND_HEARTBEAT {datanodeUUID=564f3e1b-dc37-4d98-9518-cc9451ddb3ca, command=[]} | ret=SUCCESS |  
2019-08-23 05:54:06,741 | INFO  | SCMAudit | user=jenkins1000 | ip=192.168.5.178 | op=SEND_HEARTBEAT {datanodeUUID=d4f36997-48a6-49b8-995b-3c38d9ac3c0f, command=[]} | ret=SUCCESS |  
2019-08-23 05:54:06,765 | INFO  | SCMAudit | user=jenkins1000 | ip=192.168.5.178 | op=SEND_HEARTBEAT {datanodeUUID=9e0d48e9-795f-4679-b1bc-974fe7951c55, command=[]} | ret=SUCCESS |  
2019-08-23 05:54:06,857 | INFO  | SCMAudit | user=jenkins1000 | ip=192.168.5.178 | op=SEND_HEARTBEAT {datanodeUUID=96a4345b-84e3-4f69-b56b-0cb9f3200145, command=[]} | ret=SUCCESS |  
2019-08-23 05:54:07,073 | INFO  | SCMAudit | user=jenkins1000 | ip=192.168.5.178 | op=SEND_HEARTBEAT {datanodeUUID=c6842691-702c-4d39-b47f-d27b1fab8f33, command=[]} | ret=SUCCESS |  
2019-08-23 05:54:07,252 | INFO  | SCMAudit | user=jenkins1000 | ip=192.168.5.178 | op=SEND_HEARTBEAT {datanodeUUID=6b30598f-e3b0-450c-bc0d-9274443a7fa0, command=[]} | ret=SUCCESS |  
2019-08-23 05:54:07,294 | INFO  | SCMAudit | user=jenkins1000 | ip=192.168.5.178 | op=SEND_HEARTBEAT {datanodeUUID=63fd8c64-0397-4420-bb2f-fd9af094cc1f, command=[]} | ret=SUCCESS |  
2019-08-23 05:54:07,477 [grpc-default-executor-1] INFO  client.GrpcClientProtocolClient (GrpcClientProtocolClient.java:onNext(255)) - client-DB4E080F923B->564f3e1b-dc37-4d98-9518-cc9451ddb3ca: receive RaftClientReply:client-DB4E080F923B->564f3e1b-dc37-4d98-9518-cc9451ddb3ca@group-FC65621A5432, cid=45, FAILED org.apache.ratis.protocol.NotLeaderException: Server 564f3e1b-dc37-4d98-9518-cc9451ddb3ca is not the leader (d4f36997-48a6-49b8-995b-3c38d9ac3c0f:192.168.5.178:40775). Request must be sent to leader., logIndex=0, commits[564f3e1b-dc37-4d98-9518-cc9451ddb3ca:c8, 9e0d48e9-795f-4679-b1bc-974fe7951c55:c8, d4f36997-48a6-49b8-995b-3c38d9ac3c0f:c8]
2019-08-23 05:54:07,741 | INFO  | SCMAudit | user=jenkins1000 | ip=192.168.5.178 | op=SEND_HEARTBEAT {datanodeUUID=d4f36997-48a6-49b8-995b-3c38d9ac3c0f, command=[]} | ret=SUCCESS |  
2019-08-23 05:54:07,741 | INFO  | SCMAudit | user=jenkins1000 | ip=192.168.5.178 | op=SEND_HEARTBEAT {datanodeUUID=564f3e1b-dc37-4d98-9518-cc9451ddb3ca, command=[]} | ret=SUCCESS |  
2019-08-23 05:54:07,765 | INFO  | SCMAudit | user=jenkins1000 | ip=192.168.5.178 | op=SEND_HEARTBEAT {datanodeUUID=9e0d48e9-795f-4679-b1bc-974fe7951c55, command=[]} | ret=SUCCESS |  
2019-08-23 05:54:07,857 | INFO  | SCMAudit | user=jenkins1000 | ip=192.168.5.178 | op=SEND_HEARTBEAT {datanodeUUID=96a4345b-84e3-4f69-b56b-0cb9f3200145, command=[]} | ret=SUCCESS |  
2019-08-23 05:54:08,074 | INFO  | SCMAudit | user=jenkins1000 | ip=192.168.5.178 | op=SEND_HEARTBEAT {datanodeUUID=c6842691-702c-4d39-b47f-d27b1fab8f33, command=[]} | ret=SUCCESS |  
2019-08-23 05:54:08,252 | INFO  | SCMAudit | user=jenkins1000 | ip=192.168.5.178 | op=SEND_HEARTBEAT {datanodeUUID=6b30598f-e3b0-450c-bc0d-9274443a7fa0, command=[]} | ret=SUCCESS |  
2019-08-23 05:54:08,294 | INFO  | SCMAudit | user=jenkins1000 | ip=192.168.5.178 | op=SEND_HEARTBEAT {datanodeUUID=63fd8c64-0397-4420-bb2f-fd9af094cc1f, command=[]} | ret=SUCCESS |  
2019-08-23 05:54:08,741 | INFO  | SCMAudit | user=jenkins1000 | ip=192.168.5.178 | op=SEND_HEARTBEAT {datanodeUUID=d4f36997-48a6-49b8-995b-3c38d9ac3c0f, command=[]} | ret=SUCCESS |  
2019-08-23 05:54:08,741 | INFO  | SCMAudit | user=jenkins1000 | ip=192.168.5.178 | op=SEND_HEARTBEAT {datanodeUUID=564f3e1b-dc37-4d98-9518-cc9451ddb3ca, command=[]} | ret=SUCCESS |  
2019-08-23 05:54:08,765 | INFO  | SCMAudit | user=jenkins1000 | ip=192.168.5.178 | op=SEND_HEARTBEAT {datanodeUUID=9e0d48e9-795f-4679-b1bc-974fe7951c55, command=[]} | ret=SUCCESS |  
2019-08-23 05:54:08,859 | INFO  | SCMAudit | user=jenkins1000 | ip=192.168.5.178 | op=SEND_HEARTBEAT {datanodeUUID=96a4345b-84e3-4f69-b56b-0cb9f3200145, command=[]} | ret=SUCCESS |  
2019-08-23 05:54:09,075 | INFO  | SCMAudit | user=jenkins1000 | ip=192.168.5.178 | op=SEND_HEARTBEAT {datanodeUUID=c6842691-702c-4d39-b47f-d27b1fab8f33, command=[]} | ret=SUCCESS |  
2019-08-23 05:54:09,253 | INFO  | SCMAudit | user=jenkins1000 | ip=192.168.5.178 | op=SEND_HEARTBEAT {datanodeUUID=6b30598f-e3b0-450c-bc0d-9274443a7fa0, command=[]} | ret=SUCCESS |  
2019-08-23 05:54:09,295 | INFO  | SCMAudit | user=jenkins1000 | ip=192.168.5.178 | op=SEND_HEARTBEAT {datanodeUUID=63fd8c64-0397-4420-bb2f-fd9af094cc1f, command=[]} | ret=SUCCESS |  
2019-08-23 05:54:09,741 | INFO  | SCMAudit | user=jenkins1000 | ip=192.168.5.178 | op=SEND_HEARTBEAT {datanodeUUID=d4f36997-48a6-49b8-995b-3c38d9ac3c0f, command=[]} | ret=SUCCESS |  
2019-08-23 05:54:09,741 | INFO  | SCMAudit | user=jenkins1000 | ip=192.168.5.178 | op=SEND_HEARTBEAT {datanodeUUID=564f3e1b-dc37-4d98-9518-cc9451ddb3ca, command=[]} | ret=SUCCESS |  
2019-08-23 05:54:09,765 | INFO  | SCMAudit | user=jenkins1000 | ip=192.168.5.178 | op=SEND_HEARTBEAT {datanodeUUID=9e0d48e9-795f-4679-b1bc-974fe7951c55, command=[]} | ret=SUCCESS |  
2019-08-23 05:54:09,859 | INFO  | SCMAudit | user=jenkins1000 | ip=192.168.5.178 | op=SEND_HEARTBEAT {datanodeUUID=96a4345b-84e3-4f69-b56b-0cb9f3200145, command=[]} | ret=SUCCESS |  
2019-08-23 05:54:10,075 | INFO  | SCMAudit | user=jenkins1000 | ip=192.168.5.178 | op=SEND_HEARTBEAT {datanodeUUID=c6842691-702c-4d39-b47f-d27b1fab8f33, command=[]} | ret=SUCCESS |  
2019-08-23 05:54:10,255 | INFO  | SCMAudit | user=jenkins1000 | ip=192.168.5.178 | op=SEND_HEARTBEAT {datanodeUUID=6b30598f-e3b0-450c-bc0d-9274443a7fa0, command=[]} | ret=SUCCESS |  
2019-08-23 05:54:10,296 | INFO  | SCMAudit | user=jenkins1000 | ip=192.168.5.178 | op=SEND_HEARTBEAT {datanodeUUID=63fd8c64-0397-4420-bb2f-fd9af094cc1f, command=[]} | ret=SUCCESS |  
2019-08-23 05:54:10,741 | INFO  | SCMAudit | user=jenkins1000 | ip=192.168.5.178 | op=SEND_HEARTBEAT {datanodeUUID=564f3e1b-dc37-4d98-9518-cc9451ddb3ca, command=[]} | ret=SUCCESS |  
2019-08-23 05:54:10,741 | INFO  | SCMAudit | user=jenkins1000 | ip=192.168.5.178 | op=SEND_HEARTBEAT {datanodeUUID=d4f36997-48a6-49b8-995b-3c38d9ac3c0f, command=[]} | ret=SUCCESS |  
2019-08-23 05:54:10,765 | INFO  | SCMAudit | user=jenkins1000 | ip=192.168.5.178 | op=SEND_HEARTBEAT {datanodeUUID=9e0d48e9-795f-4679-b1bc-974fe7951c55, command=[]} | ret=SUCCESS |  
2019-08-23 05:54:10,860 | INFO  | SCMAudit | user=jenkins1000 | ip=192.168.5.178 | op=SEND_HEARTBEAT {datanodeUUID=96a4345b-84e3-4f69-b56b-0cb9f3200145, command=[]} | ret=SUCCESS |  
2019-08-23 05:54:11,075 | INFO  | SCMAudit | user=jenkins1000 | ip=192.168.5.178 | op=SEND_HEARTBEAT {datanodeUUID=c6842691-702c-4d39-b47f-d27b1fab8f33, command=[]} | ret=SUCCESS |  
2019-08-23 05:54:11,255 | INFO  | SCMAudit | user=jenkins1000 | ip=192.168.5.178 | op=SEND_HEARTBEAT {datanodeUUID=6b30598f-e3b0-450c-bc0d-9274443a7fa0, command=[]} | ret=SUCCESS |  
2019-08-23 05:54:11,296 | INFO  | SCMAudit | user=jenkins1000 | ip=192.168.5.178 | op=SEND_HEARTBEAT {datanodeUUID=63fd8c64-0397-4420-bb2f-fd9af094cc1f, command=[]} | ret=SUCCESS |  
2019-08-23 05:54:11,741 | INFO  | SCMAudit | user=jenkins1000 | ip=192.168.5.178 | op=SEND_HEARTBEAT {datanodeUUID=d4f36997-48a6-49b8-995b-3c38d9ac3c0f, command=[]} | ret=SUCCESS |  
2019-08-23 05:54:11,741 | INFO  | SCMAudit | user=jenkins1000 | ip=192.168.5.178 | op=SEND_HEARTBEAT {datanodeUUID=564f3e1b-dc37-4d98-9518-cc9451ddb3ca, command=[]} | ret=SUCCESS |  
2019-08-23 05:54:11,765 | INFO  | SCMAudit | user=jenkins1000 | ip=192.168.5.178 | op=SEND_HEARTBEAT {datanodeUUID=9e0d48e9-795f-4679-b1bc-974fe7951c55, command=[]} | ret=SUCCESS |  
2019-08-23 05:54:11,859 | INFO  | SCMAudit | user=jenkins1000 | ip=192.168.5.178 | op=SEND_HEARTBEAT {datanodeUUID=96a4345b-84e3-4f69-b56b-0cb9f3200145, command=[]} | ret=SUCCESS |  
2019-08-23 05:54:12,075 | INFO  | SCMAudit | user=jenkins1000 | ip=192.168.5.178 | op=SEND_HEARTBEAT {datanodeUUID=c6842691-702c-4d39-b47f-d27b1fab8f33, command=[]} | ret=SUCCESS |  
2019-08-23 05:54:12,255 | INFO  | SCMAudit | user=jenkins1000 | ip=192.168.5.178 | op=SEND_HEARTBEAT {datanodeUUID=6b30598f-e3b0-450c-bc0d-9274443a7fa0, command=[]} | ret=SUCCESS |  
2019-08-23 05:54:12,296 | INFO  | SCMAudit | user=jenkins1000 | ip=192.168.5.178 | op=SEND_HEARTBEAT {datanodeUUID=63fd8c64-0397-4420-bb2f-fd9af094cc1f, command=[]} | ret=SUCCESS |  
2019-08-23 05:54:12,542 [grpc-default-executor-1] INFO  client.GrpcClientProtocolClient (GrpcClientProtocolClient.java:onNext(255)) - client-DB4E080F923B->564f3e1b-dc37-4d98-9518-cc9451ddb3ca: receive RaftClientReply:client-DB4E080F923B->564f3e1b-dc37-4d98-9518-cc9451ddb3ca@group-FC65621A5432, cid=45, FAILED org.apache.ratis.protocol.NotLeaderException: Server 564f3e1b-dc37-4d98-9518-cc9451ddb3ca is not the leader (d4f36997-48a6-49b8-995b-3c38d9ac3c0f:192.168.5.178:40775). Request must be sent to leader., logIndex=0, commits[564f3e1b-dc37-4d98-9518-cc9451ddb3ca:c8, 9e0d48e9-795f-4679-b1bc-974fe7951c55:c8, d4f36997-48a6-49b8-995b-3c38d9ac3c0f:c8]
2019-08-23 05:54:12,741 | INFO  | SCMAudit | user=jenkins1000 | ip=192.168.5.178 | op=SEND_HEARTBEAT {datanodeUUID=d4f36997-48a6-49b8-995b-3c38d9ac3c0f, command=[]} | ret=SUCCESS |  
2019-08-23 05:54:12,741 | INFO  | SCMAudit | user=jenkins1000 | ip=192.168.5.178 | op=SEND_HEARTBEAT {datanodeUUID=564f3e1b-dc37-4d98-9518-cc9451ddb3ca, command=[]} | ret=SUCCESS |  
2019-08-23 05:54:12,765 | INFO  | SCMAudit | user=jenkins1000 | ip=192.168.5.178 | op=SEND_HEARTBEAT {datanodeUUID=9e0d48e9-795f-4679-b1bc-974fe7951c55, command=[]} | ret=SUCCESS |  
2019-08-23 05:54:12,859 | INFO  | SCMAudit | user=jenkins1000 | ip=192.168.5.178 | op=SEND_HEARTBEAT {datanodeUUID=96a4345b-84e3-4f69-b56b-0cb9f3200145, command=[]} | ret=SUCCESS |  
2019-08-23 05:54:13,075 | INFO  | SCMAudit | user=jenkins1000 | ip=192.168.5.178 | op=SEND_HEARTBEAT {datanodeUUID=c6842691-702c-4d39-b47f-d27b1fab8f33, command=[]} | ret=SUCCESS |  
2019-08-23 05:54:13,255 | INFO  | SCMAudit | user=jenkins1000 | ip=192.168.5.178 | op=SEND_HEARTBEAT {datanodeUUID=6b30598f-e3b0-450c-bc0d-9274443a7fa0, command=[]} | ret=SUCCESS |  
2019-08-23 05:54:13,296 | INFO  | SCMAudit | user=jenkins1000 | ip=192.168.5.178 | op=SEND_HEARTBEAT {datanodeUUID=63fd8c64-0397-4420-bb2f-fd9af094cc1f, command=[]} | ret=SUCCESS |  
2019-08-23 05:54:13,741 | INFO  | SCMAudit | user=jenkins1000 | ip=192.168.5.178 | op=SEND_HEARTBEAT {datanodeUUID=564f3e1b-dc37-4d98-9518-cc9451ddb3ca, command=[]} | ret=SUCCESS |  
2019-08-23 05:54:13,741 | INFO  | SCMAudit | user=jenkins1000 | ip=192.168.5.178 | op=SEND_HEARTBEAT {datanodeUUID=d4f36997-48a6-49b8-995b-3c38d9ac3c0f, command=[]} | ret=SUCCESS |  
2019-08-23 05:54:13,765 | INFO  | SCMAudit | user=jenkins1000 | ip=192.168.5.178 | op=SEND_HEARTBEAT {datanodeUUID=9e0d48e9-795f-4679-b1bc-974fe7951c55, command=[]} | ret=SUCCESS |  
2019-08-23 05:54:13,859 | INFO  | SCMAudit | user=jenkins1000 | ip=192.168.5.178 | op=SEND_HEARTBEAT {datanodeUUID=96a4345b-84e3-4f69-b56b-0cb9f3200145, command=[]} | ret=SUCCESS |  
2019-08-23 05:54:14,075 | INFO  | SCMAudit | user=jenkins1000 | ip=192.168.5.178 | op=SEND_HEARTBEAT {datanodeUUID=c6842691-702c-4d39-b47f-d27b1fab8f33, command=[]} | ret=SUCCESS |  
2019-08-23 05:54:14,255 | INFO  | SCMAudit | user=jenkins1000 | ip=192.168.5.178 | op=SEND_HEARTBEAT {datanodeUUID=6b30598f-e3b0-450c-bc0d-9274443a7fa0, command=[]} | ret=SUCCESS |  
2019-08-23 05:54:14,297 | INFO  | SCMAudit | user=jenkins1000 | ip=192.168.5.178 | op=SEND_HEARTBEAT {datanodeUUID=63fd8c64-0397-4420-bb2f-fd9af094cc1f, command=[]} | ret=SUCCESS |  
2019-08-23 05:54:14,741 | INFO  | SCMAudit | user=jenkins1000 | ip=192.168.5.178 | op=SEND_HEARTBEAT {datanodeUUID=d4f36997-48a6-49b8-995b-3c38d9ac3c0f, command=[]} | ret=SUCCESS |  
2019-08-23 05:54:14,741 | INFO  | SCMAudit | user=jenkins1000 | ip=192.168.5.178 | op=SEND_HEARTBEAT {datanodeUUID=564f3e1b-dc37-4d98-9518-cc9451ddb3ca, command=[]} | ret=SUCCESS |  
2019-08-23 05:54:14,765 | INFO  | SCMAudit | user=jenkins1000 | ip=192.168.5.178 | op=SEND_HEARTBEAT {datanodeUUID=9e0d48e9-795f-4679-b1bc-974fe7951c55, command=[]} | ret=SUCCESS |  
2019-08-23 05:54:14,860 | INFO  | SCMAudit | user=jenkins1000 | ip=192.168.5.178 | op=SEND_HEARTBEAT {datanodeUUID=96a4345b-84e3-4f69-b56b-0cb9f3200145, command=[]} | ret=SUCCESS |  
2019-08-23 05:54:15,075 | INFO  | SCMAudit | user=jenkins1000 | ip=192.168.5.178 | op=SEND_HEARTBEAT {datanodeUUID=c6842691-702c-4d39-b47f-d27b1fab8f33, command=[]} | ret=SUCCESS |  
2019-08-23 05:54:15,255 | INFO  | SCMAudit | user=jenkins1000 | ip=192.168.5.178 | op=SEND_HEARTBEAT {datanodeUUID=6b30598f-e3b0-450c-bc0d-9274443a7fa0, command=[]} | ret=SUCCESS |  
2019-08-23 05:54:15,297 | INFO  | SCMAudit | user=jenkins1000 | ip=192.168.5.178 | op=SEND_HEARTBEAT {datanodeUUID=63fd8c64-0397-4420-bb2f-fd9af094cc1f, command=[]} | ret=SUCCESS |  
2019-08-23 05:54:15,741 | INFO  | SCMAudit | user=jenkins1000 | ip=192.168.5.178 | op=SEND_HEARTBEAT {datanodeUUID=d4f36997-48a6-49b8-995b-3c38d9ac3c0f, command=[]} | ret=SUCCESS |  
2019-08-23 05:54:15,741 | INFO  | SCMAudit | user=jenkins1000 | ip=192.168.5.178 | op=SEND_HEARTBEAT {datanodeUUID=564f3e1b-dc37-4d98-9518-cc9451ddb3ca, command=[]} | ret=SUCCESS |  
2019-08-23 05:54:15,765 | INFO  | SCMAudit | user=jenkins1000 | ip=192.168.5.178 | op=SEND_HEARTBEAT {datanodeUUID=9e0d48e9-795f-4679-b1bc-974fe7951c55, command=[]} | ret=SUCCESS |  
2019-08-23 05:54:15,860 | INFO  | SCMAudit | user=jenkins1000 | ip=192.168.5.178 | op=SEND_HEARTBEAT {datanodeUUID=96a4345b-84e3-4f69-b56b-0cb9f3200145, command=[]} | ret=SUCCESS |  
2019-08-23 05:54:16,076 | INFO  | SCMAudit | user=jenkins1000 | ip=192.168.5.178 | op=SEND_HEARTBEAT {datanodeUUID=c6842691-702c-4d39-b47f-d27b1fab8f33, command=[]} | ret=SUCCESS |  
2019-08-23 05:54:16,255 | INFO  | SCMAudit | user=jenkins1000 | ip=192.168.5.178 | op=SEND_HEARTBEAT {datanodeUUID=6b30598f-e3b0-450c-bc0d-9274443a7fa0, command=[]} | ret=SUCCESS |  
2019-08-23 05:54:16,297 | INFO  | SCMAudit | user=jenkins1000 | ip=192.168.5.178 | op=SEND_HEARTBEAT {datanodeUUID=63fd8c64-0397-4420-bb2f-fd9af094cc1f, command=[]} | ret=SUCCESS |  
2019-08-23 05:54:16,741 | INFO  | SCMAudit | user=jenkins1000 | ip=192.168.5.178 | op=SEND_HEARTBEAT {datanodeUUID=564f3e1b-dc37-4d98-9518-cc9451ddb3ca, command=[]} | ret=SUCCESS |  
2019-08-23 05:54:16,741 | INFO  | SCMAudit | user=jenkins1000 | ip=192.168.5.178 | op=SEND_HEARTBEAT {datanodeUUID=d4f36997-48a6-49b8-995b-3c38d9ac3c0f, command=[]} | ret=SUCCESS |  
2019-08-23 05:54:16,765 | INFO  | SCMAudit | user=jenkins1000 | ip=192.168.5.178 | op=SEND_HEARTBEAT {datanodeUUID=9e0d48e9-795f-4679-b1bc-974fe7951c55, command=[]} | ret=SUCCESS |  
2019-08-23 05:54:16,860 | INFO  | SCMAudit | user=jenkins1000 | ip=192.168.5.178 | op=SEND_HEARTBEAT {datanodeUUID=96a4345b-84e3-4f69-b56b-0cb9f3200145, command=[]} | ret=SUCCESS |  
2019-08-23 05:54:17,075 | INFO  | SCMAudit | user=jenkins1000 | ip=192.168.5.178 | op=SEND_HEARTBEAT {datanodeUUID=c6842691-702c-4d39-b47f-d27b1fab8f33, command=[]} | ret=SUCCESS |  
2019-08-23 05:54:17,256 | INFO  | SCMAudit | user=jenkins1000 | ip=192.168.5.178 | op=SEND_HEARTBEAT {datanodeUUID=6b30598f-e3b0-450c-bc0d-9274443a7fa0, command=[]} | ret=SUCCESS |  
2019-08-23 05:54:17,297 | INFO  | SCMAudit | user=jenkins1000 | ip=192.168.5.178 | op=SEND_HEARTBEAT {datanodeUUID=63fd8c64-0397-4420-bb2f-fd9af094cc1f, command=[]} | ret=SUCCESS |  
2019-08-23 05:54:17,587 [grpc-default-executor-5] INFO  client.GrpcClientProtocolClient (GrpcClientProtocolClient.java:onNext(255)) - client-DB4E080F923B->9e0d48e9-795f-4679-b1bc-974fe7951c55: receive RaftClientReply:client-DB4E080F923B->9e0d48e9-795f-4679-b1bc-974fe7951c55@group-FC65621A5432, cid=45, FAILED org.apache.ratis.protocol.NotLeaderException: Server 9e0d48e9-795f-4679-b1bc-974fe7951c55 is not the leader (d4f36997-48a6-49b8-995b-3c38d9ac3c0f:192.168.5.178:40775). Request must be sent to leader., logIndex=0, commits[9e0d48e9-795f-4679-b1bc-974fe7951c55:c8, 564f3e1b-dc37-4d98-9518-cc9451ddb3ca:c8, d4f36997-48a6-49b8-995b-3c38d9ac3c0f:c8]
2019-08-23 05:54:17,741 | INFO  | SCMAudit | user=jenkins1000 | ip=192.168.5.178 | op=SEND_HEARTBEAT {datanodeUUID=d4f36997-48a6-49b8-995b-3c38d9ac3c0f, command=[]} | ret=SUCCESS |  
2019-08-23 05:54:17,741 | INFO  | SCMAudit | user=jenkins1000 | ip=192.168.5.178 | op=SEND_HEARTBEAT {datanodeUUID=564f3e1b-dc37-4d98-9518-cc9451ddb3ca, command=[]} | ret=SUCCESS |  
2019-08-23 05:54:17,765 | INFO  | SCMAudit | user=jenkins1000 | ip=192.168.5.178 | op=SEND_HEARTBEAT {datanodeUUID=9e0d48e9-795f-4679-b1bc-974fe7951c55, command=[]} | ret=SUCCESS |  
2019-08-23 05:54:17,860 | INFO  | SCMAudit | user=jenkins1000 | ip=192.168.5.178 | op=SEND_HEARTBEAT {datanodeUUID=96a4345b-84e3-4f69-b56b-0cb9f3200145, command=[]} | ret=SUCCESS |  
2019-08-23 05:54:18,075 | INFO  | SCMAudit | user=jenkins1000 | ip=192.168.5.178 | op=SEND_HEARTBEAT {datanodeUUID=c6842691-702c-4d39-b47f-d27b1fab8f33, command=[]} | ret=SUCCESS |  
2019-08-23 05:54:18,256 | INFO  | SCMAudit | user=jenkins1000 | ip=192.168.5.178 | op=SEND_HEARTBEAT {datanodeUUID=6b30598f-e3b0-450c-bc0d-9274443a7fa0, command=[]} | ret=SUCCESS |  
2019-08-23 05:54:18,297 | INFO  | SCMAudit | user=jenkins1000 | ip=192.168.5.178 | op=SEND_HEARTBEAT {datanodeUUID=63fd8c64-0397-4420-bb2f-fd9af094cc1f, command=[]} | ret=SUCCESS |  
2019-08-23 05:54:18,741 | INFO  | SCMAudit | user=jenkins1000 | ip=192.168.5.178 | op=SEND_HEARTBEAT {datanodeUUID=564f3e1b-dc37-4d98-9518-cc9451ddb3ca, command=[]} | ret=SUCCESS |  
2019-08-23 05:54:18,741 | INFO  | SCMAudit | user=jenkins1000 | ip=192.168.5.178 | op=SEND_HEARTBEAT {datanodeUUID=d4f36997-48a6-49b8-995b-3c38d9ac3c0f, command=[]} | ret=SUCCESS |  
2019-08-23 05:54:18,765 | INFO  | SCMAudit | user=jenkins1000 | ip=192.168.5.178 | op=SEND_HEARTBEAT {datanodeUUID=9e0d48e9-795f-4679-b1bc-974fe7951c55, command=[]} | ret=SUCCESS |  
2019-08-23 05:54:18,862 | INFO  | SCMAudit | user=jenkins1000 | ip=192.168.5.178 | op=SEND_HEARTBEAT {datanodeUUID=96a4345b-84e3-4f69-b56b-0cb9f3200145, command=[]} | ret=SUCCESS |  
2019-08-23 05:54:19,075 | INFO  | SCMAudit | user=jenkins1000 | ip=192.168.5.178 | op=SEND_HEARTBEAT {datanodeUUID=c6842691-702c-4d39-b47f-d27b1fab8f33, command=[]} | ret=SUCCESS |  
2019-08-23 05:54:19,256 | INFO  | SCMAudit | user=jenkins1000 | ip=192.168.5.178 | op=SEND_HEARTBEAT {datanodeUUID=6b30598f-e3b0-450c-bc0d-9274443a7fa0, command=[]} | ret=SUCCESS |  
2019-08-23 05:54:19,297 | INFO  | SCMAudit | user=jenkins1000 | ip=192.168.5.178 | op=SEND_HEARTBEAT {datanodeUUID=63fd8c64-0397-4420-bb2f-fd9af094cc1f, command=[]} | ret=SUCCESS |  
2019-08-23 05:54:19,741 | INFO  | SCMAudit | user=jenkins1000 | ip=192.168.5.178 | op=SEND_HEARTBEAT {datanodeUUID=564f3e1b-dc37-4d98-9518-cc9451ddb3ca, command=[]} | ret=SUCCESS |  
2019-08-23 05:54:19,741 | INFO  | SCMAudit | user=jenkins1000 | ip=192.168.5.178 | op=SEND_HEARTBEAT {datanodeUUID=d4f36997-48a6-49b8-995b-3c38d9ac3c0f, command=[]} | ret=SUCCESS |  
2019-08-23 05:54:19,765 | INFO  | SCMAudit | user=jenkins1000 | ip=192.168.5.178 | op=SEND_HEARTBEAT {datanodeUUID=9e0d48e9-795f-4679-b1bc-974fe7951c55, command=[]} | ret=SUCCESS |  
2019-08-23 05:54:19,862 | INFO  | SCMAudit | user=jenkins1000 | ip=192.168.5.178 | op=SEND_HEARTBEAT {datanodeUUID=96a4345b-84e3-4f69-b56b-0cb9f3200145, command=[]} | ret=SUCCESS |  
2019-08-23 05:54:20,077 | INFO  | SCMAudit | user=jenkins1000 | ip=192.168.5.178 | op=SEND_HEARTBEAT {datanodeUUID=c6842691-702c-4d39-b47f-d27b1fab8f33, command=[]} | ret=SUCCESS |  
2019-08-23 05:54:20,257 | INFO  | SCMAudit | user=jenkins1000 | ip=192.168.5.178 | op=SEND_HEARTBEAT {datanodeUUID=6b30598f-e3b0-450c-bc0d-9274443a7fa0, command=[]} | ret=SUCCESS |  
2019-08-23 05:54:20,297 | INFO  | SCMAudit | user=jenkins1000 | ip=192.168.5.178 | op=SEND_HEARTBEAT {datanodeUUID=63fd8c64-0397-4420-bb2f-fd9af094cc1f, command=[]} | ret=SUCCESS |  
2019-08-23 05:54:20,742 | INFO  | SCMAudit | user=jenkins1000 | ip=192.168.5.178 | op=SEND_HEARTBEAT {datanodeUUID=564f3e1b-dc37-4d98-9518-cc9451ddb3ca, command=[]} | ret=SUCCESS |  
2019-08-23 05:54:20,742 | INFO  | SCMAudit | user=jenkins1000 | ip=192.168.5.178 | op=SEND_HEARTBEAT {datanodeUUID=d4f36997-48a6-49b8-995b-3c38d9ac3c0f, command=[]} | ret=SUCCESS |  
2019-08-23 05:54:20,766 | INFO  | SCMAudit | user=jenkins1000 | ip=192.168.5.178 | op=SEND_HEARTBEAT {datanodeUUID=9e0d48e9-795f-4679-b1bc-974fe7951c55, command=[]} | ret=SUCCESS |  
2019-08-23 05:54:20,863 | INFO  | SCMAudit | user=jenkins1000 | ip=192.168.5.178 | op=SEND_HEARTBEAT {datanodeUUID=96a4345b-84e3-4f69-b56b-0cb9f3200145, command=[]} | ret=SUCCESS |  
2019-08-23 05:54:21,075 | INFO  | SCMAudit | user=jenkins1000 | ip=192.168.5.178 | op=SEND_HEARTBEAT {datanodeUUID=c6842691-702c-4d39-b47f-d27b1fab8f33, command=[]} | ret=SUCCESS |  
2019-08-23 05:54:21,256 | INFO  | SCMAudit | user=jenkins1000 | ip=192.168.5.178 | op=SEND_HEARTBEAT {datanodeUUID=6b30598f-e3b0-450c-bc0d-9274443a7fa0, command=[]} | ret=SUCCESS |  
2019-08-23 05:54:21,297 | INFO  | SCMAudit | user=jenkins1000 | ip=192.168.5.178 | op=SEND_HEARTBEAT {datanodeUUID=63fd8c64-0397-4420-bb2f-fd9af094cc1f, command=[]} | ret=SUCCESS |  
2019-08-23 05:54:21,741 | INFO  | SCMAudit | user=jenkins1000 | ip=192.168.5.178 | op=SEND_HEARTBEAT {datanodeUUID=d4f36997-48a6-49b8-995b-3c38d9ac3c0f, command=[]} | ret=SUCCESS |  
2019-08-23 05:54:21,741 | INFO  | SCMAudit | user=jenkins1000 | ip=192.168.5.178 | op=SEND_HEARTBEAT {datanodeUUID=564f3e1b-dc37-4d98-9518-cc9451ddb3ca, command=[]} | ret=SUCCESS |  
2019-08-23 05:54:21,765 | INFO  | SCMAudit | user=jenkins1000 | ip=192.168.5.178 | op=SEND_HEARTBEAT {datanodeUUID=9e0d48e9-795f-4679-b1bc-974fe7951c55, command=[]} | ret=SUCCESS |  
2019-08-23 05:54:21,862 | INFO  | SCMAudit | user=jenkins1000 | ip=192.168.5.178 | op=SEND_HEARTBEAT {datanodeUUID=96a4345b-84e3-4f69-b56b-0cb9f3200145, command=[]} | ret=SUCCESS |  
2019-08-23 05:54:22,075 | INFO  | SCMAudit | user=jenkins1000 | ip=192.168.5.178 | op=SEND_HEARTBEAT {datanodeUUID=c6842691-702c-4d39-b47f-d27b1fab8f33, command=[]} | ret=SUCCESS |  
2019-08-23 05:54:22,256 | INFO  | SCMAudit | user=jenkins1000 | ip=192.168.5.178 | op=SEND_HEARTBEAT {datanodeUUID=6b30598f-e3b0-450c-bc0d-9274443a7fa0, command=[]} | ret=SUCCESS |  
2019-08-23 05:54:22,298 | INFO  | SCMAudit | user=jenkins1000 | ip=192.168.5.178 | op=SEND_HEARTBEAT {datanodeUUID=63fd8c64-0397-4420-bb2f-fd9af094cc1f, command=[]} | ret=SUCCESS |  
2019-08-23 05:54:22,648 [grpc-default-executor-5] INFO  client.GrpcClientProtocolClient (GrpcClientProtocolClient.java:onNext(255)) - client-DB4E080F923B->9e0d48e9-795f-4679-b1bc-974fe7951c55: receive RaftClientReply:client-DB4E080F923B->9e0d48e9-795f-4679-b1bc-974fe7951c55@group-FC65621A5432, cid=45, FAILED org.apache.ratis.protocol.NotLeaderException: Server 9e0d48e9-795f-4679-b1bc-974fe7951c55 is not the leader (d4f36997-48a6-49b8-995b-3c38d9ac3c0f:192.168.5.178:40775). Request must be sent to leader., logIndex=0, commits[9e0d48e9-795f-4679-b1bc-974fe7951c55:c8, 564f3e1b-dc37-4d98-9518-cc9451ddb3ca:c8, d4f36997-48a6-49b8-995b-3c38d9ac3c0f:c8]
2019-08-23 05:54:22,742 | INFO  | SCMAudit | user=jenkins1000 | ip=192.168.5.178 | op=SEND_HEARTBEAT {datanodeUUID=d4f36997-48a6-49b8-995b-3c38d9ac3c0f, command=[]} | ret=SUCCESS |  
2019-08-23 05:54:22,742 | INFO  | SCMAudit | user=jenkins1000 | ip=192.168.5.178 | op=SEND_HEARTBEAT {datanodeUUID=564f3e1b-dc37-4d98-9518-cc9451ddb3ca, command=[]} | ret=SUCCESS |  
2019-08-23 05:54:22,765 | INFO  | SCMAudit | user=jenkins1000 | ip=192.168.5.178 | op=SEND_HEARTBEAT {datanodeUUID=9e0d48e9-795f-4679-b1bc-974fe7951c55, command=[]} | ret=SUCCESS |  
2019-08-23 05:54:22,862 | INFO  | SCMAudit | user=jenkins1000 | ip=192.168.5.178 | op=SEND_HEARTBEAT {datanodeUUID=96a4345b-84e3-4f69-b56b-0cb9f3200145, command=[]} | ret=SUCCESS |  
2019-08-23 05:54:23,075 | INFO  | SCMAudit | user=jenkins1000 | ip=192.168.5.178 | op=SEND_HEARTBEAT {datanodeUUID=c6842691-702c-4d39-b47f-d27b1fab8f33, command=[]} | ret=SUCCESS |  
2019-08-23 05:54:23,256 | INFO  | SCMAudit | user=jenkins1000 | ip=192.168.5.178 | op=SEND_HEARTBEAT {datanodeUUID=6b30598f-e3b0-450c-bc0d-9274443a7fa0, command=[]} | ret=SUCCESS |  
2019-08-23 05:54:23,298 | INFO  | SCMAudit | user=jenkins1000 | ip=192.168.5.178 | op=SEND_HEARTBEAT {datanodeUUID=63fd8c64-0397-4420-bb2f-fd9af094cc1f, command=[]} | ret=SUCCESS |  
2019-08-23 05:54:23,742 | INFO  | SCMAudit | user=jenkins1000 | ip=192.168.5.178 | op=SEND_HEARTBEAT {datanodeUUID=d4f36997-48a6-49b8-995b-3c38d9ac3c0f, command=[]} | ret=SUCCESS |  
2019-08-23 05:54:23,742 | INFO  | SCMAudit | user=jenkins1000 | ip=192.168.5.178 | op=SEND_HEARTBEAT {datanodeUUID=564f3e1b-dc37-4d98-9518-cc9451ddb3ca, command=[]} | ret=SUCCESS |  
2019-08-23 05:54:23,765 | INFO  | SCMAudit | user=jenkins1000 | ip=192.168.5.178 | op=SEND_HEARTBEAT {datanodeUUID=9e0d48e9-795f-4679-b1bc-974fe7951c55, command=[]} | ret=SUCCESS |  
2019-08-23 05:54:23,862 | INFO  | SCMAudit | user=jenkins1000 | ip=192.168.5.178 | op=SEND_HEARTBEAT {datanodeUUID=96a4345b-84e3-4f69-b56b-0cb9f3200145, command=[]} | ret=SUCCESS |  
2019-08-23 05:54:24,075 | INFO  | SCMAudit | user=jenkins1000 | ip=192.168.5.178 | op=SEND_HEARTBEAT {datanodeUUID=c6842691-702c-4d39-b47f-d27b1fab8f33, command=[]} | ret=SUCCESS |  
2019-08-23 05:54:24,256 | INFO  | SCMAudit | user=jenkins1000 | ip=192.168.5.178 | op=SEND_HEARTBEAT {datanodeUUID=6b30598f-e3b0-450c-bc0d-9274443a7fa0, command=[]} | ret=SUCCESS |  
2019-08-23 05:54:24,298 | INFO  | SCMAudit | user=jenkins1000 | ip=192.168.5.178 | op=SEND_HEARTBEAT {datanodeUUID=63fd8c64-0397-4420-bb2f-fd9af094cc1f, command=[]} | ret=SUCCESS |  
2019-08-23 05:54:24,742 | INFO  | SCMAudit | user=jenkins1000 | ip=192.168.5.178 | op=SEND_HEARTBEAT {datanodeUUID=564f3e1b-dc37-4d98-9518-cc9451ddb3ca, command=[]} | ret=SUCCESS |  
2019-08-23 05:54:24,743 | INFO  | SCMAudit | user=jenkins1000 | ip=192.168.5.178 | op=SEND_HEARTBEAT {datanodeUUID=d4f36997-48a6-49b8-995b-3c38d9ac3c0f, command=[]} | ret=SUCCESS |  
2019-08-23 05:54:24,764 | INFO  | SCMAudit | user=jenkins1000 | ip=192.168.5.178 | op=SEND_HEARTBEAT {datanodeUUID=9e0d48e9-795f-4679-b1bc-974fe7951c55, command=[]} | ret=SUCCESS |  
2019-08-23 05:54:24,862 | INFO  | SCMAudit | user=jenkins1000 | ip=192.168.5.178 | op=SEND_HEARTBEAT {datanodeUUID=96a4345b-84e3-4f69-b56b-0cb9f3200145, command=[]} | ret=SUCCESS |  
2019-08-23 05:54:25,075 | INFO  | SCMAudit | user=jenkins1000 | ip=192.168.5.178 | op=SEND_HEARTBEAT {datanodeUUID=c6842691-702c-4d39-b47f-d27b1fab8f33, command=[]} | ret=SUCCESS |  
2019-08-23 05:54:25,256 | INFO  | SCMAudit | user=jenkins1000 | ip=192.168.5.178 | op=SEND_HEARTBEAT {datanodeUUID=6b30598f-e3b0-450c-bc0d-9274443a7fa0, command=[]} | ret=SUCCESS |  
2019-08-23 05:54:25,298 | INFO  | SCMAudit | user=jenkins1000 | ip=192.168.5.178 | op=SEND_HEARTBEAT {datanodeUUID=63fd8c64-0397-4420-bb2f-fd9af094cc1f, command=[]} | ret=SUCCESS |  
2019-08-23 05:54:25,742 | INFO  | SCMAudit | user=jenkins1000 | ip=192.168.5.178 | op=SEND_HEARTBEAT {datanodeUUID=564f3e1b-dc37-4d98-9518-cc9451ddb3ca, command=[]} | ret=SUCCESS |  
2019-08-23 05:54:25,742 | INFO  | SCMAudit | user=jenkins1000 | ip=192.168.5.178 | op=SEND_HEARTBEAT {datanodeUUID=d4f36997-48a6-49b8-995b-3c38d9ac3c0f, command=[]} | ret=SUCCESS |  
2019-08-23 05:54:25,765 | INFO  | SCMAudit | user=jenkins1000 | ip=192.168.5.178 | op=SEND_HEARTBEAT {datanodeUUID=9e0d48e9-795f-4679-b1bc-974fe7951c55, command=[]} | ret=SUCCESS |  
2019-08-23 05:54:25,862 | INFO  | SCMAudit | user=jenkins1000 | ip=192.168.5.178 | op=SEND_HEARTBEAT {datanodeUUID=96a4345b-84e3-4f69-b56b-0cb9f3200145, command=[]} | ret=SUCCESS |  
2019-08-23 05:54:26,075 | INFO  | SCMAudit | user=jenkins1000 | ip=192.168.5.178 | op=SEND_HEARTBEAT {datanodeUUID=c6842691-702c-4d39-b47f-d27b1fab8f33, command=[]} | ret=SUCCESS |  
2019-08-23 05:54:26,256 | INFO  | SCMAudit | user=jenkins1000 | ip=192.168.5.178 | op=SEND_HEARTBEAT {datanodeUUID=6b30598f-e3b0-450c-bc0d-9274443a7fa0, command=[]} | ret=SUCCESS |  
2019-08-23 05:54:26,298 | INFO  | SCMAudit | user=jenkins1000 | ip=192.168.5.178 | op=SEND_HEARTBEAT {datanodeUUID=63fd8c64-0397-4420-bb2f-fd9af094cc1f, command=[]} | ret=SUCCESS |  
2019-08-23 05:54:26,743 | INFO  | SCMAudit | user=jenkins1000 | ip=192.168.5.178 | op=SEND_HEARTBEAT {datanodeUUID=d4f36997-48a6-49b8-995b-3c38d9ac3c0f, command=[]} | ret=SUCCESS |  
2019-08-23 05:54:26,743 | INFO  | SCMAudit | user=jenkins1000 | ip=192.168.5.178 | op=SEND_HEARTBEAT {datanodeUUID=564f3e1b-dc37-4d98-9518-cc9451ddb3ca, command=[]} | ret=SUCCESS |  
2019-08-23 05:54:26,765 | INFO  | SCMAudit | user=jenkins1000 | ip=192.168.5.178 | op=SEND_HEARTBEAT {datanodeUUID=9e0d48e9-795f-4679-b1bc-974fe7951c55, command=[]} | ret=SUCCESS |  
2019-08-23 05:54:26,862 | INFO  | SCMAudit | user=jenkins1000 | ip=192.168.5.178 | op=SEND_HEARTBEAT {datanodeUUID=96a4345b-84e3-4f69-b56b-0cb9f3200145, command=[]} | ret=SUCCESS |  
2019-08-23 05:54:27,076 | INFO  | SCMAudit | user=jenkins1000 | ip=192.168.5.178 | op=SEND_HEARTBEAT {datanodeUUID=c6842691-702c-4d39-b47f-d27b1fab8f33, command=[]} | ret=SUCCESS |  
2019-08-23 05:54:27,256 | INFO  | SCMAudit | user=jenkins1000 | ip=192.168.5.178 | op=SEND_HEARTBEAT {datanodeUUID=6b30598f-e3b0-450c-bc0d-9274443a7fa0, command=[]} | ret=SUCCESS |  
2019-08-23 05:54:27,298 | INFO  | SCMAudit | user=jenkins1000 | ip=192.168.5.178 | op=SEND_HEARTBEAT {datanodeUUID=63fd8c64-0397-4420-bb2f-fd9af094cc1f, command=[]} | ret=SUCCESS |  
2019-08-23 05:54:27,707 [grpc-default-executor-1] INFO  client.GrpcClientProtocolClient (GrpcClientProtocolClient.java:onNext(255)) - client-DB4E080F923B->9e0d48e9-795f-4679-b1bc-974fe7951c55: receive RaftClientReply:client-DB4E080F923B->9e0d48e9-795f-4679-b1bc-974fe7951c55@group-FC65621A5432, cid=45, FAILED org.apache.ratis.protocol.NotLeaderException: Server 9e0d48e9-795f-4679-b1bc-974fe7951c55 is not the leader (d4f36997-48a6-49b8-995b-3c38d9ac3c0f:192.168.5.178:40775). Request must be sent to leader., logIndex=0, commits[9e0d48e9-795f-4679-b1bc-974fe7951c55:c8, 564f3e1b-dc37-4d98-9518-cc9451ddb3ca:c8, d4f36997-48a6-49b8-995b-3c38d9ac3c0f:c8]
2019-08-23 05:54:27,743 | INFO  | SCMAudit | user=jenkins1000 | ip=192.168.5.178 | op=SEND_HEARTBEAT {datanodeUUID=d4f36997-48a6-49b8-995b-3c38d9ac3c0f, command=[]} | ret=SUCCESS |  
2019-08-23 05:54:27,743 | INFO  | SCMAudit | user=jenkins1000 | ip=192.168.5.178 | op=SEND_HEARTBEAT {datanodeUUID=564f3e1b-dc37-4d98-9518-cc9451ddb3ca, command=[]} | ret=SUCCESS |  
2019-08-23 05:54:27,765 | INFO  | SCMAudit | user=jenkins1000 | ip=192.168.5.178 | op=SEND_HEARTBEAT {datanodeUUID=9e0d48e9-795f-4679-b1bc-974fe7951c55, command=[]} | ret=SUCCESS |  
2019-08-23 05:54:27,862 | INFO  | SCMAudit | user=jenkins1000 | ip=192.168.5.178 | op=SEND_HEARTBEAT {datanodeUUID=96a4345b-84e3-4f69-b56b-0cb9f3200145, command=[]} | ret=SUCCESS |  
2019-08-23 05:54:28,076 | INFO  | SCMAudit | user=jenkins1000 | ip=192.168.5.178 | op=SEND_HEARTBEAT {datanodeUUID=c6842691-702c-4d39-b47f-d27b1fab8f33, command=[]} | ret=SUCCESS |  
2019-08-23 05:54:28,256 | INFO  | SCMAudit | user=jenkins1000 | ip=192.168.5.178 | op=SEND_HEARTBEAT {datanodeUUID=6b30598f-e3b0-450c-bc0d-9274443a7fa0, command=[]} | ret=SUCCESS |  
2019-08-23 05:54:28,298 | INFO  | SCMAudit | user=jenkins1000 | ip=192.168.5.178 | op=SEND_HEARTBEAT {datanodeUUID=63fd8c64-0397-4420-bb2f-fd9af094cc1f, command=[]} | ret=SUCCESS |  
2019-08-23 05:54:28,743 | INFO  | SCMAudit | user=jenkins1000 | ip=192.168.5.178 | op=SEND_HEARTBEAT {datanodeUUID=d4f36997-48a6-49b8-995b-3c38d9ac3c0f, command=[]} | ret=SUCCESS |  
2019-08-23 05:54:28,743 | INFO  | SCMAudit | user=jenkins1000 | ip=192.168.5.178 | op=SEND_HEARTBEAT {datanodeUUID=564f3e1b-dc37-4d98-9518-cc9451ddb3ca, command=[]} | ret=SUCCESS |  
2019-08-23 05:54:28,766 | INFO  | SCMAudit | user=jenkins1000 | ip=192.168.5.178 | op=SEND_HEARTBEAT {datanodeUUID=9e0d48e9-795f-4679-b1bc-974fe7951c55, command=[]} | ret=SUCCESS |  
2019-08-23 05:54:28,863 | INFO  | SCMAudit | user=jenkins1000 | ip=192.168.5.178 | op=SEND_HEARTBEAT {datanodeUUID=96a4345b-84e3-4f69-b56b-0cb9f3200145, command=[]} | ret=SUCCESS |  
2019-08-23 05:54:29,077 | INFO  | SCMAudit | user=jenkins1000 | ip=192.168.5.178 | op=SEND_HEARTBEAT {datanodeUUID=c6842691-702c-4d39-b47f-d27b1fab8f33, command=[]} | ret=SUCCESS |  
2019-08-23 05:54:29,256 | INFO  | SCMAudit | user=jenkins1000 | ip=192.168.5.178 | op=SEND_HEARTBEAT {datanodeUUID=6b30598f-e3b0-450c-bc0d-9274443a7fa0, command=[]} | ret=SUCCESS |  
2019-08-23 05:54:29,298 | INFO  | SCMAudit | user=jenkins1000 | ip=192.168.5.178 | op=SEND_HEARTBEAT {datanodeUUID=63fd8c64-0397-4420-bb2f-fd9af094cc1f, command=[]} | ret=SUCCESS |  
2019-08-23 05:54:29,744 | INFO  | SCMAudit | user=jenkins1000 | ip=192.168.5.178 | op=SEND_HEARTBEAT {datanodeUUID=564f3e1b-dc37-4d98-9518-cc9451ddb3ca, command=[]} | ret=SUCCESS |  
2019-08-23 05:54:29,744 | INFO  | SCMAudit | user=jenkins1000 | ip=192.168.5.178 | op=SEND_HEARTBEAT {datanodeUUID=d4f36997-48a6-49b8-995b-3c38d9ac3c0f, command=[]} | ret=SUCCESS |  
2019-08-23 05:54:29,766 | INFO  | SCMAudit | user=jenkins1000 | ip=192.168.5.178 | op=SEND_HEARTBEAT {datanodeUUID=9e0d48e9-795f-4679-b1bc-974fe7951c55, command=[]} | ret=SUCCESS |  
2019-08-23 05:54:29,863 | INFO  | SCMAudit | user=jenkins1000 | ip=192.168.5.178 | op=SEND_HEARTBEAT {datanodeUUID=96a4345b-84e3-4f69-b56b-0cb9f3200145, command=[]} | ret=SUCCESS |  
2019-08-23 05:54:30,076 | INFO  | SCMAudit | user=jenkins1000 | ip=192.168.5.178 | op=SEND_HEARTBEAT {datanodeUUID=c6842691-702c-4d39-b47f-d27b1fab8f33, command=[]} | ret=SUCCESS |  
2019-08-23 05:54:30,257 | INFO  | SCMAudit | user=jenkins1000 | ip=192.168.5.178 | op=SEND_HEARTBEAT {datanodeUUID=6b30598f-e3b0-450c-bc0d-9274443a7fa0, command=[]} | ret=SUCCESS |  
2019-08-23 05:54:30,298 | INFO  | SCMAudit | user=jenkins1000 | ip=192.168.5.178 | op=SEND_HEARTBEAT {datanodeUUID=63fd8c64-0397-4420-bb2f-fd9af094cc1f, command=[]} | ret=SUCCESS |  
2019-08-23 05:54:30,744 | INFO  | SCMAudit | user=jenkins1000 | ip=192.168.5.178 | op=SEND_HEARTBEAT {datanodeUUID=564f3e1b-dc37-4d98-9518-cc9451ddb3ca, command=[]} | ret=SUCCESS |  
2019-08-23 05:54:30,744 | INFO  | SCMAudit | user=jenkins1000 | ip=192.168.5.178 | op=SEND_HEARTBEAT {datanodeUUID=d4f36997-48a6-49b8-995b-3c38d9ac3c0f, command=[]} | ret=SUCCESS |  
2019-08-23 05:54:30,766 | INFO  | SCMAudit | user=jenkins1000 | ip=192.168.5.178 | op=SEND_HEARTBEAT {datanodeUUID=9e0d48e9-795f-4679-b1bc-974fe7951c55, command=[]} | ret=SUCCESS |  
2019-08-23 05:54:30,839 [ReplicationMonitor] INFO  container.ReplicationManager (ReplicationManager.java:run(215)) - Replication Monitor Thread took 1 milliseconds for processing 3 containers.
2019-08-23 05:54:30,864 | INFO  | SCMAudit | user=jenkins1000 | ip=192.168.5.178 | op=SEND_HEARTBEAT {datanodeUUID=96a4345b-84e3-4f69-b56b-0cb9f3200145, command=[]} | ret=SUCCESS |  
2019-08-23 05:54:31,077 | INFO  | SCMAudit | user=jenkins1000 | ip=192.168.5.178 | op=SEND_HEARTBEAT {datanodeUUID=c6842691-702c-4d39-b47f-d27b1fab8f33, command=[]} | ret=SUCCESS |  
2019-08-23 05:54:31,257 | INFO  | SCMAudit | user=jenkins1000 | ip=192.168.5.178 | op=SEND_HEARTBEAT {datanodeUUID=6b30598f-e3b0-450c-bc0d-9274443a7fa0, command=[]} | ret=SUCCESS |  
2019-08-23 05:54:31,298 | INFO  | SCMAudit | user=jenkins1000 | ip=192.168.5.178 | op=SEND_HEARTBEAT {datanodeUUID=63fd8c64-0397-4420-bb2f-fd9af094cc1f, command=[]} | ret=SUCCESS |  
2019-08-23 05:54:31,744 | INFO  | SCMAudit | user=jenkins1000 | ip=192.168.5.178 | op=SEND_HEARTBEAT {datanodeUUID=d4f36997-48a6-49b8-995b-3c38d9ac3c0f, command=[]} | ret=SUCCESS |  
2019-08-23 05:54:31,744 | INFO  | SCMAudit | user=jenkins1000 | ip=192.168.5.178 | op=SEND_HEARTBEAT {datanodeUUID=564f3e1b-dc37-4d98-9518-cc9451ddb3ca, command=[]} | ret=SUCCESS |  
2019-08-23 05:54:31,766 | INFO  | SCMAudit | user=jenkins1000 | ip=192.168.5.178 | op=SEND_HEARTBEAT {datanodeUUID=9e0d48e9-795f-4679-b1bc-974fe7951c55, command=[]} | ret=SUCCESS |  
2019-08-23 05:54:31,864 | INFO  | SCMAudit | user=jenkins1000 | ip=192.168.5.178 | op=SEND_HEARTBEAT {datanodeUUID=96a4345b-84e3-4f69-b56b-0cb9f3200145, command=[]} | ret=SUCCESS |  
2019-08-23 05:54:32,076 | INFO  | SCMAudit | user=jenkins1000 | ip=192.168.5.178 | op=SEND_HEARTBEAT {datanodeUUID=c6842691-702c-4d39-b47f-d27b1fab8f33, command=[]} | ret=SUCCESS |  
2019-08-23 05:54:32,257 | INFO  | SCMAudit | user=jenkins1000 | ip=192.168.5.178 | op=SEND_HEARTBEAT {datanodeUUID=6b30598f-e3b0-450c-bc0d-9274443a7fa0, command=[]} | ret=SUCCESS |  
2019-08-23 05:54:32,298 | INFO  | SCMAudit | user=jenkins1000 | ip=192.168.5.178 | op=SEND_HEARTBEAT {datanodeUUID=63fd8c64-0397-4420-bb2f-fd9af094cc1f, command=[]} | ret=SUCCESS |  
2019-08-23 05:54:32,745 | INFO  | SCMAudit | user=jenkins1000 | ip=192.168.5.178 | op=SEND_HEARTBEAT {datanodeUUID=d4f36997-48a6-49b8-995b-3c38d9ac3c0f, command=[]} | ret=SUCCESS |  
2019-08-23 05:54:32,745 | INFO  | SCMAudit | user=jenkins1000 | ip=192.168.5.178 | op=SEND_HEARTBEAT {datanodeUUID=564f3e1b-dc37-4d98-9518-cc9451ddb3ca, command=[]} | ret=SUCCESS |  
2019-08-23 05:54:32,753 [grpc-default-executor-1] INFO  client.GrpcClientProtocolClient (GrpcClientProtocolClient.java:onNext(255)) - client-DB4E080F923B->9e0d48e9-795f-4679-b1bc-974fe7951c55: receive RaftClientReply:client-DB4E080F923B->9e0d48e9-795f-4679-b1bc-974fe7951c55@group-FC65621A5432, cid=45, FAILED org.apache.ratis.protocol.NotLeaderException: Server 9e0d48e9-795f-4679-b1bc-974fe7951c55 is not the leader (d4f36997-48a6-49b8-995b-3c38d9ac3c0f:192.168.5.178:40775). Request must be sent to leader., logIndex=0, commits[9e0d48e9-795f-4679-b1bc-974fe7951c55:c8, 564f3e1b-dc37-4d98-9518-cc9451ddb3ca:c8, d4f36997-48a6-49b8-995b-3c38d9ac3c0f:c8]
2019-08-23 05:54:32,766 | INFO  | SCMAudit | user=jenkins1000 | ip=192.168.5.178 | op=SEND_HEARTBEAT {datanodeUUID=9e0d48e9-795f-4679-b1bc-974fe7951c55, command=[]} | ret=SUCCESS |  
2019-08-23 05:54:32,865 | INFO  | SCMAudit | user=jenkins1000 | ip=192.168.5.178 | op=SEND_HEARTBEAT {datanodeUUID=96a4345b-84e3-4f69-b56b-0cb9f3200145, command=[]} | ret=SUCCESS |  
2019-08-23 05:54:33,076 | INFO  | SCMAudit | user=jenkins1000 | ip=192.168.5.178 | op=SEND_HEARTBEAT {datanodeUUID=c6842691-702c-4d39-b47f-d27b1fab8f33, command=[]} | ret=SUCCESS |  
2019-08-23 05:54:33,258 | INFO  | SCMAudit | user=jenkins1000 | ip=192.168.5.178 | op=SEND_HEARTBEAT {datanodeUUID=6b30598f-e3b0-450c-bc0d-9274443a7fa0, command=[]} | ret=SUCCESS |  
2019-08-23 05:54:33,298 | INFO  | SCMAudit | user=jenkins1000 | ip=192.168.5.178 | op=SEND_HEARTBEAT {datanodeUUID=63fd8c64-0397-4420-bb2f-fd9af094cc1f, command=[]} | ret=SUCCESS |  
2019-08-23 05:54:33,745 | INFO  | SCMAudit | user=jenkins1000 | ip=192.168.5.178 | op=SEND_HEARTBEAT {datanodeUUID=d4f36997-48a6-49b8-995b-3c38d9ac3c0f, command=[]} | ret=SUCCESS |  
2019-08-23 05:54:33,745 | INFO  | SCMAudit | user=jenkins1000 | ip=192.168.5.178 | op=SEND_HEARTBEAT {datanodeUUID=564f3e1b-dc37-4d98-9518-cc9451ddb3ca, command=[]} | ret=SUCCESS |  
2019-08-23 05:54:33,769 | INFO  | SCMAudit | user=jenkins1000 | ip=192.168.5.178 | op=SEND_HEARTBEAT {datanodeUUID=9e0d48e9-795f-4679-b1bc-974fe7951c55, command=[]} | ret=SUCCESS |  
2019-08-23 05:54:33,864 | INFO  | SCMAudit | user=jenkins1000 | ip=192.168.5.178 | op=SEND_HEARTBEAT {datanodeUUID=96a4345b-84e3-4f69-b56b-0cb9f3200145, command=[]} | ret=SUCCESS |  
2019-08-23 05:54:34,077 | INFO  | SCMAudit | user=jenkins1000 | ip=192.168.5.178 | op=SEND_HEARTBEAT {datanodeUUID=c6842691-702c-4d39-b47f-d27b1fab8f33, command=[]} | ret=SUCCESS |  
2019-08-23 05:54:34,258 | INFO  | SCMAudit | user=jenkins1000 | ip=192.168.5.178 | op=SEND_HEARTBEAT {datanodeUUID=6b30598f-e3b0-450c-bc0d-9274443a7fa0, command=[]} | ret=SUCCESS |  
2019-08-23 05:54:34,299 | INFO  | SCMAudit | user=jenkins1000 | ip=192.168.5.178 | op=SEND_HEARTBEAT {datanodeUUID=63fd8c64-0397-4420-bb2f-fd9af094cc1f, command=[]} | ret=SUCCESS |  
2019-08-23 05:54:34,746 | INFO  | SCMAudit | user=jenkins1000 | ip=192.168.5.178 | op=SEND_HEARTBEAT {datanodeUUID=564f3e1b-dc37-4d98-9518-cc9451ddb3ca, command=[]} | ret=SUCCESS |  
2019-08-23 05:54:34,746 | INFO  | SCMAudit | user=jenkins1000 | ip=192.168.5.178 | op=SEND_HEARTBEAT {datanodeUUID=d4f36997-48a6-49b8-995b-3c38d9ac3c0f, command=[]} | ret=SUCCESS |  
2019-08-23 05:54:34,769 | INFO  | SCMAudit | user=jenkins1000 | ip=192.168.5.178 | op=SEND_HEARTBEAT {datanodeUUID=9e0d48e9-795f-4679-b1bc-974fe7951c55, command=[]} | ret=SUCCESS |  
2019-08-23 05:54:34,865 | INFO  | SCMAudit | user=jenkins1000 | ip=192.168.5.178 | op=SEND_HEARTBEAT {datanodeUUID=96a4345b-84e3-4f69-b56b-0cb9f3200145, command=[]} | ret=SUCCESS |  
2019-08-23 05:54:35,077 | INFO  | SCMAudit | user=jenkins1000 | ip=192.168.5.178 | op=SEND_HEARTBEAT {datanodeUUID=c6842691-702c-4d39-b47f-d27b1fab8f33, command=[]} | ret=SUCCESS |  
2019-08-23 05:54:35,258 | INFO  | SCMAudit | user=jenkins1000 | ip=192.168.5.178 | op=SEND_HEARTBEAT {datanodeUUID=6b30598f-e3b0-450c-bc0d-9274443a7fa0, command=[]} | ret=SUCCESS |  
2019-08-23 05:54:35,299 | INFO  | SCMAudit | user=jenkins1000 | ip=192.168.5.178 | op=SEND_HEARTBEAT {datanodeUUID=63fd8c64-0397-4420-bb2f-fd9af094cc1f, command=[]} | ret=SUCCESS |  
2019-08-23 05:54:35,747 | INFO  | SCMAudit | user=jenkins1000 | ip=192.168.5.178 | op=SEND_HEARTBEAT {datanodeUUID=564f3e1b-dc37-4d98-9518-cc9451ddb3ca, command=[]} | ret=SUCCESS |  
2019-08-23 05:54:35,747 | INFO  | SCMAudit | user=jenkins1000 | ip=192.168.5.178 | op=SEND_HEARTBEAT {datanodeUUID=d4f36997-48a6-49b8-995b-3c38d9ac3c0f, command=[]} | ret=SUCCESS |  
2019-08-23 05:54:35,769 | INFO  | SCMAudit | user=jenkins1000 | ip=192.168.5.178 | op=SEND_HEARTBEAT {datanodeUUID=9e0d48e9-795f-4679-b1bc-974fe7951c55, command=[]} | ret=SUCCESS |  
2019-08-23 05:54:35,864 | INFO  | SCMAudit | user=jenkins1000 | ip=192.168.5.178 | op=SEND_HEARTBEAT {datanodeUUID=96a4345b-84e3-4f69-b56b-0cb9f3200145, command=[]} | ret=SUCCESS |  
2019-08-23 05:54:36,077 | INFO  | SCMAudit | user=jenkins1000 | ip=192.168.5.178 | op=SEND_HEARTBEAT {datanodeUUID=c6842691-702c-4d39-b47f-d27b1fab8f33, command=[]} | ret=SUCCESS |  
2019-08-23 05:54:36,259 | INFO  | SCMAudit | user=jenkins1000 | ip=192.168.5.178 | op=SEND_HEARTBEAT {datanodeUUID=6b30598f-e3b0-450c-bc0d-9274443a7fa0, command=[]} | ret=SUCCESS |  
2019-08-23 05:54:36,299 | INFO  | SCMAudit | user=jenkins1000 | ip=192.168.5.178 | op=SEND_HEARTBEAT {datanodeUUID=63fd8c64-0397-4420-bb2f-fd9af094cc1f, command=[]} | ret=SUCCESS |  
2019-08-23 05:54:36,746 | INFO  | SCMAudit | user=jenkins1000 | ip=192.168.5.178 | op=SEND_HEARTBEAT {datanodeUUID=d4f36997-48a6-49b8-995b-3c38d9ac3c0f, command=[]} | ret=SUCCESS |  
2019-08-23 05:54:36,746 | INFO  | SCMAudit | user=jenkins1000 | ip=192.168.5.178 | op=SEND_HEARTBEAT {datanodeUUID=564f3e1b-dc37-4d98-9518-cc9451ddb3ca, command=[]} | ret=SUCCESS |  
2019-08-23 05:54:36,774 | INFO  | SCMAudit | user=jenkins1000 | ip=192.168.5.178 | op=SEND_HEARTBEAT {datanodeUUID=9e0d48e9-795f-4679-b1bc-974fe7951c55, command=[]} | ret=SUCCESS |  
2019-08-23 05:54:36,864 | INFO  | SCMAudit | user=jenkins1000 | ip=192.168.5.178 | op=SEND_HEARTBEAT {datanodeUUID=96a4345b-84e3-4f69-b56b-0cb9f3200145, command=[]} | ret=SUCCESS |  
2019-08-23 05:54:37,077 | INFO  | SCMAudit | user=jenkins1000 | ip=192.168.5.178 | op=SEND_HEARTBEAT {datanodeUUID=c6842691-702c-4d39-b47f-d27b1fab8f33, command=[]} | ret=SUCCESS |  
2019-08-23 05:54:37,259 | INFO  | SCMAudit | user=jenkins1000 | ip=192.168.5.178 | op=SEND_HEARTBEAT {datanodeUUID=6b30598f-e3b0-450c-bc0d-9274443a7fa0, command=[]} | ret=SUCCESS |  
2019-08-23 05:54:37,299 | INFO  | SCMAudit | user=jenkins1000 | ip=192.168.5.178 | op=SEND_HEARTBEAT {datanodeUUID=63fd8c64-0397-4420-bb2f-fd9af094cc1f, command=[]} | ret=SUCCESS |  
2019-08-23 05:54:37,746 | INFO  | SCMAudit | user=jenkins1000 | ip=192.168.5.178 | op=SEND_HEARTBEAT {datanodeUUID=d4f36997-48a6-49b8-995b-3c38d9ac3c0f, command=[]} | ret=SUCCESS |  
2019-08-23 05:54:37,746 | INFO  | SCMAudit | user=jenkins1000 | ip=192.168.5.178 | op=SEND_HEARTBEAT {datanodeUUID=564f3e1b-dc37-4d98-9518-cc9451ddb3ca, command=[]} | ret=SUCCESS |  
2019-08-23 05:54:37,771 | INFO  | SCMAudit | user=jenkins1000 | ip=192.168.5.178 | op=SEND_HEARTBEAT {datanodeUUID=9e0d48e9-795f-4679-b1bc-974fe7951c55, command=[]} | ret=SUCCESS |  
2019-08-23 05:54:37,804 [grpc-default-executor-7] INFO  client.GrpcClientProtocolClient (GrpcClientProtocolClient.java:onNext(255)) - client-DB4E080F923B->9e0d48e9-795f-4679-b1bc-974fe7951c55: receive RaftClientReply:client-DB4E080F923B->9e0d48e9-795f-4679-b1bc-974fe7951c55@group-FC65621A5432, cid=45, FAILED org.apache.ratis.protocol.NotLeaderException: Server 9e0d48e9-795f-4679-b1bc-974fe7951c55 is not the leader (d4f36997-48a6-49b8-995b-3c38d9ac3c0f:192.168.5.178:40775). Request must be sent to leader., logIndex=0, commits[9e0d48e9-795f-4679-b1bc-974fe7951c55:c8, 564f3e1b-dc37-4d98-9518-cc9451ddb3ca:c8, d4f36997-48a6-49b8-995b-3c38d9ac3c0f:c8]
2019-08-23 05:54:37,812 [main] INFO  ozone.MiniOzoneClusterImpl (MiniOzoneClusterImpl.java:shutdown(321)) - Shutting down the Mini Ozone Cluster
2019-08-23 05:54:37,813 | INFO  | SCMAudit | user=null | ip=null | op=GET_SCM_INFO null | ret=SUCCESS |  
2019-08-23 05:54:37,813 [main] INFO  ozone.MiniOzoneClusterImpl (MiniOzoneClusterImpl.java:stop(336)) - Stopping the Mini Ozone Cluster
2019-08-23 05:54:37,813 [main] INFO  ozone.MiniOzoneClusterImpl (MiniOzoneClusterImpl.java:stop(338)) - Stopping the OzoneManager
2019-08-23 05:54:37,813 [main] INFO  ipc.Server (Server.java:stop(3082)) - Stopping server on 37018
2019-08-23 05:54:37,826 [IPC Server listener on 37018] INFO  ipc.Server (Server.java:run(1185)) - Stopping IPC Server listener on 37018
2019-08-23 05:54:37,827 [main] INFO  ratis.OzoneManagerDoubleBuffer (OzoneManagerDoubleBuffer.java:stop(248)) - Stopping OMDoubleBuffer flush thread
2019-08-23 05:54:37,831 [IPC Server Responder] INFO  ipc.Server (Server.java:run(1319)) - Stopping IPC Server Responder
2019-08-23 05:54:37,840 [OMDoubleBufferFlushThread] INFO  ratis.OzoneManagerDoubleBuffer (OzoneManagerDoubleBuffer.java:flushTransactions(191)) - OMDoubleBuffer flush thread OMDoubleBufferFlushThread is interrupted and will exit. OMDoubleBufferFlushThread
2019-08-23 05:54:37,857 [main] INFO  utils.BackgroundService (BackgroundService.java:shutdown(148)) - Shutting down service KeyDeletingService
2019-08-23 05:54:37,859 [main] INFO  handler.ContextHandler (ContextHandler.java:doStop(910)) - Stopped o.e.j.w.WebAppContext@2d4f67e{/,null,UNAVAILABLE}{/ozoneManager}
2019-08-23 05:54:37,860 [main] INFO  server.AbstractConnector (AbstractConnector.java:doStop(318)) - Stopped ServerConnector@1282f784{HTTP/1.1,[http/1.1]}{0.0.0.0:0}
2019-08-23 05:54:37,860 [main] INFO  handler.ContextHandler (ContextHandler.java:doStop(910)) - Stopped o.e.j.s.ServletContextHandler@42576db9{/static,file:///workdir/hadoop-ozone/integration-test/target/test-classes/webapps/static,UNAVAILABLE}
2019-08-23 05:54:37,860 [main] INFO  handler.ContextHandler (ContextHandler.java:doStop(910)) - Stopped o.e.j.s.ServletContextHandler@2bfc8558{/logs,file:///workdir/hadoop-ozone/integration-test/target/log,UNAVAILABLE}
2019-08-23 05:54:37,864 [main] INFO  ozone.MiniOzoneClusterImpl (MiniOzoneClusterImpl.java:stop(344)) - Shutting the HddsDatanodes
2019-08-23 05:54:37,864 | INFO  | SCMAudit | user=jenkins1000 | ip=192.168.5.178 | op=SEND_HEARTBEAT {datanodeUUID=96a4345b-84e3-4f69-b56b-0cb9f3200145, command=[]} | ret=SUCCESS |  
2019-08-23 05:54:37,864 [main] INFO  datanode.ObjectStoreHandler (ObjectStoreHandler.java:close(155)) - Closing ObjectStoreHandler.
2019-08-23 05:54:37,864 [ForkJoinPool.commonPool-worker-0] INFO  datanode.ObjectStoreHandler (ObjectStoreHandler.java:close(155)) - Closing ObjectStoreHandler.
2019-08-23 05:54:37,866 [main] INFO  ozone.HddsDatanodeService (HddsDatanodeService.java:stop(451)) - Stopped plug-in org.apache.hadoop.ozone.web.OzoneHddsDatanodeService@3275a47f
2019-08-23 05:54:37,866 [ForkJoinPool.commonPool-worker-0] INFO  ozone.HddsDatanodeService (HddsDatanodeService.java:stop(451)) - Stopped plug-in org.apache.hadoop.ozone.web.OzoneHddsDatanodeService@669c2b07
2019-08-23 05:54:38,077 [Datanode State Machine Thread - 0] INFO  statemachine.DatanodeStateMachine (DatanodeStateMachine.java:lambda$startDaemon$0(350)) - Ozone container server started.
2019-08-23 05:54:38,259 | INFO  | SCMAudit | user=jenkins1000 | ip=192.168.5.178 | op=SEND_HEARTBEAT {datanodeUUID=6b30598f-e3b0-450c-bc0d-9274443a7fa0, command=[]} | ret=SUCCESS |  
2019-08-23 05:54:38,300 | INFO  | SCMAudit | user=jenkins1000 | ip=192.168.5.178 | op=SEND_HEARTBEAT {datanodeUUID=63fd8c64-0397-4420-bb2f-fd9af094cc1f, command=[]} | ret=SUCCESS |  
2019-08-23 05:54:38,745 [Datanode State Machine Thread - 0] INFO  statemachine.DatanodeStateMachine (DatanodeStateMachine.java:lambda$startDaemon$0(350)) - Ozone container server started.
2019-08-23 05:54:38,746 | INFO  | SCMAudit | user=jenkins1000 | ip=192.168.5.178 | op=SEND_HEARTBEAT {datanodeUUID=d4f36997-48a6-49b8-995b-3c38d9ac3c0f, command=[]} | ret=SUCCESS |  
2019-08-23 05:54:38,771 | INFO  | SCMAudit | user=jenkins1000 | ip=192.168.5.178 | op=SEND_HEARTBEAT {datanodeUUID=9e0d48e9-795f-4679-b1bc-974fe7951c55, command=[]} | ret=SUCCESS |  
2019-08-23 05:54:38,864 | INFO  | SCMAudit | user=jenkins1000 | ip=192.168.5.178 | op=SEND_HEARTBEAT {datanodeUUID=96a4345b-84e3-4f69-b56b-0cb9f3200145, command=[]} | ret=SUCCESS |  
2019-08-23 05:54:39,259 | INFO  | SCMAudit | user=jenkins1000 | ip=192.168.5.178 | op=SEND_HEARTBEAT {datanodeUUID=6b30598f-e3b0-450c-bc0d-9274443a7fa0, command=[]} | ret=SUCCESS |  
2019-08-23 05:54:39,300 | INFO  | SCMAudit | user=jenkins1000 | ip=192.168.5.178 | op=SEND_HEARTBEAT {datanodeUUID=63fd8c64-0397-4420-bb2f-fd9af094cc1f, command=[]} | ret=SUCCESS |  
2019-08-23 05:54:39,746 | INFO  | SCMAudit | user=jenkins1000 | ip=192.168.5.178 | op=SEND_HEARTBEAT {datanodeUUID=d4f36997-48a6-49b8-995b-3c38d9ac3c0f, command=[]} | ret=SUCCESS |  
2019-08-23 05:54:39,771 | INFO  | SCMAudit | user=jenkins1000 | ip=192.168.5.178 | op=SEND_HEARTBEAT {datanodeUUID=9e0d48e9-795f-4679-b1bc-974fe7951c55, command=[]} | ret=SUCCESS |  
2019-08-23 05:54:39,864 | INFO  | SCMAudit | user=jenkins1000 | ip=192.168.5.178 | op=SEND_HEARTBEAT {datanodeUUID=96a4345b-84e3-4f69-b56b-0cb9f3200145, command=[]} | ret=SUCCESS |  
2019-08-23 05:54:40,259 | INFO  | SCMAudit | user=jenkins1000 | ip=192.168.5.178 | op=SEND_HEARTBEAT {datanodeUUID=6b30598f-e3b0-450c-bc0d-9274443a7fa0, command=[]} | ret=SUCCESS |  
2019-08-23 05:54:40,300 | INFO  | SCMAudit | user=jenkins1000 | ip=192.168.5.178 | op=SEND_HEARTBEAT {datanodeUUID=63fd8c64-0397-4420-bb2f-fd9af094cc1f, command=[]} | ret=SUCCESS |  
2019-08-23 05:54:40,746 | INFO  | SCMAudit | user=jenkins1000 | ip=192.168.5.178 | op=SEND_HEARTBEAT {datanodeUUID=d4f36997-48a6-49b8-995b-3c38d9ac3c0f, command=[]} | ret=SUCCESS |  
2019-08-23 05:54:40,771 | INFO  | SCMAudit | user=jenkins1000 | ip=192.168.5.178 | op=SEND_HEARTBEAT {datanodeUUID=9e0d48e9-795f-4679-b1bc-974fe7951c55, command=[]} | ret=SUCCESS |  
2019-08-23 05:54:40,864 | INFO  | SCMAudit | user=jenkins1000 | ip=192.168.5.178 | op=SEND_HEARTBEAT {datanodeUUID=96a4345b-84e3-4f69-b56b-0cb9f3200145, command=[]} | ret=SUCCESS |  
2019-08-23 05:54:41,259 | INFO  | SCMAudit | user=jenkins1000 | ip=192.168.5.178 | op=SEND_HEARTBEAT {datanodeUUID=6b30598f-e3b0-450c-bc0d-9274443a7fa0, command=[]} | ret=SUCCESS |  
2019-08-23 05:54:41,300 | INFO  | SCMAudit | user=jenkins1000 | ip=192.168.5.178 | op=SEND_HEARTBEAT {datanodeUUID=63fd8c64-0397-4420-bb2f-fd9af094cc1f, command=[]} | ret=SUCCESS |  
2019-08-23 05:54:41,746 | INFO  | SCMAudit | user=jenkins1000 | ip=192.168.5.178 | op=SEND_HEARTBEAT {datanodeUUID=d4f36997-48a6-49b8-995b-3c38d9ac3c0f, command=[]} | ret=SUCCESS |  
2019-08-23 05:54:41,771 | INFO  | SCMAudit | user=jenkins1000 | ip=192.168.5.178 | op=SEND_HEARTBEAT {datanodeUUID=9e0d48e9-795f-4679-b1bc-974fe7951c55, command=[]} | ret=SUCCESS |  
2019-08-23 05:54:41,864 | INFO  | SCMAudit | user=jenkins1000 | ip=192.168.5.178 | op=SEND_HEARTBEAT {datanodeUUID=96a4345b-84e3-4f69-b56b-0cb9f3200145, command=[]} | ret=SUCCESS |  
2019-08-23 05:54:42,259 | INFO  | SCMAudit | user=jenkins1000 | ip=192.168.5.178 | op=SEND_HEARTBEAT {datanodeUUID=6b30598f-e3b0-450c-bc0d-9274443a7fa0, command=[]} | ret=SUCCESS |  
2019-08-23 05:54:42,300 | INFO  | SCMAudit | user=jenkins1000 | ip=192.168.5.178 | op=SEND_HEARTBEAT {datanodeUUID=63fd8c64-0397-4420-bb2f-fd9af094cc1f, command=[]} | ret=SUCCESS |  
2019-08-23 05:54:42,746 | INFO  | SCMAudit | user=jenkins1000 | ip=192.168.5.178 | op=SEND_HEARTBEAT {datanodeUUID=d4f36997-48a6-49b8-995b-3c38d9ac3c0f, command=[]} | ret=SUCCESS |  
2019-08-23 05:54:42,770 | INFO  | SCMAudit | user=jenkins1000 | ip=192.168.5.178 | op=SEND_HEARTBEAT {datanodeUUID=9e0d48e9-795f-4679-b1bc-974fe7951c55, command=[]} | ret=SUCCESS |  
2019-08-23 05:54:42,864 | INFO  | SCMAudit | user=jenkins1000 | ip=192.168.5.178 | op=SEND_HEARTBEAT {datanodeUUID=96a4345b-84e3-4f69-b56b-0cb9f3200145, command=[]} | ret=SUCCESS |  
2019-08-23 05:54:42,867 [ForkJoinPool.commonPool-worker-0] INFO  ozoneimpl.OzoneContainer (OzoneContainer.java:stop(199)) - Attempting to stop container services.
2019-08-23 05:54:42,868 [ForkJoinPool.commonPool-worker-0] INFO  impl.RaftServerProxy (RaftServerProxy.java:lambda$close$4(314)) - c6842691-702c-4d39-b47f-d27b1fab8f33: close
2019-08-23 05:54:42,868 [ForkJoinPool.commonPool-worker-0] INFO  impl.RaftServerImpl (RaftServerImpl.java:lambda$shutdown$3(245)) - c6842691-702c-4d39-b47f-d27b1fab8f33: shutdown group-8041FF03EB6E
2019-08-23 05:54:42,868 [main] INFO  ozoneimpl.OzoneContainer (OzoneContainer.java:stop(199)) - Attempting to stop container services.
2019-08-23 05:54:42,869 [ForkJoinPool.commonPool-worker-0] INFO  util.JmxRegister (JmxRegister.java:unregister(73)) - Successfully un-registered JMX Bean with object name Ratis:service=RaftServer,group=group-8041FF03EB6E,id=c6842691-702c-4d39-b47f-d27b1fab8f33
2019-08-23 05:54:42,869 [main] INFO  impl.RaftServerProxy (RaftServerProxy.java:lambda$close$4(314)) - 564f3e1b-dc37-4d98-9518-cc9451ddb3ca: close
2019-08-23 05:54:42,869 [ForkJoinPool.commonPool-worker-0] INFO  impl.RoleInfo (RoleInfo.java:shutdownLeaderState(104)) - c6842691-702c-4d39-b47f-d27b1fab8f33: shutdown LeaderState
2019-08-23 05:54:42,869 [main] INFO  impl.RaftServerImpl (RaftServerImpl.java:lambda$shutdown$3(245)) - 564f3e1b-dc37-4d98-9518-cc9451ddb3ca: shutdown group-FC65621A5432
2019-08-23 05:54:42,870 [ForkJoinPool.commonPool-worker-0] INFO  impl.PendingRequests (PendingRequests.java:sendNotLeaderResponses(202)) - c6842691-702c-4d39-b47f-d27b1fab8f33-PendingRequests: sendNotLeaderResponses
2019-08-23 05:54:42,870 [main] INFO  util.JmxRegister (JmxRegister.java:unregister(73)) - Successfully un-registered JMX Bean with object name Ratis:service=RaftServer,group=group-FC65621A5432,id=564f3e1b-dc37-4d98-9518-cc9451ddb3ca
2019-08-23 05:54:42,870 [ForkJoinPool.commonPool-worker-0] INFO  impl.StateMachineUpdater (StateMachineUpdater.java:stopAndJoin(115)) - StateMachineUpdater:c6842691-702c-4d39-b47f-d27b1fab8f33:group-8041FF03EB6E: set stopIndex = 0
2019-08-23 05:54:42,871 [main] INFO  impl.RoleInfo (RoleInfo.java:shutdownFollowerState(121)) - 564f3e1b-dc37-4d98-9518-cc9451ddb3ca: shutdown FollowerState
2019-08-23 05:54:42,873 [ForkJoinPool.commonPool-worker-0] INFO  impl.RaftServerImpl (ServerState.java:close(394)) - c6842691-702c-4d39-b47f-d27b1fab8f33:group-8041FF03EB6E closes. The last applied log index is 0
2019-08-23 05:54:42,874 [StateMachineUpdater:564f3e1b-dc37-4d98-9518-cc9451ddb3ca:group-FC65621A5432] INFO  ratis.ContainerStateMachine (ContainerStateMachine.java:takeSnapshot(283)) - group-FC65621A5432: Taking a snapshot at:(t:1, i:5) file /workdir/hadoop-ozone/integration-test/target/test-dir/MiniOzoneClusterImpl-4e018812-8580-4f5b-9c00-decd40181699/datanode-4/data/ratis/52f4033d-c7e3-4531-b297-fc65621a5432/sm/snapshot.1_5
2019-08-23 05:54:42,874 [Thread-754] INFO  impl.FollowerState (FollowerState.java:run(114)) - 564f3e1b-dc37-4d98-9518-cc9451ddb3ca: FollowerState was interrupted: java.lang.InterruptedException: sleep interrupted
2019-08-23 05:54:42,874 [main] INFO  impl.StateMachineUpdater (StateMachineUpdater.java:stopAndJoin(115)) - StateMachineUpdater:564f3e1b-dc37-4d98-9518-cc9451ddb3ca:group-FC65621A5432: set stopIndex = 8
2019-08-23 05:54:42,874 [c6842691-702c-4d39-b47f-d27b1fab8f33-SegmentedRaftLogWorker:Storage Directory /workdir/hadoop-ozone/integration-test/target/test-dir/MiniOzoneClusterImpl-4e018812-8580-4f5b-9c00-decd40181699/datanode-1/data/ratis/5efcbd4f-0612-43a9-86ce-8041ff03eb6e] INFO  segmented.SegmentedRaftLogWorker (SegmentedRaftLogWorker.java:run(313)) - c6842691-702c-4d39-b47f-d27b1fab8f33-SegmentedRaftLogWorker:Storage Directory /workdir/hadoop-ozone/integration-test/target/test-dir/MiniOzoneClusterImpl-4e018812-8580-4f5b-9c00-decd40181699/datanode-1/data/ratis/5efcbd4f-0612-43a9-86ce-8041ff03eb6e was interrupted, exiting. There are 0 tasks remaining in the queue.
2019-08-23 05:54:42,880 [ForkJoinPool.commonPool-worker-0] INFO  segmented.SegmentedRaftLogWorker (SegmentedRaftLogWorker.java:close(228)) - c6842691-702c-4d39-b47f-d27b1fab8f33-SegmentedRaftLogWorker:Storage Directory /workdir/hadoop-ozone/integration-test/target/test-dir/MiniOzoneClusterImpl-4e018812-8580-4f5b-9c00-decd40181699/datanode-1/data/ratis/5efcbd4f-0612-43a9-86ce-8041ff03eb6e close()
2019-08-23 05:54:42,883 [ForkJoinPool.commonPool-worker-0] INFO  impl.RaftServerImpl (RaftServerImpl.java:lambda$shutdown$3(245)) - c6842691-702c-4d39-b47f-d27b1fab8f33: shutdown group-AD9040517D7F
2019-08-23 05:54:42,883 [StateMachineUpdater:564f3e1b-dc37-4d98-9518-cc9451ddb3ca:group-FC65621A5432] INFO  ratis.ContainerStateMachine (ContainerStateMachine.java:takeSnapshot(294)) - group-FC65621A5432: Finished taking a snapshot at:(t:1, i:5) file:/workdir/hadoop-ozone/integration-test/target/test-dir/MiniOzoneClusterImpl-4e018812-8580-4f5b-9c00-decd40181699/datanode-4/data/ratis/52f4033d-c7e3-4531-b297-fc65621a5432/sm/snapshot.1_5 time:8
2019-08-23 05:54:42,883 [ForkJoinPool.commonPool-worker-0] INFO  util.JmxRegister (JmxRegister.java:unregister(73)) - Successfully un-registered JMX Bean with object name Ratis:service=RaftServer,group=group-AD9040517D7F,id=c6842691-702c-4d39-b47f-d27b1fab8f33
2019-08-23 05:54:42,883 [StateMachineUpdater:564f3e1b-dc37-4d98-9518-cc9451ddb3ca:group-FC65621A5432] INFO  impl.StateMachineUpdater (StateMachineUpdater.java:takeSnapshot(242)) - StateMachineUpdater:564f3e1b-dc37-4d98-9518-cc9451ddb3ca:group-FC65621A5432: Took a snapshot at index 5
2019-08-23 05:54:42,883 [ForkJoinPool.commonPool-worker-0] INFO  impl.RoleInfo (RoleInfo.java:shutdownLeaderState(104)) - c6842691-702c-4d39-b47f-d27b1fab8f33: shutdown LeaderState
2019-08-23 05:54:42,883 [StateMachineUpdater:564f3e1b-dc37-4d98-9518-cc9451ddb3ca:group-FC65621A5432] INFO  impl.StateMachineUpdater (StateMachineUpdater.java:lambda$new$0(80)) - StateMachineUpdater:564f3e1b-dc37-4d98-9518-cc9451ddb3ca:group-FC65621A5432: snapshotIndex: updateIncreasingly -1 -> 5
2019-08-23 05:54:42,886 [ForkJoinPool.commonPool-worker-0] INFO  impl.PendingRequests (PendingRequests.java:sendNotLeaderResponses(202)) - c6842691-702c-4d39-b47f-d27b1fab8f33-PendingRequests: sendNotLeaderResponses
2019-08-23 05:54:42,886 [org.apache.ratis.server.impl.LogAppender$AppenderDaemon$$Lambda$501/1559189390@446b2c98] WARN  server.GrpcLogAppender (GrpcLogAppender.java:mayWait(143)) - GrpcLogAppender(c6842691-702c-4d39-b47f-d27b1fab8f33->63fd8c64-0397-4420-bb2f-fd9af094cc1f): Wait interrupted by java.lang.InterruptedException
2019-08-23 05:54:42,886 [org.apache.ratis.server.impl.LogAppender$AppenderDaemon$$Lambda$501/1559189390@169aa71] WARN  server.GrpcLogAppender (GrpcLogAppender.java:mayWait(143)) - GrpcLogAppender(c6842691-702c-4d39-b47f-d27b1fab8f33->96a4345b-84e3-4f69-b56b-0cb9f3200145): Wait interrupted by java.lang.InterruptedException
2019-08-23 05:54:42,886 [main] INFO  impl.RaftServerImpl (ServerState.java:close(394)) - 564f3e1b-dc37-4d98-9518-cc9451ddb3ca:group-FC65621A5432 closes. The last applied log index is 8
2019-08-23 05:54:42,886 [ForkJoinPool.commonPool-worker-0] INFO  impl.StateMachineUpdater (StateMachineUpdater.java:stopAndJoin(115)) - StateMachineUpdater:c6842691-702c-4d39-b47f-d27b1fab8f33:group-AD9040517D7F: set stopIndex = 0
2019-08-23 05:54:42,888 [grpc-default-executor-5] INFO  server.GrpcServerProtocolService (GrpcServerProtocolService.java:onCompleted(104)) - 63fd8c64-0397-4420-bb2f-fd9af094cc1f: appendEntries completed
2019-08-23 05:54:42,888 [grpc-default-executor-7] INFO  server.GrpcServerProtocolService (GrpcServerProtocolService.java:onCompleted(104)) - 96a4345b-84e3-4f69-b56b-0cb9f3200145: appendEntries completed
2019-08-23 05:54:42,889 [564f3e1b-dc37-4d98-9518-cc9451ddb3ca-SegmentedRaftLogWorker:Storage Directory /workdir/hadoop-ozone/integration-test/target/test-dir/MiniOzoneClusterImpl-4e018812-8580-4f5b-9c00-decd40181699/datanode-4/data/ratis/52f4033d-c7e3-4531-b297-fc65621a5432] INFO  segmented.SegmentedRaftLogWorker (SegmentedRaftLogWorker.java:run(313)) - 564f3e1b-dc37-4d98-9518-cc9451ddb3ca-SegmentedRaftLogWorker:Storage Directory /workdir/hadoop-ozone/integration-test/target/test-dir/MiniOzoneClusterImpl-4e018812-8580-4f5b-9c00-decd40181699/datanode-4/data/ratis/52f4033d-c7e3-4531-b297-fc65621a5432 was interrupted, exiting. There are 0 tasks remaining in the queue.
2019-08-23 05:54:42,889 [ForkJoinPool.commonPool-worker-0] INFO  impl.RaftServerImpl (ServerState.java:close(394)) - c6842691-702c-4d39-b47f-d27b1fab8f33:group-AD9040517D7F closes. The last applied log index is 0
2019-08-23 05:54:42,891 [main] INFO  segmented.SegmentedRaftLogWorker (SegmentedRaftLogWorker.java:close(228)) - 564f3e1b-dc37-4d98-9518-cc9451ddb3ca-SegmentedRaftLogWorker:Storage Directory /workdir/hadoop-ozone/integration-test/target/test-dir/MiniOzoneClusterImpl-4e018812-8580-4f5b-9c00-decd40181699/datanode-4/data/ratis/52f4033d-c7e3-4531-b297-fc65621a5432 close()
2019-08-23 05:54:42,891 [grpc-default-executor-5] INFO  server.GrpcLogAppender (GrpcLogAppender.java:onCompleted(292)) - c6842691-702c-4d39-b47f-d27b1fab8f33->63fd8c64-0397-4420-bb2f-fd9af094cc1f: follower responses appendEntries COMPLETED
2019-08-23 05:54:42,891 [c6842691-702c-4d39-b47f-d27b1fab8f33-SegmentedRaftLogWorker:Storage Directory /workdir/hadoop-ozone/integration-test/target/test-dir/MiniOzoneClusterImpl-4e018812-8580-4f5b-9c00-decd40181699/datanode-1/data/ratis/988b6394-1126-4bd5-847e-ad9040517d7f] INFO  segmented.SegmentedRaftLogWorker (SegmentedRaftLogWorker.java:run(313)) - c6842691-702c-4d39-b47f-d27b1fab8f33-SegmentedRaftLogWorker:Storage Directory /workdir/hadoop-ozone/integration-test/target/test-dir/MiniOzoneClusterImpl-4e018812-8580-4f5b-9c00-decd40181699/datanode-1/data/ratis/988b6394-1126-4bd5-847e-ad9040517d7f was interrupted, exiting. There are 0 tasks remaining in the queue.
2019-08-23 05:54:42,891 [grpc-default-executor-7] INFO  server.GrpcLogAppender (GrpcLogAppender.java:onCompleted(292)) - c6842691-702c-4d39-b47f-d27b1fab8f33->96a4345b-84e3-4f69-b56b-0cb9f3200145: follower responses appendEntries COMPLETED
2019-08-23 05:54:42,897 [grpc-default-executor-5] INFO  impl.FollowerInfo (FollowerInfo.java:lambda$new$0(50)) - c6842691-702c-4d39-b47f-d27b1fab8f33->63fd8c64-0397-4420-bb2f-fd9af094cc1f: nextIndex: updateUnconditionally 1 -> 0
2019-08-23 05:54:42,897 [ForkJoinPool.commonPool-worker-0] INFO  segmented.SegmentedRaftLogWorker (SegmentedRaftLogWorker.java:close(228)) - c6842691-702c-4d39-b47f-d27b1fab8f33-SegmentedRaftLogWorker:Storage Directory /workdir/hadoop-ozone/integration-test/target/test-dir/MiniOzoneClusterImpl-4e018812-8580-4f5b-9c00-decd40181699/datanode-1/data/ratis/988b6394-1126-4bd5-847e-ad9040517d7f close()
2019-08-23 05:54:42,894 [main] INFO  impl.RaftServerImpl (RaftServerImpl.java:lambda$shutdown$3(245)) - 564f3e1b-dc37-4d98-9518-cc9451ddb3ca: shutdown group-ECA19A3EDA6B
2019-08-23 05:54:42,903 [ForkJoinPool.commonPool-worker-0] INFO  server.GrpcService (GrpcService.java:closeImpl(155)) - c6842691-702c-4d39-b47f-d27b1fab8f33: shutdown server with port 46322 now
2019-08-23 05:54:42,899 [grpc-default-executor-7] INFO  impl.FollowerInfo (FollowerInfo.java:lambda$new$0(50)) - c6842691-702c-4d39-b47f-d27b1fab8f33->96a4345b-84e3-4f69-b56b-0cb9f3200145: nextIndex: updateUnconditionally 1 -> 0
2019-08-23 05:54:42,904 [main] INFO  util.JmxRegister (JmxRegister.java:unregister(73)) - Successfully un-registered JMX Bean with object name Ratis:service=RaftServer,group=group-ECA19A3EDA6B,id=564f3e1b-dc37-4d98-9518-cc9451ddb3ca
2019-08-23 05:54:42,904 [main] INFO  impl.RoleInfo (RoleInfo.java:shutdownLeaderState(104)) - 564f3e1b-dc37-4d98-9518-cc9451ddb3ca: shutdown LeaderState
2019-08-23 05:54:42,904 [ForkJoinPool.commonPool-worker-0] INFO  server.GrpcService (GrpcService.java:closeImpl(163)) - c6842691-702c-4d39-b47f-d27b1fab8f33: shutdown server with port 46322 successfully
2019-08-23 05:54:42,905 [main] INFO  impl.PendingRequests (PendingRequests.java:sendNotLeaderResponses(202)) - 564f3e1b-dc37-4d98-9518-cc9451ddb3ca-PendingRequests: sendNotLeaderResponses
2019-08-23 05:54:42,905 [main] INFO  impl.StateMachineUpdater (StateMachineUpdater.java:stopAndJoin(115)) - StateMachineUpdater:564f3e1b-dc37-4d98-9518-cc9451ddb3ca:group-ECA19A3EDA6B: set stopIndex = 0
2019-08-23 05:54:42,907 [main] INFO  impl.RaftServerImpl (ServerState.java:close(394)) - 564f3e1b-dc37-4d98-9518-cc9451ddb3ca:group-ECA19A3EDA6B closes. The last applied log index is 0
2019-08-23 05:54:42,908 [564f3e1b-dc37-4d98-9518-cc9451ddb3ca-SegmentedRaftLogWorker:Storage Directory /workdir/hadoop-ozone/integration-test/target/test-dir/MiniOzoneClusterImpl-4e018812-8580-4f5b-9c00-decd40181699/datanode-4/data/ratis/f7894404-452b-4bf2-89c4-eca19a3eda6b] INFO  segmented.SegmentedRaftLogWorker (SegmentedRaftLogWorker.java:run(313)) - 564f3e1b-dc37-4d98-9518-cc9451ddb3ca-SegmentedRaftLogWorker:Storage Directory /workdir/hadoop-ozone/integration-test/target/test-dir/MiniOzoneClusterImpl-4e018812-8580-4f5b-9c00-decd40181699/datanode-4/data/ratis/f7894404-452b-4bf2-89c4-eca19a3eda6b was interrupted, exiting. There are 0 tasks remaining in the queue.
2019-08-23 05:54:42,909 [main] INFO  segmented.SegmentedRaftLogWorker (SegmentedRaftLogWorker.java:close(228)) - 564f3e1b-dc37-4d98-9518-cc9451ddb3ca-SegmentedRaftLogWorker:Storage Directory /workdir/hadoop-ozone/integration-test/target/test-dir/MiniOzoneClusterImpl-4e018812-8580-4f5b-9c00-decd40181699/datanode-4/data/ratis/f7894404-452b-4bf2-89c4-eca19a3eda6b close()
2019-08-23 05:54:42,923 [main] INFO  server.GrpcService (GrpcService.java:closeImpl(155)) - 564f3e1b-dc37-4d98-9518-cc9451ddb3ca: shutdown server with port 44139 now
2019-08-23 05:54:42,924 [main] INFO  server.GrpcService (GrpcService.java:closeImpl(163)) - 564f3e1b-dc37-4d98-9518-cc9451ddb3ca: shutdown server with port 44139 successfully
2019-08-23 05:54:42,924 [grpc-default-executor-1] WARN  server.GrpcLogAppender (LogUtils.java:warn(134)) - d4f36997-48a6-49b8-995b-3c38d9ac3c0f->564f3e1b-dc37-4d98-9518-cc9451ddb3ca: Failed appendEntries: org.apache.ratis.thirdparty.io.grpc.StatusRuntimeException: CANCELLED: HTTP/2 error code: CANCEL
Received Rst Stream
2019-08-23 05:54:42,924 [ForkJoinPool.commonPool-worker-0] INFO  utils.BackgroundService (BackgroundService.java:shutdown(148)) - Shutting down service BlockDeletingService
2019-08-23 05:54:42,924 [grpc-default-executor-5] WARN  server.GrpcServerProtocolService (LogUtils.java:warn(134)) - 564f3e1b-dc37-4d98-9518-cc9451ddb3ca: appendEntries onError: org.apache.ratis.thirdparty.io.grpc.StatusRuntimeException: CANCELLED: cancelled before receiving half close
2019-08-23 05:54:42,926 [grpc-default-executor-1] INFO  impl.FollowerInfo (FollowerInfo.java:lambda$new$0(50)) - d4f36997-48a6-49b8-995b-3c38d9ac3c0f->564f3e1b-dc37-4d98-9518-cc9451ddb3ca: nextIndex: updateUnconditionally 9 -> 8
2019-08-23 05:54:42,930 [refreshUsed-/workdir/hadoop-ozone/integration-test/target/test-dir/MiniOzoneClusterImpl-4e018812-8580-4f5b-9c00-decd40181699/datanode-1/data/containers] WARN  fs.CachingGetSpaceUsed (CachingGetSpaceUsed.java:run(183)) - Thread Interrupted waiting to refresh disk information: sleep interrupted
2019-08-23 05:54:42,930 [main] INFO  utils.BackgroundService (BackgroundService.java:shutdown(148)) - Shutting down service BlockDeletingService
2019-08-23 05:54:42,932 [refreshUsed-/workdir/hadoop-ozone/integration-test/target/test-dir/MiniOzoneClusterImpl-4e018812-8580-4f5b-9c00-decd40181699/datanode-4/data/containers] WARN  fs.CachingGetSpaceUsed (CachingGetSpaceUsed.java:run(183)) - Thread Interrupted waiting to refresh disk information: sleep interrupted
2019-08-23 05:54:42,952 [ForkJoinPool.commonPool-worker-0] INFO  statemachine.DatanodeStateMachine (DatanodeStateMachine.java:stopDaemon(395)) - Ozone container server stopped.
2019-08-23 05:54:42,953 [main] INFO  statemachine.DatanodeStateMachine (DatanodeStateMachine.java:stopDaemon(395)) - Ozone container server stopped.
2019-08-23 05:54:42,957 [main] INFO  handler.ContextHandler (ContextHandler.java:doStop(910)) - Stopped o.e.j.w.WebAppContext@93f15f6{/,null,UNAVAILABLE}{/hddsDatanode}
2019-08-23 05:54:42,957 [ForkJoinPool.commonPool-worker-0] INFO  handler.ContextHandler (ContextHandler.java:doStop(910)) - Stopped o.e.j.w.WebAppContext@478530cb{/,null,UNAVAILABLE}{/hddsDatanode}
2019-08-23 05:54:42,958 [main] INFO  server.AbstractConnector (AbstractConnector.java:doStop(318)) - Stopped ServerConnector@5034681f{HTTP/1.1,[http/1.1]}{0.0.0.0:0}
2019-08-23 05:54:42,958 [ForkJoinPool.commonPool-worker-0] INFO  server.AbstractConnector (AbstractConnector.java:doStop(318)) - Stopped ServerConnector@5be7b749{HTTP/1.1,[http/1.1]}{0.0.0.0:0}
2019-08-23 05:54:42,958 [main] INFO  handler.ContextHandler (ContextHandler.java:doStop(910)) - Stopped o.e.j.s.ServletContextHandler@280d6a20{/static,jar:file:/home/user/.m2/repository/org/apache/hadoop/hadoop-hdds-container-service/0.5.0-SNAPSHOT/hadoop-hdds-container-service-0.5.0-SNAPSHOT.jar!/webapps/static,UNAVAILABLE}
2019-08-23 05:54:42,960 [ForkJoinPool.commonPool-worker-0] INFO  handler.ContextHandler (ContextHandler.java:doStop(910)) - Stopped o.e.j.s.ServletContextHandler@18483b8b{/static,jar:file:/home/user/.m2/repository/org/apache/hadoop/hadoop-hdds-container-service/0.5.0-SNAPSHOT/hadoop-hdds-container-service-0.5.0-SNAPSHOT.jar!/webapps/static,UNAVAILABLE}
2019-08-23 05:54:42,960 [main] INFO  handler.ContextHandler (ContextHandler.java:doStop(910)) - Stopped o.e.j.s.ServletContextHandler@35524549{/logs,file:///workdir/hadoop-ozone/integration-test/target/log,UNAVAILABLE}
2019-08-23 05:54:42,961 [ForkJoinPool.commonPool-worker-0] INFO  handler.ContextHandler (ContextHandler.java:doStop(910)) - Stopped o.e.j.s.ServletContextHandler@8f4b803{/logs,file:///workdir/hadoop-ozone/integration-test/target/log,UNAVAILABLE}
2019-08-23 05:54:42,963 [main] INFO  datanode.ObjectStoreHandler (ObjectStoreHandler.java:close(155)) - Closing ObjectStoreHandler.
2019-08-23 05:54:42,963 [ForkJoinPool.commonPool-worker-0] INFO  datanode.ObjectStoreHandler (ObjectStoreHandler.java:close(155)) - Closing ObjectStoreHandler.
2019-08-23 05:54:42,963 [main] INFO  ozone.HddsDatanodeService (HddsDatanodeService.java:stop(451)) - Stopped plug-in org.apache.hadoop.ozone.web.OzoneHddsDatanodeService@45b8bbbf
2019-08-23 05:54:42,963 [ForkJoinPool.commonPool-worker-0] INFO  ozone.HddsDatanodeService (HddsDatanodeService.java:stop(451)) - Stopped plug-in org.apache.hadoop.ozone.web.OzoneHddsDatanodeService@311d28f5
2019-08-23 05:54:43,259 | INFO  | SCMAudit | user=jenkins1000 | ip=192.168.5.178 | op=SEND_HEARTBEAT {datanodeUUID=6b30598f-e3b0-450c-bc0d-9274443a7fa0, command=[]} | ret=SUCCESS |  
2019-08-23 05:54:43,299 [Datanode State Machine Thread - 0] INFO  statemachine.DatanodeStateMachine (DatanodeStateMachine.java:lambda$startDaemon$0(350)) - Ozone container server started.
2019-08-23 05:54:43,745 [Datanode State Machine Thread - 0] INFO  statemachine.DatanodeStateMachine (DatanodeStateMachine.java:lambda$startDaemon$0(350)) - Ozone container server started.
2019-08-23 05:54:43,771 | INFO  | SCMAudit | user=jenkins1000 | ip=192.168.5.178 | op=SEND_HEARTBEAT {datanodeUUID=9e0d48e9-795f-4679-b1bc-974fe7951c55, command=[]} | ret=SUCCESS |  
2019-08-23 05:54:43,864 | INFO  | SCMAudit | user=jenkins1000 | ip=192.168.5.178 | op=SEND_HEARTBEAT {datanodeUUID=96a4345b-84e3-4f69-b56b-0cb9f3200145, command=[]} | ret=SUCCESS |  
2019-08-23 05:54:44,259 | INFO  | SCMAudit | user=jenkins1000 | ip=192.168.5.178 | op=SEND_HEARTBEAT {datanodeUUID=6b30598f-e3b0-450c-bc0d-9274443a7fa0, command=[]} | ret=SUCCESS |  
2019-08-23 05:54:44,771 | INFO  | SCMAudit | user=jenkins1000 | ip=192.168.5.178 | op=SEND_HEARTBEAT {datanodeUUID=9e0d48e9-795f-4679-b1bc-974fe7951c55, command=[]} | ret=SUCCESS |  
2019-08-23 05:54:44,865 | INFO  | SCMAudit | user=jenkins1000 | ip=192.168.5.178 | op=SEND_HEARTBEAT {datanodeUUID=96a4345b-84e3-4f69-b56b-0cb9f3200145, command=[]} | ret=SUCCESS |  
2019-08-23 05:54:45,163 [grpc-default-executor-1] WARN  server.GrpcLogAppender (LogUtils.java:warn(134)) - d4f36997-48a6-49b8-995b-3c38d9ac3c0f->564f3e1b-dc37-4d98-9518-cc9451ddb3ca: Failed appendEntries: org.apache.ratis.thirdparty.io.grpc.StatusRuntimeException: UNAVAILABLE: io exception
2019-08-23 05:54:45,166 [grpc-default-executor-1] INFO  impl.FollowerInfo (FollowerInfo.java:lambda$new$0(50)) - d4f36997-48a6-49b8-995b-3c38d9ac3c0f->564f3e1b-dc37-4d98-9518-cc9451ddb3ca: nextIndex: updateUnconditionally 8 -> 7
2019-08-23 05:54:45,262 | INFO  | SCMAudit | user=jenkins1000 | ip=192.168.5.178 | op=SEND_HEARTBEAT {datanodeUUID=6b30598f-e3b0-450c-bc0d-9274443a7fa0, command=[]} | ret=SUCCESS |  
2019-08-23 05:54:45,772 | INFO  | SCMAudit | user=jenkins1000 | ip=192.168.5.178 | op=SEND_HEARTBEAT {datanodeUUID=9e0d48e9-795f-4679-b1bc-974fe7951c55, command=[]} | ret=SUCCESS |  
2019-08-23 05:54:45,865 | INFO  | SCMAudit | user=jenkins1000 | ip=192.168.5.178 | op=SEND_HEARTBEAT {datanodeUUID=96a4345b-84e3-4f69-b56b-0cb9f3200145, command=[]} | ret=SUCCESS |  
2019-08-23 05:54:46,261 | INFO  | SCMAudit | user=jenkins1000 | ip=192.168.5.178 | op=SEND_HEARTBEAT {datanodeUUID=6b30598f-e3b0-450c-bc0d-9274443a7fa0, command=[]} | ret=SUCCESS |  
2019-08-23 05:54:46,771 | INFO  | SCMAudit | user=jenkins1000 | ip=192.168.5.178 | op=SEND_HEARTBEAT {datanodeUUID=9e0d48e9-795f-4679-b1bc-974fe7951c55, command=[]} | ret=SUCCESS |  
2019-08-23 05:54:46,865 | INFO  | SCMAudit | user=jenkins1000 | ip=192.168.5.178 | op=SEND_HEARTBEAT {datanodeUUID=96a4345b-84e3-4f69-b56b-0cb9f3200145, command=[]} | ret=SUCCESS |  
2019-08-23 05:54:47,262 | INFO  | SCMAudit | user=jenkins1000 | ip=192.168.5.178 | op=SEND_HEARTBEAT {datanodeUUID=6b30598f-e3b0-450c-bc0d-9274443a7fa0, command=[]} | ret=SUCCESS |  
2019-08-23 05:54:47,666 [grpc-default-executor-7] WARN  server.GrpcLogAppender (LogUtils.java:warn(134)) - d4f36997-48a6-49b8-995b-3c38d9ac3c0f->564f3e1b-dc37-4d98-9518-cc9451ddb3ca: Failed appendEntries: org.apache.ratis.thirdparty.io.grpc.StatusRuntimeException: UNAVAILABLE: io exception
2019-08-23 05:54:47,670 [grpc-default-executor-7] INFO  impl.FollowerInfo (FollowerInfo.java:lambda$new$0(50)) - d4f36997-48a6-49b8-995b-3c38d9ac3c0f->564f3e1b-dc37-4d98-9518-cc9451ddb3ca: nextIndex: updateUnconditionally 7 -> 6
2019-08-23 05:54:47,771 | INFO  | SCMAudit | user=jenkins1000 | ip=192.168.5.178 | op=SEND_HEARTBEAT {datanodeUUID=9e0d48e9-795f-4679-b1bc-974fe7951c55, command=[]} | ret=SUCCESS |  
2019-08-23 05:54:47,865 | INFO  | SCMAudit | user=jenkins1000 | ip=192.168.5.178 | op=SEND_HEARTBEAT {datanodeUUID=96a4345b-84e3-4f69-b56b-0cb9f3200145, command=[]} | ret=SUCCESS |  
2019-08-23 05:54:47,964 [main] INFO  ozoneimpl.OzoneContainer (OzoneContainer.java:stop(199)) - Attempting to stop container services.
2019-08-23 05:54:47,964 [ForkJoinPool.commonPool-worker-0] INFO  ozoneimpl.OzoneContainer (OzoneContainer.java:stop(199)) - Attempting to stop container services.
2019-08-23 05:54:47,965 [main] INFO  impl.RaftServerProxy (RaftServerProxy.java:lambda$close$4(314)) - d4f36997-48a6-49b8-995b-3c38d9ac3c0f: close
2019-08-23 05:54:47,965 [ForkJoinPool.commonPool-worker-0] INFO  impl.RaftServerProxy (RaftServerProxy.java:lambda$close$4(314)) - 63fd8c64-0397-4420-bb2f-fd9af094cc1f: close
2019-08-23 05:54:47,966 [main] INFO  impl.RaftServerImpl (RaftServerImpl.java:lambda$shutdown$3(245)) - d4f36997-48a6-49b8-995b-3c38d9ac3c0f: shutdown group-FC65621A5432
2019-08-23 05:54:47,966 [ForkJoinPool.commonPool-worker-0] INFO  impl.RaftServerImpl (RaftServerImpl.java:lambda$shutdown$3(245)) - 63fd8c64-0397-4420-bb2f-fd9af094cc1f: shutdown group-AD9040517D7F
2019-08-23 05:54:47,966 [main] INFO  util.JmxRegister (JmxRegister.java:unregister(73)) - Successfully un-registered JMX Bean with object name Ratis:service=RaftServer,group=group-FC65621A5432,id=d4f36997-48a6-49b8-995b-3c38d9ac3c0f
2019-08-23 05:54:47,967 [ForkJoinPool.commonPool-worker-0] INFO  util.JmxRegister (JmxRegister.java:unregister(73)) - Successfully un-registered JMX Bean with object name Ratis:service=RaftServer,group=group-AD9040517D7F,id=63fd8c64-0397-4420-bb2f-fd9af094cc1f
2019-08-23 05:54:47,967 [main] INFO  impl.RoleInfo (RoleInfo.java:shutdownLeaderState(104)) - d4f36997-48a6-49b8-995b-3c38d9ac3c0f: shutdown LeaderState
2019-08-23 05:54:47,967 [ForkJoinPool.commonPool-worker-0] INFO  impl.RoleInfo (RoleInfo.java:shutdownFollowerState(121)) - 63fd8c64-0397-4420-bb2f-fd9af094cc1f: shutdown FollowerState
2019-08-23 05:54:47,972 [org.apache.ratis.server.impl.LogAppender$AppenderDaemon$$Lambda$501/1559189390@2b5f28ff] WARN  server.GrpcLogAppender (GrpcLogAppender.java:mayWait(143)) - GrpcLogAppender(d4f36997-48a6-49b8-995b-3c38d9ac3c0f->9e0d48e9-795f-4679-b1bc-974fe7951c55): Wait interrupted by java.lang.InterruptedException
2019-08-23 05:54:47,972 [Thread-835] INFO  impl.FollowerState (FollowerState.java:run(114)) - 63fd8c64-0397-4420-bb2f-fd9af094cc1f: FollowerState was interrupted: java.lang.InterruptedException: sleep interrupted
2019-08-23 05:54:47,972 [org.apache.ratis.server.impl.LogAppender$AppenderDaemon$$Lambda$501/1559189390@6e5dab50] WARN  server.GrpcLogAppender (GrpcLogAppender.java:mayWait(143)) - GrpcLogAppender(d4f36997-48a6-49b8-995b-3c38d9ac3c0f->564f3e1b-dc37-4d98-9518-cc9451ddb3ca): Wait interrupted by java.lang.InterruptedException
2019-08-23 05:54:47,972 [main] INFO  impl.PendingRequests (PendingRequests.java:sendNotLeaderResponses(202)) - d4f36997-48a6-49b8-995b-3c38d9ac3c0f-PendingRequests: sendNotLeaderResponses
2019-08-23 05:54:47,978 [grpc-default-executor-7] INFO  server.GrpcServerProtocolService (GrpcServerProtocolService.java:onCompleted(104)) - 9e0d48e9-795f-4679-b1bc-974fe7951c55: appendEntries completed
2019-08-23 05:54:47,972 [ForkJoinPool.commonPool-worker-0] INFO  impl.StateMachineUpdater (StateMachineUpdater.java:stopAndJoin(115)) - StateMachineUpdater:63fd8c64-0397-4420-bb2f-fd9af094cc1f:group-AD9040517D7F: set stopIndex = 0
2019-08-23 05:54:47,983 [main] INFO  impl.StateMachineUpdater (StateMachineUpdater.java:stopAndJoin(115)) - StateMachineUpdater:d4f36997-48a6-49b8-995b-3c38d9ac3c0f:group-FC65621A5432: set stopIndex = 8
2019-08-23 05:54:47,983 [StateMachineUpdater:d4f36997-48a6-49b8-995b-3c38d9ac3c0f:group-FC65621A5432] INFO  ratis.ContainerStateMachine (ContainerStateMachine.java:takeSnapshot(283)) - group-FC65621A5432: Taking a snapshot at:(t:1, i:6) file /workdir/hadoop-ozone/integration-test/target/test-dir/MiniOzoneClusterImpl-4e018812-8580-4f5b-9c00-decd40181699/datanode-3/data/ratis/52f4033d-c7e3-4531-b297-fc65621a5432/sm/snapshot.1_6
2019-08-23 05:54:47,983 [ForkJoinPool.commonPool-worker-0] INFO  impl.RaftServerImpl (ServerState.java:close(394)) - 63fd8c64-0397-4420-bb2f-fd9af094cc1f:group-AD9040517D7F closes. The last applied log index is 0
2019-08-23 05:54:47,983 [grpc-default-executor-7] INFO  server.GrpcLogAppender (GrpcLogAppender.java:onCompleted(292)) - d4f36997-48a6-49b8-995b-3c38d9ac3c0f->9e0d48e9-795f-4679-b1bc-974fe7951c55: follower responses appendEntries COMPLETED
2019-08-23 05:54:47,988 [63fd8c64-0397-4420-bb2f-fd9af094cc1f-SegmentedRaftLogWorker:Storage Directory /workdir/hadoop-ozone/integration-test/target/test-dir/MiniOzoneClusterImpl-4e018812-8580-4f5b-9c00-decd40181699/datanode-2/data/ratis/988b6394-1126-4bd5-847e-ad9040517d7f] INFO  segmented.SegmentedRaftLogWorker (SegmentedRaftLogWorker.java:run(313)) - 63fd8c64-0397-4420-bb2f-fd9af094cc1f-SegmentedRaftLogWorker:Storage Directory /workdir/hadoop-ozone/integration-test/target/test-dir/MiniOzoneClusterImpl-4e018812-8580-4f5b-9c00-decd40181699/datanode-2/data/ratis/988b6394-1126-4bd5-847e-ad9040517d7f was interrupted, exiting. There are 0 tasks remaining in the queue.
2019-08-23 05:54:47,989 [grpc-default-executor-7] INFO  impl.FollowerInfo (FollowerInfo.java:lambda$new$0(50)) - d4f36997-48a6-49b8-995b-3c38d9ac3c0f->9e0d48e9-795f-4679-b1bc-974fe7951c55: nextIndex: updateUnconditionally 9 -> 8
2019-08-23 05:54:47,998 [ForkJoinPool.commonPool-worker-0] INFO  segmented.SegmentedRaftLogWorker (SegmentedRaftLogWorker.java:close(228)) - 63fd8c64-0397-4420-bb2f-fd9af094cc1f-SegmentedRaftLogWorker:Storage Directory /workdir/hadoop-ozone/integration-test/target/test-dir/MiniOzoneClusterImpl-4e018812-8580-4f5b-9c00-decd40181699/datanode-2/data/ratis/988b6394-1126-4bd5-847e-ad9040517d7f close()
2019-08-23 05:54:48,000 [StateMachineUpdater:d4f36997-48a6-49b8-995b-3c38d9ac3c0f:group-FC65621A5432] INFO  ratis.ContainerStateMachine (ContainerStateMachine.java:takeSnapshot(294)) - group-FC65621A5432: Finished taking a snapshot at:(t:1, i:6) file:/workdir/hadoop-ozone/integration-test/target/test-dir/MiniOzoneClusterImpl-4e018812-8580-4f5b-9c00-decd40181699/datanode-3/data/ratis/52f4033d-c7e3-4531-b297-fc65621a5432/sm/snapshot.1_6 time:17
2019-08-23 05:54:48,000 [ForkJoinPool.commonPool-worker-0] INFO  impl.RaftServerImpl (RaftServerImpl.java:lambda$shutdown$3(245)) - 63fd8c64-0397-4420-bb2f-fd9af094cc1f: shutdown group-75E27B537F15
2019-08-23 05:54:48,000 [StateMachineUpdater:d4f36997-48a6-49b8-995b-3c38d9ac3c0f:group-FC65621A5432] INFO  impl.StateMachineUpdater (StateMachineUpdater.java:takeSnapshot(242)) - StateMachineUpdater:d4f36997-48a6-49b8-995b-3c38d9ac3c0f:group-FC65621A5432: Took a snapshot at index 6
2019-08-23 05:54:48,000 [ForkJoinPool.commonPool-worker-0] INFO  util.JmxRegister (JmxRegister.java:unregister(73)) - Successfully un-registered JMX Bean with object name Ratis:service=RaftServer,group=group-75E27B537F15,id=63fd8c64-0397-4420-bb2f-fd9af094cc1f
2019-08-23 05:54:48,001 [StateMachineUpdater:d4f36997-48a6-49b8-995b-3c38d9ac3c0f:group-FC65621A5432] INFO  impl.StateMachineUpdater (StateMachineUpdater.java:lambda$new$0(80)) - StateMachineUpdater:d4f36997-48a6-49b8-995b-3c38d9ac3c0f:group-FC65621A5432: snapshotIndex: updateIncreasingly -1 -> 6
2019-08-23 05:54:48,001 [ForkJoinPool.commonPool-worker-0] INFO  impl.RoleInfo (RoleInfo.java:shutdownLeaderState(104)) - 63fd8c64-0397-4420-bb2f-fd9af094cc1f: shutdown LeaderState
2019-08-23 05:54:48,002 [ForkJoinPool.commonPool-worker-0] INFO  impl.PendingRequests (PendingRequests.java:sendNotLeaderResponses(202)) - 63fd8c64-0397-4420-bb2f-fd9af094cc1f-PendingRequests: sendNotLeaderResponses
2019-08-23 05:54:48,002 [main] INFO  impl.RaftServerImpl (ServerState.java:close(394)) - d4f36997-48a6-49b8-995b-3c38d9ac3c0f:group-FC65621A5432 closes. The last applied log index is 8
2019-08-23 05:54:48,002 [ForkJoinPool.commonPool-worker-0] INFO  impl.StateMachineUpdater (StateMachineUpdater.java:stopAndJoin(115)) - StateMachineUpdater:63fd8c64-0397-4420-bb2f-fd9af094cc1f:group-75E27B537F15: set stopIndex = 0
2019-08-23 05:54:48,004 [d4f36997-48a6-49b8-995b-3c38d9ac3c0f-SegmentedRaftLogWorker:Storage Directory /workdir/hadoop-ozone/integration-test/target/test-dir/MiniOzoneClusterImpl-4e018812-8580-4f5b-9c00-decd40181699/datanode-3/data/ratis/52f4033d-c7e3-4531-b297-fc65621a5432] INFO  segmented.SegmentedRaftLogWorker (SegmentedRaftLogWorker.java:run(313)) - d4f36997-48a6-49b8-995b-3c38d9ac3c0f-SegmentedRaftLogWorker:Storage Directory /workdir/hadoop-ozone/integration-test/target/test-dir/MiniOzoneClusterImpl-4e018812-8580-4f5b-9c00-decd40181699/datanode-3/data/ratis/52f4033d-c7e3-4531-b297-fc65621a5432 was interrupted, exiting. There are 0 tasks remaining in the queue.
2019-08-23 05:54:48,005 [ForkJoinPool.commonPool-worker-0] INFO  impl.RaftServerImpl (ServerState.java:close(394)) - 63fd8c64-0397-4420-bb2f-fd9af094cc1f:group-75E27B537F15 closes. The last applied log index is 0
2019-08-23 05:54:48,007 [main] INFO  segmented.SegmentedRaftLogWorker (SegmentedRaftLogWorker.java:close(228)) - d4f36997-48a6-49b8-995b-3c38d9ac3c0f-SegmentedRaftLogWorker:Storage Directory /workdir/hadoop-ozone/integration-test/target/test-dir/MiniOzoneClusterImpl-4e018812-8580-4f5b-9c00-decd40181699/datanode-3/data/ratis/52f4033d-c7e3-4531-b297-fc65621a5432 close()
2019-08-23 05:54:48,007 [63fd8c64-0397-4420-bb2f-fd9af094cc1f-SegmentedRaftLogWorker:Storage Directory /workdir/hadoop-ozone/integration-test/target/test-dir/MiniOzoneClusterImpl-4e018812-8580-4f5b-9c00-decd40181699/datanode-2/data/ratis/5617a368-6153-4806-bf81-75e27b537f15] INFO  segmented.SegmentedRaftLogWorker (SegmentedRaftLogWorker.java:run(313)) - 63fd8c64-0397-4420-bb2f-fd9af094cc1f-SegmentedRaftLogWorker:Storage Directory /workdir/hadoop-ozone/integration-test/target/test-dir/MiniOzoneClusterImpl-4e018812-8580-4f5b-9c00-decd40181699/datanode-2/data/ratis/5617a368-6153-4806-bf81-75e27b537f15 was interrupted, exiting. There are 0 tasks remaining in the queue.
2019-08-23 05:54:48,009 [main] INFO  impl.RaftServerImpl (RaftServerImpl.java:lambda$shutdown$3(245)) - d4f36997-48a6-49b8-995b-3c38d9ac3c0f: shutdown group-817535006909
2019-08-23 05:54:48,011 [ForkJoinPool.commonPool-worker-0] INFO  segmented.SegmentedRaftLogWorker (SegmentedRaftLogWorker.java:close(228)) - 63fd8c64-0397-4420-bb2f-fd9af094cc1f-SegmentedRaftLogWorker:Storage Directory /workdir/hadoop-ozone/integration-test/target/test-dir/MiniOzoneClusterImpl-4e018812-8580-4f5b-9c00-decd40181699/datanode-2/data/ratis/5617a368-6153-4806-bf81-75e27b537f15 close()
2019-08-23 05:54:48,012 [main] INFO  util.JmxRegister (JmxRegister.java:unregister(73)) - Successfully un-registered JMX Bean with object name Ratis:service=RaftServer,group=group-817535006909,id=d4f36997-48a6-49b8-995b-3c38d9ac3c0f
2019-08-23 05:54:48,014 [ForkJoinPool.commonPool-worker-0] INFO  server.GrpcService (GrpcService.java:closeImpl(155)) - 63fd8c64-0397-4420-bb2f-fd9af094cc1f: shutdown server with port 40555 now
2019-08-23 05:54:48,014 [main] INFO  impl.RoleInfo (RoleInfo.java:shutdownLeaderState(104)) - d4f36997-48a6-49b8-995b-3c38d9ac3c0f: shutdown LeaderState
2019-08-23 05:54:48,015 [main] INFO  impl.PendingRequests (PendingRequests.java:sendNotLeaderResponses(202)) - d4f36997-48a6-49b8-995b-3c38d9ac3c0f-PendingRequests: sendNotLeaderResponses
2019-08-23 05:54:48,015 [ForkJoinPool.commonPool-worker-0] INFO  server.GrpcService (GrpcService.java:closeImpl(163)) - 63fd8c64-0397-4420-bb2f-fd9af094cc1f: shutdown server with port 40555 successfully
2019-08-23 05:54:48,015 [main] INFO  impl.StateMachineUpdater (StateMachineUpdater.java:stopAndJoin(115)) - StateMachineUpdater:d4f36997-48a6-49b8-995b-3c38d9ac3c0f:group-817535006909: set stopIndex = 0
2019-08-23 05:54:48,018 [main] INFO  impl.RaftServerImpl (ServerState.java:close(394)) - d4f36997-48a6-49b8-995b-3c38d9ac3c0f:group-817535006909 closes. The last applied log index is 0
2019-08-23 05:54:48,019 [d4f36997-48a6-49b8-995b-3c38d9ac3c0f-SegmentedRaftLogWorker:Storage Directory /workdir/hadoop-ozone/integration-test/target/test-dir/MiniOzoneClusterImpl-4e018812-8580-4f5b-9c00-decd40181699/datanode-3/data/ratis/6e412c88-72fa-414a-978d-817535006909] INFO  segmented.SegmentedRaftLogWorker (SegmentedRaftLogWorker.java:run(313)) - d4f36997-48a6-49b8-995b-3c38d9ac3c0f-SegmentedRaftLogWorker:Storage Directory /workdir/hadoop-ozone/integration-test/target/test-dir/MiniOzoneClusterImpl-4e018812-8580-4f5b-9c00-decd40181699/datanode-3/data/ratis/6e412c88-72fa-414a-978d-817535006909 was interrupted, exiting. There are 0 tasks remaining in the queue.
2019-08-23 05:54:48,021 [main] INFO  segmented.SegmentedRaftLogWorker (SegmentedRaftLogWorker.java:close(228)) - d4f36997-48a6-49b8-995b-3c38d9ac3c0f-SegmentedRaftLogWorker:Storage Directory /workdir/hadoop-ozone/integration-test/target/test-dir/MiniOzoneClusterImpl-4e018812-8580-4f5b-9c00-decd40181699/datanode-3/data/ratis/6e412c88-72fa-414a-978d-817535006909 close()
2019-08-23 05:54:48,023 [main] INFO  server.GrpcService (GrpcService.java:closeImpl(155)) - d4f36997-48a6-49b8-995b-3c38d9ac3c0f: shutdown server with port 40775 now
2019-08-23 05:54:48,024 [main] INFO  server.GrpcService (GrpcService.java:closeImpl(163)) - d4f36997-48a6-49b8-995b-3c38d9ac3c0f: shutdown server with port 40775 successfully
2019-08-23 05:54:48,025 [ForkJoinPool.commonPool-worker-0] INFO  utils.BackgroundService (BackgroundService.java:shutdown(148)) - Shutting down service BlockDeletingService
2019-08-23 05:54:48,028 [main] INFO  utils.BackgroundService (BackgroundService.java:shutdown(148)) - Shutting down service BlockDeletingService
2019-08-23 05:54:48,032 [refreshUsed-/workdir/hadoop-ozone/integration-test/target/test-dir/MiniOzoneClusterImpl-4e018812-8580-4f5b-9c00-decd40181699/datanode-2/data/containers] WARN  fs.CachingGetSpaceUsed (CachingGetSpaceUsed.java:run(183)) - Thread Interrupted waiting to refresh disk information: sleep interrupted
2019-08-23 05:54:48,032 [refreshUsed-/workdir/hadoop-ozone/integration-test/target/test-dir/MiniOzoneClusterImpl-4e018812-8580-4f5b-9c00-decd40181699/datanode-3/data/containers] WARN  fs.CachingGetSpaceUsed (CachingGetSpaceUsed.java:run(183)) - Thread Interrupted waiting to refresh disk information: sleep interrupted
2019-08-23 05:54:48,052 [main] INFO  statemachine.DatanodeStateMachine (DatanodeStateMachine.java:stopDaemon(395)) - Ozone container server stopped.
2019-08-23 05:54:48,057 [ForkJoinPool.commonPool-worker-0] INFO  statemachine.DatanodeStateMachine (DatanodeStateMachine.java:stopDaemon(395)) - Ozone container server stopped.
2019-08-23 05:54:48,061 [main] INFO  handler.ContextHandler (ContextHandler.java:doStop(910)) - Stopped o.e.j.w.WebAppContext@6fe2a366{/,null,UNAVAILABLE}{/hddsDatanode}
2019-08-23 05:54:48,063 [ForkJoinPool.commonPool-worker-0] INFO  handler.ContextHandler (ContextHandler.java:doStop(910)) - Stopped o.e.j.w.WebAppContext@dbc7e0a{/,null,UNAVAILABLE}{/hddsDatanode}
2019-08-23 05:54:48,063 [main] INFO  server.AbstractConnector (AbstractConnector.java:doStop(318)) - Stopped ServerConnector@6dd38df2{HTTP/1.1,[http/1.1]}{0.0.0.0:0}
2019-08-23 05:54:48,064 [main] INFO  handler.ContextHandler (ContextHandler.java:doStop(910)) - Stopped o.e.j.s.ServletContextHandler@1dd44289{/static,jar:file:/home/user/.m2/repository/org/apache/hadoop/hadoop-hdds-container-service/0.5.0-SNAPSHOT/hadoop-hdds-container-service-0.5.0-SNAPSHOT.jar!/webapps/static,UNAVAILABLE}
2019-08-23 05:54:48,064 [ForkJoinPool.commonPool-worker-0] INFO  server.AbstractConnector (AbstractConnector.java:doStop(318)) - Stopped ServerConnector@636fccb0{HTTP/1.1,[http/1.1]}{0.0.0.0:0}
2019-08-23 05:54:48,064 [main] INFO  handler.ContextHandler (ContextHandler.java:doStop(910)) - Stopped o.e.j.s.ServletContextHandler@350342e0{/logs,file:///workdir/hadoop-ozone/integration-test/target/log,UNAVAILABLE}
2019-08-23 05:54:48,066 [ForkJoinPool.commonPool-worker-0] INFO  handler.ContextHandler (ContextHandler.java:doStop(910)) - Stopped o.e.j.s.ServletContextHandler@208e5b23{/static,jar:file:/home/user/.m2/repository/org/apache/hadoop/hadoop-hdds-container-service/0.5.0-SNAPSHOT/hadoop-hdds-container-service-0.5.0-SNAPSHOT.jar!/webapps/static,UNAVAILABLE}
2019-08-23 05:54:48,068 [ForkJoinPool.commonPool-worker-0] INFO  handler.ContextHandler (ContextHandler.java:doStop(910)) - Stopped o.e.j.s.ServletContextHandler@23c05889{/logs,file:///workdir/hadoop-ozone/integration-test/target/log,UNAVAILABLE}
2019-08-23 05:54:48,068 [main] INFO  datanode.ObjectStoreHandler (ObjectStoreHandler.java:close(155)) - Closing ObjectStoreHandler.
2019-08-23 05:54:48,070 [ForkJoinPool.commonPool-worker-0] INFO  datanode.ObjectStoreHandler (ObjectStoreHandler.java:close(155)) - Closing ObjectStoreHandler.
2019-08-23 05:54:48,070 [main] INFO  ozone.HddsDatanodeService (HddsDatanodeService.java:stop(451)) - Stopped plug-in org.apache.hadoop.ozone.web.OzoneHddsDatanodeService@41bbb219
2019-08-23 05:54:48,070 [ForkJoinPool.commonPool-worker-0] INFO  ozone.HddsDatanodeService (HddsDatanodeService.java:stop(451)) - Stopped plug-in org.apache.hadoop.ozone.web.OzoneHddsDatanodeService@3982206a
2019-08-23 05:54:48,261 [Datanode State Machine Thread - 0] INFO  statemachine.DatanodeStateMachine (DatanodeStateMachine.java:lambda$startDaemon$0(350)) - Ozone container server started.
2019-08-23 05:54:48,772 | INFO  | SCMAudit | user=jenkins1000 | ip=192.168.5.178 | op=SEND_HEARTBEAT {datanodeUUID=9e0d48e9-795f-4679-b1bc-974fe7951c55, command=[]} | ret=SUCCESS |  
2019-08-23 05:54:48,864 [Datanode State Machine Thread - 0] INFO  statemachine.DatanodeStateMachine (DatanodeStateMachine.java:lambda$startDaemon$0(350)) - Ozone container server started.
2019-08-23 05:54:49,773 | INFO  | SCMAudit | user=jenkins1000 | ip=192.168.5.178 | op=SEND_HEARTBEAT {datanodeUUID=9e0d48e9-795f-4679-b1bc-974fe7951c55, command=[]} | ret=SUCCESS |  
2019-08-23 05:54:50,146 [Thread-836] INFO  impl.FollowerState (FollowerState.java:run(106)) - 96a4345b-84e3-4f69-b56b-0cb9f3200145:group-AD9040517D7F changes to CANDIDATE, lastRpcTime:8359, electionTimeout:5045ms
2019-08-23 05:54:50,147 [Thread-836] INFO  impl.RoleInfo (RoleInfo.java:shutdownFollowerState(121)) - 96a4345b-84e3-4f69-b56b-0cb9f3200145: shutdown FollowerState
2019-08-23 05:54:50,147 [Thread-836] INFO  impl.RaftServerImpl (RaftServerImpl.java:setRole(171)) - 96a4345b-84e3-4f69-b56b-0cb9f3200145:group-AD9040517D7F changes role from FOLLOWER to CANDIDATE at term 4 for changeToCandidate
2019-08-23 05:54:50,147 [Thread-836] INFO  impl.RoleInfo (RoleInfo.java:updateAndGet(143)) - 96a4345b-84e3-4f69-b56b-0cb9f3200145: start LeaderElection
2019-08-23 05:54:50,150 [96a4345b-84e3-4f69-b56b-0cb9f3200145:group-AD9040517D7F:LeaderElection26] INFO  impl.RaftServerImpl (ServerState.java:setLeader(263)) - 96a4345b-84e3-4f69-b56b-0cb9f3200145:group-AD9040517D7F change Leader from c6842691-702c-4d39-b47f-d27b1fab8f33 to null at term 4 for initElection
2019-08-23 05:54:50,166 [96a4345b-84e3-4f69-b56b-0cb9f3200145:group-AD9040517D7F:LeaderElection26] INFO  impl.LeaderElection (LeaderElection.java:askForVotes(181)) - 96a4345b-84e3-4f69-b56b-0cb9f3200145:group-AD9040517D7F:LeaderElection26: begin an election at term 5 for 0: [63fd8c64-0397-4420-bb2f-fd9af094cc1f:192.168.5.178:40555, c6842691-702c-4d39-b47f-d27b1fab8f33:192.168.5.178:46322, 96a4345b-84e3-4f69-b56b-0cb9f3200145:192.168.5.178:40964], old=null
2019-08-23 05:54:50,171 [96a4345b-84e3-4f69-b56b-0cb9f3200145:group-AD9040517D7F:LeaderElection26] INFO  impl.LeaderElection (LogUtils.java:infoOrTrace(149)) - 96a4345b-84e3-4f69-b56b-0cb9f3200145:group-AD9040517D7F:LeaderElection26 got exception when requesting votes: {}
java.util.concurrent.ExecutionException: org.apache.ratis.thirdparty.io.grpc.StatusRuntimeException: UNAVAILABLE: io exception
	at java.util.concurrent.FutureTask.report(FutureTask.java:122)
	at java.util.concurrent.FutureTask.get(FutureTask.java:192)
	at org.apache.ratis.server.impl.LeaderElection.waitForResults(LeaderElection.java:262)
	at org.apache.ratis.server.impl.LeaderElection.askForVotes(LeaderElection.java:200)
	at org.apache.ratis.server.impl.LeaderElection.run(LeaderElection.java:130)
	at java.lang.Thread.run(Thread.java:748)
Caused by: org.apache.ratis.thirdparty.io.grpc.StatusRuntimeException: UNAVAILABLE: io exception
	at org.apache.ratis.thirdparty.io.grpc.stub.ClientCalls.toStatusRuntimeException(ClientCalls.java:233)
	at org.apache.ratis.thirdparty.io.grpc.stub.ClientCalls.getUnchecked(ClientCalls.java:214)
	at org.apache.ratis.thirdparty.io.grpc.stub.ClientCalls.blockingUnaryCall(ClientCalls.java:139)
	at org.apache.ratis.proto.grpc.RaftServerProtocolServiceGrpc$RaftServerProtocolServiceBlockingStub.requestVote(RaftServerProtocolServiceGrpc.java:265)
	at org.apache.ratis.grpc.server.GrpcServerProtocolClient.requestVote(GrpcServerProtocolClient.java:83)
	at org.apache.ratis.grpc.server.GrpcService.requestVote(GrpcService.java:195)
	at org.apache.ratis.server.impl.LeaderElection.lambda$submitRequests$1(LeaderElection.java:237)
	at java.util.concurrent.FutureTask.run(FutureTask.java:266)
	at java.util.concurrent.Executors$RunnableAdapter.call(Executors.java:511)
	at java.util.concurrent.FutureTask.run(FutureTask.java:266)
	at java.util.concurrent.ThreadPoolExecutor.runWorker(ThreadPoolExecutor.java:1149)
	at java.util.concurrent.ThreadPoolExecutor$Worker.run(ThreadPoolExecutor.java:624)
	... 1 more
Caused by: org.apache.ratis.thirdparty.io.netty.channel.AbstractChannel$AnnotatedConnectException: Connection refused: /192.168.5.178:40555
	at sun.nio.ch.SocketChannelImpl.checkConnect(Native Method)
	at sun.nio.ch.SocketChannelImpl.finishConnect(SocketChannelImpl.java:717)
	at org.apache.ratis.thirdparty.io.netty.channel.socket.nio.NioSocketChannel.doFinishConnect(NioSocketChannel.java:327)
	at org.apache.ratis.thirdparty.io.netty.channel.nio.AbstractNioChannel$AbstractNioUnsafe.finishConnect(AbstractNioChannel.java:340)
	at org.apache.ratis.thirdparty.io.netty.channel.nio.NioEventLoop.processSelectedKey(NioEventLoop.java:632)
	at org.apache.ratis.thirdparty.io.netty.channel.nio.NioEventLoop.processSelectedKeysOptimized(NioEventLoop.java:579)
	at org.apache.ratis.thirdparty.io.netty.channel.nio.NioEventLoop.processSelectedKeys(NioEventLoop.java:496)
	at org.apache.ratis.thirdparty.io.netty.channel.nio.NioEventLoop.run(NioEventLoop.java:458)
	at org.apache.ratis.thirdparty.io.netty.util.concurrent.SingleThreadEventExecutor$5.run(SingleThreadEventExecutor.java:897)
	at org.apache.ratis.thirdparty.io.netty.util.concurrent.FastThreadLocalRunnable.run(FastThreadLocalRunnable.java:30)
	... 1 more
Caused by: java.net.ConnectException: Connection refused
	... 11 more
2019-08-23 05:54:50,173 [96a4345b-84e3-4f69-b56b-0cb9f3200145:group-AD9040517D7F:LeaderElection26] INFO  impl.LeaderElection (LogUtils.java:infoOrTrace(149)) - 96a4345b-84e3-4f69-b56b-0cb9f3200145:group-AD9040517D7F:LeaderElection26 got exception when requesting votes: {}
java.util.concurrent.ExecutionException: org.apache.ratis.thirdparty.io.grpc.StatusRuntimeException: UNAVAILABLE: io exception
	at java.util.concurrent.FutureTask.report(FutureTask.java:122)
	at java.util.concurrent.FutureTask.get(FutureTask.java:192)
	at org.apache.ratis.server.impl.LeaderElection.waitForResults(LeaderElection.java:262)
	at org.apache.ratis.server.impl.LeaderElection.askForVotes(LeaderElection.java:200)
	at org.apache.ratis.server.impl.LeaderElection.run(LeaderElection.java:130)
	at java.lang.Thread.run(Thread.java:748)
Caused by: org.apache.ratis.thirdparty.io.grpc.StatusRuntimeException: UNAVAILABLE: io exception
	at org.apache.ratis.thirdparty.io.grpc.stub.ClientCalls.toStatusRuntimeException(ClientCalls.java:233)
	at org.apache.ratis.thirdparty.io.grpc.stub.ClientCalls.getUnchecked(ClientCalls.java:214)
	at org.apache.ratis.thirdparty.io.grpc.stub.ClientCalls.blockingUnaryCall(ClientCalls.java:139)
	at org.apache.ratis.proto.grpc.RaftServerProtocolServiceGrpc$RaftServerProtocolServiceBlockingStub.requestVote(RaftServerProtocolServiceGrpc.java:265)
	at org.apache.ratis.grpc.server.GrpcServerProtocolClient.requestVote(GrpcServerProtocolClient.java:83)
	at org.apache.ratis.grpc.server.GrpcService.requestVote(GrpcService.java:195)
	at org.apache.ratis.server.impl.LeaderElection.lambda$submitRequests$1(LeaderElection.java:237)
	at java.util.concurrent.FutureTask.run(FutureTask.java:266)
	at java.util.concurrent.Executors$RunnableAdapter.call(Executors.java:511)
	at java.util.concurrent.FutureTask.run(FutureTask.java:266)
	at java.util.concurrent.ThreadPoolExecutor.runWorker(ThreadPoolExecutor.java:1149)
	at java.util.concurrent.ThreadPoolExecutor$Worker.run(ThreadPoolExecutor.java:624)
	... 1 more
Caused by: org.apache.ratis.thirdparty.io.netty.channel.AbstractChannel$AnnotatedConnectException: Connection refused: /192.168.5.178:46322
	at sun.nio.ch.SocketChannelImpl.checkConnect(Native Method)
	at sun.nio.ch.SocketChannelImpl.finishConnect(SocketChannelImpl.java:717)
	at org.apache.ratis.thirdparty.io.netty.channel.socket.nio.NioSocketChannel.doFinishConnect(NioSocketChannel.java:327)
	at org.apache.ratis.thirdparty.io.netty.channel.nio.AbstractNioChannel$AbstractNioUnsafe.finishConnect(AbstractNioChannel.java:340)
	at org.apache.ratis.thirdparty.io.netty.channel.nio.NioEventLoop.processSelectedKey(NioEventLoop.java:632)
	at org.apache.ratis.thirdparty.io.netty.channel.nio.NioEventLoop.processSelectedKeysOptimized(NioEventLoop.java:579)
	at org.apache.ratis.thirdparty.io.netty.channel.nio.NioEventLoop.processSelectedKeys(NioEventLoop.java:496)
	at org.apache.ratis.thirdparty.io.netty.channel.nio.NioEventLoop.run(NioEventLoop.java:458)
	at org.apache.ratis.thirdparty.io.netty.util.concurrent.SingleThreadEventExecutor$5.run(SingleThreadEventExecutor.java:897)
	at org.apache.ratis.thirdparty.io.netty.util.concurrent.FastThreadLocalRunnable.run(FastThreadLocalRunnable.java:30)
	... 1 more
Caused by: java.net.ConnectException: Connection refused
	... 11 more
2019-08-23 05:54:50,176 [96a4345b-84e3-4f69-b56b-0cb9f3200145:group-AD9040517D7F:LeaderElection26] INFO  impl.LeaderElection (LeaderElection.java:logAndReturn(56)) - 96a4345b-84e3-4f69-b56b-0cb9f3200145:group-AD9040517D7F:LeaderElection26: Election REJECTED; received 0 response(s) [] and 2 exception(s); 96a4345b-84e3-4f69-b56b-0cb9f3200145:t5, leader=null, voted=96a4345b-84e3-4f69-b56b-0cb9f3200145, raftlog=96a4345b-84e3-4f69-b56b-0cb9f3200145-SegmentedRaftLog:OPENED:c0,f0,i0, conf=0: [63fd8c64-0397-4420-bb2f-fd9af094cc1f:192.168.5.178:40555, c6842691-702c-4d39-b47f-d27b1fab8f33:192.168.5.178:46322, 96a4345b-84e3-4f69-b56b-0cb9f3200145:192.168.5.178:40964], old=null
2019-08-23 05:54:50,176 [96a4345b-84e3-4f69-b56b-0cb9f3200145:group-AD9040517D7F:LeaderElection26] INFO  impl.LeaderElection (LogUtils.java:infoOrTrace(149)) -   Exception 0: {}
java.util.concurrent.ExecutionException: org.apache.ratis.thirdparty.io.grpc.StatusRuntimeException: UNAVAILABLE: io exception
	at java.util.concurrent.FutureTask.report(FutureTask.java:122)
	at java.util.concurrent.FutureTask.get(FutureTask.java:192)
	at org.apache.ratis.server.impl.LeaderElection.waitForResults(LeaderElection.java:262)
	at org.apache.ratis.server.impl.LeaderElection.askForVotes(LeaderElection.java:200)
	at org.apache.ratis.server.impl.LeaderElection.run(LeaderElection.java:130)
	at java.lang.Thread.run(Thread.java:748)
Caused by: org.apache.ratis.thirdparty.io.grpc.StatusRuntimeException: UNAVAILABLE: io exception
	at org.apache.ratis.thirdparty.io.grpc.stub.ClientCalls.toStatusRuntimeException(ClientCalls.java:233)
	at org.apache.ratis.thirdparty.io.grpc.stub.ClientCalls.getUnchecked(ClientCalls.java:214)
	at org.apache.ratis.thirdparty.io.grpc.stub.ClientCalls.blockingUnaryCall(ClientCalls.java:139)
	at org.apache.ratis.proto.grpc.RaftServerProtocolServiceGrpc$RaftServerProtocolServiceBlockingStub.requestVote(RaftServerProtocolServiceGrpc.java:265)
	at org.apache.ratis.grpc.server.GrpcServerProtocolClient.requestVote(GrpcServerProtocolClient.java:83)
	at org.apache.ratis.grpc.server.GrpcService.requestVote(GrpcService.java:195)
	at org.apache.ratis.server.impl.LeaderElection.lambda$submitRequests$1(LeaderElection.java:237)
	at java.util.concurrent.FutureTask.run(FutureTask.java:266)
	at java.util.concurrent.Executors$RunnableAdapter.call(Executors.java:511)
	at java.util.concurrent.FutureTask.run(FutureTask.java:266)
	at java.util.concurrent.ThreadPoolExecutor.runWorker(ThreadPoolExecutor.java:1149)
	at java.util.concurrent.ThreadPoolExecutor$Worker.run(ThreadPoolExecutor.java:624)
	... 1 more
Caused by: org.apache.ratis.thirdparty.io.netty.channel.AbstractChannel$AnnotatedConnectException: Connection refused: /192.168.5.178:40555
	at sun.nio.ch.SocketChannelImpl.checkConnect(Native Method)
	at sun.nio.ch.SocketChannelImpl.finishConnect(SocketChannelImpl.java:717)
	at org.apache.ratis.thirdparty.io.netty.channel.socket.nio.NioSocketChannel.doFinishConnect(NioSocketChannel.java:327)
	at org.apache.ratis.thirdparty.io.netty.channel.nio.AbstractNioChannel$AbstractNioUnsafe.finishConnect(AbstractNioChannel.java:340)
	at org.apache.ratis.thirdparty.io.netty.channel.nio.NioEventLoop.processSelectedKey(NioEventLoop.java:632)
	at org.apache.ratis.thirdparty.io.netty.channel.nio.NioEventLoop.processSelectedKeysOptimized(NioEventLoop.java:579)
	at org.apache.ratis.thirdparty.io.netty.channel.nio.NioEventLoop.processSelectedKeys(NioEventLoop.java:496)
	at org.apache.ratis.thirdparty.io.netty.channel.nio.NioEventLoop.run(NioEventLoop.java:458)
	at org.apache.ratis.thirdparty.io.netty.util.concurrent.SingleThreadEventExecutor$5.run(SingleThreadEventExecutor.java:897)
	at org.apache.ratis.thirdparty.io.netty.util.concurrent.FastThreadLocalRunnable.run(FastThreadLocalRunnable.java:30)
	... 1 more
Caused by: java.net.ConnectException: Connection refused
	... 11 more
2019-08-23 05:54:50,177 [96a4345b-84e3-4f69-b56b-0cb9f3200145:group-AD9040517D7F:LeaderElection26] INFO  impl.LeaderElection (LogUtils.java:infoOrTrace(149)) -   Exception 1: {}
java.util.concurrent.ExecutionException: org.apache.ratis.thirdparty.io.grpc.StatusRuntimeException: UNAVAILABLE: io exception
	at java.util.concurrent.FutureTask.report(FutureTask.java:122)
	at java.util.concurrent.FutureTask.get(FutureTask.java:192)
	at org.apache.ratis.server.impl.LeaderElection.waitForResults(LeaderElection.java:262)
	at org.apache.ratis.server.impl.LeaderElection.askForVotes(LeaderElection.java:200)
	at org.apache.ratis.server.impl.LeaderElection.run(LeaderElection.java:130)
	at java.lang.Thread.run(Thread.java:748)
Caused by: org.apache.ratis.thirdparty.io.grpc.StatusRuntimeException: UNAVAILABLE: io exception
	at org.apache.ratis.thirdparty.io.grpc.stub.ClientCalls.toStatusRuntimeException(ClientCalls.java:233)
	at org.apache.ratis.thirdparty.io.grpc.stub.ClientCalls.getUnchecked(ClientCalls.java:214)
	at org.apache.ratis.thirdparty.io.grpc.stub.ClientCalls.blockingUnaryCall(ClientCalls.java:139)
	at org.apache.ratis.proto.grpc.RaftServerProtocolServiceGrpc$RaftServerProtocolServiceBlockingStub.requestVote(RaftServerProtocolServiceGrpc.java:265)
	at org.apache.ratis.grpc.server.GrpcServerProtocolClient.requestVote(GrpcServerProtocolClient.java:83)
	at org.apache.ratis.grpc.server.GrpcService.requestVote(GrpcService.java:195)
	at org.apache.ratis.server.impl.LeaderElection.lambda$submitRequests$1(LeaderElection.java:237)
	at java.util.concurrent.FutureTask.run(FutureTask.java:266)
	at java.util.concurrent.Executors$RunnableAdapter.call(Executors.java:511)
	at java.util.concurrent.FutureTask.run(FutureTask.java:266)
	at java.util.concurrent.ThreadPoolExecutor.runWorker(ThreadPoolExecutor.java:1149)
	at java.util.concurrent.ThreadPoolExecutor$Worker.run(ThreadPoolExecutor.java:624)
	... 1 more
Caused by: org.apache.ratis.thirdparty.io.netty.channel.AbstractChannel$AnnotatedConnectException: Connection refused: /192.168.5.178:46322
	at sun.nio.ch.SocketChannelImpl.checkConnect(Native Method)
	at sun.nio.ch.SocketChannelImpl.finishConnect(SocketChannelImpl.java:717)
	at org.apache.ratis.thirdparty.io.netty.channel.socket.nio.NioSocketChannel.doFinishConnect(NioSocketChannel.java:327)
	at org.apache.ratis.thirdparty.io.netty.channel.nio.AbstractNioChannel$AbstractNioUnsafe.finishConnect(AbstractNioChannel.java:340)
	at org.apache.ratis.thirdparty.io.netty.channel.nio.NioEventLoop.processSelectedKey(NioEventLoop.java:632)
	at org.apache.ratis.thirdparty.io.netty.channel.nio.NioEventLoop.processSelectedKeysOptimized(NioEventLoop.java:579)
	at org.apache.ratis.thirdparty.io.netty.channel.nio.NioEventLoop.processSelectedKeys(NioEventLoop.java:496)
	at org.apache.ratis.thirdparty.io.netty.channel.nio.NioEventLoop.run(NioEventLoop.java:458)
	at org.apache.ratis.thirdparty.io.netty.util.concurrent.SingleThreadEventExecutor$5.run(SingleThreadEventExecutor.java:897)
	at org.apache.ratis.thirdparty.io.netty.util.concurrent.FastThreadLocalRunnable.run(FastThreadLocalRunnable.java:30)
	... 1 more
Caused by: java.net.ConnectException: Connection refused
	... 11 more
2019-08-23 05:54:50,178 [96a4345b-84e3-4f69-b56b-0cb9f3200145:group-AD9040517D7F:LeaderElection26] INFO  impl.RaftServerImpl (RaftServerImpl.java:setRole(171)) - 96a4345b-84e3-4f69-b56b-0cb9f3200145:group-AD9040517D7F changes role from CANDIDATE to FOLLOWER at term 5 for DISCOVERED_A_NEW_TERM
2019-08-23 05:54:50,180 [96a4345b-84e3-4f69-b56b-0cb9f3200145:group-AD9040517D7F:LeaderElection26] INFO  impl.RoleInfo (RoleInfo.java:shutdownLeaderElection(134)) - 96a4345b-84e3-4f69-b56b-0cb9f3200145: shutdown LeaderElection
2019-08-23 05:54:50,180 [96a4345b-84e3-4f69-b56b-0cb9f3200145:group-AD9040517D7F:LeaderElection26] INFO  impl.RoleInfo (RoleInfo.java:updateAndGet(143)) - 96a4345b-84e3-4f69-b56b-0cb9f3200145: start FollowerState
2019-08-23 05:54:50,774 | INFO  | SCMAudit | user=jenkins1000 | ip=192.168.5.178 | op=SEND_HEARTBEAT {datanodeUUID=9e0d48e9-795f-4679-b1bc-974fe7951c55, command=[]} | ret=SUCCESS |  
2019-08-23 05:54:51,773 | INFO  | SCMAudit | user=jenkins1000 | ip=192.168.5.178 | op=SEND_HEARTBEAT {datanodeUUID=9e0d48e9-795f-4679-b1bc-974fe7951c55, command=[]} | ret=SUCCESS |  
2019-08-23 05:54:52,773 | INFO  | SCMAudit | user=jenkins1000 | ip=192.168.5.178 | op=SEND_HEARTBEAT {datanodeUUID=9e0d48e9-795f-4679-b1bc-974fe7951c55, command=[]} | ret=SUCCESS |  
2019-08-23 05:54:53,071 [main] INFO  ozoneimpl.OzoneContainer (OzoneContainer.java:stop(199)) - Attempting to stop container services.
2019-08-23 05:54:53,071 [ForkJoinPool.commonPool-worker-0] INFO  ozoneimpl.OzoneContainer (OzoneContainer.java:stop(199)) - Attempting to stop container services.
2019-08-23 05:54:53,072 [main] INFO  impl.RaftServerProxy (RaftServerProxy.java:lambda$close$4(314)) - 6b30598f-e3b0-450c-bc0d-9274443a7fa0: close
2019-08-23 05:54:53,072 [ForkJoinPool.commonPool-worker-0] INFO  impl.RaftServerProxy (RaftServerProxy.java:lambda$close$4(314)) - 96a4345b-84e3-4f69-b56b-0cb9f3200145: close
2019-08-23 05:54:53,072 [main] INFO  impl.RaftServerImpl (RaftServerImpl.java:lambda$shutdown$3(245)) - 6b30598f-e3b0-450c-bc0d-9274443a7fa0: shutdown group-8CAEA888D42B
2019-08-23 05:54:53,073 [ForkJoinPool.commonPool-worker-0] INFO  impl.RaftServerImpl (RaftServerImpl.java:lambda$shutdown$3(245)) - 96a4345b-84e3-4f69-b56b-0cb9f3200145: shutdown group-B8A180791E72
2019-08-23 05:54:53,073 [main] INFO  util.JmxRegister (JmxRegister.java:unregister(73)) - Successfully un-registered JMX Bean with object name Ratis:service=RaftServer,group=group-8CAEA888D42B,id=6b30598f-e3b0-450c-bc0d-9274443a7fa0
2019-08-23 05:54:53,074 [main] INFO  impl.RoleInfo (RoleInfo.java:shutdownLeaderState(104)) - 6b30598f-e3b0-450c-bc0d-9274443a7fa0: shutdown LeaderState
2019-08-23 05:54:53,073 [ForkJoinPool.commonPool-worker-0] INFO  util.JmxRegister (JmxRegister.java:unregister(73)) - Successfully un-registered JMX Bean with object name Ratis:service=RaftServer,group=group-B8A180791E72,id=96a4345b-84e3-4f69-b56b-0cb9f3200145
2019-08-23 05:54:53,074 [main] INFO  impl.PendingRequests (PendingRequests.java:sendNotLeaderResponses(202)) - 6b30598f-e3b0-450c-bc0d-9274443a7fa0-PendingRequests: sendNotLeaderResponses
2019-08-23 05:54:53,075 [ForkJoinPool.commonPool-worker-0] INFO  impl.RoleInfo (RoleInfo.java:shutdownLeaderState(104)) - 96a4345b-84e3-4f69-b56b-0cb9f3200145: shutdown LeaderState
2019-08-23 05:54:53,075 [main] INFO  impl.StateMachineUpdater (StateMachineUpdater.java:stopAndJoin(115)) - StateMachineUpdater:6b30598f-e3b0-450c-bc0d-9274443a7fa0:group-8CAEA888D42B: set stopIndex = 0
2019-08-23 05:54:53,079 [main] INFO  impl.RaftServerImpl (ServerState.java:close(394)) - 6b30598f-e3b0-450c-bc0d-9274443a7fa0:group-8CAEA888D42B closes. The last applied log index is 0
2019-08-23 05:54:53,078 [ForkJoinPool.commonPool-worker-0] INFO  impl.PendingRequests (PendingRequests.java:sendNotLeaderResponses(202)) - 96a4345b-84e3-4f69-b56b-0cb9f3200145-PendingRequests: sendNotLeaderResponses
2019-08-23 05:54:53,079 [6b30598f-e3b0-450c-bc0d-9274443a7fa0-SegmentedRaftLogWorker:Storage Directory /workdir/hadoop-ozone/integration-test/target/test-dir/MiniOzoneClusterImpl-4e018812-8580-4f5b-9c00-decd40181699/datanode-6/data/ratis/7a8ed2d4-c2ed-4f04-ba7d-8caea888d42b] INFO  segmented.SegmentedRaftLogWorker (SegmentedRaftLogWorker.java:run(313)) - 6b30598f-e3b0-450c-bc0d-9274443a7fa0-SegmentedRaftLogWorker:Storage Directory /workdir/hadoop-ozone/integration-test/target/test-dir/MiniOzoneClusterImpl-4e018812-8580-4f5b-9c00-decd40181699/datanode-6/data/ratis/7a8ed2d4-c2ed-4f04-ba7d-8caea888d42b was interrupted, exiting. There are 0 tasks remaining in the queue.
2019-08-23 05:54:53,080 [ForkJoinPool.commonPool-worker-0] INFO  impl.StateMachineUpdater (StateMachineUpdater.java:stopAndJoin(115)) - StateMachineUpdater:96a4345b-84e3-4f69-b56b-0cb9f3200145:group-B8A180791E72: set stopIndex = 0
2019-08-23 05:54:53,088 [ForkJoinPool.commonPool-worker-0] INFO  impl.RaftServerImpl (ServerState.java:close(394)) - 96a4345b-84e3-4f69-b56b-0cb9f3200145:group-B8A180791E72 closes. The last applied log index is 0
2019-08-23 05:54:53,088 [main] INFO  segmented.SegmentedRaftLogWorker (SegmentedRaftLogWorker.java:close(228)) - 6b30598f-e3b0-450c-bc0d-9274443a7fa0-SegmentedRaftLogWorker:Storage Directory /workdir/hadoop-ozone/integration-test/target/test-dir/MiniOzoneClusterImpl-4e018812-8580-4f5b-9c00-decd40181699/datanode-6/data/ratis/7a8ed2d4-c2ed-4f04-ba7d-8caea888d42b close()
2019-08-23 05:54:53,089 [96a4345b-84e3-4f69-b56b-0cb9f3200145-SegmentedRaftLogWorker:Storage Directory /workdir/hadoop-ozone/integration-test/target/test-dir/MiniOzoneClusterImpl-4e018812-8580-4f5b-9c00-decd40181699/datanode-0/data/ratis/38cd217b-cbe9-40e4-9463-b8a180791e72] INFO  segmented.SegmentedRaftLogWorker (SegmentedRaftLogWorker.java:run(313)) - 96a4345b-84e3-4f69-b56b-0cb9f3200145-SegmentedRaftLogWorker:Storage Directory /workdir/hadoop-ozone/integration-test/target/test-dir/MiniOzoneClusterImpl-4e018812-8580-4f5b-9c00-decd40181699/datanode-0/data/ratis/38cd217b-cbe9-40e4-9463-b8a180791e72 was interrupted, exiting. There are 0 tasks remaining in the queue.
2019-08-23 05:54:53,090 [main] INFO  server.GrpcService (GrpcService.java:closeImpl(155)) - 6b30598f-e3b0-450c-bc0d-9274443a7fa0: shutdown server with port 41188 now
2019-08-23 05:54:53,092 [ForkJoinPool.commonPool-worker-0] INFO  segmented.SegmentedRaftLogWorker (SegmentedRaftLogWorker.java:close(228)) - 96a4345b-84e3-4f69-b56b-0cb9f3200145-SegmentedRaftLogWorker:Storage Directory /workdir/hadoop-ozone/integration-test/target/test-dir/MiniOzoneClusterImpl-4e018812-8580-4f5b-9c00-decd40181699/datanode-0/data/ratis/38cd217b-cbe9-40e4-9463-b8a180791e72 close()
2019-08-23 05:54:53,094 [main] INFO  server.GrpcService (GrpcService.java:closeImpl(163)) - 6b30598f-e3b0-450c-bc0d-9274443a7fa0: shutdown server with port 41188 successfully
2019-08-23 05:54:53,099 [ForkJoinPool.commonPool-worker-0] INFO  impl.RaftServerImpl (RaftServerImpl.java:lambda$shutdown$3(245)) - 96a4345b-84e3-4f69-b56b-0cb9f3200145: shutdown group-AD9040517D7F
2019-08-23 05:54:53,099 [ForkJoinPool.commonPool-worker-0] INFO  util.JmxRegister (JmxRegister.java:unregister(73)) - Successfully un-registered JMX Bean with object name Ratis:service=RaftServer,group=group-AD9040517D7F,id=96a4345b-84e3-4f69-b56b-0cb9f3200145
2019-08-23 05:54:53,100 [ForkJoinPool.commonPool-worker-0] INFO  impl.RoleInfo (RoleInfo.java:shutdownFollowerState(121)) - 96a4345b-84e3-4f69-b56b-0cb9f3200145: shutdown FollowerState
2019-08-23 05:54:53,100 [main] INFO  utils.BackgroundService (BackgroundService.java:shutdown(148)) - Shutting down service BlockDeletingService
2019-08-23 05:54:53,100 [ForkJoinPool.commonPool-worker-0] INFO  impl.StateMachineUpdater (StateMachineUpdater.java:stopAndJoin(115)) - StateMachineUpdater:96a4345b-84e3-4f69-b56b-0cb9f3200145:group-AD9040517D7F: set stopIndex = 0
2019-08-23 05:54:53,100 [Thread-1718] INFO  impl.FollowerState (FollowerState.java:run(114)) - 96a4345b-84e3-4f69-b56b-0cb9f3200145: FollowerState was interrupted: java.lang.InterruptedException: sleep interrupted
2019-08-23 05:54:53,101 [ForkJoinPool.commonPool-worker-0] INFO  impl.RaftServerImpl (ServerState.java:close(394)) - 96a4345b-84e3-4f69-b56b-0cb9f3200145:group-AD9040517D7F closes. The last applied log index is 0
2019-08-23 05:54:53,105 [96a4345b-84e3-4f69-b56b-0cb9f3200145-SegmentedRaftLogWorker:Storage Directory /workdir/hadoop-ozone/integration-test/target/test-dir/MiniOzoneClusterImpl-4e018812-8580-4f5b-9c00-decd40181699/datanode-0/data/ratis/988b6394-1126-4bd5-847e-ad9040517d7f] INFO  segmented.SegmentedRaftLogWorker (SegmentedRaftLogWorker.java:run(313)) - 96a4345b-84e3-4f69-b56b-0cb9f3200145-SegmentedRaftLogWorker:Storage Directory /workdir/hadoop-ozone/integration-test/target/test-dir/MiniOzoneClusterImpl-4e018812-8580-4f5b-9c00-decd40181699/datanode-0/data/ratis/988b6394-1126-4bd5-847e-ad9040517d7f was interrupted, exiting. There are 0 tasks remaining in the queue.
2019-08-23 05:54:53,106 [ForkJoinPool.commonPool-worker-0] INFO  segmented.SegmentedRaftLogWorker (SegmentedRaftLogWorker.java:close(228)) - 96a4345b-84e3-4f69-b56b-0cb9f3200145-SegmentedRaftLogWorker:Storage Directory /workdir/hadoop-ozone/integration-test/target/test-dir/MiniOzoneClusterImpl-4e018812-8580-4f5b-9c00-decd40181699/datanode-0/data/ratis/988b6394-1126-4bd5-847e-ad9040517d7f close()
2019-08-23 05:54:53,106 [ForkJoinPool.commonPool-worker-0] INFO  server.GrpcService (GrpcService.java:closeImpl(155)) - 96a4345b-84e3-4f69-b56b-0cb9f3200145: shutdown server with port 40964 now
2019-08-23 05:54:53,107 [refreshUsed-/workdir/hadoop-ozone/integration-test/target/test-dir/MiniOzoneClusterImpl-4e018812-8580-4f5b-9c00-decd40181699/datanode-6/data/containers] WARN  fs.CachingGetSpaceUsed (CachingGetSpaceUsed.java:run(183)) - Thread Interrupted waiting to refresh disk information: sleep interrupted
2019-08-23 05:54:53,111 [ForkJoinPool.commonPool-worker-0] INFO  server.GrpcService (GrpcService.java:closeImpl(163)) - 96a4345b-84e3-4f69-b56b-0cb9f3200145: shutdown server with port 40964 successfully
2019-08-23 05:54:53,114 [ForkJoinPool.commonPool-worker-0] INFO  utils.BackgroundService (BackgroundService.java:shutdown(148)) - Shutting down service BlockDeletingService
2019-08-23 05:54:53,119 [refreshUsed-/workdir/hadoop-ozone/integration-test/target/test-dir/MiniOzoneClusterImpl-4e018812-8580-4f5b-9c00-decd40181699/datanode-0/data/containers] WARN  fs.CachingGetSpaceUsed (CachingGetSpaceUsed.java:run(183)) - Thread Interrupted waiting to refresh disk information: sleep interrupted
2019-08-23 05:54:53,136 [main] INFO  statemachine.DatanodeStateMachine (DatanodeStateMachine.java:stopDaemon(395)) - Ozone container server stopped.
2019-08-23 05:54:53,137 [main] INFO  handler.ContextHandler (ContextHandler.java:doStop(910)) - Stopped o.e.j.w.WebAppContext@73958426{/,null,UNAVAILABLE}{/hddsDatanode}
2019-08-23 05:54:53,138 [main] INFO  server.AbstractConnector (AbstractConnector.java:doStop(318)) - Stopped ServerConnector@23933031{HTTP/1.1,[http/1.1]}{0.0.0.0:0}
2019-08-23 05:54:53,138 [main] INFO  handler.ContextHandler (ContextHandler.java:doStop(910)) - Stopped o.e.j.s.ServletContextHandler@5d8fd077{/static,jar:file:/home/user/.m2/repository/org/apache/hadoop/hadoop-hdds-container-service/0.5.0-SNAPSHOT/hadoop-hdds-container-service-0.5.0-SNAPSHOT.jar!/webapps/static,UNAVAILABLE}
2019-08-23 05:54:53,139 [main] INFO  handler.ContextHandler (ContextHandler.java:doStop(910)) - Stopped o.e.j.s.ServletContextHandler@6ab1f85b{/logs,file:///workdir/hadoop-ozone/integration-test/target/log,UNAVAILABLE}
2019-08-23 05:54:53,142 [ForkJoinPool.commonPool-worker-0] INFO  statemachine.DatanodeStateMachine (DatanodeStateMachine.java:stopDaemon(395)) - Ozone container server stopped.
2019-08-23 05:54:53,145 [main] INFO  datanode.ObjectStoreHandler (ObjectStoreHandler.java:close(155)) - Closing ObjectStoreHandler.
2019-08-23 05:54:53,147 [ForkJoinPool.commonPool-worker-0] INFO  handler.ContextHandler (ContextHandler.java:doStop(910)) - Stopped o.e.j.w.WebAppContext@5ca22e19{/,null,UNAVAILABLE}{/hddsDatanode}
2019-08-23 05:54:53,147 [main] INFO  ozone.HddsDatanodeService (HddsDatanodeService.java:stop(451)) - Stopped plug-in org.apache.hadoop.ozone.web.OzoneHddsDatanodeService@57920d6c
2019-08-23 05:54:53,147 [ForkJoinPool.commonPool-worker-0] INFO  server.AbstractConnector (AbstractConnector.java:doStop(318)) - Stopped ServerConnector@29d3d0fb{HTTP/1.1,[http/1.1]}{0.0.0.0:0}
2019-08-23 05:54:53,149 [ForkJoinPool.commonPool-worker-0] INFO  handler.ContextHandler (ContextHandler.java:doStop(910)) - Stopped o.e.j.s.ServletContextHandler@67a0ff25{/static,jar:file:/home/user/.m2/repository/org/apache/hadoop/hadoop-hdds-container-service/0.5.0-SNAPSHOT/hadoop-hdds-container-service-0.5.0-SNAPSHOT.jar!/webapps/static,UNAVAILABLE}
2019-08-23 05:54:53,150 [ForkJoinPool.commonPool-worker-0] INFO  handler.ContextHandler (ContextHandler.java:doStop(910)) - Stopped o.e.j.s.ServletContextHandler@4dd1d2bb{/logs,file:///workdir/hadoop-ozone/integration-test/target/log,UNAVAILABLE}
2019-08-23 05:54:53,772 [Datanode State Machine Thread - 0] INFO  statemachine.DatanodeStateMachine (DatanodeStateMachine.java:lambda$startDaemon$0(350)) - Ozone container server started.
2019-08-23 05:54:55,681 [Thread-753] INFO  impl.FollowerState (FollowerState.java:run(106)) - 9e0d48e9-795f-4679-b1bc-974fe7951c55:group-FC65621A5432 changes to CANDIDATE, lastRpcTime:8017, electionTimeout:5113ms
2019-08-23 05:54:55,681 [Thread-753] INFO  impl.RoleInfo (RoleInfo.java:shutdownFollowerState(121)) - 9e0d48e9-795f-4679-b1bc-974fe7951c55: shutdown FollowerState
2019-08-23 05:54:55,681 [Thread-753] INFO  impl.RaftServerImpl (RaftServerImpl.java:setRole(171)) - 9e0d48e9-795f-4679-b1bc-974fe7951c55:group-FC65621A5432 changes role from FOLLOWER to CANDIDATE at term 1 for changeToCandidate
2019-08-23 05:54:55,681 [Thread-753] INFO  impl.RoleInfo (RoleInfo.java:updateAndGet(143)) - 9e0d48e9-795f-4679-b1bc-974fe7951c55: start LeaderElection
2019-08-23 05:54:55,682 [9e0d48e9-795f-4679-b1bc-974fe7951c55:group-FC65621A5432:LeaderElection27] INFO  impl.RaftServerImpl (ServerState.java:setLeader(263)) - 9e0d48e9-795f-4679-b1bc-974fe7951c55:group-FC65621A5432 change Leader from d4f36997-48a6-49b8-995b-3c38d9ac3c0f to null at term 1 for initElection
2019-08-23 05:54:55,696 [9e0d48e9-795f-4679-b1bc-974fe7951c55:group-FC65621A5432:LeaderElection27] INFO  impl.LeaderElection (LeaderElection.java:askForVotes(181)) - 9e0d48e9-795f-4679-b1bc-974fe7951c55:group-FC65621A5432:LeaderElection27: begin an election at term 2 for 0: [564f3e1b-dc37-4d98-9518-cc9451ddb3ca:192.168.5.178:44139, 9e0d48e9-795f-4679-b1bc-974fe7951c55:192.168.5.178:42216, d4f36997-48a6-49b8-995b-3c38d9ac3c0f:192.168.5.178:40775], old=null
2019-08-23 05:54:55,699 [9e0d48e9-795f-4679-b1bc-974fe7951c55:group-FC65621A5432:LeaderElection27] INFO  impl.LeaderElection (LogUtils.java:infoOrTrace(149)) - 9e0d48e9-795f-4679-b1bc-974fe7951c55:group-FC65621A5432:LeaderElection27 got exception when requesting votes: {}
java.util.concurrent.ExecutionException: org.apache.ratis.thirdparty.io.grpc.StatusRuntimeException: UNAVAILABLE: io exception
	at java.util.concurrent.FutureTask.report(FutureTask.java:122)
	at java.util.concurrent.FutureTask.get(FutureTask.java:192)
	at org.apache.ratis.server.impl.LeaderElection.waitForResults(LeaderElection.java:262)
	at org.apache.ratis.server.impl.LeaderElection.askForVotes(LeaderElection.java:200)
	at org.apache.ratis.server.impl.LeaderElection.run(LeaderElection.java:130)
	at java.lang.Thread.run(Thread.java:748)
Caused by: org.apache.ratis.thirdparty.io.grpc.StatusRuntimeException: UNAVAILABLE: io exception
	at org.apache.ratis.thirdparty.io.grpc.stub.ClientCalls.toStatusRuntimeException(ClientCalls.java:233)
	at org.apache.ratis.thirdparty.io.grpc.stub.ClientCalls.getUnchecked(ClientCalls.java:214)
	at org.apache.ratis.thirdparty.io.grpc.stub.ClientCalls.blockingUnaryCall(ClientCalls.java:139)
	at org.apache.ratis.proto.grpc.RaftServerProtocolServiceGrpc$RaftServerProtocolServiceBlockingStub.requestVote(RaftServerProtocolServiceGrpc.java:265)
	at org.apache.ratis.grpc.server.GrpcServerProtocolClient.requestVote(GrpcServerProtocolClient.java:83)
	at org.apache.ratis.grpc.server.GrpcService.requestVote(GrpcService.java:195)
	at org.apache.ratis.server.impl.LeaderElection.lambda$submitRequests$1(LeaderElection.java:237)
	at java.util.concurrent.FutureTask.run(FutureTask.java:266)
	at java.util.concurrent.Executors$RunnableAdapter.call(Executors.java:511)
	at java.util.concurrent.FutureTask.run(FutureTask.java:266)
	at java.util.concurrent.ThreadPoolExecutor.runWorker(ThreadPoolExecutor.java:1149)
	at java.util.concurrent.ThreadPoolExecutor$Worker.run(ThreadPoolExecutor.java:624)
	... 1 more
Caused by: org.apache.ratis.thirdparty.io.netty.channel.AbstractChannel$AnnotatedConnectException: Connection refused: /192.168.5.178:44139
	at sun.nio.ch.SocketChannelImpl.checkConnect(Native Method)
	at sun.nio.ch.SocketChannelImpl.finishConnect(SocketChannelImpl.java:717)
	at org.apache.ratis.thirdparty.io.netty.channel.socket.nio.NioSocketChannel.doFinishConnect(NioSocketChannel.java:327)
	at org.apache.ratis.thirdparty.io.netty.channel.nio.AbstractNioChannel$AbstractNioUnsafe.finishConnect(AbstractNioChannel.java:340)
	at org.apache.ratis.thirdparty.io.netty.channel.nio.NioEventLoop.processSelectedKey(NioEventLoop.java:632)
	at org.apache.ratis.thirdparty.io.netty.channel.nio.NioEventLoop.processSelectedKeysOptimized(NioEventLoop.java:579)
	at org.apache.ratis.thirdparty.io.netty.channel.nio.NioEventLoop.processSelectedKeys(NioEventLoop.java:496)
	at org.apache.ratis.thirdparty.io.netty.channel.nio.NioEventLoop.run(NioEventLoop.java:458)
	at org.apache.ratis.thirdparty.io.netty.util.concurrent.SingleThreadEventExecutor$5.run(SingleThreadEventExecutor.java:897)
	at org.apache.ratis.thirdparty.io.netty.util.concurrent.FastThreadLocalRunnable.run(FastThreadLocalRunnable.java:30)
	... 1 more
Caused by: java.net.ConnectException: Connection refused
	... 11 more
2019-08-23 05:54:55,701 [9e0d48e9-795f-4679-b1bc-974fe7951c55:group-FC65621A5432:LeaderElection27] INFO  impl.LeaderElection (LogUtils.java:infoOrTrace(149)) - 9e0d48e9-795f-4679-b1bc-974fe7951c55:group-FC65621A5432:LeaderElection27 got exception when requesting votes: {}
java.util.concurrent.ExecutionException: org.apache.ratis.thirdparty.io.grpc.StatusRuntimeException: UNAVAILABLE: io exception
	at java.util.concurrent.FutureTask.report(FutureTask.java:122)
	at java.util.concurrent.FutureTask.get(FutureTask.java:192)
	at org.apache.ratis.server.impl.LeaderElection.waitForResults(LeaderElection.java:262)
	at org.apache.ratis.server.impl.LeaderElection.askForVotes(LeaderElection.java:200)
	at org.apache.ratis.server.impl.LeaderElection.run(LeaderElection.java:130)
	at java.lang.Thread.run(Thread.java:748)
Caused by: org.apache.ratis.thirdparty.io.grpc.StatusRuntimeException: UNAVAILABLE: io exception
	at org.apache.ratis.thirdparty.io.grpc.stub.ClientCalls.toStatusRuntimeException(ClientCalls.java:233)
	at org.apache.ratis.thirdparty.io.grpc.stub.ClientCalls.getUnchecked(ClientCalls.java:214)
	at org.apache.ratis.thirdparty.io.grpc.stub.ClientCalls.blockingUnaryCall(ClientCalls.java:139)
	at org.apache.ratis.proto.grpc.RaftServerProtocolServiceGrpc$RaftServerProtocolServiceBlockingStub.requestVote(RaftServerProtocolServiceGrpc.java:265)
	at org.apache.ratis.grpc.server.GrpcServerProtocolClient.requestVote(GrpcServerProtocolClient.java:83)
	at org.apache.ratis.grpc.server.GrpcService.requestVote(GrpcService.java:195)
	at org.apache.ratis.server.impl.LeaderElection.lambda$submitRequests$1(LeaderElection.java:237)
	at java.util.concurrent.FutureTask.run(FutureTask.java:266)
	at java.util.concurrent.Executors$RunnableAdapter.call(Executors.java:511)
	at java.util.concurrent.FutureTask.run(FutureTask.java:266)
	at java.util.concurrent.ThreadPoolExecutor.runWorker(ThreadPoolExecutor.java:1149)
	at java.util.concurrent.ThreadPoolExecutor$Worker.run(ThreadPoolExecutor.java:624)
	... 1 more
Caused by: org.apache.ratis.thirdparty.io.netty.channel.AbstractChannel$AnnotatedConnectException: Connection refused: /192.168.5.178:40775
	at sun.nio.ch.SocketChannelImpl.checkConnect(Native Method)
	at sun.nio.ch.SocketChannelImpl.finishConnect(SocketChannelImpl.java:717)
	at org.apache.ratis.thirdparty.io.netty.channel.socket.nio.NioSocketChannel.doFinishConnect(NioSocketChannel.java:327)
	at org.apache.ratis.thirdparty.io.netty.channel.nio.AbstractNioChannel$AbstractNioUnsafe.finishConnect(AbstractNioChannel.java:340)
	at org.apache.ratis.thirdparty.io.netty.channel.nio.NioEventLoop.processSelectedKey(NioEventLoop.java:632)
	at org.apache.ratis.thirdparty.io.netty.channel.nio.NioEventLoop.processSelectedKeysOptimized(NioEventLoop.java:579)
	at org.apache.ratis.thirdparty.io.netty.channel.nio.NioEventLoop.processSelectedKeys(NioEventLoop.java:496)
	at org.apache.ratis.thirdparty.io.netty.channel.nio.NioEventLoop.run(NioEventLoop.java:458)
	at org.apache.ratis.thirdparty.io.netty.util.concurrent.SingleThreadEventExecutor$5.run(SingleThreadEventExecutor.java:897)
	at org.apache.ratis.thirdparty.io.netty.util.concurrent.FastThreadLocalRunnable.run(FastThreadLocalRunnable.java:30)
	... 1 more
Caused by: java.net.ConnectException: Connection refused
	... 11 more
2019-08-23 05:54:55,702 [9e0d48e9-795f-4679-b1bc-974fe7951c55:group-FC65621A5432:LeaderElection27] INFO  impl.LeaderElection (LeaderElection.java:logAndReturn(56)) - 9e0d48e9-795f-4679-b1bc-974fe7951c55:group-FC65621A5432:LeaderElection27: Election REJECTED; received 0 response(s) [] and 2 exception(s); 9e0d48e9-795f-4679-b1bc-974fe7951c55:t2, leader=null, voted=9e0d48e9-795f-4679-b1bc-974fe7951c55, raftlog=9e0d48e9-795f-4679-b1bc-974fe7951c55-SegmentedRaftLog:OPENED:c8,f8,i8, conf=0: [564f3e1b-dc37-4d98-9518-cc9451ddb3ca:192.168.5.178:44139, 9e0d48e9-795f-4679-b1bc-974fe7951c55:192.168.5.178:42216, d4f36997-48a6-49b8-995b-3c38d9ac3c0f:192.168.5.178:40775], old=null
2019-08-23 05:54:55,702 [9e0d48e9-795f-4679-b1bc-974fe7951c55:group-FC65621A5432:LeaderElection27] INFO  impl.LeaderElection (LogUtils.java:infoOrTrace(149)) -   Exception 0: {}
java.util.concurrent.ExecutionException: org.apache.ratis.thirdparty.io.grpc.StatusRuntimeException: UNAVAILABLE: io exception
	at java.util.concurrent.FutureTask.report(FutureTask.java:122)
	at java.util.concurrent.FutureTask.get(FutureTask.java:192)
	at org.apache.ratis.server.impl.LeaderElection.waitForResults(LeaderElection.java:262)
	at org.apache.ratis.server.impl.LeaderElection.askForVotes(LeaderElection.java:200)
	at org.apache.ratis.server.impl.LeaderElection.run(LeaderElection.java:130)
	at java.lang.Thread.run(Thread.java:748)
Caused by: org.apache.ratis.thirdparty.io.grpc.StatusRuntimeException: UNAVAILABLE: io exception
	at org.apache.ratis.thirdparty.io.grpc.stub.ClientCalls.toStatusRuntimeException(ClientCalls.java:233)
	at org.apache.ratis.thirdparty.io.grpc.stub.ClientCalls.getUnchecked(ClientCalls.java:214)
	at org.apache.ratis.thirdparty.io.grpc.stub.ClientCalls.blockingUnaryCall(ClientCalls.java:139)
	at org.apache.ratis.proto.grpc.RaftServerProtocolServiceGrpc$RaftServerProtocolServiceBlockingStub.requestVote(RaftServerProtocolServiceGrpc.java:265)
	at org.apache.ratis.grpc.server.GrpcServerProtocolClient.requestVote(GrpcServerProtocolClient.java:83)
	at org.apache.ratis.grpc.server.GrpcService.requestVote(GrpcService.java:195)
	at org.apache.ratis.server.impl.LeaderElection.lambda$submitRequests$1(LeaderElection.java:237)
	at java.util.concurrent.FutureTask.run(FutureTask.java:266)
	at java.util.concurrent.Executors$RunnableAdapter.call(Executors.java:511)
	at java.util.concurrent.FutureTask.run(FutureTask.java:266)
	at java.util.concurrent.ThreadPoolExecutor.runWorker(ThreadPoolExecutor.java:1149)
	at java.util.concurrent.ThreadPoolExecutor$Worker.run(ThreadPoolExecutor.java:624)
	... 1 more
Caused by: org.apache.ratis.thirdparty.io.netty.channel.AbstractChannel$AnnotatedConnectException: Connection refused: /192.168.5.178:44139
	at sun.nio.ch.SocketChannelImpl.checkConnect(Native Method)
	at sun.nio.ch.SocketChannelImpl.finishConnect(SocketChannelImpl.java:717)
	at org.apache.ratis.thirdparty.io.netty.channel.socket.nio.NioSocketChannel.doFinishConnect(NioSocketChannel.java:327)
	at org.apache.ratis.thirdparty.io.netty.channel.nio.AbstractNioChannel$AbstractNioUnsafe.finishConnect(AbstractNioChannel.java:340)
	at org.apache.ratis.thirdparty.io.netty.channel.nio.NioEventLoop.processSelectedKey(NioEventLoop.java:632)
	at org.apache.ratis.thirdparty.io.netty.channel.nio.NioEventLoop.processSelectedKeysOptimized(NioEventLoop.java:579)
	at org.apache.ratis.thirdparty.io.netty.channel.nio.NioEventLoop.processSelectedKeys(NioEventLoop.java:496)
	at org.apache.ratis.thirdparty.io.netty.channel.nio.NioEventLoop.run(NioEventLoop.java:458)
	at org.apache.ratis.thirdparty.io.netty.util.concurrent.SingleThreadEventExecutor$5.run(SingleThreadEventExecutor.java:897)
	at org.apache.ratis.thirdparty.io.netty.util.concurrent.FastThreadLocalRunnable.run(FastThreadLocalRunnable.java:30)
	... 1 more
Caused by: java.net.ConnectException: Connection refused
	... 11 more
2019-08-23 05:54:55,703 [9e0d48e9-795f-4679-b1bc-974fe7951c55:group-FC65621A5432:LeaderElection27] INFO  impl.LeaderElection (LogUtils.java:infoOrTrace(149)) -   Exception 1: {}
java.util.concurrent.ExecutionException: org.apache.ratis.thirdparty.io.grpc.StatusRuntimeException: UNAVAILABLE: io exception
	at java.util.concurrent.FutureTask.report(FutureTask.java:122)
	at java.util.concurrent.FutureTask.get(FutureTask.java:192)
	at org.apache.ratis.server.impl.LeaderElection.waitForResults(LeaderElection.java:262)
	at org.apache.ratis.server.impl.LeaderElection.askForVotes(LeaderElection.java:200)
	at org.apache.ratis.server.impl.LeaderElection.run(LeaderElection.java:130)
	at java.lang.Thread.run(Thread.java:748)
Caused by: org.apache.ratis.thirdparty.io.grpc.StatusRuntimeException: UNAVAILABLE: io exception
	at org.apache.ratis.thirdparty.io.grpc.stub.ClientCalls.toStatusRuntimeException(ClientCalls.java:233)
	at org.apache.ratis.thirdparty.io.grpc.stub.ClientCalls.getUnchecked(ClientCalls.java:214)
	at org.apache.ratis.thirdparty.io.grpc.stub.ClientCalls.blockingUnaryCall(ClientCalls.java:139)
	at org.apache.ratis.proto.grpc.RaftServerProtocolServiceGrpc$RaftServerProtocolServiceBlockingStub.requestVote(RaftServerProtocolServiceGrpc.java:265)
	at org.apache.ratis.grpc.server.GrpcServerProtocolClient.requestVote(GrpcServerProtocolClient.java:83)
	at org.apache.ratis.grpc.server.GrpcService.requestVote(GrpcService.java:195)
	at org.apache.ratis.server.impl.LeaderElection.lambda$submitRequests$1(LeaderElection.java:237)
	at java.util.concurrent.FutureTask.run(FutureTask.java:266)
	at java.util.concurrent.Executors$RunnableAdapter.call(Executors.java:511)
	at java.util.concurrent.FutureTask.run(FutureTask.java:266)
	at java.util.concurrent.ThreadPoolExecutor.runWorker(ThreadPoolExecutor.java:1149)
	at java.util.concurrent.ThreadPoolExecutor$Worker.run(ThreadPoolExecutor.java:624)
	... 1 more
Caused by: org.apache.ratis.thirdparty.io.netty.channel.AbstractChannel$AnnotatedConnectException: Connection refused: /192.168.5.178:40775
	at sun.nio.ch.SocketChannelImpl.checkConnect(Native Method)
	at sun.nio.ch.SocketChannelImpl.finishConnect(SocketChannelImpl.java:717)
	at org.apache.ratis.thirdparty.io.netty.channel.socket.nio.NioSocketChannel.doFinishConnect(NioSocketChannel.java:327)
	at org.apache.ratis.thirdparty.io.netty.channel.nio.AbstractNioChannel$AbstractNioUnsafe.finishConnect(AbstractNioChannel.java:340)
	at org.apache.ratis.thirdparty.io.netty.channel.nio.NioEventLoop.processSelectedKey(NioEventLoop.java:632)
	at org.apache.ratis.thirdparty.io.netty.channel.nio.NioEventLoop.processSelectedKeysOptimized(NioEventLoop.java:579)
	at org.apache.ratis.thirdparty.io.netty.channel.nio.NioEventLoop.processSelectedKeys(NioEventLoop.java:496)
	at org.apache.ratis.thirdparty.io.netty.channel.nio.NioEventLoop.run(NioEventLoop.java:458)
	at org.apache.ratis.thirdparty.io.netty.util.concurrent.SingleThreadEventExecutor$5.run(SingleThreadEventExecutor.java:897)
	at org.apache.ratis.thirdparty.io.netty.util.concurrent.FastThreadLocalRunnable.run(FastThreadLocalRunnable.java:30)
	... 1 more
Caused by: java.net.ConnectException: Connection refused
	... 11 more
2019-08-23 05:54:55,703 [9e0d48e9-795f-4679-b1bc-974fe7951c55:group-FC65621A5432:LeaderElection27] INFO  impl.RaftServerImpl (RaftServerImpl.java:setRole(171)) - 9e0d48e9-795f-4679-b1bc-974fe7951c55:group-FC65621A5432 changes role from CANDIDATE to FOLLOWER at term 2 for DISCOVERED_A_NEW_TERM
2019-08-23 05:54:55,705 [9e0d48e9-795f-4679-b1bc-974fe7951c55:group-FC65621A5432:LeaderElection27] INFO  impl.RoleInfo (RoleInfo.java:shutdownLeaderElection(134)) - 9e0d48e9-795f-4679-b1bc-974fe7951c55: shutdown LeaderElection
2019-08-23 05:54:55,705 [9e0d48e9-795f-4679-b1bc-974fe7951c55:group-FC65621A5432:LeaderElection27] INFO  impl.RoleInfo (RoleInfo.java:updateAndGet(143)) - 9e0d48e9-795f-4679-b1bc-974fe7951c55: start FollowerState
2019-08-23 05:54:58,148 [main] INFO  ozoneimpl.OzoneContainer (OzoneContainer.java:stop(199)) - Attempting to stop container services.
2019-08-23 05:54:58,149 [main] INFO  impl.RaftServerProxy (RaftServerProxy.java:lambda$close$4(314)) - 9e0d48e9-795f-4679-b1bc-974fe7951c55: close
2019-08-23 05:54:58,149 [main] INFO  impl.RaftServerImpl (RaftServerImpl.java:lambda$shutdown$3(245)) - 9e0d48e9-795f-4679-b1bc-974fe7951c55: shutdown group-1C54A04FAFB9
2019-08-23 05:54:58,150 [main] INFO  util.JmxRegister (JmxRegister.java:unregister(73)) - Successfully un-registered JMX Bean with object name Ratis:service=RaftServer,group=group-1C54A04FAFB9,id=9e0d48e9-795f-4679-b1bc-974fe7951c55
2019-08-23 05:54:58,151 [main] INFO  impl.RoleInfo (RoleInfo.java:shutdownLeaderState(104)) - 9e0d48e9-795f-4679-b1bc-974fe7951c55: shutdown LeaderState
2019-08-23 05:54:58,151 [main] INFO  impl.PendingRequests (PendingRequests.java:sendNotLeaderResponses(202)) - 9e0d48e9-795f-4679-b1bc-974fe7951c55-PendingRequests: sendNotLeaderResponses
2019-08-23 05:54:58,152 [main] INFO  impl.StateMachineUpdater (StateMachineUpdater.java:stopAndJoin(115)) - StateMachineUpdater:9e0d48e9-795f-4679-b1bc-974fe7951c55:group-1C54A04FAFB9: set stopIndex = 0
2019-08-23 05:54:58,153 [main] INFO  impl.RaftServerImpl (ServerState.java:close(394)) - 9e0d48e9-795f-4679-b1bc-974fe7951c55:group-1C54A04FAFB9 closes. The last applied log index is 0
2019-08-23 05:54:58,153 [9e0d48e9-795f-4679-b1bc-974fe7951c55-SegmentedRaftLogWorker:Storage Directory /workdir/hadoop-ozone/integration-test/target/test-dir/MiniOzoneClusterImpl-4e018812-8580-4f5b-9c00-decd40181699/datanode-5/data/ratis/6eb3061f-d374-4961-8e6a-1c54a04fafb9] INFO  segmented.SegmentedRaftLogWorker (SegmentedRaftLogWorker.java:run(313)) - 9e0d48e9-795f-4679-b1bc-974fe7951c55-SegmentedRaftLogWorker:Storage Directory /workdir/hadoop-ozone/integration-test/target/test-dir/MiniOzoneClusterImpl-4e018812-8580-4f5b-9c00-decd40181699/datanode-5/data/ratis/6eb3061f-d374-4961-8e6a-1c54a04fafb9 was interrupted, exiting. There are 0 tasks remaining in the queue.
2019-08-23 05:54:58,154 [main] INFO  segmented.SegmentedRaftLogWorker (SegmentedRaftLogWorker.java:close(228)) - 9e0d48e9-795f-4679-b1bc-974fe7951c55-SegmentedRaftLogWorker:Storage Directory /workdir/hadoop-ozone/integration-test/target/test-dir/MiniOzoneClusterImpl-4e018812-8580-4f5b-9c00-decd40181699/datanode-5/data/ratis/6eb3061f-d374-4961-8e6a-1c54a04fafb9 close()
2019-08-23 05:54:58,154 [main] INFO  impl.RaftServerImpl (RaftServerImpl.java:lambda$shutdown$3(245)) - 9e0d48e9-795f-4679-b1bc-974fe7951c55: shutdown group-FC65621A5432
2019-08-23 05:54:58,155 [main] INFO  util.JmxRegister (JmxRegister.java:unregister(73)) - Successfully un-registered JMX Bean with object name Ratis:service=RaftServer,group=group-FC65621A5432,id=9e0d48e9-795f-4679-b1bc-974fe7951c55
2019-08-23 05:54:58,155 [main] INFO  impl.RoleInfo (RoleInfo.java:shutdownFollowerState(121)) - 9e0d48e9-795f-4679-b1bc-974fe7951c55: shutdown FollowerState
2019-08-23 05:54:58,156 [main] INFO  impl.StateMachineUpdater (StateMachineUpdater.java:stopAndJoin(115)) - StateMachineUpdater:9e0d48e9-795f-4679-b1bc-974fe7951c55:group-FC65621A5432: set stopIndex = 8
2019-08-23 05:54:58,156 [StateMachineUpdater:9e0d48e9-795f-4679-b1bc-974fe7951c55:group-FC65621A5432] INFO  ratis.ContainerStateMachine (ContainerStateMachine.java:takeSnapshot(283)) - group-FC65621A5432: Taking a snapshot at:(t:1, i:6) file /workdir/hadoop-ozone/integration-test/target/test-dir/MiniOzoneClusterImpl-4e018812-8580-4f5b-9c00-decd40181699/datanode-5/data/ratis/52f4033d-c7e3-4531-b297-fc65621a5432/sm/snapshot.1_6
2019-08-23 05:54:58,156 [Thread-1722] INFO  impl.FollowerState (FollowerState.java:run(114)) - 9e0d48e9-795f-4679-b1bc-974fe7951c55: FollowerState was interrupted: java.lang.InterruptedException: sleep interrupted
2019-08-23 05:54:58,170 [StateMachineUpdater:9e0d48e9-795f-4679-b1bc-974fe7951c55:group-FC65621A5432] INFO  ratis.ContainerStateMachine (ContainerStateMachine.java:takeSnapshot(294)) - group-FC65621A5432: Finished taking a snapshot at:(t:1, i:6) file:/workdir/hadoop-ozone/integration-test/target/test-dir/MiniOzoneClusterImpl-4e018812-8580-4f5b-9c00-decd40181699/datanode-5/data/ratis/52f4033d-c7e3-4531-b297-fc65621a5432/sm/snapshot.1_6 time:14
2019-08-23 05:54:58,171 [StateMachineUpdater:9e0d48e9-795f-4679-b1bc-974fe7951c55:group-FC65621A5432] INFO  impl.StateMachineUpdater (StateMachineUpdater.java:takeSnapshot(242)) - StateMachineUpdater:9e0d48e9-795f-4679-b1bc-974fe7951c55:group-FC65621A5432: Took a snapshot at index 6
2019-08-23 05:54:58,171 [StateMachineUpdater:9e0d48e9-795f-4679-b1bc-974fe7951c55:group-FC65621A5432] INFO  impl.StateMachineUpdater (StateMachineUpdater.java:lambda$new$0(80)) - StateMachineUpdater:9e0d48e9-795f-4679-b1bc-974fe7951c55:group-FC65621A5432: snapshotIndex: updateIncreasingly -1 -> 6
2019-08-23 05:54:58,171 [main] INFO  impl.RaftServerImpl (ServerState.java:close(394)) - 9e0d48e9-795f-4679-b1bc-974fe7951c55:group-FC65621A5432 closes. The last applied log index is 8
2019-08-23 05:54:58,172 [9e0d48e9-795f-4679-b1bc-974fe7951c55-SegmentedRaftLogWorker:Storage Directory /workdir/hadoop-ozone/integration-test/target/test-dir/MiniOzoneClusterImpl-4e018812-8580-4f5b-9c00-decd40181699/datanode-5/data/ratis/52f4033d-c7e3-4531-b297-fc65621a5432] INFO  segmented.SegmentedRaftLogWorker (SegmentedRaftLogWorker.java:run(313)) - 9e0d48e9-795f-4679-b1bc-974fe7951c55-SegmentedRaftLogWorker:Storage Directory /workdir/hadoop-ozone/integration-test/target/test-dir/MiniOzoneClusterImpl-4e018812-8580-4f5b-9c00-decd40181699/datanode-5/data/ratis/52f4033d-c7e3-4531-b297-fc65621a5432 was interrupted, exiting. There are 0 tasks remaining in the queue.
2019-08-23 05:54:58,172 [main] INFO  segmented.SegmentedRaftLogWorker (SegmentedRaftLogWorker.java:close(228)) - 9e0d48e9-795f-4679-b1bc-974fe7951c55-SegmentedRaftLogWorker:Storage Directory /workdir/hadoop-ozone/integration-test/target/test-dir/MiniOzoneClusterImpl-4e018812-8580-4f5b-9c00-decd40181699/datanode-5/data/ratis/52f4033d-c7e3-4531-b297-fc65621a5432 close()
2019-08-23 05:54:58,173 [main] INFO  server.GrpcService (GrpcService.java:closeImpl(155)) - 9e0d48e9-795f-4679-b1bc-974fe7951c55: shutdown server with port 42216 now
2019-08-23 05:54:58,176 [main] INFO  server.GrpcService (GrpcService.java:closeImpl(163)) - 9e0d48e9-795f-4679-b1bc-974fe7951c55: shutdown server with port 42216 successfully
2019-08-23 05:54:58,177 [grpc-default-executor-7] WARN  client.GrpcClientProtocolService (LogUtils.java:warn(134)) - 35-OrderedRequestStreamObserver35: onError: org.apache.ratis.thirdparty.io.grpc.StatusRuntimeException: CANCELLED: cancelled before receiving half close
2019-08-23 05:54:58,178 [main] INFO  utils.BackgroundService (BackgroundService.java:shutdown(148)) - Shutting down service BlockDeletingService
2019-08-23 05:54:58,181 [refreshUsed-/workdir/hadoop-ozone/integration-test/target/test-dir/MiniOzoneClusterImpl-4e018812-8580-4f5b-9c00-decd40181699/datanode-5/data/containers] WARN  fs.CachingGetSpaceUsed (CachingGetSpaceUsed.java:run(183)) - Thread Interrupted waiting to refresh disk information: sleep interrupted
2019-08-23 05:54:58,201 [main] INFO  statemachine.DatanodeStateMachine (DatanodeStateMachine.java:stopDaemon(395)) - Ozone container server stopped.
2019-08-23 05:54:58,202 [main] INFO  handler.ContextHandler (ContextHandler.java:doStop(910)) - Stopped o.e.j.w.WebAppContext@433ae0b0{/,null,UNAVAILABLE}{/hddsDatanode}
2019-08-23 05:54:58,203 [main] INFO  server.AbstractConnector (AbstractConnector.java:doStop(318)) - Stopped ServerConnector@70840a5a{HTTP/1.1,[http/1.1]}{0.0.0.0:0}
2019-08-23 05:54:58,204 [main] INFO  handler.ContextHandler (ContextHandler.java:doStop(910)) - Stopped o.e.j.s.ServletContextHandler@34070bd2{/static,jar:file:/home/user/.m2/repository/org/apache/hadoop/hadoop-hdds-container-service/0.5.0-SNAPSHOT/hadoop-hdds-container-service-0.5.0-SNAPSHOT.jar!/webapps/static,UNAVAILABLE}
2019-08-23 05:54:58,204 [main] INFO  handler.ContextHandler (ContextHandler.java:doStop(910)) - Stopped o.e.j.s.ServletContextHandler@615c4ea4{/logs,file:///workdir/hadoop-ozone/integration-test/target/log,UNAVAILABLE}
2019-08-23 05:54:58,206 [main] INFO  ozone.MiniOzoneClusterImpl (MiniOzoneClusterImpl.java:stop(353)) - Stopping the StorageContainerManager
2019-08-23 05:54:58,206 [main] INFO  server.StorageContainerManager (StorageContainerManager.java:stop(797)) - Stopping Replication Manager Service.
2019-08-23 05:54:58,206 [main] INFO  container.ReplicationManager (ReplicationManager.java:stop(193)) - Stopping Replication Monitor Thread.
2019-08-23 05:54:58,206 [main] INFO  server.StorageContainerManager (StorageContainerManager.java:stop(804)) - Stopping Lease Manager of the command watchers
2019-08-23 05:54:58,207 [main] INFO  server.StorageContainerManager (StorageContainerManager.java:stop(811)) - Stopping datanode service RPC server
2019-08-23 05:54:58,207 [main] INFO  server.SCMDatanodeProtocolServer (SCMDatanodeProtocolServer.java:stop(367)) - Stopping the RPC server for DataNodes
2019-08-23 05:54:58,207 [main] INFO  ipc.Server (Server.java:stop(3082)) - Stopping server on 40150
2019-08-23 05:54:58,210 [IPC Server listener on 40150] INFO  ipc.Server (Server.java:run(1185)) - Stopping IPC Server listener on 40150
2019-08-23 05:54:58,210 [IPC Server Responder] INFO  ipc.Server (Server.java:run(1319)) - Stopping IPC Server Responder
2019-08-23 05:54:58,295 [SCM Heartbeat Processing Thread - 0] WARN  node.NodeStateManager (NodeStateManager.java:scheduleNextHealthCheck(646)) - Current Thread is interrupted, shutting down HB processing thread for Node Manager.
2019-08-23 05:54:58,295 [main] INFO  server.StorageContainerManager (StorageContainerManager.java:stop(819)) - Stopping block service RPC server
2019-08-23 05:54:58,296 [main] INFO  server.SCMBlockProtocolServer (SCMBlockProtocolServer.java:stop(148)) - Stopping the RPC server for Block Protocol
2019-08-23 05:54:58,296 [main] INFO  ipc.Server (Server.java:stop(3082)) - Stopping server on 46554
2019-08-23 05:54:58,299 [IPC Server listener on 46554] INFO  ipc.Server (Server.java:run(1185)) - Stopping IPC Server listener on 46554
2019-08-23 05:54:58,299 [main] INFO  server.StorageContainerManager (StorageContainerManager.java:stop(826)) - Stopping the StorageContainerLocationProtocol RPC server
2019-08-23 05:54:58,299 [main] INFO  server.SCMClientProtocolServer (SCMClientProtocolServer.java:stop(159)) - Stopping the RPC server for Client Protocol
2019-08-23 05:54:58,300 [IPC Server Responder] INFO  ipc.Server (Server.java:run(1319)) - Stopping IPC Server Responder
2019-08-23 05:54:58,301 [main] INFO  ipc.Server (Server.java:stop(3082)) - Stopping server on 33064
2019-08-23 05:54:58,304 [IPC Server listener on 33064] INFO  ipc.Server (Server.java:run(1185)) - Stopping IPC Server listener on 33064
2019-08-23 05:54:58,304 [main] INFO  server.StorageContainerManager (StorageContainerManager.java:stop(833)) - Stopping Storage Container Manager HTTP server.
2019-08-23 05:54:58,304 [IPC Server Responder] INFO  ipc.Server (Server.java:run(1319)) - Stopping IPC Server Responder
2019-08-23 05:54:58,306 [main] INFO  handler.ContextHandler (ContextHandler.java:doStop(910)) - Stopped o.e.j.w.WebAppContext@4d4b019e{/,null,UNAVAILABLE}{/scm}
2019-08-23 05:54:58,307 [main] INFO  server.AbstractConnector (AbstractConnector.java:doStop(318)) - Stopped ServerConnector@7ed8b44{HTTP/1.1,[http/1.1]}{0.0.0.0:0}
2019-08-23 05:54:58,308 [main] INFO  handler.ContextHandler (ContextHandler.java:doStop(910)) - Stopped o.e.j.s.ServletContextHandler@734f8317{/static,file:///workdir/hadoop-ozone/integration-test/target/test-classes/webapps/static,UNAVAILABLE}
2019-08-23 05:54:58,309 [main] INFO  handler.ContextHandler (ContextHandler.java:doStop(910)) - Stopped o.e.j.s.ServletContextHandler@42ecc554{/logs,file:///workdir/hadoop-ozone/integration-test/target/log,UNAVAILABLE}
2019-08-23 05:54:58,310 [main] INFO  server.StorageContainerManager (StorageContainerManager.java:stop(844)) - Stopping Block Manager Service.
2019-08-23 05:54:58,310 [main] INFO  utils.BackgroundService (BackgroundService.java:shutdown(148)) - Shutting down service SCMBlockDeletingService
2019-08-23 05:54:58,311 [main] INFO  utils.BackgroundService (BackgroundService.java:shutdown(148)) - Shutting down service SCMBlockDeletingService
2019-08-23 05:54:58,312 [main] INFO  server.StorageContainerManager (StorageContainerManager.java:stop(866)) - Stopping SCM Event Queue.
2019-08-23 05:54:58,318 [main] INFO  impl.MetricsSystemImpl (MetricsSystemImpl.java:stop(210)) - Stopping HddsDatanode metrics system...
2019-08-23 05:54:58,329 [main] INFO  impl.MetricsSystemImpl (MetricsSystemImpl.java:stop(216)) - HddsDatanode metrics system stopped.
]]></system-out>
    <system-err><![CDATA[Aug 23, 2019 5:49:23 AM com.sun.jersey.server.impl.application.WebApplicationImpl _initiate
INFO: Initiating Jersey application, version 'Jersey: 1.19 02/11/2015 03:25 AM'
Aug 23, 2019 5:49:23 AM com.sun.jersey.server.impl.application.WebApplicationImpl _initiate
INFO: Initiating Jersey application, version 'Jersey: 1.19 02/11/2015 03:25 AM'
Aug 23, 2019 5:49:24 AM com.sun.jersey.server.impl.application.WebApplicationImpl _initiate
INFO: Initiating Jersey application, version 'Jersey: 1.19 02/11/2015 03:25 AM'
Aug 23, 2019 5:49:24 AM com.sun.jersey.server.impl.application.WebApplicationImpl _initiate
INFO: Initiating Jersey application, version 'Jersey: 1.19 02/11/2015 03:25 AM'
Aug 23, 2019 5:49:24 AM com.sun.jersey.server.impl.application.WebApplicationImpl _initiate
INFO: Initiating Jersey application, version 'Jersey: 1.19 02/11/2015 03:25 AM'
Aug 23, 2019 5:49:24 AM com.sun.jersey.server.impl.application.WebApplicationImpl _initiate
INFO: Initiating Jersey application, version 'Jersey: 1.19 02/11/2015 03:25 AM'
Aug 23, 2019 5:49:25 AM com.sun.jersey.server.impl.application.WebApplicationImpl _initiate
INFO: Initiating Jersey application, version 'Jersey: 1.19 02/11/2015 03:25 AM'
]]></system-err>
  </testcase>
</testsuite>