<?xml version="1.0" encoding="UTF-8"?>
<testsuite xmlns:xsi="http://www.w3.org/2001/XMLSchema-instance" xsi:noNamespaceSchemaLocation="https://maven.apache.org/surefire/maven-surefire-plugin/xsd/surefire-test-report.xsd" name="org.apache.hadoop.ozone.client.rpc.TestBlockOutputStream" time="610.121" tests="6" errors="0" skipped="0" failures="3">
  <properties>
    <property name="awt.toolkit" value="sun.awt.X11.XToolkit"/>
    <property name="file.encoding.pkg" value="sun.io"/>
    <property name="java.specification.version" value="1.8"/>
    <property name="sun.cpu.isalist" value=""/>
    <property name="sun.jnu.encoding" value="UTF-8"/>
    <property name="java.class.path" value="/workdir/hadoop-ozone/integration-test/target/test-classes:/workdir/hadoop-ozone/integration-test/target/classes:/home/user/.m2/repository/org/apache/hadoop/hadoop-ozone-common/0.5.0-SNAPSHOT/hadoop-ozone-common-0.5.0-SNAPSHOT.jar:/home/user/.m2/repository/org/apache/commons/commons-compress/1.4.1/commons-compress-1.4.1.jar:/home/user/.m2/repository/org/tukaani/xz/1.0/xz-1.0.jar:/home/user/.m2/repository/org/apache/hadoop/hadoop-common/3.2.0/hadoop-common-3.2.0.jar:/home/user/.m2/repository/org/apache/hadoop/hadoop-hdfs/3.2.0/hadoop-hdfs-3.2.0.jar:/home/user/.m2/repository/org/apache/hadoop/hadoop-hdfs-client/3.2.0/hadoop-hdfs-client-3.2.0.jar:/home/user/.m2/repository/com/fasterxml/jackson/core/jackson-annotations/2.9.5/jackson-annotations-2.9.5.jar:/home/user/.m2/repository/org/apache/hadoop/hadoop-hdds-common/0.5.0-SNAPSHOT/hadoop-hdds-common-0.5.0-SNAPSHOT.jar:/home/user/.m2/repository/javax/annotation/javax.annotation-api/1.2/javax.annotation-api-1.2.jar:/home/user/.m2/repository/org/apache/ratis/ratis-server/0.4.0-78e95b9-SNAPSHOT/ratis-server-0.4.0-78e95b9-SNAPSHOT.jar:/home/user/.m2/repository/org/apache/ratis/ratis-thirdparty-misc/0.2.0/ratis-thirdparty-misc-0.2.0.jar:/home/user/.m2/repository/org/apache/ratis/ratis-proto/0.4.0-78e95b9-SNAPSHOT/ratis-proto-0.4.0-78e95b9-SNAPSHOT.jar:/home/user/.m2/repository/org/apache/ratis/ratis-common/0.4.0-78e95b9-SNAPSHOT/ratis-common-0.4.0-78e95b9-SNAPSHOT.jar:/home/user/.m2/repository/org/apache/ratis/ratis-client/0.4.0-78e95b9-SNAPSHOT/ratis-client-0.4.0-78e95b9-SNAPSHOT.jar:/home/user/.m2/repository/org/apache/ratis/ratis-metrics/0.4.0-78e95b9-SNAPSHOT/ratis-metrics-0.4.0-78e95b9-SNAPSHOT.jar:/home/user/.m2/repository/com/github/joshelser/dropwizard-metrics-hadoop-metrics2-reporter/0.1.2/dropwizard-metrics-hadoop-metrics2-reporter-0.1.2.jar:/home/user/.m2/repository/io/dropwizard/metrics/metrics-jvm/3.2.5/metrics-jvm-3.2.5.jar:/home/user/.m2/repository/io/dropwizard/metrics/metrics-ganglia/3.2.5/metrics-ganglia-3.2.5.jar:/home/user/.m2/repository/info/ganglia/gmetric4j/gmetric4j/1.0.7/gmetric4j-1.0.7.jar:/home/user/.m2/repository/org/apache/ratis/ratis-netty/0.4.0-78e95b9-SNAPSHOT/ratis-netty-0.4.0-78e95b9-SNAPSHOT.jar:/home/user/.m2/repository/org/apache/ratis/ratis-grpc/0.4.0-78e95b9-SNAPSHOT/ratis-grpc-0.4.0-78e95b9-SNAPSHOT.jar:/home/user/.m2/repository/org/rocksdb/rocksdbjni/6.0.1/rocksdbjni-6.0.1.jar:/home/user/.m2/repository/org/apache/logging/log4j/log4j-api/2.11.0/log4j-api-2.11.0.jar:/home/user/.m2/repository/org/apache/logging/log4j/log4j-core/2.11.0/log4j-core-2.11.0.jar:/home/user/.m2/repository/com/lmax/disruptor/3.4.2/disruptor-3.4.2.jar:/home/user/.m2/repository/org/apache/commons/commons-pool2/2.6.0/commons-pool2-2.6.0.jar:/home/user/.m2/repository/org/bouncycastle/bcpkix-jdk15on/1.60/bcpkix-jdk15on-1.60.jar:/home/user/.m2/repository/commons-validator/commons-validator/1.6/commons-validator-1.6.jar:/home/user/.m2/repository/commons-digester/commons-digester/1.8.1/commons-digester-1.8.1.jar:/home/user/.m2/repository/io/jaegertracing/jaeger-client/0.33.1/jaeger-client-0.33.1.jar:/home/user/.m2/repository/io/jaegertracing/jaeger-thrift/0.33.1/jaeger-thrift-0.33.1.jar:/home/user/.m2/repository/org/apache/thrift/libthrift/0.11.0/libthrift-0.11.0.jar:/home/user/.m2/repository/com/squareup/okhttp3/okhttp/3.9.0/okhttp-3.9.0.jar:/home/user/.m2/repository/com/squareup/okio/okio/1.13.0/okio-1.13.0.jar:/home/user/.m2/repository/io/jaegertracing/jaeger-core/0.33.1/jaeger-core-0.33.1.jar:/home/user/.m2/repository/io/jaegertracing/jaeger-tracerresolver/0.33.1/jaeger-tracerresolver-0.33.1.jar:/home/user/.m2/repository/io/opentracing/contrib/opentracing-tracerresolver/0.1.5/opentracing-tracerresolver-0.1.5.jar:/home/user/.m2/repository/io/opentracing/opentracing-util/0.31.0/opentracing-util-0.31.0.jar:/home/user/.m2/repository/io/opentracing/opentracing-api/0.31.0/opentracing-api-0.31.0.jar:/home/user/.m2/repository/io/opentracing/opentracing-noop/0.31.0/opentracing-noop-0.31.0.jar:/home/user/.m2/repository/org/apache/hadoop/hadoop-hdds-server-framework/0.5.0-SNAPSHOT/hadoop-hdds-server-framework-0.5.0-SNAPSHOT.jar:/home/user/.m2/repository/org/apache/hadoop/hadoop-hdds-container-service/0.5.0-SNAPSHOT/hadoop-hdds-container-service-0.5.0-SNAPSHOT.jar:/home/user/.m2/repository/org/apache/hadoop/hadoop-hdds-client/0.5.0-SNAPSHOT/hadoop-hdds-client-0.5.0-SNAPSHOT.jar:/home/user/.m2/repository/org/apache/hadoop/hadoop-hdds-tools/0.5.0-SNAPSHOT/hadoop-hdds-tools-0.5.0-SNAPSHOT.jar:/home/user/.m2/repository/org/apache/hadoop/hadoop-hdds-server-scm/0.5.0-SNAPSHOT/hadoop-hdds-server-scm-0.5.0-SNAPSHOT.jar:/home/user/.m2/repository/org/apache/hadoop/hadoop-hdds-docs/0.5.0-SNAPSHOT/hadoop-hdds-docs-0.5.0-SNAPSHOT.jar:/home/user/.m2/repository/io/dropwizard/metrics/metrics-core/3.2.4/metrics-core-3.2.4.jar:/home/user/.m2/repository/org/hamcrest/hamcrest-all/1.3/hamcrest-all-1.3.jar:/home/user/.m2/repository/org/bouncycastle/bcprov-jdk15on/1.60/bcprov-jdk15on-1.60.jar:/home/user/.m2/repository/info/picocli/picocli/3.9.6/picocli-3.9.6.jar:/home/user/.m2/repository/com/google/protobuf/protobuf-java/2.5.0/protobuf-java-2.5.0.jar:/home/user/.m2/repository/com/google/guava/guava/11.0.2/guava-11.0.2.jar:/home/user/.m2/repository/org/apache/hadoop/hadoop-ozone-ozone-manager/0.5.0-SNAPSHOT/hadoop-ozone-ozone-manager-0.5.0-SNAPSHOT.jar:/home/user/.m2/repository/org/apache/hadoop/hadoop-minikdc/3.2.0/hadoop-minikdc-3.2.0.jar:/home/user/.m2/repository/commons-io/commons-io/2.5/commons-io-2.5.jar:/home/user/.m2/repository/org/apache/kerby/kerb-simplekdc/1.0.1/kerb-simplekdc-1.0.1.jar:/home/user/.m2/repository/org/apache/kerby/kerb-client/1.0.1/kerb-client-1.0.1.jar:/home/user/.m2/repository/org/apache/kerby/kerby-config/1.0.1/kerby-config-1.0.1.jar:/home/user/.m2/repository/org/apache/kerby/kerb-core/1.0.1/kerb-core-1.0.1.jar:/home/user/.m2/repository/org/apache/kerby/kerby-pkix/1.0.1/kerby-pkix-1.0.1.jar:/home/user/.m2/repository/org/apache/kerby/kerby-asn1/1.0.1/kerby-asn1-1.0.1.jar:/home/user/.m2/repository/org/apache/kerby/kerby-util/1.0.1/kerby-util-1.0.1.jar:/home/user/.m2/repository/org/apache/kerby/kerb-common/1.0.1/kerb-common-1.0.1.jar:/home/user/.m2/repository/org/apache/kerby/kerb-crypto/1.0.1/kerb-crypto-1.0.1.jar:/home/user/.m2/repository/org/apache/kerby/kerb-util/1.0.1/kerb-util-1.0.1.jar:/home/user/.m2/repository/org/apache/kerby/token-provider/1.0.1/token-provider-1.0.1.jar:/home/user/.m2/repository/org/apache/kerby/kerb-admin/1.0.1/kerb-admin-1.0.1.jar:/home/user/.m2/repository/org/apache/kerby/kerb-server/1.0.1/kerb-server-1.0.1.jar:/home/user/.m2/repository/org/apache/kerby/kerb-identity/1.0.1/kerb-identity-1.0.1.jar:/home/user/.m2/repository/org/apache/kerby/kerby-xdr/1.0.1/kerby-xdr-1.0.1.jar:/home/user/.m2/repository/org/slf4j/slf4j-log4j12/1.7.25/slf4j-log4j12-1.7.25.jar:/home/user/.m2/repository/org/apache/hadoop/hadoop-ozone-s3gateway/0.5.0-SNAPSHOT/hadoop-ozone-s3gateway-0.5.0-SNAPSHOT.jar:/home/user/.m2/repository/org/jboss/weld/servlet/weld-servlet/2.4.7.Final/weld-servlet-2.4.7.Final.jar:/home/user/.m2/repository/org/glassfish/jersey/containers/jersey-container-servlet-core/2.27/jersey-container-servlet-core-2.27.jar:/home/user/.m2/repository/org/glassfish/hk2/external/javax.inject/2.5.0-b42/javax.inject-2.5.0-b42.jar:/home/user/.m2/repository/org/glassfish/jersey/core/jersey-common/2.27/jersey-common-2.27.jar:/home/user/.m2/repository/org/glassfish/hk2/osgi-resource-locator/1.0.1/osgi-resource-locator-1.0.1.jar:/home/user/.m2/repository/javax/ws/rs/javax.ws.rs-api/2.1/javax.ws.rs-api-2.1.jar:/home/user/.m2/repository/org/glassfish/jersey/ext/cdi/jersey-cdi1x/2.27/jersey-cdi1x-2.27.jar:/home/user/.m2/repository/org/glassfish/jersey/inject/jersey-hk2/2.27/jersey-hk2-2.27.jar:/home/user/.m2/repository/org/glassfish/hk2/hk2-locator/2.5.0-b42/hk2-locator-2.5.0-b42.jar:/home/user/.m2/repository/org/javassist/javassist/3.22.0-CR2/javassist-3.22.0-CR2.jar:/home/user/.m2/repository/org/glassfish/hk2/hk2-api/2.5.0/hk2-api-2.5.0.jar:/home/user/.m2/repository/org/glassfish/hk2/external/jakarta.inject/2.5.0/jakarta.inject-2.5.0.jar:/home/user/.m2/repository/org/glassfish/hk2/hk2-utils/2.5.0/hk2-utils-2.5.0.jar:/home/user/.m2/repository/jakarta/annotation/jakarta.annotation-api/1.3.4/jakarta.annotation-api-1.3.4.jar:/home/user/.m2/repository/org/glassfish/hk2/external/aopalliance-repackaged/2.5.0/aopalliance-repackaged-2.5.0.jar:/home/user/.m2/repository/com/fasterxml/jackson/dataformat/jackson-dataformat-xml/2.9.0/jackson-dataformat-xml-2.9.0.jar:/home/user/.m2/repository/com/fasterxml/jackson/core/jackson-core/2.9.5/jackson-core-2.9.5.jar:/home/user/.m2/repository/com/fasterxml/jackson/module/jackson-module-jaxb-annotations/2.9.5/jackson-module-jaxb-annotations-2.9.5.jar:/home/user/.m2/repository/javax/enterprise/cdi-api/1.2/cdi-api-1.2.jar:/home/user/.m2/repository/javax/el/javax.el-api/3.0.0/javax.el-api-3.0.0.jar:/home/user/.m2/repository/javax/interceptor/javax.interceptor-api/1.2/javax.interceptor-api-1.2.jar:/home/user/.m2/repository/javax/inject/javax.inject/1/javax.inject-1.jar:/home/user/.m2/repository/com/sun/xml/bind/jaxb-impl/2.3.0.1/jaxb-impl-2.3.0.1.jar:/home/user/.m2/repository/com/sun/xml/bind/jaxb-core/2.3.0.1/jaxb-core-2.3.0.1.jar:/home/user/.m2/repository/javax/xml/bind/jaxb-api/2.3.0/jaxb-api-2.3.0.jar:/home/user/.m2/repository/javax/activation/activation/1.1.1/activation-1.1.1.jar:/home/user/.m2/repository/org/apache/hadoop/hadoop-ozone-csi/0.5.0-SNAPSHOT/hadoop-ozone-csi-0.5.0-SNAPSHOT.jar:/home/user/.m2/repository/com/google/protobuf/protobuf-java-util/3.5.1/protobuf-java-util-3.5.1.jar:/home/user/.m2/repository/org/apache/hadoop/hadoop-hdds-config/0.5.0-SNAPSHOT/hadoop-hdds-config-0.5.0-SNAPSHOT.jar:/home/user/.m2/repository/io/grpc/grpc-netty/1.17.1/grpc-netty-1.17.1.jar:/home/user/.m2/repository/io/grpc/grpc-core/1.17.1/grpc-core-1.17.1.jar:/home/user/.m2/repository/io/grpc/grpc-context/1.17.1/grpc-context-1.17.1.jar:/home/user/.m2/repository/com/google/errorprone/error_prone_annotations/2.2.0/error_prone_annotations-2.2.0.jar:/home/user/.m2/repository/org/codehaus/mojo/animal-sniffer-annotations/1.17/animal-sniffer-annotations-1.17.jar:/home/user/.m2/repository/io/opencensus/opencensus-api/0.17.0/opencensus-api-0.17.0.jar:/home/user/.m2/repository/io/opencensus/opencensus-contrib-grpc-metrics/0.17.0/opencensus-contrib-grpc-metrics-0.17.0.jar:/home/user/.m2/repository/io/netty/netty-codec-http2/4.1.30.Final/netty-codec-http2-4.1.30.Final.jar:/home/user/.m2/repository/io/netty/netty-codec-http/4.1.30.Final/netty-codec-http-4.1.30.Final.jar:/home/user/.m2/repository/io/netty/netty-codec/4.1.30.Final/netty-codec-4.1.30.Final.jar:/home/user/.m2/repository/io/netty/netty-handler/4.1.30.Final/netty-handler-4.1.30.Final.jar:/home/user/.m2/repository/io/netty/netty-handler-proxy/4.1.30.Final/netty-handler-proxy-4.1.30.Final.jar:/home/user/.m2/repository/io/netty/netty-codec-socks/4.1.30.Final/netty-codec-socks-4.1.30.Final.jar:/home/user/.m2/repository/io/netty/netty-transport-native-epoll/4.1.30.Final/netty-transport-native-epoll-4.1.30.Final.jar:/home/user/.m2/repository/io/netty/netty-common/4.1.30.Final/netty-common-4.1.30.Final.jar:/home/user/.m2/repository/io/netty/netty-buffer/4.1.30.Final/netty-buffer-4.1.30.Final.jar:/home/user/.m2/repository/io/netty/netty-transport/4.1.30.Final/netty-transport-4.1.30.Final.jar:/home/user/.m2/repository/io/netty/netty-resolver/4.1.30.Final/netty-resolver-4.1.30.Final.jar:/home/user/.m2/repository/io/netty/netty-transport-native-unix-common/4.1.30.Final/netty-transport-native-unix-common-4.1.30.Final.jar:/home/user/.m2/repository/io/grpc/grpc-protobuf/1.17.1/grpc-protobuf-1.17.1.jar:/home/user/.m2/repository/com/google/api/grpc/proto-google-common-protos/1.0.0/proto-google-common-protos-1.0.0.jar:/home/user/.m2/repository/io/grpc/grpc-protobuf-lite/1.17.1/grpc-protobuf-lite-1.17.1.jar:/home/user/.m2/repository/io/grpc/grpc-stub/1.17.1/grpc-stub-1.17.1.jar:/home/user/.m2/repository/org/apache/hadoop/hadoop-ozone-recon/0.5.0-SNAPSHOT/hadoop-ozone-recon-0.5.0-SNAPSHOT.jar:/home/user/.m2/repository/org/apache/hadoop/hadoop-ozone-reconcodegen/0.5.0-SNAPSHOT/hadoop-ozone-reconcodegen-0.5.0-SNAPSHOT.jar:/home/user/.m2/repository/com/google/inject/extensions/guice-multibindings/4.0/guice-multibindings-4.0.jar:/home/user/.m2/repository/com/google/inject/guice/4.0/guice-4.0.jar:/home/user/.m2/repository/aopalliance/aopalliance/1.0/aopalliance-1.0.jar:/home/user/.m2/repository/com/google/inject/extensions/guice-servlet/4.0/guice-servlet-4.0.jar:/home/user/.m2/repository/org/glassfish/jersey/containers/jersey-container-servlet/2.27/jersey-container-servlet-2.27.jar:/home/user/.m2/repository/org/glassfish/hk2/guice-bridge/2.5.0/guice-bridge-2.5.0.jar:/home/user/.m2/repository/org/glassfish/jersey/core/jersey-server/2.27/jersey-server-2.27.jar:/home/user/.m2/repository/org/glassfish/jersey/core/jersey-client/2.27/jersey-client-2.27.jar:/home/user/.m2/repository/org/glassfish/jersey/media/jersey-media-jaxb/2.27/jersey-media-jaxb-2.27.jar:/home/user/.m2/repository/javax/validation/validation-api/1.1.0.Final/validation-api-1.1.0.Final.jar:/home/user/.m2/repository/org/glassfish/jersey/media/jersey-media-json-jackson/2.27/jersey-media-json-jackson-2.27.jar:/home/user/.m2/repository/org/glassfish/jersey/ext/jersey-entity-filtering/2.27/jersey-entity-filtering-2.27.jar:/home/user/.m2/repository/com/google/inject/extensions/guice-assistedinject/4.0/guice-assistedinject-4.0.jar:/home/user/.m2/repository/org/jooq/jooq/3.11.10/jooq-3.11.10.jar:/home/user/.m2/repository/org/jooq/jooq-meta/3.11.10/jooq-meta-3.11.10.jar:/home/user/.m2/repository/org/jooq/jooq-codegen/3.11.10/jooq-codegen-3.11.10.jar:/home/user/.m2/repository/com/jolbox/bonecp/0.8.0.RELEASE/bonecp-0.8.0.RELEASE.jar:/home/user/.m2/repository/org/xerial/sqlite-jdbc/3.25.2/sqlite-jdbc-3.25.2.jar:/home/user/.m2/repository/org/springframework/spring-jdbc/5.1.3.RELEASE/spring-jdbc-5.1.3.RELEASE.jar:/home/user/.m2/repository/org/springframework/spring-beans/5.1.3.RELEASE/spring-beans-5.1.3.RELEASE.jar:/home/user/.m2/repository/org/springframework/spring-core/5.1.3.RELEASE/spring-core-5.1.3.RELEASE.jar:/home/user/.m2/repository/org/springframework/spring-jcl/5.1.3.RELEASE/spring-jcl-5.1.3.RELEASE.jar:/home/user/.m2/repository/org/springframework/spring-tx/5.1.3.RELEASE/spring-tx-5.1.3.RELEASE.jar:/home/user/.m2/repository/org/apache/hadoop/hadoop-ozone-client/0.5.0-SNAPSHOT/hadoop-ozone-client-0.5.0-SNAPSHOT.jar:/home/user/.m2/repository/commons-lang/commons-lang/2.6/commons-lang-2.6.jar:/home/user/.m2/repository/org/apache/hadoop/hadoop-ozone-ozone-manager/0.5.0-SNAPSHOT/hadoop-ozone-ozone-manager-0.5.0-SNAPSHOT-tests.jar:/home/user/.m2/repository/junit/junit/4.11/junit-4.11.jar:/home/user/.m2/repository/org/hamcrest/hamcrest-core/1.3/hamcrest-core-1.3.jar:/home/user/.m2/repository/org/openjdk/jmh/jmh-core/1.19/jmh-core-1.19.jar:/home/user/.m2/repository/net/sf/jopt-simple/jopt-simple/4.6/jopt-simple-4.6.jar:/home/user/.m2/repository/org/apache/commons/commons-math3/3.1.1/commons-math3-3.1.1.jar:/home/user/.m2/repository/org/openjdk/jmh/jmh-generator-annprocess/1.19/jmh-generator-annprocess-1.19.jar:/home/user/.m2/repository/org/mockito/mockito-all/1.8.5/mockito-all-1.8.5.jar:/home/user/.m2/repository/org/apache/hadoop/hadoop-kms/3.2.0/hadoop-kms-3.2.0.jar:/home/user/.m2/repository/org/apache/hadoop/hadoop-auth/3.2.0/hadoop-auth-3.2.0.jar:/home/user/.m2/repository/com/nimbusds/nimbus-jose-jwt/4.41.1/nimbus-jose-jwt-4.41.1.jar:/home/user/.m2/repository/com/github/stephenc/jcip/jcip-annotations/1.0-1/jcip-annotations-1.0-1.jar:/home/user/.m2/repository/net/minidev/json-smart/2.3/json-smart-2.3.jar:/home/user/.m2/repository/net/minidev/accessors-smart/1.2/accessors-smart-1.2.jar:/home/user/.m2/repository/org/ow2/asm/asm/5.0.4/asm-5.0.4.jar:/home/user/.m2/repository/org/apache/curator/curator-framework/2.12.0/curator-framework-2.12.0.jar:/home/user/.m2/repository/com/sun/jersey/jersey-core/1.19/jersey-core-1.19.jar:/home/user/.m2/repository/javax/ws/rs/jsr311-api/1.1.1/jsr311-api-1.1.1.jar:/home/user/.m2/repository/com/sun/jersey/jersey-server/1.19/jersey-server-1.19.jar:/home/user/.m2/repository/javax/servlet/javax.servlet-api/3.1.0/javax.servlet-api-3.1.0.jar:/home/user/.m2/repository/org/eclipse/jetty/jetty-server/9.3.24.v20180605/jetty-server-9.3.24.v20180605.jar:/home/user/.m2/repository/org/eclipse/jetty/jetty-http/9.3.24.v20180605/jetty-http-9.3.24.v20180605.jar:/home/user/.m2/repository/org/eclipse/jetty/jetty-io/9.3.24.v20180605/jetty-io-9.3.24.v20180605.jar:/home/user/.m2/repository/org/eclipse/jetty/jetty-webapp/9.3.24.v20180605/jetty-webapp-9.3.24.v20180605.jar:/home/user/.m2/repository/org/eclipse/jetty/jetty-xml/9.3.24.v20180605/jetty-xml-9.3.24.v20180605.jar:/home/user/.m2/repository/log4j/log4j/1.2.17/log4j-1.2.17.jar:/home/user/.m2/repository/org/slf4j/slf4j-api/1.7.25/slf4j-api-1.7.25.jar:/home/user/.m2/repository/org/slf4j/jul-to-slf4j/1.7.25/jul-to-slf4j-1.7.25.jar:/home/user/.m2/repository/org/eclipse/jetty/jetty-util/9.3.24.v20180605/jetty-util-9.3.24.v20180605.jar:/home/user/.m2/repository/com/fasterxml/jackson/core/jackson-databind/2.9.5/jackson-databind-2.9.5.jar:/home/user/.m2/repository/org/apache/hadoop/hadoop-kms/3.2.0/hadoop-kms-3.2.0-tests.jar:/home/user/.m2/repository/org/apache/hadoop/hadoop-hdds-server-scm/0.5.0-SNAPSHOT/hadoop-hdds-server-scm-0.5.0-SNAPSHOT-tests.jar:/home/user/.m2/repository/org/apache/hadoop/hadoop-hdds-container-service/0.5.0-SNAPSHOT/hadoop-hdds-container-service-0.5.0-SNAPSHOT-tests.jar:/home/user/.m2/repository/org/yaml/snakeyaml/1.16/snakeyaml-1.16.jar:/home/user/.m2/repository/org/apache/hadoop/hadoop-common/3.2.0/hadoop-common-3.2.0-tests.jar:/home/user/.m2/repository/org/apache/hadoop/hadoop-annotations/3.2.0/hadoop-annotations-3.2.0.jar:/usr/lib/jvm/java-1.8-openjdk/jre/../lib/tools.jar:/home/user/.m2/repository/commons-cli/commons-cli/1.2/commons-cli-1.2.jar:/home/user/.m2/repository/org/apache/httpcomponents/httpclient/4.5.2/httpclient-4.5.2.jar:/home/user/.m2/repository/org/apache/httpcomponents/httpcore/4.4.4/httpcore-4.4.4.jar:/home/user/.m2/repository/commons-codec/commons-codec/1.11/commons-codec-1.11.jar:/home/user/.m2/repository/commons-net/commons-net/3.6/commons-net-3.6.jar:/home/user/.m2/repository/commons-collections/commons-collections/3.2.2/commons-collections-3.2.2.jar:/home/user/.m2/repository/org/eclipse/jetty/jetty-servlet/9.3.24.v20180605/jetty-servlet-9.3.24.v20180605.jar:/home/user/.m2/repository/org/eclipse/jetty/jetty-security/9.3.24.v20180605/jetty-security-9.3.24.v20180605.jar:/home/user/.m2/repository/javax/servlet/jsp/jsp-api/2.1/jsp-api-2.1.jar:/home/user/.m2/repository/com/sun/jersey/jersey-servlet/1.19/jersey-servlet-1.19.jar:/home/user/.m2/repository/com/sun/jersey/jersey-json/1.19/jersey-json-1.19.jar:/home/user/.m2/repository/org/codehaus/jettison/jettison/1.1/jettison-1.1.jar:/home/user/.m2/repository/org/codehaus/jackson/jackson-core-asl/1.9.13/jackson-core-asl-1.9.13.jar:/home/user/.m2/repository/org/codehaus/jackson/jackson-mapper-asl/1.9.13/jackson-mapper-asl-1.9.13.jar:/home/user/.m2/repository/org/codehaus/jackson/jackson-jaxrs/1.9.13/jackson-jaxrs-1.9.13.jar:/home/user/.m2/repository/org/codehaus/jackson/jackson-xc/1.9.13/jackson-xc-1.9.13.jar:/home/user/.m2/repository/commons-logging/commons-logging/1.1.3/commons-logging-1.1.3.jar:/home/user/.m2/repository/commons-beanutils/commons-beanutils/1.9.3/commons-beanutils-1.9.3.jar:/home/user/.m2/repository/org/apache/commons/commons-configuration2/2.1.1/commons-configuration2-2.1.1.jar:/home/user/.m2/repository/org/apache/commons/commons-lang3/3.7/commons-lang3-3.7.jar:/home/user/.m2/repository/org/apache/commons/commons-text/1.4/commons-text-1.4.jar:/home/user/.m2/repository/org/apache/avro/avro/1.7.7/avro-1.7.7.jar:/home/user/.m2/repository/com/thoughtworks/paranamer/paranamer/2.3/paranamer-2.3.jar:/home/user/.m2/repository/org/xerial/snappy/snappy-java/1.0.5/snappy-java-1.0.5.jar:/home/user/.m2/repository/com/google/re2j/re2j/1.1/re2j-1.1.jar:/home/user/.m2/repository/com/google/code/gson/gson/2.2.4/gson-2.2.4.jar:/home/user/.m2/repository/com/jcraft/jsch/0.1.54/jsch-0.1.54.jar:/home/user/.m2/repository/org/apache/curator/curator-client/2.12.0/curator-client-2.12.0.jar:/home/user/.m2/repository/org/apache/curator/curator-recipes/2.12.0/curator-recipes-2.12.0.jar:/home/user/.m2/repository/com/google/code/findbugs/jsr305/3.0.0/jsr305-3.0.0.jar:/home/user/.m2/repository/org/apache/htrace/htrace-core4/4.1.0-incubating/htrace-core4-4.1.0-incubating.jar:/home/user/.m2/repository/org/apache/zookeeper/zookeeper/3.4.13/zookeeper-3.4.13.jar:/home/user/.m2/repository/org/apache/yetus/audience-annotations/0.5.0/audience-annotations-0.5.0.jar:/home/user/.m2/repository/org/codehaus/woodstox/stax2-api/3.1.4/stax2-api-3.1.4.jar:/home/user/.m2/repository/com/fasterxml/woodstox/woodstox-core/5.0.3/woodstox-core-5.0.3.jar:/home/user/.m2/repository/dnsjava/dnsjava/2.1.7/dnsjava-2.1.7.jar:/home/user/.m2/repository/org/apache/hadoop/hadoop-hdfs/3.2.0/hadoop-hdfs-3.2.0-tests.jar:/home/user/.m2/repository/org/eclipse/jetty/jetty-util-ajax/9.3.24.v20180605/jetty-util-ajax-9.3.24.v20180605.jar:/home/user/.m2/repository/commons-daemon/commons-daemon/1.0.13/commons-daemon-1.0.13.jar:/home/user/.m2/repository/io/netty/netty/3.10.5.Final/netty-3.10.5.Final.jar:/home/user/.m2/repository/io/netty/netty-all/4.0.52.Final/netty-all-4.0.52.Final.jar:/home/user/.m2/repository/org/fusesource/leveldbjni/leveldbjni-all/1.8/leveldbjni-all-1.8.jar:"/>
    <property name="java.vm.vendor" value="IcedTea"/>
    <property name="sun.arch.data.model" value="64"/>
    <property name="test.build.dir" value="/workdir/hadoop-ozone/integration-test/target/test-dir"/>
    <property name="test.cache.data" value=""/>
    <property name="java.vendor.url" value="https://icedtea.classpath.org"/>
    <property name="user.timezone" value=""/>
    <property name="java.vm.specification.version" value="1.8"/>
    <property name="os.name" value="Linux"/>
    <property name="test.build.data" value="/workdir/hadoop-ozone/integration-test/target/test-dir"/>
    <property name="user.country" value="US"/>
    <property name="sun.java.launcher" value="SUN_STANDARD"/>
    <property name="sun.boot.library.path" value="/usr/lib/jvm/java-1.8-openjdk/jre/lib/amd64"/>
    <property name="sun.java.command" value="/workdir/hadoop-ozone/integration-test/target/surefire/surefirebooter3703791873513671127.jar /workdir/hadoop-ozone/integration-test/target/surefire 2019-09-16T15-30-39_100-jvmRun1 surefire3763121651011316902tmp surefire_774966230295225301300tmp"/>
    <property name="test" value="!TestMiniChaosOzoneCluster"/>
    <property name="surefire.test.class.path" value="/workdir/hadoop-ozone/integration-test/target/test-classes:/workdir/hadoop-ozone/integration-test/target/classes:/home/user/.m2/repository/org/apache/hadoop/hadoop-ozone-common/0.5.0-SNAPSHOT/hadoop-ozone-common-0.5.0-SNAPSHOT.jar:/home/user/.m2/repository/org/apache/commons/commons-compress/1.4.1/commons-compress-1.4.1.jar:/home/user/.m2/repository/org/tukaani/xz/1.0/xz-1.0.jar:/home/user/.m2/repository/org/apache/hadoop/hadoop-common/3.2.0/hadoop-common-3.2.0.jar:/home/user/.m2/repository/org/apache/hadoop/hadoop-hdfs/3.2.0/hadoop-hdfs-3.2.0.jar:/home/user/.m2/repository/org/apache/hadoop/hadoop-hdfs-client/3.2.0/hadoop-hdfs-client-3.2.0.jar:/home/user/.m2/repository/com/fasterxml/jackson/core/jackson-annotations/2.9.5/jackson-annotations-2.9.5.jar:/home/user/.m2/repository/org/apache/hadoop/hadoop-hdds-common/0.5.0-SNAPSHOT/hadoop-hdds-common-0.5.0-SNAPSHOT.jar:/home/user/.m2/repository/javax/annotation/javax.annotation-api/1.2/javax.annotation-api-1.2.jar:/home/user/.m2/repository/org/apache/ratis/ratis-server/0.4.0-78e95b9-SNAPSHOT/ratis-server-0.4.0-78e95b9-SNAPSHOT.jar:/home/user/.m2/repository/org/apache/ratis/ratis-thirdparty-misc/0.2.0/ratis-thirdparty-misc-0.2.0.jar:/home/user/.m2/repository/org/apache/ratis/ratis-proto/0.4.0-78e95b9-SNAPSHOT/ratis-proto-0.4.0-78e95b9-SNAPSHOT.jar:/home/user/.m2/repository/org/apache/ratis/ratis-common/0.4.0-78e95b9-SNAPSHOT/ratis-common-0.4.0-78e95b9-SNAPSHOT.jar:/home/user/.m2/repository/org/apache/ratis/ratis-client/0.4.0-78e95b9-SNAPSHOT/ratis-client-0.4.0-78e95b9-SNAPSHOT.jar:/home/user/.m2/repository/org/apache/ratis/ratis-metrics/0.4.0-78e95b9-SNAPSHOT/ratis-metrics-0.4.0-78e95b9-SNAPSHOT.jar:/home/user/.m2/repository/com/github/joshelser/dropwizard-metrics-hadoop-metrics2-reporter/0.1.2/dropwizard-metrics-hadoop-metrics2-reporter-0.1.2.jar:/home/user/.m2/repository/io/dropwizard/metrics/metrics-jvm/3.2.5/metrics-jvm-3.2.5.jar:/home/user/.m2/repository/io/dropwizard/metrics/metrics-ganglia/3.2.5/metrics-ganglia-3.2.5.jar:/home/user/.m2/repository/info/ganglia/gmetric4j/gmetric4j/1.0.7/gmetric4j-1.0.7.jar:/home/user/.m2/repository/org/apache/ratis/ratis-netty/0.4.0-78e95b9-SNAPSHOT/ratis-netty-0.4.0-78e95b9-SNAPSHOT.jar:/home/user/.m2/repository/org/apache/ratis/ratis-grpc/0.4.0-78e95b9-SNAPSHOT/ratis-grpc-0.4.0-78e95b9-SNAPSHOT.jar:/home/user/.m2/repository/org/rocksdb/rocksdbjni/6.0.1/rocksdbjni-6.0.1.jar:/home/user/.m2/repository/org/apache/logging/log4j/log4j-api/2.11.0/log4j-api-2.11.0.jar:/home/user/.m2/repository/org/apache/logging/log4j/log4j-core/2.11.0/log4j-core-2.11.0.jar:/home/user/.m2/repository/com/lmax/disruptor/3.4.2/disruptor-3.4.2.jar:/home/user/.m2/repository/org/apache/commons/commons-pool2/2.6.0/commons-pool2-2.6.0.jar:/home/user/.m2/repository/org/bouncycastle/bcpkix-jdk15on/1.60/bcpkix-jdk15on-1.60.jar:/home/user/.m2/repository/commons-validator/commons-validator/1.6/commons-validator-1.6.jar:/home/user/.m2/repository/commons-digester/commons-digester/1.8.1/commons-digester-1.8.1.jar:/home/user/.m2/repository/io/jaegertracing/jaeger-client/0.33.1/jaeger-client-0.33.1.jar:/home/user/.m2/repository/io/jaegertracing/jaeger-thrift/0.33.1/jaeger-thrift-0.33.1.jar:/home/user/.m2/repository/org/apache/thrift/libthrift/0.11.0/libthrift-0.11.0.jar:/home/user/.m2/repository/com/squareup/okhttp3/okhttp/3.9.0/okhttp-3.9.0.jar:/home/user/.m2/repository/com/squareup/okio/okio/1.13.0/okio-1.13.0.jar:/home/user/.m2/repository/io/jaegertracing/jaeger-core/0.33.1/jaeger-core-0.33.1.jar:/home/user/.m2/repository/io/jaegertracing/jaeger-tracerresolver/0.33.1/jaeger-tracerresolver-0.33.1.jar:/home/user/.m2/repository/io/opentracing/contrib/opentracing-tracerresolver/0.1.5/opentracing-tracerresolver-0.1.5.jar:/home/user/.m2/repository/io/opentracing/opentracing-util/0.31.0/opentracing-util-0.31.0.jar:/home/user/.m2/repository/io/opentracing/opentracing-api/0.31.0/opentracing-api-0.31.0.jar:/home/user/.m2/repository/io/opentracing/opentracing-noop/0.31.0/opentracing-noop-0.31.0.jar:/home/user/.m2/repository/org/apache/hadoop/hadoop-hdds-server-framework/0.5.0-SNAPSHOT/hadoop-hdds-server-framework-0.5.0-SNAPSHOT.jar:/home/user/.m2/repository/org/apache/hadoop/hadoop-hdds-container-service/0.5.0-SNAPSHOT/hadoop-hdds-container-service-0.5.0-SNAPSHOT.jar:/home/user/.m2/repository/org/apache/hadoop/hadoop-hdds-client/0.5.0-SNAPSHOT/hadoop-hdds-client-0.5.0-SNAPSHOT.jar:/home/user/.m2/repository/org/apache/hadoop/hadoop-hdds-tools/0.5.0-SNAPSHOT/hadoop-hdds-tools-0.5.0-SNAPSHOT.jar:/home/user/.m2/repository/org/apache/hadoop/hadoop-hdds-server-scm/0.5.0-SNAPSHOT/hadoop-hdds-server-scm-0.5.0-SNAPSHOT.jar:/home/user/.m2/repository/org/apache/hadoop/hadoop-hdds-docs/0.5.0-SNAPSHOT/hadoop-hdds-docs-0.5.0-SNAPSHOT.jar:/home/user/.m2/repository/io/dropwizard/metrics/metrics-core/3.2.4/metrics-core-3.2.4.jar:/home/user/.m2/repository/org/hamcrest/hamcrest-all/1.3/hamcrest-all-1.3.jar:/home/user/.m2/repository/org/bouncycastle/bcprov-jdk15on/1.60/bcprov-jdk15on-1.60.jar:/home/user/.m2/repository/info/picocli/picocli/3.9.6/picocli-3.9.6.jar:/home/user/.m2/repository/com/google/protobuf/protobuf-java/2.5.0/protobuf-java-2.5.0.jar:/home/user/.m2/repository/com/google/guava/guava/11.0.2/guava-11.0.2.jar:/home/user/.m2/repository/org/apache/hadoop/hadoop-ozone-ozone-manager/0.5.0-SNAPSHOT/hadoop-ozone-ozone-manager-0.5.0-SNAPSHOT.jar:/home/user/.m2/repository/org/apache/hadoop/hadoop-minikdc/3.2.0/hadoop-minikdc-3.2.0.jar:/home/user/.m2/repository/commons-io/commons-io/2.5/commons-io-2.5.jar:/home/user/.m2/repository/org/apache/kerby/kerb-simplekdc/1.0.1/kerb-simplekdc-1.0.1.jar:/home/user/.m2/repository/org/apache/kerby/kerb-client/1.0.1/kerb-client-1.0.1.jar:/home/user/.m2/repository/org/apache/kerby/kerby-config/1.0.1/kerby-config-1.0.1.jar:/home/user/.m2/repository/org/apache/kerby/kerb-core/1.0.1/kerb-core-1.0.1.jar:/home/user/.m2/repository/org/apache/kerby/kerby-pkix/1.0.1/kerby-pkix-1.0.1.jar:/home/user/.m2/repository/org/apache/kerby/kerby-asn1/1.0.1/kerby-asn1-1.0.1.jar:/home/user/.m2/repository/org/apache/kerby/kerby-util/1.0.1/kerby-util-1.0.1.jar:/home/user/.m2/repository/org/apache/kerby/kerb-common/1.0.1/kerb-common-1.0.1.jar:/home/user/.m2/repository/org/apache/kerby/kerb-crypto/1.0.1/kerb-crypto-1.0.1.jar:/home/user/.m2/repository/org/apache/kerby/kerb-util/1.0.1/kerb-util-1.0.1.jar:/home/user/.m2/repository/org/apache/kerby/token-provider/1.0.1/token-provider-1.0.1.jar:/home/user/.m2/repository/org/apache/kerby/kerb-admin/1.0.1/kerb-admin-1.0.1.jar:/home/user/.m2/repository/org/apache/kerby/kerb-server/1.0.1/kerb-server-1.0.1.jar:/home/user/.m2/repository/org/apache/kerby/kerb-identity/1.0.1/kerb-identity-1.0.1.jar:/home/user/.m2/repository/org/apache/kerby/kerby-xdr/1.0.1/kerby-xdr-1.0.1.jar:/home/user/.m2/repository/org/slf4j/slf4j-log4j12/1.7.25/slf4j-log4j12-1.7.25.jar:/home/user/.m2/repository/org/apache/hadoop/hadoop-ozone-s3gateway/0.5.0-SNAPSHOT/hadoop-ozone-s3gateway-0.5.0-SNAPSHOT.jar:/home/user/.m2/repository/org/jboss/weld/servlet/weld-servlet/2.4.7.Final/weld-servlet-2.4.7.Final.jar:/home/user/.m2/repository/org/glassfish/jersey/containers/jersey-container-servlet-core/2.27/jersey-container-servlet-core-2.27.jar:/home/user/.m2/repository/org/glassfish/hk2/external/javax.inject/2.5.0-b42/javax.inject-2.5.0-b42.jar:/home/user/.m2/repository/org/glassfish/jersey/core/jersey-common/2.27/jersey-common-2.27.jar:/home/user/.m2/repository/org/glassfish/hk2/osgi-resource-locator/1.0.1/osgi-resource-locator-1.0.1.jar:/home/user/.m2/repository/javax/ws/rs/javax.ws.rs-api/2.1/javax.ws.rs-api-2.1.jar:/home/user/.m2/repository/org/glassfish/jersey/ext/cdi/jersey-cdi1x/2.27/jersey-cdi1x-2.27.jar:/home/user/.m2/repository/org/glassfish/jersey/inject/jersey-hk2/2.27/jersey-hk2-2.27.jar:/home/user/.m2/repository/org/glassfish/hk2/hk2-locator/2.5.0-b42/hk2-locator-2.5.0-b42.jar:/home/user/.m2/repository/org/javassist/javassist/3.22.0-CR2/javassist-3.22.0-CR2.jar:/home/user/.m2/repository/org/glassfish/hk2/hk2-api/2.5.0/hk2-api-2.5.0.jar:/home/user/.m2/repository/org/glassfish/hk2/external/jakarta.inject/2.5.0/jakarta.inject-2.5.0.jar:/home/user/.m2/repository/org/glassfish/hk2/hk2-utils/2.5.0/hk2-utils-2.5.0.jar:/home/user/.m2/repository/jakarta/annotation/jakarta.annotation-api/1.3.4/jakarta.annotation-api-1.3.4.jar:/home/user/.m2/repository/org/glassfish/hk2/external/aopalliance-repackaged/2.5.0/aopalliance-repackaged-2.5.0.jar:/home/user/.m2/repository/com/fasterxml/jackson/dataformat/jackson-dataformat-xml/2.9.0/jackson-dataformat-xml-2.9.0.jar:/home/user/.m2/repository/com/fasterxml/jackson/core/jackson-core/2.9.5/jackson-core-2.9.5.jar:/home/user/.m2/repository/com/fasterxml/jackson/module/jackson-module-jaxb-annotations/2.9.5/jackson-module-jaxb-annotations-2.9.5.jar:/home/user/.m2/repository/javax/enterprise/cdi-api/1.2/cdi-api-1.2.jar:/home/user/.m2/repository/javax/el/javax.el-api/3.0.0/javax.el-api-3.0.0.jar:/home/user/.m2/repository/javax/interceptor/javax.interceptor-api/1.2/javax.interceptor-api-1.2.jar:/home/user/.m2/repository/javax/inject/javax.inject/1/javax.inject-1.jar:/home/user/.m2/repository/com/sun/xml/bind/jaxb-impl/2.3.0.1/jaxb-impl-2.3.0.1.jar:/home/user/.m2/repository/com/sun/xml/bind/jaxb-core/2.3.0.1/jaxb-core-2.3.0.1.jar:/home/user/.m2/repository/javax/xml/bind/jaxb-api/2.3.0/jaxb-api-2.3.0.jar:/home/user/.m2/repository/javax/activation/activation/1.1.1/activation-1.1.1.jar:/home/user/.m2/repository/org/apache/hadoop/hadoop-ozone-csi/0.5.0-SNAPSHOT/hadoop-ozone-csi-0.5.0-SNAPSHOT.jar:/home/user/.m2/repository/com/google/protobuf/protobuf-java-util/3.5.1/protobuf-java-util-3.5.1.jar:/home/user/.m2/repository/org/apache/hadoop/hadoop-hdds-config/0.5.0-SNAPSHOT/hadoop-hdds-config-0.5.0-SNAPSHOT.jar:/home/user/.m2/repository/io/grpc/grpc-netty/1.17.1/grpc-netty-1.17.1.jar:/home/user/.m2/repository/io/grpc/grpc-core/1.17.1/grpc-core-1.17.1.jar:/home/user/.m2/repository/io/grpc/grpc-context/1.17.1/grpc-context-1.17.1.jar:/home/user/.m2/repository/com/google/errorprone/error_prone_annotations/2.2.0/error_prone_annotations-2.2.0.jar:/home/user/.m2/repository/org/codehaus/mojo/animal-sniffer-annotations/1.17/animal-sniffer-annotations-1.17.jar:/home/user/.m2/repository/io/opencensus/opencensus-api/0.17.0/opencensus-api-0.17.0.jar:/home/user/.m2/repository/io/opencensus/opencensus-contrib-grpc-metrics/0.17.0/opencensus-contrib-grpc-metrics-0.17.0.jar:/home/user/.m2/repository/io/netty/netty-codec-http2/4.1.30.Final/netty-codec-http2-4.1.30.Final.jar:/home/user/.m2/repository/io/netty/netty-codec-http/4.1.30.Final/netty-codec-http-4.1.30.Final.jar:/home/user/.m2/repository/io/netty/netty-codec/4.1.30.Final/netty-codec-4.1.30.Final.jar:/home/user/.m2/repository/io/netty/netty-handler/4.1.30.Final/netty-handler-4.1.30.Final.jar:/home/user/.m2/repository/io/netty/netty-handler-proxy/4.1.30.Final/netty-handler-proxy-4.1.30.Final.jar:/home/user/.m2/repository/io/netty/netty-codec-socks/4.1.30.Final/netty-codec-socks-4.1.30.Final.jar:/home/user/.m2/repository/io/netty/netty-transport-native-epoll/4.1.30.Final/netty-transport-native-epoll-4.1.30.Final.jar:/home/user/.m2/repository/io/netty/netty-common/4.1.30.Final/netty-common-4.1.30.Final.jar:/home/user/.m2/repository/io/netty/netty-buffer/4.1.30.Final/netty-buffer-4.1.30.Final.jar:/home/user/.m2/repository/io/netty/netty-transport/4.1.30.Final/netty-transport-4.1.30.Final.jar:/home/user/.m2/repository/io/netty/netty-resolver/4.1.30.Final/netty-resolver-4.1.30.Final.jar:/home/user/.m2/repository/io/netty/netty-transport-native-unix-common/4.1.30.Final/netty-transport-native-unix-common-4.1.30.Final.jar:/home/user/.m2/repository/io/grpc/grpc-protobuf/1.17.1/grpc-protobuf-1.17.1.jar:/home/user/.m2/repository/com/google/api/grpc/proto-google-common-protos/1.0.0/proto-google-common-protos-1.0.0.jar:/home/user/.m2/repository/io/grpc/grpc-protobuf-lite/1.17.1/grpc-protobuf-lite-1.17.1.jar:/home/user/.m2/repository/io/grpc/grpc-stub/1.17.1/grpc-stub-1.17.1.jar:/home/user/.m2/repository/org/apache/hadoop/hadoop-ozone-recon/0.5.0-SNAPSHOT/hadoop-ozone-recon-0.5.0-SNAPSHOT.jar:/home/user/.m2/repository/org/apache/hadoop/hadoop-ozone-reconcodegen/0.5.0-SNAPSHOT/hadoop-ozone-reconcodegen-0.5.0-SNAPSHOT.jar:/home/user/.m2/repository/com/google/inject/extensions/guice-multibindings/4.0/guice-multibindings-4.0.jar:/home/user/.m2/repository/com/google/inject/guice/4.0/guice-4.0.jar:/home/user/.m2/repository/aopalliance/aopalliance/1.0/aopalliance-1.0.jar:/home/user/.m2/repository/com/google/inject/extensions/guice-servlet/4.0/guice-servlet-4.0.jar:/home/user/.m2/repository/org/glassfish/jersey/containers/jersey-container-servlet/2.27/jersey-container-servlet-2.27.jar:/home/user/.m2/repository/org/glassfish/hk2/guice-bridge/2.5.0/guice-bridge-2.5.0.jar:/home/user/.m2/repository/org/glassfish/jersey/core/jersey-server/2.27/jersey-server-2.27.jar:/home/user/.m2/repository/org/glassfish/jersey/core/jersey-client/2.27/jersey-client-2.27.jar:/home/user/.m2/repository/org/glassfish/jersey/media/jersey-media-jaxb/2.27/jersey-media-jaxb-2.27.jar:/home/user/.m2/repository/javax/validation/validation-api/1.1.0.Final/validation-api-1.1.0.Final.jar:/home/user/.m2/repository/org/glassfish/jersey/media/jersey-media-json-jackson/2.27/jersey-media-json-jackson-2.27.jar:/home/user/.m2/repository/org/glassfish/jersey/ext/jersey-entity-filtering/2.27/jersey-entity-filtering-2.27.jar:/home/user/.m2/repository/com/google/inject/extensions/guice-assistedinject/4.0/guice-assistedinject-4.0.jar:/home/user/.m2/repository/org/jooq/jooq/3.11.10/jooq-3.11.10.jar:/home/user/.m2/repository/org/jooq/jooq-meta/3.11.10/jooq-meta-3.11.10.jar:/home/user/.m2/repository/org/jooq/jooq-codegen/3.11.10/jooq-codegen-3.11.10.jar:/home/user/.m2/repository/com/jolbox/bonecp/0.8.0.RELEASE/bonecp-0.8.0.RELEASE.jar:/home/user/.m2/repository/org/xerial/sqlite-jdbc/3.25.2/sqlite-jdbc-3.25.2.jar:/home/user/.m2/repository/org/springframework/spring-jdbc/5.1.3.RELEASE/spring-jdbc-5.1.3.RELEASE.jar:/home/user/.m2/repository/org/springframework/spring-beans/5.1.3.RELEASE/spring-beans-5.1.3.RELEASE.jar:/home/user/.m2/repository/org/springframework/spring-core/5.1.3.RELEASE/spring-core-5.1.3.RELEASE.jar:/home/user/.m2/repository/org/springframework/spring-jcl/5.1.3.RELEASE/spring-jcl-5.1.3.RELEASE.jar:/home/user/.m2/repository/org/springframework/spring-tx/5.1.3.RELEASE/spring-tx-5.1.3.RELEASE.jar:/home/user/.m2/repository/org/apache/hadoop/hadoop-ozone-client/0.5.0-SNAPSHOT/hadoop-ozone-client-0.5.0-SNAPSHOT.jar:/home/user/.m2/repository/commons-lang/commons-lang/2.6/commons-lang-2.6.jar:/home/user/.m2/repository/org/apache/hadoop/hadoop-ozone-ozone-manager/0.5.0-SNAPSHOT/hadoop-ozone-ozone-manager-0.5.0-SNAPSHOT-tests.jar:/home/user/.m2/repository/junit/junit/4.11/junit-4.11.jar:/home/user/.m2/repository/org/hamcrest/hamcrest-core/1.3/hamcrest-core-1.3.jar:/home/user/.m2/repository/org/openjdk/jmh/jmh-core/1.19/jmh-core-1.19.jar:/home/user/.m2/repository/net/sf/jopt-simple/jopt-simple/4.6/jopt-simple-4.6.jar:/home/user/.m2/repository/org/apache/commons/commons-math3/3.1.1/commons-math3-3.1.1.jar:/home/user/.m2/repository/org/openjdk/jmh/jmh-generator-annprocess/1.19/jmh-generator-annprocess-1.19.jar:/home/user/.m2/repository/org/mockito/mockito-all/1.8.5/mockito-all-1.8.5.jar:/home/user/.m2/repository/org/apache/hadoop/hadoop-kms/3.2.0/hadoop-kms-3.2.0.jar:/home/user/.m2/repository/org/apache/hadoop/hadoop-auth/3.2.0/hadoop-auth-3.2.0.jar:/home/user/.m2/repository/com/nimbusds/nimbus-jose-jwt/4.41.1/nimbus-jose-jwt-4.41.1.jar:/home/user/.m2/repository/com/github/stephenc/jcip/jcip-annotations/1.0-1/jcip-annotations-1.0-1.jar:/home/user/.m2/repository/net/minidev/json-smart/2.3/json-smart-2.3.jar:/home/user/.m2/repository/net/minidev/accessors-smart/1.2/accessors-smart-1.2.jar:/home/user/.m2/repository/org/ow2/asm/asm/5.0.4/asm-5.0.4.jar:/home/user/.m2/repository/org/apache/curator/curator-framework/2.12.0/curator-framework-2.12.0.jar:/home/user/.m2/repository/com/sun/jersey/jersey-core/1.19/jersey-core-1.19.jar:/home/user/.m2/repository/javax/ws/rs/jsr311-api/1.1.1/jsr311-api-1.1.1.jar:/home/user/.m2/repository/com/sun/jersey/jersey-server/1.19/jersey-server-1.19.jar:/home/user/.m2/repository/javax/servlet/javax.servlet-api/3.1.0/javax.servlet-api-3.1.0.jar:/home/user/.m2/repository/org/eclipse/jetty/jetty-server/9.3.24.v20180605/jetty-server-9.3.24.v20180605.jar:/home/user/.m2/repository/org/eclipse/jetty/jetty-http/9.3.24.v20180605/jetty-http-9.3.24.v20180605.jar:/home/user/.m2/repository/org/eclipse/jetty/jetty-io/9.3.24.v20180605/jetty-io-9.3.24.v20180605.jar:/home/user/.m2/repository/org/eclipse/jetty/jetty-webapp/9.3.24.v20180605/jetty-webapp-9.3.24.v20180605.jar:/home/user/.m2/repository/org/eclipse/jetty/jetty-xml/9.3.24.v20180605/jetty-xml-9.3.24.v20180605.jar:/home/user/.m2/repository/log4j/log4j/1.2.17/log4j-1.2.17.jar:/home/user/.m2/repository/org/slf4j/slf4j-api/1.7.25/slf4j-api-1.7.25.jar:/home/user/.m2/repository/org/slf4j/jul-to-slf4j/1.7.25/jul-to-slf4j-1.7.25.jar:/home/user/.m2/repository/org/eclipse/jetty/jetty-util/9.3.24.v20180605/jetty-util-9.3.24.v20180605.jar:/home/user/.m2/repository/com/fasterxml/jackson/core/jackson-databind/2.9.5/jackson-databind-2.9.5.jar:/home/user/.m2/repository/org/apache/hadoop/hadoop-kms/3.2.0/hadoop-kms-3.2.0-tests.jar:/home/user/.m2/repository/org/apache/hadoop/hadoop-hdds-server-scm/0.5.0-SNAPSHOT/hadoop-hdds-server-scm-0.5.0-SNAPSHOT-tests.jar:/home/user/.m2/repository/org/apache/hadoop/hadoop-hdds-container-service/0.5.0-SNAPSHOT/hadoop-hdds-container-service-0.5.0-SNAPSHOT-tests.jar:/home/user/.m2/repository/org/yaml/snakeyaml/1.16/snakeyaml-1.16.jar:/home/user/.m2/repository/org/apache/hadoop/hadoop-common/3.2.0/hadoop-common-3.2.0-tests.jar:/home/user/.m2/repository/org/apache/hadoop/hadoop-annotations/3.2.0/hadoop-annotations-3.2.0.jar:/usr/lib/jvm/java-1.8-openjdk/jre/../lib/tools.jar:/home/user/.m2/repository/commons-cli/commons-cli/1.2/commons-cli-1.2.jar:/home/user/.m2/repository/org/apache/httpcomponents/httpclient/4.5.2/httpclient-4.5.2.jar:/home/user/.m2/repository/org/apache/httpcomponents/httpcore/4.4.4/httpcore-4.4.4.jar:/home/user/.m2/repository/commons-codec/commons-codec/1.11/commons-codec-1.11.jar:/home/user/.m2/repository/commons-net/commons-net/3.6/commons-net-3.6.jar:/home/user/.m2/repository/commons-collections/commons-collections/3.2.2/commons-collections-3.2.2.jar:/home/user/.m2/repository/org/eclipse/jetty/jetty-servlet/9.3.24.v20180605/jetty-servlet-9.3.24.v20180605.jar:/home/user/.m2/repository/org/eclipse/jetty/jetty-security/9.3.24.v20180605/jetty-security-9.3.24.v20180605.jar:/home/user/.m2/repository/javax/servlet/jsp/jsp-api/2.1/jsp-api-2.1.jar:/home/user/.m2/repository/com/sun/jersey/jersey-servlet/1.19/jersey-servlet-1.19.jar:/home/user/.m2/repository/com/sun/jersey/jersey-json/1.19/jersey-json-1.19.jar:/home/user/.m2/repository/org/codehaus/jettison/jettison/1.1/jettison-1.1.jar:/home/user/.m2/repository/org/codehaus/jackson/jackson-core-asl/1.9.13/jackson-core-asl-1.9.13.jar:/home/user/.m2/repository/org/codehaus/jackson/jackson-mapper-asl/1.9.13/jackson-mapper-asl-1.9.13.jar:/home/user/.m2/repository/org/codehaus/jackson/jackson-jaxrs/1.9.13/jackson-jaxrs-1.9.13.jar:/home/user/.m2/repository/org/codehaus/jackson/jackson-xc/1.9.13/jackson-xc-1.9.13.jar:/home/user/.m2/repository/commons-logging/commons-logging/1.1.3/commons-logging-1.1.3.jar:/home/user/.m2/repository/commons-beanutils/commons-beanutils/1.9.3/commons-beanutils-1.9.3.jar:/home/user/.m2/repository/org/apache/commons/commons-configuration2/2.1.1/commons-configuration2-2.1.1.jar:/home/user/.m2/repository/org/apache/commons/commons-lang3/3.7/commons-lang3-3.7.jar:/home/user/.m2/repository/org/apache/commons/commons-text/1.4/commons-text-1.4.jar:/home/user/.m2/repository/org/apache/avro/avro/1.7.7/avro-1.7.7.jar:/home/user/.m2/repository/com/thoughtworks/paranamer/paranamer/2.3/paranamer-2.3.jar:/home/user/.m2/repository/org/xerial/snappy/snappy-java/1.0.5/snappy-java-1.0.5.jar:/home/user/.m2/repository/com/google/re2j/re2j/1.1/re2j-1.1.jar:/home/user/.m2/repository/com/google/code/gson/gson/2.2.4/gson-2.2.4.jar:/home/user/.m2/repository/com/jcraft/jsch/0.1.54/jsch-0.1.54.jar:/home/user/.m2/repository/org/apache/curator/curator-client/2.12.0/curator-client-2.12.0.jar:/home/user/.m2/repository/org/apache/curator/curator-recipes/2.12.0/curator-recipes-2.12.0.jar:/home/user/.m2/repository/com/google/code/findbugs/jsr305/3.0.0/jsr305-3.0.0.jar:/home/user/.m2/repository/org/apache/htrace/htrace-core4/4.1.0-incubating/htrace-core4-4.1.0-incubating.jar:/home/user/.m2/repository/org/apache/zookeeper/zookeeper/3.4.13/zookeeper-3.4.13.jar:/home/user/.m2/repository/org/apache/yetus/audience-annotations/0.5.0/audience-annotations-0.5.0.jar:/home/user/.m2/repository/org/codehaus/woodstox/stax2-api/3.1.4/stax2-api-3.1.4.jar:/home/user/.m2/repository/com/fasterxml/woodstox/woodstox-core/5.0.3/woodstox-core-5.0.3.jar:/home/user/.m2/repository/dnsjava/dnsjava/2.1.7/dnsjava-2.1.7.jar:/home/user/.m2/repository/org/apache/hadoop/hadoop-hdfs/3.2.0/hadoop-hdfs-3.2.0-tests.jar:/home/user/.m2/repository/org/eclipse/jetty/jetty-util-ajax/9.3.24.v20180605/jetty-util-ajax-9.3.24.v20180605.jar:/home/user/.m2/repository/commons-daemon/commons-daemon/1.0.13/commons-daemon-1.0.13.jar:/home/user/.m2/repository/io/netty/netty/3.10.5.Final/netty-3.10.5.Final.jar:/home/user/.m2/repository/io/netty/netty-all/4.0.52.Final/netty-all-4.0.52.Final.jar:/home/user/.m2/repository/org/fusesource/leveldbjni/leveldbjni-all/1.8/leveldbjni-all-1.8.jar:"/>
    <property name="sun.cpu.endian" value="little"/>
    <property name="user.home" value="/home/user"/>
    <property name="user.language" value="en"/>
    <property name="java.specification.vendor" value="Oracle Corporation"/>
    <property name="java.home" value="/usr/lib/jvm/java-1.8-openjdk/jre"/>
    <property name="java.security.krb5.conf" value="/workdir/hadoop-ozone/integration-test/target/test-classes/krb5.conf"/>
    <property name="basedir" value="/workdir/hadoop-ozone/integration-test"/>
    <property name="file.separator" value="/"/>
    <property name="line.separator" value="&#10;"/>
    <property name="java.vm.specification.vendor" value="Oracle Corporation"/>
    <property name="java.specification.name" value="Java Platform API Specification"/>
    <property name="java.awt.graphicsenv" value="sun.awt.X11GraphicsEnvironment"/>
    <property name="surefire.real.class.path" value="/workdir/hadoop-ozone/integration-test/target/surefire/surefirebooter3703791873513671127.jar"/>
    <property name="hadoop.log.dir" value="/workdir/hadoop-ozone/integration-test/target/log"/>
    <property name="sun.boot.class.path" value="/usr/lib/jvm/java-1.8-openjdk/jre/lib/resources.jar:/usr/lib/jvm/java-1.8-openjdk/jre/lib/rt.jar:/usr/lib/jvm/java-1.8-openjdk/jre/lib/sunrsasign.jar:/usr/lib/jvm/java-1.8-openjdk/jre/lib/jsse.jar:/usr/lib/jvm/java-1.8-openjdk/jre/lib/jce.jar:/usr/lib/jvm/java-1.8-openjdk/jre/lib/charsets.jar:/usr/lib/jvm/java-1.8-openjdk/jre/lib/jfr.jar:/usr/lib/jvm/java-1.8-openjdk/jre/classes"/>
    <property name="sun.management.compiler" value="HotSpot 64-Bit Tiered Compilers"/>
    <property name="java.runtime.version" value="1.8.0_212-b04"/>
    <property name="java.net.preferIPv4Stack" value="true"/>
    <property name="user.name" value="jenkins1000"/>
    <property name="path.separator" value=":"/>
    <property name="java.security.egd" value="file:///dev/urandom"/>
    <property name="os.version" value="3.10.0-957.12.2.el7.x86_64"/>
    <property name="java.endorsed.dirs" value="/usr/lib/jvm/java-1.8-openjdk/jre/lib/endorsed"/>
    <property name="java.runtime.name" value="OpenJDK Runtime Environment"/>
    <property name="file.encoding" value="UTF-8"/>
    <property name="java.vm.name" value="OpenJDK 64-Bit Server VM"/>
    <property name="test.build.webapps" value=""/>
    <property name="localRepository" value="/home/user/.m2/repository"/>
    <property name="java.vendor.url.bug" value="https://icedtea.classpath.org/bugzilla"/>
    <property name="java.io.tmpdir" value="/tmp"/>
    <property name="require.test.libhadoop" value=""/>
    <property name="java.version" value="1.8.0_212"/>
    <property name="user.dir" value="/workdir/hadoop-ozone/integration-test"/>
    <property name="os.arch" value="amd64"/>
    <property name="java.vm.specification.name" value="Java Virtual Machine Specification"/>
    <property name="test.build.classes" value="/workdir/hadoop-ozone/integration-test/target/test-classes"/>
    <property name="java.awt.printerjob" value="sun.print.PSPrinterJob"/>
    <property name="sun.os.patch.level" value="unknown"/>
    <property name="hadoop.tmp.dir" value="/workdir/hadoop-ozone/integration-test/target/tmp"/>
    <property name="java.library.path" value="/usr/lib/jvm/java-1.8-openjdk/jre/lib/amd64/server:/usr/lib/jvm/java-1.8-openjdk/jre/lib/amd64:/usr/lib/jvm/java-1.8-openjdk/jre/../lib/amd64:/workdir/hadoop-ozone/integration-test/target/native/target/usr/local/lib:/workdir/hadoop-ozone/integration-test/../../hadoop-common-project/hadoop-common/target/native/target/usr/local/lib:/usr/java/packages/lib/amd64:/usr/lib64:/lib64:/lib:/usr/lib"/>
    <property name="java.vm.info" value="mixed mode"/>
    <property name="java.vendor" value="IcedTea"/>
    <property name="java.vm.version" value="25.212-b04"/>
    <property name="java.ext.dirs" value="/usr/lib/jvm/java-1.8-openjdk/jre/lib/ext:/usr/java/packages/lib/ext"/>
    <property name="sun.io.unicode.encoding" value="UnicodeLittle"/>
    <property name="java.class.version" value="52.0"/>
  </properties>
  <testcase name="testFlushChunk" classname="org.apache.hadoop.ozone.client.rpc.TestBlockOutputStream" time="5.48"/>
  <testcase name="testMultiChunkWrite2" classname="org.apache.hadoop.ozone.client.rpc.TestBlockOutputStream" time="187.878">
    <failure message="expected:&lt;5&gt; but was:&lt;8&gt;" type="java.lang.AssertionError"><![CDATA[java.lang.AssertionError: expected:<5> but was:<8>
	at org.junit.Assert.fail(Assert.java:88)
	at org.junit.Assert.failNotEquals(Assert.java:743)
	at org.junit.Assert.assertEquals(Assert.java:118)
	at org.junit.Assert.assertEquals(Assert.java:555)
	at org.junit.Assert.assertEquals(Assert.java:542)
	at org.apache.hadoop.ozone.client.rpc.TestBlockOutputStream.testMultiChunkWrite2(TestBlockOutputStream.java:466)
	at sun.reflect.NativeMethodAccessorImpl.invoke0(Native Method)
	at sun.reflect.NativeMethodAccessorImpl.invoke(NativeMethodAccessorImpl.java:62)
	at sun.reflect.DelegatingMethodAccessorImpl.invoke(DelegatingMethodAccessorImpl.java:43)
	at java.lang.reflect.Method.invoke(Method.java:498)
	at org.junit.runners.model.FrameworkMethod$1.runReflectiveCall(FrameworkMethod.java:47)
	at org.junit.internal.runners.model.ReflectiveCallable.run(ReflectiveCallable.java:12)
	at org.junit.runners.model.FrameworkMethod.invokeExplosively(FrameworkMethod.java:44)
	at org.junit.internal.runners.statements.InvokeMethod.evaluate(InvokeMethod.java:17)
	at org.junit.runners.ParentRunner.runLeaf(ParentRunner.java:271)
	at org.junit.runners.BlockJUnit4ClassRunner.runChild(BlockJUnit4ClassRunner.java:70)
	at org.junit.runners.BlockJUnit4ClassRunner.runChild(BlockJUnit4ClassRunner.java:50)
	at org.junit.runners.ParentRunner$3.run(ParentRunner.java:238)
	at org.junit.runners.ParentRunner$1.schedule(ParentRunner.java:63)
	at org.junit.runners.ParentRunner.runChildren(ParentRunner.java:236)
	at org.junit.runners.ParentRunner.access$000(ParentRunner.java:53)
	at org.junit.runners.ParentRunner$2.evaluate(ParentRunner.java:229)
	at org.junit.internal.runners.statements.RunBefores.evaluate(RunBefores.java:26)
	at org.junit.internal.runners.statements.RunAfters.evaluate(RunAfters.java:27)
	at org.junit.runners.ParentRunner.run(ParentRunner.java:309)
	at org.apache.maven.surefire.junit4.JUnit4Provider.execute(JUnit4Provider.java:365)
	at org.apache.maven.surefire.junit4.JUnit4Provider.executeWithRerun(JUnit4Provider.java:273)
	at org.apache.maven.surefire.junit4.JUnit4Provider.executeTestSet(JUnit4Provider.java:238)
	at org.apache.maven.surefire.junit4.JUnit4Provider.invoke(JUnit4Provider.java:159)
	at org.apache.maven.surefire.booter.ForkedBooter.invokeProviderInSameClassLoader(ForkedBooter.java:384)
	at org.apache.maven.surefire.booter.ForkedBooter.runSuitesInProcess(ForkedBooter.java:345)
	at org.apache.maven.surefire.booter.ForkedBooter.execute(ForkedBooter.java:126)
	at org.apache.maven.surefire.booter.ForkedBooter.main(ForkedBooter.java:418)
]]></failure>
    <system-out><![CDATA[2019-09-16 17:22:29,781 [java.util.concurrent.ThreadPoolExecutor$Worker@ff8e043[State = -1, empty queue]] WARN  server.GrpcLogAppender (GrpcLogAppender.java:timeoutAppendRequest(200)) - 08c3c9a3-c92b-48ae-803a-081cb99550ef@group-4C49021CB2BC->2565157f-9642-4f7c-bd15-58f431c5cf0a-GrpcLogAppender: appendEntries Timeout, request=08c3c9a3-c92b-48ae-803a-081cb99550ef->2565157f-9642-4f7c-bd15-58f431c5cf0a#8-t1, previous=(t:1, i:6), leaderCommit=6, initializing? false, entries: size=1, first=(t:1, i:7), STATEMACHINELOGENTRY, client-D2AC5C2F5119, cid=16
2019-09-16 17:22:29,781 [java.util.concurrent.ThreadPoolExecutor$Worker@1fc26504[State = -1, empty queue]] WARN  server.GrpcLogAppender (GrpcLogAppender.java:timeoutAppendRequest(200)) - 08c3c9a3-c92b-48ae-803a-081cb99550ef@group-4C49021CB2BC->a5d3a44e-87a4-4ffe-bd57-d4dea2700ae7-GrpcLogAppender: appendEntries Timeout, request=08c3c9a3-c92b-48ae-803a-081cb99550ef->a5d3a44e-87a4-4ffe-bd57-d4dea2700ae7#8-t1, previous=(t:1, i:6), leaderCommit=6, initializing? false, entries: size=1, first=(t:1, i:7), STATEMACHINELOGENTRY, client-D2AC5C2F5119, cid=16
2019-09-16 17:22:29,801 [java.util.concurrent.ThreadPoolExecutor$Worker@ff8e043[State = -1, empty queue]] WARN  server.GrpcLogAppender (GrpcLogAppender.java:timeoutAppendRequest(200)) - 08c3c9a3-c92b-48ae-803a-081cb99550ef@group-4C49021CB2BC->2565157f-9642-4f7c-bd15-58f431c5cf0a-GrpcLogAppender: appendEntries Timeout, request=08c3c9a3-c92b-48ae-803a-081cb99550ef->2565157f-9642-4f7c-bd15-58f431c5cf0a#9-t1, previous=(t:1, i:7), leaderCommit=6, initializing? false, entries: size=1, first=(t:1, i:8), STATEMACHINELOGENTRY, client-D2AC5C2F5119, cid=17
2019-09-16 17:22:29,805 [java.util.concurrent.ThreadPoolExecutor$Worker@1fc26504[State = -1, empty queue]] WARN  server.GrpcLogAppender (GrpcLogAppender.java:timeoutAppendRequest(200)) - 08c3c9a3-c92b-48ae-803a-081cb99550ef@group-4C49021CB2BC->a5d3a44e-87a4-4ffe-bd57-d4dea2700ae7-GrpcLogAppender: appendEntries Timeout, request=08c3c9a3-c92b-48ae-803a-081cb99550ef->a5d3a44e-87a4-4ffe-bd57-d4dea2700ae7#9-t1, previous=(t:1, i:7), leaderCommit=6, initializing? false, entries: size=1, first=(t:1, i:8), STATEMACHINELOGENTRY, client-D2AC5C2F5119, cid=17
2019-09-16 17:22:29,807 [java.util.concurrent.ThreadPoolExecutor$Worker@ff8e043[State = -1, empty queue]] WARN  server.GrpcLogAppender (GrpcLogAppender.java:timeoutAppendRequest(200)) - 08c3c9a3-c92b-48ae-803a-081cb99550ef@group-4C49021CB2BC->2565157f-9642-4f7c-bd15-58f431c5cf0a-GrpcLogAppender: appendEntries Timeout, request=08c3c9a3-c92b-48ae-803a-081cb99550ef->2565157f-9642-4f7c-bd15-58f431c5cf0a#10-t1, previous=(t:1, i:8), leaderCommit=6, initializing? false, entries: size=1, first=(t:1, i:9), STATEMACHINELOGENTRY, client-D2AC5C2F5119, cid=18
2019-09-16 17:22:29,809 [java.util.concurrent.ThreadPoolExecutor$Worker@1fc26504[State = -1, empty queue]] WARN  server.GrpcLogAppender (GrpcLogAppender.java:timeoutAppendRequest(200)) - 08c3c9a3-c92b-48ae-803a-081cb99550ef@group-4C49021CB2BC->a5d3a44e-87a4-4ffe-bd57-d4dea2700ae7-GrpcLogAppender: appendEntries Timeout, request=08c3c9a3-c92b-48ae-803a-081cb99550ef->a5d3a44e-87a4-4ffe-bd57-d4dea2700ae7#10-t1, previous=(t:1, i:8), leaderCommit=6, initializing? false, entries: size=1, first=(t:1, i:9), STATEMACHINELOGENTRY, client-D2AC5C2F5119, cid=18
2019-09-16 17:22:29,811 [java.util.concurrent.ThreadPoolExecutor$Worker@ff8e043[State = -1, empty queue]] WARN  server.GrpcLogAppender (GrpcLogAppender.java:timeoutAppendRequest(200)) - 08c3c9a3-c92b-48ae-803a-081cb99550ef@group-4C49021CB2BC->2565157f-9642-4f7c-bd15-58f431c5cf0a-GrpcLogAppender: appendEntries Timeout, request=08c3c9a3-c92b-48ae-803a-081cb99550ef->2565157f-9642-4f7c-bd15-58f431c5cf0a#11-t1, previous=(t:1, i:9), leaderCommit=6, initializing? false, entries: size=1, first=(t:1, i:10), STATEMACHINELOGENTRY, client-D2AC5C2F5119, cid=19
2019-09-16 17:22:29,813 [java.util.concurrent.ThreadPoolExecutor$Worker@1fc26504[State = -1, empty queue]] WARN  server.GrpcLogAppender (GrpcLogAppender.java:timeoutAppendRequest(200)) - 08c3c9a3-c92b-48ae-803a-081cb99550ef@group-4C49021CB2BC->a5d3a44e-87a4-4ffe-bd57-d4dea2700ae7-GrpcLogAppender: appendEntries Timeout, request=08c3c9a3-c92b-48ae-803a-081cb99550ef->a5d3a44e-87a4-4ffe-bd57-d4dea2700ae7#11-t1, previous=(t:1, i:9), leaderCommit=6, initializing? false, entries: size=1, first=(t:1, i:10), STATEMACHINELOGENTRY, client-D2AC5C2F5119, cid=19
2019-09-16 17:22:29,815 [java.util.concurrent.ThreadPoolExecutor$Worker@ff8e043[State = -1, empty queue]] WARN  server.GrpcLogAppender (GrpcLogAppender.java:timeoutAppendRequest(200)) - 08c3c9a3-c92b-48ae-803a-081cb99550ef@group-4C49021CB2BC->2565157f-9642-4f7c-bd15-58f431c5cf0a-GrpcLogAppender: appendEntries Timeout, request=08c3c9a3-c92b-48ae-803a-081cb99550ef->2565157f-9642-4f7c-bd15-58f431c5cf0a#12-t1, previous=(t:1, i:10), leaderCommit=6, initializing? false, entries: size=1, first=(t:1, i:11), STATEMACHINELOGENTRY, client-D2AC5C2F5119, cid=20
2019-09-16 17:22:29,817 [java.util.concurrent.ThreadPoolExecutor$Worker@1fc26504[State = -1, empty queue]] WARN  server.GrpcLogAppender (GrpcLogAppender.java:timeoutAppendRequest(200)) - 08c3c9a3-c92b-48ae-803a-081cb99550ef@group-4C49021CB2BC->a5d3a44e-87a4-4ffe-bd57-d4dea2700ae7-GrpcLogAppender: appendEntries Timeout, request=08c3c9a3-c92b-48ae-803a-081cb99550ef->a5d3a44e-87a4-4ffe-bd57-d4dea2700ae7#12-t1, previous=(t:1, i:10), leaderCommit=6, initializing? false, entries: size=1, first=(t:1, i:11), STATEMACHINELOGENTRY, client-D2AC5C2F5119, cid=20
2019-09-16 17:22:31,854 [grpc-default-executor-0] INFO  client.GrpcClientProtocolClient (GrpcClientProtocolClient.java:onNext(264)) - client-D2AC5C2F5119->a5d3a44e-87a4-4ffe-bd57-d4dea2700ae7: receive RaftClientReply:client-D2AC5C2F5119->a5d3a44e-87a4-4ffe-bd57-d4dea2700ae7@group-4C49021CB2BC, cid=16, FAILED org.apache.ratis.protocol.NotLeaderException: Server a5d3a44e-87a4-4ffe-bd57-d4dea2700ae7@group-4C49021CB2BC is not the leader 08c3c9a3-c92b-48ae-803a-081cb99550ef:192.168.151.75:43991, logIndex=0, commits[a5d3a44e-87a4-4ffe-bd57-d4dea2700ae7:c6, 2565157f-9642-4f7c-bd15-58f431c5cf0a:c4, 08c3c9a3-c92b-48ae-803a-081cb99550ef:c6]
2019-09-16 17:22:32,286 [java.util.concurrent.ThreadPoolExecutor$Worker@ff8e043[State = -1, empty queue]] WARN  server.GrpcLogAppender (GrpcLogAppender.java:timeoutAppendRequest(200)) - 08c3c9a3-c92b-48ae-803a-081cb99550ef@group-4C49021CB2BC->2565157f-9642-4f7c-bd15-58f431c5cf0a-GrpcLogAppender: appendEntries Timeout, request=08c3c9a3-c92b-48ae-803a-081cb99550ef->2565157f-9642-4f7c-bd15-58f431c5cf0a#13-t1, previous=(t:1, i:11), leaderCommit=6, initializing? false, entries: <empty>
2019-09-16 17:22:32,286 [java.util.concurrent.ThreadPoolExecutor$Worker@1fc26504[State = -1, empty queue]] WARN  server.GrpcLogAppender (GrpcLogAppender.java:timeoutAppendRequest(200)) - 08c3c9a3-c92b-48ae-803a-081cb99550ef@group-4C49021CB2BC->a5d3a44e-87a4-4ffe-bd57-d4dea2700ae7-GrpcLogAppender: appendEntries Timeout, request=08c3c9a3-c92b-48ae-803a-081cb99550ef->a5d3a44e-87a4-4ffe-bd57-d4dea2700ae7#13-t1, previous=(t:1, i:11), leaderCommit=6, initializing? false, entries: <empty>
2019-09-16 17:22:34,787 [java.util.concurrent.ThreadPoolExecutor$Worker@ff8e043[State = -1, empty queue]] WARN  server.GrpcLogAppender (GrpcLogAppender.java:timeoutAppendRequest(200)) - 08c3c9a3-c92b-48ae-803a-081cb99550ef@group-4C49021CB2BC->2565157f-9642-4f7c-bd15-58f431c5cf0a-GrpcLogAppender: appendEntries Timeout, request=08c3c9a3-c92b-48ae-803a-081cb99550ef->2565157f-9642-4f7c-bd15-58f431c5cf0a#14-t1, previous=(t:1, i:11), leaderCommit=6, initializing? false, entries: <empty>
2019-09-16 17:22:34,787 [java.util.concurrent.ThreadPoolExecutor$Worker@1fc26504[State = -1, empty queue]] WARN  server.GrpcLogAppender (GrpcLogAppender.java:timeoutAppendRequest(200)) - 08c3c9a3-c92b-48ae-803a-081cb99550ef@group-4C49021CB2BC->a5d3a44e-87a4-4ffe-bd57-d4dea2700ae7-GrpcLogAppender: appendEntries Timeout, request=08c3c9a3-c92b-48ae-803a-081cb99550ef->a5d3a44e-87a4-4ffe-bd57-d4dea2700ae7#14-t1, previous=(t:1, i:11), leaderCommit=6, initializing? false, entries: <empty>
2019-09-16 17:22:36,870 [a5d3a44e-87a4-4ffe-bd57-d4dea2700ae7@group-4C49021CB2BC-SegmentedRaftLogWorker] WARN  segmented.SegmentedRaftLogWorker (SegmentedRaftLogWorker.java:getFromFuture(90)) - Timeout 0/~
org.apache.ratis.protocol.TimeoutIOException: Timeout 10s: WriteLog:8: (t:1, i:8), STATEMACHINELOGENTRY, client-D2AC5C2F5119, cid=17-writeStateMachineData
	at org.apache.ratis.util.IOUtils.getFromFuture(IOUtils.java:87)
	at org.apache.ratis.server.raftlog.segmented.SegmentedRaftLogWorker$StateMachineDataPolicy.getFromFuture(SegmentedRaftLogWorker.java:87)
	at org.apache.ratis.server.raftlog.segmented.SegmentedRaftLogWorker$WriteLog.execute(SegmentedRaftLogWorker.java:477)
	at org.apache.ratis.server.raftlog.segmented.SegmentedRaftLogWorker.run(SegmentedRaftLogWorker.java:289)
	at java.lang.Thread.run(Thread.java:748)
Caused by: java.util.concurrent.TimeoutException
	at java.util.concurrent.CompletableFuture.timedGet(CompletableFuture.java:1771)
	at java.util.concurrent.CompletableFuture.get(CompletableFuture.java:1915)
	at org.apache.ratis.util.IOUtils.getFromFuture(IOUtils.java:79)
	... 4 more
2019-09-16 17:22:36,889 [2565157f-9642-4f7c-bd15-58f431c5cf0a@group-4C49021CB2BC-SegmentedRaftLogWorker] WARN  segmented.SegmentedRaftLogWorker (SegmentedRaftLogWorker.java:getFromFuture(90)) - Timeout 0/~
org.apache.ratis.protocol.TimeoutIOException: Timeout 10s: WriteLog:8: (t:1, i:8), STATEMACHINELOGENTRY, client-D2AC5C2F5119, cid=17-writeStateMachineData
	at org.apache.ratis.util.IOUtils.getFromFuture(IOUtils.java:87)
	at org.apache.ratis.server.raftlog.segmented.SegmentedRaftLogWorker$StateMachineDataPolicy.getFromFuture(SegmentedRaftLogWorker.java:87)
	at org.apache.ratis.server.raftlog.segmented.SegmentedRaftLogWorker$WriteLog.execute(SegmentedRaftLogWorker.java:477)
	at org.apache.ratis.server.raftlog.segmented.SegmentedRaftLogWorker.run(SegmentedRaftLogWorker.java:289)
	at java.lang.Thread.run(Thread.java:748)
Caused by: java.util.concurrent.TimeoutException
	at java.util.concurrent.CompletableFuture.timedGet(CompletableFuture.java:1771)
	at java.util.concurrent.CompletableFuture.get(CompletableFuture.java:1915)
	at org.apache.ratis.util.IOUtils.getFromFuture(IOUtils.java:79)
	... 4 more
2019-09-16 17:22:36,889 [08c3c9a3-c92b-48ae-803a-081cb99550ef@group-4C49021CB2BC-SegmentedRaftLogWorker] WARN  segmented.SegmentedRaftLogWorker (SegmentedRaftLogWorker.java:getFromFuture(90)) - Timeout 0/~
org.apache.ratis.protocol.TimeoutIOException: Timeout 10s: WriteLog:8: (t:1, i:8), STATEMACHINELOGENTRY, client-D2AC5C2F5119, cid=17-writeStateMachineData
	at org.apache.ratis.util.IOUtils.getFromFuture(IOUtils.java:87)
	at org.apache.ratis.server.raftlog.segmented.SegmentedRaftLogWorker$StateMachineDataPolicy.getFromFuture(SegmentedRaftLogWorker.java:87)
	at org.apache.ratis.server.raftlog.segmented.SegmentedRaftLogWorker$WriteLog.execute(SegmentedRaftLogWorker.java:477)
	at org.apache.ratis.server.raftlog.segmented.SegmentedRaftLogWorker.run(SegmentedRaftLogWorker.java:289)
	at java.lang.Thread.run(Thread.java:748)
Caused by: java.util.concurrent.TimeoutException
	at java.util.concurrent.CompletableFuture.timedGet(CompletableFuture.java:1771)
	at java.util.concurrent.CompletableFuture.get(CompletableFuture.java:1915)
	at org.apache.ratis.util.IOUtils.getFromFuture(IOUtils.java:79)
	... 4 more
2019-09-16 17:22:36,928 [grpc-default-executor-0] INFO  client.GrpcClientProtocolClient (GrpcClientProtocolClient.java:onNext(264)) - client-D2AC5C2F5119->a5d3a44e-87a4-4ffe-bd57-d4dea2700ae7: receive RaftClientReply:client-D2AC5C2F5119->a5d3a44e-87a4-4ffe-bd57-d4dea2700ae7@group-4C49021CB2BC, cid=16, FAILED org.apache.ratis.protocol.NotLeaderException: Server a5d3a44e-87a4-4ffe-bd57-d4dea2700ae7@group-4C49021CB2BC is not the leader 08c3c9a3-c92b-48ae-803a-081cb99550ef:192.168.151.75:43991, logIndex=0, commits[a5d3a44e-87a4-4ffe-bd57-d4dea2700ae7:c6, 2565157f-9642-4f7c-bd15-58f431c5cf0a:c4, 08c3c9a3-c92b-48ae-803a-081cb99550ef:c6]
2019-09-16 17:22:37,288 [java.util.concurrent.ThreadPoolExecutor$Worker@1fc26504[State = -1, empty queue]] WARN  server.GrpcLogAppender (GrpcLogAppender.java:timeoutAppendRequest(200)) - 08c3c9a3-c92b-48ae-803a-081cb99550ef@group-4C49021CB2BC->a5d3a44e-87a4-4ffe-bd57-d4dea2700ae7-GrpcLogAppender: appendEntries Timeout, request=08c3c9a3-c92b-48ae-803a-081cb99550ef->a5d3a44e-87a4-4ffe-bd57-d4dea2700ae7#15-t1, previous=(t:1, i:11), leaderCommit=6, initializing? false, entries: <empty>
2019-09-16 17:22:37,288 [java.util.concurrent.ThreadPoolExecutor$Worker@ff8e043[State = -1, empty queue]] WARN  server.GrpcLogAppender (GrpcLogAppender.java:timeoutAppendRequest(200)) - 08c3c9a3-c92b-48ae-803a-081cb99550ef@group-4C49021CB2BC->2565157f-9642-4f7c-bd15-58f431c5cf0a-GrpcLogAppender: appendEntries Timeout, request=08c3c9a3-c92b-48ae-803a-081cb99550ef->2565157f-9642-4f7c-bd15-58f431c5cf0a#15-t1, previous=(t:1, i:11), leaderCommit=6, initializing? false, entries: <empty>
2019-09-16 17:22:39,791 [java.util.concurrent.ThreadPoolExecutor$Worker@1fc26504[State = -1, empty queue]] WARN  server.GrpcLogAppender (GrpcLogAppender.java:timeoutAppendRequest(200)) - 08c3c9a3-c92b-48ae-803a-081cb99550ef@group-4C49021CB2BC->a5d3a44e-87a4-4ffe-bd57-d4dea2700ae7-GrpcLogAppender: appendEntries Timeout, request=08c3c9a3-c92b-48ae-803a-081cb99550ef->a5d3a44e-87a4-4ffe-bd57-d4dea2700ae7#16-t1, previous=(t:1, i:11), leaderCommit=6, initializing? false, entries: <empty>
2019-09-16 17:22:39,791 [java.util.concurrent.ThreadPoolExecutor$Worker@ff8e043[State = -1, empty queue]] WARN  server.GrpcLogAppender (GrpcLogAppender.java:timeoutAppendRequest(200)) - 08c3c9a3-c92b-48ae-803a-081cb99550ef@group-4C49021CB2BC->2565157f-9642-4f7c-bd15-58f431c5cf0a-GrpcLogAppender: appendEntries Timeout, request=08c3c9a3-c92b-48ae-803a-081cb99550ef->2565157f-9642-4f7c-bd15-58f431c5cf0a#16-t1, previous=(t:1, i:11), leaderCommit=6, initializing? false, entries: <empty>
2019-09-16 17:22:41,985 [grpc-default-executor-0] INFO  client.GrpcClientProtocolClient (GrpcClientProtocolClient.java:onNext(264)) - client-D2AC5C2F5119->2565157f-9642-4f7c-bd15-58f431c5cf0a: receive RaftClientReply:client-D2AC5C2F5119->2565157f-9642-4f7c-bd15-58f431c5cf0a@group-4C49021CB2BC, cid=16, FAILED org.apache.ratis.protocol.NotLeaderException: Server 2565157f-9642-4f7c-bd15-58f431c5cf0a@group-4C49021CB2BC is not the leader 08c3c9a3-c92b-48ae-803a-081cb99550ef:192.168.151.75:43991, logIndex=0, commits[2565157f-9642-4f7c-bd15-58f431c5cf0a:c6, a5d3a44e-87a4-4ffe-bd57-d4dea2700ae7:c4, 08c3c9a3-c92b-48ae-803a-081cb99550ef:c6]
2019-09-16 17:22:42,292 [java.util.concurrent.ThreadPoolExecutor$Worker@1fc26504[State = -1, empty queue]] WARN  server.GrpcLogAppender (GrpcLogAppender.java:timeoutAppendRequest(200)) - 08c3c9a3-c92b-48ae-803a-081cb99550ef@group-4C49021CB2BC->a5d3a44e-87a4-4ffe-bd57-d4dea2700ae7-GrpcLogAppender: appendEntries Timeout, request=08c3c9a3-c92b-48ae-803a-081cb99550ef->a5d3a44e-87a4-4ffe-bd57-d4dea2700ae7#17-t1, previous=(t:1, i:11), leaderCommit=6, initializing? false, entries: <empty>
2019-09-16 17:22:42,292 [java.util.concurrent.ThreadPoolExecutor$Worker@ff8e043[State = -1, empty queue]] WARN  server.GrpcLogAppender (GrpcLogAppender.java:timeoutAppendRequest(200)) - 08c3c9a3-c92b-48ae-803a-081cb99550ef@group-4C49021CB2BC->2565157f-9642-4f7c-bd15-58f431c5cf0a-GrpcLogAppender: appendEntries Timeout, request=08c3c9a3-c92b-48ae-803a-081cb99550ef->2565157f-9642-4f7c-bd15-58f431c5cf0a#17-t1, previous=(t:1, i:11), leaderCommit=6, initializing? false, entries: <empty>
2019-09-16 17:22:44,793 [java.util.concurrent.ThreadPoolExecutor$Worker@ff8e043[State = -1, empty queue]] WARN  server.GrpcLogAppender (GrpcLogAppender.java:timeoutAppendRequest(200)) - 08c3c9a3-c92b-48ae-803a-081cb99550ef@group-4C49021CB2BC->2565157f-9642-4f7c-bd15-58f431c5cf0a-GrpcLogAppender: appendEntries Timeout, request=08c3c9a3-c92b-48ae-803a-081cb99550ef->2565157f-9642-4f7c-bd15-58f431c5cf0a#18-t1, previous=(t:1, i:11), leaderCommit=6, initializing? false, entries: <empty>
2019-09-16 17:22:44,793 [java.util.concurrent.ThreadPoolExecutor$Worker@1fc26504[State = -1, empty queue]] WARN  server.GrpcLogAppender (GrpcLogAppender.java:timeoutAppendRequest(200)) - 08c3c9a3-c92b-48ae-803a-081cb99550ef@group-4C49021CB2BC->a5d3a44e-87a4-4ffe-bd57-d4dea2700ae7-GrpcLogAppender: appendEntries Timeout, request=08c3c9a3-c92b-48ae-803a-081cb99550ef->a5d3a44e-87a4-4ffe-bd57-d4dea2700ae7#18-t1, previous=(t:1, i:11), leaderCommit=6, initializing? false, entries: <empty>
2019-09-16 17:22:46,874 [a5d3a44e-87a4-4ffe-bd57-d4dea2700ae7@group-4C49021CB2BC-SegmentedRaftLogWorker] WARN  segmented.SegmentedRaftLogWorker (SegmentedRaftLogWorker.java:getFromFuture(90)) - Timeout 1/~
org.apache.ratis.protocol.TimeoutIOException: Timeout 10s: WriteLog:8: (t:1, i:8), STATEMACHINELOGENTRY, client-D2AC5C2F5119, cid=17-writeStateMachineData
	at org.apache.ratis.util.IOUtils.getFromFuture(IOUtils.java:87)
	at org.apache.ratis.server.raftlog.segmented.SegmentedRaftLogWorker$StateMachineDataPolicy.getFromFuture(SegmentedRaftLogWorker.java:87)
	at org.apache.ratis.server.raftlog.segmented.SegmentedRaftLogWorker$WriteLog.execute(SegmentedRaftLogWorker.java:477)
	at org.apache.ratis.server.raftlog.segmented.SegmentedRaftLogWorker.run(SegmentedRaftLogWorker.java:289)
	at java.lang.Thread.run(Thread.java:748)
Caused by: java.util.concurrent.TimeoutException
	at java.util.concurrent.CompletableFuture.timedGet(CompletableFuture.java:1771)
	at java.util.concurrent.CompletableFuture.get(CompletableFuture.java:1915)
	at org.apache.ratis.util.IOUtils.getFromFuture(IOUtils.java:79)
	... 4 more
2019-09-16 17:22:46,890 [2565157f-9642-4f7c-bd15-58f431c5cf0a@group-4C49021CB2BC-SegmentedRaftLogWorker] WARN  segmented.SegmentedRaftLogWorker (SegmentedRaftLogWorker.java:getFromFuture(90)) - Timeout 1/~
org.apache.ratis.protocol.TimeoutIOException: Timeout 10s: WriteLog:8: (t:1, i:8), STATEMACHINELOGENTRY, client-D2AC5C2F5119, cid=17-writeStateMachineData
	at org.apache.ratis.util.IOUtils.getFromFuture(IOUtils.java:87)
	at org.apache.ratis.server.raftlog.segmented.SegmentedRaftLogWorker$StateMachineDataPolicy.getFromFuture(SegmentedRaftLogWorker.java:87)
	at org.apache.ratis.server.raftlog.segmented.SegmentedRaftLogWorker$WriteLog.execute(SegmentedRaftLogWorker.java:477)
	at org.apache.ratis.server.raftlog.segmented.SegmentedRaftLogWorker.run(SegmentedRaftLogWorker.java:289)
	at java.lang.Thread.run(Thread.java:748)
Caused by: java.util.concurrent.TimeoutException
	at java.util.concurrent.CompletableFuture.timedGet(CompletableFuture.java:1771)
	at java.util.concurrent.CompletableFuture.get(CompletableFuture.java:1915)
	at org.apache.ratis.util.IOUtils.getFromFuture(IOUtils.java:79)
	... 4 more
2019-09-16 17:22:46,891 [08c3c9a3-c92b-48ae-803a-081cb99550ef@group-4C49021CB2BC-SegmentedRaftLogWorker] WARN  segmented.SegmentedRaftLogWorker (SegmentedRaftLogWorker.java:getFromFuture(90)) - Timeout 1/~
org.apache.ratis.protocol.TimeoutIOException: Timeout 10s: WriteLog:8: (t:1, i:8), STATEMACHINELOGENTRY, client-D2AC5C2F5119, cid=17-writeStateMachineData
	at org.apache.ratis.util.IOUtils.getFromFuture(IOUtils.java:87)
	at org.apache.ratis.server.raftlog.segmented.SegmentedRaftLogWorker$StateMachineDataPolicy.getFromFuture(SegmentedRaftLogWorker.java:87)
	at org.apache.ratis.server.raftlog.segmented.SegmentedRaftLogWorker$WriteLog.execute(SegmentedRaftLogWorker.java:477)
	at org.apache.ratis.server.raftlog.segmented.SegmentedRaftLogWorker.run(SegmentedRaftLogWorker.java:289)
	at java.lang.Thread.run(Thread.java:748)
Caused by: java.util.concurrent.TimeoutException
	at java.util.concurrent.CompletableFuture.timedGet(CompletableFuture.java:1771)
	at java.util.concurrent.CompletableFuture.get(CompletableFuture.java:1915)
	at org.apache.ratis.util.IOUtils.getFromFuture(IOUtils.java:79)
	... 4 more
2019-09-16 17:22:47,035 [grpc-default-executor-2] INFO  client.GrpcClientProtocolClient (GrpcClientProtocolClient.java:onNext(264)) - client-D2AC5C2F5119->2565157f-9642-4f7c-bd15-58f431c5cf0a: receive RaftClientReply:client-D2AC5C2F5119->2565157f-9642-4f7c-bd15-58f431c5cf0a@group-4C49021CB2BC, cid=16, FAILED org.apache.ratis.protocol.NotLeaderException: Server 2565157f-9642-4f7c-bd15-58f431c5cf0a@group-4C49021CB2BC is not the leader 08c3c9a3-c92b-48ae-803a-081cb99550ef:192.168.151.75:43991, logIndex=0, commits[2565157f-9642-4f7c-bd15-58f431c5cf0a:c6, a5d3a44e-87a4-4ffe-bd57-d4dea2700ae7:c4, 08c3c9a3-c92b-48ae-803a-081cb99550ef:c6]
2019-09-16 17:22:47,293 [java.util.concurrent.ThreadPoolExecutor$Worker@ff8e043[State = -1, empty queue]] WARN  server.GrpcLogAppender (GrpcLogAppender.java:timeoutAppendRequest(200)) - 08c3c9a3-c92b-48ae-803a-081cb99550ef@group-4C49021CB2BC->2565157f-9642-4f7c-bd15-58f431c5cf0a-GrpcLogAppender: appendEntries Timeout, request=08c3c9a3-c92b-48ae-803a-081cb99550ef->2565157f-9642-4f7c-bd15-58f431c5cf0a#19-t1, previous=(t:1, i:11), leaderCommit=6, initializing? false, entries: <empty>
2019-09-16 17:22:47,293 [java.util.concurrent.ThreadPoolExecutor$Worker@1fc26504[State = -1, empty queue]] WARN  server.GrpcLogAppender (GrpcLogAppender.java:timeoutAppendRequest(200)) - 08c3c9a3-c92b-48ae-803a-081cb99550ef@group-4C49021CB2BC->a5d3a44e-87a4-4ffe-bd57-d4dea2700ae7-GrpcLogAppender: appendEntries Timeout, request=08c3c9a3-c92b-48ae-803a-081cb99550ef->a5d3a44e-87a4-4ffe-bd57-d4dea2700ae7#19-t1, previous=(t:1, i:11), leaderCommit=6, initializing? false, entries: <empty>
2019-09-16 17:22:49,795 [java.util.concurrent.ThreadPoolExecutor$Worker@1fc26504[State = -1, empty queue]] WARN  server.GrpcLogAppender (GrpcLogAppender.java:timeoutAppendRequest(200)) - 08c3c9a3-c92b-48ae-803a-081cb99550ef@group-4C49021CB2BC->a5d3a44e-87a4-4ffe-bd57-d4dea2700ae7-GrpcLogAppender: appendEntries Timeout, request=08c3c9a3-c92b-48ae-803a-081cb99550ef->a5d3a44e-87a4-4ffe-bd57-d4dea2700ae7#20-t1, previous=(t:1, i:11), leaderCommit=6, initializing? false, entries: <empty>
2019-09-16 17:22:49,795 [java.util.concurrent.ThreadPoolExecutor$Worker@ff8e043[State = -1, empty queue]] WARN  server.GrpcLogAppender (GrpcLogAppender.java:timeoutAppendRequest(200)) - 08c3c9a3-c92b-48ae-803a-081cb99550ef@group-4C49021CB2BC->2565157f-9642-4f7c-bd15-58f431c5cf0a-GrpcLogAppender: appendEntries Timeout, request=08c3c9a3-c92b-48ae-803a-081cb99550ef->2565157f-9642-4f7c-bd15-58f431c5cf0a#20-t1, previous=(t:1, i:11), leaderCommit=6, initializing? false, entries: <empty>
2019-09-16 17:22:52,112 [grpc-default-executor-0] INFO  client.GrpcClientProtocolClient (GrpcClientProtocolClient.java:onNext(264)) - client-D2AC5C2F5119->a5d3a44e-87a4-4ffe-bd57-d4dea2700ae7: receive RaftClientReply:client-D2AC5C2F5119->a5d3a44e-87a4-4ffe-bd57-d4dea2700ae7@group-4C49021CB2BC, cid=16, FAILED org.apache.ratis.protocol.NotLeaderException: Server a5d3a44e-87a4-4ffe-bd57-d4dea2700ae7@group-4C49021CB2BC is not the leader 08c3c9a3-c92b-48ae-803a-081cb99550ef:192.168.151.75:43991, logIndex=0, commits[a5d3a44e-87a4-4ffe-bd57-d4dea2700ae7:c6, 2565157f-9642-4f7c-bd15-58f431c5cf0a:c4, 08c3c9a3-c92b-48ae-803a-081cb99550ef:c6]
2019-09-16 17:22:52,296 [java.util.concurrent.ThreadPoolExecutor$Worker@1fc26504[State = -1, empty queue]] WARN  server.GrpcLogAppender (GrpcLogAppender.java:timeoutAppendRequest(200)) - 08c3c9a3-c92b-48ae-803a-081cb99550ef@group-4C49021CB2BC->a5d3a44e-87a4-4ffe-bd57-d4dea2700ae7-GrpcLogAppender: appendEntries Timeout, request=08c3c9a3-c92b-48ae-803a-081cb99550ef->a5d3a44e-87a4-4ffe-bd57-d4dea2700ae7#21-t1, previous=(t:1, i:11), leaderCommit=6, initializing? false, entries: <empty>
2019-09-16 17:22:52,296 [java.util.concurrent.ThreadPoolExecutor$Worker@ff8e043[State = -1, empty queue]] WARN  server.GrpcLogAppender (GrpcLogAppender.java:timeoutAppendRequest(200)) - 08c3c9a3-c92b-48ae-803a-081cb99550ef@group-4C49021CB2BC->2565157f-9642-4f7c-bd15-58f431c5cf0a-GrpcLogAppender: appendEntries Timeout, request=08c3c9a3-c92b-48ae-803a-081cb99550ef->2565157f-9642-4f7c-bd15-58f431c5cf0a#21-t1, previous=(t:1, i:11), leaderCommit=6, initializing? false, entries: <empty>
2019-09-16 17:22:54,800 [java.util.concurrent.ThreadPoolExecutor$Worker@1fc26504[State = -1, empty queue]] WARN  server.GrpcLogAppender (GrpcLogAppender.java:timeoutAppendRequest(200)) - 08c3c9a3-c92b-48ae-803a-081cb99550ef@group-4C49021CB2BC->a5d3a44e-87a4-4ffe-bd57-d4dea2700ae7-GrpcLogAppender: appendEntries Timeout, request=08c3c9a3-c92b-48ae-803a-081cb99550ef->a5d3a44e-87a4-4ffe-bd57-d4dea2700ae7#22-t1, previous=(t:1, i:11), leaderCommit=6, initializing? false, entries: <empty>
2019-09-16 17:22:54,800 [java.util.concurrent.ThreadPoolExecutor$Worker@ff8e043[State = -1, empty queue]] WARN  server.GrpcLogAppender (GrpcLogAppender.java:timeoutAppendRequest(200)) - 08c3c9a3-c92b-48ae-803a-081cb99550ef@group-4C49021CB2BC->2565157f-9642-4f7c-bd15-58f431c5cf0a-GrpcLogAppender: appendEntries Timeout, request=08c3c9a3-c92b-48ae-803a-081cb99550ef->2565157f-9642-4f7c-bd15-58f431c5cf0a#22-t1, previous=(t:1, i:11), leaderCommit=6, initializing? false, entries: <empty>
2019-09-16 17:22:56,876 [a5d3a44e-87a4-4ffe-bd57-d4dea2700ae7@group-4C49021CB2BC-SegmentedRaftLogWorker] WARN  segmented.SegmentedRaftLogWorker (SegmentedRaftLogWorker.java:getFromFuture(90)) - Timeout 2/~
org.apache.ratis.protocol.TimeoutIOException: Timeout 10s: WriteLog:8: (t:1, i:8), STATEMACHINELOGENTRY, client-D2AC5C2F5119, cid=17-writeStateMachineData
	at org.apache.ratis.util.IOUtils.getFromFuture(IOUtils.java:87)
	at org.apache.ratis.server.raftlog.segmented.SegmentedRaftLogWorker$StateMachineDataPolicy.getFromFuture(SegmentedRaftLogWorker.java:87)
	at org.apache.ratis.server.raftlog.segmented.SegmentedRaftLogWorker$WriteLog.execute(SegmentedRaftLogWorker.java:477)
	at org.apache.ratis.server.raftlog.segmented.SegmentedRaftLogWorker.run(SegmentedRaftLogWorker.java:289)
	at java.lang.Thread.run(Thread.java:748)
Caused by: java.util.concurrent.TimeoutException
	at java.util.concurrent.CompletableFuture.timedGet(CompletableFuture.java:1771)
	at java.util.concurrent.CompletableFuture.get(CompletableFuture.java:1915)
	at org.apache.ratis.util.IOUtils.getFromFuture(IOUtils.java:79)
	... 4 more
2019-09-16 17:22:56,891 [2565157f-9642-4f7c-bd15-58f431c5cf0a@group-4C49021CB2BC-SegmentedRaftLogWorker] WARN  segmented.SegmentedRaftLogWorker (SegmentedRaftLogWorker.java:getFromFuture(90)) - Timeout 2/~
org.apache.ratis.protocol.TimeoutIOException: Timeout 10s: WriteLog:8: (t:1, i:8), STATEMACHINELOGENTRY, client-D2AC5C2F5119, cid=17-writeStateMachineData
	at org.apache.ratis.util.IOUtils.getFromFuture(IOUtils.java:87)
	at org.apache.ratis.server.raftlog.segmented.SegmentedRaftLogWorker$StateMachineDataPolicy.getFromFuture(SegmentedRaftLogWorker.java:87)
	at org.apache.ratis.server.raftlog.segmented.SegmentedRaftLogWorker$WriteLog.execute(SegmentedRaftLogWorker.java:477)
	at org.apache.ratis.server.raftlog.segmented.SegmentedRaftLogWorker.run(SegmentedRaftLogWorker.java:289)
	at java.lang.Thread.run(Thread.java:748)
Caused by: java.util.concurrent.TimeoutException
	at java.util.concurrent.CompletableFuture.timedGet(CompletableFuture.java:1771)
	at java.util.concurrent.CompletableFuture.get(CompletableFuture.java:1915)
	at org.apache.ratis.util.IOUtils.getFromFuture(IOUtils.java:79)
	... 4 more
2019-09-16 17:22:56,892 [08c3c9a3-c92b-48ae-803a-081cb99550ef@group-4C49021CB2BC-SegmentedRaftLogWorker] WARN  segmented.SegmentedRaftLogWorker (SegmentedRaftLogWorker.java:getFromFuture(90)) - Timeout 2/~
org.apache.ratis.protocol.TimeoutIOException: Timeout 10s: WriteLog:8: (t:1, i:8), STATEMACHINELOGENTRY, client-D2AC5C2F5119, cid=17-writeStateMachineData
	at org.apache.ratis.util.IOUtils.getFromFuture(IOUtils.java:87)
	at org.apache.ratis.server.raftlog.segmented.SegmentedRaftLogWorker$StateMachineDataPolicy.getFromFuture(SegmentedRaftLogWorker.java:87)
	at org.apache.ratis.server.raftlog.segmented.SegmentedRaftLogWorker$WriteLog.execute(SegmentedRaftLogWorker.java:477)
	at org.apache.ratis.server.raftlog.segmented.SegmentedRaftLogWorker.run(SegmentedRaftLogWorker.java:289)
	at java.lang.Thread.run(Thread.java:748)
Caused by: java.util.concurrent.TimeoutException
	at java.util.concurrent.CompletableFuture.timedGet(CompletableFuture.java:1771)
	at java.util.concurrent.CompletableFuture.get(CompletableFuture.java:1915)
	at org.apache.ratis.util.IOUtils.getFromFuture(IOUtils.java:79)
	... 4 more
2019-09-16 17:22:57,197 [grpc-default-executor-0] INFO  client.GrpcClientProtocolClient (GrpcClientProtocolClient.java:onNext(264)) - client-D2AC5C2F5119->2565157f-9642-4f7c-bd15-58f431c5cf0a: receive RaftClientReply:client-D2AC5C2F5119->2565157f-9642-4f7c-bd15-58f431c5cf0a@group-4C49021CB2BC, cid=16, FAILED org.apache.ratis.protocol.NotLeaderException: Server 2565157f-9642-4f7c-bd15-58f431c5cf0a@group-4C49021CB2BC is not the leader 08c3c9a3-c92b-48ae-803a-081cb99550ef:192.168.151.75:43991, logIndex=0, commits[2565157f-9642-4f7c-bd15-58f431c5cf0a:c6, a5d3a44e-87a4-4ffe-bd57-d4dea2700ae7:c4, 08c3c9a3-c92b-48ae-803a-081cb99550ef:c6]
2019-09-16 17:22:57,301 [java.util.concurrent.ThreadPoolExecutor$Worker@ff8e043[State = -1, empty queue]] WARN  server.GrpcLogAppender (GrpcLogAppender.java:timeoutAppendRequest(200)) - 08c3c9a3-c92b-48ae-803a-081cb99550ef@group-4C49021CB2BC->2565157f-9642-4f7c-bd15-58f431c5cf0a-GrpcLogAppender: appendEntries Timeout, request=08c3c9a3-c92b-48ae-803a-081cb99550ef->2565157f-9642-4f7c-bd15-58f431c5cf0a#23-t1, previous=(t:1, i:11), leaderCommit=6, initializing? false, entries: <empty>
2019-09-16 17:22:57,301 [java.util.concurrent.ThreadPoolExecutor$Worker@1fc26504[State = -1, empty queue]] WARN  server.GrpcLogAppender (GrpcLogAppender.java:timeoutAppendRequest(200)) - 08c3c9a3-c92b-48ae-803a-081cb99550ef@group-4C49021CB2BC->a5d3a44e-87a4-4ffe-bd57-d4dea2700ae7-GrpcLogAppender: appendEntries Timeout, request=08c3c9a3-c92b-48ae-803a-081cb99550ef->a5d3a44e-87a4-4ffe-bd57-d4dea2700ae7#23-t1, previous=(t:1, i:11), leaderCommit=6, initializing? false, entries: <empty>
2019-09-16 17:22:59,803 [java.util.concurrent.ThreadPoolExecutor$Worker@1fc26504[State = -1, empty queue]] WARN  server.GrpcLogAppender (GrpcLogAppender.java:timeoutAppendRequest(200)) - 08c3c9a3-c92b-48ae-803a-081cb99550ef@group-4C49021CB2BC->a5d3a44e-87a4-4ffe-bd57-d4dea2700ae7-GrpcLogAppender: appendEntries Timeout, request=08c3c9a3-c92b-48ae-803a-081cb99550ef->a5d3a44e-87a4-4ffe-bd57-d4dea2700ae7#24-t1, previous=(t:1, i:11), leaderCommit=6, initializing? false, entries: <empty>
2019-09-16 17:22:59,803 [java.util.concurrent.ThreadPoolExecutor$Worker@ff8e043[State = -1, empty queue]] WARN  server.GrpcLogAppender (GrpcLogAppender.java:timeoutAppendRequest(200)) - 08c3c9a3-c92b-48ae-803a-081cb99550ef@group-4C49021CB2BC->2565157f-9642-4f7c-bd15-58f431c5cf0a-GrpcLogAppender: appendEntries Timeout, request=08c3c9a3-c92b-48ae-803a-081cb99550ef->2565157f-9642-4f7c-bd15-58f431c5cf0a#24-t1, previous=(t:1, i:11), leaderCommit=6, initializing? false, entries: <empty>
2019-09-16 17:23:02,259 [grpc-default-executor-0] INFO  client.GrpcClientProtocolClient (GrpcClientProtocolClient.java:onNext(264)) - client-D2AC5C2F5119->2565157f-9642-4f7c-bd15-58f431c5cf0a: receive RaftClientReply:client-D2AC5C2F5119->2565157f-9642-4f7c-bd15-58f431c5cf0a@group-4C49021CB2BC, cid=16, FAILED org.apache.ratis.protocol.NotLeaderException: Server 2565157f-9642-4f7c-bd15-58f431c5cf0a@group-4C49021CB2BC is not the leader 08c3c9a3-c92b-48ae-803a-081cb99550ef:192.168.151.75:43991, logIndex=0, commits[2565157f-9642-4f7c-bd15-58f431c5cf0a:c6, a5d3a44e-87a4-4ffe-bd57-d4dea2700ae7:c4, 08c3c9a3-c92b-48ae-803a-081cb99550ef:c6]
2019-09-16 17:23:02,304 [java.util.concurrent.ThreadPoolExecutor$Worker@1fc26504[State = -1, empty queue]] WARN  server.GrpcLogAppender (GrpcLogAppender.java:timeoutAppendRequest(200)) - 08c3c9a3-c92b-48ae-803a-081cb99550ef@group-4C49021CB2BC->a5d3a44e-87a4-4ffe-bd57-d4dea2700ae7-GrpcLogAppender: appendEntries Timeout, request=08c3c9a3-c92b-48ae-803a-081cb99550ef->a5d3a44e-87a4-4ffe-bd57-d4dea2700ae7#25-t1, previous=(t:1, i:11), leaderCommit=6, initializing? false, entries: <empty>
2019-09-16 17:23:02,304 [java.util.concurrent.ThreadPoolExecutor$Worker@ff8e043[State = -1, empty queue]] WARN  server.GrpcLogAppender (GrpcLogAppender.java:timeoutAppendRequest(200)) - 08c3c9a3-c92b-48ae-803a-081cb99550ef@group-4C49021CB2BC->2565157f-9642-4f7c-bd15-58f431c5cf0a-GrpcLogAppender: appendEntries Timeout, request=08c3c9a3-c92b-48ae-803a-081cb99550ef->2565157f-9642-4f7c-bd15-58f431c5cf0a#25-t1, previous=(t:1, i:11), leaderCommit=6, initializing? false, entries: <empty>
2019-09-16 17:23:04,805 [java.util.concurrent.ThreadPoolExecutor$Worker@1fc26504[State = -1, empty queue]] WARN  server.GrpcLogAppender (GrpcLogAppender.java:timeoutAppendRequest(200)) - 08c3c9a3-c92b-48ae-803a-081cb99550ef@group-4C49021CB2BC->a5d3a44e-87a4-4ffe-bd57-d4dea2700ae7-GrpcLogAppender: appendEntries Timeout, request=08c3c9a3-c92b-48ae-803a-081cb99550ef->a5d3a44e-87a4-4ffe-bd57-d4dea2700ae7#26-t1, previous=(t:1, i:11), leaderCommit=6, initializing? false, entries: <empty>
2019-09-16 17:23:04,805 [java.util.concurrent.ThreadPoolExecutor$Worker@ff8e043[State = -1, empty queue]] WARN  server.GrpcLogAppender (GrpcLogAppender.java:timeoutAppendRequest(200)) - 08c3c9a3-c92b-48ae-803a-081cb99550ef@group-4C49021CB2BC->2565157f-9642-4f7c-bd15-58f431c5cf0a-GrpcLogAppender: appendEntries Timeout, request=08c3c9a3-c92b-48ae-803a-081cb99550ef->2565157f-9642-4f7c-bd15-58f431c5cf0a#26-t1, previous=(t:1, i:11), leaderCommit=6, initializing? false, entries: <empty>
2019-09-16 17:23:06,877 [a5d3a44e-87a4-4ffe-bd57-d4dea2700ae7@group-4C49021CB2BC-SegmentedRaftLogWorker] WARN  segmented.SegmentedRaftLogWorker (SegmentedRaftLogWorker.java:getFromFuture(90)) - Timeout 3/~
org.apache.ratis.protocol.TimeoutIOException: Timeout 10s: WriteLog:8: (t:1, i:8), STATEMACHINELOGENTRY, client-D2AC5C2F5119, cid=17-writeStateMachineData
	at org.apache.ratis.util.IOUtils.getFromFuture(IOUtils.java:87)
	at org.apache.ratis.server.raftlog.segmented.SegmentedRaftLogWorker$StateMachineDataPolicy.getFromFuture(SegmentedRaftLogWorker.java:87)
	at org.apache.ratis.server.raftlog.segmented.SegmentedRaftLogWorker$WriteLog.execute(SegmentedRaftLogWorker.java:477)
	at org.apache.ratis.server.raftlog.segmented.SegmentedRaftLogWorker.run(SegmentedRaftLogWorker.java:289)
	at java.lang.Thread.run(Thread.java:748)
Caused by: java.util.concurrent.TimeoutException
	at java.util.concurrent.CompletableFuture.timedGet(CompletableFuture.java:1771)
	at java.util.concurrent.CompletableFuture.get(CompletableFuture.java:1915)
	at org.apache.ratis.util.IOUtils.getFromFuture(IOUtils.java:79)
	... 4 more
2019-09-16 17:23:06,892 [2565157f-9642-4f7c-bd15-58f431c5cf0a@group-4C49021CB2BC-SegmentedRaftLogWorker] WARN  segmented.SegmentedRaftLogWorker (SegmentedRaftLogWorker.java:getFromFuture(90)) - Timeout 3/~
org.apache.ratis.protocol.TimeoutIOException: Timeout 10s: WriteLog:8: (t:1, i:8), STATEMACHINELOGENTRY, client-D2AC5C2F5119, cid=17-writeStateMachineData
	at org.apache.ratis.util.IOUtils.getFromFuture(IOUtils.java:87)
	at org.apache.ratis.server.raftlog.segmented.SegmentedRaftLogWorker$StateMachineDataPolicy.getFromFuture(SegmentedRaftLogWorker.java:87)
	at org.apache.ratis.server.raftlog.segmented.SegmentedRaftLogWorker$WriteLog.execute(SegmentedRaftLogWorker.java:477)
	at org.apache.ratis.server.raftlog.segmented.SegmentedRaftLogWorker.run(SegmentedRaftLogWorker.java:289)
	at java.lang.Thread.run(Thread.java:748)
Caused by: java.util.concurrent.TimeoutException
	at java.util.concurrent.CompletableFuture.timedGet(CompletableFuture.java:1771)
	at java.util.concurrent.CompletableFuture.get(CompletableFuture.java:1915)
	at org.apache.ratis.util.IOUtils.getFromFuture(IOUtils.java:79)
	... 4 more
2019-09-16 17:23:06,893 [08c3c9a3-c92b-48ae-803a-081cb99550ef@group-4C49021CB2BC-SegmentedRaftLogWorker] WARN  segmented.SegmentedRaftLogWorker (SegmentedRaftLogWorker.java:getFromFuture(90)) - Timeout 3/~
org.apache.ratis.protocol.TimeoutIOException: Timeout 10s: WriteLog:8: (t:1, i:8), STATEMACHINELOGENTRY, client-D2AC5C2F5119, cid=17-writeStateMachineData
	at org.apache.ratis.util.IOUtils.getFromFuture(IOUtils.java:87)
	at org.apache.ratis.server.raftlog.segmented.SegmentedRaftLogWorker$StateMachineDataPolicy.getFromFuture(SegmentedRaftLogWorker.java:87)
	at org.apache.ratis.server.raftlog.segmented.SegmentedRaftLogWorker$WriteLog.execute(SegmentedRaftLogWorker.java:477)
	at org.apache.ratis.server.raftlog.segmented.SegmentedRaftLogWorker.run(SegmentedRaftLogWorker.java:289)
	at java.lang.Thread.run(Thread.java:748)
Caused by: java.util.concurrent.TimeoutException
	at java.util.concurrent.CompletableFuture.timedGet(CompletableFuture.java:1771)
	at java.util.concurrent.CompletableFuture.get(CompletableFuture.java:1915)
	at org.apache.ratis.util.IOUtils.getFromFuture(IOUtils.java:79)
	... 4 more
2019-09-16 17:23:07,307 [java.util.concurrent.ThreadPoolExecutor$Worker@ff8e043[State = -1, empty queue]] WARN  server.GrpcLogAppender (GrpcLogAppender.java:timeoutAppendRequest(200)) - 08c3c9a3-c92b-48ae-803a-081cb99550ef@group-4C49021CB2BC->2565157f-9642-4f7c-bd15-58f431c5cf0a-GrpcLogAppender: appendEntries Timeout, request=08c3c9a3-c92b-48ae-803a-081cb99550ef->2565157f-9642-4f7c-bd15-58f431c5cf0a#27-t1, previous=(t:1, i:11), leaderCommit=6, initializing? false, entries: <empty>
2019-09-16 17:23:07,307 [java.util.concurrent.ThreadPoolExecutor$Worker@1fc26504[State = -1, empty queue]] WARN  server.GrpcLogAppender (GrpcLogAppender.java:timeoutAppendRequest(200)) - 08c3c9a3-c92b-48ae-803a-081cb99550ef@group-4C49021CB2BC->a5d3a44e-87a4-4ffe-bd57-d4dea2700ae7-GrpcLogAppender: appendEntries Timeout, request=08c3c9a3-c92b-48ae-803a-081cb99550ef->a5d3a44e-87a4-4ffe-bd57-d4dea2700ae7#27-t1, previous=(t:1, i:11), leaderCommit=6, initializing? false, entries: <empty>
2019-09-16 17:23:07,320 [grpc-default-executor-0] INFO  client.GrpcClientProtocolClient (GrpcClientProtocolClient.java:onNext(264)) - client-D2AC5C2F5119->2565157f-9642-4f7c-bd15-58f431c5cf0a: receive RaftClientReply:client-D2AC5C2F5119->2565157f-9642-4f7c-bd15-58f431c5cf0a@group-4C49021CB2BC, cid=16, FAILED org.apache.ratis.protocol.NotLeaderException: Server 2565157f-9642-4f7c-bd15-58f431c5cf0a@group-4C49021CB2BC is not the leader 08c3c9a3-c92b-48ae-803a-081cb99550ef:192.168.151.75:43991, logIndex=0, commits[2565157f-9642-4f7c-bd15-58f431c5cf0a:c6, a5d3a44e-87a4-4ffe-bd57-d4dea2700ae7:c4, 08c3c9a3-c92b-48ae-803a-081cb99550ef:c6]
2019-09-16 17:23:09,806 [java.util.concurrent.ThreadPoolExecutor$Worker@ff8e043[State = -1, empty queue]] WARN  server.GrpcLogAppender (GrpcLogAppender.java:timeoutAppendRequest(200)) - 08c3c9a3-c92b-48ae-803a-081cb99550ef@group-4C49021CB2BC->2565157f-9642-4f7c-bd15-58f431c5cf0a-GrpcLogAppender: appendEntries Timeout, request=08c3c9a3-c92b-48ae-803a-081cb99550ef->2565157f-9642-4f7c-bd15-58f431c5cf0a#28-t1, previous=(t:1, i:11), leaderCommit=6, initializing? false, entries: <empty>
2019-09-16 17:23:09,806 [java.util.concurrent.ThreadPoolExecutor$Worker@1fc26504[State = -1, empty queue]] WARN  server.GrpcLogAppender (GrpcLogAppender.java:timeoutAppendRequest(200)) - 08c3c9a3-c92b-48ae-803a-081cb99550ef@group-4C49021CB2BC->a5d3a44e-87a4-4ffe-bd57-d4dea2700ae7-GrpcLogAppender: appendEntries Timeout, request=08c3c9a3-c92b-48ae-803a-081cb99550ef->a5d3a44e-87a4-4ffe-bd57-d4dea2700ae7#28-t1, previous=(t:1, i:11), leaderCommit=6, initializing? false, entries: <empty>
2019-09-16 17:23:12,307 [java.util.concurrent.ThreadPoolExecutor$Worker@ff8e043[State = -1, empty queue]] WARN  server.GrpcLogAppender (GrpcLogAppender.java:timeoutAppendRequest(200)) - 08c3c9a3-c92b-48ae-803a-081cb99550ef@group-4C49021CB2BC->2565157f-9642-4f7c-bd15-58f431c5cf0a-GrpcLogAppender: appendEntries Timeout, request=08c3c9a3-c92b-48ae-803a-081cb99550ef->2565157f-9642-4f7c-bd15-58f431c5cf0a#29-t1, previous=(t:1, i:11), leaderCommit=6, initializing? false, entries: <empty>
2019-09-16 17:23:12,307 [java.util.concurrent.ThreadPoolExecutor$Worker@1fc26504[State = -1, empty queue]] WARN  server.GrpcLogAppender (GrpcLogAppender.java:timeoutAppendRequest(200)) - 08c3c9a3-c92b-48ae-803a-081cb99550ef@group-4C49021CB2BC->a5d3a44e-87a4-4ffe-bd57-d4dea2700ae7-GrpcLogAppender: appendEntries Timeout, request=08c3c9a3-c92b-48ae-803a-081cb99550ef->a5d3a44e-87a4-4ffe-bd57-d4dea2700ae7#29-t1, previous=(t:1, i:11), leaderCommit=6, initializing? false, entries: <empty>
2019-09-16 17:23:12,398 [grpc-default-executor-2] INFO  client.GrpcClientProtocolClient (GrpcClientProtocolClient.java:onNext(264)) - client-D2AC5C2F5119->a5d3a44e-87a4-4ffe-bd57-d4dea2700ae7: receive RaftClientReply:client-D2AC5C2F5119->a5d3a44e-87a4-4ffe-bd57-d4dea2700ae7@group-4C49021CB2BC, cid=16, FAILED org.apache.ratis.protocol.NotLeaderException: Server a5d3a44e-87a4-4ffe-bd57-d4dea2700ae7@group-4C49021CB2BC is not the leader 08c3c9a3-c92b-48ae-803a-081cb99550ef:192.168.151.75:43991, logIndex=0, commits[a5d3a44e-87a4-4ffe-bd57-d4dea2700ae7:c6, 2565157f-9642-4f7c-bd15-58f431c5cf0a:c4, 08c3c9a3-c92b-48ae-803a-081cb99550ef:c6]
2019-09-16 17:23:14,807 [java.util.concurrent.ThreadPoolExecutor$Worker@ff8e043[State = -1, empty queue]] WARN  server.GrpcLogAppender (GrpcLogAppender.java:timeoutAppendRequest(200)) - 08c3c9a3-c92b-48ae-803a-081cb99550ef@group-4C49021CB2BC->2565157f-9642-4f7c-bd15-58f431c5cf0a-GrpcLogAppender: appendEntries Timeout, request=08c3c9a3-c92b-48ae-803a-081cb99550ef->2565157f-9642-4f7c-bd15-58f431c5cf0a#30-t1, previous=(t:1, i:11), leaderCommit=6, initializing? false, entries: <empty>
2019-09-16 17:23:14,807 [java.util.concurrent.ThreadPoolExecutor$Worker@1fc26504[State = -1, empty queue]] WARN  server.GrpcLogAppender (GrpcLogAppender.java:timeoutAppendRequest(200)) - 08c3c9a3-c92b-48ae-803a-081cb99550ef@group-4C49021CB2BC->a5d3a44e-87a4-4ffe-bd57-d4dea2700ae7-GrpcLogAppender: appendEntries Timeout, request=08c3c9a3-c92b-48ae-803a-081cb99550ef->a5d3a44e-87a4-4ffe-bd57-d4dea2700ae7#30-t1, previous=(t:1, i:11), leaderCommit=6, initializing? false, entries: <empty>
2019-09-16 17:23:16,879 [a5d3a44e-87a4-4ffe-bd57-d4dea2700ae7@group-4C49021CB2BC-SegmentedRaftLogWorker] WARN  segmented.SegmentedRaftLogWorker (SegmentedRaftLogWorker.java:getFromFuture(90)) - Timeout 4/~
org.apache.ratis.protocol.TimeoutIOException: Timeout 10s: WriteLog:8: (t:1, i:8), STATEMACHINELOGENTRY, client-D2AC5C2F5119, cid=17-writeStateMachineData
	at org.apache.ratis.util.IOUtils.getFromFuture(IOUtils.java:87)
	at org.apache.ratis.server.raftlog.segmented.SegmentedRaftLogWorker$StateMachineDataPolicy.getFromFuture(SegmentedRaftLogWorker.java:87)
	at org.apache.ratis.server.raftlog.segmented.SegmentedRaftLogWorker$WriteLog.execute(SegmentedRaftLogWorker.java:477)
	at org.apache.ratis.server.raftlog.segmented.SegmentedRaftLogWorker.run(SegmentedRaftLogWorker.java:289)
	at java.lang.Thread.run(Thread.java:748)
Caused by: java.util.concurrent.TimeoutException
	at java.util.concurrent.CompletableFuture.timedGet(CompletableFuture.java:1771)
	at java.util.concurrent.CompletableFuture.get(CompletableFuture.java:1915)
	at org.apache.ratis.util.IOUtils.getFromFuture(IOUtils.java:79)
	... 4 more
2019-09-16 17:23:16,893 [2565157f-9642-4f7c-bd15-58f431c5cf0a@group-4C49021CB2BC-SegmentedRaftLogWorker] WARN  segmented.SegmentedRaftLogWorker (SegmentedRaftLogWorker.java:getFromFuture(90)) - Timeout 4/~
org.apache.ratis.protocol.TimeoutIOException: Timeout 10s: WriteLog:8: (t:1, i:8), STATEMACHINELOGENTRY, client-D2AC5C2F5119, cid=17-writeStateMachineData
	at org.apache.ratis.util.IOUtils.getFromFuture(IOUtils.java:87)
	at org.apache.ratis.server.raftlog.segmented.SegmentedRaftLogWorker$StateMachineDataPolicy.getFromFuture(SegmentedRaftLogWorker.java:87)
	at org.apache.ratis.server.raftlog.segmented.SegmentedRaftLogWorker$WriteLog.execute(SegmentedRaftLogWorker.java:477)
	at org.apache.ratis.server.raftlog.segmented.SegmentedRaftLogWorker.run(SegmentedRaftLogWorker.java:289)
	at java.lang.Thread.run(Thread.java:748)
Caused by: java.util.concurrent.TimeoutException
	at java.util.concurrent.CompletableFuture.timedGet(CompletableFuture.java:1771)
	at java.util.concurrent.CompletableFuture.get(CompletableFuture.java:1915)
	at org.apache.ratis.util.IOUtils.getFromFuture(IOUtils.java:79)
	... 4 more
2019-09-16 17:23:16,894 [08c3c9a3-c92b-48ae-803a-081cb99550ef@group-4C49021CB2BC-SegmentedRaftLogWorker] WARN  segmented.SegmentedRaftLogWorker (SegmentedRaftLogWorker.java:getFromFuture(90)) - Timeout 4/~
org.apache.ratis.protocol.TimeoutIOException: Timeout 10s: WriteLog:8: (t:1, i:8), STATEMACHINELOGENTRY, client-D2AC5C2F5119, cid=17-writeStateMachineData
	at org.apache.ratis.util.IOUtils.getFromFuture(IOUtils.java:87)
	at org.apache.ratis.server.raftlog.segmented.SegmentedRaftLogWorker$StateMachineDataPolicy.getFromFuture(SegmentedRaftLogWorker.java:87)
	at org.apache.ratis.server.raftlog.segmented.SegmentedRaftLogWorker$WriteLog.execute(SegmentedRaftLogWorker.java:477)
	at org.apache.ratis.server.raftlog.segmented.SegmentedRaftLogWorker.run(SegmentedRaftLogWorker.java:289)
	at java.lang.Thread.run(Thread.java:748)
Caused by: java.util.concurrent.TimeoutException
	at java.util.concurrent.CompletableFuture.timedGet(CompletableFuture.java:1771)
	at java.util.concurrent.CompletableFuture.get(CompletableFuture.java:1915)
	at org.apache.ratis.util.IOUtils.getFromFuture(IOUtils.java:79)
	... 4 more
2019-09-16 17:23:17,308 [java.util.concurrent.ThreadPoolExecutor$Worker@ff8e043[State = -1, empty queue]] WARN  server.GrpcLogAppender (GrpcLogAppender.java:timeoutAppendRequest(200)) - 08c3c9a3-c92b-48ae-803a-081cb99550ef@group-4C49021CB2BC->2565157f-9642-4f7c-bd15-58f431c5cf0a-GrpcLogAppender: appendEntries Timeout, request=08c3c9a3-c92b-48ae-803a-081cb99550ef->2565157f-9642-4f7c-bd15-58f431c5cf0a#31-t1, previous=(t:1, i:11), leaderCommit=6, initializing? false, entries: <empty>
2019-09-16 17:23:17,308 [java.util.concurrent.ThreadPoolExecutor$Worker@1fc26504[State = -1, empty queue]] WARN  server.GrpcLogAppender (GrpcLogAppender.java:timeoutAppendRequest(200)) - 08c3c9a3-c92b-48ae-803a-081cb99550ef@group-4C49021CB2BC->a5d3a44e-87a4-4ffe-bd57-d4dea2700ae7-GrpcLogAppender: appendEntries Timeout, request=08c3c9a3-c92b-48ae-803a-081cb99550ef->a5d3a44e-87a4-4ffe-bd57-d4dea2700ae7#31-t1, previous=(t:1, i:11), leaderCommit=6, initializing? false, entries: <empty>
2019-09-16 17:23:17,446 [grpc-default-executor-2] INFO  client.GrpcClientProtocolClient (GrpcClientProtocolClient.java:onNext(264)) - client-D2AC5C2F5119->a5d3a44e-87a4-4ffe-bd57-d4dea2700ae7: receive RaftClientReply:client-D2AC5C2F5119->a5d3a44e-87a4-4ffe-bd57-d4dea2700ae7@group-4C49021CB2BC, cid=16, FAILED org.apache.ratis.protocol.NotLeaderException: Server a5d3a44e-87a4-4ffe-bd57-d4dea2700ae7@group-4C49021CB2BC is not the leader 08c3c9a3-c92b-48ae-803a-081cb99550ef:192.168.151.75:43991, logIndex=0, commits[a5d3a44e-87a4-4ffe-bd57-d4dea2700ae7:c6, 2565157f-9642-4f7c-bd15-58f431c5cf0a:c4, 08c3c9a3-c92b-48ae-803a-081cb99550ef:c6]
2019-09-16 17:23:19,808 [java.util.concurrent.ThreadPoolExecutor$Worker@1fc26504[State = -1, empty queue]] WARN  server.GrpcLogAppender (GrpcLogAppender.java:timeoutAppendRequest(200)) - 08c3c9a3-c92b-48ae-803a-081cb99550ef@group-4C49021CB2BC->a5d3a44e-87a4-4ffe-bd57-d4dea2700ae7-GrpcLogAppender: appendEntries Timeout, request=08c3c9a3-c92b-48ae-803a-081cb99550ef->a5d3a44e-87a4-4ffe-bd57-d4dea2700ae7#32-t1, previous=(t:1, i:11), leaderCommit=6, initializing? false, entries: <empty>
2019-09-16 17:23:19,808 [java.util.concurrent.ThreadPoolExecutor$Worker@ff8e043[State = -1, empty queue]] WARN  server.GrpcLogAppender (GrpcLogAppender.java:timeoutAppendRequest(200)) - 08c3c9a3-c92b-48ae-803a-081cb99550ef@group-4C49021CB2BC->2565157f-9642-4f7c-bd15-58f431c5cf0a-GrpcLogAppender: appendEntries Timeout, request=08c3c9a3-c92b-48ae-803a-081cb99550ef->2565157f-9642-4f7c-bd15-58f431c5cf0a#32-t1, previous=(t:1, i:11), leaderCommit=6, initializing? false, entries: <empty>
2019-09-16 17:23:22,309 [java.util.concurrent.ThreadPoolExecutor$Worker@ff8e043[State = -1, empty queue]] WARN  server.GrpcLogAppender (GrpcLogAppender.java:timeoutAppendRequest(200)) - 08c3c9a3-c92b-48ae-803a-081cb99550ef@group-4C49021CB2BC->2565157f-9642-4f7c-bd15-58f431c5cf0a-GrpcLogAppender: appendEntries Timeout, request=08c3c9a3-c92b-48ae-803a-081cb99550ef->2565157f-9642-4f7c-bd15-58f431c5cf0a#33-t1, previous=(t:1, i:11), leaderCommit=6, initializing? false, entries: <empty>
2019-09-16 17:23:22,309 [java.util.concurrent.ThreadPoolExecutor$Worker@1fc26504[State = -1, empty queue]] WARN  server.GrpcLogAppender (GrpcLogAppender.java:timeoutAppendRequest(200)) - 08c3c9a3-c92b-48ae-803a-081cb99550ef@group-4C49021CB2BC->a5d3a44e-87a4-4ffe-bd57-d4dea2700ae7-GrpcLogAppender: appendEntries Timeout, request=08c3c9a3-c92b-48ae-803a-081cb99550ef->a5d3a44e-87a4-4ffe-bd57-d4dea2700ae7#33-t1, previous=(t:1, i:11), leaderCommit=6, initializing? false, entries: <empty>
2019-09-16 17:23:22,512 [grpc-default-executor-2] INFO  client.GrpcClientProtocolClient (GrpcClientProtocolClient.java:onNext(264)) - client-D2AC5C2F5119->2565157f-9642-4f7c-bd15-58f431c5cf0a: receive RaftClientReply:client-D2AC5C2F5119->2565157f-9642-4f7c-bd15-58f431c5cf0a@group-4C49021CB2BC, cid=16, FAILED org.apache.ratis.protocol.NotLeaderException: Server 2565157f-9642-4f7c-bd15-58f431c5cf0a@group-4C49021CB2BC is not the leader 08c3c9a3-c92b-48ae-803a-081cb99550ef:192.168.151.75:43991, logIndex=0, commits[2565157f-9642-4f7c-bd15-58f431c5cf0a:c6, a5d3a44e-87a4-4ffe-bd57-d4dea2700ae7:c4, 08c3c9a3-c92b-48ae-803a-081cb99550ef:c6]
2019-09-16 17:23:24,810 [java.util.concurrent.ThreadPoolExecutor$Worker@ff8e043[State = -1, empty queue]] WARN  server.GrpcLogAppender (GrpcLogAppender.java:timeoutAppendRequest(200)) - 08c3c9a3-c92b-48ae-803a-081cb99550ef@group-4C49021CB2BC->2565157f-9642-4f7c-bd15-58f431c5cf0a-GrpcLogAppender: appendEntries Timeout, request=08c3c9a3-c92b-48ae-803a-081cb99550ef->2565157f-9642-4f7c-bd15-58f431c5cf0a#34-t1, previous=(t:1, i:11), leaderCommit=6, initializing? false, entries: <empty>
2019-09-16 17:23:24,810 [java.util.concurrent.ThreadPoolExecutor$Worker@1fc26504[State = -1, empty queue]] WARN  server.GrpcLogAppender (GrpcLogAppender.java:timeoutAppendRequest(200)) - 08c3c9a3-c92b-48ae-803a-081cb99550ef@group-4C49021CB2BC->a5d3a44e-87a4-4ffe-bd57-d4dea2700ae7-GrpcLogAppender: appendEntries Timeout, request=08c3c9a3-c92b-48ae-803a-081cb99550ef->a5d3a44e-87a4-4ffe-bd57-d4dea2700ae7#34-t1, previous=(t:1, i:11), leaderCommit=6, initializing? false, entries: <empty>
2019-09-16 17:23:26,880 [a5d3a44e-87a4-4ffe-bd57-d4dea2700ae7@group-4C49021CB2BC-SegmentedRaftLogWorker] WARN  segmented.SegmentedRaftLogWorker (SegmentedRaftLogWorker.java:getFromFuture(90)) - Timeout 5/~
org.apache.ratis.protocol.TimeoutIOException: Timeout 10s: WriteLog:8: (t:1, i:8), STATEMACHINELOGENTRY, client-D2AC5C2F5119, cid=17-writeStateMachineData
	at org.apache.ratis.util.IOUtils.getFromFuture(IOUtils.java:87)
	at org.apache.ratis.server.raftlog.segmented.SegmentedRaftLogWorker$StateMachineDataPolicy.getFromFuture(SegmentedRaftLogWorker.java:87)
	at org.apache.ratis.server.raftlog.segmented.SegmentedRaftLogWorker$WriteLog.execute(SegmentedRaftLogWorker.java:477)
	at org.apache.ratis.server.raftlog.segmented.SegmentedRaftLogWorker.run(SegmentedRaftLogWorker.java:289)
	at java.lang.Thread.run(Thread.java:748)
Caused by: java.util.concurrent.TimeoutException
	at java.util.concurrent.CompletableFuture.timedGet(CompletableFuture.java:1771)
	at java.util.concurrent.CompletableFuture.get(CompletableFuture.java:1915)
	at org.apache.ratis.util.IOUtils.getFromFuture(IOUtils.java:79)
	... 4 more
2019-09-16 17:23:26,894 [2565157f-9642-4f7c-bd15-58f431c5cf0a@group-4C49021CB2BC-SegmentedRaftLogWorker] WARN  segmented.SegmentedRaftLogWorker (SegmentedRaftLogWorker.java:getFromFuture(90)) - Timeout 5/~
org.apache.ratis.protocol.TimeoutIOException: Timeout 10s: WriteLog:8: (t:1, i:8), STATEMACHINELOGENTRY, client-D2AC5C2F5119, cid=17-writeStateMachineData
	at org.apache.ratis.util.IOUtils.getFromFuture(IOUtils.java:87)
	at org.apache.ratis.server.raftlog.segmented.SegmentedRaftLogWorker$StateMachineDataPolicy.getFromFuture(SegmentedRaftLogWorker.java:87)
	at org.apache.ratis.server.raftlog.segmented.SegmentedRaftLogWorker$WriteLog.execute(SegmentedRaftLogWorker.java:477)
	at org.apache.ratis.server.raftlog.segmented.SegmentedRaftLogWorker.run(SegmentedRaftLogWorker.java:289)
	at java.lang.Thread.run(Thread.java:748)
Caused by: java.util.concurrent.TimeoutException
	at java.util.concurrent.CompletableFuture.timedGet(CompletableFuture.java:1771)
	at java.util.concurrent.CompletableFuture.get(CompletableFuture.java:1915)
	at org.apache.ratis.util.IOUtils.getFromFuture(IOUtils.java:79)
	... 4 more
2019-09-16 17:23:26,895 [08c3c9a3-c92b-48ae-803a-081cb99550ef@group-4C49021CB2BC-SegmentedRaftLogWorker] WARN  segmented.SegmentedRaftLogWorker (SegmentedRaftLogWorker.java:getFromFuture(90)) - Timeout 5/~
org.apache.ratis.protocol.TimeoutIOException: Timeout 10s: WriteLog:8: (t:1, i:8), STATEMACHINELOGENTRY, client-D2AC5C2F5119, cid=17-writeStateMachineData
	at org.apache.ratis.util.IOUtils.getFromFuture(IOUtils.java:87)
	at org.apache.ratis.server.raftlog.segmented.SegmentedRaftLogWorker$StateMachineDataPolicy.getFromFuture(SegmentedRaftLogWorker.java:87)
	at org.apache.ratis.server.raftlog.segmented.SegmentedRaftLogWorker$WriteLog.execute(SegmentedRaftLogWorker.java:477)
	at org.apache.ratis.server.raftlog.segmented.SegmentedRaftLogWorker.run(SegmentedRaftLogWorker.java:289)
	at java.lang.Thread.run(Thread.java:748)
Caused by: java.util.concurrent.TimeoutException
	at java.util.concurrent.CompletableFuture.timedGet(CompletableFuture.java:1771)
	at java.util.concurrent.CompletableFuture.get(CompletableFuture.java:1915)
	at org.apache.ratis.util.IOUtils.getFromFuture(IOUtils.java:79)
	... 4 more
2019-09-16 17:23:27,311 [java.util.concurrent.ThreadPoolExecutor$Worker@1fc26504[State = -1, empty queue]] WARN  server.GrpcLogAppender (GrpcLogAppender.java:timeoutAppendRequest(200)) - 08c3c9a3-c92b-48ae-803a-081cb99550ef@group-4C49021CB2BC->a5d3a44e-87a4-4ffe-bd57-d4dea2700ae7-GrpcLogAppender: appendEntries Timeout, request=08c3c9a3-c92b-48ae-803a-081cb99550ef->a5d3a44e-87a4-4ffe-bd57-d4dea2700ae7#35-t1, previous=(t:1, i:11), leaderCommit=6, initializing? false, entries: <empty>
2019-09-16 17:23:27,311 [java.util.concurrent.ThreadPoolExecutor$Worker@ff8e043[State = -1, empty queue]] WARN  server.GrpcLogAppender (GrpcLogAppender.java:timeoutAppendRequest(200)) - 08c3c9a3-c92b-48ae-803a-081cb99550ef@group-4C49021CB2BC->2565157f-9642-4f7c-bd15-58f431c5cf0a-GrpcLogAppender: appendEntries Timeout, request=08c3c9a3-c92b-48ae-803a-081cb99550ef->2565157f-9642-4f7c-bd15-58f431c5cf0a#35-t1, previous=(t:1, i:11), leaderCommit=6, initializing? false, entries: <empty>
2019-09-16 17:23:27,601 [grpc-default-executor-0] INFO  client.GrpcClientProtocolClient (GrpcClientProtocolClient.java:onNext(264)) - client-D2AC5C2F5119->2565157f-9642-4f7c-bd15-58f431c5cf0a: receive RaftClientReply:client-D2AC5C2F5119->2565157f-9642-4f7c-bd15-58f431c5cf0a@group-4C49021CB2BC, cid=16, FAILED org.apache.ratis.protocol.NotLeaderException: Server 2565157f-9642-4f7c-bd15-58f431c5cf0a@group-4C49021CB2BC is not the leader 08c3c9a3-c92b-48ae-803a-081cb99550ef:192.168.151.75:43991, logIndex=0, commits[2565157f-9642-4f7c-bd15-58f431c5cf0a:c6, a5d3a44e-87a4-4ffe-bd57-d4dea2700ae7:c4, 08c3c9a3-c92b-48ae-803a-081cb99550ef:c6]
2019-09-16 17:23:29,813 [java.util.concurrent.ThreadPoolExecutor$Worker@1fc26504[State = -1, empty queue]] WARN  server.GrpcLogAppender (GrpcLogAppender.java:timeoutAppendRequest(200)) - 08c3c9a3-c92b-48ae-803a-081cb99550ef@group-4C49021CB2BC->a5d3a44e-87a4-4ffe-bd57-d4dea2700ae7-GrpcLogAppender: appendEntries Timeout, request=08c3c9a3-c92b-48ae-803a-081cb99550ef->a5d3a44e-87a4-4ffe-bd57-d4dea2700ae7#36-t1, previous=(t:1, i:11), leaderCommit=6, initializing? false, entries: <empty>
2019-09-16 17:23:29,813 [java.util.concurrent.ThreadPoolExecutor$Worker@ff8e043[State = -1, empty queue]] WARN  server.GrpcLogAppender (GrpcLogAppender.java:timeoutAppendRequest(200)) - 08c3c9a3-c92b-48ae-803a-081cb99550ef@group-4C49021CB2BC->2565157f-9642-4f7c-bd15-58f431c5cf0a-GrpcLogAppender: appendEntries Timeout, request=08c3c9a3-c92b-48ae-803a-081cb99550ef->2565157f-9642-4f7c-bd15-58f431c5cf0a#36-t1, previous=(t:1, i:11), leaderCommit=6, initializing? false, entries: <empty>
2019-09-16 17:23:32,313 [java.util.concurrent.ThreadPoolExecutor$Worker@1fc26504[State = -1, empty queue]] WARN  server.GrpcLogAppender (GrpcLogAppender.java:timeoutAppendRequest(200)) - 08c3c9a3-c92b-48ae-803a-081cb99550ef@group-4C49021CB2BC->a5d3a44e-87a4-4ffe-bd57-d4dea2700ae7-GrpcLogAppender: appendEntries Timeout, request=08c3c9a3-c92b-48ae-803a-081cb99550ef->a5d3a44e-87a4-4ffe-bd57-d4dea2700ae7#37-t1, previous=(t:1, i:11), leaderCommit=6, initializing? false, entries: <empty>
2019-09-16 17:23:32,314 [java.util.concurrent.ThreadPoolExecutor$Worker@ff8e043[State = -1, empty queue]] WARN  server.GrpcLogAppender (GrpcLogAppender.java:timeoutAppendRequest(200)) - 08c3c9a3-c92b-48ae-803a-081cb99550ef@group-4C49021CB2BC->2565157f-9642-4f7c-bd15-58f431c5cf0a-GrpcLogAppender: appendEntries Timeout, request=08c3c9a3-c92b-48ae-803a-081cb99550ef->2565157f-9642-4f7c-bd15-58f431c5cf0a#37-t1, previous=(t:1, i:11), leaderCommit=6, initializing? false, entries: <empty>
2019-09-16 17:23:32,670 [grpc-default-executor-0] INFO  client.GrpcClientProtocolClient (GrpcClientProtocolClient.java:onNext(264)) - client-D2AC5C2F5119->2565157f-9642-4f7c-bd15-58f431c5cf0a: receive RaftClientReply:client-D2AC5C2F5119->2565157f-9642-4f7c-bd15-58f431c5cf0a@group-4C49021CB2BC, cid=16, FAILED org.apache.ratis.protocol.NotLeaderException: Server 2565157f-9642-4f7c-bd15-58f431c5cf0a@group-4C49021CB2BC is not the leader 08c3c9a3-c92b-48ae-803a-081cb99550ef:192.168.151.75:43991, logIndex=0, commits[2565157f-9642-4f7c-bd15-58f431c5cf0a:c6, a5d3a44e-87a4-4ffe-bd57-d4dea2700ae7:c4, 08c3c9a3-c92b-48ae-803a-081cb99550ef:c6]
2019-09-16 17:23:34,815 [java.util.concurrent.ThreadPoolExecutor$Worker@ff8e043[State = -1, empty queue]] WARN  server.GrpcLogAppender (GrpcLogAppender.java:timeoutAppendRequest(200)) - 08c3c9a3-c92b-48ae-803a-081cb99550ef@group-4C49021CB2BC->2565157f-9642-4f7c-bd15-58f431c5cf0a-GrpcLogAppender: appendEntries Timeout, request=08c3c9a3-c92b-48ae-803a-081cb99550ef->2565157f-9642-4f7c-bd15-58f431c5cf0a#38-t1, previous=(t:1, i:11), leaderCommit=6, initializing? false, entries: <empty>
2019-09-16 17:23:34,815 [java.util.concurrent.ThreadPoolExecutor$Worker@1fc26504[State = -1, empty queue]] WARN  server.GrpcLogAppender (GrpcLogAppender.java:timeoutAppendRequest(200)) - 08c3c9a3-c92b-48ae-803a-081cb99550ef@group-4C49021CB2BC->a5d3a44e-87a4-4ffe-bd57-d4dea2700ae7-GrpcLogAppender: appendEntries Timeout, request=08c3c9a3-c92b-48ae-803a-081cb99550ef->a5d3a44e-87a4-4ffe-bd57-d4dea2700ae7#38-t1, previous=(t:1, i:11), leaderCommit=6, initializing? false, entries: <empty>
2019-09-16 17:23:36,882 [a5d3a44e-87a4-4ffe-bd57-d4dea2700ae7@group-4C49021CB2BC-SegmentedRaftLogWorker] WARN  segmented.SegmentedRaftLogWorker (SegmentedRaftLogWorker.java:getFromFuture(90)) - Timeout 6/~
org.apache.ratis.protocol.TimeoutIOException: Timeout 10s: WriteLog:8: (t:1, i:8), STATEMACHINELOGENTRY, client-D2AC5C2F5119, cid=17-writeStateMachineData
	at org.apache.ratis.util.IOUtils.getFromFuture(IOUtils.java:87)
	at org.apache.ratis.server.raftlog.segmented.SegmentedRaftLogWorker$StateMachineDataPolicy.getFromFuture(SegmentedRaftLogWorker.java:87)
	at org.apache.ratis.server.raftlog.segmented.SegmentedRaftLogWorker$WriteLog.execute(SegmentedRaftLogWorker.java:477)
	at org.apache.ratis.server.raftlog.segmented.SegmentedRaftLogWorker.run(SegmentedRaftLogWorker.java:289)
	at java.lang.Thread.run(Thread.java:748)
Caused by: java.util.concurrent.TimeoutException
	at java.util.concurrent.CompletableFuture.timedGet(CompletableFuture.java:1771)
	at java.util.concurrent.CompletableFuture.get(CompletableFuture.java:1915)
	at org.apache.ratis.util.IOUtils.getFromFuture(IOUtils.java:79)
	... 4 more
2019-09-16 17:23:36,895 [2565157f-9642-4f7c-bd15-58f431c5cf0a@group-4C49021CB2BC-SegmentedRaftLogWorker] WARN  segmented.SegmentedRaftLogWorker (SegmentedRaftLogWorker.java:getFromFuture(90)) - Timeout 6/~
org.apache.ratis.protocol.TimeoutIOException: Timeout 10s: WriteLog:8: (t:1, i:8), STATEMACHINELOGENTRY, client-D2AC5C2F5119, cid=17-writeStateMachineData
	at org.apache.ratis.util.IOUtils.getFromFuture(IOUtils.java:87)
	at org.apache.ratis.server.raftlog.segmented.SegmentedRaftLogWorker$StateMachineDataPolicy.getFromFuture(SegmentedRaftLogWorker.java:87)
	at org.apache.ratis.server.raftlog.segmented.SegmentedRaftLogWorker$WriteLog.execute(SegmentedRaftLogWorker.java:477)
	at org.apache.ratis.server.raftlog.segmented.SegmentedRaftLogWorker.run(SegmentedRaftLogWorker.java:289)
	at java.lang.Thread.run(Thread.java:748)
Caused by: java.util.concurrent.TimeoutException
	at java.util.concurrent.CompletableFuture.timedGet(CompletableFuture.java:1771)
	at java.util.concurrent.CompletableFuture.get(CompletableFuture.java:1915)
	at org.apache.ratis.util.IOUtils.getFromFuture(IOUtils.java:79)
	... 4 more
2019-09-16 17:23:36,918 [08c3c9a3-c92b-48ae-803a-081cb99550ef@group-4C49021CB2BC-SegmentedRaftLogWorker] WARN  segmented.SegmentedRaftLogWorker (SegmentedRaftLogWorker.java:getFromFuture(90)) - Timeout 6/~
org.apache.ratis.protocol.TimeoutIOException: Timeout 10s: WriteLog:8: (t:1, i:8), STATEMACHINELOGENTRY, client-D2AC5C2F5119, cid=17-writeStateMachineData
	at org.apache.ratis.util.IOUtils.getFromFuture(IOUtils.java:87)
	at org.apache.ratis.server.raftlog.segmented.SegmentedRaftLogWorker$StateMachineDataPolicy.getFromFuture(SegmentedRaftLogWorker.java:87)
	at org.apache.ratis.server.raftlog.segmented.SegmentedRaftLogWorker$WriteLog.execute(SegmentedRaftLogWorker.java:477)
	at org.apache.ratis.server.raftlog.segmented.SegmentedRaftLogWorker.run(SegmentedRaftLogWorker.java:289)
	at java.lang.Thread.run(Thread.java:748)
Caused by: java.util.concurrent.TimeoutException
	at java.util.concurrent.CompletableFuture.timedGet(CompletableFuture.java:1771)
	at java.util.concurrent.CompletableFuture.get(CompletableFuture.java:1915)
	at org.apache.ratis.util.IOUtils.getFromFuture(IOUtils.java:79)
	... 4 more
2019-09-16 17:23:37,315 [java.util.concurrent.ThreadPoolExecutor$Worker@ff8e043[State = -1, empty queue]] WARN  server.GrpcLogAppender (GrpcLogAppender.java:timeoutAppendRequest(200)) - 08c3c9a3-c92b-48ae-803a-081cb99550ef@group-4C49021CB2BC->2565157f-9642-4f7c-bd15-58f431c5cf0a-GrpcLogAppender: appendEntries Timeout, request=08c3c9a3-c92b-48ae-803a-081cb99550ef->2565157f-9642-4f7c-bd15-58f431c5cf0a#39-t1, previous=(t:1, i:11), leaderCommit=6, initializing? false, entries: <empty>
2019-09-16 17:23:37,315 [java.util.concurrent.ThreadPoolExecutor$Worker@1fc26504[State = -1, empty queue]] WARN  server.GrpcLogAppender (GrpcLogAppender.java:timeoutAppendRequest(200)) - 08c3c9a3-c92b-48ae-803a-081cb99550ef@group-4C49021CB2BC->a5d3a44e-87a4-4ffe-bd57-d4dea2700ae7-GrpcLogAppender: appendEntries Timeout, request=08c3c9a3-c92b-48ae-803a-081cb99550ef->a5d3a44e-87a4-4ffe-bd57-d4dea2700ae7#39-t1, previous=(t:1, i:11), leaderCommit=6, initializing? false, entries: <empty>
2019-09-16 17:23:37,740 [grpc-default-executor-2] INFO  client.GrpcClientProtocolClient (GrpcClientProtocolClient.java:onNext(264)) - client-D2AC5C2F5119->a5d3a44e-87a4-4ffe-bd57-d4dea2700ae7: receive RaftClientReply:client-D2AC5C2F5119->a5d3a44e-87a4-4ffe-bd57-d4dea2700ae7@group-4C49021CB2BC, cid=16, FAILED org.apache.ratis.protocol.NotLeaderException: Server a5d3a44e-87a4-4ffe-bd57-d4dea2700ae7@group-4C49021CB2BC is not the leader 08c3c9a3-c92b-48ae-803a-081cb99550ef:192.168.151.75:43991, logIndex=0, commits[a5d3a44e-87a4-4ffe-bd57-d4dea2700ae7:c6, 2565157f-9642-4f7c-bd15-58f431c5cf0a:c4, 08c3c9a3-c92b-48ae-803a-081cb99550ef:c6]
2019-09-16 17:23:39,816 [java.util.concurrent.ThreadPoolExecutor$Worker@ff8e043[State = -1, empty queue]] WARN  server.GrpcLogAppender (GrpcLogAppender.java:timeoutAppendRequest(200)) - 08c3c9a3-c92b-48ae-803a-081cb99550ef@group-4C49021CB2BC->2565157f-9642-4f7c-bd15-58f431c5cf0a-GrpcLogAppender: appendEntries Timeout, request=08c3c9a3-c92b-48ae-803a-081cb99550ef->2565157f-9642-4f7c-bd15-58f431c5cf0a#40-t1, previous=(t:1, i:11), leaderCommit=6, initializing? false, entries: <empty>
2019-09-16 17:23:39,816 [java.util.concurrent.ThreadPoolExecutor$Worker@1fc26504[State = -1, empty queue]] WARN  server.GrpcLogAppender (GrpcLogAppender.java:timeoutAppendRequest(200)) - 08c3c9a3-c92b-48ae-803a-081cb99550ef@group-4C49021CB2BC->a5d3a44e-87a4-4ffe-bd57-d4dea2700ae7-GrpcLogAppender: appendEntries Timeout, request=08c3c9a3-c92b-48ae-803a-081cb99550ef->a5d3a44e-87a4-4ffe-bd57-d4dea2700ae7#40-t1, previous=(t:1, i:11), leaderCommit=6, initializing? false, entries: <empty>
2019-09-16 17:23:42,317 [java.util.concurrent.ThreadPoolExecutor$Worker@ff8e043[State = -1, empty queue]] WARN  server.GrpcLogAppender (GrpcLogAppender.java:timeoutAppendRequest(200)) - 08c3c9a3-c92b-48ae-803a-081cb99550ef@group-4C49021CB2BC->2565157f-9642-4f7c-bd15-58f431c5cf0a-GrpcLogAppender: appendEntries Timeout, request=08c3c9a3-c92b-48ae-803a-081cb99550ef->2565157f-9642-4f7c-bd15-58f431c5cf0a#41-t1, previous=(t:1, i:11), leaderCommit=6, initializing? false, entries: <empty>
2019-09-16 17:23:42,317 [java.util.concurrent.ThreadPoolExecutor$Worker@1fc26504[State = -1, empty queue]] WARN  server.GrpcLogAppender (GrpcLogAppender.java:timeoutAppendRequest(200)) - 08c3c9a3-c92b-48ae-803a-081cb99550ef@group-4C49021CB2BC->a5d3a44e-87a4-4ffe-bd57-d4dea2700ae7-GrpcLogAppender: appendEntries Timeout, request=08c3c9a3-c92b-48ae-803a-081cb99550ef->a5d3a44e-87a4-4ffe-bd57-d4dea2700ae7#41-t1, previous=(t:1, i:11), leaderCommit=6, initializing? false, entries: <empty>
2019-09-16 17:23:42,802 [grpc-default-executor-2] INFO  client.GrpcClientProtocolClient (GrpcClientProtocolClient.java:onNext(264)) - client-D2AC5C2F5119->2565157f-9642-4f7c-bd15-58f431c5cf0a: receive RaftClientReply:client-D2AC5C2F5119->2565157f-9642-4f7c-bd15-58f431c5cf0a@group-4C49021CB2BC, cid=16, FAILED org.apache.ratis.protocol.NotLeaderException: Server 2565157f-9642-4f7c-bd15-58f431c5cf0a@group-4C49021CB2BC is not the leader 08c3c9a3-c92b-48ae-803a-081cb99550ef:192.168.151.75:43991, logIndex=0, commits[2565157f-9642-4f7c-bd15-58f431c5cf0a:c6, a5d3a44e-87a4-4ffe-bd57-d4dea2700ae7:c4, 08c3c9a3-c92b-48ae-803a-081cb99550ef:c6]
2019-09-16 17:23:44,818 [java.util.concurrent.ThreadPoolExecutor$Worker@1fc26504[State = -1, empty queue]] WARN  server.GrpcLogAppender (GrpcLogAppender.java:timeoutAppendRequest(200)) - 08c3c9a3-c92b-48ae-803a-081cb99550ef@group-4C49021CB2BC->a5d3a44e-87a4-4ffe-bd57-d4dea2700ae7-GrpcLogAppender: appendEntries Timeout, request=08c3c9a3-c92b-48ae-803a-081cb99550ef->a5d3a44e-87a4-4ffe-bd57-d4dea2700ae7#42-t1, previous=(t:1, i:11), leaderCommit=6, initializing? false, entries: <empty>
2019-09-16 17:23:44,818 [java.util.concurrent.ThreadPoolExecutor$Worker@ff8e043[State = -1, empty queue]] WARN  server.GrpcLogAppender (GrpcLogAppender.java:timeoutAppendRequest(200)) - 08c3c9a3-c92b-48ae-803a-081cb99550ef@group-4C49021CB2BC->2565157f-9642-4f7c-bd15-58f431c5cf0a-GrpcLogAppender: appendEntries Timeout, request=08c3c9a3-c92b-48ae-803a-081cb99550ef->2565157f-9642-4f7c-bd15-58f431c5cf0a#42-t1, previous=(t:1, i:11), leaderCommit=6, initializing? false, entries: <empty>
2019-09-16 17:23:46,884 [a5d3a44e-87a4-4ffe-bd57-d4dea2700ae7@group-4C49021CB2BC-SegmentedRaftLogWorker] WARN  segmented.SegmentedRaftLogWorker (SegmentedRaftLogWorker.java:getFromFuture(90)) - Timeout 7/~
org.apache.ratis.protocol.TimeoutIOException: Timeout 10s: WriteLog:8: (t:1, i:8), STATEMACHINELOGENTRY, client-D2AC5C2F5119, cid=17-writeStateMachineData
	at org.apache.ratis.util.IOUtils.getFromFuture(IOUtils.java:87)
	at org.apache.ratis.server.raftlog.segmented.SegmentedRaftLogWorker$StateMachineDataPolicy.getFromFuture(SegmentedRaftLogWorker.java:87)
	at org.apache.ratis.server.raftlog.segmented.SegmentedRaftLogWorker$WriteLog.execute(SegmentedRaftLogWorker.java:477)
	at org.apache.ratis.server.raftlog.segmented.SegmentedRaftLogWorker.run(SegmentedRaftLogWorker.java:289)
	at java.lang.Thread.run(Thread.java:748)
Caused by: java.util.concurrent.TimeoutException
	at java.util.concurrent.CompletableFuture.timedGet(CompletableFuture.java:1771)
	at java.util.concurrent.CompletableFuture.get(CompletableFuture.java:1915)
	at org.apache.ratis.util.IOUtils.getFromFuture(IOUtils.java:79)
	... 4 more
2019-09-16 17:23:46,918 [2565157f-9642-4f7c-bd15-58f431c5cf0a@group-4C49021CB2BC-SegmentedRaftLogWorker] WARN  segmented.SegmentedRaftLogWorker (SegmentedRaftLogWorker.java:getFromFuture(90)) - Timeout 7/~
org.apache.ratis.protocol.TimeoutIOException: Timeout 10s: WriteLog:8: (t:1, i:8), STATEMACHINELOGENTRY, client-D2AC5C2F5119, cid=17-writeStateMachineData
	at org.apache.ratis.util.IOUtils.getFromFuture(IOUtils.java:87)
	at org.apache.ratis.server.raftlog.segmented.SegmentedRaftLogWorker$StateMachineDataPolicy.getFromFuture(SegmentedRaftLogWorker.java:87)
	at org.apache.ratis.server.raftlog.segmented.SegmentedRaftLogWorker$WriteLog.execute(SegmentedRaftLogWorker.java:477)
	at org.apache.ratis.server.raftlog.segmented.SegmentedRaftLogWorker.run(SegmentedRaftLogWorker.java:289)
	at java.lang.Thread.run(Thread.java:748)
Caused by: java.util.concurrent.TimeoutException
	at java.util.concurrent.CompletableFuture.timedGet(CompletableFuture.java:1771)
	at java.util.concurrent.CompletableFuture.get(CompletableFuture.java:1915)
	at org.apache.ratis.util.IOUtils.getFromFuture(IOUtils.java:79)
	... 4 more
2019-09-16 17:23:46,919 [08c3c9a3-c92b-48ae-803a-081cb99550ef@group-4C49021CB2BC-SegmentedRaftLogWorker] WARN  segmented.SegmentedRaftLogWorker (SegmentedRaftLogWorker.java:getFromFuture(90)) - Timeout 7/~
org.apache.ratis.protocol.TimeoutIOException: Timeout 10s: WriteLog:8: (t:1, i:8), STATEMACHINELOGENTRY, client-D2AC5C2F5119, cid=17-writeStateMachineData
	at org.apache.ratis.util.IOUtils.getFromFuture(IOUtils.java:87)
	at org.apache.ratis.server.raftlog.segmented.SegmentedRaftLogWorker$StateMachineDataPolicy.getFromFuture(SegmentedRaftLogWorker.java:87)
	at org.apache.ratis.server.raftlog.segmented.SegmentedRaftLogWorker$WriteLog.execute(SegmentedRaftLogWorker.java:477)
	at org.apache.ratis.server.raftlog.segmented.SegmentedRaftLogWorker.run(SegmentedRaftLogWorker.java:289)
	at java.lang.Thread.run(Thread.java:748)
Caused by: java.util.concurrent.TimeoutException
	at java.util.concurrent.CompletableFuture.timedGet(CompletableFuture.java:1771)
	at java.util.concurrent.CompletableFuture.get(CompletableFuture.java:1915)
	at org.apache.ratis.util.IOUtils.getFromFuture(IOUtils.java:79)
	... 4 more
2019-09-16 17:23:47,318 [java.util.concurrent.ThreadPoolExecutor$Worker@ff8e043[State = -1, empty queue]] WARN  server.GrpcLogAppender (GrpcLogAppender.java:timeoutAppendRequest(200)) - 08c3c9a3-c92b-48ae-803a-081cb99550ef@group-4C49021CB2BC->2565157f-9642-4f7c-bd15-58f431c5cf0a-GrpcLogAppender: appendEntries Timeout, request=08c3c9a3-c92b-48ae-803a-081cb99550ef->2565157f-9642-4f7c-bd15-58f431c5cf0a#43-t1, previous=(t:1, i:11), leaderCommit=6, initializing? false, entries: <empty>
2019-09-16 17:23:47,318 [java.util.concurrent.ThreadPoolExecutor$Worker@1fc26504[State = -1, empty queue]] WARN  server.GrpcLogAppender (GrpcLogAppender.java:timeoutAppendRequest(200)) - 08c3c9a3-c92b-48ae-803a-081cb99550ef@group-4C49021CB2BC->a5d3a44e-87a4-4ffe-bd57-d4dea2700ae7-GrpcLogAppender: appendEntries Timeout, request=08c3c9a3-c92b-48ae-803a-081cb99550ef->a5d3a44e-87a4-4ffe-bd57-d4dea2700ae7#43-t1, previous=(t:1, i:11), leaderCommit=6, initializing? false, entries: <empty>
2019-09-16 17:23:47,862 [grpc-default-executor-3] INFO  client.GrpcClientProtocolClient (GrpcClientProtocolClient.java:onNext(264)) - client-D2AC5C2F5119->2565157f-9642-4f7c-bd15-58f431c5cf0a: receive RaftClientReply:client-D2AC5C2F5119->2565157f-9642-4f7c-bd15-58f431c5cf0a@group-4C49021CB2BC, cid=16, FAILED org.apache.ratis.protocol.NotLeaderException: Server 2565157f-9642-4f7c-bd15-58f431c5cf0a@group-4C49021CB2BC is not the leader 08c3c9a3-c92b-48ae-803a-081cb99550ef:192.168.151.75:43991, logIndex=0, commits[2565157f-9642-4f7c-bd15-58f431c5cf0a:c6, a5d3a44e-87a4-4ffe-bd57-d4dea2700ae7:c4, 08c3c9a3-c92b-48ae-803a-081cb99550ef:c6]
2019-09-16 17:23:49,820 [java.util.concurrent.ThreadPoolExecutor$Worker@1fc26504[State = -1, empty queue]] WARN  server.GrpcLogAppender (GrpcLogAppender.java:timeoutAppendRequest(200)) - 08c3c9a3-c92b-48ae-803a-081cb99550ef@group-4C49021CB2BC->a5d3a44e-87a4-4ffe-bd57-d4dea2700ae7-GrpcLogAppender: appendEntries Timeout, request=08c3c9a3-c92b-48ae-803a-081cb99550ef->a5d3a44e-87a4-4ffe-bd57-d4dea2700ae7#44-t1, previous=(t:1, i:11), leaderCommit=6, initializing? false, entries: <empty>
2019-09-16 17:23:49,820 [java.util.concurrent.ThreadPoolExecutor$Worker@ff8e043[State = -1, empty queue]] WARN  server.GrpcLogAppender (GrpcLogAppender.java:timeoutAppendRequest(200)) - 08c3c9a3-c92b-48ae-803a-081cb99550ef@group-4C49021CB2BC->2565157f-9642-4f7c-bd15-58f431c5cf0a-GrpcLogAppender: appendEntries Timeout, request=08c3c9a3-c92b-48ae-803a-081cb99550ef->2565157f-9642-4f7c-bd15-58f431c5cf0a#44-t1, previous=(t:1, i:11), leaderCommit=6, initializing? false, entries: <empty>
2019-09-16 17:23:52,321 [java.util.concurrent.ThreadPoolExecutor$Worker@ff8e043[State = -1, empty queue]] WARN  server.GrpcLogAppender (GrpcLogAppender.java:timeoutAppendRequest(200)) - 08c3c9a3-c92b-48ae-803a-081cb99550ef@group-4C49021CB2BC->2565157f-9642-4f7c-bd15-58f431c5cf0a-GrpcLogAppender: appendEntries Timeout, request=08c3c9a3-c92b-48ae-803a-081cb99550ef->2565157f-9642-4f7c-bd15-58f431c5cf0a#45-t1, previous=(t:1, i:11), leaderCommit=6, initializing? false, entries: <empty>
2019-09-16 17:23:52,321 [java.util.concurrent.ThreadPoolExecutor$Worker@1fc26504[State = -1, empty queue]] WARN  server.GrpcLogAppender (GrpcLogAppender.java:timeoutAppendRequest(200)) - 08c3c9a3-c92b-48ae-803a-081cb99550ef@group-4C49021CB2BC->a5d3a44e-87a4-4ffe-bd57-d4dea2700ae7-GrpcLogAppender: appendEntries Timeout, request=08c3c9a3-c92b-48ae-803a-081cb99550ef->a5d3a44e-87a4-4ffe-bd57-d4dea2700ae7#45-t1, previous=(t:1, i:11), leaderCommit=6, initializing? false, entries: <empty>
2019-09-16 17:23:52,919 [grpc-default-executor-2] INFO  client.GrpcClientProtocolClient (GrpcClientProtocolClient.java:onNext(264)) - client-D2AC5C2F5119->2565157f-9642-4f7c-bd15-58f431c5cf0a: receive RaftClientReply:client-D2AC5C2F5119->2565157f-9642-4f7c-bd15-58f431c5cf0a@group-4C49021CB2BC, cid=16, FAILED org.apache.ratis.protocol.NotLeaderException: Server 2565157f-9642-4f7c-bd15-58f431c5cf0a@group-4C49021CB2BC is not the leader 08c3c9a3-c92b-48ae-803a-081cb99550ef:192.168.151.75:43991, logIndex=0, commits[2565157f-9642-4f7c-bd15-58f431c5cf0a:c6, a5d3a44e-87a4-4ffe-bd57-d4dea2700ae7:c4, 08c3c9a3-c92b-48ae-803a-081cb99550ef:c6]
2019-09-16 17:23:54,822 [java.util.concurrent.ThreadPoolExecutor$Worker@1fc26504[State = -1, empty queue]] WARN  server.GrpcLogAppender (GrpcLogAppender.java:timeoutAppendRequest(200)) - 08c3c9a3-c92b-48ae-803a-081cb99550ef@group-4C49021CB2BC->a5d3a44e-87a4-4ffe-bd57-d4dea2700ae7-GrpcLogAppender: appendEntries Timeout, request=08c3c9a3-c92b-48ae-803a-081cb99550ef->a5d3a44e-87a4-4ffe-bd57-d4dea2700ae7#46-t1, previous=(t:1, i:11), leaderCommit=6, initializing? false, entries: <empty>
2019-09-16 17:23:54,822 [java.util.concurrent.ThreadPoolExecutor$Worker@ff8e043[State = -1, empty queue]] WARN  server.GrpcLogAppender (GrpcLogAppender.java:timeoutAppendRequest(200)) - 08c3c9a3-c92b-48ae-803a-081cb99550ef@group-4C49021CB2BC->2565157f-9642-4f7c-bd15-58f431c5cf0a-GrpcLogAppender: appendEntries Timeout, request=08c3c9a3-c92b-48ae-803a-081cb99550ef->2565157f-9642-4f7c-bd15-58f431c5cf0a#46-t1, previous=(t:1, i:11), leaderCommit=6, initializing? false, entries: <empty>
2019-09-16 17:23:56,885 [a5d3a44e-87a4-4ffe-bd57-d4dea2700ae7@group-4C49021CB2BC-SegmentedRaftLogWorker] WARN  segmented.SegmentedRaftLogWorker (SegmentedRaftLogWorker.java:getFromFuture(90)) - Timeout 8/~
org.apache.ratis.protocol.TimeoutIOException: Timeout 10s: WriteLog:8: (t:1, i:8), STATEMACHINELOGENTRY, client-D2AC5C2F5119, cid=17-writeStateMachineData
	at org.apache.ratis.util.IOUtils.getFromFuture(IOUtils.java:87)
	at org.apache.ratis.server.raftlog.segmented.SegmentedRaftLogWorker$StateMachineDataPolicy.getFromFuture(SegmentedRaftLogWorker.java:87)
	at org.apache.ratis.server.raftlog.segmented.SegmentedRaftLogWorker$WriteLog.execute(SegmentedRaftLogWorker.java:477)
	at org.apache.ratis.server.raftlog.segmented.SegmentedRaftLogWorker.run(SegmentedRaftLogWorker.java:289)
	at java.lang.Thread.run(Thread.java:748)
Caused by: java.util.concurrent.TimeoutException
	at java.util.concurrent.CompletableFuture.timedGet(CompletableFuture.java:1771)
	at java.util.concurrent.CompletableFuture.get(CompletableFuture.java:1915)
	at org.apache.ratis.util.IOUtils.getFromFuture(IOUtils.java:79)
	... 4 more
2019-09-16 17:23:56,919 [2565157f-9642-4f7c-bd15-58f431c5cf0a@group-4C49021CB2BC-SegmentedRaftLogWorker] WARN  segmented.SegmentedRaftLogWorker (SegmentedRaftLogWorker.java:getFromFuture(90)) - Timeout 8/~
org.apache.ratis.protocol.TimeoutIOException: Timeout 10s: WriteLog:8: (t:1, i:8), STATEMACHINELOGENTRY, client-D2AC5C2F5119, cid=17-writeStateMachineData
	at org.apache.ratis.util.IOUtils.getFromFuture(IOUtils.java:87)
	at org.apache.ratis.server.raftlog.segmented.SegmentedRaftLogWorker$StateMachineDataPolicy.getFromFuture(SegmentedRaftLogWorker.java:87)
	at org.apache.ratis.server.raftlog.segmented.SegmentedRaftLogWorker$WriteLog.execute(SegmentedRaftLogWorker.java:477)
	at org.apache.ratis.server.raftlog.segmented.SegmentedRaftLogWorker.run(SegmentedRaftLogWorker.java:289)
	at java.lang.Thread.run(Thread.java:748)
Caused by: java.util.concurrent.TimeoutException
	at java.util.concurrent.CompletableFuture.timedGet(CompletableFuture.java:1771)
	at java.util.concurrent.CompletableFuture.get(CompletableFuture.java:1915)
	at org.apache.ratis.util.IOUtils.getFromFuture(IOUtils.java:79)
	... 4 more
2019-09-16 17:23:56,920 [08c3c9a3-c92b-48ae-803a-081cb99550ef@group-4C49021CB2BC-SegmentedRaftLogWorker] WARN  segmented.SegmentedRaftLogWorker (SegmentedRaftLogWorker.java:getFromFuture(90)) - Timeout 8/~
org.apache.ratis.protocol.TimeoutIOException: Timeout 10s: WriteLog:8: (t:1, i:8), STATEMACHINELOGENTRY, client-D2AC5C2F5119, cid=17-writeStateMachineData
	at org.apache.ratis.util.IOUtils.getFromFuture(IOUtils.java:87)
	at org.apache.ratis.server.raftlog.segmented.SegmentedRaftLogWorker$StateMachineDataPolicy.getFromFuture(SegmentedRaftLogWorker.java:87)
	at org.apache.ratis.server.raftlog.segmented.SegmentedRaftLogWorker$WriteLog.execute(SegmentedRaftLogWorker.java:477)
	at org.apache.ratis.server.raftlog.segmented.SegmentedRaftLogWorker.run(SegmentedRaftLogWorker.java:289)
	at java.lang.Thread.run(Thread.java:748)
Caused by: java.util.concurrent.TimeoutException
	at java.util.concurrent.CompletableFuture.timedGet(CompletableFuture.java:1771)
	at java.util.concurrent.CompletableFuture.get(CompletableFuture.java:1915)
	at org.apache.ratis.util.IOUtils.getFromFuture(IOUtils.java:79)
	... 4 more
2019-09-16 17:23:57,323 [java.util.concurrent.ThreadPoolExecutor$Worker@ff8e043[State = -1, empty queue]] WARN  server.GrpcLogAppender (GrpcLogAppender.java:timeoutAppendRequest(200)) - 08c3c9a3-c92b-48ae-803a-081cb99550ef@group-4C49021CB2BC->2565157f-9642-4f7c-bd15-58f431c5cf0a-GrpcLogAppender: appendEntries Timeout, request=08c3c9a3-c92b-48ae-803a-081cb99550ef->2565157f-9642-4f7c-bd15-58f431c5cf0a#47-t1, previous=(t:1, i:11), leaderCommit=6, initializing? false, entries: <empty>
2019-09-16 17:23:57,323 [java.util.concurrent.ThreadPoolExecutor$Worker@1fc26504[State = -1, empty queue]] WARN  server.GrpcLogAppender (GrpcLogAppender.java:timeoutAppendRequest(200)) - 08c3c9a3-c92b-48ae-803a-081cb99550ef@group-4C49021CB2BC->a5d3a44e-87a4-4ffe-bd57-d4dea2700ae7-GrpcLogAppender: appendEntries Timeout, request=08c3c9a3-c92b-48ae-803a-081cb99550ef->a5d3a44e-87a4-4ffe-bd57-d4dea2700ae7#47-t1, previous=(t:1, i:11), leaderCommit=6, initializing? false, entries: <empty>
2019-09-16 17:23:57,971 [grpc-default-executor-0] INFO  client.GrpcClientProtocolClient (GrpcClientProtocolClient.java:onNext(264)) - client-D2AC5C2F5119->2565157f-9642-4f7c-bd15-58f431c5cf0a: receive RaftClientReply:client-D2AC5C2F5119->2565157f-9642-4f7c-bd15-58f431c5cf0a@group-4C49021CB2BC, cid=16, FAILED org.apache.ratis.protocol.NotLeaderException: Server 2565157f-9642-4f7c-bd15-58f431c5cf0a@group-4C49021CB2BC is not the leader 08c3c9a3-c92b-48ae-803a-081cb99550ef:192.168.151.75:43991, logIndex=0, commits[2565157f-9642-4f7c-bd15-58f431c5cf0a:c6, a5d3a44e-87a4-4ffe-bd57-d4dea2700ae7:c4, 08c3c9a3-c92b-48ae-803a-081cb99550ef:c6]
2019-09-16 17:23:59,823 [java.util.concurrent.ThreadPoolExecutor$Worker@1fc26504[State = -1, empty queue]] WARN  server.GrpcLogAppender (GrpcLogAppender.java:timeoutAppendRequest(200)) - 08c3c9a3-c92b-48ae-803a-081cb99550ef@group-4C49021CB2BC->a5d3a44e-87a4-4ffe-bd57-d4dea2700ae7-GrpcLogAppender: appendEntries Timeout, request=08c3c9a3-c92b-48ae-803a-081cb99550ef->a5d3a44e-87a4-4ffe-bd57-d4dea2700ae7#48-t1, previous=(t:1, i:11), leaderCommit=6, initializing? false, entries: <empty>
2019-09-16 17:23:59,823 [java.util.concurrent.ThreadPoolExecutor$Worker@ff8e043[State = -1, empty queue]] WARN  server.GrpcLogAppender (GrpcLogAppender.java:timeoutAppendRequest(200)) - 08c3c9a3-c92b-48ae-803a-081cb99550ef@group-4C49021CB2BC->2565157f-9642-4f7c-bd15-58f431c5cf0a-GrpcLogAppender: appendEntries Timeout, request=08c3c9a3-c92b-48ae-803a-081cb99550ef->2565157f-9642-4f7c-bd15-58f431c5cf0a#48-t1, previous=(t:1, i:11), leaderCommit=6, initializing? false, entries: <empty>
2019-09-16 17:24:02,324 [java.util.concurrent.ThreadPoolExecutor$Worker@1fc26504[State = -1, empty queue]] WARN  server.GrpcLogAppender (GrpcLogAppender.java:timeoutAppendRequest(200)) - 08c3c9a3-c92b-48ae-803a-081cb99550ef@group-4C49021CB2BC->a5d3a44e-87a4-4ffe-bd57-d4dea2700ae7-GrpcLogAppender: appendEntries Timeout, request=08c3c9a3-c92b-48ae-803a-081cb99550ef->a5d3a44e-87a4-4ffe-bd57-d4dea2700ae7#49-t1, previous=(t:1, i:11), leaderCommit=6, initializing? false, entries: <empty>
2019-09-16 17:24:02,324 [java.util.concurrent.ThreadPoolExecutor$Worker@ff8e043[State = -1, empty queue]] WARN  server.GrpcLogAppender (GrpcLogAppender.java:timeoutAppendRequest(200)) - 08c3c9a3-c92b-48ae-803a-081cb99550ef@group-4C49021CB2BC->2565157f-9642-4f7c-bd15-58f431c5cf0a-GrpcLogAppender: appendEntries Timeout, request=08c3c9a3-c92b-48ae-803a-081cb99550ef->2565157f-9642-4f7c-bd15-58f431c5cf0a#49-t1, previous=(t:1, i:11), leaderCommit=6, initializing? false, entries: <empty>
2019-09-16 17:24:03,023 [grpc-default-executor-0] INFO  client.GrpcClientProtocolClient (GrpcClientProtocolClient.java:onNext(264)) - client-D2AC5C2F5119->2565157f-9642-4f7c-bd15-58f431c5cf0a: receive RaftClientReply:client-D2AC5C2F5119->2565157f-9642-4f7c-bd15-58f431c5cf0a@group-4C49021CB2BC, cid=16, FAILED org.apache.ratis.protocol.NotLeaderException: Server 2565157f-9642-4f7c-bd15-58f431c5cf0a@group-4C49021CB2BC is not the leader 08c3c9a3-c92b-48ae-803a-081cb99550ef:192.168.151.75:43991, logIndex=0, commits[2565157f-9642-4f7c-bd15-58f431c5cf0a:c6, a5d3a44e-87a4-4ffe-bd57-d4dea2700ae7:c4, 08c3c9a3-c92b-48ae-803a-081cb99550ef:c6]
2019-09-16 17:24:04,825 [java.util.concurrent.ThreadPoolExecutor$Worker@ff8e043[State = -1, empty queue]] WARN  server.GrpcLogAppender (GrpcLogAppender.java:timeoutAppendRequest(200)) - 08c3c9a3-c92b-48ae-803a-081cb99550ef@group-4C49021CB2BC->2565157f-9642-4f7c-bd15-58f431c5cf0a-GrpcLogAppender: appendEntries Timeout, request=08c3c9a3-c92b-48ae-803a-081cb99550ef->2565157f-9642-4f7c-bd15-58f431c5cf0a#50-t1, previous=(t:1, i:11), leaderCommit=6, initializing? false, entries: <empty>
2019-09-16 17:24:04,825 [java.util.concurrent.ThreadPoolExecutor$Worker@1fc26504[State = -1, empty queue]] WARN  server.GrpcLogAppender (GrpcLogAppender.java:timeoutAppendRequest(200)) - 08c3c9a3-c92b-48ae-803a-081cb99550ef@group-4C49021CB2BC->a5d3a44e-87a4-4ffe-bd57-d4dea2700ae7-GrpcLogAppender: appendEntries Timeout, request=08c3c9a3-c92b-48ae-803a-081cb99550ef->a5d3a44e-87a4-4ffe-bd57-d4dea2700ae7#50-t1, previous=(t:1, i:11), leaderCommit=6, initializing? false, entries: <empty>
2019-09-16 17:24:06,887 [a5d3a44e-87a4-4ffe-bd57-d4dea2700ae7@group-4C49021CB2BC-SegmentedRaftLogWorker] WARN  segmented.SegmentedRaftLogWorker (SegmentedRaftLogWorker.java:getFromFuture(90)) - Timeout 9/~
org.apache.ratis.protocol.TimeoutIOException: Timeout 10s: WriteLog:8: (t:1, i:8), STATEMACHINELOGENTRY, client-D2AC5C2F5119, cid=17-writeStateMachineData
	at org.apache.ratis.util.IOUtils.getFromFuture(IOUtils.java:87)
	at org.apache.ratis.server.raftlog.segmented.SegmentedRaftLogWorker$StateMachineDataPolicy.getFromFuture(SegmentedRaftLogWorker.java:87)
	at org.apache.ratis.server.raftlog.segmented.SegmentedRaftLogWorker$WriteLog.execute(SegmentedRaftLogWorker.java:477)
	at org.apache.ratis.server.raftlog.segmented.SegmentedRaftLogWorker.run(SegmentedRaftLogWorker.java:289)
	at java.lang.Thread.run(Thread.java:748)
Caused by: java.util.concurrent.TimeoutException
	at java.util.concurrent.CompletableFuture.timedGet(CompletableFuture.java:1771)
	at java.util.concurrent.CompletableFuture.get(CompletableFuture.java:1915)
	at org.apache.ratis.util.IOUtils.getFromFuture(IOUtils.java:79)
	... 4 more
2019-09-16 17:24:06,920 [2565157f-9642-4f7c-bd15-58f431c5cf0a@group-4C49021CB2BC-SegmentedRaftLogWorker] WARN  segmented.SegmentedRaftLogWorker (SegmentedRaftLogWorker.java:getFromFuture(90)) - Timeout 9/~
org.apache.ratis.protocol.TimeoutIOException: Timeout 10s: WriteLog:8: (t:1, i:8), STATEMACHINELOGENTRY, client-D2AC5C2F5119, cid=17-writeStateMachineData
	at org.apache.ratis.util.IOUtils.getFromFuture(IOUtils.java:87)
	at org.apache.ratis.server.raftlog.segmented.SegmentedRaftLogWorker$StateMachineDataPolicy.getFromFuture(SegmentedRaftLogWorker.java:87)
	at org.apache.ratis.server.raftlog.segmented.SegmentedRaftLogWorker$WriteLog.execute(SegmentedRaftLogWorker.java:477)
	at org.apache.ratis.server.raftlog.segmented.SegmentedRaftLogWorker.run(SegmentedRaftLogWorker.java:289)
	at java.lang.Thread.run(Thread.java:748)
Caused by: java.util.concurrent.TimeoutException
	at java.util.concurrent.CompletableFuture.timedGet(CompletableFuture.java:1771)
	at java.util.concurrent.CompletableFuture.get(CompletableFuture.java:1915)
	at org.apache.ratis.util.IOUtils.getFromFuture(IOUtils.java:79)
	... 4 more
2019-09-16 17:24:06,921 [08c3c9a3-c92b-48ae-803a-081cb99550ef@group-4C49021CB2BC-SegmentedRaftLogWorker] WARN  segmented.SegmentedRaftLogWorker (SegmentedRaftLogWorker.java:getFromFuture(90)) - Timeout 9/~
org.apache.ratis.protocol.TimeoutIOException: Timeout 10s: WriteLog:8: (t:1, i:8), STATEMACHINELOGENTRY, client-D2AC5C2F5119, cid=17-writeStateMachineData
	at org.apache.ratis.util.IOUtils.getFromFuture(IOUtils.java:87)
	at org.apache.ratis.server.raftlog.segmented.SegmentedRaftLogWorker$StateMachineDataPolicy.getFromFuture(SegmentedRaftLogWorker.java:87)
	at org.apache.ratis.server.raftlog.segmented.SegmentedRaftLogWorker$WriteLog.execute(SegmentedRaftLogWorker.java:477)
	at org.apache.ratis.server.raftlog.segmented.SegmentedRaftLogWorker.run(SegmentedRaftLogWorker.java:289)
	at java.lang.Thread.run(Thread.java:748)
Caused by: java.util.concurrent.TimeoutException
	at java.util.concurrent.CompletableFuture.timedGet(CompletableFuture.java:1771)
	at java.util.concurrent.CompletableFuture.get(CompletableFuture.java:1915)
	at org.apache.ratis.util.IOUtils.getFromFuture(IOUtils.java:79)
	... 4 more
2019-09-16 17:24:07,325 [java.util.concurrent.ThreadPoolExecutor$Worker@1fc26504[State = -1, empty queue]] WARN  server.GrpcLogAppender (GrpcLogAppender.java:timeoutAppendRequest(200)) - 08c3c9a3-c92b-48ae-803a-081cb99550ef@group-4C49021CB2BC->a5d3a44e-87a4-4ffe-bd57-d4dea2700ae7-GrpcLogAppender: appendEntries Timeout, request=08c3c9a3-c92b-48ae-803a-081cb99550ef->a5d3a44e-87a4-4ffe-bd57-d4dea2700ae7#51-t1, previous=(t:1, i:11), leaderCommit=6, initializing? false, entries: <empty>
2019-09-16 17:24:07,325 [java.util.concurrent.ThreadPoolExecutor$Worker@ff8e043[State = -1, empty queue]] WARN  server.GrpcLogAppender (GrpcLogAppender.java:timeoutAppendRequest(200)) - 08c3c9a3-c92b-48ae-803a-081cb99550ef@group-4C49021CB2BC->2565157f-9642-4f7c-bd15-58f431c5cf0a-GrpcLogAppender: appendEntries Timeout, request=08c3c9a3-c92b-48ae-803a-081cb99550ef->2565157f-9642-4f7c-bd15-58f431c5cf0a#51-t1, previous=(t:1, i:11), leaderCommit=6, initializing? false, entries: <empty>
2019-09-16 17:24:08,102 [grpc-default-executor-0] INFO  client.GrpcClientProtocolClient (GrpcClientProtocolClient.java:onNext(264)) - client-D2AC5C2F5119->a5d3a44e-87a4-4ffe-bd57-d4dea2700ae7: receive RaftClientReply:client-D2AC5C2F5119->a5d3a44e-87a4-4ffe-bd57-d4dea2700ae7@group-4C49021CB2BC, cid=16, FAILED org.apache.ratis.protocol.NotLeaderException: Server a5d3a44e-87a4-4ffe-bd57-d4dea2700ae7@group-4C49021CB2BC is not the leader 08c3c9a3-c92b-48ae-803a-081cb99550ef:192.168.151.75:43991, logIndex=0, commits[a5d3a44e-87a4-4ffe-bd57-d4dea2700ae7:c6, 2565157f-9642-4f7c-bd15-58f431c5cf0a:c4, 08c3c9a3-c92b-48ae-803a-081cb99550ef:c6]
2019-09-16 17:24:09,827 [java.util.concurrent.ThreadPoolExecutor$Worker@ff8e043[State = -1, empty queue]] WARN  server.GrpcLogAppender (GrpcLogAppender.java:timeoutAppendRequest(200)) - 08c3c9a3-c92b-48ae-803a-081cb99550ef@group-4C49021CB2BC->2565157f-9642-4f7c-bd15-58f431c5cf0a-GrpcLogAppender: appendEntries Timeout, request=08c3c9a3-c92b-48ae-803a-081cb99550ef->2565157f-9642-4f7c-bd15-58f431c5cf0a#52-t1, previous=(t:1, i:11), leaderCommit=6, initializing? false, entries: <empty>
2019-09-16 17:24:09,827 [java.util.concurrent.ThreadPoolExecutor$Worker@1fc26504[State = -1, empty queue]] WARN  server.GrpcLogAppender (GrpcLogAppender.java:timeoutAppendRequest(200)) - 08c3c9a3-c92b-48ae-803a-081cb99550ef@group-4C49021CB2BC->a5d3a44e-87a4-4ffe-bd57-d4dea2700ae7-GrpcLogAppender: appendEntries Timeout, request=08c3c9a3-c92b-48ae-803a-081cb99550ef->a5d3a44e-87a4-4ffe-bd57-d4dea2700ae7#52-t1, previous=(t:1, i:11), leaderCommit=6, initializing? false, entries: <empty>
2019-09-16 17:24:12,328 [java.util.concurrent.ThreadPoolExecutor$Worker@ff8e043[State = -1, empty queue]] WARN  server.GrpcLogAppender (GrpcLogAppender.java:timeoutAppendRequest(200)) - 08c3c9a3-c92b-48ae-803a-081cb99550ef@group-4C49021CB2BC->2565157f-9642-4f7c-bd15-58f431c5cf0a-GrpcLogAppender: appendEntries Timeout, request=08c3c9a3-c92b-48ae-803a-081cb99550ef->2565157f-9642-4f7c-bd15-58f431c5cf0a#53-t1, previous=(t:1, i:11), leaderCommit=6, initializing? false, entries: <empty>
2019-09-16 17:24:12,328 [java.util.concurrent.ThreadPoolExecutor$Worker@1fc26504[State = -1, empty queue]] WARN  server.GrpcLogAppender (GrpcLogAppender.java:timeoutAppendRequest(200)) - 08c3c9a3-c92b-48ae-803a-081cb99550ef@group-4C49021CB2BC->a5d3a44e-87a4-4ffe-bd57-d4dea2700ae7-GrpcLogAppender: appendEntries Timeout, request=08c3c9a3-c92b-48ae-803a-081cb99550ef->a5d3a44e-87a4-4ffe-bd57-d4dea2700ae7#53-t1, previous=(t:1, i:11), leaderCommit=6, initializing? false, entries: <empty>
2019-09-16 17:24:13,187 [grpc-default-executor-0] INFO  client.GrpcClientProtocolClient (GrpcClientProtocolClient.java:onNext(264)) - client-D2AC5C2F5119->a5d3a44e-87a4-4ffe-bd57-d4dea2700ae7: receive RaftClientReply:client-D2AC5C2F5119->a5d3a44e-87a4-4ffe-bd57-d4dea2700ae7@group-4C49021CB2BC, cid=16, FAILED org.apache.ratis.protocol.NotLeaderException: Server a5d3a44e-87a4-4ffe-bd57-d4dea2700ae7@group-4C49021CB2BC is not the leader 08c3c9a3-c92b-48ae-803a-081cb99550ef:192.168.151.75:43991, logIndex=0, commits[a5d3a44e-87a4-4ffe-bd57-d4dea2700ae7:c6, 2565157f-9642-4f7c-bd15-58f431c5cf0a:c4, 08c3c9a3-c92b-48ae-803a-081cb99550ef:c6]
2019-09-16 17:24:14,829 [java.util.concurrent.ThreadPoolExecutor$Worker@1fc26504[State = -1, empty queue]] WARN  server.GrpcLogAppender (GrpcLogAppender.java:timeoutAppendRequest(200)) - 08c3c9a3-c92b-48ae-803a-081cb99550ef@group-4C49021CB2BC->a5d3a44e-87a4-4ffe-bd57-d4dea2700ae7-GrpcLogAppender: appendEntries Timeout, request=08c3c9a3-c92b-48ae-803a-081cb99550ef->a5d3a44e-87a4-4ffe-bd57-d4dea2700ae7#54-t1, previous=(t:1, i:11), leaderCommit=6, initializing? false, entries: <empty>
2019-09-16 17:24:14,829 [java.util.concurrent.ThreadPoolExecutor$Worker@ff8e043[State = -1, empty queue]] WARN  server.GrpcLogAppender (GrpcLogAppender.java:timeoutAppendRequest(200)) - 08c3c9a3-c92b-48ae-803a-081cb99550ef@group-4C49021CB2BC->2565157f-9642-4f7c-bd15-58f431c5cf0a-GrpcLogAppender: appendEntries Timeout, request=08c3c9a3-c92b-48ae-803a-081cb99550ef->2565157f-9642-4f7c-bd15-58f431c5cf0a#54-t1, previous=(t:1, i:11), leaderCommit=6, initializing? false, entries: <empty>
2019-09-16 17:24:16,889 [a5d3a44e-87a4-4ffe-bd57-d4dea2700ae7@group-4C49021CB2BC-SegmentedRaftLogWorker] WARN  segmented.SegmentedRaftLogWorker (SegmentedRaftLogWorker.java:getFromFuture(90)) - Timeout 10/~
org.apache.ratis.protocol.TimeoutIOException: Timeout 10s: WriteLog:8: (t:1, i:8), STATEMACHINELOGENTRY, client-D2AC5C2F5119, cid=17-writeStateMachineData
	at org.apache.ratis.util.IOUtils.getFromFuture(IOUtils.java:87)
	at org.apache.ratis.server.raftlog.segmented.SegmentedRaftLogWorker$StateMachineDataPolicy.getFromFuture(SegmentedRaftLogWorker.java:87)
	at org.apache.ratis.server.raftlog.segmented.SegmentedRaftLogWorker$WriteLog.execute(SegmentedRaftLogWorker.java:477)
	at org.apache.ratis.server.raftlog.segmented.SegmentedRaftLogWorker.run(SegmentedRaftLogWorker.java:289)
	at java.lang.Thread.run(Thread.java:748)
Caused by: java.util.concurrent.TimeoutException
	at java.util.concurrent.CompletableFuture.timedGet(CompletableFuture.java:1771)
	at java.util.concurrent.CompletableFuture.get(CompletableFuture.java:1915)
	at org.apache.ratis.util.IOUtils.getFromFuture(IOUtils.java:79)
	... 4 more
2019-09-16 17:24:16,921 [2565157f-9642-4f7c-bd15-58f431c5cf0a@group-4C49021CB2BC-SegmentedRaftLogWorker] WARN  segmented.SegmentedRaftLogWorker (SegmentedRaftLogWorker.java:getFromFuture(90)) - Timeout 10/~
org.apache.ratis.protocol.TimeoutIOException: Timeout 10s: WriteLog:8: (t:1, i:8), STATEMACHINELOGENTRY, client-D2AC5C2F5119, cid=17-writeStateMachineData
	at org.apache.ratis.util.IOUtils.getFromFuture(IOUtils.java:87)
	at org.apache.ratis.server.raftlog.segmented.SegmentedRaftLogWorker$StateMachineDataPolicy.getFromFuture(SegmentedRaftLogWorker.java:87)
	at org.apache.ratis.server.raftlog.segmented.SegmentedRaftLogWorker$WriteLog.execute(SegmentedRaftLogWorker.java:477)
	at org.apache.ratis.server.raftlog.segmented.SegmentedRaftLogWorker.run(SegmentedRaftLogWorker.java:289)
	at java.lang.Thread.run(Thread.java:748)
Caused by: java.util.concurrent.TimeoutException
	at java.util.concurrent.CompletableFuture.timedGet(CompletableFuture.java:1771)
	at java.util.concurrent.CompletableFuture.get(CompletableFuture.java:1915)
	at org.apache.ratis.util.IOUtils.getFromFuture(IOUtils.java:79)
	... 4 more
2019-09-16 17:24:16,922 [08c3c9a3-c92b-48ae-803a-081cb99550ef@group-4C49021CB2BC-SegmentedRaftLogWorker] WARN  segmented.SegmentedRaftLogWorker (SegmentedRaftLogWorker.java:getFromFuture(90)) - Timeout 10/~
org.apache.ratis.protocol.TimeoutIOException: Timeout 10s: WriteLog:8: (t:1, i:8), STATEMACHINELOGENTRY, client-D2AC5C2F5119, cid=17-writeStateMachineData
	at org.apache.ratis.util.IOUtils.getFromFuture(IOUtils.java:87)
	at org.apache.ratis.server.raftlog.segmented.SegmentedRaftLogWorker$StateMachineDataPolicy.getFromFuture(SegmentedRaftLogWorker.java:87)
	at org.apache.ratis.server.raftlog.segmented.SegmentedRaftLogWorker$WriteLog.execute(SegmentedRaftLogWorker.java:477)
	at org.apache.ratis.server.raftlog.segmented.SegmentedRaftLogWorker.run(SegmentedRaftLogWorker.java:289)
	at java.lang.Thread.run(Thread.java:748)
Caused by: java.util.concurrent.TimeoutException
	at java.util.concurrent.CompletableFuture.timedGet(CompletableFuture.java:1771)
	at java.util.concurrent.CompletableFuture.get(CompletableFuture.java:1915)
	at org.apache.ratis.util.IOUtils.getFromFuture(IOUtils.java:79)
	... 4 more
2019-09-16 17:24:17,330 [java.util.concurrent.ThreadPoolExecutor$Worker@1fc26504[State = -1, empty queue]] WARN  server.GrpcLogAppender (GrpcLogAppender.java:timeoutAppendRequest(200)) - 08c3c9a3-c92b-48ae-803a-081cb99550ef@group-4C49021CB2BC->a5d3a44e-87a4-4ffe-bd57-d4dea2700ae7-GrpcLogAppender: appendEntries Timeout, request=08c3c9a3-c92b-48ae-803a-081cb99550ef->a5d3a44e-87a4-4ffe-bd57-d4dea2700ae7#55-t1, previous=(t:1, i:11), leaderCommit=6, initializing? false, entries: <empty>
2019-09-16 17:24:17,330 [java.util.concurrent.ThreadPoolExecutor$Worker@ff8e043[State = -1, empty queue]] WARN  server.GrpcLogAppender (GrpcLogAppender.java:timeoutAppendRequest(200)) - 08c3c9a3-c92b-48ae-803a-081cb99550ef@group-4C49021CB2BC->2565157f-9642-4f7c-bd15-58f431c5cf0a-GrpcLogAppender: appendEntries Timeout, request=08c3c9a3-c92b-48ae-803a-081cb99550ef->2565157f-9642-4f7c-bd15-58f431c5cf0a#55-t1, previous=(t:1, i:11), leaderCommit=6, initializing? false, entries: <empty>
2019-09-16 17:24:18,238 [grpc-default-executor-0] INFO  client.GrpcClientProtocolClient (GrpcClientProtocolClient.java:onNext(264)) - client-D2AC5C2F5119->2565157f-9642-4f7c-bd15-58f431c5cf0a: receive RaftClientReply:client-D2AC5C2F5119->2565157f-9642-4f7c-bd15-58f431c5cf0a@group-4C49021CB2BC, cid=16, FAILED org.apache.ratis.protocol.NotLeaderException: Server 2565157f-9642-4f7c-bd15-58f431c5cf0a@group-4C49021CB2BC is not the leader 08c3c9a3-c92b-48ae-803a-081cb99550ef:192.168.151.75:43991, logIndex=0, commits[2565157f-9642-4f7c-bd15-58f431c5cf0a:c6, a5d3a44e-87a4-4ffe-bd57-d4dea2700ae7:c4, 08c3c9a3-c92b-48ae-803a-081cb99550ef:c6]
2019-09-16 17:24:19,830 [java.util.concurrent.ThreadPoolExecutor$Worker@ff8e043[State = -1, empty queue]] WARN  server.GrpcLogAppender (GrpcLogAppender.java:timeoutAppendRequest(200)) - 08c3c9a3-c92b-48ae-803a-081cb99550ef@group-4C49021CB2BC->2565157f-9642-4f7c-bd15-58f431c5cf0a-GrpcLogAppender: appendEntries Timeout, request=08c3c9a3-c92b-48ae-803a-081cb99550ef->2565157f-9642-4f7c-bd15-58f431c5cf0a#56-t1, previous=(t:1, i:11), leaderCommit=6, initializing? false, entries: <empty>
2019-09-16 17:24:19,830 [java.util.concurrent.ThreadPoolExecutor$Worker@1fc26504[State = -1, empty queue]] WARN  server.GrpcLogAppender (GrpcLogAppender.java:timeoutAppendRequest(200)) - 08c3c9a3-c92b-48ae-803a-081cb99550ef@group-4C49021CB2BC->a5d3a44e-87a4-4ffe-bd57-d4dea2700ae7-GrpcLogAppender: appendEntries Timeout, request=08c3c9a3-c92b-48ae-803a-081cb99550ef->a5d3a44e-87a4-4ffe-bd57-d4dea2700ae7#56-t1, previous=(t:1, i:11), leaderCommit=6, initializing? false, entries: <empty>
2019-09-16 17:24:22,331 [java.util.concurrent.ThreadPoolExecutor$Worker@1fc26504[State = -1, empty queue]] WARN  server.GrpcLogAppender (GrpcLogAppender.java:timeoutAppendRequest(200)) - 08c3c9a3-c92b-48ae-803a-081cb99550ef@group-4C49021CB2BC->a5d3a44e-87a4-4ffe-bd57-d4dea2700ae7-GrpcLogAppender: appendEntries Timeout, request=08c3c9a3-c92b-48ae-803a-081cb99550ef->a5d3a44e-87a4-4ffe-bd57-d4dea2700ae7#57-t1, previous=(t:1, i:11), leaderCommit=6, initializing? false, entries: <empty>
2019-09-16 17:24:22,331 [java.util.concurrent.ThreadPoolExecutor$Worker@ff8e043[State = -1, empty queue]] WARN  server.GrpcLogAppender (GrpcLogAppender.java:timeoutAppendRequest(200)) - 08c3c9a3-c92b-48ae-803a-081cb99550ef@group-4C49021CB2BC->2565157f-9642-4f7c-bd15-58f431c5cf0a-GrpcLogAppender: appendEntries Timeout, request=08c3c9a3-c92b-48ae-803a-081cb99550ef->2565157f-9642-4f7c-bd15-58f431c5cf0a#57-t1, previous=(t:1, i:11), leaderCommit=6, initializing? false, entries: <empty>
2019-09-16 17:24:23,304 [grpc-default-executor-3] INFO  client.GrpcClientProtocolClient (GrpcClientProtocolClient.java:onNext(264)) - client-D2AC5C2F5119->a5d3a44e-87a4-4ffe-bd57-d4dea2700ae7: receive RaftClientReply:client-D2AC5C2F5119->a5d3a44e-87a4-4ffe-bd57-d4dea2700ae7@group-4C49021CB2BC, cid=16, FAILED org.apache.ratis.protocol.NotLeaderException: Server a5d3a44e-87a4-4ffe-bd57-d4dea2700ae7@group-4C49021CB2BC is not the leader 08c3c9a3-c92b-48ae-803a-081cb99550ef:192.168.151.75:43991, logIndex=0, commits[a5d3a44e-87a4-4ffe-bd57-d4dea2700ae7:c6, 2565157f-9642-4f7c-bd15-58f431c5cf0a:c4, 08c3c9a3-c92b-48ae-803a-081cb99550ef:c6]
2019-09-16 17:24:24,832 [java.util.concurrent.ThreadPoolExecutor$Worker@ff8e043[State = -1, empty queue]] WARN  server.GrpcLogAppender (GrpcLogAppender.java:timeoutAppendRequest(200)) - 08c3c9a3-c92b-48ae-803a-081cb99550ef@group-4C49021CB2BC->2565157f-9642-4f7c-bd15-58f431c5cf0a-GrpcLogAppender: appendEntries Timeout, request=08c3c9a3-c92b-48ae-803a-081cb99550ef->2565157f-9642-4f7c-bd15-58f431c5cf0a#58-t1, previous=(t:1, i:11), leaderCommit=6, initializing? false, entries: <empty>
2019-09-16 17:24:24,832 [java.util.concurrent.ThreadPoolExecutor$Worker@1fc26504[State = -1, empty queue]] WARN  server.GrpcLogAppender (GrpcLogAppender.java:timeoutAppendRequest(200)) - 08c3c9a3-c92b-48ae-803a-081cb99550ef@group-4C49021CB2BC->a5d3a44e-87a4-4ffe-bd57-d4dea2700ae7-GrpcLogAppender: appendEntries Timeout, request=08c3c9a3-c92b-48ae-803a-081cb99550ef->a5d3a44e-87a4-4ffe-bd57-d4dea2700ae7#58-t1, previous=(t:1, i:11), leaderCommit=6, initializing? false, entries: <empty>
2019-09-16 17:24:26,869 [org.apache.ratis.server.impl.LogAppender$AppenderDaemon$$Lambda$485/1974557644@507e2707] ERROR ratis.XceiverServerRatis (XceiverServerRatis.java:triggerPipelineClose(568)) - pipeline Action CLOSE  on pipeline PipelineID=73746d72-b06f-4f49-8943-4c49021cb2bc.Reason : 08c3c9a3-c92b-48ae-803a-081cb99550ef has not seen follower/s 2565157f-9642-4f7c-bd15-58f431c5cf0a for 120344ms a5d3a44e-87a4-4ffe-bd57-d4dea2700ae7 for 120347ms
2019-09-16 17:24:26,869 [org.apache.ratis.server.impl.LogAppender$AppenderDaemon$$Lambda$485/1974557644@69468c94] ERROR ratis.XceiverServerRatis (XceiverServerRatis.java:triggerPipelineClose(568)) - pipeline Action CLOSE  on pipeline PipelineID=73746d72-b06f-4f49-8943-4c49021cb2bc.Reason : 08c3c9a3-c92b-48ae-803a-081cb99550ef has not seen follower/s 2565157f-9642-4f7c-bd15-58f431c5cf0a for 120344ms a5d3a44e-87a4-4ffe-bd57-d4dea2700ae7 for 120347ms
2019-09-16 17:24:26,891 [a5d3a44e-87a4-4ffe-bd57-d4dea2700ae7@group-4C49021CB2BC-SegmentedRaftLogWorker] WARN  segmented.SegmentedRaftLogWorker (SegmentedRaftLogWorker.java:getFromFuture(90)) - Timeout 11/~
org.apache.ratis.protocol.TimeoutIOException: Timeout 10s: WriteLog:8: (t:1, i:8), STATEMACHINELOGENTRY, client-D2AC5C2F5119, cid=17-writeStateMachineData
	at org.apache.ratis.util.IOUtils.getFromFuture(IOUtils.java:87)
	at org.apache.ratis.server.raftlog.segmented.SegmentedRaftLogWorker$StateMachineDataPolicy.getFromFuture(SegmentedRaftLogWorker.java:87)
	at org.apache.ratis.server.raftlog.segmented.SegmentedRaftLogWorker$WriteLog.execute(SegmentedRaftLogWorker.java:477)
	at org.apache.ratis.server.raftlog.segmented.SegmentedRaftLogWorker.run(SegmentedRaftLogWorker.java:289)
	at java.lang.Thread.run(Thread.java:748)
Caused by: java.util.concurrent.TimeoutException
	at java.util.concurrent.CompletableFuture.timedGet(CompletableFuture.java:1771)
	at java.util.concurrent.CompletableFuture.get(CompletableFuture.java:1915)
	at org.apache.ratis.util.IOUtils.getFromFuture(IOUtils.java:79)
	... 4 more
2019-09-16 17:24:26,921 [EventQueue-PipelineActionsForPipelineActionHandler] ERROR pipeline.PipelineActionHandler (PipelineActionHandler.java:onMessage(60)) - Received pipeline action CLOSE for Pipeline[ Id: 73746d72-b06f-4f49-8943-4c49021cb2bc, Nodes: a5d3a44e-87a4-4ffe-bd57-d4dea2700ae7{ip: 192.168.151.75, host: pr-hdds-2114-2x2fm-437316914, networkLocation: /default-rack, certSerialId: null}08c3c9a3-c92b-48ae-803a-081cb99550ef{ip: 192.168.151.75, host: pr-hdds-2114-2x2fm-437316914, networkLocation: /default-rack, certSerialId: null}2565157f-9642-4f7c-bd15-58f431c5cf0a{ip: 192.168.151.75, host: pr-hdds-2114-2x2fm-437316914, networkLocation: /default-rack, certSerialId: null}, Type:RATIS, Factor:THREE, State:OPEN] from datanode 08c3c9a3-c92b-48ae-803a-081cb99550ef{ip: 192.168.151.75, host: pr-hdds-2114-2x2fm-437316914, networkLocation: /default-rack, certSerialId: null}. Reason : 08c3c9a3-c92b-48ae-803a-081cb99550ef has not seen follower/s 2565157f-9642-4f7c-bd15-58f431c5cf0a for 120344ms a5d3a44e-87a4-4ffe-bd57-d4dea2700ae7 for 120347ms
2019-09-16 17:24:26,921 [EventQueue-PipelineActionsForPipelineActionHandler] INFO  pipeline.SCMPipelineManager (SCMPipelineManager.java:finalizeAndDestroyPipeline(311)) - destroying pipeline:Pipeline[ Id: 73746d72-b06f-4f49-8943-4c49021cb2bc, Nodes: a5d3a44e-87a4-4ffe-bd57-d4dea2700ae7{ip: 192.168.151.75, host: pr-hdds-2114-2x2fm-437316914, networkLocation: /default-rack, certSerialId: null}08c3c9a3-c92b-48ae-803a-081cb99550ef{ip: 192.168.151.75, host: pr-hdds-2114-2x2fm-437316914, networkLocation: /default-rack, certSerialId: null}2565157f-9642-4f7c-bd15-58f431c5cf0a{ip: 192.168.151.75, host: pr-hdds-2114-2x2fm-437316914, networkLocation: /default-rack, certSerialId: null}, Type:RATIS, Factor:THREE, State:OPEN]
2019-09-16 17:24:26,922 [2565157f-9642-4f7c-bd15-58f431c5cf0a@group-4C49021CB2BC-SegmentedRaftLogWorker] WARN  segmented.SegmentedRaftLogWorker (SegmentedRaftLogWorker.java:getFromFuture(90)) - Timeout 11/~
org.apache.ratis.protocol.TimeoutIOException: Timeout 10s: WriteLog:8: (t:1, i:8), STATEMACHINELOGENTRY, client-D2AC5C2F5119, cid=17-writeStateMachineData
	at org.apache.ratis.util.IOUtils.getFromFuture(IOUtils.java:87)
	at org.apache.ratis.server.raftlog.segmented.SegmentedRaftLogWorker$StateMachineDataPolicy.getFromFuture(SegmentedRaftLogWorker.java:87)
	at org.apache.ratis.server.raftlog.segmented.SegmentedRaftLogWorker$WriteLog.execute(SegmentedRaftLogWorker.java:477)
	at org.apache.ratis.server.raftlog.segmented.SegmentedRaftLogWorker.run(SegmentedRaftLogWorker.java:289)
	at java.lang.Thread.run(Thread.java:748)
Caused by: java.util.concurrent.TimeoutException
	at java.util.concurrent.CompletableFuture.timedGet(CompletableFuture.java:1771)
	at java.util.concurrent.CompletableFuture.get(CompletableFuture.java:1915)
	at org.apache.ratis.util.IOUtils.getFromFuture(IOUtils.java:79)
	... 4 more
2019-09-16 17:24:26,925 [EventQueue-PipelineActionsForPipelineActionHandler] INFO  pipeline.PipelineStateManager (PipelineStateManager.java:finalizePipeline(123)) - Pipeline Pipeline[ Id: 73746d72-b06f-4f49-8943-4c49021cb2bc, Nodes: a5d3a44e-87a4-4ffe-bd57-d4dea2700ae7{ip: 192.168.151.75, host: pr-hdds-2114-2x2fm-437316914, networkLocation: /default-rack, certSerialId: null}08c3c9a3-c92b-48ae-803a-081cb99550ef{ip: 192.168.151.75, host: pr-hdds-2114-2x2fm-437316914, networkLocation: /default-rack, certSerialId: null}2565157f-9642-4f7c-bd15-58f431c5cf0a{ip: 192.168.151.75, host: pr-hdds-2114-2x2fm-437316914, networkLocation: /default-rack, certSerialId: null}, Type:RATIS, Factor:THREE, State:CLOSED] moved to CLOSED state
2019-09-16 17:24:26,925 [08c3c9a3-c92b-48ae-803a-081cb99550ef@group-4C49021CB2BC-SegmentedRaftLogWorker] WARN  segmented.SegmentedRaftLogWorker (SegmentedRaftLogWorker.java:getFromFuture(90)) - Timeout 11/~
org.apache.ratis.protocol.TimeoutIOException: Timeout 10s: WriteLog:8: (t:1, i:8), STATEMACHINELOGENTRY, client-D2AC5C2F5119, cid=17-writeStateMachineData
	at org.apache.ratis.util.IOUtils.getFromFuture(IOUtils.java:87)
	at org.apache.ratis.server.raftlog.segmented.SegmentedRaftLogWorker$StateMachineDataPolicy.getFromFuture(SegmentedRaftLogWorker.java:87)
	at org.apache.ratis.server.raftlog.segmented.SegmentedRaftLogWorker$WriteLog.execute(SegmentedRaftLogWorker.java:477)
	at org.apache.ratis.server.raftlog.segmented.SegmentedRaftLogWorker.run(SegmentedRaftLogWorker.java:289)
	at java.lang.Thread.run(Thread.java:748)
Caused by: java.util.concurrent.TimeoutException
	at java.util.concurrent.CompletableFuture.timedGet(CompletableFuture.java:1771)
	at java.util.concurrent.CompletableFuture.get(CompletableFuture.java:1915)
	at org.apache.ratis.util.IOUtils.getFromFuture(IOUtils.java:79)
	... 4 more
2019-09-16 17:24:26,930 [EventQueue-CloseContainerForCloseContainerEventHandler] INFO  container.CloseContainerEventHandler (CloseContainerEventHandler.java:onMessage(61)) - Close container Event triggered for container : #1
2019-09-16 17:24:26,938 [EventQueue-CloseContainerForCloseContainerEventHandler] INFO  container.CloseContainerEventHandler (CloseContainerEventHandler.java:onMessage(61)) - Close container Event triggered for container : #2
2019-09-16 17:24:27,334 [java.util.concurrent.ThreadPoolExecutor$Worker@ff8e043[State = -1, empty queue]] WARN  server.GrpcLogAppender (GrpcLogAppender.java:timeoutAppendRequest(200)) - 08c3c9a3-c92b-48ae-803a-081cb99550ef@group-4C49021CB2BC->2565157f-9642-4f7c-bd15-58f431c5cf0a-GrpcLogAppender: appendEntries Timeout, request=08c3c9a3-c92b-48ae-803a-081cb99550ef->2565157f-9642-4f7c-bd15-58f431c5cf0a#59-t1, previous=(t:1, i:11), leaderCommit=6, initializing? false, entries: <empty>
2019-09-16 17:24:27,334 [java.util.concurrent.ThreadPoolExecutor$Worker@1fc26504[State = -1, empty queue]] WARN  server.GrpcLogAppender (GrpcLogAppender.java:timeoutAppendRequest(200)) - 08c3c9a3-c92b-48ae-803a-081cb99550ef@group-4C49021CB2BC->a5d3a44e-87a4-4ffe-bd57-d4dea2700ae7-GrpcLogAppender: appendEntries Timeout, request=08c3c9a3-c92b-48ae-803a-081cb99550ef->a5d3a44e-87a4-4ffe-bd57-d4dea2700ae7#59-t1, previous=(t:1, i:11), leaderCommit=6, initializing? false, entries: <empty>
2019-09-16 17:24:28,352 [grpc-default-executor-3] INFO  client.GrpcClientProtocolClient (GrpcClientProtocolClient.java:onNext(264)) - client-D2AC5C2F5119->2565157f-9642-4f7c-bd15-58f431c5cf0a: receive RaftClientReply:client-D2AC5C2F5119->2565157f-9642-4f7c-bd15-58f431c5cf0a@group-4C49021CB2BC, cid=16, FAILED org.apache.ratis.protocol.NotLeaderException: Server 2565157f-9642-4f7c-bd15-58f431c5cf0a@group-4C49021CB2BC is not the leader 08c3c9a3-c92b-48ae-803a-081cb99550ef:192.168.151.75:43991, logIndex=0, commits[2565157f-9642-4f7c-bd15-58f431c5cf0a:c6, a5d3a44e-87a4-4ffe-bd57-d4dea2700ae7:c4, 08c3c9a3-c92b-48ae-803a-081cb99550ef:c6]
2019-09-16 17:24:28,944 [org.apache.ratis.server.impl.LogAppender$AppenderDaemon$$Lambda$485/1974557644@507e2707] ERROR ratis.XceiverServerRatis (XceiverServerRatis.java:triggerPipelineClose(568)) - pipeline Action CLOSE  on pipeline PipelineID=73746d72-b06f-4f49-8943-4c49021cb2bc.Reason : 08c3c9a3-c92b-48ae-803a-081cb99550ef has not seen follower/s 2565157f-9642-4f7c-bd15-58f431c5cf0a for 122436ms a5d3a44e-87a4-4ffe-bd57-d4dea2700ae7 for 122436ms
2019-09-16 17:24:28,944 [org.apache.ratis.server.impl.LogAppender$AppenderDaemon$$Lambda$485/1974557644@69468c94] ERROR ratis.XceiverServerRatis (XceiverServerRatis.java:triggerPipelineClose(568)) - pipeline Action CLOSE  on pipeline PipelineID=73746d72-b06f-4f49-8943-4c49021cb2bc.Reason : 08c3c9a3-c92b-48ae-803a-081cb99550ef has not seen follower/s 2565157f-9642-4f7c-bd15-58f431c5cf0a for 122436ms a5d3a44e-87a4-4ffe-bd57-d4dea2700ae7 for 122436ms
2019-09-16 17:24:29,835 [java.util.concurrent.ThreadPoolExecutor$Worker@1fc26504[State = -1, empty queue]] WARN  server.GrpcLogAppender (GrpcLogAppender.java:timeoutAppendRequest(200)) - 08c3c9a3-c92b-48ae-803a-081cb99550ef@group-4C49021CB2BC->a5d3a44e-87a4-4ffe-bd57-d4dea2700ae7-GrpcLogAppender: appendEntries Timeout, request=08c3c9a3-c92b-48ae-803a-081cb99550ef->a5d3a44e-87a4-4ffe-bd57-d4dea2700ae7#60-t1, previous=(t:1, i:11), leaderCommit=6, initializing? false, entries: <empty>
2019-09-16 17:24:29,835 [java.util.concurrent.ThreadPoolExecutor$Worker@ff8e043[State = -1, empty queue]] WARN  server.GrpcLogAppender (GrpcLogAppender.java:timeoutAppendRequest(200)) - 08c3c9a3-c92b-48ae-803a-081cb99550ef@group-4C49021CB2BC->2565157f-9642-4f7c-bd15-58f431c5cf0a-GrpcLogAppender: appendEntries Timeout, request=08c3c9a3-c92b-48ae-803a-081cb99550ef->2565157f-9642-4f7c-bd15-58f431c5cf0a#60-t1, previous=(t:1, i:11), leaderCommit=6, initializing? false, entries: <empty>
2019-09-16 17:24:29,943 [EventQueue-PipelineActionsForPipelineActionHandler] ERROR pipeline.PipelineActionHandler (PipelineActionHandler.java:onMessage(60)) - Received pipeline action CLOSE for Pipeline[ Id: 73746d72-b06f-4f49-8943-4c49021cb2bc, Nodes: a5d3a44e-87a4-4ffe-bd57-d4dea2700ae7{ip: 192.168.151.75, host: pr-hdds-2114-2x2fm-437316914, networkLocation: /default-rack, certSerialId: null}08c3c9a3-c92b-48ae-803a-081cb99550ef{ip: 192.168.151.75, host: pr-hdds-2114-2x2fm-437316914, networkLocation: /default-rack, certSerialId: null}2565157f-9642-4f7c-bd15-58f431c5cf0a{ip: 192.168.151.75, host: pr-hdds-2114-2x2fm-437316914, networkLocation: /default-rack, certSerialId: null}, Type:RATIS, Factor:THREE, State:CLOSED] from datanode 08c3c9a3-c92b-48ae-803a-081cb99550ef{ip: 192.168.151.75, host: pr-hdds-2114-2x2fm-437316914, networkLocation: /default-rack, certSerialId: null}. Reason : 08c3c9a3-c92b-48ae-803a-081cb99550ef has not seen follower/s 2565157f-9642-4f7c-bd15-58f431c5cf0a for 122436ms a5d3a44e-87a4-4ffe-bd57-d4dea2700ae7 for 122436ms
2019-09-16 17:24:29,944 [EventQueue-PipelineActionsForPipelineActionHandler] INFO  pipeline.SCMPipelineManager (SCMPipelineManager.java:finalizeAndDestroyPipeline(311)) - destroying pipeline:Pipeline[ Id: 73746d72-b06f-4f49-8943-4c49021cb2bc, Nodes: a5d3a44e-87a4-4ffe-bd57-d4dea2700ae7{ip: 192.168.151.75, host: pr-hdds-2114-2x2fm-437316914, networkLocation: /default-rack, certSerialId: null}08c3c9a3-c92b-48ae-803a-081cb99550ef{ip: 192.168.151.75, host: pr-hdds-2114-2x2fm-437316914, networkLocation: /default-rack, certSerialId: null}2565157f-9642-4f7c-bd15-58f431c5cf0a{ip: 192.168.151.75, host: pr-hdds-2114-2x2fm-437316914, networkLocation: /default-rack, certSerialId: null}, Type:RATIS, Factor:THREE, State:CLOSED]
2019-09-16 17:24:31,445 [org.apache.ratis.server.impl.LogAppender$AppenderDaemon$$Lambda$485/1974557644@69468c94] ERROR ratis.XceiverServerRatis (XceiverServerRatis.java:triggerPipelineClose(568)) - pipeline Action CLOSE  on pipeline PipelineID=73746d72-b06f-4f49-8943-4c49021cb2bc.Reason : 08c3c9a3-c92b-48ae-803a-081cb99550ef has not seen follower/s 2565157f-9642-4f7c-bd15-58f431c5cf0a for 124936ms a5d3a44e-87a4-4ffe-bd57-d4dea2700ae7 for 124937ms
2019-09-16 17:24:31,447 [org.apache.ratis.server.impl.LogAppender$AppenderDaemon$$Lambda$485/1974557644@507e2707] ERROR ratis.XceiverServerRatis (XceiverServerRatis.java:triggerPipelineClose(568)) - pipeline Action CLOSE  on pipeline PipelineID=73746d72-b06f-4f49-8943-4c49021cb2bc.Reason : 08c3c9a3-c92b-48ae-803a-081cb99550ef has not seen follower/s 2565157f-9642-4f7c-bd15-58f431c5cf0a for 124937ms a5d3a44e-87a4-4ffe-bd57-d4dea2700ae7 for 124937ms
2019-09-16 17:24:31,943 [EventQueue-PipelineActionsForPipelineActionHandler] ERROR pipeline.PipelineActionHandler (PipelineActionHandler.java:onMessage(60)) - Received pipeline action CLOSE for Pipeline[ Id: 73746d72-b06f-4f49-8943-4c49021cb2bc, Nodes: a5d3a44e-87a4-4ffe-bd57-d4dea2700ae7{ip: 192.168.151.75, host: pr-hdds-2114-2x2fm-437316914, networkLocation: /default-rack, certSerialId: null}08c3c9a3-c92b-48ae-803a-081cb99550ef{ip: 192.168.151.75, host: pr-hdds-2114-2x2fm-437316914, networkLocation: /default-rack, certSerialId: null}2565157f-9642-4f7c-bd15-58f431c5cf0a{ip: 192.168.151.75, host: pr-hdds-2114-2x2fm-437316914, networkLocation: /default-rack, certSerialId: null}, Type:RATIS, Factor:THREE, State:CLOSED] from datanode 08c3c9a3-c92b-48ae-803a-081cb99550ef{ip: 192.168.151.75, host: pr-hdds-2114-2x2fm-437316914, networkLocation: /default-rack, certSerialId: null}. Reason : 08c3c9a3-c92b-48ae-803a-081cb99550ef has not seen follower/s 2565157f-9642-4f7c-bd15-58f431c5cf0a for 124936ms a5d3a44e-87a4-4ffe-bd57-d4dea2700ae7 for 124937ms
2019-09-16 17:24:31,944 [EventQueue-PipelineActionsForPipelineActionHandler] INFO  pipeline.SCMPipelineManager (SCMPipelineManager.java:finalizeAndDestroyPipeline(311)) - destroying pipeline:Pipeline[ Id: 73746d72-b06f-4f49-8943-4c49021cb2bc, Nodes: a5d3a44e-87a4-4ffe-bd57-d4dea2700ae7{ip: 192.168.151.75, host: pr-hdds-2114-2x2fm-437316914, networkLocation: /default-rack, certSerialId: null}08c3c9a3-c92b-48ae-803a-081cb99550ef{ip: 192.168.151.75, host: pr-hdds-2114-2x2fm-437316914, networkLocation: /default-rack, certSerialId: null}2565157f-9642-4f7c-bd15-58f431c5cf0a{ip: 192.168.151.75, host: pr-hdds-2114-2x2fm-437316914, networkLocation: /default-rack, certSerialId: null}, Type:RATIS, Factor:THREE, State:CLOSED]
2019-09-16 17:24:31,944 [java.util.concurrent.ThreadPoolExecutor$Worker@ff8e043[State = -1, empty queue]] WARN  server.GrpcLogAppender (GrpcLogAppender.java:timeoutAppendRequest(200)) - 08c3c9a3-c92b-48ae-803a-081cb99550ef@group-4C49021CB2BC->2565157f-9642-4f7c-bd15-58f431c5cf0a-GrpcLogAppender: appendEntries Timeout, request=08c3c9a3-c92b-48ae-803a-081cb99550ef->2565157f-9642-4f7c-bd15-58f431c5cf0a#61-t1, previous=(t:1, i:11), leaderCommit=6, initializing? false, entries: size=1, first=(t:1, i:12), STATEMACHINELOGENTRY, client-6E66CC40FD42, cid=1
2019-09-16 17:24:31,944 [java.util.concurrent.ThreadPoolExecutor$Worker@1fc26504[State = -1, empty queue]] WARN  server.GrpcLogAppender (GrpcLogAppender.java:timeoutAppendRequest(200)) - 08c3c9a3-c92b-48ae-803a-081cb99550ef@group-4C49021CB2BC->a5d3a44e-87a4-4ffe-bd57-d4dea2700ae7-GrpcLogAppender: appendEntries Timeout, request=08c3c9a3-c92b-48ae-803a-081cb99550ef->a5d3a44e-87a4-4ffe-bd57-d4dea2700ae7#61-t1, previous=(t:1, i:11), leaderCommit=6, initializing? false, entries: size=1, first=(t:1, i:12), STATEMACHINELOGENTRY, client-6E66CC40FD42, cid=1
2019-09-16 17:24:33,415 [grpc-default-executor-0] INFO  client.GrpcClientProtocolClient (GrpcClientProtocolClient.java:onNext(264)) - client-D2AC5C2F5119->a5d3a44e-87a4-4ffe-bd57-d4dea2700ae7: receive RaftClientReply:client-D2AC5C2F5119->a5d3a44e-87a4-4ffe-bd57-d4dea2700ae7@group-4C49021CB2BC, cid=16, FAILED org.apache.ratis.protocol.NotLeaderException: Server a5d3a44e-87a4-4ffe-bd57-d4dea2700ae7@group-4C49021CB2BC is not the leader 08c3c9a3-c92b-48ae-803a-081cb99550ef:192.168.151.75:43991, logIndex=0, commits[a5d3a44e-87a4-4ffe-bd57-d4dea2700ae7:c6, 2565157f-9642-4f7c-bd15-58f431c5cf0a:c4, 08c3c9a3-c92b-48ae-803a-081cb99550ef:c6]
2019-09-16 17:24:33,945 [org.apache.ratis.server.impl.LogAppender$AppenderDaemon$$Lambda$485/1974557644@69468c94] ERROR ratis.XceiverServerRatis (XceiverServerRatis.java:triggerPipelineClose(568)) - pipeline Action CLOSE  on pipeline PipelineID=73746d72-b06f-4f49-8943-4c49021cb2bc.Reason : 08c3c9a3-c92b-48ae-803a-081cb99550ef has not seen follower/s 2565157f-9642-4f7c-bd15-58f431c5cf0a for 127437ms a5d3a44e-87a4-4ffe-bd57-d4dea2700ae7 for 127437ms
2019-09-16 17:24:33,949 [org.apache.ratis.server.impl.LogAppender$AppenderDaemon$$Lambda$485/1974557644@507e2707] ERROR ratis.XceiverServerRatis (XceiverServerRatis.java:triggerPipelineClose(568)) - pipeline Action CLOSE  on pipeline PipelineID=73746d72-b06f-4f49-8943-4c49021cb2bc.Reason : 08c3c9a3-c92b-48ae-803a-081cb99550ef has not seen follower/s 2565157f-9642-4f7c-bd15-58f431c5cf0a for 127441ms a5d3a44e-87a4-4ffe-bd57-d4dea2700ae7 for 127441ms
2019-09-16 17:24:34,444 [java.util.concurrent.ThreadPoolExecutor$Worker@1fc26504[State = -1, empty queue]] WARN  server.GrpcLogAppender (GrpcLogAppender.java:timeoutAppendRequest(200)) - 08c3c9a3-c92b-48ae-803a-081cb99550ef@group-4C49021CB2BC->a5d3a44e-87a4-4ffe-bd57-d4dea2700ae7-GrpcLogAppender: appendEntries Timeout, request=08c3c9a3-c92b-48ae-803a-081cb99550ef->a5d3a44e-87a4-4ffe-bd57-d4dea2700ae7#62-t1, previous=(t:1, i:12), leaderCommit=6, initializing? false, entries: <empty>
2019-09-16 17:24:34,445 [java.util.concurrent.ThreadPoolExecutor$Worker@ff8e043[State = -1, empty queue]] WARN  server.GrpcLogAppender (GrpcLogAppender.java:timeoutAppendRequest(200)) - 08c3c9a3-c92b-48ae-803a-081cb99550ef@group-4C49021CB2BC->2565157f-9642-4f7c-bd15-58f431c5cf0a-GrpcLogAppender: appendEntries Timeout, request=08c3c9a3-c92b-48ae-803a-081cb99550ef->2565157f-9642-4f7c-bd15-58f431c5cf0a#62-t1, previous=(t:1, i:12), leaderCommit=6, initializing? false, entries: <empty>
2019-09-16 17:24:34,944 [EventQueue-PipelineActionsForPipelineActionHandler] ERROR pipeline.PipelineActionHandler (PipelineActionHandler.java:onMessage(60)) - Received pipeline action CLOSE for Pipeline[ Id: 73746d72-b06f-4f49-8943-4c49021cb2bc, Nodes: a5d3a44e-87a4-4ffe-bd57-d4dea2700ae7{ip: 192.168.151.75, host: pr-hdds-2114-2x2fm-437316914, networkLocation: /default-rack, certSerialId: null}08c3c9a3-c92b-48ae-803a-081cb99550ef{ip: 192.168.151.75, host: pr-hdds-2114-2x2fm-437316914, networkLocation: /default-rack, certSerialId: null}2565157f-9642-4f7c-bd15-58f431c5cf0a{ip: 192.168.151.75, host: pr-hdds-2114-2x2fm-437316914, networkLocation: /default-rack, certSerialId: null}, Type:RATIS, Factor:THREE, State:CLOSED] from datanode 08c3c9a3-c92b-48ae-803a-081cb99550ef{ip: 192.168.151.75, host: pr-hdds-2114-2x2fm-437316914, networkLocation: /default-rack, certSerialId: null}. Reason : 08c3c9a3-c92b-48ae-803a-081cb99550ef has not seen follower/s 2565157f-9642-4f7c-bd15-58f431c5cf0a for 127437ms a5d3a44e-87a4-4ffe-bd57-d4dea2700ae7 for 127437ms
2019-09-16 17:24:34,945 [EventQueue-PipelineActionsForPipelineActionHandler] INFO  pipeline.SCMPipelineManager (SCMPipelineManager.java:finalizeAndDestroyPipeline(311)) - destroying pipeline:Pipeline[ Id: 73746d72-b06f-4f49-8943-4c49021cb2bc, Nodes: a5d3a44e-87a4-4ffe-bd57-d4dea2700ae7{ip: 192.168.151.75, host: pr-hdds-2114-2x2fm-437316914, networkLocation: /default-rack, certSerialId: null}08c3c9a3-c92b-48ae-803a-081cb99550ef{ip: 192.168.151.75, host: pr-hdds-2114-2x2fm-437316914, networkLocation: /default-rack, certSerialId: null}2565157f-9642-4f7c-bd15-58f431c5cf0a{ip: 192.168.151.75, host: pr-hdds-2114-2x2fm-437316914, networkLocation: /default-rack, certSerialId: null}, Type:RATIS, Factor:THREE, State:CLOSED]
2019-09-16 17:24:36,447 [org.apache.ratis.server.impl.LogAppender$AppenderDaemon$$Lambda$485/1974557644@69468c94] ERROR ratis.XceiverServerRatis (XceiverServerRatis.java:triggerPipelineClose(568)) - pipeline Action CLOSE  on pipeline PipelineID=73746d72-b06f-4f49-8943-4c49021cb2bc.Reason : 08c3c9a3-c92b-48ae-803a-081cb99550ef has not seen follower/s 2565157f-9642-4f7c-bd15-58f431c5cf0a for 129939ms a5d3a44e-87a4-4ffe-bd57-d4dea2700ae7 for 129939ms
2019-09-16 17:24:36,450 [org.apache.ratis.server.impl.LogAppender$AppenderDaemon$$Lambda$485/1974557644@507e2707] ERROR ratis.XceiverServerRatis (XceiverServerRatis.java:triggerPipelineClose(568)) - pipeline Action CLOSE  on pipeline PipelineID=73746d72-b06f-4f49-8943-4c49021cb2bc.Reason : 08c3c9a3-c92b-48ae-803a-081cb99550ef has not seen follower/s 2565157f-9642-4f7c-bd15-58f431c5cf0a for 129942ms a5d3a44e-87a4-4ffe-bd57-d4dea2700ae7 for 129942ms
2019-09-16 17:24:36,895 [a5d3a44e-87a4-4ffe-bd57-d4dea2700ae7@group-4C49021CB2BC-SegmentedRaftLogWorker] WARN  segmented.SegmentedRaftLogWorker (SegmentedRaftLogWorker.java:getFromFuture(90)) - Timeout 12/~
org.apache.ratis.protocol.TimeoutIOException: Timeout 10s: WriteLog:8: (t:1, i:8), STATEMACHINELOGENTRY, client-D2AC5C2F5119, cid=17-writeStateMachineData
	at org.apache.ratis.util.IOUtils.getFromFuture(IOUtils.java:87)
	at org.apache.ratis.server.raftlog.segmented.SegmentedRaftLogWorker$StateMachineDataPolicy.getFromFuture(SegmentedRaftLogWorker.java:87)
	at org.apache.ratis.server.raftlog.segmented.SegmentedRaftLogWorker$WriteLog.execute(SegmentedRaftLogWorker.java:477)
	at org.apache.ratis.server.raftlog.segmented.SegmentedRaftLogWorker.run(SegmentedRaftLogWorker.java:289)
	at java.lang.Thread.run(Thread.java:748)
Caused by: java.util.concurrent.TimeoutException
	at java.util.concurrent.CompletableFuture.timedGet(CompletableFuture.java:1771)
	at java.util.concurrent.CompletableFuture.get(CompletableFuture.java:1915)
	at org.apache.ratis.util.IOUtils.getFromFuture(IOUtils.java:79)
	... 4 more
2019-09-16 17:24:36,925 [2565157f-9642-4f7c-bd15-58f431c5cf0a@group-4C49021CB2BC-SegmentedRaftLogWorker] WARN  segmented.SegmentedRaftLogWorker (SegmentedRaftLogWorker.java:getFromFuture(90)) - Timeout 12/~
org.apache.ratis.protocol.TimeoutIOException: Timeout 10s: WriteLog:8: (t:1, i:8), STATEMACHINELOGENTRY, client-D2AC5C2F5119, cid=17-writeStateMachineData
	at org.apache.ratis.util.IOUtils.getFromFuture(IOUtils.java:87)
	at org.apache.ratis.server.raftlog.segmented.SegmentedRaftLogWorker$StateMachineDataPolicy.getFromFuture(SegmentedRaftLogWorker.java:87)
	at org.apache.ratis.server.raftlog.segmented.SegmentedRaftLogWorker$WriteLog.execute(SegmentedRaftLogWorker.java:477)
	at org.apache.ratis.server.raftlog.segmented.SegmentedRaftLogWorker.run(SegmentedRaftLogWorker.java:289)
	at java.lang.Thread.run(Thread.java:748)
Caused by: java.util.concurrent.TimeoutException
	at java.util.concurrent.CompletableFuture.timedGet(CompletableFuture.java:1771)
	at java.util.concurrent.CompletableFuture.get(CompletableFuture.java:1915)
	at org.apache.ratis.util.IOUtils.getFromFuture(IOUtils.java:79)
	... 4 more
2019-09-16 17:24:36,930 [08c3c9a3-c92b-48ae-803a-081cb99550ef@group-4C49021CB2BC-SegmentedRaftLogWorker] WARN  segmented.SegmentedRaftLogWorker (SegmentedRaftLogWorker.java:getFromFuture(90)) - Timeout 12/~
org.apache.ratis.protocol.TimeoutIOException: Timeout 10s: WriteLog:8: (t:1, i:8), STATEMACHINELOGENTRY, client-D2AC5C2F5119, cid=17-writeStateMachineData
	at org.apache.ratis.util.IOUtils.getFromFuture(IOUtils.java:87)
	at org.apache.ratis.server.raftlog.segmented.SegmentedRaftLogWorker$StateMachineDataPolicy.getFromFuture(SegmentedRaftLogWorker.java:87)
	at org.apache.ratis.server.raftlog.segmented.SegmentedRaftLogWorker$WriteLog.execute(SegmentedRaftLogWorker.java:477)
	at org.apache.ratis.server.raftlog.segmented.SegmentedRaftLogWorker.run(SegmentedRaftLogWorker.java:289)
	at java.lang.Thread.run(Thread.java:748)
Caused by: java.util.concurrent.TimeoutException
	at java.util.concurrent.CompletableFuture.timedGet(CompletableFuture.java:1771)
	at java.util.concurrent.CompletableFuture.get(CompletableFuture.java:1915)
	at org.apache.ratis.util.IOUtils.getFromFuture(IOUtils.java:79)
	... 4 more
2019-09-16 17:24:36,944 [EventQueue-PipelineActionsForPipelineActionHandler] ERROR pipeline.PipelineActionHandler (PipelineActionHandler.java:onMessage(60)) - Received pipeline action CLOSE for Pipeline[ Id: 73746d72-b06f-4f49-8943-4c49021cb2bc, Nodes: a5d3a44e-87a4-4ffe-bd57-d4dea2700ae7{ip: 192.168.151.75, host: pr-hdds-2114-2x2fm-437316914, networkLocation: /default-rack, certSerialId: null}08c3c9a3-c92b-48ae-803a-081cb99550ef{ip: 192.168.151.75, host: pr-hdds-2114-2x2fm-437316914, networkLocation: /default-rack, certSerialId: null}2565157f-9642-4f7c-bd15-58f431c5cf0a{ip: 192.168.151.75, host: pr-hdds-2114-2x2fm-437316914, networkLocation: /default-rack, certSerialId: null}, Type:RATIS, Factor:THREE, State:CLOSED] from datanode 08c3c9a3-c92b-48ae-803a-081cb99550ef{ip: 192.168.151.75, host: pr-hdds-2114-2x2fm-437316914, networkLocation: /default-rack, certSerialId: null}. Reason : 08c3c9a3-c92b-48ae-803a-081cb99550ef has not seen follower/s 2565157f-9642-4f7c-bd15-58f431c5cf0a for 129939ms a5d3a44e-87a4-4ffe-bd57-d4dea2700ae7 for 129939ms
2019-09-16 17:24:36,945 [EventQueue-PipelineActionsForPipelineActionHandler] INFO  pipeline.SCMPipelineManager (SCMPipelineManager.java:finalizeAndDestroyPipeline(311)) - destroying pipeline:Pipeline[ Id: 73746d72-b06f-4f49-8943-4c49021cb2bc, Nodes: a5d3a44e-87a4-4ffe-bd57-d4dea2700ae7{ip: 192.168.151.75, host: pr-hdds-2114-2x2fm-437316914, networkLocation: /default-rack, certSerialId: null}08c3c9a3-c92b-48ae-803a-081cb99550ef{ip: 192.168.151.75, host: pr-hdds-2114-2x2fm-437316914, networkLocation: /default-rack, certSerialId: null}2565157f-9642-4f7c-bd15-58f431c5cf0a{ip: 192.168.151.75, host: pr-hdds-2114-2x2fm-437316914, networkLocation: /default-rack, certSerialId: null}, Type:RATIS, Factor:THREE, State:CLOSED]
2019-09-16 17:24:36,945 [java.util.concurrent.ThreadPoolExecutor$Worker@1fc26504[State = -1, empty queue]] WARN  server.GrpcLogAppender (GrpcLogAppender.java:timeoutAppendRequest(200)) - 08c3c9a3-c92b-48ae-803a-081cb99550ef@group-4C49021CB2BC->a5d3a44e-87a4-4ffe-bd57-d4dea2700ae7-GrpcLogAppender: appendEntries Timeout, request=08c3c9a3-c92b-48ae-803a-081cb99550ef->a5d3a44e-87a4-4ffe-bd57-d4dea2700ae7#63-t1, previous=(t:1, i:12), leaderCommit=6, initializing? false, entries: <empty>
2019-09-16 17:24:36,949 [java.util.concurrent.ThreadPoolExecutor$Worker@ff8e043[State = -1, empty queue]] WARN  server.GrpcLogAppender (GrpcLogAppender.java:timeoutAppendRequest(200)) - 08c3c9a3-c92b-48ae-803a-081cb99550ef@group-4C49021CB2BC->2565157f-9642-4f7c-bd15-58f431c5cf0a-GrpcLogAppender: appendEntries Timeout, request=08c3c9a3-c92b-48ae-803a-081cb99550ef->2565157f-9642-4f7c-bd15-58f431c5cf0a#63-t1, previous=(t:1, i:12), leaderCommit=6, initializing? false, entries: <empty>
2019-09-16 17:24:38,463 [grpc-default-executor-3] INFO  client.GrpcClientProtocolClient (GrpcClientProtocolClient.java:onNext(264)) - client-D2AC5C2F5119->a5d3a44e-87a4-4ffe-bd57-d4dea2700ae7: receive RaftClientReply:client-D2AC5C2F5119->a5d3a44e-87a4-4ffe-bd57-d4dea2700ae7@group-4C49021CB2BC, cid=16, FAILED org.apache.ratis.protocol.NotLeaderException: Server a5d3a44e-87a4-4ffe-bd57-d4dea2700ae7@group-4C49021CB2BC is not the leader 08c3c9a3-c92b-48ae-803a-081cb99550ef:192.168.151.75:43991, logIndex=0, commits[a5d3a44e-87a4-4ffe-bd57-d4dea2700ae7:c6, 2565157f-9642-4f7c-bd15-58f431c5cf0a:c4, 08c3c9a3-c92b-48ae-803a-081cb99550ef:c6]
2019-09-16 17:24:38,948 [org.apache.ratis.server.impl.LogAppender$AppenderDaemon$$Lambda$485/1974557644@69468c94] ERROR ratis.XceiverServerRatis (XceiverServerRatis.java:triggerPipelineClose(568)) - pipeline Action CLOSE  on pipeline PipelineID=73746d72-b06f-4f49-8943-4c49021cb2bc.Reason : 08c3c9a3-c92b-48ae-803a-081cb99550ef has not seen follower/s 2565157f-9642-4f7c-bd15-58f431c5cf0a for 132440ms a5d3a44e-87a4-4ffe-bd57-d4dea2700ae7 for 132440ms
2019-09-16 17:24:38,951 [org.apache.ratis.server.impl.LogAppender$AppenderDaemon$$Lambda$485/1974557644@507e2707] ERROR ratis.XceiverServerRatis (XceiverServerRatis.java:triggerPipelineClose(568)) - pipeline Action CLOSE  on pipeline PipelineID=73746d72-b06f-4f49-8943-4c49021cb2bc.Reason : 08c3c9a3-c92b-48ae-803a-081cb99550ef has not seen follower/s 2565157f-9642-4f7c-bd15-58f431c5cf0a for 132443ms a5d3a44e-87a4-4ffe-bd57-d4dea2700ae7 for 132443ms
2019-09-16 17:24:39,447 [java.util.concurrent.ThreadPoolExecutor$Worker@1fc26504[State = -1, empty queue]] WARN  server.GrpcLogAppender (GrpcLogAppender.java:timeoutAppendRequest(200)) - 08c3c9a3-c92b-48ae-803a-081cb99550ef@group-4C49021CB2BC->a5d3a44e-87a4-4ffe-bd57-d4dea2700ae7-GrpcLogAppender: appendEntries Timeout, request=08c3c9a3-c92b-48ae-803a-081cb99550ef->a5d3a44e-87a4-4ffe-bd57-d4dea2700ae7#64-t1, previous=(t:1, i:12), leaderCommit=6, initializing? false, entries: <empty>
2019-09-16 17:24:39,450 [java.util.concurrent.ThreadPoolExecutor$Worker@ff8e043[State = -1, empty queue]] WARN  server.GrpcLogAppender (GrpcLogAppender.java:timeoutAppendRequest(200)) - 08c3c9a3-c92b-48ae-803a-081cb99550ef@group-4C49021CB2BC->2565157f-9642-4f7c-bd15-58f431c5cf0a-GrpcLogAppender: appendEntries Timeout, request=08c3c9a3-c92b-48ae-803a-081cb99550ef->2565157f-9642-4f7c-bd15-58f431c5cf0a#64-t1, previous=(t:1, i:12), leaderCommit=6, initializing? false, entries: <empty>
2019-09-16 17:24:39,945 [EventQueue-PipelineActionsForPipelineActionHandler] ERROR pipeline.PipelineActionHandler (PipelineActionHandler.java:onMessage(60)) - Received pipeline action CLOSE for Pipeline[ Id: 73746d72-b06f-4f49-8943-4c49021cb2bc, Nodes: a5d3a44e-87a4-4ffe-bd57-d4dea2700ae7{ip: 192.168.151.75, host: pr-hdds-2114-2x2fm-437316914, networkLocation: /default-rack, certSerialId: null}08c3c9a3-c92b-48ae-803a-081cb99550ef{ip: 192.168.151.75, host: pr-hdds-2114-2x2fm-437316914, networkLocation: /default-rack, certSerialId: null}2565157f-9642-4f7c-bd15-58f431c5cf0a{ip: 192.168.151.75, host: pr-hdds-2114-2x2fm-437316914, networkLocation: /default-rack, certSerialId: null}, Type:RATIS, Factor:THREE, State:CLOSED] from datanode 08c3c9a3-c92b-48ae-803a-081cb99550ef{ip: 192.168.151.75, host: pr-hdds-2114-2x2fm-437316914, networkLocation: /default-rack, certSerialId: null}. Reason : 08c3c9a3-c92b-48ae-803a-081cb99550ef has not seen follower/s 2565157f-9642-4f7c-bd15-58f431c5cf0a for 132440ms a5d3a44e-87a4-4ffe-bd57-d4dea2700ae7 for 132440ms
2019-09-16 17:24:39,945 [EventQueue-PipelineActionsForPipelineActionHandler] INFO  pipeline.SCMPipelineManager (SCMPipelineManager.java:finalizeAndDestroyPipeline(311)) - destroying pipeline:Pipeline[ Id: 73746d72-b06f-4f49-8943-4c49021cb2bc, Nodes: a5d3a44e-87a4-4ffe-bd57-d4dea2700ae7{ip: 192.168.151.75, host: pr-hdds-2114-2x2fm-437316914, networkLocation: /default-rack, certSerialId: null}08c3c9a3-c92b-48ae-803a-081cb99550ef{ip: 192.168.151.75, host: pr-hdds-2114-2x2fm-437316914, networkLocation: /default-rack, certSerialId: null}2565157f-9642-4f7c-bd15-58f431c5cf0a{ip: 192.168.151.75, host: pr-hdds-2114-2x2fm-437316914, networkLocation: /default-rack, certSerialId: null}, Type:RATIS, Factor:THREE, State:CLOSED]
2019-09-16 17:24:41,449 [org.apache.ratis.server.impl.LogAppender$AppenderDaemon$$Lambda$485/1974557644@69468c94] ERROR ratis.XceiverServerRatis (XceiverServerRatis.java:triggerPipelineClose(568)) - pipeline Action CLOSE  on pipeline PipelineID=73746d72-b06f-4f49-8943-4c49021cb2bc.Reason : 08c3c9a3-c92b-48ae-803a-081cb99550ef has not seen follower/s 2565157f-9642-4f7c-bd15-58f431c5cf0a for 134941ms a5d3a44e-87a4-4ffe-bd57-d4dea2700ae7 for 134941ms
2019-09-16 17:24:41,452 [org.apache.ratis.server.impl.LogAppender$AppenderDaemon$$Lambda$485/1974557644@507e2707] ERROR ratis.XceiverServerRatis (XceiverServerRatis.java:triggerPipelineClose(568)) - pipeline Action CLOSE  on pipeline PipelineID=73746d72-b06f-4f49-8943-4c49021cb2bc.Reason : 08c3c9a3-c92b-48ae-803a-081cb99550ef has not seen follower/s 2565157f-9642-4f7c-bd15-58f431c5cf0a for 134944ms a5d3a44e-87a4-4ffe-bd57-d4dea2700ae7 for 134944ms
2019-09-16 17:24:41,945 [EventQueue-PipelineActionsForPipelineActionHandler] ERROR pipeline.PipelineActionHandler (PipelineActionHandler.java:onMessage(60)) - Received pipeline action CLOSE for Pipeline[ Id: 73746d72-b06f-4f49-8943-4c49021cb2bc, Nodes: a5d3a44e-87a4-4ffe-bd57-d4dea2700ae7{ip: 192.168.151.75, host: pr-hdds-2114-2x2fm-437316914, networkLocation: /default-rack, certSerialId: null}08c3c9a3-c92b-48ae-803a-081cb99550ef{ip: 192.168.151.75, host: pr-hdds-2114-2x2fm-437316914, networkLocation: /default-rack, certSerialId: null}2565157f-9642-4f7c-bd15-58f431c5cf0a{ip: 192.168.151.75, host: pr-hdds-2114-2x2fm-437316914, networkLocation: /default-rack, certSerialId: null}, Type:RATIS, Factor:THREE, State:CLOSED] from datanode 08c3c9a3-c92b-48ae-803a-081cb99550ef{ip: 192.168.151.75, host: pr-hdds-2114-2x2fm-437316914, networkLocation: /default-rack, certSerialId: null}. Reason : 08c3c9a3-c92b-48ae-803a-081cb99550ef has not seen follower/s 2565157f-9642-4f7c-bd15-58f431c5cf0a for 134941ms a5d3a44e-87a4-4ffe-bd57-d4dea2700ae7 for 134941ms
2019-09-16 17:24:41,946 [EventQueue-PipelineActionsForPipelineActionHandler] INFO  pipeline.SCMPipelineManager (SCMPipelineManager.java:finalizeAndDestroyPipeline(311)) - destroying pipeline:Pipeline[ Id: 73746d72-b06f-4f49-8943-4c49021cb2bc, Nodes: a5d3a44e-87a4-4ffe-bd57-d4dea2700ae7{ip: 192.168.151.75, host: pr-hdds-2114-2x2fm-437316914, networkLocation: /default-rack, certSerialId: null}08c3c9a3-c92b-48ae-803a-081cb99550ef{ip: 192.168.151.75, host: pr-hdds-2114-2x2fm-437316914, networkLocation: /default-rack, certSerialId: null}2565157f-9642-4f7c-bd15-58f431c5cf0a{ip: 192.168.151.75, host: pr-hdds-2114-2x2fm-437316914, networkLocation: /default-rack, certSerialId: null}, Type:RATIS, Factor:THREE, State:CLOSED]
2019-09-16 17:24:41,948 [java.util.concurrent.ThreadPoolExecutor$Worker@1fc26504[State = -1, empty queue]] WARN  server.GrpcLogAppender (GrpcLogAppender.java:timeoutAppendRequest(200)) - 08c3c9a3-c92b-48ae-803a-081cb99550ef@group-4C49021CB2BC->a5d3a44e-87a4-4ffe-bd57-d4dea2700ae7-GrpcLogAppender: appendEntries Timeout, request=08c3c9a3-c92b-48ae-803a-081cb99550ef->a5d3a44e-87a4-4ffe-bd57-d4dea2700ae7#65-t1, previous=(t:1, i:12), leaderCommit=6, initializing? false, entries: <empty>
2019-09-16 17:24:41,951 [java.util.concurrent.ThreadPoolExecutor$Worker@ff8e043[State = -1, empty queue]] WARN  server.GrpcLogAppender (GrpcLogAppender.java:timeoutAppendRequest(200)) - 08c3c9a3-c92b-48ae-803a-081cb99550ef@group-4C49021CB2BC->2565157f-9642-4f7c-bd15-58f431c5cf0a-GrpcLogAppender: appendEntries Timeout, request=08c3c9a3-c92b-48ae-803a-081cb99550ef->2565157f-9642-4f7c-bd15-58f431c5cf0a#65-t1, previous=(t:1, i:12), leaderCommit=6, initializing? false, entries: <empty>
2019-09-16 17:24:43,505 [grpc-default-executor-3] INFO  client.GrpcClientProtocolClient (GrpcClientProtocolClient.java:onNext(264)) - client-D2AC5C2F5119->2565157f-9642-4f7c-bd15-58f431c5cf0a: receive RaftClientReply:client-D2AC5C2F5119->2565157f-9642-4f7c-bd15-58f431c5cf0a@group-4C49021CB2BC, cid=16, FAILED org.apache.ratis.protocol.NotLeaderException: Server 2565157f-9642-4f7c-bd15-58f431c5cf0a@group-4C49021CB2BC is not the leader 08c3c9a3-c92b-48ae-803a-081cb99550ef:192.168.151.75:43991, logIndex=0, commits[2565157f-9642-4f7c-bd15-58f431c5cf0a:c6, a5d3a44e-87a4-4ffe-bd57-d4dea2700ae7:c4, 08c3c9a3-c92b-48ae-803a-081cb99550ef:c6]
2019-09-16 17:24:43,950 [org.apache.ratis.server.impl.LogAppender$AppenderDaemon$$Lambda$485/1974557644@69468c94] ERROR ratis.XceiverServerRatis (XceiverServerRatis.java:triggerPipelineClose(568)) - pipeline Action CLOSE  on pipeline PipelineID=73746d72-b06f-4f49-8943-4c49021cb2bc.Reason : 08c3c9a3-c92b-48ae-803a-081cb99550ef has not seen follower/s 2565157f-9642-4f7c-bd15-58f431c5cf0a for 137442ms a5d3a44e-87a4-4ffe-bd57-d4dea2700ae7 for 137442ms
2019-09-16 17:24:43,953 [org.apache.ratis.server.impl.LogAppender$AppenderDaemon$$Lambda$485/1974557644@507e2707] ERROR ratis.XceiverServerRatis (XceiverServerRatis.java:triggerPipelineClose(568)) - pipeline Action CLOSE  on pipeline PipelineID=73746d72-b06f-4f49-8943-4c49021cb2bc.Reason : 08c3c9a3-c92b-48ae-803a-081cb99550ef has not seen follower/s 2565157f-9642-4f7c-bd15-58f431c5cf0a for 137445ms a5d3a44e-87a4-4ffe-bd57-d4dea2700ae7 for 137445ms
2019-09-16 17:24:44,449 [java.util.concurrent.ThreadPoolExecutor$Worker@1fc26504[State = -1, empty queue]] WARN  server.GrpcLogAppender (GrpcLogAppender.java:timeoutAppendRequest(200)) - 08c3c9a3-c92b-48ae-803a-081cb99550ef@group-4C49021CB2BC->a5d3a44e-87a4-4ffe-bd57-d4dea2700ae7-GrpcLogAppender: appendEntries Timeout, request=08c3c9a3-c92b-48ae-803a-081cb99550ef->a5d3a44e-87a4-4ffe-bd57-d4dea2700ae7#66-t1, previous=(t:1, i:12), leaderCommit=6, initializing? false, entries: <empty>
2019-09-16 17:24:44,452 [java.util.concurrent.ThreadPoolExecutor$Worker@ff8e043[State = -1, empty queue]] WARN  server.GrpcLogAppender (GrpcLogAppender.java:timeoutAppendRequest(200)) - 08c3c9a3-c92b-48ae-803a-081cb99550ef@group-4C49021CB2BC->2565157f-9642-4f7c-bd15-58f431c5cf0a-GrpcLogAppender: appendEntries Timeout, request=08c3c9a3-c92b-48ae-803a-081cb99550ef->2565157f-9642-4f7c-bd15-58f431c5cf0a#66-t1, previous=(t:1, i:12), leaderCommit=6, initializing? false, entries: <empty>
2019-09-16 17:24:44,945 [EventQueue-PipelineActionsForPipelineActionHandler] ERROR pipeline.PipelineActionHandler (PipelineActionHandler.java:onMessage(60)) - Received pipeline action CLOSE for Pipeline[ Id: 73746d72-b06f-4f49-8943-4c49021cb2bc, Nodes: a5d3a44e-87a4-4ffe-bd57-d4dea2700ae7{ip: 192.168.151.75, host: pr-hdds-2114-2x2fm-437316914, networkLocation: /default-rack, certSerialId: null}08c3c9a3-c92b-48ae-803a-081cb99550ef{ip: 192.168.151.75, host: pr-hdds-2114-2x2fm-437316914, networkLocation: /default-rack, certSerialId: null}2565157f-9642-4f7c-bd15-58f431c5cf0a{ip: 192.168.151.75, host: pr-hdds-2114-2x2fm-437316914, networkLocation: /default-rack, certSerialId: null}, Type:RATIS, Factor:THREE, State:CLOSED] from datanode 08c3c9a3-c92b-48ae-803a-081cb99550ef{ip: 192.168.151.75, host: pr-hdds-2114-2x2fm-437316914, networkLocation: /default-rack, certSerialId: null}. Reason : 08c3c9a3-c92b-48ae-803a-081cb99550ef has not seen follower/s 2565157f-9642-4f7c-bd15-58f431c5cf0a for 137442ms a5d3a44e-87a4-4ffe-bd57-d4dea2700ae7 for 137442ms
2019-09-16 17:24:44,946 [EventQueue-PipelineActionsForPipelineActionHandler] INFO  pipeline.SCMPipelineManager (SCMPipelineManager.java:finalizeAndDestroyPipeline(311)) - destroying pipeline:Pipeline[ Id: 73746d72-b06f-4f49-8943-4c49021cb2bc, Nodes: a5d3a44e-87a4-4ffe-bd57-d4dea2700ae7{ip: 192.168.151.75, host: pr-hdds-2114-2x2fm-437316914, networkLocation: /default-rack, certSerialId: null}08c3c9a3-c92b-48ae-803a-081cb99550ef{ip: 192.168.151.75, host: pr-hdds-2114-2x2fm-437316914, networkLocation: /default-rack, certSerialId: null}2565157f-9642-4f7c-bd15-58f431c5cf0a{ip: 192.168.151.75, host: pr-hdds-2114-2x2fm-437316914, networkLocation: /default-rack, certSerialId: null}, Type:RATIS, Factor:THREE, State:CLOSED]
2019-09-16 17:24:46,450 [org.apache.ratis.server.impl.LogAppender$AppenderDaemon$$Lambda$485/1974557644@69468c94] ERROR ratis.XceiverServerRatis (XceiverServerRatis.java:triggerPipelineClose(568)) - pipeline Action CLOSE  on pipeline PipelineID=73746d72-b06f-4f49-8943-4c49021cb2bc.Reason : 08c3c9a3-c92b-48ae-803a-081cb99550ef has not seen follower/s 2565157f-9642-4f7c-bd15-58f431c5cf0a for 139942ms a5d3a44e-87a4-4ffe-bd57-d4dea2700ae7 for 139943ms
2019-09-16 17:24:46,454 [org.apache.ratis.server.impl.LogAppender$AppenderDaemon$$Lambda$485/1974557644@507e2707] ERROR ratis.XceiverServerRatis (XceiverServerRatis.java:triggerPipelineClose(568)) - pipeline Action CLOSE  on pipeline PipelineID=73746d72-b06f-4f49-8943-4c49021cb2bc.Reason : 08c3c9a3-c92b-48ae-803a-081cb99550ef has not seen follower/s 2565157f-9642-4f7c-bd15-58f431c5cf0a for 139946ms a5d3a44e-87a4-4ffe-bd57-d4dea2700ae7 for 139946ms
2019-09-16 17:24:46,896 [a5d3a44e-87a4-4ffe-bd57-d4dea2700ae7@group-4C49021CB2BC-SegmentedRaftLogWorker] WARN  segmented.SegmentedRaftLogWorker (SegmentedRaftLogWorker.java:getFromFuture(90)) - Timeout 13/~
org.apache.ratis.protocol.TimeoutIOException: Timeout 10s: WriteLog:8: (t:1, i:8), STATEMACHINELOGENTRY, client-D2AC5C2F5119, cid=17-writeStateMachineData
	at org.apache.ratis.util.IOUtils.getFromFuture(IOUtils.java:87)
	at org.apache.ratis.server.raftlog.segmented.SegmentedRaftLogWorker$StateMachineDataPolicy.getFromFuture(SegmentedRaftLogWorker.java:87)
	at org.apache.ratis.server.raftlog.segmented.SegmentedRaftLogWorker$WriteLog.execute(SegmentedRaftLogWorker.java:477)
	at org.apache.ratis.server.raftlog.segmented.SegmentedRaftLogWorker.run(SegmentedRaftLogWorker.java:289)
	at java.lang.Thread.run(Thread.java:748)
Caused by: java.util.concurrent.TimeoutException
	at java.util.concurrent.CompletableFuture.timedGet(CompletableFuture.java:1771)
	at java.util.concurrent.CompletableFuture.get(CompletableFuture.java:1915)
	at org.apache.ratis.util.IOUtils.getFromFuture(IOUtils.java:79)
	... 4 more
2019-09-16 17:24:46,926 [2565157f-9642-4f7c-bd15-58f431c5cf0a@group-4C49021CB2BC-SegmentedRaftLogWorker] WARN  segmented.SegmentedRaftLogWorker (SegmentedRaftLogWorker.java:getFromFuture(90)) - Timeout 13/~
org.apache.ratis.protocol.TimeoutIOException: Timeout 10s: WriteLog:8: (t:1, i:8), STATEMACHINELOGENTRY, client-D2AC5C2F5119, cid=17-writeStateMachineData
	at org.apache.ratis.util.IOUtils.getFromFuture(IOUtils.java:87)
	at org.apache.ratis.server.raftlog.segmented.SegmentedRaftLogWorker$StateMachineDataPolicy.getFromFuture(SegmentedRaftLogWorker.java:87)
	at org.apache.ratis.server.raftlog.segmented.SegmentedRaftLogWorker$WriteLog.execute(SegmentedRaftLogWorker.java:477)
	at org.apache.ratis.server.raftlog.segmented.SegmentedRaftLogWorker.run(SegmentedRaftLogWorker.java:289)
	at java.lang.Thread.run(Thread.java:748)
Caused by: java.util.concurrent.TimeoutException
	at java.util.concurrent.CompletableFuture.timedGet(CompletableFuture.java:1771)
	at java.util.concurrent.CompletableFuture.get(CompletableFuture.java:1915)
	at org.apache.ratis.util.IOUtils.getFromFuture(IOUtils.java:79)
	... 4 more
2019-09-16 17:24:46,931 [08c3c9a3-c92b-48ae-803a-081cb99550ef@group-4C49021CB2BC-SegmentedRaftLogWorker] WARN  segmented.SegmentedRaftLogWorker (SegmentedRaftLogWorker.java:getFromFuture(90)) - Timeout 13/~
org.apache.ratis.protocol.TimeoutIOException: Timeout 10s: WriteLog:8: (t:1, i:8), STATEMACHINELOGENTRY, client-D2AC5C2F5119, cid=17-writeStateMachineData
	at org.apache.ratis.util.IOUtils.getFromFuture(IOUtils.java:87)
	at org.apache.ratis.server.raftlog.segmented.SegmentedRaftLogWorker$StateMachineDataPolicy.getFromFuture(SegmentedRaftLogWorker.java:87)
	at org.apache.ratis.server.raftlog.segmented.SegmentedRaftLogWorker$WriteLog.execute(SegmentedRaftLogWorker.java:477)
	at org.apache.ratis.server.raftlog.segmented.SegmentedRaftLogWorker.run(SegmentedRaftLogWorker.java:289)
	at java.lang.Thread.run(Thread.java:748)
Caused by: java.util.concurrent.TimeoutException
	at java.util.concurrent.CompletableFuture.timedGet(CompletableFuture.java:1771)
	at java.util.concurrent.CompletableFuture.get(CompletableFuture.java:1915)
	at org.apache.ratis.util.IOUtils.getFromFuture(IOUtils.java:79)
	... 4 more
2019-09-16 17:24:46,946 [EventQueue-PipelineActionsForPipelineActionHandler] ERROR pipeline.PipelineActionHandler (PipelineActionHandler.java:onMessage(60)) - Received pipeline action CLOSE for Pipeline[ Id: 73746d72-b06f-4f49-8943-4c49021cb2bc, Nodes: a5d3a44e-87a4-4ffe-bd57-d4dea2700ae7{ip: 192.168.151.75, host: pr-hdds-2114-2x2fm-437316914, networkLocation: /default-rack, certSerialId: null}08c3c9a3-c92b-48ae-803a-081cb99550ef{ip: 192.168.151.75, host: pr-hdds-2114-2x2fm-437316914, networkLocation: /default-rack, certSerialId: null}2565157f-9642-4f7c-bd15-58f431c5cf0a{ip: 192.168.151.75, host: pr-hdds-2114-2x2fm-437316914, networkLocation: /default-rack, certSerialId: null}, Type:RATIS, Factor:THREE, State:CLOSED] from datanode 08c3c9a3-c92b-48ae-803a-081cb99550ef{ip: 192.168.151.75, host: pr-hdds-2114-2x2fm-437316914, networkLocation: /default-rack, certSerialId: null}. Reason : 08c3c9a3-c92b-48ae-803a-081cb99550ef has not seen follower/s 2565157f-9642-4f7c-bd15-58f431c5cf0a for 139942ms a5d3a44e-87a4-4ffe-bd57-d4dea2700ae7 for 139943ms
2019-09-16 17:24:46,946 [EventQueue-PipelineActionsForPipelineActionHandler] INFO  pipeline.SCMPipelineManager (SCMPipelineManager.java:finalizeAndDestroyPipeline(311)) - destroying pipeline:Pipeline[ Id: 73746d72-b06f-4f49-8943-4c49021cb2bc, Nodes: a5d3a44e-87a4-4ffe-bd57-d4dea2700ae7{ip: 192.168.151.75, host: pr-hdds-2114-2x2fm-437316914, networkLocation: /default-rack, certSerialId: null}08c3c9a3-c92b-48ae-803a-081cb99550ef{ip: 192.168.151.75, host: pr-hdds-2114-2x2fm-437316914, networkLocation: /default-rack, certSerialId: null}2565157f-9642-4f7c-bd15-58f431c5cf0a{ip: 192.168.151.75, host: pr-hdds-2114-2x2fm-437316914, networkLocation: /default-rack, certSerialId: null}, Type:RATIS, Factor:THREE, State:CLOSED]
2019-09-16 17:24:46,950 [java.util.concurrent.ThreadPoolExecutor$Worker@1fc26504[State = -1, empty queue]] WARN  server.GrpcLogAppender (GrpcLogAppender.java:timeoutAppendRequest(200)) - 08c3c9a3-c92b-48ae-803a-081cb99550ef@group-4C49021CB2BC->a5d3a44e-87a4-4ffe-bd57-d4dea2700ae7-GrpcLogAppender: appendEntries Timeout, request=08c3c9a3-c92b-48ae-803a-081cb99550ef->a5d3a44e-87a4-4ffe-bd57-d4dea2700ae7#67-t1, previous=(t:1, i:12), leaderCommit=6, initializing? false, entries: <empty>
2019-09-16 17:24:46,953 [java.util.concurrent.ThreadPoolExecutor$Worker@ff8e043[State = -1, empty queue]] WARN  server.GrpcLogAppender (GrpcLogAppender.java:timeoutAppendRequest(200)) - 08c3c9a3-c92b-48ae-803a-081cb99550ef@group-4C49021CB2BC->2565157f-9642-4f7c-bd15-58f431c5cf0a-GrpcLogAppender: appendEntries Timeout, request=08c3c9a3-c92b-48ae-803a-081cb99550ef->2565157f-9642-4f7c-bd15-58f431c5cf0a#67-t1, previous=(t:1, i:12), leaderCommit=6, initializing? false, entries: <empty>
2019-09-16 17:24:48,571 [grpc-default-executor-3] INFO  client.GrpcClientProtocolClient (GrpcClientProtocolClient.java:onNext(264)) - client-D2AC5C2F5119->2565157f-9642-4f7c-bd15-58f431c5cf0a: receive RaftClientReply:client-D2AC5C2F5119->2565157f-9642-4f7c-bd15-58f431c5cf0a@group-4C49021CB2BC, cid=16, FAILED org.apache.ratis.protocol.NotLeaderException: Server 2565157f-9642-4f7c-bd15-58f431c5cf0a@group-4C49021CB2BC is not the leader 08c3c9a3-c92b-48ae-803a-081cb99550ef:192.168.151.75:43991, logIndex=0, commits[2565157f-9642-4f7c-bd15-58f431c5cf0a:c6, a5d3a44e-87a4-4ffe-bd57-d4dea2700ae7:c4, 08c3c9a3-c92b-48ae-803a-081cb99550ef:c6]
2019-09-16 17:24:48,952 [org.apache.ratis.server.impl.LogAppender$AppenderDaemon$$Lambda$485/1974557644@69468c94] ERROR ratis.XceiverServerRatis (XceiverServerRatis.java:triggerPipelineClose(568)) - pipeline Action CLOSE  on pipeline PipelineID=73746d72-b06f-4f49-8943-4c49021cb2bc.Reason : 08c3c9a3-c92b-48ae-803a-081cb99550ef has not seen follower/s 2565157f-9642-4f7c-bd15-58f431c5cf0a for 142444ms a5d3a44e-87a4-4ffe-bd57-d4dea2700ae7 for 142444ms
2019-09-16 17:24:48,954 [org.apache.ratis.server.impl.LogAppender$AppenderDaemon$$Lambda$485/1974557644@507e2707] ERROR ratis.XceiverServerRatis (XceiverServerRatis.java:triggerPipelineClose(568)) - pipeline Action CLOSE  on pipeline PipelineID=73746d72-b06f-4f49-8943-4c49021cb2bc.Reason : 08c3c9a3-c92b-48ae-803a-081cb99550ef has not seen follower/s 2565157f-9642-4f7c-bd15-58f431c5cf0a for 142447ms a5d3a44e-87a4-4ffe-bd57-d4dea2700ae7 for 142447ms
2019-09-16 17:24:49,451 [java.util.concurrent.ThreadPoolExecutor$Worker@1fc26504[State = -1, empty queue]] WARN  server.GrpcLogAppender (GrpcLogAppender.java:timeoutAppendRequest(200)) - 08c3c9a3-c92b-48ae-803a-081cb99550ef@group-4C49021CB2BC->a5d3a44e-87a4-4ffe-bd57-d4dea2700ae7-GrpcLogAppender: appendEntries Timeout, request=08c3c9a3-c92b-48ae-803a-081cb99550ef->a5d3a44e-87a4-4ffe-bd57-d4dea2700ae7#68-t1, previous=(t:1, i:12), leaderCommit=6, initializing? false, entries: <empty>
2019-09-16 17:24:49,454 [java.util.concurrent.ThreadPoolExecutor$Worker@ff8e043[State = -1, empty queue]] WARN  server.GrpcLogAppender (GrpcLogAppender.java:timeoutAppendRequest(200)) - 08c3c9a3-c92b-48ae-803a-081cb99550ef@group-4C49021CB2BC->2565157f-9642-4f7c-bd15-58f431c5cf0a-GrpcLogAppender: appendEntries Timeout, request=08c3c9a3-c92b-48ae-803a-081cb99550ef->2565157f-9642-4f7c-bd15-58f431c5cf0a#68-t1, previous=(t:1, i:12), leaderCommit=6, initializing? false, entries: <empty>
2019-09-16 17:24:49,946 [EventQueue-PipelineActionsForPipelineActionHandler] ERROR pipeline.PipelineActionHandler (PipelineActionHandler.java:onMessage(60)) - Received pipeline action CLOSE for Pipeline[ Id: 73746d72-b06f-4f49-8943-4c49021cb2bc, Nodes: a5d3a44e-87a4-4ffe-bd57-d4dea2700ae7{ip: 192.168.151.75, host: pr-hdds-2114-2x2fm-437316914, networkLocation: /default-rack, certSerialId: null}08c3c9a3-c92b-48ae-803a-081cb99550ef{ip: 192.168.151.75, host: pr-hdds-2114-2x2fm-437316914, networkLocation: /default-rack, certSerialId: null}2565157f-9642-4f7c-bd15-58f431c5cf0a{ip: 192.168.151.75, host: pr-hdds-2114-2x2fm-437316914, networkLocation: /default-rack, certSerialId: null}, Type:RATIS, Factor:THREE, State:CLOSED] from datanode 08c3c9a3-c92b-48ae-803a-081cb99550ef{ip: 192.168.151.75, host: pr-hdds-2114-2x2fm-437316914, networkLocation: /default-rack, certSerialId: null}. Reason : 08c3c9a3-c92b-48ae-803a-081cb99550ef has not seen follower/s 2565157f-9642-4f7c-bd15-58f431c5cf0a for 142444ms a5d3a44e-87a4-4ffe-bd57-d4dea2700ae7 for 142444ms
2019-09-16 17:24:49,947 [EventQueue-PipelineActionsForPipelineActionHandler] INFO  pipeline.SCMPipelineManager (SCMPipelineManager.java:finalizeAndDestroyPipeline(311)) - destroying pipeline:Pipeline[ Id: 73746d72-b06f-4f49-8943-4c49021cb2bc, Nodes: a5d3a44e-87a4-4ffe-bd57-d4dea2700ae7{ip: 192.168.151.75, host: pr-hdds-2114-2x2fm-437316914, networkLocation: /default-rack, certSerialId: null}08c3c9a3-c92b-48ae-803a-081cb99550ef{ip: 192.168.151.75, host: pr-hdds-2114-2x2fm-437316914, networkLocation: /default-rack, certSerialId: null}2565157f-9642-4f7c-bd15-58f431c5cf0a{ip: 192.168.151.75, host: pr-hdds-2114-2x2fm-437316914, networkLocation: /default-rack, certSerialId: null}, Type:RATIS, Factor:THREE, State:CLOSED]
2019-09-16 17:24:51,454 [org.apache.ratis.server.impl.LogAppender$AppenderDaemon$$Lambda$485/1974557644@69468c94] ERROR ratis.XceiverServerRatis (XceiverServerRatis.java:triggerPipelineClose(568)) - pipeline Action CLOSE  on pipeline PipelineID=73746d72-b06f-4f49-8943-4c49021cb2bc.Reason : 08c3c9a3-c92b-48ae-803a-081cb99550ef has not seen follower/s 2565157f-9642-4f7c-bd15-58f431c5cf0a for 144946ms a5d3a44e-87a4-4ffe-bd57-d4dea2700ae7 for 144946ms
2019-09-16 17:24:51,469 [org.apache.ratis.server.impl.LogAppender$AppenderDaemon$$Lambda$485/1974557644@507e2707] ERROR ratis.XceiverServerRatis (XceiverServerRatis.java:triggerPipelineClose(568)) - pipeline Action CLOSE  on pipeline PipelineID=73746d72-b06f-4f49-8943-4c49021cb2bc.Reason : 08c3c9a3-c92b-48ae-803a-081cb99550ef has not seen follower/s 2565157f-9642-4f7c-bd15-58f431c5cf0a for 144961ms a5d3a44e-87a4-4ffe-bd57-d4dea2700ae7 for 144961ms
2019-09-16 17:24:51,948 [EventQueue-PipelineActionsForPipelineActionHandler] ERROR pipeline.PipelineActionHandler (PipelineActionHandler.java:onMessage(60)) - Received pipeline action CLOSE for Pipeline[ Id: 73746d72-b06f-4f49-8943-4c49021cb2bc, Nodes: a5d3a44e-87a4-4ffe-bd57-d4dea2700ae7{ip: 192.168.151.75, host: pr-hdds-2114-2x2fm-437316914, networkLocation: /default-rack, certSerialId: null}08c3c9a3-c92b-48ae-803a-081cb99550ef{ip: 192.168.151.75, host: pr-hdds-2114-2x2fm-437316914, networkLocation: /default-rack, certSerialId: null}2565157f-9642-4f7c-bd15-58f431c5cf0a{ip: 192.168.151.75, host: pr-hdds-2114-2x2fm-437316914, networkLocation: /default-rack, certSerialId: null}, Type:RATIS, Factor:THREE, State:CLOSED] from datanode 08c3c9a3-c92b-48ae-803a-081cb99550ef{ip: 192.168.151.75, host: pr-hdds-2114-2x2fm-437316914, networkLocation: /default-rack, certSerialId: null}. Reason : 08c3c9a3-c92b-48ae-803a-081cb99550ef has not seen follower/s 2565157f-9642-4f7c-bd15-58f431c5cf0a for 144946ms a5d3a44e-87a4-4ffe-bd57-d4dea2700ae7 for 144946ms
2019-09-16 17:24:51,949 [EventQueue-PipelineActionsForPipelineActionHandler] INFO  pipeline.SCMPipelineManager (SCMPipelineManager.java:finalizeAndDestroyPipeline(311)) - destroying pipeline:Pipeline[ Id: 73746d72-b06f-4f49-8943-4c49021cb2bc, Nodes: a5d3a44e-87a4-4ffe-bd57-d4dea2700ae7{ip: 192.168.151.75, host: pr-hdds-2114-2x2fm-437316914, networkLocation: /default-rack, certSerialId: null}08c3c9a3-c92b-48ae-803a-081cb99550ef{ip: 192.168.151.75, host: pr-hdds-2114-2x2fm-437316914, networkLocation: /default-rack, certSerialId: null}2565157f-9642-4f7c-bd15-58f431c5cf0a{ip: 192.168.151.75, host: pr-hdds-2114-2x2fm-437316914, networkLocation: /default-rack, certSerialId: null}, Type:RATIS, Factor:THREE, State:CLOSED]
2019-09-16 17:24:51,952 [java.util.concurrent.ThreadPoolExecutor$Worker@1fc26504[State = -1, empty queue]] WARN  server.GrpcLogAppender (GrpcLogAppender.java:timeoutAppendRequest(200)) - 08c3c9a3-c92b-48ae-803a-081cb99550ef@group-4C49021CB2BC->a5d3a44e-87a4-4ffe-bd57-d4dea2700ae7-GrpcLogAppender: appendEntries Timeout, request=08c3c9a3-c92b-48ae-803a-081cb99550ef->a5d3a44e-87a4-4ffe-bd57-d4dea2700ae7#69-t1, previous=(t:1, i:12), leaderCommit=6, initializing? false, entries: <empty>
2019-09-16 17:24:51,955 [java.util.concurrent.ThreadPoolExecutor$Worker@ff8e043[State = -1, empty queue]] WARN  server.GrpcLogAppender (GrpcLogAppender.java:timeoutAppendRequest(200)) - 08c3c9a3-c92b-48ae-803a-081cb99550ef@group-4C49021CB2BC->2565157f-9642-4f7c-bd15-58f431c5cf0a-GrpcLogAppender: appendEntries Timeout, request=08c3c9a3-c92b-48ae-803a-081cb99550ef->2565157f-9642-4f7c-bd15-58f431c5cf0a#69-t1, previous=(t:1, i:12), leaderCommit=6, initializing? false, entries: <empty>
2019-09-16 17:24:53,661 [grpc-default-executor-3] INFO  client.GrpcClientProtocolClient (GrpcClientProtocolClient.java:onNext(264)) - client-D2AC5C2F5119->a5d3a44e-87a4-4ffe-bd57-d4dea2700ae7: receive RaftClientReply:client-D2AC5C2F5119->a5d3a44e-87a4-4ffe-bd57-d4dea2700ae7@group-4C49021CB2BC, cid=16, FAILED org.apache.ratis.protocol.NotLeaderException: Server a5d3a44e-87a4-4ffe-bd57-d4dea2700ae7@group-4C49021CB2BC is not the leader 08c3c9a3-c92b-48ae-803a-081cb99550ef:192.168.151.75:43991, logIndex=0, commits[a5d3a44e-87a4-4ffe-bd57-d4dea2700ae7:c6, 2565157f-9642-4f7c-bd15-58f431c5cf0a:c4, 08c3c9a3-c92b-48ae-803a-081cb99550ef:c6]
2019-09-16 17:24:53,955 [org.apache.ratis.server.impl.LogAppender$AppenderDaemon$$Lambda$485/1974557644@69468c94] ERROR ratis.XceiverServerRatis (XceiverServerRatis.java:triggerPipelineClose(568)) - pipeline Action CLOSE  on pipeline PipelineID=73746d72-b06f-4f49-8943-4c49021cb2bc.Reason : 08c3c9a3-c92b-48ae-803a-081cb99550ef has not seen follower/s 2565157f-9642-4f7c-bd15-58f431c5cf0a for 147446ms a5d3a44e-87a4-4ffe-bd57-d4dea2700ae7 for 147447ms
2019-09-16 17:24:53,971 [org.apache.ratis.server.impl.LogAppender$AppenderDaemon$$Lambda$485/1974557644@507e2707] ERROR ratis.XceiverServerRatis (XceiverServerRatis.java:triggerPipelineClose(568)) - pipeline Action CLOSE  on pipeline PipelineID=73746d72-b06f-4f49-8943-4c49021cb2bc.Reason : 08c3c9a3-c92b-48ae-803a-081cb99550ef has not seen follower/s 2565157f-9642-4f7c-bd15-58f431c5cf0a for 147463ms a5d3a44e-87a4-4ffe-bd57-d4dea2700ae7 for 147463ms
2019-09-16 17:24:54,454 [java.util.concurrent.ThreadPoolExecutor$Worker@1fc26504[State = -1, empty queue]] WARN  server.GrpcLogAppender (GrpcLogAppender.java:timeoutAppendRequest(200)) - 08c3c9a3-c92b-48ae-803a-081cb99550ef@group-4C49021CB2BC->a5d3a44e-87a4-4ffe-bd57-d4dea2700ae7-GrpcLogAppender: appendEntries Timeout, request=08c3c9a3-c92b-48ae-803a-081cb99550ef->a5d3a44e-87a4-4ffe-bd57-d4dea2700ae7#70-t1, previous=(t:1, i:12), leaderCommit=6, initializing? false, entries: <empty>
2019-09-16 17:24:54,469 [java.util.concurrent.ThreadPoolExecutor$Worker@ff8e043[State = -1, empty queue]] WARN  server.GrpcLogAppender (GrpcLogAppender.java:timeoutAppendRequest(200)) - 08c3c9a3-c92b-48ae-803a-081cb99550ef@group-4C49021CB2BC->2565157f-9642-4f7c-bd15-58f431c5cf0a-GrpcLogAppender: appendEntries Timeout, request=08c3c9a3-c92b-48ae-803a-081cb99550ef->2565157f-9642-4f7c-bd15-58f431c5cf0a#70-t1, previous=(t:1, i:12), leaderCommit=6, initializing? false, entries: <empty>
2019-09-16 17:24:54,949 [EventQueue-PipelineActionsForPipelineActionHandler] ERROR pipeline.PipelineActionHandler (PipelineActionHandler.java:onMessage(60)) - Received pipeline action CLOSE for Pipeline[ Id: 73746d72-b06f-4f49-8943-4c49021cb2bc, Nodes: a5d3a44e-87a4-4ffe-bd57-d4dea2700ae7{ip: 192.168.151.75, host: pr-hdds-2114-2x2fm-437316914, networkLocation: /default-rack, certSerialId: null}08c3c9a3-c92b-48ae-803a-081cb99550ef{ip: 192.168.151.75, host: pr-hdds-2114-2x2fm-437316914, networkLocation: /default-rack, certSerialId: null}2565157f-9642-4f7c-bd15-58f431c5cf0a{ip: 192.168.151.75, host: pr-hdds-2114-2x2fm-437316914, networkLocation: /default-rack, certSerialId: null}, Type:RATIS, Factor:THREE, State:CLOSED] from datanode 08c3c9a3-c92b-48ae-803a-081cb99550ef{ip: 192.168.151.75, host: pr-hdds-2114-2x2fm-437316914, networkLocation: /default-rack, certSerialId: null}. Reason : 08c3c9a3-c92b-48ae-803a-081cb99550ef has not seen follower/s 2565157f-9642-4f7c-bd15-58f431c5cf0a for 147446ms a5d3a44e-87a4-4ffe-bd57-d4dea2700ae7 for 147447ms
2019-09-16 17:24:54,949 [EventQueue-PipelineActionsForPipelineActionHandler] INFO  pipeline.SCMPipelineManager (SCMPipelineManager.java:finalizeAndDestroyPipeline(311)) - destroying pipeline:Pipeline[ Id: 73746d72-b06f-4f49-8943-4c49021cb2bc, Nodes: a5d3a44e-87a4-4ffe-bd57-d4dea2700ae7{ip: 192.168.151.75, host: pr-hdds-2114-2x2fm-437316914, networkLocation: /default-rack, certSerialId: null}08c3c9a3-c92b-48ae-803a-081cb99550ef{ip: 192.168.151.75, host: pr-hdds-2114-2x2fm-437316914, networkLocation: /default-rack, certSerialId: null}2565157f-9642-4f7c-bd15-58f431c5cf0a{ip: 192.168.151.75, host: pr-hdds-2114-2x2fm-437316914, networkLocation: /default-rack, certSerialId: null}, Type:RATIS, Factor:THREE, State:CLOSED]
2019-09-16 17:24:56,456 [org.apache.ratis.server.impl.LogAppender$AppenderDaemon$$Lambda$485/1974557644@69468c94] ERROR ratis.XceiverServerRatis (XceiverServerRatis.java:triggerPipelineClose(568)) - pipeline Action CLOSE  on pipeline PipelineID=73746d72-b06f-4f49-8943-4c49021cb2bc.Reason : 08c3c9a3-c92b-48ae-803a-081cb99550ef has not seen follower/s 2565157f-9642-4f7c-bd15-58f431c5cf0a for 149948ms a5d3a44e-87a4-4ffe-bd57-d4dea2700ae7 for 149948ms
2019-09-16 17:24:56,471 [org.apache.ratis.server.impl.LogAppender$AppenderDaemon$$Lambda$485/1974557644@507e2707] ERROR ratis.XceiverServerRatis (XceiverServerRatis.java:triggerPipelineClose(568)) - pipeline Action CLOSE  on pipeline PipelineID=73746d72-b06f-4f49-8943-4c49021cb2bc.Reason : 08c3c9a3-c92b-48ae-803a-081cb99550ef has not seen follower/s 2565157f-9642-4f7c-bd15-58f431c5cf0a for 149963ms a5d3a44e-87a4-4ffe-bd57-d4dea2700ae7 for 149963ms
2019-09-16 17:24:56,897 [a5d3a44e-87a4-4ffe-bd57-d4dea2700ae7@group-4C49021CB2BC-SegmentedRaftLogWorker] WARN  segmented.SegmentedRaftLogWorker (SegmentedRaftLogWorker.java:getFromFuture(90)) - Timeout 14/~
org.apache.ratis.protocol.TimeoutIOException: Timeout 10s: WriteLog:8: (t:1, i:8), STATEMACHINELOGENTRY, client-D2AC5C2F5119, cid=17-writeStateMachineData
	at org.apache.ratis.util.IOUtils.getFromFuture(IOUtils.java:87)
	at org.apache.ratis.server.raftlog.segmented.SegmentedRaftLogWorker$StateMachineDataPolicy.getFromFuture(SegmentedRaftLogWorker.java:87)
	at org.apache.ratis.server.raftlog.segmented.SegmentedRaftLogWorker$WriteLog.execute(SegmentedRaftLogWorker.java:477)
	at org.apache.ratis.server.raftlog.segmented.SegmentedRaftLogWorker.run(SegmentedRaftLogWorker.java:289)
	at java.lang.Thread.run(Thread.java:748)
Caused by: java.util.concurrent.TimeoutException
	at java.util.concurrent.CompletableFuture.timedGet(CompletableFuture.java:1771)
	at java.util.concurrent.CompletableFuture.get(CompletableFuture.java:1915)
	at org.apache.ratis.util.IOUtils.getFromFuture(IOUtils.java:79)
	... 4 more
2019-09-16 17:24:56,927 [2565157f-9642-4f7c-bd15-58f431c5cf0a@group-4C49021CB2BC-SegmentedRaftLogWorker] WARN  segmented.SegmentedRaftLogWorker (SegmentedRaftLogWorker.java:getFromFuture(90)) - Timeout 14/~
org.apache.ratis.protocol.TimeoutIOException: Timeout 10s: WriteLog:8: (t:1, i:8), STATEMACHINELOGENTRY, client-D2AC5C2F5119, cid=17-writeStateMachineData
	at org.apache.ratis.util.IOUtils.getFromFuture(IOUtils.java:87)
	at org.apache.ratis.server.raftlog.segmented.SegmentedRaftLogWorker$StateMachineDataPolicy.getFromFuture(SegmentedRaftLogWorker.java:87)
	at org.apache.ratis.server.raftlog.segmented.SegmentedRaftLogWorker$WriteLog.execute(SegmentedRaftLogWorker.java:477)
	at org.apache.ratis.server.raftlog.segmented.SegmentedRaftLogWorker.run(SegmentedRaftLogWorker.java:289)
	at java.lang.Thread.run(Thread.java:748)
Caused by: java.util.concurrent.TimeoutException
	at java.util.concurrent.CompletableFuture.timedGet(CompletableFuture.java:1771)
	at java.util.concurrent.CompletableFuture.get(CompletableFuture.java:1915)
	at org.apache.ratis.util.IOUtils.getFromFuture(IOUtils.java:79)
	... 4 more
2019-09-16 17:24:56,932 [08c3c9a3-c92b-48ae-803a-081cb99550ef@group-4C49021CB2BC-SegmentedRaftLogWorker] WARN  segmented.SegmentedRaftLogWorker (SegmentedRaftLogWorker.java:getFromFuture(90)) - Timeout 14/~
org.apache.ratis.protocol.TimeoutIOException: Timeout 10s: WriteLog:8: (t:1, i:8), STATEMACHINELOGENTRY, client-D2AC5C2F5119, cid=17-writeStateMachineData
	at org.apache.ratis.util.IOUtils.getFromFuture(IOUtils.java:87)
	at org.apache.ratis.server.raftlog.segmented.SegmentedRaftLogWorker$StateMachineDataPolicy.getFromFuture(SegmentedRaftLogWorker.java:87)
	at org.apache.ratis.server.raftlog.segmented.SegmentedRaftLogWorker$WriteLog.execute(SegmentedRaftLogWorker.java:477)
	at org.apache.ratis.server.raftlog.segmented.SegmentedRaftLogWorker.run(SegmentedRaftLogWorker.java:289)
	at java.lang.Thread.run(Thread.java:748)
Caused by: java.util.concurrent.TimeoutException
	at java.util.concurrent.CompletableFuture.timedGet(CompletableFuture.java:1771)
	at java.util.concurrent.CompletableFuture.get(CompletableFuture.java:1915)
	at org.apache.ratis.util.IOUtils.getFromFuture(IOUtils.java:79)
	... 4 more
2019-09-16 17:24:56,948 [EventQueue-PipelineActionsForPipelineActionHandler] ERROR pipeline.PipelineActionHandler (PipelineActionHandler.java:onMessage(60)) - Received pipeline action CLOSE for Pipeline[ Id: 73746d72-b06f-4f49-8943-4c49021cb2bc, Nodes: a5d3a44e-87a4-4ffe-bd57-d4dea2700ae7{ip: 192.168.151.75, host: pr-hdds-2114-2x2fm-437316914, networkLocation: /default-rack, certSerialId: null}08c3c9a3-c92b-48ae-803a-081cb99550ef{ip: 192.168.151.75, host: pr-hdds-2114-2x2fm-437316914, networkLocation: /default-rack, certSerialId: null}2565157f-9642-4f7c-bd15-58f431c5cf0a{ip: 192.168.151.75, host: pr-hdds-2114-2x2fm-437316914, networkLocation: /default-rack, certSerialId: null}, Type:RATIS, Factor:THREE, State:CLOSED] from datanode 08c3c9a3-c92b-48ae-803a-081cb99550ef{ip: 192.168.151.75, host: pr-hdds-2114-2x2fm-437316914, networkLocation: /default-rack, certSerialId: null}. Reason : 08c3c9a3-c92b-48ae-803a-081cb99550ef has not seen follower/s 2565157f-9642-4f7c-bd15-58f431c5cf0a for 149948ms a5d3a44e-87a4-4ffe-bd57-d4dea2700ae7 for 149948ms
2019-09-16 17:24:56,948 [EventQueue-PipelineActionsForPipelineActionHandler] INFO  pipeline.SCMPipelineManager (SCMPipelineManager.java:finalizeAndDestroyPipeline(311)) - destroying pipeline:Pipeline[ Id: 73746d72-b06f-4f49-8943-4c49021cb2bc, Nodes: a5d3a44e-87a4-4ffe-bd57-d4dea2700ae7{ip: 192.168.151.75, host: pr-hdds-2114-2x2fm-437316914, networkLocation: /default-rack, certSerialId: null}08c3c9a3-c92b-48ae-803a-081cb99550ef{ip: 192.168.151.75, host: pr-hdds-2114-2x2fm-437316914, networkLocation: /default-rack, certSerialId: null}2565157f-9642-4f7c-bd15-58f431c5cf0a{ip: 192.168.151.75, host: pr-hdds-2114-2x2fm-437316914, networkLocation: /default-rack, certSerialId: null}, Type:RATIS, Factor:THREE, State:CLOSED]
2019-09-16 17:24:56,954 [java.util.concurrent.ThreadPoolExecutor$Worker@1fc26504[State = -1, empty queue]] WARN  server.GrpcLogAppender (GrpcLogAppender.java:timeoutAppendRequest(200)) - 08c3c9a3-c92b-48ae-803a-081cb99550ef@group-4C49021CB2BC->a5d3a44e-87a4-4ffe-bd57-d4dea2700ae7-GrpcLogAppender: appendEntries Timeout, request=08c3c9a3-c92b-48ae-803a-081cb99550ef->a5d3a44e-87a4-4ffe-bd57-d4dea2700ae7#71-t1, previous=(t:1, i:12), leaderCommit=6, initializing? false, entries: <empty>
2019-09-16 17:24:56,971 [java.util.concurrent.ThreadPoolExecutor$Worker@ff8e043[State = -1, empty queue]] WARN  server.GrpcLogAppender (GrpcLogAppender.java:timeoutAppendRequest(200)) - 08c3c9a3-c92b-48ae-803a-081cb99550ef@group-4C49021CB2BC->2565157f-9642-4f7c-bd15-58f431c5cf0a-GrpcLogAppender: appendEntries Timeout, request=08c3c9a3-c92b-48ae-803a-081cb99550ef->2565157f-9642-4f7c-bd15-58f431c5cf0a#71-t1, previous=(t:1, i:12), leaderCommit=6, initializing? false, entries: <empty>
2019-09-16 17:24:58,747 [grpc-default-executor-2] INFO  client.GrpcClientProtocolClient (GrpcClientProtocolClient.java:onNext(264)) - client-D2AC5C2F5119->2565157f-9642-4f7c-bd15-58f431c5cf0a: receive RaftClientReply:client-D2AC5C2F5119->2565157f-9642-4f7c-bd15-58f431c5cf0a@group-4C49021CB2BC, cid=16, FAILED org.apache.ratis.protocol.NotLeaderException: Server 2565157f-9642-4f7c-bd15-58f431c5cf0a@group-4C49021CB2BC is not the leader 08c3c9a3-c92b-48ae-803a-081cb99550ef:192.168.151.75:43991, logIndex=0, commits[2565157f-9642-4f7c-bd15-58f431c5cf0a:c6, a5d3a44e-87a4-4ffe-bd57-d4dea2700ae7:c4, 08c3c9a3-c92b-48ae-803a-081cb99550ef:c6]
2019-09-16 17:24:58,958 [org.apache.ratis.server.impl.LogAppender$AppenderDaemon$$Lambda$485/1974557644@69468c94] ERROR ratis.XceiverServerRatis (XceiverServerRatis.java:triggerPipelineClose(568)) - pipeline Action CLOSE  on pipeline PipelineID=73746d72-b06f-4f49-8943-4c49021cb2bc.Reason : 08c3c9a3-c92b-48ae-803a-081cb99550ef has not seen follower/s 2565157f-9642-4f7c-bd15-58f431c5cf0a for 152450ms a5d3a44e-87a4-4ffe-bd57-d4dea2700ae7 for 152450ms
2019-09-16 17:24:58,972 [org.apache.ratis.server.impl.LogAppender$AppenderDaemon$$Lambda$485/1974557644@507e2707] ERROR ratis.XceiverServerRatis (XceiverServerRatis.java:triggerPipelineClose(568)) - pipeline Action CLOSE  on pipeline PipelineID=73746d72-b06f-4f49-8943-4c49021cb2bc.Reason : 08c3c9a3-c92b-48ae-803a-081cb99550ef has not seen follower/s 2565157f-9642-4f7c-bd15-58f431c5cf0a for 152464ms a5d3a44e-87a4-4ffe-bd57-d4dea2700ae7 for 152464ms
2019-09-16 17:24:59,456 [java.util.concurrent.ThreadPoolExecutor$Worker@1fc26504[State = -1, empty queue]] WARN  server.GrpcLogAppender (GrpcLogAppender.java:timeoutAppendRequest(200)) - 08c3c9a3-c92b-48ae-803a-081cb99550ef@group-4C49021CB2BC->a5d3a44e-87a4-4ffe-bd57-d4dea2700ae7-GrpcLogAppender: appendEntries Timeout, request=08c3c9a3-c92b-48ae-803a-081cb99550ef->a5d3a44e-87a4-4ffe-bd57-d4dea2700ae7#72-t1, previous=(t:1, i:12), leaderCommit=6, initializing? false, entries: <empty>
2019-09-16 17:24:59,471 [java.util.concurrent.ThreadPoolExecutor$Worker@ff8e043[State = -1, empty queue]] WARN  server.GrpcLogAppender (GrpcLogAppender.java:timeoutAppendRequest(200)) - 08c3c9a3-c92b-48ae-803a-081cb99550ef@group-4C49021CB2BC->2565157f-9642-4f7c-bd15-58f431c5cf0a-GrpcLogAppender: appendEntries Timeout, request=08c3c9a3-c92b-48ae-803a-081cb99550ef->2565157f-9642-4f7c-bd15-58f431c5cf0a#72-t1, previous=(t:1, i:12), leaderCommit=6, initializing? false, entries: <empty>
2019-09-16 17:24:59,951 [EventQueue-PipelineActionsForPipelineActionHandler] ERROR pipeline.PipelineActionHandler (PipelineActionHandler.java:onMessage(60)) - Received pipeline action CLOSE for Pipeline[ Id: 73746d72-b06f-4f49-8943-4c49021cb2bc, Nodes: a5d3a44e-87a4-4ffe-bd57-d4dea2700ae7{ip: 192.168.151.75, host: pr-hdds-2114-2x2fm-437316914, networkLocation: /default-rack, certSerialId: null}08c3c9a3-c92b-48ae-803a-081cb99550ef{ip: 192.168.151.75, host: pr-hdds-2114-2x2fm-437316914, networkLocation: /default-rack, certSerialId: null}2565157f-9642-4f7c-bd15-58f431c5cf0a{ip: 192.168.151.75, host: pr-hdds-2114-2x2fm-437316914, networkLocation: /default-rack, certSerialId: null}, Type:RATIS, Factor:THREE, State:CLOSED] from datanode 08c3c9a3-c92b-48ae-803a-081cb99550ef{ip: 192.168.151.75, host: pr-hdds-2114-2x2fm-437316914, networkLocation: /default-rack, certSerialId: null}. Reason : 08c3c9a3-c92b-48ae-803a-081cb99550ef has not seen follower/s 2565157f-9642-4f7c-bd15-58f431c5cf0a for 152450ms a5d3a44e-87a4-4ffe-bd57-d4dea2700ae7 for 152450ms
2019-09-16 17:24:59,951 [EventQueue-PipelineActionsForPipelineActionHandler] INFO  pipeline.SCMPipelineManager (SCMPipelineManager.java:finalizeAndDestroyPipeline(311)) - destroying pipeline:Pipeline[ Id: 73746d72-b06f-4f49-8943-4c49021cb2bc, Nodes: a5d3a44e-87a4-4ffe-bd57-d4dea2700ae7{ip: 192.168.151.75, host: pr-hdds-2114-2x2fm-437316914, networkLocation: /default-rack, certSerialId: null}08c3c9a3-c92b-48ae-803a-081cb99550ef{ip: 192.168.151.75, host: pr-hdds-2114-2x2fm-437316914, networkLocation: /default-rack, certSerialId: null}2565157f-9642-4f7c-bd15-58f431c5cf0a{ip: 192.168.151.75, host: pr-hdds-2114-2x2fm-437316914, networkLocation: /default-rack, certSerialId: null}, Type:RATIS, Factor:THREE, State:CLOSED]
2019-09-16 17:25:01,459 [org.apache.ratis.server.impl.LogAppender$AppenderDaemon$$Lambda$485/1974557644@69468c94] ERROR ratis.XceiverServerRatis (XceiverServerRatis.java:triggerPipelineClose(568)) - pipeline Action CLOSE  on pipeline PipelineID=73746d72-b06f-4f49-8943-4c49021cb2bc.Reason : 08c3c9a3-c92b-48ae-803a-081cb99550ef has not seen follower/s 2565157f-9642-4f7c-bd15-58f431c5cf0a for 154951ms a5d3a44e-87a4-4ffe-bd57-d4dea2700ae7 for 154951ms
2019-09-16 17:25:01,473 [org.apache.ratis.server.impl.LogAppender$AppenderDaemon$$Lambda$485/1974557644@507e2707] ERROR ratis.XceiverServerRatis (XceiverServerRatis.java:triggerPipelineClose(568)) - pipeline Action CLOSE  on pipeline PipelineID=73746d72-b06f-4f49-8943-4c49021cb2bc.Reason : 08c3c9a3-c92b-48ae-803a-081cb99550ef has not seen follower/s 2565157f-9642-4f7c-bd15-58f431c5cf0a for 154965ms a5d3a44e-87a4-4ffe-bd57-d4dea2700ae7 for 154965ms
2019-09-16 17:25:01,950 [EventQueue-PipelineActionsForPipelineActionHandler] ERROR pipeline.PipelineActionHandler (PipelineActionHandler.java:onMessage(60)) - Received pipeline action CLOSE for Pipeline[ Id: 73746d72-b06f-4f49-8943-4c49021cb2bc, Nodes: a5d3a44e-87a4-4ffe-bd57-d4dea2700ae7{ip: 192.168.151.75, host: pr-hdds-2114-2x2fm-437316914, networkLocation: /default-rack, certSerialId: null}08c3c9a3-c92b-48ae-803a-081cb99550ef{ip: 192.168.151.75, host: pr-hdds-2114-2x2fm-437316914, networkLocation: /default-rack, certSerialId: null}2565157f-9642-4f7c-bd15-58f431c5cf0a{ip: 192.168.151.75, host: pr-hdds-2114-2x2fm-437316914, networkLocation: /default-rack, certSerialId: null}, Type:RATIS, Factor:THREE, State:CLOSED] from datanode 08c3c9a3-c92b-48ae-803a-081cb99550ef{ip: 192.168.151.75, host: pr-hdds-2114-2x2fm-437316914, networkLocation: /default-rack, certSerialId: null}. Reason : 08c3c9a3-c92b-48ae-803a-081cb99550ef has not seen follower/s 2565157f-9642-4f7c-bd15-58f431c5cf0a for 154951ms a5d3a44e-87a4-4ffe-bd57-d4dea2700ae7 for 154951ms
2019-09-16 17:25:01,950 [EventQueue-PipelineActionsForPipelineActionHandler] INFO  pipeline.SCMPipelineManager (SCMPipelineManager.java:finalizeAndDestroyPipeline(311)) - destroying pipeline:Pipeline[ Id: 73746d72-b06f-4f49-8943-4c49021cb2bc, Nodes: a5d3a44e-87a4-4ffe-bd57-d4dea2700ae7{ip: 192.168.151.75, host: pr-hdds-2114-2x2fm-437316914, networkLocation: /default-rack, certSerialId: null}08c3c9a3-c92b-48ae-803a-081cb99550ef{ip: 192.168.151.75, host: pr-hdds-2114-2x2fm-437316914, networkLocation: /default-rack, certSerialId: null}2565157f-9642-4f7c-bd15-58f431c5cf0a{ip: 192.168.151.75, host: pr-hdds-2114-2x2fm-437316914, networkLocation: /default-rack, certSerialId: null}, Type:RATIS, Factor:THREE, State:CLOSED]
2019-09-16 17:25:01,958 [java.util.concurrent.ThreadPoolExecutor$Worker@1fc26504[State = -1, empty queue]] WARN  server.GrpcLogAppender (GrpcLogAppender.java:timeoutAppendRequest(200)) - 08c3c9a3-c92b-48ae-803a-081cb99550ef@group-4C49021CB2BC->a5d3a44e-87a4-4ffe-bd57-d4dea2700ae7-GrpcLogAppender: appendEntries Timeout, request=08c3c9a3-c92b-48ae-803a-081cb99550ef->a5d3a44e-87a4-4ffe-bd57-d4dea2700ae7#73-t1, previous=(t:1, i:12), leaderCommit=6, initializing? false, entries: <empty>
2019-09-16 17:25:01,972 [java.util.concurrent.ThreadPoolExecutor$Worker@ff8e043[State = -1, empty queue]] WARN  server.GrpcLogAppender (GrpcLogAppender.java:timeoutAppendRequest(200)) - 08c3c9a3-c92b-48ae-803a-081cb99550ef@group-4C49021CB2BC->2565157f-9642-4f7c-bd15-58f431c5cf0a-GrpcLogAppender: appendEntries Timeout, request=08c3c9a3-c92b-48ae-803a-081cb99550ef->2565157f-9642-4f7c-bd15-58f431c5cf0a#73-t1, previous=(t:1, i:12), leaderCommit=6, initializing? false, entries: <empty>
2019-09-16 17:25:03,821 [grpc-default-executor-2] INFO  client.GrpcClientProtocolClient (GrpcClientProtocolClient.java:onNext(264)) - client-D2AC5C2F5119->2565157f-9642-4f7c-bd15-58f431c5cf0a: receive RaftClientReply:client-D2AC5C2F5119->2565157f-9642-4f7c-bd15-58f431c5cf0a@group-4C49021CB2BC, cid=16, FAILED org.apache.ratis.protocol.NotLeaderException: Server 2565157f-9642-4f7c-bd15-58f431c5cf0a@group-4C49021CB2BC is not the leader 08c3c9a3-c92b-48ae-803a-081cb99550ef:192.168.151.75:43991, logIndex=0, commits[2565157f-9642-4f7c-bd15-58f431c5cf0a:c6, a5d3a44e-87a4-4ffe-bd57-d4dea2700ae7:c4, 08c3c9a3-c92b-48ae-803a-081cb99550ef:c6]
2019-09-16 17:25:03,960 [org.apache.ratis.server.impl.LogAppender$AppenderDaemon$$Lambda$485/1974557644@69468c94] ERROR ratis.XceiverServerRatis (XceiverServerRatis.java:triggerPipelineClose(568)) - pipeline Action CLOSE  on pipeline PipelineID=73746d72-b06f-4f49-8943-4c49021cb2bc.Reason : 08c3c9a3-c92b-48ae-803a-081cb99550ef has not seen follower/s 2565157f-9642-4f7c-bd15-58f431c5cf0a for 157452ms a5d3a44e-87a4-4ffe-bd57-d4dea2700ae7 for 157452ms
2019-09-16 17:25:03,974 [org.apache.ratis.server.impl.LogAppender$AppenderDaemon$$Lambda$485/1974557644@507e2707] ERROR ratis.XceiverServerRatis (XceiverServerRatis.java:triggerPipelineClose(568)) - pipeline Action CLOSE  on pipeline PipelineID=73746d72-b06f-4f49-8943-4c49021cb2bc.Reason : 08c3c9a3-c92b-48ae-803a-081cb99550ef has not seen follower/s 2565157f-9642-4f7c-bd15-58f431c5cf0a for 157466ms a5d3a44e-87a4-4ffe-bd57-d4dea2700ae7 for 157466ms
2019-09-16 17:25:04,459 [java.util.concurrent.ThreadPoolExecutor$Worker@1fc26504[State = -1, empty queue]] WARN  server.GrpcLogAppender (GrpcLogAppender.java:timeoutAppendRequest(200)) - 08c3c9a3-c92b-48ae-803a-081cb99550ef@group-4C49021CB2BC->a5d3a44e-87a4-4ffe-bd57-d4dea2700ae7-GrpcLogAppender: appendEntries Timeout, request=08c3c9a3-c92b-48ae-803a-081cb99550ef->a5d3a44e-87a4-4ffe-bd57-d4dea2700ae7#74-t1, previous=(t:1, i:12), leaderCommit=6, initializing? false, entries: <empty>
2019-09-16 17:25:04,473 [java.util.concurrent.ThreadPoolExecutor$Worker@ff8e043[State = -1, empty queue]] WARN  server.GrpcLogAppender (GrpcLogAppender.java:timeoutAppendRequest(200)) - 08c3c9a3-c92b-48ae-803a-081cb99550ef@group-4C49021CB2BC->2565157f-9642-4f7c-bd15-58f431c5cf0a-GrpcLogAppender: appendEntries Timeout, request=08c3c9a3-c92b-48ae-803a-081cb99550ef->2565157f-9642-4f7c-bd15-58f431c5cf0a#74-t1, previous=(t:1, i:12), leaderCommit=6, initializing? false, entries: <empty>
2019-09-16 17:25:04,950 [EventQueue-PipelineActionsForPipelineActionHandler] ERROR pipeline.PipelineActionHandler (PipelineActionHandler.java:onMessage(60)) - Received pipeline action CLOSE for Pipeline[ Id: 73746d72-b06f-4f49-8943-4c49021cb2bc, Nodes: a5d3a44e-87a4-4ffe-bd57-d4dea2700ae7{ip: 192.168.151.75, host: pr-hdds-2114-2x2fm-437316914, networkLocation: /default-rack, certSerialId: null}08c3c9a3-c92b-48ae-803a-081cb99550ef{ip: 192.168.151.75, host: pr-hdds-2114-2x2fm-437316914, networkLocation: /default-rack, certSerialId: null}2565157f-9642-4f7c-bd15-58f431c5cf0a{ip: 192.168.151.75, host: pr-hdds-2114-2x2fm-437316914, networkLocation: /default-rack, certSerialId: null}, Type:RATIS, Factor:THREE, State:CLOSED] from datanode 08c3c9a3-c92b-48ae-803a-081cb99550ef{ip: 192.168.151.75, host: pr-hdds-2114-2x2fm-437316914, networkLocation: /default-rack, certSerialId: null}. Reason : 08c3c9a3-c92b-48ae-803a-081cb99550ef has not seen follower/s 2565157f-9642-4f7c-bd15-58f431c5cf0a for 157452ms a5d3a44e-87a4-4ffe-bd57-d4dea2700ae7 for 157452ms
2019-09-16 17:25:04,950 [EventQueue-PipelineActionsForPipelineActionHandler] INFO  pipeline.SCMPipelineManager (SCMPipelineManager.java:finalizeAndDestroyPipeline(311)) - destroying pipeline:Pipeline[ Id: 73746d72-b06f-4f49-8943-4c49021cb2bc, Nodes: a5d3a44e-87a4-4ffe-bd57-d4dea2700ae7{ip: 192.168.151.75, host: pr-hdds-2114-2x2fm-437316914, networkLocation: /default-rack, certSerialId: null}08c3c9a3-c92b-48ae-803a-081cb99550ef{ip: 192.168.151.75, host: pr-hdds-2114-2x2fm-437316914, networkLocation: /default-rack, certSerialId: null}2565157f-9642-4f7c-bd15-58f431c5cf0a{ip: 192.168.151.75, host: pr-hdds-2114-2x2fm-437316914, networkLocation: /default-rack, certSerialId: null}, Type:RATIS, Factor:THREE, State:CLOSED]
2019-09-16 17:25:06,461 [org.apache.ratis.server.impl.LogAppender$AppenderDaemon$$Lambda$485/1974557644@69468c94] ERROR ratis.XceiverServerRatis (XceiverServerRatis.java:triggerPipelineClose(568)) - pipeline Action CLOSE  on pipeline PipelineID=73746d72-b06f-4f49-8943-4c49021cb2bc.Reason : 08c3c9a3-c92b-48ae-803a-081cb99550ef has not seen follower/s 2565157f-9642-4f7c-bd15-58f431c5cf0a for 159953ms a5d3a44e-87a4-4ffe-bd57-d4dea2700ae7 for 159953ms
2019-09-16 17:25:06,474 [org.apache.ratis.server.impl.LogAppender$AppenderDaemon$$Lambda$485/1974557644@507e2707] ERROR ratis.XceiverServerRatis (XceiverServerRatis.java:triggerPipelineClose(568)) - pipeline Action CLOSE  on pipeline PipelineID=73746d72-b06f-4f49-8943-4c49021cb2bc.Reason : 08c3c9a3-c92b-48ae-803a-081cb99550ef has not seen follower/s 2565157f-9642-4f7c-bd15-58f431c5cf0a for 159966ms a5d3a44e-87a4-4ffe-bd57-d4dea2700ae7 for 159966ms
2019-09-16 17:25:06,898 [a5d3a44e-87a4-4ffe-bd57-d4dea2700ae7@group-4C49021CB2BC-SegmentedRaftLogWorker] WARN  segmented.SegmentedRaftLogWorker (SegmentedRaftLogWorker.java:getFromFuture(90)) - Timeout 15/~
org.apache.ratis.protocol.TimeoutIOException: Timeout 10s: WriteLog:8: (t:1, i:8), STATEMACHINELOGENTRY, client-D2AC5C2F5119, cid=17-writeStateMachineData
	at org.apache.ratis.util.IOUtils.getFromFuture(IOUtils.java:87)
	at org.apache.ratis.server.raftlog.segmented.SegmentedRaftLogWorker$StateMachineDataPolicy.getFromFuture(SegmentedRaftLogWorker.java:87)
	at org.apache.ratis.server.raftlog.segmented.SegmentedRaftLogWorker$WriteLog.execute(SegmentedRaftLogWorker.java:477)
	at org.apache.ratis.server.raftlog.segmented.SegmentedRaftLogWorker.run(SegmentedRaftLogWorker.java:289)
	at java.lang.Thread.run(Thread.java:748)
Caused by: java.util.concurrent.TimeoutException
	at java.util.concurrent.CompletableFuture.timedGet(CompletableFuture.java:1771)
	at java.util.concurrent.CompletableFuture.get(CompletableFuture.java:1915)
	at org.apache.ratis.util.IOUtils.getFromFuture(IOUtils.java:79)
	... 4 more
2019-09-16 17:25:06,928 [2565157f-9642-4f7c-bd15-58f431c5cf0a@group-4C49021CB2BC-SegmentedRaftLogWorker] WARN  segmented.SegmentedRaftLogWorker (SegmentedRaftLogWorker.java:getFromFuture(90)) - Timeout 15/~
org.apache.ratis.protocol.TimeoutIOException: Timeout 10s: WriteLog:8: (t:1, i:8), STATEMACHINELOGENTRY, client-D2AC5C2F5119, cid=17-writeStateMachineData
	at org.apache.ratis.util.IOUtils.getFromFuture(IOUtils.java:87)
	at org.apache.ratis.server.raftlog.segmented.SegmentedRaftLogWorker$StateMachineDataPolicy.getFromFuture(SegmentedRaftLogWorker.java:87)
	at org.apache.ratis.server.raftlog.segmented.SegmentedRaftLogWorker$WriteLog.execute(SegmentedRaftLogWorker.java:477)
	at org.apache.ratis.server.raftlog.segmented.SegmentedRaftLogWorker.run(SegmentedRaftLogWorker.java:289)
	at java.lang.Thread.run(Thread.java:748)
Caused by: java.util.concurrent.TimeoutException
	at java.util.concurrent.CompletableFuture.timedGet(CompletableFuture.java:1771)
	at java.util.concurrent.CompletableFuture.get(CompletableFuture.java:1915)
	at org.apache.ratis.util.IOUtils.getFromFuture(IOUtils.java:79)
	... 4 more
2019-09-16 17:25:06,949 [08c3c9a3-c92b-48ae-803a-081cb99550ef@group-4C49021CB2BC-SegmentedRaftLogWorker] WARN  segmented.SegmentedRaftLogWorker (SegmentedRaftLogWorker.java:getFromFuture(90)) - Timeout 15/~
org.apache.ratis.protocol.TimeoutIOException: Timeout 10s: WriteLog:8: (t:1, i:8), STATEMACHINELOGENTRY, client-D2AC5C2F5119, cid=17-writeStateMachineData
	at org.apache.ratis.util.IOUtils.getFromFuture(IOUtils.java:87)
	at org.apache.ratis.server.raftlog.segmented.SegmentedRaftLogWorker$StateMachineDataPolicy.getFromFuture(SegmentedRaftLogWorker.java:87)
	at org.apache.ratis.server.raftlog.segmented.SegmentedRaftLogWorker$WriteLog.execute(SegmentedRaftLogWorker.java:477)
	at org.apache.ratis.server.raftlog.segmented.SegmentedRaftLogWorker.run(SegmentedRaftLogWorker.java:289)
	at java.lang.Thread.run(Thread.java:748)
Caused by: java.util.concurrent.TimeoutException
	at java.util.concurrent.CompletableFuture.timedGet(CompletableFuture.java:1771)
	at java.util.concurrent.CompletableFuture.get(CompletableFuture.java:1915)
	at org.apache.ratis.util.IOUtils.getFromFuture(IOUtils.java:79)
	... 4 more
2019-09-16 17:25:06,950 [EventQueue-PipelineActionsForPipelineActionHandler] ERROR pipeline.PipelineActionHandler (PipelineActionHandler.java:onMessage(60)) - Received pipeline action CLOSE for Pipeline[ Id: 73746d72-b06f-4f49-8943-4c49021cb2bc, Nodes: a5d3a44e-87a4-4ffe-bd57-d4dea2700ae7{ip: 192.168.151.75, host: pr-hdds-2114-2x2fm-437316914, networkLocation: /default-rack, certSerialId: null}08c3c9a3-c92b-48ae-803a-081cb99550ef{ip: 192.168.151.75, host: pr-hdds-2114-2x2fm-437316914, networkLocation: /default-rack, certSerialId: null}2565157f-9642-4f7c-bd15-58f431c5cf0a{ip: 192.168.151.75, host: pr-hdds-2114-2x2fm-437316914, networkLocation: /default-rack, certSerialId: null}, Type:RATIS, Factor:THREE, State:CLOSED] from datanode 08c3c9a3-c92b-48ae-803a-081cb99550ef{ip: 192.168.151.75, host: pr-hdds-2114-2x2fm-437316914, networkLocation: /default-rack, certSerialId: null}. Reason : 08c3c9a3-c92b-48ae-803a-081cb99550ef has not seen follower/s 2565157f-9642-4f7c-bd15-58f431c5cf0a for 159953ms a5d3a44e-87a4-4ffe-bd57-d4dea2700ae7 for 159953ms
2019-09-16 17:25:06,951 [EventQueue-PipelineActionsForPipelineActionHandler] INFO  pipeline.SCMPipelineManager (SCMPipelineManager.java:finalizeAndDestroyPipeline(311)) - destroying pipeline:Pipeline[ Id: 73746d72-b06f-4f49-8943-4c49021cb2bc, Nodes: a5d3a44e-87a4-4ffe-bd57-d4dea2700ae7{ip: 192.168.151.75, host: pr-hdds-2114-2x2fm-437316914, networkLocation: /default-rack, certSerialId: null}08c3c9a3-c92b-48ae-803a-081cb99550ef{ip: 192.168.151.75, host: pr-hdds-2114-2x2fm-437316914, networkLocation: /default-rack, certSerialId: null}2565157f-9642-4f7c-bd15-58f431c5cf0a{ip: 192.168.151.75, host: pr-hdds-2114-2x2fm-437316914, networkLocation: /default-rack, certSerialId: null}, Type:RATIS, Factor:THREE, State:CLOSED]
2019-09-16 17:25:06,960 [java.util.concurrent.ThreadPoolExecutor$Worker@1fc26504[State = -1, empty queue]] WARN  server.GrpcLogAppender (GrpcLogAppender.java:timeoutAppendRequest(200)) - 08c3c9a3-c92b-48ae-803a-081cb99550ef@group-4C49021CB2BC->a5d3a44e-87a4-4ffe-bd57-d4dea2700ae7-GrpcLogAppender: appendEntries Timeout, request=08c3c9a3-c92b-48ae-803a-081cb99550ef->a5d3a44e-87a4-4ffe-bd57-d4dea2700ae7#75-t1, previous=(t:1, i:12), leaderCommit=6, initializing? false, entries: <empty>
2019-09-16 17:25:06,974 [java.util.concurrent.ThreadPoolExecutor$Worker@ff8e043[State = -1, empty queue]] WARN  server.GrpcLogAppender (GrpcLogAppender.java:timeoutAppendRequest(200)) - 08c3c9a3-c92b-48ae-803a-081cb99550ef@group-4C49021CB2BC->2565157f-9642-4f7c-bd15-58f431c5cf0a-GrpcLogAppender: appendEntries Timeout, request=08c3c9a3-c92b-48ae-803a-081cb99550ef->2565157f-9642-4f7c-bd15-58f431c5cf0a#75-t1, previous=(t:1, i:12), leaderCommit=6, initializing? false, entries: <empty>
2019-09-16 17:25:08,874 [grpc-default-executor-2] INFO  client.GrpcClientProtocolClient (GrpcClientProtocolClient.java:onNext(264)) - client-D2AC5C2F5119->2565157f-9642-4f7c-bd15-58f431c5cf0a: receive RaftClientReply:client-D2AC5C2F5119->2565157f-9642-4f7c-bd15-58f431c5cf0a@group-4C49021CB2BC, cid=16, FAILED org.apache.ratis.protocol.NotLeaderException: Server 2565157f-9642-4f7c-bd15-58f431c5cf0a@group-4C49021CB2BC is not the leader 08c3c9a3-c92b-48ae-803a-081cb99550ef:192.168.151.75:43991, logIndex=0, commits[2565157f-9642-4f7c-bd15-58f431c5cf0a:c6, a5d3a44e-87a4-4ffe-bd57-d4dea2700ae7:c4, 08c3c9a3-c92b-48ae-803a-081cb99550ef:c6]
2019-09-16 17:25:08,962 [org.apache.ratis.server.impl.LogAppender$AppenderDaemon$$Lambda$485/1974557644@69468c94] ERROR ratis.XceiverServerRatis (XceiverServerRatis.java:triggerPipelineClose(568)) - pipeline Action CLOSE  on pipeline PipelineID=73746d72-b06f-4f49-8943-4c49021cb2bc.Reason : 08c3c9a3-c92b-48ae-803a-081cb99550ef has not seen follower/s 2565157f-9642-4f7c-bd15-58f431c5cf0a for 162454ms a5d3a44e-87a4-4ffe-bd57-d4dea2700ae7 for 162454ms
2019-09-16 17:25:08,975 [org.apache.ratis.server.impl.LogAppender$AppenderDaemon$$Lambda$485/1974557644@507e2707] ERROR ratis.XceiverServerRatis (XceiverServerRatis.java:triggerPipelineClose(568)) - pipeline Action CLOSE  on pipeline PipelineID=73746d72-b06f-4f49-8943-4c49021cb2bc.Reason : 08c3c9a3-c92b-48ae-803a-081cb99550ef has not seen follower/s 2565157f-9642-4f7c-bd15-58f431c5cf0a for 162467ms a5d3a44e-87a4-4ffe-bd57-d4dea2700ae7 for 162467ms
2019-09-16 17:25:09,461 [java.util.concurrent.ThreadPoolExecutor$Worker@1fc26504[State = -1, empty queue]] WARN  server.GrpcLogAppender (GrpcLogAppender.java:timeoutAppendRequest(200)) - 08c3c9a3-c92b-48ae-803a-081cb99550ef@group-4C49021CB2BC->a5d3a44e-87a4-4ffe-bd57-d4dea2700ae7-GrpcLogAppender: appendEntries Timeout, request=08c3c9a3-c92b-48ae-803a-081cb99550ef->a5d3a44e-87a4-4ffe-bd57-d4dea2700ae7#76-t1, previous=(t:1, i:12), leaderCommit=6, initializing? false, entries: <empty>
2019-09-16 17:25:09,474 [java.util.concurrent.ThreadPoolExecutor$Worker@ff8e043[State = -1, empty queue]] WARN  server.GrpcLogAppender (GrpcLogAppender.java:timeoutAppendRequest(200)) - 08c3c9a3-c92b-48ae-803a-081cb99550ef@group-4C49021CB2BC->2565157f-9642-4f7c-bd15-58f431c5cf0a-GrpcLogAppender: appendEntries Timeout, request=08c3c9a3-c92b-48ae-803a-081cb99550ef->2565157f-9642-4f7c-bd15-58f431c5cf0a#76-t1, previous=(t:1, i:12), leaderCommit=6, initializing? false, entries: <empty>
2019-09-16 17:25:09,951 [EventQueue-PipelineActionsForPipelineActionHandler] ERROR pipeline.PipelineActionHandler (PipelineActionHandler.java:onMessage(60)) - Received pipeline action CLOSE for Pipeline[ Id: 73746d72-b06f-4f49-8943-4c49021cb2bc, Nodes: a5d3a44e-87a4-4ffe-bd57-d4dea2700ae7{ip: 192.168.151.75, host: pr-hdds-2114-2x2fm-437316914, networkLocation: /default-rack, certSerialId: null}08c3c9a3-c92b-48ae-803a-081cb99550ef{ip: 192.168.151.75, host: pr-hdds-2114-2x2fm-437316914, networkLocation: /default-rack, certSerialId: null}2565157f-9642-4f7c-bd15-58f431c5cf0a{ip: 192.168.151.75, host: pr-hdds-2114-2x2fm-437316914, networkLocation: /default-rack, certSerialId: null}, Type:RATIS, Factor:THREE, State:CLOSED] from datanode 08c3c9a3-c92b-48ae-803a-081cb99550ef{ip: 192.168.151.75, host: pr-hdds-2114-2x2fm-437316914, networkLocation: /default-rack, certSerialId: null}. Reason : 08c3c9a3-c92b-48ae-803a-081cb99550ef has not seen follower/s 2565157f-9642-4f7c-bd15-58f431c5cf0a for 162454ms a5d3a44e-87a4-4ffe-bd57-d4dea2700ae7 for 162454ms
2019-09-16 17:25:09,951 [EventQueue-PipelineActionsForPipelineActionHandler] INFO  pipeline.SCMPipelineManager (SCMPipelineManager.java:finalizeAndDestroyPipeline(311)) - destroying pipeline:Pipeline[ Id: 73746d72-b06f-4f49-8943-4c49021cb2bc, Nodes: a5d3a44e-87a4-4ffe-bd57-d4dea2700ae7{ip: 192.168.151.75, host: pr-hdds-2114-2x2fm-437316914, networkLocation: /default-rack, certSerialId: null}08c3c9a3-c92b-48ae-803a-081cb99550ef{ip: 192.168.151.75, host: pr-hdds-2114-2x2fm-437316914, networkLocation: /default-rack, certSerialId: null}2565157f-9642-4f7c-bd15-58f431c5cf0a{ip: 192.168.151.75, host: pr-hdds-2114-2x2fm-437316914, networkLocation: /default-rack, certSerialId: null}, Type:RATIS, Factor:THREE, State:CLOSED]
2019-09-16 17:25:11,463 [org.apache.ratis.server.impl.LogAppender$AppenderDaemon$$Lambda$485/1974557644@69468c94] ERROR ratis.XceiverServerRatis (XceiverServerRatis.java:triggerPipelineClose(568)) - pipeline Action CLOSE  on pipeline PipelineID=73746d72-b06f-4f49-8943-4c49021cb2bc.Reason : 08c3c9a3-c92b-48ae-803a-081cb99550ef has not seen follower/s 2565157f-9642-4f7c-bd15-58f431c5cf0a for 164954ms a5d3a44e-87a4-4ffe-bd57-d4dea2700ae7 for 164955ms
2019-09-16 17:25:11,476 [org.apache.ratis.server.impl.LogAppender$AppenderDaemon$$Lambda$485/1974557644@507e2707] ERROR ratis.XceiverServerRatis (XceiverServerRatis.java:triggerPipelineClose(568)) - pipeline Action CLOSE  on pipeline PipelineID=73746d72-b06f-4f49-8943-4c49021cb2bc.Reason : 08c3c9a3-c92b-48ae-803a-081cb99550ef has not seen follower/s 2565157f-9642-4f7c-bd15-58f431c5cf0a for 164968ms a5d3a44e-87a4-4ffe-bd57-d4dea2700ae7 for 164968ms
2019-09-16 17:25:11,951 [EventQueue-PipelineActionsForPipelineActionHandler] ERROR pipeline.PipelineActionHandler (PipelineActionHandler.java:onMessage(60)) - Received pipeline action CLOSE for Pipeline[ Id: 73746d72-b06f-4f49-8943-4c49021cb2bc, Nodes: a5d3a44e-87a4-4ffe-bd57-d4dea2700ae7{ip: 192.168.151.75, host: pr-hdds-2114-2x2fm-437316914, networkLocation: /default-rack, certSerialId: null}08c3c9a3-c92b-48ae-803a-081cb99550ef{ip: 192.168.151.75, host: pr-hdds-2114-2x2fm-437316914, networkLocation: /default-rack, certSerialId: null}2565157f-9642-4f7c-bd15-58f431c5cf0a{ip: 192.168.151.75, host: pr-hdds-2114-2x2fm-437316914, networkLocation: /default-rack, certSerialId: null}, Type:RATIS, Factor:THREE, State:CLOSED] from datanode 08c3c9a3-c92b-48ae-803a-081cb99550ef{ip: 192.168.151.75, host: pr-hdds-2114-2x2fm-437316914, networkLocation: /default-rack, certSerialId: null}. Reason : 08c3c9a3-c92b-48ae-803a-081cb99550ef has not seen follower/s 2565157f-9642-4f7c-bd15-58f431c5cf0a for 164954ms a5d3a44e-87a4-4ffe-bd57-d4dea2700ae7 for 164955ms
2019-09-16 17:25:11,951 [EventQueue-PipelineActionsForPipelineActionHandler] INFO  pipeline.SCMPipelineManager (SCMPipelineManager.java:finalizeAndDestroyPipeline(311)) - destroying pipeline:Pipeline[ Id: 73746d72-b06f-4f49-8943-4c49021cb2bc, Nodes: a5d3a44e-87a4-4ffe-bd57-d4dea2700ae7{ip: 192.168.151.75, host: pr-hdds-2114-2x2fm-437316914, networkLocation: /default-rack, certSerialId: null}08c3c9a3-c92b-48ae-803a-081cb99550ef{ip: 192.168.151.75, host: pr-hdds-2114-2x2fm-437316914, networkLocation: /default-rack, certSerialId: null}2565157f-9642-4f7c-bd15-58f431c5cf0a{ip: 192.168.151.75, host: pr-hdds-2114-2x2fm-437316914, networkLocation: /default-rack, certSerialId: null}, Type:RATIS, Factor:THREE, State:CLOSED]
2019-09-16 17:25:11,962 [java.util.concurrent.ThreadPoolExecutor$Worker@1fc26504[State = -1, empty queue]] WARN  server.GrpcLogAppender (GrpcLogAppender.java:timeoutAppendRequest(200)) - 08c3c9a3-c92b-48ae-803a-081cb99550ef@group-4C49021CB2BC->a5d3a44e-87a4-4ffe-bd57-d4dea2700ae7-GrpcLogAppender: appendEntries Timeout, request=08c3c9a3-c92b-48ae-803a-081cb99550ef->a5d3a44e-87a4-4ffe-bd57-d4dea2700ae7#77-t1, previous=(t:1, i:12), leaderCommit=6, initializing? false, entries: <empty>
2019-09-16 17:25:11,975 [java.util.concurrent.ThreadPoolExecutor$Worker@ff8e043[State = -1, empty queue]] WARN  server.GrpcLogAppender (GrpcLogAppender.java:timeoutAppendRequest(200)) - 08c3c9a3-c92b-48ae-803a-081cb99550ef@group-4C49021CB2BC->2565157f-9642-4f7c-bd15-58f431c5cf0a-GrpcLogAppender: appendEntries Timeout, request=08c3c9a3-c92b-48ae-803a-081cb99550ef->2565157f-9642-4f7c-bd15-58f431c5cf0a#77-t1, previous=(t:1, i:12), leaderCommit=6, initializing? false, entries: <empty>
2019-09-16 17:25:13,929 [grpc-default-executor-0] INFO  client.GrpcClientProtocolClient (GrpcClientProtocolClient.java:onNext(264)) - client-D2AC5C2F5119->a5d3a44e-87a4-4ffe-bd57-d4dea2700ae7: receive RaftClientReply:client-D2AC5C2F5119->a5d3a44e-87a4-4ffe-bd57-d4dea2700ae7@group-4C49021CB2BC, cid=16, FAILED org.apache.ratis.protocol.NotLeaderException: Server a5d3a44e-87a4-4ffe-bd57-d4dea2700ae7@group-4C49021CB2BC is not the leader 08c3c9a3-c92b-48ae-803a-081cb99550ef:192.168.151.75:43991, logIndex=0, commits[a5d3a44e-87a4-4ffe-bd57-d4dea2700ae7:c6, 2565157f-9642-4f7c-bd15-58f431c5cf0a:c4, 08c3c9a3-c92b-48ae-803a-081cb99550ef:c6]
2019-09-16 17:25:13,963 [org.apache.ratis.server.impl.LogAppender$AppenderDaemon$$Lambda$485/1974557644@69468c94] ERROR ratis.XceiverServerRatis (XceiverServerRatis.java:triggerPipelineClose(568)) - pipeline Action CLOSE  on pipeline PipelineID=73746d72-b06f-4f49-8943-4c49021cb2bc.Reason : 08c3c9a3-c92b-48ae-803a-081cb99550ef has not seen follower/s 2565157f-9642-4f7c-bd15-58f431c5cf0a for 167455ms a5d3a44e-87a4-4ffe-bd57-d4dea2700ae7 for 167455ms
2019-09-16 17:25:13,976 [org.apache.ratis.server.impl.LogAppender$AppenderDaemon$$Lambda$485/1974557644@507e2707] ERROR ratis.XceiverServerRatis (XceiverServerRatis.java:triggerPipelineClose(568)) - pipeline Action CLOSE  on pipeline PipelineID=73746d72-b06f-4f49-8943-4c49021cb2bc.Reason : 08c3c9a3-c92b-48ae-803a-081cb99550ef has not seen follower/s 2565157f-9642-4f7c-bd15-58f431c5cf0a for 167468ms a5d3a44e-87a4-4ffe-bd57-d4dea2700ae7 for 167468ms
2019-09-16 17:25:14,462 [java.util.concurrent.ThreadPoolExecutor$Worker@1fc26504[State = -1, empty queue]] WARN  server.GrpcLogAppender (GrpcLogAppender.java:timeoutAppendRequest(200)) - 08c3c9a3-c92b-48ae-803a-081cb99550ef@group-4C49021CB2BC->a5d3a44e-87a4-4ffe-bd57-d4dea2700ae7-GrpcLogAppender: appendEntries Timeout, request=08c3c9a3-c92b-48ae-803a-081cb99550ef->a5d3a44e-87a4-4ffe-bd57-d4dea2700ae7#78-t1, previous=(t:1, i:12), leaderCommit=6, initializing? false, entries: <empty>
2019-09-16 17:25:14,475 [java.util.concurrent.ThreadPoolExecutor$Worker@ff8e043[State = -1, empty queue]] WARN  server.GrpcLogAppender (GrpcLogAppender.java:timeoutAppendRequest(200)) - 08c3c9a3-c92b-48ae-803a-081cb99550ef@group-4C49021CB2BC->2565157f-9642-4f7c-bd15-58f431c5cf0a-GrpcLogAppender: appendEntries Timeout, request=08c3c9a3-c92b-48ae-803a-081cb99550ef->2565157f-9642-4f7c-bd15-58f431c5cf0a#78-t1, previous=(t:1, i:12), leaderCommit=6, initializing? false, entries: <empty>
2019-09-16 17:25:14,951 [EventQueue-PipelineActionsForPipelineActionHandler] ERROR pipeline.PipelineActionHandler (PipelineActionHandler.java:onMessage(60)) - Received pipeline action CLOSE for Pipeline[ Id: 73746d72-b06f-4f49-8943-4c49021cb2bc, Nodes: a5d3a44e-87a4-4ffe-bd57-d4dea2700ae7{ip: 192.168.151.75, host: pr-hdds-2114-2x2fm-437316914, networkLocation: /default-rack, certSerialId: null}08c3c9a3-c92b-48ae-803a-081cb99550ef{ip: 192.168.151.75, host: pr-hdds-2114-2x2fm-437316914, networkLocation: /default-rack, certSerialId: null}2565157f-9642-4f7c-bd15-58f431c5cf0a{ip: 192.168.151.75, host: pr-hdds-2114-2x2fm-437316914, networkLocation: /default-rack, certSerialId: null}, Type:RATIS, Factor:THREE, State:CLOSED] from datanode 08c3c9a3-c92b-48ae-803a-081cb99550ef{ip: 192.168.151.75, host: pr-hdds-2114-2x2fm-437316914, networkLocation: /default-rack, certSerialId: null}. Reason : 08c3c9a3-c92b-48ae-803a-081cb99550ef has not seen follower/s 2565157f-9642-4f7c-bd15-58f431c5cf0a for 167455ms a5d3a44e-87a4-4ffe-bd57-d4dea2700ae7 for 167455ms
2019-09-16 17:25:14,951 [EventQueue-PipelineActionsForPipelineActionHandler] INFO  pipeline.SCMPipelineManager (SCMPipelineManager.java:finalizeAndDestroyPipeline(311)) - destroying pipeline:Pipeline[ Id: 73746d72-b06f-4f49-8943-4c49021cb2bc, Nodes: a5d3a44e-87a4-4ffe-bd57-d4dea2700ae7{ip: 192.168.151.75, host: pr-hdds-2114-2x2fm-437316914, networkLocation: /default-rack, certSerialId: null}08c3c9a3-c92b-48ae-803a-081cb99550ef{ip: 192.168.151.75, host: pr-hdds-2114-2x2fm-437316914, networkLocation: /default-rack, certSerialId: null}2565157f-9642-4f7c-bd15-58f431c5cf0a{ip: 192.168.151.75, host: pr-hdds-2114-2x2fm-437316914, networkLocation: /default-rack, certSerialId: null}, Type:RATIS, Factor:THREE, State:CLOSED]
2019-09-16 17:25:16,464 [org.apache.ratis.server.impl.LogAppender$AppenderDaemon$$Lambda$485/1974557644@69468c94] ERROR ratis.XceiverServerRatis (XceiverServerRatis.java:triggerPipelineClose(568)) - pipeline Action CLOSE  on pipeline PipelineID=73746d72-b06f-4f49-8943-4c49021cb2bc.Reason : 08c3c9a3-c92b-48ae-803a-081cb99550ef has not seen follower/s 2565157f-9642-4f7c-bd15-58f431c5cf0a for 169956ms a5d3a44e-87a4-4ffe-bd57-d4dea2700ae7 for 169956ms
2019-09-16 17:25:16,477 [org.apache.ratis.server.impl.LogAppender$AppenderDaemon$$Lambda$485/1974557644@507e2707] ERROR ratis.XceiverServerRatis (XceiverServerRatis.java:triggerPipelineClose(568)) - pipeline Action CLOSE  on pipeline PipelineID=73746d72-b06f-4f49-8943-4c49021cb2bc.Reason : 08c3c9a3-c92b-48ae-803a-081cb99550ef has not seen follower/s 2565157f-9642-4f7c-bd15-58f431c5cf0a for 169969ms a5d3a44e-87a4-4ffe-bd57-d4dea2700ae7 for 169969ms
2019-09-16 17:25:16,900 [a5d3a44e-87a4-4ffe-bd57-d4dea2700ae7@group-4C49021CB2BC-SegmentedRaftLogWorker] WARN  segmented.SegmentedRaftLogWorker (SegmentedRaftLogWorker.java:getFromFuture(90)) - Timeout 16/~
org.apache.ratis.protocol.TimeoutIOException: Timeout 10s: WriteLog:8: (t:1, i:8), STATEMACHINELOGENTRY, client-D2AC5C2F5119, cid=17-writeStateMachineData
	at org.apache.ratis.util.IOUtils.getFromFuture(IOUtils.java:87)
	at org.apache.ratis.server.raftlog.segmented.SegmentedRaftLogWorker$StateMachineDataPolicy.getFromFuture(SegmentedRaftLogWorker.java:87)
	at org.apache.ratis.server.raftlog.segmented.SegmentedRaftLogWorker$WriteLog.execute(SegmentedRaftLogWorker.java:477)
	at org.apache.ratis.server.raftlog.segmented.SegmentedRaftLogWorker.run(SegmentedRaftLogWorker.java:289)
	at java.lang.Thread.run(Thread.java:748)
Caused by: java.util.concurrent.TimeoutException
	at java.util.concurrent.CompletableFuture.timedGet(CompletableFuture.java:1771)
	at java.util.concurrent.CompletableFuture.get(CompletableFuture.java:1915)
	at org.apache.ratis.util.IOUtils.getFromFuture(IOUtils.java:79)
	... 4 more
2019-09-16 17:25:16,949 [2565157f-9642-4f7c-bd15-58f431c5cf0a@group-4C49021CB2BC-SegmentedRaftLogWorker] WARN  segmented.SegmentedRaftLogWorker (SegmentedRaftLogWorker.java:getFromFuture(90)) - Timeout 16/~
org.apache.ratis.protocol.TimeoutIOException: Timeout 10s: WriteLog:8: (t:1, i:8), STATEMACHINELOGENTRY, client-D2AC5C2F5119, cid=17-writeStateMachineData
	at org.apache.ratis.util.IOUtils.getFromFuture(IOUtils.java:87)
	at org.apache.ratis.server.raftlog.segmented.SegmentedRaftLogWorker$StateMachineDataPolicy.getFromFuture(SegmentedRaftLogWorker.java:87)
	at org.apache.ratis.server.raftlog.segmented.SegmentedRaftLogWorker$WriteLog.execute(SegmentedRaftLogWorker.java:477)
	at org.apache.ratis.server.raftlog.segmented.SegmentedRaftLogWorker.run(SegmentedRaftLogWorker.java:289)
	at java.lang.Thread.run(Thread.java:748)
Caused by: java.util.concurrent.TimeoutException
	at java.util.concurrent.CompletableFuture.timedGet(CompletableFuture.java:1771)
	at java.util.concurrent.CompletableFuture.get(CompletableFuture.java:1915)
	at org.apache.ratis.util.IOUtils.getFromFuture(IOUtils.java:79)
	... 4 more
2019-09-16 17:25:16,951 [08c3c9a3-c92b-48ae-803a-081cb99550ef@group-4C49021CB2BC-SegmentedRaftLogWorker] WARN  segmented.SegmentedRaftLogWorker (SegmentedRaftLogWorker.java:getFromFuture(90)) - Timeout 16/~
org.apache.ratis.protocol.TimeoutIOException: Timeout 10s: WriteLog:8: (t:1, i:8), STATEMACHINELOGENTRY, client-D2AC5C2F5119, cid=17-writeStateMachineData
	at org.apache.ratis.util.IOUtils.getFromFuture(IOUtils.java:87)
	at org.apache.ratis.server.raftlog.segmented.SegmentedRaftLogWorker$StateMachineDataPolicy.getFromFuture(SegmentedRaftLogWorker.java:87)
	at org.apache.ratis.server.raftlog.segmented.SegmentedRaftLogWorker$WriteLog.execute(SegmentedRaftLogWorker.java:477)
	at org.apache.ratis.server.raftlog.segmented.SegmentedRaftLogWorker.run(SegmentedRaftLogWorker.java:289)
	at java.lang.Thread.run(Thread.java:748)
Caused by: java.util.concurrent.TimeoutException
	at java.util.concurrent.CompletableFuture.timedGet(CompletableFuture.java:1771)
	at java.util.concurrent.CompletableFuture.get(CompletableFuture.java:1915)
	at org.apache.ratis.util.IOUtils.getFromFuture(IOUtils.java:79)
	... 4 more
2019-09-16 17:25:16,951 [EventQueue-PipelineActionsForPipelineActionHandler] ERROR pipeline.PipelineActionHandler (PipelineActionHandler.java:onMessage(60)) - Received pipeline action CLOSE for Pipeline[ Id: 73746d72-b06f-4f49-8943-4c49021cb2bc, Nodes: a5d3a44e-87a4-4ffe-bd57-d4dea2700ae7{ip: 192.168.151.75, host: pr-hdds-2114-2x2fm-437316914, networkLocation: /default-rack, certSerialId: null}08c3c9a3-c92b-48ae-803a-081cb99550ef{ip: 192.168.151.75, host: pr-hdds-2114-2x2fm-437316914, networkLocation: /default-rack, certSerialId: null}2565157f-9642-4f7c-bd15-58f431c5cf0a{ip: 192.168.151.75, host: pr-hdds-2114-2x2fm-437316914, networkLocation: /default-rack, certSerialId: null}, Type:RATIS, Factor:THREE, State:CLOSED] from datanode 08c3c9a3-c92b-48ae-803a-081cb99550ef{ip: 192.168.151.75, host: pr-hdds-2114-2x2fm-437316914, networkLocation: /default-rack, certSerialId: null}. Reason : 08c3c9a3-c92b-48ae-803a-081cb99550ef has not seen follower/s 2565157f-9642-4f7c-bd15-58f431c5cf0a for 169956ms a5d3a44e-87a4-4ffe-bd57-d4dea2700ae7 for 169956ms
2019-09-16 17:25:16,952 [EventQueue-PipelineActionsForPipelineActionHandler] INFO  pipeline.SCMPipelineManager (SCMPipelineManager.java:finalizeAndDestroyPipeline(311)) - destroying pipeline:Pipeline[ Id: 73746d72-b06f-4f49-8943-4c49021cb2bc, Nodes: a5d3a44e-87a4-4ffe-bd57-d4dea2700ae7{ip: 192.168.151.75, host: pr-hdds-2114-2x2fm-437316914, networkLocation: /default-rack, certSerialId: null}08c3c9a3-c92b-48ae-803a-081cb99550ef{ip: 192.168.151.75, host: pr-hdds-2114-2x2fm-437316914, networkLocation: /default-rack, certSerialId: null}2565157f-9642-4f7c-bd15-58f431c5cf0a{ip: 192.168.151.75, host: pr-hdds-2114-2x2fm-437316914, networkLocation: /default-rack, certSerialId: null}, Type:RATIS, Factor:THREE, State:CLOSED]
2019-09-16 17:25:16,963 [java.util.concurrent.ThreadPoolExecutor$Worker@1fc26504[State = -1, empty queue]] WARN  server.GrpcLogAppender (GrpcLogAppender.java:timeoutAppendRequest(200)) - 08c3c9a3-c92b-48ae-803a-081cb99550ef@group-4C49021CB2BC->a5d3a44e-87a4-4ffe-bd57-d4dea2700ae7-GrpcLogAppender: appendEntries Timeout, request=08c3c9a3-c92b-48ae-803a-081cb99550ef->a5d3a44e-87a4-4ffe-bd57-d4dea2700ae7#79-t1, previous=(t:1, i:12), leaderCommit=6, initializing? false, entries: <empty>
2019-09-16 17:25:16,976 [java.util.concurrent.ThreadPoolExecutor$Worker@ff8e043[State = -1, empty queue]] WARN  server.GrpcLogAppender (GrpcLogAppender.java:timeoutAppendRequest(200)) - 08c3c9a3-c92b-48ae-803a-081cb99550ef@group-4C49021CB2BC->2565157f-9642-4f7c-bd15-58f431c5cf0a-GrpcLogAppender: appendEntries Timeout, request=08c3c9a3-c92b-48ae-803a-081cb99550ef->2565157f-9642-4f7c-bd15-58f431c5cf0a#79-t1, previous=(t:1, i:12), leaderCommit=6, initializing? false, entries: <empty>
2019-09-16 17:25:18,965 [org.apache.ratis.server.impl.LogAppender$AppenderDaemon$$Lambda$485/1974557644@69468c94] ERROR ratis.XceiverServerRatis (XceiverServerRatis.java:triggerPipelineClose(568)) - pipeline Action CLOSE  on pipeline PipelineID=73746d72-b06f-4f49-8943-4c49021cb2bc.Reason : 08c3c9a3-c92b-48ae-803a-081cb99550ef has not seen follower/s 2565157f-9642-4f7c-bd15-58f431c5cf0a for 172457ms a5d3a44e-87a4-4ffe-bd57-d4dea2700ae7 for 172457ms
2019-09-16 17:25:18,978 [org.apache.ratis.server.impl.LogAppender$AppenderDaemon$$Lambda$485/1974557644@507e2707] ERROR ratis.XceiverServerRatis (XceiverServerRatis.java:triggerPipelineClose(568)) - pipeline Action CLOSE  on pipeline PipelineID=73746d72-b06f-4f49-8943-4c49021cb2bc.Reason : 08c3c9a3-c92b-48ae-803a-081cb99550ef has not seen follower/s 2565157f-9642-4f7c-bd15-58f431c5cf0a for 172470ms a5d3a44e-87a4-4ffe-bd57-d4dea2700ae7 for 172470ms
2019-09-16 17:25:18,979 [grpc-default-executor-0] INFO  client.GrpcClientProtocolClient (GrpcClientProtocolClient.java:onNext(264)) - client-D2AC5C2F5119->2565157f-9642-4f7c-bd15-58f431c5cf0a: receive RaftClientReply:client-D2AC5C2F5119->2565157f-9642-4f7c-bd15-58f431c5cf0a@group-4C49021CB2BC, cid=16, FAILED org.apache.ratis.protocol.NotLeaderException: Server 2565157f-9642-4f7c-bd15-58f431c5cf0a@group-4C49021CB2BC is not the leader 08c3c9a3-c92b-48ae-803a-081cb99550ef:192.168.151.75:43991, logIndex=0, commits[2565157f-9642-4f7c-bd15-58f431c5cf0a:c6, a5d3a44e-87a4-4ffe-bd57-d4dea2700ae7:c4, 08c3c9a3-c92b-48ae-803a-081cb99550ef:c6]
2019-09-16 17:25:19,464 [java.util.concurrent.ThreadPoolExecutor$Worker@1fc26504[State = -1, empty queue]] WARN  server.GrpcLogAppender (GrpcLogAppender.java:timeoutAppendRequest(200)) - 08c3c9a3-c92b-48ae-803a-081cb99550ef@group-4C49021CB2BC->a5d3a44e-87a4-4ffe-bd57-d4dea2700ae7-GrpcLogAppender: appendEntries Timeout, request=08c3c9a3-c92b-48ae-803a-081cb99550ef->a5d3a44e-87a4-4ffe-bd57-d4dea2700ae7#80-t1, previous=(t:1, i:12), leaderCommit=6, initializing? false, entries: <empty>
2019-09-16 17:25:19,477 [java.util.concurrent.ThreadPoolExecutor$Worker@ff8e043[State = -1, empty queue]] WARN  server.GrpcLogAppender (GrpcLogAppender.java:timeoutAppendRequest(200)) - 08c3c9a3-c92b-48ae-803a-081cb99550ef@group-4C49021CB2BC->2565157f-9642-4f7c-bd15-58f431c5cf0a-GrpcLogAppender: appendEntries Timeout, request=08c3c9a3-c92b-48ae-803a-081cb99550ef->2565157f-9642-4f7c-bd15-58f431c5cf0a#80-t1, previous=(t:1, i:12), leaderCommit=6, initializing? false, entries: <empty>
2019-09-16 17:25:19,952 [EventQueue-PipelineActionsForPipelineActionHandler] ERROR pipeline.PipelineActionHandler (PipelineActionHandler.java:onMessage(60)) - Received pipeline action CLOSE for Pipeline[ Id: 73746d72-b06f-4f49-8943-4c49021cb2bc, Nodes: a5d3a44e-87a4-4ffe-bd57-d4dea2700ae7{ip: 192.168.151.75, host: pr-hdds-2114-2x2fm-437316914, networkLocation: /default-rack, certSerialId: null}08c3c9a3-c92b-48ae-803a-081cb99550ef{ip: 192.168.151.75, host: pr-hdds-2114-2x2fm-437316914, networkLocation: /default-rack, certSerialId: null}2565157f-9642-4f7c-bd15-58f431c5cf0a{ip: 192.168.151.75, host: pr-hdds-2114-2x2fm-437316914, networkLocation: /default-rack, certSerialId: null}, Type:RATIS, Factor:THREE, State:CLOSED] from datanode 08c3c9a3-c92b-48ae-803a-081cb99550ef{ip: 192.168.151.75, host: pr-hdds-2114-2x2fm-437316914, networkLocation: /default-rack, certSerialId: null}. Reason : 08c3c9a3-c92b-48ae-803a-081cb99550ef has not seen follower/s 2565157f-9642-4f7c-bd15-58f431c5cf0a for 172457ms a5d3a44e-87a4-4ffe-bd57-d4dea2700ae7 for 172457ms
2019-09-16 17:25:19,952 [EventQueue-PipelineActionsForPipelineActionHandler] INFO  pipeline.SCMPipelineManager (SCMPipelineManager.java:finalizeAndDestroyPipeline(311)) - destroying pipeline:Pipeline[ Id: 73746d72-b06f-4f49-8943-4c49021cb2bc, Nodes: a5d3a44e-87a4-4ffe-bd57-d4dea2700ae7{ip: 192.168.151.75, host: pr-hdds-2114-2x2fm-437316914, networkLocation: /default-rack, certSerialId: null}08c3c9a3-c92b-48ae-803a-081cb99550ef{ip: 192.168.151.75, host: pr-hdds-2114-2x2fm-437316914, networkLocation: /default-rack, certSerialId: null}2565157f-9642-4f7c-bd15-58f431c5cf0a{ip: 192.168.151.75, host: pr-hdds-2114-2x2fm-437316914, networkLocation: /default-rack, certSerialId: null}, Type:RATIS, Factor:THREE, State:CLOSED]
2019-09-16 17:25:21,466 [org.apache.ratis.server.impl.LogAppender$AppenderDaemon$$Lambda$485/1974557644@69468c94] ERROR ratis.XceiverServerRatis (XceiverServerRatis.java:triggerPipelineClose(568)) - pipeline Action CLOSE  on pipeline PipelineID=73746d72-b06f-4f49-8943-4c49021cb2bc.Reason : 08c3c9a3-c92b-48ae-803a-081cb99550ef has not seen follower/s 2565157f-9642-4f7c-bd15-58f431c5cf0a for 174958ms a5d3a44e-87a4-4ffe-bd57-d4dea2700ae7 for 174958ms
2019-09-16 17:25:21,479 [org.apache.ratis.server.impl.LogAppender$AppenderDaemon$$Lambda$485/1974557644@507e2707] ERROR ratis.XceiverServerRatis (XceiverServerRatis.java:triggerPipelineClose(568)) - pipeline Action CLOSE  on pipeline PipelineID=73746d72-b06f-4f49-8943-4c49021cb2bc.Reason : 08c3c9a3-c92b-48ae-803a-081cb99550ef has not seen follower/s 2565157f-9642-4f7c-bd15-58f431c5cf0a for 174971ms a5d3a44e-87a4-4ffe-bd57-d4dea2700ae7 for 174971ms
2019-09-16 17:25:21,952 [EventQueue-PipelineActionsForPipelineActionHandler] ERROR pipeline.PipelineActionHandler (PipelineActionHandler.java:onMessage(60)) - Received pipeline action CLOSE for Pipeline[ Id: 73746d72-b06f-4f49-8943-4c49021cb2bc, Nodes: a5d3a44e-87a4-4ffe-bd57-d4dea2700ae7{ip: 192.168.151.75, host: pr-hdds-2114-2x2fm-437316914, networkLocation: /default-rack, certSerialId: null}08c3c9a3-c92b-48ae-803a-081cb99550ef{ip: 192.168.151.75, host: pr-hdds-2114-2x2fm-437316914, networkLocation: /default-rack, certSerialId: null}2565157f-9642-4f7c-bd15-58f431c5cf0a{ip: 192.168.151.75, host: pr-hdds-2114-2x2fm-437316914, networkLocation: /default-rack, certSerialId: null}, Type:RATIS, Factor:THREE, State:CLOSED] from datanode 08c3c9a3-c92b-48ae-803a-081cb99550ef{ip: 192.168.151.75, host: pr-hdds-2114-2x2fm-437316914, networkLocation: /default-rack, certSerialId: null}. Reason : 08c3c9a3-c92b-48ae-803a-081cb99550ef has not seen follower/s 2565157f-9642-4f7c-bd15-58f431c5cf0a for 174958ms a5d3a44e-87a4-4ffe-bd57-d4dea2700ae7 for 174958ms
2019-09-16 17:25:21,953 [EventQueue-PipelineActionsForPipelineActionHandler] INFO  pipeline.SCMPipelineManager (SCMPipelineManager.java:finalizeAndDestroyPipeline(311)) - destroying pipeline:Pipeline[ Id: 73746d72-b06f-4f49-8943-4c49021cb2bc, Nodes: a5d3a44e-87a4-4ffe-bd57-d4dea2700ae7{ip: 192.168.151.75, host: pr-hdds-2114-2x2fm-437316914, networkLocation: /default-rack, certSerialId: null}08c3c9a3-c92b-48ae-803a-081cb99550ef{ip: 192.168.151.75, host: pr-hdds-2114-2x2fm-437316914, networkLocation: /default-rack, certSerialId: null}2565157f-9642-4f7c-bd15-58f431c5cf0a{ip: 192.168.151.75, host: pr-hdds-2114-2x2fm-437316914, networkLocation: /default-rack, certSerialId: null}, Type:RATIS, Factor:THREE, State:CLOSED]
2019-09-16 17:25:21,965 [java.util.concurrent.ThreadPoolExecutor$Worker@1fc26504[State = -1, empty queue]] WARN  server.GrpcLogAppender (GrpcLogAppender.java:timeoutAppendRequest(200)) - 08c3c9a3-c92b-48ae-803a-081cb99550ef@group-4C49021CB2BC->a5d3a44e-87a4-4ffe-bd57-d4dea2700ae7-GrpcLogAppender: appendEntries Timeout, request=08c3c9a3-c92b-48ae-803a-081cb99550ef->a5d3a44e-87a4-4ffe-bd57-d4dea2700ae7#81-t1, previous=(t:1, i:12), leaderCommit=6, initializing? false, entries: <empty>
2019-09-16 17:25:21,978 [java.util.concurrent.ThreadPoolExecutor$Worker@ff8e043[State = -1, empty queue]] WARN  server.GrpcLogAppender (GrpcLogAppender.java:timeoutAppendRequest(200)) - 08c3c9a3-c92b-48ae-803a-081cb99550ef@group-4C49021CB2BC->2565157f-9642-4f7c-bd15-58f431c5cf0a-GrpcLogAppender: appendEntries Timeout, request=08c3c9a3-c92b-48ae-803a-081cb99550ef->2565157f-9642-4f7c-bd15-58f431c5cf0a#81-t1, previous=(t:1, i:12), leaderCommit=6, initializing? false, entries: <empty>
2019-09-16 17:25:23,967 [org.apache.ratis.server.impl.LogAppender$AppenderDaemon$$Lambda$485/1974557644@69468c94] ERROR ratis.XceiverServerRatis (XceiverServerRatis.java:triggerPipelineClose(568)) - pipeline Action CLOSE  on pipeline PipelineID=73746d72-b06f-4f49-8943-4c49021cb2bc.Reason : 08c3c9a3-c92b-48ae-803a-081cb99550ef has not seen follower/s 2565157f-9642-4f7c-bd15-58f431c5cf0a for 177459ms a5d3a44e-87a4-4ffe-bd57-d4dea2700ae7 for 177459ms
2019-09-16 17:25:23,980 [org.apache.ratis.server.impl.LogAppender$AppenderDaemon$$Lambda$485/1974557644@507e2707] ERROR ratis.XceiverServerRatis (XceiverServerRatis.java:triggerPipelineClose(568)) - pipeline Action CLOSE  on pipeline PipelineID=73746d72-b06f-4f49-8943-4c49021cb2bc.Reason : 08c3c9a3-c92b-48ae-803a-081cb99550ef has not seen follower/s 2565157f-9642-4f7c-bd15-58f431c5cf0a for 177472ms a5d3a44e-87a4-4ffe-bd57-d4dea2700ae7 for 177472ms
2019-09-16 17:25:24,039 [grpc-default-executor-0] INFO  client.GrpcClientProtocolClient (GrpcClientProtocolClient.java:onNext(264)) - client-D2AC5C2F5119->a5d3a44e-87a4-4ffe-bd57-d4dea2700ae7: receive RaftClientReply:client-D2AC5C2F5119->a5d3a44e-87a4-4ffe-bd57-d4dea2700ae7@group-4C49021CB2BC, cid=16, FAILED org.apache.ratis.protocol.NotLeaderException: Server a5d3a44e-87a4-4ffe-bd57-d4dea2700ae7@group-4C49021CB2BC is not the leader 08c3c9a3-c92b-48ae-803a-081cb99550ef:192.168.151.75:43991, logIndex=0, commits[a5d3a44e-87a4-4ffe-bd57-d4dea2700ae7:c6, 2565157f-9642-4f7c-bd15-58f431c5cf0a:c4, 08c3c9a3-c92b-48ae-803a-081cb99550ef:c6]
2019-09-16 17:25:24,466 [java.util.concurrent.ThreadPoolExecutor$Worker@1fc26504[State = -1, empty queue]] WARN  server.GrpcLogAppender (GrpcLogAppender.java:timeoutAppendRequest(200)) - 08c3c9a3-c92b-48ae-803a-081cb99550ef@group-4C49021CB2BC->a5d3a44e-87a4-4ffe-bd57-d4dea2700ae7-GrpcLogAppender: appendEntries Timeout, request=08c3c9a3-c92b-48ae-803a-081cb99550ef->a5d3a44e-87a4-4ffe-bd57-d4dea2700ae7#82-t1, previous=(t:1, i:12), leaderCommit=6, initializing? false, entries: <empty>
2019-09-16 17:25:24,479 [java.util.concurrent.ThreadPoolExecutor$Worker@ff8e043[State = -1, empty queue]] WARN  server.GrpcLogAppender (GrpcLogAppender.java:timeoutAppendRequest(200)) - 08c3c9a3-c92b-48ae-803a-081cb99550ef@group-4C49021CB2BC->2565157f-9642-4f7c-bd15-58f431c5cf0a-GrpcLogAppender: appendEntries Timeout, request=08c3c9a3-c92b-48ae-803a-081cb99550ef->2565157f-9642-4f7c-bd15-58f431c5cf0a#82-t1, previous=(t:1, i:12), leaderCommit=6, initializing? false, entries: <empty>
2019-09-16 17:25:24,952 [EventQueue-PipelineActionsForPipelineActionHandler] ERROR pipeline.PipelineActionHandler (PipelineActionHandler.java:onMessage(60)) - Received pipeline action CLOSE for Pipeline[ Id: 73746d72-b06f-4f49-8943-4c49021cb2bc, Nodes: a5d3a44e-87a4-4ffe-bd57-d4dea2700ae7{ip: 192.168.151.75, host: pr-hdds-2114-2x2fm-437316914, networkLocation: /default-rack, certSerialId: null}08c3c9a3-c92b-48ae-803a-081cb99550ef{ip: 192.168.151.75, host: pr-hdds-2114-2x2fm-437316914, networkLocation: /default-rack, certSerialId: null}2565157f-9642-4f7c-bd15-58f431c5cf0a{ip: 192.168.151.75, host: pr-hdds-2114-2x2fm-437316914, networkLocation: /default-rack, certSerialId: null}, Type:RATIS, Factor:THREE, State:CLOSED] from datanode 08c3c9a3-c92b-48ae-803a-081cb99550ef{ip: 192.168.151.75, host: pr-hdds-2114-2x2fm-437316914, networkLocation: /default-rack, certSerialId: null}. Reason : 08c3c9a3-c92b-48ae-803a-081cb99550ef has not seen follower/s 2565157f-9642-4f7c-bd15-58f431c5cf0a for 177459ms a5d3a44e-87a4-4ffe-bd57-d4dea2700ae7 for 177459ms
2019-09-16 17:25:24,952 [EventQueue-PipelineActionsForPipelineActionHandler] INFO  pipeline.SCMPipelineManager (SCMPipelineManager.java:finalizeAndDestroyPipeline(311)) - destroying pipeline:Pipeline[ Id: 73746d72-b06f-4f49-8943-4c49021cb2bc, Nodes: a5d3a44e-87a4-4ffe-bd57-d4dea2700ae7{ip: 192.168.151.75, host: pr-hdds-2114-2x2fm-437316914, networkLocation: /default-rack, certSerialId: null}08c3c9a3-c92b-48ae-803a-081cb99550ef{ip: 192.168.151.75, host: pr-hdds-2114-2x2fm-437316914, networkLocation: /default-rack, certSerialId: null}2565157f-9642-4f7c-bd15-58f431c5cf0a{ip: 192.168.151.75, host: pr-hdds-2114-2x2fm-437316914, networkLocation: /default-rack, certSerialId: null}, Type:RATIS, Factor:THREE, State:CLOSED]
2019-09-16 17:25:26,468 [org.apache.ratis.server.impl.LogAppender$AppenderDaemon$$Lambda$485/1974557644@69468c94] ERROR ratis.XceiverServerRatis (XceiverServerRatis.java:triggerPipelineClose(568)) - pipeline Action CLOSE  on pipeline PipelineID=73746d72-b06f-4f49-8943-4c49021cb2bc.Reason : 08c3c9a3-c92b-48ae-803a-081cb99550ef has not seen follower/s 2565157f-9642-4f7c-bd15-58f431c5cf0a for 179960ms a5d3a44e-87a4-4ffe-bd57-d4dea2700ae7 for 179960ms
2019-09-16 17:25:26,481 [org.apache.ratis.server.impl.LogAppender$AppenderDaemon$$Lambda$485/1974557644@507e2707] ERROR ratis.XceiverServerRatis (XceiverServerRatis.java:triggerPipelineClose(568)) - pipeline Action CLOSE  on pipeline PipelineID=73746d72-b06f-4f49-8943-4c49021cb2bc.Reason : 08c3c9a3-c92b-48ae-803a-081cb99550ef has not seen follower/s 2565157f-9642-4f7c-bd15-58f431c5cf0a for 179973ms a5d3a44e-87a4-4ffe-bd57-d4dea2700ae7 for 179973ms
2019-09-16 17:25:26,901 [a5d3a44e-87a4-4ffe-bd57-d4dea2700ae7@group-4C49021CB2BC-SegmentedRaftLogWorker] WARN  segmented.SegmentedRaftLogWorker (SegmentedRaftLogWorker.java:getFromFuture(90)) - Timeout 17/~
org.apache.ratis.protocol.TimeoutIOException: Timeout 10s: WriteLog:8: (t:1, i:8), STATEMACHINELOGENTRY, client-D2AC5C2F5119, cid=17-writeStateMachineData
	at org.apache.ratis.util.IOUtils.getFromFuture(IOUtils.java:87)
	at org.apache.ratis.server.raftlog.segmented.SegmentedRaftLogWorker$StateMachineDataPolicy.getFromFuture(SegmentedRaftLogWorker.java:87)
	at org.apache.ratis.server.raftlog.segmented.SegmentedRaftLogWorker$WriteLog.execute(SegmentedRaftLogWorker.java:477)
	at org.apache.ratis.server.raftlog.segmented.SegmentedRaftLogWorker.run(SegmentedRaftLogWorker.java:289)
	at java.lang.Thread.run(Thread.java:748)
Caused by: java.util.concurrent.TimeoutException
	at java.util.concurrent.CompletableFuture.timedGet(CompletableFuture.java:1771)
	at java.util.concurrent.CompletableFuture.get(CompletableFuture.java:1915)
	at org.apache.ratis.util.IOUtils.getFromFuture(IOUtils.java:79)
	... 4 more
2019-09-16 17:25:26,950 [2565157f-9642-4f7c-bd15-58f431c5cf0a@group-4C49021CB2BC-SegmentedRaftLogWorker] WARN  segmented.SegmentedRaftLogWorker (SegmentedRaftLogWorker.java:getFromFuture(90)) - Timeout 17/~
org.apache.ratis.protocol.TimeoutIOException: Timeout 10s: WriteLog:8: (t:1, i:8), STATEMACHINELOGENTRY, client-D2AC5C2F5119, cid=17-writeStateMachineData
	at org.apache.ratis.util.IOUtils.getFromFuture(IOUtils.java:87)
	at org.apache.ratis.server.raftlog.segmented.SegmentedRaftLogWorker$StateMachineDataPolicy.getFromFuture(SegmentedRaftLogWorker.java:87)
	at org.apache.ratis.server.raftlog.segmented.SegmentedRaftLogWorker$WriteLog.execute(SegmentedRaftLogWorker.java:477)
	at org.apache.ratis.server.raftlog.segmented.SegmentedRaftLogWorker.run(SegmentedRaftLogWorker.java:289)
	at java.lang.Thread.run(Thread.java:748)
Caused by: java.util.concurrent.TimeoutException
	at java.util.concurrent.CompletableFuture.timedGet(CompletableFuture.java:1771)
	at java.util.concurrent.CompletableFuture.get(CompletableFuture.java:1915)
	at org.apache.ratis.util.IOUtils.getFromFuture(IOUtils.java:79)
	... 4 more
2019-09-16 17:25:26,952 [08c3c9a3-c92b-48ae-803a-081cb99550ef@group-4C49021CB2BC-SegmentedRaftLogWorker] WARN  segmented.SegmentedRaftLogWorker (SegmentedRaftLogWorker.java:getFromFuture(90)) - Timeout 17/~
org.apache.ratis.protocol.TimeoutIOException: Timeout 10s: WriteLog:8: (t:1, i:8), STATEMACHINELOGENTRY, client-D2AC5C2F5119, cid=17-writeStateMachineData
	at org.apache.ratis.util.IOUtils.getFromFuture(IOUtils.java:87)
	at org.apache.ratis.server.raftlog.segmented.SegmentedRaftLogWorker$StateMachineDataPolicy.getFromFuture(SegmentedRaftLogWorker.java:87)
	at org.apache.ratis.server.raftlog.segmented.SegmentedRaftLogWorker$WriteLog.execute(SegmentedRaftLogWorker.java:477)
	at org.apache.ratis.server.raftlog.segmented.SegmentedRaftLogWorker.run(SegmentedRaftLogWorker.java:289)
	at java.lang.Thread.run(Thread.java:748)
Caused by: java.util.concurrent.TimeoutException
	at java.util.concurrent.CompletableFuture.timedGet(CompletableFuture.java:1771)
	at java.util.concurrent.CompletableFuture.get(CompletableFuture.java:1915)
	at org.apache.ratis.util.IOUtils.getFromFuture(IOUtils.java:79)
	... 4 more
2019-09-16 17:25:26,952 [EventQueue-PipelineActionsForPipelineActionHandler] ERROR pipeline.PipelineActionHandler (PipelineActionHandler.java:onMessage(60)) - Received pipeline action CLOSE for Pipeline[ Id: 73746d72-b06f-4f49-8943-4c49021cb2bc, Nodes: a5d3a44e-87a4-4ffe-bd57-d4dea2700ae7{ip: 192.168.151.75, host: pr-hdds-2114-2x2fm-437316914, networkLocation: /default-rack, certSerialId: null}08c3c9a3-c92b-48ae-803a-081cb99550ef{ip: 192.168.151.75, host: pr-hdds-2114-2x2fm-437316914, networkLocation: /default-rack, certSerialId: null}2565157f-9642-4f7c-bd15-58f431c5cf0a{ip: 192.168.151.75, host: pr-hdds-2114-2x2fm-437316914, networkLocation: /default-rack, certSerialId: null}, Type:RATIS, Factor:THREE, State:CLOSED] from datanode 08c3c9a3-c92b-48ae-803a-081cb99550ef{ip: 192.168.151.75, host: pr-hdds-2114-2x2fm-437316914, networkLocation: /default-rack, certSerialId: null}. Reason : 08c3c9a3-c92b-48ae-803a-081cb99550ef has not seen follower/s 2565157f-9642-4f7c-bd15-58f431c5cf0a for 179960ms a5d3a44e-87a4-4ffe-bd57-d4dea2700ae7 for 179960ms
2019-09-16 17:25:26,953 [EventQueue-PipelineActionsForPipelineActionHandler] INFO  pipeline.SCMPipelineManager (SCMPipelineManager.java:finalizeAndDestroyPipeline(311)) - destroying pipeline:Pipeline[ Id: 73746d72-b06f-4f49-8943-4c49021cb2bc, Nodes: a5d3a44e-87a4-4ffe-bd57-d4dea2700ae7{ip: 192.168.151.75, host: pr-hdds-2114-2x2fm-437316914, networkLocation: /default-rack, certSerialId: null}08c3c9a3-c92b-48ae-803a-081cb99550ef{ip: 192.168.151.75, host: pr-hdds-2114-2x2fm-437316914, networkLocation: /default-rack, certSerialId: null}2565157f-9642-4f7c-bd15-58f431c5cf0a{ip: 192.168.151.75, host: pr-hdds-2114-2x2fm-437316914, networkLocation: /default-rack, certSerialId: null}, Type:RATIS, Factor:THREE, State:CLOSED]
2019-09-16 17:25:26,967 [java.util.concurrent.ThreadPoolExecutor$Worker@1fc26504[State = -1, empty queue]] WARN  server.GrpcLogAppender (GrpcLogAppender.java:timeoutAppendRequest(200)) - 08c3c9a3-c92b-48ae-803a-081cb99550ef@group-4C49021CB2BC->a5d3a44e-87a4-4ffe-bd57-d4dea2700ae7-GrpcLogAppender: appendEntries Timeout, request=08c3c9a3-c92b-48ae-803a-081cb99550ef->a5d3a44e-87a4-4ffe-bd57-d4dea2700ae7#83-t1, previous=(t:1, i:12), leaderCommit=6, initializing? false, entries: <empty>
2019-09-16 17:25:26,980 [java.util.concurrent.ThreadPoolExecutor$Worker@ff8e043[State = -1, empty queue]] WARN  server.GrpcLogAppender (GrpcLogAppender.java:timeoutAppendRequest(200)) - 08c3c9a3-c92b-48ae-803a-081cb99550ef@group-4C49021CB2BC->2565157f-9642-4f7c-bd15-58f431c5cf0a-GrpcLogAppender: appendEntries Timeout, request=08c3c9a3-c92b-48ae-803a-081cb99550ef->2565157f-9642-4f7c-bd15-58f431c5cf0a#83-t1, previous=(t:1, i:12), leaderCommit=6, initializing? false, entries: <empty>
2019-09-16 17:25:28,968 [org.apache.ratis.server.impl.LogAppender$AppenderDaemon$$Lambda$485/1974557644@69468c94] ERROR ratis.XceiverServerRatis (XceiverServerRatis.java:triggerPipelineClose(568)) - pipeline Action CLOSE  on pipeline PipelineID=73746d72-b06f-4f49-8943-4c49021cb2bc.Reason : 08c3c9a3-c92b-48ae-803a-081cb99550ef has not seen follower/s 2565157f-9642-4f7c-bd15-58f431c5cf0a for 182460ms a5d3a44e-87a4-4ffe-bd57-d4dea2700ae7 for 182460ms
2019-09-16 17:25:28,981 [org.apache.ratis.server.impl.LogAppender$AppenderDaemon$$Lambda$485/1974557644@507e2707] ERROR ratis.XceiverServerRatis (XceiverServerRatis.java:triggerPipelineClose(568)) - pipeline Action CLOSE  on pipeline PipelineID=73746d72-b06f-4f49-8943-4c49021cb2bc.Reason : 08c3c9a3-c92b-48ae-803a-081cb99550ef has not seen follower/s 2565157f-9642-4f7c-bd15-58f431c5cf0a for 182473ms a5d3a44e-87a4-4ffe-bd57-d4dea2700ae7 for 182473ms
2019-09-16 17:25:29,085 [grpc-default-executor-3] INFO  client.GrpcClientProtocolClient (GrpcClientProtocolClient.java:onNext(264)) - client-D2AC5C2F5119->2565157f-9642-4f7c-bd15-58f431c5cf0a: receive RaftClientReply:client-D2AC5C2F5119->2565157f-9642-4f7c-bd15-58f431c5cf0a@group-4C49021CB2BC, cid=16, FAILED org.apache.ratis.protocol.NotLeaderException: Server 2565157f-9642-4f7c-bd15-58f431c5cf0a@group-4C49021CB2BC is not the leader 08c3c9a3-c92b-48ae-803a-081cb99550ef:192.168.151.75:43991, logIndex=0, commits[2565157f-9642-4f7c-bd15-58f431c5cf0a:c6, a5d3a44e-87a4-4ffe-bd57-d4dea2700ae7:c4, 08c3c9a3-c92b-48ae-803a-081cb99550ef:c6]
2019-09-16 17:25:29,468 [java.util.concurrent.ThreadPoolExecutor$Worker@1fc26504[State = -1, empty queue]] WARN  server.GrpcLogAppender (GrpcLogAppender.java:timeoutAppendRequest(200)) - 08c3c9a3-c92b-48ae-803a-081cb99550ef@group-4C49021CB2BC->a5d3a44e-87a4-4ffe-bd57-d4dea2700ae7-GrpcLogAppender: appendEntries Timeout, request=08c3c9a3-c92b-48ae-803a-081cb99550ef->a5d3a44e-87a4-4ffe-bd57-d4dea2700ae7#84-t1, previous=(t:1, i:12), leaderCommit=6, initializing? false, entries: <empty>
2019-09-16 17:25:29,481 [java.util.concurrent.ThreadPoolExecutor$Worker@ff8e043[State = -1, empty queue]] WARN  server.GrpcLogAppender (GrpcLogAppender.java:timeoutAppendRequest(200)) - 08c3c9a3-c92b-48ae-803a-081cb99550ef@group-4C49021CB2BC->2565157f-9642-4f7c-bd15-58f431c5cf0a-GrpcLogAppender: appendEntries Timeout, request=08c3c9a3-c92b-48ae-803a-081cb99550ef->2565157f-9642-4f7c-bd15-58f431c5cf0a#84-t1, previous=(t:1, i:12), leaderCommit=6, initializing? false, entries: <empty>
2019-09-16 17:25:29,952 [EventQueue-PipelineActionsForPipelineActionHandler] ERROR pipeline.PipelineActionHandler (PipelineActionHandler.java:onMessage(60)) - Received pipeline action CLOSE for Pipeline[ Id: 73746d72-b06f-4f49-8943-4c49021cb2bc, Nodes: a5d3a44e-87a4-4ffe-bd57-d4dea2700ae7{ip: 192.168.151.75, host: pr-hdds-2114-2x2fm-437316914, networkLocation: /default-rack, certSerialId: null}08c3c9a3-c92b-48ae-803a-081cb99550ef{ip: 192.168.151.75, host: pr-hdds-2114-2x2fm-437316914, networkLocation: /default-rack, certSerialId: null}2565157f-9642-4f7c-bd15-58f431c5cf0a{ip: 192.168.151.75, host: pr-hdds-2114-2x2fm-437316914, networkLocation: /default-rack, certSerialId: null}, Type:RATIS, Factor:THREE, State:CLOSED] from datanode 08c3c9a3-c92b-48ae-803a-081cb99550ef{ip: 192.168.151.75, host: pr-hdds-2114-2x2fm-437316914, networkLocation: /default-rack, certSerialId: null}. Reason : 08c3c9a3-c92b-48ae-803a-081cb99550ef has not seen follower/s 2565157f-9642-4f7c-bd15-58f431c5cf0a for 182460ms a5d3a44e-87a4-4ffe-bd57-d4dea2700ae7 for 182460ms
2019-09-16 17:25:29,952 [EventQueue-PipelineActionsForPipelineActionHandler] INFO  pipeline.SCMPipelineManager (SCMPipelineManager.java:finalizeAndDestroyPipeline(311)) - destroying pipeline:Pipeline[ Id: 73746d72-b06f-4f49-8943-4c49021cb2bc, Nodes: a5d3a44e-87a4-4ffe-bd57-d4dea2700ae7{ip: 192.168.151.75, host: pr-hdds-2114-2x2fm-437316914, networkLocation: /default-rack, certSerialId: null}08c3c9a3-c92b-48ae-803a-081cb99550ef{ip: 192.168.151.75, host: pr-hdds-2114-2x2fm-437316914, networkLocation: /default-rack, certSerialId: null}2565157f-9642-4f7c-bd15-58f431c5cf0a{ip: 192.168.151.75, host: pr-hdds-2114-2x2fm-437316914, networkLocation: /default-rack, certSerialId: null}, Type:RATIS, Factor:THREE, State:CLOSED]
2019-09-16 17:25:31,469 [org.apache.ratis.server.impl.LogAppender$AppenderDaemon$$Lambda$485/1974557644@69468c94] ERROR ratis.XceiverServerRatis (XceiverServerRatis.java:triggerPipelineClose(568)) - pipeline Action CLOSE  on pipeline PipelineID=73746d72-b06f-4f49-8943-4c49021cb2bc.Reason : 08c3c9a3-c92b-48ae-803a-081cb99550ef has not seen follower/s 2565157f-9642-4f7c-bd15-58f431c5cf0a for 184961ms a5d3a44e-87a4-4ffe-bd57-d4dea2700ae7 for 184961ms
2019-09-16 17:25:31,482 [org.apache.ratis.server.impl.LogAppender$AppenderDaemon$$Lambda$485/1974557644@507e2707] ERROR ratis.XceiverServerRatis (XceiverServerRatis.java:triggerPipelineClose(568)) - pipeline Action CLOSE  on pipeline PipelineID=73746d72-b06f-4f49-8943-4c49021cb2bc.Reason : 08c3c9a3-c92b-48ae-803a-081cb99550ef has not seen follower/s 2565157f-9642-4f7c-bd15-58f431c5cf0a for 184974ms a5d3a44e-87a4-4ffe-bd57-d4dea2700ae7 for 184974ms
2019-09-16 17:25:31,952 [EventQueue-PipelineActionsForPipelineActionHandler] ERROR pipeline.PipelineActionHandler (PipelineActionHandler.java:onMessage(60)) - Received pipeline action CLOSE for Pipeline[ Id: 73746d72-b06f-4f49-8943-4c49021cb2bc, Nodes: a5d3a44e-87a4-4ffe-bd57-d4dea2700ae7{ip: 192.168.151.75, host: pr-hdds-2114-2x2fm-437316914, networkLocation: /default-rack, certSerialId: null}08c3c9a3-c92b-48ae-803a-081cb99550ef{ip: 192.168.151.75, host: pr-hdds-2114-2x2fm-437316914, networkLocation: /default-rack, certSerialId: null}2565157f-9642-4f7c-bd15-58f431c5cf0a{ip: 192.168.151.75, host: pr-hdds-2114-2x2fm-437316914, networkLocation: /default-rack, certSerialId: null}, Type:RATIS, Factor:THREE, State:CLOSED] from datanode 08c3c9a3-c92b-48ae-803a-081cb99550ef{ip: 192.168.151.75, host: pr-hdds-2114-2x2fm-437316914, networkLocation: /default-rack, certSerialId: null}. Reason : 08c3c9a3-c92b-48ae-803a-081cb99550ef has not seen follower/s 2565157f-9642-4f7c-bd15-58f431c5cf0a for 184961ms a5d3a44e-87a4-4ffe-bd57-d4dea2700ae7 for 184961ms
2019-09-16 17:25:31,952 [EventQueue-PipelineActionsForPipelineActionHandler] INFO  pipeline.SCMPipelineManager (SCMPipelineManager.java:finalizeAndDestroyPipeline(311)) - destroying pipeline:Pipeline[ Id: 73746d72-b06f-4f49-8943-4c49021cb2bc, Nodes: a5d3a44e-87a4-4ffe-bd57-d4dea2700ae7{ip: 192.168.151.75, host: pr-hdds-2114-2x2fm-437316914, networkLocation: /default-rack, certSerialId: null}08c3c9a3-c92b-48ae-803a-081cb99550ef{ip: 192.168.151.75, host: pr-hdds-2114-2x2fm-437316914, networkLocation: /default-rack, certSerialId: null}2565157f-9642-4f7c-bd15-58f431c5cf0a{ip: 192.168.151.75, host: pr-hdds-2114-2x2fm-437316914, networkLocation: /default-rack, certSerialId: null}, Type:RATIS, Factor:THREE, State:CLOSED]
2019-09-16 17:25:31,968 [java.util.concurrent.ThreadPoolExecutor$Worker@1fc26504[State = -1, empty queue]] WARN  server.GrpcLogAppender (GrpcLogAppender.java:timeoutAppendRequest(200)) - 08c3c9a3-c92b-48ae-803a-081cb99550ef@group-4C49021CB2BC->a5d3a44e-87a4-4ffe-bd57-d4dea2700ae7-GrpcLogAppender: appendEntries Timeout, request=08c3c9a3-c92b-48ae-803a-081cb99550ef->a5d3a44e-87a4-4ffe-bd57-d4dea2700ae7#85-t1, previous=(t:1, i:12), leaderCommit=6, initializing? false, entries: <empty>
2019-09-16 17:25:31,981 [java.util.concurrent.ThreadPoolExecutor$Worker@ff8e043[State = -1, empty queue]] WARN  server.GrpcLogAppender (GrpcLogAppender.java:timeoutAppendRequest(200)) - 08c3c9a3-c92b-48ae-803a-081cb99550ef@group-4C49021CB2BC->2565157f-9642-4f7c-bd15-58f431c5cf0a-GrpcLogAppender: appendEntries Timeout, request=08c3c9a3-c92b-48ae-803a-081cb99550ef->2565157f-9642-4f7c-bd15-58f431c5cf0a#85-t1, previous=(t:1, i:12), leaderCommit=6, initializing? false, entries: <empty>
2019-09-16 17:25:32,954 [grpc-default-executor-0] INFO  impl.RaftServerProxy (RaftServerProxy.java:remove(95)) - a5d3a44e-87a4-4ffe-bd57-d4dea2700ae7: remove  FOLLOWER a5d3a44e-87a4-4ffe-bd57-d4dea2700ae7@group-4C49021CB2BC:t1, leader=08c3c9a3-c92b-48ae-803a-081cb99550ef, voted=08c3c9a3-c92b-48ae-803a-081cb99550ef, raftlog=a5d3a44e-87a4-4ffe-bd57-d4dea2700ae7@group-4C49021CB2BC-SegmentedRaftLog:OPENED:c6,f6,i12, conf=0: [2565157f-9642-4f7c-bd15-58f431c5cf0a:192.168.151.75:46619, a5d3a44e-87a4-4ffe-bd57-d4dea2700ae7:192.168.151.75:34772, 08c3c9a3-c92b-48ae-803a-081cb99550ef:192.168.151.75:43991], old=null RUNNING
2019-09-16 17:25:32,958 [grpc-default-executor-0] INFO  impl.RaftServerImpl (RaftServerImpl.java:lambda$shutdown$3(251)) - a5d3a44e-87a4-4ffe-bd57-d4dea2700ae7@group-4C49021CB2BC: shutdown
2019-09-16 17:25:32,959 [grpc-default-executor-0] INFO  util.JmxRegister (JmxRegister.java:unregister(73)) - Successfully un-registered JMX Bean with object name Ratis:service=RaftServer,group=group-4C49021CB2BC,id=a5d3a44e-87a4-4ffe-bd57-d4dea2700ae7
2019-09-16 17:25:32,959 [grpc-default-executor-0] INFO  impl.RoleInfo (RoleInfo.java:shutdownFollowerState(121)) - a5d3a44e-87a4-4ffe-bd57-d4dea2700ae7: shutdown FollowerState
2019-09-16 17:25:32,960 [grpc-default-executor-0] INFO  impl.StateMachineUpdater (StateMachineUpdater.java:stopAndJoin(125)) - a5d3a44e-87a4-4ffe-bd57-d4dea2700ae7@group-4C49021CB2BC-StateMachineUpdater: set stopIndex = 6
2019-09-16 17:25:32,960 [Thread-321] INFO  impl.FollowerState (FollowerState.java:run(115)) - a5d3a44e-87a4-4ffe-bd57-d4dea2700ae7: FollowerState was interrupted: java.lang.InterruptedException: sleep interrupted
2019-09-16 17:25:32,960 [a5d3a44e-87a4-4ffe-bd57-d4dea2700ae7@group-4C49021CB2BC-StateMachineUpdater] INFO  ratis.ContainerStateMachine (ContainerStateMachine.java:takeSnapshot(289)) - group-4C49021CB2BC: Taking a snapshot at:(t:1, i:4) file /workdir/hadoop-ozone/integration-test/target/test-dir/MiniOzoneClusterImpl-1d68e719-5c56-406e-81cd-0d9da4b1ed63/datanode-3/data/ratis/73746d72-b06f-4f49-8943-4c49021cb2bc/sm/snapshot.1_4
2019-09-16 17:25:32,992 [a5d3a44e-87a4-4ffe-bd57-d4dea2700ae7@group-4C49021CB2BC-StateMachineUpdater] INFO  ratis.ContainerStateMachine (ContainerStateMachine.java:takeSnapshot(300)) - group-4C49021CB2BC: Finished taking a snapshot at:(t:1, i:4) file:/workdir/hadoop-ozone/integration-test/target/test-dir/MiniOzoneClusterImpl-1d68e719-5c56-406e-81cd-0d9da4b1ed63/datanode-3/data/ratis/73746d72-b06f-4f49-8943-4c49021cb2bc/sm/snapshot.1_4 time:33
2019-09-16 17:25:32,992 [a5d3a44e-87a4-4ffe-bd57-d4dea2700ae7@group-4C49021CB2BC-StateMachineUpdater] INFO  impl.StateMachineUpdater (StateMachineUpdater.java:takeSnapshot(258)) - a5d3a44e-87a4-4ffe-bd57-d4dea2700ae7@group-4C49021CB2BC-StateMachineUpdater: Took a snapshot at index 4
2019-09-16 17:25:32,995 [a5d3a44e-87a4-4ffe-bd57-d4dea2700ae7@group-4C49021CB2BC-StateMachineUpdater] INFO  impl.StateMachineUpdater (StateMachineUpdater.java:lambda$new$0(83)) - a5d3a44e-87a4-4ffe-bd57-d4dea2700ae7@group-4C49021CB2BC-StateMachineUpdater: snapshotIndex: updateIncreasingly -1 -> 4
2019-09-16 17:25:33,002 [a5d3a44e-87a4-4ffe-bd57-d4dea2700ae7@group-4C49021CB2BC-StateMachineUpdater] INFO  ratis.ContainerStateMachine (ContainerStateMachine.java:takeSnapshot(289)) - group-4C49021CB2BC: Taking a snapshot at:(t:1, i:4) file /workdir/hadoop-ozone/integration-test/target/test-dir/MiniOzoneClusterImpl-1d68e719-5c56-406e-81cd-0d9da4b1ed63/datanode-3/data/ratis/73746d72-b06f-4f49-8943-4c49021cb2bc/sm/snapshot.1_4
2019-09-16 17:25:33,015 [a5d3a44e-87a4-4ffe-bd57-d4dea2700ae7@group-4C49021CB2BC-StateMachineUpdater] INFO  ratis.ContainerStateMachine (ContainerStateMachine.java:takeSnapshot(300)) - group-4C49021CB2BC: Finished taking a snapshot at:(t:1, i:4) file:/workdir/hadoop-ozone/integration-test/target/test-dir/MiniOzoneClusterImpl-1d68e719-5c56-406e-81cd-0d9da4b1ed63/datanode-3/data/ratis/73746d72-b06f-4f49-8943-4c49021cb2bc/sm/snapshot.1_4 time:13
2019-09-16 17:25:33,015 [a5d3a44e-87a4-4ffe-bd57-d4dea2700ae7@group-4C49021CB2BC-StateMachineUpdater] INFO  impl.StateMachineUpdater (StateMachineUpdater.java:takeSnapshot(258)) - a5d3a44e-87a4-4ffe-bd57-d4dea2700ae7@group-4C49021CB2BC-StateMachineUpdater: Took a snapshot at index 4
2019-09-16 17:25:33,015 [a5d3a44e-87a4-4ffe-bd57-d4dea2700ae7@group-4C49021CB2BC-StateMachineUpdater] INFO  impl.StateMachineUpdater (StateMachineUpdater.java:lambda$new$0(83)) - a5d3a44e-87a4-4ffe-bd57-d4dea2700ae7@group-4C49021CB2BC-StateMachineUpdater: snapshotIndex: updateIncreasingly 4 -> 4
2019-09-16 17:25:33,016 [grpc-default-executor-0] INFO  impl.RaftServerImpl (ServerState.java:close(385)) - a5d3a44e-87a4-4ffe-bd57-d4dea2700ae7@group-4C49021CB2BC: closes. applyIndex: 6
2019-09-16 17:25:33,021 [a5d3a44e-87a4-4ffe-bd57-d4dea2700ae7@group-4C49021CB2BC-SegmentedRaftLogWorker] ERROR ratis.XceiverServerRatis (XceiverServerRatis.java:triggerPipelineClose(568)) - pipeline Action CLOSE  on pipeline PipelineID=73746d72-b06f-4f49-8943-4c49021cb2bc.Reason : WriteLog:8: (t:1, i:8), STATEMACHINELOGENTRY, client-D2AC5C2F5119, cid=17-writeStateMachineData interrupted.
2019-09-16 17:25:33,024 [EventQueue-PipelineActionsForPipelineActionHandler] ERROR pipeline.PipelineActionHandler (PipelineActionHandler.java:onMessage(60)) - Received pipeline action CLOSE for Pipeline[ Id: 73746d72-b06f-4f49-8943-4c49021cb2bc, Nodes: a5d3a44e-87a4-4ffe-bd57-d4dea2700ae7{ip: 192.168.151.75, host: pr-hdds-2114-2x2fm-437316914, networkLocation: /default-rack, certSerialId: null}08c3c9a3-c92b-48ae-803a-081cb99550ef{ip: 192.168.151.75, host: pr-hdds-2114-2x2fm-437316914, networkLocation: /default-rack, certSerialId: null}2565157f-9642-4f7c-bd15-58f431c5cf0a{ip: 192.168.151.75, host: pr-hdds-2114-2x2fm-437316914, networkLocation: /default-rack, certSerialId: null}, Type:RATIS, Factor:THREE, State:CLOSED] from datanode a5d3a44e-87a4-4ffe-bd57-d4dea2700ae7{ip: 192.168.151.75, host: pr-hdds-2114-2x2fm-437316914, networkLocation: /default-rack, certSerialId: null}. Reason : WriteLog:8: (t:1, i:8), STATEMACHINELOGENTRY, client-D2AC5C2F5119, cid=17-writeStateMachineData interrupted.
2019-09-16 17:25:33,024 [EventQueue-PipelineActionsForPipelineActionHandler] INFO  pipeline.SCMPipelineManager (SCMPipelineManager.java:finalizeAndDestroyPipeline(311)) - destroying pipeline:Pipeline[ Id: 73746d72-b06f-4f49-8943-4c49021cb2bc, Nodes: a5d3a44e-87a4-4ffe-bd57-d4dea2700ae7{ip: 192.168.151.75, host: pr-hdds-2114-2x2fm-437316914, networkLocation: /default-rack, certSerialId: null}08c3c9a3-c92b-48ae-803a-081cb99550ef{ip: 192.168.151.75, host: pr-hdds-2114-2x2fm-437316914, networkLocation: /default-rack, certSerialId: null}2565157f-9642-4f7c-bd15-58f431c5cf0a{ip: 192.168.151.75, host: pr-hdds-2114-2x2fm-437316914, networkLocation: /default-rack, certSerialId: null}, Type:RATIS, Factor:THREE, State:CLOSED]
2019-09-16 17:25:33,035 [grpc-default-executor-0] INFO  segmented.SegmentedRaftLogWorker (SegmentedRaftLogWorker.java:close(228)) - a5d3a44e-87a4-4ffe-bd57-d4dea2700ae7@group-4C49021CB2BC-SegmentedRaftLogWorker close()
2019-09-16 17:25:33,053 [grpc-default-executor-0] INFO  interfaces.Container (KeyValueContainer.java:flushAndSyncDB(386)) - Container 1 is synced with bcsId 4.
2019-09-16 17:25:33,053 [grpc-default-executor-0] INFO  interfaces.Container (KeyValueContainer.java:flushAndSyncDB(386)) - Container 1 is synced with bcsId 4.
2019-09-16 17:25:33,070 [EventQueue-IncrementalContainerReportForIncrementalContainerReportHandler] INFO  container.IncrementalContainerReportHandler (AbstractContainerReportHandler.java:updateContainerState(169)) - Moving container #1 to QUASI_CLOSED state, datanode a5d3a44e-87a4-4ffe-bd57-d4dea2700ae7{ip: 192.168.151.75, host: pr-hdds-2114-2x2fm-437316914, networkLocation: /default-rack, certSerialId: null} reported QUASI_CLOSED replica.
2019-09-16 17:25:33,091 [grpc-default-executor-0] INFO  interfaces.Container (KeyValueContainer.java:flushAndSyncDB(386)) - Container 2 is synced with bcsId 0.
2019-09-16 17:25:33,091 [grpc-default-executor-0] INFO  interfaces.Container (KeyValueContainer.java:flushAndSyncDB(386)) - Container 2 is synced with bcsId 0.
2019-09-16 17:25:33,098 [EventQueue-IncrementalContainerReportForIncrementalContainerReportHandler] INFO  container.IncrementalContainerReportHandler (AbstractContainerReportHandler.java:updateContainerState(169)) - Moving container #2 to QUASI_CLOSED state, datanode a5d3a44e-87a4-4ffe-bd57-d4dea2700ae7{ip: 192.168.151.75, host: pr-hdds-2114-2x2fm-437316914, networkLocation: /default-rack, certSerialId: null} reported QUASI_CLOSED replica.
2019-09-16 17:25:33,124 [grpc-default-executor-3] INFO  impl.RaftServerProxy (RaftServerProxy.java:remove(95)) - 08c3c9a3-c92b-48ae-803a-081cb99550ef: remove    LEADER 08c3c9a3-c92b-48ae-803a-081cb99550ef@group-4C49021CB2BC:t1, leader=08c3c9a3-c92b-48ae-803a-081cb99550ef, voted=08c3c9a3-c92b-48ae-803a-081cb99550ef, raftlog=08c3c9a3-c92b-48ae-803a-081cb99550ef@group-4C49021CB2BC-SegmentedRaftLog:OPENED:c6,f6,i12, conf=0: [2565157f-9642-4f7c-bd15-58f431c5cf0a:192.168.151.75:46619, a5d3a44e-87a4-4ffe-bd57-d4dea2700ae7:192.168.151.75:34772, 08c3c9a3-c92b-48ae-803a-081cb99550ef:192.168.151.75:43991], old=null RUNNING
2019-09-16 17:25:33,124 [grpc-default-executor-3] INFO  impl.RaftServerImpl (RaftServerImpl.java:lambda$shutdown$3(251)) - 08c3c9a3-c92b-48ae-803a-081cb99550ef@group-4C49021CB2BC: shutdown
2019-09-16 17:25:33,124 [grpc-default-executor-3] INFO  util.JmxRegister (JmxRegister.java:unregister(73)) - Successfully un-registered JMX Bean with object name Ratis:service=RaftServer,group=group-4C49021CB2BC,id=08c3c9a3-c92b-48ae-803a-081cb99550ef
2019-09-16 17:25:33,125 [grpc-default-executor-3] INFO  impl.RoleInfo (RoleInfo.java:shutdownLeaderState(104)) - 08c3c9a3-c92b-48ae-803a-081cb99550ef: shutdown LeaderState
2019-09-16 17:25:33,128 [grpc-default-executor-3] INFO  impl.PendingRequests (PendingRequests.java:sendNotLeaderResponses(202)) - 08c3c9a3-c92b-48ae-803a-081cb99550ef-PendingRequests: sendNotLeaderResponses
2019-09-16 17:25:33,128 [org.apache.ratis.server.impl.LogAppender$AppenderDaemon$$Lambda$485/1974557644@69468c94] WARN  server.GrpcLogAppender (GrpcLogAppender.java:mayWait(143)) - 08c3c9a3-c92b-48ae-803a-081cb99550ef@group-4C49021CB2BC->a5d3a44e-87a4-4ffe-bd57-d4dea2700ae7-GrpcLogAppender: Wait interrupted by java.lang.InterruptedException
2019-09-16 17:25:33,128 [org.apache.ratis.server.impl.LogAppender$AppenderDaemon$$Lambda$485/1974557644@507e2707] WARN  server.GrpcLogAppender (GrpcLogAppender.java:mayWait(143)) - 08c3c9a3-c92b-48ae-803a-081cb99550ef@group-4C49021CB2BC->2565157f-9642-4f7c-bd15-58f431c5cf0a-GrpcLogAppender: Wait interrupted by java.lang.InterruptedException
2019-09-16 17:25:33,131 [grpc-default-executor-0] INFO  server.GrpcServerProtocolService (GrpcServerProtocolService.java:onCompleted(113)) - 2565157f-9642-4f7c-bd15-58f431c5cf0a: Completed APPEND_ENTRIES, lastRequest: 08c3c9a3-c92b-48ae-803a-081cb99550ef->2565157f-9642-4f7c-bd15-58f431c5cf0a#86-t1, previous=(t:1, i:12), leaderCommit=6, initializing? false, entries: <empty>
2019-09-16 17:25:33,131 [grpc-default-executor-2] INFO  server.GrpcServerProtocolService (GrpcServerProtocolService.java:onCompleted(113)) - a5d3a44e-87a4-4ffe-bd57-d4dea2700ae7: Completed APPEND_ENTRIES, lastRequest: 08c3c9a3-c92b-48ae-803a-081cb99550ef->a5d3a44e-87a4-4ffe-bd57-d4dea2700ae7#86-t1, previous=(t:1, i:12), leaderCommit=6, initializing? false, entries: <empty>
2019-09-16 17:25:33,133 [grpc-default-executor-2] INFO  server.GrpcLogAppender (GrpcLogAppender.java:onCompleted(293)) - 08c3c9a3-c92b-48ae-803a-081cb99550ef@group-4C49021CB2BC->a5d3a44e-87a4-4ffe-bd57-d4dea2700ae7-AppendLogResponseHandler: follower responses appendEntries COMPLETED
2019-09-16 17:25:33,133 [grpc-default-executor-0] INFO  server.GrpcLogAppender (GrpcLogAppender.java:onCompleted(293)) - 08c3c9a3-c92b-48ae-803a-081cb99550ef@group-4C49021CB2BC->2565157f-9642-4f7c-bd15-58f431c5cf0a-AppendLogResponseHandler: follower responses appendEntries COMPLETED
2019-09-16 17:25:33,134 [grpc-default-executor-0] INFO  impl.FollowerInfo (FollowerInfo.java:lambda$new$0(51)) - 08c3c9a3-c92b-48ae-803a-081cb99550ef@group-4C49021CB2BC->2565157f-9642-4f7c-bd15-58f431c5cf0a: nextIndex: updateUnconditionally 13 -> 7
2019-09-16 17:25:33,134 [grpc-default-executor-2] INFO  impl.FollowerInfo (FollowerInfo.java:lambda$new$0(51)) - 08c3c9a3-c92b-48ae-803a-081cb99550ef@group-4C49021CB2BC->a5d3a44e-87a4-4ffe-bd57-d4dea2700ae7: nextIndex: updateUnconditionally 13 -> 7
2019-09-16 17:25:33,137 [Command processor thread] ERROR commandhandler.CloseContainerCommandHandler (CloseContainerCommandHandler.java:handle(125)) - Can't close container #2
java.io.IOException: org.apache.ratis.protocol.GroupMismatchException: 08c3c9a3-c92b-48ae-803a-081cb99550ef: group-4C49021CB2BC not found.
	at org.apache.hadoop.ozone.container.common.transport.server.ratis.XceiverServerRatis.submitRequest(XceiverServerRatis.java:495)
	at org.apache.hadoop.ozone.container.common.statemachine.commandhandler.CloseContainerCommandHandler.handle(CloseContainerCommandHandler.java:102)
	at org.apache.hadoop.ozone.container.common.statemachine.commandhandler.CommandDispatcher.handle(CommandDispatcher.java:99)
	at org.apache.hadoop.ozone.container.common.statemachine.DatanodeStateMachine.lambda$initCommandHandlerThread$1(DatanodeStateMachine.java:432)
	at java.lang.Thread.run(Thread.java:748)
Caused by: java.util.concurrent.ExecutionException: org.apache.ratis.protocol.GroupMismatchException: 08c3c9a3-c92b-48ae-803a-081cb99550ef: group-4C49021CB2BC not found.
	at java.util.concurrent.CompletableFuture.reportGet(CompletableFuture.java:357)
	at java.util.concurrent.CompletableFuture.get(CompletableFuture.java:1895)
	at org.apache.hadoop.ozone.container.common.transport.server.ratis.XceiverServerRatis.submitRequest(XceiverServerRatis.java:493)
	... 4 more
Caused by: org.apache.ratis.protocol.GroupMismatchException: 08c3c9a3-c92b-48ae-803a-081cb99550ef: group-4C49021CB2BC not found.
	at org.apache.ratis.server.impl.RaftServerProxy$ImplMap.get(RaftServerProxy.java:122)
	at org.apache.ratis.server.impl.RaftServerProxy.getImplFuture(RaftServerProxy.java:269)
	at org.apache.ratis.server.impl.RaftServerProxy.submitRequest(RaftServerProxy.java:327)
	at org.apache.ratis.server.impl.RaftServerProxy.submitClientRequestAsync(RaftServerProxy.java:333)
	... 5 more
2019-09-16 17:25:33,141 [grpc-default-executor-3] INFO  impl.StateMachineUpdater (StateMachineUpdater.java:stopAndJoin(125)) - 08c3c9a3-c92b-48ae-803a-081cb99550ef@group-4C49021CB2BC-StateMachineUpdater: set stopIndex = 6
2019-09-16 17:25:33,142 [08c3c9a3-c92b-48ae-803a-081cb99550ef@group-4C49021CB2BC-StateMachineUpdater] INFO  ratis.ContainerStateMachine (ContainerStateMachine.java:takeSnapshot(289)) - group-4C49021CB2BC: Taking a snapshot at:(t:1, i:6) file /workdir/hadoop-ozone/integration-test/target/test-dir/MiniOzoneClusterImpl-1d68e719-5c56-406e-81cd-0d9da4b1ed63/datanode-4/data/ratis/73746d72-b06f-4f49-8943-4c49021cb2bc/sm/snapshot.1_6
2019-09-16 17:25:33,146 [08c3c9a3-c92b-48ae-803a-081cb99550ef@group-4C49021CB2BC-StateMachineUpdater] INFO  ratis.ContainerStateMachine (ContainerStateMachine.java:takeSnapshot(300)) - group-4C49021CB2BC: Finished taking a snapshot at:(t:1, i:6) file:/workdir/hadoop-ozone/integration-test/target/test-dir/MiniOzoneClusterImpl-1d68e719-5c56-406e-81cd-0d9da4b1ed63/datanode-4/data/ratis/73746d72-b06f-4f49-8943-4c49021cb2bc/sm/snapshot.1_6 time:5
2019-09-16 17:25:33,146 [08c3c9a3-c92b-48ae-803a-081cb99550ef@group-4C49021CB2BC-StateMachineUpdater] INFO  impl.StateMachineUpdater (StateMachineUpdater.java:takeSnapshot(258)) - 08c3c9a3-c92b-48ae-803a-081cb99550ef@group-4C49021CB2BC-StateMachineUpdater: Took a snapshot at index 6
2019-09-16 17:25:33,146 [08c3c9a3-c92b-48ae-803a-081cb99550ef@group-4C49021CB2BC-StateMachineUpdater] INFO  impl.StateMachineUpdater (StateMachineUpdater.java:lambda$new$0(83)) - 08c3c9a3-c92b-48ae-803a-081cb99550ef@group-4C49021CB2BC-StateMachineUpdater: snapshotIndex: updateIncreasingly -1 -> 6
2019-09-16 17:25:33,147 [grpc-default-executor-3] INFO  impl.RaftServerImpl (ServerState.java:close(385)) - 08c3c9a3-c92b-48ae-803a-081cb99550ef@group-4C49021CB2BC: closes. applyIndex: 6
2019-09-16 17:25:33,147 [08c3c9a3-c92b-48ae-803a-081cb99550ef@group-4C49021CB2BC-SegmentedRaftLogWorker] ERROR ratis.XceiverServerRatis (XceiverServerRatis.java:triggerPipelineClose(568)) - pipeline Action CLOSE  on pipeline PipelineID=73746d72-b06f-4f49-8943-4c49021cb2bc.Reason : WriteLog:8: (t:1, i:8), STATEMACHINELOGENTRY, client-D2AC5C2F5119, cid=17-writeStateMachineData interrupted.
2019-09-16 17:25:33,150 [EventQueue-PipelineActionsForPipelineActionHandler] ERROR pipeline.PipelineActionHandler (PipelineActionHandler.java:onMessage(60)) - Received pipeline action CLOSE for Pipeline[ Id: 73746d72-b06f-4f49-8943-4c49021cb2bc, Nodes: a5d3a44e-87a4-4ffe-bd57-d4dea2700ae7{ip: 192.168.151.75, host: pr-hdds-2114-2x2fm-437316914, networkLocation: /default-rack, certSerialId: null}08c3c9a3-c92b-48ae-803a-081cb99550ef{ip: 192.168.151.75, host: pr-hdds-2114-2x2fm-437316914, networkLocation: /default-rack, certSerialId: null}2565157f-9642-4f7c-bd15-58f431c5cf0a{ip: 192.168.151.75, host: pr-hdds-2114-2x2fm-437316914, networkLocation: /default-rack, certSerialId: null}, Type:RATIS, Factor:THREE, State:CLOSED] from datanode 08c3c9a3-c92b-48ae-803a-081cb99550ef{ip: 192.168.151.75, host: pr-hdds-2114-2x2fm-437316914, networkLocation: /default-rack, certSerialId: null}. Reason : WriteLog:8: (t:1, i:8), STATEMACHINELOGENTRY, client-D2AC5C2F5119, cid=17-writeStateMachineData interrupted.
2019-09-16 17:25:33,150 [EventQueue-PipelineActionsForPipelineActionHandler] INFO  pipeline.SCMPipelineManager (SCMPipelineManager.java:finalizeAndDestroyPipeline(311)) - destroying pipeline:Pipeline[ Id: 73746d72-b06f-4f49-8943-4c49021cb2bc, Nodes: a5d3a44e-87a4-4ffe-bd57-d4dea2700ae7{ip: 192.168.151.75, host: pr-hdds-2114-2x2fm-437316914, networkLocation: /default-rack, certSerialId: null}08c3c9a3-c92b-48ae-803a-081cb99550ef{ip: 192.168.151.75, host: pr-hdds-2114-2x2fm-437316914, networkLocation: /default-rack, certSerialId: null}2565157f-9642-4f7c-bd15-58f431c5cf0a{ip: 192.168.151.75, host: pr-hdds-2114-2x2fm-437316914, networkLocation: /default-rack, certSerialId: null}, Type:RATIS, Factor:THREE, State:CLOSED]
2019-09-16 17:25:33,151 [grpc-default-executor-3] INFO  segmented.SegmentedRaftLogWorker (SegmentedRaftLogWorker.java:close(228)) - 08c3c9a3-c92b-48ae-803a-081cb99550ef@group-4C49021CB2BC-SegmentedRaftLogWorker close()
2019-09-16 17:25:33,158 [grpc-default-executor-3] INFO  interfaces.Container (KeyValueContainer.java:flushAndSyncDB(386)) - Container 1 is synced with bcsId 4.
2019-09-16 17:25:33,159 [grpc-default-executor-3] INFO  interfaces.Container (KeyValueContainer.java:flushAndSyncDB(386)) - Container 1 is synced with bcsId 4.
2019-09-16 17:25:33,193 [grpc-default-executor-3] INFO  interfaces.Container (KeyValueContainer.java:flushAndSyncDB(386)) - Container 2 is synced with bcsId 0.
2019-09-16 17:25:33,193 [grpc-default-executor-3] INFO  interfaces.Container (KeyValueContainer.java:flushAndSyncDB(386)) - Container 2 is synced with bcsId 0.
2019-09-16 17:25:33,211 [grpc-default-executor-3] INFO  impl.RaftServerProxy (RaftServerProxy.java:remove(95)) - 2565157f-9642-4f7c-bd15-58f431c5cf0a: remove  FOLLOWER 2565157f-9642-4f7c-bd15-58f431c5cf0a@group-4C49021CB2BC:t1, leader=08c3c9a3-c92b-48ae-803a-081cb99550ef, voted=08c3c9a3-c92b-48ae-803a-081cb99550ef, raftlog=2565157f-9642-4f7c-bd15-58f431c5cf0a@group-4C49021CB2BC-SegmentedRaftLog:OPENED:c6,f6,i12, conf=0: [2565157f-9642-4f7c-bd15-58f431c5cf0a:192.168.151.75:46619, a5d3a44e-87a4-4ffe-bd57-d4dea2700ae7:192.168.151.75:34772, 08c3c9a3-c92b-48ae-803a-081cb99550ef:192.168.151.75:43991], old=null RUNNING
2019-09-16 17:25:33,211 [grpc-default-executor-3] INFO  impl.RaftServerImpl (RaftServerImpl.java:lambda$shutdown$3(251)) - 2565157f-9642-4f7c-bd15-58f431c5cf0a@group-4C49021CB2BC: shutdown
2019-09-16 17:25:33,212 [grpc-default-executor-3] INFO  util.JmxRegister (JmxRegister.java:unregister(73)) - Successfully un-registered JMX Bean with object name Ratis:service=RaftServer,group=group-4C49021CB2BC,id=2565157f-9642-4f7c-bd15-58f431c5cf0a
2019-09-16 17:25:33,212 [grpc-default-executor-3] INFO  impl.RoleInfo (RoleInfo.java:shutdownFollowerState(121)) - 2565157f-9642-4f7c-bd15-58f431c5cf0a: shutdown FollowerState
2019-09-16 17:25:33,212 [grpc-default-executor-3] INFO  impl.StateMachineUpdater (StateMachineUpdater.java:stopAndJoin(125)) - 2565157f-9642-4f7c-bd15-58f431c5cf0a@group-4C49021CB2BC-StateMachineUpdater: set stopIndex = 6
2019-09-16 17:25:33,212 [Thread-320] INFO  impl.FollowerState (FollowerState.java:run(115)) - 2565157f-9642-4f7c-bd15-58f431c5cf0a: FollowerState was interrupted: java.lang.InterruptedException: sleep interrupted
2019-09-16 17:25:33,212 [2565157f-9642-4f7c-bd15-58f431c5cf0a@group-4C49021CB2BC-StateMachineUpdater] INFO  ratis.ContainerStateMachine (ContainerStateMachine.java:takeSnapshot(289)) - group-4C49021CB2BC: Taking a snapshot at:(t:1, i:4) file /workdir/hadoop-ozone/integration-test/target/test-dir/MiniOzoneClusterImpl-1d68e719-5c56-406e-81cd-0d9da4b1ed63/datanode-0/data/ratis/73746d72-b06f-4f49-8943-4c49021cb2bc/sm/snapshot.1_4
2019-09-16 17:25:33,220 [2565157f-9642-4f7c-bd15-58f431c5cf0a@group-4C49021CB2BC-StateMachineUpdater] INFO  ratis.ContainerStateMachine (ContainerStateMachine.java:takeSnapshot(300)) - group-4C49021CB2BC: Finished taking a snapshot at:(t:1, i:4) file:/workdir/hadoop-ozone/integration-test/target/test-dir/MiniOzoneClusterImpl-1d68e719-5c56-406e-81cd-0d9da4b1ed63/datanode-0/data/ratis/73746d72-b06f-4f49-8943-4c49021cb2bc/sm/snapshot.1_4 time:7
2019-09-16 17:25:33,220 [2565157f-9642-4f7c-bd15-58f431c5cf0a@group-4C49021CB2BC-StateMachineUpdater] INFO  impl.StateMachineUpdater (StateMachineUpdater.java:takeSnapshot(258)) - 2565157f-9642-4f7c-bd15-58f431c5cf0a@group-4C49021CB2BC-StateMachineUpdater: Took a snapshot at index 4
2019-09-16 17:25:33,220 [2565157f-9642-4f7c-bd15-58f431c5cf0a@group-4C49021CB2BC-StateMachineUpdater] INFO  impl.StateMachineUpdater (StateMachineUpdater.java:lambda$new$0(83)) - 2565157f-9642-4f7c-bd15-58f431c5cf0a@group-4C49021CB2BC-StateMachineUpdater: snapshotIndex: updateIncreasingly -1 -> 4
2019-09-16 17:25:33,220 [2565157f-9642-4f7c-bd15-58f431c5cf0a@group-4C49021CB2BC-StateMachineUpdater] INFO  ratis.ContainerStateMachine (ContainerStateMachine.java:takeSnapshot(289)) - group-4C49021CB2BC: Taking a snapshot at:(t:1, i:4) file /workdir/hadoop-ozone/integration-test/target/test-dir/MiniOzoneClusterImpl-1d68e719-5c56-406e-81cd-0d9da4b1ed63/datanode-0/data/ratis/73746d72-b06f-4f49-8943-4c49021cb2bc/sm/snapshot.1_4
2019-09-16 17:25:33,223 [2565157f-9642-4f7c-bd15-58f431c5cf0a@group-4C49021CB2BC-StateMachineUpdater] INFO  ratis.ContainerStateMachine (ContainerStateMachine.java:takeSnapshot(300)) - group-4C49021CB2BC: Finished taking a snapshot at:(t:1, i:4) file:/workdir/hadoop-ozone/integration-test/target/test-dir/MiniOzoneClusterImpl-1d68e719-5c56-406e-81cd-0d9da4b1ed63/datanode-0/data/ratis/73746d72-b06f-4f49-8943-4c49021cb2bc/sm/snapshot.1_4 time:3
2019-09-16 17:25:33,223 [2565157f-9642-4f7c-bd15-58f431c5cf0a@group-4C49021CB2BC-StateMachineUpdater] INFO  impl.StateMachineUpdater (StateMachineUpdater.java:takeSnapshot(258)) - 2565157f-9642-4f7c-bd15-58f431c5cf0a@group-4C49021CB2BC-StateMachineUpdater: Took a snapshot at index 4
2019-09-16 17:25:33,223 [2565157f-9642-4f7c-bd15-58f431c5cf0a@group-4C49021CB2BC-StateMachineUpdater] INFO  impl.StateMachineUpdater (StateMachineUpdater.java:lambda$new$0(83)) - 2565157f-9642-4f7c-bd15-58f431c5cf0a@group-4C49021CB2BC-StateMachineUpdater: snapshotIndex: updateIncreasingly 4 -> 4
2019-09-16 17:25:33,224 [grpc-default-executor-3] INFO  impl.RaftServerImpl (ServerState.java:close(385)) - 2565157f-9642-4f7c-bd15-58f431c5cf0a@group-4C49021CB2BC: closes. applyIndex: 6
2019-09-16 17:25:33,235 [2565157f-9642-4f7c-bd15-58f431c5cf0a@group-4C49021CB2BC-SegmentedRaftLogWorker] ERROR ratis.XceiverServerRatis (XceiverServerRatis.java:triggerPipelineClose(568)) - pipeline Action CLOSE  on pipeline PipelineID=73746d72-b06f-4f49-8943-4c49021cb2bc.Reason : WriteLog:8: (t:1, i:8), STATEMACHINELOGENTRY, client-D2AC5C2F5119, cid=17-writeStateMachineData interrupted.
2019-09-16 17:25:33,238 [EventQueue-PipelineActionsForPipelineActionHandler] ERROR pipeline.PipelineActionHandler (PipelineActionHandler.java:onMessage(60)) - Received pipeline action CLOSE for Pipeline[ Id: 73746d72-b06f-4f49-8943-4c49021cb2bc, Nodes: a5d3a44e-87a4-4ffe-bd57-d4dea2700ae7{ip: 192.168.151.75, host: pr-hdds-2114-2x2fm-437316914, networkLocation: /default-rack, certSerialId: null}08c3c9a3-c92b-48ae-803a-081cb99550ef{ip: 192.168.151.75, host: pr-hdds-2114-2x2fm-437316914, networkLocation: /default-rack, certSerialId: null}2565157f-9642-4f7c-bd15-58f431c5cf0a{ip: 192.168.151.75, host: pr-hdds-2114-2x2fm-437316914, networkLocation: /default-rack, certSerialId: null}, Type:RATIS, Factor:THREE, State:CLOSED] from datanode 2565157f-9642-4f7c-bd15-58f431c5cf0a{ip: 192.168.151.75, host: pr-hdds-2114-2x2fm-437316914, networkLocation: /default-rack, certSerialId: null}. Reason : WriteLog:8: (t:1, i:8), STATEMACHINELOGENTRY, client-D2AC5C2F5119, cid=17-writeStateMachineData interrupted.
2019-09-16 17:25:33,239 [EventQueue-PipelineActionsForPipelineActionHandler] INFO  pipeline.SCMPipelineManager (SCMPipelineManager.java:finalizeAndDestroyPipeline(311)) - destroying pipeline:Pipeline[ Id: 73746d72-b06f-4f49-8943-4c49021cb2bc, Nodes: a5d3a44e-87a4-4ffe-bd57-d4dea2700ae7{ip: 192.168.151.75, host: pr-hdds-2114-2x2fm-437316914, networkLocation: /default-rack, certSerialId: null}08c3c9a3-c92b-48ae-803a-081cb99550ef{ip: 192.168.151.75, host: pr-hdds-2114-2x2fm-437316914, networkLocation: /default-rack, certSerialId: null}2565157f-9642-4f7c-bd15-58f431c5cf0a{ip: 192.168.151.75, host: pr-hdds-2114-2x2fm-437316914, networkLocation: /default-rack, certSerialId: null}, Type:RATIS, Factor:THREE, State:CLOSED]
2019-09-16 17:25:33,240 [grpc-default-executor-3] INFO  segmented.SegmentedRaftLogWorker (SegmentedRaftLogWorker.java:close(228)) - 2565157f-9642-4f7c-bd15-58f431c5cf0a@group-4C49021CB2BC-SegmentedRaftLogWorker close()
2019-09-16 17:25:33,246 [grpc-default-executor-3] INFO  interfaces.Container (KeyValueContainer.java:flushAndSyncDB(386)) - Container 1 is synced with bcsId 4.
2019-09-16 17:25:33,247 [grpc-default-executor-3] INFO  interfaces.Container (KeyValueContainer.java:flushAndSyncDB(386)) - Container 1 is synced with bcsId 4.
2019-09-16 17:25:33,346 [grpc-default-executor-3] INFO  interfaces.Container (KeyValueContainer.java:flushAndSyncDB(386)) - Container 2 is synced with bcsId 0.
2019-09-16 17:25:33,346 [grpc-default-executor-3] INFO  interfaces.Container (KeyValueContainer.java:flushAndSyncDB(386)) - Container 2 is synced with bcsId 0.
2019-09-16 17:25:33,367 [RatisPipelineUtilsThread] INFO  pipeline.PipelineStateManager (PipelineStateManager.java:removePipeline(108)) - Pipeline Pipeline[ Id: 73746d72-b06f-4f49-8943-4c49021cb2bc, Nodes: a5d3a44e-87a4-4ffe-bd57-d4dea2700ae7{ip: 192.168.151.75, host: pr-hdds-2114-2x2fm-437316914, networkLocation: /default-rack, certSerialId: null}08c3c9a3-c92b-48ae-803a-081cb99550ef{ip: 192.168.151.75, host: pr-hdds-2114-2x2fm-437316914, networkLocation: /default-rack, certSerialId: null}2565157f-9642-4f7c-bd15-58f431c5cf0a{ip: 192.168.151.75, host: pr-hdds-2114-2x2fm-437316914, networkLocation: /default-rack, certSerialId: null}, Type:RATIS, Factor:THREE, State:CLOSED] removed from db
2019-09-16 17:25:33,385 [grpc-default-executor-0] INFO  impl.RaftServerProxy (RaftServerProxy.java:addNew(89)) - a5d3a44e-87a4-4ffe-bd57-d4dea2700ae7: addNew group-42427AE515A8:[2565157f-9642-4f7c-bd15-58f431c5cf0a:192.168.151.75:46619, a5d3a44e-87a4-4ffe-bd57-d4dea2700ae7:192.168.151.75:34772, 08c3c9a3-c92b-48ae-803a-081cb99550ef:192.168.151.75:43991] returns group-42427AE515A8:java.util.concurrent.CompletableFuture@4e9d2401[Not completed]
2019-09-16 17:25:33,386 [grpc-default-executor-2] INFO  impl.RaftServerProxy (RaftServerProxy.java:addNew(89)) - 08c3c9a3-c92b-48ae-803a-081cb99550ef: addNew group-42427AE515A8:[2565157f-9642-4f7c-bd15-58f431c5cf0a:192.168.151.75:46619, a5d3a44e-87a4-4ffe-bd57-d4dea2700ae7:192.168.151.75:34772, 08c3c9a3-c92b-48ae-803a-081cb99550ef:192.168.151.75:43991] returns group-42427AE515A8:java.util.concurrent.CompletableFuture@48d045e[Not completed]
2019-09-16 17:25:33,393 [grpc-default-executor-0] INFO  impl.RaftServerProxy (RaftServerProxy.java:addNew(89)) - 2565157f-9642-4f7c-bd15-58f431c5cf0a: addNew group-42427AE515A8:[2565157f-9642-4f7c-bd15-58f431c5cf0a:192.168.151.75:46619, a5d3a44e-87a4-4ffe-bd57-d4dea2700ae7:192.168.151.75:34772, 08c3c9a3-c92b-48ae-803a-081cb99550ef:192.168.151.75:43991] returns group-42427AE515A8:java.util.concurrent.CompletableFuture@cb2f796[Not completed]
2019-09-16 17:25:33,396 [pool-67-thread-1] INFO  impl.RaftServerImpl (RaftServerImpl.java:<init>(95)) - 08c3c9a3-c92b-48ae-803a-081cb99550ef: new RaftServerImpl for group-42427AE515A8:[2565157f-9642-4f7c-bd15-58f431c5cf0a:192.168.151.75:46619, a5d3a44e-87a4-4ffe-bd57-d4dea2700ae7:192.168.151.75:34772, 08c3c9a3-c92b-48ae-803a-081cb99550ef:192.168.151.75:43991] with ContainerStateMachine:uninitialized
2019-09-16 17:25:33,396 [pool-67-thread-1] INFO  server.RaftServerConfigKeys (ConfUtils.java:logGet(43)) - raft.server.rpc.timeout.min = 5s (custom)
2019-09-16 17:25:33,396 [pool-67-thread-1] INFO  server.RaftServerConfigKeys (ConfUtils.java:logGet(43)) - raft.server.rpc.timeout.max = 5200ms (custom)
2019-09-16 17:25:33,396 [pool-67-thread-1] INFO  server.RaftServerConfigKeys (ConfUtils.java:logGet(43)) - raft.server.rpcslowness.timeout = 120s (custom)
2019-09-16 17:25:33,396 [pool-67-thread-1] INFO  server.RaftServerConfigKeys (ConfUtils.java:logGet(43)) - raft.server.sleep.deviation.threshold = 300 (default)
2019-09-16 17:25:33,397 [pool-67-thread-1] INFO  server.RaftServerConfigKeys (ConfUtils.java:logGet(43)) - raft.server.log.appender.install.snapshot.enabled = false (custom)
2019-09-16 17:25:33,397 [pool-67-thread-1] INFO  impl.RaftServerImpl (ServerState.java:<init>(103)) - 08c3c9a3-c92b-48ae-803a-081cb99550ef@group-42427AE515A8: ConfigurationManager, init=-1: [2565157f-9642-4f7c-bd15-58f431c5cf0a:192.168.151.75:46619, a5d3a44e-87a4-4ffe-bd57-d4dea2700ae7:192.168.151.75:34772, 08c3c9a3-c92b-48ae-803a-081cb99550ef:192.168.151.75:43991], old=null, confs=<EMPTY_MAP>
2019-09-16 17:25:33,397 [pool-27-thread-1] INFO  impl.RaftServerImpl (RaftServerImpl.java:<init>(95)) - 2565157f-9642-4f7c-bd15-58f431c5cf0a: new RaftServerImpl for group-42427AE515A8:[2565157f-9642-4f7c-bd15-58f431c5cf0a:192.168.151.75:46619, a5d3a44e-87a4-4ffe-bd57-d4dea2700ae7:192.168.151.75:34772, 08c3c9a3-c92b-48ae-803a-081cb99550ef:192.168.151.75:43991] with ContainerStateMachine:uninitialized
2019-09-16 17:25:33,397 [pool-27-thread-1] INFO  server.RaftServerConfigKeys (ConfUtils.java:logGet(43)) - raft.server.rpc.timeout.min = 5s (custom)
2019-09-16 17:25:33,397 [pool-27-thread-1] INFO  server.RaftServerConfigKeys (ConfUtils.java:logGet(43)) - raft.server.rpc.timeout.max = 5200ms (custom)
2019-09-16 17:25:33,397 [pool-67-thread-1] INFO  server.RaftServerConfigKeys (ConfUtils.java:logGet(43)) - raft.server.storage.dir = [/workdir/hadoop-ozone/integration-test/target/test-dir/MiniOzoneClusterImpl-1d68e719-5c56-406e-81cd-0d9da4b1ed63/datanode-4/data/ratis] (custom)
2019-09-16 17:25:33,397 [pool-27-thread-1] INFO  server.RaftServerConfigKeys (ConfUtils.java:logGet(43)) - raft.server.rpcslowness.timeout = 120s (custom)
2019-09-16 17:25:33,398 [pool-27-thread-1] INFO  server.RaftServerConfigKeys (ConfUtils.java:logGet(43)) - raft.server.sleep.deviation.threshold = 300 (default)
2019-09-16 17:25:33,398 [pool-27-thread-1] INFO  server.RaftServerConfigKeys (ConfUtils.java:logGet(43)) - raft.server.log.appender.install.snapshot.enabled = false (custom)
2019-09-16 17:25:33,398 [pool-67-thread-1] INFO  storage.RaftStorageDirectory (RaftStorageDirectory.java:analyzeStorage(246)) - The storage directory /workdir/hadoop-ozone/integration-test/target/test-dir/MiniOzoneClusterImpl-1d68e719-5c56-406e-81cd-0d9da4b1ed63/datanode-4/data/ratis/93324fbd-3721-4fab-88a8-42427ae515a8 does not exist. Creating ...
2019-09-16 17:25:33,398 [pool-27-thread-1] INFO  impl.RaftServerImpl (ServerState.java:<init>(103)) - 2565157f-9642-4f7c-bd15-58f431c5cf0a@group-42427AE515A8: ConfigurationManager, init=-1: [2565157f-9642-4f7c-bd15-58f431c5cf0a:192.168.151.75:46619, a5d3a44e-87a4-4ffe-bd57-d4dea2700ae7:192.168.151.75:34772, 08c3c9a3-c92b-48ae-803a-081cb99550ef:192.168.151.75:43991], old=null, confs=<EMPTY_MAP>
2019-09-16 17:25:33,399 [pool-27-thread-1] INFO  server.RaftServerConfigKeys (ConfUtils.java:logGet(43)) - raft.server.storage.dir = [/workdir/hadoop-ozone/integration-test/target/test-dir/MiniOzoneClusterImpl-1d68e719-5c56-406e-81cd-0d9da4b1ed63/datanode-0/data/ratis] (custom)
2019-09-16 17:25:33,399 [pool-57-thread-1] INFO  impl.RaftServerImpl (RaftServerImpl.java:<init>(95)) - a5d3a44e-87a4-4ffe-bd57-d4dea2700ae7: new RaftServerImpl for group-42427AE515A8:[2565157f-9642-4f7c-bd15-58f431c5cf0a:192.168.151.75:46619, a5d3a44e-87a4-4ffe-bd57-d4dea2700ae7:192.168.151.75:34772, 08c3c9a3-c92b-48ae-803a-081cb99550ef:192.168.151.75:43991] with ContainerStateMachine:uninitialized
2019-09-16 17:25:33,399 [pool-57-thread-1] INFO  server.RaftServerConfigKeys (ConfUtils.java:logGet(43)) - raft.server.rpc.timeout.min = 5s (custom)
2019-09-16 17:25:33,399 [pool-27-thread-1] INFO  storage.RaftStorageDirectory (RaftStorageDirectory.java:analyzeStorage(246)) - The storage directory /workdir/hadoop-ozone/integration-test/target/test-dir/MiniOzoneClusterImpl-1d68e719-5c56-406e-81cd-0d9da4b1ed63/datanode-0/data/ratis/93324fbd-3721-4fab-88a8-42427ae515a8 does not exist. Creating ...
2019-09-16 17:25:33,399 [pool-57-thread-1] INFO  server.RaftServerConfigKeys (ConfUtils.java:logGet(43)) - raft.server.rpc.timeout.max = 5200ms (custom)
2019-09-16 17:25:33,400 [pool-57-thread-1] INFO  server.RaftServerConfigKeys (ConfUtils.java:logGet(43)) - raft.server.rpcslowness.timeout = 120s (custom)
2019-09-16 17:25:33,400 [pool-57-thread-1] INFO  server.RaftServerConfigKeys (ConfUtils.java:logGet(43)) - raft.server.sleep.deviation.threshold = 300 (default)
2019-09-16 17:25:33,400 [pool-57-thread-1] INFO  server.RaftServerConfigKeys (ConfUtils.java:logGet(43)) - raft.server.log.appender.install.snapshot.enabled = false (custom)
2019-09-16 17:25:33,400 [pool-57-thread-1] INFO  impl.RaftServerImpl (ServerState.java:<init>(103)) - a5d3a44e-87a4-4ffe-bd57-d4dea2700ae7@group-42427AE515A8: ConfigurationManager, init=-1: [2565157f-9642-4f7c-bd15-58f431c5cf0a:192.168.151.75:46619, a5d3a44e-87a4-4ffe-bd57-d4dea2700ae7:192.168.151.75:34772, 08c3c9a3-c92b-48ae-803a-081cb99550ef:192.168.151.75:43991], old=null, confs=<EMPTY_MAP>
2019-09-16 17:25:33,401 [pool-57-thread-1] INFO  server.RaftServerConfigKeys (ConfUtils.java:logGet(43)) - raft.server.storage.dir = [/workdir/hadoop-ozone/integration-test/target/test-dir/MiniOzoneClusterImpl-1d68e719-5c56-406e-81cd-0d9da4b1ed63/datanode-3/data/ratis] (custom)
2019-09-16 17:25:33,401 [pool-57-thread-1] INFO  storage.RaftStorageDirectory (RaftStorageDirectory.java:analyzeStorage(246)) - The storage directory /workdir/hadoop-ozone/integration-test/target/test-dir/MiniOzoneClusterImpl-1d68e719-5c56-406e-81cd-0d9da4b1ed63/datanode-3/data/ratis/93324fbd-3721-4fab-88a8-42427ae515a8 does not exist. Creating ...
2019-09-16 17:25:33,408 [pool-27-thread-1] INFO  storage.RaftStorageDirectory (RaftStorageDirectory.java:tryLock(328)) - Lock on /workdir/hadoop-ozone/integration-test/target/test-dir/MiniOzoneClusterImpl-1d68e719-5c56-406e-81cd-0d9da4b1ed63/datanode-0/data/ratis/93324fbd-3721-4fab-88a8-42427ae515a8/in_use.lock acquired by nodename 694@pr-hdds-2114-2x2fm-437316914
2019-09-16 17:25:33,408 [pool-57-thread-1] INFO  storage.RaftStorageDirectory (RaftStorageDirectory.java:tryLock(328)) - Lock on /workdir/hadoop-ozone/integration-test/target/test-dir/MiniOzoneClusterImpl-1d68e719-5c56-406e-81cd-0d9da4b1ed63/datanode-3/data/ratis/93324fbd-3721-4fab-88a8-42427ae515a8/in_use.lock acquired by nodename 694@pr-hdds-2114-2x2fm-437316914
2019-09-16 17:25:33,408 [pool-67-thread-1] INFO  storage.RaftStorageDirectory (RaftStorageDirectory.java:tryLock(328)) - Lock on /workdir/hadoop-ozone/integration-test/target/test-dir/MiniOzoneClusterImpl-1d68e719-5c56-406e-81cd-0d9da4b1ed63/datanode-4/data/ratis/93324fbd-3721-4fab-88a8-42427ae515a8/in_use.lock acquired by nodename 694@pr-hdds-2114-2x2fm-437316914
2019-09-16 17:25:33,422 [pool-57-thread-1] INFO  storage.RaftStorage (RaftStorage.java:format(72)) - Storage directory /workdir/hadoop-ozone/integration-test/target/test-dir/MiniOzoneClusterImpl-1d68e719-5c56-406e-81cd-0d9da4b1ed63/datanode-3/data/ratis/93324fbd-3721-4fab-88a8-42427ae515a8 has been successfully formatted.
2019-09-16 17:25:33,422 [pool-27-thread-1] INFO  storage.RaftStorage (RaftStorage.java:format(72)) - Storage directory /workdir/hadoop-ozone/integration-test/target/test-dir/MiniOzoneClusterImpl-1d68e719-5c56-406e-81cd-0d9da4b1ed63/datanode-0/data/ratis/93324fbd-3721-4fab-88a8-42427ae515a8 has been successfully formatted.
2019-09-16 17:25:33,422 [pool-67-thread-1] INFO  storage.RaftStorage (RaftStorage.java:format(72)) - Storage directory /workdir/hadoop-ozone/integration-test/target/test-dir/MiniOzoneClusterImpl-1d68e719-5c56-406e-81cd-0d9da4b1ed63/datanode-4/data/ratis/93324fbd-3721-4fab-88a8-42427ae515a8 has been successfully formatted.
2019-09-16 17:25:33,423 [pool-27-thread-1] INFO  ratis.ContainerStateMachine (ContainerStateMachine.java:loadSnapshot(230)) - group-42427AE515A8: The snapshot info is null. Setting the last applied indexto:(t:0, i:~)
2019-09-16 17:25:33,422 [pool-57-thread-1] INFO  ratis.ContainerStateMachine (ContainerStateMachine.java:loadSnapshot(230)) - group-42427AE515A8: The snapshot info is null. Setting the last applied indexto:(t:0, i:~)
2019-09-16 17:25:33,423 [pool-67-thread-1] INFO  ratis.ContainerStateMachine (ContainerStateMachine.java:loadSnapshot(230)) - group-42427AE515A8: The snapshot info is null. Setting the last applied indexto:(t:0, i:~)
2019-09-16 17:25:33,423 [pool-27-thread-1] INFO  server.RaftServerConfigKeys (ConfUtils.java:logGet(43)) - raft.server.notification.no-leader.timeout = 120s (custom)
2019-09-16 17:25:33,423 [pool-67-thread-1] INFO  server.RaftServerConfigKeys (ConfUtils.java:logGet(43)) - raft.server.notification.no-leader.timeout = 120s (custom)
2019-09-16 17:25:33,423 [pool-57-thread-1] INFO  server.RaftServerConfigKeys (ConfUtils.java:logGet(43)) - raft.server.notification.no-leader.timeout = 120s (custom)
2019-09-16 17:25:33,423 [pool-67-thread-1] INFO  server.RaftServerConfigKeys (ConfUtils.java:logGet(43)) - raft.server.log.use.memory = false (default)
2019-09-16 17:25:33,423 [pool-27-thread-1] INFO  server.RaftServerConfigKeys (ConfUtils.java:logGet(43)) - raft.server.log.use.memory = false (default)
2019-09-16 17:25:33,424 [pool-67-thread-1] INFO  server.RaftServerConfigKeys (ConfUtils.java:logGet(43)) - raft.server.log.purge.gap = 1000000 (custom)
2019-09-16 17:25:33,424 [pool-57-thread-1] INFO  server.RaftServerConfigKeys (ConfUtils.java:logGet(43)) - raft.server.log.use.memory = false (default)
2019-09-16 17:25:33,424 [pool-67-thread-1] INFO  server.RaftServerConfigKeys (ConfUtils.java:logGet(43)) - raft.server.log.appender.buffer.byte-limit = 33554432 (custom)
2019-09-16 17:25:33,424 [pool-27-thread-1] INFO  server.RaftServerConfigKeys (ConfUtils.java:logGet(43)) - raft.server.log.purge.gap = 1000000 (custom)
2019-09-16 17:25:33,424 [pool-67-thread-1] INFO  server.RaftServerConfigKeys (ConfUtils.java:logGet(43)) - raft.server.log.segment.size.max = 1048576 (custom)
2019-09-16 17:25:33,424 [pool-57-thread-1] INFO  server.RaftServerConfigKeys (ConfUtils.java:logGet(43)) - raft.server.log.purge.gap = 1000000 (custom)
2019-09-16 17:25:33,425 [pool-67-thread-1] INFO  server.RaftServerConfigKeys (ConfUtils.java:logGet(43)) - raft.server.log.segment.cache.num.max = 2 (custom)
2019-09-16 17:25:33,425 [pool-27-thread-1] INFO  server.RaftServerConfigKeys (ConfUtils.java:logGet(43)) - raft.server.log.appender.buffer.byte-limit = 33554432 (custom)
2019-09-16 17:25:33,425 [pool-67-thread-1] INFO  segmented.SegmentedRaftLogWorker (SegmentedRaftLogWorker.java:<init>(172)) - new 08c3c9a3-c92b-48ae-803a-081cb99550ef@group-42427AE515A8-SegmentedRaftLogWorker for RaftStorage:Storage Directory /workdir/hadoop-ozone/integration-test/target/test-dir/MiniOzoneClusterImpl-1d68e719-5c56-406e-81cd-0d9da4b1ed63/datanode-4/data/ratis/93324fbd-3721-4fab-88a8-42427ae515a8
2019-09-16 17:25:33,425 [pool-57-thread-1] INFO  server.RaftServerConfigKeys (ConfUtils.java:logGet(43)) - raft.server.log.appender.buffer.byte-limit = 33554432 (custom)
2019-09-16 17:25:33,426 [pool-67-thread-1] INFO  server.RaftServerConfigKeys (ConfUtils.java:logGet(43)) - raft.server.log.queue.byte-limit = 2147483647 (custom)
2019-09-16 17:25:33,425 [pool-27-thread-1] INFO  server.RaftServerConfigKeys (ConfUtils.java:logGet(43)) - raft.server.log.segment.size.max = 1048576 (custom)
2019-09-16 17:25:33,426 [pool-67-thread-1] INFO  server.RaftServerConfigKeys (ConfUtils.java:logGet(43)) - raft.server.log.queue.element-limit = 1024 (custom)
2019-09-16 17:25:33,426 [pool-57-thread-1] INFO  server.RaftServerConfigKeys (ConfUtils.java:logGet(43)) - raft.server.log.segment.size.max = 1048576 (custom)
2019-09-16 17:25:33,426 [pool-67-thread-1] INFO  server.RaftServerConfigKeys (ConfUtils.java:logGet(43)) - raft.server.log.segment.size.max = 1048576 (custom)
2019-09-16 17:25:33,426 [pool-27-thread-1] INFO  server.RaftServerConfigKeys (ConfUtils.java:logGet(43)) - raft.server.log.segment.cache.num.max = 2 (custom)
2019-09-16 17:25:33,426 [pool-67-thread-1] INFO  server.RaftServerConfigKeys (ConfUtils.java:logGet(43)) - raft.server.log.preallocated.size = 16384 (custom)
2019-09-16 17:25:33,426 [pool-57-thread-1] INFO  server.RaftServerConfigKeys (ConfUtils.java:logGet(43)) - raft.server.log.segment.cache.num.max = 2 (custom)
2019-09-16 17:25:33,427 [pool-67-thread-1] INFO  server.RaftServerConfigKeys (ConfUtils.java:logGet(43)) - raft.server.log.write.buffer.size = 33554432 (custom)
2019-09-16 17:25:33,427 [pool-27-thread-1] INFO  segmented.SegmentedRaftLogWorker (SegmentedRaftLogWorker.java:<init>(172)) - new 2565157f-9642-4f7c-bd15-58f431c5cf0a@group-42427AE515A8-SegmentedRaftLogWorker for RaftStorage:Storage Directory /workdir/hadoop-ozone/integration-test/target/test-dir/MiniOzoneClusterImpl-1d68e719-5c56-406e-81cd-0d9da4b1ed63/datanode-0/data/ratis/93324fbd-3721-4fab-88a8-42427ae515a8
2019-09-16 17:25:33,427 [pool-67-thread-1] INFO  server.RaftServerConfigKeys (ConfUtils.java:logGet(43)) - raft.server.log.force.sync.num = 128 (default)
2019-09-16 17:25:33,427 [pool-57-thread-1] INFO  segmented.SegmentedRaftLogWorker (SegmentedRaftLogWorker.java:<init>(172)) - new a5d3a44e-87a4-4ffe-bd57-d4dea2700ae7@group-42427AE515A8-SegmentedRaftLogWorker for RaftStorage:Storage Directory /workdir/hadoop-ozone/integration-test/target/test-dir/MiniOzoneClusterImpl-1d68e719-5c56-406e-81cd-0d9da4b1ed63/datanode-3/data/ratis/93324fbd-3721-4fab-88a8-42427ae515a8
2019-09-16 17:25:33,427 [pool-67-thread-1] INFO  server.RaftServerConfigKeys (ConfUtils.java:logGet(43)) - raft.server.log.statemachine.data.sync = true (default)
2019-09-16 17:25:33,427 [pool-27-thread-1] INFO  server.RaftServerConfigKeys (ConfUtils.java:logGet(43)) - raft.server.log.queue.byte-limit = 2147483647 (custom)
2019-09-16 17:25:33,428 [pool-67-thread-1] INFO  server.RaftServerConfigKeys (ConfUtils.java:logGet(43)) - raft.server.log.statemachine.data.sync.timeout = 10s (default)
2019-09-16 17:25:33,427 [pool-57-thread-1] INFO  server.RaftServerConfigKeys (ConfUtils.java:logGet(43)) - raft.server.log.queue.byte-limit = 2147483647 (custom)
2019-09-16 17:25:33,428 [pool-67-thread-1] INFO  server.RaftServerConfigKeys (ConfUtils.java:logGet(43)) - raft.server.log.statemachine.data.sync.timeout.retry = -1 (default)
2019-09-16 17:25:33,428 [pool-27-thread-1] INFO  server.RaftServerConfigKeys (ConfUtils.java:logGet(43)) - raft.server.log.queue.element-limit = 1024 (custom)
2019-09-16 17:25:33,428 [pool-67-thread-1] INFO  server.RaftServerConfigKeys (ConfUtils.java:logGet(43)) - raft.server.log.statemachine.data.caching.enabled = true (custom)
2019-09-16 17:25:33,428 [pool-57-thread-1] INFO  server.RaftServerConfigKeys (ConfUtils.java:logGet(43)) - raft.server.log.queue.element-limit = 1024 (custom)
2019-09-16 17:25:33,428 [pool-27-thread-1] INFO  server.RaftServerConfigKeys (ConfUtils.java:logGet(43)) - raft.server.log.segment.size.max = 1048576 (custom)
2019-09-16 17:25:33,429 [pool-67-thread-1] INFO  segmented.SegmentedRaftLogWorker (SegmentedRaftLogWorker.java:lambda$new$0(132)) - 08c3c9a3-c92b-48ae-803a-081cb99550ef@group-42427AE515A8-SegmentedRaftLogWorker: flushIndex: setUnconditionally 0 -> -1
2019-09-16 17:25:33,429 [pool-57-thread-1] INFO  server.RaftServerConfigKeys (ConfUtils.java:logGet(43)) - raft.server.log.segment.size.max = 1048576 (custom)
2019-09-16 17:25:33,429 [pool-27-thread-1] INFO  server.RaftServerConfigKeys (ConfUtils.java:logGet(43)) - raft.server.log.preallocated.size = 16384 (custom)
2019-09-16 17:25:33,429 [pool-57-thread-1] INFO  server.RaftServerConfigKeys (ConfUtils.java:logGet(43)) - raft.server.log.preallocated.size = 16384 (custom)
2019-09-16 17:25:33,429 [pool-27-thread-1] INFO  server.RaftServerConfigKeys (ConfUtils.java:logGet(43)) - raft.server.log.write.buffer.size = 33554432 (custom)
2019-09-16 17:25:33,429 [pool-67-thread-1] INFO  server.RaftServerConfigKeys (ConfUtils.java:logGet(43)) - raft.server.snapshot.auto.trigger.enabled = true (custom)
2019-09-16 17:25:33,430 [pool-27-thread-1] INFO  server.RaftServerConfigKeys (ConfUtils.java:logGet(43)) - raft.server.log.force.sync.num = 128 (default)
2019-09-16 17:25:33,429 [pool-57-thread-1] INFO  server.RaftServerConfigKeys (ConfUtils.java:logGet(43)) - raft.server.log.write.buffer.size = 33554432 (custom)
2019-09-16 17:25:33,430 [pool-27-thread-1] INFO  server.RaftServerConfigKeys (ConfUtils.java:logGet(43)) - raft.server.log.statemachine.data.sync = true (default)
2019-09-16 17:25:33,430 [pool-67-thread-1] INFO  server.RaftServerConfigKeys (ConfUtils.java:logGet(43)) - raft.server.snapshot.auto.trigger.threshold = 10000 (custom)
2019-09-16 17:25:33,430 [pool-27-thread-1] INFO  server.RaftServerConfigKeys (ConfUtils.java:logGet(43)) - raft.server.log.statemachine.data.sync.timeout = 10s (default)
2019-09-16 17:25:33,431 [pool-27-thread-1] INFO  server.RaftServerConfigKeys (ConfUtils.java:logGet(43)) - raft.server.log.statemachine.data.sync.timeout.retry = -1 (default)
2019-09-16 17:25:33,430 [pool-57-thread-1] INFO  server.RaftServerConfigKeys (ConfUtils.java:logGet(43)) - raft.server.log.force.sync.num = 128 (default)
2019-09-16 17:25:33,431 [pool-27-thread-1] INFO  server.RaftServerConfigKeys (ConfUtils.java:logGet(43)) - raft.server.log.statemachine.data.caching.enabled = true (custom)
2019-09-16 17:25:33,430 [pool-67-thread-1] INFO  server.RaftServerConfigKeys (ConfUtils.java:logGet(43)) - raft.server.snapshot.retention.num.files = -1 (default)
2019-09-16 17:25:33,431 [pool-57-thread-1] INFO  server.RaftServerConfigKeys (ConfUtils.java:logGet(43)) - raft.server.log.statemachine.data.sync = true (default)
2019-09-16 17:25:33,431 [pool-67-thread-1] INFO  server.RaftServerConfigKeys (ConfUtils.java:logGet(43)) - raft.server.retrycache.expirytime = 600000ms (custom)
2019-09-16 17:25:33,431 [pool-27-thread-1] INFO  segmented.SegmentedRaftLogWorker (SegmentedRaftLogWorker.java:lambda$new$0(132)) - 2565157f-9642-4f7c-bd15-58f431c5cf0a@group-42427AE515A8-SegmentedRaftLogWorker: flushIndex: setUnconditionally 0 -> -1
2019-09-16 17:25:33,431 [pool-57-thread-1] INFO  server.RaftServerConfigKeys (ConfUtils.java:logGet(43)) - raft.server.log.statemachine.data.sync.timeout = 10s (default)
2019-09-16 17:25:33,432 [pool-57-thread-1] INFO  server.RaftServerConfigKeys (ConfUtils.java:logGet(43)) - raft.server.log.statemachine.data.sync.timeout.retry = -1 (default)
2019-09-16 17:25:33,432 [pool-27-thread-1] INFO  server.RaftServerConfigKeys (ConfUtils.java:logGet(43)) - raft.server.snapshot.auto.trigger.enabled = true (custom)
2019-09-16 17:25:33,432 [pool-57-thread-1] INFO  server.RaftServerConfigKeys (ConfUtils.java:logGet(43)) - raft.server.log.statemachine.data.caching.enabled = true (custom)
2019-09-16 17:25:33,432 [pool-27-thread-1] INFO  server.RaftServerConfigKeys (ConfUtils.java:logGet(43)) - raft.server.snapshot.auto.trigger.threshold = 10000 (custom)
2019-09-16 17:25:33,432 [pool-57-thread-1] INFO  segmented.SegmentedRaftLogWorker (SegmentedRaftLogWorker.java:lambda$new$0(132)) - a5d3a44e-87a4-4ffe-bd57-d4dea2700ae7@group-42427AE515A8-SegmentedRaftLogWorker: flushIndex: setUnconditionally 0 -> -1
2019-09-16 17:25:33,432 [pool-27-thread-1] INFO  server.RaftServerConfigKeys (ConfUtils.java:logGet(43)) - raft.server.snapshot.retention.num.files = -1 (default)
2019-09-16 17:25:33,433 [pool-57-thread-1] INFO  server.RaftServerConfigKeys (ConfUtils.java:logGet(43)) - raft.server.snapshot.auto.trigger.enabled = true (custom)
2019-09-16 17:25:33,433 [pool-27-thread-1] INFO  server.RaftServerConfigKeys (ConfUtils.java:logGet(43)) - raft.server.retrycache.expirytime = 600000ms (custom)
2019-09-16 17:25:33,433 [pool-57-thread-1] INFO  server.RaftServerConfigKeys (ConfUtils.java:logGet(43)) - raft.server.snapshot.auto.trigger.threshold = 10000 (custom)
2019-09-16 17:25:33,433 [pool-57-thread-1] INFO  server.RaftServerConfigKeys (ConfUtils.java:logGet(43)) - raft.server.snapshot.retention.num.files = -1 (default)
2019-09-16 17:25:33,433 [pool-57-thread-1] INFO  server.RaftServerConfigKeys (ConfUtils.java:logGet(43)) - raft.server.retrycache.expirytime = 600000ms (custom)
2019-09-16 17:25:33,439 [pool-67-thread-1] INFO  impl.RaftServerImpl (RaftServerImpl.java:start(185)) - 08c3c9a3-c92b-48ae-803a-081cb99550ef@group-42427AE515A8: start as a follower, conf=-1: [2565157f-9642-4f7c-bd15-58f431c5cf0a:192.168.151.75:46619, a5d3a44e-87a4-4ffe-bd57-d4dea2700ae7:192.168.151.75:34772, 08c3c9a3-c92b-48ae-803a-081cb99550ef:192.168.151.75:43991], old=null
2019-09-16 17:25:33,439 [pool-67-thread-1] INFO  impl.RaftServerImpl (RaftServerImpl.java:setRole(174)) - 08c3c9a3-c92b-48ae-803a-081cb99550ef@group-42427AE515A8: changes role from      null to FOLLOWER at term 0 for startAsFollower
2019-09-16 17:25:33,439 [pool-57-thread-1] INFO  impl.RaftServerImpl (RaftServerImpl.java:start(185)) - a5d3a44e-87a4-4ffe-bd57-d4dea2700ae7@group-42427AE515A8: start as a follower, conf=-1: [2565157f-9642-4f7c-bd15-58f431c5cf0a:192.168.151.75:46619, a5d3a44e-87a4-4ffe-bd57-d4dea2700ae7:192.168.151.75:34772, 08c3c9a3-c92b-48ae-803a-081cb99550ef:192.168.151.75:43991], old=null
2019-09-16 17:25:33,439 [pool-27-thread-1] INFO  impl.RaftServerImpl (RaftServerImpl.java:start(185)) - 2565157f-9642-4f7c-bd15-58f431c5cf0a@group-42427AE515A8: start as a follower, conf=-1: [2565157f-9642-4f7c-bd15-58f431c5cf0a:192.168.151.75:46619, a5d3a44e-87a4-4ffe-bd57-d4dea2700ae7:192.168.151.75:34772, 08c3c9a3-c92b-48ae-803a-081cb99550ef:192.168.151.75:43991], old=null
2019-09-16 17:25:33,439 [pool-57-thread-1] INFO  impl.RaftServerImpl (RaftServerImpl.java:setRole(174)) - a5d3a44e-87a4-4ffe-bd57-d4dea2700ae7@group-42427AE515A8: changes role from      null to FOLLOWER at term 0 for startAsFollower
2019-09-16 17:25:33,439 [pool-67-thread-1] INFO  impl.RoleInfo (RoleInfo.java:updateAndGet(143)) - 08c3c9a3-c92b-48ae-803a-081cb99550ef: start FollowerState
2019-09-16 17:25:33,440 [pool-57-thread-1] INFO  impl.RoleInfo (RoleInfo.java:updateAndGet(143)) - a5d3a44e-87a4-4ffe-bd57-d4dea2700ae7: start FollowerState
2019-09-16 17:25:33,439 [pool-27-thread-1] INFO  impl.RaftServerImpl (RaftServerImpl.java:setRole(174)) - 2565157f-9642-4f7c-bd15-58f431c5cf0a@group-42427AE515A8: changes role from      null to FOLLOWER at term 0 for startAsFollower
2019-09-16 17:25:33,440 [pool-27-thread-1] INFO  impl.RoleInfo (RoleInfo.java:updateAndGet(143)) - 2565157f-9642-4f7c-bd15-58f431c5cf0a: start FollowerState
2019-09-16 17:25:33,440 [pool-57-thread-1] INFO  util.JmxRegister (JmxRegister.java:tryRegister(44)) - Successfully registered JMX Bean with object name Ratis:service=RaftServer,group=group-42427AE515A8,id=a5d3a44e-87a4-4ffe-bd57-d4dea2700ae7
2019-09-16 17:25:33,440 [pool-67-thread-1] INFO  util.JmxRegister (JmxRegister.java:tryRegister(44)) - Successfully registered JMX Bean with object name Ratis:service=RaftServer,group=group-42427AE515A8,id=08c3c9a3-c92b-48ae-803a-081cb99550ef
2019-09-16 17:25:33,440 [pool-27-thread-1] INFO  util.JmxRegister (JmxRegister.java:tryRegister(44)) - Successfully registered JMX Bean with object name Ratis:service=RaftServer,group=group-42427AE515A8,id=2565157f-9642-4f7c-bd15-58f431c5cf0a
2019-09-16 17:25:33,447 [RatisPipelineUtilsThread] INFO  pipeline.PipelineStateManager (PipelineStateManager.java:addPipeline(56)) - Created pipeline Pipeline[ Id: 93324fbd-3721-4fab-88a8-42427ae515a8, Nodes: a5d3a44e-87a4-4ffe-bd57-d4dea2700ae7{ip: 192.168.151.75, host: pr-hdds-2114-2x2fm-437316914, networkLocation: /default-rack, certSerialId: null}08c3c9a3-c92b-48ae-803a-081cb99550ef{ip: 192.168.151.75, host: pr-hdds-2114-2x2fm-437316914, networkLocation: /default-rack, certSerialId: null}2565157f-9642-4f7c-bd15-58f431c5cf0a{ip: 192.168.151.75, host: pr-hdds-2114-2x2fm-437316914, networkLocation: /default-rack, certSerialId: null}, Type:RATIS, Factor:THREE, State:OPEN]
2019-09-16 17:25:34,162 [main] WARN  io.KeyOutputStream (KeyOutputStream.java:handleException(276)) - Encountered exception java.io.IOException: Unexpected Storage Container Exception: java.util.concurrent.CompletionException: java.util.concurrent.CompletionException: org.apache.ratis.protocol.GroupMismatchException: a5d3a44e-87a4-4ffe-bd57-d4dea2700ae7: group-4C49021CB2BC not found. on the pipeline Pipeline[ Id: 73746d72-b06f-4f49-8943-4c49021cb2bc, Nodes: a5d3a44e-87a4-4ffe-bd57-d4dea2700ae7{ip: 192.168.151.75, host: pr-hdds-2114-2x2fm-437316914, networkLocation: /default-rack, certSerialId: null}08c3c9a3-c92b-48ae-803a-081cb99550ef{ip: 192.168.151.75, host: pr-hdds-2114-2x2fm-437316914, networkLocation: /default-rack, certSerialId: null}2565157f-9642-4f7c-bd15-58f431c5cf0a{ip: 192.168.151.75, host: pr-hdds-2114-2x2fm-437316914, networkLocation: /default-rack, certSerialId: null}, Type:RATIS, Factor:THREE, State:OPEN]. The last committed block length is 0, uncommitted data length is 250 retry count 0
2019-09-16 17:25:34,224 [grpc-default-executor-2] INFO  client.GrpcClientProtocolClient (GrpcClientProtocolClient.java:onNext(264)) - client-B6100C57BDC5->973364aa-0999-42fb-b1e3-8ec50fd7232a: receive RaftClientReply:client-B6100C57BDC5->973364aa-0999-42fb-b1e3-8ec50fd7232a@group-A8369B54D72C, cid=27, FAILED org.apache.ratis.protocol.NotLeaderException: Server 973364aa-0999-42fb-b1e3-8ec50fd7232a@group-A8369B54D72C is not the leader 04cc0e6b-c1eb-454c-b8ab-76b776566c09:192.168.151.75:34634, logIndex=0, commits[973364aa-0999-42fb-b1e3-8ec50fd7232a:c0, 04cc0e6b-c1eb-454c-b8ab-76b776566c09:c0, 2ad8b8a5-9b47-4134-85fe-629322b782ac:c0]
2019-09-16 17:25:34,436 [grpc-default-executor-2] INFO  client.GrpcClientProtocolClient (GrpcClientProtocolClient.java:onNext(264)) - client-B6100C57BDC5->04cc0e6b-c1eb-454c-b8ab-76b776566c09: receive RaftClientReply:client-B6100C57BDC5->04cc0e6b-c1eb-454c-b8ab-76b776566c09@group-A8369B54D72C, cid=27, SUCCESS, logIndex=1, commits[04cc0e6b-c1eb-454c-b8ab-76b776566c09:c1, 973364aa-0999-42fb-b1e3-8ec50fd7232a:c0, 2ad8b8a5-9b47-4134-85fe-629322b782ac:c0]
2019-09-16 17:25:34,469 [grpc-default-executor-0] INFO  client.GrpcClientProtocolClient (GrpcClientProtocolClient.java:onNext(264)) - client-B6100C57BDC5->04cc0e6b-c1eb-454c-b8ab-76b776566c09: receive RaftClientReply:client-B6100C57BDC5->04cc0e6b-c1eb-454c-b8ab-76b776566c09@group-A8369B54D72C, cid=28, SUCCESS, logIndex=3, commits[04cc0e6b-c1eb-454c-b8ab-76b776566c09:c4, 973364aa-0999-42fb-b1e3-8ec50fd7232a:c2, 2ad8b8a5-9b47-4134-85fe-629322b782ac:c2]
2019-09-16 17:25:34,538 [grpc-default-executor-0] INFO  client.GrpcClientProtocolClient (GrpcClientProtocolClient.java:onNext(264)) - client-B6100C57BDC5->04cc0e6b-c1eb-454c-b8ab-76b776566c09: receive RaftClientReply:client-B6100C57BDC5->04cc0e6b-c1eb-454c-b8ab-76b776566c09@group-A8369B54D72C, cid=29, SUCCESS, logIndex=4, commits[04cc0e6b-c1eb-454c-b8ab-76b776566c09:c9, 973364aa-0999-42fb-b1e3-8ec50fd7232a:c6, 2ad8b8a5-9b47-4134-85fe-629322b782ac:c6]
2019-09-16 17:25:34,539 [grpc-default-executor-0] INFO  client.GrpcClientProtocolClient (GrpcClientProtocolClient.java:onNext(264)) - client-B6100C57BDC5->04cc0e6b-c1eb-454c-b8ab-76b776566c09: receive RaftClientReply:client-B6100C57BDC5->04cc0e6b-c1eb-454c-b8ab-76b776566c09@group-A8369B54D72C, cid=30, SUCCESS, logIndex=5, commits[04cc0e6b-c1eb-454c-b8ab-76b776566c09:c9, 973364aa-0999-42fb-b1e3-8ec50fd7232a:c6, 2ad8b8a5-9b47-4134-85fe-629322b782ac:c6]
2019-09-16 17:25:34,608 [grpc-default-executor-0] INFO  client.GrpcClientProtocolClient (GrpcClientProtocolClient.java:onNext(264)) - client-B6100C57BDC5->04cc0e6b-c1eb-454c-b8ab-76b776566c09: receive RaftClientReply:client-B6100C57BDC5->04cc0e6b-c1eb-454c-b8ab-76b776566c09@group-A8369B54D72C, cid=31, SUCCESS, logIndex=6, commits[04cc0e6b-c1eb-454c-b8ab-76b776566c09:c9, 973364aa-0999-42fb-b1e3-8ec50fd7232a:c6, 2ad8b8a5-9b47-4134-85fe-629322b782ac:c6]
]]></system-out>
  </testcase>
  <testcase name="testMultiChunkWrite" classname="org.apache.hadoop.ozone.client.rpc.TestBlockOutputStream" time="9.556"/>
  <testcase name="testFullBufferCondition" classname="org.apache.hadoop.ozone.client.rpc.TestBlockOutputStream" time="187.191">
    <failure type="java.lang.AssertionError">java.lang.AssertionError
	at org.junit.Assert.fail(Assert.java:86)
	at org.junit.Assert.assertTrue(Assert.java:41)
	at org.junit.Assert.assertTrue(Assert.java:52)
	at org.apache.hadoop.ozone.client.rpc.TestBlockOutputStream.testFullBufferCondition(TestBlockOutputStream.java:515)
	at sun.reflect.NativeMethodAccessorImpl.invoke0(Native Method)
	at sun.reflect.NativeMethodAccessorImpl.invoke(NativeMethodAccessorImpl.java:62)
	at sun.reflect.DelegatingMethodAccessorImpl.invoke(DelegatingMethodAccessorImpl.java:43)
	at java.lang.reflect.Method.invoke(Method.java:498)
	at org.junit.runners.model.FrameworkMethod$1.runReflectiveCall(FrameworkMethod.java:47)
	at org.junit.internal.runners.model.ReflectiveCallable.run(ReflectiveCallable.java:12)
	at org.junit.runners.model.FrameworkMethod.invokeExplosively(FrameworkMethod.java:44)
	at org.junit.internal.runners.statements.InvokeMethod.evaluate(InvokeMethod.java:17)
	at org.junit.runners.ParentRunner.runLeaf(ParentRunner.java:271)
	at org.junit.runners.BlockJUnit4ClassRunner.runChild(BlockJUnit4ClassRunner.java:70)
	at org.junit.runners.BlockJUnit4ClassRunner.runChild(BlockJUnit4ClassRunner.java:50)
	at org.junit.runners.ParentRunner$3.run(ParentRunner.java:238)
	at org.junit.runners.ParentRunner$1.schedule(ParentRunner.java:63)
	at org.junit.runners.ParentRunner.runChildren(ParentRunner.java:236)
	at org.junit.runners.ParentRunner.access$000(ParentRunner.java:53)
	at org.junit.runners.ParentRunner$2.evaluate(ParentRunner.java:229)
	at org.junit.internal.runners.statements.RunBefores.evaluate(RunBefores.java:26)
	at org.junit.internal.runners.statements.RunAfters.evaluate(RunAfters.java:27)
	at org.junit.runners.ParentRunner.run(ParentRunner.java:309)
	at org.apache.maven.surefire.junit4.JUnit4Provider.execute(JUnit4Provider.java:365)
	at org.apache.maven.surefire.junit4.JUnit4Provider.executeWithRerun(JUnit4Provider.java:273)
	at org.apache.maven.surefire.junit4.JUnit4Provider.executeTestSet(JUnit4Provider.java:238)
	at org.apache.maven.surefire.junit4.JUnit4Provider.invoke(JUnit4Provider.java:159)
	at org.apache.maven.surefire.booter.ForkedBooter.invokeProviderInSameClassLoader(ForkedBooter.java:384)
	at org.apache.maven.surefire.booter.ForkedBooter.runSuitesInProcess(ForkedBooter.java:345)
	at org.apache.maven.surefire.booter.ForkedBooter.execute(ForkedBooter.java:126)
	at org.apache.maven.surefire.booter.ForkedBooter.main(ForkedBooter.java:418)
</failure>
    <system-out><![CDATA[2019-09-16 17:25:45,950 [grpc-default-executor-6] INFO  impl.RaftServerProxy (RaftServerProxy.java:remove(95)) - a5d3a44e-87a4-4ffe-bd57-d4dea2700ae7: remove group-4C49021CB2BC:null
2019-09-16 17:25:45,957 [RatisPipelineUtilsThread] WARN  pipeline.RatisPipelineUtils (RatisPipelineUtils.java:destroyPipeline(66)) - Pipeline destroy failed for pipeline=PipelineID=73746d72-b06f-4f49-8943-4c49021cb2bc dn=a5d3a44e-87a4-4ffe-bd57-d4dea2700ae7{ip: 192.168.151.75, host: pr-hdds-2114-2x2fm-437316914, networkLocation: /default-rack, certSerialId: null}
2019-09-16 17:25:45,961 [grpc-default-executor-6] INFO  impl.RaftServerProxy (RaftServerProxy.java:remove(95)) - 08c3c9a3-c92b-48ae-803a-081cb99550ef: remove group-4C49021CB2BC:null
2019-09-16 17:25:45,968 [RatisPipelineUtilsThread] WARN  pipeline.RatisPipelineUtils (RatisPipelineUtils.java:destroyPipeline(66)) - Pipeline destroy failed for pipeline=PipelineID=73746d72-b06f-4f49-8943-4c49021cb2bc dn=08c3c9a3-c92b-48ae-803a-081cb99550ef{ip: 192.168.151.75, host: pr-hdds-2114-2x2fm-437316914, networkLocation: /default-rack, certSerialId: null}
2019-09-16 17:25:45,972 [grpc-default-executor-6] INFO  impl.RaftServerProxy (RaftServerProxy.java:remove(95)) - 2565157f-9642-4f7c-bd15-58f431c5cf0a: remove group-4C49021CB2BC:null
2019-09-16 17:25:45,980 [RatisPipelineUtilsThread] WARN  pipeline.RatisPipelineUtils (RatisPipelineUtils.java:destroyPipeline(66)) - Pipeline destroy failed for pipeline=PipelineID=73746d72-b06f-4f49-8943-4c49021cb2bc dn=2565157f-9642-4f7c-bd15-58f431c5cf0a{ip: 192.168.151.75, host: pr-hdds-2114-2x2fm-437316914, networkLocation: /default-rack, certSerialId: null}
2019-09-16 17:25:45,980 [RatisPipelineUtilsThread] ERROR pipeline.SCMPipelineManager (Scheduler.java:lambda$schedule$1(70)) - Destroy pipeline failed for pipeline:Pipeline[ Id: 73746d72-b06f-4f49-8943-4c49021cb2bc, Nodes: a5d3a44e-87a4-4ffe-bd57-d4dea2700ae7{ip: 192.168.151.75, host: pr-hdds-2114-2x2fm-437316914, networkLocation: /default-rack, certSerialId: null}08c3c9a3-c92b-48ae-803a-081cb99550ef{ip: 192.168.151.75, host: pr-hdds-2114-2x2fm-437316914, networkLocation: /default-rack, certSerialId: null}2565157f-9642-4f7c-bd15-58f431c5cf0a{ip: 192.168.151.75, host: pr-hdds-2114-2x2fm-437316914, networkLocation: /default-rack, certSerialId: null}, Type:RATIS, Factor:THREE, State:CLOSED]
org.apache.hadoop.hdds.scm.pipeline.PipelineNotFoundException: PipelineID=73746d72-b06f-4f49-8943-4c49021cb2bc not found
	at org.apache.hadoop.hdds.scm.pipeline.PipelineStateMap.getPipeline(PipelineStateMap.java:132)
	at org.apache.hadoop.hdds.scm.pipeline.PipelineStateMap.removePipeline(PipelineStateMap.java:322)
	at org.apache.hadoop.hdds.scm.pipeline.PipelineStateManager.removePipeline(PipelineStateManager.java:107)
	at org.apache.hadoop.hdds.scm.pipeline.SCMPipelineManager.removePipeline(SCMPipelineManager.java:423)
	at org.apache.hadoop.hdds.scm.pipeline.SCMPipelineManager.destroyPipeline(SCMPipelineManager.java:409)
	at org.apache.hadoop.hdds.scm.pipeline.SCMPipelineManager.lambda$finalizeAndDestroyPipeline$0(SCMPipelineManager.java:318)
	at org.apache.hadoop.utils.Scheduler.lambda$schedule$1(Scheduler.java:68)
	at java.util.concurrent.Executors$RunnableAdapter.call(Executors.java:511)
	at java.util.concurrent.FutureTask.run(FutureTask.java:266)
	at java.util.concurrent.ScheduledThreadPoolExecutor$ScheduledFutureTask.access$201(ScheduledThreadPoolExecutor.java:180)
	at java.util.concurrent.ScheduledThreadPoolExecutor$ScheduledFutureTask.run(ScheduledThreadPoolExecutor.java:293)
	at java.util.concurrent.ThreadPoolExecutor.runWorker(ThreadPoolExecutor.java:1149)
	at java.util.concurrent.ThreadPoolExecutor$Worker.run(ThreadPoolExecutor.java:624)
	at java.lang.Thread.run(Thread.java:748)
2019-09-16 17:25:47,205 [java.util.concurrent.ThreadPoolExecutor$Worker@1b6a6326[State = -1, empty queue]] WARN  server.GrpcLogAppender (GrpcLogAppender.java:timeoutAppendRequest(200)) - 2565157f-9642-4f7c-bd15-58f431c5cf0a@group-42427AE515A8->a5d3a44e-87a4-4ffe-bd57-d4dea2700ae7-GrpcLogAppender: appendEntries Timeout, request=2565157f-9642-4f7c-bd15-58f431c5cf0a->a5d3a44e-87a4-4ffe-bd57-d4dea2700ae7#8-t2, previous=(t:2, i:6), leaderCommit=6, initializing? false, entries: size=1, first=(t:2, i:7), STATEMACHINELOGENTRY, client-67B75F1E9B14, cid=47
2019-09-16 17:25:47,205 [java.util.concurrent.ThreadPoolExecutor$Worker@5a1c6d9[State = -1, empty queue]] WARN  server.GrpcLogAppender (GrpcLogAppender.java:timeoutAppendRequest(200)) - 2565157f-9642-4f7c-bd15-58f431c5cf0a@group-42427AE515A8->08c3c9a3-c92b-48ae-803a-081cb99550ef-GrpcLogAppender: appendEntries Timeout, request=2565157f-9642-4f7c-bd15-58f431c5cf0a->08c3c9a3-c92b-48ae-803a-081cb99550ef#8-t2, previous=(t:2, i:6), leaderCommit=6, initializing? false, entries: size=1, first=(t:2, i:7), STATEMACHINELOGENTRY, client-67B75F1E9B14, cid=47
2019-09-16 17:25:47,205 [java.util.concurrent.ThreadPoolExecutor$Worker@1b6a6326[State = -1, empty queue]] WARN  server.GrpcLogAppender (GrpcLogAppender.java:timeoutAppendRequest(200)) - 2565157f-9642-4f7c-bd15-58f431c5cf0a@group-42427AE515A8->a5d3a44e-87a4-4ffe-bd57-d4dea2700ae7-GrpcLogAppender: appendEntries Timeout, request=2565157f-9642-4f7c-bd15-58f431c5cf0a->a5d3a44e-87a4-4ffe-bd57-d4dea2700ae7#9-t2, previous=(t:2, i:7), leaderCommit=6, initializing? false, entries: size=1, first=(t:2, i:8), STATEMACHINELOGENTRY, client-67B75F1E9B14, cid=48
2019-09-16 17:25:47,206 [java.util.concurrent.ThreadPoolExecutor$Worker@5a1c6d9[State = -1, empty queue]] WARN  server.GrpcLogAppender (GrpcLogAppender.java:timeoutAppendRequest(200)) - 2565157f-9642-4f7c-bd15-58f431c5cf0a@group-42427AE515A8->08c3c9a3-c92b-48ae-803a-081cb99550ef-GrpcLogAppender: appendEntries Timeout, request=2565157f-9642-4f7c-bd15-58f431c5cf0a->08c3c9a3-c92b-48ae-803a-081cb99550ef#9-t2, previous=(t:2, i:7), leaderCommit=6, initializing? false, entries: size=1, first=(t:2, i:8), STATEMACHINELOGENTRY, client-67B75F1E9B14, cid=48
2019-09-16 17:25:47,206 [java.util.concurrent.ThreadPoolExecutor$Worker@1b6a6326[State = -1, empty queue]] WARN  server.GrpcLogAppender (GrpcLogAppender.java:timeoutAppendRequest(200)) - 2565157f-9642-4f7c-bd15-58f431c5cf0a@group-42427AE515A8->a5d3a44e-87a4-4ffe-bd57-d4dea2700ae7-GrpcLogAppender: appendEntries Timeout, request=2565157f-9642-4f7c-bd15-58f431c5cf0a->a5d3a44e-87a4-4ffe-bd57-d4dea2700ae7#10-t2, previous=(t:2, i:8), leaderCommit=6, initializing? false, entries: size=1, first=(t:2, i:9), STATEMACHINELOGENTRY, client-67B75F1E9B14, cid=49
2019-09-16 17:25:47,206 [java.util.concurrent.ThreadPoolExecutor$Worker@5a1c6d9[State = -1, empty queue]] WARN  server.GrpcLogAppender (GrpcLogAppender.java:timeoutAppendRequest(200)) - 2565157f-9642-4f7c-bd15-58f431c5cf0a@group-42427AE515A8->08c3c9a3-c92b-48ae-803a-081cb99550ef-GrpcLogAppender: appendEntries Timeout, request=2565157f-9642-4f7c-bd15-58f431c5cf0a->08c3c9a3-c92b-48ae-803a-081cb99550ef#10-t2, previous=(t:2, i:8), leaderCommit=6, initializing? false, entries: size=1, first=(t:2, i:9), STATEMACHINELOGENTRY, client-67B75F1E9B14, cid=49
2019-09-16 17:25:47,207 [java.util.concurrent.ThreadPoolExecutor$Worker@1b6a6326[State = -1, empty queue]] WARN  server.GrpcLogAppender (GrpcLogAppender.java:timeoutAppendRequest(200)) - 2565157f-9642-4f7c-bd15-58f431c5cf0a@group-42427AE515A8->a5d3a44e-87a4-4ffe-bd57-d4dea2700ae7-GrpcLogAppender: appendEntries Timeout, request=2565157f-9642-4f7c-bd15-58f431c5cf0a->a5d3a44e-87a4-4ffe-bd57-d4dea2700ae7#11-t2, previous=(t:2, i:9), leaderCommit=6, initializing? false, entries: size=1, first=(t:2, i:10), STATEMACHINELOGENTRY, client-67B75F1E9B14, cid=50
2019-09-16 17:25:47,207 [java.util.concurrent.ThreadPoolExecutor$Worker@5a1c6d9[State = -1, empty queue]] WARN  server.GrpcLogAppender (GrpcLogAppender.java:timeoutAppendRequest(200)) - 2565157f-9642-4f7c-bd15-58f431c5cf0a@group-42427AE515A8->08c3c9a3-c92b-48ae-803a-081cb99550ef-GrpcLogAppender: appendEntries Timeout, request=2565157f-9642-4f7c-bd15-58f431c5cf0a->08c3c9a3-c92b-48ae-803a-081cb99550ef#11-t2, previous=(t:2, i:9), leaderCommit=6, initializing? false, entries: size=1, first=(t:2, i:10), STATEMACHINELOGENTRY, client-67B75F1E9B14, cid=50
2019-09-16 17:25:47,208 [java.util.concurrent.ThreadPoolExecutor$Worker@1b6a6326[State = -1, empty queue]] WARN  server.GrpcLogAppender (GrpcLogAppender.java:timeoutAppendRequest(200)) - 2565157f-9642-4f7c-bd15-58f431c5cf0a@group-42427AE515A8->a5d3a44e-87a4-4ffe-bd57-d4dea2700ae7-GrpcLogAppender: appendEntries Timeout, request=2565157f-9642-4f7c-bd15-58f431c5cf0a->a5d3a44e-87a4-4ffe-bd57-d4dea2700ae7#12-t2, previous=(t:2, i:10), leaderCommit=6, initializing? false, entries: size=1, first=(t:2, i:11), STATEMACHINELOGENTRY, client-67B75F1E9B14, cid=51
2019-09-16 17:25:47,209 [java.util.concurrent.ThreadPoolExecutor$Worker@5a1c6d9[State = -1, empty queue]] WARN  server.GrpcLogAppender (GrpcLogAppender.java:timeoutAppendRequest(200)) - 2565157f-9642-4f7c-bd15-58f431c5cf0a@group-42427AE515A8->08c3c9a3-c92b-48ae-803a-081cb99550ef-GrpcLogAppender: appendEntries Timeout, request=2565157f-9642-4f7c-bd15-58f431c5cf0a->08c3c9a3-c92b-48ae-803a-081cb99550ef#12-t2, previous=(t:2, i:10), leaderCommit=6, initializing? false, entries: size=1, first=(t:2, i:11), STATEMACHINELOGENTRY, client-67B75F1E9B14, cid=51
2019-09-16 17:25:47,209 [java.util.concurrent.ThreadPoolExecutor$Worker@1b6a6326[State = -1, empty queue]] WARN  server.GrpcLogAppender (GrpcLogAppender.java:timeoutAppendRequest(200)) - 2565157f-9642-4f7c-bd15-58f431c5cf0a@group-42427AE515A8->a5d3a44e-87a4-4ffe-bd57-d4dea2700ae7-GrpcLogAppender: appendEntries Timeout, request=2565157f-9642-4f7c-bd15-58f431c5cf0a->a5d3a44e-87a4-4ffe-bd57-d4dea2700ae7#13-t2, previous=(t:2, i:11), leaderCommit=6, initializing? false, entries: size=1, first=(t:2, i:12), STATEMACHINELOGENTRY, client-67B75F1E9B14, cid=52
2019-09-16 17:25:47,209 [java.util.concurrent.ThreadPoolExecutor$Worker@5a1c6d9[State = -1, empty queue]] WARN  server.GrpcLogAppender (GrpcLogAppender.java:timeoutAppendRequest(200)) - 2565157f-9642-4f7c-bd15-58f431c5cf0a@group-42427AE515A8->08c3c9a3-c92b-48ae-803a-081cb99550ef-GrpcLogAppender: appendEntries Timeout, request=2565157f-9642-4f7c-bd15-58f431c5cf0a->08c3c9a3-c92b-48ae-803a-081cb99550ef#13-t2, previous=(t:2, i:11), leaderCommit=6, initializing? false, entries: size=1, first=(t:2, i:12), STATEMACHINELOGENTRY, client-67B75F1E9B14, cid=52
2019-09-16 17:25:47,955 [grpc-default-executor-6] INFO  impl.RaftServerProxy (RaftServerProxy.java:remove(95)) - a5d3a44e-87a4-4ffe-bd57-d4dea2700ae7: remove group-4C49021CB2BC:null
2019-09-16 17:25:47,967 [RatisPipelineUtilsThread] WARN  pipeline.RatisPipelineUtils (RatisPipelineUtils.java:destroyPipeline(66)) - Pipeline destroy failed for pipeline=PipelineID=73746d72-b06f-4f49-8943-4c49021cb2bc dn=a5d3a44e-87a4-4ffe-bd57-d4dea2700ae7{ip: 192.168.151.75, host: pr-hdds-2114-2x2fm-437316914, networkLocation: /default-rack, certSerialId: null}
2019-09-16 17:25:47,970 [grpc-default-executor-6] INFO  impl.RaftServerProxy (RaftServerProxy.java:remove(95)) - 08c3c9a3-c92b-48ae-803a-081cb99550ef: remove group-4C49021CB2BC:null
2019-09-16 17:25:47,976 [RatisPipelineUtilsThread] WARN  pipeline.RatisPipelineUtils (RatisPipelineUtils.java:destroyPipeline(66)) - Pipeline destroy failed for pipeline=PipelineID=73746d72-b06f-4f49-8943-4c49021cb2bc dn=08c3c9a3-c92b-48ae-803a-081cb99550ef{ip: 192.168.151.75, host: pr-hdds-2114-2x2fm-437316914, networkLocation: /default-rack, certSerialId: null}
2019-09-16 17:25:47,979 [grpc-default-executor-6] INFO  impl.RaftServerProxy (RaftServerProxy.java:remove(95)) - 2565157f-9642-4f7c-bd15-58f431c5cf0a: remove group-4C49021CB2BC:null
2019-09-16 17:25:47,996 [RatisPipelineUtilsThread] WARN  pipeline.RatisPipelineUtils (RatisPipelineUtils.java:destroyPipeline(66)) - Pipeline destroy failed for pipeline=PipelineID=73746d72-b06f-4f49-8943-4c49021cb2bc dn=2565157f-9642-4f7c-bd15-58f431c5cf0a{ip: 192.168.151.75, host: pr-hdds-2114-2x2fm-437316914, networkLocation: /default-rack, certSerialId: null}
2019-09-16 17:25:47,996 [RatisPipelineUtilsThread] ERROR pipeline.SCMPipelineManager (Scheduler.java:lambda$schedule$1(70)) - Destroy pipeline failed for pipeline:Pipeline[ Id: 73746d72-b06f-4f49-8943-4c49021cb2bc, Nodes: a5d3a44e-87a4-4ffe-bd57-d4dea2700ae7{ip: 192.168.151.75, host: pr-hdds-2114-2x2fm-437316914, networkLocation: /default-rack, certSerialId: null}08c3c9a3-c92b-48ae-803a-081cb99550ef{ip: 192.168.151.75, host: pr-hdds-2114-2x2fm-437316914, networkLocation: /default-rack, certSerialId: null}2565157f-9642-4f7c-bd15-58f431c5cf0a{ip: 192.168.151.75, host: pr-hdds-2114-2x2fm-437316914, networkLocation: /default-rack, certSerialId: null}, Type:RATIS, Factor:THREE, State:CLOSED]
org.apache.hadoop.hdds.scm.pipeline.PipelineNotFoundException: PipelineID=73746d72-b06f-4f49-8943-4c49021cb2bc not found
	at org.apache.hadoop.hdds.scm.pipeline.PipelineStateMap.getPipeline(PipelineStateMap.java:132)
	at org.apache.hadoop.hdds.scm.pipeline.PipelineStateMap.removePipeline(PipelineStateMap.java:322)
	at org.apache.hadoop.hdds.scm.pipeline.PipelineStateManager.removePipeline(PipelineStateManager.java:107)
	at org.apache.hadoop.hdds.scm.pipeline.SCMPipelineManager.removePipeline(SCMPipelineManager.java:423)
	at org.apache.hadoop.hdds.scm.pipeline.SCMPipelineManager.destroyPipeline(SCMPipelineManager.java:409)
	at org.apache.hadoop.hdds.scm.pipeline.SCMPipelineManager.lambda$finalizeAndDestroyPipeline$0(SCMPipelineManager.java:318)
	at org.apache.hadoop.utils.Scheduler.lambda$schedule$1(Scheduler.java:68)
	at java.util.concurrent.Executors$RunnableAdapter.call(Executors.java:511)
	at java.util.concurrent.FutureTask.run(FutureTask.java:266)
	at java.util.concurrent.ScheduledThreadPoolExecutor$ScheduledFutureTask.access$201(ScheduledThreadPoolExecutor.java:180)
	at java.util.concurrent.ScheduledThreadPoolExecutor$ScheduledFutureTask.run(ScheduledThreadPoolExecutor.java:293)
	at java.util.concurrent.ThreadPoolExecutor.runWorker(ThreadPoolExecutor.java:1149)
	at java.util.concurrent.ThreadPoolExecutor$Worker.run(ThreadPoolExecutor.java:624)
	at java.lang.Thread.run(Thread.java:748)
2019-09-16 17:25:49,229 [grpc-default-executor-5] INFO  client.GrpcClientProtocolClient (GrpcClientProtocolClient.java:onNext(264)) - client-67B75F1E9B14->a5d3a44e-87a4-4ffe-bd57-d4dea2700ae7: receive RaftClientReply:client-67B75F1E9B14->a5d3a44e-87a4-4ffe-bd57-d4dea2700ae7@group-42427AE515A8, cid=47, FAILED org.apache.ratis.protocol.NotLeaderException: Server a5d3a44e-87a4-4ffe-bd57-d4dea2700ae7@group-42427AE515A8 is not the leader 2565157f-9642-4f7c-bd15-58f431c5cf0a:192.168.151.75:46619, logIndex=0, commits[a5d3a44e-87a4-4ffe-bd57-d4dea2700ae7:c6, 2565157f-9642-4f7c-bd15-58f431c5cf0a:c6, 08c3c9a3-c92b-48ae-803a-081cb99550ef:c4]
2019-09-16 17:25:49,710 [java.util.concurrent.ThreadPoolExecutor$Worker@1b6a6326[State = -1, empty queue]] WARN  server.GrpcLogAppender (GrpcLogAppender.java:timeoutAppendRequest(200)) - 2565157f-9642-4f7c-bd15-58f431c5cf0a@group-42427AE515A8->a5d3a44e-87a4-4ffe-bd57-d4dea2700ae7-GrpcLogAppender: appendEntries Timeout, request=2565157f-9642-4f7c-bd15-58f431c5cf0a->a5d3a44e-87a4-4ffe-bd57-d4dea2700ae7#14-t2, previous=(t:2, i:12), leaderCommit=6, initializing? false, entries: <empty>
2019-09-16 17:25:49,710 [java.util.concurrent.ThreadPoolExecutor$Worker@5a1c6d9[State = -1, empty queue]] WARN  server.GrpcLogAppender (GrpcLogAppender.java:timeoutAppendRequest(200)) - 2565157f-9642-4f7c-bd15-58f431c5cf0a@group-42427AE515A8->08c3c9a3-c92b-48ae-803a-081cb99550ef-GrpcLogAppender: appendEntries Timeout, request=2565157f-9642-4f7c-bd15-58f431c5cf0a->08c3c9a3-c92b-48ae-803a-081cb99550ef#14-t2, previous=(t:2, i:12), leaderCommit=6, initializing? false, entries: <empty>
2019-09-16 17:25:50,954 [grpc-default-executor-5] INFO  impl.RaftServerProxy (RaftServerProxy.java:remove(95)) - a5d3a44e-87a4-4ffe-bd57-d4dea2700ae7: remove group-4C49021CB2BC:null
2019-09-16 17:25:50,965 [RatisPipelineUtilsThread] WARN  pipeline.RatisPipelineUtils (RatisPipelineUtils.java:destroyPipeline(66)) - Pipeline destroy failed for pipeline=PipelineID=73746d72-b06f-4f49-8943-4c49021cb2bc dn=a5d3a44e-87a4-4ffe-bd57-d4dea2700ae7{ip: 192.168.151.75, host: pr-hdds-2114-2x2fm-437316914, networkLocation: /default-rack, certSerialId: null}
2019-09-16 17:25:50,969 [grpc-default-executor-5] INFO  impl.RaftServerProxy (RaftServerProxy.java:remove(95)) - 08c3c9a3-c92b-48ae-803a-081cb99550ef: remove group-4C49021CB2BC:null
2019-09-16 17:25:50,975 [RatisPipelineUtilsThread] WARN  pipeline.RatisPipelineUtils (RatisPipelineUtils.java:destroyPipeline(66)) - Pipeline destroy failed for pipeline=PipelineID=73746d72-b06f-4f49-8943-4c49021cb2bc dn=08c3c9a3-c92b-48ae-803a-081cb99550ef{ip: 192.168.151.75, host: pr-hdds-2114-2x2fm-437316914, networkLocation: /default-rack, certSerialId: null}
2019-09-16 17:25:50,978 [grpc-default-executor-5] INFO  impl.RaftServerProxy (RaftServerProxy.java:remove(95)) - 2565157f-9642-4f7c-bd15-58f431c5cf0a: remove group-4C49021CB2BC:null
2019-09-16 17:25:50,984 [RatisPipelineUtilsThread] WARN  pipeline.RatisPipelineUtils (RatisPipelineUtils.java:destroyPipeline(66)) - Pipeline destroy failed for pipeline=PipelineID=73746d72-b06f-4f49-8943-4c49021cb2bc dn=2565157f-9642-4f7c-bd15-58f431c5cf0a{ip: 192.168.151.75, host: pr-hdds-2114-2x2fm-437316914, networkLocation: /default-rack, certSerialId: null}
2019-09-16 17:25:50,984 [RatisPipelineUtilsThread] ERROR pipeline.SCMPipelineManager (Scheduler.java:lambda$schedule$1(70)) - Destroy pipeline failed for pipeline:Pipeline[ Id: 73746d72-b06f-4f49-8943-4c49021cb2bc, Nodes: a5d3a44e-87a4-4ffe-bd57-d4dea2700ae7{ip: 192.168.151.75, host: pr-hdds-2114-2x2fm-437316914, networkLocation: /default-rack, certSerialId: null}08c3c9a3-c92b-48ae-803a-081cb99550ef{ip: 192.168.151.75, host: pr-hdds-2114-2x2fm-437316914, networkLocation: /default-rack, certSerialId: null}2565157f-9642-4f7c-bd15-58f431c5cf0a{ip: 192.168.151.75, host: pr-hdds-2114-2x2fm-437316914, networkLocation: /default-rack, certSerialId: null}, Type:RATIS, Factor:THREE, State:CLOSED]
org.apache.hadoop.hdds.scm.pipeline.PipelineNotFoundException: PipelineID=73746d72-b06f-4f49-8943-4c49021cb2bc not found
	at org.apache.hadoop.hdds.scm.pipeline.PipelineStateMap.getPipeline(PipelineStateMap.java:132)
	at org.apache.hadoop.hdds.scm.pipeline.PipelineStateMap.removePipeline(PipelineStateMap.java:322)
	at org.apache.hadoop.hdds.scm.pipeline.PipelineStateManager.removePipeline(PipelineStateManager.java:107)
	at org.apache.hadoop.hdds.scm.pipeline.SCMPipelineManager.removePipeline(SCMPipelineManager.java:423)
	at org.apache.hadoop.hdds.scm.pipeline.SCMPipelineManager.destroyPipeline(SCMPipelineManager.java:409)
	at org.apache.hadoop.hdds.scm.pipeline.SCMPipelineManager.lambda$finalizeAndDestroyPipeline$0(SCMPipelineManager.java:318)
	at org.apache.hadoop.utils.Scheduler.lambda$schedule$1(Scheduler.java:68)
	at java.util.concurrent.Executors$RunnableAdapter.call(Executors.java:511)
	at java.util.concurrent.FutureTask.run(FutureTask.java:266)
	at java.util.concurrent.ScheduledThreadPoolExecutor$ScheduledFutureTask.access$201(ScheduledThreadPoolExecutor.java:180)
	at java.util.concurrent.ScheduledThreadPoolExecutor$ScheduledFutureTask.run(ScheduledThreadPoolExecutor.java:293)
	at java.util.concurrent.ThreadPoolExecutor.runWorker(ThreadPoolExecutor.java:1149)
	at java.util.concurrent.ThreadPoolExecutor$Worker.run(ThreadPoolExecutor.java:624)
	at java.lang.Thread.run(Thread.java:748)
2019-09-16 17:25:52,211 [java.util.concurrent.ThreadPoolExecutor$Worker@1b6a6326[State = -1, empty queue]] WARN  server.GrpcLogAppender (GrpcLogAppender.java:timeoutAppendRequest(200)) - 2565157f-9642-4f7c-bd15-58f431c5cf0a@group-42427AE515A8->a5d3a44e-87a4-4ffe-bd57-d4dea2700ae7-GrpcLogAppender: appendEntries Timeout, request=2565157f-9642-4f7c-bd15-58f431c5cf0a->a5d3a44e-87a4-4ffe-bd57-d4dea2700ae7#15-t2, previous=(t:2, i:12), leaderCommit=6, initializing? false, entries: <empty>
2019-09-16 17:25:52,211 [java.util.concurrent.ThreadPoolExecutor$Worker@5a1c6d9[State = -1, empty queue]] WARN  server.GrpcLogAppender (GrpcLogAppender.java:timeoutAppendRequest(200)) - 2565157f-9642-4f7c-bd15-58f431c5cf0a@group-42427AE515A8->08c3c9a3-c92b-48ae-803a-081cb99550ef-GrpcLogAppender: appendEntries Timeout, request=2565157f-9642-4f7c-bd15-58f431c5cf0a->08c3c9a3-c92b-48ae-803a-081cb99550ef#15-t2, previous=(t:2, i:12), leaderCommit=6, initializing? false, entries: <empty>
2019-09-16 17:25:52,954 [grpc-default-executor-6] INFO  impl.RaftServerProxy (RaftServerProxy.java:remove(95)) - a5d3a44e-87a4-4ffe-bd57-d4dea2700ae7: remove group-4C49021CB2BC:null
2019-09-16 17:25:52,963 [RatisPipelineUtilsThread] WARN  pipeline.RatisPipelineUtils (RatisPipelineUtils.java:destroyPipeline(66)) - Pipeline destroy failed for pipeline=PipelineID=73746d72-b06f-4f49-8943-4c49021cb2bc dn=a5d3a44e-87a4-4ffe-bd57-d4dea2700ae7{ip: 192.168.151.75, host: pr-hdds-2114-2x2fm-437316914, networkLocation: /default-rack, certSerialId: null}
2019-09-16 17:25:52,967 [grpc-default-executor-6] INFO  impl.RaftServerProxy (RaftServerProxy.java:remove(95)) - 08c3c9a3-c92b-48ae-803a-081cb99550ef: remove group-4C49021CB2BC:null
2019-09-16 17:25:52,973 [RatisPipelineUtilsThread] WARN  pipeline.RatisPipelineUtils (RatisPipelineUtils.java:destroyPipeline(66)) - Pipeline destroy failed for pipeline=PipelineID=73746d72-b06f-4f49-8943-4c49021cb2bc dn=08c3c9a3-c92b-48ae-803a-081cb99550ef{ip: 192.168.151.75, host: pr-hdds-2114-2x2fm-437316914, networkLocation: /default-rack, certSerialId: null}
2019-09-16 17:25:52,976 [grpc-default-executor-6] INFO  impl.RaftServerProxy (RaftServerProxy.java:remove(95)) - 2565157f-9642-4f7c-bd15-58f431c5cf0a: remove group-4C49021CB2BC:null
2019-09-16 17:25:52,982 [RatisPipelineUtilsThread] WARN  pipeline.RatisPipelineUtils (RatisPipelineUtils.java:destroyPipeline(66)) - Pipeline destroy failed for pipeline=PipelineID=73746d72-b06f-4f49-8943-4c49021cb2bc dn=2565157f-9642-4f7c-bd15-58f431c5cf0a{ip: 192.168.151.75, host: pr-hdds-2114-2x2fm-437316914, networkLocation: /default-rack, certSerialId: null}
2019-09-16 17:25:52,983 [RatisPipelineUtilsThread] ERROR pipeline.SCMPipelineManager (Scheduler.java:lambda$schedule$1(70)) - Destroy pipeline failed for pipeline:Pipeline[ Id: 73746d72-b06f-4f49-8943-4c49021cb2bc, Nodes: a5d3a44e-87a4-4ffe-bd57-d4dea2700ae7{ip: 192.168.151.75, host: pr-hdds-2114-2x2fm-437316914, networkLocation: /default-rack, certSerialId: null}08c3c9a3-c92b-48ae-803a-081cb99550ef{ip: 192.168.151.75, host: pr-hdds-2114-2x2fm-437316914, networkLocation: /default-rack, certSerialId: null}2565157f-9642-4f7c-bd15-58f431c5cf0a{ip: 192.168.151.75, host: pr-hdds-2114-2x2fm-437316914, networkLocation: /default-rack, certSerialId: null}, Type:RATIS, Factor:THREE, State:CLOSED]
org.apache.hadoop.hdds.scm.pipeline.PipelineNotFoundException: PipelineID=73746d72-b06f-4f49-8943-4c49021cb2bc not found
	at org.apache.hadoop.hdds.scm.pipeline.PipelineStateMap.getPipeline(PipelineStateMap.java:132)
	at org.apache.hadoop.hdds.scm.pipeline.PipelineStateMap.removePipeline(PipelineStateMap.java:322)
	at org.apache.hadoop.hdds.scm.pipeline.PipelineStateManager.removePipeline(PipelineStateManager.java:107)
	at org.apache.hadoop.hdds.scm.pipeline.SCMPipelineManager.removePipeline(SCMPipelineManager.java:423)
	at org.apache.hadoop.hdds.scm.pipeline.SCMPipelineManager.destroyPipeline(SCMPipelineManager.java:409)
	at org.apache.hadoop.hdds.scm.pipeline.SCMPipelineManager.lambda$finalizeAndDestroyPipeline$0(SCMPipelineManager.java:318)
	at org.apache.hadoop.utils.Scheduler.lambda$schedule$1(Scheduler.java:68)
	at java.util.concurrent.Executors$RunnableAdapter.call(Executors.java:511)
	at java.util.concurrent.FutureTask.run(FutureTask.java:266)
	at java.util.concurrent.ScheduledThreadPoolExecutor$ScheduledFutureTask.access$201(ScheduledThreadPoolExecutor.java:180)
	at java.util.concurrent.ScheduledThreadPoolExecutor$ScheduledFutureTask.run(ScheduledThreadPoolExecutor.java:293)
	at java.util.concurrent.ThreadPoolExecutor.runWorker(ThreadPoolExecutor.java:1149)
	at java.util.concurrent.ThreadPoolExecutor$Worker.run(ThreadPoolExecutor.java:624)
	at java.lang.Thread.run(Thread.java:748)
2019-09-16 17:25:54,206 [a5d3a44e-87a4-4ffe-bd57-d4dea2700ae7@group-42427AE515A8-SegmentedRaftLogWorker] WARN  segmented.SegmentedRaftLogWorker (SegmentedRaftLogWorker.java:getFromFuture(90)) - Timeout 0/~
org.apache.ratis.protocol.TimeoutIOException: Timeout 10s: WriteLog:7: (t:2, i:7), STATEMACHINELOGENTRY, client-67B75F1E9B14, cid=47-writeStateMachineData
	at org.apache.ratis.util.IOUtils.getFromFuture(IOUtils.java:87)
	at org.apache.ratis.server.raftlog.segmented.SegmentedRaftLogWorker$StateMachineDataPolicy.getFromFuture(SegmentedRaftLogWorker.java:87)
	at org.apache.ratis.server.raftlog.segmented.SegmentedRaftLogWorker$WriteLog.execute(SegmentedRaftLogWorker.java:477)
	at org.apache.ratis.server.raftlog.segmented.SegmentedRaftLogWorker.run(SegmentedRaftLogWorker.java:289)
	at java.lang.Thread.run(Thread.java:748)
Caused by: java.util.concurrent.TimeoutException
	at java.util.concurrent.CompletableFuture.timedGet(CompletableFuture.java:1771)
	at java.util.concurrent.CompletableFuture.get(CompletableFuture.java:1915)
	at org.apache.ratis.util.IOUtils.getFromFuture(IOUtils.java:79)
	... 4 more
2019-09-16 17:25:54,274 [grpc-default-executor-6] INFO  client.GrpcClientProtocolClient (GrpcClientProtocolClient.java:onNext(264)) - client-67B75F1E9B14->a5d3a44e-87a4-4ffe-bd57-d4dea2700ae7: receive RaftClientReply:client-67B75F1E9B14->a5d3a44e-87a4-4ffe-bd57-d4dea2700ae7@group-42427AE515A8, cid=47, FAILED org.apache.ratis.protocol.NotLeaderException: Server a5d3a44e-87a4-4ffe-bd57-d4dea2700ae7@group-42427AE515A8 is not the leader 2565157f-9642-4f7c-bd15-58f431c5cf0a:192.168.151.75:46619, logIndex=0, commits[a5d3a44e-87a4-4ffe-bd57-d4dea2700ae7:c6, 2565157f-9642-4f7c-bd15-58f431c5cf0a:c6, 08c3c9a3-c92b-48ae-803a-081cb99550ef:c4]
2019-09-16 17:25:54,327 [2565157f-9642-4f7c-bd15-58f431c5cf0a@group-42427AE515A8-SegmentedRaftLogWorker] WARN  segmented.SegmentedRaftLogWorker (SegmentedRaftLogWorker.java:getFromFuture(90)) - Timeout 0/~
org.apache.ratis.protocol.TimeoutIOException: Timeout 10s: WriteLog:8: (t:2, i:8), STATEMACHINELOGENTRY, client-67B75F1E9B14, cid=48-writeStateMachineData
	at org.apache.ratis.util.IOUtils.getFromFuture(IOUtils.java:87)
	at org.apache.ratis.server.raftlog.segmented.SegmentedRaftLogWorker$StateMachineDataPolicy.getFromFuture(SegmentedRaftLogWorker.java:87)
	at org.apache.ratis.server.raftlog.segmented.SegmentedRaftLogWorker$WriteLog.execute(SegmentedRaftLogWorker.java:477)
	at org.apache.ratis.server.raftlog.segmented.SegmentedRaftLogWorker.run(SegmentedRaftLogWorker.java:289)
	at java.lang.Thread.run(Thread.java:748)
Caused by: java.util.concurrent.TimeoutException
	at java.util.concurrent.CompletableFuture.timedGet(CompletableFuture.java:1771)
	at java.util.concurrent.CompletableFuture.get(CompletableFuture.java:1915)
	at org.apache.ratis.util.IOUtils.getFromFuture(IOUtils.java:79)
	... 4 more
2019-09-16 17:25:54,328 [08c3c9a3-c92b-48ae-803a-081cb99550ef@group-42427AE515A8-SegmentedRaftLogWorker] WARN  segmented.SegmentedRaftLogWorker (SegmentedRaftLogWorker.java:getFromFuture(90)) - Timeout 0/~
org.apache.ratis.protocol.TimeoutIOException: Timeout 10s: WriteLog:10: (t:2, i:10), STATEMACHINELOGENTRY, client-67B75F1E9B14, cid=50-writeStateMachineData
	at org.apache.ratis.util.IOUtils.getFromFuture(IOUtils.java:87)
	at org.apache.ratis.server.raftlog.segmented.SegmentedRaftLogWorker$StateMachineDataPolicy.getFromFuture(SegmentedRaftLogWorker.java:87)
	at org.apache.ratis.server.raftlog.segmented.SegmentedRaftLogWorker$WriteLog.execute(SegmentedRaftLogWorker.java:477)
	at org.apache.ratis.server.raftlog.segmented.SegmentedRaftLogWorker.run(SegmentedRaftLogWorker.java:289)
	at java.lang.Thread.run(Thread.java:748)
Caused by: java.util.concurrent.TimeoutException
	at java.util.concurrent.CompletableFuture.timedGet(CompletableFuture.java:1771)
	at java.util.concurrent.CompletableFuture.get(CompletableFuture.java:1915)
	at org.apache.ratis.util.IOUtils.getFromFuture(IOUtils.java:79)
	... 4 more
2019-09-16 17:25:54,713 [java.util.concurrent.ThreadPoolExecutor$Worker@5a1c6d9[State = -1, empty queue]] WARN  server.GrpcLogAppender (GrpcLogAppender.java:timeoutAppendRequest(200)) - 2565157f-9642-4f7c-bd15-58f431c5cf0a@group-42427AE515A8->08c3c9a3-c92b-48ae-803a-081cb99550ef-GrpcLogAppender: appendEntries Timeout, request=2565157f-9642-4f7c-bd15-58f431c5cf0a->08c3c9a3-c92b-48ae-803a-081cb99550ef#16-t2, previous=(t:2, i:12), leaderCommit=6, initializing? false, entries: <empty>
2019-09-16 17:25:54,713 [java.util.concurrent.ThreadPoolExecutor$Worker@1b6a6326[State = -1, empty queue]] WARN  server.GrpcLogAppender (GrpcLogAppender.java:timeoutAppendRequest(200)) - 2565157f-9642-4f7c-bd15-58f431c5cf0a@group-42427AE515A8->a5d3a44e-87a4-4ffe-bd57-d4dea2700ae7-GrpcLogAppender: appendEntries Timeout, request=2565157f-9642-4f7c-bd15-58f431c5cf0a->a5d3a44e-87a4-4ffe-bd57-d4dea2700ae7#16-t2, previous=(t:2, i:12), leaderCommit=6, initializing? false, entries: <empty>
2019-09-16 17:25:55,959 [grpc-default-executor-5] INFO  impl.RaftServerProxy (RaftServerProxy.java:remove(95)) - a5d3a44e-87a4-4ffe-bd57-d4dea2700ae7: remove group-4C49021CB2BC:null
2019-09-16 17:25:55,970 [RatisPipelineUtilsThread] WARN  pipeline.RatisPipelineUtils (RatisPipelineUtils.java:destroyPipeline(66)) - Pipeline destroy failed for pipeline=PipelineID=73746d72-b06f-4f49-8943-4c49021cb2bc dn=a5d3a44e-87a4-4ffe-bd57-d4dea2700ae7{ip: 192.168.151.75, host: pr-hdds-2114-2x2fm-437316914, networkLocation: /default-rack, certSerialId: null}
2019-09-16 17:25:55,974 [grpc-default-executor-5] INFO  impl.RaftServerProxy (RaftServerProxy.java:remove(95)) - 08c3c9a3-c92b-48ae-803a-081cb99550ef: remove group-4C49021CB2BC:null
2019-09-16 17:25:55,980 [RatisPipelineUtilsThread] WARN  pipeline.RatisPipelineUtils (RatisPipelineUtils.java:destroyPipeline(66)) - Pipeline destroy failed for pipeline=PipelineID=73746d72-b06f-4f49-8943-4c49021cb2bc dn=08c3c9a3-c92b-48ae-803a-081cb99550ef{ip: 192.168.151.75, host: pr-hdds-2114-2x2fm-437316914, networkLocation: /default-rack, certSerialId: null}
2019-09-16 17:25:55,983 [grpc-default-executor-5] INFO  impl.RaftServerProxy (RaftServerProxy.java:remove(95)) - 2565157f-9642-4f7c-bd15-58f431c5cf0a: remove group-4C49021CB2BC:null
2019-09-16 17:25:55,988 [RatisPipelineUtilsThread] WARN  pipeline.RatisPipelineUtils (RatisPipelineUtils.java:destroyPipeline(66)) - Pipeline destroy failed for pipeline=PipelineID=73746d72-b06f-4f49-8943-4c49021cb2bc dn=2565157f-9642-4f7c-bd15-58f431c5cf0a{ip: 192.168.151.75, host: pr-hdds-2114-2x2fm-437316914, networkLocation: /default-rack, certSerialId: null}
2019-09-16 17:25:55,988 [RatisPipelineUtilsThread] ERROR pipeline.SCMPipelineManager (Scheduler.java:lambda$schedule$1(70)) - Destroy pipeline failed for pipeline:Pipeline[ Id: 73746d72-b06f-4f49-8943-4c49021cb2bc, Nodes: a5d3a44e-87a4-4ffe-bd57-d4dea2700ae7{ip: 192.168.151.75, host: pr-hdds-2114-2x2fm-437316914, networkLocation: /default-rack, certSerialId: null}08c3c9a3-c92b-48ae-803a-081cb99550ef{ip: 192.168.151.75, host: pr-hdds-2114-2x2fm-437316914, networkLocation: /default-rack, certSerialId: null}2565157f-9642-4f7c-bd15-58f431c5cf0a{ip: 192.168.151.75, host: pr-hdds-2114-2x2fm-437316914, networkLocation: /default-rack, certSerialId: null}, Type:RATIS, Factor:THREE, State:CLOSED]
org.apache.hadoop.hdds.scm.pipeline.PipelineNotFoundException: PipelineID=73746d72-b06f-4f49-8943-4c49021cb2bc not found
	at org.apache.hadoop.hdds.scm.pipeline.PipelineStateMap.getPipeline(PipelineStateMap.java:132)
	at org.apache.hadoop.hdds.scm.pipeline.PipelineStateMap.removePipeline(PipelineStateMap.java:322)
	at org.apache.hadoop.hdds.scm.pipeline.PipelineStateManager.removePipeline(PipelineStateManager.java:107)
	at org.apache.hadoop.hdds.scm.pipeline.SCMPipelineManager.removePipeline(SCMPipelineManager.java:423)
	at org.apache.hadoop.hdds.scm.pipeline.SCMPipelineManager.destroyPipeline(SCMPipelineManager.java:409)
	at org.apache.hadoop.hdds.scm.pipeline.SCMPipelineManager.lambda$finalizeAndDestroyPipeline$0(SCMPipelineManager.java:318)
	at org.apache.hadoop.utils.Scheduler.lambda$schedule$1(Scheduler.java:68)
	at java.util.concurrent.Executors$RunnableAdapter.call(Executors.java:511)
	at java.util.concurrent.FutureTask.run(FutureTask.java:266)
	at java.util.concurrent.ScheduledThreadPoolExecutor$ScheduledFutureTask.access$201(ScheduledThreadPoolExecutor.java:180)
	at java.util.concurrent.ScheduledThreadPoolExecutor$ScheduledFutureTask.run(ScheduledThreadPoolExecutor.java:293)
	at java.util.concurrent.ThreadPoolExecutor.runWorker(ThreadPoolExecutor.java:1149)
	at java.util.concurrent.ThreadPoolExecutor$Worker.run(ThreadPoolExecutor.java:624)
	at java.lang.Thread.run(Thread.java:748)
2019-09-16 17:25:57,214 [java.util.concurrent.ThreadPoolExecutor$Worker@1b6a6326[State = -1, empty queue]] WARN  server.GrpcLogAppender (GrpcLogAppender.java:timeoutAppendRequest(200)) - 2565157f-9642-4f7c-bd15-58f431c5cf0a@group-42427AE515A8->a5d3a44e-87a4-4ffe-bd57-d4dea2700ae7-GrpcLogAppender: appendEntries Timeout, request=2565157f-9642-4f7c-bd15-58f431c5cf0a->a5d3a44e-87a4-4ffe-bd57-d4dea2700ae7#17-t2, previous=(t:2, i:12), leaderCommit=6, initializing? false, entries: <empty>
2019-09-16 17:25:57,214 [java.util.concurrent.ThreadPoolExecutor$Worker@5a1c6d9[State = -1, empty queue]] WARN  server.GrpcLogAppender (GrpcLogAppender.java:timeoutAppendRequest(200)) - 2565157f-9642-4f7c-bd15-58f431c5cf0a@group-42427AE515A8->08c3c9a3-c92b-48ae-803a-081cb99550ef-GrpcLogAppender: appendEntries Timeout, request=2565157f-9642-4f7c-bd15-58f431c5cf0a->08c3c9a3-c92b-48ae-803a-081cb99550ef#17-t2, previous=(t:2, i:12), leaderCommit=6, initializing? false, entries: <empty>
2019-09-16 17:25:57,955 [grpc-default-executor-5] INFO  impl.RaftServerProxy (RaftServerProxy.java:remove(95)) - a5d3a44e-87a4-4ffe-bd57-d4dea2700ae7: remove group-4C49021CB2BC:null
2019-09-16 17:25:57,962 [RatisPipelineUtilsThread] WARN  pipeline.RatisPipelineUtils (RatisPipelineUtils.java:destroyPipeline(66)) - Pipeline destroy failed for pipeline=PipelineID=73746d72-b06f-4f49-8943-4c49021cb2bc dn=a5d3a44e-87a4-4ffe-bd57-d4dea2700ae7{ip: 192.168.151.75, host: pr-hdds-2114-2x2fm-437316914, networkLocation: /default-rack, certSerialId: null}
2019-09-16 17:25:57,966 [grpc-default-executor-5] INFO  impl.RaftServerProxy (RaftServerProxy.java:remove(95)) - 08c3c9a3-c92b-48ae-803a-081cb99550ef: remove group-4C49021CB2BC:null
2019-09-16 17:25:57,972 [RatisPipelineUtilsThread] WARN  pipeline.RatisPipelineUtils (RatisPipelineUtils.java:destroyPipeline(66)) - Pipeline destroy failed for pipeline=PipelineID=73746d72-b06f-4f49-8943-4c49021cb2bc dn=08c3c9a3-c92b-48ae-803a-081cb99550ef{ip: 192.168.151.75, host: pr-hdds-2114-2x2fm-437316914, networkLocation: /default-rack, certSerialId: null}
2019-09-16 17:25:57,975 [grpc-default-executor-5] INFO  impl.RaftServerProxy (RaftServerProxy.java:remove(95)) - 2565157f-9642-4f7c-bd15-58f431c5cf0a: remove group-4C49021CB2BC:null
2019-09-16 17:25:57,981 [RatisPipelineUtilsThread] WARN  pipeline.RatisPipelineUtils (RatisPipelineUtils.java:destroyPipeline(66)) - Pipeline destroy failed for pipeline=PipelineID=73746d72-b06f-4f49-8943-4c49021cb2bc dn=2565157f-9642-4f7c-bd15-58f431c5cf0a{ip: 192.168.151.75, host: pr-hdds-2114-2x2fm-437316914, networkLocation: /default-rack, certSerialId: null}
2019-09-16 17:25:57,981 [RatisPipelineUtilsThread] ERROR pipeline.SCMPipelineManager (Scheduler.java:lambda$schedule$1(70)) - Destroy pipeline failed for pipeline:Pipeline[ Id: 73746d72-b06f-4f49-8943-4c49021cb2bc, Nodes: a5d3a44e-87a4-4ffe-bd57-d4dea2700ae7{ip: 192.168.151.75, host: pr-hdds-2114-2x2fm-437316914, networkLocation: /default-rack, certSerialId: null}08c3c9a3-c92b-48ae-803a-081cb99550ef{ip: 192.168.151.75, host: pr-hdds-2114-2x2fm-437316914, networkLocation: /default-rack, certSerialId: null}2565157f-9642-4f7c-bd15-58f431c5cf0a{ip: 192.168.151.75, host: pr-hdds-2114-2x2fm-437316914, networkLocation: /default-rack, certSerialId: null}, Type:RATIS, Factor:THREE, State:CLOSED]
org.apache.hadoop.hdds.scm.pipeline.PipelineNotFoundException: PipelineID=73746d72-b06f-4f49-8943-4c49021cb2bc not found
	at org.apache.hadoop.hdds.scm.pipeline.PipelineStateMap.getPipeline(PipelineStateMap.java:132)
	at org.apache.hadoop.hdds.scm.pipeline.PipelineStateMap.removePipeline(PipelineStateMap.java:322)
	at org.apache.hadoop.hdds.scm.pipeline.PipelineStateManager.removePipeline(PipelineStateManager.java:107)
	at org.apache.hadoop.hdds.scm.pipeline.SCMPipelineManager.removePipeline(SCMPipelineManager.java:423)
	at org.apache.hadoop.hdds.scm.pipeline.SCMPipelineManager.destroyPipeline(SCMPipelineManager.java:409)
	at org.apache.hadoop.hdds.scm.pipeline.SCMPipelineManager.lambda$finalizeAndDestroyPipeline$0(SCMPipelineManager.java:318)
	at org.apache.hadoop.utils.Scheduler.lambda$schedule$1(Scheduler.java:68)
	at java.util.concurrent.Executors$RunnableAdapter.call(Executors.java:511)
	at java.util.concurrent.FutureTask.run(FutureTask.java:266)
	at java.util.concurrent.ScheduledThreadPoolExecutor$ScheduledFutureTask.access$201(ScheduledThreadPoolExecutor.java:180)
	at java.util.concurrent.ScheduledThreadPoolExecutor$ScheduledFutureTask.run(ScheduledThreadPoolExecutor.java:293)
	at java.util.concurrent.ThreadPoolExecutor.runWorker(ThreadPoolExecutor.java:1149)
	at java.util.concurrent.ThreadPoolExecutor$Worker.run(ThreadPoolExecutor.java:624)
	at java.lang.Thread.run(Thread.java:748)
2019-09-16 17:25:59,330 [grpc-default-executor-5] INFO  client.GrpcClientProtocolClient (GrpcClientProtocolClient.java:onNext(264)) - client-67B75F1E9B14->08c3c9a3-c92b-48ae-803a-081cb99550ef: receive RaftClientReply:client-67B75F1E9B14->08c3c9a3-c92b-48ae-803a-081cb99550ef@group-42427AE515A8, cid=47, FAILED org.apache.ratis.protocol.NotLeaderException: Server 08c3c9a3-c92b-48ae-803a-081cb99550ef@group-42427AE515A8 is not the leader 2565157f-9642-4f7c-bd15-58f431c5cf0a:192.168.151.75:46619, logIndex=0, commits[08c3c9a3-c92b-48ae-803a-081cb99550ef:c6, 2565157f-9642-4f7c-bd15-58f431c5cf0a:c6, a5d3a44e-87a4-4ffe-bd57-d4dea2700ae7:c4]
2019-09-16 17:25:59,715 [java.util.concurrent.ThreadPoolExecutor$Worker@5a1c6d9[State = -1, empty queue]] WARN  server.GrpcLogAppender (GrpcLogAppender.java:timeoutAppendRequest(200)) - 2565157f-9642-4f7c-bd15-58f431c5cf0a@group-42427AE515A8->08c3c9a3-c92b-48ae-803a-081cb99550ef-GrpcLogAppender: appendEntries Timeout, request=2565157f-9642-4f7c-bd15-58f431c5cf0a->08c3c9a3-c92b-48ae-803a-081cb99550ef#18-t2, previous=(t:2, i:12), leaderCommit=6, initializing? false, entries: <empty>
2019-09-16 17:25:59,715 [java.util.concurrent.ThreadPoolExecutor$Worker@1b6a6326[State = -1, empty queue]] WARN  server.GrpcLogAppender (GrpcLogAppender.java:timeoutAppendRequest(200)) - 2565157f-9642-4f7c-bd15-58f431c5cf0a@group-42427AE515A8->a5d3a44e-87a4-4ffe-bd57-d4dea2700ae7-GrpcLogAppender: appendEntries Timeout, request=2565157f-9642-4f7c-bd15-58f431c5cf0a->a5d3a44e-87a4-4ffe-bd57-d4dea2700ae7#18-t2, previous=(t:2, i:12), leaderCommit=6, initializing? false, entries: <empty>
2019-09-16 17:26:00,955 [grpc-default-executor-5] INFO  impl.RaftServerProxy (RaftServerProxy.java:remove(95)) - a5d3a44e-87a4-4ffe-bd57-d4dea2700ae7: remove group-4C49021CB2BC:null
2019-09-16 17:26:00,963 [RatisPipelineUtilsThread] WARN  pipeline.RatisPipelineUtils (RatisPipelineUtils.java:destroyPipeline(66)) - Pipeline destroy failed for pipeline=PipelineID=73746d72-b06f-4f49-8943-4c49021cb2bc dn=a5d3a44e-87a4-4ffe-bd57-d4dea2700ae7{ip: 192.168.151.75, host: pr-hdds-2114-2x2fm-437316914, networkLocation: /default-rack, certSerialId: null}
2019-09-16 17:26:00,968 [grpc-default-executor-5] INFO  impl.RaftServerProxy (RaftServerProxy.java:remove(95)) - 08c3c9a3-c92b-48ae-803a-081cb99550ef: remove group-4C49021CB2BC:null
2019-09-16 17:26:00,974 [RatisPipelineUtilsThread] WARN  pipeline.RatisPipelineUtils (RatisPipelineUtils.java:destroyPipeline(66)) - Pipeline destroy failed for pipeline=PipelineID=73746d72-b06f-4f49-8943-4c49021cb2bc dn=08c3c9a3-c92b-48ae-803a-081cb99550ef{ip: 192.168.151.75, host: pr-hdds-2114-2x2fm-437316914, networkLocation: /default-rack, certSerialId: null}
2019-09-16 17:26:00,978 [grpc-default-executor-5] INFO  impl.RaftServerProxy (RaftServerProxy.java:remove(95)) - 2565157f-9642-4f7c-bd15-58f431c5cf0a: remove group-4C49021CB2BC:null
2019-09-16 17:26:00,984 [RatisPipelineUtilsThread] WARN  pipeline.RatisPipelineUtils (RatisPipelineUtils.java:destroyPipeline(66)) - Pipeline destroy failed for pipeline=PipelineID=73746d72-b06f-4f49-8943-4c49021cb2bc dn=2565157f-9642-4f7c-bd15-58f431c5cf0a{ip: 192.168.151.75, host: pr-hdds-2114-2x2fm-437316914, networkLocation: /default-rack, certSerialId: null}
2019-09-16 17:26:00,984 [RatisPipelineUtilsThread] ERROR pipeline.SCMPipelineManager (Scheduler.java:lambda$schedule$1(70)) - Destroy pipeline failed for pipeline:Pipeline[ Id: 73746d72-b06f-4f49-8943-4c49021cb2bc, Nodes: a5d3a44e-87a4-4ffe-bd57-d4dea2700ae7{ip: 192.168.151.75, host: pr-hdds-2114-2x2fm-437316914, networkLocation: /default-rack, certSerialId: null}08c3c9a3-c92b-48ae-803a-081cb99550ef{ip: 192.168.151.75, host: pr-hdds-2114-2x2fm-437316914, networkLocation: /default-rack, certSerialId: null}2565157f-9642-4f7c-bd15-58f431c5cf0a{ip: 192.168.151.75, host: pr-hdds-2114-2x2fm-437316914, networkLocation: /default-rack, certSerialId: null}, Type:RATIS, Factor:THREE, State:CLOSED]
org.apache.hadoop.hdds.scm.pipeline.PipelineNotFoundException: PipelineID=73746d72-b06f-4f49-8943-4c49021cb2bc not found
	at org.apache.hadoop.hdds.scm.pipeline.PipelineStateMap.getPipeline(PipelineStateMap.java:132)
	at org.apache.hadoop.hdds.scm.pipeline.PipelineStateMap.removePipeline(PipelineStateMap.java:322)
	at org.apache.hadoop.hdds.scm.pipeline.PipelineStateManager.removePipeline(PipelineStateManager.java:107)
	at org.apache.hadoop.hdds.scm.pipeline.SCMPipelineManager.removePipeline(SCMPipelineManager.java:423)
	at org.apache.hadoop.hdds.scm.pipeline.SCMPipelineManager.destroyPipeline(SCMPipelineManager.java:409)
	at org.apache.hadoop.hdds.scm.pipeline.SCMPipelineManager.lambda$finalizeAndDestroyPipeline$0(SCMPipelineManager.java:318)
	at org.apache.hadoop.utils.Scheduler.lambda$schedule$1(Scheduler.java:68)
	at java.util.concurrent.Executors$RunnableAdapter.call(Executors.java:511)
	at java.util.concurrent.FutureTask.run(FutureTask.java:266)
	at java.util.concurrent.ScheduledThreadPoolExecutor$ScheduledFutureTask.access$201(ScheduledThreadPoolExecutor.java:180)
	at java.util.concurrent.ScheduledThreadPoolExecutor$ScheduledFutureTask.run(ScheduledThreadPoolExecutor.java:293)
	at java.util.concurrent.ThreadPoolExecutor.runWorker(ThreadPoolExecutor.java:1149)
	at java.util.concurrent.ThreadPoolExecutor$Worker.run(ThreadPoolExecutor.java:624)
	at java.lang.Thread.run(Thread.java:748)
2019-09-16 17:26:02,217 [java.util.concurrent.ThreadPoolExecutor$Worker@1b6a6326[State = -1, empty queue]] WARN  server.GrpcLogAppender (GrpcLogAppender.java:timeoutAppendRequest(200)) - 2565157f-9642-4f7c-bd15-58f431c5cf0a@group-42427AE515A8->a5d3a44e-87a4-4ffe-bd57-d4dea2700ae7-GrpcLogAppender: appendEntries Timeout, request=2565157f-9642-4f7c-bd15-58f431c5cf0a->a5d3a44e-87a4-4ffe-bd57-d4dea2700ae7#19-t2, previous=(t:2, i:12), leaderCommit=6, initializing? false, entries: <empty>
2019-09-16 17:26:02,217 [java.util.concurrent.ThreadPoolExecutor$Worker@5a1c6d9[State = -1, empty queue]] WARN  server.GrpcLogAppender (GrpcLogAppender.java:timeoutAppendRequest(200)) - 2565157f-9642-4f7c-bd15-58f431c5cf0a@group-42427AE515A8->08c3c9a3-c92b-48ae-803a-081cb99550ef-GrpcLogAppender: appendEntries Timeout, request=2565157f-9642-4f7c-bd15-58f431c5cf0a->08c3c9a3-c92b-48ae-803a-081cb99550ef#19-t2, previous=(t:2, i:12), leaderCommit=6, initializing? false, entries: <empty>
2019-09-16 17:26:02,957 [grpc-default-executor-5] INFO  impl.RaftServerProxy (RaftServerProxy.java:remove(95)) - a5d3a44e-87a4-4ffe-bd57-d4dea2700ae7: remove group-4C49021CB2BC:null
2019-09-16 17:26:02,966 [RatisPipelineUtilsThread] WARN  pipeline.RatisPipelineUtils (RatisPipelineUtils.java:destroyPipeline(66)) - Pipeline destroy failed for pipeline=PipelineID=73746d72-b06f-4f49-8943-4c49021cb2bc dn=a5d3a44e-87a4-4ffe-bd57-d4dea2700ae7{ip: 192.168.151.75, host: pr-hdds-2114-2x2fm-437316914, networkLocation: /default-rack, certSerialId: null}
2019-09-16 17:26:02,970 [grpc-default-executor-5] INFO  impl.RaftServerProxy (RaftServerProxy.java:remove(95)) - 08c3c9a3-c92b-48ae-803a-081cb99550ef: remove group-4C49021CB2BC:null
2019-09-16 17:26:02,975 [RatisPipelineUtilsThread] WARN  pipeline.RatisPipelineUtils (RatisPipelineUtils.java:destroyPipeline(66)) - Pipeline destroy failed for pipeline=PipelineID=73746d72-b06f-4f49-8943-4c49021cb2bc dn=08c3c9a3-c92b-48ae-803a-081cb99550ef{ip: 192.168.151.75, host: pr-hdds-2114-2x2fm-437316914, networkLocation: /default-rack, certSerialId: null}
2019-09-16 17:26:02,978 [grpc-default-executor-5] INFO  impl.RaftServerProxy (RaftServerProxy.java:remove(95)) - 2565157f-9642-4f7c-bd15-58f431c5cf0a: remove group-4C49021CB2BC:null
2019-09-16 17:26:02,984 [RatisPipelineUtilsThread] WARN  pipeline.RatisPipelineUtils (RatisPipelineUtils.java:destroyPipeline(66)) - Pipeline destroy failed for pipeline=PipelineID=73746d72-b06f-4f49-8943-4c49021cb2bc dn=2565157f-9642-4f7c-bd15-58f431c5cf0a{ip: 192.168.151.75, host: pr-hdds-2114-2x2fm-437316914, networkLocation: /default-rack, certSerialId: null}
2019-09-16 17:26:02,984 [RatisPipelineUtilsThread] ERROR pipeline.SCMPipelineManager (Scheduler.java:lambda$schedule$1(70)) - Destroy pipeline failed for pipeline:Pipeline[ Id: 73746d72-b06f-4f49-8943-4c49021cb2bc, Nodes: a5d3a44e-87a4-4ffe-bd57-d4dea2700ae7{ip: 192.168.151.75, host: pr-hdds-2114-2x2fm-437316914, networkLocation: /default-rack, certSerialId: null}08c3c9a3-c92b-48ae-803a-081cb99550ef{ip: 192.168.151.75, host: pr-hdds-2114-2x2fm-437316914, networkLocation: /default-rack, certSerialId: null}2565157f-9642-4f7c-bd15-58f431c5cf0a{ip: 192.168.151.75, host: pr-hdds-2114-2x2fm-437316914, networkLocation: /default-rack, certSerialId: null}, Type:RATIS, Factor:THREE, State:CLOSED]
org.apache.hadoop.hdds.scm.pipeline.PipelineNotFoundException: PipelineID=73746d72-b06f-4f49-8943-4c49021cb2bc not found
	at org.apache.hadoop.hdds.scm.pipeline.PipelineStateMap.getPipeline(PipelineStateMap.java:132)
	at org.apache.hadoop.hdds.scm.pipeline.PipelineStateMap.removePipeline(PipelineStateMap.java:322)
	at org.apache.hadoop.hdds.scm.pipeline.PipelineStateManager.removePipeline(PipelineStateManager.java:107)
	at org.apache.hadoop.hdds.scm.pipeline.SCMPipelineManager.removePipeline(SCMPipelineManager.java:423)
	at org.apache.hadoop.hdds.scm.pipeline.SCMPipelineManager.destroyPipeline(SCMPipelineManager.java:409)
	at org.apache.hadoop.hdds.scm.pipeline.SCMPipelineManager.lambda$finalizeAndDestroyPipeline$0(SCMPipelineManager.java:318)
	at org.apache.hadoop.utils.Scheduler.lambda$schedule$1(Scheduler.java:68)
	at java.util.concurrent.Executors$RunnableAdapter.call(Executors.java:511)
	at java.util.concurrent.FutureTask.run(FutureTask.java:266)
	at java.util.concurrent.ScheduledThreadPoolExecutor$ScheduledFutureTask.access$201(ScheduledThreadPoolExecutor.java:180)
	at java.util.concurrent.ScheduledThreadPoolExecutor$ScheduledFutureTask.run(ScheduledThreadPoolExecutor.java:293)
	at java.util.concurrent.ThreadPoolExecutor.runWorker(ThreadPoolExecutor.java:1149)
	at java.util.concurrent.ThreadPoolExecutor$Worker.run(ThreadPoolExecutor.java:624)
	at java.lang.Thread.run(Thread.java:748)
2019-09-16 17:26:04,208 [a5d3a44e-87a4-4ffe-bd57-d4dea2700ae7@group-42427AE515A8-SegmentedRaftLogWorker] WARN  segmented.SegmentedRaftLogWorker (SegmentedRaftLogWorker.java:getFromFuture(90)) - Timeout 1/~
org.apache.ratis.protocol.TimeoutIOException: Timeout 10s: WriteLog:7: (t:2, i:7), STATEMACHINELOGENTRY, client-67B75F1E9B14, cid=47-writeStateMachineData
	at org.apache.ratis.util.IOUtils.getFromFuture(IOUtils.java:87)
	at org.apache.ratis.server.raftlog.segmented.SegmentedRaftLogWorker$StateMachineDataPolicy.getFromFuture(SegmentedRaftLogWorker.java:87)
	at org.apache.ratis.server.raftlog.segmented.SegmentedRaftLogWorker$WriteLog.execute(SegmentedRaftLogWorker.java:477)
	at org.apache.ratis.server.raftlog.segmented.SegmentedRaftLogWorker.run(SegmentedRaftLogWorker.java:289)
	at java.lang.Thread.run(Thread.java:748)
Caused by: java.util.concurrent.TimeoutException
	at java.util.concurrent.CompletableFuture.timedGet(CompletableFuture.java:1771)
	at java.util.concurrent.CompletableFuture.get(CompletableFuture.java:1915)
	at org.apache.ratis.util.IOUtils.getFromFuture(IOUtils.java:79)
	... 4 more
2019-09-16 17:26:04,328 [2565157f-9642-4f7c-bd15-58f431c5cf0a@group-42427AE515A8-SegmentedRaftLogWorker] WARN  segmented.SegmentedRaftLogWorker (SegmentedRaftLogWorker.java:getFromFuture(90)) - Timeout 1/~
org.apache.ratis.protocol.TimeoutIOException: Timeout 10s: WriteLog:8: (t:2, i:8), STATEMACHINELOGENTRY, client-67B75F1E9B14, cid=48-writeStateMachineData
	at org.apache.ratis.util.IOUtils.getFromFuture(IOUtils.java:87)
	at org.apache.ratis.server.raftlog.segmented.SegmentedRaftLogWorker$StateMachineDataPolicy.getFromFuture(SegmentedRaftLogWorker.java:87)
	at org.apache.ratis.server.raftlog.segmented.SegmentedRaftLogWorker$WriteLog.execute(SegmentedRaftLogWorker.java:477)
	at org.apache.ratis.server.raftlog.segmented.SegmentedRaftLogWorker.run(SegmentedRaftLogWorker.java:289)
	at java.lang.Thread.run(Thread.java:748)
Caused by: java.util.concurrent.TimeoutException
	at java.util.concurrent.CompletableFuture.timedGet(CompletableFuture.java:1771)
	at java.util.concurrent.CompletableFuture.get(CompletableFuture.java:1915)
	at org.apache.ratis.util.IOUtils.getFromFuture(IOUtils.java:79)
	... 4 more
2019-09-16 17:26:04,329 [08c3c9a3-c92b-48ae-803a-081cb99550ef@group-42427AE515A8-SegmentedRaftLogWorker] WARN  segmented.SegmentedRaftLogWorker (SegmentedRaftLogWorker.java:getFromFuture(90)) - Timeout 1/~
org.apache.ratis.protocol.TimeoutIOException: Timeout 10s: WriteLog:10: (t:2, i:10), STATEMACHINELOGENTRY, client-67B75F1E9B14, cid=50-writeStateMachineData
	at org.apache.ratis.util.IOUtils.getFromFuture(IOUtils.java:87)
	at org.apache.ratis.server.raftlog.segmented.SegmentedRaftLogWorker$StateMachineDataPolicy.getFromFuture(SegmentedRaftLogWorker.java:87)
	at org.apache.ratis.server.raftlog.segmented.SegmentedRaftLogWorker$WriteLog.execute(SegmentedRaftLogWorker.java:477)
	at org.apache.ratis.server.raftlog.segmented.SegmentedRaftLogWorker.run(SegmentedRaftLogWorker.java:289)
	at java.lang.Thread.run(Thread.java:748)
Caused by: java.util.concurrent.TimeoutException
	at java.util.concurrent.CompletableFuture.timedGet(CompletableFuture.java:1771)
	at java.util.concurrent.CompletableFuture.get(CompletableFuture.java:1915)
	at org.apache.ratis.util.IOUtils.getFromFuture(IOUtils.java:79)
	... 4 more
2019-09-16 17:26:04,375 [grpc-default-executor-5] INFO  client.GrpcClientProtocolClient (GrpcClientProtocolClient.java:onNext(264)) - client-67B75F1E9B14->08c3c9a3-c92b-48ae-803a-081cb99550ef: receive RaftClientReply:client-67B75F1E9B14->08c3c9a3-c92b-48ae-803a-081cb99550ef@group-42427AE515A8, cid=47, FAILED org.apache.ratis.protocol.NotLeaderException: Server 08c3c9a3-c92b-48ae-803a-081cb99550ef@group-42427AE515A8 is not the leader 2565157f-9642-4f7c-bd15-58f431c5cf0a:192.168.151.75:46619, logIndex=0, commits[08c3c9a3-c92b-48ae-803a-081cb99550ef:c6, 2565157f-9642-4f7c-bd15-58f431c5cf0a:c6, a5d3a44e-87a4-4ffe-bd57-d4dea2700ae7:c4]
2019-09-16 17:26:04,717 [java.util.concurrent.ThreadPoolExecutor$Worker@1b6a6326[State = -1, empty queue]] WARN  server.GrpcLogAppender (GrpcLogAppender.java:timeoutAppendRequest(200)) - 2565157f-9642-4f7c-bd15-58f431c5cf0a@group-42427AE515A8->a5d3a44e-87a4-4ffe-bd57-d4dea2700ae7-GrpcLogAppender: appendEntries Timeout, request=2565157f-9642-4f7c-bd15-58f431c5cf0a->a5d3a44e-87a4-4ffe-bd57-d4dea2700ae7#20-t2, previous=(t:2, i:12), leaderCommit=6, initializing? false, entries: <empty>
2019-09-16 17:26:04,717 [java.util.concurrent.ThreadPoolExecutor$Worker@5a1c6d9[State = -1, empty queue]] WARN  server.GrpcLogAppender (GrpcLogAppender.java:timeoutAppendRequest(200)) - 2565157f-9642-4f7c-bd15-58f431c5cf0a@group-42427AE515A8->08c3c9a3-c92b-48ae-803a-081cb99550ef-GrpcLogAppender: appendEntries Timeout, request=2565157f-9642-4f7c-bd15-58f431c5cf0a->08c3c9a3-c92b-48ae-803a-081cb99550ef#20-t2, previous=(t:2, i:12), leaderCommit=6, initializing? false, entries: <empty>
2019-09-16 17:26:05,958 [grpc-default-executor-5] INFO  impl.RaftServerProxy (RaftServerProxy.java:remove(95)) - a5d3a44e-87a4-4ffe-bd57-d4dea2700ae7: remove group-4C49021CB2BC:null
2019-09-16 17:26:05,966 [RatisPipelineUtilsThread] WARN  pipeline.RatisPipelineUtils (RatisPipelineUtils.java:destroyPipeline(66)) - Pipeline destroy failed for pipeline=PipelineID=73746d72-b06f-4f49-8943-4c49021cb2bc dn=a5d3a44e-87a4-4ffe-bd57-d4dea2700ae7{ip: 192.168.151.75, host: pr-hdds-2114-2x2fm-437316914, networkLocation: /default-rack, certSerialId: null}
2019-09-16 17:26:05,969 [grpc-default-executor-5] INFO  impl.RaftServerProxy (RaftServerProxy.java:remove(95)) - 08c3c9a3-c92b-48ae-803a-081cb99550ef: remove group-4C49021CB2BC:null
2019-09-16 17:26:05,981 [RatisPipelineUtilsThread] WARN  pipeline.RatisPipelineUtils (RatisPipelineUtils.java:destroyPipeline(66)) - Pipeline destroy failed for pipeline=PipelineID=73746d72-b06f-4f49-8943-4c49021cb2bc dn=08c3c9a3-c92b-48ae-803a-081cb99550ef{ip: 192.168.151.75, host: pr-hdds-2114-2x2fm-437316914, networkLocation: /default-rack, certSerialId: null}
2019-09-16 17:26:05,984 [grpc-default-executor-5] INFO  impl.RaftServerProxy (RaftServerProxy.java:remove(95)) - 2565157f-9642-4f7c-bd15-58f431c5cf0a: remove group-4C49021CB2BC:null
2019-09-16 17:26:05,987 [RatisPipelineUtilsThread] WARN  pipeline.RatisPipelineUtils (RatisPipelineUtils.java:destroyPipeline(66)) - Pipeline destroy failed for pipeline=PipelineID=73746d72-b06f-4f49-8943-4c49021cb2bc dn=2565157f-9642-4f7c-bd15-58f431c5cf0a{ip: 192.168.151.75, host: pr-hdds-2114-2x2fm-437316914, networkLocation: /default-rack, certSerialId: null}
2019-09-16 17:26:05,987 [RatisPipelineUtilsThread] ERROR pipeline.SCMPipelineManager (Scheduler.java:lambda$schedule$1(70)) - Destroy pipeline failed for pipeline:Pipeline[ Id: 73746d72-b06f-4f49-8943-4c49021cb2bc, Nodes: a5d3a44e-87a4-4ffe-bd57-d4dea2700ae7{ip: 192.168.151.75, host: pr-hdds-2114-2x2fm-437316914, networkLocation: /default-rack, certSerialId: null}08c3c9a3-c92b-48ae-803a-081cb99550ef{ip: 192.168.151.75, host: pr-hdds-2114-2x2fm-437316914, networkLocation: /default-rack, certSerialId: null}2565157f-9642-4f7c-bd15-58f431c5cf0a{ip: 192.168.151.75, host: pr-hdds-2114-2x2fm-437316914, networkLocation: /default-rack, certSerialId: null}, Type:RATIS, Factor:THREE, State:CLOSED]
org.apache.hadoop.hdds.scm.pipeline.PipelineNotFoundException: PipelineID=73746d72-b06f-4f49-8943-4c49021cb2bc not found
	at org.apache.hadoop.hdds.scm.pipeline.PipelineStateMap.getPipeline(PipelineStateMap.java:132)
	at org.apache.hadoop.hdds.scm.pipeline.PipelineStateMap.removePipeline(PipelineStateMap.java:322)
	at org.apache.hadoop.hdds.scm.pipeline.PipelineStateManager.removePipeline(PipelineStateManager.java:107)
	at org.apache.hadoop.hdds.scm.pipeline.SCMPipelineManager.removePipeline(SCMPipelineManager.java:423)
	at org.apache.hadoop.hdds.scm.pipeline.SCMPipelineManager.destroyPipeline(SCMPipelineManager.java:409)
	at org.apache.hadoop.hdds.scm.pipeline.SCMPipelineManager.lambda$finalizeAndDestroyPipeline$0(SCMPipelineManager.java:318)
	at org.apache.hadoop.utils.Scheduler.lambda$schedule$1(Scheduler.java:68)
	at java.util.concurrent.Executors$RunnableAdapter.call(Executors.java:511)
	at java.util.concurrent.FutureTask.run(FutureTask.java:266)
	at java.util.concurrent.ScheduledThreadPoolExecutor$ScheduledFutureTask.access$201(ScheduledThreadPoolExecutor.java:180)
	at java.util.concurrent.ScheduledThreadPoolExecutor$ScheduledFutureTask.run(ScheduledThreadPoolExecutor.java:293)
	at java.util.concurrent.ThreadPoolExecutor.runWorker(ThreadPoolExecutor.java:1149)
	at java.util.concurrent.ThreadPoolExecutor$Worker.run(ThreadPoolExecutor.java:624)
	at java.lang.Thread.run(Thread.java:748)
2019-09-16 17:26:07,218 [java.util.concurrent.ThreadPoolExecutor$Worker@1b6a6326[State = -1, empty queue]] WARN  server.GrpcLogAppender (GrpcLogAppender.java:timeoutAppendRequest(200)) - 2565157f-9642-4f7c-bd15-58f431c5cf0a@group-42427AE515A8->a5d3a44e-87a4-4ffe-bd57-d4dea2700ae7-GrpcLogAppender: appendEntries Timeout, request=2565157f-9642-4f7c-bd15-58f431c5cf0a->a5d3a44e-87a4-4ffe-bd57-d4dea2700ae7#21-t2, previous=(t:2, i:12), leaderCommit=6, initializing? false, entries: <empty>
2019-09-16 17:26:07,218 [java.util.concurrent.ThreadPoolExecutor$Worker@5a1c6d9[State = -1, empty queue]] WARN  server.GrpcLogAppender (GrpcLogAppender.java:timeoutAppendRequest(200)) - 2565157f-9642-4f7c-bd15-58f431c5cf0a@group-42427AE515A8->08c3c9a3-c92b-48ae-803a-081cb99550ef-GrpcLogAppender: appendEntries Timeout, request=2565157f-9642-4f7c-bd15-58f431c5cf0a->08c3c9a3-c92b-48ae-803a-081cb99550ef#21-t2, previous=(t:2, i:12), leaderCommit=6, initializing? false, entries: <empty>
2019-09-16 17:26:07,959 [grpc-default-executor-5] INFO  impl.RaftServerProxy (RaftServerProxy.java:remove(95)) - a5d3a44e-87a4-4ffe-bd57-d4dea2700ae7: remove group-4C49021CB2BC:null
2019-09-16 17:26:07,965 [RatisPipelineUtilsThread] WARN  pipeline.RatisPipelineUtils (RatisPipelineUtils.java:destroyPipeline(66)) - Pipeline destroy failed for pipeline=PipelineID=73746d72-b06f-4f49-8943-4c49021cb2bc dn=a5d3a44e-87a4-4ffe-bd57-d4dea2700ae7{ip: 192.168.151.75, host: pr-hdds-2114-2x2fm-437316914, networkLocation: /default-rack, certSerialId: null}
2019-09-16 17:26:07,968 [grpc-default-executor-5] INFO  impl.RaftServerProxy (RaftServerProxy.java:remove(95)) - 08c3c9a3-c92b-48ae-803a-081cb99550ef: remove group-4C49021CB2BC:null
2019-09-16 17:26:07,971 [RatisPipelineUtilsThread] WARN  pipeline.RatisPipelineUtils (RatisPipelineUtils.java:destroyPipeline(66)) - Pipeline destroy failed for pipeline=PipelineID=73746d72-b06f-4f49-8943-4c49021cb2bc dn=08c3c9a3-c92b-48ae-803a-081cb99550ef{ip: 192.168.151.75, host: pr-hdds-2114-2x2fm-437316914, networkLocation: /default-rack, certSerialId: null}
2019-09-16 17:26:07,974 [grpc-default-executor-5] INFO  impl.RaftServerProxy (RaftServerProxy.java:remove(95)) - 2565157f-9642-4f7c-bd15-58f431c5cf0a: remove group-4C49021CB2BC:null
2019-09-16 17:26:07,978 [RatisPipelineUtilsThread] WARN  pipeline.RatisPipelineUtils (RatisPipelineUtils.java:destroyPipeline(66)) - Pipeline destroy failed for pipeline=PipelineID=73746d72-b06f-4f49-8943-4c49021cb2bc dn=2565157f-9642-4f7c-bd15-58f431c5cf0a{ip: 192.168.151.75, host: pr-hdds-2114-2x2fm-437316914, networkLocation: /default-rack, certSerialId: null}
2019-09-16 17:26:07,978 [RatisPipelineUtilsThread] ERROR pipeline.SCMPipelineManager (Scheduler.java:lambda$schedule$1(70)) - Destroy pipeline failed for pipeline:Pipeline[ Id: 73746d72-b06f-4f49-8943-4c49021cb2bc, Nodes: a5d3a44e-87a4-4ffe-bd57-d4dea2700ae7{ip: 192.168.151.75, host: pr-hdds-2114-2x2fm-437316914, networkLocation: /default-rack, certSerialId: null}08c3c9a3-c92b-48ae-803a-081cb99550ef{ip: 192.168.151.75, host: pr-hdds-2114-2x2fm-437316914, networkLocation: /default-rack, certSerialId: null}2565157f-9642-4f7c-bd15-58f431c5cf0a{ip: 192.168.151.75, host: pr-hdds-2114-2x2fm-437316914, networkLocation: /default-rack, certSerialId: null}, Type:RATIS, Factor:THREE, State:CLOSED]
org.apache.hadoop.hdds.scm.pipeline.PipelineNotFoundException: PipelineID=73746d72-b06f-4f49-8943-4c49021cb2bc not found
	at org.apache.hadoop.hdds.scm.pipeline.PipelineStateMap.getPipeline(PipelineStateMap.java:132)
	at org.apache.hadoop.hdds.scm.pipeline.PipelineStateMap.removePipeline(PipelineStateMap.java:322)
	at org.apache.hadoop.hdds.scm.pipeline.PipelineStateManager.removePipeline(PipelineStateManager.java:107)
	at org.apache.hadoop.hdds.scm.pipeline.SCMPipelineManager.removePipeline(SCMPipelineManager.java:423)
	at org.apache.hadoop.hdds.scm.pipeline.SCMPipelineManager.destroyPipeline(SCMPipelineManager.java:409)
	at org.apache.hadoop.hdds.scm.pipeline.SCMPipelineManager.lambda$finalizeAndDestroyPipeline$0(SCMPipelineManager.java:318)
	at org.apache.hadoop.utils.Scheduler.lambda$schedule$1(Scheduler.java:68)
	at java.util.concurrent.Executors$RunnableAdapter.call(Executors.java:511)
	at java.util.concurrent.FutureTask.run(FutureTask.java:266)
	at java.util.concurrent.ScheduledThreadPoolExecutor$ScheduledFutureTask.access$201(ScheduledThreadPoolExecutor.java:180)
	at java.util.concurrent.ScheduledThreadPoolExecutor$ScheduledFutureTask.run(ScheduledThreadPoolExecutor.java:293)
	at java.util.concurrent.ThreadPoolExecutor.runWorker(ThreadPoolExecutor.java:1149)
	at java.util.concurrent.ThreadPoolExecutor$Worker.run(ThreadPoolExecutor.java:624)
	at java.lang.Thread.run(Thread.java:748)
2019-09-16 17:26:09,410 [grpc-default-executor-5] INFO  client.GrpcClientProtocolClient (GrpcClientProtocolClient.java:onNext(264)) - client-67B75F1E9B14->a5d3a44e-87a4-4ffe-bd57-d4dea2700ae7: receive RaftClientReply:client-67B75F1E9B14->a5d3a44e-87a4-4ffe-bd57-d4dea2700ae7@group-42427AE515A8, cid=47, FAILED org.apache.ratis.protocol.NotLeaderException: Server a5d3a44e-87a4-4ffe-bd57-d4dea2700ae7@group-42427AE515A8 is not the leader 2565157f-9642-4f7c-bd15-58f431c5cf0a:192.168.151.75:46619, logIndex=0, commits[a5d3a44e-87a4-4ffe-bd57-d4dea2700ae7:c6, 2565157f-9642-4f7c-bd15-58f431c5cf0a:c6, 08c3c9a3-c92b-48ae-803a-081cb99550ef:c4]
2019-09-16 17:26:09,719 [java.util.concurrent.ThreadPoolExecutor$Worker@1b6a6326[State = -1, empty queue]] WARN  server.GrpcLogAppender (GrpcLogAppender.java:timeoutAppendRequest(200)) - 2565157f-9642-4f7c-bd15-58f431c5cf0a@group-42427AE515A8->a5d3a44e-87a4-4ffe-bd57-d4dea2700ae7-GrpcLogAppender: appendEntries Timeout, request=2565157f-9642-4f7c-bd15-58f431c5cf0a->a5d3a44e-87a4-4ffe-bd57-d4dea2700ae7#22-t2, previous=(t:2, i:12), leaderCommit=6, initializing? false, entries: <empty>
2019-09-16 17:26:09,719 [java.util.concurrent.ThreadPoolExecutor$Worker@5a1c6d9[State = -1, empty queue]] WARN  server.GrpcLogAppender (GrpcLogAppender.java:timeoutAppendRequest(200)) - 2565157f-9642-4f7c-bd15-58f431c5cf0a@group-42427AE515A8->08c3c9a3-c92b-48ae-803a-081cb99550ef-GrpcLogAppender: appendEntries Timeout, request=2565157f-9642-4f7c-bd15-58f431c5cf0a->08c3c9a3-c92b-48ae-803a-081cb99550ef#22-t2, previous=(t:2, i:12), leaderCommit=6, initializing? false, entries: <empty>
2019-09-16 17:26:10,957 [grpc-default-executor-6] INFO  impl.RaftServerProxy (RaftServerProxy.java:remove(95)) - a5d3a44e-87a4-4ffe-bd57-d4dea2700ae7: remove group-4C49021CB2BC:null
2019-09-16 17:26:10,963 [RatisPipelineUtilsThread] WARN  pipeline.RatisPipelineUtils (RatisPipelineUtils.java:destroyPipeline(66)) - Pipeline destroy failed for pipeline=PipelineID=73746d72-b06f-4f49-8943-4c49021cb2bc dn=a5d3a44e-87a4-4ffe-bd57-d4dea2700ae7{ip: 192.168.151.75, host: pr-hdds-2114-2x2fm-437316914, networkLocation: /default-rack, certSerialId: null}
2019-09-16 17:26:10,967 [grpc-default-executor-6] INFO  impl.RaftServerProxy (RaftServerProxy.java:remove(95)) - 08c3c9a3-c92b-48ae-803a-081cb99550ef: remove group-4C49021CB2BC:null
2019-09-16 17:26:10,970 [RatisPipelineUtilsThread] WARN  pipeline.RatisPipelineUtils (RatisPipelineUtils.java:destroyPipeline(66)) - Pipeline destroy failed for pipeline=PipelineID=73746d72-b06f-4f49-8943-4c49021cb2bc dn=08c3c9a3-c92b-48ae-803a-081cb99550ef{ip: 192.168.151.75, host: pr-hdds-2114-2x2fm-437316914, networkLocation: /default-rack, certSerialId: null}
2019-09-16 17:26:10,974 [grpc-default-executor-6] INFO  impl.RaftServerProxy (RaftServerProxy.java:remove(95)) - 2565157f-9642-4f7c-bd15-58f431c5cf0a: remove group-4C49021CB2BC:null
2019-09-16 17:26:10,977 [RatisPipelineUtilsThread] WARN  pipeline.RatisPipelineUtils (RatisPipelineUtils.java:destroyPipeline(66)) - Pipeline destroy failed for pipeline=PipelineID=73746d72-b06f-4f49-8943-4c49021cb2bc dn=2565157f-9642-4f7c-bd15-58f431c5cf0a{ip: 192.168.151.75, host: pr-hdds-2114-2x2fm-437316914, networkLocation: /default-rack, certSerialId: null}
2019-09-16 17:26:10,977 [RatisPipelineUtilsThread] ERROR pipeline.SCMPipelineManager (Scheduler.java:lambda$schedule$1(70)) - Destroy pipeline failed for pipeline:Pipeline[ Id: 73746d72-b06f-4f49-8943-4c49021cb2bc, Nodes: a5d3a44e-87a4-4ffe-bd57-d4dea2700ae7{ip: 192.168.151.75, host: pr-hdds-2114-2x2fm-437316914, networkLocation: /default-rack, certSerialId: null}08c3c9a3-c92b-48ae-803a-081cb99550ef{ip: 192.168.151.75, host: pr-hdds-2114-2x2fm-437316914, networkLocation: /default-rack, certSerialId: null}2565157f-9642-4f7c-bd15-58f431c5cf0a{ip: 192.168.151.75, host: pr-hdds-2114-2x2fm-437316914, networkLocation: /default-rack, certSerialId: null}, Type:RATIS, Factor:THREE, State:CLOSED]
org.apache.hadoop.hdds.scm.pipeline.PipelineNotFoundException: PipelineID=73746d72-b06f-4f49-8943-4c49021cb2bc not found
	at org.apache.hadoop.hdds.scm.pipeline.PipelineStateMap.getPipeline(PipelineStateMap.java:132)
	at org.apache.hadoop.hdds.scm.pipeline.PipelineStateMap.removePipeline(PipelineStateMap.java:322)
	at org.apache.hadoop.hdds.scm.pipeline.PipelineStateManager.removePipeline(PipelineStateManager.java:107)
	at org.apache.hadoop.hdds.scm.pipeline.SCMPipelineManager.removePipeline(SCMPipelineManager.java:423)
	at org.apache.hadoop.hdds.scm.pipeline.SCMPipelineManager.destroyPipeline(SCMPipelineManager.java:409)
	at org.apache.hadoop.hdds.scm.pipeline.SCMPipelineManager.lambda$finalizeAndDestroyPipeline$0(SCMPipelineManager.java:318)
	at org.apache.hadoop.utils.Scheduler.lambda$schedule$1(Scheduler.java:68)
	at java.util.concurrent.Executors$RunnableAdapter.call(Executors.java:511)
	at java.util.concurrent.FutureTask.run(FutureTask.java:266)
	at java.util.concurrent.ScheduledThreadPoolExecutor$ScheduledFutureTask.access$201(ScheduledThreadPoolExecutor.java:180)
	at java.util.concurrent.ScheduledThreadPoolExecutor$ScheduledFutureTask.run(ScheduledThreadPoolExecutor.java:293)
	at java.util.concurrent.ThreadPoolExecutor.runWorker(ThreadPoolExecutor.java:1149)
	at java.util.concurrent.ThreadPoolExecutor$Worker.run(ThreadPoolExecutor.java:624)
	at java.lang.Thread.run(Thread.java:748)
2019-09-16 17:26:12,220 [java.util.concurrent.ThreadPoolExecutor$Worker@5a1c6d9[State = -1, empty queue]] WARN  server.GrpcLogAppender (GrpcLogAppender.java:timeoutAppendRequest(200)) - 2565157f-9642-4f7c-bd15-58f431c5cf0a@group-42427AE515A8->08c3c9a3-c92b-48ae-803a-081cb99550ef-GrpcLogAppender: appendEntries Timeout, request=2565157f-9642-4f7c-bd15-58f431c5cf0a->08c3c9a3-c92b-48ae-803a-081cb99550ef#23-t2, previous=(t:2, i:12), leaderCommit=6, initializing? false, entries: <empty>
2019-09-16 17:26:12,220 [java.util.concurrent.ThreadPoolExecutor$Worker@1b6a6326[State = -1, empty queue]] WARN  server.GrpcLogAppender (GrpcLogAppender.java:timeoutAppendRequest(200)) - 2565157f-9642-4f7c-bd15-58f431c5cf0a@group-42427AE515A8->a5d3a44e-87a4-4ffe-bd57-d4dea2700ae7-GrpcLogAppender: appendEntries Timeout, request=2565157f-9642-4f7c-bd15-58f431c5cf0a->a5d3a44e-87a4-4ffe-bd57-d4dea2700ae7#23-t2, previous=(t:2, i:12), leaderCommit=6, initializing? false, entries: <empty>
2019-09-16 17:26:12,961 [grpc-default-executor-5] INFO  impl.RaftServerProxy (RaftServerProxy.java:remove(95)) - a5d3a44e-87a4-4ffe-bd57-d4dea2700ae7: remove group-4C49021CB2BC:null
2019-09-16 17:26:12,968 [RatisPipelineUtilsThread] WARN  pipeline.RatisPipelineUtils (RatisPipelineUtils.java:destroyPipeline(66)) - Pipeline destroy failed for pipeline=PipelineID=73746d72-b06f-4f49-8943-4c49021cb2bc dn=a5d3a44e-87a4-4ffe-bd57-d4dea2700ae7{ip: 192.168.151.75, host: pr-hdds-2114-2x2fm-437316914, networkLocation: /default-rack, certSerialId: null}
2019-09-16 17:26:12,971 [grpc-default-executor-5] INFO  impl.RaftServerProxy (RaftServerProxy.java:remove(95)) - 08c3c9a3-c92b-48ae-803a-081cb99550ef: remove group-4C49021CB2BC:null
2019-09-16 17:26:12,974 [RatisPipelineUtilsThread] WARN  pipeline.RatisPipelineUtils (RatisPipelineUtils.java:destroyPipeline(66)) - Pipeline destroy failed for pipeline=PipelineID=73746d72-b06f-4f49-8943-4c49021cb2bc dn=08c3c9a3-c92b-48ae-803a-081cb99550ef{ip: 192.168.151.75, host: pr-hdds-2114-2x2fm-437316914, networkLocation: /default-rack, certSerialId: null}
2019-09-16 17:26:12,977 [grpc-default-executor-5] INFO  impl.RaftServerProxy (RaftServerProxy.java:remove(95)) - 2565157f-9642-4f7c-bd15-58f431c5cf0a: remove group-4C49021CB2BC:null
2019-09-16 17:26:12,980 [RatisPipelineUtilsThread] WARN  pipeline.RatisPipelineUtils (RatisPipelineUtils.java:destroyPipeline(66)) - Pipeline destroy failed for pipeline=PipelineID=73746d72-b06f-4f49-8943-4c49021cb2bc dn=2565157f-9642-4f7c-bd15-58f431c5cf0a{ip: 192.168.151.75, host: pr-hdds-2114-2x2fm-437316914, networkLocation: /default-rack, certSerialId: null}
2019-09-16 17:26:12,980 [RatisPipelineUtilsThread] ERROR pipeline.SCMPipelineManager (Scheduler.java:lambda$schedule$1(70)) - Destroy pipeline failed for pipeline:Pipeline[ Id: 73746d72-b06f-4f49-8943-4c49021cb2bc, Nodes: a5d3a44e-87a4-4ffe-bd57-d4dea2700ae7{ip: 192.168.151.75, host: pr-hdds-2114-2x2fm-437316914, networkLocation: /default-rack, certSerialId: null}08c3c9a3-c92b-48ae-803a-081cb99550ef{ip: 192.168.151.75, host: pr-hdds-2114-2x2fm-437316914, networkLocation: /default-rack, certSerialId: null}2565157f-9642-4f7c-bd15-58f431c5cf0a{ip: 192.168.151.75, host: pr-hdds-2114-2x2fm-437316914, networkLocation: /default-rack, certSerialId: null}, Type:RATIS, Factor:THREE, State:CLOSED]
org.apache.hadoop.hdds.scm.pipeline.PipelineNotFoundException: PipelineID=73746d72-b06f-4f49-8943-4c49021cb2bc not found
	at org.apache.hadoop.hdds.scm.pipeline.PipelineStateMap.getPipeline(PipelineStateMap.java:132)
	at org.apache.hadoop.hdds.scm.pipeline.PipelineStateMap.removePipeline(PipelineStateMap.java:322)
	at org.apache.hadoop.hdds.scm.pipeline.PipelineStateManager.removePipeline(PipelineStateManager.java:107)
	at org.apache.hadoop.hdds.scm.pipeline.SCMPipelineManager.removePipeline(SCMPipelineManager.java:423)
	at org.apache.hadoop.hdds.scm.pipeline.SCMPipelineManager.destroyPipeline(SCMPipelineManager.java:409)
	at org.apache.hadoop.hdds.scm.pipeline.SCMPipelineManager.lambda$finalizeAndDestroyPipeline$0(SCMPipelineManager.java:318)
	at org.apache.hadoop.utils.Scheduler.lambda$schedule$1(Scheduler.java:68)
	at java.util.concurrent.Executors$RunnableAdapter.call(Executors.java:511)
	at java.util.concurrent.FutureTask.run(FutureTask.java:266)
	at java.util.concurrent.ScheduledThreadPoolExecutor$ScheduledFutureTask.access$201(ScheduledThreadPoolExecutor.java:180)
	at java.util.concurrent.ScheduledThreadPoolExecutor$ScheduledFutureTask.run(ScheduledThreadPoolExecutor.java:293)
	at java.util.concurrent.ThreadPoolExecutor.runWorker(ThreadPoolExecutor.java:1149)
	at java.util.concurrent.ThreadPoolExecutor$Worker.run(ThreadPoolExecutor.java:624)
	at java.lang.Thread.run(Thread.java:748)
2019-09-16 17:26:14,210 [a5d3a44e-87a4-4ffe-bd57-d4dea2700ae7@group-42427AE515A8-SegmentedRaftLogWorker] WARN  segmented.SegmentedRaftLogWorker (SegmentedRaftLogWorker.java:getFromFuture(90)) - Timeout 2/~
org.apache.ratis.protocol.TimeoutIOException: Timeout 10s: WriteLog:7: (t:2, i:7), STATEMACHINELOGENTRY, client-67B75F1E9B14, cid=47-writeStateMachineData
	at org.apache.ratis.util.IOUtils.getFromFuture(IOUtils.java:87)
	at org.apache.ratis.server.raftlog.segmented.SegmentedRaftLogWorker$StateMachineDataPolicy.getFromFuture(SegmentedRaftLogWorker.java:87)
	at org.apache.ratis.server.raftlog.segmented.SegmentedRaftLogWorker$WriteLog.execute(SegmentedRaftLogWorker.java:477)
	at org.apache.ratis.server.raftlog.segmented.SegmentedRaftLogWorker.run(SegmentedRaftLogWorker.java:289)
	at java.lang.Thread.run(Thread.java:748)
Caused by: java.util.concurrent.TimeoutException
	at java.util.concurrent.CompletableFuture.timedGet(CompletableFuture.java:1771)
	at java.util.concurrent.CompletableFuture.get(CompletableFuture.java:1915)
	at org.apache.ratis.util.IOUtils.getFromFuture(IOUtils.java:79)
	... 4 more
2019-09-16 17:26:14,329 [2565157f-9642-4f7c-bd15-58f431c5cf0a@group-42427AE515A8-SegmentedRaftLogWorker] WARN  segmented.SegmentedRaftLogWorker (SegmentedRaftLogWorker.java:getFromFuture(90)) - Timeout 2/~
org.apache.ratis.protocol.TimeoutIOException: Timeout 10s: WriteLog:8: (t:2, i:8), STATEMACHINELOGENTRY, client-67B75F1E9B14, cid=48-writeStateMachineData
	at org.apache.ratis.util.IOUtils.getFromFuture(IOUtils.java:87)
	at org.apache.ratis.server.raftlog.segmented.SegmentedRaftLogWorker$StateMachineDataPolicy.getFromFuture(SegmentedRaftLogWorker.java:87)
	at org.apache.ratis.server.raftlog.segmented.SegmentedRaftLogWorker$WriteLog.execute(SegmentedRaftLogWorker.java:477)
	at org.apache.ratis.server.raftlog.segmented.SegmentedRaftLogWorker.run(SegmentedRaftLogWorker.java:289)
	at java.lang.Thread.run(Thread.java:748)
Caused by: java.util.concurrent.TimeoutException
	at java.util.concurrent.CompletableFuture.timedGet(CompletableFuture.java:1771)
	at java.util.concurrent.CompletableFuture.get(CompletableFuture.java:1915)
	at org.apache.ratis.util.IOUtils.getFromFuture(IOUtils.java:79)
	... 4 more
2019-09-16 17:26:14,330 [08c3c9a3-c92b-48ae-803a-081cb99550ef@group-42427AE515A8-SegmentedRaftLogWorker] WARN  segmented.SegmentedRaftLogWorker (SegmentedRaftLogWorker.java:getFromFuture(90)) - Timeout 2/~
org.apache.ratis.protocol.TimeoutIOException: Timeout 10s: WriteLog:10: (t:2, i:10), STATEMACHINELOGENTRY, client-67B75F1E9B14, cid=50-writeStateMachineData
	at org.apache.ratis.util.IOUtils.getFromFuture(IOUtils.java:87)
	at org.apache.ratis.server.raftlog.segmented.SegmentedRaftLogWorker$StateMachineDataPolicy.getFromFuture(SegmentedRaftLogWorker.java:87)
	at org.apache.ratis.server.raftlog.segmented.SegmentedRaftLogWorker$WriteLog.execute(SegmentedRaftLogWorker.java:477)
	at org.apache.ratis.server.raftlog.segmented.SegmentedRaftLogWorker.run(SegmentedRaftLogWorker.java:289)
	at java.lang.Thread.run(Thread.java:748)
Caused by: java.util.concurrent.TimeoutException
	at java.util.concurrent.CompletableFuture.timedGet(CompletableFuture.java:1771)
	at java.util.concurrent.CompletableFuture.get(CompletableFuture.java:1915)
	at org.apache.ratis.util.IOUtils.getFromFuture(IOUtils.java:79)
	... 4 more
2019-09-16 17:26:14,453 [grpc-default-executor-6] INFO  client.GrpcClientProtocolClient (GrpcClientProtocolClient.java:onNext(264)) - client-67B75F1E9B14->08c3c9a3-c92b-48ae-803a-081cb99550ef: receive RaftClientReply:client-67B75F1E9B14->08c3c9a3-c92b-48ae-803a-081cb99550ef@group-42427AE515A8, cid=47, FAILED org.apache.ratis.protocol.NotLeaderException: Server 08c3c9a3-c92b-48ae-803a-081cb99550ef@group-42427AE515A8 is not the leader 2565157f-9642-4f7c-bd15-58f431c5cf0a:192.168.151.75:46619, logIndex=0, commits[08c3c9a3-c92b-48ae-803a-081cb99550ef:c6, 2565157f-9642-4f7c-bd15-58f431c5cf0a:c6, a5d3a44e-87a4-4ffe-bd57-d4dea2700ae7:c4]
2019-09-16 17:26:14,722 [java.util.concurrent.ThreadPoolExecutor$Worker@5a1c6d9[State = -1, empty queue]] WARN  server.GrpcLogAppender (GrpcLogAppender.java:timeoutAppendRequest(200)) - 2565157f-9642-4f7c-bd15-58f431c5cf0a@group-42427AE515A8->08c3c9a3-c92b-48ae-803a-081cb99550ef-GrpcLogAppender: appendEntries Timeout, request=2565157f-9642-4f7c-bd15-58f431c5cf0a->08c3c9a3-c92b-48ae-803a-081cb99550ef#24-t2, previous=(t:2, i:12), leaderCommit=6, initializing? false, entries: <empty>
2019-09-16 17:26:14,722 [java.util.concurrent.ThreadPoolExecutor$Worker@1b6a6326[State = -1, empty queue]] WARN  server.GrpcLogAppender (GrpcLogAppender.java:timeoutAppendRequest(200)) - 2565157f-9642-4f7c-bd15-58f431c5cf0a@group-42427AE515A8->a5d3a44e-87a4-4ffe-bd57-d4dea2700ae7-GrpcLogAppender: appendEntries Timeout, request=2565157f-9642-4f7c-bd15-58f431c5cf0a->a5d3a44e-87a4-4ffe-bd57-d4dea2700ae7#24-t2, previous=(t:2, i:12), leaderCommit=6, initializing? false, entries: <empty>
2019-09-16 17:26:15,957 [grpc-default-executor-6] INFO  impl.RaftServerProxy (RaftServerProxy.java:remove(95)) - a5d3a44e-87a4-4ffe-bd57-d4dea2700ae7: remove group-4C49021CB2BC:null
2019-09-16 17:26:15,961 [RatisPipelineUtilsThread] WARN  pipeline.RatisPipelineUtils (RatisPipelineUtils.java:destroyPipeline(66)) - Pipeline destroy failed for pipeline=PipelineID=73746d72-b06f-4f49-8943-4c49021cb2bc dn=a5d3a44e-87a4-4ffe-bd57-d4dea2700ae7{ip: 192.168.151.75, host: pr-hdds-2114-2x2fm-437316914, networkLocation: /default-rack, certSerialId: null}
2019-09-16 17:26:15,965 [grpc-default-executor-6] INFO  impl.RaftServerProxy (RaftServerProxy.java:remove(95)) - 08c3c9a3-c92b-48ae-803a-081cb99550ef: remove group-4C49021CB2BC:null
2019-09-16 17:26:15,967 [RatisPipelineUtilsThread] WARN  pipeline.RatisPipelineUtils (RatisPipelineUtils.java:destroyPipeline(66)) - Pipeline destroy failed for pipeline=PipelineID=73746d72-b06f-4f49-8943-4c49021cb2bc dn=08c3c9a3-c92b-48ae-803a-081cb99550ef{ip: 192.168.151.75, host: pr-hdds-2114-2x2fm-437316914, networkLocation: /default-rack, certSerialId: null}
2019-09-16 17:26:15,971 [grpc-default-executor-6] INFO  impl.RaftServerProxy (RaftServerProxy.java:remove(95)) - 2565157f-9642-4f7c-bd15-58f431c5cf0a: remove group-4C49021CB2BC:null
2019-09-16 17:26:15,973 [RatisPipelineUtilsThread] WARN  pipeline.RatisPipelineUtils (RatisPipelineUtils.java:destroyPipeline(66)) - Pipeline destroy failed for pipeline=PipelineID=73746d72-b06f-4f49-8943-4c49021cb2bc dn=2565157f-9642-4f7c-bd15-58f431c5cf0a{ip: 192.168.151.75, host: pr-hdds-2114-2x2fm-437316914, networkLocation: /default-rack, certSerialId: null}
2019-09-16 17:26:15,974 [RatisPipelineUtilsThread] ERROR pipeline.SCMPipelineManager (Scheduler.java:lambda$schedule$1(70)) - Destroy pipeline failed for pipeline:Pipeline[ Id: 73746d72-b06f-4f49-8943-4c49021cb2bc, Nodes: a5d3a44e-87a4-4ffe-bd57-d4dea2700ae7{ip: 192.168.151.75, host: pr-hdds-2114-2x2fm-437316914, networkLocation: /default-rack, certSerialId: null}08c3c9a3-c92b-48ae-803a-081cb99550ef{ip: 192.168.151.75, host: pr-hdds-2114-2x2fm-437316914, networkLocation: /default-rack, certSerialId: null}2565157f-9642-4f7c-bd15-58f431c5cf0a{ip: 192.168.151.75, host: pr-hdds-2114-2x2fm-437316914, networkLocation: /default-rack, certSerialId: null}, Type:RATIS, Factor:THREE, State:CLOSED]
org.apache.hadoop.hdds.scm.pipeline.PipelineNotFoundException: PipelineID=73746d72-b06f-4f49-8943-4c49021cb2bc not found
	at org.apache.hadoop.hdds.scm.pipeline.PipelineStateMap.getPipeline(PipelineStateMap.java:132)
	at org.apache.hadoop.hdds.scm.pipeline.PipelineStateMap.removePipeline(PipelineStateMap.java:322)
	at org.apache.hadoop.hdds.scm.pipeline.PipelineStateManager.removePipeline(PipelineStateManager.java:107)
	at org.apache.hadoop.hdds.scm.pipeline.SCMPipelineManager.removePipeline(SCMPipelineManager.java:423)
	at org.apache.hadoop.hdds.scm.pipeline.SCMPipelineManager.destroyPipeline(SCMPipelineManager.java:409)
	at org.apache.hadoop.hdds.scm.pipeline.SCMPipelineManager.lambda$finalizeAndDestroyPipeline$0(SCMPipelineManager.java:318)
	at org.apache.hadoop.utils.Scheduler.lambda$schedule$1(Scheduler.java:68)
	at java.util.concurrent.Executors$RunnableAdapter.call(Executors.java:511)
	at java.util.concurrent.FutureTask.run(FutureTask.java:266)
	at java.util.concurrent.ScheduledThreadPoolExecutor$ScheduledFutureTask.access$201(ScheduledThreadPoolExecutor.java:180)
	at java.util.concurrent.ScheduledThreadPoolExecutor$ScheduledFutureTask.run(ScheduledThreadPoolExecutor.java:293)
	at java.util.concurrent.ThreadPoolExecutor.runWorker(ThreadPoolExecutor.java:1149)
	at java.util.concurrent.ThreadPoolExecutor$Worker.run(ThreadPoolExecutor.java:624)
	at java.lang.Thread.run(Thread.java:748)
2019-09-16 17:26:17,223 [java.util.concurrent.ThreadPoolExecutor$Worker@1b6a6326[State = -1, empty queue]] WARN  server.GrpcLogAppender (GrpcLogAppender.java:timeoutAppendRequest(200)) - 2565157f-9642-4f7c-bd15-58f431c5cf0a@group-42427AE515A8->a5d3a44e-87a4-4ffe-bd57-d4dea2700ae7-GrpcLogAppender: appendEntries Timeout, request=2565157f-9642-4f7c-bd15-58f431c5cf0a->a5d3a44e-87a4-4ffe-bd57-d4dea2700ae7#25-t2, previous=(t:2, i:12), leaderCommit=6, initializing? false, entries: <empty>
2019-09-16 17:26:17,223 [java.util.concurrent.ThreadPoolExecutor$Worker@5a1c6d9[State = -1, empty queue]] WARN  server.GrpcLogAppender (GrpcLogAppender.java:timeoutAppendRequest(200)) - 2565157f-9642-4f7c-bd15-58f431c5cf0a@group-42427AE515A8->08c3c9a3-c92b-48ae-803a-081cb99550ef-GrpcLogAppender: appendEntries Timeout, request=2565157f-9642-4f7c-bd15-58f431c5cf0a->08c3c9a3-c92b-48ae-803a-081cb99550ef#25-t2, previous=(t:2, i:12), leaderCommit=6, initializing? false, entries: <empty>
2019-09-16 17:26:17,956 [grpc-default-executor-5] INFO  impl.RaftServerProxy (RaftServerProxy.java:remove(95)) - a5d3a44e-87a4-4ffe-bd57-d4dea2700ae7: remove group-4C49021CB2BC:null
2019-09-16 17:26:17,959 [RatisPipelineUtilsThread] WARN  pipeline.RatisPipelineUtils (RatisPipelineUtils.java:destroyPipeline(66)) - Pipeline destroy failed for pipeline=PipelineID=73746d72-b06f-4f49-8943-4c49021cb2bc dn=a5d3a44e-87a4-4ffe-bd57-d4dea2700ae7{ip: 192.168.151.75, host: pr-hdds-2114-2x2fm-437316914, networkLocation: /default-rack, certSerialId: null}
2019-09-16 17:26:17,962 [grpc-default-executor-5] INFO  impl.RaftServerProxy (RaftServerProxy.java:remove(95)) - 08c3c9a3-c92b-48ae-803a-081cb99550ef: remove group-4C49021CB2BC:null
2019-09-16 17:26:17,964 [RatisPipelineUtilsThread] WARN  pipeline.RatisPipelineUtils (RatisPipelineUtils.java:destroyPipeline(66)) - Pipeline destroy failed for pipeline=PipelineID=73746d72-b06f-4f49-8943-4c49021cb2bc dn=08c3c9a3-c92b-48ae-803a-081cb99550ef{ip: 192.168.151.75, host: pr-hdds-2114-2x2fm-437316914, networkLocation: /default-rack, certSerialId: null}
2019-09-16 17:26:17,967 [grpc-default-executor-5] INFO  impl.RaftServerProxy (RaftServerProxy.java:remove(95)) - 2565157f-9642-4f7c-bd15-58f431c5cf0a: remove group-4C49021CB2BC:null
2019-09-16 17:26:17,969 [RatisPipelineUtilsThread] WARN  pipeline.RatisPipelineUtils (RatisPipelineUtils.java:destroyPipeline(66)) - Pipeline destroy failed for pipeline=PipelineID=73746d72-b06f-4f49-8943-4c49021cb2bc dn=2565157f-9642-4f7c-bd15-58f431c5cf0a{ip: 192.168.151.75, host: pr-hdds-2114-2x2fm-437316914, networkLocation: /default-rack, certSerialId: null}
2019-09-16 17:26:17,969 [RatisPipelineUtilsThread] ERROR pipeline.SCMPipelineManager (Scheduler.java:lambda$schedule$1(70)) - Destroy pipeline failed for pipeline:Pipeline[ Id: 73746d72-b06f-4f49-8943-4c49021cb2bc, Nodes: a5d3a44e-87a4-4ffe-bd57-d4dea2700ae7{ip: 192.168.151.75, host: pr-hdds-2114-2x2fm-437316914, networkLocation: /default-rack, certSerialId: null}08c3c9a3-c92b-48ae-803a-081cb99550ef{ip: 192.168.151.75, host: pr-hdds-2114-2x2fm-437316914, networkLocation: /default-rack, certSerialId: null}2565157f-9642-4f7c-bd15-58f431c5cf0a{ip: 192.168.151.75, host: pr-hdds-2114-2x2fm-437316914, networkLocation: /default-rack, certSerialId: null}, Type:RATIS, Factor:THREE, State:CLOSED]
org.apache.hadoop.hdds.scm.pipeline.PipelineNotFoundException: PipelineID=73746d72-b06f-4f49-8943-4c49021cb2bc not found
	at org.apache.hadoop.hdds.scm.pipeline.PipelineStateMap.getPipeline(PipelineStateMap.java:132)
	at org.apache.hadoop.hdds.scm.pipeline.PipelineStateMap.removePipeline(PipelineStateMap.java:322)
	at org.apache.hadoop.hdds.scm.pipeline.PipelineStateManager.removePipeline(PipelineStateManager.java:107)
	at org.apache.hadoop.hdds.scm.pipeline.SCMPipelineManager.removePipeline(SCMPipelineManager.java:423)
	at org.apache.hadoop.hdds.scm.pipeline.SCMPipelineManager.destroyPipeline(SCMPipelineManager.java:409)
	at org.apache.hadoop.hdds.scm.pipeline.SCMPipelineManager.lambda$finalizeAndDestroyPipeline$0(SCMPipelineManager.java:318)
	at org.apache.hadoop.utils.Scheduler.lambda$schedule$1(Scheduler.java:68)
	at java.util.concurrent.Executors$RunnableAdapter.call(Executors.java:511)
	at java.util.concurrent.FutureTask.run(FutureTask.java:266)
	at java.util.concurrent.ScheduledThreadPoolExecutor$ScheduledFutureTask.access$201(ScheduledThreadPoolExecutor.java:180)
	at java.util.concurrent.ScheduledThreadPoolExecutor$ScheduledFutureTask.run(ScheduledThreadPoolExecutor.java:293)
	at java.util.concurrent.ThreadPoolExecutor.runWorker(ThreadPoolExecutor.java:1149)
	at java.util.concurrent.ThreadPoolExecutor$Worker.run(ThreadPoolExecutor.java:624)
	at java.lang.Thread.run(Thread.java:748)
2019-09-16 17:26:19,496 [grpc-default-executor-5] INFO  client.GrpcClientProtocolClient (GrpcClientProtocolClient.java:onNext(264)) - client-67B75F1E9B14->08c3c9a3-c92b-48ae-803a-081cb99550ef: receive RaftClientReply:client-67B75F1E9B14->08c3c9a3-c92b-48ae-803a-081cb99550ef@group-42427AE515A8, cid=47, FAILED org.apache.ratis.protocol.NotLeaderException: Server 08c3c9a3-c92b-48ae-803a-081cb99550ef@group-42427AE515A8 is not the leader 2565157f-9642-4f7c-bd15-58f431c5cf0a:192.168.151.75:46619, logIndex=0, commits[08c3c9a3-c92b-48ae-803a-081cb99550ef:c6, 2565157f-9642-4f7c-bd15-58f431c5cf0a:c6, a5d3a44e-87a4-4ffe-bd57-d4dea2700ae7:c4]
2019-09-16 17:26:19,723 [java.util.concurrent.ThreadPoolExecutor$Worker@1b6a6326[State = -1, empty queue]] WARN  server.GrpcLogAppender (GrpcLogAppender.java:timeoutAppendRequest(200)) - 2565157f-9642-4f7c-bd15-58f431c5cf0a@group-42427AE515A8->a5d3a44e-87a4-4ffe-bd57-d4dea2700ae7-GrpcLogAppender: appendEntries Timeout, request=2565157f-9642-4f7c-bd15-58f431c5cf0a->a5d3a44e-87a4-4ffe-bd57-d4dea2700ae7#26-t2, previous=(t:2, i:12), leaderCommit=6, initializing? false, entries: <empty>
2019-09-16 17:26:19,723 [java.util.concurrent.ThreadPoolExecutor$Worker@5a1c6d9[State = -1, empty queue]] WARN  server.GrpcLogAppender (GrpcLogAppender.java:timeoutAppendRequest(200)) - 2565157f-9642-4f7c-bd15-58f431c5cf0a@group-42427AE515A8->08c3c9a3-c92b-48ae-803a-081cb99550ef-GrpcLogAppender: appendEntries Timeout, request=2565157f-9642-4f7c-bd15-58f431c5cf0a->08c3c9a3-c92b-48ae-803a-081cb99550ef#26-t2, previous=(t:2, i:12), leaderCommit=6, initializing? false, entries: <empty>
2019-09-16 17:26:20,956 [grpc-default-executor-6] INFO  impl.RaftServerProxy (RaftServerProxy.java:remove(95)) - a5d3a44e-87a4-4ffe-bd57-d4dea2700ae7: remove group-4C49021CB2BC:null
2019-09-16 17:26:20,959 [RatisPipelineUtilsThread] WARN  pipeline.RatisPipelineUtils (RatisPipelineUtils.java:destroyPipeline(66)) - Pipeline destroy failed for pipeline=PipelineID=73746d72-b06f-4f49-8943-4c49021cb2bc dn=a5d3a44e-87a4-4ffe-bd57-d4dea2700ae7{ip: 192.168.151.75, host: pr-hdds-2114-2x2fm-437316914, networkLocation: /default-rack, certSerialId: null}
2019-09-16 17:26:20,962 [grpc-default-executor-6] INFO  impl.RaftServerProxy (RaftServerProxy.java:remove(95)) - 08c3c9a3-c92b-48ae-803a-081cb99550ef: remove group-4C49021CB2BC:null
2019-09-16 17:26:20,965 [RatisPipelineUtilsThread] WARN  pipeline.RatisPipelineUtils (RatisPipelineUtils.java:destroyPipeline(66)) - Pipeline destroy failed for pipeline=PipelineID=73746d72-b06f-4f49-8943-4c49021cb2bc dn=08c3c9a3-c92b-48ae-803a-081cb99550ef{ip: 192.168.151.75, host: pr-hdds-2114-2x2fm-437316914, networkLocation: /default-rack, certSerialId: null}
2019-09-16 17:26:20,968 [grpc-default-executor-6] INFO  impl.RaftServerProxy (RaftServerProxy.java:remove(95)) - 2565157f-9642-4f7c-bd15-58f431c5cf0a: remove group-4C49021CB2BC:null
2019-09-16 17:26:20,970 [RatisPipelineUtilsThread] WARN  pipeline.RatisPipelineUtils (RatisPipelineUtils.java:destroyPipeline(66)) - Pipeline destroy failed for pipeline=PipelineID=73746d72-b06f-4f49-8943-4c49021cb2bc dn=2565157f-9642-4f7c-bd15-58f431c5cf0a{ip: 192.168.151.75, host: pr-hdds-2114-2x2fm-437316914, networkLocation: /default-rack, certSerialId: null}
2019-09-16 17:26:20,970 [RatisPipelineUtilsThread] ERROR pipeline.SCMPipelineManager (Scheduler.java:lambda$schedule$1(70)) - Destroy pipeline failed for pipeline:Pipeline[ Id: 73746d72-b06f-4f49-8943-4c49021cb2bc, Nodes: a5d3a44e-87a4-4ffe-bd57-d4dea2700ae7{ip: 192.168.151.75, host: pr-hdds-2114-2x2fm-437316914, networkLocation: /default-rack, certSerialId: null}08c3c9a3-c92b-48ae-803a-081cb99550ef{ip: 192.168.151.75, host: pr-hdds-2114-2x2fm-437316914, networkLocation: /default-rack, certSerialId: null}2565157f-9642-4f7c-bd15-58f431c5cf0a{ip: 192.168.151.75, host: pr-hdds-2114-2x2fm-437316914, networkLocation: /default-rack, certSerialId: null}, Type:RATIS, Factor:THREE, State:CLOSED]
org.apache.hadoop.hdds.scm.pipeline.PipelineNotFoundException: PipelineID=73746d72-b06f-4f49-8943-4c49021cb2bc not found
	at org.apache.hadoop.hdds.scm.pipeline.PipelineStateMap.getPipeline(PipelineStateMap.java:132)
	at org.apache.hadoop.hdds.scm.pipeline.PipelineStateMap.removePipeline(PipelineStateMap.java:322)
	at org.apache.hadoop.hdds.scm.pipeline.PipelineStateManager.removePipeline(PipelineStateManager.java:107)
	at org.apache.hadoop.hdds.scm.pipeline.SCMPipelineManager.removePipeline(SCMPipelineManager.java:423)
	at org.apache.hadoop.hdds.scm.pipeline.SCMPipelineManager.destroyPipeline(SCMPipelineManager.java:409)
	at org.apache.hadoop.hdds.scm.pipeline.SCMPipelineManager.lambda$finalizeAndDestroyPipeline$0(SCMPipelineManager.java:318)
	at org.apache.hadoop.utils.Scheduler.lambda$schedule$1(Scheduler.java:68)
	at java.util.concurrent.Executors$RunnableAdapter.call(Executors.java:511)
	at java.util.concurrent.FutureTask.run(FutureTask.java:266)
	at java.util.concurrent.ScheduledThreadPoolExecutor$ScheduledFutureTask.access$201(ScheduledThreadPoolExecutor.java:180)
	at java.util.concurrent.ScheduledThreadPoolExecutor$ScheduledFutureTask.run(ScheduledThreadPoolExecutor.java:293)
	at java.util.concurrent.ThreadPoolExecutor.runWorker(ThreadPoolExecutor.java:1149)
	at java.util.concurrent.ThreadPoolExecutor$Worker.run(ThreadPoolExecutor.java:624)
	at java.lang.Thread.run(Thread.java:748)
2019-09-16 17:26:22,224 [java.util.concurrent.ThreadPoolExecutor$Worker@5a1c6d9[State = -1, empty queue]] WARN  server.GrpcLogAppender (GrpcLogAppender.java:timeoutAppendRequest(200)) - 2565157f-9642-4f7c-bd15-58f431c5cf0a@group-42427AE515A8->08c3c9a3-c92b-48ae-803a-081cb99550ef-GrpcLogAppender: appendEntries Timeout, request=2565157f-9642-4f7c-bd15-58f431c5cf0a->08c3c9a3-c92b-48ae-803a-081cb99550ef#27-t2, previous=(t:2, i:12), leaderCommit=6, initializing? false, entries: <empty>
2019-09-16 17:26:22,224 [java.util.concurrent.ThreadPoolExecutor$Worker@1b6a6326[State = -1, empty queue]] WARN  server.GrpcLogAppender (GrpcLogAppender.java:timeoutAppendRequest(200)) - 2565157f-9642-4f7c-bd15-58f431c5cf0a@group-42427AE515A8->a5d3a44e-87a4-4ffe-bd57-d4dea2700ae7-GrpcLogAppender: appendEntries Timeout, request=2565157f-9642-4f7c-bd15-58f431c5cf0a->a5d3a44e-87a4-4ffe-bd57-d4dea2700ae7#27-t2, previous=(t:2, i:12), leaderCommit=6, initializing? false, entries: <empty>
2019-09-16 17:26:22,956 [grpc-default-executor-6] INFO  impl.RaftServerProxy (RaftServerProxy.java:remove(95)) - a5d3a44e-87a4-4ffe-bd57-d4dea2700ae7: remove group-4C49021CB2BC:null
2019-09-16 17:26:22,959 [RatisPipelineUtilsThread] WARN  pipeline.RatisPipelineUtils (RatisPipelineUtils.java:destroyPipeline(66)) - Pipeline destroy failed for pipeline=PipelineID=73746d72-b06f-4f49-8943-4c49021cb2bc dn=a5d3a44e-87a4-4ffe-bd57-d4dea2700ae7{ip: 192.168.151.75, host: pr-hdds-2114-2x2fm-437316914, networkLocation: /default-rack, certSerialId: null}
2019-09-16 17:26:22,962 [grpc-default-executor-6] INFO  impl.RaftServerProxy (RaftServerProxy.java:remove(95)) - 08c3c9a3-c92b-48ae-803a-081cb99550ef: remove group-4C49021CB2BC:null
2019-09-16 17:26:22,964 [RatisPipelineUtilsThread] WARN  pipeline.RatisPipelineUtils (RatisPipelineUtils.java:destroyPipeline(66)) - Pipeline destroy failed for pipeline=PipelineID=73746d72-b06f-4f49-8943-4c49021cb2bc dn=08c3c9a3-c92b-48ae-803a-081cb99550ef{ip: 192.168.151.75, host: pr-hdds-2114-2x2fm-437316914, networkLocation: /default-rack, certSerialId: null}
2019-09-16 17:26:22,967 [grpc-default-executor-6] INFO  impl.RaftServerProxy (RaftServerProxy.java:remove(95)) - 2565157f-9642-4f7c-bd15-58f431c5cf0a: remove group-4C49021CB2BC:null
2019-09-16 17:26:22,969 [RatisPipelineUtilsThread] WARN  pipeline.RatisPipelineUtils (RatisPipelineUtils.java:destroyPipeline(66)) - Pipeline destroy failed for pipeline=PipelineID=73746d72-b06f-4f49-8943-4c49021cb2bc dn=2565157f-9642-4f7c-bd15-58f431c5cf0a{ip: 192.168.151.75, host: pr-hdds-2114-2x2fm-437316914, networkLocation: /default-rack, certSerialId: null}
2019-09-16 17:26:22,969 [RatisPipelineUtilsThread] ERROR pipeline.SCMPipelineManager (Scheduler.java:lambda$schedule$1(70)) - Destroy pipeline failed for pipeline:Pipeline[ Id: 73746d72-b06f-4f49-8943-4c49021cb2bc, Nodes: a5d3a44e-87a4-4ffe-bd57-d4dea2700ae7{ip: 192.168.151.75, host: pr-hdds-2114-2x2fm-437316914, networkLocation: /default-rack, certSerialId: null}08c3c9a3-c92b-48ae-803a-081cb99550ef{ip: 192.168.151.75, host: pr-hdds-2114-2x2fm-437316914, networkLocation: /default-rack, certSerialId: null}2565157f-9642-4f7c-bd15-58f431c5cf0a{ip: 192.168.151.75, host: pr-hdds-2114-2x2fm-437316914, networkLocation: /default-rack, certSerialId: null}, Type:RATIS, Factor:THREE, State:CLOSED]
org.apache.hadoop.hdds.scm.pipeline.PipelineNotFoundException: PipelineID=73746d72-b06f-4f49-8943-4c49021cb2bc not found
	at org.apache.hadoop.hdds.scm.pipeline.PipelineStateMap.getPipeline(PipelineStateMap.java:132)
	at org.apache.hadoop.hdds.scm.pipeline.PipelineStateMap.removePipeline(PipelineStateMap.java:322)
	at org.apache.hadoop.hdds.scm.pipeline.PipelineStateManager.removePipeline(PipelineStateManager.java:107)
	at org.apache.hadoop.hdds.scm.pipeline.SCMPipelineManager.removePipeline(SCMPipelineManager.java:423)
	at org.apache.hadoop.hdds.scm.pipeline.SCMPipelineManager.destroyPipeline(SCMPipelineManager.java:409)
	at org.apache.hadoop.hdds.scm.pipeline.SCMPipelineManager.lambda$finalizeAndDestroyPipeline$0(SCMPipelineManager.java:318)
	at org.apache.hadoop.utils.Scheduler.lambda$schedule$1(Scheduler.java:68)
	at java.util.concurrent.Executors$RunnableAdapter.call(Executors.java:511)
	at java.util.concurrent.FutureTask.run(FutureTask.java:266)
	at java.util.concurrent.ScheduledThreadPoolExecutor$ScheduledFutureTask.access$201(ScheduledThreadPoolExecutor.java:180)
	at java.util.concurrent.ScheduledThreadPoolExecutor$ScheduledFutureTask.run(ScheduledThreadPoolExecutor.java:293)
	at java.util.concurrent.ThreadPoolExecutor.runWorker(ThreadPoolExecutor.java:1149)
	at java.util.concurrent.ThreadPoolExecutor$Worker.run(ThreadPoolExecutor.java:624)
	at java.lang.Thread.run(Thread.java:748)
2019-09-16 17:26:24,211 [a5d3a44e-87a4-4ffe-bd57-d4dea2700ae7@group-42427AE515A8-SegmentedRaftLogWorker] WARN  segmented.SegmentedRaftLogWorker (SegmentedRaftLogWorker.java:getFromFuture(90)) - Timeout 3/~
org.apache.ratis.protocol.TimeoutIOException: Timeout 10s: WriteLog:7: (t:2, i:7), STATEMACHINELOGENTRY, client-67B75F1E9B14, cid=47-writeStateMachineData
	at org.apache.ratis.util.IOUtils.getFromFuture(IOUtils.java:87)
	at org.apache.ratis.server.raftlog.segmented.SegmentedRaftLogWorker$StateMachineDataPolicy.getFromFuture(SegmentedRaftLogWorker.java:87)
	at org.apache.ratis.server.raftlog.segmented.SegmentedRaftLogWorker$WriteLog.execute(SegmentedRaftLogWorker.java:477)
	at org.apache.ratis.server.raftlog.segmented.SegmentedRaftLogWorker.run(SegmentedRaftLogWorker.java:289)
	at java.lang.Thread.run(Thread.java:748)
Caused by: java.util.concurrent.TimeoutException
	at java.util.concurrent.CompletableFuture.timedGet(CompletableFuture.java:1771)
	at java.util.concurrent.CompletableFuture.get(CompletableFuture.java:1915)
	at org.apache.ratis.util.IOUtils.getFromFuture(IOUtils.java:79)
	... 4 more
2019-09-16 17:26:24,330 [2565157f-9642-4f7c-bd15-58f431c5cf0a@group-42427AE515A8-SegmentedRaftLogWorker] WARN  segmented.SegmentedRaftLogWorker (SegmentedRaftLogWorker.java:getFromFuture(90)) - Timeout 3/~
org.apache.ratis.protocol.TimeoutIOException: Timeout 10s: WriteLog:8: (t:2, i:8), STATEMACHINELOGENTRY, client-67B75F1E9B14, cid=48-writeStateMachineData
	at org.apache.ratis.util.IOUtils.getFromFuture(IOUtils.java:87)
	at org.apache.ratis.server.raftlog.segmented.SegmentedRaftLogWorker$StateMachineDataPolicy.getFromFuture(SegmentedRaftLogWorker.java:87)
	at org.apache.ratis.server.raftlog.segmented.SegmentedRaftLogWorker$WriteLog.execute(SegmentedRaftLogWorker.java:477)
	at org.apache.ratis.server.raftlog.segmented.SegmentedRaftLogWorker.run(SegmentedRaftLogWorker.java:289)
	at java.lang.Thread.run(Thread.java:748)
Caused by: java.util.concurrent.TimeoutException
	at java.util.concurrent.CompletableFuture.timedGet(CompletableFuture.java:1771)
	at java.util.concurrent.CompletableFuture.get(CompletableFuture.java:1915)
	at org.apache.ratis.util.IOUtils.getFromFuture(IOUtils.java:79)
	... 4 more
2019-09-16 17:26:24,330 [08c3c9a3-c92b-48ae-803a-081cb99550ef@group-42427AE515A8-SegmentedRaftLogWorker] WARN  segmented.SegmentedRaftLogWorker (SegmentedRaftLogWorker.java:getFromFuture(90)) - Timeout 3/~
org.apache.ratis.protocol.TimeoutIOException: Timeout 10s: WriteLog:10: (t:2, i:10), STATEMACHINELOGENTRY, client-67B75F1E9B14, cid=50-writeStateMachineData
	at org.apache.ratis.util.IOUtils.getFromFuture(IOUtils.java:87)
	at org.apache.ratis.server.raftlog.segmented.SegmentedRaftLogWorker$StateMachineDataPolicy.getFromFuture(SegmentedRaftLogWorker.java:87)
	at org.apache.ratis.server.raftlog.segmented.SegmentedRaftLogWorker$WriteLog.execute(SegmentedRaftLogWorker.java:477)
	at org.apache.ratis.server.raftlog.segmented.SegmentedRaftLogWorker.run(SegmentedRaftLogWorker.java:289)
	at java.lang.Thread.run(Thread.java:748)
Caused by: java.util.concurrent.TimeoutException
	at java.util.concurrent.CompletableFuture.timedGet(CompletableFuture.java:1771)
	at java.util.concurrent.CompletableFuture.get(CompletableFuture.java:1915)
	at org.apache.ratis.util.IOUtils.getFromFuture(IOUtils.java:79)
	... 4 more
2019-09-16 17:26:24,532 [grpc-default-executor-6] INFO  client.GrpcClientProtocolClient (GrpcClientProtocolClient.java:onNext(264)) - client-67B75F1E9B14->08c3c9a3-c92b-48ae-803a-081cb99550ef: receive RaftClientReply:client-67B75F1E9B14->08c3c9a3-c92b-48ae-803a-081cb99550ef@group-42427AE515A8, cid=47, FAILED org.apache.ratis.protocol.NotLeaderException: Server 08c3c9a3-c92b-48ae-803a-081cb99550ef@group-42427AE515A8 is not the leader 2565157f-9642-4f7c-bd15-58f431c5cf0a:192.168.151.75:46619, logIndex=0, commits[08c3c9a3-c92b-48ae-803a-081cb99550ef:c6, 2565157f-9642-4f7c-bd15-58f431c5cf0a:c6, a5d3a44e-87a4-4ffe-bd57-d4dea2700ae7:c4]
2019-09-16 17:26:24,724 [java.util.concurrent.ThreadPoolExecutor$Worker@5a1c6d9[State = -1, empty queue]] WARN  server.GrpcLogAppender (GrpcLogAppender.java:timeoutAppendRequest(200)) - 2565157f-9642-4f7c-bd15-58f431c5cf0a@group-42427AE515A8->08c3c9a3-c92b-48ae-803a-081cb99550ef-GrpcLogAppender: appendEntries Timeout, request=2565157f-9642-4f7c-bd15-58f431c5cf0a->08c3c9a3-c92b-48ae-803a-081cb99550ef#28-t2, previous=(t:2, i:12), leaderCommit=6, initializing? false, entries: <empty>
2019-09-16 17:26:24,724 [java.util.concurrent.ThreadPoolExecutor$Worker@1b6a6326[State = -1, empty queue]] WARN  server.GrpcLogAppender (GrpcLogAppender.java:timeoutAppendRequest(200)) - 2565157f-9642-4f7c-bd15-58f431c5cf0a@group-42427AE515A8->a5d3a44e-87a4-4ffe-bd57-d4dea2700ae7-GrpcLogAppender: appendEntries Timeout, request=2565157f-9642-4f7c-bd15-58f431c5cf0a->a5d3a44e-87a4-4ffe-bd57-d4dea2700ae7#28-t2, previous=(t:2, i:12), leaderCommit=6, initializing? false, entries: <empty>
2019-09-16 17:26:25,962 [grpc-default-executor-5] INFO  impl.RaftServerProxy (RaftServerProxy.java:remove(95)) - a5d3a44e-87a4-4ffe-bd57-d4dea2700ae7: remove group-4C49021CB2BC:null
2019-09-16 17:26:25,967 [RatisPipelineUtilsThread] WARN  pipeline.RatisPipelineUtils (RatisPipelineUtils.java:destroyPipeline(66)) - Pipeline destroy failed for pipeline=PipelineID=73746d72-b06f-4f49-8943-4c49021cb2bc dn=a5d3a44e-87a4-4ffe-bd57-d4dea2700ae7{ip: 192.168.151.75, host: pr-hdds-2114-2x2fm-437316914, networkLocation: /default-rack, certSerialId: null}
2019-09-16 17:26:25,970 [grpc-default-executor-5] INFO  impl.RaftServerProxy (RaftServerProxy.java:remove(95)) - 08c3c9a3-c92b-48ae-803a-081cb99550ef: remove group-4C49021CB2BC:null
2019-09-16 17:26:25,973 [RatisPipelineUtilsThread] WARN  pipeline.RatisPipelineUtils (RatisPipelineUtils.java:destroyPipeline(66)) - Pipeline destroy failed for pipeline=PipelineID=73746d72-b06f-4f49-8943-4c49021cb2bc dn=08c3c9a3-c92b-48ae-803a-081cb99550ef{ip: 192.168.151.75, host: pr-hdds-2114-2x2fm-437316914, networkLocation: /default-rack, certSerialId: null}
2019-09-16 17:26:25,976 [grpc-default-executor-5] INFO  impl.RaftServerProxy (RaftServerProxy.java:remove(95)) - 2565157f-9642-4f7c-bd15-58f431c5cf0a: remove group-4C49021CB2BC:null
2019-09-16 17:26:25,978 [RatisPipelineUtilsThread] WARN  pipeline.RatisPipelineUtils (RatisPipelineUtils.java:destroyPipeline(66)) - Pipeline destroy failed for pipeline=PipelineID=73746d72-b06f-4f49-8943-4c49021cb2bc dn=2565157f-9642-4f7c-bd15-58f431c5cf0a{ip: 192.168.151.75, host: pr-hdds-2114-2x2fm-437316914, networkLocation: /default-rack, certSerialId: null}
2019-09-16 17:26:25,979 [RatisPipelineUtilsThread] ERROR pipeline.SCMPipelineManager (Scheduler.java:lambda$schedule$1(70)) - Destroy pipeline failed for pipeline:Pipeline[ Id: 73746d72-b06f-4f49-8943-4c49021cb2bc, Nodes: a5d3a44e-87a4-4ffe-bd57-d4dea2700ae7{ip: 192.168.151.75, host: pr-hdds-2114-2x2fm-437316914, networkLocation: /default-rack, certSerialId: null}08c3c9a3-c92b-48ae-803a-081cb99550ef{ip: 192.168.151.75, host: pr-hdds-2114-2x2fm-437316914, networkLocation: /default-rack, certSerialId: null}2565157f-9642-4f7c-bd15-58f431c5cf0a{ip: 192.168.151.75, host: pr-hdds-2114-2x2fm-437316914, networkLocation: /default-rack, certSerialId: null}, Type:RATIS, Factor:THREE, State:CLOSED]
org.apache.hadoop.hdds.scm.pipeline.PipelineNotFoundException: PipelineID=73746d72-b06f-4f49-8943-4c49021cb2bc not found
	at org.apache.hadoop.hdds.scm.pipeline.PipelineStateMap.getPipeline(PipelineStateMap.java:132)
	at org.apache.hadoop.hdds.scm.pipeline.PipelineStateMap.removePipeline(PipelineStateMap.java:322)
	at org.apache.hadoop.hdds.scm.pipeline.PipelineStateManager.removePipeline(PipelineStateManager.java:107)
	at org.apache.hadoop.hdds.scm.pipeline.SCMPipelineManager.removePipeline(SCMPipelineManager.java:423)
	at org.apache.hadoop.hdds.scm.pipeline.SCMPipelineManager.destroyPipeline(SCMPipelineManager.java:409)
	at org.apache.hadoop.hdds.scm.pipeline.SCMPipelineManager.lambda$finalizeAndDestroyPipeline$0(SCMPipelineManager.java:318)
	at org.apache.hadoop.utils.Scheduler.lambda$schedule$1(Scheduler.java:68)
	at java.util.concurrent.Executors$RunnableAdapter.call(Executors.java:511)
	at java.util.concurrent.FutureTask.run(FutureTask.java:266)
	at java.util.concurrent.ScheduledThreadPoolExecutor$ScheduledFutureTask.access$201(ScheduledThreadPoolExecutor.java:180)
	at java.util.concurrent.ScheduledThreadPoolExecutor$ScheduledFutureTask.run(ScheduledThreadPoolExecutor.java:293)
	at java.util.concurrent.ThreadPoolExecutor.runWorker(ThreadPoolExecutor.java:1149)
	at java.util.concurrent.ThreadPoolExecutor$Worker.run(ThreadPoolExecutor.java:624)
	at java.lang.Thread.run(Thread.java:748)
2019-09-16 17:26:27,225 [java.util.concurrent.ThreadPoolExecutor$Worker@1b6a6326[State = -1, empty queue]] WARN  server.GrpcLogAppender (GrpcLogAppender.java:timeoutAppendRequest(200)) - 2565157f-9642-4f7c-bd15-58f431c5cf0a@group-42427AE515A8->a5d3a44e-87a4-4ffe-bd57-d4dea2700ae7-GrpcLogAppender: appendEntries Timeout, request=2565157f-9642-4f7c-bd15-58f431c5cf0a->a5d3a44e-87a4-4ffe-bd57-d4dea2700ae7#29-t2, previous=(t:2, i:12), leaderCommit=6, initializing? false, entries: <empty>
2019-09-16 17:26:27,225 [java.util.concurrent.ThreadPoolExecutor$Worker@5a1c6d9[State = -1, empty queue]] WARN  server.GrpcLogAppender (GrpcLogAppender.java:timeoutAppendRequest(200)) - 2565157f-9642-4f7c-bd15-58f431c5cf0a@group-42427AE515A8->08c3c9a3-c92b-48ae-803a-081cb99550ef-GrpcLogAppender: appendEntries Timeout, request=2565157f-9642-4f7c-bd15-58f431c5cf0a->08c3c9a3-c92b-48ae-803a-081cb99550ef#29-t2, previous=(t:2, i:12), leaderCommit=6, initializing? false, entries: <empty>
2019-09-16 17:26:27,964 [grpc-default-executor-5] INFO  impl.RaftServerProxy (RaftServerProxy.java:remove(95)) - a5d3a44e-87a4-4ffe-bd57-d4dea2700ae7: remove group-4C49021CB2BC:null
2019-09-16 17:26:27,969 [RatisPipelineUtilsThread] WARN  pipeline.RatisPipelineUtils (RatisPipelineUtils.java:destroyPipeline(66)) - Pipeline destroy failed for pipeline=PipelineID=73746d72-b06f-4f49-8943-4c49021cb2bc dn=a5d3a44e-87a4-4ffe-bd57-d4dea2700ae7{ip: 192.168.151.75, host: pr-hdds-2114-2x2fm-437316914, networkLocation: /default-rack, certSerialId: null}
2019-09-16 17:26:27,973 [grpc-default-executor-5] INFO  impl.RaftServerProxy (RaftServerProxy.java:remove(95)) - 08c3c9a3-c92b-48ae-803a-081cb99550ef: remove group-4C49021CB2BC:null
2019-09-16 17:26:27,975 [RatisPipelineUtilsThread] WARN  pipeline.RatisPipelineUtils (RatisPipelineUtils.java:destroyPipeline(66)) - Pipeline destroy failed for pipeline=PipelineID=73746d72-b06f-4f49-8943-4c49021cb2bc dn=08c3c9a3-c92b-48ae-803a-081cb99550ef{ip: 192.168.151.75, host: pr-hdds-2114-2x2fm-437316914, networkLocation: /default-rack, certSerialId: null}
2019-09-16 17:26:27,979 [grpc-default-executor-5] INFO  impl.RaftServerProxy (RaftServerProxy.java:remove(95)) - 2565157f-9642-4f7c-bd15-58f431c5cf0a: remove group-4C49021CB2BC:null
2019-09-16 17:26:27,981 [RatisPipelineUtilsThread] WARN  pipeline.RatisPipelineUtils (RatisPipelineUtils.java:destroyPipeline(66)) - Pipeline destroy failed for pipeline=PipelineID=73746d72-b06f-4f49-8943-4c49021cb2bc dn=2565157f-9642-4f7c-bd15-58f431c5cf0a{ip: 192.168.151.75, host: pr-hdds-2114-2x2fm-437316914, networkLocation: /default-rack, certSerialId: null}
2019-09-16 17:26:27,982 [RatisPipelineUtilsThread] ERROR pipeline.SCMPipelineManager (Scheduler.java:lambda$schedule$1(70)) - Destroy pipeline failed for pipeline:Pipeline[ Id: 73746d72-b06f-4f49-8943-4c49021cb2bc, Nodes: a5d3a44e-87a4-4ffe-bd57-d4dea2700ae7{ip: 192.168.151.75, host: pr-hdds-2114-2x2fm-437316914, networkLocation: /default-rack, certSerialId: null}08c3c9a3-c92b-48ae-803a-081cb99550ef{ip: 192.168.151.75, host: pr-hdds-2114-2x2fm-437316914, networkLocation: /default-rack, certSerialId: null}2565157f-9642-4f7c-bd15-58f431c5cf0a{ip: 192.168.151.75, host: pr-hdds-2114-2x2fm-437316914, networkLocation: /default-rack, certSerialId: null}, Type:RATIS, Factor:THREE, State:CLOSED]
org.apache.hadoop.hdds.scm.pipeline.PipelineNotFoundException: PipelineID=73746d72-b06f-4f49-8943-4c49021cb2bc not found
	at org.apache.hadoop.hdds.scm.pipeline.PipelineStateMap.getPipeline(PipelineStateMap.java:132)
	at org.apache.hadoop.hdds.scm.pipeline.PipelineStateMap.removePipeline(PipelineStateMap.java:322)
	at org.apache.hadoop.hdds.scm.pipeline.PipelineStateManager.removePipeline(PipelineStateManager.java:107)
	at org.apache.hadoop.hdds.scm.pipeline.SCMPipelineManager.removePipeline(SCMPipelineManager.java:423)
	at org.apache.hadoop.hdds.scm.pipeline.SCMPipelineManager.destroyPipeline(SCMPipelineManager.java:409)
	at org.apache.hadoop.hdds.scm.pipeline.SCMPipelineManager.lambda$finalizeAndDestroyPipeline$0(SCMPipelineManager.java:318)
	at org.apache.hadoop.utils.Scheduler.lambda$schedule$1(Scheduler.java:68)
	at java.util.concurrent.Executors$RunnableAdapter.call(Executors.java:511)
	at java.util.concurrent.FutureTask.run(FutureTask.java:266)
	at java.util.concurrent.ScheduledThreadPoolExecutor$ScheduledFutureTask.access$201(ScheduledThreadPoolExecutor.java:180)
	at java.util.concurrent.ScheduledThreadPoolExecutor$ScheduledFutureTask.run(ScheduledThreadPoolExecutor.java:293)
	at java.util.concurrent.ThreadPoolExecutor.runWorker(ThreadPoolExecutor.java:1149)
	at java.util.concurrent.ThreadPoolExecutor$Worker.run(ThreadPoolExecutor.java:624)
	at java.lang.Thread.run(Thread.java:748)
2019-09-16 17:26:29,576 [grpc-default-executor-6] INFO  client.GrpcClientProtocolClient (GrpcClientProtocolClient.java:onNext(264)) - client-67B75F1E9B14->a5d3a44e-87a4-4ffe-bd57-d4dea2700ae7: receive RaftClientReply:client-67B75F1E9B14->a5d3a44e-87a4-4ffe-bd57-d4dea2700ae7@group-42427AE515A8, cid=47, FAILED org.apache.ratis.protocol.NotLeaderException: Server a5d3a44e-87a4-4ffe-bd57-d4dea2700ae7@group-42427AE515A8 is not the leader 2565157f-9642-4f7c-bd15-58f431c5cf0a:192.168.151.75:46619, logIndex=0, commits[a5d3a44e-87a4-4ffe-bd57-d4dea2700ae7:c6, 2565157f-9642-4f7c-bd15-58f431c5cf0a:c6, 08c3c9a3-c92b-48ae-803a-081cb99550ef:c4]
2019-09-16 17:26:29,726 [java.util.concurrent.ThreadPoolExecutor$Worker@1b6a6326[State = -1, empty queue]] WARN  server.GrpcLogAppender (GrpcLogAppender.java:timeoutAppendRequest(200)) - 2565157f-9642-4f7c-bd15-58f431c5cf0a@group-42427AE515A8->a5d3a44e-87a4-4ffe-bd57-d4dea2700ae7-GrpcLogAppender: appendEntries Timeout, request=2565157f-9642-4f7c-bd15-58f431c5cf0a->a5d3a44e-87a4-4ffe-bd57-d4dea2700ae7#30-t2, previous=(t:2, i:12), leaderCommit=6, initializing? false, entries: <empty>
2019-09-16 17:26:29,726 [java.util.concurrent.ThreadPoolExecutor$Worker@5a1c6d9[State = -1, empty queue]] WARN  server.GrpcLogAppender (GrpcLogAppender.java:timeoutAppendRequest(200)) - 2565157f-9642-4f7c-bd15-58f431c5cf0a@group-42427AE515A8->08c3c9a3-c92b-48ae-803a-081cb99550ef-GrpcLogAppender: appendEntries Timeout, request=2565157f-9642-4f7c-bd15-58f431c5cf0a->08c3c9a3-c92b-48ae-803a-081cb99550ef#30-t2, previous=(t:2, i:12), leaderCommit=6, initializing? false, entries: <empty>
2019-09-16 17:26:30,960 [grpc-default-executor-6] INFO  impl.RaftServerProxy (RaftServerProxy.java:remove(95)) - a5d3a44e-87a4-4ffe-bd57-d4dea2700ae7: remove group-4C49021CB2BC:null
2019-09-16 17:26:30,965 [RatisPipelineUtilsThread] WARN  pipeline.RatisPipelineUtils (RatisPipelineUtils.java:destroyPipeline(66)) - Pipeline destroy failed for pipeline=PipelineID=73746d72-b06f-4f49-8943-4c49021cb2bc dn=a5d3a44e-87a4-4ffe-bd57-d4dea2700ae7{ip: 192.168.151.75, host: pr-hdds-2114-2x2fm-437316914, networkLocation: /default-rack, certSerialId: null}
2019-09-16 17:26:30,969 [grpc-default-executor-6] INFO  impl.RaftServerProxy (RaftServerProxy.java:remove(95)) - 08c3c9a3-c92b-48ae-803a-081cb99550ef: remove group-4C49021CB2BC:null
2019-09-16 17:26:30,971 [RatisPipelineUtilsThread] WARN  pipeline.RatisPipelineUtils (RatisPipelineUtils.java:destroyPipeline(66)) - Pipeline destroy failed for pipeline=PipelineID=73746d72-b06f-4f49-8943-4c49021cb2bc dn=08c3c9a3-c92b-48ae-803a-081cb99550ef{ip: 192.168.151.75, host: pr-hdds-2114-2x2fm-437316914, networkLocation: /default-rack, certSerialId: null}
2019-09-16 17:26:30,973 [grpc-default-executor-6] INFO  impl.RaftServerProxy (RaftServerProxy.java:remove(95)) - 2565157f-9642-4f7c-bd15-58f431c5cf0a: remove group-4C49021CB2BC:null
2019-09-16 17:26:30,975 [RatisPipelineUtilsThread] WARN  pipeline.RatisPipelineUtils (RatisPipelineUtils.java:destroyPipeline(66)) - Pipeline destroy failed for pipeline=PipelineID=73746d72-b06f-4f49-8943-4c49021cb2bc dn=2565157f-9642-4f7c-bd15-58f431c5cf0a{ip: 192.168.151.75, host: pr-hdds-2114-2x2fm-437316914, networkLocation: /default-rack, certSerialId: null}
2019-09-16 17:26:30,976 [RatisPipelineUtilsThread] ERROR pipeline.SCMPipelineManager (Scheduler.java:lambda$schedule$1(70)) - Destroy pipeline failed for pipeline:Pipeline[ Id: 73746d72-b06f-4f49-8943-4c49021cb2bc, Nodes: a5d3a44e-87a4-4ffe-bd57-d4dea2700ae7{ip: 192.168.151.75, host: pr-hdds-2114-2x2fm-437316914, networkLocation: /default-rack, certSerialId: null}08c3c9a3-c92b-48ae-803a-081cb99550ef{ip: 192.168.151.75, host: pr-hdds-2114-2x2fm-437316914, networkLocation: /default-rack, certSerialId: null}2565157f-9642-4f7c-bd15-58f431c5cf0a{ip: 192.168.151.75, host: pr-hdds-2114-2x2fm-437316914, networkLocation: /default-rack, certSerialId: null}, Type:RATIS, Factor:THREE, State:CLOSED]
org.apache.hadoop.hdds.scm.pipeline.PipelineNotFoundException: PipelineID=73746d72-b06f-4f49-8943-4c49021cb2bc not found
	at org.apache.hadoop.hdds.scm.pipeline.PipelineStateMap.getPipeline(PipelineStateMap.java:132)
	at org.apache.hadoop.hdds.scm.pipeline.PipelineStateMap.removePipeline(PipelineStateMap.java:322)
	at org.apache.hadoop.hdds.scm.pipeline.PipelineStateManager.removePipeline(PipelineStateManager.java:107)
	at org.apache.hadoop.hdds.scm.pipeline.SCMPipelineManager.removePipeline(SCMPipelineManager.java:423)
	at org.apache.hadoop.hdds.scm.pipeline.SCMPipelineManager.destroyPipeline(SCMPipelineManager.java:409)
	at org.apache.hadoop.hdds.scm.pipeline.SCMPipelineManager.lambda$finalizeAndDestroyPipeline$0(SCMPipelineManager.java:318)
	at org.apache.hadoop.utils.Scheduler.lambda$schedule$1(Scheduler.java:68)
	at java.util.concurrent.Executors$RunnableAdapter.call(Executors.java:511)
	at java.util.concurrent.FutureTask.run(FutureTask.java:266)
	at java.util.concurrent.ScheduledThreadPoolExecutor$ScheduledFutureTask.access$201(ScheduledThreadPoolExecutor.java:180)
	at java.util.concurrent.ScheduledThreadPoolExecutor$ScheduledFutureTask.run(ScheduledThreadPoolExecutor.java:293)
	at java.util.concurrent.ThreadPoolExecutor.runWorker(ThreadPoolExecutor.java:1149)
	at java.util.concurrent.ThreadPoolExecutor$Worker.run(ThreadPoolExecutor.java:624)
	at java.lang.Thread.run(Thread.java:748)
2019-09-16 17:26:32,227 [java.util.concurrent.ThreadPoolExecutor$Worker@5a1c6d9[State = -1, empty queue]] WARN  server.GrpcLogAppender (GrpcLogAppender.java:timeoutAppendRequest(200)) - 2565157f-9642-4f7c-bd15-58f431c5cf0a@group-42427AE515A8->08c3c9a3-c92b-48ae-803a-081cb99550ef-GrpcLogAppender: appendEntries Timeout, request=2565157f-9642-4f7c-bd15-58f431c5cf0a->08c3c9a3-c92b-48ae-803a-081cb99550ef#31-t2, previous=(t:2, i:12), leaderCommit=6, initializing? false, entries: <empty>
2019-09-16 17:26:32,227 [java.util.concurrent.ThreadPoolExecutor$Worker@1b6a6326[State = -1, empty queue]] WARN  server.GrpcLogAppender (GrpcLogAppender.java:timeoutAppendRequest(200)) - 2565157f-9642-4f7c-bd15-58f431c5cf0a@group-42427AE515A8->a5d3a44e-87a4-4ffe-bd57-d4dea2700ae7-GrpcLogAppender: appendEntries Timeout, request=2565157f-9642-4f7c-bd15-58f431c5cf0a->a5d3a44e-87a4-4ffe-bd57-d4dea2700ae7#31-t2, previous=(t:2, i:12), leaderCommit=6, initializing? false, entries: <empty>
2019-09-16 17:26:32,961 [grpc-default-executor-5] INFO  impl.RaftServerProxy (RaftServerProxy.java:remove(95)) - a5d3a44e-87a4-4ffe-bd57-d4dea2700ae7: remove group-4C49021CB2BC:null
2019-09-16 17:26:32,965 [RatisPipelineUtilsThread] WARN  pipeline.RatisPipelineUtils (RatisPipelineUtils.java:destroyPipeline(66)) - Pipeline destroy failed for pipeline=PipelineID=73746d72-b06f-4f49-8943-4c49021cb2bc dn=a5d3a44e-87a4-4ffe-bd57-d4dea2700ae7{ip: 192.168.151.75, host: pr-hdds-2114-2x2fm-437316914, networkLocation: /default-rack, certSerialId: null}
2019-09-16 17:26:32,968 [grpc-default-executor-5] INFO  impl.RaftServerProxy (RaftServerProxy.java:remove(95)) - 08c3c9a3-c92b-48ae-803a-081cb99550ef: remove group-4C49021CB2BC:null
2019-09-16 17:26:32,970 [RatisPipelineUtilsThread] WARN  pipeline.RatisPipelineUtils (RatisPipelineUtils.java:destroyPipeline(66)) - Pipeline destroy failed for pipeline=PipelineID=73746d72-b06f-4f49-8943-4c49021cb2bc dn=08c3c9a3-c92b-48ae-803a-081cb99550ef{ip: 192.168.151.75, host: pr-hdds-2114-2x2fm-437316914, networkLocation: /default-rack, certSerialId: null}
2019-09-16 17:26:32,972 [grpc-default-executor-5] INFO  impl.RaftServerProxy (RaftServerProxy.java:remove(95)) - 2565157f-9642-4f7c-bd15-58f431c5cf0a: remove group-4C49021CB2BC:null
2019-09-16 17:26:32,974 [RatisPipelineUtilsThread] WARN  pipeline.RatisPipelineUtils (RatisPipelineUtils.java:destroyPipeline(66)) - Pipeline destroy failed for pipeline=PipelineID=73746d72-b06f-4f49-8943-4c49021cb2bc dn=2565157f-9642-4f7c-bd15-58f431c5cf0a{ip: 192.168.151.75, host: pr-hdds-2114-2x2fm-437316914, networkLocation: /default-rack, certSerialId: null}
2019-09-16 17:26:32,974 [RatisPipelineUtilsThread] ERROR pipeline.SCMPipelineManager (Scheduler.java:lambda$schedule$1(70)) - Destroy pipeline failed for pipeline:Pipeline[ Id: 73746d72-b06f-4f49-8943-4c49021cb2bc, Nodes: a5d3a44e-87a4-4ffe-bd57-d4dea2700ae7{ip: 192.168.151.75, host: pr-hdds-2114-2x2fm-437316914, networkLocation: /default-rack, certSerialId: null}08c3c9a3-c92b-48ae-803a-081cb99550ef{ip: 192.168.151.75, host: pr-hdds-2114-2x2fm-437316914, networkLocation: /default-rack, certSerialId: null}2565157f-9642-4f7c-bd15-58f431c5cf0a{ip: 192.168.151.75, host: pr-hdds-2114-2x2fm-437316914, networkLocation: /default-rack, certSerialId: null}, Type:RATIS, Factor:THREE, State:CLOSED]
org.apache.hadoop.hdds.scm.pipeline.PipelineNotFoundException: PipelineID=73746d72-b06f-4f49-8943-4c49021cb2bc not found
	at org.apache.hadoop.hdds.scm.pipeline.PipelineStateMap.getPipeline(PipelineStateMap.java:132)
	at org.apache.hadoop.hdds.scm.pipeline.PipelineStateMap.removePipeline(PipelineStateMap.java:322)
	at org.apache.hadoop.hdds.scm.pipeline.PipelineStateManager.removePipeline(PipelineStateManager.java:107)
	at org.apache.hadoop.hdds.scm.pipeline.SCMPipelineManager.removePipeline(SCMPipelineManager.java:423)
	at org.apache.hadoop.hdds.scm.pipeline.SCMPipelineManager.destroyPipeline(SCMPipelineManager.java:409)
	at org.apache.hadoop.hdds.scm.pipeline.SCMPipelineManager.lambda$finalizeAndDestroyPipeline$0(SCMPipelineManager.java:318)
	at org.apache.hadoop.utils.Scheduler.lambda$schedule$1(Scheduler.java:68)
	at java.util.concurrent.Executors$RunnableAdapter.call(Executors.java:511)
	at java.util.concurrent.FutureTask.run(FutureTask.java:266)
	at java.util.concurrent.ScheduledThreadPoolExecutor$ScheduledFutureTask.access$201(ScheduledThreadPoolExecutor.java:180)
	at java.util.concurrent.ScheduledThreadPoolExecutor$ScheduledFutureTask.run(ScheduledThreadPoolExecutor.java:293)
	at java.util.concurrent.ThreadPoolExecutor.runWorker(ThreadPoolExecutor.java:1149)
	at java.util.concurrent.ThreadPoolExecutor$Worker.run(ThreadPoolExecutor.java:624)
	at java.lang.Thread.run(Thread.java:748)
2019-09-16 17:26:34,212 [a5d3a44e-87a4-4ffe-bd57-d4dea2700ae7@group-42427AE515A8-SegmentedRaftLogWorker] WARN  segmented.SegmentedRaftLogWorker (SegmentedRaftLogWorker.java:getFromFuture(90)) - Timeout 4/~
org.apache.ratis.protocol.TimeoutIOException: Timeout 10s: WriteLog:7: (t:2, i:7), STATEMACHINELOGENTRY, client-67B75F1E9B14, cid=47-writeStateMachineData
	at org.apache.ratis.util.IOUtils.getFromFuture(IOUtils.java:87)
	at org.apache.ratis.server.raftlog.segmented.SegmentedRaftLogWorker$StateMachineDataPolicy.getFromFuture(SegmentedRaftLogWorker.java:87)
	at org.apache.ratis.server.raftlog.segmented.SegmentedRaftLogWorker$WriteLog.execute(SegmentedRaftLogWorker.java:477)
	at org.apache.ratis.server.raftlog.segmented.SegmentedRaftLogWorker.run(SegmentedRaftLogWorker.java:289)
	at java.lang.Thread.run(Thread.java:748)
Caused by: java.util.concurrent.TimeoutException
	at java.util.concurrent.CompletableFuture.timedGet(CompletableFuture.java:1771)
	at java.util.concurrent.CompletableFuture.get(CompletableFuture.java:1915)
	at org.apache.ratis.util.IOUtils.getFromFuture(IOUtils.java:79)
	... 4 more
2019-09-16 17:26:34,331 [2565157f-9642-4f7c-bd15-58f431c5cf0a@group-42427AE515A8-SegmentedRaftLogWorker] WARN  segmented.SegmentedRaftLogWorker (SegmentedRaftLogWorker.java:getFromFuture(90)) - Timeout 4/~
org.apache.ratis.protocol.TimeoutIOException: Timeout 10s: WriteLog:8: (t:2, i:8), STATEMACHINELOGENTRY, client-67B75F1E9B14, cid=48-writeStateMachineData
	at org.apache.ratis.util.IOUtils.getFromFuture(IOUtils.java:87)
	at org.apache.ratis.server.raftlog.segmented.SegmentedRaftLogWorker$StateMachineDataPolicy.getFromFuture(SegmentedRaftLogWorker.java:87)
	at org.apache.ratis.server.raftlog.segmented.SegmentedRaftLogWorker$WriteLog.execute(SegmentedRaftLogWorker.java:477)
	at org.apache.ratis.server.raftlog.segmented.SegmentedRaftLogWorker.run(SegmentedRaftLogWorker.java:289)
	at java.lang.Thread.run(Thread.java:748)
Caused by: java.util.concurrent.TimeoutException
	at java.util.concurrent.CompletableFuture.timedGet(CompletableFuture.java:1771)
	at java.util.concurrent.CompletableFuture.get(CompletableFuture.java:1915)
	at org.apache.ratis.util.IOUtils.getFromFuture(IOUtils.java:79)
	... 4 more
2019-09-16 17:26:34,331 [08c3c9a3-c92b-48ae-803a-081cb99550ef@group-42427AE515A8-SegmentedRaftLogWorker] WARN  segmented.SegmentedRaftLogWorker (SegmentedRaftLogWorker.java:getFromFuture(90)) - Timeout 4/~
org.apache.ratis.protocol.TimeoutIOException: Timeout 10s: WriteLog:10: (t:2, i:10), STATEMACHINELOGENTRY, client-67B75F1E9B14, cid=50-writeStateMachineData
	at org.apache.ratis.util.IOUtils.getFromFuture(IOUtils.java:87)
	at org.apache.ratis.server.raftlog.segmented.SegmentedRaftLogWorker$StateMachineDataPolicy.getFromFuture(SegmentedRaftLogWorker.java:87)
	at org.apache.ratis.server.raftlog.segmented.SegmentedRaftLogWorker$WriteLog.execute(SegmentedRaftLogWorker.java:477)
	at org.apache.ratis.server.raftlog.segmented.SegmentedRaftLogWorker.run(SegmentedRaftLogWorker.java:289)
	at java.lang.Thread.run(Thread.java:748)
Caused by: java.util.concurrent.TimeoutException
	at java.util.concurrent.CompletableFuture.timedGet(CompletableFuture.java:1771)
	at java.util.concurrent.CompletableFuture.get(CompletableFuture.java:1915)
	at org.apache.ratis.util.IOUtils.getFromFuture(IOUtils.java:79)
	... 4 more
2019-09-16 17:26:34,614 [grpc-default-executor-5] INFO  client.GrpcClientProtocolClient (GrpcClientProtocolClient.java:onNext(264)) - client-67B75F1E9B14->08c3c9a3-c92b-48ae-803a-081cb99550ef: receive RaftClientReply:client-67B75F1E9B14->08c3c9a3-c92b-48ae-803a-081cb99550ef@group-42427AE515A8, cid=47, FAILED org.apache.ratis.protocol.NotLeaderException: Server 08c3c9a3-c92b-48ae-803a-081cb99550ef@group-42427AE515A8 is not the leader 2565157f-9642-4f7c-bd15-58f431c5cf0a:192.168.151.75:46619, logIndex=0, commits[08c3c9a3-c92b-48ae-803a-081cb99550ef:c6, 2565157f-9642-4f7c-bd15-58f431c5cf0a:c6, a5d3a44e-87a4-4ffe-bd57-d4dea2700ae7:c4]
2019-09-16 17:26:34,728 [java.util.concurrent.ThreadPoolExecutor$Worker@1b6a6326[State = -1, empty queue]] WARN  server.GrpcLogAppender (GrpcLogAppender.java:timeoutAppendRequest(200)) - 2565157f-9642-4f7c-bd15-58f431c5cf0a@group-42427AE515A8->a5d3a44e-87a4-4ffe-bd57-d4dea2700ae7-GrpcLogAppender: appendEntries Timeout, request=2565157f-9642-4f7c-bd15-58f431c5cf0a->a5d3a44e-87a4-4ffe-bd57-d4dea2700ae7#32-t2, previous=(t:2, i:12), leaderCommit=6, initializing? false, entries: <empty>
2019-09-16 17:26:34,728 [java.util.concurrent.ThreadPoolExecutor$Worker@5a1c6d9[State = -1, empty queue]] WARN  server.GrpcLogAppender (GrpcLogAppender.java:timeoutAppendRequest(200)) - 2565157f-9642-4f7c-bd15-58f431c5cf0a@group-42427AE515A8->08c3c9a3-c92b-48ae-803a-081cb99550ef-GrpcLogAppender: appendEntries Timeout, request=2565157f-9642-4f7c-bd15-58f431c5cf0a->08c3c9a3-c92b-48ae-803a-081cb99550ef#32-t2, previous=(t:2, i:12), leaderCommit=6, initializing? false, entries: <empty>
2019-09-16 17:26:35,958 [grpc-default-executor-6] INFO  impl.RaftServerProxy (RaftServerProxy.java:remove(95)) - a5d3a44e-87a4-4ffe-bd57-d4dea2700ae7: remove group-4C49021CB2BC:null
2019-09-16 17:26:35,961 [RatisPipelineUtilsThread] WARN  pipeline.RatisPipelineUtils (RatisPipelineUtils.java:destroyPipeline(66)) - Pipeline destroy failed for pipeline=PipelineID=73746d72-b06f-4f49-8943-4c49021cb2bc dn=a5d3a44e-87a4-4ffe-bd57-d4dea2700ae7{ip: 192.168.151.75, host: pr-hdds-2114-2x2fm-437316914, networkLocation: /default-rack, certSerialId: null}
2019-09-16 17:26:35,964 [grpc-default-executor-6] INFO  impl.RaftServerProxy (RaftServerProxy.java:remove(95)) - 08c3c9a3-c92b-48ae-803a-081cb99550ef: remove group-4C49021CB2BC:null
2019-09-16 17:26:35,967 [RatisPipelineUtilsThread] WARN  pipeline.RatisPipelineUtils (RatisPipelineUtils.java:destroyPipeline(66)) - Pipeline destroy failed for pipeline=PipelineID=73746d72-b06f-4f49-8943-4c49021cb2bc dn=08c3c9a3-c92b-48ae-803a-081cb99550ef{ip: 192.168.151.75, host: pr-hdds-2114-2x2fm-437316914, networkLocation: /default-rack, certSerialId: null}
2019-09-16 17:26:35,970 [grpc-default-executor-6] INFO  impl.RaftServerProxy (RaftServerProxy.java:remove(95)) - 2565157f-9642-4f7c-bd15-58f431c5cf0a: remove group-4C49021CB2BC:null
2019-09-16 17:26:35,972 [RatisPipelineUtilsThread] WARN  pipeline.RatisPipelineUtils (RatisPipelineUtils.java:destroyPipeline(66)) - Pipeline destroy failed for pipeline=PipelineID=73746d72-b06f-4f49-8943-4c49021cb2bc dn=2565157f-9642-4f7c-bd15-58f431c5cf0a{ip: 192.168.151.75, host: pr-hdds-2114-2x2fm-437316914, networkLocation: /default-rack, certSerialId: null}
2019-09-16 17:26:35,973 [RatisPipelineUtilsThread] ERROR pipeline.SCMPipelineManager (Scheduler.java:lambda$schedule$1(70)) - Destroy pipeline failed for pipeline:Pipeline[ Id: 73746d72-b06f-4f49-8943-4c49021cb2bc, Nodes: a5d3a44e-87a4-4ffe-bd57-d4dea2700ae7{ip: 192.168.151.75, host: pr-hdds-2114-2x2fm-437316914, networkLocation: /default-rack, certSerialId: null}08c3c9a3-c92b-48ae-803a-081cb99550ef{ip: 192.168.151.75, host: pr-hdds-2114-2x2fm-437316914, networkLocation: /default-rack, certSerialId: null}2565157f-9642-4f7c-bd15-58f431c5cf0a{ip: 192.168.151.75, host: pr-hdds-2114-2x2fm-437316914, networkLocation: /default-rack, certSerialId: null}, Type:RATIS, Factor:THREE, State:CLOSED]
org.apache.hadoop.hdds.scm.pipeline.PipelineNotFoundException: PipelineID=73746d72-b06f-4f49-8943-4c49021cb2bc not found
	at org.apache.hadoop.hdds.scm.pipeline.PipelineStateMap.getPipeline(PipelineStateMap.java:132)
	at org.apache.hadoop.hdds.scm.pipeline.PipelineStateMap.removePipeline(PipelineStateMap.java:322)
	at org.apache.hadoop.hdds.scm.pipeline.PipelineStateManager.removePipeline(PipelineStateManager.java:107)
	at org.apache.hadoop.hdds.scm.pipeline.SCMPipelineManager.removePipeline(SCMPipelineManager.java:423)
	at org.apache.hadoop.hdds.scm.pipeline.SCMPipelineManager.destroyPipeline(SCMPipelineManager.java:409)
	at org.apache.hadoop.hdds.scm.pipeline.SCMPipelineManager.lambda$finalizeAndDestroyPipeline$0(SCMPipelineManager.java:318)
	at org.apache.hadoop.utils.Scheduler.lambda$schedule$1(Scheduler.java:68)
	at java.util.concurrent.Executors$RunnableAdapter.call(Executors.java:511)
	at java.util.concurrent.FutureTask.run(FutureTask.java:266)
	at java.util.concurrent.ScheduledThreadPoolExecutor$ScheduledFutureTask.access$201(ScheduledThreadPoolExecutor.java:180)
	at java.util.concurrent.ScheduledThreadPoolExecutor$ScheduledFutureTask.run(ScheduledThreadPoolExecutor.java:293)
	at java.util.concurrent.ThreadPoolExecutor.runWorker(ThreadPoolExecutor.java:1149)
	at java.util.concurrent.ThreadPoolExecutor$Worker.run(ThreadPoolExecutor.java:624)
	at java.lang.Thread.run(Thread.java:748)
2019-09-16 17:26:37,228 [java.util.concurrent.ThreadPoolExecutor$Worker@1b6a6326[State = -1, empty queue]] WARN  server.GrpcLogAppender (GrpcLogAppender.java:timeoutAppendRequest(200)) - 2565157f-9642-4f7c-bd15-58f431c5cf0a@group-42427AE515A8->a5d3a44e-87a4-4ffe-bd57-d4dea2700ae7-GrpcLogAppender: appendEntries Timeout, request=2565157f-9642-4f7c-bd15-58f431c5cf0a->a5d3a44e-87a4-4ffe-bd57-d4dea2700ae7#33-t2, previous=(t:2, i:12), leaderCommit=6, initializing? false, entries: <empty>
2019-09-16 17:26:37,228 [java.util.concurrent.ThreadPoolExecutor$Worker@5a1c6d9[State = -1, empty queue]] WARN  server.GrpcLogAppender (GrpcLogAppender.java:timeoutAppendRequest(200)) - 2565157f-9642-4f7c-bd15-58f431c5cf0a@group-42427AE515A8->08c3c9a3-c92b-48ae-803a-081cb99550ef-GrpcLogAppender: appendEntries Timeout, request=2565157f-9642-4f7c-bd15-58f431c5cf0a->08c3c9a3-c92b-48ae-803a-081cb99550ef#33-t2, previous=(t:2, i:12), leaderCommit=6, initializing? false, entries: <empty>
2019-09-16 17:26:37,959 [grpc-default-executor-5] INFO  impl.RaftServerProxy (RaftServerProxy.java:remove(95)) - a5d3a44e-87a4-4ffe-bd57-d4dea2700ae7: remove group-4C49021CB2BC:null
2019-09-16 17:26:37,964 [RatisPipelineUtilsThread] WARN  pipeline.RatisPipelineUtils (RatisPipelineUtils.java:destroyPipeline(66)) - Pipeline destroy failed for pipeline=PipelineID=73746d72-b06f-4f49-8943-4c49021cb2bc dn=a5d3a44e-87a4-4ffe-bd57-d4dea2700ae7{ip: 192.168.151.75, host: pr-hdds-2114-2x2fm-437316914, networkLocation: /default-rack, certSerialId: null}
2019-09-16 17:26:37,967 [grpc-default-executor-5] INFO  impl.RaftServerProxy (RaftServerProxy.java:remove(95)) - 08c3c9a3-c92b-48ae-803a-081cb99550ef: remove group-4C49021CB2BC:null
2019-09-16 17:26:37,970 [RatisPipelineUtilsThread] WARN  pipeline.RatisPipelineUtils (RatisPipelineUtils.java:destroyPipeline(66)) - Pipeline destroy failed for pipeline=PipelineID=73746d72-b06f-4f49-8943-4c49021cb2bc dn=08c3c9a3-c92b-48ae-803a-081cb99550ef{ip: 192.168.151.75, host: pr-hdds-2114-2x2fm-437316914, networkLocation: /default-rack, certSerialId: null}
2019-09-16 17:26:37,974 [grpc-default-executor-5] INFO  impl.RaftServerProxy (RaftServerProxy.java:remove(95)) - 2565157f-9642-4f7c-bd15-58f431c5cf0a: remove group-4C49021CB2BC:null
2019-09-16 17:26:37,976 [RatisPipelineUtilsThread] WARN  pipeline.RatisPipelineUtils (RatisPipelineUtils.java:destroyPipeline(66)) - Pipeline destroy failed for pipeline=PipelineID=73746d72-b06f-4f49-8943-4c49021cb2bc dn=2565157f-9642-4f7c-bd15-58f431c5cf0a{ip: 192.168.151.75, host: pr-hdds-2114-2x2fm-437316914, networkLocation: /default-rack, certSerialId: null}
2019-09-16 17:26:37,977 [RatisPipelineUtilsThread] ERROR pipeline.SCMPipelineManager (Scheduler.java:lambda$schedule$1(70)) - Destroy pipeline failed for pipeline:Pipeline[ Id: 73746d72-b06f-4f49-8943-4c49021cb2bc, Nodes: a5d3a44e-87a4-4ffe-bd57-d4dea2700ae7{ip: 192.168.151.75, host: pr-hdds-2114-2x2fm-437316914, networkLocation: /default-rack, certSerialId: null}08c3c9a3-c92b-48ae-803a-081cb99550ef{ip: 192.168.151.75, host: pr-hdds-2114-2x2fm-437316914, networkLocation: /default-rack, certSerialId: null}2565157f-9642-4f7c-bd15-58f431c5cf0a{ip: 192.168.151.75, host: pr-hdds-2114-2x2fm-437316914, networkLocation: /default-rack, certSerialId: null}, Type:RATIS, Factor:THREE, State:CLOSED]
org.apache.hadoop.hdds.scm.pipeline.PipelineNotFoundException: PipelineID=73746d72-b06f-4f49-8943-4c49021cb2bc not found
	at org.apache.hadoop.hdds.scm.pipeline.PipelineStateMap.getPipeline(PipelineStateMap.java:132)
	at org.apache.hadoop.hdds.scm.pipeline.PipelineStateMap.removePipeline(PipelineStateMap.java:322)
	at org.apache.hadoop.hdds.scm.pipeline.PipelineStateManager.removePipeline(PipelineStateManager.java:107)
	at org.apache.hadoop.hdds.scm.pipeline.SCMPipelineManager.removePipeline(SCMPipelineManager.java:423)
	at org.apache.hadoop.hdds.scm.pipeline.SCMPipelineManager.destroyPipeline(SCMPipelineManager.java:409)
	at org.apache.hadoop.hdds.scm.pipeline.SCMPipelineManager.lambda$finalizeAndDestroyPipeline$0(SCMPipelineManager.java:318)
	at org.apache.hadoop.utils.Scheduler.lambda$schedule$1(Scheduler.java:68)
	at java.util.concurrent.Executors$RunnableAdapter.call(Executors.java:511)
	at java.util.concurrent.FutureTask.run(FutureTask.java:266)
	at java.util.concurrent.ScheduledThreadPoolExecutor$ScheduledFutureTask.access$201(ScheduledThreadPoolExecutor.java:180)
	at java.util.concurrent.ScheduledThreadPoolExecutor$ScheduledFutureTask.run(ScheduledThreadPoolExecutor.java:293)
	at java.util.concurrent.ThreadPoolExecutor.runWorker(ThreadPoolExecutor.java:1149)
	at java.util.concurrent.ThreadPoolExecutor$Worker.run(ThreadPoolExecutor.java:624)
	at java.lang.Thread.run(Thread.java:748)
2019-09-16 17:26:39,032 [grpc-default-executor-5] INFO  impl.RaftServerProxy (RaftServerProxy.java:remove(95)) - a5d3a44e-87a4-4ffe-bd57-d4dea2700ae7: remove group-4C49021CB2BC:null
2019-09-16 17:26:39,036 [RatisPipelineUtilsThread] WARN  pipeline.RatisPipelineUtils (RatisPipelineUtils.java:destroyPipeline(66)) - Pipeline destroy failed for pipeline=PipelineID=73746d72-b06f-4f49-8943-4c49021cb2bc dn=a5d3a44e-87a4-4ffe-bd57-d4dea2700ae7{ip: 192.168.151.75, host: pr-hdds-2114-2x2fm-437316914, networkLocation: /default-rack, certSerialId: null}
2019-09-16 17:26:39,040 [grpc-default-executor-5] INFO  impl.RaftServerProxy (RaftServerProxy.java:remove(95)) - 08c3c9a3-c92b-48ae-803a-081cb99550ef: remove group-4C49021CB2BC:null
2019-09-16 17:26:39,043 [RatisPipelineUtilsThread] WARN  pipeline.RatisPipelineUtils (RatisPipelineUtils.java:destroyPipeline(66)) - Pipeline destroy failed for pipeline=PipelineID=73746d72-b06f-4f49-8943-4c49021cb2bc dn=08c3c9a3-c92b-48ae-803a-081cb99550ef{ip: 192.168.151.75, host: pr-hdds-2114-2x2fm-437316914, networkLocation: /default-rack, certSerialId: null}
2019-09-16 17:26:39,046 [grpc-default-executor-5] INFO  impl.RaftServerProxy (RaftServerProxy.java:remove(95)) - 2565157f-9642-4f7c-bd15-58f431c5cf0a: remove group-4C49021CB2BC:null
2019-09-16 17:26:39,048 [RatisPipelineUtilsThread] WARN  pipeline.RatisPipelineUtils (RatisPipelineUtils.java:destroyPipeline(66)) - Pipeline destroy failed for pipeline=PipelineID=73746d72-b06f-4f49-8943-4c49021cb2bc dn=2565157f-9642-4f7c-bd15-58f431c5cf0a{ip: 192.168.151.75, host: pr-hdds-2114-2x2fm-437316914, networkLocation: /default-rack, certSerialId: null}
2019-09-16 17:26:39,049 [RatisPipelineUtilsThread] ERROR pipeline.SCMPipelineManager (Scheduler.java:lambda$schedule$1(70)) - Destroy pipeline failed for pipeline:Pipeline[ Id: 73746d72-b06f-4f49-8943-4c49021cb2bc, Nodes: a5d3a44e-87a4-4ffe-bd57-d4dea2700ae7{ip: 192.168.151.75, host: pr-hdds-2114-2x2fm-437316914, networkLocation: /default-rack, certSerialId: null}08c3c9a3-c92b-48ae-803a-081cb99550ef{ip: 192.168.151.75, host: pr-hdds-2114-2x2fm-437316914, networkLocation: /default-rack, certSerialId: null}2565157f-9642-4f7c-bd15-58f431c5cf0a{ip: 192.168.151.75, host: pr-hdds-2114-2x2fm-437316914, networkLocation: /default-rack, certSerialId: null}, Type:RATIS, Factor:THREE, State:CLOSED]
org.apache.hadoop.hdds.scm.pipeline.PipelineNotFoundException: PipelineID=73746d72-b06f-4f49-8943-4c49021cb2bc not found
	at org.apache.hadoop.hdds.scm.pipeline.PipelineStateMap.getPipeline(PipelineStateMap.java:132)
	at org.apache.hadoop.hdds.scm.pipeline.PipelineStateMap.removePipeline(PipelineStateMap.java:322)
	at org.apache.hadoop.hdds.scm.pipeline.PipelineStateManager.removePipeline(PipelineStateManager.java:107)
	at org.apache.hadoop.hdds.scm.pipeline.SCMPipelineManager.removePipeline(SCMPipelineManager.java:423)
	at org.apache.hadoop.hdds.scm.pipeline.SCMPipelineManager.destroyPipeline(SCMPipelineManager.java:409)
	at org.apache.hadoop.hdds.scm.pipeline.SCMPipelineManager.lambda$finalizeAndDestroyPipeline$0(SCMPipelineManager.java:318)
	at org.apache.hadoop.utils.Scheduler.lambda$schedule$1(Scheduler.java:68)
	at java.util.concurrent.Executors$RunnableAdapter.call(Executors.java:511)
	at java.util.concurrent.FutureTask.run(FutureTask.java:266)
	at java.util.concurrent.ScheduledThreadPoolExecutor$ScheduledFutureTask.access$201(ScheduledThreadPoolExecutor.java:180)
	at java.util.concurrent.ScheduledThreadPoolExecutor$ScheduledFutureTask.run(ScheduledThreadPoolExecutor.java:293)
	at java.util.concurrent.ThreadPoolExecutor.runWorker(ThreadPoolExecutor.java:1149)
	at java.util.concurrent.ThreadPoolExecutor$Worker.run(ThreadPoolExecutor.java:624)
	at java.lang.Thread.run(Thread.java:748)
2019-09-16 17:26:39,154 [grpc-default-executor-5] INFO  impl.RaftServerProxy (RaftServerProxy.java:remove(95)) - a5d3a44e-87a4-4ffe-bd57-d4dea2700ae7: remove group-4C49021CB2BC:null
2019-09-16 17:26:39,157 [RatisPipelineUtilsThread] WARN  pipeline.RatisPipelineUtils (RatisPipelineUtils.java:destroyPipeline(66)) - Pipeline destroy failed for pipeline=PipelineID=73746d72-b06f-4f49-8943-4c49021cb2bc dn=a5d3a44e-87a4-4ffe-bd57-d4dea2700ae7{ip: 192.168.151.75, host: pr-hdds-2114-2x2fm-437316914, networkLocation: /default-rack, certSerialId: null}
2019-09-16 17:26:39,161 [grpc-default-executor-5] INFO  impl.RaftServerProxy (RaftServerProxy.java:remove(95)) - 08c3c9a3-c92b-48ae-803a-081cb99550ef: remove group-4C49021CB2BC:null
2019-09-16 17:26:39,164 [RatisPipelineUtilsThread] WARN  pipeline.RatisPipelineUtils (RatisPipelineUtils.java:destroyPipeline(66)) - Pipeline destroy failed for pipeline=PipelineID=73746d72-b06f-4f49-8943-4c49021cb2bc dn=08c3c9a3-c92b-48ae-803a-081cb99550ef{ip: 192.168.151.75, host: pr-hdds-2114-2x2fm-437316914, networkLocation: /default-rack, certSerialId: null}
2019-09-16 17:26:39,167 [grpc-default-executor-5] INFO  impl.RaftServerProxy (RaftServerProxy.java:remove(95)) - 2565157f-9642-4f7c-bd15-58f431c5cf0a: remove group-4C49021CB2BC:null
2019-09-16 17:26:39,170 [RatisPipelineUtilsThread] WARN  pipeline.RatisPipelineUtils (RatisPipelineUtils.java:destroyPipeline(66)) - Pipeline destroy failed for pipeline=PipelineID=73746d72-b06f-4f49-8943-4c49021cb2bc dn=2565157f-9642-4f7c-bd15-58f431c5cf0a{ip: 192.168.151.75, host: pr-hdds-2114-2x2fm-437316914, networkLocation: /default-rack, certSerialId: null}
2019-09-16 17:26:39,170 [RatisPipelineUtilsThread] ERROR pipeline.SCMPipelineManager (Scheduler.java:lambda$schedule$1(70)) - Destroy pipeline failed for pipeline:Pipeline[ Id: 73746d72-b06f-4f49-8943-4c49021cb2bc, Nodes: a5d3a44e-87a4-4ffe-bd57-d4dea2700ae7{ip: 192.168.151.75, host: pr-hdds-2114-2x2fm-437316914, networkLocation: /default-rack, certSerialId: null}08c3c9a3-c92b-48ae-803a-081cb99550ef{ip: 192.168.151.75, host: pr-hdds-2114-2x2fm-437316914, networkLocation: /default-rack, certSerialId: null}2565157f-9642-4f7c-bd15-58f431c5cf0a{ip: 192.168.151.75, host: pr-hdds-2114-2x2fm-437316914, networkLocation: /default-rack, certSerialId: null}, Type:RATIS, Factor:THREE, State:CLOSED]
org.apache.hadoop.hdds.scm.pipeline.PipelineNotFoundException: PipelineID=73746d72-b06f-4f49-8943-4c49021cb2bc not found
	at org.apache.hadoop.hdds.scm.pipeline.PipelineStateMap.getPipeline(PipelineStateMap.java:132)
	at org.apache.hadoop.hdds.scm.pipeline.PipelineStateMap.removePipeline(PipelineStateMap.java:322)
	at org.apache.hadoop.hdds.scm.pipeline.PipelineStateManager.removePipeline(PipelineStateManager.java:107)
	at org.apache.hadoop.hdds.scm.pipeline.SCMPipelineManager.removePipeline(SCMPipelineManager.java:423)
	at org.apache.hadoop.hdds.scm.pipeline.SCMPipelineManager.destroyPipeline(SCMPipelineManager.java:409)
	at org.apache.hadoop.hdds.scm.pipeline.SCMPipelineManager.lambda$finalizeAndDestroyPipeline$0(SCMPipelineManager.java:318)
	at org.apache.hadoop.utils.Scheduler.lambda$schedule$1(Scheduler.java:68)
	at java.util.concurrent.Executors$RunnableAdapter.call(Executors.java:511)
	at java.util.concurrent.FutureTask.run(FutureTask.java:266)
	at java.util.concurrent.ScheduledThreadPoolExecutor$ScheduledFutureTask.access$201(ScheduledThreadPoolExecutor.java:180)
	at java.util.concurrent.ScheduledThreadPoolExecutor$ScheduledFutureTask.run(ScheduledThreadPoolExecutor.java:293)
	at java.util.concurrent.ThreadPoolExecutor.runWorker(ThreadPoolExecutor.java:1149)
	at java.util.concurrent.ThreadPoolExecutor$Worker.run(ThreadPoolExecutor.java:624)
	at java.lang.Thread.run(Thread.java:748)
2019-09-16 17:26:39,243 [grpc-default-executor-6] INFO  impl.RaftServerProxy (RaftServerProxy.java:remove(95)) - a5d3a44e-87a4-4ffe-bd57-d4dea2700ae7: remove group-4C49021CB2BC:null
2019-09-16 17:26:39,246 [RatisPipelineUtilsThread] WARN  pipeline.RatisPipelineUtils (RatisPipelineUtils.java:destroyPipeline(66)) - Pipeline destroy failed for pipeline=PipelineID=73746d72-b06f-4f49-8943-4c49021cb2bc dn=a5d3a44e-87a4-4ffe-bd57-d4dea2700ae7{ip: 192.168.151.75, host: pr-hdds-2114-2x2fm-437316914, networkLocation: /default-rack, certSerialId: null}
2019-09-16 17:26:39,249 [grpc-default-executor-6] INFO  impl.RaftServerProxy (RaftServerProxy.java:remove(95)) - 08c3c9a3-c92b-48ae-803a-081cb99550ef: remove group-4C49021CB2BC:null
2019-09-16 17:26:39,252 [RatisPipelineUtilsThread] WARN  pipeline.RatisPipelineUtils (RatisPipelineUtils.java:destroyPipeline(66)) - Pipeline destroy failed for pipeline=PipelineID=73746d72-b06f-4f49-8943-4c49021cb2bc dn=08c3c9a3-c92b-48ae-803a-081cb99550ef{ip: 192.168.151.75, host: pr-hdds-2114-2x2fm-437316914, networkLocation: /default-rack, certSerialId: null}
2019-09-16 17:26:39,255 [grpc-default-executor-6] INFO  impl.RaftServerProxy (RaftServerProxy.java:remove(95)) - 2565157f-9642-4f7c-bd15-58f431c5cf0a: remove group-4C49021CB2BC:null
2019-09-16 17:26:39,257 [RatisPipelineUtilsThread] WARN  pipeline.RatisPipelineUtils (RatisPipelineUtils.java:destroyPipeline(66)) - Pipeline destroy failed for pipeline=PipelineID=73746d72-b06f-4f49-8943-4c49021cb2bc dn=2565157f-9642-4f7c-bd15-58f431c5cf0a{ip: 192.168.151.75, host: pr-hdds-2114-2x2fm-437316914, networkLocation: /default-rack, certSerialId: null}
2019-09-16 17:26:39,257 [RatisPipelineUtilsThread] ERROR pipeline.SCMPipelineManager (Scheduler.java:lambda$schedule$1(70)) - Destroy pipeline failed for pipeline:Pipeline[ Id: 73746d72-b06f-4f49-8943-4c49021cb2bc, Nodes: a5d3a44e-87a4-4ffe-bd57-d4dea2700ae7{ip: 192.168.151.75, host: pr-hdds-2114-2x2fm-437316914, networkLocation: /default-rack, certSerialId: null}08c3c9a3-c92b-48ae-803a-081cb99550ef{ip: 192.168.151.75, host: pr-hdds-2114-2x2fm-437316914, networkLocation: /default-rack, certSerialId: null}2565157f-9642-4f7c-bd15-58f431c5cf0a{ip: 192.168.151.75, host: pr-hdds-2114-2x2fm-437316914, networkLocation: /default-rack, certSerialId: null}, Type:RATIS, Factor:THREE, State:CLOSED]
org.apache.hadoop.hdds.scm.pipeline.PipelineNotFoundException: PipelineID=73746d72-b06f-4f49-8943-4c49021cb2bc not found
	at org.apache.hadoop.hdds.scm.pipeline.PipelineStateMap.getPipeline(PipelineStateMap.java:132)
	at org.apache.hadoop.hdds.scm.pipeline.PipelineStateMap.removePipeline(PipelineStateMap.java:322)
	at org.apache.hadoop.hdds.scm.pipeline.PipelineStateManager.removePipeline(PipelineStateManager.java:107)
	at org.apache.hadoop.hdds.scm.pipeline.SCMPipelineManager.removePipeline(SCMPipelineManager.java:423)
	at org.apache.hadoop.hdds.scm.pipeline.SCMPipelineManager.destroyPipeline(SCMPipelineManager.java:409)
	at org.apache.hadoop.hdds.scm.pipeline.SCMPipelineManager.lambda$finalizeAndDestroyPipeline$0(SCMPipelineManager.java:318)
	at org.apache.hadoop.utils.Scheduler.lambda$schedule$1(Scheduler.java:68)
	at java.util.concurrent.Executors$RunnableAdapter.call(Executors.java:511)
	at java.util.concurrent.FutureTask.run(FutureTask.java:266)
	at java.util.concurrent.ScheduledThreadPoolExecutor$ScheduledFutureTask.access$201(ScheduledThreadPoolExecutor.java:180)
	at java.util.concurrent.ScheduledThreadPoolExecutor$ScheduledFutureTask.run(ScheduledThreadPoolExecutor.java:293)
	at java.util.concurrent.ThreadPoolExecutor.runWorker(ThreadPoolExecutor.java:1149)
	at java.util.concurrent.ThreadPoolExecutor$Worker.run(ThreadPoolExecutor.java:624)
	at java.lang.Thread.run(Thread.java:748)
2019-09-16 17:26:39,658 [grpc-default-executor-6] INFO  client.GrpcClientProtocolClient (GrpcClientProtocolClient.java:onNext(264)) - client-67B75F1E9B14->a5d3a44e-87a4-4ffe-bd57-d4dea2700ae7: receive RaftClientReply:client-67B75F1E9B14->a5d3a44e-87a4-4ffe-bd57-d4dea2700ae7@group-42427AE515A8, cid=47, FAILED org.apache.ratis.protocol.NotLeaderException: Server a5d3a44e-87a4-4ffe-bd57-d4dea2700ae7@group-42427AE515A8 is not the leader 2565157f-9642-4f7c-bd15-58f431c5cf0a:192.168.151.75:46619, logIndex=0, commits[a5d3a44e-87a4-4ffe-bd57-d4dea2700ae7:c6, 2565157f-9642-4f7c-bd15-58f431c5cf0a:c6, 08c3c9a3-c92b-48ae-803a-081cb99550ef:c4]
2019-09-16 17:26:39,729 [java.util.concurrent.ThreadPoolExecutor$Worker@1b6a6326[State = -1, empty queue]] WARN  server.GrpcLogAppender (GrpcLogAppender.java:timeoutAppendRequest(200)) - 2565157f-9642-4f7c-bd15-58f431c5cf0a@group-42427AE515A8->a5d3a44e-87a4-4ffe-bd57-d4dea2700ae7-GrpcLogAppender: appendEntries Timeout, request=2565157f-9642-4f7c-bd15-58f431c5cf0a->a5d3a44e-87a4-4ffe-bd57-d4dea2700ae7#34-t2, previous=(t:2, i:12), leaderCommit=6, initializing? false, entries: <empty>
2019-09-16 17:26:39,729 [java.util.concurrent.ThreadPoolExecutor$Worker@5a1c6d9[State = -1, empty queue]] WARN  server.GrpcLogAppender (GrpcLogAppender.java:timeoutAppendRequest(200)) - 2565157f-9642-4f7c-bd15-58f431c5cf0a@group-42427AE515A8->08c3c9a3-c92b-48ae-803a-081cb99550ef-GrpcLogAppender: appendEntries Timeout, request=2565157f-9642-4f7c-bd15-58f431c5cf0a->08c3c9a3-c92b-48ae-803a-081cb99550ef#34-t2, previous=(t:2, i:12), leaderCommit=6, initializing? false, entries: <empty>
2019-09-16 17:26:42,230 [java.util.concurrent.ThreadPoolExecutor$Worker@1b6a6326[State = -1, empty queue]] WARN  server.GrpcLogAppender (GrpcLogAppender.java:timeoutAppendRequest(200)) - 2565157f-9642-4f7c-bd15-58f431c5cf0a@group-42427AE515A8->a5d3a44e-87a4-4ffe-bd57-d4dea2700ae7-GrpcLogAppender: appendEntries Timeout, request=2565157f-9642-4f7c-bd15-58f431c5cf0a->a5d3a44e-87a4-4ffe-bd57-d4dea2700ae7#35-t2, previous=(t:2, i:12), leaderCommit=6, initializing? false, entries: <empty>
2019-09-16 17:26:42,230 [java.util.concurrent.ThreadPoolExecutor$Worker@5a1c6d9[State = -1, empty queue]] WARN  server.GrpcLogAppender (GrpcLogAppender.java:timeoutAppendRequest(200)) - 2565157f-9642-4f7c-bd15-58f431c5cf0a@group-42427AE515A8->08c3c9a3-c92b-48ae-803a-081cb99550ef-GrpcLogAppender: appendEntries Timeout, request=2565157f-9642-4f7c-bd15-58f431c5cf0a->08c3c9a3-c92b-48ae-803a-081cb99550ef#35-t2, previous=(t:2, i:12), leaderCommit=6, initializing? false, entries: <empty>
2019-09-16 17:26:44,214 [a5d3a44e-87a4-4ffe-bd57-d4dea2700ae7@group-42427AE515A8-SegmentedRaftLogWorker] WARN  segmented.SegmentedRaftLogWorker (SegmentedRaftLogWorker.java:getFromFuture(90)) - Timeout 5/~
org.apache.ratis.protocol.TimeoutIOException: Timeout 10s: WriteLog:7: (t:2, i:7), STATEMACHINELOGENTRY, client-67B75F1E9B14, cid=47-writeStateMachineData
	at org.apache.ratis.util.IOUtils.getFromFuture(IOUtils.java:87)
	at org.apache.ratis.server.raftlog.segmented.SegmentedRaftLogWorker$StateMachineDataPolicy.getFromFuture(SegmentedRaftLogWorker.java:87)
	at org.apache.ratis.server.raftlog.segmented.SegmentedRaftLogWorker$WriteLog.execute(SegmentedRaftLogWorker.java:477)
	at org.apache.ratis.server.raftlog.segmented.SegmentedRaftLogWorker.run(SegmentedRaftLogWorker.java:289)
	at java.lang.Thread.run(Thread.java:748)
Caused by: java.util.concurrent.TimeoutException
	at java.util.concurrent.CompletableFuture.timedGet(CompletableFuture.java:1771)
	at java.util.concurrent.CompletableFuture.get(CompletableFuture.java:1915)
	at org.apache.ratis.util.IOUtils.getFromFuture(IOUtils.java:79)
	... 4 more
2019-09-16 17:26:44,332 [08c3c9a3-c92b-48ae-803a-081cb99550ef@group-42427AE515A8-SegmentedRaftLogWorker] WARN  segmented.SegmentedRaftLogWorker (SegmentedRaftLogWorker.java:getFromFuture(90)) - Timeout 5/~
org.apache.ratis.protocol.TimeoutIOException: Timeout 10s: WriteLog:10: (t:2, i:10), STATEMACHINELOGENTRY, client-67B75F1E9B14, cid=50-writeStateMachineData
	at org.apache.ratis.util.IOUtils.getFromFuture(IOUtils.java:87)
	at org.apache.ratis.server.raftlog.segmented.SegmentedRaftLogWorker$StateMachineDataPolicy.getFromFuture(SegmentedRaftLogWorker.java:87)
	at org.apache.ratis.server.raftlog.segmented.SegmentedRaftLogWorker$WriteLog.execute(SegmentedRaftLogWorker.java:477)
	at org.apache.ratis.server.raftlog.segmented.SegmentedRaftLogWorker.run(SegmentedRaftLogWorker.java:289)
	at java.lang.Thread.run(Thread.java:748)
Caused by: java.util.concurrent.TimeoutException
	at java.util.concurrent.CompletableFuture.timedGet(CompletableFuture.java:1771)
	at java.util.concurrent.CompletableFuture.get(CompletableFuture.java:1915)
	at org.apache.ratis.util.IOUtils.getFromFuture(IOUtils.java:79)
	... 4 more
2019-09-16 17:26:44,332 [2565157f-9642-4f7c-bd15-58f431c5cf0a@group-42427AE515A8-SegmentedRaftLogWorker] WARN  segmented.SegmentedRaftLogWorker (SegmentedRaftLogWorker.java:getFromFuture(90)) - Timeout 5/~
org.apache.ratis.protocol.TimeoutIOException: Timeout 10s: WriteLog:8: (t:2, i:8), STATEMACHINELOGENTRY, client-67B75F1E9B14, cid=48-writeStateMachineData
	at org.apache.ratis.util.IOUtils.getFromFuture(IOUtils.java:87)
	at org.apache.ratis.server.raftlog.segmented.SegmentedRaftLogWorker$StateMachineDataPolicy.getFromFuture(SegmentedRaftLogWorker.java:87)
	at org.apache.ratis.server.raftlog.segmented.SegmentedRaftLogWorker$WriteLog.execute(SegmentedRaftLogWorker.java:477)
	at org.apache.ratis.server.raftlog.segmented.SegmentedRaftLogWorker.run(SegmentedRaftLogWorker.java:289)
	at java.lang.Thread.run(Thread.java:748)
Caused by: java.util.concurrent.TimeoutException
	at java.util.concurrent.CompletableFuture.timedGet(CompletableFuture.java:1771)
	at java.util.concurrent.CompletableFuture.get(CompletableFuture.java:1915)
	at org.apache.ratis.util.IOUtils.getFromFuture(IOUtils.java:79)
	... 4 more
2019-09-16 17:26:44,705 [grpc-default-executor-6] INFO  client.GrpcClientProtocolClient (GrpcClientProtocolClient.java:onNext(264)) - client-67B75F1E9B14->08c3c9a3-c92b-48ae-803a-081cb99550ef: receive RaftClientReply:client-67B75F1E9B14->08c3c9a3-c92b-48ae-803a-081cb99550ef@group-42427AE515A8, cid=47, FAILED org.apache.ratis.protocol.NotLeaderException: Server 08c3c9a3-c92b-48ae-803a-081cb99550ef@group-42427AE515A8 is not the leader 2565157f-9642-4f7c-bd15-58f431c5cf0a:192.168.151.75:46619, logIndex=0, commits[08c3c9a3-c92b-48ae-803a-081cb99550ef:c6, 2565157f-9642-4f7c-bd15-58f431c5cf0a:c6, a5d3a44e-87a4-4ffe-bd57-d4dea2700ae7:c4]
2019-09-16 17:26:44,732 [java.util.concurrent.ThreadPoolExecutor$Worker@1b6a6326[State = -1, empty queue]] WARN  server.GrpcLogAppender (GrpcLogAppender.java:timeoutAppendRequest(200)) - 2565157f-9642-4f7c-bd15-58f431c5cf0a@group-42427AE515A8->a5d3a44e-87a4-4ffe-bd57-d4dea2700ae7-GrpcLogAppender: appendEntries Timeout, request=2565157f-9642-4f7c-bd15-58f431c5cf0a->a5d3a44e-87a4-4ffe-bd57-d4dea2700ae7#36-t2, previous=(t:2, i:12), leaderCommit=6, initializing? false, entries: <empty>
2019-09-16 17:26:44,732 [java.util.concurrent.ThreadPoolExecutor$Worker@5a1c6d9[State = -1, empty queue]] WARN  server.GrpcLogAppender (GrpcLogAppender.java:timeoutAppendRequest(200)) - 2565157f-9642-4f7c-bd15-58f431c5cf0a@group-42427AE515A8->08c3c9a3-c92b-48ae-803a-081cb99550ef-GrpcLogAppender: appendEntries Timeout, request=2565157f-9642-4f7c-bd15-58f431c5cf0a->08c3c9a3-c92b-48ae-803a-081cb99550ef#36-t2, previous=(t:2, i:12), leaderCommit=6, initializing? false, entries: <empty>
2019-09-16 17:26:47,233 [java.util.concurrent.ThreadPoolExecutor$Worker@5a1c6d9[State = -1, empty queue]] WARN  server.GrpcLogAppender (GrpcLogAppender.java:timeoutAppendRequest(200)) - 2565157f-9642-4f7c-bd15-58f431c5cf0a@group-42427AE515A8->08c3c9a3-c92b-48ae-803a-081cb99550ef-GrpcLogAppender: appendEntries Timeout, request=2565157f-9642-4f7c-bd15-58f431c5cf0a->08c3c9a3-c92b-48ae-803a-081cb99550ef#37-t2, previous=(t:2, i:12), leaderCommit=6, initializing? false, entries: <empty>
2019-09-16 17:26:47,233 [java.util.concurrent.ThreadPoolExecutor$Worker@1b6a6326[State = -1, empty queue]] WARN  server.GrpcLogAppender (GrpcLogAppender.java:timeoutAppendRequest(200)) - 2565157f-9642-4f7c-bd15-58f431c5cf0a@group-42427AE515A8->a5d3a44e-87a4-4ffe-bd57-d4dea2700ae7-GrpcLogAppender: appendEntries Timeout, request=2565157f-9642-4f7c-bd15-58f431c5cf0a->a5d3a44e-87a4-4ffe-bd57-d4dea2700ae7#37-t2, previous=(t:2, i:12), leaderCommit=6, initializing? false, entries: <empty>
2019-09-16 17:26:49,741 [java.util.concurrent.ThreadPoolExecutor$Worker@1b6a6326[State = -1, empty queue]] WARN  server.GrpcLogAppender (GrpcLogAppender.java:timeoutAppendRequest(200)) - 2565157f-9642-4f7c-bd15-58f431c5cf0a@group-42427AE515A8->a5d3a44e-87a4-4ffe-bd57-d4dea2700ae7-GrpcLogAppender: appendEntries Timeout, request=2565157f-9642-4f7c-bd15-58f431c5cf0a->a5d3a44e-87a4-4ffe-bd57-d4dea2700ae7#38-t2, previous=(t:2, i:12), leaderCommit=6, initializing? false, entries: <empty>
2019-09-16 17:26:49,741 [java.util.concurrent.ThreadPoolExecutor$Worker@5a1c6d9[State = -1, empty queue]] WARN  server.GrpcLogAppender (GrpcLogAppender.java:timeoutAppendRequest(200)) - 2565157f-9642-4f7c-bd15-58f431c5cf0a@group-42427AE515A8->08c3c9a3-c92b-48ae-803a-081cb99550ef-GrpcLogAppender: appendEntries Timeout, request=2565157f-9642-4f7c-bd15-58f431c5cf0a->08c3c9a3-c92b-48ae-803a-081cb99550ef#38-t2, previous=(t:2, i:12), leaderCommit=6, initializing? false, entries: <empty>
2019-09-16 17:26:49,798 [grpc-default-executor-6] INFO  client.GrpcClientProtocolClient (GrpcClientProtocolClient.java:onNext(264)) - client-67B75F1E9B14->08c3c9a3-c92b-48ae-803a-081cb99550ef: receive RaftClientReply:client-67B75F1E9B14->08c3c9a3-c92b-48ae-803a-081cb99550ef@group-42427AE515A8, cid=47, FAILED org.apache.ratis.protocol.NotLeaderException: Server 08c3c9a3-c92b-48ae-803a-081cb99550ef@group-42427AE515A8 is not the leader 2565157f-9642-4f7c-bd15-58f431c5cf0a:192.168.151.75:46619, logIndex=0, commits[08c3c9a3-c92b-48ae-803a-081cb99550ef:c6, 2565157f-9642-4f7c-bd15-58f431c5cf0a:c6, a5d3a44e-87a4-4ffe-bd57-d4dea2700ae7:c4]
2019-09-16 17:26:52,243 [java.util.concurrent.ThreadPoolExecutor$Worker@1b6a6326[State = -1, empty queue]] WARN  server.GrpcLogAppender (GrpcLogAppender.java:timeoutAppendRequest(200)) - 2565157f-9642-4f7c-bd15-58f431c5cf0a@group-42427AE515A8->a5d3a44e-87a4-4ffe-bd57-d4dea2700ae7-GrpcLogAppender: appendEntries Timeout, request=2565157f-9642-4f7c-bd15-58f431c5cf0a->a5d3a44e-87a4-4ffe-bd57-d4dea2700ae7#39-t2, previous=(t:2, i:12), leaderCommit=6, initializing? false, entries: <empty>
2019-09-16 17:26:52,243 [java.util.concurrent.ThreadPoolExecutor$Worker@5a1c6d9[State = -1, empty queue]] WARN  server.GrpcLogAppender (GrpcLogAppender.java:timeoutAppendRequest(200)) - 2565157f-9642-4f7c-bd15-58f431c5cf0a@group-42427AE515A8->08c3c9a3-c92b-48ae-803a-081cb99550ef-GrpcLogAppender: appendEntries Timeout, request=2565157f-9642-4f7c-bd15-58f431c5cf0a->08c3c9a3-c92b-48ae-803a-081cb99550ef#39-t2, previous=(t:2, i:12), leaderCommit=6, initializing? false, entries: <empty>
2019-09-16 17:26:54,215 [a5d3a44e-87a4-4ffe-bd57-d4dea2700ae7@group-42427AE515A8-SegmentedRaftLogWorker] WARN  segmented.SegmentedRaftLogWorker (SegmentedRaftLogWorker.java:getFromFuture(90)) - Timeout 6/~
org.apache.ratis.protocol.TimeoutIOException: Timeout 10s: WriteLog:7: (t:2, i:7), STATEMACHINELOGENTRY, client-67B75F1E9B14, cid=47-writeStateMachineData
	at org.apache.ratis.util.IOUtils.getFromFuture(IOUtils.java:87)
	at org.apache.ratis.server.raftlog.segmented.SegmentedRaftLogWorker$StateMachineDataPolicy.getFromFuture(SegmentedRaftLogWorker.java:87)
	at org.apache.ratis.server.raftlog.segmented.SegmentedRaftLogWorker$WriteLog.execute(SegmentedRaftLogWorker.java:477)
	at org.apache.ratis.server.raftlog.segmented.SegmentedRaftLogWorker.run(SegmentedRaftLogWorker.java:289)
	at java.lang.Thread.run(Thread.java:748)
Caused by: java.util.concurrent.TimeoutException
	at java.util.concurrent.CompletableFuture.timedGet(CompletableFuture.java:1771)
	at java.util.concurrent.CompletableFuture.get(CompletableFuture.java:1915)
	at org.apache.ratis.util.IOUtils.getFromFuture(IOUtils.java:79)
	... 4 more
2019-09-16 17:26:54,333 [08c3c9a3-c92b-48ae-803a-081cb99550ef@group-42427AE515A8-SegmentedRaftLogWorker] WARN  segmented.SegmentedRaftLogWorker (SegmentedRaftLogWorker.java:getFromFuture(90)) - Timeout 6/~
org.apache.ratis.protocol.TimeoutIOException: Timeout 10s: WriteLog:10: (t:2, i:10), STATEMACHINELOGENTRY, client-67B75F1E9B14, cid=50-writeStateMachineData
	at org.apache.ratis.util.IOUtils.getFromFuture(IOUtils.java:87)
	at org.apache.ratis.server.raftlog.segmented.SegmentedRaftLogWorker$StateMachineDataPolicy.getFromFuture(SegmentedRaftLogWorker.java:87)
	at org.apache.ratis.server.raftlog.segmented.SegmentedRaftLogWorker$WriteLog.execute(SegmentedRaftLogWorker.java:477)
	at org.apache.ratis.server.raftlog.segmented.SegmentedRaftLogWorker.run(SegmentedRaftLogWorker.java:289)
	at java.lang.Thread.run(Thread.java:748)
Caused by: java.util.concurrent.TimeoutException
	at java.util.concurrent.CompletableFuture.timedGet(CompletableFuture.java:1771)
	at java.util.concurrent.CompletableFuture.get(CompletableFuture.java:1915)
	at org.apache.ratis.util.IOUtils.getFromFuture(IOUtils.java:79)
	... 4 more
2019-09-16 17:26:54,360 [2565157f-9642-4f7c-bd15-58f431c5cf0a@group-42427AE515A8-SegmentedRaftLogWorker] WARN  segmented.SegmentedRaftLogWorker (SegmentedRaftLogWorker.java:getFromFuture(90)) - Timeout 6/~
org.apache.ratis.protocol.TimeoutIOException: Timeout 10s: WriteLog:8: (t:2, i:8), STATEMACHINELOGENTRY, client-67B75F1E9B14, cid=48-writeStateMachineData
	at org.apache.ratis.util.IOUtils.getFromFuture(IOUtils.java:87)
	at org.apache.ratis.server.raftlog.segmented.SegmentedRaftLogWorker$StateMachineDataPolicy.getFromFuture(SegmentedRaftLogWorker.java:87)
	at org.apache.ratis.server.raftlog.segmented.SegmentedRaftLogWorker$WriteLog.execute(SegmentedRaftLogWorker.java:477)
	at org.apache.ratis.server.raftlog.segmented.SegmentedRaftLogWorker.run(SegmentedRaftLogWorker.java:289)
	at java.lang.Thread.run(Thread.java:748)
Caused by: java.util.concurrent.TimeoutException
	at java.util.concurrent.CompletableFuture.timedGet(CompletableFuture.java:1771)
	at java.util.concurrent.CompletableFuture.get(CompletableFuture.java:1915)
	at org.apache.ratis.util.IOUtils.getFromFuture(IOUtils.java:79)
	... 4 more
2019-09-16 17:26:54,745 [java.util.concurrent.ThreadPoolExecutor$Worker@5a1c6d9[State = -1, empty queue]] WARN  server.GrpcLogAppender (GrpcLogAppender.java:timeoutAppendRequest(200)) - 2565157f-9642-4f7c-bd15-58f431c5cf0a@group-42427AE515A8->08c3c9a3-c92b-48ae-803a-081cb99550ef-GrpcLogAppender: appendEntries Timeout, request=2565157f-9642-4f7c-bd15-58f431c5cf0a->08c3c9a3-c92b-48ae-803a-081cb99550ef#40-t2, previous=(t:2, i:12), leaderCommit=6, initializing? false, entries: <empty>
2019-09-16 17:26:54,745 [java.util.concurrent.ThreadPoolExecutor$Worker@1b6a6326[State = -1, empty queue]] WARN  server.GrpcLogAppender (GrpcLogAppender.java:timeoutAppendRequest(200)) - 2565157f-9642-4f7c-bd15-58f431c5cf0a@group-42427AE515A8->a5d3a44e-87a4-4ffe-bd57-d4dea2700ae7-GrpcLogAppender: appendEntries Timeout, request=2565157f-9642-4f7c-bd15-58f431c5cf0a->a5d3a44e-87a4-4ffe-bd57-d4dea2700ae7#40-t2, previous=(t:2, i:12), leaderCommit=6, initializing? false, entries: <empty>
2019-09-16 17:26:54,847 [grpc-default-executor-6] INFO  client.GrpcClientProtocolClient (GrpcClientProtocolClient.java:onNext(264)) - client-67B75F1E9B14->08c3c9a3-c92b-48ae-803a-081cb99550ef: receive RaftClientReply:client-67B75F1E9B14->08c3c9a3-c92b-48ae-803a-081cb99550ef@group-42427AE515A8, cid=47, FAILED org.apache.ratis.protocol.NotLeaderException: Server 08c3c9a3-c92b-48ae-803a-081cb99550ef@group-42427AE515A8 is not the leader 2565157f-9642-4f7c-bd15-58f431c5cf0a:192.168.151.75:46619, logIndex=0, commits[08c3c9a3-c92b-48ae-803a-081cb99550ef:c6, 2565157f-9642-4f7c-bd15-58f431c5cf0a:c6, a5d3a44e-87a4-4ffe-bd57-d4dea2700ae7:c4]
2019-09-16 17:26:57,246 [java.util.concurrent.ThreadPoolExecutor$Worker@1b6a6326[State = -1, empty queue]] WARN  server.GrpcLogAppender (GrpcLogAppender.java:timeoutAppendRequest(200)) - 2565157f-9642-4f7c-bd15-58f431c5cf0a@group-42427AE515A8->a5d3a44e-87a4-4ffe-bd57-d4dea2700ae7-GrpcLogAppender: appendEntries Timeout, request=2565157f-9642-4f7c-bd15-58f431c5cf0a->a5d3a44e-87a4-4ffe-bd57-d4dea2700ae7#41-t2, previous=(t:2, i:12), leaderCommit=6, initializing? false, entries: <empty>
2019-09-16 17:26:57,246 [java.util.concurrent.ThreadPoolExecutor$Worker@5a1c6d9[State = -1, empty queue]] WARN  server.GrpcLogAppender (GrpcLogAppender.java:timeoutAppendRequest(200)) - 2565157f-9642-4f7c-bd15-58f431c5cf0a@group-42427AE515A8->08c3c9a3-c92b-48ae-803a-081cb99550ef-GrpcLogAppender: appendEntries Timeout, request=2565157f-9642-4f7c-bd15-58f431c5cf0a->08c3c9a3-c92b-48ae-803a-081cb99550ef#41-t2, previous=(t:2, i:12), leaderCommit=6, initializing? false, entries: <empty>
2019-09-16 17:26:59,747 [java.util.concurrent.ThreadPoolExecutor$Worker@1b6a6326[State = -1, empty queue]] WARN  server.GrpcLogAppender (GrpcLogAppender.java:timeoutAppendRequest(200)) - 2565157f-9642-4f7c-bd15-58f431c5cf0a@group-42427AE515A8->a5d3a44e-87a4-4ffe-bd57-d4dea2700ae7-GrpcLogAppender: appendEntries Timeout, request=2565157f-9642-4f7c-bd15-58f431c5cf0a->a5d3a44e-87a4-4ffe-bd57-d4dea2700ae7#42-t2, previous=(t:2, i:12), leaderCommit=6, initializing? false, entries: <empty>
2019-09-16 17:26:59,747 [java.util.concurrent.ThreadPoolExecutor$Worker@5a1c6d9[State = -1, empty queue]] WARN  server.GrpcLogAppender (GrpcLogAppender.java:timeoutAppendRequest(200)) - 2565157f-9642-4f7c-bd15-58f431c5cf0a@group-42427AE515A8->08c3c9a3-c92b-48ae-803a-081cb99550ef-GrpcLogAppender: appendEntries Timeout, request=2565157f-9642-4f7c-bd15-58f431c5cf0a->08c3c9a3-c92b-48ae-803a-081cb99550ef#42-t2, previous=(t:2, i:12), leaderCommit=6, initializing? false, entries: <empty>
2019-09-16 17:26:59,897 [grpc-default-executor-6] INFO  client.GrpcClientProtocolClient (GrpcClientProtocolClient.java:onNext(264)) - client-67B75F1E9B14->08c3c9a3-c92b-48ae-803a-081cb99550ef: receive RaftClientReply:client-67B75F1E9B14->08c3c9a3-c92b-48ae-803a-081cb99550ef@group-42427AE515A8, cid=47, FAILED org.apache.ratis.protocol.NotLeaderException: Server 08c3c9a3-c92b-48ae-803a-081cb99550ef@group-42427AE515A8 is not the leader 2565157f-9642-4f7c-bd15-58f431c5cf0a:192.168.151.75:46619, logIndex=0, commits[08c3c9a3-c92b-48ae-803a-081cb99550ef:c6, 2565157f-9642-4f7c-bd15-58f431c5cf0a:c6, a5d3a44e-87a4-4ffe-bd57-d4dea2700ae7:c4]
2019-09-16 17:27:02,248 [java.util.concurrent.ThreadPoolExecutor$Worker@5a1c6d9[State = -1, empty queue]] WARN  server.GrpcLogAppender (GrpcLogAppender.java:timeoutAppendRequest(200)) - 2565157f-9642-4f7c-bd15-58f431c5cf0a@group-42427AE515A8->08c3c9a3-c92b-48ae-803a-081cb99550ef-GrpcLogAppender: appendEntries Timeout, request=2565157f-9642-4f7c-bd15-58f431c5cf0a->08c3c9a3-c92b-48ae-803a-081cb99550ef#43-t2, previous=(t:2, i:12), leaderCommit=6, initializing? false, entries: <empty>
2019-09-16 17:27:02,248 [java.util.concurrent.ThreadPoolExecutor$Worker@1b6a6326[State = -1, empty queue]] WARN  server.GrpcLogAppender (GrpcLogAppender.java:timeoutAppendRequest(200)) - 2565157f-9642-4f7c-bd15-58f431c5cf0a@group-42427AE515A8->a5d3a44e-87a4-4ffe-bd57-d4dea2700ae7-GrpcLogAppender: appendEntries Timeout, request=2565157f-9642-4f7c-bd15-58f431c5cf0a->a5d3a44e-87a4-4ffe-bd57-d4dea2700ae7#43-t2, previous=(t:2, i:12), leaderCommit=6, initializing? false, entries: <empty>
2019-09-16 17:27:04,217 [a5d3a44e-87a4-4ffe-bd57-d4dea2700ae7@group-42427AE515A8-SegmentedRaftLogWorker] WARN  segmented.SegmentedRaftLogWorker (SegmentedRaftLogWorker.java:getFromFuture(90)) - Timeout 7/~
org.apache.ratis.protocol.TimeoutIOException: Timeout 10s: WriteLog:7: (t:2, i:7), STATEMACHINELOGENTRY, client-67B75F1E9B14, cid=47-writeStateMachineData
	at org.apache.ratis.util.IOUtils.getFromFuture(IOUtils.java:87)
	at org.apache.ratis.server.raftlog.segmented.SegmentedRaftLogWorker$StateMachineDataPolicy.getFromFuture(SegmentedRaftLogWorker.java:87)
	at org.apache.ratis.server.raftlog.segmented.SegmentedRaftLogWorker$WriteLog.execute(SegmentedRaftLogWorker.java:477)
	at org.apache.ratis.server.raftlog.segmented.SegmentedRaftLogWorker.run(SegmentedRaftLogWorker.java:289)
	at java.lang.Thread.run(Thread.java:748)
Caused by: java.util.concurrent.TimeoutException
	at java.util.concurrent.CompletableFuture.timedGet(CompletableFuture.java:1771)
	at java.util.concurrent.CompletableFuture.get(CompletableFuture.java:1915)
	at org.apache.ratis.util.IOUtils.getFromFuture(IOUtils.java:79)
	... 4 more
2019-09-16 17:27:04,360 [08c3c9a3-c92b-48ae-803a-081cb99550ef@group-42427AE515A8-SegmentedRaftLogWorker] WARN  segmented.SegmentedRaftLogWorker (SegmentedRaftLogWorker.java:getFromFuture(90)) - Timeout 7/~
org.apache.ratis.protocol.TimeoutIOException: Timeout 10s: WriteLog:10: (t:2, i:10), STATEMACHINELOGENTRY, client-67B75F1E9B14, cid=50-writeStateMachineData
	at org.apache.ratis.util.IOUtils.getFromFuture(IOUtils.java:87)
	at org.apache.ratis.server.raftlog.segmented.SegmentedRaftLogWorker$StateMachineDataPolicy.getFromFuture(SegmentedRaftLogWorker.java:87)
	at org.apache.ratis.server.raftlog.segmented.SegmentedRaftLogWorker$WriteLog.execute(SegmentedRaftLogWorker.java:477)
	at org.apache.ratis.server.raftlog.segmented.SegmentedRaftLogWorker.run(SegmentedRaftLogWorker.java:289)
	at java.lang.Thread.run(Thread.java:748)
Caused by: java.util.concurrent.TimeoutException
	at java.util.concurrent.CompletableFuture.timedGet(CompletableFuture.java:1771)
	at java.util.concurrent.CompletableFuture.get(CompletableFuture.java:1915)
	at org.apache.ratis.util.IOUtils.getFromFuture(IOUtils.java:79)
	... 4 more
2019-09-16 17:27:04,361 [2565157f-9642-4f7c-bd15-58f431c5cf0a@group-42427AE515A8-SegmentedRaftLogWorker] WARN  segmented.SegmentedRaftLogWorker (SegmentedRaftLogWorker.java:getFromFuture(90)) - Timeout 7/~
org.apache.ratis.protocol.TimeoutIOException: Timeout 10s: WriteLog:8: (t:2, i:8), STATEMACHINELOGENTRY, client-67B75F1E9B14, cid=48-writeStateMachineData
	at org.apache.ratis.util.IOUtils.getFromFuture(IOUtils.java:87)
	at org.apache.ratis.server.raftlog.segmented.SegmentedRaftLogWorker$StateMachineDataPolicy.getFromFuture(SegmentedRaftLogWorker.java:87)
	at org.apache.ratis.server.raftlog.segmented.SegmentedRaftLogWorker$WriteLog.execute(SegmentedRaftLogWorker.java:477)
	at org.apache.ratis.server.raftlog.segmented.SegmentedRaftLogWorker.run(SegmentedRaftLogWorker.java:289)
	at java.lang.Thread.run(Thread.java:748)
Caused by: java.util.concurrent.TimeoutException
	at java.util.concurrent.CompletableFuture.timedGet(CompletableFuture.java:1771)
	at java.util.concurrent.CompletableFuture.get(CompletableFuture.java:1915)
	at org.apache.ratis.util.IOUtils.getFromFuture(IOUtils.java:79)
	... 4 more
2019-09-16 17:27:04,749 [java.util.concurrent.ThreadPoolExecutor$Worker@5a1c6d9[State = -1, empty queue]] WARN  server.GrpcLogAppender (GrpcLogAppender.java:timeoutAppendRequest(200)) - 2565157f-9642-4f7c-bd15-58f431c5cf0a@group-42427AE515A8->08c3c9a3-c92b-48ae-803a-081cb99550ef-GrpcLogAppender: appendEntries Timeout, request=2565157f-9642-4f7c-bd15-58f431c5cf0a->08c3c9a3-c92b-48ae-803a-081cb99550ef#44-t2, previous=(t:2, i:12), leaderCommit=6, initializing? false, entries: <empty>
2019-09-16 17:27:04,749 [java.util.concurrent.ThreadPoolExecutor$Worker@1b6a6326[State = -1, empty queue]] WARN  server.GrpcLogAppender (GrpcLogAppender.java:timeoutAppendRequest(200)) - 2565157f-9642-4f7c-bd15-58f431c5cf0a@group-42427AE515A8->a5d3a44e-87a4-4ffe-bd57-d4dea2700ae7-GrpcLogAppender: appendEntries Timeout, request=2565157f-9642-4f7c-bd15-58f431c5cf0a->a5d3a44e-87a4-4ffe-bd57-d4dea2700ae7#44-t2, previous=(t:2, i:12), leaderCommit=6, initializing? false, entries: <empty>
2019-09-16 17:27:04,940 [grpc-default-executor-6] INFO  client.GrpcClientProtocolClient (GrpcClientProtocolClient.java:onNext(264)) - client-67B75F1E9B14->08c3c9a3-c92b-48ae-803a-081cb99550ef: receive RaftClientReply:client-67B75F1E9B14->08c3c9a3-c92b-48ae-803a-081cb99550ef@group-42427AE515A8, cid=47, FAILED org.apache.ratis.protocol.NotLeaderException: Server 08c3c9a3-c92b-48ae-803a-081cb99550ef@group-42427AE515A8 is not the leader 2565157f-9642-4f7c-bd15-58f431c5cf0a:192.168.151.75:46619, logIndex=0, commits[08c3c9a3-c92b-48ae-803a-081cb99550ef:c6, 2565157f-9642-4f7c-bd15-58f431c5cf0a:c6, a5d3a44e-87a4-4ffe-bd57-d4dea2700ae7:c4]
2019-09-16 17:27:07,249 [java.util.concurrent.ThreadPoolExecutor$Worker@1b6a6326[State = -1, empty queue]] WARN  server.GrpcLogAppender (GrpcLogAppender.java:timeoutAppendRequest(200)) - 2565157f-9642-4f7c-bd15-58f431c5cf0a@group-42427AE515A8->a5d3a44e-87a4-4ffe-bd57-d4dea2700ae7-GrpcLogAppender: appendEntries Timeout, request=2565157f-9642-4f7c-bd15-58f431c5cf0a->a5d3a44e-87a4-4ffe-bd57-d4dea2700ae7#45-t2, previous=(t:2, i:12), leaderCommit=6, initializing? false, entries: <empty>
2019-09-16 17:27:07,249 [java.util.concurrent.ThreadPoolExecutor$Worker@5a1c6d9[State = -1, empty queue]] WARN  server.GrpcLogAppender (GrpcLogAppender.java:timeoutAppendRequest(200)) - 2565157f-9642-4f7c-bd15-58f431c5cf0a@group-42427AE515A8->08c3c9a3-c92b-48ae-803a-081cb99550ef-GrpcLogAppender: appendEntries Timeout, request=2565157f-9642-4f7c-bd15-58f431c5cf0a->08c3c9a3-c92b-48ae-803a-081cb99550ef#45-t2, previous=(t:2, i:12), leaderCommit=6, initializing? false, entries: <empty>
2019-09-16 17:27:09,749 [java.util.concurrent.ThreadPoolExecutor$Worker@1b6a6326[State = -1, empty queue]] WARN  server.GrpcLogAppender (GrpcLogAppender.java:timeoutAppendRequest(200)) - 2565157f-9642-4f7c-bd15-58f431c5cf0a@group-42427AE515A8->a5d3a44e-87a4-4ffe-bd57-d4dea2700ae7-GrpcLogAppender: appendEntries Timeout, request=2565157f-9642-4f7c-bd15-58f431c5cf0a->a5d3a44e-87a4-4ffe-bd57-d4dea2700ae7#46-t2, previous=(t:2, i:12), leaderCommit=6, initializing? false, entries: <empty>
2019-09-16 17:27:09,749 [java.util.concurrent.ThreadPoolExecutor$Worker@5a1c6d9[State = -1, empty queue]] WARN  server.GrpcLogAppender (GrpcLogAppender.java:timeoutAppendRequest(200)) - 2565157f-9642-4f7c-bd15-58f431c5cf0a@group-42427AE515A8->08c3c9a3-c92b-48ae-803a-081cb99550ef-GrpcLogAppender: appendEntries Timeout, request=2565157f-9642-4f7c-bd15-58f431c5cf0a->08c3c9a3-c92b-48ae-803a-081cb99550ef#46-t2, previous=(t:2, i:12), leaderCommit=6, initializing? false, entries: <empty>
2019-09-16 17:27:09,977 [grpc-default-executor-6] INFO  client.GrpcClientProtocolClient (GrpcClientProtocolClient.java:onNext(264)) - client-67B75F1E9B14->08c3c9a3-c92b-48ae-803a-081cb99550ef: receive RaftClientReply:client-67B75F1E9B14->08c3c9a3-c92b-48ae-803a-081cb99550ef@group-42427AE515A8, cid=47, FAILED org.apache.ratis.protocol.NotLeaderException: Server 08c3c9a3-c92b-48ae-803a-081cb99550ef@group-42427AE515A8 is not the leader 2565157f-9642-4f7c-bd15-58f431c5cf0a:192.168.151.75:46619, logIndex=0, commits[08c3c9a3-c92b-48ae-803a-081cb99550ef:c6, 2565157f-9642-4f7c-bd15-58f431c5cf0a:c6, a5d3a44e-87a4-4ffe-bd57-d4dea2700ae7:c4]
2019-09-16 17:27:12,250 [java.util.concurrent.ThreadPoolExecutor$Worker@5a1c6d9[State = -1, empty queue]] WARN  server.GrpcLogAppender (GrpcLogAppender.java:timeoutAppendRequest(200)) - 2565157f-9642-4f7c-bd15-58f431c5cf0a@group-42427AE515A8->08c3c9a3-c92b-48ae-803a-081cb99550ef-GrpcLogAppender: appendEntries Timeout, request=2565157f-9642-4f7c-bd15-58f431c5cf0a->08c3c9a3-c92b-48ae-803a-081cb99550ef#47-t2, previous=(t:2, i:12), leaderCommit=6, initializing? false, entries: <empty>
2019-09-16 17:27:12,250 [java.util.concurrent.ThreadPoolExecutor$Worker@1b6a6326[State = -1, empty queue]] WARN  server.GrpcLogAppender (GrpcLogAppender.java:timeoutAppendRequest(200)) - 2565157f-9642-4f7c-bd15-58f431c5cf0a@group-42427AE515A8->a5d3a44e-87a4-4ffe-bd57-d4dea2700ae7-GrpcLogAppender: appendEntries Timeout, request=2565157f-9642-4f7c-bd15-58f431c5cf0a->a5d3a44e-87a4-4ffe-bd57-d4dea2700ae7#47-t2, previous=(t:2, i:12), leaderCommit=6, initializing? false, entries: <empty>
2019-09-16 17:27:14,218 [a5d3a44e-87a4-4ffe-bd57-d4dea2700ae7@group-42427AE515A8-SegmentedRaftLogWorker] WARN  segmented.SegmentedRaftLogWorker (SegmentedRaftLogWorker.java:getFromFuture(90)) - Timeout 8/~
org.apache.ratis.protocol.TimeoutIOException: Timeout 10s: WriteLog:7: (t:2, i:7), STATEMACHINELOGENTRY, client-67B75F1E9B14, cid=47-writeStateMachineData
	at org.apache.ratis.util.IOUtils.getFromFuture(IOUtils.java:87)
	at org.apache.ratis.server.raftlog.segmented.SegmentedRaftLogWorker$StateMachineDataPolicy.getFromFuture(SegmentedRaftLogWorker.java:87)
	at org.apache.ratis.server.raftlog.segmented.SegmentedRaftLogWorker$WriteLog.execute(SegmentedRaftLogWorker.java:477)
	at org.apache.ratis.server.raftlog.segmented.SegmentedRaftLogWorker.run(SegmentedRaftLogWorker.java:289)
	at java.lang.Thread.run(Thread.java:748)
Caused by: java.util.concurrent.TimeoutException
	at java.util.concurrent.CompletableFuture.timedGet(CompletableFuture.java:1771)
	at java.util.concurrent.CompletableFuture.get(CompletableFuture.java:1915)
	at org.apache.ratis.util.IOUtils.getFromFuture(IOUtils.java:79)
	... 4 more
2019-09-16 17:27:14,361 [08c3c9a3-c92b-48ae-803a-081cb99550ef@group-42427AE515A8-SegmentedRaftLogWorker] WARN  segmented.SegmentedRaftLogWorker (SegmentedRaftLogWorker.java:getFromFuture(90)) - Timeout 8/~
org.apache.ratis.protocol.TimeoutIOException: Timeout 10s: WriteLog:10: (t:2, i:10), STATEMACHINELOGENTRY, client-67B75F1E9B14, cid=50-writeStateMachineData
	at org.apache.ratis.util.IOUtils.getFromFuture(IOUtils.java:87)
	at org.apache.ratis.server.raftlog.segmented.SegmentedRaftLogWorker$StateMachineDataPolicy.getFromFuture(SegmentedRaftLogWorker.java:87)
	at org.apache.ratis.server.raftlog.segmented.SegmentedRaftLogWorker$WriteLog.execute(SegmentedRaftLogWorker.java:477)
	at org.apache.ratis.server.raftlog.segmented.SegmentedRaftLogWorker.run(SegmentedRaftLogWorker.java:289)
	at java.lang.Thread.run(Thread.java:748)
Caused by: java.util.concurrent.TimeoutException
	at java.util.concurrent.CompletableFuture.timedGet(CompletableFuture.java:1771)
	at java.util.concurrent.CompletableFuture.get(CompletableFuture.java:1915)
	at org.apache.ratis.util.IOUtils.getFromFuture(IOUtils.java:79)
	... 4 more
2019-09-16 17:27:14,362 [2565157f-9642-4f7c-bd15-58f431c5cf0a@group-42427AE515A8-SegmentedRaftLogWorker] WARN  segmented.SegmentedRaftLogWorker (SegmentedRaftLogWorker.java:getFromFuture(90)) - Timeout 8/~
org.apache.ratis.protocol.TimeoutIOException: Timeout 10s: WriteLog:8: (t:2, i:8), STATEMACHINELOGENTRY, client-67B75F1E9B14, cid=48-writeStateMachineData
	at org.apache.ratis.util.IOUtils.getFromFuture(IOUtils.java:87)
	at org.apache.ratis.server.raftlog.segmented.SegmentedRaftLogWorker$StateMachineDataPolicy.getFromFuture(SegmentedRaftLogWorker.java:87)
	at org.apache.ratis.server.raftlog.segmented.SegmentedRaftLogWorker$WriteLog.execute(SegmentedRaftLogWorker.java:477)
	at org.apache.ratis.server.raftlog.segmented.SegmentedRaftLogWorker.run(SegmentedRaftLogWorker.java:289)
	at java.lang.Thread.run(Thread.java:748)
Caused by: java.util.concurrent.TimeoutException
	at java.util.concurrent.CompletableFuture.timedGet(CompletableFuture.java:1771)
	at java.util.concurrent.CompletableFuture.get(CompletableFuture.java:1915)
	at org.apache.ratis.util.IOUtils.getFromFuture(IOUtils.java:79)
	... 4 more
2019-09-16 17:27:14,750 [java.util.concurrent.ThreadPoolExecutor$Worker@5a1c6d9[State = -1, empty queue]] WARN  server.GrpcLogAppender (GrpcLogAppender.java:timeoutAppendRequest(200)) - 2565157f-9642-4f7c-bd15-58f431c5cf0a@group-42427AE515A8->08c3c9a3-c92b-48ae-803a-081cb99550ef-GrpcLogAppender: appendEntries Timeout, request=2565157f-9642-4f7c-bd15-58f431c5cf0a->08c3c9a3-c92b-48ae-803a-081cb99550ef#48-t2, previous=(t:2, i:12), leaderCommit=6, initializing? false, entries: <empty>
2019-09-16 17:27:14,750 [java.util.concurrent.ThreadPoolExecutor$Worker@1b6a6326[State = -1, empty queue]] WARN  server.GrpcLogAppender (GrpcLogAppender.java:timeoutAppendRequest(200)) - 2565157f-9642-4f7c-bd15-58f431c5cf0a@group-42427AE515A8->a5d3a44e-87a4-4ffe-bd57-d4dea2700ae7-GrpcLogAppender: appendEntries Timeout, request=2565157f-9642-4f7c-bd15-58f431c5cf0a->a5d3a44e-87a4-4ffe-bd57-d4dea2700ae7#48-t2, previous=(t:2, i:12), leaderCommit=6, initializing? false, entries: <empty>
2019-09-16 17:27:15,017 [grpc-default-executor-5] INFO  client.GrpcClientProtocolClient (GrpcClientProtocolClient.java:onNext(264)) - client-67B75F1E9B14->08c3c9a3-c92b-48ae-803a-081cb99550ef: receive RaftClientReply:client-67B75F1E9B14->08c3c9a3-c92b-48ae-803a-081cb99550ef@group-42427AE515A8, cid=47, FAILED org.apache.ratis.protocol.NotLeaderException: Server 08c3c9a3-c92b-48ae-803a-081cb99550ef@group-42427AE515A8 is not the leader 2565157f-9642-4f7c-bd15-58f431c5cf0a:192.168.151.75:46619, logIndex=0, commits[08c3c9a3-c92b-48ae-803a-081cb99550ef:c6, 2565157f-9642-4f7c-bd15-58f431c5cf0a:c6, a5d3a44e-87a4-4ffe-bd57-d4dea2700ae7:c4]
2019-09-16 17:27:17,251 [java.util.concurrent.ThreadPoolExecutor$Worker@5a1c6d9[State = -1, empty queue]] WARN  server.GrpcLogAppender (GrpcLogAppender.java:timeoutAppendRequest(200)) - 2565157f-9642-4f7c-bd15-58f431c5cf0a@group-42427AE515A8->08c3c9a3-c92b-48ae-803a-081cb99550ef-GrpcLogAppender: appendEntries Timeout, request=2565157f-9642-4f7c-bd15-58f431c5cf0a->08c3c9a3-c92b-48ae-803a-081cb99550ef#49-t2, previous=(t:2, i:12), leaderCommit=6, initializing? false, entries: <empty>
2019-09-16 17:27:17,251 [java.util.concurrent.ThreadPoolExecutor$Worker@1b6a6326[State = -1, empty queue]] WARN  server.GrpcLogAppender (GrpcLogAppender.java:timeoutAppendRequest(200)) - 2565157f-9642-4f7c-bd15-58f431c5cf0a@group-42427AE515A8->a5d3a44e-87a4-4ffe-bd57-d4dea2700ae7-GrpcLogAppender: appendEntries Timeout, request=2565157f-9642-4f7c-bd15-58f431c5cf0a->a5d3a44e-87a4-4ffe-bd57-d4dea2700ae7#49-t2, previous=(t:2, i:12), leaderCommit=6, initializing? false, entries: <empty>
2019-09-16 17:27:19,751 [java.util.concurrent.ThreadPoolExecutor$Worker@1b6a6326[State = -1, empty queue]] WARN  server.GrpcLogAppender (GrpcLogAppender.java:timeoutAppendRequest(200)) - 2565157f-9642-4f7c-bd15-58f431c5cf0a@group-42427AE515A8->a5d3a44e-87a4-4ffe-bd57-d4dea2700ae7-GrpcLogAppender: appendEntries Timeout, request=2565157f-9642-4f7c-bd15-58f431c5cf0a->a5d3a44e-87a4-4ffe-bd57-d4dea2700ae7#50-t2, previous=(t:2, i:12), leaderCommit=6, initializing? false, entries: <empty>
2019-09-16 17:27:19,751 [java.util.concurrent.ThreadPoolExecutor$Worker@5a1c6d9[State = -1, empty queue]] WARN  server.GrpcLogAppender (GrpcLogAppender.java:timeoutAppendRequest(200)) - 2565157f-9642-4f7c-bd15-58f431c5cf0a@group-42427AE515A8->08c3c9a3-c92b-48ae-803a-081cb99550ef-GrpcLogAppender: appendEntries Timeout, request=2565157f-9642-4f7c-bd15-58f431c5cf0a->08c3c9a3-c92b-48ae-803a-081cb99550ef#50-t2, previous=(t:2, i:12), leaderCommit=6, initializing? false, entries: <empty>
2019-09-16 17:27:20,058 [grpc-default-executor-5] INFO  client.GrpcClientProtocolClient (GrpcClientProtocolClient.java:onNext(264)) - client-67B75F1E9B14->08c3c9a3-c92b-48ae-803a-081cb99550ef: receive RaftClientReply:client-67B75F1E9B14->08c3c9a3-c92b-48ae-803a-081cb99550ef@group-42427AE515A8, cid=47, FAILED org.apache.ratis.protocol.NotLeaderException: Server 08c3c9a3-c92b-48ae-803a-081cb99550ef@group-42427AE515A8 is not the leader 2565157f-9642-4f7c-bd15-58f431c5cf0a:192.168.151.75:46619, logIndex=0, commits[08c3c9a3-c92b-48ae-803a-081cb99550ef:c6, 2565157f-9642-4f7c-bd15-58f431c5cf0a:c6, a5d3a44e-87a4-4ffe-bd57-d4dea2700ae7:c4]
2019-09-16 17:27:21,850 [ReplicationMonitor] INFO  container.ReplicationManager (ReplicationManager.java:forceCloseContainer(464)) - Force closing container #1 with BCSID 4, which is in QUASI_CLOSED state.
2019-09-16 17:27:21,851 [ReplicationMonitor] INFO  container.ReplicationManager (ReplicationManager.java:sendCloseCommand(659)) - Sending close container command for container #1 to datanode a5d3a44e-87a4-4ffe-bd57-d4dea2700ae7{ip: 192.168.151.75, host: pr-hdds-2114-2x2fm-437316914, networkLocation: /default-rack, certSerialId: null}.
2019-09-16 17:27:21,852 [ReplicationMonitor] INFO  container.ReplicationManager (ReplicationManager.java:sendCloseCommand(659)) - Sending close container command for container #1 to datanode 08c3c9a3-c92b-48ae-803a-081cb99550ef{ip: 192.168.151.75, host: pr-hdds-2114-2x2fm-437316914, networkLocation: /default-rack, certSerialId: null}.
2019-09-16 17:27:21,852 [ReplicationMonitor] INFO  container.ReplicationManager (ReplicationManager.java:sendCloseCommand(659)) - Sending close container command for container #1 to datanode 2565157f-9642-4f7c-bd15-58f431c5cf0a{ip: 192.168.151.75, host: pr-hdds-2114-2x2fm-437316914, networkLocation: /default-rack, certSerialId: null}.
2019-09-16 17:27:21,852 [ReplicationMonitor] INFO  container.ReplicationManager (ReplicationManager.java:forceCloseContainer(464)) - Force closing container #2 with BCSID 0, which is in QUASI_CLOSED state.
2019-09-16 17:27:21,852 [ReplicationMonitor] INFO  container.ReplicationManager (ReplicationManager.java:sendCloseCommand(659)) - Sending close container command for container #2 to datanode 2565157f-9642-4f7c-bd15-58f431c5cf0a{ip: 192.168.151.75, host: pr-hdds-2114-2x2fm-437316914, networkLocation: /default-rack, certSerialId: null}.
2019-09-16 17:27:21,852 [ReplicationMonitor] INFO  container.ReplicationManager (ReplicationManager.java:sendCloseCommand(659)) - Sending close container command for container #2 to datanode 08c3c9a3-c92b-48ae-803a-081cb99550ef{ip: 192.168.151.75, host: pr-hdds-2114-2x2fm-437316914, networkLocation: /default-rack, certSerialId: null}.
2019-09-16 17:27:21,852 [ReplicationMonitor] INFO  container.ReplicationManager (ReplicationManager.java:sendCloseCommand(659)) - Sending close container command for container #2 to datanode a5d3a44e-87a4-4ffe-bd57-d4dea2700ae7{ip: 192.168.151.75, host: pr-hdds-2114-2x2fm-437316914, networkLocation: /default-rack, certSerialId: null}.
2019-09-16 17:27:21,852 [ReplicationMonitor] INFO  container.ReplicationManager (ReplicationManager.java:run(225)) - Replication Monitor Thread took 7 milliseconds for processing 5 containers.
2019-09-16 17:27:22,335 [java.util.concurrent.ThreadPoolExecutor$Worker@5a1c6d9[State = -1, empty queue]] WARN  server.GrpcLogAppender (GrpcLogAppender.java:timeoutAppendRequest(200)) - 2565157f-9642-4f7c-bd15-58f431c5cf0a@group-42427AE515A8->08c3c9a3-c92b-48ae-803a-081cb99550ef-GrpcLogAppender: appendEntries Timeout, request=2565157f-9642-4f7c-bd15-58f431c5cf0a->08c3c9a3-c92b-48ae-803a-081cb99550ef#51-t2, previous=(t:2, i:12), leaderCommit=6, initializing? false, entries: <empty>
2019-09-16 17:27:22,335 [java.util.concurrent.ThreadPoolExecutor$Worker@1b6a6326[State = -1, empty queue]] WARN  server.GrpcLogAppender (GrpcLogAppender.java:timeoutAppendRequest(200)) - 2565157f-9642-4f7c-bd15-58f431c5cf0a@group-42427AE515A8->a5d3a44e-87a4-4ffe-bd57-d4dea2700ae7-GrpcLogAppender: appendEntries Timeout, request=2565157f-9642-4f7c-bd15-58f431c5cf0a->a5d3a44e-87a4-4ffe-bd57-d4dea2700ae7#51-t2, previous=(t:2, i:12), leaderCommit=6, initializing? false, entries: <empty>
2019-09-16 17:27:23,362 [Command processor thread] INFO  interfaces.Container (KeyValueContainer.java:flushAndSyncDB(386)) - Container 1 is synced with bcsId 4.
2019-09-16 17:27:23,363 [Command processor thread] INFO  interfaces.Container (KeyValueContainer.java:flushAndSyncDB(386)) - Container 1 is synced with bcsId 4.
2019-09-16 17:27:23,364 [Command processor thread] INFO  interfaces.Container (KeyValueContainer.java:flushAndSyncDB(386)) - Container 1 is synced with bcsId 4.
2019-09-16 17:27:23,364 [Command processor thread] INFO  interfaces.Container (KeyValueContainer.java:flushAndSyncDB(386)) - Container 1 is synced with bcsId 4.
2019-09-16 17:27:23,380 [Command processor thread] INFO  interfaces.Container (KeyValueContainer.java:close(335)) - Container 1 is closed with bcsId 4.
2019-09-16 17:27:23,380 [Command processor thread] INFO  interfaces.Container (KeyValueContainer.java:close(335)) - Container 1 is closed with bcsId 4.
2019-09-16 17:27:23,381 [Command processor thread] INFO  interfaces.Container (KeyValueContainer.java:flushAndSyncDB(386)) - Container 2 is synced with bcsId 0.
2019-09-16 17:27:23,381 [Command processor thread] INFO  interfaces.Container (KeyValueContainer.java:flushAndSyncDB(386)) - Container 2 is synced with bcsId 0.
2019-09-16 17:27:23,381 [Command processor thread] INFO  interfaces.Container (KeyValueContainer.java:flushAndSyncDB(386)) - Container 2 is synced with bcsId 0.
2019-09-16 17:27:23,381 [Command processor thread] INFO  interfaces.Container (KeyValueContainer.java:flushAndSyncDB(386)) - Container 2 is synced with bcsId 0.
2019-09-16 17:27:23,382 [EventQueue-IncrementalContainerReportForIncrementalContainerReportHandler] INFO  container.IncrementalContainerReportHandler (AbstractContainerReportHandler.java:updateContainerState(202)) - Moving container #1 to CLOSED state, datanode a5d3a44e-87a4-4ffe-bd57-d4dea2700ae7{ip: 192.168.151.75, host: pr-hdds-2114-2x2fm-437316914, networkLocation: /default-rack, certSerialId: null} reported CLOSED replica.
2019-09-16 17:27:23,396 [Command processor thread] INFO  interfaces.Container (KeyValueContainer.java:close(335)) - Container 2 is closed with bcsId 0.
2019-09-16 17:27:23,396 [Command processor thread] INFO  interfaces.Container (KeyValueContainer.java:close(335)) - Container 2 is closed with bcsId 0.
2019-09-16 17:27:23,397 [EventQueue-IncrementalContainerReportForIncrementalContainerReportHandler] INFO  container.IncrementalContainerReportHandler (AbstractContainerReportHandler.java:updateContainerState(202)) - Moving container #2 to CLOSED state, datanode 08c3c9a3-c92b-48ae-803a-081cb99550ef{ip: 192.168.151.75, host: pr-hdds-2114-2x2fm-437316914, networkLocation: /default-rack, certSerialId: null} reported CLOSED replica.
2019-09-16 17:27:24,219 [a5d3a44e-87a4-4ffe-bd57-d4dea2700ae7@group-42427AE515A8-SegmentedRaftLogWorker] WARN  segmented.SegmentedRaftLogWorker (SegmentedRaftLogWorker.java:getFromFuture(90)) - Timeout 9/~
org.apache.ratis.protocol.TimeoutIOException: Timeout 10s: WriteLog:7: (t:2, i:7), STATEMACHINELOGENTRY, client-67B75F1E9B14, cid=47-writeStateMachineData
	at org.apache.ratis.util.IOUtils.getFromFuture(IOUtils.java:87)
	at org.apache.ratis.server.raftlog.segmented.SegmentedRaftLogWorker$StateMachineDataPolicy.getFromFuture(SegmentedRaftLogWorker.java:87)
	at org.apache.ratis.server.raftlog.segmented.SegmentedRaftLogWorker$WriteLog.execute(SegmentedRaftLogWorker.java:477)
	at org.apache.ratis.server.raftlog.segmented.SegmentedRaftLogWorker.run(SegmentedRaftLogWorker.java:289)
	at java.lang.Thread.run(Thread.java:748)
Caused by: java.util.concurrent.TimeoutException
	at java.util.concurrent.CompletableFuture.timedGet(CompletableFuture.java:1771)
	at java.util.concurrent.CompletableFuture.get(CompletableFuture.java:1915)
	at org.apache.ratis.util.IOUtils.getFromFuture(IOUtils.java:79)
	... 4 more
2019-09-16 17:27:24,341 [Command processor thread] INFO  interfaces.Container (KeyValueContainer.java:flushAndSyncDB(386)) - Container 1 is synced with bcsId 4.
2019-09-16 17:27:24,342 [Command processor thread] INFO  interfaces.Container (KeyValueContainer.java:flushAndSyncDB(386)) - Container 1 is synced with bcsId 4.
2019-09-16 17:27:24,357 [Command processor thread] INFO  interfaces.Container (KeyValueContainer.java:close(335)) - Container 1 is closed with bcsId 4.
2019-09-16 17:27:24,358 [Command processor thread] INFO  interfaces.Container (KeyValueContainer.java:flushAndSyncDB(386)) - Container 2 is synced with bcsId 0.
2019-09-16 17:27:24,358 [Command processor thread] INFO  interfaces.Container (KeyValueContainer.java:flushAndSyncDB(386)) - Container 2 is synced with bcsId 0.
2019-09-16 17:27:24,362 [08c3c9a3-c92b-48ae-803a-081cb99550ef@group-42427AE515A8-SegmentedRaftLogWorker] WARN  segmented.SegmentedRaftLogWorker (SegmentedRaftLogWorker.java:getFromFuture(90)) - Timeout 9/~
org.apache.ratis.protocol.TimeoutIOException: Timeout 10s: WriteLog:10: (t:2, i:10), STATEMACHINELOGENTRY, client-67B75F1E9B14, cid=50-writeStateMachineData
	at org.apache.ratis.util.IOUtils.getFromFuture(IOUtils.java:87)
	at org.apache.ratis.server.raftlog.segmented.SegmentedRaftLogWorker$StateMachineDataPolicy.getFromFuture(SegmentedRaftLogWorker.java:87)
	at org.apache.ratis.server.raftlog.segmented.SegmentedRaftLogWorker$WriteLog.execute(SegmentedRaftLogWorker.java:477)
	at org.apache.ratis.server.raftlog.segmented.SegmentedRaftLogWorker.run(SegmentedRaftLogWorker.java:289)
	at java.lang.Thread.run(Thread.java:748)
Caused by: java.util.concurrent.TimeoutException
	at java.util.concurrent.CompletableFuture.timedGet(CompletableFuture.java:1771)
	at java.util.concurrent.CompletableFuture.get(CompletableFuture.java:1915)
	at org.apache.ratis.util.IOUtils.getFromFuture(IOUtils.java:79)
	... 4 more
2019-09-16 17:27:24,362 [2565157f-9642-4f7c-bd15-58f431c5cf0a@group-42427AE515A8-SegmentedRaftLogWorker] WARN  segmented.SegmentedRaftLogWorker (SegmentedRaftLogWorker.java:getFromFuture(90)) - Timeout 9/~
org.apache.ratis.protocol.TimeoutIOException: Timeout 10s: WriteLog:8: (t:2, i:8), STATEMACHINELOGENTRY, client-67B75F1E9B14, cid=48-writeStateMachineData
	at org.apache.ratis.util.IOUtils.getFromFuture(IOUtils.java:87)
	at org.apache.ratis.server.raftlog.segmented.SegmentedRaftLogWorker$StateMachineDataPolicy.getFromFuture(SegmentedRaftLogWorker.java:87)
	at org.apache.ratis.server.raftlog.segmented.SegmentedRaftLogWorker$WriteLog.execute(SegmentedRaftLogWorker.java:477)
	at org.apache.ratis.server.raftlog.segmented.SegmentedRaftLogWorker.run(SegmentedRaftLogWorker.java:289)
	at java.lang.Thread.run(Thread.java:748)
Caused by: java.util.concurrent.TimeoutException
	at java.util.concurrent.CompletableFuture.timedGet(CompletableFuture.java:1771)
	at java.util.concurrent.CompletableFuture.get(CompletableFuture.java:1915)
	at org.apache.ratis.util.IOUtils.getFromFuture(IOUtils.java:79)
	... 4 more
2019-09-16 17:27:24,372 [Command processor thread] INFO  interfaces.Container (KeyValueContainer.java:close(335)) - Container 2 is closed with bcsId 0.
2019-09-16 17:27:24,753 [java.util.concurrent.ThreadPoolExecutor$Worker@1b6a6326[State = -1, empty queue]] WARN  server.GrpcLogAppender (GrpcLogAppender.java:timeoutAppendRequest(200)) - 2565157f-9642-4f7c-bd15-58f431c5cf0a@group-42427AE515A8->a5d3a44e-87a4-4ffe-bd57-d4dea2700ae7-GrpcLogAppender: appendEntries Timeout, request=2565157f-9642-4f7c-bd15-58f431c5cf0a->a5d3a44e-87a4-4ffe-bd57-d4dea2700ae7#52-t2, previous=(t:2, i:12), leaderCommit=6, initializing? false, entries: <empty>
2019-09-16 17:27:24,753 [java.util.concurrent.ThreadPoolExecutor$Worker@5a1c6d9[State = -1, empty queue]] WARN  server.GrpcLogAppender (GrpcLogAppender.java:timeoutAppendRequest(200)) - 2565157f-9642-4f7c-bd15-58f431c5cf0a@group-42427AE515A8->08c3c9a3-c92b-48ae-803a-081cb99550ef-GrpcLogAppender: appendEntries Timeout, request=2565157f-9642-4f7c-bd15-58f431c5cf0a->08c3c9a3-c92b-48ae-803a-081cb99550ef#52-t2, previous=(t:2, i:12), leaderCommit=6, initializing? false, entries: <empty>
2019-09-16 17:27:25,131 [grpc-default-executor-5] INFO  client.GrpcClientProtocolClient (GrpcClientProtocolClient.java:onNext(264)) - client-67B75F1E9B14->a5d3a44e-87a4-4ffe-bd57-d4dea2700ae7: receive RaftClientReply:client-67B75F1E9B14->a5d3a44e-87a4-4ffe-bd57-d4dea2700ae7@group-42427AE515A8, cid=47, FAILED org.apache.ratis.protocol.NotLeaderException: Server a5d3a44e-87a4-4ffe-bd57-d4dea2700ae7@group-42427AE515A8 is not the leader 2565157f-9642-4f7c-bd15-58f431c5cf0a:192.168.151.75:46619, logIndex=0, commits[a5d3a44e-87a4-4ffe-bd57-d4dea2700ae7:c6, 2565157f-9642-4f7c-bd15-58f431c5cf0a:c6, 08c3c9a3-c92b-48ae-803a-081cb99550ef:c4]
2019-09-16 17:27:27,253 [java.util.concurrent.ThreadPoolExecutor$Worker@5a1c6d9[State = -1, empty queue]] WARN  server.GrpcLogAppender (GrpcLogAppender.java:timeoutAppendRequest(200)) - 2565157f-9642-4f7c-bd15-58f431c5cf0a@group-42427AE515A8->08c3c9a3-c92b-48ae-803a-081cb99550ef-GrpcLogAppender: appendEntries Timeout, request=2565157f-9642-4f7c-bd15-58f431c5cf0a->08c3c9a3-c92b-48ae-803a-081cb99550ef#53-t2, previous=(t:2, i:12), leaderCommit=6, initializing? false, entries: <empty>
2019-09-16 17:27:27,253 [java.util.concurrent.ThreadPoolExecutor$Worker@1b6a6326[State = -1, empty queue]] WARN  server.GrpcLogAppender (GrpcLogAppender.java:timeoutAppendRequest(200)) - 2565157f-9642-4f7c-bd15-58f431c5cf0a@group-42427AE515A8->a5d3a44e-87a4-4ffe-bd57-d4dea2700ae7-GrpcLogAppender: appendEntries Timeout, request=2565157f-9642-4f7c-bd15-58f431c5cf0a->a5d3a44e-87a4-4ffe-bd57-d4dea2700ae7#53-t2, previous=(t:2, i:12), leaderCommit=6, initializing? false, entries: <empty>
2019-09-16 17:27:29,753 [java.util.concurrent.ThreadPoolExecutor$Worker@1b6a6326[State = -1, empty queue]] WARN  server.GrpcLogAppender (GrpcLogAppender.java:timeoutAppendRequest(200)) - 2565157f-9642-4f7c-bd15-58f431c5cf0a@group-42427AE515A8->a5d3a44e-87a4-4ffe-bd57-d4dea2700ae7-GrpcLogAppender: appendEntries Timeout, request=2565157f-9642-4f7c-bd15-58f431c5cf0a->a5d3a44e-87a4-4ffe-bd57-d4dea2700ae7#54-t2, previous=(t:2, i:12), leaderCommit=6, initializing? false, entries: <empty>
2019-09-16 17:27:29,753 [java.util.concurrent.ThreadPoolExecutor$Worker@5a1c6d9[State = -1, empty queue]] WARN  server.GrpcLogAppender (GrpcLogAppender.java:timeoutAppendRequest(200)) - 2565157f-9642-4f7c-bd15-58f431c5cf0a@group-42427AE515A8->08c3c9a3-c92b-48ae-803a-081cb99550ef-GrpcLogAppender: appendEntries Timeout, request=2565157f-9642-4f7c-bd15-58f431c5cf0a->08c3c9a3-c92b-48ae-803a-081cb99550ef#54-t2, previous=(t:2, i:12), leaderCommit=6, initializing? false, entries: <empty>
2019-09-16 17:27:30,161 [grpc-default-executor-6] INFO  client.GrpcClientProtocolClient (GrpcClientProtocolClient.java:onNext(264)) - client-67B75F1E9B14->08c3c9a3-c92b-48ae-803a-081cb99550ef: receive RaftClientReply:client-67B75F1E9B14->08c3c9a3-c92b-48ae-803a-081cb99550ef@group-42427AE515A8, cid=47, FAILED org.apache.ratis.protocol.NotLeaderException: Server 08c3c9a3-c92b-48ae-803a-081cb99550ef@group-42427AE515A8 is not the leader 2565157f-9642-4f7c-bd15-58f431c5cf0a:192.168.151.75:46619, logIndex=0, commits[08c3c9a3-c92b-48ae-803a-081cb99550ef:c6, 2565157f-9642-4f7c-bd15-58f431c5cf0a:c6, a5d3a44e-87a4-4ffe-bd57-d4dea2700ae7:c4]
2019-09-16 17:27:32,253 [java.util.concurrent.ThreadPoolExecutor$Worker@5a1c6d9[State = -1, empty queue]] WARN  server.GrpcLogAppender (GrpcLogAppender.java:timeoutAppendRequest(200)) - 2565157f-9642-4f7c-bd15-58f431c5cf0a@group-42427AE515A8->08c3c9a3-c92b-48ae-803a-081cb99550ef-GrpcLogAppender: appendEntries Timeout, request=2565157f-9642-4f7c-bd15-58f431c5cf0a->08c3c9a3-c92b-48ae-803a-081cb99550ef#55-t2, previous=(t:2, i:12), leaderCommit=6, initializing? false, entries: <empty>
2019-09-16 17:27:32,253 [java.util.concurrent.ThreadPoolExecutor$Worker@1b6a6326[State = -1, empty queue]] WARN  server.GrpcLogAppender (GrpcLogAppender.java:timeoutAppendRequest(200)) - 2565157f-9642-4f7c-bd15-58f431c5cf0a@group-42427AE515A8->a5d3a44e-87a4-4ffe-bd57-d4dea2700ae7-GrpcLogAppender: appendEntries Timeout, request=2565157f-9642-4f7c-bd15-58f431c5cf0a->a5d3a44e-87a4-4ffe-bd57-d4dea2700ae7#55-t2, previous=(t:2, i:12), leaderCommit=6, initializing? false, entries: <empty>
2019-09-16 17:27:34,220 [a5d3a44e-87a4-4ffe-bd57-d4dea2700ae7@group-42427AE515A8-SegmentedRaftLogWorker] WARN  segmented.SegmentedRaftLogWorker (SegmentedRaftLogWorker.java:getFromFuture(90)) - Timeout 10/~
org.apache.ratis.protocol.TimeoutIOException: Timeout 10s: WriteLog:7: (t:2, i:7), STATEMACHINELOGENTRY, client-67B75F1E9B14, cid=47-writeStateMachineData
	at org.apache.ratis.util.IOUtils.getFromFuture(IOUtils.java:87)
	at org.apache.ratis.server.raftlog.segmented.SegmentedRaftLogWorker$StateMachineDataPolicy.getFromFuture(SegmentedRaftLogWorker.java:87)
	at org.apache.ratis.server.raftlog.segmented.SegmentedRaftLogWorker$WriteLog.execute(SegmentedRaftLogWorker.java:477)
	at org.apache.ratis.server.raftlog.segmented.SegmentedRaftLogWorker.run(SegmentedRaftLogWorker.java:289)
	at java.lang.Thread.run(Thread.java:748)
Caused by: java.util.concurrent.TimeoutException
	at java.util.concurrent.CompletableFuture.timedGet(CompletableFuture.java:1771)
	at java.util.concurrent.CompletableFuture.get(CompletableFuture.java:1915)
	at org.apache.ratis.util.IOUtils.getFromFuture(IOUtils.java:79)
	... 4 more
2019-09-16 17:27:34,362 [08c3c9a3-c92b-48ae-803a-081cb99550ef@group-42427AE515A8-SegmentedRaftLogWorker] WARN  segmented.SegmentedRaftLogWorker (SegmentedRaftLogWorker.java:getFromFuture(90)) - Timeout 10/~
org.apache.ratis.protocol.TimeoutIOException: Timeout 10s: WriteLog:10: (t:2, i:10), STATEMACHINELOGENTRY, client-67B75F1E9B14, cid=50-writeStateMachineData
	at org.apache.ratis.util.IOUtils.getFromFuture(IOUtils.java:87)
	at org.apache.ratis.server.raftlog.segmented.SegmentedRaftLogWorker$StateMachineDataPolicy.getFromFuture(SegmentedRaftLogWorker.java:87)
	at org.apache.ratis.server.raftlog.segmented.SegmentedRaftLogWorker$WriteLog.execute(SegmentedRaftLogWorker.java:477)
	at org.apache.ratis.server.raftlog.segmented.SegmentedRaftLogWorker.run(SegmentedRaftLogWorker.java:289)
	at java.lang.Thread.run(Thread.java:748)
Caused by: java.util.concurrent.TimeoutException
	at java.util.concurrent.CompletableFuture.timedGet(CompletableFuture.java:1771)
	at java.util.concurrent.CompletableFuture.get(CompletableFuture.java:1915)
	at org.apache.ratis.util.IOUtils.getFromFuture(IOUtils.java:79)
	... 4 more
2019-09-16 17:27:34,363 [2565157f-9642-4f7c-bd15-58f431c5cf0a@group-42427AE515A8-SegmentedRaftLogWorker] WARN  segmented.SegmentedRaftLogWorker (SegmentedRaftLogWorker.java:getFromFuture(90)) - Timeout 10/~
org.apache.ratis.protocol.TimeoutIOException: Timeout 10s: WriteLog:8: (t:2, i:8), STATEMACHINELOGENTRY, client-67B75F1E9B14, cid=48-writeStateMachineData
	at org.apache.ratis.util.IOUtils.getFromFuture(IOUtils.java:87)
	at org.apache.ratis.server.raftlog.segmented.SegmentedRaftLogWorker$StateMachineDataPolicy.getFromFuture(SegmentedRaftLogWorker.java:87)
	at org.apache.ratis.server.raftlog.segmented.SegmentedRaftLogWorker$WriteLog.execute(SegmentedRaftLogWorker.java:477)
	at org.apache.ratis.server.raftlog.segmented.SegmentedRaftLogWorker.run(SegmentedRaftLogWorker.java:289)
	at java.lang.Thread.run(Thread.java:748)
Caused by: java.util.concurrent.TimeoutException
	at java.util.concurrent.CompletableFuture.timedGet(CompletableFuture.java:1771)
	at java.util.concurrent.CompletableFuture.get(CompletableFuture.java:1915)
	at org.apache.ratis.util.IOUtils.getFromFuture(IOUtils.java:79)
	... 4 more
2019-09-16 17:27:34,754 [java.util.concurrent.ThreadPoolExecutor$Worker@1b6a6326[State = -1, empty queue]] WARN  server.GrpcLogAppender (GrpcLogAppender.java:timeoutAppendRequest(200)) - 2565157f-9642-4f7c-bd15-58f431c5cf0a@group-42427AE515A8->a5d3a44e-87a4-4ffe-bd57-d4dea2700ae7-GrpcLogAppender: appendEntries Timeout, request=2565157f-9642-4f7c-bd15-58f431c5cf0a->a5d3a44e-87a4-4ffe-bd57-d4dea2700ae7#56-t2, previous=(t:2, i:12), leaderCommit=6, initializing? false, entries: <empty>
2019-09-16 17:27:34,754 [java.util.concurrent.ThreadPoolExecutor$Worker@5a1c6d9[State = -1, empty queue]] WARN  server.GrpcLogAppender (GrpcLogAppender.java:timeoutAppendRequest(200)) - 2565157f-9642-4f7c-bd15-58f431c5cf0a@group-42427AE515A8->08c3c9a3-c92b-48ae-803a-081cb99550ef-GrpcLogAppender: appendEntries Timeout, request=2565157f-9642-4f7c-bd15-58f431c5cf0a->08c3c9a3-c92b-48ae-803a-081cb99550ef#56-t2, previous=(t:2, i:12), leaderCommit=6, initializing? false, entries: <empty>
2019-09-16 17:27:35,187 [grpc-default-executor-6] INFO  client.GrpcClientProtocolClient (GrpcClientProtocolClient.java:onNext(264)) - client-67B75F1E9B14->a5d3a44e-87a4-4ffe-bd57-d4dea2700ae7: receive RaftClientReply:client-67B75F1E9B14->a5d3a44e-87a4-4ffe-bd57-d4dea2700ae7@group-42427AE515A8, cid=47, FAILED org.apache.ratis.protocol.NotLeaderException: Server a5d3a44e-87a4-4ffe-bd57-d4dea2700ae7@group-42427AE515A8 is not the leader 2565157f-9642-4f7c-bd15-58f431c5cf0a:192.168.151.75:46619, logIndex=0, commits[a5d3a44e-87a4-4ffe-bd57-d4dea2700ae7:c6, 2565157f-9642-4f7c-bd15-58f431c5cf0a:c6, 08c3c9a3-c92b-48ae-803a-081cb99550ef:c4]
2019-09-16 17:27:37,255 [java.util.concurrent.ThreadPoolExecutor$Worker@5a1c6d9[State = -1, empty queue]] WARN  server.GrpcLogAppender (GrpcLogAppender.java:timeoutAppendRequest(200)) - 2565157f-9642-4f7c-bd15-58f431c5cf0a@group-42427AE515A8->08c3c9a3-c92b-48ae-803a-081cb99550ef-GrpcLogAppender: appendEntries Timeout, request=2565157f-9642-4f7c-bd15-58f431c5cf0a->08c3c9a3-c92b-48ae-803a-081cb99550ef#57-t2, previous=(t:2, i:12), leaderCommit=6, initializing? false, entries: <empty>
2019-09-16 17:27:37,255 [java.util.concurrent.ThreadPoolExecutor$Worker@1b6a6326[State = -1, empty queue]] WARN  server.GrpcLogAppender (GrpcLogAppender.java:timeoutAppendRequest(200)) - 2565157f-9642-4f7c-bd15-58f431c5cf0a@group-42427AE515A8->a5d3a44e-87a4-4ffe-bd57-d4dea2700ae7-GrpcLogAppender: appendEntries Timeout, request=2565157f-9642-4f7c-bd15-58f431c5cf0a->a5d3a44e-87a4-4ffe-bd57-d4dea2700ae7#57-t2, previous=(t:2, i:12), leaderCommit=6, initializing? false, entries: <empty>
2019-09-16 17:27:39,755 [java.util.concurrent.ThreadPoolExecutor$Worker@5a1c6d9[State = -1, empty queue]] WARN  server.GrpcLogAppender (GrpcLogAppender.java:timeoutAppendRequest(200)) - 2565157f-9642-4f7c-bd15-58f431c5cf0a@group-42427AE515A8->08c3c9a3-c92b-48ae-803a-081cb99550ef-GrpcLogAppender: appendEntries Timeout, request=2565157f-9642-4f7c-bd15-58f431c5cf0a->08c3c9a3-c92b-48ae-803a-081cb99550ef#58-t2, previous=(t:2, i:12), leaderCommit=6, initializing? false, entries: <empty>
2019-09-16 17:27:39,755 [java.util.concurrent.ThreadPoolExecutor$Worker@1b6a6326[State = -1, empty queue]] WARN  server.GrpcLogAppender (GrpcLogAppender.java:timeoutAppendRequest(200)) - 2565157f-9642-4f7c-bd15-58f431c5cf0a@group-42427AE515A8->a5d3a44e-87a4-4ffe-bd57-d4dea2700ae7-GrpcLogAppender: appendEntries Timeout, request=2565157f-9642-4f7c-bd15-58f431c5cf0a->a5d3a44e-87a4-4ffe-bd57-d4dea2700ae7#58-t2, previous=(t:2, i:12), leaderCommit=6, initializing? false, entries: <empty>
2019-09-16 17:27:40,245 [grpc-default-executor-6] INFO  client.GrpcClientProtocolClient (GrpcClientProtocolClient.java:onNext(264)) - client-67B75F1E9B14->08c3c9a3-c92b-48ae-803a-081cb99550ef: receive RaftClientReply:client-67B75F1E9B14->08c3c9a3-c92b-48ae-803a-081cb99550ef@group-42427AE515A8, cid=47, FAILED org.apache.ratis.protocol.NotLeaderException: Server 08c3c9a3-c92b-48ae-803a-081cb99550ef@group-42427AE515A8 is not the leader 2565157f-9642-4f7c-bd15-58f431c5cf0a:192.168.151.75:46619, logIndex=0, commits[08c3c9a3-c92b-48ae-803a-081cb99550ef:c6, 2565157f-9642-4f7c-bd15-58f431c5cf0a:c6, a5d3a44e-87a4-4ffe-bd57-d4dea2700ae7:c4]
2019-09-16 17:27:42,256 [java.util.concurrent.ThreadPoolExecutor$Worker@1b6a6326[State = -1, empty queue]] WARN  server.GrpcLogAppender (GrpcLogAppender.java:timeoutAppendRequest(200)) - 2565157f-9642-4f7c-bd15-58f431c5cf0a@group-42427AE515A8->a5d3a44e-87a4-4ffe-bd57-d4dea2700ae7-GrpcLogAppender: appendEntries Timeout, request=2565157f-9642-4f7c-bd15-58f431c5cf0a->a5d3a44e-87a4-4ffe-bd57-d4dea2700ae7#59-t2, previous=(t:2, i:12), leaderCommit=6, initializing? false, entries: <empty>
2019-09-16 17:27:42,256 [java.util.concurrent.ThreadPoolExecutor$Worker@5a1c6d9[State = -1, empty queue]] WARN  server.GrpcLogAppender (GrpcLogAppender.java:timeoutAppendRequest(200)) - 2565157f-9642-4f7c-bd15-58f431c5cf0a@group-42427AE515A8->08c3c9a3-c92b-48ae-803a-081cb99550ef-GrpcLogAppender: appendEntries Timeout, request=2565157f-9642-4f7c-bd15-58f431c5cf0a->08c3c9a3-c92b-48ae-803a-081cb99550ef#59-t2, previous=(t:2, i:12), leaderCommit=6, initializing? false, entries: <empty>
2019-09-16 17:27:44,222 [a5d3a44e-87a4-4ffe-bd57-d4dea2700ae7@group-42427AE515A8-SegmentedRaftLogWorker] WARN  segmented.SegmentedRaftLogWorker (SegmentedRaftLogWorker.java:getFromFuture(90)) - Timeout 11/~
org.apache.ratis.protocol.TimeoutIOException: Timeout 10s: WriteLog:7: (t:2, i:7), STATEMACHINELOGENTRY, client-67B75F1E9B14, cid=47-writeStateMachineData
	at org.apache.ratis.util.IOUtils.getFromFuture(IOUtils.java:87)
	at org.apache.ratis.server.raftlog.segmented.SegmentedRaftLogWorker$StateMachineDataPolicy.getFromFuture(SegmentedRaftLogWorker.java:87)
	at org.apache.ratis.server.raftlog.segmented.SegmentedRaftLogWorker$WriteLog.execute(SegmentedRaftLogWorker.java:477)
	at org.apache.ratis.server.raftlog.segmented.SegmentedRaftLogWorker.run(SegmentedRaftLogWorker.java:289)
	at java.lang.Thread.run(Thread.java:748)
Caused by: java.util.concurrent.TimeoutException
	at java.util.concurrent.CompletableFuture.timedGet(CompletableFuture.java:1771)
	at java.util.concurrent.CompletableFuture.get(CompletableFuture.java:1915)
	at org.apache.ratis.util.IOUtils.getFromFuture(IOUtils.java:79)
	... 4 more
2019-09-16 17:27:44,260 [org.apache.ratis.server.impl.LogAppender$AppenderDaemon$$Lambda$485/1974557644@1b840190] ERROR ratis.XceiverServerRatis (XceiverServerRatis.java:triggerPipelineClose(568)) - pipeline Action CLOSE  on pipeline PipelineID=93324fbd-3721-4fab-88a8-42427ae515a8.Reason : 2565157f-9642-4f7c-bd15-58f431c5cf0a has not seen follower/s a5d3a44e-87a4-4ffe-bd57-d4dea2700ae7 for 120155ms 08c3c9a3-c92b-48ae-803a-081cb99550ef for 120155ms
2019-09-16 17:27:44,260 [org.apache.ratis.server.impl.LogAppender$AppenderDaemon$$Lambda$485/1974557644@38a349fb] ERROR ratis.XceiverServerRatis (XceiverServerRatis.java:triggerPipelineClose(568)) - pipeline Action CLOSE  on pipeline PipelineID=93324fbd-3721-4fab-88a8-42427ae515a8.Reason : 2565157f-9642-4f7c-bd15-58f431c5cf0a has not seen follower/s a5d3a44e-87a4-4ffe-bd57-d4dea2700ae7 for 120155ms 08c3c9a3-c92b-48ae-803a-081cb99550ef for 120155ms
2019-09-16 17:27:44,363 [08c3c9a3-c92b-48ae-803a-081cb99550ef@group-42427AE515A8-SegmentedRaftLogWorker] WARN  segmented.SegmentedRaftLogWorker (SegmentedRaftLogWorker.java:getFromFuture(90)) - Timeout 11/~
org.apache.ratis.protocol.TimeoutIOException: Timeout 10s: WriteLog:10: (t:2, i:10), STATEMACHINELOGENTRY, client-67B75F1E9B14, cid=50-writeStateMachineData
	at org.apache.ratis.util.IOUtils.getFromFuture(IOUtils.java:87)
	at org.apache.ratis.server.raftlog.segmented.SegmentedRaftLogWorker$StateMachineDataPolicy.getFromFuture(SegmentedRaftLogWorker.java:87)
	at org.apache.ratis.server.raftlog.segmented.SegmentedRaftLogWorker$WriteLog.execute(SegmentedRaftLogWorker.java:477)
	at org.apache.ratis.server.raftlog.segmented.SegmentedRaftLogWorker.run(SegmentedRaftLogWorker.java:289)
	at java.lang.Thread.run(Thread.java:748)
Caused by: java.util.concurrent.TimeoutException
	at java.util.concurrent.CompletableFuture.timedGet(CompletableFuture.java:1771)
	at java.util.concurrent.CompletableFuture.get(CompletableFuture.java:1915)
	at org.apache.ratis.util.IOUtils.getFromFuture(IOUtils.java:79)
	... 4 more
2019-09-16 17:27:44,364 [2565157f-9642-4f7c-bd15-58f431c5cf0a@group-42427AE515A8-SegmentedRaftLogWorker] WARN  segmented.SegmentedRaftLogWorker (SegmentedRaftLogWorker.java:getFromFuture(90)) - Timeout 11/~
org.apache.ratis.protocol.TimeoutIOException: Timeout 10s: WriteLog:8: (t:2, i:8), STATEMACHINELOGENTRY, client-67B75F1E9B14, cid=48-writeStateMachineData
	at org.apache.ratis.util.IOUtils.getFromFuture(IOUtils.java:87)
	at org.apache.ratis.server.raftlog.segmented.SegmentedRaftLogWorker$StateMachineDataPolicy.getFromFuture(SegmentedRaftLogWorker.java:87)
	at org.apache.ratis.server.raftlog.segmented.SegmentedRaftLogWorker$WriteLog.execute(SegmentedRaftLogWorker.java:477)
	at org.apache.ratis.server.raftlog.segmented.SegmentedRaftLogWorker.run(SegmentedRaftLogWorker.java:289)
	at java.lang.Thread.run(Thread.java:748)
Caused by: java.util.concurrent.TimeoutException
	at java.util.concurrent.CompletableFuture.timedGet(CompletableFuture.java:1771)
	at java.util.concurrent.CompletableFuture.get(CompletableFuture.java:1915)
	at org.apache.ratis.util.IOUtils.getFromFuture(IOUtils.java:79)
	... 4 more
2019-09-16 17:27:44,377 [EventQueue-PipelineActionsForPipelineActionHandler] ERROR pipeline.PipelineActionHandler (PipelineActionHandler.java:onMessage(60)) - Received pipeline action CLOSE for Pipeline[ Id: 93324fbd-3721-4fab-88a8-42427ae515a8, Nodes: a5d3a44e-87a4-4ffe-bd57-d4dea2700ae7{ip: 192.168.151.75, host: pr-hdds-2114-2x2fm-437316914, networkLocation: /default-rack, certSerialId: null}08c3c9a3-c92b-48ae-803a-081cb99550ef{ip: 192.168.151.75, host: pr-hdds-2114-2x2fm-437316914, networkLocation: /default-rack, certSerialId: null}2565157f-9642-4f7c-bd15-58f431c5cf0a{ip: 192.168.151.75, host: pr-hdds-2114-2x2fm-437316914, networkLocation: /default-rack, certSerialId: null}, Type:RATIS, Factor:THREE, State:OPEN] from datanode 2565157f-9642-4f7c-bd15-58f431c5cf0a{ip: 192.168.151.75, host: pr-hdds-2114-2x2fm-437316914, networkLocation: /default-rack, certSerialId: null}. Reason : 2565157f-9642-4f7c-bd15-58f431c5cf0a has not seen follower/s a5d3a44e-87a4-4ffe-bd57-d4dea2700ae7 for 120155ms 08c3c9a3-c92b-48ae-803a-081cb99550ef for 120155ms
2019-09-16 17:27:44,377 [EventQueue-PipelineActionsForPipelineActionHandler] INFO  pipeline.SCMPipelineManager (SCMPipelineManager.java:finalizeAndDestroyPipeline(311)) - destroying pipeline:Pipeline[ Id: 93324fbd-3721-4fab-88a8-42427ae515a8, Nodes: a5d3a44e-87a4-4ffe-bd57-d4dea2700ae7{ip: 192.168.151.75, host: pr-hdds-2114-2x2fm-437316914, networkLocation: /default-rack, certSerialId: null}08c3c9a3-c92b-48ae-803a-081cb99550ef{ip: 192.168.151.75, host: pr-hdds-2114-2x2fm-437316914, networkLocation: /default-rack, certSerialId: null}2565157f-9642-4f7c-bd15-58f431c5cf0a{ip: 192.168.151.75, host: pr-hdds-2114-2x2fm-437316914, networkLocation: /default-rack, certSerialId: null}, Type:RATIS, Factor:THREE, State:OPEN]
2019-09-16 17:27:44,378 [EventQueue-PipelineActionsForPipelineActionHandler] INFO  pipeline.PipelineStateManager (PipelineStateManager.java:finalizePipeline(123)) - Pipeline Pipeline[ Id: 93324fbd-3721-4fab-88a8-42427ae515a8, Nodes: a5d3a44e-87a4-4ffe-bd57-d4dea2700ae7{ip: 192.168.151.75, host: pr-hdds-2114-2x2fm-437316914, networkLocation: /default-rack, certSerialId: null}08c3c9a3-c92b-48ae-803a-081cb99550ef{ip: 192.168.151.75, host: pr-hdds-2114-2x2fm-437316914, networkLocation: /default-rack, certSerialId: null}2565157f-9642-4f7c-bd15-58f431c5cf0a{ip: 192.168.151.75, host: pr-hdds-2114-2x2fm-437316914, networkLocation: /default-rack, certSerialId: null}, Type:RATIS, Factor:THREE, State:CLOSED] moved to CLOSED state
2019-09-16 17:27:44,378 [EventQueue-CloseContainerForCloseContainerEventHandler] INFO  container.CloseContainerEventHandler (CloseContainerEventHandler.java:onMessage(61)) - Close container Event triggered for container : #4
2019-09-16 17:27:44,380 [EventQueue-CloseContainerForCloseContainerEventHandler] INFO  container.CloseContainerEventHandler (CloseContainerEventHandler.java:onMessage(61)) - Close container Event triggered for container : #5
2019-09-16 17:27:44,758 [java.util.concurrent.ThreadPoolExecutor$Worker@1b6a6326[State = -1, empty queue]] WARN  server.GrpcLogAppender (GrpcLogAppender.java:timeoutAppendRequest(200)) - 2565157f-9642-4f7c-bd15-58f431c5cf0a@group-42427AE515A8->a5d3a44e-87a4-4ffe-bd57-d4dea2700ae7-GrpcLogAppender: appendEntries Timeout, request=2565157f-9642-4f7c-bd15-58f431c5cf0a->a5d3a44e-87a4-4ffe-bd57-d4dea2700ae7#60-t2, previous=(t:2, i:12), leaderCommit=6, initializing? false, entries: <empty>
2019-09-16 17:27:44,758 [java.util.concurrent.ThreadPoolExecutor$Worker@5a1c6d9[State = -1, empty queue]] WARN  server.GrpcLogAppender (GrpcLogAppender.java:timeoutAppendRequest(200)) - 2565157f-9642-4f7c-bd15-58f431c5cf0a@group-42427AE515A8->08c3c9a3-c92b-48ae-803a-081cb99550ef-GrpcLogAppender: appendEntries Timeout, request=2565157f-9642-4f7c-bd15-58f431c5cf0a->08c3c9a3-c92b-48ae-803a-081cb99550ef#60-t2, previous=(t:2, i:12), leaderCommit=6, initializing? false, entries: <empty>
2019-09-16 17:27:45,315 [grpc-default-executor-5] INFO  client.GrpcClientProtocolClient (GrpcClientProtocolClient.java:onNext(264)) - client-67B75F1E9B14->08c3c9a3-c92b-48ae-803a-081cb99550ef: receive RaftClientReply:client-67B75F1E9B14->08c3c9a3-c92b-48ae-803a-081cb99550ef@group-42427AE515A8, cid=47, FAILED org.apache.ratis.protocol.NotLeaderException: Server 08c3c9a3-c92b-48ae-803a-081cb99550ef@group-42427AE515A8 is not the leader 2565157f-9642-4f7c-bd15-58f431c5cf0a:192.168.151.75:46619, logIndex=0, commits[08c3c9a3-c92b-48ae-803a-081cb99550ef:c6, 2565157f-9642-4f7c-bd15-58f431c5cf0a:c6, a5d3a44e-87a4-4ffe-bd57-d4dea2700ae7:c4]
2019-09-16 17:27:46,761 [org.apache.ratis.server.impl.LogAppender$AppenderDaemon$$Lambda$485/1974557644@38a349fb] ERROR ratis.XceiverServerRatis (XceiverServerRatis.java:triggerPipelineClose(568)) - pipeline Action CLOSE  on pipeline PipelineID=93324fbd-3721-4fab-88a8-42427ae515a8.Reason : 2565157f-9642-4f7c-bd15-58f431c5cf0a has not seen follower/s a5d3a44e-87a4-4ffe-bd57-d4dea2700ae7 for 122656ms 08c3c9a3-c92b-48ae-803a-081cb99550ef for 122656ms
2019-09-16 17:27:46,761 [org.apache.ratis.server.impl.LogAppender$AppenderDaemon$$Lambda$485/1974557644@1b840190] ERROR ratis.XceiverServerRatis (XceiverServerRatis.java:triggerPipelineClose(568)) - pipeline Action CLOSE  on pipeline PipelineID=93324fbd-3721-4fab-88a8-42427ae515a8.Reason : 2565157f-9642-4f7c-bd15-58f431c5cf0a has not seen follower/s a5d3a44e-87a4-4ffe-bd57-d4dea2700ae7 for 122656ms 08c3c9a3-c92b-48ae-803a-081cb99550ef for 122656ms
2019-09-16 17:27:47,260 [java.util.concurrent.ThreadPoolExecutor$Worker@5a1c6d9[State = -1, empty queue]] WARN  server.GrpcLogAppender (GrpcLogAppender.java:timeoutAppendRequest(200)) - 2565157f-9642-4f7c-bd15-58f431c5cf0a@group-42427AE515A8->08c3c9a3-c92b-48ae-803a-081cb99550ef-GrpcLogAppender: appendEntries Timeout, request=2565157f-9642-4f7c-bd15-58f431c5cf0a->08c3c9a3-c92b-48ae-803a-081cb99550ef#61-t2, previous=(t:2, i:12), leaderCommit=6, initializing? false, entries: <empty>
2019-09-16 17:27:47,260 [java.util.concurrent.ThreadPoolExecutor$Worker@1b6a6326[State = -1, empty queue]] WARN  server.GrpcLogAppender (GrpcLogAppender.java:timeoutAppendRequest(200)) - 2565157f-9642-4f7c-bd15-58f431c5cf0a@group-42427AE515A8->a5d3a44e-87a4-4ffe-bd57-d4dea2700ae7-GrpcLogAppender: appendEntries Timeout, request=2565157f-9642-4f7c-bd15-58f431c5cf0a->a5d3a44e-87a4-4ffe-bd57-d4dea2700ae7#61-t2, previous=(t:2, i:12), leaderCommit=6, initializing? false, entries: <empty>
2019-09-16 17:27:47,377 [EventQueue-PipelineActionsForPipelineActionHandler] ERROR pipeline.PipelineActionHandler (PipelineActionHandler.java:onMessage(60)) - Received pipeline action CLOSE for Pipeline[ Id: 93324fbd-3721-4fab-88a8-42427ae515a8, Nodes: a5d3a44e-87a4-4ffe-bd57-d4dea2700ae7{ip: 192.168.151.75, host: pr-hdds-2114-2x2fm-437316914, networkLocation: /default-rack, certSerialId: null}08c3c9a3-c92b-48ae-803a-081cb99550ef{ip: 192.168.151.75, host: pr-hdds-2114-2x2fm-437316914, networkLocation: /default-rack, certSerialId: null}2565157f-9642-4f7c-bd15-58f431c5cf0a{ip: 192.168.151.75, host: pr-hdds-2114-2x2fm-437316914, networkLocation: /default-rack, certSerialId: null}, Type:RATIS, Factor:THREE, State:CLOSED] from datanode 2565157f-9642-4f7c-bd15-58f431c5cf0a{ip: 192.168.151.75, host: pr-hdds-2114-2x2fm-437316914, networkLocation: /default-rack, certSerialId: null}. Reason : 2565157f-9642-4f7c-bd15-58f431c5cf0a has not seen follower/s a5d3a44e-87a4-4ffe-bd57-d4dea2700ae7 for 122656ms 08c3c9a3-c92b-48ae-803a-081cb99550ef for 122656ms
2019-09-16 17:27:47,377 [EventQueue-PipelineActionsForPipelineActionHandler] INFO  pipeline.SCMPipelineManager (SCMPipelineManager.java:finalizeAndDestroyPipeline(311)) - destroying pipeline:Pipeline[ Id: 93324fbd-3721-4fab-88a8-42427ae515a8, Nodes: a5d3a44e-87a4-4ffe-bd57-d4dea2700ae7{ip: 192.168.151.75, host: pr-hdds-2114-2x2fm-437316914, networkLocation: /default-rack, certSerialId: null}08c3c9a3-c92b-48ae-803a-081cb99550ef{ip: 192.168.151.75, host: pr-hdds-2114-2x2fm-437316914, networkLocation: /default-rack, certSerialId: null}2565157f-9642-4f7c-bd15-58f431c5cf0a{ip: 192.168.151.75, host: pr-hdds-2114-2x2fm-437316914, networkLocation: /default-rack, certSerialId: null}, Type:RATIS, Factor:THREE, State:CLOSED]
2019-09-16 17:27:47,407 [org.apache.ratis.server.impl.LogAppender$AppenderDaemon$$Lambda$485/1974557644@38a349fb] ERROR ratis.XceiverServerRatis (XceiverServerRatis.java:triggerPipelineClose(568)) - pipeline Action CLOSE  on pipeline PipelineID=93324fbd-3721-4fab-88a8-42427ae515a8.Reason : 2565157f-9642-4f7c-bd15-58f431c5cf0a has not seen follower/s a5d3a44e-87a4-4ffe-bd57-d4dea2700ae7 for 123302ms 08c3c9a3-c92b-48ae-803a-081cb99550ef for 123302ms
2019-09-16 17:27:47,407 [org.apache.ratis.server.impl.LogAppender$AppenderDaemon$$Lambda$485/1974557644@1b840190] ERROR ratis.XceiverServerRatis (XceiverServerRatis.java:triggerPipelineClose(568)) - pipeline Action CLOSE  on pipeline PipelineID=93324fbd-3721-4fab-88a8-42427ae515a8.Reason : 2565157f-9642-4f7c-bd15-58f431c5cf0a has not seen follower/s a5d3a44e-87a4-4ffe-bd57-d4dea2700ae7 for 123302ms 08c3c9a3-c92b-48ae-803a-081cb99550ef for 123302ms
2019-09-16 17:27:48,401 [EventQueue-PipelineActionsForPipelineActionHandler] ERROR pipeline.PipelineActionHandler (PipelineActionHandler.java:onMessage(60)) - Received pipeline action CLOSE for Pipeline[ Id: 93324fbd-3721-4fab-88a8-42427ae515a8, Nodes: a5d3a44e-87a4-4ffe-bd57-d4dea2700ae7{ip: 192.168.151.75, host: pr-hdds-2114-2x2fm-437316914, networkLocation: /default-rack, certSerialId: null}08c3c9a3-c92b-48ae-803a-081cb99550ef{ip: 192.168.151.75, host: pr-hdds-2114-2x2fm-437316914, networkLocation: /default-rack, certSerialId: null}2565157f-9642-4f7c-bd15-58f431c5cf0a{ip: 192.168.151.75, host: pr-hdds-2114-2x2fm-437316914, networkLocation: /default-rack, certSerialId: null}, Type:RATIS, Factor:THREE, State:CLOSED] from datanode 2565157f-9642-4f7c-bd15-58f431c5cf0a{ip: 192.168.151.75, host: pr-hdds-2114-2x2fm-437316914, networkLocation: /default-rack, certSerialId: null}. Reason : 2565157f-9642-4f7c-bd15-58f431c5cf0a has not seen follower/s a5d3a44e-87a4-4ffe-bd57-d4dea2700ae7 for 123302ms 08c3c9a3-c92b-48ae-803a-081cb99550ef for 123302ms
2019-09-16 17:27:48,402 [EventQueue-PipelineActionsForPipelineActionHandler] INFO  pipeline.SCMPipelineManager (SCMPipelineManager.java:finalizeAndDestroyPipeline(311)) - destroying pipeline:Pipeline[ Id: 93324fbd-3721-4fab-88a8-42427ae515a8, Nodes: a5d3a44e-87a4-4ffe-bd57-d4dea2700ae7{ip: 192.168.151.75, host: pr-hdds-2114-2x2fm-437316914, networkLocation: /default-rack, certSerialId: null}08c3c9a3-c92b-48ae-803a-081cb99550ef{ip: 192.168.151.75, host: pr-hdds-2114-2x2fm-437316914, networkLocation: /default-rack, certSerialId: null}2565157f-9642-4f7c-bd15-58f431c5cf0a{ip: 192.168.151.75, host: pr-hdds-2114-2x2fm-437316914, networkLocation: /default-rack, certSerialId: null}, Type:RATIS, Factor:THREE, State:CLOSED]
2019-09-16 17:27:49,761 [java.util.concurrent.ThreadPoolExecutor$Worker@5a1c6d9[State = -1, empty queue]] WARN  server.GrpcLogAppender (GrpcLogAppender.java:timeoutAppendRequest(200)) - 2565157f-9642-4f7c-bd15-58f431c5cf0a@group-42427AE515A8->08c3c9a3-c92b-48ae-803a-081cb99550ef-GrpcLogAppender: appendEntries Timeout, request=2565157f-9642-4f7c-bd15-58f431c5cf0a->08c3c9a3-c92b-48ae-803a-081cb99550ef#62-t2, previous=(t:2, i:12), leaderCommit=6, initializing? false, entries: <empty>
2019-09-16 17:27:49,761 [java.util.concurrent.ThreadPoolExecutor$Worker@1b6a6326[State = -1, empty queue]] WARN  server.GrpcLogAppender (GrpcLogAppender.java:timeoutAppendRequest(200)) - 2565157f-9642-4f7c-bd15-58f431c5cf0a@group-42427AE515A8->a5d3a44e-87a4-4ffe-bd57-d4dea2700ae7-GrpcLogAppender: appendEntries Timeout, request=2565157f-9642-4f7c-bd15-58f431c5cf0a->a5d3a44e-87a4-4ffe-bd57-d4dea2700ae7#62-t2, previous=(t:2, i:12), leaderCommit=6, initializing? false, entries: <empty>
2019-09-16 17:27:49,907 [org.apache.ratis.server.impl.LogAppender$AppenderDaemon$$Lambda$485/1974557644@38a349fb] ERROR ratis.XceiverServerRatis (XceiverServerRatis.java:triggerPipelineClose(568)) - pipeline Action CLOSE  on pipeline PipelineID=93324fbd-3721-4fab-88a8-42427ae515a8.Reason : 2565157f-9642-4f7c-bd15-58f431c5cf0a has not seen follower/s a5d3a44e-87a4-4ffe-bd57-d4dea2700ae7 for 125803ms 08c3c9a3-c92b-48ae-803a-081cb99550ef for 125803ms
2019-09-16 17:27:49,908 [org.apache.ratis.server.impl.LogAppender$AppenderDaemon$$Lambda$485/1974557644@1b840190] ERROR ratis.XceiverServerRatis (XceiverServerRatis.java:triggerPipelineClose(568)) - pipeline Action CLOSE  on pipeline PipelineID=93324fbd-3721-4fab-88a8-42427ae515a8.Reason : 2565157f-9642-4f7c-bd15-58f431c5cf0a has not seen follower/s a5d3a44e-87a4-4ffe-bd57-d4dea2700ae7 for 125803ms 08c3c9a3-c92b-48ae-803a-081cb99550ef for 125803ms
2019-09-16 17:27:50,366 [grpc-default-executor-5] INFO  client.GrpcClientProtocolClient (GrpcClientProtocolClient.java:onNext(264)) - client-67B75F1E9B14->a5d3a44e-87a4-4ffe-bd57-d4dea2700ae7: receive RaftClientReply:client-67B75F1E9B14->a5d3a44e-87a4-4ffe-bd57-d4dea2700ae7@group-42427AE515A8, cid=47, FAILED org.apache.ratis.protocol.NotLeaderException: Server a5d3a44e-87a4-4ffe-bd57-d4dea2700ae7@group-42427AE515A8 is not the leader 2565157f-9642-4f7c-bd15-58f431c5cf0a:192.168.151.75:46619, logIndex=0, commits[a5d3a44e-87a4-4ffe-bd57-d4dea2700ae7:c6, 2565157f-9642-4f7c-bd15-58f431c5cf0a:c6, 08c3c9a3-c92b-48ae-803a-081cb99550ef:c4]
2019-09-16 17:27:50,402 [EventQueue-PipelineActionsForPipelineActionHandler] ERROR pipeline.PipelineActionHandler (PipelineActionHandler.java:onMessage(60)) - Received pipeline action CLOSE for Pipeline[ Id: 93324fbd-3721-4fab-88a8-42427ae515a8, Nodes: a5d3a44e-87a4-4ffe-bd57-d4dea2700ae7{ip: 192.168.151.75, host: pr-hdds-2114-2x2fm-437316914, networkLocation: /default-rack, certSerialId: null}08c3c9a3-c92b-48ae-803a-081cb99550ef{ip: 192.168.151.75, host: pr-hdds-2114-2x2fm-437316914, networkLocation: /default-rack, certSerialId: null}2565157f-9642-4f7c-bd15-58f431c5cf0a{ip: 192.168.151.75, host: pr-hdds-2114-2x2fm-437316914, networkLocation: /default-rack, certSerialId: null}, Type:RATIS, Factor:THREE, State:CLOSED] from datanode 2565157f-9642-4f7c-bd15-58f431c5cf0a{ip: 192.168.151.75, host: pr-hdds-2114-2x2fm-437316914, networkLocation: /default-rack, certSerialId: null}. Reason : 2565157f-9642-4f7c-bd15-58f431c5cf0a has not seen follower/s a5d3a44e-87a4-4ffe-bd57-d4dea2700ae7 for 125803ms 08c3c9a3-c92b-48ae-803a-081cb99550ef for 125803ms
2019-09-16 17:27:50,402 [EventQueue-PipelineActionsForPipelineActionHandler] INFO  pipeline.SCMPipelineManager (SCMPipelineManager.java:finalizeAndDestroyPipeline(311)) - destroying pipeline:Pipeline[ Id: 93324fbd-3721-4fab-88a8-42427ae515a8, Nodes: a5d3a44e-87a4-4ffe-bd57-d4dea2700ae7{ip: 192.168.151.75, host: pr-hdds-2114-2x2fm-437316914, networkLocation: /default-rack, certSerialId: null}08c3c9a3-c92b-48ae-803a-081cb99550ef{ip: 192.168.151.75, host: pr-hdds-2114-2x2fm-437316914, networkLocation: /default-rack, certSerialId: null}2565157f-9642-4f7c-bd15-58f431c5cf0a{ip: 192.168.151.75, host: pr-hdds-2114-2x2fm-437316914, networkLocation: /default-rack, certSerialId: null}, Type:RATIS, Factor:THREE, State:CLOSED]
2019-09-16 17:27:50,407 [java.util.concurrent.ThreadPoolExecutor$Worker@5a1c6d9[State = -1, empty queue]] WARN  server.GrpcLogAppender (GrpcLogAppender.java:timeoutAppendRequest(200)) - 2565157f-9642-4f7c-bd15-58f431c5cf0a@group-42427AE515A8->08c3c9a3-c92b-48ae-803a-081cb99550ef-GrpcLogAppender: appendEntries Timeout, request=2565157f-9642-4f7c-bd15-58f431c5cf0a->08c3c9a3-c92b-48ae-803a-081cb99550ef#63-t2, previous=(t:2, i:12), leaderCommit=6, initializing? false, entries: size=1, first=(t:2, i:13), STATEMACHINELOGENTRY, client-2448AB5F6424, cid=10
2019-09-16 17:27:50,407 [java.util.concurrent.ThreadPoolExecutor$Worker@1b6a6326[State = -1, empty queue]] WARN  server.GrpcLogAppender (GrpcLogAppender.java:timeoutAppendRequest(200)) - 2565157f-9642-4f7c-bd15-58f431c5cf0a@group-42427AE515A8->a5d3a44e-87a4-4ffe-bd57-d4dea2700ae7-GrpcLogAppender: appendEntries Timeout, request=2565157f-9642-4f7c-bd15-58f431c5cf0a->a5d3a44e-87a4-4ffe-bd57-d4dea2700ae7#63-t2, previous=(t:2, i:12), leaderCommit=6, initializing? false, entries: size=1, first=(t:2, i:13), STATEMACHINELOGENTRY, client-2448AB5F6424, cid=10
2019-09-16 17:27:52,409 [org.apache.ratis.server.impl.LogAppender$AppenderDaemon$$Lambda$485/1974557644@1b840190] ERROR ratis.XceiverServerRatis (XceiverServerRatis.java:triggerPipelineClose(568)) - pipeline Action CLOSE  on pipeline PipelineID=93324fbd-3721-4fab-88a8-42427ae515a8.Reason : 2565157f-9642-4f7c-bd15-58f431c5cf0a has not seen follower/s a5d3a44e-87a4-4ffe-bd57-d4dea2700ae7 for 128304ms 08c3c9a3-c92b-48ae-803a-081cb99550ef for 128304ms
2019-09-16 17:27:52,409 [org.apache.ratis.server.impl.LogAppender$AppenderDaemon$$Lambda$485/1974557644@38a349fb] ERROR ratis.XceiverServerRatis (XceiverServerRatis.java:triggerPipelineClose(568)) - pipeline Action CLOSE  on pipeline PipelineID=93324fbd-3721-4fab-88a8-42427ae515a8.Reason : 2565157f-9642-4f7c-bd15-58f431c5cf0a has not seen follower/s a5d3a44e-87a4-4ffe-bd57-d4dea2700ae7 for 128304ms 08c3c9a3-c92b-48ae-803a-081cb99550ef for 128304ms
2019-09-16 17:27:52,908 [java.util.concurrent.ThreadPoolExecutor$Worker@5a1c6d9[State = -1, empty queue]] WARN  server.GrpcLogAppender (GrpcLogAppender.java:timeoutAppendRequest(200)) - 2565157f-9642-4f7c-bd15-58f431c5cf0a@group-42427AE515A8->08c3c9a3-c92b-48ae-803a-081cb99550ef-GrpcLogAppender: appendEntries Timeout, request=2565157f-9642-4f7c-bd15-58f431c5cf0a->08c3c9a3-c92b-48ae-803a-081cb99550ef#64-t2, previous=(t:2, i:13), leaderCommit=6, initializing? false, entries: <empty>
2019-09-16 17:27:52,908 [java.util.concurrent.ThreadPoolExecutor$Worker@1b6a6326[State = -1, empty queue]] WARN  server.GrpcLogAppender (GrpcLogAppender.java:timeoutAppendRequest(200)) - 2565157f-9642-4f7c-bd15-58f431c5cf0a@group-42427AE515A8->a5d3a44e-87a4-4ffe-bd57-d4dea2700ae7-GrpcLogAppender: appendEntries Timeout, request=2565157f-9642-4f7c-bd15-58f431c5cf0a->a5d3a44e-87a4-4ffe-bd57-d4dea2700ae7#64-t2, previous=(t:2, i:13), leaderCommit=6, initializing? false, entries: <empty>
2019-09-16 17:27:53,403 [EventQueue-PipelineActionsForPipelineActionHandler] ERROR pipeline.PipelineActionHandler (PipelineActionHandler.java:onMessage(60)) - Received pipeline action CLOSE for Pipeline[ Id: 93324fbd-3721-4fab-88a8-42427ae515a8, Nodes: a5d3a44e-87a4-4ffe-bd57-d4dea2700ae7{ip: 192.168.151.75, host: pr-hdds-2114-2x2fm-437316914, networkLocation: /default-rack, certSerialId: null}08c3c9a3-c92b-48ae-803a-081cb99550ef{ip: 192.168.151.75, host: pr-hdds-2114-2x2fm-437316914, networkLocation: /default-rack, certSerialId: null}2565157f-9642-4f7c-bd15-58f431c5cf0a{ip: 192.168.151.75, host: pr-hdds-2114-2x2fm-437316914, networkLocation: /default-rack, certSerialId: null}, Type:RATIS, Factor:THREE, State:CLOSED] from datanode 2565157f-9642-4f7c-bd15-58f431c5cf0a{ip: 192.168.151.75, host: pr-hdds-2114-2x2fm-437316914, networkLocation: /default-rack, certSerialId: null}. Reason : 2565157f-9642-4f7c-bd15-58f431c5cf0a has not seen follower/s a5d3a44e-87a4-4ffe-bd57-d4dea2700ae7 for 128304ms 08c3c9a3-c92b-48ae-803a-081cb99550ef for 128304ms
2019-09-16 17:27:53,404 [EventQueue-PipelineActionsForPipelineActionHandler] INFO  pipeline.SCMPipelineManager (SCMPipelineManager.java:finalizeAndDestroyPipeline(311)) - destroying pipeline:Pipeline[ Id: 93324fbd-3721-4fab-88a8-42427ae515a8, Nodes: a5d3a44e-87a4-4ffe-bd57-d4dea2700ae7{ip: 192.168.151.75, host: pr-hdds-2114-2x2fm-437316914, networkLocation: /default-rack, certSerialId: null}08c3c9a3-c92b-48ae-803a-081cb99550ef{ip: 192.168.151.75, host: pr-hdds-2114-2x2fm-437316914, networkLocation: /default-rack, certSerialId: null}2565157f-9642-4f7c-bd15-58f431c5cf0a{ip: 192.168.151.75, host: pr-hdds-2114-2x2fm-437316914, networkLocation: /default-rack, certSerialId: null}, Type:RATIS, Factor:THREE, State:CLOSED]
2019-09-16 17:27:54,224 [a5d3a44e-87a4-4ffe-bd57-d4dea2700ae7@group-42427AE515A8-SegmentedRaftLogWorker] WARN  segmented.SegmentedRaftLogWorker (SegmentedRaftLogWorker.java:getFromFuture(90)) - Timeout 12/~
org.apache.ratis.protocol.TimeoutIOException: Timeout 10s: WriteLog:7: (t:2, i:7), STATEMACHINELOGENTRY, client-67B75F1E9B14, cid=47-writeStateMachineData
	at org.apache.ratis.util.IOUtils.getFromFuture(IOUtils.java:87)
	at org.apache.ratis.server.raftlog.segmented.SegmentedRaftLogWorker$StateMachineDataPolicy.getFromFuture(SegmentedRaftLogWorker.java:87)
	at org.apache.ratis.server.raftlog.segmented.SegmentedRaftLogWorker$WriteLog.execute(SegmentedRaftLogWorker.java:477)
	at org.apache.ratis.server.raftlog.segmented.SegmentedRaftLogWorker.run(SegmentedRaftLogWorker.java:289)
	at java.lang.Thread.run(Thread.java:748)
Caused by: java.util.concurrent.TimeoutException
	at java.util.concurrent.CompletableFuture.timedGet(CompletableFuture.java:1771)
	at java.util.concurrent.CompletableFuture.get(CompletableFuture.java:1915)
	at org.apache.ratis.util.IOUtils.getFromFuture(IOUtils.java:79)
	... 4 more
2019-09-16 17:27:54,364 [08c3c9a3-c92b-48ae-803a-081cb99550ef@group-42427AE515A8-SegmentedRaftLogWorker] WARN  segmented.SegmentedRaftLogWorker (SegmentedRaftLogWorker.java:getFromFuture(90)) - Timeout 12/~
org.apache.ratis.protocol.TimeoutIOException: Timeout 10s: WriteLog:10: (t:2, i:10), STATEMACHINELOGENTRY, client-67B75F1E9B14, cid=50-writeStateMachineData
	at org.apache.ratis.util.IOUtils.getFromFuture(IOUtils.java:87)
	at org.apache.ratis.server.raftlog.segmented.SegmentedRaftLogWorker$StateMachineDataPolicy.getFromFuture(SegmentedRaftLogWorker.java:87)
	at org.apache.ratis.server.raftlog.segmented.SegmentedRaftLogWorker$WriteLog.execute(SegmentedRaftLogWorker.java:477)
	at org.apache.ratis.server.raftlog.segmented.SegmentedRaftLogWorker.run(SegmentedRaftLogWorker.java:289)
	at java.lang.Thread.run(Thread.java:748)
Caused by: java.util.concurrent.TimeoutException
	at java.util.concurrent.CompletableFuture.timedGet(CompletableFuture.java:1771)
	at java.util.concurrent.CompletableFuture.get(CompletableFuture.java:1915)
	at org.apache.ratis.util.IOUtils.getFromFuture(IOUtils.java:79)
	... 4 more
2019-09-16 17:27:54,364 [2565157f-9642-4f7c-bd15-58f431c5cf0a@group-42427AE515A8-SegmentedRaftLogWorker] WARN  segmented.SegmentedRaftLogWorker (SegmentedRaftLogWorker.java:getFromFuture(90)) - Timeout 12/~
org.apache.ratis.protocol.TimeoutIOException: Timeout 10s: WriteLog:8: (t:2, i:8), STATEMACHINELOGENTRY, client-67B75F1E9B14, cid=48-writeStateMachineData
	at org.apache.ratis.util.IOUtils.getFromFuture(IOUtils.java:87)
	at org.apache.ratis.server.raftlog.segmented.SegmentedRaftLogWorker$StateMachineDataPolicy.getFromFuture(SegmentedRaftLogWorker.java:87)
	at org.apache.ratis.server.raftlog.segmented.SegmentedRaftLogWorker$WriteLog.execute(SegmentedRaftLogWorker.java:477)
	at org.apache.ratis.server.raftlog.segmented.SegmentedRaftLogWorker.run(SegmentedRaftLogWorker.java:289)
	at java.lang.Thread.run(Thread.java:748)
Caused by: java.util.concurrent.TimeoutException
	at java.util.concurrent.CompletableFuture.timedGet(CompletableFuture.java:1771)
	at java.util.concurrent.CompletableFuture.get(CompletableFuture.java:1915)
	at org.apache.ratis.util.IOUtils.getFromFuture(IOUtils.java:79)
	... 4 more
2019-09-16 17:27:54,911 [org.apache.ratis.server.impl.LogAppender$AppenderDaemon$$Lambda$485/1974557644@1b840190] ERROR ratis.XceiverServerRatis (XceiverServerRatis.java:triggerPipelineClose(568)) - pipeline Action CLOSE  on pipeline PipelineID=93324fbd-3721-4fab-88a8-42427ae515a8.Reason : 2565157f-9642-4f7c-bd15-58f431c5cf0a has not seen follower/s a5d3a44e-87a4-4ffe-bd57-d4dea2700ae7 for 130806ms 08c3c9a3-c92b-48ae-803a-081cb99550ef for 130806ms
2019-09-16 17:27:54,911 [org.apache.ratis.server.impl.LogAppender$AppenderDaemon$$Lambda$485/1974557644@38a349fb] ERROR ratis.XceiverServerRatis (XceiverServerRatis.java:triggerPipelineClose(568)) - pipeline Action CLOSE  on pipeline PipelineID=93324fbd-3721-4fab-88a8-42427ae515a8.Reason : 2565157f-9642-4f7c-bd15-58f431c5cf0a has not seen follower/s a5d3a44e-87a4-4ffe-bd57-d4dea2700ae7 for 130806ms 08c3c9a3-c92b-48ae-803a-081cb99550ef for 130806ms
2019-09-16 17:27:55,405 [EventQueue-PipelineActionsForPipelineActionHandler] ERROR pipeline.PipelineActionHandler (PipelineActionHandler.java:onMessage(60)) - Received pipeline action CLOSE for Pipeline[ Id: 93324fbd-3721-4fab-88a8-42427ae515a8, Nodes: a5d3a44e-87a4-4ffe-bd57-d4dea2700ae7{ip: 192.168.151.75, host: pr-hdds-2114-2x2fm-437316914, networkLocation: /default-rack, certSerialId: null}08c3c9a3-c92b-48ae-803a-081cb99550ef{ip: 192.168.151.75, host: pr-hdds-2114-2x2fm-437316914, networkLocation: /default-rack, certSerialId: null}2565157f-9642-4f7c-bd15-58f431c5cf0a{ip: 192.168.151.75, host: pr-hdds-2114-2x2fm-437316914, networkLocation: /default-rack, certSerialId: null}, Type:RATIS, Factor:THREE, State:CLOSED] from datanode 2565157f-9642-4f7c-bd15-58f431c5cf0a{ip: 192.168.151.75, host: pr-hdds-2114-2x2fm-437316914, networkLocation: /default-rack, certSerialId: null}. Reason : 2565157f-9642-4f7c-bd15-58f431c5cf0a has not seen follower/s a5d3a44e-87a4-4ffe-bd57-d4dea2700ae7 for 130806ms 08c3c9a3-c92b-48ae-803a-081cb99550ef for 130806ms
2019-09-16 17:27:55,405 [EventQueue-PipelineActionsForPipelineActionHandler] INFO  pipeline.SCMPipelineManager (SCMPipelineManager.java:finalizeAndDestroyPipeline(311)) - destroying pipeline:Pipeline[ Id: 93324fbd-3721-4fab-88a8-42427ae515a8, Nodes: a5d3a44e-87a4-4ffe-bd57-d4dea2700ae7{ip: 192.168.151.75, host: pr-hdds-2114-2x2fm-437316914, networkLocation: /default-rack, certSerialId: null}08c3c9a3-c92b-48ae-803a-081cb99550ef{ip: 192.168.151.75, host: pr-hdds-2114-2x2fm-437316914, networkLocation: /default-rack, certSerialId: null}2565157f-9642-4f7c-bd15-58f431c5cf0a{ip: 192.168.151.75, host: pr-hdds-2114-2x2fm-437316914, networkLocation: /default-rack, certSerialId: null}, Type:RATIS, Factor:THREE, State:CLOSED]
2019-09-16 17:27:55,408 [java.util.concurrent.ThreadPoolExecutor$Worker@5a1c6d9[State = -1, empty queue]] WARN  server.GrpcLogAppender (GrpcLogAppender.java:timeoutAppendRequest(200)) - 2565157f-9642-4f7c-bd15-58f431c5cf0a@group-42427AE515A8->08c3c9a3-c92b-48ae-803a-081cb99550ef-GrpcLogAppender: appendEntries Timeout, request=2565157f-9642-4f7c-bd15-58f431c5cf0a->08c3c9a3-c92b-48ae-803a-081cb99550ef#65-t2, previous=(t:2, i:13), leaderCommit=6, initializing? false, entries: <empty>
2019-09-16 17:27:55,409 [java.util.concurrent.ThreadPoolExecutor$Worker@1b6a6326[State = -1, empty queue]] WARN  server.GrpcLogAppender (GrpcLogAppender.java:timeoutAppendRequest(200)) - 2565157f-9642-4f7c-bd15-58f431c5cf0a@group-42427AE515A8->a5d3a44e-87a4-4ffe-bd57-d4dea2700ae7-GrpcLogAppender: appendEntries Timeout, request=2565157f-9642-4f7c-bd15-58f431c5cf0a->a5d3a44e-87a4-4ffe-bd57-d4dea2700ae7#65-t2, previous=(t:2, i:13), leaderCommit=6, initializing? false, entries: <empty>
2019-09-16 17:27:55,421 [grpc-default-executor-5] INFO  client.GrpcClientProtocolClient (GrpcClientProtocolClient.java:onNext(264)) - client-67B75F1E9B14->a5d3a44e-87a4-4ffe-bd57-d4dea2700ae7: receive RaftClientReply:client-67B75F1E9B14->a5d3a44e-87a4-4ffe-bd57-d4dea2700ae7@group-42427AE515A8, cid=47, FAILED org.apache.ratis.protocol.NotLeaderException: Server a5d3a44e-87a4-4ffe-bd57-d4dea2700ae7@group-42427AE515A8 is not the leader 2565157f-9642-4f7c-bd15-58f431c5cf0a:192.168.151.75:46619, logIndex=0, commits[a5d3a44e-87a4-4ffe-bd57-d4dea2700ae7:c6, 2565157f-9642-4f7c-bd15-58f431c5cf0a:c6, 08c3c9a3-c92b-48ae-803a-081cb99550ef:c4]
2019-09-16 17:27:57,412 [org.apache.ratis.server.impl.LogAppender$AppenderDaemon$$Lambda$485/1974557644@1b840190] ERROR ratis.XceiverServerRatis (XceiverServerRatis.java:triggerPipelineClose(568)) - pipeline Action CLOSE  on pipeline PipelineID=93324fbd-3721-4fab-88a8-42427ae515a8.Reason : 2565157f-9642-4f7c-bd15-58f431c5cf0a has not seen follower/s a5d3a44e-87a4-4ffe-bd57-d4dea2700ae7 for 133307ms 08c3c9a3-c92b-48ae-803a-081cb99550ef for 133307ms
2019-09-16 17:27:57,412 [org.apache.ratis.server.impl.LogAppender$AppenderDaemon$$Lambda$485/1974557644@38a349fb] ERROR ratis.XceiverServerRatis (XceiverServerRatis.java:triggerPipelineClose(568)) - pipeline Action CLOSE  on pipeline PipelineID=93324fbd-3721-4fab-88a8-42427ae515a8.Reason : 2565157f-9642-4f7c-bd15-58f431c5cf0a has not seen follower/s a5d3a44e-87a4-4ffe-bd57-d4dea2700ae7 for 133307ms 08c3c9a3-c92b-48ae-803a-081cb99550ef for 133307ms
2019-09-16 17:27:57,910 [java.util.concurrent.ThreadPoolExecutor$Worker@1b6a6326[State = -1, empty queue]] WARN  server.GrpcLogAppender (GrpcLogAppender.java:timeoutAppendRequest(200)) - 2565157f-9642-4f7c-bd15-58f431c5cf0a@group-42427AE515A8->a5d3a44e-87a4-4ffe-bd57-d4dea2700ae7-GrpcLogAppender: appendEntries Timeout, request=2565157f-9642-4f7c-bd15-58f431c5cf0a->a5d3a44e-87a4-4ffe-bd57-d4dea2700ae7#66-t2, previous=(t:2, i:13), leaderCommit=6, initializing? false, entries: <empty>
2019-09-16 17:27:57,910 [java.util.concurrent.ThreadPoolExecutor$Worker@5a1c6d9[State = -1, empty queue]] WARN  server.GrpcLogAppender (GrpcLogAppender.java:timeoutAppendRequest(200)) - 2565157f-9642-4f7c-bd15-58f431c5cf0a@group-42427AE515A8->08c3c9a3-c92b-48ae-803a-081cb99550ef-GrpcLogAppender: appendEntries Timeout, request=2565157f-9642-4f7c-bd15-58f431c5cf0a->08c3c9a3-c92b-48ae-803a-081cb99550ef#66-t2, previous=(t:2, i:13), leaderCommit=6, initializing? false, entries: <empty>
2019-09-16 17:27:58,405 [EventQueue-PipelineActionsForPipelineActionHandler] ERROR pipeline.PipelineActionHandler (PipelineActionHandler.java:onMessage(60)) - Received pipeline action CLOSE for Pipeline[ Id: 93324fbd-3721-4fab-88a8-42427ae515a8, Nodes: a5d3a44e-87a4-4ffe-bd57-d4dea2700ae7{ip: 192.168.151.75, host: pr-hdds-2114-2x2fm-437316914, networkLocation: /default-rack, certSerialId: null}08c3c9a3-c92b-48ae-803a-081cb99550ef{ip: 192.168.151.75, host: pr-hdds-2114-2x2fm-437316914, networkLocation: /default-rack, certSerialId: null}2565157f-9642-4f7c-bd15-58f431c5cf0a{ip: 192.168.151.75, host: pr-hdds-2114-2x2fm-437316914, networkLocation: /default-rack, certSerialId: null}, Type:RATIS, Factor:THREE, State:CLOSED] from datanode 2565157f-9642-4f7c-bd15-58f431c5cf0a{ip: 192.168.151.75, host: pr-hdds-2114-2x2fm-437316914, networkLocation: /default-rack, certSerialId: null}. Reason : 2565157f-9642-4f7c-bd15-58f431c5cf0a has not seen follower/s a5d3a44e-87a4-4ffe-bd57-d4dea2700ae7 for 133307ms 08c3c9a3-c92b-48ae-803a-081cb99550ef for 133307ms
2019-09-16 17:27:58,405 [EventQueue-PipelineActionsForPipelineActionHandler] INFO  pipeline.SCMPipelineManager (SCMPipelineManager.java:finalizeAndDestroyPipeline(311)) - destroying pipeline:Pipeline[ Id: 93324fbd-3721-4fab-88a8-42427ae515a8, Nodes: a5d3a44e-87a4-4ffe-bd57-d4dea2700ae7{ip: 192.168.151.75, host: pr-hdds-2114-2x2fm-437316914, networkLocation: /default-rack, certSerialId: null}08c3c9a3-c92b-48ae-803a-081cb99550ef{ip: 192.168.151.75, host: pr-hdds-2114-2x2fm-437316914, networkLocation: /default-rack, certSerialId: null}2565157f-9642-4f7c-bd15-58f431c5cf0a{ip: 192.168.151.75, host: pr-hdds-2114-2x2fm-437316914, networkLocation: /default-rack, certSerialId: null}, Type:RATIS, Factor:THREE, State:CLOSED]
2019-09-16 17:27:59,913 [org.apache.ratis.server.impl.LogAppender$AppenderDaemon$$Lambda$485/1974557644@1b840190] ERROR ratis.XceiverServerRatis (XceiverServerRatis.java:triggerPipelineClose(568)) - pipeline Action CLOSE  on pipeline PipelineID=93324fbd-3721-4fab-88a8-42427ae515a8.Reason : 2565157f-9642-4f7c-bd15-58f431c5cf0a has not seen follower/s a5d3a44e-87a4-4ffe-bd57-d4dea2700ae7 for 135807ms 08c3c9a3-c92b-48ae-803a-081cb99550ef for 135807ms
2019-09-16 17:27:59,913 [org.apache.ratis.server.impl.LogAppender$AppenderDaemon$$Lambda$485/1974557644@38a349fb] ERROR ratis.XceiverServerRatis (XceiverServerRatis.java:triggerPipelineClose(568)) - pipeline Action CLOSE  on pipeline PipelineID=93324fbd-3721-4fab-88a8-42427ae515a8.Reason : 2565157f-9642-4f7c-bd15-58f431c5cf0a has not seen follower/s a5d3a44e-87a4-4ffe-bd57-d4dea2700ae7 for 135807ms 08c3c9a3-c92b-48ae-803a-081cb99550ef for 135807ms
2019-09-16 17:28:00,405 [EventQueue-PipelineActionsForPipelineActionHandler] ERROR pipeline.PipelineActionHandler (PipelineActionHandler.java:onMessage(60)) - Received pipeline action CLOSE for Pipeline[ Id: 93324fbd-3721-4fab-88a8-42427ae515a8, Nodes: a5d3a44e-87a4-4ffe-bd57-d4dea2700ae7{ip: 192.168.151.75, host: pr-hdds-2114-2x2fm-437316914, networkLocation: /default-rack, certSerialId: null}08c3c9a3-c92b-48ae-803a-081cb99550ef{ip: 192.168.151.75, host: pr-hdds-2114-2x2fm-437316914, networkLocation: /default-rack, certSerialId: null}2565157f-9642-4f7c-bd15-58f431c5cf0a{ip: 192.168.151.75, host: pr-hdds-2114-2x2fm-437316914, networkLocation: /default-rack, certSerialId: null}, Type:RATIS, Factor:THREE, State:CLOSED] from datanode 2565157f-9642-4f7c-bd15-58f431c5cf0a{ip: 192.168.151.75, host: pr-hdds-2114-2x2fm-437316914, networkLocation: /default-rack, certSerialId: null}. Reason : 2565157f-9642-4f7c-bd15-58f431c5cf0a has not seen follower/s a5d3a44e-87a4-4ffe-bd57-d4dea2700ae7 for 135807ms 08c3c9a3-c92b-48ae-803a-081cb99550ef for 135807ms
2019-09-16 17:28:00,405 [EventQueue-PipelineActionsForPipelineActionHandler] INFO  pipeline.SCMPipelineManager (SCMPipelineManager.java:finalizeAndDestroyPipeline(311)) - destroying pipeline:Pipeline[ Id: 93324fbd-3721-4fab-88a8-42427ae515a8, Nodes: a5d3a44e-87a4-4ffe-bd57-d4dea2700ae7{ip: 192.168.151.75, host: pr-hdds-2114-2x2fm-437316914, networkLocation: /default-rack, certSerialId: null}08c3c9a3-c92b-48ae-803a-081cb99550ef{ip: 192.168.151.75, host: pr-hdds-2114-2x2fm-437316914, networkLocation: /default-rack, certSerialId: null}2565157f-9642-4f7c-bd15-58f431c5cf0a{ip: 192.168.151.75, host: pr-hdds-2114-2x2fm-437316914, networkLocation: /default-rack, certSerialId: null}, Type:RATIS, Factor:THREE, State:CLOSED]
2019-09-16 17:28:00,411 [java.util.concurrent.ThreadPoolExecutor$Worker@1b6a6326[State = -1, empty queue]] WARN  server.GrpcLogAppender (GrpcLogAppender.java:timeoutAppendRequest(200)) - 2565157f-9642-4f7c-bd15-58f431c5cf0a@group-42427AE515A8->a5d3a44e-87a4-4ffe-bd57-d4dea2700ae7-GrpcLogAppender: appendEntries Timeout, request=2565157f-9642-4f7c-bd15-58f431c5cf0a->a5d3a44e-87a4-4ffe-bd57-d4dea2700ae7#67-t2, previous=(t:2, i:13), leaderCommit=6, initializing? false, entries: <empty>
2019-09-16 17:28:00,411 [java.util.concurrent.ThreadPoolExecutor$Worker@5a1c6d9[State = -1, empty queue]] WARN  server.GrpcLogAppender (GrpcLogAppender.java:timeoutAppendRequest(200)) - 2565157f-9642-4f7c-bd15-58f431c5cf0a@group-42427AE515A8->08c3c9a3-c92b-48ae-803a-081cb99550ef-GrpcLogAppender: appendEntries Timeout, request=2565157f-9642-4f7c-bd15-58f431c5cf0a->08c3c9a3-c92b-48ae-803a-081cb99550ef#67-t2, previous=(t:2, i:13), leaderCommit=6, initializing? false, entries: <empty>
2019-09-16 17:28:00,487 [grpc-default-executor-6] INFO  client.GrpcClientProtocolClient (GrpcClientProtocolClient.java:onNext(264)) - client-67B75F1E9B14->a5d3a44e-87a4-4ffe-bd57-d4dea2700ae7: receive RaftClientReply:client-67B75F1E9B14->a5d3a44e-87a4-4ffe-bd57-d4dea2700ae7@group-42427AE515A8, cid=47, FAILED org.apache.ratis.protocol.NotLeaderException: Server a5d3a44e-87a4-4ffe-bd57-d4dea2700ae7@group-42427AE515A8 is not the leader 2565157f-9642-4f7c-bd15-58f431c5cf0a:192.168.151.75:46619, logIndex=0, commits[a5d3a44e-87a4-4ffe-bd57-d4dea2700ae7:c6, 2565157f-9642-4f7c-bd15-58f431c5cf0a:c6, 08c3c9a3-c92b-48ae-803a-081cb99550ef:c4]
2019-09-16 17:28:02,413 [org.apache.ratis.server.impl.LogAppender$AppenderDaemon$$Lambda$485/1974557644@38a349fb] ERROR ratis.XceiverServerRatis (XceiverServerRatis.java:triggerPipelineClose(568)) - pipeline Action CLOSE  on pipeline PipelineID=93324fbd-3721-4fab-88a8-42427ae515a8.Reason : 2565157f-9642-4f7c-bd15-58f431c5cf0a has not seen follower/s a5d3a44e-87a4-4ffe-bd57-d4dea2700ae7 for 138308ms 08c3c9a3-c92b-48ae-803a-081cb99550ef for 138308ms
2019-09-16 17:28:02,413 [org.apache.ratis.server.impl.LogAppender$AppenderDaemon$$Lambda$485/1974557644@1b840190] ERROR ratis.XceiverServerRatis (XceiverServerRatis.java:triggerPipelineClose(568)) - pipeline Action CLOSE  on pipeline PipelineID=93324fbd-3721-4fab-88a8-42427ae515a8.Reason : 2565157f-9642-4f7c-bd15-58f431c5cf0a has not seen follower/s a5d3a44e-87a4-4ffe-bd57-d4dea2700ae7 for 138308ms 08c3c9a3-c92b-48ae-803a-081cb99550ef for 138308ms
2019-09-16 17:28:02,912 [java.util.concurrent.ThreadPoolExecutor$Worker@1b6a6326[State = -1, empty queue]] WARN  server.GrpcLogAppender (GrpcLogAppender.java:timeoutAppendRequest(200)) - 2565157f-9642-4f7c-bd15-58f431c5cf0a@group-42427AE515A8->a5d3a44e-87a4-4ffe-bd57-d4dea2700ae7-GrpcLogAppender: appendEntries Timeout, request=2565157f-9642-4f7c-bd15-58f431c5cf0a->a5d3a44e-87a4-4ffe-bd57-d4dea2700ae7#68-t2, previous=(t:2, i:13), leaderCommit=6, initializing? false, entries: <empty>
2019-09-16 17:28:02,912 [java.util.concurrent.ThreadPoolExecutor$Worker@5a1c6d9[State = -1, empty queue]] WARN  server.GrpcLogAppender (GrpcLogAppender.java:timeoutAppendRequest(200)) - 2565157f-9642-4f7c-bd15-58f431c5cf0a@group-42427AE515A8->08c3c9a3-c92b-48ae-803a-081cb99550ef-GrpcLogAppender: appendEntries Timeout, request=2565157f-9642-4f7c-bd15-58f431c5cf0a->08c3c9a3-c92b-48ae-803a-081cb99550ef#68-t2, previous=(t:2, i:13), leaderCommit=6, initializing? false, entries: <empty>
2019-09-16 17:28:03,406 [EventQueue-PipelineActionsForPipelineActionHandler] ERROR pipeline.PipelineActionHandler (PipelineActionHandler.java:onMessage(60)) - Received pipeline action CLOSE for Pipeline[ Id: 93324fbd-3721-4fab-88a8-42427ae515a8, Nodes: a5d3a44e-87a4-4ffe-bd57-d4dea2700ae7{ip: 192.168.151.75, host: pr-hdds-2114-2x2fm-437316914, networkLocation: /default-rack, certSerialId: null}08c3c9a3-c92b-48ae-803a-081cb99550ef{ip: 192.168.151.75, host: pr-hdds-2114-2x2fm-437316914, networkLocation: /default-rack, certSerialId: null}2565157f-9642-4f7c-bd15-58f431c5cf0a{ip: 192.168.151.75, host: pr-hdds-2114-2x2fm-437316914, networkLocation: /default-rack, certSerialId: null}, Type:RATIS, Factor:THREE, State:CLOSED] from datanode 2565157f-9642-4f7c-bd15-58f431c5cf0a{ip: 192.168.151.75, host: pr-hdds-2114-2x2fm-437316914, networkLocation: /default-rack, certSerialId: null}. Reason : 2565157f-9642-4f7c-bd15-58f431c5cf0a has not seen follower/s a5d3a44e-87a4-4ffe-bd57-d4dea2700ae7 for 138308ms 08c3c9a3-c92b-48ae-803a-081cb99550ef for 138308ms
2019-09-16 17:28:03,406 [EventQueue-PipelineActionsForPipelineActionHandler] INFO  pipeline.SCMPipelineManager (SCMPipelineManager.java:finalizeAndDestroyPipeline(311)) - destroying pipeline:Pipeline[ Id: 93324fbd-3721-4fab-88a8-42427ae515a8, Nodes: a5d3a44e-87a4-4ffe-bd57-d4dea2700ae7{ip: 192.168.151.75, host: pr-hdds-2114-2x2fm-437316914, networkLocation: /default-rack, certSerialId: null}08c3c9a3-c92b-48ae-803a-081cb99550ef{ip: 192.168.151.75, host: pr-hdds-2114-2x2fm-437316914, networkLocation: /default-rack, certSerialId: null}2565157f-9642-4f7c-bd15-58f431c5cf0a{ip: 192.168.151.75, host: pr-hdds-2114-2x2fm-437316914, networkLocation: /default-rack, certSerialId: null}, Type:RATIS, Factor:THREE, State:CLOSED]
2019-09-16 17:28:04,226 [a5d3a44e-87a4-4ffe-bd57-d4dea2700ae7@group-42427AE515A8-SegmentedRaftLogWorker] WARN  segmented.SegmentedRaftLogWorker (SegmentedRaftLogWorker.java:getFromFuture(90)) - Timeout 13/~
org.apache.ratis.protocol.TimeoutIOException: Timeout 10s: WriteLog:7: (t:2, i:7), STATEMACHINELOGENTRY, client-67B75F1E9B14, cid=47-writeStateMachineData
	at org.apache.ratis.util.IOUtils.getFromFuture(IOUtils.java:87)
	at org.apache.ratis.server.raftlog.segmented.SegmentedRaftLogWorker$StateMachineDataPolicy.getFromFuture(SegmentedRaftLogWorker.java:87)
	at org.apache.ratis.server.raftlog.segmented.SegmentedRaftLogWorker$WriteLog.execute(SegmentedRaftLogWorker.java:477)
	at org.apache.ratis.server.raftlog.segmented.SegmentedRaftLogWorker.run(SegmentedRaftLogWorker.java:289)
	at java.lang.Thread.run(Thread.java:748)
Caused by: java.util.concurrent.TimeoutException
	at java.util.concurrent.CompletableFuture.timedGet(CompletableFuture.java:1771)
	at java.util.concurrent.CompletableFuture.get(CompletableFuture.java:1915)
	at org.apache.ratis.util.IOUtils.getFromFuture(IOUtils.java:79)
	... 4 more
2019-09-16 17:28:04,365 [08c3c9a3-c92b-48ae-803a-081cb99550ef@group-42427AE515A8-SegmentedRaftLogWorker] WARN  segmented.SegmentedRaftLogWorker (SegmentedRaftLogWorker.java:getFromFuture(90)) - Timeout 13/~
org.apache.ratis.protocol.TimeoutIOException: Timeout 10s: WriteLog:10: (t:2, i:10), STATEMACHINELOGENTRY, client-67B75F1E9B14, cid=50-writeStateMachineData
	at org.apache.ratis.util.IOUtils.getFromFuture(IOUtils.java:87)
	at org.apache.ratis.server.raftlog.segmented.SegmentedRaftLogWorker$StateMachineDataPolicy.getFromFuture(SegmentedRaftLogWorker.java:87)
	at org.apache.ratis.server.raftlog.segmented.SegmentedRaftLogWorker$WriteLog.execute(SegmentedRaftLogWorker.java:477)
	at org.apache.ratis.server.raftlog.segmented.SegmentedRaftLogWorker.run(SegmentedRaftLogWorker.java:289)
	at java.lang.Thread.run(Thread.java:748)
Caused by: java.util.concurrent.TimeoutException
	at java.util.concurrent.CompletableFuture.timedGet(CompletableFuture.java:1771)
	at java.util.concurrent.CompletableFuture.get(CompletableFuture.java:1915)
	at org.apache.ratis.util.IOUtils.getFromFuture(IOUtils.java:79)
	... 4 more
2019-09-16 17:28:04,365 [2565157f-9642-4f7c-bd15-58f431c5cf0a@group-42427AE515A8-SegmentedRaftLogWorker] WARN  segmented.SegmentedRaftLogWorker (SegmentedRaftLogWorker.java:getFromFuture(90)) - Timeout 13/~
org.apache.ratis.protocol.TimeoutIOException: Timeout 10s: WriteLog:8: (t:2, i:8), STATEMACHINELOGENTRY, client-67B75F1E9B14, cid=48-writeStateMachineData
	at org.apache.ratis.util.IOUtils.getFromFuture(IOUtils.java:87)
	at org.apache.ratis.server.raftlog.segmented.SegmentedRaftLogWorker$StateMachineDataPolicy.getFromFuture(SegmentedRaftLogWorker.java:87)
	at org.apache.ratis.server.raftlog.segmented.SegmentedRaftLogWorker$WriteLog.execute(SegmentedRaftLogWorker.java:477)
	at org.apache.ratis.server.raftlog.segmented.SegmentedRaftLogWorker.run(SegmentedRaftLogWorker.java:289)
	at java.lang.Thread.run(Thread.java:748)
Caused by: java.util.concurrent.TimeoutException
	at java.util.concurrent.CompletableFuture.timedGet(CompletableFuture.java:1771)
	at java.util.concurrent.CompletableFuture.get(CompletableFuture.java:1915)
	at org.apache.ratis.util.IOUtils.getFromFuture(IOUtils.java:79)
	... 4 more
2019-09-16 17:28:04,914 [org.apache.ratis.server.impl.LogAppender$AppenderDaemon$$Lambda$485/1974557644@38a349fb] ERROR ratis.XceiverServerRatis (XceiverServerRatis.java:triggerPipelineClose(568)) - pipeline Action CLOSE  on pipeline PipelineID=93324fbd-3721-4fab-88a8-42427ae515a8.Reason : 2565157f-9642-4f7c-bd15-58f431c5cf0a has not seen follower/s a5d3a44e-87a4-4ffe-bd57-d4dea2700ae7 for 140809ms 08c3c9a3-c92b-48ae-803a-081cb99550ef for 140809ms
2019-09-16 17:28:04,914 [org.apache.ratis.server.impl.LogAppender$AppenderDaemon$$Lambda$485/1974557644@1b840190] ERROR ratis.XceiverServerRatis (XceiverServerRatis.java:triggerPipelineClose(568)) - pipeline Action CLOSE  on pipeline PipelineID=93324fbd-3721-4fab-88a8-42427ae515a8.Reason : 2565157f-9642-4f7c-bd15-58f431c5cf0a has not seen follower/s a5d3a44e-87a4-4ffe-bd57-d4dea2700ae7 for 140809ms 08c3c9a3-c92b-48ae-803a-081cb99550ef for 140809ms
2019-09-16 17:28:05,406 [EventQueue-PipelineActionsForPipelineActionHandler] ERROR pipeline.PipelineActionHandler (PipelineActionHandler.java:onMessage(60)) - Received pipeline action CLOSE for Pipeline[ Id: 93324fbd-3721-4fab-88a8-42427ae515a8, Nodes: a5d3a44e-87a4-4ffe-bd57-d4dea2700ae7{ip: 192.168.151.75, host: pr-hdds-2114-2x2fm-437316914, networkLocation: /default-rack, certSerialId: null}08c3c9a3-c92b-48ae-803a-081cb99550ef{ip: 192.168.151.75, host: pr-hdds-2114-2x2fm-437316914, networkLocation: /default-rack, certSerialId: null}2565157f-9642-4f7c-bd15-58f431c5cf0a{ip: 192.168.151.75, host: pr-hdds-2114-2x2fm-437316914, networkLocation: /default-rack, certSerialId: null}, Type:RATIS, Factor:THREE, State:CLOSED] from datanode 2565157f-9642-4f7c-bd15-58f431c5cf0a{ip: 192.168.151.75, host: pr-hdds-2114-2x2fm-437316914, networkLocation: /default-rack, certSerialId: null}. Reason : 2565157f-9642-4f7c-bd15-58f431c5cf0a has not seen follower/s a5d3a44e-87a4-4ffe-bd57-d4dea2700ae7 for 140809ms 08c3c9a3-c92b-48ae-803a-081cb99550ef for 140809ms
2019-09-16 17:28:05,406 [EventQueue-PipelineActionsForPipelineActionHandler] INFO  pipeline.SCMPipelineManager (SCMPipelineManager.java:finalizeAndDestroyPipeline(311)) - destroying pipeline:Pipeline[ Id: 93324fbd-3721-4fab-88a8-42427ae515a8, Nodes: a5d3a44e-87a4-4ffe-bd57-d4dea2700ae7{ip: 192.168.151.75, host: pr-hdds-2114-2x2fm-437316914, networkLocation: /default-rack, certSerialId: null}08c3c9a3-c92b-48ae-803a-081cb99550ef{ip: 192.168.151.75, host: pr-hdds-2114-2x2fm-437316914, networkLocation: /default-rack, certSerialId: null}2565157f-9642-4f7c-bd15-58f431c5cf0a{ip: 192.168.151.75, host: pr-hdds-2114-2x2fm-437316914, networkLocation: /default-rack, certSerialId: null}, Type:RATIS, Factor:THREE, State:CLOSED]
2019-09-16 17:28:05,412 [java.util.concurrent.ThreadPoolExecutor$Worker@1b6a6326[State = -1, empty queue]] WARN  server.GrpcLogAppender (GrpcLogAppender.java:timeoutAppendRequest(200)) - 2565157f-9642-4f7c-bd15-58f431c5cf0a@group-42427AE515A8->a5d3a44e-87a4-4ffe-bd57-d4dea2700ae7-GrpcLogAppender: appendEntries Timeout, request=2565157f-9642-4f7c-bd15-58f431c5cf0a->a5d3a44e-87a4-4ffe-bd57-d4dea2700ae7#69-t2, previous=(t:2, i:13), leaderCommit=6, initializing? false, entries: <empty>
2019-09-16 17:28:05,412 [java.util.concurrent.ThreadPoolExecutor$Worker@5a1c6d9[State = -1, empty queue]] WARN  server.GrpcLogAppender (GrpcLogAppender.java:timeoutAppendRequest(200)) - 2565157f-9642-4f7c-bd15-58f431c5cf0a@group-42427AE515A8->08c3c9a3-c92b-48ae-803a-081cb99550ef-GrpcLogAppender: appendEntries Timeout, request=2565157f-9642-4f7c-bd15-58f431c5cf0a->08c3c9a3-c92b-48ae-803a-081cb99550ef#69-t2, previous=(t:2, i:13), leaderCommit=6, initializing? false, entries: <empty>
2019-09-16 17:28:05,557 [grpc-default-executor-5] INFO  client.GrpcClientProtocolClient (GrpcClientProtocolClient.java:onNext(264)) - client-67B75F1E9B14->a5d3a44e-87a4-4ffe-bd57-d4dea2700ae7: receive RaftClientReply:client-67B75F1E9B14->a5d3a44e-87a4-4ffe-bd57-d4dea2700ae7@group-42427AE515A8, cid=47, FAILED org.apache.ratis.protocol.NotLeaderException: Server a5d3a44e-87a4-4ffe-bd57-d4dea2700ae7@group-42427AE515A8 is not the leader 2565157f-9642-4f7c-bd15-58f431c5cf0a:192.168.151.75:46619, logIndex=0, commits[a5d3a44e-87a4-4ffe-bd57-d4dea2700ae7:c6, 2565157f-9642-4f7c-bd15-58f431c5cf0a:c6, 08c3c9a3-c92b-48ae-803a-081cb99550ef:c4]
2019-09-16 17:28:07,414 [org.apache.ratis.server.impl.LogAppender$AppenderDaemon$$Lambda$485/1974557644@38a349fb] ERROR ratis.XceiverServerRatis (XceiverServerRatis.java:triggerPipelineClose(568)) - pipeline Action CLOSE  on pipeline PipelineID=93324fbd-3721-4fab-88a8-42427ae515a8.Reason : 2565157f-9642-4f7c-bd15-58f431c5cf0a has not seen follower/s a5d3a44e-87a4-4ffe-bd57-d4dea2700ae7 for 143309ms 08c3c9a3-c92b-48ae-803a-081cb99550ef for 143309ms
2019-09-16 17:28:07,414 [org.apache.ratis.server.impl.LogAppender$AppenderDaemon$$Lambda$485/1974557644@1b840190] ERROR ratis.XceiverServerRatis (XceiverServerRatis.java:triggerPipelineClose(568)) - pipeline Action CLOSE  on pipeline PipelineID=93324fbd-3721-4fab-88a8-42427ae515a8.Reason : 2565157f-9642-4f7c-bd15-58f431c5cf0a has not seen follower/s a5d3a44e-87a4-4ffe-bd57-d4dea2700ae7 for 143309ms 08c3c9a3-c92b-48ae-803a-081cb99550ef for 143309ms
2019-09-16 17:28:07,913 [java.util.concurrent.ThreadPoolExecutor$Worker@5a1c6d9[State = -1, empty queue]] WARN  server.GrpcLogAppender (GrpcLogAppender.java:timeoutAppendRequest(200)) - 2565157f-9642-4f7c-bd15-58f431c5cf0a@group-42427AE515A8->08c3c9a3-c92b-48ae-803a-081cb99550ef-GrpcLogAppender: appendEntries Timeout, request=2565157f-9642-4f7c-bd15-58f431c5cf0a->08c3c9a3-c92b-48ae-803a-081cb99550ef#70-t2, previous=(t:2, i:13), leaderCommit=6, initializing? false, entries: <empty>
2019-09-16 17:28:07,913 [java.util.concurrent.ThreadPoolExecutor$Worker@1b6a6326[State = -1, empty queue]] WARN  server.GrpcLogAppender (GrpcLogAppender.java:timeoutAppendRequest(200)) - 2565157f-9642-4f7c-bd15-58f431c5cf0a@group-42427AE515A8->a5d3a44e-87a4-4ffe-bd57-d4dea2700ae7-GrpcLogAppender: appendEntries Timeout, request=2565157f-9642-4f7c-bd15-58f431c5cf0a->a5d3a44e-87a4-4ffe-bd57-d4dea2700ae7#70-t2, previous=(t:2, i:13), leaderCommit=6, initializing? false, entries: <empty>
2019-09-16 17:28:08,407 [EventQueue-PipelineActionsForPipelineActionHandler] ERROR pipeline.PipelineActionHandler (PipelineActionHandler.java:onMessage(60)) - Received pipeline action CLOSE for Pipeline[ Id: 93324fbd-3721-4fab-88a8-42427ae515a8, Nodes: a5d3a44e-87a4-4ffe-bd57-d4dea2700ae7{ip: 192.168.151.75, host: pr-hdds-2114-2x2fm-437316914, networkLocation: /default-rack, certSerialId: null}08c3c9a3-c92b-48ae-803a-081cb99550ef{ip: 192.168.151.75, host: pr-hdds-2114-2x2fm-437316914, networkLocation: /default-rack, certSerialId: null}2565157f-9642-4f7c-bd15-58f431c5cf0a{ip: 192.168.151.75, host: pr-hdds-2114-2x2fm-437316914, networkLocation: /default-rack, certSerialId: null}, Type:RATIS, Factor:THREE, State:CLOSED] from datanode 2565157f-9642-4f7c-bd15-58f431c5cf0a{ip: 192.168.151.75, host: pr-hdds-2114-2x2fm-437316914, networkLocation: /default-rack, certSerialId: null}. Reason : 2565157f-9642-4f7c-bd15-58f431c5cf0a has not seen follower/s a5d3a44e-87a4-4ffe-bd57-d4dea2700ae7 for 143309ms 08c3c9a3-c92b-48ae-803a-081cb99550ef for 143309ms
2019-09-16 17:28:08,408 [EventQueue-PipelineActionsForPipelineActionHandler] INFO  pipeline.SCMPipelineManager (SCMPipelineManager.java:finalizeAndDestroyPipeline(311)) - destroying pipeline:Pipeline[ Id: 93324fbd-3721-4fab-88a8-42427ae515a8, Nodes: a5d3a44e-87a4-4ffe-bd57-d4dea2700ae7{ip: 192.168.151.75, host: pr-hdds-2114-2x2fm-437316914, networkLocation: /default-rack, certSerialId: null}08c3c9a3-c92b-48ae-803a-081cb99550ef{ip: 192.168.151.75, host: pr-hdds-2114-2x2fm-437316914, networkLocation: /default-rack, certSerialId: null}2565157f-9642-4f7c-bd15-58f431c5cf0a{ip: 192.168.151.75, host: pr-hdds-2114-2x2fm-437316914, networkLocation: /default-rack, certSerialId: null}, Type:RATIS, Factor:THREE, State:CLOSED]
2019-09-16 17:28:09,914 [org.apache.ratis.server.impl.LogAppender$AppenderDaemon$$Lambda$485/1974557644@1b840190] ERROR ratis.XceiverServerRatis (XceiverServerRatis.java:triggerPipelineClose(568)) - pipeline Action CLOSE  on pipeline PipelineID=93324fbd-3721-4fab-88a8-42427ae515a8.Reason : 2565157f-9642-4f7c-bd15-58f431c5cf0a has not seen follower/s a5d3a44e-87a4-4ffe-bd57-d4dea2700ae7 for 145810ms 08c3c9a3-c92b-48ae-803a-081cb99550ef for 145810ms
2019-09-16 17:28:09,915 [org.apache.ratis.server.impl.LogAppender$AppenderDaemon$$Lambda$485/1974557644@38a349fb] ERROR ratis.XceiverServerRatis (XceiverServerRatis.java:triggerPipelineClose(568)) - pipeline Action CLOSE  on pipeline PipelineID=93324fbd-3721-4fab-88a8-42427ae515a8.Reason : 2565157f-9642-4f7c-bd15-58f431c5cf0a has not seen follower/s a5d3a44e-87a4-4ffe-bd57-d4dea2700ae7 for 145810ms 08c3c9a3-c92b-48ae-803a-081cb99550ef for 145810ms
2019-09-16 17:28:10,407 [EventQueue-PipelineActionsForPipelineActionHandler] ERROR pipeline.PipelineActionHandler (PipelineActionHandler.java:onMessage(60)) - Received pipeline action CLOSE for Pipeline[ Id: 93324fbd-3721-4fab-88a8-42427ae515a8, Nodes: a5d3a44e-87a4-4ffe-bd57-d4dea2700ae7{ip: 192.168.151.75, host: pr-hdds-2114-2x2fm-437316914, networkLocation: /default-rack, certSerialId: null}08c3c9a3-c92b-48ae-803a-081cb99550ef{ip: 192.168.151.75, host: pr-hdds-2114-2x2fm-437316914, networkLocation: /default-rack, certSerialId: null}2565157f-9642-4f7c-bd15-58f431c5cf0a{ip: 192.168.151.75, host: pr-hdds-2114-2x2fm-437316914, networkLocation: /default-rack, certSerialId: null}, Type:RATIS, Factor:THREE, State:CLOSED] from datanode 2565157f-9642-4f7c-bd15-58f431c5cf0a{ip: 192.168.151.75, host: pr-hdds-2114-2x2fm-437316914, networkLocation: /default-rack, certSerialId: null}. Reason : 2565157f-9642-4f7c-bd15-58f431c5cf0a has not seen follower/s a5d3a44e-87a4-4ffe-bd57-d4dea2700ae7 for 145810ms 08c3c9a3-c92b-48ae-803a-081cb99550ef for 145810ms
2019-09-16 17:28:10,408 [EventQueue-PipelineActionsForPipelineActionHandler] INFO  pipeline.SCMPipelineManager (SCMPipelineManager.java:finalizeAndDestroyPipeline(311)) - destroying pipeline:Pipeline[ Id: 93324fbd-3721-4fab-88a8-42427ae515a8, Nodes: a5d3a44e-87a4-4ffe-bd57-d4dea2700ae7{ip: 192.168.151.75, host: pr-hdds-2114-2x2fm-437316914, networkLocation: /default-rack, certSerialId: null}08c3c9a3-c92b-48ae-803a-081cb99550ef{ip: 192.168.151.75, host: pr-hdds-2114-2x2fm-437316914, networkLocation: /default-rack, certSerialId: null}2565157f-9642-4f7c-bd15-58f431c5cf0a{ip: 192.168.151.75, host: pr-hdds-2114-2x2fm-437316914, networkLocation: /default-rack, certSerialId: null}, Type:RATIS, Factor:THREE, State:CLOSED]
2019-09-16 17:28:10,414 [java.util.concurrent.ThreadPoolExecutor$Worker@5a1c6d9[State = -1, empty queue]] WARN  server.GrpcLogAppender (GrpcLogAppender.java:timeoutAppendRequest(200)) - 2565157f-9642-4f7c-bd15-58f431c5cf0a@group-42427AE515A8->08c3c9a3-c92b-48ae-803a-081cb99550ef-GrpcLogAppender: appendEntries Timeout, request=2565157f-9642-4f7c-bd15-58f431c5cf0a->08c3c9a3-c92b-48ae-803a-081cb99550ef#71-t2, previous=(t:2, i:13), leaderCommit=6, initializing? false, entries: <empty>
2019-09-16 17:28:10,414 [java.util.concurrent.ThreadPoolExecutor$Worker@1b6a6326[State = -1, empty queue]] WARN  server.GrpcLogAppender (GrpcLogAppender.java:timeoutAppendRequest(200)) - 2565157f-9642-4f7c-bd15-58f431c5cf0a@group-42427AE515A8->a5d3a44e-87a4-4ffe-bd57-d4dea2700ae7-GrpcLogAppender: appendEntries Timeout, request=2565157f-9642-4f7c-bd15-58f431c5cf0a->a5d3a44e-87a4-4ffe-bd57-d4dea2700ae7#71-t2, previous=(t:2, i:13), leaderCommit=6, initializing? false, entries: <empty>
2019-09-16 17:28:10,604 [grpc-default-executor-6] INFO  client.GrpcClientProtocolClient (GrpcClientProtocolClient.java:onNext(264)) - client-67B75F1E9B14->08c3c9a3-c92b-48ae-803a-081cb99550ef: receive RaftClientReply:client-67B75F1E9B14->08c3c9a3-c92b-48ae-803a-081cb99550ef@group-42427AE515A8, cid=47, FAILED org.apache.ratis.protocol.NotLeaderException: Server 08c3c9a3-c92b-48ae-803a-081cb99550ef@group-42427AE515A8 is not the leader 2565157f-9642-4f7c-bd15-58f431c5cf0a:192.168.151.75:46619, logIndex=0, commits[08c3c9a3-c92b-48ae-803a-081cb99550ef:c6, 2565157f-9642-4f7c-bd15-58f431c5cf0a:c6, a5d3a44e-87a4-4ffe-bd57-d4dea2700ae7:c4]
2019-09-16 17:28:12,424 [org.apache.ratis.server.impl.LogAppender$AppenderDaemon$$Lambda$485/1974557644@1b840190] ERROR ratis.XceiverServerRatis (XceiverServerRatis.java:triggerPipelineClose(568)) - pipeline Action CLOSE  on pipeline PipelineID=93324fbd-3721-4fab-88a8-42427ae515a8.Reason : 2565157f-9642-4f7c-bd15-58f431c5cf0a has not seen follower/s a5d3a44e-87a4-4ffe-bd57-d4dea2700ae7 for 148319ms 08c3c9a3-c92b-48ae-803a-081cb99550ef for 148320ms
2019-09-16 17:28:12,424 [org.apache.ratis.server.impl.LogAppender$AppenderDaemon$$Lambda$485/1974557644@38a349fb] ERROR ratis.XceiverServerRatis (XceiverServerRatis.java:triggerPipelineClose(568)) - pipeline Action CLOSE  on pipeline PipelineID=93324fbd-3721-4fab-88a8-42427ae515a8.Reason : 2565157f-9642-4f7c-bd15-58f431c5cf0a has not seen follower/s a5d3a44e-87a4-4ffe-bd57-d4dea2700ae7 for 148319ms 08c3c9a3-c92b-48ae-803a-081cb99550ef for 148320ms
2019-09-16 17:28:12,914 [java.util.concurrent.ThreadPoolExecutor$Worker@5a1c6d9[State = -1, empty queue]] WARN  server.GrpcLogAppender (GrpcLogAppender.java:timeoutAppendRequest(200)) - 2565157f-9642-4f7c-bd15-58f431c5cf0a@group-42427AE515A8->08c3c9a3-c92b-48ae-803a-081cb99550ef-GrpcLogAppender: appendEntries Timeout, request=2565157f-9642-4f7c-bd15-58f431c5cf0a->08c3c9a3-c92b-48ae-803a-081cb99550ef#72-t2, previous=(t:2, i:13), leaderCommit=6, initializing? false, entries: <empty>
2019-09-16 17:28:12,914 [java.util.concurrent.ThreadPoolExecutor$Worker@1b6a6326[State = -1, empty queue]] WARN  server.GrpcLogAppender (GrpcLogAppender.java:timeoutAppendRequest(200)) - 2565157f-9642-4f7c-bd15-58f431c5cf0a@group-42427AE515A8->a5d3a44e-87a4-4ffe-bd57-d4dea2700ae7-GrpcLogAppender: appendEntries Timeout, request=2565157f-9642-4f7c-bd15-58f431c5cf0a->a5d3a44e-87a4-4ffe-bd57-d4dea2700ae7#72-t2, previous=(t:2, i:13), leaderCommit=6, initializing? false, entries: <empty>
2019-09-16 17:28:13,407 [EventQueue-PipelineActionsForPipelineActionHandler] ERROR pipeline.PipelineActionHandler (PipelineActionHandler.java:onMessage(60)) - Received pipeline action CLOSE for Pipeline[ Id: 93324fbd-3721-4fab-88a8-42427ae515a8, Nodes: a5d3a44e-87a4-4ffe-bd57-d4dea2700ae7{ip: 192.168.151.75, host: pr-hdds-2114-2x2fm-437316914, networkLocation: /default-rack, certSerialId: null}08c3c9a3-c92b-48ae-803a-081cb99550ef{ip: 192.168.151.75, host: pr-hdds-2114-2x2fm-437316914, networkLocation: /default-rack, certSerialId: null}2565157f-9642-4f7c-bd15-58f431c5cf0a{ip: 192.168.151.75, host: pr-hdds-2114-2x2fm-437316914, networkLocation: /default-rack, certSerialId: null}, Type:RATIS, Factor:THREE, State:CLOSED] from datanode 2565157f-9642-4f7c-bd15-58f431c5cf0a{ip: 192.168.151.75, host: pr-hdds-2114-2x2fm-437316914, networkLocation: /default-rack, certSerialId: null}. Reason : 2565157f-9642-4f7c-bd15-58f431c5cf0a has not seen follower/s a5d3a44e-87a4-4ffe-bd57-d4dea2700ae7 for 148319ms 08c3c9a3-c92b-48ae-803a-081cb99550ef for 148320ms
2019-09-16 17:28:13,408 [EventQueue-PipelineActionsForPipelineActionHandler] INFO  pipeline.SCMPipelineManager (SCMPipelineManager.java:finalizeAndDestroyPipeline(311)) - destroying pipeline:Pipeline[ Id: 93324fbd-3721-4fab-88a8-42427ae515a8, Nodes: a5d3a44e-87a4-4ffe-bd57-d4dea2700ae7{ip: 192.168.151.75, host: pr-hdds-2114-2x2fm-437316914, networkLocation: /default-rack, certSerialId: null}08c3c9a3-c92b-48ae-803a-081cb99550ef{ip: 192.168.151.75, host: pr-hdds-2114-2x2fm-437316914, networkLocation: /default-rack, certSerialId: null}2565157f-9642-4f7c-bd15-58f431c5cf0a{ip: 192.168.151.75, host: pr-hdds-2114-2x2fm-437316914, networkLocation: /default-rack, certSerialId: null}, Type:RATIS, Factor:THREE, State:CLOSED]
2019-09-16 17:28:14,228 [a5d3a44e-87a4-4ffe-bd57-d4dea2700ae7@group-42427AE515A8-SegmentedRaftLogWorker] WARN  segmented.SegmentedRaftLogWorker (SegmentedRaftLogWorker.java:getFromFuture(90)) - Timeout 14/~
org.apache.ratis.protocol.TimeoutIOException: Timeout 10s: WriteLog:7: (t:2, i:7), STATEMACHINELOGENTRY, client-67B75F1E9B14, cid=47-writeStateMachineData
	at org.apache.ratis.util.IOUtils.getFromFuture(IOUtils.java:87)
	at org.apache.ratis.server.raftlog.segmented.SegmentedRaftLogWorker$StateMachineDataPolicy.getFromFuture(SegmentedRaftLogWorker.java:87)
	at org.apache.ratis.server.raftlog.segmented.SegmentedRaftLogWorker$WriteLog.execute(SegmentedRaftLogWorker.java:477)
	at org.apache.ratis.server.raftlog.segmented.SegmentedRaftLogWorker.run(SegmentedRaftLogWorker.java:289)
	at java.lang.Thread.run(Thread.java:748)
Caused by: java.util.concurrent.TimeoutException
	at java.util.concurrent.CompletableFuture.timedGet(CompletableFuture.java:1771)
	at java.util.concurrent.CompletableFuture.get(CompletableFuture.java:1915)
	at org.apache.ratis.util.IOUtils.getFromFuture(IOUtils.java:79)
	... 4 more
2019-09-16 17:28:14,366 [08c3c9a3-c92b-48ae-803a-081cb99550ef@group-42427AE515A8-SegmentedRaftLogWorker] WARN  segmented.SegmentedRaftLogWorker (SegmentedRaftLogWorker.java:getFromFuture(90)) - Timeout 14/~
org.apache.ratis.protocol.TimeoutIOException: Timeout 10s: WriteLog:10: (t:2, i:10), STATEMACHINELOGENTRY, client-67B75F1E9B14, cid=50-writeStateMachineData
	at org.apache.ratis.util.IOUtils.getFromFuture(IOUtils.java:87)
	at org.apache.ratis.server.raftlog.segmented.SegmentedRaftLogWorker$StateMachineDataPolicy.getFromFuture(SegmentedRaftLogWorker.java:87)
	at org.apache.ratis.server.raftlog.segmented.SegmentedRaftLogWorker$WriteLog.execute(SegmentedRaftLogWorker.java:477)
	at org.apache.ratis.server.raftlog.segmented.SegmentedRaftLogWorker.run(SegmentedRaftLogWorker.java:289)
	at java.lang.Thread.run(Thread.java:748)
Caused by: java.util.concurrent.TimeoutException
	at java.util.concurrent.CompletableFuture.timedGet(CompletableFuture.java:1771)
	at java.util.concurrent.CompletableFuture.get(CompletableFuture.java:1915)
	at org.apache.ratis.util.IOUtils.getFromFuture(IOUtils.java:79)
	... 4 more
2019-09-16 17:28:14,366 [2565157f-9642-4f7c-bd15-58f431c5cf0a@group-42427AE515A8-SegmentedRaftLogWorker] WARN  segmented.SegmentedRaftLogWorker (SegmentedRaftLogWorker.java:getFromFuture(90)) - Timeout 14/~
org.apache.ratis.protocol.TimeoutIOException: Timeout 10s: WriteLog:8: (t:2, i:8), STATEMACHINELOGENTRY, client-67B75F1E9B14, cid=48-writeStateMachineData
	at org.apache.ratis.util.IOUtils.getFromFuture(IOUtils.java:87)
	at org.apache.ratis.server.raftlog.segmented.SegmentedRaftLogWorker$StateMachineDataPolicy.getFromFuture(SegmentedRaftLogWorker.java:87)
	at org.apache.ratis.server.raftlog.segmented.SegmentedRaftLogWorker$WriteLog.execute(SegmentedRaftLogWorker.java:477)
	at org.apache.ratis.server.raftlog.segmented.SegmentedRaftLogWorker.run(SegmentedRaftLogWorker.java:289)
	at java.lang.Thread.run(Thread.java:748)
Caused by: java.util.concurrent.TimeoutException
	at java.util.concurrent.CompletableFuture.timedGet(CompletableFuture.java:1771)
	at java.util.concurrent.CompletableFuture.get(CompletableFuture.java:1915)
	at org.apache.ratis.util.IOUtils.getFromFuture(IOUtils.java:79)
	... 4 more
2019-09-16 17:28:14,926 [org.apache.ratis.server.impl.LogAppender$AppenderDaemon$$Lambda$485/1974557644@38a349fb] ERROR ratis.XceiverServerRatis (XceiverServerRatis.java:triggerPipelineClose(568)) - pipeline Action CLOSE  on pipeline PipelineID=93324fbd-3721-4fab-88a8-42427ae515a8.Reason : 2565157f-9642-4f7c-bd15-58f431c5cf0a has not seen follower/s a5d3a44e-87a4-4ffe-bd57-d4dea2700ae7 for 150821ms 08c3c9a3-c92b-48ae-803a-081cb99550ef for 150822ms
2019-09-16 17:28:14,926 [org.apache.ratis.server.impl.LogAppender$AppenderDaemon$$Lambda$485/1974557644@1b840190] ERROR ratis.XceiverServerRatis (XceiverServerRatis.java:triggerPipelineClose(568)) - pipeline Action CLOSE  on pipeline PipelineID=93324fbd-3721-4fab-88a8-42427ae515a8.Reason : 2565157f-9642-4f7c-bd15-58f431c5cf0a has not seen follower/s a5d3a44e-87a4-4ffe-bd57-d4dea2700ae7 for 150821ms 08c3c9a3-c92b-48ae-803a-081cb99550ef for 150822ms
2019-09-16 17:28:15,408 [EventQueue-PipelineActionsForPipelineActionHandler] ERROR pipeline.PipelineActionHandler (PipelineActionHandler.java:onMessage(60)) - Received pipeline action CLOSE for Pipeline[ Id: 93324fbd-3721-4fab-88a8-42427ae515a8, Nodes: a5d3a44e-87a4-4ffe-bd57-d4dea2700ae7{ip: 192.168.151.75, host: pr-hdds-2114-2x2fm-437316914, networkLocation: /default-rack, certSerialId: null}08c3c9a3-c92b-48ae-803a-081cb99550ef{ip: 192.168.151.75, host: pr-hdds-2114-2x2fm-437316914, networkLocation: /default-rack, certSerialId: null}2565157f-9642-4f7c-bd15-58f431c5cf0a{ip: 192.168.151.75, host: pr-hdds-2114-2x2fm-437316914, networkLocation: /default-rack, certSerialId: null}, Type:RATIS, Factor:THREE, State:CLOSED] from datanode 2565157f-9642-4f7c-bd15-58f431c5cf0a{ip: 192.168.151.75, host: pr-hdds-2114-2x2fm-437316914, networkLocation: /default-rack, certSerialId: null}. Reason : 2565157f-9642-4f7c-bd15-58f431c5cf0a has not seen follower/s a5d3a44e-87a4-4ffe-bd57-d4dea2700ae7 for 150821ms 08c3c9a3-c92b-48ae-803a-081cb99550ef for 150822ms
2019-09-16 17:28:15,408 [EventQueue-PipelineActionsForPipelineActionHandler] INFO  pipeline.SCMPipelineManager (SCMPipelineManager.java:finalizeAndDestroyPipeline(311)) - destroying pipeline:Pipeline[ Id: 93324fbd-3721-4fab-88a8-42427ae515a8, Nodes: a5d3a44e-87a4-4ffe-bd57-d4dea2700ae7{ip: 192.168.151.75, host: pr-hdds-2114-2x2fm-437316914, networkLocation: /default-rack, certSerialId: null}08c3c9a3-c92b-48ae-803a-081cb99550ef{ip: 192.168.151.75, host: pr-hdds-2114-2x2fm-437316914, networkLocation: /default-rack, certSerialId: null}2565157f-9642-4f7c-bd15-58f431c5cf0a{ip: 192.168.151.75, host: pr-hdds-2114-2x2fm-437316914, networkLocation: /default-rack, certSerialId: null}, Type:RATIS, Factor:THREE, State:CLOSED]
2019-09-16 17:28:15,424 [java.util.concurrent.ThreadPoolExecutor$Worker@5a1c6d9[State = -1, empty queue]] WARN  server.GrpcLogAppender (GrpcLogAppender.java:timeoutAppendRequest(200)) - 2565157f-9642-4f7c-bd15-58f431c5cf0a@group-42427AE515A8->08c3c9a3-c92b-48ae-803a-081cb99550ef-GrpcLogAppender: appendEntries Timeout, request=2565157f-9642-4f7c-bd15-58f431c5cf0a->08c3c9a3-c92b-48ae-803a-081cb99550ef#73-t2, previous=(t:2, i:13), leaderCommit=6, initializing? false, entries: <empty>
2019-09-16 17:28:15,424 [java.util.concurrent.ThreadPoolExecutor$Worker@1b6a6326[State = -1, empty queue]] WARN  server.GrpcLogAppender (GrpcLogAppender.java:timeoutAppendRequest(200)) - 2565157f-9642-4f7c-bd15-58f431c5cf0a@group-42427AE515A8->a5d3a44e-87a4-4ffe-bd57-d4dea2700ae7-GrpcLogAppender: appendEntries Timeout, request=2565157f-9642-4f7c-bd15-58f431c5cf0a->a5d3a44e-87a4-4ffe-bd57-d4dea2700ae7#73-t2, previous=(t:2, i:13), leaderCommit=6, initializing? false, entries: <empty>
2019-09-16 17:28:15,656 [grpc-default-executor-8] INFO  client.GrpcClientProtocolClient (GrpcClientProtocolClient.java:onNext(264)) - client-67B75F1E9B14->08c3c9a3-c92b-48ae-803a-081cb99550ef: receive RaftClientReply:client-67B75F1E9B14->08c3c9a3-c92b-48ae-803a-081cb99550ef@group-42427AE515A8, cid=47, FAILED org.apache.ratis.protocol.NotLeaderException: Server 08c3c9a3-c92b-48ae-803a-081cb99550ef@group-42427AE515A8 is not the leader 2565157f-9642-4f7c-bd15-58f431c5cf0a:192.168.151.75:46619, logIndex=0, commits[08c3c9a3-c92b-48ae-803a-081cb99550ef:c6, 2565157f-9642-4f7c-bd15-58f431c5cf0a:c6, a5d3a44e-87a4-4ffe-bd57-d4dea2700ae7:c4]
2019-09-16 17:28:17,427 [org.apache.ratis.server.impl.LogAppender$AppenderDaemon$$Lambda$485/1974557644@1b840190] ERROR ratis.XceiverServerRatis (XceiverServerRatis.java:triggerPipelineClose(568)) - pipeline Action CLOSE  on pipeline PipelineID=93324fbd-3721-4fab-88a8-42427ae515a8.Reason : 2565157f-9642-4f7c-bd15-58f431c5cf0a has not seen follower/s a5d3a44e-87a4-4ffe-bd57-d4dea2700ae7 for 153323ms 08c3c9a3-c92b-48ae-803a-081cb99550ef for 153323ms
2019-09-16 17:28:17,427 [org.apache.ratis.server.impl.LogAppender$AppenderDaemon$$Lambda$485/1974557644@38a349fb] ERROR ratis.XceiverServerRatis (XceiverServerRatis.java:triggerPipelineClose(568)) - pipeline Action CLOSE  on pipeline PipelineID=93324fbd-3721-4fab-88a8-42427ae515a8.Reason : 2565157f-9642-4f7c-bd15-58f431c5cf0a has not seen follower/s a5d3a44e-87a4-4ffe-bd57-d4dea2700ae7 for 153323ms 08c3c9a3-c92b-48ae-803a-081cb99550ef for 153323ms
2019-09-16 17:28:17,926 [java.util.concurrent.ThreadPoolExecutor$Worker@5a1c6d9[State = -1, empty queue]] WARN  server.GrpcLogAppender (GrpcLogAppender.java:timeoutAppendRequest(200)) - 2565157f-9642-4f7c-bd15-58f431c5cf0a@group-42427AE515A8->08c3c9a3-c92b-48ae-803a-081cb99550ef-GrpcLogAppender: appendEntries Timeout, request=2565157f-9642-4f7c-bd15-58f431c5cf0a->08c3c9a3-c92b-48ae-803a-081cb99550ef#74-t2, previous=(t:2, i:13), leaderCommit=6, initializing? false, entries: <empty>
2019-09-16 17:28:17,926 [java.util.concurrent.ThreadPoolExecutor$Worker@1b6a6326[State = -1, empty queue]] WARN  server.GrpcLogAppender (GrpcLogAppender.java:timeoutAppendRequest(200)) - 2565157f-9642-4f7c-bd15-58f431c5cf0a@group-42427AE515A8->a5d3a44e-87a4-4ffe-bd57-d4dea2700ae7-GrpcLogAppender: appendEntries Timeout, request=2565157f-9642-4f7c-bd15-58f431c5cf0a->a5d3a44e-87a4-4ffe-bd57-d4dea2700ae7#74-t2, previous=(t:2, i:13), leaderCommit=6, initializing? false, entries: <empty>
2019-09-16 17:28:18,408 [EventQueue-PipelineActionsForPipelineActionHandler] ERROR pipeline.PipelineActionHandler (PipelineActionHandler.java:onMessage(60)) - Received pipeline action CLOSE for Pipeline[ Id: 93324fbd-3721-4fab-88a8-42427ae515a8, Nodes: a5d3a44e-87a4-4ffe-bd57-d4dea2700ae7{ip: 192.168.151.75, host: pr-hdds-2114-2x2fm-437316914, networkLocation: /default-rack, certSerialId: null}08c3c9a3-c92b-48ae-803a-081cb99550ef{ip: 192.168.151.75, host: pr-hdds-2114-2x2fm-437316914, networkLocation: /default-rack, certSerialId: null}2565157f-9642-4f7c-bd15-58f431c5cf0a{ip: 192.168.151.75, host: pr-hdds-2114-2x2fm-437316914, networkLocation: /default-rack, certSerialId: null}, Type:RATIS, Factor:THREE, State:CLOSED] from datanode 2565157f-9642-4f7c-bd15-58f431c5cf0a{ip: 192.168.151.75, host: pr-hdds-2114-2x2fm-437316914, networkLocation: /default-rack, certSerialId: null}. Reason : 2565157f-9642-4f7c-bd15-58f431c5cf0a has not seen follower/s a5d3a44e-87a4-4ffe-bd57-d4dea2700ae7 for 153323ms 08c3c9a3-c92b-48ae-803a-081cb99550ef for 153323ms
2019-09-16 17:28:18,408 [EventQueue-PipelineActionsForPipelineActionHandler] INFO  pipeline.SCMPipelineManager (SCMPipelineManager.java:finalizeAndDestroyPipeline(311)) - destroying pipeline:Pipeline[ Id: 93324fbd-3721-4fab-88a8-42427ae515a8, Nodes: a5d3a44e-87a4-4ffe-bd57-d4dea2700ae7{ip: 192.168.151.75, host: pr-hdds-2114-2x2fm-437316914, networkLocation: /default-rack, certSerialId: null}08c3c9a3-c92b-48ae-803a-081cb99550ef{ip: 192.168.151.75, host: pr-hdds-2114-2x2fm-437316914, networkLocation: /default-rack, certSerialId: null}2565157f-9642-4f7c-bd15-58f431c5cf0a{ip: 192.168.151.75, host: pr-hdds-2114-2x2fm-437316914, networkLocation: /default-rack, certSerialId: null}, Type:RATIS, Factor:THREE, State:CLOSED]
2019-09-16 17:28:19,928 [org.apache.ratis.server.impl.LogAppender$AppenderDaemon$$Lambda$485/1974557644@38a349fb] ERROR ratis.XceiverServerRatis (XceiverServerRatis.java:triggerPipelineClose(568)) - pipeline Action CLOSE  on pipeline PipelineID=93324fbd-3721-4fab-88a8-42427ae515a8.Reason : 2565157f-9642-4f7c-bd15-58f431c5cf0a has not seen follower/s a5d3a44e-87a4-4ffe-bd57-d4dea2700ae7 for 155823ms 08c3c9a3-c92b-48ae-803a-081cb99550ef for 155823ms
2019-09-16 17:28:19,928 [org.apache.ratis.server.impl.LogAppender$AppenderDaemon$$Lambda$485/1974557644@1b840190] ERROR ratis.XceiverServerRatis (XceiverServerRatis.java:triggerPipelineClose(568)) - pipeline Action CLOSE  on pipeline PipelineID=93324fbd-3721-4fab-88a8-42427ae515a8.Reason : 2565157f-9642-4f7c-bd15-58f431c5cf0a has not seen follower/s a5d3a44e-87a4-4ffe-bd57-d4dea2700ae7 for 155823ms 08c3c9a3-c92b-48ae-803a-081cb99550ef for 155823ms
2019-09-16 17:28:20,408 [EventQueue-PipelineActionsForPipelineActionHandler] ERROR pipeline.PipelineActionHandler (PipelineActionHandler.java:onMessage(60)) - Received pipeline action CLOSE for Pipeline[ Id: 93324fbd-3721-4fab-88a8-42427ae515a8, Nodes: a5d3a44e-87a4-4ffe-bd57-d4dea2700ae7{ip: 192.168.151.75, host: pr-hdds-2114-2x2fm-437316914, networkLocation: /default-rack, certSerialId: null}08c3c9a3-c92b-48ae-803a-081cb99550ef{ip: 192.168.151.75, host: pr-hdds-2114-2x2fm-437316914, networkLocation: /default-rack, certSerialId: null}2565157f-9642-4f7c-bd15-58f431c5cf0a{ip: 192.168.151.75, host: pr-hdds-2114-2x2fm-437316914, networkLocation: /default-rack, certSerialId: null}, Type:RATIS, Factor:THREE, State:CLOSED] from datanode 2565157f-9642-4f7c-bd15-58f431c5cf0a{ip: 192.168.151.75, host: pr-hdds-2114-2x2fm-437316914, networkLocation: /default-rack, certSerialId: null}. Reason : 2565157f-9642-4f7c-bd15-58f431c5cf0a has not seen follower/s a5d3a44e-87a4-4ffe-bd57-d4dea2700ae7 for 155823ms 08c3c9a3-c92b-48ae-803a-081cb99550ef for 155823ms
2019-09-16 17:28:20,409 [EventQueue-PipelineActionsForPipelineActionHandler] INFO  pipeline.SCMPipelineManager (SCMPipelineManager.java:finalizeAndDestroyPipeline(311)) - destroying pipeline:Pipeline[ Id: 93324fbd-3721-4fab-88a8-42427ae515a8, Nodes: a5d3a44e-87a4-4ffe-bd57-d4dea2700ae7{ip: 192.168.151.75, host: pr-hdds-2114-2x2fm-437316914, networkLocation: /default-rack, certSerialId: null}08c3c9a3-c92b-48ae-803a-081cb99550ef{ip: 192.168.151.75, host: pr-hdds-2114-2x2fm-437316914, networkLocation: /default-rack, certSerialId: null}2565157f-9642-4f7c-bd15-58f431c5cf0a{ip: 192.168.151.75, host: pr-hdds-2114-2x2fm-437316914, networkLocation: /default-rack, certSerialId: null}, Type:RATIS, Factor:THREE, State:CLOSED]
2019-09-16 17:28:20,427 [java.util.concurrent.ThreadPoolExecutor$Worker@5a1c6d9[State = -1, empty queue]] WARN  server.GrpcLogAppender (GrpcLogAppender.java:timeoutAppendRequest(200)) - 2565157f-9642-4f7c-bd15-58f431c5cf0a@group-42427AE515A8->08c3c9a3-c92b-48ae-803a-081cb99550ef-GrpcLogAppender: appendEntries Timeout, request=2565157f-9642-4f7c-bd15-58f431c5cf0a->08c3c9a3-c92b-48ae-803a-081cb99550ef#75-t2, previous=(t:2, i:13), leaderCommit=6, initializing? false, entries: <empty>
2019-09-16 17:28:20,427 [java.util.concurrent.ThreadPoolExecutor$Worker@1b6a6326[State = -1, empty queue]] WARN  server.GrpcLogAppender (GrpcLogAppender.java:timeoutAppendRequest(200)) - 2565157f-9642-4f7c-bd15-58f431c5cf0a@group-42427AE515A8->a5d3a44e-87a4-4ffe-bd57-d4dea2700ae7-GrpcLogAppender: appendEntries Timeout, request=2565157f-9642-4f7c-bd15-58f431c5cf0a->a5d3a44e-87a4-4ffe-bd57-d4dea2700ae7#75-t2, previous=(t:2, i:13), leaderCommit=6, initializing? false, entries: <empty>
2019-09-16 17:28:20,715 [grpc-default-executor-8] INFO  impl.RaftServerProxy (RaftServerProxy.java:addNew(89)) - 08c3c9a3-c92b-48ae-803a-081cb99550ef: addNew group-E3054EB6B45A:[2565157f-9642-4f7c-bd15-58f431c5cf0a:192.168.151.75:46619, a5d3a44e-87a4-4ffe-bd57-d4dea2700ae7:192.168.151.75:34772, 08c3c9a3-c92b-48ae-803a-081cb99550ef:192.168.151.75:43991] returns group-E3054EB6B45A:java.util.concurrent.CompletableFuture@64613e96[Not completed]
2019-09-16 17:28:20,716 [grpc-default-executor-7] INFO  impl.RaftServerProxy (RaftServerProxy.java:addNew(89)) - 2565157f-9642-4f7c-bd15-58f431c5cf0a: addNew group-E3054EB6B45A:[2565157f-9642-4f7c-bd15-58f431c5cf0a:192.168.151.75:46619, a5d3a44e-87a4-4ffe-bd57-d4dea2700ae7:192.168.151.75:34772, 08c3c9a3-c92b-48ae-803a-081cb99550ef:192.168.151.75:43991] returns group-E3054EB6B45A:java.util.concurrent.CompletableFuture@542893db[Not completed]
2019-09-16 17:28:20,716 [grpc-default-executor-5] INFO  impl.RaftServerProxy (RaftServerProxy.java:addNew(89)) - a5d3a44e-87a4-4ffe-bd57-d4dea2700ae7: addNew group-E3054EB6B45A:[2565157f-9642-4f7c-bd15-58f431c5cf0a:192.168.151.75:46619, a5d3a44e-87a4-4ffe-bd57-d4dea2700ae7:192.168.151.75:34772, 08c3c9a3-c92b-48ae-803a-081cb99550ef:192.168.151.75:43991] returns group-E3054EB6B45A:java.util.concurrent.CompletableFuture@2fc7db08[Not completed]
2019-09-16 17:28:20,720 [grpc-default-executor-5] INFO  client.GrpcClientProtocolClient (GrpcClientProtocolClient.java:onNext(264)) - client-67B75F1E9B14->a5d3a44e-87a4-4ffe-bd57-d4dea2700ae7: receive RaftClientReply:client-67B75F1E9B14->a5d3a44e-87a4-4ffe-bd57-d4dea2700ae7@group-42427AE515A8, cid=47, FAILED org.apache.ratis.protocol.NotLeaderException: Server a5d3a44e-87a4-4ffe-bd57-d4dea2700ae7@group-42427AE515A8 is not the leader 2565157f-9642-4f7c-bd15-58f431c5cf0a:192.168.151.75:46619, logIndex=0, commits[a5d3a44e-87a4-4ffe-bd57-d4dea2700ae7:c6, 2565157f-9642-4f7c-bd15-58f431c5cf0a:c6, 08c3c9a3-c92b-48ae-803a-081cb99550ef:c4]
2019-09-16 17:28:20,733 [pool-67-thread-1] INFO  impl.RaftServerImpl (RaftServerImpl.java:<init>(95)) - 08c3c9a3-c92b-48ae-803a-081cb99550ef: new RaftServerImpl for group-E3054EB6B45A:[2565157f-9642-4f7c-bd15-58f431c5cf0a:192.168.151.75:46619, a5d3a44e-87a4-4ffe-bd57-d4dea2700ae7:192.168.151.75:34772, 08c3c9a3-c92b-48ae-803a-081cb99550ef:192.168.151.75:43991] with ContainerStateMachine:uninitialized
2019-09-16 17:28:20,734 [pool-67-thread-1] INFO  server.RaftServerConfigKeys (ConfUtils.java:logGet(43)) - raft.server.rpc.timeout.min = 5s (custom)
2019-09-16 17:28:20,734 [pool-67-thread-1] INFO  server.RaftServerConfigKeys (ConfUtils.java:logGet(43)) - raft.server.rpc.timeout.max = 5200ms (custom)
2019-09-16 17:28:20,734 [pool-27-thread-1] INFO  impl.RaftServerImpl (RaftServerImpl.java:<init>(95)) - 2565157f-9642-4f7c-bd15-58f431c5cf0a: new RaftServerImpl for group-E3054EB6B45A:[2565157f-9642-4f7c-bd15-58f431c5cf0a:192.168.151.75:46619, a5d3a44e-87a4-4ffe-bd57-d4dea2700ae7:192.168.151.75:34772, 08c3c9a3-c92b-48ae-803a-081cb99550ef:192.168.151.75:43991] with ContainerStateMachine:uninitialized
2019-09-16 17:28:20,734 [pool-67-thread-1] INFO  server.RaftServerConfigKeys (ConfUtils.java:logGet(43)) - raft.server.rpcslowness.timeout = 120s (custom)
2019-09-16 17:28:20,735 [pool-27-thread-1] INFO  server.RaftServerConfigKeys (ConfUtils.java:logGet(43)) - raft.server.rpc.timeout.min = 5s (custom)
2019-09-16 17:28:20,735 [pool-67-thread-1] INFO  server.RaftServerConfigKeys (ConfUtils.java:logGet(43)) - raft.server.sleep.deviation.threshold = 300 (default)
2019-09-16 17:28:20,735 [pool-27-thread-1] INFO  server.RaftServerConfigKeys (ConfUtils.java:logGet(43)) - raft.server.rpc.timeout.max = 5200ms (custom)
2019-09-16 17:28:20,735 [pool-67-thread-1] INFO  server.RaftServerConfigKeys (ConfUtils.java:logGet(43)) - raft.server.log.appender.install.snapshot.enabled = false (custom)
2019-09-16 17:28:20,735 [pool-57-thread-1] INFO  impl.RaftServerImpl (RaftServerImpl.java:<init>(95)) - a5d3a44e-87a4-4ffe-bd57-d4dea2700ae7: new RaftServerImpl for group-E3054EB6B45A:[2565157f-9642-4f7c-bd15-58f431c5cf0a:192.168.151.75:46619, a5d3a44e-87a4-4ffe-bd57-d4dea2700ae7:192.168.151.75:34772, 08c3c9a3-c92b-48ae-803a-081cb99550ef:192.168.151.75:43991] with ContainerStateMachine:uninitialized
2019-09-16 17:28:20,735 [pool-27-thread-1] INFO  server.RaftServerConfigKeys (ConfUtils.java:logGet(43)) - raft.server.rpcslowness.timeout = 120s (custom)
2019-09-16 17:28:20,736 [pool-57-thread-1] INFO  server.RaftServerConfigKeys (ConfUtils.java:logGet(43)) - raft.server.rpc.timeout.min = 5s (custom)
2019-09-16 17:28:20,736 [pool-67-thread-1] INFO  impl.RaftServerImpl (ServerState.java:<init>(103)) - 08c3c9a3-c92b-48ae-803a-081cb99550ef@group-E3054EB6B45A: ConfigurationManager, init=-1: [2565157f-9642-4f7c-bd15-58f431c5cf0a:192.168.151.75:46619, a5d3a44e-87a4-4ffe-bd57-d4dea2700ae7:192.168.151.75:34772, 08c3c9a3-c92b-48ae-803a-081cb99550ef:192.168.151.75:43991], old=null, confs=<EMPTY_MAP>
2019-09-16 17:28:20,736 [pool-57-thread-1] INFO  server.RaftServerConfigKeys (ConfUtils.java:logGet(43)) - raft.server.rpc.timeout.max = 5200ms (custom)
2019-09-16 17:28:20,736 [pool-27-thread-1] INFO  server.RaftServerConfigKeys (ConfUtils.java:logGet(43)) - raft.server.sleep.deviation.threshold = 300 (default)
2019-09-16 17:28:20,736 [pool-57-thread-1] INFO  server.RaftServerConfigKeys (ConfUtils.java:logGet(43)) - raft.server.rpcslowness.timeout = 120s (custom)
2019-09-16 17:28:20,736 [pool-27-thread-1] INFO  server.RaftServerConfigKeys (ConfUtils.java:logGet(43)) - raft.server.log.appender.install.snapshot.enabled = false (custom)
2019-09-16 17:28:20,737 [pool-57-thread-1] INFO  server.RaftServerConfigKeys (ConfUtils.java:logGet(43)) - raft.server.sleep.deviation.threshold = 300 (default)
2019-09-16 17:28:20,737 [pool-67-thread-1] INFO  server.RaftServerConfigKeys (ConfUtils.java:logGet(43)) - raft.server.storage.dir = [/workdir/hadoop-ozone/integration-test/target/test-dir/MiniOzoneClusterImpl-1d68e719-5c56-406e-81cd-0d9da4b1ed63/datanode-4/data/ratis] (custom)
2019-09-16 17:28:20,737 [pool-57-thread-1] INFO  server.RaftServerConfigKeys (ConfUtils.java:logGet(43)) - raft.server.log.appender.install.snapshot.enabled = false (custom)
2019-09-16 17:28:20,737 [pool-27-thread-1] INFO  impl.RaftServerImpl (ServerState.java:<init>(103)) - 2565157f-9642-4f7c-bd15-58f431c5cf0a@group-E3054EB6B45A: ConfigurationManager, init=-1: [2565157f-9642-4f7c-bd15-58f431c5cf0a:192.168.151.75:46619, a5d3a44e-87a4-4ffe-bd57-d4dea2700ae7:192.168.151.75:34772, 08c3c9a3-c92b-48ae-803a-081cb99550ef:192.168.151.75:43991], old=null, confs=<EMPTY_MAP>
2019-09-16 17:28:20,737 [pool-57-thread-1] INFO  impl.RaftServerImpl (ServerState.java:<init>(103)) - a5d3a44e-87a4-4ffe-bd57-d4dea2700ae7@group-E3054EB6B45A: ConfigurationManager, init=-1: [2565157f-9642-4f7c-bd15-58f431c5cf0a:192.168.151.75:46619, a5d3a44e-87a4-4ffe-bd57-d4dea2700ae7:192.168.151.75:34772, 08c3c9a3-c92b-48ae-803a-081cb99550ef:192.168.151.75:43991], old=null, confs=<EMPTY_MAP>
2019-09-16 17:28:20,737 [pool-27-thread-1] INFO  server.RaftServerConfigKeys (ConfUtils.java:logGet(43)) - raft.server.storage.dir = [/workdir/hadoop-ozone/integration-test/target/test-dir/MiniOzoneClusterImpl-1d68e719-5c56-406e-81cd-0d9da4b1ed63/datanode-0/data/ratis] (custom)
2019-09-16 17:28:20,738 [pool-57-thread-1] INFO  server.RaftServerConfigKeys (ConfUtils.java:logGet(43)) - raft.server.storage.dir = [/workdir/hadoop-ozone/integration-test/target/test-dir/MiniOzoneClusterImpl-1d68e719-5c56-406e-81cd-0d9da4b1ed63/datanode-3/data/ratis] (custom)
2019-09-16 17:28:20,739 [pool-27-thread-1] INFO  storage.RaftStorageDirectory (RaftStorageDirectory.java:analyzeStorage(246)) - The storage directory /workdir/hadoop-ozone/integration-test/target/test-dir/MiniOzoneClusterImpl-1d68e719-5c56-406e-81cd-0d9da4b1ed63/datanode-0/data/ratis/b7dceaf7-e616-45e1-9226-e3054eb6b45a does not exist. Creating ...
2019-09-16 17:28:20,739 [pool-67-thread-1] INFO  storage.RaftStorageDirectory (RaftStorageDirectory.java:analyzeStorage(246)) - The storage directory /workdir/hadoop-ozone/integration-test/target/test-dir/MiniOzoneClusterImpl-1d68e719-5c56-406e-81cd-0d9da4b1ed63/datanode-4/data/ratis/b7dceaf7-e616-45e1-9226-e3054eb6b45a does not exist. Creating ...
2019-09-16 17:28:20,739 [pool-57-thread-1] INFO  storage.RaftStorageDirectory (RaftStorageDirectory.java:analyzeStorage(246)) - The storage directory /workdir/hadoop-ozone/integration-test/target/test-dir/MiniOzoneClusterImpl-1d68e719-5c56-406e-81cd-0d9da4b1ed63/datanode-3/data/ratis/b7dceaf7-e616-45e1-9226-e3054eb6b45a does not exist. Creating ...
2019-09-16 17:28:20,765 [pool-57-thread-1] INFO  storage.RaftStorageDirectory (RaftStorageDirectory.java:tryLock(328)) - Lock on /workdir/hadoop-ozone/integration-test/target/test-dir/MiniOzoneClusterImpl-1d68e719-5c56-406e-81cd-0d9da4b1ed63/datanode-3/data/ratis/b7dceaf7-e616-45e1-9226-e3054eb6b45a/in_use.lock acquired by nodename 694@pr-hdds-2114-2x2fm-437316914
2019-09-16 17:28:20,765 [pool-27-thread-1] INFO  storage.RaftStorageDirectory (RaftStorageDirectory.java:tryLock(328)) - Lock on /workdir/hadoop-ozone/integration-test/target/test-dir/MiniOzoneClusterImpl-1d68e719-5c56-406e-81cd-0d9da4b1ed63/datanode-0/data/ratis/b7dceaf7-e616-45e1-9226-e3054eb6b45a/in_use.lock acquired by nodename 694@pr-hdds-2114-2x2fm-437316914
2019-09-16 17:28:20,765 [pool-67-thread-1] INFO  storage.RaftStorageDirectory (RaftStorageDirectory.java:tryLock(328)) - Lock on /workdir/hadoop-ozone/integration-test/target/test-dir/MiniOzoneClusterImpl-1d68e719-5c56-406e-81cd-0d9da4b1ed63/datanode-4/data/ratis/b7dceaf7-e616-45e1-9226-e3054eb6b45a/in_use.lock acquired by nodename 694@pr-hdds-2114-2x2fm-437316914
2019-09-16 17:28:20,779 [pool-67-thread-1] INFO  storage.RaftStorage (RaftStorage.java:format(72)) - Storage directory /workdir/hadoop-ozone/integration-test/target/test-dir/MiniOzoneClusterImpl-1d68e719-5c56-406e-81cd-0d9da4b1ed63/datanode-4/data/ratis/b7dceaf7-e616-45e1-9226-e3054eb6b45a has been successfully formatted.
2019-09-16 17:28:20,779 [pool-57-thread-1] INFO  storage.RaftStorage (RaftStorage.java:format(72)) - Storage directory /workdir/hadoop-ozone/integration-test/target/test-dir/MiniOzoneClusterImpl-1d68e719-5c56-406e-81cd-0d9da4b1ed63/datanode-3/data/ratis/b7dceaf7-e616-45e1-9226-e3054eb6b45a has been successfully formatted.
2019-09-16 17:28:20,779 [pool-27-thread-1] INFO  storage.RaftStorage (RaftStorage.java:format(72)) - Storage directory /workdir/hadoop-ozone/integration-test/target/test-dir/MiniOzoneClusterImpl-1d68e719-5c56-406e-81cd-0d9da4b1ed63/datanode-0/data/ratis/b7dceaf7-e616-45e1-9226-e3054eb6b45a has been successfully formatted.
2019-09-16 17:28:20,780 [pool-57-thread-1] INFO  ratis.ContainerStateMachine (ContainerStateMachine.java:loadSnapshot(230)) - group-E3054EB6B45A: The snapshot info is null. Setting the last applied indexto:(t:0, i:~)
2019-09-16 17:28:20,779 [pool-67-thread-1] INFO  ratis.ContainerStateMachine (ContainerStateMachine.java:loadSnapshot(230)) - group-E3054EB6B45A: The snapshot info is null. Setting the last applied indexto:(t:0, i:~)
2019-09-16 17:28:20,780 [pool-27-thread-1] INFO  ratis.ContainerStateMachine (ContainerStateMachine.java:loadSnapshot(230)) - group-E3054EB6B45A: The snapshot info is null. Setting the last applied indexto:(t:0, i:~)
2019-09-16 17:28:20,780 [pool-57-thread-1] INFO  server.RaftServerConfigKeys (ConfUtils.java:logGet(43)) - raft.server.notification.no-leader.timeout = 120s (custom)
2019-09-16 17:28:20,780 [pool-27-thread-1] INFO  server.RaftServerConfigKeys (ConfUtils.java:logGet(43)) - raft.server.notification.no-leader.timeout = 120s (custom)
2019-09-16 17:28:20,780 [pool-67-thread-1] INFO  server.RaftServerConfigKeys (ConfUtils.java:logGet(43)) - raft.server.notification.no-leader.timeout = 120s (custom)
2019-09-16 17:28:20,780 [pool-27-thread-1] INFO  server.RaftServerConfigKeys (ConfUtils.java:logGet(43)) - raft.server.log.use.memory = false (default)
2019-09-16 17:28:20,780 [pool-57-thread-1] INFO  server.RaftServerConfigKeys (ConfUtils.java:logGet(43)) - raft.server.log.use.memory = false (default)
2019-09-16 17:28:20,781 [pool-27-thread-1] INFO  server.RaftServerConfigKeys (ConfUtils.java:logGet(43)) - raft.server.log.purge.gap = 1000000 (custom)
2019-09-16 17:28:20,781 [pool-67-thread-1] INFO  server.RaftServerConfigKeys (ConfUtils.java:logGet(43)) - raft.server.log.use.memory = false (default)
2019-09-16 17:28:20,781 [pool-27-thread-1] INFO  server.RaftServerConfigKeys (ConfUtils.java:logGet(43)) - raft.server.log.appender.buffer.byte-limit = 33554432 (custom)
2019-09-16 17:28:20,781 [pool-67-thread-1] INFO  server.RaftServerConfigKeys (ConfUtils.java:logGet(43)) - raft.server.log.purge.gap = 1000000 (custom)
2019-09-16 17:28:20,782 [pool-67-thread-1] INFO  server.RaftServerConfigKeys (ConfUtils.java:logGet(43)) - raft.server.log.appender.buffer.byte-limit = 33554432 (custom)
2019-09-16 17:28:20,781 [pool-57-thread-1] INFO  server.RaftServerConfigKeys (ConfUtils.java:logGet(43)) - raft.server.log.purge.gap = 1000000 (custom)
2019-09-16 17:28:20,782 [pool-67-thread-1] INFO  server.RaftServerConfigKeys (ConfUtils.java:logGet(43)) - raft.server.log.segment.size.max = 1048576 (custom)
2019-09-16 17:28:20,781 [pool-27-thread-1] INFO  server.RaftServerConfigKeys (ConfUtils.java:logGet(43)) - raft.server.log.segment.size.max = 1048576 (custom)
2019-09-16 17:28:20,782 [pool-67-thread-1] INFO  server.RaftServerConfigKeys (ConfUtils.java:logGet(43)) - raft.server.log.segment.cache.num.max = 2 (custom)
2019-09-16 17:28:20,782 [pool-57-thread-1] INFO  server.RaftServerConfigKeys (ConfUtils.java:logGet(43)) - raft.server.log.appender.buffer.byte-limit = 33554432 (custom)
2019-09-16 17:28:20,782 [pool-67-thread-1] INFO  segmented.SegmentedRaftLogWorker (SegmentedRaftLogWorker.java:<init>(172)) - new 08c3c9a3-c92b-48ae-803a-081cb99550ef@group-E3054EB6B45A-SegmentedRaftLogWorker for RaftStorage:Storage Directory /workdir/hadoop-ozone/integration-test/target/test-dir/MiniOzoneClusterImpl-1d68e719-5c56-406e-81cd-0d9da4b1ed63/datanode-4/data/ratis/b7dceaf7-e616-45e1-9226-e3054eb6b45a
2019-09-16 17:28:20,782 [pool-27-thread-1] INFO  server.RaftServerConfigKeys (ConfUtils.java:logGet(43)) - raft.server.log.segment.cache.num.max = 2 (custom)
2019-09-16 17:28:20,783 [pool-67-thread-1] INFO  server.RaftServerConfigKeys (ConfUtils.java:logGet(43)) - raft.server.log.queue.byte-limit = 2147483647 (custom)
2019-09-16 17:28:20,782 [pool-57-thread-1] INFO  server.RaftServerConfigKeys (ConfUtils.java:logGet(43)) - raft.server.log.segment.size.max = 1048576 (custom)
2019-09-16 17:28:20,783 [pool-67-thread-1] INFO  server.RaftServerConfigKeys (ConfUtils.java:logGet(43)) - raft.server.log.queue.element-limit = 1024 (custom)
2019-09-16 17:28:20,783 [pool-27-thread-1] INFO  segmented.SegmentedRaftLogWorker (SegmentedRaftLogWorker.java:<init>(172)) - new 2565157f-9642-4f7c-bd15-58f431c5cf0a@group-E3054EB6B45A-SegmentedRaftLogWorker for RaftStorage:Storage Directory /workdir/hadoop-ozone/integration-test/target/test-dir/MiniOzoneClusterImpl-1d68e719-5c56-406e-81cd-0d9da4b1ed63/datanode-0/data/ratis/b7dceaf7-e616-45e1-9226-e3054eb6b45a
2019-09-16 17:28:20,783 [pool-67-thread-1] INFO  server.RaftServerConfigKeys (ConfUtils.java:logGet(43)) - raft.server.log.segment.size.max = 1048576 (custom)
2019-09-16 17:28:20,783 [pool-57-thread-1] INFO  server.RaftServerConfigKeys (ConfUtils.java:logGet(43)) - raft.server.log.segment.cache.num.max = 2 (custom)
2019-09-16 17:28:20,783 [pool-67-thread-1] INFO  server.RaftServerConfigKeys (ConfUtils.java:logGet(43)) - raft.server.log.preallocated.size = 16384 (custom)
2019-09-16 17:28:20,783 [pool-27-thread-1] INFO  server.RaftServerConfigKeys (ConfUtils.java:logGet(43)) - raft.server.log.queue.byte-limit = 2147483647 (custom)
2019-09-16 17:28:20,784 [pool-67-thread-1] INFO  server.RaftServerConfigKeys (ConfUtils.java:logGet(43)) - raft.server.log.write.buffer.size = 33554432 (custom)
2019-09-16 17:28:20,783 [pool-57-thread-1] INFO  segmented.SegmentedRaftLogWorker (SegmentedRaftLogWorker.java:<init>(172)) - new a5d3a44e-87a4-4ffe-bd57-d4dea2700ae7@group-E3054EB6B45A-SegmentedRaftLogWorker for RaftStorage:Storage Directory /workdir/hadoop-ozone/integration-test/target/test-dir/MiniOzoneClusterImpl-1d68e719-5c56-406e-81cd-0d9da4b1ed63/datanode-3/data/ratis/b7dceaf7-e616-45e1-9226-e3054eb6b45a
2019-09-16 17:28:20,784 [pool-67-thread-1] INFO  server.RaftServerConfigKeys (ConfUtils.java:logGet(43)) - raft.server.log.force.sync.num = 128 (default)
2019-09-16 17:28:20,784 [pool-27-thread-1] INFO  server.RaftServerConfigKeys (ConfUtils.java:logGet(43)) - raft.server.log.queue.element-limit = 1024 (custom)
2019-09-16 17:28:20,784 [pool-67-thread-1] INFO  server.RaftServerConfigKeys (ConfUtils.java:logGet(43)) - raft.server.log.statemachine.data.sync = true (default)
2019-09-16 17:28:20,784 [pool-67-thread-1] INFO  server.RaftServerConfigKeys (ConfUtils.java:logGet(43)) - raft.server.log.statemachine.data.sync.timeout = 10s (default)
2019-09-16 17:28:20,784 [pool-57-thread-1] INFO  server.RaftServerConfigKeys (ConfUtils.java:logGet(43)) - raft.server.log.queue.byte-limit = 2147483647 (custom)
2019-09-16 17:28:20,785 [pool-67-thread-1] INFO  server.RaftServerConfigKeys (ConfUtils.java:logGet(43)) - raft.server.log.statemachine.data.sync.timeout.retry = -1 (default)
2019-09-16 17:28:20,784 [pool-27-thread-1] INFO  server.RaftServerConfigKeys (ConfUtils.java:logGet(43)) - raft.server.log.segment.size.max = 1048576 (custom)
2019-09-16 17:28:20,785 [pool-67-thread-1] INFO  server.RaftServerConfigKeys (ConfUtils.java:logGet(43)) - raft.server.log.statemachine.data.caching.enabled = true (custom)
2019-09-16 17:28:20,785 [pool-57-thread-1] INFO  server.RaftServerConfigKeys (ConfUtils.java:logGet(43)) - raft.server.log.queue.element-limit = 1024 (custom)
2019-09-16 17:28:20,786 [pool-67-thread-1] INFO  segmented.SegmentedRaftLogWorker (SegmentedRaftLogWorker.java:lambda$new$0(132)) - 08c3c9a3-c92b-48ae-803a-081cb99550ef@group-E3054EB6B45A-SegmentedRaftLogWorker: flushIndex: setUnconditionally 0 -> -1
2019-09-16 17:28:20,786 [pool-57-thread-1] INFO  server.RaftServerConfigKeys (ConfUtils.java:logGet(43)) - raft.server.log.segment.size.max = 1048576 (custom)
2019-09-16 17:28:20,785 [pool-27-thread-1] INFO  server.RaftServerConfigKeys (ConfUtils.java:logGet(43)) - raft.server.log.preallocated.size = 16384 (custom)
2019-09-16 17:28:20,786 [pool-67-thread-1] INFO  server.RaftServerConfigKeys (ConfUtils.java:logGet(43)) - raft.server.snapshot.auto.trigger.enabled = true (custom)
2019-09-16 17:28:20,786 [pool-57-thread-1] INFO  server.RaftServerConfigKeys (ConfUtils.java:logGet(43)) - raft.server.log.preallocated.size = 16384 (custom)
2019-09-16 17:28:20,786 [pool-67-thread-1] INFO  server.RaftServerConfigKeys (ConfUtils.java:logGet(43)) - raft.server.snapshot.auto.trigger.threshold = 10000 (custom)
2019-09-16 17:28:20,786 [pool-27-thread-1] INFO  server.RaftServerConfigKeys (ConfUtils.java:logGet(43)) - raft.server.log.write.buffer.size = 33554432 (custom)
2019-09-16 17:28:20,787 [pool-67-thread-1] INFO  server.RaftServerConfigKeys (ConfUtils.java:logGet(43)) - raft.server.snapshot.retention.num.files = -1 (default)
2019-09-16 17:28:20,787 [pool-57-thread-1] INFO  server.RaftServerConfigKeys (ConfUtils.java:logGet(43)) - raft.server.log.write.buffer.size = 33554432 (custom)
2019-09-16 17:28:20,787 [pool-67-thread-1] INFO  server.RaftServerConfigKeys (ConfUtils.java:logGet(43)) - raft.server.retrycache.expirytime = 600000ms (custom)
2019-09-16 17:28:20,787 [pool-27-thread-1] INFO  server.RaftServerConfigKeys (ConfUtils.java:logGet(43)) - raft.server.log.force.sync.num = 128 (default)
2019-09-16 17:28:20,787 [pool-57-thread-1] INFO  server.RaftServerConfigKeys (ConfUtils.java:logGet(43)) - raft.server.log.force.sync.num = 128 (default)
2019-09-16 17:28:20,787 [pool-27-thread-1] INFO  server.RaftServerConfigKeys (ConfUtils.java:logGet(43)) - raft.server.log.statemachine.data.sync = true (default)
2019-09-16 17:28:20,788 [pool-57-thread-1] INFO  server.RaftServerConfigKeys (ConfUtils.java:logGet(43)) - raft.server.log.statemachine.data.sync = true (default)
2019-09-16 17:28:20,788 [pool-27-thread-1] INFO  server.RaftServerConfigKeys (ConfUtils.java:logGet(43)) - raft.server.log.statemachine.data.sync.timeout = 10s (default)
2019-09-16 17:28:20,788 [pool-57-thread-1] INFO  server.RaftServerConfigKeys (ConfUtils.java:logGet(43)) - raft.server.log.statemachine.data.sync.timeout = 10s (default)
2019-09-16 17:28:20,788 [pool-27-thread-1] INFO  server.RaftServerConfigKeys (ConfUtils.java:logGet(43)) - raft.server.log.statemachine.data.sync.timeout.retry = -1 (default)
2019-09-16 17:28:20,788 [pool-57-thread-1] INFO  server.RaftServerConfigKeys (ConfUtils.java:logGet(43)) - raft.server.log.statemachine.data.sync.timeout.retry = -1 (default)
2019-09-16 17:28:20,788 [pool-27-thread-1] INFO  server.RaftServerConfigKeys (ConfUtils.java:logGet(43)) - raft.server.log.statemachine.data.caching.enabled = true (custom)
2019-09-16 17:28:20,789 [pool-57-thread-1] INFO  server.RaftServerConfigKeys (ConfUtils.java:logGet(43)) - raft.server.log.statemachine.data.caching.enabled = true (custom)
2019-09-16 17:28:20,789 [pool-57-thread-1] INFO  segmented.SegmentedRaftLogWorker (SegmentedRaftLogWorker.java:lambda$new$0(132)) - a5d3a44e-87a4-4ffe-bd57-d4dea2700ae7@group-E3054EB6B45A-SegmentedRaftLogWorker: flushIndex: setUnconditionally 0 -> -1
2019-09-16 17:28:20,789 [pool-27-thread-1] INFO  segmented.SegmentedRaftLogWorker (SegmentedRaftLogWorker.java:lambda$new$0(132)) - 2565157f-9642-4f7c-bd15-58f431c5cf0a@group-E3054EB6B45A-SegmentedRaftLogWorker: flushIndex: setUnconditionally 0 -> -1
2019-09-16 17:28:20,789 [pool-57-thread-1] INFO  server.RaftServerConfigKeys (ConfUtils.java:logGet(43)) - raft.server.snapshot.auto.trigger.enabled = true (custom)
2019-09-16 17:28:20,790 [pool-57-thread-1] INFO  server.RaftServerConfigKeys (ConfUtils.java:logGet(43)) - raft.server.snapshot.auto.trigger.threshold = 10000 (custom)
2019-09-16 17:28:20,790 [pool-27-thread-1] INFO  server.RaftServerConfigKeys (ConfUtils.java:logGet(43)) - raft.server.snapshot.auto.trigger.enabled = true (custom)
2019-09-16 17:28:20,790 [pool-57-thread-1] INFO  server.RaftServerConfigKeys (ConfUtils.java:logGet(43)) - raft.server.snapshot.retention.num.files = -1 (default)
2019-09-16 17:28:20,790 [pool-27-thread-1] INFO  server.RaftServerConfigKeys (ConfUtils.java:logGet(43)) - raft.server.snapshot.auto.trigger.threshold = 10000 (custom)
2019-09-16 17:28:20,790 [pool-57-thread-1] INFO  server.RaftServerConfigKeys (ConfUtils.java:logGet(43)) - raft.server.retrycache.expirytime = 600000ms (custom)
2019-09-16 17:28:20,790 [pool-27-thread-1] INFO  server.RaftServerConfigKeys (ConfUtils.java:logGet(43)) - raft.server.snapshot.retention.num.files = -1 (default)
2019-09-16 17:28:20,790 [pool-67-thread-1] INFO  impl.RaftServerImpl (RaftServerImpl.java:start(185)) - 08c3c9a3-c92b-48ae-803a-081cb99550ef@group-E3054EB6B45A: start as a follower, conf=-1: [2565157f-9642-4f7c-bd15-58f431c5cf0a:192.168.151.75:46619, a5d3a44e-87a4-4ffe-bd57-d4dea2700ae7:192.168.151.75:34772, 08c3c9a3-c92b-48ae-803a-081cb99550ef:192.168.151.75:43991], old=null
2019-09-16 17:28:20,791 [pool-27-thread-1] INFO  server.RaftServerConfigKeys (ConfUtils.java:logGet(43)) - raft.server.retrycache.expirytime = 600000ms (custom)
2019-09-16 17:28:20,791 [pool-67-thread-1] INFO  impl.RaftServerImpl (RaftServerImpl.java:setRole(174)) - 08c3c9a3-c92b-48ae-803a-081cb99550ef@group-E3054EB6B45A: changes role from      null to FOLLOWER at term 0 for startAsFollower
2019-09-16 17:28:20,791 [pool-67-thread-1] INFO  impl.RoleInfo (RoleInfo.java:updateAndGet(143)) - 08c3c9a3-c92b-48ae-803a-081cb99550ef: start FollowerState
2019-09-16 17:28:20,792 [pool-67-thread-1] INFO  util.JmxRegister (JmxRegister.java:tryRegister(44)) - Successfully registered JMX Bean with object name Ratis:service=RaftServer,group=group-E3054EB6B45A,id=08c3c9a3-c92b-48ae-803a-081cb99550ef
2019-09-16 17:28:20,794 [pool-57-thread-1] INFO  impl.RaftServerImpl (RaftServerImpl.java:start(185)) - a5d3a44e-87a4-4ffe-bd57-d4dea2700ae7@group-E3054EB6B45A: start as a follower, conf=-1: [2565157f-9642-4f7c-bd15-58f431c5cf0a:192.168.151.75:46619, a5d3a44e-87a4-4ffe-bd57-d4dea2700ae7:192.168.151.75:34772, 08c3c9a3-c92b-48ae-803a-081cb99550ef:192.168.151.75:43991], old=null
2019-09-16 17:28:20,794 [pool-57-thread-1] INFO  impl.RaftServerImpl (RaftServerImpl.java:setRole(174)) - a5d3a44e-87a4-4ffe-bd57-d4dea2700ae7@group-E3054EB6B45A: changes role from      null to FOLLOWER at term 0 for startAsFollower
2019-09-16 17:28:20,794 [pool-57-thread-1] INFO  impl.RoleInfo (RoleInfo.java:updateAndGet(143)) - a5d3a44e-87a4-4ffe-bd57-d4dea2700ae7: start FollowerState
2019-09-16 17:28:20,794 [pool-27-thread-1] INFO  impl.RaftServerImpl (RaftServerImpl.java:start(185)) - 2565157f-9642-4f7c-bd15-58f431c5cf0a@group-E3054EB6B45A: start as a follower, conf=-1: [2565157f-9642-4f7c-bd15-58f431c5cf0a:192.168.151.75:46619, a5d3a44e-87a4-4ffe-bd57-d4dea2700ae7:192.168.151.75:34772, 08c3c9a3-c92b-48ae-803a-081cb99550ef:192.168.151.75:43991], old=null
2019-09-16 17:28:20,795 [pool-27-thread-1] INFO  impl.RaftServerImpl (RaftServerImpl.java:setRole(174)) - 2565157f-9642-4f7c-bd15-58f431c5cf0a@group-E3054EB6B45A: changes role from      null to FOLLOWER at term 0 for startAsFollower
2019-09-16 17:28:20,795 [pool-57-thread-1] INFO  util.JmxRegister (JmxRegister.java:tryRegister(44)) - Successfully registered JMX Bean with object name Ratis:service=RaftServer,group=group-E3054EB6B45A,id=a5d3a44e-87a4-4ffe-bd57-d4dea2700ae7
2019-09-16 17:28:20,795 [pool-27-thread-1] INFO  impl.RoleInfo (RoleInfo.java:updateAndGet(143)) - 2565157f-9642-4f7c-bd15-58f431c5cf0a: start FollowerState
2019-09-16 17:28:20,796 [pool-27-thread-1] INFO  util.JmxRegister (JmxRegister.java:tryRegister(44)) - Successfully registered JMX Bean with object name Ratis:service=RaftServer,group=group-E3054EB6B45A,id=2565157f-9642-4f7c-bd15-58f431c5cf0a
2019-09-16 17:28:20,798 [RatisPipelineUtilsThread] INFO  pipeline.PipelineStateManager (PipelineStateManager.java:addPipeline(56)) - Created pipeline Pipeline[ Id: b7dceaf7-e616-45e1-9226-e3054eb6b45a, Nodes: a5d3a44e-87a4-4ffe-bd57-d4dea2700ae7{ip: 192.168.151.75, host: pr-hdds-2114-2x2fm-437316914, networkLocation: /default-rack, certSerialId: null}08c3c9a3-c92b-48ae-803a-081cb99550ef{ip: 192.168.151.75, host: pr-hdds-2114-2x2fm-437316914, networkLocation: /default-rack, certSerialId: null}2565157f-9642-4f7c-bd15-58f431c5cf0a{ip: 192.168.151.75, host: pr-hdds-2114-2x2fm-437316914, networkLocation: /default-rack, certSerialId: null}, Type:RATIS, Factor:THREE, State:OPEN]
2019-09-16 17:28:22,429 [org.apache.ratis.server.impl.LogAppender$AppenderDaemon$$Lambda$485/1974557644@1b840190] ERROR ratis.XceiverServerRatis (XceiverServerRatis.java:triggerPipelineClose(568)) - pipeline Action CLOSE  on pipeline PipelineID=93324fbd-3721-4fab-88a8-42427ae515a8.Reason : 2565157f-9642-4f7c-bd15-58f431c5cf0a has not seen follower/s a5d3a44e-87a4-4ffe-bd57-d4dea2700ae7 for 158325ms 08c3c9a3-c92b-48ae-803a-081cb99550ef for 158325ms
2019-09-16 17:28:22,429 [org.apache.ratis.server.impl.LogAppender$AppenderDaemon$$Lambda$485/1974557644@38a349fb] ERROR ratis.XceiverServerRatis (XceiverServerRatis.java:triggerPipelineClose(568)) - pipeline Action CLOSE  on pipeline PipelineID=93324fbd-3721-4fab-88a8-42427ae515a8.Reason : 2565157f-9642-4f7c-bd15-58f431c5cf0a has not seen follower/s a5d3a44e-87a4-4ffe-bd57-d4dea2700ae7 for 158325ms 08c3c9a3-c92b-48ae-803a-081cb99550ef for 158325ms
2019-09-16 17:28:22,928 [java.util.concurrent.ThreadPoolExecutor$Worker@5a1c6d9[State = -1, empty queue]] WARN  server.GrpcLogAppender (GrpcLogAppender.java:timeoutAppendRequest(200)) - 2565157f-9642-4f7c-bd15-58f431c5cf0a@group-42427AE515A8->08c3c9a3-c92b-48ae-803a-081cb99550ef-GrpcLogAppender: appendEntries Timeout, request=2565157f-9642-4f7c-bd15-58f431c5cf0a->08c3c9a3-c92b-48ae-803a-081cb99550ef#76-t2, previous=(t:2, i:13), leaderCommit=6, initializing? false, entries: <empty>
2019-09-16 17:28:22,928 [java.util.concurrent.ThreadPoolExecutor$Worker@1b6a6326[State = -1, empty queue]] WARN  server.GrpcLogAppender (GrpcLogAppender.java:timeoutAppendRequest(200)) - 2565157f-9642-4f7c-bd15-58f431c5cf0a@group-42427AE515A8->a5d3a44e-87a4-4ffe-bd57-d4dea2700ae7-GrpcLogAppender: appendEntries Timeout, request=2565157f-9642-4f7c-bd15-58f431c5cf0a->a5d3a44e-87a4-4ffe-bd57-d4dea2700ae7#76-t2, previous=(t:2, i:13), leaderCommit=6, initializing? false, entries: <empty>
2019-09-16 17:28:23,409 [EventQueue-PipelineActionsForPipelineActionHandler] ERROR pipeline.PipelineActionHandler (PipelineActionHandler.java:onMessage(60)) - Received pipeline action CLOSE for Pipeline[ Id: 93324fbd-3721-4fab-88a8-42427ae515a8, Nodes: a5d3a44e-87a4-4ffe-bd57-d4dea2700ae7{ip: 192.168.151.75, host: pr-hdds-2114-2x2fm-437316914, networkLocation: /default-rack, certSerialId: null}08c3c9a3-c92b-48ae-803a-081cb99550ef{ip: 192.168.151.75, host: pr-hdds-2114-2x2fm-437316914, networkLocation: /default-rack, certSerialId: null}2565157f-9642-4f7c-bd15-58f431c5cf0a{ip: 192.168.151.75, host: pr-hdds-2114-2x2fm-437316914, networkLocation: /default-rack, certSerialId: null}, Type:RATIS, Factor:THREE, State:CLOSED] from datanode 2565157f-9642-4f7c-bd15-58f431c5cf0a{ip: 192.168.151.75, host: pr-hdds-2114-2x2fm-437316914, networkLocation: /default-rack, certSerialId: null}. Reason : 2565157f-9642-4f7c-bd15-58f431c5cf0a has not seen follower/s a5d3a44e-87a4-4ffe-bd57-d4dea2700ae7 for 158325ms 08c3c9a3-c92b-48ae-803a-081cb99550ef for 158325ms
2019-09-16 17:28:23,409 [EventQueue-PipelineActionsForPipelineActionHandler] INFO  pipeline.SCMPipelineManager (SCMPipelineManager.java:finalizeAndDestroyPipeline(311)) - destroying pipeline:Pipeline[ Id: 93324fbd-3721-4fab-88a8-42427ae515a8, Nodes: a5d3a44e-87a4-4ffe-bd57-d4dea2700ae7{ip: 192.168.151.75, host: pr-hdds-2114-2x2fm-437316914, networkLocation: /default-rack, certSerialId: null}08c3c9a3-c92b-48ae-803a-081cb99550ef{ip: 192.168.151.75, host: pr-hdds-2114-2x2fm-437316914, networkLocation: /default-rack, certSerialId: null}2565157f-9642-4f7c-bd15-58f431c5cf0a{ip: 192.168.151.75, host: pr-hdds-2114-2x2fm-437316914, networkLocation: /default-rack, certSerialId: null}, Type:RATIS, Factor:THREE, State:CLOSED]
2019-09-16 17:28:24,230 [a5d3a44e-87a4-4ffe-bd57-d4dea2700ae7@group-42427AE515A8-SegmentedRaftLogWorker] WARN  segmented.SegmentedRaftLogWorker (SegmentedRaftLogWorker.java:getFromFuture(90)) - Timeout 15/~
org.apache.ratis.protocol.TimeoutIOException: Timeout 10s: WriteLog:7: (t:2, i:7), STATEMACHINELOGENTRY, client-67B75F1E9B14, cid=47-writeStateMachineData
	at org.apache.ratis.util.IOUtils.getFromFuture(IOUtils.java:87)
	at org.apache.ratis.server.raftlog.segmented.SegmentedRaftLogWorker$StateMachineDataPolicy.getFromFuture(SegmentedRaftLogWorker.java:87)
	at org.apache.ratis.server.raftlog.segmented.SegmentedRaftLogWorker$WriteLog.execute(SegmentedRaftLogWorker.java:477)
	at org.apache.ratis.server.raftlog.segmented.SegmentedRaftLogWorker.run(SegmentedRaftLogWorker.java:289)
	at java.lang.Thread.run(Thread.java:748)
Caused by: java.util.concurrent.TimeoutException
	at java.util.concurrent.CompletableFuture.timedGet(CompletableFuture.java:1771)
	at java.util.concurrent.CompletableFuture.get(CompletableFuture.java:1915)
	at org.apache.ratis.util.IOUtils.getFromFuture(IOUtils.java:79)
	... 4 more
2019-09-16 17:28:24,367 [08c3c9a3-c92b-48ae-803a-081cb99550ef@group-42427AE515A8-SegmentedRaftLogWorker] WARN  segmented.SegmentedRaftLogWorker (SegmentedRaftLogWorker.java:getFromFuture(90)) - Timeout 15/~
org.apache.ratis.protocol.TimeoutIOException: Timeout 10s: WriteLog:10: (t:2, i:10), STATEMACHINELOGENTRY, client-67B75F1E9B14, cid=50-writeStateMachineData
	at org.apache.ratis.util.IOUtils.getFromFuture(IOUtils.java:87)
	at org.apache.ratis.server.raftlog.segmented.SegmentedRaftLogWorker$StateMachineDataPolicy.getFromFuture(SegmentedRaftLogWorker.java:87)
	at org.apache.ratis.server.raftlog.segmented.SegmentedRaftLogWorker$WriteLog.execute(SegmentedRaftLogWorker.java:477)
	at org.apache.ratis.server.raftlog.segmented.SegmentedRaftLogWorker.run(SegmentedRaftLogWorker.java:289)
	at java.lang.Thread.run(Thread.java:748)
Caused by: java.util.concurrent.TimeoutException
	at java.util.concurrent.CompletableFuture.timedGet(CompletableFuture.java:1771)
	at java.util.concurrent.CompletableFuture.get(CompletableFuture.java:1915)
	at org.apache.ratis.util.IOUtils.getFromFuture(IOUtils.java:79)
	... 4 more
2019-09-16 17:28:24,384 [2565157f-9642-4f7c-bd15-58f431c5cf0a@group-42427AE515A8-SegmentedRaftLogWorker] WARN  segmented.SegmentedRaftLogWorker (SegmentedRaftLogWorker.java:getFromFuture(90)) - Timeout 15/~
org.apache.ratis.protocol.TimeoutIOException: Timeout 10s: WriteLog:8: (t:2, i:8), STATEMACHINELOGENTRY, client-67B75F1E9B14, cid=48-writeStateMachineData
	at org.apache.ratis.util.IOUtils.getFromFuture(IOUtils.java:87)
	at org.apache.ratis.server.raftlog.segmented.SegmentedRaftLogWorker$StateMachineDataPolicy.getFromFuture(SegmentedRaftLogWorker.java:87)
	at org.apache.ratis.server.raftlog.segmented.SegmentedRaftLogWorker$WriteLog.execute(SegmentedRaftLogWorker.java:477)
	at org.apache.ratis.server.raftlog.segmented.SegmentedRaftLogWorker.run(SegmentedRaftLogWorker.java:289)
	at java.lang.Thread.run(Thread.java:748)
Caused by: java.util.concurrent.TimeoutException
	at java.util.concurrent.CompletableFuture.timedGet(CompletableFuture.java:1771)
	at java.util.concurrent.CompletableFuture.get(CompletableFuture.java:1915)
	at org.apache.ratis.util.IOUtils.getFromFuture(IOUtils.java:79)
	... 4 more
2019-09-16 17:28:24,930 [org.apache.ratis.server.impl.LogAppender$AppenderDaemon$$Lambda$485/1974557644@1b840190] ERROR ratis.XceiverServerRatis (XceiverServerRatis.java:triggerPipelineClose(568)) - pipeline Action CLOSE  on pipeline PipelineID=93324fbd-3721-4fab-88a8-42427ae515a8.Reason : 2565157f-9642-4f7c-bd15-58f431c5cf0a has not seen follower/s a5d3a44e-87a4-4ffe-bd57-d4dea2700ae7 for 160825ms 08c3c9a3-c92b-48ae-803a-081cb99550ef for 160825ms
2019-09-16 17:28:24,930 [org.apache.ratis.server.impl.LogAppender$AppenderDaemon$$Lambda$485/1974557644@38a349fb] ERROR ratis.XceiverServerRatis (XceiverServerRatis.java:triggerPipelineClose(568)) - pipeline Action CLOSE  on pipeline PipelineID=93324fbd-3721-4fab-88a8-42427ae515a8.Reason : 2565157f-9642-4f7c-bd15-58f431c5cf0a has not seen follower/s a5d3a44e-87a4-4ffe-bd57-d4dea2700ae7 for 160825ms 08c3c9a3-c92b-48ae-803a-081cb99550ef for 160825ms
2019-09-16 17:28:25,408 [EventQueue-PipelineActionsForPipelineActionHandler] ERROR pipeline.PipelineActionHandler (PipelineActionHandler.java:onMessage(60)) - Received pipeline action CLOSE for Pipeline[ Id: 93324fbd-3721-4fab-88a8-42427ae515a8, Nodes: a5d3a44e-87a4-4ffe-bd57-d4dea2700ae7{ip: 192.168.151.75, host: pr-hdds-2114-2x2fm-437316914, networkLocation: /default-rack, certSerialId: null}08c3c9a3-c92b-48ae-803a-081cb99550ef{ip: 192.168.151.75, host: pr-hdds-2114-2x2fm-437316914, networkLocation: /default-rack, certSerialId: null}2565157f-9642-4f7c-bd15-58f431c5cf0a{ip: 192.168.151.75, host: pr-hdds-2114-2x2fm-437316914, networkLocation: /default-rack, certSerialId: null}, Type:RATIS, Factor:THREE, State:CLOSED] from datanode 2565157f-9642-4f7c-bd15-58f431c5cf0a{ip: 192.168.151.75, host: pr-hdds-2114-2x2fm-437316914, networkLocation: /default-rack, certSerialId: null}. Reason : 2565157f-9642-4f7c-bd15-58f431c5cf0a has not seen follower/s a5d3a44e-87a4-4ffe-bd57-d4dea2700ae7 for 160825ms 08c3c9a3-c92b-48ae-803a-081cb99550ef for 160825ms
2019-09-16 17:28:25,408 [EventQueue-PipelineActionsForPipelineActionHandler] INFO  pipeline.SCMPipelineManager (SCMPipelineManager.java:finalizeAndDestroyPipeline(311)) - destroying pipeline:Pipeline[ Id: 93324fbd-3721-4fab-88a8-42427ae515a8, Nodes: a5d3a44e-87a4-4ffe-bd57-d4dea2700ae7{ip: 192.168.151.75, host: pr-hdds-2114-2x2fm-437316914, networkLocation: /default-rack, certSerialId: null}08c3c9a3-c92b-48ae-803a-081cb99550ef{ip: 192.168.151.75, host: pr-hdds-2114-2x2fm-437316914, networkLocation: /default-rack, certSerialId: null}2565157f-9642-4f7c-bd15-58f431c5cf0a{ip: 192.168.151.75, host: pr-hdds-2114-2x2fm-437316914, networkLocation: /default-rack, certSerialId: null}, Type:RATIS, Factor:THREE, State:CLOSED]
2019-09-16 17:28:25,429 [java.util.concurrent.ThreadPoolExecutor$Worker@5a1c6d9[State = -1, empty queue]] WARN  server.GrpcLogAppender (GrpcLogAppender.java:timeoutAppendRequest(200)) - 2565157f-9642-4f7c-bd15-58f431c5cf0a@group-42427AE515A8->08c3c9a3-c92b-48ae-803a-081cb99550ef-GrpcLogAppender: appendEntries Timeout, request=2565157f-9642-4f7c-bd15-58f431c5cf0a->08c3c9a3-c92b-48ae-803a-081cb99550ef#77-t2, previous=(t:2, i:13), leaderCommit=6, initializing? false, entries: <empty>
2019-09-16 17:28:25,429 [java.util.concurrent.ThreadPoolExecutor$Worker@1b6a6326[State = -1, empty queue]] WARN  server.GrpcLogAppender (GrpcLogAppender.java:timeoutAppendRequest(200)) - 2565157f-9642-4f7c-bd15-58f431c5cf0a@group-42427AE515A8->a5d3a44e-87a4-4ffe-bd57-d4dea2700ae7-GrpcLogAppender: appendEntries Timeout, request=2565157f-9642-4f7c-bd15-58f431c5cf0a->a5d3a44e-87a4-4ffe-bd57-d4dea2700ae7#77-t2, previous=(t:2, i:13), leaderCommit=6, initializing? false, entries: <empty>
2019-09-16 17:28:25,763 [grpc-default-executor-7] INFO  client.GrpcClientProtocolClient (GrpcClientProtocolClient.java:onNext(264)) - client-67B75F1E9B14->08c3c9a3-c92b-48ae-803a-081cb99550ef: receive RaftClientReply:client-67B75F1E9B14->08c3c9a3-c92b-48ae-803a-081cb99550ef@group-42427AE515A8, cid=47, FAILED org.apache.ratis.protocol.NotLeaderException: Server 08c3c9a3-c92b-48ae-803a-081cb99550ef@group-42427AE515A8 is not the leader 2565157f-9642-4f7c-bd15-58f431c5cf0a:192.168.151.75:46619, logIndex=0, commits[08c3c9a3-c92b-48ae-803a-081cb99550ef:c6, 2565157f-9642-4f7c-bd15-58f431c5cf0a:c6, a5d3a44e-87a4-4ffe-bd57-d4dea2700ae7:c4]
2019-09-16 17:28:25,813 [Thread-1364] INFO  impl.FollowerState (FollowerState.java:run(106)) - 2565157f-9642-4f7c-bd15-58f431c5cf0a:group-E3054EB6B45A changes to CANDIDATE, lastRpcTime:5017, electionTimeout:5017ms
2019-09-16 17:28:25,813 [Thread-1364] INFO  impl.RoleInfo (RoleInfo.java:shutdownFollowerState(121)) - 2565157f-9642-4f7c-bd15-58f431c5cf0a: shutdown FollowerState
2019-09-16 17:28:25,813 [Thread-1364] INFO  impl.RaftServerImpl (RaftServerImpl.java:setRole(174)) - 2565157f-9642-4f7c-bd15-58f431c5cf0a@group-E3054EB6B45A: changes role from  FOLLOWER to CANDIDATE at term 0 for changeToCandidate
2019-09-16 17:28:25,813 [Thread-1364] INFO  impl.RoleInfo (RoleInfo.java:updateAndGet(143)) - 2565157f-9642-4f7c-bd15-58f431c5cf0a: start LeaderElection
2019-09-16 17:28:25,822 [Thread-1363] INFO  impl.FollowerState (FollowerState.java:run(106)) - a5d3a44e-87a4-4ffe-bd57-d4dea2700ae7:group-E3054EB6B45A changes to CANDIDATE, lastRpcTime:5027, electionTimeout:5027ms
2019-09-16 17:28:25,822 [Thread-1363] INFO  impl.RoleInfo (RoleInfo.java:shutdownFollowerState(121)) - a5d3a44e-87a4-4ffe-bd57-d4dea2700ae7: shutdown FollowerState
2019-09-16 17:28:25,822 [Thread-1363] INFO  impl.RaftServerImpl (RaftServerImpl.java:setRole(174)) - a5d3a44e-87a4-4ffe-bd57-d4dea2700ae7@group-E3054EB6B45A: changes role from  FOLLOWER to CANDIDATE at term 0 for changeToCandidate
2019-09-16 17:28:25,822 [Thread-1363] INFO  impl.RoleInfo (RoleInfo.java:updateAndGet(143)) - a5d3a44e-87a4-4ffe-bd57-d4dea2700ae7: start LeaderElection
2019-09-16 17:28:25,849 [a5d3a44e-87a4-4ffe-bd57-d4dea2700ae7@group-E3054EB6B45A:LeaderElection15] INFO  impl.LeaderElection (LeaderElection.java:askForVotes(182)) - a5d3a44e-87a4-4ffe-bd57-d4dea2700ae7@group-E3054EB6B45A:LeaderElection15: begin an election at term 1 for -1: [2565157f-9642-4f7c-bd15-58f431c5cf0a:192.168.151.75:46619, a5d3a44e-87a4-4ffe-bd57-d4dea2700ae7:192.168.151.75:34772, 08c3c9a3-c92b-48ae-803a-081cb99550ef:192.168.151.75:43991], old=null
2019-09-16 17:28:25,849 [2565157f-9642-4f7c-bd15-58f431c5cf0a@group-E3054EB6B45A:LeaderElection14] INFO  impl.LeaderElection (LeaderElection.java:askForVotes(182)) - 2565157f-9642-4f7c-bd15-58f431c5cf0a@group-E3054EB6B45A:LeaderElection14: begin an election at term 1 for -1: [2565157f-9642-4f7c-bd15-58f431c5cf0a:192.168.151.75:46619, a5d3a44e-87a4-4ffe-bd57-d4dea2700ae7:192.168.151.75:34772, 08c3c9a3-c92b-48ae-803a-081cb99550ef:192.168.151.75:43991], old=null
2019-09-16 17:28:25,855 [grpc-default-executor-5] INFO  impl.RaftServerImpl (RaftServerImpl.java:setRole(174)) - 08c3c9a3-c92b-48ae-803a-081cb99550ef@group-E3054EB6B45A: changes role from  FOLLOWER to FOLLOWER at term 1 for recognizeCandidate:a5d3a44e-87a4-4ffe-bd57-d4dea2700ae7
2019-09-16 17:28:25,855 [grpc-default-executor-5] INFO  impl.RoleInfo (RoleInfo.java:shutdownFollowerState(121)) - 08c3c9a3-c92b-48ae-803a-081cb99550ef: shutdown FollowerState
2019-09-16 17:28:25,858 [grpc-default-executor-5] INFO  impl.RoleInfo (RoleInfo.java:updateAndGet(143)) - 08c3c9a3-c92b-48ae-803a-081cb99550ef: start FollowerState
2019-09-16 17:28:25,874 [a5d3a44e-87a4-4ffe-bd57-d4dea2700ae7@group-E3054EB6B45A:LeaderElection15] INFO  impl.LeaderElection (LeaderElection.java:logAndReturn(56)) - a5d3a44e-87a4-4ffe-bd57-d4dea2700ae7@group-E3054EB6B45A:LeaderElection15: Election PASSED; received 2 response(s) [a5d3a44e-87a4-4ffe-bd57-d4dea2700ae7<-2565157f-9642-4f7c-bd15-58f431c5cf0a#0:FAIL-t1, a5d3a44e-87a4-4ffe-bd57-d4dea2700ae7<-08c3c9a3-c92b-48ae-803a-081cb99550ef#0:OK-t1] and 0 exception(s); a5d3a44e-87a4-4ffe-bd57-d4dea2700ae7@group-E3054EB6B45A:t1, leader=null, voted=a5d3a44e-87a4-4ffe-bd57-d4dea2700ae7, raftlog=a5d3a44e-87a4-4ffe-bd57-d4dea2700ae7@group-E3054EB6B45A-SegmentedRaftLog:OPENED:c-1,f-1,i0, conf=-1: [2565157f-9642-4f7c-bd15-58f431c5cf0a:192.168.151.75:46619, a5d3a44e-87a4-4ffe-bd57-d4dea2700ae7:192.168.151.75:34772, 08c3c9a3-c92b-48ae-803a-081cb99550ef:192.168.151.75:43991], old=null
2019-09-16 17:28:25,874 [2565157f-9642-4f7c-bd15-58f431c5cf0a@group-E3054EB6B45A:LeaderElection14] INFO  impl.LeaderElection (LeaderElection.java:logAndReturn(56)) - 2565157f-9642-4f7c-bd15-58f431c5cf0a@group-E3054EB6B45A:LeaderElection14: Election REJECTED; received 2 response(s) [2565157f-9642-4f7c-bd15-58f431c5cf0a<-a5d3a44e-87a4-4ffe-bd57-d4dea2700ae7#0:FAIL-t1, 2565157f-9642-4f7c-bd15-58f431c5cf0a<-08c3c9a3-c92b-48ae-803a-081cb99550ef#0:FAIL-t1] and 0 exception(s); 2565157f-9642-4f7c-bd15-58f431c5cf0a@group-E3054EB6B45A:t1, leader=null, voted=2565157f-9642-4f7c-bd15-58f431c5cf0a, raftlog=2565157f-9642-4f7c-bd15-58f431c5cf0a@group-E3054EB6B45A-SegmentedRaftLog:OPENED:c-1,f-1,i0, conf=-1: [2565157f-9642-4f7c-bd15-58f431c5cf0a:192.168.151.75:46619, a5d3a44e-87a4-4ffe-bd57-d4dea2700ae7:192.168.151.75:34772, 08c3c9a3-c92b-48ae-803a-081cb99550ef:192.168.151.75:43991], old=null
2019-09-16 17:28:25,874 [a5d3a44e-87a4-4ffe-bd57-d4dea2700ae7@group-E3054EB6B45A:LeaderElection15] INFO  impl.RoleInfo (RoleInfo.java:shutdownLeaderElection(134)) - a5d3a44e-87a4-4ffe-bd57-d4dea2700ae7: shutdown LeaderElection
2019-09-16 17:28:25,877 [2565157f-9642-4f7c-bd15-58f431c5cf0a@group-E3054EB6B45A:LeaderElection14] INFO  impl.RaftServerImpl (RaftServerImpl.java:setRole(174)) - 2565157f-9642-4f7c-bd15-58f431c5cf0a@group-E3054EB6B45A: changes role from CANDIDATE to FOLLOWER at term 1 for DISCOVERED_A_NEW_TERM
2019-09-16 17:28:25,882 [a5d3a44e-87a4-4ffe-bd57-d4dea2700ae7@group-E3054EB6B45A:LeaderElection15] INFO  impl.RaftServerImpl (RaftServerImpl.java:setRole(174)) - a5d3a44e-87a4-4ffe-bd57-d4dea2700ae7@group-E3054EB6B45A: changes role from CANDIDATE to LEADER at term 1 for changeToLeader
2019-09-16 17:28:25,882 [2565157f-9642-4f7c-bd15-58f431c5cf0a@group-E3054EB6B45A:LeaderElection14] INFO  impl.RoleInfo (RoleInfo.java:shutdownLeaderElection(134)) - 2565157f-9642-4f7c-bd15-58f431c5cf0a: shutdown LeaderElection
2019-09-16 17:28:25,882 [a5d3a44e-87a4-4ffe-bd57-d4dea2700ae7@group-E3054EB6B45A:LeaderElection15] INFO  impl.RaftServerImpl (ServerState.java:setLeader(253)) - a5d3a44e-87a4-4ffe-bd57-d4dea2700ae7@group-E3054EB6B45A: change Leader from null to a5d3a44e-87a4-4ffe-bd57-d4dea2700ae7 at term 1 for becomeLeader, leader elected after 5102ms
2019-09-16 17:28:25,882 [2565157f-9642-4f7c-bd15-58f431c5cf0a@group-E3054EB6B45A:LeaderElection14] INFO  impl.RoleInfo (RoleInfo.java:updateAndGet(143)) - 2565157f-9642-4f7c-bd15-58f431c5cf0a: start FollowerState
2019-09-16 17:28:25,883 [a5d3a44e-87a4-4ffe-bd57-d4dea2700ae7@group-E3054EB6B45A:LeaderElection15] INFO  server.RaftServerConfigKeys (ConfUtils.java:logGet(43)) - raft.server.staging.catchup.gap = 1000 (default)
2019-09-16 17:28:25,885 [a5d3a44e-87a4-4ffe-bd57-d4dea2700ae7@group-E3054EB6B45A:LeaderElection15] INFO  server.RaftServerConfigKeys (ConfUtils.java:logGet(43)) - raft.server.rpc.sleep.time = 25ms (default)
2019-09-16 17:28:25,885 [a5d3a44e-87a4-4ffe-bd57-d4dea2700ae7@group-E3054EB6B45A:LeaderElection15] INFO  server.RaftServerConfigKeys (ConfUtils.java:logGet(43)) - raft.server.write.element-limit = 4096 (default)
2019-09-16 17:28:25,886 [a5d3a44e-87a4-4ffe-bd57-d4dea2700ae7@group-E3054EB6B45A:LeaderElection15] INFO  server.RaftServerConfigKeys (ConfUtils.java:logGet(43)) - raft.server.watch.timeout = 10s (default)
2019-09-16 17:28:25,886 [a5d3a44e-87a4-4ffe-bd57-d4dea2700ae7@group-E3054EB6B45A:LeaderElection15] INFO  server.RaftServerConfigKeys (ConfUtils.java:logGet(43)) - raft.server.watch.timeout.denomination = 1s (default)
2019-09-16 17:28:25,886 [a5d3a44e-87a4-4ffe-bd57-d4dea2700ae7@group-E3054EB6B45A:LeaderElection15] INFO  server.RaftServerConfigKeys (ConfUtils.java:logGet(43)) - raft.server.watch.element-limit = 65536 (default)
2019-09-16 17:28:25,890 [a5d3a44e-87a4-4ffe-bd57-d4dea2700ae7@group-E3054EB6B45A:LeaderElection15] INFO  server.RaftServerConfigKeys (ConfUtils.java:logGet(43)) - raft.server.log.appender.snapshot.chunk.size.max = 16MB (=16777216) (default)
2019-09-16 17:28:25,891 [a5d3a44e-87a4-4ffe-bd57-d4dea2700ae7@group-E3054EB6B45A:LeaderElection15] INFO  server.RaftServerConfigKeys (ConfUtils.java:logGet(43)) - raft.server.log.appender.buffer.byte-limit = 33554432 (custom)
2019-09-16 17:28:25,891 [a5d3a44e-87a4-4ffe-bd57-d4dea2700ae7@group-E3054EB6B45A:LeaderElection15] INFO  server.RaftServerConfigKeys (ConfUtils.java:logGet(43)) - raft.server.log.appender.buffer.element-limit = 1 (custom)
2019-09-16 17:28:25,891 [a5d3a44e-87a4-4ffe-bd57-d4dea2700ae7@group-E3054EB6B45A:LeaderElection15] INFO  grpc.GrpcConfigKeys$Server (ConfUtils.java:logGet(43)) - raft.grpc.server.leader.outstanding.appends.max = 128 (default)
2019-09-16 17:28:25,891 [a5d3a44e-87a4-4ffe-bd57-d4dea2700ae7@group-E3054EB6B45A:LeaderElection15] INFO  server.RaftServerConfigKeys (ConfUtils.java:logGet(43)) - raft.server.rpc.request.timeout = 3000ms (default)
2019-09-16 17:28:25,891 [a5d3a44e-87a4-4ffe-bd57-d4dea2700ae7@group-E3054EB6B45A:LeaderElection15] INFO  server.RaftServerConfigKeys (ConfUtils.java:logGet(43)) - raft.server.log.appender.install.snapshot.enabled = false (custom)
2019-09-16 17:28:25,892 [a5d3a44e-87a4-4ffe-bd57-d4dea2700ae7@group-E3054EB6B45A:LeaderElection15] INFO  server.RaftServerConfigKeys (ConfUtils.java:logGet(43)) - raft.server.log.appender.snapshot.chunk.size.max = 16MB (=16777216) (default)
2019-09-16 17:28:25,892 [a5d3a44e-87a4-4ffe-bd57-d4dea2700ae7@group-E3054EB6B45A:LeaderElection15] INFO  server.RaftServerConfigKeys (ConfUtils.java:logGet(43)) - raft.server.log.appender.buffer.byte-limit = 33554432 (custom)
2019-09-16 17:28:25,892 [a5d3a44e-87a4-4ffe-bd57-d4dea2700ae7@group-E3054EB6B45A:LeaderElection15] INFO  server.RaftServerConfigKeys (ConfUtils.java:logGet(43)) - raft.server.log.appender.buffer.element-limit = 1 (custom)
2019-09-16 17:28:25,892 [a5d3a44e-87a4-4ffe-bd57-d4dea2700ae7@group-E3054EB6B45A:LeaderElection15] INFO  grpc.GrpcConfigKeys$Server (ConfUtils.java:logGet(43)) - raft.grpc.server.leader.outstanding.appends.max = 128 (default)
2019-09-16 17:28:25,892 [a5d3a44e-87a4-4ffe-bd57-d4dea2700ae7@group-E3054EB6B45A:LeaderElection15] INFO  server.RaftServerConfigKeys (ConfUtils.java:logGet(43)) - raft.server.rpc.request.timeout = 3000ms (default)
2019-09-16 17:28:25,893 [a5d3a44e-87a4-4ffe-bd57-d4dea2700ae7@group-E3054EB6B45A:LeaderElection15] INFO  server.RaftServerConfigKeys (ConfUtils.java:logGet(43)) - raft.server.log.appender.install.snapshot.enabled = false (custom)
2019-09-16 17:28:25,893 [a5d3a44e-87a4-4ffe-bd57-d4dea2700ae7@group-E3054EB6B45A:LeaderElection15] INFO  impl.RoleInfo (RoleInfo.java:updateAndGet(143)) - a5d3a44e-87a4-4ffe-bd57-d4dea2700ae7: start LeaderState
2019-09-16 17:28:25,893 [a5d3a44e-87a4-4ffe-bd57-d4dea2700ae7@group-E3054EB6B45A:LeaderElection15] INFO  segmented.SegmentedRaftLogWorker (SegmentedRaftLogWorker.java:startLogSegment(380)) - a5d3a44e-87a4-4ffe-bd57-d4dea2700ae7@group-E3054EB6B45A-SegmentedRaftLogWorker: Starting segment from index:0
2019-09-16 17:28:25,895 [a5d3a44e-87a4-4ffe-bd57-d4dea2700ae7@group-E3054EB6B45A:LeaderElection15] INFO  impl.RaftServerImpl (ServerState.java:setRaftConf(354)) - a5d3a44e-87a4-4ffe-bd57-d4dea2700ae7@group-E3054EB6B45A: set configuration 0: [2565157f-9642-4f7c-bd15-58f431c5cf0a:192.168.151.75:46619, a5d3a44e-87a4-4ffe-bd57-d4dea2700ae7:192.168.151.75:34772, 08c3c9a3-c92b-48ae-803a-081cb99550ef:192.168.151.75:43991], old=null at 0
2019-09-16 17:28:25,928 [grpc-default-executor-7] INFO  impl.RaftServerImpl (ServerState.java:setLeader(253)) - 2565157f-9642-4f7c-bd15-58f431c5cf0a@group-E3054EB6B45A: change Leader from null to a5d3a44e-87a4-4ffe-bd57-d4dea2700ae7 at term 1 for appendEntries, leader elected after 5147ms
2019-09-16 17:28:25,928 [grpc-default-executor-5] INFO  impl.RaftServerImpl (ServerState.java:setLeader(253)) - 08c3c9a3-c92b-48ae-803a-081cb99550ef@group-E3054EB6B45A: change Leader from null to a5d3a44e-87a4-4ffe-bd57-d4dea2700ae7 at term 1 for appendEntries, leader elected after 5148ms
2019-09-16 17:28:25,930 [grpc-default-executor-5] INFO  impl.RaftServerImpl (ServerState.java:setRaftConf(354)) - 2565157f-9642-4f7c-bd15-58f431c5cf0a@group-E3054EB6B45A: set configuration 0: [2565157f-9642-4f7c-bd15-58f431c5cf0a:192.168.151.75:46619, a5d3a44e-87a4-4ffe-bd57-d4dea2700ae7:192.168.151.75:34772, 08c3c9a3-c92b-48ae-803a-081cb99550ef:192.168.151.75:43991], old=null at 0
2019-09-16 17:28:25,930 [grpc-default-executor-7] INFO  impl.RaftServerImpl (ServerState.java:setRaftConf(354)) - 08c3c9a3-c92b-48ae-803a-081cb99550ef@group-E3054EB6B45A: set configuration 0: [2565157f-9642-4f7c-bd15-58f431c5cf0a:192.168.151.75:46619, a5d3a44e-87a4-4ffe-bd57-d4dea2700ae7:192.168.151.75:34772, 08c3c9a3-c92b-48ae-803a-081cb99550ef:192.168.151.75:43991], old=null at 0
2019-09-16 17:28:25,930 [grpc-default-executor-5] INFO  segmented.SegmentedRaftLogWorker (SegmentedRaftLogWorker.java:startLogSegment(380)) - 2565157f-9642-4f7c-bd15-58f431c5cf0a@group-E3054EB6B45A-SegmentedRaftLogWorker: Starting segment from index:0
2019-09-16 17:28:25,931 [grpc-default-executor-7] INFO  segmented.SegmentedRaftLogWorker (SegmentedRaftLogWorker.java:startLogSegment(380)) - 08c3c9a3-c92b-48ae-803a-081cb99550ef@group-E3054EB6B45A-SegmentedRaftLogWorker: Starting segment from index:0
2019-09-16 17:28:25,952 [a5d3a44e-87a4-4ffe-bd57-d4dea2700ae7@group-E3054EB6B45A-SegmentedRaftLogWorker] INFO  segmented.SegmentedRaftLogWorker (SegmentedRaftLogWorker.java:execute(569)) - a5d3a44e-87a4-4ffe-bd57-d4dea2700ae7@group-E3054EB6B45A-SegmentedRaftLogWorker: created new log segment /workdir/hadoop-ozone/integration-test/target/test-dir/MiniOzoneClusterImpl-1d68e719-5c56-406e-81cd-0d9da4b1ed63/datanode-3/data/ratis/b7dceaf7-e616-45e1-9226-e3054eb6b45a/current/log_inprogress_0
2019-09-16 17:28:25,973 [08c3c9a3-c92b-48ae-803a-081cb99550ef@group-E3054EB6B45A-SegmentedRaftLogWorker] INFO  segmented.SegmentedRaftLogWorker (SegmentedRaftLogWorker.java:execute(569)) - 08c3c9a3-c92b-48ae-803a-081cb99550ef@group-E3054EB6B45A-SegmentedRaftLogWorker: created new log segment /workdir/hadoop-ozone/integration-test/target/test-dir/MiniOzoneClusterImpl-1d68e719-5c56-406e-81cd-0d9da4b1ed63/datanode-4/data/ratis/b7dceaf7-e616-45e1-9226-e3054eb6b45a/current/log_inprogress_0
2019-09-16 17:28:25,973 [2565157f-9642-4f7c-bd15-58f431c5cf0a@group-E3054EB6B45A-SegmentedRaftLogWorker] INFO  segmented.SegmentedRaftLogWorker (SegmentedRaftLogWorker.java:execute(569)) - 2565157f-9642-4f7c-bd15-58f431c5cf0a@group-E3054EB6B45A-SegmentedRaftLogWorker: created new log segment /workdir/hadoop-ozone/integration-test/target/test-dir/MiniOzoneClusterImpl-1d68e719-5c56-406e-81cd-0d9da4b1ed63/datanode-0/data/ratis/b7dceaf7-e616-45e1-9226-e3054eb6b45a/current/log_inprogress_0
2019-09-16 17:28:27,431 [org.apache.ratis.server.impl.LogAppender$AppenderDaemon$$Lambda$485/1974557644@1b840190] ERROR ratis.XceiverServerRatis (XceiverServerRatis.java:triggerPipelineClose(568)) - pipeline Action CLOSE  on pipeline PipelineID=93324fbd-3721-4fab-88a8-42427ae515a8.Reason : 2565157f-9642-4f7c-bd15-58f431c5cf0a has not seen follower/s a5d3a44e-87a4-4ffe-bd57-d4dea2700ae7 for 163326ms 08c3c9a3-c92b-48ae-803a-081cb99550ef for 163326ms
2019-09-16 17:28:27,431 [org.apache.ratis.server.impl.LogAppender$AppenderDaemon$$Lambda$485/1974557644@38a349fb] ERROR ratis.XceiverServerRatis (XceiverServerRatis.java:triggerPipelineClose(568)) - pipeline Action CLOSE  on pipeline PipelineID=93324fbd-3721-4fab-88a8-42427ae515a8.Reason : 2565157f-9642-4f7c-bd15-58f431c5cf0a has not seen follower/s a5d3a44e-87a4-4ffe-bd57-d4dea2700ae7 for 163326ms 08c3c9a3-c92b-48ae-803a-081cb99550ef for 163326ms
2019-09-16 17:28:27,930 [java.util.concurrent.ThreadPoolExecutor$Worker@5a1c6d9[State = -1, empty queue]] WARN  server.GrpcLogAppender (GrpcLogAppender.java:timeoutAppendRequest(200)) - 2565157f-9642-4f7c-bd15-58f431c5cf0a@group-42427AE515A8->08c3c9a3-c92b-48ae-803a-081cb99550ef-GrpcLogAppender: appendEntries Timeout, request=2565157f-9642-4f7c-bd15-58f431c5cf0a->08c3c9a3-c92b-48ae-803a-081cb99550ef#78-t2, previous=(t:2, i:13), leaderCommit=6, initializing? false, entries: <empty>
2019-09-16 17:28:27,930 [java.util.concurrent.ThreadPoolExecutor$Worker@1b6a6326[State = -1, empty queue]] WARN  server.GrpcLogAppender (GrpcLogAppender.java:timeoutAppendRequest(200)) - 2565157f-9642-4f7c-bd15-58f431c5cf0a@group-42427AE515A8->a5d3a44e-87a4-4ffe-bd57-d4dea2700ae7-GrpcLogAppender: appendEntries Timeout, request=2565157f-9642-4f7c-bd15-58f431c5cf0a->a5d3a44e-87a4-4ffe-bd57-d4dea2700ae7#78-t2, previous=(t:2, i:13), leaderCommit=6, initializing? false, entries: <empty>
2019-09-16 17:28:28,410 [EventQueue-PipelineActionsForPipelineActionHandler] ERROR pipeline.PipelineActionHandler (PipelineActionHandler.java:onMessage(60)) - Received pipeline action CLOSE for Pipeline[ Id: 93324fbd-3721-4fab-88a8-42427ae515a8, Nodes: a5d3a44e-87a4-4ffe-bd57-d4dea2700ae7{ip: 192.168.151.75, host: pr-hdds-2114-2x2fm-437316914, networkLocation: /default-rack, certSerialId: null}08c3c9a3-c92b-48ae-803a-081cb99550ef{ip: 192.168.151.75, host: pr-hdds-2114-2x2fm-437316914, networkLocation: /default-rack, certSerialId: null}2565157f-9642-4f7c-bd15-58f431c5cf0a{ip: 192.168.151.75, host: pr-hdds-2114-2x2fm-437316914, networkLocation: /default-rack, certSerialId: null}, Type:RATIS, Factor:THREE, State:CLOSED] from datanode 2565157f-9642-4f7c-bd15-58f431c5cf0a{ip: 192.168.151.75, host: pr-hdds-2114-2x2fm-437316914, networkLocation: /default-rack, certSerialId: null}. Reason : 2565157f-9642-4f7c-bd15-58f431c5cf0a has not seen follower/s a5d3a44e-87a4-4ffe-bd57-d4dea2700ae7 for 163326ms 08c3c9a3-c92b-48ae-803a-081cb99550ef for 163326ms
2019-09-16 17:28:28,410 [EventQueue-PipelineActionsForPipelineActionHandler] INFO  pipeline.SCMPipelineManager (SCMPipelineManager.java:finalizeAndDestroyPipeline(311)) - destroying pipeline:Pipeline[ Id: 93324fbd-3721-4fab-88a8-42427ae515a8, Nodes: a5d3a44e-87a4-4ffe-bd57-d4dea2700ae7{ip: 192.168.151.75, host: pr-hdds-2114-2x2fm-437316914, networkLocation: /default-rack, certSerialId: null}08c3c9a3-c92b-48ae-803a-081cb99550ef{ip: 192.168.151.75, host: pr-hdds-2114-2x2fm-437316914, networkLocation: /default-rack, certSerialId: null}2565157f-9642-4f7c-bd15-58f431c5cf0a{ip: 192.168.151.75, host: pr-hdds-2114-2x2fm-437316914, networkLocation: /default-rack, certSerialId: null}, Type:RATIS, Factor:THREE, State:CLOSED]
2019-09-16 17:28:29,931 [org.apache.ratis.server.impl.LogAppender$AppenderDaemon$$Lambda$485/1974557644@1b840190] ERROR ratis.XceiverServerRatis (XceiverServerRatis.java:triggerPipelineClose(568)) - pipeline Action CLOSE  on pipeline PipelineID=93324fbd-3721-4fab-88a8-42427ae515a8.Reason : 2565157f-9642-4f7c-bd15-58f431c5cf0a has not seen follower/s a5d3a44e-87a4-4ffe-bd57-d4dea2700ae7 for 165827ms 08c3c9a3-c92b-48ae-803a-081cb99550ef for 165827ms
2019-09-16 17:28:29,932 [org.apache.ratis.server.impl.LogAppender$AppenderDaemon$$Lambda$485/1974557644@38a349fb] ERROR ratis.XceiverServerRatis (XceiverServerRatis.java:triggerPipelineClose(568)) - pipeline Action CLOSE  on pipeline PipelineID=93324fbd-3721-4fab-88a8-42427ae515a8.Reason : 2565157f-9642-4f7c-bd15-58f431c5cf0a has not seen follower/s a5d3a44e-87a4-4ffe-bd57-d4dea2700ae7 for 165827ms 08c3c9a3-c92b-48ae-803a-081cb99550ef for 165827ms
2019-09-16 17:28:30,411 [EventQueue-PipelineActionsForPipelineActionHandler] ERROR pipeline.PipelineActionHandler (PipelineActionHandler.java:onMessage(60)) - Received pipeline action CLOSE for Pipeline[ Id: 93324fbd-3721-4fab-88a8-42427ae515a8, Nodes: a5d3a44e-87a4-4ffe-bd57-d4dea2700ae7{ip: 192.168.151.75, host: pr-hdds-2114-2x2fm-437316914, networkLocation: /default-rack, certSerialId: null}08c3c9a3-c92b-48ae-803a-081cb99550ef{ip: 192.168.151.75, host: pr-hdds-2114-2x2fm-437316914, networkLocation: /default-rack, certSerialId: null}2565157f-9642-4f7c-bd15-58f431c5cf0a{ip: 192.168.151.75, host: pr-hdds-2114-2x2fm-437316914, networkLocation: /default-rack, certSerialId: null}, Type:RATIS, Factor:THREE, State:CLOSED] from datanode 2565157f-9642-4f7c-bd15-58f431c5cf0a{ip: 192.168.151.75, host: pr-hdds-2114-2x2fm-437316914, networkLocation: /default-rack, certSerialId: null}. Reason : 2565157f-9642-4f7c-bd15-58f431c5cf0a has not seen follower/s a5d3a44e-87a4-4ffe-bd57-d4dea2700ae7 for 165827ms 08c3c9a3-c92b-48ae-803a-081cb99550ef for 165827ms
2019-09-16 17:28:30,411 [EventQueue-PipelineActionsForPipelineActionHandler] INFO  pipeline.SCMPipelineManager (SCMPipelineManager.java:finalizeAndDestroyPipeline(311)) - destroying pipeline:Pipeline[ Id: 93324fbd-3721-4fab-88a8-42427ae515a8, Nodes: a5d3a44e-87a4-4ffe-bd57-d4dea2700ae7{ip: 192.168.151.75, host: pr-hdds-2114-2x2fm-437316914, networkLocation: /default-rack, certSerialId: null}08c3c9a3-c92b-48ae-803a-081cb99550ef{ip: 192.168.151.75, host: pr-hdds-2114-2x2fm-437316914, networkLocation: /default-rack, certSerialId: null}2565157f-9642-4f7c-bd15-58f431c5cf0a{ip: 192.168.151.75, host: pr-hdds-2114-2x2fm-437316914, networkLocation: /default-rack, certSerialId: null}, Type:RATIS, Factor:THREE, State:CLOSED]
2019-09-16 17:28:30,431 [java.util.concurrent.ThreadPoolExecutor$Worker@1b6a6326[State = -1, empty queue]] WARN  server.GrpcLogAppender (GrpcLogAppender.java:timeoutAppendRequest(200)) - 2565157f-9642-4f7c-bd15-58f431c5cf0a@group-42427AE515A8->a5d3a44e-87a4-4ffe-bd57-d4dea2700ae7-GrpcLogAppender: appendEntries Timeout, request=2565157f-9642-4f7c-bd15-58f431c5cf0a->a5d3a44e-87a4-4ffe-bd57-d4dea2700ae7#79-t2, previous=(t:2, i:13), leaderCommit=6, initializing? false, entries: <empty>
2019-09-16 17:28:30,431 [java.util.concurrent.ThreadPoolExecutor$Worker@5a1c6d9[State = -1, empty queue]] WARN  server.GrpcLogAppender (GrpcLogAppender.java:timeoutAppendRequest(200)) - 2565157f-9642-4f7c-bd15-58f431c5cf0a@group-42427AE515A8->08c3c9a3-c92b-48ae-803a-081cb99550ef-GrpcLogAppender: appendEntries Timeout, request=2565157f-9642-4f7c-bd15-58f431c5cf0a->08c3c9a3-c92b-48ae-803a-081cb99550ef#79-t2, previous=(t:2, i:13), leaderCommit=6, initializing? false, entries: <empty>
2019-09-16 17:28:30,797 [grpc-default-executor-5] INFO  client.GrpcClientProtocolClient (GrpcClientProtocolClient.java:onNext(264)) - client-67B75F1E9B14->a5d3a44e-87a4-4ffe-bd57-d4dea2700ae7: receive RaftClientReply:client-67B75F1E9B14->a5d3a44e-87a4-4ffe-bd57-d4dea2700ae7@group-42427AE515A8, cid=47, FAILED org.apache.ratis.protocol.NotLeaderException: Server a5d3a44e-87a4-4ffe-bd57-d4dea2700ae7@group-42427AE515A8 is not the leader 2565157f-9642-4f7c-bd15-58f431c5cf0a:192.168.151.75:46619, logIndex=0, commits[a5d3a44e-87a4-4ffe-bd57-d4dea2700ae7:c6, 2565157f-9642-4f7c-bd15-58f431c5cf0a:c6, 08c3c9a3-c92b-48ae-803a-081cb99550ef:c4]
2019-09-16 17:28:32,432 [org.apache.ratis.server.impl.LogAppender$AppenderDaemon$$Lambda$485/1974557644@1b840190] ERROR ratis.XceiverServerRatis (XceiverServerRatis.java:triggerPipelineClose(568)) - pipeline Action CLOSE  on pipeline PipelineID=93324fbd-3721-4fab-88a8-42427ae515a8.Reason : 2565157f-9642-4f7c-bd15-58f431c5cf0a has not seen follower/s a5d3a44e-87a4-4ffe-bd57-d4dea2700ae7 for 168328ms 08c3c9a3-c92b-48ae-803a-081cb99550ef for 168328ms
2019-09-16 17:28:32,432 [org.apache.ratis.server.impl.LogAppender$AppenderDaemon$$Lambda$485/1974557644@38a349fb] ERROR ratis.XceiverServerRatis (XceiverServerRatis.java:triggerPipelineClose(568)) - pipeline Action CLOSE  on pipeline PipelineID=93324fbd-3721-4fab-88a8-42427ae515a8.Reason : 2565157f-9642-4f7c-bd15-58f431c5cf0a has not seen follower/s a5d3a44e-87a4-4ffe-bd57-d4dea2700ae7 for 168328ms 08c3c9a3-c92b-48ae-803a-081cb99550ef for 168328ms
2019-09-16 17:28:32,931 [java.util.concurrent.ThreadPoolExecutor$Worker@1b6a6326[State = -1, empty queue]] WARN  server.GrpcLogAppender (GrpcLogAppender.java:timeoutAppendRequest(200)) - 2565157f-9642-4f7c-bd15-58f431c5cf0a@group-42427AE515A8->a5d3a44e-87a4-4ffe-bd57-d4dea2700ae7-GrpcLogAppender: appendEntries Timeout, request=2565157f-9642-4f7c-bd15-58f431c5cf0a->a5d3a44e-87a4-4ffe-bd57-d4dea2700ae7#80-t2, previous=(t:2, i:13), leaderCommit=6, initializing? false, entries: <empty>
2019-09-16 17:28:32,932 [java.util.concurrent.ThreadPoolExecutor$Worker@5a1c6d9[State = -1, empty queue]] WARN  server.GrpcLogAppender (GrpcLogAppender.java:timeoutAppendRequest(200)) - 2565157f-9642-4f7c-bd15-58f431c5cf0a@group-42427AE515A8->08c3c9a3-c92b-48ae-803a-081cb99550ef-GrpcLogAppender: appendEntries Timeout, request=2565157f-9642-4f7c-bd15-58f431c5cf0a->08c3c9a3-c92b-48ae-803a-081cb99550ef#80-t2, previous=(t:2, i:13), leaderCommit=6, initializing? false, entries: <empty>
2019-09-16 17:28:33,410 [EventQueue-PipelineActionsForPipelineActionHandler] ERROR pipeline.PipelineActionHandler (PipelineActionHandler.java:onMessage(60)) - Received pipeline action CLOSE for Pipeline[ Id: 93324fbd-3721-4fab-88a8-42427ae515a8, Nodes: a5d3a44e-87a4-4ffe-bd57-d4dea2700ae7{ip: 192.168.151.75, host: pr-hdds-2114-2x2fm-437316914, networkLocation: /default-rack, certSerialId: null}08c3c9a3-c92b-48ae-803a-081cb99550ef{ip: 192.168.151.75, host: pr-hdds-2114-2x2fm-437316914, networkLocation: /default-rack, certSerialId: null}2565157f-9642-4f7c-bd15-58f431c5cf0a{ip: 192.168.151.75, host: pr-hdds-2114-2x2fm-437316914, networkLocation: /default-rack, certSerialId: null}, Type:RATIS, Factor:THREE, State:CLOSED] from datanode 2565157f-9642-4f7c-bd15-58f431c5cf0a{ip: 192.168.151.75, host: pr-hdds-2114-2x2fm-437316914, networkLocation: /default-rack, certSerialId: null}. Reason : 2565157f-9642-4f7c-bd15-58f431c5cf0a has not seen follower/s a5d3a44e-87a4-4ffe-bd57-d4dea2700ae7 for 168328ms 08c3c9a3-c92b-48ae-803a-081cb99550ef for 168328ms
2019-09-16 17:28:33,411 [EventQueue-PipelineActionsForPipelineActionHandler] INFO  pipeline.SCMPipelineManager (SCMPipelineManager.java:finalizeAndDestroyPipeline(311)) - destroying pipeline:Pipeline[ Id: 93324fbd-3721-4fab-88a8-42427ae515a8, Nodes: a5d3a44e-87a4-4ffe-bd57-d4dea2700ae7{ip: 192.168.151.75, host: pr-hdds-2114-2x2fm-437316914, networkLocation: /default-rack, certSerialId: null}08c3c9a3-c92b-48ae-803a-081cb99550ef{ip: 192.168.151.75, host: pr-hdds-2114-2x2fm-437316914, networkLocation: /default-rack, certSerialId: null}2565157f-9642-4f7c-bd15-58f431c5cf0a{ip: 192.168.151.75, host: pr-hdds-2114-2x2fm-437316914, networkLocation: /default-rack, certSerialId: null}, Type:RATIS, Factor:THREE, State:CLOSED]
2019-09-16 17:28:34,231 [a5d3a44e-87a4-4ffe-bd57-d4dea2700ae7@group-42427AE515A8-SegmentedRaftLogWorker] WARN  segmented.SegmentedRaftLogWorker (SegmentedRaftLogWorker.java:getFromFuture(90)) - Timeout 16/~
org.apache.ratis.protocol.TimeoutIOException: Timeout 10s: WriteLog:7: (t:2, i:7), STATEMACHINELOGENTRY, client-67B75F1E9B14, cid=47-writeStateMachineData
	at org.apache.ratis.util.IOUtils.getFromFuture(IOUtils.java:87)
	at org.apache.ratis.server.raftlog.segmented.SegmentedRaftLogWorker$StateMachineDataPolicy.getFromFuture(SegmentedRaftLogWorker.java:87)
	at org.apache.ratis.server.raftlog.segmented.SegmentedRaftLogWorker$WriteLog.execute(SegmentedRaftLogWorker.java:477)
	at org.apache.ratis.server.raftlog.segmented.SegmentedRaftLogWorker.run(SegmentedRaftLogWorker.java:289)
	at java.lang.Thread.run(Thread.java:748)
Caused by: java.util.concurrent.TimeoutException
	at java.util.concurrent.CompletableFuture.timedGet(CompletableFuture.java:1771)
	at java.util.concurrent.CompletableFuture.get(CompletableFuture.java:1915)
	at org.apache.ratis.util.IOUtils.getFromFuture(IOUtils.java:79)
	... 4 more
2019-09-16 17:28:34,384 [08c3c9a3-c92b-48ae-803a-081cb99550ef@group-42427AE515A8-SegmentedRaftLogWorker] WARN  segmented.SegmentedRaftLogWorker (SegmentedRaftLogWorker.java:getFromFuture(90)) - Timeout 16/~
org.apache.ratis.protocol.TimeoutIOException: Timeout 10s: WriteLog:10: (t:2, i:10), STATEMACHINELOGENTRY, client-67B75F1E9B14, cid=50-writeStateMachineData
	at org.apache.ratis.util.IOUtils.getFromFuture(IOUtils.java:87)
	at org.apache.ratis.server.raftlog.segmented.SegmentedRaftLogWorker$StateMachineDataPolicy.getFromFuture(SegmentedRaftLogWorker.java:87)
	at org.apache.ratis.server.raftlog.segmented.SegmentedRaftLogWorker$WriteLog.execute(SegmentedRaftLogWorker.java:477)
	at org.apache.ratis.server.raftlog.segmented.SegmentedRaftLogWorker.run(SegmentedRaftLogWorker.java:289)
	at java.lang.Thread.run(Thread.java:748)
Caused by: java.util.concurrent.TimeoutException
	at java.util.concurrent.CompletableFuture.timedGet(CompletableFuture.java:1771)
	at java.util.concurrent.CompletableFuture.get(CompletableFuture.java:1915)
	at org.apache.ratis.util.IOUtils.getFromFuture(IOUtils.java:79)
	... 4 more
2019-09-16 17:28:34,385 [2565157f-9642-4f7c-bd15-58f431c5cf0a@group-42427AE515A8-SegmentedRaftLogWorker] WARN  segmented.SegmentedRaftLogWorker (SegmentedRaftLogWorker.java:getFromFuture(90)) - Timeout 16/~
org.apache.ratis.protocol.TimeoutIOException: Timeout 10s: WriteLog:8: (t:2, i:8), STATEMACHINELOGENTRY, client-67B75F1E9B14, cid=48-writeStateMachineData
	at org.apache.ratis.util.IOUtils.getFromFuture(IOUtils.java:87)
	at org.apache.ratis.server.raftlog.segmented.SegmentedRaftLogWorker$StateMachineDataPolicy.getFromFuture(SegmentedRaftLogWorker.java:87)
	at org.apache.ratis.server.raftlog.segmented.SegmentedRaftLogWorker$WriteLog.execute(SegmentedRaftLogWorker.java:477)
	at org.apache.ratis.server.raftlog.segmented.SegmentedRaftLogWorker.run(SegmentedRaftLogWorker.java:289)
	at java.lang.Thread.run(Thread.java:748)
Caused by: java.util.concurrent.TimeoutException
	at java.util.concurrent.CompletableFuture.timedGet(CompletableFuture.java:1771)
	at java.util.concurrent.CompletableFuture.get(CompletableFuture.java:1915)
	at org.apache.ratis.util.IOUtils.getFromFuture(IOUtils.java:79)
	... 4 more
2019-09-16 17:28:34,933 [org.apache.ratis.server.impl.LogAppender$AppenderDaemon$$Lambda$485/1974557644@1b840190] ERROR ratis.XceiverServerRatis (XceiverServerRatis.java:triggerPipelineClose(568)) - pipeline Action CLOSE  on pipeline PipelineID=93324fbd-3721-4fab-88a8-42427ae515a8.Reason : 2565157f-9642-4f7c-bd15-58f431c5cf0a has not seen follower/s a5d3a44e-87a4-4ffe-bd57-d4dea2700ae7 for 170828ms 08c3c9a3-c92b-48ae-803a-081cb99550ef for 170829ms
2019-09-16 17:28:34,933 [org.apache.ratis.server.impl.LogAppender$AppenderDaemon$$Lambda$485/1974557644@38a349fb] ERROR ratis.XceiverServerRatis (XceiverServerRatis.java:triggerPipelineClose(568)) - pipeline Action CLOSE  on pipeline PipelineID=93324fbd-3721-4fab-88a8-42427ae515a8.Reason : 2565157f-9642-4f7c-bd15-58f431c5cf0a has not seen follower/s a5d3a44e-87a4-4ffe-bd57-d4dea2700ae7 for 170829ms 08c3c9a3-c92b-48ae-803a-081cb99550ef for 170829ms
2019-09-16 17:28:35,410 [EventQueue-PipelineActionsForPipelineActionHandler] ERROR pipeline.PipelineActionHandler (PipelineActionHandler.java:onMessage(60)) - Received pipeline action CLOSE for Pipeline[ Id: 93324fbd-3721-4fab-88a8-42427ae515a8, Nodes: a5d3a44e-87a4-4ffe-bd57-d4dea2700ae7{ip: 192.168.151.75, host: pr-hdds-2114-2x2fm-437316914, networkLocation: /default-rack, certSerialId: null}08c3c9a3-c92b-48ae-803a-081cb99550ef{ip: 192.168.151.75, host: pr-hdds-2114-2x2fm-437316914, networkLocation: /default-rack, certSerialId: null}2565157f-9642-4f7c-bd15-58f431c5cf0a{ip: 192.168.151.75, host: pr-hdds-2114-2x2fm-437316914, networkLocation: /default-rack, certSerialId: null}, Type:RATIS, Factor:THREE, State:CLOSED] from datanode 2565157f-9642-4f7c-bd15-58f431c5cf0a{ip: 192.168.151.75, host: pr-hdds-2114-2x2fm-437316914, networkLocation: /default-rack, certSerialId: null}. Reason : 2565157f-9642-4f7c-bd15-58f431c5cf0a has not seen follower/s a5d3a44e-87a4-4ffe-bd57-d4dea2700ae7 for 170828ms 08c3c9a3-c92b-48ae-803a-081cb99550ef for 170829ms
2019-09-16 17:28:35,411 [EventQueue-PipelineActionsForPipelineActionHandler] INFO  pipeline.SCMPipelineManager (SCMPipelineManager.java:finalizeAndDestroyPipeline(311)) - destroying pipeline:Pipeline[ Id: 93324fbd-3721-4fab-88a8-42427ae515a8, Nodes: a5d3a44e-87a4-4ffe-bd57-d4dea2700ae7{ip: 192.168.151.75, host: pr-hdds-2114-2x2fm-437316914, networkLocation: /default-rack, certSerialId: null}08c3c9a3-c92b-48ae-803a-081cb99550ef{ip: 192.168.151.75, host: pr-hdds-2114-2x2fm-437316914, networkLocation: /default-rack, certSerialId: null}2565157f-9642-4f7c-bd15-58f431c5cf0a{ip: 192.168.151.75, host: pr-hdds-2114-2x2fm-437316914, networkLocation: /default-rack, certSerialId: null}, Type:RATIS, Factor:THREE, State:CLOSED]
2019-09-16 17:28:35,432 [java.util.concurrent.ThreadPoolExecutor$Worker@1b6a6326[State = -1, empty queue]] WARN  server.GrpcLogAppender (GrpcLogAppender.java:timeoutAppendRequest(200)) - 2565157f-9642-4f7c-bd15-58f431c5cf0a@group-42427AE515A8->a5d3a44e-87a4-4ffe-bd57-d4dea2700ae7-GrpcLogAppender: appendEntries Timeout, request=2565157f-9642-4f7c-bd15-58f431c5cf0a->a5d3a44e-87a4-4ffe-bd57-d4dea2700ae7#81-t2, previous=(t:2, i:13), leaderCommit=6, initializing? false, entries: <empty>
2019-09-16 17:28:35,432 [java.util.concurrent.ThreadPoolExecutor$Worker@5a1c6d9[State = -1, empty queue]] WARN  server.GrpcLogAppender (GrpcLogAppender.java:timeoutAppendRequest(200)) - 2565157f-9642-4f7c-bd15-58f431c5cf0a@group-42427AE515A8->08c3c9a3-c92b-48ae-803a-081cb99550ef-GrpcLogAppender: appendEntries Timeout, request=2565157f-9642-4f7c-bd15-58f431c5cf0a->08c3c9a3-c92b-48ae-803a-081cb99550ef#81-t2, previous=(t:2, i:13), leaderCommit=6, initializing? false, entries: <empty>
2019-09-16 17:28:35,838 [grpc-default-executor-7] INFO  client.GrpcClientProtocolClient (GrpcClientProtocolClient.java:onNext(264)) - client-67B75F1E9B14->08c3c9a3-c92b-48ae-803a-081cb99550ef: receive RaftClientReply:client-67B75F1E9B14->08c3c9a3-c92b-48ae-803a-081cb99550ef@group-42427AE515A8, cid=47, FAILED org.apache.ratis.protocol.NotLeaderException: Server 08c3c9a3-c92b-48ae-803a-081cb99550ef@group-42427AE515A8 is not the leader 2565157f-9642-4f7c-bd15-58f431c5cf0a:192.168.151.75:46619, logIndex=0, commits[08c3c9a3-c92b-48ae-803a-081cb99550ef:c6, 2565157f-9642-4f7c-bd15-58f431c5cf0a:c6, a5d3a44e-87a4-4ffe-bd57-d4dea2700ae7:c4]
2019-09-16 17:28:37,435 [org.apache.ratis.server.impl.LogAppender$AppenderDaemon$$Lambda$485/1974557644@1b840190] ERROR ratis.XceiverServerRatis (XceiverServerRatis.java:triggerPipelineClose(568)) - pipeline Action CLOSE  on pipeline PipelineID=93324fbd-3721-4fab-88a8-42427ae515a8.Reason : 2565157f-9642-4f7c-bd15-58f431c5cf0a has not seen follower/s a5d3a44e-87a4-4ffe-bd57-d4dea2700ae7 for 173330ms 08c3c9a3-c92b-48ae-803a-081cb99550ef for 173330ms
2019-09-16 17:28:37,435 [org.apache.ratis.server.impl.LogAppender$AppenderDaemon$$Lambda$485/1974557644@38a349fb] ERROR ratis.XceiverServerRatis (XceiverServerRatis.java:triggerPipelineClose(568)) - pipeline Action CLOSE  on pipeline PipelineID=93324fbd-3721-4fab-88a8-42427ae515a8.Reason : 2565157f-9642-4f7c-bd15-58f431c5cf0a has not seen follower/s a5d3a44e-87a4-4ffe-bd57-d4dea2700ae7 for 173330ms 08c3c9a3-c92b-48ae-803a-081cb99550ef for 173330ms
2019-09-16 17:28:37,933 [java.util.concurrent.ThreadPoolExecutor$Worker@5a1c6d9[State = -1, empty queue]] WARN  server.GrpcLogAppender (GrpcLogAppender.java:timeoutAppendRequest(200)) - 2565157f-9642-4f7c-bd15-58f431c5cf0a@group-42427AE515A8->08c3c9a3-c92b-48ae-803a-081cb99550ef-GrpcLogAppender: appendEntries Timeout, request=2565157f-9642-4f7c-bd15-58f431c5cf0a->08c3c9a3-c92b-48ae-803a-081cb99550ef#82-t2, previous=(t:2, i:13), leaderCommit=6, initializing? false, entries: <empty>
2019-09-16 17:28:37,933 [java.util.concurrent.ThreadPoolExecutor$Worker@1b6a6326[State = -1, empty queue]] WARN  server.GrpcLogAppender (GrpcLogAppender.java:timeoutAppendRequest(200)) - 2565157f-9642-4f7c-bd15-58f431c5cf0a@group-42427AE515A8->a5d3a44e-87a4-4ffe-bd57-d4dea2700ae7-GrpcLogAppender: appendEntries Timeout, request=2565157f-9642-4f7c-bd15-58f431c5cf0a->a5d3a44e-87a4-4ffe-bd57-d4dea2700ae7#82-t2, previous=(t:2, i:13), leaderCommit=6, initializing? false, entries: <empty>
2019-09-16 17:28:38,411 [EventQueue-PipelineActionsForPipelineActionHandler] ERROR pipeline.PipelineActionHandler (PipelineActionHandler.java:onMessage(60)) - Received pipeline action CLOSE for Pipeline[ Id: 93324fbd-3721-4fab-88a8-42427ae515a8, Nodes: a5d3a44e-87a4-4ffe-bd57-d4dea2700ae7{ip: 192.168.151.75, host: pr-hdds-2114-2x2fm-437316914, networkLocation: /default-rack, certSerialId: null}08c3c9a3-c92b-48ae-803a-081cb99550ef{ip: 192.168.151.75, host: pr-hdds-2114-2x2fm-437316914, networkLocation: /default-rack, certSerialId: null}2565157f-9642-4f7c-bd15-58f431c5cf0a{ip: 192.168.151.75, host: pr-hdds-2114-2x2fm-437316914, networkLocation: /default-rack, certSerialId: null}, Type:RATIS, Factor:THREE, State:CLOSED] from datanode 2565157f-9642-4f7c-bd15-58f431c5cf0a{ip: 192.168.151.75, host: pr-hdds-2114-2x2fm-437316914, networkLocation: /default-rack, certSerialId: null}. Reason : 2565157f-9642-4f7c-bd15-58f431c5cf0a has not seen follower/s a5d3a44e-87a4-4ffe-bd57-d4dea2700ae7 for 173330ms 08c3c9a3-c92b-48ae-803a-081cb99550ef for 173330ms
2019-09-16 17:28:38,412 [EventQueue-PipelineActionsForPipelineActionHandler] INFO  pipeline.SCMPipelineManager (SCMPipelineManager.java:finalizeAndDestroyPipeline(311)) - destroying pipeline:Pipeline[ Id: 93324fbd-3721-4fab-88a8-42427ae515a8, Nodes: a5d3a44e-87a4-4ffe-bd57-d4dea2700ae7{ip: 192.168.151.75, host: pr-hdds-2114-2x2fm-437316914, networkLocation: /default-rack, certSerialId: null}08c3c9a3-c92b-48ae-803a-081cb99550ef{ip: 192.168.151.75, host: pr-hdds-2114-2x2fm-437316914, networkLocation: /default-rack, certSerialId: null}2565157f-9642-4f7c-bd15-58f431c5cf0a{ip: 192.168.151.75, host: pr-hdds-2114-2x2fm-437316914, networkLocation: /default-rack, certSerialId: null}, Type:RATIS, Factor:THREE, State:CLOSED]
2019-09-16 17:28:39,935 [org.apache.ratis.server.impl.LogAppender$AppenderDaemon$$Lambda$485/1974557644@38a349fb] ERROR ratis.XceiverServerRatis (XceiverServerRatis.java:triggerPipelineClose(568)) - pipeline Action CLOSE  on pipeline PipelineID=93324fbd-3721-4fab-88a8-42427ae515a8.Reason : 2565157f-9642-4f7c-bd15-58f431c5cf0a has not seen follower/s a5d3a44e-87a4-4ffe-bd57-d4dea2700ae7 for 175830ms 08c3c9a3-c92b-48ae-803a-081cb99550ef for 175830ms
2019-09-16 17:28:39,936 [org.apache.ratis.server.impl.LogAppender$AppenderDaemon$$Lambda$485/1974557644@1b840190] ERROR ratis.XceiverServerRatis (XceiverServerRatis.java:triggerPipelineClose(568)) - pipeline Action CLOSE  on pipeline PipelineID=93324fbd-3721-4fab-88a8-42427ae515a8.Reason : 2565157f-9642-4f7c-bd15-58f431c5cf0a has not seen follower/s a5d3a44e-87a4-4ffe-bd57-d4dea2700ae7 for 175831ms 08c3c9a3-c92b-48ae-803a-081cb99550ef for 175831ms
2019-09-16 17:28:40,412 [EventQueue-PipelineActionsForPipelineActionHandler] ERROR pipeline.PipelineActionHandler (PipelineActionHandler.java:onMessage(60)) - Received pipeline action CLOSE for Pipeline[ Id: 93324fbd-3721-4fab-88a8-42427ae515a8, Nodes: a5d3a44e-87a4-4ffe-bd57-d4dea2700ae7{ip: 192.168.151.75, host: pr-hdds-2114-2x2fm-437316914, networkLocation: /default-rack, certSerialId: null}08c3c9a3-c92b-48ae-803a-081cb99550ef{ip: 192.168.151.75, host: pr-hdds-2114-2x2fm-437316914, networkLocation: /default-rack, certSerialId: null}2565157f-9642-4f7c-bd15-58f431c5cf0a{ip: 192.168.151.75, host: pr-hdds-2114-2x2fm-437316914, networkLocation: /default-rack, certSerialId: null}, Type:RATIS, Factor:THREE, State:CLOSED] from datanode 2565157f-9642-4f7c-bd15-58f431c5cf0a{ip: 192.168.151.75, host: pr-hdds-2114-2x2fm-437316914, networkLocation: /default-rack, certSerialId: null}. Reason : 2565157f-9642-4f7c-bd15-58f431c5cf0a has not seen follower/s a5d3a44e-87a4-4ffe-bd57-d4dea2700ae7 for 175830ms 08c3c9a3-c92b-48ae-803a-081cb99550ef for 175830ms
2019-09-16 17:28:40,413 [EventQueue-PipelineActionsForPipelineActionHandler] INFO  pipeline.SCMPipelineManager (SCMPipelineManager.java:finalizeAndDestroyPipeline(311)) - destroying pipeline:Pipeline[ Id: 93324fbd-3721-4fab-88a8-42427ae515a8, Nodes: a5d3a44e-87a4-4ffe-bd57-d4dea2700ae7{ip: 192.168.151.75, host: pr-hdds-2114-2x2fm-437316914, networkLocation: /default-rack, certSerialId: null}08c3c9a3-c92b-48ae-803a-081cb99550ef{ip: 192.168.151.75, host: pr-hdds-2114-2x2fm-437316914, networkLocation: /default-rack, certSerialId: null}2565157f-9642-4f7c-bd15-58f431c5cf0a{ip: 192.168.151.75, host: pr-hdds-2114-2x2fm-437316914, networkLocation: /default-rack, certSerialId: null}, Type:RATIS, Factor:THREE, State:CLOSED]
2019-09-16 17:28:40,434 [java.util.concurrent.ThreadPoolExecutor$Worker@5a1c6d9[State = -1, empty queue]] WARN  server.GrpcLogAppender (GrpcLogAppender.java:timeoutAppendRequest(200)) - 2565157f-9642-4f7c-bd15-58f431c5cf0a@group-42427AE515A8->08c3c9a3-c92b-48ae-803a-081cb99550ef-GrpcLogAppender: appendEntries Timeout, request=2565157f-9642-4f7c-bd15-58f431c5cf0a->08c3c9a3-c92b-48ae-803a-081cb99550ef#83-t2, previous=(t:2, i:13), leaderCommit=6, initializing? false, entries: <empty>
2019-09-16 17:28:40,434 [java.util.concurrent.ThreadPoolExecutor$Worker@1b6a6326[State = -1, empty queue]] WARN  server.GrpcLogAppender (GrpcLogAppender.java:timeoutAppendRequest(200)) - 2565157f-9642-4f7c-bd15-58f431c5cf0a@group-42427AE515A8->a5d3a44e-87a4-4ffe-bd57-d4dea2700ae7-GrpcLogAppender: appendEntries Timeout, request=2565157f-9642-4f7c-bd15-58f431c5cf0a->a5d3a44e-87a4-4ffe-bd57-d4dea2700ae7#83-t2, previous=(t:2, i:13), leaderCommit=6, initializing? false, entries: <empty>
2019-09-16 17:28:40,877 [grpc-default-executor-5] INFO  client.GrpcClientProtocolClient (GrpcClientProtocolClient.java:onNext(264)) - client-67B75F1E9B14->08c3c9a3-c92b-48ae-803a-081cb99550ef: receive RaftClientReply:client-67B75F1E9B14->08c3c9a3-c92b-48ae-803a-081cb99550ef@group-42427AE515A8, cid=47, FAILED org.apache.ratis.protocol.NotLeaderException: Server 08c3c9a3-c92b-48ae-803a-081cb99550ef@group-42427AE515A8 is not the leader 2565157f-9642-4f7c-bd15-58f431c5cf0a:192.168.151.75:46619, logIndex=0, commits[08c3c9a3-c92b-48ae-803a-081cb99550ef:c6, 2565157f-9642-4f7c-bd15-58f431c5cf0a:c6, a5d3a44e-87a4-4ffe-bd57-d4dea2700ae7:c4]
2019-09-16 17:28:42,436 [org.apache.ratis.server.impl.LogAppender$AppenderDaemon$$Lambda$485/1974557644@38a349fb] ERROR ratis.XceiverServerRatis (XceiverServerRatis.java:triggerPipelineClose(568)) - pipeline Action CLOSE  on pipeline PipelineID=93324fbd-3721-4fab-88a8-42427ae515a8.Reason : 2565157f-9642-4f7c-bd15-58f431c5cf0a has not seen follower/s a5d3a44e-87a4-4ffe-bd57-d4dea2700ae7 for 178331ms 08c3c9a3-c92b-48ae-803a-081cb99550ef for 178331ms
2019-09-16 17:28:42,436 [org.apache.ratis.server.impl.LogAppender$AppenderDaemon$$Lambda$485/1974557644@1b840190] ERROR ratis.XceiverServerRatis (XceiverServerRatis.java:triggerPipelineClose(568)) - pipeline Action CLOSE  on pipeline PipelineID=93324fbd-3721-4fab-88a8-42427ae515a8.Reason : 2565157f-9642-4f7c-bd15-58f431c5cf0a has not seen follower/s a5d3a44e-87a4-4ffe-bd57-d4dea2700ae7 for 178332ms 08c3c9a3-c92b-48ae-803a-081cb99550ef for 178332ms
2019-09-16 17:28:42,935 [java.util.concurrent.ThreadPoolExecutor$Worker@5a1c6d9[State = -1, empty queue]] WARN  server.GrpcLogAppender (GrpcLogAppender.java:timeoutAppendRequest(200)) - 2565157f-9642-4f7c-bd15-58f431c5cf0a@group-42427AE515A8->08c3c9a3-c92b-48ae-803a-081cb99550ef-GrpcLogAppender: appendEntries Timeout, request=2565157f-9642-4f7c-bd15-58f431c5cf0a->08c3c9a3-c92b-48ae-803a-081cb99550ef#84-t2, previous=(t:2, i:13), leaderCommit=6, initializing? false, entries: <empty>
2019-09-16 17:28:42,935 [java.util.concurrent.ThreadPoolExecutor$Worker@1b6a6326[State = -1, empty queue]] WARN  server.GrpcLogAppender (GrpcLogAppender.java:timeoutAppendRequest(200)) - 2565157f-9642-4f7c-bd15-58f431c5cf0a@group-42427AE515A8->a5d3a44e-87a4-4ffe-bd57-d4dea2700ae7-GrpcLogAppender: appendEntries Timeout, request=2565157f-9642-4f7c-bd15-58f431c5cf0a->a5d3a44e-87a4-4ffe-bd57-d4dea2700ae7#84-t2, previous=(t:2, i:13), leaderCommit=6, initializing? false, entries: <empty>
2019-09-16 17:28:43,413 [EventQueue-PipelineActionsForPipelineActionHandler] ERROR pipeline.PipelineActionHandler (PipelineActionHandler.java:onMessage(60)) - Received pipeline action CLOSE for Pipeline[ Id: 93324fbd-3721-4fab-88a8-42427ae515a8, Nodes: a5d3a44e-87a4-4ffe-bd57-d4dea2700ae7{ip: 192.168.151.75, host: pr-hdds-2114-2x2fm-437316914, networkLocation: /default-rack, certSerialId: null}08c3c9a3-c92b-48ae-803a-081cb99550ef{ip: 192.168.151.75, host: pr-hdds-2114-2x2fm-437316914, networkLocation: /default-rack, certSerialId: null}2565157f-9642-4f7c-bd15-58f431c5cf0a{ip: 192.168.151.75, host: pr-hdds-2114-2x2fm-437316914, networkLocation: /default-rack, certSerialId: null}, Type:RATIS, Factor:THREE, State:CLOSED] from datanode 2565157f-9642-4f7c-bd15-58f431c5cf0a{ip: 192.168.151.75, host: pr-hdds-2114-2x2fm-437316914, networkLocation: /default-rack, certSerialId: null}. Reason : 2565157f-9642-4f7c-bd15-58f431c5cf0a has not seen follower/s a5d3a44e-87a4-4ffe-bd57-d4dea2700ae7 for 178331ms 08c3c9a3-c92b-48ae-803a-081cb99550ef for 178331ms
2019-09-16 17:28:43,413 [EventQueue-PipelineActionsForPipelineActionHandler] INFO  pipeline.SCMPipelineManager (SCMPipelineManager.java:finalizeAndDestroyPipeline(311)) - destroying pipeline:Pipeline[ Id: 93324fbd-3721-4fab-88a8-42427ae515a8, Nodes: a5d3a44e-87a4-4ffe-bd57-d4dea2700ae7{ip: 192.168.151.75, host: pr-hdds-2114-2x2fm-437316914, networkLocation: /default-rack, certSerialId: null}08c3c9a3-c92b-48ae-803a-081cb99550ef{ip: 192.168.151.75, host: pr-hdds-2114-2x2fm-437316914, networkLocation: /default-rack, certSerialId: null}2565157f-9642-4f7c-bd15-58f431c5cf0a{ip: 192.168.151.75, host: pr-hdds-2114-2x2fm-437316914, networkLocation: /default-rack, certSerialId: null}, Type:RATIS, Factor:THREE, State:CLOSED]
2019-09-16 17:28:44,232 [a5d3a44e-87a4-4ffe-bd57-d4dea2700ae7@group-42427AE515A8-SegmentedRaftLogWorker] WARN  segmented.SegmentedRaftLogWorker (SegmentedRaftLogWorker.java:getFromFuture(90)) - Timeout 17/~
org.apache.ratis.protocol.TimeoutIOException: Timeout 10s: WriteLog:7: (t:2, i:7), STATEMACHINELOGENTRY, client-67B75F1E9B14, cid=47-writeStateMachineData
	at org.apache.ratis.util.IOUtils.getFromFuture(IOUtils.java:87)
	at org.apache.ratis.server.raftlog.segmented.SegmentedRaftLogWorker$StateMachineDataPolicy.getFromFuture(SegmentedRaftLogWorker.java:87)
	at org.apache.ratis.server.raftlog.segmented.SegmentedRaftLogWorker$WriteLog.execute(SegmentedRaftLogWorker.java:477)
	at org.apache.ratis.server.raftlog.segmented.SegmentedRaftLogWorker.run(SegmentedRaftLogWorker.java:289)
	at java.lang.Thread.run(Thread.java:748)
Caused by: java.util.concurrent.TimeoutException
	at java.util.concurrent.CompletableFuture.timedGet(CompletableFuture.java:1771)
	at java.util.concurrent.CompletableFuture.get(CompletableFuture.java:1915)
	at org.apache.ratis.util.IOUtils.getFromFuture(IOUtils.java:79)
	... 4 more
2019-09-16 17:28:44,385 [08c3c9a3-c92b-48ae-803a-081cb99550ef@group-42427AE515A8-SegmentedRaftLogWorker] WARN  segmented.SegmentedRaftLogWorker (SegmentedRaftLogWorker.java:getFromFuture(90)) - Timeout 17/~
org.apache.ratis.protocol.TimeoutIOException: Timeout 10s: WriteLog:10: (t:2, i:10), STATEMACHINELOGENTRY, client-67B75F1E9B14, cid=50-writeStateMachineData
	at org.apache.ratis.util.IOUtils.getFromFuture(IOUtils.java:87)
	at org.apache.ratis.server.raftlog.segmented.SegmentedRaftLogWorker$StateMachineDataPolicy.getFromFuture(SegmentedRaftLogWorker.java:87)
	at org.apache.ratis.server.raftlog.segmented.SegmentedRaftLogWorker$WriteLog.execute(SegmentedRaftLogWorker.java:477)
	at org.apache.ratis.server.raftlog.segmented.SegmentedRaftLogWorker.run(SegmentedRaftLogWorker.java:289)
	at java.lang.Thread.run(Thread.java:748)
Caused by: java.util.concurrent.TimeoutException
	at java.util.concurrent.CompletableFuture.timedGet(CompletableFuture.java:1771)
	at java.util.concurrent.CompletableFuture.get(CompletableFuture.java:1915)
	at org.apache.ratis.util.IOUtils.getFromFuture(IOUtils.java:79)
	... 4 more
2019-09-16 17:28:44,385 [2565157f-9642-4f7c-bd15-58f431c5cf0a@group-42427AE515A8-SegmentedRaftLogWorker] WARN  segmented.SegmentedRaftLogWorker (SegmentedRaftLogWorker.java:getFromFuture(90)) - Timeout 17/~
org.apache.ratis.protocol.TimeoutIOException: Timeout 10s: WriteLog:8: (t:2, i:8), STATEMACHINELOGENTRY, client-67B75F1E9B14, cid=48-writeStateMachineData
	at org.apache.ratis.util.IOUtils.getFromFuture(IOUtils.java:87)
	at org.apache.ratis.server.raftlog.segmented.SegmentedRaftLogWorker$StateMachineDataPolicy.getFromFuture(SegmentedRaftLogWorker.java:87)
	at org.apache.ratis.server.raftlog.segmented.SegmentedRaftLogWorker$WriteLog.execute(SegmentedRaftLogWorker.java:477)
	at org.apache.ratis.server.raftlog.segmented.SegmentedRaftLogWorker.run(SegmentedRaftLogWorker.java:289)
	at java.lang.Thread.run(Thread.java:748)
Caused by: java.util.concurrent.TimeoutException
	at java.util.concurrent.CompletableFuture.timedGet(CompletableFuture.java:1771)
	at java.util.concurrent.CompletableFuture.get(CompletableFuture.java:1915)
	at org.apache.ratis.util.IOUtils.getFromFuture(IOUtils.java:79)
	... 4 more
2019-09-16 17:28:44,937 [org.apache.ratis.server.impl.LogAppender$AppenderDaemon$$Lambda$485/1974557644@1b840190] ERROR ratis.XceiverServerRatis (XceiverServerRatis.java:triggerPipelineClose(568)) - pipeline Action CLOSE  on pipeline PipelineID=93324fbd-3721-4fab-88a8-42427ae515a8.Reason : 2565157f-9642-4f7c-bd15-58f431c5cf0a has not seen follower/s a5d3a44e-87a4-4ffe-bd57-d4dea2700ae7 for 180833ms 08c3c9a3-c92b-48ae-803a-081cb99550ef for 180833ms
2019-09-16 17:28:44,937 [org.apache.ratis.server.impl.LogAppender$AppenderDaemon$$Lambda$485/1974557644@38a349fb] ERROR ratis.XceiverServerRatis (XceiverServerRatis.java:triggerPipelineClose(568)) - pipeline Action CLOSE  on pipeline PipelineID=93324fbd-3721-4fab-88a8-42427ae515a8.Reason : 2565157f-9642-4f7c-bd15-58f431c5cf0a has not seen follower/s a5d3a44e-87a4-4ffe-bd57-d4dea2700ae7 for 180833ms 08c3c9a3-c92b-48ae-803a-081cb99550ef for 180833ms
2019-09-16 17:28:45,413 [EventQueue-PipelineActionsForPipelineActionHandler] ERROR pipeline.PipelineActionHandler (PipelineActionHandler.java:onMessage(60)) - Received pipeline action CLOSE for Pipeline[ Id: 93324fbd-3721-4fab-88a8-42427ae515a8, Nodes: a5d3a44e-87a4-4ffe-bd57-d4dea2700ae7{ip: 192.168.151.75, host: pr-hdds-2114-2x2fm-437316914, networkLocation: /default-rack, certSerialId: null}08c3c9a3-c92b-48ae-803a-081cb99550ef{ip: 192.168.151.75, host: pr-hdds-2114-2x2fm-437316914, networkLocation: /default-rack, certSerialId: null}2565157f-9642-4f7c-bd15-58f431c5cf0a{ip: 192.168.151.75, host: pr-hdds-2114-2x2fm-437316914, networkLocation: /default-rack, certSerialId: null}, Type:RATIS, Factor:THREE, State:CLOSED] from datanode 2565157f-9642-4f7c-bd15-58f431c5cf0a{ip: 192.168.151.75, host: pr-hdds-2114-2x2fm-437316914, networkLocation: /default-rack, certSerialId: null}. Reason : 2565157f-9642-4f7c-bd15-58f431c5cf0a has not seen follower/s a5d3a44e-87a4-4ffe-bd57-d4dea2700ae7 for 180833ms 08c3c9a3-c92b-48ae-803a-081cb99550ef for 180833ms
2019-09-16 17:28:45,413 [EventQueue-PipelineActionsForPipelineActionHandler] INFO  pipeline.SCMPipelineManager (SCMPipelineManager.java:finalizeAndDestroyPipeline(311)) - destroying pipeline:Pipeline[ Id: 93324fbd-3721-4fab-88a8-42427ae515a8, Nodes: a5d3a44e-87a4-4ffe-bd57-d4dea2700ae7{ip: 192.168.151.75, host: pr-hdds-2114-2x2fm-437316914, networkLocation: /default-rack, certSerialId: null}08c3c9a3-c92b-48ae-803a-081cb99550ef{ip: 192.168.151.75, host: pr-hdds-2114-2x2fm-437316914, networkLocation: /default-rack, certSerialId: null}2565157f-9642-4f7c-bd15-58f431c5cf0a{ip: 192.168.151.75, host: pr-hdds-2114-2x2fm-437316914, networkLocation: /default-rack, certSerialId: null}, Type:RATIS, Factor:THREE, State:CLOSED]
2019-09-16 17:28:45,436 [java.util.concurrent.ThreadPoolExecutor$Worker@5a1c6d9[State = -1, empty queue]] WARN  server.GrpcLogAppender (GrpcLogAppender.java:timeoutAppendRequest(200)) - 2565157f-9642-4f7c-bd15-58f431c5cf0a@group-42427AE515A8->08c3c9a3-c92b-48ae-803a-081cb99550ef-GrpcLogAppender: appendEntries Timeout, request=2565157f-9642-4f7c-bd15-58f431c5cf0a->08c3c9a3-c92b-48ae-803a-081cb99550ef#85-t2, previous=(t:2, i:13), leaderCommit=6, initializing? false, entries: <empty>
2019-09-16 17:28:45,436 [java.util.concurrent.ThreadPoolExecutor$Worker@1b6a6326[State = -1, empty queue]] WARN  server.GrpcLogAppender (GrpcLogAppender.java:timeoutAppendRequest(200)) - 2565157f-9642-4f7c-bd15-58f431c5cf0a@group-42427AE515A8->a5d3a44e-87a4-4ffe-bd57-d4dea2700ae7-GrpcLogAppender: appendEntries Timeout, request=2565157f-9642-4f7c-bd15-58f431c5cf0a->a5d3a44e-87a4-4ffe-bd57-d4dea2700ae7#85-t2, previous=(t:2, i:13), leaderCommit=6, initializing? false, entries: <empty>
2019-09-16 17:28:45,926 [grpc-default-executor-5] INFO  client.GrpcClientProtocolClient (GrpcClientProtocolClient.java:onNext(264)) - client-67B75F1E9B14->08c3c9a3-c92b-48ae-803a-081cb99550ef: receive RaftClientReply:client-67B75F1E9B14->08c3c9a3-c92b-48ae-803a-081cb99550ef@group-42427AE515A8, cid=47, FAILED org.apache.ratis.protocol.NotLeaderException: Server 08c3c9a3-c92b-48ae-803a-081cb99550ef@group-42427AE515A8 is not the leader 2565157f-9642-4f7c-bd15-58f431c5cf0a:192.168.151.75:46619, logIndex=0, commits[08c3c9a3-c92b-48ae-803a-081cb99550ef:c6, 2565157f-9642-4f7c-bd15-58f431c5cf0a:c6, a5d3a44e-87a4-4ffe-bd57-d4dea2700ae7:c4]
2019-09-16 17:28:47,438 [org.apache.ratis.server.impl.LogAppender$AppenderDaemon$$Lambda$485/1974557644@1b840190] ERROR ratis.XceiverServerRatis (XceiverServerRatis.java:triggerPipelineClose(568)) - pipeline Action CLOSE  on pipeline PipelineID=93324fbd-3721-4fab-88a8-42427ae515a8.Reason : 2565157f-9642-4f7c-bd15-58f431c5cf0a has not seen follower/s a5d3a44e-87a4-4ffe-bd57-d4dea2700ae7 for 183334ms 08c3c9a3-c92b-48ae-803a-081cb99550ef for 183334ms
2019-09-16 17:28:47,438 [org.apache.ratis.server.impl.LogAppender$AppenderDaemon$$Lambda$485/1974557644@38a349fb] ERROR ratis.XceiverServerRatis (XceiverServerRatis.java:triggerPipelineClose(568)) - pipeline Action CLOSE  on pipeline PipelineID=93324fbd-3721-4fab-88a8-42427ae515a8.Reason : 2565157f-9642-4f7c-bd15-58f431c5cf0a has not seen follower/s a5d3a44e-87a4-4ffe-bd57-d4dea2700ae7 for 183334ms 08c3c9a3-c92b-48ae-803a-081cb99550ef for 183334ms
2019-09-16 17:28:47,937 [java.util.concurrent.ThreadPoolExecutor$Worker@1b6a6326[State = -1, empty queue]] WARN  server.GrpcLogAppender (GrpcLogAppender.java:timeoutAppendRequest(200)) - 2565157f-9642-4f7c-bd15-58f431c5cf0a@group-42427AE515A8->a5d3a44e-87a4-4ffe-bd57-d4dea2700ae7-GrpcLogAppender: appendEntries Timeout, request=2565157f-9642-4f7c-bd15-58f431c5cf0a->a5d3a44e-87a4-4ffe-bd57-d4dea2700ae7#86-t2, previous=(t:2, i:13), leaderCommit=6, initializing? false, entries: <empty>
2019-09-16 17:28:47,937 [java.util.concurrent.ThreadPoolExecutor$Worker@5a1c6d9[State = -1, empty queue]] WARN  server.GrpcLogAppender (GrpcLogAppender.java:timeoutAppendRequest(200)) - 2565157f-9642-4f7c-bd15-58f431c5cf0a@group-42427AE515A8->08c3c9a3-c92b-48ae-803a-081cb99550ef-GrpcLogAppender: appendEntries Timeout, request=2565157f-9642-4f7c-bd15-58f431c5cf0a->08c3c9a3-c92b-48ae-803a-081cb99550ef#86-t2, previous=(t:2, i:13), leaderCommit=6, initializing? false, entries: <empty>
2019-09-16 17:28:48,412 [EventQueue-PipelineActionsForPipelineActionHandler] ERROR pipeline.PipelineActionHandler (PipelineActionHandler.java:onMessage(60)) - Received pipeline action CLOSE for Pipeline[ Id: 93324fbd-3721-4fab-88a8-42427ae515a8, Nodes: a5d3a44e-87a4-4ffe-bd57-d4dea2700ae7{ip: 192.168.151.75, host: pr-hdds-2114-2x2fm-437316914, networkLocation: /default-rack, certSerialId: null}08c3c9a3-c92b-48ae-803a-081cb99550ef{ip: 192.168.151.75, host: pr-hdds-2114-2x2fm-437316914, networkLocation: /default-rack, certSerialId: null}2565157f-9642-4f7c-bd15-58f431c5cf0a{ip: 192.168.151.75, host: pr-hdds-2114-2x2fm-437316914, networkLocation: /default-rack, certSerialId: null}, Type:RATIS, Factor:THREE, State:CLOSED] from datanode 2565157f-9642-4f7c-bd15-58f431c5cf0a{ip: 192.168.151.75, host: pr-hdds-2114-2x2fm-437316914, networkLocation: /default-rack, certSerialId: null}. Reason : 2565157f-9642-4f7c-bd15-58f431c5cf0a has not seen follower/s a5d3a44e-87a4-4ffe-bd57-d4dea2700ae7 for 183334ms 08c3c9a3-c92b-48ae-803a-081cb99550ef for 183334ms
2019-09-16 17:28:48,413 [EventQueue-PipelineActionsForPipelineActionHandler] INFO  pipeline.SCMPipelineManager (SCMPipelineManager.java:finalizeAndDestroyPipeline(311)) - destroying pipeline:Pipeline[ Id: 93324fbd-3721-4fab-88a8-42427ae515a8, Nodes: a5d3a44e-87a4-4ffe-bd57-d4dea2700ae7{ip: 192.168.151.75, host: pr-hdds-2114-2x2fm-437316914, networkLocation: /default-rack, certSerialId: null}08c3c9a3-c92b-48ae-803a-081cb99550ef{ip: 192.168.151.75, host: pr-hdds-2114-2x2fm-437316914, networkLocation: /default-rack, certSerialId: null}2565157f-9642-4f7c-bd15-58f431c5cf0a{ip: 192.168.151.75, host: pr-hdds-2114-2x2fm-437316914, networkLocation: /default-rack, certSerialId: null}, Type:RATIS, Factor:THREE, State:CLOSED]
2019-09-16 17:28:49,940 [org.apache.ratis.server.impl.LogAppender$AppenderDaemon$$Lambda$485/1974557644@1b840190] ERROR ratis.XceiverServerRatis (XceiverServerRatis.java:triggerPipelineClose(568)) - pipeline Action CLOSE  on pipeline PipelineID=93324fbd-3721-4fab-88a8-42427ae515a8.Reason : 2565157f-9642-4f7c-bd15-58f431c5cf0a has not seen follower/s a5d3a44e-87a4-4ffe-bd57-d4dea2700ae7 for 185835ms 08c3c9a3-c92b-48ae-803a-081cb99550ef for 185835ms
2019-09-16 17:28:49,940 [org.apache.ratis.server.impl.LogAppender$AppenderDaemon$$Lambda$485/1974557644@38a349fb] ERROR ratis.XceiverServerRatis (XceiverServerRatis.java:triggerPipelineClose(568)) - pipeline Action CLOSE  on pipeline PipelineID=93324fbd-3721-4fab-88a8-42427ae515a8.Reason : 2565157f-9642-4f7c-bd15-58f431c5cf0a has not seen follower/s a5d3a44e-87a4-4ffe-bd57-d4dea2700ae7 for 185835ms 08c3c9a3-c92b-48ae-803a-081cb99550ef for 185835ms
2019-09-16 17:28:50,388 [grpc-default-executor-7] INFO  impl.RaftServerProxy (RaftServerProxy.java:remove(95)) - a5d3a44e-87a4-4ffe-bd57-d4dea2700ae7: remove  FOLLOWER a5d3a44e-87a4-4ffe-bd57-d4dea2700ae7@group-42427AE515A8:t2, leader=2565157f-9642-4f7c-bd15-58f431c5cf0a, voted=2565157f-9642-4f7c-bd15-58f431c5cf0a, raftlog=a5d3a44e-87a4-4ffe-bd57-d4dea2700ae7@group-42427AE515A8-SegmentedRaftLog:OPENED:c6,f6,i13, conf=0: [2565157f-9642-4f7c-bd15-58f431c5cf0a:192.168.151.75:46619, a5d3a44e-87a4-4ffe-bd57-d4dea2700ae7:192.168.151.75:34772, 08c3c9a3-c92b-48ae-803a-081cb99550ef:192.168.151.75:43991], old=null RUNNING
2019-09-16 17:28:50,389 [grpc-default-executor-7] INFO  impl.RaftServerImpl (RaftServerImpl.java:lambda$shutdown$3(251)) - a5d3a44e-87a4-4ffe-bd57-d4dea2700ae7@group-42427AE515A8: shutdown
2019-09-16 17:28:50,389 [grpc-default-executor-7] INFO  util.JmxRegister (JmxRegister.java:unregister(73)) - Successfully un-registered JMX Bean with object name Ratis:service=RaftServer,group=group-42427AE515A8,id=a5d3a44e-87a4-4ffe-bd57-d4dea2700ae7
2019-09-16 17:28:50,389 [grpc-default-executor-7] INFO  impl.RoleInfo (RoleInfo.java:shutdownFollowerState(121)) - a5d3a44e-87a4-4ffe-bd57-d4dea2700ae7: shutdown FollowerState
2019-09-16 17:28:50,390 [grpc-default-executor-7] INFO  impl.StateMachineUpdater (StateMachineUpdater.java:stopAndJoin(125)) - a5d3a44e-87a4-4ffe-bd57-d4dea2700ae7@group-42427AE515A8-StateMachineUpdater: set stopIndex = 6
2019-09-16 17:28:50,390 [Thread-886] INFO  impl.FollowerState (FollowerState.java:run(115)) - a5d3a44e-87a4-4ffe-bd57-d4dea2700ae7: FollowerState was interrupted: java.lang.InterruptedException: sleep interrupted
2019-09-16 17:28:50,390 [a5d3a44e-87a4-4ffe-bd57-d4dea2700ae7@group-42427AE515A8-StateMachineUpdater] INFO  ratis.ContainerStateMachine (ContainerStateMachine.java:takeSnapshot(289)) - group-42427AE515A8: Taking a snapshot at:(t:2, i:4) file /workdir/hadoop-ozone/integration-test/target/test-dir/MiniOzoneClusterImpl-1d68e719-5c56-406e-81cd-0d9da4b1ed63/datanode-3/data/ratis/93324fbd-3721-4fab-88a8-42427ae515a8/sm/snapshot.2_4
2019-09-16 17:28:50,403 [a5d3a44e-87a4-4ffe-bd57-d4dea2700ae7@group-42427AE515A8-StateMachineUpdater] INFO  ratis.ContainerStateMachine (ContainerStateMachine.java:takeSnapshot(300)) - group-42427AE515A8: Finished taking a snapshot at:(t:2, i:4) file:/workdir/hadoop-ozone/integration-test/target/test-dir/MiniOzoneClusterImpl-1d68e719-5c56-406e-81cd-0d9da4b1ed63/datanode-3/data/ratis/93324fbd-3721-4fab-88a8-42427ae515a8/sm/snapshot.2_4 time:14
2019-09-16 17:28:50,403 [a5d3a44e-87a4-4ffe-bd57-d4dea2700ae7@group-42427AE515A8-StateMachineUpdater] INFO  impl.StateMachineUpdater (StateMachineUpdater.java:takeSnapshot(258)) - a5d3a44e-87a4-4ffe-bd57-d4dea2700ae7@group-42427AE515A8-StateMachineUpdater: Took a snapshot at index 4
2019-09-16 17:28:50,404 [a5d3a44e-87a4-4ffe-bd57-d4dea2700ae7@group-42427AE515A8-StateMachineUpdater] INFO  impl.StateMachineUpdater (StateMachineUpdater.java:lambda$new$0(83)) - a5d3a44e-87a4-4ffe-bd57-d4dea2700ae7@group-42427AE515A8-StateMachineUpdater: snapshotIndex: updateIncreasingly -1 -> 4
2019-09-16 17:28:50,404 [a5d3a44e-87a4-4ffe-bd57-d4dea2700ae7@group-42427AE515A8-StateMachineUpdater] INFO  ratis.ContainerStateMachine (ContainerStateMachine.java:takeSnapshot(289)) - group-42427AE515A8: Taking a snapshot at:(t:2, i:4) file /workdir/hadoop-ozone/integration-test/target/test-dir/MiniOzoneClusterImpl-1d68e719-5c56-406e-81cd-0d9da4b1ed63/datanode-3/data/ratis/93324fbd-3721-4fab-88a8-42427ae515a8/sm/snapshot.2_4
2019-09-16 17:28:50,413 [EventQueue-PipelineActionsForPipelineActionHandler] ERROR pipeline.PipelineActionHandler (PipelineActionHandler.java:onMessage(60)) - Received pipeline action CLOSE for Pipeline[ Id: 93324fbd-3721-4fab-88a8-42427ae515a8, Nodes: a5d3a44e-87a4-4ffe-bd57-d4dea2700ae7{ip: 192.168.151.75, host: pr-hdds-2114-2x2fm-437316914, networkLocation: /default-rack, certSerialId: null}08c3c9a3-c92b-48ae-803a-081cb99550ef{ip: 192.168.151.75, host: pr-hdds-2114-2x2fm-437316914, networkLocation: /default-rack, certSerialId: null}2565157f-9642-4f7c-bd15-58f431c5cf0a{ip: 192.168.151.75, host: pr-hdds-2114-2x2fm-437316914, networkLocation: /default-rack, certSerialId: null}, Type:RATIS, Factor:THREE, State:CLOSED] from datanode 2565157f-9642-4f7c-bd15-58f431c5cf0a{ip: 192.168.151.75, host: pr-hdds-2114-2x2fm-437316914, networkLocation: /default-rack, certSerialId: null}. Reason : 2565157f-9642-4f7c-bd15-58f431c5cf0a has not seen follower/s a5d3a44e-87a4-4ffe-bd57-d4dea2700ae7 for 185835ms 08c3c9a3-c92b-48ae-803a-081cb99550ef for 185835ms
2019-09-16 17:28:50,413 [EventQueue-PipelineActionsForPipelineActionHandler] INFO  pipeline.SCMPipelineManager (SCMPipelineManager.java:finalizeAndDestroyPipeline(311)) - destroying pipeline:Pipeline[ Id: 93324fbd-3721-4fab-88a8-42427ae515a8, Nodes: a5d3a44e-87a4-4ffe-bd57-d4dea2700ae7{ip: 192.168.151.75, host: pr-hdds-2114-2x2fm-437316914, networkLocation: /default-rack, certSerialId: null}08c3c9a3-c92b-48ae-803a-081cb99550ef{ip: 192.168.151.75, host: pr-hdds-2114-2x2fm-437316914, networkLocation: /default-rack, certSerialId: null}2565157f-9642-4f7c-bd15-58f431c5cf0a{ip: 192.168.151.75, host: pr-hdds-2114-2x2fm-437316914, networkLocation: /default-rack, certSerialId: null}, Type:RATIS, Factor:THREE, State:CLOSED]
2019-09-16 17:28:50,417 [a5d3a44e-87a4-4ffe-bd57-d4dea2700ae7@group-42427AE515A8-StateMachineUpdater] INFO  ratis.ContainerStateMachine (ContainerStateMachine.java:takeSnapshot(300)) - group-42427AE515A8: Finished taking a snapshot at:(t:2, i:4) file:/workdir/hadoop-ozone/integration-test/target/test-dir/MiniOzoneClusterImpl-1d68e719-5c56-406e-81cd-0d9da4b1ed63/datanode-3/data/ratis/93324fbd-3721-4fab-88a8-42427ae515a8/sm/snapshot.2_4 time:12
2019-09-16 17:28:50,417 [a5d3a44e-87a4-4ffe-bd57-d4dea2700ae7@group-42427AE515A8-StateMachineUpdater] INFO  impl.StateMachineUpdater (StateMachineUpdater.java:takeSnapshot(258)) - a5d3a44e-87a4-4ffe-bd57-d4dea2700ae7@group-42427AE515A8-StateMachineUpdater: Took a snapshot at index 4
2019-09-16 17:28:50,417 [a5d3a44e-87a4-4ffe-bd57-d4dea2700ae7@group-42427AE515A8-StateMachineUpdater] INFO  impl.StateMachineUpdater (StateMachineUpdater.java:lambda$new$0(83)) - a5d3a44e-87a4-4ffe-bd57-d4dea2700ae7@group-42427AE515A8-StateMachineUpdater: snapshotIndex: updateIncreasingly 4 -> 4
2019-09-16 17:28:50,418 [grpc-default-executor-7] INFO  impl.RaftServerImpl (ServerState.java:close(385)) - a5d3a44e-87a4-4ffe-bd57-d4dea2700ae7@group-42427AE515A8: closes. applyIndex: 6
2019-09-16 17:28:50,419 [a5d3a44e-87a4-4ffe-bd57-d4dea2700ae7@group-42427AE515A8-SegmentedRaftLogWorker] ERROR ratis.XceiverServerRatis (XceiverServerRatis.java:triggerPipelineClose(568)) - pipeline Action CLOSE  on pipeline PipelineID=93324fbd-3721-4fab-88a8-42427ae515a8.Reason : WriteLog:7: (t:2, i:7), STATEMACHINELOGENTRY, client-67B75F1E9B14, cid=47-writeStateMachineData interrupted.
2019-09-16 17:28:50,422 [grpc-default-executor-7] INFO  segmented.SegmentedRaftLogWorker (SegmentedRaftLogWorker.java:close(228)) - a5d3a44e-87a4-4ffe-bd57-d4dea2700ae7@group-42427AE515A8-SegmentedRaftLogWorker close()
2019-09-16 17:28:50,422 [EventQueue-PipelineActionsForPipelineActionHandler] ERROR pipeline.PipelineActionHandler (PipelineActionHandler.java:onMessage(60)) - Received pipeline action CLOSE for Pipeline[ Id: 93324fbd-3721-4fab-88a8-42427ae515a8, Nodes: a5d3a44e-87a4-4ffe-bd57-d4dea2700ae7{ip: 192.168.151.75, host: pr-hdds-2114-2x2fm-437316914, networkLocation: /default-rack, certSerialId: null}08c3c9a3-c92b-48ae-803a-081cb99550ef{ip: 192.168.151.75, host: pr-hdds-2114-2x2fm-437316914, networkLocation: /default-rack, certSerialId: null}2565157f-9642-4f7c-bd15-58f431c5cf0a{ip: 192.168.151.75, host: pr-hdds-2114-2x2fm-437316914, networkLocation: /default-rack, certSerialId: null}, Type:RATIS, Factor:THREE, State:CLOSED] from datanode a5d3a44e-87a4-4ffe-bd57-d4dea2700ae7{ip: 192.168.151.75, host: pr-hdds-2114-2x2fm-437316914, networkLocation: /default-rack, certSerialId: null}. Reason : WriteLog:7: (t:2, i:7), STATEMACHINELOGENTRY, client-67B75F1E9B14, cid=47-writeStateMachineData interrupted.
2019-09-16 17:28:50,427 [EventQueue-PipelineActionsForPipelineActionHandler] INFO  pipeline.SCMPipelineManager (SCMPipelineManager.java:finalizeAndDestroyPipeline(311)) - destroying pipeline:Pipeline[ Id: 93324fbd-3721-4fab-88a8-42427ae515a8, Nodes: a5d3a44e-87a4-4ffe-bd57-d4dea2700ae7{ip: 192.168.151.75, host: pr-hdds-2114-2x2fm-437316914, networkLocation: /default-rack, certSerialId: null}08c3c9a3-c92b-48ae-803a-081cb99550ef{ip: 192.168.151.75, host: pr-hdds-2114-2x2fm-437316914, networkLocation: /default-rack, certSerialId: null}2565157f-9642-4f7c-bd15-58f431c5cf0a{ip: 192.168.151.75, host: pr-hdds-2114-2x2fm-437316914, networkLocation: /default-rack, certSerialId: null}, Type:RATIS, Factor:THREE, State:CLOSED]
2019-09-16 17:28:50,438 [java.util.concurrent.ThreadPoolExecutor$Worker@5a1c6d9[State = -1, empty queue]] WARN  server.GrpcLogAppender (GrpcLogAppender.java:timeoutAppendRequest(200)) - 2565157f-9642-4f7c-bd15-58f431c5cf0a@group-42427AE515A8->08c3c9a3-c92b-48ae-803a-081cb99550ef-GrpcLogAppender: appendEntries Timeout, request=2565157f-9642-4f7c-bd15-58f431c5cf0a->08c3c9a3-c92b-48ae-803a-081cb99550ef#87-t2, previous=(t:2, i:13), leaderCommit=6, initializing? false, entries: <empty>
2019-09-16 17:28:50,438 [java.util.concurrent.ThreadPoolExecutor$Worker@1b6a6326[State = -1, empty queue]] WARN  server.GrpcLogAppender (GrpcLogAppender.java:timeoutAppendRequest(200)) - 2565157f-9642-4f7c-bd15-58f431c5cf0a@group-42427AE515A8->a5d3a44e-87a4-4ffe-bd57-d4dea2700ae7-GrpcLogAppender: appendEntries Timeout, request=2565157f-9642-4f7c-bd15-58f431c5cf0a->a5d3a44e-87a4-4ffe-bd57-d4dea2700ae7#87-t2, previous=(t:2, i:13), leaderCommit=6, initializing? false, entries: <empty>
2019-09-16 17:28:50,441 [grpc-default-executor-7] INFO  interfaces.Container (KeyValueContainer.java:flushAndSyncDB(386)) - Container 4 is synced with bcsId 4.
2019-09-16 17:28:50,442 [grpc-default-executor-7] INFO  interfaces.Container (KeyValueContainer.java:flushAndSyncDB(386)) - Container 4 is synced with bcsId 4.
2019-09-16 17:28:50,459 [EventQueue-IncrementalContainerReportForIncrementalContainerReportHandler] INFO  container.IncrementalContainerReportHandler (AbstractContainerReportHandler.java:updateContainerState(169)) - Moving container #4 to QUASI_CLOSED state, datanode a5d3a44e-87a4-4ffe-bd57-d4dea2700ae7{ip: 192.168.151.75, host: pr-hdds-2114-2x2fm-437316914, networkLocation: /default-rack, certSerialId: null} reported QUASI_CLOSED replica.
2019-09-16 17:28:50,515 [grpc-default-executor-7] INFO  interfaces.Container (KeyValueContainer.java:flushAndSyncDB(386)) - Container 5 is synced with bcsId 0.
2019-09-16 17:28:50,515 [grpc-default-executor-7] INFO  interfaces.Container (KeyValueContainer.java:flushAndSyncDB(386)) - Container 5 is synced with bcsId 0.
2019-09-16 17:28:50,529 [EventQueue-IncrementalContainerReportForIncrementalContainerReportHandler] INFO  container.IncrementalContainerReportHandler (AbstractContainerReportHandler.java:updateContainerState(169)) - Moving container #5 to QUASI_CLOSED state, datanode a5d3a44e-87a4-4ffe-bd57-d4dea2700ae7{ip: 192.168.151.75, host: pr-hdds-2114-2x2fm-437316914, networkLocation: /default-rack, certSerialId: null} reported QUASI_CLOSED replica.
2019-09-16 17:28:50,535 [grpc-default-executor-7] INFO  impl.RaftServerProxy (RaftServerProxy.java:remove(95)) - 08c3c9a3-c92b-48ae-803a-081cb99550ef: remove  FOLLOWER 08c3c9a3-c92b-48ae-803a-081cb99550ef@group-42427AE515A8:t2, leader=2565157f-9642-4f7c-bd15-58f431c5cf0a, voted=2565157f-9642-4f7c-bd15-58f431c5cf0a, raftlog=08c3c9a3-c92b-48ae-803a-081cb99550ef@group-42427AE515A8-SegmentedRaftLog:OPENED:c6,f6,i13, conf=0: [2565157f-9642-4f7c-bd15-58f431c5cf0a:192.168.151.75:46619, a5d3a44e-87a4-4ffe-bd57-d4dea2700ae7:192.168.151.75:34772, 08c3c9a3-c92b-48ae-803a-081cb99550ef:192.168.151.75:43991], old=null RUNNING
2019-09-16 17:28:50,535 [grpc-default-executor-7] INFO  impl.RaftServerImpl (RaftServerImpl.java:lambda$shutdown$3(251)) - 08c3c9a3-c92b-48ae-803a-081cb99550ef@group-42427AE515A8: shutdown
2019-09-16 17:28:50,535 [grpc-default-executor-7] INFO  util.JmxRegister (JmxRegister.java:unregister(73)) - Successfully un-registered JMX Bean with object name Ratis:service=RaftServer,group=group-42427AE515A8,id=08c3c9a3-c92b-48ae-803a-081cb99550ef
2019-09-16 17:28:50,535 [grpc-default-executor-7] INFO  impl.RoleInfo (RoleInfo.java:shutdownFollowerState(121)) - 08c3c9a3-c92b-48ae-803a-081cb99550ef: shutdown FollowerState
2019-09-16 17:28:50,535 [grpc-default-executor-7] INFO  impl.StateMachineUpdater (StateMachineUpdater.java:stopAndJoin(125)) - 08c3c9a3-c92b-48ae-803a-081cb99550ef@group-42427AE515A8-StateMachineUpdater: set stopIndex = 6
2019-09-16 17:28:50,536 [Thread-887] INFO  impl.FollowerState (FollowerState.java:run(115)) - 08c3c9a3-c92b-48ae-803a-081cb99550ef: FollowerState was interrupted: java.lang.InterruptedException: sleep interrupted
2019-09-16 17:28:50,536 [08c3c9a3-c92b-48ae-803a-081cb99550ef@group-42427AE515A8-StateMachineUpdater] INFO  ratis.ContainerStateMachine (ContainerStateMachine.java:takeSnapshot(289)) - group-42427AE515A8: Taking a snapshot at:(t:2, i:4) file /workdir/hadoop-ozone/integration-test/target/test-dir/MiniOzoneClusterImpl-1d68e719-5c56-406e-81cd-0d9da4b1ed63/datanode-4/data/ratis/93324fbd-3721-4fab-88a8-42427ae515a8/sm/snapshot.2_4
2019-09-16 17:28:50,551 [08c3c9a3-c92b-48ae-803a-081cb99550ef@group-42427AE515A8-StateMachineUpdater] INFO  ratis.ContainerStateMachine (ContainerStateMachine.java:takeSnapshot(300)) - group-42427AE515A8: Finished taking a snapshot at:(t:2, i:4) file:/workdir/hadoop-ozone/integration-test/target/test-dir/MiniOzoneClusterImpl-1d68e719-5c56-406e-81cd-0d9da4b1ed63/datanode-4/data/ratis/93324fbd-3721-4fab-88a8-42427ae515a8/sm/snapshot.2_4 time:15
2019-09-16 17:28:50,551 [08c3c9a3-c92b-48ae-803a-081cb99550ef@group-42427AE515A8-StateMachineUpdater] INFO  impl.StateMachineUpdater (StateMachineUpdater.java:takeSnapshot(258)) - 08c3c9a3-c92b-48ae-803a-081cb99550ef@group-42427AE515A8-StateMachineUpdater: Took a snapshot at index 4
2019-09-16 17:28:50,551 [08c3c9a3-c92b-48ae-803a-081cb99550ef@group-42427AE515A8-StateMachineUpdater] INFO  impl.StateMachineUpdater (StateMachineUpdater.java:lambda$new$0(83)) - 08c3c9a3-c92b-48ae-803a-081cb99550ef@group-42427AE515A8-StateMachineUpdater: snapshotIndex: updateIncreasingly -1 -> 4
2019-09-16 17:28:50,552 [08c3c9a3-c92b-48ae-803a-081cb99550ef@group-42427AE515A8-StateMachineUpdater] INFO  ratis.ContainerStateMachine (ContainerStateMachine.java:takeSnapshot(289)) - group-42427AE515A8: Taking a snapshot at:(t:2, i:4) file /workdir/hadoop-ozone/integration-test/target/test-dir/MiniOzoneClusterImpl-1d68e719-5c56-406e-81cd-0d9da4b1ed63/datanode-4/data/ratis/93324fbd-3721-4fab-88a8-42427ae515a8/sm/snapshot.2_4
2019-09-16 17:28:50,554 [08c3c9a3-c92b-48ae-803a-081cb99550ef@group-42427AE515A8-StateMachineUpdater] INFO  ratis.ContainerStateMachine (ContainerStateMachine.java:takeSnapshot(300)) - group-42427AE515A8: Finished taking a snapshot at:(t:2, i:4) file:/workdir/hadoop-ozone/integration-test/target/test-dir/MiniOzoneClusterImpl-1d68e719-5c56-406e-81cd-0d9da4b1ed63/datanode-4/data/ratis/93324fbd-3721-4fab-88a8-42427ae515a8/sm/snapshot.2_4 time:3
2019-09-16 17:28:50,554 [08c3c9a3-c92b-48ae-803a-081cb99550ef@group-42427AE515A8-StateMachineUpdater] INFO  impl.StateMachineUpdater (StateMachineUpdater.java:takeSnapshot(258)) - 08c3c9a3-c92b-48ae-803a-081cb99550ef@group-42427AE515A8-StateMachineUpdater: Took a snapshot at index 4
2019-09-16 17:28:50,555 [08c3c9a3-c92b-48ae-803a-081cb99550ef@group-42427AE515A8-StateMachineUpdater] INFO  impl.StateMachineUpdater (StateMachineUpdater.java:lambda$new$0(83)) - 08c3c9a3-c92b-48ae-803a-081cb99550ef@group-42427AE515A8-StateMachineUpdater: snapshotIndex: updateIncreasingly 4 -> 4
2019-09-16 17:28:50,555 [grpc-default-executor-7] INFO  impl.RaftServerImpl (ServerState.java:close(385)) - 08c3c9a3-c92b-48ae-803a-081cb99550ef@group-42427AE515A8: closes. applyIndex: 6
2019-09-16 17:28:50,556 [08c3c9a3-c92b-48ae-803a-081cb99550ef@group-42427AE515A8-SegmentedRaftLogWorker] ERROR ratis.XceiverServerRatis (XceiverServerRatis.java:triggerPipelineClose(568)) - pipeline Action CLOSE  on pipeline PipelineID=93324fbd-3721-4fab-88a8-42427ae515a8.Reason : WriteLog:10: (t:2, i:10), STATEMACHINELOGENTRY, client-67B75F1E9B14, cid=50-writeStateMachineData interrupted.
2019-09-16 17:28:50,559 [EventQueue-PipelineActionsForPipelineActionHandler] ERROR pipeline.PipelineActionHandler (PipelineActionHandler.java:onMessage(60)) - Received pipeline action CLOSE for Pipeline[ Id: 93324fbd-3721-4fab-88a8-42427ae515a8, Nodes: a5d3a44e-87a4-4ffe-bd57-d4dea2700ae7{ip: 192.168.151.75, host: pr-hdds-2114-2x2fm-437316914, networkLocation: /default-rack, certSerialId: null}08c3c9a3-c92b-48ae-803a-081cb99550ef{ip: 192.168.151.75, host: pr-hdds-2114-2x2fm-437316914, networkLocation: /default-rack, certSerialId: null}2565157f-9642-4f7c-bd15-58f431c5cf0a{ip: 192.168.151.75, host: pr-hdds-2114-2x2fm-437316914, networkLocation: /default-rack, certSerialId: null}, Type:RATIS, Factor:THREE, State:CLOSED] from datanode 08c3c9a3-c92b-48ae-803a-081cb99550ef{ip: 192.168.151.75, host: pr-hdds-2114-2x2fm-437316914, networkLocation: /default-rack, certSerialId: null}. Reason : WriteLog:10: (t:2, i:10), STATEMACHINELOGENTRY, client-67B75F1E9B14, cid=50-writeStateMachineData interrupted.
2019-09-16 17:28:50,560 [EventQueue-PipelineActionsForPipelineActionHandler] INFO  pipeline.SCMPipelineManager (SCMPipelineManager.java:finalizeAndDestroyPipeline(311)) - destroying pipeline:Pipeline[ Id: 93324fbd-3721-4fab-88a8-42427ae515a8, Nodes: a5d3a44e-87a4-4ffe-bd57-d4dea2700ae7{ip: 192.168.151.75, host: pr-hdds-2114-2x2fm-437316914, networkLocation: /default-rack, certSerialId: null}08c3c9a3-c92b-48ae-803a-081cb99550ef{ip: 192.168.151.75, host: pr-hdds-2114-2x2fm-437316914, networkLocation: /default-rack, certSerialId: null}2565157f-9642-4f7c-bd15-58f431c5cf0a{ip: 192.168.151.75, host: pr-hdds-2114-2x2fm-437316914, networkLocation: /default-rack, certSerialId: null}, Type:RATIS, Factor:THREE, State:CLOSED]
2019-09-16 17:28:50,560 [grpc-default-executor-7] INFO  segmented.SegmentedRaftLogWorker (SegmentedRaftLogWorker.java:close(228)) - 08c3c9a3-c92b-48ae-803a-081cb99550ef@group-42427AE515A8-SegmentedRaftLogWorker close()
2019-09-16 17:28:50,567 [grpc-default-executor-7] INFO  interfaces.Container (KeyValueContainer.java:flushAndSyncDB(386)) - Container 4 is synced with bcsId 4.
2019-09-16 17:28:50,567 [grpc-default-executor-7] INFO  interfaces.Container (KeyValueContainer.java:flushAndSyncDB(386)) - Container 4 is synced with bcsId 4.
2019-09-16 17:28:50,628 [grpc-default-executor-7] INFO  interfaces.Container (KeyValueContainer.java:flushAndSyncDB(386)) - Container 5 is synced with bcsId 0.
2019-09-16 17:28:50,628 [grpc-default-executor-7] INFO  interfaces.Container (KeyValueContainer.java:flushAndSyncDB(386)) - Container 5 is synced with bcsId 0.
2019-09-16 17:28:50,640 [grpc-default-executor-7] INFO  impl.RaftServerProxy (RaftServerProxy.java:remove(95)) - 2565157f-9642-4f7c-bd15-58f431c5cf0a: remove    LEADER 2565157f-9642-4f7c-bd15-58f431c5cf0a@group-42427AE515A8:t2, leader=2565157f-9642-4f7c-bd15-58f431c5cf0a, voted=2565157f-9642-4f7c-bd15-58f431c5cf0a, raftlog=2565157f-9642-4f7c-bd15-58f431c5cf0a@group-42427AE515A8-SegmentedRaftLog:OPENED:c6,f6,i13, conf=0: [2565157f-9642-4f7c-bd15-58f431c5cf0a:192.168.151.75:46619, a5d3a44e-87a4-4ffe-bd57-d4dea2700ae7:192.168.151.75:34772, 08c3c9a3-c92b-48ae-803a-081cb99550ef:192.168.151.75:43991], old=null RUNNING
2019-09-16 17:28:50,640 [grpc-default-executor-7] INFO  impl.RaftServerImpl (RaftServerImpl.java:lambda$shutdown$3(251)) - 2565157f-9642-4f7c-bd15-58f431c5cf0a@group-42427AE515A8: shutdown
2019-09-16 17:28:50,640 [grpc-default-executor-7] INFO  util.JmxRegister (JmxRegister.java:unregister(73)) - Successfully un-registered JMX Bean with object name Ratis:service=RaftServer,group=group-42427AE515A8,id=2565157f-9642-4f7c-bd15-58f431c5cf0a
2019-09-16 17:28:50,641 [grpc-default-executor-7] INFO  impl.RoleInfo (RoleInfo.java:shutdownLeaderState(104)) - 2565157f-9642-4f7c-bd15-58f431c5cf0a: shutdown LeaderState
2019-09-16 17:28:50,646 [org.apache.ratis.server.impl.LogAppender$AppenderDaemon$$Lambda$485/1974557644@38a349fb] WARN  server.GrpcLogAppender (GrpcLogAppender.java:mayWait(143)) - 2565157f-9642-4f7c-bd15-58f431c5cf0a@group-42427AE515A8->08c3c9a3-c92b-48ae-803a-081cb99550ef-GrpcLogAppender: Wait interrupted by java.lang.InterruptedException
2019-09-16 17:28:50,648 [org.apache.ratis.server.impl.LogAppender$AppenderDaemon$$Lambda$485/1974557644@1b840190] WARN  server.GrpcLogAppender (GrpcLogAppender.java:mayWait(143)) - 2565157f-9642-4f7c-bd15-58f431c5cf0a@group-42427AE515A8->a5d3a44e-87a4-4ffe-bd57-d4dea2700ae7-GrpcLogAppender: Wait interrupted by java.lang.InterruptedException
2019-09-16 17:28:50,646 [grpc-default-executor-7] INFO  impl.PendingRequests (PendingRequests.java:sendNotLeaderResponses(202)) - 2565157f-9642-4f7c-bd15-58f431c5cf0a-PendingRequests: sendNotLeaderResponses
2019-09-16 17:28:50,649 [grpc-default-executor-8] INFO  server.GrpcServerProtocolService (GrpcServerProtocolService.java:onCompleted(113)) - 08c3c9a3-c92b-48ae-803a-081cb99550ef: Completed APPEND_ENTRIES, lastRequest: 2565157f-9642-4f7c-bd15-58f431c5cf0a->08c3c9a3-c92b-48ae-803a-081cb99550ef#88-t2, previous=(t:2, i:13), leaderCommit=6, initializing? false, entries: <empty>
2019-09-16 17:28:50,649 [grpc-default-executor-5] INFO  server.GrpcServerProtocolService (GrpcServerProtocolService.java:onCompleted(113)) - a5d3a44e-87a4-4ffe-bd57-d4dea2700ae7: Completed APPEND_ENTRIES, lastRequest: 2565157f-9642-4f7c-bd15-58f431c5cf0a->a5d3a44e-87a4-4ffe-bd57-d4dea2700ae7#88-t2, previous=(t:2, i:13), leaderCommit=6, initializing? false, entries: <empty>
2019-09-16 17:28:50,649 [grpc-default-executor-5] INFO  server.GrpcLogAppender (GrpcLogAppender.java:onCompleted(293)) - 2565157f-9642-4f7c-bd15-58f431c5cf0a@group-42427AE515A8->08c3c9a3-c92b-48ae-803a-081cb99550ef-AppendLogResponseHandler: follower responses appendEntries COMPLETED
2019-09-16 17:28:50,649 [grpc-default-executor-8] INFO  server.GrpcLogAppender (GrpcLogAppender.java:onCompleted(293)) - 2565157f-9642-4f7c-bd15-58f431c5cf0a@group-42427AE515A8->a5d3a44e-87a4-4ffe-bd57-d4dea2700ae7-AppendLogResponseHandler: follower responses appendEntries COMPLETED
2019-09-16 17:28:50,650 [grpc-default-executor-5] INFO  impl.FollowerInfo (FollowerInfo.java:lambda$new$0(51)) - 2565157f-9642-4f7c-bd15-58f431c5cf0a@group-42427AE515A8->08c3c9a3-c92b-48ae-803a-081cb99550ef: nextIndex: updateUnconditionally 14 -> 7
2019-09-16 17:28:50,658 [2565157f-9642-4f7c-bd15-58f431c5cf0a@group-42427AE515A8-StateMachineUpdater] INFO  ratis.ContainerStateMachine (ContainerStateMachine.java:takeSnapshot(289)) - group-42427AE515A8: Taking a snapshot at:(t:2, i:6) file /workdir/hadoop-ozone/integration-test/target/test-dir/MiniOzoneClusterImpl-1d68e719-5c56-406e-81cd-0d9da4b1ed63/datanode-0/data/ratis/93324fbd-3721-4fab-88a8-42427ae515a8/sm/snapshot.2_6
2019-09-16 17:28:50,658 [grpc-default-executor-7] INFO  impl.StateMachineUpdater (StateMachineUpdater.java:stopAndJoin(125)) - 2565157f-9642-4f7c-bd15-58f431c5cf0a@group-42427AE515A8-StateMachineUpdater: set stopIndex = 6
2019-09-16 17:28:50,650 [grpc-default-executor-8] INFO  impl.FollowerInfo (FollowerInfo.java:lambda$new$0(51)) - 2565157f-9642-4f7c-bd15-58f431c5cf0a@group-42427AE515A8->a5d3a44e-87a4-4ffe-bd57-d4dea2700ae7: nextIndex: updateUnconditionally 14 -> 7
2019-09-16 17:28:50,708 [2565157f-9642-4f7c-bd15-58f431c5cf0a@group-42427AE515A8-StateMachineUpdater] INFO  ratis.ContainerStateMachine (ContainerStateMachine.java:takeSnapshot(300)) - group-42427AE515A8: Finished taking a snapshot at:(t:2, i:6) file:/workdir/hadoop-ozone/integration-test/target/test-dir/MiniOzoneClusterImpl-1d68e719-5c56-406e-81cd-0d9da4b1ed63/datanode-0/data/ratis/93324fbd-3721-4fab-88a8-42427ae515a8/sm/snapshot.2_6 time:49
2019-09-16 17:28:50,708 [2565157f-9642-4f7c-bd15-58f431c5cf0a@group-42427AE515A8-StateMachineUpdater] INFO  impl.StateMachineUpdater (StateMachineUpdater.java:takeSnapshot(258)) - 2565157f-9642-4f7c-bd15-58f431c5cf0a@group-42427AE515A8-StateMachineUpdater: Took a snapshot at index 6
2019-09-16 17:28:50,708 [2565157f-9642-4f7c-bd15-58f431c5cf0a@group-42427AE515A8-StateMachineUpdater] INFO  impl.StateMachineUpdater (StateMachineUpdater.java:lambda$new$0(83)) - 2565157f-9642-4f7c-bd15-58f431c5cf0a@group-42427AE515A8-StateMachineUpdater: snapshotIndex: updateIncreasingly -1 -> 6
2019-09-16 17:28:50,709 [grpc-default-executor-7] INFO  impl.RaftServerImpl (ServerState.java:close(385)) - 2565157f-9642-4f7c-bd15-58f431c5cf0a@group-42427AE515A8: closes. applyIndex: 6
2019-09-16 17:28:50,709 [Command processor thread] ERROR commandhandler.CloseContainerCommandHandler (CloseContainerCommandHandler.java:handle(125)) - Can't close container #5
java.io.IOException: org.apache.ratis.protocol.GroupMismatchException: 2565157f-9642-4f7c-bd15-58f431c5cf0a: group-42427AE515A8 not found.
	at org.apache.hadoop.ozone.container.common.transport.server.ratis.XceiverServerRatis.submitRequest(XceiverServerRatis.java:495)
	at org.apache.hadoop.ozone.container.common.statemachine.commandhandler.CloseContainerCommandHandler.handle(CloseContainerCommandHandler.java:102)
	at org.apache.hadoop.ozone.container.common.statemachine.commandhandler.CommandDispatcher.handle(CommandDispatcher.java:99)
	at org.apache.hadoop.ozone.container.common.statemachine.DatanodeStateMachine.lambda$initCommandHandlerThread$1(DatanodeStateMachine.java:432)
	at java.lang.Thread.run(Thread.java:748)
Caused by: java.util.concurrent.ExecutionException: org.apache.ratis.protocol.GroupMismatchException: 2565157f-9642-4f7c-bd15-58f431c5cf0a: group-42427AE515A8 not found.
	at java.util.concurrent.CompletableFuture.reportGet(CompletableFuture.java:357)
	at java.util.concurrent.CompletableFuture.get(CompletableFuture.java:1895)
	at org.apache.hadoop.ozone.container.common.transport.server.ratis.XceiverServerRatis.submitRequest(XceiverServerRatis.java:493)
	... 4 more
Caused by: org.apache.ratis.protocol.GroupMismatchException: 2565157f-9642-4f7c-bd15-58f431c5cf0a: group-42427AE515A8 not found.
	at org.apache.ratis.server.impl.RaftServerProxy$ImplMap.get(RaftServerProxy.java:122)
	at org.apache.ratis.server.impl.RaftServerProxy.getImplFuture(RaftServerProxy.java:269)
	at org.apache.ratis.server.impl.RaftServerProxy.submitRequest(RaftServerProxy.java:327)
	at org.apache.ratis.server.impl.RaftServerProxy.submitClientRequestAsync(RaftServerProxy.java:333)
	... 5 more
2019-09-16 17:28:50,712 [2565157f-9642-4f7c-bd15-58f431c5cf0a@group-42427AE515A8-SegmentedRaftLogWorker] ERROR ratis.XceiverServerRatis (XceiverServerRatis.java:triggerPipelineClose(568)) - pipeline Action CLOSE  on pipeline PipelineID=93324fbd-3721-4fab-88a8-42427ae515a8.Reason : WriteLog:8: (t:2, i:8), STATEMACHINELOGENTRY, client-67B75F1E9B14, cid=48-writeStateMachineData interrupted.
2019-09-16 17:28:50,716 [EventQueue-PipelineActionsForPipelineActionHandler] ERROR pipeline.PipelineActionHandler (PipelineActionHandler.java:onMessage(60)) - Received pipeline action CLOSE for Pipeline[ Id: 93324fbd-3721-4fab-88a8-42427ae515a8, Nodes: a5d3a44e-87a4-4ffe-bd57-d4dea2700ae7{ip: 192.168.151.75, host: pr-hdds-2114-2x2fm-437316914, networkLocation: /default-rack, certSerialId: null}08c3c9a3-c92b-48ae-803a-081cb99550ef{ip: 192.168.151.75, host: pr-hdds-2114-2x2fm-437316914, networkLocation: /default-rack, certSerialId: null}2565157f-9642-4f7c-bd15-58f431c5cf0a{ip: 192.168.151.75, host: pr-hdds-2114-2x2fm-437316914, networkLocation: /default-rack, certSerialId: null}, Type:RATIS, Factor:THREE, State:CLOSED] from datanode 2565157f-9642-4f7c-bd15-58f431c5cf0a{ip: 192.168.151.75, host: pr-hdds-2114-2x2fm-437316914, networkLocation: /default-rack, certSerialId: null}. Reason : WriteLog:8: (t:2, i:8), STATEMACHINELOGENTRY, client-67B75F1E9B14, cid=48-writeStateMachineData interrupted.
2019-09-16 17:28:50,716 [EventQueue-PipelineActionsForPipelineActionHandler] INFO  pipeline.SCMPipelineManager (SCMPipelineManager.java:finalizeAndDestroyPipeline(311)) - destroying pipeline:Pipeline[ Id: 93324fbd-3721-4fab-88a8-42427ae515a8, Nodes: a5d3a44e-87a4-4ffe-bd57-d4dea2700ae7{ip: 192.168.151.75, host: pr-hdds-2114-2x2fm-437316914, networkLocation: /default-rack, certSerialId: null}08c3c9a3-c92b-48ae-803a-081cb99550ef{ip: 192.168.151.75, host: pr-hdds-2114-2x2fm-437316914, networkLocation: /default-rack, certSerialId: null}2565157f-9642-4f7c-bd15-58f431c5cf0a{ip: 192.168.151.75, host: pr-hdds-2114-2x2fm-437316914, networkLocation: /default-rack, certSerialId: null}, Type:RATIS, Factor:THREE, State:CLOSED]
2019-09-16 17:28:50,726 [grpc-default-executor-7] INFO  segmented.SegmentedRaftLogWorker (SegmentedRaftLogWorker.java:close(228)) - 2565157f-9642-4f7c-bd15-58f431c5cf0a@group-42427AE515A8-SegmentedRaftLogWorker close()
2019-09-16 17:28:50,744 [grpc-default-executor-7] INFO  interfaces.Container (KeyValueContainer.java:flushAndSyncDB(386)) - Container 4 is synced with bcsId 4.
2019-09-16 17:28:50,745 [grpc-default-executor-7] INFO  interfaces.Container (KeyValueContainer.java:flushAndSyncDB(386)) - Container 4 is synced with bcsId 4.
2019-09-16 17:28:50,818 [grpc-default-executor-7] INFO  interfaces.Container (KeyValueContainer.java:flushAndSyncDB(386)) - Container 5 is synced with bcsId 0.
2019-09-16 17:28:50,818 [grpc-default-executor-7] INFO  interfaces.Container (KeyValueContainer.java:flushAndSyncDB(386)) - Container 5 is synced with bcsId 0.
2019-09-16 17:28:50,836 [RatisPipelineUtilsThread] INFO  pipeline.PipelineStateManager (PipelineStateManager.java:removePipeline(108)) - Pipeline Pipeline[ Id: 93324fbd-3721-4fab-88a8-42427ae515a8, Nodes: a5d3a44e-87a4-4ffe-bd57-d4dea2700ae7{ip: 192.168.151.75, host: pr-hdds-2114-2x2fm-437316914, networkLocation: /default-rack, certSerialId: null}08c3c9a3-c92b-48ae-803a-081cb99550ef{ip: 192.168.151.75, host: pr-hdds-2114-2x2fm-437316914, networkLocation: /default-rack, certSerialId: null}2565157f-9642-4f7c-bd15-58f431c5cf0a{ip: 192.168.151.75, host: pr-hdds-2114-2x2fm-437316914, networkLocation: /default-rack, certSerialId: null}, Type:RATIS, Factor:THREE, State:CLOSED] removed from db
2019-09-16 17:28:50,990 [main] WARN  io.KeyOutputStream (KeyOutputStream.java:handleException(276)) - Encountered exception java.io.IOException: Unexpected Storage Container Exception: java.util.concurrent.CompletionException: java.util.concurrent.CompletionException: org.apache.ratis.protocol.GroupMismatchException: 08c3c9a3-c92b-48ae-803a-081cb99550ef: group-42427AE515A8 not found. on the pipeline Pipeline[ Id: 93324fbd-3721-4fab-88a8-42427ae515a8, Nodes: a5d3a44e-87a4-4ffe-bd57-d4dea2700ae7{ip: 192.168.151.75, host: pr-hdds-2114-2x2fm-437316914, networkLocation: /default-rack, certSerialId: null}08c3c9a3-c92b-48ae-803a-081cb99550ef{ip: 192.168.151.75, host: pr-hdds-2114-2x2fm-437316914, networkLocation: /default-rack, certSerialId: null}2565157f-9642-4f7c-bd15-58f431c5cf0a{ip: 192.168.151.75, host: pr-hdds-2114-2x2fm-437316914, networkLocation: /default-rack, certSerialId: null}, Type:RATIS, Factor:THREE, State:OPEN]. The last committed block length is 0, uncommitted data length is 400 retry count 0
2019-09-16 17:28:51,184 [grpc-default-executor-5] INFO  client.GrpcClientProtocolClient (GrpcClientProtocolClient.java:onNext(264)) - client-F4DC138F6907->a5d3a44e-87a4-4ffe-bd57-d4dea2700ae7: receive RaftClientReply:client-F4DC138F6907->a5d3a44e-87a4-4ffe-bd57-d4dea2700ae7@group-E3054EB6B45A, cid=134, SUCCESS, logIndex=1, commits[a5d3a44e-87a4-4ffe-bd57-d4dea2700ae7:c1, 2565157f-9642-4f7c-bd15-58f431c5cf0a:c0, 08c3c9a3-c92b-48ae-803a-081cb99550ef:c0]
2019-09-16 17:28:51,208 [grpc-default-executor-6] INFO  client.GrpcClientProtocolClient (GrpcClientProtocolClient.java:onNext(264)) - client-F4DC138F6907->a5d3a44e-87a4-4ffe-bd57-d4dea2700ae7: receive RaftClientReply:client-F4DC138F6907->a5d3a44e-87a4-4ffe-bd57-d4dea2700ae7@group-E3054EB6B45A, cid=135, SUCCESS, logIndex=3, commits[a5d3a44e-87a4-4ffe-bd57-d4dea2700ae7:c4, 2565157f-9642-4f7c-bd15-58f431c5cf0a:c2, 08c3c9a3-c92b-48ae-803a-081cb99550ef:c2]
2019-09-16 17:28:51,262 [grpc-default-executor-8] INFO  client.GrpcClientProtocolClient (GrpcClientProtocolClient.java:onNext(264)) - client-F4DC138F6907->a5d3a44e-87a4-4ffe-bd57-d4dea2700ae7: receive RaftClientReply:client-F4DC138F6907->a5d3a44e-87a4-4ffe-bd57-d4dea2700ae7@group-E3054EB6B45A, cid=136, SUCCESS, logIndex=4, commits[a5d3a44e-87a4-4ffe-bd57-d4dea2700ae7:c12, 2565157f-9642-4f7c-bd15-58f431c5cf0a:c8, 08c3c9a3-c92b-48ae-803a-081cb99550ef:c8]
2019-09-16 17:28:51,262 [grpc-default-executor-8] INFO  client.GrpcClientProtocolClient (GrpcClientProtocolClient.java:onNext(264)) - client-F4DC138F6907->a5d3a44e-87a4-4ffe-bd57-d4dea2700ae7: receive RaftClientReply:client-F4DC138F6907->a5d3a44e-87a4-4ffe-bd57-d4dea2700ae7@group-E3054EB6B45A, cid=137, SUCCESS, logIndex=5, commits[a5d3a44e-87a4-4ffe-bd57-d4dea2700ae7:c12, 2565157f-9642-4f7c-bd15-58f431c5cf0a:c8, 08c3c9a3-c92b-48ae-803a-081cb99550ef:c8]
2019-09-16 17:28:51,263 [grpc-default-executor-8] INFO  client.GrpcClientProtocolClient (GrpcClientProtocolClient.java:onNext(264)) - client-F4DC138F6907->a5d3a44e-87a4-4ffe-bd57-d4dea2700ae7: receive RaftClientReply:client-F4DC138F6907->a5d3a44e-87a4-4ffe-bd57-d4dea2700ae7@group-E3054EB6B45A, cid=138, SUCCESS, logIndex=6, commits[a5d3a44e-87a4-4ffe-bd57-d4dea2700ae7:c12, 2565157f-9642-4f7c-bd15-58f431c5cf0a:c8, 08c3c9a3-c92b-48ae-803a-081cb99550ef:c8]
2019-09-16 17:28:51,374 [grpc-default-executor-8] INFO  client.GrpcClientProtocolClient (GrpcClientProtocolClient.java:onNext(264)) - client-F4DC138F6907->a5d3a44e-87a4-4ffe-bd57-d4dea2700ae7: receive RaftClientReply:client-F4DC138F6907->a5d3a44e-87a4-4ffe-bd57-d4dea2700ae7@group-E3054EB6B45A, cid=139, SUCCESS, logIndex=7, commits[a5d3a44e-87a4-4ffe-bd57-d4dea2700ae7:c12, 2565157f-9642-4f7c-bd15-58f431c5cf0a:c8, 08c3c9a3-c92b-48ae-803a-081cb99550ef:c8]
]]></system-out>
  </testcase>
  <testcase name="testBufferCaching" classname="org.apache.hadoop.ozone.client.rpc.TestBlockOutputStream" time="0.402"/>
  <testcase name="testWriteWithExceedingMaxBufferLimit" classname="org.apache.hadoop.ozone.client.rpc.TestBlockOutputStream" time="187.391">
    <failure message="expected:&lt;23&gt; but was:&lt;27&gt;" type="java.lang.AssertionError"><![CDATA[java.lang.AssertionError: expected:<23> but was:<27>
	at org.junit.Assert.fail(Assert.java:88)
	at org.junit.Assert.failNotEquals(Assert.java:743)
	at org.junit.Assert.assertEquals(Assert.java:118)
	at org.junit.Assert.assertEquals(Assert.java:555)
	at org.junit.Assert.assertEquals(Assert.java:542)
	at org.apache.hadoop.ozone.client.rpc.TestBlockOutputStream.testWriteWithExceedingMaxBufferLimit(TestBlockOutputStream.java:614)
	at sun.reflect.NativeMethodAccessorImpl.invoke0(Native Method)
	at sun.reflect.NativeMethodAccessorImpl.invoke(NativeMethodAccessorImpl.java:62)
	at sun.reflect.DelegatingMethodAccessorImpl.invoke(DelegatingMethodAccessorImpl.java:43)
	at java.lang.reflect.Method.invoke(Method.java:498)
	at org.junit.runners.model.FrameworkMethod$1.runReflectiveCall(FrameworkMethod.java:47)
	at org.junit.internal.runners.model.ReflectiveCallable.run(ReflectiveCallable.java:12)
	at org.junit.runners.model.FrameworkMethod.invokeExplosively(FrameworkMethod.java:44)
	at org.junit.internal.runners.statements.InvokeMethod.evaluate(InvokeMethod.java:17)
	at org.junit.runners.ParentRunner.runLeaf(ParentRunner.java:271)
	at org.junit.runners.BlockJUnit4ClassRunner.runChild(BlockJUnit4ClassRunner.java:70)
	at org.junit.runners.BlockJUnit4ClassRunner.runChild(BlockJUnit4ClassRunner.java:50)
	at org.junit.runners.ParentRunner$3.run(ParentRunner.java:238)
	at org.junit.runners.ParentRunner$1.schedule(ParentRunner.java:63)
	at org.junit.runners.ParentRunner.runChildren(ParentRunner.java:236)
	at org.junit.runners.ParentRunner.access$000(ParentRunner.java:53)
	at org.junit.runners.ParentRunner$2.evaluate(ParentRunner.java:229)
	at org.junit.internal.runners.statements.RunBefores.evaluate(RunBefores.java:26)
	at org.junit.internal.runners.statements.RunAfters.evaluate(RunAfters.java:27)
	at org.junit.runners.ParentRunner.run(ParentRunner.java:309)
	at org.apache.maven.surefire.junit4.JUnit4Provider.execute(JUnit4Provider.java:365)
	at org.apache.maven.surefire.junit4.JUnit4Provider.executeWithRerun(JUnit4Provider.java:273)
	at org.apache.maven.surefire.junit4.JUnit4Provider.executeTestSet(JUnit4Provider.java:238)
	at org.apache.maven.surefire.junit4.JUnit4Provider.invoke(JUnit4Provider.java:159)
	at org.apache.maven.surefire.booter.ForkedBooter.invokeProviderInSameClassLoader(ForkedBooter.java:384)
	at org.apache.maven.surefire.booter.ForkedBooter.runSuitesInProcess(ForkedBooter.java:345)
	at org.apache.maven.surefire.booter.ForkedBooter.execute(ForkedBooter.java:126)
	at org.apache.maven.surefire.booter.ForkedBooter.main(ForkedBooter.java:418)
]]></failure>
    <system-out><![CDATA[2019-09-16 17:28:53,775 [grpc-default-executor-8] INFO  impl.RaftServerProxy (RaftServerProxy.java:remove(95)) - a5d3a44e-87a4-4ffe-bd57-d4dea2700ae7: remove group-42427AE515A8:null
2019-09-16 17:28:53,778 [RatisPipelineUtilsThread] WARN  pipeline.RatisPipelineUtils (RatisPipelineUtils.java:destroyPipeline(66)) - Pipeline destroy failed for pipeline=PipelineID=93324fbd-3721-4fab-88a8-42427ae515a8 dn=a5d3a44e-87a4-4ffe-bd57-d4dea2700ae7{ip: 192.168.151.75, host: pr-hdds-2114-2x2fm-437316914, networkLocation: /default-rack, certSerialId: null}
2019-09-16 17:28:53,781 [grpc-default-executor-8] INFO  impl.RaftServerProxy (RaftServerProxy.java:remove(95)) - 08c3c9a3-c92b-48ae-803a-081cb99550ef: remove group-42427AE515A8:null
2019-09-16 17:28:53,783 [RatisPipelineUtilsThread] WARN  pipeline.RatisPipelineUtils (RatisPipelineUtils.java:destroyPipeline(66)) - Pipeline destroy failed for pipeline=PipelineID=93324fbd-3721-4fab-88a8-42427ae515a8 dn=08c3c9a3-c92b-48ae-803a-081cb99550ef{ip: 192.168.151.75, host: pr-hdds-2114-2x2fm-437316914, networkLocation: /default-rack, certSerialId: null}
2019-09-16 17:28:53,794 [grpc-default-executor-8] INFO  impl.RaftServerProxy (RaftServerProxy.java:remove(95)) - 2565157f-9642-4f7c-bd15-58f431c5cf0a: remove group-42427AE515A8:null
2019-09-16 17:28:53,796 [RatisPipelineUtilsThread] WARN  pipeline.RatisPipelineUtils (RatisPipelineUtils.java:destroyPipeline(66)) - Pipeline destroy failed for pipeline=PipelineID=93324fbd-3721-4fab-88a8-42427ae515a8 dn=2565157f-9642-4f7c-bd15-58f431c5cf0a{ip: 192.168.151.75, host: pr-hdds-2114-2x2fm-437316914, networkLocation: /default-rack, certSerialId: null}
2019-09-16 17:28:53,797 [RatisPipelineUtilsThread] ERROR pipeline.SCMPipelineManager (Scheduler.java:lambda$schedule$1(70)) - Destroy pipeline failed for pipeline:Pipeline[ Id: 93324fbd-3721-4fab-88a8-42427ae515a8, Nodes: a5d3a44e-87a4-4ffe-bd57-d4dea2700ae7{ip: 192.168.151.75, host: pr-hdds-2114-2x2fm-437316914, networkLocation: /default-rack, certSerialId: null}08c3c9a3-c92b-48ae-803a-081cb99550ef{ip: 192.168.151.75, host: pr-hdds-2114-2x2fm-437316914, networkLocation: /default-rack, certSerialId: null}2565157f-9642-4f7c-bd15-58f431c5cf0a{ip: 192.168.151.75, host: pr-hdds-2114-2x2fm-437316914, networkLocation: /default-rack, certSerialId: null}, Type:RATIS, Factor:THREE, State:CLOSED]
org.apache.hadoop.hdds.scm.pipeline.PipelineNotFoundException: PipelineID=93324fbd-3721-4fab-88a8-42427ae515a8 not found
	at org.apache.hadoop.hdds.scm.pipeline.PipelineStateMap.getPipeline(PipelineStateMap.java:132)
	at org.apache.hadoop.hdds.scm.pipeline.PipelineStateMap.removePipeline(PipelineStateMap.java:322)
	at org.apache.hadoop.hdds.scm.pipeline.PipelineStateManager.removePipeline(PipelineStateManager.java:107)
	at org.apache.hadoop.hdds.scm.pipeline.SCMPipelineManager.removePipeline(SCMPipelineManager.java:423)
	at org.apache.hadoop.hdds.scm.pipeline.SCMPipelineManager.destroyPipeline(SCMPipelineManager.java:409)
	at org.apache.hadoop.hdds.scm.pipeline.SCMPipelineManager.lambda$finalizeAndDestroyPipeline$0(SCMPipelineManager.java:318)
	at org.apache.hadoop.utils.Scheduler.lambda$schedule$1(Scheduler.java:68)
	at java.util.concurrent.Executors$RunnableAdapter.call(Executors.java:511)
	at java.util.concurrent.FutureTask.run(FutureTask.java:266)
	at java.util.concurrent.ScheduledThreadPoolExecutor$ScheduledFutureTask.access$201(ScheduledThreadPoolExecutor.java:180)
	at java.util.concurrent.ScheduledThreadPoolExecutor$ScheduledFutureTask.run(ScheduledThreadPoolExecutor.java:293)
	at java.util.concurrent.ThreadPoolExecutor.runWorker(ThreadPoolExecutor.java:1149)
	at java.util.concurrent.ThreadPoolExecutor$Worker.run(ThreadPoolExecutor.java:624)
	at java.lang.Thread.run(Thread.java:748)
2019-09-16 17:28:54,408 [grpc-default-executor-5] INFO  impl.RaftServerProxy (RaftServerProxy.java:remove(95)) - a5d3a44e-87a4-4ffe-bd57-d4dea2700ae7: remove group-42427AE515A8:null
2019-09-16 17:28:54,411 [RatisPipelineUtilsThread] WARN  pipeline.RatisPipelineUtils (RatisPipelineUtils.java:destroyPipeline(66)) - Pipeline destroy failed for pipeline=PipelineID=93324fbd-3721-4fab-88a8-42427ae515a8 dn=a5d3a44e-87a4-4ffe-bd57-d4dea2700ae7{ip: 192.168.151.75, host: pr-hdds-2114-2x2fm-437316914, networkLocation: /default-rack, certSerialId: null}
2019-09-16 17:28:54,414 [grpc-default-executor-5] INFO  impl.RaftServerProxy (RaftServerProxy.java:remove(95)) - 08c3c9a3-c92b-48ae-803a-081cb99550ef: remove group-42427AE515A8:null
2019-09-16 17:28:54,416 [RatisPipelineUtilsThread] WARN  pipeline.RatisPipelineUtils (RatisPipelineUtils.java:destroyPipeline(66)) - Pipeline destroy failed for pipeline=PipelineID=93324fbd-3721-4fab-88a8-42427ae515a8 dn=08c3c9a3-c92b-48ae-803a-081cb99550ef{ip: 192.168.151.75, host: pr-hdds-2114-2x2fm-437316914, networkLocation: /default-rack, certSerialId: null}
2019-09-16 17:28:54,418 [grpc-default-executor-5] INFO  impl.RaftServerProxy (RaftServerProxy.java:remove(95)) - 2565157f-9642-4f7c-bd15-58f431c5cf0a: remove group-42427AE515A8:null
2019-09-16 17:28:54,420 [RatisPipelineUtilsThread] WARN  pipeline.RatisPipelineUtils (RatisPipelineUtils.java:destroyPipeline(66)) - Pipeline destroy failed for pipeline=PipelineID=93324fbd-3721-4fab-88a8-42427ae515a8 dn=2565157f-9642-4f7c-bd15-58f431c5cf0a{ip: 192.168.151.75, host: pr-hdds-2114-2x2fm-437316914, networkLocation: /default-rack, certSerialId: null}
2019-09-16 17:28:54,420 [RatisPipelineUtilsThread] ERROR pipeline.SCMPipelineManager (Scheduler.java:lambda$schedule$1(70)) - Destroy pipeline failed for pipeline:Pipeline[ Id: 93324fbd-3721-4fab-88a8-42427ae515a8, Nodes: a5d3a44e-87a4-4ffe-bd57-d4dea2700ae7{ip: 192.168.151.75, host: pr-hdds-2114-2x2fm-437316914, networkLocation: /default-rack, certSerialId: null}08c3c9a3-c92b-48ae-803a-081cb99550ef{ip: 192.168.151.75, host: pr-hdds-2114-2x2fm-437316914, networkLocation: /default-rack, certSerialId: null}2565157f-9642-4f7c-bd15-58f431c5cf0a{ip: 192.168.151.75, host: pr-hdds-2114-2x2fm-437316914, networkLocation: /default-rack, certSerialId: null}, Type:RATIS, Factor:THREE, State:CLOSED]
org.apache.hadoop.hdds.scm.pipeline.PipelineNotFoundException: PipelineID=93324fbd-3721-4fab-88a8-42427ae515a8 not found
	at org.apache.hadoop.hdds.scm.pipeline.PipelineStateMap.getPipeline(PipelineStateMap.java:132)
	at org.apache.hadoop.hdds.scm.pipeline.PipelineStateMap.removePipeline(PipelineStateMap.java:322)
	at org.apache.hadoop.hdds.scm.pipeline.PipelineStateManager.removePipeline(PipelineStateManager.java:107)
	at org.apache.hadoop.hdds.scm.pipeline.SCMPipelineManager.removePipeline(SCMPipelineManager.java:423)
	at org.apache.hadoop.hdds.scm.pipeline.SCMPipelineManager.destroyPipeline(SCMPipelineManager.java:409)
	at org.apache.hadoop.hdds.scm.pipeline.SCMPipelineManager.lambda$finalizeAndDestroyPipeline$0(SCMPipelineManager.java:318)
	at org.apache.hadoop.utils.Scheduler.lambda$schedule$1(Scheduler.java:68)
	at java.util.concurrent.Executors$RunnableAdapter.call(Executors.java:511)
	at java.util.concurrent.FutureTask.run(FutureTask.java:266)
	at java.util.concurrent.ScheduledThreadPoolExecutor$ScheduledFutureTask.access$201(ScheduledThreadPoolExecutor.java:180)
	at java.util.concurrent.ScheduledThreadPoolExecutor$ScheduledFutureTask.run(ScheduledThreadPoolExecutor.java:293)
	at java.util.concurrent.ThreadPoolExecutor.runWorker(ThreadPoolExecutor.java:1149)
	at java.util.concurrent.ThreadPoolExecutor$Worker.run(ThreadPoolExecutor.java:624)
	at java.lang.Thread.run(Thread.java:748)
2019-09-16 17:28:54,797 [java.util.concurrent.ThreadPoolExecutor$Worker@7b4d20f6[State = -1, empty queue]] WARN  server.GrpcLogAppender (GrpcLogAppender.java:timeoutAppendRequest(200)) - 04cc0e6b-c1eb-454c-b8ab-76b776566c09@group-A8369B54D72C->973364aa-0999-42fb-b1e3-8ec50fd7232a-GrpcLogAppender: appendEntries Timeout, request=04cc0e6b-c1eb-454c-b8ab-76b776566c09->973364aa-0999-42fb-b1e3-8ec50fd7232a#168-t1, previous=(t:1, i:13), leaderCommit=13, initializing? false, entries: size=1, first=(t:1, i:14), STATEMACHINELOGENTRY, client-445BDAC7BDF9, cid=142
2019-09-16 17:28:54,797 [java.util.concurrent.ThreadPoolExecutor$Worker@4b1e9ead[State = -1, empty queue]] WARN  server.GrpcLogAppender (GrpcLogAppender.java:timeoutAppendRequest(200)) - 04cc0e6b-c1eb-454c-b8ab-76b776566c09@group-A8369B54D72C->2ad8b8a5-9b47-4134-85fe-629322b782ac-GrpcLogAppender: appendEntries Timeout, request=04cc0e6b-c1eb-454c-b8ab-76b776566c09->2ad8b8a5-9b47-4134-85fe-629322b782ac#168-t1, previous=(t:1, i:13), leaderCommit=13, initializing? false, entries: size=1, first=(t:1, i:14), STATEMACHINELOGENTRY, client-445BDAC7BDF9, cid=142
2019-09-16 17:28:54,798 [java.util.concurrent.ThreadPoolExecutor$Worker@7b4d20f6[State = -1, empty queue]] WARN  server.GrpcLogAppender (GrpcLogAppender.java:timeoutAppendRequest(200)) - 04cc0e6b-c1eb-454c-b8ab-76b776566c09@group-A8369B54D72C->973364aa-0999-42fb-b1e3-8ec50fd7232a-GrpcLogAppender: appendEntries Timeout, request=04cc0e6b-c1eb-454c-b8ab-76b776566c09->973364aa-0999-42fb-b1e3-8ec50fd7232a#169-t1, previous=(t:1, i:14), leaderCommit=13, initializing? false, entries: size=1, first=(t:1, i:15), STATEMACHINELOGENTRY, client-445BDAC7BDF9, cid=143
2019-09-16 17:28:54,798 [java.util.concurrent.ThreadPoolExecutor$Worker@4b1e9ead[State = -1, empty queue]] WARN  server.GrpcLogAppender (GrpcLogAppender.java:timeoutAppendRequest(200)) - 04cc0e6b-c1eb-454c-b8ab-76b776566c09@group-A8369B54D72C->2ad8b8a5-9b47-4134-85fe-629322b782ac-GrpcLogAppender: appendEntries Timeout, request=04cc0e6b-c1eb-454c-b8ab-76b776566c09->2ad8b8a5-9b47-4134-85fe-629322b782ac#169-t1, previous=(t:1, i:14), leaderCommit=13, initializing? false, entries: size=1, first=(t:1, i:15), STATEMACHINELOGENTRY, client-445BDAC7BDF9, cid=143
2019-09-16 17:28:54,798 [java.util.concurrent.ThreadPoolExecutor$Worker@7b4d20f6[State = -1, empty queue]] WARN  server.GrpcLogAppender (GrpcLogAppender.java:timeoutAppendRequest(200)) - 04cc0e6b-c1eb-454c-b8ab-76b776566c09@group-A8369B54D72C->973364aa-0999-42fb-b1e3-8ec50fd7232a-GrpcLogAppender: appendEntries Timeout, request=04cc0e6b-c1eb-454c-b8ab-76b776566c09->973364aa-0999-42fb-b1e3-8ec50fd7232a#170-t1, previous=(t:1, i:15), leaderCommit=13, initializing? false, entries: size=1, first=(t:1, i:16), STATEMACHINELOGENTRY, client-445BDAC7BDF9, cid=144
2019-09-16 17:28:54,798 [java.util.concurrent.ThreadPoolExecutor$Worker@4b1e9ead[State = -1, empty queue]] WARN  server.GrpcLogAppender (GrpcLogAppender.java:timeoutAppendRequest(200)) - 04cc0e6b-c1eb-454c-b8ab-76b776566c09@group-A8369B54D72C->2ad8b8a5-9b47-4134-85fe-629322b782ac-GrpcLogAppender: appendEntries Timeout, request=04cc0e6b-c1eb-454c-b8ab-76b776566c09->2ad8b8a5-9b47-4134-85fe-629322b782ac#170-t1, previous=(t:1, i:15), leaderCommit=13, initializing? false, entries: size=1, first=(t:1, i:16), STATEMACHINELOGENTRY, client-445BDAC7BDF9, cid=144
2019-09-16 17:28:54,799 [java.util.concurrent.ThreadPoolExecutor$Worker@4b1e9ead[State = -1, empty queue]] WARN  server.GrpcLogAppender (GrpcLogAppender.java:timeoutAppendRequest(200)) - 04cc0e6b-c1eb-454c-b8ab-76b776566c09@group-A8369B54D72C->2ad8b8a5-9b47-4134-85fe-629322b782ac-GrpcLogAppender: appendEntries Timeout, request=04cc0e6b-c1eb-454c-b8ab-76b776566c09->2ad8b8a5-9b47-4134-85fe-629322b782ac#171-t1, previous=(t:1, i:16), leaderCommit=13, initializing? false, entries: size=1, first=(t:1, i:17), STATEMACHINELOGENTRY, client-445BDAC7BDF9, cid=145
2019-09-16 17:28:54,799 [java.util.concurrent.ThreadPoolExecutor$Worker@7b4d20f6[State = -1, empty queue]] WARN  server.GrpcLogAppender (GrpcLogAppender.java:timeoutAppendRequest(200)) - 04cc0e6b-c1eb-454c-b8ab-76b776566c09@group-A8369B54D72C->973364aa-0999-42fb-b1e3-8ec50fd7232a-GrpcLogAppender: appendEntries Timeout, request=04cc0e6b-c1eb-454c-b8ab-76b776566c09->973364aa-0999-42fb-b1e3-8ec50fd7232a#171-t1, previous=(t:1, i:16), leaderCommit=13, initializing? false, entries: size=1, first=(t:1, i:17), STATEMACHINELOGENTRY, client-445BDAC7BDF9, cid=145
2019-09-16 17:28:54,800 [java.util.concurrent.ThreadPoolExecutor$Worker@4b1e9ead[State = -1, empty queue]] WARN  server.GrpcLogAppender (GrpcLogAppender.java:timeoutAppendRequest(200)) - 04cc0e6b-c1eb-454c-b8ab-76b776566c09@group-A8369B54D72C->2ad8b8a5-9b47-4134-85fe-629322b782ac-GrpcLogAppender: appendEntries Timeout, request=04cc0e6b-c1eb-454c-b8ab-76b776566c09->2ad8b8a5-9b47-4134-85fe-629322b782ac#172-t1, previous=(t:1, i:17), leaderCommit=13, initializing? false, entries: size=1, first=(t:1, i:18), STATEMACHINELOGENTRY, client-445BDAC7BDF9, cid=146
2019-09-16 17:28:54,800 [java.util.concurrent.ThreadPoolExecutor$Worker@7b4d20f6[State = -1, empty queue]] WARN  server.GrpcLogAppender (GrpcLogAppender.java:timeoutAppendRequest(200)) - 04cc0e6b-c1eb-454c-b8ab-76b776566c09@group-A8369B54D72C->973364aa-0999-42fb-b1e3-8ec50fd7232a-GrpcLogAppender: appendEntries Timeout, request=04cc0e6b-c1eb-454c-b8ab-76b776566c09->973364aa-0999-42fb-b1e3-8ec50fd7232a#172-t1, previous=(t:1, i:17), leaderCommit=13, initializing? false, entries: size=1, first=(t:1, i:18), STATEMACHINELOGENTRY, client-445BDAC7BDF9, cid=146
2019-09-16 17:28:54,800 [java.util.concurrent.ThreadPoolExecutor$Worker@4b1e9ead[State = -1, empty queue]] WARN  server.GrpcLogAppender (GrpcLogAppender.java:timeoutAppendRequest(200)) - 04cc0e6b-c1eb-454c-b8ab-76b776566c09@group-A8369B54D72C->2ad8b8a5-9b47-4134-85fe-629322b782ac-GrpcLogAppender: appendEntries Timeout, request=04cc0e6b-c1eb-454c-b8ab-76b776566c09->2ad8b8a5-9b47-4134-85fe-629322b782ac#173-t1, previous=(t:1, i:18), leaderCommit=13, initializing? false, entries: size=1, first=(t:1, i:19), STATEMACHINELOGENTRY, client-445BDAC7BDF9, cid=147
2019-09-16 17:28:54,800 [java.util.concurrent.ThreadPoolExecutor$Worker@7b4d20f6[State = -1, empty queue]] WARN  server.GrpcLogAppender (GrpcLogAppender.java:timeoutAppendRequest(200)) - 04cc0e6b-c1eb-454c-b8ab-76b776566c09@group-A8369B54D72C->973364aa-0999-42fb-b1e3-8ec50fd7232a-GrpcLogAppender: appendEntries Timeout, request=04cc0e6b-c1eb-454c-b8ab-76b776566c09->973364aa-0999-42fb-b1e3-8ec50fd7232a#173-t1, previous=(t:1, i:18), leaderCommit=13, initializing? false, entries: size=1, first=(t:1, i:19), STATEMACHINELOGENTRY, client-445BDAC7BDF9, cid=147
2019-09-16 17:28:56,413 [grpc-default-executor-5] INFO  impl.RaftServerProxy (RaftServerProxy.java:remove(95)) - a5d3a44e-87a4-4ffe-bd57-d4dea2700ae7: remove group-42427AE515A8:null
2019-09-16 17:28:56,418 [RatisPipelineUtilsThread] WARN  pipeline.RatisPipelineUtils (RatisPipelineUtils.java:destroyPipeline(66)) - Pipeline destroy failed for pipeline=PipelineID=93324fbd-3721-4fab-88a8-42427ae515a8 dn=a5d3a44e-87a4-4ffe-bd57-d4dea2700ae7{ip: 192.168.151.75, host: pr-hdds-2114-2x2fm-437316914, networkLocation: /default-rack, certSerialId: null}
2019-09-16 17:28:56,421 [grpc-default-executor-5] INFO  impl.RaftServerProxy (RaftServerProxy.java:remove(95)) - 08c3c9a3-c92b-48ae-803a-081cb99550ef: remove group-42427AE515A8:null
2019-09-16 17:28:56,424 [RatisPipelineUtilsThread] WARN  pipeline.RatisPipelineUtils (RatisPipelineUtils.java:destroyPipeline(66)) - Pipeline destroy failed for pipeline=PipelineID=93324fbd-3721-4fab-88a8-42427ae515a8 dn=08c3c9a3-c92b-48ae-803a-081cb99550ef{ip: 192.168.151.75, host: pr-hdds-2114-2x2fm-437316914, networkLocation: /default-rack, certSerialId: null}
2019-09-16 17:28:56,427 [grpc-default-executor-5] INFO  impl.RaftServerProxy (RaftServerProxy.java:remove(95)) - 2565157f-9642-4f7c-bd15-58f431c5cf0a: remove group-42427AE515A8:null
2019-09-16 17:28:56,430 [RatisPipelineUtilsThread] WARN  pipeline.RatisPipelineUtils (RatisPipelineUtils.java:destroyPipeline(66)) - Pipeline destroy failed for pipeline=PipelineID=93324fbd-3721-4fab-88a8-42427ae515a8 dn=2565157f-9642-4f7c-bd15-58f431c5cf0a{ip: 192.168.151.75, host: pr-hdds-2114-2x2fm-437316914, networkLocation: /default-rack, certSerialId: null}
2019-09-16 17:28:56,431 [RatisPipelineUtilsThread] ERROR pipeline.SCMPipelineManager (Scheduler.java:lambda$schedule$1(70)) - Destroy pipeline failed for pipeline:Pipeline[ Id: 93324fbd-3721-4fab-88a8-42427ae515a8, Nodes: a5d3a44e-87a4-4ffe-bd57-d4dea2700ae7{ip: 192.168.151.75, host: pr-hdds-2114-2x2fm-437316914, networkLocation: /default-rack, certSerialId: null}08c3c9a3-c92b-48ae-803a-081cb99550ef{ip: 192.168.151.75, host: pr-hdds-2114-2x2fm-437316914, networkLocation: /default-rack, certSerialId: null}2565157f-9642-4f7c-bd15-58f431c5cf0a{ip: 192.168.151.75, host: pr-hdds-2114-2x2fm-437316914, networkLocation: /default-rack, certSerialId: null}, Type:RATIS, Factor:THREE, State:CLOSED]
org.apache.hadoop.hdds.scm.pipeline.PipelineNotFoundException: PipelineID=93324fbd-3721-4fab-88a8-42427ae515a8 not found
	at org.apache.hadoop.hdds.scm.pipeline.PipelineStateMap.getPipeline(PipelineStateMap.java:132)
	at org.apache.hadoop.hdds.scm.pipeline.PipelineStateMap.removePipeline(PipelineStateMap.java:322)
	at org.apache.hadoop.hdds.scm.pipeline.PipelineStateManager.removePipeline(PipelineStateManager.java:107)
	at org.apache.hadoop.hdds.scm.pipeline.SCMPipelineManager.removePipeline(SCMPipelineManager.java:423)
	at org.apache.hadoop.hdds.scm.pipeline.SCMPipelineManager.destroyPipeline(SCMPipelineManager.java:409)
	at org.apache.hadoop.hdds.scm.pipeline.SCMPipelineManager.lambda$finalizeAndDestroyPipeline$0(SCMPipelineManager.java:318)
	at org.apache.hadoop.utils.Scheduler.lambda$schedule$1(Scheduler.java:68)
	at java.util.concurrent.Executors$RunnableAdapter.call(Executors.java:511)
	at java.util.concurrent.FutureTask.run(FutureTask.java:266)
	at java.util.concurrent.ScheduledThreadPoolExecutor$ScheduledFutureTask.access$201(ScheduledThreadPoolExecutor.java:180)
	at java.util.concurrent.ScheduledThreadPoolExecutor$ScheduledFutureTask.run(ScheduledThreadPoolExecutor.java:293)
	at java.util.concurrent.ThreadPoolExecutor.runWorker(ThreadPoolExecutor.java:1149)
	at java.util.concurrent.ThreadPoolExecutor$Worker.run(ThreadPoolExecutor.java:624)
	at java.lang.Thread.run(Thread.java:748)
2019-09-16 17:28:56,835 [grpc-default-executor-5] INFO  client.GrpcClientProtocolClient (GrpcClientProtocolClient.java:onNext(264)) - client-445BDAC7BDF9->973364aa-0999-42fb-b1e3-8ec50fd7232a: receive RaftClientReply:client-445BDAC7BDF9->973364aa-0999-42fb-b1e3-8ec50fd7232a@group-A8369B54D72C, cid=142, FAILED org.apache.ratis.protocol.NotLeaderException: Server 973364aa-0999-42fb-b1e3-8ec50fd7232a@group-A8369B54D72C is not the leader 04cc0e6b-c1eb-454c-b8ab-76b776566c09:192.168.151.75:34634, logIndex=0, commits[973364aa-0999-42fb-b1e3-8ec50fd7232a:c13, 04cc0e6b-c1eb-454c-b8ab-76b776566c09:c13, 2ad8b8a5-9b47-4134-85fe-629322b782ac:c12]
2019-09-16 17:28:57,301 [java.util.concurrent.ThreadPoolExecutor$Worker@7b4d20f6[State = -1, empty queue]] WARN  server.GrpcLogAppender (GrpcLogAppender.java:timeoutAppendRequest(200)) - 04cc0e6b-c1eb-454c-b8ab-76b776566c09@group-A8369B54D72C->973364aa-0999-42fb-b1e3-8ec50fd7232a-GrpcLogAppender: appendEntries Timeout, request=04cc0e6b-c1eb-454c-b8ab-76b776566c09->973364aa-0999-42fb-b1e3-8ec50fd7232a#174-t1, previous=(t:1, i:19), leaderCommit=13, initializing? false, entries: <empty>
2019-09-16 17:28:57,301 [java.util.concurrent.ThreadPoolExecutor$Worker@4b1e9ead[State = -1, empty queue]] WARN  server.GrpcLogAppender (GrpcLogAppender.java:timeoutAppendRequest(200)) - 04cc0e6b-c1eb-454c-b8ab-76b776566c09@group-A8369B54D72C->2ad8b8a5-9b47-4134-85fe-629322b782ac-GrpcLogAppender: appendEntries Timeout, request=04cc0e6b-c1eb-454c-b8ab-76b776566c09->2ad8b8a5-9b47-4134-85fe-629322b782ac#174-t1, previous=(t:1, i:19), leaderCommit=13, initializing? false, entries: <empty>
2019-09-16 17:28:59,415 [grpc-default-executor-8] INFO  impl.RaftServerProxy (RaftServerProxy.java:remove(95)) - a5d3a44e-87a4-4ffe-bd57-d4dea2700ae7: remove group-42427AE515A8:null
2019-09-16 17:28:59,420 [RatisPipelineUtilsThread] WARN  pipeline.RatisPipelineUtils (RatisPipelineUtils.java:destroyPipeline(66)) - Pipeline destroy failed for pipeline=PipelineID=93324fbd-3721-4fab-88a8-42427ae515a8 dn=a5d3a44e-87a4-4ffe-bd57-d4dea2700ae7{ip: 192.168.151.75, host: pr-hdds-2114-2x2fm-437316914, networkLocation: /default-rack, certSerialId: null}
2019-09-16 17:28:59,422 [grpc-default-executor-8] INFO  impl.RaftServerProxy (RaftServerProxy.java:remove(95)) - 08c3c9a3-c92b-48ae-803a-081cb99550ef: remove group-42427AE515A8:null
2019-09-16 17:28:59,424 [RatisPipelineUtilsThread] WARN  pipeline.RatisPipelineUtils (RatisPipelineUtils.java:destroyPipeline(66)) - Pipeline destroy failed for pipeline=PipelineID=93324fbd-3721-4fab-88a8-42427ae515a8 dn=08c3c9a3-c92b-48ae-803a-081cb99550ef{ip: 192.168.151.75, host: pr-hdds-2114-2x2fm-437316914, networkLocation: /default-rack, certSerialId: null}
2019-09-16 17:28:59,427 [grpc-default-executor-8] INFO  impl.RaftServerProxy (RaftServerProxy.java:remove(95)) - 2565157f-9642-4f7c-bd15-58f431c5cf0a: remove group-42427AE515A8:null
2019-09-16 17:28:59,429 [RatisPipelineUtilsThread] WARN  pipeline.RatisPipelineUtils (RatisPipelineUtils.java:destroyPipeline(66)) - Pipeline destroy failed for pipeline=PipelineID=93324fbd-3721-4fab-88a8-42427ae515a8 dn=2565157f-9642-4f7c-bd15-58f431c5cf0a{ip: 192.168.151.75, host: pr-hdds-2114-2x2fm-437316914, networkLocation: /default-rack, certSerialId: null}
2019-09-16 17:28:59,429 [RatisPipelineUtilsThread] ERROR pipeline.SCMPipelineManager (Scheduler.java:lambda$schedule$1(70)) - Destroy pipeline failed for pipeline:Pipeline[ Id: 93324fbd-3721-4fab-88a8-42427ae515a8, Nodes: a5d3a44e-87a4-4ffe-bd57-d4dea2700ae7{ip: 192.168.151.75, host: pr-hdds-2114-2x2fm-437316914, networkLocation: /default-rack, certSerialId: null}08c3c9a3-c92b-48ae-803a-081cb99550ef{ip: 192.168.151.75, host: pr-hdds-2114-2x2fm-437316914, networkLocation: /default-rack, certSerialId: null}2565157f-9642-4f7c-bd15-58f431c5cf0a{ip: 192.168.151.75, host: pr-hdds-2114-2x2fm-437316914, networkLocation: /default-rack, certSerialId: null}, Type:RATIS, Factor:THREE, State:CLOSED]
org.apache.hadoop.hdds.scm.pipeline.PipelineNotFoundException: PipelineID=93324fbd-3721-4fab-88a8-42427ae515a8 not found
	at org.apache.hadoop.hdds.scm.pipeline.PipelineStateMap.getPipeline(PipelineStateMap.java:132)
	at org.apache.hadoop.hdds.scm.pipeline.PipelineStateMap.removePipeline(PipelineStateMap.java:322)
	at org.apache.hadoop.hdds.scm.pipeline.PipelineStateManager.removePipeline(PipelineStateManager.java:107)
	at org.apache.hadoop.hdds.scm.pipeline.SCMPipelineManager.removePipeline(SCMPipelineManager.java:423)
	at org.apache.hadoop.hdds.scm.pipeline.SCMPipelineManager.destroyPipeline(SCMPipelineManager.java:409)
	at org.apache.hadoop.hdds.scm.pipeline.SCMPipelineManager.lambda$finalizeAndDestroyPipeline$0(SCMPipelineManager.java:318)
	at org.apache.hadoop.utils.Scheduler.lambda$schedule$1(Scheduler.java:68)
	at java.util.concurrent.Executors$RunnableAdapter.call(Executors.java:511)
	at java.util.concurrent.FutureTask.run(FutureTask.java:266)
	at java.util.concurrent.ScheduledThreadPoolExecutor$ScheduledFutureTask.access$201(ScheduledThreadPoolExecutor.java:180)
	at java.util.concurrent.ScheduledThreadPoolExecutor$ScheduledFutureTask.run(ScheduledThreadPoolExecutor.java:293)
	at java.util.concurrent.ThreadPoolExecutor.runWorker(ThreadPoolExecutor.java:1149)
	at java.util.concurrent.ThreadPoolExecutor$Worker.run(ThreadPoolExecutor.java:624)
	at java.lang.Thread.run(Thread.java:748)
2019-09-16 17:28:59,801 [java.util.concurrent.ThreadPoolExecutor$Worker@4b1e9ead[State = -1, empty queue]] WARN  server.GrpcLogAppender (GrpcLogAppender.java:timeoutAppendRequest(200)) - 04cc0e6b-c1eb-454c-b8ab-76b776566c09@group-A8369B54D72C->2ad8b8a5-9b47-4134-85fe-629322b782ac-GrpcLogAppender: appendEntries Timeout, request=04cc0e6b-c1eb-454c-b8ab-76b776566c09->2ad8b8a5-9b47-4134-85fe-629322b782ac#175-t1, previous=(t:1, i:19), leaderCommit=13, initializing? false, entries: <empty>
2019-09-16 17:28:59,801 [java.util.concurrent.ThreadPoolExecutor$Worker@7b4d20f6[State = -1, empty queue]] WARN  server.GrpcLogAppender (GrpcLogAppender.java:timeoutAppendRequest(200)) - 04cc0e6b-c1eb-454c-b8ab-76b776566c09@group-A8369B54D72C->973364aa-0999-42fb-b1e3-8ec50fd7232a-GrpcLogAppender: appendEntries Timeout, request=04cc0e6b-c1eb-454c-b8ab-76b776566c09->973364aa-0999-42fb-b1e3-8ec50fd7232a#175-t1, previous=(t:1, i:19), leaderCommit=13, initializing? false, entries: <empty>
2019-09-16 17:29:01,412 [grpc-default-executor-8] INFO  impl.RaftServerProxy (RaftServerProxy.java:remove(95)) - a5d3a44e-87a4-4ffe-bd57-d4dea2700ae7: remove group-42427AE515A8:null
2019-09-16 17:29:01,417 [RatisPipelineUtilsThread] WARN  pipeline.RatisPipelineUtils (RatisPipelineUtils.java:destroyPipeline(66)) - Pipeline destroy failed for pipeline=PipelineID=93324fbd-3721-4fab-88a8-42427ae515a8 dn=a5d3a44e-87a4-4ffe-bd57-d4dea2700ae7{ip: 192.168.151.75, host: pr-hdds-2114-2x2fm-437316914, networkLocation: /default-rack, certSerialId: null}
2019-09-16 17:29:01,420 [grpc-default-executor-8] INFO  impl.RaftServerProxy (RaftServerProxy.java:remove(95)) - 08c3c9a3-c92b-48ae-803a-081cb99550ef: remove group-42427AE515A8:null
2019-09-16 17:29:01,422 [RatisPipelineUtilsThread] WARN  pipeline.RatisPipelineUtils (RatisPipelineUtils.java:destroyPipeline(66)) - Pipeline destroy failed for pipeline=PipelineID=93324fbd-3721-4fab-88a8-42427ae515a8 dn=08c3c9a3-c92b-48ae-803a-081cb99550ef{ip: 192.168.151.75, host: pr-hdds-2114-2x2fm-437316914, networkLocation: /default-rack, certSerialId: null}
2019-09-16 17:29:01,425 [grpc-default-executor-8] INFO  impl.RaftServerProxy (RaftServerProxy.java:remove(95)) - 2565157f-9642-4f7c-bd15-58f431c5cf0a: remove group-42427AE515A8:null
2019-09-16 17:29:01,428 [RatisPipelineUtilsThread] WARN  pipeline.RatisPipelineUtils (RatisPipelineUtils.java:destroyPipeline(66)) - Pipeline destroy failed for pipeline=PipelineID=93324fbd-3721-4fab-88a8-42427ae515a8 dn=2565157f-9642-4f7c-bd15-58f431c5cf0a{ip: 192.168.151.75, host: pr-hdds-2114-2x2fm-437316914, networkLocation: /default-rack, certSerialId: null}
2019-09-16 17:29:01,428 [RatisPipelineUtilsThread] ERROR pipeline.SCMPipelineManager (Scheduler.java:lambda$schedule$1(70)) - Destroy pipeline failed for pipeline:Pipeline[ Id: 93324fbd-3721-4fab-88a8-42427ae515a8, Nodes: a5d3a44e-87a4-4ffe-bd57-d4dea2700ae7{ip: 192.168.151.75, host: pr-hdds-2114-2x2fm-437316914, networkLocation: /default-rack, certSerialId: null}08c3c9a3-c92b-48ae-803a-081cb99550ef{ip: 192.168.151.75, host: pr-hdds-2114-2x2fm-437316914, networkLocation: /default-rack, certSerialId: null}2565157f-9642-4f7c-bd15-58f431c5cf0a{ip: 192.168.151.75, host: pr-hdds-2114-2x2fm-437316914, networkLocation: /default-rack, certSerialId: null}, Type:RATIS, Factor:THREE, State:CLOSED]
org.apache.hadoop.hdds.scm.pipeline.PipelineNotFoundException: PipelineID=93324fbd-3721-4fab-88a8-42427ae515a8 not found
	at org.apache.hadoop.hdds.scm.pipeline.PipelineStateMap.getPipeline(PipelineStateMap.java:132)
	at org.apache.hadoop.hdds.scm.pipeline.PipelineStateMap.removePipeline(PipelineStateMap.java:322)
	at org.apache.hadoop.hdds.scm.pipeline.PipelineStateManager.removePipeline(PipelineStateManager.java:107)
	at org.apache.hadoop.hdds.scm.pipeline.SCMPipelineManager.removePipeline(SCMPipelineManager.java:423)
	at org.apache.hadoop.hdds.scm.pipeline.SCMPipelineManager.destroyPipeline(SCMPipelineManager.java:409)
	at org.apache.hadoop.hdds.scm.pipeline.SCMPipelineManager.lambda$finalizeAndDestroyPipeline$0(SCMPipelineManager.java:318)
	at org.apache.hadoop.utils.Scheduler.lambda$schedule$1(Scheduler.java:68)
	at java.util.concurrent.Executors$RunnableAdapter.call(Executors.java:511)
	at java.util.concurrent.FutureTask.run(FutureTask.java:266)
	at java.util.concurrent.ScheduledThreadPoolExecutor$ScheduledFutureTask.access$201(ScheduledThreadPoolExecutor.java:180)
	at java.util.concurrent.ScheduledThreadPoolExecutor$ScheduledFutureTask.run(ScheduledThreadPoolExecutor.java:293)
	at java.util.concurrent.ThreadPoolExecutor.runWorker(ThreadPoolExecutor.java:1149)
	at java.util.concurrent.ThreadPoolExecutor$Worker.run(ThreadPoolExecutor.java:624)
	at java.lang.Thread.run(Thread.java:748)
2019-09-16 17:29:01,797 [04cc0e6b-c1eb-454c-b8ab-76b776566c09@group-A8369B54D72C-SegmentedRaftLogWorker] WARN  segmented.SegmentedRaftLogWorker (SegmentedRaftLogWorker.java:getFromFuture(90)) - Timeout 0/~
org.apache.ratis.protocol.TimeoutIOException: Timeout 10s: WriteLog:14: (t:1, i:14), STATEMACHINELOGENTRY, client-445BDAC7BDF9, cid=142-writeStateMachineData
	at org.apache.ratis.util.IOUtils.getFromFuture(IOUtils.java:87)
	at org.apache.ratis.server.raftlog.segmented.SegmentedRaftLogWorker$StateMachineDataPolicy.getFromFuture(SegmentedRaftLogWorker.java:87)
	at org.apache.ratis.server.raftlog.segmented.SegmentedRaftLogWorker$WriteLog.execute(SegmentedRaftLogWorker.java:477)
	at org.apache.ratis.server.raftlog.segmented.SegmentedRaftLogWorker.run(SegmentedRaftLogWorker.java:289)
	at java.lang.Thread.run(Thread.java:748)
Caused by: java.util.concurrent.TimeoutException
	at java.util.concurrent.CompletableFuture.timedGet(CompletableFuture.java:1771)
	at java.util.concurrent.CompletableFuture.get(CompletableFuture.java:1915)
	at org.apache.ratis.util.IOUtils.getFromFuture(IOUtils.java:79)
	... 4 more
2019-09-16 17:29:01,797 [2ad8b8a5-9b47-4134-85fe-629322b782ac@group-A8369B54D72C-SegmentedRaftLogWorker] WARN  segmented.SegmentedRaftLogWorker (SegmentedRaftLogWorker.java:getFromFuture(90)) - Timeout 0/~
org.apache.ratis.protocol.TimeoutIOException: Timeout 10s: WriteLog:14: (t:1, i:14), STATEMACHINELOGENTRY, client-445BDAC7BDF9, cid=142-writeStateMachineData
	at org.apache.ratis.util.IOUtils.getFromFuture(IOUtils.java:87)
	at org.apache.ratis.server.raftlog.segmented.SegmentedRaftLogWorker$StateMachineDataPolicy.getFromFuture(SegmentedRaftLogWorker.java:87)
	at org.apache.ratis.server.raftlog.segmented.SegmentedRaftLogWorker$WriteLog.execute(SegmentedRaftLogWorker.java:477)
	at org.apache.ratis.server.raftlog.segmented.SegmentedRaftLogWorker.run(SegmentedRaftLogWorker.java:289)
	at java.lang.Thread.run(Thread.java:748)
Caused by: java.util.concurrent.TimeoutException
	at java.util.concurrent.CompletableFuture.timedGet(CompletableFuture.java:1771)
	at java.util.concurrent.CompletableFuture.get(CompletableFuture.java:1915)
	at org.apache.ratis.util.IOUtils.getFromFuture(IOUtils.java:79)
	... 4 more
2019-09-16 17:29:01,797 [973364aa-0999-42fb-b1e3-8ec50fd7232a@group-A8369B54D72C-SegmentedRaftLogWorker] WARN  segmented.SegmentedRaftLogWorker (SegmentedRaftLogWorker.java:getFromFuture(90)) - Timeout 0/~
org.apache.ratis.protocol.TimeoutIOException: Timeout 10s: WriteLog:14: (t:1, i:14), STATEMACHINELOGENTRY, client-445BDAC7BDF9, cid=142-writeStateMachineData
	at org.apache.ratis.util.IOUtils.getFromFuture(IOUtils.java:87)
	at org.apache.ratis.server.raftlog.segmented.SegmentedRaftLogWorker$StateMachineDataPolicy.getFromFuture(SegmentedRaftLogWorker.java:87)
	at org.apache.ratis.server.raftlog.segmented.SegmentedRaftLogWorker$WriteLog.execute(SegmentedRaftLogWorker.java:477)
	at org.apache.ratis.server.raftlog.segmented.SegmentedRaftLogWorker.run(SegmentedRaftLogWorker.java:289)
	at java.lang.Thread.run(Thread.java:748)
Caused by: java.util.concurrent.TimeoutException
	at java.util.concurrent.CompletableFuture.timedGet(CompletableFuture.java:1771)
	at java.util.concurrent.CompletableFuture.get(CompletableFuture.java:1915)
	at org.apache.ratis.util.IOUtils.getFromFuture(IOUtils.java:79)
	... 4 more
2019-09-16 17:29:01,906 [grpc-default-executor-8] INFO  client.GrpcClientProtocolClient (GrpcClientProtocolClient.java:onNext(264)) - client-445BDAC7BDF9->973364aa-0999-42fb-b1e3-8ec50fd7232a: receive RaftClientReply:client-445BDAC7BDF9->973364aa-0999-42fb-b1e3-8ec50fd7232a@group-A8369B54D72C, cid=142, FAILED org.apache.ratis.protocol.NotLeaderException: Server 973364aa-0999-42fb-b1e3-8ec50fd7232a@group-A8369B54D72C is not the leader 04cc0e6b-c1eb-454c-b8ab-76b776566c09:192.168.151.75:34634, logIndex=0, commits[973364aa-0999-42fb-b1e3-8ec50fd7232a:c13, 04cc0e6b-c1eb-454c-b8ab-76b776566c09:c13, 2ad8b8a5-9b47-4134-85fe-629322b782ac:c12]
2019-09-16 17:29:02,302 [java.util.concurrent.ThreadPoolExecutor$Worker@7b4d20f6[State = -1, empty queue]] WARN  server.GrpcLogAppender (GrpcLogAppender.java:timeoutAppendRequest(200)) - 04cc0e6b-c1eb-454c-b8ab-76b776566c09@group-A8369B54D72C->973364aa-0999-42fb-b1e3-8ec50fd7232a-GrpcLogAppender: appendEntries Timeout, request=04cc0e6b-c1eb-454c-b8ab-76b776566c09->973364aa-0999-42fb-b1e3-8ec50fd7232a#176-t1, previous=(t:1, i:19), leaderCommit=13, initializing? false, entries: <empty>
2019-09-16 17:29:02,302 [java.util.concurrent.ThreadPoolExecutor$Worker@4b1e9ead[State = -1, empty queue]] WARN  server.GrpcLogAppender (GrpcLogAppender.java:timeoutAppendRequest(200)) - 04cc0e6b-c1eb-454c-b8ab-76b776566c09@group-A8369B54D72C->2ad8b8a5-9b47-4134-85fe-629322b782ac-GrpcLogAppender: appendEntries Timeout, request=04cc0e6b-c1eb-454c-b8ab-76b776566c09->2ad8b8a5-9b47-4134-85fe-629322b782ac#176-t1, previous=(t:1, i:19), leaderCommit=13, initializing? false, entries: <empty>
2019-09-16 17:29:04,417 [grpc-default-executor-5] INFO  impl.RaftServerProxy (RaftServerProxy.java:remove(95)) - a5d3a44e-87a4-4ffe-bd57-d4dea2700ae7: remove group-42427AE515A8:null
2019-09-16 17:29:04,423 [RatisPipelineUtilsThread] WARN  pipeline.RatisPipelineUtils (RatisPipelineUtils.java:destroyPipeline(66)) - Pipeline destroy failed for pipeline=PipelineID=93324fbd-3721-4fab-88a8-42427ae515a8 dn=a5d3a44e-87a4-4ffe-bd57-d4dea2700ae7{ip: 192.168.151.75, host: pr-hdds-2114-2x2fm-437316914, networkLocation: /default-rack, certSerialId: null}
2019-09-16 17:29:04,426 [grpc-default-executor-5] INFO  impl.RaftServerProxy (RaftServerProxy.java:remove(95)) - 08c3c9a3-c92b-48ae-803a-081cb99550ef: remove group-42427AE515A8:null
2019-09-16 17:29:04,428 [RatisPipelineUtilsThread] WARN  pipeline.RatisPipelineUtils (RatisPipelineUtils.java:destroyPipeline(66)) - Pipeline destroy failed for pipeline=PipelineID=93324fbd-3721-4fab-88a8-42427ae515a8 dn=08c3c9a3-c92b-48ae-803a-081cb99550ef{ip: 192.168.151.75, host: pr-hdds-2114-2x2fm-437316914, networkLocation: /default-rack, certSerialId: null}
2019-09-16 17:29:04,431 [grpc-default-executor-5] INFO  impl.RaftServerProxy (RaftServerProxy.java:remove(95)) - 2565157f-9642-4f7c-bd15-58f431c5cf0a: remove group-42427AE515A8:null
2019-09-16 17:29:04,434 [RatisPipelineUtilsThread] WARN  pipeline.RatisPipelineUtils (RatisPipelineUtils.java:destroyPipeline(66)) - Pipeline destroy failed for pipeline=PipelineID=93324fbd-3721-4fab-88a8-42427ae515a8 dn=2565157f-9642-4f7c-bd15-58f431c5cf0a{ip: 192.168.151.75, host: pr-hdds-2114-2x2fm-437316914, networkLocation: /default-rack, certSerialId: null}
2019-09-16 17:29:04,434 [RatisPipelineUtilsThread] ERROR pipeline.SCMPipelineManager (Scheduler.java:lambda$schedule$1(70)) - Destroy pipeline failed for pipeline:Pipeline[ Id: 93324fbd-3721-4fab-88a8-42427ae515a8, Nodes: a5d3a44e-87a4-4ffe-bd57-d4dea2700ae7{ip: 192.168.151.75, host: pr-hdds-2114-2x2fm-437316914, networkLocation: /default-rack, certSerialId: null}08c3c9a3-c92b-48ae-803a-081cb99550ef{ip: 192.168.151.75, host: pr-hdds-2114-2x2fm-437316914, networkLocation: /default-rack, certSerialId: null}2565157f-9642-4f7c-bd15-58f431c5cf0a{ip: 192.168.151.75, host: pr-hdds-2114-2x2fm-437316914, networkLocation: /default-rack, certSerialId: null}, Type:RATIS, Factor:THREE, State:CLOSED]
org.apache.hadoop.hdds.scm.pipeline.PipelineNotFoundException: PipelineID=93324fbd-3721-4fab-88a8-42427ae515a8 not found
	at org.apache.hadoop.hdds.scm.pipeline.PipelineStateMap.getPipeline(PipelineStateMap.java:132)
	at org.apache.hadoop.hdds.scm.pipeline.PipelineStateMap.removePipeline(PipelineStateMap.java:322)
	at org.apache.hadoop.hdds.scm.pipeline.PipelineStateManager.removePipeline(PipelineStateManager.java:107)
	at org.apache.hadoop.hdds.scm.pipeline.SCMPipelineManager.removePipeline(SCMPipelineManager.java:423)
	at org.apache.hadoop.hdds.scm.pipeline.SCMPipelineManager.destroyPipeline(SCMPipelineManager.java:409)
	at org.apache.hadoop.hdds.scm.pipeline.SCMPipelineManager.lambda$finalizeAndDestroyPipeline$0(SCMPipelineManager.java:318)
	at org.apache.hadoop.utils.Scheduler.lambda$schedule$1(Scheduler.java:68)
	at java.util.concurrent.Executors$RunnableAdapter.call(Executors.java:511)
	at java.util.concurrent.FutureTask.run(FutureTask.java:266)
	at java.util.concurrent.ScheduledThreadPoolExecutor$ScheduledFutureTask.access$201(ScheduledThreadPoolExecutor.java:180)
	at java.util.concurrent.ScheduledThreadPoolExecutor$ScheduledFutureTask.run(ScheduledThreadPoolExecutor.java:293)
	at java.util.concurrent.ThreadPoolExecutor.runWorker(ThreadPoolExecutor.java:1149)
	at java.util.concurrent.ThreadPoolExecutor$Worker.run(ThreadPoolExecutor.java:624)
	at java.lang.Thread.run(Thread.java:748)
2019-09-16 17:29:04,803 [java.util.concurrent.ThreadPoolExecutor$Worker@4b1e9ead[State = -1, empty queue]] WARN  server.GrpcLogAppender (GrpcLogAppender.java:timeoutAppendRequest(200)) - 04cc0e6b-c1eb-454c-b8ab-76b776566c09@group-A8369B54D72C->2ad8b8a5-9b47-4134-85fe-629322b782ac-GrpcLogAppender: appendEntries Timeout, request=04cc0e6b-c1eb-454c-b8ab-76b776566c09->2ad8b8a5-9b47-4134-85fe-629322b782ac#177-t1, previous=(t:1, i:19), leaderCommit=13, initializing? false, entries: <empty>
2019-09-16 17:29:04,803 [java.util.concurrent.ThreadPoolExecutor$Worker@7b4d20f6[State = -1, empty queue]] WARN  server.GrpcLogAppender (GrpcLogAppender.java:timeoutAppendRequest(200)) - 04cc0e6b-c1eb-454c-b8ab-76b776566c09@group-A8369B54D72C->973364aa-0999-42fb-b1e3-8ec50fd7232a-GrpcLogAppender: appendEntries Timeout, request=04cc0e6b-c1eb-454c-b8ab-76b776566c09->973364aa-0999-42fb-b1e3-8ec50fd7232a#177-t1, previous=(t:1, i:19), leaderCommit=13, initializing? false, entries: <empty>
2019-09-16 17:29:06,412 [grpc-default-executor-5] INFO  impl.RaftServerProxy (RaftServerProxy.java:remove(95)) - a5d3a44e-87a4-4ffe-bd57-d4dea2700ae7: remove group-42427AE515A8:null
2019-09-16 17:29:06,416 [RatisPipelineUtilsThread] WARN  pipeline.RatisPipelineUtils (RatisPipelineUtils.java:destroyPipeline(66)) - Pipeline destroy failed for pipeline=PipelineID=93324fbd-3721-4fab-88a8-42427ae515a8 dn=a5d3a44e-87a4-4ffe-bd57-d4dea2700ae7{ip: 192.168.151.75, host: pr-hdds-2114-2x2fm-437316914, networkLocation: /default-rack, certSerialId: null}
2019-09-16 17:29:06,419 [grpc-default-executor-5] INFO  impl.RaftServerProxy (RaftServerProxy.java:remove(95)) - 08c3c9a3-c92b-48ae-803a-081cb99550ef: remove group-42427AE515A8:null
2019-09-16 17:29:06,422 [RatisPipelineUtilsThread] WARN  pipeline.RatisPipelineUtils (RatisPipelineUtils.java:destroyPipeline(66)) - Pipeline destroy failed for pipeline=PipelineID=93324fbd-3721-4fab-88a8-42427ae515a8 dn=08c3c9a3-c92b-48ae-803a-081cb99550ef{ip: 192.168.151.75, host: pr-hdds-2114-2x2fm-437316914, networkLocation: /default-rack, certSerialId: null}
2019-09-16 17:29:06,424 [grpc-default-executor-5] INFO  impl.RaftServerProxy (RaftServerProxy.java:remove(95)) - 2565157f-9642-4f7c-bd15-58f431c5cf0a: remove group-42427AE515A8:null
2019-09-16 17:29:06,427 [RatisPipelineUtilsThread] WARN  pipeline.RatisPipelineUtils (RatisPipelineUtils.java:destroyPipeline(66)) - Pipeline destroy failed for pipeline=PipelineID=93324fbd-3721-4fab-88a8-42427ae515a8 dn=2565157f-9642-4f7c-bd15-58f431c5cf0a{ip: 192.168.151.75, host: pr-hdds-2114-2x2fm-437316914, networkLocation: /default-rack, certSerialId: null}
2019-09-16 17:29:06,427 [RatisPipelineUtilsThread] ERROR pipeline.SCMPipelineManager (Scheduler.java:lambda$schedule$1(70)) - Destroy pipeline failed for pipeline:Pipeline[ Id: 93324fbd-3721-4fab-88a8-42427ae515a8, Nodes: a5d3a44e-87a4-4ffe-bd57-d4dea2700ae7{ip: 192.168.151.75, host: pr-hdds-2114-2x2fm-437316914, networkLocation: /default-rack, certSerialId: null}08c3c9a3-c92b-48ae-803a-081cb99550ef{ip: 192.168.151.75, host: pr-hdds-2114-2x2fm-437316914, networkLocation: /default-rack, certSerialId: null}2565157f-9642-4f7c-bd15-58f431c5cf0a{ip: 192.168.151.75, host: pr-hdds-2114-2x2fm-437316914, networkLocation: /default-rack, certSerialId: null}, Type:RATIS, Factor:THREE, State:CLOSED]
org.apache.hadoop.hdds.scm.pipeline.PipelineNotFoundException: PipelineID=93324fbd-3721-4fab-88a8-42427ae515a8 not found
	at org.apache.hadoop.hdds.scm.pipeline.PipelineStateMap.getPipeline(PipelineStateMap.java:132)
	at org.apache.hadoop.hdds.scm.pipeline.PipelineStateMap.removePipeline(PipelineStateMap.java:322)
	at org.apache.hadoop.hdds.scm.pipeline.PipelineStateManager.removePipeline(PipelineStateManager.java:107)
	at org.apache.hadoop.hdds.scm.pipeline.SCMPipelineManager.removePipeline(SCMPipelineManager.java:423)
	at org.apache.hadoop.hdds.scm.pipeline.SCMPipelineManager.destroyPipeline(SCMPipelineManager.java:409)
	at org.apache.hadoop.hdds.scm.pipeline.SCMPipelineManager.lambda$finalizeAndDestroyPipeline$0(SCMPipelineManager.java:318)
	at org.apache.hadoop.utils.Scheduler.lambda$schedule$1(Scheduler.java:68)
	at java.util.concurrent.Executors$RunnableAdapter.call(Executors.java:511)
	at java.util.concurrent.FutureTask.run(FutureTask.java:266)
	at java.util.concurrent.ScheduledThreadPoolExecutor$ScheduledFutureTask.access$201(ScheduledThreadPoolExecutor.java:180)
	at java.util.concurrent.ScheduledThreadPoolExecutor$ScheduledFutureTask.run(ScheduledThreadPoolExecutor.java:293)
	at java.util.concurrent.ThreadPoolExecutor.runWorker(ThreadPoolExecutor.java:1149)
	at java.util.concurrent.ThreadPoolExecutor$Worker.run(ThreadPoolExecutor.java:624)
	at java.lang.Thread.run(Thread.java:748)
2019-09-16 17:29:06,953 [grpc-default-executor-5] INFO  client.GrpcClientProtocolClient (GrpcClientProtocolClient.java:onNext(264)) - client-445BDAC7BDF9->973364aa-0999-42fb-b1e3-8ec50fd7232a: receive RaftClientReply:client-445BDAC7BDF9->973364aa-0999-42fb-b1e3-8ec50fd7232a@group-A8369B54D72C, cid=142, FAILED org.apache.ratis.protocol.NotLeaderException: Server 973364aa-0999-42fb-b1e3-8ec50fd7232a@group-A8369B54D72C is not the leader 04cc0e6b-c1eb-454c-b8ab-76b776566c09:192.168.151.75:34634, logIndex=0, commits[973364aa-0999-42fb-b1e3-8ec50fd7232a:c13, 04cc0e6b-c1eb-454c-b8ab-76b776566c09:c13, 2ad8b8a5-9b47-4134-85fe-629322b782ac:c12]
2019-09-16 17:29:07,303 [java.util.concurrent.ThreadPoolExecutor$Worker@7b4d20f6[State = -1, empty queue]] WARN  server.GrpcLogAppender (GrpcLogAppender.java:timeoutAppendRequest(200)) - 04cc0e6b-c1eb-454c-b8ab-76b776566c09@group-A8369B54D72C->973364aa-0999-42fb-b1e3-8ec50fd7232a-GrpcLogAppender: appendEntries Timeout, request=04cc0e6b-c1eb-454c-b8ab-76b776566c09->973364aa-0999-42fb-b1e3-8ec50fd7232a#178-t1, previous=(t:1, i:19), leaderCommit=13, initializing? false, entries: <empty>
2019-09-16 17:29:07,303 [java.util.concurrent.ThreadPoolExecutor$Worker@4b1e9ead[State = -1, empty queue]] WARN  server.GrpcLogAppender (GrpcLogAppender.java:timeoutAppendRequest(200)) - 04cc0e6b-c1eb-454c-b8ab-76b776566c09@group-A8369B54D72C->2ad8b8a5-9b47-4134-85fe-629322b782ac-GrpcLogAppender: appendEntries Timeout, request=04cc0e6b-c1eb-454c-b8ab-76b776566c09->2ad8b8a5-9b47-4134-85fe-629322b782ac#178-t1, previous=(t:1, i:19), leaderCommit=13, initializing? false, entries: <empty>
2019-09-16 17:29:09,418 [grpc-default-executor-5] INFO  impl.RaftServerProxy (RaftServerProxy.java:remove(95)) - a5d3a44e-87a4-4ffe-bd57-d4dea2700ae7: remove group-42427AE515A8:null
2019-09-16 17:29:09,424 [RatisPipelineUtilsThread] WARN  pipeline.RatisPipelineUtils (RatisPipelineUtils.java:destroyPipeline(66)) - Pipeline destroy failed for pipeline=PipelineID=93324fbd-3721-4fab-88a8-42427ae515a8 dn=a5d3a44e-87a4-4ffe-bd57-d4dea2700ae7{ip: 192.168.151.75, host: pr-hdds-2114-2x2fm-437316914, networkLocation: /default-rack, certSerialId: null}
2019-09-16 17:29:09,427 [grpc-default-executor-5] INFO  impl.RaftServerProxy (RaftServerProxy.java:remove(95)) - 08c3c9a3-c92b-48ae-803a-081cb99550ef: remove group-42427AE515A8:null
2019-09-16 17:29:09,429 [RatisPipelineUtilsThread] WARN  pipeline.RatisPipelineUtils (RatisPipelineUtils.java:destroyPipeline(66)) - Pipeline destroy failed for pipeline=PipelineID=93324fbd-3721-4fab-88a8-42427ae515a8 dn=08c3c9a3-c92b-48ae-803a-081cb99550ef{ip: 192.168.151.75, host: pr-hdds-2114-2x2fm-437316914, networkLocation: /default-rack, certSerialId: null}
2019-09-16 17:29:09,432 [grpc-default-executor-5] INFO  impl.RaftServerProxy (RaftServerProxy.java:remove(95)) - 2565157f-9642-4f7c-bd15-58f431c5cf0a: remove group-42427AE515A8:null
2019-09-16 17:29:09,434 [RatisPipelineUtilsThread] WARN  pipeline.RatisPipelineUtils (RatisPipelineUtils.java:destroyPipeline(66)) - Pipeline destroy failed for pipeline=PipelineID=93324fbd-3721-4fab-88a8-42427ae515a8 dn=2565157f-9642-4f7c-bd15-58f431c5cf0a{ip: 192.168.151.75, host: pr-hdds-2114-2x2fm-437316914, networkLocation: /default-rack, certSerialId: null}
2019-09-16 17:29:09,434 [RatisPipelineUtilsThread] ERROR pipeline.SCMPipelineManager (Scheduler.java:lambda$schedule$1(70)) - Destroy pipeline failed for pipeline:Pipeline[ Id: 93324fbd-3721-4fab-88a8-42427ae515a8, Nodes: a5d3a44e-87a4-4ffe-bd57-d4dea2700ae7{ip: 192.168.151.75, host: pr-hdds-2114-2x2fm-437316914, networkLocation: /default-rack, certSerialId: null}08c3c9a3-c92b-48ae-803a-081cb99550ef{ip: 192.168.151.75, host: pr-hdds-2114-2x2fm-437316914, networkLocation: /default-rack, certSerialId: null}2565157f-9642-4f7c-bd15-58f431c5cf0a{ip: 192.168.151.75, host: pr-hdds-2114-2x2fm-437316914, networkLocation: /default-rack, certSerialId: null}, Type:RATIS, Factor:THREE, State:CLOSED]
org.apache.hadoop.hdds.scm.pipeline.PipelineNotFoundException: PipelineID=93324fbd-3721-4fab-88a8-42427ae515a8 not found
	at org.apache.hadoop.hdds.scm.pipeline.PipelineStateMap.getPipeline(PipelineStateMap.java:132)
	at org.apache.hadoop.hdds.scm.pipeline.PipelineStateMap.removePipeline(PipelineStateMap.java:322)
	at org.apache.hadoop.hdds.scm.pipeline.PipelineStateManager.removePipeline(PipelineStateManager.java:107)
	at org.apache.hadoop.hdds.scm.pipeline.SCMPipelineManager.removePipeline(SCMPipelineManager.java:423)
	at org.apache.hadoop.hdds.scm.pipeline.SCMPipelineManager.destroyPipeline(SCMPipelineManager.java:409)
	at org.apache.hadoop.hdds.scm.pipeline.SCMPipelineManager.lambda$finalizeAndDestroyPipeline$0(SCMPipelineManager.java:318)
	at org.apache.hadoop.utils.Scheduler.lambda$schedule$1(Scheduler.java:68)
	at java.util.concurrent.Executors$RunnableAdapter.call(Executors.java:511)
	at java.util.concurrent.FutureTask.run(FutureTask.java:266)
	at java.util.concurrent.ScheduledThreadPoolExecutor$ScheduledFutureTask.access$201(ScheduledThreadPoolExecutor.java:180)
	at java.util.concurrent.ScheduledThreadPoolExecutor$ScheduledFutureTask.run(ScheduledThreadPoolExecutor.java:293)
	at java.util.concurrent.ThreadPoolExecutor.runWorker(ThreadPoolExecutor.java:1149)
	at java.util.concurrent.ThreadPoolExecutor$Worker.run(ThreadPoolExecutor.java:624)
	at java.lang.Thread.run(Thread.java:748)
2019-09-16 17:29:09,804 [java.util.concurrent.ThreadPoolExecutor$Worker@4b1e9ead[State = -1, empty queue]] WARN  server.GrpcLogAppender (GrpcLogAppender.java:timeoutAppendRequest(200)) - 04cc0e6b-c1eb-454c-b8ab-76b776566c09@group-A8369B54D72C->2ad8b8a5-9b47-4134-85fe-629322b782ac-GrpcLogAppender: appendEntries Timeout, request=04cc0e6b-c1eb-454c-b8ab-76b776566c09->2ad8b8a5-9b47-4134-85fe-629322b782ac#179-t1, previous=(t:1, i:19), leaderCommit=13, initializing? false, entries: <empty>
2019-09-16 17:29:09,804 [java.util.concurrent.ThreadPoolExecutor$Worker@7b4d20f6[State = -1, empty queue]] WARN  server.GrpcLogAppender (GrpcLogAppender.java:timeoutAppendRequest(200)) - 04cc0e6b-c1eb-454c-b8ab-76b776566c09@group-A8369B54D72C->973364aa-0999-42fb-b1e3-8ec50fd7232a-GrpcLogAppender: appendEntries Timeout, request=04cc0e6b-c1eb-454c-b8ab-76b776566c09->973364aa-0999-42fb-b1e3-8ec50fd7232a#179-t1, previous=(t:1, i:19), leaderCommit=13, initializing? false, entries: <empty>
2019-09-16 17:29:11,415 [grpc-default-executor-6] INFO  impl.RaftServerProxy (RaftServerProxy.java:remove(95)) - a5d3a44e-87a4-4ffe-bd57-d4dea2700ae7: remove group-42427AE515A8:null
2019-09-16 17:29:11,419 [RatisPipelineUtilsThread] WARN  pipeline.RatisPipelineUtils (RatisPipelineUtils.java:destroyPipeline(66)) - Pipeline destroy failed for pipeline=PipelineID=93324fbd-3721-4fab-88a8-42427ae515a8 dn=a5d3a44e-87a4-4ffe-bd57-d4dea2700ae7{ip: 192.168.151.75, host: pr-hdds-2114-2x2fm-437316914, networkLocation: /default-rack, certSerialId: null}
2019-09-16 17:29:11,422 [grpc-default-executor-6] INFO  impl.RaftServerProxy (RaftServerProxy.java:remove(95)) - 08c3c9a3-c92b-48ae-803a-081cb99550ef: remove group-42427AE515A8:null
2019-09-16 17:29:11,425 [RatisPipelineUtilsThread] WARN  pipeline.RatisPipelineUtils (RatisPipelineUtils.java:destroyPipeline(66)) - Pipeline destroy failed for pipeline=PipelineID=93324fbd-3721-4fab-88a8-42427ae515a8 dn=08c3c9a3-c92b-48ae-803a-081cb99550ef{ip: 192.168.151.75, host: pr-hdds-2114-2x2fm-437316914, networkLocation: /default-rack, certSerialId: null}
2019-09-16 17:29:11,428 [grpc-default-executor-6] INFO  impl.RaftServerProxy (RaftServerProxy.java:remove(95)) - 2565157f-9642-4f7c-bd15-58f431c5cf0a: remove group-42427AE515A8:null
2019-09-16 17:29:11,430 [RatisPipelineUtilsThread] WARN  pipeline.RatisPipelineUtils (RatisPipelineUtils.java:destroyPipeline(66)) - Pipeline destroy failed for pipeline=PipelineID=93324fbd-3721-4fab-88a8-42427ae515a8 dn=2565157f-9642-4f7c-bd15-58f431c5cf0a{ip: 192.168.151.75, host: pr-hdds-2114-2x2fm-437316914, networkLocation: /default-rack, certSerialId: null}
2019-09-16 17:29:11,430 [RatisPipelineUtilsThread] ERROR pipeline.SCMPipelineManager (Scheduler.java:lambda$schedule$1(70)) - Destroy pipeline failed for pipeline:Pipeline[ Id: 93324fbd-3721-4fab-88a8-42427ae515a8, Nodes: a5d3a44e-87a4-4ffe-bd57-d4dea2700ae7{ip: 192.168.151.75, host: pr-hdds-2114-2x2fm-437316914, networkLocation: /default-rack, certSerialId: null}08c3c9a3-c92b-48ae-803a-081cb99550ef{ip: 192.168.151.75, host: pr-hdds-2114-2x2fm-437316914, networkLocation: /default-rack, certSerialId: null}2565157f-9642-4f7c-bd15-58f431c5cf0a{ip: 192.168.151.75, host: pr-hdds-2114-2x2fm-437316914, networkLocation: /default-rack, certSerialId: null}, Type:RATIS, Factor:THREE, State:CLOSED]
org.apache.hadoop.hdds.scm.pipeline.PipelineNotFoundException: PipelineID=93324fbd-3721-4fab-88a8-42427ae515a8 not found
	at org.apache.hadoop.hdds.scm.pipeline.PipelineStateMap.getPipeline(PipelineStateMap.java:132)
	at org.apache.hadoop.hdds.scm.pipeline.PipelineStateMap.removePipeline(PipelineStateMap.java:322)
	at org.apache.hadoop.hdds.scm.pipeline.PipelineStateManager.removePipeline(PipelineStateManager.java:107)
	at org.apache.hadoop.hdds.scm.pipeline.SCMPipelineManager.removePipeline(SCMPipelineManager.java:423)
	at org.apache.hadoop.hdds.scm.pipeline.SCMPipelineManager.destroyPipeline(SCMPipelineManager.java:409)
	at org.apache.hadoop.hdds.scm.pipeline.SCMPipelineManager.lambda$finalizeAndDestroyPipeline$0(SCMPipelineManager.java:318)
	at org.apache.hadoop.utils.Scheduler.lambda$schedule$1(Scheduler.java:68)
	at java.util.concurrent.Executors$RunnableAdapter.call(Executors.java:511)
	at java.util.concurrent.FutureTask.run(FutureTask.java:266)
	at java.util.concurrent.ScheduledThreadPoolExecutor$ScheduledFutureTask.access$201(ScheduledThreadPoolExecutor.java:180)
	at java.util.concurrent.ScheduledThreadPoolExecutor$ScheduledFutureTask.run(ScheduledThreadPoolExecutor.java:293)
	at java.util.concurrent.ThreadPoolExecutor.runWorker(ThreadPoolExecutor.java:1149)
	at java.util.concurrent.ThreadPoolExecutor$Worker.run(ThreadPoolExecutor.java:624)
	at java.lang.Thread.run(Thread.java:748)
2019-09-16 17:29:11,798 [04cc0e6b-c1eb-454c-b8ab-76b776566c09@group-A8369B54D72C-SegmentedRaftLogWorker] WARN  segmented.SegmentedRaftLogWorker (SegmentedRaftLogWorker.java:getFromFuture(90)) - Timeout 1/~
org.apache.ratis.protocol.TimeoutIOException: Timeout 10s: WriteLog:14: (t:1, i:14), STATEMACHINELOGENTRY, client-445BDAC7BDF9, cid=142-writeStateMachineData
	at org.apache.ratis.util.IOUtils.getFromFuture(IOUtils.java:87)
	at org.apache.ratis.server.raftlog.segmented.SegmentedRaftLogWorker$StateMachineDataPolicy.getFromFuture(SegmentedRaftLogWorker.java:87)
	at org.apache.ratis.server.raftlog.segmented.SegmentedRaftLogWorker$WriteLog.execute(SegmentedRaftLogWorker.java:477)
	at org.apache.ratis.server.raftlog.segmented.SegmentedRaftLogWorker.run(SegmentedRaftLogWorker.java:289)
	at java.lang.Thread.run(Thread.java:748)
Caused by: java.util.concurrent.TimeoutException
	at java.util.concurrent.CompletableFuture.timedGet(CompletableFuture.java:1771)
	at java.util.concurrent.CompletableFuture.get(CompletableFuture.java:1915)
	at org.apache.ratis.util.IOUtils.getFromFuture(IOUtils.java:79)
	... 4 more
2019-09-16 17:29:11,798 [973364aa-0999-42fb-b1e3-8ec50fd7232a@group-A8369B54D72C-SegmentedRaftLogWorker] WARN  segmented.SegmentedRaftLogWorker (SegmentedRaftLogWorker.java:getFromFuture(90)) - Timeout 1/~
org.apache.ratis.protocol.TimeoutIOException: Timeout 10s: WriteLog:14: (t:1, i:14), STATEMACHINELOGENTRY, client-445BDAC7BDF9, cid=142-writeStateMachineData
	at org.apache.ratis.util.IOUtils.getFromFuture(IOUtils.java:87)
	at org.apache.ratis.server.raftlog.segmented.SegmentedRaftLogWorker$StateMachineDataPolicy.getFromFuture(SegmentedRaftLogWorker.java:87)
	at org.apache.ratis.server.raftlog.segmented.SegmentedRaftLogWorker$WriteLog.execute(SegmentedRaftLogWorker.java:477)
	at org.apache.ratis.server.raftlog.segmented.SegmentedRaftLogWorker.run(SegmentedRaftLogWorker.java:289)
	at java.lang.Thread.run(Thread.java:748)
Caused by: java.util.concurrent.TimeoutException
	at java.util.concurrent.CompletableFuture.timedGet(CompletableFuture.java:1771)
	at java.util.concurrent.CompletableFuture.get(CompletableFuture.java:1915)
	at org.apache.ratis.util.IOUtils.getFromFuture(IOUtils.java:79)
	... 4 more
2019-09-16 17:29:11,798 [2ad8b8a5-9b47-4134-85fe-629322b782ac@group-A8369B54D72C-SegmentedRaftLogWorker] WARN  segmented.SegmentedRaftLogWorker (SegmentedRaftLogWorker.java:getFromFuture(90)) - Timeout 1/~
org.apache.ratis.protocol.TimeoutIOException: Timeout 10s: WriteLog:14: (t:1, i:14), STATEMACHINELOGENTRY, client-445BDAC7BDF9, cid=142-writeStateMachineData
	at org.apache.ratis.util.IOUtils.getFromFuture(IOUtils.java:87)
	at org.apache.ratis.server.raftlog.segmented.SegmentedRaftLogWorker$StateMachineDataPolicy.getFromFuture(SegmentedRaftLogWorker.java:87)
	at org.apache.ratis.server.raftlog.segmented.SegmentedRaftLogWorker$WriteLog.execute(SegmentedRaftLogWorker.java:477)
	at org.apache.ratis.server.raftlog.segmented.SegmentedRaftLogWorker.run(SegmentedRaftLogWorker.java:289)
	at java.lang.Thread.run(Thread.java:748)
Caused by: java.util.concurrent.TimeoutException
	at java.util.concurrent.CompletableFuture.timedGet(CompletableFuture.java:1771)
	at java.util.concurrent.CompletableFuture.get(CompletableFuture.java:1915)
	at org.apache.ratis.util.IOUtils.getFromFuture(IOUtils.java:79)
	... 4 more
2019-09-16 17:29:12,018 [grpc-default-executor-6] INFO  client.GrpcClientProtocolClient (GrpcClientProtocolClient.java:onNext(264)) - client-445BDAC7BDF9->973364aa-0999-42fb-b1e3-8ec50fd7232a: receive RaftClientReply:client-445BDAC7BDF9->973364aa-0999-42fb-b1e3-8ec50fd7232a@group-A8369B54D72C, cid=142, FAILED org.apache.ratis.protocol.NotLeaderException: Server 973364aa-0999-42fb-b1e3-8ec50fd7232a@group-A8369B54D72C is not the leader 04cc0e6b-c1eb-454c-b8ab-76b776566c09:192.168.151.75:34634, logIndex=0, commits[973364aa-0999-42fb-b1e3-8ec50fd7232a:c13, 04cc0e6b-c1eb-454c-b8ab-76b776566c09:c13, 2ad8b8a5-9b47-4134-85fe-629322b782ac:c12]
2019-09-16 17:29:12,304 [java.util.concurrent.ThreadPoolExecutor$Worker@4b1e9ead[State = -1, empty queue]] WARN  server.GrpcLogAppender (GrpcLogAppender.java:timeoutAppendRequest(200)) - 04cc0e6b-c1eb-454c-b8ab-76b776566c09@group-A8369B54D72C->2ad8b8a5-9b47-4134-85fe-629322b782ac-GrpcLogAppender: appendEntries Timeout, request=04cc0e6b-c1eb-454c-b8ab-76b776566c09->2ad8b8a5-9b47-4134-85fe-629322b782ac#180-t1, previous=(t:1, i:19), leaderCommit=13, initializing? false, entries: <empty>
2019-09-16 17:29:12,304 [java.util.concurrent.ThreadPoolExecutor$Worker@7b4d20f6[State = -1, empty queue]] WARN  server.GrpcLogAppender (GrpcLogAppender.java:timeoutAppendRequest(200)) - 04cc0e6b-c1eb-454c-b8ab-76b776566c09@group-A8369B54D72C->973364aa-0999-42fb-b1e3-8ec50fd7232a-GrpcLogAppender: appendEntries Timeout, request=04cc0e6b-c1eb-454c-b8ab-76b776566c09->973364aa-0999-42fb-b1e3-8ec50fd7232a#180-t1, previous=(t:1, i:19), leaderCommit=13, initializing? false, entries: <empty>
2019-09-16 17:29:14,416 [grpc-default-executor-5] INFO  impl.RaftServerProxy (RaftServerProxy.java:remove(95)) - a5d3a44e-87a4-4ffe-bd57-d4dea2700ae7: remove group-42427AE515A8:null
2019-09-16 17:29:14,421 [RatisPipelineUtilsThread] WARN  pipeline.RatisPipelineUtils (RatisPipelineUtils.java:destroyPipeline(66)) - Pipeline destroy failed for pipeline=PipelineID=93324fbd-3721-4fab-88a8-42427ae515a8 dn=a5d3a44e-87a4-4ffe-bd57-d4dea2700ae7{ip: 192.168.151.75, host: pr-hdds-2114-2x2fm-437316914, networkLocation: /default-rack, certSerialId: null}
2019-09-16 17:29:14,423 [grpc-default-executor-5] INFO  impl.RaftServerProxy (RaftServerProxy.java:remove(95)) - 08c3c9a3-c92b-48ae-803a-081cb99550ef: remove group-42427AE515A8:null
2019-09-16 17:29:14,426 [RatisPipelineUtilsThread] WARN  pipeline.RatisPipelineUtils (RatisPipelineUtils.java:destroyPipeline(66)) - Pipeline destroy failed for pipeline=PipelineID=93324fbd-3721-4fab-88a8-42427ae515a8 dn=08c3c9a3-c92b-48ae-803a-081cb99550ef{ip: 192.168.151.75, host: pr-hdds-2114-2x2fm-437316914, networkLocation: /default-rack, certSerialId: null}
2019-09-16 17:29:14,428 [grpc-default-executor-5] INFO  impl.RaftServerProxy (RaftServerProxy.java:remove(95)) - 2565157f-9642-4f7c-bd15-58f431c5cf0a: remove group-42427AE515A8:null
2019-09-16 17:29:14,431 [RatisPipelineUtilsThread] WARN  pipeline.RatisPipelineUtils (RatisPipelineUtils.java:destroyPipeline(66)) - Pipeline destroy failed for pipeline=PipelineID=93324fbd-3721-4fab-88a8-42427ae515a8 dn=2565157f-9642-4f7c-bd15-58f431c5cf0a{ip: 192.168.151.75, host: pr-hdds-2114-2x2fm-437316914, networkLocation: /default-rack, certSerialId: null}
2019-09-16 17:29:14,431 [RatisPipelineUtilsThread] ERROR pipeline.SCMPipelineManager (Scheduler.java:lambda$schedule$1(70)) - Destroy pipeline failed for pipeline:Pipeline[ Id: 93324fbd-3721-4fab-88a8-42427ae515a8, Nodes: a5d3a44e-87a4-4ffe-bd57-d4dea2700ae7{ip: 192.168.151.75, host: pr-hdds-2114-2x2fm-437316914, networkLocation: /default-rack, certSerialId: null}08c3c9a3-c92b-48ae-803a-081cb99550ef{ip: 192.168.151.75, host: pr-hdds-2114-2x2fm-437316914, networkLocation: /default-rack, certSerialId: null}2565157f-9642-4f7c-bd15-58f431c5cf0a{ip: 192.168.151.75, host: pr-hdds-2114-2x2fm-437316914, networkLocation: /default-rack, certSerialId: null}, Type:RATIS, Factor:THREE, State:CLOSED]
org.apache.hadoop.hdds.scm.pipeline.PipelineNotFoundException: PipelineID=93324fbd-3721-4fab-88a8-42427ae515a8 not found
	at org.apache.hadoop.hdds.scm.pipeline.PipelineStateMap.getPipeline(PipelineStateMap.java:132)
	at org.apache.hadoop.hdds.scm.pipeline.PipelineStateMap.removePipeline(PipelineStateMap.java:322)
	at org.apache.hadoop.hdds.scm.pipeline.PipelineStateManager.removePipeline(PipelineStateManager.java:107)
	at org.apache.hadoop.hdds.scm.pipeline.SCMPipelineManager.removePipeline(SCMPipelineManager.java:423)
	at org.apache.hadoop.hdds.scm.pipeline.SCMPipelineManager.destroyPipeline(SCMPipelineManager.java:409)
	at org.apache.hadoop.hdds.scm.pipeline.SCMPipelineManager.lambda$finalizeAndDestroyPipeline$0(SCMPipelineManager.java:318)
	at org.apache.hadoop.utils.Scheduler.lambda$schedule$1(Scheduler.java:68)
	at java.util.concurrent.Executors$RunnableAdapter.call(Executors.java:511)
	at java.util.concurrent.FutureTask.run(FutureTask.java:266)
	at java.util.concurrent.ScheduledThreadPoolExecutor$ScheduledFutureTask.access$201(ScheduledThreadPoolExecutor.java:180)
	at java.util.concurrent.ScheduledThreadPoolExecutor$ScheduledFutureTask.run(ScheduledThreadPoolExecutor.java:293)
	at java.util.concurrent.ThreadPoolExecutor.runWorker(ThreadPoolExecutor.java:1149)
	at java.util.concurrent.ThreadPoolExecutor$Worker.run(ThreadPoolExecutor.java:624)
	at java.lang.Thread.run(Thread.java:748)
2019-09-16 17:29:14,805 [java.util.concurrent.ThreadPoolExecutor$Worker@4b1e9ead[State = -1, empty queue]] WARN  server.GrpcLogAppender (GrpcLogAppender.java:timeoutAppendRequest(200)) - 04cc0e6b-c1eb-454c-b8ab-76b776566c09@group-A8369B54D72C->2ad8b8a5-9b47-4134-85fe-629322b782ac-GrpcLogAppender: appendEntries Timeout, request=04cc0e6b-c1eb-454c-b8ab-76b776566c09->2ad8b8a5-9b47-4134-85fe-629322b782ac#181-t1, previous=(t:1, i:19), leaderCommit=13, initializing? false, entries: <empty>
2019-09-16 17:29:14,805 [java.util.concurrent.ThreadPoolExecutor$Worker@7b4d20f6[State = -1, empty queue]] WARN  server.GrpcLogAppender (GrpcLogAppender.java:timeoutAppendRequest(200)) - 04cc0e6b-c1eb-454c-b8ab-76b776566c09@group-A8369B54D72C->973364aa-0999-42fb-b1e3-8ec50fd7232a-GrpcLogAppender: appendEntries Timeout, request=04cc0e6b-c1eb-454c-b8ab-76b776566c09->973364aa-0999-42fb-b1e3-8ec50fd7232a#181-t1, previous=(t:1, i:19), leaderCommit=13, initializing? false, entries: <empty>
2019-09-16 17:29:16,415 [grpc-default-executor-5] INFO  impl.RaftServerProxy (RaftServerProxy.java:remove(95)) - a5d3a44e-87a4-4ffe-bd57-d4dea2700ae7: remove group-42427AE515A8:null
2019-09-16 17:29:16,419 [RatisPipelineUtilsThread] WARN  pipeline.RatisPipelineUtils (RatisPipelineUtils.java:destroyPipeline(66)) - Pipeline destroy failed for pipeline=PipelineID=93324fbd-3721-4fab-88a8-42427ae515a8 dn=a5d3a44e-87a4-4ffe-bd57-d4dea2700ae7{ip: 192.168.151.75, host: pr-hdds-2114-2x2fm-437316914, networkLocation: /default-rack, certSerialId: null}
2019-09-16 17:29:16,422 [grpc-default-executor-5] INFO  impl.RaftServerProxy (RaftServerProxy.java:remove(95)) - 08c3c9a3-c92b-48ae-803a-081cb99550ef: remove group-42427AE515A8:null
2019-09-16 17:29:16,424 [RatisPipelineUtilsThread] WARN  pipeline.RatisPipelineUtils (RatisPipelineUtils.java:destroyPipeline(66)) - Pipeline destroy failed for pipeline=PipelineID=93324fbd-3721-4fab-88a8-42427ae515a8 dn=08c3c9a3-c92b-48ae-803a-081cb99550ef{ip: 192.168.151.75, host: pr-hdds-2114-2x2fm-437316914, networkLocation: /default-rack, certSerialId: null}
2019-09-16 17:29:16,427 [grpc-default-executor-5] INFO  impl.RaftServerProxy (RaftServerProxy.java:remove(95)) - 2565157f-9642-4f7c-bd15-58f431c5cf0a: remove group-42427AE515A8:null
2019-09-16 17:29:16,429 [RatisPipelineUtilsThread] WARN  pipeline.RatisPipelineUtils (RatisPipelineUtils.java:destroyPipeline(66)) - Pipeline destroy failed for pipeline=PipelineID=93324fbd-3721-4fab-88a8-42427ae515a8 dn=2565157f-9642-4f7c-bd15-58f431c5cf0a{ip: 192.168.151.75, host: pr-hdds-2114-2x2fm-437316914, networkLocation: /default-rack, certSerialId: null}
2019-09-16 17:29:16,429 [RatisPipelineUtilsThread] ERROR pipeline.SCMPipelineManager (Scheduler.java:lambda$schedule$1(70)) - Destroy pipeline failed for pipeline:Pipeline[ Id: 93324fbd-3721-4fab-88a8-42427ae515a8, Nodes: a5d3a44e-87a4-4ffe-bd57-d4dea2700ae7{ip: 192.168.151.75, host: pr-hdds-2114-2x2fm-437316914, networkLocation: /default-rack, certSerialId: null}08c3c9a3-c92b-48ae-803a-081cb99550ef{ip: 192.168.151.75, host: pr-hdds-2114-2x2fm-437316914, networkLocation: /default-rack, certSerialId: null}2565157f-9642-4f7c-bd15-58f431c5cf0a{ip: 192.168.151.75, host: pr-hdds-2114-2x2fm-437316914, networkLocation: /default-rack, certSerialId: null}, Type:RATIS, Factor:THREE, State:CLOSED]
org.apache.hadoop.hdds.scm.pipeline.PipelineNotFoundException: PipelineID=93324fbd-3721-4fab-88a8-42427ae515a8 not found
	at org.apache.hadoop.hdds.scm.pipeline.PipelineStateMap.getPipeline(PipelineStateMap.java:132)
	at org.apache.hadoop.hdds.scm.pipeline.PipelineStateMap.removePipeline(PipelineStateMap.java:322)
	at org.apache.hadoop.hdds.scm.pipeline.PipelineStateManager.removePipeline(PipelineStateManager.java:107)
	at org.apache.hadoop.hdds.scm.pipeline.SCMPipelineManager.removePipeline(SCMPipelineManager.java:423)
	at org.apache.hadoop.hdds.scm.pipeline.SCMPipelineManager.destroyPipeline(SCMPipelineManager.java:409)
	at org.apache.hadoop.hdds.scm.pipeline.SCMPipelineManager.lambda$finalizeAndDestroyPipeline$0(SCMPipelineManager.java:318)
	at org.apache.hadoop.utils.Scheduler.lambda$schedule$1(Scheduler.java:68)
	at java.util.concurrent.Executors$RunnableAdapter.call(Executors.java:511)
	at java.util.concurrent.FutureTask.run(FutureTask.java:266)
	at java.util.concurrent.ScheduledThreadPoolExecutor$ScheduledFutureTask.access$201(ScheduledThreadPoolExecutor.java:180)
	at java.util.concurrent.ScheduledThreadPoolExecutor$ScheduledFutureTask.run(ScheduledThreadPoolExecutor.java:293)
	at java.util.concurrent.ThreadPoolExecutor.runWorker(ThreadPoolExecutor.java:1149)
	at java.util.concurrent.ThreadPoolExecutor$Worker.run(ThreadPoolExecutor.java:624)
	at java.lang.Thread.run(Thread.java:748)
2019-09-16 17:29:17,087 [grpc-default-executor-5] INFO  client.GrpcClientProtocolClient (GrpcClientProtocolClient.java:onNext(264)) - client-445BDAC7BDF9->973364aa-0999-42fb-b1e3-8ec50fd7232a: receive RaftClientReply:client-445BDAC7BDF9->973364aa-0999-42fb-b1e3-8ec50fd7232a@group-A8369B54D72C, cid=142, FAILED org.apache.ratis.protocol.NotLeaderException: Server 973364aa-0999-42fb-b1e3-8ec50fd7232a@group-A8369B54D72C is not the leader 04cc0e6b-c1eb-454c-b8ab-76b776566c09:192.168.151.75:34634, logIndex=0, commits[973364aa-0999-42fb-b1e3-8ec50fd7232a:c13, 04cc0e6b-c1eb-454c-b8ab-76b776566c09:c13, 2ad8b8a5-9b47-4134-85fe-629322b782ac:c12]
2019-09-16 17:29:17,305 [java.util.concurrent.ThreadPoolExecutor$Worker@7b4d20f6[State = -1, empty queue]] WARN  server.GrpcLogAppender (GrpcLogAppender.java:timeoutAppendRequest(200)) - 04cc0e6b-c1eb-454c-b8ab-76b776566c09@group-A8369B54D72C->973364aa-0999-42fb-b1e3-8ec50fd7232a-GrpcLogAppender: appendEntries Timeout, request=04cc0e6b-c1eb-454c-b8ab-76b776566c09->973364aa-0999-42fb-b1e3-8ec50fd7232a#182-t1, previous=(t:1, i:19), leaderCommit=13, initializing? false, entries: <empty>
2019-09-16 17:29:17,305 [java.util.concurrent.ThreadPoolExecutor$Worker@4b1e9ead[State = -1, empty queue]] WARN  server.GrpcLogAppender (GrpcLogAppender.java:timeoutAppendRequest(200)) - 04cc0e6b-c1eb-454c-b8ab-76b776566c09@group-A8369B54D72C->2ad8b8a5-9b47-4134-85fe-629322b782ac-GrpcLogAppender: appendEntries Timeout, request=04cc0e6b-c1eb-454c-b8ab-76b776566c09->2ad8b8a5-9b47-4134-85fe-629322b782ac#182-t1, previous=(t:1, i:19), leaderCommit=13, initializing? false, entries: <empty>
2019-09-16 17:29:19,419 [grpc-default-executor-6] INFO  impl.RaftServerProxy (RaftServerProxy.java:remove(95)) - a5d3a44e-87a4-4ffe-bd57-d4dea2700ae7: remove group-42427AE515A8:null
2019-09-16 17:29:19,424 [RatisPipelineUtilsThread] WARN  pipeline.RatisPipelineUtils (RatisPipelineUtils.java:destroyPipeline(66)) - Pipeline destroy failed for pipeline=PipelineID=93324fbd-3721-4fab-88a8-42427ae515a8 dn=a5d3a44e-87a4-4ffe-bd57-d4dea2700ae7{ip: 192.168.151.75, host: pr-hdds-2114-2x2fm-437316914, networkLocation: /default-rack, certSerialId: null}
2019-09-16 17:29:19,427 [grpc-default-executor-6] INFO  impl.RaftServerProxy (RaftServerProxy.java:remove(95)) - 08c3c9a3-c92b-48ae-803a-081cb99550ef: remove group-42427AE515A8:null
2019-09-16 17:29:19,429 [RatisPipelineUtilsThread] WARN  pipeline.RatisPipelineUtils (RatisPipelineUtils.java:destroyPipeline(66)) - Pipeline destroy failed for pipeline=PipelineID=93324fbd-3721-4fab-88a8-42427ae515a8 dn=08c3c9a3-c92b-48ae-803a-081cb99550ef{ip: 192.168.151.75, host: pr-hdds-2114-2x2fm-437316914, networkLocation: /default-rack, certSerialId: null}
2019-09-16 17:29:19,432 [grpc-default-executor-6] INFO  impl.RaftServerProxy (RaftServerProxy.java:remove(95)) - 2565157f-9642-4f7c-bd15-58f431c5cf0a: remove group-42427AE515A8:null
2019-09-16 17:29:19,434 [RatisPipelineUtilsThread] WARN  pipeline.RatisPipelineUtils (RatisPipelineUtils.java:destroyPipeline(66)) - Pipeline destroy failed for pipeline=PipelineID=93324fbd-3721-4fab-88a8-42427ae515a8 dn=2565157f-9642-4f7c-bd15-58f431c5cf0a{ip: 192.168.151.75, host: pr-hdds-2114-2x2fm-437316914, networkLocation: /default-rack, certSerialId: null}
2019-09-16 17:29:19,435 [RatisPipelineUtilsThread] ERROR pipeline.SCMPipelineManager (Scheduler.java:lambda$schedule$1(70)) - Destroy pipeline failed for pipeline:Pipeline[ Id: 93324fbd-3721-4fab-88a8-42427ae515a8, Nodes: a5d3a44e-87a4-4ffe-bd57-d4dea2700ae7{ip: 192.168.151.75, host: pr-hdds-2114-2x2fm-437316914, networkLocation: /default-rack, certSerialId: null}08c3c9a3-c92b-48ae-803a-081cb99550ef{ip: 192.168.151.75, host: pr-hdds-2114-2x2fm-437316914, networkLocation: /default-rack, certSerialId: null}2565157f-9642-4f7c-bd15-58f431c5cf0a{ip: 192.168.151.75, host: pr-hdds-2114-2x2fm-437316914, networkLocation: /default-rack, certSerialId: null}, Type:RATIS, Factor:THREE, State:CLOSED]
org.apache.hadoop.hdds.scm.pipeline.PipelineNotFoundException: PipelineID=93324fbd-3721-4fab-88a8-42427ae515a8 not found
	at org.apache.hadoop.hdds.scm.pipeline.PipelineStateMap.getPipeline(PipelineStateMap.java:132)
	at org.apache.hadoop.hdds.scm.pipeline.PipelineStateMap.removePipeline(PipelineStateMap.java:322)
	at org.apache.hadoop.hdds.scm.pipeline.PipelineStateManager.removePipeline(PipelineStateManager.java:107)
	at org.apache.hadoop.hdds.scm.pipeline.SCMPipelineManager.removePipeline(SCMPipelineManager.java:423)
	at org.apache.hadoop.hdds.scm.pipeline.SCMPipelineManager.destroyPipeline(SCMPipelineManager.java:409)
	at org.apache.hadoop.hdds.scm.pipeline.SCMPipelineManager.lambda$finalizeAndDestroyPipeline$0(SCMPipelineManager.java:318)
	at org.apache.hadoop.utils.Scheduler.lambda$schedule$1(Scheduler.java:68)
	at java.util.concurrent.Executors$RunnableAdapter.call(Executors.java:511)
	at java.util.concurrent.FutureTask.run(FutureTask.java:266)
	at java.util.concurrent.ScheduledThreadPoolExecutor$ScheduledFutureTask.access$201(ScheduledThreadPoolExecutor.java:180)
	at java.util.concurrent.ScheduledThreadPoolExecutor$ScheduledFutureTask.run(ScheduledThreadPoolExecutor.java:293)
	at java.util.concurrent.ThreadPoolExecutor.runWorker(ThreadPoolExecutor.java:1149)
	at java.util.concurrent.ThreadPoolExecutor$Worker.run(ThreadPoolExecutor.java:624)
	at java.lang.Thread.run(Thread.java:748)
2019-09-16 17:29:19,806 [java.util.concurrent.ThreadPoolExecutor$Worker@4b1e9ead[State = -1, empty queue]] WARN  server.GrpcLogAppender (GrpcLogAppender.java:timeoutAppendRequest(200)) - 04cc0e6b-c1eb-454c-b8ab-76b776566c09@group-A8369B54D72C->2ad8b8a5-9b47-4134-85fe-629322b782ac-GrpcLogAppender: appendEntries Timeout, request=04cc0e6b-c1eb-454c-b8ab-76b776566c09->2ad8b8a5-9b47-4134-85fe-629322b782ac#183-t1, previous=(t:1, i:19), leaderCommit=13, initializing? false, entries: <empty>
2019-09-16 17:29:19,806 [java.util.concurrent.ThreadPoolExecutor$Worker@7b4d20f6[State = -1, empty queue]] WARN  server.GrpcLogAppender (GrpcLogAppender.java:timeoutAppendRequest(200)) - 04cc0e6b-c1eb-454c-b8ab-76b776566c09@group-A8369B54D72C->973364aa-0999-42fb-b1e3-8ec50fd7232a-GrpcLogAppender: appendEntries Timeout, request=04cc0e6b-c1eb-454c-b8ab-76b776566c09->973364aa-0999-42fb-b1e3-8ec50fd7232a#183-t1, previous=(t:1, i:19), leaderCommit=13, initializing? false, entries: <empty>
2019-09-16 17:29:21,417 [grpc-default-executor-8] INFO  impl.RaftServerProxy (RaftServerProxy.java:remove(95)) - a5d3a44e-87a4-4ffe-bd57-d4dea2700ae7: remove group-42427AE515A8:null
2019-09-16 17:29:21,420 [RatisPipelineUtilsThread] WARN  pipeline.RatisPipelineUtils (RatisPipelineUtils.java:destroyPipeline(66)) - Pipeline destroy failed for pipeline=PipelineID=93324fbd-3721-4fab-88a8-42427ae515a8 dn=a5d3a44e-87a4-4ffe-bd57-d4dea2700ae7{ip: 192.168.151.75, host: pr-hdds-2114-2x2fm-437316914, networkLocation: /default-rack, certSerialId: null}
2019-09-16 17:29:21,423 [grpc-default-executor-8] INFO  impl.RaftServerProxy (RaftServerProxy.java:remove(95)) - 08c3c9a3-c92b-48ae-803a-081cb99550ef: remove group-42427AE515A8:null
2019-09-16 17:29:21,425 [RatisPipelineUtilsThread] WARN  pipeline.RatisPipelineUtils (RatisPipelineUtils.java:destroyPipeline(66)) - Pipeline destroy failed for pipeline=PipelineID=93324fbd-3721-4fab-88a8-42427ae515a8 dn=08c3c9a3-c92b-48ae-803a-081cb99550ef{ip: 192.168.151.75, host: pr-hdds-2114-2x2fm-437316914, networkLocation: /default-rack, certSerialId: null}
2019-09-16 17:29:21,428 [grpc-default-executor-8] INFO  impl.RaftServerProxy (RaftServerProxy.java:remove(95)) - 2565157f-9642-4f7c-bd15-58f431c5cf0a: remove group-42427AE515A8:null
2019-09-16 17:29:21,430 [RatisPipelineUtilsThread] WARN  pipeline.RatisPipelineUtils (RatisPipelineUtils.java:destroyPipeline(66)) - Pipeline destroy failed for pipeline=PipelineID=93324fbd-3721-4fab-88a8-42427ae515a8 dn=2565157f-9642-4f7c-bd15-58f431c5cf0a{ip: 192.168.151.75, host: pr-hdds-2114-2x2fm-437316914, networkLocation: /default-rack, certSerialId: null}
2019-09-16 17:29:21,431 [RatisPipelineUtilsThread] ERROR pipeline.SCMPipelineManager (Scheduler.java:lambda$schedule$1(70)) - Destroy pipeline failed for pipeline:Pipeline[ Id: 93324fbd-3721-4fab-88a8-42427ae515a8, Nodes: a5d3a44e-87a4-4ffe-bd57-d4dea2700ae7{ip: 192.168.151.75, host: pr-hdds-2114-2x2fm-437316914, networkLocation: /default-rack, certSerialId: null}08c3c9a3-c92b-48ae-803a-081cb99550ef{ip: 192.168.151.75, host: pr-hdds-2114-2x2fm-437316914, networkLocation: /default-rack, certSerialId: null}2565157f-9642-4f7c-bd15-58f431c5cf0a{ip: 192.168.151.75, host: pr-hdds-2114-2x2fm-437316914, networkLocation: /default-rack, certSerialId: null}, Type:RATIS, Factor:THREE, State:CLOSED]
org.apache.hadoop.hdds.scm.pipeline.PipelineNotFoundException: PipelineID=93324fbd-3721-4fab-88a8-42427ae515a8 not found
	at org.apache.hadoop.hdds.scm.pipeline.PipelineStateMap.getPipeline(PipelineStateMap.java:132)
	at org.apache.hadoop.hdds.scm.pipeline.PipelineStateMap.removePipeline(PipelineStateMap.java:322)
	at org.apache.hadoop.hdds.scm.pipeline.PipelineStateManager.removePipeline(PipelineStateManager.java:107)
	at org.apache.hadoop.hdds.scm.pipeline.SCMPipelineManager.removePipeline(SCMPipelineManager.java:423)
	at org.apache.hadoop.hdds.scm.pipeline.SCMPipelineManager.destroyPipeline(SCMPipelineManager.java:409)
	at org.apache.hadoop.hdds.scm.pipeline.SCMPipelineManager.lambda$finalizeAndDestroyPipeline$0(SCMPipelineManager.java:318)
	at org.apache.hadoop.utils.Scheduler.lambda$schedule$1(Scheduler.java:68)
	at java.util.concurrent.Executors$RunnableAdapter.call(Executors.java:511)
	at java.util.concurrent.FutureTask.run(FutureTask.java:266)
	at java.util.concurrent.ScheduledThreadPoolExecutor$ScheduledFutureTask.access$201(ScheduledThreadPoolExecutor.java:180)
	at java.util.concurrent.ScheduledThreadPoolExecutor$ScheduledFutureTask.run(ScheduledThreadPoolExecutor.java:293)
	at java.util.concurrent.ThreadPoolExecutor.runWorker(ThreadPoolExecutor.java:1149)
	at java.util.concurrent.ThreadPoolExecutor$Worker.run(ThreadPoolExecutor.java:624)
	at java.lang.Thread.run(Thread.java:748)
2019-09-16 17:29:21,799 [04cc0e6b-c1eb-454c-b8ab-76b776566c09@group-A8369B54D72C-SegmentedRaftLogWorker] WARN  segmented.SegmentedRaftLogWorker (SegmentedRaftLogWorker.java:getFromFuture(90)) - Timeout 2/~
org.apache.ratis.protocol.TimeoutIOException: Timeout 10s: WriteLog:14: (t:1, i:14), STATEMACHINELOGENTRY, client-445BDAC7BDF9, cid=142-writeStateMachineData
	at org.apache.ratis.util.IOUtils.getFromFuture(IOUtils.java:87)
	at org.apache.ratis.server.raftlog.segmented.SegmentedRaftLogWorker$StateMachineDataPolicy.getFromFuture(SegmentedRaftLogWorker.java:87)
	at org.apache.ratis.server.raftlog.segmented.SegmentedRaftLogWorker$WriteLog.execute(SegmentedRaftLogWorker.java:477)
	at org.apache.ratis.server.raftlog.segmented.SegmentedRaftLogWorker.run(SegmentedRaftLogWorker.java:289)
	at java.lang.Thread.run(Thread.java:748)
Caused by: java.util.concurrent.TimeoutException
	at java.util.concurrent.CompletableFuture.timedGet(CompletableFuture.java:1771)
	at java.util.concurrent.CompletableFuture.get(CompletableFuture.java:1915)
	at org.apache.ratis.util.IOUtils.getFromFuture(IOUtils.java:79)
	... 4 more
2019-09-16 17:29:21,799 [973364aa-0999-42fb-b1e3-8ec50fd7232a@group-A8369B54D72C-SegmentedRaftLogWorker] WARN  segmented.SegmentedRaftLogWorker (SegmentedRaftLogWorker.java:getFromFuture(90)) - Timeout 2/~
org.apache.ratis.protocol.TimeoutIOException: Timeout 10s: WriteLog:14: (t:1, i:14), STATEMACHINELOGENTRY, client-445BDAC7BDF9, cid=142-writeStateMachineData
	at org.apache.ratis.util.IOUtils.getFromFuture(IOUtils.java:87)
	at org.apache.ratis.server.raftlog.segmented.SegmentedRaftLogWorker$StateMachineDataPolicy.getFromFuture(SegmentedRaftLogWorker.java:87)
	at org.apache.ratis.server.raftlog.segmented.SegmentedRaftLogWorker$WriteLog.execute(SegmentedRaftLogWorker.java:477)
	at org.apache.ratis.server.raftlog.segmented.SegmentedRaftLogWorker.run(SegmentedRaftLogWorker.java:289)
	at java.lang.Thread.run(Thread.java:748)
Caused by: java.util.concurrent.TimeoutException
	at java.util.concurrent.CompletableFuture.timedGet(CompletableFuture.java:1771)
	at java.util.concurrent.CompletableFuture.get(CompletableFuture.java:1915)
	at org.apache.ratis.util.IOUtils.getFromFuture(IOUtils.java:79)
	... 4 more
2019-09-16 17:29:21,800 [2ad8b8a5-9b47-4134-85fe-629322b782ac@group-A8369B54D72C-SegmentedRaftLogWorker] WARN  segmented.SegmentedRaftLogWorker (SegmentedRaftLogWorker.java:getFromFuture(90)) - Timeout 2/~
org.apache.ratis.protocol.TimeoutIOException: Timeout 10s: WriteLog:14: (t:1, i:14), STATEMACHINELOGENTRY, client-445BDAC7BDF9, cid=142-writeStateMachineData
	at org.apache.ratis.util.IOUtils.getFromFuture(IOUtils.java:87)
	at org.apache.ratis.server.raftlog.segmented.SegmentedRaftLogWorker$StateMachineDataPolicy.getFromFuture(SegmentedRaftLogWorker.java:87)
	at org.apache.ratis.server.raftlog.segmented.SegmentedRaftLogWorker$WriteLog.execute(SegmentedRaftLogWorker.java:477)
	at org.apache.ratis.server.raftlog.segmented.SegmentedRaftLogWorker.run(SegmentedRaftLogWorker.java:289)
	at java.lang.Thread.run(Thread.java:748)
Caused by: java.util.concurrent.TimeoutException
	at java.util.concurrent.CompletableFuture.timedGet(CompletableFuture.java:1771)
	at java.util.concurrent.CompletableFuture.get(CompletableFuture.java:1915)
	at org.apache.ratis.util.IOUtils.getFromFuture(IOUtils.java:79)
	... 4 more
2019-09-16 17:29:22,149 [grpc-default-executor-8] INFO  client.GrpcClientProtocolClient (GrpcClientProtocolClient.java:onNext(264)) - client-445BDAC7BDF9->973364aa-0999-42fb-b1e3-8ec50fd7232a: receive RaftClientReply:client-445BDAC7BDF9->973364aa-0999-42fb-b1e3-8ec50fd7232a@group-A8369B54D72C, cid=142, FAILED org.apache.ratis.protocol.NotLeaderException: Server 973364aa-0999-42fb-b1e3-8ec50fd7232a@group-A8369B54D72C is not the leader 04cc0e6b-c1eb-454c-b8ab-76b776566c09:192.168.151.75:34634, logIndex=0, commits[973364aa-0999-42fb-b1e3-8ec50fd7232a:c13, 04cc0e6b-c1eb-454c-b8ab-76b776566c09:c13, 2ad8b8a5-9b47-4134-85fe-629322b782ac:c12]
2019-09-16 17:29:22,306 [java.util.concurrent.ThreadPoolExecutor$Worker@7b4d20f6[State = -1, empty queue]] WARN  server.GrpcLogAppender (GrpcLogAppender.java:timeoutAppendRequest(200)) - 04cc0e6b-c1eb-454c-b8ab-76b776566c09@group-A8369B54D72C->973364aa-0999-42fb-b1e3-8ec50fd7232a-GrpcLogAppender: appendEntries Timeout, request=04cc0e6b-c1eb-454c-b8ab-76b776566c09->973364aa-0999-42fb-b1e3-8ec50fd7232a#184-t1, previous=(t:1, i:19), leaderCommit=13, initializing? false, entries: <empty>
2019-09-16 17:29:22,306 [java.util.concurrent.ThreadPoolExecutor$Worker@4b1e9ead[State = -1, empty queue]] WARN  server.GrpcLogAppender (GrpcLogAppender.java:timeoutAppendRequest(200)) - 04cc0e6b-c1eb-454c-b8ab-76b776566c09@group-A8369B54D72C->2ad8b8a5-9b47-4134-85fe-629322b782ac-GrpcLogAppender: appendEntries Timeout, request=04cc0e6b-c1eb-454c-b8ab-76b776566c09->2ad8b8a5-9b47-4134-85fe-629322b782ac#184-t1, previous=(t:1, i:19), leaderCommit=13, initializing? false, entries: <empty>
2019-09-16 17:29:24,416 [grpc-default-executor-6] INFO  impl.RaftServerProxy (RaftServerProxy.java:remove(95)) - a5d3a44e-87a4-4ffe-bd57-d4dea2700ae7: remove group-42427AE515A8:null
2019-09-16 17:29:24,420 [RatisPipelineUtilsThread] WARN  pipeline.RatisPipelineUtils (RatisPipelineUtils.java:destroyPipeline(66)) - Pipeline destroy failed for pipeline=PipelineID=93324fbd-3721-4fab-88a8-42427ae515a8 dn=a5d3a44e-87a4-4ffe-bd57-d4dea2700ae7{ip: 192.168.151.75, host: pr-hdds-2114-2x2fm-437316914, networkLocation: /default-rack, certSerialId: null}
2019-09-16 17:29:24,422 [grpc-default-executor-6] INFO  impl.RaftServerProxy (RaftServerProxy.java:remove(95)) - 08c3c9a3-c92b-48ae-803a-081cb99550ef: remove group-42427AE515A8:null
2019-09-16 17:29:24,424 [RatisPipelineUtilsThread] WARN  pipeline.RatisPipelineUtils (RatisPipelineUtils.java:destroyPipeline(66)) - Pipeline destroy failed for pipeline=PipelineID=93324fbd-3721-4fab-88a8-42427ae515a8 dn=08c3c9a3-c92b-48ae-803a-081cb99550ef{ip: 192.168.151.75, host: pr-hdds-2114-2x2fm-437316914, networkLocation: /default-rack, certSerialId: null}
2019-09-16 17:29:24,427 [grpc-default-executor-6] INFO  impl.RaftServerProxy (RaftServerProxy.java:remove(95)) - 2565157f-9642-4f7c-bd15-58f431c5cf0a: remove group-42427AE515A8:null
2019-09-16 17:29:24,429 [RatisPipelineUtilsThread] WARN  pipeline.RatisPipelineUtils (RatisPipelineUtils.java:destroyPipeline(66)) - Pipeline destroy failed for pipeline=PipelineID=93324fbd-3721-4fab-88a8-42427ae515a8 dn=2565157f-9642-4f7c-bd15-58f431c5cf0a{ip: 192.168.151.75, host: pr-hdds-2114-2x2fm-437316914, networkLocation: /default-rack, certSerialId: null}
2019-09-16 17:29:24,429 [RatisPipelineUtilsThread] ERROR pipeline.SCMPipelineManager (Scheduler.java:lambda$schedule$1(70)) - Destroy pipeline failed for pipeline:Pipeline[ Id: 93324fbd-3721-4fab-88a8-42427ae515a8, Nodes: a5d3a44e-87a4-4ffe-bd57-d4dea2700ae7{ip: 192.168.151.75, host: pr-hdds-2114-2x2fm-437316914, networkLocation: /default-rack, certSerialId: null}08c3c9a3-c92b-48ae-803a-081cb99550ef{ip: 192.168.151.75, host: pr-hdds-2114-2x2fm-437316914, networkLocation: /default-rack, certSerialId: null}2565157f-9642-4f7c-bd15-58f431c5cf0a{ip: 192.168.151.75, host: pr-hdds-2114-2x2fm-437316914, networkLocation: /default-rack, certSerialId: null}, Type:RATIS, Factor:THREE, State:CLOSED]
org.apache.hadoop.hdds.scm.pipeline.PipelineNotFoundException: PipelineID=93324fbd-3721-4fab-88a8-42427ae515a8 not found
	at org.apache.hadoop.hdds.scm.pipeline.PipelineStateMap.getPipeline(PipelineStateMap.java:132)
	at org.apache.hadoop.hdds.scm.pipeline.PipelineStateMap.removePipeline(PipelineStateMap.java:322)
	at org.apache.hadoop.hdds.scm.pipeline.PipelineStateManager.removePipeline(PipelineStateManager.java:107)
	at org.apache.hadoop.hdds.scm.pipeline.SCMPipelineManager.removePipeline(SCMPipelineManager.java:423)
	at org.apache.hadoop.hdds.scm.pipeline.SCMPipelineManager.destroyPipeline(SCMPipelineManager.java:409)
	at org.apache.hadoop.hdds.scm.pipeline.SCMPipelineManager.lambda$finalizeAndDestroyPipeline$0(SCMPipelineManager.java:318)
	at org.apache.hadoop.utils.Scheduler.lambda$schedule$1(Scheduler.java:68)
	at java.util.concurrent.Executors$RunnableAdapter.call(Executors.java:511)
	at java.util.concurrent.FutureTask.run(FutureTask.java:266)
	at java.util.concurrent.ScheduledThreadPoolExecutor$ScheduledFutureTask.access$201(ScheduledThreadPoolExecutor.java:180)
	at java.util.concurrent.ScheduledThreadPoolExecutor$ScheduledFutureTask.run(ScheduledThreadPoolExecutor.java:293)
	at java.util.concurrent.ThreadPoolExecutor.runWorker(ThreadPoolExecutor.java:1149)
	at java.util.concurrent.ThreadPoolExecutor$Worker.run(ThreadPoolExecutor.java:624)
	at java.lang.Thread.run(Thread.java:748)
2019-09-16 17:29:24,807 [java.util.concurrent.ThreadPoolExecutor$Worker@7b4d20f6[State = -1, empty queue]] WARN  server.GrpcLogAppender (GrpcLogAppender.java:timeoutAppendRequest(200)) - 04cc0e6b-c1eb-454c-b8ab-76b776566c09@group-A8369B54D72C->973364aa-0999-42fb-b1e3-8ec50fd7232a-GrpcLogAppender: appendEntries Timeout, request=04cc0e6b-c1eb-454c-b8ab-76b776566c09->973364aa-0999-42fb-b1e3-8ec50fd7232a#185-t1, previous=(t:1, i:19), leaderCommit=13, initializing? false, entries: <empty>
2019-09-16 17:29:24,807 [java.util.concurrent.ThreadPoolExecutor$Worker@4b1e9ead[State = -1, empty queue]] WARN  server.GrpcLogAppender (GrpcLogAppender.java:timeoutAppendRequest(200)) - 04cc0e6b-c1eb-454c-b8ab-76b776566c09@group-A8369B54D72C->2ad8b8a5-9b47-4134-85fe-629322b782ac-GrpcLogAppender: appendEntries Timeout, request=04cc0e6b-c1eb-454c-b8ab-76b776566c09->2ad8b8a5-9b47-4134-85fe-629322b782ac#185-t1, previous=(t:1, i:19), leaderCommit=13, initializing? false, entries: <empty>
2019-09-16 17:29:26,413 [grpc-default-executor-8] INFO  impl.RaftServerProxy (RaftServerProxy.java:remove(95)) - a5d3a44e-87a4-4ffe-bd57-d4dea2700ae7: remove group-42427AE515A8:null
2019-09-16 17:29:26,416 [RatisPipelineUtilsThread] WARN  pipeline.RatisPipelineUtils (RatisPipelineUtils.java:destroyPipeline(66)) - Pipeline destroy failed for pipeline=PipelineID=93324fbd-3721-4fab-88a8-42427ae515a8 dn=a5d3a44e-87a4-4ffe-bd57-d4dea2700ae7{ip: 192.168.151.75, host: pr-hdds-2114-2x2fm-437316914, networkLocation: /default-rack, certSerialId: null}
2019-09-16 17:29:26,419 [grpc-default-executor-8] INFO  impl.RaftServerProxy (RaftServerProxy.java:remove(95)) - 08c3c9a3-c92b-48ae-803a-081cb99550ef: remove group-42427AE515A8:null
2019-09-16 17:29:26,421 [RatisPipelineUtilsThread] WARN  pipeline.RatisPipelineUtils (RatisPipelineUtils.java:destroyPipeline(66)) - Pipeline destroy failed for pipeline=PipelineID=93324fbd-3721-4fab-88a8-42427ae515a8 dn=08c3c9a3-c92b-48ae-803a-081cb99550ef{ip: 192.168.151.75, host: pr-hdds-2114-2x2fm-437316914, networkLocation: /default-rack, certSerialId: null}
2019-09-16 17:29:26,423 [grpc-default-executor-8] INFO  impl.RaftServerProxy (RaftServerProxy.java:remove(95)) - 2565157f-9642-4f7c-bd15-58f431c5cf0a: remove group-42427AE515A8:null
2019-09-16 17:29:26,426 [RatisPipelineUtilsThread] WARN  pipeline.RatisPipelineUtils (RatisPipelineUtils.java:destroyPipeline(66)) - Pipeline destroy failed for pipeline=PipelineID=93324fbd-3721-4fab-88a8-42427ae515a8 dn=2565157f-9642-4f7c-bd15-58f431c5cf0a{ip: 192.168.151.75, host: pr-hdds-2114-2x2fm-437316914, networkLocation: /default-rack, certSerialId: null}
2019-09-16 17:29:26,426 [RatisPipelineUtilsThread] ERROR pipeline.SCMPipelineManager (Scheduler.java:lambda$schedule$1(70)) - Destroy pipeline failed for pipeline:Pipeline[ Id: 93324fbd-3721-4fab-88a8-42427ae515a8, Nodes: a5d3a44e-87a4-4ffe-bd57-d4dea2700ae7{ip: 192.168.151.75, host: pr-hdds-2114-2x2fm-437316914, networkLocation: /default-rack, certSerialId: null}08c3c9a3-c92b-48ae-803a-081cb99550ef{ip: 192.168.151.75, host: pr-hdds-2114-2x2fm-437316914, networkLocation: /default-rack, certSerialId: null}2565157f-9642-4f7c-bd15-58f431c5cf0a{ip: 192.168.151.75, host: pr-hdds-2114-2x2fm-437316914, networkLocation: /default-rack, certSerialId: null}, Type:RATIS, Factor:THREE, State:CLOSED]
org.apache.hadoop.hdds.scm.pipeline.PipelineNotFoundException: PipelineID=93324fbd-3721-4fab-88a8-42427ae515a8 not found
	at org.apache.hadoop.hdds.scm.pipeline.PipelineStateMap.getPipeline(PipelineStateMap.java:132)
	at org.apache.hadoop.hdds.scm.pipeline.PipelineStateMap.removePipeline(PipelineStateMap.java:322)
	at org.apache.hadoop.hdds.scm.pipeline.PipelineStateManager.removePipeline(PipelineStateManager.java:107)
	at org.apache.hadoop.hdds.scm.pipeline.SCMPipelineManager.removePipeline(SCMPipelineManager.java:423)
	at org.apache.hadoop.hdds.scm.pipeline.SCMPipelineManager.destroyPipeline(SCMPipelineManager.java:409)
	at org.apache.hadoop.hdds.scm.pipeline.SCMPipelineManager.lambda$finalizeAndDestroyPipeline$0(SCMPipelineManager.java:318)
	at org.apache.hadoop.utils.Scheduler.lambda$schedule$1(Scheduler.java:68)
	at java.util.concurrent.Executors$RunnableAdapter.call(Executors.java:511)
	at java.util.concurrent.FutureTask.run(FutureTask.java:266)
	at java.util.concurrent.ScheduledThreadPoolExecutor$ScheduledFutureTask.access$201(ScheduledThreadPoolExecutor.java:180)
	at java.util.concurrent.ScheduledThreadPoolExecutor$ScheduledFutureTask.run(ScheduledThreadPoolExecutor.java:293)
	at java.util.concurrent.ThreadPoolExecutor.runWorker(ThreadPoolExecutor.java:1149)
	at java.util.concurrent.ThreadPoolExecutor$Worker.run(ThreadPoolExecutor.java:624)
	at java.lang.Thread.run(Thread.java:748)
2019-09-16 17:29:27,209 [grpc-default-executor-8] INFO  client.GrpcClientProtocolClient (GrpcClientProtocolClient.java:onNext(264)) - client-445BDAC7BDF9->2ad8b8a5-9b47-4134-85fe-629322b782ac: receive RaftClientReply:client-445BDAC7BDF9->2ad8b8a5-9b47-4134-85fe-629322b782ac@group-A8369B54D72C, cid=142, FAILED org.apache.ratis.protocol.NotLeaderException: Server 2ad8b8a5-9b47-4134-85fe-629322b782ac@group-A8369B54D72C is not the leader 04cc0e6b-c1eb-454c-b8ab-76b776566c09:192.168.151.75:34634, logIndex=0, commits[2ad8b8a5-9b47-4134-85fe-629322b782ac:c13, 04cc0e6b-c1eb-454c-b8ab-76b776566c09:c13, 973364aa-0999-42fb-b1e3-8ec50fd7232a:c12]
2019-09-16 17:29:27,307 [java.util.concurrent.ThreadPoolExecutor$Worker@7b4d20f6[State = -1, empty queue]] WARN  server.GrpcLogAppender (GrpcLogAppender.java:timeoutAppendRequest(200)) - 04cc0e6b-c1eb-454c-b8ab-76b776566c09@group-A8369B54D72C->973364aa-0999-42fb-b1e3-8ec50fd7232a-GrpcLogAppender: appendEntries Timeout, request=04cc0e6b-c1eb-454c-b8ab-76b776566c09->973364aa-0999-42fb-b1e3-8ec50fd7232a#186-t1, previous=(t:1, i:19), leaderCommit=13, initializing? false, entries: <empty>
2019-09-16 17:29:27,307 [java.util.concurrent.ThreadPoolExecutor$Worker@4b1e9ead[State = -1, empty queue]] WARN  server.GrpcLogAppender (GrpcLogAppender.java:timeoutAppendRequest(200)) - 04cc0e6b-c1eb-454c-b8ab-76b776566c09@group-A8369B54D72C->2ad8b8a5-9b47-4134-85fe-629322b782ac-GrpcLogAppender: appendEntries Timeout, request=04cc0e6b-c1eb-454c-b8ab-76b776566c09->2ad8b8a5-9b47-4134-85fe-629322b782ac#186-t1, previous=(t:1, i:19), leaderCommit=13, initializing? false, entries: <empty>
2019-09-16 17:29:29,420 [grpc-default-executor-6] INFO  impl.RaftServerProxy (RaftServerProxy.java:remove(95)) - a5d3a44e-87a4-4ffe-bd57-d4dea2700ae7: remove group-42427AE515A8:null
2019-09-16 17:29:29,425 [RatisPipelineUtilsThread] WARN  pipeline.RatisPipelineUtils (RatisPipelineUtils.java:destroyPipeline(66)) - Pipeline destroy failed for pipeline=PipelineID=93324fbd-3721-4fab-88a8-42427ae515a8 dn=a5d3a44e-87a4-4ffe-bd57-d4dea2700ae7{ip: 192.168.151.75, host: pr-hdds-2114-2x2fm-437316914, networkLocation: /default-rack, certSerialId: null}
2019-09-16 17:29:29,428 [grpc-default-executor-6] INFO  impl.RaftServerProxy (RaftServerProxy.java:remove(95)) - 08c3c9a3-c92b-48ae-803a-081cb99550ef: remove group-42427AE515A8:null
2019-09-16 17:29:29,430 [RatisPipelineUtilsThread] WARN  pipeline.RatisPipelineUtils (RatisPipelineUtils.java:destroyPipeline(66)) - Pipeline destroy failed for pipeline=PipelineID=93324fbd-3721-4fab-88a8-42427ae515a8 dn=08c3c9a3-c92b-48ae-803a-081cb99550ef{ip: 192.168.151.75, host: pr-hdds-2114-2x2fm-437316914, networkLocation: /default-rack, certSerialId: null}
2019-09-16 17:29:29,433 [grpc-default-executor-6] INFO  impl.RaftServerProxy (RaftServerProxy.java:remove(95)) - 2565157f-9642-4f7c-bd15-58f431c5cf0a: remove group-42427AE515A8:null
2019-09-16 17:29:29,435 [RatisPipelineUtilsThread] WARN  pipeline.RatisPipelineUtils (RatisPipelineUtils.java:destroyPipeline(66)) - Pipeline destroy failed for pipeline=PipelineID=93324fbd-3721-4fab-88a8-42427ae515a8 dn=2565157f-9642-4f7c-bd15-58f431c5cf0a{ip: 192.168.151.75, host: pr-hdds-2114-2x2fm-437316914, networkLocation: /default-rack, certSerialId: null}
2019-09-16 17:29:29,436 [RatisPipelineUtilsThread] ERROR pipeline.SCMPipelineManager (Scheduler.java:lambda$schedule$1(70)) - Destroy pipeline failed for pipeline:Pipeline[ Id: 93324fbd-3721-4fab-88a8-42427ae515a8, Nodes: a5d3a44e-87a4-4ffe-bd57-d4dea2700ae7{ip: 192.168.151.75, host: pr-hdds-2114-2x2fm-437316914, networkLocation: /default-rack, certSerialId: null}08c3c9a3-c92b-48ae-803a-081cb99550ef{ip: 192.168.151.75, host: pr-hdds-2114-2x2fm-437316914, networkLocation: /default-rack, certSerialId: null}2565157f-9642-4f7c-bd15-58f431c5cf0a{ip: 192.168.151.75, host: pr-hdds-2114-2x2fm-437316914, networkLocation: /default-rack, certSerialId: null}, Type:RATIS, Factor:THREE, State:CLOSED]
org.apache.hadoop.hdds.scm.pipeline.PipelineNotFoundException: PipelineID=93324fbd-3721-4fab-88a8-42427ae515a8 not found
	at org.apache.hadoop.hdds.scm.pipeline.PipelineStateMap.getPipeline(PipelineStateMap.java:132)
	at org.apache.hadoop.hdds.scm.pipeline.PipelineStateMap.removePipeline(PipelineStateMap.java:322)
	at org.apache.hadoop.hdds.scm.pipeline.PipelineStateManager.removePipeline(PipelineStateManager.java:107)
	at org.apache.hadoop.hdds.scm.pipeline.SCMPipelineManager.removePipeline(SCMPipelineManager.java:423)
	at org.apache.hadoop.hdds.scm.pipeline.SCMPipelineManager.destroyPipeline(SCMPipelineManager.java:409)
	at org.apache.hadoop.hdds.scm.pipeline.SCMPipelineManager.lambda$finalizeAndDestroyPipeline$0(SCMPipelineManager.java:318)
	at org.apache.hadoop.utils.Scheduler.lambda$schedule$1(Scheduler.java:68)
	at java.util.concurrent.Executors$RunnableAdapter.call(Executors.java:511)
	at java.util.concurrent.FutureTask.run(FutureTask.java:266)
	at java.util.concurrent.ScheduledThreadPoolExecutor$ScheduledFutureTask.access$201(ScheduledThreadPoolExecutor.java:180)
	at java.util.concurrent.ScheduledThreadPoolExecutor$ScheduledFutureTask.run(ScheduledThreadPoolExecutor.java:293)
	at java.util.concurrent.ThreadPoolExecutor.runWorker(ThreadPoolExecutor.java:1149)
	at java.util.concurrent.ThreadPoolExecutor$Worker.run(ThreadPoolExecutor.java:624)
	at java.lang.Thread.run(Thread.java:748)
2019-09-16 17:29:29,807 [java.util.concurrent.ThreadPoolExecutor$Worker@7b4d20f6[State = -1, empty queue]] WARN  server.GrpcLogAppender (GrpcLogAppender.java:timeoutAppendRequest(200)) - 04cc0e6b-c1eb-454c-b8ab-76b776566c09@group-A8369B54D72C->973364aa-0999-42fb-b1e3-8ec50fd7232a-GrpcLogAppender: appendEntries Timeout, request=04cc0e6b-c1eb-454c-b8ab-76b776566c09->973364aa-0999-42fb-b1e3-8ec50fd7232a#187-t1, previous=(t:1, i:19), leaderCommit=13, initializing? false, entries: <empty>
2019-09-16 17:29:29,807 [java.util.concurrent.ThreadPoolExecutor$Worker@4b1e9ead[State = -1, empty queue]] WARN  server.GrpcLogAppender (GrpcLogAppender.java:timeoutAppendRequest(200)) - 04cc0e6b-c1eb-454c-b8ab-76b776566c09@group-A8369B54D72C->2ad8b8a5-9b47-4134-85fe-629322b782ac-GrpcLogAppender: appendEntries Timeout, request=04cc0e6b-c1eb-454c-b8ab-76b776566c09->2ad8b8a5-9b47-4134-85fe-629322b782ac#187-t1, previous=(t:1, i:19), leaderCommit=13, initializing? false, entries: <empty>
2019-09-16 17:29:31,415 [grpc-default-executor-8] INFO  impl.RaftServerProxy (RaftServerProxy.java:remove(95)) - a5d3a44e-87a4-4ffe-bd57-d4dea2700ae7: remove group-42427AE515A8:null
2019-09-16 17:29:31,419 [RatisPipelineUtilsThread] WARN  pipeline.RatisPipelineUtils (RatisPipelineUtils.java:destroyPipeline(66)) - Pipeline destroy failed for pipeline=PipelineID=93324fbd-3721-4fab-88a8-42427ae515a8 dn=a5d3a44e-87a4-4ffe-bd57-d4dea2700ae7{ip: 192.168.151.75, host: pr-hdds-2114-2x2fm-437316914, networkLocation: /default-rack, certSerialId: null}
2019-09-16 17:29:31,421 [grpc-default-executor-8] INFO  impl.RaftServerProxy (RaftServerProxy.java:remove(95)) - 08c3c9a3-c92b-48ae-803a-081cb99550ef: remove group-42427AE515A8:null
2019-09-16 17:29:31,423 [RatisPipelineUtilsThread] WARN  pipeline.RatisPipelineUtils (RatisPipelineUtils.java:destroyPipeline(66)) - Pipeline destroy failed for pipeline=PipelineID=93324fbd-3721-4fab-88a8-42427ae515a8 dn=08c3c9a3-c92b-48ae-803a-081cb99550ef{ip: 192.168.151.75, host: pr-hdds-2114-2x2fm-437316914, networkLocation: /default-rack, certSerialId: null}
2019-09-16 17:29:31,426 [grpc-default-executor-8] INFO  impl.RaftServerProxy (RaftServerProxy.java:remove(95)) - 2565157f-9642-4f7c-bd15-58f431c5cf0a: remove group-42427AE515A8:null
2019-09-16 17:29:31,428 [RatisPipelineUtilsThread] WARN  pipeline.RatisPipelineUtils (RatisPipelineUtils.java:destroyPipeline(66)) - Pipeline destroy failed for pipeline=PipelineID=93324fbd-3721-4fab-88a8-42427ae515a8 dn=2565157f-9642-4f7c-bd15-58f431c5cf0a{ip: 192.168.151.75, host: pr-hdds-2114-2x2fm-437316914, networkLocation: /default-rack, certSerialId: null}
2019-09-16 17:29:31,428 [RatisPipelineUtilsThread] ERROR pipeline.SCMPipelineManager (Scheduler.java:lambda$schedule$1(70)) - Destroy pipeline failed for pipeline:Pipeline[ Id: 93324fbd-3721-4fab-88a8-42427ae515a8, Nodes: a5d3a44e-87a4-4ffe-bd57-d4dea2700ae7{ip: 192.168.151.75, host: pr-hdds-2114-2x2fm-437316914, networkLocation: /default-rack, certSerialId: null}08c3c9a3-c92b-48ae-803a-081cb99550ef{ip: 192.168.151.75, host: pr-hdds-2114-2x2fm-437316914, networkLocation: /default-rack, certSerialId: null}2565157f-9642-4f7c-bd15-58f431c5cf0a{ip: 192.168.151.75, host: pr-hdds-2114-2x2fm-437316914, networkLocation: /default-rack, certSerialId: null}, Type:RATIS, Factor:THREE, State:CLOSED]
org.apache.hadoop.hdds.scm.pipeline.PipelineNotFoundException: PipelineID=93324fbd-3721-4fab-88a8-42427ae515a8 not found
	at org.apache.hadoop.hdds.scm.pipeline.PipelineStateMap.getPipeline(PipelineStateMap.java:132)
	at org.apache.hadoop.hdds.scm.pipeline.PipelineStateMap.removePipeline(PipelineStateMap.java:322)
	at org.apache.hadoop.hdds.scm.pipeline.PipelineStateManager.removePipeline(PipelineStateManager.java:107)
	at org.apache.hadoop.hdds.scm.pipeline.SCMPipelineManager.removePipeline(SCMPipelineManager.java:423)
	at org.apache.hadoop.hdds.scm.pipeline.SCMPipelineManager.destroyPipeline(SCMPipelineManager.java:409)
	at org.apache.hadoop.hdds.scm.pipeline.SCMPipelineManager.lambda$finalizeAndDestroyPipeline$0(SCMPipelineManager.java:318)
	at org.apache.hadoop.utils.Scheduler.lambda$schedule$1(Scheduler.java:68)
	at java.util.concurrent.Executors$RunnableAdapter.call(Executors.java:511)
	at java.util.concurrent.FutureTask.run(FutureTask.java:266)
	at java.util.concurrent.ScheduledThreadPoolExecutor$ScheduledFutureTask.access$201(ScheduledThreadPoolExecutor.java:180)
	at java.util.concurrent.ScheduledThreadPoolExecutor$ScheduledFutureTask.run(ScheduledThreadPoolExecutor.java:293)
	at java.util.concurrent.ThreadPoolExecutor.runWorker(ThreadPoolExecutor.java:1149)
	at java.util.concurrent.ThreadPoolExecutor$Worker.run(ThreadPoolExecutor.java:624)
	at java.lang.Thread.run(Thread.java:748)
2019-09-16 17:29:31,800 [04cc0e6b-c1eb-454c-b8ab-76b776566c09@group-A8369B54D72C-SegmentedRaftLogWorker] WARN  segmented.SegmentedRaftLogWorker (SegmentedRaftLogWorker.java:getFromFuture(90)) - Timeout 3/~
org.apache.ratis.protocol.TimeoutIOException: Timeout 10s: WriteLog:14: (t:1, i:14), STATEMACHINELOGENTRY, client-445BDAC7BDF9, cid=142-writeStateMachineData
	at org.apache.ratis.util.IOUtils.getFromFuture(IOUtils.java:87)
	at org.apache.ratis.server.raftlog.segmented.SegmentedRaftLogWorker$StateMachineDataPolicy.getFromFuture(SegmentedRaftLogWorker.java:87)
	at org.apache.ratis.server.raftlog.segmented.SegmentedRaftLogWorker$WriteLog.execute(SegmentedRaftLogWorker.java:477)
	at org.apache.ratis.server.raftlog.segmented.SegmentedRaftLogWorker.run(SegmentedRaftLogWorker.java:289)
	at java.lang.Thread.run(Thread.java:748)
Caused by: java.util.concurrent.TimeoutException
	at java.util.concurrent.CompletableFuture.timedGet(CompletableFuture.java:1771)
	at java.util.concurrent.CompletableFuture.get(CompletableFuture.java:1915)
	at org.apache.ratis.util.IOUtils.getFromFuture(IOUtils.java:79)
	... 4 more
2019-09-16 17:29:31,800 [2ad8b8a5-9b47-4134-85fe-629322b782ac@group-A8369B54D72C-SegmentedRaftLogWorker] WARN  segmented.SegmentedRaftLogWorker (SegmentedRaftLogWorker.java:getFromFuture(90)) - Timeout 3/~
org.apache.ratis.protocol.TimeoutIOException: Timeout 10s: WriteLog:14: (t:1, i:14), STATEMACHINELOGENTRY, client-445BDAC7BDF9, cid=142-writeStateMachineData
	at org.apache.ratis.util.IOUtils.getFromFuture(IOUtils.java:87)
	at org.apache.ratis.server.raftlog.segmented.SegmentedRaftLogWorker$StateMachineDataPolicy.getFromFuture(SegmentedRaftLogWorker.java:87)
	at org.apache.ratis.server.raftlog.segmented.SegmentedRaftLogWorker$WriteLog.execute(SegmentedRaftLogWorker.java:477)
	at org.apache.ratis.server.raftlog.segmented.SegmentedRaftLogWorker.run(SegmentedRaftLogWorker.java:289)
	at java.lang.Thread.run(Thread.java:748)
Caused by: java.util.concurrent.TimeoutException
	at java.util.concurrent.CompletableFuture.timedGet(CompletableFuture.java:1771)
	at java.util.concurrent.CompletableFuture.get(CompletableFuture.java:1915)
	at org.apache.ratis.util.IOUtils.getFromFuture(IOUtils.java:79)
	... 4 more
2019-09-16 17:29:31,800 [973364aa-0999-42fb-b1e3-8ec50fd7232a@group-A8369B54D72C-SegmentedRaftLogWorker] WARN  segmented.SegmentedRaftLogWorker (SegmentedRaftLogWorker.java:getFromFuture(90)) - Timeout 3/~
org.apache.ratis.protocol.TimeoutIOException: Timeout 10s: WriteLog:14: (t:1, i:14), STATEMACHINELOGENTRY, client-445BDAC7BDF9, cid=142-writeStateMachineData
	at org.apache.ratis.util.IOUtils.getFromFuture(IOUtils.java:87)
	at org.apache.ratis.server.raftlog.segmented.SegmentedRaftLogWorker$StateMachineDataPolicy.getFromFuture(SegmentedRaftLogWorker.java:87)
	at org.apache.ratis.server.raftlog.segmented.SegmentedRaftLogWorker$WriteLog.execute(SegmentedRaftLogWorker.java:477)
	at org.apache.ratis.server.raftlog.segmented.SegmentedRaftLogWorker.run(SegmentedRaftLogWorker.java:289)
	at java.lang.Thread.run(Thread.java:748)
Caused by: java.util.concurrent.TimeoutException
	at java.util.concurrent.CompletableFuture.timedGet(CompletableFuture.java:1771)
	at java.util.concurrent.CompletableFuture.get(CompletableFuture.java:1915)
	at org.apache.ratis.util.IOUtils.getFromFuture(IOUtils.java:79)
	... 4 more
2019-09-16 17:29:32,258 [grpc-default-executor-6] INFO  client.GrpcClientProtocolClient (GrpcClientProtocolClient.java:onNext(264)) - client-445BDAC7BDF9->973364aa-0999-42fb-b1e3-8ec50fd7232a: receive RaftClientReply:client-445BDAC7BDF9->973364aa-0999-42fb-b1e3-8ec50fd7232a@group-A8369B54D72C, cid=142, FAILED org.apache.ratis.protocol.NotLeaderException: Server 973364aa-0999-42fb-b1e3-8ec50fd7232a@group-A8369B54D72C is not the leader 04cc0e6b-c1eb-454c-b8ab-76b776566c09:192.168.151.75:34634, logIndex=0, commits[973364aa-0999-42fb-b1e3-8ec50fd7232a:c13, 04cc0e6b-c1eb-454c-b8ab-76b776566c09:c13, 2ad8b8a5-9b47-4134-85fe-629322b782ac:c12]
2019-09-16 17:29:32,308 [java.util.concurrent.ThreadPoolExecutor$Worker@4b1e9ead[State = -1, empty queue]] WARN  server.GrpcLogAppender (GrpcLogAppender.java:timeoutAppendRequest(200)) - 04cc0e6b-c1eb-454c-b8ab-76b776566c09@group-A8369B54D72C->2ad8b8a5-9b47-4134-85fe-629322b782ac-GrpcLogAppender: appendEntries Timeout, request=04cc0e6b-c1eb-454c-b8ab-76b776566c09->2ad8b8a5-9b47-4134-85fe-629322b782ac#188-t1, previous=(t:1, i:19), leaderCommit=13, initializing? false, entries: <empty>
2019-09-16 17:29:32,308 [java.util.concurrent.ThreadPoolExecutor$Worker@7b4d20f6[State = -1, empty queue]] WARN  server.GrpcLogAppender (GrpcLogAppender.java:timeoutAppendRequest(200)) - 04cc0e6b-c1eb-454c-b8ab-76b776566c09@group-A8369B54D72C->973364aa-0999-42fb-b1e3-8ec50fd7232a-GrpcLogAppender: appendEntries Timeout, request=04cc0e6b-c1eb-454c-b8ab-76b776566c09->973364aa-0999-42fb-b1e3-8ec50fd7232a#188-t1, previous=(t:1, i:19), leaderCommit=13, initializing? false, entries: <empty>
2019-09-16 17:29:34,418 [grpc-default-executor-8] INFO  impl.RaftServerProxy (RaftServerProxy.java:remove(95)) - a5d3a44e-87a4-4ffe-bd57-d4dea2700ae7: remove group-42427AE515A8:null
2019-09-16 17:29:34,422 [RatisPipelineUtilsThread] WARN  pipeline.RatisPipelineUtils (RatisPipelineUtils.java:destroyPipeline(66)) - Pipeline destroy failed for pipeline=PipelineID=93324fbd-3721-4fab-88a8-42427ae515a8 dn=a5d3a44e-87a4-4ffe-bd57-d4dea2700ae7{ip: 192.168.151.75, host: pr-hdds-2114-2x2fm-437316914, networkLocation: /default-rack, certSerialId: null}
2019-09-16 17:29:34,425 [grpc-default-executor-8] INFO  impl.RaftServerProxy (RaftServerProxy.java:remove(95)) - 08c3c9a3-c92b-48ae-803a-081cb99550ef: remove group-42427AE515A8:null
2019-09-16 17:29:34,427 [RatisPipelineUtilsThread] WARN  pipeline.RatisPipelineUtils (RatisPipelineUtils.java:destroyPipeline(66)) - Pipeline destroy failed for pipeline=PipelineID=93324fbd-3721-4fab-88a8-42427ae515a8 dn=08c3c9a3-c92b-48ae-803a-081cb99550ef{ip: 192.168.151.75, host: pr-hdds-2114-2x2fm-437316914, networkLocation: /default-rack, certSerialId: null}
2019-09-16 17:29:34,430 [grpc-default-executor-8] INFO  impl.RaftServerProxy (RaftServerProxy.java:remove(95)) - 2565157f-9642-4f7c-bd15-58f431c5cf0a: remove group-42427AE515A8:null
2019-09-16 17:29:34,432 [RatisPipelineUtilsThread] WARN  pipeline.RatisPipelineUtils (RatisPipelineUtils.java:destroyPipeline(66)) - Pipeline destroy failed for pipeline=PipelineID=93324fbd-3721-4fab-88a8-42427ae515a8 dn=2565157f-9642-4f7c-bd15-58f431c5cf0a{ip: 192.168.151.75, host: pr-hdds-2114-2x2fm-437316914, networkLocation: /default-rack, certSerialId: null}
2019-09-16 17:29:34,432 [RatisPipelineUtilsThread] ERROR pipeline.SCMPipelineManager (Scheduler.java:lambda$schedule$1(70)) - Destroy pipeline failed for pipeline:Pipeline[ Id: 93324fbd-3721-4fab-88a8-42427ae515a8, Nodes: a5d3a44e-87a4-4ffe-bd57-d4dea2700ae7{ip: 192.168.151.75, host: pr-hdds-2114-2x2fm-437316914, networkLocation: /default-rack, certSerialId: null}08c3c9a3-c92b-48ae-803a-081cb99550ef{ip: 192.168.151.75, host: pr-hdds-2114-2x2fm-437316914, networkLocation: /default-rack, certSerialId: null}2565157f-9642-4f7c-bd15-58f431c5cf0a{ip: 192.168.151.75, host: pr-hdds-2114-2x2fm-437316914, networkLocation: /default-rack, certSerialId: null}, Type:RATIS, Factor:THREE, State:CLOSED]
org.apache.hadoop.hdds.scm.pipeline.PipelineNotFoundException: PipelineID=93324fbd-3721-4fab-88a8-42427ae515a8 not found
	at org.apache.hadoop.hdds.scm.pipeline.PipelineStateMap.getPipeline(PipelineStateMap.java:132)
	at org.apache.hadoop.hdds.scm.pipeline.PipelineStateMap.removePipeline(PipelineStateMap.java:322)
	at org.apache.hadoop.hdds.scm.pipeline.PipelineStateManager.removePipeline(PipelineStateManager.java:107)
	at org.apache.hadoop.hdds.scm.pipeline.SCMPipelineManager.removePipeline(SCMPipelineManager.java:423)
	at org.apache.hadoop.hdds.scm.pipeline.SCMPipelineManager.destroyPipeline(SCMPipelineManager.java:409)
	at org.apache.hadoop.hdds.scm.pipeline.SCMPipelineManager.lambda$finalizeAndDestroyPipeline$0(SCMPipelineManager.java:318)
	at org.apache.hadoop.utils.Scheduler.lambda$schedule$1(Scheduler.java:68)
	at java.util.concurrent.Executors$RunnableAdapter.call(Executors.java:511)
	at java.util.concurrent.FutureTask.run(FutureTask.java:266)
	at java.util.concurrent.ScheduledThreadPoolExecutor$ScheduledFutureTask.access$201(ScheduledThreadPoolExecutor.java:180)
	at java.util.concurrent.ScheduledThreadPoolExecutor$ScheduledFutureTask.run(ScheduledThreadPoolExecutor.java:293)
	at java.util.concurrent.ThreadPoolExecutor.runWorker(ThreadPoolExecutor.java:1149)
	at java.util.concurrent.ThreadPoolExecutor$Worker.run(ThreadPoolExecutor.java:624)
	at java.lang.Thread.run(Thread.java:748)
2019-09-16 17:29:34,809 [java.util.concurrent.ThreadPoolExecutor$Worker@7b4d20f6[State = -1, empty queue]] WARN  server.GrpcLogAppender (GrpcLogAppender.java:timeoutAppendRequest(200)) - 04cc0e6b-c1eb-454c-b8ab-76b776566c09@group-A8369B54D72C->973364aa-0999-42fb-b1e3-8ec50fd7232a-GrpcLogAppender: appendEntries Timeout, request=04cc0e6b-c1eb-454c-b8ab-76b776566c09->973364aa-0999-42fb-b1e3-8ec50fd7232a#189-t1, previous=(t:1, i:19), leaderCommit=13, initializing? false, entries: <empty>
2019-09-16 17:29:34,809 [java.util.concurrent.ThreadPoolExecutor$Worker@4b1e9ead[State = -1, empty queue]] WARN  server.GrpcLogAppender (GrpcLogAppender.java:timeoutAppendRequest(200)) - 04cc0e6b-c1eb-454c-b8ab-76b776566c09@group-A8369B54D72C->2ad8b8a5-9b47-4134-85fe-629322b782ac-GrpcLogAppender: appendEntries Timeout, request=04cc0e6b-c1eb-454c-b8ab-76b776566c09->2ad8b8a5-9b47-4134-85fe-629322b782ac#189-t1, previous=(t:1, i:19), leaderCommit=13, initializing? false, entries: <empty>
2019-09-16 17:29:36,417 [grpc-default-executor-6] INFO  impl.RaftServerProxy (RaftServerProxy.java:remove(95)) - a5d3a44e-87a4-4ffe-bd57-d4dea2700ae7: remove group-42427AE515A8:null
2019-09-16 17:29:36,420 [RatisPipelineUtilsThread] WARN  pipeline.RatisPipelineUtils (RatisPipelineUtils.java:destroyPipeline(66)) - Pipeline destroy failed for pipeline=PipelineID=93324fbd-3721-4fab-88a8-42427ae515a8 dn=a5d3a44e-87a4-4ffe-bd57-d4dea2700ae7{ip: 192.168.151.75, host: pr-hdds-2114-2x2fm-437316914, networkLocation: /default-rack, certSerialId: null}
2019-09-16 17:29:36,423 [grpc-default-executor-6] INFO  impl.RaftServerProxy (RaftServerProxy.java:remove(95)) - 08c3c9a3-c92b-48ae-803a-081cb99550ef: remove group-42427AE515A8:null
2019-09-16 17:29:36,425 [RatisPipelineUtilsThread] WARN  pipeline.RatisPipelineUtils (RatisPipelineUtils.java:destroyPipeline(66)) - Pipeline destroy failed for pipeline=PipelineID=93324fbd-3721-4fab-88a8-42427ae515a8 dn=08c3c9a3-c92b-48ae-803a-081cb99550ef{ip: 192.168.151.75, host: pr-hdds-2114-2x2fm-437316914, networkLocation: /default-rack, certSerialId: null}
2019-09-16 17:29:36,428 [grpc-default-executor-6] INFO  impl.RaftServerProxy (RaftServerProxy.java:remove(95)) - 2565157f-9642-4f7c-bd15-58f431c5cf0a: remove group-42427AE515A8:null
2019-09-16 17:29:36,430 [RatisPipelineUtilsThread] WARN  pipeline.RatisPipelineUtils (RatisPipelineUtils.java:destroyPipeline(66)) - Pipeline destroy failed for pipeline=PipelineID=93324fbd-3721-4fab-88a8-42427ae515a8 dn=2565157f-9642-4f7c-bd15-58f431c5cf0a{ip: 192.168.151.75, host: pr-hdds-2114-2x2fm-437316914, networkLocation: /default-rack, certSerialId: null}
2019-09-16 17:29:36,431 [RatisPipelineUtilsThread] ERROR pipeline.SCMPipelineManager (Scheduler.java:lambda$schedule$1(70)) - Destroy pipeline failed for pipeline:Pipeline[ Id: 93324fbd-3721-4fab-88a8-42427ae515a8, Nodes: a5d3a44e-87a4-4ffe-bd57-d4dea2700ae7{ip: 192.168.151.75, host: pr-hdds-2114-2x2fm-437316914, networkLocation: /default-rack, certSerialId: null}08c3c9a3-c92b-48ae-803a-081cb99550ef{ip: 192.168.151.75, host: pr-hdds-2114-2x2fm-437316914, networkLocation: /default-rack, certSerialId: null}2565157f-9642-4f7c-bd15-58f431c5cf0a{ip: 192.168.151.75, host: pr-hdds-2114-2x2fm-437316914, networkLocation: /default-rack, certSerialId: null}, Type:RATIS, Factor:THREE, State:CLOSED]
org.apache.hadoop.hdds.scm.pipeline.PipelineNotFoundException: PipelineID=93324fbd-3721-4fab-88a8-42427ae515a8 not found
	at org.apache.hadoop.hdds.scm.pipeline.PipelineStateMap.getPipeline(PipelineStateMap.java:132)
	at org.apache.hadoop.hdds.scm.pipeline.PipelineStateMap.removePipeline(PipelineStateMap.java:322)
	at org.apache.hadoop.hdds.scm.pipeline.PipelineStateManager.removePipeline(PipelineStateManager.java:107)
	at org.apache.hadoop.hdds.scm.pipeline.SCMPipelineManager.removePipeline(SCMPipelineManager.java:423)
	at org.apache.hadoop.hdds.scm.pipeline.SCMPipelineManager.destroyPipeline(SCMPipelineManager.java:409)
	at org.apache.hadoop.hdds.scm.pipeline.SCMPipelineManager.lambda$finalizeAndDestroyPipeline$0(SCMPipelineManager.java:318)
	at org.apache.hadoop.utils.Scheduler.lambda$schedule$1(Scheduler.java:68)
	at java.util.concurrent.Executors$RunnableAdapter.call(Executors.java:511)
	at java.util.concurrent.FutureTask.run(FutureTask.java:266)
	at java.util.concurrent.ScheduledThreadPoolExecutor$ScheduledFutureTask.access$201(ScheduledThreadPoolExecutor.java:180)
	at java.util.concurrent.ScheduledThreadPoolExecutor$ScheduledFutureTask.run(ScheduledThreadPoolExecutor.java:293)
	at java.util.concurrent.ThreadPoolExecutor.runWorker(ThreadPoolExecutor.java:1149)
	at java.util.concurrent.ThreadPoolExecutor$Worker.run(ThreadPoolExecutor.java:624)
	at java.lang.Thread.run(Thread.java:748)
2019-09-16 17:29:37,309 [java.util.concurrent.ThreadPoolExecutor$Worker@4b1e9ead[State = -1, empty queue]] WARN  server.GrpcLogAppender (GrpcLogAppender.java:timeoutAppendRequest(200)) - 04cc0e6b-c1eb-454c-b8ab-76b776566c09@group-A8369B54D72C->2ad8b8a5-9b47-4134-85fe-629322b782ac-GrpcLogAppender: appendEntries Timeout, request=04cc0e6b-c1eb-454c-b8ab-76b776566c09->2ad8b8a5-9b47-4134-85fe-629322b782ac#190-t1, previous=(t:1, i:19), leaderCommit=13, initializing? false, entries: <empty>
2019-09-16 17:29:37,309 [java.util.concurrent.ThreadPoolExecutor$Worker@7b4d20f6[State = -1, empty queue]] WARN  server.GrpcLogAppender (GrpcLogAppender.java:timeoutAppendRequest(200)) - 04cc0e6b-c1eb-454c-b8ab-76b776566c09@group-A8369B54D72C->973364aa-0999-42fb-b1e3-8ec50fd7232a-GrpcLogAppender: appendEntries Timeout, request=04cc0e6b-c1eb-454c-b8ab-76b776566c09->973364aa-0999-42fb-b1e3-8ec50fd7232a#190-t1, previous=(t:1, i:19), leaderCommit=13, initializing? false, entries: <empty>
2019-09-16 17:29:37,321 [grpc-default-executor-8] INFO  client.GrpcClientProtocolClient (GrpcClientProtocolClient.java:onNext(264)) - client-445BDAC7BDF9->2ad8b8a5-9b47-4134-85fe-629322b782ac: receive RaftClientReply:client-445BDAC7BDF9->2ad8b8a5-9b47-4134-85fe-629322b782ac@group-A8369B54D72C, cid=142, FAILED org.apache.ratis.protocol.NotLeaderException: Server 2ad8b8a5-9b47-4134-85fe-629322b782ac@group-A8369B54D72C is not the leader 04cc0e6b-c1eb-454c-b8ab-76b776566c09:192.168.151.75:34634, logIndex=0, commits[2ad8b8a5-9b47-4134-85fe-629322b782ac:c13, 04cc0e6b-c1eb-454c-b8ab-76b776566c09:c13, 973364aa-0999-42fb-b1e3-8ec50fd7232a:c12]
2019-09-16 17:29:39,418 [grpc-default-executor-8] INFO  impl.RaftServerProxy (RaftServerProxy.java:remove(95)) - a5d3a44e-87a4-4ffe-bd57-d4dea2700ae7: remove group-42427AE515A8:null
2019-09-16 17:29:39,421 [RatisPipelineUtilsThread] WARN  pipeline.RatisPipelineUtils (RatisPipelineUtils.java:destroyPipeline(66)) - Pipeline destroy failed for pipeline=PipelineID=93324fbd-3721-4fab-88a8-42427ae515a8 dn=a5d3a44e-87a4-4ffe-bd57-d4dea2700ae7{ip: 192.168.151.75, host: pr-hdds-2114-2x2fm-437316914, networkLocation: /default-rack, certSerialId: null}
2019-09-16 17:29:39,424 [grpc-default-executor-8] INFO  impl.RaftServerProxy (RaftServerProxy.java:remove(95)) - 08c3c9a3-c92b-48ae-803a-081cb99550ef: remove group-42427AE515A8:null
2019-09-16 17:29:39,427 [RatisPipelineUtilsThread] WARN  pipeline.RatisPipelineUtils (RatisPipelineUtils.java:destroyPipeline(66)) - Pipeline destroy failed for pipeline=PipelineID=93324fbd-3721-4fab-88a8-42427ae515a8 dn=08c3c9a3-c92b-48ae-803a-081cb99550ef{ip: 192.168.151.75, host: pr-hdds-2114-2x2fm-437316914, networkLocation: /default-rack, certSerialId: null}
2019-09-16 17:29:39,429 [grpc-default-executor-8] INFO  impl.RaftServerProxy (RaftServerProxy.java:remove(95)) - 2565157f-9642-4f7c-bd15-58f431c5cf0a: remove group-42427AE515A8:null
2019-09-16 17:29:39,432 [RatisPipelineUtilsThread] WARN  pipeline.RatisPipelineUtils (RatisPipelineUtils.java:destroyPipeline(66)) - Pipeline destroy failed for pipeline=PipelineID=93324fbd-3721-4fab-88a8-42427ae515a8 dn=2565157f-9642-4f7c-bd15-58f431c5cf0a{ip: 192.168.151.75, host: pr-hdds-2114-2x2fm-437316914, networkLocation: /default-rack, certSerialId: null}
2019-09-16 17:29:39,432 [RatisPipelineUtilsThread] ERROR pipeline.SCMPipelineManager (Scheduler.java:lambda$schedule$1(70)) - Destroy pipeline failed for pipeline:Pipeline[ Id: 93324fbd-3721-4fab-88a8-42427ae515a8, Nodes: a5d3a44e-87a4-4ffe-bd57-d4dea2700ae7{ip: 192.168.151.75, host: pr-hdds-2114-2x2fm-437316914, networkLocation: /default-rack, certSerialId: null}08c3c9a3-c92b-48ae-803a-081cb99550ef{ip: 192.168.151.75, host: pr-hdds-2114-2x2fm-437316914, networkLocation: /default-rack, certSerialId: null}2565157f-9642-4f7c-bd15-58f431c5cf0a{ip: 192.168.151.75, host: pr-hdds-2114-2x2fm-437316914, networkLocation: /default-rack, certSerialId: null}, Type:RATIS, Factor:THREE, State:CLOSED]
org.apache.hadoop.hdds.scm.pipeline.PipelineNotFoundException: PipelineID=93324fbd-3721-4fab-88a8-42427ae515a8 not found
	at org.apache.hadoop.hdds.scm.pipeline.PipelineStateMap.getPipeline(PipelineStateMap.java:132)
	at org.apache.hadoop.hdds.scm.pipeline.PipelineStateMap.removePipeline(PipelineStateMap.java:322)
	at org.apache.hadoop.hdds.scm.pipeline.PipelineStateManager.removePipeline(PipelineStateManager.java:107)
	at org.apache.hadoop.hdds.scm.pipeline.SCMPipelineManager.removePipeline(SCMPipelineManager.java:423)
	at org.apache.hadoop.hdds.scm.pipeline.SCMPipelineManager.destroyPipeline(SCMPipelineManager.java:409)
	at org.apache.hadoop.hdds.scm.pipeline.SCMPipelineManager.lambda$finalizeAndDestroyPipeline$0(SCMPipelineManager.java:318)
	at org.apache.hadoop.utils.Scheduler.lambda$schedule$1(Scheduler.java:68)
	at java.util.concurrent.Executors$RunnableAdapter.call(Executors.java:511)
	at java.util.concurrent.FutureTask.run(FutureTask.java:266)
	at java.util.concurrent.ScheduledThreadPoolExecutor$ScheduledFutureTask.access$201(ScheduledThreadPoolExecutor.java:180)
	at java.util.concurrent.ScheduledThreadPoolExecutor$ScheduledFutureTask.run(ScheduledThreadPoolExecutor.java:293)
	at java.util.concurrent.ThreadPoolExecutor.runWorker(ThreadPoolExecutor.java:1149)
	at java.util.concurrent.ThreadPoolExecutor$Worker.run(ThreadPoolExecutor.java:624)
	at java.lang.Thread.run(Thread.java:748)
2019-09-16 17:29:39,809 [java.util.concurrent.ThreadPoolExecutor$Worker@7b4d20f6[State = -1, empty queue]] WARN  server.GrpcLogAppender (GrpcLogAppender.java:timeoutAppendRequest(200)) - 04cc0e6b-c1eb-454c-b8ab-76b776566c09@group-A8369B54D72C->973364aa-0999-42fb-b1e3-8ec50fd7232a-GrpcLogAppender: appendEntries Timeout, request=04cc0e6b-c1eb-454c-b8ab-76b776566c09->973364aa-0999-42fb-b1e3-8ec50fd7232a#191-t1, previous=(t:1, i:19), leaderCommit=13, initializing? false, entries: <empty>
2019-09-16 17:29:39,809 [java.util.concurrent.ThreadPoolExecutor$Worker@4b1e9ead[State = -1, empty queue]] WARN  server.GrpcLogAppender (GrpcLogAppender.java:timeoutAppendRequest(200)) - 04cc0e6b-c1eb-454c-b8ab-76b776566c09@group-A8369B54D72C->2ad8b8a5-9b47-4134-85fe-629322b782ac-GrpcLogAppender: appendEntries Timeout, request=04cc0e6b-c1eb-454c-b8ab-76b776566c09->2ad8b8a5-9b47-4134-85fe-629322b782ac#191-t1, previous=(t:1, i:19), leaderCommit=13, initializing? false, entries: <empty>
2019-09-16 17:29:41,418 [grpc-default-executor-6] INFO  impl.RaftServerProxy (RaftServerProxy.java:remove(95)) - a5d3a44e-87a4-4ffe-bd57-d4dea2700ae7: remove group-42427AE515A8:null
2019-09-16 17:29:41,421 [RatisPipelineUtilsThread] WARN  pipeline.RatisPipelineUtils (RatisPipelineUtils.java:destroyPipeline(66)) - Pipeline destroy failed for pipeline=PipelineID=93324fbd-3721-4fab-88a8-42427ae515a8 dn=a5d3a44e-87a4-4ffe-bd57-d4dea2700ae7{ip: 192.168.151.75, host: pr-hdds-2114-2x2fm-437316914, networkLocation: /default-rack, certSerialId: null}
2019-09-16 17:29:41,424 [grpc-default-executor-6] INFO  impl.RaftServerProxy (RaftServerProxy.java:remove(95)) - 08c3c9a3-c92b-48ae-803a-081cb99550ef: remove group-42427AE515A8:null
2019-09-16 17:29:41,426 [RatisPipelineUtilsThread] WARN  pipeline.RatisPipelineUtils (RatisPipelineUtils.java:destroyPipeline(66)) - Pipeline destroy failed for pipeline=PipelineID=93324fbd-3721-4fab-88a8-42427ae515a8 dn=08c3c9a3-c92b-48ae-803a-081cb99550ef{ip: 192.168.151.75, host: pr-hdds-2114-2x2fm-437316914, networkLocation: /default-rack, certSerialId: null}
2019-09-16 17:29:41,428 [grpc-default-executor-6] INFO  impl.RaftServerProxy (RaftServerProxy.java:remove(95)) - 2565157f-9642-4f7c-bd15-58f431c5cf0a: remove group-42427AE515A8:null
2019-09-16 17:29:41,431 [RatisPipelineUtilsThread] WARN  pipeline.RatisPipelineUtils (RatisPipelineUtils.java:destroyPipeline(66)) - Pipeline destroy failed for pipeline=PipelineID=93324fbd-3721-4fab-88a8-42427ae515a8 dn=2565157f-9642-4f7c-bd15-58f431c5cf0a{ip: 192.168.151.75, host: pr-hdds-2114-2x2fm-437316914, networkLocation: /default-rack, certSerialId: null}
2019-09-16 17:29:41,431 [RatisPipelineUtilsThread] ERROR pipeline.SCMPipelineManager (Scheduler.java:lambda$schedule$1(70)) - Destroy pipeline failed for pipeline:Pipeline[ Id: 93324fbd-3721-4fab-88a8-42427ae515a8, Nodes: a5d3a44e-87a4-4ffe-bd57-d4dea2700ae7{ip: 192.168.151.75, host: pr-hdds-2114-2x2fm-437316914, networkLocation: /default-rack, certSerialId: null}08c3c9a3-c92b-48ae-803a-081cb99550ef{ip: 192.168.151.75, host: pr-hdds-2114-2x2fm-437316914, networkLocation: /default-rack, certSerialId: null}2565157f-9642-4f7c-bd15-58f431c5cf0a{ip: 192.168.151.75, host: pr-hdds-2114-2x2fm-437316914, networkLocation: /default-rack, certSerialId: null}, Type:RATIS, Factor:THREE, State:CLOSED]
org.apache.hadoop.hdds.scm.pipeline.PipelineNotFoundException: PipelineID=93324fbd-3721-4fab-88a8-42427ae515a8 not found
	at org.apache.hadoop.hdds.scm.pipeline.PipelineStateMap.getPipeline(PipelineStateMap.java:132)
	at org.apache.hadoop.hdds.scm.pipeline.PipelineStateMap.removePipeline(PipelineStateMap.java:322)
	at org.apache.hadoop.hdds.scm.pipeline.PipelineStateManager.removePipeline(PipelineStateManager.java:107)
	at org.apache.hadoop.hdds.scm.pipeline.SCMPipelineManager.removePipeline(SCMPipelineManager.java:423)
	at org.apache.hadoop.hdds.scm.pipeline.SCMPipelineManager.destroyPipeline(SCMPipelineManager.java:409)
	at org.apache.hadoop.hdds.scm.pipeline.SCMPipelineManager.lambda$finalizeAndDestroyPipeline$0(SCMPipelineManager.java:318)
	at org.apache.hadoop.utils.Scheduler.lambda$schedule$1(Scheduler.java:68)
	at java.util.concurrent.Executors$RunnableAdapter.call(Executors.java:511)
	at java.util.concurrent.FutureTask.run(FutureTask.java:266)
	at java.util.concurrent.ScheduledThreadPoolExecutor$ScheduledFutureTask.access$201(ScheduledThreadPoolExecutor.java:180)
	at java.util.concurrent.ScheduledThreadPoolExecutor$ScheduledFutureTask.run(ScheduledThreadPoolExecutor.java:293)
	at java.util.concurrent.ThreadPoolExecutor.runWorker(ThreadPoolExecutor.java:1149)
	at java.util.concurrent.ThreadPoolExecutor$Worker.run(ThreadPoolExecutor.java:624)
	at java.lang.Thread.run(Thread.java:748)
2019-09-16 17:29:41,801 [04cc0e6b-c1eb-454c-b8ab-76b776566c09@group-A8369B54D72C-SegmentedRaftLogWorker] WARN  segmented.SegmentedRaftLogWorker (SegmentedRaftLogWorker.java:getFromFuture(90)) - Timeout 4/~
org.apache.ratis.protocol.TimeoutIOException: Timeout 10s: WriteLog:14: (t:1, i:14), STATEMACHINELOGENTRY, client-445BDAC7BDF9, cid=142-writeStateMachineData
	at org.apache.ratis.util.IOUtils.getFromFuture(IOUtils.java:87)
	at org.apache.ratis.server.raftlog.segmented.SegmentedRaftLogWorker$StateMachineDataPolicy.getFromFuture(SegmentedRaftLogWorker.java:87)
	at org.apache.ratis.server.raftlog.segmented.SegmentedRaftLogWorker$WriteLog.execute(SegmentedRaftLogWorker.java:477)
	at org.apache.ratis.server.raftlog.segmented.SegmentedRaftLogWorker.run(SegmentedRaftLogWorker.java:289)
	at java.lang.Thread.run(Thread.java:748)
Caused by: java.util.concurrent.TimeoutException
	at java.util.concurrent.CompletableFuture.timedGet(CompletableFuture.java:1771)
	at java.util.concurrent.CompletableFuture.get(CompletableFuture.java:1915)
	at org.apache.ratis.util.IOUtils.getFromFuture(IOUtils.java:79)
	... 4 more
2019-09-16 17:29:41,801 [973364aa-0999-42fb-b1e3-8ec50fd7232a@group-A8369B54D72C-SegmentedRaftLogWorker] WARN  segmented.SegmentedRaftLogWorker (SegmentedRaftLogWorker.java:getFromFuture(90)) - Timeout 4/~
org.apache.ratis.protocol.TimeoutIOException: Timeout 10s: WriteLog:14: (t:1, i:14), STATEMACHINELOGENTRY, client-445BDAC7BDF9, cid=142-writeStateMachineData
	at org.apache.ratis.util.IOUtils.getFromFuture(IOUtils.java:87)
	at org.apache.ratis.server.raftlog.segmented.SegmentedRaftLogWorker$StateMachineDataPolicy.getFromFuture(SegmentedRaftLogWorker.java:87)
	at org.apache.ratis.server.raftlog.segmented.SegmentedRaftLogWorker$WriteLog.execute(SegmentedRaftLogWorker.java:477)
	at org.apache.ratis.server.raftlog.segmented.SegmentedRaftLogWorker.run(SegmentedRaftLogWorker.java:289)
	at java.lang.Thread.run(Thread.java:748)
Caused by: java.util.concurrent.TimeoutException
	at java.util.concurrent.CompletableFuture.timedGet(CompletableFuture.java:1771)
	at java.util.concurrent.CompletableFuture.get(CompletableFuture.java:1915)
	at org.apache.ratis.util.IOUtils.getFromFuture(IOUtils.java:79)
	... 4 more
2019-09-16 17:29:41,801 [2ad8b8a5-9b47-4134-85fe-629322b782ac@group-A8369B54D72C-SegmentedRaftLogWorker] WARN  segmented.SegmentedRaftLogWorker (SegmentedRaftLogWorker.java:getFromFuture(90)) - Timeout 4/~
org.apache.ratis.protocol.TimeoutIOException: Timeout 10s: WriteLog:14: (t:1, i:14), STATEMACHINELOGENTRY, client-445BDAC7BDF9, cid=142-writeStateMachineData
	at org.apache.ratis.util.IOUtils.getFromFuture(IOUtils.java:87)
	at org.apache.ratis.server.raftlog.segmented.SegmentedRaftLogWorker$StateMachineDataPolicy.getFromFuture(SegmentedRaftLogWorker.java:87)
	at org.apache.ratis.server.raftlog.segmented.SegmentedRaftLogWorker$WriteLog.execute(SegmentedRaftLogWorker.java:477)
	at org.apache.ratis.server.raftlog.segmented.SegmentedRaftLogWorker.run(SegmentedRaftLogWorker.java:289)
	at java.lang.Thread.run(Thread.java:748)
Caused by: java.util.concurrent.TimeoutException
	at java.util.concurrent.CompletableFuture.timedGet(CompletableFuture.java:1771)
	at java.util.concurrent.CompletableFuture.get(CompletableFuture.java:1915)
	at org.apache.ratis.util.IOUtils.getFromFuture(IOUtils.java:79)
	... 4 more
2019-09-16 17:29:42,310 [java.util.concurrent.ThreadPoolExecutor$Worker@7b4d20f6[State = -1, empty queue]] WARN  server.GrpcLogAppender (GrpcLogAppender.java:timeoutAppendRequest(200)) - 04cc0e6b-c1eb-454c-b8ab-76b776566c09@group-A8369B54D72C->973364aa-0999-42fb-b1e3-8ec50fd7232a-GrpcLogAppender: appendEntries Timeout, request=04cc0e6b-c1eb-454c-b8ab-76b776566c09->973364aa-0999-42fb-b1e3-8ec50fd7232a#192-t1, previous=(t:1, i:19), leaderCommit=13, initializing? false, entries: <empty>
2019-09-16 17:29:42,310 [java.util.concurrent.ThreadPoolExecutor$Worker@4b1e9ead[State = -1, empty queue]] WARN  server.GrpcLogAppender (GrpcLogAppender.java:timeoutAppendRequest(200)) - 04cc0e6b-c1eb-454c-b8ab-76b776566c09@group-A8369B54D72C->2ad8b8a5-9b47-4134-85fe-629322b782ac-GrpcLogAppender: appendEntries Timeout, request=04cc0e6b-c1eb-454c-b8ab-76b776566c09->2ad8b8a5-9b47-4134-85fe-629322b782ac#192-t1, previous=(t:1, i:19), leaderCommit=13, initializing? false, entries: <empty>
2019-09-16 17:29:42,372 [grpc-default-executor-8] INFO  client.GrpcClientProtocolClient (GrpcClientProtocolClient.java:onNext(264)) - client-445BDAC7BDF9->2ad8b8a5-9b47-4134-85fe-629322b782ac: receive RaftClientReply:client-445BDAC7BDF9->2ad8b8a5-9b47-4134-85fe-629322b782ac@group-A8369B54D72C, cid=142, FAILED org.apache.ratis.protocol.NotLeaderException: Server 2ad8b8a5-9b47-4134-85fe-629322b782ac@group-A8369B54D72C is not the leader 04cc0e6b-c1eb-454c-b8ab-76b776566c09:192.168.151.75:34634, logIndex=0, commits[2ad8b8a5-9b47-4134-85fe-629322b782ac:c13, 04cc0e6b-c1eb-454c-b8ab-76b776566c09:c13, 973364aa-0999-42fb-b1e3-8ec50fd7232a:c12]
2019-09-16 17:29:44,422 [grpc-default-executor-8] INFO  impl.RaftServerProxy (RaftServerProxy.java:remove(95)) - a5d3a44e-87a4-4ffe-bd57-d4dea2700ae7: remove group-42427AE515A8:null
2019-09-16 17:29:44,427 [RatisPipelineUtilsThread] WARN  pipeline.RatisPipelineUtils (RatisPipelineUtils.java:destroyPipeline(66)) - Pipeline destroy failed for pipeline=PipelineID=93324fbd-3721-4fab-88a8-42427ae515a8 dn=a5d3a44e-87a4-4ffe-bd57-d4dea2700ae7{ip: 192.168.151.75, host: pr-hdds-2114-2x2fm-437316914, networkLocation: /default-rack, certSerialId: null}
2019-09-16 17:29:44,429 [grpc-default-executor-8] INFO  impl.RaftServerProxy (RaftServerProxy.java:remove(95)) - 08c3c9a3-c92b-48ae-803a-081cb99550ef: remove group-42427AE515A8:null
2019-09-16 17:29:44,431 [RatisPipelineUtilsThread] WARN  pipeline.RatisPipelineUtils (RatisPipelineUtils.java:destroyPipeline(66)) - Pipeline destroy failed for pipeline=PipelineID=93324fbd-3721-4fab-88a8-42427ae515a8 dn=08c3c9a3-c92b-48ae-803a-081cb99550ef{ip: 192.168.151.75, host: pr-hdds-2114-2x2fm-437316914, networkLocation: /default-rack, certSerialId: null}
2019-09-16 17:29:44,433 [grpc-default-executor-8] INFO  impl.RaftServerProxy (RaftServerProxy.java:remove(95)) - 2565157f-9642-4f7c-bd15-58f431c5cf0a: remove group-42427AE515A8:null
2019-09-16 17:29:44,435 [RatisPipelineUtilsThread] WARN  pipeline.RatisPipelineUtils (RatisPipelineUtils.java:destroyPipeline(66)) - Pipeline destroy failed for pipeline=PipelineID=93324fbd-3721-4fab-88a8-42427ae515a8 dn=2565157f-9642-4f7c-bd15-58f431c5cf0a{ip: 192.168.151.75, host: pr-hdds-2114-2x2fm-437316914, networkLocation: /default-rack, certSerialId: null}
2019-09-16 17:29:44,435 [RatisPipelineUtilsThread] ERROR pipeline.SCMPipelineManager (Scheduler.java:lambda$schedule$1(70)) - Destroy pipeline failed for pipeline:Pipeline[ Id: 93324fbd-3721-4fab-88a8-42427ae515a8, Nodes: a5d3a44e-87a4-4ffe-bd57-d4dea2700ae7{ip: 192.168.151.75, host: pr-hdds-2114-2x2fm-437316914, networkLocation: /default-rack, certSerialId: null}08c3c9a3-c92b-48ae-803a-081cb99550ef{ip: 192.168.151.75, host: pr-hdds-2114-2x2fm-437316914, networkLocation: /default-rack, certSerialId: null}2565157f-9642-4f7c-bd15-58f431c5cf0a{ip: 192.168.151.75, host: pr-hdds-2114-2x2fm-437316914, networkLocation: /default-rack, certSerialId: null}, Type:RATIS, Factor:THREE, State:CLOSED]
org.apache.hadoop.hdds.scm.pipeline.PipelineNotFoundException: PipelineID=93324fbd-3721-4fab-88a8-42427ae515a8 not found
	at org.apache.hadoop.hdds.scm.pipeline.PipelineStateMap.getPipeline(PipelineStateMap.java:132)
	at org.apache.hadoop.hdds.scm.pipeline.PipelineStateMap.removePipeline(PipelineStateMap.java:322)
	at org.apache.hadoop.hdds.scm.pipeline.PipelineStateManager.removePipeline(PipelineStateManager.java:107)
	at org.apache.hadoop.hdds.scm.pipeline.SCMPipelineManager.removePipeline(SCMPipelineManager.java:423)
	at org.apache.hadoop.hdds.scm.pipeline.SCMPipelineManager.destroyPipeline(SCMPipelineManager.java:409)
	at org.apache.hadoop.hdds.scm.pipeline.SCMPipelineManager.lambda$finalizeAndDestroyPipeline$0(SCMPipelineManager.java:318)
	at org.apache.hadoop.utils.Scheduler.lambda$schedule$1(Scheduler.java:68)
	at java.util.concurrent.Executors$RunnableAdapter.call(Executors.java:511)
	at java.util.concurrent.FutureTask.run(FutureTask.java:266)
	at java.util.concurrent.ScheduledThreadPoolExecutor$ScheduledFutureTask.access$201(ScheduledThreadPoolExecutor.java:180)
	at java.util.concurrent.ScheduledThreadPoolExecutor$ScheduledFutureTask.run(ScheduledThreadPoolExecutor.java:293)
	at java.util.concurrent.ThreadPoolExecutor.runWorker(ThreadPoolExecutor.java:1149)
	at java.util.concurrent.ThreadPoolExecutor$Worker.run(ThreadPoolExecutor.java:624)
	at java.lang.Thread.run(Thread.java:748)
2019-09-16 17:29:44,810 [java.util.concurrent.ThreadPoolExecutor$Worker@7b4d20f6[State = -1, empty queue]] WARN  server.GrpcLogAppender (GrpcLogAppender.java:timeoutAppendRequest(200)) - 04cc0e6b-c1eb-454c-b8ab-76b776566c09@group-A8369B54D72C->973364aa-0999-42fb-b1e3-8ec50fd7232a-GrpcLogAppender: appendEntries Timeout, request=04cc0e6b-c1eb-454c-b8ab-76b776566c09->973364aa-0999-42fb-b1e3-8ec50fd7232a#193-t1, previous=(t:1, i:19), leaderCommit=13, initializing? false, entries: <empty>
2019-09-16 17:29:44,810 [java.util.concurrent.ThreadPoolExecutor$Worker@4b1e9ead[State = -1, empty queue]] WARN  server.GrpcLogAppender (GrpcLogAppender.java:timeoutAppendRequest(200)) - 04cc0e6b-c1eb-454c-b8ab-76b776566c09@group-A8369B54D72C->2ad8b8a5-9b47-4134-85fe-629322b782ac-GrpcLogAppender: appendEntries Timeout, request=04cc0e6b-c1eb-454c-b8ab-76b776566c09->2ad8b8a5-9b47-4134-85fe-629322b782ac#193-t1, previous=(t:1, i:19), leaderCommit=13, initializing? false, entries: <empty>
2019-09-16 17:29:46,420 [grpc-default-executor-8] INFO  impl.RaftServerProxy (RaftServerProxy.java:remove(95)) - a5d3a44e-87a4-4ffe-bd57-d4dea2700ae7: remove group-42427AE515A8:null
2019-09-16 17:29:46,423 [RatisPipelineUtilsThread] WARN  pipeline.RatisPipelineUtils (RatisPipelineUtils.java:destroyPipeline(66)) - Pipeline destroy failed for pipeline=PipelineID=93324fbd-3721-4fab-88a8-42427ae515a8 dn=a5d3a44e-87a4-4ffe-bd57-d4dea2700ae7{ip: 192.168.151.75, host: pr-hdds-2114-2x2fm-437316914, networkLocation: /default-rack, certSerialId: null}
2019-09-16 17:29:46,425 [grpc-default-executor-8] INFO  impl.RaftServerProxy (RaftServerProxy.java:remove(95)) - 08c3c9a3-c92b-48ae-803a-081cb99550ef: remove group-42427AE515A8:null
2019-09-16 17:29:46,427 [RatisPipelineUtilsThread] WARN  pipeline.RatisPipelineUtils (RatisPipelineUtils.java:destroyPipeline(66)) - Pipeline destroy failed for pipeline=PipelineID=93324fbd-3721-4fab-88a8-42427ae515a8 dn=08c3c9a3-c92b-48ae-803a-081cb99550ef{ip: 192.168.151.75, host: pr-hdds-2114-2x2fm-437316914, networkLocation: /default-rack, certSerialId: null}
2019-09-16 17:29:46,430 [grpc-default-executor-8] INFO  impl.RaftServerProxy (RaftServerProxy.java:remove(95)) - 2565157f-9642-4f7c-bd15-58f431c5cf0a: remove group-42427AE515A8:null
2019-09-16 17:29:46,432 [RatisPipelineUtilsThread] WARN  pipeline.RatisPipelineUtils (RatisPipelineUtils.java:destroyPipeline(66)) - Pipeline destroy failed for pipeline=PipelineID=93324fbd-3721-4fab-88a8-42427ae515a8 dn=2565157f-9642-4f7c-bd15-58f431c5cf0a{ip: 192.168.151.75, host: pr-hdds-2114-2x2fm-437316914, networkLocation: /default-rack, certSerialId: null}
2019-09-16 17:29:46,432 [RatisPipelineUtilsThread] ERROR pipeline.SCMPipelineManager (Scheduler.java:lambda$schedule$1(70)) - Destroy pipeline failed for pipeline:Pipeline[ Id: 93324fbd-3721-4fab-88a8-42427ae515a8, Nodes: a5d3a44e-87a4-4ffe-bd57-d4dea2700ae7{ip: 192.168.151.75, host: pr-hdds-2114-2x2fm-437316914, networkLocation: /default-rack, certSerialId: null}08c3c9a3-c92b-48ae-803a-081cb99550ef{ip: 192.168.151.75, host: pr-hdds-2114-2x2fm-437316914, networkLocation: /default-rack, certSerialId: null}2565157f-9642-4f7c-bd15-58f431c5cf0a{ip: 192.168.151.75, host: pr-hdds-2114-2x2fm-437316914, networkLocation: /default-rack, certSerialId: null}, Type:RATIS, Factor:THREE, State:CLOSED]
org.apache.hadoop.hdds.scm.pipeline.PipelineNotFoundException: PipelineID=93324fbd-3721-4fab-88a8-42427ae515a8 not found
	at org.apache.hadoop.hdds.scm.pipeline.PipelineStateMap.getPipeline(PipelineStateMap.java:132)
	at org.apache.hadoop.hdds.scm.pipeline.PipelineStateMap.removePipeline(PipelineStateMap.java:322)
	at org.apache.hadoop.hdds.scm.pipeline.PipelineStateManager.removePipeline(PipelineStateManager.java:107)
	at org.apache.hadoop.hdds.scm.pipeline.SCMPipelineManager.removePipeline(SCMPipelineManager.java:423)
	at org.apache.hadoop.hdds.scm.pipeline.SCMPipelineManager.destroyPipeline(SCMPipelineManager.java:409)
	at org.apache.hadoop.hdds.scm.pipeline.SCMPipelineManager.lambda$finalizeAndDestroyPipeline$0(SCMPipelineManager.java:318)
	at org.apache.hadoop.utils.Scheduler.lambda$schedule$1(Scheduler.java:68)
	at java.util.concurrent.Executors$RunnableAdapter.call(Executors.java:511)
	at java.util.concurrent.FutureTask.run(FutureTask.java:266)
	at java.util.concurrent.ScheduledThreadPoolExecutor$ScheduledFutureTask.access$201(ScheduledThreadPoolExecutor.java:180)
	at java.util.concurrent.ScheduledThreadPoolExecutor$ScheduledFutureTask.run(ScheduledThreadPoolExecutor.java:293)
	at java.util.concurrent.ThreadPoolExecutor.runWorker(ThreadPoolExecutor.java:1149)
	at java.util.concurrent.ThreadPoolExecutor$Worker.run(ThreadPoolExecutor.java:624)
	at java.lang.Thread.run(Thread.java:748)
2019-09-16 17:29:47,311 [java.util.concurrent.ThreadPoolExecutor$Worker@4b1e9ead[State = -1, empty queue]] WARN  server.GrpcLogAppender (GrpcLogAppender.java:timeoutAppendRequest(200)) - 04cc0e6b-c1eb-454c-b8ab-76b776566c09@group-A8369B54D72C->2ad8b8a5-9b47-4134-85fe-629322b782ac-GrpcLogAppender: appendEntries Timeout, request=04cc0e6b-c1eb-454c-b8ab-76b776566c09->2ad8b8a5-9b47-4134-85fe-629322b782ac#194-t1, previous=(t:1, i:19), leaderCommit=13, initializing? false, entries: <empty>
2019-09-16 17:29:47,311 [java.util.concurrent.ThreadPoolExecutor$Worker@7b4d20f6[State = -1, empty queue]] WARN  server.GrpcLogAppender (GrpcLogAppender.java:timeoutAppendRequest(200)) - 04cc0e6b-c1eb-454c-b8ab-76b776566c09@group-A8369B54D72C->973364aa-0999-42fb-b1e3-8ec50fd7232a-GrpcLogAppender: appendEntries Timeout, request=04cc0e6b-c1eb-454c-b8ab-76b776566c09->973364aa-0999-42fb-b1e3-8ec50fd7232a#194-t1, previous=(t:1, i:19), leaderCommit=13, initializing? false, entries: <empty>
2019-09-16 17:29:47,424 [grpc-default-executor-8] INFO  client.GrpcClientProtocolClient (GrpcClientProtocolClient.java:onNext(264)) - client-445BDAC7BDF9->2ad8b8a5-9b47-4134-85fe-629322b782ac: receive RaftClientReply:client-445BDAC7BDF9->2ad8b8a5-9b47-4134-85fe-629322b782ac@group-A8369B54D72C, cid=142, FAILED org.apache.ratis.protocol.NotLeaderException: Server 2ad8b8a5-9b47-4134-85fe-629322b782ac@group-A8369B54D72C is not the leader 04cc0e6b-c1eb-454c-b8ab-76b776566c09:192.168.151.75:34634, logIndex=0, commits[2ad8b8a5-9b47-4134-85fe-629322b782ac:c13, 04cc0e6b-c1eb-454c-b8ab-76b776566c09:c13, 973364aa-0999-42fb-b1e3-8ec50fd7232a:c12]
2019-09-16 17:29:49,423 [grpc-default-executor-6] INFO  impl.RaftServerProxy (RaftServerProxy.java:remove(95)) - a5d3a44e-87a4-4ffe-bd57-d4dea2700ae7: remove group-42427AE515A8:null
2019-09-16 17:29:49,428 [RatisPipelineUtilsThread] WARN  pipeline.RatisPipelineUtils (RatisPipelineUtils.java:destroyPipeline(66)) - Pipeline destroy failed for pipeline=PipelineID=93324fbd-3721-4fab-88a8-42427ae515a8 dn=a5d3a44e-87a4-4ffe-bd57-d4dea2700ae7{ip: 192.168.151.75, host: pr-hdds-2114-2x2fm-437316914, networkLocation: /default-rack, certSerialId: null}
2019-09-16 17:29:49,431 [grpc-default-executor-6] INFO  impl.RaftServerProxy (RaftServerProxy.java:remove(95)) - 08c3c9a3-c92b-48ae-803a-081cb99550ef: remove group-42427AE515A8:null
2019-09-16 17:29:49,433 [RatisPipelineUtilsThread] WARN  pipeline.RatisPipelineUtils (RatisPipelineUtils.java:destroyPipeline(66)) - Pipeline destroy failed for pipeline=PipelineID=93324fbd-3721-4fab-88a8-42427ae515a8 dn=08c3c9a3-c92b-48ae-803a-081cb99550ef{ip: 192.168.151.75, host: pr-hdds-2114-2x2fm-437316914, networkLocation: /default-rack, certSerialId: null}
2019-09-16 17:29:49,435 [grpc-default-executor-6] INFO  impl.RaftServerProxy (RaftServerProxy.java:remove(95)) - 2565157f-9642-4f7c-bd15-58f431c5cf0a: remove group-42427AE515A8:null
2019-09-16 17:29:49,437 [RatisPipelineUtilsThread] WARN  pipeline.RatisPipelineUtils (RatisPipelineUtils.java:destroyPipeline(66)) - Pipeline destroy failed for pipeline=PipelineID=93324fbd-3721-4fab-88a8-42427ae515a8 dn=2565157f-9642-4f7c-bd15-58f431c5cf0a{ip: 192.168.151.75, host: pr-hdds-2114-2x2fm-437316914, networkLocation: /default-rack, certSerialId: null}
2019-09-16 17:29:49,437 [RatisPipelineUtilsThread] ERROR pipeline.SCMPipelineManager (Scheduler.java:lambda$schedule$1(70)) - Destroy pipeline failed for pipeline:Pipeline[ Id: 93324fbd-3721-4fab-88a8-42427ae515a8, Nodes: a5d3a44e-87a4-4ffe-bd57-d4dea2700ae7{ip: 192.168.151.75, host: pr-hdds-2114-2x2fm-437316914, networkLocation: /default-rack, certSerialId: null}08c3c9a3-c92b-48ae-803a-081cb99550ef{ip: 192.168.151.75, host: pr-hdds-2114-2x2fm-437316914, networkLocation: /default-rack, certSerialId: null}2565157f-9642-4f7c-bd15-58f431c5cf0a{ip: 192.168.151.75, host: pr-hdds-2114-2x2fm-437316914, networkLocation: /default-rack, certSerialId: null}, Type:RATIS, Factor:THREE, State:CLOSED]
org.apache.hadoop.hdds.scm.pipeline.PipelineNotFoundException: PipelineID=93324fbd-3721-4fab-88a8-42427ae515a8 not found
	at org.apache.hadoop.hdds.scm.pipeline.PipelineStateMap.getPipeline(PipelineStateMap.java:132)
	at org.apache.hadoop.hdds.scm.pipeline.PipelineStateMap.removePipeline(PipelineStateMap.java:322)
	at org.apache.hadoop.hdds.scm.pipeline.PipelineStateManager.removePipeline(PipelineStateManager.java:107)
	at org.apache.hadoop.hdds.scm.pipeline.SCMPipelineManager.removePipeline(SCMPipelineManager.java:423)
	at org.apache.hadoop.hdds.scm.pipeline.SCMPipelineManager.destroyPipeline(SCMPipelineManager.java:409)
	at org.apache.hadoop.hdds.scm.pipeline.SCMPipelineManager.lambda$finalizeAndDestroyPipeline$0(SCMPipelineManager.java:318)
	at org.apache.hadoop.utils.Scheduler.lambda$schedule$1(Scheduler.java:68)
	at java.util.concurrent.Executors$RunnableAdapter.call(Executors.java:511)
	at java.util.concurrent.FutureTask.run(FutureTask.java:266)
	at java.util.concurrent.ScheduledThreadPoolExecutor$ScheduledFutureTask.access$201(ScheduledThreadPoolExecutor.java:180)
	at java.util.concurrent.ScheduledThreadPoolExecutor$ScheduledFutureTask.run(ScheduledThreadPoolExecutor.java:293)
	at java.util.concurrent.ThreadPoolExecutor.runWorker(ThreadPoolExecutor.java:1149)
	at java.util.concurrent.ThreadPoolExecutor$Worker.run(ThreadPoolExecutor.java:624)
	at java.lang.Thread.run(Thread.java:748)
2019-09-16 17:29:49,811 [java.util.concurrent.ThreadPoolExecutor$Worker@7b4d20f6[State = -1, empty queue]] WARN  server.GrpcLogAppender (GrpcLogAppender.java:timeoutAppendRequest(200)) - 04cc0e6b-c1eb-454c-b8ab-76b776566c09@group-A8369B54D72C->973364aa-0999-42fb-b1e3-8ec50fd7232a-GrpcLogAppender: appendEntries Timeout, request=04cc0e6b-c1eb-454c-b8ab-76b776566c09->973364aa-0999-42fb-b1e3-8ec50fd7232a#195-t1, previous=(t:1, i:19), leaderCommit=13, initializing? false, entries: <empty>
2019-09-16 17:29:49,811 [java.util.concurrent.ThreadPoolExecutor$Worker@4b1e9ead[State = -1, empty queue]] WARN  server.GrpcLogAppender (GrpcLogAppender.java:timeoutAppendRequest(200)) - 04cc0e6b-c1eb-454c-b8ab-76b776566c09@group-A8369B54D72C->2ad8b8a5-9b47-4134-85fe-629322b782ac-GrpcLogAppender: appendEntries Timeout, request=04cc0e6b-c1eb-454c-b8ab-76b776566c09->2ad8b8a5-9b47-4134-85fe-629322b782ac#195-t1, previous=(t:1, i:19), leaderCommit=13, initializing? false, entries: <empty>
2019-09-16 17:29:51,425 [grpc-default-executor-8] INFO  impl.RaftServerProxy (RaftServerProxy.java:remove(95)) - a5d3a44e-87a4-4ffe-bd57-d4dea2700ae7: remove group-42427AE515A8:null
2019-09-16 17:29:51,432 [RatisPipelineUtilsThread] WARN  pipeline.RatisPipelineUtils (RatisPipelineUtils.java:destroyPipeline(66)) - Pipeline destroy failed for pipeline=PipelineID=93324fbd-3721-4fab-88a8-42427ae515a8 dn=a5d3a44e-87a4-4ffe-bd57-d4dea2700ae7{ip: 192.168.151.75, host: pr-hdds-2114-2x2fm-437316914, networkLocation: /default-rack, certSerialId: null}
2019-09-16 17:29:51,434 [grpc-default-executor-8] INFO  impl.RaftServerProxy (RaftServerProxy.java:remove(95)) - 08c3c9a3-c92b-48ae-803a-081cb99550ef: remove group-42427AE515A8:null
2019-09-16 17:29:51,436 [RatisPipelineUtilsThread] WARN  pipeline.RatisPipelineUtils (RatisPipelineUtils.java:destroyPipeline(66)) - Pipeline destroy failed for pipeline=PipelineID=93324fbd-3721-4fab-88a8-42427ae515a8 dn=08c3c9a3-c92b-48ae-803a-081cb99550ef{ip: 192.168.151.75, host: pr-hdds-2114-2x2fm-437316914, networkLocation: /default-rack, certSerialId: null}
2019-09-16 17:29:51,439 [grpc-default-executor-8] INFO  impl.RaftServerProxy (RaftServerProxy.java:remove(95)) - 2565157f-9642-4f7c-bd15-58f431c5cf0a: remove group-42427AE515A8:null
2019-09-16 17:29:51,444 [RatisPipelineUtilsThread] WARN  pipeline.RatisPipelineUtils (RatisPipelineUtils.java:destroyPipeline(66)) - Pipeline destroy failed for pipeline=PipelineID=93324fbd-3721-4fab-88a8-42427ae515a8 dn=2565157f-9642-4f7c-bd15-58f431c5cf0a{ip: 192.168.151.75, host: pr-hdds-2114-2x2fm-437316914, networkLocation: /default-rack, certSerialId: null}
2019-09-16 17:29:51,445 [RatisPipelineUtilsThread] ERROR pipeline.SCMPipelineManager (Scheduler.java:lambda$schedule$1(70)) - Destroy pipeline failed for pipeline:Pipeline[ Id: 93324fbd-3721-4fab-88a8-42427ae515a8, Nodes: a5d3a44e-87a4-4ffe-bd57-d4dea2700ae7{ip: 192.168.151.75, host: pr-hdds-2114-2x2fm-437316914, networkLocation: /default-rack, certSerialId: null}08c3c9a3-c92b-48ae-803a-081cb99550ef{ip: 192.168.151.75, host: pr-hdds-2114-2x2fm-437316914, networkLocation: /default-rack, certSerialId: null}2565157f-9642-4f7c-bd15-58f431c5cf0a{ip: 192.168.151.75, host: pr-hdds-2114-2x2fm-437316914, networkLocation: /default-rack, certSerialId: null}, Type:RATIS, Factor:THREE, State:CLOSED]
org.apache.hadoop.hdds.scm.pipeline.PipelineNotFoundException: PipelineID=93324fbd-3721-4fab-88a8-42427ae515a8 not found
	at org.apache.hadoop.hdds.scm.pipeline.PipelineStateMap.getPipeline(PipelineStateMap.java:132)
	at org.apache.hadoop.hdds.scm.pipeline.PipelineStateMap.removePipeline(PipelineStateMap.java:322)
	at org.apache.hadoop.hdds.scm.pipeline.PipelineStateManager.removePipeline(PipelineStateManager.java:107)
	at org.apache.hadoop.hdds.scm.pipeline.SCMPipelineManager.removePipeline(SCMPipelineManager.java:423)
	at org.apache.hadoop.hdds.scm.pipeline.SCMPipelineManager.destroyPipeline(SCMPipelineManager.java:409)
	at org.apache.hadoop.hdds.scm.pipeline.SCMPipelineManager.lambda$finalizeAndDestroyPipeline$0(SCMPipelineManager.java:318)
	at org.apache.hadoop.utils.Scheduler.lambda$schedule$1(Scheduler.java:68)
	at java.util.concurrent.Executors$RunnableAdapter.call(Executors.java:511)
	at java.util.concurrent.FutureTask.run(FutureTask.java:266)
	at java.util.concurrent.ScheduledThreadPoolExecutor$ScheduledFutureTask.access$201(ScheduledThreadPoolExecutor.java:180)
	at java.util.concurrent.ScheduledThreadPoolExecutor$ScheduledFutureTask.run(ScheduledThreadPoolExecutor.java:293)
	at java.util.concurrent.ThreadPoolExecutor.runWorker(ThreadPoolExecutor.java:1149)
	at java.util.concurrent.ThreadPoolExecutor$Worker.run(ThreadPoolExecutor.java:624)
	at java.lang.Thread.run(Thread.java:748)
2019-09-16 17:29:51,802 [04cc0e6b-c1eb-454c-b8ab-76b776566c09@group-A8369B54D72C-SegmentedRaftLogWorker] WARN  segmented.SegmentedRaftLogWorker (SegmentedRaftLogWorker.java:getFromFuture(90)) - Timeout 5/~
org.apache.ratis.protocol.TimeoutIOException: Timeout 10s: WriteLog:14: (t:1, i:14), STATEMACHINELOGENTRY, client-445BDAC7BDF9, cid=142-writeStateMachineData
	at org.apache.ratis.util.IOUtils.getFromFuture(IOUtils.java:87)
	at org.apache.ratis.server.raftlog.segmented.SegmentedRaftLogWorker$StateMachineDataPolicy.getFromFuture(SegmentedRaftLogWorker.java:87)
	at org.apache.ratis.server.raftlog.segmented.SegmentedRaftLogWorker$WriteLog.execute(SegmentedRaftLogWorker.java:477)
	at org.apache.ratis.server.raftlog.segmented.SegmentedRaftLogWorker.run(SegmentedRaftLogWorker.java:289)
	at java.lang.Thread.run(Thread.java:748)
Caused by: java.util.concurrent.TimeoutException
	at java.util.concurrent.CompletableFuture.timedGet(CompletableFuture.java:1771)
	at java.util.concurrent.CompletableFuture.get(CompletableFuture.java:1915)
	at org.apache.ratis.util.IOUtils.getFromFuture(IOUtils.java:79)
	... 4 more
2019-09-16 17:29:51,803 [2ad8b8a5-9b47-4134-85fe-629322b782ac@group-A8369B54D72C-SegmentedRaftLogWorker] WARN  segmented.SegmentedRaftLogWorker (SegmentedRaftLogWorker.java:getFromFuture(90)) - Timeout 5/~
org.apache.ratis.protocol.TimeoutIOException: Timeout 10s: WriteLog:14: (t:1, i:14), STATEMACHINELOGENTRY, client-445BDAC7BDF9, cid=142-writeStateMachineData
	at org.apache.ratis.util.IOUtils.getFromFuture(IOUtils.java:87)
	at org.apache.ratis.server.raftlog.segmented.SegmentedRaftLogWorker$StateMachineDataPolicy.getFromFuture(SegmentedRaftLogWorker.java:87)
	at org.apache.ratis.server.raftlog.segmented.SegmentedRaftLogWorker$WriteLog.execute(SegmentedRaftLogWorker.java:477)
	at org.apache.ratis.server.raftlog.segmented.SegmentedRaftLogWorker.run(SegmentedRaftLogWorker.java:289)
	at java.lang.Thread.run(Thread.java:748)
Caused by: java.util.concurrent.TimeoutException
	at java.util.concurrent.CompletableFuture.timedGet(CompletableFuture.java:1771)
	at java.util.concurrent.CompletableFuture.get(CompletableFuture.java:1915)
	at org.apache.ratis.util.IOUtils.getFromFuture(IOUtils.java:79)
	... 4 more
2019-09-16 17:29:51,802 [973364aa-0999-42fb-b1e3-8ec50fd7232a@group-A8369B54D72C-SegmentedRaftLogWorker] WARN  segmented.SegmentedRaftLogWorker (SegmentedRaftLogWorker.java:getFromFuture(90)) - Timeout 5/~
org.apache.ratis.protocol.TimeoutIOException: Timeout 10s: WriteLog:14: (t:1, i:14), STATEMACHINELOGENTRY, client-445BDAC7BDF9, cid=142-writeStateMachineData
	at org.apache.ratis.util.IOUtils.getFromFuture(IOUtils.java:87)
	at org.apache.ratis.server.raftlog.segmented.SegmentedRaftLogWorker$StateMachineDataPolicy.getFromFuture(SegmentedRaftLogWorker.java:87)
	at org.apache.ratis.server.raftlog.segmented.SegmentedRaftLogWorker$WriteLog.execute(SegmentedRaftLogWorker.java:477)
	at org.apache.ratis.server.raftlog.segmented.SegmentedRaftLogWorker.run(SegmentedRaftLogWorker.java:289)
	at java.lang.Thread.run(Thread.java:748)
Caused by: java.util.concurrent.TimeoutException
	at java.util.concurrent.CompletableFuture.timedGet(CompletableFuture.java:1771)
	at java.util.concurrent.CompletableFuture.get(CompletableFuture.java:1915)
	at org.apache.ratis.util.IOUtils.getFromFuture(IOUtils.java:79)
	... 4 more
2019-09-16 17:29:52,311 [java.util.concurrent.ThreadPoolExecutor$Worker@7b4d20f6[State = -1, empty queue]] WARN  server.GrpcLogAppender (GrpcLogAppender.java:timeoutAppendRequest(200)) - 04cc0e6b-c1eb-454c-b8ab-76b776566c09@group-A8369B54D72C->973364aa-0999-42fb-b1e3-8ec50fd7232a-GrpcLogAppender: appendEntries Timeout, request=04cc0e6b-c1eb-454c-b8ab-76b776566c09->973364aa-0999-42fb-b1e3-8ec50fd7232a#196-t1, previous=(t:1, i:19), leaderCommit=13, initializing? false, entries: <empty>
2019-09-16 17:29:52,311 [java.util.concurrent.ThreadPoolExecutor$Worker@4b1e9ead[State = -1, empty queue]] WARN  server.GrpcLogAppender (GrpcLogAppender.java:timeoutAppendRequest(200)) - 04cc0e6b-c1eb-454c-b8ab-76b776566c09@group-A8369B54D72C->2ad8b8a5-9b47-4134-85fe-629322b782ac-GrpcLogAppender: appendEntries Timeout, request=04cc0e6b-c1eb-454c-b8ab-76b776566c09->2ad8b8a5-9b47-4134-85fe-629322b782ac#196-t1, previous=(t:1, i:19), leaderCommit=13, initializing? false, entries: <empty>
2019-09-16 17:29:52,468 [grpc-default-executor-8] INFO  client.GrpcClientProtocolClient (GrpcClientProtocolClient.java:onNext(264)) - client-445BDAC7BDF9->973364aa-0999-42fb-b1e3-8ec50fd7232a: receive RaftClientReply:client-445BDAC7BDF9->973364aa-0999-42fb-b1e3-8ec50fd7232a@group-A8369B54D72C, cid=142, FAILED org.apache.ratis.protocol.NotLeaderException: Server 973364aa-0999-42fb-b1e3-8ec50fd7232a@group-A8369B54D72C is not the leader 04cc0e6b-c1eb-454c-b8ab-76b776566c09:192.168.151.75:34634, logIndex=0, commits[973364aa-0999-42fb-b1e3-8ec50fd7232a:c13, 04cc0e6b-c1eb-454c-b8ab-76b776566c09:c13, 2ad8b8a5-9b47-4134-85fe-629322b782ac:c12]
2019-09-16 17:29:54,422 [grpc-default-executor-8] INFO  impl.RaftServerProxy (RaftServerProxy.java:remove(95)) - a5d3a44e-87a4-4ffe-bd57-d4dea2700ae7: remove group-42427AE515A8:null
2019-09-16 17:29:54,427 [RatisPipelineUtilsThread] WARN  pipeline.RatisPipelineUtils (RatisPipelineUtils.java:destroyPipeline(66)) - Pipeline destroy failed for pipeline=PipelineID=93324fbd-3721-4fab-88a8-42427ae515a8 dn=a5d3a44e-87a4-4ffe-bd57-d4dea2700ae7{ip: 192.168.151.75, host: pr-hdds-2114-2x2fm-437316914, networkLocation: /default-rack, certSerialId: null}
2019-09-16 17:29:54,430 [grpc-default-executor-8] INFO  impl.RaftServerProxy (RaftServerProxy.java:remove(95)) - 08c3c9a3-c92b-48ae-803a-081cb99550ef: remove group-42427AE515A8:null
2019-09-16 17:29:54,432 [RatisPipelineUtilsThread] WARN  pipeline.RatisPipelineUtils (RatisPipelineUtils.java:destroyPipeline(66)) - Pipeline destroy failed for pipeline=PipelineID=93324fbd-3721-4fab-88a8-42427ae515a8 dn=08c3c9a3-c92b-48ae-803a-081cb99550ef{ip: 192.168.151.75, host: pr-hdds-2114-2x2fm-437316914, networkLocation: /default-rack, certSerialId: null}
2019-09-16 17:29:54,435 [grpc-default-executor-8] INFO  impl.RaftServerProxy (RaftServerProxy.java:remove(95)) - 2565157f-9642-4f7c-bd15-58f431c5cf0a: remove group-42427AE515A8:null
2019-09-16 17:29:54,437 [RatisPipelineUtilsThread] WARN  pipeline.RatisPipelineUtils (RatisPipelineUtils.java:destroyPipeline(66)) - Pipeline destroy failed for pipeline=PipelineID=93324fbd-3721-4fab-88a8-42427ae515a8 dn=2565157f-9642-4f7c-bd15-58f431c5cf0a{ip: 192.168.151.75, host: pr-hdds-2114-2x2fm-437316914, networkLocation: /default-rack, certSerialId: null}
2019-09-16 17:29:54,438 [RatisPipelineUtilsThread] ERROR pipeline.SCMPipelineManager (Scheduler.java:lambda$schedule$1(70)) - Destroy pipeline failed for pipeline:Pipeline[ Id: 93324fbd-3721-4fab-88a8-42427ae515a8, Nodes: a5d3a44e-87a4-4ffe-bd57-d4dea2700ae7{ip: 192.168.151.75, host: pr-hdds-2114-2x2fm-437316914, networkLocation: /default-rack, certSerialId: null}08c3c9a3-c92b-48ae-803a-081cb99550ef{ip: 192.168.151.75, host: pr-hdds-2114-2x2fm-437316914, networkLocation: /default-rack, certSerialId: null}2565157f-9642-4f7c-bd15-58f431c5cf0a{ip: 192.168.151.75, host: pr-hdds-2114-2x2fm-437316914, networkLocation: /default-rack, certSerialId: null}, Type:RATIS, Factor:THREE, State:CLOSED]
org.apache.hadoop.hdds.scm.pipeline.PipelineNotFoundException: PipelineID=93324fbd-3721-4fab-88a8-42427ae515a8 not found
	at org.apache.hadoop.hdds.scm.pipeline.PipelineStateMap.getPipeline(PipelineStateMap.java:132)
	at org.apache.hadoop.hdds.scm.pipeline.PipelineStateMap.removePipeline(PipelineStateMap.java:322)
	at org.apache.hadoop.hdds.scm.pipeline.PipelineStateManager.removePipeline(PipelineStateManager.java:107)
	at org.apache.hadoop.hdds.scm.pipeline.SCMPipelineManager.removePipeline(SCMPipelineManager.java:423)
	at org.apache.hadoop.hdds.scm.pipeline.SCMPipelineManager.destroyPipeline(SCMPipelineManager.java:409)
	at org.apache.hadoop.hdds.scm.pipeline.SCMPipelineManager.lambda$finalizeAndDestroyPipeline$0(SCMPipelineManager.java:318)
	at org.apache.hadoop.utils.Scheduler.lambda$schedule$1(Scheduler.java:68)
	at java.util.concurrent.Executors$RunnableAdapter.call(Executors.java:511)
	at java.util.concurrent.FutureTask.run(FutureTask.java:266)
	at java.util.concurrent.ScheduledThreadPoolExecutor$ScheduledFutureTask.access$201(ScheduledThreadPoolExecutor.java:180)
	at java.util.concurrent.ScheduledThreadPoolExecutor$ScheduledFutureTask.run(ScheduledThreadPoolExecutor.java:293)
	at java.util.concurrent.ThreadPoolExecutor.runWorker(ThreadPoolExecutor.java:1149)
	at java.util.concurrent.ThreadPoolExecutor$Worker.run(ThreadPoolExecutor.java:624)
	at java.lang.Thread.run(Thread.java:748)
2019-09-16 17:29:54,812 [java.util.concurrent.ThreadPoolExecutor$Worker@4b1e9ead[State = -1, empty queue]] WARN  server.GrpcLogAppender (GrpcLogAppender.java:timeoutAppendRequest(200)) - 04cc0e6b-c1eb-454c-b8ab-76b776566c09@group-A8369B54D72C->2ad8b8a5-9b47-4134-85fe-629322b782ac-GrpcLogAppender: appendEntries Timeout, request=04cc0e6b-c1eb-454c-b8ab-76b776566c09->2ad8b8a5-9b47-4134-85fe-629322b782ac#197-t1, previous=(t:1, i:19), leaderCommit=13, initializing? false, entries: <empty>
2019-09-16 17:29:54,812 [java.util.concurrent.ThreadPoolExecutor$Worker@7b4d20f6[State = -1, empty queue]] WARN  server.GrpcLogAppender (GrpcLogAppender.java:timeoutAppendRequest(200)) - 04cc0e6b-c1eb-454c-b8ab-76b776566c09@group-A8369B54D72C->973364aa-0999-42fb-b1e3-8ec50fd7232a-GrpcLogAppender: appendEntries Timeout, request=04cc0e6b-c1eb-454c-b8ab-76b776566c09->973364aa-0999-42fb-b1e3-8ec50fd7232a#197-t1, previous=(t:1, i:19), leaderCommit=13, initializing? false, entries: <empty>
2019-09-16 17:29:56,420 [grpc-default-executor-5] INFO  impl.RaftServerProxy (RaftServerProxy.java:remove(95)) - a5d3a44e-87a4-4ffe-bd57-d4dea2700ae7: remove group-42427AE515A8:null
2019-09-16 17:29:56,424 [RatisPipelineUtilsThread] WARN  pipeline.RatisPipelineUtils (RatisPipelineUtils.java:destroyPipeline(66)) - Pipeline destroy failed for pipeline=PipelineID=93324fbd-3721-4fab-88a8-42427ae515a8 dn=a5d3a44e-87a4-4ffe-bd57-d4dea2700ae7{ip: 192.168.151.75, host: pr-hdds-2114-2x2fm-437316914, networkLocation: /default-rack, certSerialId: null}
2019-09-16 17:29:56,427 [grpc-default-executor-5] INFO  impl.RaftServerProxy (RaftServerProxy.java:remove(95)) - 08c3c9a3-c92b-48ae-803a-081cb99550ef: remove group-42427AE515A8:null
2019-09-16 17:29:56,431 [RatisPipelineUtilsThread] WARN  pipeline.RatisPipelineUtils (RatisPipelineUtils.java:destroyPipeline(66)) - Pipeline destroy failed for pipeline=PipelineID=93324fbd-3721-4fab-88a8-42427ae515a8 dn=08c3c9a3-c92b-48ae-803a-081cb99550ef{ip: 192.168.151.75, host: pr-hdds-2114-2x2fm-437316914, networkLocation: /default-rack, certSerialId: null}
2019-09-16 17:29:56,434 [grpc-default-executor-5] INFO  impl.RaftServerProxy (RaftServerProxy.java:remove(95)) - 2565157f-9642-4f7c-bd15-58f431c5cf0a: remove group-42427AE515A8:null
2019-09-16 17:29:56,436 [RatisPipelineUtilsThread] WARN  pipeline.RatisPipelineUtils (RatisPipelineUtils.java:destroyPipeline(66)) - Pipeline destroy failed for pipeline=PipelineID=93324fbd-3721-4fab-88a8-42427ae515a8 dn=2565157f-9642-4f7c-bd15-58f431c5cf0a{ip: 192.168.151.75, host: pr-hdds-2114-2x2fm-437316914, networkLocation: /default-rack, certSerialId: null}
2019-09-16 17:29:56,437 [RatisPipelineUtilsThread] ERROR pipeline.SCMPipelineManager (Scheduler.java:lambda$schedule$1(70)) - Destroy pipeline failed for pipeline:Pipeline[ Id: 93324fbd-3721-4fab-88a8-42427ae515a8, Nodes: a5d3a44e-87a4-4ffe-bd57-d4dea2700ae7{ip: 192.168.151.75, host: pr-hdds-2114-2x2fm-437316914, networkLocation: /default-rack, certSerialId: null}08c3c9a3-c92b-48ae-803a-081cb99550ef{ip: 192.168.151.75, host: pr-hdds-2114-2x2fm-437316914, networkLocation: /default-rack, certSerialId: null}2565157f-9642-4f7c-bd15-58f431c5cf0a{ip: 192.168.151.75, host: pr-hdds-2114-2x2fm-437316914, networkLocation: /default-rack, certSerialId: null}, Type:RATIS, Factor:THREE, State:CLOSED]
org.apache.hadoop.hdds.scm.pipeline.PipelineNotFoundException: PipelineID=93324fbd-3721-4fab-88a8-42427ae515a8 not found
	at org.apache.hadoop.hdds.scm.pipeline.PipelineStateMap.getPipeline(PipelineStateMap.java:132)
	at org.apache.hadoop.hdds.scm.pipeline.PipelineStateMap.removePipeline(PipelineStateMap.java:322)
	at org.apache.hadoop.hdds.scm.pipeline.PipelineStateManager.removePipeline(PipelineStateManager.java:107)
	at org.apache.hadoop.hdds.scm.pipeline.SCMPipelineManager.removePipeline(SCMPipelineManager.java:423)
	at org.apache.hadoop.hdds.scm.pipeline.SCMPipelineManager.destroyPipeline(SCMPipelineManager.java:409)
	at org.apache.hadoop.hdds.scm.pipeline.SCMPipelineManager.lambda$finalizeAndDestroyPipeline$0(SCMPipelineManager.java:318)
	at org.apache.hadoop.utils.Scheduler.lambda$schedule$1(Scheduler.java:68)
	at java.util.concurrent.Executors$RunnableAdapter.call(Executors.java:511)
	at java.util.concurrent.FutureTask.run(FutureTask.java:266)
	at java.util.concurrent.ScheduledThreadPoolExecutor$ScheduledFutureTask.access$201(ScheduledThreadPoolExecutor.java:180)
	at java.util.concurrent.ScheduledThreadPoolExecutor$ScheduledFutureTask.run(ScheduledThreadPoolExecutor.java:293)
	at java.util.concurrent.ThreadPoolExecutor.runWorker(ThreadPoolExecutor.java:1149)
	at java.util.concurrent.ThreadPoolExecutor$Worker.run(ThreadPoolExecutor.java:624)
	at java.lang.Thread.run(Thread.java:748)
2019-09-16 17:29:56,439 [grpc-default-executor-5] INFO  impl.RaftServerProxy (RaftServerProxy.java:remove(95)) - a5d3a44e-87a4-4ffe-bd57-d4dea2700ae7: remove group-42427AE515A8:null
2019-09-16 17:29:56,442 [RatisPipelineUtilsThread] WARN  pipeline.RatisPipelineUtils (RatisPipelineUtils.java:destroyPipeline(66)) - Pipeline destroy failed for pipeline=PipelineID=93324fbd-3721-4fab-88a8-42427ae515a8 dn=a5d3a44e-87a4-4ffe-bd57-d4dea2700ae7{ip: 192.168.151.75, host: pr-hdds-2114-2x2fm-437316914, networkLocation: /default-rack, certSerialId: null}
2019-09-16 17:29:56,444 [grpc-default-executor-5] INFO  impl.RaftServerProxy (RaftServerProxy.java:remove(95)) - 08c3c9a3-c92b-48ae-803a-081cb99550ef: remove group-42427AE515A8:null
2019-09-16 17:29:56,447 [RatisPipelineUtilsThread] WARN  pipeline.RatisPipelineUtils (RatisPipelineUtils.java:destroyPipeline(66)) - Pipeline destroy failed for pipeline=PipelineID=93324fbd-3721-4fab-88a8-42427ae515a8 dn=08c3c9a3-c92b-48ae-803a-081cb99550ef{ip: 192.168.151.75, host: pr-hdds-2114-2x2fm-437316914, networkLocation: /default-rack, certSerialId: null}
2019-09-16 17:29:56,449 [grpc-default-executor-5] INFO  impl.RaftServerProxy (RaftServerProxy.java:remove(95)) - 2565157f-9642-4f7c-bd15-58f431c5cf0a: remove group-42427AE515A8:null
2019-09-16 17:29:56,451 [RatisPipelineUtilsThread] WARN  pipeline.RatisPipelineUtils (RatisPipelineUtils.java:destroyPipeline(66)) - Pipeline destroy failed for pipeline=PipelineID=93324fbd-3721-4fab-88a8-42427ae515a8 dn=2565157f-9642-4f7c-bd15-58f431c5cf0a{ip: 192.168.151.75, host: pr-hdds-2114-2x2fm-437316914, networkLocation: /default-rack, certSerialId: null}
2019-09-16 17:29:56,452 [RatisPipelineUtilsThread] ERROR pipeline.SCMPipelineManager (Scheduler.java:lambda$schedule$1(70)) - Destroy pipeline failed for pipeline:Pipeline[ Id: 93324fbd-3721-4fab-88a8-42427ae515a8, Nodes: a5d3a44e-87a4-4ffe-bd57-d4dea2700ae7{ip: 192.168.151.75, host: pr-hdds-2114-2x2fm-437316914, networkLocation: /default-rack, certSerialId: null}08c3c9a3-c92b-48ae-803a-081cb99550ef{ip: 192.168.151.75, host: pr-hdds-2114-2x2fm-437316914, networkLocation: /default-rack, certSerialId: null}2565157f-9642-4f7c-bd15-58f431c5cf0a{ip: 192.168.151.75, host: pr-hdds-2114-2x2fm-437316914, networkLocation: /default-rack, certSerialId: null}, Type:RATIS, Factor:THREE, State:CLOSED]
org.apache.hadoop.hdds.scm.pipeline.PipelineNotFoundException: PipelineID=93324fbd-3721-4fab-88a8-42427ae515a8 not found
	at org.apache.hadoop.hdds.scm.pipeline.PipelineStateMap.getPipeline(PipelineStateMap.java:132)
	at org.apache.hadoop.hdds.scm.pipeline.PipelineStateMap.removePipeline(PipelineStateMap.java:322)
	at org.apache.hadoop.hdds.scm.pipeline.PipelineStateManager.removePipeline(PipelineStateManager.java:107)
	at org.apache.hadoop.hdds.scm.pipeline.SCMPipelineManager.removePipeline(SCMPipelineManager.java:423)
	at org.apache.hadoop.hdds.scm.pipeline.SCMPipelineManager.destroyPipeline(SCMPipelineManager.java:409)
	at org.apache.hadoop.hdds.scm.pipeline.SCMPipelineManager.lambda$finalizeAndDestroyPipeline$0(SCMPipelineManager.java:318)
	at org.apache.hadoop.utils.Scheduler.lambda$schedule$1(Scheduler.java:68)
	at java.util.concurrent.Executors$RunnableAdapter.call(Executors.java:511)
	at java.util.concurrent.FutureTask.run(FutureTask.java:266)
	at java.util.concurrent.ScheduledThreadPoolExecutor$ScheduledFutureTask.access$201(ScheduledThreadPoolExecutor.java:180)
	at java.util.concurrent.ScheduledThreadPoolExecutor$ScheduledFutureTask.run(ScheduledThreadPoolExecutor.java:293)
	at java.util.concurrent.ThreadPoolExecutor.runWorker(ThreadPoolExecutor.java:1149)
	at java.util.concurrent.ThreadPoolExecutor$Worker.run(ThreadPoolExecutor.java:624)
	at java.lang.Thread.run(Thread.java:748)
2019-09-16 17:29:56,563 [grpc-default-executor-5] INFO  impl.RaftServerProxy (RaftServerProxy.java:remove(95)) - a5d3a44e-87a4-4ffe-bd57-d4dea2700ae7: remove group-42427AE515A8:null
2019-09-16 17:29:56,566 [RatisPipelineUtilsThread] WARN  pipeline.RatisPipelineUtils (RatisPipelineUtils.java:destroyPipeline(66)) - Pipeline destroy failed for pipeline=PipelineID=93324fbd-3721-4fab-88a8-42427ae515a8 dn=a5d3a44e-87a4-4ffe-bd57-d4dea2700ae7{ip: 192.168.151.75, host: pr-hdds-2114-2x2fm-437316914, networkLocation: /default-rack, certSerialId: null}
2019-09-16 17:29:56,569 [grpc-default-executor-5] INFO  impl.RaftServerProxy (RaftServerProxy.java:remove(95)) - 08c3c9a3-c92b-48ae-803a-081cb99550ef: remove group-42427AE515A8:null
2019-09-16 17:29:56,571 [RatisPipelineUtilsThread] WARN  pipeline.RatisPipelineUtils (RatisPipelineUtils.java:destroyPipeline(66)) - Pipeline destroy failed for pipeline=PipelineID=93324fbd-3721-4fab-88a8-42427ae515a8 dn=08c3c9a3-c92b-48ae-803a-081cb99550ef{ip: 192.168.151.75, host: pr-hdds-2114-2x2fm-437316914, networkLocation: /default-rack, certSerialId: null}
2019-09-16 17:29:56,574 [grpc-default-executor-5] INFO  impl.RaftServerProxy (RaftServerProxy.java:remove(95)) - 2565157f-9642-4f7c-bd15-58f431c5cf0a: remove group-42427AE515A8:null
2019-09-16 17:29:56,576 [RatisPipelineUtilsThread] WARN  pipeline.RatisPipelineUtils (RatisPipelineUtils.java:destroyPipeline(66)) - Pipeline destroy failed for pipeline=PipelineID=93324fbd-3721-4fab-88a8-42427ae515a8 dn=2565157f-9642-4f7c-bd15-58f431c5cf0a{ip: 192.168.151.75, host: pr-hdds-2114-2x2fm-437316914, networkLocation: /default-rack, certSerialId: null}
2019-09-16 17:29:56,576 [RatisPipelineUtilsThread] ERROR pipeline.SCMPipelineManager (Scheduler.java:lambda$schedule$1(70)) - Destroy pipeline failed for pipeline:Pipeline[ Id: 93324fbd-3721-4fab-88a8-42427ae515a8, Nodes: a5d3a44e-87a4-4ffe-bd57-d4dea2700ae7{ip: 192.168.151.75, host: pr-hdds-2114-2x2fm-437316914, networkLocation: /default-rack, certSerialId: null}08c3c9a3-c92b-48ae-803a-081cb99550ef{ip: 192.168.151.75, host: pr-hdds-2114-2x2fm-437316914, networkLocation: /default-rack, certSerialId: null}2565157f-9642-4f7c-bd15-58f431c5cf0a{ip: 192.168.151.75, host: pr-hdds-2114-2x2fm-437316914, networkLocation: /default-rack, certSerialId: null}, Type:RATIS, Factor:THREE, State:CLOSED]
org.apache.hadoop.hdds.scm.pipeline.PipelineNotFoundException: PipelineID=93324fbd-3721-4fab-88a8-42427ae515a8 not found
	at org.apache.hadoop.hdds.scm.pipeline.PipelineStateMap.getPipeline(PipelineStateMap.java:132)
	at org.apache.hadoop.hdds.scm.pipeline.PipelineStateMap.removePipeline(PipelineStateMap.java:322)
	at org.apache.hadoop.hdds.scm.pipeline.PipelineStateManager.removePipeline(PipelineStateManager.java:107)
	at org.apache.hadoop.hdds.scm.pipeline.SCMPipelineManager.removePipeline(SCMPipelineManager.java:423)
	at org.apache.hadoop.hdds.scm.pipeline.SCMPipelineManager.destroyPipeline(SCMPipelineManager.java:409)
	at org.apache.hadoop.hdds.scm.pipeline.SCMPipelineManager.lambda$finalizeAndDestroyPipeline$0(SCMPipelineManager.java:318)
	at org.apache.hadoop.utils.Scheduler.lambda$schedule$1(Scheduler.java:68)
	at java.util.concurrent.Executors$RunnableAdapter.call(Executors.java:511)
	at java.util.concurrent.FutureTask.run(FutureTask.java:266)
	at java.util.concurrent.ScheduledThreadPoolExecutor$ScheduledFutureTask.access$201(ScheduledThreadPoolExecutor.java:180)
	at java.util.concurrent.ScheduledThreadPoolExecutor$ScheduledFutureTask.run(ScheduledThreadPoolExecutor.java:293)
	at java.util.concurrent.ThreadPoolExecutor.runWorker(ThreadPoolExecutor.java:1149)
	at java.util.concurrent.ThreadPoolExecutor$Worker.run(ThreadPoolExecutor.java:624)
	at java.lang.Thread.run(Thread.java:748)
2019-09-16 17:29:56,719 [grpc-default-executor-5] INFO  impl.RaftServerProxy (RaftServerProxy.java:remove(95)) - a5d3a44e-87a4-4ffe-bd57-d4dea2700ae7: remove group-42427AE515A8:null
2019-09-16 17:29:56,721 [RatisPipelineUtilsThread] WARN  pipeline.RatisPipelineUtils (RatisPipelineUtils.java:destroyPipeline(66)) - Pipeline destroy failed for pipeline=PipelineID=93324fbd-3721-4fab-88a8-42427ae515a8 dn=a5d3a44e-87a4-4ffe-bd57-d4dea2700ae7{ip: 192.168.151.75, host: pr-hdds-2114-2x2fm-437316914, networkLocation: /default-rack, certSerialId: null}
2019-09-16 17:29:56,724 [grpc-default-executor-5] INFO  impl.RaftServerProxy (RaftServerProxy.java:remove(95)) - 08c3c9a3-c92b-48ae-803a-081cb99550ef: remove group-42427AE515A8:null
2019-09-16 17:29:56,726 [RatisPipelineUtilsThread] WARN  pipeline.RatisPipelineUtils (RatisPipelineUtils.java:destroyPipeline(66)) - Pipeline destroy failed for pipeline=PipelineID=93324fbd-3721-4fab-88a8-42427ae515a8 dn=08c3c9a3-c92b-48ae-803a-081cb99550ef{ip: 192.168.151.75, host: pr-hdds-2114-2x2fm-437316914, networkLocation: /default-rack, certSerialId: null}
2019-09-16 17:29:56,729 [grpc-default-executor-5] INFO  impl.RaftServerProxy (RaftServerProxy.java:remove(95)) - 2565157f-9642-4f7c-bd15-58f431c5cf0a: remove group-42427AE515A8:null
2019-09-16 17:29:56,731 [RatisPipelineUtilsThread] WARN  pipeline.RatisPipelineUtils (RatisPipelineUtils.java:destroyPipeline(66)) - Pipeline destroy failed for pipeline=PipelineID=93324fbd-3721-4fab-88a8-42427ae515a8 dn=2565157f-9642-4f7c-bd15-58f431c5cf0a{ip: 192.168.151.75, host: pr-hdds-2114-2x2fm-437316914, networkLocation: /default-rack, certSerialId: null}
2019-09-16 17:29:56,731 [RatisPipelineUtilsThread] ERROR pipeline.SCMPipelineManager (Scheduler.java:lambda$schedule$1(70)) - Destroy pipeline failed for pipeline:Pipeline[ Id: 93324fbd-3721-4fab-88a8-42427ae515a8, Nodes: a5d3a44e-87a4-4ffe-bd57-d4dea2700ae7{ip: 192.168.151.75, host: pr-hdds-2114-2x2fm-437316914, networkLocation: /default-rack, certSerialId: null}08c3c9a3-c92b-48ae-803a-081cb99550ef{ip: 192.168.151.75, host: pr-hdds-2114-2x2fm-437316914, networkLocation: /default-rack, certSerialId: null}2565157f-9642-4f7c-bd15-58f431c5cf0a{ip: 192.168.151.75, host: pr-hdds-2114-2x2fm-437316914, networkLocation: /default-rack, certSerialId: null}, Type:RATIS, Factor:THREE, State:CLOSED]
org.apache.hadoop.hdds.scm.pipeline.PipelineNotFoundException: PipelineID=93324fbd-3721-4fab-88a8-42427ae515a8 not found
	at org.apache.hadoop.hdds.scm.pipeline.PipelineStateMap.getPipeline(PipelineStateMap.java:132)
	at org.apache.hadoop.hdds.scm.pipeline.PipelineStateMap.removePipeline(PipelineStateMap.java:322)
	at org.apache.hadoop.hdds.scm.pipeline.PipelineStateManager.removePipeline(PipelineStateManager.java:107)
	at org.apache.hadoop.hdds.scm.pipeline.SCMPipelineManager.removePipeline(SCMPipelineManager.java:423)
	at org.apache.hadoop.hdds.scm.pipeline.SCMPipelineManager.destroyPipeline(SCMPipelineManager.java:409)
	at org.apache.hadoop.hdds.scm.pipeline.SCMPipelineManager.lambda$finalizeAndDestroyPipeline$0(SCMPipelineManager.java:318)
	at org.apache.hadoop.utils.Scheduler.lambda$schedule$1(Scheduler.java:68)
	at java.util.concurrent.Executors$RunnableAdapter.call(Executors.java:511)
	at java.util.concurrent.FutureTask.run(FutureTask.java:266)
	at java.util.concurrent.ScheduledThreadPoolExecutor$ScheduledFutureTask.access$201(ScheduledThreadPoolExecutor.java:180)
	at java.util.concurrent.ScheduledThreadPoolExecutor$ScheduledFutureTask.run(ScheduledThreadPoolExecutor.java:293)
	at java.util.concurrent.ThreadPoolExecutor.runWorker(ThreadPoolExecutor.java:1149)
	at java.util.concurrent.ThreadPoolExecutor$Worker.run(ThreadPoolExecutor.java:624)
	at java.lang.Thread.run(Thread.java:748)
2019-09-16 17:29:57,312 [java.util.concurrent.ThreadPoolExecutor$Worker@4b1e9ead[State = -1, empty queue]] WARN  server.GrpcLogAppender (GrpcLogAppender.java:timeoutAppendRequest(200)) - 04cc0e6b-c1eb-454c-b8ab-76b776566c09@group-A8369B54D72C->2ad8b8a5-9b47-4134-85fe-629322b782ac-GrpcLogAppender: appendEntries Timeout, request=04cc0e6b-c1eb-454c-b8ab-76b776566c09->2ad8b8a5-9b47-4134-85fe-629322b782ac#198-t1, previous=(t:1, i:19), leaderCommit=13, initializing? false, entries: <empty>
2019-09-16 17:29:57,312 [java.util.concurrent.ThreadPoolExecutor$Worker@7b4d20f6[State = -1, empty queue]] WARN  server.GrpcLogAppender (GrpcLogAppender.java:timeoutAppendRequest(200)) - 04cc0e6b-c1eb-454c-b8ab-76b776566c09@group-A8369B54D72C->973364aa-0999-42fb-b1e3-8ec50fd7232a-GrpcLogAppender: appendEntries Timeout, request=04cc0e6b-c1eb-454c-b8ab-76b776566c09->973364aa-0999-42fb-b1e3-8ec50fd7232a#198-t1, previous=(t:1, i:19), leaderCommit=13, initializing? false, entries: <empty>
2019-09-16 17:29:57,525 [grpc-default-executor-8] INFO  client.GrpcClientProtocolClient (GrpcClientProtocolClient.java:onNext(264)) - client-445BDAC7BDF9->973364aa-0999-42fb-b1e3-8ec50fd7232a: receive RaftClientReply:client-445BDAC7BDF9->973364aa-0999-42fb-b1e3-8ec50fd7232a@group-A8369B54D72C, cid=142, FAILED org.apache.ratis.protocol.NotLeaderException: Server 973364aa-0999-42fb-b1e3-8ec50fd7232a@group-A8369B54D72C is not the leader 04cc0e6b-c1eb-454c-b8ab-76b776566c09:192.168.151.75:34634, logIndex=0, commits[973364aa-0999-42fb-b1e3-8ec50fd7232a:c13, 04cc0e6b-c1eb-454c-b8ab-76b776566c09:c13, 2ad8b8a5-9b47-4134-85fe-629322b782ac:c12]
2019-09-16 17:29:59,812 [java.util.concurrent.ThreadPoolExecutor$Worker@7b4d20f6[State = -1, empty queue]] WARN  server.GrpcLogAppender (GrpcLogAppender.java:timeoutAppendRequest(200)) - 04cc0e6b-c1eb-454c-b8ab-76b776566c09@group-A8369B54D72C->973364aa-0999-42fb-b1e3-8ec50fd7232a-GrpcLogAppender: appendEntries Timeout, request=04cc0e6b-c1eb-454c-b8ab-76b776566c09->973364aa-0999-42fb-b1e3-8ec50fd7232a#199-t1, previous=(t:1, i:19), leaderCommit=13, initializing? false, entries: <empty>
2019-09-16 17:29:59,812 [java.util.concurrent.ThreadPoolExecutor$Worker@4b1e9ead[State = -1, empty queue]] WARN  server.GrpcLogAppender (GrpcLogAppender.java:timeoutAppendRequest(200)) - 04cc0e6b-c1eb-454c-b8ab-76b776566c09@group-A8369B54D72C->2ad8b8a5-9b47-4134-85fe-629322b782ac-GrpcLogAppender: appendEntries Timeout, request=04cc0e6b-c1eb-454c-b8ab-76b776566c09->2ad8b8a5-9b47-4134-85fe-629322b782ac#199-t1, previous=(t:1, i:19), leaderCommit=13, initializing? false, entries: <empty>
2019-09-16 17:30:01,803 [04cc0e6b-c1eb-454c-b8ab-76b776566c09@group-A8369B54D72C-SegmentedRaftLogWorker] WARN  segmented.SegmentedRaftLogWorker (SegmentedRaftLogWorker.java:getFromFuture(90)) - Timeout 6/~
org.apache.ratis.protocol.TimeoutIOException: Timeout 10s: WriteLog:14: (t:1, i:14), STATEMACHINELOGENTRY, client-445BDAC7BDF9, cid=142-writeStateMachineData
	at org.apache.ratis.util.IOUtils.getFromFuture(IOUtils.java:87)
	at org.apache.ratis.server.raftlog.segmented.SegmentedRaftLogWorker$StateMachineDataPolicy.getFromFuture(SegmentedRaftLogWorker.java:87)
	at org.apache.ratis.server.raftlog.segmented.SegmentedRaftLogWorker$WriteLog.execute(SegmentedRaftLogWorker.java:477)
	at org.apache.ratis.server.raftlog.segmented.SegmentedRaftLogWorker.run(SegmentedRaftLogWorker.java:289)
	at java.lang.Thread.run(Thread.java:748)
Caused by: java.util.concurrent.TimeoutException
	at java.util.concurrent.CompletableFuture.timedGet(CompletableFuture.java:1771)
	at java.util.concurrent.CompletableFuture.get(CompletableFuture.java:1915)
	at org.apache.ratis.util.IOUtils.getFromFuture(IOUtils.java:79)
	... 4 more
2019-09-16 17:30:01,803 [973364aa-0999-42fb-b1e3-8ec50fd7232a@group-A8369B54D72C-SegmentedRaftLogWorker] WARN  segmented.SegmentedRaftLogWorker (SegmentedRaftLogWorker.java:getFromFuture(90)) - Timeout 6/~
org.apache.ratis.protocol.TimeoutIOException: Timeout 10s: WriteLog:14: (t:1, i:14), STATEMACHINELOGENTRY, client-445BDAC7BDF9, cid=142-writeStateMachineData
	at org.apache.ratis.util.IOUtils.getFromFuture(IOUtils.java:87)
	at org.apache.ratis.server.raftlog.segmented.SegmentedRaftLogWorker$StateMachineDataPolicy.getFromFuture(SegmentedRaftLogWorker.java:87)
	at org.apache.ratis.server.raftlog.segmented.SegmentedRaftLogWorker$WriteLog.execute(SegmentedRaftLogWorker.java:477)
	at org.apache.ratis.server.raftlog.segmented.SegmentedRaftLogWorker.run(SegmentedRaftLogWorker.java:289)
	at java.lang.Thread.run(Thread.java:748)
Caused by: java.util.concurrent.TimeoutException
	at java.util.concurrent.CompletableFuture.timedGet(CompletableFuture.java:1771)
	at java.util.concurrent.CompletableFuture.get(CompletableFuture.java:1915)
	at org.apache.ratis.util.IOUtils.getFromFuture(IOUtils.java:79)
	... 4 more
2019-09-16 17:30:01,803 [2ad8b8a5-9b47-4134-85fe-629322b782ac@group-A8369B54D72C-SegmentedRaftLogWorker] WARN  segmented.SegmentedRaftLogWorker (SegmentedRaftLogWorker.java:getFromFuture(90)) - Timeout 6/~
org.apache.ratis.protocol.TimeoutIOException: Timeout 10s: WriteLog:14: (t:1, i:14), STATEMACHINELOGENTRY, client-445BDAC7BDF9, cid=142-writeStateMachineData
	at org.apache.ratis.util.IOUtils.getFromFuture(IOUtils.java:87)
	at org.apache.ratis.server.raftlog.segmented.SegmentedRaftLogWorker$StateMachineDataPolicy.getFromFuture(SegmentedRaftLogWorker.java:87)
	at org.apache.ratis.server.raftlog.segmented.SegmentedRaftLogWorker$WriteLog.execute(SegmentedRaftLogWorker.java:477)
	at org.apache.ratis.server.raftlog.segmented.SegmentedRaftLogWorker.run(SegmentedRaftLogWorker.java:289)
	at java.lang.Thread.run(Thread.java:748)
Caused by: java.util.concurrent.TimeoutException
	at java.util.concurrent.CompletableFuture.timedGet(CompletableFuture.java:1771)
	at java.util.concurrent.CompletableFuture.get(CompletableFuture.java:1915)
	at org.apache.ratis.util.IOUtils.getFromFuture(IOUtils.java:79)
	... 4 more
2019-09-16 17:30:02,371 [java.util.concurrent.ThreadPoolExecutor$Worker@4b1e9ead[State = -1, empty queue]] WARN  server.GrpcLogAppender (GrpcLogAppender.java:timeoutAppendRequest(200)) - 04cc0e6b-c1eb-454c-b8ab-76b776566c09@group-A8369B54D72C->2ad8b8a5-9b47-4134-85fe-629322b782ac-GrpcLogAppender: appendEntries Timeout, request=04cc0e6b-c1eb-454c-b8ab-76b776566c09->2ad8b8a5-9b47-4134-85fe-629322b782ac#200-t1, previous=(t:1, i:19), leaderCommit=13, initializing? false, entries: <empty>
2019-09-16 17:30:02,371 [java.util.concurrent.ThreadPoolExecutor$Worker@7b4d20f6[State = -1, empty queue]] WARN  server.GrpcLogAppender (GrpcLogAppender.java:timeoutAppendRequest(200)) - 04cc0e6b-c1eb-454c-b8ab-76b776566c09@group-A8369B54D72C->973364aa-0999-42fb-b1e3-8ec50fd7232a-GrpcLogAppender: appendEntries Timeout, request=04cc0e6b-c1eb-454c-b8ab-76b776566c09->973364aa-0999-42fb-b1e3-8ec50fd7232a#200-t1, previous=(t:1, i:19), leaderCommit=13, initializing? false, entries: <empty>
2019-09-16 17:30:02,564 [grpc-default-executor-6] INFO  client.GrpcClientProtocolClient (GrpcClientProtocolClient.java:onNext(264)) - client-445BDAC7BDF9->973364aa-0999-42fb-b1e3-8ec50fd7232a: receive RaftClientReply:client-445BDAC7BDF9->973364aa-0999-42fb-b1e3-8ec50fd7232a@group-A8369B54D72C, cid=142, FAILED org.apache.ratis.protocol.NotLeaderException: Server 973364aa-0999-42fb-b1e3-8ec50fd7232a@group-A8369B54D72C is not the leader 04cc0e6b-c1eb-454c-b8ab-76b776566c09:192.168.151.75:34634, logIndex=0, commits[973364aa-0999-42fb-b1e3-8ec50fd7232a:c13, 04cc0e6b-c1eb-454c-b8ab-76b776566c09:c13, 2ad8b8a5-9b47-4134-85fe-629322b782ac:c12]
2019-09-16 17:30:04,827 [java.util.concurrent.ThreadPoolExecutor$Worker@7b4d20f6[State = -1, empty queue]] WARN  server.GrpcLogAppender (GrpcLogAppender.java:timeoutAppendRequest(200)) - 04cc0e6b-c1eb-454c-b8ab-76b776566c09@group-A8369B54D72C->973364aa-0999-42fb-b1e3-8ec50fd7232a-GrpcLogAppender: appendEntries Timeout, request=04cc0e6b-c1eb-454c-b8ab-76b776566c09->973364aa-0999-42fb-b1e3-8ec50fd7232a#201-t1, previous=(t:1, i:19), leaderCommit=13, initializing? false, entries: <empty>
2019-09-16 17:30:04,827 [java.util.concurrent.ThreadPoolExecutor$Worker@4b1e9ead[State = -1, empty queue]] WARN  server.GrpcLogAppender (GrpcLogAppender.java:timeoutAppendRequest(200)) - 04cc0e6b-c1eb-454c-b8ab-76b776566c09@group-A8369B54D72C->2ad8b8a5-9b47-4134-85fe-629322b782ac-GrpcLogAppender: appendEntries Timeout, request=04cc0e6b-c1eb-454c-b8ab-76b776566c09->2ad8b8a5-9b47-4134-85fe-629322b782ac#201-t1, previous=(t:1, i:19), leaderCommit=13, initializing? false, entries: <empty>
2019-09-16 17:30:07,328 [java.util.concurrent.ThreadPoolExecutor$Worker@7b4d20f6[State = -1, empty queue]] WARN  server.GrpcLogAppender (GrpcLogAppender.java:timeoutAppendRequest(200)) - 04cc0e6b-c1eb-454c-b8ab-76b776566c09@group-A8369B54D72C->973364aa-0999-42fb-b1e3-8ec50fd7232a-GrpcLogAppender: appendEntries Timeout, request=04cc0e6b-c1eb-454c-b8ab-76b776566c09->973364aa-0999-42fb-b1e3-8ec50fd7232a#202-t1, previous=(t:1, i:19), leaderCommit=13, initializing? false, entries: <empty>
2019-09-16 17:30:07,328 [java.util.concurrent.ThreadPoolExecutor$Worker@4b1e9ead[State = -1, empty queue]] WARN  server.GrpcLogAppender (GrpcLogAppender.java:timeoutAppendRequest(200)) - 04cc0e6b-c1eb-454c-b8ab-76b776566c09@group-A8369B54D72C->2ad8b8a5-9b47-4134-85fe-629322b782ac-GrpcLogAppender: appendEntries Timeout, request=04cc0e6b-c1eb-454c-b8ab-76b776566c09->2ad8b8a5-9b47-4134-85fe-629322b782ac#202-t1, previous=(t:1, i:19), leaderCommit=13, initializing? false, entries: <empty>
2019-09-16 17:30:07,618 [grpc-default-executor-8] INFO  client.GrpcClientProtocolClient (GrpcClientProtocolClient.java:onNext(264)) - client-445BDAC7BDF9->973364aa-0999-42fb-b1e3-8ec50fd7232a: receive RaftClientReply:client-445BDAC7BDF9->973364aa-0999-42fb-b1e3-8ec50fd7232a@group-A8369B54D72C, cid=142, FAILED org.apache.ratis.protocol.NotLeaderException: Server 973364aa-0999-42fb-b1e3-8ec50fd7232a@group-A8369B54D72C is not the leader 04cc0e6b-c1eb-454c-b8ab-76b776566c09:192.168.151.75:34634, logIndex=0, commits[973364aa-0999-42fb-b1e3-8ec50fd7232a:c13, 04cc0e6b-c1eb-454c-b8ab-76b776566c09:c13, 2ad8b8a5-9b47-4134-85fe-629322b782ac:c12]
2019-09-16 17:30:09,828 [java.util.concurrent.ThreadPoolExecutor$Worker@7b4d20f6[State = -1, empty queue]] WARN  server.GrpcLogAppender (GrpcLogAppender.java:timeoutAppendRequest(200)) - 04cc0e6b-c1eb-454c-b8ab-76b776566c09@group-A8369B54D72C->973364aa-0999-42fb-b1e3-8ec50fd7232a-GrpcLogAppender: appendEntries Timeout, request=04cc0e6b-c1eb-454c-b8ab-76b776566c09->973364aa-0999-42fb-b1e3-8ec50fd7232a#203-t1, previous=(t:1, i:19), leaderCommit=13, initializing? false, entries: <empty>
2019-09-16 17:30:09,828 [java.util.concurrent.ThreadPoolExecutor$Worker@4b1e9ead[State = -1, empty queue]] WARN  server.GrpcLogAppender (GrpcLogAppender.java:timeoutAppendRequest(200)) - 04cc0e6b-c1eb-454c-b8ab-76b776566c09@group-A8369B54D72C->2ad8b8a5-9b47-4134-85fe-629322b782ac-GrpcLogAppender: appendEntries Timeout, request=04cc0e6b-c1eb-454c-b8ab-76b776566c09->2ad8b8a5-9b47-4134-85fe-629322b782ac#203-t1, previous=(t:1, i:19), leaderCommit=13, initializing? false, entries: <empty>
2019-09-16 17:30:11,804 [04cc0e6b-c1eb-454c-b8ab-76b776566c09@group-A8369B54D72C-SegmentedRaftLogWorker] WARN  segmented.SegmentedRaftLogWorker (SegmentedRaftLogWorker.java:getFromFuture(90)) - Timeout 7/~
org.apache.ratis.protocol.TimeoutIOException: Timeout 10s: WriteLog:14: (t:1, i:14), STATEMACHINELOGENTRY, client-445BDAC7BDF9, cid=142-writeStateMachineData
	at org.apache.ratis.util.IOUtils.getFromFuture(IOUtils.java:87)
	at org.apache.ratis.server.raftlog.segmented.SegmentedRaftLogWorker$StateMachineDataPolicy.getFromFuture(SegmentedRaftLogWorker.java:87)
	at org.apache.ratis.server.raftlog.segmented.SegmentedRaftLogWorker$WriteLog.execute(SegmentedRaftLogWorker.java:477)
	at org.apache.ratis.server.raftlog.segmented.SegmentedRaftLogWorker.run(SegmentedRaftLogWorker.java:289)
	at java.lang.Thread.run(Thread.java:748)
Caused by: java.util.concurrent.TimeoutException
	at java.util.concurrent.CompletableFuture.timedGet(CompletableFuture.java:1771)
	at java.util.concurrent.CompletableFuture.get(CompletableFuture.java:1915)
	at org.apache.ratis.util.IOUtils.getFromFuture(IOUtils.java:79)
	... 4 more
2019-09-16 17:30:11,827 [973364aa-0999-42fb-b1e3-8ec50fd7232a@group-A8369B54D72C-SegmentedRaftLogWorker] WARN  segmented.SegmentedRaftLogWorker (SegmentedRaftLogWorker.java:getFromFuture(90)) - Timeout 7/~
org.apache.ratis.protocol.TimeoutIOException: Timeout 10s: WriteLog:14: (t:1, i:14), STATEMACHINELOGENTRY, client-445BDAC7BDF9, cid=142-writeStateMachineData
	at org.apache.ratis.util.IOUtils.getFromFuture(IOUtils.java:87)
	at org.apache.ratis.server.raftlog.segmented.SegmentedRaftLogWorker$StateMachineDataPolicy.getFromFuture(SegmentedRaftLogWorker.java:87)
	at org.apache.ratis.server.raftlog.segmented.SegmentedRaftLogWorker$WriteLog.execute(SegmentedRaftLogWorker.java:477)
	at org.apache.ratis.server.raftlog.segmented.SegmentedRaftLogWorker.run(SegmentedRaftLogWorker.java:289)
	at java.lang.Thread.run(Thread.java:748)
Caused by: java.util.concurrent.TimeoutException
	at java.util.concurrent.CompletableFuture.timedGet(CompletableFuture.java:1771)
	at java.util.concurrent.CompletableFuture.get(CompletableFuture.java:1915)
	at org.apache.ratis.util.IOUtils.getFromFuture(IOUtils.java:79)
	... 4 more
2019-09-16 17:30:11,827 [2ad8b8a5-9b47-4134-85fe-629322b782ac@group-A8369B54D72C-SegmentedRaftLogWorker] WARN  segmented.SegmentedRaftLogWorker (SegmentedRaftLogWorker.java:getFromFuture(90)) - Timeout 7/~
org.apache.ratis.protocol.TimeoutIOException: Timeout 10s: WriteLog:14: (t:1, i:14), STATEMACHINELOGENTRY, client-445BDAC7BDF9, cid=142-writeStateMachineData
	at org.apache.ratis.util.IOUtils.getFromFuture(IOUtils.java:87)
	at org.apache.ratis.server.raftlog.segmented.SegmentedRaftLogWorker$StateMachineDataPolicy.getFromFuture(SegmentedRaftLogWorker.java:87)
	at org.apache.ratis.server.raftlog.segmented.SegmentedRaftLogWorker$WriteLog.execute(SegmentedRaftLogWorker.java:477)
	at org.apache.ratis.server.raftlog.segmented.SegmentedRaftLogWorker.run(SegmentedRaftLogWorker.java:289)
	at java.lang.Thread.run(Thread.java:748)
Caused by: java.util.concurrent.TimeoutException
	at java.util.concurrent.CompletableFuture.timedGet(CompletableFuture.java:1771)
	at java.util.concurrent.CompletableFuture.get(CompletableFuture.java:1915)
	at org.apache.ratis.util.IOUtils.getFromFuture(IOUtils.java:79)
	... 4 more
2019-09-16 17:30:12,329 [java.util.concurrent.ThreadPoolExecutor$Worker@7b4d20f6[State = -1, empty queue]] WARN  server.GrpcLogAppender (GrpcLogAppender.java:timeoutAppendRequest(200)) - 04cc0e6b-c1eb-454c-b8ab-76b776566c09@group-A8369B54D72C->973364aa-0999-42fb-b1e3-8ec50fd7232a-GrpcLogAppender: appendEntries Timeout, request=04cc0e6b-c1eb-454c-b8ab-76b776566c09->973364aa-0999-42fb-b1e3-8ec50fd7232a#204-t1, previous=(t:1, i:19), leaderCommit=13, initializing? false, entries: <empty>
2019-09-16 17:30:12,329 [java.util.concurrent.ThreadPoolExecutor$Worker@4b1e9ead[State = -1, empty queue]] WARN  server.GrpcLogAppender (GrpcLogAppender.java:timeoutAppendRequest(200)) - 04cc0e6b-c1eb-454c-b8ab-76b776566c09@group-A8369B54D72C->2ad8b8a5-9b47-4134-85fe-629322b782ac-GrpcLogAppender: appendEntries Timeout, request=04cc0e6b-c1eb-454c-b8ab-76b776566c09->2ad8b8a5-9b47-4134-85fe-629322b782ac#204-t1, previous=(t:1, i:19), leaderCommit=13, initializing? false, entries: <empty>
2019-09-16 17:30:12,669 [grpc-default-executor-5] INFO  client.GrpcClientProtocolClient (GrpcClientProtocolClient.java:onNext(264)) - client-445BDAC7BDF9->2ad8b8a5-9b47-4134-85fe-629322b782ac: receive RaftClientReply:client-445BDAC7BDF9->2ad8b8a5-9b47-4134-85fe-629322b782ac@group-A8369B54D72C, cid=142, FAILED org.apache.ratis.protocol.NotLeaderException: Server 2ad8b8a5-9b47-4134-85fe-629322b782ac@group-A8369B54D72C is not the leader 04cc0e6b-c1eb-454c-b8ab-76b776566c09:192.168.151.75:34634, logIndex=0, commits[2ad8b8a5-9b47-4134-85fe-629322b782ac:c13, 04cc0e6b-c1eb-454c-b8ab-76b776566c09:c13, 973364aa-0999-42fb-b1e3-8ec50fd7232a:c12]
2019-09-16 17:30:14,829 [java.util.concurrent.ThreadPoolExecutor$Worker@7b4d20f6[State = -1, empty queue]] WARN  server.GrpcLogAppender (GrpcLogAppender.java:timeoutAppendRequest(200)) - 04cc0e6b-c1eb-454c-b8ab-76b776566c09@group-A8369B54D72C->973364aa-0999-42fb-b1e3-8ec50fd7232a-GrpcLogAppender: appendEntries Timeout, request=04cc0e6b-c1eb-454c-b8ab-76b776566c09->973364aa-0999-42fb-b1e3-8ec50fd7232a#205-t1, previous=(t:1, i:19), leaderCommit=13, initializing? false, entries: <empty>
2019-09-16 17:30:14,829 [java.util.concurrent.ThreadPoolExecutor$Worker@4b1e9ead[State = -1, empty queue]] WARN  server.GrpcLogAppender (GrpcLogAppender.java:timeoutAppendRequest(200)) - 04cc0e6b-c1eb-454c-b8ab-76b776566c09@group-A8369B54D72C->2ad8b8a5-9b47-4134-85fe-629322b782ac-GrpcLogAppender: appendEntries Timeout, request=04cc0e6b-c1eb-454c-b8ab-76b776566c09->2ad8b8a5-9b47-4134-85fe-629322b782ac#205-t1, previous=(t:1, i:19), leaderCommit=13, initializing? false, entries: <empty>
2019-09-16 17:30:17,330 [java.util.concurrent.ThreadPoolExecutor$Worker@4b1e9ead[State = -1, empty queue]] WARN  server.GrpcLogAppender (GrpcLogAppender.java:timeoutAppendRequest(200)) - 04cc0e6b-c1eb-454c-b8ab-76b776566c09@group-A8369B54D72C->2ad8b8a5-9b47-4134-85fe-629322b782ac-GrpcLogAppender: appendEntries Timeout, request=04cc0e6b-c1eb-454c-b8ab-76b776566c09->2ad8b8a5-9b47-4134-85fe-629322b782ac#206-t1, previous=(t:1, i:19), leaderCommit=13, initializing? false, entries: <empty>
2019-09-16 17:30:17,330 [java.util.concurrent.ThreadPoolExecutor$Worker@7b4d20f6[State = -1, empty queue]] WARN  server.GrpcLogAppender (GrpcLogAppender.java:timeoutAppendRequest(200)) - 04cc0e6b-c1eb-454c-b8ab-76b776566c09@group-A8369B54D72C->973364aa-0999-42fb-b1e3-8ec50fd7232a-GrpcLogAppender: appendEntries Timeout, request=04cc0e6b-c1eb-454c-b8ab-76b776566c09->973364aa-0999-42fb-b1e3-8ec50fd7232a#206-t1, previous=(t:1, i:19), leaderCommit=13, initializing? false, entries: <empty>
2019-09-16 17:30:17,723 [grpc-default-executor-5] INFO  client.GrpcClientProtocolClient (GrpcClientProtocolClient.java:onNext(264)) - client-445BDAC7BDF9->973364aa-0999-42fb-b1e3-8ec50fd7232a: receive RaftClientReply:client-445BDAC7BDF9->973364aa-0999-42fb-b1e3-8ec50fd7232a@group-A8369B54D72C, cid=142, FAILED org.apache.ratis.protocol.NotLeaderException: Server 973364aa-0999-42fb-b1e3-8ec50fd7232a@group-A8369B54D72C is not the leader 04cc0e6b-c1eb-454c-b8ab-76b776566c09:192.168.151.75:34634, logIndex=0, commits[973364aa-0999-42fb-b1e3-8ec50fd7232a:c13, 04cc0e6b-c1eb-454c-b8ab-76b776566c09:c13, 2ad8b8a5-9b47-4134-85fe-629322b782ac:c12]
2019-09-16 17:30:19,831 [java.util.concurrent.ThreadPoolExecutor$Worker@7b4d20f6[State = -1, empty queue]] WARN  server.GrpcLogAppender (GrpcLogAppender.java:timeoutAppendRequest(200)) - 04cc0e6b-c1eb-454c-b8ab-76b776566c09@group-A8369B54D72C->973364aa-0999-42fb-b1e3-8ec50fd7232a-GrpcLogAppender: appendEntries Timeout, request=04cc0e6b-c1eb-454c-b8ab-76b776566c09->973364aa-0999-42fb-b1e3-8ec50fd7232a#207-t1, previous=(t:1, i:19), leaderCommit=13, initializing? false, entries: <empty>
2019-09-16 17:30:19,831 [java.util.concurrent.ThreadPoolExecutor$Worker@4b1e9ead[State = -1, empty queue]] WARN  server.GrpcLogAppender (GrpcLogAppender.java:timeoutAppendRequest(200)) - 04cc0e6b-c1eb-454c-b8ab-76b776566c09@group-A8369B54D72C->2ad8b8a5-9b47-4134-85fe-629322b782ac-GrpcLogAppender: appendEntries Timeout, request=04cc0e6b-c1eb-454c-b8ab-76b776566c09->2ad8b8a5-9b47-4134-85fe-629322b782ac#207-t1, previous=(t:1, i:19), leaderCommit=13, initializing? false, entries: <empty>
2019-09-16 17:30:21,805 [04cc0e6b-c1eb-454c-b8ab-76b776566c09@group-A8369B54D72C-SegmentedRaftLogWorker] WARN  segmented.SegmentedRaftLogWorker (SegmentedRaftLogWorker.java:getFromFuture(90)) - Timeout 8/~
org.apache.ratis.protocol.TimeoutIOException: Timeout 10s: WriteLog:14: (t:1, i:14), STATEMACHINELOGENTRY, client-445BDAC7BDF9, cid=142-writeStateMachineData
	at org.apache.ratis.util.IOUtils.getFromFuture(IOUtils.java:87)
	at org.apache.ratis.server.raftlog.segmented.SegmentedRaftLogWorker$StateMachineDataPolicy.getFromFuture(SegmentedRaftLogWorker.java:87)
	at org.apache.ratis.server.raftlog.segmented.SegmentedRaftLogWorker$WriteLog.execute(SegmentedRaftLogWorker.java:477)
	at org.apache.ratis.server.raftlog.segmented.SegmentedRaftLogWorker.run(SegmentedRaftLogWorker.java:289)
	at java.lang.Thread.run(Thread.java:748)
Caused by: java.util.concurrent.TimeoutException
	at java.util.concurrent.CompletableFuture.timedGet(CompletableFuture.java:1771)
	at java.util.concurrent.CompletableFuture.get(CompletableFuture.java:1915)
	at org.apache.ratis.util.IOUtils.getFromFuture(IOUtils.java:79)
	... 4 more
2019-09-16 17:30:21,828 [973364aa-0999-42fb-b1e3-8ec50fd7232a@group-A8369B54D72C-SegmentedRaftLogWorker] WARN  segmented.SegmentedRaftLogWorker (SegmentedRaftLogWorker.java:getFromFuture(90)) - Timeout 8/~
org.apache.ratis.protocol.TimeoutIOException: Timeout 10s: WriteLog:14: (t:1, i:14), STATEMACHINELOGENTRY, client-445BDAC7BDF9, cid=142-writeStateMachineData
	at org.apache.ratis.util.IOUtils.getFromFuture(IOUtils.java:87)
	at org.apache.ratis.server.raftlog.segmented.SegmentedRaftLogWorker$StateMachineDataPolicy.getFromFuture(SegmentedRaftLogWorker.java:87)
	at org.apache.ratis.server.raftlog.segmented.SegmentedRaftLogWorker$WriteLog.execute(SegmentedRaftLogWorker.java:477)
	at org.apache.ratis.server.raftlog.segmented.SegmentedRaftLogWorker.run(SegmentedRaftLogWorker.java:289)
	at java.lang.Thread.run(Thread.java:748)
Caused by: java.util.concurrent.TimeoutException
	at java.util.concurrent.CompletableFuture.timedGet(CompletableFuture.java:1771)
	at java.util.concurrent.CompletableFuture.get(CompletableFuture.java:1915)
	at org.apache.ratis.util.IOUtils.getFromFuture(IOUtils.java:79)
	... 4 more
2019-09-16 17:30:21,828 [2ad8b8a5-9b47-4134-85fe-629322b782ac@group-A8369B54D72C-SegmentedRaftLogWorker] WARN  segmented.SegmentedRaftLogWorker (SegmentedRaftLogWorker.java:getFromFuture(90)) - Timeout 8/~
org.apache.ratis.protocol.TimeoutIOException: Timeout 10s: WriteLog:14: (t:1, i:14), STATEMACHINELOGENTRY, client-445BDAC7BDF9, cid=142-writeStateMachineData
	at org.apache.ratis.util.IOUtils.getFromFuture(IOUtils.java:87)
	at org.apache.ratis.server.raftlog.segmented.SegmentedRaftLogWorker$StateMachineDataPolicy.getFromFuture(SegmentedRaftLogWorker.java:87)
	at org.apache.ratis.server.raftlog.segmented.SegmentedRaftLogWorker$WriteLog.execute(SegmentedRaftLogWorker.java:477)
	at org.apache.ratis.server.raftlog.segmented.SegmentedRaftLogWorker.run(SegmentedRaftLogWorker.java:289)
	at java.lang.Thread.run(Thread.java:748)
Caused by: java.util.concurrent.TimeoutException
	at java.util.concurrent.CompletableFuture.timedGet(CompletableFuture.java:1771)
	at java.util.concurrent.CompletableFuture.get(CompletableFuture.java:1915)
	at org.apache.ratis.util.IOUtils.getFromFuture(IOUtils.java:79)
	... 4 more
2019-09-16 17:30:22,331 [java.util.concurrent.ThreadPoolExecutor$Worker@7b4d20f6[State = -1, empty queue]] WARN  server.GrpcLogAppender (GrpcLogAppender.java:timeoutAppendRequest(200)) - 04cc0e6b-c1eb-454c-b8ab-76b776566c09@group-A8369B54D72C->973364aa-0999-42fb-b1e3-8ec50fd7232a-GrpcLogAppender: appendEntries Timeout, request=04cc0e6b-c1eb-454c-b8ab-76b776566c09->973364aa-0999-42fb-b1e3-8ec50fd7232a#208-t1, previous=(t:1, i:19), leaderCommit=13, initializing? false, entries: <empty>
2019-09-16 17:30:22,331 [java.util.concurrent.ThreadPoolExecutor$Worker@4b1e9ead[State = -1, empty queue]] WARN  server.GrpcLogAppender (GrpcLogAppender.java:timeoutAppendRequest(200)) - 04cc0e6b-c1eb-454c-b8ab-76b776566c09@group-A8369B54D72C->2ad8b8a5-9b47-4134-85fe-629322b782ac-GrpcLogAppender: appendEntries Timeout, request=04cc0e6b-c1eb-454c-b8ab-76b776566c09->2ad8b8a5-9b47-4134-85fe-629322b782ac#208-t1, previous=(t:1, i:19), leaderCommit=13, initializing? false, entries: <empty>
2019-09-16 17:30:22,799 [grpc-default-executor-8] INFO  client.GrpcClientProtocolClient (GrpcClientProtocolClient.java:onNext(264)) - client-445BDAC7BDF9->973364aa-0999-42fb-b1e3-8ec50fd7232a: receive RaftClientReply:client-445BDAC7BDF9->973364aa-0999-42fb-b1e3-8ec50fd7232a@group-A8369B54D72C, cid=142, FAILED org.apache.ratis.protocol.NotLeaderException: Server 973364aa-0999-42fb-b1e3-8ec50fd7232a@group-A8369B54D72C is not the leader 04cc0e6b-c1eb-454c-b8ab-76b776566c09:192.168.151.75:34634, logIndex=0, commits[973364aa-0999-42fb-b1e3-8ec50fd7232a:c13, 04cc0e6b-c1eb-454c-b8ab-76b776566c09:c13, 2ad8b8a5-9b47-4134-85fe-629322b782ac:c12]
2019-09-16 17:30:24,831 [java.util.concurrent.ThreadPoolExecutor$Worker@7b4d20f6[State = -1, empty queue]] WARN  server.GrpcLogAppender (GrpcLogAppender.java:timeoutAppendRequest(200)) - 04cc0e6b-c1eb-454c-b8ab-76b776566c09@group-A8369B54D72C->973364aa-0999-42fb-b1e3-8ec50fd7232a-GrpcLogAppender: appendEntries Timeout, request=04cc0e6b-c1eb-454c-b8ab-76b776566c09->973364aa-0999-42fb-b1e3-8ec50fd7232a#209-t1, previous=(t:1, i:19), leaderCommit=13, initializing? false, entries: <empty>
2019-09-16 17:30:24,831 [java.util.concurrent.ThreadPoolExecutor$Worker@4b1e9ead[State = -1, empty queue]] WARN  server.GrpcLogAppender (GrpcLogAppender.java:timeoutAppendRequest(200)) - 04cc0e6b-c1eb-454c-b8ab-76b776566c09@group-A8369B54D72C->2ad8b8a5-9b47-4134-85fe-629322b782ac-GrpcLogAppender: appendEntries Timeout, request=04cc0e6b-c1eb-454c-b8ab-76b776566c09->2ad8b8a5-9b47-4134-85fe-629322b782ac#209-t1, previous=(t:1, i:19), leaderCommit=13, initializing? false, entries: <empty>
2019-09-16 17:30:27,332 [java.util.concurrent.ThreadPoolExecutor$Worker@4b1e9ead[State = -1, empty queue]] WARN  server.GrpcLogAppender (GrpcLogAppender.java:timeoutAppendRequest(200)) - 04cc0e6b-c1eb-454c-b8ab-76b776566c09@group-A8369B54D72C->2ad8b8a5-9b47-4134-85fe-629322b782ac-GrpcLogAppender: appendEntries Timeout, request=04cc0e6b-c1eb-454c-b8ab-76b776566c09->2ad8b8a5-9b47-4134-85fe-629322b782ac#210-t1, previous=(t:1, i:19), leaderCommit=13, initializing? false, entries: <empty>
2019-09-16 17:30:27,332 [java.util.concurrent.ThreadPoolExecutor$Worker@7b4d20f6[State = -1, empty queue]] WARN  server.GrpcLogAppender (GrpcLogAppender.java:timeoutAppendRequest(200)) - 04cc0e6b-c1eb-454c-b8ab-76b776566c09@group-A8369B54D72C->973364aa-0999-42fb-b1e3-8ec50fd7232a-GrpcLogAppender: appendEntries Timeout, request=04cc0e6b-c1eb-454c-b8ab-76b776566c09->973364aa-0999-42fb-b1e3-8ec50fd7232a#210-t1, previous=(t:1, i:19), leaderCommit=13, initializing? false, entries: <empty>
2019-09-16 17:30:27,877 [grpc-default-executor-8] INFO  client.GrpcClientProtocolClient (GrpcClientProtocolClient.java:onNext(264)) - client-445BDAC7BDF9->2ad8b8a5-9b47-4134-85fe-629322b782ac: receive RaftClientReply:client-445BDAC7BDF9->2ad8b8a5-9b47-4134-85fe-629322b782ac@group-A8369B54D72C, cid=142, FAILED org.apache.ratis.protocol.NotLeaderException: Server 2ad8b8a5-9b47-4134-85fe-629322b782ac@group-A8369B54D72C is not the leader 04cc0e6b-c1eb-454c-b8ab-76b776566c09:192.168.151.75:34634, logIndex=0, commits[2ad8b8a5-9b47-4134-85fe-629322b782ac:c13, 04cc0e6b-c1eb-454c-b8ab-76b776566c09:c13, 973364aa-0999-42fb-b1e3-8ec50fd7232a:c12]
2019-09-16 17:30:29,836 [java.util.concurrent.ThreadPoolExecutor$Worker@4b1e9ead[State = -1, empty queue]] WARN  server.GrpcLogAppender (GrpcLogAppender.java:timeoutAppendRequest(200)) - 04cc0e6b-c1eb-454c-b8ab-76b776566c09@group-A8369B54D72C->2ad8b8a5-9b47-4134-85fe-629322b782ac-GrpcLogAppender: appendEntries Timeout, request=04cc0e6b-c1eb-454c-b8ab-76b776566c09->2ad8b8a5-9b47-4134-85fe-629322b782ac#211-t1, previous=(t:1, i:19), leaderCommit=13, initializing? false, entries: <empty>
2019-09-16 17:30:29,836 [java.util.concurrent.ThreadPoolExecutor$Worker@7b4d20f6[State = -1, empty queue]] WARN  server.GrpcLogAppender (GrpcLogAppender.java:timeoutAppendRequest(200)) - 04cc0e6b-c1eb-454c-b8ab-76b776566c09@group-A8369B54D72C->973364aa-0999-42fb-b1e3-8ec50fd7232a-GrpcLogAppender: appendEntries Timeout, request=04cc0e6b-c1eb-454c-b8ab-76b776566c09->973364aa-0999-42fb-b1e3-8ec50fd7232a#211-t1, previous=(t:1, i:19), leaderCommit=13, initializing? false, entries: <empty>
2019-09-16 17:30:31,807 [04cc0e6b-c1eb-454c-b8ab-76b776566c09@group-A8369B54D72C-SegmentedRaftLogWorker] WARN  segmented.SegmentedRaftLogWorker (SegmentedRaftLogWorker.java:getFromFuture(90)) - Timeout 9/~
org.apache.ratis.protocol.TimeoutIOException: Timeout 10s: WriteLog:14: (t:1, i:14), STATEMACHINELOGENTRY, client-445BDAC7BDF9, cid=142-writeStateMachineData
	at org.apache.ratis.util.IOUtils.getFromFuture(IOUtils.java:87)
	at org.apache.ratis.server.raftlog.segmented.SegmentedRaftLogWorker$StateMachineDataPolicy.getFromFuture(SegmentedRaftLogWorker.java:87)
	at org.apache.ratis.server.raftlog.segmented.SegmentedRaftLogWorker$WriteLog.execute(SegmentedRaftLogWorker.java:477)
	at org.apache.ratis.server.raftlog.segmented.SegmentedRaftLogWorker.run(SegmentedRaftLogWorker.java:289)
	at java.lang.Thread.run(Thread.java:748)
Caused by: java.util.concurrent.TimeoutException
	at java.util.concurrent.CompletableFuture.timedGet(CompletableFuture.java:1771)
	at java.util.concurrent.CompletableFuture.get(CompletableFuture.java:1915)
	at org.apache.ratis.util.IOUtils.getFromFuture(IOUtils.java:79)
	... 4 more
2019-09-16 17:30:31,829 [973364aa-0999-42fb-b1e3-8ec50fd7232a@group-A8369B54D72C-SegmentedRaftLogWorker] WARN  segmented.SegmentedRaftLogWorker (SegmentedRaftLogWorker.java:getFromFuture(90)) - Timeout 9/~
org.apache.ratis.protocol.TimeoutIOException: Timeout 10s: WriteLog:14: (t:1, i:14), STATEMACHINELOGENTRY, client-445BDAC7BDF9, cid=142-writeStateMachineData
	at org.apache.ratis.util.IOUtils.getFromFuture(IOUtils.java:87)
	at org.apache.ratis.server.raftlog.segmented.SegmentedRaftLogWorker$StateMachineDataPolicy.getFromFuture(SegmentedRaftLogWorker.java:87)
	at org.apache.ratis.server.raftlog.segmented.SegmentedRaftLogWorker$WriteLog.execute(SegmentedRaftLogWorker.java:477)
	at org.apache.ratis.server.raftlog.segmented.SegmentedRaftLogWorker.run(SegmentedRaftLogWorker.java:289)
	at java.lang.Thread.run(Thread.java:748)
Caused by: java.util.concurrent.TimeoutException
	at java.util.concurrent.CompletableFuture.timedGet(CompletableFuture.java:1771)
	at java.util.concurrent.CompletableFuture.get(CompletableFuture.java:1915)
	at org.apache.ratis.util.IOUtils.getFromFuture(IOUtils.java:79)
	... 4 more
2019-09-16 17:30:31,829 [2ad8b8a5-9b47-4134-85fe-629322b782ac@group-A8369B54D72C-SegmentedRaftLogWorker] WARN  segmented.SegmentedRaftLogWorker (SegmentedRaftLogWorker.java:getFromFuture(90)) - Timeout 9/~
org.apache.ratis.protocol.TimeoutIOException: Timeout 10s: WriteLog:14: (t:1, i:14), STATEMACHINELOGENTRY, client-445BDAC7BDF9, cid=142-writeStateMachineData
	at org.apache.ratis.util.IOUtils.getFromFuture(IOUtils.java:87)
	at org.apache.ratis.server.raftlog.segmented.SegmentedRaftLogWorker$StateMachineDataPolicy.getFromFuture(SegmentedRaftLogWorker.java:87)
	at org.apache.ratis.server.raftlog.segmented.SegmentedRaftLogWorker$WriteLog.execute(SegmentedRaftLogWorker.java:477)
	at org.apache.ratis.server.raftlog.segmented.SegmentedRaftLogWorker.run(SegmentedRaftLogWorker.java:289)
	at java.lang.Thread.run(Thread.java:748)
Caused by: java.util.concurrent.TimeoutException
	at java.util.concurrent.CompletableFuture.timedGet(CompletableFuture.java:1771)
	at java.util.concurrent.CompletableFuture.get(CompletableFuture.java:1915)
	at org.apache.ratis.util.IOUtils.getFromFuture(IOUtils.java:79)
	... 4 more
2019-09-16 17:30:32,336 [java.util.concurrent.ThreadPoolExecutor$Worker@7b4d20f6[State = -1, empty queue]] WARN  server.GrpcLogAppender (GrpcLogAppender.java:timeoutAppendRequest(200)) - 04cc0e6b-c1eb-454c-b8ab-76b776566c09@group-A8369B54D72C->973364aa-0999-42fb-b1e3-8ec50fd7232a-GrpcLogAppender: appendEntries Timeout, request=04cc0e6b-c1eb-454c-b8ab-76b776566c09->973364aa-0999-42fb-b1e3-8ec50fd7232a#212-t1, previous=(t:1, i:19), leaderCommit=13, initializing? false, entries: <empty>
2019-09-16 17:30:32,336 [java.util.concurrent.ThreadPoolExecutor$Worker@4b1e9ead[State = -1, empty queue]] WARN  server.GrpcLogAppender (GrpcLogAppender.java:timeoutAppendRequest(200)) - 04cc0e6b-c1eb-454c-b8ab-76b776566c09@group-A8369B54D72C->2ad8b8a5-9b47-4134-85fe-629322b782ac-GrpcLogAppender: appendEntries Timeout, request=04cc0e6b-c1eb-454c-b8ab-76b776566c09->2ad8b8a5-9b47-4134-85fe-629322b782ac#212-t1, previous=(t:1, i:19), leaderCommit=13, initializing? false, entries: <empty>
2019-09-16 17:30:32,936 [grpc-default-executor-8] INFO  client.GrpcClientProtocolClient (GrpcClientProtocolClient.java:onNext(264)) - client-445BDAC7BDF9->2ad8b8a5-9b47-4134-85fe-629322b782ac: receive RaftClientReply:client-445BDAC7BDF9->2ad8b8a5-9b47-4134-85fe-629322b782ac@group-A8369B54D72C, cid=142, FAILED org.apache.ratis.protocol.NotLeaderException: Server 2ad8b8a5-9b47-4134-85fe-629322b782ac@group-A8369B54D72C is not the leader 04cc0e6b-c1eb-454c-b8ab-76b776566c09:192.168.151.75:34634, logIndex=0, commits[2ad8b8a5-9b47-4134-85fe-629322b782ac:c13, 04cc0e6b-c1eb-454c-b8ab-76b776566c09:c13, 973364aa-0999-42fb-b1e3-8ec50fd7232a:c12]
2019-09-16 17:30:34,837 [java.util.concurrent.ThreadPoolExecutor$Worker@4b1e9ead[State = -1, empty queue]] WARN  server.GrpcLogAppender (GrpcLogAppender.java:timeoutAppendRequest(200)) - 04cc0e6b-c1eb-454c-b8ab-76b776566c09@group-A8369B54D72C->2ad8b8a5-9b47-4134-85fe-629322b782ac-GrpcLogAppender: appendEntries Timeout, request=04cc0e6b-c1eb-454c-b8ab-76b776566c09->2ad8b8a5-9b47-4134-85fe-629322b782ac#213-t1, previous=(t:1, i:19), leaderCommit=13, initializing? false, entries: <empty>
2019-09-16 17:30:34,837 [java.util.concurrent.ThreadPoolExecutor$Worker@7b4d20f6[State = -1, empty queue]] WARN  server.GrpcLogAppender (GrpcLogAppender.java:timeoutAppendRequest(200)) - 04cc0e6b-c1eb-454c-b8ab-76b776566c09@group-A8369B54D72C->973364aa-0999-42fb-b1e3-8ec50fd7232a-GrpcLogAppender: appendEntries Timeout, request=04cc0e6b-c1eb-454c-b8ab-76b776566c09->973364aa-0999-42fb-b1e3-8ec50fd7232a#213-t1, previous=(t:1, i:19), leaderCommit=13, initializing? false, entries: <empty>
2019-09-16 17:30:37,337 [java.util.concurrent.ThreadPoolExecutor$Worker@4b1e9ead[State = -1, empty queue]] WARN  server.GrpcLogAppender (GrpcLogAppender.java:timeoutAppendRequest(200)) - 04cc0e6b-c1eb-454c-b8ab-76b776566c09@group-A8369B54D72C->2ad8b8a5-9b47-4134-85fe-629322b782ac-GrpcLogAppender: appendEntries Timeout, request=04cc0e6b-c1eb-454c-b8ab-76b776566c09->2ad8b8a5-9b47-4134-85fe-629322b782ac#214-t1, previous=(t:1, i:19), leaderCommit=13, initializing? false, entries: <empty>
2019-09-16 17:30:37,337 [java.util.concurrent.ThreadPoolExecutor$Worker@7b4d20f6[State = -1, empty queue]] WARN  server.GrpcLogAppender (GrpcLogAppender.java:timeoutAppendRequest(200)) - 04cc0e6b-c1eb-454c-b8ab-76b776566c09@group-A8369B54D72C->973364aa-0999-42fb-b1e3-8ec50fd7232a-GrpcLogAppender: appendEntries Timeout, request=04cc0e6b-c1eb-454c-b8ab-76b776566c09->973364aa-0999-42fb-b1e3-8ec50fd7232a#214-t1, previous=(t:1, i:19), leaderCommit=13, initializing? false, entries: <empty>
2019-09-16 17:30:37,985 [grpc-default-executor-5] INFO  client.GrpcClientProtocolClient (GrpcClientProtocolClient.java:onNext(264)) - client-445BDAC7BDF9->2ad8b8a5-9b47-4134-85fe-629322b782ac: receive RaftClientReply:client-445BDAC7BDF9->2ad8b8a5-9b47-4134-85fe-629322b782ac@group-A8369B54D72C, cid=142, FAILED org.apache.ratis.protocol.NotLeaderException: Server 2ad8b8a5-9b47-4134-85fe-629322b782ac@group-A8369B54D72C is not the leader 04cc0e6b-c1eb-454c-b8ab-76b776566c09:192.168.151.75:34634, logIndex=0, commits[2ad8b8a5-9b47-4134-85fe-629322b782ac:c13, 04cc0e6b-c1eb-454c-b8ab-76b776566c09:c13, 973364aa-0999-42fb-b1e3-8ec50fd7232a:c12]
2019-09-16 17:30:39,838 [java.util.concurrent.ThreadPoolExecutor$Worker@7b4d20f6[State = -1, empty queue]] WARN  server.GrpcLogAppender (GrpcLogAppender.java:timeoutAppendRequest(200)) - 04cc0e6b-c1eb-454c-b8ab-76b776566c09@group-A8369B54D72C->973364aa-0999-42fb-b1e3-8ec50fd7232a-GrpcLogAppender: appendEntries Timeout, request=04cc0e6b-c1eb-454c-b8ab-76b776566c09->973364aa-0999-42fb-b1e3-8ec50fd7232a#215-t1, previous=(t:1, i:19), leaderCommit=13, initializing? false, entries: <empty>
2019-09-16 17:30:39,838 [java.util.concurrent.ThreadPoolExecutor$Worker@4b1e9ead[State = -1, empty queue]] WARN  server.GrpcLogAppender (GrpcLogAppender.java:timeoutAppendRequest(200)) - 04cc0e6b-c1eb-454c-b8ab-76b776566c09@group-A8369B54D72C->2ad8b8a5-9b47-4134-85fe-629322b782ac-GrpcLogAppender: appendEntries Timeout, request=04cc0e6b-c1eb-454c-b8ab-76b776566c09->2ad8b8a5-9b47-4134-85fe-629322b782ac#215-t1, previous=(t:1, i:19), leaderCommit=13, initializing? false, entries: <empty>
2019-09-16 17:30:41,809 [04cc0e6b-c1eb-454c-b8ab-76b776566c09@group-A8369B54D72C-SegmentedRaftLogWorker] WARN  segmented.SegmentedRaftLogWorker (SegmentedRaftLogWorker.java:getFromFuture(90)) - Timeout 10/~
org.apache.ratis.protocol.TimeoutIOException: Timeout 10s: WriteLog:14: (t:1, i:14), STATEMACHINELOGENTRY, client-445BDAC7BDF9, cid=142-writeStateMachineData
	at org.apache.ratis.util.IOUtils.getFromFuture(IOUtils.java:87)
	at org.apache.ratis.server.raftlog.segmented.SegmentedRaftLogWorker$StateMachineDataPolicy.getFromFuture(SegmentedRaftLogWorker.java:87)
	at org.apache.ratis.server.raftlog.segmented.SegmentedRaftLogWorker$WriteLog.execute(SegmentedRaftLogWorker.java:477)
	at org.apache.ratis.server.raftlog.segmented.SegmentedRaftLogWorker.run(SegmentedRaftLogWorker.java:289)
	at java.lang.Thread.run(Thread.java:748)
Caused by: java.util.concurrent.TimeoutException
	at java.util.concurrent.CompletableFuture.timedGet(CompletableFuture.java:1771)
	at java.util.concurrent.CompletableFuture.get(CompletableFuture.java:1915)
	at org.apache.ratis.util.IOUtils.getFromFuture(IOUtils.java:79)
	... 4 more
2019-09-16 17:30:41,829 [973364aa-0999-42fb-b1e3-8ec50fd7232a@group-A8369B54D72C-SegmentedRaftLogWorker] WARN  segmented.SegmentedRaftLogWorker (SegmentedRaftLogWorker.java:getFromFuture(90)) - Timeout 10/~
org.apache.ratis.protocol.TimeoutIOException: Timeout 10s: WriteLog:14: (t:1, i:14), STATEMACHINELOGENTRY, client-445BDAC7BDF9, cid=142-writeStateMachineData
	at org.apache.ratis.util.IOUtils.getFromFuture(IOUtils.java:87)
	at org.apache.ratis.server.raftlog.segmented.SegmentedRaftLogWorker$StateMachineDataPolicy.getFromFuture(SegmentedRaftLogWorker.java:87)
	at org.apache.ratis.server.raftlog.segmented.SegmentedRaftLogWorker$WriteLog.execute(SegmentedRaftLogWorker.java:477)
	at org.apache.ratis.server.raftlog.segmented.SegmentedRaftLogWorker.run(SegmentedRaftLogWorker.java:289)
	at java.lang.Thread.run(Thread.java:748)
Caused by: java.util.concurrent.TimeoutException
	at java.util.concurrent.CompletableFuture.timedGet(CompletableFuture.java:1771)
	at java.util.concurrent.CompletableFuture.get(CompletableFuture.java:1915)
	at org.apache.ratis.util.IOUtils.getFromFuture(IOUtils.java:79)
	... 4 more
2019-09-16 17:30:41,830 [2ad8b8a5-9b47-4134-85fe-629322b782ac@group-A8369B54D72C-SegmentedRaftLogWorker] WARN  segmented.SegmentedRaftLogWorker (SegmentedRaftLogWorker.java:getFromFuture(90)) - Timeout 10/~
org.apache.ratis.protocol.TimeoutIOException: Timeout 10s: WriteLog:14: (t:1, i:14), STATEMACHINELOGENTRY, client-445BDAC7BDF9, cid=142-writeStateMachineData
	at org.apache.ratis.util.IOUtils.getFromFuture(IOUtils.java:87)
	at org.apache.ratis.server.raftlog.segmented.SegmentedRaftLogWorker$StateMachineDataPolicy.getFromFuture(SegmentedRaftLogWorker.java:87)
	at org.apache.ratis.server.raftlog.segmented.SegmentedRaftLogWorker$WriteLog.execute(SegmentedRaftLogWorker.java:477)
	at org.apache.ratis.server.raftlog.segmented.SegmentedRaftLogWorker.run(SegmentedRaftLogWorker.java:289)
	at java.lang.Thread.run(Thread.java:748)
Caused by: java.util.concurrent.TimeoutException
	at java.util.concurrent.CompletableFuture.timedGet(CompletableFuture.java:1771)
	at java.util.concurrent.CompletableFuture.get(CompletableFuture.java:1915)
	at org.apache.ratis.util.IOUtils.getFromFuture(IOUtils.java:79)
	... 4 more
2019-09-16 17:30:42,338 [java.util.concurrent.ThreadPoolExecutor$Worker@4b1e9ead[State = -1, empty queue]] WARN  server.GrpcLogAppender (GrpcLogAppender.java:timeoutAppendRequest(200)) - 04cc0e6b-c1eb-454c-b8ab-76b776566c09@group-A8369B54D72C->2ad8b8a5-9b47-4134-85fe-629322b782ac-GrpcLogAppender: appendEntries Timeout, request=04cc0e6b-c1eb-454c-b8ab-76b776566c09->2ad8b8a5-9b47-4134-85fe-629322b782ac#216-t1, previous=(t:1, i:19), leaderCommit=13, initializing? false, entries: <empty>
2019-09-16 17:30:42,338 [java.util.concurrent.ThreadPoolExecutor$Worker@7b4d20f6[State = -1, empty queue]] WARN  server.GrpcLogAppender (GrpcLogAppender.java:timeoutAppendRequest(200)) - 04cc0e6b-c1eb-454c-b8ab-76b776566c09@group-A8369B54D72C->973364aa-0999-42fb-b1e3-8ec50fd7232a-GrpcLogAppender: appendEntries Timeout, request=04cc0e6b-c1eb-454c-b8ab-76b776566c09->973364aa-0999-42fb-b1e3-8ec50fd7232a#216-t1, previous=(t:1, i:19), leaderCommit=13, initializing? false, entries: <empty>
2019-09-16 17:30:43,028 [grpc-default-executor-5] INFO  client.GrpcClientProtocolClient (GrpcClientProtocolClient.java:onNext(264)) - client-445BDAC7BDF9->973364aa-0999-42fb-b1e3-8ec50fd7232a: receive RaftClientReply:client-445BDAC7BDF9->973364aa-0999-42fb-b1e3-8ec50fd7232a@group-A8369B54D72C, cid=142, FAILED org.apache.ratis.protocol.NotLeaderException: Server 973364aa-0999-42fb-b1e3-8ec50fd7232a@group-A8369B54D72C is not the leader 04cc0e6b-c1eb-454c-b8ab-76b776566c09:192.168.151.75:34634, logIndex=0, commits[973364aa-0999-42fb-b1e3-8ec50fd7232a:c13, 04cc0e6b-c1eb-454c-b8ab-76b776566c09:c13, 2ad8b8a5-9b47-4134-85fe-629322b782ac:c12]
2019-09-16 17:30:44,839 [java.util.concurrent.ThreadPoolExecutor$Worker@7b4d20f6[State = -1, empty queue]] WARN  server.GrpcLogAppender (GrpcLogAppender.java:timeoutAppendRequest(200)) - 04cc0e6b-c1eb-454c-b8ab-76b776566c09@group-A8369B54D72C->973364aa-0999-42fb-b1e3-8ec50fd7232a-GrpcLogAppender: appendEntries Timeout, request=04cc0e6b-c1eb-454c-b8ab-76b776566c09->973364aa-0999-42fb-b1e3-8ec50fd7232a#217-t1, previous=(t:1, i:19), leaderCommit=13, initializing? false, entries: <empty>
2019-09-16 17:30:44,839 [java.util.concurrent.ThreadPoolExecutor$Worker@4b1e9ead[State = -1, empty queue]] WARN  server.GrpcLogAppender (GrpcLogAppender.java:timeoutAppendRequest(200)) - 04cc0e6b-c1eb-454c-b8ab-76b776566c09@group-A8369B54D72C->2ad8b8a5-9b47-4134-85fe-629322b782ac-GrpcLogAppender: appendEntries Timeout, request=04cc0e6b-c1eb-454c-b8ab-76b776566c09->2ad8b8a5-9b47-4134-85fe-629322b782ac#217-t1, previous=(t:1, i:19), leaderCommit=13, initializing? false, entries: <empty>
2019-09-16 17:30:47,340 [java.util.concurrent.ThreadPoolExecutor$Worker@4b1e9ead[State = -1, empty queue]] WARN  server.GrpcLogAppender (GrpcLogAppender.java:timeoutAppendRequest(200)) - 04cc0e6b-c1eb-454c-b8ab-76b776566c09@group-A8369B54D72C->2ad8b8a5-9b47-4134-85fe-629322b782ac-GrpcLogAppender: appendEntries Timeout, request=04cc0e6b-c1eb-454c-b8ab-76b776566c09->2ad8b8a5-9b47-4134-85fe-629322b782ac#218-t1, previous=(t:1, i:19), leaderCommit=13, initializing? false, entries: <empty>
2019-09-16 17:30:47,340 [java.util.concurrent.ThreadPoolExecutor$Worker@7b4d20f6[State = -1, empty queue]] WARN  server.GrpcLogAppender (GrpcLogAppender.java:timeoutAppendRequest(200)) - 04cc0e6b-c1eb-454c-b8ab-76b776566c09@group-A8369B54D72C->973364aa-0999-42fb-b1e3-8ec50fd7232a-GrpcLogAppender: appendEntries Timeout, request=04cc0e6b-c1eb-454c-b8ab-76b776566c09->973364aa-0999-42fb-b1e3-8ec50fd7232a#218-t1, previous=(t:1, i:19), leaderCommit=13, initializing? false, entries: <empty>
2019-09-16 17:30:48,075 [grpc-default-executor-8] INFO  client.GrpcClientProtocolClient (GrpcClientProtocolClient.java:onNext(264)) - client-445BDAC7BDF9->973364aa-0999-42fb-b1e3-8ec50fd7232a: receive RaftClientReply:client-445BDAC7BDF9->973364aa-0999-42fb-b1e3-8ec50fd7232a@group-A8369B54D72C, cid=142, FAILED org.apache.ratis.protocol.NotLeaderException: Server 973364aa-0999-42fb-b1e3-8ec50fd7232a@group-A8369B54D72C is not the leader 04cc0e6b-c1eb-454c-b8ab-76b776566c09:192.168.151.75:34634, logIndex=0, commits[973364aa-0999-42fb-b1e3-8ec50fd7232a:c13, 04cc0e6b-c1eb-454c-b8ab-76b776566c09:c13, 2ad8b8a5-9b47-4134-85fe-629322b782ac:c12]
2019-09-16 17:30:49,840 [java.util.concurrent.ThreadPoolExecutor$Worker@4b1e9ead[State = -1, empty queue]] WARN  server.GrpcLogAppender (GrpcLogAppender.java:timeoutAppendRequest(200)) - 04cc0e6b-c1eb-454c-b8ab-76b776566c09@group-A8369B54D72C->2ad8b8a5-9b47-4134-85fe-629322b782ac-GrpcLogAppender: appendEntries Timeout, request=04cc0e6b-c1eb-454c-b8ab-76b776566c09->2ad8b8a5-9b47-4134-85fe-629322b782ac#219-t1, previous=(t:1, i:19), leaderCommit=13, initializing? false, entries: <empty>
2019-09-16 17:30:49,840 [java.util.concurrent.ThreadPoolExecutor$Worker@7b4d20f6[State = -1, empty queue]] WARN  server.GrpcLogAppender (GrpcLogAppender.java:timeoutAppendRequest(200)) - 04cc0e6b-c1eb-454c-b8ab-76b776566c09@group-A8369B54D72C->973364aa-0999-42fb-b1e3-8ec50fd7232a-GrpcLogAppender: appendEntries Timeout, request=04cc0e6b-c1eb-454c-b8ab-76b776566c09->973364aa-0999-42fb-b1e3-8ec50fd7232a#219-t1, previous=(t:1, i:19), leaderCommit=13, initializing? false, entries: <empty>
2019-09-16 17:30:51,812 [04cc0e6b-c1eb-454c-b8ab-76b776566c09@group-A8369B54D72C-SegmentedRaftLogWorker] WARN  segmented.SegmentedRaftLogWorker (SegmentedRaftLogWorker.java:getFromFuture(90)) - Timeout 11/~
org.apache.ratis.protocol.TimeoutIOException: Timeout 10s: WriteLog:14: (t:1, i:14), STATEMACHINELOGENTRY, client-445BDAC7BDF9, cid=142-writeStateMachineData
	at org.apache.ratis.util.IOUtils.getFromFuture(IOUtils.java:87)
	at org.apache.ratis.server.raftlog.segmented.SegmentedRaftLogWorker$StateMachineDataPolicy.getFromFuture(SegmentedRaftLogWorker.java:87)
	at org.apache.ratis.server.raftlog.segmented.SegmentedRaftLogWorker$WriteLog.execute(SegmentedRaftLogWorker.java:477)
	at org.apache.ratis.server.raftlog.segmented.SegmentedRaftLogWorker.run(SegmentedRaftLogWorker.java:289)
	at java.lang.Thread.run(Thread.java:748)
Caused by: java.util.concurrent.TimeoutException
	at java.util.concurrent.CompletableFuture.timedGet(CompletableFuture.java:1771)
	at java.util.concurrent.CompletableFuture.get(CompletableFuture.java:1915)
	at org.apache.ratis.util.IOUtils.getFromFuture(IOUtils.java:79)
	... 4 more
2019-09-16 17:30:51,830 [973364aa-0999-42fb-b1e3-8ec50fd7232a@group-A8369B54D72C-SegmentedRaftLogWorker] WARN  segmented.SegmentedRaftLogWorker (SegmentedRaftLogWorker.java:getFromFuture(90)) - Timeout 11/~
org.apache.ratis.protocol.TimeoutIOException: Timeout 10s: WriteLog:14: (t:1, i:14), STATEMACHINELOGENTRY, client-445BDAC7BDF9, cid=142-writeStateMachineData
	at org.apache.ratis.util.IOUtils.getFromFuture(IOUtils.java:87)
	at org.apache.ratis.server.raftlog.segmented.SegmentedRaftLogWorker$StateMachineDataPolicy.getFromFuture(SegmentedRaftLogWorker.java:87)
	at org.apache.ratis.server.raftlog.segmented.SegmentedRaftLogWorker$WriteLog.execute(SegmentedRaftLogWorker.java:477)
	at org.apache.ratis.server.raftlog.segmented.SegmentedRaftLogWorker.run(SegmentedRaftLogWorker.java:289)
	at java.lang.Thread.run(Thread.java:748)
Caused by: java.util.concurrent.TimeoutException
	at java.util.concurrent.CompletableFuture.timedGet(CompletableFuture.java:1771)
	at java.util.concurrent.CompletableFuture.get(CompletableFuture.java:1915)
	at org.apache.ratis.util.IOUtils.getFromFuture(IOUtils.java:79)
	... 4 more
2019-09-16 17:30:51,831 [2ad8b8a5-9b47-4134-85fe-629322b782ac@group-A8369B54D72C-SegmentedRaftLogWorker] WARN  segmented.SegmentedRaftLogWorker (SegmentedRaftLogWorker.java:getFromFuture(90)) - Timeout 11/~
org.apache.ratis.protocol.TimeoutIOException: Timeout 10s: WriteLog:14: (t:1, i:14), STATEMACHINELOGENTRY, client-445BDAC7BDF9, cid=142-writeStateMachineData
	at org.apache.ratis.util.IOUtils.getFromFuture(IOUtils.java:87)
	at org.apache.ratis.server.raftlog.segmented.SegmentedRaftLogWorker$StateMachineDataPolicy.getFromFuture(SegmentedRaftLogWorker.java:87)
	at org.apache.ratis.server.raftlog.segmented.SegmentedRaftLogWorker$WriteLog.execute(SegmentedRaftLogWorker.java:477)
	at org.apache.ratis.server.raftlog.segmented.SegmentedRaftLogWorker.run(SegmentedRaftLogWorker.java:289)
	at java.lang.Thread.run(Thread.java:748)
Caused by: java.util.concurrent.TimeoutException
	at java.util.concurrent.CompletableFuture.timedGet(CompletableFuture.java:1771)
	at java.util.concurrent.CompletableFuture.get(CompletableFuture.java:1915)
	at org.apache.ratis.util.IOUtils.getFromFuture(IOUtils.java:79)
	... 4 more
2019-09-16 17:30:51,853 [org.apache.ratis.server.impl.LogAppender$AppenderDaemon$$Lambda$485/1974557644@14312308] ERROR ratis.XceiverServerRatis (XceiverServerRatis.java:triggerPipelineClose(568)) - pipeline Action CLOSE  on pipeline PipelineID=a4b81580-24b6-48aa-876e-a8369b54d72c.Reason : 04cc0e6b-c1eb-454c-b8ab-76b776566c09 has not seen follower/s 973364aa-0999-42fb-b1e3-8ec50fd7232a for 120218ms 2ad8b8a5-9b47-4134-85fe-629322b782ac for 120218ms
2019-09-16 17:30:51,853 [org.apache.ratis.server.impl.LogAppender$AppenderDaemon$$Lambda$485/1974557644@1d1e9b05] ERROR ratis.XceiverServerRatis (XceiverServerRatis.java:triggerPipelineClose(568)) - pipeline Action CLOSE  on pipeline PipelineID=a4b81580-24b6-48aa-876e-a8369b54d72c.Reason : 04cc0e6b-c1eb-454c-b8ab-76b776566c09 has not seen follower/s 973364aa-0999-42fb-b1e3-8ec50fd7232a for 120218ms 2ad8b8a5-9b47-4134-85fe-629322b782ac for 120218ms
2019-09-16 17:30:51,963 [EventQueue-PipelineActionsForPipelineActionHandler] ERROR pipeline.PipelineActionHandler (PipelineActionHandler.java:onMessage(60)) - Received pipeline action CLOSE for Pipeline[ Id: a4b81580-24b6-48aa-876e-a8369b54d72c, Nodes: 973364aa-0999-42fb-b1e3-8ec50fd7232a{ip: 192.168.151.75, host: pr-hdds-2114-2x2fm-437316914, networkLocation: /default-rack, certSerialId: null}04cc0e6b-c1eb-454c-b8ab-76b776566c09{ip: 192.168.151.75, host: pr-hdds-2114-2x2fm-437316914, networkLocation: /default-rack, certSerialId: null}2ad8b8a5-9b47-4134-85fe-629322b782ac{ip: 192.168.151.75, host: pr-hdds-2114-2x2fm-437316914, networkLocation: /default-rack, certSerialId: null}, Type:RATIS, Factor:THREE, State:OPEN] from datanode 04cc0e6b-c1eb-454c-b8ab-76b776566c09{ip: 192.168.151.75, host: pr-hdds-2114-2x2fm-437316914, networkLocation: /default-rack, certSerialId: null}. Reason : 04cc0e6b-c1eb-454c-b8ab-76b776566c09 has not seen follower/s 973364aa-0999-42fb-b1e3-8ec50fd7232a for 120218ms 2ad8b8a5-9b47-4134-85fe-629322b782ac for 120218ms
2019-09-16 17:30:51,963 [EventQueue-PipelineActionsForPipelineActionHandler] INFO  pipeline.SCMPipelineManager (SCMPipelineManager.java:finalizeAndDestroyPipeline(311)) - destroying pipeline:Pipeline[ Id: a4b81580-24b6-48aa-876e-a8369b54d72c, Nodes: 973364aa-0999-42fb-b1e3-8ec50fd7232a{ip: 192.168.151.75, host: pr-hdds-2114-2x2fm-437316914, networkLocation: /default-rack, certSerialId: null}04cc0e6b-c1eb-454c-b8ab-76b776566c09{ip: 192.168.151.75, host: pr-hdds-2114-2x2fm-437316914, networkLocation: /default-rack, certSerialId: null}2ad8b8a5-9b47-4134-85fe-629322b782ac{ip: 192.168.151.75, host: pr-hdds-2114-2x2fm-437316914, networkLocation: /default-rack, certSerialId: null}, Type:RATIS, Factor:THREE, State:OPEN]
2019-09-16 17:30:51,964 [EventQueue-PipelineActionsForPipelineActionHandler] INFO  pipeline.PipelineStateManager (PipelineStateManager.java:finalizePipeline(123)) - Pipeline Pipeline[ Id: a4b81580-24b6-48aa-876e-a8369b54d72c, Nodes: 973364aa-0999-42fb-b1e3-8ec50fd7232a{ip: 192.168.151.75, host: pr-hdds-2114-2x2fm-437316914, networkLocation: /default-rack, certSerialId: null}04cc0e6b-c1eb-454c-b8ab-76b776566c09{ip: 192.168.151.75, host: pr-hdds-2114-2x2fm-437316914, networkLocation: /default-rack, certSerialId: null}2ad8b8a5-9b47-4134-85fe-629322b782ac{ip: 192.168.151.75, host: pr-hdds-2114-2x2fm-437316914, networkLocation: /default-rack, certSerialId: null}, Type:RATIS, Factor:THREE, State:CLOSED] moved to CLOSED state
2019-09-16 17:30:51,964 [EventQueue-CloseContainerForCloseContainerEventHandler] INFO  container.CloseContainerEventHandler (CloseContainerEventHandler.java:onMessage(61)) - Close container Event triggered for container : #3
2019-09-16 17:30:51,966 [EventQueue-CloseContainerForCloseContainerEventHandler] INFO  container.CloseContainerEventHandler (CloseContainerEventHandler.java:onMessage(61)) - Close container Event triggered for container : #7
2019-09-16 17:30:51,966 [EventQueue-CloseContainerForCloseContainerEventHandler] INFO  container.CloseContainerEventHandler (CloseContainerEventHandler.java:onMessage(61)) - Close container Event triggered for container : #8
2019-09-16 17:30:52,341 [java.util.concurrent.ThreadPoolExecutor$Worker@7b4d20f6[State = -1, empty queue]] WARN  server.GrpcLogAppender (GrpcLogAppender.java:timeoutAppendRequest(200)) - 04cc0e6b-c1eb-454c-b8ab-76b776566c09@group-A8369B54D72C->973364aa-0999-42fb-b1e3-8ec50fd7232a-GrpcLogAppender: appendEntries Timeout, request=04cc0e6b-c1eb-454c-b8ab-76b776566c09->973364aa-0999-42fb-b1e3-8ec50fd7232a#220-t1, previous=(t:1, i:19), leaderCommit=13, initializing? false, entries: <empty>
2019-09-16 17:30:52,341 [java.util.concurrent.ThreadPoolExecutor$Worker@4b1e9ead[State = -1, empty queue]] WARN  server.GrpcLogAppender (GrpcLogAppender.java:timeoutAppendRequest(200)) - 04cc0e6b-c1eb-454c-b8ab-76b776566c09@group-A8369B54D72C->2ad8b8a5-9b47-4134-85fe-629322b782ac-GrpcLogAppender: appendEntries Timeout, request=04cc0e6b-c1eb-454c-b8ab-76b776566c09->2ad8b8a5-9b47-4134-85fe-629322b782ac#220-t1, previous=(t:1, i:19), leaderCommit=13, initializing? false, entries: <empty>
2019-09-16 17:30:53,136 [grpc-default-executor-8] INFO  client.GrpcClientProtocolClient (GrpcClientProtocolClient.java:onNext(264)) - client-445BDAC7BDF9->973364aa-0999-42fb-b1e3-8ec50fd7232a: receive RaftClientReply:client-445BDAC7BDF9->973364aa-0999-42fb-b1e3-8ec50fd7232a@group-A8369B54D72C, cid=142, FAILED org.apache.ratis.protocol.NotLeaderException: Server 973364aa-0999-42fb-b1e3-8ec50fd7232a@group-A8369B54D72C is not the leader 04cc0e6b-c1eb-454c-b8ab-76b776566c09:192.168.151.75:34634, logIndex=0, commits[973364aa-0999-42fb-b1e3-8ec50fd7232a:c13, 04cc0e6b-c1eb-454c-b8ab-76b776566c09:c13, 2ad8b8a5-9b47-4134-85fe-629322b782ac:c12]
2019-09-16 17:30:53,970 [org.apache.ratis.server.impl.LogAppender$AppenderDaemon$$Lambda$485/1974557644@1d1e9b05] ERROR ratis.XceiverServerRatis (XceiverServerRatis.java:triggerPipelineClose(568)) - pipeline Action CLOSE  on pipeline PipelineID=a4b81580-24b6-48aa-876e-a8369b54d72c.Reason : 04cc0e6b-c1eb-454c-b8ab-76b776566c09 has not seen follower/s 973364aa-0999-42fb-b1e3-8ec50fd7232a for 122345ms 2ad8b8a5-9b47-4134-85fe-629322b782ac for 122345ms
2019-09-16 17:30:53,970 [org.apache.ratis.server.impl.LogAppender$AppenderDaemon$$Lambda$485/1974557644@14312308] ERROR ratis.XceiverServerRatis (XceiverServerRatis.java:triggerPipelineClose(568)) - pipeline Action CLOSE  on pipeline PipelineID=a4b81580-24b6-48aa-876e-a8369b54d72c.Reason : 04cc0e6b-c1eb-454c-b8ab-76b776566c09 has not seen follower/s 973364aa-0999-42fb-b1e3-8ec50fd7232a for 122345ms 2ad8b8a5-9b47-4134-85fe-629322b782ac for 122346ms
2019-09-16 17:30:54,842 [java.util.concurrent.ThreadPoolExecutor$Worker@7b4d20f6[State = -1, empty queue]] WARN  server.GrpcLogAppender (GrpcLogAppender.java:timeoutAppendRequest(200)) - 04cc0e6b-c1eb-454c-b8ab-76b776566c09@group-A8369B54D72C->973364aa-0999-42fb-b1e3-8ec50fd7232a-GrpcLogAppender: appendEntries Timeout, request=04cc0e6b-c1eb-454c-b8ab-76b776566c09->973364aa-0999-42fb-b1e3-8ec50fd7232a#221-t1, previous=(t:1, i:19), leaderCommit=13, initializing? false, entries: <empty>
2019-09-16 17:30:54,842 [java.util.concurrent.ThreadPoolExecutor$Worker@4b1e9ead[State = -1, empty queue]] WARN  server.GrpcLogAppender (GrpcLogAppender.java:timeoutAppendRequest(200)) - 04cc0e6b-c1eb-454c-b8ab-76b776566c09@group-A8369B54D72C->2ad8b8a5-9b47-4134-85fe-629322b782ac-GrpcLogAppender: appendEntries Timeout, request=04cc0e6b-c1eb-454c-b8ab-76b776566c09->2ad8b8a5-9b47-4134-85fe-629322b782ac#221-t1, previous=(t:1, i:19), leaderCommit=13, initializing? false, entries: <empty>
2019-09-16 17:30:54,969 [EventQueue-PipelineActionsForPipelineActionHandler] ERROR pipeline.PipelineActionHandler (PipelineActionHandler.java:onMessage(60)) - Received pipeline action CLOSE for Pipeline[ Id: a4b81580-24b6-48aa-876e-a8369b54d72c, Nodes: 973364aa-0999-42fb-b1e3-8ec50fd7232a{ip: 192.168.151.75, host: pr-hdds-2114-2x2fm-437316914, networkLocation: /default-rack, certSerialId: null}04cc0e6b-c1eb-454c-b8ab-76b776566c09{ip: 192.168.151.75, host: pr-hdds-2114-2x2fm-437316914, networkLocation: /default-rack, certSerialId: null}2ad8b8a5-9b47-4134-85fe-629322b782ac{ip: 192.168.151.75, host: pr-hdds-2114-2x2fm-437316914, networkLocation: /default-rack, certSerialId: null}, Type:RATIS, Factor:THREE, State:CLOSED] from datanode 04cc0e6b-c1eb-454c-b8ab-76b776566c09{ip: 192.168.151.75, host: pr-hdds-2114-2x2fm-437316914, networkLocation: /default-rack, certSerialId: null}. Reason : 04cc0e6b-c1eb-454c-b8ab-76b776566c09 has not seen follower/s 973364aa-0999-42fb-b1e3-8ec50fd7232a for 122345ms 2ad8b8a5-9b47-4134-85fe-629322b782ac for 122345ms
2019-09-16 17:30:54,970 [EventQueue-PipelineActionsForPipelineActionHandler] INFO  pipeline.SCMPipelineManager (SCMPipelineManager.java:finalizeAndDestroyPipeline(311)) - destroying pipeline:Pipeline[ Id: a4b81580-24b6-48aa-876e-a8369b54d72c, Nodes: 973364aa-0999-42fb-b1e3-8ec50fd7232a{ip: 192.168.151.75, host: pr-hdds-2114-2x2fm-437316914, networkLocation: /default-rack, certSerialId: null}04cc0e6b-c1eb-454c-b8ab-76b776566c09{ip: 192.168.151.75, host: pr-hdds-2114-2x2fm-437316914, networkLocation: /default-rack, certSerialId: null}2ad8b8a5-9b47-4134-85fe-629322b782ac{ip: 192.168.151.75, host: pr-hdds-2114-2x2fm-437316914, networkLocation: /default-rack, certSerialId: null}, Type:RATIS, Factor:THREE, State:CLOSED]
2019-09-16 17:30:56,472 [org.apache.ratis.server.impl.LogAppender$AppenderDaemon$$Lambda$485/1974557644@1d1e9b05] ERROR ratis.XceiverServerRatis (XceiverServerRatis.java:triggerPipelineClose(568)) - pipeline Action CLOSE  on pipeline PipelineID=a4b81580-24b6-48aa-876e-a8369b54d72c.Reason : 04cc0e6b-c1eb-454c-b8ab-76b776566c09 has not seen follower/s 973364aa-0999-42fb-b1e3-8ec50fd7232a for 124848ms 2ad8b8a5-9b47-4134-85fe-629322b782ac for 124848ms
2019-09-16 17:30:56,472 [org.apache.ratis.server.impl.LogAppender$AppenderDaemon$$Lambda$485/1974557644@14312308] ERROR ratis.XceiverServerRatis (XceiverServerRatis.java:triggerPipelineClose(568)) - pipeline Action CLOSE  on pipeline PipelineID=a4b81580-24b6-48aa-876e-a8369b54d72c.Reason : 04cc0e6b-c1eb-454c-b8ab-76b776566c09 has not seen follower/s 973364aa-0999-42fb-b1e3-8ec50fd7232a for 124848ms 2ad8b8a5-9b47-4134-85fe-629322b782ac for 124848ms
2019-09-16 17:30:56,969 [EventQueue-PipelineActionsForPipelineActionHandler] ERROR pipeline.PipelineActionHandler (PipelineActionHandler.java:onMessage(60)) - Received pipeline action CLOSE for Pipeline[ Id: a4b81580-24b6-48aa-876e-a8369b54d72c, Nodes: 973364aa-0999-42fb-b1e3-8ec50fd7232a{ip: 192.168.151.75, host: pr-hdds-2114-2x2fm-437316914, networkLocation: /default-rack, certSerialId: null}04cc0e6b-c1eb-454c-b8ab-76b776566c09{ip: 192.168.151.75, host: pr-hdds-2114-2x2fm-437316914, networkLocation: /default-rack, certSerialId: null}2ad8b8a5-9b47-4134-85fe-629322b782ac{ip: 192.168.151.75, host: pr-hdds-2114-2x2fm-437316914, networkLocation: /default-rack, certSerialId: null}, Type:RATIS, Factor:THREE, State:CLOSED] from datanode 04cc0e6b-c1eb-454c-b8ab-76b776566c09{ip: 192.168.151.75, host: pr-hdds-2114-2x2fm-437316914, networkLocation: /default-rack, certSerialId: null}. Reason : 04cc0e6b-c1eb-454c-b8ab-76b776566c09 has not seen follower/s 973364aa-0999-42fb-b1e3-8ec50fd7232a for 124848ms 2ad8b8a5-9b47-4134-85fe-629322b782ac for 124848ms
2019-09-16 17:30:56,970 [EventQueue-PipelineActionsForPipelineActionHandler] INFO  pipeline.SCMPipelineManager (SCMPipelineManager.java:finalizeAndDestroyPipeline(311)) - destroying pipeline:Pipeline[ Id: a4b81580-24b6-48aa-876e-a8369b54d72c, Nodes: 973364aa-0999-42fb-b1e3-8ec50fd7232a{ip: 192.168.151.75, host: pr-hdds-2114-2x2fm-437316914, networkLocation: /default-rack, certSerialId: null}04cc0e6b-c1eb-454c-b8ab-76b776566c09{ip: 192.168.151.75, host: pr-hdds-2114-2x2fm-437316914, networkLocation: /default-rack, certSerialId: null}2ad8b8a5-9b47-4134-85fe-629322b782ac{ip: 192.168.151.75, host: pr-hdds-2114-2x2fm-437316914, networkLocation: /default-rack, certSerialId: null}, Type:RATIS, Factor:THREE, State:CLOSED]
2019-09-16 17:30:56,970 [java.util.concurrent.ThreadPoolExecutor$Worker@4b1e9ead[State = -1, empty queue]] WARN  server.GrpcLogAppender (GrpcLogAppender.java:timeoutAppendRequest(200)) - 04cc0e6b-c1eb-454c-b8ab-76b776566c09@group-A8369B54D72C->2ad8b8a5-9b47-4134-85fe-629322b782ac-GrpcLogAppender: appendEntries Timeout, request=04cc0e6b-c1eb-454c-b8ab-76b776566c09->2ad8b8a5-9b47-4134-85fe-629322b782ac#222-t1, previous=(t:1, i:19), leaderCommit=13, initializing? false, entries: size=1, first=(t:1, i:20), STATEMACHINELOGENTRY, client-50E36B403329, cid=15
2019-09-16 17:30:56,970 [java.util.concurrent.ThreadPoolExecutor$Worker@7b4d20f6[State = -1, empty queue]] WARN  server.GrpcLogAppender (GrpcLogAppender.java:timeoutAppendRequest(200)) - 04cc0e6b-c1eb-454c-b8ab-76b776566c09@group-A8369B54D72C->973364aa-0999-42fb-b1e3-8ec50fd7232a-GrpcLogAppender: appendEntries Timeout, request=04cc0e6b-c1eb-454c-b8ab-76b776566c09->973364aa-0999-42fb-b1e3-8ec50fd7232a#222-t1, previous=(t:1, i:19), leaderCommit=13, initializing? false, entries: size=1, first=(t:1, i:20), STATEMACHINELOGENTRY, client-50E36B403329, cid=15
2019-09-16 17:30:58,182 [grpc-default-executor-8] INFO  client.GrpcClientProtocolClient (GrpcClientProtocolClient.java:onNext(264)) - client-445BDAC7BDF9->973364aa-0999-42fb-b1e3-8ec50fd7232a: receive RaftClientReply:client-445BDAC7BDF9->973364aa-0999-42fb-b1e3-8ec50fd7232a@group-A8369B54D72C, cid=142, FAILED org.apache.ratis.protocol.NotLeaderException: Server 973364aa-0999-42fb-b1e3-8ec50fd7232a@group-A8369B54D72C is not the leader 04cc0e6b-c1eb-454c-b8ab-76b776566c09:192.168.151.75:34634, logIndex=0, commits[973364aa-0999-42fb-b1e3-8ec50fd7232a:c13, 04cc0e6b-c1eb-454c-b8ab-76b776566c09:c13, 2ad8b8a5-9b47-4134-85fe-629322b782ac:c12]
2019-09-16 17:30:58,973 [org.apache.ratis.server.impl.LogAppender$AppenderDaemon$$Lambda$485/1974557644@14312308] ERROR ratis.XceiverServerRatis (XceiverServerRatis.java:triggerPipelineClose(568)) - pipeline Action CLOSE  on pipeline PipelineID=a4b81580-24b6-48aa-876e-a8369b54d72c.Reason : 04cc0e6b-c1eb-454c-b8ab-76b776566c09 has not seen follower/s 973364aa-0999-42fb-b1e3-8ec50fd7232a for 127349ms 2ad8b8a5-9b47-4134-85fe-629322b782ac for 127349ms
2019-09-16 17:30:58,973 [org.apache.ratis.server.impl.LogAppender$AppenderDaemon$$Lambda$485/1974557644@1d1e9b05] ERROR ratis.XceiverServerRatis (XceiverServerRatis.java:triggerPipelineClose(568)) - pipeline Action CLOSE  on pipeline PipelineID=a4b81580-24b6-48aa-876e-a8369b54d72c.Reason : 04cc0e6b-c1eb-454c-b8ab-76b776566c09 has not seen follower/s 973364aa-0999-42fb-b1e3-8ec50fd7232a for 127349ms 2ad8b8a5-9b47-4134-85fe-629322b782ac for 127349ms
2019-09-16 17:30:59,472 [java.util.concurrent.ThreadPoolExecutor$Worker@7b4d20f6[State = -1, empty queue]] WARN  server.GrpcLogAppender (GrpcLogAppender.java:timeoutAppendRequest(200)) - 04cc0e6b-c1eb-454c-b8ab-76b776566c09@group-A8369B54D72C->973364aa-0999-42fb-b1e3-8ec50fd7232a-GrpcLogAppender: appendEntries Timeout, request=04cc0e6b-c1eb-454c-b8ab-76b776566c09->973364aa-0999-42fb-b1e3-8ec50fd7232a#223-t1, previous=(t:1, i:20), leaderCommit=13, initializing? false, entries: <empty>
2019-09-16 17:30:59,472 [java.util.concurrent.ThreadPoolExecutor$Worker@4b1e9ead[State = -1, empty queue]] WARN  server.GrpcLogAppender (GrpcLogAppender.java:timeoutAppendRequest(200)) - 04cc0e6b-c1eb-454c-b8ab-76b776566c09@group-A8369B54D72C->2ad8b8a5-9b47-4134-85fe-629322b782ac-GrpcLogAppender: appendEntries Timeout, request=04cc0e6b-c1eb-454c-b8ab-76b776566c09->2ad8b8a5-9b47-4134-85fe-629322b782ac#223-t1, previous=(t:1, i:20), leaderCommit=13, initializing? false, entries: <empty>
2019-09-16 17:30:59,971 [EventQueue-PipelineActionsForPipelineActionHandler] ERROR pipeline.PipelineActionHandler (PipelineActionHandler.java:onMessage(60)) - Received pipeline action CLOSE for Pipeline[ Id: a4b81580-24b6-48aa-876e-a8369b54d72c, Nodes: 973364aa-0999-42fb-b1e3-8ec50fd7232a{ip: 192.168.151.75, host: pr-hdds-2114-2x2fm-437316914, networkLocation: /default-rack, certSerialId: null}04cc0e6b-c1eb-454c-b8ab-76b776566c09{ip: 192.168.151.75, host: pr-hdds-2114-2x2fm-437316914, networkLocation: /default-rack, certSerialId: null}2ad8b8a5-9b47-4134-85fe-629322b782ac{ip: 192.168.151.75, host: pr-hdds-2114-2x2fm-437316914, networkLocation: /default-rack, certSerialId: null}, Type:RATIS, Factor:THREE, State:CLOSED] from datanode 04cc0e6b-c1eb-454c-b8ab-76b776566c09{ip: 192.168.151.75, host: pr-hdds-2114-2x2fm-437316914, networkLocation: /default-rack, certSerialId: null}. Reason : 04cc0e6b-c1eb-454c-b8ab-76b776566c09 has not seen follower/s 973364aa-0999-42fb-b1e3-8ec50fd7232a for 127349ms 2ad8b8a5-9b47-4134-85fe-629322b782ac for 127349ms
2019-09-16 17:30:59,971 [EventQueue-PipelineActionsForPipelineActionHandler] INFO  pipeline.SCMPipelineManager (SCMPipelineManager.java:finalizeAndDestroyPipeline(311)) - destroying pipeline:Pipeline[ Id: a4b81580-24b6-48aa-876e-a8369b54d72c, Nodes: 973364aa-0999-42fb-b1e3-8ec50fd7232a{ip: 192.168.151.75, host: pr-hdds-2114-2x2fm-437316914, networkLocation: /default-rack, certSerialId: null}04cc0e6b-c1eb-454c-b8ab-76b776566c09{ip: 192.168.151.75, host: pr-hdds-2114-2x2fm-437316914, networkLocation: /default-rack, certSerialId: null}2ad8b8a5-9b47-4134-85fe-629322b782ac{ip: 192.168.151.75, host: pr-hdds-2114-2x2fm-437316914, networkLocation: /default-rack, certSerialId: null}, Type:RATIS, Factor:THREE, State:CLOSED]
2019-09-16 17:31:01,476 [org.apache.ratis.server.impl.LogAppender$AppenderDaemon$$Lambda$485/1974557644@14312308] ERROR ratis.XceiverServerRatis (XceiverServerRatis.java:triggerPipelineClose(568)) - pipeline Action CLOSE  on pipeline PipelineID=a4b81580-24b6-48aa-876e-a8369b54d72c.Reason : 04cc0e6b-c1eb-454c-b8ab-76b776566c09 has not seen follower/s 973364aa-0999-42fb-b1e3-8ec50fd7232a for 129851ms 2ad8b8a5-9b47-4134-85fe-629322b782ac for 129851ms
2019-09-16 17:31:01,476 [org.apache.ratis.server.impl.LogAppender$AppenderDaemon$$Lambda$485/1974557644@1d1e9b05] ERROR ratis.XceiverServerRatis (XceiverServerRatis.java:triggerPipelineClose(568)) - pipeline Action CLOSE  on pipeline PipelineID=a4b81580-24b6-48aa-876e-a8369b54d72c.Reason : 04cc0e6b-c1eb-454c-b8ab-76b776566c09 has not seen follower/s 973364aa-0999-42fb-b1e3-8ec50fd7232a for 129851ms 2ad8b8a5-9b47-4134-85fe-629322b782ac for 129851ms
2019-09-16 17:31:01,814 [04cc0e6b-c1eb-454c-b8ab-76b776566c09@group-A8369B54D72C-SegmentedRaftLogWorker] WARN  segmented.SegmentedRaftLogWorker (SegmentedRaftLogWorker.java:getFromFuture(90)) - Timeout 12/~
org.apache.ratis.protocol.TimeoutIOException: Timeout 10s: WriteLog:14: (t:1, i:14), STATEMACHINELOGENTRY, client-445BDAC7BDF9, cid=142-writeStateMachineData
	at org.apache.ratis.util.IOUtils.getFromFuture(IOUtils.java:87)
	at org.apache.ratis.server.raftlog.segmented.SegmentedRaftLogWorker$StateMachineDataPolicy.getFromFuture(SegmentedRaftLogWorker.java:87)
	at org.apache.ratis.server.raftlog.segmented.SegmentedRaftLogWorker$WriteLog.execute(SegmentedRaftLogWorker.java:477)
	at org.apache.ratis.server.raftlog.segmented.SegmentedRaftLogWorker.run(SegmentedRaftLogWorker.java:289)
	at java.lang.Thread.run(Thread.java:748)
Caused by: java.util.concurrent.TimeoutException
	at java.util.concurrent.CompletableFuture.timedGet(CompletableFuture.java:1771)
	at java.util.concurrent.CompletableFuture.get(CompletableFuture.java:1915)
	at org.apache.ratis.util.IOUtils.getFromFuture(IOUtils.java:79)
	... 4 more
2019-09-16 17:31:01,830 [973364aa-0999-42fb-b1e3-8ec50fd7232a@group-A8369B54D72C-SegmentedRaftLogWorker] WARN  segmented.SegmentedRaftLogWorker (SegmentedRaftLogWorker.java:getFromFuture(90)) - Timeout 12/~
org.apache.ratis.protocol.TimeoutIOException: Timeout 10s: WriteLog:14: (t:1, i:14), STATEMACHINELOGENTRY, client-445BDAC7BDF9, cid=142-writeStateMachineData
	at org.apache.ratis.util.IOUtils.getFromFuture(IOUtils.java:87)
	at org.apache.ratis.server.raftlog.segmented.SegmentedRaftLogWorker$StateMachineDataPolicy.getFromFuture(SegmentedRaftLogWorker.java:87)
	at org.apache.ratis.server.raftlog.segmented.SegmentedRaftLogWorker$WriteLog.execute(SegmentedRaftLogWorker.java:477)
	at org.apache.ratis.server.raftlog.segmented.SegmentedRaftLogWorker.run(SegmentedRaftLogWorker.java:289)
	at java.lang.Thread.run(Thread.java:748)
Caused by: java.util.concurrent.TimeoutException
	at java.util.concurrent.CompletableFuture.timedGet(CompletableFuture.java:1771)
	at java.util.concurrent.CompletableFuture.get(CompletableFuture.java:1915)
	at org.apache.ratis.util.IOUtils.getFromFuture(IOUtils.java:79)
	... 4 more
2019-09-16 17:31:01,831 [2ad8b8a5-9b47-4134-85fe-629322b782ac@group-A8369B54D72C-SegmentedRaftLogWorker] WARN  segmented.SegmentedRaftLogWorker (SegmentedRaftLogWorker.java:getFromFuture(90)) - Timeout 12/~
org.apache.ratis.protocol.TimeoutIOException: Timeout 10s: WriteLog:14: (t:1, i:14), STATEMACHINELOGENTRY, client-445BDAC7BDF9, cid=142-writeStateMachineData
	at org.apache.ratis.util.IOUtils.getFromFuture(IOUtils.java:87)
	at org.apache.ratis.server.raftlog.segmented.SegmentedRaftLogWorker$StateMachineDataPolicy.getFromFuture(SegmentedRaftLogWorker.java:87)
	at org.apache.ratis.server.raftlog.segmented.SegmentedRaftLogWorker$WriteLog.execute(SegmentedRaftLogWorker.java:477)
	at org.apache.ratis.server.raftlog.segmented.SegmentedRaftLogWorker.run(SegmentedRaftLogWorker.java:289)
	at java.lang.Thread.run(Thread.java:748)
Caused by: java.util.concurrent.TimeoutException
	at java.util.concurrent.CompletableFuture.timedGet(CompletableFuture.java:1771)
	at java.util.concurrent.CompletableFuture.get(CompletableFuture.java:1915)
	at org.apache.ratis.util.IOUtils.getFromFuture(IOUtils.java:79)
	... 4 more
2019-09-16 17:31:01,971 [EventQueue-PipelineActionsForPipelineActionHandler] ERROR pipeline.PipelineActionHandler (PipelineActionHandler.java:onMessage(60)) - Received pipeline action CLOSE for Pipeline[ Id: a4b81580-24b6-48aa-876e-a8369b54d72c, Nodes: 973364aa-0999-42fb-b1e3-8ec50fd7232a{ip: 192.168.151.75, host: pr-hdds-2114-2x2fm-437316914, networkLocation: /default-rack, certSerialId: null}04cc0e6b-c1eb-454c-b8ab-76b776566c09{ip: 192.168.151.75, host: pr-hdds-2114-2x2fm-437316914, networkLocation: /default-rack, certSerialId: null}2ad8b8a5-9b47-4134-85fe-629322b782ac{ip: 192.168.151.75, host: pr-hdds-2114-2x2fm-437316914, networkLocation: /default-rack, certSerialId: null}, Type:RATIS, Factor:THREE, State:CLOSED] from datanode 04cc0e6b-c1eb-454c-b8ab-76b776566c09{ip: 192.168.151.75, host: pr-hdds-2114-2x2fm-437316914, networkLocation: /default-rack, certSerialId: null}. Reason : 04cc0e6b-c1eb-454c-b8ab-76b776566c09 has not seen follower/s 973364aa-0999-42fb-b1e3-8ec50fd7232a for 129851ms 2ad8b8a5-9b47-4134-85fe-629322b782ac for 129851ms
2019-09-16 17:31:01,971 [EventQueue-PipelineActionsForPipelineActionHandler] INFO  pipeline.SCMPipelineManager (SCMPipelineManager.java:finalizeAndDestroyPipeline(311)) - destroying pipeline:Pipeline[ Id: a4b81580-24b6-48aa-876e-a8369b54d72c, Nodes: 973364aa-0999-42fb-b1e3-8ec50fd7232a{ip: 192.168.151.75, host: pr-hdds-2114-2x2fm-437316914, networkLocation: /default-rack, certSerialId: null}04cc0e6b-c1eb-454c-b8ab-76b776566c09{ip: 192.168.151.75, host: pr-hdds-2114-2x2fm-437316914, networkLocation: /default-rack, certSerialId: null}2ad8b8a5-9b47-4134-85fe-629322b782ac{ip: 192.168.151.75, host: pr-hdds-2114-2x2fm-437316914, networkLocation: /default-rack, certSerialId: null}, Type:RATIS, Factor:THREE, State:CLOSED]
2019-09-16 17:31:01,973 [java.util.concurrent.ThreadPoolExecutor$Worker@4b1e9ead[State = -1, empty queue]] WARN  server.GrpcLogAppender (GrpcLogAppender.java:timeoutAppendRequest(200)) - 04cc0e6b-c1eb-454c-b8ab-76b776566c09@group-A8369B54D72C->2ad8b8a5-9b47-4134-85fe-629322b782ac-GrpcLogAppender: appendEntries Timeout, request=04cc0e6b-c1eb-454c-b8ab-76b776566c09->2ad8b8a5-9b47-4134-85fe-629322b782ac#224-t1, previous=(t:1, i:20), leaderCommit=13, initializing? false, entries: <empty>
2019-09-16 17:31:01,973 [java.util.concurrent.ThreadPoolExecutor$Worker@7b4d20f6[State = -1, empty queue]] WARN  server.GrpcLogAppender (GrpcLogAppender.java:timeoutAppendRequest(200)) - 04cc0e6b-c1eb-454c-b8ab-76b776566c09@group-A8369B54D72C->973364aa-0999-42fb-b1e3-8ec50fd7232a-GrpcLogAppender: appendEntries Timeout, request=04cc0e6b-c1eb-454c-b8ab-76b776566c09->973364aa-0999-42fb-b1e3-8ec50fd7232a#224-t1, previous=(t:1, i:20), leaderCommit=13, initializing? false, entries: <empty>
2019-09-16 17:31:03,226 [grpc-default-executor-6] INFO  client.GrpcClientProtocolClient (GrpcClientProtocolClient.java:onNext(264)) - client-445BDAC7BDF9->2ad8b8a5-9b47-4134-85fe-629322b782ac: receive RaftClientReply:client-445BDAC7BDF9->2ad8b8a5-9b47-4134-85fe-629322b782ac@group-A8369B54D72C, cid=142, FAILED org.apache.ratis.protocol.NotLeaderException: Server 2ad8b8a5-9b47-4134-85fe-629322b782ac@group-A8369B54D72C is not the leader 04cc0e6b-c1eb-454c-b8ab-76b776566c09:192.168.151.75:34634, logIndex=0, commits[2ad8b8a5-9b47-4134-85fe-629322b782ac:c13, 04cc0e6b-c1eb-454c-b8ab-76b776566c09:c13, 973364aa-0999-42fb-b1e3-8ec50fd7232a:c12]
2019-09-16 17:31:03,976 [org.apache.ratis.server.impl.LogAppender$AppenderDaemon$$Lambda$485/1974557644@14312308] ERROR ratis.XceiverServerRatis (XceiverServerRatis.java:triggerPipelineClose(568)) - pipeline Action CLOSE  on pipeline PipelineID=a4b81580-24b6-48aa-876e-a8369b54d72c.Reason : 04cc0e6b-c1eb-454c-b8ab-76b776566c09 has not seen follower/s 973364aa-0999-42fb-b1e3-8ec50fd7232a for 132352ms 2ad8b8a5-9b47-4134-85fe-629322b782ac for 132352ms
2019-09-16 17:31:03,976 [org.apache.ratis.server.impl.LogAppender$AppenderDaemon$$Lambda$485/1974557644@1d1e9b05] ERROR ratis.XceiverServerRatis (XceiverServerRatis.java:triggerPipelineClose(568)) - pipeline Action CLOSE  on pipeline PipelineID=a4b81580-24b6-48aa-876e-a8369b54d72c.Reason : 04cc0e6b-c1eb-454c-b8ab-76b776566c09 has not seen follower/s 973364aa-0999-42fb-b1e3-8ec50fd7232a for 132352ms 2ad8b8a5-9b47-4134-85fe-629322b782ac for 132352ms
2019-09-16 17:31:04,475 [java.util.concurrent.ThreadPoolExecutor$Worker@7b4d20f6[State = -1, empty queue]] WARN  server.GrpcLogAppender (GrpcLogAppender.java:timeoutAppendRequest(200)) - 04cc0e6b-c1eb-454c-b8ab-76b776566c09@group-A8369B54D72C->973364aa-0999-42fb-b1e3-8ec50fd7232a-GrpcLogAppender: appendEntries Timeout, request=04cc0e6b-c1eb-454c-b8ab-76b776566c09->973364aa-0999-42fb-b1e3-8ec50fd7232a#225-t1, previous=(t:1, i:20), leaderCommit=13, initializing? false, entries: <empty>
2019-09-16 17:31:04,475 [java.util.concurrent.ThreadPoolExecutor$Worker@4b1e9ead[State = -1, empty queue]] WARN  server.GrpcLogAppender (GrpcLogAppender.java:timeoutAppendRequest(200)) - 04cc0e6b-c1eb-454c-b8ab-76b776566c09@group-A8369B54D72C->2ad8b8a5-9b47-4134-85fe-629322b782ac-GrpcLogAppender: appendEntries Timeout, request=04cc0e6b-c1eb-454c-b8ab-76b776566c09->2ad8b8a5-9b47-4134-85fe-629322b782ac#225-t1, previous=(t:1, i:20), leaderCommit=13, initializing? false, entries: <empty>
2019-09-16 17:31:04,971 [EventQueue-PipelineActionsForPipelineActionHandler] ERROR pipeline.PipelineActionHandler (PipelineActionHandler.java:onMessage(60)) - Received pipeline action CLOSE for Pipeline[ Id: a4b81580-24b6-48aa-876e-a8369b54d72c, Nodes: 973364aa-0999-42fb-b1e3-8ec50fd7232a{ip: 192.168.151.75, host: pr-hdds-2114-2x2fm-437316914, networkLocation: /default-rack, certSerialId: null}04cc0e6b-c1eb-454c-b8ab-76b776566c09{ip: 192.168.151.75, host: pr-hdds-2114-2x2fm-437316914, networkLocation: /default-rack, certSerialId: null}2ad8b8a5-9b47-4134-85fe-629322b782ac{ip: 192.168.151.75, host: pr-hdds-2114-2x2fm-437316914, networkLocation: /default-rack, certSerialId: null}, Type:RATIS, Factor:THREE, State:CLOSED] from datanode 04cc0e6b-c1eb-454c-b8ab-76b776566c09{ip: 192.168.151.75, host: pr-hdds-2114-2x2fm-437316914, networkLocation: /default-rack, certSerialId: null}. Reason : 04cc0e6b-c1eb-454c-b8ab-76b776566c09 has not seen follower/s 973364aa-0999-42fb-b1e3-8ec50fd7232a for 132352ms 2ad8b8a5-9b47-4134-85fe-629322b782ac for 132352ms
2019-09-16 17:31:04,971 [EventQueue-PipelineActionsForPipelineActionHandler] INFO  pipeline.SCMPipelineManager (SCMPipelineManager.java:finalizeAndDestroyPipeline(311)) - destroying pipeline:Pipeline[ Id: a4b81580-24b6-48aa-876e-a8369b54d72c, Nodes: 973364aa-0999-42fb-b1e3-8ec50fd7232a{ip: 192.168.151.75, host: pr-hdds-2114-2x2fm-437316914, networkLocation: /default-rack, certSerialId: null}04cc0e6b-c1eb-454c-b8ab-76b776566c09{ip: 192.168.151.75, host: pr-hdds-2114-2x2fm-437316914, networkLocation: /default-rack, certSerialId: null}2ad8b8a5-9b47-4134-85fe-629322b782ac{ip: 192.168.151.75, host: pr-hdds-2114-2x2fm-437316914, networkLocation: /default-rack, certSerialId: null}, Type:RATIS, Factor:THREE, State:CLOSED]
2019-09-16 17:31:06,479 [org.apache.ratis.server.impl.LogAppender$AppenderDaemon$$Lambda$485/1974557644@1d1e9b05] ERROR ratis.XceiverServerRatis (XceiverServerRatis.java:triggerPipelineClose(568)) - pipeline Action CLOSE  on pipeline PipelineID=a4b81580-24b6-48aa-876e-a8369b54d72c.Reason : 04cc0e6b-c1eb-454c-b8ab-76b776566c09 has not seen follower/s 973364aa-0999-42fb-b1e3-8ec50fd7232a for 134854ms 2ad8b8a5-9b47-4134-85fe-629322b782ac for 134855ms
2019-09-16 17:31:06,479 [org.apache.ratis.server.impl.LogAppender$AppenderDaemon$$Lambda$485/1974557644@14312308] ERROR ratis.XceiverServerRatis (XceiverServerRatis.java:triggerPipelineClose(568)) - pipeline Action CLOSE  on pipeline PipelineID=a4b81580-24b6-48aa-876e-a8369b54d72c.Reason : 04cc0e6b-c1eb-454c-b8ab-76b776566c09 has not seen follower/s 973364aa-0999-42fb-b1e3-8ec50fd7232a for 134854ms 2ad8b8a5-9b47-4134-85fe-629322b782ac for 134855ms
2019-09-16 17:31:06,972 [EventQueue-PipelineActionsForPipelineActionHandler] ERROR pipeline.PipelineActionHandler (PipelineActionHandler.java:onMessage(60)) - Received pipeline action CLOSE for Pipeline[ Id: a4b81580-24b6-48aa-876e-a8369b54d72c, Nodes: 973364aa-0999-42fb-b1e3-8ec50fd7232a{ip: 192.168.151.75, host: pr-hdds-2114-2x2fm-437316914, networkLocation: /default-rack, certSerialId: null}04cc0e6b-c1eb-454c-b8ab-76b776566c09{ip: 192.168.151.75, host: pr-hdds-2114-2x2fm-437316914, networkLocation: /default-rack, certSerialId: null}2ad8b8a5-9b47-4134-85fe-629322b782ac{ip: 192.168.151.75, host: pr-hdds-2114-2x2fm-437316914, networkLocation: /default-rack, certSerialId: null}, Type:RATIS, Factor:THREE, State:CLOSED] from datanode 04cc0e6b-c1eb-454c-b8ab-76b776566c09{ip: 192.168.151.75, host: pr-hdds-2114-2x2fm-437316914, networkLocation: /default-rack, certSerialId: null}. Reason : 04cc0e6b-c1eb-454c-b8ab-76b776566c09 has not seen follower/s 973364aa-0999-42fb-b1e3-8ec50fd7232a for 134854ms 2ad8b8a5-9b47-4134-85fe-629322b782ac for 134855ms
2019-09-16 17:31:06,973 [EventQueue-PipelineActionsForPipelineActionHandler] INFO  pipeline.SCMPipelineManager (SCMPipelineManager.java:finalizeAndDestroyPipeline(311)) - destroying pipeline:Pipeline[ Id: a4b81580-24b6-48aa-876e-a8369b54d72c, Nodes: 973364aa-0999-42fb-b1e3-8ec50fd7232a{ip: 192.168.151.75, host: pr-hdds-2114-2x2fm-437316914, networkLocation: /default-rack, certSerialId: null}04cc0e6b-c1eb-454c-b8ab-76b776566c09{ip: 192.168.151.75, host: pr-hdds-2114-2x2fm-437316914, networkLocation: /default-rack, certSerialId: null}2ad8b8a5-9b47-4134-85fe-629322b782ac{ip: 192.168.151.75, host: pr-hdds-2114-2x2fm-437316914, networkLocation: /default-rack, certSerialId: null}, Type:RATIS, Factor:THREE, State:CLOSED]
2019-09-16 17:31:06,976 [java.util.concurrent.ThreadPoolExecutor$Worker@4b1e9ead[State = -1, empty queue]] WARN  server.GrpcLogAppender (GrpcLogAppender.java:timeoutAppendRequest(200)) - 04cc0e6b-c1eb-454c-b8ab-76b776566c09@group-A8369B54D72C->2ad8b8a5-9b47-4134-85fe-629322b782ac-GrpcLogAppender: appendEntries Timeout, request=04cc0e6b-c1eb-454c-b8ab-76b776566c09->2ad8b8a5-9b47-4134-85fe-629322b782ac#226-t1, previous=(t:1, i:20), leaderCommit=13, initializing? false, entries: <empty>
2019-09-16 17:31:06,976 [java.util.concurrent.ThreadPoolExecutor$Worker@7b4d20f6[State = -1, empty queue]] WARN  server.GrpcLogAppender (GrpcLogAppender.java:timeoutAppendRequest(200)) - 04cc0e6b-c1eb-454c-b8ab-76b776566c09@group-A8369B54D72C->973364aa-0999-42fb-b1e3-8ec50fd7232a-GrpcLogAppender: appendEntries Timeout, request=04cc0e6b-c1eb-454c-b8ab-76b776566c09->973364aa-0999-42fb-b1e3-8ec50fd7232a#226-t1, previous=(t:1, i:20), leaderCommit=13, initializing? false, entries: <empty>
2019-09-16 17:31:08,280 [grpc-default-executor-6] INFO  client.GrpcClientProtocolClient (GrpcClientProtocolClient.java:onNext(264)) - client-445BDAC7BDF9->973364aa-0999-42fb-b1e3-8ec50fd7232a: receive RaftClientReply:client-445BDAC7BDF9->973364aa-0999-42fb-b1e3-8ec50fd7232a@group-A8369B54D72C, cid=142, FAILED org.apache.ratis.protocol.NotLeaderException: Server 973364aa-0999-42fb-b1e3-8ec50fd7232a@group-A8369B54D72C is not the leader 04cc0e6b-c1eb-454c-b8ab-76b776566c09:192.168.151.75:34634, logIndex=0, commits[973364aa-0999-42fb-b1e3-8ec50fd7232a:c13, 04cc0e6b-c1eb-454c-b8ab-76b776566c09:c13, 2ad8b8a5-9b47-4134-85fe-629322b782ac:c12]
2019-09-16 17:31:08,979 [org.apache.ratis.server.impl.LogAppender$AppenderDaemon$$Lambda$485/1974557644@14312308] ERROR ratis.XceiverServerRatis (XceiverServerRatis.java:triggerPipelineClose(568)) - pipeline Action CLOSE  on pipeline PipelineID=a4b81580-24b6-48aa-876e-a8369b54d72c.Reason : 04cc0e6b-c1eb-454c-b8ab-76b776566c09 has not seen follower/s 973364aa-0999-42fb-b1e3-8ec50fd7232a for 137355ms 2ad8b8a5-9b47-4134-85fe-629322b782ac for 137355ms
2019-09-16 17:31:08,979 [org.apache.ratis.server.impl.LogAppender$AppenderDaemon$$Lambda$485/1974557644@1d1e9b05] ERROR ratis.XceiverServerRatis (XceiverServerRatis.java:triggerPipelineClose(568)) - pipeline Action CLOSE  on pipeline PipelineID=a4b81580-24b6-48aa-876e-a8369b54d72c.Reason : 04cc0e6b-c1eb-454c-b8ab-76b776566c09 has not seen follower/s 973364aa-0999-42fb-b1e3-8ec50fd7232a for 137355ms 2ad8b8a5-9b47-4134-85fe-629322b782ac for 137355ms
2019-09-16 17:31:09,478 [java.util.concurrent.ThreadPoolExecutor$Worker@7b4d20f6[State = -1, empty queue]] WARN  server.GrpcLogAppender (GrpcLogAppender.java:timeoutAppendRequest(200)) - 04cc0e6b-c1eb-454c-b8ab-76b776566c09@group-A8369B54D72C->973364aa-0999-42fb-b1e3-8ec50fd7232a-GrpcLogAppender: appendEntries Timeout, request=04cc0e6b-c1eb-454c-b8ab-76b776566c09->973364aa-0999-42fb-b1e3-8ec50fd7232a#227-t1, previous=(t:1, i:20), leaderCommit=13, initializing? false, entries: <empty>
2019-09-16 17:31:09,478 [java.util.concurrent.ThreadPoolExecutor$Worker@4b1e9ead[State = -1, empty queue]] WARN  server.GrpcLogAppender (GrpcLogAppender.java:timeoutAppendRequest(200)) - 04cc0e6b-c1eb-454c-b8ab-76b776566c09@group-A8369B54D72C->2ad8b8a5-9b47-4134-85fe-629322b782ac-GrpcLogAppender: appendEntries Timeout, request=04cc0e6b-c1eb-454c-b8ab-76b776566c09->2ad8b8a5-9b47-4134-85fe-629322b782ac#227-t1, previous=(t:1, i:20), leaderCommit=13, initializing? false, entries: <empty>
2019-09-16 17:31:09,970 [EventQueue-PipelineActionsForPipelineActionHandler] ERROR pipeline.PipelineActionHandler (PipelineActionHandler.java:onMessage(60)) - Received pipeline action CLOSE for Pipeline[ Id: a4b81580-24b6-48aa-876e-a8369b54d72c, Nodes: 973364aa-0999-42fb-b1e3-8ec50fd7232a{ip: 192.168.151.75, host: pr-hdds-2114-2x2fm-437316914, networkLocation: /default-rack, certSerialId: null}04cc0e6b-c1eb-454c-b8ab-76b776566c09{ip: 192.168.151.75, host: pr-hdds-2114-2x2fm-437316914, networkLocation: /default-rack, certSerialId: null}2ad8b8a5-9b47-4134-85fe-629322b782ac{ip: 192.168.151.75, host: pr-hdds-2114-2x2fm-437316914, networkLocation: /default-rack, certSerialId: null}, Type:RATIS, Factor:THREE, State:CLOSED] from datanode 04cc0e6b-c1eb-454c-b8ab-76b776566c09{ip: 192.168.151.75, host: pr-hdds-2114-2x2fm-437316914, networkLocation: /default-rack, certSerialId: null}. Reason : 04cc0e6b-c1eb-454c-b8ab-76b776566c09 has not seen follower/s 973364aa-0999-42fb-b1e3-8ec50fd7232a for 137355ms 2ad8b8a5-9b47-4134-85fe-629322b782ac for 137355ms
2019-09-16 17:31:09,970 [EventQueue-PipelineActionsForPipelineActionHandler] INFO  pipeline.SCMPipelineManager (SCMPipelineManager.java:finalizeAndDestroyPipeline(311)) - destroying pipeline:Pipeline[ Id: a4b81580-24b6-48aa-876e-a8369b54d72c, Nodes: 973364aa-0999-42fb-b1e3-8ec50fd7232a{ip: 192.168.151.75, host: pr-hdds-2114-2x2fm-437316914, networkLocation: /default-rack, certSerialId: null}04cc0e6b-c1eb-454c-b8ab-76b776566c09{ip: 192.168.151.75, host: pr-hdds-2114-2x2fm-437316914, networkLocation: /default-rack, certSerialId: null}2ad8b8a5-9b47-4134-85fe-629322b782ac{ip: 192.168.151.75, host: pr-hdds-2114-2x2fm-437316914, networkLocation: /default-rack, certSerialId: null}, Type:RATIS, Factor:THREE, State:CLOSED]
2019-09-16 17:31:11,481 [org.apache.ratis.server.impl.LogAppender$AppenderDaemon$$Lambda$485/1974557644@14312308] ERROR ratis.XceiverServerRatis (XceiverServerRatis.java:triggerPipelineClose(568)) - pipeline Action CLOSE  on pipeline PipelineID=a4b81580-24b6-48aa-876e-a8369b54d72c.Reason : 04cc0e6b-c1eb-454c-b8ab-76b776566c09 has not seen follower/s 973364aa-0999-42fb-b1e3-8ec50fd7232a for 139856ms 2ad8b8a5-9b47-4134-85fe-629322b782ac for 139857ms
2019-09-16 17:31:11,481 [org.apache.ratis.server.impl.LogAppender$AppenderDaemon$$Lambda$485/1974557644@1d1e9b05] ERROR ratis.XceiverServerRatis (XceiverServerRatis.java:triggerPipelineClose(568)) - pipeline Action CLOSE  on pipeline PipelineID=a4b81580-24b6-48aa-876e-a8369b54d72c.Reason : 04cc0e6b-c1eb-454c-b8ab-76b776566c09 has not seen follower/s 973364aa-0999-42fb-b1e3-8ec50fd7232a for 139856ms 2ad8b8a5-9b47-4134-85fe-629322b782ac for 139857ms
2019-09-16 17:31:11,816 [04cc0e6b-c1eb-454c-b8ab-76b776566c09@group-A8369B54D72C-SegmentedRaftLogWorker] WARN  segmented.SegmentedRaftLogWorker (SegmentedRaftLogWorker.java:getFromFuture(90)) - Timeout 13/~
org.apache.ratis.protocol.TimeoutIOException: Timeout 10s: WriteLog:14: (t:1, i:14), STATEMACHINELOGENTRY, client-445BDAC7BDF9, cid=142-writeStateMachineData
	at org.apache.ratis.util.IOUtils.getFromFuture(IOUtils.java:87)
	at org.apache.ratis.server.raftlog.segmented.SegmentedRaftLogWorker$StateMachineDataPolicy.getFromFuture(SegmentedRaftLogWorker.java:87)
	at org.apache.ratis.server.raftlog.segmented.SegmentedRaftLogWorker$WriteLog.execute(SegmentedRaftLogWorker.java:477)
	at org.apache.ratis.server.raftlog.segmented.SegmentedRaftLogWorker.run(SegmentedRaftLogWorker.java:289)
	at java.lang.Thread.run(Thread.java:748)
Caused by: java.util.concurrent.TimeoutException
	at java.util.concurrent.CompletableFuture.timedGet(CompletableFuture.java:1771)
	at java.util.concurrent.CompletableFuture.get(CompletableFuture.java:1915)
	at org.apache.ratis.util.IOUtils.getFromFuture(IOUtils.java:79)
	... 4 more
2019-09-16 17:31:11,831 [973364aa-0999-42fb-b1e3-8ec50fd7232a@group-A8369B54D72C-SegmentedRaftLogWorker] WARN  segmented.SegmentedRaftLogWorker (SegmentedRaftLogWorker.java:getFromFuture(90)) - Timeout 13/~
org.apache.ratis.protocol.TimeoutIOException: Timeout 10s: WriteLog:14: (t:1, i:14), STATEMACHINELOGENTRY, client-445BDAC7BDF9, cid=142-writeStateMachineData
	at org.apache.ratis.util.IOUtils.getFromFuture(IOUtils.java:87)
	at org.apache.ratis.server.raftlog.segmented.SegmentedRaftLogWorker$StateMachineDataPolicy.getFromFuture(SegmentedRaftLogWorker.java:87)
	at org.apache.ratis.server.raftlog.segmented.SegmentedRaftLogWorker$WriteLog.execute(SegmentedRaftLogWorker.java:477)
	at org.apache.ratis.server.raftlog.segmented.SegmentedRaftLogWorker.run(SegmentedRaftLogWorker.java:289)
	at java.lang.Thread.run(Thread.java:748)
Caused by: java.util.concurrent.TimeoutException
	at java.util.concurrent.CompletableFuture.timedGet(CompletableFuture.java:1771)
	at java.util.concurrent.CompletableFuture.get(CompletableFuture.java:1915)
	at org.apache.ratis.util.IOUtils.getFromFuture(IOUtils.java:79)
	... 4 more
2019-09-16 17:31:11,832 [2ad8b8a5-9b47-4134-85fe-629322b782ac@group-A8369B54D72C-SegmentedRaftLogWorker] WARN  segmented.SegmentedRaftLogWorker (SegmentedRaftLogWorker.java:getFromFuture(90)) - Timeout 13/~
org.apache.ratis.protocol.TimeoutIOException: Timeout 10s: WriteLog:14: (t:1, i:14), STATEMACHINELOGENTRY, client-445BDAC7BDF9, cid=142-writeStateMachineData
	at org.apache.ratis.util.IOUtils.getFromFuture(IOUtils.java:87)
	at org.apache.ratis.server.raftlog.segmented.SegmentedRaftLogWorker$StateMachineDataPolicy.getFromFuture(SegmentedRaftLogWorker.java:87)
	at org.apache.ratis.server.raftlog.segmented.SegmentedRaftLogWorker$WriteLog.execute(SegmentedRaftLogWorker.java:477)
	at org.apache.ratis.server.raftlog.segmented.SegmentedRaftLogWorker.run(SegmentedRaftLogWorker.java:289)
	at java.lang.Thread.run(Thread.java:748)
Caused by: java.util.concurrent.TimeoutException
	at java.util.concurrent.CompletableFuture.timedGet(CompletableFuture.java:1771)
	at java.util.concurrent.CompletableFuture.get(CompletableFuture.java:1915)
	at org.apache.ratis.util.IOUtils.getFromFuture(IOUtils.java:79)
	... 4 more
2019-09-16 17:31:11,972 [EventQueue-PipelineActionsForPipelineActionHandler] ERROR pipeline.PipelineActionHandler (PipelineActionHandler.java:onMessage(60)) - Received pipeline action CLOSE for Pipeline[ Id: a4b81580-24b6-48aa-876e-a8369b54d72c, Nodes: 973364aa-0999-42fb-b1e3-8ec50fd7232a{ip: 192.168.151.75, host: pr-hdds-2114-2x2fm-437316914, networkLocation: /default-rack, certSerialId: null}04cc0e6b-c1eb-454c-b8ab-76b776566c09{ip: 192.168.151.75, host: pr-hdds-2114-2x2fm-437316914, networkLocation: /default-rack, certSerialId: null}2ad8b8a5-9b47-4134-85fe-629322b782ac{ip: 192.168.151.75, host: pr-hdds-2114-2x2fm-437316914, networkLocation: /default-rack, certSerialId: null}, Type:RATIS, Factor:THREE, State:CLOSED] from datanode 04cc0e6b-c1eb-454c-b8ab-76b776566c09{ip: 192.168.151.75, host: pr-hdds-2114-2x2fm-437316914, networkLocation: /default-rack, certSerialId: null}. Reason : 04cc0e6b-c1eb-454c-b8ab-76b776566c09 has not seen follower/s 973364aa-0999-42fb-b1e3-8ec50fd7232a for 139856ms 2ad8b8a5-9b47-4134-85fe-629322b782ac for 139857ms
2019-09-16 17:31:11,972 [EventQueue-PipelineActionsForPipelineActionHandler] INFO  pipeline.SCMPipelineManager (SCMPipelineManager.java:finalizeAndDestroyPipeline(311)) - destroying pipeline:Pipeline[ Id: a4b81580-24b6-48aa-876e-a8369b54d72c, Nodes: 973364aa-0999-42fb-b1e3-8ec50fd7232a{ip: 192.168.151.75, host: pr-hdds-2114-2x2fm-437316914, networkLocation: /default-rack, certSerialId: null}04cc0e6b-c1eb-454c-b8ab-76b776566c09{ip: 192.168.151.75, host: pr-hdds-2114-2x2fm-437316914, networkLocation: /default-rack, certSerialId: null}2ad8b8a5-9b47-4134-85fe-629322b782ac{ip: 192.168.151.75, host: pr-hdds-2114-2x2fm-437316914, networkLocation: /default-rack, certSerialId: null}, Type:RATIS, Factor:THREE, State:CLOSED]
2019-09-16 17:31:11,979 [java.util.concurrent.ThreadPoolExecutor$Worker@7b4d20f6[State = -1, empty queue]] WARN  server.GrpcLogAppender (GrpcLogAppender.java:timeoutAppendRequest(200)) - 04cc0e6b-c1eb-454c-b8ab-76b776566c09@group-A8369B54D72C->973364aa-0999-42fb-b1e3-8ec50fd7232a-GrpcLogAppender: appendEntries Timeout, request=04cc0e6b-c1eb-454c-b8ab-76b776566c09->973364aa-0999-42fb-b1e3-8ec50fd7232a#228-t1, previous=(t:1, i:20), leaderCommit=13, initializing? false, entries: <empty>
2019-09-16 17:31:11,979 [java.util.concurrent.ThreadPoolExecutor$Worker@4b1e9ead[State = -1, empty queue]] WARN  server.GrpcLogAppender (GrpcLogAppender.java:timeoutAppendRequest(200)) - 04cc0e6b-c1eb-454c-b8ab-76b776566c09@group-A8369B54D72C->2ad8b8a5-9b47-4134-85fe-629322b782ac-GrpcLogAppender: appendEntries Timeout, request=04cc0e6b-c1eb-454c-b8ab-76b776566c09->2ad8b8a5-9b47-4134-85fe-629322b782ac#228-t1, previous=(t:1, i:20), leaderCommit=13, initializing? false, entries: <empty>
2019-09-16 17:31:13,355 [grpc-default-executor-5] INFO  client.GrpcClientProtocolClient (GrpcClientProtocolClient.java:onNext(264)) - client-445BDAC7BDF9->973364aa-0999-42fb-b1e3-8ec50fd7232a: receive RaftClientReply:client-445BDAC7BDF9->973364aa-0999-42fb-b1e3-8ec50fd7232a@group-A8369B54D72C, cid=142, FAILED org.apache.ratis.protocol.NotLeaderException: Server 973364aa-0999-42fb-b1e3-8ec50fd7232a@group-A8369B54D72C is not the leader 04cc0e6b-c1eb-454c-b8ab-76b776566c09:192.168.151.75:34634, logIndex=0, commits[973364aa-0999-42fb-b1e3-8ec50fd7232a:c13, 04cc0e6b-c1eb-454c-b8ab-76b776566c09:c13, 2ad8b8a5-9b47-4134-85fe-629322b782ac:c12]
2019-09-16 17:31:13,982 [org.apache.ratis.server.impl.LogAppender$AppenderDaemon$$Lambda$485/1974557644@14312308] ERROR ratis.XceiverServerRatis (XceiverServerRatis.java:triggerPipelineClose(568)) - pipeline Action CLOSE  on pipeline PipelineID=a4b81580-24b6-48aa-876e-a8369b54d72c.Reason : 04cc0e6b-c1eb-454c-b8ab-76b776566c09 has not seen follower/s 973364aa-0999-42fb-b1e3-8ec50fd7232a for 142357ms 2ad8b8a5-9b47-4134-85fe-629322b782ac for 142358ms
2019-09-16 17:31:13,982 [org.apache.ratis.server.impl.LogAppender$AppenderDaemon$$Lambda$485/1974557644@1d1e9b05] ERROR ratis.XceiverServerRatis (XceiverServerRatis.java:triggerPipelineClose(568)) - pipeline Action CLOSE  on pipeline PipelineID=a4b81580-24b6-48aa-876e-a8369b54d72c.Reason : 04cc0e6b-c1eb-454c-b8ab-76b776566c09 has not seen follower/s 973364aa-0999-42fb-b1e3-8ec50fd7232a for 142357ms 2ad8b8a5-9b47-4134-85fe-629322b782ac for 142358ms
2019-09-16 17:31:14,480 [java.util.concurrent.ThreadPoolExecutor$Worker@7b4d20f6[State = -1, empty queue]] WARN  server.GrpcLogAppender (GrpcLogAppender.java:timeoutAppendRequest(200)) - 04cc0e6b-c1eb-454c-b8ab-76b776566c09@group-A8369B54D72C->973364aa-0999-42fb-b1e3-8ec50fd7232a-GrpcLogAppender: appendEntries Timeout, request=04cc0e6b-c1eb-454c-b8ab-76b776566c09->973364aa-0999-42fb-b1e3-8ec50fd7232a#229-t1, previous=(t:1, i:20), leaderCommit=13, initializing? false, entries: <empty>
2019-09-16 17:31:14,480 [java.util.concurrent.ThreadPoolExecutor$Worker@4b1e9ead[State = -1, empty queue]] WARN  server.GrpcLogAppender (GrpcLogAppender.java:timeoutAppendRequest(200)) - 04cc0e6b-c1eb-454c-b8ab-76b776566c09@group-A8369B54D72C->2ad8b8a5-9b47-4134-85fe-629322b782ac-GrpcLogAppender: appendEntries Timeout, request=04cc0e6b-c1eb-454c-b8ab-76b776566c09->2ad8b8a5-9b47-4134-85fe-629322b782ac#229-t1, previous=(t:1, i:20), leaderCommit=13, initializing? false, entries: <empty>
2019-09-16 17:31:14,973 [EventQueue-PipelineActionsForPipelineActionHandler] ERROR pipeline.PipelineActionHandler (PipelineActionHandler.java:onMessage(60)) - Received pipeline action CLOSE for Pipeline[ Id: a4b81580-24b6-48aa-876e-a8369b54d72c, Nodes: 973364aa-0999-42fb-b1e3-8ec50fd7232a{ip: 192.168.151.75, host: pr-hdds-2114-2x2fm-437316914, networkLocation: /default-rack, certSerialId: null}04cc0e6b-c1eb-454c-b8ab-76b776566c09{ip: 192.168.151.75, host: pr-hdds-2114-2x2fm-437316914, networkLocation: /default-rack, certSerialId: null}2ad8b8a5-9b47-4134-85fe-629322b782ac{ip: 192.168.151.75, host: pr-hdds-2114-2x2fm-437316914, networkLocation: /default-rack, certSerialId: null}, Type:RATIS, Factor:THREE, State:CLOSED] from datanode 04cc0e6b-c1eb-454c-b8ab-76b776566c09{ip: 192.168.151.75, host: pr-hdds-2114-2x2fm-437316914, networkLocation: /default-rack, certSerialId: null}. Reason : 04cc0e6b-c1eb-454c-b8ab-76b776566c09 has not seen follower/s 973364aa-0999-42fb-b1e3-8ec50fd7232a for 142357ms 2ad8b8a5-9b47-4134-85fe-629322b782ac for 142358ms
2019-09-16 17:31:14,973 [EventQueue-PipelineActionsForPipelineActionHandler] INFO  pipeline.SCMPipelineManager (SCMPipelineManager.java:finalizeAndDestroyPipeline(311)) - destroying pipeline:Pipeline[ Id: a4b81580-24b6-48aa-876e-a8369b54d72c, Nodes: 973364aa-0999-42fb-b1e3-8ec50fd7232a{ip: 192.168.151.75, host: pr-hdds-2114-2x2fm-437316914, networkLocation: /default-rack, certSerialId: null}04cc0e6b-c1eb-454c-b8ab-76b776566c09{ip: 192.168.151.75, host: pr-hdds-2114-2x2fm-437316914, networkLocation: /default-rack, certSerialId: null}2ad8b8a5-9b47-4134-85fe-629322b782ac{ip: 192.168.151.75, host: pr-hdds-2114-2x2fm-437316914, networkLocation: /default-rack, certSerialId: null}, Type:RATIS, Factor:THREE, State:CLOSED]
2019-09-16 17:31:16,483 [org.apache.ratis.server.impl.LogAppender$AppenderDaemon$$Lambda$485/1974557644@14312308] ERROR ratis.XceiverServerRatis (XceiverServerRatis.java:triggerPipelineClose(568)) - pipeline Action CLOSE  on pipeline PipelineID=a4b81580-24b6-48aa-876e-a8369b54d72c.Reason : 04cc0e6b-c1eb-454c-b8ab-76b776566c09 has not seen follower/s 973364aa-0999-42fb-b1e3-8ec50fd7232a for 144858ms 2ad8b8a5-9b47-4134-85fe-629322b782ac for 144859ms
2019-09-16 17:31:16,483 [org.apache.ratis.server.impl.LogAppender$AppenderDaemon$$Lambda$485/1974557644@1d1e9b05] ERROR ratis.XceiverServerRatis (XceiverServerRatis.java:triggerPipelineClose(568)) - pipeline Action CLOSE  on pipeline PipelineID=a4b81580-24b6-48aa-876e-a8369b54d72c.Reason : 04cc0e6b-c1eb-454c-b8ab-76b776566c09 has not seen follower/s 973364aa-0999-42fb-b1e3-8ec50fd7232a for 144858ms 2ad8b8a5-9b47-4134-85fe-629322b782ac for 144859ms
2019-09-16 17:31:16,973 [EventQueue-PipelineActionsForPipelineActionHandler] ERROR pipeline.PipelineActionHandler (PipelineActionHandler.java:onMessage(60)) - Received pipeline action CLOSE for Pipeline[ Id: a4b81580-24b6-48aa-876e-a8369b54d72c, Nodes: 973364aa-0999-42fb-b1e3-8ec50fd7232a{ip: 192.168.151.75, host: pr-hdds-2114-2x2fm-437316914, networkLocation: /default-rack, certSerialId: null}04cc0e6b-c1eb-454c-b8ab-76b776566c09{ip: 192.168.151.75, host: pr-hdds-2114-2x2fm-437316914, networkLocation: /default-rack, certSerialId: null}2ad8b8a5-9b47-4134-85fe-629322b782ac{ip: 192.168.151.75, host: pr-hdds-2114-2x2fm-437316914, networkLocation: /default-rack, certSerialId: null}, Type:RATIS, Factor:THREE, State:CLOSED] from datanode 04cc0e6b-c1eb-454c-b8ab-76b776566c09{ip: 192.168.151.75, host: pr-hdds-2114-2x2fm-437316914, networkLocation: /default-rack, certSerialId: null}. Reason : 04cc0e6b-c1eb-454c-b8ab-76b776566c09 has not seen follower/s 973364aa-0999-42fb-b1e3-8ec50fd7232a for 144858ms 2ad8b8a5-9b47-4134-85fe-629322b782ac for 144859ms
2019-09-16 17:31:16,974 [EventQueue-PipelineActionsForPipelineActionHandler] INFO  pipeline.SCMPipelineManager (SCMPipelineManager.java:finalizeAndDestroyPipeline(311)) - destroying pipeline:Pipeline[ Id: a4b81580-24b6-48aa-876e-a8369b54d72c, Nodes: 973364aa-0999-42fb-b1e3-8ec50fd7232a{ip: 192.168.151.75, host: pr-hdds-2114-2x2fm-437316914, networkLocation: /default-rack, certSerialId: null}04cc0e6b-c1eb-454c-b8ab-76b776566c09{ip: 192.168.151.75, host: pr-hdds-2114-2x2fm-437316914, networkLocation: /default-rack, certSerialId: null}2ad8b8a5-9b47-4134-85fe-629322b782ac{ip: 192.168.151.75, host: pr-hdds-2114-2x2fm-437316914, networkLocation: /default-rack, certSerialId: null}, Type:RATIS, Factor:THREE, State:CLOSED]
2019-09-16 17:31:16,982 [java.util.concurrent.ThreadPoolExecutor$Worker@7b4d20f6[State = -1, empty queue]] WARN  server.GrpcLogAppender (GrpcLogAppender.java:timeoutAppendRequest(200)) - 04cc0e6b-c1eb-454c-b8ab-76b776566c09@group-A8369B54D72C->973364aa-0999-42fb-b1e3-8ec50fd7232a-GrpcLogAppender: appendEntries Timeout, request=04cc0e6b-c1eb-454c-b8ab-76b776566c09->973364aa-0999-42fb-b1e3-8ec50fd7232a#230-t1, previous=(t:1, i:20), leaderCommit=13, initializing? false, entries: <empty>
2019-09-16 17:31:16,982 [java.util.concurrent.ThreadPoolExecutor$Worker@4b1e9ead[State = -1, empty queue]] WARN  server.GrpcLogAppender (GrpcLogAppender.java:timeoutAppendRequest(200)) - 04cc0e6b-c1eb-454c-b8ab-76b776566c09@group-A8369B54D72C->2ad8b8a5-9b47-4134-85fe-629322b782ac-GrpcLogAppender: appendEntries Timeout, request=04cc0e6b-c1eb-454c-b8ab-76b776566c09->2ad8b8a5-9b47-4134-85fe-629322b782ac#230-t1, previous=(t:1, i:20), leaderCommit=13, initializing? false, entries: <empty>
2019-09-16 17:31:18,406 [grpc-default-executor-5] INFO  client.GrpcClientProtocolClient (GrpcClientProtocolClient.java:onNext(264)) - client-445BDAC7BDF9->2ad8b8a5-9b47-4134-85fe-629322b782ac: receive RaftClientReply:client-445BDAC7BDF9->2ad8b8a5-9b47-4134-85fe-629322b782ac@group-A8369B54D72C, cid=142, FAILED org.apache.ratis.protocol.NotLeaderException: Server 2ad8b8a5-9b47-4134-85fe-629322b782ac@group-A8369B54D72C is not the leader 04cc0e6b-c1eb-454c-b8ab-76b776566c09:192.168.151.75:34634, logIndex=0, commits[2ad8b8a5-9b47-4134-85fe-629322b782ac:c13, 04cc0e6b-c1eb-454c-b8ab-76b776566c09:c13, 973364aa-0999-42fb-b1e3-8ec50fd7232a:c12]
2019-09-16 17:31:18,984 [org.apache.ratis.server.impl.LogAppender$AppenderDaemon$$Lambda$485/1974557644@14312308] ERROR ratis.XceiverServerRatis (XceiverServerRatis.java:triggerPipelineClose(568)) - pipeline Action CLOSE  on pipeline PipelineID=a4b81580-24b6-48aa-876e-a8369b54d72c.Reason : 04cc0e6b-c1eb-454c-b8ab-76b776566c09 has not seen follower/s 973364aa-0999-42fb-b1e3-8ec50fd7232a for 147359ms 2ad8b8a5-9b47-4134-85fe-629322b782ac for 147360ms
2019-09-16 17:31:18,984 [org.apache.ratis.server.impl.LogAppender$AppenderDaemon$$Lambda$485/1974557644@1d1e9b05] ERROR ratis.XceiverServerRatis (XceiverServerRatis.java:triggerPipelineClose(568)) - pipeline Action CLOSE  on pipeline PipelineID=a4b81580-24b6-48aa-876e-a8369b54d72c.Reason : 04cc0e6b-c1eb-454c-b8ab-76b776566c09 has not seen follower/s 973364aa-0999-42fb-b1e3-8ec50fd7232a for 147359ms 2ad8b8a5-9b47-4134-85fe-629322b782ac for 147360ms
2019-09-16 17:31:19,483 [java.util.concurrent.ThreadPoolExecutor$Worker@7b4d20f6[State = -1, empty queue]] WARN  server.GrpcLogAppender (GrpcLogAppender.java:timeoutAppendRequest(200)) - 04cc0e6b-c1eb-454c-b8ab-76b776566c09@group-A8369B54D72C->973364aa-0999-42fb-b1e3-8ec50fd7232a-GrpcLogAppender: appendEntries Timeout, request=04cc0e6b-c1eb-454c-b8ab-76b776566c09->973364aa-0999-42fb-b1e3-8ec50fd7232a#231-t1, previous=(t:1, i:20), leaderCommit=13, initializing? false, entries: <empty>
2019-09-16 17:31:19,483 [java.util.concurrent.ThreadPoolExecutor$Worker@4b1e9ead[State = -1, empty queue]] WARN  server.GrpcLogAppender (GrpcLogAppender.java:timeoutAppendRequest(200)) - 04cc0e6b-c1eb-454c-b8ab-76b776566c09@group-A8369B54D72C->2ad8b8a5-9b47-4134-85fe-629322b782ac-GrpcLogAppender: appendEntries Timeout, request=04cc0e6b-c1eb-454c-b8ab-76b776566c09->2ad8b8a5-9b47-4134-85fe-629322b782ac#231-t1, previous=(t:1, i:20), leaderCommit=13, initializing? false, entries: <empty>
2019-09-16 17:31:19,973 [EventQueue-PipelineActionsForPipelineActionHandler] ERROR pipeline.PipelineActionHandler (PipelineActionHandler.java:onMessage(60)) - Received pipeline action CLOSE for Pipeline[ Id: a4b81580-24b6-48aa-876e-a8369b54d72c, Nodes: 973364aa-0999-42fb-b1e3-8ec50fd7232a{ip: 192.168.151.75, host: pr-hdds-2114-2x2fm-437316914, networkLocation: /default-rack, certSerialId: null}04cc0e6b-c1eb-454c-b8ab-76b776566c09{ip: 192.168.151.75, host: pr-hdds-2114-2x2fm-437316914, networkLocation: /default-rack, certSerialId: null}2ad8b8a5-9b47-4134-85fe-629322b782ac{ip: 192.168.151.75, host: pr-hdds-2114-2x2fm-437316914, networkLocation: /default-rack, certSerialId: null}, Type:RATIS, Factor:THREE, State:CLOSED] from datanode 04cc0e6b-c1eb-454c-b8ab-76b776566c09{ip: 192.168.151.75, host: pr-hdds-2114-2x2fm-437316914, networkLocation: /default-rack, certSerialId: null}. Reason : 04cc0e6b-c1eb-454c-b8ab-76b776566c09 has not seen follower/s 973364aa-0999-42fb-b1e3-8ec50fd7232a for 147359ms 2ad8b8a5-9b47-4134-85fe-629322b782ac for 147360ms
2019-09-16 17:31:19,974 [EventQueue-PipelineActionsForPipelineActionHandler] INFO  pipeline.SCMPipelineManager (SCMPipelineManager.java:finalizeAndDestroyPipeline(311)) - destroying pipeline:Pipeline[ Id: a4b81580-24b6-48aa-876e-a8369b54d72c, Nodes: 973364aa-0999-42fb-b1e3-8ec50fd7232a{ip: 192.168.151.75, host: pr-hdds-2114-2x2fm-437316914, networkLocation: /default-rack, certSerialId: null}04cc0e6b-c1eb-454c-b8ab-76b776566c09{ip: 192.168.151.75, host: pr-hdds-2114-2x2fm-437316914, networkLocation: /default-rack, certSerialId: null}2ad8b8a5-9b47-4134-85fe-629322b782ac{ip: 192.168.151.75, host: pr-hdds-2114-2x2fm-437316914, networkLocation: /default-rack, certSerialId: null}, Type:RATIS, Factor:THREE, State:CLOSED]
2019-09-16 17:31:21,485 [org.apache.ratis.server.impl.LogAppender$AppenderDaemon$$Lambda$485/1974557644@1d1e9b05] ERROR ratis.XceiverServerRatis (XceiverServerRatis.java:triggerPipelineClose(568)) - pipeline Action CLOSE  on pipeline PipelineID=a4b81580-24b6-48aa-876e-a8369b54d72c.Reason : 04cc0e6b-c1eb-454c-b8ab-76b776566c09 has not seen follower/s 973364aa-0999-42fb-b1e3-8ec50fd7232a for 149860ms 2ad8b8a5-9b47-4134-85fe-629322b782ac for 149861ms
2019-09-16 17:31:21,485 [org.apache.ratis.server.impl.LogAppender$AppenderDaemon$$Lambda$485/1974557644@14312308] ERROR ratis.XceiverServerRatis (XceiverServerRatis.java:triggerPipelineClose(568)) - pipeline Action CLOSE  on pipeline PipelineID=a4b81580-24b6-48aa-876e-a8369b54d72c.Reason : 04cc0e6b-c1eb-454c-b8ab-76b776566c09 has not seen follower/s 973364aa-0999-42fb-b1e3-8ec50fd7232a for 149860ms 2ad8b8a5-9b47-4134-85fe-629322b782ac for 149861ms
2019-09-16 17:31:21,817 [04cc0e6b-c1eb-454c-b8ab-76b776566c09@group-A8369B54D72C-SegmentedRaftLogWorker] WARN  segmented.SegmentedRaftLogWorker (SegmentedRaftLogWorker.java:getFromFuture(90)) - Timeout 14/~
org.apache.ratis.protocol.TimeoutIOException: Timeout 10s: WriteLog:14: (t:1, i:14), STATEMACHINELOGENTRY, client-445BDAC7BDF9, cid=142-writeStateMachineData
	at org.apache.ratis.util.IOUtils.getFromFuture(IOUtils.java:87)
	at org.apache.ratis.server.raftlog.segmented.SegmentedRaftLogWorker$StateMachineDataPolicy.getFromFuture(SegmentedRaftLogWorker.java:87)
	at org.apache.ratis.server.raftlog.segmented.SegmentedRaftLogWorker$WriteLog.execute(SegmentedRaftLogWorker.java:477)
	at org.apache.ratis.server.raftlog.segmented.SegmentedRaftLogWorker.run(SegmentedRaftLogWorker.java:289)
	at java.lang.Thread.run(Thread.java:748)
Caused by: java.util.concurrent.TimeoutException
	at java.util.concurrent.CompletableFuture.timedGet(CompletableFuture.java:1771)
	at java.util.concurrent.CompletableFuture.get(CompletableFuture.java:1915)
	at org.apache.ratis.util.IOUtils.getFromFuture(IOUtils.java:79)
	... 4 more
2019-09-16 17:31:21,832 [973364aa-0999-42fb-b1e3-8ec50fd7232a@group-A8369B54D72C-SegmentedRaftLogWorker] WARN  segmented.SegmentedRaftLogWorker (SegmentedRaftLogWorker.java:getFromFuture(90)) - Timeout 14/~
org.apache.ratis.protocol.TimeoutIOException: Timeout 10s: WriteLog:14: (t:1, i:14), STATEMACHINELOGENTRY, client-445BDAC7BDF9, cid=142-writeStateMachineData
	at org.apache.ratis.util.IOUtils.getFromFuture(IOUtils.java:87)
	at org.apache.ratis.server.raftlog.segmented.SegmentedRaftLogWorker$StateMachineDataPolicy.getFromFuture(SegmentedRaftLogWorker.java:87)
	at org.apache.ratis.server.raftlog.segmented.SegmentedRaftLogWorker$WriteLog.execute(SegmentedRaftLogWorker.java:477)
	at org.apache.ratis.server.raftlog.segmented.SegmentedRaftLogWorker.run(SegmentedRaftLogWorker.java:289)
	at java.lang.Thread.run(Thread.java:748)
Caused by: java.util.concurrent.TimeoutException
	at java.util.concurrent.CompletableFuture.timedGet(CompletableFuture.java:1771)
	at java.util.concurrent.CompletableFuture.get(CompletableFuture.java:1915)
	at org.apache.ratis.util.IOUtils.getFromFuture(IOUtils.java:79)
	... 4 more
2019-09-16 17:31:21,833 [2ad8b8a5-9b47-4134-85fe-629322b782ac@group-A8369B54D72C-SegmentedRaftLogWorker] WARN  segmented.SegmentedRaftLogWorker (SegmentedRaftLogWorker.java:getFromFuture(90)) - Timeout 14/~
org.apache.ratis.protocol.TimeoutIOException: Timeout 10s: WriteLog:14: (t:1, i:14), STATEMACHINELOGENTRY, client-445BDAC7BDF9, cid=142-writeStateMachineData
	at org.apache.ratis.util.IOUtils.getFromFuture(IOUtils.java:87)
	at org.apache.ratis.server.raftlog.segmented.SegmentedRaftLogWorker$StateMachineDataPolicy.getFromFuture(SegmentedRaftLogWorker.java:87)
	at org.apache.ratis.server.raftlog.segmented.SegmentedRaftLogWorker$WriteLog.execute(SegmentedRaftLogWorker.java:477)
	at org.apache.ratis.server.raftlog.segmented.SegmentedRaftLogWorker.run(SegmentedRaftLogWorker.java:289)
	at java.lang.Thread.run(Thread.java:748)
Caused by: java.util.concurrent.TimeoutException
	at java.util.concurrent.CompletableFuture.timedGet(CompletableFuture.java:1771)
	at java.util.concurrent.CompletableFuture.get(CompletableFuture.java:1915)
	at org.apache.ratis.util.IOUtils.getFromFuture(IOUtils.java:79)
	... 4 more
2019-09-16 17:31:21,973 [EventQueue-PipelineActionsForPipelineActionHandler] ERROR pipeline.PipelineActionHandler (PipelineActionHandler.java:onMessage(60)) - Received pipeline action CLOSE for Pipeline[ Id: a4b81580-24b6-48aa-876e-a8369b54d72c, Nodes: 973364aa-0999-42fb-b1e3-8ec50fd7232a{ip: 192.168.151.75, host: pr-hdds-2114-2x2fm-437316914, networkLocation: /default-rack, certSerialId: null}04cc0e6b-c1eb-454c-b8ab-76b776566c09{ip: 192.168.151.75, host: pr-hdds-2114-2x2fm-437316914, networkLocation: /default-rack, certSerialId: null}2ad8b8a5-9b47-4134-85fe-629322b782ac{ip: 192.168.151.75, host: pr-hdds-2114-2x2fm-437316914, networkLocation: /default-rack, certSerialId: null}, Type:RATIS, Factor:THREE, State:CLOSED] from datanode 04cc0e6b-c1eb-454c-b8ab-76b776566c09{ip: 192.168.151.75, host: pr-hdds-2114-2x2fm-437316914, networkLocation: /default-rack, certSerialId: null}. Reason : 04cc0e6b-c1eb-454c-b8ab-76b776566c09 has not seen follower/s 973364aa-0999-42fb-b1e3-8ec50fd7232a for 149860ms 2ad8b8a5-9b47-4134-85fe-629322b782ac for 149861ms
2019-09-16 17:31:21,974 [EventQueue-PipelineActionsForPipelineActionHandler] INFO  pipeline.SCMPipelineManager (SCMPipelineManager.java:finalizeAndDestroyPipeline(311)) - destroying pipeline:Pipeline[ Id: a4b81580-24b6-48aa-876e-a8369b54d72c, Nodes: 973364aa-0999-42fb-b1e3-8ec50fd7232a{ip: 192.168.151.75, host: pr-hdds-2114-2x2fm-437316914, networkLocation: /default-rack, certSerialId: null}04cc0e6b-c1eb-454c-b8ab-76b776566c09{ip: 192.168.151.75, host: pr-hdds-2114-2x2fm-437316914, networkLocation: /default-rack, certSerialId: null}2ad8b8a5-9b47-4134-85fe-629322b782ac{ip: 192.168.151.75, host: pr-hdds-2114-2x2fm-437316914, networkLocation: /default-rack, certSerialId: null}, Type:RATIS, Factor:THREE, State:CLOSED]
2019-09-16 17:31:21,984 [java.util.concurrent.ThreadPoolExecutor$Worker@7b4d20f6[State = -1, empty queue]] WARN  server.GrpcLogAppender (GrpcLogAppender.java:timeoutAppendRequest(200)) - 04cc0e6b-c1eb-454c-b8ab-76b776566c09@group-A8369B54D72C->973364aa-0999-42fb-b1e3-8ec50fd7232a-GrpcLogAppender: appendEntries Timeout, request=04cc0e6b-c1eb-454c-b8ab-76b776566c09->973364aa-0999-42fb-b1e3-8ec50fd7232a#232-t1, previous=(t:1, i:20), leaderCommit=13, initializing? false, entries: <empty>
2019-09-16 17:31:21,984 [java.util.concurrent.ThreadPoolExecutor$Worker@4b1e9ead[State = -1, empty queue]] WARN  server.GrpcLogAppender (GrpcLogAppender.java:timeoutAppendRequest(200)) - 04cc0e6b-c1eb-454c-b8ab-76b776566c09@group-A8369B54D72C->2ad8b8a5-9b47-4134-85fe-629322b782ac-GrpcLogAppender: appendEntries Timeout, request=04cc0e6b-c1eb-454c-b8ab-76b776566c09->2ad8b8a5-9b47-4134-85fe-629322b782ac#232-t1, previous=(t:1, i:20), leaderCommit=13, initializing? false, entries: <empty>
2019-09-16 17:31:23,458 [grpc-default-executor-5] INFO  client.GrpcClientProtocolClient (GrpcClientProtocolClient.java:onNext(264)) - client-445BDAC7BDF9->2ad8b8a5-9b47-4134-85fe-629322b782ac: receive RaftClientReply:client-445BDAC7BDF9->2ad8b8a5-9b47-4134-85fe-629322b782ac@group-A8369B54D72C, cid=142, FAILED org.apache.ratis.protocol.NotLeaderException: Server 2ad8b8a5-9b47-4134-85fe-629322b782ac@group-A8369B54D72C is not the leader 04cc0e6b-c1eb-454c-b8ab-76b776566c09:192.168.151.75:34634, logIndex=0, commits[2ad8b8a5-9b47-4134-85fe-629322b782ac:c13, 04cc0e6b-c1eb-454c-b8ab-76b776566c09:c13, 973364aa-0999-42fb-b1e3-8ec50fd7232a:c12]
2019-09-16 17:31:23,987 [org.apache.ratis.server.impl.LogAppender$AppenderDaemon$$Lambda$485/1974557644@1d1e9b05] ERROR ratis.XceiverServerRatis (XceiverServerRatis.java:triggerPipelineClose(568)) - pipeline Action CLOSE  on pipeline PipelineID=a4b81580-24b6-48aa-876e-a8369b54d72c.Reason : 04cc0e6b-c1eb-454c-b8ab-76b776566c09 has not seen follower/s 973364aa-0999-42fb-b1e3-8ec50fd7232a for 152362ms 2ad8b8a5-9b47-4134-85fe-629322b782ac for 152363ms
2019-09-16 17:31:23,987 [org.apache.ratis.server.impl.LogAppender$AppenderDaemon$$Lambda$485/1974557644@14312308] ERROR ratis.XceiverServerRatis (XceiverServerRatis.java:triggerPipelineClose(568)) - pipeline Action CLOSE  on pipeline PipelineID=a4b81580-24b6-48aa-876e-a8369b54d72c.Reason : 04cc0e6b-c1eb-454c-b8ab-76b776566c09 has not seen follower/s 973364aa-0999-42fb-b1e3-8ec50fd7232a for 152362ms 2ad8b8a5-9b47-4134-85fe-629322b782ac for 152363ms
2019-09-16 17:31:24,485 [java.util.concurrent.ThreadPoolExecutor$Worker@4b1e9ead[State = -1, empty queue]] WARN  server.GrpcLogAppender (GrpcLogAppender.java:timeoutAppendRequest(200)) - 04cc0e6b-c1eb-454c-b8ab-76b776566c09@group-A8369B54D72C->2ad8b8a5-9b47-4134-85fe-629322b782ac-GrpcLogAppender: appendEntries Timeout, request=04cc0e6b-c1eb-454c-b8ab-76b776566c09->2ad8b8a5-9b47-4134-85fe-629322b782ac#233-t1, previous=(t:1, i:20), leaderCommit=13, initializing? false, entries: <empty>
2019-09-16 17:31:24,485 [java.util.concurrent.ThreadPoolExecutor$Worker@7b4d20f6[State = -1, empty queue]] WARN  server.GrpcLogAppender (GrpcLogAppender.java:timeoutAppendRequest(200)) - 04cc0e6b-c1eb-454c-b8ab-76b776566c09@group-A8369B54D72C->973364aa-0999-42fb-b1e3-8ec50fd7232a-GrpcLogAppender: appendEntries Timeout, request=04cc0e6b-c1eb-454c-b8ab-76b776566c09->973364aa-0999-42fb-b1e3-8ec50fd7232a#233-t1, previous=(t:1, i:20), leaderCommit=13, initializing? false, entries: <empty>
2019-09-16 17:31:24,983 [EventQueue-PipelineActionsForPipelineActionHandler] ERROR pipeline.PipelineActionHandler (PipelineActionHandler.java:onMessage(60)) - Received pipeline action CLOSE for Pipeline[ Id: a4b81580-24b6-48aa-876e-a8369b54d72c, Nodes: 973364aa-0999-42fb-b1e3-8ec50fd7232a{ip: 192.168.151.75, host: pr-hdds-2114-2x2fm-437316914, networkLocation: /default-rack, certSerialId: null}04cc0e6b-c1eb-454c-b8ab-76b776566c09{ip: 192.168.151.75, host: pr-hdds-2114-2x2fm-437316914, networkLocation: /default-rack, certSerialId: null}2ad8b8a5-9b47-4134-85fe-629322b782ac{ip: 192.168.151.75, host: pr-hdds-2114-2x2fm-437316914, networkLocation: /default-rack, certSerialId: null}, Type:RATIS, Factor:THREE, State:CLOSED] from datanode 04cc0e6b-c1eb-454c-b8ab-76b776566c09{ip: 192.168.151.75, host: pr-hdds-2114-2x2fm-437316914, networkLocation: /default-rack, certSerialId: null}. Reason : 04cc0e6b-c1eb-454c-b8ab-76b776566c09 has not seen follower/s 973364aa-0999-42fb-b1e3-8ec50fd7232a for 152362ms 2ad8b8a5-9b47-4134-85fe-629322b782ac for 152363ms
2019-09-16 17:31:24,983 [EventQueue-PipelineActionsForPipelineActionHandler] INFO  pipeline.SCMPipelineManager (SCMPipelineManager.java:finalizeAndDestroyPipeline(311)) - destroying pipeline:Pipeline[ Id: a4b81580-24b6-48aa-876e-a8369b54d72c, Nodes: 973364aa-0999-42fb-b1e3-8ec50fd7232a{ip: 192.168.151.75, host: pr-hdds-2114-2x2fm-437316914, networkLocation: /default-rack, certSerialId: null}04cc0e6b-c1eb-454c-b8ab-76b776566c09{ip: 192.168.151.75, host: pr-hdds-2114-2x2fm-437316914, networkLocation: /default-rack, certSerialId: null}2ad8b8a5-9b47-4134-85fe-629322b782ac{ip: 192.168.151.75, host: pr-hdds-2114-2x2fm-437316914, networkLocation: /default-rack, certSerialId: null}, Type:RATIS, Factor:THREE, State:CLOSED]
2019-09-16 17:31:26,488 [org.apache.ratis.server.impl.LogAppender$AppenderDaemon$$Lambda$485/1974557644@1d1e9b05] ERROR ratis.XceiverServerRatis (XceiverServerRatis.java:triggerPipelineClose(568)) - pipeline Action CLOSE  on pipeline PipelineID=a4b81580-24b6-48aa-876e-a8369b54d72c.Reason : 04cc0e6b-c1eb-454c-b8ab-76b776566c09 has not seen follower/s 973364aa-0999-42fb-b1e3-8ec50fd7232a for 154864ms 2ad8b8a5-9b47-4134-85fe-629322b782ac for 154864ms
2019-09-16 17:31:26,488 [org.apache.ratis.server.impl.LogAppender$AppenderDaemon$$Lambda$485/1974557644@14312308] ERROR ratis.XceiverServerRatis (XceiverServerRatis.java:triggerPipelineClose(568)) - pipeline Action CLOSE  on pipeline PipelineID=a4b81580-24b6-48aa-876e-a8369b54d72c.Reason : 04cc0e6b-c1eb-454c-b8ab-76b776566c09 has not seen follower/s 973364aa-0999-42fb-b1e3-8ec50fd7232a for 154864ms 2ad8b8a5-9b47-4134-85fe-629322b782ac for 154864ms
2019-09-16 17:31:26,986 [java.util.concurrent.ThreadPoolExecutor$Worker@7b4d20f6[State = -1, empty queue]] WARN  server.GrpcLogAppender (GrpcLogAppender.java:timeoutAppendRequest(200)) - 04cc0e6b-c1eb-454c-b8ab-76b776566c09@group-A8369B54D72C->973364aa-0999-42fb-b1e3-8ec50fd7232a-GrpcLogAppender: appendEntries Timeout, request=04cc0e6b-c1eb-454c-b8ab-76b776566c09->973364aa-0999-42fb-b1e3-8ec50fd7232a#234-t1, previous=(t:1, i:20), leaderCommit=13, initializing? false, entries: <empty>
2019-09-16 17:31:26,986 [java.util.concurrent.ThreadPoolExecutor$Worker@4b1e9ead[State = -1, empty queue]] WARN  server.GrpcLogAppender (GrpcLogAppender.java:timeoutAppendRequest(200)) - 04cc0e6b-c1eb-454c-b8ab-76b776566c09@group-A8369B54D72C->2ad8b8a5-9b47-4134-85fe-629322b782ac-GrpcLogAppender: appendEntries Timeout, request=04cc0e6b-c1eb-454c-b8ab-76b776566c09->2ad8b8a5-9b47-4134-85fe-629322b782ac#234-t1, previous=(t:1, i:20), leaderCommit=13, initializing? false, entries: <empty>
2019-09-16 17:31:26,989 [EventQueue-PipelineActionsForPipelineActionHandler] ERROR pipeline.PipelineActionHandler (PipelineActionHandler.java:onMessage(60)) - Received pipeline action CLOSE for Pipeline[ Id: a4b81580-24b6-48aa-876e-a8369b54d72c, Nodes: 973364aa-0999-42fb-b1e3-8ec50fd7232a{ip: 192.168.151.75, host: pr-hdds-2114-2x2fm-437316914, networkLocation: /default-rack, certSerialId: null}04cc0e6b-c1eb-454c-b8ab-76b776566c09{ip: 192.168.151.75, host: pr-hdds-2114-2x2fm-437316914, networkLocation: /default-rack, certSerialId: null}2ad8b8a5-9b47-4134-85fe-629322b782ac{ip: 192.168.151.75, host: pr-hdds-2114-2x2fm-437316914, networkLocation: /default-rack, certSerialId: null}, Type:RATIS, Factor:THREE, State:CLOSED] from datanode 04cc0e6b-c1eb-454c-b8ab-76b776566c09{ip: 192.168.151.75, host: pr-hdds-2114-2x2fm-437316914, networkLocation: /default-rack, certSerialId: null}. Reason : 04cc0e6b-c1eb-454c-b8ab-76b776566c09 has not seen follower/s 973364aa-0999-42fb-b1e3-8ec50fd7232a for 154864ms 2ad8b8a5-9b47-4134-85fe-629322b782ac for 154864ms
2019-09-16 17:31:26,989 [EventQueue-PipelineActionsForPipelineActionHandler] INFO  pipeline.SCMPipelineManager (SCMPipelineManager.java:finalizeAndDestroyPipeline(311)) - destroying pipeline:Pipeline[ Id: a4b81580-24b6-48aa-876e-a8369b54d72c, Nodes: 973364aa-0999-42fb-b1e3-8ec50fd7232a{ip: 192.168.151.75, host: pr-hdds-2114-2x2fm-437316914, networkLocation: /default-rack, certSerialId: null}04cc0e6b-c1eb-454c-b8ab-76b776566c09{ip: 192.168.151.75, host: pr-hdds-2114-2x2fm-437316914, networkLocation: /default-rack, certSerialId: null}2ad8b8a5-9b47-4134-85fe-629322b782ac{ip: 192.168.151.75, host: pr-hdds-2114-2x2fm-437316914, networkLocation: /default-rack, certSerialId: null}, Type:RATIS, Factor:THREE, State:CLOSED]
2019-09-16 17:31:28,499 [grpc-default-executor-5] INFO  client.GrpcClientProtocolClient (GrpcClientProtocolClient.java:onNext(264)) - client-445BDAC7BDF9->973364aa-0999-42fb-b1e3-8ec50fd7232a: receive RaftClientReply:client-445BDAC7BDF9->973364aa-0999-42fb-b1e3-8ec50fd7232a@group-A8369B54D72C, cid=142, FAILED org.apache.ratis.protocol.NotLeaderException: Server 973364aa-0999-42fb-b1e3-8ec50fd7232a@group-A8369B54D72C is not the leader 04cc0e6b-c1eb-454c-b8ab-76b776566c09:192.168.151.75:34634, logIndex=0, commits[973364aa-0999-42fb-b1e3-8ec50fd7232a:c13, 04cc0e6b-c1eb-454c-b8ab-76b776566c09:c13, 2ad8b8a5-9b47-4134-85fe-629322b782ac:c12]
2019-09-16 17:31:28,989 [org.apache.ratis.server.impl.LogAppender$AppenderDaemon$$Lambda$485/1974557644@1d1e9b05] ERROR ratis.XceiverServerRatis (XceiverServerRatis.java:triggerPipelineClose(568)) - pipeline Action CLOSE  on pipeline PipelineID=a4b81580-24b6-48aa-876e-a8369b54d72c.Reason : 04cc0e6b-c1eb-454c-b8ab-76b776566c09 has not seen follower/s 973364aa-0999-42fb-b1e3-8ec50fd7232a for 157364ms 2ad8b8a5-9b47-4134-85fe-629322b782ac for 157365ms
2019-09-16 17:31:28,989 [org.apache.ratis.server.impl.LogAppender$AppenderDaemon$$Lambda$485/1974557644@14312308] ERROR ratis.XceiverServerRatis (XceiverServerRatis.java:triggerPipelineClose(568)) - pipeline Action CLOSE  on pipeline PipelineID=a4b81580-24b6-48aa-876e-a8369b54d72c.Reason : 04cc0e6b-c1eb-454c-b8ab-76b776566c09 has not seen follower/s 973364aa-0999-42fb-b1e3-8ec50fd7232a for 157365ms 2ad8b8a5-9b47-4134-85fe-629322b782ac for 157365ms
2019-09-16 17:31:29,488 [java.util.concurrent.ThreadPoolExecutor$Worker@7b4d20f6[State = -1, empty queue]] WARN  server.GrpcLogAppender (GrpcLogAppender.java:timeoutAppendRequest(200)) - 04cc0e6b-c1eb-454c-b8ab-76b776566c09@group-A8369B54D72C->973364aa-0999-42fb-b1e3-8ec50fd7232a-GrpcLogAppender: appendEntries Timeout, request=04cc0e6b-c1eb-454c-b8ab-76b776566c09->973364aa-0999-42fb-b1e3-8ec50fd7232a#235-t1, previous=(t:1, i:20), leaderCommit=13, initializing? false, entries: <empty>
2019-09-16 17:31:29,488 [java.util.concurrent.ThreadPoolExecutor$Worker@4b1e9ead[State = -1, empty queue]] WARN  server.GrpcLogAppender (GrpcLogAppender.java:timeoutAppendRequest(200)) - 04cc0e6b-c1eb-454c-b8ab-76b776566c09@group-A8369B54D72C->2ad8b8a5-9b47-4134-85fe-629322b782ac-GrpcLogAppender: appendEntries Timeout, request=04cc0e6b-c1eb-454c-b8ab-76b776566c09->2ad8b8a5-9b47-4134-85fe-629322b782ac#235-t1, previous=(t:1, i:20), leaderCommit=13, initializing? false, entries: <empty>
2019-09-16 17:31:29,988 [EventQueue-PipelineActionsForPipelineActionHandler] ERROR pipeline.PipelineActionHandler (PipelineActionHandler.java:onMessage(60)) - Received pipeline action CLOSE for Pipeline[ Id: a4b81580-24b6-48aa-876e-a8369b54d72c, Nodes: 973364aa-0999-42fb-b1e3-8ec50fd7232a{ip: 192.168.151.75, host: pr-hdds-2114-2x2fm-437316914, networkLocation: /default-rack, certSerialId: null}04cc0e6b-c1eb-454c-b8ab-76b776566c09{ip: 192.168.151.75, host: pr-hdds-2114-2x2fm-437316914, networkLocation: /default-rack, certSerialId: null}2ad8b8a5-9b47-4134-85fe-629322b782ac{ip: 192.168.151.75, host: pr-hdds-2114-2x2fm-437316914, networkLocation: /default-rack, certSerialId: null}, Type:RATIS, Factor:THREE, State:CLOSED] from datanode 04cc0e6b-c1eb-454c-b8ab-76b776566c09{ip: 192.168.151.75, host: pr-hdds-2114-2x2fm-437316914, networkLocation: /default-rack, certSerialId: null}. Reason : 04cc0e6b-c1eb-454c-b8ab-76b776566c09 has not seen follower/s 973364aa-0999-42fb-b1e3-8ec50fd7232a for 157364ms 2ad8b8a5-9b47-4134-85fe-629322b782ac for 157365ms
2019-09-16 17:31:29,988 [EventQueue-PipelineActionsForPipelineActionHandler] INFO  pipeline.SCMPipelineManager (SCMPipelineManager.java:finalizeAndDestroyPipeline(311)) - destroying pipeline:Pipeline[ Id: a4b81580-24b6-48aa-876e-a8369b54d72c, Nodes: 973364aa-0999-42fb-b1e3-8ec50fd7232a{ip: 192.168.151.75, host: pr-hdds-2114-2x2fm-437316914, networkLocation: /default-rack, certSerialId: null}04cc0e6b-c1eb-454c-b8ab-76b776566c09{ip: 192.168.151.75, host: pr-hdds-2114-2x2fm-437316914, networkLocation: /default-rack, certSerialId: null}2ad8b8a5-9b47-4134-85fe-629322b782ac{ip: 192.168.151.75, host: pr-hdds-2114-2x2fm-437316914, networkLocation: /default-rack, certSerialId: null}, Type:RATIS, Factor:THREE, State:CLOSED]
2019-09-16 17:31:31,490 [org.apache.ratis.server.impl.LogAppender$AppenderDaemon$$Lambda$485/1974557644@1d1e9b05] ERROR ratis.XceiverServerRatis (XceiverServerRatis.java:triggerPipelineClose(568)) - pipeline Action CLOSE  on pipeline PipelineID=a4b81580-24b6-48aa-876e-a8369b54d72c.Reason : 04cc0e6b-c1eb-454c-b8ab-76b776566c09 has not seen follower/s 973364aa-0999-42fb-b1e3-8ec50fd7232a for 159865ms 2ad8b8a5-9b47-4134-85fe-629322b782ac for 159865ms
2019-09-16 17:31:31,490 [org.apache.ratis.server.impl.LogAppender$AppenderDaemon$$Lambda$485/1974557644@14312308] ERROR ratis.XceiverServerRatis (XceiverServerRatis.java:triggerPipelineClose(568)) - pipeline Action CLOSE  on pipeline PipelineID=a4b81580-24b6-48aa-876e-a8369b54d72c.Reason : 04cc0e6b-c1eb-454c-b8ab-76b776566c09 has not seen follower/s 973364aa-0999-42fb-b1e3-8ec50fd7232a for 159865ms 2ad8b8a5-9b47-4134-85fe-629322b782ac for 159866ms
2019-09-16 17:31:31,818 [04cc0e6b-c1eb-454c-b8ab-76b776566c09@group-A8369B54D72C-SegmentedRaftLogWorker] WARN  segmented.SegmentedRaftLogWorker (SegmentedRaftLogWorker.java:getFromFuture(90)) - Timeout 15/~
org.apache.ratis.protocol.TimeoutIOException: Timeout 10s: WriteLog:14: (t:1, i:14), STATEMACHINELOGENTRY, client-445BDAC7BDF9, cid=142-writeStateMachineData
	at org.apache.ratis.util.IOUtils.getFromFuture(IOUtils.java:87)
	at org.apache.ratis.server.raftlog.segmented.SegmentedRaftLogWorker$StateMachineDataPolicy.getFromFuture(SegmentedRaftLogWorker.java:87)
	at org.apache.ratis.server.raftlog.segmented.SegmentedRaftLogWorker$WriteLog.execute(SegmentedRaftLogWorker.java:477)
	at org.apache.ratis.server.raftlog.segmented.SegmentedRaftLogWorker.run(SegmentedRaftLogWorker.java:289)
	at java.lang.Thread.run(Thread.java:748)
Caused by: java.util.concurrent.TimeoutException
	at java.util.concurrent.CompletableFuture.timedGet(CompletableFuture.java:1771)
	at java.util.concurrent.CompletableFuture.get(CompletableFuture.java:1915)
	at org.apache.ratis.util.IOUtils.getFromFuture(IOUtils.java:79)
	... 4 more
2019-09-16 17:31:31,832 [973364aa-0999-42fb-b1e3-8ec50fd7232a@group-A8369B54D72C-SegmentedRaftLogWorker] WARN  segmented.SegmentedRaftLogWorker (SegmentedRaftLogWorker.java:getFromFuture(90)) - Timeout 15/~
org.apache.ratis.protocol.TimeoutIOException: Timeout 10s: WriteLog:14: (t:1, i:14), STATEMACHINELOGENTRY, client-445BDAC7BDF9, cid=142-writeStateMachineData
	at org.apache.ratis.util.IOUtils.getFromFuture(IOUtils.java:87)
	at org.apache.ratis.server.raftlog.segmented.SegmentedRaftLogWorker$StateMachineDataPolicy.getFromFuture(SegmentedRaftLogWorker.java:87)
	at org.apache.ratis.server.raftlog.segmented.SegmentedRaftLogWorker$WriteLog.execute(SegmentedRaftLogWorker.java:477)
	at org.apache.ratis.server.raftlog.segmented.SegmentedRaftLogWorker.run(SegmentedRaftLogWorker.java:289)
	at java.lang.Thread.run(Thread.java:748)
Caused by: java.util.concurrent.TimeoutException
	at java.util.concurrent.CompletableFuture.timedGet(CompletableFuture.java:1771)
	at java.util.concurrent.CompletableFuture.get(CompletableFuture.java:1915)
	at org.apache.ratis.util.IOUtils.getFromFuture(IOUtils.java:79)
	... 4 more
2019-09-16 17:31:31,856 [2ad8b8a5-9b47-4134-85fe-629322b782ac@group-A8369B54D72C-SegmentedRaftLogWorker] WARN  segmented.SegmentedRaftLogWorker (SegmentedRaftLogWorker.java:getFromFuture(90)) - Timeout 15/~
org.apache.ratis.protocol.TimeoutIOException: Timeout 10s: WriteLog:14: (t:1, i:14), STATEMACHINELOGENTRY, client-445BDAC7BDF9, cid=142-writeStateMachineData
	at org.apache.ratis.util.IOUtils.getFromFuture(IOUtils.java:87)
	at org.apache.ratis.server.raftlog.segmented.SegmentedRaftLogWorker$StateMachineDataPolicy.getFromFuture(SegmentedRaftLogWorker.java:87)
	at org.apache.ratis.server.raftlog.segmented.SegmentedRaftLogWorker$WriteLog.execute(SegmentedRaftLogWorker.java:477)
	at org.apache.ratis.server.raftlog.segmented.SegmentedRaftLogWorker.run(SegmentedRaftLogWorker.java:289)
	at java.lang.Thread.run(Thread.java:748)
Caused by: java.util.concurrent.TimeoutException
	at java.util.concurrent.CompletableFuture.timedGet(CompletableFuture.java:1771)
	at java.util.concurrent.CompletableFuture.get(CompletableFuture.java:1915)
	at org.apache.ratis.util.IOUtils.getFromFuture(IOUtils.java:79)
	... 4 more
2019-09-16 17:31:31,988 [EventQueue-PipelineActionsForPipelineActionHandler] ERROR pipeline.PipelineActionHandler (PipelineActionHandler.java:onMessage(60)) - Received pipeline action CLOSE for Pipeline[ Id: a4b81580-24b6-48aa-876e-a8369b54d72c, Nodes: 973364aa-0999-42fb-b1e3-8ec50fd7232a{ip: 192.168.151.75, host: pr-hdds-2114-2x2fm-437316914, networkLocation: /default-rack, certSerialId: null}04cc0e6b-c1eb-454c-b8ab-76b776566c09{ip: 192.168.151.75, host: pr-hdds-2114-2x2fm-437316914, networkLocation: /default-rack, certSerialId: null}2ad8b8a5-9b47-4134-85fe-629322b782ac{ip: 192.168.151.75, host: pr-hdds-2114-2x2fm-437316914, networkLocation: /default-rack, certSerialId: null}, Type:RATIS, Factor:THREE, State:CLOSED] from datanode 04cc0e6b-c1eb-454c-b8ab-76b776566c09{ip: 192.168.151.75, host: pr-hdds-2114-2x2fm-437316914, networkLocation: /default-rack, certSerialId: null}. Reason : 04cc0e6b-c1eb-454c-b8ab-76b776566c09 has not seen follower/s 973364aa-0999-42fb-b1e3-8ec50fd7232a for 159865ms 2ad8b8a5-9b47-4134-85fe-629322b782ac for 159865ms
2019-09-16 17:31:31,989 [EventQueue-PipelineActionsForPipelineActionHandler] INFO  pipeline.SCMPipelineManager (SCMPipelineManager.java:finalizeAndDestroyPipeline(311)) - destroying pipeline:Pipeline[ Id: a4b81580-24b6-48aa-876e-a8369b54d72c, Nodes: 973364aa-0999-42fb-b1e3-8ec50fd7232a{ip: 192.168.151.75, host: pr-hdds-2114-2x2fm-437316914, networkLocation: /default-rack, certSerialId: null}04cc0e6b-c1eb-454c-b8ab-76b776566c09{ip: 192.168.151.75, host: pr-hdds-2114-2x2fm-437316914, networkLocation: /default-rack, certSerialId: null}2ad8b8a5-9b47-4134-85fe-629322b782ac{ip: 192.168.151.75, host: pr-hdds-2114-2x2fm-437316914, networkLocation: /default-rack, certSerialId: null}, Type:RATIS, Factor:THREE, State:CLOSED]
2019-09-16 17:31:31,989 [java.util.concurrent.ThreadPoolExecutor$Worker@4b1e9ead[State = -1, empty queue]] WARN  server.GrpcLogAppender (GrpcLogAppender.java:timeoutAppendRequest(200)) - 04cc0e6b-c1eb-454c-b8ab-76b776566c09@group-A8369B54D72C->2ad8b8a5-9b47-4134-85fe-629322b782ac-GrpcLogAppender: appendEntries Timeout, request=04cc0e6b-c1eb-454c-b8ab-76b776566c09->2ad8b8a5-9b47-4134-85fe-629322b782ac#236-t1, previous=(t:1, i:20), leaderCommit=13, initializing? false, entries: <empty>
2019-09-16 17:31:31,989 [java.util.concurrent.ThreadPoolExecutor$Worker@7b4d20f6[State = -1, empty queue]] WARN  server.GrpcLogAppender (GrpcLogAppender.java:timeoutAppendRequest(200)) - 04cc0e6b-c1eb-454c-b8ab-76b776566c09@group-A8369B54D72C->973364aa-0999-42fb-b1e3-8ec50fd7232a-GrpcLogAppender: appendEntries Timeout, request=04cc0e6b-c1eb-454c-b8ab-76b776566c09->973364aa-0999-42fb-b1e3-8ec50fd7232a#236-t1, previous=(t:1, i:20), leaderCommit=13, initializing? false, entries: <empty>
2019-09-16 17:31:33,536 [grpc-default-executor-6] INFO  client.GrpcClientProtocolClient (GrpcClientProtocolClient.java:onNext(264)) - client-445BDAC7BDF9->973364aa-0999-42fb-b1e3-8ec50fd7232a: receive RaftClientReply:client-445BDAC7BDF9->973364aa-0999-42fb-b1e3-8ec50fd7232a@group-A8369B54D72C, cid=142, FAILED org.apache.ratis.protocol.NotLeaderException: Server 973364aa-0999-42fb-b1e3-8ec50fd7232a@group-A8369B54D72C is not the leader 04cc0e6b-c1eb-454c-b8ab-76b776566c09:192.168.151.75:34634, logIndex=0, commits[973364aa-0999-42fb-b1e3-8ec50fd7232a:c13, 04cc0e6b-c1eb-454c-b8ab-76b776566c09:c13, 2ad8b8a5-9b47-4134-85fe-629322b782ac:c12]
2019-09-16 17:31:33,990 [org.apache.ratis.server.impl.LogAppender$AppenderDaemon$$Lambda$485/1974557644@1d1e9b05] ERROR ratis.XceiverServerRatis (XceiverServerRatis.java:triggerPipelineClose(568)) - pipeline Action CLOSE  on pipeline PipelineID=a4b81580-24b6-48aa-876e-a8369b54d72c.Reason : 04cc0e6b-c1eb-454c-b8ab-76b776566c09 has not seen follower/s 973364aa-0999-42fb-b1e3-8ec50fd7232a for 162366ms 2ad8b8a5-9b47-4134-85fe-629322b782ac for 162366ms
2019-09-16 17:31:33,990 [org.apache.ratis.server.impl.LogAppender$AppenderDaemon$$Lambda$485/1974557644@14312308] ERROR ratis.XceiverServerRatis (XceiverServerRatis.java:triggerPipelineClose(568)) - pipeline Action CLOSE  on pipeline PipelineID=a4b81580-24b6-48aa-876e-a8369b54d72c.Reason : 04cc0e6b-c1eb-454c-b8ab-76b776566c09 has not seen follower/s 973364aa-0999-42fb-b1e3-8ec50fd7232a for 162366ms 2ad8b8a5-9b47-4134-85fe-629322b782ac for 162366ms
2019-09-16 17:31:34,489 [java.util.concurrent.ThreadPoolExecutor$Worker@4b1e9ead[State = -1, empty queue]] WARN  server.GrpcLogAppender (GrpcLogAppender.java:timeoutAppendRequest(200)) - 04cc0e6b-c1eb-454c-b8ab-76b776566c09@group-A8369B54D72C->2ad8b8a5-9b47-4134-85fe-629322b782ac-GrpcLogAppender: appendEntries Timeout, request=04cc0e6b-c1eb-454c-b8ab-76b776566c09->2ad8b8a5-9b47-4134-85fe-629322b782ac#237-t1, previous=(t:1, i:20), leaderCommit=13, initializing? false, entries: <empty>
2019-09-16 17:31:34,490 [java.util.concurrent.ThreadPoolExecutor$Worker@7b4d20f6[State = -1, empty queue]] WARN  server.GrpcLogAppender (GrpcLogAppender.java:timeoutAppendRequest(200)) - 04cc0e6b-c1eb-454c-b8ab-76b776566c09@group-A8369B54D72C->973364aa-0999-42fb-b1e3-8ec50fd7232a-GrpcLogAppender: appendEntries Timeout, request=04cc0e6b-c1eb-454c-b8ab-76b776566c09->973364aa-0999-42fb-b1e3-8ec50fd7232a#237-t1, previous=(t:1, i:20), leaderCommit=13, initializing? false, entries: <empty>
2019-09-16 17:31:34,988 [EventQueue-PipelineActionsForPipelineActionHandler] ERROR pipeline.PipelineActionHandler (PipelineActionHandler.java:onMessage(60)) - Received pipeline action CLOSE for Pipeline[ Id: a4b81580-24b6-48aa-876e-a8369b54d72c, Nodes: 973364aa-0999-42fb-b1e3-8ec50fd7232a{ip: 192.168.151.75, host: pr-hdds-2114-2x2fm-437316914, networkLocation: /default-rack, certSerialId: null}04cc0e6b-c1eb-454c-b8ab-76b776566c09{ip: 192.168.151.75, host: pr-hdds-2114-2x2fm-437316914, networkLocation: /default-rack, certSerialId: null}2ad8b8a5-9b47-4134-85fe-629322b782ac{ip: 192.168.151.75, host: pr-hdds-2114-2x2fm-437316914, networkLocation: /default-rack, certSerialId: null}, Type:RATIS, Factor:THREE, State:CLOSED] from datanode 04cc0e6b-c1eb-454c-b8ab-76b776566c09{ip: 192.168.151.75, host: pr-hdds-2114-2x2fm-437316914, networkLocation: /default-rack, certSerialId: null}. Reason : 04cc0e6b-c1eb-454c-b8ab-76b776566c09 has not seen follower/s 973364aa-0999-42fb-b1e3-8ec50fd7232a for 162366ms 2ad8b8a5-9b47-4134-85fe-629322b782ac for 162366ms
2019-09-16 17:31:34,988 [EventQueue-PipelineActionsForPipelineActionHandler] INFO  pipeline.SCMPipelineManager (SCMPipelineManager.java:finalizeAndDestroyPipeline(311)) - destroying pipeline:Pipeline[ Id: a4b81580-24b6-48aa-876e-a8369b54d72c, Nodes: 973364aa-0999-42fb-b1e3-8ec50fd7232a{ip: 192.168.151.75, host: pr-hdds-2114-2x2fm-437316914, networkLocation: /default-rack, certSerialId: null}04cc0e6b-c1eb-454c-b8ab-76b776566c09{ip: 192.168.151.75, host: pr-hdds-2114-2x2fm-437316914, networkLocation: /default-rack, certSerialId: null}2ad8b8a5-9b47-4134-85fe-629322b782ac{ip: 192.168.151.75, host: pr-hdds-2114-2x2fm-437316914, networkLocation: /default-rack, certSerialId: null}, Type:RATIS, Factor:THREE, State:CLOSED]
2019-09-16 17:31:36,494 [org.apache.ratis.server.impl.LogAppender$AppenderDaemon$$Lambda$485/1974557644@14312308] ERROR ratis.XceiverServerRatis (XceiverServerRatis.java:triggerPipelineClose(568)) - pipeline Action CLOSE  on pipeline PipelineID=a4b81580-24b6-48aa-876e-a8369b54d72c.Reason : 04cc0e6b-c1eb-454c-b8ab-76b776566c09 has not seen follower/s 973364aa-0999-42fb-b1e3-8ec50fd7232a for 164869ms 2ad8b8a5-9b47-4134-85fe-629322b782ac for 164869ms
2019-09-16 17:31:36,494 [org.apache.ratis.server.impl.LogAppender$AppenderDaemon$$Lambda$485/1974557644@1d1e9b05] ERROR ratis.XceiverServerRatis (XceiverServerRatis.java:triggerPipelineClose(568)) - pipeline Action CLOSE  on pipeline PipelineID=a4b81580-24b6-48aa-876e-a8369b54d72c.Reason : 04cc0e6b-c1eb-454c-b8ab-76b776566c09 has not seen follower/s 973364aa-0999-42fb-b1e3-8ec50fd7232a for 164869ms 2ad8b8a5-9b47-4134-85fe-629322b782ac for 164869ms
2019-09-16 17:31:36,990 [EventQueue-PipelineActionsForPipelineActionHandler] ERROR pipeline.PipelineActionHandler (PipelineActionHandler.java:onMessage(60)) - Received pipeline action CLOSE for Pipeline[ Id: a4b81580-24b6-48aa-876e-a8369b54d72c, Nodes: 973364aa-0999-42fb-b1e3-8ec50fd7232a{ip: 192.168.151.75, host: pr-hdds-2114-2x2fm-437316914, networkLocation: /default-rack, certSerialId: null}04cc0e6b-c1eb-454c-b8ab-76b776566c09{ip: 192.168.151.75, host: pr-hdds-2114-2x2fm-437316914, networkLocation: /default-rack, certSerialId: null}2ad8b8a5-9b47-4134-85fe-629322b782ac{ip: 192.168.151.75, host: pr-hdds-2114-2x2fm-437316914, networkLocation: /default-rack, certSerialId: null}, Type:RATIS, Factor:THREE, State:CLOSED] from datanode 04cc0e6b-c1eb-454c-b8ab-76b776566c09{ip: 192.168.151.75, host: pr-hdds-2114-2x2fm-437316914, networkLocation: /default-rack, certSerialId: null}. Reason : 04cc0e6b-c1eb-454c-b8ab-76b776566c09 has not seen follower/s 973364aa-0999-42fb-b1e3-8ec50fd7232a for 164869ms 2ad8b8a5-9b47-4134-85fe-629322b782ac for 164869ms
2019-09-16 17:31:36,990 [EventQueue-PipelineActionsForPipelineActionHandler] INFO  pipeline.SCMPipelineManager (SCMPipelineManager.java:finalizeAndDestroyPipeline(311)) - destroying pipeline:Pipeline[ Id: a4b81580-24b6-48aa-876e-a8369b54d72c, Nodes: 973364aa-0999-42fb-b1e3-8ec50fd7232a{ip: 192.168.151.75, host: pr-hdds-2114-2x2fm-437316914, networkLocation: /default-rack, certSerialId: null}04cc0e6b-c1eb-454c-b8ab-76b776566c09{ip: 192.168.151.75, host: pr-hdds-2114-2x2fm-437316914, networkLocation: /default-rack, certSerialId: null}2ad8b8a5-9b47-4134-85fe-629322b782ac{ip: 192.168.151.75, host: pr-hdds-2114-2x2fm-437316914, networkLocation: /default-rack, certSerialId: null}, Type:RATIS, Factor:THREE, State:CLOSED]
2019-09-16 17:31:36,990 [java.util.concurrent.ThreadPoolExecutor$Worker@4b1e9ead[State = -1, empty queue]] WARN  server.GrpcLogAppender (GrpcLogAppender.java:timeoutAppendRequest(200)) - 04cc0e6b-c1eb-454c-b8ab-76b776566c09@group-A8369B54D72C->2ad8b8a5-9b47-4134-85fe-629322b782ac-GrpcLogAppender: appendEntries Timeout, request=04cc0e6b-c1eb-454c-b8ab-76b776566c09->2ad8b8a5-9b47-4134-85fe-629322b782ac#238-t1, previous=(t:1, i:20), leaderCommit=13, initializing? false, entries: <empty>
2019-09-16 17:31:36,990 [java.util.concurrent.ThreadPoolExecutor$Worker@7b4d20f6[State = -1, empty queue]] WARN  server.GrpcLogAppender (GrpcLogAppender.java:timeoutAppendRequest(200)) - 04cc0e6b-c1eb-454c-b8ab-76b776566c09@group-A8369B54D72C->973364aa-0999-42fb-b1e3-8ec50fd7232a-GrpcLogAppender: appendEntries Timeout, request=04cc0e6b-c1eb-454c-b8ab-76b776566c09->973364aa-0999-42fb-b1e3-8ec50fd7232a#238-t1, previous=(t:1, i:20), leaderCommit=13, initializing? false, entries: <empty>
2019-09-16 17:31:38,612 [grpc-default-executor-6] INFO  client.GrpcClientProtocolClient (GrpcClientProtocolClient.java:onNext(264)) - client-445BDAC7BDF9->973364aa-0999-42fb-b1e3-8ec50fd7232a: receive RaftClientReply:client-445BDAC7BDF9->973364aa-0999-42fb-b1e3-8ec50fd7232a@group-A8369B54D72C, cid=142, FAILED org.apache.ratis.protocol.NotLeaderException: Server 973364aa-0999-42fb-b1e3-8ec50fd7232a@group-A8369B54D72C is not the leader 04cc0e6b-c1eb-454c-b8ab-76b776566c09:192.168.151.75:34634, logIndex=0, commits[973364aa-0999-42fb-b1e3-8ec50fd7232a:c13, 04cc0e6b-c1eb-454c-b8ab-76b776566c09:c13, 2ad8b8a5-9b47-4134-85fe-629322b782ac:c12]
2019-09-16 17:31:38,994 [org.apache.ratis.server.impl.LogAppender$AppenderDaemon$$Lambda$485/1974557644@14312308] ERROR ratis.XceiverServerRatis (XceiverServerRatis.java:triggerPipelineClose(568)) - pipeline Action CLOSE  on pipeline PipelineID=a4b81580-24b6-48aa-876e-a8369b54d72c.Reason : 04cc0e6b-c1eb-454c-b8ab-76b776566c09 has not seen follower/s 973364aa-0999-42fb-b1e3-8ec50fd7232a for 167369ms 2ad8b8a5-9b47-4134-85fe-629322b782ac for 167370ms
2019-09-16 17:31:38,994 [org.apache.ratis.server.impl.LogAppender$AppenderDaemon$$Lambda$485/1974557644@1d1e9b05] ERROR ratis.XceiverServerRatis (XceiverServerRatis.java:triggerPipelineClose(568)) - pipeline Action CLOSE  on pipeline PipelineID=a4b81580-24b6-48aa-876e-a8369b54d72c.Reason : 04cc0e6b-c1eb-454c-b8ab-76b776566c09 has not seen follower/s 973364aa-0999-42fb-b1e3-8ec50fd7232a for 167369ms 2ad8b8a5-9b47-4134-85fe-629322b782ac for 167370ms
2019-09-16 17:31:39,493 [java.util.concurrent.ThreadPoolExecutor$Worker@4b1e9ead[State = -1, empty queue]] WARN  server.GrpcLogAppender (GrpcLogAppender.java:timeoutAppendRequest(200)) - 04cc0e6b-c1eb-454c-b8ab-76b776566c09@group-A8369B54D72C->2ad8b8a5-9b47-4134-85fe-629322b782ac-GrpcLogAppender: appendEntries Timeout, request=04cc0e6b-c1eb-454c-b8ab-76b776566c09->2ad8b8a5-9b47-4134-85fe-629322b782ac#239-t1, previous=(t:1, i:20), leaderCommit=13, initializing? false, entries: <empty>
2019-09-16 17:31:39,493 [java.util.concurrent.ThreadPoolExecutor$Worker@7b4d20f6[State = -1, empty queue]] WARN  server.GrpcLogAppender (GrpcLogAppender.java:timeoutAppendRequest(200)) - 04cc0e6b-c1eb-454c-b8ab-76b776566c09@group-A8369B54D72C->973364aa-0999-42fb-b1e3-8ec50fd7232a-GrpcLogAppender: appendEntries Timeout, request=04cc0e6b-c1eb-454c-b8ab-76b776566c09->973364aa-0999-42fb-b1e3-8ec50fd7232a#239-t1, previous=(t:1, i:20), leaderCommit=13, initializing? false, entries: <empty>
2019-09-16 17:31:39,990 [EventQueue-PipelineActionsForPipelineActionHandler] ERROR pipeline.PipelineActionHandler (PipelineActionHandler.java:onMessage(60)) - Received pipeline action CLOSE for Pipeline[ Id: a4b81580-24b6-48aa-876e-a8369b54d72c, Nodes: 973364aa-0999-42fb-b1e3-8ec50fd7232a{ip: 192.168.151.75, host: pr-hdds-2114-2x2fm-437316914, networkLocation: /default-rack, certSerialId: null}04cc0e6b-c1eb-454c-b8ab-76b776566c09{ip: 192.168.151.75, host: pr-hdds-2114-2x2fm-437316914, networkLocation: /default-rack, certSerialId: null}2ad8b8a5-9b47-4134-85fe-629322b782ac{ip: 192.168.151.75, host: pr-hdds-2114-2x2fm-437316914, networkLocation: /default-rack, certSerialId: null}, Type:RATIS, Factor:THREE, State:CLOSED] from datanode 04cc0e6b-c1eb-454c-b8ab-76b776566c09{ip: 192.168.151.75, host: pr-hdds-2114-2x2fm-437316914, networkLocation: /default-rack, certSerialId: null}. Reason : 04cc0e6b-c1eb-454c-b8ab-76b776566c09 has not seen follower/s 973364aa-0999-42fb-b1e3-8ec50fd7232a for 167369ms 2ad8b8a5-9b47-4134-85fe-629322b782ac for 167370ms
2019-09-16 17:31:39,990 [EventQueue-PipelineActionsForPipelineActionHandler] INFO  pipeline.SCMPipelineManager (SCMPipelineManager.java:finalizeAndDestroyPipeline(311)) - destroying pipeline:Pipeline[ Id: a4b81580-24b6-48aa-876e-a8369b54d72c, Nodes: 973364aa-0999-42fb-b1e3-8ec50fd7232a{ip: 192.168.151.75, host: pr-hdds-2114-2x2fm-437316914, networkLocation: /default-rack, certSerialId: null}04cc0e6b-c1eb-454c-b8ab-76b776566c09{ip: 192.168.151.75, host: pr-hdds-2114-2x2fm-437316914, networkLocation: /default-rack, certSerialId: null}2ad8b8a5-9b47-4134-85fe-629322b782ac{ip: 192.168.151.75, host: pr-hdds-2114-2x2fm-437316914, networkLocation: /default-rack, certSerialId: null}, Type:RATIS, Factor:THREE, State:CLOSED]
2019-09-16 17:31:41,496 [org.apache.ratis.server.impl.LogAppender$AppenderDaemon$$Lambda$485/1974557644@1d1e9b05] ERROR ratis.XceiverServerRatis (XceiverServerRatis.java:triggerPipelineClose(568)) - pipeline Action CLOSE  on pipeline PipelineID=a4b81580-24b6-48aa-876e-a8369b54d72c.Reason : 04cc0e6b-c1eb-454c-b8ab-76b776566c09 has not seen follower/s 973364aa-0999-42fb-b1e3-8ec50fd7232a for 169871ms 2ad8b8a5-9b47-4134-85fe-629322b782ac for 169872ms
2019-09-16 17:31:41,496 [org.apache.ratis.server.impl.LogAppender$AppenderDaemon$$Lambda$485/1974557644@14312308] ERROR ratis.XceiverServerRatis (XceiverServerRatis.java:triggerPipelineClose(568)) - pipeline Action CLOSE  on pipeline PipelineID=a4b81580-24b6-48aa-876e-a8369b54d72c.Reason : 04cc0e6b-c1eb-454c-b8ab-76b776566c09 has not seen follower/s 973364aa-0999-42fb-b1e3-8ec50fd7232a for 169871ms 2ad8b8a5-9b47-4134-85fe-629322b782ac for 169872ms
2019-09-16 17:31:41,820 [04cc0e6b-c1eb-454c-b8ab-76b776566c09@group-A8369B54D72C-SegmentedRaftLogWorker] WARN  segmented.SegmentedRaftLogWorker (SegmentedRaftLogWorker.java:getFromFuture(90)) - Timeout 16/~
org.apache.ratis.protocol.TimeoutIOException: Timeout 10s: WriteLog:14: (t:1, i:14), STATEMACHINELOGENTRY, client-445BDAC7BDF9, cid=142-writeStateMachineData
	at org.apache.ratis.util.IOUtils.getFromFuture(IOUtils.java:87)
	at org.apache.ratis.server.raftlog.segmented.SegmentedRaftLogWorker$StateMachineDataPolicy.getFromFuture(SegmentedRaftLogWorker.java:87)
	at org.apache.ratis.server.raftlog.segmented.SegmentedRaftLogWorker$WriteLog.execute(SegmentedRaftLogWorker.java:477)
	at org.apache.ratis.server.raftlog.segmented.SegmentedRaftLogWorker.run(SegmentedRaftLogWorker.java:289)
	at java.lang.Thread.run(Thread.java:748)
Caused by: java.util.concurrent.TimeoutException
	at java.util.concurrent.CompletableFuture.timedGet(CompletableFuture.java:1771)
	at java.util.concurrent.CompletableFuture.get(CompletableFuture.java:1915)
	at org.apache.ratis.util.IOUtils.getFromFuture(IOUtils.java:79)
	... 4 more
2019-09-16 17:31:41,856 [973364aa-0999-42fb-b1e3-8ec50fd7232a@group-A8369B54D72C-SegmentedRaftLogWorker] WARN  segmented.SegmentedRaftLogWorker (SegmentedRaftLogWorker.java:getFromFuture(90)) - Timeout 16/~
org.apache.ratis.protocol.TimeoutIOException: Timeout 10s: WriteLog:14: (t:1, i:14), STATEMACHINELOGENTRY, client-445BDAC7BDF9, cid=142-writeStateMachineData
	at org.apache.ratis.util.IOUtils.getFromFuture(IOUtils.java:87)
	at org.apache.ratis.server.raftlog.segmented.SegmentedRaftLogWorker$StateMachineDataPolicy.getFromFuture(SegmentedRaftLogWorker.java:87)
	at org.apache.ratis.server.raftlog.segmented.SegmentedRaftLogWorker$WriteLog.execute(SegmentedRaftLogWorker.java:477)
	at org.apache.ratis.server.raftlog.segmented.SegmentedRaftLogWorker.run(SegmentedRaftLogWorker.java:289)
	at java.lang.Thread.run(Thread.java:748)
Caused by: java.util.concurrent.TimeoutException
	at java.util.concurrent.CompletableFuture.timedGet(CompletableFuture.java:1771)
	at java.util.concurrent.CompletableFuture.get(CompletableFuture.java:1915)
	at org.apache.ratis.util.IOUtils.getFromFuture(IOUtils.java:79)
	... 4 more
2019-09-16 17:31:41,857 [2ad8b8a5-9b47-4134-85fe-629322b782ac@group-A8369B54D72C-SegmentedRaftLogWorker] WARN  segmented.SegmentedRaftLogWorker (SegmentedRaftLogWorker.java:getFromFuture(90)) - Timeout 16/~
org.apache.ratis.protocol.TimeoutIOException: Timeout 10s: WriteLog:14: (t:1, i:14), STATEMACHINELOGENTRY, client-445BDAC7BDF9, cid=142-writeStateMachineData
	at org.apache.ratis.util.IOUtils.getFromFuture(IOUtils.java:87)
	at org.apache.ratis.server.raftlog.segmented.SegmentedRaftLogWorker$StateMachineDataPolicy.getFromFuture(SegmentedRaftLogWorker.java:87)
	at org.apache.ratis.server.raftlog.segmented.SegmentedRaftLogWorker$WriteLog.execute(SegmentedRaftLogWorker.java:477)
	at org.apache.ratis.server.raftlog.segmented.SegmentedRaftLogWorker.run(SegmentedRaftLogWorker.java:289)
	at java.lang.Thread.run(Thread.java:748)
Caused by: java.util.concurrent.TimeoutException
	at java.util.concurrent.CompletableFuture.timedGet(CompletableFuture.java:1771)
	at java.util.concurrent.CompletableFuture.get(CompletableFuture.java:1915)
	at org.apache.ratis.util.IOUtils.getFromFuture(IOUtils.java:79)
	... 4 more
2019-09-16 17:31:41,990 [EventQueue-PipelineActionsForPipelineActionHandler] ERROR pipeline.PipelineActionHandler (PipelineActionHandler.java:onMessage(60)) - Received pipeline action CLOSE for Pipeline[ Id: a4b81580-24b6-48aa-876e-a8369b54d72c, Nodes: 973364aa-0999-42fb-b1e3-8ec50fd7232a{ip: 192.168.151.75, host: pr-hdds-2114-2x2fm-437316914, networkLocation: /default-rack, certSerialId: null}04cc0e6b-c1eb-454c-b8ab-76b776566c09{ip: 192.168.151.75, host: pr-hdds-2114-2x2fm-437316914, networkLocation: /default-rack, certSerialId: null}2ad8b8a5-9b47-4134-85fe-629322b782ac{ip: 192.168.151.75, host: pr-hdds-2114-2x2fm-437316914, networkLocation: /default-rack, certSerialId: null}, Type:RATIS, Factor:THREE, State:CLOSED] from datanode 04cc0e6b-c1eb-454c-b8ab-76b776566c09{ip: 192.168.151.75, host: pr-hdds-2114-2x2fm-437316914, networkLocation: /default-rack, certSerialId: null}. Reason : 04cc0e6b-c1eb-454c-b8ab-76b776566c09 has not seen follower/s 973364aa-0999-42fb-b1e3-8ec50fd7232a for 169871ms 2ad8b8a5-9b47-4134-85fe-629322b782ac for 169872ms
2019-09-16 17:31:41,990 [EventQueue-PipelineActionsForPipelineActionHandler] INFO  pipeline.SCMPipelineManager (SCMPipelineManager.java:finalizeAndDestroyPipeline(311)) - destroying pipeline:Pipeline[ Id: a4b81580-24b6-48aa-876e-a8369b54d72c, Nodes: 973364aa-0999-42fb-b1e3-8ec50fd7232a{ip: 192.168.151.75, host: pr-hdds-2114-2x2fm-437316914, networkLocation: /default-rack, certSerialId: null}04cc0e6b-c1eb-454c-b8ab-76b776566c09{ip: 192.168.151.75, host: pr-hdds-2114-2x2fm-437316914, networkLocation: /default-rack, certSerialId: null}2ad8b8a5-9b47-4134-85fe-629322b782ac{ip: 192.168.151.75, host: pr-hdds-2114-2x2fm-437316914, networkLocation: /default-rack, certSerialId: null}, Type:RATIS, Factor:THREE, State:CLOSED]
2019-09-16 17:31:41,994 [java.util.concurrent.ThreadPoolExecutor$Worker@4b1e9ead[State = -1, empty queue]] WARN  server.GrpcLogAppender (GrpcLogAppender.java:timeoutAppendRequest(200)) - 04cc0e6b-c1eb-454c-b8ab-76b776566c09@group-A8369B54D72C->2ad8b8a5-9b47-4134-85fe-629322b782ac-GrpcLogAppender: appendEntries Timeout, request=04cc0e6b-c1eb-454c-b8ab-76b776566c09->2ad8b8a5-9b47-4134-85fe-629322b782ac#240-t1, previous=(t:1, i:20), leaderCommit=13, initializing? false, entries: <empty>
2019-09-16 17:31:41,994 [java.util.concurrent.ThreadPoolExecutor$Worker@7b4d20f6[State = -1, empty queue]] WARN  server.GrpcLogAppender (GrpcLogAppender.java:timeoutAppendRequest(200)) - 04cc0e6b-c1eb-454c-b8ab-76b776566c09@group-A8369B54D72C->973364aa-0999-42fb-b1e3-8ec50fd7232a-GrpcLogAppender: appendEntries Timeout, request=04cc0e6b-c1eb-454c-b8ab-76b776566c09->973364aa-0999-42fb-b1e3-8ec50fd7232a#240-t1, previous=(t:1, i:20), leaderCommit=13, initializing? false, entries: <empty>
2019-09-16 17:31:43,677 [grpc-default-executor-5] INFO  client.GrpcClientProtocolClient (GrpcClientProtocolClient.java:onNext(264)) - client-445BDAC7BDF9->2ad8b8a5-9b47-4134-85fe-629322b782ac: receive RaftClientReply:client-445BDAC7BDF9->2ad8b8a5-9b47-4134-85fe-629322b782ac@group-A8369B54D72C, cid=142, FAILED org.apache.ratis.protocol.NotLeaderException: Server 2ad8b8a5-9b47-4134-85fe-629322b782ac@group-A8369B54D72C is not the leader 04cc0e6b-c1eb-454c-b8ab-76b776566c09:192.168.151.75:34634, logIndex=0, commits[2ad8b8a5-9b47-4134-85fe-629322b782ac:c13, 04cc0e6b-c1eb-454c-b8ab-76b776566c09:c13, 973364aa-0999-42fb-b1e3-8ec50fd7232a:c12]
2019-09-16 17:31:43,996 [org.apache.ratis.server.impl.LogAppender$AppenderDaemon$$Lambda$485/1974557644@1d1e9b05] ERROR ratis.XceiverServerRatis (XceiverServerRatis.java:triggerPipelineClose(568)) - pipeline Action CLOSE  on pipeline PipelineID=a4b81580-24b6-48aa-876e-a8369b54d72c.Reason : 04cc0e6b-c1eb-454c-b8ab-76b776566c09 has not seen follower/s 973364aa-0999-42fb-b1e3-8ec50fd7232a for 172372ms 2ad8b8a5-9b47-4134-85fe-629322b782ac for 172372ms
2019-09-16 17:31:43,996 [org.apache.ratis.server.impl.LogAppender$AppenderDaemon$$Lambda$485/1974557644@14312308] ERROR ratis.XceiverServerRatis (XceiverServerRatis.java:triggerPipelineClose(568)) - pipeline Action CLOSE  on pipeline PipelineID=a4b81580-24b6-48aa-876e-a8369b54d72c.Reason : 04cc0e6b-c1eb-454c-b8ab-76b776566c09 has not seen follower/s 973364aa-0999-42fb-b1e3-8ec50fd7232a for 172372ms 2ad8b8a5-9b47-4134-85fe-629322b782ac for 172372ms
2019-09-16 17:31:44,495 [java.util.concurrent.ThreadPoolExecutor$Worker@4b1e9ead[State = -1, empty queue]] WARN  server.GrpcLogAppender (GrpcLogAppender.java:timeoutAppendRequest(200)) - 04cc0e6b-c1eb-454c-b8ab-76b776566c09@group-A8369B54D72C->2ad8b8a5-9b47-4134-85fe-629322b782ac-GrpcLogAppender: appendEntries Timeout, request=04cc0e6b-c1eb-454c-b8ab-76b776566c09->2ad8b8a5-9b47-4134-85fe-629322b782ac#241-t1, previous=(t:1, i:20), leaderCommit=13, initializing? false, entries: <empty>
2019-09-16 17:31:44,495 [java.util.concurrent.ThreadPoolExecutor$Worker@7b4d20f6[State = -1, empty queue]] WARN  server.GrpcLogAppender (GrpcLogAppender.java:timeoutAppendRequest(200)) - 04cc0e6b-c1eb-454c-b8ab-76b776566c09@group-A8369B54D72C->973364aa-0999-42fb-b1e3-8ec50fd7232a-GrpcLogAppender: appendEntries Timeout, request=04cc0e6b-c1eb-454c-b8ab-76b776566c09->973364aa-0999-42fb-b1e3-8ec50fd7232a#241-t1, previous=(t:1, i:20), leaderCommit=13, initializing? false, entries: <empty>
2019-09-16 17:31:44,990 [EventQueue-PipelineActionsForPipelineActionHandler] ERROR pipeline.PipelineActionHandler (PipelineActionHandler.java:onMessage(60)) - Received pipeline action CLOSE for Pipeline[ Id: a4b81580-24b6-48aa-876e-a8369b54d72c, Nodes: 973364aa-0999-42fb-b1e3-8ec50fd7232a{ip: 192.168.151.75, host: pr-hdds-2114-2x2fm-437316914, networkLocation: /default-rack, certSerialId: null}04cc0e6b-c1eb-454c-b8ab-76b776566c09{ip: 192.168.151.75, host: pr-hdds-2114-2x2fm-437316914, networkLocation: /default-rack, certSerialId: null}2ad8b8a5-9b47-4134-85fe-629322b782ac{ip: 192.168.151.75, host: pr-hdds-2114-2x2fm-437316914, networkLocation: /default-rack, certSerialId: null}, Type:RATIS, Factor:THREE, State:CLOSED] from datanode 04cc0e6b-c1eb-454c-b8ab-76b776566c09{ip: 192.168.151.75, host: pr-hdds-2114-2x2fm-437316914, networkLocation: /default-rack, certSerialId: null}. Reason : 04cc0e6b-c1eb-454c-b8ab-76b776566c09 has not seen follower/s 973364aa-0999-42fb-b1e3-8ec50fd7232a for 172372ms 2ad8b8a5-9b47-4134-85fe-629322b782ac for 172372ms
2019-09-16 17:31:44,991 [EventQueue-PipelineActionsForPipelineActionHandler] INFO  pipeline.SCMPipelineManager (SCMPipelineManager.java:finalizeAndDestroyPipeline(311)) - destroying pipeline:Pipeline[ Id: a4b81580-24b6-48aa-876e-a8369b54d72c, Nodes: 973364aa-0999-42fb-b1e3-8ec50fd7232a{ip: 192.168.151.75, host: pr-hdds-2114-2x2fm-437316914, networkLocation: /default-rack, certSerialId: null}04cc0e6b-c1eb-454c-b8ab-76b776566c09{ip: 192.168.151.75, host: pr-hdds-2114-2x2fm-437316914, networkLocation: /default-rack, certSerialId: null}2ad8b8a5-9b47-4134-85fe-629322b782ac{ip: 192.168.151.75, host: pr-hdds-2114-2x2fm-437316914, networkLocation: /default-rack, certSerialId: null}, Type:RATIS, Factor:THREE, State:CLOSED]
2019-09-16 17:31:46,497 [org.apache.ratis.server.impl.LogAppender$AppenderDaemon$$Lambda$485/1974557644@14312308] ERROR ratis.XceiverServerRatis (XceiverServerRatis.java:triggerPipelineClose(568)) - pipeline Action CLOSE  on pipeline PipelineID=a4b81580-24b6-48aa-876e-a8369b54d72c.Reason : 04cc0e6b-c1eb-454c-b8ab-76b776566c09 has not seen follower/s 973364aa-0999-42fb-b1e3-8ec50fd7232a for 174872ms 2ad8b8a5-9b47-4134-85fe-629322b782ac for 174873ms
2019-09-16 17:31:46,497 [org.apache.ratis.server.impl.LogAppender$AppenderDaemon$$Lambda$485/1974557644@1d1e9b05] ERROR ratis.XceiverServerRatis (XceiverServerRatis.java:triggerPipelineClose(568)) - pipeline Action CLOSE  on pipeline PipelineID=a4b81580-24b6-48aa-876e-a8369b54d72c.Reason : 04cc0e6b-c1eb-454c-b8ab-76b776566c09 has not seen follower/s 973364aa-0999-42fb-b1e3-8ec50fd7232a for 174872ms 2ad8b8a5-9b47-4134-85fe-629322b782ac for 174873ms
2019-09-16 17:31:46,990 [EventQueue-PipelineActionsForPipelineActionHandler] ERROR pipeline.PipelineActionHandler (PipelineActionHandler.java:onMessage(60)) - Received pipeline action CLOSE for Pipeline[ Id: a4b81580-24b6-48aa-876e-a8369b54d72c, Nodes: 973364aa-0999-42fb-b1e3-8ec50fd7232a{ip: 192.168.151.75, host: pr-hdds-2114-2x2fm-437316914, networkLocation: /default-rack, certSerialId: null}04cc0e6b-c1eb-454c-b8ab-76b776566c09{ip: 192.168.151.75, host: pr-hdds-2114-2x2fm-437316914, networkLocation: /default-rack, certSerialId: null}2ad8b8a5-9b47-4134-85fe-629322b782ac{ip: 192.168.151.75, host: pr-hdds-2114-2x2fm-437316914, networkLocation: /default-rack, certSerialId: null}, Type:RATIS, Factor:THREE, State:CLOSED] from datanode 04cc0e6b-c1eb-454c-b8ab-76b776566c09{ip: 192.168.151.75, host: pr-hdds-2114-2x2fm-437316914, networkLocation: /default-rack, certSerialId: null}. Reason : 04cc0e6b-c1eb-454c-b8ab-76b776566c09 has not seen follower/s 973364aa-0999-42fb-b1e3-8ec50fd7232a for 174872ms 2ad8b8a5-9b47-4134-85fe-629322b782ac for 174873ms
2019-09-16 17:31:46,990 [EventQueue-PipelineActionsForPipelineActionHandler] INFO  pipeline.SCMPipelineManager (SCMPipelineManager.java:finalizeAndDestroyPipeline(311)) - destroying pipeline:Pipeline[ Id: a4b81580-24b6-48aa-876e-a8369b54d72c, Nodes: 973364aa-0999-42fb-b1e3-8ec50fd7232a{ip: 192.168.151.75, host: pr-hdds-2114-2x2fm-437316914, networkLocation: /default-rack, certSerialId: null}04cc0e6b-c1eb-454c-b8ab-76b776566c09{ip: 192.168.151.75, host: pr-hdds-2114-2x2fm-437316914, networkLocation: /default-rack, certSerialId: null}2ad8b8a5-9b47-4134-85fe-629322b782ac{ip: 192.168.151.75, host: pr-hdds-2114-2x2fm-437316914, networkLocation: /default-rack, certSerialId: null}, Type:RATIS, Factor:THREE, State:CLOSED]
2019-09-16 17:31:46,996 [java.util.concurrent.ThreadPoolExecutor$Worker@4b1e9ead[State = -1, empty queue]] WARN  server.GrpcLogAppender (GrpcLogAppender.java:timeoutAppendRequest(200)) - 04cc0e6b-c1eb-454c-b8ab-76b776566c09@group-A8369B54D72C->2ad8b8a5-9b47-4134-85fe-629322b782ac-GrpcLogAppender: appendEntries Timeout, request=04cc0e6b-c1eb-454c-b8ab-76b776566c09->2ad8b8a5-9b47-4134-85fe-629322b782ac#242-t1, previous=(t:1, i:20), leaderCommit=13, initializing? false, entries: <empty>
2019-09-16 17:31:46,996 [java.util.concurrent.ThreadPoolExecutor$Worker@7b4d20f6[State = -1, empty queue]] WARN  server.GrpcLogAppender (GrpcLogAppender.java:timeoutAppendRequest(200)) - 04cc0e6b-c1eb-454c-b8ab-76b776566c09@group-A8369B54D72C->973364aa-0999-42fb-b1e3-8ec50fd7232a-GrpcLogAppender: appendEntries Timeout, request=04cc0e6b-c1eb-454c-b8ab-76b776566c09->973364aa-0999-42fb-b1e3-8ec50fd7232a#242-t1, previous=(t:1, i:20), leaderCommit=13, initializing? false, entries: <empty>
2019-09-16 17:31:48,704 [grpc-default-executor-6] INFO  client.GrpcClientProtocolClient (GrpcClientProtocolClient.java:onNext(264)) - client-445BDAC7BDF9->2ad8b8a5-9b47-4134-85fe-629322b782ac: receive RaftClientReply:client-445BDAC7BDF9->2ad8b8a5-9b47-4134-85fe-629322b782ac@group-A8369B54D72C, cid=142, FAILED org.apache.ratis.protocol.NotLeaderException: Server 2ad8b8a5-9b47-4134-85fe-629322b782ac@group-A8369B54D72C is not the leader 04cc0e6b-c1eb-454c-b8ab-76b776566c09:192.168.151.75:34634, logIndex=0, commits[2ad8b8a5-9b47-4134-85fe-629322b782ac:c13, 04cc0e6b-c1eb-454c-b8ab-76b776566c09:c13, 973364aa-0999-42fb-b1e3-8ec50fd7232a:c12]
2019-09-16 17:31:48,997 [org.apache.ratis.server.impl.LogAppender$AppenderDaemon$$Lambda$485/1974557644@14312308] ERROR ratis.XceiverServerRatis (XceiverServerRatis.java:triggerPipelineClose(568)) - pipeline Action CLOSE  on pipeline PipelineID=a4b81580-24b6-48aa-876e-a8369b54d72c.Reason : 04cc0e6b-c1eb-454c-b8ab-76b776566c09 has not seen follower/s 973364aa-0999-42fb-b1e3-8ec50fd7232a for 177373ms 2ad8b8a5-9b47-4134-85fe-629322b782ac for 177373ms
2019-09-16 17:31:48,997 [org.apache.ratis.server.impl.LogAppender$AppenderDaemon$$Lambda$485/1974557644@1d1e9b05] ERROR ratis.XceiverServerRatis (XceiverServerRatis.java:triggerPipelineClose(568)) - pipeline Action CLOSE  on pipeline PipelineID=a4b81580-24b6-48aa-876e-a8369b54d72c.Reason : 04cc0e6b-c1eb-454c-b8ab-76b776566c09 has not seen follower/s 973364aa-0999-42fb-b1e3-8ec50fd7232a for 177373ms 2ad8b8a5-9b47-4134-85fe-629322b782ac for 177373ms
2019-09-16 17:31:49,497 [java.util.concurrent.ThreadPoolExecutor$Worker@4b1e9ead[State = -1, empty queue]] WARN  server.GrpcLogAppender (GrpcLogAppender.java:timeoutAppendRequest(200)) - 04cc0e6b-c1eb-454c-b8ab-76b776566c09@group-A8369B54D72C->2ad8b8a5-9b47-4134-85fe-629322b782ac-GrpcLogAppender: appendEntries Timeout, request=04cc0e6b-c1eb-454c-b8ab-76b776566c09->2ad8b8a5-9b47-4134-85fe-629322b782ac#243-t1, previous=(t:1, i:20), leaderCommit=13, initializing? false, entries: <empty>
2019-09-16 17:31:49,497 [java.util.concurrent.ThreadPoolExecutor$Worker@7b4d20f6[State = -1, empty queue]] WARN  server.GrpcLogAppender (GrpcLogAppender.java:timeoutAppendRequest(200)) - 04cc0e6b-c1eb-454c-b8ab-76b776566c09@group-A8369B54D72C->973364aa-0999-42fb-b1e3-8ec50fd7232a-GrpcLogAppender: appendEntries Timeout, request=04cc0e6b-c1eb-454c-b8ab-76b776566c09->973364aa-0999-42fb-b1e3-8ec50fd7232a#243-t1, previous=(t:1, i:20), leaderCommit=13, initializing? false, entries: <empty>
2019-09-16 17:31:49,992 [EventQueue-PipelineActionsForPipelineActionHandler] ERROR pipeline.PipelineActionHandler (PipelineActionHandler.java:onMessage(60)) - Received pipeline action CLOSE for Pipeline[ Id: a4b81580-24b6-48aa-876e-a8369b54d72c, Nodes: 973364aa-0999-42fb-b1e3-8ec50fd7232a{ip: 192.168.151.75, host: pr-hdds-2114-2x2fm-437316914, networkLocation: /default-rack, certSerialId: null}04cc0e6b-c1eb-454c-b8ab-76b776566c09{ip: 192.168.151.75, host: pr-hdds-2114-2x2fm-437316914, networkLocation: /default-rack, certSerialId: null}2ad8b8a5-9b47-4134-85fe-629322b782ac{ip: 192.168.151.75, host: pr-hdds-2114-2x2fm-437316914, networkLocation: /default-rack, certSerialId: null}, Type:RATIS, Factor:THREE, State:CLOSED] from datanode 04cc0e6b-c1eb-454c-b8ab-76b776566c09{ip: 192.168.151.75, host: pr-hdds-2114-2x2fm-437316914, networkLocation: /default-rack, certSerialId: null}. Reason : 04cc0e6b-c1eb-454c-b8ab-76b776566c09 has not seen follower/s 973364aa-0999-42fb-b1e3-8ec50fd7232a for 177373ms 2ad8b8a5-9b47-4134-85fe-629322b782ac for 177373ms
2019-09-16 17:31:49,992 [EventQueue-PipelineActionsForPipelineActionHandler] INFO  pipeline.SCMPipelineManager (SCMPipelineManager.java:finalizeAndDestroyPipeline(311)) - destroying pipeline:Pipeline[ Id: a4b81580-24b6-48aa-876e-a8369b54d72c, Nodes: 973364aa-0999-42fb-b1e3-8ec50fd7232a{ip: 192.168.151.75, host: pr-hdds-2114-2x2fm-437316914, networkLocation: /default-rack, certSerialId: null}04cc0e6b-c1eb-454c-b8ab-76b776566c09{ip: 192.168.151.75, host: pr-hdds-2114-2x2fm-437316914, networkLocation: /default-rack, certSerialId: null}2ad8b8a5-9b47-4134-85fe-629322b782ac{ip: 192.168.151.75, host: pr-hdds-2114-2x2fm-437316914, networkLocation: /default-rack, certSerialId: null}, Type:RATIS, Factor:THREE, State:CLOSED]
2019-09-16 17:31:51,498 [org.apache.ratis.server.impl.LogAppender$AppenderDaemon$$Lambda$485/1974557644@14312308] ERROR ratis.XceiverServerRatis (XceiverServerRatis.java:triggerPipelineClose(568)) - pipeline Action CLOSE  on pipeline PipelineID=a4b81580-24b6-48aa-876e-a8369b54d72c.Reason : 04cc0e6b-c1eb-454c-b8ab-76b776566c09 has not seen follower/s 973364aa-0999-42fb-b1e3-8ec50fd7232a for 179874ms 2ad8b8a5-9b47-4134-85fe-629322b782ac for 179874ms
2019-09-16 17:31:51,498 [org.apache.ratis.server.impl.LogAppender$AppenderDaemon$$Lambda$485/1974557644@1d1e9b05] ERROR ratis.XceiverServerRatis (XceiverServerRatis.java:triggerPipelineClose(568)) - pipeline Action CLOSE  on pipeline PipelineID=a4b81580-24b6-48aa-876e-a8369b54d72c.Reason : 04cc0e6b-c1eb-454c-b8ab-76b776566c09 has not seen follower/s 973364aa-0999-42fb-b1e3-8ec50fd7232a for 179874ms 2ad8b8a5-9b47-4134-85fe-629322b782ac for 179874ms
2019-09-16 17:31:51,821 [04cc0e6b-c1eb-454c-b8ab-76b776566c09@group-A8369B54D72C-SegmentedRaftLogWorker] WARN  segmented.SegmentedRaftLogWorker (SegmentedRaftLogWorker.java:getFromFuture(90)) - Timeout 17/~
org.apache.ratis.protocol.TimeoutIOException: Timeout 10s: WriteLog:14: (t:1, i:14), STATEMACHINELOGENTRY, client-445BDAC7BDF9, cid=142-writeStateMachineData
	at org.apache.ratis.util.IOUtils.getFromFuture(IOUtils.java:87)
	at org.apache.ratis.server.raftlog.segmented.SegmentedRaftLogWorker$StateMachineDataPolicy.getFromFuture(SegmentedRaftLogWorker.java:87)
	at org.apache.ratis.server.raftlog.segmented.SegmentedRaftLogWorker$WriteLog.execute(SegmentedRaftLogWorker.java:477)
	at org.apache.ratis.server.raftlog.segmented.SegmentedRaftLogWorker.run(SegmentedRaftLogWorker.java:289)
	at java.lang.Thread.run(Thread.java:748)
Caused by: java.util.concurrent.TimeoutException
	at java.util.concurrent.CompletableFuture.timedGet(CompletableFuture.java:1771)
	at java.util.concurrent.CompletableFuture.get(CompletableFuture.java:1915)
	at org.apache.ratis.util.IOUtils.getFromFuture(IOUtils.java:79)
	... 4 more
2019-09-16 17:31:51,857 [973364aa-0999-42fb-b1e3-8ec50fd7232a@group-A8369B54D72C-SegmentedRaftLogWorker] WARN  segmented.SegmentedRaftLogWorker (SegmentedRaftLogWorker.java:getFromFuture(90)) - Timeout 17/~
org.apache.ratis.protocol.TimeoutIOException: Timeout 10s: WriteLog:14: (t:1, i:14), STATEMACHINELOGENTRY, client-445BDAC7BDF9, cid=142-writeStateMachineData
	at org.apache.ratis.util.IOUtils.getFromFuture(IOUtils.java:87)
	at org.apache.ratis.server.raftlog.segmented.SegmentedRaftLogWorker$StateMachineDataPolicy.getFromFuture(SegmentedRaftLogWorker.java:87)
	at org.apache.ratis.server.raftlog.segmented.SegmentedRaftLogWorker$WriteLog.execute(SegmentedRaftLogWorker.java:477)
	at org.apache.ratis.server.raftlog.segmented.SegmentedRaftLogWorker.run(SegmentedRaftLogWorker.java:289)
	at java.lang.Thread.run(Thread.java:748)
Caused by: java.util.concurrent.TimeoutException
	at java.util.concurrent.CompletableFuture.timedGet(CompletableFuture.java:1771)
	at java.util.concurrent.CompletableFuture.get(CompletableFuture.java:1915)
	at org.apache.ratis.util.IOUtils.getFromFuture(IOUtils.java:79)
	... 4 more
2019-09-16 17:31:51,858 [2ad8b8a5-9b47-4134-85fe-629322b782ac@group-A8369B54D72C-SegmentedRaftLogWorker] WARN  segmented.SegmentedRaftLogWorker (SegmentedRaftLogWorker.java:getFromFuture(90)) - Timeout 17/~
org.apache.ratis.protocol.TimeoutIOException: Timeout 10s: WriteLog:14: (t:1, i:14), STATEMACHINELOGENTRY, client-445BDAC7BDF9, cid=142-writeStateMachineData
	at org.apache.ratis.util.IOUtils.getFromFuture(IOUtils.java:87)
	at org.apache.ratis.server.raftlog.segmented.SegmentedRaftLogWorker$StateMachineDataPolicy.getFromFuture(SegmentedRaftLogWorker.java:87)
	at org.apache.ratis.server.raftlog.segmented.SegmentedRaftLogWorker$WriteLog.execute(SegmentedRaftLogWorker.java:477)
	at org.apache.ratis.server.raftlog.segmented.SegmentedRaftLogWorker.run(SegmentedRaftLogWorker.java:289)
	at java.lang.Thread.run(Thread.java:748)
Caused by: java.util.concurrent.TimeoutException
	at java.util.concurrent.CompletableFuture.timedGet(CompletableFuture.java:1771)
	at java.util.concurrent.CompletableFuture.get(CompletableFuture.java:1915)
	at org.apache.ratis.util.IOUtils.getFromFuture(IOUtils.java:79)
	... 4 more
2019-09-16 17:31:51,992 [EventQueue-PipelineActionsForPipelineActionHandler] ERROR pipeline.PipelineActionHandler (PipelineActionHandler.java:onMessage(60)) - Received pipeline action CLOSE for Pipeline[ Id: a4b81580-24b6-48aa-876e-a8369b54d72c, Nodes: 973364aa-0999-42fb-b1e3-8ec50fd7232a{ip: 192.168.151.75, host: pr-hdds-2114-2x2fm-437316914, networkLocation: /default-rack, certSerialId: null}04cc0e6b-c1eb-454c-b8ab-76b776566c09{ip: 192.168.151.75, host: pr-hdds-2114-2x2fm-437316914, networkLocation: /default-rack, certSerialId: null}2ad8b8a5-9b47-4134-85fe-629322b782ac{ip: 192.168.151.75, host: pr-hdds-2114-2x2fm-437316914, networkLocation: /default-rack, certSerialId: null}, Type:RATIS, Factor:THREE, State:CLOSED] from datanode 04cc0e6b-c1eb-454c-b8ab-76b776566c09{ip: 192.168.151.75, host: pr-hdds-2114-2x2fm-437316914, networkLocation: /default-rack, certSerialId: null}. Reason : 04cc0e6b-c1eb-454c-b8ab-76b776566c09 has not seen follower/s 973364aa-0999-42fb-b1e3-8ec50fd7232a for 179874ms 2ad8b8a5-9b47-4134-85fe-629322b782ac for 179874ms
2019-09-16 17:31:51,992 [EventQueue-PipelineActionsForPipelineActionHandler] INFO  pipeline.SCMPipelineManager (SCMPipelineManager.java:finalizeAndDestroyPipeline(311)) - destroying pipeline:Pipeline[ Id: a4b81580-24b6-48aa-876e-a8369b54d72c, Nodes: 973364aa-0999-42fb-b1e3-8ec50fd7232a{ip: 192.168.151.75, host: pr-hdds-2114-2x2fm-437316914, networkLocation: /default-rack, certSerialId: null}04cc0e6b-c1eb-454c-b8ab-76b776566c09{ip: 192.168.151.75, host: pr-hdds-2114-2x2fm-437316914, networkLocation: /default-rack, certSerialId: null}2ad8b8a5-9b47-4134-85fe-629322b782ac{ip: 192.168.151.75, host: pr-hdds-2114-2x2fm-437316914, networkLocation: /default-rack, certSerialId: null}, Type:RATIS, Factor:THREE, State:CLOSED]
2019-09-16 17:31:51,997 [java.util.concurrent.ThreadPoolExecutor$Worker@7b4d20f6[State = -1, empty queue]] WARN  server.GrpcLogAppender (GrpcLogAppender.java:timeoutAppendRequest(200)) - 04cc0e6b-c1eb-454c-b8ab-76b776566c09@group-A8369B54D72C->973364aa-0999-42fb-b1e3-8ec50fd7232a-GrpcLogAppender: appendEntries Timeout, request=04cc0e6b-c1eb-454c-b8ab-76b776566c09->973364aa-0999-42fb-b1e3-8ec50fd7232a#244-t1, previous=(t:1, i:20), leaderCommit=13, initializing? false, entries: <empty>
2019-09-16 17:31:51,997 [java.util.concurrent.ThreadPoolExecutor$Worker@4b1e9ead[State = -1, empty queue]] WARN  server.GrpcLogAppender (GrpcLogAppender.java:timeoutAppendRequest(200)) - 04cc0e6b-c1eb-454c-b8ab-76b776566c09@group-A8369B54D72C->2ad8b8a5-9b47-4134-85fe-629322b782ac-GrpcLogAppender: appendEntries Timeout, request=04cc0e6b-c1eb-454c-b8ab-76b776566c09->2ad8b8a5-9b47-4134-85fe-629322b782ac#244-t1, previous=(t:1, i:20), leaderCommit=13, initializing? false, entries: <empty>
2019-09-16 17:31:53,734 [grpc-default-executor-5] INFO  client.GrpcClientProtocolClient (GrpcClientProtocolClient.java:onNext(264)) - client-445BDAC7BDF9->2ad8b8a5-9b47-4134-85fe-629322b782ac: receive RaftClientReply:client-445BDAC7BDF9->2ad8b8a5-9b47-4134-85fe-629322b782ac@group-A8369B54D72C, cid=142, FAILED org.apache.ratis.protocol.NotLeaderException: Server 2ad8b8a5-9b47-4134-85fe-629322b782ac@group-A8369B54D72C is not the leader 04cc0e6b-c1eb-454c-b8ab-76b776566c09:192.168.151.75:34634, logIndex=0, commits[2ad8b8a5-9b47-4134-85fe-629322b782ac:c13, 04cc0e6b-c1eb-454c-b8ab-76b776566c09:c13, 973364aa-0999-42fb-b1e3-8ec50fd7232a:c12]
2019-09-16 17:31:53,999 [org.apache.ratis.server.impl.LogAppender$AppenderDaemon$$Lambda$485/1974557644@14312308] ERROR ratis.XceiverServerRatis (XceiverServerRatis.java:triggerPipelineClose(568)) - pipeline Action CLOSE  on pipeline PipelineID=a4b81580-24b6-48aa-876e-a8369b54d72c.Reason : 04cc0e6b-c1eb-454c-b8ab-76b776566c09 has not seen follower/s 973364aa-0999-42fb-b1e3-8ec50fd7232a for 182374ms 2ad8b8a5-9b47-4134-85fe-629322b782ac for 182375ms
2019-09-16 17:31:53,999 [org.apache.ratis.server.impl.LogAppender$AppenderDaemon$$Lambda$485/1974557644@1d1e9b05] ERROR ratis.XceiverServerRatis (XceiverServerRatis.java:triggerPipelineClose(568)) - pipeline Action CLOSE  on pipeline PipelineID=a4b81580-24b6-48aa-876e-a8369b54d72c.Reason : 04cc0e6b-c1eb-454c-b8ab-76b776566c09 has not seen follower/s 973364aa-0999-42fb-b1e3-8ec50fd7232a for 182375ms 2ad8b8a5-9b47-4134-85fe-629322b782ac for 182375ms
2019-09-16 17:31:54,498 [java.util.concurrent.ThreadPoolExecutor$Worker@7b4d20f6[State = -1, empty queue]] WARN  server.GrpcLogAppender (GrpcLogAppender.java:timeoutAppendRequest(200)) - 04cc0e6b-c1eb-454c-b8ab-76b776566c09@group-A8369B54D72C->973364aa-0999-42fb-b1e3-8ec50fd7232a-GrpcLogAppender: appendEntries Timeout, request=04cc0e6b-c1eb-454c-b8ab-76b776566c09->973364aa-0999-42fb-b1e3-8ec50fd7232a#245-t1, previous=(t:1, i:20), leaderCommit=13, initializing? false, entries: <empty>
2019-09-16 17:31:54,498 [java.util.concurrent.ThreadPoolExecutor$Worker@4b1e9ead[State = -1, empty queue]] WARN  server.GrpcLogAppender (GrpcLogAppender.java:timeoutAppendRequest(200)) - 04cc0e6b-c1eb-454c-b8ab-76b776566c09@group-A8369B54D72C->2ad8b8a5-9b47-4134-85fe-629322b782ac-GrpcLogAppender: appendEntries Timeout, request=04cc0e6b-c1eb-454c-b8ab-76b776566c09->2ad8b8a5-9b47-4134-85fe-629322b782ac#245-t1, previous=(t:1, i:20), leaderCommit=13, initializing? false, entries: <empty>
2019-09-16 17:31:54,992 [EventQueue-PipelineActionsForPipelineActionHandler] ERROR pipeline.PipelineActionHandler (PipelineActionHandler.java:onMessage(60)) - Received pipeline action CLOSE for Pipeline[ Id: a4b81580-24b6-48aa-876e-a8369b54d72c, Nodes: 973364aa-0999-42fb-b1e3-8ec50fd7232a{ip: 192.168.151.75, host: pr-hdds-2114-2x2fm-437316914, networkLocation: /default-rack, certSerialId: null}04cc0e6b-c1eb-454c-b8ab-76b776566c09{ip: 192.168.151.75, host: pr-hdds-2114-2x2fm-437316914, networkLocation: /default-rack, certSerialId: null}2ad8b8a5-9b47-4134-85fe-629322b782ac{ip: 192.168.151.75, host: pr-hdds-2114-2x2fm-437316914, networkLocation: /default-rack, certSerialId: null}, Type:RATIS, Factor:THREE, State:CLOSED] from datanode 04cc0e6b-c1eb-454c-b8ab-76b776566c09{ip: 192.168.151.75, host: pr-hdds-2114-2x2fm-437316914, networkLocation: /default-rack, certSerialId: null}. Reason : 04cc0e6b-c1eb-454c-b8ab-76b776566c09 has not seen follower/s 973364aa-0999-42fb-b1e3-8ec50fd7232a for 182374ms 2ad8b8a5-9b47-4134-85fe-629322b782ac for 182375ms
2019-09-16 17:31:54,993 [EventQueue-PipelineActionsForPipelineActionHandler] INFO  pipeline.SCMPipelineManager (SCMPipelineManager.java:finalizeAndDestroyPipeline(311)) - destroying pipeline:Pipeline[ Id: a4b81580-24b6-48aa-876e-a8369b54d72c, Nodes: 973364aa-0999-42fb-b1e3-8ec50fd7232a{ip: 192.168.151.75, host: pr-hdds-2114-2x2fm-437316914, networkLocation: /default-rack, certSerialId: null}04cc0e6b-c1eb-454c-b8ab-76b776566c09{ip: 192.168.151.75, host: pr-hdds-2114-2x2fm-437316914, networkLocation: /default-rack, certSerialId: null}2ad8b8a5-9b47-4134-85fe-629322b782ac{ip: 192.168.151.75, host: pr-hdds-2114-2x2fm-437316914, networkLocation: /default-rack, certSerialId: null}, Type:RATIS, Factor:THREE, State:CLOSED]
2019-09-16 17:31:56,502 [org.apache.ratis.server.impl.LogAppender$AppenderDaemon$$Lambda$485/1974557644@1d1e9b05] ERROR ratis.XceiverServerRatis (XceiverServerRatis.java:triggerPipelineClose(568)) - pipeline Action CLOSE  on pipeline PipelineID=a4b81580-24b6-48aa-876e-a8369b54d72c.Reason : 04cc0e6b-c1eb-454c-b8ab-76b776566c09 has not seen follower/s 973364aa-0999-42fb-b1e3-8ec50fd7232a for 184877ms 2ad8b8a5-9b47-4134-85fe-629322b782ac for 184877ms
2019-09-16 17:31:56,502 [org.apache.ratis.server.impl.LogAppender$AppenderDaemon$$Lambda$485/1974557644@14312308] ERROR ratis.XceiverServerRatis (XceiverServerRatis.java:triggerPipelineClose(568)) - pipeline Action CLOSE  on pipeline PipelineID=a4b81580-24b6-48aa-876e-a8369b54d72c.Reason : 04cc0e6b-c1eb-454c-b8ab-76b776566c09 has not seen follower/s 973364aa-0999-42fb-b1e3-8ec50fd7232a for 184877ms 2ad8b8a5-9b47-4134-85fe-629322b782ac for 184877ms
2019-09-16 17:31:56,992 [EventQueue-PipelineActionsForPipelineActionHandler] ERROR pipeline.PipelineActionHandler (PipelineActionHandler.java:onMessage(60)) - Received pipeline action CLOSE for Pipeline[ Id: a4b81580-24b6-48aa-876e-a8369b54d72c, Nodes: 973364aa-0999-42fb-b1e3-8ec50fd7232a{ip: 192.168.151.75, host: pr-hdds-2114-2x2fm-437316914, networkLocation: /default-rack, certSerialId: null}04cc0e6b-c1eb-454c-b8ab-76b776566c09{ip: 192.168.151.75, host: pr-hdds-2114-2x2fm-437316914, networkLocation: /default-rack, certSerialId: null}2ad8b8a5-9b47-4134-85fe-629322b782ac{ip: 192.168.151.75, host: pr-hdds-2114-2x2fm-437316914, networkLocation: /default-rack, certSerialId: null}, Type:RATIS, Factor:THREE, State:CLOSED] from datanode 04cc0e6b-c1eb-454c-b8ab-76b776566c09{ip: 192.168.151.75, host: pr-hdds-2114-2x2fm-437316914, networkLocation: /default-rack, certSerialId: null}. Reason : 04cc0e6b-c1eb-454c-b8ab-76b776566c09 has not seen follower/s 973364aa-0999-42fb-b1e3-8ec50fd7232a for 184877ms 2ad8b8a5-9b47-4134-85fe-629322b782ac for 184877ms
2019-09-16 17:31:56,993 [EventQueue-PipelineActionsForPipelineActionHandler] INFO  pipeline.SCMPipelineManager (SCMPipelineManager.java:finalizeAndDestroyPipeline(311)) - destroying pipeline:Pipeline[ Id: a4b81580-24b6-48aa-876e-a8369b54d72c, Nodes: 973364aa-0999-42fb-b1e3-8ec50fd7232a{ip: 192.168.151.75, host: pr-hdds-2114-2x2fm-437316914, networkLocation: /default-rack, certSerialId: null}04cc0e6b-c1eb-454c-b8ab-76b776566c09{ip: 192.168.151.75, host: pr-hdds-2114-2x2fm-437316914, networkLocation: /default-rack, certSerialId: null}2ad8b8a5-9b47-4134-85fe-629322b782ac{ip: 192.168.151.75, host: pr-hdds-2114-2x2fm-437316914, networkLocation: /default-rack, certSerialId: null}, Type:RATIS, Factor:THREE, State:CLOSED]
2019-09-16 17:31:56,999 [java.util.concurrent.ThreadPoolExecutor$Worker@7b4d20f6[State = -1, empty queue]] WARN  server.GrpcLogAppender (GrpcLogAppender.java:timeoutAppendRequest(200)) - 04cc0e6b-c1eb-454c-b8ab-76b776566c09@group-A8369B54D72C->973364aa-0999-42fb-b1e3-8ec50fd7232a-GrpcLogAppender: appendEntries Timeout, request=04cc0e6b-c1eb-454c-b8ab-76b776566c09->973364aa-0999-42fb-b1e3-8ec50fd7232a#246-t1, previous=(t:1, i:20), leaderCommit=13, initializing? false, entries: <empty>
2019-09-16 17:31:56,999 [java.util.concurrent.ThreadPoolExecutor$Worker@4b1e9ead[State = -1, empty queue]] WARN  server.GrpcLogAppender (GrpcLogAppender.java:timeoutAppendRequest(200)) - 04cc0e6b-c1eb-454c-b8ab-76b776566c09@group-A8369B54D72C->2ad8b8a5-9b47-4134-85fe-629322b782ac-GrpcLogAppender: appendEntries Timeout, request=04cc0e6b-c1eb-454c-b8ab-76b776566c09->2ad8b8a5-9b47-4134-85fe-629322b782ac#246-t1, previous=(t:1, i:20), leaderCommit=13, initializing? false, entries: <empty>
2019-09-16 17:31:57,970 [grpc-default-executor-6] INFO  impl.RaftServerProxy (RaftServerProxy.java:remove(95)) - 973364aa-0999-42fb-b1e3-8ec50fd7232a: remove  FOLLOWER 973364aa-0999-42fb-b1e3-8ec50fd7232a@group-A8369B54D72C:t1, leader=04cc0e6b-c1eb-454c-b8ab-76b776566c09, voted=04cc0e6b-c1eb-454c-b8ab-76b776566c09, raftlog=973364aa-0999-42fb-b1e3-8ec50fd7232a@group-A8369B54D72C-SegmentedRaftLog:OPENED:c13,f13,i20, conf=0: [04cc0e6b-c1eb-454c-b8ab-76b776566c09:192.168.151.75:34634, 973364aa-0999-42fb-b1e3-8ec50fd7232a:192.168.151.75:35497, 2ad8b8a5-9b47-4134-85fe-629322b782ac:192.168.151.75:33323], old=null RUNNING
2019-09-16 17:31:57,971 [grpc-default-executor-6] INFO  impl.RaftServerImpl (RaftServerImpl.java:lambda$shutdown$3(251)) - 973364aa-0999-42fb-b1e3-8ec50fd7232a@group-A8369B54D72C: shutdown
2019-09-16 17:31:57,971 [grpc-default-executor-6] INFO  util.JmxRegister (JmxRegister.java:unregister(73)) - Successfully un-registered JMX Bean with object name Ratis:service=RaftServer,group=group-A8369B54D72C,id=973364aa-0999-42fb-b1e3-8ec50fd7232a
2019-09-16 17:31:57,971 [grpc-default-executor-6] INFO  impl.RoleInfo (RoleInfo.java:shutdownFollowerState(121)) - 973364aa-0999-42fb-b1e3-8ec50fd7232a: shutdown FollowerState
2019-09-16 17:31:57,972 [grpc-default-executor-6] INFO  impl.StateMachineUpdater (StateMachineUpdater.java:stopAndJoin(125)) - 973364aa-0999-42fb-b1e3-8ec50fd7232a@group-A8369B54D72C-StateMachineUpdater: set stopIndex = 13
2019-09-16 17:31:57,972 [Thread-308] INFO  impl.FollowerState (FollowerState.java:run(115)) - 973364aa-0999-42fb-b1e3-8ec50fd7232a: FollowerState was interrupted: java.lang.InterruptedException: sleep interrupted
2019-09-16 17:31:57,972 [973364aa-0999-42fb-b1e3-8ec50fd7232a@group-A8369B54D72C-StateMachineUpdater] INFO  ratis.ContainerStateMachine (ContainerStateMachine.java:takeSnapshot(289)) - group-A8369B54D72C: Taking a snapshot at:(t:1, i:12) file /workdir/hadoop-ozone/integration-test/target/test-dir/MiniOzoneClusterImpl-1d68e719-5c56-406e-81cd-0d9da4b1ed63/datanode-2/data/ratis/a4b81580-24b6-48aa-876e-a8369b54d72c/sm/snapshot.1_12
2019-09-16 17:31:57,985 [973364aa-0999-42fb-b1e3-8ec50fd7232a@group-A8369B54D72C-StateMachineUpdater] INFO  ratis.ContainerStateMachine (ContainerStateMachine.java:takeSnapshot(300)) - group-A8369B54D72C: Finished taking a snapshot at:(t:1, i:12) file:/workdir/hadoop-ozone/integration-test/target/test-dir/MiniOzoneClusterImpl-1d68e719-5c56-406e-81cd-0d9da4b1ed63/datanode-2/data/ratis/a4b81580-24b6-48aa-876e-a8369b54d72c/sm/snapshot.1_12 time:14
2019-09-16 17:31:57,985 [973364aa-0999-42fb-b1e3-8ec50fd7232a@group-A8369B54D72C-StateMachineUpdater] INFO  impl.StateMachineUpdater (StateMachineUpdater.java:takeSnapshot(258)) - 973364aa-0999-42fb-b1e3-8ec50fd7232a@group-A8369B54D72C-StateMachineUpdater: Took a snapshot at index 12
2019-09-16 17:31:57,986 [973364aa-0999-42fb-b1e3-8ec50fd7232a@group-A8369B54D72C-StateMachineUpdater] INFO  impl.StateMachineUpdater (StateMachineUpdater.java:lambda$new$0(83)) - 973364aa-0999-42fb-b1e3-8ec50fd7232a@group-A8369B54D72C-StateMachineUpdater: snapshotIndex: updateIncreasingly -1 -> 12
2019-09-16 17:31:57,986 [973364aa-0999-42fb-b1e3-8ec50fd7232a@group-A8369B54D72C-StateMachineUpdater] INFO  ratis.ContainerStateMachine (ContainerStateMachine.java:takeSnapshot(289)) - group-A8369B54D72C: Taking a snapshot at:(t:1, i:12) file /workdir/hadoop-ozone/integration-test/target/test-dir/MiniOzoneClusterImpl-1d68e719-5c56-406e-81cd-0d9da4b1ed63/datanode-2/data/ratis/a4b81580-24b6-48aa-876e-a8369b54d72c/sm/snapshot.1_12
2019-09-16 17:31:57,998 [973364aa-0999-42fb-b1e3-8ec50fd7232a@group-A8369B54D72C-StateMachineUpdater] INFO  ratis.ContainerStateMachine (ContainerStateMachine.java:takeSnapshot(300)) - group-A8369B54D72C: Finished taking a snapshot at:(t:1, i:12) file:/workdir/hadoop-ozone/integration-test/target/test-dir/MiniOzoneClusterImpl-1d68e719-5c56-406e-81cd-0d9da4b1ed63/datanode-2/data/ratis/a4b81580-24b6-48aa-876e-a8369b54d72c/sm/snapshot.1_12 time:13
2019-09-16 17:31:57,998 [973364aa-0999-42fb-b1e3-8ec50fd7232a@group-A8369B54D72C-StateMachineUpdater] INFO  impl.StateMachineUpdater (StateMachineUpdater.java:takeSnapshot(258)) - 973364aa-0999-42fb-b1e3-8ec50fd7232a@group-A8369B54D72C-StateMachineUpdater: Took a snapshot at index 12
2019-09-16 17:31:57,998 [973364aa-0999-42fb-b1e3-8ec50fd7232a@group-A8369B54D72C-StateMachineUpdater] INFO  impl.StateMachineUpdater (StateMachineUpdater.java:lambda$new$0(83)) - 973364aa-0999-42fb-b1e3-8ec50fd7232a@group-A8369B54D72C-StateMachineUpdater: snapshotIndex: updateIncreasingly 12 -> 12
2019-09-16 17:31:57,999 [grpc-default-executor-6] INFO  impl.RaftServerImpl (ServerState.java:close(385)) - 973364aa-0999-42fb-b1e3-8ec50fd7232a@group-A8369B54D72C: closes. applyIndex: 13
2019-09-16 17:31:58,002 [973364aa-0999-42fb-b1e3-8ec50fd7232a@group-A8369B54D72C-SegmentedRaftLogWorker] ERROR ratis.XceiverServerRatis (XceiverServerRatis.java:triggerPipelineClose(568)) - pipeline Action CLOSE  on pipeline PipelineID=a4b81580-24b6-48aa-876e-a8369b54d72c.Reason : WriteLog:14: (t:1, i:14), STATEMACHINELOGENTRY, client-445BDAC7BDF9, cid=142-writeStateMachineData interrupted.
2019-09-16 17:31:58,005 [grpc-default-executor-6] INFO  segmented.SegmentedRaftLogWorker (SegmentedRaftLogWorker.java:close(228)) - 973364aa-0999-42fb-b1e3-8ec50fd7232a@group-A8369B54D72C-SegmentedRaftLogWorker close()
2019-09-16 17:31:58,005 [EventQueue-PipelineActionsForPipelineActionHandler] ERROR pipeline.PipelineActionHandler (PipelineActionHandler.java:onMessage(60)) - Received pipeline action CLOSE for Pipeline[ Id: a4b81580-24b6-48aa-876e-a8369b54d72c, Nodes: 973364aa-0999-42fb-b1e3-8ec50fd7232a{ip: 192.168.151.75, host: pr-hdds-2114-2x2fm-437316914, networkLocation: /default-rack, certSerialId: null}04cc0e6b-c1eb-454c-b8ab-76b776566c09{ip: 192.168.151.75, host: pr-hdds-2114-2x2fm-437316914, networkLocation: /default-rack, certSerialId: null}2ad8b8a5-9b47-4134-85fe-629322b782ac{ip: 192.168.151.75, host: pr-hdds-2114-2x2fm-437316914, networkLocation: /default-rack, certSerialId: null}, Type:RATIS, Factor:THREE, State:CLOSED] from datanode 973364aa-0999-42fb-b1e3-8ec50fd7232a{ip: 192.168.151.75, host: pr-hdds-2114-2x2fm-437316914, networkLocation: /default-rack, certSerialId: null}. Reason : WriteLog:14: (t:1, i:14), STATEMACHINELOGENTRY, client-445BDAC7BDF9, cid=142-writeStateMachineData interrupted.
2019-09-16 17:31:58,008 [EventQueue-PipelineActionsForPipelineActionHandler] INFO  pipeline.SCMPipelineManager (SCMPipelineManager.java:finalizeAndDestroyPipeline(311)) - destroying pipeline:Pipeline[ Id: a4b81580-24b6-48aa-876e-a8369b54d72c, Nodes: 973364aa-0999-42fb-b1e3-8ec50fd7232a{ip: 192.168.151.75, host: pr-hdds-2114-2x2fm-437316914, networkLocation: /default-rack, certSerialId: null}04cc0e6b-c1eb-454c-b8ab-76b776566c09{ip: 192.168.151.75, host: pr-hdds-2114-2x2fm-437316914, networkLocation: /default-rack, certSerialId: null}2ad8b8a5-9b47-4134-85fe-629322b782ac{ip: 192.168.151.75, host: pr-hdds-2114-2x2fm-437316914, networkLocation: /default-rack, certSerialId: null}, Type:RATIS, Factor:THREE, State:CLOSED]
2019-09-16 17:31:58,021 [grpc-default-executor-6] INFO  interfaces.Container (KeyValueContainer.java:flushAndSyncDB(386)) - Container 3 is synced with bcsId 6.
2019-09-16 17:31:58,021 [grpc-default-executor-6] INFO  interfaces.Container (KeyValueContainer.java:flushAndSyncDB(386)) - Container 3 is synced with bcsId 6.
2019-09-16 17:31:58,037 [EventQueue-IncrementalContainerReportForIncrementalContainerReportHandler] INFO  container.IncrementalContainerReportHandler (AbstractContainerReportHandler.java:updateContainerState(169)) - Moving container #3 to QUASI_CLOSED state, datanode 973364aa-0999-42fb-b1e3-8ec50fd7232a{ip: 192.168.151.75, host: pr-hdds-2114-2x2fm-437316914, networkLocation: /default-rack, certSerialId: null} reported QUASI_CLOSED replica.
2019-09-16 17:31:58,047 [grpc-default-executor-6] INFO  interfaces.Container (KeyValueContainer.java:flushAndSyncDB(386)) - Container 7 is synced with bcsId 12.
2019-09-16 17:31:58,047 [grpc-default-executor-6] INFO  interfaces.Container (KeyValueContainer.java:flushAndSyncDB(386)) - Container 7 is synced with bcsId 12.
2019-09-16 17:31:58,052 [EventQueue-IncrementalContainerReportForIncrementalContainerReportHandler] INFO  container.IncrementalContainerReportHandler (AbstractContainerReportHandler.java:updateContainerState(169)) - Moving container #7 to QUASI_CLOSED state, datanode 973364aa-0999-42fb-b1e3-8ec50fd7232a{ip: 192.168.151.75, host: pr-hdds-2114-2x2fm-437316914, networkLocation: /default-rack, certSerialId: null} reported QUASI_CLOSED replica.
2019-09-16 17:31:58,074 [grpc-default-executor-6] INFO  interfaces.Container (KeyValueContainer.java:flushAndSyncDB(386)) - Container 8 is synced with bcsId 0.
2019-09-16 17:31:58,074 [grpc-default-executor-6] INFO  interfaces.Container (KeyValueContainer.java:flushAndSyncDB(386)) - Container 8 is synced with bcsId 0.
2019-09-16 17:31:58,080 [EventQueue-IncrementalContainerReportForIncrementalContainerReportHandler] INFO  container.IncrementalContainerReportHandler (AbstractContainerReportHandler.java:updateContainerState(169)) - Moving container #8 to QUASI_CLOSED state, datanode 973364aa-0999-42fb-b1e3-8ec50fd7232a{ip: 192.168.151.75, host: pr-hdds-2114-2x2fm-437316914, networkLocation: /default-rack, certSerialId: null} reported QUASI_CLOSED replica.
2019-09-16 17:31:58,084 [grpc-default-executor-6] INFO  impl.RaftServerProxy (RaftServerProxy.java:remove(95)) - 04cc0e6b-c1eb-454c-b8ab-76b776566c09: remove    LEADER 04cc0e6b-c1eb-454c-b8ab-76b776566c09@group-A8369B54D72C:t1, leader=04cc0e6b-c1eb-454c-b8ab-76b776566c09, voted=04cc0e6b-c1eb-454c-b8ab-76b776566c09, raftlog=04cc0e6b-c1eb-454c-b8ab-76b776566c09@group-A8369B54D72C-SegmentedRaftLog:OPENED:c13,f13,i20, conf=0: [04cc0e6b-c1eb-454c-b8ab-76b776566c09:192.168.151.75:34634, 973364aa-0999-42fb-b1e3-8ec50fd7232a:192.168.151.75:35497, 2ad8b8a5-9b47-4134-85fe-629322b782ac:192.168.151.75:33323], old=null RUNNING
2019-09-16 17:31:58,084 [grpc-default-executor-6] INFO  impl.RaftServerImpl (RaftServerImpl.java:lambda$shutdown$3(251)) - 04cc0e6b-c1eb-454c-b8ab-76b776566c09@group-A8369B54D72C: shutdown
2019-09-16 17:31:58,084 [grpc-default-executor-6] INFO  util.JmxRegister (JmxRegister.java:unregister(73)) - Successfully un-registered JMX Bean with object name Ratis:service=RaftServer,group=group-A8369B54D72C,id=04cc0e6b-c1eb-454c-b8ab-76b776566c09
2019-09-16 17:31:58,084 [grpc-default-executor-6] INFO  impl.RoleInfo (RoleInfo.java:shutdownLeaderState(104)) - 04cc0e6b-c1eb-454c-b8ab-76b776566c09: shutdown LeaderState
2019-09-16 17:31:58,091 [org.apache.ratis.server.impl.LogAppender$AppenderDaemon$$Lambda$485/1974557644@14312308] WARN  server.GrpcLogAppender (GrpcLogAppender.java:mayWait(143)) - 04cc0e6b-c1eb-454c-b8ab-76b776566c09@group-A8369B54D72C->973364aa-0999-42fb-b1e3-8ec50fd7232a-GrpcLogAppender: Wait interrupted by java.lang.InterruptedException
2019-09-16 17:31:58,092 [grpc-default-executor-6] INFO  impl.PendingRequests (PendingRequests.java:sendNotLeaderResponses(202)) - 04cc0e6b-c1eb-454c-b8ab-76b776566c09-PendingRequests: sendNotLeaderResponses
2019-09-16 17:31:58,091 [org.apache.ratis.server.impl.LogAppender$AppenderDaemon$$Lambda$485/1974557644@1d1e9b05] WARN  server.GrpcLogAppender (GrpcLogAppender.java:mayWait(143)) - 04cc0e6b-c1eb-454c-b8ab-76b776566c09@group-A8369B54D72C->2ad8b8a5-9b47-4134-85fe-629322b782ac-GrpcLogAppender: Wait interrupted by java.lang.InterruptedException
2019-09-16 17:31:58,092 [grpc-default-executor-5] INFO  server.GrpcServerProtocolService (GrpcServerProtocolService.java:onCompleted(113)) - 973364aa-0999-42fb-b1e3-8ec50fd7232a: Completed APPEND_ENTRIES, lastRequest: 04cc0e6b-c1eb-454c-b8ab-76b776566c09->973364aa-0999-42fb-b1e3-8ec50fd7232a#247-t1, previous=(t:1, i:20), leaderCommit=13, initializing? false, entries: <empty>
2019-09-16 17:31:58,092 [grpc-default-executor-5] INFO  server.GrpcServerProtocolService (GrpcServerProtocolService.java:onCompleted(113)) - 2ad8b8a5-9b47-4134-85fe-629322b782ac: Completed APPEND_ENTRIES, lastRequest: 04cc0e6b-c1eb-454c-b8ab-76b776566c09->2ad8b8a5-9b47-4134-85fe-629322b782ac#247-t1, previous=(t:1, i:20), leaderCommit=13, initializing? false, entries: <empty>
2019-09-16 17:31:58,093 [grpc-default-executor-5] INFO  server.GrpcLogAppender (GrpcLogAppender.java:onCompleted(293)) - 04cc0e6b-c1eb-454c-b8ab-76b776566c09@group-A8369B54D72C->973364aa-0999-42fb-b1e3-8ec50fd7232a-AppendLogResponseHandler: follower responses appendEntries COMPLETED
2019-09-16 17:31:58,093 [grpc-default-executor-8] INFO  server.GrpcLogAppender (GrpcLogAppender.java:onCompleted(293)) - 04cc0e6b-c1eb-454c-b8ab-76b776566c09@group-A8369B54D72C->2ad8b8a5-9b47-4134-85fe-629322b782ac-AppendLogResponseHandler: follower responses appendEntries COMPLETED
2019-09-16 17:31:58,096 [grpc-default-executor-5] INFO  impl.FollowerInfo (FollowerInfo.java:lambda$new$0(51)) - 04cc0e6b-c1eb-454c-b8ab-76b776566c09@group-A8369B54D72C->973364aa-0999-42fb-b1e3-8ec50fd7232a: nextIndex: updateUnconditionally 21 -> 14
2019-09-16 17:31:58,102 [grpc-default-executor-6] INFO  impl.StateMachineUpdater (StateMachineUpdater.java:stopAndJoin(125)) - 04cc0e6b-c1eb-454c-b8ab-76b776566c09@group-A8369B54D72C-StateMachineUpdater: set stopIndex = 13
2019-09-16 17:31:58,102 [grpc-default-executor-8] INFO  impl.FollowerInfo (FollowerInfo.java:lambda$new$0(51)) - 04cc0e6b-c1eb-454c-b8ab-76b776566c09@group-A8369B54D72C->2ad8b8a5-9b47-4134-85fe-629322b782ac: nextIndex: updateUnconditionally 21 -> 14
2019-09-16 17:31:58,102 [04cc0e6b-c1eb-454c-b8ab-76b776566c09@group-A8369B54D72C-StateMachineUpdater] INFO  ratis.ContainerStateMachine (ContainerStateMachine.java:takeSnapshot(289)) - group-A8369B54D72C: Taking a snapshot at:(t:1, i:13) file /workdir/hadoop-ozone/integration-test/target/test-dir/MiniOzoneClusterImpl-1d68e719-5c56-406e-81cd-0d9da4b1ed63/datanode-1/data/ratis/a4b81580-24b6-48aa-876e-a8369b54d72c/sm/snapshot.1_13
2019-09-16 17:31:58,108 [04cc0e6b-c1eb-454c-b8ab-76b776566c09@group-A8369B54D72C-StateMachineUpdater] INFO  ratis.ContainerStateMachine (ContainerStateMachine.java:takeSnapshot(300)) - group-A8369B54D72C: Finished taking a snapshot at:(t:1, i:13) file:/workdir/hadoop-ozone/integration-test/target/test-dir/MiniOzoneClusterImpl-1d68e719-5c56-406e-81cd-0d9da4b1ed63/datanode-1/data/ratis/a4b81580-24b6-48aa-876e-a8369b54d72c/sm/snapshot.1_13 time:6
2019-09-16 17:31:58,108 [04cc0e6b-c1eb-454c-b8ab-76b776566c09@group-A8369B54D72C-StateMachineUpdater] INFO  impl.StateMachineUpdater (StateMachineUpdater.java:takeSnapshot(258)) - 04cc0e6b-c1eb-454c-b8ab-76b776566c09@group-A8369B54D72C-StateMachineUpdater: Took a snapshot at index 13
2019-09-16 17:31:58,108 [04cc0e6b-c1eb-454c-b8ab-76b776566c09@group-A8369B54D72C-StateMachineUpdater] INFO  impl.StateMachineUpdater (StateMachineUpdater.java:lambda$new$0(83)) - 04cc0e6b-c1eb-454c-b8ab-76b776566c09@group-A8369B54D72C-StateMachineUpdater: snapshotIndex: updateIncreasingly -1 -> 13
2019-09-16 17:31:58,109 [grpc-default-executor-6] INFO  impl.RaftServerImpl (ServerState.java:close(385)) - 04cc0e6b-c1eb-454c-b8ab-76b776566c09@group-A8369B54D72C: closes. applyIndex: 13
2019-09-16 17:31:58,109 [Command processor thread] ERROR commandhandler.CloseContainerCommandHandler (CloseContainerCommandHandler.java:handle(125)) - Can't close container #7
java.io.IOException: org.apache.ratis.protocol.GroupMismatchException: 04cc0e6b-c1eb-454c-b8ab-76b776566c09: group-A8369B54D72C not found.
	at org.apache.hadoop.ozone.container.common.transport.server.ratis.XceiverServerRatis.submitRequest(XceiverServerRatis.java:495)
	at org.apache.hadoop.ozone.container.common.statemachine.commandhandler.CloseContainerCommandHandler.handle(CloseContainerCommandHandler.java:102)
	at org.apache.hadoop.ozone.container.common.statemachine.commandhandler.CommandDispatcher.handle(CommandDispatcher.java:99)
	at org.apache.hadoop.ozone.container.common.statemachine.DatanodeStateMachine.lambda$initCommandHandlerThread$1(DatanodeStateMachine.java:432)
	at java.lang.Thread.run(Thread.java:748)
Caused by: java.util.concurrent.ExecutionException: org.apache.ratis.protocol.GroupMismatchException: 04cc0e6b-c1eb-454c-b8ab-76b776566c09: group-A8369B54D72C not found.
	at java.util.concurrent.CompletableFuture.reportGet(CompletableFuture.java:357)
	at java.util.concurrent.CompletableFuture.get(CompletableFuture.java:1895)
	at org.apache.hadoop.ozone.container.common.transport.server.ratis.XceiverServerRatis.submitRequest(XceiverServerRatis.java:493)
	... 4 more
Caused by: org.apache.ratis.protocol.GroupMismatchException: 04cc0e6b-c1eb-454c-b8ab-76b776566c09: group-A8369B54D72C not found.
	at org.apache.ratis.server.impl.RaftServerProxy$ImplMap.get(RaftServerProxy.java:122)
	at org.apache.ratis.server.impl.RaftServerProxy.getImplFuture(RaftServerProxy.java:269)
	at org.apache.ratis.server.impl.RaftServerProxy.submitRequest(RaftServerProxy.java:327)
	at org.apache.ratis.server.impl.RaftServerProxy.submitClientRequestAsync(RaftServerProxy.java:333)
	... 5 more
2019-09-16 17:31:58,110 [04cc0e6b-c1eb-454c-b8ab-76b776566c09@group-A8369B54D72C-SegmentedRaftLogWorker] ERROR ratis.XceiverServerRatis (XceiverServerRatis.java:triggerPipelineClose(568)) - pipeline Action CLOSE  on pipeline PipelineID=a4b81580-24b6-48aa-876e-a8369b54d72c.Reason : WriteLog:14: (t:1, i:14), STATEMACHINELOGENTRY, client-445BDAC7BDF9, cid=142-writeStateMachineData interrupted.
2019-09-16 17:31:58,112 [grpc-default-executor-6] INFO  segmented.SegmentedRaftLogWorker (SegmentedRaftLogWorker.java:close(228)) - 04cc0e6b-c1eb-454c-b8ab-76b776566c09@group-A8369B54D72C-SegmentedRaftLogWorker close()
2019-09-16 17:31:58,112 [EventQueue-PipelineActionsForPipelineActionHandler] ERROR pipeline.PipelineActionHandler (PipelineActionHandler.java:onMessage(60)) - Received pipeline action CLOSE for Pipeline[ Id: a4b81580-24b6-48aa-876e-a8369b54d72c, Nodes: 973364aa-0999-42fb-b1e3-8ec50fd7232a{ip: 192.168.151.75, host: pr-hdds-2114-2x2fm-437316914, networkLocation: /default-rack, certSerialId: null}04cc0e6b-c1eb-454c-b8ab-76b776566c09{ip: 192.168.151.75, host: pr-hdds-2114-2x2fm-437316914, networkLocation: /default-rack, certSerialId: null}2ad8b8a5-9b47-4134-85fe-629322b782ac{ip: 192.168.151.75, host: pr-hdds-2114-2x2fm-437316914, networkLocation: /default-rack, certSerialId: null}, Type:RATIS, Factor:THREE, State:CLOSED] from datanode 04cc0e6b-c1eb-454c-b8ab-76b776566c09{ip: 192.168.151.75, host: pr-hdds-2114-2x2fm-437316914, networkLocation: /default-rack, certSerialId: null}. Reason : WriteLog:14: (t:1, i:14), STATEMACHINELOGENTRY, client-445BDAC7BDF9, cid=142-writeStateMachineData interrupted.
2019-09-16 17:31:58,116 [EventQueue-PipelineActionsForPipelineActionHandler] INFO  pipeline.SCMPipelineManager (SCMPipelineManager.java:finalizeAndDestroyPipeline(311)) - destroying pipeline:Pipeline[ Id: a4b81580-24b6-48aa-876e-a8369b54d72c, Nodes: 973364aa-0999-42fb-b1e3-8ec50fd7232a{ip: 192.168.151.75, host: pr-hdds-2114-2x2fm-437316914, networkLocation: /default-rack, certSerialId: null}04cc0e6b-c1eb-454c-b8ab-76b776566c09{ip: 192.168.151.75, host: pr-hdds-2114-2x2fm-437316914, networkLocation: /default-rack, certSerialId: null}2ad8b8a5-9b47-4134-85fe-629322b782ac{ip: 192.168.151.75, host: pr-hdds-2114-2x2fm-437316914, networkLocation: /default-rack, certSerialId: null}, Type:RATIS, Factor:THREE, State:CLOSED]
2019-09-16 17:31:58,119 [grpc-default-executor-6] INFO  interfaces.Container (KeyValueContainer.java:flushAndSyncDB(386)) - Container 3 is synced with bcsId 6.
2019-09-16 17:31:58,119 [grpc-default-executor-6] INFO  interfaces.Container (KeyValueContainer.java:flushAndSyncDB(386)) - Container 3 is synced with bcsId 6.
2019-09-16 17:31:58,165 [grpc-default-executor-6] INFO  interfaces.Container (KeyValueContainer.java:flushAndSyncDB(386)) - Container 7 is synced with bcsId 12.
2019-09-16 17:31:58,165 [grpc-default-executor-6] INFO  interfaces.Container (KeyValueContainer.java:flushAndSyncDB(386)) - Container 7 is synced with bcsId 12.
2019-09-16 17:31:58,195 [grpc-default-executor-6] INFO  impl.RaftServerProxy (RaftServerProxy.java:remove(95)) - 2ad8b8a5-9b47-4134-85fe-629322b782ac: remove  FOLLOWER 2ad8b8a5-9b47-4134-85fe-629322b782ac@group-A8369B54D72C:t1, leader=04cc0e6b-c1eb-454c-b8ab-76b776566c09, voted=04cc0e6b-c1eb-454c-b8ab-76b776566c09, raftlog=2ad8b8a5-9b47-4134-85fe-629322b782ac@group-A8369B54D72C-SegmentedRaftLog:OPENED:c13,f13,i20, conf=0: [04cc0e6b-c1eb-454c-b8ab-76b776566c09:192.168.151.75:34634, 973364aa-0999-42fb-b1e3-8ec50fd7232a:192.168.151.75:35497, 2ad8b8a5-9b47-4134-85fe-629322b782ac:192.168.151.75:33323], old=null RUNNING
2019-09-16 17:31:58,196 [grpc-default-executor-6] INFO  impl.RaftServerImpl (RaftServerImpl.java:lambda$shutdown$3(251)) - 2ad8b8a5-9b47-4134-85fe-629322b782ac@group-A8369B54D72C: shutdown
2019-09-16 17:31:58,196 [grpc-default-executor-6] INFO  util.JmxRegister (JmxRegister.java:unregister(73)) - Successfully un-registered JMX Bean with object name Ratis:service=RaftServer,group=group-A8369B54D72C,id=2ad8b8a5-9b47-4134-85fe-629322b782ac
2019-09-16 17:31:58,196 [grpc-default-executor-6] INFO  impl.RoleInfo (RoleInfo.java:shutdownFollowerState(121)) - 2ad8b8a5-9b47-4134-85fe-629322b782ac: shutdown FollowerState
2019-09-16 17:31:58,196 [grpc-default-executor-6] INFO  impl.StateMachineUpdater (StateMachineUpdater.java:stopAndJoin(125)) - 2ad8b8a5-9b47-4134-85fe-629322b782ac@group-A8369B54D72C-StateMachineUpdater: set stopIndex = 13
2019-09-16 17:31:58,196 [2ad8b8a5-9b47-4134-85fe-629322b782ac@group-A8369B54D72C-StateMachineUpdater] INFO  ratis.ContainerStateMachine (ContainerStateMachine.java:takeSnapshot(289)) - group-A8369B54D72C: Taking a snapshot at:(t:1, i:12) file /workdir/hadoop-ozone/integration-test/target/test-dir/MiniOzoneClusterImpl-1d68e719-5c56-406e-81cd-0d9da4b1ed63/datanode-5/data/ratis/a4b81580-24b6-48aa-876e-a8369b54d72c/sm/snapshot.1_12
2019-09-16 17:31:58,196 [Thread-309] INFO  impl.FollowerState (FollowerState.java:run(115)) - 2ad8b8a5-9b47-4134-85fe-629322b782ac: FollowerState was interrupted: java.lang.InterruptedException: sleep interrupted
2019-09-16 17:31:58,209 [2ad8b8a5-9b47-4134-85fe-629322b782ac@group-A8369B54D72C-StateMachineUpdater] INFO  ratis.ContainerStateMachine (ContainerStateMachine.java:takeSnapshot(300)) - group-A8369B54D72C: Finished taking a snapshot at:(t:1, i:12) file:/workdir/hadoop-ozone/integration-test/target/test-dir/MiniOzoneClusterImpl-1d68e719-5c56-406e-81cd-0d9da4b1ed63/datanode-5/data/ratis/a4b81580-24b6-48aa-876e-a8369b54d72c/sm/snapshot.1_12 time:12
2019-09-16 17:31:58,209 [2ad8b8a5-9b47-4134-85fe-629322b782ac@group-A8369B54D72C-StateMachineUpdater] INFO  impl.StateMachineUpdater (StateMachineUpdater.java:takeSnapshot(258)) - 2ad8b8a5-9b47-4134-85fe-629322b782ac@group-A8369B54D72C-StateMachineUpdater: Took a snapshot at index 12
2019-09-16 17:31:58,209 [2ad8b8a5-9b47-4134-85fe-629322b782ac@group-A8369B54D72C-StateMachineUpdater] INFO  impl.StateMachineUpdater (StateMachineUpdater.java:lambda$new$0(83)) - 2ad8b8a5-9b47-4134-85fe-629322b782ac@group-A8369B54D72C-StateMachineUpdater: snapshotIndex: updateIncreasingly -1 -> 12
2019-09-16 17:31:58,209 [2ad8b8a5-9b47-4134-85fe-629322b782ac@group-A8369B54D72C-StateMachineUpdater] INFO  ratis.ContainerStateMachine (ContainerStateMachine.java:takeSnapshot(289)) - group-A8369B54D72C: Taking a snapshot at:(t:1, i:12) file /workdir/hadoop-ozone/integration-test/target/test-dir/MiniOzoneClusterImpl-1d68e719-5c56-406e-81cd-0d9da4b1ed63/datanode-5/data/ratis/a4b81580-24b6-48aa-876e-a8369b54d72c/sm/snapshot.1_12
2019-09-16 17:31:58,222 [2ad8b8a5-9b47-4134-85fe-629322b782ac@group-A8369B54D72C-StateMachineUpdater] INFO  ratis.ContainerStateMachine (ContainerStateMachine.java:takeSnapshot(300)) - group-A8369B54D72C: Finished taking a snapshot at:(t:1, i:12) file:/workdir/hadoop-ozone/integration-test/target/test-dir/MiniOzoneClusterImpl-1d68e719-5c56-406e-81cd-0d9da4b1ed63/datanode-5/data/ratis/a4b81580-24b6-48aa-876e-a8369b54d72c/sm/snapshot.1_12 time:12
2019-09-16 17:31:58,222 [2ad8b8a5-9b47-4134-85fe-629322b782ac@group-A8369B54D72C-StateMachineUpdater] INFO  impl.StateMachineUpdater (StateMachineUpdater.java:takeSnapshot(258)) - 2ad8b8a5-9b47-4134-85fe-629322b782ac@group-A8369B54D72C-StateMachineUpdater: Took a snapshot at index 12
2019-09-16 17:31:58,222 [2ad8b8a5-9b47-4134-85fe-629322b782ac@group-A8369B54D72C-StateMachineUpdater] INFO  impl.StateMachineUpdater (StateMachineUpdater.java:lambda$new$0(83)) - 2ad8b8a5-9b47-4134-85fe-629322b782ac@group-A8369B54D72C-StateMachineUpdater: snapshotIndex: updateIncreasingly 12 -> 12
2019-09-16 17:31:58,222 [grpc-default-executor-6] INFO  impl.RaftServerImpl (ServerState.java:close(385)) - 2ad8b8a5-9b47-4134-85fe-629322b782ac@group-A8369B54D72C: closes. applyIndex: 13
2019-09-16 17:31:58,225 [2ad8b8a5-9b47-4134-85fe-629322b782ac@group-A8369B54D72C-SegmentedRaftLogWorker] ERROR ratis.XceiverServerRatis (XceiverServerRatis.java:triggerPipelineClose(568)) - pipeline Action CLOSE  on pipeline PipelineID=a4b81580-24b6-48aa-876e-a8369b54d72c.Reason : WriteLog:14: (t:1, i:14), STATEMACHINELOGENTRY, client-445BDAC7BDF9, cid=142-writeStateMachineData interrupted.
2019-09-16 17:31:58,228 [grpc-default-executor-6] INFO  segmented.SegmentedRaftLogWorker (SegmentedRaftLogWorker.java:close(228)) - 2ad8b8a5-9b47-4134-85fe-629322b782ac@group-A8369B54D72C-SegmentedRaftLogWorker close()
2019-09-16 17:31:58,228 [EventQueue-PipelineActionsForPipelineActionHandler] ERROR pipeline.PipelineActionHandler (PipelineActionHandler.java:onMessage(60)) - Received pipeline action CLOSE for Pipeline[ Id: a4b81580-24b6-48aa-876e-a8369b54d72c, Nodes: 973364aa-0999-42fb-b1e3-8ec50fd7232a{ip: 192.168.151.75, host: pr-hdds-2114-2x2fm-437316914, networkLocation: /default-rack, certSerialId: null}04cc0e6b-c1eb-454c-b8ab-76b776566c09{ip: 192.168.151.75, host: pr-hdds-2114-2x2fm-437316914, networkLocation: /default-rack, certSerialId: null}2ad8b8a5-9b47-4134-85fe-629322b782ac{ip: 192.168.151.75, host: pr-hdds-2114-2x2fm-437316914, networkLocation: /default-rack, certSerialId: null}, Type:RATIS, Factor:THREE, State:CLOSED] from datanode 2ad8b8a5-9b47-4134-85fe-629322b782ac{ip: 192.168.151.75, host: pr-hdds-2114-2x2fm-437316914, networkLocation: /default-rack, certSerialId: null}. Reason : WriteLog:14: (t:1, i:14), STATEMACHINELOGENTRY, client-445BDAC7BDF9, cid=142-writeStateMachineData interrupted.
2019-09-16 17:31:58,233 [EventQueue-PipelineActionsForPipelineActionHandler] INFO  pipeline.SCMPipelineManager (SCMPipelineManager.java:finalizeAndDestroyPipeline(311)) - destroying pipeline:Pipeline[ Id: a4b81580-24b6-48aa-876e-a8369b54d72c, Nodes: 973364aa-0999-42fb-b1e3-8ec50fd7232a{ip: 192.168.151.75, host: pr-hdds-2114-2x2fm-437316914, networkLocation: /default-rack, certSerialId: null}04cc0e6b-c1eb-454c-b8ab-76b776566c09{ip: 192.168.151.75, host: pr-hdds-2114-2x2fm-437316914, networkLocation: /default-rack, certSerialId: null}2ad8b8a5-9b47-4134-85fe-629322b782ac{ip: 192.168.151.75, host: pr-hdds-2114-2x2fm-437316914, networkLocation: /default-rack, certSerialId: null}, Type:RATIS, Factor:THREE, State:CLOSED]
2019-09-16 17:31:58,246 [grpc-default-executor-6] INFO  interfaces.Container (KeyValueContainer.java:flushAndSyncDB(386)) - Container 3 is synced with bcsId 6.
2019-09-16 17:31:58,246 [grpc-default-executor-6] INFO  interfaces.Container (KeyValueContainer.java:flushAndSyncDB(386)) - Container 3 is synced with bcsId 6.
2019-09-16 17:31:58,291 [grpc-default-executor-6] INFO  interfaces.Container (KeyValueContainer.java:flushAndSyncDB(386)) - Container 7 is synced with bcsId 12.
2019-09-16 17:31:58,291 [grpc-default-executor-6] INFO  interfaces.Container (KeyValueContainer.java:flushAndSyncDB(386)) - Container 7 is synced with bcsId 12.
2019-09-16 17:31:58,369 [grpc-default-executor-6] INFO  interfaces.Container (KeyValueContainer.java:flushAndSyncDB(386)) - Container 8 is synced with bcsId 0.
2019-09-16 17:31:58,369 [grpc-default-executor-6] INFO  interfaces.Container (KeyValueContainer.java:flushAndSyncDB(386)) - Container 8 is synced with bcsId 0.
2019-09-16 17:31:58,385 [RatisPipelineUtilsThread] INFO  pipeline.PipelineStateManager (PipelineStateManager.java:removePipeline(108)) - Pipeline Pipeline[ Id: a4b81580-24b6-48aa-876e-a8369b54d72c, Nodes: 973364aa-0999-42fb-b1e3-8ec50fd7232a{ip: 192.168.151.75, host: pr-hdds-2114-2x2fm-437316914, networkLocation: /default-rack, certSerialId: null}04cc0e6b-c1eb-454c-b8ab-76b776566c09{ip: 192.168.151.75, host: pr-hdds-2114-2x2fm-437316914, networkLocation: /default-rack, certSerialId: null}2ad8b8a5-9b47-4134-85fe-629322b782ac{ip: 192.168.151.75, host: pr-hdds-2114-2x2fm-437316914, networkLocation: /default-rack, certSerialId: null}, Type:RATIS, Factor:THREE, State:CLOSED] removed from db
2019-09-16 17:31:58,397 [grpc-default-executor-8] INFO  impl.RaftServerProxy (RaftServerProxy.java:addNew(89)) - 04cc0e6b-c1eb-454c-b8ab-76b776566c09: addNew group-A3E479FC394D:[04cc0e6b-c1eb-454c-b8ab-76b776566c09:192.168.151.75:34634, 973364aa-0999-42fb-b1e3-8ec50fd7232a:192.168.151.75:35497, 2ad8b8a5-9b47-4134-85fe-629322b782ac:192.168.151.75:33323] returns group-A3E479FC394D:java.util.concurrent.CompletableFuture@7301b561[Not completed]
2019-09-16 17:31:58,398 [grpc-default-executor-8] INFO  impl.RaftServerProxy (RaftServerProxy.java:addNew(89)) - 973364aa-0999-42fb-b1e3-8ec50fd7232a: addNew group-A3E479FC394D:[04cc0e6b-c1eb-454c-b8ab-76b776566c09:192.168.151.75:34634, 973364aa-0999-42fb-b1e3-8ec50fd7232a:192.168.151.75:35497, 2ad8b8a5-9b47-4134-85fe-629322b782ac:192.168.151.75:33323] returns group-A3E479FC394D:java.util.concurrent.CompletableFuture@3fd8e0b1[Not completed]
2019-09-16 17:31:58,398 [grpc-default-executor-5] INFO  impl.RaftServerProxy (RaftServerProxy.java:addNew(89)) - 2ad8b8a5-9b47-4134-85fe-629322b782ac: addNew group-A3E479FC394D:[04cc0e6b-c1eb-454c-b8ab-76b776566c09:192.168.151.75:34634, 973364aa-0999-42fb-b1e3-8ec50fd7232a:192.168.151.75:35497, 2ad8b8a5-9b47-4134-85fe-629322b782ac:192.168.151.75:33323] returns group-A3E479FC394D:java.util.concurrent.CompletableFuture@7874189c[Not completed]
2019-09-16 17:31:58,402 [pool-47-thread-1] INFO  impl.RaftServerImpl (RaftServerImpl.java:<init>(95)) - 973364aa-0999-42fb-b1e3-8ec50fd7232a: new RaftServerImpl for group-A3E479FC394D:[04cc0e6b-c1eb-454c-b8ab-76b776566c09:192.168.151.75:34634, 973364aa-0999-42fb-b1e3-8ec50fd7232a:192.168.151.75:35497, 2ad8b8a5-9b47-4134-85fe-629322b782ac:192.168.151.75:33323] with ContainerStateMachine:uninitialized
2019-09-16 17:31:58,402 [pool-47-thread-1] INFO  server.RaftServerConfigKeys (ConfUtils.java:logGet(43)) - raft.server.rpc.timeout.min = 5s (custom)
2019-09-16 17:31:58,402 [pool-47-thread-1] INFO  server.RaftServerConfigKeys (ConfUtils.java:logGet(43)) - raft.server.rpc.timeout.max = 5200ms (custom)
2019-09-16 17:31:58,403 [pool-47-thread-1] INFO  server.RaftServerConfigKeys (ConfUtils.java:logGet(43)) - raft.server.rpcslowness.timeout = 120s (custom)
2019-09-16 17:31:58,403 [pool-47-thread-1] INFO  server.RaftServerConfigKeys (ConfUtils.java:logGet(43)) - raft.server.sleep.deviation.threshold = 300 (default)
2019-09-16 17:31:58,403 [pool-37-thread-1] INFO  impl.RaftServerImpl (RaftServerImpl.java:<init>(95)) - 04cc0e6b-c1eb-454c-b8ab-76b776566c09: new RaftServerImpl for group-A3E479FC394D:[04cc0e6b-c1eb-454c-b8ab-76b776566c09:192.168.151.75:34634, 973364aa-0999-42fb-b1e3-8ec50fd7232a:192.168.151.75:35497, 2ad8b8a5-9b47-4134-85fe-629322b782ac:192.168.151.75:33323] with ContainerStateMachine:uninitialized
2019-09-16 17:31:58,403 [pool-47-thread-1] INFO  server.RaftServerConfigKeys (ConfUtils.java:logGet(43)) - raft.server.log.appender.install.snapshot.enabled = false (custom)
2019-09-16 17:31:58,403 [pool-37-thread-1] INFO  server.RaftServerConfigKeys (ConfUtils.java:logGet(43)) - raft.server.rpc.timeout.min = 5s (custom)
2019-09-16 17:31:58,403 [pool-47-thread-1] INFO  impl.RaftServerImpl (ServerState.java:<init>(103)) - 973364aa-0999-42fb-b1e3-8ec50fd7232a@group-A3E479FC394D: ConfigurationManager, init=-1: [04cc0e6b-c1eb-454c-b8ab-76b776566c09:192.168.151.75:34634, 973364aa-0999-42fb-b1e3-8ec50fd7232a:192.168.151.75:35497, 2ad8b8a5-9b47-4134-85fe-629322b782ac:192.168.151.75:33323], old=null, confs=<EMPTY_MAP>
2019-09-16 17:31:58,403 [pool-37-thread-1] INFO  server.RaftServerConfigKeys (ConfUtils.java:logGet(43)) - raft.server.rpc.timeout.max = 5200ms (custom)
2019-09-16 17:31:58,404 [pool-37-thread-1] INFO  server.RaftServerConfigKeys (ConfUtils.java:logGet(43)) - raft.server.rpcslowness.timeout = 120s (custom)
2019-09-16 17:31:58,404 [pool-47-thread-1] INFO  server.RaftServerConfigKeys (ConfUtils.java:logGet(43)) - raft.server.storage.dir = [/workdir/hadoop-ozone/integration-test/target/test-dir/MiniOzoneClusterImpl-1d68e719-5c56-406e-81cd-0d9da4b1ed63/datanode-2/data/ratis] (custom)
2019-09-16 17:31:58,404 [pool-37-thread-1] INFO  server.RaftServerConfigKeys (ConfUtils.java:logGet(43)) - raft.server.sleep.deviation.threshold = 300 (default)
2019-09-16 17:31:58,404 [pool-37-thread-1] INFO  server.RaftServerConfigKeys (ConfUtils.java:logGet(43)) - raft.server.log.appender.install.snapshot.enabled = false (custom)
2019-09-16 17:31:58,404 [pool-77-thread-1] INFO  impl.RaftServerImpl (RaftServerImpl.java:<init>(95)) - 2ad8b8a5-9b47-4134-85fe-629322b782ac: new RaftServerImpl for group-A3E479FC394D:[04cc0e6b-c1eb-454c-b8ab-76b776566c09:192.168.151.75:34634, 973364aa-0999-42fb-b1e3-8ec50fd7232a:192.168.151.75:35497, 2ad8b8a5-9b47-4134-85fe-629322b782ac:192.168.151.75:33323] with ContainerStateMachine:uninitialized
2019-09-16 17:31:58,404 [pool-47-thread-1] INFO  storage.RaftStorageDirectory (RaftStorageDirectory.java:analyzeStorage(246)) - The storage directory /workdir/hadoop-ozone/integration-test/target/test-dir/MiniOzoneClusterImpl-1d68e719-5c56-406e-81cd-0d9da4b1ed63/datanode-2/data/ratis/1fa87edd-0885-413b-8a13-a3e479fc394d does not exist. Creating ...
2019-09-16 17:31:58,404 [pool-37-thread-1] INFO  impl.RaftServerImpl (ServerState.java:<init>(103)) - 04cc0e6b-c1eb-454c-b8ab-76b776566c09@group-A3E479FC394D: ConfigurationManager, init=-1: [04cc0e6b-c1eb-454c-b8ab-76b776566c09:192.168.151.75:34634, 973364aa-0999-42fb-b1e3-8ec50fd7232a:192.168.151.75:35497, 2ad8b8a5-9b47-4134-85fe-629322b782ac:192.168.151.75:33323], old=null, confs=<EMPTY_MAP>
2019-09-16 17:31:58,404 [pool-77-thread-1] INFO  server.RaftServerConfigKeys (ConfUtils.java:logGet(43)) - raft.server.rpc.timeout.min = 5s (custom)
2019-09-16 17:31:58,405 [pool-37-thread-1] INFO  server.RaftServerConfigKeys (ConfUtils.java:logGet(43)) - raft.server.storage.dir = [/workdir/hadoop-ozone/integration-test/target/test-dir/MiniOzoneClusterImpl-1d68e719-5c56-406e-81cd-0d9da4b1ed63/datanode-1/data/ratis] (custom)
2019-09-16 17:31:58,405 [pool-77-thread-1] INFO  server.RaftServerConfigKeys (ConfUtils.java:logGet(43)) - raft.server.rpc.timeout.max = 5200ms (custom)
2019-09-16 17:31:58,405 [pool-77-thread-1] INFO  server.RaftServerConfigKeys (ConfUtils.java:logGet(43)) - raft.server.rpcslowness.timeout = 120s (custom)
2019-09-16 17:31:58,405 [pool-37-thread-1] INFO  storage.RaftStorageDirectory (RaftStorageDirectory.java:analyzeStorage(246)) - The storage directory /workdir/hadoop-ozone/integration-test/target/test-dir/MiniOzoneClusterImpl-1d68e719-5c56-406e-81cd-0d9da4b1ed63/datanode-1/data/ratis/1fa87edd-0885-413b-8a13-a3e479fc394d does not exist. Creating ...
2019-09-16 17:31:58,406 [pool-77-thread-1] INFO  server.RaftServerConfigKeys (ConfUtils.java:logGet(43)) - raft.server.sleep.deviation.threshold = 300 (default)
2019-09-16 17:31:58,406 [pool-77-thread-1] INFO  server.RaftServerConfigKeys (ConfUtils.java:logGet(43)) - raft.server.log.appender.install.snapshot.enabled = false (custom)
2019-09-16 17:31:58,406 [pool-77-thread-1] INFO  impl.RaftServerImpl (ServerState.java:<init>(103)) - 2ad8b8a5-9b47-4134-85fe-629322b782ac@group-A3E479FC394D: ConfigurationManager, init=-1: [04cc0e6b-c1eb-454c-b8ab-76b776566c09:192.168.151.75:34634, 973364aa-0999-42fb-b1e3-8ec50fd7232a:192.168.151.75:35497, 2ad8b8a5-9b47-4134-85fe-629322b782ac:192.168.151.75:33323], old=null, confs=<EMPTY_MAP>
2019-09-16 17:31:58,406 [pool-77-thread-1] INFO  server.RaftServerConfigKeys (ConfUtils.java:logGet(43)) - raft.server.storage.dir = [/workdir/hadoop-ozone/integration-test/target/test-dir/MiniOzoneClusterImpl-1d68e719-5c56-406e-81cd-0d9da4b1ed63/datanode-5/data/ratis] (custom)
2019-09-16 17:31:58,407 [pool-77-thread-1] INFO  storage.RaftStorageDirectory (RaftStorageDirectory.java:analyzeStorage(246)) - The storage directory /workdir/hadoop-ozone/integration-test/target/test-dir/MiniOzoneClusterImpl-1d68e719-5c56-406e-81cd-0d9da4b1ed63/datanode-5/data/ratis/1fa87edd-0885-413b-8a13-a3e479fc394d does not exist. Creating ...
2019-09-16 17:31:58,431 [pool-37-thread-1] INFO  storage.RaftStorageDirectory (RaftStorageDirectory.java:tryLock(328)) - Lock on /workdir/hadoop-ozone/integration-test/target/test-dir/MiniOzoneClusterImpl-1d68e719-5c56-406e-81cd-0d9da4b1ed63/datanode-1/data/ratis/1fa87edd-0885-413b-8a13-a3e479fc394d/in_use.lock acquired by nodename 694@pr-hdds-2114-2x2fm-437316914
2019-09-16 17:31:58,431 [pool-77-thread-1] INFO  storage.RaftStorageDirectory (RaftStorageDirectory.java:tryLock(328)) - Lock on /workdir/hadoop-ozone/integration-test/target/test-dir/MiniOzoneClusterImpl-1d68e719-5c56-406e-81cd-0d9da4b1ed63/datanode-5/data/ratis/1fa87edd-0885-413b-8a13-a3e479fc394d/in_use.lock acquired by nodename 694@pr-hdds-2114-2x2fm-437316914
2019-09-16 17:31:58,431 [pool-47-thread-1] INFO  storage.RaftStorageDirectory (RaftStorageDirectory.java:tryLock(328)) - Lock on /workdir/hadoop-ozone/integration-test/target/test-dir/MiniOzoneClusterImpl-1d68e719-5c56-406e-81cd-0d9da4b1ed63/datanode-2/data/ratis/1fa87edd-0885-413b-8a13-a3e479fc394d/in_use.lock acquired by nodename 694@pr-hdds-2114-2x2fm-437316914
2019-09-16 17:31:58,445 [pool-37-thread-1] INFO  storage.RaftStorage (RaftStorage.java:format(72)) - Storage directory /workdir/hadoop-ozone/integration-test/target/test-dir/MiniOzoneClusterImpl-1d68e719-5c56-406e-81cd-0d9da4b1ed63/datanode-1/data/ratis/1fa87edd-0885-413b-8a13-a3e479fc394d has been successfully formatted.
2019-09-16 17:31:58,445 [pool-77-thread-1] INFO  storage.RaftStorage (RaftStorage.java:format(72)) - Storage directory /workdir/hadoop-ozone/integration-test/target/test-dir/MiniOzoneClusterImpl-1d68e719-5c56-406e-81cd-0d9da4b1ed63/datanode-5/data/ratis/1fa87edd-0885-413b-8a13-a3e479fc394d has been successfully formatted.
2019-09-16 17:31:58,445 [pool-47-thread-1] INFO  storage.RaftStorage (RaftStorage.java:format(72)) - Storage directory /workdir/hadoop-ozone/integration-test/target/test-dir/MiniOzoneClusterImpl-1d68e719-5c56-406e-81cd-0d9da4b1ed63/datanode-2/data/ratis/1fa87edd-0885-413b-8a13-a3e479fc394d has been successfully formatted.
2019-09-16 17:31:58,446 [pool-77-thread-1] INFO  ratis.ContainerStateMachine (ContainerStateMachine.java:loadSnapshot(230)) - group-A3E479FC394D: The snapshot info is null. Setting the last applied indexto:(t:0, i:~)
2019-09-16 17:31:58,445 [pool-37-thread-1] INFO  ratis.ContainerStateMachine (ContainerStateMachine.java:loadSnapshot(230)) - group-A3E479FC394D: The snapshot info is null. Setting the last applied indexto:(t:0, i:~)
2019-09-16 17:31:58,446 [pool-77-thread-1] INFO  server.RaftServerConfigKeys (ConfUtils.java:logGet(43)) - raft.server.notification.no-leader.timeout = 120s (custom)
2019-09-16 17:31:58,446 [pool-47-thread-1] INFO  ratis.ContainerStateMachine (ContainerStateMachine.java:loadSnapshot(230)) - group-A3E479FC394D: The snapshot info is null. Setting the last applied indexto:(t:0, i:~)
2019-09-16 17:31:58,446 [pool-77-thread-1] INFO  server.RaftServerConfigKeys (ConfUtils.java:logGet(43)) - raft.server.log.use.memory = false (default)
2019-09-16 17:31:58,446 [pool-37-thread-1] INFO  server.RaftServerConfigKeys (ConfUtils.java:logGet(43)) - raft.server.notification.no-leader.timeout = 120s (custom)
2019-09-16 17:31:58,446 [pool-47-thread-1] INFO  server.RaftServerConfigKeys (ConfUtils.java:logGet(43)) - raft.server.notification.no-leader.timeout = 120s (custom)
2019-09-16 17:31:58,447 [pool-77-thread-1] INFO  server.RaftServerConfigKeys (ConfUtils.java:logGet(43)) - raft.server.log.purge.gap = 1000000 (custom)
2019-09-16 17:31:58,447 [pool-37-thread-1] INFO  server.RaftServerConfigKeys (ConfUtils.java:logGet(43)) - raft.server.log.use.memory = false (default)
2019-09-16 17:31:58,447 [pool-77-thread-1] INFO  server.RaftServerConfigKeys (ConfUtils.java:logGet(43)) - raft.server.log.appender.buffer.byte-limit = 33554432 (custom)
2019-09-16 17:31:58,447 [pool-47-thread-1] INFO  server.RaftServerConfigKeys (ConfUtils.java:logGet(43)) - raft.server.log.use.memory = false (default)
2019-09-16 17:31:58,447 [pool-77-thread-1] INFO  server.RaftServerConfigKeys (ConfUtils.java:logGet(43)) - raft.server.log.segment.size.max = 1048576 (custom)
2019-09-16 17:31:58,447 [pool-37-thread-1] INFO  server.RaftServerConfigKeys (ConfUtils.java:logGet(43)) - raft.server.log.purge.gap = 1000000 (custom)
2019-09-16 17:31:58,448 [pool-77-thread-1] INFO  server.RaftServerConfigKeys (ConfUtils.java:logGet(43)) - raft.server.log.segment.cache.num.max = 2 (custom)
2019-09-16 17:31:58,448 [pool-47-thread-1] INFO  server.RaftServerConfigKeys (ConfUtils.java:logGet(43)) - raft.server.log.purge.gap = 1000000 (custom)
2019-09-16 17:31:58,448 [pool-77-thread-1] INFO  segmented.SegmentedRaftLogWorker (SegmentedRaftLogWorker.java:<init>(172)) - new 2ad8b8a5-9b47-4134-85fe-629322b782ac@group-A3E479FC394D-SegmentedRaftLogWorker for RaftStorage:Storage Directory /workdir/hadoop-ozone/integration-test/target/test-dir/MiniOzoneClusterImpl-1d68e719-5c56-406e-81cd-0d9da4b1ed63/datanode-5/data/ratis/1fa87edd-0885-413b-8a13-a3e479fc394d
2019-09-16 17:31:58,448 [pool-37-thread-1] INFO  server.RaftServerConfigKeys (ConfUtils.java:logGet(43)) - raft.server.log.appender.buffer.byte-limit = 33554432 (custom)
2019-09-16 17:31:58,449 [pool-77-thread-1] INFO  server.RaftServerConfigKeys (ConfUtils.java:logGet(43)) - raft.server.log.queue.byte-limit = 2147483647 (custom)
2019-09-16 17:31:58,448 [pool-47-thread-1] INFO  server.RaftServerConfigKeys (ConfUtils.java:logGet(43)) - raft.server.log.appender.buffer.byte-limit = 33554432 (custom)
2019-09-16 17:31:58,449 [pool-77-thread-1] INFO  server.RaftServerConfigKeys (ConfUtils.java:logGet(43)) - raft.server.log.queue.element-limit = 1024 (custom)
2019-09-16 17:31:58,449 [pool-37-thread-1] INFO  server.RaftServerConfigKeys (ConfUtils.java:logGet(43)) - raft.server.log.segment.size.max = 1048576 (custom)
2019-09-16 17:31:58,449 [pool-77-thread-1] INFO  server.RaftServerConfigKeys (ConfUtils.java:logGet(43)) - raft.server.log.segment.size.max = 1048576 (custom)
2019-09-16 17:31:58,450 [pool-77-thread-1] INFO  server.RaftServerConfigKeys (ConfUtils.java:logGet(43)) - raft.server.log.preallocated.size = 16384 (custom)
2019-09-16 17:31:58,449 [pool-47-thread-1] INFO  server.RaftServerConfigKeys (ConfUtils.java:logGet(43)) - raft.server.log.segment.size.max = 1048576 (custom)
2019-09-16 17:31:58,450 [pool-77-thread-1] INFO  server.RaftServerConfigKeys (ConfUtils.java:logGet(43)) - raft.server.log.write.buffer.size = 33554432 (custom)
2019-09-16 17:31:58,449 [pool-37-thread-1] INFO  server.RaftServerConfigKeys (ConfUtils.java:logGet(43)) - raft.server.log.segment.cache.num.max = 2 (custom)
2019-09-16 17:31:58,450 [pool-77-thread-1] INFO  server.RaftServerConfigKeys (ConfUtils.java:logGet(43)) - raft.server.log.force.sync.num = 128 (default)
2019-09-16 17:31:58,450 [pool-47-thread-1] INFO  server.RaftServerConfigKeys (ConfUtils.java:logGet(43)) - raft.server.log.segment.cache.num.max = 2 (custom)
2019-09-16 17:31:58,450 [pool-77-thread-1] INFO  server.RaftServerConfigKeys (ConfUtils.java:logGet(43)) - raft.server.log.statemachine.data.sync = true (default)
2019-09-16 17:31:58,450 [pool-37-thread-1] INFO  segmented.SegmentedRaftLogWorker (SegmentedRaftLogWorker.java:<init>(172)) - new 04cc0e6b-c1eb-454c-b8ab-76b776566c09@group-A3E479FC394D-SegmentedRaftLogWorker for RaftStorage:Storage Directory /workdir/hadoop-ozone/integration-test/target/test-dir/MiniOzoneClusterImpl-1d68e719-5c56-406e-81cd-0d9da4b1ed63/datanode-1/data/ratis/1fa87edd-0885-413b-8a13-a3e479fc394d
2019-09-16 17:31:58,451 [pool-77-thread-1] INFO  server.RaftServerConfigKeys (ConfUtils.java:logGet(43)) - raft.server.log.statemachine.data.sync.timeout = 10s (default)
2019-09-16 17:31:58,451 [pool-47-thread-1] INFO  segmented.SegmentedRaftLogWorker (SegmentedRaftLogWorker.java:<init>(172)) - new 973364aa-0999-42fb-b1e3-8ec50fd7232a@group-A3E479FC394D-SegmentedRaftLogWorker for RaftStorage:Storage Directory /workdir/hadoop-ozone/integration-test/target/test-dir/MiniOzoneClusterImpl-1d68e719-5c56-406e-81cd-0d9da4b1ed63/datanode-2/data/ratis/1fa87edd-0885-413b-8a13-a3e479fc394d
2019-09-16 17:31:58,451 [pool-77-thread-1] INFO  server.RaftServerConfigKeys (ConfUtils.java:logGet(43)) - raft.server.log.statemachine.data.sync.timeout.retry = -1 (default)
2019-09-16 17:31:58,451 [pool-37-thread-1] INFO  server.RaftServerConfigKeys (ConfUtils.java:logGet(43)) - raft.server.log.queue.byte-limit = 2147483647 (custom)
2019-09-16 17:31:58,451 [pool-77-thread-1] INFO  server.RaftServerConfigKeys (ConfUtils.java:logGet(43)) - raft.server.log.statemachine.data.caching.enabled = true (custom)
2019-09-16 17:31:58,451 [pool-47-thread-1] INFO  server.RaftServerConfigKeys (ConfUtils.java:logGet(43)) - raft.server.log.queue.byte-limit = 2147483647 (custom)
2019-09-16 17:31:58,451 [pool-37-thread-1] INFO  server.RaftServerConfigKeys (ConfUtils.java:logGet(43)) - raft.server.log.queue.element-limit = 1024 (custom)
2019-09-16 17:31:58,452 [pool-77-thread-1] INFO  segmented.SegmentedRaftLogWorker (SegmentedRaftLogWorker.java:lambda$new$0(132)) - 2ad8b8a5-9b47-4134-85fe-629322b782ac@group-A3E479FC394D-SegmentedRaftLogWorker: flushIndex: setUnconditionally 0 -> -1
2019-09-16 17:31:58,452 [pool-47-thread-1] INFO  server.RaftServerConfigKeys (ConfUtils.java:logGet(43)) - raft.server.log.queue.element-limit = 1024 (custom)
2019-09-16 17:31:58,452 [pool-37-thread-1] INFO  server.RaftServerConfigKeys (ConfUtils.java:logGet(43)) - raft.server.log.segment.size.max = 1048576 (custom)
2019-09-16 17:31:58,452 [pool-77-thread-1] INFO  server.RaftServerConfigKeys (ConfUtils.java:logGet(43)) - raft.server.snapshot.auto.trigger.enabled = true (custom)
2019-09-16 17:31:58,452 [pool-47-thread-1] INFO  server.RaftServerConfigKeys (ConfUtils.java:logGet(43)) - raft.server.log.segment.size.max = 1048576 (custom)
2019-09-16 17:31:58,453 [pool-77-thread-1] INFO  server.RaftServerConfigKeys (ConfUtils.java:logGet(43)) - raft.server.snapshot.auto.trigger.threshold = 10000 (custom)
2019-09-16 17:31:58,453 [pool-77-thread-1] INFO  server.RaftServerConfigKeys (ConfUtils.java:logGet(43)) - raft.server.snapshot.retention.num.files = -1 (default)
2019-09-16 17:31:58,452 [pool-37-thread-1] INFO  server.RaftServerConfigKeys (ConfUtils.java:logGet(43)) - raft.server.log.preallocated.size = 16384 (custom)
2019-09-16 17:31:58,453 [pool-77-thread-1] INFO  server.RaftServerConfigKeys (ConfUtils.java:logGet(43)) - raft.server.retrycache.expirytime = 600000ms (custom)
2019-09-16 17:31:58,453 [pool-47-thread-1] INFO  server.RaftServerConfigKeys (ConfUtils.java:logGet(43)) - raft.server.log.preallocated.size = 16384 (custom)
2019-09-16 17:31:58,453 [pool-37-thread-1] INFO  server.RaftServerConfigKeys (ConfUtils.java:logGet(43)) - raft.server.log.write.buffer.size = 33554432 (custom)
2019-09-16 17:31:58,453 [pool-47-thread-1] INFO  server.RaftServerConfigKeys (ConfUtils.java:logGet(43)) - raft.server.log.write.buffer.size = 33554432 (custom)
2019-09-16 17:31:58,454 [pool-37-thread-1] INFO  server.RaftServerConfigKeys (ConfUtils.java:logGet(43)) - raft.server.log.force.sync.num = 128 (default)
2019-09-16 17:31:58,454 [pool-47-thread-1] INFO  server.RaftServerConfigKeys (ConfUtils.java:logGet(43)) - raft.server.log.force.sync.num = 128 (default)
2019-09-16 17:31:58,454 [pool-37-thread-1] INFO  server.RaftServerConfigKeys (ConfUtils.java:logGet(43)) - raft.server.log.statemachine.data.sync = true (default)
2019-09-16 17:31:58,454 [pool-47-thread-1] INFO  server.RaftServerConfigKeys (ConfUtils.java:logGet(43)) - raft.server.log.statemachine.data.sync = true (default)
2019-09-16 17:31:58,454 [pool-37-thread-1] INFO  server.RaftServerConfigKeys (ConfUtils.java:logGet(43)) - raft.server.log.statemachine.data.sync.timeout = 10s (default)
2019-09-16 17:31:58,454 [pool-47-thread-1] INFO  server.RaftServerConfigKeys (ConfUtils.java:logGet(43)) - raft.server.log.statemachine.data.sync.timeout = 10s (default)
2019-09-16 17:31:58,454 [pool-37-thread-1] INFO  server.RaftServerConfigKeys (ConfUtils.java:logGet(43)) - raft.server.log.statemachine.data.sync.timeout.retry = -1 (default)
2019-09-16 17:31:58,455 [pool-47-thread-1] INFO  server.RaftServerConfigKeys (ConfUtils.java:logGet(43)) - raft.server.log.statemachine.data.sync.timeout.retry = -1 (default)
2019-09-16 17:31:58,455 [pool-37-thread-1] INFO  server.RaftServerConfigKeys (ConfUtils.java:logGet(43)) - raft.server.log.statemachine.data.caching.enabled = true (custom)
2019-09-16 17:31:58,455 [pool-47-thread-1] INFO  server.RaftServerConfigKeys (ConfUtils.java:logGet(43)) - raft.server.log.statemachine.data.caching.enabled = true (custom)
2019-09-16 17:31:58,455 [pool-37-thread-1] INFO  segmented.SegmentedRaftLogWorker (SegmentedRaftLogWorker.java:lambda$new$0(132)) - 04cc0e6b-c1eb-454c-b8ab-76b776566c09@group-A3E479FC394D-SegmentedRaftLogWorker: flushIndex: setUnconditionally 0 -> -1
2019-09-16 17:31:58,455 [pool-47-thread-1] INFO  segmented.SegmentedRaftLogWorker (SegmentedRaftLogWorker.java:lambda$new$0(132)) - 973364aa-0999-42fb-b1e3-8ec50fd7232a@group-A3E479FC394D-SegmentedRaftLogWorker: flushIndex: setUnconditionally 0 -> -1
2019-09-16 17:31:58,456 [pool-37-thread-1] INFO  server.RaftServerConfigKeys (ConfUtils.java:logGet(43)) - raft.server.snapshot.auto.trigger.enabled = true (custom)
2019-09-16 17:31:58,456 [pool-37-thread-1] INFO  server.RaftServerConfigKeys (ConfUtils.java:logGet(43)) - raft.server.snapshot.auto.trigger.threshold = 10000 (custom)
2019-09-16 17:31:58,456 [pool-47-thread-1] INFO  server.RaftServerConfigKeys (ConfUtils.java:logGet(43)) - raft.server.snapshot.auto.trigger.enabled = true (custom)
2019-09-16 17:31:58,456 [pool-37-thread-1] INFO  server.RaftServerConfigKeys (ConfUtils.java:logGet(43)) - raft.server.snapshot.retention.num.files = -1 (default)
2019-09-16 17:31:58,456 [pool-47-thread-1] INFO  server.RaftServerConfigKeys (ConfUtils.java:logGet(43)) - raft.server.snapshot.auto.trigger.threshold = 10000 (custom)
2019-09-16 17:31:58,456 [pool-37-thread-1] INFO  server.RaftServerConfigKeys (ConfUtils.java:logGet(43)) - raft.server.retrycache.expirytime = 600000ms (custom)
2019-09-16 17:31:58,456 [pool-47-thread-1] INFO  server.RaftServerConfigKeys (ConfUtils.java:logGet(43)) - raft.server.snapshot.retention.num.files = -1 (default)
2019-09-16 17:31:58,457 [pool-47-thread-1] INFO  server.RaftServerConfigKeys (ConfUtils.java:logGet(43)) - raft.server.retrycache.expirytime = 600000ms (custom)
2019-09-16 17:31:58,457 [pool-77-thread-1] INFO  impl.RaftServerImpl (RaftServerImpl.java:start(185)) - 2ad8b8a5-9b47-4134-85fe-629322b782ac@group-A3E479FC394D: start as a follower, conf=-1: [04cc0e6b-c1eb-454c-b8ab-76b776566c09:192.168.151.75:34634, 973364aa-0999-42fb-b1e3-8ec50fd7232a:192.168.151.75:35497, 2ad8b8a5-9b47-4134-85fe-629322b782ac:192.168.151.75:33323], old=null
2019-09-16 17:31:58,457 [pool-77-thread-1] INFO  impl.RaftServerImpl (RaftServerImpl.java:setRole(174)) - 2ad8b8a5-9b47-4134-85fe-629322b782ac@group-A3E479FC394D: changes role from      null to FOLLOWER at term 0 for startAsFollower
2019-09-16 17:31:58,457 [pool-77-thread-1] INFO  impl.RoleInfo (RoleInfo.java:updateAndGet(143)) - 2ad8b8a5-9b47-4134-85fe-629322b782ac: start FollowerState
2019-09-16 17:31:58,475 [pool-77-thread-1] INFO  util.JmxRegister (JmxRegister.java:tryRegister(44)) - Successfully registered JMX Bean with object name Ratis:service=RaftServer,group=group-A3E479FC394D,id=2ad8b8a5-9b47-4134-85fe-629322b782ac
2019-09-16 17:31:58,485 [pool-37-thread-1] INFO  impl.RaftServerImpl (RaftServerImpl.java:start(185)) - 04cc0e6b-c1eb-454c-b8ab-76b776566c09@group-A3E479FC394D: start as a follower, conf=-1: [04cc0e6b-c1eb-454c-b8ab-76b776566c09:192.168.151.75:34634, 973364aa-0999-42fb-b1e3-8ec50fd7232a:192.168.151.75:35497, 2ad8b8a5-9b47-4134-85fe-629322b782ac:192.168.151.75:33323], old=null
2019-09-16 17:31:58,485 [pool-37-thread-1] INFO  impl.RaftServerImpl (RaftServerImpl.java:setRole(174)) - 04cc0e6b-c1eb-454c-b8ab-76b776566c09@group-A3E479FC394D: changes role from      null to FOLLOWER at term 0 for startAsFollower
2019-09-16 17:31:58,485 [pool-47-thread-1] INFO  impl.RaftServerImpl (RaftServerImpl.java:start(185)) - 973364aa-0999-42fb-b1e3-8ec50fd7232a@group-A3E479FC394D: start as a follower, conf=-1: [04cc0e6b-c1eb-454c-b8ab-76b776566c09:192.168.151.75:34634, 973364aa-0999-42fb-b1e3-8ec50fd7232a:192.168.151.75:35497, 2ad8b8a5-9b47-4134-85fe-629322b782ac:192.168.151.75:33323], old=null
2019-09-16 17:31:58,485 [pool-37-thread-1] INFO  impl.RoleInfo (RoleInfo.java:updateAndGet(143)) - 04cc0e6b-c1eb-454c-b8ab-76b776566c09: start FollowerState
2019-09-16 17:31:58,485 [pool-47-thread-1] INFO  impl.RaftServerImpl (RaftServerImpl.java:setRole(174)) - 973364aa-0999-42fb-b1e3-8ec50fd7232a@group-A3E479FC394D: changes role from      null to FOLLOWER at term 0 for startAsFollower
2019-09-16 17:31:58,485 [pool-47-thread-1] INFO  impl.RoleInfo (RoleInfo.java:updateAndGet(143)) - 973364aa-0999-42fb-b1e3-8ec50fd7232a: start FollowerState
2019-09-16 17:31:58,485 [pool-37-thread-1] INFO  util.JmxRegister (JmxRegister.java:tryRegister(44)) - Successfully registered JMX Bean with object name Ratis:service=RaftServer,group=group-A3E479FC394D,id=04cc0e6b-c1eb-454c-b8ab-76b776566c09
2019-09-16 17:31:58,486 [pool-47-thread-1] INFO  util.JmxRegister (JmxRegister.java:tryRegister(44)) - Successfully registered JMX Bean with object name Ratis:service=RaftServer,group=group-A3E479FC394D,id=973364aa-0999-42fb-b1e3-8ec50fd7232a
2019-09-16 17:31:58,488 [RatisPipelineUtilsThread] INFO  pipeline.PipelineStateManager (PipelineStateManager.java:addPipeline(56)) - Created pipeline Pipeline[ Id: 1fa87edd-0885-413b-8a13-a3e479fc394d, Nodes: 973364aa-0999-42fb-b1e3-8ec50fd7232a{ip: 192.168.151.75, host: pr-hdds-2114-2x2fm-437316914, networkLocation: /default-rack, certSerialId: null}04cc0e6b-c1eb-454c-b8ab-76b776566c09{ip: 192.168.151.75, host: pr-hdds-2114-2x2fm-437316914, networkLocation: /default-rack, certSerialId: null}2ad8b8a5-9b47-4134-85fe-629322b782ac{ip: 192.168.151.75, host: pr-hdds-2114-2x2fm-437316914, networkLocation: /default-rack, certSerialId: null}, Type:RATIS, Factor:THREE, State:OPEN]
2019-09-16 17:31:58,788 [main] WARN  io.KeyOutputStream (KeyOutputStream.java:handleException(276)) - Encountered exception java.io.IOException: Unexpected Storage Container Exception: java.util.concurrent.CompletionException: java.util.concurrent.CompletionException: org.apache.ratis.protocol.GroupMismatchException: 973364aa-0999-42fb-b1e3-8ec50fd7232a: group-A8369B54D72C not found. on the pipeline Pipeline[ Id: a4b81580-24b6-48aa-876e-a8369b54d72c, Nodes: 973364aa-0999-42fb-b1e3-8ec50fd7232a{ip: 192.168.151.75, host: pr-hdds-2114-2x2fm-437316914, networkLocation: /default-rack, certSerialId: null}04cc0e6b-c1eb-454c-b8ab-76b776566c09{ip: 192.168.151.75, host: pr-hdds-2114-2x2fm-437316914, networkLocation: /default-rack, certSerialId: null}2ad8b8a5-9b47-4134-85fe-629322b782ac{ip: 192.168.151.75, host: pr-hdds-2114-2x2fm-437316914, networkLocation: /default-rack, certSerialId: null}, Type:RATIS, Factor:THREE, State:OPEN]. The last committed block length is 0, uncommitted data length is 400 retry count 0
2019-09-16 17:31:58,974 [grpc-default-executor-8] INFO  client.GrpcClientProtocolClient (GrpcClientProtocolClient.java:onNext(264)) - client-6B04D2DF4224->a5d3a44e-87a4-4ffe-bd57-d4dea2700ae7: receive RaftClientReply:client-6B04D2DF4224->a5d3a44e-87a4-4ffe-bd57-d4dea2700ae7@group-E3054EB6B45A, cid=244, SUCCESS, logIndex=13, commits[a5d3a44e-87a4-4ffe-bd57-d4dea2700ae7:c13, 2565157f-9642-4f7c-bd15-58f431c5cf0a:c12, 08c3c9a3-c92b-48ae-803a-081cb99550ef:c12]
2019-09-16 17:31:59,005 [grpc-default-executor-9] INFO  client.GrpcClientProtocolClient (GrpcClientProtocolClient.java:onNext(264)) - client-6B04D2DF4224->a5d3a44e-87a4-4ffe-bd57-d4dea2700ae7: receive RaftClientReply:client-6B04D2DF4224->a5d3a44e-87a4-4ffe-bd57-d4dea2700ae7@group-E3054EB6B45A, cid=245, SUCCESS, logIndex=15, commits[a5d3a44e-87a4-4ffe-bd57-d4dea2700ae7:c16, 2565157f-9642-4f7c-bd15-58f431c5cf0a:c14, 08c3c9a3-c92b-48ae-803a-081cb99550ef:c14]
2019-09-16 17:31:59,060 [grpc-default-executor-9] INFO  client.GrpcClientProtocolClient (GrpcClientProtocolClient.java:onNext(264)) - client-6B04D2DF4224->a5d3a44e-87a4-4ffe-bd57-d4dea2700ae7: receive RaftClientReply:client-6B04D2DF4224->a5d3a44e-87a4-4ffe-bd57-d4dea2700ae7@group-E3054EB6B45A, cid=246, SUCCESS, logIndex=16, commits[a5d3a44e-87a4-4ffe-bd57-d4dea2700ae7:c23, 2565157f-9642-4f7c-bd15-58f431c5cf0a:c19, 08c3c9a3-c92b-48ae-803a-081cb99550ef:c19]
2019-09-16 17:31:59,062 [grpc-default-executor-9] INFO  client.GrpcClientProtocolClient (GrpcClientProtocolClient.java:onNext(264)) - client-6B04D2DF4224->a5d3a44e-87a4-4ffe-bd57-d4dea2700ae7: receive RaftClientReply:client-6B04D2DF4224->a5d3a44e-87a4-4ffe-bd57-d4dea2700ae7@group-E3054EB6B45A, cid=247, SUCCESS, logIndex=17, commits[a5d3a44e-87a4-4ffe-bd57-d4dea2700ae7:c23, 2565157f-9642-4f7c-bd15-58f431c5cf0a:c19, 08c3c9a3-c92b-48ae-803a-081cb99550ef:c19]
2019-09-16 17:31:59,063 [grpc-default-executor-9] INFO  client.GrpcClientProtocolClient (GrpcClientProtocolClient.java:onNext(264)) - client-6B04D2DF4224->a5d3a44e-87a4-4ffe-bd57-d4dea2700ae7: receive RaftClientReply:client-6B04D2DF4224->a5d3a44e-87a4-4ffe-bd57-d4dea2700ae7@group-E3054EB6B45A, cid=248, SUCCESS, logIndex=18, commits[a5d3a44e-87a4-4ffe-bd57-d4dea2700ae7:c23, 2565157f-9642-4f7c-bd15-58f431c5cf0a:c19, 08c3c9a3-c92b-48ae-803a-081cb99550ef:c19]
2019-09-16 17:31:59,171 [grpc-default-executor-9] INFO  client.GrpcClientProtocolClient (GrpcClientProtocolClient.java:onNext(264)) - client-6B04D2DF4224->a5d3a44e-87a4-4ffe-bd57-d4dea2700ae7: receive RaftClientReply:client-6B04D2DF4224->a5d3a44e-87a4-4ffe-bd57-d4dea2700ae7@group-E3054EB6B45A, cid=249, SUCCESS, logIndex=19, commits[a5d3a44e-87a4-4ffe-bd57-d4dea2700ae7:c23, 2565157f-9642-4f7c-bd15-58f431c5cf0a:c19, 08c3c9a3-c92b-48ae-803a-081cb99550ef:c19]
]]></system-out>
  </testcase>
</testsuite>