<?xml version="1.0" encoding="UTF-8"?>
<testsuite xmlns:xsi="http://www.w3.org/2001/XMLSchema-instance" xsi:noNamespaceSchemaLocation="https://maven.apache.org/surefire/maven-surefire-plugin/xsd/surefire-test-report.xsd" name="org.apache.hadoop.ozone.client.rpc.TestContainerReplicationEndToEnd" time="31.611" tests="1" errors="1" skipped="0" failures="0">
  <properties>
    <property name="awt.toolkit" value="sun.awt.X11.XToolkit"/>
    <property name="file.encoding.pkg" value="sun.io"/>
    <property name="java.specification.version" value="1.8"/>
    <property name="sun.cpu.isalist" value=""/>
    <property name="sun.jnu.encoding" value="UTF-8"/>
    <property name="java.class.path" value="/workdir/hadoop-ozone/integration-test/target/test-classes:/workdir/hadoop-ozone/integration-test/target/classes:/home/user/.m2/repository/org/apache/hadoop/hadoop-ozone-common/0.5.0-SNAPSHOT/hadoop-ozone-common-0.5.0-SNAPSHOT.jar:/home/user/.m2/repository/org/apache/commons/commons-compress/1.4.1/commons-compress-1.4.1.jar:/home/user/.m2/repository/org/tukaani/xz/1.0/xz-1.0.jar:/home/user/.m2/repository/org/apache/hadoop/hadoop-common/3.2.0/hadoop-common-3.2.0.jar:/home/user/.m2/repository/org/apache/hadoop/hadoop-hdfs/3.2.0/hadoop-hdfs-3.2.0.jar:/home/user/.m2/repository/org/apache/hadoop/hadoop-hdfs-client/3.2.0/hadoop-hdfs-client-3.2.0.jar:/home/user/.m2/repository/com/fasterxml/jackson/core/jackson-annotations/2.9.5/jackson-annotations-2.9.5.jar:/home/user/.m2/repository/org/apache/hadoop/hadoop-hdds-common/0.5.0-SNAPSHOT/hadoop-hdds-common-0.5.0-SNAPSHOT.jar:/home/user/.m2/repository/javax/annotation/javax.annotation-api/1.2/javax.annotation-api-1.2.jar:/home/user/.m2/repository/org/apache/ratis/ratis-server/0.4.0-78e95b9-SNAPSHOT/ratis-server-0.4.0-78e95b9-SNAPSHOT.jar:/home/user/.m2/repository/org/apache/ratis/ratis-thirdparty-misc/0.2.0/ratis-thirdparty-misc-0.2.0.jar:/home/user/.m2/repository/org/apache/ratis/ratis-proto/0.4.0-78e95b9-SNAPSHOT/ratis-proto-0.4.0-78e95b9-SNAPSHOT.jar:/home/user/.m2/repository/org/apache/ratis/ratis-common/0.4.0-78e95b9-SNAPSHOT/ratis-common-0.4.0-78e95b9-SNAPSHOT.jar:/home/user/.m2/repository/org/apache/ratis/ratis-client/0.4.0-78e95b9-SNAPSHOT/ratis-client-0.4.0-78e95b9-SNAPSHOT.jar:/home/user/.m2/repository/org/apache/ratis/ratis-metrics/0.4.0-78e95b9-SNAPSHOT/ratis-metrics-0.4.0-78e95b9-SNAPSHOT.jar:/home/user/.m2/repository/com/github/joshelser/dropwizard-metrics-hadoop-metrics2-reporter/0.1.2/dropwizard-metrics-hadoop-metrics2-reporter-0.1.2.jar:/home/user/.m2/repository/io/dropwizard/metrics/metrics-jvm/3.2.5/metrics-jvm-3.2.5.jar:/home/user/.m2/repository/io/dropwizard/metrics/metrics-ganglia/3.2.5/metrics-ganglia-3.2.5.jar:/home/user/.m2/repository/info/ganglia/gmetric4j/gmetric4j/1.0.7/gmetric4j-1.0.7.jar:/home/user/.m2/repository/org/apache/ratis/ratis-netty/0.4.0-78e95b9-SNAPSHOT/ratis-netty-0.4.0-78e95b9-SNAPSHOT.jar:/home/user/.m2/repository/org/apache/ratis/ratis-grpc/0.4.0-78e95b9-SNAPSHOT/ratis-grpc-0.4.0-78e95b9-SNAPSHOT.jar:/home/user/.m2/repository/org/rocksdb/rocksdbjni/6.0.1/rocksdbjni-6.0.1.jar:/home/user/.m2/repository/org/apache/logging/log4j/log4j-api/2.11.0/log4j-api-2.11.0.jar:/home/user/.m2/repository/org/apache/logging/log4j/log4j-core/2.11.0/log4j-core-2.11.0.jar:/home/user/.m2/repository/com/lmax/disruptor/3.4.2/disruptor-3.4.2.jar:/home/user/.m2/repository/org/apache/commons/commons-pool2/2.6.0/commons-pool2-2.6.0.jar:/home/user/.m2/repository/org/bouncycastle/bcpkix-jdk15on/1.60/bcpkix-jdk15on-1.60.jar:/home/user/.m2/repository/commons-validator/commons-validator/1.6/commons-validator-1.6.jar:/home/user/.m2/repository/commons-digester/commons-digester/1.8.1/commons-digester-1.8.1.jar:/home/user/.m2/repository/io/jaegertracing/jaeger-client/0.33.1/jaeger-client-0.33.1.jar:/home/user/.m2/repository/io/jaegertracing/jaeger-thrift/0.33.1/jaeger-thrift-0.33.1.jar:/home/user/.m2/repository/org/apache/thrift/libthrift/0.11.0/libthrift-0.11.0.jar:/home/user/.m2/repository/com/squareup/okhttp3/okhttp/3.9.0/okhttp-3.9.0.jar:/home/user/.m2/repository/com/squareup/okio/okio/1.13.0/okio-1.13.0.jar:/home/user/.m2/repository/io/jaegertracing/jaeger-core/0.33.1/jaeger-core-0.33.1.jar:/home/user/.m2/repository/io/jaegertracing/jaeger-tracerresolver/0.33.1/jaeger-tracerresolver-0.33.1.jar:/home/user/.m2/repository/io/opentracing/contrib/opentracing-tracerresolver/0.1.5/opentracing-tracerresolver-0.1.5.jar:/home/user/.m2/repository/io/opentracing/opentracing-util/0.31.0/opentracing-util-0.31.0.jar:/home/user/.m2/repository/io/opentracing/opentracing-api/0.31.0/opentracing-api-0.31.0.jar:/home/user/.m2/repository/io/opentracing/opentracing-noop/0.31.0/opentracing-noop-0.31.0.jar:/home/user/.m2/repository/org/apache/hadoop/hadoop-hdds-server-framework/0.5.0-SNAPSHOT/hadoop-hdds-server-framework-0.5.0-SNAPSHOT.jar:/home/user/.m2/repository/org/apache/hadoop/hadoop-hdds-container-service/0.5.0-SNAPSHOT/hadoop-hdds-container-service-0.5.0-SNAPSHOT.jar:/home/user/.m2/repository/org/apache/hadoop/hadoop-hdds-client/0.5.0-SNAPSHOT/hadoop-hdds-client-0.5.0-SNAPSHOT.jar:/home/user/.m2/repository/org/apache/hadoop/hadoop-hdds-tools/0.5.0-SNAPSHOT/hadoop-hdds-tools-0.5.0-SNAPSHOT.jar:/home/user/.m2/repository/org/apache/hadoop/hadoop-hdds-server-scm/0.5.0-SNAPSHOT/hadoop-hdds-server-scm-0.5.0-SNAPSHOT.jar:/home/user/.m2/repository/org/apache/hadoop/hadoop-hdds-docs/0.5.0-SNAPSHOT/hadoop-hdds-docs-0.5.0-SNAPSHOT.jar:/home/user/.m2/repository/io/dropwizard/metrics/metrics-core/3.2.4/metrics-core-3.2.4.jar:/home/user/.m2/repository/org/hamcrest/hamcrest-all/1.3/hamcrest-all-1.3.jar:/home/user/.m2/repository/org/bouncycastle/bcprov-jdk15on/1.60/bcprov-jdk15on-1.60.jar:/home/user/.m2/repository/info/picocli/picocli/3.9.6/picocli-3.9.6.jar:/home/user/.m2/repository/com/google/protobuf/protobuf-java/2.5.0/protobuf-java-2.5.0.jar:/home/user/.m2/repository/com/google/guava/guava/11.0.2/guava-11.0.2.jar:/home/user/.m2/repository/org/apache/hadoop/hadoop-ozone-ozone-manager/0.5.0-SNAPSHOT/hadoop-ozone-ozone-manager-0.5.0-SNAPSHOT.jar:/home/user/.m2/repository/org/apache/hadoop/hadoop-minikdc/3.2.0/hadoop-minikdc-3.2.0.jar:/home/user/.m2/repository/commons-io/commons-io/2.5/commons-io-2.5.jar:/home/user/.m2/repository/org/apache/kerby/kerb-simplekdc/1.0.1/kerb-simplekdc-1.0.1.jar:/home/user/.m2/repository/org/apache/kerby/kerb-client/1.0.1/kerb-client-1.0.1.jar:/home/user/.m2/repository/org/apache/kerby/kerby-config/1.0.1/kerby-config-1.0.1.jar:/home/user/.m2/repository/org/apache/kerby/kerb-core/1.0.1/kerb-core-1.0.1.jar:/home/user/.m2/repository/org/apache/kerby/kerby-pkix/1.0.1/kerby-pkix-1.0.1.jar:/home/user/.m2/repository/org/apache/kerby/kerby-asn1/1.0.1/kerby-asn1-1.0.1.jar:/home/user/.m2/repository/org/apache/kerby/kerby-util/1.0.1/kerby-util-1.0.1.jar:/home/user/.m2/repository/org/apache/kerby/kerb-common/1.0.1/kerb-common-1.0.1.jar:/home/user/.m2/repository/org/apache/kerby/kerb-crypto/1.0.1/kerb-crypto-1.0.1.jar:/home/user/.m2/repository/org/apache/kerby/kerb-util/1.0.1/kerb-util-1.0.1.jar:/home/user/.m2/repository/org/apache/kerby/token-provider/1.0.1/token-provider-1.0.1.jar:/home/user/.m2/repository/org/apache/kerby/kerb-admin/1.0.1/kerb-admin-1.0.1.jar:/home/user/.m2/repository/org/apache/kerby/kerb-server/1.0.1/kerb-server-1.0.1.jar:/home/user/.m2/repository/org/apache/kerby/kerb-identity/1.0.1/kerb-identity-1.0.1.jar:/home/user/.m2/repository/org/apache/kerby/kerby-xdr/1.0.1/kerby-xdr-1.0.1.jar:/home/user/.m2/repository/org/slf4j/slf4j-log4j12/1.7.25/slf4j-log4j12-1.7.25.jar:/home/user/.m2/repository/org/apache/hadoop/hadoop-ozone-s3gateway/0.5.0-SNAPSHOT/hadoop-ozone-s3gateway-0.5.0-SNAPSHOT.jar:/home/user/.m2/repository/org/jboss/weld/servlet/weld-servlet/2.4.7.Final/weld-servlet-2.4.7.Final.jar:/home/user/.m2/repository/org/glassfish/jersey/containers/jersey-container-servlet-core/2.27/jersey-container-servlet-core-2.27.jar:/home/user/.m2/repository/org/glassfish/hk2/external/javax.inject/2.5.0-b42/javax.inject-2.5.0-b42.jar:/home/user/.m2/repository/org/glassfish/jersey/core/jersey-common/2.27/jersey-common-2.27.jar:/home/user/.m2/repository/org/glassfish/hk2/osgi-resource-locator/1.0.1/osgi-resource-locator-1.0.1.jar:/home/user/.m2/repository/javax/ws/rs/javax.ws.rs-api/2.1/javax.ws.rs-api-2.1.jar:/home/user/.m2/repository/org/glassfish/jersey/ext/cdi/jersey-cdi1x/2.27/jersey-cdi1x-2.27.jar:/home/user/.m2/repository/org/glassfish/jersey/inject/jersey-hk2/2.27/jersey-hk2-2.27.jar:/home/user/.m2/repository/org/glassfish/hk2/hk2-locator/2.5.0-b42/hk2-locator-2.5.0-b42.jar:/home/user/.m2/repository/org/javassist/javassist/3.22.0-CR2/javassist-3.22.0-CR2.jar:/home/user/.m2/repository/org/glassfish/hk2/hk2-api/2.5.0/hk2-api-2.5.0.jar:/home/user/.m2/repository/org/glassfish/hk2/external/jakarta.inject/2.5.0/jakarta.inject-2.5.0.jar:/home/user/.m2/repository/org/glassfish/hk2/hk2-utils/2.5.0/hk2-utils-2.5.0.jar:/home/user/.m2/repository/jakarta/annotation/jakarta.annotation-api/1.3.4/jakarta.annotation-api-1.3.4.jar:/home/user/.m2/repository/org/glassfish/hk2/external/aopalliance-repackaged/2.5.0/aopalliance-repackaged-2.5.0.jar:/home/user/.m2/repository/com/fasterxml/jackson/dataformat/jackson-dataformat-xml/2.9.0/jackson-dataformat-xml-2.9.0.jar:/home/user/.m2/repository/com/fasterxml/jackson/core/jackson-core/2.9.5/jackson-core-2.9.5.jar:/home/user/.m2/repository/com/fasterxml/jackson/module/jackson-module-jaxb-annotations/2.9.5/jackson-module-jaxb-annotations-2.9.5.jar:/home/user/.m2/repository/javax/enterprise/cdi-api/1.2/cdi-api-1.2.jar:/home/user/.m2/repository/javax/el/javax.el-api/3.0.0/javax.el-api-3.0.0.jar:/home/user/.m2/repository/javax/interceptor/javax.interceptor-api/1.2/javax.interceptor-api-1.2.jar:/home/user/.m2/repository/javax/inject/javax.inject/1/javax.inject-1.jar:/home/user/.m2/repository/com/sun/xml/bind/jaxb-impl/2.3.0.1/jaxb-impl-2.3.0.1.jar:/home/user/.m2/repository/com/sun/xml/bind/jaxb-core/2.3.0.1/jaxb-core-2.3.0.1.jar:/home/user/.m2/repository/javax/xml/bind/jaxb-api/2.3.0/jaxb-api-2.3.0.jar:/home/user/.m2/repository/javax/activation/activation/1.1.1/activation-1.1.1.jar:/home/user/.m2/repository/org/apache/hadoop/hadoop-ozone-csi/0.5.0-SNAPSHOT/hadoop-ozone-csi-0.5.0-SNAPSHOT.jar:/home/user/.m2/repository/com/google/protobuf/protobuf-java-util/3.5.1/protobuf-java-util-3.5.1.jar:/home/user/.m2/repository/org/apache/hadoop/hadoop-hdds-config/0.5.0-SNAPSHOT/hadoop-hdds-config-0.5.0-SNAPSHOT.jar:/home/user/.m2/repository/io/grpc/grpc-netty/1.17.1/grpc-netty-1.17.1.jar:/home/user/.m2/repository/io/grpc/grpc-core/1.17.1/grpc-core-1.17.1.jar:/home/user/.m2/repository/io/grpc/grpc-context/1.17.1/grpc-context-1.17.1.jar:/home/user/.m2/repository/com/google/errorprone/error_prone_annotations/2.2.0/error_prone_annotations-2.2.0.jar:/home/user/.m2/repository/org/codehaus/mojo/animal-sniffer-annotations/1.17/animal-sniffer-annotations-1.17.jar:/home/user/.m2/repository/io/opencensus/opencensus-api/0.17.0/opencensus-api-0.17.0.jar:/home/user/.m2/repository/io/opencensus/opencensus-contrib-grpc-metrics/0.17.0/opencensus-contrib-grpc-metrics-0.17.0.jar:/home/user/.m2/repository/io/netty/netty-codec-http2/4.1.30.Final/netty-codec-http2-4.1.30.Final.jar:/home/user/.m2/repository/io/netty/netty-codec-http/4.1.30.Final/netty-codec-http-4.1.30.Final.jar:/home/user/.m2/repository/io/netty/netty-codec/4.1.30.Final/netty-codec-4.1.30.Final.jar:/home/user/.m2/repository/io/netty/netty-handler/4.1.30.Final/netty-handler-4.1.30.Final.jar:/home/user/.m2/repository/io/netty/netty-handler-proxy/4.1.30.Final/netty-handler-proxy-4.1.30.Final.jar:/home/user/.m2/repository/io/netty/netty-codec-socks/4.1.30.Final/netty-codec-socks-4.1.30.Final.jar:/home/user/.m2/repository/io/netty/netty-transport-native-epoll/4.1.30.Final/netty-transport-native-epoll-4.1.30.Final.jar:/home/user/.m2/repository/io/netty/netty-common/4.1.30.Final/netty-common-4.1.30.Final.jar:/home/user/.m2/repository/io/netty/netty-buffer/4.1.30.Final/netty-buffer-4.1.30.Final.jar:/home/user/.m2/repository/io/netty/netty-transport/4.1.30.Final/netty-transport-4.1.30.Final.jar:/home/user/.m2/repository/io/netty/netty-resolver/4.1.30.Final/netty-resolver-4.1.30.Final.jar:/home/user/.m2/repository/io/netty/netty-transport-native-unix-common/4.1.30.Final/netty-transport-native-unix-common-4.1.30.Final.jar:/home/user/.m2/repository/io/grpc/grpc-protobuf/1.17.1/grpc-protobuf-1.17.1.jar:/home/user/.m2/repository/com/google/api/grpc/proto-google-common-protos/1.0.0/proto-google-common-protos-1.0.0.jar:/home/user/.m2/repository/io/grpc/grpc-protobuf-lite/1.17.1/grpc-protobuf-lite-1.17.1.jar:/home/user/.m2/repository/io/grpc/grpc-stub/1.17.1/grpc-stub-1.17.1.jar:/home/user/.m2/repository/org/apache/hadoop/hadoop-ozone-recon/0.5.0-SNAPSHOT/hadoop-ozone-recon-0.5.0-SNAPSHOT.jar:/home/user/.m2/repository/org/apache/hadoop/hadoop-ozone-reconcodegen/0.5.0-SNAPSHOT/hadoop-ozone-reconcodegen-0.5.0-SNAPSHOT.jar:/home/user/.m2/repository/com/google/inject/extensions/guice-multibindings/4.0/guice-multibindings-4.0.jar:/home/user/.m2/repository/com/google/inject/guice/4.0/guice-4.0.jar:/home/user/.m2/repository/aopalliance/aopalliance/1.0/aopalliance-1.0.jar:/home/user/.m2/repository/com/google/inject/extensions/guice-servlet/4.0/guice-servlet-4.0.jar:/home/user/.m2/repository/org/glassfish/jersey/containers/jersey-container-servlet/2.27/jersey-container-servlet-2.27.jar:/home/user/.m2/repository/org/glassfish/hk2/guice-bridge/2.5.0/guice-bridge-2.5.0.jar:/home/user/.m2/repository/org/glassfish/jersey/core/jersey-server/2.27/jersey-server-2.27.jar:/home/user/.m2/repository/org/glassfish/jersey/core/jersey-client/2.27/jersey-client-2.27.jar:/home/user/.m2/repository/org/glassfish/jersey/media/jersey-media-jaxb/2.27/jersey-media-jaxb-2.27.jar:/home/user/.m2/repository/javax/validation/validation-api/1.1.0.Final/validation-api-1.1.0.Final.jar:/home/user/.m2/repository/org/glassfish/jersey/media/jersey-media-json-jackson/2.27/jersey-media-json-jackson-2.27.jar:/home/user/.m2/repository/org/glassfish/jersey/ext/jersey-entity-filtering/2.27/jersey-entity-filtering-2.27.jar:/home/user/.m2/repository/com/google/inject/extensions/guice-assistedinject/4.0/guice-assistedinject-4.0.jar:/home/user/.m2/repository/org/jooq/jooq/3.11.10/jooq-3.11.10.jar:/home/user/.m2/repository/org/jooq/jooq-meta/3.11.10/jooq-meta-3.11.10.jar:/home/user/.m2/repository/org/jooq/jooq-codegen/3.11.10/jooq-codegen-3.11.10.jar:/home/user/.m2/repository/com/jolbox/bonecp/0.8.0.RELEASE/bonecp-0.8.0.RELEASE.jar:/home/user/.m2/repository/org/xerial/sqlite-jdbc/3.25.2/sqlite-jdbc-3.25.2.jar:/home/user/.m2/repository/org/springframework/spring-jdbc/5.1.3.RELEASE/spring-jdbc-5.1.3.RELEASE.jar:/home/user/.m2/repository/org/springframework/spring-beans/5.1.3.RELEASE/spring-beans-5.1.3.RELEASE.jar:/home/user/.m2/repository/org/springframework/spring-core/5.1.3.RELEASE/spring-core-5.1.3.RELEASE.jar:/home/user/.m2/repository/org/springframework/spring-jcl/5.1.3.RELEASE/spring-jcl-5.1.3.RELEASE.jar:/home/user/.m2/repository/org/springframework/spring-tx/5.1.3.RELEASE/spring-tx-5.1.3.RELEASE.jar:/home/user/.m2/repository/org/apache/hadoop/hadoop-ozone-client/0.5.0-SNAPSHOT/hadoop-ozone-client-0.5.0-SNAPSHOT.jar:/home/user/.m2/repository/commons-lang/commons-lang/2.6/commons-lang-2.6.jar:/home/user/.m2/repository/org/apache/hadoop/hadoop-ozone-ozone-manager/0.5.0-SNAPSHOT/hadoop-ozone-ozone-manager-0.5.0-SNAPSHOT-tests.jar:/home/user/.m2/repository/junit/junit/4.11/junit-4.11.jar:/home/user/.m2/repository/org/hamcrest/hamcrest-core/1.3/hamcrest-core-1.3.jar:/home/user/.m2/repository/org/openjdk/jmh/jmh-core/1.19/jmh-core-1.19.jar:/home/user/.m2/repository/net/sf/jopt-simple/jopt-simple/4.6/jopt-simple-4.6.jar:/home/user/.m2/repository/org/apache/commons/commons-math3/3.1.1/commons-math3-3.1.1.jar:/home/user/.m2/repository/org/openjdk/jmh/jmh-generator-annprocess/1.19/jmh-generator-annprocess-1.19.jar:/home/user/.m2/repository/org/mockito/mockito-all/1.8.5/mockito-all-1.8.5.jar:/home/user/.m2/repository/org/apache/hadoop/hadoop-kms/3.2.0/hadoop-kms-3.2.0.jar:/home/user/.m2/repository/org/apache/hadoop/hadoop-auth/3.2.0/hadoop-auth-3.2.0.jar:/home/user/.m2/repository/com/nimbusds/nimbus-jose-jwt/4.41.1/nimbus-jose-jwt-4.41.1.jar:/home/user/.m2/repository/com/github/stephenc/jcip/jcip-annotations/1.0-1/jcip-annotations-1.0-1.jar:/home/user/.m2/repository/net/minidev/json-smart/2.3/json-smart-2.3.jar:/home/user/.m2/repository/net/minidev/accessors-smart/1.2/accessors-smart-1.2.jar:/home/user/.m2/repository/org/ow2/asm/asm/5.0.4/asm-5.0.4.jar:/home/user/.m2/repository/org/apache/curator/curator-framework/2.12.0/curator-framework-2.12.0.jar:/home/user/.m2/repository/com/sun/jersey/jersey-core/1.19/jersey-core-1.19.jar:/home/user/.m2/repository/javax/ws/rs/jsr311-api/1.1.1/jsr311-api-1.1.1.jar:/home/user/.m2/repository/com/sun/jersey/jersey-server/1.19/jersey-server-1.19.jar:/home/user/.m2/repository/javax/servlet/javax.servlet-api/3.1.0/javax.servlet-api-3.1.0.jar:/home/user/.m2/repository/org/eclipse/jetty/jetty-server/9.3.24.v20180605/jetty-server-9.3.24.v20180605.jar:/home/user/.m2/repository/org/eclipse/jetty/jetty-http/9.3.24.v20180605/jetty-http-9.3.24.v20180605.jar:/home/user/.m2/repository/org/eclipse/jetty/jetty-io/9.3.24.v20180605/jetty-io-9.3.24.v20180605.jar:/home/user/.m2/repository/org/eclipse/jetty/jetty-webapp/9.3.24.v20180605/jetty-webapp-9.3.24.v20180605.jar:/home/user/.m2/repository/org/eclipse/jetty/jetty-xml/9.3.24.v20180605/jetty-xml-9.3.24.v20180605.jar:/home/user/.m2/repository/log4j/log4j/1.2.17/log4j-1.2.17.jar:/home/user/.m2/repository/org/slf4j/slf4j-api/1.7.25/slf4j-api-1.7.25.jar:/home/user/.m2/repository/org/slf4j/jul-to-slf4j/1.7.25/jul-to-slf4j-1.7.25.jar:/home/user/.m2/repository/org/eclipse/jetty/jetty-util/9.3.24.v20180605/jetty-util-9.3.24.v20180605.jar:/home/user/.m2/repository/com/fasterxml/jackson/core/jackson-databind/2.9.5/jackson-databind-2.9.5.jar:/home/user/.m2/repository/org/apache/hadoop/hadoop-kms/3.2.0/hadoop-kms-3.2.0-tests.jar:/home/user/.m2/repository/org/apache/hadoop/hadoop-hdds-server-scm/0.5.0-SNAPSHOT/hadoop-hdds-server-scm-0.5.0-SNAPSHOT-tests.jar:/home/user/.m2/repository/org/apache/hadoop/hadoop-hdds-container-service/0.5.0-SNAPSHOT/hadoop-hdds-container-service-0.5.0-SNAPSHOT-tests.jar:/home/user/.m2/repository/org/yaml/snakeyaml/1.16/snakeyaml-1.16.jar:/home/user/.m2/repository/org/apache/hadoop/hadoop-common/3.2.0/hadoop-common-3.2.0-tests.jar:/home/user/.m2/repository/org/apache/hadoop/hadoop-annotations/3.2.0/hadoop-annotations-3.2.0.jar:/usr/lib/jvm/java-1.8-openjdk/jre/../lib/tools.jar:/home/user/.m2/repository/commons-cli/commons-cli/1.2/commons-cli-1.2.jar:/home/user/.m2/repository/org/apache/httpcomponents/httpclient/4.5.2/httpclient-4.5.2.jar:/home/user/.m2/repository/org/apache/httpcomponents/httpcore/4.4.4/httpcore-4.4.4.jar:/home/user/.m2/repository/commons-codec/commons-codec/1.11/commons-codec-1.11.jar:/home/user/.m2/repository/commons-net/commons-net/3.6/commons-net-3.6.jar:/home/user/.m2/repository/commons-collections/commons-collections/3.2.2/commons-collections-3.2.2.jar:/home/user/.m2/repository/org/eclipse/jetty/jetty-servlet/9.3.24.v20180605/jetty-servlet-9.3.24.v20180605.jar:/home/user/.m2/repository/org/eclipse/jetty/jetty-security/9.3.24.v20180605/jetty-security-9.3.24.v20180605.jar:/home/user/.m2/repository/javax/servlet/jsp/jsp-api/2.1/jsp-api-2.1.jar:/home/user/.m2/repository/com/sun/jersey/jersey-servlet/1.19/jersey-servlet-1.19.jar:/home/user/.m2/repository/com/sun/jersey/jersey-json/1.19/jersey-json-1.19.jar:/home/user/.m2/repository/org/codehaus/jettison/jettison/1.1/jettison-1.1.jar:/home/user/.m2/repository/org/codehaus/jackson/jackson-core-asl/1.9.13/jackson-core-asl-1.9.13.jar:/home/user/.m2/repository/org/codehaus/jackson/jackson-mapper-asl/1.9.13/jackson-mapper-asl-1.9.13.jar:/home/user/.m2/repository/org/codehaus/jackson/jackson-jaxrs/1.9.13/jackson-jaxrs-1.9.13.jar:/home/user/.m2/repository/org/codehaus/jackson/jackson-xc/1.9.13/jackson-xc-1.9.13.jar:/home/user/.m2/repository/commons-logging/commons-logging/1.1.3/commons-logging-1.1.3.jar:/home/user/.m2/repository/commons-beanutils/commons-beanutils/1.9.3/commons-beanutils-1.9.3.jar:/home/user/.m2/repository/org/apache/commons/commons-configuration2/2.1.1/commons-configuration2-2.1.1.jar:/home/user/.m2/repository/org/apache/commons/commons-lang3/3.7/commons-lang3-3.7.jar:/home/user/.m2/repository/org/apache/commons/commons-text/1.4/commons-text-1.4.jar:/home/user/.m2/repository/org/apache/avro/avro/1.7.7/avro-1.7.7.jar:/home/user/.m2/repository/com/thoughtworks/paranamer/paranamer/2.3/paranamer-2.3.jar:/home/user/.m2/repository/org/xerial/snappy/snappy-java/1.0.5/snappy-java-1.0.5.jar:/home/user/.m2/repository/com/google/re2j/re2j/1.1/re2j-1.1.jar:/home/user/.m2/repository/com/google/code/gson/gson/2.2.4/gson-2.2.4.jar:/home/user/.m2/repository/com/jcraft/jsch/0.1.54/jsch-0.1.54.jar:/home/user/.m2/repository/org/apache/curator/curator-client/2.12.0/curator-client-2.12.0.jar:/home/user/.m2/repository/org/apache/curator/curator-recipes/2.12.0/curator-recipes-2.12.0.jar:/home/user/.m2/repository/com/google/code/findbugs/jsr305/3.0.0/jsr305-3.0.0.jar:/home/user/.m2/repository/org/apache/htrace/htrace-core4/4.1.0-incubating/htrace-core4-4.1.0-incubating.jar:/home/user/.m2/repository/org/apache/zookeeper/zookeeper/3.4.13/zookeeper-3.4.13.jar:/home/user/.m2/repository/org/apache/yetus/audience-annotations/0.5.0/audience-annotations-0.5.0.jar:/home/user/.m2/repository/org/codehaus/woodstox/stax2-api/3.1.4/stax2-api-3.1.4.jar:/home/user/.m2/repository/com/fasterxml/woodstox/woodstox-core/5.0.3/woodstox-core-5.0.3.jar:/home/user/.m2/repository/dnsjava/dnsjava/2.1.7/dnsjava-2.1.7.jar:/home/user/.m2/repository/org/apache/hadoop/hadoop-hdfs/3.2.0/hadoop-hdfs-3.2.0-tests.jar:/home/user/.m2/repository/org/eclipse/jetty/jetty-util-ajax/9.3.24.v20180605/jetty-util-ajax-9.3.24.v20180605.jar:/home/user/.m2/repository/commons-daemon/commons-daemon/1.0.13/commons-daemon-1.0.13.jar:/home/user/.m2/repository/io/netty/netty/3.10.5.Final/netty-3.10.5.Final.jar:/home/user/.m2/repository/io/netty/netty-all/4.0.52.Final/netty-all-4.0.52.Final.jar:/home/user/.m2/repository/org/fusesource/leveldbjni/leveldbjni-all/1.8/leveldbjni-all-1.8.jar:"/>
    <property name="java.vm.vendor" value="IcedTea"/>
    <property name="sun.arch.data.model" value="64"/>
    <property name="test.build.dir" value="/workdir/hadoop-ozone/integration-test/target/test-dir"/>
    <property name="test.cache.data" value=""/>
    <property name="java.vendor.url" value="https://icedtea.classpath.org"/>
    <property name="user.timezone" value=""/>
    <property name="java.vm.specification.version" value="1.8"/>
    <property name="os.name" value="Linux"/>
    <property name="test.build.data" value="/workdir/hadoop-ozone/integration-test/target/test-dir"/>
    <property name="user.country" value="US"/>
    <property name="sun.java.launcher" value="SUN_STANDARD"/>
    <property name="sun.boot.library.path" value="/usr/lib/jvm/java-1.8-openjdk/jre/lib/amd64"/>
    <property name="sun.java.command" value="/workdir/hadoop-ozone/integration-test/target/surefire/surefirebooter1579859802026303663.jar /workdir/hadoop-ozone/integration-test/target/surefire 2019-09-16T15-30-39_100-jvmRun1 surefire5796821404378642619tmp surefire_717191639648351915813tmp"/>
    <property name="test" value="!TestMiniChaosOzoneCluster"/>
    <property name="surefire.test.class.path" value="/workdir/hadoop-ozone/integration-test/target/test-classes:/workdir/hadoop-ozone/integration-test/target/classes:/home/user/.m2/repository/org/apache/hadoop/hadoop-ozone-common/0.5.0-SNAPSHOT/hadoop-ozone-common-0.5.0-SNAPSHOT.jar:/home/user/.m2/repository/org/apache/commons/commons-compress/1.4.1/commons-compress-1.4.1.jar:/home/user/.m2/repository/org/tukaani/xz/1.0/xz-1.0.jar:/home/user/.m2/repository/org/apache/hadoop/hadoop-common/3.2.0/hadoop-common-3.2.0.jar:/home/user/.m2/repository/org/apache/hadoop/hadoop-hdfs/3.2.0/hadoop-hdfs-3.2.0.jar:/home/user/.m2/repository/org/apache/hadoop/hadoop-hdfs-client/3.2.0/hadoop-hdfs-client-3.2.0.jar:/home/user/.m2/repository/com/fasterxml/jackson/core/jackson-annotations/2.9.5/jackson-annotations-2.9.5.jar:/home/user/.m2/repository/org/apache/hadoop/hadoop-hdds-common/0.5.0-SNAPSHOT/hadoop-hdds-common-0.5.0-SNAPSHOT.jar:/home/user/.m2/repository/javax/annotation/javax.annotation-api/1.2/javax.annotation-api-1.2.jar:/home/user/.m2/repository/org/apache/ratis/ratis-server/0.4.0-78e95b9-SNAPSHOT/ratis-server-0.4.0-78e95b9-SNAPSHOT.jar:/home/user/.m2/repository/org/apache/ratis/ratis-thirdparty-misc/0.2.0/ratis-thirdparty-misc-0.2.0.jar:/home/user/.m2/repository/org/apache/ratis/ratis-proto/0.4.0-78e95b9-SNAPSHOT/ratis-proto-0.4.0-78e95b9-SNAPSHOT.jar:/home/user/.m2/repository/org/apache/ratis/ratis-common/0.4.0-78e95b9-SNAPSHOT/ratis-common-0.4.0-78e95b9-SNAPSHOT.jar:/home/user/.m2/repository/org/apache/ratis/ratis-client/0.4.0-78e95b9-SNAPSHOT/ratis-client-0.4.0-78e95b9-SNAPSHOT.jar:/home/user/.m2/repository/org/apache/ratis/ratis-metrics/0.4.0-78e95b9-SNAPSHOT/ratis-metrics-0.4.0-78e95b9-SNAPSHOT.jar:/home/user/.m2/repository/com/github/joshelser/dropwizard-metrics-hadoop-metrics2-reporter/0.1.2/dropwizard-metrics-hadoop-metrics2-reporter-0.1.2.jar:/home/user/.m2/repository/io/dropwizard/metrics/metrics-jvm/3.2.5/metrics-jvm-3.2.5.jar:/home/user/.m2/repository/io/dropwizard/metrics/metrics-ganglia/3.2.5/metrics-ganglia-3.2.5.jar:/home/user/.m2/repository/info/ganglia/gmetric4j/gmetric4j/1.0.7/gmetric4j-1.0.7.jar:/home/user/.m2/repository/org/apache/ratis/ratis-netty/0.4.0-78e95b9-SNAPSHOT/ratis-netty-0.4.0-78e95b9-SNAPSHOT.jar:/home/user/.m2/repository/org/apache/ratis/ratis-grpc/0.4.0-78e95b9-SNAPSHOT/ratis-grpc-0.4.0-78e95b9-SNAPSHOT.jar:/home/user/.m2/repository/org/rocksdb/rocksdbjni/6.0.1/rocksdbjni-6.0.1.jar:/home/user/.m2/repository/org/apache/logging/log4j/log4j-api/2.11.0/log4j-api-2.11.0.jar:/home/user/.m2/repository/org/apache/logging/log4j/log4j-core/2.11.0/log4j-core-2.11.0.jar:/home/user/.m2/repository/com/lmax/disruptor/3.4.2/disruptor-3.4.2.jar:/home/user/.m2/repository/org/apache/commons/commons-pool2/2.6.0/commons-pool2-2.6.0.jar:/home/user/.m2/repository/org/bouncycastle/bcpkix-jdk15on/1.60/bcpkix-jdk15on-1.60.jar:/home/user/.m2/repository/commons-validator/commons-validator/1.6/commons-validator-1.6.jar:/home/user/.m2/repository/commons-digester/commons-digester/1.8.1/commons-digester-1.8.1.jar:/home/user/.m2/repository/io/jaegertracing/jaeger-client/0.33.1/jaeger-client-0.33.1.jar:/home/user/.m2/repository/io/jaegertracing/jaeger-thrift/0.33.1/jaeger-thrift-0.33.1.jar:/home/user/.m2/repository/org/apache/thrift/libthrift/0.11.0/libthrift-0.11.0.jar:/home/user/.m2/repository/com/squareup/okhttp3/okhttp/3.9.0/okhttp-3.9.0.jar:/home/user/.m2/repository/com/squareup/okio/okio/1.13.0/okio-1.13.0.jar:/home/user/.m2/repository/io/jaegertracing/jaeger-core/0.33.1/jaeger-core-0.33.1.jar:/home/user/.m2/repository/io/jaegertracing/jaeger-tracerresolver/0.33.1/jaeger-tracerresolver-0.33.1.jar:/home/user/.m2/repository/io/opentracing/contrib/opentracing-tracerresolver/0.1.5/opentracing-tracerresolver-0.1.5.jar:/home/user/.m2/repository/io/opentracing/opentracing-util/0.31.0/opentracing-util-0.31.0.jar:/home/user/.m2/repository/io/opentracing/opentracing-api/0.31.0/opentracing-api-0.31.0.jar:/home/user/.m2/repository/io/opentracing/opentracing-noop/0.31.0/opentracing-noop-0.31.0.jar:/home/user/.m2/repository/org/apache/hadoop/hadoop-hdds-server-framework/0.5.0-SNAPSHOT/hadoop-hdds-server-framework-0.5.0-SNAPSHOT.jar:/home/user/.m2/repository/org/apache/hadoop/hadoop-hdds-container-service/0.5.0-SNAPSHOT/hadoop-hdds-container-service-0.5.0-SNAPSHOT.jar:/home/user/.m2/repository/org/apache/hadoop/hadoop-hdds-client/0.5.0-SNAPSHOT/hadoop-hdds-client-0.5.0-SNAPSHOT.jar:/home/user/.m2/repository/org/apache/hadoop/hadoop-hdds-tools/0.5.0-SNAPSHOT/hadoop-hdds-tools-0.5.0-SNAPSHOT.jar:/home/user/.m2/repository/org/apache/hadoop/hadoop-hdds-server-scm/0.5.0-SNAPSHOT/hadoop-hdds-server-scm-0.5.0-SNAPSHOT.jar:/home/user/.m2/repository/org/apache/hadoop/hadoop-hdds-docs/0.5.0-SNAPSHOT/hadoop-hdds-docs-0.5.0-SNAPSHOT.jar:/home/user/.m2/repository/io/dropwizard/metrics/metrics-core/3.2.4/metrics-core-3.2.4.jar:/home/user/.m2/repository/org/hamcrest/hamcrest-all/1.3/hamcrest-all-1.3.jar:/home/user/.m2/repository/org/bouncycastle/bcprov-jdk15on/1.60/bcprov-jdk15on-1.60.jar:/home/user/.m2/repository/info/picocli/picocli/3.9.6/picocli-3.9.6.jar:/home/user/.m2/repository/com/google/protobuf/protobuf-java/2.5.0/protobuf-java-2.5.0.jar:/home/user/.m2/repository/com/google/guava/guava/11.0.2/guava-11.0.2.jar:/home/user/.m2/repository/org/apache/hadoop/hadoop-ozone-ozone-manager/0.5.0-SNAPSHOT/hadoop-ozone-ozone-manager-0.5.0-SNAPSHOT.jar:/home/user/.m2/repository/org/apache/hadoop/hadoop-minikdc/3.2.0/hadoop-minikdc-3.2.0.jar:/home/user/.m2/repository/commons-io/commons-io/2.5/commons-io-2.5.jar:/home/user/.m2/repository/org/apache/kerby/kerb-simplekdc/1.0.1/kerb-simplekdc-1.0.1.jar:/home/user/.m2/repository/org/apache/kerby/kerb-client/1.0.1/kerb-client-1.0.1.jar:/home/user/.m2/repository/org/apache/kerby/kerby-config/1.0.1/kerby-config-1.0.1.jar:/home/user/.m2/repository/org/apache/kerby/kerb-core/1.0.1/kerb-core-1.0.1.jar:/home/user/.m2/repository/org/apache/kerby/kerby-pkix/1.0.1/kerby-pkix-1.0.1.jar:/home/user/.m2/repository/org/apache/kerby/kerby-asn1/1.0.1/kerby-asn1-1.0.1.jar:/home/user/.m2/repository/org/apache/kerby/kerby-util/1.0.1/kerby-util-1.0.1.jar:/home/user/.m2/repository/org/apache/kerby/kerb-common/1.0.1/kerb-common-1.0.1.jar:/home/user/.m2/repository/org/apache/kerby/kerb-crypto/1.0.1/kerb-crypto-1.0.1.jar:/home/user/.m2/repository/org/apache/kerby/kerb-util/1.0.1/kerb-util-1.0.1.jar:/home/user/.m2/repository/org/apache/kerby/token-provider/1.0.1/token-provider-1.0.1.jar:/home/user/.m2/repository/org/apache/kerby/kerb-admin/1.0.1/kerb-admin-1.0.1.jar:/home/user/.m2/repository/org/apache/kerby/kerb-server/1.0.1/kerb-server-1.0.1.jar:/home/user/.m2/repository/org/apache/kerby/kerb-identity/1.0.1/kerb-identity-1.0.1.jar:/home/user/.m2/repository/org/apache/kerby/kerby-xdr/1.0.1/kerby-xdr-1.0.1.jar:/home/user/.m2/repository/org/slf4j/slf4j-log4j12/1.7.25/slf4j-log4j12-1.7.25.jar:/home/user/.m2/repository/org/apache/hadoop/hadoop-ozone-s3gateway/0.5.0-SNAPSHOT/hadoop-ozone-s3gateway-0.5.0-SNAPSHOT.jar:/home/user/.m2/repository/org/jboss/weld/servlet/weld-servlet/2.4.7.Final/weld-servlet-2.4.7.Final.jar:/home/user/.m2/repository/org/glassfish/jersey/containers/jersey-container-servlet-core/2.27/jersey-container-servlet-core-2.27.jar:/home/user/.m2/repository/org/glassfish/hk2/external/javax.inject/2.5.0-b42/javax.inject-2.5.0-b42.jar:/home/user/.m2/repository/org/glassfish/jersey/core/jersey-common/2.27/jersey-common-2.27.jar:/home/user/.m2/repository/org/glassfish/hk2/osgi-resource-locator/1.0.1/osgi-resource-locator-1.0.1.jar:/home/user/.m2/repository/javax/ws/rs/javax.ws.rs-api/2.1/javax.ws.rs-api-2.1.jar:/home/user/.m2/repository/org/glassfish/jersey/ext/cdi/jersey-cdi1x/2.27/jersey-cdi1x-2.27.jar:/home/user/.m2/repository/org/glassfish/jersey/inject/jersey-hk2/2.27/jersey-hk2-2.27.jar:/home/user/.m2/repository/org/glassfish/hk2/hk2-locator/2.5.0-b42/hk2-locator-2.5.0-b42.jar:/home/user/.m2/repository/org/javassist/javassist/3.22.0-CR2/javassist-3.22.0-CR2.jar:/home/user/.m2/repository/org/glassfish/hk2/hk2-api/2.5.0/hk2-api-2.5.0.jar:/home/user/.m2/repository/org/glassfish/hk2/external/jakarta.inject/2.5.0/jakarta.inject-2.5.0.jar:/home/user/.m2/repository/org/glassfish/hk2/hk2-utils/2.5.0/hk2-utils-2.5.0.jar:/home/user/.m2/repository/jakarta/annotation/jakarta.annotation-api/1.3.4/jakarta.annotation-api-1.3.4.jar:/home/user/.m2/repository/org/glassfish/hk2/external/aopalliance-repackaged/2.5.0/aopalliance-repackaged-2.5.0.jar:/home/user/.m2/repository/com/fasterxml/jackson/dataformat/jackson-dataformat-xml/2.9.0/jackson-dataformat-xml-2.9.0.jar:/home/user/.m2/repository/com/fasterxml/jackson/core/jackson-core/2.9.5/jackson-core-2.9.5.jar:/home/user/.m2/repository/com/fasterxml/jackson/module/jackson-module-jaxb-annotations/2.9.5/jackson-module-jaxb-annotations-2.9.5.jar:/home/user/.m2/repository/javax/enterprise/cdi-api/1.2/cdi-api-1.2.jar:/home/user/.m2/repository/javax/el/javax.el-api/3.0.0/javax.el-api-3.0.0.jar:/home/user/.m2/repository/javax/interceptor/javax.interceptor-api/1.2/javax.interceptor-api-1.2.jar:/home/user/.m2/repository/javax/inject/javax.inject/1/javax.inject-1.jar:/home/user/.m2/repository/com/sun/xml/bind/jaxb-impl/2.3.0.1/jaxb-impl-2.3.0.1.jar:/home/user/.m2/repository/com/sun/xml/bind/jaxb-core/2.3.0.1/jaxb-core-2.3.0.1.jar:/home/user/.m2/repository/javax/xml/bind/jaxb-api/2.3.0/jaxb-api-2.3.0.jar:/home/user/.m2/repository/javax/activation/activation/1.1.1/activation-1.1.1.jar:/home/user/.m2/repository/org/apache/hadoop/hadoop-ozone-csi/0.5.0-SNAPSHOT/hadoop-ozone-csi-0.5.0-SNAPSHOT.jar:/home/user/.m2/repository/com/google/protobuf/protobuf-java-util/3.5.1/protobuf-java-util-3.5.1.jar:/home/user/.m2/repository/org/apache/hadoop/hadoop-hdds-config/0.5.0-SNAPSHOT/hadoop-hdds-config-0.5.0-SNAPSHOT.jar:/home/user/.m2/repository/io/grpc/grpc-netty/1.17.1/grpc-netty-1.17.1.jar:/home/user/.m2/repository/io/grpc/grpc-core/1.17.1/grpc-core-1.17.1.jar:/home/user/.m2/repository/io/grpc/grpc-context/1.17.1/grpc-context-1.17.1.jar:/home/user/.m2/repository/com/google/errorprone/error_prone_annotations/2.2.0/error_prone_annotations-2.2.0.jar:/home/user/.m2/repository/org/codehaus/mojo/animal-sniffer-annotations/1.17/animal-sniffer-annotations-1.17.jar:/home/user/.m2/repository/io/opencensus/opencensus-api/0.17.0/opencensus-api-0.17.0.jar:/home/user/.m2/repository/io/opencensus/opencensus-contrib-grpc-metrics/0.17.0/opencensus-contrib-grpc-metrics-0.17.0.jar:/home/user/.m2/repository/io/netty/netty-codec-http2/4.1.30.Final/netty-codec-http2-4.1.30.Final.jar:/home/user/.m2/repository/io/netty/netty-codec-http/4.1.30.Final/netty-codec-http-4.1.30.Final.jar:/home/user/.m2/repository/io/netty/netty-codec/4.1.30.Final/netty-codec-4.1.30.Final.jar:/home/user/.m2/repository/io/netty/netty-handler/4.1.30.Final/netty-handler-4.1.30.Final.jar:/home/user/.m2/repository/io/netty/netty-handler-proxy/4.1.30.Final/netty-handler-proxy-4.1.30.Final.jar:/home/user/.m2/repository/io/netty/netty-codec-socks/4.1.30.Final/netty-codec-socks-4.1.30.Final.jar:/home/user/.m2/repository/io/netty/netty-transport-native-epoll/4.1.30.Final/netty-transport-native-epoll-4.1.30.Final.jar:/home/user/.m2/repository/io/netty/netty-common/4.1.30.Final/netty-common-4.1.30.Final.jar:/home/user/.m2/repository/io/netty/netty-buffer/4.1.30.Final/netty-buffer-4.1.30.Final.jar:/home/user/.m2/repository/io/netty/netty-transport/4.1.30.Final/netty-transport-4.1.30.Final.jar:/home/user/.m2/repository/io/netty/netty-resolver/4.1.30.Final/netty-resolver-4.1.30.Final.jar:/home/user/.m2/repository/io/netty/netty-transport-native-unix-common/4.1.30.Final/netty-transport-native-unix-common-4.1.30.Final.jar:/home/user/.m2/repository/io/grpc/grpc-protobuf/1.17.1/grpc-protobuf-1.17.1.jar:/home/user/.m2/repository/com/google/api/grpc/proto-google-common-protos/1.0.0/proto-google-common-protos-1.0.0.jar:/home/user/.m2/repository/io/grpc/grpc-protobuf-lite/1.17.1/grpc-protobuf-lite-1.17.1.jar:/home/user/.m2/repository/io/grpc/grpc-stub/1.17.1/grpc-stub-1.17.1.jar:/home/user/.m2/repository/org/apache/hadoop/hadoop-ozone-recon/0.5.0-SNAPSHOT/hadoop-ozone-recon-0.5.0-SNAPSHOT.jar:/home/user/.m2/repository/org/apache/hadoop/hadoop-ozone-reconcodegen/0.5.0-SNAPSHOT/hadoop-ozone-reconcodegen-0.5.0-SNAPSHOT.jar:/home/user/.m2/repository/com/google/inject/extensions/guice-multibindings/4.0/guice-multibindings-4.0.jar:/home/user/.m2/repository/com/google/inject/guice/4.0/guice-4.0.jar:/home/user/.m2/repository/aopalliance/aopalliance/1.0/aopalliance-1.0.jar:/home/user/.m2/repository/com/google/inject/extensions/guice-servlet/4.0/guice-servlet-4.0.jar:/home/user/.m2/repository/org/glassfish/jersey/containers/jersey-container-servlet/2.27/jersey-container-servlet-2.27.jar:/home/user/.m2/repository/org/glassfish/hk2/guice-bridge/2.5.0/guice-bridge-2.5.0.jar:/home/user/.m2/repository/org/glassfish/jersey/core/jersey-server/2.27/jersey-server-2.27.jar:/home/user/.m2/repository/org/glassfish/jersey/core/jersey-client/2.27/jersey-client-2.27.jar:/home/user/.m2/repository/org/glassfish/jersey/media/jersey-media-jaxb/2.27/jersey-media-jaxb-2.27.jar:/home/user/.m2/repository/javax/validation/validation-api/1.1.0.Final/validation-api-1.1.0.Final.jar:/home/user/.m2/repository/org/glassfish/jersey/media/jersey-media-json-jackson/2.27/jersey-media-json-jackson-2.27.jar:/home/user/.m2/repository/org/glassfish/jersey/ext/jersey-entity-filtering/2.27/jersey-entity-filtering-2.27.jar:/home/user/.m2/repository/com/google/inject/extensions/guice-assistedinject/4.0/guice-assistedinject-4.0.jar:/home/user/.m2/repository/org/jooq/jooq/3.11.10/jooq-3.11.10.jar:/home/user/.m2/repository/org/jooq/jooq-meta/3.11.10/jooq-meta-3.11.10.jar:/home/user/.m2/repository/org/jooq/jooq-codegen/3.11.10/jooq-codegen-3.11.10.jar:/home/user/.m2/repository/com/jolbox/bonecp/0.8.0.RELEASE/bonecp-0.8.0.RELEASE.jar:/home/user/.m2/repository/org/xerial/sqlite-jdbc/3.25.2/sqlite-jdbc-3.25.2.jar:/home/user/.m2/repository/org/springframework/spring-jdbc/5.1.3.RELEASE/spring-jdbc-5.1.3.RELEASE.jar:/home/user/.m2/repository/org/springframework/spring-beans/5.1.3.RELEASE/spring-beans-5.1.3.RELEASE.jar:/home/user/.m2/repository/org/springframework/spring-core/5.1.3.RELEASE/spring-core-5.1.3.RELEASE.jar:/home/user/.m2/repository/org/springframework/spring-jcl/5.1.3.RELEASE/spring-jcl-5.1.3.RELEASE.jar:/home/user/.m2/repository/org/springframework/spring-tx/5.1.3.RELEASE/spring-tx-5.1.3.RELEASE.jar:/home/user/.m2/repository/org/apache/hadoop/hadoop-ozone-client/0.5.0-SNAPSHOT/hadoop-ozone-client-0.5.0-SNAPSHOT.jar:/home/user/.m2/repository/commons-lang/commons-lang/2.6/commons-lang-2.6.jar:/home/user/.m2/repository/org/apache/hadoop/hadoop-ozone-ozone-manager/0.5.0-SNAPSHOT/hadoop-ozone-ozone-manager-0.5.0-SNAPSHOT-tests.jar:/home/user/.m2/repository/junit/junit/4.11/junit-4.11.jar:/home/user/.m2/repository/org/hamcrest/hamcrest-core/1.3/hamcrest-core-1.3.jar:/home/user/.m2/repository/org/openjdk/jmh/jmh-core/1.19/jmh-core-1.19.jar:/home/user/.m2/repository/net/sf/jopt-simple/jopt-simple/4.6/jopt-simple-4.6.jar:/home/user/.m2/repository/org/apache/commons/commons-math3/3.1.1/commons-math3-3.1.1.jar:/home/user/.m2/repository/org/openjdk/jmh/jmh-generator-annprocess/1.19/jmh-generator-annprocess-1.19.jar:/home/user/.m2/repository/org/mockito/mockito-all/1.8.5/mockito-all-1.8.5.jar:/home/user/.m2/repository/org/apache/hadoop/hadoop-kms/3.2.0/hadoop-kms-3.2.0.jar:/home/user/.m2/repository/org/apache/hadoop/hadoop-auth/3.2.0/hadoop-auth-3.2.0.jar:/home/user/.m2/repository/com/nimbusds/nimbus-jose-jwt/4.41.1/nimbus-jose-jwt-4.41.1.jar:/home/user/.m2/repository/com/github/stephenc/jcip/jcip-annotations/1.0-1/jcip-annotations-1.0-1.jar:/home/user/.m2/repository/net/minidev/json-smart/2.3/json-smart-2.3.jar:/home/user/.m2/repository/net/minidev/accessors-smart/1.2/accessors-smart-1.2.jar:/home/user/.m2/repository/org/ow2/asm/asm/5.0.4/asm-5.0.4.jar:/home/user/.m2/repository/org/apache/curator/curator-framework/2.12.0/curator-framework-2.12.0.jar:/home/user/.m2/repository/com/sun/jersey/jersey-core/1.19/jersey-core-1.19.jar:/home/user/.m2/repository/javax/ws/rs/jsr311-api/1.1.1/jsr311-api-1.1.1.jar:/home/user/.m2/repository/com/sun/jersey/jersey-server/1.19/jersey-server-1.19.jar:/home/user/.m2/repository/javax/servlet/javax.servlet-api/3.1.0/javax.servlet-api-3.1.0.jar:/home/user/.m2/repository/org/eclipse/jetty/jetty-server/9.3.24.v20180605/jetty-server-9.3.24.v20180605.jar:/home/user/.m2/repository/org/eclipse/jetty/jetty-http/9.3.24.v20180605/jetty-http-9.3.24.v20180605.jar:/home/user/.m2/repository/org/eclipse/jetty/jetty-io/9.3.24.v20180605/jetty-io-9.3.24.v20180605.jar:/home/user/.m2/repository/org/eclipse/jetty/jetty-webapp/9.3.24.v20180605/jetty-webapp-9.3.24.v20180605.jar:/home/user/.m2/repository/org/eclipse/jetty/jetty-xml/9.3.24.v20180605/jetty-xml-9.3.24.v20180605.jar:/home/user/.m2/repository/log4j/log4j/1.2.17/log4j-1.2.17.jar:/home/user/.m2/repository/org/slf4j/slf4j-api/1.7.25/slf4j-api-1.7.25.jar:/home/user/.m2/repository/org/slf4j/jul-to-slf4j/1.7.25/jul-to-slf4j-1.7.25.jar:/home/user/.m2/repository/org/eclipse/jetty/jetty-util/9.3.24.v20180605/jetty-util-9.3.24.v20180605.jar:/home/user/.m2/repository/com/fasterxml/jackson/core/jackson-databind/2.9.5/jackson-databind-2.9.5.jar:/home/user/.m2/repository/org/apache/hadoop/hadoop-kms/3.2.0/hadoop-kms-3.2.0-tests.jar:/home/user/.m2/repository/org/apache/hadoop/hadoop-hdds-server-scm/0.5.0-SNAPSHOT/hadoop-hdds-server-scm-0.5.0-SNAPSHOT-tests.jar:/home/user/.m2/repository/org/apache/hadoop/hadoop-hdds-container-service/0.5.0-SNAPSHOT/hadoop-hdds-container-service-0.5.0-SNAPSHOT-tests.jar:/home/user/.m2/repository/org/yaml/snakeyaml/1.16/snakeyaml-1.16.jar:/home/user/.m2/repository/org/apache/hadoop/hadoop-common/3.2.0/hadoop-common-3.2.0-tests.jar:/home/user/.m2/repository/org/apache/hadoop/hadoop-annotations/3.2.0/hadoop-annotations-3.2.0.jar:/usr/lib/jvm/java-1.8-openjdk/jre/../lib/tools.jar:/home/user/.m2/repository/commons-cli/commons-cli/1.2/commons-cli-1.2.jar:/home/user/.m2/repository/org/apache/httpcomponents/httpclient/4.5.2/httpclient-4.5.2.jar:/home/user/.m2/repository/org/apache/httpcomponents/httpcore/4.4.4/httpcore-4.4.4.jar:/home/user/.m2/repository/commons-codec/commons-codec/1.11/commons-codec-1.11.jar:/home/user/.m2/repository/commons-net/commons-net/3.6/commons-net-3.6.jar:/home/user/.m2/repository/commons-collections/commons-collections/3.2.2/commons-collections-3.2.2.jar:/home/user/.m2/repository/org/eclipse/jetty/jetty-servlet/9.3.24.v20180605/jetty-servlet-9.3.24.v20180605.jar:/home/user/.m2/repository/org/eclipse/jetty/jetty-security/9.3.24.v20180605/jetty-security-9.3.24.v20180605.jar:/home/user/.m2/repository/javax/servlet/jsp/jsp-api/2.1/jsp-api-2.1.jar:/home/user/.m2/repository/com/sun/jersey/jersey-servlet/1.19/jersey-servlet-1.19.jar:/home/user/.m2/repository/com/sun/jersey/jersey-json/1.19/jersey-json-1.19.jar:/home/user/.m2/repository/org/codehaus/jettison/jettison/1.1/jettison-1.1.jar:/home/user/.m2/repository/org/codehaus/jackson/jackson-core-asl/1.9.13/jackson-core-asl-1.9.13.jar:/home/user/.m2/repository/org/codehaus/jackson/jackson-mapper-asl/1.9.13/jackson-mapper-asl-1.9.13.jar:/home/user/.m2/repository/org/codehaus/jackson/jackson-jaxrs/1.9.13/jackson-jaxrs-1.9.13.jar:/home/user/.m2/repository/org/codehaus/jackson/jackson-xc/1.9.13/jackson-xc-1.9.13.jar:/home/user/.m2/repository/commons-logging/commons-logging/1.1.3/commons-logging-1.1.3.jar:/home/user/.m2/repository/commons-beanutils/commons-beanutils/1.9.3/commons-beanutils-1.9.3.jar:/home/user/.m2/repository/org/apache/commons/commons-configuration2/2.1.1/commons-configuration2-2.1.1.jar:/home/user/.m2/repository/org/apache/commons/commons-lang3/3.7/commons-lang3-3.7.jar:/home/user/.m2/repository/org/apache/commons/commons-text/1.4/commons-text-1.4.jar:/home/user/.m2/repository/org/apache/avro/avro/1.7.7/avro-1.7.7.jar:/home/user/.m2/repository/com/thoughtworks/paranamer/paranamer/2.3/paranamer-2.3.jar:/home/user/.m2/repository/org/xerial/snappy/snappy-java/1.0.5/snappy-java-1.0.5.jar:/home/user/.m2/repository/com/google/re2j/re2j/1.1/re2j-1.1.jar:/home/user/.m2/repository/com/google/code/gson/gson/2.2.4/gson-2.2.4.jar:/home/user/.m2/repository/com/jcraft/jsch/0.1.54/jsch-0.1.54.jar:/home/user/.m2/repository/org/apache/curator/curator-client/2.12.0/curator-client-2.12.0.jar:/home/user/.m2/repository/org/apache/curator/curator-recipes/2.12.0/curator-recipes-2.12.0.jar:/home/user/.m2/repository/com/google/code/findbugs/jsr305/3.0.0/jsr305-3.0.0.jar:/home/user/.m2/repository/org/apache/htrace/htrace-core4/4.1.0-incubating/htrace-core4-4.1.0-incubating.jar:/home/user/.m2/repository/org/apache/zookeeper/zookeeper/3.4.13/zookeeper-3.4.13.jar:/home/user/.m2/repository/org/apache/yetus/audience-annotations/0.5.0/audience-annotations-0.5.0.jar:/home/user/.m2/repository/org/codehaus/woodstox/stax2-api/3.1.4/stax2-api-3.1.4.jar:/home/user/.m2/repository/com/fasterxml/woodstox/woodstox-core/5.0.3/woodstox-core-5.0.3.jar:/home/user/.m2/repository/dnsjava/dnsjava/2.1.7/dnsjava-2.1.7.jar:/home/user/.m2/repository/org/apache/hadoop/hadoop-hdfs/3.2.0/hadoop-hdfs-3.2.0-tests.jar:/home/user/.m2/repository/org/eclipse/jetty/jetty-util-ajax/9.3.24.v20180605/jetty-util-ajax-9.3.24.v20180605.jar:/home/user/.m2/repository/commons-daemon/commons-daemon/1.0.13/commons-daemon-1.0.13.jar:/home/user/.m2/repository/io/netty/netty/3.10.5.Final/netty-3.10.5.Final.jar:/home/user/.m2/repository/io/netty/netty-all/4.0.52.Final/netty-all-4.0.52.Final.jar:/home/user/.m2/repository/org/fusesource/leveldbjni/leveldbjni-all/1.8/leveldbjni-all-1.8.jar:"/>
    <property name="sun.cpu.endian" value="little"/>
    <property name="user.home" value="/home/user"/>
    <property name="user.language" value="en"/>
    <property name="java.specification.vendor" value="Oracle Corporation"/>
    <property name="java.home" value="/usr/lib/jvm/java-1.8-openjdk/jre"/>
    <property name="java.security.krb5.conf" value="/workdir/hadoop-ozone/integration-test/target/test-classes/krb5.conf"/>
    <property name="basedir" value="/workdir/hadoop-ozone/integration-test"/>
    <property name="file.separator" value="/"/>
    <property name="line.separator" value="&#10;"/>
    <property name="java.vm.specification.vendor" value="Oracle Corporation"/>
    <property name="java.specification.name" value="Java Platform API Specification"/>
    <property name="java.awt.graphicsenv" value="sun.awt.X11GraphicsEnvironment"/>
    <property name="surefire.real.class.path" value="/workdir/hadoop-ozone/integration-test/target/surefire/surefirebooter1579859802026303663.jar"/>
    <property name="hadoop.log.dir" value="/workdir/hadoop-ozone/integration-test/target/log"/>
    <property name="sun.boot.class.path" value="/usr/lib/jvm/java-1.8-openjdk/jre/lib/resources.jar:/usr/lib/jvm/java-1.8-openjdk/jre/lib/rt.jar:/usr/lib/jvm/java-1.8-openjdk/jre/lib/sunrsasign.jar:/usr/lib/jvm/java-1.8-openjdk/jre/lib/jsse.jar:/usr/lib/jvm/java-1.8-openjdk/jre/lib/jce.jar:/usr/lib/jvm/java-1.8-openjdk/jre/lib/charsets.jar:/usr/lib/jvm/java-1.8-openjdk/jre/lib/jfr.jar:/usr/lib/jvm/java-1.8-openjdk/jre/classes"/>
    <property name="sun.management.compiler" value="HotSpot 64-Bit Tiered Compilers"/>
    <property name="java.runtime.version" value="1.8.0_212-b04"/>
    <property name="java.net.preferIPv4Stack" value="true"/>
    <property name="user.name" value="jenkins1000"/>
    <property name="path.separator" value=":"/>
    <property name="java.security.egd" value="file:///dev/urandom"/>
    <property name="os.version" value="3.10.0-957.12.2.el7.x86_64"/>
    <property name="java.endorsed.dirs" value="/usr/lib/jvm/java-1.8-openjdk/jre/lib/endorsed"/>
    <property name="java.runtime.name" value="OpenJDK Runtime Environment"/>
    <property name="file.encoding" value="UTF-8"/>
    <property name="java.vm.name" value="OpenJDK 64-Bit Server VM"/>
    <property name="test.build.webapps" value=""/>
    <property name="localRepository" value="/home/user/.m2/repository"/>
    <property name="java.vendor.url.bug" value="https://icedtea.classpath.org/bugzilla"/>
    <property name="java.io.tmpdir" value="/tmp"/>
    <property name="require.test.libhadoop" value=""/>
    <property name="java.version" value="1.8.0_212"/>
    <property name="user.dir" value="/workdir/hadoop-ozone/integration-test"/>
    <property name="os.arch" value="amd64"/>
    <property name="java.vm.specification.name" value="Java Virtual Machine Specification"/>
    <property name="test.build.classes" value="/workdir/hadoop-ozone/integration-test/target/test-classes"/>
    <property name="java.awt.printerjob" value="sun.print.PSPrinterJob"/>
    <property name="sun.os.patch.level" value="unknown"/>
    <property name="hadoop.tmp.dir" value="/workdir/hadoop-ozone/integration-test/target/tmp"/>
    <property name="java.library.path" value="/usr/lib/jvm/java-1.8-openjdk/jre/lib/amd64/server:/usr/lib/jvm/java-1.8-openjdk/jre/lib/amd64:/usr/lib/jvm/java-1.8-openjdk/jre/../lib/amd64:/workdir/hadoop-ozone/integration-test/target/native/target/usr/local/lib:/workdir/hadoop-ozone/integration-test/../../hadoop-common-project/hadoop-common/target/native/target/usr/local/lib:/usr/java/packages/lib/amd64:/usr/lib64:/lib64:/lib:/usr/lib"/>
    <property name="java.vm.info" value="mixed mode"/>
    <property name="java.vendor" value="IcedTea"/>
    <property name="java.vm.version" value="25.212-b04"/>
    <property name="java.ext.dirs" value="/usr/lib/jvm/java-1.8-openjdk/jre/lib/ext:/usr/java/packages/lib/ext"/>
    <property name="sun.io.unicode.encoding" value="UnicodeLittle"/>
    <property name="java.class.version" value="52.0"/>
  </properties>
  <testcase name="testContainerReplication" classname="org.apache.hadoop.ozone.client.rpc.TestContainerReplicationEndToEnd" time="10.421">
    <error message="Failed to update container state #1, reason: invalid state transition from state: CLOSING upon event: FINALIZE." type="org.apache.hadoop.hdds.scm.exceptions.SCMException">org.apache.hadoop.hdds.scm.exceptions.SCMException: Failed to update container state #1, reason: invalid state transition from state: CLOSING upon event: FINALIZE.
	at org.apache.hadoop.hdds.scm.container.ContainerStateManager.updateContainerState(ContainerStateManager.java:336)
	at org.apache.hadoop.hdds.scm.container.SCMContainerManager.updateContainerState(SCMContainerManager.java:312)
	at org.apache.hadoop.ozone.client.rpc.TestContainerReplicationEndToEnd.testContainerReplication(TestContainerReplicationEndToEnd.java:159)
	at sun.reflect.NativeMethodAccessorImpl.invoke0(Native Method)
	at sun.reflect.NativeMethodAccessorImpl.invoke(NativeMethodAccessorImpl.java:62)
	at sun.reflect.DelegatingMethodAccessorImpl.invoke(DelegatingMethodAccessorImpl.java:43)
	at java.lang.reflect.Method.invoke(Method.java:498)
	at org.junit.runners.model.FrameworkMethod$1.runReflectiveCall(FrameworkMethod.java:47)
	at org.junit.internal.runners.model.ReflectiveCallable.run(ReflectiveCallable.java:12)
	at org.junit.runners.model.FrameworkMethod.invokeExplosively(FrameworkMethod.java:44)
	at org.junit.internal.runners.statements.InvokeMethod.evaluate(InvokeMethod.java:17)
	at org.junit.runners.ParentRunner.runLeaf(ParentRunner.java:271)
	at org.junit.runners.BlockJUnit4ClassRunner.runChild(BlockJUnit4ClassRunner.java:70)
	at org.junit.runners.BlockJUnit4ClassRunner.runChild(BlockJUnit4ClassRunner.java:50)
	at org.junit.runners.ParentRunner$3.run(ParentRunner.java:238)
	at org.junit.runners.ParentRunner$1.schedule(ParentRunner.java:63)
	at org.junit.runners.ParentRunner.runChildren(ParentRunner.java:236)
	at org.junit.runners.ParentRunner.access$000(ParentRunner.java:53)
	at org.junit.runners.ParentRunner$2.evaluate(ParentRunner.java:229)
	at org.junit.internal.runners.statements.RunBefores.evaluate(RunBefores.java:26)
	at org.junit.internal.runners.statements.RunAfters.evaluate(RunAfters.java:27)
	at org.junit.runners.ParentRunner.run(ParentRunner.java:309)
	at org.apache.maven.surefire.junit4.JUnit4Provider.execute(JUnit4Provider.java:365)
	at org.apache.maven.surefire.junit4.JUnit4Provider.executeWithRerun(JUnit4Provider.java:273)
	at org.apache.maven.surefire.junit4.JUnit4Provider.executeTestSet(JUnit4Provider.java:238)
	at org.apache.maven.surefire.junit4.JUnit4Provider.invoke(JUnit4Provider.java:159)
	at org.apache.maven.surefire.booter.ForkedBooter.invokeProviderInSameClassLoader(ForkedBooter.java:384)
	at org.apache.maven.surefire.booter.ForkedBooter.runSuitesInProcess(ForkedBooter.java:345)
	at org.apache.maven.surefire.booter.ForkedBooter.execute(ForkedBooter.java:126)
	at org.apache.maven.surefire.booter.ForkedBooter.main(ForkedBooter.java:418)
</error>
    <system-out><![CDATA[2019-09-16 17:08:28,530 [main] WARN  server.ServerUtils (ServerUtils.java:getScmDbDir(145)) - ozone.scm.db.dirs is not configured. We recommend adding this setting. Falling back to ozone.metadata.dirs instead.
2019-09-16 17:08:28,613 [main] WARN  server.ServerUtils (ServerUtils.java:getScmDbDir(145)) - ozone.scm.db.dirs is not configured. We recommend adding this setting. Falling back to ozone.metadata.dirs instead.
2019-09-16 17:08:28,615 [main] WARN  server.ServerUtils (ServerUtils.java:getScmDbDir(145)) - ozone.scm.db.dirs is not configured. We recommend adding this setting. Falling back to ozone.metadata.dirs instead.
2019-09-16 17:08:28,630 [main] INFO  util.log (Log.java:initialized(192)) - Logging initialized @843ms
2019-09-16 17:08:28,709 [main] INFO  db.DBStoreBuilder (DBStoreBuilder.java:addTable(110)) - using custom profile for table: deletedBlocks
2019-09-16 17:08:28,709 [main] INFO  db.DBStoreBuilder (DBStoreBuilder.java:processTables(161)) - Using default column profile:DBProfile.DISK for Table:deletedBlocks
2019-09-16 17:08:28,710 [main] INFO  db.DBStoreBuilder (DBStoreBuilder.java:addTable(110)) - using custom profile for table: validCerts
2019-09-16 17:08:28,710 [main] INFO  db.DBStoreBuilder (DBStoreBuilder.java:processTables(161)) - Using default column profile:DBProfile.DISK for Table:validCerts
2019-09-16 17:08:28,710 [main] INFO  db.DBStoreBuilder (DBStoreBuilder.java:addTable(110)) - using custom profile for table: revokedCerts
2019-09-16 17:08:28,710 [main] INFO  db.DBStoreBuilder (DBStoreBuilder.java:processTables(161)) - Using default column profile:DBProfile.DISK for Table:revokedCerts
2019-09-16 17:08:28,720 [main] INFO  db.DBStoreBuilder (DBStoreBuilder.java:addTable(110)) - using custom profile for table: default
2019-09-16 17:08:28,721 [main] INFO  db.DBStoreBuilder (DBStoreBuilder.java:processTables(167)) - Using default column profile:DBProfile.DISK for Table:default
2019-09-16 17:08:28,722 [main] INFO  db.DBStoreBuilder (DBStoreBuilder.java:getDbProfile(198)) - Using default options. DBProfile.DISK
2019-09-16 17:08:28,954 [main] INFO  net.NodeSchemaLoader (NodeSchemaLoader.java:loadSchemaFromFile(125)) - Loading file from sun.misc.CompoundEnumeration@4218d6a3
2019-09-16 17:08:28,956 [main] INFO  net.NodeSchemaLoader (NodeSchemaLoader.java:loadSchema(171)) - Loading network topology layer schema file
2019-09-16 17:08:29,056 [main] INFO  node.SCMNodeManager (SCMNodeManager.java:<init>(114)) - Entering startup safe mode.
2019-09-16 17:08:29,137 [main] INFO  algorithms.ContainerPlacementPolicyFactory (ContainerPlacementPolicyFactory.java:getPolicy(57)) - Create container placement policy of type org.apache.hadoop.hdds.scm.container.placement.algorithms.SCMContainerPlacementRandom
2019-09-16 17:08:29,152 [main] WARN  server.ServerUtils (ServerUtils.java:getScmDbDir(145)) - ozone.scm.db.dirs is not configured. We recommend adding this setting. Falling back to ozone.metadata.dirs instead.
2019-09-16 17:08:29,212 [main] INFO  pipeline.SCMPipelineManager (SCMPipelineManager.java:initializePipelineState(128)) - No pipeline exists in current db
2019-09-16 17:08:29,214 [main] WARN  server.ServerUtils (ServerUtils.java:getScmDbDir(145)) - ozone.scm.db.dirs is not configured. We recommend adding this setting. Falling back to ozone.metadata.dirs instead.
2019-09-16 17:08:29,308 [main] INFO  Configuration.deprecation (Configuration.java:logDeprecation(1394)) - No unit for hdds.scm.replication.thread.interval(2000) assuming MILLISECONDS
2019-09-16 17:08:29,353 [main] WARN  events.EventQueue (EventQueue.java:fireEvent(183)) - No event handler registered for event TypedEvent{payloadType=SafeModeStatus, name='SafeModeStatus'}
2019-09-16 17:08:29,747 [main] INFO  ipc.CallQueueManager (CallQueueManager.java:<init>(84)) - Using callQueue: class java.util.concurrent.LinkedBlockingQueue, queueCapacity: 2000, scheduler: class org.apache.hadoop.ipc.DefaultRpcScheduler, ipcBackoff: false.
2019-09-16 17:08:29,776 [Socket Reader #1 for port 42446] INFO  ipc.Server (Server.java:run(1074)) - Starting Socket Reader #1 for port 42446
2019-09-16 17:08:29,946 [main] INFO  ipc.CallQueueManager (CallQueueManager.java:<init>(84)) - Using callQueue: class java.util.concurrent.LinkedBlockingQueue, queueCapacity: 2000, scheduler: class org.apache.hadoop.ipc.DefaultRpcScheduler, ipcBackoff: false.
2019-09-16 17:08:29,947 [Socket Reader #1 for port 42057] INFO  ipc.Server (Server.java:run(1074)) - Starting Socket Reader #1 for port 42057
2019-09-16 17:08:29,956 [main] INFO  ipc.CallQueueManager (CallQueueManager.java:<init>(84)) - Using callQueue: class java.util.concurrent.LinkedBlockingQueue, queueCapacity: 2000, scheduler: class org.apache.hadoop.ipc.DefaultRpcScheduler, ipcBackoff: false.
2019-09-16 17:08:29,956 [Socket Reader #1 for port 41345] INFO  ipc.Server (Server.java:run(1074)) - Starting Socket Reader #1 for port 41345
2019-09-16 17:08:29,978 [main] INFO  hdfs.DFSUtil (DFSUtil.java:httpServerTemplateForNNAndJN(1641)) - Starting Web-server for scm at: http://0.0.0.0:0
2019-09-16 17:08:30,153 [main] INFO  server.AuthenticationFilter (AuthenticationFilter.java:constructSecretProvider(240)) - Unable to initialize FileSignerSecretProvider, falling back to use random secrets.
2019-09-16 17:08:30,162 [main] WARN  http.HttpRequestLog (HttpRequestLog.java:getRequestLog(97)) - Jetty request log can only be enabled using Log4j
2019-09-16 17:08:30,170 [main] INFO  http.HttpServer2 (HttpServer2.java:addGlobalFilter(975)) - Added global filter 'safety' (class=org.apache.hadoop.http.HttpServer2$QuotingInputFilter)
2019-09-16 17:08:30,173 [main] INFO  http.HttpServer2 (HttpServer2.java:addFilter(948)) - Added filter static_user_filter (class=org.apache.hadoop.http.lib.StaticUserWebFilter$StaticUserFilter) to context scm
2019-09-16 17:08:30,173 [main] INFO  http.HttpServer2 (HttpServer2.java:addFilter(958)) - Added filter static_user_filter (class=org.apache.hadoop.http.lib.StaticUserWebFilter$StaticUserFilter) to context static
2019-09-16 17:08:30,174 [main] INFO  http.HttpServer2 (HttpServer2.java:addFilter(958)) - Added filter static_user_filter (class=org.apache.hadoop.http.lib.StaticUserWebFilter$StaticUserFilter) to context logs
2019-09-16 17:08:30,212 [main] INFO  server.StorageContainerManager (StorageContainerManager.java:start(763)) - StorageContainerLocationProtocol RPC server is listening at /0.0.0.0:41345
2019-09-16 17:08:30,303 [main] WARN  impl.MetricsConfig (MetricsConfig.java:loadFirst(134)) - Cannot locate configuration: tried hadoop-metrics2-storagecontainermanager.properties,hadoop-metrics2.properties
2019-09-16 17:08:30,317 [main] INFO  impl.MetricsSystemImpl (MetricsSystemImpl.java:startTimer(374)) - Scheduled Metric snapshot period at 10 second(s).
2019-09-16 17:08:30,318 [main] INFO  impl.MetricsSystemImpl (MetricsSystemImpl.java:start(191)) - StorageContainerManager metrics system started
2019-09-16 17:08:30,552 [main] INFO  server.SCMClientProtocolServer (SCMClientProtocolServer.java:start(151)) - RPC server for Client  is listening at /0.0.0.0:41345
2019-09-16 17:08:30,553 [IPC Server Responder] INFO  ipc.Server (Server.java:run(1314)) - IPC Server Responder: starting
2019-09-16 17:08:30,553 [IPC Server listener on 41345] INFO  ipc.Server (Server.java:run(1153)) - IPC Server listener on 41345: starting
2019-09-16 17:08:30,556 [main] INFO  server.StorageContainerManager (StorageContainerManager.java:start(773)) - ScmBlockLocationProtocol RPC server is listening at /0.0.0.0:42057
2019-09-16 17:08:30,558 [main] INFO  server.SCMBlockProtocolServer (SCMBlockProtocolServer.java:start(146)) - RPC server for Block Protocol is listening at /0.0.0.0:42057
2019-09-16 17:08:30,558 [IPC Server Responder] INFO  ipc.Server (Server.java:run(1314)) - IPC Server Responder: starting
2019-09-16 17:08:30,558 [IPC Server listener on 42057] INFO  ipc.Server (Server.java:run(1153)) - IPC Server listener on 42057: starting
2019-09-16 17:08:30,561 [main] INFO  server.StorageContainerManager (StorageContainerManager.java:start(777)) - ScmDatanodeProtocl RPC server is listening at /0.0.0.0:42446
2019-09-16 17:08:30,561 [main] INFO  server.SCMDatanodeProtocolServer (SCMDatanodeProtocolServer.java:start(191)) - RPC server for DataNodes is listening at /0.0.0.0:42446
2019-09-16 17:08:30,562 [IPC Server Responder] INFO  ipc.Server (Server.java:run(1314)) - IPC Server Responder: starting
2019-09-16 17:08:30,562 [IPC Server listener on 42446] INFO  ipc.Server (Server.java:run(1153)) - IPC Server listener on 42446: starting
2019-09-16 17:08:30,566 [main] INFO  http.HttpServer2 (HttpServer2.java:bindListener(1191)) - Jetty bound to port 33011
2019-09-16 17:08:30,568 [main] INFO  server.Server (Server.java:doStart(351)) - jetty-9.3.24.v20180605, build timestamp: 2018-06-05T17:11:56Z, git hash: 84205aa28f11a4f31f2a3b86d1bba2cc8ab69827
2019-09-16 17:08:30,607 [main] INFO  handler.ContextHandler (ContextHandler.java:doStart(781)) - Started o.e.j.s.ServletContextHandler@45815ffc{/logs,file:///workdir/hadoop-ozone/integration-test/target/log,AVAILABLE}
2019-09-16 17:08:30,608 [main] INFO  handler.ContextHandler (ContextHandler.java:doStart(781)) - Started o.e.j.s.ServletContextHandler@d3957fe{/static,file:///workdir/hadoop-ozone/integration-test/target/test-classes/webapps/static,AVAILABLE}
2019-09-16 17:08:30,642 [main] INFO  handler.ContextHandler (ContextHandler.java:doStart(781)) - Started o.e.j.w.WebAppContext@4cc547a{/,file:///workdir/hadoop-ozone/integration-test/target/test-classes/webapps/scm/,AVAILABLE}{/scm}
2019-09-16 17:08:30,648 [main] INFO  server.AbstractConnector (AbstractConnector.java:doStart(278)) - Started ServerConnector@3574e198{HTTP/1.1,[http/1.1]}{0.0.0.0:33011}
2019-09-16 17:08:30,648 [main] INFO  server.Server (Server.java:doStart(419)) - Started @2861ms
2019-09-16 17:08:30,650 [main] INFO  impl.MetricsSinkAdapter (MetricsSinkAdapter.java:start(204)) - Sink prometheus started
2019-09-16 17:08:30,650 [main] INFO  impl.MetricsSystemImpl (MetricsSystemImpl.java:registerSink(301)) - Registered sink prometheus
2019-09-16 17:08:30,652 [main] INFO  server.BaseHttpServer (BaseHttpServer.java:updateConnectorAddress(215)) - HTTP server of SCM is listening at http://0.0.0.0:33011
2019-09-16 17:08:30,661 [org.apache.hadoop.util.JvmPauseMonitor$Monitor@67427b69] INFO  util.JvmPauseMonitor (JvmPauseMonitor.java:run(188)) - Starting JVM pause monitor
2019-09-16 17:08:30,665 [main] WARN  server.ServerUtils (ServerUtils.java:getDBPath(222)) - ozone.om.db.dirs is not configured. We recommend adding this setting. Falling back to ozone.metadata.dirs instead.
2019-09-16 17:08:30,801 [main] WARN  server.ServerUtils (ServerUtils.java:getDBPath(222)) - ozone.om.db.dirs is not configured. We recommend adding this setting. Falling back to ozone.metadata.dirs instead.
2019-09-16 17:08:30,802 [main] WARN  server.ServerUtils (ServerUtils.java:getDBPath(222)) - ozone.om.db.dirs is not configured. We recommend adding this setting. Falling back to ozone.metadata.dirs instead.
2019-09-16 17:08:30,803 [main] INFO  om.OzoneManager (OzoneManager.java:setOMNodeDetails(649)) - OM Service ID is not set. Setting it to the default ID: omServiceIdDefault
2019-09-16 17:08:30,803 [main] INFO  om.OzoneManager (OzoneManager.java:setOMNodeDetails(655)) - OM Node ID is not set. Setting it to the OmStorage's OmID: 2a1351fa-48d1-462a-943d-44df3f2fdbfa
2019-09-16 17:08:30,805 [main] INFO  om.OzoneManager (OzoneManager.java:loadOMHAConfigs(606)) - Found matching OM address with OMServiceId: null, OMNodeId: null, RPC Address: localhost:0 and Ratis port: 9872
2019-09-16 17:08:31,578 [main] WARN  server.ServerUtils (ServerUtils.java:getDBPath(222)) - ozone.om.db.dirs is not configured. We recommend adding this setting. Falling back to ozone.metadata.dirs instead.
2019-09-16 17:08:31,586 [main] INFO  db.DBStoreBuilder (DBStoreBuilder.java:addTable(110)) - using custom profile for table: userTable
2019-09-16 17:08:31,586 [main] INFO  db.DBStoreBuilder (DBStoreBuilder.java:processTables(161)) - Using default column profile:DBProfile.DISK for Table:userTable
2019-09-16 17:08:31,587 [main] INFO  db.DBStoreBuilder (DBStoreBuilder.java:addTable(110)) - using custom profile for table: volumeTable
2019-09-16 17:08:31,587 [main] INFO  db.DBStoreBuilder (DBStoreBuilder.java:processTables(161)) - Using default column profile:DBProfile.DISK for Table:volumeTable
2019-09-16 17:08:31,587 [main] INFO  db.DBStoreBuilder (DBStoreBuilder.java:addTable(110)) - using custom profile for table: bucketTable
2019-09-16 17:08:31,587 [main] INFO  db.DBStoreBuilder (DBStoreBuilder.java:processTables(161)) - Using default column profile:DBProfile.DISK for Table:bucketTable
2019-09-16 17:08:31,587 [main] INFO  db.DBStoreBuilder (DBStoreBuilder.java:addTable(110)) - using custom profile for table: keyTable
2019-09-16 17:08:31,588 [main] INFO  db.DBStoreBuilder (DBStoreBuilder.java:processTables(161)) - Using default column profile:DBProfile.DISK for Table:keyTable
2019-09-16 17:08:31,588 [main] INFO  db.DBStoreBuilder (DBStoreBuilder.java:addTable(110)) - using custom profile for table: deletedTable
2019-09-16 17:08:31,588 [main] INFO  db.DBStoreBuilder (DBStoreBuilder.java:processTables(161)) - Using default column profile:DBProfile.DISK for Table:deletedTable
2019-09-16 17:08:31,588 [main] INFO  db.DBStoreBuilder (DBStoreBuilder.java:addTable(110)) - using custom profile for table: openKeyTable
2019-09-16 17:08:31,589 [main] INFO  db.DBStoreBuilder (DBStoreBuilder.java:processTables(161)) - Using default column profile:DBProfile.DISK for Table:openKeyTable
2019-09-16 17:08:31,589 [main] INFO  db.DBStoreBuilder (DBStoreBuilder.java:addTable(110)) - using custom profile for table: s3Table
2019-09-16 17:08:31,589 [main] INFO  db.DBStoreBuilder (DBStoreBuilder.java:processTables(161)) - Using default column profile:DBProfile.DISK for Table:s3Table
2019-09-16 17:08:31,589 [main] INFO  db.DBStoreBuilder (DBStoreBuilder.java:addTable(110)) - using custom profile for table: multipartInfoTable
2019-09-16 17:08:31,590 [main] INFO  db.DBStoreBuilder (DBStoreBuilder.java:processTables(161)) - Using default column profile:DBProfile.DISK for Table:multipartInfoTable
2019-09-16 17:08:31,590 [main] INFO  db.DBStoreBuilder (DBStoreBuilder.java:addTable(110)) - using custom profile for table: dTokenTable
2019-09-16 17:08:31,590 [main] INFO  db.DBStoreBuilder (DBStoreBuilder.java:processTables(161)) - Using default column profile:DBProfile.DISK for Table:dTokenTable
2019-09-16 17:08:31,590 [main] INFO  db.DBStoreBuilder (DBStoreBuilder.java:addTable(110)) - using custom profile for table: s3SecretTable
2019-09-16 17:08:31,591 [main] INFO  db.DBStoreBuilder (DBStoreBuilder.java:processTables(161)) - Using default column profile:DBProfile.DISK for Table:s3SecretTable
2019-09-16 17:08:31,591 [main] INFO  db.DBStoreBuilder (DBStoreBuilder.java:addTable(110)) - using custom profile for table: prefixTable
2019-09-16 17:08:31,591 [main] INFO  db.DBStoreBuilder (DBStoreBuilder.java:processTables(161)) - Using default column profile:DBProfile.DISK for Table:prefixTable
2019-09-16 17:08:31,591 [main] INFO  db.DBStoreBuilder (DBStoreBuilder.java:addTable(110)) - using custom profile for table: default
2019-09-16 17:08:31,592 [main] INFO  db.DBStoreBuilder (DBStoreBuilder.java:processTables(167)) - Using default column profile:DBProfile.DISK for Table:default
2019-09-16 17:08:31,592 [main] INFO  db.DBStoreBuilder (DBStoreBuilder.java:getDbProfile(198)) - Using default options. DBProfile.DISK
2019-09-16 17:08:32,056 [main] INFO  ipc.CallQueueManager (CallQueueManager.java:<init>(84)) - Using callQueue: class java.util.concurrent.LinkedBlockingQueue, queueCapacity: 2000, scheduler: class org.apache.hadoop.ipc.DefaultRpcScheduler, ipcBackoff: false.
2019-09-16 17:08:32,057 [Socket Reader #1 for port 45133] INFO  ipc.Server (Server.java:run(1074)) - Starting Socket Reader #1 for port 45133
2019-09-16 17:08:32,079 [main] INFO  om.OzoneManager (OzoneManager.java:start(1240)) - OzoneManager RPC server is listening at localhost/127.0.0.1:45133
2019-09-16 17:08:32,079 [main] INFO  impl.MetricsSystemImpl (MetricsSystemImpl.java:init(158)) - OzoneManager metrics system started (again)
2019-09-16 17:08:32,081 [IPC Server Responder] INFO  ipc.Server (Server.java:run(1314)) - IPC Server Responder: starting
2019-09-16 17:08:32,081 [IPC Server listener on 45133] INFO  ipc.Server (Server.java:run(1153)) - IPC Server listener on 45133: starting
2019-09-16 17:08:32,087 [main] INFO  hdfs.DFSUtil (DFSUtil.java:httpServerTemplateForNNAndJN(1641)) - Starting Web-server for ozoneManager at: http://0.0.0.0:0
2019-09-16 17:08:32,090 [main] INFO  server.AuthenticationFilter (AuthenticationFilter.java:constructSecretProvider(240)) - Unable to initialize FileSignerSecretProvider, falling back to use random secrets.
2019-09-16 17:08:32,090 [main] WARN  http.HttpRequestLog (HttpRequestLog.java:getRequestLog(97)) - Jetty request log can only be enabled using Log4j
2019-09-16 17:08:32,094 [main] INFO  http.HttpServer2 (HttpServer2.java:addGlobalFilter(975)) - Added global filter 'safety' (class=org.apache.hadoop.http.HttpServer2$QuotingInputFilter)
2019-09-16 17:08:32,096 [main] INFO  http.HttpServer2 (HttpServer2.java:addFilter(948)) - Added filter static_user_filter (class=org.apache.hadoop.http.lib.StaticUserWebFilter$StaticUserFilter) to context ozoneManager
2019-09-16 17:08:32,096 [main] INFO  http.HttpServer2 (HttpServer2.java:addFilter(958)) - Added filter static_user_filter (class=org.apache.hadoop.http.lib.StaticUserWebFilter$StaticUserFilter) to context logs
2019-09-16 17:08:32,097 [main] INFO  http.HttpServer2 (HttpServer2.java:addFilter(958)) - Added filter static_user_filter (class=org.apache.hadoop.http.lib.StaticUserWebFilter$StaticUserFilter) to context static
2019-09-16 17:08:32,100 [main] INFO  http.HttpServer2 (HttpServer2.java:bindListener(1191)) - Jetty bound to port 39323
2019-09-16 17:08:32,100 [main] INFO  server.Server (Server.java:doStart(351)) - jetty-9.3.24.v20180605, build timestamp: 2018-06-05T17:11:56Z, git hash: 84205aa28f11a4f31f2a3b86d1bba2cc8ab69827
2019-09-16 17:08:32,103 [main] INFO  handler.ContextHandler (ContextHandler.java:doStart(781)) - Started o.e.j.s.ServletContextHandler@6c37bd27{/logs,file:///workdir/hadoop-ozone/integration-test/target/log,AVAILABLE}
2019-09-16 17:08:32,104 [main] INFO  handler.ContextHandler (ContextHandler.java:doStart(781)) - Started o.e.j.s.ServletContextHandler@30331109{/static,file:///workdir/hadoop-ozone/integration-test/target/test-classes/webapps/static,AVAILABLE}
2019-09-16 17:08:32,112 [main] INFO  handler.ContextHandler (ContextHandler.java:doStart(781)) - Started o.e.j.w.WebAppContext@66e889df{/,file:///workdir/hadoop-ozone/integration-test/target/test-classes/webapps/ozoneManager/,AVAILABLE}{/ozoneManager}
2019-09-16 17:08:32,113 [main] INFO  server.AbstractConnector (AbstractConnector.java:doStart(278)) - Started ServerConnector@444548a0{HTTP/1.1,[http/1.1]}{0.0.0.0:39323}
2019-09-16 17:08:32,114 [main] INFO  server.Server (Server.java:doStart(419)) - Started @4327ms
2019-09-16 17:08:32,115 [main] WARN  impl.MetricsSystemImpl (MetricsSystemImpl.java:register(276)) - Sink prometheus already exists!
2019-09-16 17:08:32,116 [main] INFO  server.BaseHttpServer (BaseHttpServer.java:updateConnectorAddress(215)) - HTTP server of OZONEMANAGER is listening at http://0.0.0.0:39323
2019-09-16 17:08:32,476 [main] INFO  impl.MetricsSystemImpl (MetricsSystemImpl.java:init(158)) - HddsDatanode metrics system started (again)
2019-09-16 17:08:32,543 [main] INFO  ozone.HddsDatanodeService (HddsDatanodeService.java:start(184)) - HddsDatanodeService host:pr-hdds-2114-2x2fm-437316914 ip:192.168.151.75
2019-09-16 17:08:32,589 [main] INFO  volume.HddsVolume (HddsVolume.java:<init>(176)) - Creating Volume: /workdir/hadoop-ozone/integration-test/target/test-dir/MiniOzoneClusterImpl-25e77f6b-33bc-4e9f-9ff4-ac3a8a45a431/datanode-0/data/containers/hdds of  storage type : DISK and capacity : 1482555576320
2019-09-16 17:08:32,592 [main] INFO  volume.VolumeSet (VolumeSet.java:initializeVolumeSet(170)) - Added Volume : /workdir/hadoop-ozone/integration-test/target/test-dir/MiniOzoneClusterImpl-25e77f6b-33bc-4e9f-9ff4-ac3a8a45a431/datanode-0/data/containers/hdds to VolumeSet
2019-09-16 17:08:32,596 [main] INFO  volume.ThrottledAsyncChecker (ThrottledAsyncChecker.java:schedule(139)) - Scheduling a check for org.apache.hadoop.ozone.container.common.volume.HddsVolume@3c6aa04a
2019-09-16 17:08:32,616 [main] INFO  volume.HddsVolumeChecker (HddsVolumeChecker.java:checkAllVolumes(202)) - Scheduled health check for volume org.apache.hadoop.ozone.container.common.volume.HddsVolume@3c6aa04a
2019-09-16 17:08:32,729 [main] INFO  impl.RaftServerProxy (ConfUtils.java:logGet(43)) - raft.rpc.type = GRPC (default)
2019-09-16 17:08:32,806 [main] INFO  grpc.GrpcFactory (GrpcFactory.java:checkPooledByteBufAllocatorUseCacheForAllThreads(45)) - PERFORMANCE WARNING: useCacheForAllThreads is true that may cause Netty to create a lot garbage objects and, as a result, trigger GC.
	It is recommended to disable useCacheForAllThreads by setting -Dorg.apache.ratis.thirdparty.io.netty.allocator.useCacheForAllThreads=false in command line.
2019-09-16 17:08:32,812 [main] INFO  grpc.GrpcConfigKeys$Server (ConfUtils.java:logGet(43)) - raft.grpc.server.port = 0 (default)
2019-09-16 17:08:32,813 [main] INFO  server.GrpcService (ConfUtils.java:logGet(43)) - raft.grpc.message.size.max = 33570816 (custom)
2019-09-16 17:08:32,815 [main] INFO  server.RaftServerConfigKeys (ConfUtils.java:logGet(43)) - raft.server.log.appender.buffer.byte-limit = 33554432 (custom)
2019-09-16 17:08:32,816 [main] INFO  server.GrpcService (ConfUtils.java:logGet(43)) - raft.grpc.flow.control.window = 1MB (=1048576) (default)
2019-09-16 17:08:32,816 [main] INFO  server.RaftServerConfigKeys (ConfUtils.java:logGet(43)) - raft.server.rpc.request.timeout = 3000ms (default)
2019-09-16 17:08:32,995 [main] INFO  server.RaftServerConfigKeys (ConfUtils.java:logGet(43)) - raft.server.storage.dir = [/workdir/hadoop-ozone/integration-test/target/test-dir/MiniOzoneClusterImpl-25e77f6b-33bc-4e9f-9ff4-ac3a8a45a431/datanode-0/data/ratis] (custom)
2019-09-16 17:08:33,048 [main] INFO  hdfs.DFSUtil (DFSUtil.java:httpServerTemplateForNNAndJN(1641)) - Starting Web-server for hddsDatanode at: http://0.0.0.0:0
2019-09-16 17:08:33,051 [main] INFO  server.AuthenticationFilter (AuthenticationFilter.java:constructSecretProvider(240)) - Unable to initialize FileSignerSecretProvider, falling back to use random secrets.
2019-09-16 17:08:33,052 [main] WARN  http.HttpRequestLog (HttpRequestLog.java:getRequestLog(97)) - Jetty request log can only be enabled using Log4j
2019-09-16 17:08:33,055 [main] INFO  http.HttpServer2 (HttpServer2.java:addGlobalFilter(975)) - Added global filter 'safety' (class=org.apache.hadoop.http.HttpServer2$QuotingInputFilter)
2019-09-16 17:08:33,057 [main] INFO  http.HttpServer2 (HttpServer2.java:addFilter(948)) - Added filter static_user_filter (class=org.apache.hadoop.http.lib.StaticUserWebFilter$StaticUserFilter) to context hddsDatanode
2019-09-16 17:08:33,057 [main] INFO  http.HttpServer2 (HttpServer2.java:addFilter(958)) - Added filter static_user_filter (class=org.apache.hadoop.http.lib.StaticUserWebFilter$StaticUserFilter) to context logs
2019-09-16 17:08:33,058 [main] INFO  http.HttpServer2 (HttpServer2.java:addFilter(958)) - Added filter static_user_filter (class=org.apache.hadoop.http.lib.StaticUserWebFilter$StaticUserFilter) to context static
2019-09-16 17:08:33,059 [main] INFO  http.HttpServer2 (HttpServer2.java:bindListener(1191)) - Jetty bound to port 42118
2019-09-16 17:08:33,060 [main] INFO  server.Server (Server.java:doStart(351)) - jetty-9.3.24.v20180605, build timestamp: 2018-06-05T17:11:56Z, git hash: 84205aa28f11a4f31f2a3b86d1bba2cc8ab69827
2019-09-16 17:08:33,063 [main] INFO  handler.ContextHandler (ContextHandler.java:doStart(781)) - Started o.e.j.s.ServletContextHandler@38d17d80{/logs,file:///workdir/hadoop-ozone/integration-test/target/log,AVAILABLE}
2019-09-16 17:08:33,064 [main] INFO  handler.ContextHandler (ContextHandler.java:doStart(781)) - Started o.e.j.s.ServletContextHandler@66273da0{/static,jar:file:/home/user/.m2/repository/org/apache/hadoop/hadoop-hdds-container-service/0.5.0-SNAPSHOT/hadoop-hdds-container-service-0.5.0-SNAPSHOT.jar!/webapps/static,AVAILABLE}
2019-09-16 17:08:33,120 [main] INFO  handler.ContextHandler (ContextHandler.java:doStart(781)) - Started o.e.j.w.WebAppContext@26f46fa6{/,file:///tmp/jetty-0.0.0.0-42118-hddsDatanode-_-any-251118578125722224.dir/webapp/,AVAILABLE}{/hddsDatanode}
2019-09-16 17:08:33,121 [main] INFO  server.AbstractConnector (AbstractConnector.java:doStart(278)) - Started ServerConnector@227a47{HTTP/1.1,[http/1.1]}{0.0.0.0:42118}
2019-09-16 17:08:33,122 [main] INFO  server.Server (Server.java:doStart(419)) - Started @5336ms
2019-09-16 17:08:33,123 [main] WARN  impl.MetricsSystemImpl (MetricsSystemImpl.java:register(276)) - Sink prometheus already exists!
2019-09-16 17:08:33,125 [main] INFO  server.BaseHttpServer (BaseHttpServer.java:updateConnectorAddress(215)) - HTTP server of HDDSDATANODE is listening at http://0.0.0.0:42118
2019-09-16 17:08:33,126 [main] INFO  impl.MetricsSystemImpl (MetricsSystemImpl.java:init(158)) - HddsDatanode metrics system started (again)
2019-09-16 17:08:33,131 [main] INFO  ozone.HddsDatanodeService (HddsDatanodeService.java:start(184)) - HddsDatanodeService host:pr-hdds-2114-2x2fm-437316914 ip:192.168.151.75
2019-09-16 17:08:33,134 [org.apache.hadoop.util.JvmPauseMonitor$Monitor@7af5808e] INFO  util.JvmPauseMonitor (JvmPauseMonitor.java:run(188)) - Starting JVM pause monitor
2019-09-16 17:08:33,144 [main] INFO  volume.HddsVolume (HddsVolume.java:<init>(176)) - Creating Volume: /workdir/hadoop-ozone/integration-test/target/test-dir/MiniOzoneClusterImpl-25e77f6b-33bc-4e9f-9ff4-ac3a8a45a431/datanode-1/data/containers/hdds of  storage type : DISK and capacity : 1482555576320
2019-09-16 17:08:33,145 [main] INFO  volume.VolumeSet (VolumeSet.java:initializeVolumeSet(170)) - Added Volume : /workdir/hadoop-ozone/integration-test/target/test-dir/MiniOzoneClusterImpl-25e77f6b-33bc-4e9f-9ff4-ac3a8a45a431/datanode-1/data/containers/hdds to VolumeSet
2019-09-16 17:08:33,145 [main] INFO  volume.ThrottledAsyncChecker (ThrottledAsyncChecker.java:schedule(139)) - Scheduling a check for org.apache.hadoop.ozone.container.common.volume.HddsVolume@5b852b49
2019-09-16 17:08:33,146 [main] INFO  volume.HddsVolumeChecker (HddsVolumeChecker.java:checkAllVolumes(202)) - Scheduled health check for volume org.apache.hadoop.ozone.container.common.volume.HddsVolume@5b852b49
2019-09-16 17:08:33,170 [main] INFO  impl.RaftServerProxy (ConfUtils.java:logGet(43)) - raft.rpc.type = GRPC (default)
2019-09-16 17:08:33,171 [main] INFO  grpc.GrpcFactory (GrpcFactory.java:checkPooledByteBufAllocatorUseCacheForAllThreads(45)) - PERFORMANCE WARNING: useCacheForAllThreads is true that may cause Netty to create a lot garbage objects and, as a result, trigger GC.
	It is recommended to disable useCacheForAllThreads by setting -Dorg.apache.ratis.thirdparty.io.netty.allocator.useCacheForAllThreads=false in command line.
2019-09-16 17:08:33,171 [main] INFO  grpc.GrpcConfigKeys$Server (ConfUtils.java:logGet(43)) - raft.grpc.server.port = 0 (default)
2019-09-16 17:08:33,172 [main] INFO  server.GrpcService (ConfUtils.java:logGet(43)) - raft.grpc.message.size.max = 33570816 (custom)
2019-09-16 17:08:33,173 [main] INFO  server.RaftServerConfigKeys (ConfUtils.java:logGet(43)) - raft.server.log.appender.buffer.byte-limit = 33554432 (custom)
2019-09-16 17:08:33,173 [main] INFO  server.GrpcService (ConfUtils.java:logGet(43)) - raft.grpc.flow.control.window = 1MB (=1048576) (default)
2019-09-16 17:08:33,173 [main] INFO  server.RaftServerConfigKeys (ConfUtils.java:logGet(43)) - raft.server.rpc.request.timeout = 3000ms (default)
2019-09-16 17:08:33,174 [main] INFO  server.RaftServerConfigKeys (ConfUtils.java:logGet(43)) - raft.server.storage.dir = [/workdir/hadoop-ozone/integration-test/target/test-dir/MiniOzoneClusterImpl-25e77f6b-33bc-4e9f-9ff4-ac3a8a45a431/datanode-1/data/ratis] (custom)
2019-09-16 17:08:33,177 [main] INFO  hdfs.DFSUtil (DFSUtil.java:httpServerTemplateForNNAndJN(1641)) - Starting Web-server for hddsDatanode at: http://0.0.0.0:0
2019-09-16 17:08:33,179 [main] INFO  server.AuthenticationFilter (AuthenticationFilter.java:constructSecretProvider(240)) - Unable to initialize FileSignerSecretProvider, falling back to use random secrets.
2019-09-16 17:08:33,180 [main] WARN  http.HttpRequestLog (HttpRequestLog.java:getRequestLog(97)) - Jetty request log can only be enabled using Log4j
2019-09-16 17:08:33,183 [main] INFO  http.HttpServer2 (HttpServer2.java:addGlobalFilter(975)) - Added global filter 'safety' (class=org.apache.hadoop.http.HttpServer2$QuotingInputFilter)
2019-09-16 17:08:33,184 [main] INFO  http.HttpServer2 (HttpServer2.java:addFilter(948)) - Added filter static_user_filter (class=org.apache.hadoop.http.lib.StaticUserWebFilter$StaticUserFilter) to context hddsDatanode
2019-09-16 17:08:33,185 [main] INFO  http.HttpServer2 (HttpServer2.java:addFilter(958)) - Added filter static_user_filter (class=org.apache.hadoop.http.lib.StaticUserWebFilter$StaticUserFilter) to context static
2019-09-16 17:08:33,185 [main] INFO  http.HttpServer2 (HttpServer2.java:addFilter(958)) - Added filter static_user_filter (class=org.apache.hadoop.http.lib.StaticUserWebFilter$StaticUserFilter) to context logs
2019-09-16 17:08:33,186 [main] INFO  http.HttpServer2 (HttpServer2.java:bindListener(1191)) - Jetty bound to port 42690
2019-09-16 17:08:33,186 [main] INFO  server.Server (Server.java:doStart(351)) - jetty-9.3.24.v20180605, build timestamp: 2018-06-05T17:11:56Z, git hash: 84205aa28f11a4f31f2a3b86d1bba2cc8ab69827
2019-09-16 17:08:33,191 [main] INFO  handler.ContextHandler (ContextHandler.java:doStart(781)) - Started o.e.j.s.ServletContextHandler@46963479{/logs,file:///workdir/hadoop-ozone/integration-test/target/log,AVAILABLE}
2019-09-16 17:08:33,192 [main] INFO  handler.ContextHandler (ContextHandler.java:doStart(781)) - Started o.e.j.s.ServletContextHandler@6dd1c3ed{/static,jar:file:/home/user/.m2/repository/org/apache/hadoop/hadoop-hdds-container-service/0.5.0-SNAPSHOT/hadoop-hdds-container-service-0.5.0-SNAPSHOT.jar!/webapps/static,AVAILABLE}
2019-09-16 17:08:33,236 [main] INFO  handler.ContextHandler (ContextHandler.java:doStart(781)) - Started o.e.j.w.WebAppContext@3ed7821{/,file:///tmp/jetty-0.0.0.0-42690-hddsDatanode-_-any-7694058270395619951.dir/webapp/,AVAILABLE}{/hddsDatanode}
2019-09-16 17:08:33,237 [main] INFO  server.AbstractConnector (AbstractConnector.java:doStart(278)) - Started ServerConnector@3bbf841e{HTTP/1.1,[http/1.1]}{0.0.0.0:42690}
2019-09-16 17:08:33,238 [main] INFO  server.Server (Server.java:doStart(419)) - Started @5451ms
2019-09-16 17:08:33,239 [main] WARN  impl.MetricsSystemImpl (MetricsSystemImpl.java:register(276)) - Sink prometheus already exists!
2019-09-16 17:08:33,240 [main] INFO  server.BaseHttpServer (BaseHttpServer.java:updateConnectorAddress(215)) - HTTP server of HDDSDATANODE is listening at http://0.0.0.0:42690
2019-09-16 17:08:33,240 [main] INFO  impl.MetricsSystemImpl (MetricsSystemImpl.java:init(158)) - HddsDatanode metrics system started (again)
2019-09-16 17:08:33,244 [main] INFO  ozone.HddsDatanodeService (HddsDatanodeService.java:start(184)) - HddsDatanodeService host:pr-hdds-2114-2x2fm-437316914 ip:192.168.151.75
2019-09-16 17:08:33,244 [org.apache.hadoop.util.JvmPauseMonitor$Monitor@436a238f] INFO  util.JvmPauseMonitor (JvmPauseMonitor.java:run(188)) - Starting JVM pause monitor
2019-09-16 17:08:33,253 [main] INFO  volume.HddsVolume (HddsVolume.java:<init>(176)) - Creating Volume: /workdir/hadoop-ozone/integration-test/target/test-dir/MiniOzoneClusterImpl-25e77f6b-33bc-4e9f-9ff4-ac3a8a45a431/datanode-2/data/containers/hdds of  storage type : DISK and capacity : 1482555576320
2019-09-16 17:08:33,254 [main] INFO  volume.VolumeSet (VolumeSet.java:initializeVolumeSet(170)) - Added Volume : /workdir/hadoop-ozone/integration-test/target/test-dir/MiniOzoneClusterImpl-25e77f6b-33bc-4e9f-9ff4-ac3a8a45a431/datanode-2/data/containers/hdds to VolumeSet
2019-09-16 17:08:33,254 [main] INFO  volume.ThrottledAsyncChecker (ThrottledAsyncChecker.java:schedule(139)) - Scheduling a check for org.apache.hadoop.ozone.container.common.volume.HddsVolume@a451491
2019-09-16 17:08:33,255 [main] INFO  volume.HddsVolumeChecker (HddsVolumeChecker.java:checkAllVolumes(202)) - Scheduled health check for volume org.apache.hadoop.ozone.container.common.volume.HddsVolume@a451491
2019-09-16 17:08:33,264 [Datanode State Machine Thread - 0] INFO  datanode.InitDatanodeState (InitDatanodeState.java:persistContainerDatanodeDetails(140)) - DatanodeDetails is persisted to /workdir/hadoop-ozone/integration-test/target/test-dir/MiniOzoneClusterImpl-25e77f6b-33bc-4e9f-9ff4-ac3a8a45a431/datanode-0/meta/datanode.id
2019-09-16 17:08:33,269 [Datanode State Machine Thread - 0] INFO  datanode.InitDatanodeState (InitDatanodeState.java:persistContainerDatanodeDetails(140)) - DatanodeDetails is persisted to /workdir/hadoop-ozone/integration-test/target/test-dir/MiniOzoneClusterImpl-25e77f6b-33bc-4e9f-9ff4-ac3a8a45a431/datanode-1/meta/datanode.id
2019-09-16 17:08:33,274 [main] INFO  impl.RaftServerProxy (ConfUtils.java:logGet(43)) - raft.rpc.type = GRPC (default)
2019-09-16 17:08:33,274 [main] INFO  grpc.GrpcFactory (GrpcFactory.java:checkPooledByteBufAllocatorUseCacheForAllThreads(45)) - PERFORMANCE WARNING: useCacheForAllThreads is true that may cause Netty to create a lot garbage objects and, as a result, trigger GC.
	It is recommended to disable useCacheForAllThreads by setting -Dorg.apache.ratis.thirdparty.io.netty.allocator.useCacheForAllThreads=false in command line.
2019-09-16 17:08:33,275 [main] INFO  grpc.GrpcConfigKeys$Server (ConfUtils.java:logGet(43)) - raft.grpc.server.port = 0 (default)
2019-09-16 17:08:33,275 [main] INFO  server.GrpcService (ConfUtils.java:logGet(43)) - raft.grpc.message.size.max = 33570816 (custom)
2019-09-16 17:08:33,275 [main] INFO  server.RaftServerConfigKeys (ConfUtils.java:logGet(43)) - raft.server.log.appender.buffer.byte-limit = 33554432 (custom)
2019-09-16 17:08:33,275 [main] INFO  server.GrpcService (ConfUtils.java:logGet(43)) - raft.grpc.flow.control.window = 1MB (=1048576) (default)
2019-09-16 17:08:33,276 [main] INFO  server.RaftServerConfigKeys (ConfUtils.java:logGet(43)) - raft.server.rpc.request.timeout = 3000ms (default)
2019-09-16 17:08:33,276 [main] INFO  server.RaftServerConfigKeys (ConfUtils.java:logGet(43)) - raft.server.storage.dir = [/workdir/hadoop-ozone/integration-test/target/test-dir/MiniOzoneClusterImpl-25e77f6b-33bc-4e9f-9ff4-ac3a8a45a431/datanode-2/data/ratis] (custom)
2019-09-16 17:08:33,278 [main] INFO  hdfs.DFSUtil (DFSUtil.java:httpServerTemplateForNNAndJN(1641)) - Starting Web-server for hddsDatanode at: http://0.0.0.0:0
2019-09-16 17:08:33,280 [main] INFO  server.AuthenticationFilter (AuthenticationFilter.java:constructSecretProvider(240)) - Unable to initialize FileSignerSecretProvider, falling back to use random secrets.
2019-09-16 17:08:33,280 [main] WARN  http.HttpRequestLog (HttpRequestLog.java:getRequestLog(97)) - Jetty request log can only be enabled using Log4j
2019-09-16 17:08:33,282 [main] INFO  http.HttpServer2 (HttpServer2.java:addGlobalFilter(975)) - Added global filter 'safety' (class=org.apache.hadoop.http.HttpServer2$QuotingInputFilter)
2019-09-16 17:08:33,282 [main] INFO  http.HttpServer2 (HttpServer2.java:addFilter(948)) - Added filter static_user_filter (class=org.apache.hadoop.http.lib.StaticUserWebFilter$StaticUserFilter) to context hddsDatanode
2019-09-16 17:08:33,283 [main] INFO  http.HttpServer2 (HttpServer2.java:addFilter(958)) - Added filter static_user_filter (class=org.apache.hadoop.http.lib.StaticUserWebFilter$StaticUserFilter) to context logs
2019-09-16 17:08:33,283 [main] INFO  http.HttpServer2 (HttpServer2.java:addFilter(958)) - Added filter static_user_filter (class=org.apache.hadoop.http.lib.StaticUserWebFilter$StaticUserFilter) to context static
2019-09-16 17:08:33,284 [main] INFO  http.HttpServer2 (HttpServer2.java:bindListener(1191)) - Jetty bound to port 45709
2019-09-16 17:08:33,284 [main] INFO  server.Server (Server.java:doStart(351)) - jetty-9.3.24.v20180605, build timestamp: 2018-06-05T17:11:56Z, git hash: 84205aa28f11a4f31f2a3b86d1bba2cc8ab69827
2019-09-16 17:08:33,286 [main] INFO  handler.ContextHandler (ContextHandler.java:doStart(781)) - Started o.e.j.s.ServletContextHandler@6cc86152{/logs,file:///workdir/hadoop-ozone/integration-test/target/log,AVAILABLE}
2019-09-16 17:08:33,286 [main] INFO  handler.ContextHandler (ContextHandler.java:doStart(781)) - Started o.e.j.s.ServletContextHandler@7cbeac65{/static,jar:file:/home/user/.m2/repository/org/apache/hadoop/hadoop-hdds-container-service/0.5.0-SNAPSHOT/hadoop-hdds-container-service-0.5.0-SNAPSHOT.jar!/webapps/static,AVAILABLE}
2019-09-16 17:08:33,316 [main] INFO  handler.ContextHandler (ContextHandler.java:doStart(781)) - Started o.e.j.w.WebAppContext@1cd3b138{/,file:///tmp/jetty-0.0.0.0-45709-hddsDatanode-_-any-7661285767139214361.dir/webapp/,AVAILABLE}{/hddsDatanode}
2019-09-16 17:08:33,317 [main] INFO  server.AbstractConnector (AbstractConnector.java:doStart(278)) - Started ServerConnector@151bf776{HTTP/1.1,[http/1.1]}{0.0.0.0:45709}
2019-09-16 17:08:33,318 [main] INFO  server.Server (Server.java:doStart(419)) - Started @5531ms
2019-09-16 17:08:33,319 [main] WARN  impl.MetricsSystemImpl (MetricsSystemImpl.java:register(276)) - Sink prometheus already exists!
2019-09-16 17:08:33,320 [main] INFO  server.BaseHttpServer (BaseHttpServer.java:updateConnectorAddress(215)) - HTTP server of HDDSDATANODE is listening at http://0.0.0.0:45709
2019-09-16 17:08:33,321 [main] INFO  impl.MetricsSystemImpl (MetricsSystemImpl.java:init(158)) - HddsDatanode metrics system started (again)
2019-09-16 17:08:33,324 [org.apache.hadoop.util.JvmPauseMonitor$Monitor@41e6c9ea] INFO  util.JvmPauseMonitor (JvmPauseMonitor.java:run(188)) - Starting JVM pause monitor
2019-09-16 17:08:33,325 [main] INFO  ozone.HddsDatanodeService (HddsDatanodeService.java:start(184)) - HddsDatanodeService host:pr-hdds-2114-2x2fm-437316914 ip:192.168.151.75
2019-09-16 17:08:33,328 [Datanode State Machine Thread - 0] INFO  datanode.InitDatanodeState (InitDatanodeState.java:persistContainerDatanodeDetails(140)) - DatanodeDetails is persisted to /workdir/hadoop-ozone/integration-test/target/test-dir/MiniOzoneClusterImpl-25e77f6b-33bc-4e9f-9ff4-ac3a8a45a431/datanode-2/meta/datanode.id
2019-09-16 17:08:33,337 [main] INFO  volume.HddsVolume (HddsVolume.java:<init>(176)) - Creating Volume: /workdir/hadoop-ozone/integration-test/target/test-dir/MiniOzoneClusterImpl-25e77f6b-33bc-4e9f-9ff4-ac3a8a45a431/datanode-3/data/containers/hdds of  storage type : DISK and capacity : 1482555576320
2019-09-16 17:08:33,339 [main] INFO  volume.VolumeSet (VolumeSet.java:initializeVolumeSet(170)) - Added Volume : /workdir/hadoop-ozone/integration-test/target/test-dir/MiniOzoneClusterImpl-25e77f6b-33bc-4e9f-9ff4-ac3a8a45a431/datanode-3/data/containers/hdds to VolumeSet
2019-09-16 17:08:33,339 [main] INFO  volume.ThrottledAsyncChecker (ThrottledAsyncChecker.java:schedule(139)) - Scheduling a check for org.apache.hadoop.ozone.container.common.volume.HddsVolume@59cda16e
2019-09-16 17:08:33,341 [main] INFO  volume.HddsVolumeChecker (HddsVolumeChecker.java:checkAllVolumes(202)) - Scheduled health check for volume org.apache.hadoop.ozone.container.common.volume.HddsVolume@59cda16e
2019-09-16 17:08:33,369 [main] INFO  impl.RaftServerProxy (ConfUtils.java:logGet(43)) - raft.rpc.type = GRPC (default)
2019-09-16 17:08:33,369 [main] INFO  grpc.GrpcFactory (GrpcFactory.java:checkPooledByteBufAllocatorUseCacheForAllThreads(45)) - PERFORMANCE WARNING: useCacheForAllThreads is true that may cause Netty to create a lot garbage objects and, as a result, trigger GC.
	It is recommended to disable useCacheForAllThreads by setting -Dorg.apache.ratis.thirdparty.io.netty.allocator.useCacheForAllThreads=false in command line.
2019-09-16 17:08:33,370 [main] INFO  grpc.GrpcConfigKeys$Server (ConfUtils.java:logGet(43)) - raft.grpc.server.port = 0 (default)
2019-09-16 17:08:33,370 [main] INFO  server.GrpcService (ConfUtils.java:logGet(43)) - raft.grpc.message.size.max = 33570816 (custom)
2019-09-16 17:08:33,370 [main] INFO  server.RaftServerConfigKeys (ConfUtils.java:logGet(43)) - raft.server.log.appender.buffer.byte-limit = 33554432 (custom)
2019-09-16 17:08:33,371 [main] INFO  server.GrpcService (ConfUtils.java:logGet(43)) - raft.grpc.flow.control.window = 1MB (=1048576) (default)
2019-09-16 17:08:33,371 [main] INFO  server.RaftServerConfigKeys (ConfUtils.java:logGet(43)) - raft.server.rpc.request.timeout = 3000ms (default)
2019-09-16 17:08:33,372 [main] INFO  server.RaftServerConfigKeys (ConfUtils.java:logGet(43)) - raft.server.storage.dir = [/workdir/hadoop-ozone/integration-test/target/test-dir/MiniOzoneClusterImpl-25e77f6b-33bc-4e9f-9ff4-ac3a8a45a431/datanode-3/data/ratis] (custom)
2019-09-16 17:08:33,374 [main] INFO  hdfs.DFSUtil (DFSUtil.java:httpServerTemplateForNNAndJN(1641)) - Starting Web-server for hddsDatanode at: http://0.0.0.0:0
2019-09-16 17:08:33,376 [main] INFO  server.AuthenticationFilter (AuthenticationFilter.java:constructSecretProvider(240)) - Unable to initialize FileSignerSecretProvider, falling back to use random secrets.
2019-09-16 17:08:33,376 [main] WARN  http.HttpRequestLog (HttpRequestLog.java:getRequestLog(97)) - Jetty request log can only be enabled using Log4j
2019-09-16 17:08:33,378 [main] INFO  http.HttpServer2 (HttpServer2.java:addGlobalFilter(975)) - Added global filter 'safety' (class=org.apache.hadoop.http.HttpServer2$QuotingInputFilter)
2019-09-16 17:08:33,379 [main] INFO  http.HttpServer2 (HttpServer2.java:addFilter(948)) - Added filter static_user_filter (class=org.apache.hadoop.http.lib.StaticUserWebFilter$StaticUserFilter) to context hddsDatanode
2019-09-16 17:08:33,379 [main] INFO  http.HttpServer2 (HttpServer2.java:addFilter(958)) - Added filter static_user_filter (class=org.apache.hadoop.http.lib.StaticUserWebFilter$StaticUserFilter) to context static
2019-09-16 17:08:33,379 [main] INFO  http.HttpServer2 (HttpServer2.java:addFilter(958)) - Added filter static_user_filter (class=org.apache.hadoop.http.lib.StaticUserWebFilter$StaticUserFilter) to context logs
2019-09-16 17:08:33,380 [main] INFO  http.HttpServer2 (HttpServer2.java:bindListener(1191)) - Jetty bound to port 34141
2019-09-16 17:08:33,380 [main] INFO  server.Server (Server.java:doStart(351)) - jetty-9.3.24.v20180605, build timestamp: 2018-06-05T17:11:56Z, git hash: 84205aa28f11a4f31f2a3b86d1bba2cc8ab69827
2019-09-16 17:08:33,388 [main] INFO  handler.ContextHandler (ContextHandler.java:doStart(781)) - Started o.e.j.s.ServletContextHandler@6540cf1d{/logs,file:///workdir/hadoop-ozone/integration-test/target/log,AVAILABLE}
2019-09-16 17:08:33,389 [main] INFO  handler.ContextHandler (ContextHandler.java:doStart(781)) - Started o.e.j.s.ServletContextHandler@bc042d5{/static,jar:file:/home/user/.m2/repository/org/apache/hadoop/hadoop-hdds-container-service/0.5.0-SNAPSHOT/hadoop-hdds-container-service-0.5.0-SNAPSHOT.jar!/webapps/static,AVAILABLE}
2019-09-16 17:08:33,420 [main] INFO  handler.ContextHandler (ContextHandler.java:doStart(781)) - Started o.e.j.w.WebAppContext@5634d0f4{/,file:///tmp/jetty-0.0.0.0-34141-hddsDatanode-_-any-6308250409247995697.dir/webapp/,AVAILABLE}{/hddsDatanode}
2019-09-16 17:08:33,421 [main] INFO  server.AbstractConnector (AbstractConnector.java:doStart(278)) - Started ServerConnector@252a8aae{HTTP/1.1,[http/1.1]}{0.0.0.0:34141}
2019-09-16 17:08:33,422 [main] INFO  server.Server (Server.java:doStart(419)) - Started @5635ms
2019-09-16 17:08:33,423 [main] WARN  impl.MetricsSystemImpl (MetricsSystemImpl.java:register(276)) - Sink prometheus already exists!
2019-09-16 17:08:33,424 [main] INFO  server.BaseHttpServer (BaseHttpServer.java:updateConnectorAddress(215)) - HTTP server of HDDSDATANODE is listening at http://0.0.0.0:34141
2019-09-16 17:08:33,427 [main] INFO  ozone.MiniOzoneClusterImpl (MiniOzoneClusterImpl.java:lambda$waitForClusterToBeReady$0(140)) - Waiting for cluster to be ready. Got 0 of 4 DN Heartbeats.
2019-09-16 17:08:33,427 [org.apache.hadoop.util.JvmPauseMonitor$Monitor@4afefd04] INFO  util.JvmPauseMonitor (JvmPauseMonitor.java:run(188)) - Starting JVM pause monitor
2019-09-16 17:08:33,431 [Datanode State Machine Thread - 0] INFO  datanode.InitDatanodeState (InitDatanodeState.java:persistContainerDatanodeDetails(140)) - DatanodeDetails is persisted to /workdir/hadoop-ozone/integration-test/target/test-dir/MiniOzoneClusterImpl-25e77f6b-33bc-4e9f-9ff4-ac3a8a45a431/datanode-3/meta/datanode.id
2019-09-16 17:08:34,427 [main] INFO  ozone.MiniOzoneClusterImpl (MiniOzoneClusterImpl.java:lambda$waitForClusterToBeReady$0(140)) - Waiting for cluster to be ready. Got 0 of 4 DN Heartbeats.
2019-09-16 17:08:35,204 [Datanode State Machine Thread - 0] INFO  ozoneimpl.OzoneContainer (OzoneContainer.java:start(217)) - Attempting to start container services.
2019-09-16 17:08:35,208 [Datanode State Machine Thread - 0] INFO  ozoneimpl.OzoneContainer (OzoneContainer.java:startContainerScrub(179)) - Background container scanner has been disabled.
2019-09-16 17:08:35,208 [Datanode State Machine Thread - 0] INFO  ratis.XceiverServerRatis (XceiverServerRatis.java:start(404)) - Starting XceiverServerRatis 21312e21-4e93-48ae-b57d-2154aed46145 at port 0
2019-09-16 17:08:35,238 [Datanode State Machine Thread - 0] INFO  impl.RaftServerProxy (RaftServerProxy.java:lambda$start$3(299)) - 21312e21-4e93-48ae-b57d-2154aed46145: start RPC server
2019-09-16 17:08:35,261 [Datanode State Machine Thread - 0] INFO  ozoneimpl.OzoneContainer (OzoneContainer.java:start(217)) - Attempting to start container services.
2019-09-16 17:08:35,269 [Datanode State Machine Thread - 0] INFO  ozoneimpl.OzoneContainer (OzoneContainer.java:startContainerScrub(179)) - Background container scanner has been disabled.
2019-09-16 17:08:35,269 [Datanode State Machine Thread - 0] INFO  ratis.XceiverServerRatis (XceiverServerRatis.java:start(404)) - Starting XceiverServerRatis 34f08b31-c8b3-482b-8cc3-6b2bf7238fa6 at port 0
2019-09-16 17:08:35,281 [Datanode State Machine Thread - 0] INFO  impl.RaftServerProxy (RaftServerProxy.java:lambda$start$3(299)) - 34f08b31-c8b3-482b-8cc3-6b2bf7238fa6: start RPC server
2019-09-16 17:08:35,340 [Datanode State Machine Thread - 0] INFO  ozoneimpl.OzoneContainer (OzoneContainer.java:start(217)) - Attempting to start container services.
2019-09-16 17:08:35,343 [Datanode State Machine Thread - 0] INFO  ozoneimpl.OzoneContainer (OzoneContainer.java:startContainerScrub(179)) - Background container scanner has been disabled.
2019-09-16 17:08:35,343 [Datanode State Machine Thread - 0] INFO  ratis.XceiverServerRatis (XceiverServerRatis.java:start(404)) - Starting XceiverServerRatis b02ccc6f-e83e-4b2b-a54f-39751fc192c5 at port 0
2019-09-16 17:08:35,353 [Datanode State Machine Thread - 0] INFO  impl.RaftServerProxy (RaftServerProxy.java:lambda$start$3(299)) - b02ccc6f-e83e-4b2b-a54f-39751fc192c5: start RPC server
2019-09-16 17:08:35,400 [Datanode State Machine Thread - 0] INFO  server.GrpcService (GrpcService.java:startImpl(158)) - 34f08b31-c8b3-482b-8cc3-6b2bf7238fa6: GrpcService started, listening on 0.0.0.0/0.0.0.0:41780
2019-09-16 17:08:35,400 [Datanode State Machine Thread - 0] INFO  server.GrpcService (GrpcService.java:startImpl(158)) - b02ccc6f-e83e-4b2b-a54f-39751fc192c5: GrpcService started, listening on 0.0.0.0/0.0.0.0:39809
2019-09-16 17:08:35,400 [Datanode State Machine Thread - 0] INFO  server.GrpcService (GrpcService.java:startImpl(158)) - 21312e21-4e93-48ae-b57d-2154aed46145: GrpcService started, listening on 0.0.0.0/0.0.0.0:35602
2019-09-16 17:08:35,402 [Datanode State Machine Thread - 0] INFO  ratis.XceiverServerRatis (XceiverServerRatis.java:start(414)) - XceiverServerRatis b02ccc6f-e83e-4b2b-a54f-39751fc192c5 is started using port 39809
2019-09-16 17:08:35,401 [Datanode State Machine Thread - 0] INFO  ratis.XceiverServerRatis (XceiverServerRatis.java:start(414)) - XceiverServerRatis 34f08b31-c8b3-482b-8cc3-6b2bf7238fa6 is started using port 41780
2019-09-16 17:08:35,402 [Datanode State Machine Thread - 0] INFO  ratis.XceiverServerRatis (XceiverServerRatis.java:start(414)) - XceiverServerRatis 21312e21-4e93-48ae-b57d-2154aed46145 is started using port 35602
2019-09-16 17:08:35,408 [Datanode State Machine Thread - 0] INFO  server.XceiverServerGrpc (XceiverServerGrpc.java:start(163)) - XceiverServerGrpc 21312e21-4e93-48ae-b57d-2154aed46145 is started using port 44886
2019-09-16 17:08:35,408 [Datanode State Machine Thread - 0] INFO  server.XceiverServerGrpc (XceiverServerGrpc.java:start(163)) - XceiverServerGrpc b02ccc6f-e83e-4b2b-a54f-39751fc192c5 is started using port 39796
2019-09-16 17:08:35,408 [Datanode State Machine Thread - 0] INFO  server.XceiverServerGrpc (XceiverServerGrpc.java:start(163)) - XceiverServerGrpc 34f08b31-c8b3-482b-8cc3-6b2bf7238fa6 is started using port 43516
2019-09-16 17:08:35,428 [main] INFO  ozone.MiniOzoneClusterImpl (MiniOzoneClusterImpl.java:lambda$waitForClusterToBeReady$0(140)) - Waiting for cluster to be ready. Got 0 of 4 DN Heartbeats.
2019-09-16 17:08:35,442 [Datanode State Machine Thread - 0] INFO  ozoneimpl.OzoneContainer (OzoneContainer.java:start(217)) - Attempting to start container services.
2019-09-16 17:08:35,445 [Datanode State Machine Thread - 0] INFO  ozoneimpl.OzoneContainer (OzoneContainer.java:startContainerScrub(179)) - Background container scanner has been disabled.
2019-09-16 17:08:35,445 [Datanode State Machine Thread - 0] INFO  ratis.XceiverServerRatis (XceiverServerRatis.java:start(404)) - Starting XceiverServerRatis 42b5d587-be00-4d52-9380-4f9fa07a292a at port 0
2019-09-16 17:08:35,453 [Datanode State Machine Thread - 0] INFO  impl.RaftServerProxy (RaftServerProxy.java:lambda$start$3(299)) - 42b5d587-be00-4d52-9380-4f9fa07a292a: start RPC server
2019-09-16 17:08:35,457 [Datanode State Machine Thread - 0] INFO  server.GrpcService (GrpcService.java:startImpl(158)) - 42b5d587-be00-4d52-9380-4f9fa07a292a: GrpcService started, listening on 0.0.0.0/0.0.0.0:40547
2019-09-16 17:08:35,457 [Datanode State Machine Thread - 0] INFO  ratis.XceiverServerRatis (XceiverServerRatis.java:start(414)) - XceiverServerRatis 42b5d587-be00-4d52-9380-4f9fa07a292a is started using port 40547
2019-09-16 17:08:35,460 [Datanode State Machine Thread - 0] INFO  server.XceiverServerGrpc (XceiverServerGrpc.java:start(163)) - XceiverServerGrpc 42b5d587-be00-4d52-9380-4f9fa07a292a is started using port 45073
2019-09-16 17:08:36,429 [main] INFO  ozone.MiniOzoneClusterImpl (MiniOzoneClusterImpl.java:lambda$waitForClusterToBeReady$0(140)) - Waiting for cluster to be ready. Got 0 of 4 DN Heartbeats.
2019-09-16 17:08:37,181 [IPC Server handler 0 on 42446] INFO  net.NetworkTopology (NetworkTopologyImpl.java:add(110)) - Added a new node: /default-rack/21312e21-4e93-48ae-b57d-2154aed46145
2019-09-16 17:08:37,182 [IPC Server handler 0 on 42446] INFO  node.SCMNodeManager (SCMNodeManager.java:register(266)) - Registered Data node : 21312e21-4e93-48ae-b57d-2154aed46145{ip: 192.168.151.75, host: pr-hdds-2114-2x2fm-437316914, networkLocation: /default-rack, certSerialId: null}
2019-09-16 17:08:37,188 [EventQueue-NodeRegistrationContainerReportForDataNodeSafeModeRule] INFO  safemode.SCMSafeModeManager (DataNodeSafeModeRule.java:process(71)) - SCM in safe mode. 1 DataNodes registered, 1 required.
2019-09-16 17:08:37,188 [EventQueue-NodeRegistrationContainerReportForDataNodeSafeModeRule] INFO  safemode.SCMSafeModeManager (SCMSafeModeManager.java:validateSafeModeExitRules(177)) - ScmSafeModeManager, all rules are successfully validated
2019-09-16 17:08:37,188 [EventQueue-NodeRegistrationContainerReportForDataNodeSafeModeRule] INFO  safemode.SCMSafeModeManager (SCMSafeModeManager.java:exitSafeMode(193)) - SCM exiting safe mode.
2019-09-16 17:08:37,247 [IPC Server handler 1 on 42446] INFO  net.NetworkTopology (NetworkTopologyImpl.java:add(110)) - Added a new node: /default-rack/34f08b31-c8b3-482b-8cc3-6b2bf7238fa6
2019-09-16 17:08:37,248 [IPC Server handler 1 on 42446] INFO  node.SCMNodeManager (SCMNodeManager.java:register(266)) - Registered Data node : 34f08b31-c8b3-482b-8cc3-6b2bf7238fa6{ip: 192.168.151.75, host: pr-hdds-2114-2x2fm-437316914, networkLocation: /default-rack, certSerialId: null}
2019-09-16 17:08:37,328 [IPC Server handler 2 on 42446] INFO  net.NetworkTopology (NetworkTopologyImpl.java:add(110)) - Added a new node: /default-rack/b02ccc6f-e83e-4b2b-a54f-39751fc192c5
2019-09-16 17:08:37,328 [IPC Server handler 2 on 42446] INFO  node.SCMNodeManager (SCMNodeManager.java:register(266)) - Registered Data node : b02ccc6f-e83e-4b2b-a54f-39751fc192c5{ip: 192.168.151.75, host: pr-hdds-2114-2x2fm-437316914, networkLocation: /default-rack, certSerialId: null}
2019-09-16 17:08:37,429 [main] INFO  ozone.MiniOzoneClusterImpl (MiniOzoneClusterImpl.java:lambda$waitForClusterToBeReady$0(140)) - Waiting for cluster to be ready. Got 3 of 4 DN Heartbeats.
2019-09-16 17:08:37,430 [IPC Server handler 4 on 42446] INFO  net.NetworkTopology (NetworkTopologyImpl.java:add(110)) - Added a new node: /default-rack/42b5d587-be00-4d52-9380-4f9fa07a292a
2019-09-16 17:08:37,431 [IPC Server handler 4 on 42446] INFO  node.SCMNodeManager (SCMNodeManager.java:register(266)) - Registered Data node : 42b5d587-be00-4d52-9380-4f9fa07a292a{ip: 192.168.151.75, host: pr-hdds-2114-2x2fm-437316914, networkLocation: /default-rack, certSerialId: null}
2019-09-16 17:08:37,760 [grpc-default-executor-0] INFO  impl.RaftServerProxy (RaftServerProxy.java:addNew(89)) - 21312e21-4e93-48ae-b57d-2154aed46145: addNew group-B71475DC7683:[21312e21-4e93-48ae-b57d-2154aed46145:192.168.151.75:35602] returns group-B71475DC7683:java.util.concurrent.CompletableFuture@586eb702[Not completed]
2019-09-16 17:08:37,778 [pool-27-thread-1] INFO  impl.RaftServerImpl (RaftServerImpl.java:<init>(95)) - 21312e21-4e93-48ae-b57d-2154aed46145: new RaftServerImpl for group-B71475DC7683:[21312e21-4e93-48ae-b57d-2154aed46145:192.168.151.75:35602] with ContainerStateMachine:uninitialized
2019-09-16 17:08:37,781 [pool-27-thread-1] INFO  server.RaftServerConfigKeys (ConfUtils.java:logGet(43)) - raft.server.rpc.timeout.min = 5s (custom)
2019-09-16 17:08:37,783 [pool-27-thread-1] INFO  server.RaftServerConfigKeys (ConfUtils.java:logGet(43)) - raft.server.rpc.timeout.max = 5200ms (custom)
2019-09-16 17:08:37,783 [pool-27-thread-1] INFO  server.RaftServerConfigKeys (ConfUtils.java:logGet(43)) - raft.server.rpcslowness.timeout = 1000s (custom)
2019-09-16 17:08:37,784 [pool-27-thread-1] INFO  server.RaftServerConfigKeys (ConfUtils.java:logGet(43)) - raft.server.sleep.deviation.threshold = 300 (default)
2019-09-16 17:08:37,785 [pool-27-thread-1] INFO  server.RaftServerConfigKeys (ConfUtils.java:logGet(43)) - raft.server.log.appender.install.snapshot.enabled = false (custom)
2019-09-16 17:08:37,793 [pool-27-thread-1] INFO  impl.RaftServerImpl (ServerState.java:<init>(103)) - 21312e21-4e93-48ae-b57d-2154aed46145@group-B71475DC7683: ConfigurationManager, init=-1: [21312e21-4e93-48ae-b57d-2154aed46145:192.168.151.75:35602], old=null, confs=<EMPTY_MAP>
2019-09-16 17:08:37,793 [pool-27-thread-1] INFO  server.RaftServerConfigKeys (ConfUtils.java:logGet(43)) - raft.server.storage.dir = [/workdir/hadoop-ozone/integration-test/target/test-dir/MiniOzoneClusterImpl-25e77f6b-33bc-4e9f-9ff4-ac3a8a45a431/datanode-0/data/ratis] (custom)
2019-09-16 17:08:37,801 [pool-27-thread-1] INFO  storage.RaftStorageDirectory (RaftStorageDirectory.java:analyzeStorage(246)) - The storage directory /workdir/hadoop-ozone/integration-test/target/test-dir/MiniOzoneClusterImpl-25e77f6b-33bc-4e9f-9ff4-ac3a8a45a431/datanode-0/data/ratis/02971554-fe20-481d-aae8-b71475dc7683 does not exist. Creating ...
2019-09-16 17:08:37,818 [pool-27-thread-1] INFO  storage.RaftStorageDirectory (RaftStorageDirectory.java:tryLock(328)) - Lock on /workdir/hadoop-ozone/integration-test/target/test-dir/MiniOzoneClusterImpl-25e77f6b-33bc-4e9f-9ff4-ac3a8a45a431/datanode-0/data/ratis/02971554-fe20-481d-aae8-b71475dc7683/in_use.lock acquired by nodename 14172@pr-hdds-2114-2x2fm-437316914
2019-09-16 17:08:37,837 [pool-27-thread-1] INFO  storage.RaftStorage (RaftStorage.java:format(72)) - Storage directory /workdir/hadoop-ozone/integration-test/target/test-dir/MiniOzoneClusterImpl-25e77f6b-33bc-4e9f-9ff4-ac3a8a45a431/datanode-0/data/ratis/02971554-fe20-481d-aae8-b71475dc7683 has been successfully formatted.
2019-09-16 17:08:37,839 [pool-27-thread-1] INFO  ratis.ContainerStateMachine (ContainerStateMachine.java:loadSnapshot(230)) - group-B71475DC7683: The snapshot info is null. Setting the last applied indexto:(t:0, i:~)
2019-09-16 17:08:37,839 [pool-27-thread-1] INFO  server.RaftServerConfigKeys (ConfUtils.java:logGet(43)) - raft.server.notification.no-leader.timeout = 1000s (custom)
2019-09-16 17:08:37,841 [pool-27-thread-1] INFO  server.RaftServerConfigKeys (ConfUtils.java:logGet(43)) - raft.server.log.use.memory = false (default)
2019-09-16 17:08:37,847 [pool-27-thread-1] INFO  server.RaftServerConfigKeys (ConfUtils.java:logGet(43)) - raft.server.log.purge.gap = 1000000 (custom)
2019-09-16 17:08:37,847 [pool-27-thread-1] INFO  server.RaftServerConfigKeys (ConfUtils.java:logGet(43)) - raft.server.log.appender.buffer.byte-limit = 33554432 (custom)
2019-09-16 17:08:37,849 [pool-27-thread-1] INFO  server.RaftServerConfigKeys (ConfUtils.java:logGet(43)) - raft.server.log.segment.size.max = 1048576 (custom)
2019-09-16 17:08:37,853 [pool-27-thread-1] INFO  server.RaftServerConfigKeys (ConfUtils.java:logGet(43)) - raft.server.log.segment.cache.num.max = 2 (custom)
2019-09-16 17:08:37,858 [pool-27-thread-1] INFO  segmented.SegmentedRaftLogWorker (SegmentedRaftLogWorker.java:<init>(172)) - new 21312e21-4e93-48ae-b57d-2154aed46145@group-B71475DC7683-SegmentedRaftLogWorker for RaftStorage:Storage Directory /workdir/hadoop-ozone/integration-test/target/test-dir/MiniOzoneClusterImpl-25e77f6b-33bc-4e9f-9ff4-ac3a8a45a431/datanode-0/data/ratis/02971554-fe20-481d-aae8-b71475dc7683
2019-09-16 17:08:37,859 [pool-27-thread-1] INFO  impl.MetricsSystemImpl (MetricsSystemImpl.java:init(158)) - ratis metrics system started (again)
2019-09-16 17:08:37,890 [pool-27-thread-1] INFO  server.RaftServerConfigKeys (ConfUtils.java:logGet(43)) - raft.server.log.queue.byte-limit = 2147483647 (custom)
2019-09-16 17:08:37,891 [pool-27-thread-1] INFO  server.RaftServerConfigKeys (ConfUtils.java:logGet(43)) - raft.server.log.queue.element-limit = 1024 (custom)
2019-09-16 17:08:37,894 [pool-27-thread-1] INFO  server.RaftServerConfigKeys (ConfUtils.java:logGet(43)) - raft.server.log.segment.size.max = 1048576 (custom)
2019-09-16 17:08:37,894 [pool-27-thread-1] INFO  server.RaftServerConfigKeys (ConfUtils.java:logGet(43)) - raft.server.log.preallocated.size = 16384 (custom)
2019-09-16 17:08:37,894 [pool-27-thread-1] INFO  server.RaftServerConfigKeys (ConfUtils.java:logGet(43)) - raft.server.log.write.buffer.size = 33554432 (custom)
2019-09-16 17:08:37,895 [pool-27-thread-1] INFO  server.RaftServerConfigKeys (ConfUtils.java:logGet(43)) - raft.server.log.force.sync.num = 128 (default)
2019-09-16 17:08:37,896 [pool-27-thread-1] INFO  server.RaftServerConfigKeys (ConfUtils.java:logGet(43)) - raft.server.log.statemachine.data.sync = true (default)
2019-09-16 17:08:37,896 [pool-27-thread-1] INFO  server.RaftServerConfigKeys (ConfUtils.java:logGet(43)) - raft.server.log.statemachine.data.sync.timeout = 10s (default)
2019-09-16 17:08:37,896 [pool-27-thread-1] INFO  server.RaftServerConfigKeys (ConfUtils.java:logGet(43)) - raft.server.log.statemachine.data.sync.timeout.retry = -1 (default)
2019-09-16 17:08:37,904 [pool-27-thread-1] INFO  server.RaftServerConfigKeys (ConfUtils.java:logGet(43)) - raft.server.log.statemachine.data.caching.enabled = true (custom)
2019-09-16 17:08:37,908 [pool-27-thread-1] INFO  segmented.SegmentedRaftLogWorker (SegmentedRaftLogWorker.java:lambda$new$0(132)) - 21312e21-4e93-48ae-b57d-2154aed46145@group-B71475DC7683-SegmentedRaftLogWorker: flushIndex: setUnconditionally 0 -> -1
2019-09-16 17:08:37,912 [pool-27-thread-1] INFO  server.RaftServerConfigKeys (ConfUtils.java:logGet(43)) - raft.server.snapshot.auto.trigger.enabled = true (custom)
2019-09-16 17:08:37,913 [pool-27-thread-1] INFO  server.RaftServerConfigKeys (ConfUtils.java:logGet(43)) - raft.server.snapshot.auto.trigger.threshold = 10000 (custom)
2019-09-16 17:08:37,913 [pool-27-thread-1] INFO  server.RaftServerConfigKeys (ConfUtils.java:logGet(43)) - raft.server.snapshot.retention.num.files = -1 (default)
2019-09-16 17:08:37,914 [pool-27-thread-1] INFO  server.RaftServerConfigKeys (ConfUtils.java:logGet(43)) - raft.server.retrycache.expirytime = 600000ms (custom)
2019-09-16 17:08:37,938 [pool-27-thread-1] INFO  impl.RaftServerImpl (RaftServerImpl.java:start(185)) - 21312e21-4e93-48ae-b57d-2154aed46145@group-B71475DC7683: start as a follower, conf=-1: [21312e21-4e93-48ae-b57d-2154aed46145:192.168.151.75:35602], old=null
2019-09-16 17:08:37,939 [pool-27-thread-1] INFO  impl.RaftServerImpl (RaftServerImpl.java:setRole(174)) - 21312e21-4e93-48ae-b57d-2154aed46145@group-B71475DC7683: changes role from      null to FOLLOWER at term 0 for startAsFollower
2019-09-16 17:08:37,940 [pool-27-thread-1] INFO  impl.RoleInfo (RoleInfo.java:updateAndGet(143)) - 21312e21-4e93-48ae-b57d-2154aed46145: start FollowerState
2019-09-16 17:08:37,942 [pool-27-thread-1] INFO  util.JmxRegister (JmxRegister.java:tryRegister(44)) - Successfully registered JMX Bean with object name Ratis:service=RaftServer,group=group-B71475DC7683,id=21312e21-4e93-48ae-b57d-2154aed46145
2019-09-16 17:08:38,016 [RatisPipelineUtilsThread] INFO  pipeline.PipelineStateManager (PipelineStateManager.java:addPipeline(56)) - Created pipeline Pipeline[ Id: 02971554-fe20-481d-aae8-b71475dc7683, Nodes: 21312e21-4e93-48ae-b57d-2154aed46145{ip: 192.168.151.75, host: pr-hdds-2114-2x2fm-437316914, networkLocation: /default-rack, certSerialId: null}, Type:RATIS, Factor:ONE, State:OPEN]
2019-09-16 17:08:38,039 [grpc-default-executor-0] INFO  impl.RaftServerProxy (RaftServerProxy.java:addNew(89)) - 34f08b31-c8b3-482b-8cc3-6b2bf7238fa6: addNew group-0AE8C919C1CA:[34f08b31-c8b3-482b-8cc3-6b2bf7238fa6:192.168.151.75:41780] returns group-0AE8C919C1CA:java.util.concurrent.CompletableFuture@19c4409e[Not completed]
2019-09-16 17:08:38,079 [pool-37-thread-1] INFO  impl.RaftServerImpl (RaftServerImpl.java:<init>(95)) - 34f08b31-c8b3-482b-8cc3-6b2bf7238fa6: new RaftServerImpl for group-0AE8C919C1CA:[34f08b31-c8b3-482b-8cc3-6b2bf7238fa6:192.168.151.75:41780] with ContainerStateMachine:uninitialized
2019-09-16 17:08:38,082 [pool-37-thread-1] INFO  server.RaftServerConfigKeys (ConfUtils.java:logGet(43)) - raft.server.rpc.timeout.min = 5s (custom)
2019-09-16 17:08:38,082 [pool-37-thread-1] INFO  server.RaftServerConfigKeys (ConfUtils.java:logGet(43)) - raft.server.rpc.timeout.max = 5200ms (custom)
2019-09-16 17:08:38,082 [pool-37-thread-1] INFO  server.RaftServerConfigKeys (ConfUtils.java:logGet(43)) - raft.server.rpcslowness.timeout = 1000s (custom)
2019-09-16 17:08:38,082 [pool-37-thread-1] INFO  server.RaftServerConfigKeys (ConfUtils.java:logGet(43)) - raft.server.sleep.deviation.threshold = 300 (default)
2019-09-16 17:08:38,082 [pool-37-thread-1] INFO  server.RaftServerConfigKeys (ConfUtils.java:logGet(43)) - raft.server.log.appender.install.snapshot.enabled = false (custom)
2019-09-16 17:08:38,083 [pool-37-thread-1] INFO  impl.RaftServerImpl (ServerState.java:<init>(103)) - 34f08b31-c8b3-482b-8cc3-6b2bf7238fa6@group-0AE8C919C1CA: ConfigurationManager, init=-1: [34f08b31-c8b3-482b-8cc3-6b2bf7238fa6:192.168.151.75:41780], old=null, confs=<EMPTY_MAP>
2019-09-16 17:08:38,083 [pool-37-thread-1] INFO  server.RaftServerConfigKeys (ConfUtils.java:logGet(43)) - raft.server.storage.dir = [/workdir/hadoop-ozone/integration-test/target/test-dir/MiniOzoneClusterImpl-25e77f6b-33bc-4e9f-9ff4-ac3a8a45a431/datanode-1/data/ratis] (custom)
2019-09-16 17:08:38,083 [pool-37-thread-1] INFO  storage.RaftStorageDirectory (RaftStorageDirectory.java:analyzeStorage(246)) - The storage directory /workdir/hadoop-ozone/integration-test/target/test-dir/MiniOzoneClusterImpl-25e77f6b-33bc-4e9f-9ff4-ac3a8a45a431/datanode-1/data/ratis/fffc0275-460b-41af-9b99-0ae8c919c1ca does not exist. Creating ...
2019-09-16 17:08:38,098 [pool-37-thread-1] INFO  storage.RaftStorageDirectory (RaftStorageDirectory.java:tryLock(328)) - Lock on /workdir/hadoop-ozone/integration-test/target/test-dir/MiniOzoneClusterImpl-25e77f6b-33bc-4e9f-9ff4-ac3a8a45a431/datanode-1/data/ratis/fffc0275-460b-41af-9b99-0ae8c919c1ca/in_use.lock acquired by nodename 14172@pr-hdds-2114-2x2fm-437316914
2019-09-16 17:08:38,118 [pool-37-thread-1] INFO  storage.RaftStorage (RaftStorage.java:format(72)) - Storage directory /workdir/hadoop-ozone/integration-test/target/test-dir/MiniOzoneClusterImpl-25e77f6b-33bc-4e9f-9ff4-ac3a8a45a431/datanode-1/data/ratis/fffc0275-460b-41af-9b99-0ae8c919c1ca has been successfully formatted.
2019-09-16 17:08:38,119 [pool-37-thread-1] INFO  ratis.ContainerStateMachine (ContainerStateMachine.java:loadSnapshot(230)) - group-0AE8C919C1CA: The snapshot info is null. Setting the last applied indexto:(t:0, i:~)
2019-09-16 17:08:38,121 [pool-37-thread-1] INFO  server.RaftServerConfigKeys (ConfUtils.java:logGet(43)) - raft.server.notification.no-leader.timeout = 1000s (custom)
2019-09-16 17:08:38,121 [pool-37-thread-1] INFO  server.RaftServerConfigKeys (ConfUtils.java:logGet(43)) - raft.server.log.use.memory = false (default)
2019-09-16 17:08:38,121 [pool-37-thread-1] INFO  server.RaftServerConfigKeys (ConfUtils.java:logGet(43)) - raft.server.log.purge.gap = 1000000 (custom)
2019-09-16 17:08:38,121 [pool-37-thread-1] INFO  server.RaftServerConfigKeys (ConfUtils.java:logGet(43)) - raft.server.log.appender.buffer.byte-limit = 33554432 (custom)
2019-09-16 17:08:38,122 [pool-37-thread-1] INFO  server.RaftServerConfigKeys (ConfUtils.java:logGet(43)) - raft.server.log.segment.size.max = 1048576 (custom)
2019-09-16 17:08:38,122 [pool-37-thread-1] INFO  server.RaftServerConfigKeys (ConfUtils.java:logGet(43)) - raft.server.log.segment.cache.num.max = 2 (custom)
2019-09-16 17:08:38,122 [pool-37-thread-1] INFO  segmented.SegmentedRaftLogWorker (SegmentedRaftLogWorker.java:<init>(172)) - new 34f08b31-c8b3-482b-8cc3-6b2bf7238fa6@group-0AE8C919C1CA-SegmentedRaftLogWorker for RaftStorage:Storage Directory /workdir/hadoop-ozone/integration-test/target/test-dir/MiniOzoneClusterImpl-25e77f6b-33bc-4e9f-9ff4-ac3a8a45a431/datanode-1/data/ratis/fffc0275-460b-41af-9b99-0ae8c919c1ca
2019-09-16 17:08:38,130 [pool-37-thread-1] INFO  server.RaftServerConfigKeys (ConfUtils.java:logGet(43)) - raft.server.log.queue.byte-limit = 2147483647 (custom)
2019-09-16 17:08:38,130 [pool-37-thread-1] INFO  server.RaftServerConfigKeys (ConfUtils.java:logGet(43)) - raft.server.log.queue.element-limit = 1024 (custom)
2019-09-16 17:08:38,130 [pool-37-thread-1] INFO  server.RaftServerConfigKeys (ConfUtils.java:logGet(43)) - raft.server.log.segment.size.max = 1048576 (custom)
2019-09-16 17:08:38,131 [pool-37-thread-1] INFO  server.RaftServerConfigKeys (ConfUtils.java:logGet(43)) - raft.server.log.preallocated.size = 16384 (custom)
2019-09-16 17:08:38,131 [pool-37-thread-1] INFO  server.RaftServerConfigKeys (ConfUtils.java:logGet(43)) - raft.server.log.write.buffer.size = 33554432 (custom)
2019-09-16 17:08:38,131 [pool-37-thread-1] INFO  server.RaftServerConfigKeys (ConfUtils.java:logGet(43)) - raft.server.log.force.sync.num = 128 (default)
2019-09-16 17:08:38,131 [pool-37-thread-1] INFO  server.RaftServerConfigKeys (ConfUtils.java:logGet(43)) - raft.server.log.statemachine.data.sync = true (default)
2019-09-16 17:08:38,131 [pool-37-thread-1] INFO  server.RaftServerConfigKeys (ConfUtils.java:logGet(43)) - raft.server.log.statemachine.data.sync.timeout = 10s (default)
2019-09-16 17:08:38,132 [pool-37-thread-1] INFO  server.RaftServerConfigKeys (ConfUtils.java:logGet(43)) - raft.server.log.statemachine.data.sync.timeout.retry = -1 (default)
2019-09-16 17:08:38,132 [pool-37-thread-1] INFO  server.RaftServerConfigKeys (ConfUtils.java:logGet(43)) - raft.server.log.statemachine.data.caching.enabled = true (custom)
2019-09-16 17:08:38,133 [pool-37-thread-1] INFO  segmented.SegmentedRaftLogWorker (SegmentedRaftLogWorker.java:lambda$new$0(132)) - 34f08b31-c8b3-482b-8cc3-6b2bf7238fa6@group-0AE8C919C1CA-SegmentedRaftLogWorker: flushIndex: setUnconditionally 0 -> -1
2019-09-16 17:08:38,133 [pool-37-thread-1] INFO  server.RaftServerConfigKeys (ConfUtils.java:logGet(43)) - raft.server.snapshot.auto.trigger.enabled = true (custom)
2019-09-16 17:08:38,133 [pool-37-thread-1] INFO  server.RaftServerConfigKeys (ConfUtils.java:logGet(43)) - raft.server.snapshot.auto.trigger.threshold = 10000 (custom)
2019-09-16 17:08:38,133 [pool-37-thread-1] INFO  server.RaftServerConfigKeys (ConfUtils.java:logGet(43)) - raft.server.snapshot.retention.num.files = -1 (default)
2019-09-16 17:08:38,134 [pool-37-thread-1] INFO  server.RaftServerConfigKeys (ConfUtils.java:logGet(43)) - raft.server.retrycache.expirytime = 600000ms (custom)
2019-09-16 17:08:38,139 [pool-37-thread-1] INFO  impl.RaftServerImpl (RaftServerImpl.java:start(185)) - 34f08b31-c8b3-482b-8cc3-6b2bf7238fa6@group-0AE8C919C1CA: start as a follower, conf=-1: [34f08b31-c8b3-482b-8cc3-6b2bf7238fa6:192.168.151.75:41780], old=null
2019-09-16 17:08:38,140 [pool-37-thread-1] INFO  impl.RaftServerImpl (RaftServerImpl.java:setRole(174)) - 34f08b31-c8b3-482b-8cc3-6b2bf7238fa6@group-0AE8C919C1CA: changes role from      null to FOLLOWER at term 0 for startAsFollower
2019-09-16 17:08:38,140 [pool-37-thread-1] INFO  impl.RoleInfo (RoleInfo.java:updateAndGet(143)) - 34f08b31-c8b3-482b-8cc3-6b2bf7238fa6: start FollowerState
2019-09-16 17:08:38,142 [pool-37-thread-1] INFO  util.JmxRegister (JmxRegister.java:tryRegister(44)) - Successfully registered JMX Bean with object name Ratis:service=RaftServer,group=group-0AE8C919C1CA,id=34f08b31-c8b3-482b-8cc3-6b2bf7238fa6
2019-09-16 17:08:38,154 [RatisPipelineUtilsThread] INFO  pipeline.PipelineStateManager (PipelineStateManager.java:addPipeline(56)) - Created pipeline Pipeline[ Id: fffc0275-460b-41af-9b99-0ae8c919c1ca, Nodes: 34f08b31-c8b3-482b-8cc3-6b2bf7238fa6{ip: 192.168.151.75, host: pr-hdds-2114-2x2fm-437316914, networkLocation: /default-rack, certSerialId: null}, Type:RATIS, Factor:ONE, State:OPEN]
2019-09-16 17:08:38,175 [grpc-default-executor-0] INFO  impl.RaftServerProxy (RaftServerProxy.java:addNew(89)) - b02ccc6f-e83e-4b2b-a54f-39751fc192c5: addNew group-E676FA7BE66B:[b02ccc6f-e83e-4b2b-a54f-39751fc192c5:192.168.151.75:39809] returns group-E676FA7BE66B:java.util.concurrent.CompletableFuture@4a7a3bbc[Not completed]
2019-09-16 17:08:38,195 [pool-47-thread-1] INFO  impl.RaftServerImpl (RaftServerImpl.java:<init>(95)) - b02ccc6f-e83e-4b2b-a54f-39751fc192c5: new RaftServerImpl for group-E676FA7BE66B:[b02ccc6f-e83e-4b2b-a54f-39751fc192c5:192.168.151.75:39809] with ContainerStateMachine:uninitialized
2019-09-16 17:08:38,200 [pool-47-thread-1] INFO  server.RaftServerConfigKeys (ConfUtils.java:logGet(43)) - raft.server.rpc.timeout.min = 5s (custom)
2019-09-16 17:08:38,200 [pool-47-thread-1] INFO  server.RaftServerConfigKeys (ConfUtils.java:logGet(43)) - raft.server.rpc.timeout.max = 5200ms (custom)
2019-09-16 17:08:38,200 [pool-47-thread-1] INFO  server.RaftServerConfigKeys (ConfUtils.java:logGet(43)) - raft.server.rpcslowness.timeout = 1000s (custom)
2019-09-16 17:08:38,200 [pool-47-thread-1] INFO  server.RaftServerConfigKeys (ConfUtils.java:logGet(43)) - raft.server.sleep.deviation.threshold = 300 (default)
2019-09-16 17:08:38,201 [pool-47-thread-1] INFO  server.RaftServerConfigKeys (ConfUtils.java:logGet(43)) - raft.server.log.appender.install.snapshot.enabled = false (custom)
2019-09-16 17:08:38,201 [pool-47-thread-1] INFO  impl.RaftServerImpl (ServerState.java:<init>(103)) - b02ccc6f-e83e-4b2b-a54f-39751fc192c5@group-E676FA7BE66B: ConfigurationManager, init=-1: [b02ccc6f-e83e-4b2b-a54f-39751fc192c5:192.168.151.75:39809], old=null, confs=<EMPTY_MAP>
2019-09-16 17:08:38,201 [pool-47-thread-1] INFO  server.RaftServerConfigKeys (ConfUtils.java:logGet(43)) - raft.server.storage.dir = [/workdir/hadoop-ozone/integration-test/target/test-dir/MiniOzoneClusterImpl-25e77f6b-33bc-4e9f-9ff4-ac3a8a45a431/datanode-2/data/ratis] (custom)
2019-09-16 17:08:38,202 [pool-47-thread-1] INFO  storage.RaftStorageDirectory (RaftStorageDirectory.java:analyzeStorage(246)) - The storage directory /workdir/hadoop-ozone/integration-test/target/test-dir/MiniOzoneClusterImpl-25e77f6b-33bc-4e9f-9ff4-ac3a8a45a431/datanode-2/data/ratis/7a2c9e31-055a-425a-ae26-e676fa7be66b does not exist. Creating ...
2019-09-16 17:08:38,215 [pool-47-thread-1] INFO  storage.RaftStorageDirectory (RaftStorageDirectory.java:tryLock(328)) - Lock on /workdir/hadoop-ozone/integration-test/target/test-dir/MiniOzoneClusterImpl-25e77f6b-33bc-4e9f-9ff4-ac3a8a45a431/datanode-2/data/ratis/7a2c9e31-055a-425a-ae26-e676fa7be66b/in_use.lock acquired by nodename 14172@pr-hdds-2114-2x2fm-437316914
2019-09-16 17:08:38,229 [pool-47-thread-1] INFO  storage.RaftStorage (RaftStorage.java:format(72)) - Storage directory /workdir/hadoop-ozone/integration-test/target/test-dir/MiniOzoneClusterImpl-25e77f6b-33bc-4e9f-9ff4-ac3a8a45a431/datanode-2/data/ratis/7a2c9e31-055a-425a-ae26-e676fa7be66b has been successfully formatted.
2019-09-16 17:08:38,229 [pool-47-thread-1] INFO  ratis.ContainerStateMachine (ContainerStateMachine.java:loadSnapshot(230)) - group-E676FA7BE66B: The snapshot info is null. Setting the last applied indexto:(t:0, i:~)
2019-09-16 17:08:38,230 [pool-47-thread-1] INFO  server.RaftServerConfigKeys (ConfUtils.java:logGet(43)) - raft.server.notification.no-leader.timeout = 1000s (custom)
2019-09-16 17:08:38,230 [pool-47-thread-1] INFO  server.RaftServerConfigKeys (ConfUtils.java:logGet(43)) - raft.server.log.use.memory = false (default)
2019-09-16 17:08:38,230 [pool-47-thread-1] INFO  server.RaftServerConfigKeys (ConfUtils.java:logGet(43)) - raft.server.log.purge.gap = 1000000 (custom)
2019-09-16 17:08:38,231 [pool-47-thread-1] INFO  server.RaftServerConfigKeys (ConfUtils.java:logGet(43)) - raft.server.log.appender.buffer.byte-limit = 33554432 (custom)
2019-09-16 17:08:38,231 [pool-47-thread-1] INFO  server.RaftServerConfigKeys (ConfUtils.java:logGet(43)) - raft.server.log.segment.size.max = 1048576 (custom)
2019-09-16 17:08:38,231 [pool-47-thread-1] INFO  server.RaftServerConfigKeys (ConfUtils.java:logGet(43)) - raft.server.log.segment.cache.num.max = 2 (custom)
2019-09-16 17:08:38,231 [pool-47-thread-1] INFO  segmented.SegmentedRaftLogWorker (SegmentedRaftLogWorker.java:<init>(172)) - new b02ccc6f-e83e-4b2b-a54f-39751fc192c5@group-E676FA7BE66B-SegmentedRaftLogWorker for RaftStorage:Storage Directory /workdir/hadoop-ozone/integration-test/target/test-dir/MiniOzoneClusterImpl-25e77f6b-33bc-4e9f-9ff4-ac3a8a45a431/datanode-2/data/ratis/7a2c9e31-055a-425a-ae26-e676fa7be66b
2019-09-16 17:08:38,261 [pool-47-thread-1] INFO  server.RaftServerConfigKeys (ConfUtils.java:logGet(43)) - raft.server.log.queue.byte-limit = 2147483647 (custom)
2019-09-16 17:08:38,262 [pool-47-thread-1] INFO  server.RaftServerConfigKeys (ConfUtils.java:logGet(43)) - raft.server.log.queue.element-limit = 1024 (custom)
2019-09-16 17:08:38,262 [pool-47-thread-1] INFO  server.RaftServerConfigKeys (ConfUtils.java:logGet(43)) - raft.server.log.segment.size.max = 1048576 (custom)
2019-09-16 17:08:38,262 [pool-47-thread-1] INFO  server.RaftServerConfigKeys (ConfUtils.java:logGet(43)) - raft.server.log.preallocated.size = 16384 (custom)
2019-09-16 17:08:38,262 [pool-47-thread-1] INFO  server.RaftServerConfigKeys (ConfUtils.java:logGet(43)) - raft.server.log.write.buffer.size = 33554432 (custom)
2019-09-16 17:08:38,263 [pool-47-thread-1] INFO  server.RaftServerConfigKeys (ConfUtils.java:logGet(43)) - raft.server.log.force.sync.num = 128 (default)
2019-09-16 17:08:38,263 [pool-47-thread-1] INFO  server.RaftServerConfigKeys (ConfUtils.java:logGet(43)) - raft.server.log.statemachine.data.sync = true (default)
2019-09-16 17:08:38,263 [pool-47-thread-1] INFO  server.RaftServerConfigKeys (ConfUtils.java:logGet(43)) - raft.server.log.statemachine.data.sync.timeout = 10s (default)
2019-09-16 17:08:38,263 [pool-47-thread-1] INFO  server.RaftServerConfigKeys (ConfUtils.java:logGet(43)) - raft.server.log.statemachine.data.sync.timeout.retry = -1 (default)
2019-09-16 17:08:38,264 [pool-47-thread-1] INFO  server.RaftServerConfigKeys (ConfUtils.java:logGet(43)) - raft.server.log.statemachine.data.caching.enabled = true (custom)
2019-09-16 17:08:38,265 [pool-47-thread-1] INFO  segmented.SegmentedRaftLogWorker (SegmentedRaftLogWorker.java:lambda$new$0(132)) - b02ccc6f-e83e-4b2b-a54f-39751fc192c5@group-E676FA7BE66B-SegmentedRaftLogWorker: flushIndex: setUnconditionally 0 -> -1
2019-09-16 17:08:38,265 [pool-47-thread-1] INFO  server.RaftServerConfigKeys (ConfUtils.java:logGet(43)) - raft.server.snapshot.auto.trigger.enabled = true (custom)
2019-09-16 17:08:38,265 [pool-47-thread-1] INFO  server.RaftServerConfigKeys (ConfUtils.java:logGet(43)) - raft.server.snapshot.auto.trigger.threshold = 10000 (custom)
2019-09-16 17:08:38,266 [pool-47-thread-1] INFO  server.RaftServerConfigKeys (ConfUtils.java:logGet(43)) - raft.server.snapshot.retention.num.files = -1 (default)
2019-09-16 17:08:38,266 [pool-47-thread-1] INFO  server.RaftServerConfigKeys (ConfUtils.java:logGet(43)) - raft.server.retrycache.expirytime = 600000ms (custom)
2019-09-16 17:08:38,271 [pool-47-thread-1] INFO  impl.RaftServerImpl (RaftServerImpl.java:start(185)) - b02ccc6f-e83e-4b2b-a54f-39751fc192c5@group-E676FA7BE66B: start as a follower, conf=-1: [b02ccc6f-e83e-4b2b-a54f-39751fc192c5:192.168.151.75:39809], old=null
2019-09-16 17:08:38,272 [pool-47-thread-1] INFO  impl.RaftServerImpl (RaftServerImpl.java:setRole(174)) - b02ccc6f-e83e-4b2b-a54f-39751fc192c5@group-E676FA7BE66B: changes role from      null to FOLLOWER at term 0 for startAsFollower
2019-09-16 17:08:38,272 [pool-47-thread-1] INFO  impl.RoleInfo (RoleInfo.java:updateAndGet(143)) - b02ccc6f-e83e-4b2b-a54f-39751fc192c5: start FollowerState
2019-09-16 17:08:38,272 [pool-47-thread-1] INFO  util.JmxRegister (JmxRegister.java:tryRegister(44)) - Successfully registered JMX Bean with object name Ratis:service=RaftServer,group=group-E676FA7BE66B,id=b02ccc6f-e83e-4b2b-a54f-39751fc192c5
2019-09-16 17:08:38,284 [RatisPipelineUtilsThread] INFO  pipeline.PipelineStateManager (PipelineStateManager.java:addPipeline(56)) - Created pipeline Pipeline[ Id: 7a2c9e31-055a-425a-ae26-e676fa7be66b, Nodes: b02ccc6f-e83e-4b2b-a54f-39751fc192c5{ip: 192.168.151.75, host: pr-hdds-2114-2x2fm-437316914, networkLocation: /default-rack, certSerialId: null}, Type:RATIS, Factor:ONE, State:OPEN]
2019-09-16 17:08:38,305 [grpc-default-executor-0] INFO  impl.RaftServerProxy (RaftServerProxy.java:addNew(89)) - 42b5d587-be00-4d52-9380-4f9fa07a292a: addNew group-849B3149B8E7:[42b5d587-be00-4d52-9380-4f9fa07a292a:192.168.151.75:40547] returns group-849B3149B8E7:java.util.concurrent.CompletableFuture@6f24f6db[Not completed]
2019-09-16 17:08:38,307 [pool-57-thread-1] INFO  impl.RaftServerImpl (RaftServerImpl.java:<init>(95)) - 42b5d587-be00-4d52-9380-4f9fa07a292a: new RaftServerImpl for group-849B3149B8E7:[42b5d587-be00-4d52-9380-4f9fa07a292a:192.168.151.75:40547] with ContainerStateMachine:uninitialized
2019-09-16 17:08:38,307 [pool-57-thread-1] INFO  server.RaftServerConfigKeys (ConfUtils.java:logGet(43)) - raft.server.rpc.timeout.min = 5s (custom)
2019-09-16 17:08:38,307 [pool-57-thread-1] INFO  server.RaftServerConfigKeys (ConfUtils.java:logGet(43)) - raft.server.rpc.timeout.max = 5200ms (custom)
2019-09-16 17:08:38,308 [pool-57-thread-1] INFO  server.RaftServerConfigKeys (ConfUtils.java:logGet(43)) - raft.server.rpcslowness.timeout = 1000s (custom)
2019-09-16 17:08:38,308 [pool-57-thread-1] INFO  server.RaftServerConfigKeys (ConfUtils.java:logGet(43)) - raft.server.sleep.deviation.threshold = 300 (default)
2019-09-16 17:08:38,308 [pool-57-thread-1] INFO  server.RaftServerConfigKeys (ConfUtils.java:logGet(43)) - raft.server.log.appender.install.snapshot.enabled = false (custom)
2019-09-16 17:08:38,308 [pool-57-thread-1] INFO  impl.RaftServerImpl (ServerState.java:<init>(103)) - 42b5d587-be00-4d52-9380-4f9fa07a292a@group-849B3149B8E7: ConfigurationManager, init=-1: [42b5d587-be00-4d52-9380-4f9fa07a292a:192.168.151.75:40547], old=null, confs=<EMPTY_MAP>
2019-09-16 17:08:38,309 [pool-57-thread-1] INFO  server.RaftServerConfigKeys (ConfUtils.java:logGet(43)) - raft.server.storage.dir = [/workdir/hadoop-ozone/integration-test/target/test-dir/MiniOzoneClusterImpl-25e77f6b-33bc-4e9f-9ff4-ac3a8a45a431/datanode-3/data/ratis] (custom)
2019-09-16 17:08:38,309 [pool-57-thread-1] INFO  storage.RaftStorageDirectory (RaftStorageDirectory.java:analyzeStorage(246)) - The storage directory /workdir/hadoop-ozone/integration-test/target/test-dir/MiniOzoneClusterImpl-25e77f6b-33bc-4e9f-9ff4-ac3a8a45a431/datanode-3/data/ratis/db7be168-60a0-46cd-884f-849b3149b8e7 does not exist. Creating ...
2019-09-16 17:08:38,322 [pool-57-thread-1] INFO  storage.RaftStorageDirectory (RaftStorageDirectory.java:tryLock(328)) - Lock on /workdir/hadoop-ozone/integration-test/target/test-dir/MiniOzoneClusterImpl-25e77f6b-33bc-4e9f-9ff4-ac3a8a45a431/datanode-3/data/ratis/db7be168-60a0-46cd-884f-849b3149b8e7/in_use.lock acquired by nodename 14172@pr-hdds-2114-2x2fm-437316914
2019-09-16 17:08:38,336 [pool-57-thread-1] INFO  storage.RaftStorage (RaftStorage.java:format(72)) - Storage directory /workdir/hadoop-ozone/integration-test/target/test-dir/MiniOzoneClusterImpl-25e77f6b-33bc-4e9f-9ff4-ac3a8a45a431/datanode-3/data/ratis/db7be168-60a0-46cd-884f-849b3149b8e7 has been successfully formatted.
2019-09-16 17:08:38,336 [pool-57-thread-1] INFO  ratis.ContainerStateMachine (ContainerStateMachine.java:loadSnapshot(230)) - group-849B3149B8E7: The snapshot info is null. Setting the last applied indexto:(t:0, i:~)
2019-09-16 17:08:38,337 [pool-57-thread-1] INFO  server.RaftServerConfigKeys (ConfUtils.java:logGet(43)) - raft.server.notification.no-leader.timeout = 1000s (custom)
2019-09-16 17:08:38,337 [pool-57-thread-1] INFO  server.RaftServerConfigKeys (ConfUtils.java:logGet(43)) - raft.server.log.use.memory = false (default)
2019-09-16 17:08:38,337 [pool-57-thread-1] INFO  server.RaftServerConfigKeys (ConfUtils.java:logGet(43)) - raft.server.log.purge.gap = 1000000 (custom)
2019-09-16 17:08:38,338 [pool-57-thread-1] INFO  server.RaftServerConfigKeys (ConfUtils.java:logGet(43)) - raft.server.log.appender.buffer.byte-limit = 33554432 (custom)
2019-09-16 17:08:38,338 [pool-57-thread-1] INFO  server.RaftServerConfigKeys (ConfUtils.java:logGet(43)) - raft.server.log.segment.size.max = 1048576 (custom)
2019-09-16 17:08:38,338 [pool-57-thread-1] INFO  server.RaftServerConfigKeys (ConfUtils.java:logGet(43)) - raft.server.log.segment.cache.num.max = 2 (custom)
2019-09-16 17:08:38,338 [pool-57-thread-1] INFO  segmented.SegmentedRaftLogWorker (SegmentedRaftLogWorker.java:<init>(172)) - new 42b5d587-be00-4d52-9380-4f9fa07a292a@group-849B3149B8E7-SegmentedRaftLogWorker for RaftStorage:Storage Directory /workdir/hadoop-ozone/integration-test/target/test-dir/MiniOzoneClusterImpl-25e77f6b-33bc-4e9f-9ff4-ac3a8a45a431/datanode-3/data/ratis/db7be168-60a0-46cd-884f-849b3149b8e7
2019-09-16 17:08:38,344 [pool-57-thread-1] INFO  server.RaftServerConfigKeys (ConfUtils.java:logGet(43)) - raft.server.log.queue.byte-limit = 2147483647 (custom)
2019-09-16 17:08:38,345 [pool-57-thread-1] INFO  server.RaftServerConfigKeys (ConfUtils.java:logGet(43)) - raft.server.log.queue.element-limit = 1024 (custom)
2019-09-16 17:08:38,345 [pool-57-thread-1] INFO  server.RaftServerConfigKeys (ConfUtils.java:logGet(43)) - raft.server.log.segment.size.max = 1048576 (custom)
2019-09-16 17:08:38,345 [pool-57-thread-1] INFO  server.RaftServerConfigKeys (ConfUtils.java:logGet(43)) - raft.server.log.preallocated.size = 16384 (custom)
2019-09-16 17:08:38,346 [pool-57-thread-1] INFO  server.RaftServerConfigKeys (ConfUtils.java:logGet(43)) - raft.server.log.write.buffer.size = 33554432 (custom)
2019-09-16 17:08:38,346 [pool-57-thread-1] INFO  server.RaftServerConfigKeys (ConfUtils.java:logGet(43)) - raft.server.log.force.sync.num = 128 (default)
2019-09-16 17:08:38,346 [pool-57-thread-1] INFO  server.RaftServerConfigKeys (ConfUtils.java:logGet(43)) - raft.server.log.statemachine.data.sync = true (default)
2019-09-16 17:08:38,346 [pool-57-thread-1] INFO  server.RaftServerConfigKeys (ConfUtils.java:logGet(43)) - raft.server.log.statemachine.data.sync.timeout = 10s (default)
2019-09-16 17:08:38,346 [pool-57-thread-1] INFO  server.RaftServerConfigKeys (ConfUtils.java:logGet(43)) - raft.server.log.statemachine.data.sync.timeout.retry = -1 (default)
2019-09-16 17:08:38,347 [pool-57-thread-1] INFO  server.RaftServerConfigKeys (ConfUtils.java:logGet(43)) - raft.server.log.statemachine.data.caching.enabled = true (custom)
2019-09-16 17:08:38,347 [pool-57-thread-1] INFO  segmented.SegmentedRaftLogWorker (SegmentedRaftLogWorker.java:lambda$new$0(132)) - 42b5d587-be00-4d52-9380-4f9fa07a292a@group-849B3149B8E7-SegmentedRaftLogWorker: flushIndex: setUnconditionally 0 -> -1
2019-09-16 17:08:38,348 [pool-57-thread-1] INFO  server.RaftServerConfigKeys (ConfUtils.java:logGet(43)) - raft.server.snapshot.auto.trigger.enabled = true (custom)
2019-09-16 17:08:38,348 [pool-57-thread-1] INFO  server.RaftServerConfigKeys (ConfUtils.java:logGet(43)) - raft.server.snapshot.auto.trigger.threshold = 10000 (custom)
2019-09-16 17:08:38,348 [pool-57-thread-1] INFO  server.RaftServerConfigKeys (ConfUtils.java:logGet(43)) - raft.server.snapshot.retention.num.files = -1 (default)
2019-09-16 17:08:38,348 [pool-57-thread-1] INFO  server.RaftServerConfigKeys (ConfUtils.java:logGet(43)) - raft.server.retrycache.expirytime = 600000ms (custom)
2019-09-16 17:08:38,354 [pool-57-thread-1] INFO  impl.RaftServerImpl (RaftServerImpl.java:start(185)) - 42b5d587-be00-4d52-9380-4f9fa07a292a@group-849B3149B8E7: start as a follower, conf=-1: [42b5d587-be00-4d52-9380-4f9fa07a292a:192.168.151.75:40547], old=null
2019-09-16 17:08:38,355 [pool-57-thread-1] INFO  impl.RaftServerImpl (RaftServerImpl.java:setRole(174)) - 42b5d587-be00-4d52-9380-4f9fa07a292a@group-849B3149B8E7: changes role from      null to FOLLOWER at term 0 for startAsFollower
2019-09-16 17:08:38,355 [pool-57-thread-1] INFO  impl.RoleInfo (RoleInfo.java:updateAndGet(143)) - 42b5d587-be00-4d52-9380-4f9fa07a292a: start FollowerState
2019-09-16 17:08:38,355 [pool-57-thread-1] INFO  util.JmxRegister (JmxRegister.java:tryRegister(44)) - Successfully registered JMX Bean with object name Ratis:service=RaftServer,group=group-849B3149B8E7,id=42b5d587-be00-4d52-9380-4f9fa07a292a
2019-09-16 17:08:38,368 [RatisPipelineUtilsThread] INFO  pipeline.PipelineStateManager (PipelineStateManager.java:addPipeline(56)) - Created pipeline Pipeline[ Id: db7be168-60a0-46cd-884f-849b3149b8e7, Nodes: 42b5d587-be00-4d52-9380-4f9fa07a292a{ip: 192.168.151.75, host: pr-hdds-2114-2x2fm-437316914, networkLocation: /default-rack, certSerialId: null}, Type:RATIS, Factor:ONE, State:OPEN]
2019-09-16 17:08:38,428 [grpc-default-executor-2] INFO  impl.RaftServerProxy (RaftServerProxy.java:addNew(89)) - 34f08b31-c8b3-482b-8cc3-6b2bf7238fa6: addNew group-F1658404C2F1:[34f08b31-c8b3-482b-8cc3-6b2bf7238fa6:192.168.151.75:41780, b02ccc6f-e83e-4b2b-a54f-39751fc192c5:192.168.151.75:39809, 21312e21-4e93-48ae-b57d-2154aed46145:192.168.151.75:35602] returns group-F1658404C2F1:java.util.concurrent.CompletableFuture@5a8b04bb[Not completed]
2019-09-16 17:08:38,429 [grpc-default-executor-1] INFO  impl.RaftServerProxy (RaftServerProxy.java:addNew(89)) - 21312e21-4e93-48ae-b57d-2154aed46145: addNew group-F1658404C2F1:[34f08b31-c8b3-482b-8cc3-6b2bf7238fa6:192.168.151.75:41780, b02ccc6f-e83e-4b2b-a54f-39751fc192c5:192.168.151.75:39809, 21312e21-4e93-48ae-b57d-2154aed46145:192.168.151.75:35602] returns group-F1658404C2F1:java.util.concurrent.CompletableFuture@49d37048[Not completed]
2019-09-16 17:08:38,429 [grpc-default-executor-0] INFO  impl.RaftServerProxy (RaftServerProxy.java:addNew(89)) - b02ccc6f-e83e-4b2b-a54f-39751fc192c5: addNew group-F1658404C2F1:[34f08b31-c8b3-482b-8cc3-6b2bf7238fa6:192.168.151.75:41780, b02ccc6f-e83e-4b2b-a54f-39751fc192c5:192.168.151.75:39809, 21312e21-4e93-48ae-b57d-2154aed46145:192.168.151.75:35602] returns group-F1658404C2F1:java.util.concurrent.CompletableFuture@170a95e[Not completed]
2019-09-16 17:08:38,430 [main] INFO  ozone.MiniOzoneClusterImpl (MiniOzoneClusterImpl.java:lambda$waitForClusterToBeReady$0(140)) - Cluster is ready. Got 4 of 4 DN Heartbeats.
2019-09-16 17:08:38,431 [pool-37-thread-1] INFO  impl.RaftServerImpl (RaftServerImpl.java:<init>(95)) - 34f08b31-c8b3-482b-8cc3-6b2bf7238fa6: new RaftServerImpl for group-F1658404C2F1:[34f08b31-c8b3-482b-8cc3-6b2bf7238fa6:192.168.151.75:41780, b02ccc6f-e83e-4b2b-a54f-39751fc192c5:192.168.151.75:39809, 21312e21-4e93-48ae-b57d-2154aed46145:192.168.151.75:35602] with ContainerStateMachine:uninitialized
2019-09-16 17:08:38,431 [pool-37-thread-1] INFO  server.RaftServerConfigKeys (ConfUtils.java:logGet(43)) - raft.server.rpc.timeout.min = 5s (custom)
2019-09-16 17:08:38,432 [pool-37-thread-1] INFO  server.RaftServerConfigKeys (ConfUtils.java:logGet(43)) - raft.server.rpc.timeout.max = 5200ms (custom)
2019-09-16 17:08:38,432 [pool-37-thread-1] INFO  server.RaftServerConfigKeys (ConfUtils.java:logGet(43)) - raft.server.rpcslowness.timeout = 1000s (custom)
2019-09-16 17:08:38,432 [pool-37-thread-1] INFO  server.RaftServerConfigKeys (ConfUtils.java:logGet(43)) - raft.server.sleep.deviation.threshold = 300 (default)
2019-09-16 17:08:38,432 [pool-37-thread-1] INFO  server.RaftServerConfigKeys (ConfUtils.java:logGet(43)) - raft.server.log.appender.install.snapshot.enabled = false (custom)
2019-09-16 17:08:38,432 [pool-37-thread-1] INFO  impl.RaftServerImpl (ServerState.java:<init>(103)) - 34f08b31-c8b3-482b-8cc3-6b2bf7238fa6@group-F1658404C2F1: ConfigurationManager, init=-1: [34f08b31-c8b3-482b-8cc3-6b2bf7238fa6:192.168.151.75:41780, b02ccc6f-e83e-4b2b-a54f-39751fc192c5:192.168.151.75:39809, 21312e21-4e93-48ae-b57d-2154aed46145:192.168.151.75:35602], old=null, confs=<EMPTY_MAP>
2019-09-16 17:08:38,432 [pool-37-thread-1] INFO  server.RaftServerConfigKeys (ConfUtils.java:logGet(43)) - raft.server.storage.dir = [/workdir/hadoop-ozone/integration-test/target/test-dir/MiniOzoneClusterImpl-25e77f6b-33bc-4e9f-9ff4-ac3a8a45a431/datanode-1/data/ratis] (custom)
2019-09-16 17:08:38,437 [pool-37-thread-1] INFO  storage.RaftStorageDirectory (RaftStorageDirectory.java:analyzeStorage(246)) - The storage directory /workdir/hadoop-ozone/integration-test/target/test-dir/MiniOzoneClusterImpl-25e77f6b-33bc-4e9f-9ff4-ac3a8a45a431/datanode-1/data/ratis/608a7cc0-abaa-44ef-96ae-f1658404c2f1 does not exist. Creating ...
2019-09-16 17:08:38,438 [main] INFO  container.ReplicationManager (ReplicationManager.java:start(162)) - Starting Replication Monitor Thread.
2019-09-16 17:08:38,440 [pool-27-thread-1] INFO  impl.RaftServerImpl (RaftServerImpl.java:<init>(95)) - 21312e21-4e93-48ae-b57d-2154aed46145: new RaftServerImpl for group-F1658404C2F1:[34f08b31-c8b3-482b-8cc3-6b2bf7238fa6:192.168.151.75:41780, b02ccc6f-e83e-4b2b-a54f-39751fc192c5:192.168.151.75:39809, 21312e21-4e93-48ae-b57d-2154aed46145:192.168.151.75:35602] with ContainerStateMachine:uninitialized
2019-09-16 17:08:38,441 [ReplicationMonitor] INFO  container.ReplicationManager (ReplicationManager.java:run(225)) - Replication Monitor Thread took 1 milliseconds for processing 0 containers.
2019-09-16 17:08:38,441 [pool-27-thread-1] INFO  server.RaftServerConfigKeys (ConfUtils.java:logGet(43)) - raft.server.rpc.timeout.min = 5s (custom)
2019-09-16 17:08:38,441 [pool-27-thread-1] INFO  server.RaftServerConfigKeys (ConfUtils.java:logGet(43)) - raft.server.rpc.timeout.max = 5200ms (custom)
2019-09-16 17:08:38,441 [pool-27-thread-1] INFO  server.RaftServerConfigKeys (ConfUtils.java:logGet(43)) - raft.server.rpcslowness.timeout = 1000s (custom)
2019-09-16 17:08:38,441 [pool-47-thread-1] INFO  impl.RaftServerImpl (RaftServerImpl.java:<init>(95)) - b02ccc6f-e83e-4b2b-a54f-39751fc192c5: new RaftServerImpl for group-F1658404C2F1:[34f08b31-c8b3-482b-8cc3-6b2bf7238fa6:192.168.151.75:41780, b02ccc6f-e83e-4b2b-a54f-39751fc192c5:192.168.151.75:39809, 21312e21-4e93-48ae-b57d-2154aed46145:192.168.151.75:35602] with ContainerStateMachine:uninitialized
2019-09-16 17:08:38,441 [pool-27-thread-1] INFO  server.RaftServerConfigKeys (ConfUtils.java:logGet(43)) - raft.server.sleep.deviation.threshold = 300 (default)
2019-09-16 17:08:38,442 [pool-47-thread-1] INFO  server.RaftServerConfigKeys (ConfUtils.java:logGet(43)) - raft.server.rpc.timeout.min = 5s (custom)
2019-09-16 17:08:38,442 [pool-27-thread-1] INFO  server.RaftServerConfigKeys (ConfUtils.java:logGet(43)) - raft.server.log.appender.install.snapshot.enabled = false (custom)
2019-09-16 17:08:38,442 [pool-47-thread-1] INFO  server.RaftServerConfigKeys (ConfUtils.java:logGet(43)) - raft.server.rpc.timeout.max = 5200ms (custom)
2019-09-16 17:08:38,442 [pool-27-thread-1] INFO  impl.RaftServerImpl (ServerState.java:<init>(103)) - 21312e21-4e93-48ae-b57d-2154aed46145@group-F1658404C2F1: ConfigurationManager, init=-1: [34f08b31-c8b3-482b-8cc3-6b2bf7238fa6:192.168.151.75:41780, b02ccc6f-e83e-4b2b-a54f-39751fc192c5:192.168.151.75:39809, 21312e21-4e93-48ae-b57d-2154aed46145:192.168.151.75:35602], old=null, confs=<EMPTY_MAP>
2019-09-16 17:08:38,442 [pool-47-thread-1] INFO  server.RaftServerConfigKeys (ConfUtils.java:logGet(43)) - raft.server.rpcslowness.timeout = 1000s (custom)
2019-09-16 17:08:38,442 [pool-27-thread-1] INFO  server.RaftServerConfigKeys (ConfUtils.java:logGet(43)) - raft.server.storage.dir = [/workdir/hadoop-ozone/integration-test/target/test-dir/MiniOzoneClusterImpl-25e77f6b-33bc-4e9f-9ff4-ac3a8a45a431/datanode-0/data/ratis] (custom)
2019-09-16 17:08:38,442 [pool-47-thread-1] INFO  server.RaftServerConfigKeys (ConfUtils.java:logGet(43)) - raft.server.sleep.deviation.threshold = 300 (default)
2019-09-16 17:08:38,443 [pool-47-thread-1] INFO  server.RaftServerConfigKeys (ConfUtils.java:logGet(43)) - raft.server.log.appender.install.snapshot.enabled = false (custom)
2019-09-16 17:08:38,443 [pool-47-thread-1] INFO  impl.RaftServerImpl (ServerState.java:<init>(103)) - b02ccc6f-e83e-4b2b-a54f-39751fc192c5@group-F1658404C2F1: ConfigurationManager, init=-1: [34f08b31-c8b3-482b-8cc3-6b2bf7238fa6:192.168.151.75:41780, b02ccc6f-e83e-4b2b-a54f-39751fc192c5:192.168.151.75:39809, 21312e21-4e93-48ae-b57d-2154aed46145:192.168.151.75:35602], old=null, confs=<EMPTY_MAP>
2019-09-16 17:08:38,443 [pool-27-thread-1] INFO  storage.RaftStorageDirectory (RaftStorageDirectory.java:analyzeStorage(246)) - The storage directory /workdir/hadoop-ozone/integration-test/target/test-dir/MiniOzoneClusterImpl-25e77f6b-33bc-4e9f-9ff4-ac3a8a45a431/datanode-0/data/ratis/608a7cc0-abaa-44ef-96ae-f1658404c2f1 does not exist. Creating ...
2019-09-16 17:08:38,443 [pool-47-thread-1] INFO  server.RaftServerConfigKeys (ConfUtils.java:logGet(43)) - raft.server.storage.dir = [/workdir/hadoop-ozone/integration-test/target/test-dir/MiniOzoneClusterImpl-25e77f6b-33bc-4e9f-9ff4-ac3a8a45a431/datanode-2/data/ratis] (custom)
2019-09-16 17:08:38,444 [pool-47-thread-1] INFO  storage.RaftStorageDirectory (RaftStorageDirectory.java:analyzeStorage(246)) - The storage directory /workdir/hadoop-ozone/integration-test/target/test-dir/MiniOzoneClusterImpl-25e77f6b-33bc-4e9f-9ff4-ac3a8a45a431/datanode-2/data/ratis/608a7cc0-abaa-44ef-96ae-f1658404c2f1 does not exist. Creating ...
2019-09-16 17:08:38,466 [pool-27-thread-1] INFO  storage.RaftStorageDirectory (RaftStorageDirectory.java:tryLock(328)) - Lock on /workdir/hadoop-ozone/integration-test/target/test-dir/MiniOzoneClusterImpl-25e77f6b-33bc-4e9f-9ff4-ac3a8a45a431/datanode-0/data/ratis/608a7cc0-abaa-44ef-96ae-f1658404c2f1/in_use.lock acquired by nodename 14172@pr-hdds-2114-2x2fm-437316914
2019-09-16 17:08:38,466 [pool-37-thread-1] INFO  storage.RaftStorageDirectory (RaftStorageDirectory.java:tryLock(328)) - Lock on /workdir/hadoop-ozone/integration-test/target/test-dir/MiniOzoneClusterImpl-25e77f6b-33bc-4e9f-9ff4-ac3a8a45a431/datanode-1/data/ratis/608a7cc0-abaa-44ef-96ae-f1658404c2f1/in_use.lock acquired by nodename 14172@pr-hdds-2114-2x2fm-437316914
2019-09-16 17:08:38,466 [pool-47-thread-1] INFO  storage.RaftStorageDirectory (RaftStorageDirectory.java:tryLock(328)) - Lock on /workdir/hadoop-ozone/integration-test/target/test-dir/MiniOzoneClusterImpl-25e77f6b-33bc-4e9f-9ff4-ac3a8a45a431/datanode-2/data/ratis/608a7cc0-abaa-44ef-96ae-f1658404c2f1/in_use.lock acquired by nodename 14172@pr-hdds-2114-2x2fm-437316914
2019-09-16 17:08:38,480 [pool-47-thread-1] INFO  storage.RaftStorage (RaftStorage.java:format(72)) - Storage directory /workdir/hadoop-ozone/integration-test/target/test-dir/MiniOzoneClusterImpl-25e77f6b-33bc-4e9f-9ff4-ac3a8a45a431/datanode-2/data/ratis/608a7cc0-abaa-44ef-96ae-f1658404c2f1 has been successfully formatted.
2019-09-16 17:08:38,480 [pool-27-thread-1] INFO  storage.RaftStorage (RaftStorage.java:format(72)) - Storage directory /workdir/hadoop-ozone/integration-test/target/test-dir/MiniOzoneClusterImpl-25e77f6b-33bc-4e9f-9ff4-ac3a8a45a431/datanode-0/data/ratis/608a7cc0-abaa-44ef-96ae-f1658404c2f1 has been successfully formatted.
2019-09-16 17:08:38,480 [pool-37-thread-1] INFO  storage.RaftStorage (RaftStorage.java:format(72)) - Storage directory /workdir/hadoop-ozone/integration-test/target/test-dir/MiniOzoneClusterImpl-25e77f6b-33bc-4e9f-9ff4-ac3a8a45a431/datanode-1/data/ratis/608a7cc0-abaa-44ef-96ae-f1658404c2f1 has been successfully formatted.
2019-09-16 17:08:38,480 [pool-47-thread-1] INFO  ratis.ContainerStateMachine (ContainerStateMachine.java:loadSnapshot(230)) - group-F1658404C2F1: The snapshot info is null. Setting the last applied indexto:(t:0, i:~)
2019-09-16 17:08:38,480 [pool-37-thread-1] INFO  ratis.ContainerStateMachine (ContainerStateMachine.java:loadSnapshot(230)) - group-F1658404C2F1: The snapshot info is null. Setting the last applied indexto:(t:0, i:~)
2019-09-16 17:08:38,480 [pool-27-thread-1] INFO  ratis.ContainerStateMachine (ContainerStateMachine.java:loadSnapshot(230)) - group-F1658404C2F1: The snapshot info is null. Setting the last applied indexto:(t:0, i:~)
2019-09-16 17:08:38,481 [pool-37-thread-1] INFO  server.RaftServerConfigKeys (ConfUtils.java:logGet(43)) - raft.server.notification.no-leader.timeout = 1000s (custom)
2019-09-16 17:08:38,481 [pool-47-thread-1] INFO  server.RaftServerConfigKeys (ConfUtils.java:logGet(43)) - raft.server.notification.no-leader.timeout = 1000s (custom)
2019-09-16 17:08:38,481 [pool-37-thread-1] INFO  server.RaftServerConfigKeys (ConfUtils.java:logGet(43)) - raft.server.log.use.memory = false (default)
2019-09-16 17:08:38,481 [pool-27-thread-1] INFO  server.RaftServerConfigKeys (ConfUtils.java:logGet(43)) - raft.server.notification.no-leader.timeout = 1000s (custom)
2019-09-16 17:08:38,482 [pool-37-thread-1] INFO  server.RaftServerConfigKeys (ConfUtils.java:logGet(43)) - raft.server.log.purge.gap = 1000000 (custom)
2019-09-16 17:08:38,481 [pool-47-thread-1] INFO  server.RaftServerConfigKeys (ConfUtils.java:logGet(43)) - raft.server.log.use.memory = false (default)
2019-09-16 17:08:38,482 [pool-37-thread-1] INFO  server.RaftServerConfigKeys (ConfUtils.java:logGet(43)) - raft.server.log.appender.buffer.byte-limit = 33554432 (custom)
2019-09-16 17:08:38,482 [pool-27-thread-1] INFO  server.RaftServerConfigKeys (ConfUtils.java:logGet(43)) - raft.server.log.use.memory = false (default)
2019-09-16 17:08:38,482 [pool-37-thread-1] INFO  server.RaftServerConfigKeys (ConfUtils.java:logGet(43)) - raft.server.log.segment.size.max = 1048576 (custom)
2019-09-16 17:08:38,482 [pool-47-thread-1] INFO  server.RaftServerConfigKeys (ConfUtils.java:logGet(43)) - raft.server.log.purge.gap = 1000000 (custom)
2019-09-16 17:08:38,483 [pool-37-thread-1] INFO  server.RaftServerConfigKeys (ConfUtils.java:logGet(43)) - raft.server.log.segment.cache.num.max = 2 (custom)
2019-09-16 17:08:38,483 [pool-27-thread-1] INFO  server.RaftServerConfigKeys (ConfUtils.java:logGet(43)) - raft.server.log.purge.gap = 1000000 (custom)
2019-09-16 17:08:38,483 [pool-37-thread-1] INFO  segmented.SegmentedRaftLogWorker (SegmentedRaftLogWorker.java:<init>(172)) - new 34f08b31-c8b3-482b-8cc3-6b2bf7238fa6@group-F1658404C2F1-SegmentedRaftLogWorker for RaftStorage:Storage Directory /workdir/hadoop-ozone/integration-test/target/test-dir/MiniOzoneClusterImpl-25e77f6b-33bc-4e9f-9ff4-ac3a8a45a431/datanode-1/data/ratis/608a7cc0-abaa-44ef-96ae-f1658404c2f1
2019-09-16 17:08:38,483 [pool-47-thread-1] INFO  server.RaftServerConfigKeys (ConfUtils.java:logGet(43)) - raft.server.log.appender.buffer.byte-limit = 33554432 (custom)
2019-09-16 17:08:38,484 [pool-37-thread-1] INFO  server.RaftServerConfigKeys (ConfUtils.java:logGet(43)) - raft.server.log.queue.byte-limit = 2147483647 (custom)
2019-09-16 17:08:38,483 [pool-27-thread-1] INFO  server.RaftServerConfigKeys (ConfUtils.java:logGet(43)) - raft.server.log.appender.buffer.byte-limit = 33554432 (custom)
2019-09-16 17:08:38,484 [pool-37-thread-1] INFO  server.RaftServerConfigKeys (ConfUtils.java:logGet(43)) - raft.server.log.queue.element-limit = 1024 (custom)
2019-09-16 17:08:38,484 [pool-47-thread-1] INFO  server.RaftServerConfigKeys (ConfUtils.java:logGet(43)) - raft.server.log.segment.size.max = 1048576 (custom)
2019-09-16 17:08:38,484 [pool-37-thread-1] INFO  server.RaftServerConfigKeys (ConfUtils.java:logGet(43)) - raft.server.log.segment.size.max = 1048576 (custom)
2019-09-16 17:08:38,484 [pool-27-thread-1] INFO  server.RaftServerConfigKeys (ConfUtils.java:logGet(43)) - raft.server.log.segment.size.max = 1048576 (custom)
2019-09-16 17:08:38,485 [pool-37-thread-1] INFO  server.RaftServerConfigKeys (ConfUtils.java:logGet(43)) - raft.server.log.preallocated.size = 16384 (custom)
2019-09-16 17:08:38,484 [pool-47-thread-1] INFO  server.RaftServerConfigKeys (ConfUtils.java:logGet(43)) - raft.server.log.segment.cache.num.max = 2 (custom)
2019-09-16 17:08:38,485 [pool-37-thread-1] INFO  server.RaftServerConfigKeys (ConfUtils.java:logGet(43)) - raft.server.log.write.buffer.size = 33554432 (custom)
2019-09-16 17:08:38,485 [pool-27-thread-1] INFO  server.RaftServerConfigKeys (ConfUtils.java:logGet(43)) - raft.server.log.segment.cache.num.max = 2 (custom)
2019-09-16 17:08:38,486 [pool-37-thread-1] INFO  server.RaftServerConfigKeys (ConfUtils.java:logGet(43)) - raft.server.log.force.sync.num = 128 (default)
2019-09-16 17:08:38,485 [pool-47-thread-1] INFO  segmented.SegmentedRaftLogWorker (SegmentedRaftLogWorker.java:<init>(172)) - new b02ccc6f-e83e-4b2b-a54f-39751fc192c5@group-F1658404C2F1-SegmentedRaftLogWorker for RaftStorage:Storage Directory /workdir/hadoop-ozone/integration-test/target/test-dir/MiniOzoneClusterImpl-25e77f6b-33bc-4e9f-9ff4-ac3a8a45a431/datanode-2/data/ratis/608a7cc0-abaa-44ef-96ae-f1658404c2f1
2019-09-16 17:08:38,486 [pool-37-thread-1] INFO  server.RaftServerConfigKeys (ConfUtils.java:logGet(43)) - raft.server.log.statemachine.data.sync = true (default)
2019-09-16 17:08:38,486 [pool-27-thread-1] INFO  segmented.SegmentedRaftLogWorker (SegmentedRaftLogWorker.java:<init>(172)) - new 21312e21-4e93-48ae-b57d-2154aed46145@group-F1658404C2F1-SegmentedRaftLogWorker for RaftStorage:Storage Directory /workdir/hadoop-ozone/integration-test/target/test-dir/MiniOzoneClusterImpl-25e77f6b-33bc-4e9f-9ff4-ac3a8a45a431/datanode-0/data/ratis/608a7cc0-abaa-44ef-96ae-f1658404c2f1
2019-09-16 17:08:38,486 [pool-37-thread-1] INFO  server.RaftServerConfigKeys (ConfUtils.java:logGet(43)) - raft.server.log.statemachine.data.sync.timeout = 10s (default)
2019-09-16 17:08:38,486 [pool-47-thread-1] INFO  server.RaftServerConfigKeys (ConfUtils.java:logGet(43)) - raft.server.log.queue.byte-limit = 2147483647 (custom)
2019-09-16 17:08:38,487 [pool-37-thread-1] INFO  server.RaftServerConfigKeys (ConfUtils.java:logGet(43)) - raft.server.log.statemachine.data.sync.timeout.retry = -1 (default)
2019-09-16 17:08:38,487 [pool-27-thread-1] INFO  server.RaftServerConfigKeys (ConfUtils.java:logGet(43)) - raft.server.log.queue.byte-limit = 2147483647 (custom)
2019-09-16 17:08:38,487 [pool-37-thread-1] INFO  server.RaftServerConfigKeys (ConfUtils.java:logGet(43)) - raft.server.log.statemachine.data.caching.enabled = true (custom)
2019-09-16 17:08:38,487 [pool-47-thread-1] INFO  server.RaftServerConfigKeys (ConfUtils.java:logGet(43)) - raft.server.log.queue.element-limit = 1024 (custom)
2019-09-16 17:08:38,487 [pool-27-thread-1] INFO  server.RaftServerConfigKeys (ConfUtils.java:logGet(43)) - raft.server.log.queue.element-limit = 1024 (custom)
2019-09-16 17:08:38,488 [pool-47-thread-1] INFO  server.RaftServerConfigKeys (ConfUtils.java:logGet(43)) - raft.server.log.segment.size.max = 1048576 (custom)
2019-09-16 17:08:38,488 [pool-37-thread-1] INFO  segmented.SegmentedRaftLogWorker (SegmentedRaftLogWorker.java:lambda$new$0(132)) - 34f08b31-c8b3-482b-8cc3-6b2bf7238fa6@group-F1658404C2F1-SegmentedRaftLogWorker: flushIndex: setUnconditionally 0 -> -1
2019-09-16 17:08:38,488 [pool-47-thread-1] INFO  server.RaftServerConfigKeys (ConfUtils.java:logGet(43)) - raft.server.log.preallocated.size = 16384 (custom)
2019-09-16 17:08:38,488 [pool-27-thread-1] INFO  server.RaftServerConfigKeys (ConfUtils.java:logGet(43)) - raft.server.log.segment.size.max = 1048576 (custom)
2019-09-16 17:08:38,488 [pool-47-thread-1] INFO  server.RaftServerConfigKeys (ConfUtils.java:logGet(43)) - raft.server.log.write.buffer.size = 33554432 (custom)
2019-09-16 17:08:38,489 [pool-37-thread-1] INFO  server.RaftServerConfigKeys (ConfUtils.java:logGet(43)) - raft.server.snapshot.auto.trigger.enabled = true (custom)
2019-09-16 17:08:38,489 [pool-47-thread-1] INFO  server.RaftServerConfigKeys (ConfUtils.java:logGet(43)) - raft.server.log.force.sync.num = 128 (default)
2019-09-16 17:08:38,489 [pool-27-thread-1] INFO  server.RaftServerConfigKeys (ConfUtils.java:logGet(43)) - raft.server.log.preallocated.size = 16384 (custom)
2019-09-16 17:08:38,489 [pool-47-thread-1] INFO  server.RaftServerConfigKeys (ConfUtils.java:logGet(43)) - raft.server.log.statemachine.data.sync = true (default)
2019-09-16 17:08:38,489 [pool-37-thread-1] INFO  server.RaftServerConfigKeys (ConfUtils.java:logGet(43)) - raft.server.snapshot.auto.trigger.threshold = 10000 (custom)
2019-09-16 17:08:38,489 [pool-47-thread-1] INFO  server.RaftServerConfigKeys (ConfUtils.java:logGet(43)) - raft.server.log.statemachine.data.sync.timeout = 10s (default)
2019-09-16 17:08:38,489 [pool-27-thread-1] INFO  server.RaftServerConfigKeys (ConfUtils.java:logGet(43)) - raft.server.log.write.buffer.size = 33554432 (custom)
2019-09-16 17:08:38,490 [pool-47-thread-1] INFO  server.RaftServerConfigKeys (ConfUtils.java:logGet(43)) - raft.server.log.statemachine.data.sync.timeout.retry = -1 (default)
2019-09-16 17:08:38,489 [pool-37-thread-1] INFO  server.RaftServerConfigKeys (ConfUtils.java:logGet(43)) - raft.server.snapshot.retention.num.files = -1 (default)
2019-09-16 17:08:38,490 [pool-47-thread-1] INFO  server.RaftServerConfigKeys (ConfUtils.java:logGet(43)) - raft.server.log.statemachine.data.caching.enabled = true (custom)
2019-09-16 17:08:38,490 [pool-27-thread-1] INFO  server.RaftServerConfigKeys (ConfUtils.java:logGet(43)) - raft.server.log.force.sync.num = 128 (default)
2019-09-16 17:08:38,490 [pool-47-thread-1] INFO  segmented.SegmentedRaftLogWorker (SegmentedRaftLogWorker.java:lambda$new$0(132)) - b02ccc6f-e83e-4b2b-a54f-39751fc192c5@group-F1658404C2F1-SegmentedRaftLogWorker: flushIndex: setUnconditionally 0 -> -1
2019-09-16 17:08:38,490 [pool-37-thread-1] INFO  server.RaftServerConfigKeys (ConfUtils.java:logGet(43)) - raft.server.retrycache.expirytime = 600000ms (custom)
2019-09-16 17:08:38,491 [pool-27-thread-1] INFO  server.RaftServerConfigKeys (ConfUtils.java:logGet(43)) - raft.server.log.statemachine.data.sync = true (default)
2019-09-16 17:08:38,491 [pool-47-thread-1] INFO  server.RaftServerConfigKeys (ConfUtils.java:logGet(43)) - raft.server.snapshot.auto.trigger.enabled = true (custom)
2019-09-16 17:08:38,491 [pool-27-thread-1] INFO  server.RaftServerConfigKeys (ConfUtils.java:logGet(43)) - raft.server.log.statemachine.data.sync.timeout = 10s (default)
2019-09-16 17:08:38,491 [pool-47-thread-1] INFO  server.RaftServerConfigKeys (ConfUtils.java:logGet(43)) - raft.server.snapshot.auto.trigger.threshold = 10000 (custom)
2019-09-16 17:08:38,491 [pool-27-thread-1] INFO  server.RaftServerConfigKeys (ConfUtils.java:logGet(43)) - raft.server.log.statemachine.data.sync.timeout.retry = -1 (default)
2019-09-16 17:08:38,491 [pool-47-thread-1] INFO  server.RaftServerConfigKeys (ConfUtils.java:logGet(43)) - raft.server.snapshot.retention.num.files = -1 (default)
2019-09-16 17:08:38,492 [pool-27-thread-1] INFO  server.RaftServerConfigKeys (ConfUtils.java:logGet(43)) - raft.server.log.statemachine.data.caching.enabled = true (custom)
2019-09-16 17:08:38,492 [pool-47-thread-1] INFO  server.RaftServerConfigKeys (ConfUtils.java:logGet(43)) - raft.server.retrycache.expirytime = 600000ms (custom)
2019-09-16 17:08:38,492 [pool-27-thread-1] INFO  segmented.SegmentedRaftLogWorker (SegmentedRaftLogWorker.java:lambda$new$0(132)) - 21312e21-4e93-48ae-b57d-2154aed46145@group-F1658404C2F1-SegmentedRaftLogWorker: flushIndex: setUnconditionally 0 -> -1
2019-09-16 17:08:38,492 [pool-27-thread-1] INFO  server.RaftServerConfigKeys (ConfUtils.java:logGet(43)) - raft.server.snapshot.auto.trigger.enabled = true (custom)
2019-09-16 17:08:38,492 [pool-27-thread-1] INFO  server.RaftServerConfigKeys (ConfUtils.java:logGet(43)) - raft.server.snapshot.auto.trigger.threshold = 10000 (custom)
2019-09-16 17:08:38,493 [pool-27-thread-1] INFO  server.RaftServerConfigKeys (ConfUtils.java:logGet(43)) - raft.server.snapshot.retention.num.files = -1 (default)
2019-09-16 17:08:38,493 [pool-27-thread-1] INFO  server.RaftServerConfigKeys (ConfUtils.java:logGet(43)) - raft.server.retrycache.expirytime = 600000ms (custom)
2019-09-16 17:08:38,496 [pool-37-thread-1] INFO  impl.RaftServerImpl (RaftServerImpl.java:start(185)) - 34f08b31-c8b3-482b-8cc3-6b2bf7238fa6@group-F1658404C2F1: start as a follower, conf=-1: [34f08b31-c8b3-482b-8cc3-6b2bf7238fa6:192.168.151.75:41780, b02ccc6f-e83e-4b2b-a54f-39751fc192c5:192.168.151.75:39809, 21312e21-4e93-48ae-b57d-2154aed46145:192.168.151.75:35602], old=null
2019-09-16 17:08:38,497 [pool-37-thread-1] INFO  impl.RaftServerImpl (RaftServerImpl.java:setRole(174)) - 34f08b31-c8b3-482b-8cc3-6b2bf7238fa6@group-F1658404C2F1: changes role from      null to FOLLOWER at term 0 for startAsFollower
2019-09-16 17:08:38,497 [pool-47-thread-1] INFO  impl.RaftServerImpl (RaftServerImpl.java:start(185)) - b02ccc6f-e83e-4b2b-a54f-39751fc192c5@group-F1658404C2F1: start as a follower, conf=-1: [34f08b31-c8b3-482b-8cc3-6b2bf7238fa6:192.168.151.75:41780, b02ccc6f-e83e-4b2b-a54f-39751fc192c5:192.168.151.75:39809, 21312e21-4e93-48ae-b57d-2154aed46145:192.168.151.75:35602], old=null
2019-09-16 17:08:38,497 [pool-37-thread-1] INFO  impl.RoleInfo (RoleInfo.java:updateAndGet(143)) - 34f08b31-c8b3-482b-8cc3-6b2bf7238fa6: start FollowerState
2019-09-16 17:08:38,497 [pool-47-thread-1] INFO  impl.RaftServerImpl (RaftServerImpl.java:setRole(174)) - b02ccc6f-e83e-4b2b-a54f-39751fc192c5@group-F1658404C2F1: changes role from      null to FOLLOWER at term 0 for startAsFollower
2019-09-16 17:08:38,497 [pool-47-thread-1] INFO  impl.RoleInfo (RoleInfo.java:updateAndGet(143)) - b02ccc6f-e83e-4b2b-a54f-39751fc192c5: start FollowerState
2019-09-16 17:08:38,497 [pool-37-thread-1] INFO  util.JmxRegister (JmxRegister.java:tryRegister(44)) - Successfully registered JMX Bean with object name Ratis:service=RaftServer,group=group-F1658404C2F1,id=34f08b31-c8b3-482b-8cc3-6b2bf7238fa6
2019-09-16 17:08:38,497 [pool-27-thread-1] INFO  impl.RaftServerImpl (RaftServerImpl.java:start(185)) - 21312e21-4e93-48ae-b57d-2154aed46145@group-F1658404C2F1: start as a follower, conf=-1: [34f08b31-c8b3-482b-8cc3-6b2bf7238fa6:192.168.151.75:41780, b02ccc6f-e83e-4b2b-a54f-39751fc192c5:192.168.151.75:39809, 21312e21-4e93-48ae-b57d-2154aed46145:192.168.151.75:35602], old=null
2019-09-16 17:08:38,498 [pool-47-thread-1] INFO  util.JmxRegister (JmxRegister.java:tryRegister(44)) - Successfully registered JMX Bean with object name Ratis:service=RaftServer,group=group-F1658404C2F1,id=b02ccc6f-e83e-4b2b-a54f-39751fc192c5
2019-09-16 17:08:38,498 [pool-27-thread-1] INFO  impl.RaftServerImpl (RaftServerImpl.java:setRole(174)) - 21312e21-4e93-48ae-b57d-2154aed46145@group-F1658404C2F1: changes role from      null to FOLLOWER at term 0 for startAsFollower
2019-09-16 17:08:38,498 [pool-27-thread-1] INFO  impl.RoleInfo (RoleInfo.java:updateAndGet(143)) - 21312e21-4e93-48ae-b57d-2154aed46145: start FollowerState
2019-09-16 17:08:38,499 [pool-27-thread-1] INFO  util.JmxRegister (JmxRegister.java:tryRegister(44)) - Successfully registered JMX Bean with object name Ratis:service=RaftServer,group=group-F1658404C2F1,id=21312e21-4e93-48ae-b57d-2154aed46145
2019-09-16 17:08:38,528 [RatisPipelineUtilsThread] INFO  pipeline.PipelineStateManager (PipelineStateManager.java:addPipeline(56)) - Created pipeline Pipeline[ Id: 608a7cc0-abaa-44ef-96ae-f1658404c2f1, Nodes: 34f08b31-c8b3-482b-8cc3-6b2bf7238fa6{ip: 192.168.151.75, host: pr-hdds-2114-2x2fm-437316914, networkLocation: /default-rack, certSerialId: null}21312e21-4e93-48ae-b57d-2154aed46145{ip: 192.168.151.75, host: pr-hdds-2114-2x2fm-437316914, networkLocation: /default-rack, certSerialId: null}b02ccc6f-e83e-4b2b-a54f-39751fc192c5{ip: 192.168.151.75, host: pr-hdds-2114-2x2fm-437316914, networkLocation: /default-rack, certSerialId: null}, Type:RATIS, Factor:THREE, State:OPEN]
2019-09-16 17:08:38,914 [main] INFO  rpc.RpcClient (RpcClient.java:createVolume(301)) - Creating Volume: testcontainerstatemachinefailures, with jenkins1000 as owner.
2019-09-16 17:08:39,028 [IPC Server handler 4 on 45133] INFO  volume.OMVolumeCreateRequest (OMVolumeCreateRequest.java:validateAndUpdateCache(189)) - created volume:testcontainerstatemachinefailures for user:jenkins1000
2019-09-16 17:08:39,057 [main] INFO  rpc.RpcClient (RpcClient.java:createBucket(440)) - Creating Bucket: testcontainerstatemachinefailures/testcontainerstatemachinefailures, with Versioning false and Storage Type set to DISK and Encryption set to false 
2019-09-16 17:08:39,514 [EventQueue-StaleNodeForStaleNodeHandler] INFO  node.StaleNodeHandler (StaleNodeHandler.java:onMessage(58)) - Datanode 34f08b31-c8b3-482b-8cc3-6b2bf7238fa6{ip: 192.168.151.75, host: pr-hdds-2114-2x2fm-437316914, networkLocation: /default-rack, certSerialId: null} moved to stale state. Finalizing its pipelines [PipelineID=608a7cc0-abaa-44ef-96ae-f1658404c2f1, PipelineID=fffc0275-460b-41af-9b99-0ae8c919c1ca]
2019-09-16 17:08:39,529 [EventQueue-StaleNodeForStaleNodeHandler] INFO  pipeline.SCMPipelineManager (SCMPipelineManager.java:finalizeAndDestroyPipeline(311)) - destroying pipeline:Pipeline[ Id: 608a7cc0-abaa-44ef-96ae-f1658404c2f1, Nodes: 34f08b31-c8b3-482b-8cc3-6b2bf7238fa6{ip: 192.168.151.75, host: pr-hdds-2114-2x2fm-437316914, networkLocation: /default-rack, certSerialId: null}21312e21-4e93-48ae-b57d-2154aed46145{ip: 192.168.151.75, host: pr-hdds-2114-2x2fm-437316914, networkLocation: /default-rack, certSerialId: null}b02ccc6f-e83e-4b2b-a54f-39751fc192c5{ip: 192.168.151.75, host: pr-hdds-2114-2x2fm-437316914, networkLocation: /default-rack, certSerialId: null}, Type:RATIS, Factor:THREE, State:OPEN]
2019-09-16 17:08:39,542 [EventQueue-StaleNodeForStaleNodeHandler] INFO  pipeline.PipelineStateManager (PipelineStateManager.java:finalizePipeline(123)) - Pipeline Pipeline[ Id: 608a7cc0-abaa-44ef-96ae-f1658404c2f1, Nodes: 34f08b31-c8b3-482b-8cc3-6b2bf7238fa6{ip: 192.168.151.75, host: pr-hdds-2114-2x2fm-437316914, networkLocation: /default-rack, certSerialId: null}21312e21-4e93-48ae-b57d-2154aed46145{ip: 192.168.151.75, host: pr-hdds-2114-2x2fm-437316914, networkLocation: /default-rack, certSerialId: null}b02ccc6f-e83e-4b2b-a54f-39751fc192c5{ip: 192.168.151.75, host: pr-hdds-2114-2x2fm-437316914, networkLocation: /default-rack, certSerialId: null}, Type:RATIS, Factor:THREE, State:CLOSED] moved to CLOSED state
2019-09-16 17:08:39,543 [EventQueue-CloseContainerForCloseContainerEventHandler] INFO  container.CloseContainerEventHandler (CloseContainerEventHandler.java:onMessage(61)) - Close container Event triggered for container : #1
2019-09-16 17:08:39,546 [EventQueue-StaleNodeForStaleNodeHandler] INFO  pipeline.SCMPipelineManager (SCMPipelineManager.java:finalizeAndDestroyPipeline(311)) - destroying pipeline:Pipeline[ Id: fffc0275-460b-41af-9b99-0ae8c919c1ca, Nodes: 34f08b31-c8b3-482b-8cc3-6b2bf7238fa6{ip: 192.168.151.75, host: pr-hdds-2114-2x2fm-437316914, networkLocation: /default-rack, certSerialId: null}, Type:RATIS, Factor:ONE, State:OPEN]
2019-09-16 17:08:39,551 [EventQueue-StaleNodeForStaleNodeHandler] INFO  pipeline.PipelineStateManager (PipelineStateManager.java:finalizePipeline(123)) - Pipeline Pipeline[ Id: fffc0275-460b-41af-9b99-0ae8c919c1ca, Nodes: 34f08b31-c8b3-482b-8cc3-6b2bf7238fa6{ip: 192.168.151.75, host: pr-hdds-2114-2x2fm-437316914, networkLocation: /default-rack, certSerialId: null}, Type:RATIS, Factor:ONE, State:CLOSED] moved to CLOSED state
2019-09-16 17:08:39,551 [EventQueue-StaleNodeForStaleNodeHandler] INFO  node.StaleNodeHandler (StaleNodeHandler.java:onMessage(58)) - Datanode b02ccc6f-e83e-4b2b-a54f-39751fc192c5{ip: 192.168.151.75, host: pr-hdds-2114-2x2fm-437316914, networkLocation: /default-rack, certSerialId: null} moved to stale state. Finalizing its pipelines [PipelineID=608a7cc0-abaa-44ef-96ae-f1658404c2f1, PipelineID=7a2c9e31-055a-425a-ae26-e676fa7be66b]
2019-09-16 17:08:39,551 [EventQueue-StaleNodeForStaleNodeHandler] INFO  pipeline.SCMPipelineManager (SCMPipelineManager.java:finalizeAndDestroyPipeline(311)) - destroying pipeline:Pipeline[ Id: 608a7cc0-abaa-44ef-96ae-f1658404c2f1, Nodes: 34f08b31-c8b3-482b-8cc3-6b2bf7238fa6{ip: 192.168.151.75, host: pr-hdds-2114-2x2fm-437316914, networkLocation: /default-rack, certSerialId: null}21312e21-4e93-48ae-b57d-2154aed46145{ip: 192.168.151.75, host: pr-hdds-2114-2x2fm-437316914, networkLocation: /default-rack, certSerialId: null}b02ccc6f-e83e-4b2b-a54f-39751fc192c5{ip: 192.168.151.75, host: pr-hdds-2114-2x2fm-437316914, networkLocation: /default-rack, certSerialId: null}, Type:RATIS, Factor:THREE, State:CLOSED]
2019-09-16 17:08:39,552 [EventQueue-StaleNodeForStaleNodeHandler] INFO  pipeline.SCMPipelineManager (SCMPipelineManager.java:finalizeAndDestroyPipeline(311)) - destroying pipeline:Pipeline[ Id: 7a2c9e31-055a-425a-ae26-e676fa7be66b, Nodes: b02ccc6f-e83e-4b2b-a54f-39751fc192c5{ip: 192.168.151.75, host: pr-hdds-2114-2x2fm-437316914, networkLocation: /default-rack, certSerialId: null}, Type:RATIS, Factor:ONE, State:OPEN]
2019-09-16 17:08:39,552 [EventQueue-StaleNodeForStaleNodeHandler] INFO  pipeline.PipelineStateManager (PipelineStateManager.java:finalizePipeline(123)) - Pipeline Pipeline[ Id: 7a2c9e31-055a-425a-ae26-e676fa7be66b, Nodes: b02ccc6f-e83e-4b2b-a54f-39751fc192c5{ip: 192.168.151.75, host: pr-hdds-2114-2x2fm-437316914, networkLocation: /default-rack, certSerialId: null}, Type:RATIS, Factor:ONE, State:CLOSED] moved to CLOSED state
2019-09-16 17:08:39,552 [EventQueue-StaleNodeForStaleNodeHandler] INFO  node.StaleNodeHandler (StaleNodeHandler.java:onMessage(58)) - Datanode 42b5d587-be00-4d52-9380-4f9fa07a292a{ip: 192.168.151.75, host: pr-hdds-2114-2x2fm-437316914, networkLocation: /default-rack, certSerialId: null} moved to stale state. Finalizing its pipelines [PipelineID=db7be168-60a0-46cd-884f-849b3149b8e7]
2019-09-16 17:08:39,552 [EventQueue-StaleNodeForStaleNodeHandler] INFO  pipeline.SCMPipelineManager (SCMPipelineManager.java:finalizeAndDestroyPipeline(311)) - destroying pipeline:Pipeline[ Id: db7be168-60a0-46cd-884f-849b3149b8e7, Nodes: 42b5d587-be00-4d52-9380-4f9fa07a292a{ip: 192.168.151.75, host: pr-hdds-2114-2x2fm-437316914, networkLocation: /default-rack, certSerialId: null}, Type:RATIS, Factor:ONE, State:OPEN]
2019-09-16 17:08:39,553 [EventQueue-StaleNodeForStaleNodeHandler] INFO  pipeline.PipelineStateManager (PipelineStateManager.java:finalizePipeline(123)) - Pipeline Pipeline[ Id: db7be168-60a0-46cd-884f-849b3149b8e7, Nodes: 42b5d587-be00-4d52-9380-4f9fa07a292a{ip: 192.168.151.75, host: pr-hdds-2114-2x2fm-437316914, networkLocation: /default-rack, certSerialId: null}, Type:RATIS, Factor:ONE, State:CLOSED] moved to CLOSED state
2019-09-16 17:08:39,630 [grpc-default-executor-0] INFO  impl.RaftServerProxy (RaftServerProxy.java:addNew(89)) - 34f08b31-c8b3-482b-8cc3-6b2bf7238fa6: addNew group-6C21F6483796:[34f08b31-c8b3-482b-8cc3-6b2bf7238fa6:192.168.151.75:41780] returns group-6C21F6483796:java.util.concurrent.CompletableFuture@79b8f9af[Not completed]
2019-09-16 17:08:39,635 [pool-37-thread-1] INFO  impl.RaftServerImpl (RaftServerImpl.java:<init>(95)) - 34f08b31-c8b3-482b-8cc3-6b2bf7238fa6: new RaftServerImpl for group-6C21F6483796:[34f08b31-c8b3-482b-8cc3-6b2bf7238fa6:192.168.151.75:41780] with ContainerStateMachine:uninitialized
2019-09-16 17:08:39,635 [pool-37-thread-1] INFO  server.RaftServerConfigKeys (ConfUtils.java:logGet(43)) - raft.server.rpc.timeout.min = 5s (custom)
2019-09-16 17:08:39,635 [pool-37-thread-1] INFO  server.RaftServerConfigKeys (ConfUtils.java:logGet(43)) - raft.server.rpc.timeout.max = 5200ms (custom)
2019-09-16 17:08:39,636 [pool-37-thread-1] INFO  server.RaftServerConfigKeys (ConfUtils.java:logGet(43)) - raft.server.rpcslowness.timeout = 1000s (custom)
2019-09-16 17:08:39,636 [pool-37-thread-1] INFO  server.RaftServerConfigKeys (ConfUtils.java:logGet(43)) - raft.server.sleep.deviation.threshold = 300 (default)
2019-09-16 17:08:39,636 [pool-37-thread-1] INFO  server.RaftServerConfigKeys (ConfUtils.java:logGet(43)) - raft.server.log.appender.install.snapshot.enabled = false (custom)
2019-09-16 17:08:39,636 [pool-37-thread-1] INFO  impl.RaftServerImpl (ServerState.java:<init>(103)) - 34f08b31-c8b3-482b-8cc3-6b2bf7238fa6@group-6C21F6483796: ConfigurationManager, init=-1: [34f08b31-c8b3-482b-8cc3-6b2bf7238fa6:192.168.151.75:41780], old=null, confs=<EMPTY_MAP>
2019-09-16 17:08:39,637 [pool-37-thread-1] INFO  server.RaftServerConfigKeys (ConfUtils.java:logGet(43)) - raft.server.storage.dir = [/workdir/hadoop-ozone/integration-test/target/test-dir/MiniOzoneClusterImpl-25e77f6b-33bc-4e9f-9ff4-ac3a8a45a431/datanode-1/data/ratis] (custom)
2019-09-16 17:08:39,637 [pool-37-thread-1] INFO  storage.RaftStorageDirectory (RaftStorageDirectory.java:analyzeStorage(246)) - The storage directory /workdir/hadoop-ozone/integration-test/target/test-dir/MiniOzoneClusterImpl-25e77f6b-33bc-4e9f-9ff4-ac3a8a45a431/datanode-1/data/ratis/8625892f-7a14-43be-871f-6c21f6483796 does not exist. Creating ...
2019-09-16 17:08:39,651 [pool-37-thread-1] INFO  storage.RaftStorageDirectory (RaftStorageDirectory.java:tryLock(328)) - Lock on /workdir/hadoop-ozone/integration-test/target/test-dir/MiniOzoneClusterImpl-25e77f6b-33bc-4e9f-9ff4-ac3a8a45a431/datanode-1/data/ratis/8625892f-7a14-43be-871f-6c21f6483796/in_use.lock acquired by nodename 14172@pr-hdds-2114-2x2fm-437316914
2019-09-16 17:08:39,664 [pool-37-thread-1] INFO  storage.RaftStorage (RaftStorage.java:format(72)) - Storage directory /workdir/hadoop-ozone/integration-test/target/test-dir/MiniOzoneClusterImpl-25e77f6b-33bc-4e9f-9ff4-ac3a8a45a431/datanode-1/data/ratis/8625892f-7a14-43be-871f-6c21f6483796 has been successfully formatted.
2019-09-16 17:08:39,665 [pool-37-thread-1] INFO  ratis.ContainerStateMachine (ContainerStateMachine.java:loadSnapshot(230)) - group-6C21F6483796: The snapshot info is null. Setting the last applied indexto:(t:0, i:~)
2019-09-16 17:08:39,665 [pool-37-thread-1] INFO  server.RaftServerConfigKeys (ConfUtils.java:logGet(43)) - raft.server.notification.no-leader.timeout = 1000s (custom)
2019-09-16 17:08:39,665 [pool-37-thread-1] INFO  server.RaftServerConfigKeys (ConfUtils.java:logGet(43)) - raft.server.log.use.memory = false (default)
2019-09-16 17:08:39,666 [pool-37-thread-1] INFO  server.RaftServerConfigKeys (ConfUtils.java:logGet(43)) - raft.server.log.purge.gap = 1000000 (custom)
2019-09-16 17:08:39,666 [pool-37-thread-1] INFO  server.RaftServerConfigKeys (ConfUtils.java:logGet(43)) - raft.server.log.appender.buffer.byte-limit = 33554432 (custom)
2019-09-16 17:08:39,666 [pool-37-thread-1] INFO  server.RaftServerConfigKeys (ConfUtils.java:logGet(43)) - raft.server.log.segment.size.max = 1048576 (custom)
2019-09-16 17:08:39,666 [pool-37-thread-1] INFO  server.RaftServerConfigKeys (ConfUtils.java:logGet(43)) - raft.server.log.segment.cache.num.max = 2 (custom)
2019-09-16 17:08:39,667 [pool-37-thread-1] INFO  segmented.SegmentedRaftLogWorker (SegmentedRaftLogWorker.java:<init>(172)) - new 34f08b31-c8b3-482b-8cc3-6b2bf7238fa6@group-6C21F6483796-SegmentedRaftLogWorker for RaftStorage:Storage Directory /workdir/hadoop-ozone/integration-test/target/test-dir/MiniOzoneClusterImpl-25e77f6b-33bc-4e9f-9ff4-ac3a8a45a431/datanode-1/data/ratis/8625892f-7a14-43be-871f-6c21f6483796
2019-09-16 17:08:39,667 [pool-37-thread-1] INFO  server.RaftServerConfigKeys (ConfUtils.java:logGet(43)) - raft.server.log.queue.byte-limit = 2147483647 (custom)
2019-09-16 17:08:39,667 [pool-37-thread-1] INFO  server.RaftServerConfigKeys (ConfUtils.java:logGet(43)) - raft.server.log.queue.element-limit = 1024 (custom)
2019-09-16 17:08:39,667 [main] INFO  impl.MetricsSystemImpl (MetricsSystemImpl.java:init(158)) - XceiverClientMetrics metrics system started (again)
2019-09-16 17:08:39,667 [pool-37-thread-1] INFO  server.RaftServerConfigKeys (ConfUtils.java:logGet(43)) - raft.server.log.segment.size.max = 1048576 (custom)
2019-09-16 17:08:39,668 [pool-37-thread-1] INFO  server.RaftServerConfigKeys (ConfUtils.java:logGet(43)) - raft.server.log.preallocated.size = 16384 (custom)
2019-09-16 17:08:39,668 [pool-37-thread-1] INFO  server.RaftServerConfigKeys (ConfUtils.java:logGet(43)) - raft.server.log.write.buffer.size = 33554432 (custom)
2019-09-16 17:08:39,668 [pool-37-thread-1] INFO  server.RaftServerConfigKeys (ConfUtils.java:logGet(43)) - raft.server.log.force.sync.num = 128 (default)
2019-09-16 17:08:39,669 [pool-37-thread-1] INFO  server.RaftServerConfigKeys (ConfUtils.java:logGet(43)) - raft.server.log.statemachine.data.sync = true (default)
2019-09-16 17:08:39,669 [pool-37-thread-1] INFO  server.RaftServerConfigKeys (ConfUtils.java:logGet(43)) - raft.server.log.statemachine.data.sync.timeout = 10s (default)
2019-09-16 17:08:39,669 [pool-37-thread-1] INFO  server.RaftServerConfigKeys (ConfUtils.java:logGet(43)) - raft.server.log.statemachine.data.sync.timeout.retry = -1 (default)
2019-09-16 17:08:39,670 [pool-37-thread-1] INFO  server.RaftServerConfigKeys (ConfUtils.java:logGet(43)) - raft.server.log.statemachine.data.caching.enabled = true (custom)
2019-09-16 17:08:39,670 [pool-37-thread-1] INFO  segmented.SegmentedRaftLogWorker (SegmentedRaftLogWorker.java:lambda$new$0(132)) - 34f08b31-c8b3-482b-8cc3-6b2bf7238fa6@group-6C21F6483796-SegmentedRaftLogWorker: flushIndex: setUnconditionally 0 -> -1
2019-09-16 17:08:39,671 [pool-37-thread-1] INFO  server.RaftServerConfigKeys (ConfUtils.java:logGet(43)) - raft.server.snapshot.auto.trigger.enabled = true (custom)
2019-09-16 17:08:39,671 [pool-37-thread-1] INFO  server.RaftServerConfigKeys (ConfUtils.java:logGet(43)) - raft.server.snapshot.auto.trigger.threshold = 10000 (custom)
2019-09-16 17:08:39,671 [pool-37-thread-1] INFO  server.RaftServerConfigKeys (ConfUtils.java:logGet(43)) - raft.server.snapshot.retention.num.files = -1 (default)
2019-09-16 17:08:39,671 [pool-37-thread-1] INFO  server.RaftServerConfigKeys (ConfUtils.java:logGet(43)) - raft.server.retrycache.expirytime = 600000ms (custom)
2019-09-16 17:08:39,677 [pool-37-thread-1] INFO  impl.RaftServerImpl (RaftServerImpl.java:start(185)) - 34f08b31-c8b3-482b-8cc3-6b2bf7238fa6@group-6C21F6483796: start as a follower, conf=-1: [34f08b31-c8b3-482b-8cc3-6b2bf7238fa6:192.168.151.75:41780], old=null
2019-09-16 17:08:39,677 [pool-37-thread-1] INFO  impl.RaftServerImpl (RaftServerImpl.java:setRole(174)) - 34f08b31-c8b3-482b-8cc3-6b2bf7238fa6@group-6C21F6483796: changes role from      null to FOLLOWER at term 0 for startAsFollower
2019-09-16 17:08:39,677 [pool-37-thread-1] INFO  impl.RoleInfo (RoleInfo.java:updateAndGet(143)) - 34f08b31-c8b3-482b-8cc3-6b2bf7238fa6: start FollowerState
2019-09-16 17:08:39,678 [pool-37-thread-1] INFO  util.JmxRegister (JmxRegister.java:tryRegister(44)) - Successfully registered JMX Bean with object name Ratis:service=RaftServer,group=group-6C21F6483796,id=34f08b31-c8b3-482b-8cc3-6b2bf7238fa6
2019-09-16 17:08:39,689 [RatisPipelineUtilsThread] INFO  pipeline.PipelineStateManager (PipelineStateManager.java:addPipeline(56)) - Created pipeline Pipeline[ Id: 8625892f-7a14-43be-871f-6c21f6483796, Nodes: 34f08b31-c8b3-482b-8cc3-6b2bf7238fa6{ip: 192.168.151.75, host: pr-hdds-2114-2x2fm-437316914, networkLocation: /default-rack, certSerialId: null}, Type:RATIS, Factor:ONE, State:OPEN]
2019-09-16 17:08:39,705 [grpc-default-executor-0] INFO  impl.RaftServerProxy (RaftServerProxy.java:addNew(89)) - b02ccc6f-e83e-4b2b-a54f-39751fc192c5: addNew group-0EEEE03F6C74:[b02ccc6f-e83e-4b2b-a54f-39751fc192c5:192.168.151.75:39809] returns group-0EEEE03F6C74:java.util.concurrent.CompletableFuture@53798a8f[Not completed]
2019-09-16 17:08:39,707 [pool-47-thread-1] INFO  impl.RaftServerImpl (RaftServerImpl.java:<init>(95)) - b02ccc6f-e83e-4b2b-a54f-39751fc192c5: new RaftServerImpl for group-0EEEE03F6C74:[b02ccc6f-e83e-4b2b-a54f-39751fc192c5:192.168.151.75:39809] with ContainerStateMachine:uninitialized
2019-09-16 17:08:39,709 [pool-47-thread-1] INFO  server.RaftServerConfigKeys (ConfUtils.java:logGet(43)) - raft.server.rpc.timeout.min = 5s (custom)
2019-09-16 17:08:39,709 [pool-47-thread-1] INFO  server.RaftServerConfigKeys (ConfUtils.java:logGet(43)) - raft.server.rpc.timeout.max = 5200ms (custom)
2019-09-16 17:08:39,710 [pool-47-thread-1] INFO  server.RaftServerConfigKeys (ConfUtils.java:logGet(43)) - raft.server.rpcslowness.timeout = 1000s (custom)
2019-09-16 17:08:39,710 [pool-47-thread-1] INFO  server.RaftServerConfigKeys (ConfUtils.java:logGet(43)) - raft.server.sleep.deviation.threshold = 300 (default)
2019-09-16 17:08:39,710 [pool-47-thread-1] INFO  server.RaftServerConfigKeys (ConfUtils.java:logGet(43)) - raft.server.log.appender.install.snapshot.enabled = false (custom)
2019-09-16 17:08:39,710 [pool-47-thread-1] INFO  impl.RaftServerImpl (ServerState.java:<init>(103)) - b02ccc6f-e83e-4b2b-a54f-39751fc192c5@group-0EEEE03F6C74: ConfigurationManager, init=-1: [b02ccc6f-e83e-4b2b-a54f-39751fc192c5:192.168.151.75:39809], old=null, confs=<EMPTY_MAP>
2019-09-16 17:08:39,712 [pool-47-thread-1] INFO  server.RaftServerConfigKeys (ConfUtils.java:logGet(43)) - raft.server.storage.dir = [/workdir/hadoop-ozone/integration-test/target/test-dir/MiniOzoneClusterImpl-25e77f6b-33bc-4e9f-9ff4-ac3a8a45a431/datanode-2/data/ratis] (custom)
2019-09-16 17:08:39,715 [pool-47-thread-1] INFO  storage.RaftStorageDirectory (RaftStorageDirectory.java:analyzeStorage(246)) - The storage directory /workdir/hadoop-ozone/integration-test/target/test-dir/MiniOzoneClusterImpl-25e77f6b-33bc-4e9f-9ff4-ac3a8a45a431/datanode-2/data/ratis/d1399ece-ffc0-4eb2-a6e3-0eeee03f6c74 does not exist. Creating ...
2019-09-16 17:08:39,728 [pool-47-thread-1] INFO  storage.RaftStorageDirectory (RaftStorageDirectory.java:tryLock(328)) - Lock on /workdir/hadoop-ozone/integration-test/target/test-dir/MiniOzoneClusterImpl-25e77f6b-33bc-4e9f-9ff4-ac3a8a45a431/datanode-2/data/ratis/d1399ece-ffc0-4eb2-a6e3-0eeee03f6c74/in_use.lock acquired by nodename 14172@pr-hdds-2114-2x2fm-437316914
2019-09-16 17:08:39,741 [pool-47-thread-1] INFO  storage.RaftStorage (RaftStorage.java:format(72)) - Storage directory /workdir/hadoop-ozone/integration-test/target/test-dir/MiniOzoneClusterImpl-25e77f6b-33bc-4e9f-9ff4-ac3a8a45a431/datanode-2/data/ratis/d1399ece-ffc0-4eb2-a6e3-0eeee03f6c74 has been successfully formatted.
2019-09-16 17:08:39,742 [pool-47-thread-1] INFO  ratis.ContainerStateMachine (ContainerStateMachine.java:loadSnapshot(230)) - group-0EEEE03F6C74: The snapshot info is null. Setting the last applied indexto:(t:0, i:~)
2019-09-16 17:08:39,742 [pool-47-thread-1] INFO  server.RaftServerConfigKeys (ConfUtils.java:logGet(43)) - raft.server.notification.no-leader.timeout = 1000s (custom)
2019-09-16 17:08:39,742 [pool-47-thread-1] INFO  server.RaftServerConfigKeys (ConfUtils.java:logGet(43)) - raft.server.log.use.memory = false (default)
2019-09-16 17:08:39,742 [pool-47-thread-1] INFO  server.RaftServerConfigKeys (ConfUtils.java:logGet(43)) - raft.server.log.purge.gap = 1000000 (custom)
2019-09-16 17:08:39,743 [pool-47-thread-1] INFO  server.RaftServerConfigKeys (ConfUtils.java:logGet(43)) - raft.server.log.appender.buffer.byte-limit = 33554432 (custom)
2019-09-16 17:08:39,743 [pool-47-thread-1] INFO  server.RaftServerConfigKeys (ConfUtils.java:logGet(43)) - raft.server.log.segment.size.max = 1048576 (custom)
2019-09-16 17:08:39,743 [pool-47-thread-1] INFO  server.RaftServerConfigKeys (ConfUtils.java:logGet(43)) - raft.server.log.segment.cache.num.max = 2 (custom)
2019-09-16 17:08:39,743 [pool-47-thread-1] INFO  segmented.SegmentedRaftLogWorker (SegmentedRaftLogWorker.java:<init>(172)) - new b02ccc6f-e83e-4b2b-a54f-39751fc192c5@group-0EEEE03F6C74-SegmentedRaftLogWorker for RaftStorage:Storage Directory /workdir/hadoop-ozone/integration-test/target/test-dir/MiniOzoneClusterImpl-25e77f6b-33bc-4e9f-9ff4-ac3a8a45a431/datanode-2/data/ratis/d1399ece-ffc0-4eb2-a6e3-0eeee03f6c74
2019-09-16 17:08:39,743 [pool-47-thread-1] INFO  server.RaftServerConfigKeys (ConfUtils.java:logGet(43)) - raft.server.log.queue.byte-limit = 2147483647 (custom)
2019-09-16 17:08:39,744 [pool-47-thread-1] INFO  server.RaftServerConfigKeys (ConfUtils.java:logGet(43)) - raft.server.log.queue.element-limit = 1024 (custom)
2019-09-16 17:08:39,744 [pool-47-thread-1] INFO  server.RaftServerConfigKeys (ConfUtils.java:logGet(43)) - raft.server.log.segment.size.max = 1048576 (custom)
2019-09-16 17:08:39,744 [pool-47-thread-1] INFO  server.RaftServerConfigKeys (ConfUtils.java:logGet(43)) - raft.server.log.preallocated.size = 16384 (custom)
2019-09-16 17:08:39,744 [pool-47-thread-1] INFO  server.RaftServerConfigKeys (ConfUtils.java:logGet(43)) - raft.server.log.write.buffer.size = 33554432 (custom)
2019-09-16 17:08:39,744 [pool-47-thread-1] INFO  server.RaftServerConfigKeys (ConfUtils.java:logGet(43)) - raft.server.log.force.sync.num = 128 (default)
2019-09-16 17:08:39,745 [pool-47-thread-1] INFO  server.RaftServerConfigKeys (ConfUtils.java:logGet(43)) - raft.server.log.statemachine.data.sync = true (default)
2019-09-16 17:08:39,745 [pool-47-thread-1] INFO  server.RaftServerConfigKeys (ConfUtils.java:logGet(43)) - raft.server.log.statemachine.data.sync.timeout = 10s (default)
2019-09-16 17:08:39,745 [pool-47-thread-1] INFO  server.RaftServerConfigKeys (ConfUtils.java:logGet(43)) - raft.server.log.statemachine.data.sync.timeout.retry = -1 (default)
2019-09-16 17:08:39,745 [pool-47-thread-1] INFO  server.RaftServerConfigKeys (ConfUtils.java:logGet(43)) - raft.server.log.statemachine.data.caching.enabled = true (custom)
2019-09-16 17:08:39,746 [pool-47-thread-1] INFO  segmented.SegmentedRaftLogWorker (SegmentedRaftLogWorker.java:lambda$new$0(132)) - b02ccc6f-e83e-4b2b-a54f-39751fc192c5@group-0EEEE03F6C74-SegmentedRaftLogWorker: flushIndex: setUnconditionally 0 -> -1
2019-09-16 17:08:39,746 [pool-47-thread-1] INFO  server.RaftServerConfigKeys (ConfUtils.java:logGet(43)) - raft.server.snapshot.auto.trigger.enabled = true (custom)
2019-09-16 17:08:39,746 [pool-47-thread-1] INFO  server.RaftServerConfigKeys (ConfUtils.java:logGet(43)) - raft.server.snapshot.auto.trigger.threshold = 10000 (custom)
2019-09-16 17:08:39,747 [pool-47-thread-1] INFO  server.RaftServerConfigKeys (ConfUtils.java:logGet(43)) - raft.server.snapshot.retention.num.files = -1 (default)
2019-09-16 17:08:39,747 [pool-47-thread-1] INFO  server.RaftServerConfigKeys (ConfUtils.java:logGet(43)) - raft.server.retrycache.expirytime = 600000ms (custom)
2019-09-16 17:08:39,752 [pool-47-thread-1] INFO  impl.RaftServerImpl (RaftServerImpl.java:start(185)) - b02ccc6f-e83e-4b2b-a54f-39751fc192c5@group-0EEEE03F6C74: start as a follower, conf=-1: [b02ccc6f-e83e-4b2b-a54f-39751fc192c5:192.168.151.75:39809], old=null
2019-09-16 17:08:39,752 [pool-47-thread-1] INFO  impl.RaftServerImpl (RaftServerImpl.java:setRole(174)) - b02ccc6f-e83e-4b2b-a54f-39751fc192c5@group-0EEEE03F6C74: changes role from      null to FOLLOWER at term 0 for startAsFollower
2019-09-16 17:08:39,753 [pool-47-thread-1] INFO  impl.RoleInfo (RoleInfo.java:updateAndGet(143)) - b02ccc6f-e83e-4b2b-a54f-39751fc192c5: start FollowerState
2019-09-16 17:08:39,753 [pool-47-thread-1] INFO  util.JmxRegister (JmxRegister.java:tryRegister(44)) - Successfully registered JMX Bean with object name Ratis:service=RaftServer,group=group-0EEEE03F6C74,id=b02ccc6f-e83e-4b2b-a54f-39751fc192c5
2019-09-16 17:08:39,769 [RatisPipelineUtilsThread] INFO  pipeline.PipelineStateManager (PipelineStateManager.java:addPipeline(56)) - Created pipeline Pipeline[ Id: d1399ece-ffc0-4eb2-a6e3-0eeee03f6c74, Nodes: b02ccc6f-e83e-4b2b-a54f-39751fc192c5{ip: 192.168.151.75, host: pr-hdds-2114-2x2fm-437316914, networkLocation: /default-rack, certSerialId: null}, Type:RATIS, Factor:ONE, State:OPEN]
2019-09-16 17:08:39,784 [grpc-default-executor-1] INFO  impl.RaftServerProxy (RaftServerProxy.java:addNew(89)) - 42b5d587-be00-4d52-9380-4f9fa07a292a: addNew group-5B13CD4E002F:[42b5d587-be00-4d52-9380-4f9fa07a292a:192.168.151.75:40547] returns group-5B13CD4E002F:java.util.concurrent.CompletableFuture@1738df6f[Not completed]
2019-09-16 17:08:39,788 [pool-57-thread-1] INFO  impl.RaftServerImpl (RaftServerImpl.java:<init>(95)) - 42b5d587-be00-4d52-9380-4f9fa07a292a: new RaftServerImpl for group-5B13CD4E002F:[42b5d587-be00-4d52-9380-4f9fa07a292a:192.168.151.75:40547] with ContainerStateMachine:uninitialized
2019-09-16 17:08:39,788 [pool-57-thread-1] INFO  server.RaftServerConfigKeys (ConfUtils.java:logGet(43)) - raft.server.rpc.timeout.min = 5s (custom)
2019-09-16 17:08:39,788 [pool-57-thread-1] INFO  server.RaftServerConfigKeys (ConfUtils.java:logGet(43)) - raft.server.rpc.timeout.max = 5200ms (custom)
2019-09-16 17:08:39,789 [pool-57-thread-1] INFO  server.RaftServerConfigKeys (ConfUtils.java:logGet(43)) - raft.server.rpcslowness.timeout = 1000s (custom)
2019-09-16 17:08:39,789 [pool-57-thread-1] INFO  server.RaftServerConfigKeys (ConfUtils.java:logGet(43)) - raft.server.sleep.deviation.threshold = 300 (default)
2019-09-16 17:08:39,789 [pool-57-thread-1] INFO  server.RaftServerConfigKeys (ConfUtils.java:logGet(43)) - raft.server.log.appender.install.snapshot.enabled = false (custom)
2019-09-16 17:08:39,789 [pool-57-thread-1] INFO  impl.RaftServerImpl (ServerState.java:<init>(103)) - 42b5d587-be00-4d52-9380-4f9fa07a292a@group-5B13CD4E002F: ConfigurationManager, init=-1: [42b5d587-be00-4d52-9380-4f9fa07a292a:192.168.151.75:40547], old=null, confs=<EMPTY_MAP>
2019-09-16 17:08:39,790 [pool-57-thread-1] INFO  server.RaftServerConfigKeys (ConfUtils.java:logGet(43)) - raft.server.storage.dir = [/workdir/hadoop-ozone/integration-test/target/test-dir/MiniOzoneClusterImpl-25e77f6b-33bc-4e9f-9ff4-ac3a8a45a431/datanode-3/data/ratis] (custom)
2019-09-16 17:08:39,792 [pool-57-thread-1] INFO  storage.RaftStorageDirectory (RaftStorageDirectory.java:analyzeStorage(246)) - The storage directory /workdir/hadoop-ozone/integration-test/target/test-dir/MiniOzoneClusterImpl-25e77f6b-33bc-4e9f-9ff4-ac3a8a45a431/datanode-3/data/ratis/e7fa03e1-148d-4884-b6b0-5b13cd4e002f does not exist. Creating ...
2019-09-16 17:08:39,804 [pool-57-thread-1] INFO  storage.RaftStorageDirectory (RaftStorageDirectory.java:tryLock(328)) - Lock on /workdir/hadoop-ozone/integration-test/target/test-dir/MiniOzoneClusterImpl-25e77f6b-33bc-4e9f-9ff4-ac3a8a45a431/datanode-3/data/ratis/e7fa03e1-148d-4884-b6b0-5b13cd4e002f/in_use.lock acquired by nodename 14172@pr-hdds-2114-2x2fm-437316914
2019-09-16 17:08:39,806 [grpc-default-executor-0] INFO  client.GrpcClientProtocolClient (GrpcClientProtocolClient.java:onNext(264)) - client-E514167A2371->34f08b31-c8b3-482b-8cc3-6b2bf7238fa6: receive RaftClientReply:client-E514167A2371->34f08b31-c8b3-482b-8cc3-6b2bf7238fa6@group-F1658404C2F1, cid=9, FAILED org.apache.ratis.protocol.NotLeaderException: Server 34f08b31-c8b3-482b-8cc3-6b2bf7238fa6@group-F1658404C2F1 is not the leader, logIndex=0, commits[34f08b31-c8b3-482b-8cc3-6b2bf7238fa6:c-1]
2019-09-16 17:08:39,808 [pool-57-thread-1] INFO  storage.RaftStorage (RaftStorage.java:format(72)) - Storage directory /workdir/hadoop-ozone/integration-test/target/test-dir/MiniOzoneClusterImpl-25e77f6b-33bc-4e9f-9ff4-ac3a8a45a431/datanode-3/data/ratis/e7fa03e1-148d-4884-b6b0-5b13cd4e002f has been successfully formatted.
2019-09-16 17:08:39,808 [pool-57-thread-1] INFO  ratis.ContainerStateMachine (ContainerStateMachine.java:loadSnapshot(230)) - group-5B13CD4E002F: The snapshot info is null. Setting the last applied indexto:(t:0, i:~)
2019-09-16 17:08:39,808 [pool-57-thread-1] INFO  server.RaftServerConfigKeys (ConfUtils.java:logGet(43)) - raft.server.notification.no-leader.timeout = 1000s (custom)
2019-09-16 17:08:39,809 [pool-57-thread-1] INFO  server.RaftServerConfigKeys (ConfUtils.java:logGet(43)) - raft.server.log.use.memory = false (default)
2019-09-16 17:08:39,809 [pool-57-thread-1] INFO  server.RaftServerConfigKeys (ConfUtils.java:logGet(43)) - raft.server.log.purge.gap = 1000000 (custom)
2019-09-16 17:08:39,809 [pool-57-thread-1] INFO  server.RaftServerConfigKeys (ConfUtils.java:logGet(43)) - raft.server.log.appender.buffer.byte-limit = 33554432 (custom)
2019-09-16 17:08:39,811 [pool-57-thread-1] INFO  server.RaftServerConfigKeys (ConfUtils.java:logGet(43)) - raft.server.log.segment.size.max = 1048576 (custom)
2019-09-16 17:08:39,811 [pool-57-thread-1] INFO  server.RaftServerConfigKeys (ConfUtils.java:logGet(43)) - raft.server.log.segment.cache.num.max = 2 (custom)
2019-09-16 17:08:39,811 [pool-57-thread-1] INFO  segmented.SegmentedRaftLogWorker (SegmentedRaftLogWorker.java:<init>(172)) - new 42b5d587-be00-4d52-9380-4f9fa07a292a@group-5B13CD4E002F-SegmentedRaftLogWorker for RaftStorage:Storage Directory /workdir/hadoop-ozone/integration-test/target/test-dir/MiniOzoneClusterImpl-25e77f6b-33bc-4e9f-9ff4-ac3a8a45a431/datanode-3/data/ratis/e7fa03e1-148d-4884-b6b0-5b13cd4e002f
2019-09-16 17:08:39,811 [pool-57-thread-1] INFO  server.RaftServerConfigKeys (ConfUtils.java:logGet(43)) - raft.server.log.queue.byte-limit = 2147483647 (custom)
2019-09-16 17:08:39,811 [pool-57-thread-1] INFO  server.RaftServerConfigKeys (ConfUtils.java:logGet(43)) - raft.server.log.queue.element-limit = 1024 (custom)
2019-09-16 17:08:39,812 [pool-57-thread-1] INFO  server.RaftServerConfigKeys (ConfUtils.java:logGet(43)) - raft.server.log.segment.size.max = 1048576 (custom)
2019-09-16 17:08:39,812 [pool-57-thread-1] INFO  server.RaftServerConfigKeys (ConfUtils.java:logGet(43)) - raft.server.log.preallocated.size = 16384 (custom)
2019-09-16 17:08:39,812 [pool-57-thread-1] INFO  server.RaftServerConfigKeys (ConfUtils.java:logGet(43)) - raft.server.log.write.buffer.size = 33554432 (custom)
2019-09-16 17:08:39,812 [pool-57-thread-1] INFO  server.RaftServerConfigKeys (ConfUtils.java:logGet(43)) - raft.server.log.force.sync.num = 128 (default)
2019-09-16 17:08:39,812 [pool-57-thread-1] INFO  server.RaftServerConfigKeys (ConfUtils.java:logGet(43)) - raft.server.log.statemachine.data.sync = true (default)
2019-09-16 17:08:39,812 [pool-57-thread-1] INFO  server.RaftServerConfigKeys (ConfUtils.java:logGet(43)) - raft.server.log.statemachine.data.sync.timeout = 10s (default)
2019-09-16 17:08:39,815 [pool-57-thread-1] INFO  server.RaftServerConfigKeys (ConfUtils.java:logGet(43)) - raft.server.log.statemachine.data.sync.timeout.retry = -1 (default)
2019-09-16 17:08:39,817 [pool-57-thread-1] INFO  server.RaftServerConfigKeys (ConfUtils.java:logGet(43)) - raft.server.log.statemachine.data.caching.enabled = true (custom)
2019-09-16 17:08:39,819 [pool-57-thread-1] INFO  segmented.SegmentedRaftLogWorker (SegmentedRaftLogWorker.java:lambda$new$0(132)) - 42b5d587-be00-4d52-9380-4f9fa07a292a@group-5B13CD4E002F-SegmentedRaftLogWorker: flushIndex: setUnconditionally 0 -> -1
2019-09-16 17:08:39,819 [pool-57-thread-1] INFO  server.RaftServerConfigKeys (ConfUtils.java:logGet(43)) - raft.server.snapshot.auto.trigger.enabled = true (custom)
2019-09-16 17:08:39,819 [pool-57-thread-1] INFO  server.RaftServerConfigKeys (ConfUtils.java:logGet(43)) - raft.server.snapshot.auto.trigger.threshold = 10000 (custom)
2019-09-16 17:08:39,820 [pool-57-thread-1] INFO  server.RaftServerConfigKeys (ConfUtils.java:logGet(43)) - raft.server.snapshot.retention.num.files = -1 (default)
2019-09-16 17:08:39,821 [pool-57-thread-1] INFO  server.RaftServerConfigKeys (ConfUtils.java:logGet(43)) - raft.server.retrycache.expirytime = 600000ms (custom)
2019-09-16 17:08:39,826 [pool-57-thread-1] INFO  impl.RaftServerImpl (RaftServerImpl.java:start(185)) - 42b5d587-be00-4d52-9380-4f9fa07a292a@group-5B13CD4E002F: start as a follower, conf=-1: [42b5d587-be00-4d52-9380-4f9fa07a292a:192.168.151.75:40547], old=null
2019-09-16 17:08:39,827 [pool-57-thread-1] INFO  impl.RaftServerImpl (RaftServerImpl.java:setRole(174)) - 42b5d587-be00-4d52-9380-4f9fa07a292a@group-5B13CD4E002F: changes role from      null to FOLLOWER at term 0 for startAsFollower
2019-09-16 17:08:39,827 [pool-57-thread-1] INFO  impl.RoleInfo (RoleInfo.java:updateAndGet(143)) - 42b5d587-be00-4d52-9380-4f9fa07a292a: start FollowerState
2019-09-16 17:08:39,827 [pool-57-thread-1] INFO  util.JmxRegister (JmxRegister.java:tryRegister(44)) - Successfully registered JMX Bean with object name Ratis:service=RaftServer,group=group-5B13CD4E002F,id=42b5d587-be00-4d52-9380-4f9fa07a292a
2019-09-16 17:08:39,837 [RatisPipelineUtilsThread] INFO  pipeline.PipelineStateManager (PipelineStateManager.java:addPipeline(56)) - Created pipeline Pipeline[ Id: e7fa03e1-148d-4884-b6b0-5b13cd4e002f, Nodes: 42b5d587-be00-4d52-9380-4f9fa07a292a{ip: 192.168.151.75, host: pr-hdds-2114-2x2fm-437316914, networkLocation: /default-rack, certSerialId: null}, Type:RATIS, Factor:ONE, State:OPEN]
2019-09-16 17:08:39,865 [grpc-default-executor-2] INFO  impl.RaftServerProxy (RaftServerProxy.java:addNew(89)) - b02ccc6f-e83e-4b2b-a54f-39751fc192c5: addNew group-14097650788C:[34f08b31-c8b3-482b-8cc3-6b2bf7238fa6:192.168.151.75:41780, b02ccc6f-e83e-4b2b-a54f-39751fc192c5:192.168.151.75:39809, 21312e21-4e93-48ae-b57d-2154aed46145:192.168.151.75:35602] returns group-14097650788C:java.util.concurrent.CompletableFuture@1bb60e80[Not completed]
2019-09-16 17:08:39,865 [grpc-default-executor-1] INFO  impl.RaftServerProxy (RaftServerProxy.java:addNew(89)) - 21312e21-4e93-48ae-b57d-2154aed46145: addNew group-14097650788C:[34f08b31-c8b3-482b-8cc3-6b2bf7238fa6:192.168.151.75:41780, b02ccc6f-e83e-4b2b-a54f-39751fc192c5:192.168.151.75:39809, 21312e21-4e93-48ae-b57d-2154aed46145:192.168.151.75:35602] returns group-14097650788C:java.util.concurrent.CompletableFuture@7410e21d[Not completed]
2019-09-16 17:08:39,865 [grpc-default-executor-0] INFO  impl.RaftServerProxy (RaftServerProxy.java:addNew(89)) - 34f08b31-c8b3-482b-8cc3-6b2bf7238fa6: addNew group-14097650788C:[34f08b31-c8b3-482b-8cc3-6b2bf7238fa6:192.168.151.75:41780, b02ccc6f-e83e-4b2b-a54f-39751fc192c5:192.168.151.75:39809, 21312e21-4e93-48ae-b57d-2154aed46145:192.168.151.75:35602] returns group-14097650788C:java.util.concurrent.CompletableFuture@63d4cd26[Not completed]
2019-09-16 17:08:39,867 [pool-47-thread-1] INFO  impl.RaftServerImpl (RaftServerImpl.java:<init>(95)) - b02ccc6f-e83e-4b2b-a54f-39751fc192c5: new RaftServerImpl for group-14097650788C:[34f08b31-c8b3-482b-8cc3-6b2bf7238fa6:192.168.151.75:41780, b02ccc6f-e83e-4b2b-a54f-39751fc192c5:192.168.151.75:39809, 21312e21-4e93-48ae-b57d-2154aed46145:192.168.151.75:35602] with ContainerStateMachine:uninitialized
2019-09-16 17:08:39,868 [pool-47-thread-1] INFO  server.RaftServerConfigKeys (ConfUtils.java:logGet(43)) - raft.server.rpc.timeout.min = 5s (custom)
2019-09-16 17:08:39,868 [pool-47-thread-1] INFO  server.RaftServerConfigKeys (ConfUtils.java:logGet(43)) - raft.server.rpc.timeout.max = 5200ms (custom)
2019-09-16 17:08:39,868 [pool-47-thread-1] INFO  server.RaftServerConfigKeys (ConfUtils.java:logGet(43)) - raft.server.rpcslowness.timeout = 1000s (custom)
2019-09-16 17:08:39,868 [pool-47-thread-1] INFO  server.RaftServerConfigKeys (ConfUtils.java:logGet(43)) - raft.server.sleep.deviation.threshold = 300 (default)
2019-09-16 17:08:39,868 [pool-47-thread-1] INFO  server.RaftServerConfigKeys (ConfUtils.java:logGet(43)) - raft.server.log.appender.install.snapshot.enabled = false (custom)
2019-09-16 17:08:39,869 [pool-47-thread-1] INFO  impl.RaftServerImpl (ServerState.java:<init>(103)) - b02ccc6f-e83e-4b2b-a54f-39751fc192c5@group-14097650788C: ConfigurationManager, init=-1: [34f08b31-c8b3-482b-8cc3-6b2bf7238fa6:192.168.151.75:41780, b02ccc6f-e83e-4b2b-a54f-39751fc192c5:192.168.151.75:39809, 21312e21-4e93-48ae-b57d-2154aed46145:192.168.151.75:35602], old=null, confs=<EMPTY_MAP>
2019-09-16 17:08:39,869 [pool-37-thread-1] INFO  impl.RaftServerImpl (RaftServerImpl.java:<init>(95)) - 34f08b31-c8b3-482b-8cc3-6b2bf7238fa6: new RaftServerImpl for group-14097650788C:[34f08b31-c8b3-482b-8cc3-6b2bf7238fa6:192.168.151.75:41780, b02ccc6f-e83e-4b2b-a54f-39751fc192c5:192.168.151.75:39809, 21312e21-4e93-48ae-b57d-2154aed46145:192.168.151.75:35602] with ContainerStateMachine:uninitialized
2019-09-16 17:08:39,869 [pool-47-thread-1] INFO  server.RaftServerConfigKeys (ConfUtils.java:logGet(43)) - raft.server.storage.dir = [/workdir/hadoop-ozone/integration-test/target/test-dir/MiniOzoneClusterImpl-25e77f6b-33bc-4e9f-9ff4-ac3a8a45a431/datanode-2/data/ratis] (custom)
2019-09-16 17:08:39,869 [pool-37-thread-1] INFO  server.RaftServerConfigKeys (ConfUtils.java:logGet(43)) - raft.server.rpc.timeout.min = 5s (custom)
2019-09-16 17:08:39,869 [pool-37-thread-1] INFO  server.RaftServerConfigKeys (ConfUtils.java:logGet(43)) - raft.server.rpc.timeout.max = 5200ms (custom)
2019-09-16 17:08:39,869 [pool-47-thread-1] INFO  storage.RaftStorageDirectory (RaftStorageDirectory.java:analyzeStorage(246)) - The storage directory /workdir/hadoop-ozone/integration-test/target/test-dir/MiniOzoneClusterImpl-25e77f6b-33bc-4e9f-9ff4-ac3a8a45a431/datanode-2/data/ratis/b290839f-677c-4e39-bafd-14097650788c does not exist. Creating ...
2019-09-16 17:08:39,870 [pool-37-thread-1] INFO  server.RaftServerConfigKeys (ConfUtils.java:logGet(43)) - raft.server.rpcslowness.timeout = 1000s (custom)
2019-09-16 17:08:39,870 [pool-27-thread-1] INFO  impl.RaftServerImpl (RaftServerImpl.java:<init>(95)) - 21312e21-4e93-48ae-b57d-2154aed46145: new RaftServerImpl for group-14097650788C:[34f08b31-c8b3-482b-8cc3-6b2bf7238fa6:192.168.151.75:41780, b02ccc6f-e83e-4b2b-a54f-39751fc192c5:192.168.151.75:39809, 21312e21-4e93-48ae-b57d-2154aed46145:192.168.151.75:35602] with ContainerStateMachine:uninitialized
2019-09-16 17:08:39,870 [pool-37-thread-1] INFO  server.RaftServerConfigKeys (ConfUtils.java:logGet(43)) - raft.server.sleep.deviation.threshold = 300 (default)
2019-09-16 17:08:39,870 [pool-27-thread-1] INFO  server.RaftServerConfigKeys (ConfUtils.java:logGet(43)) - raft.server.rpc.timeout.min = 5s (custom)
2019-09-16 17:08:39,870 [pool-37-thread-1] INFO  server.RaftServerConfigKeys (ConfUtils.java:logGet(43)) - raft.server.log.appender.install.snapshot.enabled = false (custom)
2019-09-16 17:08:39,870 [pool-27-thread-1] INFO  server.RaftServerConfigKeys (ConfUtils.java:logGet(43)) - raft.server.rpc.timeout.max = 5200ms (custom)
2019-09-16 17:08:39,870 [pool-37-thread-1] INFO  impl.RaftServerImpl (ServerState.java:<init>(103)) - 34f08b31-c8b3-482b-8cc3-6b2bf7238fa6@group-14097650788C: ConfigurationManager, init=-1: [34f08b31-c8b3-482b-8cc3-6b2bf7238fa6:192.168.151.75:41780, b02ccc6f-e83e-4b2b-a54f-39751fc192c5:192.168.151.75:39809, 21312e21-4e93-48ae-b57d-2154aed46145:192.168.151.75:35602], old=null, confs=<EMPTY_MAP>
2019-09-16 17:08:39,871 [pool-27-thread-1] INFO  server.RaftServerConfigKeys (ConfUtils.java:logGet(43)) - raft.server.rpcslowness.timeout = 1000s (custom)
2019-09-16 17:08:39,871 [pool-37-thread-1] INFO  server.RaftServerConfigKeys (ConfUtils.java:logGet(43)) - raft.server.storage.dir = [/workdir/hadoop-ozone/integration-test/target/test-dir/MiniOzoneClusterImpl-25e77f6b-33bc-4e9f-9ff4-ac3a8a45a431/datanode-1/data/ratis] (custom)
2019-09-16 17:08:39,871 [pool-27-thread-1] INFO  server.RaftServerConfigKeys (ConfUtils.java:logGet(43)) - raft.server.sleep.deviation.threshold = 300 (default)
2019-09-16 17:08:39,871 [pool-27-thread-1] INFO  server.RaftServerConfigKeys (ConfUtils.java:logGet(43)) - raft.server.log.appender.install.snapshot.enabled = false (custom)
2019-09-16 17:08:39,871 [pool-27-thread-1] INFO  impl.RaftServerImpl (ServerState.java:<init>(103)) - 21312e21-4e93-48ae-b57d-2154aed46145@group-14097650788C: ConfigurationManager, init=-1: [34f08b31-c8b3-482b-8cc3-6b2bf7238fa6:192.168.151.75:41780, b02ccc6f-e83e-4b2b-a54f-39751fc192c5:192.168.151.75:39809, 21312e21-4e93-48ae-b57d-2154aed46145:192.168.151.75:35602], old=null, confs=<EMPTY_MAP>
2019-09-16 17:08:39,871 [pool-37-thread-1] INFO  storage.RaftStorageDirectory (RaftStorageDirectory.java:analyzeStorage(246)) - The storage directory /workdir/hadoop-ozone/integration-test/target/test-dir/MiniOzoneClusterImpl-25e77f6b-33bc-4e9f-9ff4-ac3a8a45a431/datanode-1/data/ratis/b290839f-677c-4e39-bafd-14097650788c does not exist. Creating ...
2019-09-16 17:08:39,871 [pool-27-thread-1] INFO  server.RaftServerConfigKeys (ConfUtils.java:logGet(43)) - raft.server.storage.dir = [/workdir/hadoop-ozone/integration-test/target/test-dir/MiniOzoneClusterImpl-25e77f6b-33bc-4e9f-9ff4-ac3a8a45a431/datanode-0/data/ratis] (custom)
2019-09-16 17:08:39,872 [pool-27-thread-1] INFO  storage.RaftStorageDirectory (RaftStorageDirectory.java:analyzeStorage(246)) - The storage directory /workdir/hadoop-ozone/integration-test/target/test-dir/MiniOzoneClusterImpl-25e77f6b-33bc-4e9f-9ff4-ac3a8a45a431/datanode-0/data/ratis/b290839f-677c-4e39-bafd-14097650788c does not exist. Creating ...
2019-09-16 17:08:39,893 [pool-37-thread-1] INFO  storage.RaftStorageDirectory (RaftStorageDirectory.java:tryLock(328)) - Lock on /workdir/hadoop-ozone/integration-test/target/test-dir/MiniOzoneClusterImpl-25e77f6b-33bc-4e9f-9ff4-ac3a8a45a431/datanode-1/data/ratis/b290839f-677c-4e39-bafd-14097650788c/in_use.lock acquired by nodename 14172@pr-hdds-2114-2x2fm-437316914
2019-09-16 17:08:39,893 [pool-47-thread-1] INFO  storage.RaftStorageDirectory (RaftStorageDirectory.java:tryLock(328)) - Lock on /workdir/hadoop-ozone/integration-test/target/test-dir/MiniOzoneClusterImpl-25e77f6b-33bc-4e9f-9ff4-ac3a8a45a431/datanode-2/data/ratis/b290839f-677c-4e39-bafd-14097650788c/in_use.lock acquired by nodename 14172@pr-hdds-2114-2x2fm-437316914
2019-09-16 17:08:39,893 [pool-27-thread-1] INFO  storage.RaftStorageDirectory (RaftStorageDirectory.java:tryLock(328)) - Lock on /workdir/hadoop-ozone/integration-test/target/test-dir/MiniOzoneClusterImpl-25e77f6b-33bc-4e9f-9ff4-ac3a8a45a431/datanode-0/data/ratis/b290839f-677c-4e39-bafd-14097650788c/in_use.lock acquired by nodename 14172@pr-hdds-2114-2x2fm-437316914
2019-09-16 17:08:39,908 [pool-47-thread-1] INFO  storage.RaftStorage (RaftStorage.java:format(72)) - Storage directory /workdir/hadoop-ozone/integration-test/target/test-dir/MiniOzoneClusterImpl-25e77f6b-33bc-4e9f-9ff4-ac3a8a45a431/datanode-2/data/ratis/b290839f-677c-4e39-bafd-14097650788c has been successfully formatted.
2019-09-16 17:08:39,908 [pool-27-thread-1] INFO  storage.RaftStorage (RaftStorage.java:format(72)) - Storage directory /workdir/hadoop-ozone/integration-test/target/test-dir/MiniOzoneClusterImpl-25e77f6b-33bc-4e9f-9ff4-ac3a8a45a431/datanode-0/data/ratis/b290839f-677c-4e39-bafd-14097650788c has been successfully formatted.
2019-09-16 17:08:39,908 [pool-37-thread-1] INFO  storage.RaftStorage (RaftStorage.java:format(72)) - Storage directory /workdir/hadoop-ozone/integration-test/target/test-dir/MiniOzoneClusterImpl-25e77f6b-33bc-4e9f-9ff4-ac3a8a45a431/datanode-1/data/ratis/b290839f-677c-4e39-bafd-14097650788c has been successfully formatted.
2019-09-16 17:08:39,909 [pool-47-thread-1] INFO  ratis.ContainerStateMachine (ContainerStateMachine.java:loadSnapshot(230)) - group-14097650788C: The snapshot info is null. Setting the last applied indexto:(t:0, i:~)
2019-09-16 17:08:39,909 [pool-37-thread-1] INFO  ratis.ContainerStateMachine (ContainerStateMachine.java:loadSnapshot(230)) - group-14097650788C: The snapshot info is null. Setting the last applied indexto:(t:0, i:~)
2019-09-16 17:08:39,909 [pool-27-thread-1] INFO  ratis.ContainerStateMachine (ContainerStateMachine.java:loadSnapshot(230)) - group-14097650788C: The snapshot info is null. Setting the last applied indexto:(t:0, i:~)
2019-09-16 17:08:39,909 [pool-37-thread-1] INFO  server.RaftServerConfigKeys (ConfUtils.java:logGet(43)) - raft.server.notification.no-leader.timeout = 1000s (custom)
2019-09-16 17:08:39,909 [pool-47-thread-1] INFO  server.RaftServerConfigKeys (ConfUtils.java:logGet(43)) - raft.server.notification.no-leader.timeout = 1000s (custom)
2019-09-16 17:08:39,910 [pool-37-thread-1] INFO  server.RaftServerConfigKeys (ConfUtils.java:logGet(43)) - raft.server.log.use.memory = false (default)
2019-09-16 17:08:39,909 [pool-27-thread-1] INFO  server.RaftServerConfigKeys (ConfUtils.java:logGet(43)) - raft.server.notification.no-leader.timeout = 1000s (custom)
2019-09-16 17:08:39,910 [pool-37-thread-1] INFO  server.RaftServerConfigKeys (ConfUtils.java:logGet(43)) - raft.server.log.purge.gap = 1000000 (custom)
2019-09-16 17:08:39,910 [pool-47-thread-1] INFO  server.RaftServerConfigKeys (ConfUtils.java:logGet(43)) - raft.server.log.use.memory = false (default)
2019-09-16 17:08:39,911 [pool-37-thread-1] INFO  server.RaftServerConfigKeys (ConfUtils.java:logGet(43)) - raft.server.log.appender.buffer.byte-limit = 33554432 (custom)
2019-09-16 17:08:39,910 [pool-27-thread-1] INFO  server.RaftServerConfigKeys (ConfUtils.java:logGet(43)) - raft.server.log.use.memory = false (default)
2019-09-16 17:08:39,914 [pool-37-thread-1] INFO  server.RaftServerConfigKeys (ConfUtils.java:logGet(43)) - raft.server.log.segment.size.max = 1048576 (custom)
2019-09-16 17:08:39,912 [pool-47-thread-1] INFO  server.RaftServerConfigKeys (ConfUtils.java:logGet(43)) - raft.server.log.purge.gap = 1000000 (custom)
2019-09-16 17:08:39,914 [pool-37-thread-1] INFO  server.RaftServerConfigKeys (ConfUtils.java:logGet(43)) - raft.server.log.segment.cache.num.max = 2 (custom)
2019-09-16 17:08:39,914 [pool-27-thread-1] INFO  server.RaftServerConfigKeys (ConfUtils.java:logGet(43)) - raft.server.log.purge.gap = 1000000 (custom)
2019-09-16 17:08:39,915 [pool-37-thread-1] INFO  segmented.SegmentedRaftLogWorker (SegmentedRaftLogWorker.java:<init>(172)) - new 34f08b31-c8b3-482b-8cc3-6b2bf7238fa6@group-14097650788C-SegmentedRaftLogWorker for RaftStorage:Storage Directory /workdir/hadoop-ozone/integration-test/target/test-dir/MiniOzoneClusterImpl-25e77f6b-33bc-4e9f-9ff4-ac3a8a45a431/datanode-1/data/ratis/b290839f-677c-4e39-bafd-14097650788c
2019-09-16 17:08:39,914 [pool-47-thread-1] INFO  server.RaftServerConfigKeys (ConfUtils.java:logGet(43)) - raft.server.log.appender.buffer.byte-limit = 33554432 (custom)
2019-09-16 17:08:39,915 [pool-37-thread-1] INFO  server.RaftServerConfigKeys (ConfUtils.java:logGet(43)) - raft.server.log.queue.byte-limit = 2147483647 (custom)
2019-09-16 17:08:39,915 [pool-27-thread-1] INFO  server.RaftServerConfigKeys (ConfUtils.java:logGet(43)) - raft.server.log.appender.buffer.byte-limit = 33554432 (custom)
2019-09-16 17:08:39,915 [pool-37-thread-1] INFO  server.RaftServerConfigKeys (ConfUtils.java:logGet(43)) - raft.server.log.queue.element-limit = 1024 (custom)
2019-09-16 17:08:39,915 [pool-47-thread-1] INFO  server.RaftServerConfigKeys (ConfUtils.java:logGet(43)) - raft.server.log.segment.size.max = 1048576 (custom)
2019-09-16 17:08:39,916 [pool-37-thread-1] INFO  server.RaftServerConfigKeys (ConfUtils.java:logGet(43)) - raft.server.log.segment.size.max = 1048576 (custom)
2019-09-16 17:08:39,916 [pool-47-thread-1] INFO  server.RaftServerConfigKeys (ConfUtils.java:logGet(43)) - raft.server.log.segment.cache.num.max = 2 (custom)
2019-09-16 17:08:39,915 [pool-27-thread-1] INFO  server.RaftServerConfigKeys (ConfUtils.java:logGet(43)) - raft.server.log.segment.size.max = 1048576 (custom)
2019-09-16 17:08:39,916 [pool-47-thread-1] INFO  segmented.SegmentedRaftLogWorker (SegmentedRaftLogWorker.java:<init>(172)) - new b02ccc6f-e83e-4b2b-a54f-39751fc192c5@group-14097650788C-SegmentedRaftLogWorker for RaftStorage:Storage Directory /workdir/hadoop-ozone/integration-test/target/test-dir/MiniOzoneClusterImpl-25e77f6b-33bc-4e9f-9ff4-ac3a8a45a431/datanode-2/data/ratis/b290839f-677c-4e39-bafd-14097650788c
2019-09-16 17:08:39,916 [pool-37-thread-1] INFO  server.RaftServerConfigKeys (ConfUtils.java:logGet(43)) - raft.server.log.preallocated.size = 16384 (custom)
2019-09-16 17:08:39,916 [pool-47-thread-1] INFO  server.RaftServerConfigKeys (ConfUtils.java:logGet(43)) - raft.server.log.queue.byte-limit = 2147483647 (custom)
2019-09-16 17:08:39,916 [pool-27-thread-1] INFO  server.RaftServerConfigKeys (ConfUtils.java:logGet(43)) - raft.server.log.segment.cache.num.max = 2 (custom)
2019-09-16 17:08:39,917 [pool-47-thread-1] INFO  server.RaftServerConfigKeys (ConfUtils.java:logGet(43)) - raft.server.log.queue.element-limit = 1024 (custom)
2019-09-16 17:08:39,916 [pool-37-thread-1] INFO  server.RaftServerConfigKeys (ConfUtils.java:logGet(43)) - raft.server.log.write.buffer.size = 33554432 (custom)
2019-09-16 17:08:39,917 [pool-47-thread-1] INFO  server.RaftServerConfigKeys (ConfUtils.java:logGet(43)) - raft.server.log.segment.size.max = 1048576 (custom)
2019-09-16 17:08:39,917 [pool-27-thread-1] INFO  segmented.SegmentedRaftLogWorker (SegmentedRaftLogWorker.java:<init>(172)) - new 21312e21-4e93-48ae-b57d-2154aed46145@group-14097650788C-SegmentedRaftLogWorker for RaftStorage:Storage Directory /workdir/hadoop-ozone/integration-test/target/test-dir/MiniOzoneClusterImpl-25e77f6b-33bc-4e9f-9ff4-ac3a8a45a431/datanode-0/data/ratis/b290839f-677c-4e39-bafd-14097650788c
2019-09-16 17:08:39,917 [pool-47-thread-1] INFO  server.RaftServerConfigKeys (ConfUtils.java:logGet(43)) - raft.server.log.preallocated.size = 16384 (custom)
2019-09-16 17:08:39,917 [pool-37-thread-1] INFO  server.RaftServerConfigKeys (ConfUtils.java:logGet(43)) - raft.server.log.force.sync.num = 128 (default)
2019-09-16 17:08:39,918 [pool-47-thread-1] INFO  server.RaftServerConfigKeys (ConfUtils.java:logGet(43)) - raft.server.log.write.buffer.size = 33554432 (custom)
2019-09-16 17:08:39,918 [pool-47-thread-1] INFO  server.RaftServerConfigKeys (ConfUtils.java:logGet(43)) - raft.server.log.force.sync.num = 128 (default)
2019-09-16 17:08:39,918 [pool-27-thread-1] INFO  server.RaftServerConfigKeys (ConfUtils.java:logGet(43)) - raft.server.log.queue.byte-limit = 2147483647 (custom)
2019-09-16 17:08:39,918 [pool-47-thread-1] INFO  server.RaftServerConfigKeys (ConfUtils.java:logGet(43)) - raft.server.log.statemachine.data.sync = true (default)
2019-09-16 17:08:39,918 [pool-37-thread-1] INFO  server.RaftServerConfigKeys (ConfUtils.java:logGet(43)) - raft.server.log.statemachine.data.sync = true (default)
2019-09-16 17:08:39,918 [pool-47-thread-1] INFO  server.RaftServerConfigKeys (ConfUtils.java:logGet(43)) - raft.server.log.statemachine.data.sync.timeout = 10s (default)
2019-09-16 17:08:39,918 [pool-27-thread-1] INFO  server.RaftServerConfigKeys (ConfUtils.java:logGet(43)) - raft.server.log.queue.element-limit = 1024 (custom)
2019-09-16 17:08:39,919 [pool-47-thread-1] INFO  server.RaftServerConfigKeys (ConfUtils.java:logGet(43)) - raft.server.log.statemachine.data.sync.timeout.retry = -1 (default)
2019-09-16 17:08:39,919 [pool-37-thread-1] INFO  server.RaftServerConfigKeys (ConfUtils.java:logGet(43)) - raft.server.log.statemachine.data.sync.timeout = 10s (default)
2019-09-16 17:08:39,919 [pool-47-thread-1] INFO  server.RaftServerConfigKeys (ConfUtils.java:logGet(43)) - raft.server.log.statemachine.data.caching.enabled = true (custom)
2019-09-16 17:08:39,919 [pool-27-thread-1] INFO  server.RaftServerConfigKeys (ConfUtils.java:logGet(43)) - raft.server.log.segment.size.max = 1048576 (custom)
2019-09-16 17:08:39,919 [pool-37-thread-1] INFO  server.RaftServerConfigKeys (ConfUtils.java:logGet(43)) - raft.server.log.statemachine.data.sync.timeout.retry = -1 (default)
2019-09-16 17:08:39,920 [pool-27-thread-1] INFO  server.RaftServerConfigKeys (ConfUtils.java:logGet(43)) - raft.server.log.preallocated.size = 16384 (custom)
2019-09-16 17:08:39,920 [pool-47-thread-1] INFO  segmented.SegmentedRaftLogWorker (SegmentedRaftLogWorker.java:lambda$new$0(132)) - b02ccc6f-e83e-4b2b-a54f-39751fc192c5@group-14097650788C-SegmentedRaftLogWorker: flushIndex: setUnconditionally 0 -> -1
2019-09-16 17:08:39,920 [pool-27-thread-1] INFO  server.RaftServerConfigKeys (ConfUtils.java:logGet(43)) - raft.server.log.write.buffer.size = 33554432 (custom)
2019-09-16 17:08:39,920 [pool-37-thread-1] INFO  server.RaftServerConfigKeys (ConfUtils.java:logGet(43)) - raft.server.log.statemachine.data.caching.enabled = true (custom)
2019-09-16 17:08:39,920 [pool-47-thread-1] INFO  server.RaftServerConfigKeys (ConfUtils.java:logGet(43)) - raft.server.snapshot.auto.trigger.enabled = true (custom)
2019-09-16 17:08:39,920 [pool-27-thread-1] INFO  server.RaftServerConfigKeys (ConfUtils.java:logGet(43)) - raft.server.log.force.sync.num = 128 (default)
2019-09-16 17:08:39,921 [pool-37-thread-1] INFO  segmented.SegmentedRaftLogWorker (SegmentedRaftLogWorker.java:lambda$new$0(132)) - 34f08b31-c8b3-482b-8cc3-6b2bf7238fa6@group-14097650788C-SegmentedRaftLogWorker: flushIndex: setUnconditionally 0 -> -1
2019-09-16 17:08:39,921 [pool-47-thread-1] INFO  server.RaftServerConfigKeys (ConfUtils.java:logGet(43)) - raft.server.snapshot.auto.trigger.threshold = 10000 (custom)
2019-09-16 17:08:39,921 [pool-27-thread-1] INFO  server.RaftServerConfigKeys (ConfUtils.java:logGet(43)) - raft.server.log.statemachine.data.sync = true (default)
2019-09-16 17:08:39,921 [pool-37-thread-1] INFO  server.RaftServerConfigKeys (ConfUtils.java:logGet(43)) - raft.server.snapshot.auto.trigger.enabled = true (custom)
2019-09-16 17:08:39,921 [pool-47-thread-1] INFO  server.RaftServerConfigKeys (ConfUtils.java:logGet(43)) - raft.server.snapshot.retention.num.files = -1 (default)
2019-09-16 17:08:39,921 [pool-37-thread-1] INFO  server.RaftServerConfigKeys (ConfUtils.java:logGet(43)) - raft.server.snapshot.auto.trigger.threshold = 10000 (custom)
2019-09-16 17:08:39,922 [pool-47-thread-1] INFO  server.RaftServerConfigKeys (ConfUtils.java:logGet(43)) - raft.server.retrycache.expirytime = 600000ms (custom)
2019-09-16 17:08:39,921 [pool-27-thread-1] INFO  server.RaftServerConfigKeys (ConfUtils.java:logGet(43)) - raft.server.log.statemachine.data.sync.timeout = 10s (default)
2019-09-16 17:08:39,922 [pool-37-thread-1] INFO  server.RaftServerConfigKeys (ConfUtils.java:logGet(43)) - raft.server.snapshot.retention.num.files = -1 (default)
2019-09-16 17:08:39,922 [pool-27-thread-1] INFO  server.RaftServerConfigKeys (ConfUtils.java:logGet(43)) - raft.server.log.statemachine.data.sync.timeout.retry = -1 (default)
2019-09-16 17:08:39,922 [pool-37-thread-1] INFO  server.RaftServerConfigKeys (ConfUtils.java:logGet(43)) - raft.server.retrycache.expirytime = 600000ms (custom)
2019-09-16 17:08:39,922 [pool-27-thread-1] INFO  server.RaftServerConfigKeys (ConfUtils.java:logGet(43)) - raft.server.log.statemachine.data.caching.enabled = true (custom)
2019-09-16 17:08:39,923 [pool-27-thread-1] INFO  segmented.SegmentedRaftLogWorker (SegmentedRaftLogWorker.java:lambda$new$0(132)) - 21312e21-4e93-48ae-b57d-2154aed46145@group-14097650788C-SegmentedRaftLogWorker: flushIndex: setUnconditionally 0 -> -1
2019-09-16 17:08:39,923 [pool-27-thread-1] INFO  server.RaftServerConfigKeys (ConfUtils.java:logGet(43)) - raft.server.snapshot.auto.trigger.enabled = true (custom)
2019-09-16 17:08:39,924 [pool-27-thread-1] INFO  server.RaftServerConfigKeys (ConfUtils.java:logGet(43)) - raft.server.snapshot.auto.trigger.threshold = 10000 (custom)
2019-09-16 17:08:39,924 [pool-27-thread-1] INFO  server.RaftServerConfigKeys (ConfUtils.java:logGet(43)) - raft.server.snapshot.retention.num.files = -1 (default)
2019-09-16 17:08:39,924 [pool-27-thread-1] INFO  server.RaftServerConfigKeys (ConfUtils.java:logGet(43)) - raft.server.retrycache.expirytime = 600000ms (custom)
2019-09-16 17:08:39,926 [pool-47-thread-1] INFO  impl.RaftServerImpl (RaftServerImpl.java:start(185)) - b02ccc6f-e83e-4b2b-a54f-39751fc192c5@group-14097650788C: start as a follower, conf=-1: [34f08b31-c8b3-482b-8cc3-6b2bf7238fa6:192.168.151.75:41780, b02ccc6f-e83e-4b2b-a54f-39751fc192c5:192.168.151.75:39809, 21312e21-4e93-48ae-b57d-2154aed46145:192.168.151.75:35602], old=null
2019-09-16 17:08:39,927 [pool-37-thread-1] INFO  impl.RaftServerImpl (RaftServerImpl.java:start(185)) - 34f08b31-c8b3-482b-8cc3-6b2bf7238fa6@group-14097650788C: start as a follower, conf=-1: [34f08b31-c8b3-482b-8cc3-6b2bf7238fa6:192.168.151.75:41780, b02ccc6f-e83e-4b2b-a54f-39751fc192c5:192.168.151.75:39809, 21312e21-4e93-48ae-b57d-2154aed46145:192.168.151.75:35602], old=null
2019-09-16 17:08:39,927 [pool-47-thread-1] INFO  impl.RaftServerImpl (RaftServerImpl.java:setRole(174)) - b02ccc6f-e83e-4b2b-a54f-39751fc192c5@group-14097650788C: changes role from      null to FOLLOWER at term 0 for startAsFollower
2019-09-16 17:08:39,927 [pool-37-thread-1] INFO  impl.RaftServerImpl (RaftServerImpl.java:setRole(174)) - 34f08b31-c8b3-482b-8cc3-6b2bf7238fa6@group-14097650788C: changes role from      null to FOLLOWER at term 0 for startAsFollower
2019-09-16 17:08:39,927 [pool-47-thread-1] INFO  impl.RoleInfo (RoleInfo.java:updateAndGet(143)) - b02ccc6f-e83e-4b2b-a54f-39751fc192c5: start FollowerState
2019-09-16 17:08:39,927 [pool-37-thread-1] INFO  impl.RoleInfo (RoleInfo.java:updateAndGet(143)) - 34f08b31-c8b3-482b-8cc3-6b2bf7238fa6: start FollowerState
2019-09-16 17:08:39,928 [pool-47-thread-1] INFO  util.JmxRegister (JmxRegister.java:tryRegister(44)) - Successfully registered JMX Bean with object name Ratis:service=RaftServer,group=group-14097650788C,id=b02ccc6f-e83e-4b2b-a54f-39751fc192c5
2019-09-16 17:08:39,928 [pool-37-thread-1] INFO  util.JmxRegister (JmxRegister.java:tryRegister(44)) - Successfully registered JMX Bean with object name Ratis:service=RaftServer,group=group-14097650788C,id=34f08b31-c8b3-482b-8cc3-6b2bf7238fa6
2019-09-16 17:08:39,928 [pool-27-thread-1] INFO  impl.RaftServerImpl (RaftServerImpl.java:start(185)) - 21312e21-4e93-48ae-b57d-2154aed46145@group-14097650788C: start as a follower, conf=-1: [34f08b31-c8b3-482b-8cc3-6b2bf7238fa6:192.168.151.75:41780, b02ccc6f-e83e-4b2b-a54f-39751fc192c5:192.168.151.75:39809, 21312e21-4e93-48ae-b57d-2154aed46145:192.168.151.75:35602], old=null
2019-09-16 17:08:39,929 [pool-27-thread-1] INFO  impl.RaftServerImpl (RaftServerImpl.java:setRole(174)) - 21312e21-4e93-48ae-b57d-2154aed46145@group-14097650788C: changes role from      null to FOLLOWER at term 0 for startAsFollower
2019-09-16 17:08:39,929 [pool-27-thread-1] INFO  impl.RoleInfo (RoleInfo.java:updateAndGet(143)) - 21312e21-4e93-48ae-b57d-2154aed46145: start FollowerState
2019-09-16 17:08:39,929 [pool-27-thread-1] INFO  util.JmxRegister (JmxRegister.java:tryRegister(44)) - Successfully registered JMX Bean with object name Ratis:service=RaftServer,group=group-14097650788C,id=21312e21-4e93-48ae-b57d-2154aed46145
2019-09-16 17:08:39,954 [RatisPipelineUtilsThread] INFO  pipeline.PipelineStateManager (PipelineStateManager.java:addPipeline(56)) - Created pipeline Pipeline[ Id: b290839f-677c-4e39-bafd-14097650788c, Nodes: 34f08b31-c8b3-482b-8cc3-6b2bf7238fa6{ip: 192.168.151.75, host: pr-hdds-2114-2x2fm-437316914, networkLocation: /default-rack, certSerialId: null}21312e21-4e93-48ae-b57d-2154aed46145{ip: 192.168.151.75, host: pr-hdds-2114-2x2fm-437316914, networkLocation: /default-rack, certSerialId: null}b02ccc6f-e83e-4b2b-a54f-39751fc192c5{ip: 192.168.151.75, host: pr-hdds-2114-2x2fm-437316914, networkLocation: /default-rack, certSerialId: null}, Type:RATIS, Factor:THREE, State:OPEN]
2019-09-16 17:08:40,134 [Command processor thread] ERROR commandhandler.CloseContainerCommandHandler (CloseContainerCommandHandler.java:handle(84)) - Container #1 does not exist in datanode. Container close failed.
2019-09-16 17:08:40,191 [Thread-193] INFO  container.ReplicationManager (ReplicationManager.java:start(169)) - Replication Monitor Thread is already running.
2019-09-16 17:08:40,244 [Command processor thread] ERROR commandhandler.CloseContainerCommandHandler (CloseContainerCommandHandler.java:handle(84)) - Container #1 does not exist in datanode. Container close failed.
2019-09-16 17:08:40,326 [Command processor thread] ERROR commandhandler.CloseContainerCommandHandler (CloseContainerCommandHandler.java:handle(84)) - Container #1 does not exist in datanode. Container close failed.
2019-09-16 17:08:40,442 [ReplicationMonitor] INFO  container.ReplicationManager (ReplicationManager.java:run(225)) - Replication Monitor Thread took 2 milliseconds for processing 1 containers.
2019-09-16 17:08:40,843 [grpc-default-executor-0] INFO  client.GrpcClientProtocolClient (GrpcClientProtocolClient.java:onNext(264)) - client-E514167A2371->21312e21-4e93-48ae-b57d-2154aed46145: receive RaftClientReply:client-E514167A2371->21312e21-4e93-48ae-b57d-2154aed46145@group-F1658404C2F1, cid=9, FAILED org.apache.ratis.protocol.NotLeaderException: Server 21312e21-4e93-48ae-b57d-2154aed46145@group-F1658404C2F1 is not the leader, logIndex=0, commits[21312e21-4e93-48ae-b57d-2154aed46145:c-1]
2019-09-16 17:08:41,870 [grpc-default-executor-0] INFO  client.GrpcClientProtocolClient (GrpcClientProtocolClient.java:onNext(264)) - client-E514167A2371->b02ccc6f-e83e-4b2b-a54f-39751fc192c5: receive RaftClientReply:client-E514167A2371->b02ccc6f-e83e-4b2b-a54f-39751fc192c5@group-F1658404C2F1, cid=9, FAILED org.apache.ratis.protocol.NotLeaderException: Server b02ccc6f-e83e-4b2b-a54f-39751fc192c5@group-F1658404C2F1 is not the leader, logIndex=0, commits[b02ccc6f-e83e-4b2b-a54f-39751fc192c5:c-1]
2019-09-16 17:08:42,443 [ReplicationMonitor] INFO  container.ReplicationManager (ReplicationManager.java:run(225)) - Replication Monitor Thread took 0 milliseconds for processing 1 containers.
2019-09-16 17:08:42,899 [grpc-default-executor-1] INFO  client.GrpcClientProtocolClient (GrpcClientProtocolClient.java:onNext(264)) - client-E514167A2371->34f08b31-c8b3-482b-8cc3-6b2bf7238fa6: receive RaftClientReply:client-E514167A2371->34f08b31-c8b3-482b-8cc3-6b2bf7238fa6@group-F1658404C2F1, cid=9, FAILED org.apache.ratis.protocol.NotLeaderException: Server 34f08b31-c8b3-482b-8cc3-6b2bf7238fa6@group-F1658404C2F1 is not the leader, logIndex=0, commits[34f08b31-c8b3-482b-8cc3-6b2bf7238fa6:c-1]
2019-09-16 17:08:42,971 [Thread-195] INFO  impl.FollowerState (FollowerState.java:run(106)) - 21312e21-4e93-48ae-b57d-2154aed46145:group-B71475DC7683 changes to CANDIDATE, lastRpcTime:5031, electionTimeout:5030ms
2019-09-16 17:08:42,975 [Thread-195] INFO  impl.RoleInfo (RoleInfo.java:shutdownFollowerState(121)) - 21312e21-4e93-48ae-b57d-2154aed46145: shutdown FollowerState
2019-09-16 17:08:42,975 [Thread-195] INFO  impl.RaftServerImpl (RaftServerImpl.java:setRole(174)) - 21312e21-4e93-48ae-b57d-2154aed46145@group-B71475DC7683: changes role from  FOLLOWER to CANDIDATE at term 0 for changeToCandidate
2019-09-16 17:08:42,982 [Thread-195] INFO  impl.RoleInfo (RoleInfo.java:updateAndGet(143)) - 21312e21-4e93-48ae-b57d-2154aed46145: start LeaderElection
2019-09-16 17:08:43,000 [21312e21-4e93-48ae-b57d-2154aed46145@group-B71475DC7683:LeaderElection1] INFO  impl.LeaderElection (LeaderElection.java:askForVotes(182)) - 21312e21-4e93-48ae-b57d-2154aed46145@group-B71475DC7683:LeaderElection1: begin an election at term 1 for -1: [21312e21-4e93-48ae-b57d-2154aed46145:192.168.151.75:35602], old=null
2019-09-16 17:08:43,002 [21312e21-4e93-48ae-b57d-2154aed46145@group-B71475DC7683:LeaderElection1] INFO  impl.RoleInfo (RoleInfo.java:shutdownLeaderElection(134)) - 21312e21-4e93-48ae-b57d-2154aed46145: shutdown LeaderElection
2019-09-16 17:08:43,003 [21312e21-4e93-48ae-b57d-2154aed46145@group-B71475DC7683:LeaderElection1] INFO  impl.RaftServerImpl (RaftServerImpl.java:setRole(174)) - 21312e21-4e93-48ae-b57d-2154aed46145@group-B71475DC7683: changes role from CANDIDATE to LEADER at term 1 for changeToLeader
2019-09-16 17:08:43,003 [21312e21-4e93-48ae-b57d-2154aed46145@group-B71475DC7683:LeaderElection1] INFO  impl.RaftServerImpl (ServerState.java:setLeader(253)) - 21312e21-4e93-48ae-b57d-2154aed46145@group-B71475DC7683: change Leader from null to 21312e21-4e93-48ae-b57d-2154aed46145 at term 1 for becomeLeader, leader elected after 5163ms
2019-09-16 17:08:43,011 [21312e21-4e93-48ae-b57d-2154aed46145@group-B71475DC7683:LeaderElection1] INFO  server.RaftServerConfigKeys (ConfUtils.java:logGet(43)) - raft.server.staging.catchup.gap = 1000 (default)
2019-09-16 17:08:43,011 [21312e21-4e93-48ae-b57d-2154aed46145@group-B71475DC7683:LeaderElection1] INFO  server.RaftServerConfigKeys (ConfUtils.java:logGet(43)) - raft.server.rpc.sleep.time = 25ms (default)
2019-09-16 17:08:43,014 [21312e21-4e93-48ae-b57d-2154aed46145@group-B71475DC7683:LeaderElection1] INFO  server.RaftServerConfigKeys (ConfUtils.java:logGet(43)) - raft.server.write.element-limit = 4096 (default)
2019-09-16 17:08:43,018 [21312e21-4e93-48ae-b57d-2154aed46145@group-B71475DC7683:LeaderElection1] INFO  server.RaftServerConfigKeys (ConfUtils.java:logGet(43)) - raft.server.watch.timeout = 10s (default)
2019-09-16 17:08:43,018 [21312e21-4e93-48ae-b57d-2154aed46145@group-B71475DC7683:LeaderElection1] INFO  server.RaftServerConfigKeys (ConfUtils.java:logGet(43)) - raft.server.watch.timeout.denomination = 1s (default)
2019-09-16 17:08:43,019 [21312e21-4e93-48ae-b57d-2154aed46145@group-B71475DC7683:LeaderElection1] INFO  server.RaftServerConfigKeys (ConfUtils.java:logGet(43)) - raft.server.watch.element-limit = 65536 (default)
2019-09-16 17:08:43,034 [21312e21-4e93-48ae-b57d-2154aed46145@group-B71475DC7683:LeaderElection1] INFO  impl.RoleInfo (RoleInfo.java:updateAndGet(143)) - 21312e21-4e93-48ae-b57d-2154aed46145: start LeaderState
2019-09-16 17:08:43,061 [21312e21-4e93-48ae-b57d-2154aed46145@group-B71475DC7683:LeaderElection1] INFO  segmented.SegmentedRaftLogWorker (SegmentedRaftLogWorker.java:startLogSegment(380)) - 21312e21-4e93-48ae-b57d-2154aed46145@group-B71475DC7683-SegmentedRaftLogWorker: Starting segment from index:0
2019-09-16 17:08:43,071 [21312e21-4e93-48ae-b57d-2154aed46145@group-B71475DC7683:LeaderElection1] INFO  impl.RaftServerImpl (ServerState.java:setRaftConf(354)) - 21312e21-4e93-48ae-b57d-2154aed46145@group-B71475DC7683: set configuration 0: [21312e21-4e93-48ae-b57d-2154aed46145:192.168.151.75:35602], old=null at 0
2019-09-16 17:08:43,146 [Thread-198] INFO  impl.FollowerState (FollowerState.java:run(106)) - 34f08b31-c8b3-482b-8cc3-6b2bf7238fa6:group-0AE8C919C1CA changes to CANDIDATE, lastRpcTime:5005, electionTimeout:5004ms
2019-09-16 17:08:43,151 [Thread-198] INFO  impl.RoleInfo (RoleInfo.java:shutdownFollowerState(121)) - 34f08b31-c8b3-482b-8cc3-6b2bf7238fa6: shutdown FollowerState
2019-09-16 17:08:43,152 [Thread-198] INFO  impl.RaftServerImpl (RaftServerImpl.java:setRole(174)) - 34f08b31-c8b3-482b-8cc3-6b2bf7238fa6@group-0AE8C919C1CA: changes role from  FOLLOWER to CANDIDATE at term 0 for changeToCandidate
2019-09-16 17:08:43,152 [Thread-198] INFO  impl.RoleInfo (RoleInfo.java:updateAndGet(143)) - 34f08b31-c8b3-482b-8cc3-6b2bf7238fa6: start LeaderElection
2019-09-16 17:08:43,169 [34f08b31-c8b3-482b-8cc3-6b2bf7238fa6@group-0AE8C919C1CA:LeaderElection2] INFO  impl.LeaderElection (LeaderElection.java:askForVotes(182)) - 34f08b31-c8b3-482b-8cc3-6b2bf7238fa6@group-0AE8C919C1CA:LeaderElection2: begin an election at term 1 for -1: [34f08b31-c8b3-482b-8cc3-6b2bf7238fa6:192.168.151.75:41780], old=null
2019-09-16 17:08:43,169 [34f08b31-c8b3-482b-8cc3-6b2bf7238fa6@group-0AE8C919C1CA:LeaderElection2] INFO  impl.RoleInfo (RoleInfo.java:shutdownLeaderElection(134)) - 34f08b31-c8b3-482b-8cc3-6b2bf7238fa6: shutdown LeaderElection
2019-09-16 17:08:43,169 [34f08b31-c8b3-482b-8cc3-6b2bf7238fa6@group-0AE8C919C1CA:LeaderElection2] INFO  impl.RaftServerImpl (RaftServerImpl.java:setRole(174)) - 34f08b31-c8b3-482b-8cc3-6b2bf7238fa6@group-0AE8C919C1CA: changes role from CANDIDATE to LEADER at term 1 for changeToLeader
2019-09-16 17:08:43,169 [34f08b31-c8b3-482b-8cc3-6b2bf7238fa6@group-0AE8C919C1CA:LeaderElection2] INFO  impl.RaftServerImpl (ServerState.java:setLeader(253)) - 34f08b31-c8b3-482b-8cc3-6b2bf7238fa6@group-0AE8C919C1CA: change Leader from null to 34f08b31-c8b3-482b-8cc3-6b2bf7238fa6 at term 1 for becomeLeader, leader elected after 5048ms
2019-09-16 17:08:43,169 [34f08b31-c8b3-482b-8cc3-6b2bf7238fa6@group-0AE8C919C1CA:LeaderElection2] INFO  server.RaftServerConfigKeys (ConfUtils.java:logGet(43)) - raft.server.staging.catchup.gap = 1000 (default)
2019-09-16 17:08:43,169 [34f08b31-c8b3-482b-8cc3-6b2bf7238fa6@group-0AE8C919C1CA:LeaderElection2] INFO  server.RaftServerConfigKeys (ConfUtils.java:logGet(43)) - raft.server.rpc.sleep.time = 25ms (default)
2019-09-16 17:08:43,170 [34f08b31-c8b3-482b-8cc3-6b2bf7238fa6@group-0AE8C919C1CA:LeaderElection2] INFO  server.RaftServerConfigKeys (ConfUtils.java:logGet(43)) - raft.server.write.element-limit = 4096 (default)
2019-09-16 17:08:43,170 [34f08b31-c8b3-482b-8cc3-6b2bf7238fa6@group-0AE8C919C1CA:LeaderElection2] INFO  server.RaftServerConfigKeys (ConfUtils.java:logGet(43)) - raft.server.watch.timeout = 10s (default)
2019-09-16 17:08:43,170 [34f08b31-c8b3-482b-8cc3-6b2bf7238fa6@group-0AE8C919C1CA:LeaderElection2] INFO  server.RaftServerConfigKeys (ConfUtils.java:logGet(43)) - raft.server.watch.timeout.denomination = 1s (default)
2019-09-16 17:08:43,170 [34f08b31-c8b3-482b-8cc3-6b2bf7238fa6@group-0AE8C919C1CA:LeaderElection2] INFO  server.RaftServerConfigKeys (ConfUtils.java:logGet(43)) - raft.server.watch.element-limit = 65536 (default)
2019-09-16 17:08:43,173 [34f08b31-c8b3-482b-8cc3-6b2bf7238fa6@group-0AE8C919C1CA:LeaderElection2] INFO  impl.RoleInfo (RoleInfo.java:updateAndGet(143)) - 34f08b31-c8b3-482b-8cc3-6b2bf7238fa6: start LeaderState
2019-09-16 17:08:43,174 [34f08b31-c8b3-482b-8cc3-6b2bf7238fa6@group-0AE8C919C1CA:LeaderElection2] INFO  segmented.SegmentedRaftLogWorker (SegmentedRaftLogWorker.java:startLogSegment(380)) - 34f08b31-c8b3-482b-8cc3-6b2bf7238fa6@group-0AE8C919C1CA-SegmentedRaftLogWorker: Starting segment from index:0
2019-09-16 17:08:43,174 [34f08b31-c8b3-482b-8cc3-6b2bf7238fa6@group-0AE8C919C1CA:LeaderElection2] INFO  impl.RaftServerImpl (ServerState.java:setRaftConf(354)) - 34f08b31-c8b3-482b-8cc3-6b2bf7238fa6@group-0AE8C919C1CA: set configuration 0: [34f08b31-c8b3-482b-8cc3-6b2bf7238fa6:192.168.151.75:41780], old=null at 0
2019-09-16 17:08:43,299 [21312e21-4e93-48ae-b57d-2154aed46145@group-B71475DC7683-SegmentedRaftLogWorker] INFO  segmented.SegmentedRaftLogWorker (SegmentedRaftLogWorker.java:execute(569)) - 21312e21-4e93-48ae-b57d-2154aed46145@group-B71475DC7683-SegmentedRaftLogWorker: created new log segment /workdir/hadoop-ozone/integration-test/target/test-dir/MiniOzoneClusterImpl-25e77f6b-33bc-4e9f-9ff4-ac3a8a45a431/datanode-0/data/ratis/02971554-fe20-481d-aae8-b71475dc7683/current/log_inprogress_0
2019-09-16 17:08:43,299 [34f08b31-c8b3-482b-8cc3-6b2bf7238fa6@group-0AE8C919C1CA-SegmentedRaftLogWorker] INFO  segmented.SegmentedRaftLogWorker (SegmentedRaftLogWorker.java:execute(569)) - 34f08b31-c8b3-482b-8cc3-6b2bf7238fa6@group-0AE8C919C1CA-SegmentedRaftLogWorker: created new log segment /workdir/hadoop-ozone/integration-test/target/test-dir/MiniOzoneClusterImpl-25e77f6b-33bc-4e9f-9ff4-ac3a8a45a431/datanode-1/data/ratis/fffc0275-460b-41af-9b99-0ae8c919c1ca/current/log_inprogress_0
2019-09-16 17:08:43,380 [Thread-204] INFO  impl.FollowerState (FollowerState.java:run(106)) - 42b5d587-be00-4d52-9380-4f9fa07a292a:group-849B3149B8E7 changes to CANDIDATE, lastRpcTime:5025, electionTimeout:5025ms
2019-09-16 17:08:43,382 [Thread-204] INFO  impl.RoleInfo (RoleInfo.java:shutdownFollowerState(121)) - 42b5d587-be00-4d52-9380-4f9fa07a292a: shutdown FollowerState
2019-09-16 17:08:43,383 [Thread-204] INFO  impl.RaftServerImpl (RaftServerImpl.java:setRole(174)) - 42b5d587-be00-4d52-9380-4f9fa07a292a@group-849B3149B8E7: changes role from  FOLLOWER to CANDIDATE at term 0 for changeToCandidate
2019-09-16 17:08:43,383 [Thread-204] INFO  impl.RoleInfo (RoleInfo.java:updateAndGet(143)) - 42b5d587-be00-4d52-9380-4f9fa07a292a: start LeaderElection
2019-09-16 17:08:43,395 [42b5d587-be00-4d52-9380-4f9fa07a292a@group-849B3149B8E7:LeaderElection3] INFO  impl.LeaderElection (LeaderElection.java:askForVotes(182)) - 42b5d587-be00-4d52-9380-4f9fa07a292a@group-849B3149B8E7:LeaderElection3: begin an election at term 1 for -1: [42b5d587-be00-4d52-9380-4f9fa07a292a:192.168.151.75:40547], old=null
2019-09-16 17:08:43,396 [42b5d587-be00-4d52-9380-4f9fa07a292a@group-849B3149B8E7:LeaderElection3] INFO  impl.RoleInfo (RoleInfo.java:shutdownLeaderElection(134)) - 42b5d587-be00-4d52-9380-4f9fa07a292a: shutdown LeaderElection
2019-09-16 17:08:43,397 [42b5d587-be00-4d52-9380-4f9fa07a292a@group-849B3149B8E7:LeaderElection3] INFO  impl.RaftServerImpl (RaftServerImpl.java:setRole(174)) - 42b5d587-be00-4d52-9380-4f9fa07a292a@group-849B3149B8E7: changes role from CANDIDATE to LEADER at term 1 for changeToLeader
2019-09-16 17:08:43,397 [42b5d587-be00-4d52-9380-4f9fa07a292a@group-849B3149B8E7:LeaderElection3] INFO  impl.RaftServerImpl (ServerState.java:setLeader(253)) - 42b5d587-be00-4d52-9380-4f9fa07a292a@group-849B3149B8E7: change Leader from null to 42b5d587-be00-4d52-9380-4f9fa07a292a at term 1 for becomeLeader, leader elected after 5060ms
2019-09-16 17:08:43,398 [42b5d587-be00-4d52-9380-4f9fa07a292a@group-849B3149B8E7:LeaderElection3] INFO  server.RaftServerConfigKeys (ConfUtils.java:logGet(43)) - raft.server.staging.catchup.gap = 1000 (default)
2019-09-16 17:08:43,398 [42b5d587-be00-4d52-9380-4f9fa07a292a@group-849B3149B8E7:LeaderElection3] INFO  server.RaftServerConfigKeys (ConfUtils.java:logGet(43)) - raft.server.rpc.sleep.time = 25ms (default)
2019-09-16 17:08:43,398 [42b5d587-be00-4d52-9380-4f9fa07a292a@group-849B3149B8E7:LeaderElection3] INFO  server.RaftServerConfigKeys (ConfUtils.java:logGet(43)) - raft.server.write.element-limit = 4096 (default)
2019-09-16 17:08:43,399 [42b5d587-be00-4d52-9380-4f9fa07a292a@group-849B3149B8E7:LeaderElection3] INFO  server.RaftServerConfigKeys (ConfUtils.java:logGet(43)) - raft.server.watch.timeout = 10s (default)
2019-09-16 17:08:43,399 [42b5d587-be00-4d52-9380-4f9fa07a292a@group-849B3149B8E7:LeaderElection3] INFO  server.RaftServerConfigKeys (ConfUtils.java:logGet(43)) - raft.server.watch.timeout.denomination = 1s (default)
2019-09-16 17:08:43,399 [42b5d587-be00-4d52-9380-4f9fa07a292a@group-849B3149B8E7:LeaderElection3] INFO  server.RaftServerConfigKeys (ConfUtils.java:logGet(43)) - raft.server.watch.element-limit = 65536 (default)
2019-09-16 17:08:43,403 [42b5d587-be00-4d52-9380-4f9fa07a292a@group-849B3149B8E7:LeaderElection3] INFO  impl.RoleInfo (RoleInfo.java:updateAndGet(143)) - 42b5d587-be00-4d52-9380-4f9fa07a292a: start LeaderState
2019-09-16 17:08:43,403 [42b5d587-be00-4d52-9380-4f9fa07a292a@group-849B3149B8E7:LeaderElection3] INFO  segmented.SegmentedRaftLogWorker (SegmentedRaftLogWorker.java:startLogSegment(380)) - 42b5d587-be00-4d52-9380-4f9fa07a292a@group-849B3149B8E7-SegmentedRaftLogWorker: Starting segment from index:0
2019-09-16 17:08:43,404 [42b5d587-be00-4d52-9380-4f9fa07a292a@group-849B3149B8E7:LeaderElection3] INFO  impl.RaftServerImpl (ServerState.java:setRaftConf(354)) - 42b5d587-be00-4d52-9380-4f9fa07a292a@group-849B3149B8E7: set configuration 0: [42b5d587-be00-4d52-9380-4f9fa07a292a:192.168.151.75:40547], old=null at 0
2019-09-16 17:08:43,437 [Thread-201] INFO  impl.FollowerState (FollowerState.java:run(106)) - b02ccc6f-e83e-4b2b-a54f-39751fc192c5:group-E676FA7BE66B changes to CANDIDATE, lastRpcTime:5164, electionTimeout:5157ms
2019-09-16 17:08:43,437 [Thread-201] INFO  impl.RoleInfo (RoleInfo.java:shutdownFollowerState(121)) - b02ccc6f-e83e-4b2b-a54f-39751fc192c5: shutdown FollowerState
2019-09-16 17:08:43,437 [Thread-201] INFO  impl.RaftServerImpl (RaftServerImpl.java:setRole(174)) - b02ccc6f-e83e-4b2b-a54f-39751fc192c5@group-E676FA7BE66B: changes role from  FOLLOWER to CANDIDATE at term 0 for changeToCandidate
2019-09-16 17:08:43,437 [Thread-201] INFO  impl.RoleInfo (RoleInfo.java:updateAndGet(143)) - b02ccc6f-e83e-4b2b-a54f-39751fc192c5: start LeaderElection
2019-09-16 17:08:43,449 [42b5d587-be00-4d52-9380-4f9fa07a292a@group-849B3149B8E7-SegmentedRaftLogWorker] INFO  segmented.SegmentedRaftLogWorker (SegmentedRaftLogWorker.java:execute(569)) - 42b5d587-be00-4d52-9380-4f9fa07a292a@group-849B3149B8E7-SegmentedRaftLogWorker: created new log segment /workdir/hadoop-ozone/integration-test/target/test-dir/MiniOzoneClusterImpl-25e77f6b-33bc-4e9f-9ff4-ac3a8a45a431/datanode-3/data/ratis/db7be168-60a0-46cd-884f-849b3149b8e7/current/log_inprogress_0
2019-09-16 17:08:43,449 [b02ccc6f-e83e-4b2b-a54f-39751fc192c5@group-E676FA7BE66B:LeaderElection4] INFO  impl.LeaderElection (LeaderElection.java:askForVotes(182)) - b02ccc6f-e83e-4b2b-a54f-39751fc192c5@group-E676FA7BE66B:LeaderElection4: begin an election at term 1 for -1: [b02ccc6f-e83e-4b2b-a54f-39751fc192c5:192.168.151.75:39809], old=null
2019-09-16 17:08:43,450 [b02ccc6f-e83e-4b2b-a54f-39751fc192c5@group-E676FA7BE66B:LeaderElection4] INFO  impl.RoleInfo (RoleInfo.java:shutdownLeaderElection(134)) - b02ccc6f-e83e-4b2b-a54f-39751fc192c5: shutdown LeaderElection
2019-09-16 17:08:43,450 [b02ccc6f-e83e-4b2b-a54f-39751fc192c5@group-E676FA7BE66B:LeaderElection4] INFO  impl.RaftServerImpl (RaftServerImpl.java:setRole(174)) - b02ccc6f-e83e-4b2b-a54f-39751fc192c5@group-E676FA7BE66B: changes role from CANDIDATE to LEADER at term 1 for changeToLeader
2019-09-16 17:08:43,450 [b02ccc6f-e83e-4b2b-a54f-39751fc192c5@group-E676FA7BE66B:LeaderElection4] INFO  impl.RaftServerImpl (ServerState.java:setLeader(253)) - b02ccc6f-e83e-4b2b-a54f-39751fc192c5@group-E676FA7BE66B: change Leader from null to b02ccc6f-e83e-4b2b-a54f-39751fc192c5 at term 1 for becomeLeader, leader elected after 5220ms
2019-09-16 17:08:43,452 [b02ccc6f-e83e-4b2b-a54f-39751fc192c5@group-E676FA7BE66B:LeaderElection4] INFO  server.RaftServerConfigKeys (ConfUtils.java:logGet(43)) - raft.server.staging.catchup.gap = 1000 (default)
2019-09-16 17:08:43,452 [b02ccc6f-e83e-4b2b-a54f-39751fc192c5@group-E676FA7BE66B:LeaderElection4] INFO  server.RaftServerConfigKeys (ConfUtils.java:logGet(43)) - raft.server.rpc.sleep.time = 25ms (default)
2019-09-16 17:08:43,452 [b02ccc6f-e83e-4b2b-a54f-39751fc192c5@group-E676FA7BE66B:LeaderElection4] INFO  server.RaftServerConfigKeys (ConfUtils.java:logGet(43)) - raft.server.write.element-limit = 4096 (default)
2019-09-16 17:08:43,452 [b02ccc6f-e83e-4b2b-a54f-39751fc192c5@group-E676FA7BE66B:LeaderElection4] INFO  server.RaftServerConfigKeys (ConfUtils.java:logGet(43)) - raft.server.watch.timeout = 10s (default)
2019-09-16 17:08:43,453 [b02ccc6f-e83e-4b2b-a54f-39751fc192c5@group-E676FA7BE66B:LeaderElection4] INFO  server.RaftServerConfigKeys (ConfUtils.java:logGet(43)) - raft.server.watch.timeout.denomination = 1s (default)
2019-09-16 17:08:43,453 [b02ccc6f-e83e-4b2b-a54f-39751fc192c5@group-E676FA7BE66B:LeaderElection4] INFO  server.RaftServerConfigKeys (ConfUtils.java:logGet(43)) - raft.server.watch.element-limit = 65536 (default)
2019-09-16 17:08:43,458 [b02ccc6f-e83e-4b2b-a54f-39751fc192c5@group-E676FA7BE66B:LeaderElection4] INFO  impl.RoleInfo (RoleInfo.java:updateAndGet(143)) - b02ccc6f-e83e-4b2b-a54f-39751fc192c5: start LeaderState
2019-09-16 17:08:43,458 [b02ccc6f-e83e-4b2b-a54f-39751fc192c5@group-E676FA7BE66B:LeaderElection4] INFO  segmented.SegmentedRaftLogWorker (SegmentedRaftLogWorker.java:startLogSegment(380)) - b02ccc6f-e83e-4b2b-a54f-39751fc192c5@group-E676FA7BE66B-SegmentedRaftLogWorker: Starting segment from index:0
2019-09-16 17:08:43,459 [b02ccc6f-e83e-4b2b-a54f-39751fc192c5@group-E676FA7BE66B:LeaderElection4] INFO  impl.RaftServerImpl (ServerState.java:setRaftConf(354)) - b02ccc6f-e83e-4b2b-a54f-39751fc192c5@group-E676FA7BE66B: set configuration 0: [b02ccc6f-e83e-4b2b-a54f-39751fc192c5:192.168.151.75:39809], old=null at 0
2019-09-16 17:08:43,516 [b02ccc6f-e83e-4b2b-a54f-39751fc192c5@group-E676FA7BE66B-SegmentedRaftLogWorker] INFO  segmented.SegmentedRaftLogWorker (SegmentedRaftLogWorker.java:execute(569)) - b02ccc6f-e83e-4b2b-a54f-39751fc192c5@group-E676FA7BE66B-SegmentedRaftLogWorker: created new log segment /workdir/hadoop-ozone/integration-test/target/test-dir/MiniOzoneClusterImpl-25e77f6b-33bc-4e9f-9ff4-ac3a8a45a431/datanode-2/data/ratis/7a2c9e31-055a-425a-ae26-e676fa7be66b/current/log_inprogress_0
2019-09-16 17:08:43,618 [Thread-211] INFO  impl.FollowerState (FollowerState.java:run(106)) - b02ccc6f-e83e-4b2b-a54f-39751fc192c5:group-F1658404C2F1 changes to CANDIDATE, lastRpcTime:5120, electionTimeout:5120ms
2019-09-16 17:08:43,618 [Thread-211] INFO  impl.RoleInfo (RoleInfo.java:shutdownFollowerState(121)) - b02ccc6f-e83e-4b2b-a54f-39751fc192c5: shutdown FollowerState
2019-09-16 17:08:43,618 [Thread-211] INFO  impl.RaftServerImpl (RaftServerImpl.java:setRole(174)) - b02ccc6f-e83e-4b2b-a54f-39751fc192c5@group-F1658404C2F1: changes role from  FOLLOWER to CANDIDATE at term 0 for changeToCandidate
2019-09-16 17:08:43,618 [Thread-211] INFO  impl.RoleInfo (RoleInfo.java:updateAndGet(143)) - b02ccc6f-e83e-4b2b-a54f-39751fc192c5: start LeaderElection
2019-09-16 17:08:43,618 [Thread-210] INFO  impl.FollowerState (FollowerState.java:run(106)) - 34f08b31-c8b3-482b-8cc3-6b2bf7238fa6:group-F1658404C2F1 changes to CANDIDATE, lastRpcTime:5121, electionTimeout:5121ms
2019-09-16 17:08:43,619 [Thread-210] INFO  impl.RoleInfo (RoleInfo.java:shutdownFollowerState(121)) - 34f08b31-c8b3-482b-8cc3-6b2bf7238fa6: shutdown FollowerState
2019-09-16 17:08:43,621 [Thread-210] INFO  impl.RaftServerImpl (RaftServerImpl.java:setRole(174)) - 34f08b31-c8b3-482b-8cc3-6b2bf7238fa6@group-F1658404C2F1: changes role from  FOLLOWER to CANDIDATE at term 0 for changeToCandidate
2019-09-16 17:08:43,622 [Thread-210] INFO  impl.RoleInfo (RoleInfo.java:updateAndGet(143)) - 34f08b31-c8b3-482b-8cc3-6b2bf7238fa6: start LeaderElection
2019-09-16 17:08:43,630 [Thread-212] INFO  impl.FollowerState (FollowerState.java:run(106)) - 21312e21-4e93-48ae-b57d-2154aed46145:group-F1658404C2F1 changes to CANDIDATE, lastRpcTime:5131, electionTimeout:5131ms
2019-09-16 17:08:43,630 [Thread-212] INFO  impl.RoleInfo (RoleInfo.java:shutdownFollowerState(121)) - 21312e21-4e93-48ae-b57d-2154aed46145: shutdown FollowerState
2019-09-16 17:08:43,630 [Thread-212] INFO  impl.RaftServerImpl (RaftServerImpl.java:setRole(174)) - 21312e21-4e93-48ae-b57d-2154aed46145@group-F1658404C2F1: changes role from  FOLLOWER to CANDIDATE at term 0 for changeToCandidate
2019-09-16 17:08:43,631 [Thread-212] INFO  impl.RoleInfo (RoleInfo.java:updateAndGet(143)) - 21312e21-4e93-48ae-b57d-2154aed46145: start LeaderElection
2019-09-16 17:08:43,650 [21312e21-4e93-48ae-b57d-2154aed46145@group-F1658404C2F1:LeaderElection7] INFO  impl.LeaderElection (LeaderElection.java:askForVotes(182)) - 21312e21-4e93-48ae-b57d-2154aed46145@group-F1658404C2F1:LeaderElection7: begin an election at term 1 for -1: [34f08b31-c8b3-482b-8cc3-6b2bf7238fa6:192.168.151.75:41780, b02ccc6f-e83e-4b2b-a54f-39751fc192c5:192.168.151.75:39809, 21312e21-4e93-48ae-b57d-2154aed46145:192.168.151.75:35602], old=null
2019-09-16 17:08:43,650 [34f08b31-c8b3-482b-8cc3-6b2bf7238fa6@group-F1658404C2F1:LeaderElection6] INFO  impl.LeaderElection (LeaderElection.java:askForVotes(182)) - 34f08b31-c8b3-482b-8cc3-6b2bf7238fa6@group-F1658404C2F1:LeaderElection6: begin an election at term 1 for -1: [34f08b31-c8b3-482b-8cc3-6b2bf7238fa6:192.168.151.75:41780, b02ccc6f-e83e-4b2b-a54f-39751fc192c5:192.168.151.75:39809, 21312e21-4e93-48ae-b57d-2154aed46145:192.168.151.75:35602], old=null
2019-09-16 17:08:43,650 [b02ccc6f-e83e-4b2b-a54f-39751fc192c5@group-F1658404C2F1:LeaderElection5] INFO  impl.LeaderElection (LeaderElection.java:askForVotes(182)) - b02ccc6f-e83e-4b2b-a54f-39751fc192c5@group-F1658404C2F1:LeaderElection5: begin an election at term 1 for -1: [34f08b31-c8b3-482b-8cc3-6b2bf7238fa6:192.168.151.75:41780, b02ccc6f-e83e-4b2b-a54f-39751fc192c5:192.168.151.75:39809, 21312e21-4e93-48ae-b57d-2154aed46145:192.168.151.75:35602], old=null
2019-09-16 17:08:43,709 [34f08b31-c8b3-482b-8cc3-6b2bf7238fa6@group-F1658404C2F1:LeaderElection6] INFO  impl.LeaderElection (LeaderElection.java:logAndReturn(56)) - 34f08b31-c8b3-482b-8cc3-6b2bf7238fa6@group-F1658404C2F1:LeaderElection6: Election REJECTED; received 2 response(s) [34f08b31-c8b3-482b-8cc3-6b2bf7238fa6<-b02ccc6f-e83e-4b2b-a54f-39751fc192c5#0:FAIL-t1, 34f08b31-c8b3-482b-8cc3-6b2bf7238fa6<-21312e21-4e93-48ae-b57d-2154aed46145#0:FAIL-t1] and 0 exception(s); 34f08b31-c8b3-482b-8cc3-6b2bf7238fa6@group-F1658404C2F1:t1, leader=null, voted=34f08b31-c8b3-482b-8cc3-6b2bf7238fa6, raftlog=34f08b31-c8b3-482b-8cc3-6b2bf7238fa6@group-F1658404C2F1-SegmentedRaftLog:OPENED:c-1,f-1,i0, conf=-1: [34f08b31-c8b3-482b-8cc3-6b2bf7238fa6:192.168.151.75:41780, b02ccc6f-e83e-4b2b-a54f-39751fc192c5:192.168.151.75:39809, 21312e21-4e93-48ae-b57d-2154aed46145:192.168.151.75:35602], old=null
2019-09-16 17:08:43,709 [21312e21-4e93-48ae-b57d-2154aed46145@group-F1658404C2F1:LeaderElection7] INFO  impl.LeaderElection (LeaderElection.java:logAndReturn(56)) - 21312e21-4e93-48ae-b57d-2154aed46145@group-F1658404C2F1:LeaderElection7: Election REJECTED; received 2 response(s) [21312e21-4e93-48ae-b57d-2154aed46145<-34f08b31-c8b3-482b-8cc3-6b2bf7238fa6#0:FAIL-t1, 21312e21-4e93-48ae-b57d-2154aed46145<-b02ccc6f-e83e-4b2b-a54f-39751fc192c5#0:FAIL-t1] and 0 exception(s); 21312e21-4e93-48ae-b57d-2154aed46145@group-F1658404C2F1:t1, leader=null, voted=21312e21-4e93-48ae-b57d-2154aed46145, raftlog=21312e21-4e93-48ae-b57d-2154aed46145@group-F1658404C2F1-SegmentedRaftLog:OPENED:c-1,f-1,i0, conf=-1: [34f08b31-c8b3-482b-8cc3-6b2bf7238fa6:192.168.151.75:41780, b02ccc6f-e83e-4b2b-a54f-39751fc192c5:192.168.151.75:39809, 21312e21-4e93-48ae-b57d-2154aed46145:192.168.151.75:35602], old=null
2019-09-16 17:08:43,709 [b02ccc6f-e83e-4b2b-a54f-39751fc192c5@group-F1658404C2F1:LeaderElection5] INFO  impl.LeaderElection (LeaderElection.java:logAndReturn(56)) - b02ccc6f-e83e-4b2b-a54f-39751fc192c5@group-F1658404C2F1:LeaderElection5: Election REJECTED; received 2 response(s) [b02ccc6f-e83e-4b2b-a54f-39751fc192c5<-34f08b31-c8b3-482b-8cc3-6b2bf7238fa6#0:FAIL-t1, b02ccc6f-e83e-4b2b-a54f-39751fc192c5<-21312e21-4e93-48ae-b57d-2154aed46145#0:FAIL-t1] and 0 exception(s); b02ccc6f-e83e-4b2b-a54f-39751fc192c5@group-F1658404C2F1:t1, leader=null, voted=b02ccc6f-e83e-4b2b-a54f-39751fc192c5, raftlog=b02ccc6f-e83e-4b2b-a54f-39751fc192c5@group-F1658404C2F1-SegmentedRaftLog:OPENED:c-1,f-1,i0, conf=-1: [34f08b31-c8b3-482b-8cc3-6b2bf7238fa6:192.168.151.75:41780, b02ccc6f-e83e-4b2b-a54f-39751fc192c5:192.168.151.75:39809, 21312e21-4e93-48ae-b57d-2154aed46145:192.168.151.75:35602], old=null
2019-09-16 17:08:43,718 [21312e21-4e93-48ae-b57d-2154aed46145@group-F1658404C2F1:LeaderElection7] INFO  impl.RaftServerImpl (RaftServerImpl.java:setRole(174)) - 21312e21-4e93-48ae-b57d-2154aed46145@group-F1658404C2F1: changes role from CANDIDATE to FOLLOWER at term 1 for DISCOVERED_A_NEW_TERM
2019-09-16 17:08:43,718 [b02ccc6f-e83e-4b2b-a54f-39751fc192c5@group-F1658404C2F1:LeaderElection5] INFO  impl.RaftServerImpl (RaftServerImpl.java:setRole(174)) - b02ccc6f-e83e-4b2b-a54f-39751fc192c5@group-F1658404C2F1: changes role from CANDIDATE to FOLLOWER at term 1 for DISCOVERED_A_NEW_TERM
2019-09-16 17:08:43,718 [34f08b31-c8b3-482b-8cc3-6b2bf7238fa6@group-F1658404C2F1:LeaderElection6] INFO  impl.RaftServerImpl (RaftServerImpl.java:setRole(174)) - 34f08b31-c8b3-482b-8cc3-6b2bf7238fa6@group-F1658404C2F1: changes role from CANDIDATE to FOLLOWER at term 1 for DISCOVERED_A_NEW_TERM
2019-09-16 17:08:43,721 [b02ccc6f-e83e-4b2b-a54f-39751fc192c5@group-F1658404C2F1:LeaderElection5] INFO  impl.RoleInfo (RoleInfo.java:shutdownLeaderElection(134)) - b02ccc6f-e83e-4b2b-a54f-39751fc192c5: shutdown LeaderElection
2019-09-16 17:08:43,719 [21312e21-4e93-48ae-b57d-2154aed46145@group-F1658404C2F1:LeaderElection7] INFO  impl.RoleInfo (RoleInfo.java:shutdownLeaderElection(134)) - 21312e21-4e93-48ae-b57d-2154aed46145: shutdown LeaderElection
2019-09-16 17:08:43,721 [b02ccc6f-e83e-4b2b-a54f-39751fc192c5@group-F1658404C2F1:LeaderElection5] INFO  impl.RoleInfo (RoleInfo.java:updateAndGet(143)) - b02ccc6f-e83e-4b2b-a54f-39751fc192c5: start FollowerState
2019-09-16 17:08:43,721 [21312e21-4e93-48ae-b57d-2154aed46145@group-F1658404C2F1:LeaderElection7] INFO  impl.RoleInfo (RoleInfo.java:updateAndGet(143)) - 21312e21-4e93-48ae-b57d-2154aed46145: start FollowerState
2019-09-16 17:08:43,721 [34f08b31-c8b3-482b-8cc3-6b2bf7238fa6@group-F1658404C2F1:LeaderElection6] INFO  impl.RoleInfo (RoleInfo.java:shutdownLeaderElection(134)) - 34f08b31-c8b3-482b-8cc3-6b2bf7238fa6: shutdown LeaderElection
2019-09-16 17:08:43,723 [34f08b31-c8b3-482b-8cc3-6b2bf7238fa6@group-F1658404C2F1:LeaderElection6] INFO  impl.RoleInfo (RoleInfo.java:updateAndGet(143)) - 34f08b31-c8b3-482b-8cc3-6b2bf7238fa6: start FollowerState
2019-09-16 17:08:43,923 [grpc-default-executor-2] INFO  client.GrpcClientProtocolClient (GrpcClientProtocolClient.java:onNext(264)) - client-E514167A2371->21312e21-4e93-48ae-b57d-2154aed46145: receive RaftClientReply:client-E514167A2371->21312e21-4e93-48ae-b57d-2154aed46145@group-F1658404C2F1, cid=9, FAILED org.apache.ratis.protocol.NotLeaderException: Server 21312e21-4e93-48ae-b57d-2154aed46145@group-F1658404C2F1 is not the leader, logIndex=0, commits[21312e21-4e93-48ae-b57d-2154aed46145:c-1]
2019-09-16 17:08:44,443 [ReplicationMonitor] INFO  container.ReplicationManager (ReplicationManager.java:run(225)) - Replication Monitor Thread took 0 milliseconds for processing 1 containers.
2019-09-16 17:08:44,802 [Thread-227] INFO  impl.FollowerState (FollowerState.java:run(106)) - b02ccc6f-e83e-4b2b-a54f-39751fc192c5:group-0EEEE03F6C74 changes to CANDIDATE, lastRpcTime:5049, electionTimeout:5049ms
2019-09-16 17:08:44,803 [Thread-227] INFO  impl.RoleInfo (RoleInfo.java:shutdownFollowerState(121)) - b02ccc6f-e83e-4b2b-a54f-39751fc192c5: shutdown FollowerState
2019-09-16 17:08:44,803 [Thread-227] INFO  impl.RaftServerImpl (RaftServerImpl.java:setRole(174)) - b02ccc6f-e83e-4b2b-a54f-39751fc192c5@group-0EEEE03F6C74: changes role from  FOLLOWER to CANDIDATE at term 0 for changeToCandidate
2019-09-16 17:08:44,803 [Thread-227] INFO  impl.RoleInfo (RoleInfo.java:updateAndGet(143)) - b02ccc6f-e83e-4b2b-a54f-39751fc192c5: start LeaderElection
2019-09-16 17:08:44,820 [b02ccc6f-e83e-4b2b-a54f-39751fc192c5@group-0EEEE03F6C74:LeaderElection8] INFO  impl.LeaderElection (LeaderElection.java:askForVotes(182)) - b02ccc6f-e83e-4b2b-a54f-39751fc192c5@group-0EEEE03F6C74:LeaderElection8: begin an election at term 1 for -1: [b02ccc6f-e83e-4b2b-a54f-39751fc192c5:192.168.151.75:39809], old=null
2019-09-16 17:08:44,820 [b02ccc6f-e83e-4b2b-a54f-39751fc192c5@group-0EEEE03F6C74:LeaderElection8] INFO  impl.RoleInfo (RoleInfo.java:shutdownLeaderElection(134)) - b02ccc6f-e83e-4b2b-a54f-39751fc192c5: shutdown LeaderElection
2019-09-16 17:08:44,821 [b02ccc6f-e83e-4b2b-a54f-39751fc192c5@group-0EEEE03F6C74:LeaderElection8] INFO  impl.RaftServerImpl (RaftServerImpl.java:setRole(174)) - b02ccc6f-e83e-4b2b-a54f-39751fc192c5@group-0EEEE03F6C74: changes role from CANDIDATE to LEADER at term 1 for changeToLeader
2019-09-16 17:08:44,821 [b02ccc6f-e83e-4b2b-a54f-39751fc192c5@group-0EEEE03F6C74:LeaderElection8] INFO  impl.RaftServerImpl (ServerState.java:setLeader(253)) - b02ccc6f-e83e-4b2b-a54f-39751fc192c5@group-0EEEE03F6C74: change Leader from null to b02ccc6f-e83e-4b2b-a54f-39751fc192c5 at term 1 for becomeLeader, leader elected after 5079ms
2019-09-16 17:08:44,821 [b02ccc6f-e83e-4b2b-a54f-39751fc192c5@group-0EEEE03F6C74:LeaderElection8] INFO  server.RaftServerConfigKeys (ConfUtils.java:logGet(43)) - raft.server.staging.catchup.gap = 1000 (default)
2019-09-16 17:08:44,821 [b02ccc6f-e83e-4b2b-a54f-39751fc192c5@group-0EEEE03F6C74:LeaderElection8] INFO  server.RaftServerConfigKeys (ConfUtils.java:logGet(43)) - raft.server.rpc.sleep.time = 25ms (default)
2019-09-16 17:08:44,822 [b02ccc6f-e83e-4b2b-a54f-39751fc192c5@group-0EEEE03F6C74:LeaderElection8] INFO  server.RaftServerConfigKeys (ConfUtils.java:logGet(43)) - raft.server.write.element-limit = 4096 (default)
2019-09-16 17:08:44,822 [b02ccc6f-e83e-4b2b-a54f-39751fc192c5@group-0EEEE03F6C74:LeaderElection8] INFO  server.RaftServerConfigKeys (ConfUtils.java:logGet(43)) - raft.server.watch.timeout = 10s (default)
2019-09-16 17:08:44,822 [b02ccc6f-e83e-4b2b-a54f-39751fc192c5@group-0EEEE03F6C74:LeaderElection8] INFO  server.RaftServerConfigKeys (ConfUtils.java:logGet(43)) - raft.server.watch.timeout.denomination = 1s (default)
2019-09-16 17:08:44,822 [b02ccc6f-e83e-4b2b-a54f-39751fc192c5@group-0EEEE03F6C74:LeaderElection8] INFO  server.RaftServerConfigKeys (ConfUtils.java:logGet(43)) - raft.server.watch.element-limit = 65536 (default)
2019-09-16 17:08:44,826 [b02ccc6f-e83e-4b2b-a54f-39751fc192c5@group-0EEEE03F6C74:LeaderElection8] INFO  impl.RoleInfo (RoleInfo.java:updateAndGet(143)) - b02ccc6f-e83e-4b2b-a54f-39751fc192c5: start LeaderState
2019-09-16 17:08:44,827 [b02ccc6f-e83e-4b2b-a54f-39751fc192c5@group-0EEEE03F6C74:LeaderElection8] INFO  segmented.SegmentedRaftLogWorker (SegmentedRaftLogWorker.java:startLogSegment(380)) - b02ccc6f-e83e-4b2b-a54f-39751fc192c5@group-0EEEE03F6C74-SegmentedRaftLogWorker: Starting segment from index:0
2019-09-16 17:08:44,827 [b02ccc6f-e83e-4b2b-a54f-39751fc192c5@group-0EEEE03F6C74:LeaderElection8] INFO  impl.RaftServerImpl (ServerState.java:setRaftConf(354)) - b02ccc6f-e83e-4b2b-a54f-39751fc192c5@group-0EEEE03F6C74: set configuration 0: [b02ccc6f-e83e-4b2b-a54f-39751fc192c5:192.168.151.75:39809], old=null at 0
2019-09-16 17:08:44,864 [Thread-224] INFO  impl.FollowerState (FollowerState.java:run(106)) - 34f08b31-c8b3-482b-8cc3-6b2bf7238fa6:group-6C21F6483796 changes to CANDIDATE, lastRpcTime:5186, electionTimeout:5167ms
2019-09-16 17:08:44,864 [Thread-224] INFO  impl.RoleInfo (RoleInfo.java:shutdownFollowerState(121)) - 34f08b31-c8b3-482b-8cc3-6b2bf7238fa6: shutdown FollowerState
2019-09-16 17:08:44,864 [Thread-224] INFO  impl.RaftServerImpl (RaftServerImpl.java:setRole(174)) - 34f08b31-c8b3-482b-8cc3-6b2bf7238fa6@group-6C21F6483796: changes role from  FOLLOWER to CANDIDATE at term 0 for changeToCandidate
2019-09-16 17:08:44,865 [Thread-224] INFO  impl.RoleInfo (RoleInfo.java:updateAndGet(143)) - 34f08b31-c8b3-482b-8cc3-6b2bf7238fa6: start LeaderElection
2019-09-16 17:08:44,881 [b02ccc6f-e83e-4b2b-a54f-39751fc192c5@group-0EEEE03F6C74-SegmentedRaftLogWorker] INFO  segmented.SegmentedRaftLogWorker (SegmentedRaftLogWorker.java:execute(569)) - b02ccc6f-e83e-4b2b-a54f-39751fc192c5@group-0EEEE03F6C74-SegmentedRaftLogWorker: created new log segment /workdir/hadoop-ozone/integration-test/target/test-dir/MiniOzoneClusterImpl-25e77f6b-33bc-4e9f-9ff4-ac3a8a45a431/datanode-2/data/ratis/d1399ece-ffc0-4eb2-a6e3-0eeee03f6c74/current/log_inprogress_0
2019-09-16 17:08:44,881 [34f08b31-c8b3-482b-8cc3-6b2bf7238fa6@group-6C21F6483796:LeaderElection9] INFO  impl.LeaderElection (LeaderElection.java:askForVotes(182)) - 34f08b31-c8b3-482b-8cc3-6b2bf7238fa6@group-6C21F6483796:LeaderElection9: begin an election at term 1 for -1: [34f08b31-c8b3-482b-8cc3-6b2bf7238fa6:192.168.151.75:41780], old=null
2019-09-16 17:08:44,881 [34f08b31-c8b3-482b-8cc3-6b2bf7238fa6@group-6C21F6483796:LeaderElection9] INFO  impl.RoleInfo (RoleInfo.java:shutdownLeaderElection(134)) - 34f08b31-c8b3-482b-8cc3-6b2bf7238fa6: shutdown LeaderElection
2019-09-16 17:08:44,882 [34f08b31-c8b3-482b-8cc3-6b2bf7238fa6@group-6C21F6483796:LeaderElection9] INFO  impl.RaftServerImpl (RaftServerImpl.java:setRole(174)) - 34f08b31-c8b3-482b-8cc3-6b2bf7238fa6@group-6C21F6483796: changes role from CANDIDATE to LEADER at term 1 for changeToLeader
2019-09-16 17:08:44,882 [34f08b31-c8b3-482b-8cc3-6b2bf7238fa6@group-6C21F6483796:LeaderElection9] INFO  impl.RaftServerImpl (ServerState.java:setLeader(253)) - 34f08b31-c8b3-482b-8cc3-6b2bf7238fa6@group-6C21F6483796: change Leader from null to 34f08b31-c8b3-482b-8cc3-6b2bf7238fa6 at term 1 for becomeLeader, leader elected after 5216ms
2019-09-16 17:08:44,882 [34f08b31-c8b3-482b-8cc3-6b2bf7238fa6@group-6C21F6483796:LeaderElection9] INFO  server.RaftServerConfigKeys (ConfUtils.java:logGet(43)) - raft.server.staging.catchup.gap = 1000 (default)
2019-09-16 17:08:44,882 [34f08b31-c8b3-482b-8cc3-6b2bf7238fa6@group-6C21F6483796:LeaderElection9] INFO  server.RaftServerConfigKeys (ConfUtils.java:logGet(43)) - raft.server.rpc.sleep.time = 25ms (default)
2019-09-16 17:08:44,882 [34f08b31-c8b3-482b-8cc3-6b2bf7238fa6@group-6C21F6483796:LeaderElection9] INFO  server.RaftServerConfigKeys (ConfUtils.java:logGet(43)) - raft.server.write.element-limit = 4096 (default)
2019-09-16 17:08:44,883 [34f08b31-c8b3-482b-8cc3-6b2bf7238fa6@group-6C21F6483796:LeaderElection9] INFO  server.RaftServerConfigKeys (ConfUtils.java:logGet(43)) - raft.server.watch.timeout = 10s (default)
2019-09-16 17:08:44,883 [34f08b31-c8b3-482b-8cc3-6b2bf7238fa6@group-6C21F6483796:LeaderElection9] INFO  server.RaftServerConfigKeys (ConfUtils.java:logGet(43)) - raft.server.watch.timeout.denomination = 1s (default)
2019-09-16 17:08:44,883 [34f08b31-c8b3-482b-8cc3-6b2bf7238fa6@group-6C21F6483796:LeaderElection9] INFO  server.RaftServerConfigKeys (ConfUtils.java:logGet(43)) - raft.server.watch.element-limit = 65536 (default)
2019-09-16 17:08:44,886 [34f08b31-c8b3-482b-8cc3-6b2bf7238fa6@group-6C21F6483796:LeaderElection9] INFO  impl.RoleInfo (RoleInfo.java:updateAndGet(143)) - 34f08b31-c8b3-482b-8cc3-6b2bf7238fa6: start LeaderState
2019-09-16 17:08:44,887 [34f08b31-c8b3-482b-8cc3-6b2bf7238fa6@group-6C21F6483796:LeaderElection9] INFO  segmented.SegmentedRaftLogWorker (SegmentedRaftLogWorker.java:startLogSegment(380)) - 34f08b31-c8b3-482b-8cc3-6b2bf7238fa6@group-6C21F6483796-SegmentedRaftLogWorker: Starting segment from index:0
2019-09-16 17:08:44,887 [34f08b31-c8b3-482b-8cc3-6b2bf7238fa6@group-6C21F6483796:LeaderElection9] INFO  impl.RaftServerImpl (ServerState.java:setRaftConf(354)) - 34f08b31-c8b3-482b-8cc3-6b2bf7238fa6@group-6C21F6483796: set configuration 0: [34f08b31-c8b3-482b-8cc3-6b2bf7238fa6:192.168.151.75:41780], old=null at 0
2019-09-16 17:08:44,941 [34f08b31-c8b3-482b-8cc3-6b2bf7238fa6@group-6C21F6483796-SegmentedRaftLogWorker] INFO  segmented.SegmentedRaftLogWorker (SegmentedRaftLogWorker.java:execute(569)) - 34f08b31-c8b3-482b-8cc3-6b2bf7238fa6@group-6C21F6483796-SegmentedRaftLogWorker: created new log segment /workdir/hadoop-ozone/integration-test/target/test-dir/MiniOzoneClusterImpl-25e77f6b-33bc-4e9f-9ff4-ac3a8a45a431/datanode-1/data/ratis/8625892f-7a14-43be-871f-6c21f6483796/current/log_inprogress_0
2019-09-16 17:08:44,946 [grpc-default-executor-3] INFO  client.GrpcClientProtocolClient (GrpcClientProtocolClient.java:onNext(264)) - client-E514167A2371->b02ccc6f-e83e-4b2b-a54f-39751fc192c5: receive RaftClientReply:client-E514167A2371->b02ccc6f-e83e-4b2b-a54f-39751fc192c5@group-F1658404C2F1, cid=9, FAILED org.apache.ratis.protocol.NotLeaderException: Server b02ccc6f-e83e-4b2b-a54f-39751fc192c5@group-F1658404C2F1 is not the leader, logIndex=0, commits[b02ccc6f-e83e-4b2b-a54f-39751fc192c5:c-1]
2019-09-16 17:08:44,963 [Thread-233] INFO  impl.FollowerState (FollowerState.java:run(106)) - 42b5d587-be00-4d52-9380-4f9fa07a292a:group-5B13CD4E002F changes to CANDIDATE, lastRpcTime:5135, electionTimeout:5135ms
2019-09-16 17:08:44,963 [Thread-233] INFO  impl.RoleInfo (RoleInfo.java:shutdownFollowerState(121)) - 42b5d587-be00-4d52-9380-4f9fa07a292a: shutdown FollowerState
2019-09-16 17:08:44,963 [Thread-233] INFO  impl.RaftServerImpl (RaftServerImpl.java:setRole(174)) - 42b5d587-be00-4d52-9380-4f9fa07a292a@group-5B13CD4E002F: changes role from  FOLLOWER to CANDIDATE at term 0 for changeToCandidate
2019-09-16 17:08:44,963 [Thread-233] INFO  impl.RoleInfo (RoleInfo.java:updateAndGet(143)) - 42b5d587-be00-4d52-9380-4f9fa07a292a: start LeaderElection
2019-09-16 17:08:44,979 [42b5d587-be00-4d52-9380-4f9fa07a292a@group-5B13CD4E002F:LeaderElection10] INFO  impl.LeaderElection (LeaderElection.java:askForVotes(182)) - 42b5d587-be00-4d52-9380-4f9fa07a292a@group-5B13CD4E002F:LeaderElection10: begin an election at term 1 for -1: [42b5d587-be00-4d52-9380-4f9fa07a292a:192.168.151.75:40547], old=null
2019-09-16 17:08:44,980 [42b5d587-be00-4d52-9380-4f9fa07a292a@group-5B13CD4E002F:LeaderElection10] INFO  impl.RoleInfo (RoleInfo.java:shutdownLeaderElection(134)) - 42b5d587-be00-4d52-9380-4f9fa07a292a: shutdown LeaderElection
2019-09-16 17:08:44,980 [42b5d587-be00-4d52-9380-4f9fa07a292a@group-5B13CD4E002F:LeaderElection10] INFO  impl.RaftServerImpl (RaftServerImpl.java:setRole(174)) - 42b5d587-be00-4d52-9380-4f9fa07a292a@group-5B13CD4E002F: changes role from CANDIDATE to LEADER at term 1 for changeToLeader
2019-09-16 17:08:44,980 [42b5d587-be00-4d52-9380-4f9fa07a292a@group-5B13CD4E002F:LeaderElection10] INFO  impl.RaftServerImpl (ServerState.java:setLeader(253)) - 42b5d587-be00-4d52-9380-4f9fa07a292a@group-5B13CD4E002F: change Leader from null to 42b5d587-be00-4d52-9380-4f9fa07a292a at term 1 for becomeLeader, leader elected after 5171ms
2019-09-16 17:08:44,980 [42b5d587-be00-4d52-9380-4f9fa07a292a@group-5B13CD4E002F:LeaderElection10] INFO  server.RaftServerConfigKeys (ConfUtils.java:logGet(43)) - raft.server.staging.catchup.gap = 1000 (default)
2019-09-16 17:08:44,981 [42b5d587-be00-4d52-9380-4f9fa07a292a@group-5B13CD4E002F:LeaderElection10] INFO  server.RaftServerConfigKeys (ConfUtils.java:logGet(43)) - raft.server.rpc.sleep.time = 25ms (default)
2019-09-16 17:08:44,981 [42b5d587-be00-4d52-9380-4f9fa07a292a@group-5B13CD4E002F:LeaderElection10] INFO  server.RaftServerConfigKeys (ConfUtils.java:logGet(43)) - raft.server.write.element-limit = 4096 (default)
2019-09-16 17:08:44,981 [42b5d587-be00-4d52-9380-4f9fa07a292a@group-5B13CD4E002F:LeaderElection10] INFO  server.RaftServerConfigKeys (ConfUtils.java:logGet(43)) - raft.server.watch.timeout = 10s (default)
2019-09-16 17:08:44,981 [42b5d587-be00-4d52-9380-4f9fa07a292a@group-5B13CD4E002F:LeaderElection10] INFO  server.RaftServerConfigKeys (ConfUtils.java:logGet(43)) - raft.server.watch.timeout.denomination = 1s (default)
2019-09-16 17:08:44,982 [42b5d587-be00-4d52-9380-4f9fa07a292a@group-5B13CD4E002F:LeaderElection10] INFO  server.RaftServerConfigKeys (ConfUtils.java:logGet(43)) - raft.server.watch.element-limit = 65536 (default)
2019-09-16 17:08:44,986 [42b5d587-be00-4d52-9380-4f9fa07a292a@group-5B13CD4E002F:LeaderElection10] INFO  impl.RoleInfo (RoleInfo.java:updateAndGet(143)) - 42b5d587-be00-4d52-9380-4f9fa07a292a: start LeaderState
2019-09-16 17:08:44,986 [42b5d587-be00-4d52-9380-4f9fa07a292a@group-5B13CD4E002F:LeaderElection10] INFO  segmented.SegmentedRaftLogWorker (SegmentedRaftLogWorker.java:startLogSegment(380)) - 42b5d587-be00-4d52-9380-4f9fa07a292a@group-5B13CD4E002F-SegmentedRaftLogWorker: Starting segment from index:0
2019-09-16 17:08:44,987 [42b5d587-be00-4d52-9380-4f9fa07a292a@group-5B13CD4E002F:LeaderElection10] INFO  impl.RaftServerImpl (ServerState.java:setRaftConf(354)) - 42b5d587-be00-4d52-9380-4f9fa07a292a@group-5B13CD4E002F: set configuration 0: [42b5d587-be00-4d52-9380-4f9fa07a292a:192.168.151.75:40547], old=null at 0
2019-09-16 17:08:45,029 [Thread-239] INFO  impl.FollowerState (FollowerState.java:run(106)) - 34f08b31-c8b3-482b-8cc3-6b2bf7238fa6:group-14097650788C changes to CANDIDATE, lastRpcTime:5101, electionTimeout:5086ms
2019-09-16 17:08:45,029 [Thread-239] INFO  impl.RoleInfo (RoleInfo.java:shutdownFollowerState(121)) - 34f08b31-c8b3-482b-8cc3-6b2bf7238fa6: shutdown FollowerState
2019-09-16 17:08:45,029 [Thread-239] INFO  impl.RaftServerImpl (RaftServerImpl.java:setRole(174)) - 34f08b31-c8b3-482b-8cc3-6b2bf7238fa6@group-14097650788C: changes role from  FOLLOWER to CANDIDATE at term 0 for changeToCandidate
2019-09-16 17:08:45,030 [Thread-239] INFO  impl.RoleInfo (RoleInfo.java:updateAndGet(143)) - 34f08b31-c8b3-482b-8cc3-6b2bf7238fa6: start LeaderElection
2019-09-16 17:08:45,041 [42b5d587-be00-4d52-9380-4f9fa07a292a@group-5B13CD4E002F-SegmentedRaftLogWorker] INFO  segmented.SegmentedRaftLogWorker (SegmentedRaftLogWorker.java:execute(569)) - 42b5d587-be00-4d52-9380-4f9fa07a292a@group-5B13CD4E002F-SegmentedRaftLogWorker: created new log segment /workdir/hadoop-ozone/integration-test/target/test-dir/MiniOzoneClusterImpl-25e77f6b-33bc-4e9f-9ff4-ac3a8a45a431/datanode-3/data/ratis/e7fa03e1-148d-4884-b6b0-5b13cd4e002f/current/log_inprogress_0
2019-09-16 17:08:45,041 [34f08b31-c8b3-482b-8cc3-6b2bf7238fa6@group-14097650788C:LeaderElection11] INFO  impl.LeaderElection (LeaderElection.java:askForVotes(182)) - 34f08b31-c8b3-482b-8cc3-6b2bf7238fa6@group-14097650788C:LeaderElection11: begin an election at term 1 for -1: [34f08b31-c8b3-482b-8cc3-6b2bf7238fa6:192.168.151.75:41780, b02ccc6f-e83e-4b2b-a54f-39751fc192c5:192.168.151.75:39809, 21312e21-4e93-48ae-b57d-2154aed46145:192.168.151.75:35602], old=null
2019-09-16 17:08:45,053 [grpc-default-executor-2] INFO  impl.RaftServerImpl (RaftServerImpl.java:setRole(174)) - 21312e21-4e93-48ae-b57d-2154aed46145@group-14097650788C: changes role from  FOLLOWER to FOLLOWER at term 1 for recognizeCandidate:34f08b31-c8b3-482b-8cc3-6b2bf7238fa6
2019-09-16 17:08:45,053 [grpc-default-executor-3] INFO  impl.RaftServerImpl (RaftServerImpl.java:setRole(174)) - b02ccc6f-e83e-4b2b-a54f-39751fc192c5@group-14097650788C: changes role from  FOLLOWER to FOLLOWER at term 1 for recognizeCandidate:34f08b31-c8b3-482b-8cc3-6b2bf7238fa6
2019-09-16 17:08:45,053 [grpc-default-executor-2] INFO  impl.RoleInfo (RoleInfo.java:shutdownFollowerState(121)) - 21312e21-4e93-48ae-b57d-2154aed46145: shutdown FollowerState
2019-09-16 17:08:45,053 [grpc-default-executor-3] INFO  impl.RoleInfo (RoleInfo.java:shutdownFollowerState(121)) - b02ccc6f-e83e-4b2b-a54f-39751fc192c5: shutdown FollowerState
2019-09-16 17:08:45,053 [grpc-default-executor-2] INFO  impl.RoleInfo (RoleInfo.java:updateAndGet(143)) - 21312e21-4e93-48ae-b57d-2154aed46145: start FollowerState
2019-09-16 17:08:45,054 [grpc-default-executor-3] INFO  impl.RoleInfo (RoleInfo.java:updateAndGet(143)) - b02ccc6f-e83e-4b2b-a54f-39751fc192c5: start FollowerState
2019-09-16 17:08:45,054 [Thread-238] INFO  impl.FollowerState (FollowerState.java:run(115)) - b02ccc6f-e83e-4b2b-a54f-39751fc192c5: FollowerState was interrupted: java.lang.InterruptedException: sleep interrupted
2019-09-16 17:08:45,070 [34f08b31-c8b3-482b-8cc3-6b2bf7238fa6@group-14097650788C:LeaderElection11] INFO  impl.LeaderElection (LeaderElection.java:logAndReturn(56)) - 34f08b31-c8b3-482b-8cc3-6b2bf7238fa6@group-14097650788C:LeaderElection11: Election PASSED; received 1 response(s) [34f08b31-c8b3-482b-8cc3-6b2bf7238fa6<-b02ccc6f-e83e-4b2b-a54f-39751fc192c5#0:OK-t1] and 0 exception(s); 34f08b31-c8b3-482b-8cc3-6b2bf7238fa6@group-14097650788C:t1, leader=null, voted=34f08b31-c8b3-482b-8cc3-6b2bf7238fa6, raftlog=34f08b31-c8b3-482b-8cc3-6b2bf7238fa6@group-14097650788C-SegmentedRaftLog:OPENED:c-1,f-1,i0, conf=-1: [34f08b31-c8b3-482b-8cc3-6b2bf7238fa6:192.168.151.75:41780, b02ccc6f-e83e-4b2b-a54f-39751fc192c5:192.168.151.75:39809, 21312e21-4e93-48ae-b57d-2154aed46145:192.168.151.75:35602], old=null
2019-09-16 17:08:45,070 [34f08b31-c8b3-482b-8cc3-6b2bf7238fa6@group-14097650788C:LeaderElection11] INFO  impl.RoleInfo (RoleInfo.java:shutdownLeaderElection(134)) - 34f08b31-c8b3-482b-8cc3-6b2bf7238fa6: shutdown LeaderElection
2019-09-16 17:08:45,073 [34f08b31-c8b3-482b-8cc3-6b2bf7238fa6@group-14097650788C:LeaderElection11] INFO  impl.RaftServerImpl (RaftServerImpl.java:setRole(174)) - 34f08b31-c8b3-482b-8cc3-6b2bf7238fa6@group-14097650788C: changes role from CANDIDATE to LEADER at term 1 for changeToLeader
2019-09-16 17:08:45,074 [34f08b31-c8b3-482b-8cc3-6b2bf7238fa6@group-14097650788C:LeaderElection11] INFO  impl.RaftServerImpl (ServerState.java:setLeader(253)) - 34f08b31-c8b3-482b-8cc3-6b2bf7238fa6@group-14097650788C: change Leader from null to 34f08b31-c8b3-482b-8cc3-6b2bf7238fa6 at term 1 for becomeLeader, leader elected after 5164ms
2019-09-16 17:08:45,074 [34f08b31-c8b3-482b-8cc3-6b2bf7238fa6@group-14097650788C:LeaderElection11] INFO  server.RaftServerConfigKeys (ConfUtils.java:logGet(43)) - raft.server.staging.catchup.gap = 1000 (default)
2019-09-16 17:08:45,074 [34f08b31-c8b3-482b-8cc3-6b2bf7238fa6@group-14097650788C:LeaderElection11] INFO  server.RaftServerConfigKeys (ConfUtils.java:logGet(43)) - raft.server.rpc.sleep.time = 25ms (default)
2019-09-16 17:08:45,074 [34f08b31-c8b3-482b-8cc3-6b2bf7238fa6@group-14097650788C:LeaderElection11] INFO  server.RaftServerConfigKeys (ConfUtils.java:logGet(43)) - raft.server.write.element-limit = 4096 (default)
2019-09-16 17:08:45,075 [34f08b31-c8b3-482b-8cc3-6b2bf7238fa6@group-14097650788C:LeaderElection11] INFO  server.RaftServerConfigKeys (ConfUtils.java:logGet(43)) - raft.server.watch.timeout = 10s (default)
2019-09-16 17:08:45,075 [34f08b31-c8b3-482b-8cc3-6b2bf7238fa6@group-14097650788C:LeaderElection11] INFO  server.RaftServerConfigKeys (ConfUtils.java:logGet(43)) - raft.server.watch.timeout.denomination = 1s (default)
2019-09-16 17:08:45,075 [34f08b31-c8b3-482b-8cc3-6b2bf7238fa6@group-14097650788C:LeaderElection11] INFO  server.RaftServerConfigKeys (ConfUtils.java:logGet(43)) - raft.server.watch.element-limit = 65536 (default)
2019-09-16 17:08:45,085 [34f08b31-c8b3-482b-8cc3-6b2bf7238fa6@group-14097650788C:LeaderElection11] INFO  server.RaftServerConfigKeys (ConfUtils.java:logGet(43)) - raft.server.log.appender.snapshot.chunk.size.max = 16MB (=16777216) (default)
2019-09-16 17:08:45,085 [34f08b31-c8b3-482b-8cc3-6b2bf7238fa6@group-14097650788C:LeaderElection11] INFO  server.RaftServerConfigKeys (ConfUtils.java:logGet(43)) - raft.server.log.appender.buffer.byte-limit = 33554432 (custom)
2019-09-16 17:08:45,086 [34f08b31-c8b3-482b-8cc3-6b2bf7238fa6@group-14097650788C:LeaderElection11] INFO  server.RaftServerConfigKeys (ConfUtils.java:logGet(43)) - raft.server.log.appender.buffer.element-limit = 1 (custom)
2019-09-16 17:08:45,092 [34f08b31-c8b3-482b-8cc3-6b2bf7238fa6@group-14097650788C:LeaderElection11] INFO  grpc.GrpcConfigKeys$Server (ConfUtils.java:logGet(43)) - raft.grpc.server.leader.outstanding.appends.max = 128 (default)
2019-09-16 17:08:45,092 [34f08b31-c8b3-482b-8cc3-6b2bf7238fa6@group-14097650788C:LeaderElection11] INFO  server.RaftServerConfigKeys (ConfUtils.java:logGet(43)) - raft.server.rpc.request.timeout = 3000ms (default)
2019-09-16 17:08:45,092 [34f08b31-c8b3-482b-8cc3-6b2bf7238fa6@group-14097650788C:LeaderElection11] INFO  server.RaftServerConfigKeys (ConfUtils.java:logGet(43)) - raft.server.log.appender.install.snapshot.enabled = false (custom)
2019-09-16 17:08:45,094 [34f08b31-c8b3-482b-8cc3-6b2bf7238fa6@group-14097650788C:LeaderElection11] INFO  server.RaftServerConfigKeys (ConfUtils.java:logGet(43)) - raft.server.log.appender.snapshot.chunk.size.max = 16MB (=16777216) (default)
2019-09-16 17:08:45,094 [34f08b31-c8b3-482b-8cc3-6b2bf7238fa6@group-14097650788C:LeaderElection11] INFO  server.RaftServerConfigKeys (ConfUtils.java:logGet(43)) - raft.server.log.appender.buffer.byte-limit = 33554432 (custom)
2019-09-16 17:08:45,095 [34f08b31-c8b3-482b-8cc3-6b2bf7238fa6@group-14097650788C:LeaderElection11] INFO  server.RaftServerConfigKeys (ConfUtils.java:logGet(43)) - raft.server.log.appender.buffer.element-limit = 1 (custom)
2019-09-16 17:08:45,095 [34f08b31-c8b3-482b-8cc3-6b2bf7238fa6@group-14097650788C:LeaderElection11] INFO  grpc.GrpcConfigKeys$Server (ConfUtils.java:logGet(43)) - raft.grpc.server.leader.outstanding.appends.max = 128 (default)
2019-09-16 17:08:45,095 [34f08b31-c8b3-482b-8cc3-6b2bf7238fa6@group-14097650788C:LeaderElection11] INFO  server.RaftServerConfigKeys (ConfUtils.java:logGet(43)) - raft.server.rpc.request.timeout = 3000ms (default)
2019-09-16 17:08:45,096 [34f08b31-c8b3-482b-8cc3-6b2bf7238fa6@group-14097650788C:LeaderElection11] INFO  server.RaftServerConfigKeys (ConfUtils.java:logGet(43)) - raft.server.log.appender.install.snapshot.enabled = false (custom)
2019-09-16 17:08:45,098 [34f08b31-c8b3-482b-8cc3-6b2bf7238fa6@group-14097650788C:LeaderElection11] INFO  impl.RoleInfo (RoleInfo.java:updateAndGet(143)) - 34f08b31-c8b3-482b-8cc3-6b2bf7238fa6: start LeaderState
2019-09-16 17:08:45,098 [34f08b31-c8b3-482b-8cc3-6b2bf7238fa6@group-14097650788C:LeaderElection11] INFO  segmented.SegmentedRaftLogWorker (SegmentedRaftLogWorker.java:startLogSegment(380)) - 34f08b31-c8b3-482b-8cc3-6b2bf7238fa6@group-14097650788C-SegmentedRaftLogWorker: Starting segment from index:0
2019-09-16 17:08:45,099 [34f08b31-c8b3-482b-8cc3-6b2bf7238fa6@group-14097650788C:LeaderElection11] INFO  impl.RaftServerImpl (ServerState.java:setRaftConf(354)) - 34f08b31-c8b3-482b-8cc3-6b2bf7238fa6@group-14097650788C: set configuration 0: [34f08b31-c8b3-482b-8cc3-6b2bf7238fa6:192.168.151.75:41780, b02ccc6f-e83e-4b2b-a54f-39751fc192c5:192.168.151.75:39809, 21312e21-4e93-48ae-b57d-2154aed46145:192.168.151.75:35602], old=null at 0
2019-09-16 17:08:45,150 [34f08b31-c8b3-482b-8cc3-6b2bf7238fa6@group-14097650788C-SegmentedRaftLogWorker] INFO  segmented.SegmentedRaftLogWorker (SegmentedRaftLogWorker.java:execute(569)) - 34f08b31-c8b3-482b-8cc3-6b2bf7238fa6@group-14097650788C-SegmentedRaftLogWorker: created new log segment /workdir/hadoop-ozone/integration-test/target/test-dir/MiniOzoneClusterImpl-25e77f6b-33bc-4e9f-9ff4-ac3a8a45a431/datanode-1/data/ratis/b290839f-677c-4e39-bafd-14097650788c/current/log_inprogress_0
2019-09-16 17:08:45,182 [grpc-default-executor-3] INFO  impl.RaftServerImpl (ServerState.java:setLeader(253)) - 21312e21-4e93-48ae-b57d-2154aed46145@group-14097650788C: change Leader from null to 34f08b31-c8b3-482b-8cc3-6b2bf7238fa6 at term 1 for appendEntries, leader elected after 5272ms
2019-09-16 17:08:45,184 [grpc-default-executor-2] INFO  impl.RaftServerImpl (ServerState.java:setLeader(253)) - b02ccc6f-e83e-4b2b-a54f-39751fc192c5@group-14097650788C: change Leader from null to 34f08b31-c8b3-482b-8cc3-6b2bf7238fa6 at term 1 for appendEntries, leader elected after 5274ms
2019-09-16 17:08:45,218 [grpc-default-executor-3] INFO  impl.RaftServerImpl (ServerState.java:setRaftConf(354)) - 21312e21-4e93-48ae-b57d-2154aed46145@group-14097650788C: set configuration 0: [34f08b31-c8b3-482b-8cc3-6b2bf7238fa6:192.168.151.75:41780, b02ccc6f-e83e-4b2b-a54f-39751fc192c5:192.168.151.75:39809, 21312e21-4e93-48ae-b57d-2154aed46145:192.168.151.75:35602], old=null at 0
2019-09-16 17:08:45,218 [grpc-default-executor-2] INFO  impl.RaftServerImpl (ServerState.java:setRaftConf(354)) - b02ccc6f-e83e-4b2b-a54f-39751fc192c5@group-14097650788C: set configuration 0: [34f08b31-c8b3-482b-8cc3-6b2bf7238fa6:192.168.151.75:41780, b02ccc6f-e83e-4b2b-a54f-39751fc192c5:192.168.151.75:39809, 21312e21-4e93-48ae-b57d-2154aed46145:192.168.151.75:35602], old=null at 0
2019-09-16 17:08:45,219 [grpc-default-executor-3] INFO  segmented.SegmentedRaftLogWorker (SegmentedRaftLogWorker.java:startLogSegment(380)) - 21312e21-4e93-48ae-b57d-2154aed46145@group-14097650788C-SegmentedRaftLogWorker: Starting segment from index:0
2019-09-16 17:08:45,219 [grpc-default-executor-2] INFO  segmented.SegmentedRaftLogWorker (SegmentedRaftLogWorker.java:startLogSegment(380)) - b02ccc6f-e83e-4b2b-a54f-39751fc192c5@group-14097650788C-SegmentedRaftLogWorker: Starting segment from index:0
2019-09-16 17:08:45,268 [b02ccc6f-e83e-4b2b-a54f-39751fc192c5@group-14097650788C-SegmentedRaftLogWorker] INFO  segmented.SegmentedRaftLogWorker (SegmentedRaftLogWorker.java:execute(569)) - b02ccc6f-e83e-4b2b-a54f-39751fc192c5@group-14097650788C-SegmentedRaftLogWorker: created new log segment /workdir/hadoop-ozone/integration-test/target/test-dir/MiniOzoneClusterImpl-25e77f6b-33bc-4e9f-9ff4-ac3a8a45a431/datanode-2/data/ratis/b290839f-677c-4e39-bafd-14097650788c/current/log_inprogress_0
2019-09-16 17:08:45,268 [21312e21-4e93-48ae-b57d-2154aed46145@group-14097650788C-SegmentedRaftLogWorker] INFO  segmented.SegmentedRaftLogWorker (SegmentedRaftLogWorker.java:execute(569)) - 21312e21-4e93-48ae-b57d-2154aed46145@group-14097650788C-SegmentedRaftLogWorker: created new log segment /workdir/hadoop-ozone/integration-test/target/test-dir/MiniOzoneClusterImpl-25e77f6b-33bc-4e9f-9ff4-ac3a8a45a431/datanode-0/data/ratis/b290839f-677c-4e39-bafd-14097650788c/current/log_inprogress_0
2019-09-16 17:08:45,971 [grpc-default-executor-3] INFO  client.GrpcClientProtocolClient (GrpcClientProtocolClient.java:onNext(264)) - client-E514167A2371->34f08b31-c8b3-482b-8cc3-6b2bf7238fa6: receive RaftClientReply:client-E514167A2371->34f08b31-c8b3-482b-8cc3-6b2bf7238fa6@group-F1658404C2F1, cid=9, FAILED org.apache.ratis.protocol.NotLeaderException: Server 34f08b31-c8b3-482b-8cc3-6b2bf7238fa6@group-F1658404C2F1 is not the leader, logIndex=0, commits[34f08b31-c8b3-482b-8cc3-6b2bf7238fa6:c-1]
2019-09-16 17:08:46,444 [ReplicationMonitor] INFO  container.ReplicationManager (ReplicationManager.java:run(225)) - Replication Monitor Thread took 0 milliseconds for processing 1 containers.
2019-09-16 17:08:46,995 [grpc-default-executor-3] INFO  client.GrpcClientProtocolClient (GrpcClientProtocolClient.java:onNext(264)) - client-E514167A2371->b02ccc6f-e83e-4b2b-a54f-39751fc192c5: receive RaftClientReply:client-E514167A2371->b02ccc6f-e83e-4b2b-a54f-39751fc192c5@group-F1658404C2F1, cid=9, FAILED org.apache.ratis.protocol.NotLeaderException: Server b02ccc6f-e83e-4b2b-a54f-39751fc192c5@group-F1658404C2F1 is not the leader, logIndex=0, commits[b02ccc6f-e83e-4b2b-a54f-39751fc192c5:c-1]
2019-09-16 17:08:48,016 [grpc-default-executor-2] INFO  client.GrpcClientProtocolClient (GrpcClientProtocolClient.java:onNext(264)) - client-E514167A2371->34f08b31-c8b3-482b-8cc3-6b2bf7238fa6: receive RaftClientReply:client-E514167A2371->34f08b31-c8b3-482b-8cc3-6b2bf7238fa6@group-F1658404C2F1, cid=9, FAILED org.apache.ratis.protocol.NotLeaderException: Server 34f08b31-c8b3-482b-8cc3-6b2bf7238fa6@group-F1658404C2F1 is not the leader, logIndex=0, commits[34f08b31-c8b3-482b-8cc3-6b2bf7238fa6:c-1]
2019-09-16 17:08:48,445 [ReplicationMonitor] INFO  container.ReplicationManager (ReplicationManager.java:run(225)) - Replication Monitor Thread took 0 milliseconds for processing 1 containers.
2019-09-16 17:08:48,773 [Thread-268] INFO  impl.FollowerState (FollowerState.java:run(106)) - 21312e21-4e93-48ae-b57d-2154aed46145:group-F1658404C2F1 changes to CANDIDATE, lastRpcTime:5051, electionTimeout:5050ms
2019-09-16 17:08:48,773 [Thread-268] INFO  impl.RoleInfo (RoleInfo.java:shutdownFollowerState(121)) - 21312e21-4e93-48ae-b57d-2154aed46145: shutdown FollowerState
2019-09-16 17:08:48,774 [Thread-268] INFO  impl.RaftServerImpl (RaftServerImpl.java:setRole(174)) - 21312e21-4e93-48ae-b57d-2154aed46145@group-F1658404C2F1: changes role from  FOLLOWER to CANDIDATE at term 1 for changeToCandidate
2019-09-16 17:08:48,774 [Thread-268] INFO  impl.RoleInfo (RoleInfo.java:updateAndGet(143)) - 21312e21-4e93-48ae-b57d-2154aed46145: start LeaderElection
2019-09-16 17:08:48,790 [21312e21-4e93-48ae-b57d-2154aed46145@group-F1658404C2F1:LeaderElection12] INFO  impl.LeaderElection (LeaderElection.java:askForVotes(182)) - 21312e21-4e93-48ae-b57d-2154aed46145@group-F1658404C2F1:LeaderElection12: begin an election at term 2 for -1: [34f08b31-c8b3-482b-8cc3-6b2bf7238fa6:192.168.151.75:41780, b02ccc6f-e83e-4b2b-a54f-39751fc192c5:192.168.151.75:39809, 21312e21-4e93-48ae-b57d-2154aed46145:192.168.151.75:35602], old=null
2019-09-16 17:08:48,797 [grpc-default-executor-3] INFO  impl.RaftServerImpl (RaftServerImpl.java:setRole(174)) - 34f08b31-c8b3-482b-8cc3-6b2bf7238fa6@group-F1658404C2F1: changes role from  FOLLOWER to FOLLOWER at term 2 for recognizeCandidate:21312e21-4e93-48ae-b57d-2154aed46145
2019-09-16 17:08:48,797 [grpc-default-executor-2] INFO  impl.RaftServerImpl (RaftServerImpl.java:setRole(174)) - b02ccc6f-e83e-4b2b-a54f-39751fc192c5@group-F1658404C2F1: changes role from  FOLLOWER to FOLLOWER at term 2 for recognizeCandidate:21312e21-4e93-48ae-b57d-2154aed46145
2019-09-16 17:08:48,798 [grpc-default-executor-3] INFO  impl.RoleInfo (RoleInfo.java:shutdownFollowerState(121)) - 34f08b31-c8b3-482b-8cc3-6b2bf7238fa6: shutdown FollowerState
2019-09-16 17:08:48,798 [grpc-default-executor-2] INFO  impl.RoleInfo (RoleInfo.java:shutdownFollowerState(121)) - b02ccc6f-e83e-4b2b-a54f-39751fc192c5: shutdown FollowerState
2019-09-16 17:08:48,798 [Thread-269] INFO  impl.FollowerState (FollowerState.java:run(115)) - 34f08b31-c8b3-482b-8cc3-6b2bf7238fa6: FollowerState was interrupted: java.lang.InterruptedException: sleep interrupted
2019-09-16 17:08:48,798 [grpc-default-executor-3] INFO  impl.RoleInfo (RoleInfo.java:updateAndGet(143)) - 34f08b31-c8b3-482b-8cc3-6b2bf7238fa6: start FollowerState
2019-09-16 17:08:48,800 [Thread-267] INFO  impl.FollowerState (FollowerState.java:run(115)) - b02ccc6f-e83e-4b2b-a54f-39751fc192c5: FollowerState was interrupted: java.lang.InterruptedException: sleep interrupted
2019-09-16 17:08:48,800 [grpc-default-executor-2] INFO  impl.RoleInfo (RoleInfo.java:updateAndGet(143)) - b02ccc6f-e83e-4b2b-a54f-39751fc192c5: start FollowerState
2019-09-16 17:08:48,816 [21312e21-4e93-48ae-b57d-2154aed46145@group-F1658404C2F1:LeaderElection12] INFO  impl.LeaderElection (LeaderElection.java:logAndReturn(56)) - 21312e21-4e93-48ae-b57d-2154aed46145@group-F1658404C2F1:LeaderElection12: Election PASSED; received 1 response(s) [21312e21-4e93-48ae-b57d-2154aed46145<-34f08b31-c8b3-482b-8cc3-6b2bf7238fa6#0:OK-t2] and 0 exception(s); 21312e21-4e93-48ae-b57d-2154aed46145@group-F1658404C2F1:t2, leader=null, voted=21312e21-4e93-48ae-b57d-2154aed46145, raftlog=21312e21-4e93-48ae-b57d-2154aed46145@group-F1658404C2F1-SegmentedRaftLog:OPENED:c-1,f-1,i0, conf=-1: [34f08b31-c8b3-482b-8cc3-6b2bf7238fa6:192.168.151.75:41780, b02ccc6f-e83e-4b2b-a54f-39751fc192c5:192.168.151.75:39809, 21312e21-4e93-48ae-b57d-2154aed46145:192.168.151.75:35602], old=null
2019-09-16 17:08:48,816 [21312e21-4e93-48ae-b57d-2154aed46145@group-F1658404C2F1:LeaderElection12] INFO  impl.RoleInfo (RoleInfo.java:shutdownLeaderElection(134)) - 21312e21-4e93-48ae-b57d-2154aed46145: shutdown LeaderElection
2019-09-16 17:08:48,818 [21312e21-4e93-48ae-b57d-2154aed46145@group-F1658404C2F1:LeaderElection12] INFO  impl.RaftServerImpl (RaftServerImpl.java:setRole(174)) - 21312e21-4e93-48ae-b57d-2154aed46145@group-F1658404C2F1: changes role from CANDIDATE to LEADER at term 2 for changeToLeader
2019-09-16 17:08:48,818 [21312e21-4e93-48ae-b57d-2154aed46145@group-F1658404C2F1:LeaderElection12] INFO  impl.RaftServerImpl (ServerState.java:setLeader(253)) - 21312e21-4e93-48ae-b57d-2154aed46145@group-F1658404C2F1: change Leader from null to 21312e21-4e93-48ae-b57d-2154aed46145 at term 2 for becomeLeader, leader elected after 10337ms
2019-09-16 17:08:48,819 [21312e21-4e93-48ae-b57d-2154aed46145@group-F1658404C2F1:LeaderElection12] INFO  server.RaftServerConfigKeys (ConfUtils.java:logGet(43)) - raft.server.staging.catchup.gap = 1000 (default)
2019-09-16 17:08:48,819 [21312e21-4e93-48ae-b57d-2154aed46145@group-F1658404C2F1:LeaderElection12] INFO  server.RaftServerConfigKeys (ConfUtils.java:logGet(43)) - raft.server.rpc.sleep.time = 25ms (default)
2019-09-16 17:08:48,819 [21312e21-4e93-48ae-b57d-2154aed46145@group-F1658404C2F1:LeaderElection12] INFO  server.RaftServerConfigKeys (ConfUtils.java:logGet(43)) - raft.server.write.element-limit = 4096 (default)
2019-09-16 17:08:48,819 [21312e21-4e93-48ae-b57d-2154aed46145@group-F1658404C2F1:LeaderElection12] INFO  server.RaftServerConfigKeys (ConfUtils.java:logGet(43)) - raft.server.watch.timeout = 10s (default)
2019-09-16 17:08:48,819 [21312e21-4e93-48ae-b57d-2154aed46145@group-F1658404C2F1:LeaderElection12] INFO  server.RaftServerConfigKeys (ConfUtils.java:logGet(43)) - raft.server.watch.timeout.denomination = 1s (default)
2019-09-16 17:08:48,819 [21312e21-4e93-48ae-b57d-2154aed46145@group-F1658404C2F1:LeaderElection12] INFO  server.RaftServerConfigKeys (ConfUtils.java:logGet(43)) - raft.server.watch.element-limit = 65536 (default)
2019-09-16 17:08:48,823 [21312e21-4e93-48ae-b57d-2154aed46145@group-F1658404C2F1:LeaderElection12] INFO  server.RaftServerConfigKeys (ConfUtils.java:logGet(43)) - raft.server.log.appender.snapshot.chunk.size.max = 16MB (=16777216) (default)
2019-09-16 17:08:48,823 [21312e21-4e93-48ae-b57d-2154aed46145@group-F1658404C2F1:LeaderElection12] INFO  server.RaftServerConfigKeys (ConfUtils.java:logGet(43)) - raft.server.log.appender.buffer.byte-limit = 33554432 (custom)
2019-09-16 17:08:48,823 [21312e21-4e93-48ae-b57d-2154aed46145@group-F1658404C2F1:LeaderElection12] INFO  server.RaftServerConfigKeys (ConfUtils.java:logGet(43)) - raft.server.log.appender.buffer.element-limit = 1 (custom)
2019-09-16 17:08:48,823 [21312e21-4e93-48ae-b57d-2154aed46145@group-F1658404C2F1:LeaderElection12] INFO  grpc.GrpcConfigKeys$Server (ConfUtils.java:logGet(43)) - raft.grpc.server.leader.outstanding.appends.max = 128 (default)
2019-09-16 17:08:48,824 [21312e21-4e93-48ae-b57d-2154aed46145@group-F1658404C2F1:LeaderElection12] INFO  server.RaftServerConfigKeys (ConfUtils.java:logGet(43)) - raft.server.rpc.request.timeout = 3000ms (default)
2019-09-16 17:08:48,825 [21312e21-4e93-48ae-b57d-2154aed46145@group-F1658404C2F1:LeaderElection12] INFO  server.RaftServerConfigKeys (ConfUtils.java:logGet(43)) - raft.server.log.appender.install.snapshot.enabled = false (custom)
2019-09-16 17:08:48,825 [21312e21-4e93-48ae-b57d-2154aed46145@group-F1658404C2F1:LeaderElection12] INFO  server.RaftServerConfigKeys (ConfUtils.java:logGet(43)) - raft.server.log.appender.snapshot.chunk.size.max = 16MB (=16777216) (default)
2019-09-16 17:08:48,825 [21312e21-4e93-48ae-b57d-2154aed46145@group-F1658404C2F1:LeaderElection12] INFO  server.RaftServerConfigKeys (ConfUtils.java:logGet(43)) - raft.server.log.appender.buffer.byte-limit = 33554432 (custom)
2019-09-16 17:08:48,825 [21312e21-4e93-48ae-b57d-2154aed46145@group-F1658404C2F1:LeaderElection12] INFO  server.RaftServerConfigKeys (ConfUtils.java:logGet(43)) - raft.server.log.appender.buffer.element-limit = 1 (custom)
2019-09-16 17:08:48,825 [21312e21-4e93-48ae-b57d-2154aed46145@group-F1658404C2F1:LeaderElection12] INFO  grpc.GrpcConfigKeys$Server (ConfUtils.java:logGet(43)) - raft.grpc.server.leader.outstanding.appends.max = 128 (default)
2019-09-16 17:08:48,826 [21312e21-4e93-48ae-b57d-2154aed46145@group-F1658404C2F1:LeaderElection12] INFO  server.RaftServerConfigKeys (ConfUtils.java:logGet(43)) - raft.server.rpc.request.timeout = 3000ms (default)
2019-09-16 17:08:48,826 [21312e21-4e93-48ae-b57d-2154aed46145@group-F1658404C2F1:LeaderElection12] INFO  server.RaftServerConfigKeys (ConfUtils.java:logGet(43)) - raft.server.log.appender.install.snapshot.enabled = false (custom)
2019-09-16 17:08:48,826 [21312e21-4e93-48ae-b57d-2154aed46145@group-F1658404C2F1:LeaderElection12] INFO  impl.RoleInfo (RoleInfo.java:updateAndGet(143)) - 21312e21-4e93-48ae-b57d-2154aed46145: start LeaderState
2019-09-16 17:08:48,826 [21312e21-4e93-48ae-b57d-2154aed46145@group-F1658404C2F1:LeaderElection12] INFO  segmented.SegmentedRaftLogWorker (SegmentedRaftLogWorker.java:startLogSegment(380)) - 21312e21-4e93-48ae-b57d-2154aed46145@group-F1658404C2F1-SegmentedRaftLogWorker: Starting segment from index:0
2019-09-16 17:08:48,827 [21312e21-4e93-48ae-b57d-2154aed46145@group-F1658404C2F1:LeaderElection12] INFO  impl.RaftServerImpl (ServerState.java:setRaftConf(354)) - 21312e21-4e93-48ae-b57d-2154aed46145@group-F1658404C2F1: set configuration 0: [34f08b31-c8b3-482b-8cc3-6b2bf7238fa6:192.168.151.75:41780, b02ccc6f-e83e-4b2b-a54f-39751fc192c5:192.168.151.75:39809, 21312e21-4e93-48ae-b57d-2154aed46145:192.168.151.75:35602], old=null at 0
2019-09-16 17:08:48,859 [grpc-default-executor-2] INFO  impl.RaftServerImpl (ServerState.java:setLeader(253)) - b02ccc6f-e83e-4b2b-a54f-39751fc192c5@group-F1658404C2F1: change Leader from null to 21312e21-4e93-48ae-b57d-2154aed46145 at term 2 for appendEntries, leader elected after 10377ms
2019-09-16 17:08:48,860 [grpc-default-executor-3] INFO  impl.RaftServerImpl (ServerState.java:setLeader(253)) - 34f08b31-c8b3-482b-8cc3-6b2bf7238fa6@group-F1658404C2F1: change Leader from null to 21312e21-4e93-48ae-b57d-2154aed46145 at term 2 for appendEntries, leader elected after 10379ms
2019-09-16 17:08:48,864 [grpc-default-executor-2] INFO  impl.RaftServerImpl (ServerState.java:setRaftConf(354)) - b02ccc6f-e83e-4b2b-a54f-39751fc192c5@group-F1658404C2F1: set configuration 0: [34f08b31-c8b3-482b-8cc3-6b2bf7238fa6:192.168.151.75:41780, b02ccc6f-e83e-4b2b-a54f-39751fc192c5:192.168.151.75:39809, 21312e21-4e93-48ae-b57d-2154aed46145:192.168.151.75:35602], old=null at 0
2019-09-16 17:08:48,864 [grpc-default-executor-3] INFO  impl.RaftServerImpl (ServerState.java:setRaftConf(354)) - 34f08b31-c8b3-482b-8cc3-6b2bf7238fa6@group-F1658404C2F1: set configuration 0: [34f08b31-c8b3-482b-8cc3-6b2bf7238fa6:192.168.151.75:41780, b02ccc6f-e83e-4b2b-a54f-39751fc192c5:192.168.151.75:39809, 21312e21-4e93-48ae-b57d-2154aed46145:192.168.151.75:35602], old=null at 0
2019-09-16 17:08:48,864 [grpc-default-executor-2] INFO  segmented.SegmentedRaftLogWorker (SegmentedRaftLogWorker.java:startLogSegment(380)) - b02ccc6f-e83e-4b2b-a54f-39751fc192c5@group-F1658404C2F1-SegmentedRaftLogWorker: Starting segment from index:0
2019-09-16 17:08:48,864 [grpc-default-executor-3] INFO  segmented.SegmentedRaftLogWorker (SegmentedRaftLogWorker.java:startLogSegment(380)) - 34f08b31-c8b3-482b-8cc3-6b2bf7238fa6@group-F1658404C2F1-SegmentedRaftLogWorker: Starting segment from index:0
2019-09-16 17:08:48,869 [21312e21-4e93-48ae-b57d-2154aed46145@group-F1658404C2F1-SegmentedRaftLogWorker] INFO  segmented.SegmentedRaftLogWorker (SegmentedRaftLogWorker.java:execute(569)) - 21312e21-4e93-48ae-b57d-2154aed46145@group-F1658404C2F1-SegmentedRaftLogWorker: created new log segment /workdir/hadoop-ozone/integration-test/target/test-dir/MiniOzoneClusterImpl-25e77f6b-33bc-4e9f-9ff4-ac3a8a45a431/datanode-0/data/ratis/608a7cc0-abaa-44ef-96ae-f1658404c2f1/current/log_inprogress_0
2019-09-16 17:08:48,904 [34f08b31-c8b3-482b-8cc3-6b2bf7238fa6@group-F1658404C2F1-SegmentedRaftLogWorker] INFO  segmented.SegmentedRaftLogWorker (SegmentedRaftLogWorker.java:execute(569)) - 34f08b31-c8b3-482b-8cc3-6b2bf7238fa6@group-F1658404C2F1-SegmentedRaftLogWorker: created new log segment /workdir/hadoop-ozone/integration-test/target/test-dir/MiniOzoneClusterImpl-25e77f6b-33bc-4e9f-9ff4-ac3a8a45a431/datanode-1/data/ratis/608a7cc0-abaa-44ef-96ae-f1658404c2f1/current/log_inprogress_0
2019-09-16 17:08:48,904 [b02ccc6f-e83e-4b2b-a54f-39751fc192c5@group-F1658404C2F1-SegmentedRaftLogWorker] INFO  segmented.SegmentedRaftLogWorker (SegmentedRaftLogWorker.java:execute(569)) - b02ccc6f-e83e-4b2b-a54f-39751fc192c5@group-F1658404C2F1-SegmentedRaftLogWorker: created new log segment /workdir/hadoop-ozone/integration-test/target/test-dir/MiniOzoneClusterImpl-25e77f6b-33bc-4e9f-9ff4-ac3a8a45a431/datanode-2/data/ratis/608a7cc0-abaa-44ef-96ae-f1658404c2f1/current/log_inprogress_0
2019-09-16 17:08:49,306 [grpc-default-executor-2] INFO  client.GrpcClientProtocolClient (GrpcClientProtocolClient.java:onNext(264)) - client-E514167A2371->21312e21-4e93-48ae-b57d-2154aed46145: receive RaftClientReply:client-E514167A2371->21312e21-4e93-48ae-b57d-2154aed46145@group-F1658404C2F1, cid=9, SUCCESS, logIndex=1, commits[21312e21-4e93-48ae-b57d-2154aed46145:c1, 34f08b31-c8b3-482b-8cc3-6b2bf7238fa6:c0, b02ccc6f-e83e-4b2b-a54f-39751fc192c5:c0]
2019-09-16 17:08:49,453 [grpc-default-executor-2] INFO  client.GrpcClientProtocolClient (GrpcClientProtocolClient.java:onNext(264)) - client-E514167A2371->21312e21-4e93-48ae-b57d-2154aed46145: receive RaftClientReply:client-E514167A2371->21312e21-4e93-48ae-b57d-2154aed46145@group-F1658404C2F1, cid=11, SUCCESS, logIndex=3, commits[21312e21-4e93-48ae-b57d-2154aed46145:c4, 34f08b31-c8b3-482b-8cc3-6b2bf7238fa6:c3, b02ccc6f-e83e-4b2b-a54f-39751fc192c5:c3]
2019-09-16 17:08:49,496 [main] ERROR container.ContainerStateManager (ContainerStateManager.java:updateContainerState(335)) - Failed to update container state #1, reason: invalid state transition from state: CLOSING upon event: FINALIZE.
]]></system-out>
    <system-err><![CDATA[ERROR StatusLogger No Log4j 2 configuration file found. Using default configuration (logging only errors to the console), or user programmatically provided configurations. Set system property 'log4j2.debug' to show Log4j 2 internal initialization logging. See https://logging.apache.org/log4j/2.x/manual/configuration.html for instructions on how to configure Log4j 2
]]></system-err>
  </testcase>
</testsuite>