<?xml version="1.0" encoding="UTF-8"?>
<testsuite xmlns:xsi="http://www.w3.org/2001/XMLSchema-instance" xsi:noNamespaceSchemaLocation="https://maven.apache.org/surefire/maven-surefire-plugin/xsd/surefire-test-report.xsd" name="org.apache.hadoop.ozone.client.rpc.TestWatchForCommit" time="253.436" tests="5" errors="2" skipped="0" failures="0">
  <properties>
    <property name="awt.toolkit" value="sun.awt.X11.XToolkit"/>
    <property name="file.encoding.pkg" value="sun.io"/>
    <property name="java.specification.version" value="1.8"/>
    <property name="sun.cpu.isalist" value=""/>
    <property name="sun.jnu.encoding" value="UTF-8"/>
    <property name="java.class.path" value="/workdir/hadoop-ozone/integration-test/target/test-classes:/workdir/hadoop-ozone/integration-test/target/classes:/home/user/.m2/repository/org/apache/hadoop/hadoop-ozone-common/0.5.0-SNAPSHOT/hadoop-ozone-common-0.5.0-SNAPSHOT.jar:/home/user/.m2/repository/org/apache/commons/commons-compress/1.4.1/commons-compress-1.4.1.jar:/home/user/.m2/repository/org/tukaani/xz/1.0/xz-1.0.jar:/home/user/.m2/repository/org/apache/hadoop/hadoop-common/3.2.0/hadoop-common-3.2.0.jar:/home/user/.m2/repository/org/apache/hadoop/hadoop-hdfs/3.2.0/hadoop-hdfs-3.2.0.jar:/home/user/.m2/repository/org/apache/hadoop/hadoop-hdfs-client/3.2.0/hadoop-hdfs-client-3.2.0.jar:/home/user/.m2/repository/com/fasterxml/jackson/core/jackson-annotations/2.9.5/jackson-annotations-2.9.5.jar:/home/user/.m2/repository/org/apache/hadoop/hadoop-hdds-common/0.5.0-SNAPSHOT/hadoop-hdds-common-0.5.0-SNAPSHOT.jar:/home/user/.m2/repository/javax/annotation/javax.annotation-api/1.2/javax.annotation-api-1.2.jar:/home/user/.m2/repository/org/apache/ratis/ratis-server/0.4.0-2337318-SNAPSHOT/ratis-server-0.4.0-2337318-SNAPSHOT.jar:/home/user/.m2/repository/org/apache/ratis/ratis-thirdparty-misc/0.2.0/ratis-thirdparty-misc-0.2.0.jar:/home/user/.m2/repository/org/apache/ratis/ratis-proto/0.4.0-2337318-SNAPSHOT/ratis-proto-0.4.0-2337318-SNAPSHOT.jar:/home/user/.m2/repository/org/apache/ratis/ratis-common/0.4.0-2337318-SNAPSHOT/ratis-common-0.4.0-2337318-SNAPSHOT.jar:/home/user/.m2/repository/org/apache/ratis/ratis-client/0.4.0-2337318-SNAPSHOT/ratis-client-0.4.0-2337318-SNAPSHOT.jar:/home/user/.m2/repository/org/apache/ratis/ratis-metrics/0.4.0-2337318-SNAPSHOT/ratis-metrics-0.4.0-2337318-SNAPSHOT.jar:/home/user/.m2/repository/org/apache/ratis/ratis-netty/0.4.0-2337318-SNAPSHOT/ratis-netty-0.4.0-2337318-SNAPSHOT.jar:/home/user/.m2/repository/org/apache/ratis/ratis-grpc/0.4.0-2337318-SNAPSHOT/ratis-grpc-0.4.0-2337318-SNAPSHOT.jar:/home/user/.m2/repository/org/rocksdb/rocksdbjni/6.0.1/rocksdbjni-6.0.1.jar:/home/user/.m2/repository/org/apache/logging/log4j/log4j-api/2.11.0/log4j-api-2.11.0.jar:/home/user/.m2/repository/org/apache/logging/log4j/log4j-core/2.11.0/log4j-core-2.11.0.jar:/home/user/.m2/repository/com/lmax/disruptor/3.4.2/disruptor-3.4.2.jar:/home/user/.m2/repository/org/apache/commons/commons-pool2/2.6.0/commons-pool2-2.6.0.jar:/home/user/.m2/repository/org/bouncycastle/bcpkix-jdk15on/1.60/bcpkix-jdk15on-1.60.jar:/home/user/.m2/repository/commons-validator/commons-validator/1.6/commons-validator-1.6.jar:/home/user/.m2/repository/commons-digester/commons-digester/1.8.1/commons-digester-1.8.1.jar:/home/user/.m2/repository/io/jaegertracing/jaeger-client/0.33.1/jaeger-client-0.33.1.jar:/home/user/.m2/repository/io/jaegertracing/jaeger-thrift/0.33.1/jaeger-thrift-0.33.1.jar:/home/user/.m2/repository/org/apache/thrift/libthrift/0.11.0/libthrift-0.11.0.jar:/home/user/.m2/repository/com/squareup/okhttp3/okhttp/3.9.0/okhttp-3.9.0.jar:/home/user/.m2/repository/com/squareup/okio/okio/1.13.0/okio-1.13.0.jar:/home/user/.m2/repository/io/jaegertracing/jaeger-core/0.33.1/jaeger-core-0.33.1.jar:/home/user/.m2/repository/io/jaegertracing/jaeger-tracerresolver/0.33.1/jaeger-tracerresolver-0.33.1.jar:/home/user/.m2/repository/io/opentracing/contrib/opentracing-tracerresolver/0.1.5/opentracing-tracerresolver-0.1.5.jar:/home/user/.m2/repository/io/opentracing/opentracing-util/0.31.0/opentracing-util-0.31.0.jar:/home/user/.m2/repository/io/opentracing/opentracing-api/0.31.0/opentracing-api-0.31.0.jar:/home/user/.m2/repository/io/opentracing/opentracing-noop/0.31.0/opentracing-noop-0.31.0.jar:/home/user/.m2/repository/org/apache/hadoop/hadoop-hdds-server-framework/0.5.0-SNAPSHOT/hadoop-hdds-server-framework-0.5.0-SNAPSHOT.jar:/home/user/.m2/repository/org/apache/hadoop/hadoop-hdds-container-service/0.5.0-SNAPSHOT/hadoop-hdds-container-service-0.5.0-SNAPSHOT.jar:/home/user/.m2/repository/org/apache/hadoop/hadoop-hdds-client/0.5.0-SNAPSHOT/hadoop-hdds-client-0.5.0-SNAPSHOT.jar:/home/user/.m2/repository/org/apache/hadoop/hadoop-hdds-tools/0.5.0-SNAPSHOT/hadoop-hdds-tools-0.5.0-SNAPSHOT.jar:/home/user/.m2/repository/org/apache/hadoop/hadoop-hdds-server-scm/0.5.0-SNAPSHOT/hadoop-hdds-server-scm-0.5.0-SNAPSHOT.jar:/home/user/.m2/repository/org/apache/hadoop/hadoop-hdds-docs/0.5.0-SNAPSHOT/hadoop-hdds-docs-0.5.0-SNAPSHOT.jar:/home/user/.m2/repository/io/dropwizard/metrics/metrics-core/3.2.4/metrics-core-3.2.4.jar:/home/user/.m2/repository/org/hamcrest/hamcrest-all/1.3/hamcrest-all-1.3.jar:/home/user/.m2/repository/org/bouncycastle/bcprov-jdk15on/1.60/bcprov-jdk15on-1.60.jar:/home/user/.m2/repository/info/picocli/picocli/3.9.6/picocli-3.9.6.jar:/home/user/.m2/repository/com/google/protobuf/protobuf-java/2.5.0/protobuf-java-2.5.0.jar:/home/user/.m2/repository/com/google/guava/guava/11.0.2/guava-11.0.2.jar:/home/user/.m2/repository/org/apache/hadoop/hadoop-ozone-ozone-manager/0.5.0-SNAPSHOT/hadoop-ozone-ozone-manager-0.5.0-SNAPSHOT.jar:/home/user/.m2/repository/org/apache/hadoop/hadoop-minikdc/3.2.0/hadoop-minikdc-3.2.0.jar:/home/user/.m2/repository/commons-io/commons-io/2.5/commons-io-2.5.jar:/home/user/.m2/repository/org/apache/kerby/kerb-simplekdc/1.0.1/kerb-simplekdc-1.0.1.jar:/home/user/.m2/repository/org/apache/kerby/kerb-client/1.0.1/kerb-client-1.0.1.jar:/home/user/.m2/repository/org/apache/kerby/kerby-config/1.0.1/kerby-config-1.0.1.jar:/home/user/.m2/repository/org/apache/kerby/kerb-core/1.0.1/kerb-core-1.0.1.jar:/home/user/.m2/repository/org/apache/kerby/kerby-pkix/1.0.1/kerby-pkix-1.0.1.jar:/home/user/.m2/repository/org/apache/kerby/kerby-asn1/1.0.1/kerby-asn1-1.0.1.jar:/home/user/.m2/repository/org/apache/kerby/kerby-util/1.0.1/kerby-util-1.0.1.jar:/home/user/.m2/repository/org/apache/kerby/kerb-common/1.0.1/kerb-common-1.0.1.jar:/home/user/.m2/repository/org/apache/kerby/kerb-crypto/1.0.1/kerb-crypto-1.0.1.jar:/home/user/.m2/repository/org/apache/kerby/kerb-util/1.0.1/kerb-util-1.0.1.jar:/home/user/.m2/repository/org/apache/kerby/token-provider/1.0.1/token-provider-1.0.1.jar:/home/user/.m2/repository/org/apache/kerby/kerb-admin/1.0.1/kerb-admin-1.0.1.jar:/home/user/.m2/repository/org/apache/kerby/kerb-server/1.0.1/kerb-server-1.0.1.jar:/home/user/.m2/repository/org/apache/kerby/kerb-identity/1.0.1/kerb-identity-1.0.1.jar:/home/user/.m2/repository/org/apache/kerby/kerby-xdr/1.0.1/kerby-xdr-1.0.1.jar:/home/user/.m2/repository/org/slf4j/slf4j-log4j12/1.7.25/slf4j-log4j12-1.7.25.jar:/home/user/.m2/repository/org/apache/hadoop/hadoop-ozone-objectstore-service/0.5.0-SNAPSHOT/hadoop-ozone-objectstore-service-0.5.0-SNAPSHOT.jar:/home/user/.m2/repository/org/apache/hadoop/hadoop-ozone-s3gateway/0.5.0-SNAPSHOT/hadoop-ozone-s3gateway-0.5.0-SNAPSHOT.jar:/home/user/.m2/repository/org/jboss/weld/servlet/weld-servlet/2.4.7.Final/weld-servlet-2.4.7.Final.jar:/home/user/.m2/repository/org/glassfish/jersey/containers/jersey-container-servlet-core/2.27/jersey-container-servlet-core-2.27.jar:/home/user/.m2/repository/org/glassfish/hk2/external/javax.inject/2.5.0-b42/javax.inject-2.5.0-b42.jar:/home/user/.m2/repository/org/glassfish/jersey/core/jersey-common/2.27/jersey-common-2.27.jar:/home/user/.m2/repository/org/glassfish/hk2/osgi-resource-locator/1.0.1/osgi-resource-locator-1.0.1.jar:/home/user/.m2/repository/javax/ws/rs/javax.ws.rs-api/2.1/javax.ws.rs-api-2.1.jar:/home/user/.m2/repository/org/glassfish/jersey/ext/cdi/jersey-cdi1x/2.27/jersey-cdi1x-2.27.jar:/home/user/.m2/repository/org/glassfish/jersey/inject/jersey-hk2/2.27/jersey-hk2-2.27.jar:/home/user/.m2/repository/org/glassfish/hk2/hk2-locator/2.5.0-b42/hk2-locator-2.5.0-b42.jar:/home/user/.m2/repository/org/javassist/javassist/3.22.0-CR2/javassist-3.22.0-CR2.jar:/home/user/.m2/repository/org/glassfish/hk2/hk2-api/2.5.0/hk2-api-2.5.0.jar:/home/user/.m2/repository/org/glassfish/hk2/external/jakarta.inject/2.5.0/jakarta.inject-2.5.0.jar:/home/user/.m2/repository/org/glassfish/hk2/hk2-utils/2.5.0/hk2-utils-2.5.0.jar:/home/user/.m2/repository/jakarta/annotation/jakarta.annotation-api/1.3.4/jakarta.annotation-api-1.3.4.jar:/home/user/.m2/repository/org/glassfish/hk2/external/aopalliance-repackaged/2.5.0/aopalliance-repackaged-2.5.0.jar:/home/user/.m2/repository/com/fasterxml/jackson/dataformat/jackson-dataformat-xml/2.9.0/jackson-dataformat-xml-2.9.0.jar:/home/user/.m2/repository/com/fasterxml/jackson/core/jackson-core/2.9.5/jackson-core-2.9.5.jar:/home/user/.m2/repository/com/fasterxml/jackson/module/jackson-module-jaxb-annotations/2.9.5/jackson-module-jaxb-annotations-2.9.5.jar:/home/user/.m2/repository/javax/enterprise/cdi-api/1.2/cdi-api-1.2.jar:/home/user/.m2/repository/javax/el/javax.el-api/3.0.0/javax.el-api-3.0.0.jar:/home/user/.m2/repository/javax/interceptor/javax.interceptor-api/1.2/javax.interceptor-api-1.2.jar:/home/user/.m2/repository/javax/inject/javax.inject/1/javax.inject-1.jar:/home/user/.m2/repository/com/sun/xml/bind/jaxb-impl/2.3.0.1/jaxb-impl-2.3.0.1.jar:/home/user/.m2/repository/com/sun/xml/bind/jaxb-core/2.3.0.1/jaxb-core-2.3.0.1.jar:/home/user/.m2/repository/javax/xml/bind/jaxb-api/2.3.0/jaxb-api-2.3.0.jar:/home/user/.m2/repository/javax/activation/activation/1.1.1/activation-1.1.1.jar:/home/user/.m2/repository/org/apache/hadoop/hadoop-ozone-csi/0.5.0-SNAPSHOT/hadoop-ozone-csi-0.5.0-SNAPSHOT.jar:/home/user/.m2/repository/com/google/protobuf/protobuf-java-util/3.5.1/protobuf-java-util-3.5.1.jar:/home/user/.m2/repository/org/apache/hadoop/hadoop-hdds-config/0.5.0-SNAPSHOT/hadoop-hdds-config-0.5.0-SNAPSHOT.jar:/home/user/.m2/repository/io/grpc/grpc-netty/1.17.1/grpc-netty-1.17.1.jar:/home/user/.m2/repository/io/grpc/grpc-core/1.17.1/grpc-core-1.17.1.jar:/home/user/.m2/repository/io/grpc/grpc-context/1.17.1/grpc-context-1.17.1.jar:/home/user/.m2/repository/com/google/errorprone/error_prone_annotations/2.2.0/error_prone_annotations-2.2.0.jar:/home/user/.m2/repository/org/codehaus/mojo/animal-sniffer-annotations/1.17/animal-sniffer-annotations-1.17.jar:/home/user/.m2/repository/io/opencensus/opencensus-api/0.17.0/opencensus-api-0.17.0.jar:/home/user/.m2/repository/io/opencensus/opencensus-contrib-grpc-metrics/0.17.0/opencensus-contrib-grpc-metrics-0.17.0.jar:/home/user/.m2/repository/io/netty/netty-codec-http2/4.1.30.Final/netty-codec-http2-4.1.30.Final.jar:/home/user/.m2/repository/io/netty/netty-codec-http/4.1.30.Final/netty-codec-http-4.1.30.Final.jar:/home/user/.m2/repository/io/netty/netty-codec/4.1.30.Final/netty-codec-4.1.30.Final.jar:/home/user/.m2/repository/io/netty/netty-handler/4.1.30.Final/netty-handler-4.1.30.Final.jar:/home/user/.m2/repository/io/netty/netty-handler-proxy/4.1.30.Final/netty-handler-proxy-4.1.30.Final.jar:/home/user/.m2/repository/io/netty/netty-codec-socks/4.1.30.Final/netty-codec-socks-4.1.30.Final.jar:/home/user/.m2/repository/io/netty/netty-transport-native-epoll/4.1.30.Final/netty-transport-native-epoll-4.1.30.Final.jar:/home/user/.m2/repository/io/netty/netty-common/4.1.30.Final/netty-common-4.1.30.Final.jar:/home/user/.m2/repository/io/netty/netty-buffer/4.1.30.Final/netty-buffer-4.1.30.Final.jar:/home/user/.m2/repository/io/netty/netty-transport/4.1.30.Final/netty-transport-4.1.30.Final.jar:/home/user/.m2/repository/io/netty/netty-resolver/4.1.30.Final/netty-resolver-4.1.30.Final.jar:/home/user/.m2/repository/io/netty/netty-transport-native-unix-common/4.1.30.Final/netty-transport-native-unix-common-4.1.30.Final.jar:/home/user/.m2/repository/io/grpc/grpc-protobuf/1.17.1/grpc-protobuf-1.17.1.jar:/home/user/.m2/repository/com/google/api/grpc/proto-google-common-protos/1.0.0/proto-google-common-protos-1.0.0.jar:/home/user/.m2/repository/io/grpc/grpc-protobuf-lite/1.17.1/grpc-protobuf-lite-1.17.1.jar:/home/user/.m2/repository/io/grpc/grpc-stub/1.17.1/grpc-stub-1.17.1.jar:/home/user/.m2/repository/org/apache/hadoop/hadoop-ozone-recon/0.5.0-SNAPSHOT/hadoop-ozone-recon-0.5.0-SNAPSHOT.jar:/home/user/.m2/repository/org/apache/hadoop/hadoop-ozone-reconcodegen/0.5.0-SNAPSHOT/hadoop-ozone-reconcodegen-0.5.0-SNAPSHOT.jar:/home/user/.m2/repository/com/google/inject/extensions/guice-multibindings/4.0/guice-multibindings-4.0.jar:/home/user/.m2/repository/com/google/inject/guice/4.0/guice-4.0.jar:/home/user/.m2/repository/aopalliance/aopalliance/1.0/aopalliance-1.0.jar:/home/user/.m2/repository/com/google/inject/extensions/guice-servlet/4.0/guice-servlet-4.0.jar:/home/user/.m2/repository/org/glassfish/jersey/containers/jersey-container-servlet/2.27/jersey-container-servlet-2.27.jar:/home/user/.m2/repository/org/glassfish/hk2/guice-bridge/2.5.0/guice-bridge-2.5.0.jar:/home/user/.m2/repository/org/glassfish/jersey/core/jersey-server/2.27/jersey-server-2.27.jar:/home/user/.m2/repository/org/glassfish/jersey/core/jersey-client/2.27/jersey-client-2.27.jar:/home/user/.m2/repository/org/glassfish/jersey/media/jersey-media-jaxb/2.27/jersey-media-jaxb-2.27.jar:/home/user/.m2/repository/javax/validation/validation-api/1.1.0.Final/validation-api-1.1.0.Final.jar:/home/user/.m2/repository/org/glassfish/jersey/media/jersey-media-json-jackson/2.27/jersey-media-json-jackson-2.27.jar:/home/user/.m2/repository/org/glassfish/jersey/ext/jersey-entity-filtering/2.27/jersey-entity-filtering-2.27.jar:/home/user/.m2/repository/com/google/inject/extensions/guice-assistedinject/4.0/guice-assistedinject-4.0.jar:/home/user/.m2/repository/org/jooq/jooq/3.11.10/jooq-3.11.10.jar:/home/user/.m2/repository/org/jooq/jooq-meta/3.11.10/jooq-meta-3.11.10.jar:/home/user/.m2/repository/org/jooq/jooq-codegen/3.11.10/jooq-codegen-3.11.10.jar:/home/user/.m2/repository/com/jolbox/bonecp/0.8.0.RELEASE/bonecp-0.8.0.RELEASE.jar:/home/user/.m2/repository/org/xerial/sqlite-jdbc/3.25.2/sqlite-jdbc-3.25.2.jar:/home/user/.m2/repository/org/springframework/spring-jdbc/5.1.3.RELEASE/spring-jdbc-5.1.3.RELEASE.jar:/home/user/.m2/repository/org/springframework/spring-beans/5.1.3.RELEASE/spring-beans-5.1.3.RELEASE.jar:/home/user/.m2/repository/org/springframework/spring-core/5.1.3.RELEASE/spring-core-5.1.3.RELEASE.jar:/home/user/.m2/repository/org/springframework/spring-jcl/5.1.3.RELEASE/spring-jcl-5.1.3.RELEASE.jar:/home/user/.m2/repository/org/springframework/spring-tx/5.1.3.RELEASE/spring-tx-5.1.3.RELEASE.jar:/home/user/.m2/repository/org/apache/hadoop/hadoop-ozone-client/0.5.0-SNAPSHOT/hadoop-ozone-client-0.5.0-SNAPSHOT.jar:/home/user/.m2/repository/commons-lang/commons-lang/2.6/commons-lang-2.6.jar:/home/user/.m2/repository/org/apache/hadoop/hadoop-ozone-ozone-manager/0.5.0-SNAPSHOT/hadoop-ozone-ozone-manager-0.5.0-SNAPSHOT-tests.jar:/home/user/.m2/repository/junit/junit/4.11/junit-4.11.jar:/home/user/.m2/repository/org/hamcrest/hamcrest-core/1.3/hamcrest-core-1.3.jar:/home/user/.m2/repository/org/openjdk/jmh/jmh-core/1.19/jmh-core-1.19.jar:/home/user/.m2/repository/net/sf/jopt-simple/jopt-simple/4.6/jopt-simple-4.6.jar:/home/user/.m2/repository/org/apache/commons/commons-math3/3.1.1/commons-math3-3.1.1.jar:/home/user/.m2/repository/org/openjdk/jmh/jmh-generator-annprocess/1.19/jmh-generator-annprocess-1.19.jar:/home/user/.m2/repository/org/mockito/mockito-all/1.8.5/mockito-all-1.8.5.jar:/home/user/.m2/repository/org/apache/hadoop/hadoop-kms/3.2.0/hadoop-kms-3.2.0.jar:/home/user/.m2/repository/org/apache/hadoop/hadoop-auth/3.2.0/hadoop-auth-3.2.0.jar:/home/user/.m2/repository/com/nimbusds/nimbus-jose-jwt/4.41.1/nimbus-jose-jwt-4.41.1.jar:/home/user/.m2/repository/com/github/stephenc/jcip/jcip-annotations/1.0-1/jcip-annotations-1.0-1.jar:/home/user/.m2/repository/net/minidev/json-smart/2.3/json-smart-2.3.jar:/home/user/.m2/repository/net/minidev/accessors-smart/1.2/accessors-smart-1.2.jar:/home/user/.m2/repository/org/ow2/asm/asm/5.0.4/asm-5.0.4.jar:/home/user/.m2/repository/org/apache/curator/curator-framework/2.12.0/curator-framework-2.12.0.jar:/home/user/.m2/repository/com/sun/jersey/jersey-core/1.19/jersey-core-1.19.jar:/home/user/.m2/repository/javax/ws/rs/jsr311-api/1.1.1/jsr311-api-1.1.1.jar:/home/user/.m2/repository/com/sun/jersey/jersey-server/1.19/jersey-server-1.19.jar:/home/user/.m2/repository/javax/servlet/javax.servlet-api/3.1.0/javax.servlet-api-3.1.0.jar:/home/user/.m2/repository/org/eclipse/jetty/jetty-server/9.3.24.v20180605/jetty-server-9.3.24.v20180605.jar:/home/user/.m2/repository/org/eclipse/jetty/jetty-http/9.3.24.v20180605/jetty-http-9.3.24.v20180605.jar:/home/user/.m2/repository/org/eclipse/jetty/jetty-io/9.3.24.v20180605/jetty-io-9.3.24.v20180605.jar:/home/user/.m2/repository/org/eclipse/jetty/jetty-webapp/9.3.24.v20180605/jetty-webapp-9.3.24.v20180605.jar:/home/user/.m2/repository/org/eclipse/jetty/jetty-xml/9.3.24.v20180605/jetty-xml-9.3.24.v20180605.jar:/home/user/.m2/repository/log4j/log4j/1.2.17/log4j-1.2.17.jar:/home/user/.m2/repository/org/slf4j/slf4j-api/1.7.25/slf4j-api-1.7.25.jar:/home/user/.m2/repository/org/slf4j/jul-to-slf4j/1.7.25/jul-to-slf4j-1.7.25.jar:/home/user/.m2/repository/org/eclipse/jetty/jetty-util/9.3.24.v20180605/jetty-util-9.3.24.v20180605.jar:/home/user/.m2/repository/com/fasterxml/jackson/core/jackson-databind/2.9.5/jackson-databind-2.9.5.jar:/home/user/.m2/repository/org/apache/hadoop/hadoop-kms/3.2.0/hadoop-kms-3.2.0-tests.jar:/home/user/.m2/repository/org/apache/hadoop/hadoop-hdds-server-scm/0.5.0-SNAPSHOT/hadoop-hdds-server-scm-0.5.0-SNAPSHOT-tests.jar:/home/user/.m2/repository/org/apache/hadoop/hadoop-hdds-container-service/0.5.0-SNAPSHOT/hadoop-hdds-container-service-0.5.0-SNAPSHOT-tests.jar:/home/user/.m2/repository/org/yaml/snakeyaml/1.16/snakeyaml-1.16.jar:/home/user/.m2/repository/org/apache/hadoop/hadoop-common/3.2.0/hadoop-common-3.2.0-tests.jar:/home/user/.m2/repository/org/apache/hadoop/hadoop-annotations/3.2.0/hadoop-annotations-3.2.0.jar:/usr/lib/jvm/java-1.8-openjdk/jre/../lib/tools.jar:/home/user/.m2/repository/commons-cli/commons-cli/1.2/commons-cli-1.2.jar:/home/user/.m2/repository/org/apache/httpcomponents/httpclient/4.5.2/httpclient-4.5.2.jar:/home/user/.m2/repository/org/apache/httpcomponents/httpcore/4.4.4/httpcore-4.4.4.jar:/home/user/.m2/repository/commons-codec/commons-codec/1.11/commons-codec-1.11.jar:/home/user/.m2/repository/commons-net/commons-net/3.6/commons-net-3.6.jar:/home/user/.m2/repository/commons-collections/commons-collections/3.2.2/commons-collections-3.2.2.jar:/home/user/.m2/repository/org/eclipse/jetty/jetty-servlet/9.3.24.v20180605/jetty-servlet-9.3.24.v20180605.jar:/home/user/.m2/repository/org/eclipse/jetty/jetty-security/9.3.24.v20180605/jetty-security-9.3.24.v20180605.jar:/home/user/.m2/repository/javax/servlet/jsp/jsp-api/2.1/jsp-api-2.1.jar:/home/user/.m2/repository/com/sun/jersey/jersey-servlet/1.19/jersey-servlet-1.19.jar:/home/user/.m2/repository/com/sun/jersey/jersey-json/1.19/jersey-json-1.19.jar:/home/user/.m2/repository/org/codehaus/jettison/jettison/1.1/jettison-1.1.jar:/home/user/.m2/repository/org/codehaus/jackson/jackson-core-asl/1.9.13/jackson-core-asl-1.9.13.jar:/home/user/.m2/repository/org/codehaus/jackson/jackson-mapper-asl/1.9.13/jackson-mapper-asl-1.9.13.jar:/home/user/.m2/repository/org/codehaus/jackson/jackson-jaxrs/1.9.13/jackson-jaxrs-1.9.13.jar:/home/user/.m2/repository/org/codehaus/jackson/jackson-xc/1.9.13/jackson-xc-1.9.13.jar:/home/user/.m2/repository/commons-logging/commons-logging/1.1.3/commons-logging-1.1.3.jar:/home/user/.m2/repository/commons-beanutils/commons-beanutils/1.9.3/commons-beanutils-1.9.3.jar:/home/user/.m2/repository/org/apache/commons/commons-configuration2/2.1.1/commons-configuration2-2.1.1.jar:/home/user/.m2/repository/org/apache/commons/commons-lang3/3.7/commons-lang3-3.7.jar:/home/user/.m2/repository/org/apache/commons/commons-text/1.4/commons-text-1.4.jar:/home/user/.m2/repository/org/apache/avro/avro/1.7.7/avro-1.7.7.jar:/home/user/.m2/repository/com/thoughtworks/paranamer/paranamer/2.3/paranamer-2.3.jar:/home/user/.m2/repository/org/xerial/snappy/snappy-java/1.0.5/snappy-java-1.0.5.jar:/home/user/.m2/repository/com/google/re2j/re2j/1.1/re2j-1.1.jar:/home/user/.m2/repository/com/google/code/gson/gson/2.2.4/gson-2.2.4.jar:/home/user/.m2/repository/com/jcraft/jsch/0.1.54/jsch-0.1.54.jar:/home/user/.m2/repository/org/apache/curator/curator-client/2.12.0/curator-client-2.12.0.jar:/home/user/.m2/repository/org/apache/curator/curator-recipes/2.12.0/curator-recipes-2.12.0.jar:/home/user/.m2/repository/com/google/code/findbugs/jsr305/3.0.0/jsr305-3.0.0.jar:/home/user/.m2/repository/org/apache/htrace/htrace-core4/4.1.0-incubating/htrace-core4-4.1.0-incubating.jar:/home/user/.m2/repository/org/apache/zookeeper/zookeeper/3.4.13/zookeeper-3.4.13.jar:/home/user/.m2/repository/org/apache/yetus/audience-annotations/0.5.0/audience-annotations-0.5.0.jar:/home/user/.m2/repository/org/codehaus/woodstox/stax2-api/3.1.4/stax2-api-3.1.4.jar:/home/user/.m2/repository/com/fasterxml/woodstox/woodstox-core/5.0.3/woodstox-core-5.0.3.jar:/home/user/.m2/repository/dnsjava/dnsjava/2.1.7/dnsjava-2.1.7.jar:/home/user/.m2/repository/org/apache/hadoop/hadoop-hdfs/3.2.0/hadoop-hdfs-3.2.0-tests.jar:/home/user/.m2/repository/org/eclipse/jetty/jetty-util-ajax/9.3.24.v20180605/jetty-util-ajax-9.3.24.v20180605.jar:/home/user/.m2/repository/commons-daemon/commons-daemon/1.0.13/commons-daemon-1.0.13.jar:/home/user/.m2/repository/io/netty/netty/3.10.5.Final/netty-3.10.5.Final.jar:/home/user/.m2/repository/io/netty/netty-all/4.0.52.Final/netty-all-4.0.52.Final.jar:/home/user/.m2/repository/org/fusesource/leveldbjni/leveldbjni-all/1.8/leveldbjni-all-1.8.jar:"/>
    <property name="java.vm.vendor" value="IcedTea"/>
    <property name="sun.arch.data.model" value="64"/>
    <property name="test.build.dir" value="/workdir/hadoop-ozone/integration-test/target/test-dir"/>
    <property name="test.cache.data" value=""/>
    <property name="java.vendor.url" value="https://icedtea.classpath.org"/>
    <property name="user.timezone" value=""/>
    <property name="java.vm.specification.version" value="1.8"/>
    <property name="os.name" value="Linux"/>
    <property name="test.build.data" value="/workdir/hadoop-ozone/integration-test/target/test-dir"/>
    <property name="user.country" value="US"/>
    <property name="sun.java.launcher" value="SUN_STANDARD"/>
    <property name="sun.boot.library.path" value="/usr/lib/jvm/java-1.8-openjdk/jre/lib/amd64"/>
    <property name="sun.java.command" value="/workdir/hadoop-ozone/integration-test/target/surefire/surefirebooter6950851962889626836.jar /workdir/hadoop-ozone/integration-test/target/surefire 2019-08-23T02-20-40_244-jvmRun1 surefire9145997394367088711tmp surefire_18186720742772981734tmp"/>
    <property name="test" value="!TestMiniChaosOzoneCluster"/>
    <property name="surefire.test.class.path" value="/workdir/hadoop-ozone/integration-test/target/test-classes:/workdir/hadoop-ozone/integration-test/target/classes:/home/user/.m2/repository/org/apache/hadoop/hadoop-ozone-common/0.5.0-SNAPSHOT/hadoop-ozone-common-0.5.0-SNAPSHOT.jar:/home/user/.m2/repository/org/apache/commons/commons-compress/1.4.1/commons-compress-1.4.1.jar:/home/user/.m2/repository/org/tukaani/xz/1.0/xz-1.0.jar:/home/user/.m2/repository/org/apache/hadoop/hadoop-common/3.2.0/hadoop-common-3.2.0.jar:/home/user/.m2/repository/org/apache/hadoop/hadoop-hdfs/3.2.0/hadoop-hdfs-3.2.0.jar:/home/user/.m2/repository/org/apache/hadoop/hadoop-hdfs-client/3.2.0/hadoop-hdfs-client-3.2.0.jar:/home/user/.m2/repository/com/fasterxml/jackson/core/jackson-annotations/2.9.5/jackson-annotations-2.9.5.jar:/home/user/.m2/repository/org/apache/hadoop/hadoop-hdds-common/0.5.0-SNAPSHOT/hadoop-hdds-common-0.5.0-SNAPSHOT.jar:/home/user/.m2/repository/javax/annotation/javax.annotation-api/1.2/javax.annotation-api-1.2.jar:/home/user/.m2/repository/org/apache/ratis/ratis-server/0.4.0-2337318-SNAPSHOT/ratis-server-0.4.0-2337318-SNAPSHOT.jar:/home/user/.m2/repository/org/apache/ratis/ratis-thirdparty-misc/0.2.0/ratis-thirdparty-misc-0.2.0.jar:/home/user/.m2/repository/org/apache/ratis/ratis-proto/0.4.0-2337318-SNAPSHOT/ratis-proto-0.4.0-2337318-SNAPSHOT.jar:/home/user/.m2/repository/org/apache/ratis/ratis-common/0.4.0-2337318-SNAPSHOT/ratis-common-0.4.0-2337318-SNAPSHOT.jar:/home/user/.m2/repository/org/apache/ratis/ratis-client/0.4.0-2337318-SNAPSHOT/ratis-client-0.4.0-2337318-SNAPSHOT.jar:/home/user/.m2/repository/org/apache/ratis/ratis-metrics/0.4.0-2337318-SNAPSHOT/ratis-metrics-0.4.0-2337318-SNAPSHOT.jar:/home/user/.m2/repository/org/apache/ratis/ratis-netty/0.4.0-2337318-SNAPSHOT/ratis-netty-0.4.0-2337318-SNAPSHOT.jar:/home/user/.m2/repository/org/apache/ratis/ratis-grpc/0.4.0-2337318-SNAPSHOT/ratis-grpc-0.4.0-2337318-SNAPSHOT.jar:/home/user/.m2/repository/org/rocksdb/rocksdbjni/6.0.1/rocksdbjni-6.0.1.jar:/home/user/.m2/repository/org/apache/logging/log4j/log4j-api/2.11.0/log4j-api-2.11.0.jar:/home/user/.m2/repository/org/apache/logging/log4j/log4j-core/2.11.0/log4j-core-2.11.0.jar:/home/user/.m2/repository/com/lmax/disruptor/3.4.2/disruptor-3.4.2.jar:/home/user/.m2/repository/org/apache/commons/commons-pool2/2.6.0/commons-pool2-2.6.0.jar:/home/user/.m2/repository/org/bouncycastle/bcpkix-jdk15on/1.60/bcpkix-jdk15on-1.60.jar:/home/user/.m2/repository/commons-validator/commons-validator/1.6/commons-validator-1.6.jar:/home/user/.m2/repository/commons-digester/commons-digester/1.8.1/commons-digester-1.8.1.jar:/home/user/.m2/repository/io/jaegertracing/jaeger-client/0.33.1/jaeger-client-0.33.1.jar:/home/user/.m2/repository/io/jaegertracing/jaeger-thrift/0.33.1/jaeger-thrift-0.33.1.jar:/home/user/.m2/repository/org/apache/thrift/libthrift/0.11.0/libthrift-0.11.0.jar:/home/user/.m2/repository/com/squareup/okhttp3/okhttp/3.9.0/okhttp-3.9.0.jar:/home/user/.m2/repository/com/squareup/okio/okio/1.13.0/okio-1.13.0.jar:/home/user/.m2/repository/io/jaegertracing/jaeger-core/0.33.1/jaeger-core-0.33.1.jar:/home/user/.m2/repository/io/jaegertracing/jaeger-tracerresolver/0.33.1/jaeger-tracerresolver-0.33.1.jar:/home/user/.m2/repository/io/opentracing/contrib/opentracing-tracerresolver/0.1.5/opentracing-tracerresolver-0.1.5.jar:/home/user/.m2/repository/io/opentracing/opentracing-util/0.31.0/opentracing-util-0.31.0.jar:/home/user/.m2/repository/io/opentracing/opentracing-api/0.31.0/opentracing-api-0.31.0.jar:/home/user/.m2/repository/io/opentracing/opentracing-noop/0.31.0/opentracing-noop-0.31.0.jar:/home/user/.m2/repository/org/apache/hadoop/hadoop-hdds-server-framework/0.5.0-SNAPSHOT/hadoop-hdds-server-framework-0.5.0-SNAPSHOT.jar:/home/user/.m2/repository/org/apache/hadoop/hadoop-hdds-container-service/0.5.0-SNAPSHOT/hadoop-hdds-container-service-0.5.0-SNAPSHOT.jar:/home/user/.m2/repository/org/apache/hadoop/hadoop-hdds-client/0.5.0-SNAPSHOT/hadoop-hdds-client-0.5.0-SNAPSHOT.jar:/home/user/.m2/repository/org/apache/hadoop/hadoop-hdds-tools/0.5.0-SNAPSHOT/hadoop-hdds-tools-0.5.0-SNAPSHOT.jar:/home/user/.m2/repository/org/apache/hadoop/hadoop-hdds-server-scm/0.5.0-SNAPSHOT/hadoop-hdds-server-scm-0.5.0-SNAPSHOT.jar:/home/user/.m2/repository/org/apache/hadoop/hadoop-hdds-docs/0.5.0-SNAPSHOT/hadoop-hdds-docs-0.5.0-SNAPSHOT.jar:/home/user/.m2/repository/io/dropwizard/metrics/metrics-core/3.2.4/metrics-core-3.2.4.jar:/home/user/.m2/repository/org/hamcrest/hamcrest-all/1.3/hamcrest-all-1.3.jar:/home/user/.m2/repository/org/bouncycastle/bcprov-jdk15on/1.60/bcprov-jdk15on-1.60.jar:/home/user/.m2/repository/info/picocli/picocli/3.9.6/picocli-3.9.6.jar:/home/user/.m2/repository/com/google/protobuf/protobuf-java/2.5.0/protobuf-java-2.5.0.jar:/home/user/.m2/repository/com/google/guava/guava/11.0.2/guava-11.0.2.jar:/home/user/.m2/repository/org/apache/hadoop/hadoop-ozone-ozone-manager/0.5.0-SNAPSHOT/hadoop-ozone-ozone-manager-0.5.0-SNAPSHOT.jar:/home/user/.m2/repository/org/apache/hadoop/hadoop-minikdc/3.2.0/hadoop-minikdc-3.2.0.jar:/home/user/.m2/repository/commons-io/commons-io/2.5/commons-io-2.5.jar:/home/user/.m2/repository/org/apache/kerby/kerb-simplekdc/1.0.1/kerb-simplekdc-1.0.1.jar:/home/user/.m2/repository/org/apache/kerby/kerb-client/1.0.1/kerb-client-1.0.1.jar:/home/user/.m2/repository/org/apache/kerby/kerby-config/1.0.1/kerby-config-1.0.1.jar:/home/user/.m2/repository/org/apache/kerby/kerb-core/1.0.1/kerb-core-1.0.1.jar:/home/user/.m2/repository/org/apache/kerby/kerby-pkix/1.0.1/kerby-pkix-1.0.1.jar:/home/user/.m2/repository/org/apache/kerby/kerby-asn1/1.0.1/kerby-asn1-1.0.1.jar:/home/user/.m2/repository/org/apache/kerby/kerby-util/1.0.1/kerby-util-1.0.1.jar:/home/user/.m2/repository/org/apache/kerby/kerb-common/1.0.1/kerb-common-1.0.1.jar:/home/user/.m2/repository/org/apache/kerby/kerb-crypto/1.0.1/kerb-crypto-1.0.1.jar:/home/user/.m2/repository/org/apache/kerby/kerb-util/1.0.1/kerb-util-1.0.1.jar:/home/user/.m2/repository/org/apache/kerby/token-provider/1.0.1/token-provider-1.0.1.jar:/home/user/.m2/repository/org/apache/kerby/kerb-admin/1.0.1/kerb-admin-1.0.1.jar:/home/user/.m2/repository/org/apache/kerby/kerb-server/1.0.1/kerb-server-1.0.1.jar:/home/user/.m2/repository/org/apache/kerby/kerb-identity/1.0.1/kerb-identity-1.0.1.jar:/home/user/.m2/repository/org/apache/kerby/kerby-xdr/1.0.1/kerby-xdr-1.0.1.jar:/home/user/.m2/repository/org/slf4j/slf4j-log4j12/1.7.25/slf4j-log4j12-1.7.25.jar:/home/user/.m2/repository/org/apache/hadoop/hadoop-ozone-objectstore-service/0.5.0-SNAPSHOT/hadoop-ozone-objectstore-service-0.5.0-SNAPSHOT.jar:/home/user/.m2/repository/org/apache/hadoop/hadoop-ozone-s3gateway/0.5.0-SNAPSHOT/hadoop-ozone-s3gateway-0.5.0-SNAPSHOT.jar:/home/user/.m2/repository/org/jboss/weld/servlet/weld-servlet/2.4.7.Final/weld-servlet-2.4.7.Final.jar:/home/user/.m2/repository/org/glassfish/jersey/containers/jersey-container-servlet-core/2.27/jersey-container-servlet-core-2.27.jar:/home/user/.m2/repository/org/glassfish/hk2/external/javax.inject/2.5.0-b42/javax.inject-2.5.0-b42.jar:/home/user/.m2/repository/org/glassfish/jersey/core/jersey-common/2.27/jersey-common-2.27.jar:/home/user/.m2/repository/org/glassfish/hk2/osgi-resource-locator/1.0.1/osgi-resource-locator-1.0.1.jar:/home/user/.m2/repository/javax/ws/rs/javax.ws.rs-api/2.1/javax.ws.rs-api-2.1.jar:/home/user/.m2/repository/org/glassfish/jersey/ext/cdi/jersey-cdi1x/2.27/jersey-cdi1x-2.27.jar:/home/user/.m2/repository/org/glassfish/jersey/inject/jersey-hk2/2.27/jersey-hk2-2.27.jar:/home/user/.m2/repository/org/glassfish/hk2/hk2-locator/2.5.0-b42/hk2-locator-2.5.0-b42.jar:/home/user/.m2/repository/org/javassist/javassist/3.22.0-CR2/javassist-3.22.0-CR2.jar:/home/user/.m2/repository/org/glassfish/hk2/hk2-api/2.5.0/hk2-api-2.5.0.jar:/home/user/.m2/repository/org/glassfish/hk2/external/jakarta.inject/2.5.0/jakarta.inject-2.5.0.jar:/home/user/.m2/repository/org/glassfish/hk2/hk2-utils/2.5.0/hk2-utils-2.5.0.jar:/home/user/.m2/repository/jakarta/annotation/jakarta.annotation-api/1.3.4/jakarta.annotation-api-1.3.4.jar:/home/user/.m2/repository/org/glassfish/hk2/external/aopalliance-repackaged/2.5.0/aopalliance-repackaged-2.5.0.jar:/home/user/.m2/repository/com/fasterxml/jackson/dataformat/jackson-dataformat-xml/2.9.0/jackson-dataformat-xml-2.9.0.jar:/home/user/.m2/repository/com/fasterxml/jackson/core/jackson-core/2.9.5/jackson-core-2.9.5.jar:/home/user/.m2/repository/com/fasterxml/jackson/module/jackson-module-jaxb-annotations/2.9.5/jackson-module-jaxb-annotations-2.9.5.jar:/home/user/.m2/repository/javax/enterprise/cdi-api/1.2/cdi-api-1.2.jar:/home/user/.m2/repository/javax/el/javax.el-api/3.0.0/javax.el-api-3.0.0.jar:/home/user/.m2/repository/javax/interceptor/javax.interceptor-api/1.2/javax.interceptor-api-1.2.jar:/home/user/.m2/repository/javax/inject/javax.inject/1/javax.inject-1.jar:/home/user/.m2/repository/com/sun/xml/bind/jaxb-impl/2.3.0.1/jaxb-impl-2.3.0.1.jar:/home/user/.m2/repository/com/sun/xml/bind/jaxb-core/2.3.0.1/jaxb-core-2.3.0.1.jar:/home/user/.m2/repository/javax/xml/bind/jaxb-api/2.3.0/jaxb-api-2.3.0.jar:/home/user/.m2/repository/javax/activation/activation/1.1.1/activation-1.1.1.jar:/home/user/.m2/repository/org/apache/hadoop/hadoop-ozone-csi/0.5.0-SNAPSHOT/hadoop-ozone-csi-0.5.0-SNAPSHOT.jar:/home/user/.m2/repository/com/google/protobuf/protobuf-java-util/3.5.1/protobuf-java-util-3.5.1.jar:/home/user/.m2/repository/org/apache/hadoop/hadoop-hdds-config/0.5.0-SNAPSHOT/hadoop-hdds-config-0.5.0-SNAPSHOT.jar:/home/user/.m2/repository/io/grpc/grpc-netty/1.17.1/grpc-netty-1.17.1.jar:/home/user/.m2/repository/io/grpc/grpc-core/1.17.1/grpc-core-1.17.1.jar:/home/user/.m2/repository/io/grpc/grpc-context/1.17.1/grpc-context-1.17.1.jar:/home/user/.m2/repository/com/google/errorprone/error_prone_annotations/2.2.0/error_prone_annotations-2.2.0.jar:/home/user/.m2/repository/org/codehaus/mojo/animal-sniffer-annotations/1.17/animal-sniffer-annotations-1.17.jar:/home/user/.m2/repository/io/opencensus/opencensus-api/0.17.0/opencensus-api-0.17.0.jar:/home/user/.m2/repository/io/opencensus/opencensus-contrib-grpc-metrics/0.17.0/opencensus-contrib-grpc-metrics-0.17.0.jar:/home/user/.m2/repository/io/netty/netty-codec-http2/4.1.30.Final/netty-codec-http2-4.1.30.Final.jar:/home/user/.m2/repository/io/netty/netty-codec-http/4.1.30.Final/netty-codec-http-4.1.30.Final.jar:/home/user/.m2/repository/io/netty/netty-codec/4.1.30.Final/netty-codec-4.1.30.Final.jar:/home/user/.m2/repository/io/netty/netty-handler/4.1.30.Final/netty-handler-4.1.30.Final.jar:/home/user/.m2/repository/io/netty/netty-handler-proxy/4.1.30.Final/netty-handler-proxy-4.1.30.Final.jar:/home/user/.m2/repository/io/netty/netty-codec-socks/4.1.30.Final/netty-codec-socks-4.1.30.Final.jar:/home/user/.m2/repository/io/netty/netty-transport-native-epoll/4.1.30.Final/netty-transport-native-epoll-4.1.30.Final.jar:/home/user/.m2/repository/io/netty/netty-common/4.1.30.Final/netty-common-4.1.30.Final.jar:/home/user/.m2/repository/io/netty/netty-buffer/4.1.30.Final/netty-buffer-4.1.30.Final.jar:/home/user/.m2/repository/io/netty/netty-transport/4.1.30.Final/netty-transport-4.1.30.Final.jar:/home/user/.m2/repository/io/netty/netty-resolver/4.1.30.Final/netty-resolver-4.1.30.Final.jar:/home/user/.m2/repository/io/netty/netty-transport-native-unix-common/4.1.30.Final/netty-transport-native-unix-common-4.1.30.Final.jar:/home/user/.m2/repository/io/grpc/grpc-protobuf/1.17.1/grpc-protobuf-1.17.1.jar:/home/user/.m2/repository/com/google/api/grpc/proto-google-common-protos/1.0.0/proto-google-common-protos-1.0.0.jar:/home/user/.m2/repository/io/grpc/grpc-protobuf-lite/1.17.1/grpc-protobuf-lite-1.17.1.jar:/home/user/.m2/repository/io/grpc/grpc-stub/1.17.1/grpc-stub-1.17.1.jar:/home/user/.m2/repository/org/apache/hadoop/hadoop-ozone-recon/0.5.0-SNAPSHOT/hadoop-ozone-recon-0.5.0-SNAPSHOT.jar:/home/user/.m2/repository/org/apache/hadoop/hadoop-ozone-reconcodegen/0.5.0-SNAPSHOT/hadoop-ozone-reconcodegen-0.5.0-SNAPSHOT.jar:/home/user/.m2/repository/com/google/inject/extensions/guice-multibindings/4.0/guice-multibindings-4.0.jar:/home/user/.m2/repository/com/google/inject/guice/4.0/guice-4.0.jar:/home/user/.m2/repository/aopalliance/aopalliance/1.0/aopalliance-1.0.jar:/home/user/.m2/repository/com/google/inject/extensions/guice-servlet/4.0/guice-servlet-4.0.jar:/home/user/.m2/repository/org/glassfish/jersey/containers/jersey-container-servlet/2.27/jersey-container-servlet-2.27.jar:/home/user/.m2/repository/org/glassfish/hk2/guice-bridge/2.5.0/guice-bridge-2.5.0.jar:/home/user/.m2/repository/org/glassfish/jersey/core/jersey-server/2.27/jersey-server-2.27.jar:/home/user/.m2/repository/org/glassfish/jersey/core/jersey-client/2.27/jersey-client-2.27.jar:/home/user/.m2/repository/org/glassfish/jersey/media/jersey-media-jaxb/2.27/jersey-media-jaxb-2.27.jar:/home/user/.m2/repository/javax/validation/validation-api/1.1.0.Final/validation-api-1.1.0.Final.jar:/home/user/.m2/repository/org/glassfish/jersey/media/jersey-media-json-jackson/2.27/jersey-media-json-jackson-2.27.jar:/home/user/.m2/repository/org/glassfish/jersey/ext/jersey-entity-filtering/2.27/jersey-entity-filtering-2.27.jar:/home/user/.m2/repository/com/google/inject/extensions/guice-assistedinject/4.0/guice-assistedinject-4.0.jar:/home/user/.m2/repository/org/jooq/jooq/3.11.10/jooq-3.11.10.jar:/home/user/.m2/repository/org/jooq/jooq-meta/3.11.10/jooq-meta-3.11.10.jar:/home/user/.m2/repository/org/jooq/jooq-codegen/3.11.10/jooq-codegen-3.11.10.jar:/home/user/.m2/repository/com/jolbox/bonecp/0.8.0.RELEASE/bonecp-0.8.0.RELEASE.jar:/home/user/.m2/repository/org/xerial/sqlite-jdbc/3.25.2/sqlite-jdbc-3.25.2.jar:/home/user/.m2/repository/org/springframework/spring-jdbc/5.1.3.RELEASE/spring-jdbc-5.1.3.RELEASE.jar:/home/user/.m2/repository/org/springframework/spring-beans/5.1.3.RELEASE/spring-beans-5.1.3.RELEASE.jar:/home/user/.m2/repository/org/springframework/spring-core/5.1.3.RELEASE/spring-core-5.1.3.RELEASE.jar:/home/user/.m2/repository/org/springframework/spring-jcl/5.1.3.RELEASE/spring-jcl-5.1.3.RELEASE.jar:/home/user/.m2/repository/org/springframework/spring-tx/5.1.3.RELEASE/spring-tx-5.1.3.RELEASE.jar:/home/user/.m2/repository/org/apache/hadoop/hadoop-ozone-client/0.5.0-SNAPSHOT/hadoop-ozone-client-0.5.0-SNAPSHOT.jar:/home/user/.m2/repository/commons-lang/commons-lang/2.6/commons-lang-2.6.jar:/home/user/.m2/repository/org/apache/hadoop/hadoop-ozone-ozone-manager/0.5.0-SNAPSHOT/hadoop-ozone-ozone-manager-0.5.0-SNAPSHOT-tests.jar:/home/user/.m2/repository/junit/junit/4.11/junit-4.11.jar:/home/user/.m2/repository/org/hamcrest/hamcrest-core/1.3/hamcrest-core-1.3.jar:/home/user/.m2/repository/org/openjdk/jmh/jmh-core/1.19/jmh-core-1.19.jar:/home/user/.m2/repository/net/sf/jopt-simple/jopt-simple/4.6/jopt-simple-4.6.jar:/home/user/.m2/repository/org/apache/commons/commons-math3/3.1.1/commons-math3-3.1.1.jar:/home/user/.m2/repository/org/openjdk/jmh/jmh-generator-annprocess/1.19/jmh-generator-annprocess-1.19.jar:/home/user/.m2/repository/org/mockito/mockito-all/1.8.5/mockito-all-1.8.5.jar:/home/user/.m2/repository/org/apache/hadoop/hadoop-kms/3.2.0/hadoop-kms-3.2.0.jar:/home/user/.m2/repository/org/apache/hadoop/hadoop-auth/3.2.0/hadoop-auth-3.2.0.jar:/home/user/.m2/repository/com/nimbusds/nimbus-jose-jwt/4.41.1/nimbus-jose-jwt-4.41.1.jar:/home/user/.m2/repository/com/github/stephenc/jcip/jcip-annotations/1.0-1/jcip-annotations-1.0-1.jar:/home/user/.m2/repository/net/minidev/json-smart/2.3/json-smart-2.3.jar:/home/user/.m2/repository/net/minidev/accessors-smart/1.2/accessors-smart-1.2.jar:/home/user/.m2/repository/org/ow2/asm/asm/5.0.4/asm-5.0.4.jar:/home/user/.m2/repository/org/apache/curator/curator-framework/2.12.0/curator-framework-2.12.0.jar:/home/user/.m2/repository/com/sun/jersey/jersey-core/1.19/jersey-core-1.19.jar:/home/user/.m2/repository/javax/ws/rs/jsr311-api/1.1.1/jsr311-api-1.1.1.jar:/home/user/.m2/repository/com/sun/jersey/jersey-server/1.19/jersey-server-1.19.jar:/home/user/.m2/repository/javax/servlet/javax.servlet-api/3.1.0/javax.servlet-api-3.1.0.jar:/home/user/.m2/repository/org/eclipse/jetty/jetty-server/9.3.24.v20180605/jetty-server-9.3.24.v20180605.jar:/home/user/.m2/repository/org/eclipse/jetty/jetty-http/9.3.24.v20180605/jetty-http-9.3.24.v20180605.jar:/home/user/.m2/repository/org/eclipse/jetty/jetty-io/9.3.24.v20180605/jetty-io-9.3.24.v20180605.jar:/home/user/.m2/repository/org/eclipse/jetty/jetty-webapp/9.3.24.v20180605/jetty-webapp-9.3.24.v20180605.jar:/home/user/.m2/repository/org/eclipse/jetty/jetty-xml/9.3.24.v20180605/jetty-xml-9.3.24.v20180605.jar:/home/user/.m2/repository/log4j/log4j/1.2.17/log4j-1.2.17.jar:/home/user/.m2/repository/org/slf4j/slf4j-api/1.7.25/slf4j-api-1.7.25.jar:/home/user/.m2/repository/org/slf4j/jul-to-slf4j/1.7.25/jul-to-slf4j-1.7.25.jar:/home/user/.m2/repository/org/eclipse/jetty/jetty-util/9.3.24.v20180605/jetty-util-9.3.24.v20180605.jar:/home/user/.m2/repository/com/fasterxml/jackson/core/jackson-databind/2.9.5/jackson-databind-2.9.5.jar:/home/user/.m2/repository/org/apache/hadoop/hadoop-kms/3.2.0/hadoop-kms-3.2.0-tests.jar:/home/user/.m2/repository/org/apache/hadoop/hadoop-hdds-server-scm/0.5.0-SNAPSHOT/hadoop-hdds-server-scm-0.5.0-SNAPSHOT-tests.jar:/home/user/.m2/repository/org/apache/hadoop/hadoop-hdds-container-service/0.5.0-SNAPSHOT/hadoop-hdds-container-service-0.5.0-SNAPSHOT-tests.jar:/home/user/.m2/repository/org/yaml/snakeyaml/1.16/snakeyaml-1.16.jar:/home/user/.m2/repository/org/apache/hadoop/hadoop-common/3.2.0/hadoop-common-3.2.0-tests.jar:/home/user/.m2/repository/org/apache/hadoop/hadoop-annotations/3.2.0/hadoop-annotations-3.2.0.jar:/usr/lib/jvm/java-1.8-openjdk/jre/../lib/tools.jar:/home/user/.m2/repository/commons-cli/commons-cli/1.2/commons-cli-1.2.jar:/home/user/.m2/repository/org/apache/httpcomponents/httpclient/4.5.2/httpclient-4.5.2.jar:/home/user/.m2/repository/org/apache/httpcomponents/httpcore/4.4.4/httpcore-4.4.4.jar:/home/user/.m2/repository/commons-codec/commons-codec/1.11/commons-codec-1.11.jar:/home/user/.m2/repository/commons-net/commons-net/3.6/commons-net-3.6.jar:/home/user/.m2/repository/commons-collections/commons-collections/3.2.2/commons-collections-3.2.2.jar:/home/user/.m2/repository/org/eclipse/jetty/jetty-servlet/9.3.24.v20180605/jetty-servlet-9.3.24.v20180605.jar:/home/user/.m2/repository/org/eclipse/jetty/jetty-security/9.3.24.v20180605/jetty-security-9.3.24.v20180605.jar:/home/user/.m2/repository/javax/servlet/jsp/jsp-api/2.1/jsp-api-2.1.jar:/home/user/.m2/repository/com/sun/jersey/jersey-servlet/1.19/jersey-servlet-1.19.jar:/home/user/.m2/repository/com/sun/jersey/jersey-json/1.19/jersey-json-1.19.jar:/home/user/.m2/repository/org/codehaus/jettison/jettison/1.1/jettison-1.1.jar:/home/user/.m2/repository/org/codehaus/jackson/jackson-core-asl/1.9.13/jackson-core-asl-1.9.13.jar:/home/user/.m2/repository/org/codehaus/jackson/jackson-mapper-asl/1.9.13/jackson-mapper-asl-1.9.13.jar:/home/user/.m2/repository/org/codehaus/jackson/jackson-jaxrs/1.9.13/jackson-jaxrs-1.9.13.jar:/home/user/.m2/repository/org/codehaus/jackson/jackson-xc/1.9.13/jackson-xc-1.9.13.jar:/home/user/.m2/repository/commons-logging/commons-logging/1.1.3/commons-logging-1.1.3.jar:/home/user/.m2/repository/commons-beanutils/commons-beanutils/1.9.3/commons-beanutils-1.9.3.jar:/home/user/.m2/repository/org/apache/commons/commons-configuration2/2.1.1/commons-configuration2-2.1.1.jar:/home/user/.m2/repository/org/apache/commons/commons-lang3/3.7/commons-lang3-3.7.jar:/home/user/.m2/repository/org/apache/commons/commons-text/1.4/commons-text-1.4.jar:/home/user/.m2/repository/org/apache/avro/avro/1.7.7/avro-1.7.7.jar:/home/user/.m2/repository/com/thoughtworks/paranamer/paranamer/2.3/paranamer-2.3.jar:/home/user/.m2/repository/org/xerial/snappy/snappy-java/1.0.5/snappy-java-1.0.5.jar:/home/user/.m2/repository/com/google/re2j/re2j/1.1/re2j-1.1.jar:/home/user/.m2/repository/com/google/code/gson/gson/2.2.4/gson-2.2.4.jar:/home/user/.m2/repository/com/jcraft/jsch/0.1.54/jsch-0.1.54.jar:/home/user/.m2/repository/org/apache/curator/curator-client/2.12.0/curator-client-2.12.0.jar:/home/user/.m2/repository/org/apache/curator/curator-recipes/2.12.0/curator-recipes-2.12.0.jar:/home/user/.m2/repository/com/google/code/findbugs/jsr305/3.0.0/jsr305-3.0.0.jar:/home/user/.m2/repository/org/apache/htrace/htrace-core4/4.1.0-incubating/htrace-core4-4.1.0-incubating.jar:/home/user/.m2/repository/org/apache/zookeeper/zookeeper/3.4.13/zookeeper-3.4.13.jar:/home/user/.m2/repository/org/apache/yetus/audience-annotations/0.5.0/audience-annotations-0.5.0.jar:/home/user/.m2/repository/org/codehaus/woodstox/stax2-api/3.1.4/stax2-api-3.1.4.jar:/home/user/.m2/repository/com/fasterxml/woodstox/woodstox-core/5.0.3/woodstox-core-5.0.3.jar:/home/user/.m2/repository/dnsjava/dnsjava/2.1.7/dnsjava-2.1.7.jar:/home/user/.m2/repository/org/apache/hadoop/hadoop-hdfs/3.2.0/hadoop-hdfs-3.2.0-tests.jar:/home/user/.m2/repository/org/eclipse/jetty/jetty-util-ajax/9.3.24.v20180605/jetty-util-ajax-9.3.24.v20180605.jar:/home/user/.m2/repository/commons-daemon/commons-daemon/1.0.13/commons-daemon-1.0.13.jar:/home/user/.m2/repository/io/netty/netty/3.10.5.Final/netty-3.10.5.Final.jar:/home/user/.m2/repository/io/netty/netty-all/4.0.52.Final/netty-all-4.0.52.Final.jar:/home/user/.m2/repository/org/fusesource/leveldbjni/leveldbjni-all/1.8/leveldbjni-all-1.8.jar:"/>
    <property name="sun.cpu.endian" value="little"/>
    <property name="user.home" value="/home/user"/>
    <property name="user.language" value="en"/>
    <property name="java.specification.vendor" value="Oracle Corporation"/>
    <property name="java.home" value="/usr/lib/jvm/java-1.8-openjdk/jre"/>
    <property name="java.security.krb5.conf" value="/workdir/hadoop-ozone/integration-test/target/test-classes/krb5.conf"/>
    <property name="basedir" value="/workdir/hadoop-ozone/integration-test"/>
    <property name="file.separator" value="/"/>
    <property name="line.separator" value="&#10;"/>
    <property name="java.vm.specification.vendor" value="Oracle Corporation"/>
    <property name="java.specification.name" value="Java Platform API Specification"/>
    <property name="java.awt.graphicsenv" value="sun.awt.X11GraphicsEnvironment"/>
    <property name="surefire.real.class.path" value="/workdir/hadoop-ozone/integration-test/target/surefire/surefirebooter6950851962889626836.jar"/>
    <property name="hadoop.log.dir" value="/workdir/hadoop-ozone/integration-test/target/log"/>
    <property name="sun.boot.class.path" value="/usr/lib/jvm/java-1.8-openjdk/jre/lib/resources.jar:/usr/lib/jvm/java-1.8-openjdk/jre/lib/rt.jar:/usr/lib/jvm/java-1.8-openjdk/jre/lib/sunrsasign.jar:/usr/lib/jvm/java-1.8-openjdk/jre/lib/jsse.jar:/usr/lib/jvm/java-1.8-openjdk/jre/lib/jce.jar:/usr/lib/jvm/java-1.8-openjdk/jre/lib/charsets.jar:/usr/lib/jvm/java-1.8-openjdk/jre/lib/jfr.jar:/usr/lib/jvm/java-1.8-openjdk/jre/classes"/>
    <property name="sun.management.compiler" value="HotSpot 64-Bit Tiered Compilers"/>
    <property name="java.runtime.version" value="1.8.0_212-b04"/>
    <property name="java.net.preferIPv4Stack" value="true"/>
    <property name="user.name" value="jenkins1000"/>
    <property name="path.separator" value=":"/>
    <property name="java.security.egd" value="file:///dev/urandom"/>
    <property name="os.version" value="3.10.0-957.12.2.el7.x86_64"/>
    <property name="java.endorsed.dirs" value="/usr/lib/jvm/java-1.8-openjdk/jre/lib/endorsed"/>
    <property name="java.runtime.name" value="OpenJDK Runtime Environment"/>
    <property name="file.encoding" value="UTF-8"/>
    <property name="java.vm.name" value="OpenJDK 64-Bit Server VM"/>
    <property name="test.build.webapps" value=""/>
    <property name="localRepository" value="/home/user/.m2/repository"/>
    <property name="java.vendor.url.bug" value="https://icedtea.classpath.org/bugzilla"/>
    <property name="java.io.tmpdir" value="/tmp"/>
    <property name="require.test.libhadoop" value=""/>
    <property name="java.version" value="1.8.0_212"/>
    <property name="user.dir" value="/workdir/hadoop-ozone/integration-test"/>
    <property name="os.arch" value="amd64"/>
    <property name="java.vm.specification.name" value="Java Virtual Machine Specification"/>
    <property name="test.build.classes" value="/workdir/hadoop-ozone/integration-test/target/test-classes"/>
    <property name="java.awt.printerjob" value="sun.print.PSPrinterJob"/>
    <property name="sun.os.patch.level" value="unknown"/>
    <property name="hadoop.tmp.dir" value="/workdir/hadoop-ozone/integration-test/target/tmp"/>
    <property name="java.library.path" value="/usr/lib/jvm/java-1.8-openjdk/jre/lib/amd64/server:/usr/lib/jvm/java-1.8-openjdk/jre/lib/amd64:/usr/lib/jvm/java-1.8-openjdk/jre/../lib/amd64:/workdir/hadoop-ozone/integration-test/target/native/target/usr/local/lib:/workdir/hadoop-ozone/integration-test/../../hadoop-common-project/hadoop-common/target/native/target/usr/local/lib:/usr/java/packages/lib/amd64:/usr/lib64:/lib64:/lib:/usr/lib"/>
    <property name="java.vm.info" value="mixed mode"/>
    <property name="java.vendor" value="IcedTea"/>
    <property name="java.vm.version" value="25.212-b04"/>
    <property name="java.ext.dirs" value="/usr/lib/jvm/java-1.8-openjdk/jre/lib/ext:/usr/java/packages/lib/ext"/>
    <property name="sun.io.unicode.encoding" value="UnicodeLittle"/>
    <property name="java.class.version" value="52.0"/>
  </properties>
  <testcase name="testWatchForCommitWithKeyWrite" classname="org.apache.hadoop.ozone.client.rpc.TestWatchForCommit" time="68.699"/>
  <testcase name="testWatchForCommitWithSmallerTimeoutValue" classname="org.apache.hadoop.ozone.client.rpc.TestWatchForCommit" time="55.344"/>
  <testcase name="testWatchForCommitForRetryfailure" classname="org.apache.hadoop.ozone.client.rpc.TestWatchForCommit" time="60.744"/>
  <testcase name="testWatchForCommitForGroupMismatchException" classname="org.apache.hadoop.ozone.client.rpc.TestWatchForCommit" time="31.67">
    <error message="org.apache.ratis.protocol.RaftRetryFailureException: Failed RaftClientRequest:client-07B3B85E2BBE-&gt;50e43da2-e7e0-478c-b7e8-9638b0c061cc@group-F61A263991FE, cid=80, seq=1*, RW, org.apache.hadoop.hdds.scm.XceiverClientRatis$$Lambda$350/922145372@1aacb6c4 for 20 attempts with RetryLimited(maxAttempts=20, sleepTime=1000ms)" type="java.util.concurrent.ExecutionException">java.util.concurrent.ExecutionException: org.apache.ratis.protocol.RaftRetryFailureException: Failed RaftClientRequest:client-07B3B85E2BBE->50e43da2-e7e0-478c-b7e8-9638b0c061cc@group-F61A263991FE, cid=80, seq=1*, RW, org.apache.hadoop.hdds.scm.XceiverClientRatis$$Lambda$350/922145372@1aacb6c4 for 20 attempts with RetryLimited(maxAttempts=20, sleepTime=1000ms)
	at java.util.concurrent.CompletableFuture.reportGet(CompletableFuture.java:357)
	at java.util.concurrent.CompletableFuture.get(CompletableFuture.java:1895)
	at org.apache.hadoop.ozone.client.rpc.TestWatchForCommit.testWatchForCommitForGroupMismatchException(TestWatchForCommit.java:432)
	at sun.reflect.NativeMethodAccessorImpl.invoke0(Native Method)
	at sun.reflect.NativeMethodAccessorImpl.invoke(NativeMethodAccessorImpl.java:62)
	at sun.reflect.DelegatingMethodAccessorImpl.invoke(DelegatingMethodAccessorImpl.java:43)
	at java.lang.reflect.Method.invoke(Method.java:498)
	at org.junit.runners.model.FrameworkMethod$1.runReflectiveCall(FrameworkMethod.java:47)
	at org.junit.internal.runners.model.ReflectiveCallable.run(ReflectiveCallable.java:12)
	at org.junit.runners.model.FrameworkMethod.invokeExplosively(FrameworkMethod.java:44)
	at org.junit.internal.runners.statements.InvokeMethod.evaluate(InvokeMethod.java:17)
	at org.junit.runners.ParentRunner.runLeaf(ParentRunner.java:271)
	at org.junit.runners.BlockJUnit4ClassRunner.runChild(BlockJUnit4ClassRunner.java:70)
	at org.junit.runners.BlockJUnit4ClassRunner.runChild(BlockJUnit4ClassRunner.java:50)
	at org.junit.runners.ParentRunner$3.run(ParentRunner.java:238)
	at org.junit.runners.ParentRunner$1.schedule(ParentRunner.java:63)
	at org.junit.runners.ParentRunner.runChildren(ParentRunner.java:236)
	at org.junit.runners.ParentRunner.access$000(ParentRunner.java:53)
	at org.junit.runners.ParentRunner$2.evaluate(ParentRunner.java:229)
	at org.junit.runners.ParentRunner.run(ParentRunner.java:309)
	at org.apache.maven.surefire.junit4.JUnit4Provider.execute(JUnit4Provider.java:365)
	at org.apache.maven.surefire.junit4.JUnit4Provider.executeWithRerun(JUnit4Provider.java:273)
	at org.apache.maven.surefire.junit4.JUnit4Provider.executeTestSet(JUnit4Provider.java:238)
	at org.apache.maven.surefire.junit4.JUnit4Provider.invoke(JUnit4Provider.java:159)
	at org.apache.maven.surefire.booter.ForkedBooter.invokeProviderInSameClassLoader(ForkedBooter.java:384)
	at org.apache.maven.surefire.booter.ForkedBooter.runSuitesInProcess(ForkedBooter.java:345)
	at org.apache.maven.surefire.booter.ForkedBooter.execute(ForkedBooter.java:126)
	at org.apache.maven.surefire.booter.ForkedBooter.main(ForkedBooter.java:418)
Caused by: org.apache.ratis.protocol.RaftRetryFailureException: Failed RaftClientRequest:client-07B3B85E2BBE->50e43da2-e7e0-478c-b7e8-9638b0c061cc@group-F61A263991FE, cid=80, seq=1*, RW, org.apache.hadoop.hdds.scm.XceiverClientRatis$$Lambda$350/922145372@1aacb6c4 for 20 attempts with RetryLimited(maxAttempts=20, sleepTime=1000ms)
	at org.apache.ratis.client.impl.RaftClientImpl.noMoreRetries(RaftClientImpl.java:272)
	at org.apache.ratis.client.impl.OrderedAsync.handleAsyncRetryFailure(OrderedAsync.java:138)
	at org.apache.ratis.client.impl.OrderedAsync.lambda$sendRequest$10(OrderedAsync.java:230)
	at java.util.concurrent.CompletableFuture.uniExceptionally(CompletableFuture.java:870)
	at java.util.concurrent.CompletableFuture$UniExceptionally.tryFire(CompletableFuture.java:852)
	at java.util.concurrent.CompletableFuture.postComplete(CompletableFuture.java:474)
	at java.util.concurrent.CompletableFuture.completeExceptionally(CompletableFuture.java:1977)
	at org.apache.ratis.grpc.client.GrpcClientProtocolClient$AsyncStreamObservers.completeReplyExceptionally(GrpcClientProtocolClient.java:330)
	at org.apache.ratis.grpc.client.GrpcClientProtocolClient$AsyncStreamObservers.access$000(GrpcClientProtocolClient.java:246)
	at org.apache.ratis.grpc.client.GrpcClientProtocolClient$AsyncStreamObservers$1.onNext(GrpcClientProtocolClient.java:258)
	at org.apache.ratis.grpc.client.GrpcClientProtocolClient$AsyncStreamObservers$1.onNext(GrpcClientProtocolClient.java:249)
	at org.apache.ratis.thirdparty.io.grpc.stub.ClientCalls$StreamObserverToCallListenerAdapter.onMessage(ClientCalls.java:421)
	at org.apache.ratis.thirdparty.io.grpc.ForwardingClientCallListener.onMessage(ForwardingClientCallListener.java:33)
	at org.apache.ratis.thirdparty.io.grpc.ForwardingClientCallListener.onMessage(ForwardingClientCallListener.java:33)
	at org.apache.ratis.thirdparty.io.grpc.internal.ClientCallImpl$ClientStreamListenerImpl$1MessagesAvailable.runInContext(ClientCallImpl.java:519)
	at org.apache.ratis.thirdparty.io.grpc.internal.ContextRunnable.run(ContextRunnable.java:37)
	at org.apache.ratis.thirdparty.io.grpc.internal.SerializingExecutor.run(SerializingExecutor.java:123)
	at java.util.concurrent.ThreadPoolExecutor.runWorker(ThreadPoolExecutor.java:1149)
	at java.util.concurrent.ThreadPoolExecutor$Worker.run(ThreadPoolExecutor.java:624)
	at java.lang.Thread.run(Thread.java:748)
Caused by: org.apache.ratis.protocol.NotLeaderException: Server 50e43da2-e7e0-478c-b7e8-9638b0c061cc is not the leader (null). Request must be sent to leader.
	at org.apache.ratis.client.impl.ClientProtoUtils.toRaftClientReply(ClientProtoUtils.java:242)
	at org.apache.ratis.grpc.client.GrpcClientProtocolClient$AsyncStreamObservers$1.onNext(GrpcClientProtocolClient.java:254)
	... 10 more
</error>
    <system-out><![CDATA[2019-08-23 02:49:34,967 [main] WARN  server.ServerUtils (ServerUtils.java:getScmDbDir(145)) - ozone.scm.db.dirs is not configured. We recommend adding this setting. Falling back to ozone.metadata.dirs instead.
2019-08-23 02:49:35,027 [main] WARN  server.ServerUtils (ServerUtils.java:getScmDbDir(145)) - ozone.scm.db.dirs is not configured. We recommend adding this setting. Falling back to ozone.metadata.dirs instead.
2019-08-23 02:49:35,028 [main] WARN  server.ServerUtils (ServerUtils.java:getScmDbDir(145)) - ozone.scm.db.dirs is not configured. We recommend adding this setting. Falling back to ozone.metadata.dirs instead.
2019-08-23 02:49:35,029 [main] INFO  db.DBStoreBuilder (DBStoreBuilder.java:addTable(110)) - using custom profile for table: deletedBlocks
2019-08-23 02:49:35,030 [main] INFO  db.DBStoreBuilder (DBStoreBuilder.java:processTables(161)) - Using default column profile:DBProfile.DISK for Table:deletedBlocks
2019-08-23 02:49:35,030 [main] INFO  db.DBStoreBuilder (DBStoreBuilder.java:addTable(110)) - using custom profile for table: validCerts
2019-08-23 02:49:35,030 [main] INFO  db.DBStoreBuilder (DBStoreBuilder.java:processTables(161)) - Using default column profile:DBProfile.DISK for Table:validCerts
2019-08-23 02:49:35,031 [main] INFO  db.DBStoreBuilder (DBStoreBuilder.java:addTable(110)) - using custom profile for table: revokedCerts
2019-08-23 02:49:35,031 [main] INFO  db.DBStoreBuilder (DBStoreBuilder.java:processTables(161)) - Using default column profile:DBProfile.DISK for Table:revokedCerts
2019-08-23 02:49:35,032 [main] INFO  db.DBStoreBuilder (DBStoreBuilder.java:addTable(110)) - using custom profile for table: default
2019-08-23 02:49:35,032 [main] INFO  db.DBStoreBuilder (DBStoreBuilder.java:processTables(167)) - Using default column profile:DBProfile.DISK for Table:default
2019-08-23 02:49:35,033 [main] INFO  db.DBStoreBuilder (DBStoreBuilder.java:getDbProfile(198)) - Using default options. DBProfile.DISK
2019-08-23 02:49:35,897 [main] INFO  net.NodeSchemaLoader (NodeSchemaLoader.java:loadSchemaFromFile(125)) - Loading file from sun.misc.CompoundEnumeration@2643ed03
2019-08-23 02:49:35,897 [main] INFO  net.NodeSchemaLoader (NodeSchemaLoader.java:loadSchema(171)) - Loading network topology layer schema file
2019-08-23 02:49:35,904 [main] INFO  node.SCMNodeManager (SCMNodeManager.java:<init>(121)) - Entering startup safe mode.
2019-08-23 02:49:35,904 [main] INFO  algorithms.ContainerPlacementPolicyFactory (ContainerPlacementPolicyFactory.java:getPolicy(55)) - Create container placement policy of type org.apache.hadoop.hdds.scm.container.placement.algorithms.SCMContainerPlacementRandom
2019-08-23 02:49:35,905 [main] WARN  server.ServerUtils (ServerUtils.java:getScmDbDir(145)) - ozone.scm.db.dirs is not configured. We recommend adding this setting. Falling back to ozone.metadata.dirs instead.
2019-08-23 02:49:36,123 [main] INFO  pipeline.SCMPipelineManager (SCMPipelineManager.java:initializePipelineState(126)) - No pipeline exists in current db
2019-08-23 02:49:36,124 [main] WARN  server.ServerUtils (ServerUtils.java:getScmDbDir(145)) - ozone.scm.db.dirs is not configured. We recommend adding this setting. Falling back to ozone.metadata.dirs instead.
2019-08-23 02:49:36,248 [main] WARN  events.EventQueue (EventQueue.java:fireEvent(175)) - No event handler registered for event TypedEvent{payloadType=SafeModeStatus, name='SafeModeStatus'}
2019-08-23 02:49:36,250 [main] INFO  ipc.CallQueueManager (CallQueueManager.java:<init>(84)) - Using callQueue: class java.util.concurrent.LinkedBlockingQueue, queueCapacity: 2000, scheduler: class org.apache.hadoop.ipc.DefaultRpcScheduler, ipcBackoff: false.
2019-08-23 02:49:36,251 [Socket Reader #1 for port 33687] INFO  ipc.Server (Server.java:run(1074)) - Starting Socket Reader #1 for port 33687
2019-08-23 02:49:36,253 [main] INFO  ipc.CallQueueManager (CallQueueManager.java:<init>(84)) - Using callQueue: class java.util.concurrent.LinkedBlockingQueue, queueCapacity: 2000, scheduler: class org.apache.hadoop.ipc.DefaultRpcScheduler, ipcBackoff: false.
2019-08-23 02:49:36,254 [Socket Reader #1 for port 44350] INFO  ipc.Server (Server.java:run(1074)) - Starting Socket Reader #1 for port 44350
2019-08-23 02:49:36,255 [main] INFO  ipc.CallQueueManager (CallQueueManager.java:<init>(84)) - Using callQueue: class java.util.concurrent.LinkedBlockingQueue, queueCapacity: 2000, scheduler: class org.apache.hadoop.ipc.DefaultRpcScheduler, ipcBackoff: false.
2019-08-23 02:49:36,256 [Socket Reader #1 for port 35460] INFO  ipc.Server (Server.java:run(1074)) - Starting Socket Reader #1 for port 35460
2019-08-23 02:49:36,259 [main] INFO  hdfs.DFSUtil (DFSUtil.java:httpServerTemplateForNNAndJN(1641)) - Starting Web-server for scm at: http://0.0.0.0:0
2019-08-23 02:49:36,262 [main] INFO  server.AuthenticationFilter (AuthenticationFilter.java:constructSecretProvider(240)) - Unable to initialize FileSignerSecretProvider, falling back to use random secrets.
2019-08-23 02:49:36,263 [main] WARN  http.HttpRequestLog (HttpRequestLog.java:getRequestLog(97)) - Jetty request log can only be enabled using Log4j
2019-08-23 02:49:36,266 [main] INFO  http.HttpServer2 (HttpServer2.java:addGlobalFilter(975)) - Added global filter 'safety' (class=org.apache.hadoop.http.HttpServer2$QuotingInputFilter)
2019-08-23 02:49:36,267 [main] INFO  http.HttpServer2 (HttpServer2.java:addFilter(948)) - Added filter static_user_filter (class=org.apache.hadoop.http.lib.StaticUserWebFilter$StaticUserFilter) to context scm
2019-08-23 02:49:36,267 [main] INFO  http.HttpServer2 (HttpServer2.java:addFilter(958)) - Added filter static_user_filter (class=org.apache.hadoop.http.lib.StaticUserWebFilter$StaticUserFilter) to context logs
2019-08-23 02:49:36,267 [main] INFO  http.HttpServer2 (HttpServer2.java:addFilter(958)) - Added filter static_user_filter (class=org.apache.hadoop.http.lib.StaticUserWebFilter$StaticUserFilter) to context static
2019-08-23 02:49:36,270 [main] INFO  server.StorageContainerManager (StorageContainerManager.java:start(759)) - StorageContainerLocationProtocol RPC server is listening at /0.0.0.0:35460
2019-08-23 02:49:36,272 [main] WARN  impl.MetricsConfig (MetricsConfig.java:loadFirst(134)) - Cannot locate configuration: tried hadoop-metrics2-storagecontainermanager.properties,hadoop-metrics2.properties
2019-08-23 02:49:36,276 [main] INFO  impl.MetricsSystemImpl (MetricsSystemImpl.java:startTimer(374)) - Scheduled Metric snapshot period at 10 second(s).
2019-08-23 02:49:36,276 [main] INFO  impl.MetricsSystemImpl (MetricsSystemImpl.java:start(191)) - StorageContainerManager metrics system started
2019-08-23 02:49:36,352 [main] INFO  server.SCMClientProtocolServer (SCMClientProtocolServer.java:start(151)) - RPC server for Client  is listening at /0.0.0.0:35460
2019-08-23 02:49:36,352 [IPC Server Responder] INFO  ipc.Server (Server.java:run(1314)) - IPC Server Responder: starting
2019-08-23 02:49:36,352 [IPC Server listener on 35460] INFO  ipc.Server (Server.java:run(1153)) - IPC Server listener on 35460: starting
2019-08-23 02:49:36,355 [main] INFO  server.StorageContainerManager (StorageContainerManager.java:start(769)) - ScmBlockLocationProtocol RPC server is listening at /0.0.0.0:44350
2019-08-23 02:49:36,356 [main] INFO  server.SCMBlockProtocolServer (SCMBlockProtocolServer.java:start(140)) - RPC server for Block Protocol is listening at /0.0.0.0:44350
2019-08-23 02:49:36,356 [IPC Server Responder] INFO  ipc.Server (Server.java:run(1314)) - IPC Server Responder: starting
2019-08-23 02:49:36,356 [IPC Server listener on 44350] INFO  ipc.Server (Server.java:run(1153)) - IPC Server listener on 44350: starting
2019-08-23 02:49:36,360 [main] INFO  server.StorageContainerManager (StorageContainerManager.java:start(773)) - ScmDatanodeProtocl RPC server is listening at /0.0.0.0:33687
2019-08-23 02:49:36,360 [main] INFO  server.SCMDatanodeProtocolServer (SCMDatanodeProtocolServer.java:start(191)) - RPC server for DataNodes is listening at /0.0.0.0:33687
2019-08-23 02:49:36,361 [IPC Server Responder] INFO  ipc.Server (Server.java:run(1314)) - IPC Server Responder: starting
2019-08-23 02:49:36,361 [IPC Server listener on 33687] INFO  ipc.Server (Server.java:run(1153)) - IPC Server listener on 33687: starting
2019-08-23 02:49:36,364 [main] INFO  http.HttpServer2 (HttpServer2.java:bindListener(1191)) - Jetty bound to port 44251
2019-08-23 02:49:36,364 [main] INFO  server.Server (Server.java:doStart(351)) - jetty-9.3.24.v20180605, build timestamp: 2018-06-05T17:11:56Z, git hash: 84205aa28f11a4f31f2a3b86d1bba2cc8ab69827
2019-08-23 02:49:36,365 [main] INFO  handler.ContextHandler (ContextHandler.java:doStart(781)) - Started o.e.j.s.ServletContextHandler@2b76ecd5{/logs,file:///workdir/hadoop-ozone/integration-test/target/log,AVAILABLE}
2019-08-23 02:49:36,366 [main] INFO  handler.ContextHandler (ContextHandler.java:doStart(781)) - Started o.e.j.s.ServletContextHandler@5b9df3b3{/static,file:///workdir/hadoop-ozone/integration-test/target/test-classes/webapps/static,AVAILABLE}
2019-08-23 02:49:36,369 [main] INFO  handler.ContextHandler (ContextHandler.java:doStart(781)) - Started o.e.j.w.WebAppContext@380e3122{/,file:///workdir/hadoop-ozone/integration-test/target/test-classes/webapps/scm/,AVAILABLE}{/scm}
2019-08-23 02:49:36,370 [main] INFO  server.AbstractConnector (AbstractConnector.java:doStart(278)) - Started ServerConnector@576323ff{HTTP/1.1,[http/1.1]}{0.0.0.0:44251}
2019-08-23 02:49:36,371 [main] INFO  server.Server (Server.java:doStart(419)) - Started @186632ms
2019-08-23 02:49:36,371 [main] INFO  server.BaseHttpServer (BaseHttpServer.java:updateConnectorAddress(213)) - HTTP server of SCM is listening at http://0.0.0.0:44251
2019-08-23 02:49:36,373 [main] WARN  server.ServerUtils (ServerUtils.java:getDBPath(222)) - ozone.om.db.dirs is not configured. We recommend adding this setting. Falling back to ozone.metadata.dirs instead.
2019-08-23 02:49:36,373 [org.apache.hadoop.util.JvmPauseMonitor$Monitor@7eb94590] INFO  util.JvmPauseMonitor (JvmPauseMonitor.java:run(188)) - Starting JVM pause monitor
2019-08-23 02:49:36,407 [main] WARN  server.ServerUtils (ServerUtils.java:getDBPath(222)) - ozone.om.db.dirs is not configured. We recommend adding this setting. Falling back to ozone.metadata.dirs instead.
2019-08-23 02:49:36,408 [main] WARN  server.ServerUtils (ServerUtils.java:getDBPath(222)) - ozone.om.db.dirs is not configured. We recommend adding this setting. Falling back to ozone.metadata.dirs instead.
2019-08-23 02:49:36,408 [main] INFO  om.OzoneManager (OzoneManager.java:setOMNodeDetails(648)) - OM Service ID is not set. Setting it to the default ID: omServiceIdDefault
2019-08-23 02:49:36,408 [main] INFO  om.OzoneManager (OzoneManager.java:setOMNodeDetails(654)) - OM Node ID is not set. Setting it to the OmStorage's OmID: 1c47e2d2-9b97-4e34-9c71-89c2f861b5da
2019-08-23 02:49:36,408 [main] INFO  om.OzoneManager (OzoneManager.java:loadOMHAConfigs(605)) - Found matching OM address with OMServiceId: null, OMNodeId: null, RPC Address: localhost:0 and Ratis port: 9872
2019-08-23 02:49:36,413 | INFO  | SCMAudit | user=jenkins1000 | ip=192.168.36.77 | op=GET_SCM_INFO null | ret=SUCCESS |  
2019-08-23 02:49:36,415 [main] WARN  server.ServerUtils (ServerUtils.java:getDBPath(222)) - ozone.om.db.dirs is not configured. We recommend adding this setting. Falling back to ozone.metadata.dirs instead.
2019-08-23 02:49:36,415 [main] INFO  db.DBStoreBuilder (DBStoreBuilder.java:addTable(110)) - using custom profile for table: userTable
2019-08-23 02:49:36,415 [main] INFO  db.DBStoreBuilder (DBStoreBuilder.java:processTables(161)) - Using default column profile:DBProfile.DISK for Table:userTable
2019-08-23 02:49:36,416 [main] INFO  db.DBStoreBuilder (DBStoreBuilder.java:addTable(110)) - using custom profile for table: volumeTable
2019-08-23 02:49:36,416 [main] INFO  db.DBStoreBuilder (DBStoreBuilder.java:processTables(161)) - Using default column profile:DBProfile.DISK for Table:volumeTable
2019-08-23 02:49:36,416 [main] INFO  db.DBStoreBuilder (DBStoreBuilder.java:addTable(110)) - using custom profile for table: bucketTable
2019-08-23 02:49:36,416 [main] INFO  db.DBStoreBuilder (DBStoreBuilder.java:processTables(161)) - Using default column profile:DBProfile.DISK for Table:bucketTable
2019-08-23 02:49:36,416 [main] INFO  db.DBStoreBuilder (DBStoreBuilder.java:addTable(110)) - using custom profile for table: keyTable
2019-08-23 02:49:36,416 [main] INFO  db.DBStoreBuilder (DBStoreBuilder.java:processTables(161)) - Using default column profile:DBProfile.DISK for Table:keyTable
2019-08-23 02:49:36,417 [main] INFO  db.DBStoreBuilder (DBStoreBuilder.java:addTable(110)) - using custom profile for table: deletedTable
2019-08-23 02:49:36,417 [main] INFO  db.DBStoreBuilder (DBStoreBuilder.java:processTables(161)) - Using default column profile:DBProfile.DISK for Table:deletedTable
2019-08-23 02:49:36,417 [main] INFO  db.DBStoreBuilder (DBStoreBuilder.java:addTable(110)) - using custom profile for table: openKeyTable
2019-08-23 02:49:36,417 [main] INFO  db.DBStoreBuilder (DBStoreBuilder.java:processTables(161)) - Using default column profile:DBProfile.DISK for Table:openKeyTable
2019-08-23 02:49:36,417 [main] INFO  db.DBStoreBuilder (DBStoreBuilder.java:addTable(110)) - using custom profile for table: s3Table
2019-08-23 02:49:36,417 [main] INFO  db.DBStoreBuilder (DBStoreBuilder.java:processTables(161)) - Using default column profile:DBProfile.DISK for Table:s3Table
2019-08-23 02:49:36,418 [main] INFO  db.DBStoreBuilder (DBStoreBuilder.java:addTable(110)) - using custom profile for table: multipartInfoTable
2019-08-23 02:49:36,418 [main] INFO  db.DBStoreBuilder (DBStoreBuilder.java:processTables(161)) - Using default column profile:DBProfile.DISK for Table:multipartInfoTable
2019-08-23 02:49:36,418 [main] INFO  db.DBStoreBuilder (DBStoreBuilder.java:addTable(110)) - using custom profile for table: dTokenTable
2019-08-23 02:49:36,418 [main] INFO  db.DBStoreBuilder (DBStoreBuilder.java:processTables(161)) - Using default column profile:DBProfile.DISK for Table:dTokenTable
2019-08-23 02:49:36,419 [main] INFO  db.DBStoreBuilder (DBStoreBuilder.java:addTable(110)) - using custom profile for table: s3SecretTable
2019-08-23 02:49:36,419 [main] INFO  db.DBStoreBuilder (DBStoreBuilder.java:processTables(161)) - Using default column profile:DBProfile.DISK for Table:s3SecretTable
2019-08-23 02:49:36,419 [main] INFO  db.DBStoreBuilder (DBStoreBuilder.java:addTable(110)) - using custom profile for table: prefixTable
2019-08-23 02:49:36,419 [main] INFO  db.DBStoreBuilder (DBStoreBuilder.java:processTables(161)) - Using default column profile:DBProfile.DISK for Table:prefixTable
2019-08-23 02:49:36,419 [main] INFO  db.DBStoreBuilder (DBStoreBuilder.java:addTable(110)) - using custom profile for table: default
2019-08-23 02:49:36,419 [main] INFO  db.DBStoreBuilder (DBStoreBuilder.java:processTables(167)) - Using default column profile:DBProfile.DISK for Table:default
2019-08-23 02:49:36,420 [main] INFO  db.DBStoreBuilder (DBStoreBuilder.java:getDbProfile(198)) - Using default options. DBProfile.DISK
2019-08-23 02:49:37,707 [main] INFO  ipc.CallQueueManager (CallQueueManager.java:<init>(84)) - Using callQueue: class java.util.concurrent.LinkedBlockingQueue, queueCapacity: 2000, scheduler: class org.apache.hadoop.ipc.DefaultRpcScheduler, ipcBackoff: false.
2019-08-23 02:49:37,708 [Socket Reader #1 for port 45027] INFO  ipc.Server (Server.java:run(1074)) - Starting Socket Reader #1 for port 45027
2019-08-23 02:49:37,720 [main] INFO  om.OzoneManager (OzoneManager.java:start(1259)) - OzoneManager RPC server is listening at localhost/127.0.0.1:45027
2019-08-23 02:49:37,720 [main] INFO  impl.MetricsSystemImpl (MetricsSystemImpl.java:init(158)) - OzoneManager metrics system started (again)
2019-08-23 02:49:37,721 [IPC Server Responder] INFO  ipc.Server (Server.java:run(1314)) - IPC Server Responder: starting
2019-08-23 02:49:37,721 [IPC Server listener on 45027] INFO  ipc.Server (Server.java:run(1153)) - IPC Server listener on 45027: starting
2019-08-23 02:49:37,725 [main] INFO  hdfs.DFSUtil (DFSUtil.java:httpServerTemplateForNNAndJN(1641)) - Starting Web-server for ozoneManager at: http://0.0.0.0:0
2019-08-23 02:49:37,727 [main] INFO  server.AuthenticationFilter (AuthenticationFilter.java:constructSecretProvider(240)) - Unable to initialize FileSignerSecretProvider, falling back to use random secrets.
2019-08-23 02:49:37,727 [main] WARN  http.HttpRequestLog (HttpRequestLog.java:getRequestLog(97)) - Jetty request log can only be enabled using Log4j
2019-08-23 02:49:37,729 [main] INFO  http.HttpServer2 (HttpServer2.java:addGlobalFilter(975)) - Added global filter 'safety' (class=org.apache.hadoop.http.HttpServer2$QuotingInputFilter)
2019-08-23 02:49:37,729 [main] INFO  http.HttpServer2 (HttpServer2.java:addFilter(948)) - Added filter static_user_filter (class=org.apache.hadoop.http.lib.StaticUserWebFilter$StaticUserFilter) to context ozoneManager
2019-08-23 02:49:37,730 [main] INFO  http.HttpServer2 (HttpServer2.java:addFilter(958)) - Added filter static_user_filter (class=org.apache.hadoop.http.lib.StaticUserWebFilter$StaticUserFilter) to context static
2019-08-23 02:49:37,730 [main] INFO  http.HttpServer2 (HttpServer2.java:addFilter(958)) - Added filter static_user_filter (class=org.apache.hadoop.http.lib.StaticUserWebFilter$StaticUserFilter) to context logs
2019-08-23 02:49:37,730 [main] INFO  http.HttpServer2 (HttpServer2.java:bindListener(1191)) - Jetty bound to port 34036
2019-08-23 02:49:37,731 [main] INFO  server.Server (Server.java:doStart(351)) - jetty-9.3.24.v20180605, build timestamp: 2018-06-05T17:11:56Z, git hash: 84205aa28f11a4f31f2a3b86d1bba2cc8ab69827
2019-08-23 02:49:37,732 [main] INFO  handler.ContextHandler (ContextHandler.java:doStart(781)) - Started o.e.j.s.ServletContextHandler@57abe94d{/logs,file:///workdir/hadoop-ozone/integration-test/target/log,AVAILABLE}
2019-08-23 02:49:37,733 [main] INFO  handler.ContextHandler (ContextHandler.java:doStart(781)) - Started o.e.j.s.ServletContextHandler@5d957cf0{/static,file:///workdir/hadoop-ozone/integration-test/target/test-classes/webapps/static,AVAILABLE}
2019-08-23 02:49:37,737 [main] INFO  handler.ContextHandler (ContextHandler.java:doStart(781)) - Started o.e.j.w.WebAppContext@23909b3{/,file:///workdir/hadoop-ozone/integration-test/target/test-classes/webapps/ozoneManager/,AVAILABLE}{/ozoneManager}
2019-08-23 02:49:37,737 [main] INFO  server.AbstractConnector (AbstractConnector.java:doStart(278)) - Started ServerConnector@1977b0df{HTTP/1.1,[http/1.1]}{0.0.0.0:34036}
2019-08-23 02:49:37,738 [main] INFO  server.Server (Server.java:doStart(419)) - Started @188000ms
2019-08-23 02:49:37,739 [main] INFO  server.BaseHttpServer (BaseHttpServer.java:updateConnectorAddress(213)) - HTTP server of OZONEMANAGER is listening at http://0.0.0.0:34036
2019-08-23 02:49:37,752 [main] INFO  impl.MetricsSystemImpl (MetricsSystemImpl.java:init(158)) - HddsDatanode metrics system started (again)
2019-08-23 02:49:37,754 [main] INFO  ozone.HddsDatanodeService (HddsDatanodeService.java:start(184)) - HddsDatanodeService host:pr-hdds-2000-5mb45-3533150274 ip:192.168.36.77
2019-08-23 02:49:37,760 [main] INFO  volume.HddsVolume (HddsVolume.java:<init>(176)) - Creating Volume: /workdir/hadoop-ozone/integration-test/target/test-dir/MiniOzoneClusterImpl-917d4659-6045-4365-874a-c9e7eed38027/datanode-0/data/containers/hdds of  storage type : DISK and capacity : 1482555576320
2019-08-23 02:49:37,760 [main] INFO  volume.VolumeSet (VolumeSet.java:initializeVolumeSet(170)) - Added Volume : /workdir/hadoop-ozone/integration-test/target/test-dir/MiniOzoneClusterImpl-917d4659-6045-4365-874a-c9e7eed38027/datanode-0/data/containers/hdds to VolumeSet
2019-08-23 02:49:37,760 [main] INFO  volume.ThrottledAsyncChecker (ThrottledAsyncChecker.java:schedule(140)) - Scheduling a check for org.apache.hadoop.ozone.container.common.volume.HddsVolume@26c1f3eb
2019-08-23 02:49:37,761 [main] INFO  volume.HddsVolumeChecker (HddsVolumeChecker.java:checkAllVolumes(203)) - Scheduled health check for volume org.apache.hadoop.ozone.container.common.volume.HddsVolume@26c1f3eb
2019-08-23 02:49:37,776 [main] INFO  impl.RaftServerProxy (ConfUtils.java:logGet(43)) - raft.rpc.type = GRPC (default)
2019-08-23 02:49:37,776 [main] INFO  grpc.GrpcFactory (GrpcFactory.java:checkPooledByteBufAllocatorUseCacheForAllThreads(45)) - PERFORMANCE WARNING: useCacheForAllThreads is true that may cause Netty to create a lot garbage objects and, as a result, trigger GC.
	It is recommended to disable useCacheForAllThreads by setting -Dorg.apache.ratis.thirdparty.io.netty.allocator.useCacheForAllThreads=false in command line.
2019-08-23 02:49:37,777 [main] INFO  grpc.GrpcConfigKeys$Server (ConfUtils.java:logGet(43)) - raft.grpc.server.port = 0 (default)
2019-08-23 02:49:37,777 [main] INFO  server.GrpcService (ConfUtils.java:logGet(43)) - raft.grpc.message.size.max = 33570816 (custom)
2019-08-23 02:49:37,777 [main] INFO  server.RaftServerConfigKeys (ConfUtils.java:logGet(43)) - raft.server.log.appender.buffer.byte-limit = 33554432 (custom)
2019-08-23 02:49:37,778 [main] INFO  server.GrpcService (ConfUtils.java:logGet(43)) - raft.grpc.flow.control.window = 1MB (=1048576) (default)
2019-08-23 02:49:37,778 [main] INFO  server.RaftServerConfigKeys (ConfUtils.java:logGet(43)) - raft.server.rpc.request.timeout = 3000ms (default)
2019-08-23 02:49:37,779 [main] INFO  server.RaftServerConfigKeys (ConfUtils.java:logGet(43)) - raft.server.storage.dir = [/workdir/hadoop-ozone/integration-test/target/test-dir/MiniOzoneClusterImpl-917d4659-6045-4365-874a-c9e7eed38027/datanode-0/data/ratis] (custom)
2019-08-23 02:49:37,779 [main] INFO  replication.SimpleContainerDownloader (SimpleContainerDownloader.java:<init>(72)) - Starting container downloader service to copy containers to replicate.
2019-08-23 02:49:37,780 [main] INFO  hdfs.DFSUtil (DFSUtil.java:httpServerTemplateForNNAndJN(1641)) - Starting Web-server for hddsDatanode at: http://0.0.0.0:0
2019-08-23 02:49:37,782 [main] INFO  server.AuthenticationFilter (AuthenticationFilter.java:constructSecretProvider(240)) - Unable to initialize FileSignerSecretProvider, falling back to use random secrets.
2019-08-23 02:49:37,782 [main] WARN  http.HttpRequestLog (HttpRequestLog.java:getRequestLog(97)) - Jetty request log can only be enabled using Log4j
2019-08-23 02:49:37,784 [main] INFO  http.HttpServer2 (HttpServer2.java:addGlobalFilter(975)) - Added global filter 'safety' (class=org.apache.hadoop.http.HttpServer2$QuotingInputFilter)
2019-08-23 02:49:37,784 [main] INFO  http.HttpServer2 (HttpServer2.java:addFilter(948)) - Added filter static_user_filter (class=org.apache.hadoop.http.lib.StaticUserWebFilter$StaticUserFilter) to context hddsDatanode
2019-08-23 02:49:37,784 [main] INFO  http.HttpServer2 (HttpServer2.java:addFilter(958)) - Added filter static_user_filter (class=org.apache.hadoop.http.lib.StaticUserWebFilter$StaticUserFilter) to context static
2019-08-23 02:49:37,784 [main] INFO  http.HttpServer2 (HttpServer2.java:addFilter(958)) - Added filter static_user_filter (class=org.apache.hadoop.http.lib.StaticUserWebFilter$StaticUserFilter) to context logs
2019-08-23 02:49:37,785 [main] INFO  http.HttpServer2 (HttpServer2.java:bindListener(1191)) - Jetty bound to port 39518
2019-08-23 02:49:37,785 [main] INFO  server.Server (Server.java:doStart(351)) - jetty-9.3.24.v20180605, build timestamp: 2018-06-05T17:11:56Z, git hash: 84205aa28f11a4f31f2a3b86d1bba2cc8ab69827
2019-08-23 02:49:37,786 [main] INFO  handler.ContextHandler (ContextHandler.java:doStart(781)) - Started o.e.j.s.ServletContextHandler@3bf52f8f{/logs,file:///workdir/hadoop-ozone/integration-test/target/log,AVAILABLE}
2019-08-23 02:49:37,787 [main] INFO  handler.ContextHandler (ContextHandler.java:doStart(781)) - Started o.e.j.s.ServletContextHandler@811d8d6{/static,jar:file:/home/user/.m2/repository/org/apache/hadoop/hadoop-hdds-container-service/0.5.0-SNAPSHOT/hadoop-hdds-container-service-0.5.0-SNAPSHOT.jar!/webapps/static,AVAILABLE}
2019-08-23 02:49:37,814 [main] INFO  handler.ContextHandler (ContextHandler.java:doStart(781)) - Started o.e.j.w.WebAppContext@3c468360{/,file:///tmp/jetty-0.0.0.0-39518-hddsDatanode-_-any-5307816418956657728.dir/webapp/,AVAILABLE}{/hddsDatanode}
2019-08-23 02:49:37,814 [main] INFO  server.AbstractConnector (AbstractConnector.java:doStart(278)) - Started ServerConnector@7841c990{HTTP/1.1,[http/1.1]}{0.0.0.0:39518}
2019-08-23 02:49:37,815 [main] INFO  server.Server (Server.java:doStart(419)) - Started @188077ms
2019-08-23 02:49:37,816 [main] INFO  server.BaseHttpServer (BaseHttpServer.java:updateConnectorAddress(213)) - HTTP server of HDDSDATANODE is listening at http://0.0.0.0:39518
2019-08-23 02:49:37,942 | INFO  | ObjectStoreRestHttpServer | Listening HDDS REST traffic on /0.0.0.0:38564 |  
2019-08-23 02:49:37,942 [main] INFO  ozone.HddsDatanodeService (HddsDatanodeService.java:startPlugins(395)) - Started plug-in org.apache.hadoop.ozone.web.OzoneHddsDatanodeService@1387bd84
2019-08-23 02:49:37,942 [main] INFO  impl.MetricsSystemImpl (MetricsSystemImpl.java:init(158)) - HddsDatanode metrics system started (again)
2019-08-23 02:49:37,944 [org.apache.hadoop.util.JvmPauseMonitor$Monitor@d5381c3] INFO  util.JvmPauseMonitor (JvmPauseMonitor.java:run(188)) - Starting JVM pause monitor
2019-08-23 02:49:37,945 [main] INFO  ozone.HddsDatanodeService (HddsDatanodeService.java:start(184)) - HddsDatanodeService host:pr-hdds-2000-5mb45-3533150274 ip:192.168.36.77
2019-08-23 02:49:37,946 [Datanode State Machine Thread - 0] INFO  datanode.InitDatanodeState (InitDatanodeState.java:persistContainerDatanodeDetails(140)) - DatanodeDetails is persisted to /workdir/hadoop-ozone/integration-test/target/test-dir/MiniOzoneClusterImpl-917d4659-6045-4365-874a-c9e7eed38027/datanode-0/meta/datanode.id
2019-08-23 02:49:37,952 [main] INFO  volume.HddsVolume (HddsVolume.java:<init>(176)) - Creating Volume: /workdir/hadoop-ozone/integration-test/target/test-dir/MiniOzoneClusterImpl-917d4659-6045-4365-874a-c9e7eed38027/datanode-1/data/containers/hdds of  storage type : DISK and capacity : 1482555576320
2019-08-23 02:49:37,953 [main] INFO  volume.VolumeSet (VolumeSet.java:initializeVolumeSet(170)) - Added Volume : /workdir/hadoop-ozone/integration-test/target/test-dir/MiniOzoneClusterImpl-917d4659-6045-4365-874a-c9e7eed38027/datanode-1/data/containers/hdds to VolumeSet
2019-08-23 02:49:37,953 [main] INFO  volume.ThrottledAsyncChecker (ThrottledAsyncChecker.java:schedule(140)) - Scheduling a check for org.apache.hadoop.ozone.container.common.volume.HddsVolume@4244e477
2019-08-23 02:49:37,954 [main] INFO  volume.HddsVolumeChecker (HddsVolumeChecker.java:checkAllVolumes(203)) - Scheduled health check for volume org.apache.hadoop.ozone.container.common.volume.HddsVolume@4244e477
2019-08-23 02:49:37,971 [main] INFO  impl.RaftServerProxy (ConfUtils.java:logGet(43)) - raft.rpc.type = GRPC (default)
2019-08-23 02:49:37,971 [main] INFO  grpc.GrpcFactory (GrpcFactory.java:checkPooledByteBufAllocatorUseCacheForAllThreads(45)) - PERFORMANCE WARNING: useCacheForAllThreads is true that may cause Netty to create a lot garbage objects and, as a result, trigger GC.
	It is recommended to disable useCacheForAllThreads by setting -Dorg.apache.ratis.thirdparty.io.netty.allocator.useCacheForAllThreads=false in command line.
2019-08-23 02:49:37,971 [main] INFO  grpc.GrpcConfigKeys$Server (ConfUtils.java:logGet(43)) - raft.grpc.server.port = 0 (default)
2019-08-23 02:49:37,972 [main] INFO  server.GrpcService (ConfUtils.java:logGet(43)) - raft.grpc.message.size.max = 33570816 (custom)
2019-08-23 02:49:37,972 [main] INFO  server.RaftServerConfigKeys (ConfUtils.java:logGet(43)) - raft.server.log.appender.buffer.byte-limit = 33554432 (custom)
2019-08-23 02:49:37,972 [main] INFO  server.GrpcService (ConfUtils.java:logGet(43)) - raft.grpc.flow.control.window = 1MB (=1048576) (default)
2019-08-23 02:49:37,973 [main] INFO  server.RaftServerConfigKeys (ConfUtils.java:logGet(43)) - raft.server.rpc.request.timeout = 3000ms (default)
2019-08-23 02:49:37,973 [main] INFO  server.RaftServerConfigKeys (ConfUtils.java:logGet(43)) - raft.server.storage.dir = [/workdir/hadoop-ozone/integration-test/target/test-dir/MiniOzoneClusterImpl-917d4659-6045-4365-874a-c9e7eed38027/datanode-1/data/ratis] (custom)
2019-08-23 02:49:37,974 [main] INFO  replication.SimpleContainerDownloader (SimpleContainerDownloader.java:<init>(72)) - Starting container downloader service to copy containers to replicate.
2019-08-23 02:49:37,975 [main] INFO  hdfs.DFSUtil (DFSUtil.java:httpServerTemplateForNNAndJN(1641)) - Starting Web-server for hddsDatanode at: http://0.0.0.0:0
2019-08-23 02:49:37,976 [main] INFO  server.AuthenticationFilter (AuthenticationFilter.java:constructSecretProvider(240)) - Unable to initialize FileSignerSecretProvider, falling back to use random secrets.
2019-08-23 02:49:37,977 [main] WARN  http.HttpRequestLog (HttpRequestLog.java:getRequestLog(97)) - Jetty request log can only be enabled using Log4j
2019-08-23 02:49:37,979 [main] INFO  http.HttpServer2 (HttpServer2.java:addGlobalFilter(975)) - Added global filter 'safety' (class=org.apache.hadoop.http.HttpServer2$QuotingInputFilter)
2019-08-23 02:49:37,979 [main] INFO  http.HttpServer2 (HttpServer2.java:addFilter(948)) - Added filter static_user_filter (class=org.apache.hadoop.http.lib.StaticUserWebFilter$StaticUserFilter) to context hddsDatanode
2019-08-23 02:49:37,979 [main] INFO  http.HttpServer2 (HttpServer2.java:addFilter(958)) - Added filter static_user_filter (class=org.apache.hadoop.http.lib.StaticUserWebFilter$StaticUserFilter) to context logs
2019-08-23 02:49:37,979 [main] INFO  http.HttpServer2 (HttpServer2.java:addFilter(958)) - Added filter static_user_filter (class=org.apache.hadoop.http.lib.StaticUserWebFilter$StaticUserFilter) to context static
2019-08-23 02:49:37,980 [main] INFO  http.HttpServer2 (HttpServer2.java:bindListener(1191)) - Jetty bound to port 41971
2019-08-23 02:49:37,980 [main] INFO  server.Server (Server.java:doStart(351)) - jetty-9.3.24.v20180605, build timestamp: 2018-06-05T17:11:56Z, git hash: 84205aa28f11a4f31f2a3b86d1bba2cc8ab69827
2019-08-23 02:49:37,982 [main] INFO  handler.ContextHandler (ContextHandler.java:doStart(781)) - Started o.e.j.s.ServletContextHandler@527d1fe1{/logs,file:///workdir/hadoop-ozone/integration-test/target/log,AVAILABLE}
2019-08-23 02:49:37,982 [main] INFO  handler.ContextHandler (ContextHandler.java:doStart(781)) - Started o.e.j.s.ServletContextHandler@68dbe225{/static,jar:file:/home/user/.m2/repository/org/apache/hadoop/hadoop-hdds-container-service/0.5.0-SNAPSHOT/hadoop-hdds-container-service-0.5.0-SNAPSHOT.jar!/webapps/static,AVAILABLE}
2019-08-23 02:49:38,015 [main] INFO  handler.ContextHandler (ContextHandler.java:doStart(781)) - Started o.e.j.w.WebAppContext@11896af6{/,file:///tmp/jetty-0.0.0.0-41971-hddsDatanode-_-any-4678435203052826805.dir/webapp/,AVAILABLE}{/hddsDatanode}
2019-08-23 02:49:38,016 [main] INFO  server.AbstractConnector (AbstractConnector.java:doStart(278)) - Started ServerConnector@6b6e2c83{HTTP/1.1,[http/1.1]}{0.0.0.0:41971}
2019-08-23 02:49:38,017 [main] INFO  server.Server (Server.java:doStart(419)) - Started @188279ms
2019-08-23 02:49:38,018 [main] INFO  server.BaseHttpServer (BaseHttpServer.java:updateConnectorAddress(213)) - HTTP server of HDDSDATANODE is listening at http://0.0.0.0:41971
2019-08-23 02:49:38,135 | INFO  | ObjectStoreRestHttpServer | Listening HDDS REST traffic on /0.0.0.0:43593 |  
2019-08-23 02:49:38,136 [main] INFO  ozone.HddsDatanodeService (HddsDatanodeService.java:startPlugins(395)) - Started plug-in org.apache.hadoop.ozone.web.OzoneHddsDatanodeService@690e7b89
2019-08-23 02:49:38,136 [main] INFO  impl.MetricsSystemImpl (MetricsSystemImpl.java:init(158)) - HddsDatanode metrics system started (again)
2019-08-23 02:49:38,138 [org.apache.hadoop.util.JvmPauseMonitor$Monitor@45de678] INFO  util.JvmPauseMonitor (JvmPauseMonitor.java:run(188)) - Starting JVM pause monitor
2019-08-23 02:49:38,138 [main] INFO  ozone.HddsDatanodeService (HddsDatanodeService.java:start(184)) - HddsDatanodeService host:pr-hdds-2000-5mb45-3533150274 ip:192.168.36.77
2019-08-23 02:49:38,139 [Datanode State Machine Thread - 0] INFO  datanode.InitDatanodeState (InitDatanodeState.java:persistContainerDatanodeDetails(140)) - DatanodeDetails is persisted to /workdir/hadoop-ozone/integration-test/target/test-dir/MiniOzoneClusterImpl-917d4659-6045-4365-874a-c9e7eed38027/datanode-1/meta/datanode.id
2019-08-23 02:49:38,144 [main] INFO  volume.HddsVolume (HddsVolume.java:<init>(176)) - Creating Volume: /workdir/hadoop-ozone/integration-test/target/test-dir/MiniOzoneClusterImpl-917d4659-6045-4365-874a-c9e7eed38027/datanode-2/data/containers/hdds of  storage type : DISK and capacity : 1482555576320
2019-08-23 02:49:38,145 [main] INFO  volume.VolumeSet (VolumeSet.java:initializeVolumeSet(170)) - Added Volume : /workdir/hadoop-ozone/integration-test/target/test-dir/MiniOzoneClusterImpl-917d4659-6045-4365-874a-c9e7eed38027/datanode-2/data/containers/hdds to VolumeSet
2019-08-23 02:49:38,145 [main] INFO  volume.ThrottledAsyncChecker (ThrottledAsyncChecker.java:schedule(140)) - Scheduling a check for org.apache.hadoop.ozone.container.common.volume.HddsVolume@36ce9eaf
2019-08-23 02:49:38,145 [main] INFO  volume.HddsVolumeChecker (HddsVolumeChecker.java:checkAllVolumes(203)) - Scheduled health check for volume org.apache.hadoop.ozone.container.common.volume.HddsVolume@36ce9eaf
2019-08-23 02:49:38,160 [main] INFO  impl.RaftServerProxy (ConfUtils.java:logGet(43)) - raft.rpc.type = GRPC (default)
2019-08-23 02:49:38,160 [main] INFO  grpc.GrpcFactory (GrpcFactory.java:checkPooledByteBufAllocatorUseCacheForAllThreads(45)) - PERFORMANCE WARNING: useCacheForAllThreads is true that may cause Netty to create a lot garbage objects and, as a result, trigger GC.
	It is recommended to disable useCacheForAllThreads by setting -Dorg.apache.ratis.thirdparty.io.netty.allocator.useCacheForAllThreads=false in command line.
2019-08-23 02:49:38,160 [main] INFO  grpc.GrpcConfigKeys$Server (ConfUtils.java:logGet(43)) - raft.grpc.server.port = 0 (default)
2019-08-23 02:49:38,160 [main] INFO  server.GrpcService (ConfUtils.java:logGet(43)) - raft.grpc.message.size.max = 33570816 (custom)
2019-08-23 02:49:38,161 [main] INFO  server.RaftServerConfigKeys (ConfUtils.java:logGet(43)) - raft.server.log.appender.buffer.byte-limit = 33554432 (custom)
2019-08-23 02:49:38,161 [main] INFO  server.GrpcService (ConfUtils.java:logGet(43)) - raft.grpc.flow.control.window = 1MB (=1048576) (default)
2019-08-23 02:49:38,161 [main] INFO  server.RaftServerConfigKeys (ConfUtils.java:logGet(43)) - raft.server.rpc.request.timeout = 3000ms (default)
2019-08-23 02:49:38,161 [main] INFO  server.RaftServerConfigKeys (ConfUtils.java:logGet(43)) - raft.server.storage.dir = [/workdir/hadoop-ozone/integration-test/target/test-dir/MiniOzoneClusterImpl-917d4659-6045-4365-874a-c9e7eed38027/datanode-2/data/ratis] (custom)
2019-08-23 02:49:38,162 [main] INFO  replication.SimpleContainerDownloader (SimpleContainerDownloader.java:<init>(72)) - Starting container downloader service to copy containers to replicate.
2019-08-23 02:49:38,163 [main] INFO  hdfs.DFSUtil (DFSUtil.java:httpServerTemplateForNNAndJN(1641)) - Starting Web-server for hddsDatanode at: http://0.0.0.0:0
2019-08-23 02:49:38,164 [main] INFO  server.AuthenticationFilter (AuthenticationFilter.java:constructSecretProvider(240)) - Unable to initialize FileSignerSecretProvider, falling back to use random secrets.
2019-08-23 02:49:38,165 [main] WARN  http.HttpRequestLog (HttpRequestLog.java:getRequestLog(97)) - Jetty request log can only be enabled using Log4j
2019-08-23 02:49:38,170 [main] INFO  http.HttpServer2 (HttpServer2.java:addGlobalFilter(975)) - Added global filter 'safety' (class=org.apache.hadoop.http.HttpServer2$QuotingInputFilter)
2019-08-23 02:49:38,171 [main] INFO  http.HttpServer2 (HttpServer2.java:addFilter(948)) - Added filter static_user_filter (class=org.apache.hadoop.http.lib.StaticUserWebFilter$StaticUserFilter) to context hddsDatanode
2019-08-23 02:49:38,171 [main] INFO  http.HttpServer2 (HttpServer2.java:addFilter(958)) - Added filter static_user_filter (class=org.apache.hadoop.http.lib.StaticUserWebFilter$StaticUserFilter) to context logs
2019-08-23 02:49:38,171 [main] INFO  http.HttpServer2 (HttpServer2.java:addFilter(958)) - Added filter static_user_filter (class=org.apache.hadoop.http.lib.StaticUserWebFilter$StaticUserFilter) to context static
2019-08-23 02:49:38,172 [main] INFO  http.HttpServer2 (HttpServer2.java:bindListener(1191)) - Jetty bound to port 43756
2019-08-23 02:49:38,172 [main] INFO  server.Server (Server.java:doStart(351)) - jetty-9.3.24.v20180605, build timestamp: 2018-06-05T17:11:56Z, git hash: 84205aa28f11a4f31f2a3b86d1bba2cc8ab69827
2019-08-23 02:49:38,173 [main] INFO  handler.ContextHandler (ContextHandler.java:doStart(781)) - Started o.e.j.s.ServletContextHandler@13e6c544{/logs,file:///workdir/hadoop-ozone/integration-test/target/log,AVAILABLE}
2019-08-23 02:49:38,174 [main] INFO  handler.ContextHandler (ContextHandler.java:doStart(781)) - Started o.e.j.s.ServletContextHandler@3b3b2290{/static,jar:file:/home/user/.m2/repository/org/apache/hadoop/hadoop-hdds-container-service/0.5.0-SNAPSHOT/hadoop-hdds-container-service-0.5.0-SNAPSHOT.jar!/webapps/static,AVAILABLE}
2019-08-23 02:49:38,201 [main] INFO  handler.ContextHandler (ContextHandler.java:doStart(781)) - Started o.e.j.w.WebAppContext@217009bd{/,file:///tmp/jetty-0.0.0.0-43756-hddsDatanode-_-any-3332974263217610147.dir/webapp/,AVAILABLE}{/hddsDatanode}
2019-08-23 02:49:38,202 [main] INFO  server.AbstractConnector (AbstractConnector.java:doStart(278)) - Started ServerConnector@6046fba0{HTTP/1.1,[http/1.1]}{0.0.0.0:43756}
2019-08-23 02:49:38,203 [main] INFO  server.Server (Server.java:doStart(419)) - Started @188465ms
2019-08-23 02:49:38,204 [main] INFO  server.BaseHttpServer (BaseHttpServer.java:updateConnectorAddress(213)) - HTTP server of HDDSDATANODE is listening at http://0.0.0.0:43756
2019-08-23 02:49:38,340 | INFO  | ObjectStoreRestHttpServer | Listening HDDS REST traffic on /0.0.0.0:44890 |  
2019-08-23 02:49:38,340 [main] INFO  ozone.HddsDatanodeService (HddsDatanodeService.java:startPlugins(395)) - Started plug-in org.apache.hadoop.ozone.web.OzoneHddsDatanodeService@f09c282
2019-08-23 02:49:38,340 [main] INFO  impl.MetricsSystemImpl (MetricsSystemImpl.java:init(158)) - HddsDatanode metrics system started (again)
2019-08-23 02:49:38,342 [org.apache.hadoop.util.JvmPauseMonitor$Monitor@6cf6874] INFO  util.JvmPauseMonitor (JvmPauseMonitor.java:run(188)) - Starting JVM pause monitor
2019-08-23 02:49:38,343 [main] INFO  ozone.HddsDatanodeService (HddsDatanodeService.java:start(184)) - HddsDatanodeService host:pr-hdds-2000-5mb45-3533150274 ip:192.168.36.77
2019-08-23 02:49:38,344 [Datanode State Machine Thread - 0] INFO  datanode.InitDatanodeState (InitDatanodeState.java:persistContainerDatanodeDetails(140)) - DatanodeDetails is persisted to /workdir/hadoop-ozone/integration-test/target/test-dir/MiniOzoneClusterImpl-917d4659-6045-4365-874a-c9e7eed38027/datanode-2/meta/datanode.id
2019-08-23 02:49:38,350 [main] INFO  volume.HddsVolume (HddsVolume.java:<init>(176)) - Creating Volume: /workdir/hadoop-ozone/integration-test/target/test-dir/MiniOzoneClusterImpl-917d4659-6045-4365-874a-c9e7eed38027/datanode-3/data/containers/hdds of  storage type : DISK and capacity : 1482555576320
2019-08-23 02:49:38,351 [main] INFO  volume.VolumeSet (VolumeSet.java:initializeVolumeSet(170)) - Added Volume : /workdir/hadoop-ozone/integration-test/target/test-dir/MiniOzoneClusterImpl-917d4659-6045-4365-874a-c9e7eed38027/datanode-3/data/containers/hdds to VolumeSet
2019-08-23 02:49:38,351 [main] INFO  volume.ThrottledAsyncChecker (ThrottledAsyncChecker.java:schedule(140)) - Scheduling a check for org.apache.hadoop.ozone.container.common.volume.HddsVolume@4e9d203e
2019-08-23 02:49:38,351 [main] INFO  volume.HddsVolumeChecker (HddsVolumeChecker.java:checkAllVolumes(203)) - Scheduled health check for volume org.apache.hadoop.ozone.container.common.volume.HddsVolume@4e9d203e
2019-08-23 02:49:38,365 [main] INFO  impl.RaftServerProxy (ConfUtils.java:logGet(43)) - raft.rpc.type = GRPC (default)
2019-08-23 02:49:38,365 [main] INFO  grpc.GrpcFactory (GrpcFactory.java:checkPooledByteBufAllocatorUseCacheForAllThreads(45)) - PERFORMANCE WARNING: useCacheForAllThreads is true that may cause Netty to create a lot garbage objects and, as a result, trigger GC.
	It is recommended to disable useCacheForAllThreads by setting -Dorg.apache.ratis.thirdparty.io.netty.allocator.useCacheForAllThreads=false in command line.
2019-08-23 02:49:38,365 [main] INFO  grpc.GrpcConfigKeys$Server (ConfUtils.java:logGet(43)) - raft.grpc.server.port = 0 (default)
2019-08-23 02:49:38,365 [main] INFO  server.GrpcService (ConfUtils.java:logGet(43)) - raft.grpc.message.size.max = 33570816 (custom)
2019-08-23 02:49:38,365 [main] INFO  server.RaftServerConfigKeys (ConfUtils.java:logGet(43)) - raft.server.log.appender.buffer.byte-limit = 33554432 (custom)
2019-08-23 02:49:38,366 [main] INFO  server.GrpcService (ConfUtils.java:logGet(43)) - raft.grpc.flow.control.window = 1MB (=1048576) (default)
2019-08-23 02:49:38,366 [main] INFO  server.RaftServerConfigKeys (ConfUtils.java:logGet(43)) - raft.server.rpc.request.timeout = 3000ms (default)
2019-08-23 02:49:38,366 [main] INFO  server.RaftServerConfigKeys (ConfUtils.java:logGet(43)) - raft.server.storage.dir = [/workdir/hadoop-ozone/integration-test/target/test-dir/MiniOzoneClusterImpl-917d4659-6045-4365-874a-c9e7eed38027/datanode-3/data/ratis] (custom)
2019-08-23 02:49:38,367 [main] INFO  replication.SimpleContainerDownloader (SimpleContainerDownloader.java:<init>(72)) - Starting container downloader service to copy containers to replicate.
2019-08-23 02:49:38,367 [main] INFO  hdfs.DFSUtil (DFSUtil.java:httpServerTemplateForNNAndJN(1641)) - Starting Web-server for hddsDatanode at: http://0.0.0.0:0
2019-08-23 02:49:38,368 [main] INFO  server.AuthenticationFilter (AuthenticationFilter.java:constructSecretProvider(240)) - Unable to initialize FileSignerSecretProvider, falling back to use random secrets.
2019-08-23 02:49:38,369 [main] WARN  http.HttpRequestLog (HttpRequestLog.java:getRequestLog(97)) - Jetty request log can only be enabled using Log4j
2019-08-23 02:49:38,370 [main] INFO  http.HttpServer2 (HttpServer2.java:addGlobalFilter(975)) - Added global filter 'safety' (class=org.apache.hadoop.http.HttpServer2$QuotingInputFilter)
2019-08-23 02:49:38,370 [main] INFO  http.HttpServer2 (HttpServer2.java:addFilter(948)) - Added filter static_user_filter (class=org.apache.hadoop.http.lib.StaticUserWebFilter$StaticUserFilter) to context hddsDatanode
2019-08-23 02:49:38,371 [main] INFO  http.HttpServer2 (HttpServer2.java:addFilter(958)) - Added filter static_user_filter (class=org.apache.hadoop.http.lib.StaticUserWebFilter$StaticUserFilter) to context logs
2019-08-23 02:49:38,371 [main] INFO  http.HttpServer2 (HttpServer2.java:addFilter(958)) - Added filter static_user_filter (class=org.apache.hadoop.http.lib.StaticUserWebFilter$StaticUserFilter) to context static
2019-08-23 02:49:38,371 [main] INFO  http.HttpServer2 (HttpServer2.java:bindListener(1191)) - Jetty bound to port 44368
2019-08-23 02:49:38,371 [main] INFO  server.Server (Server.java:doStart(351)) - jetty-9.3.24.v20180605, build timestamp: 2018-06-05T17:11:56Z, git hash: 84205aa28f11a4f31f2a3b86d1bba2cc8ab69827
2019-08-23 02:49:38,373 [main] INFO  handler.ContextHandler (ContextHandler.java:doStart(781)) - Started o.e.j.s.ServletContextHandler@55ff64fd{/logs,file:///workdir/hadoop-ozone/integration-test/target/log,AVAILABLE}
2019-08-23 02:49:38,373 [main] INFO  handler.ContextHandler (ContextHandler.java:doStart(781)) - Started o.e.j.s.ServletContextHandler@445c693{/static,jar:file:/home/user/.m2/repository/org/apache/hadoop/hadoop-hdds-container-service/0.5.0-SNAPSHOT/hadoop-hdds-container-service-0.5.0-SNAPSHOT.jar!/webapps/static,AVAILABLE}
2019-08-23 02:49:38,400 [main] INFO  handler.ContextHandler (ContextHandler.java:doStart(781)) - Started o.e.j.w.WebAppContext@55465bfc{/,file:///tmp/jetty-0.0.0.0-44368-hddsDatanode-_-any-7283219360172380767.dir/webapp/,AVAILABLE}{/hddsDatanode}
2019-08-23 02:49:38,400 [main] INFO  server.AbstractConnector (AbstractConnector.java:doStart(278)) - Started ServerConnector@5625ba2{HTTP/1.1,[http/1.1]}{0.0.0.0:44368}
2019-08-23 02:49:38,401 [main] INFO  server.Server (Server.java:doStart(419)) - Started @188663ms
2019-08-23 02:49:38,402 [main] INFO  server.BaseHttpServer (BaseHttpServer.java:updateConnectorAddress(213)) - HTTP server of HDDSDATANODE is listening at http://0.0.0.0:44368
2019-08-23 02:49:38,517 | INFO  | ObjectStoreRestHttpServer | Listening HDDS REST traffic on /0.0.0.0:42595 |  
2019-08-23 02:49:38,517 [main] INFO  ozone.HddsDatanodeService (HddsDatanodeService.java:startPlugins(395)) - Started plug-in org.apache.hadoop.ozone.web.OzoneHddsDatanodeService@53b83897
2019-08-23 02:49:38,518 [main] INFO  impl.MetricsSystemImpl (MetricsSystemImpl.java:init(158)) - HddsDatanode metrics system started (again)
2019-08-23 02:49:38,521 [org.apache.hadoop.util.JvmPauseMonitor$Monitor@71175c59] INFO  util.JvmPauseMonitor (JvmPauseMonitor.java:run(188)) - Starting JVM pause monitor
2019-08-23 02:49:38,522 [Datanode State Machine Thread - 0] INFO  datanode.InitDatanodeState (InitDatanodeState.java:persistContainerDatanodeDetails(140)) - DatanodeDetails is persisted to /workdir/hadoop-ozone/integration-test/target/test-dir/MiniOzoneClusterImpl-917d4659-6045-4365-874a-c9e7eed38027/datanode-3/meta/datanode.id
2019-08-23 02:49:38,522 [main] INFO  ozone.HddsDatanodeService (HddsDatanodeService.java:start(184)) - HddsDatanodeService host:pr-hdds-2000-5mb45-3533150274 ip:192.168.36.77
2019-08-23 02:49:38,531 [main] INFO  volume.HddsVolume (HddsVolume.java:<init>(176)) - Creating Volume: /workdir/hadoop-ozone/integration-test/target/test-dir/MiniOzoneClusterImpl-917d4659-6045-4365-874a-c9e7eed38027/datanode-4/data/containers/hdds of  storage type : DISK and capacity : 1482555576320
2019-08-23 02:49:38,531 [main] INFO  volume.VolumeSet (VolumeSet.java:initializeVolumeSet(170)) - Added Volume : /workdir/hadoop-ozone/integration-test/target/test-dir/MiniOzoneClusterImpl-917d4659-6045-4365-874a-c9e7eed38027/datanode-4/data/containers/hdds to VolumeSet
2019-08-23 02:49:38,532 [main] INFO  volume.ThrottledAsyncChecker (ThrottledAsyncChecker.java:schedule(140)) - Scheduling a check for org.apache.hadoop.ozone.container.common.volume.HddsVolume@6d96a895
2019-08-23 02:49:38,532 [main] INFO  volume.HddsVolumeChecker (HddsVolumeChecker.java:checkAllVolumes(203)) - Scheduled health check for volume org.apache.hadoop.ozone.container.common.volume.HddsVolume@6d96a895
2019-08-23 02:49:38,553 [main] INFO  impl.RaftServerProxy (ConfUtils.java:logGet(43)) - raft.rpc.type = GRPC (default)
2019-08-23 02:49:38,553 [main] INFO  grpc.GrpcFactory (GrpcFactory.java:checkPooledByteBufAllocatorUseCacheForAllThreads(45)) - PERFORMANCE WARNING: useCacheForAllThreads is true that may cause Netty to create a lot garbage objects and, as a result, trigger GC.
	It is recommended to disable useCacheForAllThreads by setting -Dorg.apache.ratis.thirdparty.io.netty.allocator.useCacheForAllThreads=false in command line.
2019-08-23 02:49:38,554 [main] INFO  grpc.GrpcConfigKeys$Server (ConfUtils.java:logGet(43)) - raft.grpc.server.port = 0 (default)
2019-08-23 02:49:38,554 [main] INFO  server.GrpcService (ConfUtils.java:logGet(43)) - raft.grpc.message.size.max = 33570816 (custom)
2019-08-23 02:49:38,554 [main] INFO  server.RaftServerConfigKeys (ConfUtils.java:logGet(43)) - raft.server.log.appender.buffer.byte-limit = 33554432 (custom)
2019-08-23 02:49:38,554 [main] INFO  server.GrpcService (ConfUtils.java:logGet(43)) - raft.grpc.flow.control.window = 1MB (=1048576) (default)
2019-08-23 02:49:38,555 [main] INFO  server.RaftServerConfigKeys (ConfUtils.java:logGet(43)) - raft.server.rpc.request.timeout = 3000ms (default)
2019-08-23 02:49:38,555 [main] INFO  server.RaftServerConfigKeys (ConfUtils.java:logGet(43)) - raft.server.storage.dir = [/workdir/hadoop-ozone/integration-test/target/test-dir/MiniOzoneClusterImpl-917d4659-6045-4365-874a-c9e7eed38027/datanode-4/data/ratis] (custom)
2019-08-23 02:49:38,556 [main] INFO  replication.SimpleContainerDownloader (SimpleContainerDownloader.java:<init>(72)) - Starting container downloader service to copy containers to replicate.
2019-08-23 02:49:38,558 [main] INFO  hdfs.DFSUtil (DFSUtil.java:httpServerTemplateForNNAndJN(1641)) - Starting Web-server for hddsDatanode at: http://0.0.0.0:0
2019-08-23 02:49:38,559 [main] INFO  server.AuthenticationFilter (AuthenticationFilter.java:constructSecretProvider(240)) - Unable to initialize FileSignerSecretProvider, falling back to use random secrets.
2019-08-23 02:49:38,560 [main] WARN  http.HttpRequestLog (HttpRequestLog.java:getRequestLog(97)) - Jetty request log can only be enabled using Log4j
2019-08-23 02:49:38,561 [main] INFO  http.HttpServer2 (HttpServer2.java:addGlobalFilter(975)) - Added global filter 'safety' (class=org.apache.hadoop.http.HttpServer2$QuotingInputFilter)
2019-08-23 02:49:38,562 [main] INFO  http.HttpServer2 (HttpServer2.java:addFilter(948)) - Added filter static_user_filter (class=org.apache.hadoop.http.lib.StaticUserWebFilter$StaticUserFilter) to context hddsDatanode
2019-08-23 02:49:38,562 [main] INFO  http.HttpServer2 (HttpServer2.java:addFilter(958)) - Added filter static_user_filter (class=org.apache.hadoop.http.lib.StaticUserWebFilter$StaticUserFilter) to context static
2019-08-23 02:49:38,562 [main] INFO  http.HttpServer2 (HttpServer2.java:addFilter(958)) - Added filter static_user_filter (class=org.apache.hadoop.http.lib.StaticUserWebFilter$StaticUserFilter) to context logs
2019-08-23 02:49:38,563 [main] INFO  http.HttpServer2 (HttpServer2.java:bindListener(1191)) - Jetty bound to port 35989
2019-08-23 02:49:38,563 [main] INFO  server.Server (Server.java:doStart(351)) - jetty-9.3.24.v20180605, build timestamp: 2018-06-05T17:11:56Z, git hash: 84205aa28f11a4f31f2a3b86d1bba2cc8ab69827
2019-08-23 02:49:38,565 [main] INFO  handler.ContextHandler (ContextHandler.java:doStart(781)) - Started o.e.j.s.ServletContextHandler@74159dc9{/logs,file:///workdir/hadoop-ozone/integration-test/target/log,AVAILABLE}
2019-08-23 02:49:38,565 [main] INFO  handler.ContextHandler (ContextHandler.java:doStart(781)) - Started o.e.j.s.ServletContextHandler@254210b1{/static,jar:file:/home/user/.m2/repository/org/apache/hadoop/hadoop-hdds-container-service/0.5.0-SNAPSHOT/hadoop-hdds-container-service-0.5.0-SNAPSHOT.jar!/webapps/static,AVAILABLE}
2019-08-23 02:49:38,591 [main] INFO  handler.ContextHandler (ContextHandler.java:doStart(781)) - Started o.e.j.w.WebAppContext@5b27d03d{/,file:///tmp/jetty-0.0.0.0-35989-hddsDatanode-_-any-5034200916069087097.dir/webapp/,AVAILABLE}{/hddsDatanode}
2019-08-23 02:49:38,592 [main] INFO  server.AbstractConnector (AbstractConnector.java:doStart(278)) - Started ServerConnector@687d31a9{HTTP/1.1,[http/1.1]}{0.0.0.0:35989}
2019-08-23 02:49:38,593 [main] INFO  server.Server (Server.java:doStart(419)) - Started @188855ms
2019-08-23 02:49:38,594 [main] INFO  server.BaseHttpServer (BaseHttpServer.java:updateConnectorAddress(213)) - HTTP server of HDDSDATANODE is listening at http://0.0.0.0:35989
2019-08-23 02:49:38,736 | INFO  | ObjectStoreRestHttpServer | Listening HDDS REST traffic on /0.0.0.0:42008 |  
2019-08-23 02:49:38,736 [main] INFO  ozone.HddsDatanodeService (HddsDatanodeService.java:startPlugins(395)) - Started plug-in org.apache.hadoop.ozone.web.OzoneHddsDatanodeService@673e1cf2
2019-08-23 02:49:38,737 [main] INFO  impl.MetricsSystemImpl (MetricsSystemImpl.java:init(158)) - HddsDatanode metrics system started (again)
2019-08-23 02:49:38,740 [org.apache.hadoop.util.JvmPauseMonitor$Monitor@57243ae1] INFO  util.JvmPauseMonitor (JvmPauseMonitor.java:run(188)) - Starting JVM pause monitor
2019-08-23 02:49:38,741 [main] INFO  ozone.HddsDatanodeService (HddsDatanodeService.java:start(184)) - HddsDatanodeService host:pr-hdds-2000-5mb45-3533150274 ip:192.168.36.77
2019-08-23 02:49:38,742 [Datanode State Machine Thread - 0] INFO  datanode.InitDatanodeState (InitDatanodeState.java:persistContainerDatanodeDetails(140)) - DatanodeDetails is persisted to /workdir/hadoop-ozone/integration-test/target/test-dir/MiniOzoneClusterImpl-917d4659-6045-4365-874a-c9e7eed38027/datanode-4/meta/datanode.id
2019-08-23 02:49:38,750 [main] INFO  volume.HddsVolume (HddsVolume.java:<init>(176)) - Creating Volume: /workdir/hadoop-ozone/integration-test/target/test-dir/MiniOzoneClusterImpl-917d4659-6045-4365-874a-c9e7eed38027/datanode-5/data/containers/hdds of  storage type : DISK and capacity : 1482555576320
2019-08-23 02:49:38,750 [main] INFO  volume.VolumeSet (VolumeSet.java:initializeVolumeSet(170)) - Added Volume : /workdir/hadoop-ozone/integration-test/target/test-dir/MiniOzoneClusterImpl-917d4659-6045-4365-874a-c9e7eed38027/datanode-5/data/containers/hdds to VolumeSet
2019-08-23 02:49:38,750 [main] INFO  volume.ThrottledAsyncChecker (ThrottledAsyncChecker.java:schedule(140)) - Scheduling a check for org.apache.hadoop.ozone.container.common.volume.HddsVolume@48e3017a
2019-08-23 02:49:38,751 [main] INFO  volume.HddsVolumeChecker (HddsVolumeChecker.java:checkAllVolumes(203)) - Scheduled health check for volume org.apache.hadoop.ozone.container.common.volume.HddsVolume@48e3017a
2019-08-23 02:49:38,764 [main] INFO  impl.RaftServerProxy (ConfUtils.java:logGet(43)) - raft.rpc.type = GRPC (default)
2019-08-23 02:49:38,764 [main] INFO  grpc.GrpcFactory (GrpcFactory.java:checkPooledByteBufAllocatorUseCacheForAllThreads(45)) - PERFORMANCE WARNING: useCacheForAllThreads is true that may cause Netty to create a lot garbage objects and, as a result, trigger GC.
	It is recommended to disable useCacheForAllThreads by setting -Dorg.apache.ratis.thirdparty.io.netty.allocator.useCacheForAllThreads=false in command line.
2019-08-23 02:49:38,764 [main] INFO  grpc.GrpcConfigKeys$Server (ConfUtils.java:logGet(43)) - raft.grpc.server.port = 0 (default)
2019-08-23 02:49:38,764 [main] INFO  server.GrpcService (ConfUtils.java:logGet(43)) - raft.grpc.message.size.max = 33570816 (custom)
2019-08-23 02:49:38,765 [main] INFO  server.RaftServerConfigKeys (ConfUtils.java:logGet(43)) - raft.server.log.appender.buffer.byte-limit = 33554432 (custom)
2019-08-23 02:49:38,765 [main] INFO  server.GrpcService (ConfUtils.java:logGet(43)) - raft.grpc.flow.control.window = 1MB (=1048576) (default)
2019-08-23 02:49:38,765 [main] INFO  server.RaftServerConfigKeys (ConfUtils.java:logGet(43)) - raft.server.rpc.request.timeout = 3000ms (default)
2019-08-23 02:49:38,765 [main] INFO  server.RaftServerConfigKeys (ConfUtils.java:logGet(43)) - raft.server.storage.dir = [/workdir/hadoop-ozone/integration-test/target/test-dir/MiniOzoneClusterImpl-917d4659-6045-4365-874a-c9e7eed38027/datanode-5/data/ratis] (custom)
2019-08-23 02:49:38,766 [main] INFO  replication.SimpleContainerDownloader (SimpleContainerDownloader.java:<init>(72)) - Starting container downloader service to copy containers to replicate.
2019-08-23 02:49:38,767 [main] INFO  hdfs.DFSUtil (DFSUtil.java:httpServerTemplateForNNAndJN(1641)) - Starting Web-server for hddsDatanode at: http://0.0.0.0:0
2019-08-23 02:49:38,768 [main] INFO  server.AuthenticationFilter (AuthenticationFilter.java:constructSecretProvider(240)) - Unable to initialize FileSignerSecretProvider, falling back to use random secrets.
2019-08-23 02:49:38,768 [main] WARN  http.HttpRequestLog (HttpRequestLog.java:getRequestLog(97)) - Jetty request log can only be enabled using Log4j
2019-08-23 02:49:38,769 [main] INFO  http.HttpServer2 (HttpServer2.java:addGlobalFilter(975)) - Added global filter 'safety' (class=org.apache.hadoop.http.HttpServer2$QuotingInputFilter)
2019-08-23 02:49:38,770 [main] INFO  http.HttpServer2 (HttpServer2.java:addFilter(948)) - Added filter static_user_filter (class=org.apache.hadoop.http.lib.StaticUserWebFilter$StaticUserFilter) to context hddsDatanode
2019-08-23 02:49:38,770 [main] INFO  http.HttpServer2 (HttpServer2.java:addFilter(958)) - Added filter static_user_filter (class=org.apache.hadoop.http.lib.StaticUserWebFilter$StaticUserFilter) to context logs
2019-08-23 02:49:38,770 [main] INFO  http.HttpServer2 (HttpServer2.java:addFilter(958)) - Added filter static_user_filter (class=org.apache.hadoop.http.lib.StaticUserWebFilter$StaticUserFilter) to context static
2019-08-23 02:49:38,771 [main] INFO  http.HttpServer2 (HttpServer2.java:bindListener(1191)) - Jetty bound to port 44853
2019-08-23 02:49:38,771 [main] INFO  server.Server (Server.java:doStart(351)) - jetty-9.3.24.v20180605, build timestamp: 2018-06-05T17:11:56Z, git hash: 84205aa28f11a4f31f2a3b86d1bba2cc8ab69827
2019-08-23 02:49:38,772 [main] INFO  handler.ContextHandler (ContextHandler.java:doStart(781)) - Started o.e.j.s.ServletContextHandler@3054cdd3{/logs,file:///workdir/hadoop-ozone/integration-test/target/log,AVAILABLE}
2019-08-23 02:49:38,773 [main] INFO  handler.ContextHandler (ContextHandler.java:doStart(781)) - Started o.e.j.s.ServletContextHandler@6eff05e7{/static,jar:file:/home/user/.m2/repository/org/apache/hadoop/hadoop-hdds-container-service/0.5.0-SNAPSHOT/hadoop-hdds-container-service-0.5.0-SNAPSHOT.jar!/webapps/static,AVAILABLE}
2019-08-23 02:49:38,800 [main] INFO  handler.ContextHandler (ContextHandler.java:doStart(781)) - Started o.e.j.w.WebAppContext@68423388{/,file:///tmp/jetty-0.0.0.0-44853-hddsDatanode-_-any-4499233773726560309.dir/webapp/,AVAILABLE}{/hddsDatanode}
2019-08-23 02:49:38,800 [main] INFO  server.AbstractConnector (AbstractConnector.java:doStart(278)) - Started ServerConnector@1104cf3a{HTTP/1.1,[http/1.1]}{0.0.0.0:44853}
2019-08-23 02:49:38,802 [main] INFO  server.Server (Server.java:doStart(419)) - Started @189063ms
2019-08-23 02:49:38,802 [main] INFO  server.BaseHttpServer (BaseHttpServer.java:updateConnectorAddress(213)) - HTTP server of HDDSDATANODE is listening at http://0.0.0.0:44853
2019-08-23 02:49:38,945 | INFO  | ObjectStoreRestHttpServer | Listening HDDS REST traffic on /0.0.0.0:41874 |  
2019-08-23 02:49:38,945 [main] INFO  ozone.HddsDatanodeService (HddsDatanodeService.java:startPlugins(395)) - Started plug-in org.apache.hadoop.ozone.web.OzoneHddsDatanodeService@a4e1ca7
2019-08-23 02:49:38,945 [main] INFO  impl.MetricsSystemImpl (MetricsSystemImpl.java:init(158)) - HddsDatanode metrics system started (again)
2019-08-23 02:49:38,949 [org.apache.hadoop.util.JvmPauseMonitor$Monitor@57199dae] INFO  util.JvmPauseMonitor (JvmPauseMonitor.java:run(188)) - Starting JVM pause monitor
2019-08-23 02:49:38,949 [main] INFO  ozone.HddsDatanodeService (HddsDatanodeService.java:start(184)) - HddsDatanodeService host:pr-hdds-2000-5mb45-3533150274 ip:192.168.36.77
2019-08-23 02:49:38,950 [Datanode State Machine Thread - 0] INFO  datanode.InitDatanodeState (InitDatanodeState.java:persistContainerDatanodeDetails(140)) - DatanodeDetails is persisted to /workdir/hadoop-ozone/integration-test/target/test-dir/MiniOzoneClusterImpl-917d4659-6045-4365-874a-c9e7eed38027/datanode-5/meta/datanode.id
2019-08-23 02:49:38,958 [main] INFO  volume.HddsVolume (HddsVolume.java:<init>(176)) - Creating Volume: /workdir/hadoop-ozone/integration-test/target/test-dir/MiniOzoneClusterImpl-917d4659-6045-4365-874a-c9e7eed38027/datanode-6/data/containers/hdds of  storage type : DISK and capacity : 1482555576320
2019-08-23 02:49:38,958 [main] INFO  volume.VolumeSet (VolumeSet.java:initializeVolumeSet(170)) - Added Volume : /workdir/hadoop-ozone/integration-test/target/test-dir/MiniOzoneClusterImpl-917d4659-6045-4365-874a-c9e7eed38027/datanode-6/data/containers/hdds to VolumeSet
2019-08-23 02:49:38,958 [main] INFO  volume.ThrottledAsyncChecker (ThrottledAsyncChecker.java:schedule(140)) - Scheduling a check for org.apache.hadoop.ozone.container.common.volume.HddsVolume@436103b1
2019-08-23 02:49:38,959 [main] INFO  volume.HddsVolumeChecker (HddsVolumeChecker.java:checkAllVolumes(203)) - Scheduled health check for volume org.apache.hadoop.ozone.container.common.volume.HddsVolume@436103b1
2019-08-23 02:49:38,972 [main] INFO  impl.RaftServerProxy (ConfUtils.java:logGet(43)) - raft.rpc.type = GRPC (default)
2019-08-23 02:49:38,972 [main] INFO  grpc.GrpcFactory (GrpcFactory.java:checkPooledByteBufAllocatorUseCacheForAllThreads(45)) - PERFORMANCE WARNING: useCacheForAllThreads is true that may cause Netty to create a lot garbage objects and, as a result, trigger GC.
	It is recommended to disable useCacheForAllThreads by setting -Dorg.apache.ratis.thirdparty.io.netty.allocator.useCacheForAllThreads=false in command line.
2019-08-23 02:49:38,972 [main] INFO  grpc.GrpcConfigKeys$Server (ConfUtils.java:logGet(43)) - raft.grpc.server.port = 0 (default)
2019-08-23 02:49:38,972 [main] INFO  server.GrpcService (ConfUtils.java:logGet(43)) - raft.grpc.message.size.max = 33570816 (custom)
2019-08-23 02:49:38,973 [main] INFO  server.RaftServerConfigKeys (ConfUtils.java:logGet(43)) - raft.server.log.appender.buffer.byte-limit = 33554432 (custom)
2019-08-23 02:49:38,973 [main] INFO  server.GrpcService (ConfUtils.java:logGet(43)) - raft.grpc.flow.control.window = 1MB (=1048576) (default)
2019-08-23 02:49:38,973 [main] INFO  server.RaftServerConfigKeys (ConfUtils.java:logGet(43)) - raft.server.rpc.request.timeout = 3000ms (default)
2019-08-23 02:49:38,973 [main] INFO  server.RaftServerConfigKeys (ConfUtils.java:logGet(43)) - raft.server.storage.dir = [/workdir/hadoop-ozone/integration-test/target/test-dir/MiniOzoneClusterImpl-917d4659-6045-4365-874a-c9e7eed38027/datanode-6/data/ratis] (custom)
2019-08-23 02:49:38,974 [main] INFO  replication.SimpleContainerDownloader (SimpleContainerDownloader.java:<init>(72)) - Starting container downloader service to copy containers to replicate.
2019-08-23 02:49:38,975 [main] INFO  hdfs.DFSUtil (DFSUtil.java:httpServerTemplateForNNAndJN(1641)) - Starting Web-server for hddsDatanode at: http://0.0.0.0:0
2019-08-23 02:49:38,976 [main] INFO  server.AuthenticationFilter (AuthenticationFilter.java:constructSecretProvider(240)) - Unable to initialize FileSignerSecretProvider, falling back to use random secrets.
2019-08-23 02:49:38,976 [main] WARN  http.HttpRequestLog (HttpRequestLog.java:getRequestLog(97)) - Jetty request log can only be enabled using Log4j
2019-08-23 02:49:38,977 [main] INFO  http.HttpServer2 (HttpServer2.java:addGlobalFilter(975)) - Added global filter 'safety' (class=org.apache.hadoop.http.HttpServer2$QuotingInputFilter)
2019-08-23 02:49:38,978 [main] INFO  http.HttpServer2 (HttpServer2.java:addFilter(948)) - Added filter static_user_filter (class=org.apache.hadoop.http.lib.StaticUserWebFilter$StaticUserFilter) to context hddsDatanode
2019-08-23 02:49:38,978 [main] INFO  http.HttpServer2 (HttpServer2.java:addFilter(958)) - Added filter static_user_filter (class=org.apache.hadoop.http.lib.StaticUserWebFilter$StaticUserFilter) to context logs
2019-08-23 02:49:38,978 [main] INFO  http.HttpServer2 (HttpServer2.java:addFilter(958)) - Added filter static_user_filter (class=org.apache.hadoop.http.lib.StaticUserWebFilter$StaticUserFilter) to context static
2019-08-23 02:49:38,979 [main] INFO  http.HttpServer2 (HttpServer2.java:bindListener(1191)) - Jetty bound to port 42333
2019-08-23 02:49:38,979 [main] INFO  server.Server (Server.java:doStart(351)) - jetty-9.3.24.v20180605, build timestamp: 2018-06-05T17:11:56Z, git hash: 84205aa28f11a4f31f2a3b86d1bba2cc8ab69827
2019-08-23 02:49:38,980 [main] INFO  handler.ContextHandler (ContextHandler.java:doStart(781)) - Started o.e.j.s.ServletContextHandler@5a0b550a{/logs,file:///workdir/hadoop-ozone/integration-test/target/log,AVAILABLE}
2019-08-23 02:49:38,981 [main] INFO  handler.ContextHandler (ContextHandler.java:doStart(781)) - Started o.e.j.s.ServletContextHandler@69d9d322{/static,jar:file:/home/user/.m2/repository/org/apache/hadoop/hadoop-hdds-container-service/0.5.0-SNAPSHOT/hadoop-hdds-container-service-0.5.0-SNAPSHOT.jar!/webapps/static,AVAILABLE}
2019-08-23 02:49:39,007 [main] INFO  handler.ContextHandler (ContextHandler.java:doStart(781)) - Started o.e.j.w.WebAppContext@48543f11{/,file:///tmp/jetty-0.0.0.0-42333-hddsDatanode-_-any-1816406668046845515.dir/webapp/,AVAILABLE}{/hddsDatanode}
2019-08-23 02:49:39,008 [main] INFO  server.AbstractConnector (AbstractConnector.java:doStart(278)) - Started ServerConnector@cda988{HTTP/1.1,[http/1.1]}{0.0.0.0:42333}
2019-08-23 02:49:39,009 [main] INFO  server.Server (Server.java:doStart(419)) - Started @189271ms
2019-08-23 02:49:39,010 [main] INFO  server.BaseHttpServer (BaseHttpServer.java:updateConnectorAddress(213)) - HTTP server of HDDSDATANODE is listening at http://0.0.0.0:42333
2019-08-23 02:49:39,121 | INFO  | ObjectStoreRestHttpServer | Listening HDDS REST traffic on /0.0.0.0:35284 |  
2019-08-23 02:49:39,122 [main] INFO  ozone.HddsDatanodeService (HddsDatanodeService.java:startPlugins(395)) - Started plug-in org.apache.hadoop.ozone.web.OzoneHddsDatanodeService@642b2176
2019-08-23 02:49:39,122 [main] INFO  ozone.MiniOzoneClusterImpl (MiniOzoneClusterImpl.java:lambda$waitForClusterToBeReady$0(142)) - Waiting for cluster to be ready. Got 0 of 7 DN Heartbeats.
2019-08-23 02:49:39,123 [org.apache.hadoop.util.JvmPauseMonitor$Monitor@55942d29] INFO  util.JvmPauseMonitor (JvmPauseMonitor.java:run(188)) - Starting JVM pause monitor
2019-08-23 02:49:39,125 [Datanode State Machine Thread - 0] INFO  datanode.InitDatanodeState (InitDatanodeState.java:persistContainerDatanodeDetails(140)) - DatanodeDetails is persisted to /workdir/hadoop-ozone/integration-test/target/test-dir/MiniOzoneClusterImpl-917d4659-6045-4365-874a-c9e7eed38027/datanode-6/meta/datanode.id
2019-08-23 02:49:39,950 | INFO  | SCMAudit | user=jenkins1000 | ip=192.168.36.77 | op=GET_VERSION null | ret=SUCCESS |  
2019-08-23 02:49:39,994 [Datanode State Machine Thread - 0] INFO  ozoneimpl.OzoneContainer (OzoneContainer.java:start(186)) - Attempting to start container services.
2019-08-23 02:49:39,994 [Datanode State Machine Thread - 0] INFO  ozoneimpl.OzoneContainer (OzoneContainer.java:startContainerScrub(160)) - Background container scrubber has been disabled by hdds.containerscrub.enabled
2019-08-23 02:49:39,994 [Datanode State Machine Thread - 0] INFO  ratis.XceiverServerRatis (XceiverServerRatis.java:start(404)) - Starting XceiverServerRatis 5c5e51ce-aa4b-45fa-b548-3aebeb03959c at port 0
2019-08-23 02:49:40,003 [Datanode State Machine Thread - 0] INFO  impl.RaftServerProxy (RaftServerProxy.java:lambda$start$3(299)) - 5c5e51ce-aa4b-45fa-b548-3aebeb03959c: start RPC server
2019-08-23 02:49:40,011 [Datanode State Machine Thread - 0] INFO  server.GrpcService (GrpcService.java:startImpl(149)) - 5c5e51ce-aa4b-45fa-b548-3aebeb03959c: GrpcService started, listening on 0.0.0.0/0.0.0.0:35267
2019-08-23 02:49:40,011 [Datanode State Machine Thread - 0] INFO  ratis.XceiverServerRatis (XceiverServerRatis.java:start(414)) - XceiverServerRatis 5c5e51ce-aa4b-45fa-b548-3aebeb03959c is started using port 35267
2019-08-23 02:49:40,013 [Datanode State Machine Thread - 0] INFO  server.XceiverServerGrpc (XceiverServerGrpc.java:start(161)) - XceiverServerGrpc 5c5e51ce-aa4b-45fa-b548-3aebeb03959c is started using port 36154
2019-08-23 02:49:40,122 [main] INFO  ozone.MiniOzoneClusterImpl (MiniOzoneClusterImpl.java:lambda$waitForClusterToBeReady$0(142)) - Waiting for cluster to be ready. Got 0 of 7 DN Heartbeats.
2019-08-23 02:49:40,139 | INFO  | SCMAudit | user=jenkins1000 | ip=192.168.36.77 | op=GET_VERSION null | ret=SUCCESS |  
2019-08-23 02:49:40,161 [Datanode State Machine Thread - 0] INFO  ozoneimpl.OzoneContainer (OzoneContainer.java:start(186)) - Attempting to start container services.
2019-08-23 02:49:40,162 [Datanode State Machine Thread - 0] INFO  ozoneimpl.OzoneContainer (OzoneContainer.java:startContainerScrub(160)) - Background container scrubber has been disabled by hdds.containerscrub.enabled
2019-08-23 02:49:40,162 [Datanode State Machine Thread - 0] INFO  ratis.XceiverServerRatis (XceiverServerRatis.java:start(404)) - Starting XceiverServerRatis 004b6b6e-41ce-4475-9f2f-481aedf9c953 at port 0
2019-08-23 02:49:40,170 [Datanode State Machine Thread - 0] INFO  impl.RaftServerProxy (RaftServerProxy.java:lambda$start$3(299)) - 004b6b6e-41ce-4475-9f2f-481aedf9c953: start RPC server
2019-08-23 02:49:40,173 [Datanode State Machine Thread - 0] INFO  server.GrpcService (GrpcService.java:startImpl(149)) - 004b6b6e-41ce-4475-9f2f-481aedf9c953: GrpcService started, listening on 0.0.0.0/0.0.0.0:45065
2019-08-23 02:49:40,173 [Datanode State Machine Thread - 0] INFO  ratis.XceiverServerRatis (XceiverServerRatis.java:start(414)) - XceiverServerRatis 004b6b6e-41ce-4475-9f2f-481aedf9c953 is started using port 45065
2019-08-23 02:49:40,174 [Datanode State Machine Thread - 0] INFO  server.XceiverServerGrpc (XceiverServerGrpc.java:start(161)) - XceiverServerGrpc 004b6b6e-41ce-4475-9f2f-481aedf9c953 is started using port 36718
2019-08-23 02:49:40,344 | INFO  | SCMAudit | user=jenkins1000 | ip=192.168.36.77 | op=GET_VERSION null | ret=SUCCESS |  
2019-08-23 02:49:40,384 [Datanode State Machine Thread - 0] INFO  ozoneimpl.OzoneContainer (OzoneContainer.java:start(186)) - Attempting to start container services.
2019-08-23 02:49:40,385 [Datanode State Machine Thread - 0] INFO  ozoneimpl.OzoneContainer (OzoneContainer.java:startContainerScrub(160)) - Background container scrubber has been disabled by hdds.containerscrub.enabled
2019-08-23 02:49:40,385 [Datanode State Machine Thread - 0] INFO  ratis.XceiverServerRatis (XceiverServerRatis.java:start(404)) - Starting XceiverServerRatis 50e43da2-e7e0-478c-b7e8-9638b0c061cc at port 0
2019-08-23 02:49:40,392 [Datanode State Machine Thread - 0] INFO  impl.RaftServerProxy (RaftServerProxy.java:lambda$start$3(299)) - 50e43da2-e7e0-478c-b7e8-9638b0c061cc: start RPC server
2019-08-23 02:49:40,393 [Datanode State Machine Thread - 0] INFO  server.GrpcService (GrpcService.java:startImpl(149)) - 50e43da2-e7e0-478c-b7e8-9638b0c061cc: GrpcService started, listening on 0.0.0.0/0.0.0.0:45690
2019-08-23 02:49:40,394 [Datanode State Machine Thread - 0] INFO  ratis.XceiverServerRatis (XceiverServerRatis.java:start(414)) - XceiverServerRatis 50e43da2-e7e0-478c-b7e8-9638b0c061cc is started using port 45690
2019-08-23 02:49:40,404 [Datanode State Machine Thread - 0] INFO  server.XceiverServerGrpc (XceiverServerGrpc.java:start(161)) - XceiverServerGrpc 50e43da2-e7e0-478c-b7e8-9638b0c061cc is started using port 33985
2019-08-23 02:49:40,522 | INFO  | SCMAudit | user=jenkins1000 | ip=192.168.36.77 | op=GET_VERSION null | ret=SUCCESS |  
2019-08-23 02:49:40,563 [Datanode State Machine Thread - 0] INFO  ozoneimpl.OzoneContainer (OzoneContainer.java:start(186)) - Attempting to start container services.
2019-08-23 02:49:40,563 [Datanode State Machine Thread - 0] INFO  ozoneimpl.OzoneContainer (OzoneContainer.java:startContainerScrub(160)) - Background container scrubber has been disabled by hdds.containerscrub.enabled
2019-08-23 02:49:40,564 [Datanode State Machine Thread - 0] INFO  ratis.XceiverServerRatis (XceiverServerRatis.java:start(404)) - Starting XceiverServerRatis 674baee6-143c-441e-9e30-0d895b06f838 at port 0
2019-08-23 02:49:40,570 [Datanode State Machine Thread - 0] INFO  impl.RaftServerProxy (RaftServerProxy.java:lambda$start$3(299)) - 674baee6-143c-441e-9e30-0d895b06f838: start RPC server
2019-08-23 02:49:40,571 [Datanode State Machine Thread - 0] INFO  server.GrpcService (GrpcService.java:startImpl(149)) - 674baee6-143c-441e-9e30-0d895b06f838: GrpcService started, listening on 0.0.0.0/0.0.0.0:39798
2019-08-23 02:49:40,571 [Datanode State Machine Thread - 0] INFO  ratis.XceiverServerRatis (XceiverServerRatis.java:start(414)) - XceiverServerRatis 674baee6-143c-441e-9e30-0d895b06f838 is started using port 39798
2019-08-23 02:49:40,572 [Datanode State Machine Thread - 0] INFO  server.XceiverServerGrpc (XceiverServerGrpc.java:start(161)) - XceiverServerGrpc 674baee6-143c-441e-9e30-0d895b06f838 is started using port 42440
2019-08-23 02:49:40,741 | INFO  | SCMAudit | user=jenkins1000 | ip=192.168.36.77 | op=GET_VERSION null | ret=SUCCESS |  
2019-08-23 02:49:40,786 [Datanode State Machine Thread - 0] INFO  ozoneimpl.OzoneContainer (OzoneContainer.java:start(186)) - Attempting to start container services.
2019-08-23 02:49:40,786 [Datanode State Machine Thread - 0] INFO  ozoneimpl.OzoneContainer (OzoneContainer.java:startContainerScrub(160)) - Background container scrubber has been disabled by hdds.containerscrub.enabled
2019-08-23 02:49:40,786 [Datanode State Machine Thread - 0] INFO  ratis.XceiverServerRatis (XceiverServerRatis.java:start(404)) - Starting XceiverServerRatis 6e366328-a21a-42d1-a497-c25b5c1bc291 at port 0
2019-08-23 02:49:40,793 [Datanode State Machine Thread - 0] INFO  impl.RaftServerProxy (RaftServerProxy.java:lambda$start$3(299)) - 6e366328-a21a-42d1-a497-c25b5c1bc291: start RPC server
2019-08-23 02:49:40,794 [Datanode State Machine Thread - 0] INFO  server.GrpcService (GrpcService.java:startImpl(149)) - 6e366328-a21a-42d1-a497-c25b5c1bc291: GrpcService started, listening on 0.0.0.0/0.0.0.0:39747
2019-08-23 02:49:40,794 [Datanode State Machine Thread - 0] INFO  ratis.XceiverServerRatis (XceiverServerRatis.java:start(414)) - XceiverServerRatis 6e366328-a21a-42d1-a497-c25b5c1bc291 is started using port 39747
2019-08-23 02:49:40,795 [Datanode State Machine Thread - 0] INFO  server.XceiverServerGrpc (XceiverServerGrpc.java:start(161)) - XceiverServerGrpc 6e366328-a21a-42d1-a497-c25b5c1bc291 is started using port 46349
2019-08-23 02:49:40,950 | INFO  | SCMAudit | user=jenkins1000 | ip=192.168.36.77 | op=GET_VERSION null | ret=SUCCESS |  
2019-08-23 02:49:40,992 [Datanode State Machine Thread - 0] INFO  ozoneimpl.OzoneContainer (OzoneContainer.java:start(186)) - Attempting to start container services.
2019-08-23 02:49:40,992 [Datanode State Machine Thread - 0] INFO  ozoneimpl.OzoneContainer (OzoneContainer.java:startContainerScrub(160)) - Background container scrubber has been disabled by hdds.containerscrub.enabled
2019-08-23 02:49:40,993 [Datanode State Machine Thread - 0] INFO  ratis.XceiverServerRatis (XceiverServerRatis.java:start(404)) - Starting XceiverServerRatis 15fd999f-62be-4877-833a-993ce600606a at port 0
2019-08-23 02:49:41,000 [Datanode State Machine Thread - 0] INFO  impl.RaftServerProxy (RaftServerProxy.java:lambda$start$3(299)) - 15fd999f-62be-4877-833a-993ce600606a: start RPC server
2019-08-23 02:49:41,005 [Datanode State Machine Thread - 0] INFO  server.GrpcService (GrpcService.java:startImpl(149)) - 15fd999f-62be-4877-833a-993ce600606a: GrpcService started, listening on 0.0.0.0/0.0.0.0:35226
2019-08-23 02:49:41,005 [Datanode State Machine Thread - 0] INFO  ratis.XceiverServerRatis (XceiverServerRatis.java:start(414)) - XceiverServerRatis 15fd999f-62be-4877-833a-993ce600606a is started using port 35226
2019-08-23 02:49:41,005 [Datanode State Machine Thread - 0] INFO  server.XceiverServerGrpc (XceiverServerGrpc.java:start(161)) - XceiverServerGrpc 15fd999f-62be-4877-833a-993ce600606a is started using port 46168
2019-08-23 02:49:41,123 [main] INFO  ozone.MiniOzoneClusterImpl (MiniOzoneClusterImpl.java:lambda$waitForClusterToBeReady$0(142)) - Waiting for cluster to be ready. Got 0 of 7 DN Heartbeats.
2019-08-23 02:49:41,124 | INFO  | SCMAudit | user=jenkins1000 | ip=192.168.36.77 | op=GET_VERSION null | ret=SUCCESS |  
2019-08-23 02:49:41,178 [Datanode State Machine Thread - 0] INFO  ozoneimpl.OzoneContainer (OzoneContainer.java:start(186)) - Attempting to start container services.
2019-08-23 02:49:41,178 [Datanode State Machine Thread - 0] INFO  ozoneimpl.OzoneContainer (OzoneContainer.java:startContainerScrub(160)) - Background container scrubber has been disabled by hdds.containerscrub.enabled
2019-08-23 02:49:41,178 [Datanode State Machine Thread - 0] INFO  ratis.XceiverServerRatis (XceiverServerRatis.java:start(404)) - Starting XceiverServerRatis e824def4-fdb0-4d06-a3a6-273d371b8d7d at port 0
2019-08-23 02:49:41,184 [Datanode State Machine Thread - 0] INFO  impl.RaftServerProxy (RaftServerProxy.java:lambda$start$3(299)) - e824def4-fdb0-4d06-a3a6-273d371b8d7d: start RPC server
2019-08-23 02:49:41,185 [Datanode State Machine Thread - 0] INFO  server.GrpcService (GrpcService.java:startImpl(149)) - e824def4-fdb0-4d06-a3a6-273d371b8d7d: GrpcService started, listening on 0.0.0.0/0.0.0.0:38058
2019-08-23 02:49:41,185 [Datanode State Machine Thread - 0] INFO  ratis.XceiverServerRatis (XceiverServerRatis.java:start(414)) - XceiverServerRatis e824def4-fdb0-4d06-a3a6-273d371b8d7d is started using port 38058
2019-08-23 02:49:41,185 [Datanode State Machine Thread - 0] INFO  server.XceiverServerGrpc (XceiverServerGrpc.java:start(161)) - XceiverServerGrpc e824def4-fdb0-4d06-a3a6-273d371b8d7d is started using port 43841
2019-08-23 02:49:41,948 [IPC Server handler 1 on 33687] INFO  net.NetworkTopology (NetworkTopologyImpl.java:add(110)) - Added a new node: /default-rack/5c5e51ce-aa4b-45fa-b548-3aebeb03959c
2019-08-23 02:49:41,950 [IPC Server handler 1 on 33687] INFO  node.SCMNodeManager (SCMNodeManager.java:register(273)) - Registered Data node : 5c5e51ce-aa4b-45fa-b548-3aebeb03959c{ip: 192.168.36.77, host: pr-hdds-2000-5mb45-3533150274, networkLocation: /default-rack, certSerialId: null}
2019-08-23 02:49:41,951 | INFO  | SCMAudit | user=jenkins1000 | ip=192.168.36.77 | op=REGISTER {datanodeDetails=5c5e51ce-aa4b-45fa-b548-3aebeb03959c{ip: 192.168.36.77, host: pr-hdds-2000-5mb45-3533150274, networkLocation: /default-rack, certSerialId: null}} | ret=SUCCESS |  
2019-08-23 02:49:41,951 [EventQueue-NodeRegistrationContainerReportForDataNodeSafeModeRule] INFO  safemode.SCMSafeModeManager (DataNodeSafeModeRule.java:process(71)) - SCM in safe mode. 1 DataNodes registered, 1 required.
2019-08-23 02:49:41,952 [EventQueue-NodeRegistrationContainerReportForDataNodeSafeModeRule] INFO  safemode.SCMSafeModeManager (SCMSafeModeManager.java:validateSafeModeExitRules(177)) - ScmSafeModeManager, all rules are successfully validated
2019-08-23 02:49:41,952 [EventQueue-NodeRegistrationContainerReportForDataNodeSafeModeRule] INFO  safemode.SCMSafeModeManager (SCMSafeModeManager.java:exitSafeMode(193)) - SCM exiting safe mode.
2019-08-23 02:49:41,960 [grpc-default-executor-3] INFO  impl.RaftServerProxy (RaftServerProxy.java:addNew(89)) - 5c5e51ce-aa4b-45fa-b548-3aebeb03959c: addNew group-0C13AED45563:[5c5e51ce-aa4b-45fa-b548-3aebeb03959c:192.168.36.77:35267] returns group-0C13AED45563:java.util.concurrent.CompletableFuture@71a9b48c[Not completed]
2019-08-23 02:49:41,962 [pool-316-thread-1] INFO  impl.RaftServerImpl (RaftServerImpl.java:<init>(93)) - 5c5e51ce-aa4b-45fa-b548-3aebeb03959c: new RaftServerImpl for group-0C13AED45563:[5c5e51ce-aa4b-45fa-b548-3aebeb03959c:192.168.36.77:35267] with ContainerStateMachine:uninitialized
2019-08-23 02:49:41,962 [pool-316-thread-1] INFO  server.RaftServerConfigKeys (ConfUtils.java:logGet(43)) - raft.server.rpc.timeout.min = 5s (custom)
2019-08-23 02:49:41,962 [pool-316-thread-1] INFO  server.RaftServerConfigKeys (ConfUtils.java:logGet(43)) - raft.server.rpc.timeout.max = 5200ms (custom)
2019-08-23 02:49:41,962 [pool-316-thread-1] INFO  server.RaftServerConfigKeys (ConfUtils.java:logGet(43)) - raft.server.rpcslowness.timeout = 120s (custom)
2019-08-23 02:49:41,963 [pool-316-thread-1] INFO  server.RaftServerConfigKeys (ConfUtils.java:logGet(43)) - raft.server.sleep.deviation.threshold = 300 (default)
2019-08-23 02:49:41,963 [pool-316-thread-1] INFO  server.RaftServerConfigKeys (ConfUtils.java:logGet(43)) - raft.server.log.appender.install.snapshot.enabled = false (custom)
2019-08-23 02:49:41,963 [pool-316-thread-1] INFO  impl.RaftServerImpl (ServerState.java:<init>(105)) - 5c5e51ce-aa4b-45fa-b548-3aebeb03959c:group-0C13AED45563 ConfigurationManager, init=-1: [5c5e51ce-aa4b-45fa-b548-3aebeb03959c:192.168.36.77:35267], old=null, confs=<EMPTY_MAP>
2019-08-23 02:49:41,963 [pool-316-thread-1] INFO  server.RaftServerConfigKeys (ConfUtils.java:logGet(43)) - raft.server.storage.dir = [/workdir/hadoop-ozone/integration-test/target/test-dir/MiniOzoneClusterImpl-917d4659-6045-4365-874a-c9e7eed38027/datanode-0/data/ratis] (custom)
2019-08-23 02:49:41,965 [pool-316-thread-1] INFO  storage.RaftStorageDirectory (RaftStorageDirectory.java:analyzeStorage(246)) - The storage directory /workdir/hadoop-ozone/integration-test/target/test-dir/MiniOzoneClusterImpl-917d4659-6045-4365-874a-c9e7eed38027/datanode-0/data/ratis/4d1da11c-2a90-4c15-9e18-0c13aed45563 does not exist. Creating ...
2019-08-23 02:49:42,052 [pool-316-thread-1] INFO  storage.RaftStorageDirectory (RaftStorageDirectory.java:tryLock(328)) - Lock on /workdir/hadoop-ozone/integration-test/target/test-dir/MiniOzoneClusterImpl-917d4659-6045-4365-874a-c9e7eed38027/datanode-0/data/ratis/4d1da11c-2a90-4c15-9e18-0c13aed45563/in_use.lock acquired by nodename 1781@pr-hdds-2000-5mb45-3533150274
2019-08-23 02:49:42,081 [pool-316-thread-1] INFO  storage.RaftStorage (RaftStorage.java:format(72)) - Storage directory /workdir/hadoop-ozone/integration-test/target/test-dir/MiniOzoneClusterImpl-917d4659-6045-4365-874a-c9e7eed38027/datanode-0/data/ratis/4d1da11c-2a90-4c15-9e18-0c13aed45563 has been successfully formatted.
2019-08-23 02:49:42,081 [pool-316-thread-1] INFO  ratis.ContainerStateMachine (ContainerStateMachine.java:loadSnapshot(226)) - group-0C13AED45563: The snapshot info is null. Setting the last applied indexto:(t:0, i:~)
2019-08-23 02:49:42,081 [pool-316-thread-1] INFO  server.RaftServerConfigKeys (ConfUtils.java:logGet(43)) - raft.server.leader.election.timeout = 120s (custom)
2019-08-23 02:49:42,081 [pool-316-thread-1] INFO  server.RaftServerConfigKeys (ConfUtils.java:logGet(43)) - raft.server.log.use.memory = false (default)
2019-08-23 02:49:42,082 [pool-316-thread-1] INFO  server.RaftServerConfigKeys (ConfUtils.java:logGet(43)) - raft.server.log.purge.gap = 1000000 (custom)
2019-08-23 02:49:42,082 [pool-316-thread-1] INFO  server.RaftServerConfigKeys (ConfUtils.java:logGet(43)) - raft.server.log.appender.buffer.byte-limit = 33554432 (custom)
2019-08-23 02:49:42,082 [pool-316-thread-1] INFO  server.RaftServerConfigKeys (ConfUtils.java:logGet(43)) - raft.server.log.segment.size.max = 1048576 (custom)
2019-08-23 02:49:42,082 [pool-316-thread-1] INFO  server.RaftServerConfigKeys (ConfUtils.java:logGet(43)) - raft.server.log.segment.cache.num.max = 2 (custom)
2019-08-23 02:49:42,082 [pool-316-thread-1] INFO  segmented.SegmentedRaftLogWorker (SegmentedRaftLogWorker.java:<init>(172)) - new 5c5e51ce-aa4b-45fa-b548-3aebeb03959c-SegmentedRaftLogWorker:Storage Directory /workdir/hadoop-ozone/integration-test/target/test-dir/MiniOzoneClusterImpl-917d4659-6045-4365-874a-c9e7eed38027/datanode-0/data/ratis/4d1da11c-2a90-4c15-9e18-0c13aed45563 for RaftStorage:Storage Directory /workdir/hadoop-ozone/integration-test/target/test-dir/MiniOzoneClusterImpl-917d4659-6045-4365-874a-c9e7eed38027/datanode-0/data/ratis/4d1da11c-2a90-4c15-9e18-0c13aed45563
2019-08-23 02:49:42,082 [pool-316-thread-1] INFO  server.RaftServerConfigKeys (ConfUtils.java:logGet(43)) - raft.server.log.queue.byte-limit = 2147483647 (custom)
2019-08-23 02:49:42,082 [pool-316-thread-1] INFO  server.RaftServerConfigKeys (ConfUtils.java:logGet(43)) - raft.server.log.queue.element-limit = 1024 (custom)
2019-08-23 02:49:42,082 [pool-316-thread-1] INFO  server.RaftServerConfigKeys (ConfUtils.java:logGet(43)) - raft.server.log.segment.size.max = 1048576 (custom)
2019-08-23 02:49:42,083 [pool-316-thread-1] INFO  server.RaftServerConfigKeys (ConfUtils.java:logGet(43)) - raft.server.log.preallocated.size = 16384 (custom)
2019-08-23 02:49:42,083 [pool-316-thread-1] INFO  server.RaftServerConfigKeys (ConfUtils.java:logGet(43)) - raft.server.log.write.buffer.size = 33554432 (custom)
2019-08-23 02:49:42,083 [pool-316-thread-1] INFO  server.RaftServerConfigKeys (ConfUtils.java:logGet(43)) - raft.server.log.force.sync.num = 128 (default)
2019-08-23 02:49:42,083 [pool-316-thread-1] INFO  server.RaftServerConfigKeys (ConfUtils.java:logGet(43)) - raft.server.log.statemachine.data.sync = true (default)
2019-08-23 02:49:42,083 [pool-316-thread-1] INFO  server.RaftServerConfigKeys (ConfUtils.java:logGet(43)) - raft.server.log.statemachine.data.sync.timeout = 10s (default)
2019-08-23 02:49:42,083 [pool-316-thread-1] INFO  server.RaftServerConfigKeys (ConfUtils.java:logGet(43)) - raft.server.log.statemachine.data.sync.timeout.retry = -1 (default)
2019-08-23 02:49:42,083 [pool-316-thread-1] INFO  server.RaftServerConfigKeys (ConfUtils.java:logGet(43)) - raft.server.log.statemachine.data.caching.enabled = true (custom)
2019-08-23 02:49:42,083 [pool-316-thread-1] INFO  segmented.SegmentedRaftLogWorker (SegmentedRaftLogWorker.java:lambda$new$0(132)) - 5c5e51ce-aa4b-45fa-b548-3aebeb03959c-SegmentedRaftLogWorker:Storage Directory /workdir/hadoop-ozone/integration-test/target/test-dir/MiniOzoneClusterImpl-917d4659-6045-4365-874a-c9e7eed38027/datanode-0/data/ratis/4d1da11c-2a90-4c15-9e18-0c13aed45563: flushIndex: setUnconditionally 0 -> -1
2019-08-23 02:49:42,084 [pool-316-thread-1] INFO  server.RaftServerConfigKeys (ConfUtils.java:logGet(43)) - raft.server.snapshot.auto.trigger.enabled = true (custom)
2019-08-23 02:49:42,084 [pool-316-thread-1] INFO  server.RaftServerConfigKeys (ConfUtils.java:logGet(43)) - raft.server.snapshot.auto.trigger.threshold = 10000 (custom)
2019-08-23 02:49:42,084 [pool-316-thread-1] INFO  server.RaftServerConfigKeys (ConfUtils.java:logGet(43)) - raft.server.retrycache.expirytime = 600000ms (custom)
2019-08-23 02:49:42,084 [pool-316-thread-1] INFO  impl.RaftServerImpl (RaftServerImpl.java:start(180)) - 5c5e51ce-aa4b-45fa-b548-3aebeb03959c: start group-0C13AED45563
2019-08-23 02:49:42,084 [pool-316-thread-1] INFO  impl.RaftServerImpl (RaftServerImpl.java:setRole(171)) - 5c5e51ce-aa4b-45fa-b548-3aebeb03959c:group-0C13AED45563 changes role from null to FOLLOWER at term 0 for startAsFollower
2019-08-23 02:49:42,084 [pool-316-thread-1] INFO  impl.RoleInfo (RoleInfo.java:updateAndGet(143)) - 5c5e51ce-aa4b-45fa-b548-3aebeb03959c: start FollowerState
2019-08-23 02:49:42,085 [pool-316-thread-1] INFO  util.JmxRegister (JmxRegister.java:tryRegister(44)) - Successfully registered JMX Bean with object name Ratis:service=RaftServer,group=group-0C13AED45563,id=5c5e51ce-aa4b-45fa-b548-3aebeb03959c
2019-08-23 02:49:42,087 [RatisPipelineUtilsThread] INFO  pipeline.PipelineStateManager (PipelineStateManager.java:addPipeline(56)) - Created pipeline Pipeline[ Id: 4d1da11c-2a90-4c15-9e18-0c13aed45563, Nodes: 5c5e51ce-aa4b-45fa-b548-3aebeb03959c{ip: 192.168.36.77, host: pr-hdds-2000-5mb45-3533150274, networkLocation: /default-rack, certSerialId: null}, Type:RATIS, Factor:ONE, State:OPEN]
2019-08-23 02:49:42,123 [main] INFO  ozone.MiniOzoneClusterImpl (MiniOzoneClusterImpl.java:lambda$waitForClusterToBeReady$0(142)) - Waiting for cluster to be ready. Got 1 of 7 DN Heartbeats.
2019-08-23 02:49:42,140 [IPC Server handler 5 on 33687] INFO  net.NetworkTopology (NetworkTopologyImpl.java:add(110)) - Added a new node: /default-rack/004b6b6e-41ce-4475-9f2f-481aedf9c953
2019-08-23 02:49:42,140 [IPC Server handler 5 on 33687] INFO  node.SCMNodeManager (SCMNodeManager.java:register(273)) - Registered Data node : 004b6b6e-41ce-4475-9f2f-481aedf9c953{ip: 192.168.36.77, host: pr-hdds-2000-5mb45-3533150274, networkLocation: /default-rack, certSerialId: null}
2019-08-23 02:49:42,141 | INFO  | SCMAudit | user=jenkins1000 | ip=192.168.36.77 | op=REGISTER {datanodeDetails=004b6b6e-41ce-4475-9f2f-481aedf9c953{ip: 192.168.36.77, host: pr-hdds-2000-5mb45-3533150274, networkLocation: /default-rack, certSerialId: null}} | ret=SUCCESS |  
2019-08-23 02:49:42,148 [grpc-default-executor-3] INFO  impl.RaftServerProxy (RaftServerProxy.java:addNew(89)) - 004b6b6e-41ce-4475-9f2f-481aedf9c953: addNew group-198642246E57:[004b6b6e-41ce-4475-9f2f-481aedf9c953:192.168.36.77:45065] returns group-198642246E57:java.util.concurrent.CompletableFuture@149de39a[Not completed]
2019-08-23 02:49:42,149 [pool-327-thread-1] INFO  impl.RaftServerImpl (RaftServerImpl.java:<init>(93)) - 004b6b6e-41ce-4475-9f2f-481aedf9c953: new RaftServerImpl for group-198642246E57:[004b6b6e-41ce-4475-9f2f-481aedf9c953:192.168.36.77:45065] with ContainerStateMachine:uninitialized
2019-08-23 02:49:42,150 [pool-327-thread-1] INFO  server.RaftServerConfigKeys (ConfUtils.java:logGet(43)) - raft.server.rpc.timeout.min = 5s (custom)
2019-08-23 02:49:42,150 [pool-327-thread-1] INFO  server.RaftServerConfigKeys (ConfUtils.java:logGet(43)) - raft.server.rpc.timeout.max = 5200ms (custom)
2019-08-23 02:49:42,150 [pool-327-thread-1] INFO  server.RaftServerConfigKeys (ConfUtils.java:logGet(43)) - raft.server.rpcslowness.timeout = 120s (custom)
2019-08-23 02:49:42,150 [pool-327-thread-1] INFO  server.RaftServerConfigKeys (ConfUtils.java:logGet(43)) - raft.server.sleep.deviation.threshold = 300 (default)
2019-08-23 02:49:42,150 [pool-327-thread-1] INFO  server.RaftServerConfigKeys (ConfUtils.java:logGet(43)) - raft.server.log.appender.install.snapshot.enabled = false (custom)
2019-08-23 02:49:42,150 [pool-327-thread-1] INFO  impl.RaftServerImpl (ServerState.java:<init>(105)) - 004b6b6e-41ce-4475-9f2f-481aedf9c953:group-198642246E57 ConfigurationManager, init=-1: [004b6b6e-41ce-4475-9f2f-481aedf9c953:192.168.36.77:45065], old=null, confs=<EMPTY_MAP>
2019-08-23 02:49:42,150 [pool-327-thread-1] INFO  server.RaftServerConfigKeys (ConfUtils.java:logGet(43)) - raft.server.storage.dir = [/workdir/hadoop-ozone/integration-test/target/test-dir/MiniOzoneClusterImpl-917d4659-6045-4365-874a-c9e7eed38027/datanode-1/data/ratis] (custom)
2019-08-23 02:49:42,151 [pool-327-thread-1] INFO  storage.RaftStorageDirectory (RaftStorageDirectory.java:analyzeStorage(246)) - The storage directory /workdir/hadoop-ozone/integration-test/target/test-dir/MiniOzoneClusterImpl-917d4659-6045-4365-874a-c9e7eed38027/datanode-1/data/ratis/d1c2d4ed-fd8c-483f-bf28-198642246e57 does not exist. Creating ...
2019-08-23 02:49:42,210 [pool-327-thread-1] INFO  storage.RaftStorageDirectory (RaftStorageDirectory.java:tryLock(328)) - Lock on /workdir/hadoop-ozone/integration-test/target/test-dir/MiniOzoneClusterImpl-917d4659-6045-4365-874a-c9e7eed38027/datanode-1/data/ratis/d1c2d4ed-fd8c-483f-bf28-198642246e57/in_use.lock acquired by nodename 1781@pr-hdds-2000-5mb45-3533150274
2019-08-23 02:49:42,252 [pool-327-thread-1] INFO  storage.RaftStorage (RaftStorage.java:format(72)) - Storage directory /workdir/hadoop-ozone/integration-test/target/test-dir/MiniOzoneClusterImpl-917d4659-6045-4365-874a-c9e7eed38027/datanode-1/data/ratis/d1c2d4ed-fd8c-483f-bf28-198642246e57 has been successfully formatted.
2019-08-23 02:49:42,253 [pool-327-thread-1] INFO  ratis.ContainerStateMachine (ContainerStateMachine.java:loadSnapshot(226)) - group-198642246E57: The snapshot info is null. Setting the last applied indexto:(t:0, i:~)
2019-08-23 02:49:42,253 [pool-327-thread-1] INFO  server.RaftServerConfigKeys (ConfUtils.java:logGet(43)) - raft.server.leader.election.timeout = 120s (custom)
2019-08-23 02:49:42,253 [pool-327-thread-1] INFO  server.RaftServerConfigKeys (ConfUtils.java:logGet(43)) - raft.server.log.use.memory = false (default)
2019-08-23 02:49:42,253 [pool-327-thread-1] INFO  server.RaftServerConfigKeys (ConfUtils.java:logGet(43)) - raft.server.log.purge.gap = 1000000 (custom)
2019-08-23 02:49:42,253 [pool-327-thread-1] INFO  server.RaftServerConfigKeys (ConfUtils.java:logGet(43)) - raft.server.log.appender.buffer.byte-limit = 33554432 (custom)
2019-08-23 02:49:42,253 [pool-327-thread-1] INFO  server.RaftServerConfigKeys (ConfUtils.java:logGet(43)) - raft.server.log.segment.size.max = 1048576 (custom)
2019-08-23 02:49:42,253 [pool-327-thread-1] INFO  server.RaftServerConfigKeys (ConfUtils.java:logGet(43)) - raft.server.log.segment.cache.num.max = 2 (custom)
2019-08-23 02:49:42,254 [pool-327-thread-1] INFO  segmented.SegmentedRaftLogWorker (SegmentedRaftLogWorker.java:<init>(172)) - new 004b6b6e-41ce-4475-9f2f-481aedf9c953-SegmentedRaftLogWorker:Storage Directory /workdir/hadoop-ozone/integration-test/target/test-dir/MiniOzoneClusterImpl-917d4659-6045-4365-874a-c9e7eed38027/datanode-1/data/ratis/d1c2d4ed-fd8c-483f-bf28-198642246e57 for RaftStorage:Storage Directory /workdir/hadoop-ozone/integration-test/target/test-dir/MiniOzoneClusterImpl-917d4659-6045-4365-874a-c9e7eed38027/datanode-1/data/ratis/d1c2d4ed-fd8c-483f-bf28-198642246e57
2019-08-23 02:49:42,254 [pool-327-thread-1] INFO  server.RaftServerConfigKeys (ConfUtils.java:logGet(43)) - raft.server.log.queue.byte-limit = 2147483647 (custom)
2019-08-23 02:49:42,254 [pool-327-thread-1] INFO  server.RaftServerConfigKeys (ConfUtils.java:logGet(43)) - raft.server.log.queue.element-limit = 1024 (custom)
2019-08-23 02:49:42,254 [pool-327-thread-1] INFO  server.RaftServerConfigKeys (ConfUtils.java:logGet(43)) - raft.server.log.segment.size.max = 1048576 (custom)
2019-08-23 02:49:42,254 [pool-327-thread-1] INFO  server.RaftServerConfigKeys (ConfUtils.java:logGet(43)) - raft.server.log.preallocated.size = 16384 (custom)
2019-08-23 02:49:42,254 [pool-327-thread-1] INFO  server.RaftServerConfigKeys (ConfUtils.java:logGet(43)) - raft.server.log.write.buffer.size = 33554432 (custom)
2019-08-23 02:49:42,255 [pool-327-thread-1] INFO  server.RaftServerConfigKeys (ConfUtils.java:logGet(43)) - raft.server.log.force.sync.num = 128 (default)
2019-08-23 02:49:42,255 [pool-327-thread-1] INFO  server.RaftServerConfigKeys (ConfUtils.java:logGet(43)) - raft.server.log.statemachine.data.sync = true (default)
2019-08-23 02:49:42,255 [pool-327-thread-1] INFO  server.RaftServerConfigKeys (ConfUtils.java:logGet(43)) - raft.server.log.statemachine.data.sync.timeout = 10s (default)
2019-08-23 02:49:42,255 [pool-327-thread-1] INFO  server.RaftServerConfigKeys (ConfUtils.java:logGet(43)) - raft.server.log.statemachine.data.sync.timeout.retry = -1 (default)
2019-08-23 02:49:42,255 [pool-327-thread-1] INFO  server.RaftServerConfigKeys (ConfUtils.java:logGet(43)) - raft.server.log.statemachine.data.caching.enabled = true (custom)
2019-08-23 02:49:42,255 [pool-327-thread-1] INFO  segmented.SegmentedRaftLogWorker (SegmentedRaftLogWorker.java:lambda$new$0(132)) - 004b6b6e-41ce-4475-9f2f-481aedf9c953-SegmentedRaftLogWorker:Storage Directory /workdir/hadoop-ozone/integration-test/target/test-dir/MiniOzoneClusterImpl-917d4659-6045-4365-874a-c9e7eed38027/datanode-1/data/ratis/d1c2d4ed-fd8c-483f-bf28-198642246e57: flushIndex: setUnconditionally 0 -> -1
2019-08-23 02:49:42,256 [pool-327-thread-1] INFO  server.RaftServerConfigKeys (ConfUtils.java:logGet(43)) - raft.server.snapshot.auto.trigger.enabled = true (custom)
2019-08-23 02:49:42,256 [pool-327-thread-1] INFO  server.RaftServerConfigKeys (ConfUtils.java:logGet(43)) - raft.server.snapshot.auto.trigger.threshold = 10000 (custom)
2019-08-23 02:49:42,256 [pool-327-thread-1] INFO  server.RaftServerConfigKeys (ConfUtils.java:logGet(43)) - raft.server.retrycache.expirytime = 600000ms (custom)
2019-08-23 02:49:42,256 [pool-327-thread-1] INFO  impl.RaftServerImpl (RaftServerImpl.java:start(180)) - 004b6b6e-41ce-4475-9f2f-481aedf9c953: start group-198642246E57
2019-08-23 02:49:42,256 [pool-327-thread-1] INFO  impl.RaftServerImpl (RaftServerImpl.java:setRole(171)) - 004b6b6e-41ce-4475-9f2f-481aedf9c953:group-198642246E57 changes role from null to FOLLOWER at term 0 for startAsFollower
2019-08-23 02:49:42,256 [pool-327-thread-1] INFO  impl.RoleInfo (RoleInfo.java:updateAndGet(143)) - 004b6b6e-41ce-4475-9f2f-481aedf9c953: start FollowerState
2019-08-23 02:49:42,257 [pool-327-thread-1] INFO  util.JmxRegister (JmxRegister.java:tryRegister(44)) - Successfully registered JMX Bean with object name Ratis:service=RaftServer,group=group-198642246E57,id=004b6b6e-41ce-4475-9f2f-481aedf9c953
2019-08-23 02:49:42,259 [RatisPipelineUtilsThread] INFO  pipeline.PipelineStateManager (PipelineStateManager.java:addPipeline(56)) - Created pipeline Pipeline[ Id: d1c2d4ed-fd8c-483f-bf28-198642246e57, Nodes: 004b6b6e-41ce-4475-9f2f-481aedf9c953{ip: 192.168.36.77, host: pr-hdds-2000-5mb45-3533150274, networkLocation: /default-rack, certSerialId: null}, Type:RATIS, Factor:ONE, State:OPEN]
2019-08-23 02:49:42,343 [IPC Server handler 6 on 33687] INFO  net.NetworkTopology (NetworkTopologyImpl.java:add(110)) - Added a new node: /default-rack/50e43da2-e7e0-478c-b7e8-9638b0c061cc
2019-08-23 02:49:42,344 [IPC Server handler 6 on 33687] INFO  node.SCMNodeManager (SCMNodeManager.java:register(273)) - Registered Data node : 50e43da2-e7e0-478c-b7e8-9638b0c061cc{ip: 192.168.36.77, host: pr-hdds-2000-5mb45-3533150274, networkLocation: /default-rack, certSerialId: null}
2019-08-23 02:49:42,346 | INFO  | SCMAudit | user=jenkins1000 | ip=192.168.36.77 | op=REGISTER {datanodeDetails=50e43da2-e7e0-478c-b7e8-9638b0c061cc{ip: 192.168.36.77, host: pr-hdds-2000-5mb45-3533150274, networkLocation: /default-rack, certSerialId: null}} | ret=SUCCESS |  
2019-08-23 02:49:42,352 [grpc-default-executor-3] INFO  impl.RaftServerProxy (RaftServerProxy.java:addNew(89)) - 50e43da2-e7e0-478c-b7e8-9638b0c061cc: addNew group-DA9006487F74:[50e43da2-e7e0-478c-b7e8-9638b0c061cc:192.168.36.77:45690] returns group-DA9006487F74:java.util.concurrent.CompletableFuture@69131c54[Not completed]
2019-08-23 02:49:42,354 [pool-338-thread-1] INFO  impl.RaftServerImpl (RaftServerImpl.java:<init>(93)) - 50e43da2-e7e0-478c-b7e8-9638b0c061cc: new RaftServerImpl for group-DA9006487F74:[50e43da2-e7e0-478c-b7e8-9638b0c061cc:192.168.36.77:45690] with ContainerStateMachine:uninitialized
2019-08-23 02:49:42,354 [pool-338-thread-1] INFO  server.RaftServerConfigKeys (ConfUtils.java:logGet(43)) - raft.server.rpc.timeout.min = 5s (custom)
2019-08-23 02:49:42,354 [pool-338-thread-1] INFO  server.RaftServerConfigKeys (ConfUtils.java:logGet(43)) - raft.server.rpc.timeout.max = 5200ms (custom)
2019-08-23 02:49:42,354 [pool-338-thread-1] INFO  server.RaftServerConfigKeys (ConfUtils.java:logGet(43)) - raft.server.rpcslowness.timeout = 120s (custom)
2019-08-23 02:49:42,354 [pool-338-thread-1] INFO  server.RaftServerConfigKeys (ConfUtils.java:logGet(43)) - raft.server.sleep.deviation.threshold = 300 (default)
2019-08-23 02:49:42,354 [pool-338-thread-1] INFO  server.RaftServerConfigKeys (ConfUtils.java:logGet(43)) - raft.server.log.appender.install.snapshot.enabled = false (custom)
2019-08-23 02:49:42,355 [pool-338-thread-1] INFO  impl.RaftServerImpl (ServerState.java:<init>(105)) - 50e43da2-e7e0-478c-b7e8-9638b0c061cc:group-DA9006487F74 ConfigurationManager, init=-1: [50e43da2-e7e0-478c-b7e8-9638b0c061cc:192.168.36.77:45690], old=null, confs=<EMPTY_MAP>
2019-08-23 02:49:42,355 [pool-338-thread-1] INFO  server.RaftServerConfigKeys (ConfUtils.java:logGet(43)) - raft.server.storage.dir = [/workdir/hadoop-ozone/integration-test/target/test-dir/MiniOzoneClusterImpl-917d4659-6045-4365-874a-c9e7eed38027/datanode-2/data/ratis] (custom)
2019-08-23 02:49:42,355 [pool-338-thread-1] INFO  storage.RaftStorageDirectory (RaftStorageDirectory.java:analyzeStorage(246)) - The storage directory /workdir/hadoop-ozone/integration-test/target/test-dir/MiniOzoneClusterImpl-917d4659-6045-4365-874a-c9e7eed38027/datanode-2/data/ratis/a9d1b78d-d1bc-434c-8986-da9006487f74 does not exist. Creating ...
2019-08-23 02:49:42,402 [pool-338-thread-1] INFO  storage.RaftStorageDirectory (RaftStorageDirectory.java:tryLock(328)) - Lock on /workdir/hadoop-ozone/integration-test/target/test-dir/MiniOzoneClusterImpl-917d4659-6045-4365-874a-c9e7eed38027/datanode-2/data/ratis/a9d1b78d-d1bc-434c-8986-da9006487f74/in_use.lock acquired by nodename 1781@pr-hdds-2000-5mb45-3533150274
2019-08-23 02:49:42,523 [IPC Server handler 2 on 33687] INFO  net.NetworkTopology (NetworkTopologyImpl.java:add(110)) - Added a new node: /default-rack/674baee6-143c-441e-9e30-0d895b06f838
2019-08-23 02:49:42,524 [IPC Server handler 2 on 33687] INFO  node.SCMNodeManager (SCMNodeManager.java:register(273)) - Registered Data node : 674baee6-143c-441e-9e30-0d895b06f838{ip: 192.168.36.77, host: pr-hdds-2000-5mb45-3533150274, networkLocation: /default-rack, certSerialId: null}
2019-08-23 02:49:42,524 | INFO  | SCMAudit | user=jenkins1000 | ip=192.168.36.77 | op=REGISTER {datanodeDetails=674baee6-143c-441e-9e30-0d895b06f838{ip: 192.168.36.77, host: pr-hdds-2000-5mb45-3533150274, networkLocation: /default-rack, certSerialId: null}} | ret=SUCCESS |  
2019-08-23 02:49:42,567 [pool-338-thread-1] INFO  storage.RaftStorage (RaftStorage.java:format(72)) - Storage directory /workdir/hadoop-ozone/integration-test/target/test-dir/MiniOzoneClusterImpl-917d4659-6045-4365-874a-c9e7eed38027/datanode-2/data/ratis/a9d1b78d-d1bc-434c-8986-da9006487f74 has been successfully formatted.
2019-08-23 02:49:42,567 [pool-338-thread-1] INFO  ratis.ContainerStateMachine (ContainerStateMachine.java:loadSnapshot(226)) - group-DA9006487F74: The snapshot info is null. Setting the last applied indexto:(t:0, i:~)
2019-08-23 02:49:42,567 [pool-338-thread-1] INFO  server.RaftServerConfigKeys (ConfUtils.java:logGet(43)) - raft.server.leader.election.timeout = 120s (custom)
2019-08-23 02:49:42,568 [pool-338-thread-1] INFO  server.RaftServerConfigKeys (ConfUtils.java:logGet(43)) - raft.server.log.use.memory = false (default)
2019-08-23 02:49:42,568 [pool-338-thread-1] INFO  server.RaftServerConfigKeys (ConfUtils.java:logGet(43)) - raft.server.log.purge.gap = 1000000 (custom)
2019-08-23 02:49:42,568 [pool-338-thread-1] INFO  server.RaftServerConfigKeys (ConfUtils.java:logGet(43)) - raft.server.log.appender.buffer.byte-limit = 33554432 (custom)
2019-08-23 02:49:42,568 [pool-338-thread-1] INFO  server.RaftServerConfigKeys (ConfUtils.java:logGet(43)) - raft.server.log.segment.size.max = 1048576 (custom)
2019-08-23 02:49:42,568 [pool-338-thread-1] INFO  server.RaftServerConfigKeys (ConfUtils.java:logGet(43)) - raft.server.log.segment.cache.num.max = 2 (custom)
2019-08-23 02:49:42,568 [pool-338-thread-1] INFO  segmented.SegmentedRaftLogWorker (SegmentedRaftLogWorker.java:<init>(172)) - new 50e43da2-e7e0-478c-b7e8-9638b0c061cc-SegmentedRaftLogWorker:Storage Directory /workdir/hadoop-ozone/integration-test/target/test-dir/MiniOzoneClusterImpl-917d4659-6045-4365-874a-c9e7eed38027/datanode-2/data/ratis/a9d1b78d-d1bc-434c-8986-da9006487f74 for RaftStorage:Storage Directory /workdir/hadoop-ozone/integration-test/target/test-dir/MiniOzoneClusterImpl-917d4659-6045-4365-874a-c9e7eed38027/datanode-2/data/ratis/a9d1b78d-d1bc-434c-8986-da9006487f74
2019-08-23 02:49:42,568 [pool-338-thread-1] INFO  server.RaftServerConfigKeys (ConfUtils.java:logGet(43)) - raft.server.log.queue.byte-limit = 2147483647 (custom)
2019-08-23 02:49:42,569 [pool-338-thread-1] INFO  server.RaftServerConfigKeys (ConfUtils.java:logGet(43)) - raft.server.log.queue.element-limit = 1024 (custom)
2019-08-23 02:49:42,569 [pool-338-thread-1] INFO  server.RaftServerConfigKeys (ConfUtils.java:logGet(43)) - raft.server.log.segment.size.max = 1048576 (custom)
2019-08-23 02:49:42,569 [pool-338-thread-1] INFO  server.RaftServerConfigKeys (ConfUtils.java:logGet(43)) - raft.server.log.preallocated.size = 16384 (custom)
2019-08-23 02:49:42,569 [pool-338-thread-1] INFO  server.RaftServerConfigKeys (ConfUtils.java:logGet(43)) - raft.server.log.write.buffer.size = 33554432 (custom)
2019-08-23 02:49:42,569 [pool-338-thread-1] INFO  server.RaftServerConfigKeys (ConfUtils.java:logGet(43)) - raft.server.log.force.sync.num = 128 (default)
2019-08-23 02:49:42,569 [pool-338-thread-1] INFO  server.RaftServerConfigKeys (ConfUtils.java:logGet(43)) - raft.server.log.statemachine.data.sync = true (default)
2019-08-23 02:49:42,569 [pool-338-thread-1] INFO  server.RaftServerConfigKeys (ConfUtils.java:logGet(43)) - raft.server.log.statemachine.data.sync.timeout = 10s (default)
2019-08-23 02:49:42,569 [pool-338-thread-1] INFO  server.RaftServerConfigKeys (ConfUtils.java:logGet(43)) - raft.server.log.statemachine.data.sync.timeout.retry = -1 (default)
2019-08-23 02:49:42,570 [pool-338-thread-1] INFO  server.RaftServerConfigKeys (ConfUtils.java:logGet(43)) - raft.server.log.statemachine.data.caching.enabled = true (custom)
2019-08-23 02:49:42,570 [pool-338-thread-1] INFO  segmented.SegmentedRaftLogWorker (SegmentedRaftLogWorker.java:lambda$new$0(132)) - 50e43da2-e7e0-478c-b7e8-9638b0c061cc-SegmentedRaftLogWorker:Storage Directory /workdir/hadoop-ozone/integration-test/target/test-dir/MiniOzoneClusterImpl-917d4659-6045-4365-874a-c9e7eed38027/datanode-2/data/ratis/a9d1b78d-d1bc-434c-8986-da9006487f74: flushIndex: setUnconditionally 0 -> -1
2019-08-23 02:49:42,570 [pool-338-thread-1] INFO  server.RaftServerConfigKeys (ConfUtils.java:logGet(43)) - raft.server.snapshot.auto.trigger.enabled = true (custom)
2019-08-23 02:49:42,570 [pool-338-thread-1] INFO  server.RaftServerConfigKeys (ConfUtils.java:logGet(43)) - raft.server.snapshot.auto.trigger.threshold = 10000 (custom)
2019-08-23 02:49:42,570 [pool-338-thread-1] INFO  server.RaftServerConfigKeys (ConfUtils.java:logGet(43)) - raft.server.retrycache.expirytime = 600000ms (custom)
2019-08-23 02:49:42,571 [pool-338-thread-1] INFO  impl.RaftServerImpl (RaftServerImpl.java:start(180)) - 50e43da2-e7e0-478c-b7e8-9638b0c061cc: start group-DA9006487F74
2019-08-23 02:49:42,571 [pool-338-thread-1] INFO  impl.RaftServerImpl (RaftServerImpl.java:setRole(171)) - 50e43da2-e7e0-478c-b7e8-9638b0c061cc:group-DA9006487F74 changes role from null to FOLLOWER at term 0 for startAsFollower
2019-08-23 02:49:42,571 [pool-338-thread-1] INFO  impl.RoleInfo (RoleInfo.java:updateAndGet(143)) - 50e43da2-e7e0-478c-b7e8-9638b0c061cc: start FollowerState
2019-08-23 02:49:42,571 [pool-338-thread-1] INFO  util.JmxRegister (JmxRegister.java:tryRegister(44)) - Successfully registered JMX Bean with object name Ratis:service=RaftServer,group=group-DA9006487F74,id=50e43da2-e7e0-478c-b7e8-9638b0c061cc
2019-08-23 02:49:42,574 [RatisPipelineUtilsThread] INFO  pipeline.PipelineStateManager (PipelineStateManager.java:addPipeline(56)) - Created pipeline Pipeline[ Id: a9d1b78d-d1bc-434c-8986-da9006487f74, Nodes: 50e43da2-e7e0-478c-b7e8-9638b0c061cc{ip: 192.168.36.77, host: pr-hdds-2000-5mb45-3533150274, networkLocation: /default-rack, certSerialId: null}, Type:RATIS, Factor:ONE, State:OPEN]
2019-08-23 02:49:42,584 [grpc-default-executor-3] INFO  impl.RaftServerProxy (RaftServerProxy.java:addNew(89)) - 674baee6-143c-441e-9e30-0d895b06f838: addNew group-16D193DC11D0:[674baee6-143c-441e-9e30-0d895b06f838:192.168.36.77:39798] returns group-16D193DC11D0:java.util.concurrent.CompletableFuture@104e4ce2[Not completed]
2019-08-23 02:49:42,585 [pool-349-thread-1] INFO  impl.RaftServerImpl (RaftServerImpl.java:<init>(93)) - 674baee6-143c-441e-9e30-0d895b06f838: new RaftServerImpl for group-16D193DC11D0:[674baee6-143c-441e-9e30-0d895b06f838:192.168.36.77:39798] with ContainerStateMachine:uninitialized
2019-08-23 02:49:42,586 [pool-349-thread-1] INFO  server.RaftServerConfigKeys (ConfUtils.java:logGet(43)) - raft.server.rpc.timeout.min = 5s (custom)
2019-08-23 02:49:42,586 [pool-349-thread-1] INFO  server.RaftServerConfigKeys (ConfUtils.java:logGet(43)) - raft.server.rpc.timeout.max = 5200ms (custom)
2019-08-23 02:49:42,586 [pool-349-thread-1] INFO  server.RaftServerConfigKeys (ConfUtils.java:logGet(43)) - raft.server.rpcslowness.timeout = 120s (custom)
2019-08-23 02:49:42,586 [pool-349-thread-1] INFO  server.RaftServerConfigKeys (ConfUtils.java:logGet(43)) - raft.server.sleep.deviation.threshold = 300 (default)
2019-08-23 02:49:42,586 [pool-349-thread-1] INFO  server.RaftServerConfigKeys (ConfUtils.java:logGet(43)) - raft.server.log.appender.install.snapshot.enabled = false (custom)
2019-08-23 02:49:42,587 [pool-349-thread-1] INFO  impl.RaftServerImpl (ServerState.java:<init>(105)) - 674baee6-143c-441e-9e30-0d895b06f838:group-16D193DC11D0 ConfigurationManager, init=-1: [674baee6-143c-441e-9e30-0d895b06f838:192.168.36.77:39798], old=null, confs=<EMPTY_MAP>
2019-08-23 02:49:42,587 [pool-349-thread-1] INFO  server.RaftServerConfigKeys (ConfUtils.java:logGet(43)) - raft.server.storage.dir = [/workdir/hadoop-ozone/integration-test/target/test-dir/MiniOzoneClusterImpl-917d4659-6045-4365-874a-c9e7eed38027/datanode-3/data/ratis] (custom)
2019-08-23 02:49:42,587 [pool-349-thread-1] INFO  storage.RaftStorageDirectory (RaftStorageDirectory.java:analyzeStorage(246)) - The storage directory /workdir/hadoop-ozone/integration-test/target/test-dir/MiniOzoneClusterImpl-917d4659-6045-4365-874a-c9e7eed38027/datanode-3/data/ratis/e8c17508-694d-43a9-a68e-16d193dc11d0 does not exist. Creating ...
2019-08-23 02:49:42,741 [IPC Server handler 1 on 33687] INFO  net.NetworkTopology (NetworkTopologyImpl.java:add(110)) - Added a new node: /default-rack/6e366328-a21a-42d1-a497-c25b5c1bc291
2019-08-23 02:49:42,742 [IPC Server handler 1 on 33687] INFO  node.SCMNodeManager (SCMNodeManager.java:register(273)) - Registered Data node : 6e366328-a21a-42d1-a497-c25b5c1bc291{ip: 192.168.36.77, host: pr-hdds-2000-5mb45-3533150274, networkLocation: /default-rack, certSerialId: null}
2019-08-23 02:49:42,742 | INFO  | SCMAudit | user=jenkins1000 | ip=192.168.36.77 | op=REGISTER {datanodeDetails=6e366328-a21a-42d1-a497-c25b5c1bc291{ip: 192.168.36.77, host: pr-hdds-2000-5mb45-3533150274, networkLocation: /default-rack, certSerialId: null}} | ret=SUCCESS |  
2019-08-23 02:49:42,894 [pool-349-thread-1] INFO  storage.RaftStorageDirectory (RaftStorageDirectory.java:tryLock(328)) - Lock on /workdir/hadoop-ozone/integration-test/target/test-dir/MiniOzoneClusterImpl-917d4659-6045-4365-874a-c9e7eed38027/datanode-3/data/ratis/e8c17508-694d-43a9-a68e-16d193dc11d0/in_use.lock acquired by nodename 1781@pr-hdds-2000-5mb45-3533150274
2019-08-23 02:49:42,950 [IPC Server handler 4 on 33687] INFO  net.NetworkTopology (NetworkTopologyImpl.java:add(110)) - Added a new node: /default-rack/15fd999f-62be-4877-833a-993ce600606a
2019-08-23 02:49:42,950 [IPC Server handler 4 on 33687] INFO  node.SCMNodeManager (SCMNodeManager.java:register(273)) - Registered Data node : 15fd999f-62be-4877-833a-993ce600606a{ip: 192.168.36.77, host: pr-hdds-2000-5mb45-3533150274, networkLocation: /default-rack, certSerialId: null}
2019-08-23 02:49:42,951 | INFO  | SCMAudit | user=jenkins1000 | ip=192.168.36.77 | op=REGISTER {datanodeDetails=15fd999f-62be-4877-833a-993ce600606a{ip: 192.168.36.77, host: pr-hdds-2000-5mb45-3533150274, networkLocation: /default-rack, certSerialId: null}} | ret=SUCCESS |  
2019-08-23 02:49:43,124 [main] INFO  ozone.MiniOzoneClusterImpl (MiniOzoneClusterImpl.java:lambda$waitForClusterToBeReady$0(142)) - Waiting for cluster to be ready. Got 6 of 7 DN Heartbeats.
2019-08-23 02:49:43,124 [IPC Server handler 5 on 33687] INFO  net.NetworkTopology (NetworkTopologyImpl.java:add(110)) - Added a new node: /default-rack/e824def4-fdb0-4d06-a3a6-273d371b8d7d
2019-08-23 02:49:43,124 [IPC Server handler 5 on 33687] INFO  node.SCMNodeManager (SCMNodeManager.java:register(273)) - Registered Data node : e824def4-fdb0-4d06-a3a6-273d371b8d7d{ip: 192.168.36.77, host: pr-hdds-2000-5mb45-3533150274, networkLocation: /default-rack, certSerialId: null}
2019-08-23 02:49:43,125 | INFO  | SCMAudit | user=jenkins1000 | ip=192.168.36.77 | op=REGISTER {datanodeDetails=e824def4-fdb0-4d06-a3a6-273d371b8d7d{ip: 192.168.36.77, host: pr-hdds-2000-5mb45-3533150274, networkLocation: /default-rack, certSerialId: null}} | ret=SUCCESS |  
2019-08-23 02:49:43,351 [pool-349-thread-1] INFO  storage.RaftStorage (RaftStorage.java:format(72)) - Storage directory /workdir/hadoop-ozone/integration-test/target/test-dir/MiniOzoneClusterImpl-917d4659-6045-4365-874a-c9e7eed38027/datanode-3/data/ratis/e8c17508-694d-43a9-a68e-16d193dc11d0 has been successfully formatted.
2019-08-23 02:49:43,351 [pool-349-thread-1] INFO  ratis.ContainerStateMachine (ContainerStateMachine.java:loadSnapshot(226)) - group-16D193DC11D0: The snapshot info is null. Setting the last applied indexto:(t:0, i:~)
2019-08-23 02:49:43,352 [pool-349-thread-1] INFO  server.RaftServerConfigKeys (ConfUtils.java:logGet(43)) - raft.server.leader.election.timeout = 120s (custom)
2019-08-23 02:49:43,352 [pool-349-thread-1] INFO  server.RaftServerConfigKeys (ConfUtils.java:logGet(43)) - raft.server.log.use.memory = false (default)
2019-08-23 02:49:43,352 [pool-349-thread-1] INFO  server.RaftServerConfigKeys (ConfUtils.java:logGet(43)) - raft.server.log.purge.gap = 1000000 (custom)
2019-08-23 02:49:43,352 [pool-349-thread-1] INFO  server.RaftServerConfigKeys (ConfUtils.java:logGet(43)) - raft.server.log.appender.buffer.byte-limit = 33554432 (custom)
2019-08-23 02:49:43,352 [pool-349-thread-1] INFO  server.RaftServerConfigKeys (ConfUtils.java:logGet(43)) - raft.server.log.segment.size.max = 1048576 (custom)
2019-08-23 02:49:43,352 [pool-349-thread-1] INFO  server.RaftServerConfigKeys (ConfUtils.java:logGet(43)) - raft.server.log.segment.cache.num.max = 2 (custom)
2019-08-23 02:49:43,353 [pool-349-thread-1] INFO  segmented.SegmentedRaftLogWorker (SegmentedRaftLogWorker.java:<init>(172)) - new 674baee6-143c-441e-9e30-0d895b06f838-SegmentedRaftLogWorker:Storage Directory /workdir/hadoop-ozone/integration-test/target/test-dir/MiniOzoneClusterImpl-917d4659-6045-4365-874a-c9e7eed38027/datanode-3/data/ratis/e8c17508-694d-43a9-a68e-16d193dc11d0 for RaftStorage:Storage Directory /workdir/hadoop-ozone/integration-test/target/test-dir/MiniOzoneClusterImpl-917d4659-6045-4365-874a-c9e7eed38027/datanode-3/data/ratis/e8c17508-694d-43a9-a68e-16d193dc11d0
2019-08-23 02:49:43,353 [pool-349-thread-1] INFO  server.RaftServerConfigKeys (ConfUtils.java:logGet(43)) - raft.server.log.queue.byte-limit = 2147483647 (custom)
2019-08-23 02:49:43,353 [pool-349-thread-1] INFO  server.RaftServerConfigKeys (ConfUtils.java:logGet(43)) - raft.server.log.queue.element-limit = 1024 (custom)
2019-08-23 02:49:43,353 [pool-349-thread-1] INFO  server.RaftServerConfigKeys (ConfUtils.java:logGet(43)) - raft.server.log.segment.size.max = 1048576 (custom)
2019-08-23 02:49:43,354 [pool-349-thread-1] INFO  server.RaftServerConfigKeys (ConfUtils.java:logGet(43)) - raft.server.log.preallocated.size = 16384 (custom)
2019-08-23 02:49:43,354 [pool-349-thread-1] INFO  server.RaftServerConfigKeys (ConfUtils.java:logGet(43)) - raft.server.log.write.buffer.size = 33554432 (custom)
2019-08-23 02:49:43,354 [pool-349-thread-1] INFO  server.RaftServerConfigKeys (ConfUtils.java:logGet(43)) - raft.server.log.force.sync.num = 128 (default)
2019-08-23 02:49:43,354 [pool-349-thread-1] INFO  server.RaftServerConfigKeys (ConfUtils.java:logGet(43)) - raft.server.log.statemachine.data.sync = true (default)
2019-08-23 02:49:43,354 [pool-349-thread-1] INFO  server.RaftServerConfigKeys (ConfUtils.java:logGet(43)) - raft.server.log.statemachine.data.sync.timeout = 10s (default)
2019-08-23 02:49:43,354 [pool-349-thread-1] INFO  server.RaftServerConfigKeys (ConfUtils.java:logGet(43)) - raft.server.log.statemachine.data.sync.timeout.retry = -1 (default)
2019-08-23 02:49:43,355 [pool-349-thread-1] INFO  server.RaftServerConfigKeys (ConfUtils.java:logGet(43)) - raft.server.log.statemachine.data.caching.enabled = true (custom)
2019-08-23 02:49:43,355 [pool-349-thread-1] INFO  segmented.SegmentedRaftLogWorker (SegmentedRaftLogWorker.java:lambda$new$0(132)) - 674baee6-143c-441e-9e30-0d895b06f838-SegmentedRaftLogWorker:Storage Directory /workdir/hadoop-ozone/integration-test/target/test-dir/MiniOzoneClusterImpl-917d4659-6045-4365-874a-c9e7eed38027/datanode-3/data/ratis/e8c17508-694d-43a9-a68e-16d193dc11d0: flushIndex: setUnconditionally 0 -> -1
2019-08-23 02:49:43,355 [pool-349-thread-1] INFO  server.RaftServerConfigKeys (ConfUtils.java:logGet(43)) - raft.server.snapshot.auto.trigger.enabled = true (custom)
2019-08-23 02:49:43,356 [pool-349-thread-1] INFO  server.RaftServerConfigKeys (ConfUtils.java:logGet(43)) - raft.server.snapshot.auto.trigger.threshold = 10000 (custom)
2019-08-23 02:49:43,356 [pool-349-thread-1] INFO  server.RaftServerConfigKeys (ConfUtils.java:logGet(43)) - raft.server.retrycache.expirytime = 600000ms (custom)
2019-08-23 02:49:43,356 [pool-349-thread-1] INFO  impl.RaftServerImpl (RaftServerImpl.java:start(180)) - 674baee6-143c-441e-9e30-0d895b06f838: start group-16D193DC11D0
2019-08-23 02:49:43,356 [pool-349-thread-1] INFO  impl.RaftServerImpl (RaftServerImpl.java:setRole(171)) - 674baee6-143c-441e-9e30-0d895b06f838:group-16D193DC11D0 changes role from null to FOLLOWER at term 0 for startAsFollower
2019-08-23 02:49:43,356 [pool-349-thread-1] INFO  impl.RoleInfo (RoleInfo.java:updateAndGet(143)) - 674baee6-143c-441e-9e30-0d895b06f838: start FollowerState
2019-08-23 02:49:43,357 [pool-349-thread-1] INFO  util.JmxRegister (JmxRegister.java:tryRegister(44)) - Successfully registered JMX Bean with object name Ratis:service=RaftServer,group=group-16D193DC11D0,id=674baee6-143c-441e-9e30-0d895b06f838
2019-08-23 02:49:43,360 [RatisPipelineUtilsThread] INFO  pipeline.PipelineStateManager (PipelineStateManager.java:addPipeline(56)) - Created pipeline Pipeline[ Id: e8c17508-694d-43a9-a68e-16d193dc11d0, Nodes: 674baee6-143c-441e-9e30-0d895b06f838{ip: 192.168.36.77, host: pr-hdds-2000-5mb45-3533150274, networkLocation: /default-rack, certSerialId: null}, Type:RATIS, Factor:ONE, State:OPEN]
2019-08-23 02:49:43,372 [grpc-default-executor-3] INFO  impl.RaftServerProxy (RaftServerProxy.java:addNew(89)) - 6e366328-a21a-42d1-a497-c25b5c1bc291: addNew group-ECEF9A56F14D:[6e366328-a21a-42d1-a497-c25b5c1bc291:192.168.36.77:39747] returns group-ECEF9A56F14D:java.util.concurrent.CompletableFuture@167bf6f6[Not completed]
2019-08-23 02:49:43,373 [pool-360-thread-1] INFO  impl.RaftServerImpl (RaftServerImpl.java:<init>(93)) - 6e366328-a21a-42d1-a497-c25b5c1bc291: new RaftServerImpl for group-ECEF9A56F14D:[6e366328-a21a-42d1-a497-c25b5c1bc291:192.168.36.77:39747] with ContainerStateMachine:uninitialized
2019-08-23 02:49:43,373 [pool-360-thread-1] INFO  server.RaftServerConfigKeys (ConfUtils.java:logGet(43)) - raft.server.rpc.timeout.min = 5s (custom)
2019-08-23 02:49:43,374 [pool-360-thread-1] INFO  server.RaftServerConfigKeys (ConfUtils.java:logGet(43)) - raft.server.rpc.timeout.max = 5200ms (custom)
2019-08-23 02:49:43,374 [pool-360-thread-1] INFO  server.RaftServerConfigKeys (ConfUtils.java:logGet(43)) - raft.server.rpcslowness.timeout = 120s (custom)
2019-08-23 02:49:43,374 [pool-360-thread-1] INFO  server.RaftServerConfigKeys (ConfUtils.java:logGet(43)) - raft.server.sleep.deviation.threshold = 300 (default)
2019-08-23 02:49:43,374 [pool-360-thread-1] INFO  server.RaftServerConfigKeys (ConfUtils.java:logGet(43)) - raft.server.log.appender.install.snapshot.enabled = false (custom)
2019-08-23 02:49:43,374 [pool-360-thread-1] INFO  impl.RaftServerImpl (ServerState.java:<init>(105)) - 6e366328-a21a-42d1-a497-c25b5c1bc291:group-ECEF9A56F14D ConfigurationManager, init=-1: [6e366328-a21a-42d1-a497-c25b5c1bc291:192.168.36.77:39747], old=null, confs=<EMPTY_MAP>
2019-08-23 02:49:43,374 [pool-360-thread-1] INFO  server.RaftServerConfigKeys (ConfUtils.java:logGet(43)) - raft.server.storage.dir = [/workdir/hadoop-ozone/integration-test/target/test-dir/MiniOzoneClusterImpl-917d4659-6045-4365-874a-c9e7eed38027/datanode-4/data/ratis] (custom)
2019-08-23 02:49:43,375 [pool-360-thread-1] INFO  storage.RaftStorageDirectory (RaftStorageDirectory.java:analyzeStorage(246)) - The storage directory /workdir/hadoop-ozone/integration-test/target/test-dir/MiniOzoneClusterImpl-917d4659-6045-4365-874a-c9e7eed38027/datanode-4/data/ratis/01830296-3889-4704-b7bb-ecef9a56f14d does not exist. Creating ...
2019-08-23 02:49:43,946 | INFO  | SCMAudit | user=jenkins1000 | ip=192.168.36.77 | op=SEND_HEARTBEAT {datanodeUUID=5c5e51ce-aa4b-45fa-b548-3aebeb03959c, command=[]} | ret=SUCCESS |  
2019-08-23 02:49:44,031 [pool-360-thread-1] INFO  storage.RaftStorageDirectory (RaftStorageDirectory.java:tryLock(328)) - Lock on /workdir/hadoop-ozone/integration-test/target/test-dir/MiniOzoneClusterImpl-917d4659-6045-4365-874a-c9e7eed38027/datanode-4/data/ratis/01830296-3889-4704-b7bb-ecef9a56f14d/in_use.lock acquired by nodename 1781@pr-hdds-2000-5mb45-3533150274
2019-08-23 02:49:44,124 [main] INFO  ozone.MiniOzoneClusterImpl (MiniOzoneClusterImpl.java:lambda$waitForClusterToBeReady$0(142)) - Cluster is ready. Got 7 of 7 DN Heartbeats.
2019-08-23 02:49:44,155 | INFO  | SCMAudit | user=jenkins1000 | ip=192.168.36.77 | op=SEND_HEARTBEAT {datanodeUUID=004b6b6e-41ce-4475-9f2f-481aedf9c953, command=[]} | ret=SUCCESS |  
2019-08-23 02:49:44,193 [main] INFO  rpc.RpcClient (RpcClient.java:createVolume(293)) - Creating Volume: watchforcommithandlingtest, with jenkins1000 as owner.
2019-08-23 02:49:44,196 | INFO  | OMAudit | user=jenkins1000 | ip=127.0.0.1 | op=CREATE_VOLUME {admin=jenkins1000, owner=jenkins1000, volume=watchforcommithandlingtest, creationTime=1566528584195, quotaInBytes=1152921504606846976} | ret=SUCCESS |  
2019-08-23 02:49:44,205 | INFO  | OMAudit | user=jenkins1000 | ip=127.0.0.1 | op=READ_VOLUME {volume=watchforcommithandlingtest} | ret=SUCCESS |  
2019-08-23 02:49:44,206 [main] INFO  rpc.RpcClient (RpcClient.java:createBucket(432)) - Creating Bucket: watchforcommithandlingtest/watchforcommithandlingtest, with Versioning false and Storage Type set to DISK and Encryption set to false 
2019-08-23 02:49:44,210 | INFO  | OMAudit | user=jenkins1000 | ip=127.0.0.1 | op=CREATE_BUCKET {volume=watchforcommithandlingtest, bucket=watchforcommithandlingtest, acls=[user:jenkins1000:a[ACCESS], group:default:a[ACCESS]], isVersionEnabled=false, storageType=DISK, creationTime=0} | ret=SUCCESS |  
2019-08-23 02:49:44,210 [main] INFO  ozone.MiniOzoneClusterImpl (MiniOzoneClusterImpl.java:getStorageContainerLocationClient(241)) - Creating StorageContainerLocationProtocol RPC client with address /0.0.0.0:35460
2019-08-23 02:49:44,343 | INFO  | SCMAudit | user=jenkins1000 | ip=192.168.36.77 | op=SEND_HEARTBEAT {datanodeUUID=50e43da2-e7e0-478c-b7e8-9638b0c061cc, command=[]} | ret=SUCCESS |  
2019-08-23 02:49:44,522 | INFO  | SCMAudit | user=jenkins1000 | ip=192.168.36.77 | op=SEND_HEARTBEAT {datanodeUUID=674baee6-143c-441e-9e30-0d895b06f838, command=[]} | ret=SUCCESS |  
2019-08-23 02:49:44,712 [pool-360-thread-1] INFO  storage.RaftStorage (RaftStorage.java:format(72)) - Storage directory /workdir/hadoop-ozone/integration-test/target/test-dir/MiniOzoneClusterImpl-917d4659-6045-4365-874a-c9e7eed38027/datanode-4/data/ratis/01830296-3889-4704-b7bb-ecef9a56f14d has been successfully formatted.
2019-08-23 02:49:44,713 [pool-360-thread-1] INFO  ratis.ContainerStateMachine (ContainerStateMachine.java:loadSnapshot(226)) - group-ECEF9A56F14D: The snapshot info is null. Setting the last applied indexto:(t:0, i:~)
2019-08-23 02:49:44,713 [pool-360-thread-1] INFO  server.RaftServerConfigKeys (ConfUtils.java:logGet(43)) - raft.server.leader.election.timeout = 120s (custom)
2019-08-23 02:49:44,713 [pool-360-thread-1] INFO  server.RaftServerConfigKeys (ConfUtils.java:logGet(43)) - raft.server.log.use.memory = false (default)
2019-08-23 02:49:44,714 [pool-360-thread-1] INFO  server.RaftServerConfigKeys (ConfUtils.java:logGet(43)) - raft.server.log.purge.gap = 1000000 (custom)
2019-08-23 02:49:44,714 [pool-360-thread-1] INFO  server.RaftServerConfigKeys (ConfUtils.java:logGet(43)) - raft.server.log.appender.buffer.byte-limit = 33554432 (custom)
2019-08-23 02:49:44,714 [pool-360-thread-1] INFO  server.RaftServerConfigKeys (ConfUtils.java:logGet(43)) - raft.server.log.segment.size.max = 1048576 (custom)
2019-08-23 02:49:44,714 [pool-360-thread-1] INFO  server.RaftServerConfigKeys (ConfUtils.java:logGet(43)) - raft.server.log.segment.cache.num.max = 2 (custom)
2019-08-23 02:49:44,714 [pool-360-thread-1] INFO  segmented.SegmentedRaftLogWorker (SegmentedRaftLogWorker.java:<init>(172)) - new 6e366328-a21a-42d1-a497-c25b5c1bc291-SegmentedRaftLogWorker:Storage Directory /workdir/hadoop-ozone/integration-test/target/test-dir/MiniOzoneClusterImpl-917d4659-6045-4365-874a-c9e7eed38027/datanode-4/data/ratis/01830296-3889-4704-b7bb-ecef9a56f14d for RaftStorage:Storage Directory /workdir/hadoop-ozone/integration-test/target/test-dir/MiniOzoneClusterImpl-917d4659-6045-4365-874a-c9e7eed38027/datanode-4/data/ratis/01830296-3889-4704-b7bb-ecef9a56f14d
2019-08-23 02:49:44,715 [pool-360-thread-1] INFO  server.RaftServerConfigKeys (ConfUtils.java:logGet(43)) - raft.server.log.queue.byte-limit = 2147483647 (custom)
2019-08-23 02:49:44,715 [pool-360-thread-1] INFO  server.RaftServerConfigKeys (ConfUtils.java:logGet(43)) - raft.server.log.queue.element-limit = 1024 (custom)
2019-08-23 02:49:44,716 [pool-360-thread-1] INFO  server.RaftServerConfigKeys (ConfUtils.java:logGet(43)) - raft.server.log.segment.size.max = 1048576 (custom)
2019-08-23 02:49:44,716 [pool-360-thread-1] INFO  server.RaftServerConfigKeys (ConfUtils.java:logGet(43)) - raft.server.log.preallocated.size = 16384 (custom)
2019-08-23 02:49:44,716 [pool-360-thread-1] INFO  server.RaftServerConfigKeys (ConfUtils.java:logGet(43)) - raft.server.log.write.buffer.size = 33554432 (custom)
2019-08-23 02:49:44,716 [pool-360-thread-1] INFO  server.RaftServerConfigKeys (ConfUtils.java:logGet(43)) - raft.server.log.force.sync.num = 128 (default)
2019-08-23 02:49:44,716 [pool-360-thread-1] INFO  server.RaftServerConfigKeys (ConfUtils.java:logGet(43)) - raft.server.log.statemachine.data.sync = true (default)
2019-08-23 02:49:44,716 [pool-360-thread-1] INFO  server.RaftServerConfigKeys (ConfUtils.java:logGet(43)) - raft.server.log.statemachine.data.sync.timeout = 10s (default)
2019-08-23 02:49:44,717 [pool-360-thread-1] INFO  server.RaftServerConfigKeys (ConfUtils.java:logGet(43)) - raft.server.log.statemachine.data.sync.timeout.retry = -1 (default)
2019-08-23 02:49:44,717 [pool-360-thread-1] INFO  server.RaftServerConfigKeys (ConfUtils.java:logGet(43)) - raft.server.log.statemachine.data.caching.enabled = true (custom)
2019-08-23 02:49:44,717 [pool-360-thread-1] INFO  segmented.SegmentedRaftLogWorker (SegmentedRaftLogWorker.java:lambda$new$0(132)) - 6e366328-a21a-42d1-a497-c25b5c1bc291-SegmentedRaftLogWorker:Storage Directory /workdir/hadoop-ozone/integration-test/target/test-dir/MiniOzoneClusterImpl-917d4659-6045-4365-874a-c9e7eed38027/datanode-4/data/ratis/01830296-3889-4704-b7bb-ecef9a56f14d: flushIndex: setUnconditionally 0 -> -1
2019-08-23 02:49:44,718 [pool-360-thread-1] INFO  server.RaftServerConfigKeys (ConfUtils.java:logGet(43)) - raft.server.snapshot.auto.trigger.enabled = true (custom)
2019-08-23 02:49:44,718 [pool-360-thread-1] INFO  server.RaftServerConfigKeys (ConfUtils.java:logGet(43)) - raft.server.snapshot.auto.trigger.threshold = 10000 (custom)
2019-08-23 02:49:44,718 [pool-360-thread-1] INFO  server.RaftServerConfigKeys (ConfUtils.java:logGet(43)) - raft.server.retrycache.expirytime = 600000ms (custom)
2019-08-23 02:49:44,719 [pool-360-thread-1] INFO  impl.RaftServerImpl (RaftServerImpl.java:start(180)) - 6e366328-a21a-42d1-a497-c25b5c1bc291: start group-ECEF9A56F14D
2019-08-23 02:49:44,719 [pool-360-thread-1] INFO  impl.RaftServerImpl (RaftServerImpl.java:setRole(171)) - 6e366328-a21a-42d1-a497-c25b5c1bc291:group-ECEF9A56F14D changes role from null to FOLLOWER at term 0 for startAsFollower
2019-08-23 02:49:44,719 [pool-360-thread-1] INFO  impl.RoleInfo (RoleInfo.java:updateAndGet(143)) - 6e366328-a21a-42d1-a497-c25b5c1bc291: start FollowerState
2019-08-23 02:49:44,720 [pool-360-thread-1] INFO  util.JmxRegister (JmxRegister.java:tryRegister(44)) - Successfully registered JMX Bean with object name Ratis:service=RaftServer,group=group-ECEF9A56F14D,id=6e366328-a21a-42d1-a497-c25b5c1bc291
2019-08-23 02:49:44,723 [RatisPipelineUtilsThread] INFO  pipeline.PipelineStateManager (PipelineStateManager.java:addPipeline(56)) - Created pipeline Pipeline[ Id: 01830296-3889-4704-b7bb-ecef9a56f14d, Nodes: 6e366328-a21a-42d1-a497-c25b5c1bc291{ip: 192.168.36.77, host: pr-hdds-2000-5mb45-3533150274, networkLocation: /default-rack, certSerialId: null}, Type:RATIS, Factor:ONE, State:OPEN]
2019-08-23 02:49:44,733 [grpc-default-executor-3] INFO  impl.RaftServerProxy (RaftServerProxy.java:addNew(89)) - 15fd999f-62be-4877-833a-993ce600606a: addNew group-F6E37A89EDD3:[15fd999f-62be-4877-833a-993ce600606a:192.168.36.77:35226] returns group-F6E37A89EDD3:java.util.concurrent.CompletableFuture@6a83f64a[Not completed]
2019-08-23 02:49:44,735 [pool-371-thread-1] INFO  impl.RaftServerImpl (RaftServerImpl.java:<init>(93)) - 15fd999f-62be-4877-833a-993ce600606a: new RaftServerImpl for group-F6E37A89EDD3:[15fd999f-62be-4877-833a-993ce600606a:192.168.36.77:35226] with ContainerStateMachine:uninitialized
2019-08-23 02:49:44,735 [pool-371-thread-1] INFO  server.RaftServerConfigKeys (ConfUtils.java:logGet(43)) - raft.server.rpc.timeout.min = 5s (custom)
2019-08-23 02:49:44,735 [pool-371-thread-1] INFO  server.RaftServerConfigKeys (ConfUtils.java:logGet(43)) - raft.server.rpc.timeout.max = 5200ms (custom)
2019-08-23 02:49:44,735 [pool-371-thread-1] INFO  server.RaftServerConfigKeys (ConfUtils.java:logGet(43)) - raft.server.rpcslowness.timeout = 120s (custom)
2019-08-23 02:49:44,736 [pool-371-thread-1] INFO  server.RaftServerConfigKeys (ConfUtils.java:logGet(43)) - raft.server.sleep.deviation.threshold = 300 (default)
2019-08-23 02:49:44,736 [pool-371-thread-1] INFO  server.RaftServerConfigKeys (ConfUtils.java:logGet(43)) - raft.server.log.appender.install.snapshot.enabled = false (custom)
2019-08-23 02:49:44,736 [pool-371-thread-1] INFO  impl.RaftServerImpl (ServerState.java:<init>(105)) - 15fd999f-62be-4877-833a-993ce600606a:group-F6E37A89EDD3 ConfigurationManager, init=-1: [15fd999f-62be-4877-833a-993ce600606a:192.168.36.77:35226], old=null, confs=<EMPTY_MAP>
2019-08-23 02:49:44,736 [pool-371-thread-1] INFO  server.RaftServerConfigKeys (ConfUtils.java:logGet(43)) - raft.server.storage.dir = [/workdir/hadoop-ozone/integration-test/target/test-dir/MiniOzoneClusterImpl-917d4659-6045-4365-874a-c9e7eed38027/datanode-5/data/ratis] (custom)
2019-08-23 02:49:44,737 [pool-371-thread-1] INFO  storage.RaftStorageDirectory (RaftStorageDirectory.java:analyzeStorage(246)) - The storage directory /workdir/hadoop-ozone/integration-test/target/test-dir/MiniOzoneClusterImpl-917d4659-6045-4365-874a-c9e7eed38027/datanode-5/data/ratis/e4b8f917-dff8-4e40-8147-f6e37a89edd3 does not exist. Creating ...
2019-08-23 02:49:44,740 | INFO  | SCMAudit | user=jenkins1000 | ip=192.168.36.77 | op=SEND_HEARTBEAT {datanodeUUID=6e366328-a21a-42d1-a497-c25b5c1bc291, command=[]} | ret=SUCCESS |  
2019-08-23 02:49:44,946 | INFO  | SCMAudit | user=jenkins1000 | ip=192.168.36.77 | op=SEND_HEARTBEAT {datanodeUUID=5c5e51ce-aa4b-45fa-b548-3aebeb03959c, command=[]} | ret=SUCCESS |  
2019-08-23 02:49:44,949 | INFO  | SCMAudit | user=jenkins1000 | ip=192.168.36.77 | op=SEND_HEARTBEAT {datanodeUUID=15fd999f-62be-4877-833a-993ce600606a, command=[]} | ret=SUCCESS |  
2019-08-23 02:49:44,953 [Thread-1919] INFO  container.ReplicationManager (ReplicationManager.java:start(152)) - Starting Replication Monitor Thread.
2019-08-23 02:49:45,124 | INFO  | SCMAudit | user=jenkins1000 | ip=192.168.36.77 | op=SEND_HEARTBEAT {datanodeUUID=e824def4-fdb0-4d06-a3a6-273d371b8d7d, command=[]} | ret=SUCCESS |  
2019-08-23 02:49:45,141 | INFO  | SCMAudit | user=jenkins1000 | ip=192.168.36.77 | op=SEND_HEARTBEAT {datanodeUUID=004b6b6e-41ce-4475-9f2f-481aedf9c953, command=[]} | ret=SUCCESS |  
2019-08-23 02:49:45,344 | INFO  | SCMAudit | user=jenkins1000 | ip=192.168.36.77 | op=SEND_HEARTBEAT {datanodeUUID=50e43da2-e7e0-478c-b7e8-9638b0c061cc, command=[]} | ret=SUCCESS |  
2019-08-23 02:49:45,523 | INFO  | SCMAudit | user=jenkins1000 | ip=192.168.36.77 | op=SEND_HEARTBEAT {datanodeUUID=674baee6-143c-441e-9e30-0d895b06f838, command=[]} | ret=SUCCESS |  
2019-08-23 02:49:45,741 | INFO  | SCMAudit | user=jenkins1000 | ip=192.168.36.77 | op=SEND_HEARTBEAT {datanodeUUID=6e366328-a21a-42d1-a497-c25b5c1bc291, command=[]} | ret=SUCCESS |  
2019-08-23 02:49:45,933 [pool-371-thread-1] INFO  storage.RaftStorageDirectory (RaftStorageDirectory.java:tryLock(328)) - Lock on /workdir/hadoop-ozone/integration-test/target/test-dir/MiniOzoneClusterImpl-917d4659-6045-4365-874a-c9e7eed38027/datanode-5/data/ratis/e4b8f917-dff8-4e40-8147-f6e37a89edd3/in_use.lock acquired by nodename 1781@pr-hdds-2000-5mb45-3533150274
2019-08-23 02:49:45,946 | INFO  | SCMAudit | user=jenkins1000 | ip=192.168.36.77 | op=SEND_HEARTBEAT {datanodeUUID=5c5e51ce-aa4b-45fa-b548-3aebeb03959c, command=[]} | ret=SUCCESS |  
2019-08-23 02:49:45,949 | INFO  | SCMAudit | user=jenkins1000 | ip=192.168.36.77 | op=SEND_HEARTBEAT {datanodeUUID=15fd999f-62be-4877-833a-993ce600606a, command=[]} | ret=SUCCESS |  
2019-08-23 02:49:45,967 [pool-371-thread-1] INFO  storage.RaftStorage (RaftStorage.java:format(72)) - Storage directory /workdir/hadoop-ozone/integration-test/target/test-dir/MiniOzoneClusterImpl-917d4659-6045-4365-874a-c9e7eed38027/datanode-5/data/ratis/e4b8f917-dff8-4e40-8147-f6e37a89edd3 has been successfully formatted.
2019-08-23 02:49:45,968 [pool-371-thread-1] INFO  ratis.ContainerStateMachine (ContainerStateMachine.java:loadSnapshot(226)) - group-F6E37A89EDD3: The snapshot info is null. Setting the last applied indexto:(t:0, i:~)
2019-08-23 02:49:45,968 [pool-371-thread-1] INFO  server.RaftServerConfigKeys (ConfUtils.java:logGet(43)) - raft.server.leader.election.timeout = 120s (custom)
2019-08-23 02:49:45,968 [pool-371-thread-1] INFO  server.RaftServerConfigKeys (ConfUtils.java:logGet(43)) - raft.server.log.use.memory = false (default)
2019-08-23 02:49:45,969 [pool-371-thread-1] INFO  server.RaftServerConfigKeys (ConfUtils.java:logGet(43)) - raft.server.log.purge.gap = 1000000 (custom)
2019-08-23 02:49:45,969 [pool-371-thread-1] INFO  server.RaftServerConfigKeys (ConfUtils.java:logGet(43)) - raft.server.log.appender.buffer.byte-limit = 33554432 (custom)
2019-08-23 02:49:45,969 [pool-371-thread-1] INFO  server.RaftServerConfigKeys (ConfUtils.java:logGet(43)) - raft.server.log.segment.size.max = 1048576 (custom)
2019-08-23 02:49:45,969 [pool-371-thread-1] INFO  server.RaftServerConfigKeys (ConfUtils.java:logGet(43)) - raft.server.log.segment.cache.num.max = 2 (custom)
2019-08-23 02:49:45,969 [pool-371-thread-1] INFO  segmented.SegmentedRaftLogWorker (SegmentedRaftLogWorker.java:<init>(172)) - new 15fd999f-62be-4877-833a-993ce600606a-SegmentedRaftLogWorker:Storage Directory /workdir/hadoop-ozone/integration-test/target/test-dir/MiniOzoneClusterImpl-917d4659-6045-4365-874a-c9e7eed38027/datanode-5/data/ratis/e4b8f917-dff8-4e40-8147-f6e37a89edd3 for RaftStorage:Storage Directory /workdir/hadoop-ozone/integration-test/target/test-dir/MiniOzoneClusterImpl-917d4659-6045-4365-874a-c9e7eed38027/datanode-5/data/ratis/e4b8f917-dff8-4e40-8147-f6e37a89edd3
2019-08-23 02:49:45,969 [pool-371-thread-1] INFO  server.RaftServerConfigKeys (ConfUtils.java:logGet(43)) - raft.server.log.queue.byte-limit = 2147483647 (custom)
2019-08-23 02:49:45,969 [pool-371-thread-1] INFO  server.RaftServerConfigKeys (ConfUtils.java:logGet(43)) - raft.server.log.queue.element-limit = 1024 (custom)
2019-08-23 02:49:45,970 [pool-371-thread-1] INFO  server.RaftServerConfigKeys (ConfUtils.java:logGet(43)) - raft.server.log.segment.size.max = 1048576 (custom)
2019-08-23 02:49:45,970 [pool-371-thread-1] INFO  server.RaftServerConfigKeys (ConfUtils.java:logGet(43)) - raft.server.log.preallocated.size = 16384 (custom)
2019-08-23 02:49:45,970 [pool-371-thread-1] INFO  server.RaftServerConfigKeys (ConfUtils.java:logGet(43)) - raft.server.log.write.buffer.size = 33554432 (custom)
2019-08-23 02:49:45,970 [pool-371-thread-1] INFO  server.RaftServerConfigKeys (ConfUtils.java:logGet(43)) - raft.server.log.force.sync.num = 128 (default)
2019-08-23 02:49:45,970 [pool-371-thread-1] INFO  server.RaftServerConfigKeys (ConfUtils.java:logGet(43)) - raft.server.log.statemachine.data.sync = true (default)
2019-08-23 02:49:45,970 [pool-371-thread-1] INFO  server.RaftServerConfigKeys (ConfUtils.java:logGet(43)) - raft.server.log.statemachine.data.sync.timeout = 10s (default)
2019-08-23 02:49:45,970 [pool-371-thread-1] INFO  server.RaftServerConfigKeys (ConfUtils.java:logGet(43)) - raft.server.log.statemachine.data.sync.timeout.retry = -1 (default)
2019-08-23 02:49:45,970 [pool-371-thread-1] INFO  server.RaftServerConfigKeys (ConfUtils.java:logGet(43)) - raft.server.log.statemachine.data.caching.enabled = true (custom)
2019-08-23 02:49:45,971 [pool-371-thread-1] INFO  segmented.SegmentedRaftLogWorker (SegmentedRaftLogWorker.java:lambda$new$0(132)) - 15fd999f-62be-4877-833a-993ce600606a-SegmentedRaftLogWorker:Storage Directory /workdir/hadoop-ozone/integration-test/target/test-dir/MiniOzoneClusterImpl-917d4659-6045-4365-874a-c9e7eed38027/datanode-5/data/ratis/e4b8f917-dff8-4e40-8147-f6e37a89edd3: flushIndex: setUnconditionally 0 -> -1
2019-08-23 02:49:45,971 [pool-371-thread-1] INFO  server.RaftServerConfigKeys (ConfUtils.java:logGet(43)) - raft.server.snapshot.auto.trigger.enabled = true (custom)
2019-08-23 02:49:45,971 [pool-371-thread-1] INFO  server.RaftServerConfigKeys (ConfUtils.java:logGet(43)) - raft.server.snapshot.auto.trigger.threshold = 10000 (custom)
2019-08-23 02:49:45,971 [pool-371-thread-1] INFO  server.RaftServerConfigKeys (ConfUtils.java:logGet(43)) - raft.server.retrycache.expirytime = 600000ms (custom)
2019-08-23 02:49:45,972 [pool-371-thread-1] INFO  impl.RaftServerImpl (RaftServerImpl.java:start(180)) - 15fd999f-62be-4877-833a-993ce600606a: start group-F6E37A89EDD3
2019-08-23 02:49:45,972 [pool-371-thread-1] INFO  impl.RaftServerImpl (RaftServerImpl.java:setRole(171)) - 15fd999f-62be-4877-833a-993ce600606a:group-F6E37A89EDD3 changes role from null to FOLLOWER at term 0 for startAsFollower
2019-08-23 02:49:45,972 [pool-371-thread-1] INFO  impl.RoleInfo (RoleInfo.java:updateAndGet(143)) - 15fd999f-62be-4877-833a-993ce600606a: start FollowerState
2019-08-23 02:49:45,972 [pool-371-thread-1] INFO  util.JmxRegister (JmxRegister.java:tryRegister(44)) - Successfully registered JMX Bean with object name Ratis:service=RaftServer,group=group-F6E37A89EDD3,id=15fd999f-62be-4877-833a-993ce600606a
2019-08-23 02:49:45,975 [RatisPipelineUtilsThread] INFO  pipeline.PipelineStateManager (PipelineStateManager.java:addPipeline(56)) - Created pipeline Pipeline[ Id: e4b8f917-dff8-4e40-8147-f6e37a89edd3, Nodes: 15fd999f-62be-4877-833a-993ce600606a{ip: 192.168.36.77, host: pr-hdds-2000-5mb45-3533150274, networkLocation: /default-rack, certSerialId: null}, Type:RATIS, Factor:ONE, State:OPEN]
2019-08-23 02:49:45,986 [grpc-default-executor-3] INFO  impl.RaftServerProxy (RaftServerProxy.java:addNew(89)) - e824def4-fdb0-4d06-a3a6-273d371b8d7d: addNew group-D64D7A575BC3:[e824def4-fdb0-4d06-a3a6-273d371b8d7d:192.168.36.77:38058] returns group-D64D7A575BC3:java.util.concurrent.CompletableFuture@8f6878e[Not completed]
2019-08-23 02:49:45,987 [pool-382-thread-1] INFO  impl.RaftServerImpl (RaftServerImpl.java:<init>(93)) - e824def4-fdb0-4d06-a3a6-273d371b8d7d: new RaftServerImpl for group-D64D7A575BC3:[e824def4-fdb0-4d06-a3a6-273d371b8d7d:192.168.36.77:38058] with ContainerStateMachine:uninitialized
2019-08-23 02:49:45,987 [pool-382-thread-1] INFO  server.RaftServerConfigKeys (ConfUtils.java:logGet(43)) - raft.server.rpc.timeout.min = 5s (custom)
2019-08-23 02:49:45,988 [pool-382-thread-1] INFO  server.RaftServerConfigKeys (ConfUtils.java:logGet(43)) - raft.server.rpc.timeout.max = 5200ms (custom)
2019-08-23 02:49:45,988 [pool-382-thread-1] INFO  server.RaftServerConfigKeys (ConfUtils.java:logGet(43)) - raft.server.rpcslowness.timeout = 120s (custom)
2019-08-23 02:49:45,988 [pool-382-thread-1] INFO  server.RaftServerConfigKeys (ConfUtils.java:logGet(43)) - raft.server.sleep.deviation.threshold = 300 (default)
2019-08-23 02:49:45,988 [pool-382-thread-1] INFO  server.RaftServerConfigKeys (ConfUtils.java:logGet(43)) - raft.server.log.appender.install.snapshot.enabled = false (custom)
2019-08-23 02:49:45,988 [pool-382-thread-1] INFO  impl.RaftServerImpl (ServerState.java:<init>(105)) - e824def4-fdb0-4d06-a3a6-273d371b8d7d:group-D64D7A575BC3 ConfigurationManager, init=-1: [e824def4-fdb0-4d06-a3a6-273d371b8d7d:192.168.36.77:38058], old=null, confs=<EMPTY_MAP>
2019-08-23 02:49:45,988 [pool-382-thread-1] INFO  server.RaftServerConfigKeys (ConfUtils.java:logGet(43)) - raft.server.storage.dir = [/workdir/hadoop-ozone/integration-test/target/test-dir/MiniOzoneClusterImpl-917d4659-6045-4365-874a-c9e7eed38027/datanode-6/data/ratis] (custom)
2019-08-23 02:49:45,989 [pool-382-thread-1] INFO  storage.RaftStorageDirectory (RaftStorageDirectory.java:analyzeStorage(246)) - The storage directory /workdir/hadoop-ozone/integration-test/target/test-dir/MiniOzoneClusterImpl-917d4659-6045-4365-874a-c9e7eed38027/datanode-6/data/ratis/8d3a616e-2400-4383-a516-d64d7a575bc3 does not exist. Creating ...
2019-08-23 02:49:46,018 [pool-382-thread-1] INFO  storage.RaftStorageDirectory (RaftStorageDirectory.java:tryLock(328)) - Lock on /workdir/hadoop-ozone/integration-test/target/test-dir/MiniOzoneClusterImpl-917d4659-6045-4365-874a-c9e7eed38027/datanode-6/data/ratis/8d3a616e-2400-4383-a516-d64d7a575bc3/in_use.lock acquired by nodename 1781@pr-hdds-2000-5mb45-3533150274
2019-08-23 02:49:46,125 | INFO  | SCMAudit | user=jenkins1000 | ip=192.168.36.77 | op=SEND_HEARTBEAT {datanodeUUID=e824def4-fdb0-4d06-a3a6-273d371b8d7d, command=[]} | ret=SUCCESS |  
2019-08-23 02:49:46,140 [pool-382-thread-1] INFO  storage.RaftStorage (RaftStorage.java:format(72)) - Storage directory /workdir/hadoop-ozone/integration-test/target/test-dir/MiniOzoneClusterImpl-917d4659-6045-4365-874a-c9e7eed38027/datanode-6/data/ratis/8d3a616e-2400-4383-a516-d64d7a575bc3 has been successfully formatted.
2019-08-23 02:49:46,141 [pool-382-thread-1] INFO  ratis.ContainerStateMachine (ContainerStateMachine.java:loadSnapshot(226)) - group-D64D7A575BC3: The snapshot info is null. Setting the last applied indexto:(t:0, i:~)
2019-08-23 02:49:46,141 [pool-382-thread-1] INFO  server.RaftServerConfigKeys (ConfUtils.java:logGet(43)) - raft.server.leader.election.timeout = 120s (custom)
2019-08-23 02:49:46,141 [pool-382-thread-1] INFO  server.RaftServerConfigKeys (ConfUtils.java:logGet(43)) - raft.server.log.use.memory = false (default)
2019-08-23 02:49:46,141 [pool-382-thread-1] INFO  server.RaftServerConfigKeys (ConfUtils.java:logGet(43)) - raft.server.log.purge.gap = 1000000 (custom)
2019-08-23 02:49:46,142 [pool-382-thread-1] INFO  server.RaftServerConfigKeys (ConfUtils.java:logGet(43)) - raft.server.log.appender.buffer.byte-limit = 33554432 (custom)
2019-08-23 02:49:46,142 [pool-382-thread-1] INFO  server.RaftServerConfigKeys (ConfUtils.java:logGet(43)) - raft.server.log.segment.size.max = 1048576 (custom)
2019-08-23 02:49:46,142 | INFO  | SCMAudit | user=jenkins1000 | ip=192.168.36.77 | op=SEND_HEARTBEAT {datanodeUUID=004b6b6e-41ce-4475-9f2f-481aedf9c953, command=[]} | ret=SUCCESS |  
2019-08-23 02:49:46,142 [pool-382-thread-1] INFO  server.RaftServerConfigKeys (ConfUtils.java:logGet(43)) - raft.server.log.segment.cache.num.max = 2 (custom)
2019-08-23 02:49:46,142 [pool-382-thread-1] INFO  segmented.SegmentedRaftLogWorker (SegmentedRaftLogWorker.java:<init>(172)) - new e824def4-fdb0-4d06-a3a6-273d371b8d7d-SegmentedRaftLogWorker:Storage Directory /workdir/hadoop-ozone/integration-test/target/test-dir/MiniOzoneClusterImpl-917d4659-6045-4365-874a-c9e7eed38027/datanode-6/data/ratis/8d3a616e-2400-4383-a516-d64d7a575bc3 for RaftStorage:Storage Directory /workdir/hadoop-ozone/integration-test/target/test-dir/MiniOzoneClusterImpl-917d4659-6045-4365-874a-c9e7eed38027/datanode-6/data/ratis/8d3a616e-2400-4383-a516-d64d7a575bc3
2019-08-23 02:49:46,142 [pool-382-thread-1] INFO  server.RaftServerConfigKeys (ConfUtils.java:logGet(43)) - raft.server.log.queue.byte-limit = 2147483647 (custom)
2019-08-23 02:49:46,143 [pool-382-thread-1] INFO  server.RaftServerConfigKeys (ConfUtils.java:logGet(43)) - raft.server.log.queue.element-limit = 1024 (custom)
2019-08-23 02:49:46,143 [pool-382-thread-1] INFO  server.RaftServerConfigKeys (ConfUtils.java:logGet(43)) - raft.server.log.segment.size.max = 1048576 (custom)
2019-08-23 02:49:46,143 [pool-382-thread-1] INFO  server.RaftServerConfigKeys (ConfUtils.java:logGet(43)) - raft.server.log.preallocated.size = 16384 (custom)
2019-08-23 02:49:46,143 [pool-382-thread-1] INFO  server.RaftServerConfigKeys (ConfUtils.java:logGet(43)) - raft.server.log.write.buffer.size = 33554432 (custom)
2019-08-23 02:49:46,143 [pool-382-thread-1] INFO  server.RaftServerConfigKeys (ConfUtils.java:logGet(43)) - raft.server.log.force.sync.num = 128 (default)
2019-08-23 02:49:46,143 [pool-382-thread-1] INFO  server.RaftServerConfigKeys (ConfUtils.java:logGet(43)) - raft.server.log.statemachine.data.sync = true (default)
2019-08-23 02:49:46,144 [pool-382-thread-1] INFO  server.RaftServerConfigKeys (ConfUtils.java:logGet(43)) - raft.server.log.statemachine.data.sync.timeout = 10s (default)
2019-08-23 02:49:46,144 [pool-382-thread-1] INFO  server.RaftServerConfigKeys (ConfUtils.java:logGet(43)) - raft.server.log.statemachine.data.sync.timeout.retry = -1 (default)
2019-08-23 02:49:46,144 [pool-382-thread-1] INFO  server.RaftServerConfigKeys (ConfUtils.java:logGet(43)) - raft.server.log.statemachine.data.caching.enabled = true (custom)
2019-08-23 02:49:46,145 [pool-382-thread-1] INFO  segmented.SegmentedRaftLogWorker (SegmentedRaftLogWorker.java:lambda$new$0(132)) - e824def4-fdb0-4d06-a3a6-273d371b8d7d-SegmentedRaftLogWorker:Storage Directory /workdir/hadoop-ozone/integration-test/target/test-dir/MiniOzoneClusterImpl-917d4659-6045-4365-874a-c9e7eed38027/datanode-6/data/ratis/8d3a616e-2400-4383-a516-d64d7a575bc3: flushIndex: setUnconditionally 0 -> -1
2019-08-23 02:49:46,145 [pool-382-thread-1] INFO  server.RaftServerConfigKeys (ConfUtils.java:logGet(43)) - raft.server.snapshot.auto.trigger.enabled = true (custom)
2019-08-23 02:49:46,145 [pool-382-thread-1] INFO  server.RaftServerConfigKeys (ConfUtils.java:logGet(43)) - raft.server.snapshot.auto.trigger.threshold = 10000 (custom)
2019-08-23 02:49:46,145 [pool-382-thread-1] INFO  server.RaftServerConfigKeys (ConfUtils.java:logGet(43)) - raft.server.retrycache.expirytime = 600000ms (custom)
2019-08-23 02:49:46,146 [pool-382-thread-1] INFO  impl.RaftServerImpl (RaftServerImpl.java:start(180)) - e824def4-fdb0-4d06-a3a6-273d371b8d7d: start group-D64D7A575BC3
2019-08-23 02:49:46,146 [pool-382-thread-1] INFO  impl.RaftServerImpl (RaftServerImpl.java:setRole(171)) - e824def4-fdb0-4d06-a3a6-273d371b8d7d:group-D64D7A575BC3 changes role from null to FOLLOWER at term 0 for startAsFollower
2019-08-23 02:49:46,146 [pool-382-thread-1] INFO  impl.RoleInfo (RoleInfo.java:updateAndGet(143)) - e824def4-fdb0-4d06-a3a6-273d371b8d7d: start FollowerState
2019-08-23 02:49:46,161 [pool-382-thread-1] INFO  util.JmxRegister (JmxRegister.java:tryRegister(44)) - Successfully registered JMX Bean with object name Ratis:service=RaftServer,group=group-D64D7A575BC3,id=e824def4-fdb0-4d06-a3a6-273d371b8d7d
2019-08-23 02:49:46,170 [RatisPipelineUtilsThread] INFO  pipeline.PipelineStateManager (PipelineStateManager.java:addPipeline(56)) - Created pipeline Pipeline[ Id: 8d3a616e-2400-4383-a516-d64d7a575bc3, Nodes: e824def4-fdb0-4d06-a3a6-273d371b8d7d{ip: 192.168.36.77, host: pr-hdds-2000-5mb45-3533150274, networkLocation: /default-rack, certSerialId: null}, Type:RATIS, Factor:ONE, State:OPEN]
2019-08-23 02:49:46,189 [grpc-default-executor-1] INFO  impl.RaftServerProxy (RaftServerProxy.java:addNew(89)) - 6e366328-a21a-42d1-a497-c25b5c1bc291: addNew group-F61A263991FE:[004b6b6e-41ce-4475-9f2f-481aedf9c953:192.168.36.77:45065, 50e43da2-e7e0-478c-b7e8-9638b0c061cc:192.168.36.77:45690, 6e366328-a21a-42d1-a497-c25b5c1bc291:192.168.36.77:39747] returns group-F61A263991FE:java.util.concurrent.CompletableFuture@33a57310[Not completed]
2019-08-23 02:49:46,189 [grpc-default-executor-4] INFO  impl.RaftServerProxy (RaftServerProxy.java:addNew(89)) - 50e43da2-e7e0-478c-b7e8-9638b0c061cc: addNew group-F61A263991FE:[004b6b6e-41ce-4475-9f2f-481aedf9c953:192.168.36.77:45065, 50e43da2-e7e0-478c-b7e8-9638b0c061cc:192.168.36.77:45690, 6e366328-a21a-42d1-a497-c25b5c1bc291:192.168.36.77:39747] returns group-F61A263991FE:java.util.concurrent.CompletableFuture@37e4d772[Not completed]
2019-08-23 02:49:46,189 [grpc-default-executor-3] INFO  impl.RaftServerProxy (RaftServerProxy.java:addNew(89)) - 004b6b6e-41ce-4475-9f2f-481aedf9c953: addNew group-F61A263991FE:[004b6b6e-41ce-4475-9f2f-481aedf9c953:192.168.36.77:45065, 50e43da2-e7e0-478c-b7e8-9638b0c061cc:192.168.36.77:45690, 6e366328-a21a-42d1-a497-c25b5c1bc291:192.168.36.77:39747] returns group-F61A263991FE:java.util.concurrent.CompletableFuture@6d29b441[Not completed]
2019-08-23 02:49:46,190 [pool-360-thread-1] INFO  impl.RaftServerImpl (RaftServerImpl.java:<init>(93)) - 6e366328-a21a-42d1-a497-c25b5c1bc291: new RaftServerImpl for group-F61A263991FE:[004b6b6e-41ce-4475-9f2f-481aedf9c953:192.168.36.77:45065, 50e43da2-e7e0-478c-b7e8-9638b0c061cc:192.168.36.77:45690, 6e366328-a21a-42d1-a497-c25b5c1bc291:192.168.36.77:39747] with ContainerStateMachine:uninitialized
2019-08-23 02:49:46,190 [pool-360-thread-1] INFO  server.RaftServerConfigKeys (ConfUtils.java:logGet(43)) - raft.server.rpc.timeout.min = 5s (custom)
2019-08-23 02:49:46,191 [pool-360-thread-1] INFO  server.RaftServerConfigKeys (ConfUtils.java:logGet(43)) - raft.server.rpc.timeout.max = 5200ms (custom)
2019-08-23 02:49:46,191 [pool-360-thread-1] INFO  server.RaftServerConfigKeys (ConfUtils.java:logGet(43)) - raft.server.rpcslowness.timeout = 120s (custom)
2019-08-23 02:49:46,191 [pool-360-thread-1] INFO  server.RaftServerConfigKeys (ConfUtils.java:logGet(43)) - raft.server.sleep.deviation.threshold = 300 (default)
2019-08-23 02:49:46,191 [pool-338-thread-1] INFO  impl.RaftServerImpl (RaftServerImpl.java:<init>(93)) - 50e43da2-e7e0-478c-b7e8-9638b0c061cc: new RaftServerImpl for group-F61A263991FE:[004b6b6e-41ce-4475-9f2f-481aedf9c953:192.168.36.77:45065, 50e43da2-e7e0-478c-b7e8-9638b0c061cc:192.168.36.77:45690, 6e366328-a21a-42d1-a497-c25b5c1bc291:192.168.36.77:39747] with ContainerStateMachine:uninitialized
2019-08-23 02:49:46,191 [pool-360-thread-1] INFO  server.RaftServerConfigKeys (ConfUtils.java:logGet(43)) - raft.server.log.appender.install.snapshot.enabled = false (custom)
2019-08-23 02:49:46,191 [pool-338-thread-1] INFO  server.RaftServerConfigKeys (ConfUtils.java:logGet(43)) - raft.server.rpc.timeout.min = 5s (custom)
2019-08-23 02:49:46,192 [pool-360-thread-1] INFO  impl.RaftServerImpl (ServerState.java:<init>(105)) - 6e366328-a21a-42d1-a497-c25b5c1bc291:group-F61A263991FE ConfigurationManager, init=-1: [004b6b6e-41ce-4475-9f2f-481aedf9c953:192.168.36.77:45065, 50e43da2-e7e0-478c-b7e8-9638b0c061cc:192.168.36.77:45690, 6e366328-a21a-42d1-a497-c25b5c1bc291:192.168.36.77:39747], old=null, confs=<EMPTY_MAP>
2019-08-23 02:49:46,192 [pool-327-thread-1] INFO  impl.RaftServerImpl (RaftServerImpl.java:<init>(93)) - 004b6b6e-41ce-4475-9f2f-481aedf9c953: new RaftServerImpl for group-F61A263991FE:[004b6b6e-41ce-4475-9f2f-481aedf9c953:192.168.36.77:45065, 50e43da2-e7e0-478c-b7e8-9638b0c061cc:192.168.36.77:45690, 6e366328-a21a-42d1-a497-c25b5c1bc291:192.168.36.77:39747] with ContainerStateMachine:uninitialized
2019-08-23 02:49:46,192 [pool-338-thread-1] INFO  server.RaftServerConfigKeys (ConfUtils.java:logGet(43)) - raft.server.rpc.timeout.max = 5200ms (custom)
2019-08-23 02:49:46,192 [pool-327-thread-1] INFO  server.RaftServerConfigKeys (ConfUtils.java:logGet(43)) - raft.server.rpc.timeout.min = 5s (custom)
2019-08-23 02:49:46,192 [pool-360-thread-1] INFO  server.RaftServerConfigKeys (ConfUtils.java:logGet(43)) - raft.server.storage.dir = [/workdir/hadoop-ozone/integration-test/target/test-dir/MiniOzoneClusterImpl-917d4659-6045-4365-874a-c9e7eed38027/datanode-4/data/ratis] (custom)
2019-08-23 02:49:46,192 [pool-327-thread-1] INFO  server.RaftServerConfigKeys (ConfUtils.java:logGet(43)) - raft.server.rpc.timeout.max = 5200ms (custom)
2019-08-23 02:49:46,192 [pool-338-thread-1] INFO  server.RaftServerConfigKeys (ConfUtils.java:logGet(43)) - raft.server.rpcslowness.timeout = 120s (custom)
2019-08-23 02:49:46,193 [pool-327-thread-1] INFO  server.RaftServerConfigKeys (ConfUtils.java:logGet(43)) - raft.server.rpcslowness.timeout = 120s (custom)
2019-08-23 02:49:46,193 [pool-327-thread-1] INFO  server.RaftServerConfigKeys (ConfUtils.java:logGet(43)) - raft.server.sleep.deviation.threshold = 300 (default)
2019-08-23 02:49:46,193 [pool-338-thread-1] INFO  server.RaftServerConfigKeys (ConfUtils.java:logGet(43)) - raft.server.sleep.deviation.threshold = 300 (default)
2019-08-23 02:49:46,193 [pool-360-thread-1] INFO  storage.RaftStorageDirectory (RaftStorageDirectory.java:analyzeStorage(246)) - The storage directory /workdir/hadoop-ozone/integration-test/target/test-dir/MiniOzoneClusterImpl-917d4659-6045-4365-874a-c9e7eed38027/datanode-4/data/ratis/f2422a76-fff7-40d3-b3c5-f61a263991fe does not exist. Creating ...
2019-08-23 02:49:46,193 [pool-338-thread-1] INFO  server.RaftServerConfigKeys (ConfUtils.java:logGet(43)) - raft.server.log.appender.install.snapshot.enabled = false (custom)
2019-08-23 02:49:46,193 [pool-327-thread-1] INFO  server.RaftServerConfigKeys (ConfUtils.java:logGet(43)) - raft.server.log.appender.install.snapshot.enabled = false (custom)
2019-08-23 02:49:46,194 [pool-338-thread-1] INFO  impl.RaftServerImpl (ServerState.java:<init>(105)) - 50e43da2-e7e0-478c-b7e8-9638b0c061cc:group-F61A263991FE ConfigurationManager, init=-1: [004b6b6e-41ce-4475-9f2f-481aedf9c953:192.168.36.77:45065, 50e43da2-e7e0-478c-b7e8-9638b0c061cc:192.168.36.77:45690, 6e366328-a21a-42d1-a497-c25b5c1bc291:192.168.36.77:39747], old=null, confs=<EMPTY_MAP>
2019-08-23 02:49:46,194 [pool-327-thread-1] INFO  impl.RaftServerImpl (ServerState.java:<init>(105)) - 004b6b6e-41ce-4475-9f2f-481aedf9c953:group-F61A263991FE ConfigurationManager, init=-1: [004b6b6e-41ce-4475-9f2f-481aedf9c953:192.168.36.77:45065, 50e43da2-e7e0-478c-b7e8-9638b0c061cc:192.168.36.77:45690, 6e366328-a21a-42d1-a497-c25b5c1bc291:192.168.36.77:39747], old=null, confs=<EMPTY_MAP>
2019-08-23 02:49:46,194 [pool-338-thread-1] INFO  server.RaftServerConfigKeys (ConfUtils.java:logGet(43)) - raft.server.storage.dir = [/workdir/hadoop-ozone/integration-test/target/test-dir/MiniOzoneClusterImpl-917d4659-6045-4365-874a-c9e7eed38027/datanode-2/data/ratis] (custom)
2019-08-23 02:49:46,194 [pool-327-thread-1] INFO  server.RaftServerConfigKeys (ConfUtils.java:logGet(43)) - raft.server.storage.dir = [/workdir/hadoop-ozone/integration-test/target/test-dir/MiniOzoneClusterImpl-917d4659-6045-4365-874a-c9e7eed38027/datanode-1/data/ratis] (custom)
2019-08-23 02:49:46,194 [pool-338-thread-1] INFO  storage.RaftStorageDirectory (RaftStorageDirectory.java:analyzeStorage(246)) - The storage directory /workdir/hadoop-ozone/integration-test/target/test-dir/MiniOzoneClusterImpl-917d4659-6045-4365-874a-c9e7eed38027/datanode-2/data/ratis/f2422a76-fff7-40d3-b3c5-f61a263991fe does not exist. Creating ...
2019-08-23 02:49:46,195 [pool-327-thread-1] INFO  storage.RaftStorageDirectory (RaftStorageDirectory.java:analyzeStorage(246)) - The storage directory /workdir/hadoop-ozone/integration-test/target/test-dir/MiniOzoneClusterImpl-917d4659-6045-4365-874a-c9e7eed38027/datanode-1/data/ratis/f2422a76-fff7-40d3-b3c5-f61a263991fe does not exist. Creating ...
2019-08-23 02:49:46,274 [pool-338-thread-1] INFO  storage.RaftStorageDirectory (RaftStorageDirectory.java:tryLock(328)) - Lock on /workdir/hadoop-ozone/integration-test/target/test-dir/MiniOzoneClusterImpl-917d4659-6045-4365-874a-c9e7eed38027/datanode-2/data/ratis/f2422a76-fff7-40d3-b3c5-f61a263991fe/in_use.lock acquired by nodename 1781@pr-hdds-2000-5mb45-3533150274
2019-08-23 02:49:46,274 [pool-360-thread-1] INFO  storage.RaftStorageDirectory (RaftStorageDirectory.java:tryLock(328)) - Lock on /workdir/hadoop-ozone/integration-test/target/test-dir/MiniOzoneClusterImpl-917d4659-6045-4365-874a-c9e7eed38027/datanode-4/data/ratis/f2422a76-fff7-40d3-b3c5-f61a263991fe/in_use.lock acquired by nodename 1781@pr-hdds-2000-5mb45-3533150274
2019-08-23 02:49:46,274 [pool-327-thread-1] INFO  storage.RaftStorageDirectory (RaftStorageDirectory.java:tryLock(328)) - Lock on /workdir/hadoop-ozone/integration-test/target/test-dir/MiniOzoneClusterImpl-917d4659-6045-4365-874a-c9e7eed38027/datanode-1/data/ratis/f2422a76-fff7-40d3-b3c5-f61a263991fe/in_use.lock acquired by nodename 1781@pr-hdds-2000-5mb45-3533150274
2019-08-23 02:49:46,344 | INFO  | SCMAudit | user=jenkins1000 | ip=192.168.36.77 | op=SEND_HEARTBEAT {datanodeUUID=50e43da2-e7e0-478c-b7e8-9638b0c061cc, command=[]} | ret=SUCCESS |  
2019-08-23 02:49:46,523 | INFO  | SCMAudit | user=jenkins1000 | ip=192.168.36.77 | op=SEND_HEARTBEAT {datanodeUUID=674baee6-143c-441e-9e30-0d895b06f838, command=[]} | ret=SUCCESS |  
2019-08-23 02:49:46,741 | INFO  | SCMAudit | user=jenkins1000 | ip=192.168.36.77 | op=SEND_HEARTBEAT {datanodeUUID=6e366328-a21a-42d1-a497-c25b5c1bc291, command=[]} | ret=SUCCESS |  
2019-08-23 02:49:46,782 [pool-360-thread-1] INFO  storage.RaftStorage (RaftStorage.java:format(72)) - Storage directory /workdir/hadoop-ozone/integration-test/target/test-dir/MiniOzoneClusterImpl-917d4659-6045-4365-874a-c9e7eed38027/datanode-4/data/ratis/f2422a76-fff7-40d3-b3c5-f61a263991fe has been successfully formatted.
2019-08-23 02:49:46,782 [pool-338-thread-1] INFO  storage.RaftStorage (RaftStorage.java:format(72)) - Storage directory /workdir/hadoop-ozone/integration-test/target/test-dir/MiniOzoneClusterImpl-917d4659-6045-4365-874a-c9e7eed38027/datanode-2/data/ratis/f2422a76-fff7-40d3-b3c5-f61a263991fe has been successfully formatted.
2019-08-23 02:49:46,782 [pool-327-thread-1] INFO  storage.RaftStorage (RaftStorage.java:format(72)) - Storage directory /workdir/hadoop-ozone/integration-test/target/test-dir/MiniOzoneClusterImpl-917d4659-6045-4365-874a-c9e7eed38027/datanode-1/data/ratis/f2422a76-fff7-40d3-b3c5-f61a263991fe has been successfully formatted.
2019-08-23 02:49:46,782 [pool-360-thread-1] INFO  ratis.ContainerStateMachine (ContainerStateMachine.java:loadSnapshot(226)) - group-F61A263991FE: The snapshot info is null. Setting the last applied indexto:(t:0, i:~)
2019-08-23 02:49:46,782 [pool-327-thread-1] INFO  ratis.ContainerStateMachine (ContainerStateMachine.java:loadSnapshot(226)) - group-F61A263991FE: The snapshot info is null. Setting the last applied indexto:(t:0, i:~)
2019-08-23 02:49:46,782 [pool-338-thread-1] INFO  ratis.ContainerStateMachine (ContainerStateMachine.java:loadSnapshot(226)) - group-F61A263991FE: The snapshot info is null. Setting the last applied indexto:(t:0, i:~)
2019-08-23 02:49:46,782 [pool-327-thread-1] INFO  server.RaftServerConfigKeys (ConfUtils.java:logGet(43)) - raft.server.leader.election.timeout = 120s (custom)
2019-08-23 02:49:46,782 [pool-360-thread-1] INFO  server.RaftServerConfigKeys (ConfUtils.java:logGet(43)) - raft.server.leader.election.timeout = 120s (custom)
2019-08-23 02:49:46,783 [pool-327-thread-1] INFO  server.RaftServerConfigKeys (ConfUtils.java:logGet(43)) - raft.server.log.use.memory = false (default)
2019-08-23 02:49:46,782 [pool-338-thread-1] INFO  server.RaftServerConfigKeys (ConfUtils.java:logGet(43)) - raft.server.leader.election.timeout = 120s (custom)
2019-08-23 02:49:46,783 [pool-327-thread-1] INFO  server.RaftServerConfigKeys (ConfUtils.java:logGet(43)) - raft.server.log.purge.gap = 1000000 (custom)
2019-08-23 02:49:46,783 [pool-360-thread-1] INFO  server.RaftServerConfigKeys (ConfUtils.java:logGet(43)) - raft.server.log.use.memory = false (default)
2019-08-23 02:49:46,783 [pool-327-thread-1] INFO  server.RaftServerConfigKeys (ConfUtils.java:logGet(43)) - raft.server.log.appender.buffer.byte-limit = 33554432 (custom)
2019-08-23 02:49:46,783 [pool-338-thread-1] INFO  server.RaftServerConfigKeys (ConfUtils.java:logGet(43)) - raft.server.log.use.memory = false (default)
2019-08-23 02:49:46,783 [pool-327-thread-1] INFO  server.RaftServerConfigKeys (ConfUtils.java:logGet(43)) - raft.server.log.segment.size.max = 1048576 (custom)
2019-08-23 02:49:46,783 [pool-360-thread-1] INFO  server.RaftServerConfigKeys (ConfUtils.java:logGet(43)) - raft.server.log.purge.gap = 1000000 (custom)
2019-08-23 02:49:46,784 [pool-327-thread-1] INFO  server.RaftServerConfigKeys (ConfUtils.java:logGet(43)) - raft.server.log.segment.cache.num.max = 2 (custom)
2019-08-23 02:49:46,783 [pool-338-thread-1] INFO  server.RaftServerConfigKeys (ConfUtils.java:logGet(43)) - raft.server.log.purge.gap = 1000000 (custom)
2019-08-23 02:49:46,784 [pool-327-thread-1] INFO  segmented.SegmentedRaftLogWorker (SegmentedRaftLogWorker.java:<init>(172)) - new 004b6b6e-41ce-4475-9f2f-481aedf9c953-SegmentedRaftLogWorker:Storage Directory /workdir/hadoop-ozone/integration-test/target/test-dir/MiniOzoneClusterImpl-917d4659-6045-4365-874a-c9e7eed38027/datanode-1/data/ratis/f2422a76-fff7-40d3-b3c5-f61a263991fe for RaftStorage:Storage Directory /workdir/hadoop-ozone/integration-test/target/test-dir/MiniOzoneClusterImpl-917d4659-6045-4365-874a-c9e7eed38027/datanode-1/data/ratis/f2422a76-fff7-40d3-b3c5-f61a263991fe
2019-08-23 02:49:46,784 [pool-360-thread-1] INFO  server.RaftServerConfigKeys (ConfUtils.java:logGet(43)) - raft.server.log.appender.buffer.byte-limit = 33554432 (custom)
2019-08-23 02:49:46,784 [pool-327-thread-1] INFO  server.RaftServerConfigKeys (ConfUtils.java:logGet(43)) - raft.server.log.queue.byte-limit = 2147483647 (custom)
2019-08-23 02:49:46,784 [pool-338-thread-1] INFO  server.RaftServerConfigKeys (ConfUtils.java:logGet(43)) - raft.server.log.appender.buffer.byte-limit = 33554432 (custom)
2019-08-23 02:49:46,784 [pool-327-thread-1] INFO  server.RaftServerConfigKeys (ConfUtils.java:logGet(43)) - raft.server.log.queue.element-limit = 1024 (custom)
2019-08-23 02:49:46,784 [pool-360-thread-1] INFO  server.RaftServerConfigKeys (ConfUtils.java:logGet(43)) - raft.server.log.segment.size.max = 1048576 (custom)
2019-08-23 02:49:46,784 [pool-327-thread-1] INFO  server.RaftServerConfigKeys (ConfUtils.java:logGet(43)) - raft.server.log.segment.size.max = 1048576 (custom)
2019-08-23 02:49:46,784 [pool-338-thread-1] INFO  server.RaftServerConfigKeys (ConfUtils.java:logGet(43)) - raft.server.log.segment.size.max = 1048576 (custom)
2019-08-23 02:49:46,785 [pool-327-thread-1] INFO  server.RaftServerConfigKeys (ConfUtils.java:logGet(43)) - raft.server.log.preallocated.size = 16384 (custom)
2019-08-23 02:49:46,785 [pool-360-thread-1] INFO  server.RaftServerConfigKeys (ConfUtils.java:logGet(43)) - raft.server.log.segment.cache.num.max = 2 (custom)
2019-08-23 02:49:46,785 [pool-327-thread-1] INFO  server.RaftServerConfigKeys (ConfUtils.java:logGet(43)) - raft.server.log.write.buffer.size = 33554432 (custom)
2019-08-23 02:49:46,785 [pool-338-thread-1] INFO  server.RaftServerConfigKeys (ConfUtils.java:logGet(43)) - raft.server.log.segment.cache.num.max = 2 (custom)
2019-08-23 02:49:46,785 [pool-327-thread-1] INFO  server.RaftServerConfigKeys (ConfUtils.java:logGet(43)) - raft.server.log.force.sync.num = 128 (default)
2019-08-23 02:49:46,785 [pool-360-thread-1] INFO  segmented.SegmentedRaftLogWorker (SegmentedRaftLogWorker.java:<init>(172)) - new 6e366328-a21a-42d1-a497-c25b5c1bc291-SegmentedRaftLogWorker:Storage Directory /workdir/hadoop-ozone/integration-test/target/test-dir/MiniOzoneClusterImpl-917d4659-6045-4365-874a-c9e7eed38027/datanode-4/data/ratis/f2422a76-fff7-40d3-b3c5-f61a263991fe for RaftStorage:Storage Directory /workdir/hadoop-ozone/integration-test/target/test-dir/MiniOzoneClusterImpl-917d4659-6045-4365-874a-c9e7eed38027/datanode-4/data/ratis/f2422a76-fff7-40d3-b3c5-f61a263991fe
2019-08-23 02:49:46,785 [pool-327-thread-1] INFO  server.RaftServerConfigKeys (ConfUtils.java:logGet(43)) - raft.server.log.statemachine.data.sync = true (default)
2019-08-23 02:49:46,785 [pool-338-thread-1] INFO  segmented.SegmentedRaftLogWorker (SegmentedRaftLogWorker.java:<init>(172)) - new 50e43da2-e7e0-478c-b7e8-9638b0c061cc-SegmentedRaftLogWorker:Storage Directory /workdir/hadoop-ozone/integration-test/target/test-dir/MiniOzoneClusterImpl-917d4659-6045-4365-874a-c9e7eed38027/datanode-2/data/ratis/f2422a76-fff7-40d3-b3c5-f61a263991fe for RaftStorage:Storage Directory /workdir/hadoop-ozone/integration-test/target/test-dir/MiniOzoneClusterImpl-917d4659-6045-4365-874a-c9e7eed38027/datanode-2/data/ratis/f2422a76-fff7-40d3-b3c5-f61a263991fe
2019-08-23 02:49:46,785 [pool-327-thread-1] INFO  server.RaftServerConfigKeys (ConfUtils.java:logGet(43)) - raft.server.log.statemachine.data.sync.timeout = 10s (default)
2019-08-23 02:49:46,785 [pool-360-thread-1] INFO  server.RaftServerConfigKeys (ConfUtils.java:logGet(43)) - raft.server.log.queue.byte-limit = 2147483647 (custom)
2019-08-23 02:49:46,786 [pool-327-thread-1] INFO  server.RaftServerConfigKeys (ConfUtils.java:logGet(43)) - raft.server.log.statemachine.data.sync.timeout.retry = -1 (default)
2019-08-23 02:49:46,786 [pool-338-thread-1] INFO  server.RaftServerConfigKeys (ConfUtils.java:logGet(43)) - raft.server.log.queue.byte-limit = 2147483647 (custom)
2019-08-23 02:49:46,786 [pool-327-thread-1] INFO  server.RaftServerConfigKeys (ConfUtils.java:logGet(43)) - raft.server.log.statemachine.data.caching.enabled = true (custom)
2019-08-23 02:49:46,786 [pool-360-thread-1] INFO  server.RaftServerConfigKeys (ConfUtils.java:logGet(43)) - raft.server.log.queue.element-limit = 1024 (custom)
2019-08-23 02:49:46,786 [pool-338-thread-1] INFO  server.RaftServerConfigKeys (ConfUtils.java:logGet(43)) - raft.server.log.queue.element-limit = 1024 (custom)
2019-08-23 02:49:46,786 [pool-327-thread-1] INFO  segmented.SegmentedRaftLogWorker (SegmentedRaftLogWorker.java:lambda$new$0(132)) - 004b6b6e-41ce-4475-9f2f-481aedf9c953-SegmentedRaftLogWorker:Storage Directory /workdir/hadoop-ozone/integration-test/target/test-dir/MiniOzoneClusterImpl-917d4659-6045-4365-874a-c9e7eed38027/datanode-1/data/ratis/f2422a76-fff7-40d3-b3c5-f61a263991fe: flushIndex: setUnconditionally 0 -> -1
2019-08-23 02:49:46,786 [pool-360-thread-1] INFO  server.RaftServerConfigKeys (ConfUtils.java:logGet(43)) - raft.server.log.segment.size.max = 1048576 (custom)
2019-08-23 02:49:46,786 [pool-338-thread-1] INFO  server.RaftServerConfigKeys (ConfUtils.java:logGet(43)) - raft.server.log.segment.size.max = 1048576 (custom)
2019-08-23 02:49:46,787 [pool-327-thread-1] INFO  server.RaftServerConfigKeys (ConfUtils.java:logGet(43)) - raft.server.snapshot.auto.trigger.enabled = true (custom)
2019-08-23 02:49:46,786 [pool-360-thread-1] INFO  server.RaftServerConfigKeys (ConfUtils.java:logGet(43)) - raft.server.log.preallocated.size = 16384 (custom)
2019-08-23 02:49:46,787 [pool-327-thread-1] INFO  server.RaftServerConfigKeys (ConfUtils.java:logGet(43)) - raft.server.snapshot.auto.trigger.threshold = 10000 (custom)
2019-08-23 02:49:46,787 [pool-338-thread-1] INFO  server.RaftServerConfigKeys (ConfUtils.java:logGet(43)) - raft.server.log.preallocated.size = 16384 (custom)
2019-08-23 02:49:46,787 [pool-327-thread-1] INFO  server.RaftServerConfigKeys (ConfUtils.java:logGet(43)) - raft.server.retrycache.expirytime = 600000ms (custom)
2019-08-23 02:49:46,787 [pool-360-thread-1] INFO  server.RaftServerConfigKeys (ConfUtils.java:logGet(43)) - raft.server.log.write.buffer.size = 33554432 (custom)
2019-08-23 02:49:46,787 [pool-327-thread-1] INFO  impl.RaftServerImpl (RaftServerImpl.java:start(180)) - 004b6b6e-41ce-4475-9f2f-481aedf9c953: start group-F61A263991FE
2019-08-23 02:49:46,787 [pool-338-thread-1] INFO  server.RaftServerConfigKeys (ConfUtils.java:logGet(43)) - raft.server.log.write.buffer.size = 33554432 (custom)
2019-08-23 02:49:46,787 [pool-327-thread-1] INFO  impl.RaftServerImpl (RaftServerImpl.java:setRole(171)) - 004b6b6e-41ce-4475-9f2f-481aedf9c953:group-F61A263991FE changes role from null to FOLLOWER at term 0 for startAsFollower
2019-08-23 02:49:46,787 [pool-360-thread-1] INFO  server.RaftServerConfigKeys (ConfUtils.java:logGet(43)) - raft.server.log.force.sync.num = 128 (default)
2019-08-23 02:49:46,788 [pool-327-thread-1] INFO  impl.RoleInfo (RoleInfo.java:updateAndGet(143)) - 004b6b6e-41ce-4475-9f2f-481aedf9c953: start FollowerState
2019-08-23 02:49:46,788 [pool-338-thread-1] INFO  server.RaftServerConfigKeys (ConfUtils.java:logGet(43)) - raft.server.log.force.sync.num = 128 (default)
2019-08-23 02:49:46,788 [pool-338-thread-1] INFO  server.RaftServerConfigKeys (ConfUtils.java:logGet(43)) - raft.server.log.statemachine.data.sync = true (default)
2019-08-23 02:49:46,788 [pool-338-thread-1] INFO  server.RaftServerConfigKeys (ConfUtils.java:logGet(43)) - raft.server.log.statemachine.data.sync.timeout = 10s (default)
2019-08-23 02:49:46,788 [pool-360-thread-1] INFO  server.RaftServerConfigKeys (ConfUtils.java:logGet(43)) - raft.server.log.statemachine.data.sync = true (default)
2019-08-23 02:49:46,788 [pool-338-thread-1] INFO  server.RaftServerConfigKeys (ConfUtils.java:logGet(43)) - raft.server.log.statemachine.data.sync.timeout.retry = -1 (default)
2019-08-23 02:49:46,788 [pool-327-thread-1] INFO  util.JmxRegister (JmxRegister.java:tryRegister(44)) - Successfully registered JMX Bean with object name Ratis:service=RaftServer,group=group-F61A263991FE,id=004b6b6e-41ce-4475-9f2f-481aedf9c953
2019-08-23 02:49:46,789 [pool-338-thread-1] INFO  server.RaftServerConfigKeys (ConfUtils.java:logGet(43)) - raft.server.log.statemachine.data.caching.enabled = true (custom)
2019-08-23 02:49:46,788 [pool-360-thread-1] INFO  server.RaftServerConfigKeys (ConfUtils.java:logGet(43)) - raft.server.log.statemachine.data.sync.timeout = 10s (default)
2019-08-23 02:49:46,789 [pool-338-thread-1] INFO  segmented.SegmentedRaftLogWorker (SegmentedRaftLogWorker.java:lambda$new$0(132)) - 50e43da2-e7e0-478c-b7e8-9638b0c061cc-SegmentedRaftLogWorker:Storage Directory /workdir/hadoop-ozone/integration-test/target/test-dir/MiniOzoneClusterImpl-917d4659-6045-4365-874a-c9e7eed38027/datanode-2/data/ratis/f2422a76-fff7-40d3-b3c5-f61a263991fe: flushIndex: setUnconditionally 0 -> -1
2019-08-23 02:49:46,789 [pool-360-thread-1] INFO  server.RaftServerConfigKeys (ConfUtils.java:logGet(43)) - raft.server.log.statemachine.data.sync.timeout.retry = -1 (default)
2019-08-23 02:49:46,789 [pool-360-thread-1] INFO  server.RaftServerConfigKeys (ConfUtils.java:logGet(43)) - raft.server.log.statemachine.data.caching.enabled = true (custom)
2019-08-23 02:49:46,789 [pool-338-thread-1] INFO  server.RaftServerConfigKeys (ConfUtils.java:logGet(43)) - raft.server.snapshot.auto.trigger.enabled = true (custom)
2019-08-23 02:49:46,790 [pool-360-thread-1] INFO  segmented.SegmentedRaftLogWorker (SegmentedRaftLogWorker.java:lambda$new$0(132)) - 6e366328-a21a-42d1-a497-c25b5c1bc291-SegmentedRaftLogWorker:Storage Directory /workdir/hadoop-ozone/integration-test/target/test-dir/MiniOzoneClusterImpl-917d4659-6045-4365-874a-c9e7eed38027/datanode-4/data/ratis/f2422a76-fff7-40d3-b3c5-f61a263991fe: flushIndex: setUnconditionally 0 -> -1
2019-08-23 02:49:46,790 [pool-338-thread-1] INFO  server.RaftServerConfigKeys (ConfUtils.java:logGet(43)) - raft.server.snapshot.auto.trigger.threshold = 10000 (custom)
2019-08-23 02:49:46,790 [pool-360-thread-1] INFO  server.RaftServerConfigKeys (ConfUtils.java:logGet(43)) - raft.server.snapshot.auto.trigger.enabled = true (custom)
2019-08-23 02:49:46,790 [pool-360-thread-1] INFO  server.RaftServerConfigKeys (ConfUtils.java:logGet(43)) - raft.server.snapshot.auto.trigger.threshold = 10000 (custom)
2019-08-23 02:49:46,790 [pool-338-thread-1] INFO  server.RaftServerConfigKeys (ConfUtils.java:logGet(43)) - raft.server.retrycache.expirytime = 600000ms (custom)
2019-08-23 02:49:46,790 [pool-360-thread-1] INFO  server.RaftServerConfigKeys (ConfUtils.java:logGet(43)) - raft.server.retrycache.expirytime = 600000ms (custom)
2019-08-23 02:49:46,791 [pool-338-thread-1] INFO  impl.RaftServerImpl (RaftServerImpl.java:start(180)) - 50e43da2-e7e0-478c-b7e8-9638b0c061cc: start group-F61A263991FE
2019-08-23 02:49:46,791 [pool-360-thread-1] INFO  impl.RaftServerImpl (RaftServerImpl.java:start(180)) - 6e366328-a21a-42d1-a497-c25b5c1bc291: start group-F61A263991FE
2019-08-23 02:49:46,791 [pool-338-thread-1] INFO  impl.RaftServerImpl (RaftServerImpl.java:setRole(171)) - 50e43da2-e7e0-478c-b7e8-9638b0c061cc:group-F61A263991FE changes role from null to FOLLOWER at term 0 for startAsFollower
2019-08-23 02:49:46,791 [pool-360-thread-1] INFO  impl.RaftServerImpl (RaftServerImpl.java:setRole(171)) - 6e366328-a21a-42d1-a497-c25b5c1bc291:group-F61A263991FE changes role from null to FOLLOWER at term 0 for startAsFollower
2019-08-23 02:49:46,791 [pool-338-thread-1] INFO  impl.RoleInfo (RoleInfo.java:updateAndGet(143)) - 50e43da2-e7e0-478c-b7e8-9638b0c061cc: start FollowerState
2019-08-23 02:49:46,791 [pool-360-thread-1] INFO  impl.RoleInfo (RoleInfo.java:updateAndGet(143)) - 6e366328-a21a-42d1-a497-c25b5c1bc291: start FollowerState
2019-08-23 02:49:46,791 [pool-338-thread-1] INFO  util.JmxRegister (JmxRegister.java:tryRegister(44)) - Successfully registered JMX Bean with object name Ratis:service=RaftServer,group=group-F61A263991FE,id=50e43da2-e7e0-478c-b7e8-9638b0c061cc
2019-08-23 02:49:46,791 [pool-360-thread-1] INFO  util.JmxRegister (JmxRegister.java:tryRegister(44)) - Successfully registered JMX Bean with object name Ratis:service=RaftServer,group=group-F61A263991FE,id=6e366328-a21a-42d1-a497-c25b5c1bc291
2019-08-23 02:49:46,794 [RatisPipelineUtilsThread] INFO  pipeline.PipelineStateManager (PipelineStateManager.java:addPipeline(56)) - Created pipeline Pipeline[ Id: f2422a76-fff7-40d3-b3c5-f61a263991fe, Nodes: 004b6b6e-41ce-4475-9f2f-481aedf9c953{ip: 192.168.36.77, host: pr-hdds-2000-5mb45-3533150274, networkLocation: /default-rack, certSerialId: null}6e366328-a21a-42d1-a497-c25b5c1bc291{ip: 192.168.36.77, host: pr-hdds-2000-5mb45-3533150274, networkLocation: /default-rack, certSerialId: null}50e43da2-e7e0-478c-b7e8-9638b0c061cc{ip: 192.168.36.77, host: pr-hdds-2000-5mb45-3533150274, networkLocation: /default-rack, certSerialId: null}, Type:RATIS, Factor:THREE, State:OPEN]
2019-08-23 02:49:46,807 [grpc-default-executor-3] INFO  impl.RaftServerProxy (RaftServerProxy.java:addNew(89)) - e824def4-fdb0-4d06-a3a6-273d371b8d7d: addNew group-A52EBC6CCB0C:[15fd999f-62be-4877-833a-993ce600606a:192.168.36.77:35226, 674baee6-143c-441e-9e30-0d895b06f838:192.168.36.77:39798, e824def4-fdb0-4d06-a3a6-273d371b8d7d:192.168.36.77:38058] returns group-A52EBC6CCB0C:java.util.concurrent.CompletableFuture@51120485[Not completed]
2019-08-23 02:49:46,807 [grpc-default-executor-1] INFO  impl.RaftServerProxy (RaftServerProxy.java:addNew(89)) - 674baee6-143c-441e-9e30-0d895b06f838: addNew group-A52EBC6CCB0C:[15fd999f-62be-4877-833a-993ce600606a:192.168.36.77:35226, 674baee6-143c-441e-9e30-0d895b06f838:192.168.36.77:39798, e824def4-fdb0-4d06-a3a6-273d371b8d7d:192.168.36.77:38058] returns group-A52EBC6CCB0C:java.util.concurrent.CompletableFuture@1b771ce2[Not completed]
2019-08-23 02:49:46,807 [grpc-default-executor-4] INFO  impl.RaftServerProxy (RaftServerProxy.java:addNew(89)) - 15fd999f-62be-4877-833a-993ce600606a: addNew group-A52EBC6CCB0C:[15fd999f-62be-4877-833a-993ce600606a:192.168.36.77:35226, 674baee6-143c-441e-9e30-0d895b06f838:192.168.36.77:39798, e824def4-fdb0-4d06-a3a6-273d371b8d7d:192.168.36.77:38058] returns group-A52EBC6CCB0C:java.util.concurrent.CompletableFuture@704dcb43[Not completed]
2019-08-23 02:49:46,808 [pool-371-thread-1] INFO  impl.RaftServerImpl (RaftServerImpl.java:<init>(93)) - 15fd999f-62be-4877-833a-993ce600606a: new RaftServerImpl for group-A52EBC6CCB0C:[15fd999f-62be-4877-833a-993ce600606a:192.168.36.77:35226, 674baee6-143c-441e-9e30-0d895b06f838:192.168.36.77:39798, e824def4-fdb0-4d06-a3a6-273d371b8d7d:192.168.36.77:38058] with ContainerStateMachine:uninitialized
2019-08-23 02:49:46,808 [pool-371-thread-1] INFO  server.RaftServerConfigKeys (ConfUtils.java:logGet(43)) - raft.server.rpc.timeout.min = 5s (custom)
2019-08-23 02:49:46,809 [pool-371-thread-1] INFO  server.RaftServerConfigKeys (ConfUtils.java:logGet(43)) - raft.server.rpc.timeout.max = 5200ms (custom)
2019-08-23 02:49:46,809 [pool-371-thread-1] INFO  server.RaftServerConfigKeys (ConfUtils.java:logGet(43)) - raft.server.rpcslowness.timeout = 120s (custom)
2019-08-23 02:49:46,809 [pool-371-thread-1] INFO  server.RaftServerConfigKeys (ConfUtils.java:logGet(43)) - raft.server.sleep.deviation.threshold = 300 (default)
2019-08-23 02:49:46,809 [pool-371-thread-1] INFO  server.RaftServerConfigKeys (ConfUtils.java:logGet(43)) - raft.server.log.appender.install.snapshot.enabled = false (custom)
2019-08-23 02:49:46,809 [pool-371-thread-1] INFO  impl.RaftServerImpl (ServerState.java:<init>(105)) - 15fd999f-62be-4877-833a-993ce600606a:group-A52EBC6CCB0C ConfigurationManager, init=-1: [15fd999f-62be-4877-833a-993ce600606a:192.168.36.77:35226, 674baee6-143c-441e-9e30-0d895b06f838:192.168.36.77:39798, e824def4-fdb0-4d06-a3a6-273d371b8d7d:192.168.36.77:38058], old=null, confs=<EMPTY_MAP>
2019-08-23 02:49:46,809 [pool-382-thread-1] INFO  impl.RaftServerImpl (RaftServerImpl.java:<init>(93)) - e824def4-fdb0-4d06-a3a6-273d371b8d7d: new RaftServerImpl for group-A52EBC6CCB0C:[15fd999f-62be-4877-833a-993ce600606a:192.168.36.77:35226, 674baee6-143c-441e-9e30-0d895b06f838:192.168.36.77:39798, e824def4-fdb0-4d06-a3a6-273d371b8d7d:192.168.36.77:38058] with ContainerStateMachine:uninitialized
2019-08-23 02:49:46,809 [pool-371-thread-1] INFO  server.RaftServerConfigKeys (ConfUtils.java:logGet(43)) - raft.server.storage.dir = [/workdir/hadoop-ozone/integration-test/target/test-dir/MiniOzoneClusterImpl-917d4659-6045-4365-874a-c9e7eed38027/datanode-5/data/ratis] (custom)
2019-08-23 02:49:46,809 [pool-382-thread-1] INFO  server.RaftServerConfigKeys (ConfUtils.java:logGet(43)) - raft.server.rpc.timeout.min = 5s (custom)
2019-08-23 02:49:46,809 [pool-382-thread-1] INFO  server.RaftServerConfigKeys (ConfUtils.java:logGet(43)) - raft.server.rpc.timeout.max = 5200ms (custom)
2019-08-23 02:49:46,810 [pool-349-thread-1] INFO  impl.RaftServerImpl (RaftServerImpl.java:<init>(93)) - 674baee6-143c-441e-9e30-0d895b06f838: new RaftServerImpl for group-A52EBC6CCB0C:[15fd999f-62be-4877-833a-993ce600606a:192.168.36.77:35226, 674baee6-143c-441e-9e30-0d895b06f838:192.168.36.77:39798, e824def4-fdb0-4d06-a3a6-273d371b8d7d:192.168.36.77:38058] with ContainerStateMachine:uninitialized
2019-08-23 02:49:46,810 [pool-371-thread-1] INFO  storage.RaftStorageDirectory (RaftStorageDirectory.java:analyzeStorage(246)) - The storage directory /workdir/hadoop-ozone/integration-test/target/test-dir/MiniOzoneClusterImpl-917d4659-6045-4365-874a-c9e7eed38027/datanode-5/data/ratis/1ed53567-8877-4588-babf-a52ebc6ccb0c does not exist. Creating ...
2019-08-23 02:49:46,810 [pool-349-thread-1] INFO  server.RaftServerConfigKeys (ConfUtils.java:logGet(43)) - raft.server.rpc.timeout.min = 5s (custom)
2019-08-23 02:49:46,810 [pool-382-thread-1] INFO  server.RaftServerConfigKeys (ConfUtils.java:logGet(43)) - raft.server.rpcslowness.timeout = 120s (custom)
2019-08-23 02:49:46,810 [pool-349-thread-1] INFO  server.RaftServerConfigKeys (ConfUtils.java:logGet(43)) - raft.server.rpc.timeout.max = 5200ms (custom)
2019-08-23 02:49:46,811 [pool-349-thread-1] INFO  server.RaftServerConfigKeys (ConfUtils.java:logGet(43)) - raft.server.rpcslowness.timeout = 120s (custom)
2019-08-23 02:49:46,811 [pool-382-thread-1] INFO  server.RaftServerConfigKeys (ConfUtils.java:logGet(43)) - raft.server.sleep.deviation.threshold = 300 (default)
2019-08-23 02:49:46,811 [pool-349-thread-1] INFO  server.RaftServerConfigKeys (ConfUtils.java:logGet(43)) - raft.server.sleep.deviation.threshold = 300 (default)
2019-08-23 02:49:46,811 [pool-382-thread-1] INFO  server.RaftServerConfigKeys (ConfUtils.java:logGet(43)) - raft.server.log.appender.install.snapshot.enabled = false (custom)
2019-08-23 02:49:46,811 [pool-349-thread-1] INFO  server.RaftServerConfigKeys (ConfUtils.java:logGet(43)) - raft.server.log.appender.install.snapshot.enabled = false (custom)
2019-08-23 02:49:46,812 [pool-349-thread-1] INFO  impl.RaftServerImpl (ServerState.java:<init>(105)) - 674baee6-143c-441e-9e30-0d895b06f838:group-A52EBC6CCB0C ConfigurationManager, init=-1: [15fd999f-62be-4877-833a-993ce600606a:192.168.36.77:35226, 674baee6-143c-441e-9e30-0d895b06f838:192.168.36.77:39798, e824def4-fdb0-4d06-a3a6-273d371b8d7d:192.168.36.77:38058], old=null, confs=<EMPTY_MAP>
2019-08-23 02:49:46,812 [pool-382-thread-1] INFO  impl.RaftServerImpl (ServerState.java:<init>(105)) - e824def4-fdb0-4d06-a3a6-273d371b8d7d:group-A52EBC6CCB0C ConfigurationManager, init=-1: [15fd999f-62be-4877-833a-993ce600606a:192.168.36.77:35226, 674baee6-143c-441e-9e30-0d895b06f838:192.168.36.77:39798, e824def4-fdb0-4d06-a3a6-273d371b8d7d:192.168.36.77:38058], old=null, confs=<EMPTY_MAP>
2019-08-23 02:49:46,812 [pool-349-thread-1] INFO  server.RaftServerConfigKeys (ConfUtils.java:logGet(43)) - raft.server.storage.dir = [/workdir/hadoop-ozone/integration-test/target/test-dir/MiniOzoneClusterImpl-917d4659-6045-4365-874a-c9e7eed38027/datanode-3/data/ratis] (custom)
2019-08-23 02:49:46,812 [pool-382-thread-1] INFO  server.RaftServerConfigKeys (ConfUtils.java:logGet(43)) - raft.server.storage.dir = [/workdir/hadoop-ozone/integration-test/target/test-dir/MiniOzoneClusterImpl-917d4659-6045-4365-874a-c9e7eed38027/datanode-6/data/ratis] (custom)
2019-08-23 02:49:46,813 [pool-349-thread-1] INFO  storage.RaftStorageDirectory (RaftStorageDirectory.java:analyzeStorage(246)) - The storage directory /workdir/hadoop-ozone/integration-test/target/test-dir/MiniOzoneClusterImpl-917d4659-6045-4365-874a-c9e7eed38027/datanode-3/data/ratis/1ed53567-8877-4588-babf-a52ebc6ccb0c does not exist. Creating ...
2019-08-23 02:49:46,813 [pool-382-thread-1] INFO  storage.RaftStorageDirectory (RaftStorageDirectory.java:analyzeStorage(246)) - The storage directory /workdir/hadoop-ozone/integration-test/target/test-dir/MiniOzoneClusterImpl-917d4659-6045-4365-874a-c9e7eed38027/datanode-6/data/ratis/1ed53567-8877-4588-babf-a52ebc6ccb0c does not exist. Creating ...
2019-08-23 02:49:46,947 | INFO  | SCMAudit | user=jenkins1000 | ip=192.168.36.77 | op=SEND_HEARTBEAT {datanodeUUID=5c5e51ce-aa4b-45fa-b548-3aebeb03959c, command=[]} | ret=SUCCESS |  
2019-08-23 02:49:46,949 | INFO  | SCMAudit | user=jenkins1000 | ip=192.168.36.77 | op=SEND_HEARTBEAT {datanodeUUID=15fd999f-62be-4877-833a-993ce600606a, command=[]} | ret=SUCCESS |  
2019-08-23 02:49:46,970 [pool-382-thread-1] INFO  storage.RaftStorageDirectory (RaftStorageDirectory.java:tryLock(328)) - Lock on /workdir/hadoop-ozone/integration-test/target/test-dir/MiniOzoneClusterImpl-917d4659-6045-4365-874a-c9e7eed38027/datanode-6/data/ratis/1ed53567-8877-4588-babf-a52ebc6ccb0c/in_use.lock acquired by nodename 1781@pr-hdds-2000-5mb45-3533150274
2019-08-23 02:49:46,970 [pool-349-thread-1] INFO  storage.RaftStorageDirectory (RaftStorageDirectory.java:tryLock(328)) - Lock on /workdir/hadoop-ozone/integration-test/target/test-dir/MiniOzoneClusterImpl-917d4659-6045-4365-874a-c9e7eed38027/datanode-3/data/ratis/1ed53567-8877-4588-babf-a52ebc6ccb0c/in_use.lock acquired by nodename 1781@pr-hdds-2000-5mb45-3533150274
2019-08-23 02:49:46,970 [pool-371-thread-1] INFO  storage.RaftStorageDirectory (RaftStorageDirectory.java:tryLock(328)) - Lock on /workdir/hadoop-ozone/integration-test/target/test-dir/MiniOzoneClusterImpl-917d4659-6045-4365-874a-c9e7eed38027/datanode-5/data/ratis/1ed53567-8877-4588-babf-a52ebc6ccb0c/in_use.lock acquired by nodename 1781@pr-hdds-2000-5mb45-3533150274
2019-08-23 02:49:47,121 [Thread-1921] INFO  impl.FollowerState (FollowerState.java:run(106)) - 5c5e51ce-aa4b-45fa-b548-3aebeb03959c:group-0C13AED45563 changes to CANDIDATE, lastRpcTime:5036, electionTimeout:5036ms
2019-08-23 02:49:47,121 [Thread-1921] INFO  impl.RoleInfo (RoleInfo.java:shutdownFollowerState(121)) - 5c5e51ce-aa4b-45fa-b548-3aebeb03959c: shutdown FollowerState
2019-08-23 02:49:47,121 [Thread-1921] INFO  impl.RaftServerImpl (RaftServerImpl.java:setRole(171)) - 5c5e51ce-aa4b-45fa-b548-3aebeb03959c:group-0C13AED45563 changes role from FOLLOWER to CANDIDATE at term 0 for changeToCandidate
2019-08-23 02:49:47,121 [Thread-1921] INFO  impl.RoleInfo (RoleInfo.java:updateAndGet(143)) - 5c5e51ce-aa4b-45fa-b548-3aebeb03959c: start LeaderElection
2019-08-23 02:49:47,131 | INFO  | SCMAudit | user=jenkins1000 | ip=192.168.36.77 | op=SEND_HEARTBEAT {datanodeUUID=e824def4-fdb0-4d06-a3a6-273d371b8d7d, command=[]} | ret=SUCCESS |  
2019-08-23 02:49:47,141 | INFO  | SCMAudit | user=jenkins1000 | ip=192.168.36.77 | op=SEND_HEARTBEAT {datanodeUUID=004b6b6e-41ce-4475-9f2f-481aedf9c953, command=[]} | ret=SUCCESS |  
2019-08-23 02:49:47,157 [pool-371-thread-1] INFO  storage.RaftStorage (RaftStorage.java:format(72)) - Storage directory /workdir/hadoop-ozone/integration-test/target/test-dir/MiniOzoneClusterImpl-917d4659-6045-4365-874a-c9e7eed38027/datanode-5/data/ratis/1ed53567-8877-4588-babf-a52ebc6ccb0c has been successfully formatted.
2019-08-23 02:49:47,158 [5c5e51ce-aa4b-45fa-b548-3aebeb03959c:group-0C13AED45563:LeaderElection61] INFO  impl.LeaderElection (LeaderElection.java:askForVotes(181)) - 5c5e51ce-aa4b-45fa-b548-3aebeb03959c:group-0C13AED45563:LeaderElection61: begin an election at term 1 for -1: [5c5e51ce-aa4b-45fa-b548-3aebeb03959c:192.168.36.77:35267], old=null
2019-08-23 02:49:47,157 [pool-349-thread-1] INFO  storage.RaftStorage (RaftStorage.java:format(72)) - Storage directory /workdir/hadoop-ozone/integration-test/target/test-dir/MiniOzoneClusterImpl-917d4659-6045-4365-874a-c9e7eed38027/datanode-3/data/ratis/1ed53567-8877-4588-babf-a52ebc6ccb0c has been successfully formatted.
2019-08-23 02:49:47,157 [pool-382-thread-1] INFO  storage.RaftStorage (RaftStorage.java:format(72)) - Storage directory /workdir/hadoop-ozone/integration-test/target/test-dir/MiniOzoneClusterImpl-917d4659-6045-4365-874a-c9e7eed38027/datanode-6/data/ratis/1ed53567-8877-4588-babf-a52ebc6ccb0c has been successfully formatted.
2019-08-23 02:49:47,158 [pool-371-thread-1] INFO  ratis.ContainerStateMachine (ContainerStateMachine.java:loadSnapshot(226)) - group-A52EBC6CCB0C: The snapshot info is null. Setting the last applied indexto:(t:0, i:~)
2019-08-23 02:49:47,158 [5c5e51ce-aa4b-45fa-b548-3aebeb03959c:group-0C13AED45563:LeaderElection61] INFO  impl.RoleInfo (RoleInfo.java:shutdownLeaderElection(134)) - 5c5e51ce-aa4b-45fa-b548-3aebeb03959c: shutdown LeaderElection
2019-08-23 02:49:47,158 [pool-371-thread-1] INFO  server.RaftServerConfigKeys (ConfUtils.java:logGet(43)) - raft.server.leader.election.timeout = 120s (custom)
2019-08-23 02:49:47,158 [pool-349-thread-1] INFO  ratis.ContainerStateMachine (ContainerStateMachine.java:loadSnapshot(226)) - group-A52EBC6CCB0C: The snapshot info is null. Setting the last applied indexto:(t:0, i:~)
2019-08-23 02:49:47,158 [pool-382-thread-1] INFO  ratis.ContainerStateMachine (ContainerStateMachine.java:loadSnapshot(226)) - group-A52EBC6CCB0C: The snapshot info is null. Setting the last applied indexto:(t:0, i:~)
2019-08-23 02:49:47,159 [pool-349-thread-1] INFO  server.RaftServerConfigKeys (ConfUtils.java:logGet(43)) - raft.server.leader.election.timeout = 120s (custom)
2019-08-23 02:49:47,159 [pool-371-thread-1] INFO  server.RaftServerConfigKeys (ConfUtils.java:logGet(43)) - raft.server.log.use.memory = false (default)
2019-08-23 02:49:47,159 [5c5e51ce-aa4b-45fa-b548-3aebeb03959c:group-0C13AED45563:LeaderElection61] INFO  impl.RaftServerImpl (RaftServerImpl.java:setRole(171)) - 5c5e51ce-aa4b-45fa-b548-3aebeb03959c:group-0C13AED45563 changes role from CANDIDATE to LEADER at term 1 for changeToLeader
2019-08-23 02:49:47,159 [pool-371-thread-1] INFO  server.RaftServerConfigKeys (ConfUtils.java:logGet(43)) - raft.server.log.purge.gap = 1000000 (custom)
2019-08-23 02:49:47,159 [pool-349-thread-1] INFO  server.RaftServerConfigKeys (ConfUtils.java:logGet(43)) - raft.server.log.use.memory = false (default)
2019-08-23 02:49:47,159 [pool-382-thread-1] INFO  server.RaftServerConfigKeys (ConfUtils.java:logGet(43)) - raft.server.leader.election.timeout = 120s (custom)
2019-08-23 02:49:47,160 [pool-349-thread-1] INFO  server.RaftServerConfigKeys (ConfUtils.java:logGet(43)) - raft.server.log.purge.gap = 1000000 (custom)
2019-08-23 02:49:47,160 [pool-371-thread-1] INFO  server.RaftServerConfigKeys (ConfUtils.java:logGet(43)) - raft.server.log.appender.buffer.byte-limit = 33554432 (custom)
2019-08-23 02:49:47,159 [5c5e51ce-aa4b-45fa-b548-3aebeb03959c:group-0C13AED45563:LeaderElection61] INFO  impl.RaftServerImpl (ServerState.java:setLeader(263)) - 5c5e51ce-aa4b-45fa-b548-3aebeb03959c:group-0C13AED45563 change Leader from null to 5c5e51ce-aa4b-45fa-b548-3aebeb03959c at term 1 for becomeLeader, leader elected after 5078ms
2019-08-23 02:49:47,160 [pool-371-thread-1] INFO  server.RaftServerConfigKeys (ConfUtils.java:logGet(43)) - raft.server.log.segment.size.max = 1048576 (custom)
2019-08-23 02:49:47,160 [pool-349-thread-1] INFO  server.RaftServerConfigKeys (ConfUtils.java:logGet(43)) - raft.server.log.appender.buffer.byte-limit = 33554432 (custom)
2019-08-23 02:49:47,160 [pool-382-thread-1] INFO  server.RaftServerConfigKeys (ConfUtils.java:logGet(43)) - raft.server.log.use.memory = false (default)
2019-08-23 02:49:47,161 [pool-349-thread-1] INFO  server.RaftServerConfigKeys (ConfUtils.java:logGet(43)) - raft.server.log.segment.size.max = 1048576 (custom)
2019-08-23 02:49:47,160 [pool-371-thread-1] INFO  server.RaftServerConfigKeys (ConfUtils.java:logGet(43)) - raft.server.log.segment.cache.num.max = 2 (custom)
2019-08-23 02:49:47,160 [5c5e51ce-aa4b-45fa-b548-3aebeb03959c:group-0C13AED45563:LeaderElection61] INFO  server.RaftServerConfigKeys (ConfUtils.java:logGet(43)) - raft.server.staging.catchup.gap = 1000 (default)
2019-08-23 02:49:47,161 [pool-371-thread-1] INFO  segmented.SegmentedRaftLogWorker (SegmentedRaftLogWorker.java:<init>(172)) - new 15fd999f-62be-4877-833a-993ce600606a-SegmentedRaftLogWorker:Storage Directory /workdir/hadoop-ozone/integration-test/target/test-dir/MiniOzoneClusterImpl-917d4659-6045-4365-874a-c9e7eed38027/datanode-5/data/ratis/1ed53567-8877-4588-babf-a52ebc6ccb0c for RaftStorage:Storage Directory /workdir/hadoop-ozone/integration-test/target/test-dir/MiniOzoneClusterImpl-917d4659-6045-4365-874a-c9e7eed38027/datanode-5/data/ratis/1ed53567-8877-4588-babf-a52ebc6ccb0c
2019-08-23 02:49:47,161 [pool-349-thread-1] INFO  server.RaftServerConfigKeys (ConfUtils.java:logGet(43)) - raft.server.log.segment.cache.num.max = 2 (custom)
2019-08-23 02:49:47,161 [pool-382-thread-1] INFO  server.RaftServerConfigKeys (ConfUtils.java:logGet(43)) - raft.server.log.purge.gap = 1000000 (custom)
2019-08-23 02:49:47,161 [pool-349-thread-1] INFO  segmented.SegmentedRaftLogWorker (SegmentedRaftLogWorker.java:<init>(172)) - new 674baee6-143c-441e-9e30-0d895b06f838-SegmentedRaftLogWorker:Storage Directory /workdir/hadoop-ozone/integration-test/target/test-dir/MiniOzoneClusterImpl-917d4659-6045-4365-874a-c9e7eed38027/datanode-3/data/ratis/1ed53567-8877-4588-babf-a52ebc6ccb0c for RaftStorage:Storage Directory /workdir/hadoop-ozone/integration-test/target/test-dir/MiniOzoneClusterImpl-917d4659-6045-4365-874a-c9e7eed38027/datanode-3/data/ratis/1ed53567-8877-4588-babf-a52ebc6ccb0c
2019-08-23 02:49:47,161 [pool-371-thread-1] INFO  server.RaftServerConfigKeys (ConfUtils.java:logGet(43)) - raft.server.log.queue.byte-limit = 2147483647 (custom)
2019-08-23 02:49:47,161 [5c5e51ce-aa4b-45fa-b548-3aebeb03959c:group-0C13AED45563:LeaderElection61] INFO  server.RaftServerConfigKeys (ConfUtils.java:logGet(43)) - raft.server.rpc.sleep.time = 25ms (default)
2019-08-23 02:49:47,162 [pool-371-thread-1] INFO  server.RaftServerConfigKeys (ConfUtils.java:logGet(43)) - raft.server.log.queue.element-limit = 1024 (custom)
2019-08-23 02:49:47,162 [pool-349-thread-1] INFO  server.RaftServerConfigKeys (ConfUtils.java:logGet(43)) - raft.server.log.queue.byte-limit = 2147483647 (custom)
2019-08-23 02:49:47,162 [pool-382-thread-1] INFO  server.RaftServerConfigKeys (ConfUtils.java:logGet(43)) - raft.server.log.appender.buffer.byte-limit = 33554432 (custom)
2019-08-23 02:49:47,162 [pool-349-thread-1] INFO  server.RaftServerConfigKeys (ConfUtils.java:logGet(43)) - raft.server.log.queue.element-limit = 1024 (custom)
2019-08-23 02:49:47,162 [pool-371-thread-1] INFO  server.RaftServerConfigKeys (ConfUtils.java:logGet(43)) - raft.server.log.segment.size.max = 1048576 (custom)
2019-08-23 02:49:47,162 [5c5e51ce-aa4b-45fa-b548-3aebeb03959c:group-0C13AED45563:LeaderElection61] INFO  server.RaftServerConfigKeys (ConfUtils.java:logGet(43)) - raft.server.write.element-limit = 4096 (default)
2019-08-23 02:49:47,163 [pool-371-thread-1] INFO  server.RaftServerConfigKeys (ConfUtils.java:logGet(43)) - raft.server.log.preallocated.size = 16384 (custom)
2019-08-23 02:49:47,163 [pool-349-thread-1] INFO  server.RaftServerConfigKeys (ConfUtils.java:logGet(43)) - raft.server.log.segment.size.max = 1048576 (custom)
2019-08-23 02:49:47,163 [pool-382-thread-1] INFO  server.RaftServerConfigKeys (ConfUtils.java:logGet(43)) - raft.server.log.segment.size.max = 1048576 (custom)
2019-08-23 02:49:47,163 [pool-349-thread-1] INFO  server.RaftServerConfigKeys (ConfUtils.java:logGet(43)) - raft.server.log.preallocated.size = 16384 (custom)
2019-08-23 02:49:47,163 [pool-371-thread-1] INFO  server.RaftServerConfigKeys (ConfUtils.java:logGet(43)) - raft.server.log.write.buffer.size = 33554432 (custom)
2019-08-23 02:49:47,163 [5c5e51ce-aa4b-45fa-b548-3aebeb03959c:group-0C13AED45563:LeaderElection61] INFO  server.RaftServerConfigKeys (ConfUtils.java:logGet(43)) - raft.server.watch.timeout = 10s (default)
2019-08-23 02:49:47,164 [pool-371-thread-1] INFO  server.RaftServerConfigKeys (ConfUtils.java:logGet(43)) - raft.server.log.force.sync.num = 128 (default)
2019-08-23 02:49:47,164 [pool-349-thread-1] INFO  server.RaftServerConfigKeys (ConfUtils.java:logGet(43)) - raft.server.log.write.buffer.size = 33554432 (custom)
2019-08-23 02:49:47,164 [pool-349-thread-1] INFO  server.RaftServerConfigKeys (ConfUtils.java:logGet(43)) - raft.server.log.force.sync.num = 128 (default)
2019-08-23 02:49:47,164 [pool-382-thread-1] INFO  server.RaftServerConfigKeys (ConfUtils.java:logGet(43)) - raft.server.log.segment.cache.num.max = 2 (custom)
2019-08-23 02:49:47,165 [pool-349-thread-1] INFO  server.RaftServerConfigKeys (ConfUtils.java:logGet(43)) - raft.server.log.statemachine.data.sync = true (default)
2019-08-23 02:49:47,164 [pool-371-thread-1] INFO  server.RaftServerConfigKeys (ConfUtils.java:logGet(43)) - raft.server.log.statemachine.data.sync = true (default)
2019-08-23 02:49:47,164 [5c5e51ce-aa4b-45fa-b548-3aebeb03959c:group-0C13AED45563:LeaderElection61] INFO  server.RaftServerConfigKeys (ConfUtils.java:logGet(43)) - raft.server.watch.timeout.denomination = 1s (default)
2019-08-23 02:49:47,165 [pool-371-thread-1] INFO  server.RaftServerConfigKeys (ConfUtils.java:logGet(43)) - raft.server.log.statemachine.data.sync.timeout = 10s (default)
2019-08-23 02:49:47,165 [pool-371-thread-1] INFO  server.RaftServerConfigKeys (ConfUtils.java:logGet(43)) - raft.server.log.statemachine.data.sync.timeout.retry = -1 (default)
2019-08-23 02:49:47,165 [pool-349-thread-1] INFO  server.RaftServerConfigKeys (ConfUtils.java:logGet(43)) - raft.server.log.statemachine.data.sync.timeout = 10s (default)
2019-08-23 02:49:47,165 [pool-382-thread-1] INFO  segmented.SegmentedRaftLogWorker (SegmentedRaftLogWorker.java:<init>(172)) - new e824def4-fdb0-4d06-a3a6-273d371b8d7d-SegmentedRaftLogWorker:Storage Directory /workdir/hadoop-ozone/integration-test/target/test-dir/MiniOzoneClusterImpl-917d4659-6045-4365-874a-c9e7eed38027/datanode-6/data/ratis/1ed53567-8877-4588-babf-a52ebc6ccb0c for RaftStorage:Storage Directory /workdir/hadoop-ozone/integration-test/target/test-dir/MiniOzoneClusterImpl-917d4659-6045-4365-874a-c9e7eed38027/datanode-6/data/ratis/1ed53567-8877-4588-babf-a52ebc6ccb0c
2019-08-23 02:49:47,166 [pool-349-thread-1] INFO  server.RaftServerConfigKeys (ConfUtils.java:logGet(43)) - raft.server.log.statemachine.data.sync.timeout.retry = -1 (default)
2019-08-23 02:49:47,166 [pool-371-thread-1] INFO  server.RaftServerConfigKeys (ConfUtils.java:logGet(43)) - raft.server.log.statemachine.data.caching.enabled = true (custom)
2019-08-23 02:49:47,165 [5c5e51ce-aa4b-45fa-b548-3aebeb03959c:group-0C13AED45563:LeaderElection61] INFO  server.RaftServerConfigKeys (ConfUtils.java:logGet(43)) - raft.server.watch.element-limit = 65536 (default)
2019-08-23 02:49:47,166 [pool-349-thread-1] INFO  server.RaftServerConfigKeys (ConfUtils.java:logGet(43)) - raft.server.log.statemachine.data.caching.enabled = true (custom)
2019-08-23 02:49:47,166 [pool-382-thread-1] INFO  server.RaftServerConfigKeys (ConfUtils.java:logGet(43)) - raft.server.log.queue.byte-limit = 2147483647 (custom)
2019-08-23 02:49:47,167 [5c5e51ce-aa4b-45fa-b548-3aebeb03959c:group-0C13AED45563:LeaderElection61] INFO  impl.RoleInfo (RoleInfo.java:updateAndGet(143)) - 5c5e51ce-aa4b-45fa-b548-3aebeb03959c: start LeaderState
2019-08-23 02:49:47,167 [pool-371-thread-1] INFO  segmented.SegmentedRaftLogWorker (SegmentedRaftLogWorker.java:lambda$new$0(132)) - 15fd999f-62be-4877-833a-993ce600606a-SegmentedRaftLogWorker:Storage Directory /workdir/hadoop-ozone/integration-test/target/test-dir/MiniOzoneClusterImpl-917d4659-6045-4365-874a-c9e7eed38027/datanode-5/data/ratis/1ed53567-8877-4588-babf-a52ebc6ccb0c: flushIndex: setUnconditionally 0 -> -1
2019-08-23 02:49:47,167 [pool-349-thread-1] INFO  segmented.SegmentedRaftLogWorker (SegmentedRaftLogWorker.java:lambda$new$0(132)) - 674baee6-143c-441e-9e30-0d895b06f838-SegmentedRaftLogWorker:Storage Directory /workdir/hadoop-ozone/integration-test/target/test-dir/MiniOzoneClusterImpl-917d4659-6045-4365-874a-c9e7eed38027/datanode-3/data/ratis/1ed53567-8877-4588-babf-a52ebc6ccb0c: flushIndex: setUnconditionally 0 -> -1
2019-08-23 02:49:47,167 [pool-382-thread-1] INFO  server.RaftServerConfigKeys (ConfUtils.java:logGet(43)) - raft.server.log.queue.element-limit = 1024 (custom)
2019-08-23 02:49:47,167 [pool-371-thread-1] INFO  server.RaftServerConfigKeys (ConfUtils.java:logGet(43)) - raft.server.snapshot.auto.trigger.enabled = true (custom)
2019-08-23 02:49:47,167 [5c5e51ce-aa4b-45fa-b548-3aebeb03959c:group-0C13AED45563:LeaderElection61] INFO  segmented.SegmentedRaftLogWorker (SegmentedRaftLogWorker.java:startLogSegment(380)) - 5c5e51ce-aa4b-45fa-b548-3aebeb03959c-SegmentedRaftLogWorker:Storage Directory /workdir/hadoop-ozone/integration-test/target/test-dir/MiniOzoneClusterImpl-917d4659-6045-4365-874a-c9e7eed38027/datanode-0/data/ratis/4d1da11c-2a90-4c15-9e18-0c13aed45563: Starting segment from index:0
2019-08-23 02:49:47,168 [pool-371-thread-1] INFO  server.RaftServerConfigKeys (ConfUtils.java:logGet(43)) - raft.server.snapshot.auto.trigger.threshold = 10000 (custom)
2019-08-23 02:49:47,168 [pool-349-thread-1] INFO  server.RaftServerConfigKeys (ConfUtils.java:logGet(43)) - raft.server.snapshot.auto.trigger.enabled = true (custom)
2019-08-23 02:49:47,168 [pool-382-thread-1] INFO  server.RaftServerConfigKeys (ConfUtils.java:logGet(43)) - raft.server.log.segment.size.max = 1048576 (custom)
2019-08-23 02:49:47,168 [pool-349-thread-1] INFO  server.RaftServerConfigKeys (ConfUtils.java:logGet(43)) - raft.server.snapshot.auto.trigger.threshold = 10000 (custom)
2019-08-23 02:49:47,168 [pool-371-thread-1] INFO  server.RaftServerConfigKeys (ConfUtils.java:logGet(43)) - raft.server.retrycache.expirytime = 600000ms (custom)
2019-08-23 02:49:47,169 [5c5e51ce-aa4b-45fa-b548-3aebeb03959c:group-0C13AED45563:LeaderElection61] INFO  impl.RaftServerImpl (ServerState.java:setRaftConf(361)) - 5c5e51ce-aa4b-45fa-b548-3aebeb03959c:group-0C13AED45563 set configuration 0: [5c5e51ce-aa4b-45fa-b548-3aebeb03959c:192.168.36.77:35267], old=null at 0
2019-08-23 02:49:47,168 [pool-349-thread-1] INFO  server.RaftServerConfigKeys (ConfUtils.java:logGet(43)) - raft.server.retrycache.expirytime = 600000ms (custom)
2019-08-23 02:49:47,168 [pool-382-thread-1] INFO  server.RaftServerConfigKeys (ConfUtils.java:logGet(43)) - raft.server.log.preallocated.size = 16384 (custom)
2019-08-23 02:49:47,169 [pool-349-thread-1] INFO  impl.RaftServerImpl (RaftServerImpl.java:start(180)) - 674baee6-143c-441e-9e30-0d895b06f838: start group-A52EBC6CCB0C
2019-08-23 02:49:47,169 [pool-371-thread-1] INFO  impl.RaftServerImpl (RaftServerImpl.java:start(180)) - 15fd999f-62be-4877-833a-993ce600606a: start group-A52EBC6CCB0C
2019-08-23 02:49:47,169 [pool-349-thread-1] INFO  impl.RaftServerImpl (RaftServerImpl.java:setRole(171)) - 674baee6-143c-441e-9e30-0d895b06f838:group-A52EBC6CCB0C changes role from null to FOLLOWER at term 0 for startAsFollower
2019-08-23 02:49:47,169 [pool-382-thread-1] INFO  server.RaftServerConfigKeys (ConfUtils.java:logGet(43)) - raft.server.log.write.buffer.size = 33554432 (custom)
2019-08-23 02:49:47,169 [pool-349-thread-1] INFO  impl.RoleInfo (RoleInfo.java:updateAndGet(143)) - 674baee6-143c-441e-9e30-0d895b06f838: start FollowerState
2019-08-23 02:49:47,169 [pool-371-thread-1] INFO  impl.RaftServerImpl (RaftServerImpl.java:setRole(171)) - 15fd999f-62be-4877-833a-993ce600606a:group-A52EBC6CCB0C changes role from null to FOLLOWER at term 0 for startAsFollower
2019-08-23 02:49:47,169 [pool-382-thread-1] INFO  server.RaftServerConfigKeys (ConfUtils.java:logGet(43)) - raft.server.log.force.sync.num = 128 (default)
2019-08-23 02:49:47,170 [pool-371-thread-1] INFO  impl.RoleInfo (RoleInfo.java:updateAndGet(143)) - 15fd999f-62be-4877-833a-993ce600606a: start FollowerState
2019-08-23 02:49:47,170 [pool-382-thread-1] INFO  server.RaftServerConfigKeys (ConfUtils.java:logGet(43)) - raft.server.log.statemachine.data.sync = true (default)
2019-08-23 02:49:47,170 [pool-382-thread-1] INFO  server.RaftServerConfigKeys (ConfUtils.java:logGet(43)) - raft.server.log.statemachine.data.sync.timeout = 10s (default)
2019-08-23 02:49:47,170 [pool-371-thread-1] INFO  util.JmxRegister (JmxRegister.java:tryRegister(44)) - Successfully registered JMX Bean with object name Ratis:service=RaftServer,group=group-A52EBC6CCB0C,id=15fd999f-62be-4877-833a-993ce600606a
2019-08-23 02:49:47,170 [pool-349-thread-1] INFO  util.JmxRegister (JmxRegister.java:tryRegister(44)) - Successfully registered JMX Bean with object name Ratis:service=RaftServer,group=group-A52EBC6CCB0C,id=674baee6-143c-441e-9e30-0d895b06f838
2019-08-23 02:49:47,170 [pool-382-thread-1] INFO  server.RaftServerConfigKeys (ConfUtils.java:logGet(43)) - raft.server.log.statemachine.data.sync.timeout.retry = -1 (default)
2019-08-23 02:49:47,171 [pool-382-thread-1] INFO  server.RaftServerConfigKeys (ConfUtils.java:logGet(43)) - raft.server.log.statemachine.data.caching.enabled = true (custom)
2019-08-23 02:49:47,171 [pool-382-thread-1] INFO  segmented.SegmentedRaftLogWorker (SegmentedRaftLogWorker.java:lambda$new$0(132)) - e824def4-fdb0-4d06-a3a6-273d371b8d7d-SegmentedRaftLogWorker:Storage Directory /workdir/hadoop-ozone/integration-test/target/test-dir/MiniOzoneClusterImpl-917d4659-6045-4365-874a-c9e7eed38027/datanode-6/data/ratis/1ed53567-8877-4588-babf-a52ebc6ccb0c: flushIndex: setUnconditionally 0 -> -1
2019-08-23 02:49:47,172 [pool-382-thread-1] INFO  server.RaftServerConfigKeys (ConfUtils.java:logGet(43)) - raft.server.snapshot.auto.trigger.enabled = true (custom)
2019-08-23 02:49:47,172 [pool-382-thread-1] INFO  server.RaftServerConfigKeys (ConfUtils.java:logGet(43)) - raft.server.snapshot.auto.trigger.threshold = 10000 (custom)
2019-08-23 02:49:47,172 [pool-382-thread-1] INFO  server.RaftServerConfigKeys (ConfUtils.java:logGet(43)) - raft.server.retrycache.expirytime = 600000ms (custom)
2019-08-23 02:49:47,172 [pool-382-thread-1] INFO  impl.RaftServerImpl (RaftServerImpl.java:start(180)) - e824def4-fdb0-4d06-a3a6-273d371b8d7d: start group-A52EBC6CCB0C
2019-08-23 02:49:47,172 [pool-382-thread-1] INFO  impl.RaftServerImpl (RaftServerImpl.java:setRole(171)) - e824def4-fdb0-4d06-a3a6-273d371b8d7d:group-A52EBC6CCB0C changes role from null to FOLLOWER at term 0 for startAsFollower
2019-08-23 02:49:47,172 [pool-382-thread-1] INFO  impl.RoleInfo (RoleInfo.java:updateAndGet(143)) - e824def4-fdb0-4d06-a3a6-273d371b8d7d: start FollowerState
2019-08-23 02:49:47,173 [pool-382-thread-1] INFO  util.JmxRegister (JmxRegister.java:tryRegister(44)) - Successfully registered JMX Bean with object name Ratis:service=RaftServer,group=group-A52EBC6CCB0C,id=e824def4-fdb0-4d06-a3a6-273d371b8d7d
2019-08-23 02:49:47,175 [RatisPipelineUtilsThread] INFO  pipeline.PipelineStateManager (PipelineStateManager.java:addPipeline(56)) - Created pipeline Pipeline[ Id: 1ed53567-8877-4588-babf-a52ebc6ccb0c, Nodes: 15fd999f-62be-4877-833a-993ce600606a{ip: 192.168.36.77, host: pr-hdds-2000-5mb45-3533150274, networkLocation: /default-rack, certSerialId: null}674baee6-143c-441e-9e30-0d895b06f838{ip: 192.168.36.77, host: pr-hdds-2000-5mb45-3533150274, networkLocation: /default-rack, certSerialId: null}e824def4-fdb0-4d06-a3a6-273d371b8d7d{ip: 192.168.36.77, host: pr-hdds-2000-5mb45-3533150274, networkLocation: /default-rack, certSerialId: null}, Type:RATIS, Factor:THREE, State:OPEN]
2019-08-23 02:49:47,196 [ReplicationMonitor] INFO  container.ReplicationManager (ReplicationManager.java:run(215)) - Replication Monitor Thread took 2239 milliseconds for processing 1 containers.
2019-08-23 02:49:47,218 [grpc-default-executor-1] INFO  client.GrpcClientProtocolClient (GrpcClientProtocolClient.java:onNext(255)) - client-07B3B85E2BBE->004b6b6e-41ce-4475-9f2f-481aedf9c953: receive RaftClientReply:client-07B3B85E2BBE->004b6b6e-41ce-4475-9f2f-481aedf9c953@group-F61A263991FE, cid=80, FAILED org.apache.ratis.protocol.NotLeaderException: Server 004b6b6e-41ce-4475-9f2f-481aedf9c953 is not the leader (null). Request must be sent to leader., logIndex=0, commits[004b6b6e-41ce-4475-9f2f-481aedf9c953:c-1]
2019-08-23 02:49:47,252 [5c5e51ce-aa4b-45fa-b548-3aebeb03959c-SegmentedRaftLogWorker:Storage Directory /workdir/hadoop-ozone/integration-test/target/test-dir/MiniOzoneClusterImpl-917d4659-6045-4365-874a-c9e7eed38027/datanode-0/data/ratis/4d1da11c-2a90-4c15-9e18-0c13aed45563] INFO  segmented.SegmentedRaftLogWorker (SegmentedRaftLogWorker.java:execute(569)) - 5c5e51ce-aa4b-45fa-b548-3aebeb03959c-SegmentedRaftLogWorker:Storage Directory /workdir/hadoop-ozone/integration-test/target/test-dir/MiniOzoneClusterImpl-917d4659-6045-4365-874a-c9e7eed38027/datanode-0/data/ratis/4d1da11c-2a90-4c15-9e18-0c13aed45563: created new log segment /workdir/hadoop-ozone/integration-test/target/test-dir/MiniOzoneClusterImpl-917d4659-6045-4365-874a-c9e7eed38027/datanode-0/data/ratis/4d1da11c-2a90-4c15-9e18-0c13aed45563/current/log_inprogress_0
2019-08-23 02:49:47,278 [Thread-1924] INFO  impl.FollowerState (FollowerState.java:run(106)) - 004b6b6e-41ce-4475-9f2f-481aedf9c953:group-198642246E57 changes to CANDIDATE, lastRpcTime:5021, electionTimeout:5021ms
2019-08-23 02:49:47,278 [Thread-1924] INFO  impl.RoleInfo (RoleInfo.java:shutdownFollowerState(121)) - 004b6b6e-41ce-4475-9f2f-481aedf9c953: shutdown FollowerState
2019-08-23 02:49:47,278 [Thread-1924] INFO  impl.RaftServerImpl (RaftServerImpl.java:setRole(171)) - 004b6b6e-41ce-4475-9f2f-481aedf9c953:group-198642246E57 changes role from FOLLOWER to CANDIDATE at term 0 for changeToCandidate
2019-08-23 02:49:47,278 [Thread-1924] INFO  impl.RoleInfo (RoleInfo.java:updateAndGet(143)) - 004b6b6e-41ce-4475-9f2f-481aedf9c953: start LeaderElection
2019-08-23 02:49:47,343 | INFO  | SCMAudit | user=jenkins1000 | ip=192.168.36.77 | op=SEND_HEARTBEAT {datanodeUUID=50e43da2-e7e0-478c-b7e8-9638b0c061cc, command=[]} | ret=SUCCESS |  
2019-08-23 02:49:47,383 [004b6b6e-41ce-4475-9f2f-481aedf9c953:group-198642246E57:LeaderElection62] INFO  impl.LeaderElection (LeaderElection.java:askForVotes(181)) - 004b6b6e-41ce-4475-9f2f-481aedf9c953:group-198642246E57:LeaderElection62: begin an election at term 1 for -1: [004b6b6e-41ce-4475-9f2f-481aedf9c953:192.168.36.77:45065], old=null
2019-08-23 02:49:47,383 [004b6b6e-41ce-4475-9f2f-481aedf9c953:group-198642246E57:LeaderElection62] INFO  impl.RoleInfo (RoleInfo.java:shutdownLeaderElection(134)) - 004b6b6e-41ce-4475-9f2f-481aedf9c953: shutdown LeaderElection
2019-08-23 02:49:47,383 [004b6b6e-41ce-4475-9f2f-481aedf9c953:group-198642246E57:LeaderElection62] INFO  impl.RaftServerImpl (RaftServerImpl.java:setRole(171)) - 004b6b6e-41ce-4475-9f2f-481aedf9c953:group-198642246E57 changes role from CANDIDATE to LEADER at term 1 for changeToLeader
2019-08-23 02:49:47,384 [004b6b6e-41ce-4475-9f2f-481aedf9c953:group-198642246E57:LeaderElection62] INFO  impl.RaftServerImpl (ServerState.java:setLeader(263)) - 004b6b6e-41ce-4475-9f2f-481aedf9c953:group-198642246E57 change Leader from null to 004b6b6e-41ce-4475-9f2f-481aedf9c953 at term 1 for becomeLeader, leader elected after 5130ms
2019-08-23 02:49:47,384 [004b6b6e-41ce-4475-9f2f-481aedf9c953:group-198642246E57:LeaderElection62] INFO  server.RaftServerConfigKeys (ConfUtils.java:logGet(43)) - raft.server.staging.catchup.gap = 1000 (default)
2019-08-23 02:49:47,384 [004b6b6e-41ce-4475-9f2f-481aedf9c953:group-198642246E57:LeaderElection62] INFO  server.RaftServerConfigKeys (ConfUtils.java:logGet(43)) - raft.server.rpc.sleep.time = 25ms (default)
2019-08-23 02:49:47,384 [004b6b6e-41ce-4475-9f2f-481aedf9c953:group-198642246E57:LeaderElection62] INFO  server.RaftServerConfigKeys (ConfUtils.java:logGet(43)) - raft.server.write.element-limit = 4096 (default)
2019-08-23 02:49:47,384 [004b6b6e-41ce-4475-9f2f-481aedf9c953:group-198642246E57:LeaderElection62] INFO  server.RaftServerConfigKeys (ConfUtils.java:logGet(43)) - raft.server.watch.timeout = 10s (default)
2019-08-23 02:49:47,384 [004b6b6e-41ce-4475-9f2f-481aedf9c953:group-198642246E57:LeaderElection62] INFO  server.RaftServerConfigKeys (ConfUtils.java:logGet(43)) - raft.server.watch.timeout.denomination = 1s (default)
2019-08-23 02:49:47,384 [004b6b6e-41ce-4475-9f2f-481aedf9c953:group-198642246E57:LeaderElection62] INFO  server.RaftServerConfigKeys (ConfUtils.java:logGet(43)) - raft.server.watch.element-limit = 65536 (default)
2019-08-23 02:49:47,385 [004b6b6e-41ce-4475-9f2f-481aedf9c953:group-198642246E57:LeaderElection62] INFO  impl.RoleInfo (RoleInfo.java:updateAndGet(143)) - 004b6b6e-41ce-4475-9f2f-481aedf9c953: start LeaderState
2019-08-23 02:49:47,385 [004b6b6e-41ce-4475-9f2f-481aedf9c953:group-198642246E57:LeaderElection62] INFO  segmented.SegmentedRaftLogWorker (SegmentedRaftLogWorker.java:startLogSegment(380)) - 004b6b6e-41ce-4475-9f2f-481aedf9c953-SegmentedRaftLogWorker:Storage Directory /workdir/hadoop-ozone/integration-test/target/test-dir/MiniOzoneClusterImpl-917d4659-6045-4365-874a-c9e7eed38027/datanode-1/data/ratis/d1c2d4ed-fd8c-483f-bf28-198642246e57: Starting segment from index:0
2019-08-23 02:49:47,386 [004b6b6e-41ce-4475-9f2f-481aedf9c953:group-198642246E57:LeaderElection62] INFO  impl.RaftServerImpl (ServerState.java:setRaftConf(361)) - 004b6b6e-41ce-4475-9f2f-481aedf9c953:group-198642246E57 set configuration 0: [004b6b6e-41ce-4475-9f2f-481aedf9c953:192.168.36.77:45065], old=null at 0
2019-08-23 02:49:47,523 | INFO  | SCMAudit | user=jenkins1000 | ip=192.168.36.77 | op=SEND_HEARTBEAT {datanodeUUID=674baee6-143c-441e-9e30-0d895b06f838, command=[]} | ret=SUCCESS |  
2019-08-23 02:49:47,647 [Thread-1927] INFO  impl.FollowerState (FollowerState.java:run(106)) - 50e43da2-e7e0-478c-b7e8-9638b0c061cc:group-DA9006487F74 changes to CANDIDATE, lastRpcTime:5076, electionTimeout:5076ms
2019-08-23 02:49:47,647 [Thread-1927] INFO  impl.RoleInfo (RoleInfo.java:shutdownFollowerState(121)) - 50e43da2-e7e0-478c-b7e8-9638b0c061cc: shutdown FollowerState
2019-08-23 02:49:47,648 [Thread-1927] INFO  impl.RaftServerImpl (RaftServerImpl.java:setRole(171)) - 50e43da2-e7e0-478c-b7e8-9638b0c061cc:group-DA9006487F74 changes role from FOLLOWER to CANDIDATE at term 0 for changeToCandidate
2019-08-23 02:49:47,648 [Thread-1927] INFO  impl.RoleInfo (RoleInfo.java:updateAndGet(143)) - 50e43da2-e7e0-478c-b7e8-9638b0c061cc: start LeaderElection
2019-08-23 02:49:47,741 | INFO  | SCMAudit | user=jenkins1000 | ip=192.168.36.77 | op=SEND_HEARTBEAT {datanodeUUID=6e366328-a21a-42d1-a497-c25b5c1bc291, command=[]} | ret=SUCCESS |  
2019-08-23 02:49:47,858 [004b6b6e-41ce-4475-9f2f-481aedf9c953-SegmentedRaftLogWorker:Storage Directory /workdir/hadoop-ozone/integration-test/target/test-dir/MiniOzoneClusterImpl-917d4659-6045-4365-874a-c9e7eed38027/datanode-1/data/ratis/d1c2d4ed-fd8c-483f-bf28-198642246e57] INFO  segmented.SegmentedRaftLogWorker (SegmentedRaftLogWorker.java:execute(569)) - 004b6b6e-41ce-4475-9f2f-481aedf9c953-SegmentedRaftLogWorker:Storage Directory /workdir/hadoop-ozone/integration-test/target/test-dir/MiniOzoneClusterImpl-917d4659-6045-4365-874a-c9e7eed38027/datanode-1/data/ratis/d1c2d4ed-fd8c-483f-bf28-198642246e57: created new log segment /workdir/hadoop-ozone/integration-test/target/test-dir/MiniOzoneClusterImpl-917d4659-6045-4365-874a-c9e7eed38027/datanode-1/data/ratis/d1c2d4ed-fd8c-483f-bf28-198642246e57/current/log_inprogress_0
2019-08-23 02:49:47,858 [50e43da2-e7e0-478c-b7e8-9638b0c061cc:group-DA9006487F74:LeaderElection63] INFO  impl.LeaderElection (LeaderElection.java:askForVotes(181)) - 50e43da2-e7e0-478c-b7e8-9638b0c061cc:group-DA9006487F74:LeaderElection63: begin an election at term 1 for -1: [50e43da2-e7e0-478c-b7e8-9638b0c061cc:192.168.36.77:45690], old=null
2019-08-23 02:49:47,858 [50e43da2-e7e0-478c-b7e8-9638b0c061cc:group-DA9006487F74:LeaderElection63] INFO  impl.RoleInfo (RoleInfo.java:shutdownLeaderElection(134)) - 50e43da2-e7e0-478c-b7e8-9638b0c061cc: shutdown LeaderElection
2019-08-23 02:49:47,858 [50e43da2-e7e0-478c-b7e8-9638b0c061cc:group-DA9006487F74:LeaderElection63] INFO  impl.RaftServerImpl (RaftServerImpl.java:setRole(171)) - 50e43da2-e7e0-478c-b7e8-9638b0c061cc:group-DA9006487F74 changes role from CANDIDATE to LEADER at term 1 for changeToLeader
2019-08-23 02:49:47,859 [50e43da2-e7e0-478c-b7e8-9638b0c061cc:group-DA9006487F74:LeaderElection63] INFO  impl.RaftServerImpl (ServerState.java:setLeader(263)) - 50e43da2-e7e0-478c-b7e8-9638b0c061cc:group-DA9006487F74 change Leader from null to 50e43da2-e7e0-478c-b7e8-9638b0c061cc at term 1 for becomeLeader, leader elected after 5291ms
2019-08-23 02:49:47,859 [50e43da2-e7e0-478c-b7e8-9638b0c061cc:group-DA9006487F74:LeaderElection63] INFO  server.RaftServerConfigKeys (ConfUtils.java:logGet(43)) - raft.server.staging.catchup.gap = 1000 (default)
2019-08-23 02:49:47,859 [50e43da2-e7e0-478c-b7e8-9638b0c061cc:group-DA9006487F74:LeaderElection63] INFO  server.RaftServerConfigKeys (ConfUtils.java:logGet(43)) - raft.server.rpc.sleep.time = 25ms (default)
2019-08-23 02:49:47,859 [50e43da2-e7e0-478c-b7e8-9638b0c061cc:group-DA9006487F74:LeaderElection63] INFO  server.RaftServerConfigKeys (ConfUtils.java:logGet(43)) - raft.server.write.element-limit = 4096 (default)
2019-08-23 02:49:47,859 [50e43da2-e7e0-478c-b7e8-9638b0c061cc:group-DA9006487F74:LeaderElection63] INFO  server.RaftServerConfigKeys (ConfUtils.java:logGet(43)) - raft.server.watch.timeout = 10s (default)
2019-08-23 02:49:47,860 [50e43da2-e7e0-478c-b7e8-9638b0c061cc:group-DA9006487F74:LeaderElection63] INFO  server.RaftServerConfigKeys (ConfUtils.java:logGet(43)) - raft.server.watch.timeout.denomination = 1s (default)
2019-08-23 02:49:47,860 [50e43da2-e7e0-478c-b7e8-9638b0c061cc:group-DA9006487F74:LeaderElection63] INFO  server.RaftServerConfigKeys (ConfUtils.java:logGet(43)) - raft.server.watch.element-limit = 65536 (default)
2019-08-23 02:49:47,860 [50e43da2-e7e0-478c-b7e8-9638b0c061cc:group-DA9006487F74:LeaderElection63] INFO  impl.RoleInfo (RoleInfo.java:updateAndGet(143)) - 50e43da2-e7e0-478c-b7e8-9638b0c061cc: start LeaderState
2019-08-23 02:49:47,860 [50e43da2-e7e0-478c-b7e8-9638b0c061cc:group-DA9006487F74:LeaderElection63] INFO  segmented.SegmentedRaftLogWorker (SegmentedRaftLogWorker.java:startLogSegment(380)) - 50e43da2-e7e0-478c-b7e8-9638b0c061cc-SegmentedRaftLogWorker:Storage Directory /workdir/hadoop-ozone/integration-test/target/test-dir/MiniOzoneClusterImpl-917d4659-6045-4365-874a-c9e7eed38027/datanode-2/data/ratis/a9d1b78d-d1bc-434c-8986-da9006487f74: Starting segment from index:0
2019-08-23 02:49:47,861 [50e43da2-e7e0-478c-b7e8-9638b0c061cc:group-DA9006487F74:LeaderElection63] INFO  impl.RaftServerImpl (ServerState.java:setRaftConf(361)) - 50e43da2-e7e0-478c-b7e8-9638b0c061cc:group-DA9006487F74 set configuration 0: [50e43da2-e7e0-478c-b7e8-9638b0c061cc:192.168.36.77:45690], old=null at 0
2019-08-23 02:49:47,945 | INFO  | SCMAudit | user=jenkins1000 | ip=192.168.36.77 | op=SEND_HEARTBEAT {datanodeUUID=5c5e51ce-aa4b-45fa-b548-3aebeb03959c, command=[]} | ret=SUCCESS |  
2019-08-23 02:49:47,949 | INFO  | SCMAudit | user=jenkins1000 | ip=192.168.36.77 | op=SEND_HEARTBEAT {datanodeUUID=15fd999f-62be-4877-833a-993ce600606a, command=[]} | ret=SUCCESS |  
2019-08-23 02:49:47,997 [50e43da2-e7e0-478c-b7e8-9638b0c061cc-SegmentedRaftLogWorker:Storage Directory /workdir/hadoop-ozone/integration-test/target/test-dir/MiniOzoneClusterImpl-917d4659-6045-4365-874a-c9e7eed38027/datanode-2/data/ratis/a9d1b78d-d1bc-434c-8986-da9006487f74] INFO  segmented.SegmentedRaftLogWorker (SegmentedRaftLogWorker.java:execute(569)) - 50e43da2-e7e0-478c-b7e8-9638b0c061cc-SegmentedRaftLogWorker:Storage Directory /workdir/hadoop-ozone/integration-test/target/test-dir/MiniOzoneClusterImpl-917d4659-6045-4365-874a-c9e7eed38027/datanode-2/data/ratis/a9d1b78d-d1bc-434c-8986-da9006487f74: created new log segment /workdir/hadoop-ozone/integration-test/target/test-dir/MiniOzoneClusterImpl-917d4659-6045-4365-874a-c9e7eed38027/datanode-2/data/ratis/a9d1b78d-d1bc-434c-8986-da9006487f74/current/log_inprogress_0
2019-08-23 02:49:48,126 | INFO  | SCMAudit | user=jenkins1000 | ip=192.168.36.77 | op=SEND_HEARTBEAT {datanodeUUID=e824def4-fdb0-4d06-a3a6-273d371b8d7d, command=[]} | ret=SUCCESS |  
2019-08-23 02:49:48,141 | INFO  | SCMAudit | user=jenkins1000 | ip=192.168.36.77 | op=SEND_HEARTBEAT {datanodeUUID=004b6b6e-41ce-4475-9f2f-481aedf9c953, command=[]} | ret=SUCCESS |  
2019-08-23 02:49:48,240 [grpc-default-executor-1] INFO  client.GrpcClientProtocolClient (GrpcClientProtocolClient.java:onNext(255)) - client-07B3B85E2BBE->50e43da2-e7e0-478c-b7e8-9638b0c061cc: receive RaftClientReply:client-07B3B85E2BBE->50e43da2-e7e0-478c-b7e8-9638b0c061cc@group-F61A263991FE, cid=80, FAILED org.apache.ratis.protocol.NotLeaderException: Server 50e43da2-e7e0-478c-b7e8-9638b0c061cc is not the leader (null). Request must be sent to leader., logIndex=0, commits[50e43da2-e7e0-478c-b7e8-9638b0c061cc:c-1]
2019-08-23 02:49:48,344 | INFO  | SCMAudit | user=jenkins1000 | ip=192.168.36.77 | op=SEND_HEARTBEAT {datanodeUUID=50e43da2-e7e0-478c-b7e8-9638b0c061cc, command=[]} | ret=SUCCESS |  
2019-08-23 02:49:48,469 [Thread-1930] INFO  impl.FollowerState (FollowerState.java:run(106)) - 674baee6-143c-441e-9e30-0d895b06f838:group-16D193DC11D0 changes to CANDIDATE, lastRpcTime:5112, electionTimeout:5112ms
2019-08-23 02:49:48,469 [Thread-1930] INFO  impl.RoleInfo (RoleInfo.java:shutdownFollowerState(121)) - 674baee6-143c-441e-9e30-0d895b06f838: shutdown FollowerState
2019-08-23 02:49:48,469 [Thread-1930] INFO  impl.RaftServerImpl (RaftServerImpl.java:setRole(171)) - 674baee6-143c-441e-9e30-0d895b06f838:group-16D193DC11D0 changes role from FOLLOWER to CANDIDATE at term 0 for changeToCandidate
2019-08-23 02:49:48,469 [Thread-1930] INFO  impl.RoleInfo (RoleInfo.java:updateAndGet(143)) - 674baee6-143c-441e-9e30-0d895b06f838: start LeaderElection
2019-08-23 02:49:48,523 | INFO  | SCMAudit | user=jenkins1000 | ip=192.168.36.77 | op=SEND_HEARTBEAT {datanodeUUID=674baee6-143c-441e-9e30-0d895b06f838, command=[]} | ret=SUCCESS |  
2019-08-23 02:49:48,718 [674baee6-143c-441e-9e30-0d895b06f838:group-16D193DC11D0:LeaderElection64] INFO  impl.LeaderElection (LeaderElection.java:askForVotes(181)) - 674baee6-143c-441e-9e30-0d895b06f838:group-16D193DC11D0:LeaderElection64: begin an election at term 1 for -1: [674baee6-143c-441e-9e30-0d895b06f838:192.168.36.77:39798], old=null
2019-08-23 02:49:48,718 [674baee6-143c-441e-9e30-0d895b06f838:group-16D193DC11D0:LeaderElection64] INFO  impl.RoleInfo (RoleInfo.java:shutdownLeaderElection(134)) - 674baee6-143c-441e-9e30-0d895b06f838: shutdown LeaderElection
2019-08-23 02:49:48,718 [674baee6-143c-441e-9e30-0d895b06f838:group-16D193DC11D0:LeaderElection64] INFO  impl.RaftServerImpl (RaftServerImpl.java:setRole(171)) - 674baee6-143c-441e-9e30-0d895b06f838:group-16D193DC11D0 changes role from CANDIDATE to LEADER at term 1 for changeToLeader
2019-08-23 02:49:48,718 [674baee6-143c-441e-9e30-0d895b06f838:group-16D193DC11D0:LeaderElection64] INFO  impl.RaftServerImpl (ServerState.java:setLeader(263)) - 674baee6-143c-441e-9e30-0d895b06f838:group-16D193DC11D0 change Leader from null to 674baee6-143c-441e-9e30-0d895b06f838 at term 1 for becomeLeader, leader elected after 5366ms
2019-08-23 02:49:48,718 [674baee6-143c-441e-9e30-0d895b06f838:group-16D193DC11D0:LeaderElection64] INFO  server.RaftServerConfigKeys (ConfUtils.java:logGet(43)) - raft.server.staging.catchup.gap = 1000 (default)
2019-08-23 02:49:48,719 [674baee6-143c-441e-9e30-0d895b06f838:group-16D193DC11D0:LeaderElection64] INFO  server.RaftServerConfigKeys (ConfUtils.java:logGet(43)) - raft.server.rpc.sleep.time = 25ms (default)
2019-08-23 02:49:48,719 [674baee6-143c-441e-9e30-0d895b06f838:group-16D193DC11D0:LeaderElection64] INFO  server.RaftServerConfigKeys (ConfUtils.java:logGet(43)) - raft.server.write.element-limit = 4096 (default)
2019-08-23 02:49:48,719 [674baee6-143c-441e-9e30-0d895b06f838:group-16D193DC11D0:LeaderElection64] INFO  server.RaftServerConfigKeys (ConfUtils.java:logGet(43)) - raft.server.watch.timeout = 10s (default)
2019-08-23 02:49:48,719 [674baee6-143c-441e-9e30-0d895b06f838:group-16D193DC11D0:LeaderElection64] INFO  server.RaftServerConfigKeys (ConfUtils.java:logGet(43)) - raft.server.watch.timeout.denomination = 1s (default)
2019-08-23 02:49:48,719 [674baee6-143c-441e-9e30-0d895b06f838:group-16D193DC11D0:LeaderElection64] INFO  server.RaftServerConfigKeys (ConfUtils.java:logGet(43)) - raft.server.watch.element-limit = 65536 (default)
2019-08-23 02:49:48,720 [674baee6-143c-441e-9e30-0d895b06f838:group-16D193DC11D0:LeaderElection64] INFO  impl.RoleInfo (RoleInfo.java:updateAndGet(143)) - 674baee6-143c-441e-9e30-0d895b06f838: start LeaderState
2019-08-23 02:49:48,720 [674baee6-143c-441e-9e30-0d895b06f838:group-16D193DC11D0:LeaderElection64] INFO  segmented.SegmentedRaftLogWorker (SegmentedRaftLogWorker.java:startLogSegment(380)) - 674baee6-143c-441e-9e30-0d895b06f838-SegmentedRaftLogWorker:Storage Directory /workdir/hadoop-ozone/integration-test/target/test-dir/MiniOzoneClusterImpl-917d4659-6045-4365-874a-c9e7eed38027/datanode-3/data/ratis/e8c17508-694d-43a9-a68e-16d193dc11d0: Starting segment from index:0
2019-08-23 02:49:48,721 [674baee6-143c-441e-9e30-0d895b06f838:group-16D193DC11D0:LeaderElection64] INFO  impl.RaftServerImpl (ServerState.java:setRaftConf(361)) - 674baee6-143c-441e-9e30-0d895b06f838:group-16D193DC11D0 set configuration 0: [674baee6-143c-441e-9e30-0d895b06f838:192.168.36.77:39798], old=null at 0
2019-08-23 02:49:48,740 | INFO  | SCMAudit | user=jenkins1000 | ip=192.168.36.77 | op=SEND_HEARTBEAT {datanodeUUID=6e366328-a21a-42d1-a497-c25b5c1bc291, command=[]} | ret=SUCCESS |  
2019-08-23 02:49:48,878 [674baee6-143c-441e-9e30-0d895b06f838-SegmentedRaftLogWorker:Storage Directory /workdir/hadoop-ozone/integration-test/target/test-dir/MiniOzoneClusterImpl-917d4659-6045-4365-874a-c9e7eed38027/datanode-3/data/ratis/e8c17508-694d-43a9-a68e-16d193dc11d0] INFO  segmented.SegmentedRaftLogWorker (SegmentedRaftLogWorker.java:execute(569)) - 674baee6-143c-441e-9e30-0d895b06f838-SegmentedRaftLogWorker:Storage Directory /workdir/hadoop-ozone/integration-test/target/test-dir/MiniOzoneClusterImpl-917d4659-6045-4365-874a-c9e7eed38027/datanode-3/data/ratis/e8c17508-694d-43a9-a68e-16d193dc11d0: created new log segment /workdir/hadoop-ozone/integration-test/target/test-dir/MiniOzoneClusterImpl-917d4659-6045-4365-874a-c9e7eed38027/datanode-3/data/ratis/e8c17508-694d-43a9-a68e-16d193dc11d0/current/log_inprogress_0
2019-08-23 02:49:48,946 | INFO  | SCMAudit | user=jenkins1000 | ip=192.168.36.77 | op=SEND_HEARTBEAT {datanodeUUID=5c5e51ce-aa4b-45fa-b548-3aebeb03959c, command=[]} | ret=SUCCESS |  
2019-08-23 02:49:48,949 | INFO  | SCMAudit | user=jenkins1000 | ip=192.168.36.77 | op=SEND_HEARTBEAT {datanodeUUID=15fd999f-62be-4877-833a-993ce600606a, command=[]} | ret=SUCCESS |  
2019-08-23 02:49:49,127 | INFO  | SCMAudit | user=jenkins1000 | ip=192.168.36.77 | op=SEND_HEARTBEAT {datanodeUUID=e824def4-fdb0-4d06-a3a6-273d371b8d7d, command=[]} | ret=SUCCESS |  
2019-08-23 02:49:49,142 | INFO  | SCMAudit | user=jenkins1000 | ip=192.168.36.77 | op=SEND_HEARTBEAT {datanodeUUID=004b6b6e-41ce-4475-9f2f-481aedf9c953, command=[]} | ret=SUCCESS |  
2019-08-23 02:49:49,254 [grpc-default-executor-1] INFO  client.GrpcClientProtocolClient (GrpcClientProtocolClient.java:onNext(255)) - client-07B3B85E2BBE->004b6b6e-41ce-4475-9f2f-481aedf9c953: receive RaftClientReply:client-07B3B85E2BBE->004b6b6e-41ce-4475-9f2f-481aedf9c953@group-F61A263991FE, cid=80, FAILED org.apache.ratis.protocol.NotLeaderException: Server 004b6b6e-41ce-4475-9f2f-481aedf9c953 is not the leader (null). Request must be sent to leader., logIndex=0, commits[004b6b6e-41ce-4475-9f2f-481aedf9c953:c-1]
2019-08-23 02:49:49,344 | INFO  | SCMAudit | user=jenkins1000 | ip=192.168.36.77 | op=SEND_HEARTBEAT {datanodeUUID=50e43da2-e7e0-478c-b7e8-9638b0c061cc, command=[]} | ret=SUCCESS |  
2019-08-23 02:49:49,523 | INFO  | SCMAudit | user=jenkins1000 | ip=192.168.36.77 | op=SEND_HEARTBEAT {datanodeUUID=674baee6-143c-441e-9e30-0d895b06f838, command=[]} | ret=SUCCESS |  
2019-08-23 02:49:49,741 | INFO  | SCMAudit | user=jenkins1000 | ip=192.168.36.77 | op=SEND_HEARTBEAT {datanodeUUID=6e366328-a21a-42d1-a497-c25b5c1bc291, command=[]} | ret=SUCCESS |  
2019-08-23 02:49:49,793 [Thread-1935] INFO  impl.FollowerState (FollowerState.java:run(106)) - 6e366328-a21a-42d1-a497-c25b5c1bc291:group-ECEF9A56F14D changes to CANDIDATE, lastRpcTime:5073, electionTimeout:5073ms
2019-08-23 02:49:49,793 [Thread-1935] INFO  impl.RoleInfo (RoleInfo.java:shutdownFollowerState(121)) - 6e366328-a21a-42d1-a497-c25b5c1bc291: shutdown FollowerState
2019-08-23 02:49:49,793 [Thread-1935] INFO  impl.RaftServerImpl (RaftServerImpl.java:setRole(171)) - 6e366328-a21a-42d1-a497-c25b5c1bc291:group-ECEF9A56F14D changes role from FOLLOWER to CANDIDATE at term 0 for changeToCandidate
2019-08-23 02:49:49,793 [Thread-1935] INFO  impl.RoleInfo (RoleInfo.java:updateAndGet(143)) - 6e366328-a21a-42d1-a497-c25b5c1bc291: start LeaderElection
2019-08-23 02:49:49,844 [6e366328-a21a-42d1-a497-c25b5c1bc291:group-ECEF9A56F14D:LeaderElection65] INFO  impl.LeaderElection (LeaderElection.java:askForVotes(181)) - 6e366328-a21a-42d1-a497-c25b5c1bc291:group-ECEF9A56F14D:LeaderElection65: begin an election at term 1 for -1: [6e366328-a21a-42d1-a497-c25b5c1bc291:192.168.36.77:39747], old=null
2019-08-23 02:49:49,845 [6e366328-a21a-42d1-a497-c25b5c1bc291:group-ECEF9A56F14D:LeaderElection65] INFO  impl.RoleInfo (RoleInfo.java:shutdownLeaderElection(134)) - 6e366328-a21a-42d1-a497-c25b5c1bc291: shutdown LeaderElection
2019-08-23 02:49:49,845 [6e366328-a21a-42d1-a497-c25b5c1bc291:group-ECEF9A56F14D:LeaderElection65] INFO  impl.RaftServerImpl (RaftServerImpl.java:setRole(171)) - 6e366328-a21a-42d1-a497-c25b5c1bc291:group-ECEF9A56F14D changes role from CANDIDATE to LEADER at term 1 for changeToLeader
2019-08-23 02:49:49,845 [6e366328-a21a-42d1-a497-c25b5c1bc291:group-ECEF9A56F14D:LeaderElection65] INFO  impl.RaftServerImpl (ServerState.java:setLeader(263)) - 6e366328-a21a-42d1-a497-c25b5c1bc291:group-ECEF9A56F14D change Leader from null to 6e366328-a21a-42d1-a497-c25b5c1bc291 at term 1 for becomeLeader, leader elected after 5131ms
2019-08-23 02:49:49,845 [6e366328-a21a-42d1-a497-c25b5c1bc291:group-ECEF9A56F14D:LeaderElection65] INFO  server.RaftServerConfigKeys (ConfUtils.java:logGet(43)) - raft.server.staging.catchup.gap = 1000 (default)
2019-08-23 02:49:49,845 [6e366328-a21a-42d1-a497-c25b5c1bc291:group-ECEF9A56F14D:LeaderElection65] INFO  server.RaftServerConfigKeys (ConfUtils.java:logGet(43)) - raft.server.rpc.sleep.time = 25ms (default)
2019-08-23 02:49:49,845 [6e366328-a21a-42d1-a497-c25b5c1bc291:group-ECEF9A56F14D:LeaderElection65] INFO  server.RaftServerConfigKeys (ConfUtils.java:logGet(43)) - raft.server.write.element-limit = 4096 (default)
2019-08-23 02:49:49,845 [6e366328-a21a-42d1-a497-c25b5c1bc291:group-ECEF9A56F14D:LeaderElection65] INFO  server.RaftServerConfigKeys (ConfUtils.java:logGet(43)) - raft.server.watch.timeout = 10s (default)
2019-08-23 02:49:49,846 [6e366328-a21a-42d1-a497-c25b5c1bc291:group-ECEF9A56F14D:LeaderElection65] INFO  server.RaftServerConfigKeys (ConfUtils.java:logGet(43)) - raft.server.watch.timeout.denomination = 1s (default)
2019-08-23 02:49:49,846 [6e366328-a21a-42d1-a497-c25b5c1bc291:group-ECEF9A56F14D:LeaderElection65] INFO  server.RaftServerConfigKeys (ConfUtils.java:logGet(43)) - raft.server.watch.element-limit = 65536 (default)
2019-08-23 02:49:49,846 [6e366328-a21a-42d1-a497-c25b5c1bc291:group-ECEF9A56F14D:LeaderElection65] INFO  impl.RoleInfo (RoleInfo.java:updateAndGet(143)) - 6e366328-a21a-42d1-a497-c25b5c1bc291: start LeaderState
2019-08-23 02:49:49,846 [6e366328-a21a-42d1-a497-c25b5c1bc291:group-ECEF9A56F14D:LeaderElection65] INFO  segmented.SegmentedRaftLogWorker (SegmentedRaftLogWorker.java:startLogSegment(380)) - 6e366328-a21a-42d1-a497-c25b5c1bc291-SegmentedRaftLogWorker:Storage Directory /workdir/hadoop-ozone/integration-test/target/test-dir/MiniOzoneClusterImpl-917d4659-6045-4365-874a-c9e7eed38027/datanode-4/data/ratis/01830296-3889-4704-b7bb-ecef9a56f14d: Starting segment from index:0
2019-08-23 02:49:49,847 [6e366328-a21a-42d1-a497-c25b5c1bc291:group-ECEF9A56F14D:LeaderElection65] INFO  impl.RaftServerImpl (ServerState.java:setRaftConf(361)) - 6e366328-a21a-42d1-a497-c25b5c1bc291:group-ECEF9A56F14D set configuration 0: [6e366328-a21a-42d1-a497-c25b5c1bc291:192.168.36.77:39747], old=null at 0
2019-08-23 02:49:49,945 | INFO  | SCMAudit | user=jenkins1000 | ip=192.168.36.77 | op=SEND_HEARTBEAT {datanodeUUID=5c5e51ce-aa4b-45fa-b548-3aebeb03959c, command=[]} | ret=SUCCESS |  
2019-08-23 02:49:49,949 | INFO  | SCMAudit | user=jenkins1000 | ip=192.168.36.77 | op=SEND_HEARTBEAT {datanodeUUID=15fd999f-62be-4877-833a-993ce600606a, command=[]} | ret=SUCCESS |  
2019-08-23 02:49:50,013 [6e366328-a21a-42d1-a497-c25b5c1bc291-SegmentedRaftLogWorker:Storage Directory /workdir/hadoop-ozone/integration-test/target/test-dir/MiniOzoneClusterImpl-917d4659-6045-4365-874a-c9e7eed38027/datanode-4/data/ratis/01830296-3889-4704-b7bb-ecef9a56f14d] INFO  segmented.SegmentedRaftLogWorker (SegmentedRaftLogWorker.java:execute(569)) - 6e366328-a21a-42d1-a497-c25b5c1bc291-SegmentedRaftLogWorker:Storage Directory /workdir/hadoop-ozone/integration-test/target/test-dir/MiniOzoneClusterImpl-917d4659-6045-4365-874a-c9e7eed38027/datanode-4/data/ratis/01830296-3889-4704-b7bb-ecef9a56f14d: created new log segment /workdir/hadoop-ozone/integration-test/target/test-dir/MiniOzoneClusterImpl-917d4659-6045-4365-874a-c9e7eed38027/datanode-4/data/ratis/01830296-3889-4704-b7bb-ecef9a56f14d/current/log_inprogress_0
2019-08-23 02:49:50,127 | INFO  | SCMAudit | user=jenkins1000 | ip=192.168.36.77 | op=SEND_HEARTBEAT {datanodeUUID=e824def4-fdb0-4d06-a3a6-273d371b8d7d, command=[]} | ret=SUCCESS |  
2019-08-23 02:49:50,142 | INFO  | SCMAudit | user=jenkins1000 | ip=192.168.36.77 | op=SEND_HEARTBEAT {datanodeUUID=004b6b6e-41ce-4475-9f2f-481aedf9c953, command=[]} | ret=SUCCESS |  
2019-08-23 02:49:50,269 [grpc-default-executor-4] INFO  client.GrpcClientProtocolClient (GrpcClientProtocolClient.java:onNext(255)) - client-07B3B85E2BBE->6e366328-a21a-42d1-a497-c25b5c1bc291: receive RaftClientReply:client-07B3B85E2BBE->6e366328-a21a-42d1-a497-c25b5c1bc291@group-F61A263991FE, cid=80, FAILED org.apache.ratis.protocol.NotLeaderException: Server 6e366328-a21a-42d1-a497-c25b5c1bc291 is not the leader (null). Request must be sent to leader., logIndex=0, commits[6e366328-a21a-42d1-a497-c25b5c1bc291:c-1]
2019-08-23 02:49:50,345 | INFO  | SCMAudit | user=jenkins1000 | ip=192.168.36.77 | op=SEND_HEARTBEAT {datanodeUUID=50e43da2-e7e0-478c-b7e8-9638b0c061cc, command=[]} | ret=SUCCESS |  
2019-08-23 02:49:50,524 | INFO  | SCMAudit | user=jenkins1000 | ip=192.168.36.77 | op=SEND_HEARTBEAT {datanodeUUID=674baee6-143c-441e-9e30-0d895b06f838, command=[]} | ret=SUCCESS |  
2019-08-23 02:49:50,741 | INFO  | SCMAudit | user=jenkins1000 | ip=192.168.36.77 | op=SEND_HEARTBEAT {datanodeUUID=6e366328-a21a-42d1-a497-c25b5c1bc291, command=[]} | ret=SUCCESS |  
2019-08-23 02:49:50,946 | INFO  | SCMAudit | user=jenkins1000 | ip=192.168.36.77 | op=SEND_HEARTBEAT {datanodeUUID=5c5e51ce-aa4b-45fa-b548-3aebeb03959c, command=[]} | ret=SUCCESS |  
2019-08-23 02:49:50,949 | INFO  | SCMAudit | user=jenkins1000 | ip=192.168.36.77 | op=SEND_HEARTBEAT {datanodeUUID=15fd999f-62be-4877-833a-993ce600606a, command=[]} | ret=SUCCESS |  
2019-08-23 02:49:51,008 [Thread-1939] INFO  impl.FollowerState (FollowerState.java:run(106)) - 15fd999f-62be-4877-833a-993ce600606a:group-F6E37A89EDD3 changes to CANDIDATE, lastRpcTime:5036, electionTimeout:5036ms
2019-08-23 02:49:51,008 [Thread-1939] INFO  impl.RoleInfo (RoleInfo.java:shutdownFollowerState(121)) - 15fd999f-62be-4877-833a-993ce600606a: shutdown FollowerState
2019-08-23 02:49:51,009 [Thread-1939] INFO  impl.RaftServerImpl (RaftServerImpl.java:setRole(171)) - 15fd999f-62be-4877-833a-993ce600606a:group-F6E37A89EDD3 changes role from FOLLOWER to CANDIDATE at term 0 for changeToCandidate
2019-08-23 02:49:51,009 [Thread-1939] INFO  impl.RoleInfo (RoleInfo.java:updateAndGet(143)) - 15fd999f-62be-4877-833a-993ce600606a: start LeaderElection
2019-08-23 02:49:51,127 | INFO  | SCMAudit | user=jenkins1000 | ip=192.168.36.77 | op=SEND_HEARTBEAT {datanodeUUID=e824def4-fdb0-4d06-a3a6-273d371b8d7d, command=[]} | ret=SUCCESS |  
2019-08-23 02:49:51,142 | INFO  | SCMAudit | user=jenkins1000 | ip=192.168.36.77 | op=SEND_HEARTBEAT {datanodeUUID=004b6b6e-41ce-4475-9f2f-481aedf9c953, command=[]} | ret=SUCCESS |  
2019-08-23 02:49:51,280 [grpc-default-executor-4] INFO  client.GrpcClientProtocolClient (GrpcClientProtocolClient.java:onNext(255)) - client-07B3B85E2BBE->50e43da2-e7e0-478c-b7e8-9638b0c061cc: receive RaftClientReply:client-07B3B85E2BBE->50e43da2-e7e0-478c-b7e8-9638b0c061cc@group-F61A263991FE, cid=80, FAILED org.apache.ratis.protocol.NotLeaderException: Server 50e43da2-e7e0-478c-b7e8-9638b0c061cc is not the leader (null). Request must be sent to leader., logIndex=0, commits[50e43da2-e7e0-478c-b7e8-9638b0c061cc:c-1]
2019-08-23 02:49:51,303 [Thread-1942] INFO  impl.FollowerState (FollowerState.java:run(106)) - e824def4-fdb0-4d06-a3a6-273d371b8d7d:group-D64D7A575BC3 changes to CANDIDATE, lastRpcTime:5157, electionTimeout:5157ms
2019-08-23 02:49:51,304 [Thread-1942] INFO  impl.RoleInfo (RoleInfo.java:shutdownFollowerState(121)) - e824def4-fdb0-4d06-a3a6-273d371b8d7d: shutdown FollowerState
2019-08-23 02:49:51,304 [Thread-1942] INFO  impl.RaftServerImpl (RaftServerImpl.java:setRole(171)) - e824def4-fdb0-4d06-a3a6-273d371b8d7d:group-D64D7A575BC3 changes role from FOLLOWER to CANDIDATE at term 0 for changeToCandidate
2019-08-23 02:49:51,304 [Thread-1942] INFO  impl.RoleInfo (RoleInfo.java:updateAndGet(143)) - e824def4-fdb0-4d06-a3a6-273d371b8d7d: start LeaderElection
2019-08-23 02:49:51,345 | INFO  | SCMAudit | user=jenkins1000 | ip=192.168.36.77 | op=SEND_HEARTBEAT {datanodeUUID=50e43da2-e7e0-478c-b7e8-9638b0c061cc, command=[]} | ret=SUCCESS |  
2019-08-23 02:49:51,523 | INFO  | SCMAudit | user=jenkins1000 | ip=192.168.36.77 | op=SEND_HEARTBEAT {datanodeUUID=674baee6-143c-441e-9e30-0d895b06f838, command=[]} | ret=SUCCESS |  
2019-08-23 02:49:51,741 | INFO  | SCMAudit | user=jenkins1000 | ip=192.168.36.77 | op=SEND_HEARTBEAT {datanodeUUID=6e366328-a21a-42d1-a497-c25b5c1bc291, command=[]} | ret=SUCCESS |  
2019-08-23 02:49:51,794 [Thread-1950] INFO  impl.FollowerState (FollowerState.java:run(106)) - 6e366328-a21a-42d1-a497-c25b5c1bc291:group-F61A263991FE changes to CANDIDATE, lastRpcTime:5002, electionTimeout:5002ms
2019-08-23 02:49:51,794 [Thread-1950] INFO  impl.RoleInfo (RoleInfo.java:shutdownFollowerState(121)) - 6e366328-a21a-42d1-a497-c25b5c1bc291: shutdown FollowerState
2019-08-23 02:49:51,794 [Thread-1950] INFO  impl.RaftServerImpl (RaftServerImpl.java:setRole(171)) - 6e366328-a21a-42d1-a497-c25b5c1bc291:group-F61A263991FE changes role from FOLLOWER to CANDIDATE at term 0 for changeToCandidate
2019-08-23 02:49:51,794 [Thread-1950] INFO  impl.RoleInfo (RoleInfo.java:updateAndGet(143)) - 6e366328-a21a-42d1-a497-c25b5c1bc291: start LeaderElection
2019-08-23 02:49:51,895 [Thread-1949] INFO  impl.FollowerState (FollowerState.java:run(106)) - 50e43da2-e7e0-478c-b7e8-9638b0c061cc:group-F61A263991FE changes to CANDIDATE, lastRpcTime:5103, electionTimeout:5103ms
2019-08-23 02:49:51,895 [Thread-1949] INFO  impl.RoleInfo (RoleInfo.java:shutdownFollowerState(121)) - 50e43da2-e7e0-478c-b7e8-9638b0c061cc: shutdown FollowerState
2019-08-23 02:49:51,895 [Thread-1949] INFO  impl.RaftServerImpl (RaftServerImpl.java:setRole(171)) - 50e43da2-e7e0-478c-b7e8-9638b0c061cc:group-F61A263991FE changes role from FOLLOWER to CANDIDATE at term 0 for changeToCandidate
2019-08-23 02:49:51,895 [Thread-1949] INFO  impl.RoleInfo (RoleInfo.java:updateAndGet(143)) - 50e43da2-e7e0-478c-b7e8-9638b0c061cc: start LeaderElection
2019-08-23 02:49:51,936 [Thread-1945] INFO  impl.FollowerState (FollowerState.java:run(106)) - 004b6b6e-41ce-4475-9f2f-481aedf9c953:group-F61A263991FE changes to CANDIDATE, lastRpcTime:5148, electionTimeout:5148ms
2019-08-23 02:49:51,936 [Thread-1945] INFO  impl.RoleInfo (RoleInfo.java:shutdownFollowerState(121)) - 004b6b6e-41ce-4475-9f2f-481aedf9c953: shutdown FollowerState
2019-08-23 02:49:51,936 [Thread-1945] INFO  impl.RaftServerImpl (RaftServerImpl.java:setRole(171)) - 004b6b6e-41ce-4475-9f2f-481aedf9c953:group-F61A263991FE changes role from FOLLOWER to CANDIDATE at term 0 for changeToCandidate
2019-08-23 02:49:51,937 [Thread-1945] INFO  impl.RoleInfo (RoleInfo.java:updateAndGet(143)) - 004b6b6e-41ce-4475-9f2f-481aedf9c953: start LeaderElection
2019-08-23 02:49:51,953 | INFO  | SCMAudit | user=jenkins1000 | ip=192.168.36.77 | op=SEND_HEARTBEAT {datanodeUUID=5c5e51ce-aa4b-45fa-b548-3aebeb03959c, command=[]} | ret=SUCCESS |  
2019-08-23 02:49:51,953 | INFO  | SCMAudit | user=jenkins1000 | ip=192.168.36.77 | op=SEND_HEARTBEAT {datanodeUUID=15fd999f-62be-4877-833a-993ce600606a, command=[]} | ret=SUCCESS |  
2019-08-23 02:49:52,064 [e824def4-fdb0-4d06-a3a6-273d371b8d7d:group-D64D7A575BC3:LeaderElection67] INFO  impl.LeaderElection (LeaderElection.java:askForVotes(181)) - e824def4-fdb0-4d06-a3a6-273d371b8d7d:group-D64D7A575BC3:LeaderElection67: begin an election at term 1 for -1: [e824def4-fdb0-4d06-a3a6-273d371b8d7d:192.168.36.77:38058], old=null
2019-08-23 02:49:52,064 [15fd999f-62be-4877-833a-993ce600606a:group-F6E37A89EDD3:LeaderElection66] INFO  impl.LeaderElection (LeaderElection.java:askForVotes(181)) - 15fd999f-62be-4877-833a-993ce600606a:group-F6E37A89EDD3:LeaderElection66: begin an election at term 1 for -1: [15fd999f-62be-4877-833a-993ce600606a:192.168.36.77:35226], old=null
2019-08-23 02:49:52,064 [e824def4-fdb0-4d06-a3a6-273d371b8d7d:group-D64D7A575BC3:LeaderElection67] INFO  impl.RoleInfo (RoleInfo.java:shutdownLeaderElection(134)) - e824def4-fdb0-4d06-a3a6-273d371b8d7d: shutdown LeaderElection
2019-08-23 02:49:52,064 [15fd999f-62be-4877-833a-993ce600606a:group-F6E37A89EDD3:LeaderElection66] INFO  impl.RoleInfo (RoleInfo.java:shutdownLeaderElection(134)) - 15fd999f-62be-4877-833a-993ce600606a: shutdown LeaderElection
2019-08-23 02:49:52,064 [e824def4-fdb0-4d06-a3a6-273d371b8d7d:group-D64D7A575BC3:LeaderElection67] INFO  impl.RaftServerImpl (RaftServerImpl.java:setRole(171)) - e824def4-fdb0-4d06-a3a6-273d371b8d7d:group-D64D7A575BC3 changes role from CANDIDATE to LEADER at term 1 for changeToLeader
2019-08-23 02:49:52,064 [15fd999f-62be-4877-833a-993ce600606a:group-F6E37A89EDD3:LeaderElection66] INFO  impl.RaftServerImpl (RaftServerImpl.java:setRole(171)) - 15fd999f-62be-4877-833a-993ce600606a:group-F6E37A89EDD3 changes role from CANDIDATE to LEADER at term 1 for changeToLeader
2019-08-23 02:49:52,065 [e824def4-fdb0-4d06-a3a6-273d371b8d7d:group-D64D7A575BC3:LeaderElection67] INFO  impl.RaftServerImpl (ServerState.java:setLeader(263)) - e824def4-fdb0-4d06-a3a6-273d371b8d7d:group-D64D7A575BC3 change Leader from null to e824def4-fdb0-4d06-a3a6-273d371b8d7d at term 1 for becomeLeader, leader elected after 5923ms
2019-08-23 02:49:52,065 [15fd999f-62be-4877-833a-993ce600606a:group-F6E37A89EDD3:LeaderElection66] INFO  impl.RaftServerImpl (ServerState.java:setLeader(263)) - 15fd999f-62be-4877-833a-993ce600606a:group-F6E37A89EDD3 change Leader from null to 15fd999f-62be-4877-833a-993ce600606a at term 1 for becomeLeader, leader elected after 6096ms
2019-08-23 02:49:52,065 [e824def4-fdb0-4d06-a3a6-273d371b8d7d:group-D64D7A575BC3:LeaderElection67] INFO  server.RaftServerConfigKeys (ConfUtils.java:logGet(43)) - raft.server.staging.catchup.gap = 1000 (default)
2019-08-23 02:49:52,065 [15fd999f-62be-4877-833a-993ce600606a:group-F6E37A89EDD3:LeaderElection66] INFO  server.RaftServerConfigKeys (ConfUtils.java:logGet(43)) - raft.server.staging.catchup.gap = 1000 (default)
2019-08-23 02:49:52,065 [e824def4-fdb0-4d06-a3a6-273d371b8d7d:group-D64D7A575BC3:LeaderElection67] INFO  server.RaftServerConfigKeys (ConfUtils.java:logGet(43)) - raft.server.rpc.sleep.time = 25ms (default)
2019-08-23 02:49:52,065 [15fd999f-62be-4877-833a-993ce600606a:group-F6E37A89EDD3:LeaderElection66] INFO  server.RaftServerConfigKeys (ConfUtils.java:logGet(43)) - raft.server.rpc.sleep.time = 25ms (default)
2019-08-23 02:49:52,065 [e824def4-fdb0-4d06-a3a6-273d371b8d7d:group-D64D7A575BC3:LeaderElection67] INFO  server.RaftServerConfigKeys (ConfUtils.java:logGet(43)) - raft.server.write.element-limit = 4096 (default)
2019-08-23 02:49:52,066 [e824def4-fdb0-4d06-a3a6-273d371b8d7d:group-D64D7A575BC3:LeaderElection67] INFO  server.RaftServerConfigKeys (ConfUtils.java:logGet(43)) - raft.server.watch.timeout = 10s (default)
2019-08-23 02:49:52,066 [15fd999f-62be-4877-833a-993ce600606a:group-F6E37A89EDD3:LeaderElection66] INFO  server.RaftServerConfigKeys (ConfUtils.java:logGet(43)) - raft.server.write.element-limit = 4096 (default)
2019-08-23 02:49:52,066 [e824def4-fdb0-4d06-a3a6-273d371b8d7d:group-D64D7A575BC3:LeaderElection67] INFO  server.RaftServerConfigKeys (ConfUtils.java:logGet(43)) - raft.server.watch.timeout.denomination = 1s (default)
2019-08-23 02:49:52,066 [15fd999f-62be-4877-833a-993ce600606a:group-F6E37A89EDD3:LeaderElection66] INFO  server.RaftServerConfigKeys (ConfUtils.java:logGet(43)) - raft.server.watch.timeout = 10s (default)
2019-08-23 02:49:52,066 [e824def4-fdb0-4d06-a3a6-273d371b8d7d:group-D64D7A575BC3:LeaderElection67] INFO  server.RaftServerConfigKeys (ConfUtils.java:logGet(43)) - raft.server.watch.element-limit = 65536 (default)
2019-08-23 02:49:52,066 [15fd999f-62be-4877-833a-993ce600606a:group-F6E37A89EDD3:LeaderElection66] INFO  server.RaftServerConfigKeys (ConfUtils.java:logGet(43)) - raft.server.watch.timeout.denomination = 1s (default)
2019-08-23 02:49:52,067 [15fd999f-62be-4877-833a-993ce600606a:group-F6E37A89EDD3:LeaderElection66] INFO  server.RaftServerConfigKeys (ConfUtils.java:logGet(43)) - raft.server.watch.element-limit = 65536 (default)
2019-08-23 02:49:52,067 [e824def4-fdb0-4d06-a3a6-273d371b8d7d:group-D64D7A575BC3:LeaderElection67] INFO  impl.RoleInfo (RoleInfo.java:updateAndGet(143)) - e824def4-fdb0-4d06-a3a6-273d371b8d7d: start LeaderState
2019-08-23 02:49:52,067 [15fd999f-62be-4877-833a-993ce600606a:group-F6E37A89EDD3:LeaderElection66] INFO  impl.RoleInfo (RoleInfo.java:updateAndGet(143)) - 15fd999f-62be-4877-833a-993ce600606a: start LeaderState
2019-08-23 02:49:52,067 [e824def4-fdb0-4d06-a3a6-273d371b8d7d:group-D64D7A575BC3:LeaderElection67] INFO  segmented.SegmentedRaftLogWorker (SegmentedRaftLogWorker.java:startLogSegment(380)) - e824def4-fdb0-4d06-a3a6-273d371b8d7d-SegmentedRaftLogWorker:Storage Directory /workdir/hadoop-ozone/integration-test/target/test-dir/MiniOzoneClusterImpl-917d4659-6045-4365-874a-c9e7eed38027/datanode-6/data/ratis/8d3a616e-2400-4383-a516-d64d7a575bc3: Starting segment from index:0
2019-08-23 02:49:52,067 [15fd999f-62be-4877-833a-993ce600606a:group-F6E37A89EDD3:LeaderElection66] INFO  segmented.SegmentedRaftLogWorker (SegmentedRaftLogWorker.java:startLogSegment(380)) - 15fd999f-62be-4877-833a-993ce600606a-SegmentedRaftLogWorker:Storage Directory /workdir/hadoop-ozone/integration-test/target/test-dir/MiniOzoneClusterImpl-917d4659-6045-4365-874a-c9e7eed38027/datanode-5/data/ratis/e4b8f917-dff8-4e40-8147-f6e37a89edd3: Starting segment from index:0
2019-08-23 02:49:52,068 [e824def4-fdb0-4d06-a3a6-273d371b8d7d:group-D64D7A575BC3:LeaderElection67] INFO  impl.RaftServerImpl (ServerState.java:setRaftConf(361)) - e824def4-fdb0-4d06-a3a6-273d371b8d7d:group-D64D7A575BC3 set configuration 0: [e824def4-fdb0-4d06-a3a6-273d371b8d7d:192.168.36.77:38058], old=null at 0
2019-08-23 02:49:52,136 [15fd999f-62be-4877-833a-993ce600606a:group-F6E37A89EDD3:LeaderElection66] INFO  impl.RaftServerImpl (ServerState.java:setRaftConf(361)) - 15fd999f-62be-4877-833a-993ce600606a:group-F6E37A89EDD3 set configuration 0: [15fd999f-62be-4877-833a-993ce600606a:192.168.36.77:35226], old=null at 0
2019-08-23 02:49:52,139 | INFO  | SCMAudit | user=jenkins1000 | ip=192.168.36.77 | op=SEND_HEARTBEAT {datanodeUUID=e824def4-fdb0-4d06-a3a6-273d371b8d7d, command=[]} | ret=SUCCESS |  
2019-08-23 02:49:52,142 | INFO  | SCMAudit | user=jenkins1000 | ip=192.168.36.77 | op=SEND_HEARTBEAT {datanodeUUID=004b6b6e-41ce-4475-9f2f-481aedf9c953, command=[]} | ret=SUCCESS |  
2019-08-23 02:49:52,238 [e824def4-fdb0-4d06-a3a6-273d371b8d7d-SegmentedRaftLogWorker:Storage Directory /workdir/hadoop-ozone/integration-test/target/test-dir/MiniOzoneClusterImpl-917d4659-6045-4365-874a-c9e7eed38027/datanode-6/data/ratis/8d3a616e-2400-4383-a516-d64d7a575bc3] INFO  segmented.SegmentedRaftLogWorker (SegmentedRaftLogWorker.java:execute(569)) - e824def4-fdb0-4d06-a3a6-273d371b8d7d-SegmentedRaftLogWorker:Storage Directory /workdir/hadoop-ozone/integration-test/target/test-dir/MiniOzoneClusterImpl-917d4659-6045-4365-874a-c9e7eed38027/datanode-6/data/ratis/8d3a616e-2400-4383-a516-d64d7a575bc3: created new log segment /workdir/hadoop-ozone/integration-test/target/test-dir/MiniOzoneClusterImpl-917d4659-6045-4365-874a-c9e7eed38027/datanode-6/data/ratis/8d3a616e-2400-4383-a516-d64d7a575bc3/current/log_inprogress_0
2019-08-23 02:49:52,238 [50e43da2-e7e0-478c-b7e8-9638b0c061cc:group-F61A263991FE:LeaderElection69] INFO  impl.LeaderElection (LeaderElection.java:askForVotes(181)) - 50e43da2-e7e0-478c-b7e8-9638b0c061cc:group-F61A263991FE:LeaderElection69: begin an election at term 1 for -1: [004b6b6e-41ce-4475-9f2f-481aedf9c953:192.168.36.77:45065, 50e43da2-e7e0-478c-b7e8-9638b0c061cc:192.168.36.77:45690, 6e366328-a21a-42d1-a497-c25b5c1bc291:192.168.36.77:39747], old=null
2019-08-23 02:49:52,238 [6e366328-a21a-42d1-a497-c25b5c1bc291:group-F61A263991FE:LeaderElection68] INFO  impl.LeaderElection (LeaderElection.java:askForVotes(181)) - 6e366328-a21a-42d1-a497-c25b5c1bc291:group-F61A263991FE:LeaderElection68: begin an election at term 1 for -1: [004b6b6e-41ce-4475-9f2f-481aedf9c953:192.168.36.77:45065, 50e43da2-e7e0-478c-b7e8-9638b0c061cc:192.168.36.77:45690, 6e366328-a21a-42d1-a497-c25b5c1bc291:192.168.36.77:39747], old=null
2019-08-23 02:49:52,238 [004b6b6e-41ce-4475-9f2f-481aedf9c953:group-F61A263991FE:LeaderElection70] INFO  impl.LeaderElection (LeaderElection.java:askForVotes(181)) - 004b6b6e-41ce-4475-9f2f-481aedf9c953:group-F61A263991FE:LeaderElection70: begin an election at term 1 for -1: [004b6b6e-41ce-4475-9f2f-481aedf9c953:192.168.36.77:45065, 50e43da2-e7e0-478c-b7e8-9638b0c061cc:192.168.36.77:45690, 6e366328-a21a-42d1-a497-c25b5c1bc291:192.168.36.77:39747], old=null
2019-08-23 02:49:52,238 [15fd999f-62be-4877-833a-993ce600606a-SegmentedRaftLogWorker:Storage Directory /workdir/hadoop-ozone/integration-test/target/test-dir/MiniOzoneClusterImpl-917d4659-6045-4365-874a-c9e7eed38027/datanode-5/data/ratis/e4b8f917-dff8-4e40-8147-f6e37a89edd3] INFO  segmented.SegmentedRaftLogWorker (SegmentedRaftLogWorker.java:execute(569)) - 15fd999f-62be-4877-833a-993ce600606a-SegmentedRaftLogWorker:Storage Directory /workdir/hadoop-ozone/integration-test/target/test-dir/MiniOzoneClusterImpl-917d4659-6045-4365-874a-c9e7eed38027/datanode-5/data/ratis/e4b8f917-dff8-4e40-8147-f6e37a89edd3: created new log segment /workdir/hadoop-ozone/integration-test/target/test-dir/MiniOzoneClusterImpl-917d4659-6045-4365-874a-c9e7eed38027/datanode-5/data/ratis/e4b8f917-dff8-4e40-8147-f6e37a89edd3/current/log_inprogress_0
2019-08-23 02:49:52,286 [Thread-1958] INFO  impl.FollowerState (FollowerState.java:run(106)) - 15fd999f-62be-4877-833a-993ce600606a:group-A52EBC6CCB0C changes to CANDIDATE, lastRpcTime:5116, electionTimeout:5116ms
2019-08-23 02:49:52,287 [Thread-1958] INFO  impl.RoleInfo (RoleInfo.java:shutdownFollowerState(121)) - 15fd999f-62be-4877-833a-993ce600606a: shutdown FollowerState
2019-08-23 02:49:52,287 [Thread-1958] INFO  impl.RaftServerImpl (RaftServerImpl.java:setRole(171)) - 15fd999f-62be-4877-833a-993ce600606a:group-A52EBC6CCB0C changes role from FOLLOWER to CANDIDATE at term 0 for changeToCandidate
2019-08-23 02:49:52,314 [Thread-1957] INFO  impl.FollowerState (FollowerState.java:run(106)) - 674baee6-143c-441e-9e30-0d895b06f838:group-A52EBC6CCB0C changes to CANDIDATE, lastRpcTime:5144, electionTimeout:5144ms
2019-08-23 02:49:52,315 [Thread-1957] INFO  impl.RoleInfo (RoleInfo.java:shutdownFollowerState(121)) - 674baee6-143c-441e-9e30-0d895b06f838: shutdown FollowerState
2019-08-23 02:49:52,315 [Thread-1957] INFO  impl.RaftServerImpl (RaftServerImpl.java:setRole(171)) - 674baee6-143c-441e-9e30-0d895b06f838:group-A52EBC6CCB0C changes role from FOLLOWER to CANDIDATE at term 0 for changeToCandidate
2019-08-23 02:49:52,316 [Thread-1957] INFO  impl.RoleInfo (RoleInfo.java:updateAndGet(143)) - 674baee6-143c-441e-9e30-0d895b06f838: start LeaderElection
2019-08-23 02:49:52,316 [Thread-1958] INFO  impl.RoleInfo (RoleInfo.java:updateAndGet(143)) - 15fd999f-62be-4877-833a-993ce600606a: start LeaderElection
2019-08-23 02:49:52,331 [grpc-default-executor-3] INFO  client.GrpcClientProtocolClient (GrpcClientProtocolClient.java:onNext(255)) - client-07B3B85E2BBE->004b6b6e-41ce-4475-9f2f-481aedf9c953: receive RaftClientReply:client-07B3B85E2BBE->004b6b6e-41ce-4475-9f2f-481aedf9c953@group-F61A263991FE, cid=80, FAILED org.apache.ratis.protocol.NotLeaderException: Server 004b6b6e-41ce-4475-9f2f-481aedf9c953 is not the leader (null). Request must be sent to leader., logIndex=0, commits[004b6b6e-41ce-4475-9f2f-481aedf9c953:c-1]
2019-08-23 02:49:52,346 | INFO  | SCMAudit | user=jenkins1000 | ip=192.168.36.77 | op=SEND_HEARTBEAT {datanodeUUID=50e43da2-e7e0-478c-b7e8-9638b0c061cc, command=[]} | ret=SUCCESS |  
2019-08-23 02:49:52,346 [004b6b6e-41ce-4475-9f2f-481aedf9c953:group-F61A263991FE:LeaderElection70] INFO  impl.LeaderElection (LeaderElection.java:logAndReturn(56)) - 004b6b6e-41ce-4475-9f2f-481aedf9c953:group-F61A263991FE:LeaderElection70: Election REJECTED; received 2 response(s) [004b6b6e-41ce-4475-9f2f-481aedf9c953<-50e43da2-e7e0-478c-b7e8-9638b0c061cc#0:FAIL-t1, 004b6b6e-41ce-4475-9f2f-481aedf9c953<-6e366328-a21a-42d1-a497-c25b5c1bc291#0:FAIL-t1] and 0 exception(s); 004b6b6e-41ce-4475-9f2f-481aedf9c953:t1, leader=null, voted=004b6b6e-41ce-4475-9f2f-481aedf9c953, raftlog=004b6b6e-41ce-4475-9f2f-481aedf9c953-SegmentedRaftLog:OPENED:c-1,f-1,i0, conf=-1: [004b6b6e-41ce-4475-9f2f-481aedf9c953:192.168.36.77:45065, 50e43da2-e7e0-478c-b7e8-9638b0c061cc:192.168.36.77:45690, 6e366328-a21a-42d1-a497-c25b5c1bc291:192.168.36.77:39747], old=null
2019-08-23 02:49:52,346 [004b6b6e-41ce-4475-9f2f-481aedf9c953:group-F61A263991FE:LeaderElection70] INFO  impl.RaftServerImpl (RaftServerImpl.java:setRole(171)) - 004b6b6e-41ce-4475-9f2f-481aedf9c953:group-F61A263991FE changes role from CANDIDATE to FOLLOWER at term 1 for DISCOVERED_A_NEW_TERM
2019-08-23 02:49:52,346 [6e366328-a21a-42d1-a497-c25b5c1bc291:group-F61A263991FE:LeaderElection68] INFO  impl.LeaderElection (LeaderElection.java:logAndReturn(56)) - 6e366328-a21a-42d1-a497-c25b5c1bc291:group-F61A263991FE:LeaderElection68: Election REJECTED; received 2 response(s) [6e366328-a21a-42d1-a497-c25b5c1bc291<-004b6b6e-41ce-4475-9f2f-481aedf9c953#0:FAIL-t1, 6e366328-a21a-42d1-a497-c25b5c1bc291<-50e43da2-e7e0-478c-b7e8-9638b0c061cc#0:FAIL-t1] and 0 exception(s); 6e366328-a21a-42d1-a497-c25b5c1bc291:t1, leader=null, voted=6e366328-a21a-42d1-a497-c25b5c1bc291, raftlog=6e366328-a21a-42d1-a497-c25b5c1bc291-SegmentedRaftLog:OPENED:c-1,f-1,i0, conf=-1: [004b6b6e-41ce-4475-9f2f-481aedf9c953:192.168.36.77:45065, 50e43da2-e7e0-478c-b7e8-9638b0c061cc:192.168.36.77:45690, 6e366328-a21a-42d1-a497-c25b5c1bc291:192.168.36.77:39747], old=null
2019-08-23 02:49:52,346 [004b6b6e-41ce-4475-9f2f-481aedf9c953:group-F61A263991FE:LeaderElection70] INFO  impl.RoleInfo (RoleInfo.java:shutdownLeaderElection(134)) - 004b6b6e-41ce-4475-9f2f-481aedf9c953: shutdown LeaderElection
2019-08-23 02:49:52,347 [6e366328-a21a-42d1-a497-c25b5c1bc291:group-F61A263991FE:LeaderElection68] INFO  impl.RaftServerImpl (RaftServerImpl.java:setRole(171)) - 6e366328-a21a-42d1-a497-c25b5c1bc291:group-F61A263991FE changes role from CANDIDATE to FOLLOWER at term 1 for DISCOVERED_A_NEW_TERM
2019-08-23 02:49:52,346 [50e43da2-e7e0-478c-b7e8-9638b0c061cc:group-F61A263991FE:LeaderElection69] INFO  impl.LeaderElection (LeaderElection.java:logAndReturn(56)) - 50e43da2-e7e0-478c-b7e8-9638b0c061cc:group-F61A263991FE:LeaderElection69: Election REJECTED; received 2 response(s) [50e43da2-e7e0-478c-b7e8-9638b0c061cc<-004b6b6e-41ce-4475-9f2f-481aedf9c953#0:FAIL-t1, 50e43da2-e7e0-478c-b7e8-9638b0c061cc<-6e366328-a21a-42d1-a497-c25b5c1bc291#0:FAIL-t1] and 0 exception(s); 50e43da2-e7e0-478c-b7e8-9638b0c061cc:t1, leader=null, voted=50e43da2-e7e0-478c-b7e8-9638b0c061cc, raftlog=50e43da2-e7e0-478c-b7e8-9638b0c061cc-SegmentedRaftLog:OPENED:c-1,f-1,i0, conf=-1: [004b6b6e-41ce-4475-9f2f-481aedf9c953:192.168.36.77:45065, 50e43da2-e7e0-478c-b7e8-9638b0c061cc:192.168.36.77:45690, 6e366328-a21a-42d1-a497-c25b5c1bc291:192.168.36.77:39747], old=null
2019-08-23 02:49:52,347 [6e366328-a21a-42d1-a497-c25b5c1bc291:group-F61A263991FE:LeaderElection68] INFO  impl.RoleInfo (RoleInfo.java:shutdownLeaderElection(134)) - 6e366328-a21a-42d1-a497-c25b5c1bc291: shutdown LeaderElection
2019-08-23 02:49:52,347 [004b6b6e-41ce-4475-9f2f-481aedf9c953:group-F61A263991FE:LeaderElection70] INFO  impl.RoleInfo (RoleInfo.java:updateAndGet(143)) - 004b6b6e-41ce-4475-9f2f-481aedf9c953: start FollowerState
2019-08-23 02:49:52,347 [6e366328-a21a-42d1-a497-c25b5c1bc291:group-F61A263991FE:LeaderElection68] INFO  impl.RoleInfo (RoleInfo.java:updateAndGet(143)) - 6e366328-a21a-42d1-a497-c25b5c1bc291: start FollowerState
2019-08-23 02:49:52,347 [50e43da2-e7e0-478c-b7e8-9638b0c061cc:group-F61A263991FE:LeaderElection69] INFO  impl.RaftServerImpl (RaftServerImpl.java:setRole(171)) - 50e43da2-e7e0-478c-b7e8-9638b0c061cc:group-F61A263991FE changes role from CANDIDATE to FOLLOWER at term 1 for DISCOVERED_A_NEW_TERM
2019-08-23 02:49:52,347 [50e43da2-e7e0-478c-b7e8-9638b0c061cc:group-F61A263991FE:LeaderElection69] INFO  impl.RoleInfo (RoleInfo.java:shutdownLeaderElection(134)) - 50e43da2-e7e0-478c-b7e8-9638b0c061cc: shutdown LeaderElection
2019-08-23 02:49:52,348 [50e43da2-e7e0-478c-b7e8-9638b0c061cc:group-F61A263991FE:LeaderElection69] INFO  impl.RoleInfo (RoleInfo.java:updateAndGet(143)) - 50e43da2-e7e0-478c-b7e8-9638b0c061cc: start FollowerState
2019-08-23 02:49:52,349 [Thread-1962] INFO  impl.FollowerState (FollowerState.java:run(106)) - e824def4-fdb0-4d06-a3a6-273d371b8d7d:group-A52EBC6CCB0C changes to CANDIDATE, lastRpcTime:5176, electionTimeout:5176ms
2019-08-23 02:49:52,349 [Thread-1962] INFO  impl.RoleInfo (RoleInfo.java:shutdownFollowerState(121)) - e824def4-fdb0-4d06-a3a6-273d371b8d7d: shutdown FollowerState
2019-08-23 02:49:52,349 [Thread-1962] INFO  impl.RaftServerImpl (RaftServerImpl.java:setRole(171)) - e824def4-fdb0-4d06-a3a6-273d371b8d7d:group-A52EBC6CCB0C changes role from FOLLOWER to CANDIDATE at term 0 for changeToCandidate
2019-08-23 02:49:52,349 [Thread-1962] INFO  impl.RoleInfo (RoleInfo.java:updateAndGet(143)) - e824def4-fdb0-4d06-a3a6-273d371b8d7d: start LeaderElection
2019-08-23 02:49:52,353 [674baee6-143c-441e-9e30-0d895b06f838:group-A52EBC6CCB0C:LeaderElection72] INFO  impl.LeaderElection (LeaderElection.java:askForVotes(181)) - 674baee6-143c-441e-9e30-0d895b06f838:group-A52EBC6CCB0C:LeaderElection72: begin an election at term 1 for -1: [15fd999f-62be-4877-833a-993ce600606a:192.168.36.77:35226, 674baee6-143c-441e-9e30-0d895b06f838:192.168.36.77:39798, e824def4-fdb0-4d06-a3a6-273d371b8d7d:192.168.36.77:38058], old=null
2019-08-23 02:49:52,353 [15fd999f-62be-4877-833a-993ce600606a:group-A52EBC6CCB0C:LeaderElection71] INFO  impl.LeaderElection (LeaderElection.java:askForVotes(181)) - 15fd999f-62be-4877-833a-993ce600606a:group-A52EBC6CCB0C:LeaderElection71: begin an election at term 1 for -1: [15fd999f-62be-4877-833a-993ce600606a:192.168.36.77:35226, 674baee6-143c-441e-9e30-0d895b06f838:192.168.36.77:39798, e824def4-fdb0-4d06-a3a6-273d371b8d7d:192.168.36.77:38058], old=null
2019-08-23 02:49:52,524 | INFO  | SCMAudit | user=jenkins1000 | ip=192.168.36.77 | op=SEND_HEARTBEAT {datanodeUUID=674baee6-143c-441e-9e30-0d895b06f838, command=[]} | ret=SUCCESS |  
2019-08-23 02:49:52,550 [e824def4-fdb0-4d06-a3a6-273d371b8d7d:group-A52EBC6CCB0C:LeaderElection73] INFO  impl.LeaderElection (LeaderElection.java:askForVotes(181)) - e824def4-fdb0-4d06-a3a6-273d371b8d7d:group-A52EBC6CCB0C:LeaderElection73: begin an election at term 1 for -1: [15fd999f-62be-4877-833a-993ce600606a:192.168.36.77:35226, 674baee6-143c-441e-9e30-0d895b06f838:192.168.36.77:39798, e824def4-fdb0-4d06-a3a6-273d371b8d7d:192.168.36.77:38058], old=null
2019-08-23 02:49:52,554 [674baee6-143c-441e-9e30-0d895b06f838:group-A52EBC6CCB0C:LeaderElection72] INFO  impl.LeaderElection (LeaderElection.java:logAndReturn(56)) - 674baee6-143c-441e-9e30-0d895b06f838:group-A52EBC6CCB0C:LeaderElection72: Election REJECTED; received 2 response(s) [674baee6-143c-441e-9e30-0d895b06f838<-15fd999f-62be-4877-833a-993ce600606a#0:FAIL-t1, 674baee6-143c-441e-9e30-0d895b06f838<-e824def4-fdb0-4d06-a3a6-273d371b8d7d#0:FAIL-t1] and 0 exception(s); 674baee6-143c-441e-9e30-0d895b06f838:t1, leader=null, voted=674baee6-143c-441e-9e30-0d895b06f838, raftlog=674baee6-143c-441e-9e30-0d895b06f838-SegmentedRaftLog:OPENED:c-1,f-1,i0, conf=-1: [15fd999f-62be-4877-833a-993ce600606a:192.168.36.77:35226, 674baee6-143c-441e-9e30-0d895b06f838:192.168.36.77:39798, e824def4-fdb0-4d06-a3a6-273d371b8d7d:192.168.36.77:38058], old=null
2019-08-23 02:49:52,554 [674baee6-143c-441e-9e30-0d895b06f838:group-A52EBC6CCB0C:LeaderElection72] INFO  impl.RaftServerImpl (RaftServerImpl.java:setRole(171)) - 674baee6-143c-441e-9e30-0d895b06f838:group-A52EBC6CCB0C changes role from CANDIDATE to FOLLOWER at term 1 for DISCOVERED_A_NEW_TERM
2019-08-23 02:49:52,554 [15fd999f-62be-4877-833a-993ce600606a:group-A52EBC6CCB0C:LeaderElection71] INFO  impl.LeaderElection (LeaderElection.java:logAndReturn(56)) - 15fd999f-62be-4877-833a-993ce600606a:group-A52EBC6CCB0C:LeaderElection71: Election REJECTED; received 2 response(s) [15fd999f-62be-4877-833a-993ce600606a<-674baee6-143c-441e-9e30-0d895b06f838#0:FAIL-t1, 15fd999f-62be-4877-833a-993ce600606a<-e824def4-fdb0-4d06-a3a6-273d371b8d7d#0:FAIL-t1] and 0 exception(s); 15fd999f-62be-4877-833a-993ce600606a:t1, leader=null, voted=15fd999f-62be-4877-833a-993ce600606a, raftlog=15fd999f-62be-4877-833a-993ce600606a-SegmentedRaftLog:OPENED:c-1,f-1,i0, conf=-1: [15fd999f-62be-4877-833a-993ce600606a:192.168.36.77:35226, 674baee6-143c-441e-9e30-0d895b06f838:192.168.36.77:39798, e824def4-fdb0-4d06-a3a6-273d371b8d7d:192.168.36.77:38058], old=null
2019-08-23 02:49:52,555 [674baee6-143c-441e-9e30-0d895b06f838:group-A52EBC6CCB0C:LeaderElection72] INFO  impl.RoleInfo (RoleInfo.java:shutdownLeaderElection(134)) - 674baee6-143c-441e-9e30-0d895b06f838: shutdown LeaderElection
2019-08-23 02:49:52,555 [15fd999f-62be-4877-833a-993ce600606a:group-A52EBC6CCB0C:LeaderElection71] INFO  impl.RaftServerImpl (RaftServerImpl.java:setRole(171)) - 15fd999f-62be-4877-833a-993ce600606a:group-A52EBC6CCB0C changes role from CANDIDATE to FOLLOWER at term 1 for DISCOVERED_A_NEW_TERM
2019-08-23 02:49:52,555 [674baee6-143c-441e-9e30-0d895b06f838:group-A52EBC6CCB0C:LeaderElection72] INFO  impl.RoleInfo (RoleInfo.java:updateAndGet(143)) - 674baee6-143c-441e-9e30-0d895b06f838: start FollowerState
2019-08-23 02:49:52,555 [15fd999f-62be-4877-833a-993ce600606a:group-A52EBC6CCB0C:LeaderElection71] INFO  impl.RoleInfo (RoleInfo.java:shutdownLeaderElection(134)) - 15fd999f-62be-4877-833a-993ce600606a: shutdown LeaderElection
2019-08-23 02:49:52,555 [15fd999f-62be-4877-833a-993ce600606a:group-A52EBC6CCB0C:LeaderElection71] INFO  impl.RoleInfo (RoleInfo.java:updateAndGet(143)) - 15fd999f-62be-4877-833a-993ce600606a: start FollowerState
2019-08-23 02:49:52,558 [e824def4-fdb0-4d06-a3a6-273d371b8d7d:group-A52EBC6CCB0C:LeaderElection73] INFO  impl.LeaderElection (LeaderElection.java:logAndReturn(56)) - e824def4-fdb0-4d06-a3a6-273d371b8d7d:group-A52EBC6CCB0C:LeaderElection73: Election REJECTED; received 2 response(s) [e824def4-fdb0-4d06-a3a6-273d371b8d7d<-15fd999f-62be-4877-833a-993ce600606a#0:FAIL-t1, e824def4-fdb0-4d06-a3a6-273d371b8d7d<-674baee6-143c-441e-9e30-0d895b06f838#0:FAIL-t1] and 0 exception(s); e824def4-fdb0-4d06-a3a6-273d371b8d7d:t1, leader=null, voted=e824def4-fdb0-4d06-a3a6-273d371b8d7d, raftlog=e824def4-fdb0-4d06-a3a6-273d371b8d7d-SegmentedRaftLog:OPENED:c-1,f-1,i0, conf=-1: [15fd999f-62be-4877-833a-993ce600606a:192.168.36.77:35226, 674baee6-143c-441e-9e30-0d895b06f838:192.168.36.77:39798, e824def4-fdb0-4d06-a3a6-273d371b8d7d:192.168.36.77:38058], old=null
2019-08-23 02:49:52,559 [e824def4-fdb0-4d06-a3a6-273d371b8d7d:group-A52EBC6CCB0C:LeaderElection73] INFO  impl.RaftServerImpl (RaftServerImpl.java:setRole(171)) - e824def4-fdb0-4d06-a3a6-273d371b8d7d:group-A52EBC6CCB0C changes role from CANDIDATE to FOLLOWER at term 1 for DISCOVERED_A_NEW_TERM
2019-08-23 02:49:52,559 [e824def4-fdb0-4d06-a3a6-273d371b8d7d:group-A52EBC6CCB0C:LeaderElection73] INFO  impl.RoleInfo (RoleInfo.java:shutdownLeaderElection(134)) - e824def4-fdb0-4d06-a3a6-273d371b8d7d: shutdown LeaderElection
2019-08-23 02:49:52,559 [e824def4-fdb0-4d06-a3a6-273d371b8d7d:group-A52EBC6CCB0C:LeaderElection73] INFO  impl.RoleInfo (RoleInfo.java:updateAndGet(143)) - e824def4-fdb0-4d06-a3a6-273d371b8d7d: start FollowerState
2019-08-23 02:49:52,741 | INFO  | SCMAudit | user=jenkins1000 | ip=192.168.36.77 | op=SEND_HEARTBEAT {datanodeUUID=6e366328-a21a-42d1-a497-c25b5c1bc291, command=[]} | ret=SUCCESS |  
2019-08-23 02:49:52,951 | INFO  | SCMAudit | user=jenkins1000 | ip=192.168.36.77 | op=SEND_HEARTBEAT {datanodeUUID=5c5e51ce-aa4b-45fa-b548-3aebeb03959c, command=[]} | ret=SUCCESS |  
2019-08-23 02:49:52,951 | INFO  | SCMAudit | user=jenkins1000 | ip=192.168.36.77 | op=SEND_HEARTBEAT {datanodeUUID=15fd999f-62be-4877-833a-993ce600606a, command=[]} | ret=SUCCESS |  
2019-08-23 02:49:53,138 | INFO  | SCMAudit | user=jenkins1000 | ip=192.168.36.77 | op=SEND_HEARTBEAT {datanodeUUID=e824def4-fdb0-4d06-a3a6-273d371b8d7d, command=[]} | ret=SUCCESS |  
2019-08-23 02:49:53,143 | INFO  | SCMAudit | user=jenkins1000 | ip=192.168.36.77 | op=SEND_HEARTBEAT {datanodeUUID=004b6b6e-41ce-4475-9f2f-481aedf9c953, command=[]} | ret=SUCCESS |  
2019-08-23 02:49:53,348 | INFO  | SCMAudit | user=jenkins1000 | ip=192.168.36.77 | op=SEND_HEARTBEAT {datanodeUUID=50e43da2-e7e0-478c-b7e8-9638b0c061cc, command=[]} | ret=SUCCESS |  
2019-08-23 02:49:53,348 [grpc-default-executor-3] INFO  client.GrpcClientProtocolClient (GrpcClientProtocolClient.java:onNext(255)) - client-07B3B85E2BBE->50e43da2-e7e0-478c-b7e8-9638b0c061cc: receive RaftClientReply:client-07B3B85E2BBE->50e43da2-e7e0-478c-b7e8-9638b0c061cc@group-F61A263991FE, cid=80, FAILED org.apache.ratis.protocol.NotLeaderException: Server 50e43da2-e7e0-478c-b7e8-9638b0c061cc is not the leader (null). Request must be sent to leader., logIndex=0, commits[50e43da2-e7e0-478c-b7e8-9638b0c061cc:c-1]
2019-08-23 02:49:53,524 | INFO  | SCMAudit | user=jenkins1000 | ip=192.168.36.77 | op=SEND_HEARTBEAT {datanodeUUID=674baee6-143c-441e-9e30-0d895b06f838, command=[]} | ret=SUCCESS |  
2019-08-23 02:49:53,740 | INFO  | SCMAudit | user=jenkins1000 | ip=192.168.36.77 | op=SEND_HEARTBEAT {datanodeUUID=6e366328-a21a-42d1-a497-c25b5c1bc291, command=[]} | ret=SUCCESS |  
2019-08-23 02:49:53,950 | INFO  | SCMAudit | user=jenkins1000 | ip=192.168.36.77 | op=SEND_HEARTBEAT {datanodeUUID=5c5e51ce-aa4b-45fa-b548-3aebeb03959c, command=[]} | ret=SUCCESS |  
2019-08-23 02:49:53,950 | INFO  | SCMAudit | user=jenkins1000 | ip=192.168.36.77 | op=SEND_HEARTBEAT {datanodeUUID=15fd999f-62be-4877-833a-993ce600606a, command=[]} | ret=SUCCESS |  
2019-08-23 02:49:54,137 | INFO  | SCMAudit | user=jenkins1000 | ip=192.168.36.77 | op=SEND_HEARTBEAT {datanodeUUID=e824def4-fdb0-4d06-a3a6-273d371b8d7d, command=[]} | ret=SUCCESS |  
2019-08-23 02:49:54,143 | INFO  | SCMAudit | user=jenkins1000 | ip=192.168.36.77 | op=SEND_HEARTBEAT {datanodeUUID=004b6b6e-41ce-4475-9f2f-481aedf9c953, command=[]} | ret=SUCCESS |  
2019-08-23 02:49:54,363 | INFO  | SCMAudit | user=jenkins1000 | ip=192.168.36.77 | op=SEND_HEARTBEAT {datanodeUUID=50e43da2-e7e0-478c-b7e8-9638b0c061cc, command=[]} | ret=SUCCESS |  
2019-08-23 02:49:54,370 [grpc-default-executor-1] INFO  client.GrpcClientProtocolClient (GrpcClientProtocolClient.java:onNext(255)) - client-07B3B85E2BBE->6e366328-a21a-42d1-a497-c25b5c1bc291: receive RaftClientReply:client-07B3B85E2BBE->6e366328-a21a-42d1-a497-c25b5c1bc291@group-F61A263991FE, cid=80, FAILED org.apache.ratis.protocol.NotLeaderException: Server 6e366328-a21a-42d1-a497-c25b5c1bc291 is not the leader (null). Request must be sent to leader., logIndex=0, commits[6e366328-a21a-42d1-a497-c25b5c1bc291:c-1]
2019-08-23 02:49:54,524 | INFO  | SCMAudit | user=jenkins1000 | ip=192.168.36.77 | op=SEND_HEARTBEAT {datanodeUUID=674baee6-143c-441e-9e30-0d895b06f838, command=[]} | ret=SUCCESS |  
2019-08-23 02:49:54,741 | INFO  | SCMAudit | user=jenkins1000 | ip=192.168.36.77 | op=SEND_HEARTBEAT {datanodeUUID=6e366328-a21a-42d1-a497-c25b5c1bc291, command=[]} | ret=SUCCESS |  
2019-08-23 02:49:54,950 | INFO  | SCMAudit | user=jenkins1000 | ip=192.168.36.77 | op=SEND_HEARTBEAT {datanodeUUID=5c5e51ce-aa4b-45fa-b548-3aebeb03959c, command=[]} | ret=SUCCESS |  
2019-08-23 02:49:54,950 | INFO  | SCMAudit | user=jenkins1000 | ip=192.168.36.77 | op=SEND_HEARTBEAT {datanodeUUID=15fd999f-62be-4877-833a-993ce600606a, command=[]} | ret=SUCCESS |  
2019-08-23 02:49:55,138 | INFO  | SCMAudit | user=jenkins1000 | ip=192.168.36.77 | op=SEND_HEARTBEAT {datanodeUUID=e824def4-fdb0-4d06-a3a6-273d371b8d7d, command=[]} | ret=SUCCESS |  
2019-08-23 02:49:55,143 | INFO  | SCMAudit | user=jenkins1000 | ip=192.168.36.77 | op=SEND_HEARTBEAT {datanodeUUID=004b6b6e-41ce-4475-9f2f-481aedf9c953, command=[]} | ret=SUCCESS |  
2019-08-23 02:49:55,349 | INFO  | SCMAudit | user=jenkins1000 | ip=192.168.36.77 | op=SEND_HEARTBEAT {datanodeUUID=50e43da2-e7e0-478c-b7e8-9638b0c061cc, command=[]} | ret=SUCCESS |  
2019-08-23 02:49:55,384 [grpc-default-executor-3] INFO  client.GrpcClientProtocolClient (GrpcClientProtocolClient.java:onNext(255)) - client-07B3B85E2BBE->50e43da2-e7e0-478c-b7e8-9638b0c061cc: receive RaftClientReply:client-07B3B85E2BBE->50e43da2-e7e0-478c-b7e8-9638b0c061cc@group-F61A263991FE, cid=80, FAILED org.apache.ratis.protocol.NotLeaderException: Server 50e43da2-e7e0-478c-b7e8-9638b0c061cc is not the leader (null). Request must be sent to leader., logIndex=0, commits[50e43da2-e7e0-478c-b7e8-9638b0c061cc:c-1]
2019-08-23 02:49:55,524 | INFO  | SCMAudit | user=jenkins1000 | ip=192.168.36.77 | op=SEND_HEARTBEAT {datanodeUUID=674baee6-143c-441e-9e30-0d895b06f838, command=[]} | ret=SUCCESS |  
2019-08-23 02:49:55,741 | INFO  | SCMAudit | user=jenkins1000 | ip=192.168.36.77 | op=SEND_HEARTBEAT {datanodeUUID=6e366328-a21a-42d1-a497-c25b5c1bc291, command=[]} | ret=SUCCESS |  
2019-08-23 02:49:55,951 | INFO  | SCMAudit | user=jenkins1000 | ip=192.168.36.77 | op=SEND_HEARTBEAT {datanodeUUID=5c5e51ce-aa4b-45fa-b548-3aebeb03959c, command=[]} | ret=SUCCESS |  
2019-08-23 02:49:55,951 | INFO  | SCMAudit | user=jenkins1000 | ip=192.168.36.77 | op=SEND_HEARTBEAT {datanodeUUID=15fd999f-62be-4877-833a-993ce600606a, command=[]} | ret=SUCCESS |  
2019-08-23 02:49:56,137 | INFO  | SCMAudit | user=jenkins1000 | ip=192.168.36.77 | op=SEND_HEARTBEAT {datanodeUUID=e824def4-fdb0-4d06-a3a6-273d371b8d7d, command=[]} | ret=SUCCESS |  
2019-08-23 02:49:56,143 | INFO  | SCMAudit | user=jenkins1000 | ip=192.168.36.77 | op=SEND_HEARTBEAT {datanodeUUID=004b6b6e-41ce-4475-9f2f-481aedf9c953, command=[]} | ret=SUCCESS |  
2019-08-23 02:49:56,348 | INFO  | SCMAudit | user=jenkins1000 | ip=192.168.36.77 | op=SEND_HEARTBEAT {datanodeUUID=50e43da2-e7e0-478c-b7e8-9638b0c061cc, command=[]} | ret=SUCCESS |  
2019-08-23 02:49:56,399 [grpc-default-executor-1] INFO  client.GrpcClientProtocolClient (GrpcClientProtocolClient.java:onNext(255)) - client-07B3B85E2BBE->004b6b6e-41ce-4475-9f2f-481aedf9c953: receive RaftClientReply:client-07B3B85E2BBE->004b6b6e-41ce-4475-9f2f-481aedf9c953@group-F61A263991FE, cid=80, FAILED org.apache.ratis.protocol.NotLeaderException: Server 004b6b6e-41ce-4475-9f2f-481aedf9c953 is not the leader (null). Request must be sent to leader., logIndex=0, commits[004b6b6e-41ce-4475-9f2f-481aedf9c953:c-1]
2019-08-23 02:49:56,525 | INFO  | SCMAudit | user=jenkins1000 | ip=192.168.36.77 | op=SEND_HEARTBEAT {datanodeUUID=674baee6-143c-441e-9e30-0d895b06f838, command=[]} | ret=SUCCESS |  
2019-08-23 02:49:56,742 | INFO  | SCMAudit | user=jenkins1000 | ip=192.168.36.77 | op=SEND_HEARTBEAT {datanodeUUID=6e366328-a21a-42d1-a497-c25b5c1bc291, command=[]} | ret=SUCCESS |  
2019-08-23 02:49:56,951 | INFO  | SCMAudit | user=jenkins1000 | ip=192.168.36.77 | op=SEND_HEARTBEAT {datanodeUUID=15fd999f-62be-4877-833a-993ce600606a, command=[]} | ret=SUCCESS |  
2019-08-23 02:49:56,951 | INFO  | SCMAudit | user=jenkins1000 | ip=192.168.36.77 | op=SEND_HEARTBEAT {datanodeUUID=5c5e51ce-aa4b-45fa-b548-3aebeb03959c, command=[]} | ret=SUCCESS |  
2019-08-23 02:49:57,138 | INFO  | SCMAudit | user=jenkins1000 | ip=192.168.36.77 | op=SEND_HEARTBEAT {datanodeUUID=e824def4-fdb0-4d06-a3a6-273d371b8d7d, command=[]} | ret=SUCCESS |  
2019-08-23 02:49:57,143 | INFO  | SCMAudit | user=jenkins1000 | ip=192.168.36.77 | op=SEND_HEARTBEAT {datanodeUUID=004b6b6e-41ce-4475-9f2f-481aedf9c953, command=[]} | ret=SUCCESS |  
2019-08-23 02:49:57,349 | INFO  | SCMAudit | user=jenkins1000 | ip=192.168.36.77 | op=SEND_HEARTBEAT {datanodeUUID=50e43da2-e7e0-478c-b7e8-9638b0c061cc, command=[]} | ret=SUCCESS |  
2019-08-23 02:49:57,402 [Thread-2005] INFO  impl.FollowerState (FollowerState.java:run(106)) - 004b6b6e-41ce-4475-9f2f-481aedf9c953:group-F61A263991FE changes to CANDIDATE, lastRpcTime:5054, electionTimeout:5054ms
2019-08-23 02:49:57,402 [Thread-2005] INFO  impl.RoleInfo (RoleInfo.java:shutdownFollowerState(121)) - 004b6b6e-41ce-4475-9f2f-481aedf9c953: shutdown FollowerState
2019-08-23 02:49:57,402 [Thread-2005] INFO  impl.RaftServerImpl (RaftServerImpl.java:setRole(171)) - 004b6b6e-41ce-4475-9f2f-481aedf9c953:group-F61A263991FE changes role from FOLLOWER to CANDIDATE at term 1 for changeToCandidate
2019-08-23 02:49:57,402 [Thread-2005] INFO  impl.RoleInfo (RoleInfo.java:updateAndGet(143)) - 004b6b6e-41ce-4475-9f2f-481aedf9c953: start LeaderElection
2019-08-23 02:49:57,413 [grpc-default-executor-1] INFO  client.GrpcClientProtocolClient (GrpcClientProtocolClient.java:onNext(255)) - client-07B3B85E2BBE->50e43da2-e7e0-478c-b7e8-9638b0c061cc: receive RaftClientReply:client-07B3B85E2BBE->50e43da2-e7e0-478c-b7e8-9638b0c061cc@group-F61A263991FE, cid=80, FAILED org.apache.ratis.protocol.NotLeaderException: Server 50e43da2-e7e0-478c-b7e8-9638b0c061cc is not the leader (null). Request must be sent to leader., logIndex=0, commits[50e43da2-e7e0-478c-b7e8-9638b0c061cc:c-1]
2019-08-23 02:49:57,420 [Thread-2006] INFO  impl.FollowerState (FollowerState.java:run(106)) - 6e366328-a21a-42d1-a497-c25b5c1bc291:group-F61A263991FE changes to CANDIDATE, lastRpcTime:5072, electionTimeout:5072ms
2019-08-23 02:49:57,420 [Thread-2006] INFO  impl.RoleInfo (RoleInfo.java:shutdownFollowerState(121)) - 6e366328-a21a-42d1-a497-c25b5c1bc291: shutdown FollowerState
2019-08-23 02:49:57,420 [Thread-2006] INFO  impl.RaftServerImpl (RaftServerImpl.java:setRole(171)) - 6e366328-a21a-42d1-a497-c25b5c1bc291:group-F61A263991FE changes role from FOLLOWER to CANDIDATE at term 1 for changeToCandidate
2019-08-23 02:49:57,420 [Thread-2006] INFO  impl.RoleInfo (RoleInfo.java:updateAndGet(143)) - 6e366328-a21a-42d1-a497-c25b5c1bc291: start LeaderElection
2019-08-23 02:49:57,525 | INFO  | SCMAudit | user=jenkins1000 | ip=192.168.36.77 | op=SEND_HEARTBEAT {datanodeUUID=674baee6-143c-441e-9e30-0d895b06f838, command=[]} | ret=SUCCESS |  
2019-08-23 02:49:57,544 [Thread-2007] INFO  impl.FollowerState (FollowerState.java:run(106)) - 50e43da2-e7e0-478c-b7e8-9638b0c061cc:group-F61A263991FE changes to CANDIDATE, lastRpcTime:5196, electionTimeout:5196ms
2019-08-23 02:49:57,544 [Thread-2007] INFO  impl.RoleInfo (RoleInfo.java:shutdownFollowerState(121)) - 50e43da2-e7e0-478c-b7e8-9638b0c061cc: shutdown FollowerState
2019-08-23 02:49:57,544 [Thread-2007] INFO  impl.RaftServerImpl (RaftServerImpl.java:setRole(171)) - 50e43da2-e7e0-478c-b7e8-9638b0c061cc:group-F61A263991FE changes role from FOLLOWER to CANDIDATE at term 1 for changeToCandidate
2019-08-23 02:49:57,545 [Thread-2007] INFO  impl.RoleInfo (RoleInfo.java:updateAndGet(143)) - 50e43da2-e7e0-478c-b7e8-9638b0c061cc: start LeaderElection
2019-08-23 02:49:57,595 [Thread-2015] INFO  impl.FollowerState (FollowerState.java:run(106)) - 674baee6-143c-441e-9e30-0d895b06f838:group-A52EBC6CCB0C changes to CANDIDATE, lastRpcTime:5039, electionTimeout:5039ms
2019-08-23 02:49:57,595 [Thread-2015] INFO  impl.RoleInfo (RoleInfo.java:shutdownFollowerState(121)) - 674baee6-143c-441e-9e30-0d895b06f838: shutdown FollowerState
2019-08-23 02:49:57,595 [Thread-2015] INFO  impl.RaftServerImpl (RaftServerImpl.java:setRole(171)) - 674baee6-143c-441e-9e30-0d895b06f838:group-A52EBC6CCB0C changes role from FOLLOWER to CANDIDATE at term 1 for changeToCandidate
2019-08-23 02:49:57,595 [Thread-2015] INFO  impl.RoleInfo (RoleInfo.java:updateAndGet(143)) - 674baee6-143c-441e-9e30-0d895b06f838: start LeaderElection
2019-08-23 02:49:57,621 [Thread-2016] INFO  impl.FollowerState (FollowerState.java:run(106)) - 15fd999f-62be-4877-833a-993ce600606a:group-A52EBC6CCB0C changes to CANDIDATE, lastRpcTime:5065, electionTimeout:5065ms
2019-08-23 02:49:57,621 [Thread-2016] INFO  impl.RoleInfo (RoleInfo.java:shutdownFollowerState(121)) - 15fd999f-62be-4877-833a-993ce600606a: shutdown FollowerState
2019-08-23 02:49:57,621 [Thread-2016] INFO  impl.RaftServerImpl (RaftServerImpl.java:setRole(171)) - 15fd999f-62be-4877-833a-993ce600606a:group-A52EBC6CCB0C changes role from FOLLOWER to CANDIDATE at term 1 for changeToCandidate
2019-08-23 02:49:57,621 [Thread-2016] INFO  impl.RoleInfo (RoleInfo.java:updateAndGet(143)) - 15fd999f-62be-4877-833a-993ce600606a: start LeaderElection
2019-08-23 02:49:57,714 [Thread-2017] INFO  impl.FollowerState (FollowerState.java:run(106)) - e824def4-fdb0-4d06-a3a6-273d371b8d7d:group-A52EBC6CCB0C changes to CANDIDATE, lastRpcTime:5154, electionTimeout:5154ms
2019-08-23 02:49:57,714 [Thread-2017] INFO  impl.RoleInfo (RoleInfo.java:shutdownFollowerState(121)) - e824def4-fdb0-4d06-a3a6-273d371b8d7d: shutdown FollowerState
2019-08-23 02:49:57,714 [Thread-2017] INFO  impl.RaftServerImpl (RaftServerImpl.java:setRole(171)) - e824def4-fdb0-4d06-a3a6-273d371b8d7d:group-A52EBC6CCB0C changes role from FOLLOWER to CANDIDATE at term 1 for changeToCandidate
2019-08-23 02:49:57,714 [Thread-2017] INFO  impl.RoleInfo (RoleInfo.java:updateAndGet(143)) - e824def4-fdb0-4d06-a3a6-273d371b8d7d: start LeaderElection
2019-08-23 02:49:57,742 | INFO  | SCMAudit | user=jenkins1000 | ip=192.168.36.77 | op=SEND_HEARTBEAT {datanodeUUID=6e366328-a21a-42d1-a497-c25b5c1bc291, command=[]} | ret=SUCCESS |  
2019-08-23 02:49:57,950 | INFO  | SCMAudit | user=jenkins1000 | ip=192.168.36.77 | op=SEND_HEARTBEAT {datanodeUUID=5c5e51ce-aa4b-45fa-b548-3aebeb03959c, command=[]} | ret=SUCCESS |  
2019-08-23 02:49:57,950 | INFO  | SCMAudit | user=jenkins1000 | ip=192.168.36.77 | op=SEND_HEARTBEAT {datanodeUUID=15fd999f-62be-4877-833a-993ce600606a, command=[]} | ret=SUCCESS |  
2019-08-23 02:49:58,071 [6e366328-a21a-42d1-a497-c25b5c1bc291:group-F61A263991FE:LeaderElection75] INFO  impl.LeaderElection (LeaderElection.java:askForVotes(181)) - 6e366328-a21a-42d1-a497-c25b5c1bc291:group-F61A263991FE:LeaderElection75: begin an election at term 2 for -1: [004b6b6e-41ce-4475-9f2f-481aedf9c953:192.168.36.77:45065, 50e43da2-e7e0-478c-b7e8-9638b0c061cc:192.168.36.77:45690, 6e366328-a21a-42d1-a497-c25b5c1bc291:192.168.36.77:39747], old=null
2019-08-23 02:49:58,071 [50e43da2-e7e0-478c-b7e8-9638b0c061cc:group-F61A263991FE:LeaderElection76] INFO  impl.LeaderElection (LeaderElection.java:askForVotes(181)) - 50e43da2-e7e0-478c-b7e8-9638b0c061cc:group-F61A263991FE:LeaderElection76: begin an election at term 2 for -1: [004b6b6e-41ce-4475-9f2f-481aedf9c953:192.168.36.77:45065, 50e43da2-e7e0-478c-b7e8-9638b0c061cc:192.168.36.77:45690, 6e366328-a21a-42d1-a497-c25b5c1bc291:192.168.36.77:39747], old=null
2019-08-23 02:49:58,071 [004b6b6e-41ce-4475-9f2f-481aedf9c953:group-F61A263991FE:LeaderElection74] INFO  impl.LeaderElection (LeaderElection.java:askForVotes(181)) - 004b6b6e-41ce-4475-9f2f-481aedf9c953:group-F61A263991FE:LeaderElection74: begin an election at term 2 for -1: [004b6b6e-41ce-4475-9f2f-481aedf9c953:192.168.36.77:45065, 50e43da2-e7e0-478c-b7e8-9638b0c061cc:192.168.36.77:45690, 6e366328-a21a-42d1-a497-c25b5c1bc291:192.168.36.77:39747], old=null
2019-08-23 02:49:58,072 [15fd999f-62be-4877-833a-993ce600606a:group-A52EBC6CCB0C:LeaderElection78] INFO  impl.LeaderElection (LeaderElection.java:askForVotes(181)) - 15fd999f-62be-4877-833a-993ce600606a:group-A52EBC6CCB0C:LeaderElection78: begin an election at term 2 for -1: [15fd999f-62be-4877-833a-993ce600606a:192.168.36.77:35226, 674baee6-143c-441e-9e30-0d895b06f838:192.168.36.77:39798, e824def4-fdb0-4d06-a3a6-273d371b8d7d:192.168.36.77:38058], old=null
2019-08-23 02:49:58,072 [e824def4-fdb0-4d06-a3a6-273d371b8d7d:group-A52EBC6CCB0C:LeaderElection79] INFO  impl.LeaderElection (LeaderElection.java:askForVotes(181)) - e824def4-fdb0-4d06-a3a6-273d371b8d7d:group-A52EBC6CCB0C:LeaderElection79: begin an election at term 2 for -1: [15fd999f-62be-4877-833a-993ce600606a:192.168.36.77:35226, 674baee6-143c-441e-9e30-0d895b06f838:192.168.36.77:39798, e824def4-fdb0-4d06-a3a6-273d371b8d7d:192.168.36.77:38058], old=null
2019-08-23 02:49:58,072 [674baee6-143c-441e-9e30-0d895b06f838:group-A52EBC6CCB0C:LeaderElection77] INFO  impl.LeaderElection (LeaderElection.java:askForVotes(181)) - 674baee6-143c-441e-9e30-0d895b06f838:group-A52EBC6CCB0C:LeaderElection77: begin an election at term 2 for -1: [15fd999f-62be-4877-833a-993ce600606a:192.168.36.77:35226, 674baee6-143c-441e-9e30-0d895b06f838:192.168.36.77:39798, e824def4-fdb0-4d06-a3a6-273d371b8d7d:192.168.36.77:38058], old=null
2019-08-23 02:49:58,077 [50e43da2-e7e0-478c-b7e8-9638b0c061cc:group-F61A263991FE:LeaderElection76] INFO  impl.LeaderElection (LeaderElection.java:logAndReturn(56)) - 50e43da2-e7e0-478c-b7e8-9638b0c061cc:group-F61A263991FE:LeaderElection76: Election REJECTED; received 2 response(s) [50e43da2-e7e0-478c-b7e8-9638b0c061cc<-004b6b6e-41ce-4475-9f2f-481aedf9c953#0:FAIL-t2, 50e43da2-e7e0-478c-b7e8-9638b0c061cc<-6e366328-a21a-42d1-a497-c25b5c1bc291#0:FAIL-t2] and 0 exception(s); 50e43da2-e7e0-478c-b7e8-9638b0c061cc:t2, leader=null, voted=50e43da2-e7e0-478c-b7e8-9638b0c061cc, raftlog=50e43da2-e7e0-478c-b7e8-9638b0c061cc-SegmentedRaftLog:OPENED:c-1,f-1,i0, conf=-1: [004b6b6e-41ce-4475-9f2f-481aedf9c953:192.168.36.77:45065, 50e43da2-e7e0-478c-b7e8-9638b0c061cc:192.168.36.77:45690, 6e366328-a21a-42d1-a497-c25b5c1bc291:192.168.36.77:39747], old=null
2019-08-23 02:49:58,077 [50e43da2-e7e0-478c-b7e8-9638b0c061cc:group-F61A263991FE:LeaderElection76] INFO  impl.RaftServerImpl (RaftServerImpl.java:setRole(171)) - 50e43da2-e7e0-478c-b7e8-9638b0c061cc:group-F61A263991FE changes role from CANDIDATE to FOLLOWER at term 2 for DISCOVERED_A_NEW_TERM
2019-08-23 02:49:58,077 [50e43da2-e7e0-478c-b7e8-9638b0c061cc:group-F61A263991FE:LeaderElection76] INFO  impl.RoleInfo (RoleInfo.java:shutdownLeaderElection(134)) - 50e43da2-e7e0-478c-b7e8-9638b0c061cc: shutdown LeaderElection
2019-08-23 02:49:58,077 [50e43da2-e7e0-478c-b7e8-9638b0c061cc:group-F61A263991FE:LeaderElection76] INFO  impl.RoleInfo (RoleInfo.java:updateAndGet(143)) - 50e43da2-e7e0-478c-b7e8-9638b0c061cc: start FollowerState
2019-08-23 02:49:58,078 [6e366328-a21a-42d1-a497-c25b5c1bc291:group-F61A263991FE:LeaderElection75] INFO  impl.LeaderElection (LeaderElection.java:logAndReturn(56)) - 6e366328-a21a-42d1-a497-c25b5c1bc291:group-F61A263991FE:LeaderElection75: Election REJECTED; received 2 response(s) [6e366328-a21a-42d1-a497-c25b5c1bc291<-004b6b6e-41ce-4475-9f2f-481aedf9c953#0:FAIL-t2, 6e366328-a21a-42d1-a497-c25b5c1bc291<-50e43da2-e7e0-478c-b7e8-9638b0c061cc#0:FAIL-t2] and 0 exception(s); 6e366328-a21a-42d1-a497-c25b5c1bc291:t2, leader=null, voted=6e366328-a21a-42d1-a497-c25b5c1bc291, raftlog=6e366328-a21a-42d1-a497-c25b5c1bc291-SegmentedRaftLog:OPENED:c-1,f-1,i0, conf=-1: [004b6b6e-41ce-4475-9f2f-481aedf9c953:192.168.36.77:45065, 50e43da2-e7e0-478c-b7e8-9638b0c061cc:192.168.36.77:45690, 6e366328-a21a-42d1-a497-c25b5c1bc291:192.168.36.77:39747], old=null
2019-08-23 02:49:58,078 [6e366328-a21a-42d1-a497-c25b5c1bc291:group-F61A263991FE:LeaderElection75] INFO  impl.RaftServerImpl (RaftServerImpl.java:setRole(171)) - 6e366328-a21a-42d1-a497-c25b5c1bc291:group-F61A263991FE changes role from CANDIDATE to FOLLOWER at term 2 for DISCOVERED_A_NEW_TERM
2019-08-23 02:49:58,078 [6e366328-a21a-42d1-a497-c25b5c1bc291:group-F61A263991FE:LeaderElection75] INFO  impl.RoleInfo (RoleInfo.java:shutdownLeaderElection(134)) - 6e366328-a21a-42d1-a497-c25b5c1bc291: shutdown LeaderElection
2019-08-23 02:49:58,078 [15fd999f-62be-4877-833a-993ce600606a:group-A52EBC6CCB0C:LeaderElection78] INFO  impl.LeaderElection (LeaderElection.java:logAndReturn(56)) - 15fd999f-62be-4877-833a-993ce600606a:group-A52EBC6CCB0C:LeaderElection78: Election REJECTED; received 2 response(s) [15fd999f-62be-4877-833a-993ce600606a<-674baee6-143c-441e-9e30-0d895b06f838#0:FAIL-t2, 15fd999f-62be-4877-833a-993ce600606a<-e824def4-fdb0-4d06-a3a6-273d371b8d7d#0:FAIL-t2] and 0 exception(s); 15fd999f-62be-4877-833a-993ce600606a:t2, leader=null, voted=15fd999f-62be-4877-833a-993ce600606a, raftlog=15fd999f-62be-4877-833a-993ce600606a-SegmentedRaftLog:OPENED:c-1,f-1,i0, conf=-1: [15fd999f-62be-4877-833a-993ce600606a:192.168.36.77:35226, 674baee6-143c-441e-9e30-0d895b06f838:192.168.36.77:39798, e824def4-fdb0-4d06-a3a6-273d371b8d7d:192.168.36.77:38058], old=null
2019-08-23 02:49:58,078 [6e366328-a21a-42d1-a497-c25b5c1bc291:group-F61A263991FE:LeaderElection75] INFO  impl.RoleInfo (RoleInfo.java:updateAndGet(143)) - 6e366328-a21a-42d1-a497-c25b5c1bc291: start FollowerState
2019-08-23 02:49:58,078 [e824def4-fdb0-4d06-a3a6-273d371b8d7d:group-A52EBC6CCB0C:LeaderElection79] INFO  impl.LeaderElection (LeaderElection.java:logAndReturn(56)) - e824def4-fdb0-4d06-a3a6-273d371b8d7d:group-A52EBC6CCB0C:LeaderElection79: Election REJECTED; received 2 response(s) [e824def4-fdb0-4d06-a3a6-273d371b8d7d<-15fd999f-62be-4877-833a-993ce600606a#0:FAIL-t2, e824def4-fdb0-4d06-a3a6-273d371b8d7d<-674baee6-143c-441e-9e30-0d895b06f838#0:FAIL-t2] and 0 exception(s); e824def4-fdb0-4d06-a3a6-273d371b8d7d:t2, leader=null, voted=e824def4-fdb0-4d06-a3a6-273d371b8d7d, raftlog=e824def4-fdb0-4d06-a3a6-273d371b8d7d-SegmentedRaftLog:OPENED:c-1,f-1,i0, conf=-1: [15fd999f-62be-4877-833a-993ce600606a:192.168.36.77:35226, 674baee6-143c-441e-9e30-0d895b06f838:192.168.36.77:39798, e824def4-fdb0-4d06-a3a6-273d371b8d7d:192.168.36.77:38058], old=null
2019-08-23 02:49:58,078 [15fd999f-62be-4877-833a-993ce600606a:group-A52EBC6CCB0C:LeaderElection78] INFO  impl.RaftServerImpl (RaftServerImpl.java:setRole(171)) - 15fd999f-62be-4877-833a-993ce600606a:group-A52EBC6CCB0C changes role from CANDIDATE to FOLLOWER at term 2 for DISCOVERED_A_NEW_TERM
2019-08-23 02:49:58,079 [e824def4-fdb0-4d06-a3a6-273d371b8d7d:group-A52EBC6CCB0C:LeaderElection79] INFO  impl.RaftServerImpl (RaftServerImpl.java:setRole(171)) - e824def4-fdb0-4d06-a3a6-273d371b8d7d:group-A52EBC6CCB0C changes role from CANDIDATE to FOLLOWER at term 2 for DISCOVERED_A_NEW_TERM
2019-08-23 02:49:58,079 [004b6b6e-41ce-4475-9f2f-481aedf9c953:group-F61A263991FE:LeaderElection74] INFO  impl.LeaderElection (LeaderElection.java:logAndReturn(56)) - 004b6b6e-41ce-4475-9f2f-481aedf9c953:group-F61A263991FE:LeaderElection74: Election REJECTED; received 2 response(s) [004b6b6e-41ce-4475-9f2f-481aedf9c953<-50e43da2-e7e0-478c-b7e8-9638b0c061cc#0:FAIL-t2, 004b6b6e-41ce-4475-9f2f-481aedf9c953<-6e366328-a21a-42d1-a497-c25b5c1bc291#0:FAIL-t2] and 0 exception(s); 004b6b6e-41ce-4475-9f2f-481aedf9c953:t2, leader=null, voted=004b6b6e-41ce-4475-9f2f-481aedf9c953, raftlog=004b6b6e-41ce-4475-9f2f-481aedf9c953-SegmentedRaftLog:OPENED:c-1,f-1,i0, conf=-1: [004b6b6e-41ce-4475-9f2f-481aedf9c953:192.168.36.77:45065, 50e43da2-e7e0-478c-b7e8-9638b0c061cc:192.168.36.77:45690, 6e366328-a21a-42d1-a497-c25b5c1bc291:192.168.36.77:39747], old=null
2019-08-23 02:49:58,079 [15fd999f-62be-4877-833a-993ce600606a:group-A52EBC6CCB0C:LeaderElection78] INFO  impl.RoleInfo (RoleInfo.java:shutdownLeaderElection(134)) - 15fd999f-62be-4877-833a-993ce600606a: shutdown LeaderElection
2019-08-23 02:49:58,079 [004b6b6e-41ce-4475-9f2f-481aedf9c953:group-F61A263991FE:LeaderElection74] INFO  impl.RaftServerImpl (RaftServerImpl.java:setRole(171)) - 004b6b6e-41ce-4475-9f2f-481aedf9c953:group-F61A263991FE changes role from CANDIDATE to FOLLOWER at term 2 for DISCOVERED_A_NEW_TERM
2019-08-23 02:49:58,079 [e824def4-fdb0-4d06-a3a6-273d371b8d7d:group-A52EBC6CCB0C:LeaderElection79] INFO  impl.RoleInfo (RoleInfo.java:shutdownLeaderElection(134)) - e824def4-fdb0-4d06-a3a6-273d371b8d7d: shutdown LeaderElection
2019-08-23 02:49:58,079 [004b6b6e-41ce-4475-9f2f-481aedf9c953:group-F61A263991FE:LeaderElection74] INFO  impl.RoleInfo (RoleInfo.java:shutdownLeaderElection(134)) - 004b6b6e-41ce-4475-9f2f-481aedf9c953: shutdown LeaderElection
2019-08-23 02:49:58,079 [674baee6-143c-441e-9e30-0d895b06f838:group-A52EBC6CCB0C:LeaderElection77] INFO  impl.LeaderElection (LeaderElection.java:logAndReturn(56)) - 674baee6-143c-441e-9e30-0d895b06f838:group-A52EBC6CCB0C:LeaderElection77: Election REJECTED; received 2 response(s) [674baee6-143c-441e-9e30-0d895b06f838<-15fd999f-62be-4877-833a-993ce600606a#0:FAIL-t2, 674baee6-143c-441e-9e30-0d895b06f838<-e824def4-fdb0-4d06-a3a6-273d371b8d7d#0:FAIL-t2] and 0 exception(s); 674baee6-143c-441e-9e30-0d895b06f838:t2, leader=null, voted=674baee6-143c-441e-9e30-0d895b06f838, raftlog=674baee6-143c-441e-9e30-0d895b06f838-SegmentedRaftLog:OPENED:c-1,f-1,i0, conf=-1: [15fd999f-62be-4877-833a-993ce600606a:192.168.36.77:35226, 674baee6-143c-441e-9e30-0d895b06f838:192.168.36.77:39798, e824def4-fdb0-4d06-a3a6-273d371b8d7d:192.168.36.77:38058], old=null
2019-08-23 02:49:58,079 [15fd999f-62be-4877-833a-993ce600606a:group-A52EBC6CCB0C:LeaderElection78] INFO  impl.RoleInfo (RoleInfo.java:updateAndGet(143)) - 15fd999f-62be-4877-833a-993ce600606a: start FollowerState
2019-08-23 02:49:58,079 [674baee6-143c-441e-9e30-0d895b06f838:group-A52EBC6CCB0C:LeaderElection77] INFO  impl.RaftServerImpl (RaftServerImpl.java:setRole(171)) - 674baee6-143c-441e-9e30-0d895b06f838:group-A52EBC6CCB0C changes role from CANDIDATE to FOLLOWER at term 2 for DISCOVERED_A_NEW_TERM
2019-08-23 02:49:58,079 [004b6b6e-41ce-4475-9f2f-481aedf9c953:group-F61A263991FE:LeaderElection74] INFO  impl.RoleInfo (RoleInfo.java:updateAndGet(143)) - 004b6b6e-41ce-4475-9f2f-481aedf9c953: start FollowerState
2019-08-23 02:49:58,079 [e824def4-fdb0-4d06-a3a6-273d371b8d7d:group-A52EBC6CCB0C:LeaderElection79] INFO  impl.RoleInfo (RoleInfo.java:updateAndGet(143)) - e824def4-fdb0-4d06-a3a6-273d371b8d7d: start FollowerState
2019-08-23 02:49:58,080 [674baee6-143c-441e-9e30-0d895b06f838:group-A52EBC6CCB0C:LeaderElection77] INFO  impl.RoleInfo (RoleInfo.java:shutdownLeaderElection(134)) - 674baee6-143c-441e-9e30-0d895b06f838: shutdown LeaderElection
2019-08-23 02:49:58,080 [674baee6-143c-441e-9e30-0d895b06f838:group-A52EBC6CCB0C:LeaderElection77] INFO  impl.RoleInfo (RoleInfo.java:updateAndGet(143)) - 674baee6-143c-441e-9e30-0d895b06f838: start FollowerState
2019-08-23 02:49:58,138 | INFO  | SCMAudit | user=jenkins1000 | ip=192.168.36.77 | op=SEND_HEARTBEAT {datanodeUUID=e824def4-fdb0-4d06-a3a6-273d371b8d7d, command=[]} | ret=SUCCESS |  
2019-08-23 02:49:58,142 | INFO  | SCMAudit | user=jenkins1000 | ip=192.168.36.77 | op=SEND_HEARTBEAT {datanodeUUID=004b6b6e-41ce-4475-9f2f-481aedf9c953, command=[]} | ret=SUCCESS |  
2019-08-23 02:49:58,349 | INFO  | SCMAudit | user=jenkins1000 | ip=192.168.36.77 | op=SEND_HEARTBEAT {datanodeUUID=50e43da2-e7e0-478c-b7e8-9638b0c061cc, command=[]} | ret=SUCCESS |  
2019-08-23 02:49:58,427 [grpc-default-executor-3] INFO  client.GrpcClientProtocolClient (GrpcClientProtocolClient.java:onNext(255)) - client-07B3B85E2BBE->004b6b6e-41ce-4475-9f2f-481aedf9c953: receive RaftClientReply:client-07B3B85E2BBE->004b6b6e-41ce-4475-9f2f-481aedf9c953@group-F61A263991FE, cid=80, FAILED org.apache.ratis.protocol.NotLeaderException: Server 004b6b6e-41ce-4475-9f2f-481aedf9c953 is not the leader (null). Request must be sent to leader., logIndex=0, commits[004b6b6e-41ce-4475-9f2f-481aedf9c953:c-1]
2019-08-23 02:49:58,525 | INFO  | SCMAudit | user=jenkins1000 | ip=192.168.36.77 | op=SEND_HEARTBEAT {datanodeUUID=674baee6-143c-441e-9e30-0d895b06f838, command=[]} | ret=SUCCESS |  
2019-08-23 02:49:58,742 | INFO  | SCMAudit | user=jenkins1000 | ip=192.168.36.77 | op=SEND_HEARTBEAT {datanodeUUID=6e366328-a21a-42d1-a497-c25b5c1bc291, command=[]} | ret=SUCCESS |  
2019-08-23 02:49:58,950 | INFO  | SCMAudit | user=jenkins1000 | ip=192.168.36.77 | op=SEND_HEARTBEAT {datanodeUUID=5c5e51ce-aa4b-45fa-b548-3aebeb03959c, command=[]} | ret=SUCCESS |  
2019-08-23 02:49:58,950 | INFO  | SCMAudit | user=jenkins1000 | ip=192.168.36.77 | op=SEND_HEARTBEAT {datanodeUUID=15fd999f-62be-4877-833a-993ce600606a, command=[]} | ret=SUCCESS |  
2019-08-23 02:49:59,138 | INFO  | SCMAudit | user=jenkins1000 | ip=192.168.36.77 | op=SEND_HEARTBEAT {datanodeUUID=e824def4-fdb0-4d06-a3a6-273d371b8d7d, command=[]} | ret=SUCCESS |  
2019-08-23 02:49:59,142 | INFO  | SCMAudit | user=jenkins1000 | ip=192.168.36.77 | op=SEND_HEARTBEAT {datanodeUUID=004b6b6e-41ce-4475-9f2f-481aedf9c953, command=[]} | ret=SUCCESS |  
2019-08-23 02:49:59,349 | INFO  | SCMAudit | user=jenkins1000 | ip=192.168.36.77 | op=SEND_HEARTBEAT {datanodeUUID=50e43da2-e7e0-478c-b7e8-9638b0c061cc, command=[]} | ret=SUCCESS |  
2019-08-23 02:49:59,443 [grpc-default-executor-3] INFO  client.GrpcClientProtocolClient (GrpcClientProtocolClient.java:onNext(255)) - client-07B3B85E2BBE->50e43da2-e7e0-478c-b7e8-9638b0c061cc: receive RaftClientReply:client-07B3B85E2BBE->50e43da2-e7e0-478c-b7e8-9638b0c061cc@group-F61A263991FE, cid=80, FAILED org.apache.ratis.protocol.NotLeaderException: Server 50e43da2-e7e0-478c-b7e8-9638b0c061cc is not the leader (null). Request must be sent to leader., logIndex=0, commits[50e43da2-e7e0-478c-b7e8-9638b0c061cc:c-1]
2019-08-23 02:49:59,524 | INFO  | SCMAudit | user=jenkins1000 | ip=192.168.36.77 | op=SEND_HEARTBEAT {datanodeUUID=674baee6-143c-441e-9e30-0d895b06f838, command=[]} | ret=SUCCESS |  
2019-08-23 02:49:59,741 | INFO  | SCMAudit | user=jenkins1000 | ip=192.168.36.77 | op=SEND_HEARTBEAT {datanodeUUID=6e366328-a21a-42d1-a497-c25b5c1bc291, command=[]} | ret=SUCCESS |  
2019-08-23 02:49:59,951 | INFO  | SCMAudit | user=jenkins1000 | ip=192.168.36.77 | op=SEND_HEARTBEAT {datanodeUUID=5c5e51ce-aa4b-45fa-b548-3aebeb03959c, command=[]} | ret=SUCCESS |  
2019-08-23 02:49:59,951 | INFO  | SCMAudit | user=jenkins1000 | ip=192.168.36.77 | op=SEND_HEARTBEAT {datanodeUUID=15fd999f-62be-4877-833a-993ce600606a, command=[]} | ret=SUCCESS |  
2019-08-23 02:50:00,139 | INFO  | SCMAudit | user=jenkins1000 | ip=192.168.36.77 | op=SEND_HEARTBEAT {datanodeUUID=e824def4-fdb0-4d06-a3a6-273d371b8d7d, command=[]} | ret=SUCCESS |  
2019-08-23 02:50:00,142 | INFO  | SCMAudit | user=jenkins1000 | ip=192.168.36.77 | op=SEND_HEARTBEAT {datanodeUUID=004b6b6e-41ce-4475-9f2f-481aedf9c953, command=[]} | ret=SUCCESS |  
2019-08-23 02:50:00,349 | INFO  | SCMAudit | user=jenkins1000 | ip=192.168.36.77 | op=SEND_HEARTBEAT {datanodeUUID=50e43da2-e7e0-478c-b7e8-9638b0c061cc, command=[]} | ret=SUCCESS |  
2019-08-23 02:50:00,459 [grpc-default-executor-5] INFO  client.GrpcClientProtocolClient (GrpcClientProtocolClient.java:onNext(255)) - client-07B3B85E2BBE->6e366328-a21a-42d1-a497-c25b5c1bc291: receive RaftClientReply:client-07B3B85E2BBE->6e366328-a21a-42d1-a497-c25b5c1bc291@group-F61A263991FE, cid=80, FAILED org.apache.ratis.protocol.NotLeaderException: Server 6e366328-a21a-42d1-a497-c25b5c1bc291 is not the leader (null). Request must be sent to leader., logIndex=0, commits[6e366328-a21a-42d1-a497-c25b5c1bc291:c-1]
2019-08-23 02:50:00,525 | INFO  | SCMAudit | user=jenkins1000 | ip=192.168.36.77 | op=SEND_HEARTBEAT {datanodeUUID=674baee6-143c-441e-9e30-0d895b06f838, command=[]} | ret=SUCCESS |  
2019-08-23 02:50:00,742 | INFO  | SCMAudit | user=jenkins1000 | ip=192.168.36.77 | op=SEND_HEARTBEAT {datanodeUUID=6e366328-a21a-42d1-a497-c25b5c1bc291, command=[]} | ret=SUCCESS |  
2019-08-23 02:50:00,951 | INFO  | SCMAudit | user=jenkins1000 | ip=192.168.36.77 | op=SEND_HEARTBEAT {datanodeUUID=5c5e51ce-aa4b-45fa-b548-3aebeb03959c, command=[]} | ret=SUCCESS |  
2019-08-23 02:50:00,951 | INFO  | SCMAudit | user=jenkins1000 | ip=192.168.36.77 | op=SEND_HEARTBEAT {datanodeUUID=15fd999f-62be-4877-833a-993ce600606a, command=[]} | ret=SUCCESS |  
2019-08-23 02:50:01,139 | INFO  | SCMAudit | user=jenkins1000 | ip=192.168.36.77 | op=SEND_HEARTBEAT {datanodeUUID=e824def4-fdb0-4d06-a3a6-273d371b8d7d, command=[]} | ret=SUCCESS |  
2019-08-23 02:50:01,142 | INFO  | SCMAudit | user=jenkins1000 | ip=192.168.36.77 | op=SEND_HEARTBEAT {datanodeUUID=004b6b6e-41ce-4475-9f2f-481aedf9c953, command=[]} | ret=SUCCESS |  
2019-08-23 02:50:01,349 | INFO  | SCMAudit | user=jenkins1000 | ip=192.168.36.77 | op=SEND_HEARTBEAT {datanodeUUID=50e43da2-e7e0-478c-b7e8-9638b0c061cc, command=[]} | ret=SUCCESS |  
2019-08-23 02:50:01,473 [grpc-default-executor-3] INFO  client.GrpcClientProtocolClient (GrpcClientProtocolClient.java:onNext(255)) - client-07B3B85E2BBE->004b6b6e-41ce-4475-9f2f-481aedf9c953: receive RaftClientReply:client-07B3B85E2BBE->004b6b6e-41ce-4475-9f2f-481aedf9c953@group-F61A263991FE, cid=80, FAILED org.apache.ratis.protocol.NotLeaderException: Server 004b6b6e-41ce-4475-9f2f-481aedf9c953 is not the leader (null). Request must be sent to leader., logIndex=0, commits[004b6b6e-41ce-4475-9f2f-481aedf9c953:c-1]
2019-08-23 02:50:01,525 | INFO  | SCMAudit | user=jenkins1000 | ip=192.168.36.77 | op=SEND_HEARTBEAT {datanodeUUID=674baee6-143c-441e-9e30-0d895b06f838, command=[]} | ret=SUCCESS |  
2019-08-23 02:50:01,742 | INFO  | SCMAudit | user=jenkins1000 | ip=192.168.36.77 | op=SEND_HEARTBEAT {datanodeUUID=6e366328-a21a-42d1-a497-c25b5c1bc291, command=[]} | ret=SUCCESS |  
2019-08-23 02:50:01,951 | INFO  | SCMAudit | user=jenkins1000 | ip=192.168.36.77 | op=SEND_HEARTBEAT {datanodeUUID=15fd999f-62be-4877-833a-993ce600606a, command=[]} | ret=SUCCESS |  
2019-08-23 02:50:01,951 | INFO  | SCMAudit | user=jenkins1000 | ip=192.168.36.77 | op=SEND_HEARTBEAT {datanodeUUID=5c5e51ce-aa4b-45fa-b548-3aebeb03959c, command=[]} | ret=SUCCESS |  
2019-08-23 02:50:02,138 | INFO  | SCMAudit | user=jenkins1000 | ip=192.168.36.77 | op=SEND_HEARTBEAT {datanodeUUID=e824def4-fdb0-4d06-a3a6-273d371b8d7d, command=[]} | ret=SUCCESS |  
2019-08-23 02:50:02,142 | INFO  | SCMAudit | user=jenkins1000 | ip=192.168.36.77 | op=SEND_HEARTBEAT {datanodeUUID=004b6b6e-41ce-4475-9f2f-481aedf9c953, command=[]} | ret=SUCCESS |  
2019-08-23 02:50:02,349 | INFO  | SCMAudit | user=jenkins1000 | ip=192.168.36.77 | op=SEND_HEARTBEAT {datanodeUUID=50e43da2-e7e0-478c-b7e8-9638b0c061cc, command=[]} | ret=SUCCESS |  
2019-08-23 02:50:02,489 [grpc-default-executor-5] INFO  client.GrpcClientProtocolClient (GrpcClientProtocolClient.java:onNext(255)) - client-07B3B85E2BBE->6e366328-a21a-42d1-a497-c25b5c1bc291: receive RaftClientReply:client-07B3B85E2BBE->6e366328-a21a-42d1-a497-c25b5c1bc291@group-F61A263991FE, cid=80, FAILED org.apache.ratis.protocol.NotLeaderException: Server 6e366328-a21a-42d1-a497-c25b5c1bc291 is not the leader (null). Request must be sent to leader., logIndex=0, commits[6e366328-a21a-42d1-a497-c25b5c1bc291:c-1]
2019-08-23 02:50:02,524 | INFO  | SCMAudit | user=jenkins1000 | ip=192.168.36.77 | op=SEND_HEARTBEAT {datanodeUUID=674baee6-143c-441e-9e30-0d895b06f838, command=[]} | ret=SUCCESS |  
2019-08-23 02:50:02,741 | INFO  | SCMAudit | user=jenkins1000 | ip=192.168.36.77 | op=SEND_HEARTBEAT {datanodeUUID=6e366328-a21a-42d1-a497-c25b5c1bc291, command=[]} | ret=SUCCESS |  
2019-08-23 02:50:02,952 | INFO  | SCMAudit | user=jenkins1000 | ip=192.168.36.77 | op=SEND_HEARTBEAT {datanodeUUID=5c5e51ce-aa4b-45fa-b548-3aebeb03959c, command=[]} | ret=SUCCESS |  
2019-08-23 02:50:02,952 | INFO  | SCMAudit | user=jenkins1000 | ip=192.168.36.77 | op=SEND_HEARTBEAT {datanodeUUID=15fd999f-62be-4877-833a-993ce600606a, command=[]} | ret=SUCCESS |  
2019-08-23 02:50:03,139 | INFO  | SCMAudit | user=jenkins1000 | ip=192.168.36.77 | op=SEND_HEARTBEAT {datanodeUUID=e824def4-fdb0-4d06-a3a6-273d371b8d7d, command=[]} | ret=SUCCESS |  
2019-08-23 02:50:03,142 | INFO  | SCMAudit | user=jenkins1000 | ip=192.168.36.77 | op=SEND_HEARTBEAT {datanodeUUID=004b6b6e-41ce-4475-9f2f-481aedf9c953, command=[]} | ret=SUCCESS |  
2019-08-23 02:50:03,190 [Thread-2052] INFO  impl.FollowerState (FollowerState.java:run(106)) - 6e366328-a21a-42d1-a497-c25b5c1bc291:group-F61A263991FE changes to CANDIDATE, lastRpcTime:5111, electionTimeout:5111ms
2019-08-23 02:50:03,190 [Thread-2052] INFO  impl.RoleInfo (RoleInfo.java:shutdownFollowerState(121)) - 6e366328-a21a-42d1-a497-c25b5c1bc291: shutdown FollowerState
2019-08-23 02:50:03,190 [Thread-2052] INFO  impl.RaftServerImpl (RaftServerImpl.java:setRole(171)) - 6e366328-a21a-42d1-a497-c25b5c1bc291:group-F61A263991FE changes role from FOLLOWER to CANDIDATE at term 2 for changeToCandidate
2019-08-23 02:50:03,191 [Thread-2052] INFO  impl.RoleInfo (RoleInfo.java:updateAndGet(143)) - 6e366328-a21a-42d1-a497-c25b5c1bc291: start LeaderElection
2019-08-23 02:50:03,200 [Thread-2054] INFO  impl.FollowerState (FollowerState.java:run(106)) - e824def4-fdb0-4d06-a3a6-273d371b8d7d:group-A52EBC6CCB0C changes to CANDIDATE, lastRpcTime:5120, electionTimeout:5119ms
2019-08-23 02:50:03,200 [Thread-2054] INFO  impl.RoleInfo (RoleInfo.java:shutdownFollowerState(121)) - e824def4-fdb0-4d06-a3a6-273d371b8d7d: shutdown FollowerState
2019-08-23 02:50:03,200 [Thread-2054] INFO  impl.RaftServerImpl (RaftServerImpl.java:setRole(171)) - e824def4-fdb0-4d06-a3a6-273d371b8d7d:group-A52EBC6CCB0C changes role from FOLLOWER to CANDIDATE at term 2 for changeToCandidate
2019-08-23 02:50:03,200 [Thread-2054] INFO  impl.RoleInfo (RoleInfo.java:updateAndGet(143)) - e824def4-fdb0-4d06-a3a6-273d371b8d7d: start LeaderElection
2019-08-23 02:50:03,206 [Thread-2051] INFO  impl.FollowerState (FollowerState.java:run(106)) - 50e43da2-e7e0-478c-b7e8-9638b0c061cc:group-F61A263991FE changes to CANDIDATE, lastRpcTime:5128, electionTimeout:5128ms
2019-08-23 02:50:03,206 [Thread-2051] INFO  impl.RoleInfo (RoleInfo.java:shutdownFollowerState(121)) - 50e43da2-e7e0-478c-b7e8-9638b0c061cc: shutdown FollowerState
2019-08-23 02:50:03,207 [Thread-2051] INFO  impl.RaftServerImpl (RaftServerImpl.java:setRole(171)) - 50e43da2-e7e0-478c-b7e8-9638b0c061cc:group-F61A263991FE changes role from FOLLOWER to CANDIDATE at term 2 for changeToCandidate
2019-08-23 02:50:03,207 [Thread-2051] INFO  impl.RoleInfo (RoleInfo.java:updateAndGet(143)) - 50e43da2-e7e0-478c-b7e8-9638b0c061cc: start LeaderElection
2019-08-23 02:50:03,218 [Thread-2056] INFO  impl.FollowerState (FollowerState.java:run(106)) - 674baee6-143c-441e-9e30-0d895b06f838:group-A52EBC6CCB0C changes to CANDIDATE, lastRpcTime:5137, electionTimeout:5137ms
2019-08-23 02:50:03,218 [Thread-2056] INFO  impl.RoleInfo (RoleInfo.java:shutdownFollowerState(121)) - 674baee6-143c-441e-9e30-0d895b06f838: shutdown FollowerState
2019-08-23 02:50:03,218 [Thread-2056] INFO  impl.RaftServerImpl (RaftServerImpl.java:setRole(171)) - 674baee6-143c-441e-9e30-0d895b06f838:group-A52EBC6CCB0C changes role from FOLLOWER to CANDIDATE at term 2 for changeToCandidate
2019-08-23 02:50:03,218 [Thread-2056] INFO  impl.RoleInfo (RoleInfo.java:updateAndGet(143)) - 674baee6-143c-441e-9e30-0d895b06f838: start LeaderElection
2019-08-23 02:50:03,236 [Thread-2055] INFO  impl.FollowerState (FollowerState.java:run(106)) - 004b6b6e-41ce-4475-9f2f-481aedf9c953:group-F61A263991FE changes to CANDIDATE, lastRpcTime:5156, electionTimeout:5156ms
2019-08-23 02:50:03,236 [Thread-2055] INFO  impl.RoleInfo (RoleInfo.java:shutdownFollowerState(121)) - 004b6b6e-41ce-4475-9f2f-481aedf9c953: shutdown FollowerState
2019-08-23 02:50:03,236 [Thread-2055] INFO  impl.RaftServerImpl (RaftServerImpl.java:setRole(171)) - 004b6b6e-41ce-4475-9f2f-481aedf9c953:group-F61A263991FE changes role from FOLLOWER to CANDIDATE at term 2 for changeToCandidate
2019-08-23 02:50:03,237 [Thread-2055] INFO  impl.RoleInfo (RoleInfo.java:updateAndGet(143)) - 004b6b6e-41ce-4475-9f2f-481aedf9c953: start LeaderElection
2019-08-23 02:50:03,267 [Thread-2053] INFO  impl.FollowerState (FollowerState.java:run(106)) - 15fd999f-62be-4877-833a-993ce600606a:group-A52EBC6CCB0C changes to CANDIDATE, lastRpcTime:5188, electionTimeout:5187ms
2019-08-23 02:50:03,267 [Thread-2053] INFO  impl.RoleInfo (RoleInfo.java:shutdownFollowerState(121)) - 15fd999f-62be-4877-833a-993ce600606a: shutdown FollowerState
2019-08-23 02:50:03,267 [Thread-2053] INFO  impl.RaftServerImpl (RaftServerImpl.java:setRole(171)) - 15fd999f-62be-4877-833a-993ce600606a:group-A52EBC6CCB0C changes role from FOLLOWER to CANDIDATE at term 2 for changeToCandidate
2019-08-23 02:50:03,268 [Thread-2053] INFO  impl.RoleInfo (RoleInfo.java:updateAndGet(143)) - 15fd999f-62be-4877-833a-993ce600606a: start LeaderElection
2019-08-23 02:50:03,350 | INFO  | SCMAudit | user=jenkins1000 | ip=192.168.36.77 | op=SEND_HEARTBEAT {datanodeUUID=50e43da2-e7e0-478c-b7e8-9638b0c061cc, command=[]} | ret=SUCCESS |  
2019-08-23 02:50:03,429 [6e366328-a21a-42d1-a497-c25b5c1bc291:group-F61A263991FE:LeaderElection80] INFO  impl.LeaderElection (LeaderElection.java:askForVotes(181)) - 6e366328-a21a-42d1-a497-c25b5c1bc291:group-F61A263991FE:LeaderElection80: begin an election at term 3 for -1: [004b6b6e-41ce-4475-9f2f-481aedf9c953:192.168.36.77:45065, 50e43da2-e7e0-478c-b7e8-9638b0c061cc:192.168.36.77:45690, 6e366328-a21a-42d1-a497-c25b5c1bc291:192.168.36.77:39747], old=null
2019-08-23 02:50:03,430 [674baee6-143c-441e-9e30-0d895b06f838:group-A52EBC6CCB0C:LeaderElection83] INFO  impl.LeaderElection (LeaderElection.java:askForVotes(181)) - 674baee6-143c-441e-9e30-0d895b06f838:group-A52EBC6CCB0C:LeaderElection83: begin an election at term 3 for -1: [15fd999f-62be-4877-833a-993ce600606a:192.168.36.77:35226, 674baee6-143c-441e-9e30-0d895b06f838:192.168.36.77:39798, e824def4-fdb0-4d06-a3a6-273d371b8d7d:192.168.36.77:38058], old=null
2019-08-23 02:50:03,430 [15fd999f-62be-4877-833a-993ce600606a:group-A52EBC6CCB0C:LeaderElection85] INFO  impl.LeaderElection (LeaderElection.java:askForVotes(181)) - 15fd999f-62be-4877-833a-993ce600606a:group-A52EBC6CCB0C:LeaderElection85: begin an election at term 3 for -1: [15fd999f-62be-4877-833a-993ce600606a:192.168.36.77:35226, 674baee6-143c-441e-9e30-0d895b06f838:192.168.36.77:39798, e824def4-fdb0-4d06-a3a6-273d371b8d7d:192.168.36.77:38058], old=null
2019-08-23 02:50:03,429 [50e43da2-e7e0-478c-b7e8-9638b0c061cc:group-F61A263991FE:LeaderElection82] INFO  impl.LeaderElection (LeaderElection.java:askForVotes(181)) - 50e43da2-e7e0-478c-b7e8-9638b0c061cc:group-F61A263991FE:LeaderElection82: begin an election at term 3 for -1: [004b6b6e-41ce-4475-9f2f-481aedf9c953:192.168.36.77:45065, 50e43da2-e7e0-478c-b7e8-9638b0c061cc:192.168.36.77:45690, 6e366328-a21a-42d1-a497-c25b5c1bc291:192.168.36.77:39747], old=null
2019-08-23 02:50:03,430 [e824def4-fdb0-4d06-a3a6-273d371b8d7d:group-A52EBC6CCB0C:LeaderElection81] INFO  impl.LeaderElection (LeaderElection.java:askForVotes(181)) - e824def4-fdb0-4d06-a3a6-273d371b8d7d:group-A52EBC6CCB0C:LeaderElection81: begin an election at term 3 for -1: [15fd999f-62be-4877-833a-993ce600606a:192.168.36.77:35226, 674baee6-143c-441e-9e30-0d895b06f838:192.168.36.77:39798, e824def4-fdb0-4d06-a3a6-273d371b8d7d:192.168.36.77:38058], old=null
2019-08-23 02:50:03,429 [004b6b6e-41ce-4475-9f2f-481aedf9c953:group-F61A263991FE:LeaderElection84] INFO  impl.LeaderElection (LeaderElection.java:askForVotes(181)) - 004b6b6e-41ce-4475-9f2f-481aedf9c953:group-F61A263991FE:LeaderElection84: begin an election at term 3 for -1: [004b6b6e-41ce-4475-9f2f-481aedf9c953:192.168.36.77:45065, 50e43da2-e7e0-478c-b7e8-9638b0c061cc:192.168.36.77:45690, 6e366328-a21a-42d1-a497-c25b5c1bc291:192.168.36.77:39747], old=null
2019-08-23 02:50:03,437 [15fd999f-62be-4877-833a-993ce600606a:group-A52EBC6CCB0C:LeaderElection85] INFO  impl.LeaderElection (LeaderElection.java:logAndReturn(56)) - 15fd999f-62be-4877-833a-993ce600606a:group-A52EBC6CCB0C:LeaderElection85: Election REJECTED; received 2 response(s) [15fd999f-62be-4877-833a-993ce600606a<-674baee6-143c-441e-9e30-0d895b06f838#0:FAIL-t3, 15fd999f-62be-4877-833a-993ce600606a<-e824def4-fdb0-4d06-a3a6-273d371b8d7d#0:FAIL-t3] and 0 exception(s); 15fd999f-62be-4877-833a-993ce600606a:t3, leader=null, voted=15fd999f-62be-4877-833a-993ce600606a, raftlog=15fd999f-62be-4877-833a-993ce600606a-SegmentedRaftLog:OPENED:c-1,f-1,i0, conf=-1: [15fd999f-62be-4877-833a-993ce600606a:192.168.36.77:35226, 674baee6-143c-441e-9e30-0d895b06f838:192.168.36.77:39798, e824def4-fdb0-4d06-a3a6-273d371b8d7d:192.168.36.77:38058], old=null
2019-08-23 02:50:03,437 [15fd999f-62be-4877-833a-993ce600606a:group-A52EBC6CCB0C:LeaderElection85] INFO  impl.RaftServerImpl (RaftServerImpl.java:setRole(171)) - 15fd999f-62be-4877-833a-993ce600606a:group-A52EBC6CCB0C changes role from CANDIDATE to FOLLOWER at term 3 for DISCOVERED_A_NEW_TERM
2019-08-23 02:50:03,437 [15fd999f-62be-4877-833a-993ce600606a:group-A52EBC6CCB0C:LeaderElection85] INFO  impl.RoleInfo (RoleInfo.java:shutdownLeaderElection(134)) - 15fd999f-62be-4877-833a-993ce600606a: shutdown LeaderElection
2019-08-23 02:50:03,438 [15fd999f-62be-4877-833a-993ce600606a:group-A52EBC6CCB0C:LeaderElection85] INFO  impl.RoleInfo (RoleInfo.java:updateAndGet(143)) - 15fd999f-62be-4877-833a-993ce600606a: start FollowerState
2019-08-23 02:50:03,441 [50e43da2-e7e0-478c-b7e8-9638b0c061cc:group-F61A263991FE:LeaderElection82] INFO  impl.LeaderElection (LeaderElection.java:logAndReturn(56)) - 50e43da2-e7e0-478c-b7e8-9638b0c061cc:group-F61A263991FE:LeaderElection82: Election REJECTED; received 2 response(s) [50e43da2-e7e0-478c-b7e8-9638b0c061cc<-004b6b6e-41ce-4475-9f2f-481aedf9c953#0:FAIL-t3, 50e43da2-e7e0-478c-b7e8-9638b0c061cc<-6e366328-a21a-42d1-a497-c25b5c1bc291#0:FAIL-t3] and 0 exception(s); 50e43da2-e7e0-478c-b7e8-9638b0c061cc:t3, leader=null, voted=50e43da2-e7e0-478c-b7e8-9638b0c061cc, raftlog=50e43da2-e7e0-478c-b7e8-9638b0c061cc-SegmentedRaftLog:OPENED:c-1,f-1,i0, conf=-1: [004b6b6e-41ce-4475-9f2f-481aedf9c953:192.168.36.77:45065, 50e43da2-e7e0-478c-b7e8-9638b0c061cc:192.168.36.77:45690, 6e366328-a21a-42d1-a497-c25b5c1bc291:192.168.36.77:39747], old=null
2019-08-23 02:50:03,441 [e824def4-fdb0-4d06-a3a6-273d371b8d7d:group-A52EBC6CCB0C:LeaderElection81] INFO  impl.LeaderElection (LeaderElection.java:logAndReturn(56)) - e824def4-fdb0-4d06-a3a6-273d371b8d7d:group-A52EBC6CCB0C:LeaderElection81: Election REJECTED; received 2 response(s) [e824def4-fdb0-4d06-a3a6-273d371b8d7d<-15fd999f-62be-4877-833a-993ce600606a#0:FAIL-t3, e824def4-fdb0-4d06-a3a6-273d371b8d7d<-674baee6-143c-441e-9e30-0d895b06f838#0:FAIL-t3] and 0 exception(s); e824def4-fdb0-4d06-a3a6-273d371b8d7d:t3, leader=null, voted=e824def4-fdb0-4d06-a3a6-273d371b8d7d, raftlog=e824def4-fdb0-4d06-a3a6-273d371b8d7d-SegmentedRaftLog:OPENED:c-1,f-1,i0, conf=-1: [15fd999f-62be-4877-833a-993ce600606a:192.168.36.77:35226, 674baee6-143c-441e-9e30-0d895b06f838:192.168.36.77:39798, e824def4-fdb0-4d06-a3a6-273d371b8d7d:192.168.36.77:38058], old=null
2019-08-23 02:50:03,441 [50e43da2-e7e0-478c-b7e8-9638b0c061cc:group-F61A263991FE:LeaderElection82] INFO  impl.RaftServerImpl (RaftServerImpl.java:setRole(171)) - 50e43da2-e7e0-478c-b7e8-9638b0c061cc:group-F61A263991FE changes role from CANDIDATE to FOLLOWER at term 3 for DISCOVERED_A_NEW_TERM
2019-08-23 02:50:03,442 [e824def4-fdb0-4d06-a3a6-273d371b8d7d:group-A52EBC6CCB0C:LeaderElection81] INFO  impl.RaftServerImpl (RaftServerImpl.java:setRole(171)) - e824def4-fdb0-4d06-a3a6-273d371b8d7d:group-A52EBC6CCB0C changes role from CANDIDATE to FOLLOWER at term 3 for DISCOVERED_A_NEW_TERM
2019-08-23 02:50:03,442 [50e43da2-e7e0-478c-b7e8-9638b0c061cc:group-F61A263991FE:LeaderElection82] INFO  impl.RoleInfo (RoleInfo.java:shutdownLeaderElection(134)) - 50e43da2-e7e0-478c-b7e8-9638b0c061cc: shutdown LeaderElection
2019-08-23 02:50:03,442 [e824def4-fdb0-4d06-a3a6-273d371b8d7d:group-A52EBC6CCB0C:LeaderElection81] INFO  impl.RoleInfo (RoleInfo.java:shutdownLeaderElection(134)) - e824def4-fdb0-4d06-a3a6-273d371b8d7d: shutdown LeaderElection
2019-08-23 02:50:03,442 [50e43da2-e7e0-478c-b7e8-9638b0c061cc:group-F61A263991FE:LeaderElection82] INFO  impl.RoleInfo (RoleInfo.java:updateAndGet(143)) - 50e43da2-e7e0-478c-b7e8-9638b0c061cc: start FollowerState
2019-08-23 02:50:03,442 [e824def4-fdb0-4d06-a3a6-273d371b8d7d:group-A52EBC6CCB0C:LeaderElection81] INFO  impl.RoleInfo (RoleInfo.java:updateAndGet(143)) - e824def4-fdb0-4d06-a3a6-273d371b8d7d: start FollowerState
2019-08-23 02:50:03,443 [674baee6-143c-441e-9e30-0d895b06f838:group-A52EBC6CCB0C:LeaderElection83] INFO  impl.LeaderElection (LeaderElection.java:logAndReturn(56)) - 674baee6-143c-441e-9e30-0d895b06f838:group-A52EBC6CCB0C:LeaderElection83: Election REJECTED; received 2 response(s) [674baee6-143c-441e-9e30-0d895b06f838<-15fd999f-62be-4877-833a-993ce600606a#0:FAIL-t3, 674baee6-143c-441e-9e30-0d895b06f838<-e824def4-fdb0-4d06-a3a6-273d371b8d7d#0:FAIL-t3] and 0 exception(s); 674baee6-143c-441e-9e30-0d895b06f838:t3, leader=null, voted=674baee6-143c-441e-9e30-0d895b06f838, raftlog=674baee6-143c-441e-9e30-0d895b06f838-SegmentedRaftLog:OPENED:c-1,f-1,i0, conf=-1: [15fd999f-62be-4877-833a-993ce600606a:192.168.36.77:35226, 674baee6-143c-441e-9e30-0d895b06f838:192.168.36.77:39798, e824def4-fdb0-4d06-a3a6-273d371b8d7d:192.168.36.77:38058], old=null
2019-08-23 02:50:03,443 [674baee6-143c-441e-9e30-0d895b06f838:group-A52EBC6CCB0C:LeaderElection83] INFO  impl.RaftServerImpl (RaftServerImpl.java:setRole(171)) - 674baee6-143c-441e-9e30-0d895b06f838:group-A52EBC6CCB0C changes role from CANDIDATE to FOLLOWER at term 3 for DISCOVERED_A_NEW_TERM
2019-08-23 02:50:03,443 [674baee6-143c-441e-9e30-0d895b06f838:group-A52EBC6CCB0C:LeaderElection83] INFO  impl.RoleInfo (RoleInfo.java:shutdownLeaderElection(134)) - 674baee6-143c-441e-9e30-0d895b06f838: shutdown LeaderElection
2019-08-23 02:50:03,443 [004b6b6e-41ce-4475-9f2f-481aedf9c953:group-F61A263991FE:LeaderElection84] INFO  impl.LeaderElection (LeaderElection.java:logAndReturn(56)) - 004b6b6e-41ce-4475-9f2f-481aedf9c953:group-F61A263991FE:LeaderElection84: Election REJECTED; received 2 response(s) [004b6b6e-41ce-4475-9f2f-481aedf9c953<-50e43da2-e7e0-478c-b7e8-9638b0c061cc#0:FAIL-t3, 004b6b6e-41ce-4475-9f2f-481aedf9c953<-6e366328-a21a-42d1-a497-c25b5c1bc291#0:FAIL-t3] and 0 exception(s); 004b6b6e-41ce-4475-9f2f-481aedf9c953:t3, leader=null, voted=004b6b6e-41ce-4475-9f2f-481aedf9c953, raftlog=004b6b6e-41ce-4475-9f2f-481aedf9c953-SegmentedRaftLog:OPENED:c-1,f-1,i0, conf=-1: [004b6b6e-41ce-4475-9f2f-481aedf9c953:192.168.36.77:45065, 50e43da2-e7e0-478c-b7e8-9638b0c061cc:192.168.36.77:45690, 6e366328-a21a-42d1-a497-c25b5c1bc291:192.168.36.77:39747], old=null
2019-08-23 02:50:03,443 [674baee6-143c-441e-9e30-0d895b06f838:group-A52EBC6CCB0C:LeaderElection83] INFO  impl.RoleInfo (RoleInfo.java:updateAndGet(143)) - 674baee6-143c-441e-9e30-0d895b06f838: start FollowerState
2019-08-23 02:50:03,444 [004b6b6e-41ce-4475-9f2f-481aedf9c953:group-F61A263991FE:LeaderElection84] INFO  impl.RaftServerImpl (RaftServerImpl.java:setRole(171)) - 004b6b6e-41ce-4475-9f2f-481aedf9c953:group-F61A263991FE changes role from CANDIDATE to FOLLOWER at term 3 for DISCOVERED_A_NEW_TERM
2019-08-23 02:50:03,444 [004b6b6e-41ce-4475-9f2f-481aedf9c953:group-F61A263991FE:LeaderElection84] INFO  impl.RoleInfo (RoleInfo.java:shutdownLeaderElection(134)) - 004b6b6e-41ce-4475-9f2f-481aedf9c953: shutdown LeaderElection
2019-08-23 02:50:03,444 [6e366328-a21a-42d1-a497-c25b5c1bc291:group-F61A263991FE:LeaderElection80] INFO  impl.LeaderElection (LeaderElection.java:logAndReturn(56)) - 6e366328-a21a-42d1-a497-c25b5c1bc291:group-F61A263991FE:LeaderElection80: Election REJECTED; received 2 response(s) [6e366328-a21a-42d1-a497-c25b5c1bc291<-004b6b6e-41ce-4475-9f2f-481aedf9c953#0:FAIL-t3, 6e366328-a21a-42d1-a497-c25b5c1bc291<-50e43da2-e7e0-478c-b7e8-9638b0c061cc#0:FAIL-t3] and 0 exception(s); 6e366328-a21a-42d1-a497-c25b5c1bc291:t3, leader=null, voted=6e366328-a21a-42d1-a497-c25b5c1bc291, raftlog=6e366328-a21a-42d1-a497-c25b5c1bc291-SegmentedRaftLog:OPENED:c-1,f-1,i0, conf=-1: [004b6b6e-41ce-4475-9f2f-481aedf9c953:192.168.36.77:45065, 50e43da2-e7e0-478c-b7e8-9638b0c061cc:192.168.36.77:45690, 6e366328-a21a-42d1-a497-c25b5c1bc291:192.168.36.77:39747], old=null
2019-08-23 02:50:03,444 [004b6b6e-41ce-4475-9f2f-481aedf9c953:group-F61A263991FE:LeaderElection84] INFO  impl.RoleInfo (RoleInfo.java:updateAndGet(143)) - 004b6b6e-41ce-4475-9f2f-481aedf9c953: start FollowerState
2019-08-23 02:50:03,444 [6e366328-a21a-42d1-a497-c25b5c1bc291:group-F61A263991FE:LeaderElection80] INFO  impl.RaftServerImpl (RaftServerImpl.java:setRole(171)) - 6e366328-a21a-42d1-a497-c25b5c1bc291:group-F61A263991FE changes role from CANDIDATE to FOLLOWER at term 3 for DISCOVERED_A_NEW_TERM
2019-08-23 02:50:03,444 [6e366328-a21a-42d1-a497-c25b5c1bc291:group-F61A263991FE:LeaderElection80] INFO  impl.RoleInfo (RoleInfo.java:shutdownLeaderElection(134)) - 6e366328-a21a-42d1-a497-c25b5c1bc291: shutdown LeaderElection
2019-08-23 02:50:03,445 [6e366328-a21a-42d1-a497-c25b5c1bc291:group-F61A263991FE:LeaderElection80] INFO  impl.RoleInfo (RoleInfo.java:updateAndGet(143)) - 6e366328-a21a-42d1-a497-c25b5c1bc291: start FollowerState
2019-08-23 02:50:03,516 [grpc-default-executor-1] INFO  client.GrpcClientProtocolClient (GrpcClientProtocolClient.java:onNext(255)) - client-07B3B85E2BBE->004b6b6e-41ce-4475-9f2f-481aedf9c953: receive RaftClientReply:client-07B3B85E2BBE->004b6b6e-41ce-4475-9f2f-481aedf9c953@group-F61A263991FE, cid=80, FAILED org.apache.ratis.protocol.NotLeaderException: Server 004b6b6e-41ce-4475-9f2f-481aedf9c953 is not the leader (null). Request must be sent to leader., logIndex=0, commits[004b6b6e-41ce-4475-9f2f-481aedf9c953:c-1]
2019-08-23 02:50:03,530 | INFO  | SCMAudit | user=jenkins1000 | ip=192.168.36.77 | op=SEND_HEARTBEAT {datanodeUUID=674baee6-143c-441e-9e30-0d895b06f838, command=[]} | ret=SUCCESS |  
2019-08-23 02:50:03,742 | INFO  | SCMAudit | user=jenkins1000 | ip=192.168.36.77 | op=SEND_HEARTBEAT {datanodeUUID=6e366328-a21a-42d1-a497-c25b5c1bc291, command=[]} | ret=SUCCESS |  
2019-08-23 02:50:03,952 | INFO  | SCMAudit | user=jenkins1000 | ip=192.168.36.77 | op=SEND_HEARTBEAT {datanodeUUID=15fd999f-62be-4877-833a-993ce600606a, command=[]} | ret=SUCCESS |  
2019-08-23 02:50:03,952 | INFO  | SCMAudit | user=jenkins1000 | ip=192.168.36.77 | op=SEND_HEARTBEAT {datanodeUUID=5c5e51ce-aa4b-45fa-b548-3aebeb03959c, command=[]} | ret=SUCCESS |  
2019-08-23 02:50:04,139 | INFO  | SCMAudit | user=jenkins1000 | ip=192.168.36.77 | op=SEND_HEARTBEAT {datanodeUUID=e824def4-fdb0-4d06-a3a6-273d371b8d7d, command=[]} | ret=SUCCESS |  
2019-08-23 02:50:04,142 | INFO  | SCMAudit | user=jenkins1000 | ip=192.168.36.77 | op=SEND_HEARTBEAT {datanodeUUID=004b6b6e-41ce-4475-9f2f-481aedf9c953, command=[]} | ret=SUCCESS |  
2019-08-23 02:50:04,350 | INFO  | SCMAudit | user=jenkins1000 | ip=192.168.36.77 | op=SEND_HEARTBEAT {datanodeUUID=50e43da2-e7e0-478c-b7e8-9638b0c061cc, command=[]} | ret=SUCCESS |  
2019-08-23 02:50:04,528 | INFO  | SCMAudit | user=jenkins1000 | ip=192.168.36.77 | op=SEND_HEARTBEAT {datanodeUUID=674baee6-143c-441e-9e30-0d895b06f838, command=[]} | ret=SUCCESS |  
2019-08-23 02:50:04,537 [grpc-default-executor-1] INFO  client.GrpcClientProtocolClient (GrpcClientProtocolClient.java:onNext(255)) - client-07B3B85E2BBE->50e43da2-e7e0-478c-b7e8-9638b0c061cc: receive RaftClientReply:client-07B3B85E2BBE->50e43da2-e7e0-478c-b7e8-9638b0c061cc@group-F61A263991FE, cid=80, FAILED org.apache.ratis.protocol.NotLeaderException: Server 50e43da2-e7e0-478c-b7e8-9638b0c061cc is not the leader (null). Request must be sent to leader., logIndex=0, commits[50e43da2-e7e0-478c-b7e8-9638b0c061cc:c-1]
2019-08-23 02:50:04,742 | INFO  | SCMAudit | user=jenkins1000 | ip=192.168.36.77 | op=SEND_HEARTBEAT {datanodeUUID=6e366328-a21a-42d1-a497-c25b5c1bc291, command=[]} | ret=SUCCESS |  
2019-08-23 02:50:04,951 | INFO  | SCMAudit | user=jenkins1000 | ip=192.168.36.77 | op=SEND_HEARTBEAT {datanodeUUID=5c5e51ce-aa4b-45fa-b548-3aebeb03959c, command=[]} | ret=SUCCESS |  
2019-08-23 02:50:04,951 | INFO  | SCMAudit | user=jenkins1000 | ip=192.168.36.77 | op=SEND_HEARTBEAT {datanodeUUID=15fd999f-62be-4877-833a-993ce600606a, command=[]} | ret=SUCCESS |  
2019-08-23 02:50:05,140 | INFO  | SCMAudit | user=jenkins1000 | ip=192.168.36.77 | op=SEND_HEARTBEAT {datanodeUUID=e824def4-fdb0-4d06-a3a6-273d371b8d7d, command=[]} | ret=SUCCESS |  
2019-08-23 02:50:05,142 | INFO  | SCMAudit | user=jenkins1000 | ip=192.168.36.77 | op=SEND_HEARTBEAT {datanodeUUID=004b6b6e-41ce-4475-9f2f-481aedf9c953, command=[]} | ret=SUCCESS |  
2019-08-23 02:50:05,349 | INFO  | SCMAudit | user=jenkins1000 | ip=192.168.36.77 | op=SEND_HEARTBEAT {datanodeUUID=50e43da2-e7e0-478c-b7e8-9638b0c061cc, command=[]} | ret=SUCCESS |  
2019-08-23 02:50:05,528 | INFO  | SCMAudit | user=jenkins1000 | ip=192.168.36.77 | op=SEND_HEARTBEAT {datanodeUUID=674baee6-143c-441e-9e30-0d895b06f838, command=[]} | ret=SUCCESS |  
2019-08-23 02:50:05,551 [grpc-default-executor-4] INFO  client.GrpcClientProtocolClient (GrpcClientProtocolClient.java:onNext(255)) - client-07B3B85E2BBE->6e366328-a21a-42d1-a497-c25b5c1bc291: receive RaftClientReply:client-07B3B85E2BBE->6e366328-a21a-42d1-a497-c25b5c1bc291@group-F61A263991FE, cid=80, FAILED org.apache.ratis.protocol.NotLeaderException: Server 6e366328-a21a-42d1-a497-c25b5c1bc291 is not the leader (null). Request must be sent to leader., logIndex=0, commits[6e366328-a21a-42d1-a497-c25b5c1bc291:c-1]
2019-08-23 02:50:05,742 | INFO  | SCMAudit | user=jenkins1000 | ip=192.168.36.77 | op=SEND_HEARTBEAT {datanodeUUID=6e366328-a21a-42d1-a497-c25b5c1bc291, command=[]} | ret=SUCCESS |  
2019-08-23 02:50:05,952 | INFO  | SCMAudit | user=jenkins1000 | ip=192.168.36.77 | op=SEND_HEARTBEAT {datanodeUUID=5c5e51ce-aa4b-45fa-b548-3aebeb03959c, command=[]} | ret=SUCCESS |  
2019-08-23 02:50:05,952 | INFO  | SCMAudit | user=jenkins1000 | ip=192.168.36.77 | op=SEND_HEARTBEAT {datanodeUUID=15fd999f-62be-4877-833a-993ce600606a, command=[]} | ret=SUCCESS |  
2019-08-23 02:50:06,140 | INFO  | SCMAudit | user=jenkins1000 | ip=192.168.36.77 | op=SEND_HEARTBEAT {datanodeUUID=e824def4-fdb0-4d06-a3a6-273d371b8d7d, command=[]} | ret=SUCCESS |  
2019-08-23 02:50:06,143 | INFO  | SCMAudit | user=jenkins1000 | ip=192.168.36.77 | op=SEND_HEARTBEAT {datanodeUUID=004b6b6e-41ce-4475-9f2f-481aedf9c953, command=[]} | ret=SUCCESS |  
2019-08-23 02:50:06,350 | INFO  | SCMAudit | user=jenkins1000 | ip=192.168.36.77 | op=SEND_HEARTBEAT {datanodeUUID=50e43da2-e7e0-478c-b7e8-9638b0c061cc, command=[]} | ret=SUCCESS |  
2019-08-23 02:50:06,529 | INFO  | SCMAudit | user=jenkins1000 | ip=192.168.36.77 | op=SEND_HEARTBEAT {datanodeUUID=674baee6-143c-441e-9e30-0d895b06f838, command=[]} | ret=SUCCESS |  
2019-08-23 02:50:06,587 [grpc-default-executor-4] INFO  client.GrpcClientProtocolClient (GrpcClientProtocolClient.java:onNext(255)) - client-07B3B85E2BBE->50e43da2-e7e0-478c-b7e8-9638b0c061cc: receive RaftClientReply:client-07B3B85E2BBE->50e43da2-e7e0-478c-b7e8-9638b0c061cc@group-F61A263991FE, cid=80, FAILED org.apache.ratis.protocol.NotLeaderException: Server 50e43da2-e7e0-478c-b7e8-9638b0c061cc is not the leader (null). Request must be sent to leader., logIndex=0, commits[50e43da2-e7e0-478c-b7e8-9638b0c061cc:c-1]
]]></system-out>
    <system-err><![CDATA[Aug 23, 2019 2:49:37 AM com.sun.jersey.server.impl.application.WebApplicationImpl _initiate
INFO: Initiating Jersey application, version 'Jersey: 1.19 02/11/2015 03:25 AM'
Aug 23, 2019 2:49:38 AM com.sun.jersey.server.impl.application.WebApplicationImpl _initiate
INFO: Initiating Jersey application, version 'Jersey: 1.19 02/11/2015 03:25 AM'
Aug 23, 2019 2:49:38 AM com.sun.jersey.server.impl.application.WebApplicationImpl _initiate
INFO: Initiating Jersey application, version 'Jersey: 1.19 02/11/2015 03:25 AM'
Aug 23, 2019 2:49:38 AM com.sun.jersey.server.impl.application.WebApplicationImpl _initiate
INFO: Initiating Jersey application, version 'Jersey: 1.19 02/11/2015 03:25 AM'
Aug 23, 2019 2:49:38 AM com.sun.jersey.server.impl.application.WebApplicationImpl _initiate
INFO: Initiating Jersey application, version 'Jersey: 1.19 02/11/2015 03:25 AM'
Aug 23, 2019 2:49:38 AM com.sun.jersey.server.impl.application.WebApplicationImpl _initiate
INFO: Initiating Jersey application, version 'Jersey: 1.19 02/11/2015 03:25 AM'
Aug 23, 2019 2:49:39 AM com.sun.jersey.server.impl.application.WebApplicationImpl _initiate
INFO: Initiating Jersey application, version 'Jersey: 1.19 02/11/2015 03:25 AM'
]]></system-err>
  </testcase>
  <testcase name="test2WayCommitForTimeoutException" classname="org.apache.hadoop.ozone.client.rpc.TestWatchForCommit" time="36.911">
    <error message="org.apache.ratis.protocol.RaftRetryFailureException: Failed RaftClientRequest:client-0DF4BF829A7E-&gt;ecd3787f-2b30-4c06-af2c-0a727538b2a6@group-0DF14E4B3894, cid=95, seq=2*, RW, org.apache.hadoop.hdds.scm.XceiverClientRatis$$Lambda$350/922145372@58d4da74 for 20 attempts with RetryLimited(maxAttempts=20, sleepTime=1000ms)" type="java.util.concurrent.ExecutionException">java.util.concurrent.ExecutionException: org.apache.ratis.protocol.RaftRetryFailureException: Failed RaftClientRequest:client-0DF4BF829A7E->ecd3787f-2b30-4c06-af2c-0a727538b2a6@group-0DF14E4B3894, cid=95, seq=2*, RW, org.apache.hadoop.hdds.scm.XceiverClientRatis$$Lambda$350/922145372@58d4da74 for 20 attempts with RetryLimited(maxAttempts=20, sleepTime=1000ms)
	at java.util.concurrent.CompletableFuture.reportGet(CompletableFuture.java:357)
	at java.util.concurrent.CompletableFuture.get(CompletableFuture.java:1895)
	at org.apache.hadoop.ozone.client.rpc.TestWatchForCommit.test2WayCommitForTimeoutException(TestWatchForCommit.java:390)
	at sun.reflect.NativeMethodAccessorImpl.invoke0(Native Method)
	at sun.reflect.NativeMethodAccessorImpl.invoke(NativeMethodAccessorImpl.java:62)
	at sun.reflect.DelegatingMethodAccessorImpl.invoke(DelegatingMethodAccessorImpl.java:43)
	at java.lang.reflect.Method.invoke(Method.java:498)
	at org.junit.runners.model.FrameworkMethod$1.runReflectiveCall(FrameworkMethod.java:47)
	at org.junit.internal.runners.model.ReflectiveCallable.run(ReflectiveCallable.java:12)
	at org.junit.runners.model.FrameworkMethod.invokeExplosively(FrameworkMethod.java:44)
	at org.junit.internal.runners.statements.InvokeMethod.evaluate(InvokeMethod.java:17)
	at org.junit.runners.ParentRunner.runLeaf(ParentRunner.java:271)
	at org.junit.runners.BlockJUnit4ClassRunner.runChild(BlockJUnit4ClassRunner.java:70)
	at org.junit.runners.BlockJUnit4ClassRunner.runChild(BlockJUnit4ClassRunner.java:50)
	at org.junit.runners.ParentRunner$3.run(ParentRunner.java:238)
	at org.junit.runners.ParentRunner$1.schedule(ParentRunner.java:63)
	at org.junit.runners.ParentRunner.runChildren(ParentRunner.java:236)
	at org.junit.runners.ParentRunner.access$000(ParentRunner.java:53)
	at org.junit.runners.ParentRunner$2.evaluate(ParentRunner.java:229)
	at org.junit.runners.ParentRunner.run(ParentRunner.java:309)
	at org.apache.maven.surefire.junit4.JUnit4Provider.execute(JUnit4Provider.java:365)
	at org.apache.maven.surefire.junit4.JUnit4Provider.executeWithRerun(JUnit4Provider.java:273)
	at org.apache.maven.surefire.junit4.JUnit4Provider.executeTestSet(JUnit4Provider.java:238)
	at org.apache.maven.surefire.junit4.JUnit4Provider.invoke(JUnit4Provider.java:159)
	at org.apache.maven.surefire.booter.ForkedBooter.invokeProviderInSameClassLoader(ForkedBooter.java:384)
	at org.apache.maven.surefire.booter.ForkedBooter.runSuitesInProcess(ForkedBooter.java:345)
	at org.apache.maven.surefire.booter.ForkedBooter.execute(ForkedBooter.java:126)
	at org.apache.maven.surefire.booter.ForkedBooter.main(ForkedBooter.java:418)
Caused by: org.apache.ratis.protocol.RaftRetryFailureException: Failed RaftClientRequest:client-0DF4BF829A7E->ecd3787f-2b30-4c06-af2c-0a727538b2a6@group-0DF14E4B3894, cid=95, seq=2*, RW, org.apache.hadoop.hdds.scm.XceiverClientRatis$$Lambda$350/922145372@58d4da74 for 20 attempts with RetryLimited(maxAttempts=20, sleepTime=1000ms)
	at org.apache.ratis.client.impl.RaftClientImpl.noMoreRetries(RaftClientImpl.java:272)
	at org.apache.ratis.client.impl.OrderedAsync.handleAsyncRetryFailure(OrderedAsync.java:138)
	at org.apache.ratis.client.impl.OrderedAsync.lambda$sendRequest$10(OrderedAsync.java:230)
	at java.util.concurrent.CompletableFuture.uniExceptionally(CompletableFuture.java:870)
	at java.util.concurrent.CompletableFuture$UniExceptionally.tryFire(CompletableFuture.java:852)
	at java.util.concurrent.CompletableFuture.postComplete(CompletableFuture.java:474)
	at java.util.concurrent.CompletableFuture.completeExceptionally(CompletableFuture.java:1977)
	at org.apache.ratis.grpc.client.GrpcClientProtocolClient$AsyncStreamObservers.completeReplyExceptionally(GrpcClientProtocolClient.java:330)
	at org.apache.ratis.grpc.client.GrpcClientProtocolClient$AsyncStreamObservers.access$000(GrpcClientProtocolClient.java:246)
	at org.apache.ratis.grpc.client.GrpcClientProtocolClient$AsyncStreamObservers$1.onError(GrpcClientProtocolClient.java:275)
	at org.apache.ratis.thirdparty.io.grpc.stub.ClientCalls$StreamObserverToCallListenerAdapter.onClose(ClientCalls.java:434)
	at org.apache.ratis.thirdparty.io.grpc.PartialForwardingClientCallListener.onClose(PartialForwardingClientCallListener.java:39)
	at org.apache.ratis.thirdparty.io.grpc.ForwardingClientCallListener.onClose(ForwardingClientCallListener.java:23)
	at org.apache.ratis.thirdparty.io.grpc.ForwardingClientCallListener$SimpleForwardingClientCallListener.onClose(ForwardingClientCallListener.java:40)
	at org.apache.ratis.thirdparty.io.grpc.internal.CensusStatsModule$StatsClientInterceptor$1$1.onClose(CensusStatsModule.java:678)
	at org.apache.ratis.thirdparty.io.grpc.PartialForwardingClientCallListener.onClose(PartialForwardingClientCallListener.java:39)
	at org.apache.ratis.thirdparty.io.grpc.ForwardingClientCallListener.onClose(ForwardingClientCallListener.java:23)
	at org.apache.ratis.thirdparty.io.grpc.ForwardingClientCallListener$SimpleForwardingClientCallListener.onClose(ForwardingClientCallListener.java:40)
	at org.apache.ratis.thirdparty.io.grpc.internal.CensusTracingModule$TracingClientInterceptor$1$1.onClose(CensusTracingModule.java:397)
	at org.apache.ratis.thirdparty.io.grpc.internal.ClientCallImpl.closeObserver(ClientCallImpl.java:459)
	at org.apache.ratis.thirdparty.io.grpc.internal.ClientCallImpl.access$300(ClientCallImpl.java:63)
	at org.apache.ratis.thirdparty.io.grpc.internal.ClientCallImpl$ClientStreamListenerImpl.close(ClientCallImpl.java:546)
	at org.apache.ratis.thirdparty.io.grpc.internal.ClientCallImpl$ClientStreamListenerImpl.access$600(ClientCallImpl.java:467)
	at org.apache.ratis.thirdparty.io.grpc.internal.ClientCallImpl$ClientStreamListenerImpl$1StreamClosed.runInContext(ClientCallImpl.java:584)
	at org.apache.ratis.thirdparty.io.grpc.internal.ContextRunnable.run(ContextRunnable.java:37)
	at org.apache.ratis.thirdparty.io.grpc.internal.SerializingExecutor.run(SerializingExecutor.java:123)
	at java.util.concurrent.ThreadPoolExecutor.runWorker(ThreadPoolExecutor.java:1149)
	at java.util.concurrent.ThreadPoolExecutor$Worker.run(ThreadPoolExecutor.java:624)
	at java.lang.Thread.run(Thread.java:748)
Caused by: java.io.IOException: org.apache.ratis.thirdparty.io.grpc.StatusRuntimeException: UNAVAILABLE: io exception
	at org.apache.ratis.grpc.GrpcUtil.unwrapException(GrpcUtil.java:76)
	at org.apache.ratis.grpc.GrpcUtil.unwrapIOException(GrpcUtil.java:128)
	at org.apache.ratis.grpc.client.GrpcClientProtocolClient$AsyncStreamObservers$1.onError(GrpcClientProtocolClient.java:274)
	... 19 more
Caused by: org.apache.ratis.thirdparty.io.grpc.StatusRuntimeException: UNAVAILABLE: io exception
	at org.apache.ratis.thirdparty.io.grpc.Status.asRuntimeException(Status.java:526)
	... 19 more
Caused by: org.apache.ratis.thirdparty.io.netty.channel.AbstractChannel$AnnotatedConnectException: Connection refused: /192.168.36.77:44934
	at sun.nio.ch.SocketChannelImpl.checkConnect(Native Method)
	at sun.nio.ch.SocketChannelImpl.finishConnect(SocketChannelImpl.java:717)
	at org.apache.ratis.thirdparty.io.netty.channel.socket.nio.NioSocketChannel.doFinishConnect(NioSocketChannel.java:327)
	at org.apache.ratis.thirdparty.io.netty.channel.nio.AbstractNioChannel$AbstractNioUnsafe.finishConnect(AbstractNioChannel.java:340)
	at org.apache.ratis.thirdparty.io.netty.channel.nio.NioEventLoop.processSelectedKey(NioEventLoop.java:632)
	at org.apache.ratis.thirdparty.io.netty.channel.nio.NioEventLoop.processSelectedKeysOptimized(NioEventLoop.java:579)
	at org.apache.ratis.thirdparty.io.netty.channel.nio.NioEventLoop.processSelectedKeys(NioEventLoop.java:496)
	at org.apache.ratis.thirdparty.io.netty.channel.nio.NioEventLoop.run(NioEventLoop.java:458)
	at org.apache.ratis.thirdparty.io.netty.util.concurrent.SingleThreadEventExecutor$5.run(SingleThreadEventExecutor.java:897)
	at org.apache.ratis.thirdparty.io.netty.util.concurrent.FastThreadLocalRunnable.run(FastThreadLocalRunnable.java:30)
	... 1 more
Caused by: java.net.ConnectException: Connection refused
	... 11 more
</error>
    <system-out><![CDATA[2019-08-23 02:50:06,638 [main] WARN  server.ServerUtils (ServerUtils.java:getScmDbDir(145)) - ozone.scm.db.dirs is not configured. We recommend adding this setting. Falling back to ozone.metadata.dirs instead.
2019-08-23 02:50:06,743 | INFO  | SCMAudit | user=jenkins1000 | ip=192.168.36.77 | op=SEND_HEARTBEAT {datanodeUUID=6e366328-a21a-42d1-a497-c25b5c1bc291, command=[]} | ret=SUCCESS |  
2019-08-23 02:50:06,952 | INFO  | SCMAudit | user=jenkins1000 | ip=192.168.36.77 | op=SEND_HEARTBEAT {datanodeUUID=15fd999f-62be-4877-833a-993ce600606a, command=[]} | ret=SUCCESS |  
2019-08-23 02:50:06,952 | INFO  | SCMAudit | user=jenkins1000 | ip=192.168.36.77 | op=SEND_HEARTBEAT {datanodeUUID=5c5e51ce-aa4b-45fa-b548-3aebeb03959c, command=[]} | ret=SUCCESS |  
2019-08-23 02:50:07,036 [main] WARN  server.ServerUtils (ServerUtils.java:getScmDbDir(145)) - ozone.scm.db.dirs is not configured. We recommend adding this setting. Falling back to ozone.metadata.dirs instead.
2019-08-23 02:50:07,036 [main] WARN  server.ServerUtils (ServerUtils.java:getScmDbDir(145)) - ozone.scm.db.dirs is not configured. We recommend adding this setting. Falling back to ozone.metadata.dirs instead.
2019-08-23 02:50:07,037 [main] INFO  db.DBStoreBuilder (DBStoreBuilder.java:addTable(110)) - using custom profile for table: deletedBlocks
2019-08-23 02:50:07,037 [main] INFO  db.DBStoreBuilder (DBStoreBuilder.java:processTables(161)) - Using default column profile:DBProfile.DISK for Table:deletedBlocks
2019-08-23 02:50:07,037 [main] INFO  db.DBStoreBuilder (DBStoreBuilder.java:addTable(110)) - using custom profile for table: validCerts
2019-08-23 02:50:07,038 [main] INFO  db.DBStoreBuilder (DBStoreBuilder.java:processTables(161)) - Using default column profile:DBProfile.DISK for Table:validCerts
2019-08-23 02:50:07,038 [main] INFO  db.DBStoreBuilder (DBStoreBuilder.java:addTable(110)) - using custom profile for table: revokedCerts
2019-08-23 02:50:07,038 [main] INFO  db.DBStoreBuilder (DBStoreBuilder.java:processTables(161)) - Using default column profile:DBProfile.DISK for Table:revokedCerts
2019-08-23 02:50:07,039 [main] INFO  db.DBStoreBuilder (DBStoreBuilder.java:addTable(110)) - using custom profile for table: default
2019-08-23 02:50:07,039 [main] INFO  db.DBStoreBuilder (DBStoreBuilder.java:processTables(167)) - Using default column profile:DBProfile.DISK for Table:default
2019-08-23 02:50:07,039 [main] INFO  db.DBStoreBuilder (DBStoreBuilder.java:getDbProfile(198)) - Using default options. DBProfile.DISK
2019-08-23 02:50:07,140 | INFO  | SCMAudit | user=jenkins1000 | ip=192.168.36.77 | op=SEND_HEARTBEAT {datanodeUUID=e824def4-fdb0-4d06-a3a6-273d371b8d7d, command=[]} | ret=SUCCESS |  
2019-08-23 02:50:07,144 | INFO  | SCMAudit | user=jenkins1000 | ip=192.168.36.77 | op=SEND_HEARTBEAT {datanodeUUID=004b6b6e-41ce-4475-9f2f-481aedf9c953, command=[]} | ret=SUCCESS |  
2019-08-23 02:50:07,349 | INFO  | SCMAudit | user=jenkins1000 | ip=192.168.36.77 | op=SEND_HEARTBEAT {datanodeUUID=50e43da2-e7e0-478c-b7e8-9638b0c061cc, command=[]} | ret=SUCCESS |  
2019-08-23 02:50:07,533 | INFO  | SCMAudit | user=jenkins1000 | ip=192.168.36.77 | op=SEND_HEARTBEAT {datanodeUUID=674baee6-143c-441e-9e30-0d895b06f838, command=[]} | ret=SUCCESS |  
2019-08-23 02:50:07,742 | INFO  | SCMAudit | user=jenkins1000 | ip=192.168.36.77 | op=SEND_HEARTBEAT {datanodeUUID=6e366328-a21a-42d1-a497-c25b5c1bc291, command=[]} | ret=SUCCESS |  
2019-08-23 02:50:07,952 | INFO  | SCMAudit | user=jenkins1000 | ip=192.168.36.77 | op=SEND_HEARTBEAT {datanodeUUID=5c5e51ce-aa4b-45fa-b548-3aebeb03959c, command=[]} | ret=SUCCESS |  
2019-08-23 02:50:07,952 | INFO  | SCMAudit | user=jenkins1000 | ip=192.168.36.77 | op=SEND_HEARTBEAT {datanodeUUID=15fd999f-62be-4877-833a-993ce600606a, command=[]} | ret=SUCCESS |  
2019-08-23 02:50:08,140 | INFO  | SCMAudit | user=jenkins1000 | ip=192.168.36.77 | op=SEND_HEARTBEAT {datanodeUUID=e824def4-fdb0-4d06-a3a6-273d371b8d7d, command=[]} | ret=SUCCESS |  
2019-08-23 02:50:08,145 | INFO  | SCMAudit | user=jenkins1000 | ip=192.168.36.77 | op=SEND_HEARTBEAT {datanodeUUID=004b6b6e-41ce-4475-9f2f-481aedf9c953, command=[]} | ret=SUCCESS |  
2019-08-23 02:50:08,350 | INFO  | SCMAudit | user=jenkins1000 | ip=192.168.36.77 | op=SEND_HEARTBEAT {datanodeUUID=50e43da2-e7e0-478c-b7e8-9638b0c061cc, command=[]} | ret=SUCCESS |  
2019-08-23 02:50:08,445 [main] INFO  net.NodeSchemaLoader (NodeSchemaLoader.java:loadSchemaFromFile(125)) - Loading file from sun.misc.CompoundEnumeration@31d791c0
2019-08-23 02:50:08,445 [main] INFO  net.NodeSchemaLoader (NodeSchemaLoader.java:loadSchema(171)) - Loading network topology layer schema file
2019-08-23 02:50:08,449 [main] WARN  server.ServerUtils (ServerUtils.java:sanitizeUserArgs(70)) - ozone.scm.stale.node.interval value = 300000 is larger than max = 100000 based on the key value of ozone.scm.heartbeat.thread.interval, reset to the max value 100000.
2019-08-23 02:50:08,449 [main] WARN  server.ServerUtils (ServerUtils.java:sanitizeUserArgs(70)) - ozone.scm.stale.node.interval value = 300000 is larger than max = 100000 based on the key value of ozone.scm.heartbeat.thread.interval, reset to the max value 100000.
2019-08-23 02:50:08,450 [main] INFO  node.SCMNodeManager (SCMNodeManager.java:<init>(121)) - Entering startup safe mode.
2019-08-23 02:50:08,450 [main] INFO  algorithms.ContainerPlacementPolicyFactory (ContainerPlacementPolicyFactory.java:getPolicy(55)) - Create container placement policy of type org.apache.hadoop.hdds.scm.container.placement.algorithms.SCMContainerPlacementRandom
2019-08-23 02:50:08,451 [main] WARN  server.ServerUtils (ServerUtils.java:getScmDbDir(145)) - ozone.scm.db.dirs is not configured. We recommend adding this setting. Falling back to ozone.metadata.dirs instead.
2019-08-23 02:50:08,453 [Thread-2095] INFO  impl.FollowerState (FollowerState.java:run(106)) - 6e366328-a21a-42d1-a497-c25b5c1bc291:group-F61A263991FE changes to CANDIDATE, lastRpcTime:5008, electionTimeout:5008ms
2019-08-23 02:50:08,453 [Thread-2095] INFO  impl.RoleInfo (RoleInfo.java:shutdownFollowerState(121)) - 6e366328-a21a-42d1-a497-c25b5c1bc291: shutdown FollowerState
2019-08-23 02:50:08,454 [Thread-2095] INFO  impl.RaftServerImpl (RaftServerImpl.java:setRole(171)) - 6e366328-a21a-42d1-a497-c25b5c1bc291:group-F61A263991FE changes role from FOLLOWER to CANDIDATE at term 3 for changeToCandidate
2019-08-23 02:50:08,454 [Thread-2095] INFO  impl.RoleInfo (RoleInfo.java:updateAndGet(143)) - 6e366328-a21a-42d1-a497-c25b5c1bc291: start LeaderElection
2019-08-23 02:50:08,469 [Thread-2092] INFO  impl.FollowerState (FollowerState.java:run(106)) - e824def4-fdb0-4d06-a3a6-273d371b8d7d:group-A52EBC6CCB0C changes to CANDIDATE, lastRpcTime:5026, electionTimeout:5026ms
2019-08-23 02:50:08,469 [Thread-2092] INFO  impl.RoleInfo (RoleInfo.java:shutdownFollowerState(121)) - e824def4-fdb0-4d06-a3a6-273d371b8d7d: shutdown FollowerState
2019-08-23 02:50:08,469 [Thread-2092] INFO  impl.RaftServerImpl (RaftServerImpl.java:setRole(171)) - e824def4-fdb0-4d06-a3a6-273d371b8d7d:group-A52EBC6CCB0C changes role from FOLLOWER to CANDIDATE at term 3 for changeToCandidate
2019-08-23 02:50:08,469 [Thread-2092] INFO  impl.RoleInfo (RoleInfo.java:updateAndGet(143)) - e824def4-fdb0-4d06-a3a6-273d371b8d7d: start LeaderElection
2019-08-23 02:50:08,474 [Thread-2093] INFO  impl.FollowerState (FollowerState.java:run(106)) - 674baee6-143c-441e-9e30-0d895b06f838:group-A52EBC6CCB0C changes to CANDIDATE, lastRpcTime:5030, electionTimeout:5030ms
2019-08-23 02:50:08,474 [Thread-2093] INFO  impl.RoleInfo (RoleInfo.java:shutdownFollowerState(121)) - 674baee6-143c-441e-9e30-0d895b06f838: shutdown FollowerState
2019-08-23 02:50:08,474 [Thread-2093] INFO  impl.RaftServerImpl (RaftServerImpl.java:setRole(171)) - 674baee6-143c-441e-9e30-0d895b06f838:group-A52EBC6CCB0C changes role from FOLLOWER to CANDIDATE at term 3 for changeToCandidate
2019-08-23 02:50:08,475 [Thread-2093] INFO  impl.RoleInfo (RoleInfo.java:updateAndGet(143)) - 674baee6-143c-441e-9e30-0d895b06f838: start LeaderElection
2019-08-23 02:50:08,516 [Thread-2094] INFO  impl.FollowerState (FollowerState.java:run(106)) - 004b6b6e-41ce-4475-9f2f-481aedf9c953:group-F61A263991FE changes to CANDIDATE, lastRpcTime:5071, electionTimeout:5071ms
2019-08-23 02:50:08,516 [Thread-2094] INFO  impl.RoleInfo (RoleInfo.java:shutdownFollowerState(121)) - 004b6b6e-41ce-4475-9f2f-481aedf9c953: shutdown FollowerState
2019-08-23 02:50:08,516 [Thread-2094] INFO  impl.RaftServerImpl (RaftServerImpl.java:setRole(171)) - 004b6b6e-41ce-4475-9f2f-481aedf9c953:group-F61A263991FE changes role from FOLLOWER to CANDIDATE at term 3 for changeToCandidate
2019-08-23 02:50:08,516 [Thread-2094] INFO  impl.RoleInfo (RoleInfo.java:updateAndGet(143)) - 004b6b6e-41ce-4475-9f2f-481aedf9c953: start LeaderElection
2019-08-23 02:50:08,528 [Thread-2090] INFO  impl.FollowerState (FollowerState.java:run(106)) - 15fd999f-62be-4877-833a-993ce600606a:group-A52EBC6CCB0C changes to CANDIDATE, lastRpcTime:5090, electionTimeout:5087ms
2019-08-23 02:50:08,528 [Thread-2090] INFO  impl.RoleInfo (RoleInfo.java:shutdownFollowerState(121)) - 15fd999f-62be-4877-833a-993ce600606a: shutdown FollowerState
2019-08-23 02:50:08,528 [Thread-2090] INFO  impl.RaftServerImpl (RaftServerImpl.java:setRole(171)) - 15fd999f-62be-4877-833a-993ce600606a:group-A52EBC6CCB0C changes role from FOLLOWER to CANDIDATE at term 3 for changeToCandidate
2019-08-23 02:50:08,528 [Thread-2090] INFO  impl.RoleInfo (RoleInfo.java:updateAndGet(143)) - 15fd999f-62be-4877-833a-993ce600606a: start LeaderElection
2019-08-23 02:50:08,532 | INFO  | SCMAudit | user=jenkins1000 | ip=192.168.36.77 | op=SEND_HEARTBEAT {datanodeUUID=674baee6-143c-441e-9e30-0d895b06f838, command=[]} | ret=SUCCESS |  
2019-08-23 02:50:08,543 [Thread-2091] INFO  impl.FollowerState (FollowerState.java:run(106)) - 50e43da2-e7e0-478c-b7e8-9638b0c061cc:group-F61A263991FE changes to CANDIDATE, lastRpcTime:5100, electionTimeout:5100ms
2019-08-23 02:50:08,543 [Thread-2091] INFO  impl.RoleInfo (RoleInfo.java:shutdownFollowerState(121)) - 50e43da2-e7e0-478c-b7e8-9638b0c061cc: shutdown FollowerState
2019-08-23 02:50:08,543 [Thread-2091] INFO  impl.RaftServerImpl (RaftServerImpl.java:setRole(171)) - 50e43da2-e7e0-478c-b7e8-9638b0c061cc:group-F61A263991FE changes role from FOLLOWER to CANDIDATE at term 3 for changeToCandidate
2019-08-23 02:50:08,543 [Thread-2091] INFO  impl.RoleInfo (RoleInfo.java:updateAndGet(143)) - 50e43da2-e7e0-478c-b7e8-9638b0c061cc: start LeaderElection
2019-08-23 02:50:08,676 [6e366328-a21a-42d1-a497-c25b5c1bc291:group-F61A263991FE:LeaderElection86] INFO  impl.LeaderElection (LeaderElection.java:askForVotes(181)) - 6e366328-a21a-42d1-a497-c25b5c1bc291:group-F61A263991FE:LeaderElection86: begin an election at term 4 for -1: [004b6b6e-41ce-4475-9f2f-481aedf9c953:192.168.36.77:45065, 50e43da2-e7e0-478c-b7e8-9638b0c061cc:192.168.36.77:45690, 6e366328-a21a-42d1-a497-c25b5c1bc291:192.168.36.77:39747], old=null
2019-08-23 02:50:08,676 [e824def4-fdb0-4d06-a3a6-273d371b8d7d:group-A52EBC6CCB0C:LeaderElection87] INFO  impl.LeaderElection (LeaderElection.java:askForVotes(181)) - e824def4-fdb0-4d06-a3a6-273d371b8d7d:group-A52EBC6CCB0C:LeaderElection87: begin an election at term 4 for -1: [15fd999f-62be-4877-833a-993ce600606a:192.168.36.77:35226, 674baee6-143c-441e-9e30-0d895b06f838:192.168.36.77:39798, e824def4-fdb0-4d06-a3a6-273d371b8d7d:192.168.36.77:38058], old=null
2019-08-23 02:50:08,677 [50e43da2-e7e0-478c-b7e8-9638b0c061cc:group-F61A263991FE:LeaderElection91] INFO  impl.LeaderElection (LeaderElection.java:askForVotes(181)) - 50e43da2-e7e0-478c-b7e8-9638b0c061cc:group-F61A263991FE:LeaderElection91: begin an election at term 4 for -1: [004b6b6e-41ce-4475-9f2f-481aedf9c953:192.168.36.77:45065, 50e43da2-e7e0-478c-b7e8-9638b0c061cc:192.168.36.77:45690, 6e366328-a21a-42d1-a497-c25b5c1bc291:192.168.36.77:39747], old=null
2019-08-23 02:50:08,676 [004b6b6e-41ce-4475-9f2f-481aedf9c953:group-F61A263991FE:LeaderElection89] INFO  impl.LeaderElection (LeaderElection.java:askForVotes(181)) - 004b6b6e-41ce-4475-9f2f-481aedf9c953:group-F61A263991FE:LeaderElection89: begin an election at term 4 for -1: [004b6b6e-41ce-4475-9f2f-481aedf9c953:192.168.36.77:45065, 50e43da2-e7e0-478c-b7e8-9638b0c061cc:192.168.36.77:45690, 6e366328-a21a-42d1-a497-c25b5c1bc291:192.168.36.77:39747], old=null
2019-08-23 02:50:08,676 [15fd999f-62be-4877-833a-993ce600606a:group-A52EBC6CCB0C:LeaderElection90] INFO  impl.LeaderElection (LeaderElection.java:askForVotes(181)) - 15fd999f-62be-4877-833a-993ce600606a:group-A52EBC6CCB0C:LeaderElection90: begin an election at term 4 for -1: [15fd999f-62be-4877-833a-993ce600606a:192.168.36.77:35226, 674baee6-143c-441e-9e30-0d895b06f838:192.168.36.77:39798, e824def4-fdb0-4d06-a3a6-273d371b8d7d:192.168.36.77:38058], old=null
2019-08-23 02:50:08,676 [674baee6-143c-441e-9e30-0d895b06f838:group-A52EBC6CCB0C:LeaderElection88] INFO  impl.LeaderElection (LeaderElection.java:askForVotes(181)) - 674baee6-143c-441e-9e30-0d895b06f838:group-A52EBC6CCB0C:LeaderElection88: begin an election at term 4 for -1: [15fd999f-62be-4877-833a-993ce600606a:192.168.36.77:35226, 674baee6-143c-441e-9e30-0d895b06f838:192.168.36.77:39798, e824def4-fdb0-4d06-a3a6-273d371b8d7d:192.168.36.77:38058], old=null
2019-08-23 02:50:08,682 [6e366328-a21a-42d1-a497-c25b5c1bc291:group-F61A263991FE:LeaderElection86] INFO  impl.LeaderElection (LeaderElection.java:logAndReturn(56)) - 6e366328-a21a-42d1-a497-c25b5c1bc291:group-F61A263991FE:LeaderElection86: Election REJECTED; received 2 response(s) [6e366328-a21a-42d1-a497-c25b5c1bc291<-004b6b6e-41ce-4475-9f2f-481aedf9c953#0:FAIL-t4, 6e366328-a21a-42d1-a497-c25b5c1bc291<-50e43da2-e7e0-478c-b7e8-9638b0c061cc#0:FAIL-t4] and 0 exception(s); 6e366328-a21a-42d1-a497-c25b5c1bc291:t4, leader=null, voted=6e366328-a21a-42d1-a497-c25b5c1bc291, raftlog=6e366328-a21a-42d1-a497-c25b5c1bc291-SegmentedRaftLog:OPENED:c-1,f-1,i0, conf=-1: [004b6b6e-41ce-4475-9f2f-481aedf9c953:192.168.36.77:45065, 50e43da2-e7e0-478c-b7e8-9638b0c061cc:192.168.36.77:45690, 6e366328-a21a-42d1-a497-c25b5c1bc291:192.168.36.77:39747], old=null
2019-08-23 02:50:08,682 [6e366328-a21a-42d1-a497-c25b5c1bc291:group-F61A263991FE:LeaderElection86] INFO  impl.RaftServerImpl (RaftServerImpl.java:setRole(171)) - 6e366328-a21a-42d1-a497-c25b5c1bc291:group-F61A263991FE changes role from CANDIDATE to FOLLOWER at term 4 for DISCOVERED_A_NEW_TERM
2019-08-23 02:50:08,682 [6e366328-a21a-42d1-a497-c25b5c1bc291:group-F61A263991FE:LeaderElection86] INFO  impl.RoleInfo (RoleInfo.java:shutdownLeaderElection(134)) - 6e366328-a21a-42d1-a497-c25b5c1bc291: shutdown LeaderElection
2019-08-23 02:50:08,682 [004b6b6e-41ce-4475-9f2f-481aedf9c953:group-F61A263991FE:LeaderElection89] INFO  impl.LeaderElection (LeaderElection.java:logAndReturn(56)) - 004b6b6e-41ce-4475-9f2f-481aedf9c953:group-F61A263991FE:LeaderElection89: Election REJECTED; received 2 response(s) [004b6b6e-41ce-4475-9f2f-481aedf9c953<-50e43da2-e7e0-478c-b7e8-9638b0c061cc#0:FAIL-t4, 004b6b6e-41ce-4475-9f2f-481aedf9c953<-6e366328-a21a-42d1-a497-c25b5c1bc291#0:FAIL-t4] and 0 exception(s); 004b6b6e-41ce-4475-9f2f-481aedf9c953:t4, leader=null, voted=004b6b6e-41ce-4475-9f2f-481aedf9c953, raftlog=004b6b6e-41ce-4475-9f2f-481aedf9c953-SegmentedRaftLog:OPENED:c-1,f-1,i0, conf=-1: [004b6b6e-41ce-4475-9f2f-481aedf9c953:192.168.36.77:45065, 50e43da2-e7e0-478c-b7e8-9638b0c061cc:192.168.36.77:45690, 6e366328-a21a-42d1-a497-c25b5c1bc291:192.168.36.77:39747], old=null
2019-08-23 02:50:08,683 [6e366328-a21a-42d1-a497-c25b5c1bc291:group-F61A263991FE:LeaderElection86] INFO  impl.RoleInfo (RoleInfo.java:updateAndGet(143)) - 6e366328-a21a-42d1-a497-c25b5c1bc291: start FollowerState
2019-08-23 02:50:08,683 [004b6b6e-41ce-4475-9f2f-481aedf9c953:group-F61A263991FE:LeaderElection89] INFO  impl.RaftServerImpl (RaftServerImpl.java:setRole(171)) - 004b6b6e-41ce-4475-9f2f-481aedf9c953:group-F61A263991FE changes role from CANDIDATE to FOLLOWER at term 4 for DISCOVERED_A_NEW_TERM
2019-08-23 02:50:08,683 [004b6b6e-41ce-4475-9f2f-481aedf9c953:group-F61A263991FE:LeaderElection89] INFO  impl.RoleInfo (RoleInfo.java:shutdownLeaderElection(134)) - 004b6b6e-41ce-4475-9f2f-481aedf9c953: shutdown LeaderElection
2019-08-23 02:50:08,683 [674baee6-143c-441e-9e30-0d895b06f838:group-A52EBC6CCB0C:LeaderElection88] INFO  impl.LeaderElection (LeaderElection.java:logAndReturn(56)) - 674baee6-143c-441e-9e30-0d895b06f838:group-A52EBC6CCB0C:LeaderElection88: Election REJECTED; received 2 response(s) [674baee6-143c-441e-9e30-0d895b06f838<-15fd999f-62be-4877-833a-993ce600606a#0:FAIL-t4, 674baee6-143c-441e-9e30-0d895b06f838<-e824def4-fdb0-4d06-a3a6-273d371b8d7d#0:FAIL-t4] and 0 exception(s); 674baee6-143c-441e-9e30-0d895b06f838:t4, leader=null, voted=674baee6-143c-441e-9e30-0d895b06f838, raftlog=674baee6-143c-441e-9e30-0d895b06f838-SegmentedRaftLog:OPENED:c-1,f-1,i0, conf=-1: [15fd999f-62be-4877-833a-993ce600606a:192.168.36.77:35226, 674baee6-143c-441e-9e30-0d895b06f838:192.168.36.77:39798, e824def4-fdb0-4d06-a3a6-273d371b8d7d:192.168.36.77:38058], old=null
2019-08-23 02:50:08,683 [004b6b6e-41ce-4475-9f2f-481aedf9c953:group-F61A263991FE:LeaderElection89] INFO  impl.RoleInfo (RoleInfo.java:updateAndGet(143)) - 004b6b6e-41ce-4475-9f2f-481aedf9c953: start FollowerState
2019-08-23 02:50:08,683 [674baee6-143c-441e-9e30-0d895b06f838:group-A52EBC6CCB0C:LeaderElection88] INFO  impl.RaftServerImpl (RaftServerImpl.java:setRole(171)) - 674baee6-143c-441e-9e30-0d895b06f838:group-A52EBC6CCB0C changes role from CANDIDATE to FOLLOWER at term 4 for DISCOVERED_A_NEW_TERM
2019-08-23 02:50:08,683 [674baee6-143c-441e-9e30-0d895b06f838:group-A52EBC6CCB0C:LeaderElection88] INFO  impl.RoleInfo (RoleInfo.java:shutdownLeaderElection(134)) - 674baee6-143c-441e-9e30-0d895b06f838: shutdown LeaderElection
2019-08-23 02:50:08,684 [674baee6-143c-441e-9e30-0d895b06f838:group-A52EBC6CCB0C:LeaderElection88] INFO  impl.RoleInfo (RoleInfo.java:updateAndGet(143)) - 674baee6-143c-441e-9e30-0d895b06f838: start FollowerState
2019-08-23 02:50:08,685 [15fd999f-62be-4877-833a-993ce600606a:group-A52EBC6CCB0C:LeaderElection90] INFO  impl.LeaderElection (LeaderElection.java:logAndReturn(56)) - 15fd999f-62be-4877-833a-993ce600606a:group-A52EBC6CCB0C:LeaderElection90: Election REJECTED; received 2 response(s) [15fd999f-62be-4877-833a-993ce600606a<-674baee6-143c-441e-9e30-0d895b06f838#0:FAIL-t4, 15fd999f-62be-4877-833a-993ce600606a<-e824def4-fdb0-4d06-a3a6-273d371b8d7d#0:FAIL-t4] and 0 exception(s); 15fd999f-62be-4877-833a-993ce600606a:t4, leader=null, voted=15fd999f-62be-4877-833a-993ce600606a, raftlog=15fd999f-62be-4877-833a-993ce600606a-SegmentedRaftLog:OPENED:c-1,f-1,i0, conf=-1: [15fd999f-62be-4877-833a-993ce600606a:192.168.36.77:35226, 674baee6-143c-441e-9e30-0d895b06f838:192.168.36.77:39798, e824def4-fdb0-4d06-a3a6-273d371b8d7d:192.168.36.77:38058], old=null
2019-08-23 02:50:08,685 [15fd999f-62be-4877-833a-993ce600606a:group-A52EBC6CCB0C:LeaderElection90] INFO  impl.RaftServerImpl (RaftServerImpl.java:setRole(171)) - 15fd999f-62be-4877-833a-993ce600606a:group-A52EBC6CCB0C changes role from CANDIDATE to FOLLOWER at term 4 for DISCOVERED_A_NEW_TERM
2019-08-23 02:50:08,685 [15fd999f-62be-4877-833a-993ce600606a:group-A52EBC6CCB0C:LeaderElection90] INFO  impl.RoleInfo (RoleInfo.java:shutdownLeaderElection(134)) - 15fd999f-62be-4877-833a-993ce600606a: shutdown LeaderElection
2019-08-23 02:50:08,685 [15fd999f-62be-4877-833a-993ce600606a:group-A52EBC6CCB0C:LeaderElection90] INFO  impl.RoleInfo (RoleInfo.java:updateAndGet(143)) - 15fd999f-62be-4877-833a-993ce600606a: start FollowerState
2019-08-23 02:50:08,686 [e824def4-fdb0-4d06-a3a6-273d371b8d7d:group-A52EBC6CCB0C:LeaderElection87] INFO  impl.LeaderElection (LeaderElection.java:logAndReturn(56)) - e824def4-fdb0-4d06-a3a6-273d371b8d7d:group-A52EBC6CCB0C:LeaderElection87: Election REJECTED; received 2 response(s) [e824def4-fdb0-4d06-a3a6-273d371b8d7d<-15fd999f-62be-4877-833a-993ce600606a#0:FAIL-t4, e824def4-fdb0-4d06-a3a6-273d371b8d7d<-674baee6-143c-441e-9e30-0d895b06f838#0:FAIL-t4] and 0 exception(s); e824def4-fdb0-4d06-a3a6-273d371b8d7d:t4, leader=null, voted=e824def4-fdb0-4d06-a3a6-273d371b8d7d, raftlog=e824def4-fdb0-4d06-a3a6-273d371b8d7d-SegmentedRaftLog:OPENED:c-1,f-1,i0, conf=-1: [15fd999f-62be-4877-833a-993ce600606a:192.168.36.77:35226, 674baee6-143c-441e-9e30-0d895b06f838:192.168.36.77:39798, e824def4-fdb0-4d06-a3a6-273d371b8d7d:192.168.36.77:38058], old=null
2019-08-23 02:50:08,686 [e824def4-fdb0-4d06-a3a6-273d371b8d7d:group-A52EBC6CCB0C:LeaderElection87] INFO  impl.RaftServerImpl (RaftServerImpl.java:setRole(171)) - e824def4-fdb0-4d06-a3a6-273d371b8d7d:group-A52EBC6CCB0C changes role from CANDIDATE to FOLLOWER at term 4 for DISCOVERED_A_NEW_TERM
2019-08-23 02:50:08,686 [e824def4-fdb0-4d06-a3a6-273d371b8d7d:group-A52EBC6CCB0C:LeaderElection87] INFO  impl.RoleInfo (RoleInfo.java:shutdownLeaderElection(134)) - e824def4-fdb0-4d06-a3a6-273d371b8d7d: shutdown LeaderElection
2019-08-23 02:50:08,686 [e824def4-fdb0-4d06-a3a6-273d371b8d7d:group-A52EBC6CCB0C:LeaderElection87] INFO  impl.RoleInfo (RoleInfo.java:updateAndGet(143)) - e824def4-fdb0-4d06-a3a6-273d371b8d7d: start FollowerState
2019-08-23 02:50:08,687 [50e43da2-e7e0-478c-b7e8-9638b0c061cc:group-F61A263991FE:LeaderElection91] INFO  impl.LeaderElection (LeaderElection.java:logAndReturn(56)) - 50e43da2-e7e0-478c-b7e8-9638b0c061cc:group-F61A263991FE:LeaderElection91: Election REJECTED; received 2 response(s) [50e43da2-e7e0-478c-b7e8-9638b0c061cc<-004b6b6e-41ce-4475-9f2f-481aedf9c953#0:FAIL-t4, 50e43da2-e7e0-478c-b7e8-9638b0c061cc<-6e366328-a21a-42d1-a497-c25b5c1bc291#0:FAIL-t4] and 0 exception(s); 50e43da2-e7e0-478c-b7e8-9638b0c061cc:t4, leader=null, voted=50e43da2-e7e0-478c-b7e8-9638b0c061cc, raftlog=50e43da2-e7e0-478c-b7e8-9638b0c061cc-SegmentedRaftLog:OPENED:c-1,f-1,i0, conf=-1: [004b6b6e-41ce-4475-9f2f-481aedf9c953:192.168.36.77:45065, 50e43da2-e7e0-478c-b7e8-9638b0c061cc:192.168.36.77:45690, 6e366328-a21a-42d1-a497-c25b5c1bc291:192.168.36.77:39747], old=null
2019-08-23 02:50:08,687 [50e43da2-e7e0-478c-b7e8-9638b0c061cc:group-F61A263991FE:LeaderElection91] INFO  impl.RaftServerImpl (RaftServerImpl.java:setRole(171)) - 50e43da2-e7e0-478c-b7e8-9638b0c061cc:group-F61A263991FE changes role from CANDIDATE to FOLLOWER at term 4 for DISCOVERED_A_NEW_TERM
2019-08-23 02:50:08,687 [50e43da2-e7e0-478c-b7e8-9638b0c061cc:group-F61A263991FE:LeaderElection91] INFO  impl.RoleInfo (RoleInfo.java:shutdownLeaderElection(134)) - 50e43da2-e7e0-478c-b7e8-9638b0c061cc: shutdown LeaderElection
2019-08-23 02:50:08,687 [50e43da2-e7e0-478c-b7e8-9638b0c061cc:group-F61A263991FE:LeaderElection91] INFO  impl.RoleInfo (RoleInfo.java:updateAndGet(143)) - 50e43da2-e7e0-478c-b7e8-9638b0c061cc: start FollowerState
2019-08-23 02:50:08,742 | INFO  | SCMAudit | user=jenkins1000 | ip=192.168.36.77 | op=SEND_HEARTBEAT {datanodeUUID=6e366328-a21a-42d1-a497-c25b5c1bc291, command=[]} | ret=SUCCESS |  
2019-08-23 02:50:08,951 | INFO  | SCMAudit | user=jenkins1000 | ip=192.168.36.77 | op=SEND_HEARTBEAT {datanodeUUID=15fd999f-62be-4877-833a-993ce600606a, command=[]} | ret=SUCCESS |  
2019-08-23 02:50:08,951 | INFO  | SCMAudit | user=jenkins1000 | ip=192.168.36.77 | op=SEND_HEARTBEAT {datanodeUUID=5c5e51ce-aa4b-45fa-b548-3aebeb03959c, command=[]} | ret=SUCCESS |  
2019-08-23 02:50:09,060 [main] INFO  pipeline.SCMPipelineManager (SCMPipelineManager.java:initializePipelineState(126)) - No pipeline exists in current db
2019-08-23 02:50:09,060 [main] WARN  server.ServerUtils (ServerUtils.java:getScmDbDir(145)) - ozone.scm.db.dirs is not configured. We recommend adding this setting. Falling back to ozone.metadata.dirs instead.
2019-08-23 02:50:09,141 | INFO  | SCMAudit | user=jenkins1000 | ip=192.168.36.77 | op=SEND_HEARTBEAT {datanodeUUID=e824def4-fdb0-4d06-a3a6-273d371b8d7d, command=[]} | ret=SUCCESS |  
2019-08-23 02:50:09,144 | INFO  | SCMAudit | user=jenkins1000 | ip=192.168.36.77 | op=SEND_HEARTBEAT {datanodeUUID=004b6b6e-41ce-4475-9f2f-481aedf9c953, command=[]} | ret=SUCCESS |  
2019-08-23 02:50:09,275 [main] WARN  events.EventQueue (EventQueue.java:fireEvent(175)) - No event handler registered for event TypedEvent{payloadType=SafeModeStatus, name='SafeModeStatus'}
2019-08-23 02:50:09,276 [main] INFO  ipc.CallQueueManager (CallQueueManager.java:<init>(84)) - Using callQueue: class java.util.concurrent.LinkedBlockingQueue, queueCapacity: 2000, scheduler: class org.apache.hadoop.ipc.DefaultRpcScheduler, ipcBackoff: false.
2019-08-23 02:50:09,278 [Socket Reader #1 for port 44866] INFO  ipc.Server (Server.java:run(1074)) - Starting Socket Reader #1 for port 44866
2019-08-23 02:50:09,284 [main] INFO  ipc.CallQueueManager (CallQueueManager.java:<init>(84)) - Using callQueue: class java.util.concurrent.LinkedBlockingQueue, queueCapacity: 2000, scheduler: class org.apache.hadoop.ipc.DefaultRpcScheduler, ipcBackoff: false.
2019-08-23 02:50:09,285 [Socket Reader #1 for port 35337] INFO  ipc.Server (Server.java:run(1074)) - Starting Socket Reader #1 for port 35337
2019-08-23 02:50:09,289 [main] INFO  ipc.CallQueueManager (CallQueueManager.java:<init>(84)) - Using callQueue: class java.util.concurrent.LinkedBlockingQueue, queueCapacity: 2000, scheduler: class org.apache.hadoop.ipc.DefaultRpcScheduler, ipcBackoff: false.
2019-08-23 02:50:09,290 [Socket Reader #1 for port 38334] INFO  ipc.Server (Server.java:run(1074)) - Starting Socket Reader #1 for port 38334
2019-08-23 02:50:09,295 [main] INFO  hdfs.DFSUtil (DFSUtil.java:httpServerTemplateForNNAndJN(1641)) - Starting Web-server for scm at: http://0.0.0.0:0
2019-08-23 02:50:09,298 [main] INFO  server.AuthenticationFilter (AuthenticationFilter.java:constructSecretProvider(240)) - Unable to initialize FileSignerSecretProvider, falling back to use random secrets.
2019-08-23 02:50:09,298 [main] WARN  http.HttpRequestLog (HttpRequestLog.java:getRequestLog(97)) - Jetty request log can only be enabled using Log4j
2019-08-23 02:50:09,300 [main] INFO  http.HttpServer2 (HttpServer2.java:addGlobalFilter(975)) - Added global filter 'safety' (class=org.apache.hadoop.http.HttpServer2$QuotingInputFilter)
2019-08-23 02:50:09,300 [main] INFO  http.HttpServer2 (HttpServer2.java:addFilter(948)) - Added filter static_user_filter (class=org.apache.hadoop.http.lib.StaticUserWebFilter$StaticUserFilter) to context scm
2019-08-23 02:50:09,301 [main] INFO  http.HttpServer2 (HttpServer2.java:addFilter(958)) - Added filter static_user_filter (class=org.apache.hadoop.http.lib.StaticUserWebFilter$StaticUserFilter) to context logs
2019-08-23 02:50:09,301 [main] INFO  http.HttpServer2 (HttpServer2.java:addFilter(958)) - Added filter static_user_filter (class=org.apache.hadoop.http.lib.StaticUserWebFilter$StaticUserFilter) to context static
2019-08-23 02:50:09,305 [main] INFO  server.StorageContainerManager (StorageContainerManager.java:start(759)) - StorageContainerLocationProtocol RPC server is listening at /0.0.0.0:38334
2019-08-23 02:50:09,305 [main] INFO  impl.MetricsSystemImpl (MetricsSystemImpl.java:init(158)) - StorageContainerManager metrics system started (again)
2019-08-23 02:50:09,321 [main] INFO  server.SCMClientProtocolServer (SCMClientProtocolServer.java:start(151)) - RPC server for Client  is listening at /0.0.0.0:38334
2019-08-23 02:50:09,321 [IPC Server Responder] INFO  ipc.Server (Server.java:run(1314)) - IPC Server Responder: starting
2019-08-23 02:50:09,321 [IPC Server listener on 38334] INFO  ipc.Server (Server.java:run(1153)) - IPC Server listener on 38334: starting
2019-08-23 02:50:09,330 [main] INFO  server.StorageContainerManager (StorageContainerManager.java:start(769)) - ScmBlockLocationProtocol RPC server is listening at /0.0.0.0:35337
2019-08-23 02:50:09,331 [main] INFO  server.SCMBlockProtocolServer (SCMBlockProtocolServer.java:start(140)) - RPC server for Block Protocol is listening at /0.0.0.0:35337
2019-08-23 02:50:09,331 [IPC Server Responder] INFO  ipc.Server (Server.java:run(1314)) - IPC Server Responder: starting
2019-08-23 02:50:09,331 [IPC Server listener on 35337] INFO  ipc.Server (Server.java:run(1153)) - IPC Server listener on 35337: starting
2019-08-23 02:50:09,337 [main] INFO  server.StorageContainerManager (StorageContainerManager.java:start(773)) - ScmDatanodeProtocl RPC server is listening at /0.0.0.0:44866
2019-08-23 02:50:09,337 [main] INFO  server.SCMDatanodeProtocolServer (SCMDatanodeProtocolServer.java:start(191)) - RPC server for DataNodes is listening at /0.0.0.0:44866
2019-08-23 02:50:09,337 [IPC Server Responder] INFO  ipc.Server (Server.java:run(1314)) - IPC Server Responder: starting
2019-08-23 02:50:09,338 [IPC Server listener on 44866] INFO  ipc.Server (Server.java:run(1153)) - IPC Server listener on 44866: starting
2019-08-23 02:50:09,347 [main] INFO  http.HttpServer2 (HttpServer2.java:bindListener(1191)) - Jetty bound to port 41384
2019-08-23 02:50:09,347 [main] INFO  server.Server (Server.java:doStart(351)) - jetty-9.3.24.v20180605, build timestamp: 2018-06-05T17:11:56Z, git hash: 84205aa28f11a4f31f2a3b86d1bba2cc8ab69827
2019-08-23 02:50:09,350 | INFO  | SCMAudit | user=jenkins1000 | ip=192.168.36.77 | op=SEND_HEARTBEAT {datanodeUUID=50e43da2-e7e0-478c-b7e8-9638b0c061cc, command=[]} | ret=SUCCESS |  
2019-08-23 02:50:09,350 [main] INFO  handler.ContextHandler (ContextHandler.java:doStart(781)) - Started o.e.j.s.ServletContextHandler@2a728076{/logs,file:///workdir/hadoop-ozone/integration-test/target/log,AVAILABLE}
2019-08-23 02:50:09,350 [main] INFO  handler.ContextHandler (ContextHandler.java:doStart(781)) - Started o.e.j.s.ServletContextHandler@67fda9fb{/static,file:///workdir/hadoop-ozone/integration-test/target/test-classes/webapps/static,AVAILABLE}
2019-08-23 02:50:09,355 [main] INFO  handler.ContextHandler (ContextHandler.java:doStart(781)) - Started o.e.j.w.WebAppContext@3c6d3ba{/,file:///workdir/hadoop-ozone/integration-test/target/test-classes/webapps/scm/,AVAILABLE}{/scm}
2019-08-23 02:50:09,355 [main] INFO  server.AbstractConnector (AbstractConnector.java:doStart(278)) - Started ServerConnector@5d3f583d{HTTP/1.1,[http/1.1]}{0.0.0.0:41384}
2019-08-23 02:50:09,358 [main] INFO  server.Server (Server.java:doStart(419)) - Started @219620ms
2019-08-23 02:50:09,359 [main] INFO  server.BaseHttpServer (BaseHttpServer.java:updateConnectorAddress(213)) - HTTP server of SCM is listening at http://0.0.0.0:41384
2019-08-23 02:50:09,359 [main] WARN  server.ServerUtils (ServerUtils.java:getDBPath(222)) - ozone.om.db.dirs is not configured. We recommend adding this setting. Falling back to ozone.metadata.dirs instead.
2019-08-23 02:50:09,360 [org.apache.hadoop.util.JvmPauseMonitor$Monitor@22cca101] INFO  util.JvmPauseMonitor (JvmPauseMonitor.java:run(188)) - Starting JVM pause monitor
2019-08-23 02:50:09,405 [main] WARN  server.ServerUtils (ServerUtils.java:getDBPath(222)) - ozone.om.db.dirs is not configured. We recommend adding this setting. Falling back to ozone.metadata.dirs instead.
2019-08-23 02:50:09,405 [main] WARN  server.ServerUtils (ServerUtils.java:getDBPath(222)) - ozone.om.db.dirs is not configured. We recommend adding this setting. Falling back to ozone.metadata.dirs instead.
2019-08-23 02:50:09,405 [main] INFO  om.OzoneManager (OzoneManager.java:setOMNodeDetails(648)) - OM Service ID is not set. Setting it to the default ID: omServiceIdDefault
2019-08-23 02:50:09,406 [main] INFO  om.OzoneManager (OzoneManager.java:setOMNodeDetails(654)) - OM Node ID is not set. Setting it to the OmStorage's OmID: 286d18bb-02d7-4203-afe1-e8449bba0c41
2019-08-23 02:50:09,406 [main] INFO  om.OzoneManager (OzoneManager.java:loadOMHAConfigs(605)) - Found matching OM address with OMServiceId: null, OMNodeId: null, RPC Address: localhost:0 and Ratis port: 9872
2019-08-23 02:50:09,415 | INFO  | SCMAudit | user=jenkins1000 | ip=192.168.36.77 | op=GET_SCM_INFO null | ret=SUCCESS |  
2019-08-23 02:50:09,422 [main] WARN  server.ServerUtils (ServerUtils.java:getDBPath(222)) - ozone.om.db.dirs is not configured. We recommend adding this setting. Falling back to ozone.metadata.dirs instead.
2019-08-23 02:50:09,422 [main] INFO  db.DBStoreBuilder (DBStoreBuilder.java:addTable(110)) - using custom profile for table: userTable
2019-08-23 02:50:09,422 [main] INFO  db.DBStoreBuilder (DBStoreBuilder.java:processTables(161)) - Using default column profile:DBProfile.DISK for Table:userTable
2019-08-23 02:50:09,423 [main] INFO  db.DBStoreBuilder (DBStoreBuilder.java:addTable(110)) - using custom profile for table: volumeTable
2019-08-23 02:50:09,423 [main] INFO  db.DBStoreBuilder (DBStoreBuilder.java:processTables(161)) - Using default column profile:DBProfile.DISK for Table:volumeTable
2019-08-23 02:50:09,423 [main] INFO  db.DBStoreBuilder (DBStoreBuilder.java:addTable(110)) - using custom profile for table: bucketTable
2019-08-23 02:50:09,423 [main] INFO  db.DBStoreBuilder (DBStoreBuilder.java:processTables(161)) - Using default column profile:DBProfile.DISK for Table:bucketTable
2019-08-23 02:50:09,423 [main] INFO  db.DBStoreBuilder (DBStoreBuilder.java:addTable(110)) - using custom profile for table: keyTable
2019-08-23 02:50:09,424 [main] INFO  db.DBStoreBuilder (DBStoreBuilder.java:processTables(161)) - Using default column profile:DBProfile.DISK for Table:keyTable
2019-08-23 02:50:09,424 [main] INFO  db.DBStoreBuilder (DBStoreBuilder.java:addTable(110)) - using custom profile for table: deletedTable
2019-08-23 02:50:09,424 [main] INFO  db.DBStoreBuilder (DBStoreBuilder.java:processTables(161)) - Using default column profile:DBProfile.DISK for Table:deletedTable
2019-08-23 02:50:09,424 [main] INFO  db.DBStoreBuilder (DBStoreBuilder.java:addTable(110)) - using custom profile for table: openKeyTable
2019-08-23 02:50:09,424 [main] INFO  db.DBStoreBuilder (DBStoreBuilder.java:processTables(161)) - Using default column profile:DBProfile.DISK for Table:openKeyTable
2019-08-23 02:50:09,425 [main] INFO  db.DBStoreBuilder (DBStoreBuilder.java:addTable(110)) - using custom profile for table: s3Table
2019-08-23 02:50:09,425 [main] INFO  db.DBStoreBuilder (DBStoreBuilder.java:processTables(161)) - Using default column profile:DBProfile.DISK for Table:s3Table
2019-08-23 02:50:09,425 [main] INFO  db.DBStoreBuilder (DBStoreBuilder.java:addTable(110)) - using custom profile for table: multipartInfoTable
2019-08-23 02:50:09,425 [main] INFO  db.DBStoreBuilder (DBStoreBuilder.java:processTables(161)) - Using default column profile:DBProfile.DISK for Table:multipartInfoTable
2019-08-23 02:50:09,425 [main] INFO  db.DBStoreBuilder (DBStoreBuilder.java:addTable(110)) - using custom profile for table: dTokenTable
2019-08-23 02:50:09,425 [main] INFO  db.DBStoreBuilder (DBStoreBuilder.java:processTables(161)) - Using default column profile:DBProfile.DISK for Table:dTokenTable
2019-08-23 02:50:09,426 [main] INFO  db.DBStoreBuilder (DBStoreBuilder.java:addTable(110)) - using custom profile for table: s3SecretTable
2019-08-23 02:50:09,426 [main] INFO  db.DBStoreBuilder (DBStoreBuilder.java:processTables(161)) - Using default column profile:DBProfile.DISK for Table:s3SecretTable
2019-08-23 02:50:09,426 [main] INFO  db.DBStoreBuilder (DBStoreBuilder.java:addTable(110)) - using custom profile for table: prefixTable
2019-08-23 02:50:09,426 [main] INFO  db.DBStoreBuilder (DBStoreBuilder.java:processTables(161)) - Using default column profile:DBProfile.DISK for Table:prefixTable
2019-08-23 02:50:09,426 [main] INFO  db.DBStoreBuilder (DBStoreBuilder.java:addTable(110)) - using custom profile for table: default
2019-08-23 02:50:09,427 [main] INFO  db.DBStoreBuilder (DBStoreBuilder.java:processTables(167)) - Using default column profile:DBProfile.DISK for Table:default
2019-08-23 02:50:09,427 [main] INFO  db.DBStoreBuilder (DBStoreBuilder.java:getDbProfile(198)) - Using default options. DBProfile.DISK
2019-08-23 02:50:09,530 | INFO  | SCMAudit | user=jenkins1000 | ip=192.168.36.77 | op=SEND_HEARTBEAT {datanodeUUID=674baee6-143c-441e-9e30-0d895b06f838, command=[]} | ret=SUCCESS |  
2019-08-23 02:50:09,743 | INFO  | SCMAudit | user=jenkins1000 | ip=192.168.36.77 | op=SEND_HEARTBEAT {datanodeUUID=6e366328-a21a-42d1-a497-c25b5c1bc291, command=[]} | ret=SUCCESS |  
2019-08-23 02:50:09,951 | INFO  | SCMAudit | user=jenkins1000 | ip=192.168.36.77 | op=SEND_HEARTBEAT {datanodeUUID=5c5e51ce-aa4b-45fa-b548-3aebeb03959c, command=[]} | ret=SUCCESS |  
2019-08-23 02:50:09,951 | INFO  | SCMAudit | user=jenkins1000 | ip=192.168.36.77 | op=SEND_HEARTBEAT {datanodeUUID=15fd999f-62be-4877-833a-993ce600606a, command=[]} | ret=SUCCESS |  
2019-08-23 02:50:10,141 | INFO  | SCMAudit | user=jenkins1000 | ip=192.168.36.77 | op=SEND_HEARTBEAT {datanodeUUID=e824def4-fdb0-4d06-a3a6-273d371b8d7d, command=[]} | ret=SUCCESS |  
2019-08-23 02:50:10,144 | INFO  | SCMAudit | user=jenkins1000 | ip=192.168.36.77 | op=SEND_HEARTBEAT {datanodeUUID=004b6b6e-41ce-4475-9f2f-481aedf9c953, command=[]} | ret=SUCCESS |  
2019-08-23 02:50:10,350 | INFO  | SCMAudit | user=jenkins1000 | ip=192.168.36.77 | op=SEND_HEARTBEAT {datanodeUUID=50e43da2-e7e0-478c-b7e8-9638b0c061cc, command=[]} | ret=SUCCESS |  
2019-08-23 02:50:10,524 [main] INFO  ipc.CallQueueManager (CallQueueManager.java:<init>(84)) - Using callQueue: class java.util.concurrent.LinkedBlockingQueue, queueCapacity: 2000, scheduler: class org.apache.hadoop.ipc.DefaultRpcScheduler, ipcBackoff: false.
2019-08-23 02:50:10,525 [Socket Reader #1 for port 38277] INFO  ipc.Server (Server.java:run(1074)) - Starting Socket Reader #1 for port 38277
2019-08-23 02:50:10,530 | INFO  | SCMAudit | user=jenkins1000 | ip=192.168.36.77 | op=SEND_HEARTBEAT {datanodeUUID=674baee6-143c-441e-9e30-0d895b06f838, command=[]} | ret=SUCCESS |  
2019-08-23 02:50:10,549 [main] INFO  om.OzoneManager (OzoneManager.java:start(1259)) - OzoneManager RPC server is listening at localhost/127.0.0.1:38277
2019-08-23 02:50:10,549 [main] INFO  impl.MetricsSystemImpl (MetricsSystemImpl.java:init(158)) - OzoneManager metrics system started (again)
2019-08-23 02:50:10,550 [IPC Server Responder] INFO  ipc.Server (Server.java:run(1314)) - IPC Server Responder: starting
2019-08-23 02:50:10,550 [IPC Server listener on 38277] INFO  ipc.Server (Server.java:run(1153)) - IPC Server listener on 38277: starting
2019-08-23 02:50:10,559 [main] INFO  hdfs.DFSUtil (DFSUtil.java:httpServerTemplateForNNAndJN(1641)) - Starting Web-server for ozoneManager at: http://0.0.0.0:0
2019-08-23 02:50:10,560 [main] INFO  server.AuthenticationFilter (AuthenticationFilter.java:constructSecretProvider(240)) - Unable to initialize FileSignerSecretProvider, falling back to use random secrets.
2019-08-23 02:50:10,561 [main] WARN  http.HttpRequestLog (HttpRequestLog.java:getRequestLog(97)) - Jetty request log can only be enabled using Log4j
2019-08-23 02:50:10,562 [main] INFO  http.HttpServer2 (HttpServer2.java:addGlobalFilter(975)) - Added global filter 'safety' (class=org.apache.hadoop.http.HttpServer2$QuotingInputFilter)
2019-08-23 02:50:10,563 [main] INFO  http.HttpServer2 (HttpServer2.java:addFilter(948)) - Added filter static_user_filter (class=org.apache.hadoop.http.lib.StaticUserWebFilter$StaticUserFilter) to context ozoneManager
2019-08-23 02:50:10,563 [main] INFO  http.HttpServer2 (HttpServer2.java:addFilter(958)) - Added filter static_user_filter (class=org.apache.hadoop.http.lib.StaticUserWebFilter$StaticUserFilter) to context static
2019-08-23 02:50:10,563 [main] INFO  http.HttpServer2 (HttpServer2.java:addFilter(958)) - Added filter static_user_filter (class=org.apache.hadoop.http.lib.StaticUserWebFilter$StaticUserFilter) to context logs
2019-08-23 02:50:10,564 [main] INFO  http.HttpServer2 (HttpServer2.java:bindListener(1191)) - Jetty bound to port 44057
2019-08-23 02:50:10,564 [main] INFO  server.Server (Server.java:doStart(351)) - jetty-9.3.24.v20180605, build timestamp: 2018-06-05T17:11:56Z, git hash: 84205aa28f11a4f31f2a3b86d1bba2cc8ab69827
2019-08-23 02:50:10,566 [main] INFO  handler.ContextHandler (ContextHandler.java:doStart(781)) - Started o.e.j.s.ServletContextHandler@21d561c9{/logs,file:///workdir/hadoop-ozone/integration-test/target/log,AVAILABLE}
2019-08-23 02:50:10,567 [main] INFO  handler.ContextHandler (ContextHandler.java:doStart(781)) - Started o.e.j.s.ServletContextHandler@2bef33e7{/static,file:///workdir/hadoop-ozone/integration-test/target/test-classes/webapps/static,AVAILABLE}
2019-08-23 02:50:10,571 [main] INFO  handler.ContextHandler (ContextHandler.java:doStart(781)) - Started o.e.j.w.WebAppContext@507e3e77{/,file:///workdir/hadoop-ozone/integration-test/target/test-classes/webapps/ozoneManager/,AVAILABLE}{/ozoneManager}
2019-08-23 02:50:10,572 [main] INFO  server.AbstractConnector (AbstractConnector.java:doStart(278)) - Started ServerConnector@73796ae5{HTTP/1.1,[http/1.1]}{0.0.0.0:44057}
2019-08-23 02:50:10,575 [main] INFO  server.Server (Server.java:doStart(419)) - Started @220837ms
2019-08-23 02:50:10,577 [main] INFO  server.BaseHttpServer (BaseHttpServer.java:updateConnectorAddress(213)) - HTTP server of OZONEMANAGER is listening at http://0.0.0.0:44057
2019-08-23 02:50:10,594 [main] INFO  impl.MetricsSystemImpl (MetricsSystemImpl.java:init(158)) - HddsDatanode metrics system started (again)
2019-08-23 02:50:10,614 [main] INFO  ozone.HddsDatanodeService (HddsDatanodeService.java:start(184)) - HddsDatanodeService host:pr-hdds-2000-5mb45-3533150274 ip:192.168.36.77
2019-08-23 02:50:10,626 [main] INFO  volume.HddsVolume (HddsVolume.java:<init>(176)) - Creating Volume: /workdir/hadoop-ozone/integration-test/target/test-dir/MiniOzoneClusterImpl-ddc7a5e3-92e7-4869-8d12-20395c099e28/datanode-0/data/containers/hdds of  storage type : DISK and capacity : 1482555576320
2019-08-23 02:50:10,626 [main] INFO  volume.VolumeSet (VolumeSet.java:initializeVolumeSet(170)) - Added Volume : /workdir/hadoop-ozone/integration-test/target/test-dir/MiniOzoneClusterImpl-ddc7a5e3-92e7-4869-8d12-20395c099e28/datanode-0/data/containers/hdds to VolumeSet
2019-08-23 02:50:10,626 [main] INFO  volume.ThrottledAsyncChecker (ThrottledAsyncChecker.java:schedule(140)) - Scheduling a check for org.apache.hadoop.ozone.container.common.volume.HddsVolume@7de2c19c
2019-08-23 02:50:10,627 [main] INFO  volume.HddsVolumeChecker (HddsVolumeChecker.java:checkAllVolumes(203)) - Scheduled health check for volume org.apache.hadoop.ozone.container.common.volume.HddsVolume@7de2c19c
2019-08-23 02:50:10,646 [main] INFO  impl.RaftServerProxy (ConfUtils.java:logGet(43)) - raft.rpc.type = GRPC (default)
2019-08-23 02:50:10,646 [main] INFO  grpc.GrpcFactory (GrpcFactory.java:checkPooledByteBufAllocatorUseCacheForAllThreads(45)) - PERFORMANCE WARNING: useCacheForAllThreads is true that may cause Netty to create a lot garbage objects and, as a result, trigger GC.
	It is recommended to disable useCacheForAllThreads by setting -Dorg.apache.ratis.thirdparty.io.netty.allocator.useCacheForAllThreads=false in command line.
2019-08-23 02:50:10,646 [main] INFO  grpc.GrpcConfigKeys$Server (ConfUtils.java:logGet(43)) - raft.grpc.server.port = 0 (default)
2019-08-23 02:50:10,647 [main] INFO  server.GrpcService (ConfUtils.java:logGet(43)) - raft.grpc.message.size.max = 33570816 (custom)
2019-08-23 02:50:10,647 [main] INFO  server.RaftServerConfigKeys (ConfUtils.java:logGet(43)) - raft.server.log.appender.buffer.byte-limit = 33554432 (custom)
2019-08-23 02:50:10,647 [main] INFO  server.GrpcService (ConfUtils.java:logGet(43)) - raft.grpc.flow.control.window = 1MB (=1048576) (default)
2019-08-23 02:50:10,647 [main] INFO  server.RaftServerConfigKeys (ConfUtils.java:logGet(43)) - raft.server.rpc.request.timeout = 3000ms (default)
2019-08-23 02:50:10,648 [main] INFO  server.RaftServerConfigKeys (ConfUtils.java:logGet(43)) - raft.server.storage.dir = [/workdir/hadoop-ozone/integration-test/target/test-dir/MiniOzoneClusterImpl-ddc7a5e3-92e7-4869-8d12-20395c099e28/datanode-0/data/ratis] (custom)
2019-08-23 02:50:10,648 [main] INFO  replication.SimpleContainerDownloader (SimpleContainerDownloader.java:<init>(72)) - Starting container downloader service to copy containers to replicate.
2019-08-23 02:50:10,649 [main] INFO  hdfs.DFSUtil (DFSUtil.java:httpServerTemplateForNNAndJN(1641)) - Starting Web-server for hddsDatanode at: http://0.0.0.0:0
2019-08-23 02:50:10,651 [main] INFO  server.AuthenticationFilter (AuthenticationFilter.java:constructSecretProvider(240)) - Unable to initialize FileSignerSecretProvider, falling back to use random secrets.
2019-08-23 02:50:10,651 [main] WARN  http.HttpRequestLog (HttpRequestLog.java:getRequestLog(97)) - Jetty request log can only be enabled using Log4j
2019-08-23 02:50:10,653 [main] INFO  http.HttpServer2 (HttpServer2.java:addGlobalFilter(975)) - Added global filter 'safety' (class=org.apache.hadoop.http.HttpServer2$QuotingInputFilter)
2019-08-23 02:50:10,654 [main] INFO  http.HttpServer2 (HttpServer2.java:addFilter(948)) - Added filter static_user_filter (class=org.apache.hadoop.http.lib.StaticUserWebFilter$StaticUserFilter) to context hddsDatanode
2019-08-23 02:50:10,654 [main] INFO  http.HttpServer2 (HttpServer2.java:addFilter(958)) - Added filter static_user_filter (class=org.apache.hadoop.http.lib.StaticUserWebFilter$StaticUserFilter) to context static
2019-08-23 02:50:10,654 [main] INFO  http.HttpServer2 (HttpServer2.java:addFilter(958)) - Added filter static_user_filter (class=org.apache.hadoop.http.lib.StaticUserWebFilter$StaticUserFilter) to context logs
2019-08-23 02:50:10,655 [main] INFO  http.HttpServer2 (HttpServer2.java:bindListener(1191)) - Jetty bound to port 41891
2019-08-23 02:50:10,655 [main] INFO  server.Server (Server.java:doStart(351)) - jetty-9.3.24.v20180605, build timestamp: 2018-06-05T17:11:56Z, git hash: 84205aa28f11a4f31f2a3b86d1bba2cc8ab69827
2019-08-23 02:50:10,656 [main] INFO  handler.ContextHandler (ContextHandler.java:doStart(781)) - Started o.e.j.s.ServletContextHandler@68ee7b3b{/logs,file:///workdir/hadoop-ozone/integration-test/target/log,AVAILABLE}
2019-08-23 02:50:10,657 [main] INFO  handler.ContextHandler (ContextHandler.java:doStart(781)) - Started o.e.j.s.ServletContextHandler@4ceb368b{/static,jar:file:/home/user/.m2/repository/org/apache/hadoop/hadoop-hdds-container-service/0.5.0-SNAPSHOT/hadoop-hdds-container-service-0.5.0-SNAPSHOT.jar!/webapps/static,AVAILABLE}
2019-08-23 02:50:10,712 [main] INFO  handler.ContextHandler (ContextHandler.java:doStart(781)) - Started o.e.j.w.WebAppContext@154cbb46{/,file:///tmp/jetty-0.0.0.0-41891-hddsDatanode-_-any-2912952354991582878.dir/webapp/,AVAILABLE}{/hddsDatanode}
2019-08-23 02:50:10,713 [main] INFO  server.AbstractConnector (AbstractConnector.java:doStart(278)) - Started ServerConnector@58fbecde{HTTP/1.1,[http/1.1]}{0.0.0.0:41891}
2019-08-23 02:50:10,716 [main] INFO  server.Server (Server.java:doStart(419)) - Started @220978ms
2019-08-23 02:50:10,717 [main] INFO  server.BaseHttpServer (BaseHttpServer.java:updateConnectorAddress(213)) - HTTP server of HDDSDATANODE is listening at http://0.0.0.0:41891
2019-08-23 02:50:10,743 | INFO  | SCMAudit | user=jenkins1000 | ip=192.168.36.77 | op=SEND_HEARTBEAT {datanodeUUID=6e366328-a21a-42d1-a497-c25b5c1bc291, command=[]} | ret=SUCCESS |  
2019-08-23 02:50:11,069 | INFO  | SCMAudit | user=jenkins1000 | ip=192.168.36.77 | op=SEND_HEARTBEAT {datanodeUUID=5c5e51ce-aa4b-45fa-b548-3aebeb03959c, command=[]} | ret=SUCCESS |  
2019-08-23 02:50:11,069 | INFO  | SCMAudit | user=jenkins1000 | ip=192.168.36.77 | op=SEND_HEARTBEAT {datanodeUUID=15fd999f-62be-4877-833a-993ce600606a, command=[]} | ret=SUCCESS |  
2019-08-23 02:50:11,092 | INFO  | ObjectStoreRestHttpServer | Listening HDDS REST traffic on /0.0.0.0:37650 |  
2019-08-23 02:50:11,094 [main] INFO  ozone.HddsDatanodeService (HddsDatanodeService.java:startPlugins(395)) - Started plug-in org.apache.hadoop.ozone.web.OzoneHddsDatanodeService@2d541e01
2019-08-23 02:50:11,095 [main] INFO  impl.MetricsSystemImpl (MetricsSystemImpl.java:init(158)) - HddsDatanode metrics system started (again)
2019-08-23 02:50:11,114 [org.apache.hadoop.util.JvmPauseMonitor$Monitor@2f54d0e7] INFO  util.JvmPauseMonitor (JvmPauseMonitor.java:run(188)) - Starting JVM pause monitor
2019-08-23 02:50:11,116 [main] INFO  ozone.HddsDatanodeService (HddsDatanodeService.java:start(184)) - HddsDatanodeService host:pr-hdds-2000-5mb45-3533150274 ip:192.168.36.77
2019-08-23 02:50:11,116 [Datanode State Machine Thread - 0] INFO  datanode.InitDatanodeState (InitDatanodeState.java:persistContainerDatanodeDetails(140)) - DatanodeDetails is persisted to /workdir/hadoop-ozone/integration-test/target/test-dir/MiniOzoneClusterImpl-ddc7a5e3-92e7-4869-8d12-20395c099e28/datanode-0/meta/datanode.id
2019-08-23 02:50:11,127 [main] INFO  volume.HddsVolume (HddsVolume.java:<init>(176)) - Creating Volume: /workdir/hadoop-ozone/integration-test/target/test-dir/MiniOzoneClusterImpl-ddc7a5e3-92e7-4869-8d12-20395c099e28/datanode-1/data/containers/hdds of  storage type : DISK and capacity : 1482555576320
2019-08-23 02:50:11,128 [main] INFO  volume.VolumeSet (VolumeSet.java:initializeVolumeSet(170)) - Added Volume : /workdir/hadoop-ozone/integration-test/target/test-dir/MiniOzoneClusterImpl-ddc7a5e3-92e7-4869-8d12-20395c099e28/datanode-1/data/containers/hdds to VolumeSet
2019-08-23 02:50:11,128 [main] INFO  volume.ThrottledAsyncChecker (ThrottledAsyncChecker.java:schedule(140)) - Scheduling a check for org.apache.hadoop.ozone.container.common.volume.HddsVolume@8b93c88
2019-08-23 02:50:11,128 [main] INFO  volume.HddsVolumeChecker (HddsVolumeChecker.java:checkAllVolumes(203)) - Scheduled health check for volume org.apache.hadoop.ozone.container.common.volume.HddsVolume@8b93c88
2019-08-23 02:50:11,140 | INFO  | SCMAudit | user=jenkins1000 | ip=192.168.36.77 | op=SEND_HEARTBEAT {datanodeUUID=e824def4-fdb0-4d06-a3a6-273d371b8d7d, command=[]} | ret=SUCCESS |  
2019-08-23 02:50:11,145 | INFO  | SCMAudit | user=jenkins1000 | ip=192.168.36.77 | op=SEND_HEARTBEAT {datanodeUUID=004b6b6e-41ce-4475-9f2f-481aedf9c953, command=[]} | ret=SUCCESS |  
2019-08-23 02:50:11,145 [main] INFO  impl.RaftServerProxy (ConfUtils.java:logGet(43)) - raft.rpc.type = GRPC (default)
2019-08-23 02:50:11,145 [main] INFO  grpc.GrpcFactory (GrpcFactory.java:checkPooledByteBufAllocatorUseCacheForAllThreads(45)) - PERFORMANCE WARNING: useCacheForAllThreads is true that may cause Netty to create a lot garbage objects and, as a result, trigger GC.
	It is recommended to disable useCacheForAllThreads by setting -Dorg.apache.ratis.thirdparty.io.netty.allocator.useCacheForAllThreads=false in command line.
2019-08-23 02:50:11,146 [main] INFO  grpc.GrpcConfigKeys$Server (ConfUtils.java:logGet(43)) - raft.grpc.server.port = 0 (default)
2019-08-23 02:50:11,146 [main] INFO  server.GrpcService (ConfUtils.java:logGet(43)) - raft.grpc.message.size.max = 33570816 (custom)
2019-08-23 02:50:11,146 [main] INFO  server.RaftServerConfigKeys (ConfUtils.java:logGet(43)) - raft.server.log.appender.buffer.byte-limit = 33554432 (custom)
2019-08-23 02:50:11,146 [main] INFO  server.GrpcService (ConfUtils.java:logGet(43)) - raft.grpc.flow.control.window = 1MB (=1048576) (default)
2019-08-23 02:50:11,146 [main] INFO  server.RaftServerConfigKeys (ConfUtils.java:logGet(43)) - raft.server.rpc.request.timeout = 3000ms (default)
2019-08-23 02:50:11,147 [main] INFO  server.RaftServerConfigKeys (ConfUtils.java:logGet(43)) - raft.server.storage.dir = [/workdir/hadoop-ozone/integration-test/target/test-dir/MiniOzoneClusterImpl-ddc7a5e3-92e7-4869-8d12-20395c099e28/datanode-1/data/ratis] (custom)
2019-08-23 02:50:11,147 [main] INFO  replication.SimpleContainerDownloader (SimpleContainerDownloader.java:<init>(72)) - Starting container downloader service to copy containers to replicate.
2019-08-23 02:50:11,148 [main] INFO  hdfs.DFSUtil (DFSUtil.java:httpServerTemplateForNNAndJN(1641)) - Starting Web-server for hddsDatanode at: http://0.0.0.0:0
2019-08-23 02:50:11,149 [main] INFO  server.AuthenticationFilter (AuthenticationFilter.java:constructSecretProvider(240)) - Unable to initialize FileSignerSecretProvider, falling back to use random secrets.
2019-08-23 02:50:11,150 [main] WARN  http.HttpRequestLog (HttpRequestLog.java:getRequestLog(97)) - Jetty request log can only be enabled using Log4j
2019-08-23 02:50:11,151 [main] INFO  http.HttpServer2 (HttpServer2.java:addGlobalFilter(975)) - Added global filter 'safety' (class=org.apache.hadoop.http.HttpServer2$QuotingInputFilter)
2019-08-23 02:50:11,151 [main] INFO  http.HttpServer2 (HttpServer2.java:addFilter(948)) - Added filter static_user_filter (class=org.apache.hadoop.http.lib.StaticUserWebFilter$StaticUserFilter) to context hddsDatanode
2019-08-23 02:50:11,152 [main] INFO  http.HttpServer2 (HttpServer2.java:addFilter(958)) - Added filter static_user_filter (class=org.apache.hadoop.http.lib.StaticUserWebFilter$StaticUserFilter) to context logs
2019-08-23 02:50:11,152 [main] INFO  http.HttpServer2 (HttpServer2.java:addFilter(958)) - Added filter static_user_filter (class=org.apache.hadoop.http.lib.StaticUserWebFilter$StaticUserFilter) to context static
2019-08-23 02:50:11,152 [main] INFO  http.HttpServer2 (HttpServer2.java:bindListener(1191)) - Jetty bound to port 38331
2019-08-23 02:50:11,152 [main] INFO  server.Server (Server.java:doStart(351)) - jetty-9.3.24.v20180605, build timestamp: 2018-06-05T17:11:56Z, git hash: 84205aa28f11a4f31f2a3b86d1bba2cc8ab69827
2019-08-23 02:50:11,154 [main] INFO  handler.ContextHandler (ContextHandler.java:doStart(781)) - Started o.e.j.s.ServletContextHandler@3fecdd00{/logs,file:///workdir/hadoop-ozone/integration-test/target/log,AVAILABLE}
2019-08-23 02:50:11,154 [main] INFO  handler.ContextHandler (ContextHandler.java:doStart(781)) - Started o.e.j.s.ServletContextHandler@64c1a76e{/static,jar:file:/home/user/.m2/repository/org/apache/hadoop/hadoop-hdds-container-service/0.5.0-SNAPSHOT/hadoop-hdds-container-service-0.5.0-SNAPSHOT.jar!/webapps/static,AVAILABLE}
2019-08-23 02:50:11,202 [main] INFO  handler.ContextHandler (ContextHandler.java:doStart(781)) - Started o.e.j.w.WebAppContext@e74300b{/,file:///tmp/jetty-0.0.0.0-38331-hddsDatanode-_-any-1250730669369110642.dir/webapp/,AVAILABLE}{/hddsDatanode}
2019-08-23 02:50:11,203 [main] INFO  server.AbstractConnector (AbstractConnector.java:doStart(278)) - Started ServerConnector@1aade3c{HTTP/1.1,[http/1.1]}{0.0.0.0:38331}
2019-08-23 02:50:11,206 [main] INFO  server.Server (Server.java:doStart(419)) - Started @221468ms
2019-08-23 02:50:11,207 [main] INFO  server.BaseHttpServer (BaseHttpServer.java:updateConnectorAddress(213)) - HTTP server of HDDSDATANODE is listening at http://0.0.0.0:38331
2019-08-23 02:50:11,340 | INFO  | ObjectStoreRestHttpServer | Listening HDDS REST traffic on /0.0.0.0:37824 |  
2019-08-23 02:50:11,340 [main] INFO  ozone.HddsDatanodeService (HddsDatanodeService.java:startPlugins(395)) - Started plug-in org.apache.hadoop.ozone.web.OzoneHddsDatanodeService@664c0466
2019-08-23 02:50:11,340 [main] INFO  impl.MetricsSystemImpl (MetricsSystemImpl.java:init(158)) - HddsDatanode metrics system started (again)
2019-08-23 02:50:11,349 | INFO  | SCMAudit | user=jenkins1000 | ip=192.168.36.77 | op=SEND_HEARTBEAT {datanodeUUID=50e43da2-e7e0-478c-b7e8-9638b0c061cc, command=[]} | ret=SUCCESS |  
2019-08-23 02:50:11,357 [org.apache.hadoop.util.JvmPauseMonitor$Monitor@dbec773] INFO  util.JvmPauseMonitor (JvmPauseMonitor.java:run(188)) - Starting JVM pause monitor
2019-08-23 02:50:11,359 [Datanode State Machine Thread - 0] INFO  datanode.InitDatanodeState (InitDatanodeState.java:persistContainerDatanodeDetails(140)) - DatanodeDetails is persisted to /workdir/hadoop-ozone/integration-test/target/test-dir/MiniOzoneClusterImpl-ddc7a5e3-92e7-4869-8d12-20395c099e28/datanode-1/meta/datanode.id
2019-08-23 02:50:11,359 [main] INFO  ozone.HddsDatanodeService (HddsDatanodeService.java:start(184)) - HddsDatanodeService host:pr-hdds-2000-5mb45-3533150274 ip:192.168.36.77
2019-08-23 02:50:11,373 [main] INFO  volume.HddsVolume (HddsVolume.java:<init>(176)) - Creating Volume: /workdir/hadoop-ozone/integration-test/target/test-dir/MiniOzoneClusterImpl-ddc7a5e3-92e7-4869-8d12-20395c099e28/datanode-2/data/containers/hdds of  storage type : DISK and capacity : 1482555576320
2019-08-23 02:50:11,374 [main] INFO  volume.VolumeSet (VolumeSet.java:initializeVolumeSet(170)) - Added Volume : /workdir/hadoop-ozone/integration-test/target/test-dir/MiniOzoneClusterImpl-ddc7a5e3-92e7-4869-8d12-20395c099e28/datanode-2/data/containers/hdds to VolumeSet
2019-08-23 02:50:11,374 [main] INFO  volume.ThrottledAsyncChecker (ThrottledAsyncChecker.java:schedule(140)) - Scheduling a check for org.apache.hadoop.ozone.container.common.volume.HddsVolume@5f1eff72
2019-08-23 02:50:11,375 [main] INFO  volume.HddsVolumeChecker (HddsVolumeChecker.java:checkAllVolumes(203)) - Scheduled health check for volume org.apache.hadoop.ozone.container.common.volume.HddsVolume@5f1eff72
2019-08-23 02:50:11,391 [main] INFO  impl.RaftServerProxy (ConfUtils.java:logGet(43)) - raft.rpc.type = GRPC (default)
2019-08-23 02:50:11,391 [main] INFO  grpc.GrpcFactory (GrpcFactory.java:checkPooledByteBufAllocatorUseCacheForAllThreads(45)) - PERFORMANCE WARNING: useCacheForAllThreads is true that may cause Netty to create a lot garbage objects and, as a result, trigger GC.
	It is recommended to disable useCacheForAllThreads by setting -Dorg.apache.ratis.thirdparty.io.netty.allocator.useCacheForAllThreads=false in command line.
2019-08-23 02:50:11,391 [main] INFO  grpc.GrpcConfigKeys$Server (ConfUtils.java:logGet(43)) - raft.grpc.server.port = 0 (default)
2019-08-23 02:50:11,391 [main] INFO  server.GrpcService (ConfUtils.java:logGet(43)) - raft.grpc.message.size.max = 33570816 (custom)
2019-08-23 02:50:11,392 [main] INFO  server.RaftServerConfigKeys (ConfUtils.java:logGet(43)) - raft.server.log.appender.buffer.byte-limit = 33554432 (custom)
2019-08-23 02:50:11,392 [main] INFO  server.GrpcService (ConfUtils.java:logGet(43)) - raft.grpc.flow.control.window = 1MB (=1048576) (default)
2019-08-23 02:50:11,392 [main] INFO  server.RaftServerConfigKeys (ConfUtils.java:logGet(43)) - raft.server.rpc.request.timeout = 3000ms (default)
2019-08-23 02:50:11,392 [main] INFO  server.RaftServerConfigKeys (ConfUtils.java:logGet(43)) - raft.server.storage.dir = [/workdir/hadoop-ozone/integration-test/target/test-dir/MiniOzoneClusterImpl-ddc7a5e3-92e7-4869-8d12-20395c099e28/datanode-2/data/ratis] (custom)
2019-08-23 02:50:11,393 [main] INFO  replication.SimpleContainerDownloader (SimpleContainerDownloader.java:<init>(72)) - Starting container downloader service to copy containers to replicate.
2019-08-23 02:50:11,394 [main] INFO  hdfs.DFSUtil (DFSUtil.java:httpServerTemplateForNNAndJN(1641)) - Starting Web-server for hddsDatanode at: http://0.0.0.0:0
2019-08-23 02:50:11,395 [main] INFO  server.AuthenticationFilter (AuthenticationFilter.java:constructSecretProvider(240)) - Unable to initialize FileSignerSecretProvider, falling back to use random secrets.
2019-08-23 02:50:11,395 [main] WARN  http.HttpRequestLog (HttpRequestLog.java:getRequestLog(97)) - Jetty request log can only be enabled using Log4j
2019-08-23 02:50:11,397 [main] INFO  http.HttpServer2 (HttpServer2.java:addGlobalFilter(975)) - Added global filter 'safety' (class=org.apache.hadoop.http.HttpServer2$QuotingInputFilter)
2019-08-23 02:50:11,397 [main] INFO  http.HttpServer2 (HttpServer2.java:addFilter(948)) - Added filter static_user_filter (class=org.apache.hadoop.http.lib.StaticUserWebFilter$StaticUserFilter) to context hddsDatanode
2019-08-23 02:50:11,398 [main] INFO  http.HttpServer2 (HttpServer2.java:addFilter(958)) - Added filter static_user_filter (class=org.apache.hadoop.http.lib.StaticUserWebFilter$StaticUserFilter) to context logs
2019-08-23 02:50:11,398 [main] INFO  http.HttpServer2 (HttpServer2.java:addFilter(958)) - Added filter static_user_filter (class=org.apache.hadoop.http.lib.StaticUserWebFilter$StaticUserFilter) to context static
2019-08-23 02:50:11,399 [main] INFO  http.HttpServer2 (HttpServer2.java:bindListener(1191)) - Jetty bound to port 42094
2019-08-23 02:50:11,399 [main] INFO  server.Server (Server.java:doStart(351)) - jetty-9.3.24.v20180605, build timestamp: 2018-06-05T17:11:56Z, git hash: 84205aa28f11a4f31f2a3b86d1bba2cc8ab69827
2019-08-23 02:50:11,401 [main] INFO  handler.ContextHandler (ContextHandler.java:doStart(781)) - Started o.e.j.s.ServletContextHandler@396a4dea{/logs,file:///workdir/hadoop-ozone/integration-test/target/log,AVAILABLE}
2019-08-23 02:50:11,401 [main] INFO  handler.ContextHandler (ContextHandler.java:doStart(781)) - Started o.e.j.s.ServletContextHandler@6b5c4b75{/static,jar:file:/home/user/.m2/repository/org/apache/hadoop/hadoop-hdds-container-service/0.5.0-SNAPSHOT/hadoop-hdds-container-service-0.5.0-SNAPSHOT.jar!/webapps/static,AVAILABLE}
2019-08-23 02:50:11,431 [main] INFO  handler.ContextHandler (ContextHandler.java:doStart(781)) - Started o.e.j.w.WebAppContext@35ffe3ac{/,file:///tmp/jetty-0.0.0.0-42094-hddsDatanode-_-any-6289642970540505627.dir/webapp/,AVAILABLE}{/hddsDatanode}
2019-08-23 02:50:11,432 [main] INFO  server.AbstractConnector (AbstractConnector.java:doStart(278)) - Started ServerConnector@60fc4450{HTTP/1.1,[http/1.1]}{0.0.0.0:42094}
2019-08-23 02:50:11,437 [main] INFO  server.Server (Server.java:doStart(419)) - Started @221698ms
2019-08-23 02:50:11,438 [main] INFO  server.BaseHttpServer (BaseHttpServer.java:updateConnectorAddress(213)) - HTTP server of HDDSDATANODE is listening at http://0.0.0.0:42094
2019-08-23 02:50:11,530 | INFO  | SCMAudit | user=jenkins1000 | ip=192.168.36.77 | op=SEND_HEARTBEAT {datanodeUUID=674baee6-143c-441e-9e30-0d895b06f838, command=[]} | ret=SUCCESS |  
2019-08-23 02:50:11,563 | INFO  | ObjectStoreRestHttpServer | Listening HDDS REST traffic on /0.0.0.0:33014 |  
2019-08-23 02:50:11,563 [main] INFO  ozone.HddsDatanodeService (HddsDatanodeService.java:startPlugins(395)) - Started plug-in org.apache.hadoop.ozone.web.OzoneHddsDatanodeService@9203db8
2019-08-23 02:50:11,563 [main] INFO  impl.MetricsSystemImpl (MetricsSystemImpl.java:init(158)) - HddsDatanode metrics system started (again)
2019-08-23 02:50:11,582 [org.apache.hadoop.util.JvmPauseMonitor$Monitor@4f3e296f] INFO  util.JvmPauseMonitor (JvmPauseMonitor.java:run(188)) - Starting JVM pause monitor
2019-08-23 02:50:11,583 [main] INFO  ozone.HddsDatanodeService (HddsDatanodeService.java:start(184)) - HddsDatanodeService host:pr-hdds-2000-5mb45-3533150274 ip:192.168.36.77
2019-08-23 02:50:11,584 [Datanode State Machine Thread - 0] INFO  datanode.InitDatanodeState (InitDatanodeState.java:persistContainerDatanodeDetails(140)) - DatanodeDetails is persisted to /workdir/hadoop-ozone/integration-test/target/test-dir/MiniOzoneClusterImpl-ddc7a5e3-92e7-4869-8d12-20395c099e28/datanode-2/meta/datanode.id
2019-08-23 02:50:11,595 [main] INFO  volume.HddsVolume (HddsVolume.java:<init>(176)) - Creating Volume: /workdir/hadoop-ozone/integration-test/target/test-dir/MiniOzoneClusterImpl-ddc7a5e3-92e7-4869-8d12-20395c099e28/datanode-3/data/containers/hdds of  storage type : DISK and capacity : 1482555576320
2019-08-23 02:50:11,595 [main] INFO  volume.VolumeSet (VolumeSet.java:initializeVolumeSet(170)) - Added Volume : /workdir/hadoop-ozone/integration-test/target/test-dir/MiniOzoneClusterImpl-ddc7a5e3-92e7-4869-8d12-20395c099e28/datanode-3/data/containers/hdds to VolumeSet
2019-08-23 02:50:11,596 [main] INFO  volume.ThrottledAsyncChecker (ThrottledAsyncChecker.java:schedule(140)) - Scheduling a check for org.apache.hadoop.ozone.container.common.volume.HddsVolume@178f5b5b
2019-08-23 02:50:11,597 [main] INFO  volume.HddsVolumeChecker (HddsVolumeChecker.java:checkAllVolumes(203)) - Scheduled health check for volume org.apache.hadoop.ozone.container.common.volume.HddsVolume@178f5b5b
2019-08-23 02:50:11,617 [main] INFO  impl.RaftServerProxy (ConfUtils.java:logGet(43)) - raft.rpc.type = GRPC (default)
2019-08-23 02:50:11,618 [main] INFO  grpc.GrpcFactory (GrpcFactory.java:checkPooledByteBufAllocatorUseCacheForAllThreads(45)) - PERFORMANCE WARNING: useCacheForAllThreads is true that may cause Netty to create a lot garbage objects and, as a result, trigger GC.
	It is recommended to disable useCacheForAllThreads by setting -Dorg.apache.ratis.thirdparty.io.netty.allocator.useCacheForAllThreads=false in command line.
2019-08-23 02:50:11,618 [main] INFO  grpc.GrpcConfigKeys$Server (ConfUtils.java:logGet(43)) - raft.grpc.server.port = 0 (default)
2019-08-23 02:50:11,618 [main] INFO  server.GrpcService (ConfUtils.java:logGet(43)) - raft.grpc.message.size.max = 33570816 (custom)
2019-08-23 02:50:11,618 [main] INFO  server.RaftServerConfigKeys (ConfUtils.java:logGet(43)) - raft.server.log.appender.buffer.byte-limit = 33554432 (custom)
2019-08-23 02:50:11,619 [main] INFO  server.GrpcService (ConfUtils.java:logGet(43)) - raft.grpc.flow.control.window = 1MB (=1048576) (default)
2019-08-23 02:50:11,619 [main] INFO  server.RaftServerConfigKeys (ConfUtils.java:logGet(43)) - raft.server.rpc.request.timeout = 3000ms (default)
2019-08-23 02:50:11,620 [main] INFO  server.RaftServerConfigKeys (ConfUtils.java:logGet(43)) - raft.server.storage.dir = [/workdir/hadoop-ozone/integration-test/target/test-dir/MiniOzoneClusterImpl-ddc7a5e3-92e7-4869-8d12-20395c099e28/datanode-3/data/ratis] (custom)
2019-08-23 02:50:11,620 [main] INFO  replication.SimpleContainerDownloader (SimpleContainerDownloader.java:<init>(72)) - Starting container downloader service to copy containers to replicate.
2019-08-23 02:50:11,621 [main] INFO  hdfs.DFSUtil (DFSUtil.java:httpServerTemplateForNNAndJN(1641)) - Starting Web-server for hddsDatanode at: http://0.0.0.0:0
2019-08-23 02:50:11,623 [main] INFO  server.AuthenticationFilter (AuthenticationFilter.java:constructSecretProvider(240)) - Unable to initialize FileSignerSecretProvider, falling back to use random secrets.
2019-08-23 02:50:11,624 [main] WARN  http.HttpRequestLog (HttpRequestLog.java:getRequestLog(97)) - Jetty request log can only be enabled using Log4j
2019-08-23 02:50:11,625 [main] INFO  http.HttpServer2 (HttpServer2.java:addGlobalFilter(975)) - Added global filter 'safety' (class=org.apache.hadoop.http.HttpServer2$QuotingInputFilter)
2019-08-23 02:50:11,626 [main] INFO  http.HttpServer2 (HttpServer2.java:addFilter(948)) - Added filter static_user_filter (class=org.apache.hadoop.http.lib.StaticUserWebFilter$StaticUserFilter) to context hddsDatanode
2019-08-23 02:50:11,626 [main] INFO  http.HttpServer2 (HttpServer2.java:addFilter(958)) - Added filter static_user_filter (class=org.apache.hadoop.http.lib.StaticUserWebFilter$StaticUserFilter) to context static
2019-08-23 02:50:11,626 [main] INFO  http.HttpServer2 (HttpServer2.java:addFilter(958)) - Added filter static_user_filter (class=org.apache.hadoop.http.lib.StaticUserWebFilter$StaticUserFilter) to context logs
2019-08-23 02:50:11,627 [main] INFO  http.HttpServer2 (HttpServer2.java:bindListener(1191)) - Jetty bound to port 45758
2019-08-23 02:50:11,627 [main] INFO  server.Server (Server.java:doStart(351)) - jetty-9.3.24.v20180605, build timestamp: 2018-06-05T17:11:56Z, git hash: 84205aa28f11a4f31f2a3b86d1bba2cc8ab69827
2019-08-23 02:50:11,629 [main] INFO  handler.ContextHandler (ContextHandler.java:doStart(781)) - Started o.e.j.s.ServletContextHandler@624baf71{/logs,file:///workdir/hadoop-ozone/integration-test/target/log,AVAILABLE}
2019-08-23 02:50:11,629 [main] INFO  handler.ContextHandler (ContextHandler.java:doStart(781)) - Started o.e.j.s.ServletContextHandler@690113f0{/static,jar:file:/home/user/.m2/repository/org/apache/hadoop/hadoop-hdds-container-service/0.5.0-SNAPSHOT/hadoop-hdds-container-service-0.5.0-SNAPSHOT.jar!/webapps/static,AVAILABLE}
2019-08-23 02:50:11,678 [main] INFO  handler.ContextHandler (ContextHandler.java:doStart(781)) - Started o.e.j.w.WebAppContext@c1d9c40{/,file:///tmp/jetty-0.0.0.0-45758-hddsDatanode-_-any-5716273922205862936.dir/webapp/,AVAILABLE}{/hddsDatanode}
2019-08-23 02:50:11,679 [main] INFO  server.AbstractConnector (AbstractConnector.java:doStart(278)) - Started ServerConnector@79e3f444{HTTP/1.1,[http/1.1]}{0.0.0.0:45758}
2019-08-23 02:50:11,682 [main] INFO  server.Server (Server.java:doStart(419)) - Started @221944ms
2019-08-23 02:50:11,683 [main] INFO  server.BaseHttpServer (BaseHttpServer.java:updateConnectorAddress(213)) - HTTP server of HDDSDATANODE is listening at http://0.0.0.0:45758
2019-08-23 02:50:11,743 | INFO  | SCMAudit | user=jenkins1000 | ip=192.168.36.77 | op=SEND_HEARTBEAT {datanodeUUID=6e366328-a21a-42d1-a497-c25b5c1bc291, command=[]} | ret=SUCCESS |  
2019-08-23 02:50:11,795 | INFO  | ObjectStoreRestHttpServer | Listening HDDS REST traffic on /0.0.0.0:41619 |  
2019-08-23 02:50:11,795 [main] INFO  ozone.HddsDatanodeService (HddsDatanodeService.java:startPlugins(395)) - Started plug-in org.apache.hadoop.ozone.web.OzoneHddsDatanodeService@44046b0d
2019-08-23 02:50:11,796 [main] INFO  impl.MetricsSystemImpl (MetricsSystemImpl.java:init(158)) - HddsDatanode metrics system started (again)
2019-08-23 02:50:11,815 [org.apache.hadoop.util.JvmPauseMonitor$Monitor@44f6f00e] INFO  util.JvmPauseMonitor (JvmPauseMonitor.java:run(188)) - Starting JVM pause monitor
2019-08-23 02:50:11,817 [Datanode State Machine Thread - 0] INFO  datanode.InitDatanodeState (InitDatanodeState.java:persistContainerDatanodeDetails(140)) - DatanodeDetails is persisted to /workdir/hadoop-ozone/integration-test/target/test-dir/MiniOzoneClusterImpl-ddc7a5e3-92e7-4869-8d12-20395c099e28/datanode-3/meta/datanode.id
2019-08-23 02:50:11,817 [main] INFO  ozone.HddsDatanodeService (HddsDatanodeService.java:start(184)) - HddsDatanodeService host:pr-hdds-2000-5mb45-3533150274 ip:192.168.36.77
2019-08-23 02:50:11,829 [main] INFO  volume.HddsVolume (HddsVolume.java:<init>(176)) - Creating Volume: /workdir/hadoop-ozone/integration-test/target/test-dir/MiniOzoneClusterImpl-ddc7a5e3-92e7-4869-8d12-20395c099e28/datanode-4/data/containers/hdds of  storage type : DISK and capacity : 1482555576320
2019-08-23 02:50:11,830 [main] INFO  volume.VolumeSet (VolumeSet.java:initializeVolumeSet(170)) - Added Volume : /workdir/hadoop-ozone/integration-test/target/test-dir/MiniOzoneClusterImpl-ddc7a5e3-92e7-4869-8d12-20395c099e28/datanode-4/data/containers/hdds to VolumeSet
2019-08-23 02:50:11,830 [main] INFO  volume.ThrottledAsyncChecker (ThrottledAsyncChecker.java:schedule(140)) - Scheduling a check for org.apache.hadoop.ozone.container.common.volume.HddsVolume@4f50e974
2019-08-23 02:50:11,832 [main] INFO  volume.HddsVolumeChecker (HddsVolumeChecker.java:checkAllVolumes(203)) - Scheduled health check for volume org.apache.hadoop.ozone.container.common.volume.HddsVolume@4f50e974
2019-08-23 02:50:11,854 [main] INFO  impl.RaftServerProxy (ConfUtils.java:logGet(43)) - raft.rpc.type = GRPC (default)
2019-08-23 02:50:11,855 [main] INFO  grpc.GrpcFactory (GrpcFactory.java:checkPooledByteBufAllocatorUseCacheForAllThreads(45)) - PERFORMANCE WARNING: useCacheForAllThreads is true that may cause Netty to create a lot garbage objects and, as a result, trigger GC.
	It is recommended to disable useCacheForAllThreads by setting -Dorg.apache.ratis.thirdparty.io.netty.allocator.useCacheForAllThreads=false in command line.
2019-08-23 02:50:11,855 [main] INFO  grpc.GrpcConfigKeys$Server (ConfUtils.java:logGet(43)) - raft.grpc.server.port = 0 (default)
2019-08-23 02:50:11,855 [main] INFO  server.GrpcService (ConfUtils.java:logGet(43)) - raft.grpc.message.size.max = 33570816 (custom)
2019-08-23 02:50:11,855 [main] INFO  server.RaftServerConfigKeys (ConfUtils.java:logGet(43)) - raft.server.log.appender.buffer.byte-limit = 33554432 (custom)
2019-08-23 02:50:11,856 [main] INFO  server.GrpcService (ConfUtils.java:logGet(43)) - raft.grpc.flow.control.window = 1MB (=1048576) (default)
2019-08-23 02:50:11,856 [main] INFO  server.RaftServerConfigKeys (ConfUtils.java:logGet(43)) - raft.server.rpc.request.timeout = 3000ms (default)
2019-08-23 02:50:11,856 [main] INFO  server.RaftServerConfigKeys (ConfUtils.java:logGet(43)) - raft.server.storage.dir = [/workdir/hadoop-ozone/integration-test/target/test-dir/MiniOzoneClusterImpl-ddc7a5e3-92e7-4869-8d12-20395c099e28/datanode-4/data/ratis] (custom)
2019-08-23 02:50:11,857 [main] INFO  replication.SimpleContainerDownloader (SimpleContainerDownloader.java:<init>(72)) - Starting container downloader service to copy containers to replicate.
2019-08-23 02:50:11,858 [main] INFO  hdfs.DFSUtil (DFSUtil.java:httpServerTemplateForNNAndJN(1641)) - Starting Web-server for hddsDatanode at: http://0.0.0.0:0
2019-08-23 02:50:11,860 [main] INFO  server.AuthenticationFilter (AuthenticationFilter.java:constructSecretProvider(240)) - Unable to initialize FileSignerSecretProvider, falling back to use random secrets.
2019-08-23 02:50:11,860 [main] WARN  http.HttpRequestLog (HttpRequestLog.java:getRequestLog(97)) - Jetty request log can only be enabled using Log4j
2019-08-23 02:50:11,862 [main] INFO  http.HttpServer2 (HttpServer2.java:addGlobalFilter(975)) - Added global filter 'safety' (class=org.apache.hadoop.http.HttpServer2$QuotingInputFilter)
2019-08-23 02:50:11,862 [main] INFO  http.HttpServer2 (HttpServer2.java:addFilter(948)) - Added filter static_user_filter (class=org.apache.hadoop.http.lib.StaticUserWebFilter$StaticUserFilter) to context hddsDatanode
2019-08-23 02:50:11,862 [main] INFO  http.HttpServer2 (HttpServer2.java:addFilter(958)) - Added filter static_user_filter (class=org.apache.hadoop.http.lib.StaticUserWebFilter$StaticUserFilter) to context static
2019-08-23 02:50:11,863 [main] INFO  http.HttpServer2 (HttpServer2.java:addFilter(958)) - Added filter static_user_filter (class=org.apache.hadoop.http.lib.StaticUserWebFilter$StaticUserFilter) to context logs
2019-08-23 02:50:11,863 [main] INFO  http.HttpServer2 (HttpServer2.java:bindListener(1191)) - Jetty bound to port 38193
2019-08-23 02:50:11,863 [main] INFO  server.Server (Server.java:doStart(351)) - jetty-9.3.24.v20180605, build timestamp: 2018-06-05T17:11:56Z, git hash: 84205aa28f11a4f31f2a3b86d1bba2cc8ab69827
2019-08-23 02:50:11,865 [main] INFO  handler.ContextHandler (ContextHandler.java:doStart(781)) - Started o.e.j.s.ServletContextHandler@8947a4b{/logs,file:///workdir/hadoop-ozone/integration-test/target/log,AVAILABLE}
2019-08-23 02:50:11,865 [main] INFO  handler.ContextHandler (ContextHandler.java:doStart(781)) - Started o.e.j.s.ServletContextHandler@31d64d0f{/static,jar:file:/home/user/.m2/repository/org/apache/hadoop/hadoop-hdds-container-service/0.5.0-SNAPSHOT/hadoop-hdds-container-service-0.5.0-SNAPSHOT.jar!/webapps/static,AVAILABLE}
2019-08-23 02:50:11,891 [main] INFO  handler.ContextHandler (ContextHandler.java:doStart(781)) - Started o.e.j.w.WebAppContext@70720b78{/,file:///tmp/jetty-0.0.0.0-38193-hddsDatanode-_-any-1802519939117114769.dir/webapp/,AVAILABLE}{/hddsDatanode}
2019-08-23 02:50:11,891 [main] INFO  server.AbstractConnector (AbstractConnector.java:doStart(278)) - Started ServerConnector@628f642d{HTTP/1.1,[http/1.1]}{0.0.0.0:38193}
2019-08-23 02:50:11,894 [main] INFO  server.Server (Server.java:doStart(419)) - Started @222156ms
2019-08-23 02:50:11,895 [main] INFO  server.BaseHttpServer (BaseHttpServer.java:updateConnectorAddress(213)) - HTTP server of HDDSDATANODE is listening at http://0.0.0.0:38193
2019-08-23 02:50:12,015 | INFO  | ObjectStoreRestHttpServer | Listening HDDS REST traffic on /0.0.0.0:36094 |  
2019-08-23 02:50:12,015 [main] INFO  ozone.HddsDatanodeService (HddsDatanodeService.java:startPlugins(395)) - Started plug-in org.apache.hadoop.ozone.web.OzoneHddsDatanodeService@3d94b49d
2019-08-23 02:50:12,015 | INFO  | SCMAudit | user=jenkins1000 | ip=192.168.36.77 | op=SEND_HEARTBEAT {datanodeUUID=15fd999f-62be-4877-833a-993ce600606a, command=[]} | ret=SUCCESS |  
2019-08-23 02:50:12,015 | INFO  | SCMAudit | user=jenkins1000 | ip=192.168.36.77 | op=SEND_HEARTBEAT {datanodeUUID=5c5e51ce-aa4b-45fa-b548-3aebeb03959c, command=[]} | ret=SUCCESS |  
2019-08-23 02:50:12,015 [main] INFO  impl.MetricsSystemImpl (MetricsSystemImpl.java:init(158)) - HddsDatanode metrics system started (again)
2019-08-23 02:50:12,044 [org.apache.hadoop.util.JvmPauseMonitor$Monitor@7a31e29d] INFO  util.JvmPauseMonitor (JvmPauseMonitor.java:run(188)) - Starting JVM pause monitor
2019-08-23 02:50:12,046 [Datanode State Machine Thread - 0] INFO  datanode.InitDatanodeState (InitDatanodeState.java:persistContainerDatanodeDetails(140)) - DatanodeDetails is persisted to /workdir/hadoop-ozone/integration-test/target/test-dir/MiniOzoneClusterImpl-ddc7a5e3-92e7-4869-8d12-20395c099e28/datanode-4/meta/datanode.id
2019-08-23 02:50:12,047 [main] INFO  ozone.HddsDatanodeService (HddsDatanodeService.java:start(184)) - HddsDatanodeService host:pr-hdds-2000-5mb45-3533150274 ip:192.168.36.77
2019-08-23 02:50:12,060 [main] INFO  volume.HddsVolume (HddsVolume.java:<init>(176)) - Creating Volume: /workdir/hadoop-ozone/integration-test/target/test-dir/MiniOzoneClusterImpl-ddc7a5e3-92e7-4869-8d12-20395c099e28/datanode-5/data/containers/hdds of  storage type : DISK and capacity : 1482555576320
2019-08-23 02:50:12,060 [main] INFO  volume.VolumeSet (VolumeSet.java:initializeVolumeSet(170)) - Added Volume : /workdir/hadoop-ozone/integration-test/target/test-dir/MiniOzoneClusterImpl-ddc7a5e3-92e7-4869-8d12-20395c099e28/datanode-5/data/containers/hdds to VolumeSet
2019-08-23 02:50:12,061 [main] INFO  volume.ThrottledAsyncChecker (ThrottledAsyncChecker.java:schedule(140)) - Scheduling a check for org.apache.hadoop.ozone.container.common.volume.HddsVolume@70a984c5
2019-08-23 02:50:12,061 [main] INFO  volume.HddsVolumeChecker (HddsVolumeChecker.java:checkAllVolumes(203)) - Scheduled health check for volume org.apache.hadoop.ozone.container.common.volume.HddsVolume@70a984c5
2019-08-23 02:50:12,082 [main] INFO  impl.RaftServerProxy (ConfUtils.java:logGet(43)) - raft.rpc.type = GRPC (default)
2019-08-23 02:50:12,082 [main] INFO  grpc.GrpcFactory (GrpcFactory.java:checkPooledByteBufAllocatorUseCacheForAllThreads(45)) - PERFORMANCE WARNING: useCacheForAllThreads is true that may cause Netty to create a lot garbage objects and, as a result, trigger GC.
	It is recommended to disable useCacheForAllThreads by setting -Dorg.apache.ratis.thirdparty.io.netty.allocator.useCacheForAllThreads=false in command line.
2019-08-23 02:50:12,082 [main] INFO  grpc.GrpcConfigKeys$Server (ConfUtils.java:logGet(43)) - raft.grpc.server.port = 0 (default)
2019-08-23 02:50:12,083 [main] INFO  server.GrpcService (ConfUtils.java:logGet(43)) - raft.grpc.message.size.max = 33570816 (custom)
2019-08-23 02:50:12,083 [main] INFO  server.RaftServerConfigKeys (ConfUtils.java:logGet(43)) - raft.server.log.appender.buffer.byte-limit = 33554432 (custom)
2019-08-23 02:50:12,083 [main] INFO  server.GrpcService (ConfUtils.java:logGet(43)) - raft.grpc.flow.control.window = 1MB (=1048576) (default)
2019-08-23 02:50:12,083 [main] INFO  server.RaftServerConfigKeys (ConfUtils.java:logGet(43)) - raft.server.rpc.request.timeout = 3000ms (default)
2019-08-23 02:50:12,084 [main] INFO  server.RaftServerConfigKeys (ConfUtils.java:logGet(43)) - raft.server.storage.dir = [/workdir/hadoop-ozone/integration-test/target/test-dir/MiniOzoneClusterImpl-ddc7a5e3-92e7-4869-8d12-20395c099e28/datanode-5/data/ratis] (custom)
2019-08-23 02:50:12,084 [main] INFO  replication.SimpleContainerDownloader (SimpleContainerDownloader.java:<init>(72)) - Starting container downloader service to copy containers to replicate.
2019-08-23 02:50:12,085 [main] INFO  hdfs.DFSUtil (DFSUtil.java:httpServerTemplateForNNAndJN(1641)) - Starting Web-server for hddsDatanode at: http://0.0.0.0:0
2019-08-23 02:50:12,087 [main] INFO  server.AuthenticationFilter (AuthenticationFilter.java:constructSecretProvider(240)) - Unable to initialize FileSignerSecretProvider, falling back to use random secrets.
2019-08-23 02:50:12,087 [main] WARN  http.HttpRequestLog (HttpRequestLog.java:getRequestLog(97)) - Jetty request log can only be enabled using Log4j
2019-08-23 02:50:12,088 [main] INFO  http.HttpServer2 (HttpServer2.java:addGlobalFilter(975)) - Added global filter 'safety' (class=org.apache.hadoop.http.HttpServer2$QuotingInputFilter)
2019-08-23 02:50:12,089 [main] INFO  http.HttpServer2 (HttpServer2.java:addFilter(948)) - Added filter static_user_filter (class=org.apache.hadoop.http.lib.StaticUserWebFilter$StaticUserFilter) to context hddsDatanode
2019-08-23 02:50:12,089 [main] INFO  http.HttpServer2 (HttpServer2.java:addFilter(958)) - Added filter static_user_filter (class=org.apache.hadoop.http.lib.StaticUserWebFilter$StaticUserFilter) to context logs
2019-08-23 02:50:12,089 [main] INFO  http.HttpServer2 (HttpServer2.java:addFilter(958)) - Added filter static_user_filter (class=org.apache.hadoop.http.lib.StaticUserWebFilter$StaticUserFilter) to context static
2019-08-23 02:50:12,089 [main] INFO  http.HttpServer2 (HttpServer2.java:bindListener(1191)) - Jetty bound to port 35365
2019-08-23 02:50:12,089 [main] INFO  server.Server (Server.java:doStart(351)) - jetty-9.3.24.v20180605, build timestamp: 2018-06-05T17:11:56Z, git hash: 84205aa28f11a4f31f2a3b86d1bba2cc8ab69827
2019-08-23 02:50:12,091 [main] INFO  handler.ContextHandler (ContextHandler.java:doStart(781)) - Started o.e.j.s.ServletContextHandler@5cc85ffc{/logs,file:///workdir/hadoop-ozone/integration-test/target/log,AVAILABLE}
2019-08-23 02:50:12,091 [main] INFO  handler.ContextHandler (ContextHandler.java:doStart(781)) - Started o.e.j.s.ServletContextHandler@57386162{/static,jar:file:/home/user/.m2/repository/org/apache/hadoop/hadoop-hdds-container-service/0.5.0-SNAPSHOT/hadoop-hdds-container-service-0.5.0-SNAPSHOT.jar!/webapps/static,AVAILABLE}
2019-08-23 02:50:12,116 [main] INFO  handler.ContextHandler (ContextHandler.java:doStart(781)) - Started o.e.j.w.WebAppContext@1ed763aa{/,file:///tmp/jetty-0.0.0.0-35365-hddsDatanode-_-any-5397543972572227678.dir/webapp/,AVAILABLE}{/hddsDatanode}
2019-08-23 02:50:12,117 [main] INFO  server.AbstractConnector (AbstractConnector.java:doStart(278)) - Started ServerConnector@7f39bcb5{HTTP/1.1,[http/1.1]}{0.0.0.0:35365}
2019-08-23 02:50:12,121 [main] INFO  server.Server (Server.java:doStart(419)) - Started @222382ms
2019-08-23 02:50:12,121 [main] INFO  server.BaseHttpServer (BaseHttpServer.java:updateConnectorAddress(213)) - HTTP server of HDDSDATANODE is listening at http://0.0.0.0:35365
2019-08-23 02:50:12,140 | INFO  | SCMAudit | user=jenkins1000 | ip=192.168.36.77 | op=SEND_HEARTBEAT {datanodeUUID=e824def4-fdb0-4d06-a3a6-273d371b8d7d, command=[]} | ret=SUCCESS |  
2019-08-23 02:50:12,145 | INFO  | SCMAudit | user=jenkins1000 | ip=192.168.36.77 | op=SEND_HEARTBEAT {datanodeUUID=004b6b6e-41ce-4475-9f2f-481aedf9c953, command=[]} | ret=SUCCESS |  
2019-08-23 02:50:12,262 | INFO  | ObjectStoreRestHttpServer | Listening HDDS REST traffic on /0.0.0.0:46279 |  
2019-08-23 02:50:12,262 [main] INFO  ozone.HddsDatanodeService (HddsDatanodeService.java:startPlugins(395)) - Started plug-in org.apache.hadoop.ozone.web.OzoneHddsDatanodeService@261d7ee2
2019-08-23 02:50:12,262 [main] INFO  impl.MetricsSystemImpl (MetricsSystemImpl.java:init(158)) - HddsDatanode metrics system started (again)
2019-08-23 02:50:12,289 [org.apache.hadoop.util.JvmPauseMonitor$Monitor@2f94631a] INFO  util.JvmPauseMonitor (JvmPauseMonitor.java:run(188)) - Starting JVM pause monitor
2019-08-23 02:50:12,291 [Datanode State Machine Thread - 0] INFO  datanode.InitDatanodeState (InitDatanodeState.java:persistContainerDatanodeDetails(140)) - DatanodeDetails is persisted to /workdir/hadoop-ozone/integration-test/target/test-dir/MiniOzoneClusterImpl-ddc7a5e3-92e7-4869-8d12-20395c099e28/datanode-5/meta/datanode.id
2019-08-23 02:50:12,291 [main] INFO  ozone.HddsDatanodeService (HddsDatanodeService.java:start(184)) - HddsDatanodeService host:pr-hdds-2000-5mb45-3533150274 ip:192.168.36.77
2019-08-23 02:50:12,308 [main] INFO  volume.HddsVolume (HddsVolume.java:<init>(176)) - Creating Volume: /workdir/hadoop-ozone/integration-test/target/test-dir/MiniOzoneClusterImpl-ddc7a5e3-92e7-4869-8d12-20395c099e28/datanode-6/data/containers/hdds of  storage type : DISK and capacity : 1482555576320
2019-08-23 02:50:12,309 [main] INFO  volume.VolumeSet (VolumeSet.java:initializeVolumeSet(170)) - Added Volume : /workdir/hadoop-ozone/integration-test/target/test-dir/MiniOzoneClusterImpl-ddc7a5e3-92e7-4869-8d12-20395c099e28/datanode-6/data/containers/hdds to VolumeSet
2019-08-23 02:50:12,309 [main] INFO  volume.ThrottledAsyncChecker (ThrottledAsyncChecker.java:schedule(140)) - Scheduling a check for org.apache.hadoop.ozone.container.common.volume.HddsVolume@27115d45
2019-08-23 02:50:12,309 [main] INFO  volume.HddsVolumeChecker (HddsVolumeChecker.java:checkAllVolumes(203)) - Scheduled health check for volume org.apache.hadoop.ozone.container.common.volume.HddsVolume@27115d45
2019-08-23 02:50:12,333 [main] INFO  impl.RaftServerProxy (ConfUtils.java:logGet(43)) - raft.rpc.type = GRPC (default)
2019-08-23 02:50:12,334 [main] INFO  grpc.GrpcFactory (GrpcFactory.java:checkPooledByteBufAllocatorUseCacheForAllThreads(45)) - PERFORMANCE WARNING: useCacheForAllThreads is true that may cause Netty to create a lot garbage objects and, as a result, trigger GC.
	It is recommended to disable useCacheForAllThreads by setting -Dorg.apache.ratis.thirdparty.io.netty.allocator.useCacheForAllThreads=false in command line.
2019-08-23 02:50:12,334 [main] INFO  grpc.GrpcConfigKeys$Server (ConfUtils.java:logGet(43)) - raft.grpc.server.port = 0 (default)
2019-08-23 02:50:12,334 [main] INFO  server.GrpcService (ConfUtils.java:logGet(43)) - raft.grpc.message.size.max = 33570816 (custom)
2019-08-23 02:50:12,334 [main] INFO  server.RaftServerConfigKeys (ConfUtils.java:logGet(43)) - raft.server.log.appender.buffer.byte-limit = 33554432 (custom)
2019-08-23 02:50:12,334 [main] INFO  server.GrpcService (ConfUtils.java:logGet(43)) - raft.grpc.flow.control.window = 1MB (=1048576) (default)
2019-08-23 02:50:12,335 [main] INFO  server.RaftServerConfigKeys (ConfUtils.java:logGet(43)) - raft.server.rpc.request.timeout = 3000ms (default)
2019-08-23 02:50:12,335 [main] INFO  server.RaftServerConfigKeys (ConfUtils.java:logGet(43)) - raft.server.storage.dir = [/workdir/hadoop-ozone/integration-test/target/test-dir/MiniOzoneClusterImpl-ddc7a5e3-92e7-4869-8d12-20395c099e28/datanode-6/data/ratis] (custom)
2019-08-23 02:50:12,336 [main] INFO  replication.SimpleContainerDownloader (SimpleContainerDownloader.java:<init>(72)) - Starting container downloader service to copy containers to replicate.
2019-08-23 02:50:12,336 [main] INFO  hdfs.DFSUtil (DFSUtil.java:httpServerTemplateForNNAndJN(1641)) - Starting Web-server for hddsDatanode at: http://0.0.0.0:0
2019-08-23 02:50:12,338 [main] INFO  server.AuthenticationFilter (AuthenticationFilter.java:constructSecretProvider(240)) - Unable to initialize FileSignerSecretProvider, falling back to use random secrets.
2019-08-23 02:50:12,338 [main] WARN  http.HttpRequestLog (HttpRequestLog.java:getRequestLog(97)) - Jetty request log can only be enabled using Log4j
2019-08-23 02:50:12,340 [main] INFO  http.HttpServer2 (HttpServer2.java:addGlobalFilter(975)) - Added global filter 'safety' (class=org.apache.hadoop.http.HttpServer2$QuotingInputFilter)
2019-08-23 02:50:12,340 [main] INFO  http.HttpServer2 (HttpServer2.java:addFilter(948)) - Added filter static_user_filter (class=org.apache.hadoop.http.lib.StaticUserWebFilter$StaticUserFilter) to context hddsDatanode
2019-08-23 02:50:12,341 [main] INFO  http.HttpServer2 (HttpServer2.java:addFilter(958)) - Added filter static_user_filter (class=org.apache.hadoop.http.lib.StaticUserWebFilter$StaticUserFilter) to context logs
2019-08-23 02:50:12,341 [main] INFO  http.HttpServer2 (HttpServer2.java:addFilter(958)) - Added filter static_user_filter (class=org.apache.hadoop.http.lib.StaticUserWebFilter$StaticUserFilter) to context static
2019-08-23 02:50:12,341 [main] INFO  http.HttpServer2 (HttpServer2.java:bindListener(1191)) - Jetty bound to port 36341
2019-08-23 02:50:12,342 [main] INFO  server.Server (Server.java:doStart(351)) - jetty-9.3.24.v20180605, build timestamp: 2018-06-05T17:11:56Z, git hash: 84205aa28f11a4f31f2a3b86d1bba2cc8ab69827
2019-08-23 02:50:12,343 [main] INFO  handler.ContextHandler (ContextHandler.java:doStart(781)) - Started o.e.j.s.ServletContextHandler@2ce7d43{/logs,file:///workdir/hadoop-ozone/integration-test/target/log,AVAILABLE}
2019-08-23 02:50:12,344 [main] INFO  handler.ContextHandler (ContextHandler.java:doStart(781)) - Started o.e.j.s.ServletContextHandler@1ca55d5{/static,jar:file:/home/user/.m2/repository/org/apache/hadoop/hadoop-hdds-container-service/0.5.0-SNAPSHOT/hadoop-hdds-container-service-0.5.0-SNAPSHOT.jar!/webapps/static,AVAILABLE}
2019-08-23 02:50:12,349 | INFO  | SCMAudit | user=jenkins1000 | ip=192.168.36.77 | op=SEND_HEARTBEAT {datanodeUUID=50e43da2-e7e0-478c-b7e8-9638b0c061cc, command=[]} | ret=SUCCESS |  
2019-08-23 02:50:12,372 [main] INFO  handler.ContextHandler (ContextHandler.java:doStart(781)) - Started o.e.j.w.WebAppContext@295e989{/,file:///tmp/jetty-0.0.0.0-36341-hddsDatanode-_-any-8201734136815326377.dir/webapp/,AVAILABLE}{/hddsDatanode}
2019-08-23 02:50:12,373 [main] INFO  server.AbstractConnector (AbstractConnector.java:doStart(278)) - Started ServerConnector@504216ff{HTTP/1.1,[http/1.1]}{0.0.0.0:36341}
2019-08-23 02:50:12,378 [main] INFO  server.Server (Server.java:doStart(419)) - Started @222640ms
2019-08-23 02:50:12,379 [main] INFO  server.BaseHttpServer (BaseHttpServer.java:updateConnectorAddress(213)) - HTTP server of HDDSDATANODE is listening at http://0.0.0.0:36341
2019-08-23 02:50:12,530 | INFO  | ObjectStoreRestHttpServer | Listening HDDS REST traffic on /0.0.0.0:35344 |  
2019-08-23 02:50:12,530 [main] INFO  ozone.HddsDatanodeService (HddsDatanodeService.java:startPlugins(395)) - Started plug-in org.apache.hadoop.ozone.web.OzoneHddsDatanodeService@28357fc3
2019-08-23 02:50:12,530 [main] INFO  ozone.MiniOzoneClusterImpl (MiniOzoneClusterImpl.java:lambda$waitForClusterToBeReady$0(142)) - Waiting for cluster to be ready. Got 0 of 7 DN Heartbeats.
2019-08-23 02:50:12,531 | INFO  | SCMAudit | user=jenkins1000 | ip=192.168.36.77 | op=SEND_HEARTBEAT {datanodeUUID=674baee6-143c-441e-9e30-0d895b06f838, command=[]} | ret=SUCCESS |  
2019-08-23 02:50:12,532 [org.apache.hadoop.util.JvmPauseMonitor$Monitor@e658842] INFO  util.JvmPauseMonitor (JvmPauseMonitor.java:run(188)) - Starting JVM pause monitor
2019-08-23 02:50:12,533 [Datanode State Machine Thread - 0] INFO  datanode.InitDatanodeState (InitDatanodeState.java:persistContainerDatanodeDetails(140)) - DatanodeDetails is persisted to /workdir/hadoop-ozone/integration-test/target/test-dir/MiniOzoneClusterImpl-ddc7a5e3-92e7-4869-8d12-20395c099e28/datanode-6/meta/datanode.id
2019-08-23 02:50:12,742 | INFO  | SCMAudit | user=jenkins1000 | ip=192.168.36.77 | op=SEND_HEARTBEAT {datanodeUUID=6e366328-a21a-42d1-a497-c25b5c1bc291, command=[]} | ret=SUCCESS |  
2019-08-23 02:50:13,016 | INFO  | SCMAudit | user=jenkins1000 | ip=192.168.36.77 | op=SEND_HEARTBEAT {datanodeUUID=15fd999f-62be-4877-833a-993ce600606a, command=[]} | ret=SUCCESS |  
2019-08-23 02:50:13,016 | INFO  | SCMAudit | user=jenkins1000 | ip=192.168.36.77 | op=SEND_HEARTBEAT {datanodeUUID=5c5e51ce-aa4b-45fa-b548-3aebeb03959c, command=[]} | ret=SUCCESS |  
2019-08-23 02:50:13,123 | INFO  | SCMAudit | user=jenkins1000 | ip=192.168.36.77 | op=GET_VERSION null | ret=SUCCESS |  
2019-08-23 02:50:13,141 | INFO  | SCMAudit | user=jenkins1000 | ip=192.168.36.77 | op=SEND_HEARTBEAT {datanodeUUID=e824def4-fdb0-4d06-a3a6-273d371b8d7d, command=[]} | ret=SUCCESS |  
2019-08-23 02:50:13,145 | INFO  | SCMAudit | user=jenkins1000 | ip=192.168.36.77 | op=SEND_HEARTBEAT {datanodeUUID=004b6b6e-41ce-4475-9f2f-481aedf9c953, command=[]} | ret=SUCCESS |  
2019-08-23 02:50:13,349 | INFO  | SCMAudit | user=jenkins1000 | ip=192.168.36.77 | op=SEND_HEARTBEAT {datanodeUUID=50e43da2-e7e0-478c-b7e8-9638b0c061cc, command=[]} | ret=SUCCESS |  
2019-08-23 02:50:13,358 | INFO  | SCMAudit | user=jenkins1000 | ip=192.168.36.77 | op=GET_VERSION null | ret=SUCCESS |  
2019-08-23 02:50:13,378 [Datanode State Machine Thread - 0] INFO  ozoneimpl.OzoneContainer (OzoneContainer.java:start(186)) - Attempting to start container services.
2019-08-23 02:50:13,379 [Datanode State Machine Thread - 0] INFO  ozoneimpl.OzoneContainer (OzoneContainer.java:startContainerScrub(160)) - Background container scrubber has been disabled by hdds.containerscrub.enabled
2019-08-23 02:50:13,379 [Datanode State Machine Thread - 0] INFO  ratis.XceiverServerRatis (XceiverServerRatis.java:start(404)) - Starting XceiverServerRatis ecd3787f-2b30-4c06-af2c-0a727538b2a6 at port 0
2019-08-23 02:50:13,386 [Datanode State Machine Thread - 0] INFO  impl.RaftServerProxy (RaftServerProxy.java:lambda$start$3(299)) - ecd3787f-2b30-4c06-af2c-0a727538b2a6: start RPC server
2019-08-23 02:50:13,387 [Datanode State Machine Thread - 0] INFO  server.GrpcService (GrpcService.java:startImpl(149)) - ecd3787f-2b30-4c06-af2c-0a727538b2a6: GrpcService started, listening on 0.0.0.0/0.0.0.0:44934
2019-08-23 02:50:13,388 [Datanode State Machine Thread - 0] INFO  ratis.XceiverServerRatis (XceiverServerRatis.java:start(414)) - XceiverServerRatis ecd3787f-2b30-4c06-af2c-0a727538b2a6 is started using port 44934
2019-08-23 02:50:13,388 [Datanode State Machine Thread - 0] INFO  server.XceiverServerGrpc (XceiverServerGrpc.java:start(161)) - XceiverServerGrpc ecd3787f-2b30-4c06-af2c-0a727538b2a6 is started using port 44023
2019-08-23 02:50:13,531 | INFO  | SCMAudit | user=jenkins1000 | ip=192.168.36.77 | op=SEND_HEARTBEAT {datanodeUUID=674baee6-143c-441e-9e30-0d895b06f838, command=[]} | ret=SUCCESS |  
2019-08-23 02:50:13,531 [main] INFO  ozone.MiniOzoneClusterImpl (MiniOzoneClusterImpl.java:lambda$waitForClusterToBeReady$0(142)) - Waiting for cluster to be ready. Got 0 of 7 DN Heartbeats.
2019-08-23 02:50:13,583 | INFO  | SCMAudit | user=jenkins1000 | ip=192.168.36.77 | op=GET_VERSION null | ret=SUCCESS |  
2019-08-23 02:50:13,687 [Thread-2132] INFO  impl.FollowerState (FollowerState.java:run(106)) - e824def4-fdb0-4d06-a3a6-273d371b8d7d:group-A52EBC6CCB0C changes to CANDIDATE, lastRpcTime:5000, electionTimeout:5000ms
2019-08-23 02:50:13,687 [Thread-2132] INFO  impl.RoleInfo (RoleInfo.java:shutdownFollowerState(121)) - e824def4-fdb0-4d06-a3a6-273d371b8d7d: shutdown FollowerState
2019-08-23 02:50:13,687 [Thread-2132] INFO  impl.RaftServerImpl (RaftServerImpl.java:setRole(171)) - e824def4-fdb0-4d06-a3a6-273d371b8d7d:group-A52EBC6CCB0C changes role from FOLLOWER to CANDIDATE at term 4 for changeToCandidate
2019-08-23 02:50:13,687 [Thread-2132] INFO  impl.RoleInfo (RoleInfo.java:updateAndGet(143)) - e824def4-fdb0-4d06-a3a6-273d371b8d7d: start LeaderElection
2019-08-23 02:50:13,714 [Thread-2131] INFO  impl.FollowerState (FollowerState.java:run(106)) - 15fd999f-62be-4877-833a-993ce600606a:group-A52EBC6CCB0C changes to CANDIDATE, lastRpcTime:5028, electionTimeout:5028ms
2019-08-23 02:50:13,714 [Thread-2131] INFO  impl.RoleInfo (RoleInfo.java:shutdownFollowerState(121)) - 15fd999f-62be-4877-833a-993ce600606a: shutdown FollowerState
2019-08-23 02:50:13,714 [Thread-2131] INFO  impl.RaftServerImpl (RaftServerImpl.java:setRole(171)) - 15fd999f-62be-4877-833a-993ce600606a:group-A52EBC6CCB0C changes role from FOLLOWER to CANDIDATE at term 4 for changeToCandidate
2019-08-23 02:50:13,714 [Thread-2131] INFO  impl.RoleInfo (RoleInfo.java:updateAndGet(143)) - 15fd999f-62be-4877-833a-993ce600606a: start LeaderElection
2019-08-23 02:50:13,741 [Thread-2129] INFO  impl.FollowerState (FollowerState.java:run(106)) - 004b6b6e-41ce-4475-9f2f-481aedf9c953:group-F61A263991FE changes to CANDIDATE, lastRpcTime:5057, electionTimeout:5057ms
2019-08-23 02:50:13,741 [Thread-2129] INFO  impl.RoleInfo (RoleInfo.java:shutdownFollowerState(121)) - 004b6b6e-41ce-4475-9f2f-481aedf9c953: shutdown FollowerState
2019-08-23 02:50:13,741 [Thread-2129] INFO  impl.RaftServerImpl (RaftServerImpl.java:setRole(171)) - 004b6b6e-41ce-4475-9f2f-481aedf9c953:group-F61A263991FE changes role from FOLLOWER to CANDIDATE at term 4 for changeToCandidate
2019-08-23 02:50:13,741 [Thread-2129] INFO  impl.RoleInfo (RoleInfo.java:updateAndGet(143)) - 004b6b6e-41ce-4475-9f2f-481aedf9c953: start LeaderElection
2019-08-23 02:50:13,743 | INFO  | SCMAudit | user=jenkins1000 | ip=192.168.36.77 | op=SEND_HEARTBEAT {datanodeUUID=6e366328-a21a-42d1-a497-c25b5c1bc291, command=[]} | ret=SUCCESS |  
2019-08-23 02:50:13,758 [Thread-2130] INFO  impl.FollowerState (FollowerState.java:run(106)) - 674baee6-143c-441e-9e30-0d895b06f838:group-A52EBC6CCB0C changes to CANDIDATE, lastRpcTime:5074, electionTimeout:5074ms
2019-08-23 02:50:13,758 [Thread-2130] INFO  impl.RoleInfo (RoleInfo.java:shutdownFollowerState(121)) - 674baee6-143c-441e-9e30-0d895b06f838: shutdown FollowerState
2019-08-23 02:50:13,758 [Thread-2130] INFO  impl.RaftServerImpl (RaftServerImpl.java:setRole(171)) - 674baee6-143c-441e-9e30-0d895b06f838:group-A52EBC6CCB0C changes role from FOLLOWER to CANDIDATE at term 4 for changeToCandidate
2019-08-23 02:50:13,758 [Thread-2130] INFO  impl.RoleInfo (RoleInfo.java:updateAndGet(143)) - 674baee6-143c-441e-9e30-0d895b06f838: start LeaderElection
2019-08-23 02:50:13,774 [Thread-2128] INFO  impl.FollowerState (FollowerState.java:run(106)) - 6e366328-a21a-42d1-a497-c25b5c1bc291:group-F61A263991FE changes to CANDIDATE, lastRpcTime:5091, electionTimeout:5091ms
2019-08-23 02:50:13,775 [Thread-2128] INFO  impl.RoleInfo (RoleInfo.java:shutdownFollowerState(121)) - 6e366328-a21a-42d1-a497-c25b5c1bc291: shutdown FollowerState
2019-08-23 02:50:13,775 [Thread-2128] INFO  impl.RaftServerImpl (RaftServerImpl.java:setRole(171)) - 6e366328-a21a-42d1-a497-c25b5c1bc291:group-F61A263991FE changes role from FOLLOWER to CANDIDATE at term 4 for changeToCandidate
2019-08-23 02:50:13,775 [Thread-2128] INFO  impl.RoleInfo (RoleInfo.java:updateAndGet(143)) - 6e366328-a21a-42d1-a497-c25b5c1bc291: start LeaderElection
2019-08-23 02:50:13,816 | INFO  | SCMAudit | user=jenkins1000 | ip=192.168.36.77 | op=GET_VERSION null | ret=SUCCESS |  
2019-08-23 02:50:13,818 [Thread-2133] INFO  impl.FollowerState (FollowerState.java:run(106)) - 50e43da2-e7e0-478c-b7e8-9638b0c061cc:group-F61A263991FE changes to CANDIDATE, lastRpcTime:5130, electionTimeout:5130ms
2019-08-23 02:50:13,818 [Thread-2133] INFO  impl.RoleInfo (RoleInfo.java:shutdownFollowerState(121)) - 50e43da2-e7e0-478c-b7e8-9638b0c061cc: shutdown FollowerState
2019-08-23 02:50:13,818 [Thread-2133] INFO  impl.RaftServerImpl (RaftServerImpl.java:setRole(171)) - 50e43da2-e7e0-478c-b7e8-9638b0c061cc:group-F61A263991FE changes role from FOLLOWER to CANDIDATE at term 4 for changeToCandidate
2019-08-23 02:50:13,818 [Thread-2133] INFO  impl.RoleInfo (RoleInfo.java:updateAndGet(143)) - 50e43da2-e7e0-478c-b7e8-9638b0c061cc: start LeaderElection
2019-08-23 02:50:14,016 | INFO  | SCMAudit | user=jenkins1000 | ip=192.168.36.77 | op=SEND_HEARTBEAT {datanodeUUID=15fd999f-62be-4877-833a-993ce600606a, command=[]} | ret=SUCCESS |  
2019-08-23 02:50:14,016 | INFO  | SCMAudit | user=jenkins1000 | ip=192.168.36.77 | op=SEND_HEARTBEAT {datanodeUUID=5c5e51ce-aa4b-45fa-b548-3aebeb03959c, command=[]} | ret=SUCCESS |  
2019-08-23 02:50:14,045 | INFO  | SCMAudit | user=jenkins1000 | ip=192.168.36.77 | op=GET_VERSION null | ret=SUCCESS |  
2019-08-23 02:50:14,116 [Datanode State Machine Thread - 0] INFO  ozoneimpl.OzoneContainer (OzoneContainer.java:start(186)) - Attempting to start container services.
2019-08-23 02:50:14,116 [15fd999f-62be-4877-833a-993ce600606a:group-A52EBC6CCB0C:LeaderElection93] INFO  impl.LeaderElection (LeaderElection.java:askForVotes(181)) - 15fd999f-62be-4877-833a-993ce600606a:group-A52EBC6CCB0C:LeaderElection93: begin an election at term 5 for -1: [15fd999f-62be-4877-833a-993ce600606a:192.168.36.77:35226, 674baee6-143c-441e-9e30-0d895b06f838:192.168.36.77:39798, e824def4-fdb0-4d06-a3a6-273d371b8d7d:192.168.36.77:38058], old=null
2019-08-23 02:50:14,116 [Datanode State Machine Thread - 0] INFO  ozoneimpl.OzoneContainer (OzoneContainer.java:start(186)) - Attempting to start container services.
2019-08-23 02:50:14,116 [Datanode State Machine Thread - 0] INFO  ozoneimpl.OzoneContainer (OzoneContainer.java:startContainerScrub(160)) - Background container scrubber has been disabled by hdds.containerscrub.enabled
2019-08-23 02:50:14,116 [Datanode State Machine Thread - 0] INFO  ozoneimpl.OzoneContainer (OzoneContainer.java:startContainerScrub(160)) - Background container scrubber has been disabled by hdds.containerscrub.enabled
2019-08-23 02:50:14,116 [004b6b6e-41ce-4475-9f2f-481aedf9c953:group-F61A263991FE:LeaderElection94] INFO  impl.LeaderElection (LeaderElection.java:askForVotes(181)) - 004b6b6e-41ce-4475-9f2f-481aedf9c953:group-F61A263991FE:LeaderElection94: begin an election at term 5 for -1: [004b6b6e-41ce-4475-9f2f-481aedf9c953:192.168.36.77:45065, 50e43da2-e7e0-478c-b7e8-9638b0c061cc:192.168.36.77:45690, 6e366328-a21a-42d1-a497-c25b5c1bc291:192.168.36.77:39747], old=null
2019-08-23 02:50:14,116 [e824def4-fdb0-4d06-a3a6-273d371b8d7d:group-A52EBC6CCB0C:LeaderElection92] INFO  impl.LeaderElection (LeaderElection.java:askForVotes(181)) - e824def4-fdb0-4d06-a3a6-273d371b8d7d:group-A52EBC6CCB0C:LeaderElection92: begin an election at term 5 for -1: [15fd999f-62be-4877-833a-993ce600606a:192.168.36.77:35226, 674baee6-143c-441e-9e30-0d895b06f838:192.168.36.77:39798, e824def4-fdb0-4d06-a3a6-273d371b8d7d:192.168.36.77:38058], old=null
2019-08-23 02:50:14,116 [674baee6-143c-441e-9e30-0d895b06f838:group-A52EBC6CCB0C:LeaderElection95] INFO  impl.LeaderElection (LeaderElection.java:askForVotes(181)) - 674baee6-143c-441e-9e30-0d895b06f838:group-A52EBC6CCB0C:LeaderElection95: begin an election at term 5 for -1: [15fd999f-62be-4877-833a-993ce600606a:192.168.36.77:35226, 674baee6-143c-441e-9e30-0d895b06f838:192.168.36.77:39798, e824def4-fdb0-4d06-a3a6-273d371b8d7d:192.168.36.77:38058], old=null
2019-08-23 02:50:14,116 [50e43da2-e7e0-478c-b7e8-9638b0c061cc:group-F61A263991FE:LeaderElection97] INFO  impl.LeaderElection (LeaderElection.java:askForVotes(181)) - 50e43da2-e7e0-478c-b7e8-9638b0c061cc:group-F61A263991FE:LeaderElection97: begin an election at term 5 for -1: [004b6b6e-41ce-4475-9f2f-481aedf9c953:192.168.36.77:45065, 50e43da2-e7e0-478c-b7e8-9638b0c061cc:192.168.36.77:45690, 6e366328-a21a-42d1-a497-c25b5c1bc291:192.168.36.77:39747], old=null
2019-08-23 02:50:14,116 [6e366328-a21a-42d1-a497-c25b5c1bc291:group-F61A263991FE:LeaderElection96] INFO  impl.LeaderElection (LeaderElection.java:askForVotes(181)) - 6e366328-a21a-42d1-a497-c25b5c1bc291:group-F61A263991FE:LeaderElection96: begin an election at term 5 for -1: [004b6b6e-41ce-4475-9f2f-481aedf9c953:192.168.36.77:45065, 50e43da2-e7e0-478c-b7e8-9638b0c061cc:192.168.36.77:45690, 6e366328-a21a-42d1-a497-c25b5c1bc291:192.168.36.77:39747], old=null
2019-08-23 02:50:14,116 [Datanode State Machine Thread - 0] INFO  ozoneimpl.OzoneContainer (OzoneContainer.java:start(186)) - Attempting to start container services.
2019-08-23 02:50:14,117 [Datanode State Machine Thread - 0] INFO  ratis.XceiverServerRatis (XceiverServerRatis.java:start(404)) - Starting XceiverServerRatis 7fac1d6a-2836-41bb-912e-0cc81c617797 at port 0
2019-08-23 02:50:14,117 [Datanode State Machine Thread - 0] INFO  ratis.XceiverServerRatis (XceiverServerRatis.java:start(404)) - Starting XceiverServerRatis 10c22d4b-82dd-4f6e-83af-e52ab1885d9d at port 0
2019-08-23 02:50:14,117 [Datanode State Machine Thread - 0] INFO  ozoneimpl.OzoneContainer (OzoneContainer.java:start(186)) - Attempting to start container services.
2019-08-23 02:50:14,118 [Datanode State Machine Thread - 0] INFO  ozoneimpl.OzoneContainer (OzoneContainer.java:startContainerScrub(160)) - Background container scrubber has been disabled by hdds.containerscrub.enabled
2019-08-23 02:50:14,118 [Datanode State Machine Thread - 0] INFO  ozoneimpl.OzoneContainer (OzoneContainer.java:startContainerScrub(160)) - Background container scrubber has been disabled by hdds.containerscrub.enabled
2019-08-23 02:50:14,119 [Datanode State Machine Thread - 0] INFO  ratis.XceiverServerRatis (XceiverServerRatis.java:start(404)) - Starting XceiverServerRatis 7d1d5090-b1ef-4680-bded-086545998ddd at port 0
2019-08-23 02:50:14,119 [Datanode State Machine Thread - 0] INFO  ratis.XceiverServerRatis (XceiverServerRatis.java:start(404)) - Starting XceiverServerRatis 36d2002e-42fa-435d-a060-c1875d20dd5b at port 0
2019-08-23 02:50:14,127 [e824def4-fdb0-4d06-a3a6-273d371b8d7d:group-A52EBC6CCB0C:LeaderElection92] INFO  impl.LeaderElection (LeaderElection.java:logAndReturn(56)) - e824def4-fdb0-4d06-a3a6-273d371b8d7d:group-A52EBC6CCB0C:LeaderElection92: Election REJECTED; received 2 response(s) [e824def4-fdb0-4d06-a3a6-273d371b8d7d<-15fd999f-62be-4877-833a-993ce600606a#0:FAIL-t5, e824def4-fdb0-4d06-a3a6-273d371b8d7d<-674baee6-143c-441e-9e30-0d895b06f838#0:FAIL-t5] and 0 exception(s); e824def4-fdb0-4d06-a3a6-273d371b8d7d:t5, leader=null, voted=e824def4-fdb0-4d06-a3a6-273d371b8d7d, raftlog=e824def4-fdb0-4d06-a3a6-273d371b8d7d-SegmentedRaftLog:OPENED:c-1,f-1,i0, conf=-1: [15fd999f-62be-4877-833a-993ce600606a:192.168.36.77:35226, 674baee6-143c-441e-9e30-0d895b06f838:192.168.36.77:39798, e824def4-fdb0-4d06-a3a6-273d371b8d7d:192.168.36.77:38058], old=null
2019-08-23 02:50:14,127 [50e43da2-e7e0-478c-b7e8-9638b0c061cc:group-F61A263991FE:LeaderElection97] INFO  impl.LeaderElection (LeaderElection.java:logAndReturn(56)) - 50e43da2-e7e0-478c-b7e8-9638b0c061cc:group-F61A263991FE:LeaderElection97: Election REJECTED; received 2 response(s) [50e43da2-e7e0-478c-b7e8-9638b0c061cc<-004b6b6e-41ce-4475-9f2f-481aedf9c953#0:FAIL-t5, 50e43da2-e7e0-478c-b7e8-9638b0c061cc<-6e366328-a21a-42d1-a497-c25b5c1bc291#0:FAIL-t5] and 0 exception(s); 50e43da2-e7e0-478c-b7e8-9638b0c061cc:t5, leader=null, voted=50e43da2-e7e0-478c-b7e8-9638b0c061cc, raftlog=50e43da2-e7e0-478c-b7e8-9638b0c061cc-SegmentedRaftLog:OPENED:c-1,f-1,i0, conf=-1: [004b6b6e-41ce-4475-9f2f-481aedf9c953:192.168.36.77:45065, 50e43da2-e7e0-478c-b7e8-9638b0c061cc:192.168.36.77:45690, 6e366328-a21a-42d1-a497-c25b5c1bc291:192.168.36.77:39747], old=null
2019-08-23 02:50:14,127 [e824def4-fdb0-4d06-a3a6-273d371b8d7d:group-A52EBC6CCB0C:LeaderElection92] INFO  impl.RaftServerImpl (RaftServerImpl.java:setRole(171)) - e824def4-fdb0-4d06-a3a6-273d371b8d7d:group-A52EBC6CCB0C changes role from CANDIDATE to FOLLOWER at term 5 for DISCOVERED_A_NEW_TERM
2019-08-23 02:50:14,127 [50e43da2-e7e0-478c-b7e8-9638b0c061cc:group-F61A263991FE:LeaderElection97] INFO  impl.RaftServerImpl (RaftServerImpl.java:setRole(171)) - 50e43da2-e7e0-478c-b7e8-9638b0c061cc:group-F61A263991FE changes role from CANDIDATE to FOLLOWER at term 5 for DISCOVERED_A_NEW_TERM
2019-08-23 02:50:14,127 [e824def4-fdb0-4d06-a3a6-273d371b8d7d:group-A52EBC6CCB0C:LeaderElection92] INFO  impl.RoleInfo (RoleInfo.java:shutdownLeaderElection(134)) - e824def4-fdb0-4d06-a3a6-273d371b8d7d: shutdown LeaderElection
2019-08-23 02:50:14,128 [50e43da2-e7e0-478c-b7e8-9638b0c061cc:group-F61A263991FE:LeaderElection97] INFO  impl.RoleInfo (RoleInfo.java:shutdownLeaderElection(134)) - 50e43da2-e7e0-478c-b7e8-9638b0c061cc: shutdown LeaderElection
2019-08-23 02:50:14,128 [e824def4-fdb0-4d06-a3a6-273d371b8d7d:group-A52EBC6CCB0C:LeaderElection92] INFO  impl.RoleInfo (RoleInfo.java:updateAndGet(143)) - e824def4-fdb0-4d06-a3a6-273d371b8d7d: start FollowerState
2019-08-23 02:50:14,129 [15fd999f-62be-4877-833a-993ce600606a:group-A52EBC6CCB0C:LeaderElection93] INFO  impl.LeaderElection (LeaderElection.java:logAndReturn(56)) - 15fd999f-62be-4877-833a-993ce600606a:group-A52EBC6CCB0C:LeaderElection93: Election REJECTED; received 2 response(s) [15fd999f-62be-4877-833a-993ce600606a<-674baee6-143c-441e-9e30-0d895b06f838#0:FAIL-t5, 15fd999f-62be-4877-833a-993ce600606a<-e824def4-fdb0-4d06-a3a6-273d371b8d7d#0:FAIL-t5] and 0 exception(s); 15fd999f-62be-4877-833a-993ce600606a:t5, leader=null, voted=15fd999f-62be-4877-833a-993ce600606a, raftlog=15fd999f-62be-4877-833a-993ce600606a-SegmentedRaftLog:OPENED:c-1,f-1,i0, conf=-1: [15fd999f-62be-4877-833a-993ce600606a:192.168.36.77:35226, 674baee6-143c-441e-9e30-0d895b06f838:192.168.36.77:39798, e824def4-fdb0-4d06-a3a6-273d371b8d7d:192.168.36.77:38058], old=null
2019-08-23 02:50:14,130 [50e43da2-e7e0-478c-b7e8-9638b0c061cc:group-F61A263991FE:LeaderElection97] INFO  impl.RoleInfo (RoleInfo.java:updateAndGet(143)) - 50e43da2-e7e0-478c-b7e8-9638b0c061cc: start FollowerState
2019-08-23 02:50:14,130 [15fd999f-62be-4877-833a-993ce600606a:group-A52EBC6CCB0C:LeaderElection93] INFO  impl.RaftServerImpl (RaftServerImpl.java:setRole(171)) - 15fd999f-62be-4877-833a-993ce600606a:group-A52EBC6CCB0C changes role from CANDIDATE to FOLLOWER at term 5 for DISCOVERED_A_NEW_TERM
2019-08-23 02:50:14,130 [15fd999f-62be-4877-833a-993ce600606a:group-A52EBC6CCB0C:LeaderElection93] INFO  impl.RoleInfo (RoleInfo.java:shutdownLeaderElection(134)) - 15fd999f-62be-4877-833a-993ce600606a: shutdown LeaderElection
2019-08-23 02:50:14,131 [004b6b6e-41ce-4475-9f2f-481aedf9c953:group-F61A263991FE:LeaderElection94] INFO  impl.LeaderElection (LeaderElection.java:logAndReturn(56)) - 004b6b6e-41ce-4475-9f2f-481aedf9c953:group-F61A263991FE:LeaderElection94: Election REJECTED; received 2 response(s) [004b6b6e-41ce-4475-9f2f-481aedf9c953<-50e43da2-e7e0-478c-b7e8-9638b0c061cc#0:FAIL-t5, 004b6b6e-41ce-4475-9f2f-481aedf9c953<-6e366328-a21a-42d1-a497-c25b5c1bc291#0:FAIL-t5] and 0 exception(s); 004b6b6e-41ce-4475-9f2f-481aedf9c953:t5, leader=null, voted=004b6b6e-41ce-4475-9f2f-481aedf9c953, raftlog=004b6b6e-41ce-4475-9f2f-481aedf9c953-SegmentedRaftLog:OPENED:c-1,f-1,i0, conf=-1: [004b6b6e-41ce-4475-9f2f-481aedf9c953:192.168.36.77:45065, 50e43da2-e7e0-478c-b7e8-9638b0c061cc:192.168.36.77:45690, 6e366328-a21a-42d1-a497-c25b5c1bc291:192.168.36.77:39747], old=null
2019-08-23 02:50:14,131 [674baee6-143c-441e-9e30-0d895b06f838:group-A52EBC6CCB0C:LeaderElection95] INFO  impl.LeaderElection (LeaderElection.java:logAndReturn(56)) - 674baee6-143c-441e-9e30-0d895b06f838:group-A52EBC6CCB0C:LeaderElection95: Election REJECTED; received 2 response(s) [674baee6-143c-441e-9e30-0d895b06f838<-15fd999f-62be-4877-833a-993ce600606a#0:FAIL-t5, 674baee6-143c-441e-9e30-0d895b06f838<-e824def4-fdb0-4d06-a3a6-273d371b8d7d#0:FAIL-t5] and 0 exception(s); 674baee6-143c-441e-9e30-0d895b06f838:t5, leader=null, voted=674baee6-143c-441e-9e30-0d895b06f838, raftlog=674baee6-143c-441e-9e30-0d895b06f838-SegmentedRaftLog:OPENED:c-1,f-1,i0, conf=-1: [15fd999f-62be-4877-833a-993ce600606a:192.168.36.77:35226, 674baee6-143c-441e-9e30-0d895b06f838:192.168.36.77:39798, e824def4-fdb0-4d06-a3a6-273d371b8d7d:192.168.36.77:38058], old=null
2019-08-23 02:50:14,132 [6e366328-a21a-42d1-a497-c25b5c1bc291:group-F61A263991FE:LeaderElection96] INFO  impl.LeaderElection (LeaderElection.java:logAndReturn(56)) - 6e366328-a21a-42d1-a497-c25b5c1bc291:group-F61A263991FE:LeaderElection96: Election REJECTED; received 2 response(s) [6e366328-a21a-42d1-a497-c25b5c1bc291<-004b6b6e-41ce-4475-9f2f-481aedf9c953#0:FAIL-t5, 6e366328-a21a-42d1-a497-c25b5c1bc291<-50e43da2-e7e0-478c-b7e8-9638b0c061cc#0:FAIL-t5] and 0 exception(s); 6e366328-a21a-42d1-a497-c25b5c1bc291:t5, leader=null, voted=6e366328-a21a-42d1-a497-c25b5c1bc291, raftlog=6e366328-a21a-42d1-a497-c25b5c1bc291-SegmentedRaftLog:OPENED:c-1,f-1,i0, conf=-1: [004b6b6e-41ce-4475-9f2f-481aedf9c953:192.168.36.77:45065, 50e43da2-e7e0-478c-b7e8-9638b0c061cc:192.168.36.77:45690, 6e366328-a21a-42d1-a497-c25b5c1bc291:192.168.36.77:39747], old=null
2019-08-23 02:50:14,132 [15fd999f-62be-4877-833a-993ce600606a:group-A52EBC6CCB0C:LeaderElection93] INFO  impl.RoleInfo (RoleInfo.java:updateAndGet(143)) - 15fd999f-62be-4877-833a-993ce600606a: start FollowerState
2019-08-23 02:50:14,132 [6e366328-a21a-42d1-a497-c25b5c1bc291:group-F61A263991FE:LeaderElection96] INFO  impl.RaftServerImpl (RaftServerImpl.java:setRole(171)) - 6e366328-a21a-42d1-a497-c25b5c1bc291:group-F61A263991FE changes role from CANDIDATE to FOLLOWER at term 5 for DISCOVERED_A_NEW_TERM
2019-08-23 02:50:14,132 [6e366328-a21a-42d1-a497-c25b5c1bc291:group-F61A263991FE:LeaderElection96] INFO  impl.RoleInfo (RoleInfo.java:shutdownLeaderElection(134)) - 6e366328-a21a-42d1-a497-c25b5c1bc291: shutdown LeaderElection
2019-08-23 02:50:14,133 [6e366328-a21a-42d1-a497-c25b5c1bc291:group-F61A263991FE:LeaderElection96] INFO  impl.RoleInfo (RoleInfo.java:updateAndGet(143)) - 6e366328-a21a-42d1-a497-c25b5c1bc291: start FollowerState
2019-08-23 02:50:14,133 [004b6b6e-41ce-4475-9f2f-481aedf9c953:group-F61A263991FE:LeaderElection94] INFO  impl.RaftServerImpl (RaftServerImpl.java:setRole(171)) - 004b6b6e-41ce-4475-9f2f-481aedf9c953:group-F61A263991FE changes role from CANDIDATE to FOLLOWER at term 5 for DISCOVERED_A_NEW_TERM
2019-08-23 02:50:14,134 [004b6b6e-41ce-4475-9f2f-481aedf9c953:group-F61A263991FE:LeaderElection94] INFO  impl.RoleInfo (RoleInfo.java:shutdownLeaderElection(134)) - 004b6b6e-41ce-4475-9f2f-481aedf9c953: shutdown LeaderElection
2019-08-23 02:50:14,134 [004b6b6e-41ce-4475-9f2f-481aedf9c953:group-F61A263991FE:LeaderElection94] INFO  impl.RoleInfo (RoleInfo.java:updateAndGet(143)) - 004b6b6e-41ce-4475-9f2f-481aedf9c953: start FollowerState
2019-08-23 02:50:14,138 [674baee6-143c-441e-9e30-0d895b06f838:group-A52EBC6CCB0C:LeaderElection95] INFO  impl.RaftServerImpl (RaftServerImpl.java:setRole(171)) - 674baee6-143c-441e-9e30-0d895b06f838:group-A52EBC6CCB0C changes role from CANDIDATE to FOLLOWER at term 5 for DISCOVERED_A_NEW_TERM
2019-08-23 02:50:14,138 [674baee6-143c-441e-9e30-0d895b06f838:group-A52EBC6CCB0C:LeaderElection95] INFO  impl.RoleInfo (RoleInfo.java:shutdownLeaderElection(134)) - 674baee6-143c-441e-9e30-0d895b06f838: shutdown LeaderElection
2019-08-23 02:50:14,139 [674baee6-143c-441e-9e30-0d895b06f838:group-A52EBC6CCB0C:LeaderElection95] INFO  impl.RoleInfo (RoleInfo.java:updateAndGet(143)) - 674baee6-143c-441e-9e30-0d895b06f838: start FollowerState
2019-08-23 02:50:14,141 | INFO  | SCMAudit | user=jenkins1000 | ip=192.168.36.77 | op=SEND_HEARTBEAT {datanodeUUID=e824def4-fdb0-4d06-a3a6-273d371b8d7d, command=[]} | ret=SUCCESS |  
2019-08-23 02:50:14,145 | INFO  | SCMAudit | user=jenkins1000 | ip=192.168.36.77 | op=SEND_HEARTBEAT {datanodeUUID=004b6b6e-41ce-4475-9f2f-481aedf9c953, command=[]} | ret=SUCCESS |  
2019-08-23 02:50:14,152 [Datanode State Machine Thread - 0] INFO  impl.RaftServerProxy (RaftServerProxy.java:lambda$start$3(299)) - 7d1d5090-b1ef-4680-bded-086545998ddd: start RPC server
2019-08-23 02:50:14,153 [Datanode State Machine Thread - 0] INFO  server.GrpcService (GrpcService.java:startImpl(149)) - 7d1d5090-b1ef-4680-bded-086545998ddd: GrpcService started, listening on 0.0.0.0/0.0.0.0:46604
2019-08-23 02:50:14,153 [Datanode State Machine Thread - 0] INFO  ratis.XceiverServerRatis (XceiverServerRatis.java:start(414)) - XceiverServerRatis 7d1d5090-b1ef-4680-bded-086545998ddd is started using port 46604
2019-08-23 02:50:14,154 [Datanode State Machine Thread - 0] INFO  impl.RaftServerProxy (RaftServerProxy.java:lambda$start$3(299)) - 7fac1d6a-2836-41bb-912e-0cc81c617797: start RPC server
2019-08-23 02:50:14,154 [Datanode State Machine Thread - 0] INFO  server.XceiverServerGrpc (XceiverServerGrpc.java:start(161)) - XceiverServerGrpc 7d1d5090-b1ef-4680-bded-086545998ddd is started using port 46540
2019-08-23 02:50:14,154 [Datanode State Machine Thread - 0] INFO  impl.RaftServerProxy (RaftServerProxy.java:lambda$start$3(299)) - 10c22d4b-82dd-4f6e-83af-e52ab1885d9d: start RPC server
2019-08-23 02:50:14,154 [Datanode State Machine Thread - 0] INFO  server.GrpcService (GrpcService.java:startImpl(149)) - 7fac1d6a-2836-41bb-912e-0cc81c617797: GrpcService started, listening on 0.0.0.0/0.0.0.0:33350
2019-08-23 02:50:14,155 [Datanode State Machine Thread - 0] INFO  ratis.XceiverServerRatis (XceiverServerRatis.java:start(414)) - XceiverServerRatis 7fac1d6a-2836-41bb-912e-0cc81c617797 is started using port 33350
2019-08-23 02:50:14,155 [Datanode State Machine Thread - 0] INFO  server.GrpcService (GrpcService.java:startImpl(149)) - 10c22d4b-82dd-4f6e-83af-e52ab1885d9d: GrpcService started, listening on 0.0.0.0/0.0.0.0:34854
2019-08-23 02:50:14,155 [Datanode State Machine Thread - 0] INFO  server.XceiverServerGrpc (XceiverServerGrpc.java:start(161)) - XceiverServerGrpc 7fac1d6a-2836-41bb-912e-0cc81c617797 is started using port 33128
2019-08-23 02:50:14,155 [Datanode State Machine Thread - 0] INFO  ratis.XceiverServerRatis (XceiverServerRatis.java:start(414)) - XceiverServerRatis 10c22d4b-82dd-4f6e-83af-e52ab1885d9d is started using port 34854
2019-08-23 02:50:14,155 [Datanode State Machine Thread - 0] INFO  impl.RaftServerProxy (RaftServerProxy.java:lambda$start$3(299)) - 36d2002e-42fa-435d-a060-c1875d20dd5b: start RPC server
2019-08-23 02:50:14,155 [Datanode State Machine Thread - 0] INFO  server.XceiverServerGrpc (XceiverServerGrpc.java:start(161)) - XceiverServerGrpc 10c22d4b-82dd-4f6e-83af-e52ab1885d9d is started using port 37246
2019-08-23 02:50:14,156 [Datanode State Machine Thread - 0] INFO  server.GrpcService (GrpcService.java:startImpl(149)) - 36d2002e-42fa-435d-a060-c1875d20dd5b: GrpcService started, listening on 0.0.0.0/0.0.0.0:42788
2019-08-23 02:50:14,156 [Datanode State Machine Thread - 0] INFO  ratis.XceiverServerRatis (XceiverServerRatis.java:start(414)) - XceiverServerRatis 36d2002e-42fa-435d-a060-c1875d20dd5b is started using port 42788
2019-08-23 02:50:14,156 [Datanode State Machine Thread - 0] INFO  server.XceiverServerGrpc (XceiverServerGrpc.java:start(161)) - XceiverServerGrpc 36d2002e-42fa-435d-a060-c1875d20dd5b is started using port 38167
2019-08-23 02:50:14,290 | INFO  | SCMAudit | user=jenkins1000 | ip=192.168.36.77 | op=GET_VERSION null | ret=SUCCESS |  
2019-08-23 02:50:14,336 [Datanode State Machine Thread - 0] INFO  ozoneimpl.OzoneContainer (OzoneContainer.java:start(186)) - Attempting to start container services.
2019-08-23 02:50:14,336 [Datanode State Machine Thread - 0] INFO  ozoneimpl.OzoneContainer (OzoneContainer.java:startContainerScrub(160)) - Background container scrubber has been disabled by hdds.containerscrub.enabled
2019-08-23 02:50:14,337 [Datanode State Machine Thread - 0] INFO  ratis.XceiverServerRatis (XceiverServerRatis.java:start(404)) - Starting XceiverServerRatis 4e26a0b2-e9f6-4006-875a-ebcdd6a63049 at port 0
2019-08-23 02:50:14,342 [Datanode State Machine Thread - 0] INFO  impl.RaftServerProxy (RaftServerProxy.java:lambda$start$3(299)) - 4e26a0b2-e9f6-4006-875a-ebcdd6a63049: start RPC server
2019-08-23 02:50:14,344 [Datanode State Machine Thread - 0] INFO  server.GrpcService (GrpcService.java:startImpl(149)) - 4e26a0b2-e9f6-4006-875a-ebcdd6a63049: GrpcService started, listening on 0.0.0.0/0.0.0.0:42856
2019-08-23 02:50:14,344 [Datanode State Machine Thread - 0] INFO  ratis.XceiverServerRatis (XceiverServerRatis.java:start(414)) - XceiverServerRatis 4e26a0b2-e9f6-4006-875a-ebcdd6a63049 is started using port 42856
2019-08-23 02:50:14,349 [Datanode State Machine Thread - 0] INFO  server.XceiverServerGrpc (XceiverServerGrpc.java:start(161)) - XceiverServerGrpc 4e26a0b2-e9f6-4006-875a-ebcdd6a63049 is started using port 37695
2019-08-23 02:50:14,350 | INFO  | SCMAudit | user=jenkins1000 | ip=192.168.36.77 | op=SEND_HEARTBEAT {datanodeUUID=50e43da2-e7e0-478c-b7e8-9638b0c061cc, command=[]} | ret=SUCCESS |  
2019-08-23 02:50:14,531 | INFO  | SCMAudit | user=jenkins1000 | ip=192.168.36.77 | op=SEND_HEARTBEAT {datanodeUUID=674baee6-143c-441e-9e30-0d895b06f838, command=[]} | ret=SUCCESS |  
2019-08-23 02:50:14,531 [main] INFO  ozone.MiniOzoneClusterImpl (MiniOzoneClusterImpl.java:lambda$waitForClusterToBeReady$0(142)) - Waiting for cluster to be ready. Got 0 of 7 DN Heartbeats.
2019-08-23 02:50:14,532 | INFO  | SCMAudit | user=jenkins1000 | ip=192.168.36.77 | op=GET_VERSION null | ret=SUCCESS |  
2019-08-23 02:50:14,620 [Datanode State Machine Thread - 0] INFO  ozoneimpl.OzoneContainer (OzoneContainer.java:start(186)) - Attempting to start container services.
2019-08-23 02:50:14,620 [Datanode State Machine Thread - 0] INFO  ozoneimpl.OzoneContainer (OzoneContainer.java:startContainerScrub(160)) - Background container scrubber has been disabled by hdds.containerscrub.enabled
2019-08-23 02:50:14,620 [Datanode State Machine Thread - 0] INFO  ratis.XceiverServerRatis (XceiverServerRatis.java:start(404)) - Starting XceiverServerRatis 5a5db0ee-9a70-437e-b34f-780f5bc0d289 at port 0
2019-08-23 02:50:14,628 [Datanode State Machine Thread - 0] INFO  impl.RaftServerProxy (RaftServerProxy.java:lambda$start$3(299)) - 5a5db0ee-9a70-437e-b34f-780f5bc0d289: start RPC server
2019-08-23 02:50:14,635 [Datanode State Machine Thread - 0] INFO  server.GrpcService (GrpcService.java:startImpl(149)) - 5a5db0ee-9a70-437e-b34f-780f5bc0d289: GrpcService started, listening on 0.0.0.0/0.0.0.0:42010
2019-08-23 02:50:14,635 [Datanode State Machine Thread - 0] INFO  ratis.XceiverServerRatis (XceiverServerRatis.java:start(414)) - XceiverServerRatis 5a5db0ee-9a70-437e-b34f-780f5bc0d289 is started using port 42010
2019-08-23 02:50:14,640 [Datanode State Machine Thread - 0] INFO  server.XceiverServerGrpc (XceiverServerGrpc.java:start(161)) - XceiverServerGrpc 5a5db0ee-9a70-437e-b34f-780f5bc0d289 is started using port 35034
2019-08-23 02:50:14,743 | INFO  | SCMAudit | user=jenkins1000 | ip=192.168.36.77 | op=SEND_HEARTBEAT {datanodeUUID=6e366328-a21a-42d1-a497-c25b5c1bc291, command=[]} | ret=SUCCESS |  
2019-08-23 02:50:15,015 | INFO  | SCMAudit | user=jenkins1000 | ip=192.168.36.77 | op=SEND_HEARTBEAT {datanodeUUID=5c5e51ce-aa4b-45fa-b548-3aebeb03959c, command=[]} | ret=SUCCESS |  
2019-08-23 02:50:15,016 | INFO  | SCMAudit | user=jenkins1000 | ip=192.168.36.77 | op=SEND_HEARTBEAT {datanodeUUID=15fd999f-62be-4877-833a-993ce600606a, command=[]} | ret=SUCCESS |  
2019-08-23 02:50:15,121 [IPC Server handler 4 on 44866] INFO  net.NetworkTopology (NetworkTopologyImpl.java:add(110)) - Added a new node: /default-rack/ecd3787f-2b30-4c06-af2c-0a727538b2a6
2019-08-23 02:50:15,124 [IPC Server handler 4 on 44866] INFO  node.SCMNodeManager (SCMNodeManager.java:register(273)) - Registered Data node : ecd3787f-2b30-4c06-af2c-0a727538b2a6{ip: 192.168.36.77, host: pr-hdds-2000-5mb45-3533150274, networkLocation: /default-rack, certSerialId: null}
2019-08-23 02:50:15,125 [EventQueue-NodeRegistrationContainerReportForDataNodeSafeModeRule] INFO  safemode.SCMSafeModeManager (DataNodeSafeModeRule.java:process(71)) - SCM in safe mode. 1 DataNodes registered, 1 required.
2019-08-23 02:50:15,125 | INFO  | SCMAudit | user=jenkins1000 | ip=192.168.36.77 | op=REGISTER {datanodeDetails=ecd3787f-2b30-4c06-af2c-0a727538b2a6{ip: 192.168.36.77, host: pr-hdds-2000-5mb45-3533150274, networkLocation: /default-rack, certSerialId: null}} | ret=SUCCESS |  
2019-08-23 02:50:15,128 [EventQueue-NodeRegistrationContainerReportForDataNodeSafeModeRule] INFO  safemode.SCMSafeModeManager (SCMSafeModeManager.java:validateSafeModeExitRules(177)) - ScmSafeModeManager, all rules are successfully validated
2019-08-23 02:50:15,128 [EventQueue-NodeRegistrationContainerReportForDataNodeSafeModeRule] INFO  safemode.SCMSafeModeManager (SCMSafeModeManager.java:exitSafeMode(193)) - SCM exiting safe mode.
2019-08-23 02:50:15,141 [grpc-default-executor-3] INFO  impl.RaftServerProxy (RaftServerProxy.java:addNew(89)) - ecd3787f-2b30-4c06-af2c-0a727538b2a6: addNew group-BCE5799F593A:[ecd3787f-2b30-4c06-af2c-0a727538b2a6:192.168.36.77:44934] returns group-BCE5799F593A:java.util.concurrent.CompletableFuture@5c3f51dd[Not completed]
2019-08-23 02:50:15,141 | INFO  | SCMAudit | user=jenkins1000 | ip=192.168.36.77 | op=SEND_HEARTBEAT {datanodeUUID=e824def4-fdb0-4d06-a3a6-273d371b8d7d, command=[]} | ret=SUCCESS |  
2019-08-23 02:50:15,142 [pool-411-thread-1] INFO  impl.RaftServerImpl (RaftServerImpl.java:<init>(93)) - ecd3787f-2b30-4c06-af2c-0a727538b2a6: new RaftServerImpl for group-BCE5799F593A:[ecd3787f-2b30-4c06-af2c-0a727538b2a6:192.168.36.77:44934] with ContainerStateMachine:uninitialized
2019-08-23 02:50:15,143 [pool-411-thread-1] INFO  server.RaftServerConfigKeys (ConfUtils.java:logGet(43)) - raft.server.rpc.timeout.min = 5s (custom)
2019-08-23 02:50:15,143 [pool-411-thread-1] INFO  server.RaftServerConfigKeys (ConfUtils.java:logGet(43)) - raft.server.rpc.timeout.max = 5200ms (custom)
2019-08-23 02:50:15,143 [pool-411-thread-1] INFO  server.RaftServerConfigKeys (ConfUtils.java:logGet(43)) - raft.server.rpcslowness.timeout = 120s (custom)
2019-08-23 02:50:15,143 [pool-411-thread-1] INFO  server.RaftServerConfigKeys (ConfUtils.java:logGet(43)) - raft.server.sleep.deviation.threshold = 300 (default)
2019-08-23 02:50:15,143 [pool-411-thread-1] INFO  server.RaftServerConfigKeys (ConfUtils.java:logGet(43)) - raft.server.log.appender.install.snapshot.enabled = false (custom)
2019-08-23 02:50:15,143 [pool-411-thread-1] INFO  impl.RaftServerImpl (ServerState.java:<init>(105)) - ecd3787f-2b30-4c06-af2c-0a727538b2a6:group-BCE5799F593A ConfigurationManager, init=-1: [ecd3787f-2b30-4c06-af2c-0a727538b2a6:192.168.36.77:44934], old=null, confs=<EMPTY_MAP>
2019-08-23 02:50:15,144 [pool-411-thread-1] INFO  server.RaftServerConfigKeys (ConfUtils.java:logGet(43)) - raft.server.storage.dir = [/workdir/hadoop-ozone/integration-test/target/test-dir/MiniOzoneClusterImpl-ddc7a5e3-92e7-4869-8d12-20395c099e28/datanode-0/data/ratis] (custom)
2019-08-23 02:50:15,144 [pool-411-thread-1] INFO  storage.RaftStorageDirectory (RaftStorageDirectory.java:analyzeStorage(246)) - The storage directory /workdir/hadoop-ozone/integration-test/target/test-dir/MiniOzoneClusterImpl-ddc7a5e3-92e7-4869-8d12-20395c099e28/datanode-0/data/ratis/58b0469e-5748-42d0-93ab-bce5799f593a does not exist. Creating ...
2019-08-23 02:50:15,145 | INFO  | SCMAudit | user=jenkins1000 | ip=192.168.36.77 | op=SEND_HEARTBEAT {datanodeUUID=004b6b6e-41ce-4475-9f2f-481aedf9c953, command=[]} | ret=SUCCESS |  
2019-08-23 02:50:15,177 [pool-411-thread-1] INFO  storage.RaftStorageDirectory (RaftStorageDirectory.java:tryLock(328)) - Lock on /workdir/hadoop-ozone/integration-test/target/test-dir/MiniOzoneClusterImpl-ddc7a5e3-92e7-4869-8d12-20395c099e28/datanode-0/data/ratis/58b0469e-5748-42d0-93ab-bce5799f593a/in_use.lock acquired by nodename 1781@pr-hdds-2000-5mb45-3533150274
2019-08-23 02:50:15,206 [pool-411-thread-1] INFO  storage.RaftStorage (RaftStorage.java:format(72)) - Storage directory /workdir/hadoop-ozone/integration-test/target/test-dir/MiniOzoneClusterImpl-ddc7a5e3-92e7-4869-8d12-20395c099e28/datanode-0/data/ratis/58b0469e-5748-42d0-93ab-bce5799f593a has been successfully formatted.
2019-08-23 02:50:15,207 [pool-411-thread-1] INFO  ratis.ContainerStateMachine (ContainerStateMachine.java:loadSnapshot(226)) - group-BCE5799F593A: The snapshot info is null. Setting the last applied indexto:(t:0, i:~)
2019-08-23 02:50:15,207 [pool-411-thread-1] INFO  server.RaftServerConfigKeys (ConfUtils.java:logGet(43)) - raft.server.leader.election.timeout = 120s (custom)
2019-08-23 02:50:15,207 [pool-411-thread-1] INFO  server.RaftServerConfigKeys (ConfUtils.java:logGet(43)) - raft.server.log.use.memory = false (default)
2019-08-23 02:50:15,207 [pool-411-thread-1] INFO  server.RaftServerConfigKeys (ConfUtils.java:logGet(43)) - raft.server.log.purge.gap = 1000000 (custom)
2019-08-23 02:50:15,208 [pool-411-thread-1] INFO  server.RaftServerConfigKeys (ConfUtils.java:logGet(43)) - raft.server.log.appender.buffer.byte-limit = 33554432 (custom)
2019-08-23 02:50:15,208 [pool-411-thread-1] INFO  server.RaftServerConfigKeys (ConfUtils.java:logGet(43)) - raft.server.log.segment.size.max = 1048576 (custom)
2019-08-23 02:50:15,208 [pool-411-thread-1] INFO  server.RaftServerConfigKeys (ConfUtils.java:logGet(43)) - raft.server.log.segment.cache.num.max = 2 (custom)
2019-08-23 02:50:15,208 [pool-411-thread-1] INFO  segmented.SegmentedRaftLogWorker (SegmentedRaftLogWorker.java:<init>(172)) - new ecd3787f-2b30-4c06-af2c-0a727538b2a6-SegmentedRaftLogWorker:Storage Directory /workdir/hadoop-ozone/integration-test/target/test-dir/MiniOzoneClusterImpl-ddc7a5e3-92e7-4869-8d12-20395c099e28/datanode-0/data/ratis/58b0469e-5748-42d0-93ab-bce5799f593a for RaftStorage:Storage Directory /workdir/hadoop-ozone/integration-test/target/test-dir/MiniOzoneClusterImpl-ddc7a5e3-92e7-4869-8d12-20395c099e28/datanode-0/data/ratis/58b0469e-5748-42d0-93ab-bce5799f593a
2019-08-23 02:50:15,208 [pool-411-thread-1] INFO  server.RaftServerConfigKeys (ConfUtils.java:logGet(43)) - raft.server.log.queue.byte-limit = 2147483647 (custom)
2019-08-23 02:50:15,208 [pool-411-thread-1] INFO  server.RaftServerConfigKeys (ConfUtils.java:logGet(43)) - raft.server.log.queue.element-limit = 1024 (custom)
2019-08-23 02:50:15,209 [pool-411-thread-1] INFO  server.RaftServerConfigKeys (ConfUtils.java:logGet(43)) - raft.server.log.segment.size.max = 1048576 (custom)
2019-08-23 02:50:15,209 [pool-411-thread-1] INFO  server.RaftServerConfigKeys (ConfUtils.java:logGet(43)) - raft.server.log.preallocated.size = 16384 (custom)
2019-08-23 02:50:15,209 [pool-411-thread-1] INFO  server.RaftServerConfigKeys (ConfUtils.java:logGet(43)) - raft.server.log.write.buffer.size = 33554432 (custom)
2019-08-23 02:50:15,209 [pool-411-thread-1] INFO  server.RaftServerConfigKeys (ConfUtils.java:logGet(43)) - raft.server.log.force.sync.num = 128 (default)
2019-08-23 02:50:15,209 [pool-411-thread-1] INFO  server.RaftServerConfigKeys (ConfUtils.java:logGet(43)) - raft.server.log.statemachine.data.sync = true (default)
2019-08-23 02:50:15,209 [pool-411-thread-1] INFO  server.RaftServerConfigKeys (ConfUtils.java:logGet(43)) - raft.server.log.statemachine.data.sync.timeout = 10s (default)
2019-08-23 02:50:15,209 [pool-411-thread-1] INFO  server.RaftServerConfigKeys (ConfUtils.java:logGet(43)) - raft.server.log.statemachine.data.sync.timeout.retry = -1 (default)
2019-08-23 02:50:15,210 [pool-411-thread-1] INFO  server.RaftServerConfigKeys (ConfUtils.java:logGet(43)) - raft.server.log.statemachine.data.caching.enabled = true (custom)
2019-08-23 02:50:15,210 [pool-411-thread-1] INFO  segmented.SegmentedRaftLogWorker (SegmentedRaftLogWorker.java:lambda$new$0(132)) - ecd3787f-2b30-4c06-af2c-0a727538b2a6-SegmentedRaftLogWorker:Storage Directory /workdir/hadoop-ozone/integration-test/target/test-dir/MiniOzoneClusterImpl-ddc7a5e3-92e7-4869-8d12-20395c099e28/datanode-0/data/ratis/58b0469e-5748-42d0-93ab-bce5799f593a: flushIndex: setUnconditionally 0 -> -1
2019-08-23 02:50:15,211 [pool-411-thread-1] INFO  server.RaftServerConfigKeys (ConfUtils.java:logGet(43)) - raft.server.snapshot.auto.trigger.enabled = true (custom)
2019-08-23 02:50:15,211 [pool-411-thread-1] INFO  server.RaftServerConfigKeys (ConfUtils.java:logGet(43)) - raft.server.snapshot.auto.trigger.threshold = 10000 (custom)
2019-08-23 02:50:15,211 [pool-411-thread-1] INFO  server.RaftServerConfigKeys (ConfUtils.java:logGet(43)) - raft.server.retrycache.expirytime = 600000ms (custom)
2019-08-23 02:50:15,211 [pool-411-thread-1] INFO  impl.RaftServerImpl (RaftServerImpl.java:start(180)) - ecd3787f-2b30-4c06-af2c-0a727538b2a6: start group-BCE5799F593A
2019-08-23 02:50:15,211 [pool-411-thread-1] INFO  impl.RaftServerImpl (RaftServerImpl.java:setRole(171)) - ecd3787f-2b30-4c06-af2c-0a727538b2a6:group-BCE5799F593A changes role from null to FOLLOWER at term 0 for startAsFollower
2019-08-23 02:50:15,211 [pool-411-thread-1] INFO  impl.RoleInfo (RoleInfo.java:updateAndGet(143)) - ecd3787f-2b30-4c06-af2c-0a727538b2a6: start FollowerState
2019-08-23 02:50:15,212 [pool-411-thread-1] INFO  util.JmxRegister (JmxRegister.java:tryRegister(44)) - Successfully registered JMX Bean with object name Ratis:service=RaftServer,group=group-BCE5799F593A,id=ecd3787f-2b30-4c06-af2c-0a727538b2a6
2019-08-23 02:50:15,215 [RatisPipelineUtilsThread] INFO  pipeline.PipelineStateManager (PipelineStateManager.java:addPipeline(56)) - Created pipeline Pipeline[ Id: 58b0469e-5748-42d0-93ab-bce5799f593a, Nodes: ecd3787f-2b30-4c06-af2c-0a727538b2a6{ip: 192.168.36.77, host: pr-hdds-2000-5mb45-3533150274, networkLocation: /default-rack, certSerialId: null}, Type:RATIS, Factor:ONE, State:OPEN]
2019-08-23 02:50:15,349 | INFO  | SCMAudit | user=jenkins1000 | ip=192.168.36.77 | op=SEND_HEARTBEAT {datanodeUUID=50e43da2-e7e0-478c-b7e8-9638b0c061cc, command=[]} | ret=SUCCESS |  
2019-08-23 02:50:15,358 [IPC Server handler 5 on 44866] INFO  net.NetworkTopology (NetworkTopologyImpl.java:add(110)) - Added a new node: /default-rack/10c22d4b-82dd-4f6e-83af-e52ab1885d9d
2019-08-23 02:50:15,358 [IPC Server handler 5 on 44866] INFO  node.SCMNodeManager (SCMNodeManager.java:register(273)) - Registered Data node : 10c22d4b-82dd-4f6e-83af-e52ab1885d9d{ip: 192.168.36.77, host: pr-hdds-2000-5mb45-3533150274, networkLocation: /default-rack, certSerialId: null}
2019-08-23 02:50:15,359 | INFO  | SCMAudit | user=jenkins1000 | ip=192.168.36.77 | op=REGISTER {datanodeDetails=10c22d4b-82dd-4f6e-83af-e52ab1885d9d{ip: 192.168.36.77, host: pr-hdds-2000-5mb45-3533150274, networkLocation: /default-rack, certSerialId: null}} | ret=SUCCESS |  
2019-08-23 02:50:15,370 [grpc-default-executor-3] INFO  impl.RaftServerProxy (RaftServerProxy.java:addNew(89)) - 10c22d4b-82dd-4f6e-83af-e52ab1885d9d: addNew group-E0668A1E3231:[10c22d4b-82dd-4f6e-83af-e52ab1885d9d:192.168.36.77:34854] returns group-E0668A1E3231:java.util.concurrent.CompletableFuture@5801a046[Not completed]
2019-08-23 02:50:15,371 [pool-422-thread-1] INFO  impl.RaftServerImpl (RaftServerImpl.java:<init>(93)) - 10c22d4b-82dd-4f6e-83af-e52ab1885d9d: new RaftServerImpl for group-E0668A1E3231:[10c22d4b-82dd-4f6e-83af-e52ab1885d9d:192.168.36.77:34854] with ContainerStateMachine:uninitialized
2019-08-23 02:50:15,371 [pool-422-thread-1] INFO  server.RaftServerConfigKeys (ConfUtils.java:logGet(43)) - raft.server.rpc.timeout.min = 5s (custom)
2019-08-23 02:50:15,371 [pool-422-thread-1] INFO  server.RaftServerConfigKeys (ConfUtils.java:logGet(43)) - raft.server.rpc.timeout.max = 5200ms (custom)
2019-08-23 02:50:15,371 [pool-422-thread-1] INFO  server.RaftServerConfigKeys (ConfUtils.java:logGet(43)) - raft.server.rpcslowness.timeout = 120s (custom)
2019-08-23 02:50:15,372 [pool-422-thread-1] INFO  server.RaftServerConfigKeys (ConfUtils.java:logGet(43)) - raft.server.sleep.deviation.threshold = 300 (default)
2019-08-23 02:50:15,372 [pool-422-thread-1] INFO  server.RaftServerConfigKeys (ConfUtils.java:logGet(43)) - raft.server.log.appender.install.snapshot.enabled = false (custom)
2019-08-23 02:50:15,372 [pool-422-thread-1] INFO  impl.RaftServerImpl (ServerState.java:<init>(105)) - 10c22d4b-82dd-4f6e-83af-e52ab1885d9d:group-E0668A1E3231 ConfigurationManager, init=-1: [10c22d4b-82dd-4f6e-83af-e52ab1885d9d:192.168.36.77:34854], old=null, confs=<EMPTY_MAP>
2019-08-23 02:50:15,372 [pool-422-thread-1] INFO  server.RaftServerConfigKeys (ConfUtils.java:logGet(43)) - raft.server.storage.dir = [/workdir/hadoop-ozone/integration-test/target/test-dir/MiniOzoneClusterImpl-ddc7a5e3-92e7-4869-8d12-20395c099e28/datanode-1/data/ratis] (custom)
2019-08-23 02:50:15,372 [pool-422-thread-1] INFO  storage.RaftStorageDirectory (RaftStorageDirectory.java:analyzeStorage(246)) - The storage directory /workdir/hadoop-ozone/integration-test/target/test-dir/MiniOzoneClusterImpl-ddc7a5e3-92e7-4869-8d12-20395c099e28/datanode-1/data/ratis/c5acbb34-3313-4431-a1d2-e0668a1e3231 does not exist. Creating ...
2019-08-23 02:50:15,403 [pool-422-thread-1] INFO  storage.RaftStorageDirectory (RaftStorageDirectory.java:tryLock(328)) - Lock on /workdir/hadoop-ozone/integration-test/target/test-dir/MiniOzoneClusterImpl-ddc7a5e3-92e7-4869-8d12-20395c099e28/datanode-1/data/ratis/c5acbb34-3313-4431-a1d2-e0668a1e3231/in_use.lock acquired by nodename 1781@pr-hdds-2000-5mb45-3533150274
2019-08-23 02:50:15,425 [pool-422-thread-1] INFO  storage.RaftStorage (RaftStorage.java:format(72)) - Storage directory /workdir/hadoop-ozone/integration-test/target/test-dir/MiniOzoneClusterImpl-ddc7a5e3-92e7-4869-8d12-20395c099e28/datanode-1/data/ratis/c5acbb34-3313-4431-a1d2-e0668a1e3231 has been successfully formatted.
2019-08-23 02:50:15,425 [pool-422-thread-1] INFO  ratis.ContainerStateMachine (ContainerStateMachine.java:loadSnapshot(226)) - group-E0668A1E3231: The snapshot info is null. Setting the last applied indexto:(t:0, i:~)
2019-08-23 02:50:15,426 [pool-422-thread-1] INFO  server.RaftServerConfigKeys (ConfUtils.java:logGet(43)) - raft.server.leader.election.timeout = 120s (custom)
2019-08-23 02:50:15,426 [pool-422-thread-1] INFO  server.RaftServerConfigKeys (ConfUtils.java:logGet(43)) - raft.server.log.use.memory = false (default)
2019-08-23 02:50:15,426 [pool-422-thread-1] INFO  server.RaftServerConfigKeys (ConfUtils.java:logGet(43)) - raft.server.log.purge.gap = 1000000 (custom)
2019-08-23 02:50:15,426 [pool-422-thread-1] INFO  server.RaftServerConfigKeys (ConfUtils.java:logGet(43)) - raft.server.log.appender.buffer.byte-limit = 33554432 (custom)
2019-08-23 02:50:15,426 [pool-422-thread-1] INFO  server.RaftServerConfigKeys (ConfUtils.java:logGet(43)) - raft.server.log.segment.size.max = 1048576 (custom)
2019-08-23 02:50:15,426 [pool-422-thread-1] INFO  server.RaftServerConfigKeys (ConfUtils.java:logGet(43)) - raft.server.log.segment.cache.num.max = 2 (custom)
2019-08-23 02:50:15,426 [pool-422-thread-1] INFO  segmented.SegmentedRaftLogWorker (SegmentedRaftLogWorker.java:<init>(172)) - new 10c22d4b-82dd-4f6e-83af-e52ab1885d9d-SegmentedRaftLogWorker:Storage Directory /workdir/hadoop-ozone/integration-test/target/test-dir/MiniOzoneClusterImpl-ddc7a5e3-92e7-4869-8d12-20395c099e28/datanode-1/data/ratis/c5acbb34-3313-4431-a1d2-e0668a1e3231 for RaftStorage:Storage Directory /workdir/hadoop-ozone/integration-test/target/test-dir/MiniOzoneClusterImpl-ddc7a5e3-92e7-4869-8d12-20395c099e28/datanode-1/data/ratis/c5acbb34-3313-4431-a1d2-e0668a1e3231
2019-08-23 02:50:15,427 [pool-422-thread-1] INFO  server.RaftServerConfigKeys (ConfUtils.java:logGet(43)) - raft.server.log.queue.byte-limit = 2147483647 (custom)
2019-08-23 02:50:15,427 [pool-422-thread-1] INFO  server.RaftServerConfigKeys (ConfUtils.java:logGet(43)) - raft.server.log.queue.element-limit = 1024 (custom)
2019-08-23 02:50:15,427 [pool-422-thread-1] INFO  server.RaftServerConfigKeys (ConfUtils.java:logGet(43)) - raft.server.log.segment.size.max = 1048576 (custom)
2019-08-23 02:50:15,427 [pool-422-thread-1] INFO  server.RaftServerConfigKeys (ConfUtils.java:logGet(43)) - raft.server.log.preallocated.size = 16384 (custom)
2019-08-23 02:50:15,427 [pool-422-thread-1] INFO  server.RaftServerConfigKeys (ConfUtils.java:logGet(43)) - raft.server.log.write.buffer.size = 33554432 (custom)
2019-08-23 02:50:15,427 [pool-422-thread-1] INFO  server.RaftServerConfigKeys (ConfUtils.java:logGet(43)) - raft.server.log.force.sync.num = 128 (default)
2019-08-23 02:50:15,427 [pool-422-thread-1] INFO  server.RaftServerConfigKeys (ConfUtils.java:logGet(43)) - raft.server.log.statemachine.data.sync = true (default)
2019-08-23 02:50:15,428 [pool-422-thread-1] INFO  server.RaftServerConfigKeys (ConfUtils.java:logGet(43)) - raft.server.log.statemachine.data.sync.timeout = 10s (default)
2019-08-23 02:50:15,428 [pool-422-thread-1] INFO  server.RaftServerConfigKeys (ConfUtils.java:logGet(43)) - raft.server.log.statemachine.data.sync.timeout.retry = -1 (default)
2019-08-23 02:50:15,428 [pool-422-thread-1] INFO  server.RaftServerConfigKeys (ConfUtils.java:logGet(43)) - raft.server.log.statemachine.data.caching.enabled = true (custom)
2019-08-23 02:50:15,429 [pool-422-thread-1] INFO  segmented.SegmentedRaftLogWorker (SegmentedRaftLogWorker.java:lambda$new$0(132)) - 10c22d4b-82dd-4f6e-83af-e52ab1885d9d-SegmentedRaftLogWorker:Storage Directory /workdir/hadoop-ozone/integration-test/target/test-dir/MiniOzoneClusterImpl-ddc7a5e3-92e7-4869-8d12-20395c099e28/datanode-1/data/ratis/c5acbb34-3313-4431-a1d2-e0668a1e3231: flushIndex: setUnconditionally 0 -> -1
2019-08-23 02:50:15,430 [pool-422-thread-1] INFO  server.RaftServerConfigKeys (ConfUtils.java:logGet(43)) - raft.server.snapshot.auto.trigger.enabled = true (custom)
2019-08-23 02:50:15,430 [pool-422-thread-1] INFO  server.RaftServerConfigKeys (ConfUtils.java:logGet(43)) - raft.server.snapshot.auto.trigger.threshold = 10000 (custom)
2019-08-23 02:50:15,430 [pool-422-thread-1] INFO  server.RaftServerConfigKeys (ConfUtils.java:logGet(43)) - raft.server.retrycache.expirytime = 600000ms (custom)
2019-08-23 02:50:15,430 [pool-422-thread-1] INFO  impl.RaftServerImpl (RaftServerImpl.java:start(180)) - 10c22d4b-82dd-4f6e-83af-e52ab1885d9d: start group-E0668A1E3231
2019-08-23 02:50:15,430 [pool-422-thread-1] INFO  impl.RaftServerImpl (RaftServerImpl.java:setRole(171)) - 10c22d4b-82dd-4f6e-83af-e52ab1885d9d:group-E0668A1E3231 changes role from null to FOLLOWER at term 0 for startAsFollower
2019-08-23 02:50:15,431 [pool-422-thread-1] INFO  impl.RoleInfo (RoleInfo.java:updateAndGet(143)) - 10c22d4b-82dd-4f6e-83af-e52ab1885d9d: start FollowerState
2019-08-23 02:50:15,431 [pool-422-thread-1] INFO  util.JmxRegister (JmxRegister.java:tryRegister(44)) - Successfully registered JMX Bean with object name Ratis:service=RaftServer,group=group-E0668A1E3231,id=10c22d4b-82dd-4f6e-83af-e52ab1885d9d
2019-08-23 02:50:15,433 [RatisPipelineUtilsThread] INFO  pipeline.PipelineStateManager (PipelineStateManager.java:addPipeline(56)) - Created pipeline Pipeline[ Id: c5acbb34-3313-4431-a1d2-e0668a1e3231, Nodes: 10c22d4b-82dd-4f6e-83af-e52ab1885d9d{ip: 192.168.36.77, host: pr-hdds-2000-5mb45-3533150274, networkLocation: /default-rack, certSerialId: null}, Type:RATIS, Factor:ONE, State:OPEN]
2019-08-23 02:50:15,530 | INFO  | SCMAudit | user=jenkins1000 | ip=192.168.36.77 | op=SEND_HEARTBEAT {datanodeUUID=674baee6-143c-441e-9e30-0d895b06f838, command=[]} | ret=SUCCESS |  
2019-08-23 02:50:15,532 [main] INFO  ozone.MiniOzoneClusterImpl (MiniOzoneClusterImpl.java:lambda$waitForClusterToBeReady$0(142)) - Waiting for cluster to be ready. Got 2 of 7 DN Heartbeats.
2019-08-23 02:50:15,583 [IPC Server handler 2 on 44866] INFO  net.NetworkTopology (NetworkTopologyImpl.java:add(110)) - Added a new node: /default-rack/7d1d5090-b1ef-4680-bded-086545998ddd
2019-08-23 02:50:15,583 [IPC Server handler 2 on 44866] INFO  node.SCMNodeManager (SCMNodeManager.java:register(273)) - Registered Data node : 7d1d5090-b1ef-4680-bded-086545998ddd{ip: 192.168.36.77, host: pr-hdds-2000-5mb45-3533150274, networkLocation: /default-rack, certSerialId: null}
2019-08-23 02:50:15,583 | INFO  | SCMAudit | user=jenkins1000 | ip=192.168.36.77 | op=REGISTER {datanodeDetails=7d1d5090-b1ef-4680-bded-086545998ddd{ip: 192.168.36.77, host: pr-hdds-2000-5mb45-3533150274, networkLocation: /default-rack, certSerialId: null}} | ret=SUCCESS |  
2019-08-23 02:50:15,594 [grpc-default-executor-3] INFO  impl.RaftServerProxy (RaftServerProxy.java:addNew(89)) - 7d1d5090-b1ef-4680-bded-086545998ddd: addNew group-5B7E582016EB:[7d1d5090-b1ef-4680-bded-086545998ddd:192.168.36.77:46604] returns group-5B7E582016EB:java.util.concurrent.CompletableFuture@4d0a7b15[Not completed]
2019-08-23 02:50:15,595 [pool-433-thread-1] INFO  impl.RaftServerImpl (RaftServerImpl.java:<init>(93)) - 7d1d5090-b1ef-4680-bded-086545998ddd: new RaftServerImpl for group-5B7E582016EB:[7d1d5090-b1ef-4680-bded-086545998ddd:192.168.36.77:46604] with ContainerStateMachine:uninitialized
2019-08-23 02:50:15,595 [pool-433-thread-1] INFO  server.RaftServerConfigKeys (ConfUtils.java:logGet(43)) - raft.server.rpc.timeout.min = 5s (custom)
2019-08-23 02:50:15,595 [pool-433-thread-1] INFO  server.RaftServerConfigKeys (ConfUtils.java:logGet(43)) - raft.server.rpc.timeout.max = 5200ms (custom)
2019-08-23 02:50:15,595 [pool-433-thread-1] INFO  server.RaftServerConfigKeys (ConfUtils.java:logGet(43)) - raft.server.rpcslowness.timeout = 120s (custom)
2019-08-23 02:50:15,595 [pool-433-thread-1] INFO  server.RaftServerConfigKeys (ConfUtils.java:logGet(43)) - raft.server.sleep.deviation.threshold = 300 (default)
2019-08-23 02:50:15,596 [pool-433-thread-1] INFO  server.RaftServerConfigKeys (ConfUtils.java:logGet(43)) - raft.server.log.appender.install.snapshot.enabled = false (custom)
2019-08-23 02:50:15,596 [pool-433-thread-1] INFO  impl.RaftServerImpl (ServerState.java:<init>(105)) - 7d1d5090-b1ef-4680-bded-086545998ddd:group-5B7E582016EB ConfigurationManager, init=-1: [7d1d5090-b1ef-4680-bded-086545998ddd:192.168.36.77:46604], old=null, confs=<EMPTY_MAP>
2019-08-23 02:50:15,596 [pool-433-thread-1] INFO  server.RaftServerConfigKeys (ConfUtils.java:logGet(43)) - raft.server.storage.dir = [/workdir/hadoop-ozone/integration-test/target/test-dir/MiniOzoneClusterImpl-ddc7a5e3-92e7-4869-8d12-20395c099e28/datanode-2/data/ratis] (custom)
2019-08-23 02:50:15,596 [pool-433-thread-1] INFO  storage.RaftStorageDirectory (RaftStorageDirectory.java:analyzeStorage(246)) - The storage directory /workdir/hadoop-ozone/integration-test/target/test-dir/MiniOzoneClusterImpl-ddc7a5e3-92e7-4869-8d12-20395c099e28/datanode-2/data/ratis/382a10b4-acf2-4cdc-911a-5b7e582016eb does not exist. Creating ...
2019-08-23 02:50:15,618 [pool-433-thread-1] INFO  storage.RaftStorageDirectory (RaftStorageDirectory.java:tryLock(328)) - Lock on /workdir/hadoop-ozone/integration-test/target/test-dir/MiniOzoneClusterImpl-ddc7a5e3-92e7-4869-8d12-20395c099e28/datanode-2/data/ratis/382a10b4-acf2-4cdc-911a-5b7e582016eb/in_use.lock acquired by nodename 1781@pr-hdds-2000-5mb45-3533150274
2019-08-23 02:50:15,644 [pool-433-thread-1] INFO  storage.RaftStorage (RaftStorage.java:format(72)) - Storage directory /workdir/hadoop-ozone/integration-test/target/test-dir/MiniOzoneClusterImpl-ddc7a5e3-92e7-4869-8d12-20395c099e28/datanode-2/data/ratis/382a10b4-acf2-4cdc-911a-5b7e582016eb has been successfully formatted.
2019-08-23 02:50:15,645 [pool-433-thread-1] INFO  ratis.ContainerStateMachine (ContainerStateMachine.java:loadSnapshot(226)) - group-5B7E582016EB: The snapshot info is null. Setting the last applied indexto:(t:0, i:~)
2019-08-23 02:50:15,645 [pool-433-thread-1] INFO  server.RaftServerConfigKeys (ConfUtils.java:logGet(43)) - raft.server.leader.election.timeout = 120s (custom)
2019-08-23 02:50:15,645 [pool-433-thread-1] INFO  server.RaftServerConfigKeys (ConfUtils.java:logGet(43)) - raft.server.log.use.memory = false (default)
2019-08-23 02:50:15,645 [pool-433-thread-1] INFO  server.RaftServerConfigKeys (ConfUtils.java:logGet(43)) - raft.server.log.purge.gap = 1000000 (custom)
2019-08-23 02:50:15,645 [pool-433-thread-1] INFO  server.RaftServerConfigKeys (ConfUtils.java:logGet(43)) - raft.server.log.appender.buffer.byte-limit = 33554432 (custom)
2019-08-23 02:50:15,645 [pool-433-thread-1] INFO  server.RaftServerConfigKeys (ConfUtils.java:logGet(43)) - raft.server.log.segment.size.max = 1048576 (custom)
2019-08-23 02:50:15,645 [pool-433-thread-1] INFO  server.RaftServerConfigKeys (ConfUtils.java:logGet(43)) - raft.server.log.segment.cache.num.max = 2 (custom)
2019-08-23 02:50:15,645 [pool-433-thread-1] INFO  segmented.SegmentedRaftLogWorker (SegmentedRaftLogWorker.java:<init>(172)) - new 7d1d5090-b1ef-4680-bded-086545998ddd-SegmentedRaftLogWorker:Storage Directory /workdir/hadoop-ozone/integration-test/target/test-dir/MiniOzoneClusterImpl-ddc7a5e3-92e7-4869-8d12-20395c099e28/datanode-2/data/ratis/382a10b4-acf2-4cdc-911a-5b7e582016eb for RaftStorage:Storage Directory /workdir/hadoop-ozone/integration-test/target/test-dir/MiniOzoneClusterImpl-ddc7a5e3-92e7-4869-8d12-20395c099e28/datanode-2/data/ratis/382a10b4-acf2-4cdc-911a-5b7e582016eb
2019-08-23 02:50:15,646 [pool-433-thread-1] INFO  server.RaftServerConfigKeys (ConfUtils.java:logGet(43)) - raft.server.log.queue.byte-limit = 2147483647 (custom)
2019-08-23 02:50:15,646 [pool-433-thread-1] INFO  server.RaftServerConfigKeys (ConfUtils.java:logGet(43)) - raft.server.log.queue.element-limit = 1024 (custom)
2019-08-23 02:50:15,646 [pool-433-thread-1] INFO  server.RaftServerConfigKeys (ConfUtils.java:logGet(43)) - raft.server.log.segment.size.max = 1048576 (custom)
2019-08-23 02:50:15,646 [pool-433-thread-1] INFO  server.RaftServerConfigKeys (ConfUtils.java:logGet(43)) - raft.server.log.preallocated.size = 16384 (custom)
2019-08-23 02:50:15,646 [pool-433-thread-1] INFO  server.RaftServerConfigKeys (ConfUtils.java:logGet(43)) - raft.server.log.write.buffer.size = 33554432 (custom)
2019-08-23 02:50:15,646 [pool-433-thread-1] INFO  server.RaftServerConfigKeys (ConfUtils.java:logGet(43)) - raft.server.log.force.sync.num = 128 (default)
2019-08-23 02:50:15,646 [pool-433-thread-1] INFO  server.RaftServerConfigKeys (ConfUtils.java:logGet(43)) - raft.server.log.statemachine.data.sync = true (default)
2019-08-23 02:50:15,646 [pool-433-thread-1] INFO  server.RaftServerConfigKeys (ConfUtils.java:logGet(43)) - raft.server.log.statemachine.data.sync.timeout = 10s (default)
2019-08-23 02:50:15,647 [pool-433-thread-1] INFO  server.RaftServerConfigKeys (ConfUtils.java:logGet(43)) - raft.server.log.statemachine.data.sync.timeout.retry = -1 (default)
2019-08-23 02:50:15,647 [pool-433-thread-1] INFO  server.RaftServerConfigKeys (ConfUtils.java:logGet(43)) - raft.server.log.statemachine.data.caching.enabled = true (custom)
2019-08-23 02:50:15,647 [pool-433-thread-1] INFO  segmented.SegmentedRaftLogWorker (SegmentedRaftLogWorker.java:lambda$new$0(132)) - 7d1d5090-b1ef-4680-bded-086545998ddd-SegmentedRaftLogWorker:Storage Directory /workdir/hadoop-ozone/integration-test/target/test-dir/MiniOzoneClusterImpl-ddc7a5e3-92e7-4869-8d12-20395c099e28/datanode-2/data/ratis/382a10b4-acf2-4cdc-911a-5b7e582016eb: flushIndex: setUnconditionally 0 -> -1
2019-08-23 02:50:15,647 [pool-433-thread-1] INFO  server.RaftServerConfigKeys (ConfUtils.java:logGet(43)) - raft.server.snapshot.auto.trigger.enabled = true (custom)
2019-08-23 02:50:15,647 [pool-433-thread-1] INFO  server.RaftServerConfigKeys (ConfUtils.java:logGet(43)) - raft.server.snapshot.auto.trigger.threshold = 10000 (custom)
2019-08-23 02:50:15,647 [pool-433-thread-1] INFO  server.RaftServerConfigKeys (ConfUtils.java:logGet(43)) - raft.server.retrycache.expirytime = 600000ms (custom)
2019-08-23 02:50:15,648 [pool-433-thread-1] INFO  impl.RaftServerImpl (RaftServerImpl.java:start(180)) - 7d1d5090-b1ef-4680-bded-086545998ddd: start group-5B7E582016EB
2019-08-23 02:50:15,648 [pool-433-thread-1] INFO  impl.RaftServerImpl (RaftServerImpl.java:setRole(171)) - 7d1d5090-b1ef-4680-bded-086545998ddd:group-5B7E582016EB changes role from null to FOLLOWER at term 0 for startAsFollower
2019-08-23 02:50:15,648 [pool-433-thread-1] INFO  impl.RoleInfo (RoleInfo.java:updateAndGet(143)) - 7d1d5090-b1ef-4680-bded-086545998ddd: start FollowerState
2019-08-23 02:50:15,648 [pool-433-thread-1] INFO  util.JmxRegister (JmxRegister.java:tryRegister(44)) - Successfully registered JMX Bean with object name Ratis:service=RaftServer,group=group-5B7E582016EB,id=7d1d5090-b1ef-4680-bded-086545998ddd
2019-08-23 02:50:15,650 [RatisPipelineUtilsThread] INFO  pipeline.PipelineStateManager (PipelineStateManager.java:addPipeline(56)) - Created pipeline Pipeline[ Id: 382a10b4-acf2-4cdc-911a-5b7e582016eb, Nodes: 7d1d5090-b1ef-4680-bded-086545998ddd{ip: 192.168.36.77, host: pr-hdds-2000-5mb45-3533150274, networkLocation: /default-rack, certSerialId: null}, Type:RATIS, Factor:ONE, State:OPEN]
2019-08-23 02:50:15,678 [grpc-default-executor-3] INFO  impl.RaftServerProxy (RaftServerProxy.java:addNew(89)) - 10c22d4b-82dd-4f6e-83af-e52ab1885d9d: addNew group-0DF14E4B3894:[ecd3787f-2b30-4c06-af2c-0a727538b2a6:192.168.36.77:44934, 10c22d4b-82dd-4f6e-83af-e52ab1885d9d:192.168.36.77:34854, 7d1d5090-b1ef-4680-bded-086545998ddd:192.168.36.77:46604] returns group-0DF14E4B3894:java.util.concurrent.CompletableFuture@5398def8[Not completed]
2019-08-23 02:50:15,678 [grpc-default-executor-1] INFO  impl.RaftServerProxy (RaftServerProxy.java:addNew(89)) - 7d1d5090-b1ef-4680-bded-086545998ddd: addNew group-0DF14E4B3894:[ecd3787f-2b30-4c06-af2c-0a727538b2a6:192.168.36.77:44934, 10c22d4b-82dd-4f6e-83af-e52ab1885d9d:192.168.36.77:34854, 7d1d5090-b1ef-4680-bded-086545998ddd:192.168.36.77:46604] returns group-0DF14E4B3894:java.util.concurrent.CompletableFuture@7c80d4a0[Not completed]
2019-08-23 02:50:15,678 [grpc-default-executor-4] INFO  impl.RaftServerProxy (RaftServerProxy.java:addNew(89)) - ecd3787f-2b30-4c06-af2c-0a727538b2a6: addNew group-0DF14E4B3894:[ecd3787f-2b30-4c06-af2c-0a727538b2a6:192.168.36.77:44934, 10c22d4b-82dd-4f6e-83af-e52ab1885d9d:192.168.36.77:34854, 7d1d5090-b1ef-4680-bded-086545998ddd:192.168.36.77:46604] returns group-0DF14E4B3894:java.util.concurrent.CompletableFuture@38df1797[Not completed]
2019-08-23 02:50:15,679 [pool-433-thread-1] INFO  impl.RaftServerImpl (RaftServerImpl.java:<init>(93)) - 7d1d5090-b1ef-4680-bded-086545998ddd: new RaftServerImpl for group-0DF14E4B3894:[ecd3787f-2b30-4c06-af2c-0a727538b2a6:192.168.36.77:44934, 10c22d4b-82dd-4f6e-83af-e52ab1885d9d:192.168.36.77:34854, 7d1d5090-b1ef-4680-bded-086545998ddd:192.168.36.77:46604] with ContainerStateMachine:uninitialized
2019-08-23 02:50:15,680 [pool-433-thread-1] INFO  server.RaftServerConfigKeys (ConfUtils.java:logGet(43)) - raft.server.rpc.timeout.min = 5s (custom)
2019-08-23 02:50:15,680 [pool-433-thread-1] INFO  server.RaftServerConfigKeys (ConfUtils.java:logGet(43)) - raft.server.rpc.timeout.max = 5200ms (custom)
2019-08-23 02:50:15,680 [pool-433-thread-1] INFO  server.RaftServerConfigKeys (ConfUtils.java:logGet(43)) - raft.server.rpcslowness.timeout = 120s (custom)
2019-08-23 02:50:15,680 [pool-433-thread-1] INFO  server.RaftServerConfigKeys (ConfUtils.java:logGet(43)) - raft.server.sleep.deviation.threshold = 300 (default)
2019-08-23 02:50:15,680 [pool-411-thread-1] INFO  impl.RaftServerImpl (RaftServerImpl.java:<init>(93)) - ecd3787f-2b30-4c06-af2c-0a727538b2a6: new RaftServerImpl for group-0DF14E4B3894:[ecd3787f-2b30-4c06-af2c-0a727538b2a6:192.168.36.77:44934, 10c22d4b-82dd-4f6e-83af-e52ab1885d9d:192.168.36.77:34854, 7d1d5090-b1ef-4680-bded-086545998ddd:192.168.36.77:46604] with ContainerStateMachine:uninitialized
2019-08-23 02:50:15,680 [pool-433-thread-1] INFO  server.RaftServerConfigKeys (ConfUtils.java:logGet(43)) - raft.server.log.appender.install.snapshot.enabled = false (custom)
2019-08-23 02:50:15,680 [pool-411-thread-1] INFO  server.RaftServerConfigKeys (ConfUtils.java:logGet(43)) - raft.server.rpc.timeout.min = 5s (custom)
2019-08-23 02:50:15,680 [pool-422-thread-1] INFO  impl.RaftServerImpl (RaftServerImpl.java:<init>(93)) - 10c22d4b-82dd-4f6e-83af-e52ab1885d9d: new RaftServerImpl for group-0DF14E4B3894:[ecd3787f-2b30-4c06-af2c-0a727538b2a6:192.168.36.77:44934, 10c22d4b-82dd-4f6e-83af-e52ab1885d9d:192.168.36.77:34854, 7d1d5090-b1ef-4680-bded-086545998ddd:192.168.36.77:46604] with ContainerStateMachine:uninitialized
2019-08-23 02:50:15,680 [pool-433-thread-1] INFO  impl.RaftServerImpl (ServerState.java:<init>(105)) - 7d1d5090-b1ef-4680-bded-086545998ddd:group-0DF14E4B3894 ConfigurationManager, init=-1: [ecd3787f-2b30-4c06-af2c-0a727538b2a6:192.168.36.77:44934, 10c22d4b-82dd-4f6e-83af-e52ab1885d9d:192.168.36.77:34854, 7d1d5090-b1ef-4680-bded-086545998ddd:192.168.36.77:46604], old=null, confs=<EMPTY_MAP>
2019-08-23 02:50:15,681 [pool-422-thread-1] INFO  server.RaftServerConfigKeys (ConfUtils.java:logGet(43)) - raft.server.rpc.timeout.min = 5s (custom)
2019-08-23 02:50:15,681 [pool-411-thread-1] INFO  server.RaftServerConfigKeys (ConfUtils.java:logGet(43)) - raft.server.rpc.timeout.max = 5200ms (custom)
2019-08-23 02:50:15,681 [pool-422-thread-1] INFO  server.RaftServerConfigKeys (ConfUtils.java:logGet(43)) - raft.server.rpc.timeout.max = 5200ms (custom)
2019-08-23 02:50:15,681 [pool-433-thread-1] INFO  server.RaftServerConfigKeys (ConfUtils.java:logGet(43)) - raft.server.storage.dir = [/workdir/hadoop-ozone/integration-test/target/test-dir/MiniOzoneClusterImpl-ddc7a5e3-92e7-4869-8d12-20395c099e28/datanode-2/data/ratis] (custom)
2019-08-23 02:50:15,681 [pool-422-thread-1] INFO  server.RaftServerConfigKeys (ConfUtils.java:logGet(43)) - raft.server.rpcslowness.timeout = 120s (custom)
2019-08-23 02:50:15,681 [pool-411-thread-1] INFO  server.RaftServerConfigKeys (ConfUtils.java:logGet(43)) - raft.server.rpcslowness.timeout = 120s (custom)
2019-08-23 02:50:15,681 [pool-433-thread-1] INFO  storage.RaftStorageDirectory (RaftStorageDirectory.java:analyzeStorage(246)) - The storage directory /workdir/hadoop-ozone/integration-test/target/test-dir/MiniOzoneClusterImpl-ddc7a5e3-92e7-4869-8d12-20395c099e28/datanode-2/data/ratis/b83af6be-e6da-4506-91a5-0df14e4b3894 does not exist. Creating ...
2019-08-23 02:50:15,681 [pool-422-thread-1] INFO  server.RaftServerConfigKeys (ConfUtils.java:logGet(43)) - raft.server.sleep.deviation.threshold = 300 (default)
2019-08-23 02:50:15,681 [pool-411-thread-1] INFO  server.RaftServerConfigKeys (ConfUtils.java:logGet(43)) - raft.server.sleep.deviation.threshold = 300 (default)
2019-08-23 02:50:15,682 [pool-422-thread-1] INFO  server.RaftServerConfigKeys (ConfUtils.java:logGet(43)) - raft.server.log.appender.install.snapshot.enabled = false (custom)
2019-08-23 02:50:15,682 [pool-411-thread-1] INFO  server.RaftServerConfigKeys (ConfUtils.java:logGet(43)) - raft.server.log.appender.install.snapshot.enabled = false (custom)
2019-08-23 02:50:15,682 [pool-422-thread-1] INFO  impl.RaftServerImpl (ServerState.java:<init>(105)) - 10c22d4b-82dd-4f6e-83af-e52ab1885d9d:group-0DF14E4B3894 ConfigurationManager, init=-1: [ecd3787f-2b30-4c06-af2c-0a727538b2a6:192.168.36.77:44934, 10c22d4b-82dd-4f6e-83af-e52ab1885d9d:192.168.36.77:34854, 7d1d5090-b1ef-4680-bded-086545998ddd:192.168.36.77:46604], old=null, confs=<EMPTY_MAP>
2019-08-23 02:50:15,682 [pool-411-thread-1] INFO  impl.RaftServerImpl (ServerState.java:<init>(105)) - ecd3787f-2b30-4c06-af2c-0a727538b2a6:group-0DF14E4B3894 ConfigurationManager, init=-1: [ecd3787f-2b30-4c06-af2c-0a727538b2a6:192.168.36.77:44934, 10c22d4b-82dd-4f6e-83af-e52ab1885d9d:192.168.36.77:34854, 7d1d5090-b1ef-4680-bded-086545998ddd:192.168.36.77:46604], old=null, confs=<EMPTY_MAP>
2019-08-23 02:50:15,682 [pool-422-thread-1] INFO  server.RaftServerConfigKeys (ConfUtils.java:logGet(43)) - raft.server.storage.dir = [/workdir/hadoop-ozone/integration-test/target/test-dir/MiniOzoneClusterImpl-ddc7a5e3-92e7-4869-8d12-20395c099e28/datanode-1/data/ratis] (custom)
2019-08-23 02:50:15,682 [pool-411-thread-1] INFO  server.RaftServerConfigKeys (ConfUtils.java:logGet(43)) - raft.server.storage.dir = [/workdir/hadoop-ozone/integration-test/target/test-dir/MiniOzoneClusterImpl-ddc7a5e3-92e7-4869-8d12-20395c099e28/datanode-0/data/ratis] (custom)
2019-08-23 02:50:15,682 [pool-422-thread-1] INFO  storage.RaftStorageDirectory (RaftStorageDirectory.java:analyzeStorage(246)) - The storage directory /workdir/hadoop-ozone/integration-test/target/test-dir/MiniOzoneClusterImpl-ddc7a5e3-92e7-4869-8d12-20395c099e28/datanode-1/data/ratis/b83af6be-e6da-4506-91a5-0df14e4b3894 does not exist. Creating ...
2019-08-23 02:50:15,682 [pool-411-thread-1] INFO  storage.RaftStorageDirectory (RaftStorageDirectory.java:analyzeStorage(246)) - The storage directory /workdir/hadoop-ozone/integration-test/target/test-dir/MiniOzoneClusterImpl-ddc7a5e3-92e7-4869-8d12-20395c099e28/datanode-0/data/ratis/b83af6be-e6da-4506-91a5-0df14e4b3894 does not exist. Creating ...
2019-08-23 02:50:15,702 [pool-411-thread-1] INFO  storage.RaftStorageDirectory (RaftStorageDirectory.java:tryLock(328)) - Lock on /workdir/hadoop-ozone/integration-test/target/test-dir/MiniOzoneClusterImpl-ddc7a5e3-92e7-4869-8d12-20395c099e28/datanode-0/data/ratis/b83af6be-e6da-4506-91a5-0df14e4b3894/in_use.lock acquired by nodename 1781@pr-hdds-2000-5mb45-3533150274
2019-08-23 02:50:15,702 [pool-433-thread-1] INFO  storage.RaftStorageDirectory (RaftStorageDirectory.java:tryLock(328)) - Lock on /workdir/hadoop-ozone/integration-test/target/test-dir/MiniOzoneClusterImpl-ddc7a5e3-92e7-4869-8d12-20395c099e28/datanode-2/data/ratis/b83af6be-e6da-4506-91a5-0df14e4b3894/in_use.lock acquired by nodename 1781@pr-hdds-2000-5mb45-3533150274
2019-08-23 02:50:15,702 [pool-422-thread-1] INFO  storage.RaftStorageDirectory (RaftStorageDirectory.java:tryLock(328)) - Lock on /workdir/hadoop-ozone/integration-test/target/test-dir/MiniOzoneClusterImpl-ddc7a5e3-92e7-4869-8d12-20395c099e28/datanode-1/data/ratis/b83af6be-e6da-4506-91a5-0df14e4b3894/in_use.lock acquired by nodename 1781@pr-hdds-2000-5mb45-3533150274
2019-08-23 02:50:15,743 | INFO  | SCMAudit | user=jenkins1000 | ip=192.168.36.77 | op=SEND_HEARTBEAT {datanodeUUID=6e366328-a21a-42d1-a497-c25b5c1bc291, command=[]} | ret=SUCCESS |  
2019-08-23 02:50:15,757 [pool-411-thread-1] INFO  storage.RaftStorage (RaftStorage.java:format(72)) - Storage directory /workdir/hadoop-ozone/integration-test/target/test-dir/MiniOzoneClusterImpl-ddc7a5e3-92e7-4869-8d12-20395c099e28/datanode-0/data/ratis/b83af6be-e6da-4506-91a5-0df14e4b3894 has been successfully formatted.
2019-08-23 02:50:15,757 [pool-433-thread-1] INFO  storage.RaftStorage (RaftStorage.java:format(72)) - Storage directory /workdir/hadoop-ozone/integration-test/target/test-dir/MiniOzoneClusterImpl-ddc7a5e3-92e7-4869-8d12-20395c099e28/datanode-2/data/ratis/b83af6be-e6da-4506-91a5-0df14e4b3894 has been successfully formatted.
2019-08-23 02:50:15,757 [pool-411-thread-1] INFO  ratis.ContainerStateMachine (ContainerStateMachine.java:loadSnapshot(226)) - group-0DF14E4B3894: The snapshot info is null. Setting the last applied indexto:(t:0, i:~)
2019-08-23 02:50:15,757 [pool-422-thread-1] INFO  storage.RaftStorage (RaftStorage.java:format(72)) - Storage directory /workdir/hadoop-ozone/integration-test/target/test-dir/MiniOzoneClusterImpl-ddc7a5e3-92e7-4869-8d12-20395c099e28/datanode-1/data/ratis/b83af6be-e6da-4506-91a5-0df14e4b3894 has been successfully formatted.
2019-08-23 02:50:15,757 [pool-411-thread-1] INFO  server.RaftServerConfigKeys (ConfUtils.java:logGet(43)) - raft.server.leader.election.timeout = 120s (custom)
2019-08-23 02:50:15,757 [pool-433-thread-1] INFO  ratis.ContainerStateMachine (ContainerStateMachine.java:loadSnapshot(226)) - group-0DF14E4B3894: The snapshot info is null. Setting the last applied indexto:(t:0, i:~)
2019-08-23 02:50:15,758 [pool-411-thread-1] INFO  server.RaftServerConfigKeys (ConfUtils.java:logGet(43)) - raft.server.log.use.memory = false (default)
2019-08-23 02:50:15,758 [pool-433-thread-1] INFO  server.RaftServerConfigKeys (ConfUtils.java:logGet(43)) - raft.server.leader.election.timeout = 120s (custom)
2019-08-23 02:50:15,758 [pool-411-thread-1] INFO  server.RaftServerConfigKeys (ConfUtils.java:logGet(43)) - raft.server.log.purge.gap = 1000000 (custom)
2019-08-23 02:50:15,758 [pool-422-thread-1] INFO  ratis.ContainerStateMachine (ContainerStateMachine.java:loadSnapshot(226)) - group-0DF14E4B3894: The snapshot info is null. Setting the last applied indexto:(t:0, i:~)
2019-08-23 02:50:15,758 [pool-411-thread-1] INFO  server.RaftServerConfigKeys (ConfUtils.java:logGet(43)) - raft.server.log.appender.buffer.byte-limit = 33554432 (custom)
2019-08-23 02:50:15,758 [pool-433-thread-1] INFO  server.RaftServerConfigKeys (ConfUtils.java:logGet(43)) - raft.server.log.use.memory = false (default)
2019-08-23 02:50:15,758 [pool-411-thread-1] INFO  server.RaftServerConfigKeys (ConfUtils.java:logGet(43)) - raft.server.log.segment.size.max = 1048576 (custom)
2019-08-23 02:50:15,758 [pool-422-thread-1] INFO  server.RaftServerConfigKeys (ConfUtils.java:logGet(43)) - raft.server.leader.election.timeout = 120s (custom)
2019-08-23 02:50:15,758 [pool-411-thread-1] INFO  server.RaftServerConfigKeys (ConfUtils.java:logGet(43)) - raft.server.log.segment.cache.num.max = 2 (custom)
2019-08-23 02:50:15,758 [pool-433-thread-1] INFO  server.RaftServerConfigKeys (ConfUtils.java:logGet(43)) - raft.server.log.purge.gap = 1000000 (custom)
2019-08-23 02:50:15,759 [pool-411-thread-1] INFO  segmented.SegmentedRaftLogWorker (SegmentedRaftLogWorker.java:<init>(172)) - new ecd3787f-2b30-4c06-af2c-0a727538b2a6-SegmentedRaftLogWorker:Storage Directory /workdir/hadoop-ozone/integration-test/target/test-dir/MiniOzoneClusterImpl-ddc7a5e3-92e7-4869-8d12-20395c099e28/datanode-0/data/ratis/b83af6be-e6da-4506-91a5-0df14e4b3894 for RaftStorage:Storage Directory /workdir/hadoop-ozone/integration-test/target/test-dir/MiniOzoneClusterImpl-ddc7a5e3-92e7-4869-8d12-20395c099e28/datanode-0/data/ratis/b83af6be-e6da-4506-91a5-0df14e4b3894
2019-08-23 02:50:15,758 [pool-422-thread-1] INFO  server.RaftServerConfigKeys (ConfUtils.java:logGet(43)) - raft.server.log.use.memory = false (default)
2019-08-23 02:50:15,759 [pool-411-thread-1] INFO  server.RaftServerConfigKeys (ConfUtils.java:logGet(43)) - raft.server.log.queue.byte-limit = 2147483647 (custom)
2019-08-23 02:50:15,759 [pool-433-thread-1] INFO  server.RaftServerConfigKeys (ConfUtils.java:logGet(43)) - raft.server.log.appender.buffer.byte-limit = 33554432 (custom)
2019-08-23 02:50:15,759 [pool-411-thread-1] INFO  server.RaftServerConfigKeys (ConfUtils.java:logGet(43)) - raft.server.log.queue.element-limit = 1024 (custom)
2019-08-23 02:50:15,759 [pool-422-thread-1] INFO  server.RaftServerConfigKeys (ConfUtils.java:logGet(43)) - raft.server.log.purge.gap = 1000000 (custom)
2019-08-23 02:50:15,759 [pool-411-thread-1] INFO  server.RaftServerConfigKeys (ConfUtils.java:logGet(43)) - raft.server.log.segment.size.max = 1048576 (custom)
2019-08-23 02:50:15,759 [pool-411-thread-1] INFO  server.RaftServerConfigKeys (ConfUtils.java:logGet(43)) - raft.server.log.preallocated.size = 16384 (custom)
2019-08-23 02:50:15,759 [pool-433-thread-1] INFO  server.RaftServerConfigKeys (ConfUtils.java:logGet(43)) - raft.server.log.segment.size.max = 1048576 (custom)
2019-08-23 02:50:15,760 [pool-411-thread-1] INFO  server.RaftServerConfigKeys (ConfUtils.java:logGet(43)) - raft.server.log.write.buffer.size = 33554432 (custom)
2019-08-23 02:50:15,759 [pool-422-thread-1] INFO  server.RaftServerConfigKeys (ConfUtils.java:logGet(43)) - raft.server.log.appender.buffer.byte-limit = 33554432 (custom)
2019-08-23 02:50:15,760 [pool-411-thread-1] INFO  server.RaftServerConfigKeys (ConfUtils.java:logGet(43)) - raft.server.log.force.sync.num = 128 (default)
2019-08-23 02:50:15,760 [pool-433-thread-1] INFO  server.RaftServerConfigKeys (ConfUtils.java:logGet(43)) - raft.server.log.segment.cache.num.max = 2 (custom)
2019-08-23 02:50:15,760 [pool-411-thread-1] INFO  server.RaftServerConfigKeys (ConfUtils.java:logGet(43)) - raft.server.log.statemachine.data.sync = true (default)
2019-08-23 02:50:15,760 [pool-422-thread-1] INFO  server.RaftServerConfigKeys (ConfUtils.java:logGet(43)) - raft.server.log.segment.size.max = 1048576 (custom)
2019-08-23 02:50:15,760 [pool-411-thread-1] INFO  server.RaftServerConfigKeys (ConfUtils.java:logGet(43)) - raft.server.log.statemachine.data.sync.timeout = 10s (default)
2019-08-23 02:50:15,760 [pool-433-thread-1] INFO  segmented.SegmentedRaftLogWorker (SegmentedRaftLogWorker.java:<init>(172)) - new 7d1d5090-b1ef-4680-bded-086545998ddd-SegmentedRaftLogWorker:Storage Directory /workdir/hadoop-ozone/integration-test/target/test-dir/MiniOzoneClusterImpl-ddc7a5e3-92e7-4869-8d12-20395c099e28/datanode-2/data/ratis/b83af6be-e6da-4506-91a5-0df14e4b3894 for RaftStorage:Storage Directory /workdir/hadoop-ozone/integration-test/target/test-dir/MiniOzoneClusterImpl-ddc7a5e3-92e7-4869-8d12-20395c099e28/datanode-2/data/ratis/b83af6be-e6da-4506-91a5-0df14e4b3894
2019-08-23 02:50:15,761 [pool-411-thread-1] INFO  server.RaftServerConfigKeys (ConfUtils.java:logGet(43)) - raft.server.log.statemachine.data.sync.timeout.retry = -1 (default)
2019-08-23 02:50:15,760 [pool-422-thread-1] INFO  server.RaftServerConfigKeys (ConfUtils.java:logGet(43)) - raft.server.log.segment.cache.num.max = 2 (custom)
2019-08-23 02:50:15,761 [pool-411-thread-1] INFO  server.RaftServerConfigKeys (ConfUtils.java:logGet(43)) - raft.server.log.statemachine.data.caching.enabled = true (custom)
2019-08-23 02:50:15,761 [pool-433-thread-1] INFO  server.RaftServerConfigKeys (ConfUtils.java:logGet(43)) - raft.server.log.queue.byte-limit = 2147483647 (custom)
2019-08-23 02:50:15,761 [pool-422-thread-1] INFO  segmented.SegmentedRaftLogWorker (SegmentedRaftLogWorker.java:<init>(172)) - new 10c22d4b-82dd-4f6e-83af-e52ab1885d9d-SegmentedRaftLogWorker:Storage Directory /workdir/hadoop-ozone/integration-test/target/test-dir/MiniOzoneClusterImpl-ddc7a5e3-92e7-4869-8d12-20395c099e28/datanode-1/data/ratis/b83af6be-e6da-4506-91a5-0df14e4b3894 for RaftStorage:Storage Directory /workdir/hadoop-ozone/integration-test/target/test-dir/MiniOzoneClusterImpl-ddc7a5e3-92e7-4869-8d12-20395c099e28/datanode-1/data/ratis/b83af6be-e6da-4506-91a5-0df14e4b3894
2019-08-23 02:50:15,761 [pool-433-thread-1] INFO  server.RaftServerConfigKeys (ConfUtils.java:logGet(43)) - raft.server.log.queue.element-limit = 1024 (custom)
2019-08-23 02:50:15,761 [pool-411-thread-1] INFO  segmented.SegmentedRaftLogWorker (SegmentedRaftLogWorker.java:lambda$new$0(132)) - ecd3787f-2b30-4c06-af2c-0a727538b2a6-SegmentedRaftLogWorker:Storage Directory /workdir/hadoop-ozone/integration-test/target/test-dir/MiniOzoneClusterImpl-ddc7a5e3-92e7-4869-8d12-20395c099e28/datanode-0/data/ratis/b83af6be-e6da-4506-91a5-0df14e4b3894: flushIndex: setUnconditionally 0 -> -1
2019-08-23 02:50:15,761 [pool-422-thread-1] INFO  server.RaftServerConfigKeys (ConfUtils.java:logGet(43)) - raft.server.log.queue.byte-limit = 2147483647 (custom)
2019-08-23 02:50:15,761 [pool-433-thread-1] INFO  server.RaftServerConfigKeys (ConfUtils.java:logGet(43)) - raft.server.log.segment.size.max = 1048576 (custom)
2019-08-23 02:50:15,762 [pool-411-thread-1] INFO  server.RaftServerConfigKeys (ConfUtils.java:logGet(43)) - raft.server.snapshot.auto.trigger.enabled = true (custom)
2019-08-23 02:50:15,762 [pool-411-thread-1] INFO  server.RaftServerConfigKeys (ConfUtils.java:logGet(43)) - raft.server.snapshot.auto.trigger.threshold = 10000 (custom)
2019-08-23 02:50:15,762 [pool-422-thread-1] INFO  server.RaftServerConfigKeys (ConfUtils.java:logGet(43)) - raft.server.log.queue.element-limit = 1024 (custom)
2019-08-23 02:50:15,762 [pool-411-thread-1] INFO  server.RaftServerConfigKeys (ConfUtils.java:logGet(43)) - raft.server.retrycache.expirytime = 600000ms (custom)
2019-08-23 02:50:15,762 [pool-433-thread-1] INFO  server.RaftServerConfigKeys (ConfUtils.java:logGet(43)) - raft.server.log.preallocated.size = 16384 (custom)
2019-08-23 02:50:15,762 [pool-411-thread-1] INFO  impl.RaftServerImpl (RaftServerImpl.java:start(180)) - ecd3787f-2b30-4c06-af2c-0a727538b2a6: start group-0DF14E4B3894
2019-08-23 02:50:15,762 [pool-422-thread-1] INFO  server.RaftServerConfigKeys (ConfUtils.java:logGet(43)) - raft.server.log.segment.size.max = 1048576 (custom)
2019-08-23 02:50:15,762 [pool-411-thread-1] INFO  impl.RaftServerImpl (RaftServerImpl.java:setRole(171)) - ecd3787f-2b30-4c06-af2c-0a727538b2a6:group-0DF14E4B3894 changes role from null to FOLLOWER at term 0 for startAsFollower
2019-08-23 02:50:15,762 [pool-433-thread-1] INFO  server.RaftServerConfigKeys (ConfUtils.java:logGet(43)) - raft.server.log.write.buffer.size = 33554432 (custom)
2019-08-23 02:50:15,763 [pool-411-thread-1] INFO  impl.RoleInfo (RoleInfo.java:updateAndGet(143)) - ecd3787f-2b30-4c06-af2c-0a727538b2a6: start FollowerState
2019-08-23 02:50:15,763 [pool-422-thread-1] INFO  server.RaftServerConfigKeys (ConfUtils.java:logGet(43)) - raft.server.log.preallocated.size = 16384 (custom)
2019-08-23 02:50:15,763 [pool-433-thread-1] INFO  server.RaftServerConfigKeys (ConfUtils.java:logGet(43)) - raft.server.log.force.sync.num = 128 (default)
2019-08-23 02:50:15,763 [pool-422-thread-1] INFO  server.RaftServerConfigKeys (ConfUtils.java:logGet(43)) - raft.server.log.write.buffer.size = 33554432 (custom)
2019-08-23 02:50:15,763 [pool-411-thread-1] INFO  util.JmxRegister (JmxRegister.java:tryRegister(44)) - Successfully registered JMX Bean with object name Ratis:service=RaftServer,group=group-0DF14E4B3894,id=ecd3787f-2b30-4c06-af2c-0a727538b2a6
2019-08-23 02:50:15,763 [pool-433-thread-1] INFO  server.RaftServerConfigKeys (ConfUtils.java:logGet(43)) - raft.server.log.statemachine.data.sync = true (default)
2019-08-23 02:50:15,763 [pool-422-thread-1] INFO  server.RaftServerConfigKeys (ConfUtils.java:logGet(43)) - raft.server.log.force.sync.num = 128 (default)
2019-08-23 02:50:15,763 [pool-433-thread-1] INFO  server.RaftServerConfigKeys (ConfUtils.java:logGet(43)) - raft.server.log.statemachine.data.sync.timeout = 10s (default)
2019-08-23 02:50:15,764 [pool-422-thread-1] INFO  server.RaftServerConfigKeys (ConfUtils.java:logGet(43)) - raft.server.log.statemachine.data.sync = true (default)
2019-08-23 02:50:15,764 [pool-433-thread-1] INFO  server.RaftServerConfigKeys (ConfUtils.java:logGet(43)) - raft.server.log.statemachine.data.sync.timeout.retry = -1 (default)
2019-08-23 02:50:15,764 [pool-422-thread-1] INFO  server.RaftServerConfigKeys (ConfUtils.java:logGet(43)) - raft.server.log.statemachine.data.sync.timeout = 10s (default)
2019-08-23 02:50:15,764 [pool-433-thread-1] INFO  server.RaftServerConfigKeys (ConfUtils.java:logGet(43)) - raft.server.log.statemachine.data.caching.enabled = true (custom)
2019-08-23 02:50:15,764 [pool-422-thread-1] INFO  server.RaftServerConfigKeys (ConfUtils.java:logGet(43)) - raft.server.log.statemachine.data.sync.timeout.retry = -1 (default)
2019-08-23 02:50:15,764 [pool-433-thread-1] INFO  segmented.SegmentedRaftLogWorker (SegmentedRaftLogWorker.java:lambda$new$0(132)) - 7d1d5090-b1ef-4680-bded-086545998ddd-SegmentedRaftLogWorker:Storage Directory /workdir/hadoop-ozone/integration-test/target/test-dir/MiniOzoneClusterImpl-ddc7a5e3-92e7-4869-8d12-20395c099e28/datanode-2/data/ratis/b83af6be-e6da-4506-91a5-0df14e4b3894: flushIndex: setUnconditionally 0 -> -1
2019-08-23 02:50:15,764 [pool-422-thread-1] INFO  server.RaftServerConfigKeys (ConfUtils.java:logGet(43)) - raft.server.log.statemachine.data.caching.enabled = true (custom)
2019-08-23 02:50:15,765 [pool-433-thread-1] INFO  server.RaftServerConfigKeys (ConfUtils.java:logGet(43)) - raft.server.snapshot.auto.trigger.enabled = true (custom)
2019-08-23 02:50:15,765 [pool-433-thread-1] INFO  server.RaftServerConfigKeys (ConfUtils.java:logGet(43)) - raft.server.snapshot.auto.trigger.threshold = 10000 (custom)
2019-08-23 02:50:15,765 [pool-433-thread-1] INFO  server.RaftServerConfigKeys (ConfUtils.java:logGet(43)) - raft.server.retrycache.expirytime = 600000ms (custom)
2019-08-23 02:50:15,765 [pool-422-thread-1] INFO  segmented.SegmentedRaftLogWorker (SegmentedRaftLogWorker.java:lambda$new$0(132)) - 10c22d4b-82dd-4f6e-83af-e52ab1885d9d-SegmentedRaftLogWorker:Storage Directory /workdir/hadoop-ozone/integration-test/target/test-dir/MiniOzoneClusterImpl-ddc7a5e3-92e7-4869-8d12-20395c099e28/datanode-1/data/ratis/b83af6be-e6da-4506-91a5-0df14e4b3894: flushIndex: setUnconditionally 0 -> -1
2019-08-23 02:50:15,765 [pool-433-thread-1] INFO  impl.RaftServerImpl (RaftServerImpl.java:start(180)) - 7d1d5090-b1ef-4680-bded-086545998ddd: start group-0DF14E4B3894
2019-08-23 02:50:15,765 [pool-433-thread-1] INFO  impl.RaftServerImpl (RaftServerImpl.java:setRole(171)) - 7d1d5090-b1ef-4680-bded-086545998ddd:group-0DF14E4B3894 changes role from null to FOLLOWER at term 0 for startAsFollower
2019-08-23 02:50:15,765 [pool-422-thread-1] INFO  server.RaftServerConfigKeys (ConfUtils.java:logGet(43)) - raft.server.snapshot.auto.trigger.enabled = true (custom)
2019-08-23 02:50:15,765 [pool-433-thread-1] INFO  impl.RoleInfo (RoleInfo.java:updateAndGet(143)) - 7d1d5090-b1ef-4680-bded-086545998ddd: start FollowerState
2019-08-23 02:50:15,765 [pool-422-thread-1] INFO  server.RaftServerConfigKeys (ConfUtils.java:logGet(43)) - raft.server.snapshot.auto.trigger.threshold = 10000 (custom)
2019-08-23 02:50:15,766 [pool-433-thread-1] INFO  util.JmxRegister (JmxRegister.java:tryRegister(44)) - Successfully registered JMX Bean with object name Ratis:service=RaftServer,group=group-0DF14E4B3894,id=7d1d5090-b1ef-4680-bded-086545998ddd
2019-08-23 02:50:15,766 [pool-422-thread-1] INFO  server.RaftServerConfigKeys (ConfUtils.java:logGet(43)) - raft.server.retrycache.expirytime = 600000ms (custom)
2019-08-23 02:50:15,766 [pool-422-thread-1] INFO  impl.RaftServerImpl (RaftServerImpl.java:start(180)) - 10c22d4b-82dd-4f6e-83af-e52ab1885d9d: start group-0DF14E4B3894
2019-08-23 02:50:15,766 [pool-422-thread-1] INFO  impl.RaftServerImpl (RaftServerImpl.java:setRole(171)) - 10c22d4b-82dd-4f6e-83af-e52ab1885d9d:group-0DF14E4B3894 changes role from null to FOLLOWER at term 0 for startAsFollower
2019-08-23 02:50:15,766 [pool-422-thread-1] INFO  impl.RoleInfo (RoleInfo.java:updateAndGet(143)) - 10c22d4b-82dd-4f6e-83af-e52ab1885d9d: start FollowerState
2019-08-23 02:50:15,767 [pool-422-thread-1] INFO  util.JmxRegister (JmxRegister.java:tryRegister(44)) - Successfully registered JMX Bean with object name Ratis:service=RaftServer,group=group-0DF14E4B3894,id=10c22d4b-82dd-4f6e-83af-e52ab1885d9d
2019-08-23 02:50:15,768 [RatisPipelineUtilsThread] INFO  pipeline.PipelineStateManager (PipelineStateManager.java:addPipeline(56)) - Created pipeline Pipeline[ Id: b83af6be-e6da-4506-91a5-0df14e4b3894, Nodes: ecd3787f-2b30-4c06-af2c-0a727538b2a6{ip: 192.168.36.77, host: pr-hdds-2000-5mb45-3533150274, networkLocation: /default-rack, certSerialId: null}10c22d4b-82dd-4f6e-83af-e52ab1885d9d{ip: 192.168.36.77, host: pr-hdds-2000-5mb45-3533150274, networkLocation: /default-rack, certSerialId: null}7d1d5090-b1ef-4680-bded-086545998ddd{ip: 192.168.36.77, host: pr-hdds-2000-5mb45-3533150274, networkLocation: /default-rack, certSerialId: null}, Type:RATIS, Factor:THREE, State:OPEN]
2019-08-23 02:50:15,816 [IPC Server handler 3 on 44866] INFO  net.NetworkTopology (NetworkTopologyImpl.java:add(110)) - Added a new node: /default-rack/7fac1d6a-2836-41bb-912e-0cc81c617797
2019-08-23 02:50:15,817 [IPC Server handler 3 on 44866] INFO  node.SCMNodeManager (SCMNodeManager.java:register(273)) - Registered Data node : 7fac1d6a-2836-41bb-912e-0cc81c617797{ip: 192.168.36.77, host: pr-hdds-2000-5mb45-3533150274, networkLocation: /default-rack, certSerialId: null}
2019-08-23 02:50:15,821 | INFO  | SCMAudit | user=jenkins1000 | ip=192.168.36.77 | op=REGISTER {datanodeDetails=7fac1d6a-2836-41bb-912e-0cc81c617797{ip: 192.168.36.77, host: pr-hdds-2000-5mb45-3533150274, networkLocation: /default-rack, certSerialId: null}} | ret=SUCCESS |  
2019-08-23 02:50:15,830 [grpc-default-executor-4] INFO  impl.RaftServerProxy (RaftServerProxy.java:addNew(89)) - 7fac1d6a-2836-41bb-912e-0cc81c617797: addNew group-CCB9347A859E:[7fac1d6a-2836-41bb-912e-0cc81c617797:192.168.36.77:33350] returns group-CCB9347A859E:java.util.concurrent.CompletableFuture@5ad0fa4f[Not completed]
2019-08-23 02:50:15,831 [pool-444-thread-1] INFO  impl.RaftServerImpl (RaftServerImpl.java:<init>(93)) - 7fac1d6a-2836-41bb-912e-0cc81c617797: new RaftServerImpl for group-CCB9347A859E:[7fac1d6a-2836-41bb-912e-0cc81c617797:192.168.36.77:33350] with ContainerStateMachine:uninitialized
2019-08-23 02:50:15,831 [pool-444-thread-1] INFO  server.RaftServerConfigKeys (ConfUtils.java:logGet(43)) - raft.server.rpc.timeout.min = 5s (custom)
2019-08-23 02:50:15,831 [pool-444-thread-1] INFO  server.RaftServerConfigKeys (ConfUtils.java:logGet(43)) - raft.server.rpc.timeout.max = 5200ms (custom)
2019-08-23 02:50:15,831 [pool-444-thread-1] INFO  server.RaftServerConfigKeys (ConfUtils.java:logGet(43)) - raft.server.rpcslowness.timeout = 120s (custom)
2019-08-23 02:50:15,831 [pool-444-thread-1] INFO  server.RaftServerConfigKeys (ConfUtils.java:logGet(43)) - raft.server.sleep.deviation.threshold = 300 (default)
2019-08-23 02:50:15,831 [pool-444-thread-1] INFO  server.RaftServerConfigKeys (ConfUtils.java:logGet(43)) - raft.server.log.appender.install.snapshot.enabled = false (custom)
2019-08-23 02:50:15,831 [pool-444-thread-1] INFO  impl.RaftServerImpl (ServerState.java:<init>(105)) - 7fac1d6a-2836-41bb-912e-0cc81c617797:group-CCB9347A859E ConfigurationManager, init=-1: [7fac1d6a-2836-41bb-912e-0cc81c617797:192.168.36.77:33350], old=null, confs=<EMPTY_MAP>
2019-08-23 02:50:15,832 [pool-444-thread-1] INFO  server.RaftServerConfigKeys (ConfUtils.java:logGet(43)) - raft.server.storage.dir = [/workdir/hadoop-ozone/integration-test/target/test-dir/MiniOzoneClusterImpl-ddc7a5e3-92e7-4869-8d12-20395c099e28/datanode-3/data/ratis] (custom)
2019-08-23 02:50:15,832 [pool-444-thread-1] INFO  storage.RaftStorageDirectory (RaftStorageDirectory.java:analyzeStorage(246)) - The storage directory /workdir/hadoop-ozone/integration-test/target/test-dir/MiniOzoneClusterImpl-ddc7a5e3-92e7-4869-8d12-20395c099e28/datanode-3/data/ratis/57b8973e-3a1c-432f-a187-ccb9347a859e does not exist. Creating ...
2019-08-23 02:50:15,866 [pool-444-thread-1] INFO  storage.RaftStorageDirectory (RaftStorageDirectory.java:tryLock(328)) - Lock on /workdir/hadoop-ozone/integration-test/target/test-dir/MiniOzoneClusterImpl-ddc7a5e3-92e7-4869-8d12-20395c099e28/datanode-3/data/ratis/57b8973e-3a1c-432f-a187-ccb9347a859e/in_use.lock acquired by nodename 1781@pr-hdds-2000-5mb45-3533150274
2019-08-23 02:50:15,916 [pool-444-thread-1] INFO  storage.RaftStorage (RaftStorage.java:format(72)) - Storage directory /workdir/hadoop-ozone/integration-test/target/test-dir/MiniOzoneClusterImpl-ddc7a5e3-92e7-4869-8d12-20395c099e28/datanode-3/data/ratis/57b8973e-3a1c-432f-a187-ccb9347a859e has been successfully formatted.
2019-08-23 02:50:15,916 [pool-444-thread-1] INFO  ratis.ContainerStateMachine (ContainerStateMachine.java:loadSnapshot(226)) - group-CCB9347A859E: The snapshot info is null. Setting the last applied indexto:(t:0, i:~)
2019-08-23 02:50:15,917 [pool-444-thread-1] INFO  server.RaftServerConfigKeys (ConfUtils.java:logGet(43)) - raft.server.leader.election.timeout = 120s (custom)
2019-08-23 02:50:15,917 [pool-444-thread-1] INFO  server.RaftServerConfigKeys (ConfUtils.java:logGet(43)) - raft.server.log.use.memory = false (default)
2019-08-23 02:50:15,917 [pool-444-thread-1] INFO  server.RaftServerConfigKeys (ConfUtils.java:logGet(43)) - raft.server.log.purge.gap = 1000000 (custom)
2019-08-23 02:50:15,917 [pool-444-thread-1] INFO  server.RaftServerConfigKeys (ConfUtils.java:logGet(43)) - raft.server.log.appender.buffer.byte-limit = 33554432 (custom)
2019-08-23 02:50:15,917 [pool-444-thread-1] INFO  server.RaftServerConfigKeys (ConfUtils.java:logGet(43)) - raft.server.log.segment.size.max = 1048576 (custom)
2019-08-23 02:50:15,917 [pool-444-thread-1] INFO  server.RaftServerConfigKeys (ConfUtils.java:logGet(43)) - raft.server.log.segment.cache.num.max = 2 (custom)
2019-08-23 02:50:15,917 [pool-444-thread-1] INFO  segmented.SegmentedRaftLogWorker (SegmentedRaftLogWorker.java:<init>(172)) - new 7fac1d6a-2836-41bb-912e-0cc81c617797-SegmentedRaftLogWorker:Storage Directory /workdir/hadoop-ozone/integration-test/target/test-dir/MiniOzoneClusterImpl-ddc7a5e3-92e7-4869-8d12-20395c099e28/datanode-3/data/ratis/57b8973e-3a1c-432f-a187-ccb9347a859e for RaftStorage:Storage Directory /workdir/hadoop-ozone/integration-test/target/test-dir/MiniOzoneClusterImpl-ddc7a5e3-92e7-4869-8d12-20395c099e28/datanode-3/data/ratis/57b8973e-3a1c-432f-a187-ccb9347a859e
2019-08-23 02:50:15,917 [pool-444-thread-1] INFO  server.RaftServerConfigKeys (ConfUtils.java:logGet(43)) - raft.server.log.queue.byte-limit = 2147483647 (custom)
2019-08-23 02:50:15,918 [pool-444-thread-1] INFO  server.RaftServerConfigKeys (ConfUtils.java:logGet(43)) - raft.server.log.queue.element-limit = 1024 (custom)
2019-08-23 02:50:15,918 [pool-444-thread-1] INFO  server.RaftServerConfigKeys (ConfUtils.java:logGet(43)) - raft.server.log.segment.size.max = 1048576 (custom)
2019-08-23 02:50:15,918 [pool-444-thread-1] INFO  server.RaftServerConfigKeys (ConfUtils.java:logGet(43)) - raft.server.log.preallocated.size = 16384 (custom)
2019-08-23 02:50:15,918 [pool-444-thread-1] INFO  server.RaftServerConfigKeys (ConfUtils.java:logGet(43)) - raft.server.log.write.buffer.size = 33554432 (custom)
2019-08-23 02:50:15,918 [pool-444-thread-1] INFO  server.RaftServerConfigKeys (ConfUtils.java:logGet(43)) - raft.server.log.force.sync.num = 128 (default)
2019-08-23 02:50:15,918 [pool-444-thread-1] INFO  server.RaftServerConfigKeys (ConfUtils.java:logGet(43)) - raft.server.log.statemachine.data.sync = true (default)
2019-08-23 02:50:15,918 [pool-444-thread-1] INFO  server.RaftServerConfigKeys (ConfUtils.java:logGet(43)) - raft.server.log.statemachine.data.sync.timeout = 10s (default)
2019-08-23 02:50:15,918 [pool-444-thread-1] INFO  server.RaftServerConfigKeys (ConfUtils.java:logGet(43)) - raft.server.log.statemachine.data.sync.timeout.retry = -1 (default)
2019-08-23 02:50:15,919 [pool-444-thread-1] INFO  server.RaftServerConfigKeys (ConfUtils.java:logGet(43)) - raft.server.log.statemachine.data.caching.enabled = true (custom)
2019-08-23 02:50:15,919 [pool-444-thread-1] INFO  segmented.SegmentedRaftLogWorker (SegmentedRaftLogWorker.java:lambda$new$0(132)) - 7fac1d6a-2836-41bb-912e-0cc81c617797-SegmentedRaftLogWorker:Storage Directory /workdir/hadoop-ozone/integration-test/target/test-dir/MiniOzoneClusterImpl-ddc7a5e3-92e7-4869-8d12-20395c099e28/datanode-3/data/ratis/57b8973e-3a1c-432f-a187-ccb9347a859e: flushIndex: setUnconditionally 0 -> -1
2019-08-23 02:50:15,919 [pool-444-thread-1] INFO  server.RaftServerConfigKeys (ConfUtils.java:logGet(43)) - raft.server.snapshot.auto.trigger.enabled = true (custom)
2019-08-23 02:50:15,919 [pool-444-thread-1] INFO  server.RaftServerConfigKeys (ConfUtils.java:logGet(43)) - raft.server.snapshot.auto.trigger.threshold = 10000 (custom)
2019-08-23 02:50:15,920 [pool-444-thread-1] INFO  server.RaftServerConfigKeys (ConfUtils.java:logGet(43)) - raft.server.retrycache.expirytime = 600000ms (custom)
2019-08-23 02:50:15,920 [pool-444-thread-1] INFO  impl.RaftServerImpl (RaftServerImpl.java:start(180)) - 7fac1d6a-2836-41bb-912e-0cc81c617797: start group-CCB9347A859E
2019-08-23 02:50:15,920 [pool-444-thread-1] INFO  impl.RaftServerImpl (RaftServerImpl.java:setRole(171)) - 7fac1d6a-2836-41bb-912e-0cc81c617797:group-CCB9347A859E changes role from null to FOLLOWER at term 0 for startAsFollower
2019-08-23 02:50:15,920 [pool-444-thread-1] INFO  impl.RoleInfo (RoleInfo.java:updateAndGet(143)) - 7fac1d6a-2836-41bb-912e-0cc81c617797: start FollowerState
2019-08-23 02:50:15,920 [pool-444-thread-1] INFO  util.JmxRegister (JmxRegister.java:tryRegister(44)) - Successfully registered JMX Bean with object name Ratis:service=RaftServer,group=group-CCB9347A859E,id=7fac1d6a-2836-41bb-912e-0cc81c617797
2019-08-23 02:50:15,924 [RatisPipelineUtilsThread] INFO  pipeline.PipelineStateManager (PipelineStateManager.java:addPipeline(56)) - Created pipeline Pipeline[ Id: 57b8973e-3a1c-432f-a187-ccb9347a859e, Nodes: 7fac1d6a-2836-41bb-912e-0cc81c617797{ip: 192.168.36.77, host: pr-hdds-2000-5mb45-3533150274, networkLocation: /default-rack, certSerialId: null}, Type:RATIS, Factor:ONE, State:OPEN]
2019-08-23 02:50:16,015 | INFO  | SCMAudit | user=jenkins1000 | ip=192.168.36.77 | op=SEND_HEARTBEAT {datanodeUUID=5c5e51ce-aa4b-45fa-b548-3aebeb03959c, command=[]} | ret=SUCCESS |  
2019-08-23 02:50:16,016 | INFO  | SCMAudit | user=jenkins1000 | ip=192.168.36.77 | op=SEND_HEARTBEAT {datanodeUUID=15fd999f-62be-4877-833a-993ce600606a, command=[]} | ret=SUCCESS |  
2019-08-23 02:50:16,045 [IPC Server handler 4 on 44866] INFO  net.NetworkTopology (NetworkTopologyImpl.java:add(110)) - Added a new node: /default-rack/36d2002e-42fa-435d-a060-c1875d20dd5b
2019-08-23 02:50:16,045 [IPC Server handler 4 on 44866] INFO  node.SCMNodeManager (SCMNodeManager.java:register(273)) - Registered Data node : 36d2002e-42fa-435d-a060-c1875d20dd5b{ip: 192.168.36.77, host: pr-hdds-2000-5mb45-3533150274, networkLocation: /default-rack, certSerialId: null}
2019-08-23 02:50:16,049 | INFO  | SCMAudit | user=jenkins1000 | ip=192.168.36.77 | op=REGISTER {datanodeDetails=36d2002e-42fa-435d-a060-c1875d20dd5b{ip: 192.168.36.77, host: pr-hdds-2000-5mb45-3533150274, networkLocation: /default-rack, certSerialId: null}} | ret=SUCCESS |  
2019-08-23 02:50:16,057 [grpc-default-executor-4] INFO  impl.RaftServerProxy (RaftServerProxy.java:addNew(89)) - 36d2002e-42fa-435d-a060-c1875d20dd5b: addNew group-EA3EE302631A:[36d2002e-42fa-435d-a060-c1875d20dd5b:192.168.36.77:42788] returns group-EA3EE302631A:java.util.concurrent.CompletableFuture@494cca5c[Not completed]
2019-08-23 02:50:16,058 [pool-455-thread-1] INFO  impl.RaftServerImpl (RaftServerImpl.java:<init>(93)) - 36d2002e-42fa-435d-a060-c1875d20dd5b: new RaftServerImpl for group-EA3EE302631A:[36d2002e-42fa-435d-a060-c1875d20dd5b:192.168.36.77:42788] with ContainerStateMachine:uninitialized
2019-08-23 02:50:16,058 [pool-455-thread-1] INFO  server.RaftServerConfigKeys (ConfUtils.java:logGet(43)) - raft.server.rpc.timeout.min = 5s (custom)
2019-08-23 02:50:16,058 [pool-455-thread-1] INFO  server.RaftServerConfigKeys (ConfUtils.java:logGet(43)) - raft.server.rpc.timeout.max = 5200ms (custom)
2019-08-23 02:50:16,058 [pool-455-thread-1] INFO  server.RaftServerConfigKeys (ConfUtils.java:logGet(43)) - raft.server.rpcslowness.timeout = 120s (custom)
2019-08-23 02:50:16,059 [pool-455-thread-1] INFO  server.RaftServerConfigKeys (ConfUtils.java:logGet(43)) - raft.server.sleep.deviation.threshold = 300 (default)
2019-08-23 02:50:16,059 [pool-455-thread-1] INFO  server.RaftServerConfigKeys (ConfUtils.java:logGet(43)) - raft.server.log.appender.install.snapshot.enabled = false (custom)
2019-08-23 02:50:16,059 [pool-455-thread-1] INFO  impl.RaftServerImpl (ServerState.java:<init>(105)) - 36d2002e-42fa-435d-a060-c1875d20dd5b:group-EA3EE302631A ConfigurationManager, init=-1: [36d2002e-42fa-435d-a060-c1875d20dd5b:192.168.36.77:42788], old=null, confs=<EMPTY_MAP>
2019-08-23 02:50:16,059 [pool-455-thread-1] INFO  server.RaftServerConfigKeys (ConfUtils.java:logGet(43)) - raft.server.storage.dir = [/workdir/hadoop-ozone/integration-test/target/test-dir/MiniOzoneClusterImpl-ddc7a5e3-92e7-4869-8d12-20395c099e28/datanode-4/data/ratis] (custom)
2019-08-23 02:50:16,059 [pool-455-thread-1] INFO  storage.RaftStorageDirectory (RaftStorageDirectory.java:analyzeStorage(246)) - The storage directory /workdir/hadoop-ozone/integration-test/target/test-dir/MiniOzoneClusterImpl-ddc7a5e3-92e7-4869-8d12-20395c099e28/datanode-4/data/ratis/cf4e1233-b597-4144-b6d3-ea3ee302631a does not exist. Creating ...
2019-08-23 02:50:16,101 [pool-455-thread-1] INFO  storage.RaftStorageDirectory (RaftStorageDirectory.java:tryLock(328)) - Lock on /workdir/hadoop-ozone/integration-test/target/test-dir/MiniOzoneClusterImpl-ddc7a5e3-92e7-4869-8d12-20395c099e28/datanode-4/data/ratis/cf4e1233-b597-4144-b6d3-ea3ee302631a/in_use.lock acquired by nodename 1781@pr-hdds-2000-5mb45-3533150274
2019-08-23 02:50:16,141 | INFO  | SCMAudit | user=jenkins1000 | ip=192.168.36.77 | op=SEND_HEARTBEAT {datanodeUUID=e824def4-fdb0-4d06-a3a6-273d371b8d7d, command=[]} | ret=SUCCESS |  
2019-08-23 02:50:16,143 [pool-455-thread-1] INFO  storage.RaftStorage (RaftStorage.java:format(72)) - Storage directory /workdir/hadoop-ozone/integration-test/target/test-dir/MiniOzoneClusterImpl-ddc7a5e3-92e7-4869-8d12-20395c099e28/datanode-4/data/ratis/cf4e1233-b597-4144-b6d3-ea3ee302631a has been successfully formatted.
2019-08-23 02:50:16,143 [pool-455-thread-1] INFO  ratis.ContainerStateMachine (ContainerStateMachine.java:loadSnapshot(226)) - group-EA3EE302631A: The snapshot info is null. Setting the last applied indexto:(t:0, i:~)
2019-08-23 02:50:16,143 [pool-455-thread-1] INFO  server.RaftServerConfigKeys (ConfUtils.java:logGet(43)) - raft.server.leader.election.timeout = 120s (custom)
2019-08-23 02:50:16,143 [pool-455-thread-1] INFO  server.RaftServerConfigKeys (ConfUtils.java:logGet(43)) - raft.server.log.use.memory = false (default)
2019-08-23 02:50:16,143 [pool-455-thread-1] INFO  server.RaftServerConfigKeys (ConfUtils.java:logGet(43)) - raft.server.log.purge.gap = 1000000 (custom)
2019-08-23 02:50:16,143 [pool-455-thread-1] INFO  server.RaftServerConfigKeys (ConfUtils.java:logGet(43)) - raft.server.log.appender.buffer.byte-limit = 33554432 (custom)
2019-08-23 02:50:16,143 [pool-455-thread-1] INFO  server.RaftServerConfigKeys (ConfUtils.java:logGet(43)) - raft.server.log.segment.size.max = 1048576 (custom)
2019-08-23 02:50:16,143 [pool-455-thread-1] INFO  server.RaftServerConfigKeys (ConfUtils.java:logGet(43)) - raft.server.log.segment.cache.num.max = 2 (custom)
2019-08-23 02:50:16,144 [pool-455-thread-1] INFO  segmented.SegmentedRaftLogWorker (SegmentedRaftLogWorker.java:<init>(172)) - new 36d2002e-42fa-435d-a060-c1875d20dd5b-SegmentedRaftLogWorker:Storage Directory /workdir/hadoop-ozone/integration-test/target/test-dir/MiniOzoneClusterImpl-ddc7a5e3-92e7-4869-8d12-20395c099e28/datanode-4/data/ratis/cf4e1233-b597-4144-b6d3-ea3ee302631a for RaftStorage:Storage Directory /workdir/hadoop-ozone/integration-test/target/test-dir/MiniOzoneClusterImpl-ddc7a5e3-92e7-4869-8d12-20395c099e28/datanode-4/data/ratis/cf4e1233-b597-4144-b6d3-ea3ee302631a
2019-08-23 02:50:16,144 [pool-455-thread-1] INFO  server.RaftServerConfigKeys (ConfUtils.java:logGet(43)) - raft.server.log.queue.byte-limit = 2147483647 (custom)
2019-08-23 02:50:16,144 [pool-455-thread-1] INFO  server.RaftServerConfigKeys (ConfUtils.java:logGet(43)) - raft.server.log.queue.element-limit = 1024 (custom)
2019-08-23 02:50:16,144 [pool-455-thread-1] INFO  server.RaftServerConfigKeys (ConfUtils.java:logGet(43)) - raft.server.log.segment.size.max = 1048576 (custom)
2019-08-23 02:50:16,144 [pool-455-thread-1] INFO  server.RaftServerConfigKeys (ConfUtils.java:logGet(43)) - raft.server.log.preallocated.size = 16384 (custom)
2019-08-23 02:50:16,144 [pool-455-thread-1] INFO  server.RaftServerConfigKeys (ConfUtils.java:logGet(43)) - raft.server.log.write.buffer.size = 33554432 (custom)
2019-08-23 02:50:16,144 [pool-455-thread-1] INFO  server.RaftServerConfigKeys (ConfUtils.java:logGet(43)) - raft.server.log.force.sync.num = 128 (default)
2019-08-23 02:50:16,144 [pool-455-thread-1] INFO  server.RaftServerConfigKeys (ConfUtils.java:logGet(43)) - raft.server.log.statemachine.data.sync = true (default)
2019-08-23 02:50:16,144 [pool-455-thread-1] INFO  server.RaftServerConfigKeys (ConfUtils.java:logGet(43)) - raft.server.log.statemachine.data.sync.timeout = 10s (default)
2019-08-23 02:50:16,145 [pool-455-thread-1] INFO  server.RaftServerConfigKeys (ConfUtils.java:logGet(43)) - raft.server.log.statemachine.data.sync.timeout.retry = -1 (default)
2019-08-23 02:50:16,145 [pool-455-thread-1] INFO  server.RaftServerConfigKeys (ConfUtils.java:logGet(43)) - raft.server.log.statemachine.data.caching.enabled = true (custom)
2019-08-23 02:50:16,145 [pool-455-thread-1] INFO  segmented.SegmentedRaftLogWorker (SegmentedRaftLogWorker.java:lambda$new$0(132)) - 36d2002e-42fa-435d-a060-c1875d20dd5b-SegmentedRaftLogWorker:Storage Directory /workdir/hadoop-ozone/integration-test/target/test-dir/MiniOzoneClusterImpl-ddc7a5e3-92e7-4869-8d12-20395c099e28/datanode-4/data/ratis/cf4e1233-b597-4144-b6d3-ea3ee302631a: flushIndex: setUnconditionally 0 -> -1
2019-08-23 02:50:16,145 [pool-455-thread-1] INFO  server.RaftServerConfigKeys (ConfUtils.java:logGet(43)) - raft.server.snapshot.auto.trigger.enabled = true (custom)
2019-08-23 02:50:16,145 [pool-455-thread-1] INFO  server.RaftServerConfigKeys (ConfUtils.java:logGet(43)) - raft.server.snapshot.auto.trigger.threshold = 10000 (custom)
2019-08-23 02:50:16,146 [pool-455-thread-1] INFO  server.RaftServerConfigKeys (ConfUtils.java:logGet(43)) - raft.server.retrycache.expirytime = 600000ms (custom)
2019-08-23 02:50:16,146 | INFO  | SCMAudit | user=jenkins1000 | ip=192.168.36.77 | op=SEND_HEARTBEAT {datanodeUUID=004b6b6e-41ce-4475-9f2f-481aedf9c953, command=[]} | ret=SUCCESS |  
2019-08-23 02:50:16,146 [pool-455-thread-1] INFO  impl.RaftServerImpl (RaftServerImpl.java:start(180)) - 36d2002e-42fa-435d-a060-c1875d20dd5b: start group-EA3EE302631A
2019-08-23 02:50:16,146 [pool-455-thread-1] INFO  impl.RaftServerImpl (RaftServerImpl.java:setRole(171)) - 36d2002e-42fa-435d-a060-c1875d20dd5b:group-EA3EE302631A changes role from null to FOLLOWER at term 0 for startAsFollower
2019-08-23 02:50:16,146 [pool-455-thread-1] INFO  impl.RoleInfo (RoleInfo.java:updateAndGet(143)) - 36d2002e-42fa-435d-a060-c1875d20dd5b: start FollowerState
2019-08-23 02:50:16,146 [pool-455-thread-1] INFO  util.JmxRegister (JmxRegister.java:tryRegister(44)) - Successfully registered JMX Bean with object name Ratis:service=RaftServer,group=group-EA3EE302631A,id=36d2002e-42fa-435d-a060-c1875d20dd5b
2019-08-23 02:50:16,148 [RatisPipelineUtilsThread] INFO  pipeline.PipelineStateManager (PipelineStateManager.java:addPipeline(56)) - Created pipeline Pipeline[ Id: cf4e1233-b597-4144-b6d3-ea3ee302631a, Nodes: 36d2002e-42fa-435d-a060-c1875d20dd5b{ip: 192.168.36.77, host: pr-hdds-2000-5mb45-3533150274, networkLocation: /default-rack, certSerialId: null}, Type:RATIS, Factor:ONE, State:OPEN]
2019-08-23 02:50:16,289 [IPC Server handler 7 on 44866] INFO  net.NetworkTopology (NetworkTopologyImpl.java:add(110)) - Added a new node: /default-rack/4e26a0b2-e9f6-4006-875a-ebcdd6a63049
2019-08-23 02:50:16,290 [IPC Server handler 7 on 44866] INFO  node.SCMNodeManager (SCMNodeManager.java:register(273)) - Registered Data node : 4e26a0b2-e9f6-4006-875a-ebcdd6a63049{ip: 192.168.36.77, host: pr-hdds-2000-5mb45-3533150274, networkLocation: /default-rack, certSerialId: null}
2019-08-23 02:50:16,297 | INFO  | SCMAudit | user=jenkins1000 | ip=192.168.36.77 | op=REGISTER {datanodeDetails=4e26a0b2-e9f6-4006-875a-ebcdd6a63049{ip: 192.168.36.77, host: pr-hdds-2000-5mb45-3533150274, networkLocation: /default-rack, certSerialId: null}} | ret=SUCCESS |  
2019-08-23 02:50:16,308 [grpc-default-executor-4] INFO  impl.RaftServerProxy (RaftServerProxy.java:addNew(89)) - 4e26a0b2-e9f6-4006-875a-ebcdd6a63049: addNew group-0563210E0499:[4e26a0b2-e9f6-4006-875a-ebcdd6a63049:192.168.36.77:42856] returns group-0563210E0499:java.util.concurrent.CompletableFuture@68b458cb[Not completed]
2019-08-23 02:50:16,309 [pool-466-thread-1] INFO  impl.RaftServerImpl (RaftServerImpl.java:<init>(93)) - 4e26a0b2-e9f6-4006-875a-ebcdd6a63049: new RaftServerImpl for group-0563210E0499:[4e26a0b2-e9f6-4006-875a-ebcdd6a63049:192.168.36.77:42856] with ContainerStateMachine:uninitialized
2019-08-23 02:50:16,309 [pool-466-thread-1] INFO  server.RaftServerConfigKeys (ConfUtils.java:logGet(43)) - raft.server.rpc.timeout.min = 5s (custom)
2019-08-23 02:50:16,309 [pool-466-thread-1] INFO  server.RaftServerConfigKeys (ConfUtils.java:logGet(43)) - raft.server.rpc.timeout.max = 5200ms (custom)
2019-08-23 02:50:16,309 [pool-466-thread-1] INFO  server.RaftServerConfigKeys (ConfUtils.java:logGet(43)) - raft.server.rpcslowness.timeout = 120s (custom)
2019-08-23 02:50:16,309 [pool-466-thread-1] INFO  server.RaftServerConfigKeys (ConfUtils.java:logGet(43)) - raft.server.sleep.deviation.threshold = 300 (default)
2019-08-23 02:50:16,309 [pool-466-thread-1] INFO  server.RaftServerConfigKeys (ConfUtils.java:logGet(43)) - raft.server.log.appender.install.snapshot.enabled = false (custom)
2019-08-23 02:50:16,309 [pool-466-thread-1] INFO  impl.RaftServerImpl (ServerState.java:<init>(105)) - 4e26a0b2-e9f6-4006-875a-ebcdd6a63049:group-0563210E0499 ConfigurationManager, init=-1: [4e26a0b2-e9f6-4006-875a-ebcdd6a63049:192.168.36.77:42856], old=null, confs=<EMPTY_MAP>
2019-08-23 02:50:16,309 [pool-466-thread-1] INFO  server.RaftServerConfigKeys (ConfUtils.java:logGet(43)) - raft.server.storage.dir = [/workdir/hadoop-ozone/integration-test/target/test-dir/MiniOzoneClusterImpl-ddc7a5e3-92e7-4869-8d12-20395c099e28/datanode-5/data/ratis] (custom)
2019-08-23 02:50:16,310 [pool-466-thread-1] INFO  storage.RaftStorageDirectory (RaftStorageDirectory.java:analyzeStorage(246)) - The storage directory /workdir/hadoop-ozone/integration-test/target/test-dir/MiniOzoneClusterImpl-ddc7a5e3-92e7-4869-8d12-20395c099e28/datanode-5/data/ratis/737027ca-b337-4690-9257-0563210e0499 does not exist. Creating ...
2019-08-23 02:50:16,350 | INFO  | SCMAudit | user=jenkins1000 | ip=192.168.36.77 | op=SEND_HEARTBEAT {datanodeUUID=50e43da2-e7e0-478c-b7e8-9638b0c061cc, command=[]} | ret=SUCCESS |  
2019-08-23 02:50:16,351 [pool-466-thread-1] INFO  storage.RaftStorageDirectory (RaftStorageDirectory.java:tryLock(328)) - Lock on /workdir/hadoop-ozone/integration-test/target/test-dir/MiniOzoneClusterImpl-ddc7a5e3-92e7-4869-8d12-20395c099e28/datanode-5/data/ratis/737027ca-b337-4690-9257-0563210e0499/in_use.lock acquired by nodename 1781@pr-hdds-2000-5mb45-3533150274
2019-08-23 02:50:16,382 [pool-466-thread-1] INFO  storage.RaftStorage (RaftStorage.java:format(72)) - Storage directory /workdir/hadoop-ozone/integration-test/target/test-dir/MiniOzoneClusterImpl-ddc7a5e3-92e7-4869-8d12-20395c099e28/datanode-5/data/ratis/737027ca-b337-4690-9257-0563210e0499 has been successfully formatted.
2019-08-23 02:50:16,383 [pool-466-thread-1] INFO  ratis.ContainerStateMachine (ContainerStateMachine.java:loadSnapshot(226)) - group-0563210E0499: The snapshot info is null. Setting the last applied indexto:(t:0, i:~)
2019-08-23 02:50:16,383 [pool-466-thread-1] INFO  server.RaftServerConfigKeys (ConfUtils.java:logGet(43)) - raft.server.leader.election.timeout = 120s (custom)
2019-08-23 02:50:16,383 [pool-466-thread-1] INFO  server.RaftServerConfigKeys (ConfUtils.java:logGet(43)) - raft.server.log.use.memory = false (default)
2019-08-23 02:50:16,383 [pool-466-thread-1] INFO  server.RaftServerConfigKeys (ConfUtils.java:logGet(43)) - raft.server.log.purge.gap = 1000000 (custom)
2019-08-23 02:50:16,383 [pool-466-thread-1] INFO  server.RaftServerConfigKeys (ConfUtils.java:logGet(43)) - raft.server.log.appender.buffer.byte-limit = 33554432 (custom)
2019-08-23 02:50:16,383 [pool-466-thread-1] INFO  server.RaftServerConfigKeys (ConfUtils.java:logGet(43)) - raft.server.log.segment.size.max = 1048576 (custom)
2019-08-23 02:50:16,383 [pool-466-thread-1] INFO  server.RaftServerConfigKeys (ConfUtils.java:logGet(43)) - raft.server.log.segment.cache.num.max = 2 (custom)
2019-08-23 02:50:16,383 [pool-466-thread-1] INFO  segmented.SegmentedRaftLogWorker (SegmentedRaftLogWorker.java:<init>(172)) - new 4e26a0b2-e9f6-4006-875a-ebcdd6a63049-SegmentedRaftLogWorker:Storage Directory /workdir/hadoop-ozone/integration-test/target/test-dir/MiniOzoneClusterImpl-ddc7a5e3-92e7-4869-8d12-20395c099e28/datanode-5/data/ratis/737027ca-b337-4690-9257-0563210e0499 for RaftStorage:Storage Directory /workdir/hadoop-ozone/integration-test/target/test-dir/MiniOzoneClusterImpl-ddc7a5e3-92e7-4869-8d12-20395c099e28/datanode-5/data/ratis/737027ca-b337-4690-9257-0563210e0499
2019-08-23 02:50:16,384 [pool-466-thread-1] INFO  server.RaftServerConfigKeys (ConfUtils.java:logGet(43)) - raft.server.log.queue.byte-limit = 2147483647 (custom)
2019-08-23 02:50:16,384 [pool-466-thread-1] INFO  server.RaftServerConfigKeys (ConfUtils.java:logGet(43)) - raft.server.log.queue.element-limit = 1024 (custom)
2019-08-23 02:50:16,384 [pool-466-thread-1] INFO  server.RaftServerConfigKeys (ConfUtils.java:logGet(43)) - raft.server.log.segment.size.max = 1048576 (custom)
2019-08-23 02:50:16,384 [pool-466-thread-1] INFO  server.RaftServerConfigKeys (ConfUtils.java:logGet(43)) - raft.server.log.preallocated.size = 16384 (custom)
2019-08-23 02:50:16,384 [pool-466-thread-1] INFO  server.RaftServerConfigKeys (ConfUtils.java:logGet(43)) - raft.server.log.write.buffer.size = 33554432 (custom)
2019-08-23 02:50:16,384 [pool-466-thread-1] INFO  server.RaftServerConfigKeys (ConfUtils.java:logGet(43)) - raft.server.log.force.sync.num = 128 (default)
2019-08-23 02:50:16,384 [pool-466-thread-1] INFO  server.RaftServerConfigKeys (ConfUtils.java:logGet(43)) - raft.server.log.statemachine.data.sync = true (default)
2019-08-23 02:50:16,384 [pool-466-thread-1] INFO  server.RaftServerConfigKeys (ConfUtils.java:logGet(43)) - raft.server.log.statemachine.data.sync.timeout = 10s (default)
2019-08-23 02:50:16,384 [pool-466-thread-1] INFO  server.RaftServerConfigKeys (ConfUtils.java:logGet(43)) - raft.server.log.statemachine.data.sync.timeout.retry = -1 (default)
2019-08-23 02:50:16,385 [pool-466-thread-1] INFO  server.RaftServerConfigKeys (ConfUtils.java:logGet(43)) - raft.server.log.statemachine.data.caching.enabled = true (custom)
2019-08-23 02:50:16,385 [pool-466-thread-1] INFO  segmented.SegmentedRaftLogWorker (SegmentedRaftLogWorker.java:lambda$new$0(132)) - 4e26a0b2-e9f6-4006-875a-ebcdd6a63049-SegmentedRaftLogWorker:Storage Directory /workdir/hadoop-ozone/integration-test/target/test-dir/MiniOzoneClusterImpl-ddc7a5e3-92e7-4869-8d12-20395c099e28/datanode-5/data/ratis/737027ca-b337-4690-9257-0563210e0499: flushIndex: setUnconditionally 0 -> -1
2019-08-23 02:50:16,385 [pool-466-thread-1] INFO  server.RaftServerConfigKeys (ConfUtils.java:logGet(43)) - raft.server.snapshot.auto.trigger.enabled = true (custom)
2019-08-23 02:50:16,385 [pool-466-thread-1] INFO  server.RaftServerConfigKeys (ConfUtils.java:logGet(43)) - raft.server.snapshot.auto.trigger.threshold = 10000 (custom)
2019-08-23 02:50:16,385 [pool-466-thread-1] INFO  server.RaftServerConfigKeys (ConfUtils.java:logGet(43)) - raft.server.retrycache.expirytime = 600000ms (custom)
2019-08-23 02:50:16,385 [pool-466-thread-1] INFO  impl.RaftServerImpl (RaftServerImpl.java:start(180)) - 4e26a0b2-e9f6-4006-875a-ebcdd6a63049: start group-0563210E0499
2019-08-23 02:50:16,386 [pool-466-thread-1] INFO  impl.RaftServerImpl (RaftServerImpl.java:setRole(171)) - 4e26a0b2-e9f6-4006-875a-ebcdd6a63049:group-0563210E0499 changes role from null to FOLLOWER at term 0 for startAsFollower
2019-08-23 02:50:16,386 [pool-466-thread-1] INFO  impl.RoleInfo (RoleInfo.java:updateAndGet(143)) - 4e26a0b2-e9f6-4006-875a-ebcdd6a63049: start FollowerState
2019-08-23 02:50:16,386 [pool-466-thread-1] INFO  util.JmxRegister (JmxRegister.java:tryRegister(44)) - Successfully registered JMX Bean with object name Ratis:service=RaftServer,group=group-0563210E0499,id=4e26a0b2-e9f6-4006-875a-ebcdd6a63049
2019-08-23 02:50:16,388 [RatisPipelineUtilsThread] INFO  pipeline.PipelineStateManager (PipelineStateManager.java:addPipeline(56)) - Created pipeline Pipeline[ Id: 737027ca-b337-4690-9257-0563210e0499, Nodes: 4e26a0b2-e9f6-4006-875a-ebcdd6a63049{ip: 192.168.36.77, host: pr-hdds-2000-5mb45-3533150274, networkLocation: /default-rack, certSerialId: null}, Type:RATIS, Factor:ONE, State:OPEN]
2019-08-23 02:50:16,407 [grpc-default-executor-3] INFO  impl.RaftServerProxy (RaftServerProxy.java:addNew(89)) - 7fac1d6a-2836-41bb-912e-0cc81c617797: addNew group-E51559C32664:[36d2002e-42fa-435d-a060-c1875d20dd5b:192.168.36.77:42788, 7fac1d6a-2836-41bb-912e-0cc81c617797:192.168.36.77:33350, 4e26a0b2-e9f6-4006-875a-ebcdd6a63049:192.168.36.77:42856] returns group-E51559C32664:java.util.concurrent.CompletableFuture@77c5f399[Not completed]
2019-08-23 02:50:16,407 [grpc-default-executor-4] INFO  impl.RaftServerProxy (RaftServerProxy.java:addNew(89)) - 4e26a0b2-e9f6-4006-875a-ebcdd6a63049: addNew group-E51559C32664:[36d2002e-42fa-435d-a060-c1875d20dd5b:192.168.36.77:42788, 7fac1d6a-2836-41bb-912e-0cc81c617797:192.168.36.77:33350, 4e26a0b2-e9f6-4006-875a-ebcdd6a63049:192.168.36.77:42856] returns group-E51559C32664:java.util.concurrent.CompletableFuture@4985e460[Not completed]
2019-08-23 02:50:16,407 [grpc-default-executor-1] INFO  impl.RaftServerProxy (RaftServerProxy.java:addNew(89)) - 36d2002e-42fa-435d-a060-c1875d20dd5b: addNew group-E51559C32664:[36d2002e-42fa-435d-a060-c1875d20dd5b:192.168.36.77:42788, 7fac1d6a-2836-41bb-912e-0cc81c617797:192.168.36.77:33350, 4e26a0b2-e9f6-4006-875a-ebcdd6a63049:192.168.36.77:42856] returns group-E51559C32664:java.util.concurrent.CompletableFuture@1a6f966c[Not completed]
2019-08-23 02:50:16,407 [pool-444-thread-1] INFO  impl.RaftServerImpl (RaftServerImpl.java:<init>(93)) - 7fac1d6a-2836-41bb-912e-0cc81c617797: new RaftServerImpl for group-E51559C32664:[36d2002e-42fa-435d-a060-c1875d20dd5b:192.168.36.77:42788, 7fac1d6a-2836-41bb-912e-0cc81c617797:192.168.36.77:33350, 4e26a0b2-e9f6-4006-875a-ebcdd6a63049:192.168.36.77:42856] with ContainerStateMachine:uninitialized
2019-08-23 02:50:16,407 [pool-444-thread-1] INFO  server.RaftServerConfigKeys (ConfUtils.java:logGet(43)) - raft.server.rpc.timeout.min = 5s (custom)
2019-08-23 02:50:16,407 [pool-444-thread-1] INFO  server.RaftServerConfigKeys (ConfUtils.java:logGet(43)) - raft.server.rpc.timeout.max = 5200ms (custom)
2019-08-23 02:50:16,408 [pool-455-thread-1] INFO  impl.RaftServerImpl (RaftServerImpl.java:<init>(93)) - 36d2002e-42fa-435d-a060-c1875d20dd5b: new RaftServerImpl for group-E51559C32664:[36d2002e-42fa-435d-a060-c1875d20dd5b:192.168.36.77:42788, 7fac1d6a-2836-41bb-912e-0cc81c617797:192.168.36.77:33350, 4e26a0b2-e9f6-4006-875a-ebcdd6a63049:192.168.36.77:42856] with ContainerStateMachine:uninitialized
2019-08-23 02:50:16,408 [pool-444-thread-1] INFO  server.RaftServerConfigKeys (ConfUtils.java:logGet(43)) - raft.server.rpcslowness.timeout = 120s (custom)
2019-08-23 02:50:16,408 [pool-455-thread-1] INFO  server.RaftServerConfigKeys (ConfUtils.java:logGet(43)) - raft.server.rpc.timeout.min = 5s (custom)
2019-08-23 02:50:16,408 [pool-444-thread-1] INFO  server.RaftServerConfigKeys (ConfUtils.java:logGet(43)) - raft.server.sleep.deviation.threshold = 300 (default)
2019-08-23 02:50:16,408 [pool-466-thread-1] INFO  impl.RaftServerImpl (RaftServerImpl.java:<init>(93)) - 4e26a0b2-e9f6-4006-875a-ebcdd6a63049: new RaftServerImpl for group-E51559C32664:[36d2002e-42fa-435d-a060-c1875d20dd5b:192.168.36.77:42788, 7fac1d6a-2836-41bb-912e-0cc81c617797:192.168.36.77:33350, 4e26a0b2-e9f6-4006-875a-ebcdd6a63049:192.168.36.77:42856] with ContainerStateMachine:uninitialized
2019-08-23 02:50:16,408 [pool-455-thread-1] INFO  server.RaftServerConfigKeys (ConfUtils.java:logGet(43)) - raft.server.rpc.timeout.max = 5200ms (custom)
2019-08-23 02:50:16,408 [pool-466-thread-1] INFO  server.RaftServerConfigKeys (ConfUtils.java:logGet(43)) - raft.server.rpc.timeout.min = 5s (custom)
2019-08-23 02:50:16,408 [pool-444-thread-1] INFO  server.RaftServerConfigKeys (ConfUtils.java:logGet(43)) - raft.server.log.appender.install.snapshot.enabled = false (custom)
2019-08-23 02:50:16,408 [pool-466-thread-1] INFO  server.RaftServerConfigKeys (ConfUtils.java:logGet(43)) - raft.server.rpc.timeout.max = 5200ms (custom)
2019-08-23 02:50:16,408 [pool-455-thread-1] INFO  server.RaftServerConfigKeys (ConfUtils.java:logGet(43)) - raft.server.rpcslowness.timeout = 120s (custom)
2019-08-23 02:50:16,408 [pool-466-thread-1] INFO  server.RaftServerConfigKeys (ConfUtils.java:logGet(43)) - raft.server.rpcslowness.timeout = 120s (custom)
2019-08-23 02:50:16,408 [pool-444-thread-1] INFO  impl.RaftServerImpl (ServerState.java:<init>(105)) - 7fac1d6a-2836-41bb-912e-0cc81c617797:group-E51559C32664 ConfigurationManager, init=-1: [36d2002e-42fa-435d-a060-c1875d20dd5b:192.168.36.77:42788, 7fac1d6a-2836-41bb-912e-0cc81c617797:192.168.36.77:33350, 4e26a0b2-e9f6-4006-875a-ebcdd6a63049:192.168.36.77:42856], old=null, confs=<EMPTY_MAP>
2019-08-23 02:50:16,408 [pool-466-thread-1] INFO  server.RaftServerConfigKeys (ConfUtils.java:logGet(43)) - raft.server.sleep.deviation.threshold = 300 (default)
2019-08-23 02:50:16,408 [pool-455-thread-1] INFO  server.RaftServerConfigKeys (ConfUtils.java:logGet(43)) - raft.server.sleep.deviation.threshold = 300 (default)
2019-08-23 02:50:16,409 [pool-466-thread-1] INFO  server.RaftServerConfigKeys (ConfUtils.java:logGet(43)) - raft.server.log.appender.install.snapshot.enabled = false (custom)
2019-08-23 02:50:16,408 [pool-444-thread-1] INFO  server.RaftServerConfigKeys (ConfUtils.java:logGet(43)) - raft.server.storage.dir = [/workdir/hadoop-ozone/integration-test/target/test-dir/MiniOzoneClusterImpl-ddc7a5e3-92e7-4869-8d12-20395c099e28/datanode-3/data/ratis] (custom)
2019-08-23 02:50:16,409 [pool-466-thread-1] INFO  impl.RaftServerImpl (ServerState.java:<init>(105)) - 4e26a0b2-e9f6-4006-875a-ebcdd6a63049:group-E51559C32664 ConfigurationManager, init=-1: [36d2002e-42fa-435d-a060-c1875d20dd5b:192.168.36.77:42788, 7fac1d6a-2836-41bb-912e-0cc81c617797:192.168.36.77:33350, 4e26a0b2-e9f6-4006-875a-ebcdd6a63049:192.168.36.77:42856], old=null, confs=<EMPTY_MAP>
2019-08-23 02:50:16,409 [pool-455-thread-1] INFO  server.RaftServerConfigKeys (ConfUtils.java:logGet(43)) - raft.server.log.appender.install.snapshot.enabled = false (custom)
2019-08-23 02:50:16,409 [pool-466-thread-1] INFO  server.RaftServerConfigKeys (ConfUtils.java:logGet(43)) - raft.server.storage.dir = [/workdir/hadoop-ozone/integration-test/target/test-dir/MiniOzoneClusterImpl-ddc7a5e3-92e7-4869-8d12-20395c099e28/datanode-5/data/ratis] (custom)
2019-08-23 02:50:16,409 [pool-455-thread-1] INFO  impl.RaftServerImpl (ServerState.java:<init>(105)) - 36d2002e-42fa-435d-a060-c1875d20dd5b:group-E51559C32664 ConfigurationManager, init=-1: [36d2002e-42fa-435d-a060-c1875d20dd5b:192.168.36.77:42788, 7fac1d6a-2836-41bb-912e-0cc81c617797:192.168.36.77:33350, 4e26a0b2-e9f6-4006-875a-ebcdd6a63049:192.168.36.77:42856], old=null, confs=<EMPTY_MAP>
2019-08-23 02:50:16,409 [pool-444-thread-1] INFO  storage.RaftStorageDirectory (RaftStorageDirectory.java:analyzeStorage(246)) - The storage directory /workdir/hadoop-ozone/integration-test/target/test-dir/MiniOzoneClusterImpl-ddc7a5e3-92e7-4869-8d12-20395c099e28/datanode-3/data/ratis/c8ed7ef6-dc73-44e0-9a6a-e51559c32664 does not exist. Creating ...
2019-08-23 02:50:16,409 [pool-466-thread-1] INFO  storage.RaftStorageDirectory (RaftStorageDirectory.java:analyzeStorage(246)) - The storage directory /workdir/hadoop-ozone/integration-test/target/test-dir/MiniOzoneClusterImpl-ddc7a5e3-92e7-4869-8d12-20395c099e28/datanode-5/data/ratis/c8ed7ef6-dc73-44e0-9a6a-e51559c32664 does not exist. Creating ...
2019-08-23 02:50:16,409 [pool-455-thread-1] INFO  server.RaftServerConfigKeys (ConfUtils.java:logGet(43)) - raft.server.storage.dir = [/workdir/hadoop-ozone/integration-test/target/test-dir/MiniOzoneClusterImpl-ddc7a5e3-92e7-4869-8d12-20395c099e28/datanode-4/data/ratis] (custom)
2019-08-23 02:50:16,409 [pool-455-thread-1] INFO  storage.RaftStorageDirectory (RaftStorageDirectory.java:analyzeStorage(246)) - The storage directory /workdir/hadoop-ozone/integration-test/target/test-dir/MiniOzoneClusterImpl-ddc7a5e3-92e7-4869-8d12-20395c099e28/datanode-4/data/ratis/c8ed7ef6-dc73-44e0-9a6a-e51559c32664 does not exist. Creating ...
2019-08-23 02:50:16,453 [pool-444-thread-1] INFO  storage.RaftStorageDirectory (RaftStorageDirectory.java:tryLock(328)) - Lock on /workdir/hadoop-ozone/integration-test/target/test-dir/MiniOzoneClusterImpl-ddc7a5e3-92e7-4869-8d12-20395c099e28/datanode-3/data/ratis/c8ed7ef6-dc73-44e0-9a6a-e51559c32664/in_use.lock acquired by nodename 1781@pr-hdds-2000-5mb45-3533150274
2019-08-23 02:50:16,453 [pool-466-thread-1] INFO  storage.RaftStorageDirectory (RaftStorageDirectory.java:tryLock(328)) - Lock on /workdir/hadoop-ozone/integration-test/target/test-dir/MiniOzoneClusterImpl-ddc7a5e3-92e7-4869-8d12-20395c099e28/datanode-5/data/ratis/c8ed7ef6-dc73-44e0-9a6a-e51559c32664/in_use.lock acquired by nodename 1781@pr-hdds-2000-5mb45-3533150274
2019-08-23 02:50:16,453 [pool-455-thread-1] INFO  storage.RaftStorageDirectory (RaftStorageDirectory.java:tryLock(328)) - Lock on /workdir/hadoop-ozone/integration-test/target/test-dir/MiniOzoneClusterImpl-ddc7a5e3-92e7-4869-8d12-20395c099e28/datanode-4/data/ratis/c8ed7ef6-dc73-44e0-9a6a-e51559c32664/in_use.lock acquired by nodename 1781@pr-hdds-2000-5mb45-3533150274
2019-08-23 02:50:16,475 [pool-466-thread-1] INFO  storage.RaftStorage (RaftStorage.java:format(72)) - Storage directory /workdir/hadoop-ozone/integration-test/target/test-dir/MiniOzoneClusterImpl-ddc7a5e3-92e7-4869-8d12-20395c099e28/datanode-5/data/ratis/c8ed7ef6-dc73-44e0-9a6a-e51559c32664 has been successfully formatted.
2019-08-23 02:50:16,475 [pool-444-thread-1] INFO  storage.RaftStorage (RaftStorage.java:format(72)) - Storage directory /workdir/hadoop-ozone/integration-test/target/test-dir/MiniOzoneClusterImpl-ddc7a5e3-92e7-4869-8d12-20395c099e28/datanode-3/data/ratis/c8ed7ef6-dc73-44e0-9a6a-e51559c32664 has been successfully formatted.
2019-08-23 02:50:16,475 [pool-455-thread-1] INFO  storage.RaftStorage (RaftStorage.java:format(72)) - Storage directory /workdir/hadoop-ozone/integration-test/target/test-dir/MiniOzoneClusterImpl-ddc7a5e3-92e7-4869-8d12-20395c099e28/datanode-4/data/ratis/c8ed7ef6-dc73-44e0-9a6a-e51559c32664 has been successfully formatted.
2019-08-23 02:50:16,475 [pool-444-thread-1] INFO  ratis.ContainerStateMachine (ContainerStateMachine.java:loadSnapshot(226)) - group-E51559C32664: The snapshot info is null. Setting the last applied indexto:(t:0, i:~)
2019-08-23 02:50:16,476 [pool-455-thread-1] INFO  ratis.ContainerStateMachine (ContainerStateMachine.java:loadSnapshot(226)) - group-E51559C32664: The snapshot info is null. Setting the last applied indexto:(t:0, i:~)
2019-08-23 02:50:16,475 [pool-466-thread-1] INFO  ratis.ContainerStateMachine (ContainerStateMachine.java:loadSnapshot(226)) - group-E51559C32664: The snapshot info is null. Setting the last applied indexto:(t:0, i:~)
2019-08-23 02:50:16,476 [pool-455-thread-1] INFO  server.RaftServerConfigKeys (ConfUtils.java:logGet(43)) - raft.server.leader.election.timeout = 120s (custom)
2019-08-23 02:50:16,476 [pool-455-thread-1] INFO  server.RaftServerConfigKeys (ConfUtils.java:logGet(43)) - raft.server.log.use.memory = false (default)
2019-08-23 02:50:16,476 [pool-455-thread-1] INFO  server.RaftServerConfigKeys (ConfUtils.java:logGet(43)) - raft.server.log.purge.gap = 1000000 (custom)
2019-08-23 02:50:16,476 [pool-455-thread-1] INFO  server.RaftServerConfigKeys (ConfUtils.java:logGet(43)) - raft.server.log.appender.buffer.byte-limit = 33554432 (custom)
2019-08-23 02:50:16,476 [pool-455-thread-1] INFO  server.RaftServerConfigKeys (ConfUtils.java:logGet(43)) - raft.server.log.segment.size.max = 1048576 (custom)
2019-08-23 02:50:16,477 [pool-455-thread-1] INFO  server.RaftServerConfigKeys (ConfUtils.java:logGet(43)) - raft.server.log.segment.cache.num.max = 2 (custom)
2019-08-23 02:50:16,477 [pool-455-thread-1] INFO  segmented.SegmentedRaftLogWorker (SegmentedRaftLogWorker.java:<init>(172)) - new 36d2002e-42fa-435d-a060-c1875d20dd5b-SegmentedRaftLogWorker:Storage Directory /workdir/hadoop-ozone/integration-test/target/test-dir/MiniOzoneClusterImpl-ddc7a5e3-92e7-4869-8d12-20395c099e28/datanode-4/data/ratis/c8ed7ef6-dc73-44e0-9a6a-e51559c32664 for RaftStorage:Storage Directory /workdir/hadoop-ozone/integration-test/target/test-dir/MiniOzoneClusterImpl-ddc7a5e3-92e7-4869-8d12-20395c099e28/datanode-4/data/ratis/c8ed7ef6-dc73-44e0-9a6a-e51559c32664
2019-08-23 02:50:16,477 [pool-455-thread-1] INFO  server.RaftServerConfigKeys (ConfUtils.java:logGet(43)) - raft.server.log.queue.byte-limit = 2147483647 (custom)
2019-08-23 02:50:16,477 [pool-455-thread-1] INFO  server.RaftServerConfigKeys (ConfUtils.java:logGet(43)) - raft.server.log.queue.element-limit = 1024 (custom)
2019-08-23 02:50:16,477 [pool-455-thread-1] INFO  server.RaftServerConfigKeys (ConfUtils.java:logGet(43)) - raft.server.log.segment.size.max = 1048576 (custom)
2019-08-23 02:50:16,477 [pool-455-thread-1] INFO  server.RaftServerConfigKeys (ConfUtils.java:logGet(43)) - raft.server.log.preallocated.size = 16384 (custom)
2019-08-23 02:50:16,476 [pool-444-thread-1] INFO  server.RaftServerConfigKeys (ConfUtils.java:logGet(43)) - raft.server.leader.election.timeout = 120s (custom)
2019-08-23 02:50:16,477 [pool-444-thread-1] INFO  server.RaftServerConfigKeys (ConfUtils.java:logGet(43)) - raft.server.log.use.memory = false (default)
2019-08-23 02:50:16,477 [pool-455-thread-1] INFO  server.RaftServerConfigKeys (ConfUtils.java:logGet(43)) - raft.server.log.write.buffer.size = 33554432 (custom)
2019-08-23 02:50:16,478 [pool-455-thread-1] INFO  server.RaftServerConfigKeys (ConfUtils.java:logGet(43)) - raft.server.log.force.sync.num = 128 (default)
2019-08-23 02:50:16,478 [pool-455-thread-1] INFO  server.RaftServerConfigKeys (ConfUtils.java:logGet(43)) - raft.server.log.statemachine.data.sync = true (default)
2019-08-23 02:50:16,478 [pool-455-thread-1] INFO  server.RaftServerConfigKeys (ConfUtils.java:logGet(43)) - raft.server.log.statemachine.data.sync.timeout = 10s (default)
2019-08-23 02:50:16,478 [pool-455-thread-1] INFO  server.RaftServerConfigKeys (ConfUtils.java:logGet(43)) - raft.server.log.statemachine.data.sync.timeout.retry = -1 (default)
2019-08-23 02:50:16,478 [pool-455-thread-1] INFO  server.RaftServerConfigKeys (ConfUtils.java:logGet(43)) - raft.server.log.statemachine.data.caching.enabled = true (custom)
2019-08-23 02:50:16,476 [pool-466-thread-1] INFO  server.RaftServerConfigKeys (ConfUtils.java:logGet(43)) - raft.server.leader.election.timeout = 120s (custom)
2019-08-23 02:50:16,477 [pool-444-thread-1] INFO  server.RaftServerConfigKeys (ConfUtils.java:logGet(43)) - raft.server.log.purge.gap = 1000000 (custom)
2019-08-23 02:50:16,479 [pool-455-thread-1] INFO  segmented.SegmentedRaftLogWorker (SegmentedRaftLogWorker.java:lambda$new$0(132)) - 36d2002e-42fa-435d-a060-c1875d20dd5b-SegmentedRaftLogWorker:Storage Directory /workdir/hadoop-ozone/integration-test/target/test-dir/MiniOzoneClusterImpl-ddc7a5e3-92e7-4869-8d12-20395c099e28/datanode-4/data/ratis/c8ed7ef6-dc73-44e0-9a6a-e51559c32664: flushIndex: setUnconditionally 0 -> -1
2019-08-23 02:50:16,479 [pool-466-thread-1] INFO  server.RaftServerConfigKeys (ConfUtils.java:logGet(43)) - raft.server.log.use.memory = false (default)
2019-08-23 02:50:16,479 [pool-444-thread-1] INFO  server.RaftServerConfigKeys (ConfUtils.java:logGet(43)) - raft.server.log.appender.buffer.byte-limit = 33554432 (custom)
2019-08-23 02:50:16,479 [pool-455-thread-1] INFO  server.RaftServerConfigKeys (ConfUtils.java:logGet(43)) - raft.server.snapshot.auto.trigger.enabled = true (custom)
2019-08-23 02:50:16,479 [pool-466-thread-1] INFO  server.RaftServerConfigKeys (ConfUtils.java:logGet(43)) - raft.server.log.purge.gap = 1000000 (custom)
2019-08-23 02:50:16,479 [pool-455-thread-1] INFO  server.RaftServerConfigKeys (ConfUtils.java:logGet(43)) - raft.server.snapshot.auto.trigger.threshold = 10000 (custom)
2019-08-23 02:50:16,479 [pool-444-thread-1] INFO  server.RaftServerConfigKeys (ConfUtils.java:logGet(43)) - raft.server.log.segment.size.max = 1048576 (custom)
2019-08-23 02:50:16,480 [pool-455-thread-1] INFO  server.RaftServerConfigKeys (ConfUtils.java:logGet(43)) - raft.server.retrycache.expirytime = 600000ms (custom)
2019-08-23 02:50:16,479 [pool-466-thread-1] INFO  server.RaftServerConfigKeys (ConfUtils.java:logGet(43)) - raft.server.log.appender.buffer.byte-limit = 33554432 (custom)
2019-08-23 02:50:16,480 [pool-455-thread-1] INFO  impl.RaftServerImpl (RaftServerImpl.java:start(180)) - 36d2002e-42fa-435d-a060-c1875d20dd5b: start group-E51559C32664
2019-08-23 02:50:16,480 [pool-444-thread-1] INFO  server.RaftServerConfigKeys (ConfUtils.java:logGet(43)) - raft.server.log.segment.cache.num.max = 2 (custom)
2019-08-23 02:50:16,480 [pool-455-thread-1] INFO  impl.RaftServerImpl (RaftServerImpl.java:setRole(171)) - 36d2002e-42fa-435d-a060-c1875d20dd5b:group-E51559C32664 changes role from null to FOLLOWER at term 0 for startAsFollower
2019-08-23 02:50:16,480 [pool-466-thread-1] INFO  server.RaftServerConfigKeys (ConfUtils.java:logGet(43)) - raft.server.log.segment.size.max = 1048576 (custom)
2019-08-23 02:50:16,480 [pool-455-thread-1] INFO  impl.RoleInfo (RoleInfo.java:updateAndGet(143)) - 36d2002e-42fa-435d-a060-c1875d20dd5b: start FollowerState
2019-08-23 02:50:16,480 [pool-444-thread-1] INFO  segmented.SegmentedRaftLogWorker (SegmentedRaftLogWorker.java:<init>(172)) - new 7fac1d6a-2836-41bb-912e-0cc81c617797-SegmentedRaftLogWorker:Storage Directory /workdir/hadoop-ozone/integration-test/target/test-dir/MiniOzoneClusterImpl-ddc7a5e3-92e7-4869-8d12-20395c099e28/datanode-3/data/ratis/c8ed7ef6-dc73-44e0-9a6a-e51559c32664 for RaftStorage:Storage Directory /workdir/hadoop-ozone/integration-test/target/test-dir/MiniOzoneClusterImpl-ddc7a5e3-92e7-4869-8d12-20395c099e28/datanode-3/data/ratis/c8ed7ef6-dc73-44e0-9a6a-e51559c32664
2019-08-23 02:50:16,480 [pool-466-thread-1] INFO  server.RaftServerConfigKeys (ConfUtils.java:logGet(43)) - raft.server.log.segment.cache.num.max = 2 (custom)
2019-08-23 02:50:16,480 [pool-444-thread-1] INFO  server.RaftServerConfigKeys (ConfUtils.java:logGet(43)) - raft.server.log.queue.byte-limit = 2147483647 (custom)
2019-08-23 02:50:16,481 [pool-466-thread-1] INFO  segmented.SegmentedRaftLogWorker (SegmentedRaftLogWorker.java:<init>(172)) - new 4e26a0b2-e9f6-4006-875a-ebcdd6a63049-SegmentedRaftLogWorker:Storage Directory /workdir/hadoop-ozone/integration-test/target/test-dir/MiniOzoneClusterImpl-ddc7a5e3-92e7-4869-8d12-20395c099e28/datanode-5/data/ratis/c8ed7ef6-dc73-44e0-9a6a-e51559c32664 for RaftStorage:Storage Directory /workdir/hadoop-ozone/integration-test/target/test-dir/MiniOzoneClusterImpl-ddc7a5e3-92e7-4869-8d12-20395c099e28/datanode-5/data/ratis/c8ed7ef6-dc73-44e0-9a6a-e51559c32664
2019-08-23 02:50:16,481 [pool-455-thread-1] INFO  util.JmxRegister (JmxRegister.java:tryRegister(44)) - Successfully registered JMX Bean with object name Ratis:service=RaftServer,group=group-E51559C32664,id=36d2002e-42fa-435d-a060-c1875d20dd5b
2019-08-23 02:50:16,481 [pool-466-thread-1] INFO  server.RaftServerConfigKeys (ConfUtils.java:logGet(43)) - raft.server.log.queue.byte-limit = 2147483647 (custom)
2019-08-23 02:50:16,481 [pool-444-thread-1] INFO  server.RaftServerConfigKeys (ConfUtils.java:logGet(43)) - raft.server.log.queue.element-limit = 1024 (custom)
2019-08-23 02:50:16,481 [pool-466-thread-1] INFO  server.RaftServerConfigKeys (ConfUtils.java:logGet(43)) - raft.server.log.queue.element-limit = 1024 (custom)
2019-08-23 02:50:16,481 [pool-444-thread-1] INFO  server.RaftServerConfigKeys (ConfUtils.java:logGet(43)) - raft.server.log.segment.size.max = 1048576 (custom)
2019-08-23 02:50:16,481 [pool-466-thread-1] INFO  server.RaftServerConfigKeys (ConfUtils.java:logGet(43)) - raft.server.log.segment.size.max = 1048576 (custom)
2019-08-23 02:50:16,481 [pool-444-thread-1] INFO  server.RaftServerConfigKeys (ConfUtils.java:logGet(43)) - raft.server.log.preallocated.size = 16384 (custom)
2019-08-23 02:50:16,481 [pool-466-thread-1] INFO  server.RaftServerConfigKeys (ConfUtils.java:logGet(43)) - raft.server.log.preallocated.size = 16384 (custom)
2019-08-23 02:50:16,482 [pool-444-thread-1] INFO  server.RaftServerConfigKeys (ConfUtils.java:logGet(43)) - raft.server.log.write.buffer.size = 33554432 (custom)
2019-08-23 02:50:16,482 [pool-444-thread-1] INFO  server.RaftServerConfigKeys (ConfUtils.java:logGet(43)) - raft.server.log.force.sync.num = 128 (default)
2019-08-23 02:50:16,482 [pool-466-thread-1] INFO  server.RaftServerConfigKeys (ConfUtils.java:logGet(43)) - raft.server.log.write.buffer.size = 33554432 (custom)
2019-08-23 02:50:16,482 [pool-444-thread-1] INFO  server.RaftServerConfigKeys (ConfUtils.java:logGet(43)) - raft.server.log.statemachine.data.sync = true (default)
2019-08-23 02:50:16,482 [pool-466-thread-1] INFO  server.RaftServerConfigKeys (ConfUtils.java:logGet(43)) - raft.server.log.force.sync.num = 128 (default)
2019-08-23 02:50:16,482 [pool-444-thread-1] INFO  server.RaftServerConfigKeys (ConfUtils.java:logGet(43)) - raft.server.log.statemachine.data.sync.timeout = 10s (default)
2019-08-23 02:50:16,482 [pool-466-thread-1] INFO  server.RaftServerConfigKeys (ConfUtils.java:logGet(43)) - raft.server.log.statemachine.data.sync = true (default)
2019-08-23 02:50:16,482 [pool-444-thread-1] INFO  server.RaftServerConfigKeys (ConfUtils.java:logGet(43)) - raft.server.log.statemachine.data.sync.timeout.retry = -1 (default)
2019-08-23 02:50:16,482 [pool-466-thread-1] INFO  server.RaftServerConfigKeys (ConfUtils.java:logGet(43)) - raft.server.log.statemachine.data.sync.timeout = 10s (default)
2019-08-23 02:50:16,483 [pool-444-thread-1] INFO  server.RaftServerConfigKeys (ConfUtils.java:logGet(43)) - raft.server.log.statemachine.data.caching.enabled = true (custom)
2019-08-23 02:50:16,483 [pool-466-thread-1] INFO  server.RaftServerConfigKeys (ConfUtils.java:logGet(43)) - raft.server.log.statemachine.data.sync.timeout.retry = -1 (default)
2019-08-23 02:50:16,483 [pool-466-thread-1] INFO  server.RaftServerConfigKeys (ConfUtils.java:logGet(43)) - raft.server.log.statemachine.data.caching.enabled = true (custom)
2019-08-23 02:50:16,483 [pool-444-thread-1] INFO  segmented.SegmentedRaftLogWorker (SegmentedRaftLogWorker.java:lambda$new$0(132)) - 7fac1d6a-2836-41bb-912e-0cc81c617797-SegmentedRaftLogWorker:Storage Directory /workdir/hadoop-ozone/integration-test/target/test-dir/MiniOzoneClusterImpl-ddc7a5e3-92e7-4869-8d12-20395c099e28/datanode-3/data/ratis/c8ed7ef6-dc73-44e0-9a6a-e51559c32664: flushIndex: setUnconditionally 0 -> -1
2019-08-23 02:50:16,483 [pool-466-thread-1] INFO  segmented.SegmentedRaftLogWorker (SegmentedRaftLogWorker.java:lambda$new$0(132)) - 4e26a0b2-e9f6-4006-875a-ebcdd6a63049-SegmentedRaftLogWorker:Storage Directory /workdir/hadoop-ozone/integration-test/target/test-dir/MiniOzoneClusterImpl-ddc7a5e3-92e7-4869-8d12-20395c099e28/datanode-5/data/ratis/c8ed7ef6-dc73-44e0-9a6a-e51559c32664: flushIndex: setUnconditionally 0 -> -1
2019-08-23 02:50:16,483 [pool-444-thread-1] INFO  server.RaftServerConfigKeys (ConfUtils.java:logGet(43)) - raft.server.snapshot.auto.trigger.enabled = true (custom)
2019-08-23 02:50:16,483 [pool-466-thread-1] INFO  server.RaftServerConfigKeys (ConfUtils.java:logGet(43)) - raft.server.snapshot.auto.trigger.enabled = true (custom)
2019-08-23 02:50:16,483 [pool-444-thread-1] INFO  server.RaftServerConfigKeys (ConfUtils.java:logGet(43)) - raft.server.snapshot.auto.trigger.threshold = 10000 (custom)
2019-08-23 02:50:16,484 [pool-466-thread-1] INFO  server.RaftServerConfigKeys (ConfUtils.java:logGet(43)) - raft.server.snapshot.auto.trigger.threshold = 10000 (custom)
2019-08-23 02:50:16,484 [pool-444-thread-1] INFO  server.RaftServerConfigKeys (ConfUtils.java:logGet(43)) - raft.server.retrycache.expirytime = 600000ms (custom)
2019-08-23 02:50:16,484 [pool-466-thread-1] INFO  server.RaftServerConfigKeys (ConfUtils.java:logGet(43)) - raft.server.retrycache.expirytime = 600000ms (custom)
2019-08-23 02:50:16,484 [pool-444-thread-1] INFO  impl.RaftServerImpl (RaftServerImpl.java:start(180)) - 7fac1d6a-2836-41bb-912e-0cc81c617797: start group-E51559C32664
2019-08-23 02:50:16,484 [pool-466-thread-1] INFO  impl.RaftServerImpl (RaftServerImpl.java:start(180)) - 4e26a0b2-e9f6-4006-875a-ebcdd6a63049: start group-E51559C32664
2019-08-23 02:50:16,484 [pool-444-thread-1] INFO  impl.RaftServerImpl (RaftServerImpl.java:setRole(171)) - 7fac1d6a-2836-41bb-912e-0cc81c617797:group-E51559C32664 changes role from null to FOLLOWER at term 0 for startAsFollower
2019-08-23 02:50:16,484 [pool-466-thread-1] INFO  impl.RaftServerImpl (RaftServerImpl.java:setRole(171)) - 4e26a0b2-e9f6-4006-875a-ebcdd6a63049:group-E51559C32664 changes role from null to FOLLOWER at term 0 for startAsFollower
2019-08-23 02:50:16,484 [pool-444-thread-1] INFO  impl.RoleInfo (RoleInfo.java:updateAndGet(143)) - 7fac1d6a-2836-41bb-912e-0cc81c617797: start FollowerState
2019-08-23 02:50:16,484 [pool-466-thread-1] INFO  impl.RoleInfo (RoleInfo.java:updateAndGet(143)) - 4e26a0b2-e9f6-4006-875a-ebcdd6a63049: start FollowerState
2019-08-23 02:50:16,485 [pool-444-thread-1] INFO  util.JmxRegister (JmxRegister.java:tryRegister(44)) - Successfully registered JMX Bean with object name Ratis:service=RaftServer,group=group-E51559C32664,id=7fac1d6a-2836-41bb-912e-0cc81c617797
2019-08-23 02:50:16,485 [pool-466-thread-1] INFO  util.JmxRegister (JmxRegister.java:tryRegister(44)) - Successfully registered JMX Bean with object name Ratis:service=RaftServer,group=group-E51559C32664,id=4e26a0b2-e9f6-4006-875a-ebcdd6a63049
2019-08-23 02:50:16,487 [RatisPipelineUtilsThread] INFO  pipeline.PipelineStateManager (PipelineStateManager.java:addPipeline(56)) - Created pipeline Pipeline[ Id: c8ed7ef6-dc73-44e0-9a6a-e51559c32664, Nodes: 36d2002e-42fa-435d-a060-c1875d20dd5b{ip: 192.168.36.77, host: pr-hdds-2000-5mb45-3533150274, networkLocation: /default-rack, certSerialId: null}7fac1d6a-2836-41bb-912e-0cc81c617797{ip: 192.168.36.77, host: pr-hdds-2000-5mb45-3533150274, networkLocation: /default-rack, certSerialId: null}4e26a0b2-e9f6-4006-875a-ebcdd6a63049{ip: 192.168.36.77, host: pr-hdds-2000-5mb45-3533150274, networkLocation: /default-rack, certSerialId: null}, Type:RATIS, Factor:THREE, State:OPEN]
2019-08-23 02:50:16,530 | INFO  | SCMAudit | user=jenkins1000 | ip=192.168.36.77 | op=SEND_HEARTBEAT {datanodeUUID=674baee6-143c-441e-9e30-0d895b06f838, command=[]} | ret=SUCCESS |  
2019-08-23 02:50:16,532 [main] INFO  ozone.MiniOzoneClusterImpl (MiniOzoneClusterImpl.java:lambda$waitForClusterToBeReady$0(142)) - Waiting for cluster to be ready. Got 6 of 7 DN Heartbeats.
2019-08-23 02:50:16,533 [IPC Server handler 2 on 44866] INFO  net.NetworkTopology (NetworkTopologyImpl.java:add(110)) - Added a new node: /default-rack/5a5db0ee-9a70-437e-b34f-780f5bc0d289
2019-08-23 02:50:16,533 [IPC Server handler 2 on 44866] INFO  node.SCMNodeManager (SCMNodeManager.java:register(273)) - Registered Data node : 5a5db0ee-9a70-437e-b34f-780f5bc0d289{ip: 192.168.36.77, host: pr-hdds-2000-5mb45-3533150274, networkLocation: /default-rack, certSerialId: null}
2019-08-23 02:50:16,533 | INFO  | SCMAudit | user=jenkins1000 | ip=192.168.36.77 | op=REGISTER {datanodeDetails=5a5db0ee-9a70-437e-b34f-780f5bc0d289{ip: 192.168.36.77, host: pr-hdds-2000-5mb45-3533150274, networkLocation: /default-rack, certSerialId: null}} | ret=SUCCESS |  
2019-08-23 02:50:16,541 [grpc-default-executor-1] INFO  impl.RaftServerProxy (RaftServerProxy.java:addNew(89)) - 5a5db0ee-9a70-437e-b34f-780f5bc0d289: addNew group-C50F4CEB3500:[5a5db0ee-9a70-437e-b34f-780f5bc0d289:192.168.36.77:42010] returns group-C50F4CEB3500:java.util.concurrent.CompletableFuture@67f19c5a[Not completed]
2019-08-23 02:50:16,543 [pool-477-thread-1] INFO  impl.RaftServerImpl (RaftServerImpl.java:<init>(93)) - 5a5db0ee-9a70-437e-b34f-780f5bc0d289: new RaftServerImpl for group-C50F4CEB3500:[5a5db0ee-9a70-437e-b34f-780f5bc0d289:192.168.36.77:42010] with ContainerStateMachine:uninitialized
2019-08-23 02:50:16,543 [pool-477-thread-1] INFO  server.RaftServerConfigKeys (ConfUtils.java:logGet(43)) - raft.server.rpc.timeout.min = 5s (custom)
2019-08-23 02:50:16,543 [pool-477-thread-1] INFO  server.RaftServerConfigKeys (ConfUtils.java:logGet(43)) - raft.server.rpc.timeout.max = 5200ms (custom)
2019-08-23 02:50:16,543 [pool-477-thread-1] INFO  server.RaftServerConfigKeys (ConfUtils.java:logGet(43)) - raft.server.rpcslowness.timeout = 120s (custom)
2019-08-23 02:50:16,543 [pool-477-thread-1] INFO  server.RaftServerConfigKeys (ConfUtils.java:logGet(43)) - raft.server.sleep.deviation.threshold = 300 (default)
2019-08-23 02:50:16,543 [pool-477-thread-1] INFO  server.RaftServerConfigKeys (ConfUtils.java:logGet(43)) - raft.server.log.appender.install.snapshot.enabled = false (custom)
2019-08-23 02:50:16,543 [pool-477-thread-1] INFO  impl.RaftServerImpl (ServerState.java:<init>(105)) - 5a5db0ee-9a70-437e-b34f-780f5bc0d289:group-C50F4CEB3500 ConfigurationManager, init=-1: [5a5db0ee-9a70-437e-b34f-780f5bc0d289:192.168.36.77:42010], old=null, confs=<EMPTY_MAP>
2019-08-23 02:50:16,544 [pool-477-thread-1] INFO  server.RaftServerConfigKeys (ConfUtils.java:logGet(43)) - raft.server.storage.dir = [/workdir/hadoop-ozone/integration-test/target/test-dir/MiniOzoneClusterImpl-ddc7a5e3-92e7-4869-8d12-20395c099e28/datanode-6/data/ratis] (custom)
2019-08-23 02:50:16,544 [pool-477-thread-1] INFO  storage.RaftStorageDirectory (RaftStorageDirectory.java:analyzeStorage(246)) - The storage directory /workdir/hadoop-ozone/integration-test/target/test-dir/MiniOzoneClusterImpl-ddc7a5e3-92e7-4869-8d12-20395c099e28/datanode-6/data/ratis/bea6d153-e1b8-414c-adf1-c50f4ceb3500 does not exist. Creating ...
2019-08-23 02:50:16,569 [pool-477-thread-1] INFO  storage.RaftStorageDirectory (RaftStorageDirectory.java:tryLock(328)) - Lock on /workdir/hadoop-ozone/integration-test/target/test-dir/MiniOzoneClusterImpl-ddc7a5e3-92e7-4869-8d12-20395c099e28/datanode-6/data/ratis/bea6d153-e1b8-414c-adf1-c50f4ceb3500/in_use.lock acquired by nodename 1781@pr-hdds-2000-5mb45-3533150274
2019-08-23 02:50:16,595 [pool-477-thread-1] INFO  storage.RaftStorage (RaftStorage.java:format(72)) - Storage directory /workdir/hadoop-ozone/integration-test/target/test-dir/MiniOzoneClusterImpl-ddc7a5e3-92e7-4869-8d12-20395c099e28/datanode-6/data/ratis/bea6d153-e1b8-414c-adf1-c50f4ceb3500 has been successfully formatted.
2019-08-23 02:50:16,595 [pool-477-thread-1] INFO  ratis.ContainerStateMachine (ContainerStateMachine.java:loadSnapshot(226)) - group-C50F4CEB3500: The snapshot info is null. Setting the last applied indexto:(t:0, i:~)
2019-08-23 02:50:16,596 [pool-477-thread-1] INFO  server.RaftServerConfigKeys (ConfUtils.java:logGet(43)) - raft.server.leader.election.timeout = 120s (custom)
2019-08-23 02:50:16,596 [pool-477-thread-1] INFO  server.RaftServerConfigKeys (ConfUtils.java:logGet(43)) - raft.server.log.use.memory = false (default)
2019-08-23 02:50:16,596 [pool-477-thread-1] INFO  server.RaftServerConfigKeys (ConfUtils.java:logGet(43)) - raft.server.log.purge.gap = 1000000 (custom)
2019-08-23 02:50:16,596 [pool-477-thread-1] INFO  server.RaftServerConfigKeys (ConfUtils.java:logGet(43)) - raft.server.log.appender.buffer.byte-limit = 33554432 (custom)
2019-08-23 02:50:16,596 [pool-477-thread-1] INFO  server.RaftServerConfigKeys (ConfUtils.java:logGet(43)) - raft.server.log.segment.size.max = 1048576 (custom)
2019-08-23 02:50:16,596 [pool-477-thread-1] INFO  server.RaftServerConfigKeys (ConfUtils.java:logGet(43)) - raft.server.log.segment.cache.num.max = 2 (custom)
2019-08-23 02:50:16,596 [pool-477-thread-1] INFO  segmented.SegmentedRaftLogWorker (SegmentedRaftLogWorker.java:<init>(172)) - new 5a5db0ee-9a70-437e-b34f-780f5bc0d289-SegmentedRaftLogWorker:Storage Directory /workdir/hadoop-ozone/integration-test/target/test-dir/MiniOzoneClusterImpl-ddc7a5e3-92e7-4869-8d12-20395c099e28/datanode-6/data/ratis/bea6d153-e1b8-414c-adf1-c50f4ceb3500 for RaftStorage:Storage Directory /workdir/hadoop-ozone/integration-test/target/test-dir/MiniOzoneClusterImpl-ddc7a5e3-92e7-4869-8d12-20395c099e28/datanode-6/data/ratis/bea6d153-e1b8-414c-adf1-c50f4ceb3500
2019-08-23 02:50:16,597 [pool-477-thread-1] INFO  server.RaftServerConfigKeys (ConfUtils.java:logGet(43)) - raft.server.log.queue.byte-limit = 2147483647 (custom)
2019-08-23 02:50:16,597 [pool-477-thread-1] INFO  server.RaftServerConfigKeys (ConfUtils.java:logGet(43)) - raft.server.log.queue.element-limit = 1024 (custom)
2019-08-23 02:50:16,597 [pool-477-thread-1] INFO  server.RaftServerConfigKeys (ConfUtils.java:logGet(43)) - raft.server.log.segment.size.max = 1048576 (custom)
2019-08-23 02:50:16,597 [pool-477-thread-1] INFO  server.RaftServerConfigKeys (ConfUtils.java:logGet(43)) - raft.server.log.preallocated.size = 16384 (custom)
2019-08-23 02:50:16,597 [pool-477-thread-1] INFO  server.RaftServerConfigKeys (ConfUtils.java:logGet(43)) - raft.server.log.write.buffer.size = 33554432 (custom)
2019-08-23 02:50:16,597 [pool-477-thread-1] INFO  server.RaftServerConfigKeys (ConfUtils.java:logGet(43)) - raft.server.log.force.sync.num = 128 (default)
2019-08-23 02:50:16,598 [pool-477-thread-1] INFO  server.RaftServerConfigKeys (ConfUtils.java:logGet(43)) - raft.server.log.statemachine.data.sync = true (default)
2019-08-23 02:50:16,598 [pool-477-thread-1] INFO  server.RaftServerConfigKeys (ConfUtils.java:logGet(43)) - raft.server.log.statemachine.data.sync.timeout = 10s (default)
2019-08-23 02:50:16,598 [pool-477-thread-1] INFO  server.RaftServerConfigKeys (ConfUtils.java:logGet(43)) - raft.server.log.statemachine.data.sync.timeout.retry = -1 (default)
2019-08-23 02:50:16,598 [pool-477-thread-1] INFO  server.RaftServerConfigKeys (ConfUtils.java:logGet(43)) - raft.server.log.statemachine.data.caching.enabled = true (custom)
2019-08-23 02:50:16,599 [pool-477-thread-1] INFO  segmented.SegmentedRaftLogWorker (SegmentedRaftLogWorker.java:lambda$new$0(132)) - 5a5db0ee-9a70-437e-b34f-780f5bc0d289-SegmentedRaftLogWorker:Storage Directory /workdir/hadoop-ozone/integration-test/target/test-dir/MiniOzoneClusterImpl-ddc7a5e3-92e7-4869-8d12-20395c099e28/datanode-6/data/ratis/bea6d153-e1b8-414c-adf1-c50f4ceb3500: flushIndex: setUnconditionally 0 -> -1
2019-08-23 02:50:16,599 [pool-477-thread-1] INFO  server.RaftServerConfigKeys (ConfUtils.java:logGet(43)) - raft.server.snapshot.auto.trigger.enabled = true (custom)
2019-08-23 02:50:16,599 [pool-477-thread-1] INFO  server.RaftServerConfigKeys (ConfUtils.java:logGet(43)) - raft.server.snapshot.auto.trigger.threshold = 10000 (custom)
2019-08-23 02:50:16,599 [pool-477-thread-1] INFO  server.RaftServerConfigKeys (ConfUtils.java:logGet(43)) - raft.server.retrycache.expirytime = 600000ms (custom)
2019-08-23 02:50:16,599 [pool-477-thread-1] INFO  impl.RaftServerImpl (RaftServerImpl.java:start(180)) - 5a5db0ee-9a70-437e-b34f-780f5bc0d289: start group-C50F4CEB3500
2019-08-23 02:50:16,599 [pool-477-thread-1] INFO  impl.RaftServerImpl (RaftServerImpl.java:setRole(171)) - 5a5db0ee-9a70-437e-b34f-780f5bc0d289:group-C50F4CEB3500 changes role from null to FOLLOWER at term 0 for startAsFollower
2019-08-23 02:50:16,600 [pool-477-thread-1] INFO  impl.RoleInfo (RoleInfo.java:updateAndGet(143)) - 5a5db0ee-9a70-437e-b34f-780f5bc0d289: start FollowerState
2019-08-23 02:50:16,600 [pool-477-thread-1] INFO  util.JmxRegister (JmxRegister.java:tryRegister(44)) - Successfully registered JMX Bean with object name Ratis:service=RaftServer,group=group-C50F4CEB3500,id=5a5db0ee-9a70-437e-b34f-780f5bc0d289
2019-08-23 02:50:16,602 [RatisPipelineUtilsThread] INFO  pipeline.PipelineStateManager (PipelineStateManager.java:addPipeline(56)) - Created pipeline Pipeline[ Id: bea6d153-e1b8-414c-adf1-c50f4ceb3500, Nodes: 5a5db0ee-9a70-437e-b34f-780f5bc0d289{ip: 192.168.36.77, host: pr-hdds-2000-5mb45-3533150274, networkLocation: /default-rack, certSerialId: null}, Type:RATIS, Factor:ONE, State:OPEN]
2019-08-23 02:50:16,743 | INFO  | SCMAudit | user=jenkins1000 | ip=192.168.36.77 | op=SEND_HEARTBEAT {datanodeUUID=6e366328-a21a-42d1-a497-c25b5c1bc291, command=[]} | ret=SUCCESS |  
2019-08-23 02:50:17,016 | INFO  | SCMAudit | user=jenkins1000 | ip=192.168.36.77 | op=SEND_HEARTBEAT {datanodeUUID=5c5e51ce-aa4b-45fa-b548-3aebeb03959c, command=[]} | ret=SUCCESS |  
2019-08-23 02:50:17,016 | INFO  | SCMAudit | user=jenkins1000 | ip=192.168.36.77 | op=SEND_HEARTBEAT {datanodeUUID=15fd999f-62be-4877-833a-993ce600606a, command=[]} | ret=SUCCESS |  
2019-08-23 02:50:17,115 | INFO  | SCMAudit | user=jenkins1000 | ip=192.168.36.77 | op=SEND_HEARTBEAT {datanodeUUID=ecd3787f-2b30-4c06-af2c-0a727538b2a6, command=[]} | ret=SUCCESS |  
2019-08-23 02:50:17,141 | INFO  | SCMAudit | user=jenkins1000 | ip=192.168.36.77 | op=SEND_HEARTBEAT {datanodeUUID=e824def4-fdb0-4d06-a3a6-273d371b8d7d, command=[]} | ret=SUCCESS |  
2019-08-23 02:50:17,145 | INFO  | SCMAudit | user=jenkins1000 | ip=192.168.36.77 | op=SEND_HEARTBEAT {datanodeUUID=004b6b6e-41ce-4475-9f2f-481aedf9c953, command=[]} | ret=SUCCESS |  
2019-08-23 02:50:17,350 | INFO  | SCMAudit | user=jenkins1000 | ip=192.168.36.77 | op=SEND_HEARTBEAT {datanodeUUID=50e43da2-e7e0-478c-b7e8-9638b0c061cc, command=[]} | ret=SUCCESS |  
2019-08-23 02:50:17,358 | INFO  | SCMAudit | user=jenkins1000 | ip=192.168.36.77 | op=SEND_HEARTBEAT {datanodeUUID=10c22d4b-82dd-4f6e-83af-e52ab1885d9d, command=[]} | ret=SUCCESS |  
2019-08-23 02:50:17,531 | INFO  | SCMAudit | user=jenkins1000 | ip=192.168.36.77 | op=SEND_HEARTBEAT {datanodeUUID=674baee6-143c-441e-9e30-0d895b06f838, command=[]} | ret=SUCCESS |  
2019-08-23 02:50:17,532 [main] INFO  ozone.MiniOzoneClusterImpl (MiniOzoneClusterImpl.java:lambda$waitForClusterToBeReady$0(142)) - Cluster is ready. Got 7 of 7 DN Heartbeats.
2019-08-23 02:50:17,577 [main] INFO  rpc.RpcClient (RpcClient.java:createVolume(293)) - Creating Volume: watchforcommithandlingtest, with jenkins1000 as owner.
2019-08-23 02:50:17,579 | INFO  | OMAudit | user=jenkins1000 | ip=127.0.0.1 | op=CREATE_VOLUME {admin=jenkins1000, owner=jenkins1000, volume=watchforcommithandlingtest, creationTime=1566528617579, quotaInBytes=1152921504606846976} | ret=SUCCESS |  
2019-08-23 02:50:17,590 | INFO  | SCMAudit | user=jenkins1000 | ip=192.168.36.77 | op=SEND_HEARTBEAT {datanodeUUID=7d1d5090-b1ef-4680-bded-086545998ddd, command=[]} | ret=SUCCESS |  
2019-08-23 02:50:17,592 | INFO  | OMAudit | user=jenkins1000 | ip=127.0.0.1 | op=READ_VOLUME {volume=watchforcommithandlingtest} | ret=SUCCESS |  
2019-08-23 02:50:17,593 [main] INFO  rpc.RpcClient (RpcClient.java:createBucket(432)) - Creating Bucket: watchforcommithandlingtest/watchforcommithandlingtest, with Versioning false and Storage Type set to DISK and Encryption set to false 
2019-08-23 02:50:17,597 | INFO  | OMAudit | user=jenkins1000 | ip=127.0.0.1 | op=CREATE_BUCKET {volume=watchforcommithandlingtest, bucket=watchforcommithandlingtest, acls=[user:jenkins1000:a[ACCESS], group:default:a[ACCESS]], isVersionEnabled=false, storageType=DISK, creationTime=0} | ret=SUCCESS |  
2019-08-23 02:50:17,598 [main] INFO  ozone.MiniOzoneClusterImpl (MiniOzoneClusterImpl.java:getStorageContainerLocationClient(241)) - Creating StorageContainerLocationProtocol RPC client with address /0.0.0.0:38334
2019-08-23 02:50:17,617 [grpc-default-executor-1] INFO  client.GrpcClientProtocolClient (GrpcClientProtocolClient.java:onNext(255)) - client-0DF4BF829A7E->ecd3787f-2b30-4c06-af2c-0a727538b2a6: receive RaftClientReply:client-0DF4BF829A7E->ecd3787f-2b30-4c06-af2c-0a727538b2a6@group-0DF14E4B3894, cid=94, FAILED org.apache.ratis.protocol.NotLeaderException: Server ecd3787f-2b30-4c06-af2c-0a727538b2a6 is not the leader (null). Request must be sent to leader., logIndex=0, commits[ecd3787f-2b30-4c06-af2c-0a727538b2a6:c-1]
2019-08-23 02:50:17,744 | INFO  | SCMAudit | user=jenkins1000 | ip=192.168.36.77 | op=SEND_HEARTBEAT {datanodeUUID=6e366328-a21a-42d1-a497-c25b5c1bc291, command=[]} | ret=SUCCESS |  
2019-08-23 02:50:17,815 | INFO  | SCMAudit | user=jenkins1000 | ip=192.168.36.77 | op=SEND_HEARTBEAT {datanodeUUID=7fac1d6a-2836-41bb-912e-0cc81c617797, command=[]} | ret=SUCCESS |  
2019-08-23 02:50:18,016 | INFO  | SCMAudit | user=jenkins1000 | ip=192.168.36.77 | op=SEND_HEARTBEAT {datanodeUUID=5c5e51ce-aa4b-45fa-b548-3aebeb03959c, command=[]} | ret=SUCCESS |  
2019-08-23 02:50:18,017 | INFO  | SCMAudit | user=jenkins1000 | ip=192.168.36.77 | op=SEND_HEARTBEAT {datanodeUUID=15fd999f-62be-4877-833a-993ce600606a, command=[]} | ret=SUCCESS |  
2019-08-23 02:50:18,045 | INFO  | SCMAudit | user=jenkins1000 | ip=192.168.36.77 | op=SEND_HEARTBEAT {datanodeUUID=36d2002e-42fa-435d-a060-c1875d20dd5b, command=[]} | ret=SUCCESS |  
2019-08-23 02:50:18,115 | INFO  | SCMAudit | user=jenkins1000 | ip=192.168.36.77 | op=SEND_HEARTBEAT {datanodeUUID=ecd3787f-2b30-4c06-af2c-0a727538b2a6, command=[]} | ret=SUCCESS |  
2019-08-23 02:50:18,129 [Thread-2389] INFO  container.ReplicationManager (ReplicationManager.java:start(152)) - Starting Replication Monitor Thread.
2019-08-23 02:50:18,136 [ReplicationMonitor] INFO  container.ReplicationManager (ReplicationManager.java:run(215)) - Replication Monitor Thread took 0 milliseconds for processing 1 containers.
2019-08-23 02:50:18,142 | INFO  | SCMAudit | user=jenkins1000 | ip=192.168.36.77 | op=SEND_HEARTBEAT {datanodeUUID=e824def4-fdb0-4d06-a3a6-273d371b8d7d, command=[]} | ret=SUCCESS |  
2019-08-23 02:50:18,145 | INFO  | SCMAudit | user=jenkins1000 | ip=192.168.36.77 | op=SEND_HEARTBEAT {datanodeUUID=004b6b6e-41ce-4475-9f2f-481aedf9c953, command=[]} | ret=SUCCESS |  
2019-08-23 02:50:18,290 | INFO  | SCMAudit | user=jenkins1000 | ip=192.168.36.77 | op=SEND_HEARTBEAT {datanodeUUID=4e26a0b2-e9f6-4006-875a-ebcdd6a63049, command=[]} | ret=SUCCESS |  
2019-08-23 02:50:18,350 | INFO  | SCMAudit | user=jenkins1000 | ip=192.168.36.77 | op=SEND_HEARTBEAT {datanodeUUID=50e43da2-e7e0-478c-b7e8-9638b0c061cc, command=[]} | ret=SUCCESS |  
2019-08-23 02:50:18,357 | INFO  | SCMAudit | user=jenkins1000 | ip=192.168.36.77 | op=SEND_HEARTBEAT {datanodeUUID=10c22d4b-82dd-4f6e-83af-e52ab1885d9d, command=[]} | ret=SUCCESS |  
2019-08-23 02:50:18,531 | INFO  | SCMAudit | user=jenkins1000 | ip=192.168.36.77 | op=SEND_HEARTBEAT {datanodeUUID=674baee6-143c-441e-9e30-0d895b06f838, command=[]} | ret=SUCCESS |  
2019-08-23 02:50:18,532 | INFO  | SCMAudit | user=jenkins1000 | ip=192.168.36.77 | op=SEND_HEARTBEAT {datanodeUUID=5a5db0ee-9a70-437e-b34f-780f5bc0d289, command=[]} | ret=SUCCESS |  
2019-08-23 02:50:18,582 | INFO  | SCMAudit | user=jenkins1000 | ip=192.168.36.77 | op=SEND_HEARTBEAT {datanodeUUID=7d1d5090-b1ef-4680-bded-086545998ddd, command=[]} | ret=SUCCESS |  
2019-08-23 02:50:18,647 [grpc-default-executor-4] INFO  client.GrpcClientProtocolClient (GrpcClientProtocolClient.java:onNext(255)) - client-0DF4BF829A7E->10c22d4b-82dd-4f6e-83af-e52ab1885d9d: receive RaftClientReply:client-0DF4BF829A7E->10c22d4b-82dd-4f6e-83af-e52ab1885d9d@group-0DF14E4B3894, cid=94, FAILED org.apache.ratis.protocol.NotLeaderException: Server 10c22d4b-82dd-4f6e-83af-e52ab1885d9d is not the leader (null). Request must be sent to leader., logIndex=0, commits[10c22d4b-82dd-4f6e-83af-e52ab1885d9d:c-1]
2019-08-23 02:50:18,744 | INFO  | SCMAudit | user=jenkins1000 | ip=192.168.36.77 | op=SEND_HEARTBEAT {datanodeUUID=6e366328-a21a-42d1-a497-c25b5c1bc291, command=[]} | ret=SUCCESS |  
2019-08-23 02:50:18,816 | INFO  | SCMAudit | user=jenkins1000 | ip=192.168.36.77 | op=SEND_HEARTBEAT {datanodeUUID=7fac1d6a-2836-41bb-912e-0cc81c617797, command=[]} | ret=SUCCESS |  
2019-08-23 02:50:19,015 | INFO  | SCMAudit | user=jenkins1000 | ip=192.168.36.77 | op=SEND_HEARTBEAT {datanodeUUID=5c5e51ce-aa4b-45fa-b548-3aebeb03959c, command=[]} | ret=SUCCESS |  
2019-08-23 02:50:19,016 | INFO  | SCMAudit | user=jenkins1000 | ip=192.168.36.77 | op=SEND_HEARTBEAT {datanodeUUID=15fd999f-62be-4877-833a-993ce600606a, command=[]} | ret=SUCCESS |  
2019-08-23 02:50:19,045 | INFO  | SCMAudit | user=jenkins1000 | ip=192.168.36.77 | op=SEND_HEARTBEAT {datanodeUUID=36d2002e-42fa-435d-a060-c1875d20dd5b, command=[]} | ret=SUCCESS |  
2019-08-23 02:50:19,115 | INFO  | SCMAudit | user=jenkins1000 | ip=192.168.36.77 | op=SEND_HEARTBEAT {datanodeUUID=ecd3787f-2b30-4c06-af2c-0a727538b2a6, command=[]} | ret=SUCCESS |  
2019-08-23 02:50:19,135 [Thread-2377] INFO  impl.FollowerState (FollowerState.java:run(106)) - 50e43da2-e7e0-478c-b7e8-9638b0c061cc:group-F61A263991FE changes to CANDIDATE, lastRpcTime:5004, electionTimeout:5003ms
2019-08-23 02:50:19,135 [Thread-2377] INFO  impl.RoleInfo (RoleInfo.java:shutdownFollowerState(121)) - 50e43da2-e7e0-478c-b7e8-9638b0c061cc: shutdown FollowerState
2019-08-23 02:50:19,135 [Thread-2377] INFO  impl.RaftServerImpl (RaftServerImpl.java:setRole(171)) - 50e43da2-e7e0-478c-b7e8-9638b0c061cc:group-F61A263991FE changes role from FOLLOWER to CANDIDATE at term 5 for changeToCandidate
2019-08-23 02:50:19,135 [Thread-2377] INFO  impl.RoleInfo (RoleInfo.java:updateAndGet(143)) - 50e43da2-e7e0-478c-b7e8-9638b0c061cc: start LeaderElection
2019-08-23 02:50:19,142 | INFO  | SCMAudit | user=jenkins1000 | ip=192.168.36.77 | op=SEND_HEARTBEAT {datanodeUUID=e824def4-fdb0-4d06-a3a6-273d371b8d7d, command=[]} | ret=SUCCESS |  
2019-08-23 02:50:19,145 | INFO  | SCMAudit | user=jenkins1000 | ip=192.168.36.77 | op=SEND_HEARTBEAT {datanodeUUID=004b6b6e-41ce-4475-9f2f-481aedf9c953, command=[]} | ret=SUCCESS |  
2019-08-23 02:50:19,189 [Thread-2381] INFO  impl.FollowerState (FollowerState.java:run(106)) - 674baee6-143c-441e-9e30-0d895b06f838:group-A52EBC6CCB0C changes to CANDIDATE, lastRpcTime:5050, electionTimeout:5050ms
2019-08-23 02:50:19,190 [Thread-2381] INFO  impl.RoleInfo (RoleInfo.java:shutdownFollowerState(121)) - 674baee6-143c-441e-9e30-0d895b06f838: shutdown FollowerState
2019-08-23 02:50:19,190 [Thread-2381] INFO  impl.RaftServerImpl (RaftServerImpl.java:setRole(171)) - 674baee6-143c-441e-9e30-0d895b06f838:group-A52EBC6CCB0C changes role from FOLLOWER to CANDIDATE at term 5 for changeToCandidate
2019-08-23 02:50:19,190 [Thread-2381] INFO  impl.RoleInfo (RoleInfo.java:updateAndGet(143)) - 674baee6-143c-441e-9e30-0d895b06f838: start LeaderElection
2019-08-23 02:50:19,219 [Thread-2379] INFO  impl.FollowerState (FollowerState.java:run(106)) - 6e366328-a21a-42d1-a497-c25b5c1bc291:group-F61A263991FE changes to CANDIDATE, lastRpcTime:5085, electionTimeout:5083ms
2019-08-23 02:50:19,219 [Thread-2379] INFO  impl.RoleInfo (RoleInfo.java:shutdownFollowerState(121)) - 6e366328-a21a-42d1-a497-c25b5c1bc291: shutdown FollowerState
2019-08-23 02:50:19,219 [Thread-2379] INFO  impl.RaftServerImpl (RaftServerImpl.java:setRole(171)) - 6e366328-a21a-42d1-a497-c25b5c1bc291:group-F61A263991FE changes role from FOLLOWER to CANDIDATE at term 5 for changeToCandidate
2019-08-23 02:50:19,219 [Thread-2379] INFO  impl.RoleInfo (RoleInfo.java:updateAndGet(143)) - 6e366328-a21a-42d1-a497-c25b5c1bc291: start LeaderElection
2019-08-23 02:50:19,221 [Thread-2376] INFO  impl.FollowerState (FollowerState.java:run(106)) - e824def4-fdb0-4d06-a3a6-273d371b8d7d:group-A52EBC6CCB0C changes to CANDIDATE, lastRpcTime:5093, electionTimeout:5093ms
2019-08-23 02:50:19,222 [Thread-2376] INFO  impl.RoleInfo (RoleInfo.java:shutdownFollowerState(121)) - e824def4-fdb0-4d06-a3a6-273d371b8d7d: shutdown FollowerState
2019-08-23 02:50:19,222 [Thread-2376] INFO  impl.RaftServerImpl (RaftServerImpl.java:setRole(171)) - e824def4-fdb0-4d06-a3a6-273d371b8d7d:group-A52EBC6CCB0C changes role from FOLLOWER to CANDIDATE at term 5 for changeToCandidate
2019-08-23 02:50:19,222 [Thread-2376] INFO  impl.RoleInfo (RoleInfo.java:updateAndGet(143)) - e824def4-fdb0-4d06-a3a6-273d371b8d7d: start LeaderElection
2019-08-23 02:50:19,238 [Thread-2378] INFO  impl.FollowerState (FollowerState.java:run(106)) - 15fd999f-62be-4877-833a-993ce600606a:group-A52EBC6CCB0C changes to CANDIDATE, lastRpcTime:5106, electionTimeout:5104ms
2019-08-23 02:50:19,239 [Thread-2378] INFO  impl.RoleInfo (RoleInfo.java:shutdownFollowerState(121)) - 15fd999f-62be-4877-833a-993ce600606a: shutdown FollowerState
2019-08-23 02:50:19,239 [Thread-2378] INFO  impl.RaftServerImpl (RaftServerImpl.java:setRole(171)) - 15fd999f-62be-4877-833a-993ce600606a:group-A52EBC6CCB0C changes role from FOLLOWER to CANDIDATE at term 5 for changeToCandidate
2019-08-23 02:50:19,239 [Thread-2378] INFO  impl.RoleInfo (RoleInfo.java:updateAndGet(143)) - 15fd999f-62be-4877-833a-993ce600606a: start LeaderElection
2019-08-23 02:50:19,280 [Thread-2380] INFO  impl.FollowerState (FollowerState.java:run(106)) - 004b6b6e-41ce-4475-9f2f-481aedf9c953:group-F61A263991FE changes to CANDIDATE, lastRpcTime:5145, electionTimeout:5145ms
2019-08-23 02:50:19,280 [Thread-2380] INFO  impl.RoleInfo (RoleInfo.java:shutdownFollowerState(121)) - 004b6b6e-41ce-4475-9f2f-481aedf9c953: shutdown FollowerState
2019-08-23 02:50:19,280 [Thread-2380] INFO  impl.RaftServerImpl (RaftServerImpl.java:setRole(171)) - 004b6b6e-41ce-4475-9f2f-481aedf9c953:group-F61A263991FE changes role from FOLLOWER to CANDIDATE at term 5 for changeToCandidate
2019-08-23 02:50:19,280 [Thread-2380] INFO  impl.RoleInfo (RoleInfo.java:updateAndGet(143)) - 004b6b6e-41ce-4475-9f2f-481aedf9c953: start LeaderElection
2019-08-23 02:50:19,289 | INFO  | SCMAudit | user=jenkins1000 | ip=192.168.36.77 | op=SEND_HEARTBEAT {datanodeUUID=4e26a0b2-e9f6-4006-875a-ebcdd6a63049, command=[]} | ret=SUCCESS |  
2019-08-23 02:50:19,350 | INFO  | SCMAudit | user=jenkins1000 | ip=192.168.36.77 | op=SEND_HEARTBEAT {datanodeUUID=50e43da2-e7e0-478c-b7e8-9638b0c061cc, command=[]} | ret=SUCCESS |  
2019-08-23 02:50:19,357 | INFO  | SCMAudit | user=jenkins1000 | ip=192.168.36.77 | op=SEND_HEARTBEAT {datanodeUUID=10c22d4b-82dd-4f6e-83af-e52ab1885d9d, command=[]} | ret=SUCCESS |  
2019-08-23 02:50:19,531 | INFO  | SCMAudit | user=jenkins1000 | ip=192.168.36.77 | op=SEND_HEARTBEAT {datanodeUUID=674baee6-143c-441e-9e30-0d895b06f838, command=[]} | ret=SUCCESS |  
2019-08-23 02:50:19,532 | INFO  | SCMAudit | user=jenkins1000 | ip=192.168.36.77 | op=SEND_HEARTBEAT {datanodeUUID=5a5db0ee-9a70-437e-b34f-780f5bc0d289, command=[]} | ret=SUCCESS |  
2019-08-23 02:50:19,583 | INFO  | SCMAudit | user=jenkins1000 | ip=192.168.36.77 | op=SEND_HEARTBEAT {datanodeUUID=7d1d5090-b1ef-4680-bded-086545998ddd, command=[]} | ret=SUCCESS |  
2019-08-23 02:50:19,673 [grpc-default-executor-1] INFO  client.GrpcClientProtocolClient (GrpcClientProtocolClient.java:onNext(255)) - client-0DF4BF829A7E->7d1d5090-b1ef-4680-bded-086545998ddd: receive RaftClientReply:client-0DF4BF829A7E->7d1d5090-b1ef-4680-bded-086545998ddd@group-0DF14E4B3894, cid=94, FAILED org.apache.ratis.protocol.NotLeaderException: Server 7d1d5090-b1ef-4680-bded-086545998ddd is not the leader (null). Request must be sent to leader., logIndex=0, commits[7d1d5090-b1ef-4680-bded-086545998ddd:c-1]
2019-08-23 02:50:19,745 | INFO  | SCMAudit | user=jenkins1000 | ip=192.168.36.77 | op=SEND_HEARTBEAT {datanodeUUID=6e366328-a21a-42d1-a497-c25b5c1bc291, command=[]} | ret=SUCCESS |  
2019-08-23 02:50:19,768 [50e43da2-e7e0-478c-b7e8-9638b0c061cc:group-F61A263991FE:LeaderElection98] INFO  impl.LeaderElection (LeaderElection.java:askForVotes(181)) - 50e43da2-e7e0-478c-b7e8-9638b0c061cc:group-F61A263991FE:LeaderElection98: begin an election at term 6 for -1: [004b6b6e-41ce-4475-9f2f-481aedf9c953:192.168.36.77:45065, 50e43da2-e7e0-478c-b7e8-9638b0c061cc:192.168.36.77:45690, 6e366328-a21a-42d1-a497-c25b5c1bc291:192.168.36.77:39747], old=null
2019-08-23 02:50:19,768 [6e366328-a21a-42d1-a497-c25b5c1bc291:group-F61A263991FE:LeaderElection100] INFO  impl.LeaderElection (LeaderElection.java:askForVotes(181)) - 6e366328-a21a-42d1-a497-c25b5c1bc291:group-F61A263991FE:LeaderElection100: begin an election at term 6 for -1: [004b6b6e-41ce-4475-9f2f-481aedf9c953:192.168.36.77:45065, 50e43da2-e7e0-478c-b7e8-9638b0c061cc:192.168.36.77:45690, 6e366328-a21a-42d1-a497-c25b5c1bc291:192.168.36.77:39747], old=null
2019-08-23 02:50:19,768 [15fd999f-62be-4877-833a-993ce600606a:group-A52EBC6CCB0C:LeaderElection102] INFO  impl.LeaderElection (LeaderElection.java:askForVotes(181)) - 15fd999f-62be-4877-833a-993ce600606a:group-A52EBC6CCB0C:LeaderElection102: begin an election at term 6 for -1: [15fd999f-62be-4877-833a-993ce600606a:192.168.36.77:35226, 674baee6-143c-441e-9e30-0d895b06f838:192.168.36.77:39798, e824def4-fdb0-4d06-a3a6-273d371b8d7d:192.168.36.77:38058], old=null
2019-08-23 02:50:19,768 [004b6b6e-41ce-4475-9f2f-481aedf9c953:group-F61A263991FE:LeaderElection103] INFO  impl.LeaderElection (LeaderElection.java:askForVotes(181)) - 004b6b6e-41ce-4475-9f2f-481aedf9c953:group-F61A263991FE:LeaderElection103: begin an election at term 6 for -1: [004b6b6e-41ce-4475-9f2f-481aedf9c953:192.168.36.77:45065, 50e43da2-e7e0-478c-b7e8-9638b0c061cc:192.168.36.77:45690, 6e366328-a21a-42d1-a497-c25b5c1bc291:192.168.36.77:39747], old=null
2019-08-23 02:50:19,768 [674baee6-143c-441e-9e30-0d895b06f838:group-A52EBC6CCB0C:LeaderElection99] INFO  impl.LeaderElection (LeaderElection.java:askForVotes(181)) - 674baee6-143c-441e-9e30-0d895b06f838:group-A52EBC6CCB0C:LeaderElection99: begin an election at term 6 for -1: [15fd999f-62be-4877-833a-993ce600606a:192.168.36.77:35226, 674baee6-143c-441e-9e30-0d895b06f838:192.168.36.77:39798, e824def4-fdb0-4d06-a3a6-273d371b8d7d:192.168.36.77:38058], old=null
2019-08-23 02:50:19,768 [e824def4-fdb0-4d06-a3a6-273d371b8d7d:group-A52EBC6CCB0C:LeaderElection101] INFO  impl.LeaderElection (LeaderElection.java:askForVotes(181)) - e824def4-fdb0-4d06-a3a6-273d371b8d7d:group-A52EBC6CCB0C:LeaderElection101: begin an election at term 6 for -1: [15fd999f-62be-4877-833a-993ce600606a:192.168.36.77:35226, 674baee6-143c-441e-9e30-0d895b06f838:192.168.36.77:39798, e824def4-fdb0-4d06-a3a6-273d371b8d7d:192.168.36.77:38058], old=null
2019-08-23 02:50:19,773 [6e366328-a21a-42d1-a497-c25b5c1bc291:group-F61A263991FE:LeaderElection100] INFO  impl.LeaderElection (LeaderElection.java:logAndReturn(56)) - 6e366328-a21a-42d1-a497-c25b5c1bc291:group-F61A263991FE:LeaderElection100: Election REJECTED; received 2 response(s) [6e366328-a21a-42d1-a497-c25b5c1bc291<-004b6b6e-41ce-4475-9f2f-481aedf9c953#0:FAIL-t6, 6e366328-a21a-42d1-a497-c25b5c1bc291<-50e43da2-e7e0-478c-b7e8-9638b0c061cc#0:FAIL-t6] and 0 exception(s); 6e366328-a21a-42d1-a497-c25b5c1bc291:t6, leader=null, voted=6e366328-a21a-42d1-a497-c25b5c1bc291, raftlog=6e366328-a21a-42d1-a497-c25b5c1bc291-SegmentedRaftLog:OPENED:c-1,f-1,i0, conf=-1: [004b6b6e-41ce-4475-9f2f-481aedf9c953:192.168.36.77:45065, 50e43da2-e7e0-478c-b7e8-9638b0c061cc:192.168.36.77:45690, 6e366328-a21a-42d1-a497-c25b5c1bc291:192.168.36.77:39747], old=null
2019-08-23 02:50:19,773 [6e366328-a21a-42d1-a497-c25b5c1bc291:group-F61A263991FE:LeaderElection100] INFO  impl.RaftServerImpl (RaftServerImpl.java:setRole(171)) - 6e366328-a21a-42d1-a497-c25b5c1bc291:group-F61A263991FE changes role from CANDIDATE to FOLLOWER at term 6 for DISCOVERED_A_NEW_TERM
2019-08-23 02:50:19,773 [6e366328-a21a-42d1-a497-c25b5c1bc291:group-F61A263991FE:LeaderElection100] INFO  impl.RoleInfo (RoleInfo.java:shutdownLeaderElection(134)) - 6e366328-a21a-42d1-a497-c25b5c1bc291: shutdown LeaderElection
2019-08-23 02:50:19,773 [6e366328-a21a-42d1-a497-c25b5c1bc291:group-F61A263991FE:LeaderElection100] INFO  impl.RoleInfo (RoleInfo.java:updateAndGet(143)) - 6e366328-a21a-42d1-a497-c25b5c1bc291: start FollowerState
2019-08-23 02:50:19,773 [004b6b6e-41ce-4475-9f2f-481aedf9c953:group-F61A263991FE:LeaderElection103] INFO  impl.LeaderElection (LeaderElection.java:logAndReturn(56)) - 004b6b6e-41ce-4475-9f2f-481aedf9c953:group-F61A263991FE:LeaderElection103: Election REJECTED; received 2 response(s) [004b6b6e-41ce-4475-9f2f-481aedf9c953<-50e43da2-e7e0-478c-b7e8-9638b0c061cc#0:FAIL-t6, 004b6b6e-41ce-4475-9f2f-481aedf9c953<-6e366328-a21a-42d1-a497-c25b5c1bc291#0:FAIL-t6] and 0 exception(s); 004b6b6e-41ce-4475-9f2f-481aedf9c953:t6, leader=null, voted=004b6b6e-41ce-4475-9f2f-481aedf9c953, raftlog=004b6b6e-41ce-4475-9f2f-481aedf9c953-SegmentedRaftLog:OPENED:c-1,f-1,i0, conf=-1: [004b6b6e-41ce-4475-9f2f-481aedf9c953:192.168.36.77:45065, 50e43da2-e7e0-478c-b7e8-9638b0c061cc:192.168.36.77:45690, 6e366328-a21a-42d1-a497-c25b5c1bc291:192.168.36.77:39747], old=null
2019-08-23 02:50:19,774 [004b6b6e-41ce-4475-9f2f-481aedf9c953:group-F61A263991FE:LeaderElection103] INFO  impl.RaftServerImpl (RaftServerImpl.java:setRole(171)) - 004b6b6e-41ce-4475-9f2f-481aedf9c953:group-F61A263991FE changes role from CANDIDATE to FOLLOWER at term 6 for DISCOVERED_A_NEW_TERM
2019-08-23 02:50:19,774 [004b6b6e-41ce-4475-9f2f-481aedf9c953:group-F61A263991FE:LeaderElection103] INFO  impl.RoleInfo (RoleInfo.java:shutdownLeaderElection(134)) - 004b6b6e-41ce-4475-9f2f-481aedf9c953: shutdown LeaderElection
2019-08-23 02:50:19,774 [004b6b6e-41ce-4475-9f2f-481aedf9c953:group-F61A263991FE:LeaderElection103] INFO  impl.RoleInfo (RoleInfo.java:updateAndGet(143)) - 004b6b6e-41ce-4475-9f2f-481aedf9c953: start FollowerState
2019-08-23 02:50:19,774 [674baee6-143c-441e-9e30-0d895b06f838:group-A52EBC6CCB0C:LeaderElection99] INFO  impl.LeaderElection (LeaderElection.java:logAndReturn(56)) - 674baee6-143c-441e-9e30-0d895b06f838:group-A52EBC6CCB0C:LeaderElection99: Election REJECTED; received 2 response(s) [674baee6-143c-441e-9e30-0d895b06f838<-15fd999f-62be-4877-833a-993ce600606a#0:FAIL-t6, 674baee6-143c-441e-9e30-0d895b06f838<-e824def4-fdb0-4d06-a3a6-273d371b8d7d#0:FAIL-t6] and 0 exception(s); 674baee6-143c-441e-9e30-0d895b06f838:t6, leader=null, voted=674baee6-143c-441e-9e30-0d895b06f838, raftlog=674baee6-143c-441e-9e30-0d895b06f838-SegmentedRaftLog:OPENED:c-1,f-1,i0, conf=-1: [15fd999f-62be-4877-833a-993ce600606a:192.168.36.77:35226, 674baee6-143c-441e-9e30-0d895b06f838:192.168.36.77:39798, e824def4-fdb0-4d06-a3a6-273d371b8d7d:192.168.36.77:38058], old=null
2019-08-23 02:50:19,774 [674baee6-143c-441e-9e30-0d895b06f838:group-A52EBC6CCB0C:LeaderElection99] INFO  impl.RaftServerImpl (RaftServerImpl.java:setRole(171)) - 674baee6-143c-441e-9e30-0d895b06f838:group-A52EBC6CCB0C changes role from CANDIDATE to FOLLOWER at term 6 for DISCOVERED_A_NEW_TERM
2019-08-23 02:50:19,775 [674baee6-143c-441e-9e30-0d895b06f838:group-A52EBC6CCB0C:LeaderElection99] INFO  impl.RoleInfo (RoleInfo.java:shutdownLeaderElection(134)) - 674baee6-143c-441e-9e30-0d895b06f838: shutdown LeaderElection
2019-08-23 02:50:19,775 [674baee6-143c-441e-9e30-0d895b06f838:group-A52EBC6CCB0C:LeaderElection99] INFO  impl.RoleInfo (RoleInfo.java:updateAndGet(143)) - 674baee6-143c-441e-9e30-0d895b06f838: start FollowerState
2019-08-23 02:50:19,775 [e824def4-fdb0-4d06-a3a6-273d371b8d7d:group-A52EBC6CCB0C:LeaderElection101] INFO  impl.LeaderElection (LeaderElection.java:logAndReturn(56)) - e824def4-fdb0-4d06-a3a6-273d371b8d7d:group-A52EBC6CCB0C:LeaderElection101: Election REJECTED; received 2 response(s) [e824def4-fdb0-4d06-a3a6-273d371b8d7d<-15fd999f-62be-4877-833a-993ce600606a#0:FAIL-t6, e824def4-fdb0-4d06-a3a6-273d371b8d7d<-674baee6-143c-441e-9e30-0d895b06f838#0:FAIL-t6] and 0 exception(s); e824def4-fdb0-4d06-a3a6-273d371b8d7d:t6, leader=null, voted=e824def4-fdb0-4d06-a3a6-273d371b8d7d, raftlog=e824def4-fdb0-4d06-a3a6-273d371b8d7d-SegmentedRaftLog:OPENED:c-1,f-1,i0, conf=-1: [15fd999f-62be-4877-833a-993ce600606a:192.168.36.77:35226, 674baee6-143c-441e-9e30-0d895b06f838:192.168.36.77:39798, e824def4-fdb0-4d06-a3a6-273d371b8d7d:192.168.36.77:38058], old=null
2019-08-23 02:50:19,775 [e824def4-fdb0-4d06-a3a6-273d371b8d7d:group-A52EBC6CCB0C:LeaderElection101] INFO  impl.RaftServerImpl (RaftServerImpl.java:setRole(171)) - e824def4-fdb0-4d06-a3a6-273d371b8d7d:group-A52EBC6CCB0C changes role from CANDIDATE to FOLLOWER at term 6 for DISCOVERED_A_NEW_TERM
2019-08-23 02:50:19,775 [e824def4-fdb0-4d06-a3a6-273d371b8d7d:group-A52EBC6CCB0C:LeaderElection101] INFO  impl.RoleInfo (RoleInfo.java:shutdownLeaderElection(134)) - e824def4-fdb0-4d06-a3a6-273d371b8d7d: shutdown LeaderElection
2019-08-23 02:50:19,775 [15fd999f-62be-4877-833a-993ce600606a:group-A52EBC6CCB0C:LeaderElection102] INFO  impl.LeaderElection (LeaderElection.java:logAndReturn(56)) - 15fd999f-62be-4877-833a-993ce600606a:group-A52EBC6CCB0C:LeaderElection102: Election REJECTED; received 2 response(s) [15fd999f-62be-4877-833a-993ce600606a<-674baee6-143c-441e-9e30-0d895b06f838#0:FAIL-t6, 15fd999f-62be-4877-833a-993ce600606a<-e824def4-fdb0-4d06-a3a6-273d371b8d7d#0:FAIL-t6] and 0 exception(s); 15fd999f-62be-4877-833a-993ce600606a:t6, leader=null, voted=15fd999f-62be-4877-833a-993ce600606a, raftlog=15fd999f-62be-4877-833a-993ce600606a-SegmentedRaftLog:OPENED:c-1,f-1,i0, conf=-1: [15fd999f-62be-4877-833a-993ce600606a:192.168.36.77:35226, 674baee6-143c-441e-9e30-0d895b06f838:192.168.36.77:39798, e824def4-fdb0-4d06-a3a6-273d371b8d7d:192.168.36.77:38058], old=null
2019-08-23 02:50:19,776 [e824def4-fdb0-4d06-a3a6-273d371b8d7d:group-A52EBC6CCB0C:LeaderElection101] INFO  impl.RoleInfo (RoleInfo.java:updateAndGet(143)) - e824def4-fdb0-4d06-a3a6-273d371b8d7d: start FollowerState
2019-08-23 02:50:19,776 [15fd999f-62be-4877-833a-993ce600606a:group-A52EBC6CCB0C:LeaderElection102] INFO  impl.RaftServerImpl (RaftServerImpl.java:setRole(171)) - 15fd999f-62be-4877-833a-993ce600606a:group-A52EBC6CCB0C changes role from CANDIDATE to FOLLOWER at term 6 for DISCOVERED_A_NEW_TERM
2019-08-23 02:50:19,776 [50e43da2-e7e0-478c-b7e8-9638b0c061cc:group-F61A263991FE:LeaderElection98] INFO  impl.LeaderElection (LeaderElection.java:logAndReturn(56)) - 50e43da2-e7e0-478c-b7e8-9638b0c061cc:group-F61A263991FE:LeaderElection98: Election REJECTED; received 2 response(s) [50e43da2-e7e0-478c-b7e8-9638b0c061cc<-004b6b6e-41ce-4475-9f2f-481aedf9c953#0:FAIL-t6, 50e43da2-e7e0-478c-b7e8-9638b0c061cc<-6e366328-a21a-42d1-a497-c25b5c1bc291#0:FAIL-t6] and 0 exception(s); 50e43da2-e7e0-478c-b7e8-9638b0c061cc:t6, leader=null, voted=50e43da2-e7e0-478c-b7e8-9638b0c061cc, raftlog=50e43da2-e7e0-478c-b7e8-9638b0c061cc-SegmentedRaftLog:OPENED:c-1,f-1,i0, conf=-1: [004b6b6e-41ce-4475-9f2f-481aedf9c953:192.168.36.77:45065, 50e43da2-e7e0-478c-b7e8-9638b0c061cc:192.168.36.77:45690, 6e366328-a21a-42d1-a497-c25b5c1bc291:192.168.36.77:39747], old=null
2019-08-23 02:50:19,776 [15fd999f-62be-4877-833a-993ce600606a:group-A52EBC6CCB0C:LeaderElection102] INFO  impl.RoleInfo (RoleInfo.java:shutdownLeaderElection(134)) - 15fd999f-62be-4877-833a-993ce600606a: shutdown LeaderElection
2019-08-23 02:50:19,776 [50e43da2-e7e0-478c-b7e8-9638b0c061cc:group-F61A263991FE:LeaderElection98] INFO  impl.RaftServerImpl (RaftServerImpl.java:setRole(171)) - 50e43da2-e7e0-478c-b7e8-9638b0c061cc:group-F61A263991FE changes role from CANDIDATE to FOLLOWER at term 6 for DISCOVERED_A_NEW_TERM
2019-08-23 02:50:19,776 [15fd999f-62be-4877-833a-993ce600606a:group-A52EBC6CCB0C:LeaderElection102] INFO  impl.RoleInfo (RoleInfo.java:updateAndGet(143)) - 15fd999f-62be-4877-833a-993ce600606a: start FollowerState
2019-08-23 02:50:19,777 [50e43da2-e7e0-478c-b7e8-9638b0c061cc:group-F61A263991FE:LeaderElection98] INFO  impl.RoleInfo (RoleInfo.java:shutdownLeaderElection(134)) - 50e43da2-e7e0-478c-b7e8-9638b0c061cc: shutdown LeaderElection
2019-08-23 02:50:19,777 [50e43da2-e7e0-478c-b7e8-9638b0c061cc:group-F61A263991FE:LeaderElection98] INFO  impl.RoleInfo (RoleInfo.java:updateAndGet(143)) - 50e43da2-e7e0-478c-b7e8-9638b0c061cc: start FollowerState
2019-08-23 02:50:19,816 | INFO  | SCMAudit | user=jenkins1000 | ip=192.168.36.77 | op=SEND_HEARTBEAT {datanodeUUID=7fac1d6a-2836-41bb-912e-0cc81c617797, command=[]} | ret=SUCCESS |  
2019-08-23 02:50:20,016 | INFO  | SCMAudit | user=jenkins1000 | ip=192.168.36.77 | op=SEND_HEARTBEAT {datanodeUUID=5c5e51ce-aa4b-45fa-b548-3aebeb03959c, command=[]} | ret=SUCCESS |  
2019-08-23 02:50:20,016 | INFO  | SCMAudit | user=jenkins1000 | ip=192.168.36.77 | op=SEND_HEARTBEAT {datanodeUUID=15fd999f-62be-4877-833a-993ce600606a, command=[]} | ret=SUCCESS |  
2019-08-23 02:50:20,045 | INFO  | SCMAudit | user=jenkins1000 | ip=192.168.36.77 | op=SEND_HEARTBEAT {datanodeUUID=36d2002e-42fa-435d-a060-c1875d20dd5b, command=[]} | ret=SUCCESS |  
2019-08-23 02:50:20,115 | INFO  | SCMAudit | user=jenkins1000 | ip=192.168.36.77 | op=SEND_HEARTBEAT {datanodeUUID=ecd3787f-2b30-4c06-af2c-0a727538b2a6, command=[]} | ret=SUCCESS |  
2019-08-23 02:50:20,142 | INFO  | SCMAudit | user=jenkins1000 | ip=192.168.36.77 | op=SEND_HEARTBEAT {datanodeUUID=e824def4-fdb0-4d06-a3a6-273d371b8d7d, command=[]} | ret=SUCCESS |  
2019-08-23 02:50:20,145 | INFO  | SCMAudit | user=jenkins1000 | ip=192.168.36.77 | op=SEND_HEARTBEAT {datanodeUUID=004b6b6e-41ce-4475-9f2f-481aedf9c953, command=[]} | ret=SUCCESS |  
2019-08-23 02:50:20,268 [Thread-2391] INFO  impl.FollowerState (FollowerState.java:run(106)) - ecd3787f-2b30-4c06-af2c-0a727538b2a6:group-BCE5799F593A changes to CANDIDATE, lastRpcTime:5056, electionTimeout:5056ms
2019-08-23 02:50:20,268 [Thread-2391] INFO  impl.RoleInfo (RoleInfo.java:shutdownFollowerState(121)) - ecd3787f-2b30-4c06-af2c-0a727538b2a6: shutdown FollowerState
2019-08-23 02:50:20,268 [Thread-2391] INFO  impl.RaftServerImpl (RaftServerImpl.java:setRole(171)) - ecd3787f-2b30-4c06-af2c-0a727538b2a6:group-BCE5799F593A changes role from FOLLOWER to CANDIDATE at term 0 for changeToCandidate
2019-08-23 02:50:20,268 [Thread-2391] INFO  impl.RoleInfo (RoleInfo.java:updateAndGet(143)) - ecd3787f-2b30-4c06-af2c-0a727538b2a6: start LeaderElection
2019-08-23 02:50:20,290 | INFO  | SCMAudit | user=jenkins1000 | ip=192.168.36.77 | op=SEND_HEARTBEAT {datanodeUUID=4e26a0b2-e9f6-4006-875a-ebcdd6a63049, command=[]} | ret=SUCCESS |  
2019-08-23 02:50:20,350 | INFO  | SCMAudit | user=jenkins1000 | ip=192.168.36.77 | op=SEND_HEARTBEAT {datanodeUUID=50e43da2-e7e0-478c-b7e8-9638b0c061cc, command=[]} | ret=SUCCESS |  
2019-08-23 02:50:20,357 | INFO  | SCMAudit | user=jenkins1000 | ip=192.168.36.77 | op=SEND_HEARTBEAT {datanodeUUID=10c22d4b-82dd-4f6e-83af-e52ab1885d9d, command=[]} | ret=SUCCESS |  
2019-08-23 02:50:20,531 | INFO  | SCMAudit | user=jenkins1000 | ip=192.168.36.77 | op=SEND_HEARTBEAT {datanodeUUID=674baee6-143c-441e-9e30-0d895b06f838, command=[]} | ret=SUCCESS |  
2019-08-23 02:50:20,532 | INFO  | SCMAudit | user=jenkins1000 | ip=192.168.36.77 | op=SEND_HEARTBEAT {datanodeUUID=5a5db0ee-9a70-437e-b34f-780f5bc0d289, command=[]} | ret=SUCCESS |  
2019-08-23 02:50:20,583 | INFO  | SCMAudit | user=jenkins1000 | ip=192.168.36.77 | op=SEND_HEARTBEAT {datanodeUUID=7d1d5090-b1ef-4680-bded-086545998ddd, command=[]} | ret=SUCCESS |  
2019-08-23 02:50:20,597 [Thread-2394] INFO  impl.FollowerState (FollowerState.java:run(106)) - 10c22d4b-82dd-4f6e-83af-e52ab1885d9d:group-E0668A1E3231 changes to CANDIDATE, lastRpcTime:5166, electionTimeout:5166ms
2019-08-23 02:50:20,597 [Thread-2394] INFO  impl.RoleInfo (RoleInfo.java:shutdownFollowerState(121)) - 10c22d4b-82dd-4f6e-83af-e52ab1885d9d: shutdown FollowerState
2019-08-23 02:50:20,597 [Thread-2394] INFO  impl.RaftServerImpl (RaftServerImpl.java:setRole(171)) - 10c22d4b-82dd-4f6e-83af-e52ab1885d9d:group-E0668A1E3231 changes role from FOLLOWER to CANDIDATE at term 0 for changeToCandidate
2019-08-23 02:50:20,598 [Thread-2394] INFO  impl.RoleInfo (RoleInfo.java:updateAndGet(143)) - 10c22d4b-82dd-4f6e-83af-e52ab1885d9d: start LeaderElection
2019-08-23 02:50:20,670 [Thread-2397] INFO  impl.FollowerState (FollowerState.java:run(106)) - 7d1d5090-b1ef-4680-bded-086545998ddd:group-5B7E582016EB changes to CANDIDATE, lastRpcTime:5022, electionTimeout:5022ms
2019-08-23 02:50:20,671 [Thread-2397] INFO  impl.RoleInfo (RoleInfo.java:shutdownFollowerState(121)) - 7d1d5090-b1ef-4680-bded-086545998ddd: shutdown FollowerState
2019-08-23 02:50:20,671 [Thread-2397] INFO  impl.RaftServerImpl (RaftServerImpl.java:setRole(171)) - 7d1d5090-b1ef-4680-bded-086545998ddd:group-5B7E582016EB changes role from FOLLOWER to CANDIDATE at term 0 for changeToCandidate
2019-08-23 02:50:20,671 [Thread-2397] INFO  impl.RoleInfo (RoleInfo.java:updateAndGet(143)) - 7d1d5090-b1ef-4680-bded-086545998ddd: start LeaderElection
2019-08-23 02:50:20,692 [grpc-default-executor-2] INFO  client.GrpcClientProtocolClient (GrpcClientProtocolClient.java:onNext(255)) - client-0DF4BF829A7E->10c22d4b-82dd-4f6e-83af-e52ab1885d9d: receive RaftClientReply:client-0DF4BF829A7E->10c22d4b-82dd-4f6e-83af-e52ab1885d9d@group-0DF14E4B3894, cid=94, FAILED org.apache.ratis.protocol.NotLeaderException: Server 10c22d4b-82dd-4f6e-83af-e52ab1885d9d is not the leader (null). Request must be sent to leader., logIndex=0, commits[10c22d4b-82dd-4f6e-83af-e52ab1885d9d:c-1]
2019-08-23 02:50:20,745 | INFO  | SCMAudit | user=jenkins1000 | ip=192.168.36.77 | op=SEND_HEARTBEAT {datanodeUUID=6e366328-a21a-42d1-a497-c25b5c1bc291, command=[]} | ret=SUCCESS |  
2019-08-23 02:50:20,800 [Thread-2406] INFO  impl.FollowerState (FollowerState.java:run(106)) - 10c22d4b-82dd-4f6e-83af-e52ab1885d9d:group-0DF14E4B3894 changes to CANDIDATE, lastRpcTime:5033, electionTimeout:5033ms
2019-08-23 02:50:20,800 [Thread-2406] INFO  impl.RoleInfo (RoleInfo.java:shutdownFollowerState(121)) - 10c22d4b-82dd-4f6e-83af-e52ab1885d9d: shutdown FollowerState
2019-08-23 02:50:20,800 [Thread-2406] INFO  impl.RaftServerImpl (RaftServerImpl.java:setRole(171)) - 10c22d4b-82dd-4f6e-83af-e52ab1885d9d:group-0DF14E4B3894 changes role from FOLLOWER to CANDIDATE at term 0 for changeToCandidate
2019-08-23 02:50:20,801 [Thread-2406] INFO  impl.RoleInfo (RoleInfo.java:updateAndGet(143)) - 10c22d4b-82dd-4f6e-83af-e52ab1885d9d: start LeaderElection
2019-08-23 02:50:20,815 | INFO  | SCMAudit | user=jenkins1000 | ip=192.168.36.77 | op=SEND_HEARTBEAT {datanodeUUID=7fac1d6a-2836-41bb-912e-0cc81c617797, command=[]} | ret=SUCCESS |  
2019-08-23 02:50:20,830 [Thread-2403] INFO  impl.FollowerState (FollowerState.java:run(106)) - 7d1d5090-b1ef-4680-bded-086545998ddd:group-0DF14E4B3894 changes to CANDIDATE, lastRpcTime:5064, electionTimeout:5064ms
2019-08-23 02:50:20,830 [Thread-2403] INFO  impl.RoleInfo (RoleInfo.java:shutdownFollowerState(121)) - 7d1d5090-b1ef-4680-bded-086545998ddd: shutdown FollowerState
2019-08-23 02:50:20,830 [Thread-2403] INFO  impl.RaftServerImpl (RaftServerImpl.java:setRole(171)) - 7d1d5090-b1ef-4680-bded-086545998ddd:group-0DF14E4B3894 changes role from FOLLOWER to CANDIDATE at term 0 for changeToCandidate
2019-08-23 02:50:20,830 [Thread-2403] INFO  impl.RoleInfo (RoleInfo.java:updateAndGet(143)) - 7d1d5090-b1ef-4680-bded-086545998ddd: start LeaderElection
2019-08-23 02:50:20,856 [Thread-2400] INFO  impl.FollowerState (FollowerState.java:run(106)) - ecd3787f-2b30-4c06-af2c-0a727538b2a6:group-0DF14E4B3894 changes to CANDIDATE, lastRpcTime:5093, electionTimeout:5093ms
2019-08-23 02:50:20,856 [Thread-2400] INFO  impl.RoleInfo (RoleInfo.java:shutdownFollowerState(121)) - ecd3787f-2b30-4c06-af2c-0a727538b2a6: shutdown FollowerState
2019-08-23 02:50:20,856 [Thread-2400] INFO  impl.RaftServerImpl (RaftServerImpl.java:setRole(171)) - ecd3787f-2b30-4c06-af2c-0a727538b2a6:group-0DF14E4B3894 changes role from FOLLOWER to CANDIDATE at term 0 for changeToCandidate
2019-08-23 02:50:20,857 [Thread-2400] INFO  impl.RoleInfo (RoleInfo.java:updateAndGet(143)) - ecd3787f-2b30-4c06-af2c-0a727538b2a6: start LeaderElection
2019-08-23 02:50:21,015 | INFO  | SCMAudit | user=jenkins1000 | ip=192.168.36.77 | op=SEND_HEARTBEAT {datanodeUUID=5c5e51ce-aa4b-45fa-b548-3aebeb03959c, command=[]} | ret=SUCCESS |  
2019-08-23 02:50:21,016 | INFO  | SCMAudit | user=jenkins1000 | ip=192.168.36.77 | op=SEND_HEARTBEAT {datanodeUUID=15fd999f-62be-4877-833a-993ce600606a, command=[]} | ret=SUCCESS |  
2019-08-23 02:50:21,044 [ecd3787f-2b30-4c06-af2c-0a727538b2a6:group-BCE5799F593A:LeaderElection104] INFO  impl.LeaderElection (LeaderElection.java:askForVotes(181)) - ecd3787f-2b30-4c06-af2c-0a727538b2a6:group-BCE5799F593A:LeaderElection104: begin an election at term 1 for -1: [ecd3787f-2b30-4c06-af2c-0a727538b2a6:192.168.36.77:44934], old=null
2019-08-23 02:50:21,044 [7d1d5090-b1ef-4680-bded-086545998ddd:group-5B7E582016EB:LeaderElection106] INFO  impl.LeaderElection (LeaderElection.java:askForVotes(181)) - 7d1d5090-b1ef-4680-bded-086545998ddd:group-5B7E582016EB:LeaderElection106: begin an election at term 1 for -1: [7d1d5090-b1ef-4680-bded-086545998ddd:192.168.36.77:46604], old=null
2019-08-23 02:50:21,044 [10c22d4b-82dd-4f6e-83af-e52ab1885d9d:group-E0668A1E3231:LeaderElection105] INFO  impl.LeaderElection (LeaderElection.java:askForVotes(181)) - 10c22d4b-82dd-4f6e-83af-e52ab1885d9d:group-E0668A1E3231:LeaderElection105: begin an election at term 1 for -1: [10c22d4b-82dd-4f6e-83af-e52ab1885d9d:192.168.36.77:34854], old=null
2019-08-23 02:50:21,044 [7d1d5090-b1ef-4680-bded-086545998ddd:group-5B7E582016EB:LeaderElection106] INFO  impl.RoleInfo (RoleInfo.java:shutdownLeaderElection(134)) - 7d1d5090-b1ef-4680-bded-086545998ddd: shutdown LeaderElection
2019-08-23 02:50:21,044 [ecd3787f-2b30-4c06-af2c-0a727538b2a6:group-BCE5799F593A:LeaderElection104] INFO  impl.RoleInfo (RoleInfo.java:shutdownLeaderElection(134)) - ecd3787f-2b30-4c06-af2c-0a727538b2a6: shutdown LeaderElection
2019-08-23 02:50:21,044 [7d1d5090-b1ef-4680-bded-086545998ddd:group-5B7E582016EB:LeaderElection106] INFO  impl.RaftServerImpl (RaftServerImpl.java:setRole(171)) - 7d1d5090-b1ef-4680-bded-086545998ddd:group-5B7E582016EB changes role from CANDIDATE to LEADER at term 1 for changeToLeader
2019-08-23 02:50:21,044 [10c22d4b-82dd-4f6e-83af-e52ab1885d9d:group-E0668A1E3231:LeaderElection105] INFO  impl.RoleInfo (RoleInfo.java:shutdownLeaderElection(134)) - 10c22d4b-82dd-4f6e-83af-e52ab1885d9d: shutdown LeaderElection
2019-08-23 02:50:21,045 [7d1d5090-b1ef-4680-bded-086545998ddd:group-5B7E582016EB:LeaderElection106] INFO  impl.RaftServerImpl (ServerState.java:setLeader(263)) - 7d1d5090-b1ef-4680-bded-086545998ddd:group-5B7E582016EB change Leader from null to 7d1d5090-b1ef-4680-bded-086545998ddd at term 1 for becomeLeader, leader elected after 5399ms
2019-08-23 02:50:21,045 [ecd3787f-2b30-4c06-af2c-0a727538b2a6:group-BCE5799F593A:LeaderElection104] INFO  impl.RaftServerImpl (RaftServerImpl.java:setRole(171)) - ecd3787f-2b30-4c06-af2c-0a727538b2a6:group-BCE5799F593A changes role from CANDIDATE to LEADER at term 1 for changeToLeader
2019-08-23 02:50:21,045 [10c22d4b-82dd-4f6e-83af-e52ab1885d9d:group-E0668A1E3231:LeaderElection105] INFO  impl.RaftServerImpl (RaftServerImpl.java:setRole(171)) - 10c22d4b-82dd-4f6e-83af-e52ab1885d9d:group-E0668A1E3231 changes role from CANDIDATE to LEADER at term 1 for changeToLeader
2019-08-23 02:50:21,045 [7d1d5090-b1ef-4680-bded-086545998ddd:group-5B7E582016EB:LeaderElection106] INFO  server.RaftServerConfigKeys (ConfUtils.java:logGet(43)) - raft.server.staging.catchup.gap = 1000 (default)
2019-08-23 02:50:21,045 [ecd3787f-2b30-4c06-af2c-0a727538b2a6:group-BCE5799F593A:LeaderElection104] INFO  impl.RaftServerImpl (ServerState.java:setLeader(263)) - ecd3787f-2b30-4c06-af2c-0a727538b2a6:group-BCE5799F593A change Leader from null to ecd3787f-2b30-4c06-af2c-0a727538b2a6 at term 1 for becomeLeader, leader elected after 5837ms
2019-08-23 02:50:21,045 [7d1d5090-b1ef-4680-bded-086545998ddd:group-5B7E582016EB:LeaderElection106] INFO  server.RaftServerConfigKeys (ConfUtils.java:logGet(43)) - raft.server.rpc.sleep.time = 25ms (default)
2019-08-23 02:50:21,045 [10c22d4b-82dd-4f6e-83af-e52ab1885d9d:group-E0668A1E3231:LeaderElection105] INFO  impl.RaftServerImpl (ServerState.java:setLeader(263)) - 10c22d4b-82dd-4f6e-83af-e52ab1885d9d:group-E0668A1E3231 change Leader from null to 10c22d4b-82dd-4f6e-83af-e52ab1885d9d at term 1 for becomeLeader, leader elected after 5619ms
2019-08-23 02:50:21,045 [7d1d5090-b1ef-4680-bded-086545998ddd:group-5B7E582016EB:LeaderElection106] INFO  server.RaftServerConfigKeys (ConfUtils.java:logGet(43)) - raft.server.write.element-limit = 4096 (default)
2019-08-23 02:50:21,045 | INFO  | SCMAudit | user=jenkins1000 | ip=192.168.36.77 | op=SEND_HEARTBEAT {datanodeUUID=36d2002e-42fa-435d-a060-c1875d20dd5b, command=[]} | ret=SUCCESS |  
2019-08-23 02:50:21,045 [ecd3787f-2b30-4c06-af2c-0a727538b2a6:group-BCE5799F593A:LeaderElection104] INFO  server.RaftServerConfigKeys (ConfUtils.java:logGet(43)) - raft.server.staging.catchup.gap = 1000 (default)
2019-08-23 02:50:21,045 [7d1d5090-b1ef-4680-bded-086545998ddd:group-5B7E582016EB:LeaderElection106] INFO  server.RaftServerConfigKeys (ConfUtils.java:logGet(43)) - raft.server.watch.timeout = 10s (default)
2019-08-23 02:50:21,045 [10c22d4b-82dd-4f6e-83af-e52ab1885d9d:group-E0668A1E3231:LeaderElection105] INFO  server.RaftServerConfigKeys (ConfUtils.java:logGet(43)) - raft.server.staging.catchup.gap = 1000 (default)
2019-08-23 02:50:21,046 [7d1d5090-b1ef-4680-bded-086545998ddd:group-5B7E582016EB:LeaderElection106] INFO  server.RaftServerConfigKeys (ConfUtils.java:logGet(43)) - raft.server.watch.timeout.denomination = 1s (default)
2019-08-23 02:50:21,045 [ecd3787f-2b30-4c06-af2c-0a727538b2a6:group-BCE5799F593A:LeaderElection104] INFO  server.RaftServerConfigKeys (ConfUtils.java:logGet(43)) - raft.server.rpc.sleep.time = 25ms (default)
2019-08-23 02:50:21,046 [7d1d5090-b1ef-4680-bded-086545998ddd:group-5B7E582016EB:LeaderElection106] INFO  server.RaftServerConfigKeys (ConfUtils.java:logGet(43)) - raft.server.watch.element-limit = 65536 (default)
2019-08-23 02:50:21,046 [10c22d4b-82dd-4f6e-83af-e52ab1885d9d:group-E0668A1E3231:LeaderElection105] INFO  server.RaftServerConfigKeys (ConfUtils.java:logGet(43)) - raft.server.rpc.sleep.time = 25ms (default)
2019-08-23 02:50:21,046 [ecd3787f-2b30-4c06-af2c-0a727538b2a6:group-BCE5799F593A:LeaderElection104] INFO  server.RaftServerConfigKeys (ConfUtils.java:logGet(43)) - raft.server.write.element-limit = 4096 (default)
2019-08-23 02:50:21,046 [10c22d4b-82dd-4f6e-83af-e52ab1885d9d:group-E0668A1E3231:LeaderElection105] INFO  server.RaftServerConfigKeys (ConfUtils.java:logGet(43)) - raft.server.write.element-limit = 4096 (default)
2019-08-23 02:50:21,046 [7d1d5090-b1ef-4680-bded-086545998ddd:group-5B7E582016EB:LeaderElection106] INFO  impl.RoleInfo (RoleInfo.java:updateAndGet(143)) - 7d1d5090-b1ef-4680-bded-086545998ddd: start LeaderState
2019-08-23 02:50:21,046 [10c22d4b-82dd-4f6e-83af-e52ab1885d9d:group-E0668A1E3231:LeaderElection105] INFO  server.RaftServerConfigKeys (ConfUtils.java:logGet(43)) - raft.server.watch.timeout = 10s (default)
2019-08-23 02:50:21,046 [ecd3787f-2b30-4c06-af2c-0a727538b2a6:group-BCE5799F593A:LeaderElection104] INFO  server.RaftServerConfigKeys (ConfUtils.java:logGet(43)) - raft.server.watch.timeout = 10s (default)
2019-08-23 02:50:21,046 [10c22d4b-82dd-4f6e-83af-e52ab1885d9d:group-E0668A1E3231:LeaderElection105] INFO  server.RaftServerConfigKeys (ConfUtils.java:logGet(43)) - raft.server.watch.timeout.denomination = 1s (default)
2019-08-23 02:50:21,047 [7d1d5090-b1ef-4680-bded-086545998ddd:group-5B7E582016EB:LeaderElection106] INFO  segmented.SegmentedRaftLogWorker (SegmentedRaftLogWorker.java:startLogSegment(380)) - 7d1d5090-b1ef-4680-bded-086545998ddd-SegmentedRaftLogWorker:Storage Directory /workdir/hadoop-ozone/integration-test/target/test-dir/MiniOzoneClusterImpl-ddc7a5e3-92e7-4869-8d12-20395c099e28/datanode-2/data/ratis/382a10b4-acf2-4cdc-911a-5b7e582016eb: Starting segment from index:0
2019-08-23 02:50:21,046 [ecd3787f-2b30-4c06-af2c-0a727538b2a6:group-BCE5799F593A:LeaderElection104] INFO  server.RaftServerConfigKeys (ConfUtils.java:logGet(43)) - raft.server.watch.timeout.denomination = 1s (default)
2019-08-23 02:50:21,047 [10c22d4b-82dd-4f6e-83af-e52ab1885d9d:group-E0668A1E3231:LeaderElection105] INFO  server.RaftServerConfigKeys (ConfUtils.java:logGet(43)) - raft.server.watch.element-limit = 65536 (default)
2019-08-23 02:50:21,047 [ecd3787f-2b30-4c06-af2c-0a727538b2a6:group-BCE5799F593A:LeaderElection104] INFO  server.RaftServerConfigKeys (ConfUtils.java:logGet(43)) - raft.server.watch.element-limit = 65536 (default)
2019-08-23 02:50:21,047 [10c22d4b-82dd-4f6e-83af-e52ab1885d9d:group-E0668A1E3231:LeaderElection105] INFO  impl.RoleInfo (RoleInfo.java:updateAndGet(143)) - 10c22d4b-82dd-4f6e-83af-e52ab1885d9d: start LeaderState
2019-08-23 02:50:21,047 [ecd3787f-2b30-4c06-af2c-0a727538b2a6:group-BCE5799F593A:LeaderElection104] INFO  impl.RoleInfo (RoleInfo.java:updateAndGet(143)) - ecd3787f-2b30-4c06-af2c-0a727538b2a6: start LeaderState
2019-08-23 02:50:21,047 [7d1d5090-b1ef-4680-bded-086545998ddd:group-5B7E582016EB:LeaderElection106] INFO  impl.RaftServerImpl (ServerState.java:setRaftConf(361)) - 7d1d5090-b1ef-4680-bded-086545998ddd:group-5B7E582016EB set configuration 0: [7d1d5090-b1ef-4680-bded-086545998ddd:192.168.36.77:46604], old=null at 0
2019-08-23 02:50:21,047 [10c22d4b-82dd-4f6e-83af-e52ab1885d9d:group-E0668A1E3231:LeaderElection105] INFO  segmented.SegmentedRaftLogWorker (SegmentedRaftLogWorker.java:startLogSegment(380)) - 10c22d4b-82dd-4f6e-83af-e52ab1885d9d-SegmentedRaftLogWorker:Storage Directory /workdir/hadoop-ozone/integration-test/target/test-dir/MiniOzoneClusterImpl-ddc7a5e3-92e7-4869-8d12-20395c099e28/datanode-1/data/ratis/c5acbb34-3313-4431-a1d2-e0668a1e3231: Starting segment from index:0
2019-08-23 02:50:21,047 [ecd3787f-2b30-4c06-af2c-0a727538b2a6:group-BCE5799F593A:LeaderElection104] INFO  segmented.SegmentedRaftLogWorker (SegmentedRaftLogWorker.java:startLogSegment(380)) - ecd3787f-2b30-4c06-af2c-0a727538b2a6-SegmentedRaftLogWorker:Storage Directory /workdir/hadoop-ozone/integration-test/target/test-dir/MiniOzoneClusterImpl-ddc7a5e3-92e7-4869-8d12-20395c099e28/datanode-0/data/ratis/58b0469e-5748-42d0-93ab-bce5799f593a: Starting segment from index:0
2019-08-23 02:50:21,048 [10c22d4b-82dd-4f6e-83af-e52ab1885d9d:group-E0668A1E3231:LeaderElection105] INFO  impl.RaftServerImpl (ServerState.java:setRaftConf(361)) - 10c22d4b-82dd-4f6e-83af-e52ab1885d9d:group-E0668A1E3231 set configuration 0: [10c22d4b-82dd-4f6e-83af-e52ab1885d9d:192.168.36.77:34854], old=null at 0
2019-08-23 02:50:21,048 [ecd3787f-2b30-4c06-af2c-0a727538b2a6:group-BCE5799F593A:LeaderElection104] INFO  impl.RaftServerImpl (ServerState.java:setRaftConf(361)) - ecd3787f-2b30-4c06-af2c-0a727538b2a6:group-BCE5799F593A set configuration 0: [ecd3787f-2b30-4c06-af2c-0a727538b2a6:192.168.36.77:44934], old=null at 0
2019-08-23 02:50:21,062 [Thread-2409] INFO  impl.FollowerState (FollowerState.java:run(106)) - 7fac1d6a-2836-41bb-912e-0cc81c617797:group-CCB9347A859E changes to CANDIDATE, lastRpcTime:5142, electionTimeout:5141ms
2019-08-23 02:50:21,062 [Thread-2409] INFO  impl.RoleInfo (RoleInfo.java:shutdownFollowerState(121)) - 7fac1d6a-2836-41bb-912e-0cc81c617797: shutdown FollowerState
2019-08-23 02:50:21,063 [Thread-2409] INFO  impl.RaftServerImpl (RaftServerImpl.java:setRole(171)) - 7fac1d6a-2836-41bb-912e-0cc81c617797:group-CCB9347A859E changes role from FOLLOWER to CANDIDATE at term 0 for changeToCandidate
2019-08-23 02:50:21,063 [Thread-2409] INFO  impl.RoleInfo (RoleInfo.java:updateAndGet(143)) - 7fac1d6a-2836-41bb-912e-0cc81c617797: start LeaderElection
2019-08-23 02:50:21,115 | INFO  | SCMAudit | user=jenkins1000 | ip=192.168.36.77 | op=SEND_HEARTBEAT {datanodeUUID=ecd3787f-2b30-4c06-af2c-0a727538b2a6, command=[]} | ret=SUCCESS |  
2019-08-23 02:50:21,142 | INFO  | SCMAudit | user=jenkins1000 | ip=192.168.36.77 | op=SEND_HEARTBEAT {datanodeUUID=e824def4-fdb0-4d06-a3a6-273d371b8d7d, command=[]} | ret=SUCCESS |  
2019-08-23 02:50:21,145 | INFO  | SCMAudit | user=jenkins1000 | ip=192.168.36.77 | op=SEND_HEARTBEAT {datanodeUUID=004b6b6e-41ce-4475-9f2f-481aedf9c953, command=[]} | ret=SUCCESS |  
2019-08-23 02:50:21,287 [Thread-2412] INFO  impl.FollowerState (FollowerState.java:run(106)) - 36d2002e-42fa-435d-a060-c1875d20dd5b:group-EA3EE302631A changes to CANDIDATE, lastRpcTime:5141, electionTimeout:5141ms
2019-08-23 02:50:21,287 [Thread-2412] INFO  impl.RoleInfo (RoleInfo.java:shutdownFollowerState(121)) - 36d2002e-42fa-435d-a060-c1875d20dd5b: shutdown FollowerState
2019-08-23 02:50:21,288 [Thread-2412] INFO  impl.RaftServerImpl (RaftServerImpl.java:setRole(171)) - 36d2002e-42fa-435d-a060-c1875d20dd5b:group-EA3EE302631A changes role from FOLLOWER to CANDIDATE at term 0 for changeToCandidate
2019-08-23 02:50:21,288 [Thread-2412] INFO  impl.RoleInfo (RoleInfo.java:updateAndGet(143)) - 36d2002e-42fa-435d-a060-c1875d20dd5b: start LeaderElection
2019-08-23 02:50:21,298 [7d1d5090-b1ef-4680-bded-086545998ddd:group-0DF14E4B3894:LeaderElection108] INFO  impl.LeaderElection (LeaderElection.java:askForVotes(181)) - 7d1d5090-b1ef-4680-bded-086545998ddd:group-0DF14E4B3894:LeaderElection108: begin an election at term 1 for -1: [ecd3787f-2b30-4c06-af2c-0a727538b2a6:192.168.36.77:44934, 10c22d4b-82dd-4f6e-83af-e52ab1885d9d:192.168.36.77:34854, 7d1d5090-b1ef-4680-bded-086545998ddd:192.168.36.77:46604], old=null
2019-08-23 02:50:21,298 [ecd3787f-2b30-4c06-af2c-0a727538b2a6:group-0DF14E4B3894:LeaderElection109] INFO  impl.LeaderElection (LeaderElection.java:askForVotes(181)) - ecd3787f-2b30-4c06-af2c-0a727538b2a6:group-0DF14E4B3894:LeaderElection109: begin an election at term 1 for -1: [ecd3787f-2b30-4c06-af2c-0a727538b2a6:192.168.36.77:44934, 10c22d4b-82dd-4f6e-83af-e52ab1885d9d:192.168.36.77:34854, 7d1d5090-b1ef-4680-bded-086545998ddd:192.168.36.77:46604], old=null
2019-08-23 02:50:21,298 [10c22d4b-82dd-4f6e-83af-e52ab1885d9d:group-0DF14E4B3894:LeaderElection107] INFO  impl.LeaderElection (LeaderElection.java:askForVotes(181)) - 10c22d4b-82dd-4f6e-83af-e52ab1885d9d:group-0DF14E4B3894:LeaderElection107: begin an election at term 1 for -1: [ecd3787f-2b30-4c06-af2c-0a727538b2a6:192.168.36.77:44934, 10c22d4b-82dd-4f6e-83af-e52ab1885d9d:192.168.36.77:34854, 7d1d5090-b1ef-4680-bded-086545998ddd:192.168.36.77:46604], old=null
2019-08-23 02:50:21,298 | INFO  | SCMAudit | user=jenkins1000 | ip=192.168.36.77 | op=SEND_HEARTBEAT {datanodeUUID=4e26a0b2-e9f6-4006-875a-ebcdd6a63049, command=[]} | ret=SUCCESS |  
2019-08-23 02:50:21,308 [7d1d5090-b1ef-4680-bded-086545998ddd:group-0DF14E4B3894:LeaderElection108] INFO  impl.LeaderElection (LeaderElection.java:logAndReturn(56)) - 7d1d5090-b1ef-4680-bded-086545998ddd:group-0DF14E4B3894:LeaderElection108: Election REJECTED; received 2 response(s) [7d1d5090-b1ef-4680-bded-086545998ddd<-ecd3787f-2b30-4c06-af2c-0a727538b2a6#0:FAIL-t1, 7d1d5090-b1ef-4680-bded-086545998ddd<-10c22d4b-82dd-4f6e-83af-e52ab1885d9d#0:FAIL-t1] and 0 exception(s); 7d1d5090-b1ef-4680-bded-086545998ddd:t1, leader=null, voted=7d1d5090-b1ef-4680-bded-086545998ddd, raftlog=7d1d5090-b1ef-4680-bded-086545998ddd-SegmentedRaftLog:OPENED:c-1,f-1,i0, conf=-1: [ecd3787f-2b30-4c06-af2c-0a727538b2a6:192.168.36.77:44934, 10c22d4b-82dd-4f6e-83af-e52ab1885d9d:192.168.36.77:34854, 7d1d5090-b1ef-4680-bded-086545998ddd:192.168.36.77:46604], old=null
2019-08-23 02:50:21,308 [7d1d5090-b1ef-4680-bded-086545998ddd:group-0DF14E4B3894:LeaderElection108] INFO  impl.RaftServerImpl (RaftServerImpl.java:setRole(171)) - 7d1d5090-b1ef-4680-bded-086545998ddd:group-0DF14E4B3894 changes role from CANDIDATE to FOLLOWER at term 1 for DISCOVERED_A_NEW_TERM
2019-08-23 02:50:21,308 [7d1d5090-b1ef-4680-bded-086545998ddd:group-0DF14E4B3894:LeaderElection108] INFO  impl.RoleInfo (RoleInfo.java:shutdownLeaderElection(134)) - 7d1d5090-b1ef-4680-bded-086545998ddd: shutdown LeaderElection
2019-08-23 02:50:21,308 [ecd3787f-2b30-4c06-af2c-0a727538b2a6:group-0DF14E4B3894:LeaderElection109] INFO  impl.LeaderElection (LeaderElection.java:logAndReturn(56)) - ecd3787f-2b30-4c06-af2c-0a727538b2a6:group-0DF14E4B3894:LeaderElection109: Election REJECTED; received 2 response(s) [ecd3787f-2b30-4c06-af2c-0a727538b2a6<-10c22d4b-82dd-4f6e-83af-e52ab1885d9d#0:FAIL-t1, ecd3787f-2b30-4c06-af2c-0a727538b2a6<-7d1d5090-b1ef-4680-bded-086545998ddd#0:FAIL-t1] and 0 exception(s); ecd3787f-2b30-4c06-af2c-0a727538b2a6:t1, leader=null, voted=ecd3787f-2b30-4c06-af2c-0a727538b2a6, raftlog=ecd3787f-2b30-4c06-af2c-0a727538b2a6-SegmentedRaftLog:OPENED:c-1,f-1,i0, conf=-1: [ecd3787f-2b30-4c06-af2c-0a727538b2a6:192.168.36.77:44934, 10c22d4b-82dd-4f6e-83af-e52ab1885d9d:192.168.36.77:34854, 7d1d5090-b1ef-4680-bded-086545998ddd:192.168.36.77:46604], old=null
2019-08-23 02:50:21,309 [7d1d5090-b1ef-4680-bded-086545998ddd:group-0DF14E4B3894:LeaderElection108] INFO  impl.RoleInfo (RoleInfo.java:updateAndGet(143)) - 7d1d5090-b1ef-4680-bded-086545998ddd: start FollowerState
2019-08-23 02:50:21,309 [10c22d4b-82dd-4f6e-83af-e52ab1885d9d:group-0DF14E4B3894:LeaderElection107] INFO  impl.LeaderElection (LeaderElection.java:logAndReturn(56)) - 10c22d4b-82dd-4f6e-83af-e52ab1885d9d:group-0DF14E4B3894:LeaderElection107: Election REJECTED; received 2 response(s) [10c22d4b-82dd-4f6e-83af-e52ab1885d9d<-ecd3787f-2b30-4c06-af2c-0a727538b2a6#0:FAIL-t1, 10c22d4b-82dd-4f6e-83af-e52ab1885d9d<-7d1d5090-b1ef-4680-bded-086545998ddd#0:FAIL-t1] and 0 exception(s); 10c22d4b-82dd-4f6e-83af-e52ab1885d9d:t1, leader=null, voted=10c22d4b-82dd-4f6e-83af-e52ab1885d9d, raftlog=10c22d4b-82dd-4f6e-83af-e52ab1885d9d-SegmentedRaftLog:OPENED:c-1,f-1,i0, conf=-1: [ecd3787f-2b30-4c06-af2c-0a727538b2a6:192.168.36.77:44934, 10c22d4b-82dd-4f6e-83af-e52ab1885d9d:192.168.36.77:34854, 7d1d5090-b1ef-4680-bded-086545998ddd:192.168.36.77:46604], old=null
2019-08-23 02:50:21,309 [ecd3787f-2b30-4c06-af2c-0a727538b2a6:group-0DF14E4B3894:LeaderElection109] INFO  impl.RaftServerImpl (RaftServerImpl.java:setRole(171)) - ecd3787f-2b30-4c06-af2c-0a727538b2a6:group-0DF14E4B3894 changes role from CANDIDATE to FOLLOWER at term 1 for DISCOVERED_A_NEW_TERM
2019-08-23 02:50:21,309 [10c22d4b-82dd-4f6e-83af-e52ab1885d9d:group-0DF14E4B3894:LeaderElection107] INFO  impl.RaftServerImpl (RaftServerImpl.java:setRole(171)) - 10c22d4b-82dd-4f6e-83af-e52ab1885d9d:group-0DF14E4B3894 changes role from CANDIDATE to FOLLOWER at term 1 for DISCOVERED_A_NEW_TERM
2019-08-23 02:50:21,310 [ecd3787f-2b30-4c06-af2c-0a727538b2a6:group-0DF14E4B3894:LeaderElection109] INFO  impl.RoleInfo (RoleInfo.java:shutdownLeaderElection(134)) - ecd3787f-2b30-4c06-af2c-0a727538b2a6: shutdown LeaderElection
2019-08-23 02:50:21,310 [10c22d4b-82dd-4f6e-83af-e52ab1885d9d:group-0DF14E4B3894:LeaderElection107] INFO  impl.RoleInfo (RoleInfo.java:shutdownLeaderElection(134)) - 10c22d4b-82dd-4f6e-83af-e52ab1885d9d: shutdown LeaderElection
2019-08-23 02:50:21,310 [ecd3787f-2b30-4c06-af2c-0a727538b2a6:group-0DF14E4B3894:LeaderElection109] INFO  impl.RoleInfo (RoleInfo.java:updateAndGet(143)) - ecd3787f-2b30-4c06-af2c-0a727538b2a6: start FollowerState
2019-08-23 02:50:21,310 [10c22d4b-82dd-4f6e-83af-e52ab1885d9d:group-0DF14E4B3894:LeaderElection107] INFO  impl.RoleInfo (RoleInfo.java:updateAndGet(143)) - 10c22d4b-82dd-4f6e-83af-e52ab1885d9d: start FollowerState
2019-08-23 02:50:21,350 | INFO  | SCMAudit | user=jenkins1000 | ip=192.168.36.77 | op=SEND_HEARTBEAT {datanodeUUID=50e43da2-e7e0-478c-b7e8-9638b0c061cc, command=[]} | ret=SUCCESS |  
2019-08-23 02:50:21,358 | INFO  | SCMAudit | user=jenkins1000 | ip=192.168.36.77 | op=SEND_HEARTBEAT {datanodeUUID=10c22d4b-82dd-4f6e-83af-e52ab1885d9d, command=[]} | ret=SUCCESS |  
2019-08-23 02:50:21,408 [Thread-2415] INFO  impl.FollowerState (FollowerState.java:run(106)) - 4e26a0b2-e9f6-4006-875a-ebcdd6a63049:group-0563210E0499 changes to CANDIDATE, lastRpcTime:5022, electionTimeout:5022ms
2019-08-23 02:50:21,408 [Thread-2415] INFO  impl.RoleInfo (RoleInfo.java:shutdownFollowerState(121)) - 4e26a0b2-e9f6-4006-875a-ebcdd6a63049: shutdown FollowerState
2019-08-23 02:50:21,408 [Thread-2415] INFO  impl.RaftServerImpl (RaftServerImpl.java:setRole(171)) - 4e26a0b2-e9f6-4006-875a-ebcdd6a63049:group-0563210E0499 changes role from FOLLOWER to CANDIDATE at term 0 for changeToCandidate
2019-08-23 02:50:21,408 [Thread-2415] INFO  impl.RoleInfo (RoleInfo.java:updateAndGet(143)) - 4e26a0b2-e9f6-4006-875a-ebcdd6a63049: start LeaderElection
2019-08-23 02:50:21,513 [Thread-2418] INFO  impl.FollowerState (FollowerState.java:run(106)) - 36d2002e-42fa-435d-a060-c1875d20dd5b:group-E51559C32664 changes to CANDIDATE, lastRpcTime:5032, electionTimeout:5032ms
2019-08-23 02:50:21,513 [Thread-2418] INFO  impl.RoleInfo (RoleInfo.java:shutdownFollowerState(121)) - 36d2002e-42fa-435d-a060-c1875d20dd5b: shutdown FollowerState
2019-08-23 02:50:21,513 [Thread-2418] INFO  impl.RaftServerImpl (RaftServerImpl.java:setRole(171)) - 36d2002e-42fa-435d-a060-c1875d20dd5b:group-E51559C32664 changes role from FOLLOWER to CANDIDATE at term 0 for changeToCandidate
2019-08-23 02:50:21,513 [Thread-2418] INFO  impl.RoleInfo (RoleInfo.java:updateAndGet(143)) - 36d2002e-42fa-435d-a060-c1875d20dd5b: start LeaderElection
2019-08-23 02:50:21,522 [Thread-2422] INFO  impl.FollowerState (FollowerState.java:run(106)) - 7fac1d6a-2836-41bb-912e-0cc81c617797:group-E51559C32664 changes to CANDIDATE, lastRpcTime:5037, electionTimeout:5032ms
2019-08-23 02:50:21,522 [Thread-2422] INFO  impl.RoleInfo (RoleInfo.java:shutdownFollowerState(121)) - 7fac1d6a-2836-41bb-912e-0cc81c617797: shutdown FollowerState
2019-08-23 02:50:21,522 [Thread-2422] INFO  impl.RaftServerImpl (RaftServerImpl.java:setRole(171)) - 7fac1d6a-2836-41bb-912e-0cc81c617797:group-E51559C32664 changes role from FOLLOWER to CANDIDATE at term 0 for changeToCandidate
2019-08-23 02:50:21,522 [Thread-2422] INFO  impl.RoleInfo (RoleInfo.java:updateAndGet(143)) - 7fac1d6a-2836-41bb-912e-0cc81c617797: start LeaderElection
2019-08-23 02:50:21,532 | INFO  | SCMAudit | user=jenkins1000 | ip=192.168.36.77 | op=SEND_HEARTBEAT {datanodeUUID=674baee6-143c-441e-9e30-0d895b06f838, command=[]} | ret=SUCCESS |  
2019-08-23 02:50:21,532 | INFO  | SCMAudit | user=jenkins1000 | ip=192.168.36.77 | op=SEND_HEARTBEAT {datanodeUUID=5a5db0ee-9a70-437e-b34f-780f5bc0d289, command=[]} | ret=SUCCESS |  
2019-08-23 02:50:21,551 [Thread-2423] INFO  impl.FollowerState (FollowerState.java:run(106)) - 4e26a0b2-e9f6-4006-875a-ebcdd6a63049:group-E51559C32664 changes to CANDIDATE, lastRpcTime:5066, electionTimeout:5066ms
2019-08-23 02:50:21,551 [Thread-2423] INFO  impl.RoleInfo (RoleInfo.java:shutdownFollowerState(121)) - 4e26a0b2-e9f6-4006-875a-ebcdd6a63049: shutdown FollowerState
2019-08-23 02:50:21,551 [Thread-2423] INFO  impl.RaftServerImpl (RaftServerImpl.java:setRole(171)) - 4e26a0b2-e9f6-4006-875a-ebcdd6a63049:group-E51559C32664 changes role from FOLLOWER to CANDIDATE at term 0 for changeToCandidate
2019-08-23 02:50:21,551 [Thread-2423] INFO  impl.RoleInfo (RoleInfo.java:updateAndGet(143)) - 4e26a0b2-e9f6-4006-875a-ebcdd6a63049: start LeaderElection
2019-08-23 02:50:21,568 [7d1d5090-b1ef-4680-bded-086545998ddd-SegmentedRaftLogWorker:Storage Directory /workdir/hadoop-ozone/integration-test/target/test-dir/MiniOzoneClusterImpl-ddc7a5e3-92e7-4869-8d12-20395c099e28/datanode-2/data/ratis/382a10b4-acf2-4cdc-911a-5b7e582016eb] INFO  segmented.SegmentedRaftLogWorker (SegmentedRaftLogWorker.java:execute(569)) - 7d1d5090-b1ef-4680-bded-086545998ddd-SegmentedRaftLogWorker:Storage Directory /workdir/hadoop-ozone/integration-test/target/test-dir/MiniOzoneClusterImpl-ddc7a5e3-92e7-4869-8d12-20395c099e28/datanode-2/data/ratis/382a10b4-acf2-4cdc-911a-5b7e582016eb: created new log segment /workdir/hadoop-ozone/integration-test/target/test-dir/MiniOzoneClusterImpl-ddc7a5e3-92e7-4869-8d12-20395c099e28/datanode-2/data/ratis/382a10b4-acf2-4cdc-911a-5b7e582016eb/current/log_inprogress_0
2019-08-23 02:50:21,568 [10c22d4b-82dd-4f6e-83af-e52ab1885d9d-SegmentedRaftLogWorker:Storage Directory /workdir/hadoop-ozone/integration-test/target/test-dir/MiniOzoneClusterImpl-ddc7a5e3-92e7-4869-8d12-20395c099e28/datanode-1/data/ratis/c5acbb34-3313-4431-a1d2-e0668a1e3231] INFO  segmented.SegmentedRaftLogWorker (SegmentedRaftLogWorker.java:execute(569)) - 10c22d4b-82dd-4f6e-83af-e52ab1885d9d-SegmentedRaftLogWorker:Storage Directory /workdir/hadoop-ozone/integration-test/target/test-dir/MiniOzoneClusterImpl-ddc7a5e3-92e7-4869-8d12-20395c099e28/datanode-1/data/ratis/c5acbb34-3313-4431-a1d2-e0668a1e3231: created new log segment /workdir/hadoop-ozone/integration-test/target/test-dir/MiniOzoneClusterImpl-ddc7a5e3-92e7-4869-8d12-20395c099e28/datanode-1/data/ratis/c5acbb34-3313-4431-a1d2-e0668a1e3231/current/log_inprogress_0
2019-08-23 02:50:21,568 [ecd3787f-2b30-4c06-af2c-0a727538b2a6-SegmentedRaftLogWorker:Storage Directory /workdir/hadoop-ozone/integration-test/target/test-dir/MiniOzoneClusterImpl-ddc7a5e3-92e7-4869-8d12-20395c099e28/datanode-0/data/ratis/58b0469e-5748-42d0-93ab-bce5799f593a] INFO  segmented.SegmentedRaftLogWorker (SegmentedRaftLogWorker.java:execute(569)) - ecd3787f-2b30-4c06-af2c-0a727538b2a6-SegmentedRaftLogWorker:Storage Directory /workdir/hadoop-ozone/integration-test/target/test-dir/MiniOzoneClusterImpl-ddc7a5e3-92e7-4869-8d12-20395c099e28/datanode-0/data/ratis/58b0469e-5748-42d0-93ab-bce5799f593a: created new log segment /workdir/hadoop-ozone/integration-test/target/test-dir/MiniOzoneClusterImpl-ddc7a5e3-92e7-4869-8d12-20395c099e28/datanode-0/data/ratis/58b0469e-5748-42d0-93ab-bce5799f593a/current/log_inprogress_0
2019-08-23 02:50:21,570 [7fac1d6a-2836-41bb-912e-0cc81c617797:group-CCB9347A859E:LeaderElection110] INFO  impl.LeaderElection (LeaderElection.java:askForVotes(181)) - 7fac1d6a-2836-41bb-912e-0cc81c617797:group-CCB9347A859E:LeaderElection110: begin an election at term 1 for -1: [7fac1d6a-2836-41bb-912e-0cc81c617797:192.168.36.77:33350], old=null
2019-08-23 02:50:21,570 [7fac1d6a-2836-41bb-912e-0cc81c617797:group-CCB9347A859E:LeaderElection110] INFO  impl.RoleInfo (RoleInfo.java:shutdownLeaderElection(134)) - 7fac1d6a-2836-41bb-912e-0cc81c617797: shutdown LeaderElection
2019-08-23 02:50:21,570 [7fac1d6a-2836-41bb-912e-0cc81c617797:group-CCB9347A859E:LeaderElection110] INFO  impl.RaftServerImpl (RaftServerImpl.java:setRole(171)) - 7fac1d6a-2836-41bb-912e-0cc81c617797:group-CCB9347A859E changes role from CANDIDATE to LEADER at term 1 for changeToLeader
2019-08-23 02:50:21,570 [7fac1d6a-2836-41bb-912e-0cc81c617797:group-CCB9347A859E:LeaderElection110] INFO  impl.RaftServerImpl (ServerState.java:setLeader(263)) - 7fac1d6a-2836-41bb-912e-0cc81c617797:group-CCB9347A859E change Leader from null to 7fac1d6a-2836-41bb-912e-0cc81c617797 at term 1 for becomeLeader, leader elected after 5653ms
2019-08-23 02:50:21,571 [7fac1d6a-2836-41bb-912e-0cc81c617797:group-CCB9347A859E:LeaderElection110] INFO  server.RaftServerConfigKeys (ConfUtils.java:logGet(43)) - raft.server.staging.catchup.gap = 1000 (default)
2019-08-23 02:50:21,571 [7fac1d6a-2836-41bb-912e-0cc81c617797:group-CCB9347A859E:LeaderElection110] INFO  server.RaftServerConfigKeys (ConfUtils.java:logGet(43)) - raft.server.rpc.sleep.time = 25ms (default)
2019-08-23 02:50:21,571 [7fac1d6a-2836-41bb-912e-0cc81c617797:group-CCB9347A859E:LeaderElection110] INFO  server.RaftServerConfigKeys (ConfUtils.java:logGet(43)) - raft.server.write.element-limit = 4096 (default)
2019-08-23 02:50:21,571 [7fac1d6a-2836-41bb-912e-0cc81c617797:group-CCB9347A859E:LeaderElection110] INFO  server.RaftServerConfigKeys (ConfUtils.java:logGet(43)) - raft.server.watch.timeout = 10s (default)
2019-08-23 02:50:21,571 [7fac1d6a-2836-41bb-912e-0cc81c617797:group-CCB9347A859E:LeaderElection110] INFO  server.RaftServerConfigKeys (ConfUtils.java:logGet(43)) - raft.server.watch.timeout.denomination = 1s (default)
2019-08-23 02:50:21,571 [7fac1d6a-2836-41bb-912e-0cc81c617797:group-CCB9347A859E:LeaderElection110] INFO  server.RaftServerConfigKeys (ConfUtils.java:logGet(43)) - raft.server.watch.element-limit = 65536 (default)
2019-08-23 02:50:21,571 [7fac1d6a-2836-41bb-912e-0cc81c617797:group-CCB9347A859E:LeaderElection110] INFO  impl.RoleInfo (RoleInfo.java:updateAndGet(143)) - 7fac1d6a-2836-41bb-912e-0cc81c617797: start LeaderState
2019-08-23 02:50:21,571 [7fac1d6a-2836-41bb-912e-0cc81c617797:group-CCB9347A859E:LeaderElection110] INFO  segmented.SegmentedRaftLogWorker (SegmentedRaftLogWorker.java:startLogSegment(380)) - 7fac1d6a-2836-41bb-912e-0cc81c617797-SegmentedRaftLogWorker:Storage Directory /workdir/hadoop-ozone/integration-test/target/test-dir/MiniOzoneClusterImpl-ddc7a5e3-92e7-4869-8d12-20395c099e28/datanode-3/data/ratis/57b8973e-3a1c-432f-a187-ccb9347a859e: Starting segment from index:0
2019-08-23 02:50:21,572 [7fac1d6a-2836-41bb-912e-0cc81c617797:group-CCB9347A859E:LeaderElection110] INFO  impl.RaftServerImpl (ServerState.java:setRaftConf(361)) - 7fac1d6a-2836-41bb-912e-0cc81c617797:group-CCB9347A859E set configuration 0: [7fac1d6a-2836-41bb-912e-0cc81c617797:192.168.36.77:33350], old=null at 0
2019-08-23 02:50:21,583 | INFO  | SCMAudit | user=jenkins1000 | ip=192.168.36.77 | op=SEND_HEARTBEAT {datanodeUUID=7d1d5090-b1ef-4680-bded-086545998ddd, command=[]} | ret=SUCCESS |  
2019-08-23 02:50:21,713 [grpc-default-executor-5] INFO  client.GrpcClientProtocolClient (GrpcClientProtocolClient.java:onNext(255)) - client-0DF4BF829A7E->7d1d5090-b1ef-4680-bded-086545998ddd: receive RaftClientReply:client-0DF4BF829A7E->7d1d5090-b1ef-4680-bded-086545998ddd@group-0DF14E4B3894, cid=94, FAILED org.apache.ratis.protocol.NotLeaderException: Server 7d1d5090-b1ef-4680-bded-086545998ddd is not the leader (null). Request must be sent to leader., logIndex=0, commits[7d1d5090-b1ef-4680-bded-086545998ddd:c-1]
2019-08-23 02:50:21,745 | INFO  | SCMAudit | user=jenkins1000 | ip=192.168.36.77 | op=SEND_HEARTBEAT {datanodeUUID=6e366328-a21a-42d1-a497-c25b5c1bc291, command=[]} | ret=SUCCESS |  
2019-08-23 02:50:21,752 [Thread-2427] INFO  impl.FollowerState (FollowerState.java:run(106)) - 5a5db0ee-9a70-437e-b34f-780f5bc0d289:group-C50F4CEB3500 changes to CANDIDATE, lastRpcTime:5152, electionTimeout:5152ms
2019-08-23 02:50:21,752 [Thread-2427] INFO  impl.RoleInfo (RoleInfo.java:shutdownFollowerState(121)) - 5a5db0ee-9a70-437e-b34f-780f5bc0d289: shutdown FollowerState
2019-08-23 02:50:21,753 [Thread-2427] INFO  impl.RaftServerImpl (RaftServerImpl.java:setRole(171)) - 5a5db0ee-9a70-437e-b34f-780f5bc0d289:group-C50F4CEB3500 changes role from FOLLOWER to CANDIDATE at term 0 for changeToCandidate
2019-08-23 02:50:21,753 [Thread-2427] INFO  impl.RoleInfo (RoleInfo.java:updateAndGet(143)) - 5a5db0ee-9a70-437e-b34f-780f5bc0d289: start LeaderElection
2019-08-23 02:50:21,816 | INFO  | SCMAudit | user=jenkins1000 | ip=192.168.36.77 | op=SEND_HEARTBEAT {datanodeUUID=7fac1d6a-2836-41bb-912e-0cc81c617797, command=[]} | ret=SUCCESS |  
2019-08-23 02:50:21,993 [36d2002e-42fa-435d-a060-c1875d20dd5b:group-EA3EE302631A:LeaderElection111] INFO  impl.LeaderElection (LeaderElection.java:askForVotes(181)) - 36d2002e-42fa-435d-a060-c1875d20dd5b:group-EA3EE302631A:LeaderElection111: begin an election at term 1 for -1: [36d2002e-42fa-435d-a060-c1875d20dd5b:192.168.36.77:42788], old=null
2019-08-23 02:50:21,993 [4e26a0b2-e9f6-4006-875a-ebcdd6a63049:group-0563210E0499:LeaderElection112] INFO  impl.LeaderElection (LeaderElection.java:askForVotes(181)) - 4e26a0b2-e9f6-4006-875a-ebcdd6a63049:group-0563210E0499:LeaderElection112: begin an election at term 1 for -1: [4e26a0b2-e9f6-4006-875a-ebcdd6a63049:192.168.36.77:42856], old=null
2019-08-23 02:50:21,993 [4e26a0b2-e9f6-4006-875a-ebcdd6a63049:group-E51559C32664:LeaderElection115] INFO  impl.LeaderElection (LeaderElection.java:askForVotes(181)) - 4e26a0b2-e9f6-4006-875a-ebcdd6a63049:group-E51559C32664:LeaderElection115: begin an election at term 1 for -1: [36d2002e-42fa-435d-a060-c1875d20dd5b:192.168.36.77:42788, 7fac1d6a-2836-41bb-912e-0cc81c617797:192.168.36.77:33350, 4e26a0b2-e9f6-4006-875a-ebcdd6a63049:192.168.36.77:42856], old=null
2019-08-23 02:50:21,993 [7fac1d6a-2836-41bb-912e-0cc81c617797:group-E51559C32664:LeaderElection114] INFO  impl.LeaderElection (LeaderElection.java:askForVotes(181)) - 7fac1d6a-2836-41bb-912e-0cc81c617797:group-E51559C32664:LeaderElection114: begin an election at term 1 for -1: [36d2002e-42fa-435d-a060-c1875d20dd5b:192.168.36.77:42788, 7fac1d6a-2836-41bb-912e-0cc81c617797:192.168.36.77:33350, 4e26a0b2-e9f6-4006-875a-ebcdd6a63049:192.168.36.77:42856], old=null
2019-08-23 02:50:21,993 [36d2002e-42fa-435d-a060-c1875d20dd5b:group-E51559C32664:LeaderElection113] INFO  impl.LeaderElection (LeaderElection.java:askForVotes(181)) - 36d2002e-42fa-435d-a060-c1875d20dd5b:group-E51559C32664:LeaderElection113: begin an election at term 1 for -1: [36d2002e-42fa-435d-a060-c1875d20dd5b:192.168.36.77:42788, 7fac1d6a-2836-41bb-912e-0cc81c617797:192.168.36.77:33350, 4e26a0b2-e9f6-4006-875a-ebcdd6a63049:192.168.36.77:42856], old=null
2019-08-23 02:50:21,993 [4e26a0b2-e9f6-4006-875a-ebcdd6a63049:group-0563210E0499:LeaderElection112] INFO  impl.RoleInfo (RoleInfo.java:shutdownLeaderElection(134)) - 4e26a0b2-e9f6-4006-875a-ebcdd6a63049: shutdown LeaderElection
2019-08-23 02:50:21,993 [36d2002e-42fa-435d-a060-c1875d20dd5b:group-EA3EE302631A:LeaderElection111] INFO  impl.RoleInfo (RoleInfo.java:shutdownLeaderElection(134)) - 36d2002e-42fa-435d-a060-c1875d20dd5b: shutdown LeaderElection
2019-08-23 02:50:21,994 [4e26a0b2-e9f6-4006-875a-ebcdd6a63049:group-0563210E0499:LeaderElection112] INFO  impl.RaftServerImpl (RaftServerImpl.java:setRole(171)) - 4e26a0b2-e9f6-4006-875a-ebcdd6a63049:group-0563210E0499 changes role from CANDIDATE to LEADER at term 1 for changeToLeader
2019-08-23 02:50:21,994 [36d2002e-42fa-435d-a060-c1875d20dd5b:group-EA3EE302631A:LeaderElection111] INFO  impl.RaftServerImpl (RaftServerImpl.java:setRole(171)) - 36d2002e-42fa-435d-a060-c1875d20dd5b:group-EA3EE302631A changes role from CANDIDATE to LEADER at term 1 for changeToLeader
2019-08-23 02:50:21,994 [4e26a0b2-e9f6-4006-875a-ebcdd6a63049:group-0563210E0499:LeaderElection112] INFO  impl.RaftServerImpl (ServerState.java:setLeader(263)) - 4e26a0b2-e9f6-4006-875a-ebcdd6a63049:group-0563210E0499 change Leader from null to 4e26a0b2-e9f6-4006-875a-ebcdd6a63049 at term 1 for becomeLeader, leader elected after 5611ms
2019-08-23 02:50:21,994 [36d2002e-42fa-435d-a060-c1875d20dd5b:group-EA3EE302631A:LeaderElection111] INFO  impl.RaftServerImpl (ServerState.java:setLeader(263)) - 36d2002e-42fa-435d-a060-c1875d20dd5b:group-EA3EE302631A change Leader from null to 36d2002e-42fa-435d-a060-c1875d20dd5b at term 1 for becomeLeader, leader elected after 5851ms
2019-08-23 02:50:21,995 [4e26a0b2-e9f6-4006-875a-ebcdd6a63049:group-0563210E0499:LeaderElection112] INFO  server.RaftServerConfigKeys (ConfUtils.java:logGet(43)) - raft.server.staging.catchup.gap = 1000 (default)
2019-08-23 02:50:21,995 [4e26a0b2-e9f6-4006-875a-ebcdd6a63049:group-0563210E0499:LeaderElection112] INFO  server.RaftServerConfigKeys (ConfUtils.java:logGet(43)) - raft.server.rpc.sleep.time = 25ms (default)
2019-08-23 02:50:21,995 [36d2002e-42fa-435d-a060-c1875d20dd5b:group-EA3EE302631A:LeaderElection111] INFO  server.RaftServerConfigKeys (ConfUtils.java:logGet(43)) - raft.server.staging.catchup.gap = 1000 (default)
2019-08-23 02:50:21,995 [4e26a0b2-e9f6-4006-875a-ebcdd6a63049:group-0563210E0499:LeaderElection112] INFO  server.RaftServerConfigKeys (ConfUtils.java:logGet(43)) - raft.server.write.element-limit = 4096 (default)
2019-08-23 02:50:21,995 [36d2002e-42fa-435d-a060-c1875d20dd5b:group-EA3EE302631A:LeaderElection111] INFO  server.RaftServerConfigKeys (ConfUtils.java:logGet(43)) - raft.server.rpc.sleep.time = 25ms (default)
2019-08-23 02:50:21,996 [4e26a0b2-e9f6-4006-875a-ebcdd6a63049:group-0563210E0499:LeaderElection112] INFO  server.RaftServerConfigKeys (ConfUtils.java:logGet(43)) - raft.server.watch.timeout = 10s (default)
2019-08-23 02:50:21,996 [36d2002e-42fa-435d-a060-c1875d20dd5b:group-EA3EE302631A:LeaderElection111] INFO  server.RaftServerConfigKeys (ConfUtils.java:logGet(43)) - raft.server.write.element-limit = 4096 (default)
2019-08-23 02:50:21,996 [4e26a0b2-e9f6-4006-875a-ebcdd6a63049:group-0563210E0499:LeaderElection112] INFO  server.RaftServerConfigKeys (ConfUtils.java:logGet(43)) - raft.server.watch.timeout.denomination = 1s (default)
2019-08-23 02:50:21,996 [36d2002e-42fa-435d-a060-c1875d20dd5b:group-EA3EE302631A:LeaderElection111] INFO  server.RaftServerConfigKeys (ConfUtils.java:logGet(43)) - raft.server.watch.timeout = 10s (default)
2019-08-23 02:50:21,996 [4e26a0b2-e9f6-4006-875a-ebcdd6a63049:group-0563210E0499:LeaderElection112] INFO  server.RaftServerConfigKeys (ConfUtils.java:logGet(43)) - raft.server.watch.element-limit = 65536 (default)
2019-08-23 02:50:21,996 [36d2002e-42fa-435d-a060-c1875d20dd5b:group-EA3EE302631A:LeaderElection111] INFO  server.RaftServerConfigKeys (ConfUtils.java:logGet(43)) - raft.server.watch.timeout.denomination = 1s (default)
2019-08-23 02:50:21,996 [4e26a0b2-e9f6-4006-875a-ebcdd6a63049:group-0563210E0499:LeaderElection112] INFO  impl.RoleInfo (RoleInfo.java:updateAndGet(143)) - 4e26a0b2-e9f6-4006-875a-ebcdd6a63049: start LeaderState
2019-08-23 02:50:21,997 [36d2002e-42fa-435d-a060-c1875d20dd5b:group-EA3EE302631A:LeaderElection111] INFO  server.RaftServerConfigKeys (ConfUtils.java:logGet(43)) - raft.server.watch.element-limit = 65536 (default)
2019-08-23 02:50:21,997 [4e26a0b2-e9f6-4006-875a-ebcdd6a63049:group-0563210E0499:LeaderElection112] INFO  segmented.SegmentedRaftLogWorker (SegmentedRaftLogWorker.java:startLogSegment(380)) - 4e26a0b2-e9f6-4006-875a-ebcdd6a63049-SegmentedRaftLogWorker:Storage Directory /workdir/hadoop-ozone/integration-test/target/test-dir/MiniOzoneClusterImpl-ddc7a5e3-92e7-4869-8d12-20395c099e28/datanode-5/data/ratis/737027ca-b337-4690-9257-0563210e0499: Starting segment from index:0
2019-08-23 02:50:21,997 [36d2002e-42fa-435d-a060-c1875d20dd5b:group-EA3EE302631A:LeaderElection111] INFO  impl.RoleInfo (RoleInfo.java:updateAndGet(143)) - 36d2002e-42fa-435d-a060-c1875d20dd5b: start LeaderState
2019-08-23 02:50:21,997 [4e26a0b2-e9f6-4006-875a-ebcdd6a63049:group-0563210E0499:LeaderElection112] INFO  impl.RaftServerImpl (ServerState.java:setRaftConf(361)) - 4e26a0b2-e9f6-4006-875a-ebcdd6a63049:group-0563210E0499 set configuration 0: [4e26a0b2-e9f6-4006-875a-ebcdd6a63049:192.168.36.77:42856], old=null at 0
2019-08-23 02:50:21,997 [36d2002e-42fa-435d-a060-c1875d20dd5b:group-EA3EE302631A:LeaderElection111] INFO  segmented.SegmentedRaftLogWorker (SegmentedRaftLogWorker.java:startLogSegment(380)) - 36d2002e-42fa-435d-a060-c1875d20dd5b-SegmentedRaftLogWorker:Storage Directory /workdir/hadoop-ozone/integration-test/target/test-dir/MiniOzoneClusterImpl-ddc7a5e3-92e7-4869-8d12-20395c099e28/datanode-4/data/ratis/cf4e1233-b597-4144-b6d3-ea3ee302631a: Starting segment from index:0
2019-08-23 02:50:22,047 | INFO  | SCMAudit | user=jenkins1000 | ip=192.168.36.77 | op=SEND_HEARTBEAT {datanodeUUID=36d2002e-42fa-435d-a060-c1875d20dd5b, command=[]} | ret=SUCCESS |  
2019-08-23 02:50:22,047 | INFO  | SCMAudit | user=jenkins1000 | ip=192.168.36.77 | op=SEND_HEARTBEAT {datanodeUUID=5c5e51ce-aa4b-45fa-b548-3aebeb03959c, command=[]} | ret=SUCCESS |  
2019-08-23 02:50:22,047 | INFO  | SCMAudit | user=jenkins1000 | ip=192.168.36.77 | op=SEND_HEARTBEAT {datanodeUUID=15fd999f-62be-4877-833a-993ce600606a, command=[]} | ret=SUCCESS |  
2019-08-23 02:50:22,047 [36d2002e-42fa-435d-a060-c1875d20dd5b:group-EA3EE302631A:LeaderElection111] INFO  impl.RaftServerImpl (ServerState.java:setRaftConf(361)) - 36d2002e-42fa-435d-a060-c1875d20dd5b:group-EA3EE302631A set configuration 0: [36d2002e-42fa-435d-a060-c1875d20dd5b:192.168.36.77:42788], old=null at 0
2019-08-23 02:50:22,050 [4e26a0b2-e9f6-4006-875a-ebcdd6a63049:group-E51559C32664:LeaderElection115] INFO  impl.LeaderElection (LeaderElection.java:logAndReturn(56)) - 4e26a0b2-e9f6-4006-875a-ebcdd6a63049:group-E51559C32664:LeaderElection115: Election REJECTED; received 2 response(s) [4e26a0b2-e9f6-4006-875a-ebcdd6a63049<-36d2002e-42fa-435d-a060-c1875d20dd5b#0:FAIL-t1, 4e26a0b2-e9f6-4006-875a-ebcdd6a63049<-7fac1d6a-2836-41bb-912e-0cc81c617797#0:FAIL-t1] and 0 exception(s); 4e26a0b2-e9f6-4006-875a-ebcdd6a63049:t1, leader=null, voted=4e26a0b2-e9f6-4006-875a-ebcdd6a63049, raftlog=4e26a0b2-e9f6-4006-875a-ebcdd6a63049-SegmentedRaftLog:OPENED:c-1,f-1,i0, conf=-1: [36d2002e-42fa-435d-a060-c1875d20dd5b:192.168.36.77:42788, 7fac1d6a-2836-41bb-912e-0cc81c617797:192.168.36.77:33350, 4e26a0b2-e9f6-4006-875a-ebcdd6a63049:192.168.36.77:42856], old=null
2019-08-23 02:50:22,050 [4e26a0b2-e9f6-4006-875a-ebcdd6a63049:group-E51559C32664:LeaderElection115] INFO  impl.RaftServerImpl (RaftServerImpl.java:setRole(171)) - 4e26a0b2-e9f6-4006-875a-ebcdd6a63049:group-E51559C32664 changes role from CANDIDATE to FOLLOWER at term 1 for DISCOVERED_A_NEW_TERM
2019-08-23 02:50:22,050 [4e26a0b2-e9f6-4006-875a-ebcdd6a63049:group-E51559C32664:LeaderElection115] INFO  impl.RoleInfo (RoleInfo.java:shutdownLeaderElection(134)) - 4e26a0b2-e9f6-4006-875a-ebcdd6a63049: shutdown LeaderElection
2019-08-23 02:50:22,050 [4e26a0b2-e9f6-4006-875a-ebcdd6a63049:group-E51559C32664:LeaderElection115] INFO  impl.RoleInfo (RoleInfo.java:updateAndGet(143)) - 4e26a0b2-e9f6-4006-875a-ebcdd6a63049: start FollowerState
2019-08-23 02:50:22,051 [36d2002e-42fa-435d-a060-c1875d20dd5b:group-E51559C32664:LeaderElection113] INFO  impl.LeaderElection (LeaderElection.java:logAndReturn(56)) - 36d2002e-42fa-435d-a060-c1875d20dd5b:group-E51559C32664:LeaderElection113: Election REJECTED; received 2 response(s) [36d2002e-42fa-435d-a060-c1875d20dd5b<-7fac1d6a-2836-41bb-912e-0cc81c617797#0:FAIL-t1, 36d2002e-42fa-435d-a060-c1875d20dd5b<-4e26a0b2-e9f6-4006-875a-ebcdd6a63049#0:FAIL-t1] and 0 exception(s); 36d2002e-42fa-435d-a060-c1875d20dd5b:t1, leader=null, voted=36d2002e-42fa-435d-a060-c1875d20dd5b, raftlog=36d2002e-42fa-435d-a060-c1875d20dd5b-SegmentedRaftLog:OPENED:c-1,f-1,i0, conf=-1: [36d2002e-42fa-435d-a060-c1875d20dd5b:192.168.36.77:42788, 7fac1d6a-2836-41bb-912e-0cc81c617797:192.168.36.77:33350, 4e26a0b2-e9f6-4006-875a-ebcdd6a63049:192.168.36.77:42856], old=null
2019-08-23 02:50:22,051 [36d2002e-42fa-435d-a060-c1875d20dd5b:group-E51559C32664:LeaderElection113] INFO  impl.RaftServerImpl (RaftServerImpl.java:setRole(171)) - 36d2002e-42fa-435d-a060-c1875d20dd5b:group-E51559C32664 changes role from CANDIDATE to FOLLOWER at term 1 for DISCOVERED_A_NEW_TERM
2019-08-23 02:50:22,051 [36d2002e-42fa-435d-a060-c1875d20dd5b:group-E51559C32664:LeaderElection113] INFO  impl.RoleInfo (RoleInfo.java:shutdownLeaderElection(134)) - 36d2002e-42fa-435d-a060-c1875d20dd5b: shutdown LeaderElection
2019-08-23 02:50:22,051 [36d2002e-42fa-435d-a060-c1875d20dd5b:group-E51559C32664:LeaderElection113] INFO  impl.RoleInfo (RoleInfo.java:updateAndGet(143)) - 36d2002e-42fa-435d-a060-c1875d20dd5b: start FollowerState
2019-08-23 02:50:22,051 [7fac1d6a-2836-41bb-912e-0cc81c617797:group-E51559C32664:LeaderElection114] INFO  impl.LeaderElection (LeaderElection.java:logAndReturn(56)) - 7fac1d6a-2836-41bb-912e-0cc81c617797:group-E51559C32664:LeaderElection114: Election REJECTED; received 2 response(s) [7fac1d6a-2836-41bb-912e-0cc81c617797<-36d2002e-42fa-435d-a060-c1875d20dd5b#0:FAIL-t1, 7fac1d6a-2836-41bb-912e-0cc81c617797<-4e26a0b2-e9f6-4006-875a-ebcdd6a63049#0:FAIL-t1] and 0 exception(s); 7fac1d6a-2836-41bb-912e-0cc81c617797:t1, leader=null, voted=7fac1d6a-2836-41bb-912e-0cc81c617797, raftlog=7fac1d6a-2836-41bb-912e-0cc81c617797-SegmentedRaftLog:OPENED:c-1,f-1,i0, conf=-1: [36d2002e-42fa-435d-a060-c1875d20dd5b:192.168.36.77:42788, 7fac1d6a-2836-41bb-912e-0cc81c617797:192.168.36.77:33350, 4e26a0b2-e9f6-4006-875a-ebcdd6a63049:192.168.36.77:42856], old=null
2019-08-23 02:50:22,052 [7fac1d6a-2836-41bb-912e-0cc81c617797:group-E51559C32664:LeaderElection114] INFO  impl.RaftServerImpl (RaftServerImpl.java:setRole(171)) - 7fac1d6a-2836-41bb-912e-0cc81c617797:group-E51559C32664 changes role from CANDIDATE to FOLLOWER at term 1 for DISCOVERED_A_NEW_TERM
2019-08-23 02:50:22,052 [7fac1d6a-2836-41bb-912e-0cc81c617797:group-E51559C32664:LeaderElection114] INFO  impl.RoleInfo (RoleInfo.java:shutdownLeaderElection(134)) - 7fac1d6a-2836-41bb-912e-0cc81c617797: shutdown LeaderElection
2019-08-23 02:50:22,052 [7fac1d6a-2836-41bb-912e-0cc81c617797:group-E51559C32664:LeaderElection114] INFO  impl.RoleInfo (RoleInfo.java:updateAndGet(143)) - 7fac1d6a-2836-41bb-912e-0cc81c617797: start FollowerState
2019-08-23 02:50:22,114 | INFO  | SCMAudit | user=jenkins1000 | ip=192.168.36.77 | op=SEND_HEARTBEAT {datanodeUUID=ecd3787f-2b30-4c06-af2c-0a727538b2a6, command=[]} | ret=SUCCESS |  
2019-08-23 02:50:22,138 [7fac1d6a-2836-41bb-912e-0cc81c617797-SegmentedRaftLogWorker:Storage Directory /workdir/hadoop-ozone/integration-test/target/test-dir/MiniOzoneClusterImpl-ddc7a5e3-92e7-4869-8d12-20395c099e28/datanode-3/data/ratis/57b8973e-3a1c-432f-a187-ccb9347a859e] INFO  segmented.SegmentedRaftLogWorker (SegmentedRaftLogWorker.java:execute(569)) - 7fac1d6a-2836-41bb-912e-0cc81c617797-SegmentedRaftLogWorker:Storage Directory /workdir/hadoop-ozone/integration-test/target/test-dir/MiniOzoneClusterImpl-ddc7a5e3-92e7-4869-8d12-20395c099e28/datanode-3/data/ratis/57b8973e-3a1c-432f-a187-ccb9347a859e: created new log segment /workdir/hadoop-ozone/integration-test/target/test-dir/MiniOzoneClusterImpl-ddc7a5e3-92e7-4869-8d12-20395c099e28/datanode-3/data/ratis/57b8973e-3a1c-432f-a187-ccb9347a859e/current/log_inprogress_0
2019-08-23 02:50:22,138 [5a5db0ee-9a70-437e-b34f-780f5bc0d289:group-C50F4CEB3500:LeaderElection116] INFO  impl.LeaderElection (LeaderElection.java:askForVotes(181)) - 5a5db0ee-9a70-437e-b34f-780f5bc0d289:group-C50F4CEB3500:LeaderElection116: begin an election at term 1 for -1: [5a5db0ee-9a70-437e-b34f-780f5bc0d289:192.168.36.77:42010], old=null
2019-08-23 02:50:22,138 [5a5db0ee-9a70-437e-b34f-780f5bc0d289:group-C50F4CEB3500:LeaderElection116] INFO  impl.RoleInfo (RoleInfo.java:shutdownLeaderElection(134)) - 5a5db0ee-9a70-437e-b34f-780f5bc0d289: shutdown LeaderElection
2019-08-23 02:50:22,138 [5a5db0ee-9a70-437e-b34f-780f5bc0d289:group-C50F4CEB3500:LeaderElection116] INFO  impl.RaftServerImpl (RaftServerImpl.java:setRole(171)) - 5a5db0ee-9a70-437e-b34f-780f5bc0d289:group-C50F4CEB3500 changes role from CANDIDATE to LEADER at term 1 for changeToLeader
2019-08-23 02:50:22,138 [5a5db0ee-9a70-437e-b34f-780f5bc0d289:group-C50F4CEB3500:LeaderElection116] INFO  impl.RaftServerImpl (ServerState.java:setLeader(263)) - 5a5db0ee-9a70-437e-b34f-780f5bc0d289:group-C50F4CEB3500 change Leader from null to 5a5db0ee-9a70-437e-b34f-780f5bc0d289 at term 1 for becomeLeader, leader elected after 5542ms
2019-08-23 02:50:22,139 [5a5db0ee-9a70-437e-b34f-780f5bc0d289:group-C50F4CEB3500:LeaderElection116] INFO  server.RaftServerConfigKeys (ConfUtils.java:logGet(43)) - raft.server.staging.catchup.gap = 1000 (default)
2019-08-23 02:50:22,139 [5a5db0ee-9a70-437e-b34f-780f5bc0d289:group-C50F4CEB3500:LeaderElection116] INFO  server.RaftServerConfigKeys (ConfUtils.java:logGet(43)) - raft.server.rpc.sleep.time = 25ms (default)
2019-08-23 02:50:22,139 [5a5db0ee-9a70-437e-b34f-780f5bc0d289:group-C50F4CEB3500:LeaderElection116] INFO  server.RaftServerConfigKeys (ConfUtils.java:logGet(43)) - raft.server.write.element-limit = 4096 (default)
2019-08-23 02:50:22,139 [5a5db0ee-9a70-437e-b34f-780f5bc0d289:group-C50F4CEB3500:LeaderElection116] INFO  server.RaftServerConfigKeys (ConfUtils.java:logGet(43)) - raft.server.watch.timeout = 10s (default)
2019-08-23 02:50:22,139 [5a5db0ee-9a70-437e-b34f-780f5bc0d289:group-C50F4CEB3500:LeaderElection116] INFO  server.RaftServerConfigKeys (ConfUtils.java:logGet(43)) - raft.server.watch.timeout.denomination = 1s (default)
2019-08-23 02:50:22,139 [5a5db0ee-9a70-437e-b34f-780f5bc0d289:group-C50F4CEB3500:LeaderElection116] INFO  server.RaftServerConfigKeys (ConfUtils.java:logGet(43)) - raft.server.watch.element-limit = 65536 (default)
2019-08-23 02:50:22,140 [5a5db0ee-9a70-437e-b34f-780f5bc0d289:group-C50F4CEB3500:LeaderElection116] INFO  impl.RoleInfo (RoleInfo.java:updateAndGet(143)) - 5a5db0ee-9a70-437e-b34f-780f5bc0d289: start LeaderState
2019-08-23 02:50:22,140 [5a5db0ee-9a70-437e-b34f-780f5bc0d289:group-C50F4CEB3500:LeaderElection116] INFO  segmented.SegmentedRaftLogWorker (SegmentedRaftLogWorker.java:startLogSegment(380)) - 5a5db0ee-9a70-437e-b34f-780f5bc0d289-SegmentedRaftLogWorker:Storage Directory /workdir/hadoop-ozone/integration-test/target/test-dir/MiniOzoneClusterImpl-ddc7a5e3-92e7-4869-8d12-20395c099e28/datanode-6/data/ratis/bea6d153-e1b8-414c-adf1-c50f4ceb3500: Starting segment from index:0
2019-08-23 02:50:22,141 [5a5db0ee-9a70-437e-b34f-780f5bc0d289:group-C50F4CEB3500:LeaderElection116] INFO  impl.RaftServerImpl (ServerState.java:setRaftConf(361)) - 5a5db0ee-9a70-437e-b34f-780f5bc0d289:group-C50F4CEB3500 set configuration 0: [5a5db0ee-9a70-437e-b34f-780f5bc0d289:192.168.36.77:42010], old=null at 0
2019-08-23 02:50:22,142 | INFO  | SCMAudit | user=jenkins1000 | ip=192.168.36.77 | op=SEND_HEARTBEAT {datanodeUUID=e824def4-fdb0-4d06-a3a6-273d371b8d7d, command=[]} | ret=SUCCESS |  
2019-08-23 02:50:22,145 | INFO  | SCMAudit | user=jenkins1000 | ip=192.168.36.77 | op=SEND_HEARTBEAT {datanodeUUID=004b6b6e-41ce-4475-9f2f-481aedf9c953, command=[]} | ret=SUCCESS |  
2019-08-23 02:50:22,297 | INFO  | SCMAudit | user=jenkins1000 | ip=192.168.36.77 | op=SEND_HEARTBEAT {datanodeUUID=4e26a0b2-e9f6-4006-875a-ebcdd6a63049, command=[]} | ret=SUCCESS |  
2019-08-23 02:50:22,351 | INFO  | SCMAudit | user=jenkins1000 | ip=192.168.36.77 | op=SEND_HEARTBEAT {datanodeUUID=50e43da2-e7e0-478c-b7e8-9638b0c061cc, command=[]} | ret=SUCCESS |  
2019-08-23 02:50:22,358 | INFO  | SCMAudit | user=jenkins1000 | ip=192.168.36.77 | op=SEND_HEARTBEAT {datanodeUUID=10c22d4b-82dd-4f6e-83af-e52ab1885d9d, command=[]} | ret=SUCCESS |  
2019-08-23 02:50:22,532 | INFO  | SCMAudit | user=jenkins1000 | ip=192.168.36.77 | op=SEND_HEARTBEAT {datanodeUUID=674baee6-143c-441e-9e30-0d895b06f838, command=[]} | ret=SUCCESS |  
2019-08-23 02:50:22,532 | INFO  | SCMAudit | user=jenkins1000 | ip=192.168.36.77 | op=SEND_HEARTBEAT {datanodeUUID=5a5db0ee-9a70-437e-b34f-780f5bc0d289, command=[]} | ret=SUCCESS |  
2019-08-23 02:50:22,551 [5a5db0ee-9a70-437e-b34f-780f5bc0d289-SegmentedRaftLogWorker:Storage Directory /workdir/hadoop-ozone/integration-test/target/test-dir/MiniOzoneClusterImpl-ddc7a5e3-92e7-4869-8d12-20395c099e28/datanode-6/data/ratis/bea6d153-e1b8-414c-adf1-c50f4ceb3500] INFO  segmented.SegmentedRaftLogWorker (SegmentedRaftLogWorker.java:execute(569)) - 5a5db0ee-9a70-437e-b34f-780f5bc0d289-SegmentedRaftLogWorker:Storage Directory /workdir/hadoop-ozone/integration-test/target/test-dir/MiniOzoneClusterImpl-ddc7a5e3-92e7-4869-8d12-20395c099e28/datanode-6/data/ratis/bea6d153-e1b8-414c-adf1-c50f4ceb3500: created new log segment /workdir/hadoop-ozone/integration-test/target/test-dir/MiniOzoneClusterImpl-ddc7a5e3-92e7-4869-8d12-20395c099e28/datanode-6/data/ratis/bea6d153-e1b8-414c-adf1-c50f4ceb3500/current/log_inprogress_0
2019-08-23 02:50:22,551 [4e26a0b2-e9f6-4006-875a-ebcdd6a63049-SegmentedRaftLogWorker:Storage Directory /workdir/hadoop-ozone/integration-test/target/test-dir/MiniOzoneClusterImpl-ddc7a5e3-92e7-4869-8d12-20395c099e28/datanode-5/data/ratis/737027ca-b337-4690-9257-0563210e0499] INFO  segmented.SegmentedRaftLogWorker (SegmentedRaftLogWorker.java:execute(569)) - 4e26a0b2-e9f6-4006-875a-ebcdd6a63049-SegmentedRaftLogWorker:Storage Directory /workdir/hadoop-ozone/integration-test/target/test-dir/MiniOzoneClusterImpl-ddc7a5e3-92e7-4869-8d12-20395c099e28/datanode-5/data/ratis/737027ca-b337-4690-9257-0563210e0499: created new log segment /workdir/hadoop-ozone/integration-test/target/test-dir/MiniOzoneClusterImpl-ddc7a5e3-92e7-4869-8d12-20395c099e28/datanode-5/data/ratis/737027ca-b337-4690-9257-0563210e0499/current/log_inprogress_0
2019-08-23 02:50:22,551 [36d2002e-42fa-435d-a060-c1875d20dd5b-SegmentedRaftLogWorker:Storage Directory /workdir/hadoop-ozone/integration-test/target/test-dir/MiniOzoneClusterImpl-ddc7a5e3-92e7-4869-8d12-20395c099e28/datanode-4/data/ratis/cf4e1233-b597-4144-b6d3-ea3ee302631a] INFO  segmented.SegmentedRaftLogWorker (SegmentedRaftLogWorker.java:execute(569)) - 36d2002e-42fa-435d-a060-c1875d20dd5b-SegmentedRaftLogWorker:Storage Directory /workdir/hadoop-ozone/integration-test/target/test-dir/MiniOzoneClusterImpl-ddc7a5e3-92e7-4869-8d12-20395c099e28/datanode-4/data/ratis/cf4e1233-b597-4144-b6d3-ea3ee302631a: created new log segment /workdir/hadoop-ozone/integration-test/target/test-dir/MiniOzoneClusterImpl-ddc7a5e3-92e7-4869-8d12-20395c099e28/datanode-4/data/ratis/cf4e1233-b597-4144-b6d3-ea3ee302631a/current/log_inprogress_0
2019-08-23 02:50:22,583 | INFO  | SCMAudit | user=jenkins1000 | ip=192.168.36.77 | op=SEND_HEARTBEAT {datanodeUUID=7d1d5090-b1ef-4680-bded-086545998ddd, command=[]} | ret=SUCCESS |  
2019-08-23 02:50:22,734 [grpc-default-executor-1] INFO  client.GrpcClientProtocolClient (GrpcClientProtocolClient.java:onNext(255)) - client-0DF4BF829A7E->ecd3787f-2b30-4c06-af2c-0a727538b2a6: receive RaftClientReply:client-0DF4BF829A7E->ecd3787f-2b30-4c06-af2c-0a727538b2a6@group-0DF14E4B3894, cid=94, FAILED org.apache.ratis.protocol.NotLeaderException: Server ecd3787f-2b30-4c06-af2c-0a727538b2a6 is not the leader (null). Request must be sent to leader., logIndex=0, commits[ecd3787f-2b30-4c06-af2c-0a727538b2a6:c-1]
2019-08-23 02:50:22,753 | INFO  | SCMAudit | user=jenkins1000 | ip=192.168.36.77 | op=SEND_HEARTBEAT {datanodeUUID=6e366328-a21a-42d1-a497-c25b5c1bc291, command=[]} | ret=SUCCESS |  
2019-08-23 02:50:22,816 | INFO  | SCMAudit | user=jenkins1000 | ip=192.168.36.77 | op=SEND_HEARTBEAT {datanodeUUID=7fac1d6a-2836-41bb-912e-0cc81c617797, command=[]} | ret=SUCCESS |  
2019-08-23 02:50:23,047 | INFO  | SCMAudit | user=jenkins1000 | ip=192.168.36.77 | op=SEND_HEARTBEAT {datanodeUUID=36d2002e-42fa-435d-a060-c1875d20dd5b, command=[]} | ret=SUCCESS |  
2019-08-23 02:50:23,047 | INFO  | SCMAudit | user=jenkins1000 | ip=192.168.36.77 | op=SEND_HEARTBEAT {datanodeUUID=15fd999f-62be-4877-833a-993ce600606a, command=[]} | ret=SUCCESS |  
2019-08-23 02:50:23,047 | INFO  | SCMAudit | user=jenkins1000 | ip=192.168.36.77 | op=SEND_HEARTBEAT {datanodeUUID=5c5e51ce-aa4b-45fa-b548-3aebeb03959c, command=[]} | ret=SUCCESS |  
2019-08-23 02:50:23,115 | INFO  | SCMAudit | user=jenkins1000 | ip=192.168.36.77 | op=SEND_HEARTBEAT {datanodeUUID=ecd3787f-2b30-4c06-af2c-0a727538b2a6, command=[]} | ret=SUCCESS |  
2019-08-23 02:50:23,142 | INFO  | SCMAudit | user=jenkins1000 | ip=192.168.36.77 | op=SEND_HEARTBEAT {datanodeUUID=e824def4-fdb0-4d06-a3a6-273d371b8d7d, command=[]} | ret=SUCCESS |  
2019-08-23 02:50:23,145 | INFO  | SCMAudit | user=jenkins1000 | ip=192.168.36.77 | op=SEND_HEARTBEAT {datanodeUUID=004b6b6e-41ce-4475-9f2f-481aedf9c953, command=[]} | ret=SUCCESS |  
2019-08-23 02:50:23,298 | INFO  | SCMAudit | user=jenkins1000 | ip=192.168.36.77 | op=SEND_HEARTBEAT {datanodeUUID=4e26a0b2-e9f6-4006-875a-ebcdd6a63049, command=[]} | ret=SUCCESS |  
2019-08-23 02:50:23,351 | INFO  | SCMAudit | user=jenkins1000 | ip=192.168.36.77 | op=SEND_HEARTBEAT {datanodeUUID=50e43da2-e7e0-478c-b7e8-9638b0c061cc, command=[]} | ret=SUCCESS |  
2019-08-23 02:50:23,357 | INFO  | SCMAudit | user=jenkins1000 | ip=192.168.36.77 | op=SEND_HEARTBEAT {datanodeUUID=10c22d4b-82dd-4f6e-83af-e52ab1885d9d, command=[]} | ret=SUCCESS |  
2019-08-23 02:50:23,532 | INFO  | SCMAudit | user=jenkins1000 | ip=192.168.36.77 | op=SEND_HEARTBEAT {datanodeUUID=674baee6-143c-441e-9e30-0d895b06f838, command=[]} | ret=SUCCESS |  
2019-08-23 02:50:23,532 | INFO  | SCMAudit | user=jenkins1000 | ip=192.168.36.77 | op=SEND_HEARTBEAT {datanodeUUID=5a5db0ee-9a70-437e-b34f-780f5bc0d289, command=[]} | ret=SUCCESS |  
2019-08-23 02:50:23,584 | INFO  | SCMAudit | user=jenkins1000 | ip=192.168.36.77 | op=SEND_HEARTBEAT {datanodeUUID=7d1d5090-b1ef-4680-bded-086545998ddd, command=[]} | ret=SUCCESS |  
2019-08-23 02:50:23,747 | INFO  | SCMAudit | user=jenkins1000 | ip=192.168.36.77 | op=SEND_HEARTBEAT {datanodeUUID=6e366328-a21a-42d1-a497-c25b5c1bc291, command=[]} | ret=SUCCESS |  
2019-08-23 02:50:23,757 [grpc-default-executor-5] INFO  client.GrpcClientProtocolClient (GrpcClientProtocolClient.java:onNext(255)) - client-0DF4BF829A7E->10c22d4b-82dd-4f6e-83af-e52ab1885d9d: receive RaftClientReply:client-0DF4BF829A7E->10c22d4b-82dd-4f6e-83af-e52ab1885d9d@group-0DF14E4B3894, cid=94, FAILED org.apache.ratis.protocol.NotLeaderException: Server 10c22d4b-82dd-4f6e-83af-e52ab1885d9d is not the leader (null). Request must be sent to leader., logIndex=0, commits[10c22d4b-82dd-4f6e-83af-e52ab1885d9d:c-1]
2019-08-23 02:50:23,817 | INFO  | SCMAudit | user=jenkins1000 | ip=192.168.36.77 | op=SEND_HEARTBEAT {datanodeUUID=7fac1d6a-2836-41bb-912e-0cc81c617797, command=[]} | ret=SUCCESS |  
2019-08-23 02:50:24,046 | INFO  | SCMAudit | user=jenkins1000 | ip=192.168.36.77 | op=SEND_HEARTBEAT {datanodeUUID=36d2002e-42fa-435d-a060-c1875d20dd5b, command=[]} | ret=SUCCESS |  
2019-08-23 02:50:24,047 | INFO  | SCMAudit | user=jenkins1000 | ip=192.168.36.77 | op=SEND_HEARTBEAT {datanodeUUID=15fd999f-62be-4877-833a-993ce600606a, command=[]} | ret=SUCCESS |  
2019-08-23 02:50:24,048 | INFO  | SCMAudit | user=jenkins1000 | ip=192.168.36.77 | op=SEND_HEARTBEAT {datanodeUUID=5c5e51ce-aa4b-45fa-b548-3aebeb03959c, command=[]} | ret=SUCCESS |  
2019-08-23 02:50:24,115 | INFO  | SCMAudit | user=jenkins1000 | ip=192.168.36.77 | op=SEND_HEARTBEAT {datanodeUUID=ecd3787f-2b30-4c06-af2c-0a727538b2a6, command=[]} | ret=SUCCESS |  
2019-08-23 02:50:24,142 | INFO  | SCMAudit | user=jenkins1000 | ip=192.168.36.77 | op=SEND_HEARTBEAT {datanodeUUID=e824def4-fdb0-4d06-a3a6-273d371b8d7d, command=[]} | ret=SUCCESS |  
2019-08-23 02:50:24,145 | INFO  | SCMAudit | user=jenkins1000 | ip=192.168.36.77 | op=SEND_HEARTBEAT {datanodeUUID=004b6b6e-41ce-4475-9f2f-481aedf9c953, command=[]} | ret=SUCCESS |  
2019-08-23 02:50:24,298 | INFO  | SCMAudit | user=jenkins1000 | ip=192.168.36.77 | op=SEND_HEARTBEAT {datanodeUUID=4e26a0b2-e9f6-4006-875a-ebcdd6a63049, command=[]} | ret=SUCCESS |  
2019-08-23 02:50:24,351 | INFO  | SCMAudit | user=jenkins1000 | ip=192.168.36.77 | op=SEND_HEARTBEAT {datanodeUUID=50e43da2-e7e0-478c-b7e8-9638b0c061cc, command=[]} | ret=SUCCESS |  
2019-08-23 02:50:24,358 | INFO  | SCMAudit | user=jenkins1000 | ip=192.168.36.77 | op=SEND_HEARTBEAT {datanodeUUID=10c22d4b-82dd-4f6e-83af-e52ab1885d9d, command=[]} | ret=SUCCESS |  
2019-08-23 02:50:24,532 | INFO  | SCMAudit | user=jenkins1000 | ip=192.168.36.77 | op=SEND_HEARTBEAT {datanodeUUID=674baee6-143c-441e-9e30-0d895b06f838, command=[]} | ret=SUCCESS |  
2019-08-23 02:50:24,532 | INFO  | SCMAudit | user=jenkins1000 | ip=192.168.36.77 | op=SEND_HEARTBEAT {datanodeUUID=5a5db0ee-9a70-437e-b34f-780f5bc0d289, command=[]} | ret=SUCCESS |  
2019-08-23 02:50:24,583 | INFO  | SCMAudit | user=jenkins1000 | ip=192.168.36.77 | op=SEND_HEARTBEAT {datanodeUUID=7d1d5090-b1ef-4680-bded-086545998ddd, command=[]} | ret=SUCCESS |  
2019-08-23 02:50:24,748 | INFO  | SCMAudit | user=jenkins1000 | ip=192.168.36.77 | op=SEND_HEARTBEAT {datanodeUUID=6e366328-a21a-42d1-a497-c25b5c1bc291, command=[]} | ret=SUCCESS |  
2019-08-23 02:50:24,774 [grpc-default-executor-5] INFO  client.GrpcClientProtocolClient (GrpcClientProtocolClient.java:onNext(255)) - client-0DF4BF829A7E->7d1d5090-b1ef-4680-bded-086545998ddd: receive RaftClientReply:client-0DF4BF829A7E->7d1d5090-b1ef-4680-bded-086545998ddd@group-0DF14E4B3894, cid=94, FAILED org.apache.ratis.protocol.NotLeaderException: Server 7d1d5090-b1ef-4680-bded-086545998ddd is not the leader (null). Request must be sent to leader., logIndex=0, commits[7d1d5090-b1ef-4680-bded-086545998ddd:c-1]
2019-08-23 02:50:24,810 [Thread-2463] INFO  impl.FollowerState (FollowerState.java:run(106)) - 15fd999f-62be-4877-833a-993ce600606a:group-A52EBC6CCB0C changes to CANDIDATE, lastRpcTime:5033, electionTimeout:5033ms
2019-08-23 02:50:24,810 [Thread-2463] INFO  impl.RoleInfo (RoleInfo.java:shutdownFollowerState(121)) - 15fd999f-62be-4877-833a-993ce600606a: shutdown FollowerState
2019-08-23 02:50:24,810 [Thread-2463] INFO  impl.RaftServerImpl (RaftServerImpl.java:setRole(171)) - 15fd999f-62be-4877-833a-993ce600606a:group-A52EBC6CCB0C changes role from FOLLOWER to CANDIDATE at term 6 for changeToCandidate
2019-08-23 02:50:24,810 [Thread-2463] INFO  impl.RoleInfo (RoleInfo.java:updateAndGet(143)) - 15fd999f-62be-4877-833a-993ce600606a: start LeaderElection
2019-08-23 02:50:24,813 [Thread-2462] INFO  impl.FollowerState (FollowerState.java:run(106)) - e824def4-fdb0-4d06-a3a6-273d371b8d7d:group-A52EBC6CCB0C changes to CANDIDATE, lastRpcTime:5037, electionTimeout:5037ms
2019-08-23 02:50:24,814 [Thread-2462] INFO  impl.RoleInfo (RoleInfo.java:shutdownFollowerState(121)) - e824def4-fdb0-4d06-a3a6-273d371b8d7d: shutdown FollowerState
2019-08-23 02:50:24,814 [Thread-2462] INFO  impl.RaftServerImpl (RaftServerImpl.java:setRole(171)) - e824def4-fdb0-4d06-a3a6-273d371b8d7d:group-A52EBC6CCB0C changes role from FOLLOWER to CANDIDATE at term 6 for changeToCandidate
2019-08-23 02:50:24,814 [Thread-2462] INFO  impl.RoleInfo (RoleInfo.java:updateAndGet(143)) - e824def4-fdb0-4d06-a3a6-273d371b8d7d: start LeaderElection
2019-08-23 02:50:24,817 | INFO  | SCMAudit | user=jenkins1000 | ip=192.168.36.77 | op=SEND_HEARTBEAT {datanodeUUID=7fac1d6a-2836-41bb-912e-0cc81c617797, command=[]} | ret=SUCCESS |  
2019-08-23 02:50:24,818 [Thread-2459] INFO  impl.FollowerState (FollowerState.java:run(106)) - 6e366328-a21a-42d1-a497-c25b5c1bc291:group-F61A263991FE changes to CANDIDATE, lastRpcTime:5044, electionTimeout:5044ms
2019-08-23 02:50:24,818 [Thread-2459] INFO  impl.RoleInfo (RoleInfo.java:shutdownFollowerState(121)) - 6e366328-a21a-42d1-a497-c25b5c1bc291: shutdown FollowerState
2019-08-23 02:50:24,818 [Thread-2459] INFO  impl.RaftServerImpl (RaftServerImpl.java:setRole(171)) - 6e366328-a21a-42d1-a497-c25b5c1bc291:group-F61A263991FE changes role from FOLLOWER to CANDIDATE at term 6 for changeToCandidate
2019-08-23 02:50:24,818 [Thread-2459] INFO  impl.RoleInfo (RoleInfo.java:updateAndGet(143)) - 6e366328-a21a-42d1-a497-c25b5c1bc291: start LeaderElection
2019-08-23 02:50:24,844 [e824def4-fdb0-4d06-a3a6-273d371b8d7d:group-A52EBC6CCB0C:LeaderElection118] INFO  impl.LeaderElection (LeaderElection.java:askForVotes(181)) - e824def4-fdb0-4d06-a3a6-273d371b8d7d:group-A52EBC6CCB0C:LeaderElection118: begin an election at term 7 for -1: [15fd999f-62be-4877-833a-993ce600606a:192.168.36.77:35226, 674baee6-143c-441e-9e30-0d895b06f838:192.168.36.77:39798, e824def4-fdb0-4d06-a3a6-273d371b8d7d:192.168.36.77:38058], old=null
2019-08-23 02:50:24,844 [15fd999f-62be-4877-833a-993ce600606a:group-A52EBC6CCB0C:LeaderElection117] INFO  impl.LeaderElection (LeaderElection.java:askForVotes(181)) - 15fd999f-62be-4877-833a-993ce600606a:group-A52EBC6CCB0C:LeaderElection117: begin an election at term 7 for -1: [15fd999f-62be-4877-833a-993ce600606a:192.168.36.77:35226, 674baee6-143c-441e-9e30-0d895b06f838:192.168.36.77:39798, e824def4-fdb0-4d06-a3a6-273d371b8d7d:192.168.36.77:38058], old=null
2019-08-23 02:50:24,844 [6e366328-a21a-42d1-a497-c25b5c1bc291:group-F61A263991FE:LeaderElection119] INFO  impl.LeaderElection (LeaderElection.java:askForVotes(181)) - 6e366328-a21a-42d1-a497-c25b5c1bc291:group-F61A263991FE:LeaderElection119: begin an election at term 7 for -1: [004b6b6e-41ce-4475-9f2f-481aedf9c953:192.168.36.77:45065, 50e43da2-e7e0-478c-b7e8-9638b0c061cc:192.168.36.77:45690, 6e366328-a21a-42d1-a497-c25b5c1bc291:192.168.36.77:39747], old=null
2019-08-23 02:50:24,847 [grpc-default-executor-5] INFO  impl.RaftServerImpl (RaftServerImpl.java:setRole(171)) - 004b6b6e-41ce-4475-9f2f-481aedf9c953:group-F61A263991FE changes role from FOLLOWER to FOLLOWER at term 7 for recognizeCandidate:6e366328-a21a-42d1-a497-c25b5c1bc291
2019-08-23 02:50:24,847 [Thread-2464] INFO  impl.FollowerState (FollowerState.java:run(106)) - 50e43da2-e7e0-478c-b7e8-9638b0c061cc:group-F61A263991FE changes to CANDIDATE, lastRpcTime:5070, electionTimeout:5070ms
2019-08-23 02:50:24,847 [Thread-2464] INFO  impl.RoleInfo (RoleInfo.java:shutdownFollowerState(121)) - 50e43da2-e7e0-478c-b7e8-9638b0c061cc: shutdown FollowerState
2019-08-23 02:50:24,847 [Thread-2464] INFO  impl.RaftServerImpl (RaftServerImpl.java:setRole(171)) - 50e43da2-e7e0-478c-b7e8-9638b0c061cc:group-F61A263991FE changes role from FOLLOWER to CANDIDATE at term 6 for changeToCandidate
2019-08-23 02:50:24,847 [grpc-default-executor-1] INFO  impl.RaftServerImpl (RaftServerImpl.java:setRole(171)) - 674baee6-143c-441e-9e30-0d895b06f838:group-A52EBC6CCB0C changes role from FOLLOWER to FOLLOWER at term 7 for recognizeCandidate:15fd999f-62be-4877-833a-993ce600606a
2019-08-23 02:50:24,848 [grpc-default-executor-5] INFO  impl.RoleInfo (RoleInfo.java:shutdownFollowerState(121)) - 004b6b6e-41ce-4475-9f2f-481aedf9c953: shutdown FollowerState
2019-08-23 02:50:24,848 [Thread-2464] INFO  impl.RoleInfo (RoleInfo.java:updateAndGet(143)) - 50e43da2-e7e0-478c-b7e8-9638b0c061cc: start LeaderElection
2019-08-23 02:50:24,848 [grpc-default-executor-5] INFO  impl.RoleInfo (RoleInfo.java:updateAndGet(143)) - 004b6b6e-41ce-4475-9f2f-481aedf9c953: start FollowerState
2019-08-23 02:50:24,848 [Thread-2460] INFO  impl.FollowerState (FollowerState.java:run(114)) - 004b6b6e-41ce-4475-9f2f-481aedf9c953: FollowerState was interrupted: java.lang.InterruptedException: sleep interrupted
2019-08-23 02:50:24,848 [grpc-default-executor-1] INFO  impl.RoleInfo (RoleInfo.java:shutdownFollowerState(121)) - 674baee6-143c-441e-9e30-0d895b06f838: shutdown FollowerState
2019-08-23 02:50:24,849 [grpc-default-executor-1] INFO  impl.RoleInfo (RoleInfo.java:updateAndGet(143)) - 674baee6-143c-441e-9e30-0d895b06f838: start FollowerState
2019-08-23 02:50:24,849 [Thread-2461] INFO  impl.FollowerState (FollowerState.java:run(114)) - 674baee6-143c-441e-9e30-0d895b06f838: FollowerState was interrupted: java.lang.InterruptedException: sleep interrupted
2019-08-23 02:50:24,865 [50e43da2-e7e0-478c-b7e8-9638b0c061cc:group-F61A263991FE:LeaderElection120] INFO  impl.LeaderElection (LeaderElection.java:askForVotes(181)) - 50e43da2-e7e0-478c-b7e8-9638b0c061cc:group-F61A263991FE:LeaderElection120: begin an election at term 7 for -1: [004b6b6e-41ce-4475-9f2f-481aedf9c953:192.168.36.77:45065, 50e43da2-e7e0-478c-b7e8-9638b0c061cc:192.168.36.77:45690, 6e366328-a21a-42d1-a497-c25b5c1bc291:192.168.36.77:39747], old=null
2019-08-23 02:50:24,866 [6e366328-a21a-42d1-a497-c25b5c1bc291:group-F61A263991FE:LeaderElection119] INFO  impl.LeaderElection (LeaderElection.java:logAndReturn(56)) - 6e366328-a21a-42d1-a497-c25b5c1bc291:group-F61A263991FE:LeaderElection119: Election PASSED; received 2 response(s) [6e366328-a21a-42d1-a497-c25b5c1bc291<-004b6b6e-41ce-4475-9f2f-481aedf9c953#0:OK-t7, 6e366328-a21a-42d1-a497-c25b5c1bc291<-50e43da2-e7e0-478c-b7e8-9638b0c061cc#0:FAIL-t7] and 0 exception(s); 6e366328-a21a-42d1-a497-c25b5c1bc291:t7, leader=null, voted=6e366328-a21a-42d1-a497-c25b5c1bc291, raftlog=6e366328-a21a-42d1-a497-c25b5c1bc291-SegmentedRaftLog:OPENED:c-1,f-1,i0, conf=-1: [004b6b6e-41ce-4475-9f2f-481aedf9c953:192.168.36.77:45065, 50e43da2-e7e0-478c-b7e8-9638b0c061cc:192.168.36.77:45690, 6e366328-a21a-42d1-a497-c25b5c1bc291:192.168.36.77:39747], old=null
2019-08-23 02:50:24,866 [15fd999f-62be-4877-833a-993ce600606a:group-A52EBC6CCB0C:LeaderElection117] INFO  impl.LeaderElection (LeaderElection.java:logAndReturn(56)) - 15fd999f-62be-4877-833a-993ce600606a:group-A52EBC6CCB0C:LeaderElection117: Election PASSED; received 2 response(s) [15fd999f-62be-4877-833a-993ce600606a<-674baee6-143c-441e-9e30-0d895b06f838#0:OK-t7, 15fd999f-62be-4877-833a-993ce600606a<-e824def4-fdb0-4d06-a3a6-273d371b8d7d#0:FAIL-t7] and 0 exception(s); 15fd999f-62be-4877-833a-993ce600606a:t7, leader=null, voted=15fd999f-62be-4877-833a-993ce600606a, raftlog=15fd999f-62be-4877-833a-993ce600606a-SegmentedRaftLog:OPENED:c-1,f-1,i0, conf=-1: [15fd999f-62be-4877-833a-993ce600606a:192.168.36.77:35226, 674baee6-143c-441e-9e30-0d895b06f838:192.168.36.77:39798, e824def4-fdb0-4d06-a3a6-273d371b8d7d:192.168.36.77:38058], old=null
2019-08-23 02:50:24,866 [6e366328-a21a-42d1-a497-c25b5c1bc291:group-F61A263991FE:LeaderElection119] INFO  impl.RoleInfo (RoleInfo.java:shutdownLeaderElection(134)) - 6e366328-a21a-42d1-a497-c25b5c1bc291: shutdown LeaderElection
2019-08-23 02:50:24,867 [e824def4-fdb0-4d06-a3a6-273d371b8d7d:group-A52EBC6CCB0C:LeaderElection118] INFO  impl.LeaderElection (LeaderElection.java:logAndReturn(56)) - e824def4-fdb0-4d06-a3a6-273d371b8d7d:group-A52EBC6CCB0C:LeaderElection118: Election REJECTED; received 2 response(s) [e824def4-fdb0-4d06-a3a6-273d371b8d7d<-15fd999f-62be-4877-833a-993ce600606a#0:FAIL-t7, e824def4-fdb0-4d06-a3a6-273d371b8d7d<-674baee6-143c-441e-9e30-0d895b06f838#0:FAIL-t7] and 0 exception(s); e824def4-fdb0-4d06-a3a6-273d371b8d7d:t7, leader=null, voted=e824def4-fdb0-4d06-a3a6-273d371b8d7d, raftlog=e824def4-fdb0-4d06-a3a6-273d371b8d7d-SegmentedRaftLog:OPENED:c-1,f-1,i0, conf=-1: [15fd999f-62be-4877-833a-993ce600606a:192.168.36.77:35226, 674baee6-143c-441e-9e30-0d895b06f838:192.168.36.77:39798, e824def4-fdb0-4d06-a3a6-273d371b8d7d:192.168.36.77:38058], old=null
2019-08-23 02:50:24,866 [15fd999f-62be-4877-833a-993ce600606a:group-A52EBC6CCB0C:LeaderElection117] INFO  impl.RoleInfo (RoleInfo.java:shutdownLeaderElection(134)) - 15fd999f-62be-4877-833a-993ce600606a: shutdown LeaderElection
2019-08-23 02:50:24,867 [e824def4-fdb0-4d06-a3a6-273d371b8d7d:group-A52EBC6CCB0C:LeaderElection118] INFO  impl.RaftServerImpl (RaftServerImpl.java:setRole(171)) - e824def4-fdb0-4d06-a3a6-273d371b8d7d:group-A52EBC6CCB0C changes role from CANDIDATE to FOLLOWER at term 7 for DISCOVERED_A_NEW_TERM
2019-08-23 02:50:24,867 [6e366328-a21a-42d1-a497-c25b5c1bc291:group-F61A263991FE:LeaderElection119] INFO  impl.RaftServerImpl (RaftServerImpl.java:setRole(171)) - 6e366328-a21a-42d1-a497-c25b5c1bc291:group-F61A263991FE changes role from CANDIDATE to LEADER at term 7 for changeToLeader
2019-08-23 02:50:24,867 [e824def4-fdb0-4d06-a3a6-273d371b8d7d:group-A52EBC6CCB0C:LeaderElection118] INFO  impl.RoleInfo (RoleInfo.java:shutdownLeaderElection(134)) - e824def4-fdb0-4d06-a3a6-273d371b8d7d: shutdown LeaderElection
2019-08-23 02:50:24,867 [15fd999f-62be-4877-833a-993ce600606a:group-A52EBC6CCB0C:LeaderElection117] INFO  impl.RaftServerImpl (RaftServerImpl.java:setRole(171)) - 15fd999f-62be-4877-833a-993ce600606a:group-A52EBC6CCB0C changes role from CANDIDATE to LEADER at term 7 for changeToLeader
2019-08-23 02:50:24,868 [15fd999f-62be-4877-833a-993ce600606a:group-A52EBC6CCB0C:LeaderElection117] INFO  impl.RaftServerImpl (ServerState.java:setLeader(263)) - 15fd999f-62be-4877-833a-993ce600606a:group-A52EBC6CCB0C change Leader from null to 15fd999f-62be-4877-833a-993ce600606a at term 7 for becomeLeader, leader elected after 37709ms
2019-08-23 02:50:24,868 [e824def4-fdb0-4d06-a3a6-273d371b8d7d:group-A52EBC6CCB0C:LeaderElection118] INFO  impl.RoleInfo (RoleInfo.java:updateAndGet(143)) - e824def4-fdb0-4d06-a3a6-273d371b8d7d: start FollowerState
2019-08-23 02:50:24,867 [6e366328-a21a-42d1-a497-c25b5c1bc291:group-F61A263991FE:LeaderElection119] INFO  impl.RaftServerImpl (ServerState.java:setLeader(263)) - 6e366328-a21a-42d1-a497-c25b5c1bc291:group-F61A263991FE change Leader from null to 6e366328-a21a-42d1-a497-c25b5c1bc291 at term 7 for becomeLeader, leader elected after 38085ms
2019-08-23 02:50:24,868 [15fd999f-62be-4877-833a-993ce600606a:group-A52EBC6CCB0C:LeaderElection117] INFO  server.RaftServerConfigKeys (ConfUtils.java:logGet(43)) - raft.server.staging.catchup.gap = 1000 (default)
2019-08-23 02:50:24,868 [6e366328-a21a-42d1-a497-c25b5c1bc291:group-F61A263991FE:LeaderElection119] INFO  server.RaftServerConfigKeys (ConfUtils.java:logGet(43)) - raft.server.staging.catchup.gap = 1000 (default)
2019-08-23 02:50:24,868 [15fd999f-62be-4877-833a-993ce600606a:group-A52EBC6CCB0C:LeaderElection117] INFO  server.RaftServerConfigKeys (ConfUtils.java:logGet(43)) - raft.server.rpc.sleep.time = 25ms (default)
2019-08-23 02:50:24,868 [6e366328-a21a-42d1-a497-c25b5c1bc291:group-F61A263991FE:LeaderElection119] INFO  server.RaftServerConfigKeys (ConfUtils.java:logGet(43)) - raft.server.rpc.sleep.time = 25ms (default)
2019-08-23 02:50:24,868 [15fd999f-62be-4877-833a-993ce600606a:group-A52EBC6CCB0C:LeaderElection117] INFO  server.RaftServerConfigKeys (ConfUtils.java:logGet(43)) - raft.server.write.element-limit = 4096 (default)
2019-08-23 02:50:24,869 [6e366328-a21a-42d1-a497-c25b5c1bc291:group-F61A263991FE:LeaderElection119] INFO  server.RaftServerConfigKeys (ConfUtils.java:logGet(43)) - raft.server.write.element-limit = 4096 (default)
2019-08-23 02:50:24,869 [15fd999f-62be-4877-833a-993ce600606a:group-A52EBC6CCB0C:LeaderElection117] INFO  server.RaftServerConfigKeys (ConfUtils.java:logGet(43)) - raft.server.watch.timeout = 10s (default)
2019-08-23 02:50:24,869 [6e366328-a21a-42d1-a497-c25b5c1bc291:group-F61A263991FE:LeaderElection119] INFO  server.RaftServerConfigKeys (ConfUtils.java:logGet(43)) - raft.server.watch.timeout = 10s (default)
2019-08-23 02:50:24,869 [15fd999f-62be-4877-833a-993ce600606a:group-A52EBC6CCB0C:LeaderElection117] INFO  server.RaftServerConfigKeys (ConfUtils.java:logGet(43)) - raft.server.watch.timeout.denomination = 1s (default)
2019-08-23 02:50:24,869 [6e366328-a21a-42d1-a497-c25b5c1bc291:group-F61A263991FE:LeaderElection119] INFO  server.RaftServerConfigKeys (ConfUtils.java:logGet(43)) - raft.server.watch.timeout.denomination = 1s (default)
2019-08-23 02:50:24,869 [15fd999f-62be-4877-833a-993ce600606a:group-A52EBC6CCB0C:LeaderElection117] INFO  server.RaftServerConfigKeys (ConfUtils.java:logGet(43)) - raft.server.watch.element-limit = 65536 (default)
2019-08-23 02:50:24,869 [6e366328-a21a-42d1-a497-c25b5c1bc291:group-F61A263991FE:LeaderElection119] INFO  server.RaftServerConfigKeys (ConfUtils.java:logGet(43)) - raft.server.watch.element-limit = 65536 (default)
2019-08-23 02:50:24,870 [15fd999f-62be-4877-833a-993ce600606a:group-A52EBC6CCB0C:LeaderElection117] INFO  server.RaftServerConfigKeys (ConfUtils.java:logGet(43)) - raft.server.log.appender.snapshot.chunk.size.max = 16MB (=16777216) (default)
2019-08-23 02:50:24,870 [6e366328-a21a-42d1-a497-c25b5c1bc291:group-F61A263991FE:LeaderElection119] INFO  server.RaftServerConfigKeys (ConfUtils.java:logGet(43)) - raft.server.log.appender.snapshot.chunk.size.max = 16MB (=16777216) (default)
2019-08-23 02:50:24,870 [15fd999f-62be-4877-833a-993ce600606a:group-A52EBC6CCB0C:LeaderElection117] INFO  server.RaftServerConfigKeys (ConfUtils.java:logGet(43)) - raft.server.log.appender.buffer.byte-limit = 33554432 (custom)
2019-08-23 02:50:24,870 [6e366328-a21a-42d1-a497-c25b5c1bc291:group-F61A263991FE:LeaderElection119] INFO  server.RaftServerConfigKeys (ConfUtils.java:logGet(43)) - raft.server.log.appender.buffer.byte-limit = 33554432 (custom)
2019-08-23 02:50:24,870 [15fd999f-62be-4877-833a-993ce600606a:group-A52EBC6CCB0C:LeaderElection117] INFO  server.RaftServerConfigKeys (ConfUtils.java:logGet(43)) - raft.server.log.appender.buffer.element-limit = 1 (custom)
2019-08-23 02:50:24,870 [6e366328-a21a-42d1-a497-c25b5c1bc291:group-F61A263991FE:LeaderElection119] INFO  server.RaftServerConfigKeys (ConfUtils.java:logGet(43)) - raft.server.log.appender.buffer.element-limit = 1 (custom)
2019-08-23 02:50:24,871 [15fd999f-62be-4877-833a-993ce600606a:group-A52EBC6CCB0C:LeaderElection117] INFO  grpc.GrpcConfigKeys$Server (ConfUtils.java:logGet(43)) - raft.grpc.server.leader.outstanding.appends.max = 128 (default)
2019-08-23 02:50:24,871 [6e366328-a21a-42d1-a497-c25b5c1bc291:group-F61A263991FE:LeaderElection119] INFO  grpc.GrpcConfigKeys$Server (ConfUtils.java:logGet(43)) - raft.grpc.server.leader.outstanding.appends.max = 128 (default)
2019-08-23 02:50:24,871 [15fd999f-62be-4877-833a-993ce600606a:group-A52EBC6CCB0C:LeaderElection117] INFO  server.RaftServerConfigKeys (ConfUtils.java:logGet(43)) - raft.server.rpc.request.timeout = 3000ms (default)
2019-08-23 02:50:24,871 [6e366328-a21a-42d1-a497-c25b5c1bc291:group-F61A263991FE:LeaderElection119] INFO  server.RaftServerConfigKeys (ConfUtils.java:logGet(43)) - raft.server.rpc.request.timeout = 3000ms (default)
2019-08-23 02:50:24,871 [15fd999f-62be-4877-833a-993ce600606a:group-A52EBC6CCB0C:LeaderElection117] INFO  server.RaftServerConfigKeys (ConfUtils.java:logGet(43)) - raft.server.log.appender.install.snapshot.enabled = false (custom)
2019-08-23 02:50:24,871 [6e366328-a21a-42d1-a497-c25b5c1bc291:group-F61A263991FE:LeaderElection119] INFO  server.RaftServerConfigKeys (ConfUtils.java:logGet(43)) - raft.server.log.appender.install.snapshot.enabled = false (custom)
2019-08-23 02:50:24,871 [15fd999f-62be-4877-833a-993ce600606a:group-A52EBC6CCB0C:LeaderElection117] INFO  server.RaftServerConfigKeys (ConfUtils.java:logGet(43)) - raft.server.log.appender.snapshot.chunk.size.max = 16MB (=16777216) (default)
2019-08-23 02:50:24,872 [6e366328-a21a-42d1-a497-c25b5c1bc291:group-F61A263991FE:LeaderElection119] INFO  server.RaftServerConfigKeys (ConfUtils.java:logGet(43)) - raft.server.log.appender.snapshot.chunk.size.max = 16MB (=16777216) (default)
2019-08-23 02:50:24,872 [15fd999f-62be-4877-833a-993ce600606a:group-A52EBC6CCB0C:LeaderElection117] INFO  server.RaftServerConfigKeys (ConfUtils.java:logGet(43)) - raft.server.log.appender.buffer.byte-limit = 33554432 (custom)
2019-08-23 02:50:24,872 [6e366328-a21a-42d1-a497-c25b5c1bc291:group-F61A263991FE:LeaderElection119] INFO  server.RaftServerConfigKeys (ConfUtils.java:logGet(43)) - raft.server.log.appender.buffer.byte-limit = 33554432 (custom)
2019-08-23 02:50:24,872 [15fd999f-62be-4877-833a-993ce600606a:group-A52EBC6CCB0C:LeaderElection117] INFO  server.RaftServerConfigKeys (ConfUtils.java:logGet(43)) - raft.server.log.appender.buffer.element-limit = 1 (custom)
2019-08-23 02:50:24,872 [6e366328-a21a-42d1-a497-c25b5c1bc291:group-F61A263991FE:LeaderElection119] INFO  server.RaftServerConfigKeys (ConfUtils.java:logGet(43)) - raft.server.log.appender.buffer.element-limit = 1 (custom)
2019-08-23 02:50:24,872 [15fd999f-62be-4877-833a-993ce600606a:group-A52EBC6CCB0C:LeaderElection117] INFO  grpc.GrpcConfigKeys$Server (ConfUtils.java:logGet(43)) - raft.grpc.server.leader.outstanding.appends.max = 128 (default)
2019-08-23 02:50:24,873 [6e366328-a21a-42d1-a497-c25b5c1bc291:group-F61A263991FE:LeaderElection119] INFO  grpc.GrpcConfigKeys$Server (ConfUtils.java:logGet(43)) - raft.grpc.server.leader.outstanding.appends.max = 128 (default)
2019-08-23 02:50:24,873 [15fd999f-62be-4877-833a-993ce600606a:group-A52EBC6CCB0C:LeaderElection117] INFO  server.RaftServerConfigKeys (ConfUtils.java:logGet(43)) - raft.server.rpc.request.timeout = 3000ms (default)
2019-08-23 02:50:24,873 [6e366328-a21a-42d1-a497-c25b5c1bc291:group-F61A263991FE:LeaderElection119] INFO  server.RaftServerConfigKeys (ConfUtils.java:logGet(43)) - raft.server.rpc.request.timeout = 3000ms (default)
2019-08-23 02:50:24,873 [15fd999f-62be-4877-833a-993ce600606a:group-A52EBC6CCB0C:LeaderElection117] INFO  server.RaftServerConfigKeys (ConfUtils.java:logGet(43)) - raft.server.log.appender.install.snapshot.enabled = false (custom)
2019-08-23 02:50:24,873 [6e366328-a21a-42d1-a497-c25b5c1bc291:group-F61A263991FE:LeaderElection119] INFO  server.RaftServerConfigKeys (ConfUtils.java:logGet(43)) - raft.server.log.appender.install.snapshot.enabled = false (custom)
2019-08-23 02:50:24,873 [15fd999f-62be-4877-833a-993ce600606a:group-A52EBC6CCB0C:LeaderElection117] INFO  impl.RoleInfo (RoleInfo.java:updateAndGet(143)) - 15fd999f-62be-4877-833a-993ce600606a: start LeaderState
2019-08-23 02:50:24,873 [6e366328-a21a-42d1-a497-c25b5c1bc291:group-F61A263991FE:LeaderElection119] INFO  impl.RoleInfo (RoleInfo.java:updateAndGet(143)) - 6e366328-a21a-42d1-a497-c25b5c1bc291: start LeaderState
2019-08-23 02:50:24,874 [15fd999f-62be-4877-833a-993ce600606a:group-A52EBC6CCB0C:LeaderElection117] INFO  segmented.SegmentedRaftLogWorker (SegmentedRaftLogWorker.java:startLogSegment(380)) - 15fd999f-62be-4877-833a-993ce600606a-SegmentedRaftLogWorker:Storage Directory /workdir/hadoop-ozone/integration-test/target/test-dir/MiniOzoneClusterImpl-917d4659-6045-4365-874a-c9e7eed38027/datanode-5/data/ratis/1ed53567-8877-4588-babf-a52ebc6ccb0c: Starting segment from index:0
2019-08-23 02:50:24,874 [6e366328-a21a-42d1-a497-c25b5c1bc291:group-F61A263991FE:LeaderElection119] INFO  segmented.SegmentedRaftLogWorker (SegmentedRaftLogWorker.java:startLogSegment(380)) - 6e366328-a21a-42d1-a497-c25b5c1bc291-SegmentedRaftLogWorker:Storage Directory /workdir/hadoop-ozone/integration-test/target/test-dir/MiniOzoneClusterImpl-917d4659-6045-4365-874a-c9e7eed38027/datanode-4/data/ratis/f2422a76-fff7-40d3-b3c5-f61a263991fe: Starting segment from index:0
2019-08-23 02:50:24,874 [15fd999f-62be-4877-833a-993ce600606a:group-A52EBC6CCB0C:LeaderElection117] INFO  impl.RaftServerImpl (ServerState.java:setRaftConf(361)) - 15fd999f-62be-4877-833a-993ce600606a:group-A52EBC6CCB0C set configuration 0: [15fd999f-62be-4877-833a-993ce600606a:192.168.36.77:35226, 674baee6-143c-441e-9e30-0d895b06f838:192.168.36.77:39798, e824def4-fdb0-4d06-a3a6-273d371b8d7d:192.168.36.77:38058], old=null at 0
2019-08-23 02:50:24,875 [6e366328-a21a-42d1-a497-c25b5c1bc291:group-F61A263991FE:LeaderElection119] INFO  impl.RaftServerImpl (ServerState.java:setRaftConf(361)) - 6e366328-a21a-42d1-a497-c25b5c1bc291:group-F61A263991FE set configuration 0: [004b6b6e-41ce-4475-9f2f-481aedf9c953:192.168.36.77:45065, 50e43da2-e7e0-478c-b7e8-9638b0c061cc:192.168.36.77:45690, 6e366328-a21a-42d1-a497-c25b5c1bc291:192.168.36.77:39747], old=null at 0
2019-08-23 02:50:24,875 [grpc-default-executor-3] INFO  impl.RaftServerImpl (RaftServerImpl.java:requestVote(754)) - 6e366328-a21a-42d1-a497-c25b5c1bc291-LEADER: Withhold vote from candidate 50e43da2-e7e0-478c-b7e8-9638b0c061cc with term 7. State: leader=6e366328-a21a-42d1-a497-c25b5c1bc291, term=7, lastRpcElapsed=null
2019-08-23 02:50:24,876 [grpc-default-executor-1] INFO  impl.RaftServerImpl (ServerState.java:setLeader(263)) - 674baee6-143c-441e-9e30-0d895b06f838:group-A52EBC6CCB0C change Leader from null to 15fd999f-62be-4877-833a-993ce600606a at term 7 for appendEntries, leader elected after 37716ms
2019-08-23 02:50:24,876 [grpc-default-executor-3] INFO  impl.RaftServerImpl (RaftServerImpl.java:setRole(171)) - 50e43da2-e7e0-478c-b7e8-9638b0c061cc:group-F61A263991FE changes role from CANDIDATE to FOLLOWER at term 7 for appendEntries
2019-08-23 02:50:24,876 [grpc-default-executor-3] INFO  impl.RoleInfo (RoleInfo.java:shutdownLeaderElection(134)) - 50e43da2-e7e0-478c-b7e8-9638b0c061cc: shutdown LeaderElection
2019-08-23 02:50:24,876 [grpc-default-executor-2] INFO  impl.RaftServerImpl (ServerState.java:setLeader(263)) - 004b6b6e-41ce-4475-9f2f-481aedf9c953:group-F61A263991FE change Leader from null to 6e366328-a21a-42d1-a497-c25b5c1bc291 at term 7 for appendEntries, leader elected after 38093ms
2019-08-23 02:50:24,877 [50e43da2-e7e0-478c-b7e8-9638b0c061cc:group-F61A263991FE:LeaderElection120] INFO  impl.LeaderElection (LeaderElection.java:logAndReturn(56)) - 50e43da2-e7e0-478c-b7e8-9638b0c061cc:group-F61A263991FE:LeaderElection120: Election REJECTED; received 2 response(s) [50e43da2-e7e0-478c-b7e8-9638b0c061cc<-004b6b6e-41ce-4475-9f2f-481aedf9c953#0:FAIL-t7, 50e43da2-e7e0-478c-b7e8-9638b0c061cc<-6e366328-a21a-42d1-a497-c25b5c1bc291#0:FAIL-t7] and 0 exception(s); 50e43da2-e7e0-478c-b7e8-9638b0c061cc:t7, leader=null, voted=50e43da2-e7e0-478c-b7e8-9638b0c061cc, raftlog=50e43da2-e7e0-478c-b7e8-9638b0c061cc-SegmentedRaftLog:OPENED:c-1,f-1,i0, conf=-1: [004b6b6e-41ce-4475-9f2f-481aedf9c953:192.168.36.77:45065, 50e43da2-e7e0-478c-b7e8-9638b0c061cc:192.168.36.77:45690, 6e366328-a21a-42d1-a497-c25b5c1bc291:192.168.36.77:39747], old=null
2019-08-23 02:50:24,876 [grpc-default-executor-3] INFO  impl.RoleInfo (RoleInfo.java:updateAndGet(143)) - 50e43da2-e7e0-478c-b7e8-9638b0c061cc: start FollowerState
2019-08-23 02:50:24,877 [grpc-default-executor-5] INFO  impl.RaftServerImpl (ServerState.java:setLeader(263)) - e824def4-fdb0-4d06-a3a6-273d371b8d7d:group-A52EBC6CCB0C change Leader from null to 15fd999f-62be-4877-833a-993ce600606a at term 7 for appendEntries, leader elected after 37717ms
2019-08-23 02:50:24,956 [grpc-default-executor-3] INFO  impl.RaftServerImpl (ServerState.java:setLeader(263)) - 50e43da2-e7e0-478c-b7e8-9638b0c061cc:group-F61A263991FE change Leader from null to 6e366328-a21a-42d1-a497-c25b5c1bc291 at term 7 for appendEntries, leader elected after 38173ms
2019-08-23 02:50:24,958 [grpc-default-executor-5] INFO  impl.RaftServerImpl (ServerState.java:setRaftConf(361)) - 674baee6-143c-441e-9e30-0d895b06f838:group-A52EBC6CCB0C set configuration 0: [15fd999f-62be-4877-833a-993ce600606a:192.168.36.77:35226, 674baee6-143c-441e-9e30-0d895b06f838:192.168.36.77:39798, e824def4-fdb0-4d06-a3a6-273d371b8d7d:192.168.36.77:38058], old=null at 0
2019-08-23 02:50:24,958 [grpc-default-executor-5] INFO  segmented.SegmentedRaftLogWorker (SegmentedRaftLogWorker.java:startLogSegment(380)) - 674baee6-143c-441e-9e30-0d895b06f838-SegmentedRaftLogWorker:Storage Directory /workdir/hadoop-ozone/integration-test/target/test-dir/MiniOzoneClusterImpl-917d4659-6045-4365-874a-c9e7eed38027/datanode-3/data/ratis/1ed53567-8877-4588-babf-a52ebc6ccb0c: Starting segment from index:0
2019-08-23 02:50:24,959 [grpc-default-executor-3] INFO  impl.RaftServerImpl (ServerState.java:setRaftConf(361)) - 004b6b6e-41ce-4475-9f2f-481aedf9c953:group-F61A263991FE set configuration 0: [004b6b6e-41ce-4475-9f2f-481aedf9c953:192.168.36.77:45065, 50e43da2-e7e0-478c-b7e8-9638b0c061cc:192.168.36.77:45690, 6e366328-a21a-42d1-a497-c25b5c1bc291:192.168.36.77:39747], old=null at 0
2019-08-23 02:50:24,959 [grpc-default-executor-2] INFO  impl.RaftServerImpl (ServerState.java:setRaftConf(361)) - e824def4-fdb0-4d06-a3a6-273d371b8d7d:group-A52EBC6CCB0C set configuration 0: [15fd999f-62be-4877-833a-993ce600606a:192.168.36.77:35226, 674baee6-143c-441e-9e30-0d895b06f838:192.168.36.77:39798, e824def4-fdb0-4d06-a3a6-273d371b8d7d:192.168.36.77:38058], old=null at 0
2019-08-23 02:50:24,959 [grpc-default-executor-3] INFO  segmented.SegmentedRaftLogWorker (SegmentedRaftLogWorker.java:startLogSegment(380)) - 004b6b6e-41ce-4475-9f2f-481aedf9c953-SegmentedRaftLogWorker:Storage Directory /workdir/hadoop-ozone/integration-test/target/test-dir/MiniOzoneClusterImpl-917d4659-6045-4365-874a-c9e7eed38027/datanode-1/data/ratis/f2422a76-fff7-40d3-b3c5-f61a263991fe: Starting segment from index:0
2019-08-23 02:50:24,959 [grpc-default-executor-1] INFO  impl.RaftServerImpl (ServerState.java:setRaftConf(361)) - 50e43da2-e7e0-478c-b7e8-9638b0c061cc:group-F61A263991FE set configuration 0: [004b6b6e-41ce-4475-9f2f-481aedf9c953:192.168.36.77:45065, 50e43da2-e7e0-478c-b7e8-9638b0c061cc:192.168.36.77:45690, 6e366328-a21a-42d1-a497-c25b5c1bc291:192.168.36.77:39747], old=null at 0
2019-08-23 02:50:24,959 [grpc-default-executor-2] INFO  segmented.SegmentedRaftLogWorker (SegmentedRaftLogWorker.java:startLogSegment(380)) - e824def4-fdb0-4d06-a3a6-273d371b8d7d-SegmentedRaftLogWorker:Storage Directory /workdir/hadoop-ozone/integration-test/target/test-dir/MiniOzoneClusterImpl-917d4659-6045-4365-874a-c9e7eed38027/datanode-6/data/ratis/1ed53567-8877-4588-babf-a52ebc6ccb0c: Starting segment from index:0
2019-08-23 02:50:24,960 [grpc-default-executor-1] INFO  segmented.SegmentedRaftLogWorker (SegmentedRaftLogWorker.java:startLogSegment(380)) - 50e43da2-e7e0-478c-b7e8-9638b0c061cc-SegmentedRaftLogWorker:Storage Directory /workdir/hadoop-ozone/integration-test/target/test-dir/MiniOzoneClusterImpl-917d4659-6045-4365-874a-c9e7eed38027/datanode-2/data/ratis/f2422a76-fff7-40d3-b3c5-f61a263991fe: Starting segment from index:0
2019-08-23 02:50:24,975 [6e366328-a21a-42d1-a497-c25b5c1bc291-SegmentedRaftLogWorker:Storage Directory /workdir/hadoop-ozone/integration-test/target/test-dir/MiniOzoneClusterImpl-917d4659-6045-4365-874a-c9e7eed38027/datanode-4/data/ratis/f2422a76-fff7-40d3-b3c5-f61a263991fe] INFO  segmented.SegmentedRaftLogWorker (SegmentedRaftLogWorker.java:execute(569)) - 6e366328-a21a-42d1-a497-c25b5c1bc291-SegmentedRaftLogWorker:Storage Directory /workdir/hadoop-ozone/integration-test/target/test-dir/MiniOzoneClusterImpl-917d4659-6045-4365-874a-c9e7eed38027/datanode-4/data/ratis/f2422a76-fff7-40d3-b3c5-f61a263991fe: created new log segment /workdir/hadoop-ozone/integration-test/target/test-dir/MiniOzoneClusterImpl-917d4659-6045-4365-874a-c9e7eed38027/datanode-4/data/ratis/f2422a76-fff7-40d3-b3c5-f61a263991fe/current/log_inprogress_0
2019-08-23 02:50:24,975 [15fd999f-62be-4877-833a-993ce600606a-SegmentedRaftLogWorker:Storage Directory /workdir/hadoop-ozone/integration-test/target/test-dir/MiniOzoneClusterImpl-917d4659-6045-4365-874a-c9e7eed38027/datanode-5/data/ratis/1ed53567-8877-4588-babf-a52ebc6ccb0c] INFO  segmented.SegmentedRaftLogWorker (SegmentedRaftLogWorker.java:execute(569)) - 15fd999f-62be-4877-833a-993ce600606a-SegmentedRaftLogWorker:Storage Directory /workdir/hadoop-ozone/integration-test/target/test-dir/MiniOzoneClusterImpl-917d4659-6045-4365-874a-c9e7eed38027/datanode-5/data/ratis/1ed53567-8877-4588-babf-a52ebc6ccb0c: created new log segment /workdir/hadoop-ozone/integration-test/target/test-dir/MiniOzoneClusterImpl-917d4659-6045-4365-874a-c9e7eed38027/datanode-5/data/ratis/1ed53567-8877-4588-babf-a52ebc6ccb0c/current/log_inprogress_0
2019-08-23 02:50:25,017 [004b6b6e-41ce-4475-9f2f-481aedf9c953-SegmentedRaftLogWorker:Storage Directory /workdir/hadoop-ozone/integration-test/target/test-dir/MiniOzoneClusterImpl-917d4659-6045-4365-874a-c9e7eed38027/datanode-1/data/ratis/f2422a76-fff7-40d3-b3c5-f61a263991fe] INFO  segmented.SegmentedRaftLogWorker (SegmentedRaftLogWorker.java:execute(569)) - 004b6b6e-41ce-4475-9f2f-481aedf9c953-SegmentedRaftLogWorker:Storage Directory /workdir/hadoop-ozone/integration-test/target/test-dir/MiniOzoneClusterImpl-917d4659-6045-4365-874a-c9e7eed38027/datanode-1/data/ratis/f2422a76-fff7-40d3-b3c5-f61a263991fe: created new log segment /workdir/hadoop-ozone/integration-test/target/test-dir/MiniOzoneClusterImpl-917d4659-6045-4365-874a-c9e7eed38027/datanode-1/data/ratis/f2422a76-fff7-40d3-b3c5-f61a263991fe/current/log_inprogress_0
2019-08-23 02:50:25,017 [50e43da2-e7e0-478c-b7e8-9638b0c061cc-SegmentedRaftLogWorker:Storage Directory /workdir/hadoop-ozone/integration-test/target/test-dir/MiniOzoneClusterImpl-917d4659-6045-4365-874a-c9e7eed38027/datanode-2/data/ratis/f2422a76-fff7-40d3-b3c5-f61a263991fe] INFO  segmented.SegmentedRaftLogWorker (SegmentedRaftLogWorker.java:execute(569)) - 50e43da2-e7e0-478c-b7e8-9638b0c061cc-SegmentedRaftLogWorker:Storage Directory /workdir/hadoop-ozone/integration-test/target/test-dir/MiniOzoneClusterImpl-917d4659-6045-4365-874a-c9e7eed38027/datanode-2/data/ratis/f2422a76-fff7-40d3-b3c5-f61a263991fe: created new log segment /workdir/hadoop-ozone/integration-test/target/test-dir/MiniOzoneClusterImpl-917d4659-6045-4365-874a-c9e7eed38027/datanode-2/data/ratis/f2422a76-fff7-40d3-b3c5-f61a263991fe/current/log_inprogress_0
2019-08-23 02:50:25,017 [674baee6-143c-441e-9e30-0d895b06f838-SegmentedRaftLogWorker:Storage Directory /workdir/hadoop-ozone/integration-test/target/test-dir/MiniOzoneClusterImpl-917d4659-6045-4365-874a-c9e7eed38027/datanode-3/data/ratis/1ed53567-8877-4588-babf-a52ebc6ccb0c] INFO  segmented.SegmentedRaftLogWorker (SegmentedRaftLogWorker.java:execute(569)) - 674baee6-143c-441e-9e30-0d895b06f838-SegmentedRaftLogWorker:Storage Directory /workdir/hadoop-ozone/integration-test/target/test-dir/MiniOzoneClusterImpl-917d4659-6045-4365-874a-c9e7eed38027/datanode-3/data/ratis/1ed53567-8877-4588-babf-a52ebc6ccb0c: created new log segment /workdir/hadoop-ozone/integration-test/target/test-dir/MiniOzoneClusterImpl-917d4659-6045-4365-874a-c9e7eed38027/datanode-3/data/ratis/1ed53567-8877-4588-babf-a52ebc6ccb0c/current/log_inprogress_0
2019-08-23 02:50:25,017 [e824def4-fdb0-4d06-a3a6-273d371b8d7d-SegmentedRaftLogWorker:Storage Directory /workdir/hadoop-ozone/integration-test/target/test-dir/MiniOzoneClusterImpl-917d4659-6045-4365-874a-c9e7eed38027/datanode-6/data/ratis/1ed53567-8877-4588-babf-a52ebc6ccb0c] INFO  segmented.SegmentedRaftLogWorker (SegmentedRaftLogWorker.java:execute(569)) - e824def4-fdb0-4d06-a3a6-273d371b8d7d-SegmentedRaftLogWorker:Storage Directory /workdir/hadoop-ozone/integration-test/target/test-dir/MiniOzoneClusterImpl-917d4659-6045-4365-874a-c9e7eed38027/datanode-6/data/ratis/1ed53567-8877-4588-babf-a52ebc6ccb0c: created new log segment /workdir/hadoop-ozone/integration-test/target/test-dir/MiniOzoneClusterImpl-917d4659-6045-4365-874a-c9e7eed38027/datanode-6/data/ratis/1ed53567-8877-4588-babf-a52ebc6ccb0c/current/log_inprogress_0
2019-08-23 02:50:25,046 | INFO  | SCMAudit | user=jenkins1000 | ip=192.168.36.77 | op=SEND_HEARTBEAT {datanodeUUID=36d2002e-42fa-435d-a060-c1875d20dd5b, command=[]} | ret=SUCCESS |  
2019-08-23 02:50:25,047 | INFO  | SCMAudit | user=jenkins1000 | ip=192.168.36.77 | op=SEND_HEARTBEAT {datanodeUUID=15fd999f-62be-4877-833a-993ce600606a, command=[]} | ret=SUCCESS |  
2019-08-23 02:50:25,048 | INFO  | SCMAudit | user=jenkins1000 | ip=192.168.36.77 | op=SEND_HEARTBEAT {datanodeUUID=5c5e51ce-aa4b-45fa-b548-3aebeb03959c, command=[]} | ret=SUCCESS |  
2019-08-23 02:50:25,116 | INFO  | SCMAudit | user=jenkins1000 | ip=192.168.36.77 | op=SEND_HEARTBEAT {datanodeUUID=ecd3787f-2b30-4c06-af2c-0a727538b2a6, command=[]} | ret=SUCCESS |  
2019-08-23 02:50:25,142 | INFO  | SCMAudit | user=jenkins1000 | ip=192.168.36.77 | op=SEND_HEARTBEAT {datanodeUUID=e824def4-fdb0-4d06-a3a6-273d371b8d7d, command=[]} | ret=SUCCESS |  
2019-08-23 02:50:25,146 | INFO  | SCMAudit | user=jenkins1000 | ip=192.168.36.77 | op=SEND_HEARTBEAT {datanodeUUID=004b6b6e-41ce-4475-9f2f-481aedf9c953, command=[]} | ret=SUCCESS |  
2019-08-23 02:50:25,297 | INFO  | SCMAudit | user=jenkins1000 | ip=192.168.36.77 | op=SEND_HEARTBEAT {datanodeUUID=4e26a0b2-e9f6-4006-875a-ebcdd6a63049, command=[]} | ret=SUCCESS |  
2019-08-23 02:50:25,351 | INFO  | SCMAudit | user=jenkins1000 | ip=192.168.36.77 | op=SEND_HEARTBEAT {datanodeUUID=50e43da2-e7e0-478c-b7e8-9638b0c061cc, command=[]} | ret=SUCCESS |  
2019-08-23 02:50:25,358 | INFO  | SCMAudit | user=jenkins1000 | ip=192.168.36.77 | op=SEND_HEARTBEAT {datanodeUUID=10c22d4b-82dd-4f6e-83af-e52ab1885d9d, command=[]} | ret=SUCCESS |  
2019-08-23 02:50:25,532 | INFO  | SCMAudit | user=jenkins1000 | ip=192.168.36.77 | op=SEND_HEARTBEAT {datanodeUUID=5a5db0ee-9a70-437e-b34f-780f5bc0d289, command=[]} | ret=SUCCESS |  
2019-08-23 02:50:25,533 | INFO  | SCMAudit | user=jenkins1000 | ip=192.168.36.77 | op=SEND_HEARTBEAT {datanodeUUID=674baee6-143c-441e-9e30-0d895b06f838, command=[]} | ret=SUCCESS |  
2019-08-23 02:50:25,583 | INFO  | SCMAudit | user=jenkins1000 | ip=192.168.36.77 | op=SEND_HEARTBEAT {datanodeUUID=7d1d5090-b1ef-4680-bded-086545998ddd, command=[]} | ret=SUCCESS |  
2019-08-23 02:50:25,748 | INFO  | SCMAudit | user=jenkins1000 | ip=192.168.36.77 | op=SEND_HEARTBEAT {datanodeUUID=6e366328-a21a-42d1-a497-c25b5c1bc291, command=[]} | ret=SUCCESS |  
2019-08-23 02:50:25,792 [grpc-default-executor-1] INFO  client.GrpcClientProtocolClient (GrpcClientProtocolClient.java:onNext(255)) - client-0DF4BF829A7E->ecd3787f-2b30-4c06-af2c-0a727538b2a6: receive RaftClientReply:client-0DF4BF829A7E->ecd3787f-2b30-4c06-af2c-0a727538b2a6@group-0DF14E4B3894, cid=94, FAILED org.apache.ratis.protocol.NotLeaderException: Server ecd3787f-2b30-4c06-af2c-0a727538b2a6 is not the leader (null). Request must be sent to leader., logIndex=0, commits[ecd3787f-2b30-4c06-af2c-0a727538b2a6:c-1]
2019-08-23 02:50:25,817 | INFO  | SCMAudit | user=jenkins1000 | ip=192.168.36.77 | op=SEND_HEARTBEAT {datanodeUUID=7fac1d6a-2836-41bb-912e-0cc81c617797, command=[]} | ret=SUCCESS |  
2019-08-23 02:50:26,047 | INFO  | SCMAudit | user=jenkins1000 | ip=192.168.36.77 | op=SEND_HEARTBEAT {datanodeUUID=36d2002e-42fa-435d-a060-c1875d20dd5b, command=[]} | ret=SUCCESS |  
2019-08-23 02:50:26,047 | INFO  | SCMAudit | user=jenkins1000 | ip=192.168.36.77 | op=SEND_HEARTBEAT {datanodeUUID=15fd999f-62be-4877-833a-993ce600606a, command=[]} | ret=SUCCESS |  
2019-08-23 02:50:26,047 | INFO  | SCMAudit | user=jenkins1000 | ip=192.168.36.77 | op=SEND_HEARTBEAT {datanodeUUID=5c5e51ce-aa4b-45fa-b548-3aebeb03959c, command=[]} | ret=SUCCESS |  
2019-08-23 02:50:26,116 | INFO  | SCMAudit | user=jenkins1000 | ip=192.168.36.77 | op=SEND_HEARTBEAT {datanodeUUID=ecd3787f-2b30-4c06-af2c-0a727538b2a6, command=[]} | ret=SUCCESS |  
2019-08-23 02:50:26,142 | INFO  | SCMAudit | user=jenkins1000 | ip=192.168.36.77 | op=SEND_HEARTBEAT {datanodeUUID=e824def4-fdb0-4d06-a3a6-273d371b8d7d, command=[]} | ret=SUCCESS |  
2019-08-23 02:50:26,147 | INFO  | SCMAudit | user=jenkins1000 | ip=192.168.36.77 | op=SEND_HEARTBEAT {datanodeUUID=004b6b6e-41ce-4475-9f2f-481aedf9c953, command=[]} | ret=SUCCESS |  
2019-08-23 02:50:26,297 | INFO  | SCMAudit | user=jenkins1000 | ip=192.168.36.77 | op=SEND_HEARTBEAT {datanodeUUID=4e26a0b2-e9f6-4006-875a-ebcdd6a63049, command=[]} | ret=SUCCESS |  
2019-08-23 02:50:26,316 [Thread-2486] INFO  impl.FollowerState (FollowerState.java:run(106)) - ecd3787f-2b30-4c06-af2c-0a727538b2a6:group-0DF14E4B3894 changes to CANDIDATE, lastRpcTime:5005, electionTimeout:5005ms
2019-08-23 02:50:26,316 [Thread-2486] INFO  impl.RoleInfo (RoleInfo.java:shutdownFollowerState(121)) - ecd3787f-2b30-4c06-af2c-0a727538b2a6: shutdown FollowerState
2019-08-23 02:50:26,316 [Thread-2486] INFO  impl.RaftServerImpl (RaftServerImpl.java:setRole(171)) - ecd3787f-2b30-4c06-af2c-0a727538b2a6:group-0DF14E4B3894 changes role from FOLLOWER to CANDIDATE at term 1 for changeToCandidate
2019-08-23 02:50:26,316 [Thread-2486] INFO  impl.RoleInfo (RoleInfo.java:updateAndGet(143)) - ecd3787f-2b30-4c06-af2c-0a727538b2a6: start LeaderElection
2019-08-23 02:50:26,331 [Thread-2485] INFO  impl.FollowerState (FollowerState.java:run(106)) - 7d1d5090-b1ef-4680-bded-086545998ddd:group-0DF14E4B3894 changes to CANDIDATE, lastRpcTime:5021, electionTimeout:5021ms
2019-08-23 02:50:26,331 [Thread-2485] INFO  impl.RoleInfo (RoleInfo.java:shutdownFollowerState(121)) - 7d1d5090-b1ef-4680-bded-086545998ddd: shutdown FollowerState
2019-08-23 02:50:26,331 [Thread-2485] INFO  impl.RaftServerImpl (RaftServerImpl.java:setRole(171)) - 7d1d5090-b1ef-4680-bded-086545998ddd:group-0DF14E4B3894 changes role from FOLLOWER to CANDIDATE at term 1 for changeToCandidate
2019-08-23 02:50:26,331 [Thread-2485] INFO  impl.RoleInfo (RoleInfo.java:updateAndGet(143)) - 7d1d5090-b1ef-4680-bded-086545998ddd: start LeaderElection
2019-08-23 02:50:26,346 [ecd3787f-2b30-4c06-af2c-0a727538b2a6:group-0DF14E4B3894:LeaderElection121] INFO  impl.LeaderElection (LeaderElection.java:askForVotes(181)) - ecd3787f-2b30-4c06-af2c-0a727538b2a6:group-0DF14E4B3894:LeaderElection121: begin an election at term 2 for -1: [ecd3787f-2b30-4c06-af2c-0a727538b2a6:192.168.36.77:44934, 10c22d4b-82dd-4f6e-83af-e52ab1885d9d:192.168.36.77:34854, 7d1d5090-b1ef-4680-bded-086545998ddd:192.168.36.77:46604], old=null
2019-08-23 02:50:26,349 [grpc-default-executor-1] INFO  impl.RaftServerImpl (RaftServerImpl.java:setRole(171)) - 10c22d4b-82dd-4f6e-83af-e52ab1885d9d:group-0DF14E4B3894 changes role from FOLLOWER to FOLLOWER at term 2 for recognizeCandidate:ecd3787f-2b30-4c06-af2c-0a727538b2a6
2019-08-23 02:50:26,350 [grpc-default-executor-1] INFO  impl.RoleInfo (RoleInfo.java:shutdownFollowerState(121)) - 10c22d4b-82dd-4f6e-83af-e52ab1885d9d: shutdown FollowerState
2019-08-23 02:50:26,350 [grpc-default-executor-1] INFO  impl.RoleInfo (RoleInfo.java:updateAndGet(143)) - 10c22d4b-82dd-4f6e-83af-e52ab1885d9d: start FollowerState
2019-08-23 02:50:26,350 [Thread-2487] INFO  impl.FollowerState (FollowerState.java:run(114)) - 10c22d4b-82dd-4f6e-83af-e52ab1885d9d: FollowerState was interrupted: java.lang.InterruptedException: sleep interrupted
2019-08-23 02:50:26,351 | INFO  | SCMAudit | user=jenkins1000 | ip=192.168.36.77 | op=SEND_HEARTBEAT {datanodeUUID=50e43da2-e7e0-478c-b7e8-9638b0c061cc, command=[]} | ret=SUCCESS |  
2019-08-23 02:50:26,358 | INFO  | SCMAudit | user=jenkins1000 | ip=192.168.36.77 | op=SEND_HEARTBEAT {datanodeUUID=10c22d4b-82dd-4f6e-83af-e52ab1885d9d, command=[]} | ret=SUCCESS |  
2019-08-23 02:50:26,372 [7d1d5090-b1ef-4680-bded-086545998ddd:group-0DF14E4B3894:LeaderElection122] INFO  impl.LeaderElection (LeaderElection.java:askForVotes(181)) - 7d1d5090-b1ef-4680-bded-086545998ddd:group-0DF14E4B3894:LeaderElection122: begin an election at term 2 for -1: [ecd3787f-2b30-4c06-af2c-0a727538b2a6:192.168.36.77:44934, 10c22d4b-82dd-4f6e-83af-e52ab1885d9d:192.168.36.77:34854, 7d1d5090-b1ef-4680-bded-086545998ddd:192.168.36.77:46604], old=null
2019-08-23 02:50:26,381 [7d1d5090-b1ef-4680-bded-086545998ddd:group-0DF14E4B3894:LeaderElection122] INFO  impl.LeaderElection (LeaderElection.java:logAndReturn(56)) - 7d1d5090-b1ef-4680-bded-086545998ddd:group-0DF14E4B3894:LeaderElection122: Election REJECTED; received 2 response(s) [7d1d5090-b1ef-4680-bded-086545998ddd<-ecd3787f-2b30-4c06-af2c-0a727538b2a6#0:FAIL-t2, 7d1d5090-b1ef-4680-bded-086545998ddd<-10c22d4b-82dd-4f6e-83af-e52ab1885d9d#0:FAIL-t2] and 0 exception(s); 7d1d5090-b1ef-4680-bded-086545998ddd:t2, leader=null, voted=7d1d5090-b1ef-4680-bded-086545998ddd, raftlog=7d1d5090-b1ef-4680-bded-086545998ddd-SegmentedRaftLog:OPENED:c-1,f-1,i0, conf=-1: [ecd3787f-2b30-4c06-af2c-0a727538b2a6:192.168.36.77:44934, 10c22d4b-82dd-4f6e-83af-e52ab1885d9d:192.168.36.77:34854, 7d1d5090-b1ef-4680-bded-086545998ddd:192.168.36.77:46604], old=null
2019-08-23 02:50:26,381 [ecd3787f-2b30-4c06-af2c-0a727538b2a6:group-0DF14E4B3894:LeaderElection121] INFO  impl.LeaderElection (LeaderElection.java:logAndReturn(56)) - ecd3787f-2b30-4c06-af2c-0a727538b2a6:group-0DF14E4B3894:LeaderElection121: Election PASSED; received 2 response(s) [ecd3787f-2b30-4c06-af2c-0a727538b2a6<-10c22d4b-82dd-4f6e-83af-e52ab1885d9d#0:OK-t2, ecd3787f-2b30-4c06-af2c-0a727538b2a6<-7d1d5090-b1ef-4680-bded-086545998ddd#0:FAIL-t2] and 0 exception(s); ecd3787f-2b30-4c06-af2c-0a727538b2a6:t2, leader=null, voted=ecd3787f-2b30-4c06-af2c-0a727538b2a6, raftlog=ecd3787f-2b30-4c06-af2c-0a727538b2a6-SegmentedRaftLog:OPENED:c-1,f-1,i0, conf=-1: [ecd3787f-2b30-4c06-af2c-0a727538b2a6:192.168.36.77:44934, 10c22d4b-82dd-4f6e-83af-e52ab1885d9d:192.168.36.77:34854, 7d1d5090-b1ef-4680-bded-086545998ddd:192.168.36.77:46604], old=null
2019-08-23 02:50:26,381 [7d1d5090-b1ef-4680-bded-086545998ddd:group-0DF14E4B3894:LeaderElection122] INFO  impl.RaftServerImpl (RaftServerImpl.java:setRole(171)) - 7d1d5090-b1ef-4680-bded-086545998ddd:group-0DF14E4B3894 changes role from CANDIDATE to FOLLOWER at term 2 for DISCOVERED_A_NEW_TERM
2019-08-23 02:50:26,382 [ecd3787f-2b30-4c06-af2c-0a727538b2a6:group-0DF14E4B3894:LeaderElection121] INFO  impl.RoleInfo (RoleInfo.java:shutdownLeaderElection(134)) - ecd3787f-2b30-4c06-af2c-0a727538b2a6: shutdown LeaderElection
2019-08-23 02:50:26,382 [7d1d5090-b1ef-4680-bded-086545998ddd:group-0DF14E4B3894:LeaderElection122] INFO  impl.RoleInfo (RoleInfo.java:shutdownLeaderElection(134)) - 7d1d5090-b1ef-4680-bded-086545998ddd: shutdown LeaderElection
2019-08-23 02:50:26,382 [ecd3787f-2b30-4c06-af2c-0a727538b2a6:group-0DF14E4B3894:LeaderElection121] INFO  impl.RaftServerImpl (RaftServerImpl.java:setRole(171)) - ecd3787f-2b30-4c06-af2c-0a727538b2a6:group-0DF14E4B3894 changes role from CANDIDATE to LEADER at term 2 for changeToLeader
2019-08-23 02:50:26,382 [7d1d5090-b1ef-4680-bded-086545998ddd:group-0DF14E4B3894:LeaderElection122] INFO  impl.RoleInfo (RoleInfo.java:updateAndGet(143)) - 7d1d5090-b1ef-4680-bded-086545998ddd: start FollowerState
2019-08-23 02:50:26,382 [ecd3787f-2b30-4c06-af2c-0a727538b2a6:group-0DF14E4B3894:LeaderElection121] INFO  impl.RaftServerImpl (ServerState.java:setLeader(263)) - ecd3787f-2b30-4c06-af2c-0a727538b2a6:group-0DF14E4B3894 change Leader from null to ecd3787f-2b30-4c06-af2c-0a727538b2a6 at term 2 for becomeLeader, leader elected after 10625ms
2019-08-23 02:50:26,383 [ecd3787f-2b30-4c06-af2c-0a727538b2a6:group-0DF14E4B3894:LeaderElection121] INFO  server.RaftServerConfigKeys (ConfUtils.java:logGet(43)) - raft.server.staging.catchup.gap = 1000 (default)
2019-08-23 02:50:26,383 [ecd3787f-2b30-4c06-af2c-0a727538b2a6:group-0DF14E4B3894:LeaderElection121] INFO  server.RaftServerConfigKeys (ConfUtils.java:logGet(43)) - raft.server.rpc.sleep.time = 25ms (default)
2019-08-23 02:50:26,383 [ecd3787f-2b30-4c06-af2c-0a727538b2a6:group-0DF14E4B3894:LeaderElection121] INFO  server.RaftServerConfigKeys (ConfUtils.java:logGet(43)) - raft.server.write.element-limit = 4096 (default)
2019-08-23 02:50:26,383 [ecd3787f-2b30-4c06-af2c-0a727538b2a6:group-0DF14E4B3894:LeaderElection121] INFO  server.RaftServerConfigKeys (ConfUtils.java:logGet(43)) - raft.server.watch.timeout = 10s (default)
2019-08-23 02:50:26,383 [ecd3787f-2b30-4c06-af2c-0a727538b2a6:group-0DF14E4B3894:LeaderElection121] INFO  server.RaftServerConfigKeys (ConfUtils.java:logGet(43)) - raft.server.watch.timeout.denomination = 1s (default)
2019-08-23 02:50:26,383 [ecd3787f-2b30-4c06-af2c-0a727538b2a6:group-0DF14E4B3894:LeaderElection121] INFO  server.RaftServerConfigKeys (ConfUtils.java:logGet(43)) - raft.server.watch.element-limit = 65536 (default)
2019-08-23 02:50:26,384 [ecd3787f-2b30-4c06-af2c-0a727538b2a6:group-0DF14E4B3894:LeaderElection121] INFO  server.RaftServerConfigKeys (ConfUtils.java:logGet(43)) - raft.server.log.appender.snapshot.chunk.size.max = 16MB (=16777216) (default)
2019-08-23 02:50:26,384 [ecd3787f-2b30-4c06-af2c-0a727538b2a6:group-0DF14E4B3894:LeaderElection121] INFO  server.RaftServerConfigKeys (ConfUtils.java:logGet(43)) - raft.server.log.appender.buffer.byte-limit = 33554432 (custom)
2019-08-23 02:50:26,384 [ecd3787f-2b30-4c06-af2c-0a727538b2a6:group-0DF14E4B3894:LeaderElection121] INFO  server.RaftServerConfigKeys (ConfUtils.java:logGet(43)) - raft.server.log.appender.buffer.element-limit = 1 (custom)
2019-08-23 02:50:26,384 [ecd3787f-2b30-4c06-af2c-0a727538b2a6:group-0DF14E4B3894:LeaderElection121] INFO  grpc.GrpcConfigKeys$Server (ConfUtils.java:logGet(43)) - raft.grpc.server.leader.outstanding.appends.max = 128 (default)
2019-08-23 02:50:26,385 [ecd3787f-2b30-4c06-af2c-0a727538b2a6:group-0DF14E4B3894:LeaderElection121] INFO  server.RaftServerConfigKeys (ConfUtils.java:logGet(43)) - raft.server.rpc.request.timeout = 3000ms (default)
2019-08-23 02:50:26,385 [ecd3787f-2b30-4c06-af2c-0a727538b2a6:group-0DF14E4B3894:LeaderElection121] INFO  server.RaftServerConfigKeys (ConfUtils.java:logGet(43)) - raft.server.log.appender.install.snapshot.enabled = false (custom)
2019-08-23 02:50:26,385 [ecd3787f-2b30-4c06-af2c-0a727538b2a6:group-0DF14E4B3894:LeaderElection121] INFO  server.RaftServerConfigKeys (ConfUtils.java:logGet(43)) - raft.server.log.appender.snapshot.chunk.size.max = 16MB (=16777216) (default)
2019-08-23 02:50:26,385 [ecd3787f-2b30-4c06-af2c-0a727538b2a6:group-0DF14E4B3894:LeaderElection121] INFO  server.RaftServerConfigKeys (ConfUtils.java:logGet(43)) - raft.server.log.appender.buffer.byte-limit = 33554432 (custom)
2019-08-23 02:50:26,385 [ecd3787f-2b30-4c06-af2c-0a727538b2a6:group-0DF14E4B3894:LeaderElection121] INFO  server.RaftServerConfigKeys (ConfUtils.java:logGet(43)) - raft.server.log.appender.buffer.element-limit = 1 (custom)
2019-08-23 02:50:26,386 [ecd3787f-2b30-4c06-af2c-0a727538b2a6:group-0DF14E4B3894:LeaderElection121] INFO  grpc.GrpcConfigKeys$Server (ConfUtils.java:logGet(43)) - raft.grpc.server.leader.outstanding.appends.max = 128 (default)
2019-08-23 02:50:26,386 [ecd3787f-2b30-4c06-af2c-0a727538b2a6:group-0DF14E4B3894:LeaderElection121] INFO  server.RaftServerConfigKeys (ConfUtils.java:logGet(43)) - raft.server.rpc.request.timeout = 3000ms (default)
2019-08-23 02:50:26,386 [ecd3787f-2b30-4c06-af2c-0a727538b2a6:group-0DF14E4B3894:LeaderElection121] INFO  server.RaftServerConfigKeys (ConfUtils.java:logGet(43)) - raft.server.log.appender.install.snapshot.enabled = false (custom)
2019-08-23 02:50:26,386 [ecd3787f-2b30-4c06-af2c-0a727538b2a6:group-0DF14E4B3894:LeaderElection121] INFO  impl.RoleInfo (RoleInfo.java:updateAndGet(143)) - ecd3787f-2b30-4c06-af2c-0a727538b2a6: start LeaderState
2019-08-23 02:50:26,386 [ecd3787f-2b30-4c06-af2c-0a727538b2a6:group-0DF14E4B3894:LeaderElection121] INFO  segmented.SegmentedRaftLogWorker (SegmentedRaftLogWorker.java:startLogSegment(380)) - ecd3787f-2b30-4c06-af2c-0a727538b2a6-SegmentedRaftLogWorker:Storage Directory /workdir/hadoop-ozone/integration-test/target/test-dir/MiniOzoneClusterImpl-ddc7a5e3-92e7-4869-8d12-20395c099e28/datanode-0/data/ratis/b83af6be-e6da-4506-91a5-0df14e4b3894: Starting segment from index:0
2019-08-23 02:50:26,388 [ecd3787f-2b30-4c06-af2c-0a727538b2a6:group-0DF14E4B3894:LeaderElection121] INFO  impl.RaftServerImpl (ServerState.java:setRaftConf(361)) - ecd3787f-2b30-4c06-af2c-0a727538b2a6:group-0DF14E4B3894 set configuration 0: [ecd3787f-2b30-4c06-af2c-0a727538b2a6:192.168.36.77:44934, 10c22d4b-82dd-4f6e-83af-e52ab1885d9d:192.168.36.77:34854, 7d1d5090-b1ef-4680-bded-086545998ddd:192.168.36.77:46604], old=null at 0
2019-08-23 02:50:26,389 [grpc-default-executor-1] INFO  impl.RaftServerImpl (ServerState.java:setLeader(263)) - 10c22d4b-82dd-4f6e-83af-e52ab1885d9d:group-0DF14E4B3894 change Leader from null to ecd3787f-2b30-4c06-af2c-0a727538b2a6 at term 2 for appendEntries, leader elected after 10630ms
2019-08-23 02:50:26,389 [grpc-default-executor-2] INFO  impl.RaftServerImpl (ServerState.java:setLeader(263)) - 7d1d5090-b1ef-4680-bded-086545998ddd:group-0DF14E4B3894 change Leader from null to ecd3787f-2b30-4c06-af2c-0a727538b2a6 at term 2 for appendEntries, leader elected after 10631ms
2019-08-23 02:50:26,391 [grpc-default-executor-2] INFO  impl.RaftServerImpl (ServerState.java:setRaftConf(361)) - 10c22d4b-82dd-4f6e-83af-e52ab1885d9d:group-0DF14E4B3894 set configuration 0: [ecd3787f-2b30-4c06-af2c-0a727538b2a6:192.168.36.77:44934, 10c22d4b-82dd-4f6e-83af-e52ab1885d9d:192.168.36.77:34854, 7d1d5090-b1ef-4680-bded-086545998ddd:192.168.36.77:46604], old=null at 0
2019-08-23 02:50:26,392 [grpc-default-executor-1] INFO  impl.RaftServerImpl (ServerState.java:setRaftConf(361)) - 7d1d5090-b1ef-4680-bded-086545998ddd:group-0DF14E4B3894 set configuration 0: [ecd3787f-2b30-4c06-af2c-0a727538b2a6:192.168.36.77:44934, 10c22d4b-82dd-4f6e-83af-e52ab1885d9d:192.168.36.77:34854, 7d1d5090-b1ef-4680-bded-086545998ddd:192.168.36.77:46604], old=null at 0
2019-08-23 02:50:26,392 [grpc-default-executor-2] INFO  segmented.SegmentedRaftLogWorker (SegmentedRaftLogWorker.java:startLogSegment(380)) - 10c22d4b-82dd-4f6e-83af-e52ab1885d9d-SegmentedRaftLogWorker:Storage Directory /workdir/hadoop-ozone/integration-test/target/test-dir/MiniOzoneClusterImpl-ddc7a5e3-92e7-4869-8d12-20395c099e28/datanode-1/data/ratis/b83af6be-e6da-4506-91a5-0df14e4b3894: Starting segment from index:0
2019-08-23 02:50:26,392 [grpc-default-executor-1] INFO  segmented.SegmentedRaftLogWorker (SegmentedRaftLogWorker.java:startLogSegment(380)) - 7d1d5090-b1ef-4680-bded-086545998ddd-SegmentedRaftLogWorker:Storage Directory /workdir/hadoop-ozone/integration-test/target/test-dir/MiniOzoneClusterImpl-ddc7a5e3-92e7-4869-8d12-20395c099e28/datanode-2/data/ratis/b83af6be-e6da-4506-91a5-0df14e4b3894: Starting segment from index:0
2019-08-23 02:50:26,456 [7d1d5090-b1ef-4680-bded-086545998ddd-SegmentedRaftLogWorker:Storage Directory /workdir/hadoop-ozone/integration-test/target/test-dir/MiniOzoneClusterImpl-ddc7a5e3-92e7-4869-8d12-20395c099e28/datanode-2/data/ratis/b83af6be-e6da-4506-91a5-0df14e4b3894] INFO  segmented.SegmentedRaftLogWorker (SegmentedRaftLogWorker.java:execute(569)) - 7d1d5090-b1ef-4680-bded-086545998ddd-SegmentedRaftLogWorker:Storage Directory /workdir/hadoop-ozone/integration-test/target/test-dir/MiniOzoneClusterImpl-ddc7a5e3-92e7-4869-8d12-20395c099e28/datanode-2/data/ratis/b83af6be-e6da-4506-91a5-0df14e4b3894: created new log segment /workdir/hadoop-ozone/integration-test/target/test-dir/MiniOzoneClusterImpl-ddc7a5e3-92e7-4869-8d12-20395c099e28/datanode-2/data/ratis/b83af6be-e6da-4506-91a5-0df14e4b3894/current/log_inprogress_0
2019-08-23 02:50:26,456 [10c22d4b-82dd-4f6e-83af-e52ab1885d9d-SegmentedRaftLogWorker:Storage Directory /workdir/hadoop-ozone/integration-test/target/test-dir/MiniOzoneClusterImpl-ddc7a5e3-92e7-4869-8d12-20395c099e28/datanode-1/data/ratis/b83af6be-e6da-4506-91a5-0df14e4b3894] INFO  segmented.SegmentedRaftLogWorker (SegmentedRaftLogWorker.java:execute(569)) - 10c22d4b-82dd-4f6e-83af-e52ab1885d9d-SegmentedRaftLogWorker:Storage Directory /workdir/hadoop-ozone/integration-test/target/test-dir/MiniOzoneClusterImpl-ddc7a5e3-92e7-4869-8d12-20395c099e28/datanode-1/data/ratis/b83af6be-e6da-4506-91a5-0df14e4b3894: created new log segment /workdir/hadoop-ozone/integration-test/target/test-dir/MiniOzoneClusterImpl-ddc7a5e3-92e7-4869-8d12-20395c099e28/datanode-1/data/ratis/b83af6be-e6da-4506-91a5-0df14e4b3894/current/log_inprogress_0
2019-08-23 02:50:26,456 [ecd3787f-2b30-4c06-af2c-0a727538b2a6-SegmentedRaftLogWorker:Storage Directory /workdir/hadoop-ozone/integration-test/target/test-dir/MiniOzoneClusterImpl-ddc7a5e3-92e7-4869-8d12-20395c099e28/datanode-0/data/ratis/b83af6be-e6da-4506-91a5-0df14e4b3894] INFO  segmented.SegmentedRaftLogWorker (SegmentedRaftLogWorker.java:execute(569)) - ecd3787f-2b30-4c06-af2c-0a727538b2a6-SegmentedRaftLogWorker:Storage Directory /workdir/hadoop-ozone/integration-test/target/test-dir/MiniOzoneClusterImpl-ddc7a5e3-92e7-4869-8d12-20395c099e28/datanode-0/data/ratis/b83af6be-e6da-4506-91a5-0df14e4b3894: created new log segment /workdir/hadoop-ozone/integration-test/target/test-dir/MiniOzoneClusterImpl-ddc7a5e3-92e7-4869-8d12-20395c099e28/datanode-0/data/ratis/b83af6be-e6da-4506-91a5-0df14e4b3894/current/log_inprogress_0
2019-08-23 02:50:26,533 | INFO  | SCMAudit | user=jenkins1000 | ip=192.168.36.77 | op=SEND_HEARTBEAT {datanodeUUID=5a5db0ee-9a70-437e-b34f-780f5bc0d289, command=[]} | ret=SUCCESS |  
2019-08-23 02:50:26,534 | INFO  | SCMAudit | user=jenkins1000 | ip=192.168.36.77 | op=SEND_HEARTBEAT {datanodeUUID=674baee6-143c-441e-9e30-0d895b06f838, command=[]} | ret=SUCCESS |  
2019-08-23 02:50:26,583 | INFO  | SCMAudit | user=jenkins1000 | ip=192.168.36.77 | op=SEND_HEARTBEAT {datanodeUUID=7d1d5090-b1ef-4680-bded-086545998ddd, command=[]} | ret=SUCCESS |  
2019-08-23 02:50:26,754 | INFO  | SCMAudit | user=jenkins1000 | ip=192.168.36.77 | op=SEND_HEARTBEAT {datanodeUUID=6e366328-a21a-42d1-a497-c25b5c1bc291, command=[]} | ret=SUCCESS |  
2019-08-23 02:50:26,813 [grpc-default-executor-1] INFO  client.GrpcClientProtocolClient (GrpcClientProtocolClient.java:onNext(255)) - client-0DF4BF829A7E->7d1d5090-b1ef-4680-bded-086545998ddd: receive RaftClientReply:client-0DF4BF829A7E->7d1d5090-b1ef-4680-bded-086545998ddd@group-0DF14E4B3894, cid=94, FAILED org.apache.ratis.protocol.NotLeaderException: Server 7d1d5090-b1ef-4680-bded-086545998ddd is not the leader (ecd3787f-2b30-4c06-af2c-0a727538b2a6:192.168.36.77:44934). Request must be sent to leader., logIndex=0, commits[7d1d5090-b1ef-4680-bded-086545998ddd:c-1, ecd3787f-2b30-4c06-af2c-0a727538b2a6:c-1, 10c22d4b-82dd-4f6e-83af-e52ab1885d9d:c-1]
2019-08-23 02:50:26,828 | INFO  | SCMAudit | user=jenkins1000 | ip=192.168.36.77 | op=SEND_HEARTBEAT {datanodeUUID=7fac1d6a-2836-41bb-912e-0cc81c617797, command=[]} | ret=SUCCESS |  
2019-08-23 02:50:27,014 | INFO  | DNAudit | user=null | ip=null | op=CREATE_CONTAINER {containerID=1, containerType=KeyValueContainer} | ret=SUCCESS |  
2019-08-23 02:50:27,014 | INFO  | DNAudit | user=null | ip=null | op=CREATE_CONTAINER {containerID=1, containerType=KeyValueContainer} | ret=SUCCESS |  
2019-08-23 02:50:27,029 | INFO  | SCMAudit | user=jenkins1000 | ip=192.168.36.77 | op=SEND_HEARTBEAT {datanodeUUID=7d1d5090-b1ef-4680-bded-086545998ddd, command=[]} | ret=SUCCESS |  
2019-08-23 02:50:27,029 | INFO  | SCMAudit | user=jenkins1000 | ip=192.168.36.77 | op=SEND_HEARTBEAT {datanodeUUID=ecd3787f-2b30-4c06-af2c-0a727538b2a6, command=[]} | ret=SUCCESS |  
2019-08-23 02:50:27,031 [grpc-default-executor-2] INFO  client.GrpcClientProtocolClient (GrpcClientProtocolClient.java:onNext(255)) - client-0DF4BF829A7E->ecd3787f-2b30-4c06-af2c-0a727538b2a6: receive RaftClientReply:client-0DF4BF829A7E->ecd3787f-2b30-4c06-af2c-0a727538b2a6@group-0DF14E4B3894, cid=94, SUCCESS, logIndex=1, commits[ecd3787f-2b30-4c06-af2c-0a727538b2a6:c2, 10c22d4b-82dd-4f6e-83af-e52ab1885d9d:c1, 7d1d5090-b1ef-4680-bded-086545998ddd:c1]
2019-08-23 02:50:27,035 [main] INFO  datanode.ObjectStoreHandler (ObjectStoreHandler.java:close(155)) - Closing ObjectStoreHandler.
2019-08-23 02:50:27,036 [main] INFO  ozone.HddsDatanodeService (HddsDatanodeService.java:stop(451)) - Stopped plug-in org.apache.hadoop.ozone.web.OzoneHddsDatanodeService@2d541e01
2019-08-23 02:50:27,046 | INFO  | SCMAudit | user=jenkins1000 | ip=192.168.36.77 | op=SEND_HEARTBEAT {datanodeUUID=36d2002e-42fa-435d-a060-c1875d20dd5b, command=[]} | ret=SUCCESS |  
2019-08-23 02:50:27,047 | INFO  | SCMAudit | user=jenkins1000 | ip=192.168.36.77 | op=SEND_HEARTBEAT {datanodeUUID=15fd999f-62be-4877-833a-993ce600606a, command=[]} | ret=SUCCESS |  
2019-08-23 02:50:27,047 | INFO  | SCMAudit | user=jenkins1000 | ip=192.168.36.77 | op=SEND_HEARTBEAT {datanodeUUID=5c5e51ce-aa4b-45fa-b548-3aebeb03959c, command=[]} | ret=SUCCESS |  
2019-08-23 02:50:27,065 [Thread-2507] INFO  impl.FollowerState (FollowerState.java:run(106)) - 7fac1d6a-2836-41bb-912e-0cc81c617797:group-E51559C32664 changes to CANDIDATE, lastRpcTime:5012, electionTimeout:5012ms
2019-08-23 02:50:27,065 [Thread-2507] INFO  impl.RoleInfo (RoleInfo.java:shutdownFollowerState(121)) - 7fac1d6a-2836-41bb-912e-0cc81c617797: shutdown FollowerState
2019-08-23 02:50:27,065 [Thread-2507] INFO  impl.RaftServerImpl (RaftServerImpl.java:setRole(171)) - 7fac1d6a-2836-41bb-912e-0cc81c617797:group-E51559C32664 changes role from FOLLOWER to CANDIDATE at term 1 for changeToCandidate
2019-08-23 02:50:27,065 [Thread-2507] INFO  impl.RoleInfo (RoleInfo.java:updateAndGet(143)) - 7fac1d6a-2836-41bb-912e-0cc81c617797: start LeaderElection
2019-08-23 02:50:27,103 [7fac1d6a-2836-41bb-912e-0cc81c617797:group-E51559C32664:LeaderElection123] INFO  impl.LeaderElection (LeaderElection.java:askForVotes(181)) - 7fac1d6a-2836-41bb-912e-0cc81c617797:group-E51559C32664:LeaderElection123: begin an election at term 2 for -1: [36d2002e-42fa-435d-a060-c1875d20dd5b:192.168.36.77:42788, 7fac1d6a-2836-41bb-912e-0cc81c617797:192.168.36.77:33350, 4e26a0b2-e9f6-4006-875a-ebcdd6a63049:192.168.36.77:42856], old=null
2019-08-23 02:50:27,105 [grpc-default-executor-2] INFO  impl.RaftServerImpl (RaftServerImpl.java:setRole(171)) - 4e26a0b2-e9f6-4006-875a-ebcdd6a63049:group-E51559C32664 changes role from FOLLOWER to FOLLOWER at term 2 for recognizeCandidate:7fac1d6a-2836-41bb-912e-0cc81c617797
2019-08-23 02:50:27,105 [grpc-default-executor-1] INFO  impl.RaftServerImpl (RaftServerImpl.java:setRole(171)) - 36d2002e-42fa-435d-a060-c1875d20dd5b:group-E51559C32664 changes role from FOLLOWER to FOLLOWER at term 2 for recognizeCandidate:7fac1d6a-2836-41bb-912e-0cc81c617797
2019-08-23 02:50:27,106 [grpc-default-executor-2] INFO  impl.RoleInfo (RoleInfo.java:shutdownFollowerState(121)) - 4e26a0b2-e9f6-4006-875a-ebcdd6a63049: shutdown FollowerState
2019-08-23 02:50:27,106 [grpc-default-executor-1] INFO  impl.RoleInfo (RoleInfo.java:shutdownFollowerState(121)) - 36d2002e-42fa-435d-a060-c1875d20dd5b: shutdown FollowerState
2019-08-23 02:50:27,106 [Thread-2505] INFO  impl.FollowerState (FollowerState.java:run(114)) - 4e26a0b2-e9f6-4006-875a-ebcdd6a63049: FollowerState was interrupted: java.lang.InterruptedException: sleep interrupted
2019-08-23 02:50:27,106 [grpc-default-executor-2] INFO  impl.RoleInfo (RoleInfo.java:updateAndGet(143)) - 4e26a0b2-e9f6-4006-875a-ebcdd6a63049: start FollowerState
2019-08-23 02:50:27,106 [Thread-2506] INFO  impl.FollowerState (FollowerState.java:run(114)) - 36d2002e-42fa-435d-a060-c1875d20dd5b: FollowerState was interrupted: java.lang.InterruptedException: sleep interrupted
2019-08-23 02:50:27,106 [grpc-default-executor-1] INFO  impl.RoleInfo (RoleInfo.java:updateAndGet(143)) - 36d2002e-42fa-435d-a060-c1875d20dd5b: start FollowerState
2019-08-23 02:50:27,137 [7fac1d6a-2836-41bb-912e-0cc81c617797:group-E51559C32664:LeaderElection123] INFO  impl.LeaderElection (LeaderElection.java:logAndReturn(56)) - 7fac1d6a-2836-41bb-912e-0cc81c617797:group-E51559C32664:LeaderElection123: Election PASSED; received 1 response(s) [7fac1d6a-2836-41bb-912e-0cc81c617797<-4e26a0b2-e9f6-4006-875a-ebcdd6a63049#0:OK-t2] and 0 exception(s); 7fac1d6a-2836-41bb-912e-0cc81c617797:t2, leader=null, voted=7fac1d6a-2836-41bb-912e-0cc81c617797, raftlog=7fac1d6a-2836-41bb-912e-0cc81c617797-SegmentedRaftLog:OPENED:c-1,f-1,i0, conf=-1: [36d2002e-42fa-435d-a060-c1875d20dd5b:192.168.36.77:42788, 7fac1d6a-2836-41bb-912e-0cc81c617797:192.168.36.77:33350, 4e26a0b2-e9f6-4006-875a-ebcdd6a63049:192.168.36.77:42856], old=null
2019-08-23 02:50:27,138 [7fac1d6a-2836-41bb-912e-0cc81c617797:group-E51559C32664:LeaderElection123] INFO  impl.RoleInfo (RoleInfo.java:shutdownLeaderElection(134)) - 7fac1d6a-2836-41bb-912e-0cc81c617797: shutdown LeaderElection
2019-08-23 02:50:27,138 [7fac1d6a-2836-41bb-912e-0cc81c617797:group-E51559C32664:LeaderElection123] INFO  impl.RaftServerImpl (RaftServerImpl.java:setRole(171)) - 7fac1d6a-2836-41bb-912e-0cc81c617797:group-E51559C32664 changes role from CANDIDATE to LEADER at term 2 for changeToLeader
2019-08-23 02:50:27,138 [7fac1d6a-2836-41bb-912e-0cc81c617797:group-E51559C32664:LeaderElection123] INFO  impl.RaftServerImpl (ServerState.java:setLeader(263)) - 7fac1d6a-2836-41bb-912e-0cc81c617797:group-E51559C32664 change Leader from null to 7fac1d6a-2836-41bb-912e-0cc81c617797 at term 2 for becomeLeader, leader elected after 10662ms
2019-08-23 02:50:27,138 [7fac1d6a-2836-41bb-912e-0cc81c617797:group-E51559C32664:LeaderElection123] INFO  server.RaftServerConfigKeys (ConfUtils.java:logGet(43)) - raft.server.staging.catchup.gap = 1000 (default)
2019-08-23 02:50:27,138 [7fac1d6a-2836-41bb-912e-0cc81c617797:group-E51559C32664:LeaderElection123] INFO  server.RaftServerConfigKeys (ConfUtils.java:logGet(43)) - raft.server.rpc.sleep.time = 25ms (default)
2019-08-23 02:50:27,138 [7fac1d6a-2836-41bb-912e-0cc81c617797:group-E51559C32664:LeaderElection123] INFO  server.RaftServerConfigKeys (ConfUtils.java:logGet(43)) - raft.server.write.element-limit = 4096 (default)
2019-08-23 02:50:27,138 [7fac1d6a-2836-41bb-912e-0cc81c617797:group-E51559C32664:LeaderElection123] INFO  server.RaftServerConfigKeys (ConfUtils.java:logGet(43)) - raft.server.watch.timeout = 10s (default)
2019-08-23 02:50:27,139 [7fac1d6a-2836-41bb-912e-0cc81c617797:group-E51559C32664:LeaderElection123] INFO  server.RaftServerConfigKeys (ConfUtils.java:logGet(43)) - raft.server.watch.timeout.denomination = 1s (default)
2019-08-23 02:50:27,139 [7fac1d6a-2836-41bb-912e-0cc81c617797:group-E51559C32664:LeaderElection123] INFO  server.RaftServerConfigKeys (ConfUtils.java:logGet(43)) - raft.server.watch.element-limit = 65536 (default)
2019-08-23 02:50:27,139 [7fac1d6a-2836-41bb-912e-0cc81c617797:group-E51559C32664:LeaderElection123] INFO  server.RaftServerConfigKeys (ConfUtils.java:logGet(43)) - raft.server.log.appender.snapshot.chunk.size.max = 16MB (=16777216) (default)
2019-08-23 02:50:27,139 [7fac1d6a-2836-41bb-912e-0cc81c617797:group-E51559C32664:LeaderElection123] INFO  server.RaftServerConfigKeys (ConfUtils.java:logGet(43)) - raft.server.log.appender.buffer.byte-limit = 33554432 (custom)
2019-08-23 02:50:27,139 [7fac1d6a-2836-41bb-912e-0cc81c617797:group-E51559C32664:LeaderElection123] INFO  server.RaftServerConfigKeys (ConfUtils.java:logGet(43)) - raft.server.log.appender.buffer.element-limit = 1 (custom)
2019-08-23 02:50:27,139 [7fac1d6a-2836-41bb-912e-0cc81c617797:group-E51559C32664:LeaderElection123] INFO  grpc.GrpcConfigKeys$Server (ConfUtils.java:logGet(43)) - raft.grpc.server.leader.outstanding.appends.max = 128 (default)
2019-08-23 02:50:27,139 [7fac1d6a-2836-41bb-912e-0cc81c617797:group-E51559C32664:LeaderElection123] INFO  server.RaftServerConfigKeys (ConfUtils.java:logGet(43)) - raft.server.rpc.request.timeout = 3000ms (default)
2019-08-23 02:50:27,140 [7fac1d6a-2836-41bb-912e-0cc81c617797:group-E51559C32664:LeaderElection123] INFO  server.RaftServerConfigKeys (ConfUtils.java:logGet(43)) - raft.server.log.appender.install.snapshot.enabled = false (custom)
2019-08-23 02:50:27,140 [7fac1d6a-2836-41bb-912e-0cc81c617797:group-E51559C32664:LeaderElection123] INFO  server.RaftServerConfigKeys (ConfUtils.java:logGet(43)) - raft.server.log.appender.snapshot.chunk.size.max = 16MB (=16777216) (default)
2019-08-23 02:50:27,140 [7fac1d6a-2836-41bb-912e-0cc81c617797:group-E51559C32664:LeaderElection123] INFO  server.RaftServerConfigKeys (ConfUtils.java:logGet(43)) - raft.server.log.appender.buffer.byte-limit = 33554432 (custom)
2019-08-23 02:50:27,140 [7fac1d6a-2836-41bb-912e-0cc81c617797:group-E51559C32664:LeaderElection123] INFO  server.RaftServerConfigKeys (ConfUtils.java:logGet(43)) - raft.server.log.appender.buffer.element-limit = 1 (custom)
2019-08-23 02:50:27,140 [7fac1d6a-2836-41bb-912e-0cc81c617797:group-E51559C32664:LeaderElection123] INFO  grpc.GrpcConfigKeys$Server (ConfUtils.java:logGet(43)) - raft.grpc.server.leader.outstanding.appends.max = 128 (default)
2019-08-23 02:50:27,140 [7fac1d6a-2836-41bb-912e-0cc81c617797:group-E51559C32664:LeaderElection123] INFO  server.RaftServerConfigKeys (ConfUtils.java:logGet(43)) - raft.server.rpc.request.timeout = 3000ms (default)
2019-08-23 02:50:27,140 [7fac1d6a-2836-41bb-912e-0cc81c617797:group-E51559C32664:LeaderElection123] INFO  server.RaftServerConfigKeys (ConfUtils.java:logGet(43)) - raft.server.log.appender.install.snapshot.enabled = false (custom)
2019-08-23 02:50:27,140 [7fac1d6a-2836-41bb-912e-0cc81c617797:group-E51559C32664:LeaderElection123] INFO  impl.RoleInfo (RoleInfo.java:updateAndGet(143)) - 7fac1d6a-2836-41bb-912e-0cc81c617797: start LeaderState
2019-08-23 02:50:27,141 [7fac1d6a-2836-41bb-912e-0cc81c617797:group-E51559C32664:LeaderElection123] INFO  segmented.SegmentedRaftLogWorker (SegmentedRaftLogWorker.java:startLogSegment(380)) - 7fac1d6a-2836-41bb-912e-0cc81c617797-SegmentedRaftLogWorker:Storage Directory /workdir/hadoop-ozone/integration-test/target/test-dir/MiniOzoneClusterImpl-ddc7a5e3-92e7-4869-8d12-20395c099e28/datanode-3/data/ratis/c8ed7ef6-dc73-44e0-9a6a-e51559c32664: Starting segment from index:0
2019-08-23 02:50:27,141 [7fac1d6a-2836-41bb-912e-0cc81c617797:group-E51559C32664:LeaderElection123] INFO  impl.RaftServerImpl (ServerState.java:setRaftConf(361)) - 7fac1d6a-2836-41bb-912e-0cc81c617797:group-E51559C32664 set configuration 0: [36d2002e-42fa-435d-a060-c1875d20dd5b:192.168.36.77:42788, 7fac1d6a-2836-41bb-912e-0cc81c617797:192.168.36.77:33350, 4e26a0b2-e9f6-4006-875a-ebcdd6a63049:192.168.36.77:42856], old=null at 0
2019-08-23 02:50:27,143 | INFO  | SCMAudit | user=jenkins1000 | ip=192.168.36.77 | op=SEND_HEARTBEAT {datanodeUUID=e824def4-fdb0-4d06-a3a6-273d371b8d7d, command=[]} | ret=SUCCESS |  
2019-08-23 02:50:27,143 [grpc-default-executor-1] INFO  impl.RaftServerImpl (ServerState.java:setLeader(263)) - 4e26a0b2-e9f6-4006-875a-ebcdd6a63049:group-E51559C32664 change Leader from null to 7fac1d6a-2836-41bb-912e-0cc81c617797 at term 2 for appendEntries, leader elected after 10666ms
2019-08-23 02:50:27,143 [grpc-default-executor-2] INFO  impl.RaftServerImpl (ServerState.java:setLeader(263)) - 36d2002e-42fa-435d-a060-c1875d20dd5b:group-E51559C32664 change Leader from null to 7fac1d6a-2836-41bb-912e-0cc81c617797 at term 2 for appendEntries, leader elected after 10667ms
2019-08-23 02:50:27,145 [grpc-default-executor-2] INFO  impl.RaftServerImpl (ServerState.java:setRaftConf(361)) - 4e26a0b2-e9f6-4006-875a-ebcdd6a63049:group-E51559C32664 set configuration 0: [36d2002e-42fa-435d-a060-c1875d20dd5b:192.168.36.77:42788, 7fac1d6a-2836-41bb-912e-0cc81c617797:192.168.36.77:33350, 4e26a0b2-e9f6-4006-875a-ebcdd6a63049:192.168.36.77:42856], old=null at 0
2019-08-23 02:50:27,145 [grpc-default-executor-1] INFO  impl.RaftServerImpl (ServerState.java:setRaftConf(361)) - 36d2002e-42fa-435d-a060-c1875d20dd5b:group-E51559C32664 set configuration 0: [36d2002e-42fa-435d-a060-c1875d20dd5b:192.168.36.77:42788, 7fac1d6a-2836-41bb-912e-0cc81c617797:192.168.36.77:33350, 4e26a0b2-e9f6-4006-875a-ebcdd6a63049:192.168.36.77:42856], old=null at 0
2019-08-23 02:50:27,145 [grpc-default-executor-2] INFO  segmented.SegmentedRaftLogWorker (SegmentedRaftLogWorker.java:startLogSegment(380)) - 4e26a0b2-e9f6-4006-875a-ebcdd6a63049-SegmentedRaftLogWorker:Storage Directory /workdir/hadoop-ozone/integration-test/target/test-dir/MiniOzoneClusterImpl-ddc7a5e3-92e7-4869-8d12-20395c099e28/datanode-5/data/ratis/c8ed7ef6-dc73-44e0-9a6a-e51559c32664: Starting segment from index:0
2019-08-23 02:50:27,145 [grpc-default-executor-1] INFO  segmented.SegmentedRaftLogWorker (SegmentedRaftLogWorker.java:startLogSegment(380)) - 36d2002e-42fa-435d-a060-c1875d20dd5b-SegmentedRaftLogWorker:Storage Directory /workdir/hadoop-ozone/integration-test/target/test-dir/MiniOzoneClusterImpl-ddc7a5e3-92e7-4869-8d12-20395c099e28/datanode-4/data/ratis/c8ed7ef6-dc73-44e0-9a6a-e51559c32664: Starting segment from index:0
2019-08-23 02:50:27,148 | INFO  | SCMAudit | user=jenkins1000 | ip=192.168.36.77 | op=SEND_HEARTBEAT {datanodeUUID=004b6b6e-41ce-4475-9f2f-481aedf9c953, command=[]} | ret=SUCCESS |  
2019-08-23 02:50:27,195 [36d2002e-42fa-435d-a060-c1875d20dd5b-SegmentedRaftLogWorker:Storage Directory /workdir/hadoop-ozone/integration-test/target/test-dir/MiniOzoneClusterImpl-ddc7a5e3-92e7-4869-8d12-20395c099e28/datanode-4/data/ratis/c8ed7ef6-dc73-44e0-9a6a-e51559c32664] INFO  segmented.SegmentedRaftLogWorker (SegmentedRaftLogWorker.java:execute(569)) - 36d2002e-42fa-435d-a060-c1875d20dd5b-SegmentedRaftLogWorker:Storage Directory /workdir/hadoop-ozone/integration-test/target/test-dir/MiniOzoneClusterImpl-ddc7a5e3-92e7-4869-8d12-20395c099e28/datanode-4/data/ratis/c8ed7ef6-dc73-44e0-9a6a-e51559c32664: created new log segment /workdir/hadoop-ozone/integration-test/target/test-dir/MiniOzoneClusterImpl-ddc7a5e3-92e7-4869-8d12-20395c099e28/datanode-4/data/ratis/c8ed7ef6-dc73-44e0-9a6a-e51559c32664/current/log_inprogress_0
2019-08-23 02:50:27,195 [7fac1d6a-2836-41bb-912e-0cc81c617797-SegmentedRaftLogWorker:Storage Directory /workdir/hadoop-ozone/integration-test/target/test-dir/MiniOzoneClusterImpl-ddc7a5e3-92e7-4869-8d12-20395c099e28/datanode-3/data/ratis/c8ed7ef6-dc73-44e0-9a6a-e51559c32664] INFO  segmented.SegmentedRaftLogWorker (SegmentedRaftLogWorker.java:execute(569)) - 7fac1d6a-2836-41bb-912e-0cc81c617797-SegmentedRaftLogWorker:Storage Directory /workdir/hadoop-ozone/integration-test/target/test-dir/MiniOzoneClusterImpl-ddc7a5e3-92e7-4869-8d12-20395c099e28/datanode-3/data/ratis/c8ed7ef6-dc73-44e0-9a6a-e51559c32664: created new log segment /workdir/hadoop-ozone/integration-test/target/test-dir/MiniOzoneClusterImpl-ddc7a5e3-92e7-4869-8d12-20395c099e28/datanode-3/data/ratis/c8ed7ef6-dc73-44e0-9a6a-e51559c32664/current/log_inprogress_0
2019-08-23 02:50:27,212 [4e26a0b2-e9f6-4006-875a-ebcdd6a63049-SegmentedRaftLogWorker:Storage Directory /workdir/hadoop-ozone/integration-test/target/test-dir/MiniOzoneClusterImpl-ddc7a5e3-92e7-4869-8d12-20395c099e28/datanode-5/data/ratis/c8ed7ef6-dc73-44e0-9a6a-e51559c32664] INFO  segmented.SegmentedRaftLogWorker (SegmentedRaftLogWorker.java:execute(569)) - 4e26a0b2-e9f6-4006-875a-ebcdd6a63049-SegmentedRaftLogWorker:Storage Directory /workdir/hadoop-ozone/integration-test/target/test-dir/MiniOzoneClusterImpl-ddc7a5e3-92e7-4869-8d12-20395c099e28/datanode-5/data/ratis/c8ed7ef6-dc73-44e0-9a6a-e51559c32664: created new log segment /workdir/hadoop-ozone/integration-test/target/test-dir/MiniOzoneClusterImpl-ddc7a5e3-92e7-4869-8d12-20395c099e28/datanode-5/data/ratis/c8ed7ef6-dc73-44e0-9a6a-e51559c32664/current/log_inprogress_0
2019-08-23 02:50:27,296 | INFO  | DNAudit | user=null | ip=null | op=CREATE_CONTAINER {containerID=1, containerType=KeyValueContainer} | ret=SUCCESS |  
2019-08-23 02:50:27,297 | INFO  | SCMAudit | user=jenkins1000 | ip=192.168.36.77 | op=SEND_HEARTBEAT {datanodeUUID=10c22d4b-82dd-4f6e-83af-e52ab1885d9d, command=[]} | ret=SUCCESS |  
2019-08-23 02:50:27,297 | INFO  | SCMAudit | user=jenkins1000 | ip=192.168.36.77 | op=SEND_HEARTBEAT {datanodeUUID=4e26a0b2-e9f6-4006-875a-ebcdd6a63049, command=[]} | ret=SUCCESS |  
2019-08-23 02:50:27,352 | INFO  | SCMAudit | user=jenkins1000 | ip=192.168.36.77 | op=SEND_HEARTBEAT {datanodeUUID=50e43da2-e7e0-478c-b7e8-9638b0c061cc, command=[]} | ret=SUCCESS |  
2019-08-23 02:50:27,533 | INFO  | SCMAudit | user=jenkins1000 | ip=192.168.36.77 | op=SEND_HEARTBEAT {datanodeUUID=5a5db0ee-9a70-437e-b34f-780f5bc0d289, command=[]} | ret=SUCCESS |  
2019-08-23 02:50:27,534 | INFO  | SCMAudit | user=jenkins1000 | ip=192.168.36.77 | op=SEND_HEARTBEAT {datanodeUUID=674baee6-143c-441e-9e30-0d895b06f838, command=[]} | ret=SUCCESS |  
2019-08-23 02:50:27,749 | INFO  | SCMAudit | user=jenkins1000 | ip=192.168.36.77 | op=SEND_HEARTBEAT {datanodeUUID=6e366328-a21a-42d1-a497-c25b5c1bc291, command=[]} | ret=SUCCESS |  
2019-08-23 02:50:27,819 | INFO  | SCMAudit | user=jenkins1000 | ip=192.168.36.77 | op=SEND_HEARTBEAT {datanodeUUID=7fac1d6a-2836-41bb-912e-0cc81c617797, command=[]} | ret=SUCCESS |  
2019-08-23 02:50:28,014 [Datanode State Machine Thread - 0] INFO  statemachine.DatanodeStateMachine (DatanodeStateMachine.java:lambda$startDaemon$0(350)) - Ozone container server started.
2019-08-23 02:50:28,015 | INFO  | SCMAudit | user=jenkins1000 | ip=192.168.36.77 | op=SEND_HEARTBEAT {datanodeUUID=7d1d5090-b1ef-4680-bded-086545998ddd, command=[]} | ret=SUCCESS |  
2019-08-23 02:50:28,046 | INFO  | SCMAudit | user=jenkins1000 | ip=192.168.36.77 | op=SEND_HEARTBEAT {datanodeUUID=36d2002e-42fa-435d-a060-c1875d20dd5b, command=[]} | ret=SUCCESS |  
2019-08-23 02:50:28,047 | INFO  | SCMAudit | user=jenkins1000 | ip=192.168.36.77 | op=SEND_HEARTBEAT {datanodeUUID=15fd999f-62be-4877-833a-993ce600606a, command=[]} | ret=SUCCESS |  
2019-08-23 02:50:28,047 | INFO  | SCMAudit | user=jenkins1000 | ip=192.168.36.77 | op=SEND_HEARTBEAT {datanodeUUID=5c5e51ce-aa4b-45fa-b548-3aebeb03959c, command=[]} | ret=SUCCESS |  
2019-08-23 02:50:28,143 | INFO  | SCMAudit | user=jenkins1000 | ip=192.168.36.77 | op=SEND_HEARTBEAT {datanodeUUID=e824def4-fdb0-4d06-a3a6-273d371b8d7d, command=[]} | ret=SUCCESS |  
2019-08-23 02:50:28,148 | INFO  | SCMAudit | user=jenkins1000 | ip=192.168.36.77 | op=SEND_HEARTBEAT {datanodeUUID=004b6b6e-41ce-4475-9f2f-481aedf9c953, command=[]} | ret=SUCCESS |  
2019-08-23 02:50:28,297 | INFO  | SCMAudit | user=jenkins1000 | ip=192.168.36.77 | op=SEND_HEARTBEAT {datanodeUUID=4e26a0b2-e9f6-4006-875a-ebcdd6a63049, command=[]} | ret=SUCCESS |  
2019-08-23 02:50:28,298 | INFO  | SCMAudit | user=jenkins1000 | ip=192.168.36.77 | op=SEND_HEARTBEAT {datanodeUUID=10c22d4b-82dd-4f6e-83af-e52ab1885d9d, command=[]} | ret=SUCCESS |  
2019-08-23 02:50:28,352 | INFO  | SCMAudit | user=jenkins1000 | ip=192.168.36.77 | op=SEND_HEARTBEAT {datanodeUUID=50e43da2-e7e0-478c-b7e8-9638b0c061cc, command=[]} | ret=SUCCESS |  
2019-08-23 02:50:28,533 | INFO  | SCMAudit | user=jenkins1000 | ip=192.168.36.77 | op=SEND_HEARTBEAT {datanodeUUID=5a5db0ee-9a70-437e-b34f-780f5bc0d289, command=[]} | ret=SUCCESS |  
2019-08-23 02:50:28,533 | INFO  | SCMAudit | user=jenkins1000 | ip=192.168.36.77 | op=SEND_HEARTBEAT {datanodeUUID=674baee6-143c-441e-9e30-0d895b06f838, command=[]} | ret=SUCCESS |  
2019-08-23 02:50:28,750 | INFO  | SCMAudit | user=jenkins1000 | ip=192.168.36.77 | op=SEND_HEARTBEAT {datanodeUUID=6e366328-a21a-42d1-a497-c25b5c1bc291, command=[]} | ret=SUCCESS |  
2019-08-23 02:50:28,818 | INFO  | SCMAudit | user=jenkins1000 | ip=192.168.36.77 | op=SEND_HEARTBEAT {datanodeUUID=7fac1d6a-2836-41bb-912e-0cc81c617797, command=[]} | ret=SUCCESS |  
2019-08-23 02:50:29,015 | INFO  | SCMAudit | user=jenkins1000 | ip=192.168.36.77 | op=SEND_HEARTBEAT {datanodeUUID=7d1d5090-b1ef-4680-bded-086545998ddd, command=[]} | ret=SUCCESS |  
2019-08-23 02:50:29,047 | INFO  | SCMAudit | user=jenkins1000 | ip=192.168.36.77 | op=SEND_HEARTBEAT {datanodeUUID=36d2002e-42fa-435d-a060-c1875d20dd5b, command=[]} | ret=SUCCESS |  
2019-08-23 02:50:29,047 | INFO  | SCMAudit | user=jenkins1000 | ip=192.168.36.77 | op=SEND_HEARTBEAT {datanodeUUID=15fd999f-62be-4877-833a-993ce600606a, command=[]} | ret=SUCCESS |  
2019-08-23 02:50:29,047 | INFO  | SCMAudit | user=jenkins1000 | ip=192.168.36.77 | op=SEND_HEARTBEAT {datanodeUUID=5c5e51ce-aa4b-45fa-b548-3aebeb03959c, command=[]} | ret=SUCCESS |  
2019-08-23 02:50:29,143 | INFO  | SCMAudit | user=jenkins1000 | ip=192.168.36.77 | op=SEND_HEARTBEAT {datanodeUUID=e824def4-fdb0-4d06-a3a6-273d371b8d7d, command=[]} | ret=SUCCESS |  
2019-08-23 02:50:29,148 | INFO  | SCMAudit | user=jenkins1000 | ip=192.168.36.77 | op=SEND_HEARTBEAT {datanodeUUID=004b6b6e-41ce-4475-9f2f-481aedf9c953, command=[]} | ret=SUCCESS |  
2019-08-23 02:50:29,298 | INFO  | SCMAudit | user=jenkins1000 | ip=192.168.36.77 | op=SEND_HEARTBEAT {datanodeUUID=4e26a0b2-e9f6-4006-875a-ebcdd6a63049, command=[]} | ret=SUCCESS |  
2019-08-23 02:50:29,298 | INFO  | SCMAudit | user=jenkins1000 | ip=192.168.36.77 | op=SEND_HEARTBEAT {datanodeUUID=10c22d4b-82dd-4f6e-83af-e52ab1885d9d, command=[]} | ret=SUCCESS |  
2019-08-23 02:50:29,381 | INFO  | SCMAudit | user=jenkins1000 | ip=192.168.36.77 | op=SEND_HEARTBEAT {datanodeUUID=50e43da2-e7e0-478c-b7e8-9638b0c061cc, command=[]} | ret=SUCCESS |  
2019-08-23 02:50:29,533 | INFO  | SCMAudit | user=jenkins1000 | ip=192.168.36.77 | op=SEND_HEARTBEAT {datanodeUUID=5a5db0ee-9a70-437e-b34f-780f5bc0d289, command=[]} | ret=SUCCESS |  
2019-08-23 02:50:29,533 | INFO  | SCMAudit | user=jenkins1000 | ip=192.168.36.77 | op=SEND_HEARTBEAT {datanodeUUID=674baee6-143c-441e-9e30-0d895b06f838, command=[]} | ret=SUCCESS |  
2019-08-23 02:50:29,750 | INFO  | SCMAudit | user=jenkins1000 | ip=192.168.36.77 | op=SEND_HEARTBEAT {datanodeUUID=6e366328-a21a-42d1-a497-c25b5c1bc291, command=[]} | ret=SUCCESS |  
2019-08-23 02:50:29,819 | INFO  | SCMAudit | user=jenkins1000 | ip=192.168.36.77 | op=SEND_HEARTBEAT {datanodeUUID=7fac1d6a-2836-41bb-912e-0cc81c617797, command=[]} | ret=SUCCESS |  
2019-08-23 02:50:30,015 | INFO  | SCMAudit | user=jenkins1000 | ip=192.168.36.77 | op=SEND_HEARTBEAT {datanodeUUID=7d1d5090-b1ef-4680-bded-086545998ddd, command=[]} | ret=SUCCESS |  
2019-08-23 02:50:30,047 | INFO  | SCMAudit | user=jenkins1000 | ip=192.168.36.77 | op=SEND_HEARTBEAT {datanodeUUID=36d2002e-42fa-435d-a060-c1875d20dd5b, command=[]} | ret=SUCCESS |  
2019-08-23 02:50:30,047 | INFO  | SCMAudit | user=jenkins1000 | ip=192.168.36.77 | op=SEND_HEARTBEAT {datanodeUUID=15fd999f-62be-4877-833a-993ce600606a, command=[]} | ret=SUCCESS |  
2019-08-23 02:50:30,047 | INFO  | SCMAudit | user=jenkins1000 | ip=192.168.36.77 | op=SEND_HEARTBEAT {datanodeUUID=5c5e51ce-aa4b-45fa-b548-3aebeb03959c, command=[]} | ret=SUCCESS |  
2019-08-23 02:50:30,148 | INFO  | SCMAudit | user=jenkins1000 | ip=192.168.36.77 | op=SEND_HEARTBEAT {datanodeUUID=e824def4-fdb0-4d06-a3a6-273d371b8d7d, command=[]} | ret=SUCCESS |  
2019-08-23 02:50:30,149 | INFO  | SCMAudit | user=jenkins1000 | ip=192.168.36.77 | op=SEND_HEARTBEAT {datanodeUUID=004b6b6e-41ce-4475-9f2f-481aedf9c953, command=[]} | ret=SUCCESS |  
2019-08-23 02:50:30,298 | INFO  | SCMAudit | user=jenkins1000 | ip=192.168.36.77 | op=SEND_HEARTBEAT {datanodeUUID=10c22d4b-82dd-4f6e-83af-e52ab1885d9d, command=[]} | ret=SUCCESS |  
2019-08-23 02:50:30,298 | INFO  | SCMAudit | user=jenkins1000 | ip=192.168.36.77 | op=SEND_HEARTBEAT {datanodeUUID=4e26a0b2-e9f6-4006-875a-ebcdd6a63049, command=[]} | ret=SUCCESS |  
2019-08-23 02:50:30,380 | INFO  | SCMAudit | user=jenkins1000 | ip=192.168.36.77 | op=SEND_HEARTBEAT {datanodeUUID=50e43da2-e7e0-478c-b7e8-9638b0c061cc, command=[]} | ret=SUCCESS |  
2019-08-23 02:50:30,533 | INFO  | SCMAudit | user=jenkins1000 | ip=192.168.36.77 | op=SEND_HEARTBEAT {datanodeUUID=674baee6-143c-441e-9e30-0d895b06f838, command=[]} | ret=SUCCESS |  
2019-08-23 02:50:30,533 | INFO  | SCMAudit | user=jenkins1000 | ip=192.168.36.77 | op=SEND_HEARTBEAT {datanodeUUID=5a5db0ee-9a70-437e-b34f-780f5bc0d289, command=[]} | ret=SUCCESS |  
2019-08-23 02:50:30,750 | INFO  | SCMAudit | user=jenkins1000 | ip=192.168.36.77 | op=SEND_HEARTBEAT {datanodeUUID=6e366328-a21a-42d1-a497-c25b5c1bc291, command=[]} | ret=SUCCESS |  
2019-08-23 02:50:30,819 | INFO  | SCMAudit | user=jenkins1000 | ip=192.168.36.77 | op=SEND_HEARTBEAT {datanodeUUID=7fac1d6a-2836-41bb-912e-0cc81c617797, command=[]} | ret=SUCCESS |  
2019-08-23 02:50:31,015 | INFO  | SCMAudit | user=jenkins1000 | ip=192.168.36.77 | op=SEND_HEARTBEAT {datanodeUUID=7d1d5090-b1ef-4680-bded-086545998ddd, command=[]} | ret=SUCCESS |  
2019-08-23 02:50:31,047 | INFO  | SCMAudit | user=jenkins1000 | ip=192.168.36.77 | op=SEND_HEARTBEAT {datanodeUUID=36d2002e-42fa-435d-a060-c1875d20dd5b, command=[]} | ret=SUCCESS |  
2019-08-23 02:50:31,047 | INFO  | SCMAudit | user=jenkins1000 | ip=192.168.36.77 | op=SEND_HEARTBEAT {datanodeUUID=5c5e51ce-aa4b-45fa-b548-3aebeb03959c, command=[]} | ret=SUCCESS |  
2019-08-23 02:50:31,047 | INFO  | SCMAudit | user=jenkins1000 | ip=192.168.36.77 | op=SEND_HEARTBEAT {datanodeUUID=15fd999f-62be-4877-833a-993ce600606a, command=[]} | ret=SUCCESS |  
2019-08-23 02:50:31,148 | INFO  | SCMAudit | user=jenkins1000 | ip=192.168.36.77 | op=SEND_HEARTBEAT {datanodeUUID=e824def4-fdb0-4d06-a3a6-273d371b8d7d, command=[]} | ret=SUCCESS |  
2019-08-23 02:50:31,150 | INFO  | SCMAudit | user=jenkins1000 | ip=192.168.36.77 | op=SEND_HEARTBEAT {datanodeUUID=004b6b6e-41ce-4475-9f2f-481aedf9c953, command=[]} | ret=SUCCESS |  
2019-08-23 02:50:31,298 | INFO  | SCMAudit | user=jenkins1000 | ip=192.168.36.77 | op=SEND_HEARTBEAT {datanodeUUID=10c22d4b-82dd-4f6e-83af-e52ab1885d9d, command=[]} | ret=SUCCESS |  
2019-08-23 02:50:31,298 | INFO  | SCMAudit | user=jenkins1000 | ip=192.168.36.77 | op=SEND_HEARTBEAT {datanodeUUID=4e26a0b2-e9f6-4006-875a-ebcdd6a63049, command=[]} | ret=SUCCESS |  
2019-08-23 02:50:31,380 | INFO  | SCMAudit | user=jenkins1000 | ip=192.168.36.77 | op=SEND_HEARTBEAT {datanodeUUID=50e43da2-e7e0-478c-b7e8-9638b0c061cc, command=[]} | ret=SUCCESS |  
2019-08-23 02:50:31,534 | INFO  | SCMAudit | user=jenkins1000 | ip=192.168.36.77 | op=SEND_HEARTBEAT {datanodeUUID=674baee6-143c-441e-9e30-0d895b06f838, command=[]} | ret=SUCCESS |  
2019-08-23 02:50:31,534 | INFO  | SCMAudit | user=jenkins1000 | ip=192.168.36.77 | op=SEND_HEARTBEAT {datanodeUUID=5a5db0ee-9a70-437e-b34f-780f5bc0d289, command=[]} | ret=SUCCESS |  
2019-08-23 02:50:31,750 | INFO  | SCMAudit | user=jenkins1000 | ip=192.168.36.77 | op=SEND_HEARTBEAT {datanodeUUID=6e366328-a21a-42d1-a497-c25b5c1bc291, command=[]} | ret=SUCCESS |  
2019-08-23 02:50:31,818 | INFO  | SCMAudit | user=jenkins1000 | ip=192.168.36.77 | op=SEND_HEARTBEAT {datanodeUUID=7fac1d6a-2836-41bb-912e-0cc81c617797, command=[]} | ret=SUCCESS |  
2019-08-23 02:50:32,015 | INFO  | SCMAudit | user=jenkins1000 | ip=192.168.36.77 | op=SEND_HEARTBEAT {datanodeUUID=7d1d5090-b1ef-4680-bded-086545998ddd, command=[]} | ret=SUCCESS |  
2019-08-23 02:50:32,037 [main] INFO  ozoneimpl.OzoneContainer (OzoneContainer.java:stop(199)) - Attempting to stop container services.
2019-08-23 02:50:32,038 [main] INFO  impl.RaftServerProxy (RaftServerProxy.java:lambda$close$4(314)) - ecd3787f-2b30-4c06-af2c-0a727538b2a6: close
2019-08-23 02:50:32,038 [main] INFO  impl.RaftServerImpl (RaftServerImpl.java:lambda$shutdown$3(245)) - ecd3787f-2b30-4c06-af2c-0a727538b2a6: shutdown group-0DF14E4B3894
2019-08-23 02:50:32,039 [ForkJoinPool.commonPool-worker-1] INFO  impl.RaftServerImpl (RaftServerImpl.java:lambda$shutdown$3(245)) - ecd3787f-2b30-4c06-af2c-0a727538b2a6: shutdown group-BCE5799F593A
2019-08-23 02:50:32,039 [main] INFO  util.JmxRegister (JmxRegister.java:unregister(73)) - Successfully un-registered JMX Bean with object name Ratis:service=RaftServer,group=group-0DF14E4B3894,id=ecd3787f-2b30-4c06-af2c-0a727538b2a6
2019-08-23 02:50:32,039 [ForkJoinPool.commonPool-worker-1] INFO  util.JmxRegister (JmxRegister.java:unregister(73)) - Successfully un-registered JMX Bean with object name Ratis:service=RaftServer,group=group-BCE5799F593A,id=ecd3787f-2b30-4c06-af2c-0a727538b2a6
2019-08-23 02:50:32,039 [main] INFO  impl.RoleInfo (RoleInfo.java:shutdownLeaderState(104)) - ecd3787f-2b30-4c06-af2c-0a727538b2a6: shutdown LeaderState
2019-08-23 02:50:32,040 [ForkJoinPool.commonPool-worker-1] INFO  impl.RoleInfo (RoleInfo.java:shutdownLeaderState(104)) - ecd3787f-2b30-4c06-af2c-0a727538b2a6: shutdown LeaderState
2019-08-23 02:50:32,055 [org.apache.ratis.server.impl.LogAppender$AppenderDaemon$$Lambda$484/1115629111@6a17cfc1] WARN  server.GrpcLogAppender (GrpcLogAppender.java:mayWait(143)) - GrpcLogAppender(ecd3787f-2b30-4c06-af2c-0a727538b2a6->10c22d4b-82dd-4f6e-83af-e52ab1885d9d): Wait interrupted by java.lang.InterruptedException
2019-08-23 02:50:32,056 | INFO  | SCMAudit | user=jenkins1000 | ip=192.168.36.77 | op=SEND_HEARTBEAT {datanodeUUID=36d2002e-42fa-435d-a060-c1875d20dd5b, command=[]} | ret=SUCCESS |  
2019-08-23 02:50:32,055 [ForkJoinPool.commonPool-worker-1] INFO  impl.PendingRequests (PendingRequests.java:sendNotLeaderResponses(202)) - ecd3787f-2b30-4c06-af2c-0a727538b2a6-PendingRequests: sendNotLeaderResponses
2019-08-23 02:50:32,056 [org.apache.ratis.server.impl.LogAppender$AppenderDaemon$$Lambda$484/1115629111@2f155ce7] WARN  server.GrpcLogAppender (GrpcLogAppender.java:mayWait(143)) - GrpcLogAppender(ecd3787f-2b30-4c06-af2c-0a727538b2a6->7d1d5090-b1ef-4680-bded-086545998ddd): Wait interrupted by java.lang.InterruptedException
2019-08-23 02:50:32,056 | INFO  | SCMAudit | user=jenkins1000 | ip=192.168.36.77 | op=SEND_HEARTBEAT {datanodeUUID=15fd999f-62be-4877-833a-993ce600606a, command=[]} | ret=SUCCESS |  
2019-08-23 02:50:32,056 | INFO  | SCMAudit | user=jenkins1000 | ip=192.168.36.77 | op=SEND_HEARTBEAT {datanodeUUID=5c5e51ce-aa4b-45fa-b548-3aebeb03959c, command=[]} | ret=SUCCESS |  
2019-08-23 02:50:32,056 [main] INFO  impl.PendingRequests (PendingRequests.java:sendNotLeaderResponses(202)) - ecd3787f-2b30-4c06-af2c-0a727538b2a6-PendingRequests: sendNotLeaderResponses
2019-08-23 02:50:32,056 [grpc-default-executor-3] INFO  server.GrpcServerProtocolService (GrpcServerProtocolService.java:onCompleted(104)) - 7d1d5090-b1ef-4680-bded-086545998ddd: appendEntries completed
2019-08-23 02:50:32,056 [ForkJoinPool.commonPool-worker-1] INFO  impl.StateMachineUpdater (StateMachineUpdater.java:stopAndJoin(115)) - StateMachineUpdater:ecd3787f-2b30-4c06-af2c-0a727538b2a6:group-BCE5799F593A: set stopIndex = 0
2019-08-23 02:50:32,073 [ForkJoinPool.commonPool-worker-1] INFO  impl.RaftServerImpl (ServerState.java:close(394)) - ecd3787f-2b30-4c06-af2c-0a727538b2a6:group-BCE5799F593A closes. The last applied log index is 0
2019-08-23 02:50:32,056 [grpc-default-executor-2] INFO  server.GrpcServerProtocolService (GrpcServerProtocolService.java:onCompleted(104)) - 10c22d4b-82dd-4f6e-83af-e52ab1885d9d: appendEntries completed
2019-08-23 02:50:32,073 [StateMachineUpdater:ecd3787f-2b30-4c06-af2c-0a727538b2a6:group-0DF14E4B3894] INFO  ratis.ContainerStateMachine (ContainerStateMachine.java:takeSnapshot(283)) - group-0DF14E4B3894: Taking a snapshot at:(t:2, i:2) file /workdir/hadoop-ozone/integration-test/target/test-dir/MiniOzoneClusterImpl-ddc7a5e3-92e7-4869-8d12-20395c099e28/datanode-0/data/ratis/b83af6be-e6da-4506-91a5-0df14e4b3894/sm/snapshot.2_2
2019-08-23 02:50:32,073 [main] INFO  impl.StateMachineUpdater (StateMachineUpdater.java:stopAndJoin(115)) - StateMachineUpdater:ecd3787f-2b30-4c06-af2c-0a727538b2a6:group-0DF14E4B3894: set stopIndex = 2
2019-08-23 02:50:32,078 [grpc-default-executor-3] INFO  server.GrpcLogAppender (GrpcLogAppender.java:onCompleted(292)) - ecd3787f-2b30-4c06-af2c-0a727538b2a6->10c22d4b-82dd-4f6e-83af-e52ab1885d9d: follower responses appendEntries COMPLETED
2019-08-23 02:50:32,077 [grpc-default-executor-2] INFO  server.GrpcLogAppender (GrpcLogAppender.java:onCompleted(292)) - ecd3787f-2b30-4c06-af2c-0a727538b2a6->7d1d5090-b1ef-4680-bded-086545998ddd: follower responses appendEntries COMPLETED
2019-08-23 02:50:32,077 [ecd3787f-2b30-4c06-af2c-0a727538b2a6-SegmentedRaftLogWorker:Storage Directory /workdir/hadoop-ozone/integration-test/target/test-dir/MiniOzoneClusterImpl-ddc7a5e3-92e7-4869-8d12-20395c099e28/datanode-0/data/ratis/58b0469e-5748-42d0-93ab-bce5799f593a] INFO  segmented.SegmentedRaftLogWorker (SegmentedRaftLogWorker.java:run(313)) - ecd3787f-2b30-4c06-af2c-0a727538b2a6-SegmentedRaftLogWorker:Storage Directory /workdir/hadoop-ozone/integration-test/target/test-dir/MiniOzoneClusterImpl-ddc7a5e3-92e7-4869-8d12-20395c099e28/datanode-0/data/ratis/58b0469e-5748-42d0-93ab-bce5799f593a was interrupted, exiting. There are 0 tasks remaining in the queue.
2019-08-23 02:50:32,079 [grpc-default-executor-2] INFO  impl.FollowerInfo (FollowerInfo.java:lambda$new$0(50)) - ecd3787f-2b30-4c06-af2c-0a727538b2a6->7d1d5090-b1ef-4680-bded-086545998ddd: nextIndex: updateUnconditionally 3 -> 2
2019-08-23 02:50:32,078 [grpc-default-executor-3] INFO  impl.FollowerInfo (FollowerInfo.java:lambda$new$0(50)) - ecd3787f-2b30-4c06-af2c-0a727538b2a6->10c22d4b-82dd-4f6e-83af-e52ab1885d9d: nextIndex: updateUnconditionally 3 -> 2
2019-08-23 02:50:32,089 [ForkJoinPool.commonPool-worker-1] INFO  segmented.SegmentedRaftLogWorker (SegmentedRaftLogWorker.java:close(228)) - ecd3787f-2b30-4c06-af2c-0a727538b2a6-SegmentedRaftLogWorker:Storage Directory /workdir/hadoop-ozone/integration-test/target/test-dir/MiniOzoneClusterImpl-ddc7a5e3-92e7-4869-8d12-20395c099e28/datanode-0/data/ratis/58b0469e-5748-42d0-93ab-bce5799f593a close()
2019-08-23 02:50:32,120 [StateMachineUpdater:ecd3787f-2b30-4c06-af2c-0a727538b2a6:group-0DF14E4B3894] INFO  ratis.ContainerStateMachine (ContainerStateMachine.java:takeSnapshot(294)) - group-0DF14E4B3894: Finished taking a snapshot at:(t:2, i:2) file:/workdir/hadoop-ozone/integration-test/target/test-dir/MiniOzoneClusterImpl-ddc7a5e3-92e7-4869-8d12-20395c099e28/datanode-0/data/ratis/b83af6be-e6da-4506-91a5-0df14e4b3894/sm/snapshot.2_2 time:48
2019-08-23 02:50:32,121 [StateMachineUpdater:ecd3787f-2b30-4c06-af2c-0a727538b2a6:group-0DF14E4B3894] INFO  impl.StateMachineUpdater (StateMachineUpdater.java:takeSnapshot(242)) - StateMachineUpdater:ecd3787f-2b30-4c06-af2c-0a727538b2a6:group-0DF14E4B3894: Took a snapshot at index 2
2019-08-23 02:50:32,121 [StateMachineUpdater:ecd3787f-2b30-4c06-af2c-0a727538b2a6:group-0DF14E4B3894] INFO  impl.StateMachineUpdater (StateMachineUpdater.java:lambda$new$0(80)) - StateMachineUpdater:ecd3787f-2b30-4c06-af2c-0a727538b2a6:group-0DF14E4B3894: snapshotIndex: updateIncreasingly -1 -> 2
2019-08-23 02:50:32,121 [main] INFO  impl.RaftServerImpl (ServerState.java:close(394)) - ecd3787f-2b30-4c06-af2c-0a727538b2a6:group-0DF14E4B3894 closes. The last applied log index is 2
2019-08-23 02:50:32,122 [ecd3787f-2b30-4c06-af2c-0a727538b2a6-SegmentedRaftLogWorker:Storage Directory /workdir/hadoop-ozone/integration-test/target/test-dir/MiniOzoneClusterImpl-ddc7a5e3-92e7-4869-8d12-20395c099e28/datanode-0/data/ratis/b83af6be-e6da-4506-91a5-0df14e4b3894] INFO  segmented.SegmentedRaftLogWorker (SegmentedRaftLogWorker.java:run(313)) - ecd3787f-2b30-4c06-af2c-0a727538b2a6-SegmentedRaftLogWorker:Storage Directory /workdir/hadoop-ozone/integration-test/target/test-dir/MiniOzoneClusterImpl-ddc7a5e3-92e7-4869-8d12-20395c099e28/datanode-0/data/ratis/b83af6be-e6da-4506-91a5-0df14e4b3894 was interrupted, exiting. There are 0 tasks remaining in the queue.
2019-08-23 02:50:32,122 [main] INFO  segmented.SegmentedRaftLogWorker (SegmentedRaftLogWorker.java:close(228)) - ecd3787f-2b30-4c06-af2c-0a727538b2a6-SegmentedRaftLogWorker:Storage Directory /workdir/hadoop-ozone/integration-test/target/test-dir/MiniOzoneClusterImpl-ddc7a5e3-92e7-4869-8d12-20395c099e28/datanode-0/data/ratis/b83af6be-e6da-4506-91a5-0df14e4b3894 close()
2019-08-23 02:50:32,126 [main] INFO  server.GrpcService (GrpcService.java:closeImpl(155)) - ecd3787f-2b30-4c06-af2c-0a727538b2a6: shutdown server with port 44934 now
2019-08-23 02:50:32,127 [main] INFO  server.GrpcService (GrpcService.java:closeImpl(163)) - ecd3787f-2b30-4c06-af2c-0a727538b2a6: shutdown server with port 44934 successfully
2019-08-23 02:50:32,131 [main] INFO  utils.BackgroundService (BackgroundService.java:shutdown(148)) - Shutting down service BlockDeletingService
2019-08-23 02:50:32,132 [refreshUsed-/workdir/hadoop-ozone/integration-test/target/test-dir/MiniOzoneClusterImpl-ddc7a5e3-92e7-4869-8d12-20395c099e28/datanode-0/data/containers] WARN  fs.CachingGetSpaceUsed (CachingGetSpaceUsed.java:run(183)) - Thread Interrupted waiting to refresh disk information: sleep interrupted
2019-08-23 02:50:32,148 | INFO  | SCMAudit | user=jenkins1000 | ip=192.168.36.77 | op=SEND_HEARTBEAT {datanodeUUID=e824def4-fdb0-4d06-a3a6-273d371b8d7d, command=[]} | ret=SUCCESS |  
2019-08-23 02:50:32,149 | INFO  | SCMAudit | user=jenkins1000 | ip=192.168.36.77 | op=SEND_HEARTBEAT {datanodeUUID=004b6b6e-41ce-4475-9f2f-481aedf9c953, command=[]} | ret=SUCCESS |  
2019-08-23 02:50:32,163 [main] INFO  statemachine.DatanodeStateMachine (DatanodeStateMachine.java:stopDaemon(395)) - Ozone container server stopped.
2019-08-23 02:50:32,164 [main] INFO  handler.ContextHandler (ContextHandler.java:doStop(910)) - Stopped o.e.j.w.WebAppContext@154cbb46{/,null,UNAVAILABLE}{/hddsDatanode}
2019-08-23 02:50:32,165 [main] INFO  server.AbstractConnector (AbstractConnector.java:doStop(318)) - Stopped ServerConnector@58fbecde{HTTP/1.1,[http/1.1]}{0.0.0.0:0}
2019-08-23 02:50:32,165 [main] INFO  handler.ContextHandler (ContextHandler.java:doStop(910)) - Stopped o.e.j.s.ServletContextHandler@4ceb368b{/static,jar:file:/home/user/.m2/repository/org/apache/hadoop/hadoop-hdds-container-service/0.5.0-SNAPSHOT/hadoop-hdds-container-service-0.5.0-SNAPSHOT.jar!/webapps/static,UNAVAILABLE}
2019-08-23 02:50:32,165 [main] INFO  handler.ContextHandler (ContextHandler.java:doStop(910)) - Stopped o.e.j.s.ServletContextHandler@68ee7b3b{/logs,file:///workdir/hadoop-ozone/integration-test/target/log,UNAVAILABLE}
2019-08-23 02:50:32,298 | INFO  | SCMAudit | user=jenkins1000 | ip=192.168.36.77 | op=SEND_HEARTBEAT {datanodeUUID=4e26a0b2-e9f6-4006-875a-ebcdd6a63049, command=[]} | ret=SUCCESS |  
2019-08-23 02:50:32,298 | INFO  | SCMAudit | user=jenkins1000 | ip=192.168.36.77 | op=SEND_HEARTBEAT {datanodeUUID=10c22d4b-82dd-4f6e-83af-e52ab1885d9d, command=[]} | ret=SUCCESS |  
2019-08-23 02:50:32,380 | INFO  | SCMAudit | user=jenkins1000 | ip=192.168.36.77 | op=SEND_HEARTBEAT {datanodeUUID=50e43da2-e7e0-478c-b7e8-9638b0c061cc, command=[]} | ret=SUCCESS |  
2019-08-23 02:50:32,534 | INFO  | SCMAudit | user=jenkins1000 | ip=192.168.36.77 | op=SEND_HEARTBEAT {datanodeUUID=5a5db0ee-9a70-437e-b34f-780f5bc0d289, command=[]} | ret=SUCCESS |  
2019-08-23 02:50:32,534 | INFO  | SCMAudit | user=jenkins1000 | ip=192.168.36.77 | op=SEND_HEARTBEAT {datanodeUUID=674baee6-143c-441e-9e30-0d895b06f838, command=[]} | ret=SUCCESS |  
2019-08-23 02:50:32,751 | INFO  | SCMAudit | user=jenkins1000 | ip=192.168.36.77 | op=SEND_HEARTBEAT {datanodeUUID=6e366328-a21a-42d1-a497-c25b5c1bc291, command=[]} | ret=SUCCESS |  
2019-08-23 02:50:32,819 | INFO  | SCMAudit | user=jenkins1000 | ip=192.168.36.77 | op=SEND_HEARTBEAT {datanodeUUID=7fac1d6a-2836-41bb-912e-0cc81c617797, command=[]} | ret=SUCCESS |  
2019-08-23 02:50:33,015 | INFO  | SCMAudit | user=jenkins1000 | ip=192.168.36.77 | op=SEND_HEARTBEAT {datanodeUUID=7d1d5090-b1ef-4680-bded-086545998ddd, command=[]} | ret=SUCCESS |  
2019-08-23 02:50:33,047 | INFO  | SCMAudit | user=jenkins1000 | ip=192.168.36.77 | op=SEND_HEARTBEAT {datanodeUUID=15fd999f-62be-4877-833a-993ce600606a, command=[]} | ret=SUCCESS |  
2019-08-23 02:50:33,047 | INFO  | SCMAudit | user=jenkins1000 | ip=192.168.36.77 | op=SEND_HEARTBEAT {datanodeUUID=5c5e51ce-aa4b-45fa-b548-3aebeb03959c, command=[]} | ret=SUCCESS |  
2019-08-23 02:50:33,048 | INFO  | SCMAudit | user=jenkins1000 | ip=192.168.36.77 | op=SEND_HEARTBEAT {datanodeUUID=36d2002e-42fa-435d-a060-c1875d20dd5b, command=[]} | ret=SUCCESS |  
2019-08-23 02:50:33,149 | INFO  | SCMAudit | user=jenkins1000 | ip=192.168.36.77 | op=SEND_HEARTBEAT {datanodeUUID=e824def4-fdb0-4d06-a3a6-273d371b8d7d, command=[]} | ret=SUCCESS |  
2019-08-23 02:50:33,149 | INFO  | SCMAudit | user=jenkins1000 | ip=192.168.36.77 | op=SEND_HEARTBEAT {datanodeUUID=004b6b6e-41ce-4475-9f2f-481aedf9c953, command=[]} | ret=SUCCESS |  
2019-08-23 02:50:33,298 | INFO  | SCMAudit | user=jenkins1000 | ip=192.168.36.77 | op=SEND_HEARTBEAT {datanodeUUID=4e26a0b2-e9f6-4006-875a-ebcdd6a63049, command=[]} | ret=SUCCESS |  
2019-08-23 02:50:33,298 | INFO  | SCMAudit | user=jenkins1000 | ip=192.168.36.77 | op=SEND_HEARTBEAT {datanodeUUID=10c22d4b-82dd-4f6e-83af-e52ab1885d9d, command=[]} | ret=SUCCESS |  
2019-08-23 02:50:33,380 | INFO  | SCMAudit | user=jenkins1000 | ip=192.168.36.77 | op=SEND_HEARTBEAT {datanodeUUID=50e43da2-e7e0-478c-b7e8-9638b0c061cc, command=[]} | ret=SUCCESS |  
2019-08-23 02:50:33,534 | INFO  | SCMAudit | user=jenkins1000 | ip=192.168.36.77 | op=SEND_HEARTBEAT {datanodeUUID=674baee6-143c-441e-9e30-0d895b06f838, command=[]} | ret=SUCCESS |  
2019-08-23 02:50:33,534 | INFO  | SCMAudit | user=jenkins1000 | ip=192.168.36.77 | op=SEND_HEARTBEAT {datanodeUUID=5a5db0ee-9a70-437e-b34f-780f5bc0d289, command=[]} | ret=SUCCESS |  
2019-08-23 02:50:33,751 | INFO  | SCMAudit | user=jenkins1000 | ip=192.168.36.77 | op=SEND_HEARTBEAT {datanodeUUID=6e366328-a21a-42d1-a497-c25b5c1bc291, command=[]} | ret=SUCCESS |  
2019-08-23 02:50:33,819 | INFO  | SCMAudit | user=jenkins1000 | ip=192.168.36.77 | op=SEND_HEARTBEAT {datanodeUUID=7fac1d6a-2836-41bb-912e-0cc81c617797, command=[]} | ret=SUCCESS |  
2019-08-23 02:50:34,016 | INFO  | SCMAudit | user=jenkins1000 | ip=192.168.36.77 | op=SEND_HEARTBEAT {datanodeUUID=7d1d5090-b1ef-4680-bded-086545998ddd, command=[]} | ret=SUCCESS |  
2019-08-23 02:50:34,047 | INFO  | SCMAudit | user=jenkins1000 | ip=192.168.36.77 | op=SEND_HEARTBEAT {datanodeUUID=5c5e51ce-aa4b-45fa-b548-3aebeb03959c, command=[]} | ret=SUCCESS |  
2019-08-23 02:50:34,047 | INFO  | SCMAudit | user=jenkins1000 | ip=192.168.36.77 | op=SEND_HEARTBEAT {datanodeUUID=15fd999f-62be-4877-833a-993ce600606a, command=[]} | ret=SUCCESS |  
2019-08-23 02:50:34,048 | INFO  | SCMAudit | user=jenkins1000 | ip=192.168.36.77 | op=SEND_HEARTBEAT {datanodeUUID=36d2002e-42fa-435d-a060-c1875d20dd5b, command=[]} | ret=SUCCESS |  
2019-08-23 02:50:34,149 | INFO  | SCMAudit | user=jenkins1000 | ip=192.168.36.77 | op=SEND_HEARTBEAT {datanodeUUID=e824def4-fdb0-4d06-a3a6-273d371b8d7d, command=[]} | ret=SUCCESS |  
2019-08-23 02:50:34,149 | INFO  | SCMAudit | user=jenkins1000 | ip=192.168.36.77 | op=SEND_HEARTBEAT {datanodeUUID=004b6b6e-41ce-4475-9f2f-481aedf9c953, command=[]} | ret=SUCCESS |  
2019-08-23 02:50:34,196 [grpc-default-executor-5] INFO  client.GrpcClientProtocolClient (GrpcClientProtocolClient.java:onNext(255)) - client-0DF4BF829A7E->10c22d4b-82dd-4f6e-83af-e52ab1885d9d: receive RaftClientReply:client-0DF4BF829A7E->10c22d4b-82dd-4f6e-83af-e52ab1885d9d@group-0DF14E4B3894, cid=95, FAILED org.apache.ratis.protocol.NotLeaderException: Server 10c22d4b-82dd-4f6e-83af-e52ab1885d9d is not the leader (ecd3787f-2b30-4c06-af2c-0a727538b2a6:192.168.36.77:44934). Request must be sent to leader., logIndex=0, commits[10c22d4b-82dd-4f6e-83af-e52ab1885d9d:c2, ecd3787f-2b30-4c06-af2c-0a727538b2a6:c2, 7d1d5090-b1ef-4680-bded-086545998ddd:c2]
2019-08-23 02:50:34,299 | INFO  | SCMAudit | user=jenkins1000 | ip=192.168.36.77 | op=SEND_HEARTBEAT {datanodeUUID=10c22d4b-82dd-4f6e-83af-e52ab1885d9d, command=[]} | ret=SUCCESS |  
2019-08-23 02:50:34,299 | INFO  | SCMAudit | user=jenkins1000 | ip=192.168.36.77 | op=SEND_HEARTBEAT {datanodeUUID=4e26a0b2-e9f6-4006-875a-ebcdd6a63049, command=[]} | ret=SUCCESS |  
2019-08-23 02:50:34,380 | INFO  | SCMAudit | user=jenkins1000 | ip=192.168.36.77 | op=SEND_HEARTBEAT {datanodeUUID=50e43da2-e7e0-478c-b7e8-9638b0c061cc, command=[]} | ret=SUCCESS |  
2019-08-23 02:50:34,534 | INFO  | SCMAudit | user=jenkins1000 | ip=192.168.36.77 | op=SEND_HEARTBEAT {datanodeUUID=674baee6-143c-441e-9e30-0d895b06f838, command=[]} | ret=SUCCESS |  
2019-08-23 02:50:34,534 | INFO  | SCMAudit | user=jenkins1000 | ip=192.168.36.77 | op=SEND_HEARTBEAT {datanodeUUID=5a5db0ee-9a70-437e-b34f-780f5bc0d289, command=[]} | ret=SUCCESS |  
2019-08-23 02:50:34,751 | INFO  | SCMAudit | user=jenkins1000 | ip=192.168.36.77 | op=SEND_HEARTBEAT {datanodeUUID=6e366328-a21a-42d1-a497-c25b5c1bc291, command=[]} | ret=SUCCESS |  
2019-08-23 02:50:34,820 | INFO  | SCMAudit | user=jenkins1000 | ip=192.168.36.77 | op=SEND_HEARTBEAT {datanodeUUID=7fac1d6a-2836-41bb-912e-0cc81c617797, command=[]} | ret=SUCCESS |  
2019-08-23 02:50:35,016 | INFO  | SCMAudit | user=jenkins1000 | ip=192.168.36.77 | op=SEND_HEARTBEAT {datanodeUUID=7d1d5090-b1ef-4680-bded-086545998ddd, command=[]} | ret=SUCCESS |  
2019-08-23 02:50:35,048 | INFO  | SCMAudit | user=jenkins1000 | ip=192.168.36.77 | op=SEND_HEARTBEAT {datanodeUUID=15fd999f-62be-4877-833a-993ce600606a, command=[]} | ret=SUCCESS |  
2019-08-23 02:50:35,048 | INFO  | SCMAudit | user=jenkins1000 | ip=192.168.36.77 | op=SEND_HEARTBEAT {datanodeUUID=5c5e51ce-aa4b-45fa-b548-3aebeb03959c, command=[]} | ret=SUCCESS |  
2019-08-23 02:50:35,048 | INFO  | SCMAudit | user=jenkins1000 | ip=192.168.36.77 | op=SEND_HEARTBEAT {datanodeUUID=36d2002e-42fa-435d-a060-c1875d20dd5b, command=[]} | ret=SUCCESS |  
2019-08-23 02:50:35,149 | INFO  | SCMAudit | user=jenkins1000 | ip=192.168.36.77 | op=SEND_HEARTBEAT {datanodeUUID=e824def4-fdb0-4d06-a3a6-273d371b8d7d, command=[]} | ret=SUCCESS |  
2019-08-23 02:50:35,150 | INFO  | SCMAudit | user=jenkins1000 | ip=192.168.36.77 | op=SEND_HEARTBEAT {datanodeUUID=004b6b6e-41ce-4475-9f2f-481aedf9c953, command=[]} | ret=SUCCESS |  
2019-08-23 02:50:35,238 [grpc-default-executor-3] INFO  client.GrpcClientProtocolClient (GrpcClientProtocolClient.java:onNext(255)) - client-0DF4BF829A7E->10c22d4b-82dd-4f6e-83af-e52ab1885d9d: receive RaftClientReply:client-0DF4BF829A7E->10c22d4b-82dd-4f6e-83af-e52ab1885d9d@group-0DF14E4B3894, cid=95, FAILED org.apache.ratis.protocol.NotLeaderException: Server 10c22d4b-82dd-4f6e-83af-e52ab1885d9d is not the leader (ecd3787f-2b30-4c06-af2c-0a727538b2a6:192.168.36.77:44934). Request must be sent to leader., logIndex=0, commits[10c22d4b-82dd-4f6e-83af-e52ab1885d9d:c2, ecd3787f-2b30-4c06-af2c-0a727538b2a6:c2, 7d1d5090-b1ef-4680-bded-086545998ddd:c2]
2019-08-23 02:50:35,299 | INFO  | SCMAudit | user=jenkins1000 | ip=192.168.36.77 | op=SEND_HEARTBEAT {datanodeUUID=4e26a0b2-e9f6-4006-875a-ebcdd6a63049, command=[]} | ret=SUCCESS |  
2019-08-23 02:50:35,299 | INFO  | SCMAudit | user=jenkins1000 | ip=192.168.36.77 | op=SEND_HEARTBEAT {datanodeUUID=10c22d4b-82dd-4f6e-83af-e52ab1885d9d, command=[]} | ret=SUCCESS |  
2019-08-23 02:50:35,381 | INFO  | SCMAudit | user=jenkins1000 | ip=192.168.36.77 | op=SEND_HEARTBEAT {datanodeUUID=50e43da2-e7e0-478c-b7e8-9638b0c061cc, command=[]} | ret=SUCCESS |  
2019-08-23 02:50:35,533 | INFO  | SCMAudit | user=jenkins1000 | ip=192.168.36.77 | op=SEND_HEARTBEAT {datanodeUUID=5a5db0ee-9a70-437e-b34f-780f5bc0d289, command=[]} | ret=SUCCESS |  
2019-08-23 02:50:35,533 | INFO  | SCMAudit | user=jenkins1000 | ip=192.168.36.77 | op=SEND_HEARTBEAT {datanodeUUID=674baee6-143c-441e-9e30-0d895b06f838, command=[]} | ret=SUCCESS |  
2019-08-23 02:50:35,752 | INFO  | SCMAudit | user=jenkins1000 | ip=192.168.36.77 | op=SEND_HEARTBEAT {datanodeUUID=6e366328-a21a-42d1-a497-c25b5c1bc291, command=[]} | ret=SUCCESS |  
2019-08-23 02:50:35,820 | INFO  | SCMAudit | user=jenkins1000 | ip=192.168.36.77 | op=SEND_HEARTBEAT {datanodeUUID=7fac1d6a-2836-41bb-912e-0cc81c617797, command=[]} | ret=SUCCESS |  
2019-08-23 02:50:36,015 | INFO  | SCMAudit | user=jenkins1000 | ip=192.168.36.77 | op=SEND_HEARTBEAT {datanodeUUID=7d1d5090-b1ef-4680-bded-086545998ddd, command=[]} | ret=SUCCESS |  
2019-08-23 02:50:36,048 | INFO  | SCMAudit | user=jenkins1000 | ip=192.168.36.77 | op=SEND_HEARTBEAT {datanodeUUID=15fd999f-62be-4877-833a-993ce600606a, command=[]} | ret=SUCCESS |  
2019-08-23 02:50:36,048 | INFO  | SCMAudit | user=jenkins1000 | ip=192.168.36.77 | op=SEND_HEARTBEAT {datanodeUUID=5c5e51ce-aa4b-45fa-b548-3aebeb03959c, command=[]} | ret=SUCCESS |  
2019-08-23 02:50:36,048 | INFO  | SCMAudit | user=jenkins1000 | ip=192.168.36.77 | op=SEND_HEARTBEAT {datanodeUUID=36d2002e-42fa-435d-a060-c1875d20dd5b, command=[]} | ret=SUCCESS |  
2019-08-23 02:50:36,149 | INFO  | SCMAudit | user=jenkins1000 | ip=192.168.36.77 | op=SEND_HEARTBEAT {datanodeUUID=e824def4-fdb0-4d06-a3a6-273d371b8d7d, command=[]} | ret=SUCCESS |  
2019-08-23 02:50:36,151 | INFO  | SCMAudit | user=jenkins1000 | ip=192.168.36.77 | op=SEND_HEARTBEAT {datanodeUUID=004b6b6e-41ce-4475-9f2f-481aedf9c953, command=[]} | ret=SUCCESS |  
2019-08-23 02:50:36,275 [grpc-default-executor-3] INFO  client.GrpcClientProtocolClient (GrpcClientProtocolClient.java:onNext(255)) - client-0DF4BF829A7E->7d1d5090-b1ef-4680-bded-086545998ddd: receive RaftClientReply:client-0DF4BF829A7E->7d1d5090-b1ef-4680-bded-086545998ddd@group-0DF14E4B3894, cid=95, FAILED org.apache.ratis.protocol.NotLeaderException: Server 7d1d5090-b1ef-4680-bded-086545998ddd is not the leader (ecd3787f-2b30-4c06-af2c-0a727538b2a6:192.168.36.77:44934). Request must be sent to leader., logIndex=0, commits[7d1d5090-b1ef-4680-bded-086545998ddd:c2, ecd3787f-2b30-4c06-af2c-0a727538b2a6:c2, 10c22d4b-82dd-4f6e-83af-e52ab1885d9d:c2]
2019-08-23 02:50:36,298 | INFO  | SCMAudit | user=jenkins1000 | ip=192.168.36.77 | op=SEND_HEARTBEAT {datanodeUUID=10c22d4b-82dd-4f6e-83af-e52ab1885d9d, command=[]} | ret=SUCCESS |  
2019-08-23 02:50:36,298 | INFO  | SCMAudit | user=jenkins1000 | ip=192.168.36.77 | op=SEND_HEARTBEAT {datanodeUUID=4e26a0b2-e9f6-4006-875a-ebcdd6a63049, command=[]} | ret=SUCCESS |  
2019-08-23 02:50:36,381 | INFO  | SCMAudit | user=jenkins1000 | ip=192.168.36.77 | op=SEND_HEARTBEAT {datanodeUUID=50e43da2-e7e0-478c-b7e8-9638b0c061cc, command=[]} | ret=SUCCESS |  
2019-08-23 02:50:36,534 | INFO  | SCMAudit | user=jenkins1000 | ip=192.168.36.77 | op=SEND_HEARTBEAT {datanodeUUID=674baee6-143c-441e-9e30-0d895b06f838, command=[]} | ret=SUCCESS |  
2019-08-23 02:50:36,534 | INFO  | SCMAudit | user=jenkins1000 | ip=192.168.36.77 | op=SEND_HEARTBEAT {datanodeUUID=5a5db0ee-9a70-437e-b34f-780f5bc0d289, command=[]} | ret=SUCCESS |  
2019-08-23 02:50:36,752 | INFO  | SCMAudit | user=jenkins1000 | ip=192.168.36.77 | op=SEND_HEARTBEAT {datanodeUUID=6e366328-a21a-42d1-a497-c25b5c1bc291, command=[]} | ret=SUCCESS |  
2019-08-23 02:50:36,819 | INFO  | SCMAudit | user=jenkins1000 | ip=192.168.36.77 | op=SEND_HEARTBEAT {datanodeUUID=7fac1d6a-2836-41bb-912e-0cc81c617797, command=[]} | ret=SUCCESS |  
2019-08-23 02:50:37,016 | INFO  | SCMAudit | user=jenkins1000 | ip=192.168.36.77 | op=SEND_HEARTBEAT {datanodeUUID=7d1d5090-b1ef-4680-bded-086545998ddd, command=[]} | ret=SUCCESS |  
2019-08-23 02:50:37,048 | INFO  | SCMAudit | user=jenkins1000 | ip=192.168.36.77 | op=SEND_HEARTBEAT {datanodeUUID=5c5e51ce-aa4b-45fa-b548-3aebeb03959c, command=[]} | ret=SUCCESS |  
2019-08-23 02:50:37,048 | INFO  | SCMAudit | user=jenkins1000 | ip=192.168.36.77 | op=SEND_HEARTBEAT {datanodeUUID=15fd999f-62be-4877-833a-993ce600606a, command=[]} | ret=SUCCESS |  
2019-08-23 02:50:37,048 | INFO  | SCMAudit | user=jenkins1000 | ip=192.168.36.77 | op=SEND_HEARTBEAT {datanodeUUID=36d2002e-42fa-435d-a060-c1875d20dd5b, command=[]} | ret=SUCCESS |  
2019-08-23 02:50:37,149 | INFO  | SCMAudit | user=jenkins1000 | ip=192.168.36.77 | op=SEND_HEARTBEAT {datanodeUUID=e824def4-fdb0-4d06-a3a6-273d371b8d7d, command=[]} | ret=SUCCESS |  
2019-08-23 02:50:37,151 | INFO  | SCMAudit | user=jenkins1000 | ip=192.168.36.77 | op=SEND_HEARTBEAT {datanodeUUID=004b6b6e-41ce-4475-9f2f-481aedf9c953, command=[]} | ret=SUCCESS |  
2019-08-23 02:50:37,298 | INFO  | SCMAudit | user=jenkins1000 | ip=192.168.36.77 | op=SEND_HEARTBEAT {datanodeUUID=4e26a0b2-e9f6-4006-875a-ebcdd6a63049, command=[]} | ret=SUCCESS |  
2019-08-23 02:50:37,298 | INFO  | SCMAudit | user=jenkins1000 | ip=192.168.36.77 | op=SEND_HEARTBEAT {datanodeUUID=10c22d4b-82dd-4f6e-83af-e52ab1885d9d, command=[]} | ret=SUCCESS |  
2019-08-23 02:50:37,306 [grpc-default-executor-5] INFO  client.GrpcClientProtocolClient (GrpcClientProtocolClient.java:onNext(255)) - client-0DF4BF829A7E->7d1d5090-b1ef-4680-bded-086545998ddd: receive RaftClientReply:client-0DF4BF829A7E->7d1d5090-b1ef-4680-bded-086545998ddd@group-0DF14E4B3894, cid=95, FAILED org.apache.ratis.protocol.NotLeaderException: Server 7d1d5090-b1ef-4680-bded-086545998ddd is not the leader (ecd3787f-2b30-4c06-af2c-0a727538b2a6:192.168.36.77:44934). Request must be sent to leader., logIndex=0, commits[7d1d5090-b1ef-4680-bded-086545998ddd:c2, ecd3787f-2b30-4c06-af2c-0a727538b2a6:c2, 10c22d4b-82dd-4f6e-83af-e52ab1885d9d:c2]
2019-08-23 02:50:37,381 | INFO  | SCMAudit | user=jenkins1000 | ip=192.168.36.77 | op=SEND_HEARTBEAT {datanodeUUID=50e43da2-e7e0-478c-b7e8-9638b0c061cc, command=[]} | ret=SUCCESS |  
2019-08-23 02:50:37,534 | INFO  | SCMAudit | user=jenkins1000 | ip=192.168.36.77 | op=SEND_HEARTBEAT {datanodeUUID=674baee6-143c-441e-9e30-0d895b06f838, command=[]} | ret=SUCCESS |  
2019-08-23 02:50:37,534 | INFO  | SCMAudit | user=jenkins1000 | ip=192.168.36.77 | op=SEND_HEARTBEAT {datanodeUUID=5a5db0ee-9a70-437e-b34f-780f5bc0d289, command=[]} | ret=SUCCESS |  
2019-08-23 02:50:37,752 | INFO  | SCMAudit | user=jenkins1000 | ip=192.168.36.77 | op=SEND_HEARTBEAT {datanodeUUID=6e366328-a21a-42d1-a497-c25b5c1bc291, command=[]} | ret=SUCCESS |  
2019-08-23 02:50:37,819 | INFO  | SCMAudit | user=jenkins1000 | ip=192.168.36.77 | op=SEND_HEARTBEAT {datanodeUUID=7fac1d6a-2836-41bb-912e-0cc81c617797, command=[]} | ret=SUCCESS |  
2019-08-23 02:50:38,016 | INFO  | SCMAudit | user=jenkins1000 | ip=192.168.36.77 | op=SEND_HEARTBEAT {datanodeUUID=7d1d5090-b1ef-4680-bded-086545998ddd, command=[]} | ret=SUCCESS |  
2019-08-23 02:50:38,048 | INFO  | SCMAudit | user=jenkins1000 | ip=192.168.36.77 | op=SEND_HEARTBEAT {datanodeUUID=15fd999f-62be-4877-833a-993ce600606a, command=[]} | ret=SUCCESS |  
2019-08-23 02:50:38,048 | INFO  | SCMAudit | user=jenkins1000 | ip=192.168.36.77 | op=SEND_HEARTBEAT {datanodeUUID=36d2002e-42fa-435d-a060-c1875d20dd5b, command=[]} | ret=SUCCESS |  
2019-08-23 02:50:38,049 | INFO  | SCMAudit | user=jenkins1000 | ip=192.168.36.77 | op=SEND_HEARTBEAT {datanodeUUID=5c5e51ce-aa4b-45fa-b548-3aebeb03959c, command=[]} | ret=SUCCESS |  
2019-08-23 02:50:38,150 | INFO  | SCMAudit | user=jenkins1000 | ip=192.168.36.77 | op=SEND_HEARTBEAT {datanodeUUID=e824def4-fdb0-4d06-a3a6-273d371b8d7d, command=[]} | ret=SUCCESS |  
2019-08-23 02:50:38,151 | INFO  | SCMAudit | user=jenkins1000 | ip=192.168.36.77 | op=SEND_HEARTBEAT {datanodeUUID=004b6b6e-41ce-4475-9f2f-481aedf9c953, command=[]} | ret=SUCCESS |  
2019-08-23 02:50:38,298 | INFO  | SCMAudit | user=jenkins1000 | ip=192.168.36.77 | op=SEND_HEARTBEAT {datanodeUUID=10c22d4b-82dd-4f6e-83af-e52ab1885d9d, command=[]} | ret=SUCCESS |  
2019-08-23 02:50:38,298 | INFO  | SCMAudit | user=jenkins1000 | ip=192.168.36.77 | op=SEND_HEARTBEAT {datanodeUUID=4e26a0b2-e9f6-4006-875a-ebcdd6a63049, command=[]} | ret=SUCCESS |  
2019-08-23 02:50:38,332 [grpc-default-executor-5] INFO  client.GrpcClientProtocolClient (GrpcClientProtocolClient.java:onNext(255)) - client-0DF4BF829A7E->10c22d4b-82dd-4f6e-83af-e52ab1885d9d: receive RaftClientReply:client-0DF4BF829A7E->10c22d4b-82dd-4f6e-83af-e52ab1885d9d@group-0DF14E4B3894, cid=95, FAILED org.apache.ratis.protocol.NotLeaderException: Server 10c22d4b-82dd-4f6e-83af-e52ab1885d9d is not the leader (ecd3787f-2b30-4c06-af2c-0a727538b2a6:192.168.36.77:44934). Request must be sent to leader., logIndex=0, commits[10c22d4b-82dd-4f6e-83af-e52ab1885d9d:c2, ecd3787f-2b30-4c06-af2c-0a727538b2a6:c2, 7d1d5090-b1ef-4680-bded-086545998ddd:c2]
2019-08-23 02:50:38,381 | INFO  | SCMAudit | user=jenkins1000 | ip=192.168.36.77 | op=SEND_HEARTBEAT {datanodeUUID=50e43da2-e7e0-478c-b7e8-9638b0c061cc, command=[]} | ret=SUCCESS |  
2019-08-23 02:50:38,534 | INFO  | SCMAudit | user=jenkins1000 | ip=192.168.36.77 | op=SEND_HEARTBEAT {datanodeUUID=5a5db0ee-9a70-437e-b34f-780f5bc0d289, command=[]} | ret=SUCCESS |  
2019-08-23 02:50:38,534 | INFO  | SCMAudit | user=jenkins1000 | ip=192.168.36.77 | op=SEND_HEARTBEAT {datanodeUUID=674baee6-143c-441e-9e30-0d895b06f838, command=[]} | ret=SUCCESS |  
2019-08-23 02:50:38,752 | INFO  | SCMAudit | user=jenkins1000 | ip=192.168.36.77 | op=SEND_HEARTBEAT {datanodeUUID=6e366328-a21a-42d1-a497-c25b5c1bc291, command=[]} | ret=SUCCESS |  
2019-08-23 02:50:38,819 | INFO  | SCMAudit | user=jenkins1000 | ip=192.168.36.77 | op=SEND_HEARTBEAT {datanodeUUID=7fac1d6a-2836-41bb-912e-0cc81c617797, command=[]} | ret=SUCCESS |  
2019-08-23 02:50:39,015 | INFO  | SCMAudit | user=jenkins1000 | ip=192.168.36.77 | op=SEND_HEARTBEAT {datanodeUUID=7d1d5090-b1ef-4680-bded-086545998ddd, command=[]} | ret=SUCCESS |  
2019-08-23 02:50:39,048 | INFO  | SCMAudit | user=jenkins1000 | ip=192.168.36.77 | op=SEND_HEARTBEAT {datanodeUUID=5c5e51ce-aa4b-45fa-b548-3aebeb03959c, command=[]} | ret=SUCCESS |  
2019-08-23 02:50:39,055 | INFO  | SCMAudit | user=jenkins1000 | ip=192.168.36.77 | op=SEND_HEARTBEAT {datanodeUUID=36d2002e-42fa-435d-a060-c1875d20dd5b, command=[]} | ret=SUCCESS |  
2019-08-23 02:50:39,056 | INFO  | SCMAudit | user=jenkins1000 | ip=192.168.36.77 | op=SEND_HEARTBEAT {datanodeUUID=15fd999f-62be-4877-833a-993ce600606a, command=[]} | ret=SUCCESS |  
2019-08-23 02:50:39,156 | INFO  | SCMAudit | user=jenkins1000 | ip=192.168.36.77 | op=SEND_HEARTBEAT {datanodeUUID=004b6b6e-41ce-4475-9f2f-481aedf9c953, command=[]} | ret=SUCCESS |  
2019-08-23 02:50:39,156 | INFO  | SCMAudit | user=jenkins1000 | ip=192.168.36.77 | op=SEND_HEARTBEAT {datanodeUUID=e824def4-fdb0-4d06-a3a6-273d371b8d7d, command=[]} | ret=SUCCESS |  
2019-08-23 02:50:39,299 | INFO  | SCMAudit | user=jenkins1000 | ip=192.168.36.77 | op=SEND_HEARTBEAT {datanodeUUID=10c22d4b-82dd-4f6e-83af-e52ab1885d9d, command=[]} | ret=SUCCESS |  
2019-08-23 02:50:39,299 | INFO  | SCMAudit | user=jenkins1000 | ip=192.168.36.77 | op=SEND_HEARTBEAT {datanodeUUID=4e26a0b2-e9f6-4006-875a-ebcdd6a63049, command=[]} | ret=SUCCESS |  
2019-08-23 02:50:39,370 [grpc-default-executor-2] INFO  client.GrpcClientProtocolClient (GrpcClientProtocolClient.java:onNext(255)) - client-0DF4BF829A7E->7d1d5090-b1ef-4680-bded-086545998ddd: receive RaftClientReply:client-0DF4BF829A7E->7d1d5090-b1ef-4680-bded-086545998ddd@group-0DF14E4B3894, cid=95, FAILED org.apache.ratis.protocol.NotLeaderException: Server 7d1d5090-b1ef-4680-bded-086545998ddd is not the leader (ecd3787f-2b30-4c06-af2c-0a727538b2a6:192.168.36.77:44934). Request must be sent to leader., logIndex=0, commits[7d1d5090-b1ef-4680-bded-086545998ddd:c2, ecd3787f-2b30-4c06-af2c-0a727538b2a6:c2, 10c22d4b-82dd-4f6e-83af-e52ab1885d9d:c2]
2019-08-23 02:50:39,383 | INFO  | SCMAudit | user=jenkins1000 | ip=192.168.36.77 | op=SEND_HEARTBEAT {datanodeUUID=50e43da2-e7e0-478c-b7e8-9638b0c061cc, command=[]} | ret=SUCCESS |  
2019-08-23 02:50:39,534 | INFO  | SCMAudit | user=jenkins1000 | ip=192.168.36.77 | op=SEND_HEARTBEAT {datanodeUUID=674baee6-143c-441e-9e30-0d895b06f838, command=[]} | ret=SUCCESS |  
2019-08-23 02:50:39,534 | INFO  | SCMAudit | user=jenkins1000 | ip=192.168.36.77 | op=SEND_HEARTBEAT {datanodeUUID=5a5db0ee-9a70-437e-b34f-780f5bc0d289, command=[]} | ret=SUCCESS |  
2019-08-23 02:50:39,754 | INFO  | SCMAudit | user=jenkins1000 | ip=192.168.36.77 | op=SEND_HEARTBEAT {datanodeUUID=6e366328-a21a-42d1-a497-c25b5c1bc291, command=[]} | ret=SUCCESS |  
2019-08-23 02:50:39,820 | INFO  | SCMAudit | user=jenkins1000 | ip=192.168.36.77 | op=SEND_HEARTBEAT {datanodeUUID=7fac1d6a-2836-41bb-912e-0cc81c617797, command=[]} | ret=SUCCESS |  
2019-08-23 02:50:40,016 | INFO  | SCMAudit | user=jenkins1000 | ip=192.168.36.77 | op=SEND_HEARTBEAT {datanodeUUID=7d1d5090-b1ef-4680-bded-086545998ddd, command=[]} | ret=SUCCESS |  
2019-08-23 02:50:40,048 | INFO  | SCMAudit | user=jenkins1000 | ip=192.168.36.77 | op=SEND_HEARTBEAT {datanodeUUID=5c5e51ce-aa4b-45fa-b548-3aebeb03959c, command=[]} | ret=SUCCESS |  
2019-08-23 02:50:40,048 | INFO  | SCMAudit | user=jenkins1000 | ip=192.168.36.77 | op=SEND_HEARTBEAT {datanodeUUID=36d2002e-42fa-435d-a060-c1875d20dd5b, command=[]} | ret=SUCCESS |  
2019-08-23 02:50:40,048 | INFO  | SCMAudit | user=jenkins1000 | ip=192.168.36.77 | op=SEND_HEARTBEAT {datanodeUUID=15fd999f-62be-4877-833a-993ce600606a, command=[]} | ret=SUCCESS |  
2019-08-23 02:50:40,150 | INFO  | SCMAudit | user=jenkins1000 | ip=192.168.36.77 | op=SEND_HEARTBEAT {datanodeUUID=e824def4-fdb0-4d06-a3a6-273d371b8d7d, command=[]} | ret=SUCCESS |  
2019-08-23 02:50:40,156 | INFO  | SCMAudit | user=jenkins1000 | ip=192.168.36.77 | op=SEND_HEARTBEAT {datanodeUUID=004b6b6e-41ce-4475-9f2f-481aedf9c953, command=[]} | ret=SUCCESS |  
2019-08-23 02:50:40,304 | INFO  | SCMAudit | user=jenkins1000 | ip=192.168.36.77 | op=SEND_HEARTBEAT {datanodeUUID=4e26a0b2-e9f6-4006-875a-ebcdd6a63049, command=[]} | ret=SUCCESS |  
2019-08-23 02:50:40,304 | INFO  | SCMAudit | user=jenkins1000 | ip=192.168.36.77 | op=SEND_HEARTBEAT {datanodeUUID=10c22d4b-82dd-4f6e-83af-e52ab1885d9d, command=[]} | ret=SUCCESS |  
2019-08-23 02:50:40,384 | INFO  | SCMAudit | user=jenkins1000 | ip=192.168.36.77 | op=SEND_HEARTBEAT {datanodeUUID=50e43da2-e7e0-478c-b7e8-9638b0c061cc, command=[]} | ret=SUCCESS |  
2019-08-23 02:50:40,402 [grpc-default-executor-2] INFO  client.GrpcClientProtocolClient (GrpcClientProtocolClient.java:onNext(255)) - client-0DF4BF829A7E->10c22d4b-82dd-4f6e-83af-e52ab1885d9d: receive RaftClientReply:client-0DF4BF829A7E->10c22d4b-82dd-4f6e-83af-e52ab1885d9d@group-0DF14E4B3894, cid=95, FAILED org.apache.ratis.protocol.NotLeaderException: Server 10c22d4b-82dd-4f6e-83af-e52ab1885d9d is not the leader (ecd3787f-2b30-4c06-af2c-0a727538b2a6:192.168.36.77:44934). Request must be sent to leader., logIndex=0, commits[10c22d4b-82dd-4f6e-83af-e52ab1885d9d:c2, ecd3787f-2b30-4c06-af2c-0a727538b2a6:c2, 7d1d5090-b1ef-4680-bded-086545998ddd:c2]
2019-08-23 02:50:40,534 | INFO  | SCMAudit | user=jenkins1000 | ip=192.168.36.77 | op=SEND_HEARTBEAT {datanodeUUID=674baee6-143c-441e-9e30-0d895b06f838, command=[]} | ret=SUCCESS |  
2019-08-23 02:50:40,534 | INFO  | SCMAudit | user=jenkins1000 | ip=192.168.36.77 | op=SEND_HEARTBEAT {datanodeUUID=5a5db0ee-9a70-437e-b34f-780f5bc0d289, command=[]} | ret=SUCCESS |  
2019-08-23 02:50:40,752 | INFO  | SCMAudit | user=jenkins1000 | ip=192.168.36.77 | op=SEND_HEARTBEAT {datanodeUUID=6e366328-a21a-42d1-a497-c25b5c1bc291, command=[]} | ret=SUCCESS |  
2019-08-23 02:50:40,820 | INFO  | SCMAudit | user=jenkins1000 | ip=192.168.36.77 | op=SEND_HEARTBEAT {datanodeUUID=7fac1d6a-2836-41bb-912e-0cc81c617797, command=[]} | ret=SUCCESS |  
2019-08-23 02:50:41,016 | INFO  | SCMAudit | user=jenkins1000 | ip=192.168.36.77 | op=SEND_HEARTBEAT {datanodeUUID=7d1d5090-b1ef-4680-bded-086545998ddd, command=[]} | ret=SUCCESS |  
2019-08-23 02:50:41,048 | INFO  | SCMAudit | user=jenkins1000 | ip=192.168.36.77 | op=SEND_HEARTBEAT {datanodeUUID=36d2002e-42fa-435d-a060-c1875d20dd5b, command=[]} | ret=SUCCESS |  
2019-08-23 02:50:41,048 | INFO  | SCMAudit | user=jenkins1000 | ip=192.168.36.77 | op=SEND_HEARTBEAT {datanodeUUID=15fd999f-62be-4877-833a-993ce600606a, command=[]} | ret=SUCCESS |  
2019-08-23 02:50:41,048 | INFO  | SCMAudit | user=jenkins1000 | ip=192.168.36.77 | op=SEND_HEARTBEAT {datanodeUUID=5c5e51ce-aa4b-45fa-b548-3aebeb03959c, command=[]} | ret=SUCCESS |  
2019-08-23 02:50:41,150 | INFO  | SCMAudit | user=jenkins1000 | ip=192.168.36.77 | op=SEND_HEARTBEAT {datanodeUUID=e824def4-fdb0-4d06-a3a6-273d371b8d7d, command=[]} | ret=SUCCESS |  
2019-08-23 02:50:41,156 | INFO  | SCMAudit | user=jenkins1000 | ip=192.168.36.77 | op=SEND_HEARTBEAT {datanodeUUID=004b6b6e-41ce-4475-9f2f-481aedf9c953, command=[]} | ret=SUCCESS |  
2019-08-23 02:50:41,305 | INFO  | SCMAudit | user=jenkins1000 | ip=192.168.36.77 | op=SEND_HEARTBEAT {datanodeUUID=4e26a0b2-e9f6-4006-875a-ebcdd6a63049, command=[]} | ret=SUCCESS |  
2019-08-23 02:50:41,305 | INFO  | SCMAudit | user=jenkins1000 | ip=192.168.36.77 | op=SEND_HEARTBEAT {datanodeUUID=10c22d4b-82dd-4f6e-83af-e52ab1885d9d, command=[]} | ret=SUCCESS |  
2019-08-23 02:50:41,384 | INFO  | SCMAudit | user=jenkins1000 | ip=192.168.36.77 | op=SEND_HEARTBEAT {datanodeUUID=50e43da2-e7e0-478c-b7e8-9638b0c061cc, command=[]} | ret=SUCCESS |  
2019-08-23 02:50:41,438 [grpc-default-executor-5] INFO  client.GrpcClientProtocolClient (GrpcClientProtocolClient.java:onNext(255)) - client-0DF4BF829A7E->10c22d4b-82dd-4f6e-83af-e52ab1885d9d: receive RaftClientReply:client-0DF4BF829A7E->10c22d4b-82dd-4f6e-83af-e52ab1885d9d@group-0DF14E4B3894, cid=95, FAILED org.apache.ratis.protocol.NotLeaderException: Server 10c22d4b-82dd-4f6e-83af-e52ab1885d9d is not the leader (ecd3787f-2b30-4c06-af2c-0a727538b2a6:192.168.36.77:44934). Request must be sent to leader., logIndex=0, commits[10c22d4b-82dd-4f6e-83af-e52ab1885d9d:c2, ecd3787f-2b30-4c06-af2c-0a727538b2a6:c2, 7d1d5090-b1ef-4680-bded-086545998ddd:c2]
2019-08-23 02:50:41,534 | INFO  | SCMAudit | user=jenkins1000 | ip=192.168.36.77 | op=SEND_HEARTBEAT {datanodeUUID=5a5db0ee-9a70-437e-b34f-780f5bc0d289, command=[]} | ret=SUCCESS |  
2019-08-23 02:50:41,534 | INFO  | SCMAudit | user=jenkins1000 | ip=192.168.36.77 | op=SEND_HEARTBEAT {datanodeUUID=674baee6-143c-441e-9e30-0d895b06f838, command=[]} | ret=SUCCESS |  
2019-08-23 02:50:41,752 | INFO  | SCMAudit | user=jenkins1000 | ip=192.168.36.77 | op=SEND_HEARTBEAT {datanodeUUID=6e366328-a21a-42d1-a497-c25b5c1bc291, command=[]} | ret=SUCCESS |  
2019-08-23 02:50:41,762 [Thread-2559] INFO  impl.FollowerState (FollowerState.java:run(106)) - 10c22d4b-82dd-4f6e-83af-e52ab1885d9d:group-0DF14E4B3894 changes to CANDIDATE, lastRpcTime:9879, electionTimeout:5118ms
2019-08-23 02:50:41,762 [Thread-2559] INFO  impl.RoleInfo (RoleInfo.java:shutdownFollowerState(121)) - 10c22d4b-82dd-4f6e-83af-e52ab1885d9d: shutdown FollowerState
2019-08-23 02:50:41,762 [Thread-2559] INFO  impl.RaftServerImpl (RaftServerImpl.java:setRole(171)) - 10c22d4b-82dd-4f6e-83af-e52ab1885d9d:group-0DF14E4B3894 changes role from FOLLOWER to CANDIDATE at term 2 for changeToCandidate
2019-08-23 02:50:41,762 [Thread-2559] INFO  impl.RoleInfo (RoleInfo.java:updateAndGet(143)) - 10c22d4b-82dd-4f6e-83af-e52ab1885d9d: start LeaderElection
2019-08-23 02:50:41,763 [10c22d4b-82dd-4f6e-83af-e52ab1885d9d:group-0DF14E4B3894:LeaderElection124] INFO  impl.RaftServerImpl (ServerState.java:setLeader(263)) - 10c22d4b-82dd-4f6e-83af-e52ab1885d9d:group-0DF14E4B3894 change Leader from ecd3787f-2b30-4c06-af2c-0a727538b2a6 to null at term 2 for initElection
2019-08-23 02:50:41,808 [Thread-2562] INFO  impl.FollowerState (FollowerState.java:run(106)) - 7d1d5090-b1ef-4680-bded-086545998ddd:group-0DF14E4B3894 changes to CANDIDATE, lastRpcTime:9955, electionTimeout:5198ms
2019-08-23 02:50:41,809 [Thread-2562] INFO  impl.RoleInfo (RoleInfo.java:shutdownFollowerState(121)) - 7d1d5090-b1ef-4680-bded-086545998ddd: shutdown FollowerState
2019-08-23 02:50:41,809 [Thread-2562] INFO  impl.RaftServerImpl (RaftServerImpl.java:setRole(171)) - 7d1d5090-b1ef-4680-bded-086545998ddd:group-0DF14E4B3894 changes role from FOLLOWER to CANDIDATE at term 2 for changeToCandidate
2019-08-23 02:50:41,809 [Thread-2562] INFO  impl.RoleInfo (RoleInfo.java:updateAndGet(143)) - 7d1d5090-b1ef-4680-bded-086545998ddd: start LeaderElection
2019-08-23 02:50:41,809 [7d1d5090-b1ef-4680-bded-086545998ddd:group-0DF14E4B3894:LeaderElection125] INFO  impl.RaftServerImpl (ServerState.java:setLeader(263)) - 7d1d5090-b1ef-4680-bded-086545998ddd:group-0DF14E4B3894 change Leader from ecd3787f-2b30-4c06-af2c-0a727538b2a6 to null at term 2 for initElection
2019-08-23 02:50:41,820 | INFO  | SCMAudit | user=jenkins1000 | ip=192.168.36.77 | op=SEND_HEARTBEAT {datanodeUUID=7fac1d6a-2836-41bb-912e-0cc81c617797, command=[]} | ret=SUCCESS |  
2019-08-23 02:50:42,016 | INFO  | SCMAudit | user=jenkins1000 | ip=192.168.36.77 | op=SEND_HEARTBEAT {datanodeUUID=7d1d5090-b1ef-4680-bded-086545998ddd, command=[]} | ret=SUCCESS |  
2019-08-23 02:50:42,048 | INFO  | SCMAudit | user=jenkins1000 | ip=192.168.36.77 | op=SEND_HEARTBEAT {datanodeUUID=15fd999f-62be-4877-833a-993ce600606a, command=[]} | ret=SUCCESS |  
2019-08-23 02:50:42,048 | INFO  | SCMAudit | user=jenkins1000 | ip=192.168.36.77 | op=SEND_HEARTBEAT {datanodeUUID=5c5e51ce-aa4b-45fa-b548-3aebeb03959c, command=[]} | ret=SUCCESS |  
2019-08-23 02:50:42,048 | INFO  | SCMAudit | user=jenkins1000 | ip=192.168.36.77 | op=SEND_HEARTBEAT {datanodeUUID=36d2002e-42fa-435d-a060-c1875d20dd5b, command=[]} | ret=SUCCESS |  
2019-08-23 02:50:42,094 [7d1d5090-b1ef-4680-bded-086545998ddd:group-0DF14E4B3894:LeaderElection125] INFO  impl.LeaderElection (LeaderElection.java:askForVotes(181)) - 7d1d5090-b1ef-4680-bded-086545998ddd:group-0DF14E4B3894:LeaderElection125: begin an election at term 3 for 0: [ecd3787f-2b30-4c06-af2c-0a727538b2a6:192.168.36.77:44934, 10c22d4b-82dd-4f6e-83af-e52ab1885d9d:192.168.36.77:34854, 7d1d5090-b1ef-4680-bded-086545998ddd:192.168.36.77:46604], old=null
2019-08-23 02:50:42,094 [10c22d4b-82dd-4f6e-83af-e52ab1885d9d:group-0DF14E4B3894:LeaderElection124] INFO  impl.LeaderElection (LeaderElection.java:askForVotes(181)) - 10c22d4b-82dd-4f6e-83af-e52ab1885d9d:group-0DF14E4B3894:LeaderElection124: begin an election at term 3 for 0: [ecd3787f-2b30-4c06-af2c-0a727538b2a6:192.168.36.77:44934, 10c22d4b-82dd-4f6e-83af-e52ab1885d9d:192.168.36.77:34854, 7d1d5090-b1ef-4680-bded-086545998ddd:192.168.36.77:46604], old=null
2019-08-23 02:50:42,097 [10c22d4b-82dd-4f6e-83af-e52ab1885d9d:group-0DF14E4B3894:LeaderElection124] INFO  impl.LeaderElection (LogUtils.java:infoOrTrace(149)) - 10c22d4b-82dd-4f6e-83af-e52ab1885d9d:group-0DF14E4B3894:LeaderElection124 got exception when requesting votes: {}
java.util.concurrent.ExecutionException: org.apache.ratis.thirdparty.io.grpc.StatusRuntimeException: UNAVAILABLE: io exception
	at java.util.concurrent.FutureTask.report(FutureTask.java:122)
	at java.util.concurrent.FutureTask.get(FutureTask.java:192)
	at org.apache.ratis.server.impl.LeaderElection.waitForResults(LeaderElection.java:262)
	at org.apache.ratis.server.impl.LeaderElection.askForVotes(LeaderElection.java:200)
	at org.apache.ratis.server.impl.LeaderElection.run(LeaderElection.java:130)
	at java.lang.Thread.run(Thread.java:748)
Caused by: org.apache.ratis.thirdparty.io.grpc.StatusRuntimeException: UNAVAILABLE: io exception
	at org.apache.ratis.thirdparty.io.grpc.stub.ClientCalls.toStatusRuntimeException(ClientCalls.java:233)
	at org.apache.ratis.thirdparty.io.grpc.stub.ClientCalls.getUnchecked(ClientCalls.java:214)
	at org.apache.ratis.thirdparty.io.grpc.stub.ClientCalls.blockingUnaryCall(ClientCalls.java:139)
	at org.apache.ratis.proto.grpc.RaftServerProtocolServiceGrpc$RaftServerProtocolServiceBlockingStub.requestVote(RaftServerProtocolServiceGrpc.java:265)
	at org.apache.ratis.grpc.server.GrpcServerProtocolClient.requestVote(GrpcServerProtocolClient.java:83)
	at org.apache.ratis.grpc.server.GrpcService.requestVote(GrpcService.java:195)
	at org.apache.ratis.server.impl.LeaderElection.lambda$submitRequests$1(LeaderElection.java:237)
	at java.util.concurrent.FutureTask.run(FutureTask.java:266)
	at java.util.concurrent.Executors$RunnableAdapter.call(Executors.java:511)
	at java.util.concurrent.FutureTask.run(FutureTask.java:266)
	at java.util.concurrent.ThreadPoolExecutor.runWorker(ThreadPoolExecutor.java:1149)
	at java.util.concurrent.ThreadPoolExecutor$Worker.run(ThreadPoolExecutor.java:624)
	... 1 more
Caused by: org.apache.ratis.thirdparty.io.netty.channel.AbstractChannel$AnnotatedConnectException: Connection refused: /192.168.36.77:44934
	at sun.nio.ch.SocketChannelImpl.checkConnect(Native Method)
	at sun.nio.ch.SocketChannelImpl.finishConnect(SocketChannelImpl.java:717)
	at org.apache.ratis.thirdparty.io.netty.channel.socket.nio.NioSocketChannel.doFinishConnect(NioSocketChannel.java:327)
	at org.apache.ratis.thirdparty.io.netty.channel.nio.AbstractNioChannel$AbstractNioUnsafe.finishConnect(AbstractNioChannel.java:340)
	at org.apache.ratis.thirdparty.io.netty.channel.nio.NioEventLoop.processSelectedKey(NioEventLoop.java:632)
	at org.apache.ratis.thirdparty.io.netty.channel.nio.NioEventLoop.processSelectedKeysOptimized(NioEventLoop.java:579)
	at org.apache.ratis.thirdparty.io.netty.channel.nio.NioEventLoop.processSelectedKeys(NioEventLoop.java:496)
	at org.apache.ratis.thirdparty.io.netty.channel.nio.NioEventLoop.run(NioEventLoop.java:458)
	at org.apache.ratis.thirdparty.io.netty.util.concurrent.SingleThreadEventExecutor$5.run(SingleThreadEventExecutor.java:897)
	at org.apache.ratis.thirdparty.io.netty.util.concurrent.FastThreadLocalRunnable.run(FastThreadLocalRunnable.java:30)
	... 1 more
Caused by: java.net.ConnectException: Connection refused
	... 11 more
2019-08-23 02:50:42,098 [7d1d5090-b1ef-4680-bded-086545998ddd:group-0DF14E4B3894:LeaderElection125] INFO  impl.LeaderElection (LogUtils.java:infoOrTrace(149)) - 7d1d5090-b1ef-4680-bded-086545998ddd:group-0DF14E4B3894:LeaderElection125 got exception when requesting votes: {}
java.util.concurrent.ExecutionException: org.apache.ratis.thirdparty.io.grpc.StatusRuntimeException: UNAVAILABLE: io exception
	at java.util.concurrent.FutureTask.report(FutureTask.java:122)
	at java.util.concurrent.FutureTask.get(FutureTask.java:192)
	at org.apache.ratis.server.impl.LeaderElection.waitForResults(LeaderElection.java:262)
	at org.apache.ratis.server.impl.LeaderElection.askForVotes(LeaderElection.java:200)
	at org.apache.ratis.server.impl.LeaderElection.run(LeaderElection.java:130)
	at java.lang.Thread.run(Thread.java:748)
Caused by: org.apache.ratis.thirdparty.io.grpc.StatusRuntimeException: UNAVAILABLE: io exception
	at org.apache.ratis.thirdparty.io.grpc.stub.ClientCalls.toStatusRuntimeException(ClientCalls.java:233)
	at org.apache.ratis.thirdparty.io.grpc.stub.ClientCalls.getUnchecked(ClientCalls.java:214)
	at org.apache.ratis.thirdparty.io.grpc.stub.ClientCalls.blockingUnaryCall(ClientCalls.java:139)
	at org.apache.ratis.proto.grpc.RaftServerProtocolServiceGrpc$RaftServerProtocolServiceBlockingStub.requestVote(RaftServerProtocolServiceGrpc.java:265)
	at org.apache.ratis.grpc.server.GrpcServerProtocolClient.requestVote(GrpcServerProtocolClient.java:83)
	at org.apache.ratis.grpc.server.GrpcService.requestVote(GrpcService.java:195)
	at org.apache.ratis.server.impl.LeaderElection.lambda$submitRequests$1(LeaderElection.java:237)
	at java.util.concurrent.FutureTask.run(FutureTask.java:266)
	at java.util.concurrent.Executors$RunnableAdapter.call(Executors.java:511)
	at java.util.concurrent.FutureTask.run(FutureTask.java:266)
	at java.util.concurrent.ThreadPoolExecutor.runWorker(ThreadPoolExecutor.java:1149)
	at java.util.concurrent.ThreadPoolExecutor$Worker.run(ThreadPoolExecutor.java:624)
	... 1 more
Caused by: org.apache.ratis.thirdparty.io.netty.channel.AbstractChannel$AnnotatedConnectException: Connection refused: /192.168.36.77:44934
	at sun.nio.ch.SocketChannelImpl.checkConnect(Native Method)
	at sun.nio.ch.SocketChannelImpl.finishConnect(SocketChannelImpl.java:717)
	at org.apache.ratis.thirdparty.io.netty.channel.socket.nio.NioSocketChannel.doFinishConnect(NioSocketChannel.java:327)
	at org.apache.ratis.thirdparty.io.netty.channel.nio.AbstractNioChannel$AbstractNioUnsafe.finishConnect(AbstractNioChannel.java:340)
	at org.apache.ratis.thirdparty.io.netty.channel.nio.NioEventLoop.processSelectedKey(NioEventLoop.java:632)
	at org.apache.ratis.thirdparty.io.netty.channel.nio.NioEventLoop.processSelectedKeysOptimized(NioEventLoop.java:579)
	at org.apache.ratis.thirdparty.io.netty.channel.nio.NioEventLoop.processSelectedKeys(NioEventLoop.java:496)
	at org.apache.ratis.thirdparty.io.netty.channel.nio.NioEventLoop.run(NioEventLoop.java:458)
	at org.apache.ratis.thirdparty.io.netty.util.concurrent.SingleThreadEventExecutor$5.run(SingleThreadEventExecutor.java:897)
	at org.apache.ratis.thirdparty.io.netty.util.concurrent.FastThreadLocalRunnable.run(FastThreadLocalRunnable.java:30)
	... 1 more
Caused by: java.net.ConnectException: Connection refused
	... 11 more
2019-08-23 02:50:42,098 [10c22d4b-82dd-4f6e-83af-e52ab1885d9d:group-0DF14E4B3894:LeaderElection124] INFO  impl.LeaderElection (LeaderElection.java:logAndReturn(56)) - 10c22d4b-82dd-4f6e-83af-e52ab1885d9d:group-0DF14E4B3894:LeaderElection124: Election REJECTED; received 1 response(s) [10c22d4b-82dd-4f6e-83af-e52ab1885d9d<-7d1d5090-b1ef-4680-bded-086545998ddd#0:FAIL-t3] and 1 exception(s); 10c22d4b-82dd-4f6e-83af-e52ab1885d9d:t3, leader=null, voted=10c22d4b-82dd-4f6e-83af-e52ab1885d9d, raftlog=10c22d4b-82dd-4f6e-83af-e52ab1885d9d-SegmentedRaftLog:OPENED:c2,f2,i2, conf=0: [ecd3787f-2b30-4c06-af2c-0a727538b2a6:192.168.36.77:44934, 10c22d4b-82dd-4f6e-83af-e52ab1885d9d:192.168.36.77:34854, 7d1d5090-b1ef-4680-bded-086545998ddd:192.168.36.77:46604], old=null
2019-08-23 02:50:42,099 [7d1d5090-b1ef-4680-bded-086545998ddd:group-0DF14E4B3894:LeaderElection125] INFO  impl.LeaderElection (LeaderElection.java:logAndReturn(56)) - 7d1d5090-b1ef-4680-bded-086545998ddd:group-0DF14E4B3894:LeaderElection125: Election REJECTED; received 1 response(s) [7d1d5090-b1ef-4680-bded-086545998ddd<-10c22d4b-82dd-4f6e-83af-e52ab1885d9d#0:FAIL-t3] and 1 exception(s); 7d1d5090-b1ef-4680-bded-086545998ddd:t3, leader=null, voted=7d1d5090-b1ef-4680-bded-086545998ddd, raftlog=7d1d5090-b1ef-4680-bded-086545998ddd-SegmentedRaftLog:OPENED:c2,f2,i2, conf=0: [ecd3787f-2b30-4c06-af2c-0a727538b2a6:192.168.36.77:44934, 10c22d4b-82dd-4f6e-83af-e52ab1885d9d:192.168.36.77:34854, 7d1d5090-b1ef-4680-bded-086545998ddd:192.168.36.77:46604], old=null
2019-08-23 02:50:42,099 [10c22d4b-82dd-4f6e-83af-e52ab1885d9d:group-0DF14E4B3894:LeaderElection124] INFO  impl.LeaderElection (LogUtils.java:infoOrTrace(149)) -   Exception 0: {}
java.util.concurrent.ExecutionException: org.apache.ratis.thirdparty.io.grpc.StatusRuntimeException: UNAVAILABLE: io exception
	at java.util.concurrent.FutureTask.report(FutureTask.java:122)
	at java.util.concurrent.FutureTask.get(FutureTask.java:192)
	at org.apache.ratis.server.impl.LeaderElection.waitForResults(LeaderElection.java:262)
	at org.apache.ratis.server.impl.LeaderElection.askForVotes(LeaderElection.java:200)
	at org.apache.ratis.server.impl.LeaderElection.run(LeaderElection.java:130)
	at java.lang.Thread.run(Thread.java:748)
Caused by: org.apache.ratis.thirdparty.io.grpc.StatusRuntimeException: UNAVAILABLE: io exception
	at org.apache.ratis.thirdparty.io.grpc.stub.ClientCalls.toStatusRuntimeException(ClientCalls.java:233)
	at org.apache.ratis.thirdparty.io.grpc.stub.ClientCalls.getUnchecked(ClientCalls.java:214)
	at org.apache.ratis.thirdparty.io.grpc.stub.ClientCalls.blockingUnaryCall(ClientCalls.java:139)
	at org.apache.ratis.proto.grpc.RaftServerProtocolServiceGrpc$RaftServerProtocolServiceBlockingStub.requestVote(RaftServerProtocolServiceGrpc.java:265)
	at org.apache.ratis.grpc.server.GrpcServerProtocolClient.requestVote(GrpcServerProtocolClient.java:83)
	at org.apache.ratis.grpc.server.GrpcService.requestVote(GrpcService.java:195)
	at org.apache.ratis.server.impl.LeaderElection.lambda$submitRequests$1(LeaderElection.java:237)
	at java.util.concurrent.FutureTask.run(FutureTask.java:266)
	at java.util.concurrent.Executors$RunnableAdapter.call(Executors.java:511)
	at java.util.concurrent.FutureTask.run(FutureTask.java:266)
	at java.util.concurrent.ThreadPoolExecutor.runWorker(ThreadPoolExecutor.java:1149)
	at java.util.concurrent.ThreadPoolExecutor$Worker.run(ThreadPoolExecutor.java:624)
	... 1 more
Caused by: org.apache.ratis.thirdparty.io.netty.channel.AbstractChannel$AnnotatedConnectException: Connection refused: /192.168.36.77:44934
	at sun.nio.ch.SocketChannelImpl.checkConnect(Native Method)
	at sun.nio.ch.SocketChannelImpl.finishConnect(SocketChannelImpl.java:717)
	at org.apache.ratis.thirdparty.io.netty.channel.socket.nio.NioSocketChannel.doFinishConnect(NioSocketChannel.java:327)
	at org.apache.ratis.thirdparty.io.netty.channel.nio.AbstractNioChannel$AbstractNioUnsafe.finishConnect(AbstractNioChannel.java:340)
	at org.apache.ratis.thirdparty.io.netty.channel.nio.NioEventLoop.processSelectedKey(NioEventLoop.java:632)
	at org.apache.ratis.thirdparty.io.netty.channel.nio.NioEventLoop.processSelectedKeysOptimized(NioEventLoop.java:579)
	at org.apache.ratis.thirdparty.io.netty.channel.nio.NioEventLoop.processSelectedKeys(NioEventLoop.java:496)
	at org.apache.ratis.thirdparty.io.netty.channel.nio.NioEventLoop.run(NioEventLoop.java:458)
	at org.apache.ratis.thirdparty.io.netty.util.concurrent.SingleThreadEventExecutor$5.run(SingleThreadEventExecutor.java:897)
	at org.apache.ratis.thirdparty.io.netty.util.concurrent.FastThreadLocalRunnable.run(FastThreadLocalRunnable.java:30)
	... 1 more
Caused by: java.net.ConnectException: Connection refused
	... 11 more
2019-08-23 02:50:42,099 [7d1d5090-b1ef-4680-bded-086545998ddd:group-0DF14E4B3894:LeaderElection125] INFO  impl.LeaderElection (LogUtils.java:infoOrTrace(149)) -   Exception 0: {}
java.util.concurrent.ExecutionException: org.apache.ratis.thirdparty.io.grpc.StatusRuntimeException: UNAVAILABLE: io exception
	at java.util.concurrent.FutureTask.report(FutureTask.java:122)
	at java.util.concurrent.FutureTask.get(FutureTask.java:192)
	at org.apache.ratis.server.impl.LeaderElection.waitForResults(LeaderElection.java:262)
	at org.apache.ratis.server.impl.LeaderElection.askForVotes(LeaderElection.java:200)
	at org.apache.ratis.server.impl.LeaderElection.run(LeaderElection.java:130)
	at java.lang.Thread.run(Thread.java:748)
Caused by: org.apache.ratis.thirdparty.io.grpc.StatusRuntimeException: UNAVAILABLE: io exception
	at org.apache.ratis.thirdparty.io.grpc.stub.ClientCalls.toStatusRuntimeException(ClientCalls.java:233)
	at org.apache.ratis.thirdparty.io.grpc.stub.ClientCalls.getUnchecked(ClientCalls.java:214)
	at org.apache.ratis.thirdparty.io.grpc.stub.ClientCalls.blockingUnaryCall(ClientCalls.java:139)
	at org.apache.ratis.proto.grpc.RaftServerProtocolServiceGrpc$RaftServerProtocolServiceBlockingStub.requestVote(RaftServerProtocolServiceGrpc.java:265)
	at org.apache.ratis.grpc.server.GrpcServerProtocolClient.requestVote(GrpcServerProtocolClient.java:83)
	at org.apache.ratis.grpc.server.GrpcService.requestVote(GrpcService.java:195)
	at org.apache.ratis.server.impl.LeaderElection.lambda$submitRequests$1(LeaderElection.java:237)
	at java.util.concurrent.FutureTask.run(FutureTask.java:266)
	at java.util.concurrent.Executors$RunnableAdapter.call(Executors.java:511)
	at java.util.concurrent.FutureTask.run(FutureTask.java:266)
	at java.util.concurrent.ThreadPoolExecutor.runWorker(ThreadPoolExecutor.java:1149)
	at java.util.concurrent.ThreadPoolExecutor$Worker.run(ThreadPoolExecutor.java:624)
	... 1 more
Caused by: org.apache.ratis.thirdparty.io.netty.channel.AbstractChannel$AnnotatedConnectException: Connection refused: /192.168.36.77:44934
	at sun.nio.ch.SocketChannelImpl.checkConnect(Native Method)
	at sun.nio.ch.SocketChannelImpl.finishConnect(SocketChannelImpl.java:717)
	at org.apache.ratis.thirdparty.io.netty.channel.socket.nio.NioSocketChannel.doFinishConnect(NioSocketChannel.java:327)
	at org.apache.ratis.thirdparty.io.netty.channel.nio.AbstractNioChannel$AbstractNioUnsafe.finishConnect(AbstractNioChannel.java:340)
	at org.apache.ratis.thirdparty.io.netty.channel.nio.NioEventLoop.processSelectedKey(NioEventLoop.java:632)
	at org.apache.ratis.thirdparty.io.netty.channel.nio.NioEventLoop.processSelectedKeysOptimized(NioEventLoop.java:579)
	at org.apache.ratis.thirdparty.io.netty.channel.nio.NioEventLoop.processSelectedKeys(NioEventLoop.java:496)
	at org.apache.ratis.thirdparty.io.netty.channel.nio.NioEventLoop.run(NioEventLoop.java:458)
	at org.apache.ratis.thirdparty.io.netty.util.concurrent.SingleThreadEventExecutor$5.run(SingleThreadEventExecutor.java:897)
	at org.apache.ratis.thirdparty.io.netty.util.concurrent.FastThreadLocalRunnable.run(FastThreadLocalRunnable.java:30)
	... 1 more
Caused by: java.net.ConnectException: Connection refused
	... 11 more
2019-08-23 02:50:42,100 [10c22d4b-82dd-4f6e-83af-e52ab1885d9d:group-0DF14E4B3894:LeaderElection124] INFO  impl.RaftServerImpl (RaftServerImpl.java:setRole(171)) - 10c22d4b-82dd-4f6e-83af-e52ab1885d9d:group-0DF14E4B3894 changes role from CANDIDATE to FOLLOWER at term 3 for DISCOVERED_A_NEW_TERM
2019-08-23 02:50:42,100 [7d1d5090-b1ef-4680-bded-086545998ddd:group-0DF14E4B3894:LeaderElection125] INFO  impl.RaftServerImpl (RaftServerImpl.java:setRole(171)) - 7d1d5090-b1ef-4680-bded-086545998ddd:group-0DF14E4B3894 changes role from CANDIDATE to FOLLOWER at term 3 for DISCOVERED_A_NEW_TERM
2019-08-23 02:50:42,100 [10c22d4b-82dd-4f6e-83af-e52ab1885d9d:group-0DF14E4B3894:LeaderElection124] INFO  impl.RoleInfo (RoleInfo.java:shutdownLeaderElection(134)) - 10c22d4b-82dd-4f6e-83af-e52ab1885d9d: shutdown LeaderElection
2019-08-23 02:50:42,100 [7d1d5090-b1ef-4680-bded-086545998ddd:group-0DF14E4B3894:LeaderElection125] INFO  impl.RoleInfo (RoleInfo.java:shutdownLeaderElection(134)) - 7d1d5090-b1ef-4680-bded-086545998ddd: shutdown LeaderElection
2019-08-23 02:50:42,101 [10c22d4b-82dd-4f6e-83af-e52ab1885d9d:group-0DF14E4B3894:LeaderElection124] INFO  impl.RoleInfo (RoleInfo.java:updateAndGet(143)) - 10c22d4b-82dd-4f6e-83af-e52ab1885d9d: start FollowerState
2019-08-23 02:50:42,101 [7d1d5090-b1ef-4680-bded-086545998ddd:group-0DF14E4B3894:LeaderElection125] INFO  impl.RoleInfo (RoleInfo.java:updateAndGet(143)) - 7d1d5090-b1ef-4680-bded-086545998ddd: start FollowerState
2019-08-23 02:50:42,149 | INFO  | SCMAudit | user=jenkins1000 | ip=192.168.36.77 | op=SEND_HEARTBEAT {datanodeUUID=e824def4-fdb0-4d06-a3a6-273d371b8d7d, command=[]} | ret=SUCCESS |  
2019-08-23 02:50:42,156 | INFO  | SCMAudit | user=jenkins1000 | ip=192.168.36.77 | op=SEND_HEARTBEAT {datanodeUUID=004b6b6e-41ce-4475-9f2f-481aedf9c953, command=[]} | ret=SUCCESS |  
2019-08-23 02:50:42,304 | INFO  | SCMAudit | user=jenkins1000 | ip=192.168.36.77 | op=SEND_HEARTBEAT {datanodeUUID=4e26a0b2-e9f6-4006-875a-ebcdd6a63049, command=[]} | ret=SUCCESS |  
2019-08-23 02:50:42,304 | INFO  | SCMAudit | user=jenkins1000 | ip=192.168.36.77 | op=SEND_HEARTBEAT {datanodeUUID=10c22d4b-82dd-4f6e-83af-e52ab1885d9d, command=[]} | ret=SUCCESS |  
2019-08-23 02:50:42,388 | INFO  | SCMAudit | user=jenkins1000 | ip=192.168.36.77 | op=SEND_HEARTBEAT {datanodeUUID=50e43da2-e7e0-478c-b7e8-9638b0c061cc, command=[]} | ret=SUCCESS |  
2019-08-23 02:50:42,475 [grpc-default-executor-1] INFO  client.GrpcClientProtocolClient (GrpcClientProtocolClient.java:onNext(255)) - client-0DF4BF829A7E->7d1d5090-b1ef-4680-bded-086545998ddd: receive RaftClientReply:client-0DF4BF829A7E->7d1d5090-b1ef-4680-bded-086545998ddd@group-0DF14E4B3894, cid=95, FAILED org.apache.ratis.protocol.NotLeaderException: Server 7d1d5090-b1ef-4680-bded-086545998ddd is not the leader (null). Request must be sent to leader., logIndex=0, commits[7d1d5090-b1ef-4680-bded-086545998ddd:c2, ecd3787f-2b30-4c06-af2c-0a727538b2a6:c2, 10c22d4b-82dd-4f6e-83af-e52ab1885d9d:c2]
2019-08-23 02:50:42,534 | INFO  | SCMAudit | user=jenkins1000 | ip=192.168.36.77 | op=SEND_HEARTBEAT {datanodeUUID=5a5db0ee-9a70-437e-b34f-780f5bc0d289, command=[]} | ret=SUCCESS |  
2019-08-23 02:50:42,535 | INFO  | SCMAudit | user=jenkins1000 | ip=192.168.36.77 | op=SEND_HEARTBEAT {datanodeUUID=674baee6-143c-441e-9e30-0d895b06f838, command=[]} | ret=SUCCESS |  
2019-08-23 02:50:42,752 | INFO  | SCMAudit | user=jenkins1000 | ip=192.168.36.77 | op=SEND_HEARTBEAT {datanodeUUID=6e366328-a21a-42d1-a497-c25b5c1bc291, command=[]} | ret=SUCCESS |  
2019-08-23 02:50:42,821 | INFO  | SCMAudit | user=jenkins1000 | ip=192.168.36.77 | op=SEND_HEARTBEAT {datanodeUUID=7fac1d6a-2836-41bb-912e-0cc81c617797, command=[]} | ret=SUCCESS |  
2019-08-23 02:50:43,016 | INFO  | SCMAudit | user=jenkins1000 | ip=192.168.36.77 | op=SEND_HEARTBEAT {datanodeUUID=7d1d5090-b1ef-4680-bded-086545998ddd, command=[]} | ret=SUCCESS |  
2019-08-23 02:50:43,048 | INFO  | SCMAudit | user=jenkins1000 | ip=192.168.36.77 | op=SEND_HEARTBEAT {datanodeUUID=5c5e51ce-aa4b-45fa-b548-3aebeb03959c, command=[]} | ret=SUCCESS |  
2019-08-23 02:50:43,048 | INFO  | SCMAudit | user=jenkins1000 | ip=192.168.36.77 | op=SEND_HEARTBEAT {datanodeUUID=15fd999f-62be-4877-833a-993ce600606a, command=[]} | ret=SUCCESS |  
2019-08-23 02:50:43,048 | INFO  | SCMAudit | user=jenkins1000 | ip=192.168.36.77 | op=SEND_HEARTBEAT {datanodeUUID=36d2002e-42fa-435d-a060-c1875d20dd5b, command=[]} | ret=SUCCESS |  
2019-08-23 02:50:43,149 | INFO  | SCMAudit | user=jenkins1000 | ip=192.168.36.77 | op=SEND_HEARTBEAT {datanodeUUID=e824def4-fdb0-4d06-a3a6-273d371b8d7d, command=[]} | ret=SUCCESS |  
2019-08-23 02:50:43,156 | INFO  | SCMAudit | user=jenkins1000 | ip=192.168.36.77 | op=SEND_HEARTBEAT {datanodeUUID=004b6b6e-41ce-4475-9f2f-481aedf9c953, command=[]} | ret=SUCCESS |  
2019-08-23 02:50:43,305 | INFO  | SCMAudit | user=jenkins1000 | ip=192.168.36.77 | op=SEND_HEARTBEAT {datanodeUUID=4e26a0b2-e9f6-4006-875a-ebcdd6a63049, command=[]} | ret=SUCCESS |  
2019-08-23 02:50:43,305 | INFO  | SCMAudit | user=jenkins1000 | ip=192.168.36.77 | op=SEND_HEARTBEAT {datanodeUUID=10c22d4b-82dd-4f6e-83af-e52ab1885d9d, command=[]} | ret=SUCCESS |  
2019-08-23 02:50:43,384 | INFO  | SCMAudit | user=jenkins1000 | ip=192.168.36.77 | op=SEND_HEARTBEAT {datanodeUUID=50e43da2-e7e0-478c-b7e8-9638b0c061cc, command=[]} | ret=SUCCESS |  
]]></system-out>
    <system-err><![CDATA[Aug 23, 2019 2:50:10 AM com.sun.jersey.server.impl.application.WebApplicationImpl _initiate
INFO: Initiating Jersey application, version 'Jersey: 1.19 02/11/2015 03:25 AM'
Aug 23, 2019 2:50:11 AM com.sun.jersey.server.impl.application.WebApplicationImpl _initiate
INFO: Initiating Jersey application, version 'Jersey: 1.19 02/11/2015 03:25 AM'
Aug 23, 2019 2:50:11 AM com.sun.jersey.server.impl.application.WebApplicationImpl _initiate
INFO: Initiating Jersey application, version 'Jersey: 1.19 02/11/2015 03:25 AM'
Aug 23, 2019 2:50:11 AM com.sun.jersey.server.impl.application.WebApplicationImpl _initiate
INFO: Initiating Jersey application, version 'Jersey: 1.19 02/11/2015 03:25 AM'
Aug 23, 2019 2:50:11 AM com.sun.jersey.server.impl.application.WebApplicationImpl _initiate
INFO: Initiating Jersey application, version 'Jersey: 1.19 02/11/2015 03:25 AM'
Aug 23, 2019 2:50:12 AM com.sun.jersey.server.impl.application.WebApplicationImpl _initiate
INFO: Initiating Jersey application, version 'Jersey: 1.19 02/11/2015 03:25 AM'
Aug 23, 2019 2:50:12 AM com.sun.jersey.server.impl.application.WebApplicationImpl _initiate
INFO: Initiating Jersey application, version 'Jersey: 1.19 02/11/2015 03:25 AM'
Aug 23, 2019 2:50:15 AM org.apache.ratis.thirdparty.io.grpc.internal.ManagedChannelOrphanWrapper$ManagedChannelReference cleanQueue
SEVERE: *~*~*~ Channel ManagedChannelImpl{logId=1021, target=192.168.36.77:45138} was not shutdown properly!!! ~*~*~*
    Make sure to call shutdown()/shutdownNow() and wait until awaitTermination() returns true.
java.lang.RuntimeException: ManagedChannel allocation site
	at org.apache.ratis.thirdparty.io.grpc.internal.ManagedChannelOrphanWrapper$ManagedChannelReference.<init>(ManagedChannelOrphanWrapper.java:103)
	at org.apache.ratis.thirdparty.io.grpc.internal.ManagedChannelOrphanWrapper.<init>(ManagedChannelOrphanWrapper.java:53)
	at org.apache.ratis.thirdparty.io.grpc.internal.ManagedChannelOrphanWrapper.<init>(ManagedChannelOrphanWrapper.java:44)
	at org.apache.ratis.thirdparty.io.grpc.internal.AbstractManagedChannelImplBuilder.build(AbstractManagedChannelImplBuilder.java:411)
	at org.apache.ratis.grpc.client.GrpcClientProtocolClient.<init>(GrpcClientProtocolClient.java:119)
	at org.apache.ratis.grpc.client.GrpcClientRpc.lambda$new$0(GrpcClientRpc.java:55)
	at org.apache.ratis.util.PeerProxyMap$PeerAndProxy.lambda$getProxy$0(PeerProxyMap.java:61)
	at org.apache.ratis.util.LifeCycle.startAndTransition(LifeCycle.java:202)
	at org.apache.ratis.util.PeerProxyMap$PeerAndProxy.getProxy(PeerProxyMap.java:60)
	at org.apache.ratis.util.PeerProxyMap.getProxy(PeerProxyMap.java:107)
	at org.apache.ratis.grpc.client.GrpcClientRpc.sendRequestAsync(GrpcClientRpc.java:66)
	at org.apache.ratis.client.impl.OrderedAsync.sendRequest(OrderedAsync.java:208)
	at org.apache.ratis.client.impl.OrderedAsync.sendRequestWithRetry(OrderedAsync.java:169)
	at org.apache.ratis.util.SlidingWindow$Client.sendOrDelayRequest(SlidingWindow.java:278)
	at org.apache.ratis.util.SlidingWindow$Client.retry(SlidingWindow.java:294)
	at org.apache.ratis.client.impl.OrderedAsync.lambda$scheduleWithTimeout$7(OrderedAsync.java:195)
	at org.apache.ratis.util.TimeoutScheduler.lambda$onTimeout$0(TimeoutScheduler.java:85)
	at org.apache.ratis.util.TimeoutScheduler.lambda$onTimeout$1(TimeoutScheduler.java:104)
	at org.apache.ratis.util.LogUtils.runAndLog(LogUtils.java:50)
	at org.apache.ratis.util.LogUtils$1.run(LogUtils.java:91)
	at java.util.concurrent.Executors$RunnableAdapter.call(Executors.java:511)
	at java.util.concurrent.FutureTask.run(FutureTask.java:266)
	at java.util.concurrent.ScheduledThreadPoolExecutor$ScheduledFutureTask.access$201(ScheduledThreadPoolExecutor.java:180)
	at java.util.concurrent.ScheduledThreadPoolExecutor$ScheduledFutureTask.run(ScheduledThreadPoolExecutor.java:293)
	at java.util.concurrent.ThreadPoolExecutor.runWorker(ThreadPoolExecutor.java:1149)
	at java.util.concurrent.ThreadPoolExecutor$Worker.run(ThreadPoolExecutor.java:624)
	at java.lang.Thread.run(Thread.java:748)

]]></system-err>
  </testcase>
</testsuite>