<?xml version="1.0" encoding="UTF-8"?>
<testsuite xmlns:xsi="http://www.w3.org/2001/XMLSchema-instance" xsi:noNamespaceSchemaLocation="https://maven.apache.org/surefire/maven-surefire-plugin/xsd/surefire-test-report.xsd" name="org.apache.hadoop.ozone.client.rpc.TestBlockOutputStreamWithFailures" time="770.071" tests="8" errors="0" skipped="0" failures="1">
  <properties>
    <property name="awt.toolkit" value="sun.awt.X11.XToolkit"/>
    <property name="file.encoding.pkg" value="sun.io"/>
    <property name="java.specification.version" value="1.8"/>
    <property name="sun.cpu.isalist" value=""/>
    <property name="sun.jnu.encoding" value="UTF-8"/>
    <property name="java.class.path" value="/workdir/hadoop-ozone/integration-test/target/test-classes:/workdir/hadoop-ozone/integration-test/target/classes:/home/user/.m2/repository/org/apache/hadoop/hadoop-ozone-common/0.5.0-SNAPSHOT/hadoop-ozone-common-0.5.0-SNAPSHOT.jar:/home/user/.m2/repository/org/apache/commons/commons-compress/1.4.1/commons-compress-1.4.1.jar:/home/user/.m2/repository/org/tukaani/xz/1.0/xz-1.0.jar:/home/user/.m2/repository/org/apache/hadoop/hadoop-common/3.2.0/hadoop-common-3.2.0.jar:/home/user/.m2/repository/org/apache/hadoop/hadoop-hdfs/3.2.0/hadoop-hdfs-3.2.0.jar:/home/user/.m2/repository/org/apache/hadoop/hadoop-hdfs-client/3.2.0/hadoop-hdfs-client-3.2.0.jar:/home/user/.m2/repository/com/fasterxml/jackson/core/jackson-annotations/2.9.5/jackson-annotations-2.9.5.jar:/home/user/.m2/repository/org/apache/hadoop/hadoop-hdds-common/0.5.0-SNAPSHOT/hadoop-hdds-common-0.5.0-SNAPSHOT.jar:/home/user/.m2/repository/javax/annotation/javax.annotation-api/1.2/javax.annotation-api-1.2.jar:/home/user/.m2/repository/org/apache/ratis/ratis-server/0.4.0-2337318-SNAPSHOT/ratis-server-0.4.0-2337318-SNAPSHOT.jar:/home/user/.m2/repository/org/apache/ratis/ratis-thirdparty-misc/0.2.0/ratis-thirdparty-misc-0.2.0.jar:/home/user/.m2/repository/org/apache/ratis/ratis-proto/0.4.0-2337318-SNAPSHOT/ratis-proto-0.4.0-2337318-SNAPSHOT.jar:/home/user/.m2/repository/org/apache/ratis/ratis-common/0.4.0-2337318-SNAPSHOT/ratis-common-0.4.0-2337318-SNAPSHOT.jar:/home/user/.m2/repository/org/apache/ratis/ratis-client/0.4.0-2337318-SNAPSHOT/ratis-client-0.4.0-2337318-SNAPSHOT.jar:/home/user/.m2/repository/org/apache/ratis/ratis-metrics/0.4.0-2337318-SNAPSHOT/ratis-metrics-0.4.0-2337318-SNAPSHOT.jar:/home/user/.m2/repository/org/apache/ratis/ratis-netty/0.4.0-2337318-SNAPSHOT/ratis-netty-0.4.0-2337318-SNAPSHOT.jar:/home/user/.m2/repository/org/apache/ratis/ratis-grpc/0.4.0-2337318-SNAPSHOT/ratis-grpc-0.4.0-2337318-SNAPSHOT.jar:/home/user/.m2/repository/org/rocksdb/rocksdbjni/6.0.1/rocksdbjni-6.0.1.jar:/home/user/.m2/repository/org/apache/logging/log4j/log4j-api/2.11.0/log4j-api-2.11.0.jar:/home/user/.m2/repository/org/apache/logging/log4j/log4j-core/2.11.0/log4j-core-2.11.0.jar:/home/user/.m2/repository/com/lmax/disruptor/3.4.2/disruptor-3.4.2.jar:/home/user/.m2/repository/org/apache/commons/commons-pool2/2.6.0/commons-pool2-2.6.0.jar:/home/user/.m2/repository/org/bouncycastle/bcpkix-jdk15on/1.60/bcpkix-jdk15on-1.60.jar:/home/user/.m2/repository/commons-validator/commons-validator/1.6/commons-validator-1.6.jar:/home/user/.m2/repository/commons-digester/commons-digester/1.8.1/commons-digester-1.8.1.jar:/home/user/.m2/repository/io/jaegertracing/jaeger-client/0.33.1/jaeger-client-0.33.1.jar:/home/user/.m2/repository/io/jaegertracing/jaeger-thrift/0.33.1/jaeger-thrift-0.33.1.jar:/home/user/.m2/repository/org/apache/thrift/libthrift/0.11.0/libthrift-0.11.0.jar:/home/user/.m2/repository/com/squareup/okhttp3/okhttp/3.9.0/okhttp-3.9.0.jar:/home/user/.m2/repository/com/squareup/okio/okio/1.13.0/okio-1.13.0.jar:/home/user/.m2/repository/io/jaegertracing/jaeger-core/0.33.1/jaeger-core-0.33.1.jar:/home/user/.m2/repository/io/jaegertracing/jaeger-tracerresolver/0.33.1/jaeger-tracerresolver-0.33.1.jar:/home/user/.m2/repository/io/opentracing/contrib/opentracing-tracerresolver/0.1.5/opentracing-tracerresolver-0.1.5.jar:/home/user/.m2/repository/io/opentracing/opentracing-util/0.31.0/opentracing-util-0.31.0.jar:/home/user/.m2/repository/io/opentracing/opentracing-api/0.31.0/opentracing-api-0.31.0.jar:/home/user/.m2/repository/io/opentracing/opentracing-noop/0.31.0/opentracing-noop-0.31.0.jar:/home/user/.m2/repository/org/apache/hadoop/hadoop-hdds-server-framework/0.5.0-SNAPSHOT/hadoop-hdds-server-framework-0.5.0-SNAPSHOT.jar:/home/user/.m2/repository/org/apache/hadoop/hadoop-hdds-container-service/0.5.0-SNAPSHOT/hadoop-hdds-container-service-0.5.0-SNAPSHOT.jar:/home/user/.m2/repository/org/apache/hadoop/hadoop-hdds-client/0.5.0-SNAPSHOT/hadoop-hdds-client-0.5.0-SNAPSHOT.jar:/home/user/.m2/repository/org/apache/hadoop/hadoop-hdds-tools/0.5.0-SNAPSHOT/hadoop-hdds-tools-0.5.0-SNAPSHOT.jar:/home/user/.m2/repository/org/apache/hadoop/hadoop-hdds-server-scm/0.5.0-SNAPSHOT/hadoop-hdds-server-scm-0.5.0-SNAPSHOT.jar:/home/user/.m2/repository/org/apache/hadoop/hadoop-hdds-docs/0.5.0-SNAPSHOT/hadoop-hdds-docs-0.5.0-SNAPSHOT.jar:/home/user/.m2/repository/io/dropwizard/metrics/metrics-core/3.2.4/metrics-core-3.2.4.jar:/home/user/.m2/repository/org/hamcrest/hamcrest-all/1.3/hamcrest-all-1.3.jar:/home/user/.m2/repository/org/bouncycastle/bcprov-jdk15on/1.60/bcprov-jdk15on-1.60.jar:/home/user/.m2/repository/info/picocli/picocli/3.9.6/picocli-3.9.6.jar:/home/user/.m2/repository/com/google/protobuf/protobuf-java/2.5.0/protobuf-java-2.5.0.jar:/home/user/.m2/repository/com/google/guava/guava/11.0.2/guava-11.0.2.jar:/home/user/.m2/repository/org/apache/hadoop/hadoop-ozone-ozone-manager/0.5.0-SNAPSHOT/hadoop-ozone-ozone-manager-0.5.0-SNAPSHOT.jar:/home/user/.m2/repository/org/apache/hadoop/hadoop-minikdc/3.2.0/hadoop-minikdc-3.2.0.jar:/home/user/.m2/repository/commons-io/commons-io/2.5/commons-io-2.5.jar:/home/user/.m2/repository/org/apache/kerby/kerb-simplekdc/1.0.1/kerb-simplekdc-1.0.1.jar:/home/user/.m2/repository/org/apache/kerby/kerb-client/1.0.1/kerb-client-1.0.1.jar:/home/user/.m2/repository/org/apache/kerby/kerby-config/1.0.1/kerby-config-1.0.1.jar:/home/user/.m2/repository/org/apache/kerby/kerb-core/1.0.1/kerb-core-1.0.1.jar:/home/user/.m2/repository/org/apache/kerby/kerby-pkix/1.0.1/kerby-pkix-1.0.1.jar:/home/user/.m2/repository/org/apache/kerby/kerby-asn1/1.0.1/kerby-asn1-1.0.1.jar:/home/user/.m2/repository/org/apache/kerby/kerby-util/1.0.1/kerby-util-1.0.1.jar:/home/user/.m2/repository/org/apache/kerby/kerb-common/1.0.1/kerb-common-1.0.1.jar:/home/user/.m2/repository/org/apache/kerby/kerb-crypto/1.0.1/kerb-crypto-1.0.1.jar:/home/user/.m2/repository/org/apache/kerby/kerb-util/1.0.1/kerb-util-1.0.1.jar:/home/user/.m2/repository/org/apache/kerby/token-provider/1.0.1/token-provider-1.0.1.jar:/home/user/.m2/repository/org/apache/kerby/kerb-admin/1.0.1/kerb-admin-1.0.1.jar:/home/user/.m2/repository/org/apache/kerby/kerb-server/1.0.1/kerb-server-1.0.1.jar:/home/user/.m2/repository/org/apache/kerby/kerb-identity/1.0.1/kerb-identity-1.0.1.jar:/home/user/.m2/repository/org/apache/kerby/kerby-xdr/1.0.1/kerby-xdr-1.0.1.jar:/home/user/.m2/repository/org/slf4j/slf4j-log4j12/1.7.25/slf4j-log4j12-1.7.25.jar:/home/user/.m2/repository/org/apache/hadoop/hadoop-ozone-objectstore-service/0.5.0-SNAPSHOT/hadoop-ozone-objectstore-service-0.5.0-SNAPSHOT.jar:/home/user/.m2/repository/org/apache/hadoop/hadoop-ozone-s3gateway/0.5.0-SNAPSHOT/hadoop-ozone-s3gateway-0.5.0-SNAPSHOT.jar:/home/user/.m2/repository/org/jboss/weld/servlet/weld-servlet/2.4.7.Final/weld-servlet-2.4.7.Final.jar:/home/user/.m2/repository/org/glassfish/jersey/containers/jersey-container-servlet-core/2.27/jersey-container-servlet-core-2.27.jar:/home/user/.m2/repository/org/glassfish/hk2/external/javax.inject/2.5.0-b42/javax.inject-2.5.0-b42.jar:/home/user/.m2/repository/org/glassfish/jersey/core/jersey-common/2.27/jersey-common-2.27.jar:/home/user/.m2/repository/org/glassfish/hk2/osgi-resource-locator/1.0.1/osgi-resource-locator-1.0.1.jar:/home/user/.m2/repository/javax/ws/rs/javax.ws.rs-api/2.1/javax.ws.rs-api-2.1.jar:/home/user/.m2/repository/org/glassfish/jersey/ext/cdi/jersey-cdi1x/2.27/jersey-cdi1x-2.27.jar:/home/user/.m2/repository/org/glassfish/jersey/inject/jersey-hk2/2.27/jersey-hk2-2.27.jar:/home/user/.m2/repository/org/glassfish/hk2/hk2-locator/2.5.0-b42/hk2-locator-2.5.0-b42.jar:/home/user/.m2/repository/org/javassist/javassist/3.22.0-CR2/javassist-3.22.0-CR2.jar:/home/user/.m2/repository/org/glassfish/hk2/hk2-api/2.5.0/hk2-api-2.5.0.jar:/home/user/.m2/repository/org/glassfish/hk2/external/jakarta.inject/2.5.0/jakarta.inject-2.5.0.jar:/home/user/.m2/repository/org/glassfish/hk2/hk2-utils/2.5.0/hk2-utils-2.5.0.jar:/home/user/.m2/repository/jakarta/annotation/jakarta.annotation-api/1.3.4/jakarta.annotation-api-1.3.4.jar:/home/user/.m2/repository/org/glassfish/hk2/external/aopalliance-repackaged/2.5.0/aopalliance-repackaged-2.5.0.jar:/home/user/.m2/repository/com/fasterxml/jackson/dataformat/jackson-dataformat-xml/2.9.0/jackson-dataformat-xml-2.9.0.jar:/home/user/.m2/repository/com/fasterxml/jackson/core/jackson-core/2.9.5/jackson-core-2.9.5.jar:/home/user/.m2/repository/com/fasterxml/jackson/module/jackson-module-jaxb-annotations/2.9.5/jackson-module-jaxb-annotations-2.9.5.jar:/home/user/.m2/repository/javax/enterprise/cdi-api/1.2/cdi-api-1.2.jar:/home/user/.m2/repository/javax/el/javax.el-api/3.0.0/javax.el-api-3.0.0.jar:/home/user/.m2/repository/javax/interceptor/javax.interceptor-api/1.2/javax.interceptor-api-1.2.jar:/home/user/.m2/repository/javax/inject/javax.inject/1/javax.inject-1.jar:/home/user/.m2/repository/com/sun/xml/bind/jaxb-impl/2.3.0.1/jaxb-impl-2.3.0.1.jar:/home/user/.m2/repository/com/sun/xml/bind/jaxb-core/2.3.0.1/jaxb-core-2.3.0.1.jar:/home/user/.m2/repository/javax/xml/bind/jaxb-api/2.3.0/jaxb-api-2.3.0.jar:/home/user/.m2/repository/javax/activation/activation/1.1.1/activation-1.1.1.jar:/home/user/.m2/repository/org/apache/hadoop/hadoop-ozone-csi/0.5.0-SNAPSHOT/hadoop-ozone-csi-0.5.0-SNAPSHOT.jar:/home/user/.m2/repository/com/google/protobuf/protobuf-java-util/3.5.1/protobuf-java-util-3.5.1.jar:/home/user/.m2/repository/org/apache/hadoop/hadoop-hdds-config/0.5.0-SNAPSHOT/hadoop-hdds-config-0.5.0-SNAPSHOT.jar:/home/user/.m2/repository/io/grpc/grpc-netty/1.17.1/grpc-netty-1.17.1.jar:/home/user/.m2/repository/io/grpc/grpc-core/1.17.1/grpc-core-1.17.1.jar:/home/user/.m2/repository/io/grpc/grpc-context/1.17.1/grpc-context-1.17.1.jar:/home/user/.m2/repository/com/google/errorprone/error_prone_annotations/2.2.0/error_prone_annotations-2.2.0.jar:/home/user/.m2/repository/org/codehaus/mojo/animal-sniffer-annotations/1.17/animal-sniffer-annotations-1.17.jar:/home/user/.m2/repository/io/opencensus/opencensus-api/0.17.0/opencensus-api-0.17.0.jar:/home/user/.m2/repository/io/opencensus/opencensus-contrib-grpc-metrics/0.17.0/opencensus-contrib-grpc-metrics-0.17.0.jar:/home/user/.m2/repository/io/netty/netty-codec-http2/4.1.30.Final/netty-codec-http2-4.1.30.Final.jar:/home/user/.m2/repository/io/netty/netty-codec-http/4.1.30.Final/netty-codec-http-4.1.30.Final.jar:/home/user/.m2/repository/io/netty/netty-codec/4.1.30.Final/netty-codec-4.1.30.Final.jar:/home/user/.m2/repository/io/netty/netty-handler/4.1.30.Final/netty-handler-4.1.30.Final.jar:/home/user/.m2/repository/io/netty/netty-handler-proxy/4.1.30.Final/netty-handler-proxy-4.1.30.Final.jar:/home/user/.m2/repository/io/netty/netty-codec-socks/4.1.30.Final/netty-codec-socks-4.1.30.Final.jar:/home/user/.m2/repository/io/netty/netty-transport-native-epoll/4.1.30.Final/netty-transport-native-epoll-4.1.30.Final.jar:/home/user/.m2/repository/io/netty/netty-common/4.1.30.Final/netty-common-4.1.30.Final.jar:/home/user/.m2/repository/io/netty/netty-buffer/4.1.30.Final/netty-buffer-4.1.30.Final.jar:/home/user/.m2/repository/io/netty/netty-transport/4.1.30.Final/netty-transport-4.1.30.Final.jar:/home/user/.m2/repository/io/netty/netty-resolver/4.1.30.Final/netty-resolver-4.1.30.Final.jar:/home/user/.m2/repository/io/netty/netty-transport-native-unix-common/4.1.30.Final/netty-transport-native-unix-common-4.1.30.Final.jar:/home/user/.m2/repository/io/grpc/grpc-protobuf/1.17.1/grpc-protobuf-1.17.1.jar:/home/user/.m2/repository/com/google/api/grpc/proto-google-common-protos/1.0.0/proto-google-common-protos-1.0.0.jar:/home/user/.m2/repository/io/grpc/grpc-protobuf-lite/1.17.1/grpc-protobuf-lite-1.17.1.jar:/home/user/.m2/repository/io/grpc/grpc-stub/1.17.1/grpc-stub-1.17.1.jar:/home/user/.m2/repository/org/apache/hadoop/hadoop-ozone-recon/0.5.0-SNAPSHOT/hadoop-ozone-recon-0.5.0-SNAPSHOT.jar:/home/user/.m2/repository/org/apache/hadoop/hadoop-ozone-reconcodegen/0.5.0-SNAPSHOT/hadoop-ozone-reconcodegen-0.5.0-SNAPSHOT.jar:/home/user/.m2/repository/com/google/inject/extensions/guice-multibindings/4.0/guice-multibindings-4.0.jar:/home/user/.m2/repository/com/google/inject/guice/4.0/guice-4.0.jar:/home/user/.m2/repository/aopalliance/aopalliance/1.0/aopalliance-1.0.jar:/home/user/.m2/repository/com/google/inject/extensions/guice-servlet/4.0/guice-servlet-4.0.jar:/home/user/.m2/repository/org/glassfish/jersey/containers/jersey-container-servlet/2.27/jersey-container-servlet-2.27.jar:/home/user/.m2/repository/org/glassfish/hk2/guice-bridge/2.5.0/guice-bridge-2.5.0.jar:/home/user/.m2/repository/org/glassfish/jersey/core/jersey-server/2.27/jersey-server-2.27.jar:/home/user/.m2/repository/org/glassfish/jersey/core/jersey-client/2.27/jersey-client-2.27.jar:/home/user/.m2/repository/org/glassfish/jersey/media/jersey-media-jaxb/2.27/jersey-media-jaxb-2.27.jar:/home/user/.m2/repository/javax/validation/validation-api/1.1.0.Final/validation-api-1.1.0.Final.jar:/home/user/.m2/repository/org/glassfish/jersey/media/jersey-media-json-jackson/2.27/jersey-media-json-jackson-2.27.jar:/home/user/.m2/repository/org/glassfish/jersey/ext/jersey-entity-filtering/2.27/jersey-entity-filtering-2.27.jar:/home/user/.m2/repository/com/google/inject/extensions/guice-assistedinject/4.0/guice-assistedinject-4.0.jar:/home/user/.m2/repository/org/jooq/jooq/3.11.10/jooq-3.11.10.jar:/home/user/.m2/repository/org/jooq/jooq-meta/3.11.10/jooq-meta-3.11.10.jar:/home/user/.m2/repository/org/jooq/jooq-codegen/3.11.10/jooq-codegen-3.11.10.jar:/home/user/.m2/repository/com/jolbox/bonecp/0.8.0.RELEASE/bonecp-0.8.0.RELEASE.jar:/home/user/.m2/repository/org/xerial/sqlite-jdbc/3.25.2/sqlite-jdbc-3.25.2.jar:/home/user/.m2/repository/org/springframework/spring-jdbc/5.1.3.RELEASE/spring-jdbc-5.1.3.RELEASE.jar:/home/user/.m2/repository/org/springframework/spring-beans/5.1.3.RELEASE/spring-beans-5.1.3.RELEASE.jar:/home/user/.m2/repository/org/springframework/spring-core/5.1.3.RELEASE/spring-core-5.1.3.RELEASE.jar:/home/user/.m2/repository/org/springframework/spring-jcl/5.1.3.RELEASE/spring-jcl-5.1.3.RELEASE.jar:/home/user/.m2/repository/org/springframework/spring-tx/5.1.3.RELEASE/spring-tx-5.1.3.RELEASE.jar:/home/user/.m2/repository/org/apache/hadoop/hadoop-ozone-client/0.5.0-SNAPSHOT/hadoop-ozone-client-0.5.0-SNAPSHOT.jar:/home/user/.m2/repository/commons-lang/commons-lang/2.6/commons-lang-2.6.jar:/home/user/.m2/repository/org/apache/hadoop/hadoop-ozone-ozone-manager/0.5.0-SNAPSHOT/hadoop-ozone-ozone-manager-0.5.0-SNAPSHOT-tests.jar:/home/user/.m2/repository/junit/junit/4.11/junit-4.11.jar:/home/user/.m2/repository/org/hamcrest/hamcrest-core/1.3/hamcrest-core-1.3.jar:/home/user/.m2/repository/org/openjdk/jmh/jmh-core/1.19/jmh-core-1.19.jar:/home/user/.m2/repository/net/sf/jopt-simple/jopt-simple/4.6/jopt-simple-4.6.jar:/home/user/.m2/repository/org/apache/commons/commons-math3/3.1.1/commons-math3-3.1.1.jar:/home/user/.m2/repository/org/openjdk/jmh/jmh-generator-annprocess/1.19/jmh-generator-annprocess-1.19.jar:/home/user/.m2/repository/org/mockito/mockito-all/1.8.5/mockito-all-1.8.5.jar:/home/user/.m2/repository/org/apache/hadoop/hadoop-kms/3.2.0/hadoop-kms-3.2.0.jar:/home/user/.m2/repository/org/apache/hadoop/hadoop-auth/3.2.0/hadoop-auth-3.2.0.jar:/home/user/.m2/repository/com/nimbusds/nimbus-jose-jwt/4.41.1/nimbus-jose-jwt-4.41.1.jar:/home/user/.m2/repository/com/github/stephenc/jcip/jcip-annotations/1.0-1/jcip-annotations-1.0-1.jar:/home/user/.m2/repository/net/minidev/json-smart/2.3/json-smart-2.3.jar:/home/user/.m2/repository/net/minidev/accessors-smart/1.2/accessors-smart-1.2.jar:/home/user/.m2/repository/org/ow2/asm/asm/5.0.4/asm-5.0.4.jar:/home/user/.m2/repository/org/apache/curator/curator-framework/2.12.0/curator-framework-2.12.0.jar:/home/user/.m2/repository/com/sun/jersey/jersey-core/1.19/jersey-core-1.19.jar:/home/user/.m2/repository/javax/ws/rs/jsr311-api/1.1.1/jsr311-api-1.1.1.jar:/home/user/.m2/repository/com/sun/jersey/jersey-server/1.19/jersey-server-1.19.jar:/home/user/.m2/repository/javax/servlet/javax.servlet-api/3.1.0/javax.servlet-api-3.1.0.jar:/home/user/.m2/repository/org/eclipse/jetty/jetty-server/9.3.24.v20180605/jetty-server-9.3.24.v20180605.jar:/home/user/.m2/repository/org/eclipse/jetty/jetty-http/9.3.24.v20180605/jetty-http-9.3.24.v20180605.jar:/home/user/.m2/repository/org/eclipse/jetty/jetty-io/9.3.24.v20180605/jetty-io-9.3.24.v20180605.jar:/home/user/.m2/repository/org/eclipse/jetty/jetty-webapp/9.3.24.v20180605/jetty-webapp-9.3.24.v20180605.jar:/home/user/.m2/repository/org/eclipse/jetty/jetty-xml/9.3.24.v20180605/jetty-xml-9.3.24.v20180605.jar:/home/user/.m2/repository/log4j/log4j/1.2.17/log4j-1.2.17.jar:/home/user/.m2/repository/org/slf4j/slf4j-api/1.7.25/slf4j-api-1.7.25.jar:/home/user/.m2/repository/org/slf4j/jul-to-slf4j/1.7.25/jul-to-slf4j-1.7.25.jar:/home/user/.m2/repository/org/eclipse/jetty/jetty-util/9.3.24.v20180605/jetty-util-9.3.24.v20180605.jar:/home/user/.m2/repository/com/fasterxml/jackson/core/jackson-databind/2.9.5/jackson-databind-2.9.5.jar:/home/user/.m2/repository/org/apache/hadoop/hadoop-kms/3.2.0/hadoop-kms-3.2.0-tests.jar:/home/user/.m2/repository/org/apache/hadoop/hadoop-hdds-server-scm/0.5.0-SNAPSHOT/hadoop-hdds-server-scm-0.5.0-SNAPSHOT-tests.jar:/home/user/.m2/repository/org/apache/hadoop/hadoop-hdds-container-service/0.5.0-SNAPSHOT/hadoop-hdds-container-service-0.5.0-SNAPSHOT-tests.jar:/home/user/.m2/repository/org/yaml/snakeyaml/1.16/snakeyaml-1.16.jar:/home/user/.m2/repository/org/apache/hadoop/hadoop-common/3.2.0/hadoop-common-3.2.0-tests.jar:/home/user/.m2/repository/org/apache/hadoop/hadoop-annotations/3.2.0/hadoop-annotations-3.2.0.jar:/usr/lib/jvm/java-1.8-openjdk/jre/../lib/tools.jar:/home/user/.m2/repository/commons-cli/commons-cli/1.2/commons-cli-1.2.jar:/home/user/.m2/repository/org/apache/httpcomponents/httpclient/4.5.2/httpclient-4.5.2.jar:/home/user/.m2/repository/org/apache/httpcomponents/httpcore/4.4.4/httpcore-4.4.4.jar:/home/user/.m2/repository/commons-codec/commons-codec/1.11/commons-codec-1.11.jar:/home/user/.m2/repository/commons-net/commons-net/3.6/commons-net-3.6.jar:/home/user/.m2/repository/commons-collections/commons-collections/3.2.2/commons-collections-3.2.2.jar:/home/user/.m2/repository/org/eclipse/jetty/jetty-servlet/9.3.24.v20180605/jetty-servlet-9.3.24.v20180605.jar:/home/user/.m2/repository/org/eclipse/jetty/jetty-security/9.3.24.v20180605/jetty-security-9.3.24.v20180605.jar:/home/user/.m2/repository/javax/servlet/jsp/jsp-api/2.1/jsp-api-2.1.jar:/home/user/.m2/repository/com/sun/jersey/jersey-servlet/1.19/jersey-servlet-1.19.jar:/home/user/.m2/repository/com/sun/jersey/jersey-json/1.19/jersey-json-1.19.jar:/home/user/.m2/repository/org/codehaus/jettison/jettison/1.1/jettison-1.1.jar:/home/user/.m2/repository/org/codehaus/jackson/jackson-core-asl/1.9.13/jackson-core-asl-1.9.13.jar:/home/user/.m2/repository/org/codehaus/jackson/jackson-mapper-asl/1.9.13/jackson-mapper-asl-1.9.13.jar:/home/user/.m2/repository/org/codehaus/jackson/jackson-jaxrs/1.9.13/jackson-jaxrs-1.9.13.jar:/home/user/.m2/repository/org/codehaus/jackson/jackson-xc/1.9.13/jackson-xc-1.9.13.jar:/home/user/.m2/repository/commons-logging/commons-logging/1.1.3/commons-logging-1.1.3.jar:/home/user/.m2/repository/commons-beanutils/commons-beanutils/1.9.3/commons-beanutils-1.9.3.jar:/home/user/.m2/repository/org/apache/commons/commons-configuration2/2.1.1/commons-configuration2-2.1.1.jar:/home/user/.m2/repository/org/apache/commons/commons-lang3/3.7/commons-lang3-3.7.jar:/home/user/.m2/repository/org/apache/commons/commons-text/1.4/commons-text-1.4.jar:/home/user/.m2/repository/org/apache/avro/avro/1.7.7/avro-1.7.7.jar:/home/user/.m2/repository/com/thoughtworks/paranamer/paranamer/2.3/paranamer-2.3.jar:/home/user/.m2/repository/org/xerial/snappy/snappy-java/1.0.5/snappy-java-1.0.5.jar:/home/user/.m2/repository/com/google/re2j/re2j/1.1/re2j-1.1.jar:/home/user/.m2/repository/com/google/code/gson/gson/2.2.4/gson-2.2.4.jar:/home/user/.m2/repository/com/jcraft/jsch/0.1.54/jsch-0.1.54.jar:/home/user/.m2/repository/org/apache/curator/curator-client/2.12.0/curator-client-2.12.0.jar:/home/user/.m2/repository/org/apache/curator/curator-recipes/2.12.0/curator-recipes-2.12.0.jar:/home/user/.m2/repository/com/google/code/findbugs/jsr305/3.0.0/jsr305-3.0.0.jar:/home/user/.m2/repository/org/apache/htrace/htrace-core4/4.1.0-incubating/htrace-core4-4.1.0-incubating.jar:/home/user/.m2/repository/org/apache/zookeeper/zookeeper/3.4.13/zookeeper-3.4.13.jar:/home/user/.m2/repository/org/apache/yetus/audience-annotations/0.5.0/audience-annotations-0.5.0.jar:/home/user/.m2/repository/org/codehaus/woodstox/stax2-api/3.1.4/stax2-api-3.1.4.jar:/home/user/.m2/repository/com/fasterxml/woodstox/woodstox-core/5.0.3/woodstox-core-5.0.3.jar:/home/user/.m2/repository/dnsjava/dnsjava/2.1.7/dnsjava-2.1.7.jar:/home/user/.m2/repository/org/apache/hadoop/hadoop-hdfs/3.2.0/hadoop-hdfs-3.2.0-tests.jar:/home/user/.m2/repository/org/eclipse/jetty/jetty-util-ajax/9.3.24.v20180605/jetty-util-ajax-9.3.24.v20180605.jar:/home/user/.m2/repository/commons-daemon/commons-daemon/1.0.13/commons-daemon-1.0.13.jar:/home/user/.m2/repository/io/netty/netty/3.10.5.Final/netty-3.10.5.Final.jar:/home/user/.m2/repository/io/netty/netty-all/4.0.52.Final/netty-all-4.0.52.Final.jar:/home/user/.m2/repository/org/fusesource/leveldbjni/leveldbjni-all/1.8/leveldbjni-all-1.8.jar:"/>
    <property name="java.vm.vendor" value="IcedTea"/>
    <property name="sun.arch.data.model" value="64"/>
    <property name="test.build.dir" value="/workdir/hadoop-ozone/integration-test/target/test-dir"/>
    <property name="test.cache.data" value=""/>
    <property name="java.vendor.url" value="https://icedtea.classpath.org"/>
    <property name="user.timezone" value=""/>
    <property name="java.vm.specification.version" value="1.8"/>
    <property name="os.name" value="Linux"/>
    <property name="test.build.data" value="/workdir/hadoop-ozone/integration-test/target/test-dir"/>
    <property name="user.country" value="US"/>
    <property name="sun.java.launcher" value="SUN_STANDARD"/>
    <property name="sun.boot.library.path" value="/usr/lib/jvm/java-1.8-openjdk/jre/lib/amd64"/>
    <property name="sun.java.command" value="/workdir/hadoop-ozone/integration-test/target/surefire/surefirebooter5520234580466243602.jar /workdir/hadoop-ozone/integration-test/target/surefire 2019-08-23T02-20-40_244-jvmRun1 surefire2967642655424445242tmp surefire_164580450052155506858tmp"/>
    <property name="test" value="!TestMiniChaosOzoneCluster"/>
    <property name="surefire.test.class.path" value="/workdir/hadoop-ozone/integration-test/target/test-classes:/workdir/hadoop-ozone/integration-test/target/classes:/home/user/.m2/repository/org/apache/hadoop/hadoop-ozone-common/0.5.0-SNAPSHOT/hadoop-ozone-common-0.5.0-SNAPSHOT.jar:/home/user/.m2/repository/org/apache/commons/commons-compress/1.4.1/commons-compress-1.4.1.jar:/home/user/.m2/repository/org/tukaani/xz/1.0/xz-1.0.jar:/home/user/.m2/repository/org/apache/hadoop/hadoop-common/3.2.0/hadoop-common-3.2.0.jar:/home/user/.m2/repository/org/apache/hadoop/hadoop-hdfs/3.2.0/hadoop-hdfs-3.2.0.jar:/home/user/.m2/repository/org/apache/hadoop/hadoop-hdfs-client/3.2.0/hadoop-hdfs-client-3.2.0.jar:/home/user/.m2/repository/com/fasterxml/jackson/core/jackson-annotations/2.9.5/jackson-annotations-2.9.5.jar:/home/user/.m2/repository/org/apache/hadoop/hadoop-hdds-common/0.5.0-SNAPSHOT/hadoop-hdds-common-0.5.0-SNAPSHOT.jar:/home/user/.m2/repository/javax/annotation/javax.annotation-api/1.2/javax.annotation-api-1.2.jar:/home/user/.m2/repository/org/apache/ratis/ratis-server/0.4.0-2337318-SNAPSHOT/ratis-server-0.4.0-2337318-SNAPSHOT.jar:/home/user/.m2/repository/org/apache/ratis/ratis-thirdparty-misc/0.2.0/ratis-thirdparty-misc-0.2.0.jar:/home/user/.m2/repository/org/apache/ratis/ratis-proto/0.4.0-2337318-SNAPSHOT/ratis-proto-0.4.0-2337318-SNAPSHOT.jar:/home/user/.m2/repository/org/apache/ratis/ratis-common/0.4.0-2337318-SNAPSHOT/ratis-common-0.4.0-2337318-SNAPSHOT.jar:/home/user/.m2/repository/org/apache/ratis/ratis-client/0.4.0-2337318-SNAPSHOT/ratis-client-0.4.0-2337318-SNAPSHOT.jar:/home/user/.m2/repository/org/apache/ratis/ratis-metrics/0.4.0-2337318-SNAPSHOT/ratis-metrics-0.4.0-2337318-SNAPSHOT.jar:/home/user/.m2/repository/org/apache/ratis/ratis-netty/0.4.0-2337318-SNAPSHOT/ratis-netty-0.4.0-2337318-SNAPSHOT.jar:/home/user/.m2/repository/org/apache/ratis/ratis-grpc/0.4.0-2337318-SNAPSHOT/ratis-grpc-0.4.0-2337318-SNAPSHOT.jar:/home/user/.m2/repository/org/rocksdb/rocksdbjni/6.0.1/rocksdbjni-6.0.1.jar:/home/user/.m2/repository/org/apache/logging/log4j/log4j-api/2.11.0/log4j-api-2.11.0.jar:/home/user/.m2/repository/org/apache/logging/log4j/log4j-core/2.11.0/log4j-core-2.11.0.jar:/home/user/.m2/repository/com/lmax/disruptor/3.4.2/disruptor-3.4.2.jar:/home/user/.m2/repository/org/apache/commons/commons-pool2/2.6.0/commons-pool2-2.6.0.jar:/home/user/.m2/repository/org/bouncycastle/bcpkix-jdk15on/1.60/bcpkix-jdk15on-1.60.jar:/home/user/.m2/repository/commons-validator/commons-validator/1.6/commons-validator-1.6.jar:/home/user/.m2/repository/commons-digester/commons-digester/1.8.1/commons-digester-1.8.1.jar:/home/user/.m2/repository/io/jaegertracing/jaeger-client/0.33.1/jaeger-client-0.33.1.jar:/home/user/.m2/repository/io/jaegertracing/jaeger-thrift/0.33.1/jaeger-thrift-0.33.1.jar:/home/user/.m2/repository/org/apache/thrift/libthrift/0.11.0/libthrift-0.11.0.jar:/home/user/.m2/repository/com/squareup/okhttp3/okhttp/3.9.0/okhttp-3.9.0.jar:/home/user/.m2/repository/com/squareup/okio/okio/1.13.0/okio-1.13.0.jar:/home/user/.m2/repository/io/jaegertracing/jaeger-core/0.33.1/jaeger-core-0.33.1.jar:/home/user/.m2/repository/io/jaegertracing/jaeger-tracerresolver/0.33.1/jaeger-tracerresolver-0.33.1.jar:/home/user/.m2/repository/io/opentracing/contrib/opentracing-tracerresolver/0.1.5/opentracing-tracerresolver-0.1.5.jar:/home/user/.m2/repository/io/opentracing/opentracing-util/0.31.0/opentracing-util-0.31.0.jar:/home/user/.m2/repository/io/opentracing/opentracing-api/0.31.0/opentracing-api-0.31.0.jar:/home/user/.m2/repository/io/opentracing/opentracing-noop/0.31.0/opentracing-noop-0.31.0.jar:/home/user/.m2/repository/org/apache/hadoop/hadoop-hdds-server-framework/0.5.0-SNAPSHOT/hadoop-hdds-server-framework-0.5.0-SNAPSHOT.jar:/home/user/.m2/repository/org/apache/hadoop/hadoop-hdds-container-service/0.5.0-SNAPSHOT/hadoop-hdds-container-service-0.5.0-SNAPSHOT.jar:/home/user/.m2/repository/org/apache/hadoop/hadoop-hdds-client/0.5.0-SNAPSHOT/hadoop-hdds-client-0.5.0-SNAPSHOT.jar:/home/user/.m2/repository/org/apache/hadoop/hadoop-hdds-tools/0.5.0-SNAPSHOT/hadoop-hdds-tools-0.5.0-SNAPSHOT.jar:/home/user/.m2/repository/org/apache/hadoop/hadoop-hdds-server-scm/0.5.0-SNAPSHOT/hadoop-hdds-server-scm-0.5.0-SNAPSHOT.jar:/home/user/.m2/repository/org/apache/hadoop/hadoop-hdds-docs/0.5.0-SNAPSHOT/hadoop-hdds-docs-0.5.0-SNAPSHOT.jar:/home/user/.m2/repository/io/dropwizard/metrics/metrics-core/3.2.4/metrics-core-3.2.4.jar:/home/user/.m2/repository/org/hamcrest/hamcrest-all/1.3/hamcrest-all-1.3.jar:/home/user/.m2/repository/org/bouncycastle/bcprov-jdk15on/1.60/bcprov-jdk15on-1.60.jar:/home/user/.m2/repository/info/picocli/picocli/3.9.6/picocli-3.9.6.jar:/home/user/.m2/repository/com/google/protobuf/protobuf-java/2.5.0/protobuf-java-2.5.0.jar:/home/user/.m2/repository/com/google/guava/guava/11.0.2/guava-11.0.2.jar:/home/user/.m2/repository/org/apache/hadoop/hadoop-ozone-ozone-manager/0.5.0-SNAPSHOT/hadoop-ozone-ozone-manager-0.5.0-SNAPSHOT.jar:/home/user/.m2/repository/org/apache/hadoop/hadoop-minikdc/3.2.0/hadoop-minikdc-3.2.0.jar:/home/user/.m2/repository/commons-io/commons-io/2.5/commons-io-2.5.jar:/home/user/.m2/repository/org/apache/kerby/kerb-simplekdc/1.0.1/kerb-simplekdc-1.0.1.jar:/home/user/.m2/repository/org/apache/kerby/kerb-client/1.0.1/kerb-client-1.0.1.jar:/home/user/.m2/repository/org/apache/kerby/kerby-config/1.0.1/kerby-config-1.0.1.jar:/home/user/.m2/repository/org/apache/kerby/kerb-core/1.0.1/kerb-core-1.0.1.jar:/home/user/.m2/repository/org/apache/kerby/kerby-pkix/1.0.1/kerby-pkix-1.0.1.jar:/home/user/.m2/repository/org/apache/kerby/kerby-asn1/1.0.1/kerby-asn1-1.0.1.jar:/home/user/.m2/repository/org/apache/kerby/kerby-util/1.0.1/kerby-util-1.0.1.jar:/home/user/.m2/repository/org/apache/kerby/kerb-common/1.0.1/kerb-common-1.0.1.jar:/home/user/.m2/repository/org/apache/kerby/kerb-crypto/1.0.1/kerb-crypto-1.0.1.jar:/home/user/.m2/repository/org/apache/kerby/kerb-util/1.0.1/kerb-util-1.0.1.jar:/home/user/.m2/repository/org/apache/kerby/token-provider/1.0.1/token-provider-1.0.1.jar:/home/user/.m2/repository/org/apache/kerby/kerb-admin/1.0.1/kerb-admin-1.0.1.jar:/home/user/.m2/repository/org/apache/kerby/kerb-server/1.0.1/kerb-server-1.0.1.jar:/home/user/.m2/repository/org/apache/kerby/kerb-identity/1.0.1/kerb-identity-1.0.1.jar:/home/user/.m2/repository/org/apache/kerby/kerby-xdr/1.0.1/kerby-xdr-1.0.1.jar:/home/user/.m2/repository/org/slf4j/slf4j-log4j12/1.7.25/slf4j-log4j12-1.7.25.jar:/home/user/.m2/repository/org/apache/hadoop/hadoop-ozone-objectstore-service/0.5.0-SNAPSHOT/hadoop-ozone-objectstore-service-0.5.0-SNAPSHOT.jar:/home/user/.m2/repository/org/apache/hadoop/hadoop-ozone-s3gateway/0.5.0-SNAPSHOT/hadoop-ozone-s3gateway-0.5.0-SNAPSHOT.jar:/home/user/.m2/repository/org/jboss/weld/servlet/weld-servlet/2.4.7.Final/weld-servlet-2.4.7.Final.jar:/home/user/.m2/repository/org/glassfish/jersey/containers/jersey-container-servlet-core/2.27/jersey-container-servlet-core-2.27.jar:/home/user/.m2/repository/org/glassfish/hk2/external/javax.inject/2.5.0-b42/javax.inject-2.5.0-b42.jar:/home/user/.m2/repository/org/glassfish/jersey/core/jersey-common/2.27/jersey-common-2.27.jar:/home/user/.m2/repository/org/glassfish/hk2/osgi-resource-locator/1.0.1/osgi-resource-locator-1.0.1.jar:/home/user/.m2/repository/javax/ws/rs/javax.ws.rs-api/2.1/javax.ws.rs-api-2.1.jar:/home/user/.m2/repository/org/glassfish/jersey/ext/cdi/jersey-cdi1x/2.27/jersey-cdi1x-2.27.jar:/home/user/.m2/repository/org/glassfish/jersey/inject/jersey-hk2/2.27/jersey-hk2-2.27.jar:/home/user/.m2/repository/org/glassfish/hk2/hk2-locator/2.5.0-b42/hk2-locator-2.5.0-b42.jar:/home/user/.m2/repository/org/javassist/javassist/3.22.0-CR2/javassist-3.22.0-CR2.jar:/home/user/.m2/repository/org/glassfish/hk2/hk2-api/2.5.0/hk2-api-2.5.0.jar:/home/user/.m2/repository/org/glassfish/hk2/external/jakarta.inject/2.5.0/jakarta.inject-2.5.0.jar:/home/user/.m2/repository/org/glassfish/hk2/hk2-utils/2.5.0/hk2-utils-2.5.0.jar:/home/user/.m2/repository/jakarta/annotation/jakarta.annotation-api/1.3.4/jakarta.annotation-api-1.3.4.jar:/home/user/.m2/repository/org/glassfish/hk2/external/aopalliance-repackaged/2.5.0/aopalliance-repackaged-2.5.0.jar:/home/user/.m2/repository/com/fasterxml/jackson/dataformat/jackson-dataformat-xml/2.9.0/jackson-dataformat-xml-2.9.0.jar:/home/user/.m2/repository/com/fasterxml/jackson/core/jackson-core/2.9.5/jackson-core-2.9.5.jar:/home/user/.m2/repository/com/fasterxml/jackson/module/jackson-module-jaxb-annotations/2.9.5/jackson-module-jaxb-annotations-2.9.5.jar:/home/user/.m2/repository/javax/enterprise/cdi-api/1.2/cdi-api-1.2.jar:/home/user/.m2/repository/javax/el/javax.el-api/3.0.0/javax.el-api-3.0.0.jar:/home/user/.m2/repository/javax/interceptor/javax.interceptor-api/1.2/javax.interceptor-api-1.2.jar:/home/user/.m2/repository/javax/inject/javax.inject/1/javax.inject-1.jar:/home/user/.m2/repository/com/sun/xml/bind/jaxb-impl/2.3.0.1/jaxb-impl-2.3.0.1.jar:/home/user/.m2/repository/com/sun/xml/bind/jaxb-core/2.3.0.1/jaxb-core-2.3.0.1.jar:/home/user/.m2/repository/javax/xml/bind/jaxb-api/2.3.0/jaxb-api-2.3.0.jar:/home/user/.m2/repository/javax/activation/activation/1.1.1/activation-1.1.1.jar:/home/user/.m2/repository/org/apache/hadoop/hadoop-ozone-csi/0.5.0-SNAPSHOT/hadoop-ozone-csi-0.5.0-SNAPSHOT.jar:/home/user/.m2/repository/com/google/protobuf/protobuf-java-util/3.5.1/protobuf-java-util-3.5.1.jar:/home/user/.m2/repository/org/apache/hadoop/hadoop-hdds-config/0.5.0-SNAPSHOT/hadoop-hdds-config-0.5.0-SNAPSHOT.jar:/home/user/.m2/repository/io/grpc/grpc-netty/1.17.1/grpc-netty-1.17.1.jar:/home/user/.m2/repository/io/grpc/grpc-core/1.17.1/grpc-core-1.17.1.jar:/home/user/.m2/repository/io/grpc/grpc-context/1.17.1/grpc-context-1.17.1.jar:/home/user/.m2/repository/com/google/errorprone/error_prone_annotations/2.2.0/error_prone_annotations-2.2.0.jar:/home/user/.m2/repository/org/codehaus/mojo/animal-sniffer-annotations/1.17/animal-sniffer-annotations-1.17.jar:/home/user/.m2/repository/io/opencensus/opencensus-api/0.17.0/opencensus-api-0.17.0.jar:/home/user/.m2/repository/io/opencensus/opencensus-contrib-grpc-metrics/0.17.0/opencensus-contrib-grpc-metrics-0.17.0.jar:/home/user/.m2/repository/io/netty/netty-codec-http2/4.1.30.Final/netty-codec-http2-4.1.30.Final.jar:/home/user/.m2/repository/io/netty/netty-codec-http/4.1.30.Final/netty-codec-http-4.1.30.Final.jar:/home/user/.m2/repository/io/netty/netty-codec/4.1.30.Final/netty-codec-4.1.30.Final.jar:/home/user/.m2/repository/io/netty/netty-handler/4.1.30.Final/netty-handler-4.1.30.Final.jar:/home/user/.m2/repository/io/netty/netty-handler-proxy/4.1.30.Final/netty-handler-proxy-4.1.30.Final.jar:/home/user/.m2/repository/io/netty/netty-codec-socks/4.1.30.Final/netty-codec-socks-4.1.30.Final.jar:/home/user/.m2/repository/io/netty/netty-transport-native-epoll/4.1.30.Final/netty-transport-native-epoll-4.1.30.Final.jar:/home/user/.m2/repository/io/netty/netty-common/4.1.30.Final/netty-common-4.1.30.Final.jar:/home/user/.m2/repository/io/netty/netty-buffer/4.1.30.Final/netty-buffer-4.1.30.Final.jar:/home/user/.m2/repository/io/netty/netty-transport/4.1.30.Final/netty-transport-4.1.30.Final.jar:/home/user/.m2/repository/io/netty/netty-resolver/4.1.30.Final/netty-resolver-4.1.30.Final.jar:/home/user/.m2/repository/io/netty/netty-transport-native-unix-common/4.1.30.Final/netty-transport-native-unix-common-4.1.30.Final.jar:/home/user/.m2/repository/io/grpc/grpc-protobuf/1.17.1/grpc-protobuf-1.17.1.jar:/home/user/.m2/repository/com/google/api/grpc/proto-google-common-protos/1.0.0/proto-google-common-protos-1.0.0.jar:/home/user/.m2/repository/io/grpc/grpc-protobuf-lite/1.17.1/grpc-protobuf-lite-1.17.1.jar:/home/user/.m2/repository/io/grpc/grpc-stub/1.17.1/grpc-stub-1.17.1.jar:/home/user/.m2/repository/org/apache/hadoop/hadoop-ozone-recon/0.5.0-SNAPSHOT/hadoop-ozone-recon-0.5.0-SNAPSHOT.jar:/home/user/.m2/repository/org/apache/hadoop/hadoop-ozone-reconcodegen/0.5.0-SNAPSHOT/hadoop-ozone-reconcodegen-0.5.0-SNAPSHOT.jar:/home/user/.m2/repository/com/google/inject/extensions/guice-multibindings/4.0/guice-multibindings-4.0.jar:/home/user/.m2/repository/com/google/inject/guice/4.0/guice-4.0.jar:/home/user/.m2/repository/aopalliance/aopalliance/1.0/aopalliance-1.0.jar:/home/user/.m2/repository/com/google/inject/extensions/guice-servlet/4.0/guice-servlet-4.0.jar:/home/user/.m2/repository/org/glassfish/jersey/containers/jersey-container-servlet/2.27/jersey-container-servlet-2.27.jar:/home/user/.m2/repository/org/glassfish/hk2/guice-bridge/2.5.0/guice-bridge-2.5.0.jar:/home/user/.m2/repository/org/glassfish/jersey/core/jersey-server/2.27/jersey-server-2.27.jar:/home/user/.m2/repository/org/glassfish/jersey/core/jersey-client/2.27/jersey-client-2.27.jar:/home/user/.m2/repository/org/glassfish/jersey/media/jersey-media-jaxb/2.27/jersey-media-jaxb-2.27.jar:/home/user/.m2/repository/javax/validation/validation-api/1.1.0.Final/validation-api-1.1.0.Final.jar:/home/user/.m2/repository/org/glassfish/jersey/media/jersey-media-json-jackson/2.27/jersey-media-json-jackson-2.27.jar:/home/user/.m2/repository/org/glassfish/jersey/ext/jersey-entity-filtering/2.27/jersey-entity-filtering-2.27.jar:/home/user/.m2/repository/com/google/inject/extensions/guice-assistedinject/4.0/guice-assistedinject-4.0.jar:/home/user/.m2/repository/org/jooq/jooq/3.11.10/jooq-3.11.10.jar:/home/user/.m2/repository/org/jooq/jooq-meta/3.11.10/jooq-meta-3.11.10.jar:/home/user/.m2/repository/org/jooq/jooq-codegen/3.11.10/jooq-codegen-3.11.10.jar:/home/user/.m2/repository/com/jolbox/bonecp/0.8.0.RELEASE/bonecp-0.8.0.RELEASE.jar:/home/user/.m2/repository/org/xerial/sqlite-jdbc/3.25.2/sqlite-jdbc-3.25.2.jar:/home/user/.m2/repository/org/springframework/spring-jdbc/5.1.3.RELEASE/spring-jdbc-5.1.3.RELEASE.jar:/home/user/.m2/repository/org/springframework/spring-beans/5.1.3.RELEASE/spring-beans-5.1.3.RELEASE.jar:/home/user/.m2/repository/org/springframework/spring-core/5.1.3.RELEASE/spring-core-5.1.3.RELEASE.jar:/home/user/.m2/repository/org/springframework/spring-jcl/5.1.3.RELEASE/spring-jcl-5.1.3.RELEASE.jar:/home/user/.m2/repository/org/springframework/spring-tx/5.1.3.RELEASE/spring-tx-5.1.3.RELEASE.jar:/home/user/.m2/repository/org/apache/hadoop/hadoop-ozone-client/0.5.0-SNAPSHOT/hadoop-ozone-client-0.5.0-SNAPSHOT.jar:/home/user/.m2/repository/commons-lang/commons-lang/2.6/commons-lang-2.6.jar:/home/user/.m2/repository/org/apache/hadoop/hadoop-ozone-ozone-manager/0.5.0-SNAPSHOT/hadoop-ozone-ozone-manager-0.5.0-SNAPSHOT-tests.jar:/home/user/.m2/repository/junit/junit/4.11/junit-4.11.jar:/home/user/.m2/repository/org/hamcrest/hamcrest-core/1.3/hamcrest-core-1.3.jar:/home/user/.m2/repository/org/openjdk/jmh/jmh-core/1.19/jmh-core-1.19.jar:/home/user/.m2/repository/net/sf/jopt-simple/jopt-simple/4.6/jopt-simple-4.6.jar:/home/user/.m2/repository/org/apache/commons/commons-math3/3.1.1/commons-math3-3.1.1.jar:/home/user/.m2/repository/org/openjdk/jmh/jmh-generator-annprocess/1.19/jmh-generator-annprocess-1.19.jar:/home/user/.m2/repository/org/mockito/mockito-all/1.8.5/mockito-all-1.8.5.jar:/home/user/.m2/repository/org/apache/hadoop/hadoop-kms/3.2.0/hadoop-kms-3.2.0.jar:/home/user/.m2/repository/org/apache/hadoop/hadoop-auth/3.2.0/hadoop-auth-3.2.0.jar:/home/user/.m2/repository/com/nimbusds/nimbus-jose-jwt/4.41.1/nimbus-jose-jwt-4.41.1.jar:/home/user/.m2/repository/com/github/stephenc/jcip/jcip-annotations/1.0-1/jcip-annotations-1.0-1.jar:/home/user/.m2/repository/net/minidev/json-smart/2.3/json-smart-2.3.jar:/home/user/.m2/repository/net/minidev/accessors-smart/1.2/accessors-smart-1.2.jar:/home/user/.m2/repository/org/ow2/asm/asm/5.0.4/asm-5.0.4.jar:/home/user/.m2/repository/org/apache/curator/curator-framework/2.12.0/curator-framework-2.12.0.jar:/home/user/.m2/repository/com/sun/jersey/jersey-core/1.19/jersey-core-1.19.jar:/home/user/.m2/repository/javax/ws/rs/jsr311-api/1.1.1/jsr311-api-1.1.1.jar:/home/user/.m2/repository/com/sun/jersey/jersey-server/1.19/jersey-server-1.19.jar:/home/user/.m2/repository/javax/servlet/javax.servlet-api/3.1.0/javax.servlet-api-3.1.0.jar:/home/user/.m2/repository/org/eclipse/jetty/jetty-server/9.3.24.v20180605/jetty-server-9.3.24.v20180605.jar:/home/user/.m2/repository/org/eclipse/jetty/jetty-http/9.3.24.v20180605/jetty-http-9.3.24.v20180605.jar:/home/user/.m2/repository/org/eclipse/jetty/jetty-io/9.3.24.v20180605/jetty-io-9.3.24.v20180605.jar:/home/user/.m2/repository/org/eclipse/jetty/jetty-webapp/9.3.24.v20180605/jetty-webapp-9.3.24.v20180605.jar:/home/user/.m2/repository/org/eclipse/jetty/jetty-xml/9.3.24.v20180605/jetty-xml-9.3.24.v20180605.jar:/home/user/.m2/repository/log4j/log4j/1.2.17/log4j-1.2.17.jar:/home/user/.m2/repository/org/slf4j/slf4j-api/1.7.25/slf4j-api-1.7.25.jar:/home/user/.m2/repository/org/slf4j/jul-to-slf4j/1.7.25/jul-to-slf4j-1.7.25.jar:/home/user/.m2/repository/org/eclipse/jetty/jetty-util/9.3.24.v20180605/jetty-util-9.3.24.v20180605.jar:/home/user/.m2/repository/com/fasterxml/jackson/core/jackson-databind/2.9.5/jackson-databind-2.9.5.jar:/home/user/.m2/repository/org/apache/hadoop/hadoop-kms/3.2.0/hadoop-kms-3.2.0-tests.jar:/home/user/.m2/repository/org/apache/hadoop/hadoop-hdds-server-scm/0.5.0-SNAPSHOT/hadoop-hdds-server-scm-0.5.0-SNAPSHOT-tests.jar:/home/user/.m2/repository/org/apache/hadoop/hadoop-hdds-container-service/0.5.0-SNAPSHOT/hadoop-hdds-container-service-0.5.0-SNAPSHOT-tests.jar:/home/user/.m2/repository/org/yaml/snakeyaml/1.16/snakeyaml-1.16.jar:/home/user/.m2/repository/org/apache/hadoop/hadoop-common/3.2.0/hadoop-common-3.2.0-tests.jar:/home/user/.m2/repository/org/apache/hadoop/hadoop-annotations/3.2.0/hadoop-annotations-3.2.0.jar:/usr/lib/jvm/java-1.8-openjdk/jre/../lib/tools.jar:/home/user/.m2/repository/commons-cli/commons-cli/1.2/commons-cli-1.2.jar:/home/user/.m2/repository/org/apache/httpcomponents/httpclient/4.5.2/httpclient-4.5.2.jar:/home/user/.m2/repository/org/apache/httpcomponents/httpcore/4.4.4/httpcore-4.4.4.jar:/home/user/.m2/repository/commons-codec/commons-codec/1.11/commons-codec-1.11.jar:/home/user/.m2/repository/commons-net/commons-net/3.6/commons-net-3.6.jar:/home/user/.m2/repository/commons-collections/commons-collections/3.2.2/commons-collections-3.2.2.jar:/home/user/.m2/repository/org/eclipse/jetty/jetty-servlet/9.3.24.v20180605/jetty-servlet-9.3.24.v20180605.jar:/home/user/.m2/repository/org/eclipse/jetty/jetty-security/9.3.24.v20180605/jetty-security-9.3.24.v20180605.jar:/home/user/.m2/repository/javax/servlet/jsp/jsp-api/2.1/jsp-api-2.1.jar:/home/user/.m2/repository/com/sun/jersey/jersey-servlet/1.19/jersey-servlet-1.19.jar:/home/user/.m2/repository/com/sun/jersey/jersey-json/1.19/jersey-json-1.19.jar:/home/user/.m2/repository/org/codehaus/jettison/jettison/1.1/jettison-1.1.jar:/home/user/.m2/repository/org/codehaus/jackson/jackson-core-asl/1.9.13/jackson-core-asl-1.9.13.jar:/home/user/.m2/repository/org/codehaus/jackson/jackson-mapper-asl/1.9.13/jackson-mapper-asl-1.9.13.jar:/home/user/.m2/repository/org/codehaus/jackson/jackson-jaxrs/1.9.13/jackson-jaxrs-1.9.13.jar:/home/user/.m2/repository/org/codehaus/jackson/jackson-xc/1.9.13/jackson-xc-1.9.13.jar:/home/user/.m2/repository/commons-logging/commons-logging/1.1.3/commons-logging-1.1.3.jar:/home/user/.m2/repository/commons-beanutils/commons-beanutils/1.9.3/commons-beanutils-1.9.3.jar:/home/user/.m2/repository/org/apache/commons/commons-configuration2/2.1.1/commons-configuration2-2.1.1.jar:/home/user/.m2/repository/org/apache/commons/commons-lang3/3.7/commons-lang3-3.7.jar:/home/user/.m2/repository/org/apache/commons/commons-text/1.4/commons-text-1.4.jar:/home/user/.m2/repository/org/apache/avro/avro/1.7.7/avro-1.7.7.jar:/home/user/.m2/repository/com/thoughtworks/paranamer/paranamer/2.3/paranamer-2.3.jar:/home/user/.m2/repository/org/xerial/snappy/snappy-java/1.0.5/snappy-java-1.0.5.jar:/home/user/.m2/repository/com/google/re2j/re2j/1.1/re2j-1.1.jar:/home/user/.m2/repository/com/google/code/gson/gson/2.2.4/gson-2.2.4.jar:/home/user/.m2/repository/com/jcraft/jsch/0.1.54/jsch-0.1.54.jar:/home/user/.m2/repository/org/apache/curator/curator-client/2.12.0/curator-client-2.12.0.jar:/home/user/.m2/repository/org/apache/curator/curator-recipes/2.12.0/curator-recipes-2.12.0.jar:/home/user/.m2/repository/com/google/code/findbugs/jsr305/3.0.0/jsr305-3.0.0.jar:/home/user/.m2/repository/org/apache/htrace/htrace-core4/4.1.0-incubating/htrace-core4-4.1.0-incubating.jar:/home/user/.m2/repository/org/apache/zookeeper/zookeeper/3.4.13/zookeeper-3.4.13.jar:/home/user/.m2/repository/org/apache/yetus/audience-annotations/0.5.0/audience-annotations-0.5.0.jar:/home/user/.m2/repository/org/codehaus/woodstox/stax2-api/3.1.4/stax2-api-3.1.4.jar:/home/user/.m2/repository/com/fasterxml/woodstox/woodstox-core/5.0.3/woodstox-core-5.0.3.jar:/home/user/.m2/repository/dnsjava/dnsjava/2.1.7/dnsjava-2.1.7.jar:/home/user/.m2/repository/org/apache/hadoop/hadoop-hdfs/3.2.0/hadoop-hdfs-3.2.0-tests.jar:/home/user/.m2/repository/org/eclipse/jetty/jetty-util-ajax/9.3.24.v20180605/jetty-util-ajax-9.3.24.v20180605.jar:/home/user/.m2/repository/commons-daemon/commons-daemon/1.0.13/commons-daemon-1.0.13.jar:/home/user/.m2/repository/io/netty/netty/3.10.5.Final/netty-3.10.5.Final.jar:/home/user/.m2/repository/io/netty/netty-all/4.0.52.Final/netty-all-4.0.52.Final.jar:/home/user/.m2/repository/org/fusesource/leveldbjni/leveldbjni-all/1.8/leveldbjni-all-1.8.jar:"/>
    <property name="sun.cpu.endian" value="little"/>
    <property name="user.home" value="/home/user"/>
    <property name="user.language" value="en"/>
    <property name="java.specification.vendor" value="Oracle Corporation"/>
    <property name="java.home" value="/usr/lib/jvm/java-1.8-openjdk/jre"/>
    <property name="java.security.krb5.conf" value="/workdir/hadoop-ozone/integration-test/target/test-classes/krb5.conf"/>
    <property name="basedir" value="/workdir/hadoop-ozone/integration-test"/>
    <property name="file.separator" value="/"/>
    <property name="line.separator" value="&#10;"/>
    <property name="java.vm.specification.vendor" value="Oracle Corporation"/>
    <property name="java.specification.name" value="Java Platform API Specification"/>
    <property name="java.awt.graphicsenv" value="sun.awt.X11GraphicsEnvironment"/>
    <property name="surefire.real.class.path" value="/workdir/hadoop-ozone/integration-test/target/surefire/surefirebooter5520234580466243602.jar"/>
    <property name="hadoop.log.dir" value="/workdir/hadoop-ozone/integration-test/target/log"/>
    <property name="sun.boot.class.path" value="/usr/lib/jvm/java-1.8-openjdk/jre/lib/resources.jar:/usr/lib/jvm/java-1.8-openjdk/jre/lib/rt.jar:/usr/lib/jvm/java-1.8-openjdk/jre/lib/sunrsasign.jar:/usr/lib/jvm/java-1.8-openjdk/jre/lib/jsse.jar:/usr/lib/jvm/java-1.8-openjdk/jre/lib/jce.jar:/usr/lib/jvm/java-1.8-openjdk/jre/lib/charsets.jar:/usr/lib/jvm/java-1.8-openjdk/jre/lib/jfr.jar:/usr/lib/jvm/java-1.8-openjdk/jre/classes"/>
    <property name="sun.management.compiler" value="HotSpot 64-Bit Tiered Compilers"/>
    <property name="java.runtime.version" value="1.8.0_212-b04"/>
    <property name="java.net.preferIPv4Stack" value="true"/>
    <property name="user.name" value="jenkins1000"/>
    <property name="path.separator" value=":"/>
    <property name="java.security.egd" value="file:///dev/urandom"/>
    <property name="os.version" value="3.10.0-957.12.2.el7.x86_64"/>
    <property name="java.endorsed.dirs" value="/usr/lib/jvm/java-1.8-openjdk/jre/lib/endorsed"/>
    <property name="java.runtime.name" value="OpenJDK Runtime Environment"/>
    <property name="file.encoding" value="UTF-8"/>
    <property name="java.vm.name" value="OpenJDK 64-Bit Server VM"/>
    <property name="test.build.webapps" value=""/>
    <property name="localRepository" value="/home/user/.m2/repository"/>
    <property name="java.vendor.url.bug" value="https://icedtea.classpath.org/bugzilla"/>
    <property name="java.io.tmpdir" value="/tmp"/>
    <property name="require.test.libhadoop" value=""/>
    <property name="java.version" value="1.8.0_212"/>
    <property name="user.dir" value="/workdir/hadoop-ozone/integration-test"/>
    <property name="os.arch" value="amd64"/>
    <property name="java.vm.specification.name" value="Java Virtual Machine Specification"/>
    <property name="test.build.classes" value="/workdir/hadoop-ozone/integration-test/target/test-classes"/>
    <property name="java.awt.printerjob" value="sun.print.PSPrinterJob"/>
    <property name="sun.os.patch.level" value="unknown"/>
    <property name="hadoop.tmp.dir" value="/workdir/hadoop-ozone/integration-test/target/tmp"/>
    <property name="java.library.path" value="/usr/lib/jvm/java-1.8-openjdk/jre/lib/amd64/server:/usr/lib/jvm/java-1.8-openjdk/jre/lib/amd64:/usr/lib/jvm/java-1.8-openjdk/jre/../lib/amd64:/workdir/hadoop-ozone/integration-test/target/native/target/usr/local/lib:/workdir/hadoop-ozone/integration-test/../../hadoop-common-project/hadoop-common/target/native/target/usr/local/lib:/usr/java/packages/lib/amd64:/usr/lib64:/lib64:/lib:/usr/lib"/>
    <property name="java.vm.info" value="mixed mode"/>
    <property name="java.vendor" value="IcedTea"/>
    <property name="java.vm.version" value="25.212-b04"/>
    <property name="java.ext.dirs" value="/usr/lib/jvm/java-1.8-openjdk/jre/lib/ext:/usr/java/packages/lib/ext"/>
    <property name="sun.io.unicode.encoding" value="UnicodeLittle"/>
    <property name="java.class.version" value="52.0"/>
  </properties>
  <testcase name="test2DatanodesFailure" classname="org.apache.hadoop.ozone.client.rpc.TestBlockOutputStreamWithFailures" time="117.419"/>
  <testcase name="testDatanodeFailureWithPreAllocation" classname="org.apache.hadoop.ozone.client.rpc.TestBlockOutputStreamWithFailures" time="228.949"/>
  <testcase name="testDatanodeFailureWithSingleNodeRatis" classname="org.apache.hadoop.ozone.client.rpc.TestBlockOutputStreamWithFailures" time="234.123"/>
  <testcase name="testWatchForCommitWithSingleNodeRatis" classname="org.apache.hadoop.ozone.client.rpc.TestBlockOutputStreamWithFailures" time="35.399"/>
  <testcase name="testWatchForCommitDatanodeFailure" classname="org.apache.hadoop.ozone.client.rpc.TestBlockOutputStreamWithFailures" time="35.036"/>
  <testcase name="testFailureWithPrimeSizedData" classname="org.apache.hadoop.ozone.client.rpc.TestBlockOutputStreamWithFailures" time="39.542"/>
  <testcase name="testWatchForCommitWithCloseContainerException" classname="org.apache.hadoop.ozone.client.rpc.TestBlockOutputStreamWithFailures" time="37.781"/>
  <testcase name="testExceptionDuringClose" classname="org.apache.hadoop.ozone.client.rpc.TestBlockOutputStreamWithFailures" time="41.566">
    <failure message="expected:&lt;88&gt; but was:&lt;90&gt;" type="java.lang.AssertionError"><![CDATA[java.lang.AssertionError: expected:<88> but was:<90>
	at org.junit.Assert.fail(Assert.java:88)
	at org.junit.Assert.failNotEquals(Assert.java:743)
	at org.junit.Assert.assertEquals(Assert.java:118)
	at org.junit.Assert.assertEquals(Assert.java:555)
	at org.junit.Assert.assertEquals(Assert.java:542)
	at org.apache.hadoop.ozone.client.rpc.TestBlockOutputStreamWithFailures.testExceptionDuringClose(TestBlockOutputStreamWithFailures.java:726)
	at sun.reflect.NativeMethodAccessorImpl.invoke0(Native Method)
	at sun.reflect.NativeMethodAccessorImpl.invoke(NativeMethodAccessorImpl.java:62)
	at sun.reflect.DelegatingMethodAccessorImpl.invoke(DelegatingMethodAccessorImpl.java:43)
	at java.lang.reflect.Method.invoke(Method.java:498)
	at org.junit.runners.model.FrameworkMethod$1.runReflectiveCall(FrameworkMethod.java:47)
	at org.junit.internal.runners.model.ReflectiveCallable.run(ReflectiveCallable.java:12)
	at org.junit.runners.model.FrameworkMethod.invokeExplosively(FrameworkMethod.java:44)
	at org.junit.internal.runners.statements.InvokeMethod.evaluate(InvokeMethod.java:17)
	at org.junit.internal.runners.statements.RunBefores.evaluate(RunBefores.java:26)
	at org.junit.internal.runners.statements.RunAfters.evaluate(RunAfters.java:27)
	at org.junit.runners.ParentRunner.runLeaf(ParentRunner.java:271)
	at org.junit.runners.BlockJUnit4ClassRunner.runChild(BlockJUnit4ClassRunner.java:70)
	at org.junit.runners.BlockJUnit4ClassRunner.runChild(BlockJUnit4ClassRunner.java:50)
	at org.junit.runners.ParentRunner$3.run(ParentRunner.java:238)
	at org.junit.runners.ParentRunner$1.schedule(ParentRunner.java:63)
	at org.junit.runners.ParentRunner.runChildren(ParentRunner.java:236)
	at org.junit.runners.ParentRunner.access$000(ParentRunner.java:53)
	at org.junit.runners.ParentRunner$2.evaluate(ParentRunner.java:229)
	at org.junit.runners.ParentRunner.run(ParentRunner.java:309)
	at org.apache.maven.surefire.junit4.JUnit4Provider.execute(JUnit4Provider.java:365)
	at org.apache.maven.surefire.junit4.JUnit4Provider.executeWithRerun(JUnit4Provider.java:273)
	at org.apache.maven.surefire.junit4.JUnit4Provider.executeTestSet(JUnit4Provider.java:238)
	at org.apache.maven.surefire.junit4.JUnit4Provider.invoke(JUnit4Provider.java:159)
	at org.apache.maven.surefire.booter.ForkedBooter.invokeProviderInSameClassLoader(ForkedBooter.java:384)
	at org.apache.maven.surefire.booter.ForkedBooter.runSuitesInProcess(ForkedBooter.java:345)
	at org.apache.maven.surefire.booter.ForkedBooter.execute(ForkedBooter.java:126)
	at org.apache.maven.surefire.booter.ForkedBooter.main(ForkedBooter.java:418)
]]></failure>
    <system-out><![CDATA[2019-08-23 02:45:16,922 [main] WARN  server.ServerUtils (ServerUtils.java:getScmDbDir(145)) - ozone.scm.db.dirs is not configured. We recommend adding this setting. Falling back to ozone.metadata.dirs instead.
2019-08-23 02:45:16,942 [main] WARN  server.ServerUtils (ServerUtils.java:getScmDbDir(145)) - ozone.scm.db.dirs is not configured. We recommend adding this setting. Falling back to ozone.metadata.dirs instead.
2019-08-23 02:45:16,942 [main] WARN  server.ServerUtils (ServerUtils.java:getScmDbDir(145)) - ozone.scm.db.dirs is not configured. We recommend adding this setting. Falling back to ozone.metadata.dirs instead.
2019-08-23 02:45:16,943 [main] INFO  db.DBStoreBuilder (DBStoreBuilder.java:addTable(110)) - using custom profile for table: deletedBlocks
2019-08-23 02:45:16,943 [main] INFO  db.DBStoreBuilder (DBStoreBuilder.java:processTables(161)) - Using default column profile:DBProfile.DISK for Table:deletedBlocks
2019-08-23 02:45:16,943 [main] INFO  db.DBStoreBuilder (DBStoreBuilder.java:addTable(110)) - using custom profile for table: validCerts
2019-08-23 02:45:16,943 [main] INFO  db.DBStoreBuilder (DBStoreBuilder.java:processTables(161)) - Using default column profile:DBProfile.DISK for Table:validCerts
2019-08-23 02:45:16,944 [main] INFO  db.DBStoreBuilder (DBStoreBuilder.java:addTable(110)) - using custom profile for table: revokedCerts
2019-08-23 02:45:16,944 [main] INFO  db.DBStoreBuilder (DBStoreBuilder.java:processTables(161)) - Using default column profile:DBProfile.DISK for Table:revokedCerts
2019-08-23 02:45:16,944 [main] INFO  db.DBStoreBuilder (DBStoreBuilder.java:addTable(110)) - using custom profile for table: default
2019-08-23 02:45:16,944 [main] INFO  db.DBStoreBuilder (DBStoreBuilder.java:processTables(167)) - Using default column profile:DBProfile.DISK for Table:default
2019-08-23 02:45:16,945 [main] INFO  db.DBStoreBuilder (DBStoreBuilder.java:getDbProfile(198)) - Using default options. DBProfile.DISK
2019-08-23 02:45:17,305 [main] INFO  net.NodeSchemaLoader (NodeSchemaLoader.java:loadSchemaFromFile(125)) - Loading file from sun.misc.CompoundEnumeration@79a81557
2019-08-23 02:45:17,306 [main] INFO  net.NodeSchemaLoader (NodeSchemaLoader.java:loadSchema(171)) - Loading network topology layer schema file
2019-08-23 02:45:17,311 [main] INFO  node.SCMNodeManager (SCMNodeManager.java:<init>(121)) - Entering startup safe mode.
2019-08-23 02:45:17,312 [main] INFO  algorithms.ContainerPlacementPolicyFactory (ContainerPlacementPolicyFactory.java:getPolicy(55)) - Create container placement policy of type org.apache.hadoop.hdds.scm.container.placement.algorithms.SCMContainerPlacementRandom
2019-08-23 02:45:17,312 [main] WARN  server.ServerUtils (ServerUtils.java:getScmDbDir(145)) - ozone.scm.db.dirs is not configured. We recommend adding this setting. Falling back to ozone.metadata.dirs instead.
2019-08-23 02:45:17,468 [main] INFO  pipeline.SCMPipelineManager (SCMPipelineManager.java:initializePipelineState(126)) - No pipeline exists in current db
2019-08-23 02:45:17,468 [main] WARN  server.ServerUtils (ServerUtils.java:getScmDbDir(145)) - ozone.scm.db.dirs is not configured. We recommend adding this setting. Falling back to ozone.metadata.dirs instead.
2019-08-23 02:45:17,563 [main] WARN  events.EventQueue (EventQueue.java:fireEvent(175)) - No event handler registered for event TypedEvent{payloadType=SafeModeStatus, name='SafeModeStatus'}
2019-08-23 02:45:17,564 [main] INFO  ipc.CallQueueManager (CallQueueManager.java:<init>(84)) - Using callQueue: class java.util.concurrent.LinkedBlockingQueue, queueCapacity: 2000, scheduler: class org.apache.hadoop.ipc.DefaultRpcScheduler, ipcBackoff: false.
2019-08-23 02:45:17,565 [Socket Reader #1 for port 33821] INFO  ipc.Server (Server.java:run(1074)) - Starting Socket Reader #1 for port 33821
2019-08-23 02:45:17,567 [main] INFO  ipc.CallQueueManager (CallQueueManager.java:<init>(84)) - Using callQueue: class java.util.concurrent.LinkedBlockingQueue, queueCapacity: 2000, scheduler: class org.apache.hadoop.ipc.DefaultRpcScheduler, ipcBackoff: false.
2019-08-23 02:45:17,568 [Socket Reader #1 for port 45153] INFO  ipc.Server (Server.java:run(1074)) - Starting Socket Reader #1 for port 45153
2019-08-23 02:45:17,569 [main] INFO  ipc.CallQueueManager (CallQueueManager.java:<init>(84)) - Using callQueue: class java.util.concurrent.LinkedBlockingQueue, queueCapacity: 2000, scheduler: class org.apache.hadoop.ipc.DefaultRpcScheduler, ipcBackoff: false.
2019-08-23 02:45:17,570 [Socket Reader #1 for port 45969] INFO  ipc.Server (Server.java:run(1074)) - Starting Socket Reader #1 for port 45969
2019-08-23 02:45:17,574 [main] INFO  hdfs.DFSUtil (DFSUtil.java:httpServerTemplateForNNAndJN(1641)) - Starting Web-server for scm at: http://0.0.0.0:0
2019-08-23 02:45:17,576 [main] INFO  server.AuthenticationFilter (AuthenticationFilter.java:constructSecretProvider(240)) - Unable to initialize FileSignerSecretProvider, falling back to use random secrets.
2019-08-23 02:45:17,577 [main] WARN  http.HttpRequestLog (HttpRequestLog.java:getRequestLog(97)) - Jetty request log can only be enabled using Log4j
2019-08-23 02:45:17,578 [main] INFO  http.HttpServer2 (HttpServer2.java:addGlobalFilter(975)) - Added global filter 'safety' (class=org.apache.hadoop.http.HttpServer2$QuotingInputFilter)
2019-08-23 02:45:17,579 [main] INFO  http.HttpServer2 (HttpServer2.java:addFilter(948)) - Added filter static_user_filter (class=org.apache.hadoop.http.lib.StaticUserWebFilter$StaticUserFilter) to context scm
2019-08-23 02:45:17,579 [main] INFO  http.HttpServer2 (HttpServer2.java:addFilter(958)) - Added filter static_user_filter (class=org.apache.hadoop.http.lib.StaticUserWebFilter$StaticUserFilter) to context static
2019-08-23 02:45:17,579 [main] INFO  http.HttpServer2 (HttpServer2.java:addFilter(958)) - Added filter static_user_filter (class=org.apache.hadoop.http.lib.StaticUserWebFilter$StaticUserFilter) to context logs
2019-08-23 02:45:17,583 [main] INFO  server.StorageContainerManager (StorageContainerManager.java:start(759)) - StorageContainerLocationProtocol RPC server is listening at /0.0.0.0:45969
2019-08-23 02:45:17,585 [main] WARN  impl.MetricsConfig (MetricsConfig.java:loadFirst(134)) - Cannot locate configuration: tried hadoop-metrics2-storagecontainermanager.properties,hadoop-metrics2.properties
2019-08-23 02:45:17,586 [main] INFO  impl.MetricsSystemImpl (MetricsSystemImpl.java:startTimer(374)) - Scheduled Metric snapshot period at 10 second(s).
2019-08-23 02:45:17,586 [main] INFO  impl.MetricsSystemImpl (MetricsSystemImpl.java:start(191)) - StorageContainerManager metrics system started
2019-08-23 02:45:17,700 [main] INFO  server.SCMClientProtocolServer (SCMClientProtocolServer.java:start(151)) - RPC server for Client  is listening at /0.0.0.0:45969
2019-08-23 02:45:17,701 [IPC Server listener on 45969] INFO  ipc.Server (Server.java:run(1153)) - IPC Server listener on 45969: starting
2019-08-23 02:45:17,701 [IPC Server Responder] INFO  ipc.Server (Server.java:run(1314)) - IPC Server Responder: starting
2019-08-23 02:45:17,704 [main] INFO  server.StorageContainerManager (StorageContainerManager.java:start(769)) - ScmBlockLocationProtocol RPC server is listening at /0.0.0.0:45153
2019-08-23 02:45:17,704 [main] INFO  server.SCMBlockProtocolServer (SCMBlockProtocolServer.java:start(140)) - RPC server for Block Protocol is listening at /0.0.0.0:45153
2019-08-23 02:45:17,704 [IPC Server Responder] INFO  ipc.Server (Server.java:run(1314)) - IPC Server Responder: starting
2019-08-23 02:45:17,704 [IPC Server listener on 45153] INFO  ipc.Server (Server.java:run(1153)) - IPC Server listener on 45153: starting
2019-08-23 02:45:17,706 [main] INFO  server.StorageContainerManager (StorageContainerManager.java:start(773)) - ScmDatanodeProtocl RPC server is listening at /0.0.0.0:33821
2019-08-23 02:45:17,706 [main] INFO  server.SCMDatanodeProtocolServer (SCMDatanodeProtocolServer.java:start(191)) - RPC server for DataNodes is listening at /0.0.0.0:33821
2019-08-23 02:45:17,707 [IPC Server Responder] INFO  ipc.Server (Server.java:run(1314)) - IPC Server Responder: starting
2019-08-23 02:45:17,707 [IPC Server listener on 33821] INFO  ipc.Server (Server.java:run(1153)) - IPC Server listener on 33821: starting
2019-08-23 02:45:17,710 [main] INFO  http.HttpServer2 (HttpServer2.java:bindListener(1191)) - Jetty bound to port 34792
2019-08-23 02:45:17,710 [main] INFO  server.Server (Server.java:doStart(351)) - jetty-9.3.24.v20180605, build timestamp: 2018-06-05T17:11:56Z, git hash: 84205aa28f11a4f31f2a3b86d1bba2cc8ab69827
2019-08-23 02:45:17,711 [main] INFO  handler.ContextHandler (ContextHandler.java:doStart(781)) - Started o.e.j.s.ServletContextHandler@44b522ce{/logs,file:///workdir/hadoop-ozone/integration-test/target/log,AVAILABLE}
2019-08-23 02:45:17,711 [main] INFO  handler.ContextHandler (ContextHandler.java:doStart(781)) - Started o.e.j.s.ServletContextHandler@7863e6b2{/static,file:///workdir/hadoop-ozone/integration-test/target/test-classes/webapps/static,AVAILABLE}
2019-08-23 02:45:17,715 [main] INFO  handler.ContextHandler (ContextHandler.java:doStart(781)) - Started o.e.j.w.WebAppContext@2cdb1581{/,file:///workdir/hadoop-ozone/integration-test/target/test-classes/webapps/scm/,AVAILABLE}{/scm}
2019-08-23 02:45:17,715 [main] INFO  server.AbstractConnector (AbstractConnector.java:doStart(278)) - Started ServerConnector@4140f94c{HTTP/1.1,[http/1.1]}{0.0.0.0:34792}
2019-08-23 02:45:17,719 [main] INFO  server.Server (Server.java:doStart(419)) - Started @729668ms
2019-08-23 02:45:17,721 [main] INFO  server.BaseHttpServer (BaseHttpServer.java:updateConnectorAddress(213)) - HTTP server of SCM is listening at http://0.0.0.0:34792
2019-08-23 02:45:17,721 [main] WARN  server.ServerUtils (ServerUtils.java:getDBPath(222)) - ozone.om.db.dirs is not configured. We recommend adding this setting. Falling back to ozone.metadata.dirs instead.
2019-08-23 02:45:17,722 [org.apache.hadoop.util.JvmPauseMonitor$Monitor@27154b20] INFO  util.JvmPauseMonitor (JvmPauseMonitor.java:run(188)) - Starting JVM pause monitor
2019-08-23 02:45:17,768 [main] WARN  server.ServerUtils (ServerUtils.java:getDBPath(222)) - ozone.om.db.dirs is not configured. We recommend adding this setting. Falling back to ozone.metadata.dirs instead.
2019-08-23 02:45:17,768 [main] WARN  server.ServerUtils (ServerUtils.java:getDBPath(222)) - ozone.om.db.dirs is not configured. We recommend adding this setting. Falling back to ozone.metadata.dirs instead.
2019-08-23 02:45:17,769 [main] INFO  om.OzoneManager (OzoneManager.java:setOMNodeDetails(648)) - OM Service ID is not set. Setting it to the default ID: omServiceIdDefault
2019-08-23 02:45:17,769 [main] INFO  om.OzoneManager (OzoneManager.java:setOMNodeDetails(654)) - OM Node ID is not set. Setting it to the OmStorage's OmID: 0c6ea056-6ec4-48ec-b1ca-b15b8de7dd21
2019-08-23 02:45:17,769 [main] INFO  om.OzoneManager (OzoneManager.java:loadOMHAConfigs(605)) - Found matching OM address with OMServiceId: null, OMNodeId: null, RPC Address: localhost:0 and Ratis port: 9872
2019-08-23 02:45:17,775 | INFO  | SCMAudit | user=jenkins1000 | ip=192.168.36.77 | op=GET_SCM_INFO null | ret=SUCCESS |  
2019-08-23 02:45:17,777 [main] WARN  server.ServerUtils (ServerUtils.java:getDBPath(222)) - ozone.om.db.dirs is not configured. We recommend adding this setting. Falling back to ozone.metadata.dirs instead.
2019-08-23 02:45:17,778 [main] INFO  db.DBStoreBuilder (DBStoreBuilder.java:addTable(110)) - using custom profile for table: userTable
2019-08-23 02:45:17,778 [main] INFO  db.DBStoreBuilder (DBStoreBuilder.java:processTables(161)) - Using default column profile:DBProfile.DISK for Table:userTable
2019-08-23 02:45:17,778 [main] INFO  db.DBStoreBuilder (DBStoreBuilder.java:addTable(110)) - using custom profile for table: volumeTable
2019-08-23 02:45:17,778 [main] INFO  db.DBStoreBuilder (DBStoreBuilder.java:processTables(161)) - Using default column profile:DBProfile.DISK for Table:volumeTable
2019-08-23 02:45:17,779 [main] INFO  db.DBStoreBuilder (DBStoreBuilder.java:addTable(110)) - using custom profile for table: bucketTable
2019-08-23 02:45:17,779 [main] INFO  db.DBStoreBuilder (DBStoreBuilder.java:processTables(161)) - Using default column profile:DBProfile.DISK for Table:bucketTable
2019-08-23 02:45:17,779 [main] INFO  db.DBStoreBuilder (DBStoreBuilder.java:addTable(110)) - using custom profile for table: keyTable
2019-08-23 02:45:17,779 [main] INFO  db.DBStoreBuilder (DBStoreBuilder.java:processTables(161)) - Using default column profile:DBProfile.DISK for Table:keyTable
2019-08-23 02:45:17,780 [main] INFO  db.DBStoreBuilder (DBStoreBuilder.java:addTable(110)) - using custom profile for table: deletedTable
2019-08-23 02:45:17,780 [main] INFO  db.DBStoreBuilder (DBStoreBuilder.java:processTables(161)) - Using default column profile:DBProfile.DISK for Table:deletedTable
2019-08-23 02:45:17,780 [main] INFO  db.DBStoreBuilder (DBStoreBuilder.java:addTable(110)) - using custom profile for table: openKeyTable
2019-08-23 02:45:17,780 [main] INFO  db.DBStoreBuilder (DBStoreBuilder.java:processTables(161)) - Using default column profile:DBProfile.DISK for Table:openKeyTable
2019-08-23 02:45:17,780 [main] INFO  db.DBStoreBuilder (DBStoreBuilder.java:addTable(110)) - using custom profile for table: s3Table
2019-08-23 02:45:17,781 [main] INFO  db.DBStoreBuilder (DBStoreBuilder.java:processTables(161)) - Using default column profile:DBProfile.DISK for Table:s3Table
2019-08-23 02:45:17,781 [main] INFO  db.DBStoreBuilder (DBStoreBuilder.java:addTable(110)) - using custom profile for table: multipartInfoTable
2019-08-23 02:45:17,781 [main] INFO  db.DBStoreBuilder (DBStoreBuilder.java:processTables(161)) - Using default column profile:DBProfile.DISK for Table:multipartInfoTable
2019-08-23 02:45:17,781 [main] INFO  db.DBStoreBuilder (DBStoreBuilder.java:addTable(110)) - using custom profile for table: dTokenTable
2019-08-23 02:45:17,781 [main] INFO  db.DBStoreBuilder (DBStoreBuilder.java:processTables(161)) - Using default column profile:DBProfile.DISK for Table:dTokenTable
2019-08-23 02:45:17,782 [main] INFO  db.DBStoreBuilder (DBStoreBuilder.java:addTable(110)) - using custom profile for table: s3SecretTable
2019-08-23 02:45:17,782 [main] INFO  db.DBStoreBuilder (DBStoreBuilder.java:processTables(161)) - Using default column profile:DBProfile.DISK for Table:s3SecretTable
2019-08-23 02:45:17,782 [main] INFO  db.DBStoreBuilder (DBStoreBuilder.java:addTable(110)) - using custom profile for table: prefixTable
2019-08-23 02:45:17,782 [main] INFO  db.DBStoreBuilder (DBStoreBuilder.java:processTables(161)) - Using default column profile:DBProfile.DISK for Table:prefixTable
2019-08-23 02:45:17,782 [main] INFO  db.DBStoreBuilder (DBStoreBuilder.java:addTable(110)) - using custom profile for table: default
2019-08-23 02:45:17,783 [main] INFO  db.DBStoreBuilder (DBStoreBuilder.java:processTables(167)) - Using default column profile:DBProfile.DISK for Table:default
2019-08-23 02:45:17,783 [main] INFO  db.DBStoreBuilder (DBStoreBuilder.java:getDbProfile(198)) - Using default options. DBProfile.DISK
2019-08-23 02:45:18,429 [main] INFO  ipc.CallQueueManager (CallQueueManager.java:<init>(84)) - Using callQueue: class java.util.concurrent.LinkedBlockingQueue, queueCapacity: 2000, scheduler: class org.apache.hadoop.ipc.DefaultRpcScheduler, ipcBackoff: false.
2019-08-23 02:45:18,430 [Socket Reader #1 for port 43332] INFO  ipc.Server (Server.java:run(1074)) - Starting Socket Reader #1 for port 43332
2019-08-23 02:45:18,441 [main] INFO  om.OzoneManager (OzoneManager.java:start(1259)) - OzoneManager RPC server is listening at localhost/127.0.0.1:43332
2019-08-23 02:45:18,442 [main] INFO  impl.MetricsSystemImpl (MetricsSystemImpl.java:init(158)) - OzoneManager metrics system started (again)
2019-08-23 02:45:18,442 [IPC Server Responder] INFO  ipc.Server (Server.java:run(1314)) - IPC Server Responder: starting
2019-08-23 02:45:18,443 [IPC Server listener on 43332] INFO  ipc.Server (Server.java:run(1153)) - IPC Server listener on 43332: starting
2019-08-23 02:45:18,447 [main] INFO  hdfs.DFSUtil (DFSUtil.java:httpServerTemplateForNNAndJN(1641)) - Starting Web-server for ozoneManager at: http://0.0.0.0:0
2019-08-23 02:45:18,448 [main] INFO  server.AuthenticationFilter (AuthenticationFilter.java:constructSecretProvider(240)) - Unable to initialize FileSignerSecretProvider, falling back to use random secrets.
2019-08-23 02:45:18,448 [main] WARN  http.HttpRequestLog (HttpRequestLog.java:getRequestLog(97)) - Jetty request log can only be enabled using Log4j
2019-08-23 02:45:18,449 [main] INFO  http.HttpServer2 (HttpServer2.java:addGlobalFilter(975)) - Added global filter 'safety' (class=org.apache.hadoop.http.HttpServer2$QuotingInputFilter)
2019-08-23 02:45:18,450 [main] INFO  http.HttpServer2 (HttpServer2.java:addFilter(948)) - Added filter static_user_filter (class=org.apache.hadoop.http.lib.StaticUserWebFilter$StaticUserFilter) to context ozoneManager
2019-08-23 02:45:18,450 [main] INFO  http.HttpServer2 (HttpServer2.java:addFilter(958)) - Added filter static_user_filter (class=org.apache.hadoop.http.lib.StaticUserWebFilter$StaticUserFilter) to context logs
2019-08-23 02:45:18,450 [main] INFO  http.HttpServer2 (HttpServer2.java:addFilter(958)) - Added filter static_user_filter (class=org.apache.hadoop.http.lib.StaticUserWebFilter$StaticUserFilter) to context static
2019-08-23 02:45:18,451 [main] INFO  http.HttpServer2 (HttpServer2.java:bindListener(1191)) - Jetty bound to port 40184
2019-08-23 02:45:18,451 [main] INFO  server.Server (Server.java:doStart(351)) - jetty-9.3.24.v20180605, build timestamp: 2018-06-05T17:11:56Z, git hash: 84205aa28f11a4f31f2a3b86d1bba2cc8ab69827
2019-08-23 02:45:18,452 [main] INFO  handler.ContextHandler (ContextHandler.java:doStart(781)) - Started o.e.j.s.ServletContextHandler@201b8a01{/logs,file:///workdir/hadoop-ozone/integration-test/target/log,AVAILABLE}
2019-08-23 02:45:18,453 [main] INFO  handler.ContextHandler (ContextHandler.java:doStart(781)) - Started o.e.j.s.ServletContextHandler@6eb96567{/static,file:///workdir/hadoop-ozone/integration-test/target/test-classes/webapps/static,AVAILABLE}
2019-08-23 02:45:18,456 [main] INFO  handler.ContextHandler (ContextHandler.java:doStart(781)) - Started o.e.j.w.WebAppContext@5944fbf0{/,file:///workdir/hadoop-ozone/integration-test/target/test-classes/webapps/ozoneManager/,AVAILABLE}{/ozoneManager}
2019-08-23 02:45:18,456 [main] INFO  server.AbstractConnector (AbstractConnector.java:doStart(278)) - Started ServerConnector@1fb77d8{HTTP/1.1,[http/1.1]}{0.0.0.0:40184}
2019-08-23 02:45:18,457 [main] INFO  server.Server (Server.java:doStart(419)) - Started @730407ms
2019-08-23 02:45:18,458 [main] INFO  server.BaseHttpServer (BaseHttpServer.java:updateConnectorAddress(213)) - HTTP server of OZONEMANAGER is listening at http://0.0.0.0:40184
2019-08-23 02:45:18,472 [main] INFO  impl.MetricsSystemImpl (MetricsSystemImpl.java:init(158)) - HddsDatanode metrics system started (again)
2019-08-23 02:45:18,475 [main] INFO  ozone.HddsDatanodeService (HddsDatanodeService.java:start(184)) - HddsDatanodeService host:pr-hdds-2000-5mb45-3533150274 ip:192.168.36.77
2019-08-23 02:45:18,489 [main] INFO  volume.HddsVolume (HddsVolume.java:<init>(176)) - Creating Volume: /workdir/hadoop-ozone/integration-test/target/test-dir/MiniOzoneClusterImpl-2bd8e9d2-4d45-4779-a9d5-84448e8fa7d9/datanode-0/data/containers/hdds of  storage type : DISK and capacity : 1482555576320
2019-08-23 02:45:18,489 [main] INFO  volume.VolumeSet (VolumeSet.java:initializeVolumeSet(170)) - Added Volume : /workdir/hadoop-ozone/integration-test/target/test-dir/MiniOzoneClusterImpl-2bd8e9d2-4d45-4779-a9d5-84448e8fa7d9/datanode-0/data/containers/hdds to VolumeSet
2019-08-23 02:45:18,490 [main] INFO  volume.ThrottledAsyncChecker (ThrottledAsyncChecker.java:schedule(140)) - Scheduling a check for org.apache.hadoop.ozone.container.common.volume.HddsVolume@55fee98a
2019-08-23 02:45:18,490 [main] INFO  volume.HddsVolumeChecker (HddsVolumeChecker.java:checkAllVolumes(203)) - Scheduled health check for volume org.apache.hadoop.ozone.container.common.volume.HddsVolume@55fee98a
2019-08-23 02:45:18,507 [main] INFO  impl.RaftServerProxy (ConfUtils.java:logGet(43)) - raft.rpc.type = GRPC (default)
2019-08-23 02:45:18,508 [main] INFO  grpc.GrpcFactory (GrpcFactory.java:checkPooledByteBufAllocatorUseCacheForAllThreads(45)) - PERFORMANCE WARNING: useCacheForAllThreads is true that may cause Netty to create a lot garbage objects and, as a result, trigger GC.
	It is recommended to disable useCacheForAllThreads by setting -Dorg.apache.ratis.thirdparty.io.netty.allocator.useCacheForAllThreads=false in command line.
2019-08-23 02:45:18,508 [main] INFO  grpc.GrpcConfigKeys$Server (ConfUtils.java:logGet(43)) - raft.grpc.server.port = 0 (default)
2019-08-23 02:45:18,508 [main] INFO  server.GrpcService (ConfUtils.java:logGet(43)) - raft.grpc.message.size.max = 33570816 (custom)
2019-08-23 02:45:18,509 [main] INFO  server.RaftServerConfigKeys (ConfUtils.java:logGet(43)) - raft.server.log.appender.buffer.byte-limit = 33554432 (custom)
2019-08-23 02:45:18,509 [main] INFO  server.GrpcService (ConfUtils.java:logGet(43)) - raft.grpc.flow.control.window = 1MB (=1048576) (default)
2019-08-23 02:45:18,509 [main] INFO  server.RaftServerConfigKeys (ConfUtils.java:logGet(43)) - raft.server.rpc.request.timeout = 3000ms (default)
2019-08-23 02:45:18,510 [main] INFO  server.RaftServerConfigKeys (ConfUtils.java:logGet(43)) - raft.server.storage.dir = [/workdir/hadoop-ozone/integration-test/target/test-dir/MiniOzoneClusterImpl-2bd8e9d2-4d45-4779-a9d5-84448e8fa7d9/datanode-0/data/ratis] (custom)
2019-08-23 02:45:18,510 [main] INFO  replication.SimpleContainerDownloader (SimpleContainerDownloader.java:<init>(72)) - Starting container downloader service to copy containers to replicate.
2019-08-23 02:45:18,511 [main] INFO  hdfs.DFSUtil (DFSUtil.java:httpServerTemplateForNNAndJN(1641)) - Starting Web-server for hddsDatanode at: http://0.0.0.0:0
2019-08-23 02:45:18,513 [main] INFO  server.AuthenticationFilter (AuthenticationFilter.java:constructSecretProvider(240)) - Unable to initialize FileSignerSecretProvider, falling back to use random secrets.
2019-08-23 02:45:18,513 [main] WARN  http.HttpRequestLog (HttpRequestLog.java:getRequestLog(97)) - Jetty request log can only be enabled using Log4j
2019-08-23 02:45:18,514 [main] INFO  http.HttpServer2 (HttpServer2.java:addGlobalFilter(975)) - Added global filter 'safety' (class=org.apache.hadoop.http.HttpServer2$QuotingInputFilter)
2019-08-23 02:45:18,515 [main] INFO  http.HttpServer2 (HttpServer2.java:addFilter(948)) - Added filter static_user_filter (class=org.apache.hadoop.http.lib.StaticUserWebFilter$StaticUserFilter) to context hddsDatanode
2019-08-23 02:45:18,515 [main] INFO  http.HttpServer2 (HttpServer2.java:addFilter(958)) - Added filter static_user_filter (class=org.apache.hadoop.http.lib.StaticUserWebFilter$StaticUserFilter) to context logs
2019-08-23 02:45:18,515 [main] INFO  http.HttpServer2 (HttpServer2.java:addFilter(958)) - Added filter static_user_filter (class=org.apache.hadoop.http.lib.StaticUserWebFilter$StaticUserFilter) to context static
2019-08-23 02:45:18,517 [main] INFO  http.HttpServer2 (HttpServer2.java:bindListener(1191)) - Jetty bound to port 41934
2019-08-23 02:45:18,517 [main] INFO  server.Server (Server.java:doStart(351)) - jetty-9.3.24.v20180605, build timestamp: 2018-06-05T17:11:56Z, git hash: 84205aa28f11a4f31f2a3b86d1bba2cc8ab69827
2019-08-23 02:45:18,519 [main] INFO  handler.ContextHandler (ContextHandler.java:doStart(781)) - Started o.e.j.s.ServletContextHandler@3e84c698{/logs,file:///workdir/hadoop-ozone/integration-test/target/log,AVAILABLE}
2019-08-23 02:45:18,519 [main] INFO  handler.ContextHandler (ContextHandler.java:doStart(781)) - Started o.e.j.s.ServletContextHandler@459c7fa1{/static,jar:file:/home/user/.m2/repository/org/apache/hadoop/hadoop-hdds-container-service/0.5.0-SNAPSHOT/hadoop-hdds-container-service-0.5.0-SNAPSHOT.jar!/webapps/static,AVAILABLE}
2019-08-23 02:45:18,549 [main] INFO  handler.ContextHandler (ContextHandler.java:doStart(781)) - Started o.e.j.w.WebAppContext@119aabf3{/,file:///tmp/jetty-0.0.0.0-41934-hddsDatanode-_-any-2060578066011494036.dir/webapp/,AVAILABLE}{/hddsDatanode}
2019-08-23 02:45:18,550 [main] INFO  server.AbstractConnector (AbstractConnector.java:doStart(278)) - Started ServerConnector@6d8d78a{HTTP/1.1,[http/1.1]}{0.0.0.0:41934}
2019-08-23 02:45:18,551 [main] INFO  server.Server (Server.java:doStart(419)) - Started @730500ms
2019-08-23 02:45:18,552 [main] INFO  server.BaseHttpServer (BaseHttpServer.java:updateConnectorAddress(213)) - HTTP server of HDDSDATANODE is listening at http://0.0.0.0:41934
2019-08-23 02:45:18,691 | INFO  | ObjectStoreRestHttpServer | Listening HDDS REST traffic on /0.0.0.0:42367 |  
2019-08-23 02:45:18,691 [main] INFO  ozone.HddsDatanodeService (HddsDatanodeService.java:startPlugins(395)) - Started plug-in org.apache.hadoop.ozone.web.OzoneHddsDatanodeService@7c3e94b2
2019-08-23 02:45:18,692 [main] INFO  impl.MetricsSystemImpl (MetricsSystemImpl.java:init(158)) - HddsDatanode metrics system started (again)
2019-08-23 02:45:18,694 [org.apache.hadoop.util.JvmPauseMonitor$Monitor@459a9d7] INFO  util.JvmPauseMonitor (JvmPauseMonitor.java:run(188)) - Starting JVM pause monitor
2019-08-23 02:45:18,695 [main] INFO  ozone.HddsDatanodeService (HddsDatanodeService.java:start(184)) - HddsDatanodeService host:pr-hdds-2000-5mb45-3533150274 ip:192.168.36.77
2019-08-23 02:45:18,695 [Datanode State Machine Thread - 0] INFO  datanode.InitDatanodeState (InitDatanodeState.java:persistContainerDatanodeDetails(140)) - DatanodeDetails is persisted to /workdir/hadoop-ozone/integration-test/target/test-dir/MiniOzoneClusterImpl-2bd8e9d2-4d45-4779-a9d5-84448e8fa7d9/datanode-0/meta/datanode.id
2019-08-23 02:45:18,704 [main] INFO  volume.HddsVolume (HddsVolume.java:<init>(176)) - Creating Volume: /workdir/hadoop-ozone/integration-test/target/test-dir/MiniOzoneClusterImpl-2bd8e9d2-4d45-4779-a9d5-84448e8fa7d9/datanode-1/data/containers/hdds of  storage type : DISK and capacity : 1482555576320
2019-08-23 02:45:18,705 [main] INFO  volume.VolumeSet (VolumeSet.java:initializeVolumeSet(170)) - Added Volume : /workdir/hadoop-ozone/integration-test/target/test-dir/MiniOzoneClusterImpl-2bd8e9d2-4d45-4779-a9d5-84448e8fa7d9/datanode-1/data/containers/hdds to VolumeSet
2019-08-23 02:45:18,705 [main] INFO  volume.ThrottledAsyncChecker (ThrottledAsyncChecker.java:schedule(140)) - Scheduling a check for org.apache.hadoop.ozone.container.common.volume.HddsVolume@1f8315cf
2019-08-23 02:45:18,705 [main] INFO  volume.HddsVolumeChecker (HddsVolumeChecker.java:checkAllVolumes(203)) - Scheduled health check for volume org.apache.hadoop.ozone.container.common.volume.HddsVolume@1f8315cf
2019-08-23 02:45:18,719 [main] INFO  impl.RaftServerProxy (ConfUtils.java:logGet(43)) - raft.rpc.type = GRPC (default)
2019-08-23 02:45:18,719 [main] INFO  grpc.GrpcFactory (GrpcFactory.java:checkPooledByteBufAllocatorUseCacheForAllThreads(45)) - PERFORMANCE WARNING: useCacheForAllThreads is true that may cause Netty to create a lot garbage objects and, as a result, trigger GC.
	It is recommended to disable useCacheForAllThreads by setting -Dorg.apache.ratis.thirdparty.io.netty.allocator.useCacheForAllThreads=false in command line.
2019-08-23 02:45:18,719 [main] INFO  grpc.GrpcConfigKeys$Server (ConfUtils.java:logGet(43)) - raft.grpc.server.port = 0 (default)
2019-08-23 02:45:18,719 [main] INFO  server.GrpcService (ConfUtils.java:logGet(43)) - raft.grpc.message.size.max = 33570816 (custom)
2019-08-23 02:45:18,720 [main] INFO  server.RaftServerConfigKeys (ConfUtils.java:logGet(43)) - raft.server.log.appender.buffer.byte-limit = 33554432 (custom)
2019-08-23 02:45:18,720 [main] INFO  server.GrpcService (ConfUtils.java:logGet(43)) - raft.grpc.flow.control.window = 1MB (=1048576) (default)
2019-08-23 02:45:18,720 [main] INFO  server.RaftServerConfigKeys (ConfUtils.java:logGet(43)) - raft.server.rpc.request.timeout = 3000ms (default)
2019-08-23 02:45:18,720 [main] INFO  server.RaftServerConfigKeys (ConfUtils.java:logGet(43)) - raft.server.storage.dir = [/workdir/hadoop-ozone/integration-test/target/test-dir/MiniOzoneClusterImpl-2bd8e9d2-4d45-4779-a9d5-84448e8fa7d9/datanode-1/data/ratis] (custom)
2019-08-23 02:45:18,721 [main] INFO  replication.SimpleContainerDownloader (SimpleContainerDownloader.java:<init>(72)) - Starting container downloader service to copy containers to replicate.
2019-08-23 02:45:18,722 [main] INFO  hdfs.DFSUtil (DFSUtil.java:httpServerTemplateForNNAndJN(1641)) - Starting Web-server for hddsDatanode at: http://0.0.0.0:0
2019-08-23 02:45:18,723 [main] INFO  server.AuthenticationFilter (AuthenticationFilter.java:constructSecretProvider(240)) - Unable to initialize FileSignerSecretProvider, falling back to use random secrets.
2019-08-23 02:45:18,723 [main] WARN  http.HttpRequestLog (HttpRequestLog.java:getRequestLog(97)) - Jetty request log can only be enabled using Log4j
2019-08-23 02:45:18,725 [main] INFO  http.HttpServer2 (HttpServer2.java:addGlobalFilter(975)) - Added global filter 'safety' (class=org.apache.hadoop.http.HttpServer2$QuotingInputFilter)
2019-08-23 02:45:18,725 [main] INFO  http.HttpServer2 (HttpServer2.java:addFilter(948)) - Added filter static_user_filter (class=org.apache.hadoop.http.lib.StaticUserWebFilter$StaticUserFilter) to context hddsDatanode
2019-08-23 02:45:18,725 [main] INFO  http.HttpServer2 (HttpServer2.java:addFilter(958)) - Added filter static_user_filter (class=org.apache.hadoop.http.lib.StaticUserWebFilter$StaticUserFilter) to context static
2019-08-23 02:45:18,725 [main] INFO  http.HttpServer2 (HttpServer2.java:addFilter(958)) - Added filter static_user_filter (class=org.apache.hadoop.http.lib.StaticUserWebFilter$StaticUserFilter) to context logs
2019-08-23 02:45:18,726 [main] INFO  http.HttpServer2 (HttpServer2.java:bindListener(1191)) - Jetty bound to port 40057
2019-08-23 02:45:18,726 [main] INFO  server.Server (Server.java:doStart(351)) - jetty-9.3.24.v20180605, build timestamp: 2018-06-05T17:11:56Z, git hash: 84205aa28f11a4f31f2a3b86d1bba2cc8ab69827
2019-08-23 02:45:18,727 [main] INFO  handler.ContextHandler (ContextHandler.java:doStart(781)) - Started o.e.j.s.ServletContextHandler@1bd99de6{/logs,file:///workdir/hadoop-ozone/integration-test/target/log,AVAILABLE}
2019-08-23 02:45:18,728 [main] INFO  handler.ContextHandler (ContextHandler.java:doStart(781)) - Started o.e.j.s.ServletContextHandler@31ad368a{/static,jar:file:/home/user/.m2/repository/org/apache/hadoop/hadoop-hdds-container-service/0.5.0-SNAPSHOT/hadoop-hdds-container-service-0.5.0-SNAPSHOT.jar!/webapps/static,AVAILABLE}
2019-08-23 02:45:18,754 [main] INFO  handler.ContextHandler (ContextHandler.java:doStart(781)) - Started o.e.j.w.WebAppContext@6f50f047{/,file:///tmp/jetty-0.0.0.0-40057-hddsDatanode-_-any-2512119721616558490.dir/webapp/,AVAILABLE}{/hddsDatanode}
2019-08-23 02:45:18,755 [main] INFO  server.AbstractConnector (AbstractConnector.java:doStart(278)) - Started ServerConnector@791d785c{HTTP/1.1,[http/1.1]}{0.0.0.0:40057}
2019-08-23 02:45:18,756 [main] INFO  server.Server (Server.java:doStart(419)) - Started @730706ms
2019-08-23 02:45:18,757 [main] INFO  server.BaseHttpServer (BaseHttpServer.java:updateConnectorAddress(213)) - HTTP server of HDDSDATANODE is listening at http://0.0.0.0:40057
2019-08-23 02:45:18,877 | INFO  | ObjectStoreRestHttpServer | Listening HDDS REST traffic on /0.0.0.0:33593 |  
2019-08-23 02:45:18,877 [main] INFO  ozone.HddsDatanodeService (HddsDatanodeService.java:startPlugins(395)) - Started plug-in org.apache.hadoop.ozone.web.OzoneHddsDatanodeService@58a7226e
2019-08-23 02:45:18,877 [main] INFO  impl.MetricsSystemImpl (MetricsSystemImpl.java:init(158)) - HddsDatanode metrics system started (again)
2019-08-23 02:45:18,880 [org.apache.hadoop.util.JvmPauseMonitor$Monitor@21182038] INFO  util.JvmPauseMonitor (JvmPauseMonitor.java:run(188)) - Starting JVM pause monitor
2019-08-23 02:45:18,880 [main] INFO  ozone.HddsDatanodeService (HddsDatanodeService.java:start(184)) - HddsDatanodeService host:pr-hdds-2000-5mb45-3533150274 ip:192.168.36.77
2019-08-23 02:45:18,881 [Datanode State Machine Thread - 0] INFO  datanode.InitDatanodeState (InitDatanodeState.java:persistContainerDatanodeDetails(140)) - DatanodeDetails is persisted to /workdir/hadoop-ozone/integration-test/target/test-dir/MiniOzoneClusterImpl-2bd8e9d2-4d45-4779-a9d5-84448e8fa7d9/datanode-1/meta/datanode.id
2019-08-23 02:45:18,892 [main] INFO  volume.HddsVolume (HddsVolume.java:<init>(176)) - Creating Volume: /workdir/hadoop-ozone/integration-test/target/test-dir/MiniOzoneClusterImpl-2bd8e9d2-4d45-4779-a9d5-84448e8fa7d9/datanode-2/data/containers/hdds of  storage type : DISK and capacity : 1482555576320
2019-08-23 02:45:18,892 [main] INFO  volume.VolumeSet (VolumeSet.java:initializeVolumeSet(170)) - Added Volume : /workdir/hadoop-ozone/integration-test/target/test-dir/MiniOzoneClusterImpl-2bd8e9d2-4d45-4779-a9d5-84448e8fa7d9/datanode-2/data/containers/hdds to VolumeSet
2019-08-23 02:45:18,892 [main] INFO  volume.ThrottledAsyncChecker (ThrottledAsyncChecker.java:schedule(140)) - Scheduling a check for org.apache.hadoop.ozone.container.common.volume.HddsVolume@13ea4f97
2019-08-23 02:45:18,892 [main] INFO  volume.HddsVolumeChecker (HddsVolumeChecker.java:checkAllVolumes(203)) - Scheduled health check for volume org.apache.hadoop.ozone.container.common.volume.HddsVolume@13ea4f97
2019-08-23 02:45:18,908 [main] INFO  impl.RaftServerProxy (ConfUtils.java:logGet(43)) - raft.rpc.type = GRPC (default)
2019-08-23 02:45:18,908 [main] INFO  grpc.GrpcFactory (GrpcFactory.java:checkPooledByteBufAllocatorUseCacheForAllThreads(45)) - PERFORMANCE WARNING: useCacheForAllThreads is true that may cause Netty to create a lot garbage objects and, as a result, trigger GC.
	It is recommended to disable useCacheForAllThreads by setting -Dorg.apache.ratis.thirdparty.io.netty.allocator.useCacheForAllThreads=false in command line.
2019-08-23 02:45:18,908 [main] INFO  grpc.GrpcConfigKeys$Server (ConfUtils.java:logGet(43)) - raft.grpc.server.port = 0 (default)
2019-08-23 02:45:18,909 [main] INFO  server.GrpcService (ConfUtils.java:logGet(43)) - raft.grpc.message.size.max = 33570816 (custom)
2019-08-23 02:45:18,909 [main] INFO  server.RaftServerConfigKeys (ConfUtils.java:logGet(43)) - raft.server.log.appender.buffer.byte-limit = 33554432 (custom)
2019-08-23 02:45:18,909 [main] INFO  server.GrpcService (ConfUtils.java:logGet(43)) - raft.grpc.flow.control.window = 1MB (=1048576) (default)
2019-08-23 02:45:18,909 [main] INFO  server.RaftServerConfigKeys (ConfUtils.java:logGet(43)) - raft.server.rpc.request.timeout = 3000ms (default)
2019-08-23 02:45:18,910 [main] INFO  server.RaftServerConfigKeys (ConfUtils.java:logGet(43)) - raft.server.storage.dir = [/workdir/hadoop-ozone/integration-test/target/test-dir/MiniOzoneClusterImpl-2bd8e9d2-4d45-4779-a9d5-84448e8fa7d9/datanode-2/data/ratis] (custom)
2019-08-23 02:45:18,910 [main] INFO  replication.SimpleContainerDownloader (SimpleContainerDownloader.java:<init>(72)) - Starting container downloader service to copy containers to replicate.
2019-08-23 02:45:18,911 [main] INFO  hdfs.DFSUtil (DFSUtil.java:httpServerTemplateForNNAndJN(1641)) - Starting Web-server for hddsDatanode at: http://0.0.0.0:0
2019-08-23 02:45:18,912 [main] INFO  server.AuthenticationFilter (AuthenticationFilter.java:constructSecretProvider(240)) - Unable to initialize FileSignerSecretProvider, falling back to use random secrets.
2019-08-23 02:45:18,913 [main] WARN  http.HttpRequestLog (HttpRequestLog.java:getRequestLog(97)) - Jetty request log can only be enabled using Log4j
2019-08-23 02:45:18,914 [main] INFO  http.HttpServer2 (HttpServer2.java:addGlobalFilter(975)) - Added global filter 'safety' (class=org.apache.hadoop.http.HttpServer2$QuotingInputFilter)
2019-08-23 02:45:18,914 [main] INFO  http.HttpServer2 (HttpServer2.java:addFilter(948)) - Added filter static_user_filter (class=org.apache.hadoop.http.lib.StaticUserWebFilter$StaticUserFilter) to context hddsDatanode
2019-08-23 02:45:18,914 [main] INFO  http.HttpServer2 (HttpServer2.java:addFilter(958)) - Added filter static_user_filter (class=org.apache.hadoop.http.lib.StaticUserWebFilter$StaticUserFilter) to context logs
2019-08-23 02:45:18,914 [main] INFO  http.HttpServer2 (HttpServer2.java:addFilter(958)) - Added filter static_user_filter (class=org.apache.hadoop.http.lib.StaticUserWebFilter$StaticUserFilter) to context static
2019-08-23 02:45:18,915 [main] INFO  http.HttpServer2 (HttpServer2.java:bindListener(1191)) - Jetty bound to port 39336
2019-08-23 02:45:18,915 [main] INFO  server.Server (Server.java:doStart(351)) - jetty-9.3.24.v20180605, build timestamp: 2018-06-05T17:11:56Z, git hash: 84205aa28f11a4f31f2a3b86d1bba2cc8ab69827
2019-08-23 02:45:18,916 [main] INFO  handler.ContextHandler (ContextHandler.java:doStart(781)) - Started o.e.j.s.ServletContextHandler@790e6eae{/logs,file:///workdir/hadoop-ozone/integration-test/target/log,AVAILABLE}
2019-08-23 02:45:18,917 [main] INFO  handler.ContextHandler (ContextHandler.java:doStart(781)) - Started o.e.j.s.ServletContextHandler@7e762feb{/static,jar:file:/home/user/.m2/repository/org/apache/hadoop/hadoop-hdds-container-service/0.5.0-SNAPSHOT/hadoop-hdds-container-service-0.5.0-SNAPSHOT.jar!/webapps/static,AVAILABLE}
2019-08-23 02:45:18,944 [main] INFO  handler.ContextHandler (ContextHandler.java:doStart(781)) - Started o.e.j.w.WebAppContext@17e77d57{/,file:///tmp/jetty-0.0.0.0-39336-hddsDatanode-_-any-891808736380078721.dir/webapp/,AVAILABLE}{/hddsDatanode}
2019-08-23 02:45:18,944 [main] INFO  server.AbstractConnector (AbstractConnector.java:doStart(278)) - Started ServerConnector@1f9c9485{HTTP/1.1,[http/1.1]}{0.0.0.0:39336}
2019-08-23 02:45:18,946 [main] INFO  server.Server (Server.java:doStart(419)) - Started @730895ms
2019-08-23 02:45:18,946 [main] INFO  server.BaseHttpServer (BaseHttpServer.java:updateConnectorAddress(213)) - HTTP server of HDDSDATANODE is listening at http://0.0.0.0:39336
2019-08-23 02:45:19,050 | INFO  | ObjectStoreRestHttpServer | Listening HDDS REST traffic on /0.0.0.0:42998 |  
2019-08-23 02:45:19,050 [main] INFO  ozone.HddsDatanodeService (HddsDatanodeService.java:startPlugins(395)) - Started plug-in org.apache.hadoop.ozone.web.OzoneHddsDatanodeService@59a6a709
2019-08-23 02:45:19,051 [main] INFO  impl.MetricsSystemImpl (MetricsSystemImpl.java:init(158)) - HddsDatanode metrics system started (again)
2019-08-23 02:45:19,053 [org.apache.hadoop.util.JvmPauseMonitor$Monitor@41dd8822] INFO  util.JvmPauseMonitor (JvmPauseMonitor.java:run(188)) - Starting JVM pause monitor
2019-08-23 02:45:19,053 [main] INFO  ozone.HddsDatanodeService (HddsDatanodeService.java:start(184)) - HddsDatanodeService host:pr-hdds-2000-5mb45-3533150274 ip:192.168.36.77
2019-08-23 02:45:19,054 [Datanode State Machine Thread - 0] INFO  datanode.InitDatanodeState (InitDatanodeState.java:persistContainerDatanodeDetails(140)) - DatanodeDetails is persisted to /workdir/hadoop-ozone/integration-test/target/test-dir/MiniOzoneClusterImpl-2bd8e9d2-4d45-4779-a9d5-84448e8fa7d9/datanode-2/meta/datanode.id
2019-08-23 02:45:19,064 [main] INFO  volume.HddsVolume (HddsVolume.java:<init>(176)) - Creating Volume: /workdir/hadoop-ozone/integration-test/target/test-dir/MiniOzoneClusterImpl-2bd8e9d2-4d45-4779-a9d5-84448e8fa7d9/datanode-3/data/containers/hdds of  storage type : DISK and capacity : 1482555576320
2019-08-23 02:45:19,065 [main] INFO  volume.VolumeSet (VolumeSet.java:initializeVolumeSet(170)) - Added Volume : /workdir/hadoop-ozone/integration-test/target/test-dir/MiniOzoneClusterImpl-2bd8e9d2-4d45-4779-a9d5-84448e8fa7d9/datanode-3/data/containers/hdds to VolumeSet
2019-08-23 02:45:19,065 [main] INFO  volume.ThrottledAsyncChecker (ThrottledAsyncChecker.java:schedule(140)) - Scheduling a check for org.apache.hadoop.ozone.container.common.volume.HddsVolume@50db0b17
2019-08-23 02:45:19,065 [main] INFO  volume.HddsVolumeChecker (HddsVolumeChecker.java:checkAllVolumes(203)) - Scheduled health check for volume org.apache.hadoop.ozone.container.common.volume.HddsVolume@50db0b17
2019-08-23 02:45:19,080 [main] INFO  impl.RaftServerProxy (ConfUtils.java:logGet(43)) - raft.rpc.type = GRPC (default)
2019-08-23 02:45:19,081 [main] INFO  grpc.GrpcFactory (GrpcFactory.java:checkPooledByteBufAllocatorUseCacheForAllThreads(45)) - PERFORMANCE WARNING: useCacheForAllThreads is true that may cause Netty to create a lot garbage objects and, as a result, trigger GC.
	It is recommended to disable useCacheForAllThreads by setting -Dorg.apache.ratis.thirdparty.io.netty.allocator.useCacheForAllThreads=false in command line.
2019-08-23 02:45:19,081 [main] INFO  grpc.GrpcConfigKeys$Server (ConfUtils.java:logGet(43)) - raft.grpc.server.port = 0 (default)
2019-08-23 02:45:19,081 [main] INFO  server.GrpcService (ConfUtils.java:logGet(43)) - raft.grpc.message.size.max = 33570816 (custom)
2019-08-23 02:45:19,081 [main] INFO  server.RaftServerConfigKeys (ConfUtils.java:logGet(43)) - raft.server.log.appender.buffer.byte-limit = 33554432 (custom)
2019-08-23 02:45:19,081 [main] INFO  server.GrpcService (ConfUtils.java:logGet(43)) - raft.grpc.flow.control.window = 1MB (=1048576) (default)
2019-08-23 02:45:19,081 [main] INFO  server.RaftServerConfigKeys (ConfUtils.java:logGet(43)) - raft.server.rpc.request.timeout = 3000ms (default)
2019-08-23 02:45:19,082 [main] INFO  server.RaftServerConfigKeys (ConfUtils.java:logGet(43)) - raft.server.storage.dir = [/workdir/hadoop-ozone/integration-test/target/test-dir/MiniOzoneClusterImpl-2bd8e9d2-4d45-4779-a9d5-84448e8fa7d9/datanode-3/data/ratis] (custom)
2019-08-23 02:45:19,082 [main] INFO  replication.SimpleContainerDownloader (SimpleContainerDownloader.java:<init>(72)) - Starting container downloader service to copy containers to replicate.
2019-08-23 02:45:19,083 [main] INFO  hdfs.DFSUtil (DFSUtil.java:httpServerTemplateForNNAndJN(1641)) - Starting Web-server for hddsDatanode at: http://0.0.0.0:0
2019-08-23 02:45:19,084 [main] INFO  server.AuthenticationFilter (AuthenticationFilter.java:constructSecretProvider(240)) - Unable to initialize FileSignerSecretProvider, falling back to use random secrets.
2019-08-23 02:45:19,085 [main] WARN  http.HttpRequestLog (HttpRequestLog.java:getRequestLog(97)) - Jetty request log can only be enabled using Log4j
2019-08-23 02:45:19,086 [main] INFO  http.HttpServer2 (HttpServer2.java:addGlobalFilter(975)) - Added global filter 'safety' (class=org.apache.hadoop.http.HttpServer2$QuotingInputFilter)
2019-08-23 02:45:19,086 [main] INFO  http.HttpServer2 (HttpServer2.java:addFilter(948)) - Added filter static_user_filter (class=org.apache.hadoop.http.lib.StaticUserWebFilter$StaticUserFilter) to context hddsDatanode
2019-08-23 02:45:19,087 [main] INFO  http.HttpServer2 (HttpServer2.java:addFilter(958)) - Added filter static_user_filter (class=org.apache.hadoop.http.lib.StaticUserWebFilter$StaticUserFilter) to context logs
2019-08-23 02:45:19,087 [main] INFO  http.HttpServer2 (HttpServer2.java:addFilter(958)) - Added filter static_user_filter (class=org.apache.hadoop.http.lib.StaticUserWebFilter$StaticUserFilter) to context static
2019-08-23 02:45:19,087 [main] INFO  http.HttpServer2 (HttpServer2.java:bindListener(1191)) - Jetty bound to port 40677
2019-08-23 02:45:19,087 [main] INFO  server.Server (Server.java:doStart(351)) - jetty-9.3.24.v20180605, build timestamp: 2018-06-05T17:11:56Z, git hash: 84205aa28f11a4f31f2a3b86d1bba2cc8ab69827
2019-08-23 02:45:19,089 [main] INFO  handler.ContextHandler (ContextHandler.java:doStart(781)) - Started o.e.j.s.ServletContextHandler@3c10ba31{/logs,file:///workdir/hadoop-ozone/integration-test/target/log,AVAILABLE}
2019-08-23 02:45:19,089 [main] INFO  handler.ContextHandler (ContextHandler.java:doStart(781)) - Started o.e.j.s.ServletContextHandler@32200389{/static,jar:file:/home/user/.m2/repository/org/apache/hadoop/hadoop-hdds-container-service/0.5.0-SNAPSHOT/hadoop-hdds-container-service-0.5.0-SNAPSHOT.jar!/webapps/static,AVAILABLE}
2019-08-23 02:45:19,116 [main] INFO  handler.ContextHandler (ContextHandler.java:doStart(781)) - Started o.e.j.w.WebAppContext@5253aa21{/,file:///tmp/jetty-0.0.0.0-40677-hddsDatanode-_-any-278690230366802638.dir/webapp/,AVAILABLE}{/hddsDatanode}
2019-08-23 02:45:19,117 [main] INFO  server.AbstractConnector (AbstractConnector.java:doStart(278)) - Started ServerConnector@619cdd5e{HTTP/1.1,[http/1.1]}{0.0.0.0:40677}
2019-08-23 02:45:19,118 [main] INFO  server.Server (Server.java:doStart(419)) - Started @731067ms
2019-08-23 02:45:19,119 [main] INFO  server.BaseHttpServer (BaseHttpServer.java:updateConnectorAddress(213)) - HTTP server of HDDSDATANODE is listening at http://0.0.0.0:40677
2019-08-23 02:45:19,276 | INFO  | ObjectStoreRestHttpServer | Listening HDDS REST traffic on /0.0.0.0:43594 |  
2019-08-23 02:45:19,276 [main] INFO  ozone.HddsDatanodeService (HddsDatanodeService.java:startPlugins(395)) - Started plug-in org.apache.hadoop.ozone.web.OzoneHddsDatanodeService@5c1a728
2019-08-23 02:45:19,277 [main] INFO  impl.MetricsSystemImpl (MetricsSystemImpl.java:init(158)) - HddsDatanode metrics system started (again)
2019-08-23 02:45:19,281 [org.apache.hadoop.util.JvmPauseMonitor$Monitor@68b177a6] INFO  util.JvmPauseMonitor (JvmPauseMonitor.java:run(188)) - Starting JVM pause monitor
2019-08-23 02:45:19,282 [main] INFO  ozone.HddsDatanodeService (HddsDatanodeService.java:start(184)) - HddsDatanodeService host:pr-hdds-2000-5mb45-3533150274 ip:192.168.36.77
2019-08-23 02:45:19,283 [Datanode State Machine Thread - 0] INFO  datanode.InitDatanodeState (InitDatanodeState.java:persistContainerDatanodeDetails(140)) - DatanodeDetails is persisted to /workdir/hadoop-ozone/integration-test/target/test-dir/MiniOzoneClusterImpl-2bd8e9d2-4d45-4779-a9d5-84448e8fa7d9/datanode-3/meta/datanode.id
2019-08-23 02:45:19,296 [main] INFO  volume.HddsVolume (HddsVolume.java:<init>(176)) - Creating Volume: /workdir/hadoop-ozone/integration-test/target/test-dir/MiniOzoneClusterImpl-2bd8e9d2-4d45-4779-a9d5-84448e8fa7d9/datanode-4/data/containers/hdds of  storage type : DISK and capacity : 1482555576320
2019-08-23 02:45:19,297 [main] INFO  volume.VolumeSet (VolumeSet.java:initializeVolumeSet(170)) - Added Volume : /workdir/hadoop-ozone/integration-test/target/test-dir/MiniOzoneClusterImpl-2bd8e9d2-4d45-4779-a9d5-84448e8fa7d9/datanode-4/data/containers/hdds to VolumeSet
2019-08-23 02:45:19,297 [main] INFO  volume.ThrottledAsyncChecker (ThrottledAsyncChecker.java:schedule(140)) - Scheduling a check for org.apache.hadoop.ozone.container.common.volume.HddsVolume@38ffba03
2019-08-23 02:45:19,297 [main] INFO  volume.HddsVolumeChecker (HddsVolumeChecker.java:checkAllVolumes(203)) - Scheduled health check for volume org.apache.hadoop.ozone.container.common.volume.HddsVolume@38ffba03
2019-08-23 02:45:19,316 [main] INFO  impl.RaftServerProxy (ConfUtils.java:logGet(43)) - raft.rpc.type = GRPC (default)
2019-08-23 02:45:19,316 [main] INFO  grpc.GrpcFactory (GrpcFactory.java:checkPooledByteBufAllocatorUseCacheForAllThreads(45)) - PERFORMANCE WARNING: useCacheForAllThreads is true that may cause Netty to create a lot garbage objects and, as a result, trigger GC.
	It is recommended to disable useCacheForAllThreads by setting -Dorg.apache.ratis.thirdparty.io.netty.allocator.useCacheForAllThreads=false in command line.
2019-08-23 02:45:19,317 [main] INFO  grpc.GrpcConfigKeys$Server (ConfUtils.java:logGet(43)) - raft.grpc.server.port = 0 (default)
2019-08-23 02:45:19,317 [main] INFO  server.GrpcService (ConfUtils.java:logGet(43)) - raft.grpc.message.size.max = 33570816 (custom)
2019-08-23 02:45:19,317 [main] INFO  server.RaftServerConfigKeys (ConfUtils.java:logGet(43)) - raft.server.log.appender.buffer.byte-limit = 33554432 (custom)
2019-08-23 02:45:19,317 [main] INFO  server.GrpcService (ConfUtils.java:logGet(43)) - raft.grpc.flow.control.window = 1MB (=1048576) (default)
2019-08-23 02:45:19,318 [main] INFO  server.RaftServerConfigKeys (ConfUtils.java:logGet(43)) - raft.server.rpc.request.timeout = 3000ms (default)
2019-08-23 02:45:19,318 [main] INFO  server.RaftServerConfigKeys (ConfUtils.java:logGet(43)) - raft.server.storage.dir = [/workdir/hadoop-ozone/integration-test/target/test-dir/MiniOzoneClusterImpl-2bd8e9d2-4d45-4779-a9d5-84448e8fa7d9/datanode-4/data/ratis] (custom)
2019-08-23 02:45:19,318 [main] INFO  replication.SimpleContainerDownloader (SimpleContainerDownloader.java:<init>(72)) - Starting container downloader service to copy containers to replicate.
2019-08-23 02:45:19,319 [main] INFO  hdfs.DFSUtil (DFSUtil.java:httpServerTemplateForNNAndJN(1641)) - Starting Web-server for hddsDatanode at: http://0.0.0.0:0
2019-08-23 02:45:19,321 [main] INFO  server.AuthenticationFilter (AuthenticationFilter.java:constructSecretProvider(240)) - Unable to initialize FileSignerSecretProvider, falling back to use random secrets.
2019-08-23 02:45:19,321 [main] WARN  http.HttpRequestLog (HttpRequestLog.java:getRequestLog(97)) - Jetty request log can only be enabled using Log4j
2019-08-23 02:45:19,322 [main] INFO  http.HttpServer2 (HttpServer2.java:addGlobalFilter(975)) - Added global filter 'safety' (class=org.apache.hadoop.http.HttpServer2$QuotingInputFilter)
2019-08-23 02:45:19,323 [main] INFO  http.HttpServer2 (HttpServer2.java:addFilter(948)) - Added filter static_user_filter (class=org.apache.hadoop.http.lib.StaticUserWebFilter$StaticUserFilter) to context hddsDatanode
2019-08-23 02:45:19,323 [main] INFO  http.HttpServer2 (HttpServer2.java:addFilter(958)) - Added filter static_user_filter (class=org.apache.hadoop.http.lib.StaticUserWebFilter$StaticUserFilter) to context static
2019-08-23 02:45:19,323 [main] INFO  http.HttpServer2 (HttpServer2.java:addFilter(958)) - Added filter static_user_filter (class=org.apache.hadoop.http.lib.StaticUserWebFilter$StaticUserFilter) to context logs
2019-08-23 02:45:19,324 [main] INFO  http.HttpServer2 (HttpServer2.java:bindListener(1191)) - Jetty bound to port 33926
2019-08-23 02:45:19,324 [main] INFO  server.Server (Server.java:doStart(351)) - jetty-9.3.24.v20180605, build timestamp: 2018-06-05T17:11:56Z, git hash: 84205aa28f11a4f31f2a3b86d1bba2cc8ab69827
2019-08-23 02:45:19,325 [main] INFO  handler.ContextHandler (ContextHandler.java:doStart(781)) - Started o.e.j.s.ServletContextHandler@10762309{/logs,file:///workdir/hadoop-ozone/integration-test/target/log,AVAILABLE}
2019-08-23 02:45:19,326 [main] INFO  handler.ContextHandler (ContextHandler.java:doStart(781)) - Started o.e.j.s.ServletContextHandler@9dc9aa4{/static,jar:file:/home/user/.m2/repository/org/apache/hadoop/hadoop-hdds-container-service/0.5.0-SNAPSHOT/hadoop-hdds-container-service-0.5.0-SNAPSHOT.jar!/webapps/static,AVAILABLE}
2019-08-23 02:45:19,352 [main] INFO  handler.ContextHandler (ContextHandler.java:doStart(781)) - Started o.e.j.w.WebAppContext@7548d0d{/,file:///tmp/jetty-0.0.0.0-33926-hddsDatanode-_-any-5948916507609963211.dir/webapp/,AVAILABLE}{/hddsDatanode}
2019-08-23 02:45:19,353 [main] INFO  server.AbstractConnector (AbstractConnector.java:doStart(278)) - Started ServerConnector@393489c3{HTTP/1.1,[http/1.1]}{0.0.0.0:33926}
2019-08-23 02:45:19,355 [main] INFO  server.Server (Server.java:doStart(419)) - Started @731304ms
2019-08-23 02:45:19,355 [main] INFO  server.BaseHttpServer (BaseHttpServer.java:updateConnectorAddress(213)) - HTTP server of HDDSDATANODE is listening at http://0.0.0.0:33926
2019-08-23 02:45:19,495 | INFO  | ObjectStoreRestHttpServer | Listening HDDS REST traffic on /0.0.0.0:43809 |  
2019-08-23 02:45:19,495 [main] INFO  ozone.HddsDatanodeService (HddsDatanodeService.java:startPlugins(395)) - Started plug-in org.apache.hadoop.ozone.web.OzoneHddsDatanodeService@4b847324
2019-08-23 02:45:19,496 [main] INFO  impl.MetricsSystemImpl (MetricsSystemImpl.java:init(158)) - HddsDatanode metrics system started (again)
2019-08-23 02:45:19,500 [org.apache.hadoop.util.JvmPauseMonitor$Monitor@34e6454d] INFO  util.JvmPauseMonitor (JvmPauseMonitor.java:run(188)) - Starting JVM pause monitor
2019-08-23 02:45:19,500 [main] INFO  ozone.HddsDatanodeService (HddsDatanodeService.java:start(184)) - HddsDatanodeService host:pr-hdds-2000-5mb45-3533150274 ip:192.168.36.77
2019-08-23 02:45:19,501 [Datanode State Machine Thread - 0] INFO  datanode.InitDatanodeState (InitDatanodeState.java:persistContainerDatanodeDetails(140)) - DatanodeDetails is persisted to /workdir/hadoop-ozone/integration-test/target/test-dir/MiniOzoneClusterImpl-2bd8e9d2-4d45-4779-a9d5-84448e8fa7d9/datanode-4/meta/datanode.id
2019-08-23 02:45:19,515 [main] INFO  volume.HddsVolume (HddsVolume.java:<init>(176)) - Creating Volume: /workdir/hadoop-ozone/integration-test/target/test-dir/MiniOzoneClusterImpl-2bd8e9d2-4d45-4779-a9d5-84448e8fa7d9/datanode-5/data/containers/hdds of  storage type : DISK and capacity : 1482555576320
2019-08-23 02:45:19,515 [main] INFO  volume.VolumeSet (VolumeSet.java:initializeVolumeSet(170)) - Added Volume : /workdir/hadoop-ozone/integration-test/target/test-dir/MiniOzoneClusterImpl-2bd8e9d2-4d45-4779-a9d5-84448e8fa7d9/datanode-5/data/containers/hdds to VolumeSet
2019-08-23 02:45:19,515 [main] INFO  volume.ThrottledAsyncChecker (ThrottledAsyncChecker.java:schedule(140)) - Scheduling a check for org.apache.hadoop.ozone.container.common.volume.HddsVolume@69fbc5f
2019-08-23 02:45:19,516 [main] INFO  volume.HddsVolumeChecker (HddsVolumeChecker.java:checkAllVolumes(203)) - Scheduled health check for volume org.apache.hadoop.ozone.container.common.volume.HddsVolume@69fbc5f
2019-08-23 02:45:19,533 [main] INFO  impl.RaftServerProxy (ConfUtils.java:logGet(43)) - raft.rpc.type = GRPC (default)
2019-08-23 02:45:19,533 [main] INFO  grpc.GrpcFactory (GrpcFactory.java:checkPooledByteBufAllocatorUseCacheForAllThreads(45)) - PERFORMANCE WARNING: useCacheForAllThreads is true that may cause Netty to create a lot garbage objects and, as a result, trigger GC.
	It is recommended to disable useCacheForAllThreads by setting -Dorg.apache.ratis.thirdparty.io.netty.allocator.useCacheForAllThreads=false in command line.
2019-08-23 02:45:19,533 [main] INFO  grpc.GrpcConfigKeys$Server (ConfUtils.java:logGet(43)) - raft.grpc.server.port = 0 (default)
2019-08-23 02:45:19,533 [main] INFO  server.GrpcService (ConfUtils.java:logGet(43)) - raft.grpc.message.size.max = 33570816 (custom)
2019-08-23 02:45:19,534 [main] INFO  server.RaftServerConfigKeys (ConfUtils.java:logGet(43)) - raft.server.log.appender.buffer.byte-limit = 33554432 (custom)
2019-08-23 02:45:19,534 [main] INFO  server.GrpcService (ConfUtils.java:logGet(43)) - raft.grpc.flow.control.window = 1MB (=1048576) (default)
2019-08-23 02:45:19,534 [main] INFO  server.RaftServerConfigKeys (ConfUtils.java:logGet(43)) - raft.server.rpc.request.timeout = 3000ms (default)
2019-08-23 02:45:19,534 [main] INFO  server.RaftServerConfigKeys (ConfUtils.java:logGet(43)) - raft.server.storage.dir = [/workdir/hadoop-ozone/integration-test/target/test-dir/MiniOzoneClusterImpl-2bd8e9d2-4d45-4779-a9d5-84448e8fa7d9/datanode-5/data/ratis] (custom)
2019-08-23 02:45:19,535 [main] INFO  replication.SimpleContainerDownloader (SimpleContainerDownloader.java:<init>(72)) - Starting container downloader service to copy containers to replicate.
2019-08-23 02:45:19,536 [main] INFO  hdfs.DFSUtil (DFSUtil.java:httpServerTemplateForNNAndJN(1641)) - Starting Web-server for hddsDatanode at: http://0.0.0.0:0
2019-08-23 02:45:19,537 [main] INFO  server.AuthenticationFilter (AuthenticationFilter.java:constructSecretProvider(240)) - Unable to initialize FileSignerSecretProvider, falling back to use random secrets.
2019-08-23 02:45:19,537 [main] WARN  http.HttpRequestLog (HttpRequestLog.java:getRequestLog(97)) - Jetty request log can only be enabled using Log4j
2019-08-23 02:45:19,538 [main] INFO  http.HttpServer2 (HttpServer2.java:addGlobalFilter(975)) - Added global filter 'safety' (class=org.apache.hadoop.http.HttpServer2$QuotingInputFilter)
2019-08-23 02:45:19,538 [main] INFO  http.HttpServer2 (HttpServer2.java:addFilter(948)) - Added filter static_user_filter (class=org.apache.hadoop.http.lib.StaticUserWebFilter$StaticUserFilter) to context hddsDatanode
2019-08-23 02:45:19,539 [main] INFO  http.HttpServer2 (HttpServer2.java:addFilter(958)) - Added filter static_user_filter (class=org.apache.hadoop.http.lib.StaticUserWebFilter$StaticUserFilter) to context static
2019-08-23 02:45:19,539 [main] INFO  http.HttpServer2 (HttpServer2.java:addFilter(958)) - Added filter static_user_filter (class=org.apache.hadoop.http.lib.StaticUserWebFilter$StaticUserFilter) to context logs
2019-08-23 02:45:19,539 [main] INFO  http.HttpServer2 (HttpServer2.java:bindListener(1191)) - Jetty bound to port 36205
2019-08-23 02:45:19,539 [main] INFO  server.Server (Server.java:doStart(351)) - jetty-9.3.24.v20180605, build timestamp: 2018-06-05T17:11:56Z, git hash: 84205aa28f11a4f31f2a3b86d1bba2cc8ab69827
2019-08-23 02:45:19,541 [main] INFO  handler.ContextHandler (ContextHandler.java:doStart(781)) - Started o.e.j.s.ServletContextHandler@1d4d1621{/logs,file:///workdir/hadoop-ozone/integration-test/target/log,AVAILABLE}
2019-08-23 02:45:19,541 [main] INFO  handler.ContextHandler (ContextHandler.java:doStart(781)) - Started o.e.j.s.ServletContextHandler@646e17b9{/static,jar:file:/home/user/.m2/repository/org/apache/hadoop/hadoop-hdds-container-service/0.5.0-SNAPSHOT/hadoop-hdds-container-service-0.5.0-SNAPSHOT.jar!/webapps/static,AVAILABLE}
2019-08-23 02:45:19,570 [main] INFO  handler.ContextHandler (ContextHandler.java:doStart(781)) - Started o.e.j.w.WebAppContext@6cce1f60{/,file:///tmp/jetty-0.0.0.0-36205-hddsDatanode-_-any-8713744158054743969.dir/webapp/,AVAILABLE}{/hddsDatanode}
2019-08-23 02:45:19,570 [main] INFO  server.AbstractConnector (AbstractConnector.java:doStart(278)) - Started ServerConnector@1ca3d997{HTTP/1.1,[http/1.1]}{0.0.0.0:36205}
2019-08-23 02:45:19,572 [main] INFO  server.Server (Server.java:doStart(419)) - Started @731521ms
2019-08-23 02:45:19,573 [main] INFO  server.BaseHttpServer (BaseHttpServer.java:updateConnectorAddress(213)) - HTTP server of HDDSDATANODE is listening at http://0.0.0.0:36205
2019-08-23 02:45:20,022 | INFO  | ObjectStoreRestHttpServer | Listening HDDS REST traffic on /0.0.0.0:45352 |  
2019-08-23 02:45:20,022 [main] INFO  ozone.HddsDatanodeService (HddsDatanodeService.java:startPlugins(395)) - Started plug-in org.apache.hadoop.ozone.web.OzoneHddsDatanodeService@53b52f30
2019-08-23 02:45:20,023 [main] INFO  impl.MetricsSystemImpl (MetricsSystemImpl.java:init(158)) - HddsDatanode metrics system started (again)
2019-08-23 02:45:20,028 [org.apache.hadoop.util.JvmPauseMonitor$Monitor@29a73d7a] INFO  util.JvmPauseMonitor (JvmPauseMonitor.java:run(188)) - Starting JVM pause monitor
2019-08-23 02:45:20,029 [main] INFO  ozone.HddsDatanodeService (HddsDatanodeService.java:start(184)) - HddsDatanodeService host:pr-hdds-2000-5mb45-3533150274 ip:192.168.36.77
2019-08-23 02:45:20,030 [Datanode State Machine Thread - 0] INFO  datanode.InitDatanodeState (InitDatanodeState.java:persistContainerDatanodeDetails(140)) - DatanodeDetails is persisted to /workdir/hadoop-ozone/integration-test/target/test-dir/MiniOzoneClusterImpl-2bd8e9d2-4d45-4779-a9d5-84448e8fa7d9/datanode-5/meta/datanode.id
2019-08-23 02:45:20,040 [main] INFO  volume.HddsVolume (HddsVolume.java:<init>(176)) - Creating Volume: /workdir/hadoop-ozone/integration-test/target/test-dir/MiniOzoneClusterImpl-2bd8e9d2-4d45-4779-a9d5-84448e8fa7d9/datanode-6/data/containers/hdds of  storage type : DISK and capacity : 1482555576320
2019-08-23 02:45:20,040 [main] INFO  volume.VolumeSet (VolumeSet.java:initializeVolumeSet(170)) - Added Volume : /workdir/hadoop-ozone/integration-test/target/test-dir/MiniOzoneClusterImpl-2bd8e9d2-4d45-4779-a9d5-84448e8fa7d9/datanode-6/data/containers/hdds to VolumeSet
2019-08-23 02:45:20,041 [main] INFO  volume.ThrottledAsyncChecker (ThrottledAsyncChecker.java:schedule(140)) - Scheduling a check for org.apache.hadoop.ozone.container.common.volume.HddsVolume@68d07b48
2019-08-23 02:45:20,041 [main] INFO  volume.HddsVolumeChecker (HddsVolumeChecker.java:checkAllVolumes(203)) - Scheduled health check for volume org.apache.hadoop.ozone.container.common.volume.HddsVolume@68d07b48
2019-08-23 02:45:20,060 [main] INFO  impl.RaftServerProxy (ConfUtils.java:logGet(43)) - raft.rpc.type = GRPC (default)
2019-08-23 02:45:20,060 [main] INFO  grpc.GrpcFactory (GrpcFactory.java:checkPooledByteBufAllocatorUseCacheForAllThreads(45)) - PERFORMANCE WARNING: useCacheForAllThreads is true that may cause Netty to create a lot garbage objects and, as a result, trigger GC.
	It is recommended to disable useCacheForAllThreads by setting -Dorg.apache.ratis.thirdparty.io.netty.allocator.useCacheForAllThreads=false in command line.
2019-08-23 02:45:20,060 [main] INFO  grpc.GrpcConfigKeys$Server (ConfUtils.java:logGet(43)) - raft.grpc.server.port = 0 (default)
2019-08-23 02:45:20,060 [main] INFO  server.GrpcService (ConfUtils.java:logGet(43)) - raft.grpc.message.size.max = 33570816 (custom)
2019-08-23 02:45:20,061 [main] INFO  server.RaftServerConfigKeys (ConfUtils.java:logGet(43)) - raft.server.log.appender.buffer.byte-limit = 33554432 (custom)
2019-08-23 02:45:20,061 [main] INFO  server.GrpcService (ConfUtils.java:logGet(43)) - raft.grpc.flow.control.window = 1MB (=1048576) (default)
2019-08-23 02:45:20,061 [main] INFO  server.RaftServerConfigKeys (ConfUtils.java:logGet(43)) - raft.server.rpc.request.timeout = 3000ms (default)
2019-08-23 02:45:20,062 [main] INFO  server.RaftServerConfigKeys (ConfUtils.java:logGet(43)) - raft.server.storage.dir = [/workdir/hadoop-ozone/integration-test/target/test-dir/MiniOzoneClusterImpl-2bd8e9d2-4d45-4779-a9d5-84448e8fa7d9/datanode-6/data/ratis] (custom)
2019-08-23 02:45:20,062 [main] INFO  replication.SimpleContainerDownloader (SimpleContainerDownloader.java:<init>(72)) - Starting container downloader service to copy containers to replicate.
2019-08-23 02:45:20,063 [main] INFO  hdfs.DFSUtil (DFSUtil.java:httpServerTemplateForNNAndJN(1641)) - Starting Web-server for hddsDatanode at: http://0.0.0.0:0
2019-08-23 02:45:20,064 [main] INFO  server.AuthenticationFilter (AuthenticationFilter.java:constructSecretProvider(240)) - Unable to initialize FileSignerSecretProvider, falling back to use random secrets.
2019-08-23 02:45:20,064 [main] WARN  http.HttpRequestLog (HttpRequestLog.java:getRequestLog(97)) - Jetty request log can only be enabled using Log4j
2019-08-23 02:45:20,065 [main] INFO  http.HttpServer2 (HttpServer2.java:addGlobalFilter(975)) - Added global filter 'safety' (class=org.apache.hadoop.http.HttpServer2$QuotingInputFilter)
2019-08-23 02:45:20,066 [main] INFO  http.HttpServer2 (HttpServer2.java:addFilter(948)) - Added filter static_user_filter (class=org.apache.hadoop.http.lib.StaticUserWebFilter$StaticUserFilter) to context hddsDatanode
2019-08-23 02:45:20,066 [main] INFO  http.HttpServer2 (HttpServer2.java:addFilter(958)) - Added filter static_user_filter (class=org.apache.hadoop.http.lib.StaticUserWebFilter$StaticUserFilter) to context static
2019-08-23 02:45:20,066 [main] INFO  http.HttpServer2 (HttpServer2.java:addFilter(958)) - Added filter static_user_filter (class=org.apache.hadoop.http.lib.StaticUserWebFilter$StaticUserFilter) to context logs
2019-08-23 02:45:20,067 [main] INFO  http.HttpServer2 (HttpServer2.java:bindListener(1191)) - Jetty bound to port 38514
2019-08-23 02:45:20,067 [main] INFO  server.Server (Server.java:doStart(351)) - jetty-9.3.24.v20180605, build timestamp: 2018-06-05T17:11:56Z, git hash: 84205aa28f11a4f31f2a3b86d1bba2cc8ab69827
2019-08-23 02:45:20,068 [main] INFO  handler.ContextHandler (ContextHandler.java:doStart(781)) - Started o.e.j.s.ServletContextHandler@1c175d38{/logs,file:///workdir/hadoop-ozone/integration-test/target/log,AVAILABLE}
2019-08-23 02:45:20,069 [main] INFO  handler.ContextHandler (ContextHandler.java:doStart(781)) - Started o.e.j.s.ServletContextHandler@1d691240{/static,jar:file:/home/user/.m2/repository/org/apache/hadoop/hadoop-hdds-container-service/0.5.0-SNAPSHOT/hadoop-hdds-container-service-0.5.0-SNAPSHOT.jar!/webapps/static,AVAILABLE}
2019-08-23 02:45:20,098 [main] INFO  handler.ContextHandler (ContextHandler.java:doStart(781)) - Started o.e.j.w.WebAppContext@1310b98a{/,file:///tmp/jetty-0.0.0.0-38514-hddsDatanode-_-any-5996302782970666803.dir/webapp/,AVAILABLE}{/hddsDatanode}
2019-08-23 02:45:20,098 [main] INFO  server.AbstractConnector (AbstractConnector.java:doStart(278)) - Started ServerConnector@7abdfd36{HTTP/1.1,[http/1.1]}{0.0.0.0:38514}
2019-08-23 02:45:20,100 [main] INFO  server.Server (Server.java:doStart(419)) - Started @732049ms
2019-08-23 02:45:20,101 [main] INFO  server.BaseHttpServer (BaseHttpServer.java:updateConnectorAddress(213)) - HTTP server of HDDSDATANODE is listening at http://0.0.0.0:38514
2019-08-23 02:45:20,217 | INFO  | ObjectStoreRestHttpServer | Listening HDDS REST traffic on /0.0.0.0:40499 |  
2019-08-23 02:45:20,217 [main] INFO  ozone.HddsDatanodeService (HddsDatanodeService.java:startPlugins(395)) - Started plug-in org.apache.hadoop.ozone.web.OzoneHddsDatanodeService@385dae6a
2019-08-23 02:45:20,217 [main] INFO  ozone.MiniOzoneClusterImpl (MiniOzoneClusterImpl.java:lambda$waitForClusterToBeReady$0(142)) - Waiting for cluster to be ready. Got 0 of 7 DN Heartbeats.
2019-08-23 02:45:20,219 [org.apache.hadoop.util.JvmPauseMonitor$Monitor@41046904] INFO  util.JvmPauseMonitor (JvmPauseMonitor.java:run(188)) - Starting JVM pause monitor
2019-08-23 02:45:20,221 [Datanode State Machine Thread - 0] INFO  datanode.InitDatanodeState (InitDatanodeState.java:persistContainerDatanodeDetails(140)) - DatanodeDetails is persisted to /workdir/hadoop-ozone/integration-test/target/test-dir/MiniOzoneClusterImpl-2bd8e9d2-4d45-4779-a9d5-84448e8fa7d9/datanode-6/meta/datanode.id
2019-08-23 02:45:20,699 | INFO  | SCMAudit | user=jenkins1000 | ip=192.168.36.77 | op=GET_VERSION null | ret=SUCCESS |  
2019-08-23 02:45:20,725 [Datanode State Machine Thread - 0] INFO  ozoneimpl.OzoneContainer (OzoneContainer.java:start(186)) - Attempting to start container services.
2019-08-23 02:45:20,725 [Datanode State Machine Thread - 0] INFO  ozoneimpl.OzoneContainer (OzoneContainer.java:startContainerScrub(160)) - Background container scrubber has been disabled by hdds.containerscrub.enabled
2019-08-23 02:45:20,725 [Datanode State Machine Thread - 0] INFO  ratis.XceiverServerRatis (XceiverServerRatis.java:start(404)) - Starting XceiverServerRatis 660dca87-d357-47a3-a223-4042f8796b14 at port 0
2019-08-23 02:45:20,731 [Datanode State Machine Thread - 0] INFO  impl.RaftServerProxy (RaftServerProxy.java:lambda$start$3(299)) - 660dca87-d357-47a3-a223-4042f8796b14: start RPC server
2019-08-23 02:45:20,733 [Datanode State Machine Thread - 0] INFO  server.GrpcService (GrpcService.java:startImpl(149)) - 660dca87-d357-47a3-a223-4042f8796b14: GrpcService started, listening on 0.0.0.0/0.0.0.0:45478
2019-08-23 02:45:20,733 [Datanode State Machine Thread - 0] INFO  ratis.XceiverServerRatis (XceiverServerRatis.java:start(414)) - XceiverServerRatis 660dca87-d357-47a3-a223-4042f8796b14 is started using port 45478
2019-08-23 02:45:20,735 [Datanode State Machine Thread - 0] INFO  server.XceiverServerGrpc (XceiverServerGrpc.java:start(161)) - XceiverServerGrpc 660dca87-d357-47a3-a223-4042f8796b14 is started using port 42252
2019-08-23 02:45:20,880 | INFO  | SCMAudit | user=jenkins1000 | ip=192.168.36.77 | op=GET_VERSION null | ret=SUCCESS |  
2019-08-23 02:45:20,902 [Datanode State Machine Thread - 0] INFO  ozoneimpl.OzoneContainer (OzoneContainer.java:start(186)) - Attempting to start container services.
2019-08-23 02:45:20,903 [Datanode State Machine Thread - 0] INFO  ozoneimpl.OzoneContainer (OzoneContainer.java:startContainerScrub(160)) - Background container scrubber has been disabled by hdds.containerscrub.enabled
2019-08-23 02:45:20,903 [Datanode State Machine Thread - 0] INFO  ratis.XceiverServerRatis (XceiverServerRatis.java:start(404)) - Starting XceiverServerRatis 3e108b50-707e-4267-a617-3ec28210b5c8 at port 0
2019-08-23 02:45:20,911 [Datanode State Machine Thread - 0] INFO  impl.RaftServerProxy (RaftServerProxy.java:lambda$start$3(299)) - 3e108b50-707e-4267-a617-3ec28210b5c8: start RPC server
2019-08-23 02:45:20,914 [Datanode State Machine Thread - 0] INFO  server.GrpcService (GrpcService.java:startImpl(149)) - 3e108b50-707e-4267-a617-3ec28210b5c8: GrpcService started, listening on 0.0.0.0/0.0.0.0:38906
2019-08-23 02:45:20,915 [Datanode State Machine Thread - 0] INFO  ratis.XceiverServerRatis (XceiverServerRatis.java:start(414)) - XceiverServerRatis 3e108b50-707e-4267-a617-3ec28210b5c8 is started using port 38906
2019-08-23 02:45:20,915 [Datanode State Machine Thread - 0] INFO  server.XceiverServerGrpc (XceiverServerGrpc.java:start(161)) - XceiverServerGrpc 3e108b50-707e-4267-a617-3ec28210b5c8 is started using port 33424
2019-08-23 02:45:21,053 | INFO  | SCMAudit | user=jenkins1000 | ip=192.168.36.77 | op=GET_VERSION null | ret=SUCCESS |  
2019-08-23 02:45:21,080 [Datanode State Machine Thread - 0] INFO  ozoneimpl.OzoneContainer (OzoneContainer.java:start(186)) - Attempting to start container services.
2019-08-23 02:45:21,081 [Datanode State Machine Thread - 0] INFO  ozoneimpl.OzoneContainer (OzoneContainer.java:startContainerScrub(160)) - Background container scrubber has been disabled by hdds.containerscrub.enabled
2019-08-23 02:45:21,081 [Datanode State Machine Thread - 0] INFO  ratis.XceiverServerRatis (XceiverServerRatis.java:start(404)) - Starting XceiverServerRatis b8acb2ee-97fa-480c-8afb-a3c2ac812661 at port 0
2019-08-23 02:45:21,087 [Datanode State Machine Thread - 0] INFO  impl.RaftServerProxy (RaftServerProxy.java:lambda$start$3(299)) - b8acb2ee-97fa-480c-8afb-a3c2ac812661: start RPC server
2019-08-23 02:45:21,088 [Datanode State Machine Thread - 0] INFO  server.GrpcService (GrpcService.java:startImpl(149)) - b8acb2ee-97fa-480c-8afb-a3c2ac812661: GrpcService started, listening on 0.0.0.0/0.0.0.0:33879
2019-08-23 02:45:21,088 [Datanode State Machine Thread - 0] INFO  ratis.XceiverServerRatis (XceiverServerRatis.java:start(414)) - XceiverServerRatis b8acb2ee-97fa-480c-8afb-a3c2ac812661 is started using port 33879
2019-08-23 02:45:21,088 [Datanode State Machine Thread - 0] INFO  server.XceiverServerGrpc (XceiverServerGrpc.java:start(161)) - XceiverServerGrpc b8acb2ee-97fa-480c-8afb-a3c2ac812661 is started using port 46314
2019-08-23 02:45:21,217 [main] INFO  ozone.MiniOzoneClusterImpl (MiniOzoneClusterImpl.java:lambda$waitForClusterToBeReady$0(142)) - Waiting for cluster to be ready. Got 0 of 7 DN Heartbeats.
2019-08-23 02:45:21,282 | INFO  | SCMAudit | user=jenkins1000 | ip=192.168.36.77 | op=GET_VERSION null | ret=SUCCESS |  
2019-08-23 02:45:21,313 [Datanode State Machine Thread - 0] INFO  ozoneimpl.OzoneContainer (OzoneContainer.java:start(186)) - Attempting to start container services.
2019-08-23 02:45:21,314 [Datanode State Machine Thread - 0] INFO  ozoneimpl.OzoneContainer (OzoneContainer.java:startContainerScrub(160)) - Background container scrubber has been disabled by hdds.containerscrub.enabled
2019-08-23 02:45:21,314 [Datanode State Machine Thread - 0] INFO  ratis.XceiverServerRatis (XceiverServerRatis.java:start(404)) - Starting XceiverServerRatis b0528765-b14f-4fab-ba7d-e08ffdb39ff8 at port 0
2019-08-23 02:45:21,321 [Datanode State Machine Thread - 0] INFO  impl.RaftServerProxy (RaftServerProxy.java:lambda$start$3(299)) - b0528765-b14f-4fab-ba7d-e08ffdb39ff8: start RPC server
2019-08-23 02:45:21,330 [Datanode State Machine Thread - 0] INFO  server.GrpcService (GrpcService.java:startImpl(149)) - b0528765-b14f-4fab-ba7d-e08ffdb39ff8: GrpcService started, listening on 0.0.0.0/0.0.0.0:35422
2019-08-23 02:45:21,330 [Datanode State Machine Thread - 0] INFO  ratis.XceiverServerRatis (XceiverServerRatis.java:start(414)) - XceiverServerRatis b0528765-b14f-4fab-ba7d-e08ffdb39ff8 is started using port 35422
2019-08-23 02:45:21,331 [Datanode State Machine Thread - 0] INFO  server.XceiverServerGrpc (XceiverServerGrpc.java:start(161)) - XceiverServerGrpc b0528765-b14f-4fab-ba7d-e08ffdb39ff8 is started using port 41489
2019-08-23 02:45:21,500 | INFO  | SCMAudit | user=jenkins1000 | ip=192.168.36.77 | op=GET_VERSION null | ret=SUCCESS |  
2019-08-23 02:45:22,029 | INFO  | SCMAudit | user=jenkins1000 | ip=192.168.36.77 | op=GET_VERSION null | ret=SUCCESS |  
2019-08-23 02:45:22,218 [main] INFO  ozone.MiniOzoneClusterImpl (MiniOzoneClusterImpl.java:lambda$waitForClusterToBeReady$0(142)) - Waiting for cluster to be ready. Got 0 of 7 DN Heartbeats.
2019-08-23 02:45:22,220 | INFO  | SCMAudit | user=jenkins1000 | ip=192.168.36.77 | op=GET_VERSION null | ret=SUCCESS |  
2019-08-23 02:45:22,701 [IPC Server handler 4 on 33821] INFO  net.NetworkTopology (NetworkTopologyImpl.java:add(110)) - Added a new node: /default-rack/660dca87-d357-47a3-a223-4042f8796b14
2019-08-23 02:45:22,702 [IPC Server handler 4 on 33821] INFO  node.SCMNodeManager (SCMNodeManager.java:register(273)) - Registered Data node : 660dca87-d357-47a3-a223-4042f8796b14{ip: 192.168.36.77, host: pr-hdds-2000-5mb45-3533150274, networkLocation: /default-rack, certSerialId: null}
2019-08-23 02:45:22,705 | INFO  | SCMAudit | user=jenkins1000 | ip=192.168.36.77 | op=REGISTER {datanodeDetails=660dca87-d357-47a3-a223-4042f8796b14{ip: 192.168.36.77, host: pr-hdds-2000-5mb45-3533150274, networkLocation: /default-rack, certSerialId: null}} | ret=SUCCESS |  
2019-08-23 02:45:22,705 [EventQueue-NodeRegistrationContainerReportForDataNodeSafeModeRule] INFO  safemode.SCMSafeModeManager (DataNodeSafeModeRule.java:process(71)) - SCM in safe mode. 1 DataNodes registered, 1 required.
2019-08-23 02:45:22,708 [EventQueue-NodeRegistrationContainerReportForDataNodeSafeModeRule] INFO  safemode.SCMSafeModeManager (SCMSafeModeManager.java:validateSafeModeExitRules(177)) - ScmSafeModeManager, all rules are successfully validated
2019-08-23 02:45:22,708 [EventQueue-NodeRegistrationContainerReportForDataNodeSafeModeRule] INFO  safemode.SCMSafeModeManager (SCMSafeModeManager.java:exitSafeMode(193)) - SCM exiting safe mode.
2019-08-23 02:45:22,739 [grpc-default-executor-13] INFO  impl.RaftServerProxy (RaftServerProxy.java:addNew(89)) - 660dca87-d357-47a3-a223-4042f8796b14: addNew group-CD8742C24A28:[660dca87-d357-47a3-a223-4042f8796b14:192.168.36.77:45478] returns group-CD8742C24A28:java.util.concurrent.CompletableFuture@6312ed70[Not completed]
2019-08-23 02:45:22,742 [pool-730-thread-1] INFO  impl.RaftServerImpl (RaftServerImpl.java:<init>(93)) - 660dca87-d357-47a3-a223-4042f8796b14: new RaftServerImpl for group-CD8742C24A28:[660dca87-d357-47a3-a223-4042f8796b14:192.168.36.77:45478] with ContainerStateMachine:uninitialized
2019-08-23 02:45:22,742 [pool-730-thread-1] INFO  server.RaftServerConfigKeys (ConfUtils.java:logGet(43)) - raft.server.rpc.timeout.min = 5s (custom)
2019-08-23 02:45:22,742 [pool-730-thread-1] INFO  server.RaftServerConfigKeys (ConfUtils.java:logGet(43)) - raft.server.rpc.timeout.max = 5200ms (custom)
2019-08-23 02:45:22,743 [pool-730-thread-1] INFO  server.RaftServerConfigKeys (ConfUtils.java:logGet(43)) - raft.server.rpcslowness.timeout = 120s (custom)
2019-08-23 02:45:22,743 [pool-730-thread-1] INFO  server.RaftServerConfigKeys (ConfUtils.java:logGet(43)) - raft.server.sleep.deviation.threshold = 300 (default)
2019-08-23 02:45:22,743 [pool-730-thread-1] INFO  server.RaftServerConfigKeys (ConfUtils.java:logGet(43)) - raft.server.log.appender.install.snapshot.enabled = false (custom)
2019-08-23 02:45:22,743 [pool-730-thread-1] INFO  impl.RaftServerImpl (ServerState.java:<init>(105)) - 660dca87-d357-47a3-a223-4042f8796b14:group-CD8742C24A28 ConfigurationManager, init=-1: [660dca87-d357-47a3-a223-4042f8796b14:192.168.36.77:45478], old=null, confs=<EMPTY_MAP>
2019-08-23 02:45:22,743 [pool-730-thread-1] INFO  server.RaftServerConfigKeys (ConfUtils.java:logGet(43)) - raft.server.storage.dir = [/workdir/hadoop-ozone/integration-test/target/test-dir/MiniOzoneClusterImpl-2bd8e9d2-4d45-4779-a9d5-84448e8fa7d9/datanode-0/data/ratis] (custom)
2019-08-23 02:45:22,744 [pool-730-thread-1] INFO  storage.RaftStorageDirectory (RaftStorageDirectory.java:analyzeStorage(246)) - The storage directory /workdir/hadoop-ozone/integration-test/target/test-dir/MiniOzoneClusterImpl-2bd8e9d2-4d45-4779-a9d5-84448e8fa7d9/datanode-0/data/ratis/dff791b1-b9c4-41f6-9266-cd8742c24a28 does not exist. Creating ...
2019-08-23 02:45:22,881 [IPC Server handler 0 on 33821] INFO  net.NetworkTopology (NetworkTopologyImpl.java:add(110)) - Added a new node: /default-rack/3e108b50-707e-4267-a617-3ec28210b5c8
2019-08-23 02:45:22,881 [IPC Server handler 0 on 33821] INFO  node.SCMNodeManager (SCMNodeManager.java:register(273)) - Registered Data node : 3e108b50-707e-4267-a617-3ec28210b5c8{ip: 192.168.36.77, host: pr-hdds-2000-5mb45-3533150274, networkLocation: /default-rack, certSerialId: null}
2019-08-23 02:45:22,882 | INFO  | SCMAudit | user=jenkins1000 | ip=192.168.36.77 | op=REGISTER {datanodeDetails=3e108b50-707e-4267-a617-3ec28210b5c8{ip: 192.168.36.77, host: pr-hdds-2000-5mb45-3533150274, networkLocation: /default-rack, certSerialId: null}} | ret=SUCCESS |  
2019-08-23 02:45:23,054 [IPC Server handler 3 on 33821] INFO  net.NetworkTopology (NetworkTopologyImpl.java:add(110)) - Added a new node: /default-rack/b8acb2ee-97fa-480c-8afb-a3c2ac812661
2019-08-23 02:45:23,054 [IPC Server handler 3 on 33821] INFO  node.SCMNodeManager (SCMNodeManager.java:register(273)) - Registered Data node : b8acb2ee-97fa-480c-8afb-a3c2ac812661{ip: 192.168.36.77, host: pr-hdds-2000-5mb45-3533150274, networkLocation: /default-rack, certSerialId: null}
2019-08-23 02:45:23,054 | INFO  | SCMAudit | user=jenkins1000 | ip=192.168.36.77 | op=REGISTER {datanodeDetails=b8acb2ee-97fa-480c-8afb-a3c2ac812661{ip: 192.168.36.77, host: pr-hdds-2000-5mb45-3533150274, networkLocation: /default-rack, certSerialId: null}} | ret=SUCCESS |  
2019-08-23 02:45:23,219 [main] INFO  ozone.MiniOzoneClusterImpl (MiniOzoneClusterImpl.java:lambda$waitForClusterToBeReady$0(142)) - Waiting for cluster to be ready. Got 3 of 7 DN Heartbeats.
2019-08-23 02:45:23,283 [IPC Server handler 1 on 33821] INFO  net.NetworkTopology (NetworkTopologyImpl.java:add(110)) - Added a new node: /default-rack/b0528765-b14f-4fab-ba7d-e08ffdb39ff8
2019-08-23 02:45:23,284 [IPC Server handler 1 on 33821] INFO  node.SCMNodeManager (SCMNodeManager.java:register(273)) - Registered Data node : b0528765-b14f-4fab-ba7d-e08ffdb39ff8{ip: 192.168.36.77, host: pr-hdds-2000-5mb45-3533150274, networkLocation: /default-rack, certSerialId: null}
2019-08-23 02:45:23,284 | INFO  | SCMAudit | user=jenkins1000 | ip=192.168.36.77 | op=REGISTER {datanodeDetails=b0528765-b14f-4fab-ba7d-e08ffdb39ff8{ip: 192.168.36.77, host: pr-hdds-2000-5mb45-3533150274, networkLocation: /default-rack, certSerialId: null}} | ret=SUCCESS |  
2019-08-23 02:45:24,219 [main] INFO  ozone.MiniOzoneClusterImpl (MiniOzoneClusterImpl.java:lambda$waitForClusterToBeReady$0(142)) - Waiting for cluster to be ready. Got 4 of 7 DN Heartbeats.
2019-08-23 02:45:24,696 | INFO  | SCMAudit | user=jenkins1000 | ip=192.168.36.77 | op=SEND_HEARTBEAT {datanodeUUID=660dca87-d357-47a3-a223-4042f8796b14, command=[]} | ret=SUCCESS |  
2019-08-23 02:45:24,880 | INFO  | SCMAudit | user=jenkins1000 | ip=192.168.36.77 | op=SEND_HEARTBEAT {datanodeUUID=3e108b50-707e-4267-a617-3ec28210b5c8, command=[]} | ret=SUCCESS |  
2019-08-23 02:45:25,053 | INFO  | SCMAudit | user=jenkins1000 | ip=192.168.36.77 | op=SEND_HEARTBEAT {datanodeUUID=b8acb2ee-97fa-480c-8afb-a3c2ac812661, command=[]} | ret=SUCCESS |  
2019-08-23 02:45:25,220 [main] INFO  ozone.MiniOzoneClusterImpl (MiniOzoneClusterImpl.java:lambda$waitForClusterToBeReady$0(142)) - Waiting for cluster to be ready. Got 4 of 7 DN Heartbeats.
2019-08-23 02:45:25,283 | INFO  | SCMAudit | user=jenkins1000 | ip=192.168.36.77 | op=SEND_HEARTBEAT {datanodeUUID=b0528765-b14f-4fab-ba7d-e08ffdb39ff8, command=[]} | ret=SUCCESS |  
2019-08-23 02:45:25,696 | INFO  | SCMAudit | user=jenkins1000 | ip=192.168.36.77 | op=SEND_HEARTBEAT {datanodeUUID=660dca87-d357-47a3-a223-4042f8796b14, command=[]} | ret=SUCCESS |  
2019-08-23 02:45:25,709 [Thread-4947] INFO  container.ReplicationManager (ReplicationManager.java:start(152)) - Starting Replication Monitor Thread.
2019-08-23 02:45:25,713 [ReplicationMonitor] INFO  container.ReplicationManager (ReplicationManager.java:run(215)) - Replication Monitor Thread took 0 milliseconds for processing 0 containers.
2019-08-23 02:45:25,739 [RATISCREATEPIPELINE1] ERROR pipeline.RatisPipelineProvider (RatisPipelineProvider.java:lambda$null$5(235)) - Failed invoke Ratis rpc org.apache.hadoop.hdds.scm.pipeline.RatisPipelineProvider$$Lambda$171/619094646@1bcfa79b for 660dca87-d357-47a3-a223-4042f8796b14
org.apache.ratis.protocol.TimeoutIOException: deadline exceeded after 2999671956ns
	at org.apache.ratis.grpc.GrpcUtil.tryUnwrapException(GrpcUtil.java:82)
	at org.apache.ratis.grpc.GrpcUtil.unwrapException(GrpcUtil.java:75)
	at org.apache.ratis.grpc.client.GrpcClientProtocolClient.blockingCall(GrpcClientProtocolClient.java:169)
	at org.apache.ratis.grpc.client.GrpcClientProtocolClient.groupAdd(GrpcClientProtocolClient.java:138)
	at org.apache.ratis.grpc.client.GrpcClientRpc.sendRequest(GrpcClientRpc.java:94)
	at org.apache.ratis.client.impl.RaftClientImpl.sendRequest(RaftClientImpl.java:279)
	at org.apache.ratis.client.impl.RaftClientImpl.groupAdd(RaftClientImpl.java:206)
	at org.apache.hadoop.hdds.scm.pipeline.RatisPipelineProvider.lambda$initializePipeline$4(RatisPipelineProvider.java:194)
	at org.apache.hadoop.hdds.scm.pipeline.RatisPipelineProvider.lambda$null$5(RatisPipelineProvider.java:231)
	at java.util.stream.ForEachOps$ForEachOp$OfRef.accept(ForEachOps.java:184)
	at java.util.ArrayList$ArrayListSpliterator.forEachRemaining(ArrayList.java:1382)
	at java.util.stream.AbstractPipeline.copyInto(AbstractPipeline.java:482)
	at java.util.stream.ForEachOps$ForEachTask.compute(ForEachOps.java:291)
	at java.util.concurrent.CountedCompleter.exec(CountedCompleter.java:731)
	at java.util.concurrent.ForkJoinTask.doExec(ForkJoinTask.java:289)
	at java.util.concurrent.ForkJoinTask.doInvoke(ForkJoinTask.java:401)
	at java.util.concurrent.ForkJoinTask.invoke(ForkJoinTask.java:734)
	at java.util.stream.ForEachOps$ForEachOp.evaluateParallel(ForEachOps.java:160)
	at java.util.stream.ForEachOps$ForEachOp$OfRef.evaluateParallel(ForEachOps.java:174)
	at java.util.stream.AbstractPipeline.evaluate(AbstractPipeline.java:233)
	at java.util.stream.ReferencePipeline.forEach(ReferencePipeline.java:418)
	at java.util.stream.ReferencePipeline$Head.forEach(ReferencePipeline.java:583)
	at org.apache.hadoop.hdds.scm.pipeline.RatisPipelineProvider.lambda$callRatisRpc$6(RatisPipelineProvider.java:225)
	at java.util.concurrent.ForkJoinTask$AdaptedRunnableAction.exec(ForkJoinTask.java:1386)
	at java.util.concurrent.ForkJoinTask.doExec(ForkJoinTask.java:289)
	at java.util.concurrent.ForkJoinPool$WorkQueue.runTask(ForkJoinPool.java:1056)
	at java.util.concurrent.ForkJoinPool.runWorker(ForkJoinPool.java:1692)
	at java.util.concurrent.ForkJoinWorkerThread.run(ForkJoinWorkerThread.java:157)
Caused by: org.apache.ratis.thirdparty.io.grpc.StatusRuntimeException: DEADLINE_EXCEEDED: deadline exceeded after 2999671956ns
	at org.apache.ratis.thirdparty.io.grpc.stub.ClientCalls.toStatusRuntimeException(ClientCalls.java:233)
	at org.apache.ratis.thirdparty.io.grpc.stub.ClientCalls.getUnchecked(ClientCalls.java:214)
	at org.apache.ratis.thirdparty.io.grpc.stub.ClientCalls.blockingUnaryCall(ClientCalls.java:139)
	at org.apache.ratis.proto.grpc.AdminProtocolServiceGrpc$AdminProtocolServiceBlockingStub.groupManagement(AdminProtocolServiceGrpc.java:274)
	at org.apache.ratis.grpc.client.GrpcClientProtocolClient.lambda$groupAdd$3(GrpcClientProtocolClient.java:140)
	at org.apache.ratis.grpc.client.GrpcClientProtocolClient.blockingCall(GrpcClientProtocolClient.java:167)
	... 25 more
2019-08-23 02:45:25,769 [grpc-default-executor-13] INFO  impl.RaftServerProxy (RaftServerProxy.java:addNew(89)) - 3e108b50-707e-4267-a617-3ec28210b5c8: addNew group-ED4F0F59C74B:[3e108b50-707e-4267-a617-3ec28210b5c8:192.168.36.77:38906, b0528765-b14f-4fab-ba7d-e08ffdb39ff8:192.168.36.77:35422, 660dca87-d357-47a3-a223-4042f8796b14:192.168.36.77:45478] returns group-ED4F0F59C74B:java.util.concurrent.CompletableFuture@24d3c30c[Not completed]
2019-08-23 02:45:25,769 [grpc-default-executor-9] INFO  impl.RaftServerProxy (RaftServerProxy.java:addNew(89)) - 660dca87-d357-47a3-a223-4042f8796b14: addNew group-ED4F0F59C74B:[3e108b50-707e-4267-a617-3ec28210b5c8:192.168.36.77:38906, b0528765-b14f-4fab-ba7d-e08ffdb39ff8:192.168.36.77:35422, 660dca87-d357-47a3-a223-4042f8796b14:192.168.36.77:45478] returns group-ED4F0F59C74B:java.util.concurrent.CompletableFuture@971f7c3[Not completed]
2019-08-23 02:45:25,771 [grpc-default-executor-19] INFO  impl.RaftServerProxy (RaftServerProxy.java:addNew(89)) - b0528765-b14f-4fab-ba7d-e08ffdb39ff8: addNew group-ED4F0F59C74B:[3e108b50-707e-4267-a617-3ec28210b5c8:192.168.36.77:38906, b0528765-b14f-4fab-ba7d-e08ffdb39ff8:192.168.36.77:35422, 660dca87-d357-47a3-a223-4042f8796b14:192.168.36.77:45478] returns group-ED4F0F59C74B:java.util.concurrent.CompletableFuture@4f56035a[Not completed]
2019-08-23 02:45:25,772 [pool-741-thread-1] INFO  impl.RaftServerImpl (RaftServerImpl.java:<init>(93)) - 3e108b50-707e-4267-a617-3ec28210b5c8: new RaftServerImpl for group-ED4F0F59C74B:[3e108b50-707e-4267-a617-3ec28210b5c8:192.168.36.77:38906, b0528765-b14f-4fab-ba7d-e08ffdb39ff8:192.168.36.77:35422, 660dca87-d357-47a3-a223-4042f8796b14:192.168.36.77:45478] with ContainerStateMachine:uninitialized
2019-08-23 02:45:25,772 [pool-741-thread-1] INFO  server.RaftServerConfigKeys (ConfUtils.java:logGet(43)) - raft.server.rpc.timeout.min = 5s (custom)
2019-08-23 02:45:25,773 [pool-741-thread-1] INFO  server.RaftServerConfigKeys (ConfUtils.java:logGet(43)) - raft.server.rpc.timeout.max = 5200ms (custom)
2019-08-23 02:45:25,773 [pool-763-thread-1] INFO  impl.RaftServerImpl (RaftServerImpl.java:<init>(93)) - b0528765-b14f-4fab-ba7d-e08ffdb39ff8: new RaftServerImpl for group-ED4F0F59C74B:[3e108b50-707e-4267-a617-3ec28210b5c8:192.168.36.77:38906, b0528765-b14f-4fab-ba7d-e08ffdb39ff8:192.168.36.77:35422, 660dca87-d357-47a3-a223-4042f8796b14:192.168.36.77:45478] with ContainerStateMachine:uninitialized
2019-08-23 02:45:25,773 [pool-741-thread-1] INFO  server.RaftServerConfigKeys (ConfUtils.java:logGet(43)) - raft.server.rpcslowness.timeout = 120s (custom)
2019-08-23 02:45:25,773 [pool-763-thread-1] INFO  server.RaftServerConfigKeys (ConfUtils.java:logGet(43)) - raft.server.rpc.timeout.min = 5s (custom)
2019-08-23 02:45:25,773 [pool-741-thread-1] INFO  server.RaftServerConfigKeys (ConfUtils.java:logGet(43)) - raft.server.sleep.deviation.threshold = 300 (default)
2019-08-23 02:45:25,773 [pool-763-thread-1] INFO  server.RaftServerConfigKeys (ConfUtils.java:logGet(43)) - raft.server.rpc.timeout.max = 5200ms (custom)
2019-08-23 02:45:25,773 [pool-741-thread-1] INFO  server.RaftServerConfigKeys (ConfUtils.java:logGet(43)) - raft.server.log.appender.install.snapshot.enabled = false (custom)
2019-08-23 02:45:25,773 [pool-763-thread-1] INFO  server.RaftServerConfigKeys (ConfUtils.java:logGet(43)) - raft.server.rpcslowness.timeout = 120s (custom)
2019-08-23 02:45:25,774 [pool-741-thread-1] INFO  impl.RaftServerImpl (ServerState.java:<init>(105)) - 3e108b50-707e-4267-a617-3ec28210b5c8:group-ED4F0F59C74B ConfigurationManager, init=-1: [3e108b50-707e-4267-a617-3ec28210b5c8:192.168.36.77:38906, b0528765-b14f-4fab-ba7d-e08ffdb39ff8:192.168.36.77:35422, 660dca87-d357-47a3-a223-4042f8796b14:192.168.36.77:45478], old=null, confs=<EMPTY_MAP>
2019-08-23 02:45:25,774 [pool-763-thread-1] INFO  server.RaftServerConfigKeys (ConfUtils.java:logGet(43)) - raft.server.sleep.deviation.threshold = 300 (default)
2019-08-23 02:45:25,774 [pool-741-thread-1] INFO  server.RaftServerConfigKeys (ConfUtils.java:logGet(43)) - raft.server.storage.dir = [/workdir/hadoop-ozone/integration-test/target/test-dir/MiniOzoneClusterImpl-2bd8e9d2-4d45-4779-a9d5-84448e8fa7d9/datanode-1/data/ratis] (custom)
2019-08-23 02:45:25,774 [pool-763-thread-1] INFO  server.RaftServerConfigKeys (ConfUtils.java:logGet(43)) - raft.server.log.appender.install.snapshot.enabled = false (custom)
2019-08-23 02:45:25,774 [pool-763-thread-1] INFO  impl.RaftServerImpl (ServerState.java:<init>(105)) - b0528765-b14f-4fab-ba7d-e08ffdb39ff8:group-ED4F0F59C74B ConfigurationManager, init=-1: [3e108b50-707e-4267-a617-3ec28210b5c8:192.168.36.77:38906, b0528765-b14f-4fab-ba7d-e08ffdb39ff8:192.168.36.77:35422, 660dca87-d357-47a3-a223-4042f8796b14:192.168.36.77:45478], old=null, confs=<EMPTY_MAP>
2019-08-23 02:45:25,774 [pool-763-thread-1] INFO  server.RaftServerConfigKeys (ConfUtils.java:logGet(43)) - raft.server.storage.dir = [/workdir/hadoop-ozone/integration-test/target/test-dir/MiniOzoneClusterImpl-2bd8e9d2-4d45-4779-a9d5-84448e8fa7d9/datanode-3/data/ratis] (custom)
2019-08-23 02:45:25,881 | INFO  | SCMAudit | user=jenkins1000 | ip=192.168.36.77 | op=SEND_HEARTBEAT {datanodeUUID=3e108b50-707e-4267-a617-3ec28210b5c8, command=[]} | ret=SUCCESS |  
2019-08-23 02:45:26,005 [pool-741-thread-1] INFO  storage.RaftStorageDirectory (RaftStorageDirectory.java:analyzeStorage(246)) - The storage directory /workdir/hadoop-ozone/integration-test/target/test-dir/MiniOzoneClusterImpl-2bd8e9d2-4d45-4779-a9d5-84448e8fa7d9/datanode-1/data/ratis/4dd70ee7-9905-4bc5-8e96-ed4f0f59c74b does not exist. Creating ...
2019-08-23 02:45:26,005 [pool-763-thread-1] INFO  storage.RaftStorageDirectory (RaftStorageDirectory.java:analyzeStorage(246)) - The storage directory /workdir/hadoop-ozone/integration-test/target/test-dir/MiniOzoneClusterImpl-2bd8e9d2-4d45-4779-a9d5-84448e8fa7d9/datanode-3/data/ratis/4dd70ee7-9905-4bc5-8e96-ed4f0f59c74b does not exist. Creating ...
2019-08-23 02:45:26,008 [pool-730-thread-1] INFO  storage.RaftStorageDirectory (RaftStorageDirectory.java:tryLock(328)) - Lock on /workdir/hadoop-ozone/integration-test/target/test-dir/MiniOzoneClusterImpl-2bd8e9d2-4d45-4779-a9d5-84448e8fa7d9/datanode-0/data/ratis/dff791b1-b9c4-41f6-9266-cd8742c24a28/in_use.lock acquired by nodename 20953@pr-hdds-2000-5mb45-3533150274
2019-08-23 02:45:26,008 [Datanode State Machine Thread - 0] INFO  ozoneimpl.OzoneContainer (OzoneContainer.java:start(186)) - Attempting to start container services.
2019-08-23 02:45:26,008 [Datanode State Machine Thread - 0] INFO  ozoneimpl.OzoneContainer (OzoneContainer.java:start(186)) - Attempting to start container services.
2019-08-23 02:45:26,009 [Datanode State Machine Thread - 0] INFO  ozoneimpl.OzoneContainer (OzoneContainer.java:startContainerScrub(160)) - Background container scrubber has been disabled by hdds.containerscrub.enabled
2019-08-23 02:45:26,008 [Datanode State Machine Thread - 0] INFO  ozoneimpl.OzoneContainer (OzoneContainer.java:start(186)) - Attempting to start container services.
2019-08-23 02:45:26,009 [Datanode State Machine Thread - 0] INFO  ratis.XceiverServerRatis (XceiverServerRatis.java:start(404)) - Starting XceiverServerRatis 0b463173-11e9-44ff-be76-63df57295ec0 at port 0
2019-08-23 02:45:26,009 [Datanode State Machine Thread - 0] INFO  ozoneimpl.OzoneContainer (OzoneContainer.java:startContainerScrub(160)) - Background container scrubber has been disabled by hdds.containerscrub.enabled
2019-08-23 02:45:26,009 [Datanode State Machine Thread - 0] INFO  ozoneimpl.OzoneContainer (OzoneContainer.java:startContainerScrub(160)) - Background container scrubber has been disabled by hdds.containerscrub.enabled
2019-08-23 02:45:26,009 [Datanode State Machine Thread - 0] INFO  ratis.XceiverServerRatis (XceiverServerRatis.java:start(404)) - Starting XceiverServerRatis 9e2111f4-c022-4843-a18f-ebc5260af7a4 at port 0
2019-08-23 02:45:26,009 [Datanode State Machine Thread - 0] INFO  ratis.XceiverServerRatis (XceiverServerRatis.java:start(404)) - Starting XceiverServerRatis c1a09a1d-94c6-445f-990d-45b77f19286c at port 0
2019-08-23 02:45:26,023 [Datanode State Machine Thread - 0] INFO  impl.RaftServerProxy (RaftServerProxy.java:lambda$start$3(299)) - c1a09a1d-94c6-445f-990d-45b77f19286c: start RPC server
2019-08-23 02:45:26,027 [Datanode State Machine Thread - 0] INFO  impl.RaftServerProxy (RaftServerProxy.java:lambda$start$3(299)) - 0b463173-11e9-44ff-be76-63df57295ec0: start RPC server
2019-08-23 02:45:26,027 [Datanode State Machine Thread - 0] INFO  server.GrpcService (GrpcService.java:startImpl(149)) - c1a09a1d-94c6-445f-990d-45b77f19286c: GrpcService started, listening on 0.0.0.0/0.0.0.0:42886
2019-08-23 02:45:26,027 [Datanode State Machine Thread - 0] INFO  ratis.XceiverServerRatis (XceiverServerRatis.java:start(414)) - XceiverServerRatis c1a09a1d-94c6-445f-990d-45b77f19286c is started using port 42886
2019-08-23 02:45:26,028 [Datanode State Machine Thread - 0] INFO  impl.RaftServerProxy (RaftServerProxy.java:lambda$start$3(299)) - 9e2111f4-c022-4843-a18f-ebc5260af7a4: start RPC server
2019-08-23 02:45:26,028 [Datanode State Machine Thread - 0] INFO  server.XceiverServerGrpc (XceiverServerGrpc.java:start(161)) - XceiverServerGrpc c1a09a1d-94c6-445f-990d-45b77f19286c is started using port 45283
2019-08-23 02:45:26,028 [Datanode State Machine Thread - 0] INFO  server.GrpcService (GrpcService.java:startImpl(149)) - 0b463173-11e9-44ff-be76-63df57295ec0: GrpcService started, listening on 0.0.0.0/0.0.0.0:44707
2019-08-23 02:45:26,028 [Datanode State Machine Thread - 0] INFO  ratis.XceiverServerRatis (XceiverServerRatis.java:start(414)) - XceiverServerRatis 0b463173-11e9-44ff-be76-63df57295ec0 is started using port 44707
2019-08-23 02:45:26,028 [Datanode State Machine Thread - 0] INFO  server.GrpcService (GrpcService.java:startImpl(149)) - 9e2111f4-c022-4843-a18f-ebc5260af7a4: GrpcService started, listening on 0.0.0.0/0.0.0.0:42318
2019-08-23 02:45:26,028 [Datanode State Machine Thread - 0] INFO  ratis.XceiverServerRatis (XceiverServerRatis.java:start(414)) - XceiverServerRatis 9e2111f4-c022-4843-a18f-ebc5260af7a4 is started using port 42318
2019-08-23 02:45:26,032 [pool-730-thread-1] INFO  storage.RaftStorage (RaftStorage.java:format(72)) - Storage directory /workdir/hadoop-ozone/integration-test/target/test-dir/MiniOzoneClusterImpl-2bd8e9d2-4d45-4779-a9d5-84448e8fa7d9/datanode-0/data/ratis/dff791b1-b9c4-41f6-9266-cd8742c24a28 has been successfully formatted.
2019-08-23 02:45:26,032 [pool-730-thread-1] INFO  ratis.ContainerStateMachine (ContainerStateMachine.java:loadSnapshot(226)) - group-CD8742C24A28: The snapshot info is null. Setting the last applied indexto:(t:0, i:~)
2019-08-23 02:45:26,033 [pool-730-thread-1] INFO  server.RaftServerConfigKeys (ConfUtils.java:logGet(43)) - raft.server.leader.election.timeout = 120s (custom)
2019-08-23 02:45:26,033 [pool-730-thread-1] INFO  server.RaftServerConfigKeys (ConfUtils.java:logGet(43)) - raft.server.log.use.memory = false (default)
2019-08-23 02:45:26,033 [pool-730-thread-1] INFO  server.RaftServerConfigKeys (ConfUtils.java:logGet(43)) - raft.server.log.purge.gap = 1000000 (custom)
2019-08-23 02:45:26,032 [Datanode State Machine Thread - 0] INFO  server.XceiverServerGrpc (XceiverServerGrpc.java:start(161)) - XceiverServerGrpc 0b463173-11e9-44ff-be76-63df57295ec0 is started using port 43822
2019-08-23 02:45:26,032 [pool-763-thread-1] INFO  storage.RaftStorageDirectory (RaftStorageDirectory.java:tryLock(328)) - Lock on /workdir/hadoop-ozone/integration-test/target/test-dir/MiniOzoneClusterImpl-2bd8e9d2-4d45-4779-a9d5-84448e8fa7d9/datanode-3/data/ratis/4dd70ee7-9905-4bc5-8e96-ed4f0f59c74b/in_use.lock acquired by nodename 20953@pr-hdds-2000-5mb45-3533150274
2019-08-23 02:45:26,032 [pool-741-thread-1] INFO  storage.RaftStorageDirectory (RaftStorageDirectory.java:tryLock(328)) - Lock on /workdir/hadoop-ozone/integration-test/target/test-dir/MiniOzoneClusterImpl-2bd8e9d2-4d45-4779-a9d5-84448e8fa7d9/datanode-1/data/ratis/4dd70ee7-9905-4bc5-8e96-ed4f0f59c74b/in_use.lock acquired by nodename 20953@pr-hdds-2000-5mb45-3533150274
2019-08-23 02:45:26,033 [pool-730-thread-1] INFO  server.RaftServerConfigKeys (ConfUtils.java:logGet(43)) - raft.server.log.appender.buffer.byte-limit = 33554432 (custom)
2019-08-23 02:45:26,032 [Datanode State Machine Thread - 0] INFO  server.XceiverServerGrpc (XceiverServerGrpc.java:start(161)) - XceiverServerGrpc 9e2111f4-c022-4843-a18f-ebc5260af7a4 is started using port 35388
2019-08-23 02:45:26,034 [pool-730-thread-1] INFO  server.RaftServerConfigKeys (ConfUtils.java:logGet(43)) - raft.server.log.segment.size.max = 1048576 (custom)
2019-08-23 02:45:26,034 [pool-730-thread-1] INFO  server.RaftServerConfigKeys (ConfUtils.java:logGet(43)) - raft.server.log.segment.cache.num.max = 2 (custom)
2019-08-23 02:45:26,034 [pool-730-thread-1] INFO  segmented.SegmentedRaftLogWorker (SegmentedRaftLogWorker.java:<init>(172)) - new 660dca87-d357-47a3-a223-4042f8796b14-SegmentedRaftLogWorker:Storage Directory /workdir/hadoop-ozone/integration-test/target/test-dir/MiniOzoneClusterImpl-2bd8e9d2-4d45-4779-a9d5-84448e8fa7d9/datanode-0/data/ratis/dff791b1-b9c4-41f6-9266-cd8742c24a28 for RaftStorage:Storage Directory /workdir/hadoop-ozone/integration-test/target/test-dir/MiniOzoneClusterImpl-2bd8e9d2-4d45-4779-a9d5-84448e8fa7d9/datanode-0/data/ratis/dff791b1-b9c4-41f6-9266-cd8742c24a28
2019-08-23 02:45:26,034 [pool-730-thread-1] INFO  server.RaftServerConfigKeys (ConfUtils.java:logGet(43)) - raft.server.log.queue.byte-limit = 2147483647 (custom)
2019-08-23 02:45:26,034 [pool-730-thread-1] INFO  server.RaftServerConfigKeys (ConfUtils.java:logGet(43)) - raft.server.log.queue.element-limit = 1024 (custom)
2019-08-23 02:45:26,035 [pool-730-thread-1] INFO  server.RaftServerConfigKeys (ConfUtils.java:logGet(43)) - raft.server.log.segment.size.max = 1048576 (custom)
2019-08-23 02:45:26,035 [pool-730-thread-1] INFO  server.RaftServerConfigKeys (ConfUtils.java:logGet(43)) - raft.server.log.preallocated.size = 16384 (custom)
2019-08-23 02:45:26,035 [pool-730-thread-1] INFO  server.RaftServerConfigKeys (ConfUtils.java:logGet(43)) - raft.server.log.write.buffer.size = 33554432 (custom)
2019-08-23 02:45:26,035 [pool-730-thread-1] INFO  server.RaftServerConfigKeys (ConfUtils.java:logGet(43)) - raft.server.log.force.sync.num = 128 (default)
2019-08-23 02:45:26,035 [pool-730-thread-1] INFO  server.RaftServerConfigKeys (ConfUtils.java:logGet(43)) - raft.server.log.statemachine.data.sync = true (default)
2019-08-23 02:45:26,035 [pool-730-thread-1] INFO  server.RaftServerConfigKeys (ConfUtils.java:logGet(43)) - raft.server.log.statemachine.data.sync.timeout = 10s (default)
2019-08-23 02:45:26,035 [pool-730-thread-1] INFO  server.RaftServerConfigKeys (ConfUtils.java:logGet(43)) - raft.server.log.statemachine.data.sync.timeout.retry = -1 (default)
2019-08-23 02:45:26,035 [pool-730-thread-1] INFO  server.RaftServerConfigKeys (ConfUtils.java:logGet(43)) - raft.server.log.statemachine.data.caching.enabled = true (custom)
2019-08-23 02:45:26,036 [pool-730-thread-1] INFO  segmented.SegmentedRaftLogWorker (SegmentedRaftLogWorker.java:lambda$new$0(132)) - 660dca87-d357-47a3-a223-4042f8796b14-SegmentedRaftLogWorker:Storage Directory /workdir/hadoop-ozone/integration-test/target/test-dir/MiniOzoneClusterImpl-2bd8e9d2-4d45-4779-a9d5-84448e8fa7d9/datanode-0/data/ratis/dff791b1-b9c4-41f6-9266-cd8742c24a28: flushIndex: setUnconditionally 0 -> -1
2019-08-23 02:45:26,036 [pool-730-thread-1] INFO  server.RaftServerConfigKeys (ConfUtils.java:logGet(43)) - raft.server.snapshot.auto.trigger.enabled = true (custom)
2019-08-23 02:45:26,036 [pool-730-thread-1] INFO  server.RaftServerConfigKeys (ConfUtils.java:logGet(43)) - raft.server.snapshot.auto.trigger.threshold = 10000 (custom)
2019-08-23 02:45:26,036 [pool-730-thread-1] INFO  server.RaftServerConfigKeys (ConfUtils.java:logGet(43)) - raft.server.retrycache.expirytime = 600000ms (custom)
2019-08-23 02:45:26,037 [pool-730-thread-1] INFO  impl.RaftServerImpl (RaftServerImpl.java:<init>(93)) - 660dca87-d357-47a3-a223-4042f8796b14: new RaftServerImpl for group-ED4F0F59C74B:[3e108b50-707e-4267-a617-3ec28210b5c8:192.168.36.77:38906, b0528765-b14f-4fab-ba7d-e08ffdb39ff8:192.168.36.77:35422, 660dca87-d357-47a3-a223-4042f8796b14:192.168.36.77:45478] with ContainerStateMachine:uninitialized
2019-08-23 02:45:26,037 [pool-730-thread-1] INFO  server.RaftServerConfigKeys (ConfUtils.java:logGet(43)) - raft.server.rpc.timeout.min = 5s (custom)
2019-08-23 02:45:26,038 [pool-730-thread-1] INFO  server.RaftServerConfigKeys (ConfUtils.java:logGet(43)) - raft.server.rpc.timeout.max = 5200ms (custom)
2019-08-23 02:45:26,038 [pool-730-thread-1] INFO  server.RaftServerConfigKeys (ConfUtils.java:logGet(43)) - raft.server.rpcslowness.timeout = 120s (custom)
2019-08-23 02:45:26,038 [pool-730-thread-1] INFO  server.RaftServerConfigKeys (ConfUtils.java:logGet(43)) - raft.server.sleep.deviation.threshold = 300 (default)
2019-08-23 02:45:26,038 [pool-730-thread-1] INFO  server.RaftServerConfigKeys (ConfUtils.java:logGet(43)) - raft.server.log.appender.install.snapshot.enabled = false (custom)
2019-08-23 02:45:26,038 [pool-730-thread-1] INFO  impl.RaftServerImpl (ServerState.java:<init>(105)) - 660dca87-d357-47a3-a223-4042f8796b14:group-ED4F0F59C74B ConfigurationManager, init=-1: [3e108b50-707e-4267-a617-3ec28210b5c8:192.168.36.77:38906, b0528765-b14f-4fab-ba7d-e08ffdb39ff8:192.168.36.77:35422, 660dca87-d357-47a3-a223-4042f8796b14:192.168.36.77:45478], old=null, confs=<EMPTY_MAP>
2019-08-23 02:45:26,038 [pool-730-thread-1] INFO  server.RaftServerConfigKeys (ConfUtils.java:logGet(43)) - raft.server.storage.dir = [/workdir/hadoop-ozone/integration-test/target/test-dir/MiniOzoneClusterImpl-2bd8e9d2-4d45-4779-a9d5-84448e8fa7d9/datanode-0/data/ratis] (custom)
2019-08-23 02:45:26,038 [pool-730-thread-1] INFO  storage.RaftStorageDirectory (RaftStorageDirectory.java:analyzeStorage(246)) - The storage directory /workdir/hadoop-ozone/integration-test/target/test-dir/MiniOzoneClusterImpl-2bd8e9d2-4d45-4779-a9d5-84448e8fa7d9/datanode-0/data/ratis/4dd70ee7-9905-4bc5-8e96-ed4f0f59c74b does not exist. Creating ...
2019-08-23 02:45:26,048 [pool-763-thread-1] INFO  storage.RaftStorage (RaftStorage.java:format(72)) - Storage directory /workdir/hadoop-ozone/integration-test/target/test-dir/MiniOzoneClusterImpl-2bd8e9d2-4d45-4779-a9d5-84448e8fa7d9/datanode-3/data/ratis/4dd70ee7-9905-4bc5-8e96-ed4f0f59c74b has been successfully formatted.
2019-08-23 02:45:26,048 [pool-741-thread-1] INFO  storage.RaftStorage (RaftStorage.java:format(72)) - Storage directory /workdir/hadoop-ozone/integration-test/target/test-dir/MiniOzoneClusterImpl-2bd8e9d2-4d45-4779-a9d5-84448e8fa7d9/datanode-1/data/ratis/4dd70ee7-9905-4bc5-8e96-ed4f0f59c74b has been successfully formatted.
2019-08-23 02:45:26,048 [pool-763-thread-1] INFO  ratis.ContainerStateMachine (ContainerStateMachine.java:loadSnapshot(226)) - group-ED4F0F59C74B: The snapshot info is null. Setting the last applied indexto:(t:0, i:~)
2019-08-23 02:45:26,048 [pool-763-thread-1] INFO  server.RaftServerConfigKeys (ConfUtils.java:logGet(43)) - raft.server.leader.election.timeout = 120s (custom)
2019-08-23 02:45:26,048 [pool-741-thread-1] INFO  ratis.ContainerStateMachine (ContainerStateMachine.java:loadSnapshot(226)) - group-ED4F0F59C74B: The snapshot info is null. Setting the last applied indexto:(t:0, i:~)
2019-08-23 02:45:26,049 [pool-763-thread-1] INFO  server.RaftServerConfigKeys (ConfUtils.java:logGet(43)) - raft.server.log.use.memory = false (default)
2019-08-23 02:45:26,049 [pool-741-thread-1] INFO  server.RaftServerConfigKeys (ConfUtils.java:logGet(43)) - raft.server.leader.election.timeout = 120s (custom)
2019-08-23 02:45:26,049 [pool-763-thread-1] INFO  server.RaftServerConfigKeys (ConfUtils.java:logGet(43)) - raft.server.log.purge.gap = 1000000 (custom)
2019-08-23 02:45:26,049 [pool-741-thread-1] INFO  server.RaftServerConfigKeys (ConfUtils.java:logGet(43)) - raft.server.log.use.memory = false (default)
2019-08-23 02:45:26,049 [pool-763-thread-1] INFO  server.RaftServerConfigKeys (ConfUtils.java:logGet(43)) - raft.server.log.appender.buffer.byte-limit = 33554432 (custom)
2019-08-23 02:45:26,049 [pool-741-thread-1] INFO  server.RaftServerConfigKeys (ConfUtils.java:logGet(43)) - raft.server.log.purge.gap = 1000000 (custom)
2019-08-23 02:45:26,049 [pool-763-thread-1] INFO  server.RaftServerConfigKeys (ConfUtils.java:logGet(43)) - raft.server.log.segment.size.max = 1048576 (custom)
2019-08-23 02:45:26,049 [pool-741-thread-1] INFO  server.RaftServerConfigKeys (ConfUtils.java:logGet(43)) - raft.server.log.appender.buffer.byte-limit = 33554432 (custom)
2019-08-23 02:45:26,049 [pool-763-thread-1] INFO  server.RaftServerConfigKeys (ConfUtils.java:logGet(43)) - raft.server.log.segment.cache.num.max = 2 (custom)
2019-08-23 02:45:26,049 [pool-741-thread-1] INFO  server.RaftServerConfigKeys (ConfUtils.java:logGet(43)) - raft.server.log.segment.size.max = 1048576 (custom)
2019-08-23 02:45:26,050 [pool-763-thread-1] INFO  segmented.SegmentedRaftLogWorker (SegmentedRaftLogWorker.java:<init>(172)) - new b0528765-b14f-4fab-ba7d-e08ffdb39ff8-SegmentedRaftLogWorker:Storage Directory /workdir/hadoop-ozone/integration-test/target/test-dir/MiniOzoneClusterImpl-2bd8e9d2-4d45-4779-a9d5-84448e8fa7d9/datanode-3/data/ratis/4dd70ee7-9905-4bc5-8e96-ed4f0f59c74b for RaftStorage:Storage Directory /workdir/hadoop-ozone/integration-test/target/test-dir/MiniOzoneClusterImpl-2bd8e9d2-4d45-4779-a9d5-84448e8fa7d9/datanode-3/data/ratis/4dd70ee7-9905-4bc5-8e96-ed4f0f59c74b
2019-08-23 02:45:26,050 [pool-741-thread-1] INFO  server.RaftServerConfigKeys (ConfUtils.java:logGet(43)) - raft.server.log.segment.cache.num.max = 2 (custom)
2019-08-23 02:45:26,050 [pool-763-thread-1] INFO  server.RaftServerConfigKeys (ConfUtils.java:logGet(43)) - raft.server.log.queue.byte-limit = 2147483647 (custom)
2019-08-23 02:45:26,050 [pool-741-thread-1] INFO  segmented.SegmentedRaftLogWorker (SegmentedRaftLogWorker.java:<init>(172)) - new 3e108b50-707e-4267-a617-3ec28210b5c8-SegmentedRaftLogWorker:Storage Directory /workdir/hadoop-ozone/integration-test/target/test-dir/MiniOzoneClusterImpl-2bd8e9d2-4d45-4779-a9d5-84448e8fa7d9/datanode-1/data/ratis/4dd70ee7-9905-4bc5-8e96-ed4f0f59c74b for RaftStorage:Storage Directory /workdir/hadoop-ozone/integration-test/target/test-dir/MiniOzoneClusterImpl-2bd8e9d2-4d45-4779-a9d5-84448e8fa7d9/datanode-1/data/ratis/4dd70ee7-9905-4bc5-8e96-ed4f0f59c74b
2019-08-23 02:45:26,050 [pool-763-thread-1] INFO  server.RaftServerConfigKeys (ConfUtils.java:logGet(43)) - raft.server.log.queue.element-limit = 1024 (custom)
2019-08-23 02:45:26,050 [pool-741-thread-1] INFO  server.RaftServerConfigKeys (ConfUtils.java:logGet(43)) - raft.server.log.queue.byte-limit = 2147483647 (custom)
2019-08-23 02:45:26,050 [pool-741-thread-1] INFO  server.RaftServerConfigKeys (ConfUtils.java:logGet(43)) - raft.server.log.queue.element-limit = 1024 (custom)
2019-08-23 02:45:26,050 [pool-763-thread-1] INFO  server.RaftServerConfigKeys (ConfUtils.java:logGet(43)) - raft.server.log.segment.size.max = 1048576 (custom)
2019-08-23 02:45:26,050 [pool-763-thread-1] INFO  server.RaftServerConfigKeys (ConfUtils.java:logGet(43)) - raft.server.log.preallocated.size = 16384 (custom)
2019-08-23 02:45:26,050 [pool-741-thread-1] INFO  server.RaftServerConfigKeys (ConfUtils.java:logGet(43)) - raft.server.log.segment.size.max = 1048576 (custom)
2019-08-23 02:45:26,050 [pool-763-thread-1] INFO  server.RaftServerConfigKeys (ConfUtils.java:logGet(43)) - raft.server.log.write.buffer.size = 33554432 (custom)
2019-08-23 02:45:26,051 [pool-741-thread-1] INFO  server.RaftServerConfigKeys (ConfUtils.java:logGet(43)) - raft.server.log.preallocated.size = 16384 (custom)
2019-08-23 02:45:26,051 [pool-763-thread-1] INFO  server.RaftServerConfigKeys (ConfUtils.java:logGet(43)) - raft.server.log.force.sync.num = 128 (default)
2019-08-23 02:45:26,051 [pool-741-thread-1] INFO  server.RaftServerConfigKeys (ConfUtils.java:logGet(43)) - raft.server.log.write.buffer.size = 33554432 (custom)
2019-08-23 02:45:26,051 [pool-763-thread-1] INFO  server.RaftServerConfigKeys (ConfUtils.java:logGet(43)) - raft.server.log.statemachine.data.sync = true (default)
2019-08-23 02:45:26,051 [pool-741-thread-1] INFO  server.RaftServerConfigKeys (ConfUtils.java:logGet(43)) - raft.server.log.force.sync.num = 128 (default)
2019-08-23 02:45:26,051 [pool-763-thread-1] INFO  server.RaftServerConfigKeys (ConfUtils.java:logGet(43)) - raft.server.log.statemachine.data.sync.timeout = 10s (default)
2019-08-23 02:45:26,051 [pool-741-thread-1] INFO  server.RaftServerConfigKeys (ConfUtils.java:logGet(43)) - raft.server.log.statemachine.data.sync = true (default)
2019-08-23 02:45:26,051 [pool-763-thread-1] INFO  server.RaftServerConfigKeys (ConfUtils.java:logGet(43)) - raft.server.log.statemachine.data.sync.timeout.retry = -1 (default)
2019-08-23 02:45:26,051 [pool-741-thread-1] INFO  server.RaftServerConfigKeys (ConfUtils.java:logGet(43)) - raft.server.log.statemachine.data.sync.timeout = 10s (default)
2019-08-23 02:45:26,051 [pool-741-thread-1] INFO  server.RaftServerConfigKeys (ConfUtils.java:logGet(43)) - raft.server.log.statemachine.data.sync.timeout.retry = -1 (default)
2019-08-23 02:45:26,051 [pool-763-thread-1] INFO  server.RaftServerConfigKeys (ConfUtils.java:logGet(43)) - raft.server.log.statemachine.data.caching.enabled = true (custom)
2019-08-23 02:45:26,052 [pool-741-thread-1] INFO  server.RaftServerConfigKeys (ConfUtils.java:logGet(43)) - raft.server.log.statemachine.data.caching.enabled = true (custom)
2019-08-23 02:45:26,052 [pool-763-thread-1] INFO  segmented.SegmentedRaftLogWorker (SegmentedRaftLogWorker.java:lambda$new$0(132)) - b0528765-b14f-4fab-ba7d-e08ffdb39ff8-SegmentedRaftLogWorker:Storage Directory /workdir/hadoop-ozone/integration-test/target/test-dir/MiniOzoneClusterImpl-2bd8e9d2-4d45-4779-a9d5-84448e8fa7d9/datanode-3/data/ratis/4dd70ee7-9905-4bc5-8e96-ed4f0f59c74b: flushIndex: setUnconditionally 0 -> -1
2019-08-23 02:45:26,052 [pool-741-thread-1] INFO  segmented.SegmentedRaftLogWorker (SegmentedRaftLogWorker.java:lambda$new$0(132)) - 3e108b50-707e-4267-a617-3ec28210b5c8-SegmentedRaftLogWorker:Storage Directory /workdir/hadoop-ozone/integration-test/target/test-dir/MiniOzoneClusterImpl-2bd8e9d2-4d45-4779-a9d5-84448e8fa7d9/datanode-1/data/ratis/4dd70ee7-9905-4bc5-8e96-ed4f0f59c74b: flushIndex: setUnconditionally 0 -> -1
2019-08-23 02:45:26,052 [pool-763-thread-1] INFO  server.RaftServerConfigKeys (ConfUtils.java:logGet(43)) - raft.server.snapshot.auto.trigger.enabled = true (custom)
2019-08-23 02:45:26,052 [pool-763-thread-1] INFO  server.RaftServerConfigKeys (ConfUtils.java:logGet(43)) - raft.server.snapshot.auto.trigger.threshold = 10000 (custom)
2019-08-23 02:45:26,052 [pool-741-thread-1] INFO  server.RaftServerConfigKeys (ConfUtils.java:logGet(43)) - raft.server.snapshot.auto.trigger.enabled = true (custom)
2019-08-23 02:45:26,052 [pool-763-thread-1] INFO  server.RaftServerConfigKeys (ConfUtils.java:logGet(43)) - raft.server.retrycache.expirytime = 600000ms (custom)
2019-08-23 02:45:26,052 [pool-741-thread-1] INFO  server.RaftServerConfigKeys (ConfUtils.java:logGet(43)) - raft.server.snapshot.auto.trigger.threshold = 10000 (custom)
2019-08-23 02:45:26,053 [pool-763-thread-1] INFO  impl.RaftServerImpl (RaftServerImpl.java:start(180)) - b0528765-b14f-4fab-ba7d-e08ffdb39ff8: start group-ED4F0F59C74B
2019-08-23 02:45:26,053 [pool-741-thread-1] INFO  server.RaftServerConfigKeys (ConfUtils.java:logGet(43)) - raft.server.retrycache.expirytime = 600000ms (custom)
2019-08-23 02:45:26,053 [pool-763-thread-1] INFO  impl.RaftServerImpl (RaftServerImpl.java:setRole(171)) - b0528765-b14f-4fab-ba7d-e08ffdb39ff8:group-ED4F0F59C74B changes role from null to FOLLOWER at term 0 for startAsFollower
2019-08-23 02:45:26,053 [pool-741-thread-1] INFO  impl.RaftServerImpl (RaftServerImpl.java:start(180)) - 3e108b50-707e-4267-a617-3ec28210b5c8: start group-ED4F0F59C74B
2019-08-23 02:45:26,053 [pool-763-thread-1] INFO  impl.RoleInfo (RoleInfo.java:updateAndGet(143)) - b0528765-b14f-4fab-ba7d-e08ffdb39ff8: start FollowerState
2019-08-23 02:45:26,053 [pool-741-thread-1] INFO  impl.RaftServerImpl (RaftServerImpl.java:setRole(171)) - 3e108b50-707e-4267-a617-3ec28210b5c8:group-ED4F0F59C74B changes role from null to FOLLOWER at term 0 for startAsFollower
2019-08-23 02:45:26,053 [pool-741-thread-1] INFO  impl.RoleInfo (RoleInfo.java:updateAndGet(143)) - 3e108b50-707e-4267-a617-3ec28210b5c8: start FollowerState
2019-08-23 02:45:26,053 | INFO  | SCMAudit | user=jenkins1000 | ip=192.168.36.77 | op=SEND_HEARTBEAT {datanodeUUID=b8acb2ee-97fa-480c-8afb-a3c2ac812661, command=[]} | ret=SUCCESS |  
2019-08-23 02:45:26,054 [pool-763-thread-1] INFO  util.JmxRegister (JmxRegister.java:tryRegister(44)) - Successfully registered JMX Bean with object name Ratis:service=RaftServer,group=group-ED4F0F59C74B,id=b0528765-b14f-4fab-ba7d-e08ffdb39ff8
2019-08-23 02:45:26,054 [pool-741-thread-1] INFO  util.JmxRegister (JmxRegister.java:tryRegister(44)) - Successfully registered JMX Bean with object name Ratis:service=RaftServer,group=group-ED4F0F59C74B,id=3e108b50-707e-4267-a617-3ec28210b5c8
2019-08-23 02:45:26,059 [pool-730-thread-1] INFO  storage.RaftStorageDirectory (RaftStorageDirectory.java:tryLock(328)) - Lock on /workdir/hadoop-ozone/integration-test/target/test-dir/MiniOzoneClusterImpl-2bd8e9d2-4d45-4779-a9d5-84448e8fa7d9/datanode-0/data/ratis/4dd70ee7-9905-4bc5-8e96-ed4f0f59c74b/in_use.lock acquired by nodename 20953@pr-hdds-2000-5mb45-3533150274
2019-08-23 02:45:26,078 [pool-730-thread-1] INFO  storage.RaftStorage (RaftStorage.java:format(72)) - Storage directory /workdir/hadoop-ozone/integration-test/target/test-dir/MiniOzoneClusterImpl-2bd8e9d2-4d45-4779-a9d5-84448e8fa7d9/datanode-0/data/ratis/4dd70ee7-9905-4bc5-8e96-ed4f0f59c74b has been successfully formatted.
2019-08-23 02:45:26,079 [pool-730-thread-1] INFO  ratis.ContainerStateMachine (ContainerStateMachine.java:loadSnapshot(226)) - group-ED4F0F59C74B: The snapshot info is null. Setting the last applied indexto:(t:0, i:~)
2019-08-23 02:45:26,079 [pool-730-thread-1] INFO  server.RaftServerConfigKeys (ConfUtils.java:logGet(43)) - raft.server.leader.election.timeout = 120s (custom)
2019-08-23 02:45:26,079 [pool-730-thread-1] INFO  server.RaftServerConfigKeys (ConfUtils.java:logGet(43)) - raft.server.log.use.memory = false (default)
2019-08-23 02:45:26,079 [pool-730-thread-1] INFO  server.RaftServerConfigKeys (ConfUtils.java:logGet(43)) - raft.server.log.purge.gap = 1000000 (custom)
2019-08-23 02:45:26,079 [pool-730-thread-1] INFO  server.RaftServerConfigKeys (ConfUtils.java:logGet(43)) - raft.server.log.appender.buffer.byte-limit = 33554432 (custom)
2019-08-23 02:45:26,080 [pool-730-thread-1] INFO  server.RaftServerConfigKeys (ConfUtils.java:logGet(43)) - raft.server.log.segment.size.max = 1048576 (custom)
2019-08-23 02:45:26,080 [pool-730-thread-1] INFO  server.RaftServerConfigKeys (ConfUtils.java:logGet(43)) - raft.server.log.segment.cache.num.max = 2 (custom)
2019-08-23 02:45:26,080 [pool-730-thread-1] INFO  segmented.SegmentedRaftLogWorker (SegmentedRaftLogWorker.java:<init>(172)) - new 660dca87-d357-47a3-a223-4042f8796b14-SegmentedRaftLogWorker:Storage Directory /workdir/hadoop-ozone/integration-test/target/test-dir/MiniOzoneClusterImpl-2bd8e9d2-4d45-4779-a9d5-84448e8fa7d9/datanode-0/data/ratis/4dd70ee7-9905-4bc5-8e96-ed4f0f59c74b for RaftStorage:Storage Directory /workdir/hadoop-ozone/integration-test/target/test-dir/MiniOzoneClusterImpl-2bd8e9d2-4d45-4779-a9d5-84448e8fa7d9/datanode-0/data/ratis/4dd70ee7-9905-4bc5-8e96-ed4f0f59c74b
2019-08-23 02:45:26,080 [pool-730-thread-1] INFO  server.RaftServerConfigKeys (ConfUtils.java:logGet(43)) - raft.server.log.queue.byte-limit = 2147483647 (custom)
2019-08-23 02:45:26,080 [pool-730-thread-1] INFO  server.RaftServerConfigKeys (ConfUtils.java:logGet(43)) - raft.server.log.queue.element-limit = 1024 (custom)
2019-08-23 02:45:26,080 [pool-730-thread-1] INFO  server.RaftServerConfigKeys (ConfUtils.java:logGet(43)) - raft.server.log.segment.size.max = 1048576 (custom)
2019-08-23 02:45:26,081 [pool-730-thread-1] INFO  server.RaftServerConfigKeys (ConfUtils.java:logGet(43)) - raft.server.log.preallocated.size = 16384 (custom)
2019-08-23 02:45:26,081 [pool-730-thread-1] INFO  server.RaftServerConfigKeys (ConfUtils.java:logGet(43)) - raft.server.log.write.buffer.size = 33554432 (custom)
2019-08-23 02:45:26,081 [pool-730-thread-1] INFO  server.RaftServerConfigKeys (ConfUtils.java:logGet(43)) - raft.server.log.force.sync.num = 128 (default)
2019-08-23 02:45:26,081 [pool-730-thread-1] INFO  server.RaftServerConfigKeys (ConfUtils.java:logGet(43)) - raft.server.log.statemachine.data.sync = true (default)
2019-08-23 02:45:26,081 [pool-730-thread-1] INFO  server.RaftServerConfigKeys (ConfUtils.java:logGet(43)) - raft.server.log.statemachine.data.sync.timeout = 10s (default)
2019-08-23 02:45:26,081 [pool-730-thread-1] INFO  server.RaftServerConfigKeys (ConfUtils.java:logGet(43)) - raft.server.log.statemachine.data.sync.timeout.retry = -1 (default)
2019-08-23 02:45:26,082 [pool-730-thread-1] INFO  server.RaftServerConfigKeys (ConfUtils.java:logGet(43)) - raft.server.log.statemachine.data.caching.enabled = true (custom)
2019-08-23 02:45:26,082 [pool-730-thread-1] INFO  segmented.SegmentedRaftLogWorker (SegmentedRaftLogWorker.java:lambda$new$0(132)) - 660dca87-d357-47a3-a223-4042f8796b14-SegmentedRaftLogWorker:Storage Directory /workdir/hadoop-ozone/integration-test/target/test-dir/MiniOzoneClusterImpl-2bd8e9d2-4d45-4779-a9d5-84448e8fa7d9/datanode-0/data/ratis/4dd70ee7-9905-4bc5-8e96-ed4f0f59c74b: flushIndex: setUnconditionally 0 -> -1
2019-08-23 02:45:26,082 [pool-730-thread-1] INFO  server.RaftServerConfigKeys (ConfUtils.java:logGet(43)) - raft.server.snapshot.auto.trigger.enabled = true (custom)
2019-08-23 02:45:26,082 [pool-730-thread-1] INFO  server.RaftServerConfigKeys (ConfUtils.java:logGet(43)) - raft.server.snapshot.auto.trigger.threshold = 10000 (custom)
2019-08-23 02:45:26,083 [pool-730-thread-1] INFO  server.RaftServerConfigKeys (ConfUtils.java:logGet(43)) - raft.server.retrycache.expirytime = 600000ms (custom)
2019-08-23 02:45:26,083 [pool-730-thread-1] INFO  impl.RaftServerImpl (RaftServerImpl.java:start(180)) - 660dca87-d357-47a3-a223-4042f8796b14: start group-CD8742C24A28
2019-08-23 02:45:26,083 [pool-730-thread-1] INFO  impl.RaftServerImpl (RaftServerImpl.java:setRole(171)) - 660dca87-d357-47a3-a223-4042f8796b14:group-CD8742C24A28 changes role from null to FOLLOWER at term 0 for startAsFollower
2019-08-23 02:45:26,083 [pool-730-thread-1] INFO  impl.RoleInfo (RoleInfo.java:updateAndGet(143)) - 660dca87-d357-47a3-a223-4042f8796b14: start FollowerState
2019-08-23 02:45:26,084 [pool-730-thread-1] INFO  util.JmxRegister (JmxRegister.java:tryRegister(44)) - Successfully registered JMX Bean with object name Ratis:service=RaftServer,group=group-CD8742C24A28,id=660dca87-d357-47a3-a223-4042f8796b14
2019-08-23 02:45:26,084 [pool-730-thread-1] INFO  impl.RaftServerImpl (RaftServerImpl.java:start(180)) - 660dca87-d357-47a3-a223-4042f8796b14: start group-ED4F0F59C74B
2019-08-23 02:45:26,084 [pool-730-thread-1] INFO  impl.RaftServerImpl (RaftServerImpl.java:setRole(171)) - 660dca87-d357-47a3-a223-4042f8796b14:group-ED4F0F59C74B changes role from null to FOLLOWER at term 0 for startAsFollower
2019-08-23 02:45:26,084 [pool-730-thread-1] INFO  impl.RoleInfo (RoleInfo.java:updateAndGet(143)) - 660dca87-d357-47a3-a223-4042f8796b14: start FollowerState
2019-08-23 02:45:26,085 [pool-730-thread-1] INFO  util.JmxRegister (JmxRegister.java:tryRegister(44)) - Successfully registered JMX Bean with object name Ratis:service=RaftServer,group=group-ED4F0F59C74B,id=660dca87-d357-47a3-a223-4042f8796b14
2019-08-23 02:45:26,089 [RatisPipelineUtilsThread] INFO  pipeline.PipelineStateManager (PipelineStateManager.java:addPipeline(56)) - Created pipeline Pipeline[ Id: 4dd70ee7-9905-4bc5-8e96-ed4f0f59c74b, Nodes: 660dca87-d357-47a3-a223-4042f8796b14{ip: 192.168.36.77, host: pr-hdds-2000-5mb45-3533150274, networkLocation: /default-rack, certSerialId: null}3e108b50-707e-4267-a617-3ec28210b5c8{ip: 192.168.36.77, host: pr-hdds-2000-5mb45-3533150274, networkLocation: /default-rack, certSerialId: null}b0528765-b14f-4fab-ba7d-e08ffdb39ff8{ip: 192.168.36.77, host: pr-hdds-2000-5mb45-3533150274, networkLocation: /default-rack, certSerialId: null}, Type:RATIS, Factor:THREE, State:OPEN]
2019-08-23 02:45:26,097 [grpc-default-executor-9] INFO  impl.RaftServerProxy (RaftServerProxy.java:addNew(89)) - 660dca87-d357-47a3-a223-4042f8796b14: addNew group-26FD032D846E:[660dca87-d357-47a3-a223-4042f8796b14:192.168.36.77:45478] returns group-26FD032D846E:java.util.concurrent.CompletableFuture@39da78c3[Not completed]
2019-08-23 02:45:26,098 [pool-730-thread-1] INFO  impl.RaftServerImpl (RaftServerImpl.java:<init>(93)) - 660dca87-d357-47a3-a223-4042f8796b14: new RaftServerImpl for group-26FD032D846E:[660dca87-d357-47a3-a223-4042f8796b14:192.168.36.77:45478] with ContainerStateMachine:uninitialized
2019-08-23 02:45:26,098 [pool-730-thread-1] INFO  server.RaftServerConfigKeys (ConfUtils.java:logGet(43)) - raft.server.rpc.timeout.min = 5s (custom)
2019-08-23 02:45:26,098 [pool-730-thread-1] INFO  server.RaftServerConfigKeys (ConfUtils.java:logGet(43)) - raft.server.rpc.timeout.max = 5200ms (custom)
2019-08-23 02:45:26,099 [pool-730-thread-1] INFO  server.RaftServerConfigKeys (ConfUtils.java:logGet(43)) - raft.server.rpcslowness.timeout = 120s (custom)
2019-08-23 02:45:26,099 [pool-730-thread-1] INFO  server.RaftServerConfigKeys (ConfUtils.java:logGet(43)) - raft.server.sleep.deviation.threshold = 300 (default)
2019-08-23 02:45:26,099 [pool-730-thread-1] INFO  server.RaftServerConfigKeys (ConfUtils.java:logGet(43)) - raft.server.log.appender.install.snapshot.enabled = false (custom)
2019-08-23 02:45:26,099 [pool-730-thread-1] INFO  impl.RaftServerImpl (ServerState.java:<init>(105)) - 660dca87-d357-47a3-a223-4042f8796b14:group-26FD032D846E ConfigurationManager, init=-1: [660dca87-d357-47a3-a223-4042f8796b14:192.168.36.77:45478], old=null, confs=<EMPTY_MAP>
2019-08-23 02:45:26,099 [pool-730-thread-1] INFO  server.RaftServerConfigKeys (ConfUtils.java:logGet(43)) - raft.server.storage.dir = [/workdir/hadoop-ozone/integration-test/target/test-dir/MiniOzoneClusterImpl-2bd8e9d2-4d45-4779-a9d5-84448e8fa7d9/datanode-0/data/ratis] (custom)
2019-08-23 02:45:26,100 [pool-730-thread-1] INFO  storage.RaftStorageDirectory (RaftStorageDirectory.java:analyzeStorage(246)) - The storage directory /workdir/hadoop-ozone/integration-test/target/test-dir/MiniOzoneClusterImpl-2bd8e9d2-4d45-4779-a9d5-84448e8fa7d9/datanode-0/data/ratis/510fa70c-bf32-42ac-93ac-26fd032d846e does not exist. Creating ...
2019-08-23 02:45:26,113 [pool-730-thread-1] INFO  storage.RaftStorageDirectory (RaftStorageDirectory.java:tryLock(328)) - Lock on /workdir/hadoop-ozone/integration-test/target/test-dir/MiniOzoneClusterImpl-2bd8e9d2-4d45-4779-a9d5-84448e8fa7d9/datanode-0/data/ratis/510fa70c-bf32-42ac-93ac-26fd032d846e/in_use.lock acquired by nodename 20953@pr-hdds-2000-5mb45-3533150274
2019-08-23 02:45:26,149 [pool-730-thread-1] INFO  storage.RaftStorage (RaftStorage.java:format(72)) - Storage directory /workdir/hadoop-ozone/integration-test/target/test-dir/MiniOzoneClusterImpl-2bd8e9d2-4d45-4779-a9d5-84448e8fa7d9/datanode-0/data/ratis/510fa70c-bf32-42ac-93ac-26fd032d846e has been successfully formatted.
2019-08-23 02:45:26,149 [pool-730-thread-1] INFO  ratis.ContainerStateMachine (ContainerStateMachine.java:loadSnapshot(226)) - group-26FD032D846E: The snapshot info is null. Setting the last applied indexto:(t:0, i:~)
2019-08-23 02:45:26,149 [pool-730-thread-1] INFO  server.RaftServerConfigKeys (ConfUtils.java:logGet(43)) - raft.server.leader.election.timeout = 120s (custom)
2019-08-23 02:45:26,149 [pool-730-thread-1] INFO  server.RaftServerConfigKeys (ConfUtils.java:logGet(43)) - raft.server.log.use.memory = false (default)
2019-08-23 02:45:26,149 [pool-730-thread-1] INFO  server.RaftServerConfigKeys (ConfUtils.java:logGet(43)) - raft.server.log.purge.gap = 1000000 (custom)
2019-08-23 02:45:26,150 [pool-730-thread-1] INFO  server.RaftServerConfigKeys (ConfUtils.java:logGet(43)) - raft.server.log.appender.buffer.byte-limit = 33554432 (custom)
2019-08-23 02:45:26,150 [pool-730-thread-1] INFO  server.RaftServerConfigKeys (ConfUtils.java:logGet(43)) - raft.server.log.segment.size.max = 1048576 (custom)
2019-08-23 02:45:26,150 [pool-730-thread-1] INFO  server.RaftServerConfigKeys (ConfUtils.java:logGet(43)) - raft.server.log.segment.cache.num.max = 2 (custom)
2019-08-23 02:45:26,150 [pool-730-thread-1] INFO  segmented.SegmentedRaftLogWorker (SegmentedRaftLogWorker.java:<init>(172)) - new 660dca87-d357-47a3-a223-4042f8796b14-SegmentedRaftLogWorker:Storage Directory /workdir/hadoop-ozone/integration-test/target/test-dir/MiniOzoneClusterImpl-2bd8e9d2-4d45-4779-a9d5-84448e8fa7d9/datanode-0/data/ratis/510fa70c-bf32-42ac-93ac-26fd032d846e for RaftStorage:Storage Directory /workdir/hadoop-ozone/integration-test/target/test-dir/MiniOzoneClusterImpl-2bd8e9d2-4d45-4779-a9d5-84448e8fa7d9/datanode-0/data/ratis/510fa70c-bf32-42ac-93ac-26fd032d846e
2019-08-23 02:45:26,150 [pool-730-thread-1] INFO  server.RaftServerConfigKeys (ConfUtils.java:logGet(43)) - raft.server.log.queue.byte-limit = 2147483647 (custom)
2019-08-23 02:45:26,150 [pool-730-thread-1] INFO  server.RaftServerConfigKeys (ConfUtils.java:logGet(43)) - raft.server.log.queue.element-limit = 1024 (custom)
2019-08-23 02:45:26,150 [pool-730-thread-1] INFO  server.RaftServerConfigKeys (ConfUtils.java:logGet(43)) - raft.server.log.segment.size.max = 1048576 (custom)
2019-08-23 02:45:26,150 [pool-730-thread-1] INFO  server.RaftServerConfigKeys (ConfUtils.java:logGet(43)) - raft.server.log.preallocated.size = 16384 (custom)
2019-08-23 02:45:26,150 [pool-730-thread-1] INFO  server.RaftServerConfigKeys (ConfUtils.java:logGet(43)) - raft.server.log.write.buffer.size = 33554432 (custom)
2019-08-23 02:45:26,150 [pool-730-thread-1] INFO  server.RaftServerConfigKeys (ConfUtils.java:logGet(43)) - raft.server.log.force.sync.num = 128 (default)
2019-08-23 02:45:26,150 [pool-730-thread-1] INFO  server.RaftServerConfigKeys (ConfUtils.java:logGet(43)) - raft.server.log.statemachine.data.sync = true (default)
2019-08-23 02:45:26,151 [pool-730-thread-1] INFO  server.RaftServerConfigKeys (ConfUtils.java:logGet(43)) - raft.server.log.statemachine.data.sync.timeout = 10s (default)
2019-08-23 02:45:26,151 [pool-730-thread-1] INFO  server.RaftServerConfigKeys (ConfUtils.java:logGet(43)) - raft.server.log.statemachine.data.sync.timeout.retry = -1 (default)
2019-08-23 02:45:26,151 [pool-730-thread-1] INFO  server.RaftServerConfigKeys (ConfUtils.java:logGet(43)) - raft.server.log.statemachine.data.caching.enabled = true (custom)
2019-08-23 02:45:26,151 [pool-730-thread-1] INFO  segmented.SegmentedRaftLogWorker (SegmentedRaftLogWorker.java:lambda$new$0(132)) - 660dca87-d357-47a3-a223-4042f8796b14-SegmentedRaftLogWorker:Storage Directory /workdir/hadoop-ozone/integration-test/target/test-dir/MiniOzoneClusterImpl-2bd8e9d2-4d45-4779-a9d5-84448e8fa7d9/datanode-0/data/ratis/510fa70c-bf32-42ac-93ac-26fd032d846e: flushIndex: setUnconditionally 0 -> -1
2019-08-23 02:45:26,151 [pool-730-thread-1] INFO  server.RaftServerConfigKeys (ConfUtils.java:logGet(43)) - raft.server.snapshot.auto.trigger.enabled = true (custom)
2019-08-23 02:45:26,152 [pool-730-thread-1] INFO  server.RaftServerConfigKeys (ConfUtils.java:logGet(43)) - raft.server.snapshot.auto.trigger.threshold = 10000 (custom)
2019-08-23 02:45:26,152 [pool-730-thread-1] INFO  server.RaftServerConfigKeys (ConfUtils.java:logGet(43)) - raft.server.retrycache.expirytime = 600000ms (custom)
2019-08-23 02:45:26,152 [pool-730-thread-1] INFO  impl.RaftServerImpl (RaftServerImpl.java:start(180)) - 660dca87-d357-47a3-a223-4042f8796b14: start group-26FD032D846E
2019-08-23 02:45:26,152 [pool-730-thread-1] INFO  impl.RaftServerImpl (RaftServerImpl.java:setRole(171)) - 660dca87-d357-47a3-a223-4042f8796b14:group-26FD032D846E changes role from null to FOLLOWER at term 0 for startAsFollower
2019-08-23 02:45:26,152 [pool-730-thread-1] INFO  impl.RoleInfo (RoleInfo.java:updateAndGet(143)) - 660dca87-d357-47a3-a223-4042f8796b14: start FollowerState
2019-08-23 02:45:26,152 [pool-730-thread-1] INFO  util.JmxRegister (JmxRegister.java:tryRegister(44)) - Successfully registered JMX Bean with object name Ratis:service=RaftServer,group=group-26FD032D846E,id=660dca87-d357-47a3-a223-4042f8796b14
2019-08-23 02:45:26,157 [RatisPipelineUtilsThread] INFO  pipeline.PipelineStateManager (PipelineStateManager.java:addPipeline(56)) - Created pipeline Pipeline[ Id: 510fa70c-bf32-42ac-93ac-26fd032d846e, Nodes: 660dca87-d357-47a3-a223-4042f8796b14{ip: 192.168.36.77, host: pr-hdds-2000-5mb45-3533150274, networkLocation: /default-rack, certSerialId: null}, Type:RATIS, Factor:ONE, State:OPEN]
2019-08-23 02:45:26,162 [grpc-default-executor-9] INFO  impl.RaftServerProxy (RaftServerProxy.java:addNew(89)) - 3e108b50-707e-4267-a617-3ec28210b5c8: addNew group-1BA763FB6487:[3e108b50-707e-4267-a617-3ec28210b5c8:192.168.36.77:38906] returns group-1BA763FB6487:java.util.concurrent.CompletableFuture@79aabd62[Not completed]
2019-08-23 02:45:26,163 [pool-741-thread-1] INFO  impl.RaftServerImpl (RaftServerImpl.java:<init>(93)) - 3e108b50-707e-4267-a617-3ec28210b5c8: new RaftServerImpl for group-1BA763FB6487:[3e108b50-707e-4267-a617-3ec28210b5c8:192.168.36.77:38906] with ContainerStateMachine:uninitialized
2019-08-23 02:45:26,163 [pool-741-thread-1] INFO  server.RaftServerConfigKeys (ConfUtils.java:logGet(43)) - raft.server.rpc.timeout.min = 5s (custom)
2019-08-23 02:45:26,163 [pool-741-thread-1] INFO  server.RaftServerConfigKeys (ConfUtils.java:logGet(43)) - raft.server.rpc.timeout.max = 5200ms (custom)
2019-08-23 02:45:26,163 [pool-741-thread-1] INFO  server.RaftServerConfigKeys (ConfUtils.java:logGet(43)) - raft.server.rpcslowness.timeout = 120s (custom)
2019-08-23 02:45:26,163 [pool-741-thread-1] INFO  server.RaftServerConfigKeys (ConfUtils.java:logGet(43)) - raft.server.sleep.deviation.threshold = 300 (default)
2019-08-23 02:45:26,163 [pool-741-thread-1] INFO  server.RaftServerConfigKeys (ConfUtils.java:logGet(43)) - raft.server.log.appender.install.snapshot.enabled = false (custom)
2019-08-23 02:45:26,163 [pool-741-thread-1] INFO  impl.RaftServerImpl (ServerState.java:<init>(105)) - 3e108b50-707e-4267-a617-3ec28210b5c8:group-1BA763FB6487 ConfigurationManager, init=-1: [3e108b50-707e-4267-a617-3ec28210b5c8:192.168.36.77:38906], old=null, confs=<EMPTY_MAP>
2019-08-23 02:45:26,164 [pool-741-thread-1] INFO  server.RaftServerConfigKeys (ConfUtils.java:logGet(43)) - raft.server.storage.dir = [/workdir/hadoop-ozone/integration-test/target/test-dir/MiniOzoneClusterImpl-2bd8e9d2-4d45-4779-a9d5-84448e8fa7d9/datanode-1/data/ratis] (custom)
2019-08-23 02:45:26,164 [pool-741-thread-1] INFO  storage.RaftStorageDirectory (RaftStorageDirectory.java:analyzeStorage(246)) - The storage directory /workdir/hadoop-ozone/integration-test/target/test-dir/MiniOzoneClusterImpl-2bd8e9d2-4d45-4779-a9d5-84448e8fa7d9/datanode-1/data/ratis/057cf3a1-1901-478c-8e13-1ba763fb6487 does not exist. Creating ...
2019-08-23 02:45:26,189 [pool-741-thread-1] INFO  storage.RaftStorageDirectory (RaftStorageDirectory.java:tryLock(328)) - Lock on /workdir/hadoop-ozone/integration-test/target/test-dir/MiniOzoneClusterImpl-2bd8e9d2-4d45-4779-a9d5-84448e8fa7d9/datanode-1/data/ratis/057cf3a1-1901-478c-8e13-1ba763fb6487/in_use.lock acquired by nodename 20953@pr-hdds-2000-5mb45-3533150274
2019-08-23 02:45:26,206 [pool-741-thread-1] INFO  storage.RaftStorage (RaftStorage.java:format(72)) - Storage directory /workdir/hadoop-ozone/integration-test/target/test-dir/MiniOzoneClusterImpl-2bd8e9d2-4d45-4779-a9d5-84448e8fa7d9/datanode-1/data/ratis/057cf3a1-1901-478c-8e13-1ba763fb6487 has been successfully formatted.
2019-08-23 02:45:26,206 [pool-741-thread-1] INFO  ratis.ContainerStateMachine (ContainerStateMachine.java:loadSnapshot(226)) - group-1BA763FB6487: The snapshot info is null. Setting the last applied indexto:(t:0, i:~)
2019-08-23 02:45:26,206 [pool-741-thread-1] INFO  server.RaftServerConfigKeys (ConfUtils.java:logGet(43)) - raft.server.leader.election.timeout = 120s (custom)
2019-08-23 02:45:26,206 [pool-741-thread-1] INFO  server.RaftServerConfigKeys (ConfUtils.java:logGet(43)) - raft.server.log.use.memory = false (default)
2019-08-23 02:45:26,207 [pool-741-thread-1] INFO  server.RaftServerConfigKeys (ConfUtils.java:logGet(43)) - raft.server.log.purge.gap = 1000000 (custom)
2019-08-23 02:45:26,207 [pool-741-thread-1] INFO  server.RaftServerConfigKeys (ConfUtils.java:logGet(43)) - raft.server.log.appender.buffer.byte-limit = 33554432 (custom)
2019-08-23 02:45:26,207 [pool-741-thread-1] INFO  server.RaftServerConfigKeys (ConfUtils.java:logGet(43)) - raft.server.log.segment.size.max = 1048576 (custom)
2019-08-23 02:45:26,207 [pool-741-thread-1] INFO  server.RaftServerConfigKeys (ConfUtils.java:logGet(43)) - raft.server.log.segment.cache.num.max = 2 (custom)
2019-08-23 02:45:26,207 [pool-741-thread-1] INFO  segmented.SegmentedRaftLogWorker (SegmentedRaftLogWorker.java:<init>(172)) - new 3e108b50-707e-4267-a617-3ec28210b5c8-SegmentedRaftLogWorker:Storage Directory /workdir/hadoop-ozone/integration-test/target/test-dir/MiniOzoneClusterImpl-2bd8e9d2-4d45-4779-a9d5-84448e8fa7d9/datanode-1/data/ratis/057cf3a1-1901-478c-8e13-1ba763fb6487 for RaftStorage:Storage Directory /workdir/hadoop-ozone/integration-test/target/test-dir/MiniOzoneClusterImpl-2bd8e9d2-4d45-4779-a9d5-84448e8fa7d9/datanode-1/data/ratis/057cf3a1-1901-478c-8e13-1ba763fb6487
2019-08-23 02:45:26,207 [pool-741-thread-1] INFO  server.RaftServerConfigKeys (ConfUtils.java:logGet(43)) - raft.server.log.queue.byte-limit = 2147483647 (custom)
2019-08-23 02:45:26,207 [pool-741-thread-1] INFO  server.RaftServerConfigKeys (ConfUtils.java:logGet(43)) - raft.server.log.queue.element-limit = 1024 (custom)
2019-08-23 02:45:26,207 [pool-741-thread-1] INFO  server.RaftServerConfigKeys (ConfUtils.java:logGet(43)) - raft.server.log.segment.size.max = 1048576 (custom)
2019-08-23 02:45:26,207 [pool-741-thread-1] INFO  server.RaftServerConfigKeys (ConfUtils.java:logGet(43)) - raft.server.log.preallocated.size = 16384 (custom)
2019-08-23 02:45:26,207 [pool-741-thread-1] INFO  server.RaftServerConfigKeys (ConfUtils.java:logGet(43)) - raft.server.log.write.buffer.size = 33554432 (custom)
2019-08-23 02:45:26,207 [pool-741-thread-1] INFO  server.RaftServerConfigKeys (ConfUtils.java:logGet(43)) - raft.server.log.force.sync.num = 128 (default)
2019-08-23 02:45:26,208 [pool-741-thread-1] INFO  server.RaftServerConfigKeys (ConfUtils.java:logGet(43)) - raft.server.log.statemachine.data.sync = true (default)
2019-08-23 02:45:26,208 [pool-741-thread-1] INFO  server.RaftServerConfigKeys (ConfUtils.java:logGet(43)) - raft.server.log.statemachine.data.sync.timeout = 10s (default)
2019-08-23 02:45:26,208 [pool-741-thread-1] INFO  server.RaftServerConfigKeys (ConfUtils.java:logGet(43)) - raft.server.log.statemachine.data.sync.timeout.retry = -1 (default)
2019-08-23 02:45:26,208 [pool-741-thread-1] INFO  server.RaftServerConfigKeys (ConfUtils.java:logGet(43)) - raft.server.log.statemachine.data.caching.enabled = true (custom)
2019-08-23 02:45:26,208 [pool-741-thread-1] INFO  segmented.SegmentedRaftLogWorker (SegmentedRaftLogWorker.java:lambda$new$0(132)) - 3e108b50-707e-4267-a617-3ec28210b5c8-SegmentedRaftLogWorker:Storage Directory /workdir/hadoop-ozone/integration-test/target/test-dir/MiniOzoneClusterImpl-2bd8e9d2-4d45-4779-a9d5-84448e8fa7d9/datanode-1/data/ratis/057cf3a1-1901-478c-8e13-1ba763fb6487: flushIndex: setUnconditionally 0 -> -1
2019-08-23 02:45:26,208 [pool-741-thread-1] INFO  server.RaftServerConfigKeys (ConfUtils.java:logGet(43)) - raft.server.snapshot.auto.trigger.enabled = true (custom)
2019-08-23 02:45:26,208 [pool-741-thread-1] INFO  server.RaftServerConfigKeys (ConfUtils.java:logGet(43)) - raft.server.snapshot.auto.trigger.threshold = 10000 (custom)
2019-08-23 02:45:26,209 [pool-741-thread-1] INFO  server.RaftServerConfigKeys (ConfUtils.java:logGet(43)) - raft.server.retrycache.expirytime = 600000ms (custom)
2019-08-23 02:45:26,209 [pool-741-thread-1] INFO  impl.RaftServerImpl (RaftServerImpl.java:start(180)) - 3e108b50-707e-4267-a617-3ec28210b5c8: start group-1BA763FB6487
2019-08-23 02:45:26,209 [pool-741-thread-1] INFO  impl.RaftServerImpl (RaftServerImpl.java:setRole(171)) - 3e108b50-707e-4267-a617-3ec28210b5c8:group-1BA763FB6487 changes role from null to FOLLOWER at term 0 for startAsFollower
2019-08-23 02:45:26,209 [pool-741-thread-1] INFO  impl.RoleInfo (RoleInfo.java:updateAndGet(143)) - 3e108b50-707e-4267-a617-3ec28210b5c8: start FollowerState
2019-08-23 02:45:26,209 [pool-741-thread-1] INFO  util.JmxRegister (JmxRegister.java:tryRegister(44)) - Successfully registered JMX Bean with object name Ratis:service=RaftServer,group=group-1BA763FB6487,id=3e108b50-707e-4267-a617-3ec28210b5c8
2019-08-23 02:45:26,214 [RatisPipelineUtilsThread] INFO  pipeline.PipelineStateManager (PipelineStateManager.java:addPipeline(56)) - Created pipeline Pipeline[ Id: 057cf3a1-1901-478c-8e13-1ba763fb6487, Nodes: 3e108b50-707e-4267-a617-3ec28210b5c8{ip: 192.168.36.77, host: pr-hdds-2000-5mb45-3533150274, networkLocation: /default-rack, certSerialId: null}, Type:RATIS, Factor:ONE, State:OPEN]
2019-08-23 02:45:26,217 [grpc-default-executor-9] INFO  impl.RaftServerProxy (RaftServerProxy.java:addNew(89)) - b0528765-b14f-4fab-ba7d-e08ffdb39ff8: addNew group-AB25A7817A85:[b0528765-b14f-4fab-ba7d-e08ffdb39ff8:192.168.36.77:35422] returns group-AB25A7817A85:java.util.concurrent.CompletableFuture@16418b7a[Not completed]
2019-08-23 02:45:26,219 [pool-763-thread-1] INFO  impl.RaftServerImpl (RaftServerImpl.java:<init>(93)) - b0528765-b14f-4fab-ba7d-e08ffdb39ff8: new RaftServerImpl for group-AB25A7817A85:[b0528765-b14f-4fab-ba7d-e08ffdb39ff8:192.168.36.77:35422] with ContainerStateMachine:uninitialized
2019-08-23 02:45:26,219 [pool-763-thread-1] INFO  server.RaftServerConfigKeys (ConfUtils.java:logGet(43)) - raft.server.rpc.timeout.min = 5s (custom)
2019-08-23 02:45:26,219 [pool-763-thread-1] INFO  server.RaftServerConfigKeys (ConfUtils.java:logGet(43)) - raft.server.rpc.timeout.max = 5200ms (custom)
2019-08-23 02:45:26,219 [pool-763-thread-1] INFO  server.RaftServerConfigKeys (ConfUtils.java:logGet(43)) - raft.server.rpcslowness.timeout = 120s (custom)
2019-08-23 02:45:26,219 [pool-763-thread-1] INFO  server.RaftServerConfigKeys (ConfUtils.java:logGet(43)) - raft.server.sleep.deviation.threshold = 300 (default)
2019-08-23 02:45:26,220 [pool-763-thread-1] INFO  server.RaftServerConfigKeys (ConfUtils.java:logGet(43)) - raft.server.log.appender.install.snapshot.enabled = false (custom)
2019-08-23 02:45:26,220 [pool-763-thread-1] INFO  impl.RaftServerImpl (ServerState.java:<init>(105)) - b0528765-b14f-4fab-ba7d-e08ffdb39ff8:group-AB25A7817A85 ConfigurationManager, init=-1: [b0528765-b14f-4fab-ba7d-e08ffdb39ff8:192.168.36.77:35422], old=null, confs=<EMPTY_MAP>
2019-08-23 02:45:26,220 [pool-763-thread-1] INFO  server.RaftServerConfigKeys (ConfUtils.java:logGet(43)) - raft.server.storage.dir = [/workdir/hadoop-ozone/integration-test/target/test-dir/MiniOzoneClusterImpl-2bd8e9d2-4d45-4779-a9d5-84448e8fa7d9/datanode-3/data/ratis] (custom)
2019-08-23 02:45:26,220 [main] INFO  ozone.MiniOzoneClusterImpl (MiniOzoneClusterImpl.java:lambda$waitForClusterToBeReady$0(142)) - Waiting for cluster to be ready. Got 4 of 7 DN Heartbeats.
2019-08-23 02:45:26,223 [pool-763-thread-1] INFO  storage.RaftStorageDirectory (RaftStorageDirectory.java:analyzeStorage(246)) - The storage directory /workdir/hadoop-ozone/integration-test/target/test-dir/MiniOzoneClusterImpl-2bd8e9d2-4d45-4779-a9d5-84448e8fa7d9/datanode-3/data/ratis/51680b31-5726-4792-8076-ab25a7817a85 does not exist. Creating ...
2019-08-23 02:45:26,223 [IPC Server handler 1 on 33821] INFO  net.NetworkTopology (NetworkTopologyImpl.java:add(110)) - Added a new node: /default-rack/c1a09a1d-94c6-445f-990d-45b77f19286c
2019-08-23 02:45:26,223 [IPC Server handler 1 on 33821] INFO  node.SCMNodeManager (SCMNodeManager.java:register(273)) - Registered Data node : c1a09a1d-94c6-445f-990d-45b77f19286c{ip: 192.168.36.77, host: pr-hdds-2000-5mb45-3533150274, networkLocation: /default-rack, certSerialId: null}
2019-08-23 02:45:26,223 | INFO  | SCMAudit | user=jenkins1000 | ip=192.168.36.77 | op=REGISTER {datanodeDetails=c1a09a1d-94c6-445f-990d-45b77f19286c{ip: 192.168.36.77, host: pr-hdds-2000-5mb45-3533150274, networkLocation: /default-rack, certSerialId: null}} | ret=SUCCESS |  
2019-08-23 02:45:26,240 [pool-763-thread-1] INFO  storage.RaftStorageDirectory (RaftStorageDirectory.java:tryLock(328)) - Lock on /workdir/hadoop-ozone/integration-test/target/test-dir/MiniOzoneClusterImpl-2bd8e9d2-4d45-4779-a9d5-84448e8fa7d9/datanode-3/data/ratis/51680b31-5726-4792-8076-ab25a7817a85/in_use.lock acquired by nodename 20953@pr-hdds-2000-5mb45-3533150274
2019-08-23 02:45:26,283 | INFO  | SCMAudit | user=jenkins1000 | ip=192.168.36.77 | op=SEND_HEARTBEAT {datanodeUUID=b0528765-b14f-4fab-ba7d-e08ffdb39ff8, command=[]} | ret=SUCCESS |  
2019-08-23 02:45:26,291 [pool-763-thread-1] INFO  storage.RaftStorage (RaftStorage.java:format(72)) - Storage directory /workdir/hadoop-ozone/integration-test/target/test-dir/MiniOzoneClusterImpl-2bd8e9d2-4d45-4779-a9d5-84448e8fa7d9/datanode-3/data/ratis/51680b31-5726-4792-8076-ab25a7817a85 has been successfully formatted.
2019-08-23 02:45:26,291 [pool-763-thread-1] INFO  ratis.ContainerStateMachine (ContainerStateMachine.java:loadSnapshot(226)) - group-AB25A7817A85: The snapshot info is null. Setting the last applied indexto:(t:0, i:~)
2019-08-23 02:45:26,291 [pool-763-thread-1] INFO  server.RaftServerConfigKeys (ConfUtils.java:logGet(43)) - raft.server.leader.election.timeout = 120s (custom)
2019-08-23 02:45:26,291 [pool-763-thread-1] INFO  server.RaftServerConfigKeys (ConfUtils.java:logGet(43)) - raft.server.log.use.memory = false (default)
2019-08-23 02:45:26,291 [pool-763-thread-1] INFO  server.RaftServerConfigKeys (ConfUtils.java:logGet(43)) - raft.server.log.purge.gap = 1000000 (custom)
2019-08-23 02:45:26,291 [pool-763-thread-1] INFO  server.RaftServerConfigKeys (ConfUtils.java:logGet(43)) - raft.server.log.appender.buffer.byte-limit = 33554432 (custom)
2019-08-23 02:45:26,292 [pool-763-thread-1] INFO  server.RaftServerConfigKeys (ConfUtils.java:logGet(43)) - raft.server.log.segment.size.max = 1048576 (custom)
2019-08-23 02:45:26,292 [pool-763-thread-1] INFO  server.RaftServerConfigKeys (ConfUtils.java:logGet(43)) - raft.server.log.segment.cache.num.max = 2 (custom)
2019-08-23 02:45:26,292 [pool-763-thread-1] INFO  segmented.SegmentedRaftLogWorker (SegmentedRaftLogWorker.java:<init>(172)) - new b0528765-b14f-4fab-ba7d-e08ffdb39ff8-SegmentedRaftLogWorker:Storage Directory /workdir/hadoop-ozone/integration-test/target/test-dir/MiniOzoneClusterImpl-2bd8e9d2-4d45-4779-a9d5-84448e8fa7d9/datanode-3/data/ratis/51680b31-5726-4792-8076-ab25a7817a85 for RaftStorage:Storage Directory /workdir/hadoop-ozone/integration-test/target/test-dir/MiniOzoneClusterImpl-2bd8e9d2-4d45-4779-a9d5-84448e8fa7d9/datanode-3/data/ratis/51680b31-5726-4792-8076-ab25a7817a85
2019-08-23 02:45:26,292 [pool-763-thread-1] INFO  server.RaftServerConfigKeys (ConfUtils.java:logGet(43)) - raft.server.log.queue.byte-limit = 2147483647 (custom)
2019-08-23 02:45:26,292 [pool-763-thread-1] INFO  server.RaftServerConfigKeys (ConfUtils.java:logGet(43)) - raft.server.log.queue.element-limit = 1024 (custom)
2019-08-23 02:45:26,292 [pool-763-thread-1] INFO  server.RaftServerConfigKeys (ConfUtils.java:logGet(43)) - raft.server.log.segment.size.max = 1048576 (custom)
2019-08-23 02:45:26,292 [pool-763-thread-1] INFO  server.RaftServerConfigKeys (ConfUtils.java:logGet(43)) - raft.server.log.preallocated.size = 16384 (custom)
2019-08-23 02:45:26,292 [pool-763-thread-1] INFO  server.RaftServerConfigKeys (ConfUtils.java:logGet(43)) - raft.server.log.write.buffer.size = 33554432 (custom)
2019-08-23 02:45:26,292 [pool-763-thread-1] INFO  server.RaftServerConfigKeys (ConfUtils.java:logGet(43)) - raft.server.log.force.sync.num = 128 (default)
2019-08-23 02:45:26,292 [pool-763-thread-1] INFO  server.RaftServerConfigKeys (ConfUtils.java:logGet(43)) - raft.server.log.statemachine.data.sync = true (default)
2019-08-23 02:45:26,292 [pool-763-thread-1] INFO  server.RaftServerConfigKeys (ConfUtils.java:logGet(43)) - raft.server.log.statemachine.data.sync.timeout = 10s (default)
2019-08-23 02:45:26,293 [pool-763-thread-1] INFO  server.RaftServerConfigKeys (ConfUtils.java:logGet(43)) - raft.server.log.statemachine.data.sync.timeout.retry = -1 (default)
2019-08-23 02:45:26,293 [pool-763-thread-1] INFO  server.RaftServerConfigKeys (ConfUtils.java:logGet(43)) - raft.server.log.statemachine.data.caching.enabled = true (custom)
2019-08-23 02:45:26,293 [pool-763-thread-1] INFO  segmented.SegmentedRaftLogWorker (SegmentedRaftLogWorker.java:lambda$new$0(132)) - b0528765-b14f-4fab-ba7d-e08ffdb39ff8-SegmentedRaftLogWorker:Storage Directory /workdir/hadoop-ozone/integration-test/target/test-dir/MiniOzoneClusterImpl-2bd8e9d2-4d45-4779-a9d5-84448e8fa7d9/datanode-3/data/ratis/51680b31-5726-4792-8076-ab25a7817a85: flushIndex: setUnconditionally 0 -> -1
2019-08-23 02:45:26,293 [pool-763-thread-1] INFO  server.RaftServerConfigKeys (ConfUtils.java:logGet(43)) - raft.server.snapshot.auto.trigger.enabled = true (custom)
2019-08-23 02:45:26,293 [pool-763-thread-1] INFO  server.RaftServerConfigKeys (ConfUtils.java:logGet(43)) - raft.server.snapshot.auto.trigger.threshold = 10000 (custom)
2019-08-23 02:45:26,293 [pool-763-thread-1] INFO  server.RaftServerConfigKeys (ConfUtils.java:logGet(43)) - raft.server.retrycache.expirytime = 600000ms (custom)
2019-08-23 02:45:26,294 [pool-763-thread-1] INFO  impl.RaftServerImpl (RaftServerImpl.java:start(180)) - b0528765-b14f-4fab-ba7d-e08ffdb39ff8: start group-AB25A7817A85
2019-08-23 02:45:26,294 [pool-763-thread-1] INFO  impl.RaftServerImpl (RaftServerImpl.java:setRole(171)) - b0528765-b14f-4fab-ba7d-e08ffdb39ff8:group-AB25A7817A85 changes role from null to FOLLOWER at term 0 for startAsFollower
2019-08-23 02:45:26,294 [pool-763-thread-1] INFO  impl.RoleInfo (RoleInfo.java:updateAndGet(143)) - b0528765-b14f-4fab-ba7d-e08ffdb39ff8: start FollowerState
2019-08-23 02:45:26,294 [pool-763-thread-1] INFO  util.JmxRegister (JmxRegister.java:tryRegister(44)) - Successfully registered JMX Bean with object name Ratis:service=RaftServer,group=group-AB25A7817A85,id=b0528765-b14f-4fab-ba7d-e08ffdb39ff8
2019-08-23 02:45:26,299 [RatisPipelineUtilsThread] INFO  pipeline.PipelineStateManager (PipelineStateManager.java:addPipeline(56)) - Created pipeline Pipeline[ Id: 51680b31-5726-4792-8076-ab25a7817a85, Nodes: b0528765-b14f-4fab-ba7d-e08ffdb39ff8{ip: 192.168.36.77, host: pr-hdds-2000-5mb45-3533150274, networkLocation: /default-rack, certSerialId: null}, Type:RATIS, Factor:ONE, State:OPEN]
2019-08-23 02:45:26,303 [grpc-default-executor-9] INFO  impl.RaftServerProxy (RaftServerProxy.java:addNew(89)) - c1a09a1d-94c6-445f-990d-45b77f19286c: addNew group-156AB50BACB4:[c1a09a1d-94c6-445f-990d-45b77f19286c:192.168.36.77:42886] returns group-156AB50BACB4:java.util.concurrent.CompletableFuture@1a0fe19f[Not completed]
2019-08-23 02:45:26,304 [pool-796-thread-1] INFO  impl.RaftServerImpl (RaftServerImpl.java:<init>(93)) - c1a09a1d-94c6-445f-990d-45b77f19286c: new RaftServerImpl for group-156AB50BACB4:[c1a09a1d-94c6-445f-990d-45b77f19286c:192.168.36.77:42886] with ContainerStateMachine:uninitialized
2019-08-23 02:45:26,305 [pool-796-thread-1] INFO  server.RaftServerConfigKeys (ConfUtils.java:logGet(43)) - raft.server.rpc.timeout.min = 5s (custom)
2019-08-23 02:45:26,305 [pool-796-thread-1] INFO  server.RaftServerConfigKeys (ConfUtils.java:logGet(43)) - raft.server.rpc.timeout.max = 5200ms (custom)
2019-08-23 02:45:26,305 [pool-796-thread-1] INFO  server.RaftServerConfigKeys (ConfUtils.java:logGet(43)) - raft.server.rpcslowness.timeout = 120s (custom)
2019-08-23 02:45:26,305 [pool-796-thread-1] INFO  server.RaftServerConfigKeys (ConfUtils.java:logGet(43)) - raft.server.sleep.deviation.threshold = 300 (default)
2019-08-23 02:45:26,305 [pool-796-thread-1] INFO  server.RaftServerConfigKeys (ConfUtils.java:logGet(43)) - raft.server.log.appender.install.snapshot.enabled = false (custom)
2019-08-23 02:45:26,305 [pool-796-thread-1] INFO  impl.RaftServerImpl (ServerState.java:<init>(105)) - c1a09a1d-94c6-445f-990d-45b77f19286c:group-156AB50BACB4 ConfigurationManager, init=-1: [c1a09a1d-94c6-445f-990d-45b77f19286c:192.168.36.77:42886], old=null, confs=<EMPTY_MAP>
2019-08-23 02:45:26,305 [pool-796-thread-1] INFO  server.RaftServerConfigKeys (ConfUtils.java:logGet(43)) - raft.server.storage.dir = [/workdir/hadoop-ozone/integration-test/target/test-dir/MiniOzoneClusterImpl-2bd8e9d2-4d45-4779-a9d5-84448e8fa7d9/datanode-6/data/ratis] (custom)
2019-08-23 02:45:26,306 [pool-796-thread-1] INFO  storage.RaftStorageDirectory (RaftStorageDirectory.java:analyzeStorage(246)) - The storage directory /workdir/hadoop-ozone/integration-test/target/test-dir/MiniOzoneClusterImpl-2bd8e9d2-4d45-4779-a9d5-84448e8fa7d9/datanode-6/data/ratis/e5c023ca-3056-4144-b4d0-156ab50bacb4 does not exist. Creating ...
2019-08-23 02:45:26,333 [pool-796-thread-1] INFO  storage.RaftStorageDirectory (RaftStorageDirectory.java:tryLock(328)) - Lock on /workdir/hadoop-ozone/integration-test/target/test-dir/MiniOzoneClusterImpl-2bd8e9d2-4d45-4779-a9d5-84448e8fa7d9/datanode-6/data/ratis/e5c023ca-3056-4144-b4d0-156ab50bacb4/in_use.lock acquired by nodename 20953@pr-hdds-2000-5mb45-3533150274
2019-08-23 02:45:26,350 [pool-796-thread-1] INFO  storage.RaftStorage (RaftStorage.java:format(72)) - Storage directory /workdir/hadoop-ozone/integration-test/target/test-dir/MiniOzoneClusterImpl-2bd8e9d2-4d45-4779-a9d5-84448e8fa7d9/datanode-6/data/ratis/e5c023ca-3056-4144-b4d0-156ab50bacb4 has been successfully formatted.
2019-08-23 02:45:26,350 [pool-796-thread-1] INFO  ratis.ContainerStateMachine (ContainerStateMachine.java:loadSnapshot(226)) - group-156AB50BACB4: The snapshot info is null. Setting the last applied indexto:(t:0, i:~)
2019-08-23 02:45:26,350 [pool-796-thread-1] INFO  server.RaftServerConfigKeys (ConfUtils.java:logGet(43)) - raft.server.leader.election.timeout = 120s (custom)
2019-08-23 02:45:26,350 [pool-796-thread-1] INFO  server.RaftServerConfigKeys (ConfUtils.java:logGet(43)) - raft.server.log.use.memory = false (default)
2019-08-23 02:45:26,350 [pool-796-thread-1] INFO  server.RaftServerConfigKeys (ConfUtils.java:logGet(43)) - raft.server.log.purge.gap = 1000000 (custom)
2019-08-23 02:45:26,351 [pool-796-thread-1] INFO  server.RaftServerConfigKeys (ConfUtils.java:logGet(43)) - raft.server.log.appender.buffer.byte-limit = 33554432 (custom)
2019-08-23 02:45:26,351 [pool-796-thread-1] INFO  server.RaftServerConfigKeys (ConfUtils.java:logGet(43)) - raft.server.log.segment.size.max = 1048576 (custom)
2019-08-23 02:45:26,351 [pool-796-thread-1] INFO  server.RaftServerConfigKeys (ConfUtils.java:logGet(43)) - raft.server.log.segment.cache.num.max = 2 (custom)
2019-08-23 02:45:26,351 [pool-796-thread-1] INFO  segmented.SegmentedRaftLogWorker (SegmentedRaftLogWorker.java:<init>(172)) - new c1a09a1d-94c6-445f-990d-45b77f19286c-SegmentedRaftLogWorker:Storage Directory /workdir/hadoop-ozone/integration-test/target/test-dir/MiniOzoneClusterImpl-2bd8e9d2-4d45-4779-a9d5-84448e8fa7d9/datanode-6/data/ratis/e5c023ca-3056-4144-b4d0-156ab50bacb4 for RaftStorage:Storage Directory /workdir/hadoop-ozone/integration-test/target/test-dir/MiniOzoneClusterImpl-2bd8e9d2-4d45-4779-a9d5-84448e8fa7d9/datanode-6/data/ratis/e5c023ca-3056-4144-b4d0-156ab50bacb4
2019-08-23 02:45:26,351 [pool-796-thread-1] INFO  server.RaftServerConfigKeys (ConfUtils.java:logGet(43)) - raft.server.log.queue.byte-limit = 2147483647 (custom)
2019-08-23 02:45:26,351 [pool-796-thread-1] INFO  server.RaftServerConfigKeys (ConfUtils.java:logGet(43)) - raft.server.log.queue.element-limit = 1024 (custom)
2019-08-23 02:45:26,352 [pool-796-thread-1] INFO  server.RaftServerConfigKeys (ConfUtils.java:logGet(43)) - raft.server.log.segment.size.max = 1048576 (custom)
2019-08-23 02:45:26,352 [pool-796-thread-1] INFO  server.RaftServerConfigKeys (ConfUtils.java:logGet(43)) - raft.server.log.preallocated.size = 16384 (custom)
2019-08-23 02:45:26,352 [pool-796-thread-1] INFO  server.RaftServerConfigKeys (ConfUtils.java:logGet(43)) - raft.server.log.write.buffer.size = 33554432 (custom)
2019-08-23 02:45:26,352 [pool-796-thread-1] INFO  server.RaftServerConfigKeys (ConfUtils.java:logGet(43)) - raft.server.log.force.sync.num = 128 (default)
2019-08-23 02:45:26,352 [pool-796-thread-1] INFO  server.RaftServerConfigKeys (ConfUtils.java:logGet(43)) - raft.server.log.statemachine.data.sync = true (default)
2019-08-23 02:45:26,352 [pool-796-thread-1] INFO  server.RaftServerConfigKeys (ConfUtils.java:logGet(43)) - raft.server.log.statemachine.data.sync.timeout = 10s (default)
2019-08-23 02:45:26,352 [pool-796-thread-1] INFO  server.RaftServerConfigKeys (ConfUtils.java:logGet(43)) - raft.server.log.statemachine.data.sync.timeout.retry = -1 (default)
2019-08-23 02:45:26,353 [pool-796-thread-1] INFO  server.RaftServerConfigKeys (ConfUtils.java:logGet(43)) - raft.server.log.statemachine.data.caching.enabled = true (custom)
2019-08-23 02:45:26,353 [pool-796-thread-1] INFO  segmented.SegmentedRaftLogWorker (SegmentedRaftLogWorker.java:lambda$new$0(132)) - c1a09a1d-94c6-445f-990d-45b77f19286c-SegmentedRaftLogWorker:Storage Directory /workdir/hadoop-ozone/integration-test/target/test-dir/MiniOzoneClusterImpl-2bd8e9d2-4d45-4779-a9d5-84448e8fa7d9/datanode-6/data/ratis/e5c023ca-3056-4144-b4d0-156ab50bacb4: flushIndex: setUnconditionally 0 -> -1
2019-08-23 02:45:26,353 [pool-796-thread-1] INFO  server.RaftServerConfigKeys (ConfUtils.java:logGet(43)) - raft.server.snapshot.auto.trigger.enabled = true (custom)
2019-08-23 02:45:26,353 [pool-796-thread-1] INFO  server.RaftServerConfigKeys (ConfUtils.java:logGet(43)) - raft.server.snapshot.auto.trigger.threshold = 10000 (custom)
2019-08-23 02:45:26,353 [pool-796-thread-1] INFO  server.RaftServerConfigKeys (ConfUtils.java:logGet(43)) - raft.server.retrycache.expirytime = 600000ms (custom)
2019-08-23 02:45:26,354 [pool-796-thread-1] INFO  impl.RaftServerImpl (RaftServerImpl.java:start(180)) - c1a09a1d-94c6-445f-990d-45b77f19286c: start group-156AB50BACB4
2019-08-23 02:45:26,354 [pool-796-thread-1] INFO  impl.RaftServerImpl (RaftServerImpl.java:setRole(171)) - c1a09a1d-94c6-445f-990d-45b77f19286c:group-156AB50BACB4 changes role from null to FOLLOWER at term 0 for startAsFollower
2019-08-23 02:45:26,354 [pool-796-thread-1] INFO  impl.RoleInfo (RoleInfo.java:updateAndGet(143)) - c1a09a1d-94c6-445f-990d-45b77f19286c: start FollowerState
2019-08-23 02:45:26,354 [pool-796-thread-1] INFO  util.JmxRegister (JmxRegister.java:tryRegister(44)) - Successfully registered JMX Bean with object name Ratis:service=RaftServer,group=group-156AB50BACB4,id=c1a09a1d-94c6-445f-990d-45b77f19286c
2019-08-23 02:45:26,359 [RatisPipelineUtilsThread] INFO  pipeline.PipelineStateManager (PipelineStateManager.java:addPipeline(56)) - Created pipeline Pipeline[ Id: e5c023ca-3056-4144-b4d0-156ab50bacb4, Nodes: c1a09a1d-94c6-445f-990d-45b77f19286c{ip: 192.168.36.77, host: pr-hdds-2000-5mb45-3533150274, networkLocation: /default-rack, certSerialId: null}, Type:RATIS, Factor:ONE, State:OPEN]
2019-08-23 02:45:26,365 [grpc-default-executor-9] INFO  impl.RaftServerProxy (RaftServerProxy.java:addNew(89)) - b8acb2ee-97fa-480c-8afb-a3c2ac812661: addNew group-30593B93B938:[b8acb2ee-97fa-480c-8afb-a3c2ac812661:192.168.36.77:33879] returns group-30593B93B938:java.util.concurrent.CompletableFuture@43321d0d[Not completed]
2019-08-23 02:45:26,366 [pool-752-thread-1] INFO  impl.RaftServerImpl (RaftServerImpl.java:<init>(93)) - b8acb2ee-97fa-480c-8afb-a3c2ac812661: new RaftServerImpl for group-30593B93B938:[b8acb2ee-97fa-480c-8afb-a3c2ac812661:192.168.36.77:33879] with ContainerStateMachine:uninitialized
2019-08-23 02:45:26,366 [pool-752-thread-1] INFO  server.RaftServerConfigKeys (ConfUtils.java:logGet(43)) - raft.server.rpc.timeout.min = 5s (custom)
2019-08-23 02:45:26,366 [pool-752-thread-1] INFO  server.RaftServerConfigKeys (ConfUtils.java:logGet(43)) - raft.server.rpc.timeout.max = 5200ms (custom)
2019-08-23 02:45:26,366 [pool-752-thread-1] INFO  server.RaftServerConfigKeys (ConfUtils.java:logGet(43)) - raft.server.rpcslowness.timeout = 120s (custom)
2019-08-23 02:45:26,367 [pool-752-thread-1] INFO  server.RaftServerConfigKeys (ConfUtils.java:logGet(43)) - raft.server.sleep.deviation.threshold = 300 (default)
2019-08-23 02:45:26,367 [pool-752-thread-1] INFO  server.RaftServerConfigKeys (ConfUtils.java:logGet(43)) - raft.server.log.appender.install.snapshot.enabled = false (custom)
2019-08-23 02:45:26,367 [pool-752-thread-1] INFO  impl.RaftServerImpl (ServerState.java:<init>(105)) - b8acb2ee-97fa-480c-8afb-a3c2ac812661:group-30593B93B938 ConfigurationManager, init=-1: [b8acb2ee-97fa-480c-8afb-a3c2ac812661:192.168.36.77:33879], old=null, confs=<EMPTY_MAP>
2019-08-23 02:45:26,367 [pool-752-thread-1] INFO  server.RaftServerConfigKeys (ConfUtils.java:logGet(43)) - raft.server.storage.dir = [/workdir/hadoop-ozone/integration-test/target/test-dir/MiniOzoneClusterImpl-2bd8e9d2-4d45-4779-a9d5-84448e8fa7d9/datanode-2/data/ratis] (custom)
2019-08-23 02:45:26,367 [pool-752-thread-1] INFO  storage.RaftStorageDirectory (RaftStorageDirectory.java:analyzeStorage(246)) - The storage directory /workdir/hadoop-ozone/integration-test/target/test-dir/MiniOzoneClusterImpl-2bd8e9d2-4d45-4779-a9d5-84448e8fa7d9/datanode-2/data/ratis/a3bdbab5-6b04-4480-a00f-30593b93b938 does not exist. Creating ...
2019-08-23 02:45:26,384 [pool-752-thread-1] INFO  storage.RaftStorageDirectory (RaftStorageDirectory.java:tryLock(328)) - Lock on /workdir/hadoop-ozone/integration-test/target/test-dir/MiniOzoneClusterImpl-2bd8e9d2-4d45-4779-a9d5-84448e8fa7d9/datanode-2/data/ratis/a3bdbab5-6b04-4480-a00f-30593b93b938/in_use.lock acquired by nodename 20953@pr-hdds-2000-5mb45-3533150274
2019-08-23 02:45:26,410 [pool-752-thread-1] INFO  storage.RaftStorage (RaftStorage.java:format(72)) - Storage directory /workdir/hadoop-ozone/integration-test/target/test-dir/MiniOzoneClusterImpl-2bd8e9d2-4d45-4779-a9d5-84448e8fa7d9/datanode-2/data/ratis/a3bdbab5-6b04-4480-a00f-30593b93b938 has been successfully formatted.
2019-08-23 02:45:26,410 [pool-752-thread-1] INFO  ratis.ContainerStateMachine (ContainerStateMachine.java:loadSnapshot(226)) - group-30593B93B938: The snapshot info is null. Setting the last applied indexto:(t:0, i:~)
2019-08-23 02:45:26,410 [pool-752-thread-1] INFO  server.RaftServerConfigKeys (ConfUtils.java:logGet(43)) - raft.server.leader.election.timeout = 120s (custom)
2019-08-23 02:45:26,410 [pool-752-thread-1] INFO  server.RaftServerConfigKeys (ConfUtils.java:logGet(43)) - raft.server.log.use.memory = false (default)
2019-08-23 02:45:26,410 [pool-752-thread-1] INFO  server.RaftServerConfigKeys (ConfUtils.java:logGet(43)) - raft.server.log.purge.gap = 1000000 (custom)
2019-08-23 02:45:26,410 [pool-752-thread-1] INFO  server.RaftServerConfigKeys (ConfUtils.java:logGet(43)) - raft.server.log.appender.buffer.byte-limit = 33554432 (custom)
2019-08-23 02:45:26,411 [pool-752-thread-1] INFO  server.RaftServerConfigKeys (ConfUtils.java:logGet(43)) - raft.server.log.segment.size.max = 1048576 (custom)
2019-08-23 02:45:26,411 [pool-752-thread-1] INFO  server.RaftServerConfigKeys (ConfUtils.java:logGet(43)) - raft.server.log.segment.cache.num.max = 2 (custom)
2019-08-23 02:45:26,411 [pool-752-thread-1] INFO  segmented.SegmentedRaftLogWorker (SegmentedRaftLogWorker.java:<init>(172)) - new b8acb2ee-97fa-480c-8afb-a3c2ac812661-SegmentedRaftLogWorker:Storage Directory /workdir/hadoop-ozone/integration-test/target/test-dir/MiniOzoneClusterImpl-2bd8e9d2-4d45-4779-a9d5-84448e8fa7d9/datanode-2/data/ratis/a3bdbab5-6b04-4480-a00f-30593b93b938 for RaftStorage:Storage Directory /workdir/hadoop-ozone/integration-test/target/test-dir/MiniOzoneClusterImpl-2bd8e9d2-4d45-4779-a9d5-84448e8fa7d9/datanode-2/data/ratis/a3bdbab5-6b04-4480-a00f-30593b93b938
2019-08-23 02:45:26,411 [pool-752-thread-1] INFO  server.RaftServerConfigKeys (ConfUtils.java:logGet(43)) - raft.server.log.queue.byte-limit = 2147483647 (custom)
2019-08-23 02:45:26,411 [pool-752-thread-1] INFO  server.RaftServerConfigKeys (ConfUtils.java:logGet(43)) - raft.server.log.queue.element-limit = 1024 (custom)
2019-08-23 02:45:26,412 [pool-752-thread-1] INFO  server.RaftServerConfigKeys (ConfUtils.java:logGet(43)) - raft.server.log.segment.size.max = 1048576 (custom)
2019-08-23 02:45:26,412 [pool-752-thread-1] INFO  server.RaftServerConfigKeys (ConfUtils.java:logGet(43)) - raft.server.log.preallocated.size = 16384 (custom)
2019-08-23 02:45:26,412 [pool-752-thread-1] INFO  server.RaftServerConfigKeys (ConfUtils.java:logGet(43)) - raft.server.log.write.buffer.size = 33554432 (custom)
2019-08-23 02:45:26,412 [pool-752-thread-1] INFO  server.RaftServerConfigKeys (ConfUtils.java:logGet(43)) - raft.server.log.force.sync.num = 128 (default)
2019-08-23 02:45:26,412 [pool-752-thread-1] INFO  server.RaftServerConfigKeys (ConfUtils.java:logGet(43)) - raft.server.log.statemachine.data.sync = true (default)
2019-08-23 02:45:26,412 [pool-752-thread-1] INFO  server.RaftServerConfigKeys (ConfUtils.java:logGet(43)) - raft.server.log.statemachine.data.sync.timeout = 10s (default)
2019-08-23 02:45:26,412 [pool-752-thread-1] INFO  server.RaftServerConfigKeys (ConfUtils.java:logGet(43)) - raft.server.log.statemachine.data.sync.timeout.retry = -1 (default)
2019-08-23 02:45:26,413 [pool-752-thread-1] INFO  server.RaftServerConfigKeys (ConfUtils.java:logGet(43)) - raft.server.log.statemachine.data.caching.enabled = true (custom)
2019-08-23 02:45:26,413 [pool-752-thread-1] INFO  segmented.SegmentedRaftLogWorker (SegmentedRaftLogWorker.java:lambda$new$0(132)) - b8acb2ee-97fa-480c-8afb-a3c2ac812661-SegmentedRaftLogWorker:Storage Directory /workdir/hadoop-ozone/integration-test/target/test-dir/MiniOzoneClusterImpl-2bd8e9d2-4d45-4779-a9d5-84448e8fa7d9/datanode-2/data/ratis/a3bdbab5-6b04-4480-a00f-30593b93b938: flushIndex: setUnconditionally 0 -> -1
2019-08-23 02:45:26,413 [pool-752-thread-1] INFO  server.RaftServerConfigKeys (ConfUtils.java:logGet(43)) - raft.server.snapshot.auto.trigger.enabled = true (custom)
2019-08-23 02:45:26,413 [pool-752-thread-1] INFO  server.RaftServerConfigKeys (ConfUtils.java:logGet(43)) - raft.server.snapshot.auto.trigger.threshold = 10000 (custom)
2019-08-23 02:45:26,414 [pool-752-thread-1] INFO  server.RaftServerConfigKeys (ConfUtils.java:logGet(43)) - raft.server.retrycache.expirytime = 600000ms (custom)
2019-08-23 02:45:26,414 [pool-752-thread-1] INFO  impl.RaftServerImpl (RaftServerImpl.java:start(180)) - b8acb2ee-97fa-480c-8afb-a3c2ac812661: start group-30593B93B938
2019-08-23 02:45:26,414 [pool-752-thread-1] INFO  impl.RaftServerImpl (RaftServerImpl.java:setRole(171)) - b8acb2ee-97fa-480c-8afb-a3c2ac812661:group-30593B93B938 changes role from null to FOLLOWER at term 0 for startAsFollower
2019-08-23 02:45:26,414 [pool-752-thread-1] INFO  impl.RoleInfo (RoleInfo.java:updateAndGet(143)) - b8acb2ee-97fa-480c-8afb-a3c2ac812661: start FollowerState
2019-08-23 02:45:26,414 [pool-752-thread-1] INFO  util.JmxRegister (JmxRegister.java:tryRegister(44)) - Successfully registered JMX Bean with object name Ratis:service=RaftServer,group=group-30593B93B938,id=b8acb2ee-97fa-480c-8afb-a3c2ac812661
2019-08-23 02:45:26,419 [RatisPipelineUtilsThread] INFO  pipeline.PipelineStateManager (PipelineStateManager.java:addPipeline(56)) - Created pipeline Pipeline[ Id: a3bdbab5-6b04-4480-a00f-30593b93b938, Nodes: b8acb2ee-97fa-480c-8afb-a3c2ac812661{ip: 192.168.36.77, host: pr-hdds-2000-5mb45-3533150274, networkLocation: /default-rack, certSerialId: null}, Type:RATIS, Factor:ONE, State:OPEN]
2019-08-23 02:45:26,695 | INFO  | SCMAudit | user=jenkins1000 | ip=192.168.36.77 | op=SEND_HEARTBEAT {datanodeUUID=660dca87-d357-47a3-a223-4042f8796b14, command=[]} | ret=SUCCESS |  
2019-08-23 02:45:26,881 | INFO  | SCMAudit | user=jenkins1000 | ip=192.168.36.77 | op=SEND_HEARTBEAT {datanodeUUID=3e108b50-707e-4267-a617-3ec28210b5c8, command=[]} | ret=SUCCESS |  
2019-08-23 02:45:27,053 | INFO  | SCMAudit | user=jenkins1000 | ip=192.168.36.77 | op=SEND_HEARTBEAT {datanodeUUID=b8acb2ee-97fa-480c-8afb-a3c2ac812661, command=[]} | ret=SUCCESS |  
2019-08-23 02:45:27,223 [main] INFO  ozone.MiniOzoneClusterImpl (MiniOzoneClusterImpl.java:lambda$waitForClusterToBeReady$0(142)) - Waiting for cluster to be ready. Got 5 of 7 DN Heartbeats.
2019-08-23 02:45:27,282 | INFO  | SCMAudit | user=jenkins1000 | ip=192.168.36.77 | op=SEND_HEARTBEAT {datanodeUUID=b0528765-b14f-4fab-ba7d-e08ffdb39ff8, command=[]} | ret=SUCCESS |  
2019-08-23 02:45:27,504 [IPC Server handler 5 on 33821] INFO  net.NetworkTopology (NetworkTopologyImpl.java:add(110)) - Added a new node: /default-rack/9e2111f4-c022-4843-a18f-ebc5260af7a4
2019-08-23 02:45:27,504 [IPC Server handler 5 on 33821] INFO  node.SCMNodeManager (SCMNodeManager.java:register(273)) - Registered Data node : 9e2111f4-c022-4843-a18f-ebc5260af7a4{ip: 192.168.36.77, host: pr-hdds-2000-5mb45-3533150274, networkLocation: /default-rack, certSerialId: null}
2019-08-23 02:45:27,505 | INFO  | SCMAudit | user=jenkins1000 | ip=192.168.36.77 | op=REGISTER {datanodeDetails=9e2111f4-c022-4843-a18f-ebc5260af7a4{ip: 192.168.36.77, host: pr-hdds-2000-5mb45-3533150274, networkLocation: /default-rack, certSerialId: null}} | ret=SUCCESS |  
2019-08-23 02:45:27,510 [grpc-default-executor-9] INFO  impl.RaftServerProxy (RaftServerProxy.java:addNew(89)) - 9e2111f4-c022-4843-a18f-ebc5260af7a4: addNew group-E530EE9FAB4F:[9e2111f4-c022-4843-a18f-ebc5260af7a4:192.168.36.77:42318] returns group-E530EE9FAB4F:java.util.concurrent.CompletableFuture@291c01f[Not completed]
2019-08-23 02:45:27,510 [pool-774-thread-1] INFO  impl.RaftServerImpl (RaftServerImpl.java:<init>(93)) - 9e2111f4-c022-4843-a18f-ebc5260af7a4: new RaftServerImpl for group-E530EE9FAB4F:[9e2111f4-c022-4843-a18f-ebc5260af7a4:192.168.36.77:42318] with ContainerStateMachine:uninitialized
2019-08-23 02:45:27,511 [pool-774-thread-1] INFO  server.RaftServerConfigKeys (ConfUtils.java:logGet(43)) - raft.server.rpc.timeout.min = 5s (custom)
2019-08-23 02:45:27,511 [pool-774-thread-1] INFO  server.RaftServerConfigKeys (ConfUtils.java:logGet(43)) - raft.server.rpc.timeout.max = 5200ms (custom)
2019-08-23 02:45:27,511 [pool-774-thread-1] INFO  server.RaftServerConfigKeys (ConfUtils.java:logGet(43)) - raft.server.rpcslowness.timeout = 120s (custom)
2019-08-23 02:45:27,511 [pool-774-thread-1] INFO  server.RaftServerConfigKeys (ConfUtils.java:logGet(43)) - raft.server.sleep.deviation.threshold = 300 (default)
2019-08-23 02:45:27,511 [pool-774-thread-1] INFO  server.RaftServerConfigKeys (ConfUtils.java:logGet(43)) - raft.server.log.appender.install.snapshot.enabled = false (custom)
2019-08-23 02:45:27,511 [pool-774-thread-1] INFO  impl.RaftServerImpl (ServerState.java:<init>(105)) - 9e2111f4-c022-4843-a18f-ebc5260af7a4:group-E530EE9FAB4F ConfigurationManager, init=-1: [9e2111f4-c022-4843-a18f-ebc5260af7a4:192.168.36.77:42318], old=null, confs=<EMPTY_MAP>
2019-08-23 02:45:27,511 [pool-774-thread-1] INFO  server.RaftServerConfigKeys (ConfUtils.java:logGet(43)) - raft.server.storage.dir = [/workdir/hadoop-ozone/integration-test/target/test-dir/MiniOzoneClusterImpl-2bd8e9d2-4d45-4779-a9d5-84448e8fa7d9/datanode-4/data/ratis] (custom)
2019-08-23 02:45:27,511 [pool-774-thread-1] INFO  storage.RaftStorageDirectory (RaftStorageDirectory.java:analyzeStorage(246)) - The storage directory /workdir/hadoop-ozone/integration-test/target/test-dir/MiniOzoneClusterImpl-2bd8e9d2-4d45-4779-a9d5-84448e8fa7d9/datanode-4/data/ratis/217b7a83-c967-45c8-b010-e530ee9fab4f does not exist. Creating ...
2019-08-23 02:45:27,535 [pool-774-thread-1] INFO  storage.RaftStorageDirectory (RaftStorageDirectory.java:tryLock(328)) - Lock on /workdir/hadoop-ozone/integration-test/target/test-dir/MiniOzoneClusterImpl-2bd8e9d2-4d45-4779-a9d5-84448e8fa7d9/datanode-4/data/ratis/217b7a83-c967-45c8-b010-e530ee9fab4f/in_use.lock acquired by nodename 20953@pr-hdds-2000-5mb45-3533150274
2019-08-23 02:45:27,552 [pool-774-thread-1] INFO  storage.RaftStorage (RaftStorage.java:format(72)) - Storage directory /workdir/hadoop-ozone/integration-test/target/test-dir/MiniOzoneClusterImpl-2bd8e9d2-4d45-4779-a9d5-84448e8fa7d9/datanode-4/data/ratis/217b7a83-c967-45c8-b010-e530ee9fab4f has been successfully formatted.
2019-08-23 02:45:27,552 [pool-774-thread-1] INFO  ratis.ContainerStateMachine (ContainerStateMachine.java:loadSnapshot(226)) - group-E530EE9FAB4F: The snapshot info is null. Setting the last applied indexto:(t:0, i:~)
2019-08-23 02:45:27,553 [pool-774-thread-1] INFO  server.RaftServerConfigKeys (ConfUtils.java:logGet(43)) - raft.server.leader.election.timeout = 120s (custom)
2019-08-23 02:45:27,553 [pool-774-thread-1] INFO  server.RaftServerConfigKeys (ConfUtils.java:logGet(43)) - raft.server.log.use.memory = false (default)
2019-08-23 02:45:27,553 [pool-774-thread-1] INFO  server.RaftServerConfigKeys (ConfUtils.java:logGet(43)) - raft.server.log.purge.gap = 1000000 (custom)
2019-08-23 02:45:27,553 [pool-774-thread-1] INFO  server.RaftServerConfigKeys (ConfUtils.java:logGet(43)) - raft.server.log.appender.buffer.byte-limit = 33554432 (custom)
2019-08-23 02:45:27,553 [pool-774-thread-1] INFO  server.RaftServerConfigKeys (ConfUtils.java:logGet(43)) - raft.server.log.segment.size.max = 1048576 (custom)
2019-08-23 02:45:27,553 [pool-774-thread-1] INFO  server.RaftServerConfigKeys (ConfUtils.java:logGet(43)) - raft.server.log.segment.cache.num.max = 2 (custom)
2019-08-23 02:45:27,553 [pool-774-thread-1] INFO  segmented.SegmentedRaftLogWorker (SegmentedRaftLogWorker.java:<init>(172)) - new 9e2111f4-c022-4843-a18f-ebc5260af7a4-SegmentedRaftLogWorker:Storage Directory /workdir/hadoop-ozone/integration-test/target/test-dir/MiniOzoneClusterImpl-2bd8e9d2-4d45-4779-a9d5-84448e8fa7d9/datanode-4/data/ratis/217b7a83-c967-45c8-b010-e530ee9fab4f for RaftStorage:Storage Directory /workdir/hadoop-ozone/integration-test/target/test-dir/MiniOzoneClusterImpl-2bd8e9d2-4d45-4779-a9d5-84448e8fa7d9/datanode-4/data/ratis/217b7a83-c967-45c8-b010-e530ee9fab4f
2019-08-23 02:45:27,554 [pool-774-thread-1] INFO  server.RaftServerConfigKeys (ConfUtils.java:logGet(43)) - raft.server.log.queue.byte-limit = 2147483647 (custom)
2019-08-23 02:45:27,554 [pool-774-thread-1] INFO  server.RaftServerConfigKeys (ConfUtils.java:logGet(43)) - raft.server.log.queue.element-limit = 1024 (custom)
2019-08-23 02:45:27,554 [pool-774-thread-1] INFO  server.RaftServerConfigKeys (ConfUtils.java:logGet(43)) - raft.server.log.segment.size.max = 1048576 (custom)
2019-08-23 02:45:27,554 [pool-774-thread-1] INFO  server.RaftServerConfigKeys (ConfUtils.java:logGet(43)) - raft.server.log.preallocated.size = 16384 (custom)
2019-08-23 02:45:27,554 [pool-774-thread-1] INFO  server.RaftServerConfigKeys (ConfUtils.java:logGet(43)) - raft.server.log.write.buffer.size = 33554432 (custom)
2019-08-23 02:45:27,554 [pool-774-thread-1] INFO  server.RaftServerConfigKeys (ConfUtils.java:logGet(43)) - raft.server.log.force.sync.num = 128 (default)
2019-08-23 02:45:27,554 [pool-774-thread-1] INFO  server.RaftServerConfigKeys (ConfUtils.java:logGet(43)) - raft.server.log.statemachine.data.sync = true (default)
2019-08-23 02:45:27,555 [pool-774-thread-1] INFO  server.RaftServerConfigKeys (ConfUtils.java:logGet(43)) - raft.server.log.statemachine.data.sync.timeout = 10s (default)
2019-08-23 02:45:27,555 [pool-774-thread-1] INFO  server.RaftServerConfigKeys (ConfUtils.java:logGet(43)) - raft.server.log.statemachine.data.sync.timeout.retry = -1 (default)
2019-08-23 02:45:27,555 [pool-774-thread-1] INFO  server.RaftServerConfigKeys (ConfUtils.java:logGet(43)) - raft.server.log.statemachine.data.caching.enabled = true (custom)
2019-08-23 02:45:27,555 [pool-774-thread-1] INFO  segmented.SegmentedRaftLogWorker (SegmentedRaftLogWorker.java:lambda$new$0(132)) - 9e2111f4-c022-4843-a18f-ebc5260af7a4-SegmentedRaftLogWorker:Storage Directory /workdir/hadoop-ozone/integration-test/target/test-dir/MiniOzoneClusterImpl-2bd8e9d2-4d45-4779-a9d5-84448e8fa7d9/datanode-4/data/ratis/217b7a83-c967-45c8-b010-e530ee9fab4f: flushIndex: setUnconditionally 0 -> -1
2019-08-23 02:45:27,556 [pool-774-thread-1] INFO  server.RaftServerConfigKeys (ConfUtils.java:logGet(43)) - raft.server.snapshot.auto.trigger.enabled = true (custom)
2019-08-23 02:45:27,556 [pool-774-thread-1] INFO  server.RaftServerConfigKeys (ConfUtils.java:logGet(43)) - raft.server.snapshot.auto.trigger.threshold = 10000 (custom)
2019-08-23 02:45:27,556 [pool-774-thread-1] INFO  server.RaftServerConfigKeys (ConfUtils.java:logGet(43)) - raft.server.retrycache.expirytime = 600000ms (custom)
2019-08-23 02:45:27,556 [pool-774-thread-1] INFO  impl.RaftServerImpl (RaftServerImpl.java:start(180)) - 9e2111f4-c022-4843-a18f-ebc5260af7a4: start group-E530EE9FAB4F
2019-08-23 02:45:27,556 [pool-774-thread-1] INFO  impl.RaftServerImpl (RaftServerImpl.java:setRole(171)) - 9e2111f4-c022-4843-a18f-ebc5260af7a4:group-E530EE9FAB4F changes role from null to FOLLOWER at term 0 for startAsFollower
2019-08-23 02:45:27,556 [pool-774-thread-1] INFO  impl.RoleInfo (RoleInfo.java:updateAndGet(143)) - 9e2111f4-c022-4843-a18f-ebc5260af7a4: start FollowerState
2019-08-23 02:45:27,557 [pool-774-thread-1] INFO  util.JmxRegister (JmxRegister.java:tryRegister(44)) - Successfully registered JMX Bean with object name Ratis:service=RaftServer,group=group-E530EE9FAB4F,id=9e2111f4-c022-4843-a18f-ebc5260af7a4
2019-08-23 02:45:27,561 [RatisPipelineUtilsThread] INFO  pipeline.PipelineStateManager (PipelineStateManager.java:addPipeline(56)) - Created pipeline Pipeline[ Id: 217b7a83-c967-45c8-b010-e530ee9fab4f, Nodes: 9e2111f4-c022-4843-a18f-ebc5260af7a4{ip: 192.168.36.77, host: pr-hdds-2000-5mb45-3533150274, networkLocation: /default-rack, certSerialId: null}, Type:RATIS, Factor:ONE, State:OPEN]
2019-08-23 02:45:27,585 [grpc-default-executor-13] INFO  impl.RaftServerProxy (RaftServerProxy.java:addNew(89)) - 9e2111f4-c022-4843-a18f-ebc5260af7a4: addNew group-8A8A278735D4:[b8acb2ee-97fa-480c-8afb-a3c2ac812661:192.168.36.77:33879, c1a09a1d-94c6-445f-990d-45b77f19286c:192.168.36.77:42886, 9e2111f4-c022-4843-a18f-ebc5260af7a4:192.168.36.77:42318] returns group-8A8A278735D4:java.util.concurrent.CompletableFuture@a3ec41f[Not completed]
2019-08-23 02:45:27,585 [grpc-default-executor-19] INFO  impl.RaftServerProxy (RaftServerProxy.java:addNew(89)) - b8acb2ee-97fa-480c-8afb-a3c2ac812661: addNew group-8A8A278735D4:[b8acb2ee-97fa-480c-8afb-a3c2ac812661:192.168.36.77:33879, c1a09a1d-94c6-445f-990d-45b77f19286c:192.168.36.77:42886, 9e2111f4-c022-4843-a18f-ebc5260af7a4:192.168.36.77:42318] returns group-8A8A278735D4:java.util.concurrent.CompletableFuture@62c90f41[Not completed]
2019-08-23 02:45:27,585 [grpc-default-executor-9] INFO  impl.RaftServerProxy (RaftServerProxy.java:addNew(89)) - c1a09a1d-94c6-445f-990d-45b77f19286c: addNew group-8A8A278735D4:[b8acb2ee-97fa-480c-8afb-a3c2ac812661:192.168.36.77:33879, c1a09a1d-94c6-445f-990d-45b77f19286c:192.168.36.77:42886, 9e2111f4-c022-4843-a18f-ebc5260af7a4:192.168.36.77:42318] returns group-8A8A278735D4:java.util.concurrent.CompletableFuture@57b5398c[Not completed]
2019-08-23 02:45:27,586 [pool-796-thread-1] INFO  impl.RaftServerImpl (RaftServerImpl.java:<init>(93)) - c1a09a1d-94c6-445f-990d-45b77f19286c: new RaftServerImpl for group-8A8A278735D4:[b8acb2ee-97fa-480c-8afb-a3c2ac812661:192.168.36.77:33879, c1a09a1d-94c6-445f-990d-45b77f19286c:192.168.36.77:42886, 9e2111f4-c022-4843-a18f-ebc5260af7a4:192.168.36.77:42318] with ContainerStateMachine:uninitialized
2019-08-23 02:45:27,586 [pool-796-thread-1] INFO  server.RaftServerConfigKeys (ConfUtils.java:logGet(43)) - raft.server.rpc.timeout.min = 5s (custom)
2019-08-23 02:45:27,586 [pool-796-thread-1] INFO  server.RaftServerConfigKeys (ConfUtils.java:logGet(43)) - raft.server.rpc.timeout.max = 5200ms (custom)
2019-08-23 02:45:27,586 [pool-796-thread-1] INFO  server.RaftServerConfigKeys (ConfUtils.java:logGet(43)) - raft.server.rpcslowness.timeout = 120s (custom)
2019-08-23 02:45:27,586 [pool-752-thread-1] INFO  impl.RaftServerImpl (RaftServerImpl.java:<init>(93)) - b8acb2ee-97fa-480c-8afb-a3c2ac812661: new RaftServerImpl for group-8A8A278735D4:[b8acb2ee-97fa-480c-8afb-a3c2ac812661:192.168.36.77:33879, c1a09a1d-94c6-445f-990d-45b77f19286c:192.168.36.77:42886, 9e2111f4-c022-4843-a18f-ebc5260af7a4:192.168.36.77:42318] with ContainerStateMachine:uninitialized
2019-08-23 02:45:27,587 [pool-796-thread-1] INFO  server.RaftServerConfigKeys (ConfUtils.java:logGet(43)) - raft.server.sleep.deviation.threshold = 300 (default)
2019-08-23 02:45:27,587 [pool-752-thread-1] INFO  server.RaftServerConfigKeys (ConfUtils.java:logGet(43)) - raft.server.rpc.timeout.min = 5s (custom)
2019-08-23 02:45:27,587 [pool-796-thread-1] INFO  server.RaftServerConfigKeys (ConfUtils.java:logGet(43)) - raft.server.log.appender.install.snapshot.enabled = false (custom)
2019-08-23 02:45:27,587 [pool-752-thread-1] INFO  server.RaftServerConfigKeys (ConfUtils.java:logGet(43)) - raft.server.rpc.timeout.max = 5200ms (custom)
2019-08-23 02:45:27,587 [pool-796-thread-1] INFO  impl.RaftServerImpl (ServerState.java:<init>(105)) - c1a09a1d-94c6-445f-990d-45b77f19286c:group-8A8A278735D4 ConfigurationManager, init=-1: [b8acb2ee-97fa-480c-8afb-a3c2ac812661:192.168.36.77:33879, c1a09a1d-94c6-445f-990d-45b77f19286c:192.168.36.77:42886, 9e2111f4-c022-4843-a18f-ebc5260af7a4:192.168.36.77:42318], old=null, confs=<EMPTY_MAP>
2019-08-23 02:45:27,587 [pool-752-thread-1] INFO  server.RaftServerConfigKeys (ConfUtils.java:logGet(43)) - raft.server.rpcslowness.timeout = 120s (custom)
2019-08-23 02:45:27,587 [pool-796-thread-1] INFO  server.RaftServerConfigKeys (ConfUtils.java:logGet(43)) - raft.server.storage.dir = [/workdir/hadoop-ozone/integration-test/target/test-dir/MiniOzoneClusterImpl-2bd8e9d2-4d45-4779-a9d5-84448e8fa7d9/datanode-6/data/ratis] (custom)
2019-08-23 02:45:27,587 [pool-774-thread-1] INFO  impl.RaftServerImpl (RaftServerImpl.java:<init>(93)) - 9e2111f4-c022-4843-a18f-ebc5260af7a4: new RaftServerImpl for group-8A8A278735D4:[b8acb2ee-97fa-480c-8afb-a3c2ac812661:192.168.36.77:33879, c1a09a1d-94c6-445f-990d-45b77f19286c:192.168.36.77:42886, 9e2111f4-c022-4843-a18f-ebc5260af7a4:192.168.36.77:42318] with ContainerStateMachine:uninitialized
2019-08-23 02:45:27,587 [pool-752-thread-1] INFO  server.RaftServerConfigKeys (ConfUtils.java:logGet(43)) - raft.server.sleep.deviation.threshold = 300 (default)
2019-08-23 02:45:27,587 [pool-774-thread-1] INFO  server.RaftServerConfigKeys (ConfUtils.java:logGet(43)) - raft.server.rpc.timeout.min = 5s (custom)
2019-08-23 02:45:27,588 [pool-796-thread-1] INFO  storage.RaftStorageDirectory (RaftStorageDirectory.java:analyzeStorage(246)) - The storage directory /workdir/hadoop-ozone/integration-test/target/test-dir/MiniOzoneClusterImpl-2bd8e9d2-4d45-4779-a9d5-84448e8fa7d9/datanode-6/data/ratis/0bb86939-1e56-4f58-b4f3-8a8a278735d4 does not exist. Creating ...
2019-08-23 02:45:27,587 [pool-752-thread-1] INFO  server.RaftServerConfigKeys (ConfUtils.java:logGet(43)) - raft.server.log.appender.install.snapshot.enabled = false (custom)
2019-08-23 02:45:27,588 [pool-774-thread-1] INFO  server.RaftServerConfigKeys (ConfUtils.java:logGet(43)) - raft.server.rpc.timeout.max = 5200ms (custom)
2019-08-23 02:45:27,588 [pool-752-thread-1] INFO  impl.RaftServerImpl (ServerState.java:<init>(105)) - b8acb2ee-97fa-480c-8afb-a3c2ac812661:group-8A8A278735D4 ConfigurationManager, init=-1: [b8acb2ee-97fa-480c-8afb-a3c2ac812661:192.168.36.77:33879, c1a09a1d-94c6-445f-990d-45b77f19286c:192.168.36.77:42886, 9e2111f4-c022-4843-a18f-ebc5260af7a4:192.168.36.77:42318], old=null, confs=<EMPTY_MAP>
2019-08-23 02:45:27,588 [pool-774-thread-1] INFO  server.RaftServerConfigKeys (ConfUtils.java:logGet(43)) - raft.server.rpcslowness.timeout = 120s (custom)
2019-08-23 02:45:27,588 [pool-752-thread-1] INFO  server.RaftServerConfigKeys (ConfUtils.java:logGet(43)) - raft.server.storage.dir = [/workdir/hadoop-ozone/integration-test/target/test-dir/MiniOzoneClusterImpl-2bd8e9d2-4d45-4779-a9d5-84448e8fa7d9/datanode-2/data/ratis] (custom)
2019-08-23 02:45:27,588 [pool-774-thread-1] INFO  server.RaftServerConfigKeys (ConfUtils.java:logGet(43)) - raft.server.sleep.deviation.threshold = 300 (default)
2019-08-23 02:45:27,588 [pool-774-thread-1] INFO  server.RaftServerConfigKeys (ConfUtils.java:logGet(43)) - raft.server.log.appender.install.snapshot.enabled = false (custom)
2019-08-23 02:45:27,588 [pool-752-thread-1] INFO  storage.RaftStorageDirectory (RaftStorageDirectory.java:analyzeStorage(246)) - The storage directory /workdir/hadoop-ozone/integration-test/target/test-dir/MiniOzoneClusterImpl-2bd8e9d2-4d45-4779-a9d5-84448e8fa7d9/datanode-2/data/ratis/0bb86939-1e56-4f58-b4f3-8a8a278735d4 does not exist. Creating ...
2019-08-23 02:45:27,588 [pool-774-thread-1] INFO  impl.RaftServerImpl (ServerState.java:<init>(105)) - 9e2111f4-c022-4843-a18f-ebc5260af7a4:group-8A8A278735D4 ConfigurationManager, init=-1: [b8acb2ee-97fa-480c-8afb-a3c2ac812661:192.168.36.77:33879, c1a09a1d-94c6-445f-990d-45b77f19286c:192.168.36.77:42886, 9e2111f4-c022-4843-a18f-ebc5260af7a4:192.168.36.77:42318], old=null, confs=<EMPTY_MAP>
2019-08-23 02:45:27,589 [pool-774-thread-1] INFO  server.RaftServerConfigKeys (ConfUtils.java:logGet(43)) - raft.server.storage.dir = [/workdir/hadoop-ozone/integration-test/target/test-dir/MiniOzoneClusterImpl-2bd8e9d2-4d45-4779-a9d5-84448e8fa7d9/datanode-4/data/ratis] (custom)
2019-08-23 02:45:27,589 [pool-774-thread-1] INFO  storage.RaftStorageDirectory (RaftStorageDirectory.java:analyzeStorage(246)) - The storage directory /workdir/hadoop-ozone/integration-test/target/test-dir/MiniOzoneClusterImpl-2bd8e9d2-4d45-4779-a9d5-84448e8fa7d9/datanode-4/data/ratis/0bb86939-1e56-4f58-b4f3-8a8a278735d4 does not exist. Creating ...
2019-08-23 02:45:27,628 [pool-774-thread-1] INFO  storage.RaftStorageDirectory (RaftStorageDirectory.java:tryLock(328)) - Lock on /workdir/hadoop-ozone/integration-test/target/test-dir/MiniOzoneClusterImpl-2bd8e9d2-4d45-4779-a9d5-84448e8fa7d9/datanode-4/data/ratis/0bb86939-1e56-4f58-b4f3-8a8a278735d4/in_use.lock acquired by nodename 20953@pr-hdds-2000-5mb45-3533150274
2019-08-23 02:45:27,628 [pool-752-thread-1] INFO  storage.RaftStorageDirectory (RaftStorageDirectory.java:tryLock(328)) - Lock on /workdir/hadoop-ozone/integration-test/target/test-dir/MiniOzoneClusterImpl-2bd8e9d2-4d45-4779-a9d5-84448e8fa7d9/datanode-2/data/ratis/0bb86939-1e56-4f58-b4f3-8a8a278735d4/in_use.lock acquired by nodename 20953@pr-hdds-2000-5mb45-3533150274
2019-08-23 02:45:27,628 [pool-796-thread-1] INFO  storage.RaftStorageDirectory (RaftStorageDirectory.java:tryLock(328)) - Lock on /workdir/hadoop-ozone/integration-test/target/test-dir/MiniOzoneClusterImpl-2bd8e9d2-4d45-4779-a9d5-84448e8fa7d9/datanode-6/data/ratis/0bb86939-1e56-4f58-b4f3-8a8a278735d4/in_use.lock acquired by nodename 20953@pr-hdds-2000-5mb45-3533150274
2019-08-23 02:45:27,653 [pool-774-thread-1] INFO  storage.RaftStorage (RaftStorage.java:format(72)) - Storage directory /workdir/hadoop-ozone/integration-test/target/test-dir/MiniOzoneClusterImpl-2bd8e9d2-4d45-4779-a9d5-84448e8fa7d9/datanode-4/data/ratis/0bb86939-1e56-4f58-b4f3-8a8a278735d4 has been successfully formatted.
2019-08-23 02:45:27,653 [pool-796-thread-1] INFO  storage.RaftStorage (RaftStorage.java:format(72)) - Storage directory /workdir/hadoop-ozone/integration-test/target/test-dir/MiniOzoneClusterImpl-2bd8e9d2-4d45-4779-a9d5-84448e8fa7d9/datanode-6/data/ratis/0bb86939-1e56-4f58-b4f3-8a8a278735d4 has been successfully formatted.
2019-08-23 02:45:27,653 [pool-752-thread-1] INFO  storage.RaftStorage (RaftStorage.java:format(72)) - Storage directory /workdir/hadoop-ozone/integration-test/target/test-dir/MiniOzoneClusterImpl-2bd8e9d2-4d45-4779-a9d5-84448e8fa7d9/datanode-2/data/ratis/0bb86939-1e56-4f58-b4f3-8a8a278735d4 has been successfully formatted.
2019-08-23 02:45:27,654 [pool-796-thread-1] INFO  ratis.ContainerStateMachine (ContainerStateMachine.java:loadSnapshot(226)) - group-8A8A278735D4: The snapshot info is null. Setting the last applied indexto:(t:0, i:~)
2019-08-23 02:45:27,654 [pool-774-thread-1] INFO  ratis.ContainerStateMachine (ContainerStateMachine.java:loadSnapshot(226)) - group-8A8A278735D4: The snapshot info is null. Setting the last applied indexto:(t:0, i:~)
2019-08-23 02:45:27,654 [pool-796-thread-1] INFO  server.RaftServerConfigKeys (ConfUtils.java:logGet(43)) - raft.server.leader.election.timeout = 120s (custom)
2019-08-23 02:45:27,654 [pool-752-thread-1] INFO  ratis.ContainerStateMachine (ContainerStateMachine.java:loadSnapshot(226)) - group-8A8A278735D4: The snapshot info is null. Setting the last applied indexto:(t:0, i:~)
2019-08-23 02:45:27,654 [pool-796-thread-1] INFO  server.RaftServerConfigKeys (ConfUtils.java:logGet(43)) - raft.server.log.use.memory = false (default)
2019-08-23 02:45:27,654 [pool-774-thread-1] INFO  server.RaftServerConfigKeys (ConfUtils.java:logGet(43)) - raft.server.leader.election.timeout = 120s (custom)
2019-08-23 02:45:27,654 [pool-796-thread-1] INFO  server.RaftServerConfigKeys (ConfUtils.java:logGet(43)) - raft.server.log.purge.gap = 1000000 (custom)
2019-08-23 02:45:27,654 [pool-752-thread-1] INFO  server.RaftServerConfigKeys (ConfUtils.java:logGet(43)) - raft.server.leader.election.timeout = 120s (custom)
2019-08-23 02:45:27,654 [pool-796-thread-1] INFO  server.RaftServerConfigKeys (ConfUtils.java:logGet(43)) - raft.server.log.appender.buffer.byte-limit = 33554432 (custom)
2019-08-23 02:45:27,654 [pool-774-thread-1] INFO  server.RaftServerConfigKeys (ConfUtils.java:logGet(43)) - raft.server.log.use.memory = false (default)
2019-08-23 02:45:27,655 [pool-796-thread-1] INFO  server.RaftServerConfigKeys (ConfUtils.java:logGet(43)) - raft.server.log.segment.size.max = 1048576 (custom)
2019-08-23 02:45:27,654 [pool-752-thread-1] INFO  server.RaftServerConfigKeys (ConfUtils.java:logGet(43)) - raft.server.log.use.memory = false (default)
2019-08-23 02:45:27,655 [pool-796-thread-1] INFO  server.RaftServerConfigKeys (ConfUtils.java:logGet(43)) - raft.server.log.segment.cache.num.max = 2 (custom)
2019-08-23 02:45:27,655 [pool-774-thread-1] INFO  server.RaftServerConfigKeys (ConfUtils.java:logGet(43)) - raft.server.log.purge.gap = 1000000 (custom)
2019-08-23 02:45:27,655 [pool-796-thread-1] INFO  segmented.SegmentedRaftLogWorker (SegmentedRaftLogWorker.java:<init>(172)) - new c1a09a1d-94c6-445f-990d-45b77f19286c-SegmentedRaftLogWorker:Storage Directory /workdir/hadoop-ozone/integration-test/target/test-dir/MiniOzoneClusterImpl-2bd8e9d2-4d45-4779-a9d5-84448e8fa7d9/datanode-6/data/ratis/0bb86939-1e56-4f58-b4f3-8a8a278735d4 for RaftStorage:Storage Directory /workdir/hadoop-ozone/integration-test/target/test-dir/MiniOzoneClusterImpl-2bd8e9d2-4d45-4779-a9d5-84448e8fa7d9/datanode-6/data/ratis/0bb86939-1e56-4f58-b4f3-8a8a278735d4
2019-08-23 02:45:27,655 [pool-752-thread-1] INFO  server.RaftServerConfigKeys (ConfUtils.java:logGet(43)) - raft.server.log.purge.gap = 1000000 (custom)
2019-08-23 02:45:27,655 [pool-796-thread-1] INFO  server.RaftServerConfigKeys (ConfUtils.java:logGet(43)) - raft.server.log.queue.byte-limit = 2147483647 (custom)
2019-08-23 02:45:27,655 [pool-774-thread-1] INFO  server.RaftServerConfigKeys (ConfUtils.java:logGet(43)) - raft.server.log.appender.buffer.byte-limit = 33554432 (custom)
2019-08-23 02:45:27,655 [pool-796-thread-1] INFO  server.RaftServerConfigKeys (ConfUtils.java:logGet(43)) - raft.server.log.queue.element-limit = 1024 (custom)
2019-08-23 02:45:27,655 [pool-752-thread-1] INFO  server.RaftServerConfigKeys (ConfUtils.java:logGet(43)) - raft.server.log.appender.buffer.byte-limit = 33554432 (custom)
2019-08-23 02:45:27,655 [pool-796-thread-1] INFO  server.RaftServerConfigKeys (ConfUtils.java:logGet(43)) - raft.server.log.segment.size.max = 1048576 (custom)
2019-08-23 02:45:27,655 [pool-774-thread-1] INFO  server.RaftServerConfigKeys (ConfUtils.java:logGet(43)) - raft.server.log.segment.size.max = 1048576 (custom)
2019-08-23 02:45:27,656 [pool-796-thread-1] INFO  server.RaftServerConfigKeys (ConfUtils.java:logGet(43)) - raft.server.log.preallocated.size = 16384 (custom)
2019-08-23 02:45:27,655 [pool-752-thread-1] INFO  server.RaftServerConfigKeys (ConfUtils.java:logGet(43)) - raft.server.log.segment.size.max = 1048576 (custom)
2019-08-23 02:45:27,656 [pool-796-thread-1] INFO  server.RaftServerConfigKeys (ConfUtils.java:logGet(43)) - raft.server.log.write.buffer.size = 33554432 (custom)
2019-08-23 02:45:27,656 [pool-774-thread-1] INFO  server.RaftServerConfigKeys (ConfUtils.java:logGet(43)) - raft.server.log.segment.cache.num.max = 2 (custom)
2019-08-23 02:45:27,656 [pool-796-thread-1] INFO  server.RaftServerConfigKeys (ConfUtils.java:logGet(43)) - raft.server.log.force.sync.num = 128 (default)
2019-08-23 02:45:27,656 [pool-752-thread-1] INFO  server.RaftServerConfigKeys (ConfUtils.java:logGet(43)) - raft.server.log.segment.cache.num.max = 2 (custom)
2019-08-23 02:45:27,656 [pool-796-thread-1] INFO  server.RaftServerConfigKeys (ConfUtils.java:logGet(43)) - raft.server.log.statemachine.data.sync = true (default)
2019-08-23 02:45:27,656 [pool-774-thread-1] INFO  segmented.SegmentedRaftLogWorker (SegmentedRaftLogWorker.java:<init>(172)) - new 9e2111f4-c022-4843-a18f-ebc5260af7a4-SegmentedRaftLogWorker:Storage Directory /workdir/hadoop-ozone/integration-test/target/test-dir/MiniOzoneClusterImpl-2bd8e9d2-4d45-4779-a9d5-84448e8fa7d9/datanode-4/data/ratis/0bb86939-1e56-4f58-b4f3-8a8a278735d4 for RaftStorage:Storage Directory /workdir/hadoop-ozone/integration-test/target/test-dir/MiniOzoneClusterImpl-2bd8e9d2-4d45-4779-a9d5-84448e8fa7d9/datanode-4/data/ratis/0bb86939-1e56-4f58-b4f3-8a8a278735d4
2019-08-23 02:45:27,656 [pool-796-thread-1] INFO  server.RaftServerConfigKeys (ConfUtils.java:logGet(43)) - raft.server.log.statemachine.data.sync.timeout = 10s (default)
2019-08-23 02:45:27,656 [pool-752-thread-1] INFO  segmented.SegmentedRaftLogWorker (SegmentedRaftLogWorker.java:<init>(172)) - new b8acb2ee-97fa-480c-8afb-a3c2ac812661-SegmentedRaftLogWorker:Storage Directory /workdir/hadoop-ozone/integration-test/target/test-dir/MiniOzoneClusterImpl-2bd8e9d2-4d45-4779-a9d5-84448e8fa7d9/datanode-2/data/ratis/0bb86939-1e56-4f58-b4f3-8a8a278735d4 for RaftStorage:Storage Directory /workdir/hadoop-ozone/integration-test/target/test-dir/MiniOzoneClusterImpl-2bd8e9d2-4d45-4779-a9d5-84448e8fa7d9/datanode-2/data/ratis/0bb86939-1e56-4f58-b4f3-8a8a278735d4
2019-08-23 02:45:27,656 [pool-796-thread-1] INFO  server.RaftServerConfigKeys (ConfUtils.java:logGet(43)) - raft.server.log.statemachine.data.sync.timeout.retry = -1 (default)
2019-08-23 02:45:27,656 [pool-774-thread-1] INFO  server.RaftServerConfigKeys (ConfUtils.java:logGet(43)) - raft.server.log.queue.byte-limit = 2147483647 (custom)
2019-08-23 02:45:27,657 [pool-796-thread-1] INFO  server.RaftServerConfigKeys (ConfUtils.java:logGet(43)) - raft.server.log.statemachine.data.caching.enabled = true (custom)
2019-08-23 02:45:27,657 [pool-752-thread-1] INFO  server.RaftServerConfigKeys (ConfUtils.java:logGet(43)) - raft.server.log.queue.byte-limit = 2147483647 (custom)
2019-08-23 02:45:27,657 [pool-774-thread-1] INFO  server.RaftServerConfigKeys (ConfUtils.java:logGet(43)) - raft.server.log.queue.element-limit = 1024 (custom)
2019-08-23 02:45:27,657 [pool-796-thread-1] INFO  segmented.SegmentedRaftLogWorker (SegmentedRaftLogWorker.java:lambda$new$0(132)) - c1a09a1d-94c6-445f-990d-45b77f19286c-SegmentedRaftLogWorker:Storage Directory /workdir/hadoop-ozone/integration-test/target/test-dir/MiniOzoneClusterImpl-2bd8e9d2-4d45-4779-a9d5-84448e8fa7d9/datanode-6/data/ratis/0bb86939-1e56-4f58-b4f3-8a8a278735d4: flushIndex: setUnconditionally 0 -> -1
2019-08-23 02:45:27,657 [pool-752-thread-1] INFO  server.RaftServerConfigKeys (ConfUtils.java:logGet(43)) - raft.server.log.queue.element-limit = 1024 (custom)
2019-08-23 02:45:27,657 [pool-774-thread-1] INFO  server.RaftServerConfigKeys (ConfUtils.java:logGet(43)) - raft.server.log.segment.size.max = 1048576 (custom)
2019-08-23 02:45:27,657 [pool-796-thread-1] INFO  server.RaftServerConfigKeys (ConfUtils.java:logGet(43)) - raft.server.snapshot.auto.trigger.enabled = true (custom)
2019-08-23 02:45:27,657 [pool-752-thread-1] INFO  server.RaftServerConfigKeys (ConfUtils.java:logGet(43)) - raft.server.log.segment.size.max = 1048576 (custom)
2019-08-23 02:45:27,658 [pool-796-thread-1] INFO  server.RaftServerConfigKeys (ConfUtils.java:logGet(43)) - raft.server.snapshot.auto.trigger.threshold = 10000 (custom)
2019-08-23 02:45:27,658 [pool-774-thread-1] INFO  server.RaftServerConfigKeys (ConfUtils.java:logGet(43)) - raft.server.log.preallocated.size = 16384 (custom)
2019-08-23 02:45:27,658 [pool-796-thread-1] INFO  server.RaftServerConfigKeys (ConfUtils.java:logGet(43)) - raft.server.retrycache.expirytime = 600000ms (custom)
2019-08-23 02:45:27,658 [pool-752-thread-1] INFO  server.RaftServerConfigKeys (ConfUtils.java:logGet(43)) - raft.server.log.preallocated.size = 16384 (custom)
2019-08-23 02:45:27,658 [pool-796-thread-1] INFO  impl.RaftServerImpl (RaftServerImpl.java:start(180)) - c1a09a1d-94c6-445f-990d-45b77f19286c: start group-8A8A278735D4
2019-08-23 02:45:27,658 [pool-774-thread-1] INFO  server.RaftServerConfigKeys (ConfUtils.java:logGet(43)) - raft.server.log.write.buffer.size = 33554432 (custom)
2019-08-23 02:45:27,658 [pool-796-thread-1] INFO  impl.RaftServerImpl (RaftServerImpl.java:setRole(171)) - c1a09a1d-94c6-445f-990d-45b77f19286c:group-8A8A278735D4 changes role from null to FOLLOWER at term 0 for startAsFollower
2019-08-23 02:45:27,658 [pool-752-thread-1] INFO  server.RaftServerConfigKeys (ConfUtils.java:logGet(43)) - raft.server.log.write.buffer.size = 33554432 (custom)
2019-08-23 02:45:27,659 [pool-796-thread-1] INFO  impl.RoleInfo (RoleInfo.java:updateAndGet(143)) - c1a09a1d-94c6-445f-990d-45b77f19286c: start FollowerState
2019-08-23 02:45:27,658 [pool-774-thread-1] INFO  server.RaftServerConfigKeys (ConfUtils.java:logGet(43)) - raft.server.log.force.sync.num = 128 (default)
2019-08-23 02:45:27,659 [pool-752-thread-1] INFO  server.RaftServerConfigKeys (ConfUtils.java:logGet(43)) - raft.server.log.force.sync.num = 128 (default)
2019-08-23 02:45:27,659 [pool-774-thread-1] INFO  server.RaftServerConfigKeys (ConfUtils.java:logGet(43)) - raft.server.log.statemachine.data.sync = true (default)
2019-08-23 02:45:27,659 [pool-752-thread-1] INFO  server.RaftServerConfigKeys (ConfUtils.java:logGet(43)) - raft.server.log.statemachine.data.sync = true (default)
2019-08-23 02:45:27,659 [pool-796-thread-1] INFO  util.JmxRegister (JmxRegister.java:tryRegister(44)) - Successfully registered JMX Bean with object name Ratis:service=RaftServer,group=group-8A8A278735D4,id=c1a09a1d-94c6-445f-990d-45b77f19286c
2019-08-23 02:45:27,659 [pool-774-thread-1] INFO  server.RaftServerConfigKeys (ConfUtils.java:logGet(43)) - raft.server.log.statemachine.data.sync.timeout = 10s (default)
2019-08-23 02:45:27,659 [pool-752-thread-1] INFO  server.RaftServerConfigKeys (ConfUtils.java:logGet(43)) - raft.server.log.statemachine.data.sync.timeout = 10s (default)
2019-08-23 02:45:27,659 [pool-774-thread-1] INFO  server.RaftServerConfigKeys (ConfUtils.java:logGet(43)) - raft.server.log.statemachine.data.sync.timeout.retry = -1 (default)
2019-08-23 02:45:27,659 [pool-752-thread-1] INFO  server.RaftServerConfigKeys (ConfUtils.java:logGet(43)) - raft.server.log.statemachine.data.sync.timeout.retry = -1 (default)
2019-08-23 02:45:27,660 [pool-774-thread-1] INFO  server.RaftServerConfigKeys (ConfUtils.java:logGet(43)) - raft.server.log.statemachine.data.caching.enabled = true (custom)
2019-08-23 02:45:27,660 [pool-752-thread-1] INFO  server.RaftServerConfigKeys (ConfUtils.java:logGet(43)) - raft.server.log.statemachine.data.caching.enabled = true (custom)
2019-08-23 02:45:27,660 [pool-774-thread-1] INFO  segmented.SegmentedRaftLogWorker (SegmentedRaftLogWorker.java:lambda$new$0(132)) - 9e2111f4-c022-4843-a18f-ebc5260af7a4-SegmentedRaftLogWorker:Storage Directory /workdir/hadoop-ozone/integration-test/target/test-dir/MiniOzoneClusterImpl-2bd8e9d2-4d45-4779-a9d5-84448e8fa7d9/datanode-4/data/ratis/0bb86939-1e56-4f58-b4f3-8a8a278735d4: flushIndex: setUnconditionally 0 -> -1
2019-08-23 02:45:27,660 [pool-752-thread-1] INFO  segmented.SegmentedRaftLogWorker (SegmentedRaftLogWorker.java:lambda$new$0(132)) - b8acb2ee-97fa-480c-8afb-a3c2ac812661-SegmentedRaftLogWorker:Storage Directory /workdir/hadoop-ozone/integration-test/target/test-dir/MiniOzoneClusterImpl-2bd8e9d2-4d45-4779-a9d5-84448e8fa7d9/datanode-2/data/ratis/0bb86939-1e56-4f58-b4f3-8a8a278735d4: flushIndex: setUnconditionally 0 -> -1
2019-08-23 02:45:27,663 [pool-774-thread-1] INFO  server.RaftServerConfigKeys (ConfUtils.java:logGet(43)) - raft.server.snapshot.auto.trigger.enabled = true (custom)
2019-08-23 02:45:27,663 [pool-752-thread-1] INFO  server.RaftServerConfigKeys (ConfUtils.java:logGet(43)) - raft.server.snapshot.auto.trigger.enabled = true (custom)
2019-08-23 02:45:27,663 [pool-774-thread-1] INFO  server.RaftServerConfigKeys (ConfUtils.java:logGet(43)) - raft.server.snapshot.auto.trigger.threshold = 10000 (custom)
2019-08-23 02:45:27,663 [pool-752-thread-1] INFO  server.RaftServerConfigKeys (ConfUtils.java:logGet(43)) - raft.server.snapshot.auto.trigger.threshold = 10000 (custom)
2019-08-23 02:45:27,663 [pool-774-thread-1] INFO  server.RaftServerConfigKeys (ConfUtils.java:logGet(43)) - raft.server.retrycache.expirytime = 600000ms (custom)
2019-08-23 02:45:27,664 [pool-752-thread-1] INFO  server.RaftServerConfigKeys (ConfUtils.java:logGet(43)) - raft.server.retrycache.expirytime = 600000ms (custom)
2019-08-23 02:45:27,664 [pool-774-thread-1] INFO  impl.RaftServerImpl (RaftServerImpl.java:start(180)) - 9e2111f4-c022-4843-a18f-ebc5260af7a4: start group-8A8A278735D4
2019-08-23 02:45:27,664 [pool-752-thread-1] INFO  impl.RaftServerImpl (RaftServerImpl.java:start(180)) - b8acb2ee-97fa-480c-8afb-a3c2ac812661: start group-8A8A278735D4
2019-08-23 02:45:27,664 [pool-774-thread-1] INFO  impl.RaftServerImpl (RaftServerImpl.java:setRole(171)) - 9e2111f4-c022-4843-a18f-ebc5260af7a4:group-8A8A278735D4 changes role from null to FOLLOWER at term 0 for startAsFollower
2019-08-23 02:45:27,664 [pool-752-thread-1] INFO  impl.RaftServerImpl (RaftServerImpl.java:setRole(171)) - b8acb2ee-97fa-480c-8afb-a3c2ac812661:group-8A8A278735D4 changes role from null to FOLLOWER at term 0 for startAsFollower
2019-08-23 02:45:27,664 [pool-774-thread-1] INFO  impl.RoleInfo (RoleInfo.java:updateAndGet(143)) - 9e2111f4-c022-4843-a18f-ebc5260af7a4: start FollowerState
2019-08-23 02:45:27,664 [pool-752-thread-1] INFO  impl.RoleInfo (RoleInfo.java:updateAndGet(143)) - b8acb2ee-97fa-480c-8afb-a3c2ac812661: start FollowerState
2019-08-23 02:45:27,664 [pool-774-thread-1] INFO  util.JmxRegister (JmxRegister.java:tryRegister(44)) - Successfully registered JMX Bean with object name Ratis:service=RaftServer,group=group-8A8A278735D4,id=9e2111f4-c022-4843-a18f-ebc5260af7a4
2019-08-23 02:45:27,664 [pool-752-thread-1] INFO  util.JmxRegister (JmxRegister.java:tryRegister(44)) - Successfully registered JMX Bean with object name Ratis:service=RaftServer,group=group-8A8A278735D4,id=b8acb2ee-97fa-480c-8afb-a3c2ac812661
2019-08-23 02:45:27,669 [RatisPipelineUtilsThread] INFO  pipeline.PipelineStateManager (PipelineStateManager.java:addPipeline(56)) - Created pipeline Pipeline[ Id: 0bb86939-1e56-4f58-b4f3-8a8a278735d4, Nodes: 9e2111f4-c022-4843-a18f-ebc5260af7a4{ip: 192.168.36.77, host: pr-hdds-2000-5mb45-3533150274, networkLocation: /default-rack, certSerialId: null}c1a09a1d-94c6-445f-990d-45b77f19286c{ip: 192.168.36.77, host: pr-hdds-2000-5mb45-3533150274, networkLocation: /default-rack, certSerialId: null}b8acb2ee-97fa-480c-8afb-a3c2ac812661{ip: 192.168.36.77, host: pr-hdds-2000-5mb45-3533150274, networkLocation: /default-rack, certSerialId: null}, Type:RATIS, Factor:THREE, State:OPEN]
2019-08-23 02:45:27,695 | INFO  | SCMAudit | user=jenkins1000 | ip=192.168.36.77 | op=SEND_HEARTBEAT {datanodeUUID=660dca87-d357-47a3-a223-4042f8796b14, command=[]} | ret=SUCCESS |  
2019-08-23 02:45:27,881 | INFO  | SCMAudit | user=jenkins1000 | ip=192.168.36.77 | op=SEND_HEARTBEAT {datanodeUUID=3e108b50-707e-4267-a617-3ec28210b5c8, command=[]} | ret=SUCCESS |  
2019-08-23 02:45:28,037 [IPC Server handler 3 on 33821] INFO  net.NetworkTopology (NetworkTopologyImpl.java:add(110)) - Added a new node: /default-rack/0b463173-11e9-44ff-be76-63df57295ec0
2019-08-23 02:45:28,037 [IPC Server handler 3 on 33821] INFO  node.SCMNodeManager (SCMNodeManager.java:register(273)) - Registered Data node : 0b463173-11e9-44ff-be76-63df57295ec0{ip: 192.168.36.77, host: pr-hdds-2000-5mb45-3533150274, networkLocation: /default-rack, certSerialId: null}
2019-08-23 02:45:28,038 | INFO  | SCMAudit | user=jenkins1000 | ip=192.168.36.77 | op=REGISTER {datanodeDetails=0b463173-11e9-44ff-be76-63df57295ec0{ip: 192.168.36.77, host: pr-hdds-2000-5mb45-3533150274, networkLocation: /default-rack, certSerialId: null}} | ret=SUCCESS |  
2019-08-23 02:45:28,046 [grpc-default-executor-9] INFO  impl.RaftServerProxy (RaftServerProxy.java:addNew(89)) - 0b463173-11e9-44ff-be76-63df57295ec0: addNew group-183E17CDEDFF:[0b463173-11e9-44ff-be76-63df57295ec0:192.168.36.77:44707] returns group-183E17CDEDFF:java.util.concurrent.CompletableFuture@5877d8f7[Not completed]
2019-08-23 02:45:28,047 [pool-785-thread-1] INFO  impl.RaftServerImpl (RaftServerImpl.java:<init>(93)) - 0b463173-11e9-44ff-be76-63df57295ec0: new RaftServerImpl for group-183E17CDEDFF:[0b463173-11e9-44ff-be76-63df57295ec0:192.168.36.77:44707] with ContainerStateMachine:uninitialized
2019-08-23 02:45:28,047 [pool-785-thread-1] INFO  server.RaftServerConfigKeys (ConfUtils.java:logGet(43)) - raft.server.rpc.timeout.min = 5s (custom)
2019-08-23 02:45:28,047 [pool-785-thread-1] INFO  server.RaftServerConfigKeys (ConfUtils.java:logGet(43)) - raft.server.rpc.timeout.max = 5200ms (custom)
2019-08-23 02:45:28,047 [pool-785-thread-1] INFO  server.RaftServerConfigKeys (ConfUtils.java:logGet(43)) - raft.server.rpcslowness.timeout = 120s (custom)
2019-08-23 02:45:28,047 [pool-785-thread-1] INFO  server.RaftServerConfigKeys (ConfUtils.java:logGet(43)) - raft.server.sleep.deviation.threshold = 300 (default)
2019-08-23 02:45:28,047 [pool-785-thread-1] INFO  server.RaftServerConfigKeys (ConfUtils.java:logGet(43)) - raft.server.log.appender.install.snapshot.enabled = false (custom)
2019-08-23 02:45:28,047 [pool-785-thread-1] INFO  impl.RaftServerImpl (ServerState.java:<init>(105)) - 0b463173-11e9-44ff-be76-63df57295ec0:group-183E17CDEDFF ConfigurationManager, init=-1: [0b463173-11e9-44ff-be76-63df57295ec0:192.168.36.77:44707], old=null, confs=<EMPTY_MAP>
2019-08-23 02:45:28,047 [pool-785-thread-1] INFO  server.RaftServerConfigKeys (ConfUtils.java:logGet(43)) - raft.server.storage.dir = [/workdir/hadoop-ozone/integration-test/target/test-dir/MiniOzoneClusterImpl-2bd8e9d2-4d45-4779-a9d5-84448e8fa7d9/datanode-5/data/ratis] (custom)
2019-08-23 02:45:28,048 [pool-785-thread-1] INFO  storage.RaftStorageDirectory (RaftStorageDirectory.java:analyzeStorage(246)) - The storage directory /workdir/hadoop-ozone/integration-test/target/test-dir/MiniOzoneClusterImpl-2bd8e9d2-4d45-4779-a9d5-84448e8fa7d9/datanode-5/data/ratis/3c2a5ab5-aa9b-45ba-b16a-183e17cdedff does not exist. Creating ...
2019-08-23 02:45:28,053 | INFO  | SCMAudit | user=jenkins1000 | ip=192.168.36.77 | op=SEND_HEARTBEAT {datanodeUUID=b8acb2ee-97fa-480c-8afb-a3c2ac812661, command=[]} | ret=SUCCESS |  
2019-08-23 02:45:28,079 [pool-785-thread-1] INFO  storage.RaftStorageDirectory (RaftStorageDirectory.java:tryLock(328)) - Lock on /workdir/hadoop-ozone/integration-test/target/test-dir/MiniOzoneClusterImpl-2bd8e9d2-4d45-4779-a9d5-84448e8fa7d9/datanode-5/data/ratis/3c2a5ab5-aa9b-45ba-b16a-183e17cdedff/in_use.lock acquired by nodename 20953@pr-hdds-2000-5mb45-3533150274
2019-08-23 02:45:28,104 [pool-785-thread-1] INFO  storage.RaftStorage (RaftStorage.java:format(72)) - Storage directory /workdir/hadoop-ozone/integration-test/target/test-dir/MiniOzoneClusterImpl-2bd8e9d2-4d45-4779-a9d5-84448e8fa7d9/datanode-5/data/ratis/3c2a5ab5-aa9b-45ba-b16a-183e17cdedff has been successfully formatted.
2019-08-23 02:45:28,104 [pool-785-thread-1] INFO  ratis.ContainerStateMachine (ContainerStateMachine.java:loadSnapshot(226)) - group-183E17CDEDFF: The snapshot info is null. Setting the last applied indexto:(t:0, i:~)
2019-08-23 02:45:28,105 [pool-785-thread-1] INFO  server.RaftServerConfigKeys (ConfUtils.java:logGet(43)) - raft.server.leader.election.timeout = 120s (custom)
2019-08-23 02:45:28,105 [pool-785-thread-1] INFO  server.RaftServerConfigKeys (ConfUtils.java:logGet(43)) - raft.server.log.use.memory = false (default)
2019-08-23 02:45:28,105 [pool-785-thread-1] INFO  server.RaftServerConfigKeys (ConfUtils.java:logGet(43)) - raft.server.log.purge.gap = 1000000 (custom)
2019-08-23 02:45:28,105 [pool-785-thread-1] INFO  server.RaftServerConfigKeys (ConfUtils.java:logGet(43)) - raft.server.log.appender.buffer.byte-limit = 33554432 (custom)
2019-08-23 02:45:28,105 [pool-785-thread-1] INFO  server.RaftServerConfigKeys (ConfUtils.java:logGet(43)) - raft.server.log.segment.size.max = 1048576 (custom)
2019-08-23 02:45:28,105 [pool-785-thread-1] INFO  server.RaftServerConfigKeys (ConfUtils.java:logGet(43)) - raft.server.log.segment.cache.num.max = 2 (custom)
2019-08-23 02:45:28,105 [pool-785-thread-1] INFO  segmented.SegmentedRaftLogWorker (SegmentedRaftLogWorker.java:<init>(172)) - new 0b463173-11e9-44ff-be76-63df57295ec0-SegmentedRaftLogWorker:Storage Directory /workdir/hadoop-ozone/integration-test/target/test-dir/MiniOzoneClusterImpl-2bd8e9d2-4d45-4779-a9d5-84448e8fa7d9/datanode-5/data/ratis/3c2a5ab5-aa9b-45ba-b16a-183e17cdedff for RaftStorage:Storage Directory /workdir/hadoop-ozone/integration-test/target/test-dir/MiniOzoneClusterImpl-2bd8e9d2-4d45-4779-a9d5-84448e8fa7d9/datanode-5/data/ratis/3c2a5ab5-aa9b-45ba-b16a-183e17cdedff
2019-08-23 02:45:28,105 [pool-785-thread-1] INFO  server.RaftServerConfigKeys (ConfUtils.java:logGet(43)) - raft.server.log.queue.byte-limit = 2147483647 (custom)
2019-08-23 02:45:28,105 [pool-785-thread-1] INFO  server.RaftServerConfigKeys (ConfUtils.java:logGet(43)) - raft.server.log.queue.element-limit = 1024 (custom)
2019-08-23 02:45:28,106 [pool-785-thread-1] INFO  server.RaftServerConfigKeys (ConfUtils.java:logGet(43)) - raft.server.log.segment.size.max = 1048576 (custom)
2019-08-23 02:45:28,106 [pool-785-thread-1] INFO  server.RaftServerConfigKeys (ConfUtils.java:logGet(43)) - raft.server.log.preallocated.size = 16384 (custom)
2019-08-23 02:45:28,106 [pool-785-thread-1] INFO  server.RaftServerConfigKeys (ConfUtils.java:logGet(43)) - raft.server.log.write.buffer.size = 33554432 (custom)
2019-08-23 02:45:28,106 [pool-785-thread-1] INFO  server.RaftServerConfigKeys (ConfUtils.java:logGet(43)) - raft.server.log.force.sync.num = 128 (default)
2019-08-23 02:45:28,106 [pool-785-thread-1] INFO  server.RaftServerConfigKeys (ConfUtils.java:logGet(43)) - raft.server.log.statemachine.data.sync = true (default)
2019-08-23 02:45:28,106 [pool-785-thread-1] INFO  server.RaftServerConfigKeys (ConfUtils.java:logGet(43)) - raft.server.log.statemachine.data.sync.timeout = 10s (default)
2019-08-23 02:45:28,106 [pool-785-thread-1] INFO  server.RaftServerConfigKeys (ConfUtils.java:logGet(43)) - raft.server.log.statemachine.data.sync.timeout.retry = -1 (default)
2019-08-23 02:45:28,106 [pool-785-thread-1] INFO  server.RaftServerConfigKeys (ConfUtils.java:logGet(43)) - raft.server.log.statemachine.data.caching.enabled = true (custom)
2019-08-23 02:45:28,107 [pool-785-thread-1] INFO  segmented.SegmentedRaftLogWorker (SegmentedRaftLogWorker.java:lambda$new$0(132)) - 0b463173-11e9-44ff-be76-63df57295ec0-SegmentedRaftLogWorker:Storage Directory /workdir/hadoop-ozone/integration-test/target/test-dir/MiniOzoneClusterImpl-2bd8e9d2-4d45-4779-a9d5-84448e8fa7d9/datanode-5/data/ratis/3c2a5ab5-aa9b-45ba-b16a-183e17cdedff: flushIndex: setUnconditionally 0 -> -1
2019-08-23 02:45:28,107 [pool-785-thread-1] INFO  server.RaftServerConfigKeys (ConfUtils.java:logGet(43)) - raft.server.snapshot.auto.trigger.enabled = true (custom)
2019-08-23 02:45:28,107 [pool-785-thread-1] INFO  server.RaftServerConfigKeys (ConfUtils.java:logGet(43)) - raft.server.snapshot.auto.trigger.threshold = 10000 (custom)
2019-08-23 02:45:28,107 [pool-785-thread-1] INFO  server.RaftServerConfigKeys (ConfUtils.java:logGet(43)) - raft.server.retrycache.expirytime = 600000ms (custom)
2019-08-23 02:45:28,107 [pool-785-thread-1] INFO  impl.RaftServerImpl (RaftServerImpl.java:start(180)) - 0b463173-11e9-44ff-be76-63df57295ec0: start group-183E17CDEDFF
2019-08-23 02:45:28,108 [pool-785-thread-1] INFO  impl.RaftServerImpl (RaftServerImpl.java:setRole(171)) - 0b463173-11e9-44ff-be76-63df57295ec0:group-183E17CDEDFF changes role from null to FOLLOWER at term 0 for startAsFollower
2019-08-23 02:45:28,108 [pool-785-thread-1] INFO  impl.RoleInfo (RoleInfo.java:updateAndGet(143)) - 0b463173-11e9-44ff-be76-63df57295ec0: start FollowerState
2019-08-23 02:45:28,108 [pool-785-thread-1] INFO  util.JmxRegister (JmxRegister.java:tryRegister(44)) - Successfully registered JMX Bean with object name Ratis:service=RaftServer,group=group-183E17CDEDFF,id=0b463173-11e9-44ff-be76-63df57295ec0
2019-08-23 02:45:28,113 [RatisPipelineUtilsThread] INFO  pipeline.PipelineStateManager (PipelineStateManager.java:addPipeline(56)) - Created pipeline Pipeline[ Id: 3c2a5ab5-aa9b-45ba-b16a-183e17cdedff, Nodes: 0b463173-11e9-44ff-be76-63df57295ec0{ip: 192.168.36.77, host: pr-hdds-2000-5mb45-3533150274, networkLocation: /default-rack, certSerialId: null}, Type:RATIS, Factor:ONE, State:OPEN]
2019-08-23 02:45:28,221 | INFO  | SCMAudit | user=jenkins1000 | ip=192.168.36.77 | op=SEND_HEARTBEAT {datanodeUUID=c1a09a1d-94c6-445f-990d-45b77f19286c, command=[]} | ret=SUCCESS |  
2019-08-23 02:45:28,223 [main] INFO  ozone.MiniOzoneClusterImpl (MiniOzoneClusterImpl.java:lambda$waitForClusterToBeReady$0(142)) - Cluster is ready. Got 7 of 7 DN Heartbeats.
2019-08-23 02:45:28,273 [main] INFO  rpc.RpcClient (RpcClient.java:createVolume(293)) - Creating Volume: testblockoutputstream, with jenkins1000 as owner.
2019-08-23 02:45:28,276 | INFO  | OMAudit | user=jenkins1000 | ip=127.0.0.1 | op=CREATE_VOLUME {admin=jenkins1000, owner=jenkins1000, volume=testblockoutputstream, creationTime=1566528328276, quotaInBytes=1152921504606846976} | ret=SUCCESS |  
2019-08-23 02:45:28,284 | INFO  | OMAudit | user=jenkins1000 | ip=127.0.0.1 | op=READ_VOLUME {volume=testblockoutputstream} | ret=SUCCESS |  
2019-08-23 02:45:28,285 | INFO  | SCMAudit | user=jenkins1000 | ip=192.168.36.77 | op=SEND_HEARTBEAT {datanodeUUID=b0528765-b14f-4fab-ba7d-e08ffdb39ff8, command=[]} | ret=SUCCESS |  
2019-08-23 02:45:28,285 [main] INFO  rpc.RpcClient (RpcClient.java:createBucket(432)) - Creating Bucket: testblockoutputstream/testblockoutputstream, with Versioning false and Storage Type set to DISK and Encryption set to false 
2019-08-23 02:45:28,290 | INFO  | OMAudit | user=jenkins1000 | ip=127.0.0.1 | op=CREATE_BUCKET {volume=testblockoutputstream, bucket=testblockoutputstream, acls=[user:jenkins1000:a[ACCESS], group:default:a[ACCESS]], isVersionEnabled=false, storageType=DISK, creationTime=0} | ret=SUCCESS |  
2019-08-23 02:45:28,292 | INFO  | OMAudit | user=jenkins1000 | ip=127.0.0.1 | op=READ_VOLUME {volume=testblockoutputstream} | ret=SUCCESS |  
2019-08-23 02:45:28,293 | INFO  | OMAudit | user=jenkins1000 | ip=127.0.0.1 | op=READ_BUCKET {volume=testblockoutputstream, bucket=testblockoutputstream} | ret=SUCCESS |  
2019-08-23 02:45:28,304 | INFO  | SCMAudit | user=jenkins1000 | ip=192.168.36.77 | op=ALLOCATE_BLOCK {owner=0c6ea056-6ec4-48ec-b1ca-b15b8de7dd21, size=800, type=RATIS, factor=THREE} | ret=SUCCESS |  
2019-08-23 02:45:28,306 | INFO  | OMAudit | user=jenkins1000 | ip=127.0.0.1 | op=ALLOCATE_KEY {volume=testblockoutputstream, bucket=testblockoutputstream, key=b8991d7d-d34c-4e4e-8ff7-4aa36c785f1f, dataSize=0, replicationType=RATIS, replicationFactor=THREE, keyLocationInfo=null} | ret=SUCCESS |  
2019-08-23 02:45:28,318 [grpc-default-executor-9] INFO  client.GrpcClientProtocolClient (GrpcClientProtocolClient.java:onNext(255)) - client-3EE2655C3F04->660dca87-d357-47a3-a223-4042f8796b14: receive RaftClientReply:client-3EE2655C3F04->660dca87-d357-47a3-a223-4042f8796b14@group-ED4F0F59C74B, cid=264, FAILED org.apache.ratis.protocol.NotLeaderException: Server 660dca87-d357-47a3-a223-4042f8796b14 is not the leader (null). Request must be sent to leader., logIndex=0, commits[660dca87-d357-47a3-a223-4042f8796b14:c-1]
2019-08-23 02:45:28,696 | INFO  | SCMAudit | user=jenkins1000 | ip=192.168.36.77 | op=SEND_HEARTBEAT {datanodeUUID=660dca87-d357-47a3-a223-4042f8796b14, command=[]} | ret=SUCCESS |  
2019-08-23 02:45:28,880 | INFO  | SCMAudit | user=jenkins1000 | ip=192.168.36.77 | op=SEND_HEARTBEAT {datanodeUUID=3e108b50-707e-4267-a617-3ec28210b5c8, command=[]} | ret=SUCCESS |  
2019-08-23 02:45:29,054 | INFO  | SCMAudit | user=jenkins1000 | ip=192.168.36.77 | op=SEND_HEARTBEAT {datanodeUUID=b8acb2ee-97fa-480c-8afb-a3c2ac812661, command=[]} | ret=SUCCESS |  
2019-08-23 02:45:29,221 | INFO  | SCMAudit | user=jenkins1000 | ip=192.168.36.77 | op=SEND_HEARTBEAT {datanodeUUID=c1a09a1d-94c6-445f-990d-45b77f19286c, command=[]} | ret=SUCCESS |  
2019-08-23 02:45:29,284 | INFO  | SCMAudit | user=jenkins1000 | ip=192.168.36.77 | op=SEND_HEARTBEAT {datanodeUUID=b0528765-b14f-4fab-ba7d-e08ffdb39ff8, command=[]} | ret=SUCCESS |  
2019-08-23 02:45:29,334 [grpc-default-executor-9] INFO  client.GrpcClientProtocolClient (GrpcClientProtocolClient.java:onNext(255)) - client-3EE2655C3F04->b0528765-b14f-4fab-ba7d-e08ffdb39ff8: receive RaftClientReply:client-3EE2655C3F04->b0528765-b14f-4fab-ba7d-e08ffdb39ff8@group-ED4F0F59C74B, cid=264, FAILED org.apache.ratis.protocol.NotLeaderException: Server b0528765-b14f-4fab-ba7d-e08ffdb39ff8 is not the leader (null). Request must be sent to leader., logIndex=0, commits[b0528765-b14f-4fab-ba7d-e08ffdb39ff8:c-1]
2019-08-23 02:45:29,501 | INFO  | SCMAudit | user=jenkins1000 | ip=192.168.36.77 | op=SEND_HEARTBEAT {datanodeUUID=9e2111f4-c022-4843-a18f-ebc5260af7a4, command=[]} | ret=SUCCESS |  
2019-08-23 02:45:29,696 | INFO  | SCMAudit | user=jenkins1000 | ip=192.168.36.77 | op=SEND_HEARTBEAT {datanodeUUID=660dca87-d357-47a3-a223-4042f8796b14, command=[]} | ret=SUCCESS |  
2019-08-23 02:45:29,881 | INFO  | SCMAudit | user=jenkins1000 | ip=192.168.36.77 | op=SEND_HEARTBEAT {datanodeUUID=3e108b50-707e-4267-a617-3ec28210b5c8, command=[]} | ret=SUCCESS |  
2019-08-23 02:45:30,033 | INFO  | SCMAudit | user=jenkins1000 | ip=192.168.36.77 | op=SEND_HEARTBEAT {datanodeUUID=0b463173-11e9-44ff-be76-63df57295ec0, command=[]} | ret=SUCCESS |  
2019-08-23 02:45:30,054 | INFO  | SCMAudit | user=jenkins1000 | ip=192.168.36.77 | op=SEND_HEARTBEAT {datanodeUUID=b8acb2ee-97fa-480c-8afb-a3c2ac812661, command=[]} | ret=SUCCESS |  
2019-08-23 02:45:30,221 | INFO  | SCMAudit | user=jenkins1000 | ip=192.168.36.77 | op=SEND_HEARTBEAT {datanodeUUID=c1a09a1d-94c6-445f-990d-45b77f19286c, command=[]} | ret=SUCCESS |  
2019-08-23 02:45:30,284 | INFO  | SCMAudit | user=jenkins1000 | ip=192.168.36.77 | op=SEND_HEARTBEAT {datanodeUUID=b0528765-b14f-4fab-ba7d-e08ffdb39ff8, command=[]} | ret=SUCCESS |  
2019-08-23 02:45:30,345 [grpc-default-executor-9] INFO  client.GrpcClientProtocolClient (GrpcClientProtocolClient.java:onNext(255)) - client-3EE2655C3F04->660dca87-d357-47a3-a223-4042f8796b14: receive RaftClientReply:client-3EE2655C3F04->660dca87-d357-47a3-a223-4042f8796b14@group-ED4F0F59C74B, cid=264, FAILED org.apache.ratis.protocol.NotLeaderException: Server 660dca87-d357-47a3-a223-4042f8796b14 is not the leader (null). Request must be sent to leader., logIndex=0, commits[660dca87-d357-47a3-a223-4042f8796b14:c-1]
2019-08-23 02:45:30,501 | INFO  | SCMAudit | user=jenkins1000 | ip=192.168.36.77 | op=SEND_HEARTBEAT {datanodeUUID=9e2111f4-c022-4843-a18f-ebc5260af7a4, command=[]} | ret=SUCCESS |  
2019-08-23 02:45:30,695 | INFO  | SCMAudit | user=jenkins1000 | ip=192.168.36.77 | op=SEND_HEARTBEAT {datanodeUUID=660dca87-d357-47a3-a223-4042f8796b14, command=[]} | ret=SUCCESS |  
2019-08-23 02:45:30,881 | INFO  | SCMAudit | user=jenkins1000 | ip=192.168.36.77 | op=SEND_HEARTBEAT {datanodeUUID=3e108b50-707e-4267-a617-3ec28210b5c8, command=[]} | ret=SUCCESS |  
2019-08-23 02:45:31,033 | INFO  | SCMAudit | user=jenkins1000 | ip=192.168.36.77 | op=SEND_HEARTBEAT {datanodeUUID=0b463173-11e9-44ff-be76-63df57295ec0, command=[]} | ret=SUCCESS |  
2019-08-23 02:45:31,055 | INFO  | SCMAudit | user=jenkins1000 | ip=192.168.36.77 | op=SEND_HEARTBEAT {datanodeUUID=b8acb2ee-97fa-480c-8afb-a3c2ac812661, command=[]} | ret=SUCCESS |  
2019-08-23 02:45:31,148 [Thread-4952] INFO  impl.FollowerState (FollowerState.java:run(106)) - b0528765-b14f-4fab-ba7d-e08ffdb39ff8:group-ED4F0F59C74B changes to CANDIDATE, lastRpcTime:5095, electionTimeout:5095ms
2019-08-23 02:45:31,149 [Thread-4952] INFO  impl.RoleInfo (RoleInfo.java:shutdownFollowerState(121)) - b0528765-b14f-4fab-ba7d-e08ffdb39ff8: shutdown FollowerState
2019-08-23 02:45:31,149 [Thread-4952] INFO  impl.RaftServerImpl (RaftServerImpl.java:setRole(171)) - b0528765-b14f-4fab-ba7d-e08ffdb39ff8:group-ED4F0F59C74B changes role from FOLLOWER to CANDIDATE at term 0 for changeToCandidate
2019-08-23 02:45:31,149 [Thread-4952] INFO  impl.RoleInfo (RoleInfo.java:updateAndGet(143)) - b0528765-b14f-4fab-ba7d-e08ffdb39ff8: start LeaderElection
2019-08-23 02:45:31,170 [b0528765-b14f-4fab-ba7d-e08ffdb39ff8:group-ED4F0F59C74B:LeaderElection117] INFO  impl.LeaderElection (LeaderElection.java:askForVotes(181)) - b0528765-b14f-4fab-ba7d-e08ffdb39ff8:group-ED4F0F59C74B:LeaderElection117: begin an election at term 1 for -1: [3e108b50-707e-4267-a617-3ec28210b5c8:192.168.36.77:38906, b0528765-b14f-4fab-ba7d-e08ffdb39ff8:192.168.36.77:35422, 660dca87-d357-47a3-a223-4042f8796b14:192.168.36.77:45478], old=null
2019-08-23 02:45:31,173 [grpc-default-executor-13] INFO  impl.RaftServerImpl (RaftServerImpl.java:setRole(171)) - 660dca87-d357-47a3-a223-4042f8796b14:group-ED4F0F59C74B changes role from FOLLOWER to FOLLOWER at term 1 for recognizeCandidate:b0528765-b14f-4fab-ba7d-e08ffdb39ff8
2019-08-23 02:45:31,176 [grpc-default-executor-9] INFO  impl.RaftServerImpl (RaftServerImpl.java:setRole(171)) - 3e108b50-707e-4267-a617-3ec28210b5c8:group-ED4F0F59C74B changes role from FOLLOWER to FOLLOWER at term 1 for recognizeCandidate:b0528765-b14f-4fab-ba7d-e08ffdb39ff8
2019-08-23 02:45:31,177 [grpc-default-executor-13] INFO  impl.RoleInfo (RoleInfo.java:shutdownFollowerState(121)) - 660dca87-d357-47a3-a223-4042f8796b14: shutdown FollowerState
2019-08-23 02:45:31,177 [grpc-default-executor-9] INFO  impl.RoleInfo (RoleInfo.java:shutdownFollowerState(121)) - 3e108b50-707e-4267-a617-3ec28210b5c8: shutdown FollowerState
2019-08-23 02:45:31,177 [Thread-4959] INFO  impl.FollowerState (FollowerState.java:run(114)) - 660dca87-d357-47a3-a223-4042f8796b14: FollowerState was interrupted: java.lang.InterruptedException: sleep interrupted
2019-08-23 02:45:31,177 [grpc-default-executor-13] INFO  impl.RoleInfo (RoleInfo.java:updateAndGet(143)) - 660dca87-d357-47a3-a223-4042f8796b14: start FollowerState
2019-08-23 02:45:31,177 [Thread-4953] INFO  impl.FollowerState (FollowerState.java:run(114)) - 3e108b50-707e-4267-a617-3ec28210b5c8: FollowerState was interrupted: java.lang.InterruptedException: sleep interrupted
2019-08-23 02:45:31,177 [grpc-default-executor-9] INFO  impl.RoleInfo (RoleInfo.java:updateAndGet(143)) - 3e108b50-707e-4267-a617-3ec28210b5c8: start FollowerState
2019-08-23 02:45:31,226 [b0528765-b14f-4fab-ba7d-e08ffdb39ff8:group-ED4F0F59C74B:LeaderElection117] INFO  impl.LeaderElection (LeaderElection.java:logAndReturn(56)) - b0528765-b14f-4fab-ba7d-e08ffdb39ff8:group-ED4F0F59C74B:LeaderElection117: Election PASSED; received 1 response(s) [b0528765-b14f-4fab-ba7d-e08ffdb39ff8<-3e108b50-707e-4267-a617-3ec28210b5c8#0:OK-t1] and 0 exception(s); b0528765-b14f-4fab-ba7d-e08ffdb39ff8:t1, leader=null, voted=b0528765-b14f-4fab-ba7d-e08ffdb39ff8, raftlog=b0528765-b14f-4fab-ba7d-e08ffdb39ff8-SegmentedRaftLog:OPENED:c-1,f-1,i0, conf=-1: [3e108b50-707e-4267-a617-3ec28210b5c8:192.168.36.77:38906, b0528765-b14f-4fab-ba7d-e08ffdb39ff8:192.168.36.77:35422, 660dca87-d357-47a3-a223-4042f8796b14:192.168.36.77:45478], old=null
2019-08-23 02:45:31,226 [b0528765-b14f-4fab-ba7d-e08ffdb39ff8:group-ED4F0F59C74B:LeaderElection117] INFO  impl.RoleInfo (RoleInfo.java:shutdownLeaderElection(134)) - b0528765-b14f-4fab-ba7d-e08ffdb39ff8: shutdown LeaderElection
2019-08-23 02:45:31,227 | INFO  | SCMAudit | user=jenkins1000 | ip=192.168.36.77 | op=SEND_HEARTBEAT {datanodeUUID=c1a09a1d-94c6-445f-990d-45b77f19286c, command=[]} | ret=SUCCESS |  
2019-08-23 02:45:31,227 [b0528765-b14f-4fab-ba7d-e08ffdb39ff8:group-ED4F0F59C74B:LeaderElection117] INFO  impl.RaftServerImpl (RaftServerImpl.java:setRole(171)) - b0528765-b14f-4fab-ba7d-e08ffdb39ff8:group-ED4F0F59C74B changes role from CANDIDATE to LEADER at term 1 for changeToLeader
2019-08-23 02:45:31,227 [b0528765-b14f-4fab-ba7d-e08ffdb39ff8:group-ED4F0F59C74B:LeaderElection117] INFO  impl.RaftServerImpl (ServerState.java:setLeader(263)) - b0528765-b14f-4fab-ba7d-e08ffdb39ff8:group-ED4F0F59C74B change Leader from null to b0528765-b14f-4fab-ba7d-e08ffdb39ff8 at term 1 for becomeLeader, leader elected after 5178ms
2019-08-23 02:45:31,227 [b0528765-b14f-4fab-ba7d-e08ffdb39ff8:group-ED4F0F59C74B:LeaderElection117] INFO  server.RaftServerConfigKeys (ConfUtils.java:logGet(43)) - raft.server.staging.catchup.gap = 1000 (default)
2019-08-23 02:45:31,227 [b0528765-b14f-4fab-ba7d-e08ffdb39ff8:group-ED4F0F59C74B:LeaderElection117] INFO  server.RaftServerConfigKeys (ConfUtils.java:logGet(43)) - raft.server.rpc.sleep.time = 25ms (default)
2019-08-23 02:45:31,227 [b0528765-b14f-4fab-ba7d-e08ffdb39ff8:group-ED4F0F59C74B:LeaderElection117] INFO  server.RaftServerConfigKeys (ConfUtils.java:logGet(43)) - raft.server.write.element-limit = 4096 (default)
2019-08-23 02:45:31,227 [b0528765-b14f-4fab-ba7d-e08ffdb39ff8:group-ED4F0F59C74B:LeaderElection117] INFO  server.RaftServerConfigKeys (ConfUtils.java:logGet(43)) - raft.server.watch.timeout = 10s (default)
2019-08-23 02:45:31,227 [b0528765-b14f-4fab-ba7d-e08ffdb39ff8:group-ED4F0F59C74B:LeaderElection117] INFO  server.RaftServerConfigKeys (ConfUtils.java:logGet(43)) - raft.server.watch.timeout.denomination = 1s (default)
2019-08-23 02:45:31,227 [b0528765-b14f-4fab-ba7d-e08ffdb39ff8:group-ED4F0F59C74B:LeaderElection117] INFO  server.RaftServerConfigKeys (ConfUtils.java:logGet(43)) - raft.server.watch.element-limit = 65536 (default)
2019-08-23 02:45:31,228 [b0528765-b14f-4fab-ba7d-e08ffdb39ff8:group-ED4F0F59C74B:LeaderElection117] INFO  server.RaftServerConfigKeys (ConfUtils.java:logGet(43)) - raft.server.log.appender.snapshot.chunk.size.max = 16MB (=16777216) (default)
2019-08-23 02:45:31,228 [b0528765-b14f-4fab-ba7d-e08ffdb39ff8:group-ED4F0F59C74B:LeaderElection117] INFO  server.RaftServerConfigKeys (ConfUtils.java:logGet(43)) - raft.server.log.appender.buffer.byte-limit = 33554432 (custom)
2019-08-23 02:45:31,228 [b0528765-b14f-4fab-ba7d-e08ffdb39ff8:group-ED4F0F59C74B:LeaderElection117] INFO  server.RaftServerConfigKeys (ConfUtils.java:logGet(43)) - raft.server.log.appender.buffer.element-limit = 1 (custom)
2019-08-23 02:45:31,228 [b0528765-b14f-4fab-ba7d-e08ffdb39ff8:group-ED4F0F59C74B:LeaderElection117] INFO  grpc.GrpcConfigKeys$Server (ConfUtils.java:logGet(43)) - raft.grpc.server.leader.outstanding.appends.max = 128 (default)
2019-08-23 02:45:31,228 [b0528765-b14f-4fab-ba7d-e08ffdb39ff8:group-ED4F0F59C74B:LeaderElection117] INFO  server.RaftServerConfigKeys (ConfUtils.java:logGet(43)) - raft.server.rpc.request.timeout = 3000ms (default)
2019-08-23 02:45:31,228 [b0528765-b14f-4fab-ba7d-e08ffdb39ff8:group-ED4F0F59C74B:LeaderElection117] INFO  server.RaftServerConfigKeys (ConfUtils.java:logGet(43)) - raft.server.log.appender.install.snapshot.enabled = false (custom)
2019-08-23 02:45:31,229 [b0528765-b14f-4fab-ba7d-e08ffdb39ff8:group-ED4F0F59C74B:LeaderElection117] INFO  server.RaftServerConfigKeys (ConfUtils.java:logGet(43)) - raft.server.log.appender.snapshot.chunk.size.max = 16MB (=16777216) (default)
2019-08-23 02:45:31,229 [b0528765-b14f-4fab-ba7d-e08ffdb39ff8:group-ED4F0F59C74B:LeaderElection117] INFO  server.RaftServerConfigKeys (ConfUtils.java:logGet(43)) - raft.server.log.appender.buffer.byte-limit = 33554432 (custom)
2019-08-23 02:45:31,229 [b0528765-b14f-4fab-ba7d-e08ffdb39ff8:group-ED4F0F59C74B:LeaderElection117] INFO  server.RaftServerConfigKeys (ConfUtils.java:logGet(43)) - raft.server.log.appender.buffer.element-limit = 1 (custom)
2019-08-23 02:45:31,229 [b0528765-b14f-4fab-ba7d-e08ffdb39ff8:group-ED4F0F59C74B:LeaderElection117] INFO  grpc.GrpcConfigKeys$Server (ConfUtils.java:logGet(43)) - raft.grpc.server.leader.outstanding.appends.max = 128 (default)
2019-08-23 02:45:31,229 [b0528765-b14f-4fab-ba7d-e08ffdb39ff8:group-ED4F0F59C74B:LeaderElection117] INFO  server.RaftServerConfigKeys (ConfUtils.java:logGet(43)) - raft.server.rpc.request.timeout = 3000ms (default)
2019-08-23 02:45:31,229 [b0528765-b14f-4fab-ba7d-e08ffdb39ff8:group-ED4F0F59C74B:LeaderElection117] INFO  server.RaftServerConfigKeys (ConfUtils.java:logGet(43)) - raft.server.log.appender.install.snapshot.enabled = false (custom)
2019-08-23 02:45:31,229 [b0528765-b14f-4fab-ba7d-e08ffdb39ff8:group-ED4F0F59C74B:LeaderElection117] INFO  impl.RoleInfo (RoleInfo.java:updateAndGet(143)) - b0528765-b14f-4fab-ba7d-e08ffdb39ff8: start LeaderState
2019-08-23 02:45:31,230 [b0528765-b14f-4fab-ba7d-e08ffdb39ff8:group-ED4F0F59C74B:LeaderElection117] INFO  segmented.SegmentedRaftLogWorker (SegmentedRaftLogWorker.java:startLogSegment(380)) - b0528765-b14f-4fab-ba7d-e08ffdb39ff8-SegmentedRaftLogWorker:Storage Directory /workdir/hadoop-ozone/integration-test/target/test-dir/MiniOzoneClusterImpl-2bd8e9d2-4d45-4779-a9d5-84448e8fa7d9/datanode-3/data/ratis/4dd70ee7-9905-4bc5-8e96-ed4f0f59c74b: Starting segment from index:0
2019-08-23 02:45:31,230 [b0528765-b14f-4fab-ba7d-e08ffdb39ff8:group-ED4F0F59C74B:LeaderElection117] INFO  impl.RaftServerImpl (ServerState.java:setRaftConf(361)) - b0528765-b14f-4fab-ba7d-e08ffdb39ff8:group-ED4F0F59C74B set configuration 0: [3e108b50-707e-4267-a617-3ec28210b5c8:192.168.36.77:38906, b0528765-b14f-4fab-ba7d-e08ffdb39ff8:192.168.36.77:35422, 660dca87-d357-47a3-a223-4042f8796b14:192.168.36.77:45478], old=null at 0
2019-08-23 02:45:31,263 [Thread-4957] INFO  impl.FollowerState (FollowerState.java:run(106)) - 660dca87-d357-47a3-a223-4042f8796b14:group-CD8742C24A28 changes to CANDIDATE, lastRpcTime:5179, electionTimeout:5155ms
2019-08-23 02:45:31,263 [grpc-default-executor-9] INFO  impl.RaftServerImpl (ServerState.java:setLeader(263)) - 660dca87-d357-47a3-a223-4042f8796b14:group-ED4F0F59C74B change Leader from null to b0528765-b14f-4fab-ba7d-e08ffdb39ff8 at term 1 for appendEntries, leader elected after 5184ms
2019-08-23 02:45:31,263 [Thread-4957] INFO  impl.RoleInfo (RoleInfo.java:shutdownFollowerState(121)) - 660dca87-d357-47a3-a223-4042f8796b14: shutdown FollowerState
2019-08-23 02:45:31,263 [grpc-default-executor-13] INFO  impl.RaftServerImpl (ServerState.java:setLeader(263)) - 3e108b50-707e-4267-a617-3ec28210b5c8:group-ED4F0F59C74B change Leader from null to b0528765-b14f-4fab-ba7d-e08ffdb39ff8 at term 1 for appendEntries, leader elected after 5214ms
2019-08-23 02:45:31,263 [Thread-4957] INFO  impl.RaftServerImpl (RaftServerImpl.java:setRole(171)) - 660dca87-d357-47a3-a223-4042f8796b14:group-CD8742C24A28 changes role from FOLLOWER to CANDIDATE at term 0 for changeToCandidate
2019-08-23 02:45:31,264 [Thread-4957] INFO  impl.RoleInfo (RoleInfo.java:updateAndGet(143)) - 660dca87-d357-47a3-a223-4042f8796b14: start LeaderElection
2019-08-23 02:45:31,270 [grpc-default-executor-13] INFO  impl.RaftServerImpl (ServerState.java:setRaftConf(361)) - 3e108b50-707e-4267-a617-3ec28210b5c8:group-ED4F0F59C74B set configuration 0: [3e108b50-707e-4267-a617-3ec28210b5c8:192.168.36.77:38906, b0528765-b14f-4fab-ba7d-e08ffdb39ff8:192.168.36.77:35422, 660dca87-d357-47a3-a223-4042f8796b14:192.168.36.77:45478], old=null at 0
2019-08-23 02:45:31,270 [grpc-default-executor-9] INFO  impl.RaftServerImpl (ServerState.java:setRaftConf(361)) - 660dca87-d357-47a3-a223-4042f8796b14:group-ED4F0F59C74B set configuration 0: [3e108b50-707e-4267-a617-3ec28210b5c8:192.168.36.77:38906, b0528765-b14f-4fab-ba7d-e08ffdb39ff8:192.168.36.77:35422, 660dca87-d357-47a3-a223-4042f8796b14:192.168.36.77:45478], old=null at 0
2019-08-23 02:45:31,270 [grpc-default-executor-13] INFO  segmented.SegmentedRaftLogWorker (SegmentedRaftLogWorker.java:startLogSegment(380)) - 3e108b50-707e-4267-a617-3ec28210b5c8-SegmentedRaftLogWorker:Storage Directory /workdir/hadoop-ozone/integration-test/target/test-dir/MiniOzoneClusterImpl-2bd8e9d2-4d45-4779-a9d5-84448e8fa7d9/datanode-1/data/ratis/4dd70ee7-9905-4bc5-8e96-ed4f0f59c74b: Starting segment from index:0
2019-08-23 02:45:31,270 [grpc-default-executor-9] INFO  segmented.SegmentedRaftLogWorker (SegmentedRaftLogWorker.java:startLogSegment(380)) - 660dca87-d357-47a3-a223-4042f8796b14-SegmentedRaftLogWorker:Storage Directory /workdir/hadoop-ozone/integration-test/target/test-dir/MiniOzoneClusterImpl-2bd8e9d2-4d45-4779-a9d5-84448e8fa7d9/datanode-0/data/ratis/4dd70ee7-9905-4bc5-8e96-ed4f0f59c74b: Starting segment from index:0
2019-08-23 02:45:31,283 | INFO  | SCMAudit | user=jenkins1000 | ip=192.168.36.77 | op=SEND_HEARTBEAT {datanodeUUID=b0528765-b14f-4fab-ba7d-e08ffdb39ff8, command=[]} | ret=SUCCESS |  
2019-08-23 02:45:31,286 [b0528765-b14f-4fab-ba7d-e08ffdb39ff8-SegmentedRaftLogWorker:Storage Directory /workdir/hadoop-ozone/integration-test/target/test-dir/MiniOzoneClusterImpl-2bd8e9d2-4d45-4779-a9d5-84448e8fa7d9/datanode-3/data/ratis/4dd70ee7-9905-4bc5-8e96-ed4f0f59c74b] INFO  segmented.SegmentedRaftLogWorker (SegmentedRaftLogWorker.java:execute(569)) - b0528765-b14f-4fab-ba7d-e08ffdb39ff8-SegmentedRaftLogWorker:Storage Directory /workdir/hadoop-ozone/integration-test/target/test-dir/MiniOzoneClusterImpl-2bd8e9d2-4d45-4779-a9d5-84448e8fa7d9/datanode-3/data/ratis/4dd70ee7-9905-4bc5-8e96-ed4f0f59c74b: created new log segment /workdir/hadoop-ozone/integration-test/target/test-dir/MiniOzoneClusterImpl-2bd8e9d2-4d45-4779-a9d5-84448e8fa7d9/datanode-3/data/ratis/4dd70ee7-9905-4bc5-8e96-ed4f0f59c74b/current/log_inprogress_0
2019-08-23 02:45:31,286 [660dca87-d357-47a3-a223-4042f8796b14:group-CD8742C24A28:LeaderElection118] INFO  impl.LeaderElection (LeaderElection.java:askForVotes(181)) - 660dca87-d357-47a3-a223-4042f8796b14:group-CD8742C24A28:LeaderElection118: begin an election at term 1 for -1: [660dca87-d357-47a3-a223-4042f8796b14:192.168.36.77:45478], old=null
2019-08-23 02:45:31,286 [660dca87-d357-47a3-a223-4042f8796b14:group-CD8742C24A28:LeaderElection118] INFO  impl.RoleInfo (RoleInfo.java:shutdownLeaderElection(134)) - 660dca87-d357-47a3-a223-4042f8796b14: shutdown LeaderElection
2019-08-23 02:45:31,286 [660dca87-d357-47a3-a223-4042f8796b14:group-CD8742C24A28:LeaderElection118] INFO  impl.RaftServerImpl (RaftServerImpl.java:setRole(171)) - 660dca87-d357-47a3-a223-4042f8796b14:group-CD8742C24A28 changes role from CANDIDATE to LEADER at term 1 for changeToLeader
2019-08-23 02:45:31,286 [660dca87-d357-47a3-a223-4042f8796b14:group-CD8742C24A28:LeaderElection118] INFO  impl.RaftServerImpl (ServerState.java:setLeader(263)) - 660dca87-d357-47a3-a223-4042f8796b14:group-CD8742C24A28 change Leader from null to 660dca87-d357-47a3-a223-4042f8796b14 at term 1 for becomeLeader, leader elected after 5253ms
2019-08-23 02:45:31,287 [660dca87-d357-47a3-a223-4042f8796b14:group-CD8742C24A28:LeaderElection118] INFO  server.RaftServerConfigKeys (ConfUtils.java:logGet(43)) - raft.server.staging.catchup.gap = 1000 (default)
2019-08-23 02:45:31,287 [660dca87-d357-47a3-a223-4042f8796b14:group-CD8742C24A28:LeaderElection118] INFO  server.RaftServerConfigKeys (ConfUtils.java:logGet(43)) - raft.server.rpc.sleep.time = 25ms (default)
2019-08-23 02:45:31,287 [660dca87-d357-47a3-a223-4042f8796b14:group-CD8742C24A28:LeaderElection118] INFO  server.RaftServerConfigKeys (ConfUtils.java:logGet(43)) - raft.server.write.element-limit = 4096 (default)
2019-08-23 02:45:31,287 [660dca87-d357-47a3-a223-4042f8796b14:group-CD8742C24A28:LeaderElection118] INFO  server.RaftServerConfigKeys (ConfUtils.java:logGet(43)) - raft.server.watch.timeout = 10s (default)
2019-08-23 02:45:31,287 [660dca87-d357-47a3-a223-4042f8796b14:group-CD8742C24A28:LeaderElection118] INFO  server.RaftServerConfigKeys (ConfUtils.java:logGet(43)) - raft.server.watch.timeout.denomination = 1s (default)
2019-08-23 02:45:31,287 [660dca87-d357-47a3-a223-4042f8796b14:group-CD8742C24A28:LeaderElection118] INFO  server.RaftServerConfigKeys (ConfUtils.java:logGet(43)) - raft.server.watch.element-limit = 65536 (default)
2019-08-23 02:45:31,287 [660dca87-d357-47a3-a223-4042f8796b14:group-CD8742C24A28:LeaderElection118] INFO  impl.RoleInfo (RoleInfo.java:updateAndGet(143)) - 660dca87-d357-47a3-a223-4042f8796b14: start LeaderState
2019-08-23 02:45:31,288 [660dca87-d357-47a3-a223-4042f8796b14:group-CD8742C24A28:LeaderElection118] INFO  segmented.SegmentedRaftLogWorker (SegmentedRaftLogWorker.java:startLogSegment(380)) - 660dca87-d357-47a3-a223-4042f8796b14-SegmentedRaftLogWorker:Storage Directory /workdir/hadoop-ozone/integration-test/target/test-dir/MiniOzoneClusterImpl-2bd8e9d2-4d45-4779-a9d5-84448e8fa7d9/datanode-0/data/ratis/dff791b1-b9c4-41f6-9266-cd8742c24a28: Starting segment from index:0
2019-08-23 02:45:31,288 [660dca87-d357-47a3-a223-4042f8796b14:group-CD8742C24A28:LeaderElection118] INFO  impl.RaftServerImpl (ServerState.java:setRaftConf(361)) - 660dca87-d357-47a3-a223-4042f8796b14:group-CD8742C24A28 set configuration 0: [660dca87-d357-47a3-a223-4042f8796b14:192.168.36.77:45478], old=null at 0
2019-08-23 02:45:31,301 [Thread-4968] INFO  impl.FollowerState (FollowerState.java:run(106)) - b0528765-b14f-4fab-ba7d-e08ffdb39ff8:group-AB25A7817A85 changes to CANDIDATE, lastRpcTime:5007, electionTimeout:5007ms
2019-08-23 02:45:31,301 [Thread-4968] INFO  impl.RoleInfo (RoleInfo.java:shutdownFollowerState(121)) - b0528765-b14f-4fab-ba7d-e08ffdb39ff8: shutdown FollowerState
2019-08-23 02:45:31,302 [Thread-4968] INFO  impl.RaftServerImpl (RaftServerImpl.java:setRole(171)) - b0528765-b14f-4fab-ba7d-e08ffdb39ff8:group-AB25A7817A85 changes role from FOLLOWER to CANDIDATE at term 0 for changeToCandidate
2019-08-23 02:45:31,302 [Thread-4968] INFO  impl.RoleInfo (RoleInfo.java:updateAndGet(143)) - b0528765-b14f-4fab-ba7d-e08ffdb39ff8: start LeaderElection
2019-08-23 02:45:31,318 [Thread-4962] INFO  impl.FollowerState (FollowerState.java:run(106)) - 660dca87-d357-47a3-a223-4042f8796b14:group-26FD032D846E changes to CANDIDATE, lastRpcTime:5165, electionTimeout:5162ms
2019-08-23 02:45:31,318 [Thread-4962] INFO  impl.RoleInfo (RoleInfo.java:shutdownFollowerState(121)) - 660dca87-d357-47a3-a223-4042f8796b14: shutdown FollowerState
2019-08-23 02:45:31,318 [Thread-4962] INFO  impl.RaftServerImpl (RaftServerImpl.java:setRole(171)) - 660dca87-d357-47a3-a223-4042f8796b14:group-26FD032D846E changes role from FOLLOWER to CANDIDATE at term 0 for changeToCandidate
2019-08-23 02:45:31,318 [Thread-4962] INFO  impl.RoleInfo (RoleInfo.java:updateAndGet(143)) - 660dca87-d357-47a3-a223-4042f8796b14: start LeaderElection
2019-08-23 02:45:31,321 [660dca87-d357-47a3-a223-4042f8796b14-SegmentedRaftLogWorker:Storage Directory /workdir/hadoop-ozone/integration-test/target/test-dir/MiniOzoneClusterImpl-2bd8e9d2-4d45-4779-a9d5-84448e8fa7d9/datanode-0/data/ratis/4dd70ee7-9905-4bc5-8e96-ed4f0f59c74b] INFO  segmented.SegmentedRaftLogWorker (SegmentedRaftLogWorker.java:execute(569)) - 660dca87-d357-47a3-a223-4042f8796b14-SegmentedRaftLogWorker:Storage Directory /workdir/hadoop-ozone/integration-test/target/test-dir/MiniOzoneClusterImpl-2bd8e9d2-4d45-4779-a9d5-84448e8fa7d9/datanode-0/data/ratis/4dd70ee7-9905-4bc5-8e96-ed4f0f59c74b: created new log segment /workdir/hadoop-ozone/integration-test/target/test-dir/MiniOzoneClusterImpl-2bd8e9d2-4d45-4779-a9d5-84448e8fa7d9/datanode-0/data/ratis/4dd70ee7-9905-4bc5-8e96-ed4f0f59c74b/current/log_inprogress_0
2019-08-23 02:45:31,321 [3e108b50-707e-4267-a617-3ec28210b5c8-SegmentedRaftLogWorker:Storage Directory /workdir/hadoop-ozone/integration-test/target/test-dir/MiniOzoneClusterImpl-2bd8e9d2-4d45-4779-a9d5-84448e8fa7d9/datanode-1/data/ratis/4dd70ee7-9905-4bc5-8e96-ed4f0f59c74b] INFO  segmented.SegmentedRaftLogWorker (SegmentedRaftLogWorker.java:execute(569)) - 3e108b50-707e-4267-a617-3ec28210b5c8-SegmentedRaftLogWorker:Storage Directory /workdir/hadoop-ozone/integration-test/target/test-dir/MiniOzoneClusterImpl-2bd8e9d2-4d45-4779-a9d5-84448e8fa7d9/datanode-1/data/ratis/4dd70ee7-9905-4bc5-8e96-ed4f0f59c74b: created new log segment /workdir/hadoop-ozone/integration-test/target/test-dir/MiniOzoneClusterImpl-2bd8e9d2-4d45-4779-a9d5-84448e8fa7d9/datanode-1/data/ratis/4dd70ee7-9905-4bc5-8e96-ed4f0f59c74b/current/log_inprogress_0
2019-08-23 02:45:31,334 [660dca87-d357-47a3-a223-4042f8796b14-SegmentedRaftLogWorker:Storage Directory /workdir/hadoop-ozone/integration-test/target/test-dir/MiniOzoneClusterImpl-2bd8e9d2-4d45-4779-a9d5-84448e8fa7d9/datanode-0/data/ratis/dff791b1-b9c4-41f6-9266-cd8742c24a28] INFO  segmented.SegmentedRaftLogWorker (SegmentedRaftLogWorker.java:execute(569)) - 660dca87-d357-47a3-a223-4042f8796b14-SegmentedRaftLogWorker:Storage Directory /workdir/hadoop-ozone/integration-test/target/test-dir/MiniOzoneClusterImpl-2bd8e9d2-4d45-4779-a9d5-84448e8fa7d9/datanode-0/data/ratis/dff791b1-b9c4-41f6-9266-cd8742c24a28: created new log segment /workdir/hadoop-ozone/integration-test/target/test-dir/MiniOzoneClusterImpl-2bd8e9d2-4d45-4779-a9d5-84448e8fa7d9/datanode-0/data/ratis/dff791b1-b9c4-41f6-9266-cd8742c24a28/current/log_inprogress_0
2019-08-23 02:45:31,334 [b0528765-b14f-4fab-ba7d-e08ffdb39ff8:group-AB25A7817A85:LeaderElection119] INFO  impl.LeaderElection (LeaderElection.java:askForVotes(181)) - b0528765-b14f-4fab-ba7d-e08ffdb39ff8:group-AB25A7817A85:LeaderElection119: begin an election at term 1 for -1: [b0528765-b14f-4fab-ba7d-e08ffdb39ff8:192.168.36.77:35422], old=null
2019-08-23 02:45:31,334 [660dca87-d357-47a3-a223-4042f8796b14:group-26FD032D846E:LeaderElection120] INFO  impl.LeaderElection (LeaderElection.java:askForVotes(181)) - 660dca87-d357-47a3-a223-4042f8796b14:group-26FD032D846E:LeaderElection120: begin an election at term 1 for -1: [660dca87-d357-47a3-a223-4042f8796b14:192.168.36.77:45478], old=null
2019-08-23 02:45:31,334 [b0528765-b14f-4fab-ba7d-e08ffdb39ff8:group-AB25A7817A85:LeaderElection119] INFO  impl.RoleInfo (RoleInfo.java:shutdownLeaderElection(134)) - b0528765-b14f-4fab-ba7d-e08ffdb39ff8: shutdown LeaderElection
2019-08-23 02:45:31,334 [660dca87-d357-47a3-a223-4042f8796b14:group-26FD032D846E:LeaderElection120] INFO  impl.RoleInfo (RoleInfo.java:shutdownLeaderElection(134)) - 660dca87-d357-47a3-a223-4042f8796b14: shutdown LeaderElection
2019-08-23 02:45:31,334 [b0528765-b14f-4fab-ba7d-e08ffdb39ff8:group-AB25A7817A85:LeaderElection119] INFO  impl.RaftServerImpl (RaftServerImpl.java:setRole(171)) - b0528765-b14f-4fab-ba7d-e08ffdb39ff8:group-AB25A7817A85 changes role from CANDIDATE to LEADER at term 1 for changeToLeader
2019-08-23 02:45:31,335 [660dca87-d357-47a3-a223-4042f8796b14:group-26FD032D846E:LeaderElection120] INFO  impl.RaftServerImpl (RaftServerImpl.java:setRole(171)) - 660dca87-d357-47a3-a223-4042f8796b14:group-26FD032D846E changes role from CANDIDATE to LEADER at term 1 for changeToLeader
2019-08-23 02:45:31,335 [b0528765-b14f-4fab-ba7d-e08ffdb39ff8:group-AB25A7817A85:LeaderElection119] INFO  impl.RaftServerImpl (ServerState.java:setLeader(263)) - b0528765-b14f-4fab-ba7d-e08ffdb39ff8:group-AB25A7817A85 change Leader from null to b0528765-b14f-4fab-ba7d-e08ffdb39ff8 at term 1 for becomeLeader, leader elected after 5043ms
2019-08-23 02:45:31,335 [660dca87-d357-47a3-a223-4042f8796b14:group-26FD032D846E:LeaderElection120] INFO  impl.RaftServerImpl (ServerState.java:setLeader(263)) - 660dca87-d357-47a3-a223-4042f8796b14:group-26FD032D846E change Leader from null to 660dca87-d357-47a3-a223-4042f8796b14 at term 1 for becomeLeader, leader elected after 5185ms
2019-08-23 02:45:31,335 [b0528765-b14f-4fab-ba7d-e08ffdb39ff8:group-AB25A7817A85:LeaderElection119] INFO  server.RaftServerConfigKeys (ConfUtils.java:logGet(43)) - raft.server.staging.catchup.gap = 1000 (default)
2019-08-23 02:45:31,335 [660dca87-d357-47a3-a223-4042f8796b14:group-26FD032D846E:LeaderElection120] INFO  server.RaftServerConfigKeys (ConfUtils.java:logGet(43)) - raft.server.staging.catchup.gap = 1000 (default)
2019-08-23 02:45:31,335 [b0528765-b14f-4fab-ba7d-e08ffdb39ff8:group-AB25A7817A85:LeaderElection119] INFO  server.RaftServerConfigKeys (ConfUtils.java:logGet(43)) - raft.server.rpc.sleep.time = 25ms (default)
2019-08-23 02:45:31,335 [660dca87-d357-47a3-a223-4042f8796b14:group-26FD032D846E:LeaderElection120] INFO  server.RaftServerConfigKeys (ConfUtils.java:logGet(43)) - raft.server.rpc.sleep.time = 25ms (default)
2019-08-23 02:45:31,335 [b0528765-b14f-4fab-ba7d-e08ffdb39ff8:group-AB25A7817A85:LeaderElection119] INFO  server.RaftServerConfigKeys (ConfUtils.java:logGet(43)) - raft.server.write.element-limit = 4096 (default)
2019-08-23 02:45:31,335 [660dca87-d357-47a3-a223-4042f8796b14:group-26FD032D846E:LeaderElection120] INFO  server.RaftServerConfigKeys (ConfUtils.java:logGet(43)) - raft.server.write.element-limit = 4096 (default)
2019-08-23 02:45:31,335 [b0528765-b14f-4fab-ba7d-e08ffdb39ff8:group-AB25A7817A85:LeaderElection119] INFO  server.RaftServerConfigKeys (ConfUtils.java:logGet(43)) - raft.server.watch.timeout = 10s (default)
2019-08-23 02:45:31,335 [660dca87-d357-47a3-a223-4042f8796b14:group-26FD032D846E:LeaderElection120] INFO  server.RaftServerConfigKeys (ConfUtils.java:logGet(43)) - raft.server.watch.timeout = 10s (default)
2019-08-23 02:45:31,335 [b0528765-b14f-4fab-ba7d-e08ffdb39ff8:group-AB25A7817A85:LeaderElection119] INFO  server.RaftServerConfigKeys (ConfUtils.java:logGet(43)) - raft.server.watch.timeout.denomination = 1s (default)
2019-08-23 02:45:31,335 [660dca87-d357-47a3-a223-4042f8796b14:group-26FD032D846E:LeaderElection120] INFO  server.RaftServerConfigKeys (ConfUtils.java:logGet(43)) - raft.server.watch.timeout.denomination = 1s (default)
2019-08-23 02:45:31,336 [b0528765-b14f-4fab-ba7d-e08ffdb39ff8:group-AB25A7817A85:LeaderElection119] INFO  server.RaftServerConfigKeys (ConfUtils.java:logGet(43)) - raft.server.watch.element-limit = 65536 (default)
2019-08-23 02:45:31,336 [660dca87-d357-47a3-a223-4042f8796b14:group-26FD032D846E:LeaderElection120] INFO  server.RaftServerConfigKeys (ConfUtils.java:logGet(43)) - raft.server.watch.element-limit = 65536 (default)
2019-08-23 02:45:31,336 [b0528765-b14f-4fab-ba7d-e08ffdb39ff8:group-AB25A7817A85:LeaderElection119] INFO  impl.RoleInfo (RoleInfo.java:updateAndGet(143)) - b0528765-b14f-4fab-ba7d-e08ffdb39ff8: start LeaderState
2019-08-23 02:45:31,336 [660dca87-d357-47a3-a223-4042f8796b14:group-26FD032D846E:LeaderElection120] INFO  impl.RoleInfo (RoleInfo.java:updateAndGet(143)) - 660dca87-d357-47a3-a223-4042f8796b14: start LeaderState
2019-08-23 02:45:31,336 [b0528765-b14f-4fab-ba7d-e08ffdb39ff8:group-AB25A7817A85:LeaderElection119] INFO  segmented.SegmentedRaftLogWorker (SegmentedRaftLogWorker.java:startLogSegment(380)) - b0528765-b14f-4fab-ba7d-e08ffdb39ff8-SegmentedRaftLogWorker:Storage Directory /workdir/hadoop-ozone/integration-test/target/test-dir/MiniOzoneClusterImpl-2bd8e9d2-4d45-4779-a9d5-84448e8fa7d9/datanode-3/data/ratis/51680b31-5726-4792-8076-ab25a7817a85: Starting segment from index:0
2019-08-23 02:45:31,336 [660dca87-d357-47a3-a223-4042f8796b14:group-26FD032D846E:LeaderElection120] INFO  segmented.SegmentedRaftLogWorker (SegmentedRaftLogWorker.java:startLogSegment(380)) - 660dca87-d357-47a3-a223-4042f8796b14-SegmentedRaftLogWorker:Storage Directory /workdir/hadoop-ozone/integration-test/target/test-dir/MiniOzoneClusterImpl-2bd8e9d2-4d45-4779-a9d5-84448e8fa7d9/datanode-0/data/ratis/510fa70c-bf32-42ac-93ac-26fd032d846e: Starting segment from index:0
2019-08-23 02:45:31,336 [b0528765-b14f-4fab-ba7d-e08ffdb39ff8:group-AB25A7817A85:LeaderElection119] INFO  impl.RaftServerImpl (ServerState.java:setRaftConf(361)) - b0528765-b14f-4fab-ba7d-e08ffdb39ff8:group-AB25A7817A85 set configuration 0: [b0528765-b14f-4fab-ba7d-e08ffdb39ff8:192.168.36.77:35422], old=null at 0
2019-08-23 02:45:31,337 [660dca87-d357-47a3-a223-4042f8796b14:group-26FD032D846E:LeaderElection120] INFO  impl.RaftServerImpl (ServerState.java:setRaftConf(361)) - 660dca87-d357-47a3-a223-4042f8796b14:group-26FD032D846E set configuration 0: [660dca87-d357-47a3-a223-4042f8796b14:192.168.36.77:45478], old=null at 0
2019-08-23 02:45:31,380 [grpc-default-executor-9] INFO  client.GrpcClientProtocolClient (GrpcClientProtocolClient.java:onNext(255)) - client-3EE2655C3F04->3e108b50-707e-4267-a617-3ec28210b5c8: receive RaftClientReply:client-3EE2655C3F04->3e108b50-707e-4267-a617-3ec28210b5c8@group-ED4F0F59C74B, cid=264, FAILED org.apache.ratis.protocol.NotLeaderException: Server 3e108b50-707e-4267-a617-3ec28210b5c8 is not the leader (b0528765-b14f-4fab-ba7d-e08ffdb39ff8:192.168.36.77:35422). Request must be sent to leader., logIndex=0, commits[3e108b50-707e-4267-a617-3ec28210b5c8:c-1, b0528765-b14f-4fab-ba7d-e08ffdb39ff8:c-1, 660dca87-d357-47a3-a223-4042f8796b14:c-1]
2019-08-23 02:45:31,386 [b0528765-b14f-4fab-ba7d-e08ffdb39ff8-SegmentedRaftLogWorker:Storage Directory /workdir/hadoop-ozone/integration-test/target/test-dir/MiniOzoneClusterImpl-2bd8e9d2-4d45-4779-a9d5-84448e8fa7d9/datanode-3/data/ratis/51680b31-5726-4792-8076-ab25a7817a85] INFO  segmented.SegmentedRaftLogWorker (SegmentedRaftLogWorker.java:execute(569)) - b0528765-b14f-4fab-ba7d-e08ffdb39ff8-SegmentedRaftLogWorker:Storage Directory /workdir/hadoop-ozone/integration-test/target/test-dir/MiniOzoneClusterImpl-2bd8e9d2-4d45-4779-a9d5-84448e8fa7d9/datanode-3/data/ratis/51680b31-5726-4792-8076-ab25a7817a85: created new log segment /workdir/hadoop-ozone/integration-test/target/test-dir/MiniOzoneClusterImpl-2bd8e9d2-4d45-4779-a9d5-84448e8fa7d9/datanode-3/data/ratis/51680b31-5726-4792-8076-ab25a7817a85/current/log_inprogress_0
2019-08-23 02:45:31,386 [660dca87-d357-47a3-a223-4042f8796b14-SegmentedRaftLogWorker:Storage Directory /workdir/hadoop-ozone/integration-test/target/test-dir/MiniOzoneClusterImpl-2bd8e9d2-4d45-4779-a9d5-84448e8fa7d9/datanode-0/data/ratis/510fa70c-bf32-42ac-93ac-26fd032d846e] INFO  segmented.SegmentedRaftLogWorker (SegmentedRaftLogWorker.java:execute(569)) - 660dca87-d357-47a3-a223-4042f8796b14-SegmentedRaftLogWorker:Storage Directory /workdir/hadoop-ozone/integration-test/target/test-dir/MiniOzoneClusterImpl-2bd8e9d2-4d45-4779-a9d5-84448e8fa7d9/datanode-0/data/ratis/510fa70c-bf32-42ac-93ac-26fd032d846e: created new log segment /workdir/hadoop-ozone/integration-test/target/test-dir/MiniOzoneClusterImpl-2bd8e9d2-4d45-4779-a9d5-84448e8fa7d9/datanode-0/data/ratis/510fa70c-bf32-42ac-93ac-26fd032d846e/current/log_inprogress_0
2019-08-23 02:45:31,396 [Thread-4971] INFO  impl.FollowerState (FollowerState.java:run(106)) - c1a09a1d-94c6-445f-990d-45b77f19286c:group-156AB50BACB4 changes to CANDIDATE, lastRpcTime:5042, electionTimeout:5042ms
2019-08-23 02:45:31,396 [Thread-4971] INFO  impl.RoleInfo (RoleInfo.java:shutdownFollowerState(121)) - c1a09a1d-94c6-445f-990d-45b77f19286c: shutdown FollowerState
2019-08-23 02:45:31,397 [Thread-4971] INFO  impl.RaftServerImpl (RaftServerImpl.java:setRole(171)) - c1a09a1d-94c6-445f-990d-45b77f19286c:group-156AB50BACB4 changes role from FOLLOWER to CANDIDATE at term 0 for changeToCandidate
2019-08-23 02:45:31,397 [Thread-4971] INFO  impl.RoleInfo (RoleInfo.java:updateAndGet(143)) - c1a09a1d-94c6-445f-990d-45b77f19286c: start LeaderElection
2019-08-23 02:45:31,413 [Thread-4965] INFO  impl.FollowerState (FollowerState.java:run(106)) - 3e108b50-707e-4267-a617-3ec28210b5c8:group-1BA763FB6487 changes to CANDIDATE, lastRpcTime:5203, electionTimeout:5191ms
2019-08-23 02:45:31,413 [Thread-4965] INFO  impl.RoleInfo (RoleInfo.java:shutdownFollowerState(121)) - 3e108b50-707e-4267-a617-3ec28210b5c8: shutdown FollowerState
2019-08-23 02:45:31,413 [Thread-4965] INFO  impl.RaftServerImpl (RaftServerImpl.java:setRole(171)) - 3e108b50-707e-4267-a617-3ec28210b5c8:group-1BA763FB6487 changes role from FOLLOWER to CANDIDATE at term 0 for changeToCandidate
2019-08-23 02:45:31,413 [Thread-4965] INFO  impl.RoleInfo (RoleInfo.java:updateAndGet(143)) - 3e108b50-707e-4267-a617-3ec28210b5c8: start LeaderElection
2019-08-23 02:45:31,440 [3e108b50-707e-4267-a617-3ec28210b5c8:group-1BA763FB6487:LeaderElection122] INFO  impl.LeaderElection (LeaderElection.java:askForVotes(181)) - 3e108b50-707e-4267-a617-3ec28210b5c8:group-1BA763FB6487:LeaderElection122: begin an election at term 1 for -1: [3e108b50-707e-4267-a617-3ec28210b5c8:192.168.36.77:38906], old=null
2019-08-23 02:45:31,440 [c1a09a1d-94c6-445f-990d-45b77f19286c:group-156AB50BACB4:LeaderElection121] INFO  impl.LeaderElection (LeaderElection.java:askForVotes(181)) - c1a09a1d-94c6-445f-990d-45b77f19286c:group-156AB50BACB4:LeaderElection121: begin an election at term 1 for -1: [c1a09a1d-94c6-445f-990d-45b77f19286c:192.168.36.77:42886], old=null
2019-08-23 02:45:31,440 [3e108b50-707e-4267-a617-3ec28210b5c8:group-1BA763FB6487:LeaderElection122] INFO  impl.RoleInfo (RoleInfo.java:shutdownLeaderElection(134)) - 3e108b50-707e-4267-a617-3ec28210b5c8: shutdown LeaderElection
2019-08-23 02:45:31,440 [c1a09a1d-94c6-445f-990d-45b77f19286c:group-156AB50BACB4:LeaderElection121] INFO  impl.RoleInfo (RoleInfo.java:shutdownLeaderElection(134)) - c1a09a1d-94c6-445f-990d-45b77f19286c: shutdown LeaderElection
2019-08-23 02:45:31,440 [3e108b50-707e-4267-a617-3ec28210b5c8:group-1BA763FB6487:LeaderElection122] INFO  impl.RaftServerImpl (RaftServerImpl.java:setRole(171)) - 3e108b50-707e-4267-a617-3ec28210b5c8:group-1BA763FB6487 changes role from CANDIDATE to LEADER at term 1 for changeToLeader
2019-08-23 02:45:31,441 [c1a09a1d-94c6-445f-990d-45b77f19286c:group-156AB50BACB4:LeaderElection121] INFO  impl.RaftServerImpl (RaftServerImpl.java:setRole(171)) - c1a09a1d-94c6-445f-990d-45b77f19286c:group-156AB50BACB4 changes role from CANDIDATE to LEADER at term 1 for changeToLeader
2019-08-23 02:45:31,441 [3e108b50-707e-4267-a617-3ec28210b5c8:group-1BA763FB6487:LeaderElection122] INFO  impl.RaftServerImpl (ServerState.java:setLeader(263)) - 3e108b50-707e-4267-a617-3ec28210b5c8:group-1BA763FB6487 change Leader from null to 3e108b50-707e-4267-a617-3ec28210b5c8 at term 1 for becomeLeader, leader elected after 5234ms
2019-08-23 02:45:31,441 [c1a09a1d-94c6-445f-990d-45b77f19286c:group-156AB50BACB4:LeaderElection121] INFO  impl.RaftServerImpl (ServerState.java:setLeader(263)) - c1a09a1d-94c6-445f-990d-45b77f19286c:group-156AB50BACB4 change Leader from null to c1a09a1d-94c6-445f-990d-45b77f19286c at term 1 for becomeLeader, leader elected after 5090ms
2019-08-23 02:45:31,441 [3e108b50-707e-4267-a617-3ec28210b5c8:group-1BA763FB6487:LeaderElection122] INFO  server.RaftServerConfigKeys (ConfUtils.java:logGet(43)) - raft.server.staging.catchup.gap = 1000 (default)
2019-08-23 02:45:31,441 [c1a09a1d-94c6-445f-990d-45b77f19286c:group-156AB50BACB4:LeaderElection121] INFO  server.RaftServerConfigKeys (ConfUtils.java:logGet(43)) - raft.server.staging.catchup.gap = 1000 (default)
2019-08-23 02:45:31,441 [3e108b50-707e-4267-a617-3ec28210b5c8:group-1BA763FB6487:LeaderElection122] INFO  server.RaftServerConfigKeys (ConfUtils.java:logGet(43)) - raft.server.rpc.sleep.time = 25ms (default)
2019-08-23 02:45:31,441 [c1a09a1d-94c6-445f-990d-45b77f19286c:group-156AB50BACB4:LeaderElection121] INFO  server.RaftServerConfigKeys (ConfUtils.java:logGet(43)) - raft.server.rpc.sleep.time = 25ms (default)
2019-08-23 02:45:31,441 [3e108b50-707e-4267-a617-3ec28210b5c8:group-1BA763FB6487:LeaderElection122] INFO  server.RaftServerConfigKeys (ConfUtils.java:logGet(43)) - raft.server.write.element-limit = 4096 (default)
2019-08-23 02:45:31,442 [c1a09a1d-94c6-445f-990d-45b77f19286c:group-156AB50BACB4:LeaderElection121] INFO  server.RaftServerConfigKeys (ConfUtils.java:logGet(43)) - raft.server.write.element-limit = 4096 (default)
2019-08-23 02:45:31,442 [3e108b50-707e-4267-a617-3ec28210b5c8:group-1BA763FB6487:LeaderElection122] INFO  server.RaftServerConfigKeys (ConfUtils.java:logGet(43)) - raft.server.watch.timeout = 10s (default)
2019-08-23 02:45:31,442 [c1a09a1d-94c6-445f-990d-45b77f19286c:group-156AB50BACB4:LeaderElection121] INFO  server.RaftServerConfigKeys (ConfUtils.java:logGet(43)) - raft.server.watch.timeout = 10s (default)
2019-08-23 02:45:31,442 [3e108b50-707e-4267-a617-3ec28210b5c8:group-1BA763FB6487:LeaderElection122] INFO  server.RaftServerConfigKeys (ConfUtils.java:logGet(43)) - raft.server.watch.timeout.denomination = 1s (default)
2019-08-23 02:45:31,442 [c1a09a1d-94c6-445f-990d-45b77f19286c:group-156AB50BACB4:LeaderElection121] INFO  server.RaftServerConfigKeys (ConfUtils.java:logGet(43)) - raft.server.watch.timeout.denomination = 1s (default)
2019-08-23 02:45:31,442 [3e108b50-707e-4267-a617-3ec28210b5c8:group-1BA763FB6487:LeaderElection122] INFO  server.RaftServerConfigKeys (ConfUtils.java:logGet(43)) - raft.server.watch.element-limit = 65536 (default)
2019-08-23 02:45:31,442 [c1a09a1d-94c6-445f-990d-45b77f19286c:group-156AB50BACB4:LeaderElection121] INFO  server.RaftServerConfigKeys (ConfUtils.java:logGet(43)) - raft.server.watch.element-limit = 65536 (default)
2019-08-23 02:45:31,443 [3e108b50-707e-4267-a617-3ec28210b5c8:group-1BA763FB6487:LeaderElection122] INFO  impl.RoleInfo (RoleInfo.java:updateAndGet(143)) - 3e108b50-707e-4267-a617-3ec28210b5c8: start LeaderState
2019-08-23 02:45:31,443 [c1a09a1d-94c6-445f-990d-45b77f19286c:group-156AB50BACB4:LeaderElection121] INFO  impl.RoleInfo (RoleInfo.java:updateAndGet(143)) - c1a09a1d-94c6-445f-990d-45b77f19286c: start LeaderState
2019-08-23 02:45:31,443 [3e108b50-707e-4267-a617-3ec28210b5c8:group-1BA763FB6487:LeaderElection122] INFO  segmented.SegmentedRaftLogWorker (SegmentedRaftLogWorker.java:startLogSegment(380)) - 3e108b50-707e-4267-a617-3ec28210b5c8-SegmentedRaftLogWorker:Storage Directory /workdir/hadoop-ozone/integration-test/target/test-dir/MiniOzoneClusterImpl-2bd8e9d2-4d45-4779-a9d5-84448e8fa7d9/datanode-1/data/ratis/057cf3a1-1901-478c-8e13-1ba763fb6487: Starting segment from index:0
2019-08-23 02:45:31,443 [c1a09a1d-94c6-445f-990d-45b77f19286c:group-156AB50BACB4:LeaderElection121] INFO  segmented.SegmentedRaftLogWorker (SegmentedRaftLogWorker.java:startLogSegment(380)) - c1a09a1d-94c6-445f-990d-45b77f19286c-SegmentedRaftLogWorker:Storage Directory /workdir/hadoop-ozone/integration-test/target/test-dir/MiniOzoneClusterImpl-2bd8e9d2-4d45-4779-a9d5-84448e8fa7d9/datanode-6/data/ratis/e5c023ca-3056-4144-b4d0-156ab50bacb4: Starting segment from index:0
2019-08-23 02:45:31,443 [3e108b50-707e-4267-a617-3ec28210b5c8:group-1BA763FB6487:LeaderElection122] INFO  impl.RaftServerImpl (ServerState.java:setRaftConf(361)) - 3e108b50-707e-4267-a617-3ec28210b5c8:group-1BA763FB6487 set configuration 0: [3e108b50-707e-4267-a617-3ec28210b5c8:192.168.36.77:38906], old=null at 0
2019-08-23 02:45:31,444 [c1a09a1d-94c6-445f-990d-45b77f19286c:group-156AB50BACB4:LeaderElection121] INFO  impl.RaftServerImpl (ServerState.java:setRaftConf(361)) - c1a09a1d-94c6-445f-990d-45b77f19286c:group-156AB50BACB4 set configuration 0: [c1a09a1d-94c6-445f-990d-45b77f19286c:192.168.36.77:42886], old=null at 0
2019-08-23 02:45:31,496 [c1a09a1d-94c6-445f-990d-45b77f19286c-SegmentedRaftLogWorker:Storage Directory /workdir/hadoop-ozone/integration-test/target/test-dir/MiniOzoneClusterImpl-2bd8e9d2-4d45-4779-a9d5-84448e8fa7d9/datanode-6/data/ratis/e5c023ca-3056-4144-b4d0-156ab50bacb4] INFO  segmented.SegmentedRaftLogWorker (SegmentedRaftLogWorker.java:execute(569)) - c1a09a1d-94c6-445f-990d-45b77f19286c-SegmentedRaftLogWorker:Storage Directory /workdir/hadoop-ozone/integration-test/target/test-dir/MiniOzoneClusterImpl-2bd8e9d2-4d45-4779-a9d5-84448e8fa7d9/datanode-6/data/ratis/e5c023ca-3056-4144-b4d0-156ab50bacb4: created new log segment /workdir/hadoop-ozone/integration-test/target/test-dir/MiniOzoneClusterImpl-2bd8e9d2-4d45-4779-a9d5-84448e8fa7d9/datanode-6/data/ratis/e5c023ca-3056-4144-b4d0-156ab50bacb4/current/log_inprogress_0
2019-08-23 02:45:31,496 [3e108b50-707e-4267-a617-3ec28210b5c8-SegmentedRaftLogWorker:Storage Directory /workdir/hadoop-ozone/integration-test/target/test-dir/MiniOzoneClusterImpl-2bd8e9d2-4d45-4779-a9d5-84448e8fa7d9/datanode-1/data/ratis/057cf3a1-1901-478c-8e13-1ba763fb6487] INFO  segmented.SegmentedRaftLogWorker (SegmentedRaftLogWorker.java:execute(569)) - 3e108b50-707e-4267-a617-3ec28210b5c8-SegmentedRaftLogWorker:Storage Directory /workdir/hadoop-ozone/integration-test/target/test-dir/MiniOzoneClusterImpl-2bd8e9d2-4d45-4779-a9d5-84448e8fa7d9/datanode-1/data/ratis/057cf3a1-1901-478c-8e13-1ba763fb6487: created new log segment /workdir/hadoop-ozone/integration-test/target/test-dir/MiniOzoneClusterImpl-2bd8e9d2-4d45-4779-a9d5-84448e8fa7d9/datanode-1/data/ratis/057cf3a1-1901-478c-8e13-1ba763fb6487/current/log_inprogress_0
2019-08-23 02:45:31,501 | INFO  | SCMAudit | user=jenkins1000 | ip=192.168.36.77 | op=SEND_HEARTBEAT {datanodeUUID=9e2111f4-c022-4843-a18f-ebc5260af7a4, command=[]} | ret=SUCCESS |  
2019-08-23 02:45:31,528 [Thread-4974] INFO  impl.FollowerState (FollowerState.java:run(106)) - b8acb2ee-97fa-480c-8afb-a3c2ac812661:group-30593B93B938 changes to CANDIDATE, lastRpcTime:5113, electionTimeout:5113ms
2019-08-23 02:45:31,528 [Thread-4974] INFO  impl.RoleInfo (RoleInfo.java:shutdownFollowerState(121)) - b8acb2ee-97fa-480c-8afb-a3c2ac812661: shutdown FollowerState
2019-08-23 02:45:31,528 [Thread-4974] INFO  impl.RaftServerImpl (RaftServerImpl.java:setRole(171)) - b8acb2ee-97fa-480c-8afb-a3c2ac812661:group-30593B93B938 changes role from FOLLOWER to CANDIDATE at term 0 for changeToCandidate
2019-08-23 02:45:31,528 [Thread-4974] INFO  impl.RoleInfo (RoleInfo.java:updateAndGet(143)) - b8acb2ee-97fa-480c-8afb-a3c2ac812661: start LeaderElection
2019-08-23 02:45:31,555 [b8acb2ee-97fa-480c-8afb-a3c2ac812661:group-30593B93B938:LeaderElection123] INFO  impl.LeaderElection (LeaderElection.java:askForVotes(181)) - b8acb2ee-97fa-480c-8afb-a3c2ac812661:group-30593B93B938:LeaderElection123: begin an election at term 1 for -1: [b8acb2ee-97fa-480c-8afb-a3c2ac812661:192.168.36.77:33879], old=null
2019-08-23 02:45:31,558 [b8acb2ee-97fa-480c-8afb-a3c2ac812661:group-30593B93B938:LeaderElection123] INFO  impl.RoleInfo (RoleInfo.java:shutdownLeaderElection(134)) - b8acb2ee-97fa-480c-8afb-a3c2ac812661: shutdown LeaderElection
2019-08-23 02:45:31,558 [b8acb2ee-97fa-480c-8afb-a3c2ac812661:group-30593B93B938:LeaderElection123] INFO  impl.RaftServerImpl (RaftServerImpl.java:setRole(171)) - b8acb2ee-97fa-480c-8afb-a3c2ac812661:group-30593B93B938 changes role from CANDIDATE to LEADER at term 1 for changeToLeader
2019-08-23 02:45:31,559 [b8acb2ee-97fa-480c-8afb-a3c2ac812661:group-30593B93B938:LeaderElection123] INFO  impl.RaftServerImpl (ServerState.java:setLeader(263)) - b8acb2ee-97fa-480c-8afb-a3c2ac812661:group-30593B93B938 change Leader from null to b8acb2ee-97fa-480c-8afb-a3c2ac812661 at term 1 for becomeLeader, leader elected after 5148ms
2019-08-23 02:45:31,559 | INFO  | DNAudit | user=null | ip=null | op=WRITE_CHUNK {blockData=conID: 1 locID: 102664000523730967 bcsId: 0} | ret=SUCCESS |  
2019-08-23 02:45:31,559 | INFO  | DNAudit | user=null | ip=null | op=WRITE_CHUNK {blockData=conID: 1 locID: 102664000523730967 bcsId: 0} | ret=SUCCESS |  
2019-08-23 02:45:31,559 [b8acb2ee-97fa-480c-8afb-a3c2ac812661:group-30593B93B938:LeaderElection123] INFO  server.RaftServerConfigKeys (ConfUtils.java:logGet(43)) - raft.server.staging.catchup.gap = 1000 (default)
2019-08-23 02:45:31,559 | INFO  | DNAudit | user=null | ip=null | op=WRITE_CHUNK {blockData=conID: 1 locID: 102664000523730967 bcsId: 0} | ret=SUCCESS |  
2019-08-23 02:45:31,559 [b8acb2ee-97fa-480c-8afb-a3c2ac812661:group-30593B93B938:LeaderElection123] INFO  server.RaftServerConfigKeys (ConfUtils.java:logGet(43)) - raft.server.rpc.sleep.time = 25ms (default)
2019-08-23 02:45:31,559 | INFO  | SCMAudit | user=jenkins1000 | ip=192.168.36.77 | op=SEND_HEARTBEAT {datanodeUUID=b0528765-b14f-4fab-ba7d-e08ffdb39ff8, command=[]} | ret=SUCCESS |  
2019-08-23 02:45:31,559 | INFO  | SCMAudit | user=jenkins1000 | ip=192.168.36.77 | op=SEND_HEARTBEAT {datanodeUUID=660dca87-d357-47a3-a223-4042f8796b14, command=[]} | ret=SUCCESS |  
2019-08-23 02:45:31,559 | INFO  | SCMAudit | user=jenkins1000 | ip=192.168.36.77 | op=SEND_HEARTBEAT {datanodeUUID=3e108b50-707e-4267-a617-3ec28210b5c8, command=[]} | ret=SUCCESS |  
2019-08-23 02:45:31,559 [b8acb2ee-97fa-480c-8afb-a3c2ac812661:group-30593B93B938:LeaderElection123] INFO  server.RaftServerConfigKeys (ConfUtils.java:logGet(43)) - raft.server.write.element-limit = 4096 (default)
2019-08-23 02:45:31,559 [b8acb2ee-97fa-480c-8afb-a3c2ac812661:group-30593B93B938:LeaderElection123] INFO  server.RaftServerConfigKeys (ConfUtils.java:logGet(43)) - raft.server.watch.timeout = 10s (default)
2019-08-23 02:45:31,559 [b8acb2ee-97fa-480c-8afb-a3c2ac812661:group-30593B93B938:LeaderElection123] INFO  server.RaftServerConfigKeys (ConfUtils.java:logGet(43)) - raft.server.watch.timeout.denomination = 1s (default)
2019-08-23 02:45:31,560 [b8acb2ee-97fa-480c-8afb-a3c2ac812661:group-30593B93B938:LeaderElection123] INFO  server.RaftServerConfigKeys (ConfUtils.java:logGet(43)) - raft.server.watch.element-limit = 65536 (default)
2019-08-23 02:45:31,560 [b8acb2ee-97fa-480c-8afb-a3c2ac812661:group-30593B93B938:LeaderElection123] INFO  impl.RoleInfo (RoleInfo.java:updateAndGet(143)) - b8acb2ee-97fa-480c-8afb-a3c2ac812661: start LeaderState
2019-08-23 02:45:31,560 [b8acb2ee-97fa-480c-8afb-a3c2ac812661:group-30593B93B938:LeaderElection123] INFO  segmented.SegmentedRaftLogWorker (SegmentedRaftLogWorker.java:startLogSegment(380)) - b8acb2ee-97fa-480c-8afb-a3c2ac812661-SegmentedRaftLogWorker:Storage Directory /workdir/hadoop-ozone/integration-test/target/test-dir/MiniOzoneClusterImpl-2bd8e9d2-4d45-4779-a9d5-84448e8fa7d9/datanode-2/data/ratis/a3bdbab5-6b04-4480-a00f-30593b93b938: Starting segment from index:0
2019-08-23 02:45:31,560 [b8acb2ee-97fa-480c-8afb-a3c2ac812661:group-30593B93B938:LeaderElection123] INFO  impl.RaftServerImpl (ServerState.java:setRaftConf(361)) - b8acb2ee-97fa-480c-8afb-a3c2ac812661:group-30593B93B938 set configuration 0: [b8acb2ee-97fa-480c-8afb-a3c2ac812661:192.168.36.77:33879], old=null at 0
2019-08-23 02:45:31,573 | INFO  | DNAudit | user=null | ip=null | op=WRITE_CHUNK {blockData=conID: 1 locID: 102664000523730967 bcsId: 0} | ret=SUCCESS |  
2019-08-23 02:45:31,601 [grpc-default-executor-9] INFO  client.GrpcClientProtocolClient (GrpcClientProtocolClient.java:onNext(255)) - client-3EE2655C3F04->b0528765-b14f-4fab-ba7d-e08ffdb39ff8: receive RaftClientReply:client-3EE2655C3F04->b0528765-b14f-4fab-ba7d-e08ffdb39ff8@group-ED4F0F59C74B, cid=264, SUCCESS, logIndex=1, commits[b0528765-b14f-4fab-ba7d-e08ffdb39ff8:c1, 3e108b50-707e-4267-a617-3ec28210b5c8:c0, 660dca87-d357-47a3-a223-4042f8796b14:c0]
2019-08-23 02:45:31,601 | INFO  | DNAudit | user=null | ip=null | op=WRITE_CHUNK {blockData=conID: 1 locID: 102664000523730967 bcsId: 0} | ret=SUCCESS |  
2019-08-23 02:45:31,601 | INFO  | DNAudit | user=null | ip=null | op=WRITE_CHUNK {blockData=conID: 1 locID: 102664000523730967 bcsId: 0} | ret=SUCCESS |  
2019-08-23 02:45:31,602 | INFO  | DNAudit | user=null | ip=null | op=WRITE_CHUNK {blockData=conID: 1 locID: 102664000523730967 bcsId: 0} | ret=SUCCESS |  
2019-08-23 02:45:31,603 | INFO  | DNAudit | user=null | ip=null | op=WRITE_CHUNK {blockData=conID: 1 locID: 102664000523730967 bcsId: 0} | ret=SUCCESS |  
2019-08-23 02:45:31,604 | INFO  | DNAudit | user=null | ip=null | op=WRITE_CHUNK {blockData=conID: 1 locID: 102664000523730967 bcsId: 0} | ret=SUCCESS |  
2019-08-23 02:45:31,616 | INFO  | DNAudit | user=null | ip=null | op=WRITE_CHUNK {blockData=conID: 1 locID: 102664000523730967 bcsId: 0} | ret=SUCCESS |  
2019-08-23 02:45:31,619 [grpc-default-executor-9] INFO  client.GrpcClientProtocolClient (GrpcClientProtocolClient.java:onNext(255)) - client-3EE2655C3F04->b0528765-b14f-4fab-ba7d-e08ffdb39ff8: receive RaftClientReply:client-3EE2655C3F04->b0528765-b14f-4fab-ba7d-e08ffdb39ff8@group-ED4F0F59C74B, cid=265, SUCCESS, logIndex=3, commits[b0528765-b14f-4fab-ba7d-e08ffdb39ff8:c3, 3e108b50-707e-4267-a617-3ec28210b5c8:c2, 660dca87-d357-47a3-a223-4042f8796b14:c2]
2019-08-23 02:45:31,622 [b8acb2ee-97fa-480c-8afb-a3c2ac812661-SegmentedRaftLogWorker:Storage Directory /workdir/hadoop-ozone/integration-test/target/test-dir/MiniOzoneClusterImpl-2bd8e9d2-4d45-4779-a9d5-84448e8fa7d9/datanode-2/data/ratis/a3bdbab5-6b04-4480-a00f-30593b93b938] INFO  segmented.SegmentedRaftLogWorker (SegmentedRaftLogWorker.java:execute(569)) - b8acb2ee-97fa-480c-8afb-a3c2ac812661-SegmentedRaftLogWorker:Storage Directory /workdir/hadoop-ozone/integration-test/target/test-dir/MiniOzoneClusterImpl-2bd8e9d2-4d45-4779-a9d5-84448e8fa7d9/datanode-2/data/ratis/a3bdbab5-6b04-4480-a00f-30593b93b938: created new log segment /workdir/hadoop-ozone/integration-test/target/test-dir/MiniOzoneClusterImpl-2bd8e9d2-4d45-4779-a9d5-84448e8fa7d9/datanode-2/data/ratis/a3bdbab5-6b04-4480-a00f-30593b93b938/current/log_inprogress_0
2019-08-23 02:45:31,629 | INFO  | DNAudit | user=null | ip=null | op=WRITE_CHUNK {blockData=conID: 1 locID: 102664000523730967 bcsId: 0} | ret=SUCCESS |  
2019-08-23 02:45:31,629 | INFO  | DNAudit | user=null | ip=null | op=WRITE_CHUNK {blockData=conID: 1 locID: 102664000523730967 bcsId: 0} | ret=SUCCESS |  
2019-08-23 02:45:31,696 | INFO  | DNAudit | user=null | ip=null | op=PUT_BLOCK {blockData=[blockId=conID: 1 locID: 102664000523730967 bcsId: 0,size=167]} | ret=SUCCESS |  
2019-08-23 02:45:31,697 [grpc-default-executor-9] INFO  client.GrpcClientProtocolClient (GrpcClientProtocolClient.java:onNext(255)) - client-3EE2655C3F04->b0528765-b14f-4fab-ba7d-e08ffdb39ff8: receive RaftClientReply:client-3EE2655C3F04->b0528765-b14f-4fab-ba7d-e08ffdb39ff8@group-ED4F0F59C74B, cid=266, SUCCESS, logIndex=4, commits[b0528765-b14f-4fab-ba7d-e08ffdb39ff8:c6, 3e108b50-707e-4267-a617-3ec28210b5c8:c3, 660dca87-d357-47a3-a223-4042f8796b14:c3]
2019-08-23 02:45:32,034 | INFO  | SCMAudit | user=jenkins1000 | ip=192.168.36.77 | op=SEND_HEARTBEAT {datanodeUUID=0b463173-11e9-44ff-be76-63df57295ec0, command=[]} | ret=SUCCESS |  
2019-08-23 02:45:32,054 | INFO  | SCMAudit | user=jenkins1000 | ip=192.168.36.77 | op=SEND_HEARTBEAT {datanodeUUID=b8acb2ee-97fa-480c-8afb-a3c2ac812661, command=[]} | ret=SUCCESS |  
2019-08-23 02:45:32,225 | INFO  | SCMAudit | user=jenkins1000 | ip=192.168.36.77 | op=SEND_HEARTBEAT {datanodeUUID=c1a09a1d-94c6-445f-990d-45b77f19286c, command=[]} | ret=SUCCESS |  
2019-08-23 02:45:32,501 | INFO  | SCMAudit | user=jenkins1000 | ip=192.168.36.77 | op=SEND_HEARTBEAT {datanodeUUID=9e2111f4-c022-4843-a18f-ebc5260af7a4, command=[]} | ret=SUCCESS |  
2019-08-23 02:45:32,558 | INFO  | SCMAudit | user=jenkins1000 | ip=192.168.36.77 | op=SEND_HEARTBEAT {datanodeUUID=3e108b50-707e-4267-a617-3ec28210b5c8, command=[]} | ret=SUCCESS |  
2019-08-23 02:45:32,558 | INFO  | SCMAudit | user=jenkins1000 | ip=192.168.36.77 | op=SEND_HEARTBEAT {datanodeUUID=660dca87-d357-47a3-a223-4042f8796b14, command=[]} | ret=SUCCESS |  
2019-08-23 02:45:32,559 | INFO  | SCMAudit | user=jenkins1000 | ip=192.168.36.77 | op=SEND_HEARTBEAT {datanodeUUID=b0528765-b14f-4fab-ba7d-e08ffdb39ff8, command=[]} | ret=SUCCESS |  
2019-08-23 02:45:32,670 [Thread-4984] INFO  impl.FollowerState (FollowerState.java:run(106)) - 9e2111f4-c022-4843-a18f-ebc5260af7a4:group-8A8A278735D4 changes to CANDIDATE, lastRpcTime:5006, electionTimeout:5006ms
2019-08-23 02:45:32,671 [Thread-4984] INFO  impl.RoleInfo (RoleInfo.java:shutdownFollowerState(121)) - 9e2111f4-c022-4843-a18f-ebc5260af7a4: shutdown FollowerState
2019-08-23 02:45:32,671 [Thread-4984] INFO  impl.RaftServerImpl (RaftServerImpl.java:setRole(171)) - 9e2111f4-c022-4843-a18f-ebc5260af7a4:group-8A8A278735D4 changes role from FOLLOWER to CANDIDATE at term 0 for changeToCandidate
2019-08-23 02:45:32,671 [Thread-4984] INFO  impl.RoleInfo (RoleInfo.java:updateAndGet(143)) - 9e2111f4-c022-4843-a18f-ebc5260af7a4: start LeaderElection
2019-08-23 02:45:32,698 [main] WARN  scm.XceiverClientRatis (XceiverClientRatis.java:watchForCommit(262)) - 3 way commit failed on pipeline Pipeline[ Id: 4dd70ee7-9905-4bc5-8e96-ed4f0f59c74b, Nodes: 660dca87-d357-47a3-a223-4042f8796b14{ip: 192.168.36.77, host: pr-hdds-2000-5mb45-3533150274, networkLocation: /default-rack, certSerialId: null}3e108b50-707e-4267-a617-3ec28210b5c8{ip: 192.168.36.77, host: pr-hdds-2000-5mb45-3533150274, networkLocation: /default-rack, certSerialId: null}b0528765-b14f-4fab-ba7d-e08ffdb39ff8{ip: 192.168.36.77, host: pr-hdds-2000-5mb45-3533150274, networkLocation: /default-rack, certSerialId: null}, Type:RATIS, Factor:THREE, State:OPEN]
java.util.concurrent.TimeoutException
	at java.util.concurrent.CompletableFuture.timedGet(CompletableFuture.java:1771)
	at java.util.concurrent.CompletableFuture.get(CompletableFuture.java:1915)
	at org.apache.hadoop.hdds.scm.XceiverClientRatis.watchForCommit(XceiverClientRatis.java:259)
	at org.apache.hadoop.hdds.scm.storage.CommitWatcher.watchForCommit(CommitWatcher.java:194)
	at org.apache.hadoop.hdds.scm.storage.CommitWatcher.watchOnLastIndex(CommitWatcher.java:157)
	at org.apache.hadoop.hdds.scm.storage.BlockOutputStream.watchForCommit(BlockOutputStream.java:347)
	at org.apache.hadoop.hdds.scm.storage.BlockOutputStream.handleFlush(BlockOutputStream.java:479)
	at org.apache.hadoop.hdds.scm.storage.BlockOutputStream.flush(BlockOutputStream.java:428)
	at org.apache.hadoop.ozone.client.io.BlockOutputStreamEntry.flush(BlockOutputStreamEntry.java:136)
	at org.apache.hadoop.ozone.client.io.KeyOutputStream.handleFlushOrClose(KeyOutputStream.java:442)
	at org.apache.hadoop.ozone.client.io.KeyOutputStream.flush(KeyOutputStream.java:396)
	at org.apache.hadoop.ozone.client.io.OzoneOutputStream.flush(OzoneOutputStream.java:54)
	at org.apache.hadoop.ozone.client.rpc.TestBlockOutputStreamWithFailures.testExceptionDuringClose(TestBlockOutputStreamWithFailures.java:720)
	at sun.reflect.NativeMethodAccessorImpl.invoke0(Native Method)
	at sun.reflect.NativeMethodAccessorImpl.invoke(NativeMethodAccessorImpl.java:62)
	at sun.reflect.DelegatingMethodAccessorImpl.invoke(DelegatingMethodAccessorImpl.java:43)
	at java.lang.reflect.Method.invoke(Method.java:498)
	at org.junit.runners.model.FrameworkMethod$1.runReflectiveCall(FrameworkMethod.java:47)
	at org.junit.internal.runners.model.ReflectiveCallable.run(ReflectiveCallable.java:12)
	at org.junit.runners.model.FrameworkMethod.invokeExplosively(FrameworkMethod.java:44)
	at org.junit.internal.runners.statements.InvokeMethod.evaluate(InvokeMethod.java:17)
	at org.junit.internal.runners.statements.RunBefores.evaluate(RunBefores.java:26)
	at org.junit.internal.runners.statements.RunAfters.evaluate(RunAfters.java:27)
	at org.junit.runners.ParentRunner.runLeaf(ParentRunner.java:271)
	at org.junit.runners.BlockJUnit4ClassRunner.runChild(BlockJUnit4ClassRunner.java:70)
	at org.junit.runners.BlockJUnit4ClassRunner.runChild(BlockJUnit4ClassRunner.java:50)
	at org.junit.runners.ParentRunner$3.run(ParentRunner.java:238)
	at org.junit.runners.ParentRunner$1.schedule(ParentRunner.java:63)
	at org.junit.runners.ParentRunner.runChildren(ParentRunner.java:236)
	at org.junit.runners.ParentRunner.access$000(ParentRunner.java:53)
	at org.junit.runners.ParentRunner$2.evaluate(ParentRunner.java:229)
	at org.junit.runners.ParentRunner.run(ParentRunner.java:309)
	at org.apache.maven.surefire.junit4.JUnit4Provider.execute(JUnit4Provider.java:365)
	at org.apache.maven.surefire.junit4.JUnit4Provider.executeWithRerun(JUnit4Provider.java:273)
	at org.apache.maven.surefire.junit4.JUnit4Provider.executeTestSet(JUnit4Provider.java:238)
	at org.apache.maven.surefire.junit4.JUnit4Provider.invoke(JUnit4Provider.java:159)
	at org.apache.maven.surefire.booter.ForkedBooter.invokeProviderInSameClassLoader(ForkedBooter.java:384)
	at org.apache.maven.surefire.booter.ForkedBooter.runSuitesInProcess(ForkedBooter.java:345)
	at org.apache.maven.surefire.booter.ForkedBooter.execute(ForkedBooter.java:126)
	at org.apache.maven.surefire.booter.ForkedBooter.main(ForkedBooter.java:418)
2019-08-23 02:45:32,700 [Thread-4977] INFO  impl.FollowerState (FollowerState.java:run(106)) - 9e2111f4-c022-4843-a18f-ebc5260af7a4:group-E530EE9FAB4F changes to CANDIDATE, lastRpcTime:5143, electionTimeout:5143ms
2019-08-23 02:45:32,700 [Thread-4977] INFO  impl.RoleInfo (RoleInfo.java:shutdownFollowerState(121)) - 9e2111f4-c022-4843-a18f-ebc5260af7a4: shutdown FollowerState
2019-08-23 02:45:32,700 [Thread-4977] INFO  impl.RaftServerImpl (RaftServerImpl.java:setRole(171)) - 9e2111f4-c022-4843-a18f-ebc5260af7a4:group-E530EE9FAB4F changes role from FOLLOWER to CANDIDATE at term 0 for changeToCandidate
2019-08-23 02:45:32,700 [Thread-4977] INFO  impl.RoleInfo (RoleInfo.java:updateAndGet(143)) - 9e2111f4-c022-4843-a18f-ebc5260af7a4: start LeaderElection
2019-08-23 02:45:32,720 [9e2111f4-c022-4843-a18f-ebc5260af7a4:group-8A8A278735D4:LeaderElection124] INFO  impl.LeaderElection (LeaderElection.java:askForVotes(181)) - 9e2111f4-c022-4843-a18f-ebc5260af7a4:group-8A8A278735D4:LeaderElection124: begin an election at term 1 for -1: [b8acb2ee-97fa-480c-8afb-a3c2ac812661:192.168.36.77:33879, c1a09a1d-94c6-445f-990d-45b77f19286c:192.168.36.77:42886, 9e2111f4-c022-4843-a18f-ebc5260af7a4:192.168.36.77:42318], old=null
2019-08-23 02:45:32,730 [grpc-default-executor-9] INFO  impl.RaftServerImpl (RaftServerImpl.java:setRole(171)) - c1a09a1d-94c6-445f-990d-45b77f19286c:group-8A8A278735D4 changes role from FOLLOWER to FOLLOWER at term 1 for recognizeCandidate:9e2111f4-c022-4843-a18f-ebc5260af7a4
2019-08-23 02:45:32,733 [grpc-default-executor-9] INFO  impl.RoleInfo (RoleInfo.java:shutdownFollowerState(121)) - c1a09a1d-94c6-445f-990d-45b77f19286c: shutdown FollowerState
2019-08-23 02:45:32,733 [9e2111f4-c022-4843-a18f-ebc5260af7a4:group-E530EE9FAB4F:LeaderElection125] INFO  impl.LeaderElection (LeaderElection.java:askForVotes(181)) - 9e2111f4-c022-4843-a18f-ebc5260af7a4:group-E530EE9FAB4F:LeaderElection125: begin an election at term 1 for -1: [9e2111f4-c022-4843-a18f-ebc5260af7a4:192.168.36.77:42318], old=null
2019-08-23 02:45:32,733 [grpc-default-executor-9] INFO  impl.RoleInfo (RoleInfo.java:updateAndGet(143)) - c1a09a1d-94c6-445f-990d-45b77f19286c: start FollowerState
2019-08-23 02:45:32,733 [grpc-default-executor-19] INFO  impl.RaftServerImpl (RaftServerImpl.java:setRole(171)) - b8acb2ee-97fa-480c-8afb-a3c2ac812661:group-8A8A278735D4 changes role from FOLLOWER to FOLLOWER at term 1 for recognizeCandidate:9e2111f4-c022-4843-a18f-ebc5260af7a4
2019-08-23 02:45:32,733 [grpc-default-executor-19] INFO  impl.RoleInfo (RoleInfo.java:shutdownFollowerState(121)) - b8acb2ee-97fa-480c-8afb-a3c2ac812661: shutdown FollowerState
2019-08-23 02:45:32,733 [9e2111f4-c022-4843-a18f-ebc5260af7a4:group-E530EE9FAB4F:LeaderElection125] INFO  impl.RoleInfo (RoleInfo.java:shutdownLeaderElection(134)) - 9e2111f4-c022-4843-a18f-ebc5260af7a4: shutdown LeaderElection
2019-08-23 02:45:32,733 [Thread-4980] INFO  impl.FollowerState (FollowerState.java:run(114)) - c1a09a1d-94c6-445f-990d-45b77f19286c: FollowerState was interrupted: java.lang.InterruptedException: sleep interrupted
2019-08-23 02:45:32,734 [9e2111f4-c022-4843-a18f-ebc5260af7a4:group-E530EE9FAB4F:LeaderElection125] INFO  impl.RaftServerImpl (RaftServerImpl.java:setRole(171)) - 9e2111f4-c022-4843-a18f-ebc5260af7a4:group-E530EE9FAB4F changes role from CANDIDATE to LEADER at term 1 for changeToLeader
2019-08-23 02:45:32,734 [Thread-4985] INFO  impl.FollowerState (FollowerState.java:run(114)) - b8acb2ee-97fa-480c-8afb-a3c2ac812661: FollowerState was interrupted: java.lang.InterruptedException: sleep interrupted
2019-08-23 02:45:32,734 [grpc-default-executor-19] INFO  impl.RoleInfo (RoleInfo.java:updateAndGet(143)) - b8acb2ee-97fa-480c-8afb-a3c2ac812661: start FollowerState
2019-08-23 02:45:32,734 [9e2111f4-c022-4843-a18f-ebc5260af7a4:group-E530EE9FAB4F:LeaderElection125] INFO  impl.RaftServerImpl (ServerState.java:setLeader(263)) - 9e2111f4-c022-4843-a18f-ebc5260af7a4:group-E530EE9FAB4F change Leader from null to 9e2111f4-c022-4843-a18f-ebc5260af7a4 at term 1 for becomeLeader, leader elected after 5181ms
2019-08-23 02:45:32,734 [9e2111f4-c022-4843-a18f-ebc5260af7a4:group-E530EE9FAB4F:LeaderElection125] INFO  server.RaftServerConfigKeys (ConfUtils.java:logGet(43)) - raft.server.staging.catchup.gap = 1000 (default)
2019-08-23 02:45:32,734 [9e2111f4-c022-4843-a18f-ebc5260af7a4:group-E530EE9FAB4F:LeaderElection125] INFO  server.RaftServerConfigKeys (ConfUtils.java:logGet(43)) - raft.server.rpc.sleep.time = 25ms (default)
2019-08-23 02:45:32,734 [9e2111f4-c022-4843-a18f-ebc5260af7a4:group-E530EE9FAB4F:LeaderElection125] INFO  server.RaftServerConfigKeys (ConfUtils.java:logGet(43)) - raft.server.write.element-limit = 4096 (default)
2019-08-23 02:45:32,735 [9e2111f4-c022-4843-a18f-ebc5260af7a4:group-E530EE9FAB4F:LeaderElection125] INFO  server.RaftServerConfigKeys (ConfUtils.java:logGet(43)) - raft.server.watch.timeout = 10s (default)
2019-08-23 02:45:32,735 [9e2111f4-c022-4843-a18f-ebc5260af7a4:group-E530EE9FAB4F:LeaderElection125] INFO  server.RaftServerConfigKeys (ConfUtils.java:logGet(43)) - raft.server.watch.timeout.denomination = 1s (default)
2019-08-23 02:45:32,735 [9e2111f4-c022-4843-a18f-ebc5260af7a4:group-E530EE9FAB4F:LeaderElection125] INFO  server.RaftServerConfigKeys (ConfUtils.java:logGet(43)) - raft.server.watch.element-limit = 65536 (default)
2019-08-23 02:45:32,735 [9e2111f4-c022-4843-a18f-ebc5260af7a4:group-E530EE9FAB4F:LeaderElection125] INFO  impl.RoleInfo (RoleInfo.java:updateAndGet(143)) - 9e2111f4-c022-4843-a18f-ebc5260af7a4: start LeaderState
2019-08-23 02:45:32,735 [9e2111f4-c022-4843-a18f-ebc5260af7a4:group-E530EE9FAB4F:LeaderElection125] INFO  segmented.SegmentedRaftLogWorker (SegmentedRaftLogWorker.java:startLogSegment(380)) - 9e2111f4-c022-4843-a18f-ebc5260af7a4-SegmentedRaftLogWorker:Storage Directory /workdir/hadoop-ozone/integration-test/target/test-dir/MiniOzoneClusterImpl-2bd8e9d2-4d45-4779-a9d5-84448e8fa7d9/datanode-4/data/ratis/217b7a83-c967-45c8-b010-e530ee9fab4f: Starting segment from index:0
2019-08-23 02:45:32,735 [9e2111f4-c022-4843-a18f-ebc5260af7a4:group-E530EE9FAB4F:LeaderElection125] INFO  impl.RaftServerImpl (ServerState.java:setRaftConf(361)) - 9e2111f4-c022-4843-a18f-ebc5260af7a4:group-E530EE9FAB4F set configuration 0: [9e2111f4-c022-4843-a18f-ebc5260af7a4:192.168.36.77:42318], old=null at 0
2019-08-23 02:45:32,764 [9e2111f4-c022-4843-a18f-ebc5260af7a4:group-8A8A278735D4:LeaderElection124] INFO  impl.LeaderElection (LeaderElection.java:logAndReturn(56)) - 9e2111f4-c022-4843-a18f-ebc5260af7a4:group-8A8A278735D4:LeaderElection124: Election PASSED; received 1 response(s) [9e2111f4-c022-4843-a18f-ebc5260af7a4<-c1a09a1d-94c6-445f-990d-45b77f19286c#0:OK-t1] and 0 exception(s); 9e2111f4-c022-4843-a18f-ebc5260af7a4:t1, leader=null, voted=9e2111f4-c022-4843-a18f-ebc5260af7a4, raftlog=9e2111f4-c022-4843-a18f-ebc5260af7a4-SegmentedRaftLog:OPENED:c-1,f-1,i0, conf=-1: [b8acb2ee-97fa-480c-8afb-a3c2ac812661:192.168.36.77:33879, c1a09a1d-94c6-445f-990d-45b77f19286c:192.168.36.77:42886, 9e2111f4-c022-4843-a18f-ebc5260af7a4:192.168.36.77:42318], old=null
2019-08-23 02:45:32,764 [9e2111f4-c022-4843-a18f-ebc5260af7a4:group-8A8A278735D4:LeaderElection124] INFO  impl.RoleInfo (RoleInfo.java:shutdownLeaderElection(134)) - 9e2111f4-c022-4843-a18f-ebc5260af7a4: shutdown LeaderElection
2019-08-23 02:45:32,764 [9e2111f4-c022-4843-a18f-ebc5260af7a4:group-8A8A278735D4:LeaderElection124] INFO  impl.RaftServerImpl (RaftServerImpl.java:setRole(171)) - 9e2111f4-c022-4843-a18f-ebc5260af7a4:group-8A8A278735D4 changes role from CANDIDATE to LEADER at term 1 for changeToLeader
2019-08-23 02:45:32,764 [9e2111f4-c022-4843-a18f-ebc5260af7a4:group-8A8A278735D4:LeaderElection124] INFO  impl.RaftServerImpl (ServerState.java:setLeader(263)) - 9e2111f4-c022-4843-a18f-ebc5260af7a4:group-8A8A278735D4 change Leader from null to 9e2111f4-c022-4843-a18f-ebc5260af7a4 at term 1 for becomeLeader, leader elected after 5110ms
2019-08-23 02:45:32,765 [9e2111f4-c022-4843-a18f-ebc5260af7a4:group-8A8A278735D4:LeaderElection124] INFO  server.RaftServerConfigKeys (ConfUtils.java:logGet(43)) - raft.server.staging.catchup.gap = 1000 (default)
2019-08-23 02:45:32,765 [9e2111f4-c022-4843-a18f-ebc5260af7a4:group-8A8A278735D4:LeaderElection124] INFO  server.RaftServerConfigKeys (ConfUtils.java:logGet(43)) - raft.server.rpc.sleep.time = 25ms (default)
2019-08-23 02:45:32,765 [9e2111f4-c022-4843-a18f-ebc5260af7a4:group-8A8A278735D4:LeaderElection124] INFO  server.RaftServerConfigKeys (ConfUtils.java:logGet(43)) - raft.server.write.element-limit = 4096 (default)
2019-08-23 02:45:32,765 [9e2111f4-c022-4843-a18f-ebc5260af7a4:group-8A8A278735D4:LeaderElection124] INFO  server.RaftServerConfigKeys (ConfUtils.java:logGet(43)) - raft.server.watch.timeout = 10s (default)
2019-08-23 02:45:32,765 [9e2111f4-c022-4843-a18f-ebc5260af7a4:group-8A8A278735D4:LeaderElection124] INFO  server.RaftServerConfigKeys (ConfUtils.java:logGet(43)) - raft.server.watch.timeout.denomination = 1s (default)
2019-08-23 02:45:32,765 [9e2111f4-c022-4843-a18f-ebc5260af7a4:group-8A8A278735D4:LeaderElection124] INFO  server.RaftServerConfigKeys (ConfUtils.java:logGet(43)) - raft.server.watch.element-limit = 65536 (default)
2019-08-23 02:45:32,765 [9e2111f4-c022-4843-a18f-ebc5260af7a4:group-8A8A278735D4:LeaderElection124] INFO  server.RaftServerConfigKeys (ConfUtils.java:logGet(43)) - raft.server.log.appender.snapshot.chunk.size.max = 16MB (=16777216) (default)
2019-08-23 02:45:32,765 [9e2111f4-c022-4843-a18f-ebc5260af7a4:group-8A8A278735D4:LeaderElection124] INFO  server.RaftServerConfigKeys (ConfUtils.java:logGet(43)) - raft.server.log.appender.buffer.byte-limit = 33554432 (custom)
2019-08-23 02:45:32,766 [9e2111f4-c022-4843-a18f-ebc5260af7a4:group-8A8A278735D4:LeaderElection124] INFO  server.RaftServerConfigKeys (ConfUtils.java:logGet(43)) - raft.server.log.appender.buffer.element-limit = 1 (custom)
2019-08-23 02:45:32,766 [9e2111f4-c022-4843-a18f-ebc5260af7a4:group-8A8A278735D4:LeaderElection124] INFO  grpc.GrpcConfigKeys$Server (ConfUtils.java:logGet(43)) - raft.grpc.server.leader.outstanding.appends.max = 128 (default)
2019-08-23 02:45:32,766 [9e2111f4-c022-4843-a18f-ebc5260af7a4:group-8A8A278735D4:LeaderElection124] INFO  server.RaftServerConfigKeys (ConfUtils.java:logGet(43)) - raft.server.rpc.request.timeout = 3000ms (default)
2019-08-23 02:45:32,766 [9e2111f4-c022-4843-a18f-ebc5260af7a4:group-8A8A278735D4:LeaderElection124] INFO  server.RaftServerConfigKeys (ConfUtils.java:logGet(43)) - raft.server.log.appender.install.snapshot.enabled = false (custom)
2019-08-23 02:45:32,766 [9e2111f4-c022-4843-a18f-ebc5260af7a4:group-8A8A278735D4:LeaderElection124] INFO  server.RaftServerConfigKeys (ConfUtils.java:logGet(43)) - raft.server.log.appender.snapshot.chunk.size.max = 16MB (=16777216) (default)
2019-08-23 02:45:32,766 [9e2111f4-c022-4843-a18f-ebc5260af7a4:group-8A8A278735D4:LeaderElection124] INFO  server.RaftServerConfigKeys (ConfUtils.java:logGet(43)) - raft.server.log.appender.buffer.byte-limit = 33554432 (custom)
2019-08-23 02:45:32,766 [9e2111f4-c022-4843-a18f-ebc5260af7a4:group-8A8A278735D4:LeaderElection124] INFO  server.RaftServerConfigKeys (ConfUtils.java:logGet(43)) - raft.server.log.appender.buffer.element-limit = 1 (custom)
2019-08-23 02:45:32,766 [9e2111f4-c022-4843-a18f-ebc5260af7a4:group-8A8A278735D4:LeaderElection124] INFO  grpc.GrpcConfigKeys$Server (ConfUtils.java:logGet(43)) - raft.grpc.server.leader.outstanding.appends.max = 128 (default)
2019-08-23 02:45:32,766 [9e2111f4-c022-4843-a18f-ebc5260af7a4:group-8A8A278735D4:LeaderElection124] INFO  server.RaftServerConfigKeys (ConfUtils.java:logGet(43)) - raft.server.rpc.request.timeout = 3000ms (default)
2019-08-23 02:45:32,767 [9e2111f4-c022-4843-a18f-ebc5260af7a4:group-8A8A278735D4:LeaderElection124] INFO  server.RaftServerConfigKeys (ConfUtils.java:logGet(43)) - raft.server.log.appender.install.snapshot.enabled = false (custom)
2019-08-23 02:45:32,767 [9e2111f4-c022-4843-a18f-ebc5260af7a4:group-8A8A278735D4:LeaderElection124] INFO  impl.RoleInfo (RoleInfo.java:updateAndGet(143)) - 9e2111f4-c022-4843-a18f-ebc5260af7a4: start LeaderState
2019-08-23 02:45:32,767 [9e2111f4-c022-4843-a18f-ebc5260af7a4:group-8A8A278735D4:LeaderElection124] INFO  segmented.SegmentedRaftLogWorker (SegmentedRaftLogWorker.java:startLogSegment(380)) - 9e2111f4-c022-4843-a18f-ebc5260af7a4-SegmentedRaftLogWorker:Storage Directory /workdir/hadoop-ozone/integration-test/target/test-dir/MiniOzoneClusterImpl-2bd8e9d2-4d45-4779-a9d5-84448e8fa7d9/datanode-4/data/ratis/0bb86939-1e56-4f58-b4f3-8a8a278735d4: Starting segment from index:0
2019-08-23 02:45:32,767 [9e2111f4-c022-4843-a18f-ebc5260af7a4:group-8A8A278735D4:LeaderElection124] INFO  impl.RaftServerImpl (ServerState.java:setRaftConf(361)) - 9e2111f4-c022-4843-a18f-ebc5260af7a4:group-8A8A278735D4 set configuration 0: [b8acb2ee-97fa-480c-8afb-a3c2ac812661:192.168.36.77:33879, c1a09a1d-94c6-445f-990d-45b77f19286c:192.168.36.77:42886, 9e2111f4-c022-4843-a18f-ebc5260af7a4:192.168.36.77:42318], old=null at 0
2019-08-23 02:45:32,794 [grpc-default-executor-19] INFO  impl.RaftServerImpl (ServerState.java:setLeader(263)) - b8acb2ee-97fa-480c-8afb-a3c2ac812661:group-8A8A278735D4 change Leader from null to 9e2111f4-c022-4843-a18f-ebc5260af7a4 at term 1 for appendEntries, leader elected after 5140ms
2019-08-23 02:45:32,794 [grpc-default-executor-9] INFO  impl.RaftServerImpl (ServerState.java:setLeader(263)) - c1a09a1d-94c6-445f-990d-45b77f19286c:group-8A8A278735D4 change Leader from null to 9e2111f4-c022-4843-a18f-ebc5260af7a4 at term 1 for appendEntries, leader elected after 5140ms
2019-08-23 02:45:32,799 [grpc-default-executor-9] INFO  impl.RaftServerImpl (ServerState.java:setRaftConf(361)) - b8acb2ee-97fa-480c-8afb-a3c2ac812661:group-8A8A278735D4 set configuration 0: [b8acb2ee-97fa-480c-8afb-a3c2ac812661:192.168.36.77:33879, c1a09a1d-94c6-445f-990d-45b77f19286c:192.168.36.77:42886, 9e2111f4-c022-4843-a18f-ebc5260af7a4:192.168.36.77:42318], old=null at 0
2019-08-23 02:45:32,799 [grpc-default-executor-19] INFO  impl.RaftServerImpl (ServerState.java:setRaftConf(361)) - c1a09a1d-94c6-445f-990d-45b77f19286c:group-8A8A278735D4 set configuration 0: [b8acb2ee-97fa-480c-8afb-a3c2ac812661:192.168.36.77:33879, c1a09a1d-94c6-445f-990d-45b77f19286c:192.168.36.77:42886, 9e2111f4-c022-4843-a18f-ebc5260af7a4:192.168.36.77:42318], old=null at 0
2019-08-23 02:45:32,799 [grpc-default-executor-9] INFO  segmented.SegmentedRaftLogWorker (SegmentedRaftLogWorker.java:startLogSegment(380)) - b8acb2ee-97fa-480c-8afb-a3c2ac812661-SegmentedRaftLogWorker:Storage Directory /workdir/hadoop-ozone/integration-test/target/test-dir/MiniOzoneClusterImpl-2bd8e9d2-4d45-4779-a9d5-84448e8fa7d9/datanode-2/data/ratis/0bb86939-1e56-4f58-b4f3-8a8a278735d4: Starting segment from index:0
2019-08-23 02:45:32,800 [grpc-default-executor-19] INFO  segmented.SegmentedRaftLogWorker (SegmentedRaftLogWorker.java:startLogSegment(380)) - c1a09a1d-94c6-445f-990d-45b77f19286c-SegmentedRaftLogWorker:Storage Directory /workdir/hadoop-ozone/integration-test/target/test-dir/MiniOzoneClusterImpl-2bd8e9d2-4d45-4779-a9d5-84448e8fa7d9/datanode-6/data/ratis/0bb86939-1e56-4f58-b4f3-8a8a278735d4: Starting segment from index:0
2019-08-23 02:45:32,801 [9e2111f4-c022-4843-a18f-ebc5260af7a4-SegmentedRaftLogWorker:Storage Directory /workdir/hadoop-ozone/integration-test/target/test-dir/MiniOzoneClusterImpl-2bd8e9d2-4d45-4779-a9d5-84448e8fa7d9/datanode-4/data/ratis/217b7a83-c967-45c8-b010-e530ee9fab4f] INFO  segmented.SegmentedRaftLogWorker (SegmentedRaftLogWorker.java:execute(569)) - 9e2111f4-c022-4843-a18f-ebc5260af7a4-SegmentedRaftLogWorker:Storage Directory /workdir/hadoop-ozone/integration-test/target/test-dir/MiniOzoneClusterImpl-2bd8e9d2-4d45-4779-a9d5-84448e8fa7d9/datanode-4/data/ratis/217b7a83-c967-45c8-b010-e530ee9fab4f: created new log segment /workdir/hadoop-ozone/integration-test/target/test-dir/MiniOzoneClusterImpl-2bd8e9d2-4d45-4779-a9d5-84448e8fa7d9/datanode-4/data/ratis/217b7a83-c967-45c8-b010-e530ee9fab4f/current/log_inprogress_0
2019-08-23 02:45:32,818 [9e2111f4-c022-4843-a18f-ebc5260af7a4-SegmentedRaftLogWorker:Storage Directory /workdir/hadoop-ozone/integration-test/target/test-dir/MiniOzoneClusterImpl-2bd8e9d2-4d45-4779-a9d5-84448e8fa7d9/datanode-4/data/ratis/0bb86939-1e56-4f58-b4f3-8a8a278735d4] INFO  segmented.SegmentedRaftLogWorker (SegmentedRaftLogWorker.java:execute(569)) - 9e2111f4-c022-4843-a18f-ebc5260af7a4-SegmentedRaftLogWorker:Storage Directory /workdir/hadoop-ozone/integration-test/target/test-dir/MiniOzoneClusterImpl-2bd8e9d2-4d45-4779-a9d5-84448e8fa7d9/datanode-4/data/ratis/0bb86939-1e56-4f58-b4f3-8a8a278735d4: created new log segment /workdir/hadoop-ozone/integration-test/target/test-dir/MiniOzoneClusterImpl-2bd8e9d2-4d45-4779-a9d5-84448e8fa7d9/datanode-4/data/ratis/0bb86939-1e56-4f58-b4f3-8a8a278735d4/current/log_inprogress_0
2019-08-23 02:45:32,843 [b8acb2ee-97fa-480c-8afb-a3c2ac812661-SegmentedRaftLogWorker:Storage Directory /workdir/hadoop-ozone/integration-test/target/test-dir/MiniOzoneClusterImpl-2bd8e9d2-4d45-4779-a9d5-84448e8fa7d9/datanode-2/data/ratis/0bb86939-1e56-4f58-b4f3-8a8a278735d4] INFO  segmented.SegmentedRaftLogWorker (SegmentedRaftLogWorker.java:execute(569)) - b8acb2ee-97fa-480c-8afb-a3c2ac812661-SegmentedRaftLogWorker:Storage Directory /workdir/hadoop-ozone/integration-test/target/test-dir/MiniOzoneClusterImpl-2bd8e9d2-4d45-4779-a9d5-84448e8fa7d9/datanode-2/data/ratis/0bb86939-1e56-4f58-b4f3-8a8a278735d4: created new log segment /workdir/hadoop-ozone/integration-test/target/test-dir/MiniOzoneClusterImpl-2bd8e9d2-4d45-4779-a9d5-84448e8fa7d9/datanode-2/data/ratis/0bb86939-1e56-4f58-b4f3-8a8a278735d4/current/log_inprogress_0
2019-08-23 02:45:32,860 [c1a09a1d-94c6-445f-990d-45b77f19286c-SegmentedRaftLogWorker:Storage Directory /workdir/hadoop-ozone/integration-test/target/test-dir/MiniOzoneClusterImpl-2bd8e9d2-4d45-4779-a9d5-84448e8fa7d9/datanode-6/data/ratis/0bb86939-1e56-4f58-b4f3-8a8a278735d4] INFO  segmented.SegmentedRaftLogWorker (SegmentedRaftLogWorker.java:execute(569)) - c1a09a1d-94c6-445f-990d-45b77f19286c-SegmentedRaftLogWorker:Storage Directory /workdir/hadoop-ozone/integration-test/target/test-dir/MiniOzoneClusterImpl-2bd8e9d2-4d45-4779-a9d5-84448e8fa7d9/datanode-6/data/ratis/0bb86939-1e56-4f58-b4f3-8a8a278735d4: created new log segment /workdir/hadoop-ozone/integration-test/target/test-dir/MiniOzoneClusterImpl-2bd8e9d2-4d45-4779-a9d5-84448e8fa7d9/datanode-6/data/ratis/0bb86939-1e56-4f58-b4f3-8a8a278735d4/current/log_inprogress_0
2019-08-23 02:45:33,034 | INFO  | SCMAudit | user=jenkins1000 | ip=192.168.36.77 | op=SEND_HEARTBEAT {datanodeUUID=0b463173-11e9-44ff-be76-63df57295ec0, command=[]} | ret=SUCCESS |  
2019-08-23 02:45:33,054 | INFO  | SCMAudit | user=jenkins1000 | ip=192.168.36.77 | op=SEND_HEARTBEAT {datanodeUUID=b8acb2ee-97fa-480c-8afb-a3c2ac812661, command=[]} | ret=SUCCESS |  
2019-08-23 02:45:33,162 [Thread-4989] INFO  impl.FollowerState (FollowerState.java:run(106)) - 0b463173-11e9-44ff-be76-63df57295ec0:group-183E17CDEDFF changes to CANDIDATE, lastRpcTime:5054, electionTimeout:5054ms
2019-08-23 02:45:33,162 [Thread-4989] INFO  impl.RoleInfo (RoleInfo.java:shutdownFollowerState(121)) - 0b463173-11e9-44ff-be76-63df57295ec0: shutdown FollowerState
2019-08-23 02:45:33,162 [Thread-4989] INFO  impl.RaftServerImpl (RaftServerImpl.java:setRole(171)) - 0b463173-11e9-44ff-be76-63df57295ec0:group-183E17CDEDFF changes role from FOLLOWER to CANDIDATE at term 0 for changeToCandidate
2019-08-23 02:45:33,162 [Thread-4989] INFO  impl.RoleInfo (RoleInfo.java:updateAndGet(143)) - 0b463173-11e9-44ff-be76-63df57295ec0: start LeaderElection
2019-08-23 02:45:33,202 [0b463173-11e9-44ff-be76-63df57295ec0:group-183E17CDEDFF:LeaderElection126] INFO  impl.LeaderElection (LeaderElection.java:askForVotes(181)) - 0b463173-11e9-44ff-be76-63df57295ec0:group-183E17CDEDFF:LeaderElection126: begin an election at term 1 for -1: [0b463173-11e9-44ff-be76-63df57295ec0:192.168.36.77:44707], old=null
2019-08-23 02:45:33,202 [0b463173-11e9-44ff-be76-63df57295ec0:group-183E17CDEDFF:LeaderElection126] INFO  impl.RoleInfo (RoleInfo.java:shutdownLeaderElection(134)) - 0b463173-11e9-44ff-be76-63df57295ec0: shutdown LeaderElection
2019-08-23 02:45:33,202 [0b463173-11e9-44ff-be76-63df57295ec0:group-183E17CDEDFF:LeaderElection126] INFO  impl.RaftServerImpl (RaftServerImpl.java:setRole(171)) - 0b463173-11e9-44ff-be76-63df57295ec0:group-183E17CDEDFF changes role from CANDIDATE to LEADER at term 1 for changeToLeader
2019-08-23 02:45:33,202 [0b463173-11e9-44ff-be76-63df57295ec0:group-183E17CDEDFF:LeaderElection126] INFO  impl.RaftServerImpl (ServerState.java:setLeader(263)) - 0b463173-11e9-44ff-be76-63df57295ec0:group-183E17CDEDFF change Leader from null to 0b463173-11e9-44ff-be76-63df57295ec0 at term 1 for becomeLeader, leader elected after 5097ms
2019-08-23 02:45:33,202 [0b463173-11e9-44ff-be76-63df57295ec0:group-183E17CDEDFF:LeaderElection126] INFO  server.RaftServerConfigKeys (ConfUtils.java:logGet(43)) - raft.server.staging.catchup.gap = 1000 (default)
2019-08-23 02:45:33,202 [0b463173-11e9-44ff-be76-63df57295ec0:group-183E17CDEDFF:LeaderElection126] INFO  server.RaftServerConfigKeys (ConfUtils.java:logGet(43)) - raft.server.rpc.sleep.time = 25ms (default)
2019-08-23 02:45:33,202 [0b463173-11e9-44ff-be76-63df57295ec0:group-183E17CDEDFF:LeaderElection126] INFO  server.RaftServerConfigKeys (ConfUtils.java:logGet(43)) - raft.server.write.element-limit = 4096 (default)
2019-08-23 02:45:33,203 [0b463173-11e9-44ff-be76-63df57295ec0:group-183E17CDEDFF:LeaderElection126] INFO  server.RaftServerConfigKeys (ConfUtils.java:logGet(43)) - raft.server.watch.timeout = 10s (default)
2019-08-23 02:45:33,203 [0b463173-11e9-44ff-be76-63df57295ec0:group-183E17CDEDFF:LeaderElection126] INFO  server.RaftServerConfigKeys (ConfUtils.java:logGet(43)) - raft.server.watch.timeout.denomination = 1s (default)
2019-08-23 02:45:33,203 [0b463173-11e9-44ff-be76-63df57295ec0:group-183E17CDEDFF:LeaderElection126] INFO  server.RaftServerConfigKeys (ConfUtils.java:logGet(43)) - raft.server.watch.element-limit = 65536 (default)
2019-08-23 02:45:33,203 [0b463173-11e9-44ff-be76-63df57295ec0:group-183E17CDEDFF:LeaderElection126] INFO  impl.RoleInfo (RoleInfo.java:updateAndGet(143)) - 0b463173-11e9-44ff-be76-63df57295ec0: start LeaderState
2019-08-23 02:45:33,203 [0b463173-11e9-44ff-be76-63df57295ec0:group-183E17CDEDFF:LeaderElection126] INFO  segmented.SegmentedRaftLogWorker (SegmentedRaftLogWorker.java:startLogSegment(380)) - 0b463173-11e9-44ff-be76-63df57295ec0-SegmentedRaftLogWorker:Storage Directory /workdir/hadoop-ozone/integration-test/target/test-dir/MiniOzoneClusterImpl-2bd8e9d2-4d45-4779-a9d5-84448e8fa7d9/datanode-5/data/ratis/3c2a5ab5-aa9b-45ba-b16a-183e17cdedff: Starting segment from index:0
2019-08-23 02:45:33,203 [0b463173-11e9-44ff-be76-63df57295ec0:group-183E17CDEDFF:LeaderElection126] INFO  impl.RaftServerImpl (ServerState.java:setRaftConf(361)) - 0b463173-11e9-44ff-be76-63df57295ec0:group-183E17CDEDFF set configuration 0: [0b463173-11e9-44ff-be76-63df57295ec0:192.168.36.77:44707], old=null at 0
2019-08-23 02:45:33,224 | INFO  | SCMAudit | user=jenkins1000 | ip=192.168.36.77 | op=SEND_HEARTBEAT {datanodeUUID=c1a09a1d-94c6-445f-990d-45b77f19286c, command=[]} | ret=SUCCESS |  
2019-08-23 02:45:33,261 [0b463173-11e9-44ff-be76-63df57295ec0-SegmentedRaftLogWorker:Storage Directory /workdir/hadoop-ozone/integration-test/target/test-dir/MiniOzoneClusterImpl-2bd8e9d2-4d45-4779-a9d5-84448e8fa7d9/datanode-5/data/ratis/3c2a5ab5-aa9b-45ba-b16a-183e17cdedff] INFO  segmented.SegmentedRaftLogWorker (SegmentedRaftLogWorker.java:execute(569)) - 0b463173-11e9-44ff-be76-63df57295ec0-SegmentedRaftLogWorker:Storage Directory /workdir/hadoop-ozone/integration-test/target/test-dir/MiniOzoneClusterImpl-2bd8e9d2-4d45-4779-a9d5-84448e8fa7d9/datanode-5/data/ratis/3c2a5ab5-aa9b-45ba-b16a-183e17cdedff: created new log segment /workdir/hadoop-ozone/integration-test/target/test-dir/MiniOzoneClusterImpl-2bd8e9d2-4d45-4779-a9d5-84448e8fa7d9/datanode-5/data/ratis/3c2a5ab5-aa9b-45ba-b16a-183e17cdedff/current/log_inprogress_0
2019-08-23 02:45:33,501 | INFO  | SCMAudit | user=jenkins1000 | ip=192.168.36.77 | op=SEND_HEARTBEAT {datanodeUUID=9e2111f4-c022-4843-a18f-ebc5260af7a4, command=[]} | ret=SUCCESS |  
2019-08-23 02:45:33,558 | INFO  | SCMAudit | user=jenkins1000 | ip=192.168.36.77 | op=SEND_HEARTBEAT {datanodeUUID=660dca87-d357-47a3-a223-4042f8796b14, command=[]} | ret=SUCCESS |  
2019-08-23 02:45:33,558 | INFO  | SCMAudit | user=jenkins1000 | ip=192.168.36.77 | op=SEND_HEARTBEAT {datanodeUUID=3e108b50-707e-4267-a617-3ec28210b5c8, command=[]} | ret=SUCCESS |  
2019-08-23 02:45:33,559 | INFO  | SCMAudit | user=jenkins1000 | ip=192.168.36.77 | op=SEND_HEARTBEAT {datanodeUUID=b0528765-b14f-4fab-ba7d-e08ffdb39ff8, command=[]} | ret=SUCCESS |  
2019-08-23 02:45:33,701 [main] WARN  storage.CommitWatcher (CommitWatcher.java:watchForCommit(203)) - watchForCommit failed for index 4
java.util.concurrent.TimeoutException
	at java.util.concurrent.CompletableFuture.timedGet(CompletableFuture.java:1771)
	at java.util.concurrent.CompletableFuture.get(CompletableFuture.java:1915)
	at org.apache.hadoop.hdds.scm.XceiverClientRatis.watchForCommit(XceiverClientRatis.java:268)
	at org.apache.hadoop.hdds.scm.storage.CommitWatcher.watchForCommit(CommitWatcher.java:194)
	at org.apache.hadoop.hdds.scm.storage.CommitWatcher.watchOnLastIndex(CommitWatcher.java:157)
	at org.apache.hadoop.hdds.scm.storage.BlockOutputStream.watchForCommit(BlockOutputStream.java:347)
	at org.apache.hadoop.hdds.scm.storage.BlockOutputStream.handleFlush(BlockOutputStream.java:479)
	at org.apache.hadoop.hdds.scm.storage.BlockOutputStream.flush(BlockOutputStream.java:428)
	at org.apache.hadoop.ozone.client.io.BlockOutputStreamEntry.flush(BlockOutputStreamEntry.java:136)
	at org.apache.hadoop.ozone.client.io.KeyOutputStream.handleFlushOrClose(KeyOutputStream.java:442)
	at org.apache.hadoop.ozone.client.io.KeyOutputStream.flush(KeyOutputStream.java:396)
	at org.apache.hadoop.ozone.client.io.OzoneOutputStream.flush(OzoneOutputStream.java:54)
	at org.apache.hadoop.ozone.client.rpc.TestBlockOutputStreamWithFailures.testExceptionDuringClose(TestBlockOutputStreamWithFailures.java:720)
	at sun.reflect.NativeMethodAccessorImpl.invoke0(Native Method)
	at sun.reflect.NativeMethodAccessorImpl.invoke(NativeMethodAccessorImpl.java:62)
	at sun.reflect.DelegatingMethodAccessorImpl.invoke(DelegatingMethodAccessorImpl.java:43)
	at java.lang.reflect.Method.invoke(Method.java:498)
	at org.junit.runners.model.FrameworkMethod$1.runReflectiveCall(FrameworkMethod.java:47)
	at org.junit.internal.runners.model.ReflectiveCallable.run(ReflectiveCallable.java:12)
	at org.junit.runners.model.FrameworkMethod.invokeExplosively(FrameworkMethod.java:44)
	at org.junit.internal.runners.statements.InvokeMethod.evaluate(InvokeMethod.java:17)
	at org.junit.internal.runners.statements.RunBefores.evaluate(RunBefores.java:26)
	at org.junit.internal.runners.statements.RunAfters.evaluate(RunAfters.java:27)
	at org.junit.runners.ParentRunner.runLeaf(ParentRunner.java:271)
	at org.junit.runners.BlockJUnit4ClassRunner.runChild(BlockJUnit4ClassRunner.java:70)
	at org.junit.runners.BlockJUnit4ClassRunner.runChild(BlockJUnit4ClassRunner.java:50)
	at org.junit.runners.ParentRunner$3.run(ParentRunner.java:238)
	at org.junit.runners.ParentRunner$1.schedule(ParentRunner.java:63)
	at org.junit.runners.ParentRunner.runChildren(ParentRunner.java:236)
	at org.junit.runners.ParentRunner.access$000(ParentRunner.java:53)
	at org.junit.runners.ParentRunner$2.evaluate(ParentRunner.java:229)
	at org.junit.runners.ParentRunner.run(ParentRunner.java:309)
	at org.apache.maven.surefire.junit4.JUnit4Provider.execute(JUnit4Provider.java:365)
	at org.apache.maven.surefire.junit4.JUnit4Provider.executeWithRerun(JUnit4Provider.java:273)
	at org.apache.maven.surefire.junit4.JUnit4Provider.executeTestSet(JUnit4Provider.java:238)
	at org.apache.maven.surefire.junit4.JUnit4Provider.invoke(JUnit4Provider.java:159)
	at org.apache.maven.surefire.booter.ForkedBooter.invokeProviderInSameClassLoader(ForkedBooter.java:384)
	at org.apache.maven.surefire.booter.ForkedBooter.runSuitesInProcess(ForkedBooter.java:345)
	at org.apache.maven.surefire.booter.ForkedBooter.execute(ForkedBooter.java:126)
	at org.apache.maven.surefire.booter.ForkedBooter.main(ForkedBooter.java:418)
2019-08-23 02:45:33,702 [main] WARN  io.KeyOutputStream (KeyOutputStream.java:handleException(276)) - Encountered exception java.io.IOException: Unexpected Storage Container Exception: java.io.IOException: Unexpected Storage Container Exception: java.util.concurrent.TimeoutException on the pipeline Pipeline[ Id: 4dd70ee7-9905-4bc5-8e96-ed4f0f59c74b, Nodes: 660dca87-d357-47a3-a223-4042f8796b14{ip: 192.168.36.77, host: pr-hdds-2000-5mb45-3533150274, networkLocation: /default-rack, certSerialId: null}3e108b50-707e-4267-a617-3ec28210b5c8{ip: 192.168.36.77, host: pr-hdds-2000-5mb45-3533150274, networkLocation: /default-rack, certSerialId: null}b0528765-b14f-4fab-ba7d-e08ffdb39ff8{ip: 192.168.36.77, host: pr-hdds-2000-5mb45-3533150274, networkLocation: /default-rack, certSerialId: null}, Type:RATIS, Factor:THREE, State:OPEN]. The last committed block length is 0, uncommitted data length is 167 retry count 0
2019-08-23 02:45:33,709 | INFO  | SCMAudit | user=jenkins1000 | ip=192.168.36.77 | op=ALLOCATE_BLOCK {owner=0c6ea056-6ec4-48ec-b1ca-b15b8de7dd21, size=800, type=RATIS, factor=THREE} | ret=SUCCESS |  
2019-08-23 02:45:33,713 | INFO  | OMAudit | user=jenkins1000 | ip=127.0.0.1 | op=ALLOCATE_BLOCK {volume=testblockoutputstream, bucket=testblockoutputstream, key=b8991d7d-d34c-4e4e-8ff7-4aa36c785f1f, dataSize=0, replicationType=null, replicationFactor=null, keyLocationInfo=null, clientID=102664000523141142} | ret=SUCCESS |  
2019-08-23 02:45:33,855 | INFO  | DNAudit | user=null | ip=null | op=WRITE_CHUNK {blockData=conID: 2 locID: 102664000877953048 bcsId: 0} | ret=SUCCESS |  
2019-08-23 02:45:33,855 | INFO  | DNAudit | user=null | ip=null | op=WRITE_CHUNK {blockData=conID: 2 locID: 102664000877953048 bcsId: 0} | ret=SUCCESS |  
2019-08-23 02:45:33,855 | INFO  | SCMAudit | user=jenkins1000 | ip=192.168.36.77 | op=SEND_HEARTBEAT {datanodeUUID=9e2111f4-c022-4843-a18f-ebc5260af7a4, command=[]} | ret=SUCCESS |  
2019-08-23 02:45:33,855 | INFO  | SCMAudit | user=jenkins1000 | ip=192.168.36.77 | op=SEND_HEARTBEAT {datanodeUUID=c1a09a1d-94c6-445f-990d-45b77f19286c, command=[]} | ret=SUCCESS |  
2019-08-23 02:45:33,855 | INFO  | SCMAudit | user=jenkins1000 | ip=192.168.36.77 | op=SEND_HEARTBEAT {datanodeUUID=b8acb2ee-97fa-480c-8afb-a3c2ac812661, command=[]} | ret=SUCCESS |  
2019-08-23 02:45:33,855 | INFO  | DNAudit | user=null | ip=null | op=WRITE_CHUNK {blockData=conID: 2 locID: 102664000877953048 bcsId: 0} | ret=SUCCESS |  
2019-08-23 02:45:33,868 | INFO  | DNAudit | user=null | ip=null | op=WRITE_CHUNK {blockData=conID: 2 locID: 102664000877953048 bcsId: 0} | ret=SUCCESS |  
2019-08-23 02:45:33,875 [grpc-default-executor-9] INFO  client.GrpcClientProtocolClient (GrpcClientProtocolClient.java:onNext(255)) - client-7046C50E5253->9e2111f4-c022-4843-a18f-ebc5260af7a4: receive RaftClientReply:client-7046C50E5253->9e2111f4-c022-4843-a18f-ebc5260af7a4@group-8A8A278735D4, cid=269, SUCCESS, logIndex=1, commits[9e2111f4-c022-4843-a18f-ebc5260af7a4:c1, b8acb2ee-97fa-480c-8afb-a3c2ac812661:c0, c1a09a1d-94c6-445f-990d-45b77f19286c:c0]
2019-08-23 02:45:33,878 | INFO  | DNAudit | user=null | ip=null | op=WRITE_CHUNK {blockData=conID: 2 locID: 102664000877953048 bcsId: 0} | ret=SUCCESS |  
2019-08-23 02:45:33,878 | INFO  | DNAudit | user=null | ip=null | op=WRITE_CHUNK {blockData=conID: 2 locID: 102664000877953048 bcsId: 0} | ret=SUCCESS |  
2019-08-23 02:45:33,879 | INFO  | DNAudit | user=null | ip=null | op=WRITE_CHUNK {blockData=conID: 2 locID: 102664000877953048 bcsId: 0} | ret=SUCCESS |  
2019-08-23 02:45:33,880 | INFO  | DNAudit | user=null | ip=null | op=WRITE_CHUNK {blockData=conID: 2 locID: 102664000877953048 bcsId: 0} | ret=SUCCESS |  
2019-08-23 02:45:33,880 | INFO  | DNAudit | user=null | ip=null | op=WRITE_CHUNK {blockData=conID: 2 locID: 102664000877953048 bcsId: 0} | ret=SUCCESS |  
2019-08-23 02:45:33,897 | INFO  | DNAudit | user=null | ip=null | op=WRITE_CHUNK {blockData=conID: 2 locID: 102664000877953048 bcsId: 0} | ret=SUCCESS |  
2019-08-23 02:45:33,900 [grpc-default-executor-13] INFO  client.GrpcClientProtocolClient (GrpcClientProtocolClient.java:onNext(255)) - client-7046C50E5253->9e2111f4-c022-4843-a18f-ebc5260af7a4: receive RaftClientReply:client-7046C50E5253->9e2111f4-c022-4843-a18f-ebc5260af7a4@group-8A8A278735D4, cid=270, SUCCESS, logIndex=3, commits[9e2111f4-c022-4843-a18f-ebc5260af7a4:c4, b8acb2ee-97fa-480c-8afb-a3c2ac812661:c2, c1a09a1d-94c6-445f-990d-45b77f19286c:c2]
2019-08-23 02:45:33,910 | INFO  | DNAudit | user=null | ip=null | op=WRITE_CHUNK {blockData=conID: 2 locID: 102664000877953048 bcsId: 0} | ret=SUCCESS |  
2019-08-23 02:45:33,910 | INFO  | DNAudit | user=null | ip=null | op=WRITE_CHUNK {blockData=conID: 2 locID: 102664000877953048 bcsId: 0} | ret=SUCCESS |  
2019-08-23 02:45:33,972 | INFO  | DNAudit | user=null | ip=null | op=PUT_BLOCK {blockData=[blockId=conID: 2 locID: 102664000877953048 bcsId: 0,size=167]} | ret=SUCCESS |  
2019-08-23 02:45:33,973 [grpc-default-executor-13] INFO  client.GrpcClientProtocolClient (GrpcClientProtocolClient.java:onNext(255)) - client-7046C50E5253->9e2111f4-c022-4843-a18f-ebc5260af7a4: receive RaftClientReply:client-7046C50E5253->9e2111f4-c022-4843-a18f-ebc5260af7a4@group-8A8A278735D4, cid=271, SUCCESS, logIndex=4, commits[9e2111f4-c022-4843-a18f-ebc5260af7a4:c6, b8acb2ee-97fa-480c-8afb-a3c2ac812661:c4, c1a09a1d-94c6-445f-990d-45b77f19286c:c4]
2019-08-23 02:45:33,974 [main] INFO  ozone.MiniOzoneClusterImpl (MiniOzoneClusterImpl.java:shutdown(321)) - Shutting down the Mini Ozone Cluster
2019-08-23 02:45:33,974 | INFO  | SCMAudit | user=null | ip=null | op=GET_SCM_INFO null | ret=SUCCESS |  
2019-08-23 02:45:33,974 [main] INFO  ozone.MiniOzoneClusterImpl (MiniOzoneClusterImpl.java:stop(336)) - Stopping the Mini Ozone Cluster
2019-08-23 02:45:33,974 [main] INFO  ozone.MiniOzoneClusterImpl (MiniOzoneClusterImpl.java:stop(338)) - Stopping the OzoneManager
2019-08-23 02:45:33,975 [main] INFO  ipc.Server (Server.java:stop(3082)) - Stopping server on 43332
2019-08-23 02:45:33,986 [IPC Server listener on 43332] INFO  ipc.Server (Server.java:run(1185)) - Stopping IPC Server listener on 43332
2019-08-23 02:45:33,994 [main] INFO  ratis.OzoneManagerDoubleBuffer (OzoneManagerDoubleBuffer.java:stop(248)) - Stopping OMDoubleBuffer flush thread
2019-08-23 02:45:33,994 [IPC Server Responder] INFO  ipc.Server (Server.java:run(1319)) - Stopping IPC Server Responder
2019-08-23 02:45:34,001 [OMDoubleBufferFlushThread] INFO  ratis.OzoneManagerDoubleBuffer (OzoneManagerDoubleBuffer.java:flushTransactions(191)) - OMDoubleBuffer flush thread OMDoubleBufferFlushThread is interrupted and will exit. OMDoubleBufferFlushThread
2019-08-23 02:45:34,001 [main] INFO  utils.BackgroundService (BackgroundService.java:shutdown(148)) - Shutting down service KeyDeletingService
2019-08-23 02:45:34,002 [main] INFO  handler.ContextHandler (ContextHandler.java:doStop(910)) - Stopped o.e.j.w.WebAppContext@5944fbf0{/,null,UNAVAILABLE}{/ozoneManager}
2019-08-23 02:45:34,003 [main] INFO  server.AbstractConnector (AbstractConnector.java:doStop(318)) - Stopped ServerConnector@1fb77d8{HTTP/1.1,[http/1.1]}{0.0.0.0:0}
2019-08-23 02:45:34,003 [main] INFO  handler.ContextHandler (ContextHandler.java:doStop(910)) - Stopped o.e.j.s.ServletContextHandler@6eb96567{/static,file:///workdir/hadoop-ozone/integration-test/target/test-classes/webapps/static,UNAVAILABLE}
2019-08-23 02:45:34,003 [main] INFO  handler.ContextHandler (ContextHandler.java:doStop(910)) - Stopped o.e.j.s.ServletContextHandler@201b8a01{/logs,file:///workdir/hadoop-ozone/integration-test/target/log,UNAVAILABLE}
2019-08-23 02:45:34,009 [main] INFO  ozone.MiniOzoneClusterImpl (MiniOzoneClusterImpl.java:stop(344)) - Shutting the HddsDatanodes
2019-08-23 02:45:34,009 [main] INFO  datanode.ObjectStoreHandler (ObjectStoreHandler.java:close(155)) - Closing ObjectStoreHandler.
2019-08-23 02:45:34,009 [ForkJoinPool.commonPool-worker-0] INFO  datanode.ObjectStoreHandler (ObjectStoreHandler.java:close(155)) - Closing ObjectStoreHandler.
2019-08-23 02:45:34,010 [main] INFO  ozone.HddsDatanodeService (HddsDatanodeService.java:stop(451)) - Stopped plug-in org.apache.hadoop.ozone.web.OzoneHddsDatanodeService@4b847324
2019-08-23 02:45:34,010 [ForkJoinPool.commonPool-worker-0] INFO  ozone.HddsDatanodeService (HddsDatanodeService.java:stop(451)) - Stopped plug-in org.apache.hadoop.ozone.web.OzoneHddsDatanodeService@58a7226e
2019-08-23 02:45:34,033 | INFO  | SCMAudit | user=jenkins1000 | ip=192.168.36.77 | op=SEND_HEARTBEAT {datanodeUUID=0b463173-11e9-44ff-be76-63df57295ec0, command=[]} | ret=SUCCESS |  
2019-08-23 02:45:34,119 | INFO  | DNAudit | user=null | ip=null | op=PUT_BLOCK {blockData=[blockId=conID: 2 locID: 102664000877953048 bcsId: 0,size=167]} | ret=SUCCESS |  
2019-08-23 02:45:34,151 [grpc-default-executor-9] INFO  client.GrpcClientProtocolClient (GrpcClientProtocolClient.java:onNext(255)) - client-3EE2655C3F04->b0528765-b14f-4fab-ba7d-e08ffdb39ff8: receive RaftClientReply:client-3EE2655C3F04->b0528765-b14f-4fab-ba7d-e08ffdb39ff8@group-ED4F0F59C74B, cid=268, SUCCESS, logIndex=0, commits[b0528765-b14f-4fab-ba7d-e08ffdb39ff8:c6, 3e108b50-707e-4267-a617-3ec28210b5c8:c6, 660dca87-d357-47a3-a223-4042f8796b14:c3]
2019-08-23 02:45:34,152 [grpc-default-executor-9] INFO  client.GrpcClientProtocolClient (GrpcClientProtocolClient.java:onNext(255)) - client-3EE2655C3F04->b0528765-b14f-4fab-ba7d-e08ffdb39ff8: receive RaftClientReply:client-3EE2655C3F04->b0528765-b14f-4fab-ba7d-e08ffdb39ff8@group-ED4F0F59C74B, cid=267, SUCCESS, logIndex=0, commits[b0528765-b14f-4fab-ba7d-e08ffdb39ff8:c6, 3e108b50-707e-4267-a617-3ec28210b5c8:c6, 660dca87-d357-47a3-a223-4042f8796b14:c6]
2019-08-23 02:45:34,174 | INFO  | DNAudit | user=null | ip=null | op=PUT_BLOCK {blockData=[blockId=conID: 2 locID: 102664000877953048 bcsId: 0,size=167]} | ret=SUCCESS |  
2019-08-23 02:45:34,214 | INFO  | DNAudit | user=null | ip=null | op=PUT_BLOCK {blockData=[blockId=conID: 1 locID: 102664000523730967 bcsId: 0,size=167]} | ret=SUCCESS |  
2019-08-23 02:45:34,268 | INFO  | DNAudit | user=null | ip=null | op=PUT_BLOCK {blockData=[blockId=conID: 1 locID: 102664000523730967 bcsId: 0,size=167]} | ret=SUCCESS |  
2019-08-23 02:45:34,557 [Datanode State Machine Thread - 0] INFO  statemachine.DatanodeStateMachine (DatanodeStateMachine.java:lambda$startDaemon$0(350)) - Ozone container server started.
2019-08-23 02:45:34,558 | INFO  | SCMAudit | user=jenkins1000 | ip=192.168.36.77 | op=SEND_HEARTBEAT {datanodeUUID=660dca87-d357-47a3-a223-4042f8796b14, command=[]} | ret=SUCCESS |  
2019-08-23 02:45:34,559 | INFO  | SCMAudit | user=jenkins1000 | ip=192.168.36.77 | op=SEND_HEARTBEAT {datanodeUUID=b0528765-b14f-4fab-ba7d-e08ffdb39ff8, command=[]} | ret=SUCCESS |  
2019-08-23 02:45:34,855 | INFO  | SCMAudit | user=jenkins1000 | ip=192.168.36.77 | op=SEND_HEARTBEAT {datanodeUUID=b8acb2ee-97fa-480c-8afb-a3c2ac812661, command=[]} | ret=SUCCESS |  
2019-08-23 02:45:34,855 [Datanode State Machine Thread - 0] INFO  statemachine.DatanodeStateMachine (DatanodeStateMachine.java:lambda$startDaemon$0(350)) - Ozone container server started.
2019-08-23 02:45:34,855 | INFO  | SCMAudit | user=jenkins1000 | ip=192.168.36.77 | op=SEND_HEARTBEAT {datanodeUUID=c1a09a1d-94c6-445f-990d-45b77f19286c, command=[]} | ret=SUCCESS |  
2019-08-23 02:45:35,033 | INFO  | SCMAudit | user=jenkins1000 | ip=192.168.36.77 | op=SEND_HEARTBEAT {datanodeUUID=0b463173-11e9-44ff-be76-63df57295ec0, command=[]} | ret=SUCCESS |  
2019-08-23 02:45:35,559 | INFO  | SCMAudit | user=jenkins1000 | ip=192.168.36.77 | op=SEND_HEARTBEAT {datanodeUUID=660dca87-d357-47a3-a223-4042f8796b14, command=[]} | ret=SUCCESS |  
2019-08-23 02:45:35,559 | INFO  | SCMAudit | user=jenkins1000 | ip=192.168.36.77 | op=SEND_HEARTBEAT {datanodeUUID=b0528765-b14f-4fab-ba7d-e08ffdb39ff8, command=[]} | ret=SUCCESS |  
2019-08-23 02:45:35,855 | INFO  | SCMAudit | user=jenkins1000 | ip=192.168.36.77 | op=SEND_HEARTBEAT {datanodeUUID=b8acb2ee-97fa-480c-8afb-a3c2ac812661, command=[]} | ret=SUCCESS |  
2019-08-23 02:45:35,855 | INFO  | SCMAudit | user=jenkins1000 | ip=192.168.36.77 | op=SEND_HEARTBEAT {datanodeUUID=c1a09a1d-94c6-445f-990d-45b77f19286c, command=[]} | ret=SUCCESS |  
2019-08-23 02:45:36,033 | INFO  | SCMAudit | user=jenkins1000 | ip=192.168.36.77 | op=SEND_HEARTBEAT {datanodeUUID=0b463173-11e9-44ff-be76-63df57295ec0, command=[]} | ret=SUCCESS |  
2019-08-23 02:45:36,559 | INFO  | SCMAudit | user=jenkins1000 | ip=192.168.36.77 | op=SEND_HEARTBEAT {datanodeUUID=660dca87-d357-47a3-a223-4042f8796b14, command=[]} | ret=SUCCESS |  
2019-08-23 02:45:36,560 | INFO  | SCMAudit | user=jenkins1000 | ip=192.168.36.77 | op=SEND_HEARTBEAT {datanodeUUID=b0528765-b14f-4fab-ba7d-e08ffdb39ff8, command=[]} | ret=SUCCESS |  
2019-08-23 02:45:36,855 | INFO  | SCMAudit | user=jenkins1000 | ip=192.168.36.77 | op=SEND_HEARTBEAT {datanodeUUID=b8acb2ee-97fa-480c-8afb-a3c2ac812661, command=[]} | ret=SUCCESS |  
2019-08-23 02:45:36,855 | INFO  | SCMAudit | user=jenkins1000 | ip=192.168.36.77 | op=SEND_HEARTBEAT {datanodeUUID=c1a09a1d-94c6-445f-990d-45b77f19286c, command=[]} | ret=SUCCESS |  
2019-08-23 02:45:37,033 | INFO  | SCMAudit | user=jenkins1000 | ip=192.168.36.77 | op=SEND_HEARTBEAT {datanodeUUID=0b463173-11e9-44ff-be76-63df57295ec0, command=[]} | ret=SUCCESS |  
2019-08-23 02:45:37,558 | INFO  | SCMAudit | user=jenkins1000 | ip=192.168.36.77 | op=SEND_HEARTBEAT {datanodeUUID=660dca87-d357-47a3-a223-4042f8796b14, command=[]} | ret=SUCCESS |  
2019-08-23 02:45:37,561 | INFO  | SCMAudit | user=jenkins1000 | ip=192.168.36.77 | op=SEND_HEARTBEAT {datanodeUUID=b0528765-b14f-4fab-ba7d-e08ffdb39ff8, command=[]} | ret=SUCCESS |  
2019-08-23 02:45:37,854 | INFO  | SCMAudit | user=jenkins1000 | ip=192.168.36.77 | op=SEND_HEARTBEAT {datanodeUUID=b8acb2ee-97fa-480c-8afb-a3c2ac812661, command=[]} | ret=SUCCESS |  
2019-08-23 02:45:37,855 | INFO  | SCMAudit | user=jenkins1000 | ip=192.168.36.77 | op=SEND_HEARTBEAT {datanodeUUID=c1a09a1d-94c6-445f-990d-45b77f19286c, command=[]} | ret=SUCCESS |  
2019-08-23 02:45:38,033 | INFO  | SCMAudit | user=jenkins1000 | ip=192.168.36.77 | op=SEND_HEARTBEAT {datanodeUUID=0b463173-11e9-44ff-be76-63df57295ec0, command=[]} | ret=SUCCESS |  
2019-08-23 02:45:38,558 | INFO  | SCMAudit | user=jenkins1000 | ip=192.168.36.77 | op=SEND_HEARTBEAT {datanodeUUID=660dca87-d357-47a3-a223-4042f8796b14, command=[]} | ret=SUCCESS |  
2019-08-23 02:45:38,560 | INFO  | SCMAudit | user=jenkins1000 | ip=192.168.36.77 | op=SEND_HEARTBEAT {datanodeUUID=b0528765-b14f-4fab-ba7d-e08ffdb39ff8, command=[]} | ret=SUCCESS |  
2019-08-23 02:45:38,607 [EventQueue-StaleNodeForStaleNodeHandler] INFO  node.StaleNodeHandler (StaleNodeHandler.java:onMessage(58)) - Datanode 3e108b50-707e-4267-a617-3ec28210b5c8{ip: 192.168.36.77, host: pr-hdds-2000-5mb45-3533150274, networkLocation: /default-rack, certSerialId: null} moved to stale state. Finalizing its pipelines [PipelineID=057cf3a1-1901-478c-8e13-1ba763fb6487, PipelineID=4dd70ee7-9905-4bc5-8e96-ed4f0f59c74b]
2019-08-23 02:45:38,607 [EventQueue-StaleNodeForStaleNodeHandler] INFO  pipeline.SCMPipelineManager (SCMPipelineManager.java:finalizeAndDestroyPipeline(309)) - destroying pipeline:Pipeline[ Id: 057cf3a1-1901-478c-8e13-1ba763fb6487, Nodes: 3e108b50-707e-4267-a617-3ec28210b5c8{ip: 192.168.36.77, host: pr-hdds-2000-5mb45-3533150274, networkLocation: /default-rack, certSerialId: null}, Type:RATIS, Factor:ONE, State:OPEN]
2019-08-23 02:45:38,607 [EventQueue-StaleNodeForStaleNodeHandler] INFO  pipeline.PipelineStateManager (PipelineStateManager.java:finalizePipeline(123)) - Pipeline Pipeline[ Id: 057cf3a1-1901-478c-8e13-1ba763fb6487, Nodes: 3e108b50-707e-4267-a617-3ec28210b5c8{ip: 192.168.36.77, host: pr-hdds-2000-5mb45-3533150274, networkLocation: /default-rack, certSerialId: null}, Type:RATIS, Factor:ONE, State:CLOSED] moved to CLOSED state
2019-08-23 02:45:38,607 [EventQueue-StaleNodeForStaleNodeHandler] INFO  pipeline.SCMPipelineManager (SCMPipelineManager.java:finalizeAndDestroyPipeline(309)) - destroying pipeline:Pipeline[ Id: 4dd70ee7-9905-4bc5-8e96-ed4f0f59c74b, Nodes: 660dca87-d357-47a3-a223-4042f8796b14{ip: 192.168.36.77, host: pr-hdds-2000-5mb45-3533150274, networkLocation: /default-rack, certSerialId: null}3e108b50-707e-4267-a617-3ec28210b5c8{ip: 192.168.36.77, host: pr-hdds-2000-5mb45-3533150274, networkLocation: /default-rack, certSerialId: null}b0528765-b14f-4fab-ba7d-e08ffdb39ff8{ip: 192.168.36.77, host: pr-hdds-2000-5mb45-3533150274, networkLocation: /default-rack, certSerialId: null}, Type:RATIS, Factor:THREE, State:OPEN]
2019-08-23 02:45:38,607 [EventQueue-StaleNodeForStaleNodeHandler] INFO  pipeline.PipelineStateManager (PipelineStateManager.java:finalizePipeline(123)) - Pipeline Pipeline[ Id: 4dd70ee7-9905-4bc5-8e96-ed4f0f59c74b, Nodes: 660dca87-d357-47a3-a223-4042f8796b14{ip: 192.168.36.77, host: pr-hdds-2000-5mb45-3533150274, networkLocation: /default-rack, certSerialId: null}3e108b50-707e-4267-a617-3ec28210b5c8{ip: 192.168.36.77, host: pr-hdds-2000-5mb45-3533150274, networkLocation: /default-rack, certSerialId: null}b0528765-b14f-4fab-ba7d-e08ffdb39ff8{ip: 192.168.36.77, host: pr-hdds-2000-5mb45-3533150274, networkLocation: /default-rack, certSerialId: null}, Type:RATIS, Factor:THREE, State:CLOSED] moved to CLOSED state
2019-08-23 02:45:38,608 [EventQueue-CloseContainerForCloseContainerEventHandler] INFO  container.CloseContainerEventHandler (CloseContainerEventHandler.java:onMessage(61)) - Close container Event triggered for container : #1
2019-08-23 02:45:38,854 | INFO  | SCMAudit | user=jenkins1000 | ip=192.168.36.77 | op=SEND_HEARTBEAT {datanodeUUID=b8acb2ee-97fa-480c-8afb-a3c2ac812661, command=[]} | ret=SUCCESS |  
2019-08-23 02:45:38,855 | INFO  | SCMAudit | user=jenkins1000 | ip=192.168.36.77 | op=SEND_HEARTBEAT {datanodeUUID=c1a09a1d-94c6-445f-990d-45b77f19286c, command=[]} | ret=SUCCESS |  
2019-08-23 02:45:38,907 [EventQueue-StaleNodeForStaleNodeHandler] INFO  node.StaleNodeHandler (StaleNodeHandler.java:onMessage(58)) - Datanode 9e2111f4-c022-4843-a18f-ebc5260af7a4{ip: 192.168.36.77, host: pr-hdds-2000-5mb45-3533150274, networkLocation: /default-rack, certSerialId: null} moved to stale state. Finalizing its pipelines [PipelineID=0bb86939-1e56-4f58-b4f3-8a8a278735d4, PipelineID=217b7a83-c967-45c8-b010-e530ee9fab4f]
2019-08-23 02:45:38,907 [EventQueue-StaleNodeForStaleNodeHandler] INFO  pipeline.SCMPipelineManager (SCMPipelineManager.java:finalizeAndDestroyPipeline(309)) - destroying pipeline:Pipeline[ Id: 0bb86939-1e56-4f58-b4f3-8a8a278735d4, Nodes: 9e2111f4-c022-4843-a18f-ebc5260af7a4{ip: 192.168.36.77, host: pr-hdds-2000-5mb45-3533150274, networkLocation: /default-rack, certSerialId: null}c1a09a1d-94c6-445f-990d-45b77f19286c{ip: 192.168.36.77, host: pr-hdds-2000-5mb45-3533150274, networkLocation: /default-rack, certSerialId: null}b8acb2ee-97fa-480c-8afb-a3c2ac812661{ip: 192.168.36.77, host: pr-hdds-2000-5mb45-3533150274, networkLocation: /default-rack, certSerialId: null}, Type:RATIS, Factor:THREE, State:OPEN]
2019-08-23 02:45:38,907 [EventQueue-StaleNodeForStaleNodeHandler] INFO  pipeline.PipelineStateManager (PipelineStateManager.java:finalizePipeline(123)) - Pipeline Pipeline[ Id: 0bb86939-1e56-4f58-b4f3-8a8a278735d4, Nodes: 9e2111f4-c022-4843-a18f-ebc5260af7a4{ip: 192.168.36.77, host: pr-hdds-2000-5mb45-3533150274, networkLocation: /default-rack, certSerialId: null}c1a09a1d-94c6-445f-990d-45b77f19286c{ip: 192.168.36.77, host: pr-hdds-2000-5mb45-3533150274, networkLocation: /default-rack, certSerialId: null}b8acb2ee-97fa-480c-8afb-a3c2ac812661{ip: 192.168.36.77, host: pr-hdds-2000-5mb45-3533150274, networkLocation: /default-rack, certSerialId: null}, Type:RATIS, Factor:THREE, State:CLOSED] moved to CLOSED state
2019-08-23 02:45:38,907 [EventQueue-CloseContainerForCloseContainerEventHandler] INFO  container.CloseContainerEventHandler (CloseContainerEventHandler.java:onMessage(61)) - Close container Event triggered for container : #2
2019-08-23 02:45:38,907 [EventQueue-StaleNodeForStaleNodeHandler] INFO  pipeline.SCMPipelineManager (SCMPipelineManager.java:finalizeAndDestroyPipeline(309)) - destroying pipeline:Pipeline[ Id: 217b7a83-c967-45c8-b010-e530ee9fab4f, Nodes: 9e2111f4-c022-4843-a18f-ebc5260af7a4{ip: 192.168.36.77, host: pr-hdds-2000-5mb45-3533150274, networkLocation: /default-rack, certSerialId: null}, Type:RATIS, Factor:ONE, State:OPEN]
2019-08-23 02:45:38,908 [EventQueue-StaleNodeForStaleNodeHandler] INFO  pipeline.PipelineStateManager (PipelineStateManager.java:finalizePipeline(123)) - Pipeline Pipeline[ Id: 217b7a83-c967-45c8-b010-e530ee9fab4f, Nodes: 9e2111f4-c022-4843-a18f-ebc5260af7a4{ip: 192.168.36.77, host: pr-hdds-2000-5mb45-3533150274, networkLocation: /default-rack, certSerialId: null}, Type:RATIS, Factor:ONE, State:CLOSED] moved to CLOSED state
2019-08-23 02:45:39,010 [main] INFO  ozoneimpl.OzoneContainer (OzoneContainer.java:stop(199)) - Attempting to stop container services.
2019-08-23 02:45:39,011 [ForkJoinPool.commonPool-worker-0] INFO  ozoneimpl.OzoneContainer (OzoneContainer.java:stop(199)) - Attempting to stop container services.
2019-08-23 02:45:39,011 [main] INFO  impl.RaftServerProxy (RaftServerProxy.java:lambda$close$4(314)) - 9e2111f4-c022-4843-a18f-ebc5260af7a4: close
2019-08-23 02:45:39,011 [ForkJoinPool.commonPool-worker-0] INFO  impl.RaftServerProxy (RaftServerProxy.java:lambda$close$4(314)) - 3e108b50-707e-4267-a617-3ec28210b5c8: close
2019-08-23 02:45:39,011 [main] INFO  impl.RaftServerImpl (RaftServerImpl.java:lambda$shutdown$3(245)) - 9e2111f4-c022-4843-a18f-ebc5260af7a4: shutdown group-8A8A278735D4
2019-08-23 02:45:39,011 [ForkJoinPool.commonPool-worker-0] INFO  impl.RaftServerImpl (RaftServerImpl.java:lambda$shutdown$3(245)) - 3e108b50-707e-4267-a617-3ec28210b5c8: shutdown group-1BA763FB6487
2019-08-23 02:45:39,011 [main] INFO  util.JmxRegister (JmxRegister.java:unregister(73)) - Successfully un-registered JMX Bean with object name Ratis:service=RaftServer,group=group-8A8A278735D4,id=9e2111f4-c022-4843-a18f-ebc5260af7a4
2019-08-23 02:45:39,012 [ForkJoinPool.commonPool-worker-0] INFO  util.JmxRegister (JmxRegister.java:unregister(73)) - Successfully un-registered JMX Bean with object name Ratis:service=RaftServer,group=group-1BA763FB6487,id=3e108b50-707e-4267-a617-3ec28210b5c8
2019-08-23 02:45:39,012 [main] INFO  impl.RoleInfo (RoleInfo.java:shutdownLeaderState(104)) - 9e2111f4-c022-4843-a18f-ebc5260af7a4: shutdown LeaderState
2019-08-23 02:45:39,012 [ForkJoinPool.commonPool-worker-0] INFO  impl.RoleInfo (RoleInfo.java:shutdownLeaderState(104)) - 3e108b50-707e-4267-a617-3ec28210b5c8: shutdown LeaderState
2019-08-23 02:45:39,016 [org.apache.ratis.server.impl.LogAppender$AppenderDaemon$$Lambda$524/1200967397@733d5a66] WARN  server.GrpcLogAppender (GrpcLogAppender.java:mayWait(143)) - GrpcLogAppender(9e2111f4-c022-4843-a18f-ebc5260af7a4->b8acb2ee-97fa-480c-8afb-a3c2ac812661): Wait interrupted by java.lang.InterruptedException
2019-08-23 02:45:39,016 [main] INFO  impl.PendingRequests (PendingRequests.java:sendNotLeaderResponses(202)) - 9e2111f4-c022-4843-a18f-ebc5260af7a4-PendingRequests: sendNotLeaderResponses
2019-08-23 02:45:39,016 [ForkJoinPool.commonPool-worker-0] INFO  impl.PendingRequests (PendingRequests.java:sendNotLeaderResponses(202)) - 3e108b50-707e-4267-a617-3ec28210b5c8-PendingRequests: sendNotLeaderResponses
2019-08-23 02:45:39,016 [org.apache.ratis.server.impl.LogAppender$AppenderDaemon$$Lambda$524/1200967397@363fca65] WARN  server.GrpcLogAppender (GrpcLogAppender.java:mayWait(143)) - GrpcLogAppender(9e2111f4-c022-4843-a18f-ebc5260af7a4->c1a09a1d-94c6-445f-990d-45b77f19286c): Wait interrupted by java.lang.InterruptedException
2019-08-23 02:45:39,019 [ForkJoinPool.commonPool-worker-0] INFO  impl.StateMachineUpdater (StateMachineUpdater.java:stopAndJoin(115)) - StateMachineUpdater:3e108b50-707e-4267-a617-3ec28210b5c8:group-1BA763FB6487: set stopIndex = 0
2019-08-23 02:45:39,019 [StateMachineUpdater:9e2111f4-c022-4843-a18f-ebc5260af7a4:group-8A8A278735D4] INFO  ratis.ContainerStateMachine (ContainerStateMachine.java:takeSnapshot(283)) - group-8A8A278735D4: Taking a snapshot at:(t:1, i:6) file /workdir/hadoop-ozone/integration-test/target/test-dir/MiniOzoneClusterImpl-2bd8e9d2-4d45-4779-a9d5-84448e8fa7d9/datanode-4/data/ratis/0bb86939-1e56-4f58-b4f3-8a8a278735d4/sm/snapshot.1_6
2019-08-23 02:45:39,019 [main] INFO  impl.StateMachineUpdater (StateMachineUpdater.java:stopAndJoin(115)) - StateMachineUpdater:9e2111f4-c022-4843-a18f-ebc5260af7a4:group-8A8A278735D4: set stopIndex = 6
2019-08-23 02:45:39,017 [grpc-default-executor-9] INFO  server.GrpcServerProtocolService (GrpcServerProtocolService.java:onCompleted(104)) - b8acb2ee-97fa-480c-8afb-a3c2ac812661: appendEntries completed
2019-08-23 02:45:39,019 [ForkJoinPool.commonPool-worker-0] INFO  impl.RaftServerImpl (ServerState.java:close(394)) - 3e108b50-707e-4267-a617-3ec28210b5c8:group-1BA763FB6487 closes. The last applied log index is 0
2019-08-23 02:45:39,019 [grpc-default-executor-13] INFO  server.GrpcServerProtocolService (GrpcServerProtocolService.java:onCompleted(104)) - c1a09a1d-94c6-445f-990d-45b77f19286c: appendEntries completed
2019-08-23 02:45:39,020 [grpc-default-executor-9] INFO  server.GrpcLogAppender (GrpcLogAppender.java:onCompleted(292)) - 9e2111f4-c022-4843-a18f-ebc5260af7a4->b8acb2ee-97fa-480c-8afb-a3c2ac812661: follower responses appendEntries COMPLETED
2019-08-23 02:45:39,020 [grpc-default-executor-13] INFO  server.GrpcLogAppender (GrpcLogAppender.java:onCompleted(292)) - 9e2111f4-c022-4843-a18f-ebc5260af7a4->c1a09a1d-94c6-445f-990d-45b77f19286c: follower responses appendEntries COMPLETED
2019-08-23 02:45:39,020 [3e108b50-707e-4267-a617-3ec28210b5c8-SegmentedRaftLogWorker:Storage Directory /workdir/hadoop-ozone/integration-test/target/test-dir/MiniOzoneClusterImpl-2bd8e9d2-4d45-4779-a9d5-84448e8fa7d9/datanode-1/data/ratis/057cf3a1-1901-478c-8e13-1ba763fb6487] INFO  segmented.SegmentedRaftLogWorker (SegmentedRaftLogWorker.java:run(313)) - 3e108b50-707e-4267-a617-3ec28210b5c8-SegmentedRaftLogWorker:Storage Directory /workdir/hadoop-ozone/integration-test/target/test-dir/MiniOzoneClusterImpl-2bd8e9d2-4d45-4779-a9d5-84448e8fa7d9/datanode-1/data/ratis/057cf3a1-1901-478c-8e13-1ba763fb6487 was interrupted, exiting. There are 0 tasks remaining in the queue.
2019-08-23 02:45:39,020 [grpc-default-executor-9] INFO  impl.FollowerInfo (FollowerInfo.java:lambda$new$0(50)) - 9e2111f4-c022-4843-a18f-ebc5260af7a4->b8acb2ee-97fa-480c-8afb-a3c2ac812661: nextIndex: updateUnconditionally 7 -> 6
2019-08-23 02:45:39,022 [ForkJoinPool.commonPool-worker-0] INFO  segmented.SegmentedRaftLogWorker (SegmentedRaftLogWorker.java:close(228)) - 3e108b50-707e-4267-a617-3ec28210b5c8-SegmentedRaftLogWorker:Storage Directory /workdir/hadoop-ozone/integration-test/target/test-dir/MiniOzoneClusterImpl-2bd8e9d2-4d45-4779-a9d5-84448e8fa7d9/datanode-1/data/ratis/057cf3a1-1901-478c-8e13-1ba763fb6487 close()
2019-08-23 02:45:39,020 [grpc-default-executor-13] INFO  impl.FollowerInfo (FollowerInfo.java:lambda$new$0(50)) - 9e2111f4-c022-4843-a18f-ebc5260af7a4->c1a09a1d-94c6-445f-990d-45b77f19286c: nextIndex: updateUnconditionally 7 -> 6
2019-08-23 02:45:39,025 [ForkJoinPool.commonPool-worker-0] INFO  impl.RaftServerImpl (RaftServerImpl.java:lambda$shutdown$3(245)) - 3e108b50-707e-4267-a617-3ec28210b5c8: shutdown group-ED4F0F59C74B
2019-08-23 02:45:39,025 [ForkJoinPool.commonPool-worker-0] INFO  util.JmxRegister (JmxRegister.java:unregister(73)) - Successfully un-registered JMX Bean with object name Ratis:service=RaftServer,group=group-ED4F0F59C74B,id=3e108b50-707e-4267-a617-3ec28210b5c8
2019-08-23 02:45:39,025 [ForkJoinPool.commonPool-worker-0] INFO  impl.RoleInfo (RoleInfo.java:shutdownFollowerState(121)) - 3e108b50-707e-4267-a617-3ec28210b5c8: shutdown FollowerState
2019-08-23 02:45:39,025 [ForkJoinPool.commonPool-worker-0] INFO  impl.StateMachineUpdater (StateMachineUpdater.java:stopAndJoin(115)) - StateMachineUpdater:3e108b50-707e-4267-a617-3ec28210b5c8:group-ED4F0F59C74B: set stopIndex = 6
2019-08-23 02:45:39,025 [Thread-5007] INFO  impl.FollowerState (FollowerState.java:run(114)) - 3e108b50-707e-4267-a617-3ec28210b5c8: FollowerState was interrupted: java.lang.InterruptedException: sleep interrupted
2019-08-23 02:45:39,025 [StateMachineUpdater:3e108b50-707e-4267-a617-3ec28210b5c8:group-ED4F0F59C74B] INFO  ratis.ContainerStateMachine (ContainerStateMachine.java:takeSnapshot(283)) - group-ED4F0F59C74B: Taking a snapshot at:(t:1, i:6) file /workdir/hadoop-ozone/integration-test/target/test-dir/MiniOzoneClusterImpl-2bd8e9d2-4d45-4779-a9d5-84448e8fa7d9/datanode-1/data/ratis/4dd70ee7-9905-4bc5-8e96-ed4f0f59c74b/sm/snapshot.1_6
2019-08-23 02:45:39,034 | INFO  | SCMAudit | user=jenkins1000 | ip=192.168.36.77 | op=SEND_HEARTBEAT {datanodeUUID=0b463173-11e9-44ff-be76-63df57295ec0, command=[]} | ret=SUCCESS |  
2019-08-23 02:45:39,046 [StateMachineUpdater:9e2111f4-c022-4843-a18f-ebc5260af7a4:group-8A8A278735D4] INFO  ratis.ContainerStateMachine (ContainerStateMachine.java:takeSnapshot(294)) - group-8A8A278735D4: Finished taking a snapshot at:(t:1, i:6) file:/workdir/hadoop-ozone/integration-test/target/test-dir/MiniOzoneClusterImpl-2bd8e9d2-4d45-4779-a9d5-84448e8fa7d9/datanode-4/data/ratis/0bb86939-1e56-4f58-b4f3-8a8a278735d4/sm/snapshot.1_6 time:27
2019-08-23 02:45:39,046 [StateMachineUpdater:9e2111f4-c022-4843-a18f-ebc5260af7a4:group-8A8A278735D4] INFO  impl.StateMachineUpdater (StateMachineUpdater.java:takeSnapshot(242)) - StateMachineUpdater:9e2111f4-c022-4843-a18f-ebc5260af7a4:group-8A8A278735D4: Took a snapshot at index 6
2019-08-23 02:45:39,046 [StateMachineUpdater:9e2111f4-c022-4843-a18f-ebc5260af7a4:group-8A8A278735D4] INFO  impl.StateMachineUpdater (StateMachineUpdater.java:lambda$new$0(80)) - StateMachineUpdater:9e2111f4-c022-4843-a18f-ebc5260af7a4:group-8A8A278735D4: snapshotIndex: updateIncreasingly -1 -> 6
2019-08-23 02:45:39,047 [main] INFO  impl.RaftServerImpl (ServerState.java:close(394)) - 9e2111f4-c022-4843-a18f-ebc5260af7a4:group-8A8A278735D4 closes. The last applied log index is 6
2019-08-23 02:45:39,047 [9e2111f4-c022-4843-a18f-ebc5260af7a4-SegmentedRaftLogWorker:Storage Directory /workdir/hadoop-ozone/integration-test/target/test-dir/MiniOzoneClusterImpl-2bd8e9d2-4d45-4779-a9d5-84448e8fa7d9/datanode-4/data/ratis/0bb86939-1e56-4f58-b4f3-8a8a278735d4] INFO  segmented.SegmentedRaftLogWorker (SegmentedRaftLogWorker.java:run(313)) - 9e2111f4-c022-4843-a18f-ebc5260af7a4-SegmentedRaftLogWorker:Storage Directory /workdir/hadoop-ozone/integration-test/target/test-dir/MiniOzoneClusterImpl-2bd8e9d2-4d45-4779-a9d5-84448e8fa7d9/datanode-4/data/ratis/0bb86939-1e56-4f58-b4f3-8a8a278735d4 was interrupted, exiting. There are 0 tasks remaining in the queue.
2019-08-23 02:45:39,049 [main] INFO  segmented.SegmentedRaftLogWorker (SegmentedRaftLogWorker.java:close(228)) - 9e2111f4-c022-4843-a18f-ebc5260af7a4-SegmentedRaftLogWorker:Storage Directory /workdir/hadoop-ozone/integration-test/target/test-dir/MiniOzoneClusterImpl-2bd8e9d2-4d45-4779-a9d5-84448e8fa7d9/datanode-4/data/ratis/0bb86939-1e56-4f58-b4f3-8a8a278735d4 close()
2019-08-23 02:45:39,049 [StateMachineUpdater:3e108b50-707e-4267-a617-3ec28210b5c8:group-ED4F0F59C74B] INFO  ratis.ContainerStateMachine (ContainerStateMachine.java:takeSnapshot(294)) - group-ED4F0F59C74B: Finished taking a snapshot at:(t:1, i:6) file:/workdir/hadoop-ozone/integration-test/target/test-dir/MiniOzoneClusterImpl-2bd8e9d2-4d45-4779-a9d5-84448e8fa7d9/datanode-1/data/ratis/4dd70ee7-9905-4bc5-8e96-ed4f0f59c74b/sm/snapshot.1_6 time:23
2019-08-23 02:45:39,052 [main] INFO  impl.RaftServerImpl (RaftServerImpl.java:lambda$shutdown$3(245)) - 9e2111f4-c022-4843-a18f-ebc5260af7a4: shutdown group-E530EE9FAB4F
2019-08-23 02:45:39,052 [StateMachineUpdater:3e108b50-707e-4267-a617-3ec28210b5c8:group-ED4F0F59C74B] INFO  impl.StateMachineUpdater (StateMachineUpdater.java:takeSnapshot(242)) - StateMachineUpdater:3e108b50-707e-4267-a617-3ec28210b5c8:group-ED4F0F59C74B: Took a snapshot at index 6
2019-08-23 02:45:39,052 [main] INFO  util.JmxRegister (JmxRegister.java:unregister(73)) - Successfully un-registered JMX Bean with object name Ratis:service=RaftServer,group=group-E530EE9FAB4F,id=9e2111f4-c022-4843-a18f-ebc5260af7a4
2019-08-23 02:45:39,052 [StateMachineUpdater:3e108b50-707e-4267-a617-3ec28210b5c8:group-ED4F0F59C74B] INFO  impl.StateMachineUpdater (StateMachineUpdater.java:lambda$new$0(80)) - StateMachineUpdater:3e108b50-707e-4267-a617-3ec28210b5c8:group-ED4F0F59C74B: snapshotIndex: updateIncreasingly -1 -> 6
2019-08-23 02:45:39,053 [main] INFO  impl.RoleInfo (RoleInfo.java:shutdownLeaderState(104)) - 9e2111f4-c022-4843-a18f-ebc5260af7a4: shutdown LeaderState
2019-08-23 02:45:39,053 [ForkJoinPool.commonPool-worker-0] INFO  impl.RaftServerImpl (ServerState.java:close(394)) - 3e108b50-707e-4267-a617-3ec28210b5c8:group-ED4F0F59C74B closes. The last applied log index is 6
2019-08-23 02:45:39,053 [main] INFO  impl.PendingRequests (PendingRequests.java:sendNotLeaderResponses(202)) - 9e2111f4-c022-4843-a18f-ebc5260af7a4-PendingRequests: sendNotLeaderResponses
2019-08-23 02:45:39,053 [3e108b50-707e-4267-a617-3ec28210b5c8-SegmentedRaftLogWorker:Storage Directory /workdir/hadoop-ozone/integration-test/target/test-dir/MiniOzoneClusterImpl-2bd8e9d2-4d45-4779-a9d5-84448e8fa7d9/datanode-1/data/ratis/4dd70ee7-9905-4bc5-8e96-ed4f0f59c74b] INFO  segmented.SegmentedRaftLogWorker (SegmentedRaftLogWorker.java:run(313)) - 3e108b50-707e-4267-a617-3ec28210b5c8-SegmentedRaftLogWorker:Storage Directory /workdir/hadoop-ozone/integration-test/target/test-dir/MiniOzoneClusterImpl-2bd8e9d2-4d45-4779-a9d5-84448e8fa7d9/datanode-1/data/ratis/4dd70ee7-9905-4bc5-8e96-ed4f0f59c74b was interrupted, exiting. There are 0 tasks remaining in the queue.
2019-08-23 02:45:39,054 [main] INFO  impl.StateMachineUpdater (StateMachineUpdater.java:stopAndJoin(115)) - StateMachineUpdater:9e2111f4-c022-4843-a18f-ebc5260af7a4:group-E530EE9FAB4F: set stopIndex = 0
2019-08-23 02:45:39,055 [ForkJoinPool.commonPool-worker-0] INFO  segmented.SegmentedRaftLogWorker (SegmentedRaftLogWorker.java:close(228)) - 3e108b50-707e-4267-a617-3ec28210b5c8-SegmentedRaftLogWorker:Storage Directory /workdir/hadoop-ozone/integration-test/target/test-dir/MiniOzoneClusterImpl-2bd8e9d2-4d45-4779-a9d5-84448e8fa7d9/datanode-1/data/ratis/4dd70ee7-9905-4bc5-8e96-ed4f0f59c74b close()
2019-08-23 02:45:39,055 [main] INFO  impl.RaftServerImpl (ServerState.java:close(394)) - 9e2111f4-c022-4843-a18f-ebc5260af7a4:group-E530EE9FAB4F closes. The last applied log index is 0
2019-08-23 02:45:39,058 [ForkJoinPool.commonPool-worker-0] INFO  server.GrpcService (GrpcService.java:closeImpl(155)) - 3e108b50-707e-4267-a617-3ec28210b5c8: shutdown server with port 38906 now
2019-08-23 02:45:39,058 [9e2111f4-c022-4843-a18f-ebc5260af7a4-SegmentedRaftLogWorker:Storage Directory /workdir/hadoop-ozone/integration-test/target/test-dir/MiniOzoneClusterImpl-2bd8e9d2-4d45-4779-a9d5-84448e8fa7d9/datanode-4/data/ratis/217b7a83-c967-45c8-b010-e530ee9fab4f] INFO  segmented.SegmentedRaftLogWorker (SegmentedRaftLogWorker.java:run(313)) - 9e2111f4-c022-4843-a18f-ebc5260af7a4-SegmentedRaftLogWorker:Storage Directory /workdir/hadoop-ozone/integration-test/target/test-dir/MiniOzoneClusterImpl-2bd8e9d2-4d45-4779-a9d5-84448e8fa7d9/datanode-4/data/ratis/217b7a83-c967-45c8-b010-e530ee9fab4f was interrupted, exiting. There are 0 tasks remaining in the queue.
2019-08-23 02:45:39,060 [main] INFO  segmented.SegmentedRaftLogWorker (SegmentedRaftLogWorker.java:close(228)) - 9e2111f4-c022-4843-a18f-ebc5260af7a4-SegmentedRaftLogWorker:Storage Directory /workdir/hadoop-ozone/integration-test/target/test-dir/MiniOzoneClusterImpl-2bd8e9d2-4d45-4779-a9d5-84448e8fa7d9/datanode-4/data/ratis/217b7a83-c967-45c8-b010-e530ee9fab4f close()
2019-08-23 02:45:39,060 [grpc-default-executor-9] WARN  server.GrpcServerProtocolService (LogUtils.java:warn(134)) - 3e108b50-707e-4267-a617-3ec28210b5c8: appendEntries onError: org.apache.ratis.thirdparty.io.grpc.StatusRuntimeException: CANCELLED: cancelled before receiving half close
2019-08-23 02:45:39,063 [grpc-default-executor-19] WARN  server.GrpcLogAppender (LogUtils.java:warn(134)) - b0528765-b14f-4fab-ba7d-e08ffdb39ff8->3e108b50-707e-4267-a617-3ec28210b5c8: Failed appendEntries: org.apache.ratis.thirdparty.io.grpc.StatusRuntimeException: CANCELLED: HTTP/2 error code: CANCEL
Received Rst Stream
2019-08-23 02:45:39,063 [main] INFO  server.GrpcService (GrpcService.java:closeImpl(155)) - 9e2111f4-c022-4843-a18f-ebc5260af7a4: shutdown server with port 42318 now
2019-08-23 02:45:39,060 [ForkJoinPool.commonPool-worker-0] INFO  server.GrpcService (GrpcService.java:closeImpl(163)) - 3e108b50-707e-4267-a617-3ec28210b5c8: shutdown server with port 38906 successfully
2019-08-23 02:45:39,063 [grpc-default-executor-19] INFO  impl.FollowerInfo (FollowerInfo.java:lambda$new$0(50)) - b0528765-b14f-4fab-ba7d-e08ffdb39ff8->3e108b50-707e-4267-a617-3ec28210b5c8: nextIndex: updateUnconditionally 7 -> 6
2019-08-23 02:45:39,063 [main] INFO  server.GrpcService (GrpcService.java:closeImpl(163)) - 9e2111f4-c022-4843-a18f-ebc5260af7a4: shutdown server with port 42318 successfully
2019-08-23 02:45:39,065 [main] INFO  utils.BackgroundService (BackgroundService.java:shutdown(148)) - Shutting down service BlockDeletingService
2019-08-23 02:45:39,067 [refreshUsed-/workdir/hadoop-ozone/integration-test/target/test-dir/MiniOzoneClusterImpl-2bd8e9d2-4d45-4779-a9d5-84448e8fa7d9/datanode-4/data/containers] WARN  fs.CachingGetSpaceUsed (CachingGetSpaceUsed.java:run(183)) - Thread Interrupted waiting to refresh disk information: sleep interrupted
2019-08-23 02:45:39,068 [ForkJoinPool.commonPool-worker-0] INFO  utils.BackgroundService (BackgroundService.java:shutdown(148)) - Shutting down service BlockDeletingService
2019-08-23 02:45:39,069 [refreshUsed-/workdir/hadoop-ozone/integration-test/target/test-dir/MiniOzoneClusterImpl-2bd8e9d2-4d45-4779-a9d5-84448e8fa7d9/datanode-1/data/containers] WARN  fs.CachingGetSpaceUsed (CachingGetSpaceUsed.java:run(183)) - Thread Interrupted waiting to refresh disk information: sleep interrupted
2019-08-23 02:45:39,087 [main] INFO  statemachine.DatanodeStateMachine (DatanodeStateMachine.java:stopDaemon(395)) - Ozone container server stopped.
2019-08-23 02:45:39,089 [ForkJoinPool.commonPool-worker-0] INFO  statemachine.DatanodeStateMachine (DatanodeStateMachine.java:stopDaemon(395)) - Ozone container server stopped.
2019-08-23 02:45:39,091 [main] INFO  handler.ContextHandler (ContextHandler.java:doStop(910)) - Stopped o.e.j.w.WebAppContext@7548d0d{/,null,UNAVAILABLE}{/hddsDatanode}
2019-08-23 02:45:39,093 [ForkJoinPool.commonPool-worker-0] INFO  handler.ContextHandler (ContextHandler.java:doStop(910)) - Stopped o.e.j.w.WebAppContext@6f50f047{/,null,UNAVAILABLE}{/hddsDatanode}
2019-08-23 02:45:39,093 [main] INFO  server.AbstractConnector (AbstractConnector.java:doStop(318)) - Stopped ServerConnector@393489c3{HTTP/1.1,[http/1.1]}{0.0.0.0:0}
2019-08-23 02:45:39,093 [main] INFO  handler.ContextHandler (ContextHandler.java:doStop(910)) - Stopped o.e.j.s.ServletContextHandler@9dc9aa4{/static,jar:file:/home/user/.m2/repository/org/apache/hadoop/hadoop-hdds-container-service/0.5.0-SNAPSHOT/hadoop-hdds-container-service-0.5.0-SNAPSHOT.jar!/webapps/static,UNAVAILABLE}
2019-08-23 02:45:39,093 [ForkJoinPool.commonPool-worker-0] INFO  server.AbstractConnector (AbstractConnector.java:doStop(318)) - Stopped ServerConnector@791d785c{HTTP/1.1,[http/1.1]}{0.0.0.0:0}
2019-08-23 02:45:39,094 [main] INFO  handler.ContextHandler (ContextHandler.java:doStop(910)) - Stopped o.e.j.s.ServletContextHandler@10762309{/logs,file:///workdir/hadoop-ozone/integration-test/target/log,UNAVAILABLE}
2019-08-23 02:45:39,095 [ForkJoinPool.commonPool-worker-0] INFO  handler.ContextHandler (ContextHandler.java:doStop(910)) - Stopped o.e.j.s.ServletContextHandler@31ad368a{/static,jar:file:/home/user/.m2/repository/org/apache/hadoop/hadoop-hdds-container-service/0.5.0-SNAPSHOT/hadoop-hdds-container-service-0.5.0-SNAPSHOT.jar!/webapps/static,UNAVAILABLE}
2019-08-23 02:45:39,096 [ForkJoinPool.commonPool-worker-0] INFO  handler.ContextHandler (ContextHandler.java:doStop(910)) - Stopped o.e.j.s.ServletContextHandler@1bd99de6{/logs,file:///workdir/hadoop-ozone/integration-test/target/log,UNAVAILABLE}
2019-08-23 02:45:39,097 [main] INFO  datanode.ObjectStoreHandler (ObjectStoreHandler.java:close(155)) - Closing ObjectStoreHandler.
2019-08-23 02:45:39,097 [main] INFO  ozone.HddsDatanodeService (HddsDatanodeService.java:stop(451)) - Stopped plug-in org.apache.hadoop.ozone.web.OzoneHddsDatanodeService@5c1a728
2019-08-23 02:45:39,097 [ForkJoinPool.commonPool-worker-0] INFO  datanode.ObjectStoreHandler (ObjectStoreHandler.java:close(155)) - Closing ObjectStoreHandler.
2019-08-23 02:45:39,097 [ForkJoinPool.commonPool-worker-0] INFO  ozone.HddsDatanodeService (HddsDatanodeService.java:stop(451)) - Stopped plug-in org.apache.hadoop.ozone.web.OzoneHddsDatanodeService@59a6a709
2019-08-23 02:45:39,150 [grpc-default-executor-13] WARN  server.GrpcLogAppender (LogUtils.java:warn(134)) - b0528765-b14f-4fab-ba7d-e08ffdb39ff8->3e108b50-707e-4267-a617-3ec28210b5c8: Failed appendEntries: org.apache.ratis.thirdparty.io.grpc.StatusRuntimeException: UNAVAILABLE: io exception
2019-08-23 02:45:39,151 [grpc-default-executor-13] INFO  impl.FollowerInfo (FollowerInfo.java:lambda$new$0(50)) - b0528765-b14f-4fab-ba7d-e08ffdb39ff8->3e108b50-707e-4267-a617-3ec28210b5c8: nextIndex: updateUnconditionally 6 -> 5
2019-08-23 02:45:39,559 | INFO  | SCMAudit | user=jenkins1000 | ip=192.168.36.77 | op=SEND_HEARTBEAT {datanodeUUID=660dca87-d357-47a3-a223-4042f8796b14, command=[commandType: closeContainerCommand closeContainerCommandProto { containerID: 1 pipelineID { id: "4dd70ee7-9905-4bc5-8e96-ed4f0f59c74b" } cmdId: 1 force: false } ]} | ret=SUCCESS |  
2019-08-23 02:45:39,560 [Datanode State Machine Thread - 0] INFO  statemachine.DatanodeStateMachine (DatanodeStateMachine.java:lambda$startDaemon$0(350)) - Ozone container server started.
2019-08-23 02:45:39,854 [Datanode State Machine Thread - 0] INFO  statemachine.DatanodeStateMachine (DatanodeStateMachine.java:lambda$startDaemon$0(350)) - Ozone container server started.
2019-08-23 02:45:39,855 | INFO  | SCMAudit | user=jenkins1000 | ip=192.168.36.77 | op=SEND_HEARTBEAT {datanodeUUID=c1a09a1d-94c6-445f-990d-45b77f19286c, command=[commandType: closeContainerCommand closeContainerCommandProto { containerID: 2 pipelineID { id: "0bb86939-1e56-4f58-b4f3-8a8a278735d4" } cmdId: 2 force: false } ]} | ret=SUCCESS |  
2019-08-23 02:45:40,034 | INFO  | SCMAudit | user=jenkins1000 | ip=192.168.36.77 | op=SEND_HEARTBEAT {datanodeUUID=0b463173-11e9-44ff-be76-63df57295ec0, command=[]} | ret=SUCCESS |  
2019-08-23 02:45:40,558 | INFO  | SCMAudit | user=jenkins1000 | ip=192.168.36.77 | op=SEND_HEARTBEAT {datanodeUUID=660dca87-d357-47a3-a223-4042f8796b14, command=[]} | ret=SUCCESS |  
2019-08-23 02:45:40,855 | INFO  | SCMAudit | user=jenkins1000 | ip=192.168.36.77 | op=SEND_HEARTBEAT {datanodeUUID=c1a09a1d-94c6-445f-990d-45b77f19286c, command=[]} | ret=SUCCESS |  
2019-08-23 02:45:40,881 | INFO  | SCMAudit | user=jenkins1000 | ip=192.168.36.77 | op=SEND_HEARTBEAT {datanodeUUID=c1a09a1d-94c6-445f-990d-45b77f19286c, command=[]} | ret=SUCCESS |  
2019-08-23 02:45:41,034 | INFO  | SCMAudit | user=jenkins1000 | ip=192.168.36.77 | op=SEND_HEARTBEAT {datanodeUUID=0b463173-11e9-44ff-be76-63df57295ec0, command=[]} | ret=SUCCESS |  
2019-08-23 02:45:41,559 | INFO  | SCMAudit | user=jenkins1000 | ip=192.168.36.77 | op=SEND_HEARTBEAT {datanodeUUID=660dca87-d357-47a3-a223-4042f8796b14, command=[]} | ret=SUCCESS |  
2019-08-23 02:45:41,596 | INFO  | SCMAudit | user=jenkins1000 | ip=192.168.36.77 | op=SEND_HEARTBEAT {datanodeUUID=660dca87-d357-47a3-a223-4042f8796b14, command=[]} | ret=SUCCESS |  
2019-08-23 02:45:41,651 [grpc-default-executor-13] WARN  server.GrpcLogAppender (LogUtils.java:warn(134)) - b0528765-b14f-4fab-ba7d-e08ffdb39ff8->3e108b50-707e-4267-a617-3ec28210b5c8: Failed appendEntries: org.apache.ratis.thirdparty.io.grpc.StatusRuntimeException: UNAVAILABLE: io exception
2019-08-23 02:45:41,652 [grpc-default-executor-13] INFO  impl.FollowerInfo (FollowerInfo.java:lambda$new$0(50)) - b0528765-b14f-4fab-ba7d-e08ffdb39ff8->3e108b50-707e-4267-a617-3ec28210b5c8: nextIndex: updateUnconditionally 5 -> 4
2019-08-23 02:45:41,882 | INFO  | SCMAudit | user=jenkins1000 | ip=192.168.36.77 | op=SEND_HEARTBEAT {datanodeUUID=c1a09a1d-94c6-445f-990d-45b77f19286c, command=[]} | ret=SUCCESS |  
2019-08-23 02:45:42,033 | INFO  | SCMAudit | user=jenkins1000 | ip=192.168.36.77 | op=SEND_HEARTBEAT {datanodeUUID=0b463173-11e9-44ff-be76-63df57295ec0, command=[]} | ret=SUCCESS |  
2019-08-23 02:45:42,596 | INFO  | SCMAudit | user=jenkins1000 | ip=192.168.36.77 | op=SEND_HEARTBEAT {datanodeUUID=660dca87-d357-47a3-a223-4042f8796b14, command=[]} | ret=SUCCESS |  
2019-08-23 02:45:42,882 | INFO  | SCMAudit | user=jenkins1000 | ip=192.168.36.77 | op=SEND_HEARTBEAT {datanodeUUID=c1a09a1d-94c6-445f-990d-45b77f19286c, command=[]} | ret=SUCCESS |  
2019-08-23 02:45:43,033 | INFO  | SCMAudit | user=jenkins1000 | ip=192.168.36.77 | op=SEND_HEARTBEAT {datanodeUUID=0b463173-11e9-44ff-be76-63df57295ec0, command=[]} | ret=SUCCESS |  
2019-08-23 02:45:43,596 | INFO  | SCMAudit | user=jenkins1000 | ip=192.168.36.77 | op=SEND_HEARTBEAT {datanodeUUID=660dca87-d357-47a3-a223-4042f8796b14, command=[]} | ret=SUCCESS |  
2019-08-23 02:45:43,616 [EventQueue-StaleNodeForStaleNodeHandler] INFO  node.StaleNodeHandler (StaleNodeHandler.java:onMessage(58)) - Datanode b0528765-b14f-4fab-ba7d-e08ffdb39ff8{ip: 192.168.36.77, host: pr-hdds-2000-5mb45-3533150274, networkLocation: /default-rack, certSerialId: null} moved to stale state. Finalizing its pipelines [PipelineID=51680b31-5726-4792-8076-ab25a7817a85, PipelineID=4dd70ee7-9905-4bc5-8e96-ed4f0f59c74b]
2019-08-23 02:45:43,616 [EventQueue-StaleNodeForStaleNodeHandler] INFO  pipeline.SCMPipelineManager (SCMPipelineManager.java:finalizeAndDestroyPipeline(309)) - destroying pipeline:Pipeline[ Id: 51680b31-5726-4792-8076-ab25a7817a85, Nodes: b0528765-b14f-4fab-ba7d-e08ffdb39ff8{ip: 192.168.36.77, host: pr-hdds-2000-5mb45-3533150274, networkLocation: /default-rack, certSerialId: null}, Type:RATIS, Factor:ONE, State:OPEN]
2019-08-23 02:45:43,616 [EventQueue-StaleNodeForStaleNodeHandler] INFO  pipeline.PipelineStateManager (PipelineStateManager.java:finalizePipeline(123)) - Pipeline Pipeline[ Id: 51680b31-5726-4792-8076-ab25a7817a85, Nodes: b0528765-b14f-4fab-ba7d-e08ffdb39ff8{ip: 192.168.36.77, host: pr-hdds-2000-5mb45-3533150274, networkLocation: /default-rack, certSerialId: null}, Type:RATIS, Factor:ONE, State:CLOSED] moved to CLOSED state
2019-08-23 02:45:43,617 [EventQueue-StaleNodeForStaleNodeHandler] INFO  pipeline.SCMPipelineManager (SCMPipelineManager.java:finalizeAndDestroyPipeline(309)) - destroying pipeline:Pipeline[ Id: 4dd70ee7-9905-4bc5-8e96-ed4f0f59c74b, Nodes: 660dca87-d357-47a3-a223-4042f8796b14{ip: 192.168.36.77, host: pr-hdds-2000-5mb45-3533150274, networkLocation: /default-rack, certSerialId: null}3e108b50-707e-4267-a617-3ec28210b5c8{ip: 192.168.36.77, host: pr-hdds-2000-5mb45-3533150274, networkLocation: /default-rack, certSerialId: null}b0528765-b14f-4fab-ba7d-e08ffdb39ff8{ip: 192.168.36.77, host: pr-hdds-2000-5mb45-3533150274, networkLocation: /default-rack, certSerialId: null}, Type:RATIS, Factor:THREE, State:CLOSED]
2019-08-23 02:45:43,882 | INFO  | SCMAudit | user=jenkins1000 | ip=192.168.36.77 | op=SEND_HEARTBEAT {datanodeUUID=c1a09a1d-94c6-445f-990d-45b77f19286c, command=[]} | ret=SUCCESS |  
2019-08-23 02:45:43,917 [EventQueue-StaleNodeForStaleNodeHandler] INFO  node.StaleNodeHandler (StaleNodeHandler.java:onMessage(58)) - Datanode b8acb2ee-97fa-480c-8afb-a3c2ac812661{ip: 192.168.36.77, host: pr-hdds-2000-5mb45-3533150274, networkLocation: /default-rack, certSerialId: null} moved to stale state. Finalizing its pipelines [PipelineID=a3bdbab5-6b04-4480-a00f-30593b93b938, PipelineID=0bb86939-1e56-4f58-b4f3-8a8a278735d4]
2019-08-23 02:45:43,917 [EventQueue-StaleNodeForStaleNodeHandler] INFO  pipeline.SCMPipelineManager (SCMPipelineManager.java:finalizeAndDestroyPipeline(309)) - destroying pipeline:Pipeline[ Id: a3bdbab5-6b04-4480-a00f-30593b93b938, Nodes: b8acb2ee-97fa-480c-8afb-a3c2ac812661{ip: 192.168.36.77, host: pr-hdds-2000-5mb45-3533150274, networkLocation: /default-rack, certSerialId: null}, Type:RATIS, Factor:ONE, State:OPEN]
2019-08-23 02:45:43,917 [EventQueue-StaleNodeForStaleNodeHandler] INFO  pipeline.PipelineStateManager (PipelineStateManager.java:finalizePipeline(123)) - Pipeline Pipeline[ Id: a3bdbab5-6b04-4480-a00f-30593b93b938, Nodes: b8acb2ee-97fa-480c-8afb-a3c2ac812661{ip: 192.168.36.77, host: pr-hdds-2000-5mb45-3533150274, networkLocation: /default-rack, certSerialId: null}, Type:RATIS, Factor:ONE, State:CLOSED] moved to CLOSED state
2019-08-23 02:45:43,917 [EventQueue-StaleNodeForStaleNodeHandler] INFO  pipeline.SCMPipelineManager (SCMPipelineManager.java:finalizeAndDestroyPipeline(309)) - destroying pipeline:Pipeline[ Id: 0bb86939-1e56-4f58-b4f3-8a8a278735d4, Nodes: 9e2111f4-c022-4843-a18f-ebc5260af7a4{ip: 192.168.36.77, host: pr-hdds-2000-5mb45-3533150274, networkLocation: /default-rack, certSerialId: null}c1a09a1d-94c6-445f-990d-45b77f19286c{ip: 192.168.36.77, host: pr-hdds-2000-5mb45-3533150274, networkLocation: /default-rack, certSerialId: null}b8acb2ee-97fa-480c-8afb-a3c2ac812661{ip: 192.168.36.77, host: pr-hdds-2000-5mb45-3533150274, networkLocation: /default-rack, certSerialId: null}, Type:RATIS, Factor:THREE, State:CLOSED]
2019-08-23 02:45:44,033 | INFO  | SCMAudit | user=jenkins1000 | ip=192.168.36.77 | op=SEND_HEARTBEAT {datanodeUUID=0b463173-11e9-44ff-be76-63df57295ec0, command=[]} | ret=SUCCESS |  
2019-08-23 02:45:44,097 [main] INFO  ozoneimpl.OzoneContainer (OzoneContainer.java:stop(199)) - Attempting to stop container services.
2019-08-23 02:45:44,098 [ForkJoinPool.commonPool-worker-0] INFO  ozoneimpl.OzoneContainer (OzoneContainer.java:stop(199)) - Attempting to stop container services.
2019-08-23 02:45:44,098 [main] INFO  impl.RaftServerProxy (RaftServerProxy.java:lambda$close$4(314)) - b0528765-b14f-4fab-ba7d-e08ffdb39ff8: close
2019-08-23 02:45:44,098 [ForkJoinPool.commonPool-worker-0] INFO  impl.RaftServerProxy (RaftServerProxy.java:lambda$close$4(314)) - b8acb2ee-97fa-480c-8afb-a3c2ac812661: close
2019-08-23 02:45:44,098 [main] INFO  impl.RaftServerImpl (RaftServerImpl.java:lambda$shutdown$3(245)) - b0528765-b14f-4fab-ba7d-e08ffdb39ff8: shutdown group-AB25A7817A85
2019-08-23 02:45:44,099 [ForkJoinPool.commonPool-worker-0] INFO  impl.RaftServerImpl (RaftServerImpl.java:lambda$shutdown$3(245)) - b8acb2ee-97fa-480c-8afb-a3c2ac812661: shutdown group-30593B93B938
2019-08-23 02:45:44,099 [main] INFO  util.JmxRegister (JmxRegister.java:unregister(73)) - Successfully un-registered JMX Bean with object name Ratis:service=RaftServer,group=group-AB25A7817A85,id=b0528765-b14f-4fab-ba7d-e08ffdb39ff8
2019-08-23 02:45:44,099 [ForkJoinPool.commonPool-worker-0] INFO  util.JmxRegister (JmxRegister.java:unregister(73)) - Successfully un-registered JMX Bean with object name Ratis:service=RaftServer,group=group-30593B93B938,id=b8acb2ee-97fa-480c-8afb-a3c2ac812661
2019-08-23 02:45:44,099 [main] INFO  impl.RoleInfo (RoleInfo.java:shutdownLeaderState(104)) - b0528765-b14f-4fab-ba7d-e08ffdb39ff8: shutdown LeaderState
2019-08-23 02:45:44,099 [ForkJoinPool.commonPool-worker-0] INFO  impl.RoleInfo (RoleInfo.java:shutdownLeaderState(104)) - b8acb2ee-97fa-480c-8afb-a3c2ac812661: shutdown LeaderState
2019-08-23 02:45:44,100 [main] INFO  impl.PendingRequests (PendingRequests.java:sendNotLeaderResponses(202)) - b0528765-b14f-4fab-ba7d-e08ffdb39ff8-PendingRequests: sendNotLeaderResponses
2019-08-23 02:45:44,100 [ForkJoinPool.commonPool-worker-0] INFO  impl.PendingRequests (PendingRequests.java:sendNotLeaderResponses(202)) - b8acb2ee-97fa-480c-8afb-a3c2ac812661-PendingRequests: sendNotLeaderResponses
2019-08-23 02:45:44,100 [main] INFO  impl.StateMachineUpdater (StateMachineUpdater.java:stopAndJoin(115)) - StateMachineUpdater:b0528765-b14f-4fab-ba7d-e08ffdb39ff8:group-AB25A7817A85: set stopIndex = 0
2019-08-23 02:45:44,100 [ForkJoinPool.commonPool-worker-0] INFO  impl.StateMachineUpdater (StateMachineUpdater.java:stopAndJoin(115)) - StateMachineUpdater:b8acb2ee-97fa-480c-8afb-a3c2ac812661:group-30593B93B938: set stopIndex = 0
2019-08-23 02:45:44,100 [main] INFO  impl.RaftServerImpl (ServerState.java:close(394)) - b0528765-b14f-4fab-ba7d-e08ffdb39ff8:group-AB25A7817A85 closes. The last applied log index is 0
2019-08-23 02:45:44,101 [ForkJoinPool.commonPool-worker-0] INFO  impl.RaftServerImpl (ServerState.java:close(394)) - b8acb2ee-97fa-480c-8afb-a3c2ac812661:group-30593B93B938 closes. The last applied log index is 0
2019-08-23 02:45:44,101 [b0528765-b14f-4fab-ba7d-e08ffdb39ff8-SegmentedRaftLogWorker:Storage Directory /workdir/hadoop-ozone/integration-test/target/test-dir/MiniOzoneClusterImpl-2bd8e9d2-4d45-4779-a9d5-84448e8fa7d9/datanode-3/data/ratis/51680b31-5726-4792-8076-ab25a7817a85] INFO  segmented.SegmentedRaftLogWorker (SegmentedRaftLogWorker.java:run(313)) - b0528765-b14f-4fab-ba7d-e08ffdb39ff8-SegmentedRaftLogWorker:Storage Directory /workdir/hadoop-ozone/integration-test/target/test-dir/MiniOzoneClusterImpl-2bd8e9d2-4d45-4779-a9d5-84448e8fa7d9/datanode-3/data/ratis/51680b31-5726-4792-8076-ab25a7817a85 was interrupted, exiting. There are 0 tasks remaining in the queue.
2019-08-23 02:45:44,101 [b8acb2ee-97fa-480c-8afb-a3c2ac812661-SegmentedRaftLogWorker:Storage Directory /workdir/hadoop-ozone/integration-test/target/test-dir/MiniOzoneClusterImpl-2bd8e9d2-4d45-4779-a9d5-84448e8fa7d9/datanode-2/data/ratis/a3bdbab5-6b04-4480-a00f-30593b93b938] INFO  segmented.SegmentedRaftLogWorker (SegmentedRaftLogWorker.java:run(313)) - b8acb2ee-97fa-480c-8afb-a3c2ac812661-SegmentedRaftLogWorker:Storage Directory /workdir/hadoop-ozone/integration-test/target/test-dir/MiniOzoneClusterImpl-2bd8e9d2-4d45-4779-a9d5-84448e8fa7d9/datanode-2/data/ratis/a3bdbab5-6b04-4480-a00f-30593b93b938 was interrupted, exiting. There are 0 tasks remaining in the queue.
2019-08-23 02:45:44,104 [main] INFO  segmented.SegmentedRaftLogWorker (SegmentedRaftLogWorker.java:close(228)) - b0528765-b14f-4fab-ba7d-e08ffdb39ff8-SegmentedRaftLogWorker:Storage Directory /workdir/hadoop-ozone/integration-test/target/test-dir/MiniOzoneClusterImpl-2bd8e9d2-4d45-4779-a9d5-84448e8fa7d9/datanode-3/data/ratis/51680b31-5726-4792-8076-ab25a7817a85 close()
2019-08-23 02:45:44,105 [ForkJoinPool.commonPool-worker-0] INFO  segmented.SegmentedRaftLogWorker (SegmentedRaftLogWorker.java:close(228)) - b8acb2ee-97fa-480c-8afb-a3c2ac812661-SegmentedRaftLogWorker:Storage Directory /workdir/hadoop-ozone/integration-test/target/test-dir/MiniOzoneClusterImpl-2bd8e9d2-4d45-4779-a9d5-84448e8fa7d9/datanode-2/data/ratis/a3bdbab5-6b04-4480-a00f-30593b93b938 close()
2019-08-23 02:45:44,107 [main] INFO  impl.RaftServerImpl (RaftServerImpl.java:lambda$shutdown$3(245)) - b0528765-b14f-4fab-ba7d-e08ffdb39ff8: shutdown group-ED4F0F59C74B
2019-08-23 02:45:44,109 [ForkJoinPool.commonPool-worker-0] INFO  impl.RaftServerImpl (RaftServerImpl.java:lambda$shutdown$3(245)) - b8acb2ee-97fa-480c-8afb-a3c2ac812661: shutdown group-8A8A278735D4
2019-08-23 02:45:44,110 [main] INFO  util.JmxRegister (JmxRegister.java:unregister(73)) - Successfully un-registered JMX Bean with object name Ratis:service=RaftServer,group=group-ED4F0F59C74B,id=b0528765-b14f-4fab-ba7d-e08ffdb39ff8
2019-08-23 02:45:44,110 [ForkJoinPool.commonPool-worker-0] INFO  util.JmxRegister (JmxRegister.java:unregister(73)) - Successfully un-registered JMX Bean with object name Ratis:service=RaftServer,group=group-8A8A278735D4,id=b8acb2ee-97fa-480c-8afb-a3c2ac812661
2019-08-23 02:45:44,110 [main] INFO  impl.RoleInfo (RoleInfo.java:shutdownLeaderState(104)) - b0528765-b14f-4fab-ba7d-e08ffdb39ff8: shutdown LeaderState
2019-08-23 02:45:44,110 [ForkJoinPool.commonPool-worker-0] INFO  impl.RoleInfo (RoleInfo.java:shutdownFollowerState(121)) - b8acb2ee-97fa-480c-8afb-a3c2ac812661: shutdown FollowerState
2019-08-23 02:45:44,116 [main] INFO  impl.PendingRequests (PendingRequests.java:sendNotLeaderResponses(202)) - b0528765-b14f-4fab-ba7d-e08ffdb39ff8-PendingRequests: sendNotLeaderResponses
2019-08-23 02:45:44,116 [org.apache.ratis.server.impl.LogAppender$AppenderDaemon$$Lambda$524/1200967397@30dc18ce] WARN  server.GrpcLogAppender (GrpcLogAppender.java:mayWait(143)) - GrpcLogAppender(b0528765-b14f-4fab-ba7d-e08ffdb39ff8->660dca87-d357-47a3-a223-4042f8796b14): Wait interrupted by java.lang.InterruptedException
2019-08-23 02:45:44,116 [org.apache.ratis.server.impl.LogAppender$AppenderDaemon$$Lambda$524/1200967397@75de9811] WARN  server.GrpcLogAppender (GrpcLogAppender.java:mayWait(143)) - GrpcLogAppender(b0528765-b14f-4fab-ba7d-e08ffdb39ff8->3e108b50-707e-4267-a617-3ec28210b5c8): Wait interrupted by java.lang.InterruptedException
2019-08-23 02:45:44,118 [main] INFO  impl.StateMachineUpdater (StateMachineUpdater.java:stopAndJoin(115)) - StateMachineUpdater:b0528765-b14f-4fab-ba7d-e08ffdb39ff8:group-ED4F0F59C74B: set stopIndex = 6
2019-08-23 02:45:44,117 [StateMachineUpdater:b8acb2ee-97fa-480c-8afb-a3c2ac812661:group-8A8A278735D4] INFO  ratis.ContainerStateMachine (ContainerStateMachine.java:takeSnapshot(283)) - group-8A8A278735D4: Taking a snapshot at:(t:1, i:4) file /workdir/hadoop-ozone/integration-test/target/test-dir/MiniOzoneClusterImpl-2bd8e9d2-4d45-4779-a9d5-84448e8fa7d9/datanode-2/data/ratis/0bb86939-1e56-4f58-b4f3-8a8a278735d4/sm/snapshot.1_4
2019-08-23 02:45:44,117 [Thread-5062] INFO  impl.FollowerState (FollowerState.java:run(114)) - b8acb2ee-97fa-480c-8afb-a3c2ac812661: FollowerState was interrupted: java.lang.InterruptedException: sleep interrupted
2019-08-23 02:45:44,117 [ForkJoinPool.commonPool-worker-0] INFO  impl.StateMachineUpdater (StateMachineUpdater.java:stopAndJoin(115)) - StateMachineUpdater:b8acb2ee-97fa-480c-8afb-a3c2ac812661:group-8A8A278735D4: set stopIndex = 6
2019-08-23 02:45:44,118 [grpc-default-executor-13] INFO  server.GrpcServerProtocolService (GrpcServerProtocolService.java:onCompleted(104)) - 660dca87-d357-47a3-a223-4042f8796b14: appendEntries completed
2019-08-23 02:45:44,118 [StateMachineUpdater:b0528765-b14f-4fab-ba7d-e08ffdb39ff8:group-ED4F0F59C74B] INFO  ratis.ContainerStateMachine (ContainerStateMachine.java:takeSnapshot(283)) - group-ED4F0F59C74B: Taking a snapshot at:(t:1, i:6) file /workdir/hadoop-ozone/integration-test/target/test-dir/MiniOzoneClusterImpl-2bd8e9d2-4d45-4779-a9d5-84448e8fa7d9/datanode-3/data/ratis/4dd70ee7-9905-4bc5-8e96-ed4f0f59c74b/sm/snapshot.1_6
2019-08-23 02:45:44,120 [grpc-default-executor-13] INFO  server.GrpcLogAppender (GrpcLogAppender.java:onCompleted(292)) - b0528765-b14f-4fab-ba7d-e08ffdb39ff8->660dca87-d357-47a3-a223-4042f8796b14: follower responses appendEntries COMPLETED
2019-08-23 02:45:44,120 [grpc-default-executor-13] INFO  impl.FollowerInfo (FollowerInfo.java:lambda$new$0(50)) - b0528765-b14f-4fab-ba7d-e08ffdb39ff8->660dca87-d357-47a3-a223-4042f8796b14: nextIndex: updateUnconditionally 7 -> 6
2019-08-23 02:45:44,147 [StateMachineUpdater:b0528765-b14f-4fab-ba7d-e08ffdb39ff8:group-ED4F0F59C74B] INFO  ratis.ContainerStateMachine (ContainerStateMachine.java:takeSnapshot(294)) - group-ED4F0F59C74B: Finished taking a snapshot at:(t:1, i:6) file:/workdir/hadoop-ozone/integration-test/target/test-dir/MiniOzoneClusterImpl-2bd8e9d2-4d45-4779-a9d5-84448e8fa7d9/datanode-3/data/ratis/4dd70ee7-9905-4bc5-8e96-ed4f0f59c74b/sm/snapshot.1_6 time:29
2019-08-23 02:45:44,147 [StateMachineUpdater:b8acb2ee-97fa-480c-8afb-a3c2ac812661:group-8A8A278735D4] INFO  ratis.ContainerStateMachine (ContainerStateMachine.java:takeSnapshot(294)) - group-8A8A278735D4: Finished taking a snapshot at:(t:1, i:4) file:/workdir/hadoop-ozone/integration-test/target/test-dir/MiniOzoneClusterImpl-2bd8e9d2-4d45-4779-a9d5-84448e8fa7d9/datanode-2/data/ratis/0bb86939-1e56-4f58-b4f3-8a8a278735d4/sm/snapshot.1_4 time:30
2019-08-23 02:45:44,147 [StateMachineUpdater:b8acb2ee-97fa-480c-8afb-a3c2ac812661:group-8A8A278735D4] INFO  impl.StateMachineUpdater (StateMachineUpdater.java:takeSnapshot(242)) - StateMachineUpdater:b8acb2ee-97fa-480c-8afb-a3c2ac812661:group-8A8A278735D4: Took a snapshot at index 4
2019-08-23 02:45:44,147 [StateMachineUpdater:b0528765-b14f-4fab-ba7d-e08ffdb39ff8:group-ED4F0F59C74B] INFO  impl.StateMachineUpdater (StateMachineUpdater.java:takeSnapshot(242)) - StateMachineUpdater:b0528765-b14f-4fab-ba7d-e08ffdb39ff8:group-ED4F0F59C74B: Took a snapshot at index 6
2019-08-23 02:45:44,147 [StateMachineUpdater:b8acb2ee-97fa-480c-8afb-a3c2ac812661:group-8A8A278735D4] INFO  impl.StateMachineUpdater (StateMachineUpdater.java:lambda$new$0(80)) - StateMachineUpdater:b8acb2ee-97fa-480c-8afb-a3c2ac812661:group-8A8A278735D4: snapshotIndex: updateIncreasingly -1 -> 4
2019-08-23 02:45:44,147 [StateMachineUpdater:b0528765-b14f-4fab-ba7d-e08ffdb39ff8:group-ED4F0F59C74B] INFO  impl.StateMachineUpdater (StateMachineUpdater.java:lambda$new$0(80)) - StateMachineUpdater:b0528765-b14f-4fab-ba7d-e08ffdb39ff8:group-ED4F0F59C74B: snapshotIndex: updateIncreasingly -1 -> 6
2019-08-23 02:45:44,148 [ForkJoinPool.commonPool-worker-0] INFO  impl.RaftServerImpl (ServerState.java:close(394)) - b8acb2ee-97fa-480c-8afb-a3c2ac812661:group-8A8A278735D4 closes. The last applied log index is 6
2019-08-23 02:45:44,148 [main] INFO  impl.RaftServerImpl (ServerState.java:close(394)) - b0528765-b14f-4fab-ba7d-e08ffdb39ff8:group-ED4F0F59C74B closes. The last applied log index is 6
2019-08-23 02:45:44,148 [b8acb2ee-97fa-480c-8afb-a3c2ac812661-SegmentedRaftLogWorker:Storage Directory /workdir/hadoop-ozone/integration-test/target/test-dir/MiniOzoneClusterImpl-2bd8e9d2-4d45-4779-a9d5-84448e8fa7d9/datanode-2/data/ratis/0bb86939-1e56-4f58-b4f3-8a8a278735d4] INFO  segmented.SegmentedRaftLogWorker (SegmentedRaftLogWorker.java:run(313)) - b8acb2ee-97fa-480c-8afb-a3c2ac812661-SegmentedRaftLogWorker:Storage Directory /workdir/hadoop-ozone/integration-test/target/test-dir/MiniOzoneClusterImpl-2bd8e9d2-4d45-4779-a9d5-84448e8fa7d9/datanode-2/data/ratis/0bb86939-1e56-4f58-b4f3-8a8a278735d4 was interrupted, exiting. There are 0 tasks remaining in the queue.
2019-08-23 02:45:44,148 [b0528765-b14f-4fab-ba7d-e08ffdb39ff8-SegmentedRaftLogWorker:Storage Directory /workdir/hadoop-ozone/integration-test/target/test-dir/MiniOzoneClusterImpl-2bd8e9d2-4d45-4779-a9d5-84448e8fa7d9/datanode-3/data/ratis/4dd70ee7-9905-4bc5-8e96-ed4f0f59c74b] INFO  segmented.SegmentedRaftLogWorker (SegmentedRaftLogWorker.java:run(313)) - b0528765-b14f-4fab-ba7d-e08ffdb39ff8-SegmentedRaftLogWorker:Storage Directory /workdir/hadoop-ozone/integration-test/target/test-dir/MiniOzoneClusterImpl-2bd8e9d2-4d45-4779-a9d5-84448e8fa7d9/datanode-3/data/ratis/4dd70ee7-9905-4bc5-8e96-ed4f0f59c74b was interrupted, exiting. There are 0 tasks remaining in the queue.
2019-08-23 02:45:44,150 [ForkJoinPool.commonPool-worker-0] INFO  segmented.SegmentedRaftLogWorker (SegmentedRaftLogWorker.java:close(228)) - b8acb2ee-97fa-480c-8afb-a3c2ac812661-SegmentedRaftLogWorker:Storage Directory /workdir/hadoop-ozone/integration-test/target/test-dir/MiniOzoneClusterImpl-2bd8e9d2-4d45-4779-a9d5-84448e8fa7d9/datanode-2/data/ratis/0bb86939-1e56-4f58-b4f3-8a8a278735d4 close()
2019-08-23 02:45:44,151 [main] INFO  segmented.SegmentedRaftLogWorker (SegmentedRaftLogWorker.java:close(228)) - b0528765-b14f-4fab-ba7d-e08ffdb39ff8-SegmentedRaftLogWorker:Storage Directory /workdir/hadoop-ozone/integration-test/target/test-dir/MiniOzoneClusterImpl-2bd8e9d2-4d45-4779-a9d5-84448e8fa7d9/datanode-3/data/ratis/4dd70ee7-9905-4bc5-8e96-ed4f0f59c74b close()
2019-08-23 02:45:44,159 [ForkJoinPool.commonPool-worker-0] INFO  server.GrpcService (GrpcService.java:closeImpl(155)) - b8acb2ee-97fa-480c-8afb-a3c2ac812661: shutdown server with port 33879 now
2019-08-23 02:45:44,160 [main] INFO  server.GrpcService (GrpcService.java:closeImpl(155)) - b0528765-b14f-4fab-ba7d-e08ffdb39ff8: shutdown server with port 35422 now
2019-08-23 02:45:44,161 [ForkJoinPool.commonPool-worker-0] INFO  server.GrpcService (GrpcService.java:closeImpl(163)) - b8acb2ee-97fa-480c-8afb-a3c2ac812661: shutdown server with port 33879 successfully
2019-08-23 02:45:44,161 [grpc-default-executor-9] WARN  client.GrpcClientProtocolService (LogUtils.java:warn(134)) - 2-UnorderedRequestStreamObserver2: onError: org.apache.ratis.thirdparty.io.grpc.StatusRuntimeException: CANCELLED: cancelled before receiving half close
2019-08-23 02:45:44,161 [main] INFO  server.GrpcService (GrpcService.java:closeImpl(163)) - b0528765-b14f-4fab-ba7d-e08ffdb39ff8: shutdown server with port 35422 successfully
2019-08-23 02:45:44,162 [ForkJoinPool.commonPool-worker-0] INFO  utils.BackgroundService (BackgroundService.java:shutdown(148)) - Shutting down service BlockDeletingService
2019-08-23 02:45:44,163 [main] INFO  utils.BackgroundService (BackgroundService.java:shutdown(148)) - Shutting down service BlockDeletingService
2019-08-23 02:45:44,164 [refreshUsed-/workdir/hadoop-ozone/integration-test/target/test-dir/MiniOzoneClusterImpl-2bd8e9d2-4d45-4779-a9d5-84448e8fa7d9/datanode-2/data/containers] WARN  fs.CachingGetSpaceUsed (CachingGetSpaceUsed.java:run(183)) - Thread Interrupted waiting to refresh disk information: sleep interrupted
2019-08-23 02:45:44,164 [refreshUsed-/workdir/hadoop-ozone/integration-test/target/test-dir/MiniOzoneClusterImpl-2bd8e9d2-4d45-4779-a9d5-84448e8fa7d9/datanode-3/data/containers] WARN  fs.CachingGetSpaceUsed (CachingGetSpaceUsed.java:run(183)) - Thread Interrupted waiting to refresh disk information: sleep interrupted
2019-08-23 02:45:44,182 [main] INFO  statemachine.DatanodeStateMachine (DatanodeStateMachine.java:stopDaemon(395)) - Ozone container server stopped.
2019-08-23 02:45:44,183 [ForkJoinPool.commonPool-worker-0] INFO  statemachine.DatanodeStateMachine (DatanodeStateMachine.java:stopDaemon(395)) - Ozone container server stopped.
2019-08-23 02:45:44,190 [main] INFO  handler.ContextHandler (ContextHandler.java:doStop(910)) - Stopped o.e.j.w.WebAppContext@5253aa21{/,null,UNAVAILABLE}{/hddsDatanode}
2019-08-23 02:45:44,191 [ForkJoinPool.commonPool-worker-0] INFO  handler.ContextHandler (ContextHandler.java:doStop(910)) - Stopped o.e.j.w.WebAppContext@17e77d57{/,null,UNAVAILABLE}{/hddsDatanode}
2019-08-23 02:45:44,192 [main] INFO  server.AbstractConnector (AbstractConnector.java:doStop(318)) - Stopped ServerConnector@619cdd5e{HTTP/1.1,[http/1.1]}{0.0.0.0:0}
2019-08-23 02:45:44,192 [main] INFO  handler.ContextHandler (ContextHandler.java:doStop(910)) - Stopped o.e.j.s.ServletContextHandler@32200389{/static,jar:file:/home/user/.m2/repository/org/apache/hadoop/hadoop-hdds-container-service/0.5.0-SNAPSHOT/hadoop-hdds-container-service-0.5.0-SNAPSHOT.jar!/webapps/static,UNAVAILABLE}
2019-08-23 02:45:44,192 [ForkJoinPool.commonPool-worker-0] INFO  server.AbstractConnector (AbstractConnector.java:doStop(318)) - Stopped ServerConnector@1f9c9485{HTTP/1.1,[http/1.1]}{0.0.0.0:0}
2019-08-23 02:45:44,192 [main] INFO  handler.ContextHandler (ContextHandler.java:doStop(910)) - Stopped o.e.j.s.ServletContextHandler@3c10ba31{/logs,file:///workdir/hadoop-ozone/integration-test/target/log,UNAVAILABLE}
2019-08-23 02:45:44,194 [ForkJoinPool.commonPool-worker-0] INFO  handler.ContextHandler (ContextHandler.java:doStop(910)) - Stopped o.e.j.s.ServletContextHandler@7e762feb{/static,jar:file:/home/user/.m2/repository/org/apache/hadoop/hadoop-hdds-container-service/0.5.0-SNAPSHOT/hadoop-hdds-container-service-0.5.0-SNAPSHOT.jar!/webapps/static,UNAVAILABLE}
2019-08-23 02:45:44,195 [main] INFO  datanode.ObjectStoreHandler (ObjectStoreHandler.java:close(155)) - Closing ObjectStoreHandler.
2019-08-23 02:45:44,195 [ForkJoinPool.commonPool-worker-0] INFO  handler.ContextHandler (ContextHandler.java:doStop(910)) - Stopped o.e.j.s.ServletContextHandler@790e6eae{/logs,file:///workdir/hadoop-ozone/integration-test/target/log,UNAVAILABLE}
2019-08-23 02:45:44,196 [main] INFO  ozone.HddsDatanodeService (HddsDatanodeService.java:stop(451)) - Stopped plug-in org.apache.hadoop.ozone.web.OzoneHddsDatanodeService@385dae6a
2019-08-23 02:45:44,196 [ForkJoinPool.commonPool-worker-0] INFO  datanode.ObjectStoreHandler (ObjectStoreHandler.java:close(155)) - Closing ObjectStoreHandler.
2019-08-23 02:45:44,197 [ForkJoinPool.commonPool-worker-0] INFO  ozone.HddsDatanodeService (HddsDatanodeService.java:stop(451)) - Stopped plug-in org.apache.hadoop.ozone.web.OzoneHddsDatanodeService@7c3e94b2
2019-08-23 02:45:44,596 [Datanode State Machine Thread - 0] INFO  statemachine.DatanodeStateMachine (DatanodeStateMachine.java:lambda$startDaemon$0(350)) - Ozone container server started.
2019-08-23 02:45:44,881 [Datanode State Machine Thread - 0] INFO  statemachine.DatanodeStateMachine (DatanodeStateMachine.java:lambda$startDaemon$0(350)) - Ozone container server started.
2019-08-23 02:45:45,033 | INFO  | SCMAudit | user=jenkins1000 | ip=192.168.36.77 | op=SEND_HEARTBEAT {datanodeUUID=0b463173-11e9-44ff-be76-63df57295ec0, command=[]} | ret=SUCCESS |  
2019-08-23 02:45:46,033 | INFO  | SCMAudit | user=jenkins1000 | ip=192.168.36.77 | op=SEND_HEARTBEAT {datanodeUUID=0b463173-11e9-44ff-be76-63df57295ec0, command=[]} | ret=SUCCESS |  
2019-08-23 02:45:47,033 | INFO  | SCMAudit | user=jenkins1000 | ip=192.168.36.77 | op=SEND_HEARTBEAT {datanodeUUID=0b463173-11e9-44ff-be76-63df57295ec0, command=[]} | ret=SUCCESS |  
2019-08-23 02:45:47,964 [Thread-5061] INFO  impl.FollowerState (FollowerState.java:run(106)) - c1a09a1d-94c6-445f-990d-45b77f19286c:group-8A8A278735D4 changes to CANDIDATE, lastRpcTime:9035, electionTimeout:5170ms
2019-08-23 02:45:47,964 [Thread-5061] INFO  impl.RoleInfo (RoleInfo.java:shutdownFollowerState(121)) - c1a09a1d-94c6-445f-990d-45b77f19286c: shutdown FollowerState
2019-08-23 02:45:47,964 [Thread-5061] INFO  impl.RaftServerImpl (RaftServerImpl.java:setRole(171)) - c1a09a1d-94c6-445f-990d-45b77f19286c:group-8A8A278735D4 changes role from FOLLOWER to CANDIDATE at term 1 for changeToCandidate
2019-08-23 02:45:47,964 [Thread-5061] INFO  impl.RoleInfo (RoleInfo.java:updateAndGet(143)) - c1a09a1d-94c6-445f-990d-45b77f19286c: start LeaderElection
2019-08-23 02:45:47,968 [c1a09a1d-94c6-445f-990d-45b77f19286c:group-8A8A278735D4:LeaderElection127] INFO  impl.RaftServerImpl (ServerState.java:setLeader(263)) - c1a09a1d-94c6-445f-990d-45b77f19286c:group-8A8A278735D4 change Leader from 9e2111f4-c022-4843-a18f-ebc5260af7a4 to null at term 1 for initElection
2019-08-23 02:45:47,990 [c1a09a1d-94c6-445f-990d-45b77f19286c:group-8A8A278735D4:LeaderElection127] INFO  impl.LeaderElection (LeaderElection.java:askForVotes(181)) - c1a09a1d-94c6-445f-990d-45b77f19286c:group-8A8A278735D4:LeaderElection127: begin an election at term 2 for 0: [b8acb2ee-97fa-480c-8afb-a3c2ac812661:192.168.36.77:33879, c1a09a1d-94c6-445f-990d-45b77f19286c:192.168.36.77:42886, 9e2111f4-c022-4843-a18f-ebc5260af7a4:192.168.36.77:42318], old=null
2019-08-23 02:45:47,993 [c1a09a1d-94c6-445f-990d-45b77f19286c:group-8A8A278735D4:LeaderElection127] INFO  impl.LeaderElection (LogUtils.java:infoOrTrace(149)) - c1a09a1d-94c6-445f-990d-45b77f19286c:group-8A8A278735D4:LeaderElection127 got exception when requesting votes: {}
java.util.concurrent.ExecutionException: org.apache.ratis.thirdparty.io.grpc.StatusRuntimeException: UNAVAILABLE: io exception
	at java.util.concurrent.FutureTask.report(FutureTask.java:122)
	at java.util.concurrent.FutureTask.get(FutureTask.java:192)
	at org.apache.ratis.server.impl.LeaderElection.waitForResults(LeaderElection.java:262)
	at org.apache.ratis.server.impl.LeaderElection.askForVotes(LeaderElection.java:200)
	at org.apache.ratis.server.impl.LeaderElection.run(LeaderElection.java:130)
	at java.lang.Thread.run(Thread.java:748)
Caused by: org.apache.ratis.thirdparty.io.grpc.StatusRuntimeException: UNAVAILABLE: io exception
	at org.apache.ratis.thirdparty.io.grpc.stub.ClientCalls.toStatusRuntimeException(ClientCalls.java:233)
	at org.apache.ratis.thirdparty.io.grpc.stub.ClientCalls.getUnchecked(ClientCalls.java:214)
	at org.apache.ratis.thirdparty.io.grpc.stub.ClientCalls.blockingUnaryCall(ClientCalls.java:139)
	at org.apache.ratis.proto.grpc.RaftServerProtocolServiceGrpc$RaftServerProtocolServiceBlockingStub.requestVote(RaftServerProtocolServiceGrpc.java:265)
	at org.apache.ratis.grpc.server.GrpcServerProtocolClient.requestVote(GrpcServerProtocolClient.java:83)
	at org.apache.ratis.grpc.server.GrpcService.requestVote(GrpcService.java:195)
	at org.apache.ratis.server.impl.LeaderElection.lambda$submitRequests$1(LeaderElection.java:237)
	at java.util.concurrent.FutureTask.run(FutureTask.java:266)
	at java.util.concurrent.Executors$RunnableAdapter.call(Executors.java:511)
	at java.util.concurrent.FutureTask.run(FutureTask.java:266)
	at java.util.concurrent.ThreadPoolExecutor.runWorker(ThreadPoolExecutor.java:1149)
	at java.util.concurrent.ThreadPoolExecutor$Worker.run(ThreadPoolExecutor.java:624)
	... 1 more
Caused by: org.apache.ratis.thirdparty.io.netty.channel.AbstractChannel$AnnotatedConnectException: Connection refused: /192.168.36.77:42318
	at sun.nio.ch.SocketChannelImpl.checkConnect(Native Method)
	at sun.nio.ch.SocketChannelImpl.finishConnect(SocketChannelImpl.java:717)
	at org.apache.ratis.thirdparty.io.netty.channel.socket.nio.NioSocketChannel.doFinishConnect(NioSocketChannel.java:327)
	at org.apache.ratis.thirdparty.io.netty.channel.nio.AbstractNioChannel$AbstractNioUnsafe.finishConnect(AbstractNioChannel.java:340)
	at org.apache.ratis.thirdparty.io.netty.channel.nio.NioEventLoop.processSelectedKey(NioEventLoop.java:632)
	at org.apache.ratis.thirdparty.io.netty.channel.nio.NioEventLoop.processSelectedKeysOptimized(NioEventLoop.java:579)
	at org.apache.ratis.thirdparty.io.netty.channel.nio.NioEventLoop.processSelectedKeys(NioEventLoop.java:496)
	at org.apache.ratis.thirdparty.io.netty.channel.nio.NioEventLoop.run(NioEventLoop.java:458)
	at org.apache.ratis.thirdparty.io.netty.util.concurrent.SingleThreadEventExecutor$5.run(SingleThreadEventExecutor.java:897)
	at org.apache.ratis.thirdparty.io.netty.util.concurrent.FastThreadLocalRunnable.run(FastThreadLocalRunnable.java:30)
	... 1 more
Caused by: java.net.ConnectException: Connection refused
	... 11 more
2019-08-23 02:45:48,003 [c1a09a1d-94c6-445f-990d-45b77f19286c:group-8A8A278735D4:LeaderElection127] INFO  impl.LeaderElection (LogUtils.java:infoOrTrace(149)) - c1a09a1d-94c6-445f-990d-45b77f19286c:group-8A8A278735D4:LeaderElection127 got exception when requesting votes: {}
java.util.concurrent.ExecutionException: org.apache.ratis.thirdparty.io.grpc.StatusRuntimeException: UNAVAILABLE: io exception
	at java.util.concurrent.FutureTask.report(FutureTask.java:122)
	at java.util.concurrent.FutureTask.get(FutureTask.java:192)
	at org.apache.ratis.server.impl.LeaderElection.waitForResults(LeaderElection.java:262)
	at org.apache.ratis.server.impl.LeaderElection.askForVotes(LeaderElection.java:200)
	at org.apache.ratis.server.impl.LeaderElection.run(LeaderElection.java:130)
	at java.lang.Thread.run(Thread.java:748)
Caused by: org.apache.ratis.thirdparty.io.grpc.StatusRuntimeException: UNAVAILABLE: io exception
	at org.apache.ratis.thirdparty.io.grpc.stub.ClientCalls.toStatusRuntimeException(ClientCalls.java:233)
	at org.apache.ratis.thirdparty.io.grpc.stub.ClientCalls.getUnchecked(ClientCalls.java:214)
	at org.apache.ratis.thirdparty.io.grpc.stub.ClientCalls.blockingUnaryCall(ClientCalls.java:139)
	at org.apache.ratis.proto.grpc.RaftServerProtocolServiceGrpc$RaftServerProtocolServiceBlockingStub.requestVote(RaftServerProtocolServiceGrpc.java:265)
	at org.apache.ratis.grpc.server.GrpcServerProtocolClient.requestVote(GrpcServerProtocolClient.java:83)
	at org.apache.ratis.grpc.server.GrpcService.requestVote(GrpcService.java:195)
	at org.apache.ratis.server.impl.LeaderElection.lambda$submitRequests$1(LeaderElection.java:237)
	at java.util.concurrent.FutureTask.run(FutureTask.java:266)
	at java.util.concurrent.Executors$RunnableAdapter.call(Executors.java:511)
	at java.util.concurrent.FutureTask.run(FutureTask.java:266)
	at java.util.concurrent.ThreadPoolExecutor.runWorker(ThreadPoolExecutor.java:1149)
	at java.util.concurrent.ThreadPoolExecutor$Worker.run(ThreadPoolExecutor.java:624)
	... 1 more
Caused by: org.apache.ratis.thirdparty.io.netty.channel.AbstractChannel$AnnotatedConnectException: Connection refused: /192.168.36.77:33879
	at sun.nio.ch.SocketChannelImpl.checkConnect(Native Method)
	at sun.nio.ch.SocketChannelImpl.finishConnect(SocketChannelImpl.java:717)
	at org.apache.ratis.thirdparty.io.netty.channel.socket.nio.NioSocketChannel.doFinishConnect(NioSocketChannel.java:327)
	at org.apache.ratis.thirdparty.io.netty.channel.nio.AbstractNioChannel$AbstractNioUnsafe.finishConnect(AbstractNioChannel.java:340)
	at org.apache.ratis.thirdparty.io.netty.channel.nio.NioEventLoop.processSelectedKey(NioEventLoop.java:632)
	at org.apache.ratis.thirdparty.io.netty.channel.nio.NioEventLoop.processSelectedKeysOptimized(NioEventLoop.java:579)
	at org.apache.ratis.thirdparty.io.netty.channel.nio.NioEventLoop.processSelectedKeys(NioEventLoop.java:496)
	at org.apache.ratis.thirdparty.io.netty.channel.nio.NioEventLoop.run(NioEventLoop.java:458)
	at org.apache.ratis.thirdparty.io.netty.util.concurrent.SingleThreadEventExecutor$5.run(SingleThreadEventExecutor.java:897)
	at org.apache.ratis.thirdparty.io.netty.util.concurrent.FastThreadLocalRunnable.run(FastThreadLocalRunnable.java:30)
	... 1 more
Caused by: java.net.ConnectException: Connection refused
	... 11 more
2019-08-23 02:45:48,004 [c1a09a1d-94c6-445f-990d-45b77f19286c:group-8A8A278735D4:LeaderElection127] INFO  impl.LeaderElection (LeaderElection.java:logAndReturn(56)) - c1a09a1d-94c6-445f-990d-45b77f19286c:group-8A8A278735D4:LeaderElection127: Election REJECTED; received 0 response(s) [] and 2 exception(s); c1a09a1d-94c6-445f-990d-45b77f19286c:t2, leader=null, voted=c1a09a1d-94c6-445f-990d-45b77f19286c, raftlog=c1a09a1d-94c6-445f-990d-45b77f19286c-SegmentedRaftLog:OPENED:c6,f6,i6, conf=0: [b8acb2ee-97fa-480c-8afb-a3c2ac812661:192.168.36.77:33879, c1a09a1d-94c6-445f-990d-45b77f19286c:192.168.36.77:42886, 9e2111f4-c022-4843-a18f-ebc5260af7a4:192.168.36.77:42318], old=null
2019-08-23 02:45:48,005 [c1a09a1d-94c6-445f-990d-45b77f19286c:group-8A8A278735D4:LeaderElection127] INFO  impl.LeaderElection (LogUtils.java:infoOrTrace(149)) -   Exception 0: {}
java.util.concurrent.ExecutionException: org.apache.ratis.thirdparty.io.grpc.StatusRuntimeException: UNAVAILABLE: io exception
	at java.util.concurrent.FutureTask.report(FutureTask.java:122)
	at java.util.concurrent.FutureTask.get(FutureTask.java:192)
	at org.apache.ratis.server.impl.LeaderElection.waitForResults(LeaderElection.java:262)
	at org.apache.ratis.server.impl.LeaderElection.askForVotes(LeaderElection.java:200)
	at org.apache.ratis.server.impl.LeaderElection.run(LeaderElection.java:130)
	at java.lang.Thread.run(Thread.java:748)
Caused by: org.apache.ratis.thirdparty.io.grpc.StatusRuntimeException: UNAVAILABLE: io exception
	at org.apache.ratis.thirdparty.io.grpc.stub.ClientCalls.toStatusRuntimeException(ClientCalls.java:233)
	at org.apache.ratis.thirdparty.io.grpc.stub.ClientCalls.getUnchecked(ClientCalls.java:214)
	at org.apache.ratis.thirdparty.io.grpc.stub.ClientCalls.blockingUnaryCall(ClientCalls.java:139)
	at org.apache.ratis.proto.grpc.RaftServerProtocolServiceGrpc$RaftServerProtocolServiceBlockingStub.requestVote(RaftServerProtocolServiceGrpc.java:265)
	at org.apache.ratis.grpc.server.GrpcServerProtocolClient.requestVote(GrpcServerProtocolClient.java:83)
	at org.apache.ratis.grpc.server.GrpcService.requestVote(GrpcService.java:195)
	at org.apache.ratis.server.impl.LeaderElection.lambda$submitRequests$1(LeaderElection.java:237)
	at java.util.concurrent.FutureTask.run(FutureTask.java:266)
	at java.util.concurrent.Executors$RunnableAdapter.call(Executors.java:511)
	at java.util.concurrent.FutureTask.run(FutureTask.java:266)
	at java.util.concurrent.ThreadPoolExecutor.runWorker(ThreadPoolExecutor.java:1149)
	at java.util.concurrent.ThreadPoolExecutor$Worker.run(ThreadPoolExecutor.java:624)
	... 1 more
Caused by: org.apache.ratis.thirdparty.io.netty.channel.AbstractChannel$AnnotatedConnectException: Connection refused: /192.168.36.77:42318
	at sun.nio.ch.SocketChannelImpl.checkConnect(Native Method)
	at sun.nio.ch.SocketChannelImpl.finishConnect(SocketChannelImpl.java:717)
	at org.apache.ratis.thirdparty.io.netty.channel.socket.nio.NioSocketChannel.doFinishConnect(NioSocketChannel.java:327)
	at org.apache.ratis.thirdparty.io.netty.channel.nio.AbstractNioChannel$AbstractNioUnsafe.finishConnect(AbstractNioChannel.java:340)
	at org.apache.ratis.thirdparty.io.netty.channel.nio.NioEventLoop.processSelectedKey(NioEventLoop.java:632)
	at org.apache.ratis.thirdparty.io.netty.channel.nio.NioEventLoop.processSelectedKeysOptimized(NioEventLoop.java:579)
	at org.apache.ratis.thirdparty.io.netty.channel.nio.NioEventLoop.processSelectedKeys(NioEventLoop.java:496)
	at org.apache.ratis.thirdparty.io.netty.channel.nio.NioEventLoop.run(NioEventLoop.java:458)
	at org.apache.ratis.thirdparty.io.netty.util.concurrent.SingleThreadEventExecutor$5.run(SingleThreadEventExecutor.java:897)
	at org.apache.ratis.thirdparty.io.netty.util.concurrent.FastThreadLocalRunnable.run(FastThreadLocalRunnable.java:30)
	... 1 more
Caused by: java.net.ConnectException: Connection refused
	... 11 more
2019-08-23 02:45:48,005 [c1a09a1d-94c6-445f-990d-45b77f19286c:group-8A8A278735D4:LeaderElection127] INFO  impl.LeaderElection (LogUtils.java:infoOrTrace(149)) -   Exception 1: {}
java.util.concurrent.ExecutionException: org.apache.ratis.thirdparty.io.grpc.StatusRuntimeException: UNAVAILABLE: io exception
	at java.util.concurrent.FutureTask.report(FutureTask.java:122)
	at java.util.concurrent.FutureTask.get(FutureTask.java:192)
	at org.apache.ratis.server.impl.LeaderElection.waitForResults(LeaderElection.java:262)
	at org.apache.ratis.server.impl.LeaderElection.askForVotes(LeaderElection.java:200)
	at org.apache.ratis.server.impl.LeaderElection.run(LeaderElection.java:130)
	at java.lang.Thread.run(Thread.java:748)
Caused by: org.apache.ratis.thirdparty.io.grpc.StatusRuntimeException: UNAVAILABLE: io exception
	at org.apache.ratis.thirdparty.io.grpc.stub.ClientCalls.toStatusRuntimeException(ClientCalls.java:233)
	at org.apache.ratis.thirdparty.io.grpc.stub.ClientCalls.getUnchecked(ClientCalls.java:214)
	at org.apache.ratis.thirdparty.io.grpc.stub.ClientCalls.blockingUnaryCall(ClientCalls.java:139)
	at org.apache.ratis.proto.grpc.RaftServerProtocolServiceGrpc$RaftServerProtocolServiceBlockingStub.requestVote(RaftServerProtocolServiceGrpc.java:265)
	at org.apache.ratis.grpc.server.GrpcServerProtocolClient.requestVote(GrpcServerProtocolClient.java:83)
	at org.apache.ratis.grpc.server.GrpcService.requestVote(GrpcService.java:195)
	at org.apache.ratis.server.impl.LeaderElection.lambda$submitRequests$1(LeaderElection.java:237)
	at java.util.concurrent.FutureTask.run(FutureTask.java:266)
	at java.util.concurrent.Executors$RunnableAdapter.call(Executors.java:511)
	at java.util.concurrent.FutureTask.run(FutureTask.java:266)
	at java.util.concurrent.ThreadPoolExecutor.runWorker(ThreadPoolExecutor.java:1149)
	at java.util.concurrent.ThreadPoolExecutor$Worker.run(ThreadPoolExecutor.java:624)
	... 1 more
Caused by: org.apache.ratis.thirdparty.io.netty.channel.AbstractChannel$AnnotatedConnectException: Connection refused: /192.168.36.77:33879
	at sun.nio.ch.SocketChannelImpl.checkConnect(Native Method)
	at sun.nio.ch.SocketChannelImpl.finishConnect(SocketChannelImpl.java:717)
	at org.apache.ratis.thirdparty.io.netty.channel.socket.nio.NioSocketChannel.doFinishConnect(NioSocketChannel.java:327)
	at org.apache.ratis.thirdparty.io.netty.channel.nio.AbstractNioChannel$AbstractNioUnsafe.finishConnect(AbstractNioChannel.java:340)
	at org.apache.ratis.thirdparty.io.netty.channel.nio.NioEventLoop.processSelectedKey(NioEventLoop.java:632)
	at org.apache.ratis.thirdparty.io.netty.channel.nio.NioEventLoop.processSelectedKeysOptimized(NioEventLoop.java:579)
	at org.apache.ratis.thirdparty.io.netty.channel.nio.NioEventLoop.processSelectedKeys(NioEventLoop.java:496)
	at org.apache.ratis.thirdparty.io.netty.channel.nio.NioEventLoop.run(NioEventLoop.java:458)
	at org.apache.ratis.thirdparty.io.netty.util.concurrent.SingleThreadEventExecutor$5.run(SingleThreadEventExecutor.java:897)
	at org.apache.ratis.thirdparty.io.netty.util.concurrent.FastThreadLocalRunnable.run(FastThreadLocalRunnable.java:30)
	... 1 more
Caused by: java.net.ConnectException: Connection refused
	... 11 more
2019-08-23 02:45:48,005 [c1a09a1d-94c6-445f-990d-45b77f19286c:group-8A8A278735D4:LeaderElection127] INFO  impl.RaftServerImpl (RaftServerImpl.java:setRole(171)) - c1a09a1d-94c6-445f-990d-45b77f19286c:group-8A8A278735D4 changes role from CANDIDATE to FOLLOWER at term 2 for DISCOVERED_A_NEW_TERM
2019-08-23 02:45:48,005 [c1a09a1d-94c6-445f-990d-45b77f19286c:group-8A8A278735D4:LeaderElection127] INFO  impl.RoleInfo (RoleInfo.java:shutdownLeaderElection(134)) - c1a09a1d-94c6-445f-990d-45b77f19286c: shutdown LeaderElection
2019-08-23 02:45:48,006 [c1a09a1d-94c6-445f-990d-45b77f19286c:group-8A8A278735D4:LeaderElection127] INFO  impl.RoleInfo (RoleInfo.java:updateAndGet(143)) - c1a09a1d-94c6-445f-990d-45b77f19286c: start FollowerState
2019-08-23 02:45:48,033 | INFO  | SCMAudit | user=jenkins1000 | ip=192.168.36.77 | op=SEND_HEARTBEAT {datanodeUUID=0b463173-11e9-44ff-be76-63df57295ec0, command=[]} | ret=SUCCESS |  
2019-08-23 02:45:48,622 [EventQueue-StaleNodeForStaleNodeHandler] INFO  node.StaleNodeHandler (StaleNodeHandler.java:onMessage(58)) - Datanode 660dca87-d357-47a3-a223-4042f8796b14{ip: 192.168.36.77, host: pr-hdds-2000-5mb45-3533150274, networkLocation: /default-rack, certSerialId: null} moved to stale state. Finalizing its pipelines [PipelineID=4dd70ee7-9905-4bc5-8e96-ed4f0f59c74b, PipelineID=510fa70c-bf32-42ac-93ac-26fd032d846e]
2019-08-23 02:45:48,622 [EventQueue-StaleNodeForStaleNodeHandler] INFO  pipeline.SCMPipelineManager (SCMPipelineManager.java:finalizeAndDestroyPipeline(309)) - destroying pipeline:Pipeline[ Id: 4dd70ee7-9905-4bc5-8e96-ed4f0f59c74b, Nodes: 660dca87-d357-47a3-a223-4042f8796b14{ip: 192.168.36.77, host: pr-hdds-2000-5mb45-3533150274, networkLocation: /default-rack, certSerialId: null}3e108b50-707e-4267-a617-3ec28210b5c8{ip: 192.168.36.77, host: pr-hdds-2000-5mb45-3533150274, networkLocation: /default-rack, certSerialId: null}b0528765-b14f-4fab-ba7d-e08ffdb39ff8{ip: 192.168.36.77, host: pr-hdds-2000-5mb45-3533150274, networkLocation: /default-rack, certSerialId: null}, Type:RATIS, Factor:THREE, State:CLOSED]
2019-08-23 02:45:48,623 [EventQueue-StaleNodeForStaleNodeHandler] INFO  pipeline.SCMPipelineManager (SCMPipelineManager.java:finalizeAndDestroyPipeline(309)) - destroying pipeline:Pipeline[ Id: 510fa70c-bf32-42ac-93ac-26fd032d846e, Nodes: 660dca87-d357-47a3-a223-4042f8796b14{ip: 192.168.36.77, host: pr-hdds-2000-5mb45-3533150274, networkLocation: /default-rack, certSerialId: null}, Type:RATIS, Factor:ONE, State:OPEN]
2019-08-23 02:45:48,623 [EventQueue-StaleNodeForStaleNodeHandler] INFO  pipeline.PipelineStateManager (PipelineStateManager.java:finalizePipeline(123)) - Pipeline Pipeline[ Id: 510fa70c-bf32-42ac-93ac-26fd032d846e, Nodes: 660dca87-d357-47a3-a223-4042f8796b14{ip: 192.168.36.77, host: pr-hdds-2000-5mb45-3533150274, networkLocation: /default-rack, certSerialId: null}, Type:RATIS, Factor:ONE, State:CLOSED] moved to CLOSED state
2019-08-23 02:45:48,923 [EventQueue-StaleNodeForStaleNodeHandler] INFO  node.StaleNodeHandler (StaleNodeHandler.java:onMessage(58)) - Datanode c1a09a1d-94c6-445f-990d-45b77f19286c{ip: 192.168.36.77, host: pr-hdds-2000-5mb45-3533150274, networkLocation: /default-rack, certSerialId: null} moved to stale state. Finalizing its pipelines [PipelineID=0bb86939-1e56-4f58-b4f3-8a8a278735d4, PipelineID=e5c023ca-3056-4144-b4d0-156ab50bacb4]
2019-08-23 02:45:48,923 [EventQueue-StaleNodeForStaleNodeHandler] INFO  pipeline.SCMPipelineManager (SCMPipelineManager.java:finalizeAndDestroyPipeline(309)) - destroying pipeline:Pipeline[ Id: 0bb86939-1e56-4f58-b4f3-8a8a278735d4, Nodes: 9e2111f4-c022-4843-a18f-ebc5260af7a4{ip: 192.168.36.77, host: pr-hdds-2000-5mb45-3533150274, networkLocation: /default-rack, certSerialId: null}c1a09a1d-94c6-445f-990d-45b77f19286c{ip: 192.168.36.77, host: pr-hdds-2000-5mb45-3533150274, networkLocation: /default-rack, certSerialId: null}b8acb2ee-97fa-480c-8afb-a3c2ac812661{ip: 192.168.36.77, host: pr-hdds-2000-5mb45-3533150274, networkLocation: /default-rack, certSerialId: null}, Type:RATIS, Factor:THREE, State:CLOSED]
2019-08-23 02:45:48,923 [EventQueue-StaleNodeForStaleNodeHandler] INFO  pipeline.SCMPipelineManager (SCMPipelineManager.java:finalizeAndDestroyPipeline(309)) - destroying pipeline:Pipeline[ Id: e5c023ca-3056-4144-b4d0-156ab50bacb4, Nodes: c1a09a1d-94c6-445f-990d-45b77f19286c{ip: 192.168.36.77, host: pr-hdds-2000-5mb45-3533150274, networkLocation: /default-rack, certSerialId: null}, Type:RATIS, Factor:ONE, State:OPEN]
2019-08-23 02:45:48,923 [EventQueue-StaleNodeForStaleNodeHandler] INFO  pipeline.PipelineStateManager (PipelineStateManager.java:finalizePipeline(123)) - Pipeline Pipeline[ Id: e5c023ca-3056-4144-b4d0-156ab50bacb4, Nodes: c1a09a1d-94c6-445f-990d-45b77f19286c{ip: 192.168.36.77, host: pr-hdds-2000-5mb45-3533150274, networkLocation: /default-rack, certSerialId: null}, Type:RATIS, Factor:ONE, State:CLOSED] moved to CLOSED state
2019-08-23 02:45:49,034 | INFO  | SCMAudit | user=jenkins1000 | ip=192.168.36.77 | op=SEND_HEARTBEAT {datanodeUUID=0b463173-11e9-44ff-be76-63df57295ec0, command=[]} | ret=SUCCESS |  
2019-08-23 02:45:49,197 [main] INFO  ozoneimpl.OzoneContainer (OzoneContainer.java:stop(199)) - Attempting to stop container services.
2019-08-23 02:45:49,198 [ForkJoinPool.commonPool-worker-0] INFO  ozoneimpl.OzoneContainer (OzoneContainer.java:stop(199)) - Attempting to stop container services.
2019-08-23 02:45:49,198 [main] INFO  impl.RaftServerProxy (RaftServerProxy.java:lambda$close$4(314)) - c1a09a1d-94c6-445f-990d-45b77f19286c: close
2019-08-23 02:45:49,198 [ForkJoinPool.commonPool-worker-0] INFO  impl.RaftServerProxy (RaftServerProxy.java:lambda$close$4(314)) - 660dca87-d357-47a3-a223-4042f8796b14: close
2019-08-23 02:45:49,199 [main] INFO  impl.RaftServerImpl (RaftServerImpl.java:lambda$shutdown$3(245)) - c1a09a1d-94c6-445f-990d-45b77f19286c: shutdown group-8A8A278735D4
2019-08-23 02:45:49,199 [ForkJoinPool.commonPool-worker-0] INFO  impl.RaftServerImpl (RaftServerImpl.java:lambda$shutdown$3(245)) - 660dca87-d357-47a3-a223-4042f8796b14: shutdown group-ED4F0F59C74B
2019-08-23 02:45:49,199 [main] INFO  util.JmxRegister (JmxRegister.java:unregister(73)) - Successfully un-registered JMX Bean with object name Ratis:service=RaftServer,group=group-8A8A278735D4,id=c1a09a1d-94c6-445f-990d-45b77f19286c
2019-08-23 02:45:49,200 [ForkJoinPool.commonPool-worker-0] INFO  util.JmxRegister (JmxRegister.java:unregister(73)) - Successfully un-registered JMX Bean with object name Ratis:service=RaftServer,group=group-ED4F0F59C74B,id=660dca87-d357-47a3-a223-4042f8796b14
2019-08-23 02:45:49,200 [main] INFO  impl.RoleInfo (RoleInfo.java:shutdownFollowerState(121)) - c1a09a1d-94c6-445f-990d-45b77f19286c: shutdown FollowerState
2019-08-23 02:45:49,200 [ForkJoinPool.commonPool-worker-0] INFO  impl.RoleInfo (RoleInfo.java:shutdownFollowerState(121)) - 660dca87-d357-47a3-a223-4042f8796b14: shutdown FollowerState
2019-08-23 02:45:49,201 [Thread-5118] INFO  impl.FollowerState (FollowerState.java:run(114)) - c1a09a1d-94c6-445f-990d-45b77f19286c: FollowerState was interrupted: java.lang.InterruptedException: sleep interrupted
2019-08-23 02:45:49,201 [Thread-5006] INFO  impl.FollowerState (FollowerState.java:run(114)) - 660dca87-d357-47a3-a223-4042f8796b14: FollowerState was interrupted: java.lang.InterruptedException: sleep interrupted
2019-08-23 02:45:49,201 [StateMachineUpdater:c1a09a1d-94c6-445f-990d-45b77f19286c:group-8A8A278735D4] INFO  ratis.ContainerStateMachine (ContainerStateMachine.java:takeSnapshot(283)) - group-8A8A278735D4: Taking a snapshot at:(t:1, i:4) file /workdir/hadoop-ozone/integration-test/target/test-dir/MiniOzoneClusterImpl-2bd8e9d2-4d45-4779-a9d5-84448e8fa7d9/datanode-6/data/ratis/0bb86939-1e56-4f58-b4f3-8a8a278735d4/sm/snapshot.1_4
2019-08-23 02:45:49,201 [main] INFO  impl.StateMachineUpdater (StateMachineUpdater.java:stopAndJoin(115)) - StateMachineUpdater:c1a09a1d-94c6-445f-990d-45b77f19286c:group-8A8A278735D4: set stopIndex = 6
2019-08-23 02:45:49,201 [StateMachineUpdater:660dca87-d357-47a3-a223-4042f8796b14:group-ED4F0F59C74B] INFO  ratis.ContainerStateMachine (ContainerStateMachine.java:takeSnapshot(283)) - group-ED4F0F59C74B: Taking a snapshot at:(t:1, i:6) file /workdir/hadoop-ozone/integration-test/target/test-dir/MiniOzoneClusterImpl-2bd8e9d2-4d45-4779-a9d5-84448e8fa7d9/datanode-0/data/ratis/4dd70ee7-9905-4bc5-8e96-ed4f0f59c74b/sm/snapshot.1_6
2019-08-23 02:45:49,201 [ForkJoinPool.commonPool-worker-0] INFO  impl.StateMachineUpdater (StateMachineUpdater.java:stopAndJoin(115)) - StateMachineUpdater:660dca87-d357-47a3-a223-4042f8796b14:group-ED4F0F59C74B: set stopIndex = 6
2019-08-23 02:45:49,228 [StateMachineUpdater:660dca87-d357-47a3-a223-4042f8796b14:group-ED4F0F59C74B] INFO  ratis.ContainerStateMachine (ContainerStateMachine.java:takeSnapshot(294)) - group-ED4F0F59C74B: Finished taking a snapshot at:(t:1, i:6) file:/workdir/hadoop-ozone/integration-test/target/test-dir/MiniOzoneClusterImpl-2bd8e9d2-4d45-4779-a9d5-84448e8fa7d9/datanode-0/data/ratis/4dd70ee7-9905-4bc5-8e96-ed4f0f59c74b/sm/snapshot.1_6 time:28
2019-08-23 02:45:49,229 [StateMachineUpdater:660dca87-d357-47a3-a223-4042f8796b14:group-ED4F0F59C74B] INFO  impl.StateMachineUpdater (StateMachineUpdater.java:takeSnapshot(242)) - StateMachineUpdater:660dca87-d357-47a3-a223-4042f8796b14:group-ED4F0F59C74B: Took a snapshot at index 6
2019-08-23 02:45:49,228 [StateMachineUpdater:c1a09a1d-94c6-445f-990d-45b77f19286c:group-8A8A278735D4] INFO  ratis.ContainerStateMachine (ContainerStateMachine.java:takeSnapshot(294)) - group-8A8A278735D4: Finished taking a snapshot at:(t:1, i:4) file:/workdir/hadoop-ozone/integration-test/target/test-dir/MiniOzoneClusterImpl-2bd8e9d2-4d45-4779-a9d5-84448e8fa7d9/datanode-6/data/ratis/0bb86939-1e56-4f58-b4f3-8a8a278735d4/sm/snapshot.1_4 time:28
2019-08-23 02:45:49,229 [StateMachineUpdater:660dca87-d357-47a3-a223-4042f8796b14:group-ED4F0F59C74B] INFO  impl.StateMachineUpdater (StateMachineUpdater.java:lambda$new$0(80)) - StateMachineUpdater:660dca87-d357-47a3-a223-4042f8796b14:group-ED4F0F59C74B: snapshotIndex: updateIncreasingly -1 -> 6
2019-08-23 02:45:49,229 [StateMachineUpdater:c1a09a1d-94c6-445f-990d-45b77f19286c:group-8A8A278735D4] INFO  impl.StateMachineUpdater (StateMachineUpdater.java:takeSnapshot(242)) - StateMachineUpdater:c1a09a1d-94c6-445f-990d-45b77f19286c:group-8A8A278735D4: Took a snapshot at index 4
2019-08-23 02:45:49,229 [StateMachineUpdater:c1a09a1d-94c6-445f-990d-45b77f19286c:group-8A8A278735D4] INFO  impl.StateMachineUpdater (StateMachineUpdater.java:lambda$new$0(80)) - StateMachineUpdater:c1a09a1d-94c6-445f-990d-45b77f19286c:group-8A8A278735D4: snapshotIndex: updateIncreasingly -1 -> 4
2019-08-23 02:45:49,229 [ForkJoinPool.commonPool-worker-0] INFO  impl.RaftServerImpl (ServerState.java:close(394)) - 660dca87-d357-47a3-a223-4042f8796b14:group-ED4F0F59C74B closes. The last applied log index is 6
2019-08-23 02:45:49,230 [main] INFO  impl.RaftServerImpl (ServerState.java:close(394)) - c1a09a1d-94c6-445f-990d-45b77f19286c:group-8A8A278735D4 closes. The last applied log index is 6
2019-08-23 02:45:49,230 [660dca87-d357-47a3-a223-4042f8796b14-SegmentedRaftLogWorker:Storage Directory /workdir/hadoop-ozone/integration-test/target/test-dir/MiniOzoneClusterImpl-2bd8e9d2-4d45-4779-a9d5-84448e8fa7d9/datanode-0/data/ratis/4dd70ee7-9905-4bc5-8e96-ed4f0f59c74b] INFO  segmented.SegmentedRaftLogWorker (SegmentedRaftLogWorker.java:run(313)) - 660dca87-d357-47a3-a223-4042f8796b14-SegmentedRaftLogWorker:Storage Directory /workdir/hadoop-ozone/integration-test/target/test-dir/MiniOzoneClusterImpl-2bd8e9d2-4d45-4779-a9d5-84448e8fa7d9/datanode-0/data/ratis/4dd70ee7-9905-4bc5-8e96-ed4f0f59c74b was interrupted, exiting. There are 0 tasks remaining in the queue.
2019-08-23 02:45:49,230 [c1a09a1d-94c6-445f-990d-45b77f19286c-SegmentedRaftLogWorker:Storage Directory /workdir/hadoop-ozone/integration-test/target/test-dir/MiniOzoneClusterImpl-2bd8e9d2-4d45-4779-a9d5-84448e8fa7d9/datanode-6/data/ratis/0bb86939-1e56-4f58-b4f3-8a8a278735d4] INFO  segmented.SegmentedRaftLogWorker (SegmentedRaftLogWorker.java:run(313)) - c1a09a1d-94c6-445f-990d-45b77f19286c-SegmentedRaftLogWorker:Storage Directory /workdir/hadoop-ozone/integration-test/target/test-dir/MiniOzoneClusterImpl-2bd8e9d2-4d45-4779-a9d5-84448e8fa7d9/datanode-6/data/ratis/0bb86939-1e56-4f58-b4f3-8a8a278735d4 was interrupted, exiting. There are 0 tasks remaining in the queue.
2019-08-23 02:45:49,232 [ForkJoinPool.commonPool-worker-0] INFO  segmented.SegmentedRaftLogWorker (SegmentedRaftLogWorker.java:close(228)) - 660dca87-d357-47a3-a223-4042f8796b14-SegmentedRaftLogWorker:Storage Directory /workdir/hadoop-ozone/integration-test/target/test-dir/MiniOzoneClusterImpl-2bd8e9d2-4d45-4779-a9d5-84448e8fa7d9/datanode-0/data/ratis/4dd70ee7-9905-4bc5-8e96-ed4f0f59c74b close()
2019-08-23 02:45:49,233 [main] INFO  segmented.SegmentedRaftLogWorker (SegmentedRaftLogWorker.java:close(228)) - c1a09a1d-94c6-445f-990d-45b77f19286c-SegmentedRaftLogWorker:Storage Directory /workdir/hadoop-ozone/integration-test/target/test-dir/MiniOzoneClusterImpl-2bd8e9d2-4d45-4779-a9d5-84448e8fa7d9/datanode-6/data/ratis/0bb86939-1e56-4f58-b4f3-8a8a278735d4 close()
2019-08-23 02:45:49,235 [ForkJoinPool.commonPool-worker-0] INFO  impl.RaftServerImpl (RaftServerImpl.java:lambda$shutdown$3(245)) - 660dca87-d357-47a3-a223-4042f8796b14: shutdown group-CD8742C24A28
2019-08-23 02:45:49,241 [main] INFO  impl.RaftServerImpl (RaftServerImpl.java:lambda$shutdown$3(245)) - c1a09a1d-94c6-445f-990d-45b77f19286c: shutdown group-156AB50BACB4
2019-08-23 02:45:49,241 [ForkJoinPool.commonPool-worker-0] INFO  util.JmxRegister (JmxRegister.java:unregister(73)) - Successfully un-registered JMX Bean with object name Ratis:service=RaftServer,group=group-CD8742C24A28,id=660dca87-d357-47a3-a223-4042f8796b14
2019-08-23 02:45:49,241 [main] INFO  util.JmxRegister (JmxRegister.java:unregister(73)) - Successfully un-registered JMX Bean with object name Ratis:service=RaftServer,group=group-156AB50BACB4,id=c1a09a1d-94c6-445f-990d-45b77f19286c
2019-08-23 02:45:49,242 [ForkJoinPool.commonPool-worker-0] INFO  impl.RoleInfo (RoleInfo.java:shutdownLeaderState(104)) - 660dca87-d357-47a3-a223-4042f8796b14: shutdown LeaderState
2019-08-23 02:45:49,242 [main] INFO  impl.RoleInfo (RoleInfo.java:shutdownLeaderState(104)) - c1a09a1d-94c6-445f-990d-45b77f19286c: shutdown LeaderState
2019-08-23 02:45:49,242 [ForkJoinPool.commonPool-worker-0] INFO  impl.PendingRequests (PendingRequests.java:sendNotLeaderResponses(202)) - 660dca87-d357-47a3-a223-4042f8796b14-PendingRequests: sendNotLeaderResponses
2019-08-23 02:45:49,243 [main] INFO  impl.PendingRequests (PendingRequests.java:sendNotLeaderResponses(202)) - c1a09a1d-94c6-445f-990d-45b77f19286c-PendingRequests: sendNotLeaderResponses
2019-08-23 02:45:49,243 [ForkJoinPool.commonPool-worker-0] INFO  impl.StateMachineUpdater (StateMachineUpdater.java:stopAndJoin(115)) - StateMachineUpdater:660dca87-d357-47a3-a223-4042f8796b14:group-CD8742C24A28: set stopIndex = 0
2019-08-23 02:45:49,243 [main] INFO  impl.StateMachineUpdater (StateMachineUpdater.java:stopAndJoin(115)) - StateMachineUpdater:c1a09a1d-94c6-445f-990d-45b77f19286c:group-156AB50BACB4: set stopIndex = 0
2019-08-23 02:45:49,243 [ForkJoinPool.commonPool-worker-0] INFO  impl.RaftServerImpl (ServerState.java:close(394)) - 660dca87-d357-47a3-a223-4042f8796b14:group-CD8742C24A28 closes. The last applied log index is 0
2019-08-23 02:45:49,244 [main] INFO  impl.RaftServerImpl (ServerState.java:close(394)) - c1a09a1d-94c6-445f-990d-45b77f19286c:group-156AB50BACB4 closes. The last applied log index is 0
2019-08-23 02:45:49,244 [660dca87-d357-47a3-a223-4042f8796b14-SegmentedRaftLogWorker:Storage Directory /workdir/hadoop-ozone/integration-test/target/test-dir/MiniOzoneClusterImpl-2bd8e9d2-4d45-4779-a9d5-84448e8fa7d9/datanode-0/data/ratis/dff791b1-b9c4-41f6-9266-cd8742c24a28] INFO  segmented.SegmentedRaftLogWorker (SegmentedRaftLogWorker.java:run(313)) - 660dca87-d357-47a3-a223-4042f8796b14-SegmentedRaftLogWorker:Storage Directory /workdir/hadoop-ozone/integration-test/target/test-dir/MiniOzoneClusterImpl-2bd8e9d2-4d45-4779-a9d5-84448e8fa7d9/datanode-0/data/ratis/dff791b1-b9c4-41f6-9266-cd8742c24a28 was interrupted, exiting. There are 0 tasks remaining in the queue.
2019-08-23 02:45:49,245 [c1a09a1d-94c6-445f-990d-45b77f19286c-SegmentedRaftLogWorker:Storage Directory /workdir/hadoop-ozone/integration-test/target/test-dir/MiniOzoneClusterImpl-2bd8e9d2-4d45-4779-a9d5-84448e8fa7d9/datanode-6/data/ratis/e5c023ca-3056-4144-b4d0-156ab50bacb4] INFO  segmented.SegmentedRaftLogWorker (SegmentedRaftLogWorker.java:run(313)) - c1a09a1d-94c6-445f-990d-45b77f19286c-SegmentedRaftLogWorker:Storage Directory /workdir/hadoop-ozone/integration-test/target/test-dir/MiniOzoneClusterImpl-2bd8e9d2-4d45-4779-a9d5-84448e8fa7d9/datanode-6/data/ratis/e5c023ca-3056-4144-b4d0-156ab50bacb4 was interrupted, exiting. There are 0 tasks remaining in the queue.
2019-08-23 02:45:49,245 [ForkJoinPool.commonPool-worker-0] INFO  segmented.SegmentedRaftLogWorker (SegmentedRaftLogWorker.java:close(228)) - 660dca87-d357-47a3-a223-4042f8796b14-SegmentedRaftLogWorker:Storage Directory /workdir/hadoop-ozone/integration-test/target/test-dir/MiniOzoneClusterImpl-2bd8e9d2-4d45-4779-a9d5-84448e8fa7d9/datanode-0/data/ratis/dff791b1-b9c4-41f6-9266-cd8742c24a28 close()
2019-08-23 02:45:49,245 [main] INFO  segmented.SegmentedRaftLogWorker (SegmentedRaftLogWorker.java:close(228)) - c1a09a1d-94c6-445f-990d-45b77f19286c-SegmentedRaftLogWorker:Storage Directory /workdir/hadoop-ozone/integration-test/target/test-dir/MiniOzoneClusterImpl-2bd8e9d2-4d45-4779-a9d5-84448e8fa7d9/datanode-6/data/ratis/e5c023ca-3056-4144-b4d0-156ab50bacb4 close()
2019-08-23 02:45:49,245 [ForkJoinPool.commonPool-worker-0] INFO  impl.RaftServerImpl (RaftServerImpl.java:lambda$shutdown$3(245)) - 660dca87-d357-47a3-a223-4042f8796b14: shutdown group-26FD032D846E
2019-08-23 02:45:49,245 [main] INFO  server.GrpcService (GrpcService.java:closeImpl(155)) - c1a09a1d-94c6-445f-990d-45b77f19286c: shutdown server with port 42886 now
2019-08-23 02:45:49,246 [ForkJoinPool.commonPool-worker-0] INFO  util.JmxRegister (JmxRegister.java:unregister(73)) - Successfully un-registered JMX Bean with object name Ratis:service=RaftServer,group=group-26FD032D846E,id=660dca87-d357-47a3-a223-4042f8796b14
2019-08-23 02:45:49,246 [ForkJoinPool.commonPool-worker-0] INFO  impl.RoleInfo (RoleInfo.java:shutdownLeaderState(104)) - 660dca87-d357-47a3-a223-4042f8796b14: shutdown LeaderState
2019-08-23 02:45:49,246 [main] INFO  server.GrpcService (GrpcService.java:closeImpl(163)) - c1a09a1d-94c6-445f-990d-45b77f19286c: shutdown server with port 42886 successfully
2019-08-23 02:45:49,246 [ForkJoinPool.commonPool-worker-0] INFO  impl.PendingRequests (PendingRequests.java:sendNotLeaderResponses(202)) - 660dca87-d357-47a3-a223-4042f8796b14-PendingRequests: sendNotLeaderResponses
2019-08-23 02:45:49,247 [ForkJoinPool.commonPool-worker-0] INFO  impl.StateMachineUpdater (StateMachineUpdater.java:stopAndJoin(115)) - StateMachineUpdater:660dca87-d357-47a3-a223-4042f8796b14:group-26FD032D846E: set stopIndex = 0
2019-08-23 02:45:49,247 [ForkJoinPool.commonPool-worker-0] INFO  impl.RaftServerImpl (ServerState.java:close(394)) - 660dca87-d357-47a3-a223-4042f8796b14:group-26FD032D846E closes. The last applied log index is 0
2019-08-23 02:45:49,247 [660dca87-d357-47a3-a223-4042f8796b14-SegmentedRaftLogWorker:Storage Directory /workdir/hadoop-ozone/integration-test/target/test-dir/MiniOzoneClusterImpl-2bd8e9d2-4d45-4779-a9d5-84448e8fa7d9/datanode-0/data/ratis/510fa70c-bf32-42ac-93ac-26fd032d846e] INFO  segmented.SegmentedRaftLogWorker (SegmentedRaftLogWorker.java:run(313)) - 660dca87-d357-47a3-a223-4042f8796b14-SegmentedRaftLogWorker:Storage Directory /workdir/hadoop-ozone/integration-test/target/test-dir/MiniOzoneClusterImpl-2bd8e9d2-4d45-4779-a9d5-84448e8fa7d9/datanode-0/data/ratis/510fa70c-bf32-42ac-93ac-26fd032d846e was interrupted, exiting. There are 0 tasks remaining in the queue.
2019-08-23 02:45:49,247 [main] INFO  utils.BackgroundService (BackgroundService.java:shutdown(148)) - Shutting down service BlockDeletingService
2019-08-23 02:45:49,248 [ForkJoinPool.commonPool-worker-0] INFO  segmented.SegmentedRaftLogWorker (SegmentedRaftLogWorker.java:close(228)) - 660dca87-d357-47a3-a223-4042f8796b14-SegmentedRaftLogWorker:Storage Directory /workdir/hadoop-ozone/integration-test/target/test-dir/MiniOzoneClusterImpl-2bd8e9d2-4d45-4779-a9d5-84448e8fa7d9/datanode-0/data/ratis/510fa70c-bf32-42ac-93ac-26fd032d846e close()
2019-08-23 02:45:49,249 [ForkJoinPool.commonPool-worker-0] INFO  server.GrpcService (GrpcService.java:closeImpl(155)) - 660dca87-d357-47a3-a223-4042f8796b14: shutdown server with port 45478 now
2019-08-23 02:45:49,249 [refreshUsed-/workdir/hadoop-ozone/integration-test/target/test-dir/MiniOzoneClusterImpl-2bd8e9d2-4d45-4779-a9d5-84448e8fa7d9/datanode-6/data/containers] WARN  fs.CachingGetSpaceUsed (CachingGetSpaceUsed.java:run(183)) - Thread Interrupted waiting to refresh disk information: sleep interrupted
2019-08-23 02:45:49,249 [ForkJoinPool.commonPool-worker-0] INFO  server.GrpcService (GrpcService.java:closeImpl(163)) - 660dca87-d357-47a3-a223-4042f8796b14: shutdown server with port 45478 successfully
2019-08-23 02:45:49,253 [ForkJoinPool.commonPool-worker-0] INFO  utils.BackgroundService (BackgroundService.java:shutdown(148)) - Shutting down service BlockDeletingService
2019-08-23 02:45:49,255 [refreshUsed-/workdir/hadoop-ozone/integration-test/target/test-dir/MiniOzoneClusterImpl-2bd8e9d2-4d45-4779-a9d5-84448e8fa7d9/datanode-0/data/containers] WARN  fs.CachingGetSpaceUsed (CachingGetSpaceUsed.java:run(183)) - Thread Interrupted waiting to refresh disk information: sleep interrupted
2019-08-23 02:45:49,269 [main] INFO  statemachine.DatanodeStateMachine (DatanodeStateMachine.java:stopDaemon(395)) - Ozone container server stopped.
2019-08-23 02:45:49,270 [main] INFO  handler.ContextHandler (ContextHandler.java:doStop(910)) - Stopped o.e.j.w.WebAppContext@1310b98a{/,null,UNAVAILABLE}{/hddsDatanode}
2019-08-23 02:45:49,271 [main] INFO  server.AbstractConnector (AbstractConnector.java:doStop(318)) - Stopped ServerConnector@7abdfd36{HTTP/1.1,[http/1.1]}{0.0.0.0:0}
2019-08-23 02:45:49,271 [main] INFO  handler.ContextHandler (ContextHandler.java:doStop(910)) - Stopped o.e.j.s.ServletContextHandler@1d691240{/static,jar:file:/home/user/.m2/repository/org/apache/hadoop/hadoop-hdds-container-service/0.5.0-SNAPSHOT/hadoop-hdds-container-service-0.5.0-SNAPSHOT.jar!/webapps/static,UNAVAILABLE}
2019-08-23 02:45:49,272 [main] INFO  handler.ContextHandler (ContextHandler.java:doStop(910)) - Stopped o.e.j.s.ServletContextHandler@1c175d38{/logs,file:///workdir/hadoop-ozone/integration-test/target/log,UNAVAILABLE}
2019-08-23 02:45:49,273 [main] INFO  datanode.ObjectStoreHandler (ObjectStoreHandler.java:close(155)) - Closing ObjectStoreHandler.
2019-08-23 02:45:49,273 [main] INFO  ozone.HddsDatanodeService (HddsDatanodeService.java:stop(451)) - Stopped plug-in org.apache.hadoop.ozone.web.OzoneHddsDatanodeService@53b52f30
2019-08-23 02:45:49,276 [ForkJoinPool.commonPool-worker-0] INFO  statemachine.DatanodeStateMachine (DatanodeStateMachine.java:stopDaemon(395)) - Ozone container server stopped.
2019-08-23 02:45:49,279 [ForkJoinPool.commonPool-worker-0] INFO  handler.ContextHandler (ContextHandler.java:doStop(910)) - Stopped o.e.j.w.WebAppContext@119aabf3{/,null,UNAVAILABLE}{/hddsDatanode}
2019-08-23 02:45:49,280 [ForkJoinPool.commonPool-worker-0] INFO  server.AbstractConnector (AbstractConnector.java:doStop(318)) - Stopped ServerConnector@6d8d78a{HTTP/1.1,[http/1.1]}{0.0.0.0:0}
2019-08-23 02:45:49,281 [ForkJoinPool.commonPool-worker-0] INFO  handler.ContextHandler (ContextHandler.java:doStop(910)) - Stopped o.e.j.s.ServletContextHandler@459c7fa1{/static,jar:file:/home/user/.m2/repository/org/apache/hadoop/hadoop-hdds-container-service/0.5.0-SNAPSHOT/hadoop-hdds-container-service-0.5.0-SNAPSHOT.jar!/webapps/static,UNAVAILABLE}
2019-08-23 02:45:49,282 [ForkJoinPool.commonPool-worker-0] INFO  handler.ContextHandler (ContextHandler.java:doStop(910)) - Stopped o.e.j.s.ServletContextHandler@3e84c698{/logs,file:///workdir/hadoop-ozone/integration-test/target/log,UNAVAILABLE}
2019-08-23 02:45:50,033 [Datanode State Machine Thread - 0] INFO  statemachine.DatanodeStateMachine (DatanodeStateMachine.java:lambda$startDaemon$0(350)) - Ozone container server started.
2019-08-23 02:45:54,129 [EventQueue-StaleNodeForStaleNodeHandler] INFO  node.StaleNodeHandler (StaleNodeHandler.java:onMessage(58)) - Datanode 0b463173-11e9-44ff-be76-63df57295ec0{ip: 192.168.36.77, host: pr-hdds-2000-5mb45-3533150274, networkLocation: /default-rack, certSerialId: null} moved to stale state. Finalizing its pipelines [PipelineID=3c2a5ab5-aa9b-45ba-b16a-183e17cdedff]
2019-08-23 02:45:54,130 [EventQueue-StaleNodeForStaleNodeHandler] INFO  pipeline.SCMPipelineManager (SCMPipelineManager.java:finalizeAndDestroyPipeline(309)) - destroying pipeline:Pipeline[ Id: 3c2a5ab5-aa9b-45ba-b16a-183e17cdedff, Nodes: 0b463173-11e9-44ff-be76-63df57295ec0{ip: 192.168.36.77, host: pr-hdds-2000-5mb45-3533150274, networkLocation: /default-rack, certSerialId: null}, Type:RATIS, Factor:ONE, State:OPEN]
2019-08-23 02:45:54,130 [EventQueue-StaleNodeForStaleNodeHandler] INFO  pipeline.PipelineStateManager (PipelineStateManager.java:finalizePipeline(123)) - Pipeline Pipeline[ Id: 3c2a5ab5-aa9b-45ba-b16a-183e17cdedff, Nodes: 0b463173-11e9-44ff-be76-63df57295ec0{ip: 192.168.36.77, host: pr-hdds-2000-5mb45-3533150274, networkLocation: /default-rack, certSerialId: null}, Type:RATIS, Factor:ONE, State:CLOSED] moved to CLOSED state
2019-08-23 02:45:54,274 [main] INFO  ozoneimpl.OzoneContainer (OzoneContainer.java:stop(199)) - Attempting to stop container services.
2019-08-23 02:45:54,275 [main] INFO  impl.RaftServerProxy (RaftServerProxy.java:lambda$close$4(314)) - 0b463173-11e9-44ff-be76-63df57295ec0: close
2019-08-23 02:45:54,275 [main] INFO  impl.RaftServerImpl (RaftServerImpl.java:lambda$shutdown$3(245)) - 0b463173-11e9-44ff-be76-63df57295ec0: shutdown group-183E17CDEDFF
2019-08-23 02:45:54,276 [main] INFO  util.JmxRegister (JmxRegister.java:unregister(73)) - Successfully un-registered JMX Bean with object name Ratis:service=RaftServer,group=group-183E17CDEDFF,id=0b463173-11e9-44ff-be76-63df57295ec0
2019-08-23 02:45:54,276 [main] INFO  impl.RoleInfo (RoleInfo.java:shutdownLeaderState(104)) - 0b463173-11e9-44ff-be76-63df57295ec0: shutdown LeaderState
2019-08-23 02:45:54,276 [main] INFO  impl.PendingRequests (PendingRequests.java:sendNotLeaderResponses(202)) - 0b463173-11e9-44ff-be76-63df57295ec0-PendingRequests: sendNotLeaderResponses
2019-08-23 02:45:54,277 [main] INFO  impl.StateMachineUpdater (StateMachineUpdater.java:stopAndJoin(115)) - StateMachineUpdater:0b463173-11e9-44ff-be76-63df57295ec0:group-183E17CDEDFF: set stopIndex = 0
2019-08-23 02:45:54,277 [main] INFO  impl.RaftServerImpl (ServerState.java:close(394)) - 0b463173-11e9-44ff-be76-63df57295ec0:group-183E17CDEDFF closes. The last applied log index is 0
2019-08-23 02:45:54,278 [0b463173-11e9-44ff-be76-63df57295ec0-SegmentedRaftLogWorker:Storage Directory /workdir/hadoop-ozone/integration-test/target/test-dir/MiniOzoneClusterImpl-2bd8e9d2-4d45-4779-a9d5-84448e8fa7d9/datanode-5/data/ratis/3c2a5ab5-aa9b-45ba-b16a-183e17cdedff] INFO  segmented.SegmentedRaftLogWorker (SegmentedRaftLogWorker.java:run(313)) - 0b463173-11e9-44ff-be76-63df57295ec0-SegmentedRaftLogWorker:Storage Directory /workdir/hadoop-ozone/integration-test/target/test-dir/MiniOzoneClusterImpl-2bd8e9d2-4d45-4779-a9d5-84448e8fa7d9/datanode-5/data/ratis/3c2a5ab5-aa9b-45ba-b16a-183e17cdedff was interrupted, exiting. There are 0 tasks remaining in the queue.
2019-08-23 02:45:54,278 [main] INFO  segmented.SegmentedRaftLogWorker (SegmentedRaftLogWorker.java:close(228)) - 0b463173-11e9-44ff-be76-63df57295ec0-SegmentedRaftLogWorker:Storage Directory /workdir/hadoop-ozone/integration-test/target/test-dir/MiniOzoneClusterImpl-2bd8e9d2-4d45-4779-a9d5-84448e8fa7d9/datanode-5/data/ratis/3c2a5ab5-aa9b-45ba-b16a-183e17cdedff close()
2019-08-23 02:45:54,279 [main] INFO  server.GrpcService (GrpcService.java:closeImpl(155)) - 0b463173-11e9-44ff-be76-63df57295ec0: shutdown server with port 44707 now
2019-08-23 02:45:54,281 [main] INFO  server.GrpcService (GrpcService.java:closeImpl(163)) - 0b463173-11e9-44ff-be76-63df57295ec0: shutdown server with port 44707 successfully
2019-08-23 02:45:54,282 [main] INFO  utils.BackgroundService (BackgroundService.java:shutdown(148)) - Shutting down service BlockDeletingService
2019-08-23 02:45:54,290 [refreshUsed-/workdir/hadoop-ozone/integration-test/target/test-dir/MiniOzoneClusterImpl-2bd8e9d2-4d45-4779-a9d5-84448e8fa7d9/datanode-5/data/containers] WARN  fs.CachingGetSpaceUsed (CachingGetSpaceUsed.java:run(183)) - Thread Interrupted waiting to refresh disk information: sleep interrupted
2019-08-23 02:45:54,308 [main] INFO  statemachine.DatanodeStateMachine (DatanodeStateMachine.java:stopDaemon(395)) - Ozone container server stopped.
2019-08-23 02:45:54,309 [main] INFO  handler.ContextHandler (ContextHandler.java:doStop(910)) - Stopped o.e.j.w.WebAppContext@6cce1f60{/,null,UNAVAILABLE}{/hddsDatanode}
2019-08-23 02:45:54,310 [main] INFO  server.AbstractConnector (AbstractConnector.java:doStop(318)) - Stopped ServerConnector@1ca3d997{HTTP/1.1,[http/1.1]}{0.0.0.0:0}
2019-08-23 02:45:54,310 [main] INFO  handler.ContextHandler (ContextHandler.java:doStop(910)) - Stopped o.e.j.s.ServletContextHandler@646e17b9{/static,jar:file:/home/user/.m2/repository/org/apache/hadoop/hadoop-hdds-container-service/0.5.0-SNAPSHOT/hadoop-hdds-container-service-0.5.0-SNAPSHOT.jar!/webapps/static,UNAVAILABLE}
2019-08-23 02:45:54,310 [main] INFO  handler.ContextHandler (ContextHandler.java:doStop(910)) - Stopped o.e.j.s.ServletContextHandler@1d4d1621{/logs,file:///workdir/hadoop-ozone/integration-test/target/log,UNAVAILABLE}
2019-08-23 02:45:54,311 [main] INFO  ozone.MiniOzoneClusterImpl (MiniOzoneClusterImpl.java:stop(353)) - Stopping the StorageContainerManager
2019-08-23 02:45:54,312 [main] INFO  server.StorageContainerManager (StorageContainerManager.java:stop(797)) - Stopping Replication Manager Service.
2019-08-23 02:45:54,312 [main] INFO  container.ReplicationManager (ReplicationManager.java:stop(193)) - Stopping Replication Monitor Thread.
2019-08-23 02:45:54,312 [main] INFO  server.StorageContainerManager (StorageContainerManager.java:stop(804)) - Stopping Lease Manager of the command watchers
2019-08-23 02:45:54,312 [main] INFO  server.StorageContainerManager (StorageContainerManager.java:stop(811)) - Stopping datanode service RPC server
2019-08-23 02:45:54,312 [main] INFO  server.SCMDatanodeProtocolServer (SCMDatanodeProtocolServer.java:stop(367)) - Stopping the RPC server for DataNodes
2019-08-23 02:45:54,312 [main] INFO  ipc.Server (Server.java:stop(3082)) - Stopping server on 33821
2019-08-23 02:45:54,315 [IPC Server Responder] INFO  ipc.Server (Server.java:run(1319)) - Stopping IPC Server Responder
2019-08-23 02:45:54,315 [IPC Server listener on 33821] INFO  ipc.Server (Server.java:run(1185)) - Stopping IPC Server listener on 33821
2019-08-23 02:45:54,330 [SCM Heartbeat Processing Thread - 0] WARN  node.NodeStateManager (NodeStateManager.java:scheduleNextHealthCheck(646)) - Current Thread is interrupted, shutting down HB processing thread for Node Manager.
2019-08-23 02:45:54,330 [main] INFO  server.StorageContainerManager (StorageContainerManager.java:stop(819)) - Stopping block service RPC server
2019-08-23 02:45:54,330 [main] INFO  server.SCMBlockProtocolServer (SCMBlockProtocolServer.java:stop(148)) - Stopping the RPC server for Block Protocol
2019-08-23 02:45:54,330 [main] INFO  ipc.Server (Server.java:stop(3082)) - Stopping server on 45153
2019-08-23 02:45:54,331 [IPC Server listener on 45153] INFO  ipc.Server (Server.java:run(1185)) - Stopping IPC Server listener on 45153
2019-08-23 02:45:54,332 [main] INFO  server.StorageContainerManager (StorageContainerManager.java:stop(826)) - Stopping the StorageContainerLocationProtocol RPC server
2019-08-23 02:45:54,332 [main] INFO  server.SCMClientProtocolServer (SCMClientProtocolServer.java:stop(159)) - Stopping the RPC server for Client Protocol
2019-08-23 02:45:54,332 [IPC Server Responder] INFO  ipc.Server (Server.java:run(1319)) - Stopping IPC Server Responder
2019-08-23 02:45:54,333 [main] INFO  ipc.Server (Server.java:stop(3082)) - Stopping server on 45969
2019-08-23 02:45:54,334 [IPC Server listener on 45969] INFO  ipc.Server (Server.java:run(1185)) - Stopping IPC Server listener on 45969
2019-08-23 02:45:54,335 [main] INFO  server.StorageContainerManager (StorageContainerManager.java:stop(833)) - Stopping Storage Container Manager HTTP server.
2019-08-23 02:45:54,335 [IPC Server Responder] INFO  ipc.Server (Server.java:run(1319)) - Stopping IPC Server Responder
2019-08-23 02:45:54,336 [main] INFO  handler.ContextHandler (ContextHandler.java:doStop(910)) - Stopped o.e.j.w.WebAppContext@2cdb1581{/,null,UNAVAILABLE}{/scm}
2019-08-23 02:45:54,337 [main] INFO  server.AbstractConnector (AbstractConnector.java:doStop(318)) - Stopped ServerConnector@4140f94c{HTTP/1.1,[http/1.1]}{0.0.0.0:0}
2019-08-23 02:45:54,337 [main] INFO  handler.ContextHandler (ContextHandler.java:doStop(910)) - Stopped o.e.j.s.ServletContextHandler@7863e6b2{/static,file:///workdir/hadoop-ozone/integration-test/target/test-classes/webapps/static,UNAVAILABLE}
2019-08-23 02:45:54,338 [main] INFO  handler.ContextHandler (ContextHandler.java:doStop(910)) - Stopped o.e.j.s.ServletContextHandler@44b522ce{/logs,file:///workdir/hadoop-ozone/integration-test/target/log,UNAVAILABLE}
2019-08-23 02:45:54,339 [main] INFO  server.StorageContainerManager (StorageContainerManager.java:stop(844)) - Stopping Block Manager Service.
2019-08-23 02:45:54,339 [main] INFO  utils.BackgroundService (BackgroundService.java:shutdown(148)) - Shutting down service SCMBlockDeletingService
2019-08-23 02:45:54,339 [main] INFO  utils.BackgroundService (BackgroundService.java:shutdown(148)) - Shutting down service SCMBlockDeletingService
2019-08-23 02:45:54,340 [main] INFO  server.StorageContainerManager (StorageContainerManager.java:stop(866)) - Stopping SCM Event Queue.
2019-08-23 02:45:54,344 [main] INFO  impl.MetricsSystemImpl (MetricsSystemImpl.java:stop(210)) - Stopping HddsDatanode metrics system...
2019-08-23 02:45:54,355 [main] INFO  impl.MetricsSystemImpl (MetricsSystemImpl.java:stop(216)) - HddsDatanode metrics system stopped.
]]></system-out>
    <system-err><![CDATA[Aug 23, 2019 2:45:18 AM com.sun.jersey.server.impl.application.WebApplicationImpl _initiate
INFO: Initiating Jersey application, version 'Jersey: 1.19 02/11/2015 03:25 AM'
Aug 23, 2019 2:45:18 AM com.sun.jersey.server.impl.application.WebApplicationImpl _initiate
INFO: Initiating Jersey application, version 'Jersey: 1.19 02/11/2015 03:25 AM'
Aug 23, 2019 2:45:18 AM com.sun.jersey.server.impl.application.WebApplicationImpl _initiate
INFO: Initiating Jersey application, version 'Jersey: 1.19 02/11/2015 03:25 AM'
Aug 23, 2019 2:45:19 AM com.sun.jersey.server.impl.application.WebApplicationImpl _initiate
INFO: Initiating Jersey application, version 'Jersey: 1.19 02/11/2015 03:25 AM'
Aug 23, 2019 2:45:19 AM com.sun.jersey.server.impl.application.WebApplicationImpl _initiate
INFO: Initiating Jersey application, version 'Jersey: 1.19 02/11/2015 03:25 AM'
Aug 23, 2019 2:45:19 AM com.sun.jersey.server.impl.application.WebApplicationImpl _initiate
INFO: Initiating Jersey application, version 'Jersey: 1.19 02/11/2015 03:25 AM'
Aug 23, 2019 2:45:20 AM com.sun.jersey.server.impl.application.WebApplicationImpl _initiate
INFO: Initiating Jersey application, version 'Jersey: 1.19 02/11/2015 03:25 AM'
Aug 23, 2019 2:45:22 AM org.apache.ratis.thirdparty.io.grpc.internal.ManagedChannelOrphanWrapper$ManagedChannelReference cleanQueue
SEVERE: *~*~*~ Channel ManagedChannelImpl{logId=3618, target=192.168.36.77:33323} was not shutdown properly!!! ~*~*~*
    Make sure to call shutdown()/shutdownNow() and wait until awaitTermination() returns true.
java.lang.RuntimeException: ManagedChannel allocation site
	at org.apache.ratis.thirdparty.io.grpc.internal.ManagedChannelOrphanWrapper$ManagedChannelReference.<init>(ManagedChannelOrphanWrapper.java:103)
	at org.apache.ratis.thirdparty.io.grpc.internal.ManagedChannelOrphanWrapper.<init>(ManagedChannelOrphanWrapper.java:53)
	at org.apache.ratis.thirdparty.io.grpc.internal.ManagedChannelOrphanWrapper.<init>(ManagedChannelOrphanWrapper.java:44)
	at org.apache.ratis.thirdparty.io.grpc.internal.AbstractManagedChannelImplBuilder.build(AbstractManagedChannelImplBuilder.java:411)
	at org.apache.hadoop.hdds.scm.XceiverClientGrpc.connectToDatanode(XceiverClientGrpc.java:174)
	at org.apache.hadoop.hdds.scm.XceiverClientGrpc.reconnect(XceiverClientGrpc.java:422)
	at org.apache.hadoop.hdds.scm.XceiverClientGrpc.sendCommandAsync(XceiverClientGrpc.java:371)
	at org.apache.hadoop.hdds.scm.XceiverClientGrpc.sendCommandWithRetry(XceiverClientGrpc.java:284)
	at org.apache.hadoop.hdds.scm.XceiverClientGrpc.sendCommandWithTraceIDAndRetry(XceiverClientGrpc.java:250)
	at org.apache.hadoop.hdds.scm.XceiverClientGrpc.sendCommand(XceiverClientGrpc.java:233)
	at org.apache.hadoop.hdds.scm.storage.ContainerProtocolCalls.readChunk(ContainerProtocolCalls.java:245)
	at org.apache.hadoop.hdds.scm.storage.ChunkInputStream.readChunk(ChunkInputStream.java:335)
	at org.apache.hadoop.hdds.scm.storage.ChunkInputStream.readChunkFromContainer(ChunkInputStream.java:307)
	at org.apache.hadoop.hdds.scm.storage.ChunkInputStream.prepareRead(ChunkInputStream.java:259)
	at org.apache.hadoop.hdds.scm.storage.ChunkInputStream.read(ChunkInputStream.java:144)
	at org.apache.hadoop.hdds.scm.storage.BlockInputStream.read(BlockInputStream.java:239)
	at org.apache.hadoop.ozone.client.io.KeyInputStream.read(KeyInputStream.java:171)
	at org.apache.hadoop.ozone.client.io.OzoneInputStream.read(OzoneInputStream.java:47)
	at java.io.InputStream.read(InputStream.java:101)
	at org.apache.hadoop.ozone.container.ContainerTestHelper.validateData(ContainerTestHelper.java:713)
	at org.apache.hadoop.ozone.client.rpc.TestBlockOutputStreamWithFailures.validateData(TestBlockOutputStreamWithFailures.java:1216)
	at org.apache.hadoop.ozone.client.rpc.TestBlockOutputStreamWithFailures.testWatchForCommitWithCloseContainerException(TestBlockOutputStreamWithFailures.java:260)
	at sun.reflect.NativeMethodAccessorImpl.invoke0(Native Method)
	at sun.reflect.NativeMethodAccessorImpl.invoke(NativeMethodAccessorImpl.java:62)
	at sun.reflect.DelegatingMethodAccessorImpl.invoke(DelegatingMethodAccessorImpl.java:43)
	at java.lang.reflect.Method.invoke(Method.java:498)
	at org.junit.runners.model.FrameworkMethod$1.runReflectiveCall(FrameworkMethod.java:47)
	at org.junit.internal.runners.model.ReflectiveCallable.run(ReflectiveCallable.java:12)
	at org.junit.runners.model.FrameworkMethod.invokeExplosively(FrameworkMethod.java:44)
	at org.junit.internal.runners.statements.InvokeMethod.evaluate(InvokeMethod.java:17)
	at org.junit.internal.runners.statements.RunBefores.evaluate(RunBefores.java:26)
	at org.junit.internal.runners.statements.RunAfters.evaluate(RunAfters.java:27)
	at org.junit.runners.ParentRunner.runLeaf(ParentRunner.java:271)
	at org.junit.runners.BlockJUnit4ClassRunner.runChild(BlockJUnit4ClassRunner.java:70)
	at org.junit.runners.BlockJUnit4ClassRunner.runChild(BlockJUnit4ClassRunner.java:50)
	at org.junit.runners.ParentRunner$3.run(ParentRunner.java:238)
	at org.junit.runners.ParentRunner$1.schedule(ParentRunner.java:63)
	at org.junit.runners.ParentRunner.runChildren(ParentRunner.java:236)
	at org.junit.runners.ParentRunner.access$000(ParentRunner.java:53)
	at org.junit.runners.ParentRunner$2.evaluate(ParentRunner.java:229)
	at org.junit.runners.ParentRunner.run(ParentRunner.java:309)
	at org.apache.maven.surefire.junit4.JUnit4Provider.execute(JUnit4Provider.java:365)
	at org.apache.maven.surefire.junit4.JUnit4Provider.executeWithRerun(JUnit4Provider.java:273)
	at org.apache.maven.surefire.junit4.JUnit4Provider.executeTestSet(JUnit4Provider.java:238)
	at org.apache.maven.surefire.junit4.JUnit4Provider.invoke(JUnit4Provider.java:159)
	at org.apache.maven.surefire.booter.ForkedBooter.invokeProviderInSameClassLoader(ForkedBooter.java:384)
	at org.apache.maven.surefire.booter.ForkedBooter.runSuitesInProcess(ForkedBooter.java:345)
	at org.apache.maven.surefire.booter.ForkedBooter.execute(ForkedBooter.java:126)
	at org.apache.maven.surefire.booter.ForkedBooter.main(ForkedBooter.java:418)

Aug 23, 2019 2:45:22 AM org.apache.ratis.thirdparty.io.grpc.internal.ManagedChannelOrphanWrapper$ManagedChannelReference cleanQueue
SEVERE: *~*~*~ Channel ManagedChannelImpl{logId=3608, target=192.168.36.77:35404} was not shutdown properly!!! ~*~*~*
    Make sure to call shutdown()/shutdownNow() and wait until awaitTermination() returns true.
java.lang.RuntimeException: ManagedChannel allocation site
	at org.apache.ratis.thirdparty.io.grpc.internal.ManagedChannelOrphanWrapper$ManagedChannelReference.<init>(ManagedChannelOrphanWrapper.java:103)
	at org.apache.ratis.thirdparty.io.grpc.internal.ManagedChannelOrphanWrapper.<init>(ManagedChannelOrphanWrapper.java:53)
	at org.apache.ratis.thirdparty.io.grpc.internal.ManagedChannelOrphanWrapper.<init>(ManagedChannelOrphanWrapper.java:44)
	at org.apache.ratis.thirdparty.io.grpc.internal.AbstractManagedChannelImplBuilder.build(AbstractManagedChannelImplBuilder.java:411)
	at org.apache.hadoop.hdds.scm.XceiverClientGrpc.connectToDatanode(XceiverClientGrpc.java:174)
	at org.apache.hadoop.hdds.scm.XceiverClientGrpc.reconnect(XceiverClientGrpc.java:422)
	at org.apache.hadoop.hdds.scm.XceiverClientGrpc.sendCommandAsync(XceiverClientGrpc.java:371)
	at org.apache.hadoop.hdds.scm.XceiverClientGrpc.sendCommandWithRetry(XceiverClientGrpc.java:284)
	at org.apache.hadoop.hdds.scm.XceiverClientGrpc.sendCommandWithTraceIDAndRetry(XceiverClientGrpc.java:250)
	at org.apache.hadoop.hdds.scm.XceiverClientGrpc.sendCommand(XceiverClientGrpc.java:233)
	at org.apache.hadoop.hdds.scm.storage.ContainerProtocolCalls.readChunk(ContainerProtocolCalls.java:245)
	at org.apache.hadoop.hdds.scm.storage.ChunkInputStream.readChunk(ChunkInputStream.java:335)
	at org.apache.hadoop.hdds.scm.storage.ChunkInputStream.readChunkFromContainer(ChunkInputStream.java:307)
	at org.apache.hadoop.hdds.scm.storage.ChunkInputStream.prepareRead(ChunkInputStream.java:259)
	at org.apache.hadoop.hdds.scm.storage.ChunkInputStream.read(ChunkInputStream.java:144)
	at org.apache.hadoop.hdds.scm.storage.BlockInputStream.read(BlockInputStream.java:239)
	at org.apache.hadoop.ozone.client.io.KeyInputStream.read(KeyInputStream.java:171)
	at org.apache.hadoop.ozone.client.io.OzoneInputStream.read(OzoneInputStream.java:47)
	at java.io.InputStream.read(InputStream.java:101)
	at org.apache.hadoop.ozone.container.ContainerTestHelper.validateData(ContainerTestHelper.java:713)
	at org.apache.hadoop.ozone.client.rpc.TestBlockOutputStreamWithFailures.validateData(TestBlockOutputStreamWithFailures.java:1216)
	at org.apache.hadoop.ozone.client.rpc.TestBlockOutputStreamWithFailures.testWatchForCommitWithCloseContainerException(TestBlockOutputStreamWithFailures.java:260)
	at sun.reflect.NativeMethodAccessorImpl.invoke0(Native Method)
	at sun.reflect.NativeMethodAccessorImpl.invoke(NativeMethodAccessorImpl.java:62)
	at sun.reflect.DelegatingMethodAccessorImpl.invoke(DelegatingMethodAccessorImpl.java:43)
	at java.lang.reflect.Method.invoke(Method.java:498)
	at org.junit.runners.model.FrameworkMethod$1.runReflectiveCall(FrameworkMethod.java:47)
	at org.junit.internal.runners.model.ReflectiveCallable.run(ReflectiveCallable.java:12)
	at org.junit.runners.model.FrameworkMethod.invokeExplosively(FrameworkMethod.java:44)
	at org.junit.internal.runners.statements.InvokeMethod.evaluate(InvokeMethod.java:17)
	at org.junit.internal.runners.statements.RunBefores.evaluate(RunBefores.java:26)
	at org.junit.internal.runners.statements.RunAfters.evaluate(RunAfters.java:27)
	at org.junit.runners.ParentRunner.runLeaf(ParentRunner.java:271)
	at org.junit.runners.BlockJUnit4ClassRunner.runChild(BlockJUnit4ClassRunner.java:70)
	at org.junit.runners.BlockJUnit4ClassRunner.runChild(BlockJUnit4ClassRunner.java:50)
	at org.junit.runners.ParentRunner$3.run(ParentRunner.java:238)
	at org.junit.runners.ParentRunner$1.schedule(ParentRunner.java:63)
	at org.junit.runners.ParentRunner.runChildren(ParentRunner.java:236)
	at org.junit.runners.ParentRunner.access$000(ParentRunner.java:53)
	at org.junit.runners.ParentRunner$2.evaluate(ParentRunner.java:229)
	at org.junit.runners.ParentRunner.run(ParentRunner.java:309)
	at org.apache.maven.surefire.junit4.JUnit4Provider.execute(JUnit4Provider.java:365)
	at org.apache.maven.surefire.junit4.JUnit4Provider.executeWithRerun(JUnit4Provider.java:273)
	at org.apache.maven.surefire.junit4.JUnit4Provider.executeTestSet(JUnit4Provider.java:238)
	at org.apache.maven.surefire.junit4.JUnit4Provider.invoke(JUnit4Provider.java:159)
	at org.apache.maven.surefire.booter.ForkedBooter.invokeProviderInSameClassLoader(ForkedBooter.java:384)
	at org.apache.maven.surefire.booter.ForkedBooter.runSuitesInProcess(ForkedBooter.java:345)
	at org.apache.maven.surefire.booter.ForkedBooter.execute(ForkedBooter.java:126)
	at org.apache.maven.surefire.booter.ForkedBooter.main(ForkedBooter.java:418)

Aug 23, 2019 2:45:22 AM org.apache.ratis.thirdparty.io.grpc.internal.ManagedChannelOrphanWrapper$ManagedChannelReference cleanQueue
SEVERE: *~*~*~ Channel ManagedChannelImpl{logId=3598, target=192.168.36.77:38469} was not shutdown properly!!! ~*~*~*
    Make sure to call shutdown()/shutdownNow() and wait until awaitTermination() returns true.
java.lang.RuntimeException: ManagedChannel allocation site
	at org.apache.ratis.thirdparty.io.grpc.internal.ManagedChannelOrphanWrapper$ManagedChannelReference.<init>(ManagedChannelOrphanWrapper.java:103)
	at org.apache.ratis.thirdparty.io.grpc.internal.ManagedChannelOrphanWrapper.<init>(ManagedChannelOrphanWrapper.java:53)
	at org.apache.ratis.thirdparty.io.grpc.internal.ManagedChannelOrphanWrapper.<init>(ManagedChannelOrphanWrapper.java:44)
	at org.apache.ratis.thirdparty.io.grpc.internal.AbstractManagedChannelImplBuilder.build(AbstractManagedChannelImplBuilder.java:411)
	at org.apache.hadoop.hdds.scm.XceiverClientGrpc.connectToDatanode(XceiverClientGrpc.java:174)
	at org.apache.hadoop.hdds.scm.XceiverClientGrpc.reconnect(XceiverClientGrpc.java:422)
	at org.apache.hadoop.hdds.scm.XceiverClientGrpc.sendCommandAsync(XceiverClientGrpc.java:371)
	at org.apache.hadoop.hdds.scm.XceiverClientGrpc.sendCommandWithRetry(XceiverClientGrpc.java:284)
	at org.apache.hadoop.hdds.scm.XceiverClientGrpc.sendCommandWithTraceIDAndRetry(XceiverClientGrpc.java:250)
	at org.apache.hadoop.hdds.scm.XceiverClientGrpc.sendCommand(XceiverClientGrpc.java:233)
	at org.apache.hadoop.hdds.scm.storage.ContainerProtocolCalls.getBlock(ContainerProtocolCalls.java:118)
	at org.apache.hadoop.hdds.scm.storage.BlockInputStream.getChunkInfos(BlockInputStream.java:167)
	at org.apache.hadoop.hdds.scm.storage.BlockInputStream.initialize(BlockInputStream.java:118)
	at org.apache.hadoop.hdds.scm.storage.BlockInputStream.read(BlockInputStream.java:222)
	at org.apache.hadoop.ozone.client.io.KeyInputStream.read(KeyInputStream.java:171)
	at org.apache.hadoop.ozone.client.io.OzoneInputStream.read(OzoneInputStream.java:47)
	at java.io.InputStream.read(InputStream.java:101)
	at org.apache.hadoop.ozone.container.ContainerTestHelper.validateData(ContainerTestHelper.java:713)
	at org.apache.hadoop.ozone.client.rpc.TestBlockOutputStreamWithFailures.validateData(TestBlockOutputStreamWithFailures.java:1216)
	at org.apache.hadoop.ozone.client.rpc.TestBlockOutputStreamWithFailures.testWatchForCommitWithCloseContainerException(TestBlockOutputStreamWithFailures.java:260)
	at sun.reflect.NativeMethodAccessorImpl.invoke0(Native Method)
	at sun.reflect.NativeMethodAccessorImpl.invoke(NativeMethodAccessorImpl.java:62)
	at sun.reflect.DelegatingMethodAccessorImpl.invoke(DelegatingMethodAccessorImpl.java:43)
	at java.lang.reflect.Method.invoke(Method.java:498)
	at org.junit.runners.model.FrameworkMethod$1.runReflectiveCall(FrameworkMethod.java:47)
	at org.junit.internal.runners.model.ReflectiveCallable.run(ReflectiveCallable.java:12)
	at org.junit.runners.model.FrameworkMethod.invokeExplosively(FrameworkMethod.java:44)
	at org.junit.internal.runners.statements.InvokeMethod.evaluate(InvokeMethod.java:17)
	at org.junit.internal.runners.statements.RunBefores.evaluate(RunBefores.java:26)
	at org.junit.internal.runners.statements.RunAfters.evaluate(RunAfters.java:27)
	at org.junit.runners.ParentRunner.runLeaf(ParentRunner.java:271)
	at org.junit.runners.BlockJUnit4ClassRunner.runChild(BlockJUnit4ClassRunner.java:70)
	at org.junit.runners.BlockJUnit4ClassRunner.runChild(BlockJUnit4ClassRunner.java:50)
	at org.junit.runners.ParentRunner$3.run(ParentRunner.java:238)
	at org.junit.runners.ParentRunner$1.schedule(ParentRunner.java:63)
	at org.junit.runners.ParentRunner.runChildren(ParentRunner.java:236)
	at org.junit.runners.ParentRunner.access$000(ParentRunner.java:53)
	at org.junit.runners.ParentRunner$2.evaluate(ParentRunner.java:229)
	at org.junit.runners.ParentRunner.run(ParentRunner.java:309)
	at org.apache.maven.surefire.junit4.JUnit4Provider.execute(JUnit4Provider.java:365)
	at org.apache.maven.surefire.junit4.JUnit4Provider.executeWithRerun(JUnit4Provider.java:273)
	at org.apache.maven.surefire.junit4.JUnit4Provider.executeTestSet(JUnit4Provider.java:238)
	at org.apache.maven.surefire.junit4.JUnit4Provider.invoke(JUnit4Provider.java:159)
	at org.apache.maven.surefire.booter.ForkedBooter.invokeProviderInSameClassLoader(ForkedBooter.java:384)
	at org.apache.maven.surefire.booter.ForkedBooter.runSuitesInProcess(ForkedBooter.java:345)
	at org.apache.maven.surefire.booter.ForkedBooter.execute(ForkedBooter.java:126)
	at org.apache.maven.surefire.booter.ForkedBooter.main(ForkedBooter.java:418)

Aug 23, 2019 2:45:22 AM org.apache.ratis.thirdparty.io.grpc.internal.ManagedChannelOrphanWrapper$ManagedChannelReference cleanQueue
SEVERE: *~*~*~ Channel ManagedChannelImpl{logId=3582, target=192.168.36.77:33657} was not shutdown properly!!! ~*~*~*
    Make sure to call shutdown()/shutdownNow() and wait until awaitTermination() returns true.
java.lang.RuntimeException: ManagedChannel allocation site
	at org.apache.ratis.thirdparty.io.grpc.internal.ManagedChannelOrphanWrapper$ManagedChannelReference.<init>(ManagedChannelOrphanWrapper.java:103)
	at org.apache.ratis.thirdparty.io.grpc.internal.ManagedChannelOrphanWrapper.<init>(ManagedChannelOrphanWrapper.java:53)
	at org.apache.ratis.thirdparty.io.grpc.internal.ManagedChannelOrphanWrapper.<init>(ManagedChannelOrphanWrapper.java:44)
	at org.apache.ratis.thirdparty.io.grpc.internal.AbstractManagedChannelImplBuilder.build(AbstractManagedChannelImplBuilder.java:411)
	at org.apache.ratis.grpc.client.GrpcClientProtocolClient.<init>(GrpcClientProtocolClient.java:119)
	at org.apache.ratis.grpc.client.GrpcClientRpc.lambda$new$0(GrpcClientRpc.java:55)
	at org.apache.ratis.util.PeerProxyMap$PeerAndProxy.lambda$getProxy$0(PeerProxyMap.java:61)
	at org.apache.ratis.util.LifeCycle.startAndTransition(LifeCycle.java:202)
	at org.apache.ratis.util.PeerProxyMap$PeerAndProxy.getProxy(PeerProxyMap.java:60)
	at org.apache.ratis.util.PeerProxyMap.getProxy(PeerProxyMap.java:107)
	at org.apache.ratis.grpc.client.GrpcClientRpc.sendRequestAsync(GrpcClientRpc.java:66)
	at org.apache.ratis.client.impl.OrderedAsync.sendRequest(OrderedAsync.java:208)
	at org.apache.ratis.client.impl.OrderedAsync.sendRequestWithRetry(OrderedAsync.java:169)
	at org.apache.ratis.util.SlidingWindow$Client.sendOrDelayRequest(SlidingWindow.java:278)
	at org.apache.ratis.util.SlidingWindow$Client.retry(SlidingWindow.java:294)
	at org.apache.ratis.client.impl.OrderedAsync.lambda$scheduleWithTimeout$7(OrderedAsync.java:195)
	at org.apache.ratis.util.TimeoutScheduler.lambda$onTimeout$0(TimeoutScheduler.java:85)
	at org.apache.ratis.util.TimeoutScheduler.lambda$onTimeout$1(TimeoutScheduler.java:104)
	at org.apache.ratis.util.LogUtils.runAndLog(LogUtils.java:50)
	at org.apache.ratis.util.LogUtils$1.run(LogUtils.java:91)
	at java.util.concurrent.Executors$RunnableAdapter.call(Executors.java:511)
	at java.util.concurrent.FutureTask.run(FutureTask.java:266)
	at java.util.concurrent.ScheduledThreadPoolExecutor$ScheduledFutureTask.access$201(ScheduledThreadPoolExecutor.java:180)
	at java.util.concurrent.ScheduledThreadPoolExecutor$ScheduledFutureTask.run(ScheduledThreadPoolExecutor.java:293)
	at java.util.concurrent.ThreadPoolExecutor.runWorker(ThreadPoolExecutor.java:1149)
	at java.util.concurrent.ThreadPoolExecutor$Worker.run(ThreadPoolExecutor.java:624)
	at java.lang.Thread.run(Thread.java:748)

Aug 23, 2019 2:45:22 AM org.apache.ratis.thirdparty.io.grpc.internal.ManagedChannelOrphanWrapper$ManagedChannelReference cleanQueue
SEVERE: *~*~*~ Channel ManagedChannelImpl{logId=3623, target=192.168.36.77:36583} was not shutdown properly!!! ~*~*~*
    Make sure to call shutdown()/shutdownNow() and wait until awaitTermination() returns true.
java.lang.RuntimeException: ManagedChannel allocation site
	at org.apache.ratis.thirdparty.io.grpc.internal.ManagedChannelOrphanWrapper$ManagedChannelReference.<init>(ManagedChannelOrphanWrapper.java:103)
	at org.apache.ratis.thirdparty.io.grpc.internal.ManagedChannelOrphanWrapper.<init>(ManagedChannelOrphanWrapper.java:53)
	at org.apache.ratis.thirdparty.io.grpc.internal.ManagedChannelOrphanWrapper.<init>(ManagedChannelOrphanWrapper.java:44)
	at org.apache.ratis.thirdparty.io.grpc.internal.AbstractManagedChannelImplBuilder.build(AbstractManagedChannelImplBuilder.java:411)
	at org.apache.hadoop.hdds.scm.XceiverClientGrpc.connectToDatanode(XceiverClientGrpc.java:174)
	at org.apache.hadoop.hdds.scm.XceiverClientGrpc.reconnect(XceiverClientGrpc.java:422)
	at org.apache.hadoop.hdds.scm.XceiverClientGrpc.sendCommandAsync(XceiverClientGrpc.java:371)
	at org.apache.hadoop.hdds.scm.XceiverClientGrpc.sendCommandWithRetry(XceiverClientGrpc.java:284)
	at org.apache.hadoop.hdds.scm.XceiverClientGrpc.sendCommandWithTraceIDAndRetry(XceiverClientGrpc.java:250)
	at org.apache.hadoop.hdds.scm.XceiverClientGrpc.sendCommand(XceiverClientGrpc.java:233)
	at org.apache.hadoop.hdds.scm.storage.ContainerProtocolCalls.readChunk(ContainerProtocolCalls.java:245)
	at org.apache.hadoop.hdds.scm.storage.ChunkInputStream.readChunk(ChunkInputStream.java:335)
	at org.apache.hadoop.hdds.scm.storage.ChunkInputStream.readChunkFromContainer(ChunkInputStream.java:307)
	at org.apache.hadoop.hdds.scm.storage.ChunkInputStream.prepareRead(ChunkInputStream.java:259)
	at org.apache.hadoop.hdds.scm.storage.ChunkInputStream.read(ChunkInputStream.java:144)
	at org.apache.hadoop.hdds.scm.storage.BlockInputStream.read(BlockInputStream.java:239)
	at org.apache.hadoop.ozone.client.io.KeyInputStream.read(KeyInputStream.java:171)
	at org.apache.hadoop.ozone.client.io.OzoneInputStream.read(OzoneInputStream.java:47)
	at java.io.InputStream.read(InputStream.java:101)
	at org.apache.hadoop.ozone.container.ContainerTestHelper.validateData(ContainerTestHelper.java:713)
	at org.apache.hadoop.ozone.client.rpc.TestBlockOutputStreamWithFailures.validateData(TestBlockOutputStreamWithFailures.java:1216)
	at org.apache.hadoop.ozone.client.rpc.TestBlockOutputStreamWithFailures.testWatchForCommitWithCloseContainerException(TestBlockOutputStreamWithFailures.java:260)
	at sun.reflect.NativeMethodAccessorImpl.invoke0(Native Method)
	at sun.reflect.NativeMethodAccessorImpl.invoke(NativeMethodAccessorImpl.java:62)
	at sun.reflect.DelegatingMethodAccessorImpl.invoke(DelegatingMethodAccessorImpl.java:43)
	at java.lang.reflect.Method.invoke(Method.java:498)
	at org.junit.runners.model.FrameworkMethod$1.runReflectiveCall(FrameworkMethod.java:47)
	at org.junit.internal.runners.model.ReflectiveCallable.run(ReflectiveCallable.java:12)
	at org.junit.runners.model.FrameworkMethod.invokeExplosively(FrameworkMethod.java:44)
	at org.junit.internal.runners.statements.InvokeMethod.evaluate(InvokeMethod.java:17)
	at org.junit.internal.runners.statements.RunBefores.evaluate(RunBefores.java:26)
	at org.junit.internal.runners.statements.RunAfters.evaluate(RunAfters.java:27)
	at org.junit.runners.ParentRunner.runLeaf(ParentRunner.java:271)
	at org.junit.runners.BlockJUnit4ClassRunner.runChild(BlockJUnit4ClassRunner.java:70)
	at org.junit.runners.BlockJUnit4ClassRunner.runChild(BlockJUnit4ClassRunner.java:50)
	at org.junit.runners.ParentRunner$3.run(ParentRunner.java:238)
	at org.junit.runners.ParentRunner$1.schedule(ParentRunner.java:63)
	at org.junit.runners.ParentRunner.runChildren(ParentRunner.java:236)
	at org.junit.runners.ParentRunner.access$000(ParentRunner.java:53)
	at org.junit.runners.ParentRunner$2.evaluate(ParentRunner.java:229)
	at org.junit.runners.ParentRunner.run(ParentRunner.java:309)
	at org.apache.maven.surefire.junit4.JUnit4Provider.execute(JUnit4Provider.java:365)
	at org.apache.maven.surefire.junit4.JUnit4Provider.executeWithRerun(JUnit4Provider.java:273)
	at org.apache.maven.surefire.junit4.JUnit4Provider.executeTestSet(JUnit4Provider.java:238)
	at org.apache.maven.surefire.junit4.JUnit4Provider.invoke(JUnit4Provider.java:159)
	at org.apache.maven.surefire.booter.ForkedBooter.invokeProviderInSameClassLoader(ForkedBooter.java:384)
	at org.apache.maven.surefire.booter.ForkedBooter.runSuitesInProcess(ForkedBooter.java:345)
	at org.apache.maven.surefire.booter.ForkedBooter.execute(ForkedBooter.java:126)
	at org.apache.maven.surefire.booter.ForkedBooter.main(ForkedBooter.java:418)

Aug 23, 2019 2:45:22 AM org.apache.ratis.thirdparty.io.grpc.internal.ManagedChannelOrphanWrapper$ManagedChannelReference cleanQueue
SEVERE: *~*~*~ Channel ManagedChannelImpl{logId=3593, target=192.168.36.77:33619} was not shutdown properly!!! ~*~*~*
    Make sure to call shutdown()/shutdownNow() and wait until awaitTermination() returns true.
java.lang.RuntimeException: ManagedChannel allocation site
	at org.apache.ratis.thirdparty.io.grpc.internal.ManagedChannelOrphanWrapper$ManagedChannelReference.<init>(ManagedChannelOrphanWrapper.java:103)
	at org.apache.ratis.thirdparty.io.grpc.internal.ManagedChannelOrphanWrapper.<init>(ManagedChannelOrphanWrapper.java:53)
	at org.apache.ratis.thirdparty.io.grpc.internal.ManagedChannelOrphanWrapper.<init>(ManagedChannelOrphanWrapper.java:44)
	at org.apache.ratis.thirdparty.io.grpc.internal.AbstractManagedChannelImplBuilder.build(AbstractManagedChannelImplBuilder.java:411)
	at org.apache.ratis.grpc.client.GrpcClientProtocolClient.<init>(GrpcClientProtocolClient.java:119)
	at org.apache.ratis.grpc.client.GrpcClientRpc.lambda$new$0(GrpcClientRpc.java:55)
	at org.apache.ratis.util.PeerProxyMap$PeerAndProxy.lambda$getProxy$0(PeerProxyMap.java:61)
	at org.apache.ratis.util.LifeCycle.startAndTransition(LifeCycle.java:202)
	at org.apache.ratis.util.PeerProxyMap$PeerAndProxy.getProxy(PeerProxyMap.java:60)
	at org.apache.ratis.util.PeerProxyMap.getProxy(PeerProxyMap.java:107)
	at org.apache.ratis.grpc.client.GrpcClientRpc.sendRequestAsync(GrpcClientRpc.java:66)
	at org.apache.ratis.client.impl.OrderedAsync.sendRequest(OrderedAsync.java:208)
	at org.apache.ratis.client.impl.OrderedAsync.sendRequestWithRetry(OrderedAsync.java:169)
	at org.apache.ratis.util.SlidingWindow$Client.sendOrDelayRequest(SlidingWindow.java:278)
	at org.apache.ratis.util.SlidingWindow$Client.retry(SlidingWindow.java:294)
	at org.apache.ratis.client.impl.OrderedAsync.lambda$scheduleWithTimeout$7(OrderedAsync.java:195)
	at org.apache.ratis.util.TimeoutScheduler.lambda$onTimeout$0(TimeoutScheduler.java:85)
	at org.apache.ratis.util.TimeoutScheduler.lambda$onTimeout$1(TimeoutScheduler.java:104)
	at org.apache.ratis.util.LogUtils.runAndLog(LogUtils.java:50)
	at org.apache.ratis.util.LogUtils$1.run(LogUtils.java:91)
	at java.util.concurrent.Executors$RunnableAdapter.call(Executors.java:511)
	at java.util.concurrent.FutureTask.run(FutureTask.java:266)
	at java.util.concurrent.ScheduledThreadPoolExecutor$ScheduledFutureTask.access$201(ScheduledThreadPoolExecutor.java:180)
	at java.util.concurrent.ScheduledThreadPoolExecutor$ScheduledFutureTask.run(ScheduledThreadPoolExecutor.java:293)
	at java.util.concurrent.ThreadPoolExecutor.runWorker(ThreadPoolExecutor.java:1149)
	at java.util.concurrent.ThreadPoolExecutor$Worker.run(ThreadPoolExecutor.java:624)
	at java.lang.Thread.run(Thread.java:748)

Aug 23, 2019 2:45:22 AM org.apache.ratis.thirdparty.io.grpc.internal.ManagedChannelOrphanWrapper$ManagedChannelReference cleanQueue
SEVERE: *~*~*~ Channel ManagedChannelImpl{logId=3603, target=192.168.36.77:42099} was not shutdown properly!!! ~*~*~*
    Make sure to call shutdown()/shutdownNow() and wait until awaitTermination() returns true.
java.lang.RuntimeException: ManagedChannel allocation site
	at org.apache.ratis.thirdparty.io.grpc.internal.ManagedChannelOrphanWrapper$ManagedChannelReference.<init>(ManagedChannelOrphanWrapper.java:103)
	at org.apache.ratis.thirdparty.io.grpc.internal.ManagedChannelOrphanWrapper.<init>(ManagedChannelOrphanWrapper.java:53)
	at org.apache.ratis.thirdparty.io.grpc.internal.ManagedChannelOrphanWrapper.<init>(ManagedChannelOrphanWrapper.java:44)
	at org.apache.ratis.thirdparty.io.grpc.internal.AbstractManagedChannelImplBuilder.build(AbstractManagedChannelImplBuilder.java:411)
	at org.apache.hadoop.hdds.scm.XceiverClientGrpc.connectToDatanode(XceiverClientGrpc.java:174)
	at org.apache.hadoop.hdds.scm.XceiverClientGrpc.reconnect(XceiverClientGrpc.java:422)
	at org.apache.hadoop.hdds.scm.XceiverClientGrpc.sendCommandAsync(XceiverClientGrpc.java:371)
	at org.apache.hadoop.hdds.scm.XceiverClientGrpc.sendCommandWithRetry(XceiverClientGrpc.java:284)
	at org.apache.hadoop.hdds.scm.XceiverClientGrpc.sendCommandWithTraceIDAndRetry(XceiverClientGrpc.java:250)
	at org.apache.hadoop.hdds.scm.XceiverClientGrpc.sendCommand(XceiverClientGrpc.java:233)
	at org.apache.hadoop.hdds.scm.storage.ContainerProtocolCalls.readChunk(ContainerProtocolCalls.java:245)
	at org.apache.hadoop.hdds.scm.storage.ChunkInputStream.readChunk(ChunkInputStream.java:335)
	at org.apache.hadoop.hdds.scm.storage.ChunkInputStream.readChunkFromContainer(ChunkInputStream.java:307)
	at org.apache.hadoop.hdds.scm.storage.ChunkInputStream.prepareRead(ChunkInputStream.java:259)
	at org.apache.hadoop.hdds.scm.storage.ChunkInputStream.read(ChunkInputStream.java:144)
	at org.apache.hadoop.hdds.scm.storage.BlockInputStream.read(BlockInputStream.java:239)
	at org.apache.hadoop.ozone.client.io.KeyInputStream.read(KeyInputStream.java:171)
	at org.apache.hadoop.ozone.client.io.OzoneInputStream.read(OzoneInputStream.java:47)
	at java.io.InputStream.read(InputStream.java:101)
	at org.apache.hadoop.ozone.container.ContainerTestHelper.validateData(ContainerTestHelper.java:713)
	at org.apache.hadoop.ozone.client.rpc.TestBlockOutputStreamWithFailures.validateData(TestBlockOutputStreamWithFailures.java:1216)
	at org.apache.hadoop.ozone.client.rpc.TestBlockOutputStreamWithFailures.testWatchForCommitWithCloseContainerException(TestBlockOutputStreamWithFailures.java:260)
	at sun.reflect.NativeMethodAccessorImpl.invoke0(Native Method)
	at sun.reflect.NativeMethodAccessorImpl.invoke(NativeMethodAccessorImpl.java:62)
	at sun.reflect.DelegatingMethodAccessorImpl.invoke(DelegatingMethodAccessorImpl.java:43)
	at java.lang.reflect.Method.invoke(Method.java:498)
	at org.junit.runners.model.FrameworkMethod$1.runReflectiveCall(FrameworkMethod.java:47)
	at org.junit.internal.runners.model.ReflectiveCallable.run(ReflectiveCallable.java:12)
	at org.junit.runners.model.FrameworkMethod.invokeExplosively(FrameworkMethod.java:44)
	at org.junit.internal.runners.statements.InvokeMethod.evaluate(InvokeMethod.java:17)
	at org.junit.internal.runners.statements.RunBefores.evaluate(RunBefores.java:26)
	at org.junit.internal.runners.statements.RunAfters.evaluate(RunAfters.java:27)
	at org.junit.runners.ParentRunner.runLeaf(ParentRunner.java:271)
	at org.junit.runners.BlockJUnit4ClassRunner.runChild(BlockJUnit4ClassRunner.java:70)
	at org.junit.runners.BlockJUnit4ClassRunner.runChild(BlockJUnit4ClassRunner.java:50)
	at org.junit.runners.ParentRunner$3.run(ParentRunner.java:238)
	at org.junit.runners.ParentRunner$1.schedule(ParentRunner.java:63)
	at org.junit.runners.ParentRunner.runChildren(ParentRunner.java:236)
	at org.junit.runners.ParentRunner.access$000(ParentRunner.java:53)
	at org.junit.runners.ParentRunner$2.evaluate(ParentRunner.java:229)
	at org.junit.runners.ParentRunner.run(ParentRunner.java:309)
	at org.apache.maven.surefire.junit4.JUnit4Provider.execute(JUnit4Provider.java:365)
	at org.apache.maven.surefire.junit4.JUnit4Provider.executeWithRerun(JUnit4Provider.java:273)
	at org.apache.maven.surefire.junit4.JUnit4Provider.executeTestSet(JUnit4Provider.java:238)
	at org.apache.maven.surefire.junit4.JUnit4Provider.invoke(JUnit4Provider.java:159)
	at org.apache.maven.surefire.booter.ForkedBooter.invokeProviderInSameClassLoader(ForkedBooter.java:384)
	at org.apache.maven.surefire.booter.ForkedBooter.runSuitesInProcess(ForkedBooter.java:345)
	at org.apache.maven.surefire.booter.ForkedBooter.execute(ForkedBooter.java:126)
	at org.apache.maven.surefire.booter.ForkedBooter.main(ForkedBooter.java:418)

Aug 23, 2019 2:45:22 AM org.apache.ratis.thirdparty.io.grpc.internal.ManagedChannelOrphanWrapper$ManagedChannelReference cleanQueue
SEVERE: *~*~*~ Channel ManagedChannelImpl{logId=3613, target=192.168.36.77:35518} was not shutdown properly!!! ~*~*~*
    Make sure to call shutdown()/shutdownNow() and wait until awaitTermination() returns true.
java.lang.RuntimeException: ManagedChannel allocation site
	at org.apache.ratis.thirdparty.io.grpc.internal.ManagedChannelOrphanWrapper$ManagedChannelReference.<init>(ManagedChannelOrphanWrapper.java:103)
	at org.apache.ratis.thirdparty.io.grpc.internal.ManagedChannelOrphanWrapper.<init>(ManagedChannelOrphanWrapper.java:53)
	at org.apache.ratis.thirdparty.io.grpc.internal.ManagedChannelOrphanWrapper.<init>(ManagedChannelOrphanWrapper.java:44)
	at org.apache.ratis.thirdparty.io.grpc.internal.AbstractManagedChannelImplBuilder.build(AbstractManagedChannelImplBuilder.java:411)
	at org.apache.hadoop.hdds.scm.XceiverClientGrpc.connectToDatanode(XceiverClientGrpc.java:174)
	at org.apache.hadoop.hdds.scm.XceiverClientGrpc.reconnect(XceiverClientGrpc.java:422)
	at org.apache.hadoop.hdds.scm.XceiverClientGrpc.sendCommandAsync(XceiverClientGrpc.java:371)
	at org.apache.hadoop.hdds.scm.XceiverClientGrpc.sendCommandWithRetry(XceiverClientGrpc.java:284)
	at org.apache.hadoop.hdds.scm.XceiverClientGrpc.sendCommandWithTraceIDAndRetry(XceiverClientGrpc.java:250)
	at org.apache.hadoop.hdds.scm.XceiverClientGrpc.sendCommand(XceiverClientGrpc.java:233)
	at org.apache.hadoop.hdds.scm.storage.ContainerProtocolCalls.getBlock(ContainerProtocolCalls.java:118)
	at org.apache.hadoop.hdds.scm.storage.BlockInputStream.getChunkInfos(BlockInputStream.java:167)
	at org.apache.hadoop.hdds.scm.storage.BlockInputStream.initialize(BlockInputStream.java:118)
	at org.apache.hadoop.hdds.scm.storage.BlockInputStream.read(BlockInputStream.java:222)
	at org.apache.hadoop.ozone.client.io.KeyInputStream.read(KeyInputStream.java:171)
	at org.apache.hadoop.ozone.client.io.OzoneInputStream.read(OzoneInputStream.java:47)
	at java.io.InputStream.read(InputStream.java:101)
	at org.apache.hadoop.ozone.container.ContainerTestHelper.validateData(ContainerTestHelper.java:713)
	at org.apache.hadoop.ozone.client.rpc.TestBlockOutputStreamWithFailures.validateData(TestBlockOutputStreamWithFailures.java:1216)
	at org.apache.hadoop.ozone.client.rpc.TestBlockOutputStreamWithFailures.testWatchForCommitWithCloseContainerException(TestBlockOutputStreamWithFailures.java:260)
	at sun.reflect.NativeMethodAccessorImpl.invoke0(Native Method)
	at sun.reflect.NativeMethodAccessorImpl.invoke(NativeMethodAccessorImpl.java:62)
	at sun.reflect.DelegatingMethodAccessorImpl.invoke(DelegatingMethodAccessorImpl.java:43)
	at java.lang.reflect.Method.invoke(Method.java:498)
	at org.junit.runners.model.FrameworkMethod$1.runReflectiveCall(FrameworkMethod.java:47)
	at org.junit.internal.runners.model.ReflectiveCallable.run(ReflectiveCallable.java:12)
	at org.junit.runners.model.FrameworkMethod.invokeExplosively(FrameworkMethod.java:44)
	at org.junit.internal.runners.statements.InvokeMethod.evaluate(InvokeMethod.java:17)
	at org.junit.internal.runners.statements.RunBefores.evaluate(RunBefores.java:26)
	at org.junit.internal.runners.statements.RunAfters.evaluate(RunAfters.java:27)
	at org.junit.runners.ParentRunner.runLeaf(ParentRunner.java:271)
	at org.junit.runners.BlockJUnit4ClassRunner.runChild(BlockJUnit4ClassRunner.java:70)
	at org.junit.runners.BlockJUnit4ClassRunner.runChild(BlockJUnit4ClassRunner.java:50)
	at org.junit.runners.ParentRunner$3.run(ParentRunner.java:238)
	at org.junit.runners.ParentRunner$1.schedule(ParentRunner.java:63)
	at org.junit.runners.ParentRunner.runChildren(ParentRunner.java:236)
	at org.junit.runners.ParentRunner.access$000(ParentRunner.java:53)
	at org.junit.runners.ParentRunner$2.evaluate(ParentRunner.java:229)
	at org.junit.runners.ParentRunner.run(ParentRunner.java:309)
	at org.apache.maven.surefire.junit4.JUnit4Provider.execute(JUnit4Provider.java:365)
	at org.apache.maven.surefire.junit4.JUnit4Provider.executeWithRerun(JUnit4Provider.java:273)
	at org.apache.maven.surefire.junit4.JUnit4Provider.executeTestSet(JUnit4Provider.java:238)
	at org.apache.maven.surefire.junit4.JUnit4Provider.invoke(JUnit4Provider.java:159)
	at org.apache.maven.surefire.booter.ForkedBooter.invokeProviderInSameClassLoader(ForkedBooter.java:384)
	at org.apache.maven.surefire.booter.ForkedBooter.runSuitesInProcess(ForkedBooter.java:345)
	at org.apache.maven.surefire.booter.ForkedBooter.execute(ForkedBooter.java:126)
	at org.apache.maven.surefire.booter.ForkedBooter.main(ForkedBooter.java:418)

]]></system-err>
  </testcase>
</testsuite>