<?xml version="1.0" encoding="UTF-8"?>
<testsuite xmlns:xsi="http://www.w3.org/2001/XMLSchema-instance" xsi:noNamespaceSchemaLocation="https://maven.apache.org/surefire/maven-surefire-plugin/xsd/surefire-test-report.xsd" name="org.apache.hadoop.ozone.client.rpc.TestOzoneClientRetriesOnException" time="395.512" tests="2" errors="1" skipped="0" failures="0">
  <properties>
    <property name="awt.toolkit" value="sun.awt.X11.XToolkit"/>
    <property name="file.encoding.pkg" value="sun.io"/>
    <property name="java.specification.version" value="1.8"/>
    <property name="sun.cpu.isalist" value=""/>
    <property name="sun.jnu.encoding" value="UTF-8"/>
    <property name="java.class.path" value="/workdir/hadoop-ozone/integration-test/target/test-classes:/workdir/hadoop-ozone/integration-test/target/classes:/home/user/.m2/repository/org/apache/hadoop/hadoop-ozone-common/0.5.0-SNAPSHOT/hadoop-ozone-common-0.5.0-SNAPSHOT.jar:/home/user/.m2/repository/org/apache/commons/commons-compress/1.4.1/commons-compress-1.4.1.jar:/home/user/.m2/repository/org/tukaani/xz/1.0/xz-1.0.jar:/home/user/.m2/repository/org/apache/hadoop/hadoop-common/3.2.0/hadoop-common-3.2.0.jar:/home/user/.m2/repository/org/apache/hadoop/hadoop-hdfs/3.2.0/hadoop-hdfs-3.2.0.jar:/home/user/.m2/repository/org/apache/hadoop/hadoop-hdfs-client/3.2.0/hadoop-hdfs-client-3.2.0.jar:/home/user/.m2/repository/com/fasterxml/jackson/core/jackson-annotations/2.9.5/jackson-annotations-2.9.5.jar:/home/user/.m2/repository/org/apache/hadoop/hadoop-hdds-common/0.5.0-SNAPSHOT/hadoop-hdds-common-0.5.0-SNAPSHOT.jar:/home/user/.m2/repository/javax/annotation/javax.annotation-api/1.2/javax.annotation-api-1.2.jar:/home/user/.m2/repository/org/apache/ratis/ratis-server/0.4.0-2337318-SNAPSHOT/ratis-server-0.4.0-2337318-SNAPSHOT.jar:/home/user/.m2/repository/org/apache/ratis/ratis-thirdparty-misc/0.2.0/ratis-thirdparty-misc-0.2.0.jar:/home/user/.m2/repository/org/apache/ratis/ratis-proto/0.4.0-2337318-SNAPSHOT/ratis-proto-0.4.0-2337318-SNAPSHOT.jar:/home/user/.m2/repository/org/apache/ratis/ratis-common/0.4.0-2337318-SNAPSHOT/ratis-common-0.4.0-2337318-SNAPSHOT.jar:/home/user/.m2/repository/org/apache/ratis/ratis-client/0.4.0-2337318-SNAPSHOT/ratis-client-0.4.0-2337318-SNAPSHOT.jar:/home/user/.m2/repository/org/apache/ratis/ratis-metrics/0.4.0-2337318-SNAPSHOT/ratis-metrics-0.4.0-2337318-SNAPSHOT.jar:/home/user/.m2/repository/org/apache/ratis/ratis-netty/0.4.0-2337318-SNAPSHOT/ratis-netty-0.4.0-2337318-SNAPSHOT.jar:/home/user/.m2/repository/org/apache/ratis/ratis-grpc/0.4.0-2337318-SNAPSHOT/ratis-grpc-0.4.0-2337318-SNAPSHOT.jar:/home/user/.m2/repository/org/rocksdb/rocksdbjni/6.0.1/rocksdbjni-6.0.1.jar:/home/user/.m2/repository/org/apache/logging/log4j/log4j-api/2.11.0/log4j-api-2.11.0.jar:/home/user/.m2/repository/org/apache/logging/log4j/log4j-core/2.11.0/log4j-core-2.11.0.jar:/home/user/.m2/repository/com/lmax/disruptor/3.4.2/disruptor-3.4.2.jar:/home/user/.m2/repository/org/apache/commons/commons-pool2/2.6.0/commons-pool2-2.6.0.jar:/home/user/.m2/repository/org/bouncycastle/bcpkix-jdk15on/1.60/bcpkix-jdk15on-1.60.jar:/home/user/.m2/repository/commons-validator/commons-validator/1.6/commons-validator-1.6.jar:/home/user/.m2/repository/commons-digester/commons-digester/1.8.1/commons-digester-1.8.1.jar:/home/user/.m2/repository/io/jaegertracing/jaeger-client/0.33.1/jaeger-client-0.33.1.jar:/home/user/.m2/repository/io/jaegertracing/jaeger-thrift/0.33.1/jaeger-thrift-0.33.1.jar:/home/user/.m2/repository/org/apache/thrift/libthrift/0.11.0/libthrift-0.11.0.jar:/home/user/.m2/repository/com/squareup/okhttp3/okhttp/3.9.0/okhttp-3.9.0.jar:/home/user/.m2/repository/com/squareup/okio/okio/1.13.0/okio-1.13.0.jar:/home/user/.m2/repository/io/jaegertracing/jaeger-core/0.33.1/jaeger-core-0.33.1.jar:/home/user/.m2/repository/io/jaegertracing/jaeger-tracerresolver/0.33.1/jaeger-tracerresolver-0.33.1.jar:/home/user/.m2/repository/io/opentracing/contrib/opentracing-tracerresolver/0.1.5/opentracing-tracerresolver-0.1.5.jar:/home/user/.m2/repository/io/opentracing/opentracing-util/0.31.0/opentracing-util-0.31.0.jar:/home/user/.m2/repository/io/opentracing/opentracing-api/0.31.0/opentracing-api-0.31.0.jar:/home/user/.m2/repository/io/opentracing/opentracing-noop/0.31.0/opentracing-noop-0.31.0.jar:/home/user/.m2/repository/org/apache/hadoop/hadoop-hdds-server-framework/0.5.0-SNAPSHOT/hadoop-hdds-server-framework-0.5.0-SNAPSHOT.jar:/home/user/.m2/repository/org/apache/hadoop/hadoop-hdds-container-service/0.5.0-SNAPSHOT/hadoop-hdds-container-service-0.5.0-SNAPSHOT.jar:/home/user/.m2/repository/org/apache/hadoop/hadoop-hdds-client/0.5.0-SNAPSHOT/hadoop-hdds-client-0.5.0-SNAPSHOT.jar:/home/user/.m2/repository/org/apache/hadoop/hadoop-hdds-tools/0.5.0-SNAPSHOT/hadoop-hdds-tools-0.5.0-SNAPSHOT.jar:/home/user/.m2/repository/org/apache/hadoop/hadoop-hdds-server-scm/0.5.0-SNAPSHOT/hadoop-hdds-server-scm-0.5.0-SNAPSHOT.jar:/home/user/.m2/repository/org/apache/hadoop/hadoop-hdds-docs/0.5.0-SNAPSHOT/hadoop-hdds-docs-0.5.0-SNAPSHOT.jar:/home/user/.m2/repository/io/dropwizard/metrics/metrics-core/3.2.4/metrics-core-3.2.4.jar:/home/user/.m2/repository/org/hamcrest/hamcrest-all/1.3/hamcrest-all-1.3.jar:/home/user/.m2/repository/org/bouncycastle/bcprov-jdk15on/1.60/bcprov-jdk15on-1.60.jar:/home/user/.m2/repository/info/picocli/picocli/3.9.6/picocli-3.9.6.jar:/home/user/.m2/repository/com/google/protobuf/protobuf-java/2.5.0/protobuf-java-2.5.0.jar:/home/user/.m2/repository/com/google/guava/guava/11.0.2/guava-11.0.2.jar:/home/user/.m2/repository/org/apache/hadoop/hadoop-ozone-ozone-manager/0.5.0-SNAPSHOT/hadoop-ozone-ozone-manager-0.5.0-SNAPSHOT.jar:/home/user/.m2/repository/org/apache/hadoop/hadoop-minikdc/3.2.0/hadoop-minikdc-3.2.0.jar:/home/user/.m2/repository/commons-io/commons-io/2.5/commons-io-2.5.jar:/home/user/.m2/repository/org/apache/kerby/kerb-simplekdc/1.0.1/kerb-simplekdc-1.0.1.jar:/home/user/.m2/repository/org/apache/kerby/kerb-client/1.0.1/kerb-client-1.0.1.jar:/home/user/.m2/repository/org/apache/kerby/kerby-config/1.0.1/kerby-config-1.0.1.jar:/home/user/.m2/repository/org/apache/kerby/kerb-core/1.0.1/kerb-core-1.0.1.jar:/home/user/.m2/repository/org/apache/kerby/kerby-pkix/1.0.1/kerby-pkix-1.0.1.jar:/home/user/.m2/repository/org/apache/kerby/kerby-asn1/1.0.1/kerby-asn1-1.0.1.jar:/home/user/.m2/repository/org/apache/kerby/kerby-util/1.0.1/kerby-util-1.0.1.jar:/home/user/.m2/repository/org/apache/kerby/kerb-common/1.0.1/kerb-common-1.0.1.jar:/home/user/.m2/repository/org/apache/kerby/kerb-crypto/1.0.1/kerb-crypto-1.0.1.jar:/home/user/.m2/repository/org/apache/kerby/kerb-util/1.0.1/kerb-util-1.0.1.jar:/home/user/.m2/repository/org/apache/kerby/token-provider/1.0.1/token-provider-1.0.1.jar:/home/user/.m2/repository/org/apache/kerby/kerb-admin/1.0.1/kerb-admin-1.0.1.jar:/home/user/.m2/repository/org/apache/kerby/kerb-server/1.0.1/kerb-server-1.0.1.jar:/home/user/.m2/repository/org/apache/kerby/kerb-identity/1.0.1/kerb-identity-1.0.1.jar:/home/user/.m2/repository/org/apache/kerby/kerby-xdr/1.0.1/kerby-xdr-1.0.1.jar:/home/user/.m2/repository/org/slf4j/slf4j-log4j12/1.7.25/slf4j-log4j12-1.7.25.jar:/home/user/.m2/repository/org/apache/hadoop/hadoop-ozone-objectstore-service/0.5.0-SNAPSHOT/hadoop-ozone-objectstore-service-0.5.0-SNAPSHOT.jar:/home/user/.m2/repository/org/apache/hadoop/hadoop-ozone-s3gateway/0.5.0-SNAPSHOT/hadoop-ozone-s3gateway-0.5.0-SNAPSHOT.jar:/home/user/.m2/repository/org/jboss/weld/servlet/weld-servlet/2.4.7.Final/weld-servlet-2.4.7.Final.jar:/home/user/.m2/repository/org/glassfish/jersey/containers/jersey-container-servlet-core/2.27/jersey-container-servlet-core-2.27.jar:/home/user/.m2/repository/org/glassfish/hk2/external/javax.inject/2.5.0-b42/javax.inject-2.5.0-b42.jar:/home/user/.m2/repository/org/glassfish/jersey/core/jersey-common/2.27/jersey-common-2.27.jar:/home/user/.m2/repository/org/glassfish/hk2/osgi-resource-locator/1.0.1/osgi-resource-locator-1.0.1.jar:/home/user/.m2/repository/javax/ws/rs/javax.ws.rs-api/2.1/javax.ws.rs-api-2.1.jar:/home/user/.m2/repository/org/glassfish/jersey/ext/cdi/jersey-cdi1x/2.27/jersey-cdi1x-2.27.jar:/home/user/.m2/repository/org/glassfish/jersey/inject/jersey-hk2/2.27/jersey-hk2-2.27.jar:/home/user/.m2/repository/org/glassfish/hk2/hk2-locator/2.5.0-b42/hk2-locator-2.5.0-b42.jar:/home/user/.m2/repository/org/javassist/javassist/3.22.0-CR2/javassist-3.22.0-CR2.jar:/home/user/.m2/repository/org/glassfish/hk2/hk2-api/2.5.0/hk2-api-2.5.0.jar:/home/user/.m2/repository/org/glassfish/hk2/external/jakarta.inject/2.5.0/jakarta.inject-2.5.0.jar:/home/user/.m2/repository/org/glassfish/hk2/hk2-utils/2.5.0/hk2-utils-2.5.0.jar:/home/user/.m2/repository/jakarta/annotation/jakarta.annotation-api/1.3.4/jakarta.annotation-api-1.3.4.jar:/home/user/.m2/repository/org/glassfish/hk2/external/aopalliance-repackaged/2.5.0/aopalliance-repackaged-2.5.0.jar:/home/user/.m2/repository/com/fasterxml/jackson/dataformat/jackson-dataformat-xml/2.9.0/jackson-dataformat-xml-2.9.0.jar:/home/user/.m2/repository/com/fasterxml/jackson/core/jackson-core/2.9.5/jackson-core-2.9.5.jar:/home/user/.m2/repository/com/fasterxml/jackson/module/jackson-module-jaxb-annotations/2.9.5/jackson-module-jaxb-annotations-2.9.5.jar:/home/user/.m2/repository/javax/enterprise/cdi-api/1.2/cdi-api-1.2.jar:/home/user/.m2/repository/javax/el/javax.el-api/3.0.0/javax.el-api-3.0.0.jar:/home/user/.m2/repository/javax/interceptor/javax.interceptor-api/1.2/javax.interceptor-api-1.2.jar:/home/user/.m2/repository/javax/inject/javax.inject/1/javax.inject-1.jar:/home/user/.m2/repository/com/sun/xml/bind/jaxb-impl/2.3.0.1/jaxb-impl-2.3.0.1.jar:/home/user/.m2/repository/com/sun/xml/bind/jaxb-core/2.3.0.1/jaxb-core-2.3.0.1.jar:/home/user/.m2/repository/javax/xml/bind/jaxb-api/2.3.0/jaxb-api-2.3.0.jar:/home/user/.m2/repository/javax/activation/activation/1.1.1/activation-1.1.1.jar:/home/user/.m2/repository/org/apache/hadoop/hadoop-ozone-csi/0.5.0-SNAPSHOT/hadoop-ozone-csi-0.5.0-SNAPSHOT.jar:/home/user/.m2/repository/com/google/protobuf/protobuf-java-util/3.5.1/protobuf-java-util-3.5.1.jar:/home/user/.m2/repository/org/apache/hadoop/hadoop-hdds-config/0.5.0-SNAPSHOT/hadoop-hdds-config-0.5.0-SNAPSHOT.jar:/home/user/.m2/repository/io/grpc/grpc-netty/1.17.1/grpc-netty-1.17.1.jar:/home/user/.m2/repository/io/grpc/grpc-core/1.17.1/grpc-core-1.17.1.jar:/home/user/.m2/repository/io/grpc/grpc-context/1.17.1/grpc-context-1.17.1.jar:/home/user/.m2/repository/com/google/errorprone/error_prone_annotations/2.2.0/error_prone_annotations-2.2.0.jar:/home/user/.m2/repository/org/codehaus/mojo/animal-sniffer-annotations/1.17/animal-sniffer-annotations-1.17.jar:/home/user/.m2/repository/io/opencensus/opencensus-api/0.17.0/opencensus-api-0.17.0.jar:/home/user/.m2/repository/io/opencensus/opencensus-contrib-grpc-metrics/0.17.0/opencensus-contrib-grpc-metrics-0.17.0.jar:/home/user/.m2/repository/io/netty/netty-codec-http2/4.1.30.Final/netty-codec-http2-4.1.30.Final.jar:/home/user/.m2/repository/io/netty/netty-codec-http/4.1.30.Final/netty-codec-http-4.1.30.Final.jar:/home/user/.m2/repository/io/netty/netty-codec/4.1.30.Final/netty-codec-4.1.30.Final.jar:/home/user/.m2/repository/io/netty/netty-handler/4.1.30.Final/netty-handler-4.1.30.Final.jar:/home/user/.m2/repository/io/netty/netty-handler-proxy/4.1.30.Final/netty-handler-proxy-4.1.30.Final.jar:/home/user/.m2/repository/io/netty/netty-codec-socks/4.1.30.Final/netty-codec-socks-4.1.30.Final.jar:/home/user/.m2/repository/io/netty/netty-transport-native-epoll/4.1.30.Final/netty-transport-native-epoll-4.1.30.Final.jar:/home/user/.m2/repository/io/netty/netty-common/4.1.30.Final/netty-common-4.1.30.Final.jar:/home/user/.m2/repository/io/netty/netty-buffer/4.1.30.Final/netty-buffer-4.1.30.Final.jar:/home/user/.m2/repository/io/netty/netty-transport/4.1.30.Final/netty-transport-4.1.30.Final.jar:/home/user/.m2/repository/io/netty/netty-resolver/4.1.30.Final/netty-resolver-4.1.30.Final.jar:/home/user/.m2/repository/io/netty/netty-transport-native-unix-common/4.1.30.Final/netty-transport-native-unix-common-4.1.30.Final.jar:/home/user/.m2/repository/io/grpc/grpc-protobuf/1.17.1/grpc-protobuf-1.17.1.jar:/home/user/.m2/repository/com/google/api/grpc/proto-google-common-protos/1.0.0/proto-google-common-protos-1.0.0.jar:/home/user/.m2/repository/io/grpc/grpc-protobuf-lite/1.17.1/grpc-protobuf-lite-1.17.1.jar:/home/user/.m2/repository/io/grpc/grpc-stub/1.17.1/grpc-stub-1.17.1.jar:/home/user/.m2/repository/org/apache/hadoop/hadoop-ozone-recon/0.5.0-SNAPSHOT/hadoop-ozone-recon-0.5.0-SNAPSHOT.jar:/home/user/.m2/repository/org/apache/hadoop/hadoop-ozone-reconcodegen/0.5.0-SNAPSHOT/hadoop-ozone-reconcodegen-0.5.0-SNAPSHOT.jar:/home/user/.m2/repository/com/google/inject/extensions/guice-multibindings/4.0/guice-multibindings-4.0.jar:/home/user/.m2/repository/com/google/inject/guice/4.0/guice-4.0.jar:/home/user/.m2/repository/aopalliance/aopalliance/1.0/aopalliance-1.0.jar:/home/user/.m2/repository/com/google/inject/extensions/guice-servlet/4.0/guice-servlet-4.0.jar:/home/user/.m2/repository/org/glassfish/jersey/containers/jersey-container-servlet/2.27/jersey-container-servlet-2.27.jar:/home/user/.m2/repository/org/glassfish/hk2/guice-bridge/2.5.0/guice-bridge-2.5.0.jar:/home/user/.m2/repository/org/glassfish/jersey/core/jersey-server/2.27/jersey-server-2.27.jar:/home/user/.m2/repository/org/glassfish/jersey/core/jersey-client/2.27/jersey-client-2.27.jar:/home/user/.m2/repository/org/glassfish/jersey/media/jersey-media-jaxb/2.27/jersey-media-jaxb-2.27.jar:/home/user/.m2/repository/javax/validation/validation-api/1.1.0.Final/validation-api-1.1.0.Final.jar:/home/user/.m2/repository/org/glassfish/jersey/media/jersey-media-json-jackson/2.27/jersey-media-json-jackson-2.27.jar:/home/user/.m2/repository/org/glassfish/jersey/ext/jersey-entity-filtering/2.27/jersey-entity-filtering-2.27.jar:/home/user/.m2/repository/com/google/inject/extensions/guice-assistedinject/4.0/guice-assistedinject-4.0.jar:/home/user/.m2/repository/org/jooq/jooq/3.11.10/jooq-3.11.10.jar:/home/user/.m2/repository/org/jooq/jooq-meta/3.11.10/jooq-meta-3.11.10.jar:/home/user/.m2/repository/org/jooq/jooq-codegen/3.11.10/jooq-codegen-3.11.10.jar:/home/user/.m2/repository/com/jolbox/bonecp/0.8.0.RELEASE/bonecp-0.8.0.RELEASE.jar:/home/user/.m2/repository/org/xerial/sqlite-jdbc/3.25.2/sqlite-jdbc-3.25.2.jar:/home/user/.m2/repository/org/springframework/spring-jdbc/5.1.3.RELEASE/spring-jdbc-5.1.3.RELEASE.jar:/home/user/.m2/repository/org/springframework/spring-beans/5.1.3.RELEASE/spring-beans-5.1.3.RELEASE.jar:/home/user/.m2/repository/org/springframework/spring-core/5.1.3.RELEASE/spring-core-5.1.3.RELEASE.jar:/home/user/.m2/repository/org/springframework/spring-jcl/5.1.3.RELEASE/spring-jcl-5.1.3.RELEASE.jar:/home/user/.m2/repository/org/springframework/spring-tx/5.1.3.RELEASE/spring-tx-5.1.3.RELEASE.jar:/home/user/.m2/repository/org/apache/hadoop/hadoop-ozone-client/0.5.0-SNAPSHOT/hadoop-ozone-client-0.5.0-SNAPSHOT.jar:/home/user/.m2/repository/commons-lang/commons-lang/2.6/commons-lang-2.6.jar:/home/user/.m2/repository/org/apache/hadoop/hadoop-ozone-ozone-manager/0.5.0-SNAPSHOT/hadoop-ozone-ozone-manager-0.5.0-SNAPSHOT-tests.jar:/home/user/.m2/repository/junit/junit/4.11/junit-4.11.jar:/home/user/.m2/repository/org/hamcrest/hamcrest-core/1.3/hamcrest-core-1.3.jar:/home/user/.m2/repository/org/openjdk/jmh/jmh-core/1.19/jmh-core-1.19.jar:/home/user/.m2/repository/net/sf/jopt-simple/jopt-simple/4.6/jopt-simple-4.6.jar:/home/user/.m2/repository/org/apache/commons/commons-math3/3.1.1/commons-math3-3.1.1.jar:/home/user/.m2/repository/org/openjdk/jmh/jmh-generator-annprocess/1.19/jmh-generator-annprocess-1.19.jar:/home/user/.m2/repository/org/mockito/mockito-all/1.8.5/mockito-all-1.8.5.jar:/home/user/.m2/repository/org/apache/hadoop/hadoop-kms/3.2.0/hadoop-kms-3.2.0.jar:/home/user/.m2/repository/org/apache/hadoop/hadoop-auth/3.2.0/hadoop-auth-3.2.0.jar:/home/user/.m2/repository/com/nimbusds/nimbus-jose-jwt/4.41.1/nimbus-jose-jwt-4.41.1.jar:/home/user/.m2/repository/com/github/stephenc/jcip/jcip-annotations/1.0-1/jcip-annotations-1.0-1.jar:/home/user/.m2/repository/net/minidev/json-smart/2.3/json-smart-2.3.jar:/home/user/.m2/repository/net/minidev/accessors-smart/1.2/accessors-smart-1.2.jar:/home/user/.m2/repository/org/ow2/asm/asm/5.0.4/asm-5.0.4.jar:/home/user/.m2/repository/org/apache/curator/curator-framework/2.12.0/curator-framework-2.12.0.jar:/home/user/.m2/repository/com/sun/jersey/jersey-core/1.19/jersey-core-1.19.jar:/home/user/.m2/repository/javax/ws/rs/jsr311-api/1.1.1/jsr311-api-1.1.1.jar:/home/user/.m2/repository/com/sun/jersey/jersey-server/1.19/jersey-server-1.19.jar:/home/user/.m2/repository/javax/servlet/javax.servlet-api/3.1.0/javax.servlet-api-3.1.0.jar:/home/user/.m2/repository/org/eclipse/jetty/jetty-server/9.3.24.v20180605/jetty-server-9.3.24.v20180605.jar:/home/user/.m2/repository/org/eclipse/jetty/jetty-http/9.3.24.v20180605/jetty-http-9.3.24.v20180605.jar:/home/user/.m2/repository/org/eclipse/jetty/jetty-io/9.3.24.v20180605/jetty-io-9.3.24.v20180605.jar:/home/user/.m2/repository/org/eclipse/jetty/jetty-webapp/9.3.24.v20180605/jetty-webapp-9.3.24.v20180605.jar:/home/user/.m2/repository/org/eclipse/jetty/jetty-xml/9.3.24.v20180605/jetty-xml-9.3.24.v20180605.jar:/home/user/.m2/repository/log4j/log4j/1.2.17/log4j-1.2.17.jar:/home/user/.m2/repository/org/slf4j/slf4j-api/1.7.25/slf4j-api-1.7.25.jar:/home/user/.m2/repository/org/slf4j/jul-to-slf4j/1.7.25/jul-to-slf4j-1.7.25.jar:/home/user/.m2/repository/org/eclipse/jetty/jetty-util/9.3.24.v20180605/jetty-util-9.3.24.v20180605.jar:/home/user/.m2/repository/com/fasterxml/jackson/core/jackson-databind/2.9.5/jackson-databind-2.9.5.jar:/home/user/.m2/repository/org/apache/hadoop/hadoop-kms/3.2.0/hadoop-kms-3.2.0-tests.jar:/home/user/.m2/repository/org/apache/hadoop/hadoop-hdds-server-scm/0.5.0-SNAPSHOT/hadoop-hdds-server-scm-0.5.0-SNAPSHOT-tests.jar:/home/user/.m2/repository/org/apache/hadoop/hadoop-hdds-container-service/0.5.0-SNAPSHOT/hadoop-hdds-container-service-0.5.0-SNAPSHOT-tests.jar:/home/user/.m2/repository/org/yaml/snakeyaml/1.16/snakeyaml-1.16.jar:/home/user/.m2/repository/org/apache/hadoop/hadoop-common/3.2.0/hadoop-common-3.2.0-tests.jar:/home/user/.m2/repository/org/apache/hadoop/hadoop-annotations/3.2.0/hadoop-annotations-3.2.0.jar:/usr/lib/jvm/java-1.8-openjdk/jre/../lib/tools.jar:/home/user/.m2/repository/commons-cli/commons-cli/1.2/commons-cli-1.2.jar:/home/user/.m2/repository/org/apache/httpcomponents/httpclient/4.5.2/httpclient-4.5.2.jar:/home/user/.m2/repository/org/apache/httpcomponents/httpcore/4.4.4/httpcore-4.4.4.jar:/home/user/.m2/repository/commons-codec/commons-codec/1.11/commons-codec-1.11.jar:/home/user/.m2/repository/commons-net/commons-net/3.6/commons-net-3.6.jar:/home/user/.m2/repository/commons-collections/commons-collections/3.2.2/commons-collections-3.2.2.jar:/home/user/.m2/repository/org/eclipse/jetty/jetty-servlet/9.3.24.v20180605/jetty-servlet-9.3.24.v20180605.jar:/home/user/.m2/repository/org/eclipse/jetty/jetty-security/9.3.24.v20180605/jetty-security-9.3.24.v20180605.jar:/home/user/.m2/repository/javax/servlet/jsp/jsp-api/2.1/jsp-api-2.1.jar:/home/user/.m2/repository/com/sun/jersey/jersey-servlet/1.19/jersey-servlet-1.19.jar:/home/user/.m2/repository/com/sun/jersey/jersey-json/1.19/jersey-json-1.19.jar:/home/user/.m2/repository/org/codehaus/jettison/jettison/1.1/jettison-1.1.jar:/home/user/.m2/repository/org/codehaus/jackson/jackson-core-asl/1.9.13/jackson-core-asl-1.9.13.jar:/home/user/.m2/repository/org/codehaus/jackson/jackson-mapper-asl/1.9.13/jackson-mapper-asl-1.9.13.jar:/home/user/.m2/repository/org/codehaus/jackson/jackson-jaxrs/1.9.13/jackson-jaxrs-1.9.13.jar:/home/user/.m2/repository/org/codehaus/jackson/jackson-xc/1.9.13/jackson-xc-1.9.13.jar:/home/user/.m2/repository/commons-logging/commons-logging/1.1.3/commons-logging-1.1.3.jar:/home/user/.m2/repository/commons-beanutils/commons-beanutils/1.9.3/commons-beanutils-1.9.3.jar:/home/user/.m2/repository/org/apache/commons/commons-configuration2/2.1.1/commons-configuration2-2.1.1.jar:/home/user/.m2/repository/org/apache/commons/commons-lang3/3.7/commons-lang3-3.7.jar:/home/user/.m2/repository/org/apache/commons/commons-text/1.4/commons-text-1.4.jar:/home/user/.m2/repository/org/apache/avro/avro/1.7.7/avro-1.7.7.jar:/home/user/.m2/repository/com/thoughtworks/paranamer/paranamer/2.3/paranamer-2.3.jar:/home/user/.m2/repository/org/xerial/snappy/snappy-java/1.0.5/snappy-java-1.0.5.jar:/home/user/.m2/repository/com/google/re2j/re2j/1.1/re2j-1.1.jar:/home/user/.m2/repository/com/google/code/gson/gson/2.2.4/gson-2.2.4.jar:/home/user/.m2/repository/com/jcraft/jsch/0.1.54/jsch-0.1.54.jar:/home/user/.m2/repository/org/apache/curator/curator-client/2.12.0/curator-client-2.12.0.jar:/home/user/.m2/repository/org/apache/curator/curator-recipes/2.12.0/curator-recipes-2.12.0.jar:/home/user/.m2/repository/com/google/code/findbugs/jsr305/3.0.0/jsr305-3.0.0.jar:/home/user/.m2/repository/org/apache/htrace/htrace-core4/4.1.0-incubating/htrace-core4-4.1.0-incubating.jar:/home/user/.m2/repository/org/apache/zookeeper/zookeeper/3.4.13/zookeeper-3.4.13.jar:/home/user/.m2/repository/org/apache/yetus/audience-annotations/0.5.0/audience-annotations-0.5.0.jar:/home/user/.m2/repository/org/codehaus/woodstox/stax2-api/3.1.4/stax2-api-3.1.4.jar:/home/user/.m2/repository/com/fasterxml/woodstox/woodstox-core/5.0.3/woodstox-core-5.0.3.jar:/home/user/.m2/repository/dnsjava/dnsjava/2.1.7/dnsjava-2.1.7.jar:/home/user/.m2/repository/org/apache/hadoop/hadoop-hdfs/3.2.0/hadoop-hdfs-3.2.0-tests.jar:/home/user/.m2/repository/org/eclipse/jetty/jetty-util-ajax/9.3.24.v20180605/jetty-util-ajax-9.3.24.v20180605.jar:/home/user/.m2/repository/commons-daemon/commons-daemon/1.0.13/commons-daemon-1.0.13.jar:/home/user/.m2/repository/io/netty/netty/3.10.5.Final/netty-3.10.5.Final.jar:/home/user/.m2/repository/io/netty/netty-all/4.0.52.Final/netty-all-4.0.52.Final.jar:/home/user/.m2/repository/org/fusesource/leveldbjni/leveldbjni-all/1.8/leveldbjni-all-1.8.jar:"/>
    <property name="java.vm.vendor" value="IcedTea"/>
    <property name="sun.arch.data.model" value="64"/>
    <property name="test.build.dir" value="/workdir/hadoop-ozone/integration-test/target/test-dir"/>
    <property name="test.cache.data" value=""/>
    <property name="java.vendor.url" value="https://icedtea.classpath.org"/>
    <property name="user.timezone" value=""/>
    <property name="java.vm.specification.version" value="1.8"/>
    <property name="os.name" value="Linux"/>
    <property name="test.build.data" value="/workdir/hadoop-ozone/integration-test/target/test-dir"/>
    <property name="user.country" value="US"/>
    <property name="sun.java.launcher" value="SUN_STANDARD"/>
    <property name="sun.boot.library.path" value="/usr/lib/jvm/java-1.8-openjdk/jre/lib/amd64"/>
    <property name="sun.java.command" value="/workdir/hadoop-ozone/integration-test/target/surefire/surefirebooter4590278882314058425.jar /workdir/hadoop-ozone/integration-test/target/surefire 2019-09-05T02-27-47_361-jvmRun1 surefire637874926304178525tmp surefire_636597427232382606158tmp"/>
    <property name="test" value="!TestMiniChaosOzoneCluster"/>
    <property name="surefire.test.class.path" value="/workdir/hadoop-ozone/integration-test/target/test-classes:/workdir/hadoop-ozone/integration-test/target/classes:/home/user/.m2/repository/org/apache/hadoop/hadoop-ozone-common/0.5.0-SNAPSHOT/hadoop-ozone-common-0.5.0-SNAPSHOT.jar:/home/user/.m2/repository/org/apache/commons/commons-compress/1.4.1/commons-compress-1.4.1.jar:/home/user/.m2/repository/org/tukaani/xz/1.0/xz-1.0.jar:/home/user/.m2/repository/org/apache/hadoop/hadoop-common/3.2.0/hadoop-common-3.2.0.jar:/home/user/.m2/repository/org/apache/hadoop/hadoop-hdfs/3.2.0/hadoop-hdfs-3.2.0.jar:/home/user/.m2/repository/org/apache/hadoop/hadoop-hdfs-client/3.2.0/hadoop-hdfs-client-3.2.0.jar:/home/user/.m2/repository/com/fasterxml/jackson/core/jackson-annotations/2.9.5/jackson-annotations-2.9.5.jar:/home/user/.m2/repository/org/apache/hadoop/hadoop-hdds-common/0.5.0-SNAPSHOT/hadoop-hdds-common-0.5.0-SNAPSHOT.jar:/home/user/.m2/repository/javax/annotation/javax.annotation-api/1.2/javax.annotation-api-1.2.jar:/home/user/.m2/repository/org/apache/ratis/ratis-server/0.4.0-2337318-SNAPSHOT/ratis-server-0.4.0-2337318-SNAPSHOT.jar:/home/user/.m2/repository/org/apache/ratis/ratis-thirdparty-misc/0.2.0/ratis-thirdparty-misc-0.2.0.jar:/home/user/.m2/repository/org/apache/ratis/ratis-proto/0.4.0-2337318-SNAPSHOT/ratis-proto-0.4.0-2337318-SNAPSHOT.jar:/home/user/.m2/repository/org/apache/ratis/ratis-common/0.4.0-2337318-SNAPSHOT/ratis-common-0.4.0-2337318-SNAPSHOT.jar:/home/user/.m2/repository/org/apache/ratis/ratis-client/0.4.0-2337318-SNAPSHOT/ratis-client-0.4.0-2337318-SNAPSHOT.jar:/home/user/.m2/repository/org/apache/ratis/ratis-metrics/0.4.0-2337318-SNAPSHOT/ratis-metrics-0.4.0-2337318-SNAPSHOT.jar:/home/user/.m2/repository/org/apache/ratis/ratis-netty/0.4.0-2337318-SNAPSHOT/ratis-netty-0.4.0-2337318-SNAPSHOT.jar:/home/user/.m2/repository/org/apache/ratis/ratis-grpc/0.4.0-2337318-SNAPSHOT/ratis-grpc-0.4.0-2337318-SNAPSHOT.jar:/home/user/.m2/repository/org/rocksdb/rocksdbjni/6.0.1/rocksdbjni-6.0.1.jar:/home/user/.m2/repository/org/apache/logging/log4j/log4j-api/2.11.0/log4j-api-2.11.0.jar:/home/user/.m2/repository/org/apache/logging/log4j/log4j-core/2.11.0/log4j-core-2.11.0.jar:/home/user/.m2/repository/com/lmax/disruptor/3.4.2/disruptor-3.4.2.jar:/home/user/.m2/repository/org/apache/commons/commons-pool2/2.6.0/commons-pool2-2.6.0.jar:/home/user/.m2/repository/org/bouncycastle/bcpkix-jdk15on/1.60/bcpkix-jdk15on-1.60.jar:/home/user/.m2/repository/commons-validator/commons-validator/1.6/commons-validator-1.6.jar:/home/user/.m2/repository/commons-digester/commons-digester/1.8.1/commons-digester-1.8.1.jar:/home/user/.m2/repository/io/jaegertracing/jaeger-client/0.33.1/jaeger-client-0.33.1.jar:/home/user/.m2/repository/io/jaegertracing/jaeger-thrift/0.33.1/jaeger-thrift-0.33.1.jar:/home/user/.m2/repository/org/apache/thrift/libthrift/0.11.0/libthrift-0.11.0.jar:/home/user/.m2/repository/com/squareup/okhttp3/okhttp/3.9.0/okhttp-3.9.0.jar:/home/user/.m2/repository/com/squareup/okio/okio/1.13.0/okio-1.13.0.jar:/home/user/.m2/repository/io/jaegertracing/jaeger-core/0.33.1/jaeger-core-0.33.1.jar:/home/user/.m2/repository/io/jaegertracing/jaeger-tracerresolver/0.33.1/jaeger-tracerresolver-0.33.1.jar:/home/user/.m2/repository/io/opentracing/contrib/opentracing-tracerresolver/0.1.5/opentracing-tracerresolver-0.1.5.jar:/home/user/.m2/repository/io/opentracing/opentracing-util/0.31.0/opentracing-util-0.31.0.jar:/home/user/.m2/repository/io/opentracing/opentracing-api/0.31.0/opentracing-api-0.31.0.jar:/home/user/.m2/repository/io/opentracing/opentracing-noop/0.31.0/opentracing-noop-0.31.0.jar:/home/user/.m2/repository/org/apache/hadoop/hadoop-hdds-server-framework/0.5.0-SNAPSHOT/hadoop-hdds-server-framework-0.5.0-SNAPSHOT.jar:/home/user/.m2/repository/org/apache/hadoop/hadoop-hdds-container-service/0.5.0-SNAPSHOT/hadoop-hdds-container-service-0.5.0-SNAPSHOT.jar:/home/user/.m2/repository/org/apache/hadoop/hadoop-hdds-client/0.5.0-SNAPSHOT/hadoop-hdds-client-0.5.0-SNAPSHOT.jar:/home/user/.m2/repository/org/apache/hadoop/hadoop-hdds-tools/0.5.0-SNAPSHOT/hadoop-hdds-tools-0.5.0-SNAPSHOT.jar:/home/user/.m2/repository/org/apache/hadoop/hadoop-hdds-server-scm/0.5.0-SNAPSHOT/hadoop-hdds-server-scm-0.5.0-SNAPSHOT.jar:/home/user/.m2/repository/org/apache/hadoop/hadoop-hdds-docs/0.5.0-SNAPSHOT/hadoop-hdds-docs-0.5.0-SNAPSHOT.jar:/home/user/.m2/repository/io/dropwizard/metrics/metrics-core/3.2.4/metrics-core-3.2.4.jar:/home/user/.m2/repository/org/hamcrest/hamcrest-all/1.3/hamcrest-all-1.3.jar:/home/user/.m2/repository/org/bouncycastle/bcprov-jdk15on/1.60/bcprov-jdk15on-1.60.jar:/home/user/.m2/repository/info/picocli/picocli/3.9.6/picocli-3.9.6.jar:/home/user/.m2/repository/com/google/protobuf/protobuf-java/2.5.0/protobuf-java-2.5.0.jar:/home/user/.m2/repository/com/google/guava/guava/11.0.2/guava-11.0.2.jar:/home/user/.m2/repository/org/apache/hadoop/hadoop-ozone-ozone-manager/0.5.0-SNAPSHOT/hadoop-ozone-ozone-manager-0.5.0-SNAPSHOT.jar:/home/user/.m2/repository/org/apache/hadoop/hadoop-minikdc/3.2.0/hadoop-minikdc-3.2.0.jar:/home/user/.m2/repository/commons-io/commons-io/2.5/commons-io-2.5.jar:/home/user/.m2/repository/org/apache/kerby/kerb-simplekdc/1.0.1/kerb-simplekdc-1.0.1.jar:/home/user/.m2/repository/org/apache/kerby/kerb-client/1.0.1/kerb-client-1.0.1.jar:/home/user/.m2/repository/org/apache/kerby/kerby-config/1.0.1/kerby-config-1.0.1.jar:/home/user/.m2/repository/org/apache/kerby/kerb-core/1.0.1/kerb-core-1.0.1.jar:/home/user/.m2/repository/org/apache/kerby/kerby-pkix/1.0.1/kerby-pkix-1.0.1.jar:/home/user/.m2/repository/org/apache/kerby/kerby-asn1/1.0.1/kerby-asn1-1.0.1.jar:/home/user/.m2/repository/org/apache/kerby/kerby-util/1.0.1/kerby-util-1.0.1.jar:/home/user/.m2/repository/org/apache/kerby/kerb-common/1.0.1/kerb-common-1.0.1.jar:/home/user/.m2/repository/org/apache/kerby/kerb-crypto/1.0.1/kerb-crypto-1.0.1.jar:/home/user/.m2/repository/org/apache/kerby/kerb-util/1.0.1/kerb-util-1.0.1.jar:/home/user/.m2/repository/org/apache/kerby/token-provider/1.0.1/token-provider-1.0.1.jar:/home/user/.m2/repository/org/apache/kerby/kerb-admin/1.0.1/kerb-admin-1.0.1.jar:/home/user/.m2/repository/org/apache/kerby/kerb-server/1.0.1/kerb-server-1.0.1.jar:/home/user/.m2/repository/org/apache/kerby/kerb-identity/1.0.1/kerb-identity-1.0.1.jar:/home/user/.m2/repository/org/apache/kerby/kerby-xdr/1.0.1/kerby-xdr-1.0.1.jar:/home/user/.m2/repository/org/slf4j/slf4j-log4j12/1.7.25/slf4j-log4j12-1.7.25.jar:/home/user/.m2/repository/org/apache/hadoop/hadoop-ozone-objectstore-service/0.5.0-SNAPSHOT/hadoop-ozone-objectstore-service-0.5.0-SNAPSHOT.jar:/home/user/.m2/repository/org/apache/hadoop/hadoop-ozone-s3gateway/0.5.0-SNAPSHOT/hadoop-ozone-s3gateway-0.5.0-SNAPSHOT.jar:/home/user/.m2/repository/org/jboss/weld/servlet/weld-servlet/2.4.7.Final/weld-servlet-2.4.7.Final.jar:/home/user/.m2/repository/org/glassfish/jersey/containers/jersey-container-servlet-core/2.27/jersey-container-servlet-core-2.27.jar:/home/user/.m2/repository/org/glassfish/hk2/external/javax.inject/2.5.0-b42/javax.inject-2.5.0-b42.jar:/home/user/.m2/repository/org/glassfish/jersey/core/jersey-common/2.27/jersey-common-2.27.jar:/home/user/.m2/repository/org/glassfish/hk2/osgi-resource-locator/1.0.1/osgi-resource-locator-1.0.1.jar:/home/user/.m2/repository/javax/ws/rs/javax.ws.rs-api/2.1/javax.ws.rs-api-2.1.jar:/home/user/.m2/repository/org/glassfish/jersey/ext/cdi/jersey-cdi1x/2.27/jersey-cdi1x-2.27.jar:/home/user/.m2/repository/org/glassfish/jersey/inject/jersey-hk2/2.27/jersey-hk2-2.27.jar:/home/user/.m2/repository/org/glassfish/hk2/hk2-locator/2.5.0-b42/hk2-locator-2.5.0-b42.jar:/home/user/.m2/repository/org/javassist/javassist/3.22.0-CR2/javassist-3.22.0-CR2.jar:/home/user/.m2/repository/org/glassfish/hk2/hk2-api/2.5.0/hk2-api-2.5.0.jar:/home/user/.m2/repository/org/glassfish/hk2/external/jakarta.inject/2.5.0/jakarta.inject-2.5.0.jar:/home/user/.m2/repository/org/glassfish/hk2/hk2-utils/2.5.0/hk2-utils-2.5.0.jar:/home/user/.m2/repository/jakarta/annotation/jakarta.annotation-api/1.3.4/jakarta.annotation-api-1.3.4.jar:/home/user/.m2/repository/org/glassfish/hk2/external/aopalliance-repackaged/2.5.0/aopalliance-repackaged-2.5.0.jar:/home/user/.m2/repository/com/fasterxml/jackson/dataformat/jackson-dataformat-xml/2.9.0/jackson-dataformat-xml-2.9.0.jar:/home/user/.m2/repository/com/fasterxml/jackson/core/jackson-core/2.9.5/jackson-core-2.9.5.jar:/home/user/.m2/repository/com/fasterxml/jackson/module/jackson-module-jaxb-annotations/2.9.5/jackson-module-jaxb-annotations-2.9.5.jar:/home/user/.m2/repository/javax/enterprise/cdi-api/1.2/cdi-api-1.2.jar:/home/user/.m2/repository/javax/el/javax.el-api/3.0.0/javax.el-api-3.0.0.jar:/home/user/.m2/repository/javax/interceptor/javax.interceptor-api/1.2/javax.interceptor-api-1.2.jar:/home/user/.m2/repository/javax/inject/javax.inject/1/javax.inject-1.jar:/home/user/.m2/repository/com/sun/xml/bind/jaxb-impl/2.3.0.1/jaxb-impl-2.3.0.1.jar:/home/user/.m2/repository/com/sun/xml/bind/jaxb-core/2.3.0.1/jaxb-core-2.3.0.1.jar:/home/user/.m2/repository/javax/xml/bind/jaxb-api/2.3.0/jaxb-api-2.3.0.jar:/home/user/.m2/repository/javax/activation/activation/1.1.1/activation-1.1.1.jar:/home/user/.m2/repository/org/apache/hadoop/hadoop-ozone-csi/0.5.0-SNAPSHOT/hadoop-ozone-csi-0.5.0-SNAPSHOT.jar:/home/user/.m2/repository/com/google/protobuf/protobuf-java-util/3.5.1/protobuf-java-util-3.5.1.jar:/home/user/.m2/repository/org/apache/hadoop/hadoop-hdds-config/0.5.0-SNAPSHOT/hadoop-hdds-config-0.5.0-SNAPSHOT.jar:/home/user/.m2/repository/io/grpc/grpc-netty/1.17.1/grpc-netty-1.17.1.jar:/home/user/.m2/repository/io/grpc/grpc-core/1.17.1/grpc-core-1.17.1.jar:/home/user/.m2/repository/io/grpc/grpc-context/1.17.1/grpc-context-1.17.1.jar:/home/user/.m2/repository/com/google/errorprone/error_prone_annotations/2.2.0/error_prone_annotations-2.2.0.jar:/home/user/.m2/repository/org/codehaus/mojo/animal-sniffer-annotations/1.17/animal-sniffer-annotations-1.17.jar:/home/user/.m2/repository/io/opencensus/opencensus-api/0.17.0/opencensus-api-0.17.0.jar:/home/user/.m2/repository/io/opencensus/opencensus-contrib-grpc-metrics/0.17.0/opencensus-contrib-grpc-metrics-0.17.0.jar:/home/user/.m2/repository/io/netty/netty-codec-http2/4.1.30.Final/netty-codec-http2-4.1.30.Final.jar:/home/user/.m2/repository/io/netty/netty-codec-http/4.1.30.Final/netty-codec-http-4.1.30.Final.jar:/home/user/.m2/repository/io/netty/netty-codec/4.1.30.Final/netty-codec-4.1.30.Final.jar:/home/user/.m2/repository/io/netty/netty-handler/4.1.30.Final/netty-handler-4.1.30.Final.jar:/home/user/.m2/repository/io/netty/netty-handler-proxy/4.1.30.Final/netty-handler-proxy-4.1.30.Final.jar:/home/user/.m2/repository/io/netty/netty-codec-socks/4.1.30.Final/netty-codec-socks-4.1.30.Final.jar:/home/user/.m2/repository/io/netty/netty-transport-native-epoll/4.1.30.Final/netty-transport-native-epoll-4.1.30.Final.jar:/home/user/.m2/repository/io/netty/netty-common/4.1.30.Final/netty-common-4.1.30.Final.jar:/home/user/.m2/repository/io/netty/netty-buffer/4.1.30.Final/netty-buffer-4.1.30.Final.jar:/home/user/.m2/repository/io/netty/netty-transport/4.1.30.Final/netty-transport-4.1.30.Final.jar:/home/user/.m2/repository/io/netty/netty-resolver/4.1.30.Final/netty-resolver-4.1.30.Final.jar:/home/user/.m2/repository/io/netty/netty-transport-native-unix-common/4.1.30.Final/netty-transport-native-unix-common-4.1.30.Final.jar:/home/user/.m2/repository/io/grpc/grpc-protobuf/1.17.1/grpc-protobuf-1.17.1.jar:/home/user/.m2/repository/com/google/api/grpc/proto-google-common-protos/1.0.0/proto-google-common-protos-1.0.0.jar:/home/user/.m2/repository/io/grpc/grpc-protobuf-lite/1.17.1/grpc-protobuf-lite-1.17.1.jar:/home/user/.m2/repository/io/grpc/grpc-stub/1.17.1/grpc-stub-1.17.1.jar:/home/user/.m2/repository/org/apache/hadoop/hadoop-ozone-recon/0.5.0-SNAPSHOT/hadoop-ozone-recon-0.5.0-SNAPSHOT.jar:/home/user/.m2/repository/org/apache/hadoop/hadoop-ozone-reconcodegen/0.5.0-SNAPSHOT/hadoop-ozone-reconcodegen-0.5.0-SNAPSHOT.jar:/home/user/.m2/repository/com/google/inject/extensions/guice-multibindings/4.0/guice-multibindings-4.0.jar:/home/user/.m2/repository/com/google/inject/guice/4.0/guice-4.0.jar:/home/user/.m2/repository/aopalliance/aopalliance/1.0/aopalliance-1.0.jar:/home/user/.m2/repository/com/google/inject/extensions/guice-servlet/4.0/guice-servlet-4.0.jar:/home/user/.m2/repository/org/glassfish/jersey/containers/jersey-container-servlet/2.27/jersey-container-servlet-2.27.jar:/home/user/.m2/repository/org/glassfish/hk2/guice-bridge/2.5.0/guice-bridge-2.5.0.jar:/home/user/.m2/repository/org/glassfish/jersey/core/jersey-server/2.27/jersey-server-2.27.jar:/home/user/.m2/repository/org/glassfish/jersey/core/jersey-client/2.27/jersey-client-2.27.jar:/home/user/.m2/repository/org/glassfish/jersey/media/jersey-media-jaxb/2.27/jersey-media-jaxb-2.27.jar:/home/user/.m2/repository/javax/validation/validation-api/1.1.0.Final/validation-api-1.1.0.Final.jar:/home/user/.m2/repository/org/glassfish/jersey/media/jersey-media-json-jackson/2.27/jersey-media-json-jackson-2.27.jar:/home/user/.m2/repository/org/glassfish/jersey/ext/jersey-entity-filtering/2.27/jersey-entity-filtering-2.27.jar:/home/user/.m2/repository/com/google/inject/extensions/guice-assistedinject/4.0/guice-assistedinject-4.0.jar:/home/user/.m2/repository/org/jooq/jooq/3.11.10/jooq-3.11.10.jar:/home/user/.m2/repository/org/jooq/jooq-meta/3.11.10/jooq-meta-3.11.10.jar:/home/user/.m2/repository/org/jooq/jooq-codegen/3.11.10/jooq-codegen-3.11.10.jar:/home/user/.m2/repository/com/jolbox/bonecp/0.8.0.RELEASE/bonecp-0.8.0.RELEASE.jar:/home/user/.m2/repository/org/xerial/sqlite-jdbc/3.25.2/sqlite-jdbc-3.25.2.jar:/home/user/.m2/repository/org/springframework/spring-jdbc/5.1.3.RELEASE/spring-jdbc-5.1.3.RELEASE.jar:/home/user/.m2/repository/org/springframework/spring-beans/5.1.3.RELEASE/spring-beans-5.1.3.RELEASE.jar:/home/user/.m2/repository/org/springframework/spring-core/5.1.3.RELEASE/spring-core-5.1.3.RELEASE.jar:/home/user/.m2/repository/org/springframework/spring-jcl/5.1.3.RELEASE/spring-jcl-5.1.3.RELEASE.jar:/home/user/.m2/repository/org/springframework/spring-tx/5.1.3.RELEASE/spring-tx-5.1.3.RELEASE.jar:/home/user/.m2/repository/org/apache/hadoop/hadoop-ozone-client/0.5.0-SNAPSHOT/hadoop-ozone-client-0.5.0-SNAPSHOT.jar:/home/user/.m2/repository/commons-lang/commons-lang/2.6/commons-lang-2.6.jar:/home/user/.m2/repository/org/apache/hadoop/hadoop-ozone-ozone-manager/0.5.0-SNAPSHOT/hadoop-ozone-ozone-manager-0.5.0-SNAPSHOT-tests.jar:/home/user/.m2/repository/junit/junit/4.11/junit-4.11.jar:/home/user/.m2/repository/org/hamcrest/hamcrest-core/1.3/hamcrest-core-1.3.jar:/home/user/.m2/repository/org/openjdk/jmh/jmh-core/1.19/jmh-core-1.19.jar:/home/user/.m2/repository/net/sf/jopt-simple/jopt-simple/4.6/jopt-simple-4.6.jar:/home/user/.m2/repository/org/apache/commons/commons-math3/3.1.1/commons-math3-3.1.1.jar:/home/user/.m2/repository/org/openjdk/jmh/jmh-generator-annprocess/1.19/jmh-generator-annprocess-1.19.jar:/home/user/.m2/repository/org/mockito/mockito-all/1.8.5/mockito-all-1.8.5.jar:/home/user/.m2/repository/org/apache/hadoop/hadoop-kms/3.2.0/hadoop-kms-3.2.0.jar:/home/user/.m2/repository/org/apache/hadoop/hadoop-auth/3.2.0/hadoop-auth-3.2.0.jar:/home/user/.m2/repository/com/nimbusds/nimbus-jose-jwt/4.41.1/nimbus-jose-jwt-4.41.1.jar:/home/user/.m2/repository/com/github/stephenc/jcip/jcip-annotations/1.0-1/jcip-annotations-1.0-1.jar:/home/user/.m2/repository/net/minidev/json-smart/2.3/json-smart-2.3.jar:/home/user/.m2/repository/net/minidev/accessors-smart/1.2/accessors-smart-1.2.jar:/home/user/.m2/repository/org/ow2/asm/asm/5.0.4/asm-5.0.4.jar:/home/user/.m2/repository/org/apache/curator/curator-framework/2.12.0/curator-framework-2.12.0.jar:/home/user/.m2/repository/com/sun/jersey/jersey-core/1.19/jersey-core-1.19.jar:/home/user/.m2/repository/javax/ws/rs/jsr311-api/1.1.1/jsr311-api-1.1.1.jar:/home/user/.m2/repository/com/sun/jersey/jersey-server/1.19/jersey-server-1.19.jar:/home/user/.m2/repository/javax/servlet/javax.servlet-api/3.1.0/javax.servlet-api-3.1.0.jar:/home/user/.m2/repository/org/eclipse/jetty/jetty-server/9.3.24.v20180605/jetty-server-9.3.24.v20180605.jar:/home/user/.m2/repository/org/eclipse/jetty/jetty-http/9.3.24.v20180605/jetty-http-9.3.24.v20180605.jar:/home/user/.m2/repository/org/eclipse/jetty/jetty-io/9.3.24.v20180605/jetty-io-9.3.24.v20180605.jar:/home/user/.m2/repository/org/eclipse/jetty/jetty-webapp/9.3.24.v20180605/jetty-webapp-9.3.24.v20180605.jar:/home/user/.m2/repository/org/eclipse/jetty/jetty-xml/9.3.24.v20180605/jetty-xml-9.3.24.v20180605.jar:/home/user/.m2/repository/log4j/log4j/1.2.17/log4j-1.2.17.jar:/home/user/.m2/repository/org/slf4j/slf4j-api/1.7.25/slf4j-api-1.7.25.jar:/home/user/.m2/repository/org/slf4j/jul-to-slf4j/1.7.25/jul-to-slf4j-1.7.25.jar:/home/user/.m2/repository/org/eclipse/jetty/jetty-util/9.3.24.v20180605/jetty-util-9.3.24.v20180605.jar:/home/user/.m2/repository/com/fasterxml/jackson/core/jackson-databind/2.9.5/jackson-databind-2.9.5.jar:/home/user/.m2/repository/org/apache/hadoop/hadoop-kms/3.2.0/hadoop-kms-3.2.0-tests.jar:/home/user/.m2/repository/org/apache/hadoop/hadoop-hdds-server-scm/0.5.0-SNAPSHOT/hadoop-hdds-server-scm-0.5.0-SNAPSHOT-tests.jar:/home/user/.m2/repository/org/apache/hadoop/hadoop-hdds-container-service/0.5.0-SNAPSHOT/hadoop-hdds-container-service-0.5.0-SNAPSHOT-tests.jar:/home/user/.m2/repository/org/yaml/snakeyaml/1.16/snakeyaml-1.16.jar:/home/user/.m2/repository/org/apache/hadoop/hadoop-common/3.2.0/hadoop-common-3.2.0-tests.jar:/home/user/.m2/repository/org/apache/hadoop/hadoop-annotations/3.2.0/hadoop-annotations-3.2.0.jar:/usr/lib/jvm/java-1.8-openjdk/jre/../lib/tools.jar:/home/user/.m2/repository/commons-cli/commons-cli/1.2/commons-cli-1.2.jar:/home/user/.m2/repository/org/apache/httpcomponents/httpclient/4.5.2/httpclient-4.5.2.jar:/home/user/.m2/repository/org/apache/httpcomponents/httpcore/4.4.4/httpcore-4.4.4.jar:/home/user/.m2/repository/commons-codec/commons-codec/1.11/commons-codec-1.11.jar:/home/user/.m2/repository/commons-net/commons-net/3.6/commons-net-3.6.jar:/home/user/.m2/repository/commons-collections/commons-collections/3.2.2/commons-collections-3.2.2.jar:/home/user/.m2/repository/org/eclipse/jetty/jetty-servlet/9.3.24.v20180605/jetty-servlet-9.3.24.v20180605.jar:/home/user/.m2/repository/org/eclipse/jetty/jetty-security/9.3.24.v20180605/jetty-security-9.3.24.v20180605.jar:/home/user/.m2/repository/javax/servlet/jsp/jsp-api/2.1/jsp-api-2.1.jar:/home/user/.m2/repository/com/sun/jersey/jersey-servlet/1.19/jersey-servlet-1.19.jar:/home/user/.m2/repository/com/sun/jersey/jersey-json/1.19/jersey-json-1.19.jar:/home/user/.m2/repository/org/codehaus/jettison/jettison/1.1/jettison-1.1.jar:/home/user/.m2/repository/org/codehaus/jackson/jackson-core-asl/1.9.13/jackson-core-asl-1.9.13.jar:/home/user/.m2/repository/org/codehaus/jackson/jackson-mapper-asl/1.9.13/jackson-mapper-asl-1.9.13.jar:/home/user/.m2/repository/org/codehaus/jackson/jackson-jaxrs/1.9.13/jackson-jaxrs-1.9.13.jar:/home/user/.m2/repository/org/codehaus/jackson/jackson-xc/1.9.13/jackson-xc-1.9.13.jar:/home/user/.m2/repository/commons-logging/commons-logging/1.1.3/commons-logging-1.1.3.jar:/home/user/.m2/repository/commons-beanutils/commons-beanutils/1.9.3/commons-beanutils-1.9.3.jar:/home/user/.m2/repository/org/apache/commons/commons-configuration2/2.1.1/commons-configuration2-2.1.1.jar:/home/user/.m2/repository/org/apache/commons/commons-lang3/3.7/commons-lang3-3.7.jar:/home/user/.m2/repository/org/apache/commons/commons-text/1.4/commons-text-1.4.jar:/home/user/.m2/repository/org/apache/avro/avro/1.7.7/avro-1.7.7.jar:/home/user/.m2/repository/com/thoughtworks/paranamer/paranamer/2.3/paranamer-2.3.jar:/home/user/.m2/repository/org/xerial/snappy/snappy-java/1.0.5/snappy-java-1.0.5.jar:/home/user/.m2/repository/com/google/re2j/re2j/1.1/re2j-1.1.jar:/home/user/.m2/repository/com/google/code/gson/gson/2.2.4/gson-2.2.4.jar:/home/user/.m2/repository/com/jcraft/jsch/0.1.54/jsch-0.1.54.jar:/home/user/.m2/repository/org/apache/curator/curator-client/2.12.0/curator-client-2.12.0.jar:/home/user/.m2/repository/org/apache/curator/curator-recipes/2.12.0/curator-recipes-2.12.0.jar:/home/user/.m2/repository/com/google/code/findbugs/jsr305/3.0.0/jsr305-3.0.0.jar:/home/user/.m2/repository/org/apache/htrace/htrace-core4/4.1.0-incubating/htrace-core4-4.1.0-incubating.jar:/home/user/.m2/repository/org/apache/zookeeper/zookeeper/3.4.13/zookeeper-3.4.13.jar:/home/user/.m2/repository/org/apache/yetus/audience-annotations/0.5.0/audience-annotations-0.5.0.jar:/home/user/.m2/repository/org/codehaus/woodstox/stax2-api/3.1.4/stax2-api-3.1.4.jar:/home/user/.m2/repository/com/fasterxml/woodstox/woodstox-core/5.0.3/woodstox-core-5.0.3.jar:/home/user/.m2/repository/dnsjava/dnsjava/2.1.7/dnsjava-2.1.7.jar:/home/user/.m2/repository/org/apache/hadoop/hadoop-hdfs/3.2.0/hadoop-hdfs-3.2.0-tests.jar:/home/user/.m2/repository/org/eclipse/jetty/jetty-util-ajax/9.3.24.v20180605/jetty-util-ajax-9.3.24.v20180605.jar:/home/user/.m2/repository/commons-daemon/commons-daemon/1.0.13/commons-daemon-1.0.13.jar:/home/user/.m2/repository/io/netty/netty/3.10.5.Final/netty-3.10.5.Final.jar:/home/user/.m2/repository/io/netty/netty-all/4.0.52.Final/netty-all-4.0.52.Final.jar:/home/user/.m2/repository/org/fusesource/leveldbjni/leveldbjni-all/1.8/leveldbjni-all-1.8.jar:"/>
    <property name="sun.cpu.endian" value="little"/>
    <property name="user.home" value="/home/user"/>
    <property name="user.language" value="en"/>
    <property name="java.specification.vendor" value="Oracle Corporation"/>
    <property name="java.home" value="/usr/lib/jvm/java-1.8-openjdk/jre"/>
    <property name="java.security.krb5.conf" value="/workdir/hadoop-ozone/integration-test/target/test-classes/krb5.conf"/>
    <property name="basedir" value="/workdir/hadoop-ozone/integration-test"/>
    <property name="file.separator" value="/"/>
    <property name="line.separator" value="&#10;"/>
    <property name="java.vm.specification.vendor" value="Oracle Corporation"/>
    <property name="java.specification.name" value="Java Platform API Specification"/>
    <property name="java.awt.graphicsenv" value="sun.awt.X11GraphicsEnvironment"/>
    <property name="surefire.real.class.path" value="/workdir/hadoop-ozone/integration-test/target/surefire/surefirebooter4590278882314058425.jar"/>
    <property name="hadoop.log.dir" value="/workdir/hadoop-ozone/integration-test/target/log"/>
    <property name="sun.boot.class.path" value="/usr/lib/jvm/java-1.8-openjdk/jre/lib/resources.jar:/usr/lib/jvm/java-1.8-openjdk/jre/lib/rt.jar:/usr/lib/jvm/java-1.8-openjdk/jre/lib/sunrsasign.jar:/usr/lib/jvm/java-1.8-openjdk/jre/lib/jsse.jar:/usr/lib/jvm/java-1.8-openjdk/jre/lib/jce.jar:/usr/lib/jvm/java-1.8-openjdk/jre/lib/charsets.jar:/usr/lib/jvm/java-1.8-openjdk/jre/lib/jfr.jar:/usr/lib/jvm/java-1.8-openjdk/jre/classes"/>
    <property name="sun.management.compiler" value="HotSpot 64-Bit Tiered Compilers"/>
    <property name="java.runtime.version" value="1.8.0_212-b04"/>
    <property name="java.net.preferIPv4Stack" value="true"/>
    <property name="user.name" value="jenkins1000"/>
    <property name="path.separator" value=":"/>
    <property name="java.security.egd" value="file:///dev/urandom"/>
    <property name="os.version" value="3.10.0-957.12.2.el7.x86_64"/>
    <property name="java.endorsed.dirs" value="/usr/lib/jvm/java-1.8-openjdk/jre/lib/endorsed"/>
    <property name="java.runtime.name" value="OpenJDK Runtime Environment"/>
    <property name="file.encoding" value="UTF-8"/>
    <property name="java.vm.name" value="OpenJDK 64-Bit Server VM"/>
    <property name="test.build.webapps" value=""/>
    <property name="localRepository" value="/home/user/.m2/repository"/>
    <property name="java.vendor.url.bug" value="https://icedtea.classpath.org/bugzilla"/>
    <property name="java.io.tmpdir" value="/tmp"/>
    <property name="require.test.libhadoop" value=""/>
    <property name="java.version" value="1.8.0_212"/>
    <property name="user.dir" value="/workdir/hadoop-ozone/integration-test"/>
    <property name="os.arch" value="amd64"/>
    <property name="java.vm.specification.name" value="Java Virtual Machine Specification"/>
    <property name="test.build.classes" value="/workdir/hadoop-ozone/integration-test/target/test-classes"/>
    <property name="java.awt.printerjob" value="sun.print.PSPrinterJob"/>
    <property name="sun.os.patch.level" value="unknown"/>
    <property name="hadoop.tmp.dir" value="/workdir/hadoop-ozone/integration-test/target/tmp"/>
    <property name="java.library.path" value="/usr/lib/jvm/java-1.8-openjdk/jre/lib/amd64/server:/usr/lib/jvm/java-1.8-openjdk/jre/lib/amd64:/usr/lib/jvm/java-1.8-openjdk/jre/../lib/amd64:/workdir/hadoop-ozone/integration-test/target/native/target/usr/local/lib:/workdir/hadoop-ozone/integration-test/../../hadoop-common-project/hadoop-common/target/native/target/usr/local/lib:/usr/java/packages/lib/amd64:/usr/lib64:/lib64:/lib:/usr/lib"/>
    <property name="java.vm.info" value="mixed mode"/>
    <property name="java.vendor" value="IcedTea"/>
    <property name="java.vm.version" value="25.212-b04"/>
    <property name="java.ext.dirs" value="/usr/lib/jvm/java-1.8-openjdk/jre/lib/ext:/usr/java/packages/lib/ext"/>
    <property name="sun.io.unicode.encoding" value="UnicodeLittle"/>
    <property name="java.class.version" value="52.0"/>
  </properties>
  <testcase name="testGroupMismatchExceptionHandling" classname="org.apache.hadoop.ozone.client.rpc.TestOzoneClientRetriesOnException" time="54.625"/>
  <testcase name="testMaxRetriesByOzoneClient" classname="org.apache.hadoop.ozone.client.rpc.TestOzoneClientRetriesOnException" time="340.63">
    <error message="Failed to command cmdType: CreateContainer&#10;containerID: 1&#10;datanodeUuid: &quot;f8e72f0f-27ad-4da0-a4ac-f742e69d6053&quot;&#10;createContainer {&#10;}&#10;" type="java.io.IOException">java.io.IOException: 
Failed to command cmdType: CreateContainer
containerID: 1
datanodeUuid: "f8e72f0f-27ad-4da0-a4ac-f742e69d6053"
createContainer {
}

	at org.apache.hadoop.hdds.scm.XceiverClientSpi.sendCommand(XceiverClientSpi.java:113)
	at org.apache.hadoop.ozone.client.rpc.TestOzoneClientRetriesOnException.testMaxRetriesByOzoneClient(TestOzoneClientRetriesOnException.java:190)
	at sun.reflect.NativeMethodAccessorImpl.invoke0(Native Method)
	at sun.reflect.NativeMethodAccessorImpl.invoke(NativeMethodAccessorImpl.java:62)
	at sun.reflect.DelegatingMethodAccessorImpl.invoke(DelegatingMethodAccessorImpl.java:43)
	at java.lang.reflect.Method.invoke(Method.java:498)
	at org.junit.runners.model.FrameworkMethod$1.runReflectiveCall(FrameworkMethod.java:47)
	at org.junit.internal.runners.model.ReflectiveCallable.run(ReflectiveCallable.java:12)
	at org.junit.runners.model.FrameworkMethod.invokeExplosively(FrameworkMethod.java:44)
	at org.junit.internal.runners.statements.InvokeMethod.evaluate(InvokeMethod.java:17)
	at org.junit.internal.runners.statements.RunBefores.evaluate(RunBefores.java:26)
	at org.junit.internal.runners.statements.RunAfters.evaluate(RunAfters.java:27)
	at org.junit.runners.ParentRunner.runLeaf(ParentRunner.java:271)
	at org.junit.runners.BlockJUnit4ClassRunner.runChild(BlockJUnit4ClassRunner.java:70)
	at org.junit.runners.BlockJUnit4ClassRunner.runChild(BlockJUnit4ClassRunner.java:50)
	at org.junit.runners.ParentRunner$3.run(ParentRunner.java:238)
	at org.junit.runners.ParentRunner$1.schedule(ParentRunner.java:63)
	at org.junit.runners.ParentRunner.runChildren(ParentRunner.java:236)
	at org.junit.runners.ParentRunner.access$000(ParentRunner.java:53)
	at org.junit.runners.ParentRunner$2.evaluate(ParentRunner.java:229)
	at org.junit.runners.ParentRunner.run(ParentRunner.java:309)
	at org.apache.maven.surefire.junit4.JUnit4Provider.execute(JUnit4Provider.java:365)
	at org.apache.maven.surefire.junit4.JUnit4Provider.executeWithRerun(JUnit4Provider.java:273)
	at org.apache.maven.surefire.junit4.JUnit4Provider.executeTestSet(JUnit4Provider.java:238)
	at org.apache.maven.surefire.junit4.JUnit4Provider.invoke(JUnit4Provider.java:159)
	at org.apache.maven.surefire.booter.ForkedBooter.invokeProviderInSameClassLoader(ForkedBooter.java:384)
	at org.apache.maven.surefire.booter.ForkedBooter.runSuitesInProcess(ForkedBooter.java:345)
	at org.apache.maven.surefire.booter.ForkedBooter.execute(ForkedBooter.java:126)
	at org.apache.maven.surefire.booter.ForkedBooter.main(ForkedBooter.java:418)
Caused by: java.util.concurrent.ExecutionException: org.apache.ratis.protocol.RaftRetryFailureException: Failed RaftClientRequest:client-D63F27167560->09804a23-7f5e-4639-98b0-dd8aac3c1a3d@group-6FC1333E43B6, cid=44, seq=4*, RW, org.apache.hadoop.hdds.scm.XceiverClientRatis$$Lambda$318/2109182431@e57e847 for 180 attempts with RetryLimited(maxAttempts=180, sleepTime=1000ms)
	at java.util.concurrent.CompletableFuture.reportGet(CompletableFuture.java:357)
	at java.util.concurrent.CompletableFuture.get(CompletableFuture.java:1895)
	at org.apache.hadoop.hdds.scm.XceiverClientSpi.sendCommand(XceiverClientSpi.java:110)
	... 28 more
Caused by: org.apache.ratis.protocol.RaftRetryFailureException: Failed RaftClientRequest:client-D63F27167560->09804a23-7f5e-4639-98b0-dd8aac3c1a3d@group-6FC1333E43B6, cid=44, seq=4*, RW, org.apache.hadoop.hdds.scm.XceiverClientRatis$$Lambda$318/2109182431@e57e847 for 180 attempts with RetryLimited(maxAttempts=180, sleepTime=1000ms)
	at org.apache.ratis.client.impl.RaftClientImpl.noMoreRetries(RaftClientImpl.java:272)
	at org.apache.ratis.client.impl.OrderedAsync.handleAsyncRetryFailure(OrderedAsync.java:138)
	at org.apache.ratis.client.impl.OrderedAsync.lambda$sendRequest$10(OrderedAsync.java:230)
	at java.util.concurrent.CompletableFuture.uniExceptionally(CompletableFuture.java:870)
	at java.util.concurrent.CompletableFuture$UniExceptionally.tryFire(CompletableFuture.java:852)
	at java.util.concurrent.CompletableFuture.postComplete(CompletableFuture.java:474)
	at java.util.concurrent.CompletableFuture.completeExceptionally(CompletableFuture.java:1977)
	at org.apache.ratis.grpc.client.GrpcClientProtocolClient$AsyncStreamObservers.completeReplyExceptionally(GrpcClientProtocolClient.java:330)
	at org.apache.ratis.grpc.client.GrpcClientProtocolClient$AsyncStreamObservers.access$000(GrpcClientProtocolClient.java:246)
	at org.apache.ratis.grpc.client.GrpcClientProtocolClient$AsyncStreamObservers$1.onNext(GrpcClientProtocolClient.java:258)
	at org.apache.ratis.grpc.client.GrpcClientProtocolClient$AsyncStreamObservers$1.onNext(GrpcClientProtocolClient.java:249)
	at org.apache.ratis.thirdparty.io.grpc.stub.ClientCalls$StreamObserverToCallListenerAdapter.onMessage(ClientCalls.java:421)
	at org.apache.ratis.thirdparty.io.grpc.ForwardingClientCallListener.onMessage(ForwardingClientCallListener.java:33)
	at org.apache.ratis.thirdparty.io.grpc.ForwardingClientCallListener.onMessage(ForwardingClientCallListener.java:33)
	at org.apache.ratis.thirdparty.io.grpc.internal.ClientCallImpl$ClientStreamListenerImpl$1MessagesAvailable.runInContext(ClientCallImpl.java:519)
	at org.apache.ratis.thirdparty.io.grpc.internal.ContextRunnable.run(ContextRunnable.java:37)
	at org.apache.ratis.thirdparty.io.grpc.internal.SerializingExecutor.run(SerializingExecutor.java:123)
	at java.util.concurrent.ThreadPoolExecutor.runWorker(ThreadPoolExecutor.java:1149)
	at java.util.concurrent.ThreadPoolExecutor$Worker.run(ThreadPoolExecutor.java:624)
	at java.lang.Thread.run(Thread.java:748)
Caused by: org.apache.ratis.protocol.NotLeaderException: Server 09804a23-7f5e-4639-98b0-dd8aac3c1a3d is not the leader (838608ba-8b7b-40e1-8b89-0ac8f38cbb42:192.168.34.53:41281). Request must be sent to leader.
	at org.apache.ratis.client.impl.ClientProtoUtils.toRaftClientReply(ClientProtoUtils.java:242)
	at org.apache.ratis.grpc.client.GrpcClientProtocolClient$AsyncStreamObservers$1.onNext(GrpcClientProtocolClient.java:254)
	... 10 more
</error>
    <system-out><![CDATA[2019-09-05 03:25:32,976 [main] WARN  server.ServerUtils (ServerUtils.java:getScmDbDir(145)) - ozone.scm.db.dirs is not configured. We recommend adding this setting. Falling back to ozone.metadata.dirs instead.
2019-09-05 03:25:33,041 [main] WARN  server.ServerUtils (ServerUtils.java:getScmDbDir(145)) - ozone.scm.db.dirs is not configured. We recommend adding this setting. Falling back to ozone.metadata.dirs instead.
2019-09-05 03:25:33,042 [main] WARN  server.ServerUtils (ServerUtils.java:getScmDbDir(145)) - ozone.scm.db.dirs is not configured. We recommend adding this setting. Falling back to ozone.metadata.dirs instead.
2019-09-05 03:25:33,043 [main] INFO  db.DBStoreBuilder (DBStoreBuilder.java:addTable(110)) - using custom profile for table: deletedBlocks
2019-09-05 03:25:33,043 [main] INFO  db.DBStoreBuilder (DBStoreBuilder.java:processTables(161)) - Using default column profile:DBProfile.DISK for Table:deletedBlocks
2019-09-05 03:25:33,044 [main] INFO  db.DBStoreBuilder (DBStoreBuilder.java:addTable(110)) - using custom profile for table: validCerts
2019-09-05 03:25:33,044 [main] INFO  db.DBStoreBuilder (DBStoreBuilder.java:processTables(161)) - Using default column profile:DBProfile.DISK for Table:validCerts
2019-09-05 03:25:33,044 [main] INFO  db.DBStoreBuilder (DBStoreBuilder.java:addTable(110)) - using custom profile for table: revokedCerts
2019-09-05 03:25:33,045 [main] INFO  db.DBStoreBuilder (DBStoreBuilder.java:processTables(161)) - Using default column profile:DBProfile.DISK for Table:revokedCerts
2019-09-05 03:25:33,045 [main] INFO  db.DBStoreBuilder (DBStoreBuilder.java:addTable(110)) - using custom profile for table: default
2019-09-05 03:25:33,045 [main] INFO  db.DBStoreBuilder (DBStoreBuilder.java:processTables(167)) - Using default column profile:DBProfile.DISK for Table:default
2019-09-05 03:25:33,046 [main] INFO  db.DBStoreBuilder (DBStoreBuilder.java:getDbProfile(198)) - Using default options. DBProfile.DISK
2019-09-05 03:25:33,832 [main] INFO  net.NodeSchemaLoader (NodeSchemaLoader.java:loadSchemaFromFile(125)) - Loading file from sun.misc.CompoundEnumeration@7e8f23ad
2019-09-05 03:25:33,832 [main] INFO  net.NodeSchemaLoader (NodeSchemaLoader.java:loadSchema(171)) - Loading network topology layer schema file
2019-09-05 03:25:33,839 [main] WARN  server.ServerUtils (ServerUtils.java:sanitizeUserArgs(70)) - ozone.scm.stale.node.interval value = 300000 is larger than max = 100000 based on the key value of ozone.scm.heartbeat.thread.interval, reset to the max value 100000.
2019-09-05 03:25:33,839 [main] WARN  server.ServerUtils (ServerUtils.java:sanitizeUserArgs(70)) - ozone.scm.stale.node.interval value = 300000 is larger than max = 100000 based on the key value of ozone.scm.heartbeat.thread.interval, reset to the max value 100000.
2019-09-05 03:25:33,840 [main] INFO  node.SCMNodeManager (SCMNodeManager.java:<init>(121)) - Entering startup safe mode.
2019-09-05 03:25:33,840 [main] INFO  algorithms.ContainerPlacementPolicyFactory (ContainerPlacementPolicyFactory.java:getPolicy(55)) - Create container placement policy of type org.apache.hadoop.hdds.scm.container.placement.algorithms.SCMContainerPlacementRandom
2019-09-05 03:25:33,841 [main] WARN  server.ServerUtils (ServerUtils.java:getScmDbDir(145)) - ozone.scm.db.dirs is not configured. We recommend adding this setting. Falling back to ozone.metadata.dirs instead.
2019-09-05 03:25:34,169 [main] INFO  pipeline.SCMPipelineManager (SCMPipelineManager.java:initializePipelineState(126)) - No pipeline exists in current db
2019-09-05 03:25:34,169 [main] WARN  server.ServerUtils (ServerUtils.java:getScmDbDir(145)) - ozone.scm.db.dirs is not configured. We recommend adding this setting. Falling back to ozone.metadata.dirs instead.
2019-09-05 03:25:34,522 [main] WARN  events.EventQueue (EventQueue.java:fireEvent(175)) - No event handler registered for event TypedEvent{payloadType=SafeModeStatus, name='SafeModeStatus'}
2019-09-05 03:25:34,523 [main] INFO  ipc.CallQueueManager (CallQueueManager.java:<init>(84)) - Using callQueue: class java.util.concurrent.LinkedBlockingQueue, queueCapacity: 2000, scheduler: class org.apache.hadoop.ipc.DefaultRpcScheduler, ipcBackoff: false.
2019-09-05 03:25:34,524 [Socket Reader #1 for port 38110] INFO  ipc.Server (Server.java:run(1074)) - Starting Socket Reader #1 for port 38110
2019-09-05 03:25:34,527 [main] INFO  ipc.CallQueueManager (CallQueueManager.java:<init>(84)) - Using callQueue: class java.util.concurrent.LinkedBlockingQueue, queueCapacity: 2000, scheduler: class org.apache.hadoop.ipc.DefaultRpcScheduler, ipcBackoff: false.
2019-09-05 03:25:34,528 [Socket Reader #1 for port 36647] INFO  ipc.Server (Server.java:run(1074)) - Starting Socket Reader #1 for port 36647
2019-09-05 03:25:34,529 [main] INFO  ipc.CallQueueManager (CallQueueManager.java:<init>(84)) - Using callQueue: class java.util.concurrent.LinkedBlockingQueue, queueCapacity: 2000, scheduler: class org.apache.hadoop.ipc.DefaultRpcScheduler, ipcBackoff: false.
2019-09-05 03:25:34,530 [Socket Reader #1 for port 40478] INFO  ipc.Server (Server.java:run(1074)) - Starting Socket Reader #1 for port 40478
2019-09-05 03:25:34,533 [main] INFO  hdfs.DFSUtil (DFSUtil.java:httpServerTemplateForNNAndJN(1641)) - Starting Web-server for scm at: http://0.0.0.0:0
2019-09-05 03:25:34,537 [main] INFO  server.AuthenticationFilter (AuthenticationFilter.java:constructSecretProvider(240)) - Unable to initialize FileSignerSecretProvider, falling back to use random secrets.
2019-09-05 03:25:34,538 [main] WARN  http.HttpRequestLog (HttpRequestLog.java:getRequestLog(97)) - Jetty request log can only be enabled using Log4j
2019-09-05 03:25:34,542 [main] INFO  http.HttpServer2 (HttpServer2.java:addGlobalFilter(975)) - Added global filter 'safety' (class=org.apache.hadoop.http.HttpServer2$QuotingInputFilter)
2019-09-05 03:25:34,544 [main] INFO  http.HttpServer2 (HttpServer2.java:addFilter(948)) - Added filter static_user_filter (class=org.apache.hadoop.http.lib.StaticUserWebFilter$StaticUserFilter) to context scm
2019-09-05 03:25:34,544 [main] INFO  http.HttpServer2 (HttpServer2.java:addFilter(958)) - Added filter static_user_filter (class=org.apache.hadoop.http.lib.StaticUserWebFilter$StaticUserFilter) to context static
2019-09-05 03:25:34,544 [main] INFO  http.HttpServer2 (HttpServer2.java:addFilter(958)) - Added filter static_user_filter (class=org.apache.hadoop.http.lib.StaticUserWebFilter$StaticUserFilter) to context logs
2019-09-05 03:25:34,549 [main] INFO  server.StorageContainerManager (StorageContainerManager.java:start(759)) - StorageContainerLocationProtocol RPC server is listening at /0.0.0.0:40478
2019-09-05 03:25:34,552 [main] WARN  impl.MetricsConfig (MetricsConfig.java:loadFirst(134)) - Cannot locate configuration: tried hadoop-metrics2-storagecontainermanager.properties,hadoop-metrics2.properties
2019-09-05 03:25:34,553 [main] INFO  impl.MetricsSystemImpl (MetricsSystemImpl.java:startTimer(374)) - Scheduled Metric snapshot period at 10 second(s).
2019-09-05 03:25:34,553 [main] INFO  impl.MetricsSystemImpl (MetricsSystemImpl.java:start(191)) - StorageContainerManager metrics system started
2019-09-05 03:25:34,609 [main] INFO  server.SCMClientProtocolServer (SCMClientProtocolServer.java:start(151)) - RPC server for Client  is listening at /0.0.0.0:40478
2019-09-05 03:25:34,609 [IPC Server Responder] INFO  ipc.Server (Server.java:run(1314)) - IPC Server Responder: starting
2019-09-05 03:25:34,609 [IPC Server listener on 40478] INFO  ipc.Server (Server.java:run(1153)) - IPC Server listener on 40478: starting
2019-09-05 03:25:34,614 [main] INFO  server.StorageContainerManager (StorageContainerManager.java:start(769)) - ScmBlockLocationProtocol RPC server is listening at /0.0.0.0:36647
2019-09-05 03:25:34,614 [main] INFO  server.SCMBlockProtocolServer (SCMBlockProtocolServer.java:start(140)) - RPC server for Block Protocol is listening at /0.0.0.0:36647
2019-09-05 03:25:34,615 [IPC Server Responder] INFO  ipc.Server (Server.java:run(1314)) - IPC Server Responder: starting
2019-09-05 03:25:34,615 [IPC Server listener on 36647] INFO  ipc.Server (Server.java:run(1153)) - IPC Server listener on 36647: starting
2019-09-05 03:25:34,619 [main] INFO  server.StorageContainerManager (StorageContainerManager.java:start(773)) - ScmDatanodeProtocl RPC server is listening at /0.0.0.0:38110
2019-09-05 03:25:34,619 [main] INFO  server.SCMDatanodeProtocolServer (SCMDatanodeProtocolServer.java:start(191)) - RPC server for DataNodes is listening at /0.0.0.0:38110
2019-09-05 03:25:34,619 [IPC Server Responder] INFO  ipc.Server (Server.java:run(1314)) - IPC Server Responder: starting
2019-09-05 03:25:34,620 [IPC Server listener on 38110] INFO  ipc.Server (Server.java:run(1153)) - IPC Server listener on 38110: starting
2019-09-05 03:25:34,624 [main] INFO  http.HttpServer2 (HttpServer2.java:bindListener(1191)) - Jetty bound to port 46858
2019-09-05 03:25:34,624 [main] INFO  server.Server (Server.java:doStart(351)) - jetty-9.3.24.v20180605, build timestamp: 2018-06-05T17:11:56Z, git hash: 84205aa28f11a4f31f2a3b86d1bba2cc8ab69827
2019-09-05 03:25:34,626 [main] INFO  handler.ContextHandler (ContextHandler.java:doStart(781)) - Started o.e.j.s.ServletContextHandler@7eae55{/logs,file:///workdir/hadoop-ozone/integration-test/target/log,AVAILABLE}
2019-09-05 03:25:34,626 [main] INFO  handler.ContextHandler (ContextHandler.java:doStart(781)) - Started o.e.j.s.ServletContextHandler@3ef0e576{/static,file:///workdir/hadoop-ozone/integration-test/target/test-classes/webapps/static,AVAILABLE}
2019-09-05 03:25:34,631 [main] INFO  handler.ContextHandler (ContextHandler.java:doStart(781)) - Started o.e.j.w.WebAppContext@27261190{/,file:///workdir/hadoop-ozone/integration-test/target/test-classes/webapps/scm/,AVAILABLE}{/scm}
2019-09-05 03:25:34,632 [main] INFO  server.AbstractConnector (AbstractConnector.java:doStart(278)) - Started ServerConnector@543b0737{HTTP/1.1,[http/1.1]}{0.0.0.0:46858}
2019-09-05 03:25:34,633 [main] INFO  server.Server (Server.java:doStart(419)) - Started @56910ms
2019-09-05 03:25:34,633 [main] INFO  server.BaseHttpServer (BaseHttpServer.java:updateConnectorAddress(213)) - HTTP server of SCM is listening at http://0.0.0.0:46858
2019-09-05 03:25:34,634 [main] WARN  server.ServerUtils (ServerUtils.java:getDBPath(222)) - ozone.om.db.dirs is not configured. We recommend adding this setting. Falling back to ozone.metadata.dirs instead.
2019-09-05 03:25:34,634 [org.apache.hadoop.util.JvmPauseMonitor$Monitor@48632f69] INFO  util.JvmPauseMonitor (JvmPauseMonitor.java:run(188)) - Starting JVM pause monitor
2019-09-05 03:25:34,685 [main] WARN  server.ServerUtils (ServerUtils.java:getDBPath(222)) - ozone.om.db.dirs is not configured. We recommend adding this setting. Falling back to ozone.metadata.dirs instead.
2019-09-05 03:25:34,686 [main] WARN  server.ServerUtils (ServerUtils.java:getDBPath(222)) - ozone.om.db.dirs is not configured. We recommend adding this setting. Falling back to ozone.metadata.dirs instead.
2019-09-05 03:25:34,686 [main] INFO  om.OzoneManager (OzoneManager.java:setOMNodeDetails(645)) - OM Service ID is not set. Setting it to the default ID: omServiceIdDefault
2019-09-05 03:25:34,687 [main] INFO  om.OzoneManager (OzoneManager.java:setOMNodeDetails(651)) - OM Node ID is not set. Setting it to the OmStorage's OmID: c3c71259-6300-4cfd-8365-d34acaca632c
2019-09-05 03:25:34,687 [main] INFO  om.OzoneManager (OzoneManager.java:loadOMHAConfigs(602)) - Found matching OM address with OMServiceId: null, OMNodeId: null, RPC Address: localhost:0 and Ratis port: 9872
2019-09-05 03:25:34,694 | INFO  | SCMAudit | user=jenkins1000 | ip=192.168.34.53 | op=GET_SCM_INFO null | ret=SUCCESS |  
2019-09-05 03:25:34,698 [main] WARN  server.ServerUtils (ServerUtils.java:getDBPath(222)) - ozone.om.db.dirs is not configured. We recommend adding this setting. Falling back to ozone.metadata.dirs instead.
2019-09-05 03:25:34,699 [main] INFO  db.DBStoreBuilder (DBStoreBuilder.java:addTable(110)) - using custom profile for table: userTable
2019-09-05 03:25:34,699 [main] INFO  db.DBStoreBuilder (DBStoreBuilder.java:processTables(161)) - Using default column profile:DBProfile.DISK for Table:userTable
2019-09-05 03:25:34,700 [main] INFO  db.DBStoreBuilder (DBStoreBuilder.java:addTable(110)) - using custom profile for table: volumeTable
2019-09-05 03:25:34,700 [main] INFO  db.DBStoreBuilder (DBStoreBuilder.java:processTables(161)) - Using default column profile:DBProfile.DISK for Table:volumeTable
2019-09-05 03:25:34,700 [main] INFO  db.DBStoreBuilder (DBStoreBuilder.java:addTable(110)) - using custom profile for table: bucketTable
2019-09-05 03:25:34,701 [main] INFO  db.DBStoreBuilder (DBStoreBuilder.java:processTables(161)) - Using default column profile:DBProfile.DISK for Table:bucketTable
2019-09-05 03:25:34,701 [main] INFO  db.DBStoreBuilder (DBStoreBuilder.java:addTable(110)) - using custom profile for table: keyTable
2019-09-05 03:25:34,701 [main] INFO  db.DBStoreBuilder (DBStoreBuilder.java:processTables(161)) - Using default column profile:DBProfile.DISK for Table:keyTable
2019-09-05 03:25:34,702 [main] INFO  db.DBStoreBuilder (DBStoreBuilder.java:addTable(110)) - using custom profile for table: deletedTable
2019-09-05 03:25:34,702 [main] INFO  db.DBStoreBuilder (DBStoreBuilder.java:processTables(161)) - Using default column profile:DBProfile.DISK for Table:deletedTable
2019-09-05 03:25:34,702 [main] INFO  db.DBStoreBuilder (DBStoreBuilder.java:addTable(110)) - using custom profile for table: openKeyTable
2019-09-05 03:25:34,702 [main] INFO  db.DBStoreBuilder (DBStoreBuilder.java:processTables(161)) - Using default column profile:DBProfile.DISK for Table:openKeyTable
2019-09-05 03:25:34,703 [main] INFO  db.DBStoreBuilder (DBStoreBuilder.java:addTable(110)) - using custom profile for table: s3Table
2019-09-05 03:25:34,703 [main] INFO  db.DBStoreBuilder (DBStoreBuilder.java:processTables(161)) - Using default column profile:DBProfile.DISK for Table:s3Table
2019-09-05 03:25:34,703 [main] INFO  db.DBStoreBuilder (DBStoreBuilder.java:addTable(110)) - using custom profile for table: multipartInfoTable
2019-09-05 03:25:34,704 [main] INFO  db.DBStoreBuilder (DBStoreBuilder.java:processTables(161)) - Using default column profile:DBProfile.DISK for Table:multipartInfoTable
2019-09-05 03:25:34,704 [main] INFO  db.DBStoreBuilder (DBStoreBuilder.java:addTable(110)) - using custom profile for table: dTokenTable
2019-09-05 03:25:34,704 [main] INFO  db.DBStoreBuilder (DBStoreBuilder.java:processTables(161)) - Using default column profile:DBProfile.DISK for Table:dTokenTable
2019-09-05 03:25:34,705 [main] INFO  db.DBStoreBuilder (DBStoreBuilder.java:addTable(110)) - using custom profile for table: s3SecretTable
2019-09-05 03:25:34,705 [main] INFO  db.DBStoreBuilder (DBStoreBuilder.java:processTables(161)) - Using default column profile:DBProfile.DISK for Table:s3SecretTable
2019-09-05 03:25:34,705 [main] INFO  db.DBStoreBuilder (DBStoreBuilder.java:addTable(110)) - using custom profile for table: prefixTable
2019-09-05 03:25:34,706 [main] INFO  db.DBStoreBuilder (DBStoreBuilder.java:processTables(161)) - Using default column profile:DBProfile.DISK for Table:prefixTable
2019-09-05 03:25:34,706 [main] INFO  db.DBStoreBuilder (DBStoreBuilder.java:addTable(110)) - using custom profile for table: default
2019-09-05 03:25:34,706 [main] INFO  db.DBStoreBuilder (DBStoreBuilder.java:processTables(167)) - Using default column profile:DBProfile.DISK for Table:default
2019-09-05 03:25:34,707 [main] INFO  db.DBStoreBuilder (DBStoreBuilder.java:getDbProfile(198)) - Using default options. DBProfile.DISK
2019-09-05 03:25:36,758 [main] INFO  ipc.CallQueueManager (CallQueueManager.java:<init>(84)) - Using callQueue: class java.util.concurrent.LinkedBlockingQueue, queueCapacity: 2000, scheduler: class org.apache.hadoop.ipc.DefaultRpcScheduler, ipcBackoff: false.
2019-09-05 03:25:36,760 [Socket Reader #1 for port 43822] INFO  ipc.Server (Server.java:run(1074)) - Starting Socket Reader #1 for port 43822
2019-09-05 03:25:36,772 [main] INFO  om.OzoneManager (OzoneManager.java:start(1256)) - OzoneManager RPC server is listening at localhost/127.0.0.1:43822
2019-09-05 03:25:36,772 [main] INFO  impl.MetricsSystemImpl (MetricsSystemImpl.java:init(158)) - OzoneManager metrics system started (again)
2019-09-05 03:25:36,773 [IPC Server Responder] INFO  ipc.Server (Server.java:run(1314)) - IPC Server Responder: starting
2019-09-05 03:25:36,773 [IPC Server listener on 43822] INFO  ipc.Server (Server.java:run(1153)) - IPC Server listener on 43822: starting
2019-09-05 03:25:36,779 [main] INFO  hdfs.DFSUtil (DFSUtil.java:httpServerTemplateForNNAndJN(1641)) - Starting Web-server for ozoneManager at: http://0.0.0.0:0
2019-09-05 03:25:36,781 [main] INFO  server.AuthenticationFilter (AuthenticationFilter.java:constructSecretProvider(240)) - Unable to initialize FileSignerSecretProvider, falling back to use random secrets.
2019-09-05 03:25:36,781 [main] WARN  http.HttpRequestLog (HttpRequestLog.java:getRequestLog(97)) - Jetty request log can only be enabled using Log4j
2019-09-05 03:25:36,783 [main] INFO  http.HttpServer2 (HttpServer2.java:addGlobalFilter(975)) - Added global filter 'safety' (class=org.apache.hadoop.http.HttpServer2$QuotingInputFilter)
2019-09-05 03:25:36,784 [main] INFO  http.HttpServer2 (HttpServer2.java:addFilter(948)) - Added filter static_user_filter (class=org.apache.hadoop.http.lib.StaticUserWebFilter$StaticUserFilter) to context ozoneManager
2019-09-05 03:25:36,784 [main] INFO  http.HttpServer2 (HttpServer2.java:addFilter(958)) - Added filter static_user_filter (class=org.apache.hadoop.http.lib.StaticUserWebFilter$StaticUserFilter) to context logs
2019-09-05 03:25:36,784 [main] INFO  http.HttpServer2 (HttpServer2.java:addFilter(958)) - Added filter static_user_filter (class=org.apache.hadoop.http.lib.StaticUserWebFilter$StaticUserFilter) to context static
2019-09-05 03:25:36,785 [main] INFO  http.HttpServer2 (HttpServer2.java:bindListener(1191)) - Jetty bound to port 35980
2019-09-05 03:25:36,785 [main] INFO  server.Server (Server.java:doStart(351)) - jetty-9.3.24.v20180605, build timestamp: 2018-06-05T17:11:56Z, git hash: 84205aa28f11a4f31f2a3b86d1bba2cc8ab69827
2019-09-05 03:25:36,787 [main] INFO  handler.ContextHandler (ContextHandler.java:doStart(781)) - Started o.e.j.s.ServletContextHandler@3c07e830{/logs,file:///workdir/hadoop-ozone/integration-test/target/log,AVAILABLE}
2019-09-05 03:25:36,788 [main] INFO  handler.ContextHandler (ContextHandler.java:doStart(781)) - Started o.e.j.s.ServletContextHandler@382d549a{/static,file:///workdir/hadoop-ozone/integration-test/target/test-classes/webapps/static,AVAILABLE}
2019-09-05 03:25:36,792 [main] INFO  handler.ContextHandler (ContextHandler.java:doStart(781)) - Started o.e.j.w.WebAppContext@20dd5870{/,file:///workdir/hadoop-ozone/integration-test/target/test-classes/webapps/ozoneManager/,AVAILABLE}{/ozoneManager}
2019-09-05 03:25:36,793 [main] INFO  server.AbstractConnector (AbstractConnector.java:doStart(278)) - Started ServerConnector@1640f20f{HTTP/1.1,[http/1.1]}{0.0.0.0:35980}
2019-09-05 03:25:36,794 [main] INFO  server.Server (Server.java:doStart(419)) - Started @59071ms
2019-09-05 03:25:36,794 [main] INFO  server.BaseHttpServer (BaseHttpServer.java:updateConnectorAddress(213)) - HTTP server of OZONEMANAGER is listening at http://0.0.0.0:35980
2019-09-05 03:25:36,810 [main] INFO  impl.MetricsSystemImpl (MetricsSystemImpl.java:init(158)) - HddsDatanode metrics system started (again)
2019-09-05 03:25:36,812 [main] INFO  ozone.HddsDatanodeService (HddsDatanodeService.java:start(184)) - HddsDatanodeService host:pr-hdds-1569-m2srl-933925942 ip:192.168.34.53
2019-09-05 03:25:36,819 [main] INFO  volume.HddsVolume (HddsVolume.java:<init>(176)) - Creating Volume: /workdir/hadoop-ozone/integration-test/target/test-dir/MiniOzoneClusterImpl-38a6644a-5bd9-4915-9755-6661b6b928f7/datanode-0/data/containers/hdds of  storage type : DISK and capacity : 1482555576320
2019-09-05 03:25:36,819 [main] INFO  volume.VolumeSet (VolumeSet.java:initializeVolumeSet(170)) - Added Volume : /workdir/hadoop-ozone/integration-test/target/test-dir/MiniOzoneClusterImpl-38a6644a-5bd9-4915-9755-6661b6b928f7/datanode-0/data/containers/hdds to VolumeSet
2019-09-05 03:25:36,819 [main] INFO  volume.ThrottledAsyncChecker (ThrottledAsyncChecker.java:schedule(140)) - Scheduling a check for org.apache.hadoop.ozone.container.common.volume.HddsVolume@c6a692e
2019-09-05 03:25:36,820 [main] INFO  volume.HddsVolumeChecker (HddsVolumeChecker.java:checkAllVolumes(203)) - Scheduled health check for volume org.apache.hadoop.ozone.container.common.volume.HddsVolume@c6a692e
2019-09-05 03:25:36,835 [main] INFO  impl.RaftServerProxy (ConfUtils.java:logGet(43)) - raft.rpc.type = GRPC (default)
2019-09-05 03:25:36,835 [main] INFO  grpc.GrpcFactory (GrpcFactory.java:checkPooledByteBufAllocatorUseCacheForAllThreads(45)) - PERFORMANCE WARNING: useCacheForAllThreads is true that may cause Netty to create a lot garbage objects and, as a result, trigger GC.
	It is recommended to disable useCacheForAllThreads by setting -Dorg.apache.ratis.thirdparty.io.netty.allocator.useCacheForAllThreads=false in command line.
2019-09-05 03:25:36,835 [main] INFO  grpc.GrpcConfigKeys$Server (ConfUtils.java:logGet(43)) - raft.grpc.server.port = 0 (default)
2019-09-05 03:25:36,835 [main] INFO  server.GrpcService (ConfUtils.java:logGet(43)) - raft.grpc.message.size.max = 33570816 (custom)
2019-09-05 03:25:36,835 [main] INFO  server.RaftServerConfigKeys (ConfUtils.java:logGet(43)) - raft.server.log.appender.buffer.byte-limit = 33554432 (custom)
2019-09-05 03:25:36,836 [main] INFO  server.GrpcService (ConfUtils.java:logGet(43)) - raft.grpc.flow.control.window = 1MB (=1048576) (default)
2019-09-05 03:25:36,836 [main] INFO  server.RaftServerConfigKeys (ConfUtils.java:logGet(43)) - raft.server.rpc.request.timeout = 3000ms (default)
2019-09-05 03:25:36,836 [main] INFO  server.RaftServerConfigKeys (ConfUtils.java:logGet(43)) - raft.server.storage.dir = [/workdir/hadoop-ozone/integration-test/target/test-dir/MiniOzoneClusterImpl-38a6644a-5bd9-4915-9755-6661b6b928f7/datanode-0/data/ratis] (custom)
2019-09-05 03:25:36,837 [main] INFO  replication.SimpleContainerDownloader (SimpleContainerDownloader.java:<init>(72)) - Starting container downloader service to copy containers to replicate.
2019-09-05 03:25:36,838 [main] INFO  hdfs.DFSUtil (DFSUtil.java:httpServerTemplateForNNAndJN(1641)) - Starting Web-server for hddsDatanode at: http://0.0.0.0:0
2019-09-05 03:25:36,839 [main] INFO  server.AuthenticationFilter (AuthenticationFilter.java:constructSecretProvider(240)) - Unable to initialize FileSignerSecretProvider, falling back to use random secrets.
2019-09-05 03:25:36,840 [main] WARN  http.HttpRequestLog (HttpRequestLog.java:getRequestLog(97)) - Jetty request log can only be enabled using Log4j
2019-09-05 03:25:36,841 [main] INFO  http.HttpServer2 (HttpServer2.java:addGlobalFilter(975)) - Added global filter 'safety' (class=org.apache.hadoop.http.HttpServer2$QuotingInputFilter)
2019-09-05 03:25:36,842 [main] INFO  http.HttpServer2 (HttpServer2.java:addFilter(948)) - Added filter static_user_filter (class=org.apache.hadoop.http.lib.StaticUserWebFilter$StaticUserFilter) to context hddsDatanode
2019-09-05 03:25:36,842 [main] INFO  http.HttpServer2 (HttpServer2.java:addFilter(958)) - Added filter static_user_filter (class=org.apache.hadoop.http.lib.StaticUserWebFilter$StaticUserFilter) to context logs
2019-09-05 03:25:36,842 [main] INFO  http.HttpServer2 (HttpServer2.java:addFilter(958)) - Added filter static_user_filter (class=org.apache.hadoop.http.lib.StaticUserWebFilter$StaticUserFilter) to context static
2019-09-05 03:25:36,843 [main] INFO  http.HttpServer2 (HttpServer2.java:bindListener(1191)) - Jetty bound to port 44923
2019-09-05 03:25:36,843 [main] INFO  server.Server (Server.java:doStart(351)) - jetty-9.3.24.v20180605, build timestamp: 2018-06-05T17:11:56Z, git hash: 84205aa28f11a4f31f2a3b86d1bba2cc8ab69827
2019-09-05 03:25:36,845 [main] INFO  handler.ContextHandler (ContextHandler.java:doStart(781)) - Started o.e.j.s.ServletContextHandler@42ff9a77{/logs,file:///workdir/hadoop-ozone/integration-test/target/log,AVAILABLE}
2019-09-05 03:25:36,845 [main] INFO  handler.ContextHandler (ContextHandler.java:doStart(781)) - Started o.e.j.s.ServletContextHandler@13234ac9{/static,jar:file:/home/user/.m2/repository/org/apache/hadoop/hadoop-hdds-container-service/0.5.0-SNAPSHOT/hadoop-hdds-container-service-0.5.0-SNAPSHOT.jar!/webapps/static,AVAILABLE}
2019-09-05 03:25:36,873 [main] INFO  handler.ContextHandler (ContextHandler.java:doStart(781)) - Started o.e.j.w.WebAppContext@7ea07516{/,file:///tmp/jetty-0.0.0.0-44923-hddsDatanode-_-any-8788020617065324249.dir/webapp/,AVAILABLE}{/hddsDatanode}
2019-09-05 03:25:36,873 [main] INFO  server.AbstractConnector (AbstractConnector.java:doStart(278)) - Started ServerConnector@30af23fd{HTTP/1.1,[http/1.1]}{0.0.0.0:44923}
2019-09-05 03:25:36,874 [main] INFO  server.Server (Server.java:doStart(419)) - Started @59151ms
2019-09-05 03:25:36,875 [main] INFO  server.BaseHttpServer (BaseHttpServer.java:updateConnectorAddress(213)) - HTTP server of HDDSDATANODE is listening at http://0.0.0.0:44923
2019-09-05 03:25:37,056 | INFO  | ObjectStoreRestHttpServer | Listening HDDS REST traffic on /0.0.0.0:38615 |  
2019-09-05 03:25:37,056 [main] INFO  ozone.HddsDatanodeService (HddsDatanodeService.java:startPlugins(395)) - Started plug-in org.apache.hadoop.ozone.web.OzoneHddsDatanodeService@22aefae0
2019-09-05 03:25:37,057 [main] INFO  impl.MetricsSystemImpl (MetricsSystemImpl.java:init(158)) - HddsDatanode metrics system started (again)
2019-09-05 03:25:37,061 [main] INFO  ozone.HddsDatanodeService (HddsDatanodeService.java:start(184)) - HddsDatanodeService host:pr-hdds-1569-m2srl-933925942 ip:192.168.34.53
2019-09-05 03:25:37,061 [org.apache.hadoop.util.JvmPauseMonitor$Monitor@140cc5d3] INFO  util.JvmPauseMonitor (JvmPauseMonitor.java:run(188)) - Starting JVM pause monitor
2019-09-05 03:25:37,066 [Datanode State Machine Thread - 0] INFO  datanode.InitDatanodeState (InitDatanodeState.java:persistContainerDatanodeDetails(140)) - DatanodeDetails is persisted to /workdir/hadoop-ozone/integration-test/target/test-dir/MiniOzoneClusterImpl-38a6644a-5bd9-4915-9755-6661b6b928f7/datanode-0/meta/datanode.id
2019-09-05 03:25:37,069 [main] INFO  volume.HddsVolume (HddsVolume.java:<init>(176)) - Creating Volume: /workdir/hadoop-ozone/integration-test/target/test-dir/MiniOzoneClusterImpl-38a6644a-5bd9-4915-9755-6661b6b928f7/datanode-1/data/containers/hdds of  storage type : DISK and capacity : 1482555576320
2019-09-05 03:25:37,069 [main] INFO  volume.VolumeSet (VolumeSet.java:initializeVolumeSet(170)) - Added Volume : /workdir/hadoop-ozone/integration-test/target/test-dir/MiniOzoneClusterImpl-38a6644a-5bd9-4915-9755-6661b6b928f7/datanode-1/data/containers/hdds to VolumeSet
2019-09-05 03:25:37,069 [main] INFO  volume.ThrottledAsyncChecker (ThrottledAsyncChecker.java:schedule(140)) - Scheduling a check for org.apache.hadoop.ozone.container.common.volume.HddsVolume@69a73867
2019-09-05 03:25:37,070 [main] INFO  volume.HddsVolumeChecker (HddsVolumeChecker.java:checkAllVolumes(203)) - Scheduled health check for volume org.apache.hadoop.ozone.container.common.volume.HddsVolume@69a73867
2019-09-05 03:25:37,084 [main] INFO  impl.RaftServerProxy (ConfUtils.java:logGet(43)) - raft.rpc.type = GRPC (default)
2019-09-05 03:25:37,085 [main] INFO  grpc.GrpcFactory (GrpcFactory.java:checkPooledByteBufAllocatorUseCacheForAllThreads(45)) - PERFORMANCE WARNING: useCacheForAllThreads is true that may cause Netty to create a lot garbage objects and, as a result, trigger GC.
	It is recommended to disable useCacheForAllThreads by setting -Dorg.apache.ratis.thirdparty.io.netty.allocator.useCacheForAllThreads=false in command line.
2019-09-05 03:25:37,085 [main] INFO  grpc.GrpcConfigKeys$Server (ConfUtils.java:logGet(43)) - raft.grpc.server.port = 0 (default)
2019-09-05 03:25:37,085 [main] INFO  server.GrpcService (ConfUtils.java:logGet(43)) - raft.grpc.message.size.max = 33570816 (custom)
2019-09-05 03:25:37,085 [main] INFO  server.RaftServerConfigKeys (ConfUtils.java:logGet(43)) - raft.server.log.appender.buffer.byte-limit = 33554432 (custom)
2019-09-05 03:25:37,086 [main] INFO  server.GrpcService (ConfUtils.java:logGet(43)) - raft.grpc.flow.control.window = 1MB (=1048576) (default)
2019-09-05 03:25:37,086 [main] INFO  server.RaftServerConfigKeys (ConfUtils.java:logGet(43)) - raft.server.rpc.request.timeout = 3000ms (default)
2019-09-05 03:25:37,086 [main] INFO  server.RaftServerConfigKeys (ConfUtils.java:logGet(43)) - raft.server.storage.dir = [/workdir/hadoop-ozone/integration-test/target/test-dir/MiniOzoneClusterImpl-38a6644a-5bd9-4915-9755-6661b6b928f7/datanode-1/data/ratis] (custom)
2019-09-05 03:25:37,087 [main] INFO  replication.SimpleContainerDownloader (SimpleContainerDownloader.java:<init>(72)) - Starting container downloader service to copy containers to replicate.
2019-09-05 03:25:37,088 [main] INFO  hdfs.DFSUtil (DFSUtil.java:httpServerTemplateForNNAndJN(1641)) - Starting Web-server for hddsDatanode at: http://0.0.0.0:0
2019-09-05 03:25:37,090 [main] INFO  server.AuthenticationFilter (AuthenticationFilter.java:constructSecretProvider(240)) - Unable to initialize FileSignerSecretProvider, falling back to use random secrets.
2019-09-05 03:25:37,090 [main] WARN  http.HttpRequestLog (HttpRequestLog.java:getRequestLog(97)) - Jetty request log can only be enabled using Log4j
2019-09-05 03:25:37,092 [main] INFO  http.HttpServer2 (HttpServer2.java:addGlobalFilter(975)) - Added global filter 'safety' (class=org.apache.hadoop.http.HttpServer2$QuotingInputFilter)
2019-09-05 03:25:37,093 [main] INFO  http.HttpServer2 (HttpServer2.java:addFilter(948)) - Added filter static_user_filter (class=org.apache.hadoop.http.lib.StaticUserWebFilter$StaticUserFilter) to context hddsDatanode
2019-09-05 03:25:37,093 [main] INFO  http.HttpServer2 (HttpServer2.java:addFilter(958)) - Added filter static_user_filter (class=org.apache.hadoop.http.lib.StaticUserWebFilter$StaticUserFilter) to context logs
2019-09-05 03:25:37,093 [main] INFO  http.HttpServer2 (HttpServer2.java:addFilter(958)) - Added filter static_user_filter (class=org.apache.hadoop.http.lib.StaticUserWebFilter$StaticUserFilter) to context static
2019-09-05 03:25:37,094 [main] INFO  http.HttpServer2 (HttpServer2.java:bindListener(1191)) - Jetty bound to port 37262
2019-09-05 03:25:37,094 [main] INFO  server.Server (Server.java:doStart(351)) - jetty-9.3.24.v20180605, build timestamp: 2018-06-05T17:11:56Z, git hash: 84205aa28f11a4f31f2a3b86d1bba2cc8ab69827
2019-09-05 03:25:37,096 [main] INFO  handler.ContextHandler (ContextHandler.java:doStart(781)) - Started o.e.j.s.ServletContextHandler@78bad03b{/logs,file:///workdir/hadoop-ozone/integration-test/target/log,AVAILABLE}
2019-09-05 03:25:37,096 [main] INFO  handler.ContextHandler (ContextHandler.java:doStart(781)) - Started o.e.j.s.ServletContextHandler@4e2109fe{/static,jar:file:/home/user/.m2/repository/org/apache/hadoop/hadoop-hdds-container-service/0.5.0-SNAPSHOT/hadoop-hdds-container-service-0.5.0-SNAPSHOT.jar!/webapps/static,AVAILABLE}
2019-09-05 03:25:37,129 [main] INFO  handler.ContextHandler (ContextHandler.java:doStart(781)) - Started o.e.j.w.WebAppContext@e72fb04{/,file:///tmp/jetty-0.0.0.0-37262-hddsDatanode-_-any-3964992489696280147.dir/webapp/,AVAILABLE}{/hddsDatanode}
2019-09-05 03:25:37,131 [main] INFO  server.AbstractConnector (AbstractConnector.java:doStart(278)) - Started ServerConnector@1533338c{HTTP/1.1,[http/1.1]}{0.0.0.0:37262}
2019-09-05 03:25:37,132 [main] INFO  server.Server (Server.java:doStart(419)) - Started @59409ms
2019-09-05 03:25:37,133 [main] INFO  server.BaseHttpServer (BaseHttpServer.java:updateConnectorAddress(213)) - HTTP server of HDDSDATANODE is listening at http://0.0.0.0:37262
2019-09-05 03:25:37,271 | INFO  | ObjectStoreRestHttpServer | Listening HDDS REST traffic on /0.0.0.0:40807 |  
2019-09-05 03:25:37,271 [main] INFO  ozone.HddsDatanodeService (HddsDatanodeService.java:startPlugins(395)) - Started plug-in org.apache.hadoop.ozone.web.OzoneHddsDatanodeService@1171ba7e
2019-09-05 03:25:37,272 [main] INFO  impl.MetricsSystemImpl (MetricsSystemImpl.java:init(158)) - HddsDatanode metrics system started (again)
2019-09-05 03:25:37,277 [org.apache.hadoop.util.JvmPauseMonitor$Monitor@1ae910bc] INFO  util.JvmPauseMonitor (JvmPauseMonitor.java:run(188)) - Starting JVM pause monitor
2019-09-05 03:25:37,277 [main] INFO  ozone.HddsDatanodeService (HddsDatanodeService.java:start(184)) - HddsDatanodeService host:pr-hdds-1569-m2srl-933925942 ip:192.168.34.53
2019-09-05 03:25:37,280 [Datanode State Machine Thread - 0] INFO  datanode.InitDatanodeState (InitDatanodeState.java:persistContainerDatanodeDetails(140)) - DatanodeDetails is persisted to /workdir/hadoop-ozone/integration-test/target/test-dir/MiniOzoneClusterImpl-38a6644a-5bd9-4915-9755-6661b6b928f7/datanode-1/meta/datanode.id
2019-09-05 03:25:37,284 [main] INFO  volume.HddsVolume (HddsVolume.java:<init>(176)) - Creating Volume: /workdir/hadoop-ozone/integration-test/target/test-dir/MiniOzoneClusterImpl-38a6644a-5bd9-4915-9755-6661b6b928f7/datanode-2/data/containers/hdds of  storage type : DISK and capacity : 1482555576320
2019-09-05 03:25:37,284 [main] INFO  volume.VolumeSet (VolumeSet.java:initializeVolumeSet(170)) - Added Volume : /workdir/hadoop-ozone/integration-test/target/test-dir/MiniOzoneClusterImpl-38a6644a-5bd9-4915-9755-6661b6b928f7/datanode-2/data/containers/hdds to VolumeSet
2019-09-05 03:25:37,285 [main] INFO  volume.ThrottledAsyncChecker (ThrottledAsyncChecker.java:schedule(140)) - Scheduling a check for org.apache.hadoop.ozone.container.common.volume.HddsVolume@7b3085a3
2019-09-05 03:25:37,285 [main] INFO  volume.HddsVolumeChecker (HddsVolumeChecker.java:checkAllVolumes(203)) - Scheduled health check for volume org.apache.hadoop.ozone.container.common.volume.HddsVolume@7b3085a3
2019-09-05 03:25:37,301 [main] INFO  impl.RaftServerProxy (ConfUtils.java:logGet(43)) - raft.rpc.type = GRPC (default)
2019-09-05 03:25:37,301 [main] INFO  grpc.GrpcFactory (GrpcFactory.java:checkPooledByteBufAllocatorUseCacheForAllThreads(45)) - PERFORMANCE WARNING: useCacheForAllThreads is true that may cause Netty to create a lot garbage objects and, as a result, trigger GC.
	It is recommended to disable useCacheForAllThreads by setting -Dorg.apache.ratis.thirdparty.io.netty.allocator.useCacheForAllThreads=false in command line.
2019-09-05 03:25:37,301 [main] INFO  grpc.GrpcConfigKeys$Server (ConfUtils.java:logGet(43)) - raft.grpc.server.port = 0 (default)
2019-09-05 03:25:37,301 [main] INFO  server.GrpcService (ConfUtils.java:logGet(43)) - raft.grpc.message.size.max = 33570816 (custom)
2019-09-05 03:25:37,302 [main] INFO  server.RaftServerConfigKeys (ConfUtils.java:logGet(43)) - raft.server.log.appender.buffer.byte-limit = 33554432 (custom)
2019-09-05 03:25:37,302 [main] INFO  server.GrpcService (ConfUtils.java:logGet(43)) - raft.grpc.flow.control.window = 1MB (=1048576) (default)
2019-09-05 03:25:37,302 [main] INFO  server.RaftServerConfigKeys (ConfUtils.java:logGet(43)) - raft.server.rpc.request.timeout = 3000ms (default)
2019-09-05 03:25:37,303 [main] INFO  server.RaftServerConfigKeys (ConfUtils.java:logGet(43)) - raft.server.storage.dir = [/workdir/hadoop-ozone/integration-test/target/test-dir/MiniOzoneClusterImpl-38a6644a-5bd9-4915-9755-6661b6b928f7/datanode-2/data/ratis] (custom)
2019-09-05 03:25:37,303 [main] INFO  replication.SimpleContainerDownloader (SimpleContainerDownloader.java:<init>(72)) - Starting container downloader service to copy containers to replicate.
2019-09-05 03:25:37,304 [main] INFO  hdfs.DFSUtil (DFSUtil.java:httpServerTemplateForNNAndJN(1641)) - Starting Web-server for hddsDatanode at: http://0.0.0.0:0
2019-09-05 03:25:37,306 [main] INFO  server.AuthenticationFilter (AuthenticationFilter.java:constructSecretProvider(240)) - Unable to initialize FileSignerSecretProvider, falling back to use random secrets.
2019-09-05 03:25:37,306 [main] WARN  http.HttpRequestLog (HttpRequestLog.java:getRequestLog(97)) - Jetty request log can only be enabled using Log4j
2019-09-05 03:25:37,308 [main] INFO  http.HttpServer2 (HttpServer2.java:addGlobalFilter(975)) - Added global filter 'safety' (class=org.apache.hadoop.http.HttpServer2$QuotingInputFilter)
2019-09-05 03:25:37,308 [main] INFO  http.HttpServer2 (HttpServer2.java:addFilter(948)) - Added filter static_user_filter (class=org.apache.hadoop.http.lib.StaticUserWebFilter$StaticUserFilter) to context hddsDatanode
2019-09-05 03:25:37,308 [main] INFO  http.HttpServer2 (HttpServer2.java:addFilter(958)) - Added filter static_user_filter (class=org.apache.hadoop.http.lib.StaticUserWebFilter$StaticUserFilter) to context logs
2019-09-05 03:25:37,308 [main] INFO  http.HttpServer2 (HttpServer2.java:addFilter(958)) - Added filter static_user_filter (class=org.apache.hadoop.http.lib.StaticUserWebFilter$StaticUserFilter) to context static
2019-09-05 03:25:37,309 [main] INFO  http.HttpServer2 (HttpServer2.java:bindListener(1191)) - Jetty bound to port 37668
2019-09-05 03:25:37,309 [main] INFO  server.Server (Server.java:doStart(351)) - jetty-9.3.24.v20180605, build timestamp: 2018-06-05T17:11:56Z, git hash: 84205aa28f11a4f31f2a3b86d1bba2cc8ab69827
2019-09-05 03:25:37,312 [main] INFO  handler.ContextHandler (ContextHandler.java:doStart(781)) - Started o.e.j.s.ServletContextHandler@223cbf0d{/logs,file:///workdir/hadoop-ozone/integration-test/target/log,AVAILABLE}
2019-09-05 03:25:37,312 [main] INFO  handler.ContextHandler (ContextHandler.java:doStart(781)) - Started o.e.j.s.ServletContextHandler@5ddb302{/static,jar:file:/home/user/.m2/repository/org/apache/hadoop/hadoop-hdds-container-service/0.5.0-SNAPSHOT/hadoop-hdds-container-service-0.5.0-SNAPSHOT.jar!/webapps/static,AVAILABLE}
2019-09-05 03:25:37,340 [main] INFO  handler.ContextHandler (ContextHandler.java:doStart(781)) - Started o.e.j.w.WebAppContext@2e85e3f1{/,file:///tmp/jetty-0.0.0.0-37668-hddsDatanode-_-any-4383682612240166405.dir/webapp/,AVAILABLE}{/hddsDatanode}
2019-09-05 03:25:37,340 [main] INFO  server.AbstractConnector (AbstractConnector.java:doStart(278)) - Started ServerConnector@195498aa{HTTP/1.1,[http/1.1]}{0.0.0.0:37668}
2019-09-05 03:25:37,341 [main] INFO  server.Server (Server.java:doStart(419)) - Started @59618ms
2019-09-05 03:25:37,342 [main] INFO  server.BaseHttpServer (BaseHttpServer.java:updateConnectorAddress(213)) - HTTP server of HDDSDATANODE is listening at http://0.0.0.0:37668
2019-09-05 03:25:37,471 | INFO  | ObjectStoreRestHttpServer | Listening HDDS REST traffic on /0.0.0.0:45806 |  
2019-09-05 03:25:37,471 [main] INFO  ozone.HddsDatanodeService (HddsDatanodeService.java:startPlugins(395)) - Started plug-in org.apache.hadoop.ozone.web.OzoneHddsDatanodeService@2c1a8529
2019-09-05 03:25:37,472 [main] INFO  impl.MetricsSystemImpl (MetricsSystemImpl.java:init(158)) - HddsDatanode metrics system started (again)
2019-09-05 03:25:37,477 [org.apache.hadoop.util.JvmPauseMonitor$Monitor@62da4eb0] INFO  util.JvmPauseMonitor (JvmPauseMonitor.java:run(188)) - Starting JVM pause monitor
2019-09-05 03:25:37,480 [Datanode State Machine Thread - 0] INFO  datanode.InitDatanodeState (InitDatanodeState.java:persistContainerDatanodeDetails(140)) - DatanodeDetails is persisted to /workdir/hadoop-ozone/integration-test/target/test-dir/MiniOzoneClusterImpl-38a6644a-5bd9-4915-9755-6661b6b928f7/datanode-2/meta/datanode.id
2019-09-05 03:25:37,485 [main] INFO  ozone.HddsDatanodeService (HddsDatanodeService.java:start(184)) - HddsDatanodeService host:pr-hdds-1569-m2srl-933925942 ip:192.168.34.53
2019-09-05 03:25:37,493 [main] INFO  volume.HddsVolume (HddsVolume.java:<init>(176)) - Creating Volume: /workdir/hadoop-ozone/integration-test/target/test-dir/MiniOzoneClusterImpl-38a6644a-5bd9-4915-9755-6661b6b928f7/datanode-3/data/containers/hdds of  storage type : DISK and capacity : 1482555576320
2019-09-05 03:25:37,493 [main] INFO  volume.VolumeSet (VolumeSet.java:initializeVolumeSet(170)) - Added Volume : /workdir/hadoop-ozone/integration-test/target/test-dir/MiniOzoneClusterImpl-38a6644a-5bd9-4915-9755-6661b6b928f7/datanode-3/data/containers/hdds to VolumeSet
2019-09-05 03:25:37,494 [main] INFO  volume.ThrottledAsyncChecker (ThrottledAsyncChecker.java:schedule(140)) - Scheduling a check for org.apache.hadoop.ozone.container.common.volume.HddsVolume@7ecb9e17
2019-09-05 03:25:37,494 [main] INFO  volume.HddsVolumeChecker (HddsVolumeChecker.java:checkAllVolumes(203)) - Scheduled health check for volume org.apache.hadoop.ozone.container.common.volume.HddsVolume@7ecb9e17
2019-09-05 03:25:37,510 [main] INFO  impl.RaftServerProxy (ConfUtils.java:logGet(43)) - raft.rpc.type = GRPC (default)
2019-09-05 03:25:37,511 [main] INFO  grpc.GrpcFactory (GrpcFactory.java:checkPooledByteBufAllocatorUseCacheForAllThreads(45)) - PERFORMANCE WARNING: useCacheForAllThreads is true that may cause Netty to create a lot garbage objects and, as a result, trigger GC.
	It is recommended to disable useCacheForAllThreads by setting -Dorg.apache.ratis.thirdparty.io.netty.allocator.useCacheForAllThreads=false in command line.
2019-09-05 03:25:37,511 [main] INFO  grpc.GrpcConfigKeys$Server (ConfUtils.java:logGet(43)) - raft.grpc.server.port = 0 (default)
2019-09-05 03:25:37,511 [main] INFO  server.GrpcService (ConfUtils.java:logGet(43)) - raft.grpc.message.size.max = 33570816 (custom)
2019-09-05 03:25:37,511 [main] INFO  server.RaftServerConfigKeys (ConfUtils.java:logGet(43)) - raft.server.log.appender.buffer.byte-limit = 33554432 (custom)
2019-09-05 03:25:37,512 [main] INFO  server.GrpcService (ConfUtils.java:logGet(43)) - raft.grpc.flow.control.window = 1MB (=1048576) (default)
2019-09-05 03:25:37,512 [main] INFO  server.RaftServerConfigKeys (ConfUtils.java:logGet(43)) - raft.server.rpc.request.timeout = 3000ms (default)
2019-09-05 03:25:37,512 [main] INFO  server.RaftServerConfigKeys (ConfUtils.java:logGet(43)) - raft.server.storage.dir = [/workdir/hadoop-ozone/integration-test/target/test-dir/MiniOzoneClusterImpl-38a6644a-5bd9-4915-9755-6661b6b928f7/datanode-3/data/ratis] (custom)
2019-09-05 03:25:37,513 [main] INFO  replication.SimpleContainerDownloader (SimpleContainerDownloader.java:<init>(72)) - Starting container downloader service to copy containers to replicate.
2019-09-05 03:25:37,514 [main] INFO  hdfs.DFSUtil (DFSUtil.java:httpServerTemplateForNNAndJN(1641)) - Starting Web-server for hddsDatanode at: http://0.0.0.0:0
2019-09-05 03:25:37,515 [main] INFO  server.AuthenticationFilter (AuthenticationFilter.java:constructSecretProvider(240)) - Unable to initialize FileSignerSecretProvider, falling back to use random secrets.
2019-09-05 03:25:37,516 [main] WARN  http.HttpRequestLog (HttpRequestLog.java:getRequestLog(97)) - Jetty request log can only be enabled using Log4j
2019-09-05 03:25:37,517 [main] INFO  http.HttpServer2 (HttpServer2.java:addGlobalFilter(975)) - Added global filter 'safety' (class=org.apache.hadoop.http.HttpServer2$QuotingInputFilter)
2019-09-05 03:25:37,518 [main] INFO  http.HttpServer2 (HttpServer2.java:addFilter(948)) - Added filter static_user_filter (class=org.apache.hadoop.http.lib.StaticUserWebFilter$StaticUserFilter) to context hddsDatanode
2019-09-05 03:25:37,518 [main] INFO  http.HttpServer2 (HttpServer2.java:addFilter(958)) - Added filter static_user_filter (class=org.apache.hadoop.http.lib.StaticUserWebFilter$StaticUserFilter) to context static
2019-09-05 03:25:37,518 [main] INFO  http.HttpServer2 (HttpServer2.java:addFilter(958)) - Added filter static_user_filter (class=org.apache.hadoop.http.lib.StaticUserWebFilter$StaticUserFilter) to context logs
2019-09-05 03:25:37,519 [main] INFO  http.HttpServer2 (HttpServer2.java:bindListener(1191)) - Jetty bound to port 43859
2019-09-05 03:25:37,519 [main] INFO  server.Server (Server.java:doStart(351)) - jetty-9.3.24.v20180605, build timestamp: 2018-06-05T17:11:56Z, git hash: 84205aa28f11a4f31f2a3b86d1bba2cc8ab69827
2019-09-05 03:25:37,521 [main] INFO  handler.ContextHandler (ContextHandler.java:doStart(781)) - Started o.e.j.s.ServletContextHandler@8cb7185{/logs,file:///workdir/hadoop-ozone/integration-test/target/log,AVAILABLE}
2019-09-05 03:25:37,521 [main] INFO  handler.ContextHandler (ContextHandler.java:doStart(781)) - Started o.e.j.s.ServletContextHandler@2c54c497{/static,jar:file:/home/user/.m2/repository/org/apache/hadoop/hadoop-hdds-container-service/0.5.0-SNAPSHOT/hadoop-hdds-container-service-0.5.0-SNAPSHOT.jar!/webapps/static,AVAILABLE}
2019-09-05 03:25:37,564 [main] INFO  handler.ContextHandler (ContextHandler.java:doStart(781)) - Started o.e.j.w.WebAppContext@5f166f2e{/,file:///tmp/jetty-0.0.0.0-43859-hddsDatanode-_-any-2242449542591323802.dir/webapp/,AVAILABLE}{/hddsDatanode}
2019-09-05 03:25:37,565 [main] INFO  server.AbstractConnector (AbstractConnector.java:doStart(278)) - Started ServerConnector@1ef93e01{HTTP/1.1,[http/1.1]}{0.0.0.0:43859}
2019-09-05 03:25:37,567 [main] INFO  server.Server (Server.java:doStart(419)) - Started @59845ms
2019-09-05 03:25:37,568 [main] INFO  server.BaseHttpServer (BaseHttpServer.java:updateConnectorAddress(213)) - HTTP server of HDDSDATANODE is listening at http://0.0.0.0:43859
2019-09-05 03:25:37,781 | INFO  | ObjectStoreRestHttpServer | Listening HDDS REST traffic on /0.0.0.0:35141 |  
2019-09-05 03:25:37,781 [main] INFO  ozone.HddsDatanodeService (HddsDatanodeService.java:startPlugins(395)) - Started plug-in org.apache.hadoop.ozone.web.OzoneHddsDatanodeService@638d2ce3
2019-09-05 03:25:37,781 [main] INFO  impl.MetricsSystemImpl (MetricsSystemImpl.java:init(158)) - HddsDatanode metrics system started (again)
2019-09-05 03:25:37,787 [org.apache.hadoop.util.JvmPauseMonitor$Monitor@37d629c8] INFO  util.JvmPauseMonitor (JvmPauseMonitor.java:run(188)) - Starting JVM pause monitor
2019-09-05 03:25:37,788 [main] INFO  ozone.HddsDatanodeService (HddsDatanodeService.java:start(184)) - HddsDatanodeService host:pr-hdds-1569-m2srl-933925942 ip:192.168.34.53
2019-09-05 03:25:37,789 [Datanode State Machine Thread - 0] INFO  datanode.InitDatanodeState (InitDatanodeState.java:persistContainerDatanodeDetails(140)) - DatanodeDetails is persisted to /workdir/hadoop-ozone/integration-test/target/test-dir/MiniOzoneClusterImpl-38a6644a-5bd9-4915-9755-6661b6b928f7/datanode-3/meta/datanode.id
2019-09-05 03:25:37,796 [main] INFO  volume.HddsVolume (HddsVolume.java:<init>(176)) - Creating Volume: /workdir/hadoop-ozone/integration-test/target/test-dir/MiniOzoneClusterImpl-38a6644a-5bd9-4915-9755-6661b6b928f7/datanode-4/data/containers/hdds of  storage type : DISK and capacity : 1482555576320
2019-09-05 03:25:37,797 [main] INFO  volume.VolumeSet (VolumeSet.java:initializeVolumeSet(170)) - Added Volume : /workdir/hadoop-ozone/integration-test/target/test-dir/MiniOzoneClusterImpl-38a6644a-5bd9-4915-9755-6661b6b928f7/datanode-4/data/containers/hdds to VolumeSet
2019-09-05 03:25:37,797 [main] INFO  volume.ThrottledAsyncChecker (ThrottledAsyncChecker.java:schedule(140)) - Scheduling a check for org.apache.hadoop.ozone.container.common.volume.HddsVolume@15a484a9
2019-09-05 03:25:37,798 [main] INFO  volume.HddsVolumeChecker (HddsVolumeChecker.java:checkAllVolumes(203)) - Scheduled health check for volume org.apache.hadoop.ozone.container.common.volume.HddsVolume@15a484a9
2019-09-05 03:25:37,818 [main] INFO  impl.RaftServerProxy (ConfUtils.java:logGet(43)) - raft.rpc.type = GRPC (default)
2019-09-05 03:25:37,818 [main] INFO  grpc.GrpcFactory (GrpcFactory.java:checkPooledByteBufAllocatorUseCacheForAllThreads(45)) - PERFORMANCE WARNING: useCacheForAllThreads is true that may cause Netty to create a lot garbage objects and, as a result, trigger GC.
	It is recommended to disable useCacheForAllThreads by setting -Dorg.apache.ratis.thirdparty.io.netty.allocator.useCacheForAllThreads=false in command line.
2019-09-05 03:25:37,818 [main] INFO  grpc.GrpcConfigKeys$Server (ConfUtils.java:logGet(43)) - raft.grpc.server.port = 0 (default)
2019-09-05 03:25:37,819 [main] INFO  server.GrpcService (ConfUtils.java:logGet(43)) - raft.grpc.message.size.max = 33570816 (custom)
2019-09-05 03:25:37,819 [main] INFO  server.RaftServerConfigKeys (ConfUtils.java:logGet(43)) - raft.server.log.appender.buffer.byte-limit = 33554432 (custom)
2019-09-05 03:25:37,819 [main] INFO  server.GrpcService (ConfUtils.java:logGet(43)) - raft.grpc.flow.control.window = 1MB (=1048576) (default)
2019-09-05 03:25:37,819 [main] INFO  server.RaftServerConfigKeys (ConfUtils.java:logGet(43)) - raft.server.rpc.request.timeout = 3000ms (default)
2019-09-05 03:25:37,820 [main] INFO  server.RaftServerConfigKeys (ConfUtils.java:logGet(43)) - raft.server.storage.dir = [/workdir/hadoop-ozone/integration-test/target/test-dir/MiniOzoneClusterImpl-38a6644a-5bd9-4915-9755-6661b6b928f7/datanode-4/data/ratis] (custom)
2019-09-05 03:25:37,821 [main] INFO  replication.SimpleContainerDownloader (SimpleContainerDownloader.java:<init>(72)) - Starting container downloader service to copy containers to replicate.
2019-09-05 03:25:37,822 [main] INFO  hdfs.DFSUtil (DFSUtil.java:httpServerTemplateForNNAndJN(1641)) - Starting Web-server for hddsDatanode at: http://0.0.0.0:0
2019-09-05 03:25:37,824 [main] INFO  server.AuthenticationFilter (AuthenticationFilter.java:constructSecretProvider(240)) - Unable to initialize FileSignerSecretProvider, falling back to use random secrets.
2019-09-05 03:25:37,824 [main] WARN  http.HttpRequestLog (HttpRequestLog.java:getRequestLog(97)) - Jetty request log can only be enabled using Log4j
2019-09-05 03:25:37,826 [main] INFO  http.HttpServer2 (HttpServer2.java:addGlobalFilter(975)) - Added global filter 'safety' (class=org.apache.hadoop.http.HttpServer2$QuotingInputFilter)
2019-09-05 03:25:37,827 [main] INFO  http.HttpServer2 (HttpServer2.java:addFilter(948)) - Added filter static_user_filter (class=org.apache.hadoop.http.lib.StaticUserWebFilter$StaticUserFilter) to context hddsDatanode
2019-09-05 03:25:37,827 [main] INFO  http.HttpServer2 (HttpServer2.java:addFilter(958)) - Added filter static_user_filter (class=org.apache.hadoop.http.lib.StaticUserWebFilter$StaticUserFilter) to context logs
2019-09-05 03:25:37,827 [main] INFO  http.HttpServer2 (HttpServer2.java:addFilter(958)) - Added filter static_user_filter (class=org.apache.hadoop.http.lib.StaticUserWebFilter$StaticUserFilter) to context static
2019-09-05 03:25:37,828 [main] INFO  http.HttpServer2 (HttpServer2.java:bindListener(1191)) - Jetty bound to port 37582
2019-09-05 03:25:37,828 [main] INFO  server.Server (Server.java:doStart(351)) - jetty-9.3.24.v20180605, build timestamp: 2018-06-05T17:11:56Z, git hash: 84205aa28f11a4f31f2a3b86d1bba2cc8ab69827
2019-09-05 03:25:37,835 [main] INFO  handler.ContextHandler (ContextHandler.java:doStart(781)) - Started o.e.j.s.ServletContextHandler@362be0cd{/logs,file:///workdir/hadoop-ozone/integration-test/target/log,AVAILABLE}
2019-09-05 03:25:37,835 [main] INFO  handler.ContextHandler (ContextHandler.java:doStart(781)) - Started o.e.j.s.ServletContextHandler@61836cd9{/static,jar:file:/home/user/.m2/repository/org/apache/hadoop/hadoop-hdds-container-service/0.5.0-SNAPSHOT/hadoop-hdds-container-service-0.5.0-SNAPSHOT.jar!/webapps/static,AVAILABLE}
2019-09-05 03:25:37,866 [main] INFO  handler.ContextHandler (ContextHandler.java:doStart(781)) - Started o.e.j.w.WebAppContext@144440f5{/,file:///tmp/jetty-0.0.0.0-37582-hddsDatanode-_-any-6190984267246878726.dir/webapp/,AVAILABLE}{/hddsDatanode}
2019-09-05 03:25:37,867 [main] INFO  server.AbstractConnector (AbstractConnector.java:doStart(278)) - Started ServerConnector@3e2c8ef{HTTP/1.1,[http/1.1]}{0.0.0.0:37582}
2019-09-05 03:25:37,869 [main] INFO  server.Server (Server.java:doStart(419)) - Started @60146ms
2019-09-05 03:25:37,869 [main] INFO  server.BaseHttpServer (BaseHttpServer.java:updateConnectorAddress(213)) - HTTP server of HDDSDATANODE is listening at http://0.0.0.0:37582
2019-09-05 03:25:38,258 | INFO  | ObjectStoreRestHttpServer | Listening HDDS REST traffic on /0.0.0.0:35778 |  
2019-09-05 03:25:38,258 [main] INFO  ozone.HddsDatanodeService (HddsDatanodeService.java:startPlugins(395)) - Started plug-in org.apache.hadoop.ozone.web.OzoneHddsDatanodeService@878feb2
2019-09-05 03:25:38,259 [main] INFO  impl.MetricsSystemImpl (MetricsSystemImpl.java:init(158)) - HddsDatanode metrics system started (again)
2019-09-05 03:25:38,265 [main] INFO  ozone.HddsDatanodeService (HddsDatanodeService.java:start(184)) - HddsDatanodeService host:pr-hdds-1569-m2srl-933925942 ip:192.168.34.53
2019-09-05 03:25:38,265 [org.apache.hadoop.util.JvmPauseMonitor$Monitor@2f9da5b9] INFO  util.JvmPauseMonitor (JvmPauseMonitor.java:run(188)) - Starting JVM pause monitor
2019-09-05 03:25:38,267 [Datanode State Machine Thread - 0] INFO  datanode.InitDatanodeState (InitDatanodeState.java:persistContainerDatanodeDetails(140)) - DatanodeDetails is persisted to /workdir/hadoop-ozone/integration-test/target/test-dir/MiniOzoneClusterImpl-38a6644a-5bd9-4915-9755-6661b6b928f7/datanode-4/meta/datanode.id
2019-09-05 03:25:38,273 [main] INFO  volume.HddsVolume (HddsVolume.java:<init>(176)) - Creating Volume: /workdir/hadoop-ozone/integration-test/target/test-dir/MiniOzoneClusterImpl-38a6644a-5bd9-4915-9755-6661b6b928f7/datanode-5/data/containers/hdds of  storage type : DISK and capacity : 1482555576320
2019-09-05 03:25:38,273 [main] INFO  volume.VolumeSet (VolumeSet.java:initializeVolumeSet(170)) - Added Volume : /workdir/hadoop-ozone/integration-test/target/test-dir/MiniOzoneClusterImpl-38a6644a-5bd9-4915-9755-6661b6b928f7/datanode-5/data/containers/hdds to VolumeSet
2019-09-05 03:25:38,274 [main] INFO  volume.ThrottledAsyncChecker (ThrottledAsyncChecker.java:schedule(140)) - Scheduling a check for org.apache.hadoop.ozone.container.common.volume.HddsVolume@464a3430
2019-09-05 03:25:38,274 [main] INFO  volume.HddsVolumeChecker (HddsVolumeChecker.java:checkAllVolumes(203)) - Scheduled health check for volume org.apache.hadoop.ozone.container.common.volume.HddsVolume@464a3430
2019-09-05 03:25:38,292 [main] INFO  impl.RaftServerProxy (ConfUtils.java:logGet(43)) - raft.rpc.type = GRPC (default)
2019-09-05 03:25:38,292 [main] INFO  grpc.GrpcFactory (GrpcFactory.java:checkPooledByteBufAllocatorUseCacheForAllThreads(45)) - PERFORMANCE WARNING: useCacheForAllThreads is true that may cause Netty to create a lot garbage objects and, as a result, trigger GC.
	It is recommended to disable useCacheForAllThreads by setting -Dorg.apache.ratis.thirdparty.io.netty.allocator.useCacheForAllThreads=false in command line.
2019-09-05 03:25:38,292 [main] INFO  grpc.GrpcConfigKeys$Server (ConfUtils.java:logGet(43)) - raft.grpc.server.port = 0 (default)
2019-09-05 03:25:38,292 [main] INFO  server.GrpcService (ConfUtils.java:logGet(43)) - raft.grpc.message.size.max = 33570816 (custom)
2019-09-05 03:25:38,292 [main] INFO  server.RaftServerConfigKeys (ConfUtils.java:logGet(43)) - raft.server.log.appender.buffer.byte-limit = 33554432 (custom)
2019-09-05 03:25:38,293 [main] INFO  server.GrpcService (ConfUtils.java:logGet(43)) - raft.grpc.flow.control.window = 1MB (=1048576) (default)
2019-09-05 03:25:38,293 [main] INFO  server.RaftServerConfigKeys (ConfUtils.java:logGet(43)) - raft.server.rpc.request.timeout = 3000ms (default)
2019-09-05 03:25:38,293 [main] INFO  server.RaftServerConfigKeys (ConfUtils.java:logGet(43)) - raft.server.storage.dir = [/workdir/hadoop-ozone/integration-test/target/test-dir/MiniOzoneClusterImpl-38a6644a-5bd9-4915-9755-6661b6b928f7/datanode-5/data/ratis] (custom)
2019-09-05 03:25:38,294 [main] INFO  replication.SimpleContainerDownloader (SimpleContainerDownloader.java:<init>(72)) - Starting container downloader service to copy containers to replicate.
2019-09-05 03:25:38,295 [main] INFO  hdfs.DFSUtil (DFSUtil.java:httpServerTemplateForNNAndJN(1641)) - Starting Web-server for hddsDatanode at: http://0.0.0.0:0
2019-09-05 03:25:38,297 [main] INFO  server.AuthenticationFilter (AuthenticationFilter.java:constructSecretProvider(240)) - Unable to initialize FileSignerSecretProvider, falling back to use random secrets.
2019-09-05 03:25:38,298 [main] WARN  http.HttpRequestLog (HttpRequestLog.java:getRequestLog(97)) - Jetty request log can only be enabled using Log4j
2019-09-05 03:25:38,300 [main] INFO  http.HttpServer2 (HttpServer2.java:addGlobalFilter(975)) - Added global filter 'safety' (class=org.apache.hadoop.http.HttpServer2$QuotingInputFilter)
2019-09-05 03:25:38,301 [main] INFO  http.HttpServer2 (HttpServer2.java:addFilter(948)) - Added filter static_user_filter (class=org.apache.hadoop.http.lib.StaticUserWebFilter$StaticUserFilter) to context hddsDatanode
2019-09-05 03:25:38,301 [main] INFO  http.HttpServer2 (HttpServer2.java:addFilter(958)) - Added filter static_user_filter (class=org.apache.hadoop.http.lib.StaticUserWebFilter$StaticUserFilter) to context static
2019-09-05 03:25:38,302 [main] INFO  http.HttpServer2 (HttpServer2.java:addFilter(958)) - Added filter static_user_filter (class=org.apache.hadoop.http.lib.StaticUserWebFilter$StaticUserFilter) to context logs
2019-09-05 03:25:38,303 [main] INFO  http.HttpServer2 (HttpServer2.java:bindListener(1191)) - Jetty bound to port 38965
2019-09-05 03:25:38,303 [main] INFO  server.Server (Server.java:doStart(351)) - jetty-9.3.24.v20180605, build timestamp: 2018-06-05T17:11:56Z, git hash: 84205aa28f11a4f31f2a3b86d1bba2cc8ab69827
2019-09-05 03:25:38,305 [main] INFO  handler.ContextHandler (ContextHandler.java:doStart(781)) - Started o.e.j.s.ServletContextHandler@26679788{/logs,file:///workdir/hadoop-ozone/integration-test/target/log,AVAILABLE}
2019-09-05 03:25:38,306 [main] INFO  handler.ContextHandler (ContextHandler.java:doStart(781)) - Started o.e.j.s.ServletContextHandler@4f2544b0{/static,jar:file:/home/user/.m2/repository/org/apache/hadoop/hadoop-hdds-container-service/0.5.0-SNAPSHOT/hadoop-hdds-container-service-0.5.0-SNAPSHOT.jar!/webapps/static,AVAILABLE}
2019-09-05 03:25:38,349 [main] INFO  handler.ContextHandler (ContextHandler.java:doStart(781)) - Started o.e.j.w.WebAppContext@460e5ffe{/,file:///tmp/jetty-0.0.0.0-38965-hddsDatanode-_-any-6865636800960060345.dir/webapp/,AVAILABLE}{/hddsDatanode}
2019-09-05 03:25:38,350 [main] INFO  server.AbstractConnector (AbstractConnector.java:doStart(278)) - Started ServerConnector@1a4cbcc6{HTTP/1.1,[http/1.1]}{0.0.0.0:38965}
2019-09-05 03:25:38,351 [main] INFO  server.Server (Server.java:doStart(419)) - Started @60629ms
2019-09-05 03:25:38,352 [main] INFO  server.BaseHttpServer (BaseHttpServer.java:updateConnectorAddress(213)) - HTTP server of HDDSDATANODE is listening at http://0.0.0.0:38965
2019-09-05 03:25:38,482 | INFO  | ObjectStoreRestHttpServer | Listening HDDS REST traffic on /0.0.0.0:40400 |  
2019-09-05 03:25:38,482 [main] INFO  ozone.HddsDatanodeService (HddsDatanodeService.java:startPlugins(395)) - Started plug-in org.apache.hadoop.ozone.web.OzoneHddsDatanodeService@291cbe70
2019-09-05 03:25:38,483 [main] INFO  impl.MetricsSystemImpl (MetricsSystemImpl.java:init(158)) - HddsDatanode metrics system started (again)
2019-09-05 03:25:38,488 [org.apache.hadoop.util.JvmPauseMonitor$Monitor@42c3d0cc] INFO  util.JvmPauseMonitor (JvmPauseMonitor.java:run(188)) - Starting JVM pause monitor
2019-09-05 03:25:38,489 [main] INFO  ozone.HddsDatanodeService (HddsDatanodeService.java:start(184)) - HddsDatanodeService host:pr-hdds-1569-m2srl-933925942 ip:192.168.34.53
2019-09-05 03:25:38,490 [Datanode State Machine Thread - 0] INFO  datanode.InitDatanodeState (InitDatanodeState.java:persistContainerDatanodeDetails(140)) - DatanodeDetails is persisted to /workdir/hadoop-ozone/integration-test/target/test-dir/MiniOzoneClusterImpl-38a6644a-5bd9-4915-9755-6661b6b928f7/datanode-5/meta/datanode.id
2019-09-05 03:25:38,498 [main] INFO  volume.HddsVolume (HddsVolume.java:<init>(176)) - Creating Volume: /workdir/hadoop-ozone/integration-test/target/test-dir/MiniOzoneClusterImpl-38a6644a-5bd9-4915-9755-6661b6b928f7/datanode-6/data/containers/hdds of  storage type : DISK and capacity : 1482555576320
2019-09-05 03:25:38,498 [main] INFO  volume.VolumeSet (VolumeSet.java:initializeVolumeSet(170)) - Added Volume : /workdir/hadoop-ozone/integration-test/target/test-dir/MiniOzoneClusterImpl-38a6644a-5bd9-4915-9755-6661b6b928f7/datanode-6/data/containers/hdds to VolumeSet
2019-09-05 03:25:38,498 [main] INFO  volume.ThrottledAsyncChecker (ThrottledAsyncChecker.java:schedule(140)) - Scheduling a check for org.apache.hadoop.ozone.container.common.volume.HddsVolume@23d978b
2019-09-05 03:25:38,498 [main] INFO  volume.HddsVolumeChecker (HddsVolumeChecker.java:checkAllVolumes(203)) - Scheduled health check for volume org.apache.hadoop.ozone.container.common.volume.HddsVolume@23d978b
2019-09-05 03:25:38,514 [main] INFO  impl.RaftServerProxy (ConfUtils.java:logGet(43)) - raft.rpc.type = GRPC (default)
2019-09-05 03:25:38,514 [main] INFO  grpc.GrpcFactory (GrpcFactory.java:checkPooledByteBufAllocatorUseCacheForAllThreads(45)) - PERFORMANCE WARNING: useCacheForAllThreads is true that may cause Netty to create a lot garbage objects and, as a result, trigger GC.
	It is recommended to disable useCacheForAllThreads by setting -Dorg.apache.ratis.thirdparty.io.netty.allocator.useCacheForAllThreads=false in command line.
2019-09-05 03:25:38,514 [main] INFO  grpc.GrpcConfigKeys$Server (ConfUtils.java:logGet(43)) - raft.grpc.server.port = 0 (default)
2019-09-05 03:25:38,514 [main] INFO  server.GrpcService (ConfUtils.java:logGet(43)) - raft.grpc.message.size.max = 33570816 (custom)
2019-09-05 03:25:38,514 [main] INFO  server.RaftServerConfigKeys (ConfUtils.java:logGet(43)) - raft.server.log.appender.buffer.byte-limit = 33554432 (custom)
2019-09-05 03:25:38,515 [main] INFO  server.GrpcService (ConfUtils.java:logGet(43)) - raft.grpc.flow.control.window = 1MB (=1048576) (default)
2019-09-05 03:25:38,515 [main] INFO  server.RaftServerConfigKeys (ConfUtils.java:logGet(43)) - raft.server.rpc.request.timeout = 3000ms (default)
2019-09-05 03:25:38,515 [main] INFO  server.RaftServerConfigKeys (ConfUtils.java:logGet(43)) - raft.server.storage.dir = [/workdir/hadoop-ozone/integration-test/target/test-dir/MiniOzoneClusterImpl-38a6644a-5bd9-4915-9755-6661b6b928f7/datanode-6/data/ratis] (custom)
2019-09-05 03:25:38,516 [main] INFO  replication.SimpleContainerDownloader (SimpleContainerDownloader.java:<init>(72)) - Starting container downloader service to copy containers to replicate.
2019-09-05 03:25:38,517 [main] INFO  hdfs.DFSUtil (DFSUtil.java:httpServerTemplateForNNAndJN(1641)) - Starting Web-server for hddsDatanode at: http://0.0.0.0:0
2019-09-05 03:25:38,518 [main] INFO  server.AuthenticationFilter (AuthenticationFilter.java:constructSecretProvider(240)) - Unable to initialize FileSignerSecretProvider, falling back to use random secrets.
2019-09-05 03:25:38,518 [main] WARN  http.HttpRequestLog (HttpRequestLog.java:getRequestLog(97)) - Jetty request log can only be enabled using Log4j
2019-09-05 03:25:38,520 [main] INFO  http.HttpServer2 (HttpServer2.java:addGlobalFilter(975)) - Added global filter 'safety' (class=org.apache.hadoop.http.HttpServer2$QuotingInputFilter)
2019-09-05 03:25:38,520 [main] INFO  http.HttpServer2 (HttpServer2.java:addFilter(948)) - Added filter static_user_filter (class=org.apache.hadoop.http.lib.StaticUserWebFilter$StaticUserFilter) to context hddsDatanode
2019-09-05 03:25:38,520 [main] INFO  http.HttpServer2 (HttpServer2.java:addFilter(958)) - Added filter static_user_filter (class=org.apache.hadoop.http.lib.StaticUserWebFilter$StaticUserFilter) to context logs
2019-09-05 03:25:38,520 [main] INFO  http.HttpServer2 (HttpServer2.java:addFilter(958)) - Added filter static_user_filter (class=org.apache.hadoop.http.lib.StaticUserWebFilter$StaticUserFilter) to context static
2019-09-05 03:25:38,521 [main] INFO  http.HttpServer2 (HttpServer2.java:bindListener(1191)) - Jetty bound to port 35533
2019-09-05 03:25:38,521 [main] INFO  server.Server (Server.java:doStart(351)) - jetty-9.3.24.v20180605, build timestamp: 2018-06-05T17:11:56Z, git hash: 84205aa28f11a4f31f2a3b86d1bba2cc8ab69827
2019-09-05 03:25:38,523 [main] INFO  handler.ContextHandler (ContextHandler.java:doStart(781)) - Started o.e.j.s.ServletContextHandler@270f7b4d{/logs,file:///workdir/hadoop-ozone/integration-test/target/log,AVAILABLE}
2019-09-05 03:25:38,523 [main] INFO  handler.ContextHandler (ContextHandler.java:doStart(781)) - Started o.e.j.s.ServletContextHandler@ab4d2ba{/static,jar:file:/home/user/.m2/repository/org/apache/hadoop/hadoop-hdds-container-service/0.5.0-SNAPSHOT/hadoop-hdds-container-service-0.5.0-SNAPSHOT.jar!/webapps/static,AVAILABLE}
2019-09-05 03:25:38,567 [main] INFO  handler.ContextHandler (ContextHandler.java:doStart(781)) - Started o.e.j.w.WebAppContext@1f85904a{/,file:///tmp/jetty-0.0.0.0-35533-hddsDatanode-_-any-4173220230289163438.dir/webapp/,AVAILABLE}{/hddsDatanode}
2019-09-05 03:25:38,568 [main] INFO  server.AbstractConnector (AbstractConnector.java:doStart(278)) - Started ServerConnector@514dc5f4{HTTP/1.1,[http/1.1]}{0.0.0.0:35533}
2019-09-05 03:25:38,569 [main] INFO  server.Server (Server.java:doStart(419)) - Started @60847ms
2019-09-05 03:25:38,570 [main] INFO  server.BaseHttpServer (BaseHttpServer.java:updateConnectorAddress(213)) - HTTP server of HDDSDATANODE is listening at http://0.0.0.0:35533
2019-09-05 03:25:38,713 | INFO  | ObjectStoreRestHttpServer | Listening HDDS REST traffic on /0.0.0.0:42670 |  
2019-09-05 03:25:38,714 [main] INFO  ozone.HddsDatanodeService (HddsDatanodeService.java:startPlugins(395)) - Started plug-in org.apache.hadoop.ozone.web.OzoneHddsDatanodeService@35d0749
2019-09-05 03:25:38,714 [main] INFO  ozone.MiniOzoneClusterImpl (MiniOzoneClusterImpl.java:lambda$waitForClusterToBeReady$0(142)) - Waiting for cluster to be ready. Got 0 of 7 DN Heartbeats.
2019-09-05 03:25:38,716 [org.apache.hadoop.util.JvmPauseMonitor$Monitor@6959111e] INFO  util.JvmPauseMonitor (JvmPauseMonitor.java:run(188)) - Starting JVM pause monitor
2019-09-05 03:25:38,718 [Datanode State Machine Thread - 0] INFO  datanode.InitDatanodeState (InitDatanodeState.java:persistContainerDatanodeDetails(140)) - DatanodeDetails is persisted to /workdir/hadoop-ozone/integration-test/target/test-dir/MiniOzoneClusterImpl-38a6644a-5bd9-4915-9755-6661b6b928f7/datanode-6/meta/datanode.id
2019-09-05 03:25:39,068 | INFO  | SCMAudit | user=jenkins1000 | ip=192.168.34.53 | op=GET_VERSION null | ret=SUCCESS |  
2019-09-05 03:25:39,160 [Datanode State Machine Thread - 0] INFO  ozoneimpl.OzoneContainer (OzoneContainer.java:start(186)) - Attempting to start container services.
2019-09-05 03:25:39,162 [Datanode State Machine Thread - 0] INFO  ozoneimpl.OzoneContainer (OzoneContainer.java:startContainerScrub(160)) - Background container scrubber has been disabled by hdds.containerscrub.enabled
2019-09-05 03:25:39,162 [Datanode State Machine Thread - 0] INFO  ratis.XceiverServerRatis (XceiverServerRatis.java:start(404)) - Starting XceiverServerRatis 56431364-4f3b-4c40-806d-c9164d34aa1e at port 0
2019-09-05 03:25:39,170 [Datanode State Machine Thread - 0] INFO  impl.RaftServerProxy (RaftServerProxy.java:lambda$start$3(299)) - 56431364-4f3b-4c40-806d-c9164d34aa1e: start RPC server
2019-09-05 03:25:39,172 [Datanode State Machine Thread - 0] INFO  server.GrpcService (GrpcService.java:startImpl(149)) - 56431364-4f3b-4c40-806d-c9164d34aa1e: GrpcService started, listening on 0.0.0.0/0.0.0.0:43493
2019-09-05 03:25:39,172 [Datanode State Machine Thread - 0] INFO  ratis.XceiverServerRatis (XceiverServerRatis.java:start(414)) - XceiverServerRatis 56431364-4f3b-4c40-806d-c9164d34aa1e is started using port 43493
2019-09-05 03:25:39,173 [Datanode State Machine Thread - 0] INFO  server.XceiverServerGrpc (XceiverServerGrpc.java:start(163)) - XceiverServerGrpc 56431364-4f3b-4c40-806d-c9164d34aa1e is started using port 38407
2019-09-05 03:25:39,278 | INFO  | SCMAudit | user=jenkins1000 | ip=192.168.34.53 | op=GET_VERSION null | ret=SUCCESS |  
2019-09-05 03:25:39,346 [Datanode State Machine Thread - 0] INFO  ozoneimpl.OzoneContainer (OzoneContainer.java:start(186)) - Attempting to start container services.
2019-09-05 03:25:39,354 [Datanode State Machine Thread - 0] INFO  ozoneimpl.OzoneContainer (OzoneContainer.java:startContainerScrub(160)) - Background container scrubber has been disabled by hdds.containerscrub.enabled
2019-09-05 03:25:39,354 [Datanode State Machine Thread - 0] INFO  ratis.XceiverServerRatis (XceiverServerRatis.java:start(404)) - Starting XceiverServerRatis 3ae5d83c-115d-493e-a141-01bd711a0fb1 at port 0
2019-09-05 03:25:39,363 [Datanode State Machine Thread - 0] INFO  impl.RaftServerProxy (RaftServerProxy.java:lambda$start$3(299)) - 3ae5d83c-115d-493e-a141-01bd711a0fb1: start RPC server
2019-09-05 03:25:39,364 [Datanode State Machine Thread - 0] INFO  server.GrpcService (GrpcService.java:startImpl(149)) - 3ae5d83c-115d-493e-a141-01bd711a0fb1: GrpcService started, listening on 0.0.0.0/0.0.0.0:38838
2019-09-05 03:25:39,364 [Datanode State Machine Thread - 0] INFO  ratis.XceiverServerRatis (XceiverServerRatis.java:start(414)) - XceiverServerRatis 3ae5d83c-115d-493e-a141-01bd711a0fb1 is started using port 38838
2019-09-05 03:25:39,365 [Datanode State Machine Thread - 0] INFO  server.XceiverServerGrpc (XceiverServerGrpc.java:start(163)) - XceiverServerGrpc 3ae5d83c-115d-493e-a141-01bd711a0fb1 is started using port 36434
2019-09-05 03:25:39,478 | INFO  | SCMAudit | user=jenkins1000 | ip=192.168.34.53 | op=GET_VERSION null | ret=SUCCESS |  
2019-09-05 03:25:39,548 [Datanode State Machine Thread - 0] INFO  ozoneimpl.OzoneContainer (OzoneContainer.java:start(186)) - Attempting to start container services.
2019-09-05 03:25:39,548 [Datanode State Machine Thread - 0] INFO  ozoneimpl.OzoneContainer (OzoneContainer.java:startContainerScrub(160)) - Background container scrubber has been disabled by hdds.containerscrub.enabled
2019-09-05 03:25:39,548 [Datanode State Machine Thread - 0] INFO  ratis.XceiverServerRatis (XceiverServerRatis.java:start(404)) - Starting XceiverServerRatis 514a2e68-35f0-4c50-97b9-a7f344dd70d0 at port 0
2019-09-05 03:25:39,556 [Datanode State Machine Thread - 0] INFO  impl.RaftServerProxy (RaftServerProxy.java:lambda$start$3(299)) - 514a2e68-35f0-4c50-97b9-a7f344dd70d0: start RPC server
2019-09-05 03:25:39,566 [Datanode State Machine Thread - 0] INFO  server.GrpcService (GrpcService.java:startImpl(149)) - 514a2e68-35f0-4c50-97b9-a7f344dd70d0: GrpcService started, listening on 0.0.0.0/0.0.0.0:34839
2019-09-05 03:25:39,566 [Datanode State Machine Thread - 0] INFO  ratis.XceiverServerRatis (XceiverServerRatis.java:start(414)) - XceiverServerRatis 514a2e68-35f0-4c50-97b9-a7f344dd70d0 is started using port 34839
2019-09-05 03:25:39,572 [Datanode State Machine Thread - 0] INFO  server.XceiverServerGrpc (XceiverServerGrpc.java:start(163)) - XceiverServerGrpc 514a2e68-35f0-4c50-97b9-a7f344dd70d0 is started using port 39859
2019-09-05 03:25:39,715 [main] INFO  ozone.MiniOzoneClusterImpl (MiniOzoneClusterImpl.java:lambda$waitForClusterToBeReady$0(142)) - Waiting for cluster to be ready. Got 0 of 7 DN Heartbeats.
2019-09-05 03:25:39,789 | INFO  | SCMAudit | user=jenkins1000 | ip=192.168.34.53 | op=GET_VERSION null | ret=SUCCESS |  
2019-09-05 03:25:39,844 [Datanode State Machine Thread - 0] INFO  ozoneimpl.OzoneContainer (OzoneContainer.java:start(186)) - Attempting to start container services.
2019-09-05 03:25:39,845 [Datanode State Machine Thread - 0] INFO  ozoneimpl.OzoneContainer (OzoneContainer.java:startContainerScrub(160)) - Background container scrubber has been disabled by hdds.containerscrub.enabled
2019-09-05 03:25:39,845 [Datanode State Machine Thread - 0] INFO  ratis.XceiverServerRatis (XceiverServerRatis.java:start(404)) - Starting XceiverServerRatis 838608ba-8b7b-40e1-8b89-0ac8f38cbb42 at port 0
2019-09-05 03:25:39,853 [Datanode State Machine Thread - 0] INFO  impl.RaftServerProxy (RaftServerProxy.java:lambda$start$3(299)) - 838608ba-8b7b-40e1-8b89-0ac8f38cbb42: start RPC server
2019-09-05 03:25:39,854 [Datanode State Machine Thread - 0] INFO  server.GrpcService (GrpcService.java:startImpl(149)) - 838608ba-8b7b-40e1-8b89-0ac8f38cbb42: GrpcService started, listening on 0.0.0.0/0.0.0.0:41281
2019-09-05 03:25:39,854 [Datanode State Machine Thread - 0] INFO  ratis.XceiverServerRatis (XceiverServerRatis.java:start(414)) - XceiverServerRatis 838608ba-8b7b-40e1-8b89-0ac8f38cbb42 is started using port 41281
2019-09-05 03:25:39,855 [Datanode State Machine Thread - 0] INFO  server.XceiverServerGrpc (XceiverServerGrpc.java:start(163)) - XceiverServerGrpc 838608ba-8b7b-40e1-8b89-0ac8f38cbb42 is started using port 34852
2019-09-05 03:25:40,266 | INFO  | SCMAudit | user=jenkins1000 | ip=192.168.34.53 | op=GET_VERSION null | ret=SUCCESS |  
2019-09-05 03:25:40,325 [Datanode State Machine Thread - 0] INFO  ozoneimpl.OzoneContainer (OzoneContainer.java:start(186)) - Attempting to start container services.
2019-09-05 03:25:40,325 [Datanode State Machine Thread - 0] INFO  ozoneimpl.OzoneContainer (OzoneContainer.java:startContainerScrub(160)) - Background container scrubber has been disabled by hdds.containerscrub.enabled
2019-09-05 03:25:40,326 [Datanode State Machine Thread - 0] INFO  ratis.XceiverServerRatis (XceiverServerRatis.java:start(404)) - Starting XceiverServerRatis 09804a23-7f5e-4639-98b0-dd8aac3c1a3d at port 0
2019-09-05 03:25:40,333 [Datanode State Machine Thread - 0] INFO  impl.RaftServerProxy (RaftServerProxy.java:lambda$start$3(299)) - 09804a23-7f5e-4639-98b0-dd8aac3c1a3d: start RPC server
2019-09-05 03:25:40,334 [Datanode State Machine Thread - 0] INFO  server.GrpcService (GrpcService.java:startImpl(149)) - 09804a23-7f5e-4639-98b0-dd8aac3c1a3d: GrpcService started, listening on 0.0.0.0/0.0.0.0:46077
2019-09-05 03:25:40,334 [Datanode State Machine Thread - 0] INFO  ratis.XceiverServerRatis (XceiverServerRatis.java:start(414)) - XceiverServerRatis 09804a23-7f5e-4639-98b0-dd8aac3c1a3d is started using port 46077
2019-09-05 03:25:40,335 [Datanode State Machine Thread - 0] INFO  server.XceiverServerGrpc (XceiverServerGrpc.java:start(163)) - XceiverServerGrpc 09804a23-7f5e-4639-98b0-dd8aac3c1a3d is started using port 43539
2019-09-05 03:25:40,490 | INFO  | SCMAudit | user=jenkins1000 | ip=192.168.34.53 | op=GET_VERSION null | ret=SUCCESS |  
2019-09-05 03:25:40,575 [Datanode State Machine Thread - 0] INFO  ozoneimpl.OzoneContainer (OzoneContainer.java:start(186)) - Attempting to start container services.
2019-09-05 03:25:40,576 [Datanode State Machine Thread - 0] INFO  ozoneimpl.OzoneContainer (OzoneContainer.java:startContainerScrub(160)) - Background container scrubber has been disabled by hdds.containerscrub.enabled
2019-09-05 03:25:40,576 [Datanode State Machine Thread - 0] INFO  ratis.XceiverServerRatis (XceiverServerRatis.java:start(404)) - Starting XceiverServerRatis f8e72f0f-27ad-4da0-a4ac-f742e69d6053 at port 0
2019-09-05 03:25:40,583 [Datanode State Machine Thread - 0] INFO  impl.RaftServerProxy (RaftServerProxy.java:lambda$start$3(299)) - f8e72f0f-27ad-4da0-a4ac-f742e69d6053: start RPC server
2019-09-05 03:25:40,586 [Datanode State Machine Thread - 0] INFO  server.GrpcService (GrpcService.java:startImpl(149)) - f8e72f0f-27ad-4da0-a4ac-f742e69d6053: GrpcService started, listening on 0.0.0.0/0.0.0.0:43454
2019-09-05 03:25:40,586 [Datanode State Machine Thread - 0] INFO  ratis.XceiverServerRatis (XceiverServerRatis.java:start(414)) - XceiverServerRatis f8e72f0f-27ad-4da0-a4ac-f742e69d6053 is started using port 43454
2019-09-05 03:25:40,587 [Datanode State Machine Thread - 0] INFO  server.XceiverServerGrpc (XceiverServerGrpc.java:start(163)) - XceiverServerGrpc f8e72f0f-27ad-4da0-a4ac-f742e69d6053 is started using port 43598
2019-09-05 03:25:40,716 [main] INFO  ozone.MiniOzoneClusterImpl (MiniOzoneClusterImpl.java:lambda$waitForClusterToBeReady$0(142)) - Waiting for cluster to be ready. Got 0 of 7 DN Heartbeats.
2019-09-05 03:25:40,717 | INFO  | SCMAudit | user=jenkins1000 | ip=192.168.34.53 | op=GET_VERSION null | ret=SUCCESS |  
2019-09-05 03:25:40,784 [Datanode State Machine Thread - 0] INFO  ozoneimpl.OzoneContainer (OzoneContainer.java:start(186)) - Attempting to start container services.
2019-09-05 03:25:40,784 [Datanode State Machine Thread - 0] INFO  ozoneimpl.OzoneContainer (OzoneContainer.java:startContainerScrub(160)) - Background container scrubber has been disabled by hdds.containerscrub.enabled
2019-09-05 03:25:40,784 [Datanode State Machine Thread - 0] INFO  ratis.XceiverServerRatis (XceiverServerRatis.java:start(404)) - Starting XceiverServerRatis d5831d47-7264-4585-8f97-4cba7bdc2965 at port 0
2019-09-05 03:25:40,791 [Datanode State Machine Thread - 0] INFO  impl.RaftServerProxy (RaftServerProxy.java:lambda$start$3(299)) - d5831d47-7264-4585-8f97-4cba7bdc2965: start RPC server
2019-09-05 03:25:40,798 [Datanode State Machine Thread - 0] INFO  server.GrpcService (GrpcService.java:startImpl(149)) - d5831d47-7264-4585-8f97-4cba7bdc2965: GrpcService started, listening on 0.0.0.0/0.0.0.0:38640
2019-09-05 03:25:40,798 [Datanode State Machine Thread - 0] INFO  ratis.XceiverServerRatis (XceiverServerRatis.java:start(414)) - XceiverServerRatis d5831d47-7264-4585-8f97-4cba7bdc2965 is started using port 38640
2019-09-05 03:25:40,799 [Datanode State Machine Thread - 0] INFO  server.XceiverServerGrpc (XceiverServerGrpc.java:start(163)) - XceiverServerGrpc d5831d47-7264-4585-8f97-4cba7bdc2965 is started using port 40337
2019-09-05 03:25:41,067 [IPC Server handler 3 on 38110] INFO  net.NetworkTopology (NetworkTopologyImpl.java:add(110)) - Added a new node: /default-rack/56431364-4f3b-4c40-806d-c9164d34aa1e
2019-09-05 03:25:41,070 [IPC Server handler 3 on 38110] INFO  node.SCMNodeManager (SCMNodeManager.java:register(273)) - Registered Data node : 56431364-4f3b-4c40-806d-c9164d34aa1e{ip: 192.168.34.53, host: pr-hdds-1569-m2srl-933925942, networkLocation: /default-rack, certSerialId: null}
2019-09-05 03:25:41,071 [EventQueue-NodeRegistrationContainerReportForDataNodeSafeModeRule] INFO  safemode.SCMSafeModeManager (DataNodeSafeModeRule.java:process(71)) - SCM in safe mode. 1 DataNodes registered, 1 required.
2019-09-05 03:25:41,073 [EventQueue-NodeRegistrationContainerReportForDataNodeSafeModeRule] INFO  safemode.SCMSafeModeManager (SCMSafeModeManager.java:validateSafeModeExitRules(177)) - ScmSafeModeManager, all rules are successfully validated
2019-09-05 03:25:41,073 | INFO  | SCMAudit | user=jenkins1000 | ip=192.168.34.53 | op=REGISTER {datanodeDetails=56431364-4f3b-4c40-806d-c9164d34aa1e{ip: 192.168.34.53, host: pr-hdds-1569-m2srl-933925942, networkLocation: /default-rack, certSerialId: null}} | ret=SUCCESS |  
2019-09-05 03:25:41,073 [EventQueue-NodeRegistrationContainerReportForDataNodeSafeModeRule] INFO  safemode.SCMSafeModeManager (SCMSafeModeManager.java:exitSafeMode(193)) - SCM exiting safe mode.
2019-09-05 03:25:41,087 [grpc-default-executor-3] INFO  impl.RaftServerProxy (RaftServerProxy.java:addNew(89)) - 56431364-4f3b-4c40-806d-c9164d34aa1e: addNew group-CA5FB9AC806A:[56431364-4f3b-4c40-806d-c9164d34aa1e:192.168.34.53:43493] returns group-CA5FB9AC806A:java.util.concurrent.CompletableFuture@77656580[Not completed]
2019-09-05 03:25:41,088 [pool-126-thread-1] INFO  impl.RaftServerImpl (RaftServerImpl.java:<init>(93)) - 56431364-4f3b-4c40-806d-c9164d34aa1e: new RaftServerImpl for group-CA5FB9AC806A:[56431364-4f3b-4c40-806d-c9164d34aa1e:192.168.34.53:43493] with ContainerStateMachine:uninitialized
2019-09-05 03:25:41,089 [pool-126-thread-1] INFO  server.RaftServerConfigKeys (ConfUtils.java:logGet(43)) - raft.server.rpc.timeout.min = 5s (custom)
2019-09-05 03:25:41,089 [pool-126-thread-1] INFO  server.RaftServerConfigKeys (ConfUtils.java:logGet(43)) - raft.server.rpc.timeout.max = 5200ms (custom)
2019-09-05 03:25:41,089 [pool-126-thread-1] INFO  server.RaftServerConfigKeys (ConfUtils.java:logGet(43)) - raft.server.rpcslowness.timeout = 120s (custom)
2019-09-05 03:25:41,089 [pool-126-thread-1] INFO  server.RaftServerConfigKeys (ConfUtils.java:logGet(43)) - raft.server.sleep.deviation.threshold = 300 (default)
2019-09-05 03:25:41,089 [pool-126-thread-1] INFO  server.RaftServerConfigKeys (ConfUtils.java:logGet(43)) - raft.server.log.appender.install.snapshot.enabled = false (custom)
2019-09-05 03:25:41,089 [pool-126-thread-1] INFO  impl.RaftServerImpl (ServerState.java:<init>(105)) - 56431364-4f3b-4c40-806d-c9164d34aa1e:group-CA5FB9AC806A ConfigurationManager, init=-1: [56431364-4f3b-4c40-806d-c9164d34aa1e:192.168.34.53:43493], old=null, confs=<EMPTY_MAP>
2019-09-05 03:25:41,090 [pool-126-thread-1] INFO  server.RaftServerConfigKeys (ConfUtils.java:logGet(43)) - raft.server.storage.dir = [/workdir/hadoop-ozone/integration-test/target/test-dir/MiniOzoneClusterImpl-38a6644a-5bd9-4915-9755-6661b6b928f7/datanode-0/data/ratis] (custom)
2019-09-05 03:25:41,090 [pool-126-thread-1] INFO  storage.RaftStorageDirectory (RaftStorageDirectory.java:analyzeStorage(246)) - The storage directory /workdir/hadoop-ozone/integration-test/target/test-dir/MiniOzoneClusterImpl-38a6644a-5bd9-4915-9755-6661b6b928f7/datanode-0/data/ratis/afa8b12c-c3b7-4969-b7ca-ca5fb9ac806a does not exist. Creating ...
2019-09-05 03:25:41,159 [pool-126-thread-1] INFO  storage.RaftStorageDirectory (RaftStorageDirectory.java:tryLock(328)) - Lock on /workdir/hadoop-ozone/integration-test/target/test-dir/MiniOzoneClusterImpl-38a6644a-5bd9-4915-9755-6661b6b928f7/datanode-0/data/ratis/afa8b12c-c3b7-4969-b7ca-ca5fb9ac806a/in_use.lock acquired by nodename 25942@pr-hdds-1569-m2srl-933925942
2019-09-05 03:25:41,226 [pool-126-thread-1] INFO  storage.RaftStorage (RaftStorage.java:format(72)) - Storage directory /workdir/hadoop-ozone/integration-test/target/test-dir/MiniOzoneClusterImpl-38a6644a-5bd9-4915-9755-6661b6b928f7/datanode-0/data/ratis/afa8b12c-c3b7-4969-b7ca-ca5fb9ac806a has been successfully formatted.
2019-09-05 03:25:41,227 [pool-126-thread-1] INFO  ratis.ContainerStateMachine (ContainerStateMachine.java:loadSnapshot(226)) - group-CA5FB9AC806A: The snapshot info is null. Setting the last applied indexto:(t:0, i:~)
2019-09-05 03:25:41,227 [pool-126-thread-1] INFO  server.RaftServerConfigKeys (ConfUtils.java:logGet(43)) - raft.server.leader.election.timeout = 120s (custom)
2019-09-05 03:25:41,227 [pool-126-thread-1] INFO  server.RaftServerConfigKeys (ConfUtils.java:logGet(43)) - raft.server.log.use.memory = false (default)
2019-09-05 03:25:41,228 [pool-126-thread-1] INFO  server.RaftServerConfigKeys (ConfUtils.java:logGet(43)) - raft.server.log.purge.gap = 1000000 (custom)
2019-09-05 03:25:41,228 [pool-126-thread-1] INFO  server.RaftServerConfigKeys (ConfUtils.java:logGet(43)) - raft.server.log.appender.buffer.byte-limit = 33554432 (custom)
2019-09-05 03:25:41,228 [pool-126-thread-1] INFO  server.RaftServerConfigKeys (ConfUtils.java:logGet(43)) - raft.server.log.segment.size.max = 1048576 (custom)
2019-09-05 03:25:41,228 [pool-126-thread-1] INFO  server.RaftServerConfigKeys (ConfUtils.java:logGet(43)) - raft.server.log.segment.cache.num.max = 2 (custom)
2019-09-05 03:25:41,229 [pool-126-thread-1] INFO  segmented.SegmentedRaftLogWorker (SegmentedRaftLogWorker.java:<init>(172)) - new 56431364-4f3b-4c40-806d-c9164d34aa1e-SegmentedRaftLogWorker:Storage Directory /workdir/hadoop-ozone/integration-test/target/test-dir/MiniOzoneClusterImpl-38a6644a-5bd9-4915-9755-6661b6b928f7/datanode-0/data/ratis/afa8b12c-c3b7-4969-b7ca-ca5fb9ac806a for RaftStorage:Storage Directory /workdir/hadoop-ozone/integration-test/target/test-dir/MiniOzoneClusterImpl-38a6644a-5bd9-4915-9755-6661b6b928f7/datanode-0/data/ratis/afa8b12c-c3b7-4969-b7ca-ca5fb9ac806a
2019-09-05 03:25:41,229 [pool-126-thread-1] INFO  server.RaftServerConfigKeys (ConfUtils.java:logGet(43)) - raft.server.log.queue.byte-limit = 2147483647 (custom)
2019-09-05 03:25:41,229 [pool-126-thread-1] INFO  server.RaftServerConfigKeys (ConfUtils.java:logGet(43)) - raft.server.log.queue.element-limit = 1024 (custom)
2019-09-05 03:25:41,230 [pool-126-thread-1] INFO  server.RaftServerConfigKeys (ConfUtils.java:logGet(43)) - raft.server.log.segment.size.max = 1048576 (custom)
2019-09-05 03:25:41,230 [pool-126-thread-1] INFO  server.RaftServerConfigKeys (ConfUtils.java:logGet(43)) - raft.server.log.preallocated.size = 16384 (custom)
2019-09-05 03:25:41,230 [pool-126-thread-1] INFO  server.RaftServerConfigKeys (ConfUtils.java:logGet(43)) - raft.server.log.write.buffer.size = 33554432 (custom)
2019-09-05 03:25:41,231 [pool-126-thread-1] INFO  server.RaftServerConfigKeys (ConfUtils.java:logGet(43)) - raft.server.log.force.sync.num = 128 (default)
2019-09-05 03:25:41,231 [pool-126-thread-1] INFO  server.RaftServerConfigKeys (ConfUtils.java:logGet(43)) - raft.server.log.statemachine.data.sync = true (default)
2019-09-05 03:25:41,231 [pool-126-thread-1] INFO  server.RaftServerConfigKeys (ConfUtils.java:logGet(43)) - raft.server.log.statemachine.data.sync.timeout = 10s (default)
2019-09-05 03:25:41,231 [pool-126-thread-1] INFO  server.RaftServerConfigKeys (ConfUtils.java:logGet(43)) - raft.server.log.statemachine.data.sync.timeout.retry = -1 (default)
2019-09-05 03:25:41,232 [pool-126-thread-1] INFO  server.RaftServerConfigKeys (ConfUtils.java:logGet(43)) - raft.server.log.statemachine.data.caching.enabled = true (custom)
2019-09-05 03:25:41,232 [pool-126-thread-1] INFO  segmented.SegmentedRaftLogWorker (SegmentedRaftLogWorker.java:lambda$new$0(132)) - 56431364-4f3b-4c40-806d-c9164d34aa1e-SegmentedRaftLogWorker:Storage Directory /workdir/hadoop-ozone/integration-test/target/test-dir/MiniOzoneClusterImpl-38a6644a-5bd9-4915-9755-6661b6b928f7/datanode-0/data/ratis/afa8b12c-c3b7-4969-b7ca-ca5fb9ac806a: flushIndex: setUnconditionally 0 -> -1
2019-09-05 03:25:41,233 [pool-126-thread-1] INFO  server.RaftServerConfigKeys (ConfUtils.java:logGet(43)) - raft.server.snapshot.auto.trigger.enabled = true (custom)
2019-09-05 03:25:41,233 [pool-126-thread-1] INFO  server.RaftServerConfigKeys (ConfUtils.java:logGet(43)) - raft.server.snapshot.auto.trigger.threshold = 10000 (custom)
2019-09-05 03:25:41,233 [pool-126-thread-1] INFO  server.RaftServerConfigKeys (ConfUtils.java:logGet(43)) - raft.server.retrycache.expirytime = 600000ms (custom)
2019-09-05 03:25:41,234 [pool-126-thread-1] INFO  impl.RaftServerImpl (RaftServerImpl.java:start(180)) - 56431364-4f3b-4c40-806d-c9164d34aa1e: start group-CA5FB9AC806A
2019-09-05 03:25:41,234 [pool-126-thread-1] INFO  impl.RaftServerImpl (RaftServerImpl.java:setRole(171)) - 56431364-4f3b-4c40-806d-c9164d34aa1e:group-CA5FB9AC806A changes role from null to FOLLOWER at term 0 for startAsFollower
2019-09-05 03:25:41,234 [pool-126-thread-1] INFO  impl.RoleInfo (RoleInfo.java:updateAndGet(143)) - 56431364-4f3b-4c40-806d-c9164d34aa1e: start FollowerState
2019-09-05 03:25:41,236 [pool-126-thread-1] INFO  util.JmxRegister (JmxRegister.java:tryRegister(44)) - Successfully registered JMX Bean with object name Ratis:service=RaftServer,group=group-CA5FB9AC806A,id=56431364-4f3b-4c40-806d-c9164d34aa1e
2019-09-05 03:25:41,240 [RatisPipelineUtilsThread] INFO  pipeline.PipelineStateManager (PipelineStateManager.java:addPipeline(56)) - Created pipeline Pipeline[ Id: afa8b12c-c3b7-4969-b7ca-ca5fb9ac806a, Nodes: 56431364-4f3b-4c40-806d-c9164d34aa1e{ip: 192.168.34.53, host: pr-hdds-1569-m2srl-933925942, networkLocation: /default-rack, certSerialId: null}, Type:RATIS, Factor:ONE, State:OPEN]
2019-09-05 03:25:41,279 [IPC Server handler 2 on 38110] INFO  net.NetworkTopology (NetworkTopologyImpl.java:add(110)) - Added a new node: /default-rack/3ae5d83c-115d-493e-a141-01bd711a0fb1
2019-09-05 03:25:41,279 [IPC Server handler 2 on 38110] INFO  node.SCMNodeManager (SCMNodeManager.java:register(273)) - Registered Data node : 3ae5d83c-115d-493e-a141-01bd711a0fb1{ip: 192.168.34.53, host: pr-hdds-1569-m2srl-933925942, networkLocation: /default-rack, certSerialId: null}
2019-09-05 03:25:41,280 | INFO  | SCMAudit | user=jenkins1000 | ip=192.168.34.53 | op=REGISTER {datanodeDetails=3ae5d83c-115d-493e-a141-01bd711a0fb1{ip: 192.168.34.53, host: pr-hdds-1569-m2srl-933925942, networkLocation: /default-rack, certSerialId: null}} | ret=SUCCESS |  
2019-09-05 03:25:41,291 [grpc-default-executor-3] INFO  impl.RaftServerProxy (RaftServerProxy.java:addNew(89)) - 3ae5d83c-115d-493e-a141-01bd711a0fb1: addNew group-1095D29670F7:[3ae5d83c-115d-493e-a141-01bd711a0fb1:192.168.34.53:38838] returns group-1095D29670F7:java.util.concurrent.CompletableFuture@5ab77b3f[Not completed]
2019-09-05 03:25:41,295 [pool-137-thread-1] INFO  impl.RaftServerImpl (RaftServerImpl.java:<init>(93)) - 3ae5d83c-115d-493e-a141-01bd711a0fb1: new RaftServerImpl for group-1095D29670F7:[3ae5d83c-115d-493e-a141-01bd711a0fb1:192.168.34.53:38838] with ContainerStateMachine:uninitialized
2019-09-05 03:25:41,296 [pool-137-thread-1] INFO  server.RaftServerConfigKeys (ConfUtils.java:logGet(43)) - raft.server.rpc.timeout.min = 5s (custom)
2019-09-05 03:25:41,296 [pool-137-thread-1] INFO  server.RaftServerConfigKeys (ConfUtils.java:logGet(43)) - raft.server.rpc.timeout.max = 5200ms (custom)
2019-09-05 03:25:41,296 [pool-137-thread-1] INFO  server.RaftServerConfigKeys (ConfUtils.java:logGet(43)) - raft.server.rpcslowness.timeout = 120s (custom)
2019-09-05 03:25:41,296 [pool-137-thread-1] INFO  server.RaftServerConfigKeys (ConfUtils.java:logGet(43)) - raft.server.sleep.deviation.threshold = 300 (default)
2019-09-05 03:25:41,296 [pool-137-thread-1] INFO  server.RaftServerConfigKeys (ConfUtils.java:logGet(43)) - raft.server.log.appender.install.snapshot.enabled = false (custom)
2019-09-05 03:25:41,296 [pool-137-thread-1] INFO  impl.RaftServerImpl (ServerState.java:<init>(105)) - 3ae5d83c-115d-493e-a141-01bd711a0fb1:group-1095D29670F7 ConfigurationManager, init=-1: [3ae5d83c-115d-493e-a141-01bd711a0fb1:192.168.34.53:38838], old=null, confs=<EMPTY_MAP>
2019-09-05 03:25:41,297 [pool-137-thread-1] INFO  server.RaftServerConfigKeys (ConfUtils.java:logGet(43)) - raft.server.storage.dir = [/workdir/hadoop-ozone/integration-test/target/test-dir/MiniOzoneClusterImpl-38a6644a-5bd9-4915-9755-6661b6b928f7/datanode-1/data/ratis] (custom)
2019-09-05 03:25:41,297 [pool-137-thread-1] INFO  storage.RaftStorageDirectory (RaftStorageDirectory.java:analyzeStorage(246)) - The storage directory /workdir/hadoop-ozone/integration-test/target/test-dir/MiniOzoneClusterImpl-38a6644a-5bd9-4915-9755-6661b6b928f7/datanode-1/data/ratis/5389c78e-2857-44dd-bd70-1095d29670f7 does not exist. Creating ...
2019-09-05 03:25:41,355 [pool-137-thread-1] INFO  storage.RaftStorageDirectory (RaftStorageDirectory.java:tryLock(328)) - Lock on /workdir/hadoop-ozone/integration-test/target/test-dir/MiniOzoneClusterImpl-38a6644a-5bd9-4915-9755-6661b6b928f7/datanode-1/data/ratis/5389c78e-2857-44dd-bd70-1095d29670f7/in_use.lock acquired by nodename 25942@pr-hdds-1569-m2srl-933925942
2019-09-05 03:25:41,397 [pool-137-thread-1] INFO  storage.RaftStorage (RaftStorage.java:format(72)) - Storage directory /workdir/hadoop-ozone/integration-test/target/test-dir/MiniOzoneClusterImpl-38a6644a-5bd9-4915-9755-6661b6b928f7/datanode-1/data/ratis/5389c78e-2857-44dd-bd70-1095d29670f7 has been successfully formatted.
2019-09-05 03:25:41,398 [pool-137-thread-1] INFO  ratis.ContainerStateMachine (ContainerStateMachine.java:loadSnapshot(226)) - group-1095D29670F7: The snapshot info is null. Setting the last applied indexto:(t:0, i:~)
2019-09-05 03:25:41,398 [pool-137-thread-1] INFO  server.RaftServerConfigKeys (ConfUtils.java:logGet(43)) - raft.server.leader.election.timeout = 120s (custom)
2019-09-05 03:25:41,398 [pool-137-thread-1] INFO  server.RaftServerConfigKeys (ConfUtils.java:logGet(43)) - raft.server.log.use.memory = false (default)
2019-09-05 03:25:41,398 [pool-137-thread-1] INFO  server.RaftServerConfigKeys (ConfUtils.java:logGet(43)) - raft.server.log.purge.gap = 1000000 (custom)
2019-09-05 03:25:41,399 [pool-137-thread-1] INFO  server.RaftServerConfigKeys (ConfUtils.java:logGet(43)) - raft.server.log.appender.buffer.byte-limit = 33554432 (custom)
2019-09-05 03:25:41,399 [pool-137-thread-1] INFO  server.RaftServerConfigKeys (ConfUtils.java:logGet(43)) - raft.server.log.segment.size.max = 1048576 (custom)
2019-09-05 03:25:41,399 [pool-137-thread-1] INFO  server.RaftServerConfigKeys (ConfUtils.java:logGet(43)) - raft.server.log.segment.cache.num.max = 2 (custom)
2019-09-05 03:25:41,399 [pool-137-thread-1] INFO  segmented.SegmentedRaftLogWorker (SegmentedRaftLogWorker.java:<init>(172)) - new 3ae5d83c-115d-493e-a141-01bd711a0fb1-SegmentedRaftLogWorker:Storage Directory /workdir/hadoop-ozone/integration-test/target/test-dir/MiniOzoneClusterImpl-38a6644a-5bd9-4915-9755-6661b6b928f7/datanode-1/data/ratis/5389c78e-2857-44dd-bd70-1095d29670f7 for RaftStorage:Storage Directory /workdir/hadoop-ozone/integration-test/target/test-dir/MiniOzoneClusterImpl-38a6644a-5bd9-4915-9755-6661b6b928f7/datanode-1/data/ratis/5389c78e-2857-44dd-bd70-1095d29670f7
2019-09-05 03:25:41,400 [pool-137-thread-1] INFO  server.RaftServerConfigKeys (ConfUtils.java:logGet(43)) - raft.server.log.queue.byte-limit = 2147483647 (custom)
2019-09-05 03:25:41,400 [pool-137-thread-1] INFO  server.RaftServerConfigKeys (ConfUtils.java:logGet(43)) - raft.server.log.queue.element-limit = 1024 (custom)
2019-09-05 03:25:41,400 [pool-137-thread-1] INFO  server.RaftServerConfigKeys (ConfUtils.java:logGet(43)) - raft.server.log.segment.size.max = 1048576 (custom)
2019-09-05 03:25:41,400 [pool-137-thread-1] INFO  server.RaftServerConfigKeys (ConfUtils.java:logGet(43)) - raft.server.log.preallocated.size = 16384 (custom)
2019-09-05 03:25:41,401 [pool-137-thread-1] INFO  server.RaftServerConfigKeys (ConfUtils.java:logGet(43)) - raft.server.log.write.buffer.size = 33554432 (custom)
2019-09-05 03:25:41,401 [pool-137-thread-1] INFO  server.RaftServerConfigKeys (ConfUtils.java:logGet(43)) - raft.server.log.force.sync.num = 128 (default)
2019-09-05 03:25:41,401 [pool-137-thread-1] INFO  server.RaftServerConfigKeys (ConfUtils.java:logGet(43)) - raft.server.log.statemachine.data.sync = true (default)
2019-09-05 03:25:41,401 [pool-137-thread-1] INFO  server.RaftServerConfigKeys (ConfUtils.java:logGet(43)) - raft.server.log.statemachine.data.sync.timeout = 10s (default)
2019-09-05 03:25:41,401 [pool-137-thread-1] INFO  server.RaftServerConfigKeys (ConfUtils.java:logGet(43)) - raft.server.log.statemachine.data.sync.timeout.retry = -1 (default)
2019-09-05 03:25:41,402 [pool-137-thread-1] INFO  server.RaftServerConfigKeys (ConfUtils.java:logGet(43)) - raft.server.log.statemachine.data.caching.enabled = true (custom)
2019-09-05 03:25:41,402 [pool-137-thread-1] INFO  segmented.SegmentedRaftLogWorker (SegmentedRaftLogWorker.java:lambda$new$0(132)) - 3ae5d83c-115d-493e-a141-01bd711a0fb1-SegmentedRaftLogWorker:Storage Directory /workdir/hadoop-ozone/integration-test/target/test-dir/MiniOzoneClusterImpl-38a6644a-5bd9-4915-9755-6661b6b928f7/datanode-1/data/ratis/5389c78e-2857-44dd-bd70-1095d29670f7: flushIndex: setUnconditionally 0 -> -1
2019-09-05 03:25:41,403 [pool-137-thread-1] INFO  server.RaftServerConfigKeys (ConfUtils.java:logGet(43)) - raft.server.snapshot.auto.trigger.enabled = true (custom)
2019-09-05 03:25:41,403 [pool-137-thread-1] INFO  server.RaftServerConfigKeys (ConfUtils.java:logGet(43)) - raft.server.snapshot.auto.trigger.threshold = 10000 (custom)
2019-09-05 03:25:41,403 [pool-137-thread-1] INFO  server.RaftServerConfigKeys (ConfUtils.java:logGet(43)) - raft.server.retrycache.expirytime = 600000ms (custom)
2019-09-05 03:25:41,403 [pool-137-thread-1] INFO  impl.RaftServerImpl (RaftServerImpl.java:start(180)) - 3ae5d83c-115d-493e-a141-01bd711a0fb1: start group-1095D29670F7
2019-09-05 03:25:41,404 [pool-137-thread-1] INFO  impl.RaftServerImpl (RaftServerImpl.java:setRole(171)) - 3ae5d83c-115d-493e-a141-01bd711a0fb1:group-1095D29670F7 changes role from null to FOLLOWER at term 0 for startAsFollower
2019-09-05 03:25:41,404 [pool-137-thread-1] INFO  impl.RoleInfo (RoleInfo.java:updateAndGet(143)) - 3ae5d83c-115d-493e-a141-01bd711a0fb1: start FollowerState
2019-09-05 03:25:41,404 [pool-137-thread-1] INFO  util.JmxRegister (JmxRegister.java:tryRegister(44)) - Successfully registered JMX Bean with object name Ratis:service=RaftServer,group=group-1095D29670F7,id=3ae5d83c-115d-493e-a141-01bd711a0fb1
2019-09-05 03:25:41,407 [RatisPipelineUtilsThread] INFO  pipeline.PipelineStateManager (PipelineStateManager.java:addPipeline(56)) - Created pipeline Pipeline[ Id: 5389c78e-2857-44dd-bd70-1095d29670f7, Nodes: 3ae5d83c-115d-493e-a141-01bd711a0fb1{ip: 192.168.34.53, host: pr-hdds-1569-m2srl-933925942, networkLocation: /default-rack, certSerialId: null}, Type:RATIS, Factor:ONE, State:OPEN]
2019-09-05 03:25:41,478 [IPC Server handler 6 on 38110] INFO  net.NetworkTopology (NetworkTopologyImpl.java:add(110)) - Added a new node: /default-rack/514a2e68-35f0-4c50-97b9-a7f344dd70d0
2019-09-05 03:25:41,479 [IPC Server handler 6 on 38110] INFO  node.SCMNodeManager (SCMNodeManager.java:register(273)) - Registered Data node : 514a2e68-35f0-4c50-97b9-a7f344dd70d0{ip: 192.168.34.53, host: pr-hdds-1569-m2srl-933925942, networkLocation: /default-rack, certSerialId: null}
2019-09-05 03:25:41,482 | INFO  | SCMAudit | user=jenkins1000 | ip=192.168.34.53 | op=REGISTER {datanodeDetails=514a2e68-35f0-4c50-97b9-a7f344dd70d0{ip: 192.168.34.53, host: pr-hdds-1569-m2srl-933925942, networkLocation: /default-rack, certSerialId: null}} | ret=SUCCESS |  
2019-09-05 03:25:41,491 [grpc-default-executor-3] INFO  impl.RaftServerProxy (RaftServerProxy.java:addNew(89)) - 514a2e68-35f0-4c50-97b9-a7f344dd70d0: addNew group-121A136D5E75:[514a2e68-35f0-4c50-97b9-a7f344dd70d0:192.168.34.53:34839] returns group-121A136D5E75:java.util.concurrent.CompletableFuture@7a2b7c5b[Not completed]
2019-09-05 03:25:41,497 [pool-148-thread-1] INFO  impl.RaftServerImpl (RaftServerImpl.java:<init>(93)) - 514a2e68-35f0-4c50-97b9-a7f344dd70d0: new RaftServerImpl for group-121A136D5E75:[514a2e68-35f0-4c50-97b9-a7f344dd70d0:192.168.34.53:34839] with ContainerStateMachine:uninitialized
2019-09-05 03:25:41,497 [pool-148-thread-1] INFO  server.RaftServerConfigKeys (ConfUtils.java:logGet(43)) - raft.server.rpc.timeout.min = 5s (custom)
2019-09-05 03:25:41,498 [pool-148-thread-1] INFO  server.RaftServerConfigKeys (ConfUtils.java:logGet(43)) - raft.server.rpc.timeout.max = 5200ms (custom)
2019-09-05 03:25:41,498 [pool-148-thread-1] INFO  server.RaftServerConfigKeys (ConfUtils.java:logGet(43)) - raft.server.rpcslowness.timeout = 120s (custom)
2019-09-05 03:25:41,498 [pool-148-thread-1] INFO  server.RaftServerConfigKeys (ConfUtils.java:logGet(43)) - raft.server.sleep.deviation.threshold = 300 (default)
2019-09-05 03:25:41,498 [pool-148-thread-1] INFO  server.RaftServerConfigKeys (ConfUtils.java:logGet(43)) - raft.server.log.appender.install.snapshot.enabled = false (custom)
2019-09-05 03:25:41,498 [pool-148-thread-1] INFO  impl.RaftServerImpl (ServerState.java:<init>(105)) - 514a2e68-35f0-4c50-97b9-a7f344dd70d0:group-121A136D5E75 ConfigurationManager, init=-1: [514a2e68-35f0-4c50-97b9-a7f344dd70d0:192.168.34.53:34839], old=null, confs=<EMPTY_MAP>
2019-09-05 03:25:41,499 [pool-148-thread-1] INFO  server.RaftServerConfigKeys (ConfUtils.java:logGet(43)) - raft.server.storage.dir = [/workdir/hadoop-ozone/integration-test/target/test-dir/MiniOzoneClusterImpl-38a6644a-5bd9-4915-9755-6661b6b928f7/datanode-2/data/ratis] (custom)
2019-09-05 03:25:41,499 [pool-148-thread-1] INFO  storage.RaftStorageDirectory (RaftStorageDirectory.java:analyzeStorage(246)) - The storage directory /workdir/hadoop-ozone/integration-test/target/test-dir/MiniOzoneClusterImpl-38a6644a-5bd9-4915-9755-6661b6b928f7/datanode-2/data/ratis/5663072a-fa8e-4849-9e79-121a136d5e75 does not exist. Creating ...
2019-09-05 03:25:41,524 [pool-148-thread-1] INFO  storage.RaftStorageDirectory (RaftStorageDirectory.java:tryLock(328)) - Lock on /workdir/hadoop-ozone/integration-test/target/test-dir/MiniOzoneClusterImpl-38a6644a-5bd9-4915-9755-6661b6b928f7/datanode-2/data/ratis/5663072a-fa8e-4849-9e79-121a136d5e75/in_use.lock acquired by nodename 25942@pr-hdds-1569-m2srl-933925942
2019-09-05 03:25:41,548 [pool-148-thread-1] INFO  storage.RaftStorage (RaftStorage.java:format(72)) - Storage directory /workdir/hadoop-ozone/integration-test/target/test-dir/MiniOzoneClusterImpl-38a6644a-5bd9-4915-9755-6661b6b928f7/datanode-2/data/ratis/5663072a-fa8e-4849-9e79-121a136d5e75 has been successfully formatted.
2019-09-05 03:25:41,549 [pool-148-thread-1] INFO  ratis.ContainerStateMachine (ContainerStateMachine.java:loadSnapshot(226)) - group-121A136D5E75: The snapshot info is null. Setting the last applied indexto:(t:0, i:~)
2019-09-05 03:25:41,549 [pool-148-thread-1] INFO  server.RaftServerConfigKeys (ConfUtils.java:logGet(43)) - raft.server.leader.election.timeout = 120s (custom)
2019-09-05 03:25:41,549 [pool-148-thread-1] INFO  server.RaftServerConfigKeys (ConfUtils.java:logGet(43)) - raft.server.log.use.memory = false (default)
2019-09-05 03:25:41,549 [pool-148-thread-1] INFO  server.RaftServerConfigKeys (ConfUtils.java:logGet(43)) - raft.server.log.purge.gap = 1000000 (custom)
2019-09-05 03:25:41,550 [pool-148-thread-1] INFO  server.RaftServerConfigKeys (ConfUtils.java:logGet(43)) - raft.server.log.appender.buffer.byte-limit = 33554432 (custom)
2019-09-05 03:25:41,550 [pool-148-thread-1] INFO  server.RaftServerConfigKeys (ConfUtils.java:logGet(43)) - raft.server.log.segment.size.max = 1048576 (custom)
2019-09-05 03:25:41,550 [pool-148-thread-1] INFO  server.RaftServerConfigKeys (ConfUtils.java:logGet(43)) - raft.server.log.segment.cache.num.max = 2 (custom)
2019-09-05 03:25:41,550 [pool-148-thread-1] INFO  segmented.SegmentedRaftLogWorker (SegmentedRaftLogWorker.java:<init>(172)) - new 514a2e68-35f0-4c50-97b9-a7f344dd70d0-SegmentedRaftLogWorker:Storage Directory /workdir/hadoop-ozone/integration-test/target/test-dir/MiniOzoneClusterImpl-38a6644a-5bd9-4915-9755-6661b6b928f7/datanode-2/data/ratis/5663072a-fa8e-4849-9e79-121a136d5e75 for RaftStorage:Storage Directory /workdir/hadoop-ozone/integration-test/target/test-dir/MiniOzoneClusterImpl-38a6644a-5bd9-4915-9755-6661b6b928f7/datanode-2/data/ratis/5663072a-fa8e-4849-9e79-121a136d5e75
2019-09-05 03:25:41,550 [pool-148-thread-1] INFO  server.RaftServerConfigKeys (ConfUtils.java:logGet(43)) - raft.server.log.queue.byte-limit = 2147483647 (custom)
2019-09-05 03:25:41,550 [pool-148-thread-1] INFO  server.RaftServerConfigKeys (ConfUtils.java:logGet(43)) - raft.server.log.queue.element-limit = 1024 (custom)
2019-09-05 03:25:41,551 [pool-148-thread-1] INFO  server.RaftServerConfigKeys (ConfUtils.java:logGet(43)) - raft.server.log.segment.size.max = 1048576 (custom)
2019-09-05 03:25:41,551 [pool-148-thread-1] INFO  server.RaftServerConfigKeys (ConfUtils.java:logGet(43)) - raft.server.log.preallocated.size = 16384 (custom)
2019-09-05 03:25:41,551 [pool-148-thread-1] INFO  server.RaftServerConfigKeys (ConfUtils.java:logGet(43)) - raft.server.log.write.buffer.size = 33554432 (custom)
2019-09-05 03:25:41,551 [pool-148-thread-1] INFO  server.RaftServerConfigKeys (ConfUtils.java:logGet(43)) - raft.server.log.force.sync.num = 128 (default)
2019-09-05 03:25:41,551 [pool-148-thread-1] INFO  server.RaftServerConfigKeys (ConfUtils.java:logGet(43)) - raft.server.log.statemachine.data.sync = true (default)
2019-09-05 03:25:41,552 [pool-148-thread-1] INFO  server.RaftServerConfigKeys (ConfUtils.java:logGet(43)) - raft.server.log.statemachine.data.sync.timeout = 10s (default)
2019-09-05 03:25:41,552 [pool-148-thread-1] INFO  server.RaftServerConfigKeys (ConfUtils.java:logGet(43)) - raft.server.log.statemachine.data.sync.timeout.retry = -1 (default)
2019-09-05 03:25:41,552 [pool-148-thread-1] INFO  server.RaftServerConfigKeys (ConfUtils.java:logGet(43)) - raft.server.log.statemachine.data.caching.enabled = true (custom)
2019-09-05 03:25:41,553 [pool-148-thread-1] INFO  segmented.SegmentedRaftLogWorker (SegmentedRaftLogWorker.java:lambda$new$0(132)) - 514a2e68-35f0-4c50-97b9-a7f344dd70d0-SegmentedRaftLogWorker:Storage Directory /workdir/hadoop-ozone/integration-test/target/test-dir/MiniOzoneClusterImpl-38a6644a-5bd9-4915-9755-6661b6b928f7/datanode-2/data/ratis/5663072a-fa8e-4849-9e79-121a136d5e75: flushIndex: setUnconditionally 0 -> -1
2019-09-05 03:25:41,553 [pool-148-thread-1] INFO  server.RaftServerConfigKeys (ConfUtils.java:logGet(43)) - raft.server.snapshot.auto.trigger.enabled = true (custom)
2019-09-05 03:25:41,553 [pool-148-thread-1] INFO  server.RaftServerConfigKeys (ConfUtils.java:logGet(43)) - raft.server.snapshot.auto.trigger.threshold = 10000 (custom)
2019-09-05 03:25:41,553 [pool-148-thread-1] INFO  server.RaftServerConfigKeys (ConfUtils.java:logGet(43)) - raft.server.retrycache.expirytime = 600000ms (custom)
2019-09-05 03:25:41,554 [pool-148-thread-1] INFO  impl.RaftServerImpl (RaftServerImpl.java:start(180)) - 514a2e68-35f0-4c50-97b9-a7f344dd70d0: start group-121A136D5E75
2019-09-05 03:25:41,554 [pool-148-thread-1] INFO  impl.RaftServerImpl (RaftServerImpl.java:setRole(171)) - 514a2e68-35f0-4c50-97b9-a7f344dd70d0:group-121A136D5E75 changes role from null to FOLLOWER at term 0 for startAsFollower
2019-09-05 03:25:41,554 [pool-148-thread-1] INFO  impl.RoleInfo (RoleInfo.java:updateAndGet(143)) - 514a2e68-35f0-4c50-97b9-a7f344dd70d0: start FollowerState
2019-09-05 03:25:41,554 [pool-148-thread-1] INFO  util.JmxRegister (JmxRegister.java:tryRegister(44)) - Successfully registered JMX Bean with object name Ratis:service=RaftServer,group=group-121A136D5E75,id=514a2e68-35f0-4c50-97b9-a7f344dd70d0
2019-09-05 03:25:41,557 [RatisPipelineUtilsThread] INFO  pipeline.PipelineStateManager (PipelineStateManager.java:addPipeline(56)) - Created pipeline Pipeline[ Id: 5663072a-fa8e-4849-9e79-121a136d5e75, Nodes: 514a2e68-35f0-4c50-97b9-a7f344dd70d0{ip: 192.168.34.53, host: pr-hdds-1569-m2srl-933925942, networkLocation: /default-rack, certSerialId: null}, Type:RATIS, Factor:ONE, State:OPEN]
2019-09-05 03:25:41,581 [grpc-default-executor-2] INFO  impl.RaftServerProxy (RaftServerProxy.java:addNew(89)) - 514a2e68-35f0-4c50-97b9-a7f344dd70d0: addNew group-D553731AE9CE:[56431364-4f3b-4c40-806d-c9164d34aa1e:192.168.34.53:43493, 3ae5d83c-115d-493e-a141-01bd711a0fb1:192.168.34.53:38838, 514a2e68-35f0-4c50-97b9-a7f344dd70d0:192.168.34.53:34839] returns group-D553731AE9CE:java.util.concurrent.CompletableFuture@3adff64[Not completed]
2019-09-05 03:25:41,581 [grpc-default-executor-3] INFO  impl.RaftServerProxy (RaftServerProxy.java:addNew(89)) - 56431364-4f3b-4c40-806d-c9164d34aa1e: addNew group-D553731AE9CE:[56431364-4f3b-4c40-806d-c9164d34aa1e:192.168.34.53:43493, 3ae5d83c-115d-493e-a141-01bd711a0fb1:192.168.34.53:38838, 514a2e68-35f0-4c50-97b9-a7f344dd70d0:192.168.34.53:34839] returns group-D553731AE9CE:java.util.concurrent.CompletableFuture@ff6f766[Not completed]
2019-09-05 03:25:41,582 [grpc-default-executor-4] INFO  impl.RaftServerProxy (RaftServerProxy.java:addNew(89)) - 3ae5d83c-115d-493e-a141-01bd711a0fb1: addNew group-D553731AE9CE:[56431364-4f3b-4c40-806d-c9164d34aa1e:192.168.34.53:43493, 3ae5d83c-115d-493e-a141-01bd711a0fb1:192.168.34.53:38838, 514a2e68-35f0-4c50-97b9-a7f344dd70d0:192.168.34.53:34839] returns group-D553731AE9CE:java.util.concurrent.CompletableFuture@4e5296ef[Not completed]
2019-09-05 03:25:41,582 [pool-148-thread-1] INFO  impl.RaftServerImpl (RaftServerImpl.java:<init>(93)) - 514a2e68-35f0-4c50-97b9-a7f344dd70d0: new RaftServerImpl for group-D553731AE9CE:[56431364-4f3b-4c40-806d-c9164d34aa1e:192.168.34.53:43493, 3ae5d83c-115d-493e-a141-01bd711a0fb1:192.168.34.53:38838, 514a2e68-35f0-4c50-97b9-a7f344dd70d0:192.168.34.53:34839] with ContainerStateMachine:uninitialized
2019-09-05 03:25:41,583 [pool-148-thread-1] INFO  server.RaftServerConfigKeys (ConfUtils.java:logGet(43)) - raft.server.rpc.timeout.min = 5s (custom)
2019-09-05 03:25:41,583 [pool-148-thread-1] INFO  server.RaftServerConfigKeys (ConfUtils.java:logGet(43)) - raft.server.rpc.timeout.max = 5200ms (custom)
2019-09-05 03:25:41,583 [pool-148-thread-1] INFO  server.RaftServerConfigKeys (ConfUtils.java:logGet(43)) - raft.server.rpcslowness.timeout = 120s (custom)
2019-09-05 03:25:41,583 [pool-148-thread-1] INFO  server.RaftServerConfigKeys (ConfUtils.java:logGet(43)) - raft.server.sleep.deviation.threshold = 300 (default)
2019-09-05 03:25:41,583 [pool-148-thread-1] INFO  server.RaftServerConfigKeys (ConfUtils.java:logGet(43)) - raft.server.log.appender.install.snapshot.enabled = false (custom)
2019-09-05 03:25:41,583 [pool-148-thread-1] INFO  impl.RaftServerImpl (ServerState.java:<init>(105)) - 514a2e68-35f0-4c50-97b9-a7f344dd70d0:group-D553731AE9CE ConfigurationManager, init=-1: [56431364-4f3b-4c40-806d-c9164d34aa1e:192.168.34.53:43493, 3ae5d83c-115d-493e-a141-01bd711a0fb1:192.168.34.53:38838, 514a2e68-35f0-4c50-97b9-a7f344dd70d0:192.168.34.53:34839], old=null, confs=<EMPTY_MAP>
2019-09-05 03:25:41,584 [pool-126-thread-1] INFO  impl.RaftServerImpl (RaftServerImpl.java:<init>(93)) - 56431364-4f3b-4c40-806d-c9164d34aa1e: new RaftServerImpl for group-D553731AE9CE:[56431364-4f3b-4c40-806d-c9164d34aa1e:192.168.34.53:43493, 3ae5d83c-115d-493e-a141-01bd711a0fb1:192.168.34.53:38838, 514a2e68-35f0-4c50-97b9-a7f344dd70d0:192.168.34.53:34839] with ContainerStateMachine:uninitialized
2019-09-05 03:25:41,584 [pool-148-thread-1] INFO  server.RaftServerConfigKeys (ConfUtils.java:logGet(43)) - raft.server.storage.dir = [/workdir/hadoop-ozone/integration-test/target/test-dir/MiniOzoneClusterImpl-38a6644a-5bd9-4915-9755-6661b6b928f7/datanode-2/data/ratis] (custom)
2019-09-05 03:25:41,584 [pool-126-thread-1] INFO  server.RaftServerConfigKeys (ConfUtils.java:logGet(43)) - raft.server.rpc.timeout.min = 5s (custom)
2019-09-05 03:25:41,584 [pool-126-thread-1] INFO  server.RaftServerConfigKeys (ConfUtils.java:logGet(43)) - raft.server.rpc.timeout.max = 5200ms (custom)
2019-09-05 03:25:41,584 [pool-148-thread-1] INFO  storage.RaftStorageDirectory (RaftStorageDirectory.java:analyzeStorage(246)) - The storage directory /workdir/hadoop-ozone/integration-test/target/test-dir/MiniOzoneClusterImpl-38a6644a-5bd9-4915-9755-6661b6b928f7/datanode-2/data/ratis/30eaba4c-4d6b-452a-b5b8-d553731ae9ce does not exist. Creating ...
2019-09-05 03:25:41,584 [pool-126-thread-1] INFO  server.RaftServerConfigKeys (ConfUtils.java:logGet(43)) - raft.server.rpcslowness.timeout = 120s (custom)
2019-09-05 03:25:41,584 [pool-137-thread-1] INFO  impl.RaftServerImpl (RaftServerImpl.java:<init>(93)) - 3ae5d83c-115d-493e-a141-01bd711a0fb1: new RaftServerImpl for group-D553731AE9CE:[56431364-4f3b-4c40-806d-c9164d34aa1e:192.168.34.53:43493, 3ae5d83c-115d-493e-a141-01bd711a0fb1:192.168.34.53:38838, 514a2e68-35f0-4c50-97b9-a7f344dd70d0:192.168.34.53:34839] with ContainerStateMachine:uninitialized
2019-09-05 03:25:41,585 [pool-126-thread-1] INFO  server.RaftServerConfigKeys (ConfUtils.java:logGet(43)) - raft.server.sleep.deviation.threshold = 300 (default)
2019-09-05 03:25:41,585 [pool-137-thread-1] INFO  server.RaftServerConfigKeys (ConfUtils.java:logGet(43)) - raft.server.rpc.timeout.min = 5s (custom)
2019-09-05 03:25:41,585 [pool-126-thread-1] INFO  server.RaftServerConfigKeys (ConfUtils.java:logGet(43)) - raft.server.log.appender.install.snapshot.enabled = false (custom)
2019-09-05 03:25:41,585 [pool-137-thread-1] INFO  server.RaftServerConfigKeys (ConfUtils.java:logGet(43)) - raft.server.rpc.timeout.max = 5200ms (custom)
2019-09-05 03:25:41,585 [pool-126-thread-1] INFO  impl.RaftServerImpl (ServerState.java:<init>(105)) - 56431364-4f3b-4c40-806d-c9164d34aa1e:group-D553731AE9CE ConfigurationManager, init=-1: [56431364-4f3b-4c40-806d-c9164d34aa1e:192.168.34.53:43493, 3ae5d83c-115d-493e-a141-01bd711a0fb1:192.168.34.53:38838, 514a2e68-35f0-4c50-97b9-a7f344dd70d0:192.168.34.53:34839], old=null, confs=<EMPTY_MAP>
2019-09-05 03:25:41,585 [pool-137-thread-1] INFO  server.RaftServerConfigKeys (ConfUtils.java:logGet(43)) - raft.server.rpcslowness.timeout = 120s (custom)
2019-09-05 03:25:41,586 [pool-126-thread-1] INFO  server.RaftServerConfigKeys (ConfUtils.java:logGet(43)) - raft.server.storage.dir = [/workdir/hadoop-ozone/integration-test/target/test-dir/MiniOzoneClusterImpl-38a6644a-5bd9-4915-9755-6661b6b928f7/datanode-0/data/ratis] (custom)
2019-09-05 03:25:41,586 [pool-137-thread-1] INFO  server.RaftServerConfigKeys (ConfUtils.java:logGet(43)) - raft.server.sleep.deviation.threshold = 300 (default)
2019-09-05 03:25:41,586 [pool-137-thread-1] INFO  server.RaftServerConfigKeys (ConfUtils.java:logGet(43)) - raft.server.log.appender.install.snapshot.enabled = false (custom)
2019-09-05 03:25:41,586 [pool-126-thread-1] INFO  storage.RaftStorageDirectory (RaftStorageDirectory.java:analyzeStorage(246)) - The storage directory /workdir/hadoop-ozone/integration-test/target/test-dir/MiniOzoneClusterImpl-38a6644a-5bd9-4915-9755-6661b6b928f7/datanode-0/data/ratis/30eaba4c-4d6b-452a-b5b8-d553731ae9ce does not exist. Creating ...
2019-09-05 03:25:41,586 [pool-137-thread-1] INFO  impl.RaftServerImpl (ServerState.java:<init>(105)) - 3ae5d83c-115d-493e-a141-01bd711a0fb1:group-D553731AE9CE ConfigurationManager, init=-1: [56431364-4f3b-4c40-806d-c9164d34aa1e:192.168.34.53:43493, 3ae5d83c-115d-493e-a141-01bd711a0fb1:192.168.34.53:38838, 514a2e68-35f0-4c50-97b9-a7f344dd70d0:192.168.34.53:34839], old=null, confs=<EMPTY_MAP>
2019-09-05 03:25:41,587 [pool-137-thread-1] INFO  server.RaftServerConfigKeys (ConfUtils.java:logGet(43)) - raft.server.storage.dir = [/workdir/hadoop-ozone/integration-test/target/test-dir/MiniOzoneClusterImpl-38a6644a-5bd9-4915-9755-6661b6b928f7/datanode-1/data/ratis] (custom)
2019-09-05 03:25:41,587 [pool-137-thread-1] INFO  storage.RaftStorageDirectory (RaftStorageDirectory.java:analyzeStorage(246)) - The storage directory /workdir/hadoop-ozone/integration-test/target/test-dir/MiniOzoneClusterImpl-38a6644a-5bd9-4915-9755-6661b6b928f7/datanode-1/data/ratis/30eaba4c-4d6b-452a-b5b8-d553731ae9ce does not exist. Creating ...
2019-09-05 03:25:41,616 [pool-126-thread-1] INFO  storage.RaftStorageDirectory (RaftStorageDirectory.java:tryLock(328)) - Lock on /workdir/hadoop-ozone/integration-test/target/test-dir/MiniOzoneClusterImpl-38a6644a-5bd9-4915-9755-6661b6b928f7/datanode-0/data/ratis/30eaba4c-4d6b-452a-b5b8-d553731ae9ce/in_use.lock acquired by nodename 25942@pr-hdds-1569-m2srl-933925942
2019-09-05 03:25:41,616 [pool-148-thread-1] INFO  storage.RaftStorageDirectory (RaftStorageDirectory.java:tryLock(328)) - Lock on /workdir/hadoop-ozone/integration-test/target/test-dir/MiniOzoneClusterImpl-38a6644a-5bd9-4915-9755-6661b6b928f7/datanode-2/data/ratis/30eaba4c-4d6b-452a-b5b8-d553731ae9ce/in_use.lock acquired by nodename 25942@pr-hdds-1569-m2srl-933925942
2019-09-05 03:25:41,616 [pool-137-thread-1] INFO  storage.RaftStorageDirectory (RaftStorageDirectory.java:tryLock(328)) - Lock on /workdir/hadoop-ozone/integration-test/target/test-dir/MiniOzoneClusterImpl-38a6644a-5bd9-4915-9755-6661b6b928f7/datanode-1/data/ratis/30eaba4c-4d6b-452a-b5b8-d553731ae9ce/in_use.lock acquired by nodename 25942@pr-hdds-1569-m2srl-933925942
2019-09-05 03:25:41,636 [pool-148-thread-1] INFO  storage.RaftStorage (RaftStorage.java:format(72)) - Storage directory /workdir/hadoop-ozone/integration-test/target/test-dir/MiniOzoneClusterImpl-38a6644a-5bd9-4915-9755-6661b6b928f7/datanode-2/data/ratis/30eaba4c-4d6b-452a-b5b8-d553731ae9ce has been successfully formatted.
2019-09-05 03:25:41,636 [pool-137-thread-1] INFO  storage.RaftStorage (RaftStorage.java:format(72)) - Storage directory /workdir/hadoop-ozone/integration-test/target/test-dir/MiniOzoneClusterImpl-38a6644a-5bd9-4915-9755-6661b6b928f7/datanode-1/data/ratis/30eaba4c-4d6b-452a-b5b8-d553731ae9ce has been successfully formatted.
2019-09-05 03:25:41,636 [pool-126-thread-1] INFO  storage.RaftStorage (RaftStorage.java:format(72)) - Storage directory /workdir/hadoop-ozone/integration-test/target/test-dir/MiniOzoneClusterImpl-38a6644a-5bd9-4915-9755-6661b6b928f7/datanode-0/data/ratis/30eaba4c-4d6b-452a-b5b8-d553731ae9ce has been successfully formatted.
2019-09-05 03:25:41,636 [pool-137-thread-1] INFO  ratis.ContainerStateMachine (ContainerStateMachine.java:loadSnapshot(226)) - group-D553731AE9CE: The snapshot info is null. Setting the last applied indexto:(t:0, i:~)
2019-09-05 03:25:41,636 [pool-126-thread-1] INFO  ratis.ContainerStateMachine (ContainerStateMachine.java:loadSnapshot(226)) - group-D553731AE9CE: The snapshot info is null. Setting the last applied indexto:(t:0, i:~)
2019-09-05 03:25:41,636 [pool-148-thread-1] INFO  ratis.ContainerStateMachine (ContainerStateMachine.java:loadSnapshot(226)) - group-D553731AE9CE: The snapshot info is null. Setting the last applied indexto:(t:0, i:~)
2019-09-05 03:25:41,637 [pool-126-thread-1] INFO  server.RaftServerConfigKeys (ConfUtils.java:logGet(43)) - raft.server.leader.election.timeout = 120s (custom)
2019-09-05 03:25:41,636 [pool-137-thread-1] INFO  server.RaftServerConfigKeys (ConfUtils.java:logGet(43)) - raft.server.leader.election.timeout = 120s (custom)
2019-09-05 03:25:41,637 [pool-126-thread-1] INFO  server.RaftServerConfigKeys (ConfUtils.java:logGet(43)) - raft.server.log.use.memory = false (default)
2019-09-05 03:25:41,637 [pool-148-thread-1] INFO  server.RaftServerConfigKeys (ConfUtils.java:logGet(43)) - raft.server.leader.election.timeout = 120s (custom)
2019-09-05 03:25:41,637 [pool-126-thread-1] INFO  server.RaftServerConfigKeys (ConfUtils.java:logGet(43)) - raft.server.log.purge.gap = 1000000 (custom)
2019-09-05 03:25:41,637 [pool-137-thread-1] INFO  server.RaftServerConfigKeys (ConfUtils.java:logGet(43)) - raft.server.log.use.memory = false (default)
2019-09-05 03:25:41,638 [pool-126-thread-1] INFO  server.RaftServerConfigKeys (ConfUtils.java:logGet(43)) - raft.server.log.appender.buffer.byte-limit = 33554432 (custom)
2019-09-05 03:25:41,638 [pool-148-thread-1] INFO  server.RaftServerConfigKeys (ConfUtils.java:logGet(43)) - raft.server.log.use.memory = false (default)
2019-09-05 03:25:41,638 [pool-126-thread-1] INFO  server.RaftServerConfigKeys (ConfUtils.java:logGet(43)) - raft.server.log.segment.size.max = 1048576 (custom)
2019-09-05 03:25:41,638 [pool-137-thread-1] INFO  server.RaftServerConfigKeys (ConfUtils.java:logGet(43)) - raft.server.log.purge.gap = 1000000 (custom)
2019-09-05 03:25:41,639 [pool-126-thread-1] INFO  server.RaftServerConfigKeys (ConfUtils.java:logGet(43)) - raft.server.log.segment.cache.num.max = 2 (custom)
2019-09-05 03:25:41,638 [pool-148-thread-1] INFO  server.RaftServerConfigKeys (ConfUtils.java:logGet(43)) - raft.server.log.purge.gap = 1000000 (custom)
2019-09-05 03:25:41,639 [pool-126-thread-1] INFO  segmented.SegmentedRaftLogWorker (SegmentedRaftLogWorker.java:<init>(172)) - new 56431364-4f3b-4c40-806d-c9164d34aa1e-SegmentedRaftLogWorker:Storage Directory /workdir/hadoop-ozone/integration-test/target/test-dir/MiniOzoneClusterImpl-38a6644a-5bd9-4915-9755-6661b6b928f7/datanode-0/data/ratis/30eaba4c-4d6b-452a-b5b8-d553731ae9ce for RaftStorage:Storage Directory /workdir/hadoop-ozone/integration-test/target/test-dir/MiniOzoneClusterImpl-38a6644a-5bd9-4915-9755-6661b6b928f7/datanode-0/data/ratis/30eaba4c-4d6b-452a-b5b8-d553731ae9ce
2019-09-05 03:25:41,639 [pool-137-thread-1] INFO  server.RaftServerConfigKeys (ConfUtils.java:logGet(43)) - raft.server.log.appender.buffer.byte-limit = 33554432 (custom)
2019-09-05 03:25:41,639 [pool-126-thread-1] INFO  server.RaftServerConfigKeys (ConfUtils.java:logGet(43)) - raft.server.log.queue.byte-limit = 2147483647 (custom)
2019-09-05 03:25:41,639 [pool-148-thread-1] INFO  server.RaftServerConfigKeys (ConfUtils.java:logGet(43)) - raft.server.log.appender.buffer.byte-limit = 33554432 (custom)
2019-09-05 03:25:41,640 [pool-126-thread-1] INFO  server.RaftServerConfigKeys (ConfUtils.java:logGet(43)) - raft.server.log.queue.element-limit = 1024 (custom)
2019-09-05 03:25:41,639 [pool-137-thread-1] INFO  server.RaftServerConfigKeys (ConfUtils.java:logGet(43)) - raft.server.log.segment.size.max = 1048576 (custom)
2019-09-05 03:25:41,640 [pool-126-thread-1] INFO  server.RaftServerConfigKeys (ConfUtils.java:logGet(43)) - raft.server.log.segment.size.max = 1048576 (custom)
2019-09-05 03:25:41,640 [pool-148-thread-1] INFO  server.RaftServerConfigKeys (ConfUtils.java:logGet(43)) - raft.server.log.segment.size.max = 1048576 (custom)
2019-09-05 03:25:41,640 [pool-126-thread-1] INFO  server.RaftServerConfigKeys (ConfUtils.java:logGet(43)) - raft.server.log.preallocated.size = 16384 (custom)
2019-09-05 03:25:41,640 [pool-137-thread-1] INFO  server.RaftServerConfigKeys (ConfUtils.java:logGet(43)) - raft.server.log.segment.cache.num.max = 2 (custom)
2019-09-05 03:25:41,641 [pool-126-thread-1] INFO  server.RaftServerConfigKeys (ConfUtils.java:logGet(43)) - raft.server.log.write.buffer.size = 33554432 (custom)
2019-09-05 03:25:41,641 [pool-148-thread-1] INFO  server.RaftServerConfigKeys (ConfUtils.java:logGet(43)) - raft.server.log.segment.cache.num.max = 2 (custom)
2019-09-05 03:25:41,641 [pool-126-thread-1] INFO  server.RaftServerConfigKeys (ConfUtils.java:logGet(43)) - raft.server.log.force.sync.num = 128 (default)
2019-09-05 03:25:41,642 [pool-126-thread-1] INFO  server.RaftServerConfigKeys (ConfUtils.java:logGet(43)) - raft.server.log.statemachine.data.sync = true (default)
2019-09-05 03:25:41,641 [pool-137-thread-1] INFO  segmented.SegmentedRaftLogWorker (SegmentedRaftLogWorker.java:<init>(172)) - new 3ae5d83c-115d-493e-a141-01bd711a0fb1-SegmentedRaftLogWorker:Storage Directory /workdir/hadoop-ozone/integration-test/target/test-dir/MiniOzoneClusterImpl-38a6644a-5bd9-4915-9755-6661b6b928f7/datanode-1/data/ratis/30eaba4c-4d6b-452a-b5b8-d553731ae9ce for RaftStorage:Storage Directory /workdir/hadoop-ozone/integration-test/target/test-dir/MiniOzoneClusterImpl-38a6644a-5bd9-4915-9755-6661b6b928f7/datanode-1/data/ratis/30eaba4c-4d6b-452a-b5b8-d553731ae9ce
2019-09-05 03:25:41,642 [pool-126-thread-1] INFO  server.RaftServerConfigKeys (ConfUtils.java:logGet(43)) - raft.server.log.statemachine.data.sync.timeout = 10s (default)
2019-09-05 03:25:41,642 [pool-126-thread-1] INFO  server.RaftServerConfigKeys (ConfUtils.java:logGet(43)) - raft.server.log.statemachine.data.sync.timeout.retry = -1 (default)
2019-09-05 03:25:41,641 [pool-148-thread-1] INFO  segmented.SegmentedRaftLogWorker (SegmentedRaftLogWorker.java:<init>(172)) - new 514a2e68-35f0-4c50-97b9-a7f344dd70d0-SegmentedRaftLogWorker:Storage Directory /workdir/hadoop-ozone/integration-test/target/test-dir/MiniOzoneClusterImpl-38a6644a-5bd9-4915-9755-6661b6b928f7/datanode-2/data/ratis/30eaba4c-4d6b-452a-b5b8-d553731ae9ce for RaftStorage:Storage Directory /workdir/hadoop-ozone/integration-test/target/test-dir/MiniOzoneClusterImpl-38a6644a-5bd9-4915-9755-6661b6b928f7/datanode-2/data/ratis/30eaba4c-4d6b-452a-b5b8-d553731ae9ce
2019-09-05 03:25:41,642 [pool-126-thread-1] INFO  server.RaftServerConfigKeys (ConfUtils.java:logGet(43)) - raft.server.log.statemachine.data.caching.enabled = true (custom)
2019-09-05 03:25:41,642 [pool-137-thread-1] INFO  server.RaftServerConfigKeys (ConfUtils.java:logGet(43)) - raft.server.log.queue.byte-limit = 2147483647 (custom)
2019-09-05 03:25:41,643 [pool-126-thread-1] INFO  segmented.SegmentedRaftLogWorker (SegmentedRaftLogWorker.java:lambda$new$0(132)) - 56431364-4f3b-4c40-806d-c9164d34aa1e-SegmentedRaftLogWorker:Storage Directory /workdir/hadoop-ozone/integration-test/target/test-dir/MiniOzoneClusterImpl-38a6644a-5bd9-4915-9755-6661b6b928f7/datanode-0/data/ratis/30eaba4c-4d6b-452a-b5b8-d553731ae9ce: flushIndex: setUnconditionally 0 -> -1
2019-09-05 03:25:41,643 [pool-148-thread-1] INFO  server.RaftServerConfigKeys (ConfUtils.java:logGet(43)) - raft.server.log.queue.byte-limit = 2147483647 (custom)
2019-09-05 03:25:41,643 [pool-126-thread-1] INFO  server.RaftServerConfigKeys (ConfUtils.java:logGet(43)) - raft.server.snapshot.auto.trigger.enabled = true (custom)
2019-09-05 03:25:41,643 [pool-137-thread-1] INFO  server.RaftServerConfigKeys (ConfUtils.java:logGet(43)) - raft.server.log.queue.element-limit = 1024 (custom)
2019-09-05 03:25:41,644 [pool-126-thread-1] INFO  server.RaftServerConfigKeys (ConfUtils.java:logGet(43)) - raft.server.snapshot.auto.trigger.threshold = 10000 (custom)
2019-09-05 03:25:41,643 [pool-148-thread-1] INFO  server.RaftServerConfigKeys (ConfUtils.java:logGet(43)) - raft.server.log.queue.element-limit = 1024 (custom)
2019-09-05 03:25:41,644 [pool-126-thread-1] INFO  server.RaftServerConfigKeys (ConfUtils.java:logGet(43)) - raft.server.retrycache.expirytime = 600000ms (custom)
2019-09-05 03:25:41,644 [pool-137-thread-1] INFO  server.RaftServerConfigKeys (ConfUtils.java:logGet(43)) - raft.server.log.segment.size.max = 1048576 (custom)
2019-09-05 03:25:41,645 [pool-126-thread-1] INFO  impl.RaftServerImpl (RaftServerImpl.java:start(180)) - 56431364-4f3b-4c40-806d-c9164d34aa1e: start group-D553731AE9CE
2019-09-05 03:25:41,644 [pool-148-thread-1] INFO  server.RaftServerConfigKeys (ConfUtils.java:logGet(43)) - raft.server.log.segment.size.max = 1048576 (custom)
2019-09-05 03:25:41,645 [pool-126-thread-1] INFO  impl.RaftServerImpl (RaftServerImpl.java:setRole(171)) - 56431364-4f3b-4c40-806d-c9164d34aa1e:group-D553731AE9CE changes role from null to FOLLOWER at term 0 for startAsFollower
2019-09-05 03:25:41,645 [pool-137-thread-1] INFO  server.RaftServerConfigKeys (ConfUtils.java:logGet(43)) - raft.server.log.preallocated.size = 16384 (custom)
2019-09-05 03:25:41,645 [pool-126-thread-1] INFO  impl.RoleInfo (RoleInfo.java:updateAndGet(143)) - 56431364-4f3b-4c40-806d-c9164d34aa1e: start FollowerState
2019-09-05 03:25:41,645 [pool-148-thread-1] INFO  server.RaftServerConfigKeys (ConfUtils.java:logGet(43)) - raft.server.log.preallocated.size = 16384 (custom)
2019-09-05 03:25:41,646 [pool-137-thread-1] INFO  server.RaftServerConfigKeys (ConfUtils.java:logGet(43)) - raft.server.log.write.buffer.size = 33554432 (custom)
2019-09-05 03:25:41,656 [pool-126-thread-1] INFO  util.JmxRegister (JmxRegister.java:tryRegister(44)) - Successfully registered JMX Bean with object name Ratis:service=RaftServer,group=group-D553731AE9CE,id=56431364-4f3b-4c40-806d-c9164d34aa1e
2019-09-05 03:25:41,646 [pool-148-thread-1] INFO  server.RaftServerConfigKeys (ConfUtils.java:logGet(43)) - raft.server.log.write.buffer.size = 33554432 (custom)
2019-09-05 03:25:41,657 [pool-137-thread-1] INFO  server.RaftServerConfigKeys (ConfUtils.java:logGet(43)) - raft.server.log.force.sync.num = 128 (default)
2019-09-05 03:25:41,657 [pool-148-thread-1] INFO  server.RaftServerConfigKeys (ConfUtils.java:logGet(43)) - raft.server.log.force.sync.num = 128 (default)
2019-09-05 03:25:41,665 [pool-137-thread-1] INFO  server.RaftServerConfigKeys (ConfUtils.java:logGet(43)) - raft.server.log.statemachine.data.sync = true (default)
2019-09-05 03:25:41,666 [pool-148-thread-1] INFO  server.RaftServerConfigKeys (ConfUtils.java:logGet(43)) - raft.server.log.statemachine.data.sync = true (default)
2019-09-05 03:25:41,666 [pool-137-thread-1] INFO  server.RaftServerConfigKeys (ConfUtils.java:logGet(43)) - raft.server.log.statemachine.data.sync.timeout = 10s (default)
2019-09-05 03:25:41,666 [pool-148-thread-1] INFO  server.RaftServerConfigKeys (ConfUtils.java:logGet(43)) - raft.server.log.statemachine.data.sync.timeout = 10s (default)
2019-09-05 03:25:41,666 [pool-137-thread-1] INFO  server.RaftServerConfigKeys (ConfUtils.java:logGet(43)) - raft.server.log.statemachine.data.sync.timeout.retry = -1 (default)
2019-09-05 03:25:41,667 [pool-148-thread-1] INFO  server.RaftServerConfigKeys (ConfUtils.java:logGet(43)) - raft.server.log.statemachine.data.sync.timeout.retry = -1 (default)
2019-09-05 03:25:41,667 [pool-137-thread-1] INFO  server.RaftServerConfigKeys (ConfUtils.java:logGet(43)) - raft.server.log.statemachine.data.caching.enabled = true (custom)
2019-09-05 03:25:41,667 [pool-148-thread-1] INFO  server.RaftServerConfigKeys (ConfUtils.java:logGet(43)) - raft.server.log.statemachine.data.caching.enabled = true (custom)
2019-09-05 03:25:41,668 [pool-137-thread-1] INFO  segmented.SegmentedRaftLogWorker (SegmentedRaftLogWorker.java:lambda$new$0(132)) - 3ae5d83c-115d-493e-a141-01bd711a0fb1-SegmentedRaftLogWorker:Storage Directory /workdir/hadoop-ozone/integration-test/target/test-dir/MiniOzoneClusterImpl-38a6644a-5bd9-4915-9755-6661b6b928f7/datanode-1/data/ratis/30eaba4c-4d6b-452a-b5b8-d553731ae9ce: flushIndex: setUnconditionally 0 -> -1
2019-09-05 03:25:41,668 [pool-148-thread-1] INFO  segmented.SegmentedRaftLogWorker (SegmentedRaftLogWorker.java:lambda$new$0(132)) - 514a2e68-35f0-4c50-97b9-a7f344dd70d0-SegmentedRaftLogWorker:Storage Directory /workdir/hadoop-ozone/integration-test/target/test-dir/MiniOzoneClusterImpl-38a6644a-5bd9-4915-9755-6661b6b928f7/datanode-2/data/ratis/30eaba4c-4d6b-452a-b5b8-d553731ae9ce: flushIndex: setUnconditionally 0 -> -1
2019-09-05 03:25:41,668 [pool-137-thread-1] INFO  server.RaftServerConfigKeys (ConfUtils.java:logGet(43)) - raft.server.snapshot.auto.trigger.enabled = true (custom)
2019-09-05 03:25:41,668 [pool-137-thread-1] INFO  server.RaftServerConfigKeys (ConfUtils.java:logGet(43)) - raft.server.snapshot.auto.trigger.threshold = 10000 (custom)
2019-09-05 03:25:41,668 [pool-148-thread-1] INFO  server.RaftServerConfigKeys (ConfUtils.java:logGet(43)) - raft.server.snapshot.auto.trigger.enabled = true (custom)
2019-09-05 03:25:41,668 [pool-137-thread-1] INFO  server.RaftServerConfigKeys (ConfUtils.java:logGet(43)) - raft.server.retrycache.expirytime = 600000ms (custom)
2019-09-05 03:25:41,668 [pool-148-thread-1] INFO  server.RaftServerConfigKeys (ConfUtils.java:logGet(43)) - raft.server.snapshot.auto.trigger.threshold = 10000 (custom)
2019-09-05 03:25:41,669 [pool-137-thread-1] INFO  impl.RaftServerImpl (RaftServerImpl.java:start(180)) - 3ae5d83c-115d-493e-a141-01bd711a0fb1: start group-D553731AE9CE
2019-09-05 03:25:41,669 [pool-148-thread-1] INFO  server.RaftServerConfigKeys (ConfUtils.java:logGet(43)) - raft.server.retrycache.expirytime = 600000ms (custom)
2019-09-05 03:25:41,669 [pool-137-thread-1] INFO  impl.RaftServerImpl (RaftServerImpl.java:setRole(171)) - 3ae5d83c-115d-493e-a141-01bd711a0fb1:group-D553731AE9CE changes role from null to FOLLOWER at term 0 for startAsFollower
2019-09-05 03:25:41,669 [pool-148-thread-1] INFO  impl.RaftServerImpl (RaftServerImpl.java:start(180)) - 514a2e68-35f0-4c50-97b9-a7f344dd70d0: start group-D553731AE9CE
2019-09-05 03:25:41,669 [pool-137-thread-1] INFO  impl.RoleInfo (RoleInfo.java:updateAndGet(143)) - 3ae5d83c-115d-493e-a141-01bd711a0fb1: start FollowerState
2019-09-05 03:25:41,669 [pool-148-thread-1] INFO  impl.RaftServerImpl (RaftServerImpl.java:setRole(171)) - 514a2e68-35f0-4c50-97b9-a7f344dd70d0:group-D553731AE9CE changes role from null to FOLLOWER at term 0 for startAsFollower
2019-09-05 03:25:41,670 [pool-148-thread-1] INFO  impl.RoleInfo (RoleInfo.java:updateAndGet(143)) - 514a2e68-35f0-4c50-97b9-a7f344dd70d0: start FollowerState
2019-09-05 03:25:41,670 [pool-137-thread-1] INFO  util.JmxRegister (JmxRegister.java:tryRegister(44)) - Successfully registered JMX Bean with object name Ratis:service=RaftServer,group=group-D553731AE9CE,id=3ae5d83c-115d-493e-a141-01bd711a0fb1
2019-09-05 03:25:41,670 [pool-148-thread-1] INFO  util.JmxRegister (JmxRegister.java:tryRegister(44)) - Successfully registered JMX Bean with object name Ratis:service=RaftServer,group=group-D553731AE9CE,id=514a2e68-35f0-4c50-97b9-a7f344dd70d0
2019-09-05 03:25:41,673 [RatisPipelineUtilsThread] INFO  pipeline.PipelineStateManager (PipelineStateManager.java:addPipeline(56)) - Created pipeline Pipeline[ Id: 30eaba4c-4d6b-452a-b5b8-d553731ae9ce, Nodes: 514a2e68-35f0-4c50-97b9-a7f344dd70d0{ip: 192.168.34.53, host: pr-hdds-1569-m2srl-933925942, networkLocation: /default-rack, certSerialId: null}56431364-4f3b-4c40-806d-c9164d34aa1e{ip: 192.168.34.53, host: pr-hdds-1569-m2srl-933925942, networkLocation: /default-rack, certSerialId: null}3ae5d83c-115d-493e-a141-01bd711a0fb1{ip: 192.168.34.53, host: pr-hdds-1569-m2srl-933925942, networkLocation: /default-rack, certSerialId: null}, Type:RATIS, Factor:THREE, State:OPEN]
2019-09-05 03:25:41,716 [main] INFO  ozone.MiniOzoneClusterImpl (MiniOzoneClusterImpl.java:lambda$waitForClusterToBeReady$0(142)) - Waiting for cluster to be ready. Got 3 of 7 DN Heartbeats.
2019-09-05 03:25:41,790 [IPC Server handler 3 on 38110] INFO  net.NetworkTopology (NetworkTopologyImpl.java:add(110)) - Added a new node: /default-rack/838608ba-8b7b-40e1-8b89-0ac8f38cbb42
2019-09-05 03:25:41,790 [IPC Server handler 3 on 38110] INFO  node.SCMNodeManager (SCMNodeManager.java:register(273)) - Registered Data node : 838608ba-8b7b-40e1-8b89-0ac8f38cbb42{ip: 192.168.34.53, host: pr-hdds-1569-m2srl-933925942, networkLocation: /default-rack, certSerialId: null}
2019-09-05 03:25:41,793 | INFO  | SCMAudit | user=jenkins1000 | ip=192.168.34.53 | op=REGISTER {datanodeDetails=838608ba-8b7b-40e1-8b89-0ac8f38cbb42{ip: 192.168.34.53, host: pr-hdds-1569-m2srl-933925942, networkLocation: /default-rack, certSerialId: null}} | ret=SUCCESS |  
2019-09-05 03:25:41,803 [grpc-default-executor-4] INFO  impl.RaftServerProxy (RaftServerProxy.java:addNew(89)) - 838608ba-8b7b-40e1-8b89-0ac8f38cbb42: addNew group-8E57DF3F1636:[838608ba-8b7b-40e1-8b89-0ac8f38cbb42:192.168.34.53:41281] returns group-8E57DF3F1636:java.util.concurrent.CompletableFuture@447c630f[Not completed]
2019-09-05 03:25:41,810 [pool-159-thread-1] INFO  impl.RaftServerImpl (RaftServerImpl.java:<init>(93)) - 838608ba-8b7b-40e1-8b89-0ac8f38cbb42: new RaftServerImpl for group-8E57DF3F1636:[838608ba-8b7b-40e1-8b89-0ac8f38cbb42:192.168.34.53:41281] with ContainerStateMachine:uninitialized
2019-09-05 03:25:41,810 [pool-159-thread-1] INFO  server.RaftServerConfigKeys (ConfUtils.java:logGet(43)) - raft.server.rpc.timeout.min = 5s (custom)
2019-09-05 03:25:41,811 [pool-159-thread-1] INFO  server.RaftServerConfigKeys (ConfUtils.java:logGet(43)) - raft.server.rpc.timeout.max = 5200ms (custom)
2019-09-05 03:25:41,811 [pool-159-thread-1] INFO  server.RaftServerConfigKeys (ConfUtils.java:logGet(43)) - raft.server.rpcslowness.timeout = 120s (custom)
2019-09-05 03:25:41,811 [pool-159-thread-1] INFO  server.RaftServerConfigKeys (ConfUtils.java:logGet(43)) - raft.server.sleep.deviation.threshold = 300 (default)
2019-09-05 03:25:41,812 [pool-159-thread-1] INFO  server.RaftServerConfigKeys (ConfUtils.java:logGet(43)) - raft.server.log.appender.install.snapshot.enabled = false (custom)
2019-09-05 03:25:41,812 [pool-159-thread-1] INFO  impl.RaftServerImpl (ServerState.java:<init>(105)) - 838608ba-8b7b-40e1-8b89-0ac8f38cbb42:group-8E57DF3F1636 ConfigurationManager, init=-1: [838608ba-8b7b-40e1-8b89-0ac8f38cbb42:192.168.34.53:41281], old=null, confs=<EMPTY_MAP>
2019-09-05 03:25:41,812 [pool-159-thread-1] INFO  server.RaftServerConfigKeys (ConfUtils.java:logGet(43)) - raft.server.storage.dir = [/workdir/hadoop-ozone/integration-test/target/test-dir/MiniOzoneClusterImpl-38a6644a-5bd9-4915-9755-6661b6b928f7/datanode-3/data/ratis] (custom)
2019-09-05 03:25:41,813 [pool-159-thread-1] INFO  storage.RaftStorageDirectory (RaftStorageDirectory.java:analyzeStorage(246)) - The storage directory /workdir/hadoop-ozone/integration-test/target/test-dir/MiniOzoneClusterImpl-38a6644a-5bd9-4915-9755-6661b6b928f7/datanode-3/data/ratis/1f2f7cac-d60f-48ca-95ce-8e57df3f1636 does not exist. Creating ...
2019-09-05 03:25:41,836 [pool-159-thread-1] INFO  storage.RaftStorageDirectory (RaftStorageDirectory.java:tryLock(328)) - Lock on /workdir/hadoop-ozone/integration-test/target/test-dir/MiniOzoneClusterImpl-38a6644a-5bd9-4915-9755-6661b6b928f7/datanode-3/data/ratis/1f2f7cac-d60f-48ca-95ce-8e57df3f1636/in_use.lock acquired by nodename 25942@pr-hdds-1569-m2srl-933925942
2019-09-05 03:25:41,858 [pool-159-thread-1] INFO  storage.RaftStorage (RaftStorage.java:format(72)) - Storage directory /workdir/hadoop-ozone/integration-test/target/test-dir/MiniOzoneClusterImpl-38a6644a-5bd9-4915-9755-6661b6b928f7/datanode-3/data/ratis/1f2f7cac-d60f-48ca-95ce-8e57df3f1636 has been successfully formatted.
2019-09-05 03:25:41,858 [pool-159-thread-1] INFO  ratis.ContainerStateMachine (ContainerStateMachine.java:loadSnapshot(226)) - group-8E57DF3F1636: The snapshot info is null. Setting the last applied indexto:(t:0, i:~)
2019-09-05 03:25:41,858 [pool-159-thread-1] INFO  server.RaftServerConfigKeys (ConfUtils.java:logGet(43)) - raft.server.leader.election.timeout = 120s (custom)
2019-09-05 03:25:41,858 [pool-159-thread-1] INFO  server.RaftServerConfigKeys (ConfUtils.java:logGet(43)) - raft.server.log.use.memory = false (default)
2019-09-05 03:25:41,858 [pool-159-thread-1] INFO  server.RaftServerConfigKeys (ConfUtils.java:logGet(43)) - raft.server.log.purge.gap = 1000000 (custom)
2019-09-05 03:25:41,859 [pool-159-thread-1] INFO  server.RaftServerConfigKeys (ConfUtils.java:logGet(43)) - raft.server.log.appender.buffer.byte-limit = 33554432 (custom)
2019-09-05 03:25:41,859 [pool-159-thread-1] INFO  server.RaftServerConfigKeys (ConfUtils.java:logGet(43)) - raft.server.log.segment.size.max = 1048576 (custom)
2019-09-05 03:25:41,859 [pool-159-thread-1] INFO  server.RaftServerConfigKeys (ConfUtils.java:logGet(43)) - raft.server.log.segment.cache.num.max = 2 (custom)
2019-09-05 03:25:41,859 [pool-159-thread-1] INFO  segmented.SegmentedRaftLogWorker (SegmentedRaftLogWorker.java:<init>(172)) - new 838608ba-8b7b-40e1-8b89-0ac8f38cbb42-SegmentedRaftLogWorker:Storage Directory /workdir/hadoop-ozone/integration-test/target/test-dir/MiniOzoneClusterImpl-38a6644a-5bd9-4915-9755-6661b6b928f7/datanode-3/data/ratis/1f2f7cac-d60f-48ca-95ce-8e57df3f1636 for RaftStorage:Storage Directory /workdir/hadoop-ozone/integration-test/target/test-dir/MiniOzoneClusterImpl-38a6644a-5bd9-4915-9755-6661b6b928f7/datanode-3/data/ratis/1f2f7cac-d60f-48ca-95ce-8e57df3f1636
2019-09-05 03:25:41,860 [pool-159-thread-1] INFO  server.RaftServerConfigKeys (ConfUtils.java:logGet(43)) - raft.server.log.queue.byte-limit = 2147483647 (custom)
2019-09-05 03:25:41,860 [pool-159-thread-1] INFO  server.RaftServerConfigKeys (ConfUtils.java:logGet(43)) - raft.server.log.queue.element-limit = 1024 (custom)
2019-09-05 03:25:41,860 [pool-159-thread-1] INFO  server.RaftServerConfigKeys (ConfUtils.java:logGet(43)) - raft.server.log.segment.size.max = 1048576 (custom)
2019-09-05 03:25:41,861 [pool-159-thread-1] INFO  server.RaftServerConfigKeys (ConfUtils.java:logGet(43)) - raft.server.log.preallocated.size = 16384 (custom)
2019-09-05 03:25:41,861 [pool-159-thread-1] INFO  server.RaftServerConfigKeys (ConfUtils.java:logGet(43)) - raft.server.log.write.buffer.size = 33554432 (custom)
2019-09-05 03:25:41,861 [pool-159-thread-1] INFO  server.RaftServerConfigKeys (ConfUtils.java:logGet(43)) - raft.server.log.force.sync.num = 128 (default)
2019-09-05 03:25:41,862 [pool-159-thread-1] INFO  server.RaftServerConfigKeys (ConfUtils.java:logGet(43)) - raft.server.log.statemachine.data.sync = true (default)
2019-09-05 03:25:41,862 [pool-159-thread-1] INFO  server.RaftServerConfigKeys (ConfUtils.java:logGet(43)) - raft.server.log.statemachine.data.sync.timeout = 10s (default)
2019-09-05 03:25:41,862 [pool-159-thread-1] INFO  server.RaftServerConfigKeys (ConfUtils.java:logGet(43)) - raft.server.log.statemachine.data.sync.timeout.retry = -1 (default)
2019-09-05 03:25:41,863 [pool-159-thread-1] INFO  server.RaftServerConfigKeys (ConfUtils.java:logGet(43)) - raft.server.log.statemachine.data.caching.enabled = true (custom)
2019-09-05 03:25:41,863 [pool-159-thread-1] INFO  segmented.SegmentedRaftLogWorker (SegmentedRaftLogWorker.java:lambda$new$0(132)) - 838608ba-8b7b-40e1-8b89-0ac8f38cbb42-SegmentedRaftLogWorker:Storage Directory /workdir/hadoop-ozone/integration-test/target/test-dir/MiniOzoneClusterImpl-38a6644a-5bd9-4915-9755-6661b6b928f7/datanode-3/data/ratis/1f2f7cac-d60f-48ca-95ce-8e57df3f1636: flushIndex: setUnconditionally 0 -> -1
2019-09-05 03:25:41,864 [pool-159-thread-1] INFO  server.RaftServerConfigKeys (ConfUtils.java:logGet(43)) - raft.server.snapshot.auto.trigger.enabled = true (custom)
2019-09-05 03:25:41,864 [pool-159-thread-1] INFO  server.RaftServerConfigKeys (ConfUtils.java:logGet(43)) - raft.server.snapshot.auto.trigger.threshold = 10000 (custom)
2019-09-05 03:25:41,864 [pool-159-thread-1] INFO  server.RaftServerConfigKeys (ConfUtils.java:logGet(43)) - raft.server.retrycache.expirytime = 600000ms (custom)
2019-09-05 03:25:41,865 [pool-159-thread-1] INFO  impl.RaftServerImpl (RaftServerImpl.java:start(180)) - 838608ba-8b7b-40e1-8b89-0ac8f38cbb42: start group-8E57DF3F1636
2019-09-05 03:25:41,865 [pool-159-thread-1] INFO  impl.RaftServerImpl (RaftServerImpl.java:setRole(171)) - 838608ba-8b7b-40e1-8b89-0ac8f38cbb42:group-8E57DF3F1636 changes role from null to FOLLOWER at term 0 for startAsFollower
2019-09-05 03:25:41,865 [pool-159-thread-1] INFO  impl.RoleInfo (RoleInfo.java:updateAndGet(143)) - 838608ba-8b7b-40e1-8b89-0ac8f38cbb42: start FollowerState
2019-09-05 03:25:41,866 [pool-159-thread-1] INFO  util.JmxRegister (JmxRegister.java:tryRegister(44)) - Successfully registered JMX Bean with object name Ratis:service=RaftServer,group=group-8E57DF3F1636,id=838608ba-8b7b-40e1-8b89-0ac8f38cbb42
2019-09-05 03:25:41,869 [RatisPipelineUtilsThread] INFO  pipeline.PipelineStateManager (PipelineStateManager.java:addPipeline(56)) - Created pipeline Pipeline[ Id: 1f2f7cac-d60f-48ca-95ce-8e57df3f1636, Nodes: 838608ba-8b7b-40e1-8b89-0ac8f38cbb42{ip: 192.168.34.53, host: pr-hdds-1569-m2srl-933925942, networkLocation: /default-rack, certSerialId: null}, Type:RATIS, Factor:ONE, State:OPEN]
2019-09-05 03:25:42,268 [IPC Server handler 2 on 38110] INFO  net.NetworkTopology (NetworkTopologyImpl.java:add(110)) - Added a new node: /default-rack/09804a23-7f5e-4639-98b0-dd8aac3c1a3d
2019-09-05 03:25:42,269 [IPC Server handler 2 on 38110] INFO  node.SCMNodeManager (SCMNodeManager.java:register(273)) - Registered Data node : 09804a23-7f5e-4639-98b0-dd8aac3c1a3d{ip: 192.168.34.53, host: pr-hdds-1569-m2srl-933925942, networkLocation: /default-rack, certSerialId: null}
2019-09-05 03:25:42,273 | INFO  | SCMAudit | user=jenkins1000 | ip=192.168.34.53 | op=REGISTER {datanodeDetails=09804a23-7f5e-4639-98b0-dd8aac3c1a3d{ip: 192.168.34.53, host: pr-hdds-1569-m2srl-933925942, networkLocation: /default-rack, certSerialId: null}} | ret=SUCCESS |  
2019-09-05 03:25:42,283 [grpc-default-executor-4] INFO  impl.RaftServerProxy (RaftServerProxy.java:addNew(89)) - 09804a23-7f5e-4639-98b0-dd8aac3c1a3d: addNew group-B7D2586C6A37:[09804a23-7f5e-4639-98b0-dd8aac3c1a3d:192.168.34.53:46077] returns group-B7D2586C6A37:java.util.concurrent.CompletableFuture@2e387dc8[Not completed]
2019-09-05 03:25:42,290 [pool-170-thread-1] INFO  impl.RaftServerImpl (RaftServerImpl.java:<init>(93)) - 09804a23-7f5e-4639-98b0-dd8aac3c1a3d: new RaftServerImpl for group-B7D2586C6A37:[09804a23-7f5e-4639-98b0-dd8aac3c1a3d:192.168.34.53:46077] with ContainerStateMachine:uninitialized
2019-09-05 03:25:42,291 [pool-170-thread-1] INFO  server.RaftServerConfigKeys (ConfUtils.java:logGet(43)) - raft.server.rpc.timeout.min = 5s (custom)
2019-09-05 03:25:42,291 [pool-170-thread-1] INFO  server.RaftServerConfigKeys (ConfUtils.java:logGet(43)) - raft.server.rpc.timeout.max = 5200ms (custom)
2019-09-05 03:25:42,291 [pool-170-thread-1] INFO  server.RaftServerConfigKeys (ConfUtils.java:logGet(43)) - raft.server.rpcslowness.timeout = 120s (custom)
2019-09-05 03:25:42,291 [pool-170-thread-1] INFO  server.RaftServerConfigKeys (ConfUtils.java:logGet(43)) - raft.server.sleep.deviation.threshold = 300 (default)
2019-09-05 03:25:42,291 [pool-170-thread-1] INFO  server.RaftServerConfigKeys (ConfUtils.java:logGet(43)) - raft.server.log.appender.install.snapshot.enabled = false (custom)
2019-09-05 03:25:42,292 [pool-170-thread-1] INFO  impl.RaftServerImpl (ServerState.java:<init>(105)) - 09804a23-7f5e-4639-98b0-dd8aac3c1a3d:group-B7D2586C6A37 ConfigurationManager, init=-1: [09804a23-7f5e-4639-98b0-dd8aac3c1a3d:192.168.34.53:46077], old=null, confs=<EMPTY_MAP>
2019-09-05 03:25:42,292 [pool-170-thread-1] INFO  server.RaftServerConfigKeys (ConfUtils.java:logGet(43)) - raft.server.storage.dir = [/workdir/hadoop-ozone/integration-test/target/test-dir/MiniOzoneClusterImpl-38a6644a-5bd9-4915-9755-6661b6b928f7/datanode-4/data/ratis] (custom)
2019-09-05 03:25:42,293 [pool-170-thread-1] INFO  storage.RaftStorageDirectory (RaftStorageDirectory.java:analyzeStorage(246)) - The storage directory /workdir/hadoop-ozone/integration-test/target/test-dir/MiniOzoneClusterImpl-38a6644a-5bd9-4915-9755-6661b6b928f7/datanode-4/data/ratis/b74f546e-6ba1-4b18-ae63-b7d2586c6a37 does not exist. Creating ...
2019-09-05 03:25:42,316 [pool-170-thread-1] INFO  storage.RaftStorageDirectory (RaftStorageDirectory.java:tryLock(328)) - Lock on /workdir/hadoop-ozone/integration-test/target/test-dir/MiniOzoneClusterImpl-38a6644a-5bd9-4915-9755-6661b6b928f7/datanode-4/data/ratis/b74f546e-6ba1-4b18-ae63-b7d2586c6a37/in_use.lock acquired by nodename 25942@pr-hdds-1569-m2srl-933925942
2019-09-05 03:25:42,361 [pool-170-thread-1] INFO  storage.RaftStorage (RaftStorage.java:format(72)) - Storage directory /workdir/hadoop-ozone/integration-test/target/test-dir/MiniOzoneClusterImpl-38a6644a-5bd9-4915-9755-6661b6b928f7/datanode-4/data/ratis/b74f546e-6ba1-4b18-ae63-b7d2586c6a37 has been successfully formatted.
2019-09-05 03:25:42,361 [pool-170-thread-1] INFO  ratis.ContainerStateMachine (ContainerStateMachine.java:loadSnapshot(226)) - group-B7D2586C6A37: The snapshot info is null. Setting the last applied indexto:(t:0, i:~)
2019-09-05 03:25:42,362 [pool-170-thread-1] INFO  server.RaftServerConfigKeys (ConfUtils.java:logGet(43)) - raft.server.leader.election.timeout = 120s (custom)
2019-09-05 03:25:42,362 [pool-170-thread-1] INFO  server.RaftServerConfigKeys (ConfUtils.java:logGet(43)) - raft.server.log.use.memory = false (default)
2019-09-05 03:25:42,362 [pool-170-thread-1] INFO  server.RaftServerConfigKeys (ConfUtils.java:logGet(43)) - raft.server.log.purge.gap = 1000000 (custom)
2019-09-05 03:25:42,362 [pool-170-thread-1] INFO  server.RaftServerConfigKeys (ConfUtils.java:logGet(43)) - raft.server.log.appender.buffer.byte-limit = 33554432 (custom)
2019-09-05 03:25:42,362 [pool-170-thread-1] INFO  server.RaftServerConfigKeys (ConfUtils.java:logGet(43)) - raft.server.log.segment.size.max = 1048576 (custom)
2019-09-05 03:25:42,363 [pool-170-thread-1] INFO  server.RaftServerConfigKeys (ConfUtils.java:logGet(43)) - raft.server.log.segment.cache.num.max = 2 (custom)
2019-09-05 03:25:42,363 [pool-170-thread-1] INFO  segmented.SegmentedRaftLogWorker (SegmentedRaftLogWorker.java:<init>(172)) - new 09804a23-7f5e-4639-98b0-dd8aac3c1a3d-SegmentedRaftLogWorker:Storage Directory /workdir/hadoop-ozone/integration-test/target/test-dir/MiniOzoneClusterImpl-38a6644a-5bd9-4915-9755-6661b6b928f7/datanode-4/data/ratis/b74f546e-6ba1-4b18-ae63-b7d2586c6a37 for RaftStorage:Storage Directory /workdir/hadoop-ozone/integration-test/target/test-dir/MiniOzoneClusterImpl-38a6644a-5bd9-4915-9755-6661b6b928f7/datanode-4/data/ratis/b74f546e-6ba1-4b18-ae63-b7d2586c6a37
2019-09-05 03:25:42,363 [pool-170-thread-1] INFO  server.RaftServerConfigKeys (ConfUtils.java:logGet(43)) - raft.server.log.queue.byte-limit = 2147483647 (custom)
2019-09-05 03:25:42,363 [pool-170-thread-1] INFO  server.RaftServerConfigKeys (ConfUtils.java:logGet(43)) - raft.server.log.queue.element-limit = 1024 (custom)
2019-09-05 03:25:42,364 [pool-170-thread-1] INFO  server.RaftServerConfigKeys (ConfUtils.java:logGet(43)) - raft.server.log.segment.size.max = 1048576 (custom)
2019-09-05 03:25:42,364 [pool-170-thread-1] INFO  server.RaftServerConfigKeys (ConfUtils.java:logGet(43)) - raft.server.log.preallocated.size = 16384 (custom)
2019-09-05 03:25:42,364 [pool-170-thread-1] INFO  server.RaftServerConfigKeys (ConfUtils.java:logGet(43)) - raft.server.log.write.buffer.size = 33554432 (custom)
2019-09-05 03:25:42,364 [pool-170-thread-1] INFO  server.RaftServerConfigKeys (ConfUtils.java:logGet(43)) - raft.server.log.force.sync.num = 128 (default)
2019-09-05 03:25:42,365 [pool-170-thread-1] INFO  server.RaftServerConfigKeys (ConfUtils.java:logGet(43)) - raft.server.log.statemachine.data.sync = true (default)
2019-09-05 03:25:42,365 [pool-170-thread-1] INFO  server.RaftServerConfigKeys (ConfUtils.java:logGet(43)) - raft.server.log.statemachine.data.sync.timeout = 10s (default)
2019-09-05 03:25:42,365 [pool-170-thread-1] INFO  server.RaftServerConfigKeys (ConfUtils.java:logGet(43)) - raft.server.log.statemachine.data.sync.timeout.retry = -1 (default)
2019-09-05 03:25:42,366 [pool-170-thread-1] INFO  server.RaftServerConfigKeys (ConfUtils.java:logGet(43)) - raft.server.log.statemachine.data.caching.enabled = true (custom)
2019-09-05 03:25:42,366 [pool-170-thread-1] INFO  segmented.SegmentedRaftLogWorker (SegmentedRaftLogWorker.java:lambda$new$0(132)) - 09804a23-7f5e-4639-98b0-dd8aac3c1a3d-SegmentedRaftLogWorker:Storage Directory /workdir/hadoop-ozone/integration-test/target/test-dir/MiniOzoneClusterImpl-38a6644a-5bd9-4915-9755-6661b6b928f7/datanode-4/data/ratis/b74f546e-6ba1-4b18-ae63-b7d2586c6a37: flushIndex: setUnconditionally 0 -> -1
2019-09-05 03:25:42,366 [pool-170-thread-1] INFO  server.RaftServerConfigKeys (ConfUtils.java:logGet(43)) - raft.server.snapshot.auto.trigger.enabled = true (custom)
2019-09-05 03:25:42,367 [pool-170-thread-1] INFO  server.RaftServerConfigKeys (ConfUtils.java:logGet(43)) - raft.server.snapshot.auto.trigger.threshold = 10000 (custom)
2019-09-05 03:25:42,367 [pool-170-thread-1] INFO  server.RaftServerConfigKeys (ConfUtils.java:logGet(43)) - raft.server.retrycache.expirytime = 600000ms (custom)
2019-09-05 03:25:42,367 [pool-170-thread-1] INFO  impl.RaftServerImpl (RaftServerImpl.java:start(180)) - 09804a23-7f5e-4639-98b0-dd8aac3c1a3d: start group-B7D2586C6A37
2019-09-05 03:25:42,367 [pool-170-thread-1] INFO  impl.RaftServerImpl (RaftServerImpl.java:setRole(171)) - 09804a23-7f5e-4639-98b0-dd8aac3c1a3d:group-B7D2586C6A37 changes role from null to FOLLOWER at term 0 for startAsFollower
2019-09-05 03:25:42,368 [pool-170-thread-1] INFO  impl.RoleInfo (RoleInfo.java:updateAndGet(143)) - 09804a23-7f5e-4639-98b0-dd8aac3c1a3d: start FollowerState
2019-09-05 03:25:42,368 [pool-170-thread-1] INFO  util.JmxRegister (JmxRegister.java:tryRegister(44)) - Successfully registered JMX Bean with object name Ratis:service=RaftServer,group=group-B7D2586C6A37,id=09804a23-7f5e-4639-98b0-dd8aac3c1a3d
2019-09-05 03:25:42,371 [RatisPipelineUtilsThread] INFO  pipeline.PipelineStateManager (PipelineStateManager.java:addPipeline(56)) - Created pipeline Pipeline[ Id: b74f546e-6ba1-4b18-ae63-b7d2586c6a37, Nodes: 09804a23-7f5e-4639-98b0-dd8aac3c1a3d{ip: 192.168.34.53, host: pr-hdds-1569-m2srl-933925942, networkLocation: /default-rack, certSerialId: null}, Type:RATIS, Factor:ONE, State:OPEN]
2019-09-05 03:25:42,491 [IPC Server handler 1 on 38110] INFO  net.NetworkTopology (NetworkTopologyImpl.java:add(110)) - Added a new node: /default-rack/f8e72f0f-27ad-4da0-a4ac-f742e69d6053
2019-09-05 03:25:42,491 [IPC Server handler 1 on 38110] INFO  node.SCMNodeManager (SCMNodeManager.java:register(273)) - Registered Data node : f8e72f0f-27ad-4da0-a4ac-f742e69d6053{ip: 192.168.34.53, host: pr-hdds-1569-m2srl-933925942, networkLocation: /default-rack, certSerialId: null}
2019-09-05 03:25:42,492 | INFO  | SCMAudit | user=jenkins1000 | ip=192.168.34.53 | op=REGISTER {datanodeDetails=f8e72f0f-27ad-4da0-a4ac-f742e69d6053{ip: 192.168.34.53, host: pr-hdds-1569-m2srl-933925942, networkLocation: /default-rack, certSerialId: null}} | ret=SUCCESS |  
2019-09-05 03:25:42,502 [grpc-default-executor-4] INFO  impl.RaftServerProxy (RaftServerProxy.java:addNew(89)) - f8e72f0f-27ad-4da0-a4ac-f742e69d6053: addNew group-AD08BE2EEEC7:[f8e72f0f-27ad-4da0-a4ac-f742e69d6053:192.168.34.53:43454] returns group-AD08BE2EEEC7:java.util.concurrent.CompletableFuture@3a62d3e1[Not completed]
2019-09-05 03:25:42,508 [pool-181-thread-1] INFO  impl.RaftServerImpl (RaftServerImpl.java:<init>(93)) - f8e72f0f-27ad-4da0-a4ac-f742e69d6053: new RaftServerImpl for group-AD08BE2EEEC7:[f8e72f0f-27ad-4da0-a4ac-f742e69d6053:192.168.34.53:43454] with ContainerStateMachine:uninitialized
2019-09-05 03:25:42,509 [pool-181-thread-1] INFO  server.RaftServerConfigKeys (ConfUtils.java:logGet(43)) - raft.server.rpc.timeout.min = 5s (custom)
2019-09-05 03:25:42,509 [pool-181-thread-1] INFO  server.RaftServerConfigKeys (ConfUtils.java:logGet(43)) - raft.server.rpc.timeout.max = 5200ms (custom)
2019-09-05 03:25:42,509 [pool-181-thread-1] INFO  server.RaftServerConfigKeys (ConfUtils.java:logGet(43)) - raft.server.rpcslowness.timeout = 120s (custom)
2019-09-05 03:25:42,509 [pool-181-thread-1] INFO  server.RaftServerConfigKeys (ConfUtils.java:logGet(43)) - raft.server.sleep.deviation.threshold = 300 (default)
2019-09-05 03:25:42,509 [pool-181-thread-1] INFO  server.RaftServerConfigKeys (ConfUtils.java:logGet(43)) - raft.server.log.appender.install.snapshot.enabled = false (custom)
2019-09-05 03:25:42,509 [pool-181-thread-1] INFO  impl.RaftServerImpl (ServerState.java:<init>(105)) - f8e72f0f-27ad-4da0-a4ac-f742e69d6053:group-AD08BE2EEEC7 ConfigurationManager, init=-1: [f8e72f0f-27ad-4da0-a4ac-f742e69d6053:192.168.34.53:43454], old=null, confs=<EMPTY_MAP>
2019-09-05 03:25:42,510 [pool-181-thread-1] INFO  server.RaftServerConfigKeys (ConfUtils.java:logGet(43)) - raft.server.storage.dir = [/workdir/hadoop-ozone/integration-test/target/test-dir/MiniOzoneClusterImpl-38a6644a-5bd9-4915-9755-6661b6b928f7/datanode-5/data/ratis] (custom)
2019-09-05 03:25:42,510 [pool-181-thread-1] INFO  storage.RaftStorageDirectory (RaftStorageDirectory.java:analyzeStorage(246)) - The storage directory /workdir/hadoop-ozone/integration-test/target/test-dir/MiniOzoneClusterImpl-38a6644a-5bd9-4915-9755-6661b6b928f7/datanode-5/data/ratis/50e0e566-8adf-4ba0-94a5-ad08be2eeec7 does not exist. Creating ...
2019-09-05 03:25:42,563 [pool-181-thread-1] INFO  storage.RaftStorageDirectory (RaftStorageDirectory.java:tryLock(328)) - Lock on /workdir/hadoop-ozone/integration-test/target/test-dir/MiniOzoneClusterImpl-38a6644a-5bd9-4915-9755-6661b6b928f7/datanode-5/data/ratis/50e0e566-8adf-4ba0-94a5-ad08be2eeec7/in_use.lock acquired by nodename 25942@pr-hdds-1569-m2srl-933925942
2019-09-05 03:25:42,609 [pool-181-thread-1] INFO  storage.RaftStorage (RaftStorage.java:format(72)) - Storage directory /workdir/hadoop-ozone/integration-test/target/test-dir/MiniOzoneClusterImpl-38a6644a-5bd9-4915-9755-6661b6b928f7/datanode-5/data/ratis/50e0e566-8adf-4ba0-94a5-ad08be2eeec7 has been successfully formatted.
2019-09-05 03:25:42,609 [pool-181-thread-1] INFO  ratis.ContainerStateMachine (ContainerStateMachine.java:loadSnapshot(226)) - group-AD08BE2EEEC7: The snapshot info is null. Setting the last applied indexto:(t:0, i:~)
2019-09-05 03:25:42,609 [pool-181-thread-1] INFO  server.RaftServerConfigKeys (ConfUtils.java:logGet(43)) - raft.server.leader.election.timeout = 120s (custom)
2019-09-05 03:25:42,609 [pool-181-thread-1] INFO  server.RaftServerConfigKeys (ConfUtils.java:logGet(43)) - raft.server.log.use.memory = false (default)
2019-09-05 03:25:42,610 [pool-181-thread-1] INFO  server.RaftServerConfigKeys (ConfUtils.java:logGet(43)) - raft.server.log.purge.gap = 1000000 (custom)
2019-09-05 03:25:42,610 [pool-181-thread-1] INFO  server.RaftServerConfigKeys (ConfUtils.java:logGet(43)) - raft.server.log.appender.buffer.byte-limit = 33554432 (custom)
2019-09-05 03:25:42,610 [pool-181-thread-1] INFO  server.RaftServerConfigKeys (ConfUtils.java:logGet(43)) - raft.server.log.segment.size.max = 1048576 (custom)
2019-09-05 03:25:42,610 [pool-181-thread-1] INFO  server.RaftServerConfigKeys (ConfUtils.java:logGet(43)) - raft.server.log.segment.cache.num.max = 2 (custom)
2019-09-05 03:25:42,610 [pool-181-thread-1] INFO  segmented.SegmentedRaftLogWorker (SegmentedRaftLogWorker.java:<init>(172)) - new f8e72f0f-27ad-4da0-a4ac-f742e69d6053-SegmentedRaftLogWorker:Storage Directory /workdir/hadoop-ozone/integration-test/target/test-dir/MiniOzoneClusterImpl-38a6644a-5bd9-4915-9755-6661b6b928f7/datanode-5/data/ratis/50e0e566-8adf-4ba0-94a5-ad08be2eeec7 for RaftStorage:Storage Directory /workdir/hadoop-ozone/integration-test/target/test-dir/MiniOzoneClusterImpl-38a6644a-5bd9-4915-9755-6661b6b928f7/datanode-5/data/ratis/50e0e566-8adf-4ba0-94a5-ad08be2eeec7
2019-09-05 03:25:42,610 [pool-181-thread-1] INFO  server.RaftServerConfigKeys (ConfUtils.java:logGet(43)) - raft.server.log.queue.byte-limit = 2147483647 (custom)
2019-09-05 03:25:42,611 [pool-181-thread-1] INFO  server.RaftServerConfigKeys (ConfUtils.java:logGet(43)) - raft.server.log.queue.element-limit = 1024 (custom)
2019-09-05 03:25:42,611 [pool-181-thread-1] INFO  server.RaftServerConfigKeys (ConfUtils.java:logGet(43)) - raft.server.log.segment.size.max = 1048576 (custom)
2019-09-05 03:25:42,611 [pool-181-thread-1] INFO  server.RaftServerConfigKeys (ConfUtils.java:logGet(43)) - raft.server.log.preallocated.size = 16384 (custom)
2019-09-05 03:25:42,611 [pool-181-thread-1] INFO  server.RaftServerConfigKeys (ConfUtils.java:logGet(43)) - raft.server.log.write.buffer.size = 33554432 (custom)
2019-09-05 03:25:42,611 [pool-181-thread-1] INFO  server.RaftServerConfigKeys (ConfUtils.java:logGet(43)) - raft.server.log.force.sync.num = 128 (default)
2019-09-05 03:25:42,612 [pool-181-thread-1] INFO  server.RaftServerConfigKeys (ConfUtils.java:logGet(43)) - raft.server.log.statemachine.data.sync = true (default)
2019-09-05 03:25:42,612 [pool-181-thread-1] INFO  server.RaftServerConfigKeys (ConfUtils.java:logGet(43)) - raft.server.log.statemachine.data.sync.timeout = 10s (default)
2019-09-05 03:25:42,612 [pool-181-thread-1] INFO  server.RaftServerConfigKeys (ConfUtils.java:logGet(43)) - raft.server.log.statemachine.data.sync.timeout.retry = -1 (default)
2019-09-05 03:25:42,612 [pool-181-thread-1] INFO  server.RaftServerConfigKeys (ConfUtils.java:logGet(43)) - raft.server.log.statemachine.data.caching.enabled = true (custom)
2019-09-05 03:25:42,613 [pool-181-thread-1] INFO  segmented.SegmentedRaftLogWorker (SegmentedRaftLogWorker.java:lambda$new$0(132)) - f8e72f0f-27ad-4da0-a4ac-f742e69d6053-SegmentedRaftLogWorker:Storage Directory /workdir/hadoop-ozone/integration-test/target/test-dir/MiniOzoneClusterImpl-38a6644a-5bd9-4915-9755-6661b6b928f7/datanode-5/data/ratis/50e0e566-8adf-4ba0-94a5-ad08be2eeec7: flushIndex: setUnconditionally 0 -> -1
2019-09-05 03:25:42,613 [pool-181-thread-1] INFO  server.RaftServerConfigKeys (ConfUtils.java:logGet(43)) - raft.server.snapshot.auto.trigger.enabled = true (custom)
2019-09-05 03:25:42,613 [pool-181-thread-1] INFO  server.RaftServerConfigKeys (ConfUtils.java:logGet(43)) - raft.server.snapshot.auto.trigger.threshold = 10000 (custom)
2019-09-05 03:25:42,613 [pool-181-thread-1] INFO  server.RaftServerConfigKeys (ConfUtils.java:logGet(43)) - raft.server.retrycache.expirytime = 600000ms (custom)
2019-09-05 03:25:42,614 [pool-181-thread-1] INFO  impl.RaftServerImpl (RaftServerImpl.java:start(180)) - f8e72f0f-27ad-4da0-a4ac-f742e69d6053: start group-AD08BE2EEEC7
2019-09-05 03:25:42,614 [pool-181-thread-1] INFO  impl.RaftServerImpl (RaftServerImpl.java:setRole(171)) - f8e72f0f-27ad-4da0-a4ac-f742e69d6053:group-AD08BE2EEEC7 changes role from null to FOLLOWER at term 0 for startAsFollower
2019-09-05 03:25:42,614 [pool-181-thread-1] INFO  impl.RoleInfo (RoleInfo.java:updateAndGet(143)) - f8e72f0f-27ad-4da0-a4ac-f742e69d6053: start FollowerState
2019-09-05 03:25:42,614 [pool-181-thread-1] INFO  util.JmxRegister (JmxRegister.java:tryRegister(44)) - Successfully registered JMX Bean with object name Ratis:service=RaftServer,group=group-AD08BE2EEEC7,id=f8e72f0f-27ad-4da0-a4ac-f742e69d6053
2019-09-05 03:25:42,618 [RatisPipelineUtilsThread] INFO  pipeline.PipelineStateManager (PipelineStateManager.java:addPipeline(56)) - Created pipeline Pipeline[ Id: 50e0e566-8adf-4ba0-94a5-ad08be2eeec7, Nodes: f8e72f0f-27ad-4da0-a4ac-f742e69d6053{ip: 192.168.34.53, host: pr-hdds-1569-m2srl-933925942, networkLocation: /default-rack, certSerialId: null}, Type:RATIS, Factor:ONE, State:OPEN]
2019-09-05 03:25:42,639 [grpc-default-executor-4] INFO  impl.RaftServerProxy (RaftServerProxy.java:addNew(89)) - 09804a23-7f5e-4639-98b0-dd8aac3c1a3d: addNew group-6FC1333E43B6:[838608ba-8b7b-40e1-8b89-0ac8f38cbb42:192.168.34.53:41281, 09804a23-7f5e-4639-98b0-dd8aac3c1a3d:192.168.34.53:46077, f8e72f0f-27ad-4da0-a4ac-f742e69d6053:192.168.34.53:43454] returns group-6FC1333E43B6:java.util.concurrent.CompletableFuture@6cb3977[Not completed]
2019-09-05 03:25:42,639 [grpc-default-executor-2] INFO  impl.RaftServerProxy (RaftServerProxy.java:addNew(89)) - 838608ba-8b7b-40e1-8b89-0ac8f38cbb42: addNew group-6FC1333E43B6:[838608ba-8b7b-40e1-8b89-0ac8f38cbb42:192.168.34.53:41281, 09804a23-7f5e-4639-98b0-dd8aac3c1a3d:192.168.34.53:46077, f8e72f0f-27ad-4da0-a4ac-f742e69d6053:192.168.34.53:43454] returns group-6FC1333E43B6:java.util.concurrent.CompletableFuture@71ff24d4[Not completed]
2019-09-05 03:25:42,639 [grpc-default-executor-3] INFO  impl.RaftServerProxy (RaftServerProxy.java:addNew(89)) - f8e72f0f-27ad-4da0-a4ac-f742e69d6053: addNew group-6FC1333E43B6:[838608ba-8b7b-40e1-8b89-0ac8f38cbb42:192.168.34.53:41281, 09804a23-7f5e-4639-98b0-dd8aac3c1a3d:192.168.34.53:46077, f8e72f0f-27ad-4da0-a4ac-f742e69d6053:192.168.34.53:43454] returns group-6FC1333E43B6:java.util.concurrent.CompletableFuture@40f5e35c[Not completed]
2019-09-05 03:25:42,641 [pool-170-thread-1] INFO  impl.RaftServerImpl (RaftServerImpl.java:<init>(93)) - 09804a23-7f5e-4639-98b0-dd8aac3c1a3d: new RaftServerImpl for group-6FC1333E43B6:[838608ba-8b7b-40e1-8b89-0ac8f38cbb42:192.168.34.53:41281, 09804a23-7f5e-4639-98b0-dd8aac3c1a3d:192.168.34.53:46077, f8e72f0f-27ad-4da0-a4ac-f742e69d6053:192.168.34.53:43454] with ContainerStateMachine:uninitialized
2019-09-05 03:25:42,642 [pool-170-thread-1] INFO  server.RaftServerConfigKeys (ConfUtils.java:logGet(43)) - raft.server.rpc.timeout.min = 5s (custom)
2019-09-05 03:25:42,642 [pool-170-thread-1] INFO  server.RaftServerConfigKeys (ConfUtils.java:logGet(43)) - raft.server.rpc.timeout.max = 5200ms (custom)
2019-09-05 03:25:42,642 [pool-170-thread-1] INFO  server.RaftServerConfigKeys (ConfUtils.java:logGet(43)) - raft.server.rpcslowness.timeout = 120s (custom)
2019-09-05 03:25:42,642 [pool-159-thread-1] INFO  impl.RaftServerImpl (RaftServerImpl.java:<init>(93)) - 838608ba-8b7b-40e1-8b89-0ac8f38cbb42: new RaftServerImpl for group-6FC1333E43B6:[838608ba-8b7b-40e1-8b89-0ac8f38cbb42:192.168.34.53:41281, 09804a23-7f5e-4639-98b0-dd8aac3c1a3d:192.168.34.53:46077, f8e72f0f-27ad-4da0-a4ac-f742e69d6053:192.168.34.53:43454] with ContainerStateMachine:uninitialized
2019-09-05 03:25:42,643 [pool-170-thread-1] INFO  server.RaftServerConfigKeys (ConfUtils.java:logGet(43)) - raft.server.sleep.deviation.threshold = 300 (default)
2019-09-05 03:25:42,643 [pool-159-thread-1] INFO  server.RaftServerConfigKeys (ConfUtils.java:logGet(43)) - raft.server.rpc.timeout.min = 5s (custom)
2019-09-05 03:25:42,643 [pool-170-thread-1] INFO  server.RaftServerConfigKeys (ConfUtils.java:logGet(43)) - raft.server.log.appender.install.snapshot.enabled = false (custom)
2019-09-05 03:25:42,643 [pool-159-thread-1] INFO  server.RaftServerConfigKeys (ConfUtils.java:logGet(43)) - raft.server.rpc.timeout.max = 5200ms (custom)
2019-09-05 03:25:42,643 [pool-170-thread-1] INFO  impl.RaftServerImpl (ServerState.java:<init>(105)) - 09804a23-7f5e-4639-98b0-dd8aac3c1a3d:group-6FC1333E43B6 ConfigurationManager, init=-1: [838608ba-8b7b-40e1-8b89-0ac8f38cbb42:192.168.34.53:41281, 09804a23-7f5e-4639-98b0-dd8aac3c1a3d:192.168.34.53:46077, f8e72f0f-27ad-4da0-a4ac-f742e69d6053:192.168.34.53:43454], old=null, confs=<EMPTY_MAP>
2019-09-05 03:25:42,644 [pool-159-thread-1] INFO  server.RaftServerConfigKeys (ConfUtils.java:logGet(43)) - raft.server.rpcslowness.timeout = 120s (custom)
2019-09-05 03:25:42,643 [pool-181-thread-1] INFO  impl.RaftServerImpl (RaftServerImpl.java:<init>(93)) - f8e72f0f-27ad-4da0-a4ac-f742e69d6053: new RaftServerImpl for group-6FC1333E43B6:[838608ba-8b7b-40e1-8b89-0ac8f38cbb42:192.168.34.53:41281, 09804a23-7f5e-4639-98b0-dd8aac3c1a3d:192.168.34.53:46077, f8e72f0f-27ad-4da0-a4ac-f742e69d6053:192.168.34.53:43454] with ContainerStateMachine:uninitialized
2019-09-05 03:25:42,644 [pool-159-thread-1] INFO  server.RaftServerConfigKeys (ConfUtils.java:logGet(43)) - raft.server.sleep.deviation.threshold = 300 (default)
2019-09-05 03:25:42,644 [pool-170-thread-1] INFO  server.RaftServerConfigKeys (ConfUtils.java:logGet(43)) - raft.server.storage.dir = [/workdir/hadoop-ozone/integration-test/target/test-dir/MiniOzoneClusterImpl-38a6644a-5bd9-4915-9755-6661b6b928f7/datanode-4/data/ratis] (custom)
2019-09-05 03:25:42,644 [pool-159-thread-1] INFO  server.RaftServerConfigKeys (ConfUtils.java:logGet(43)) - raft.server.log.appender.install.snapshot.enabled = false (custom)
2019-09-05 03:25:42,644 [pool-181-thread-1] INFO  server.RaftServerConfigKeys (ConfUtils.java:logGet(43)) - raft.server.rpc.timeout.min = 5s (custom)
2019-09-05 03:25:42,645 [pool-159-thread-1] INFO  impl.RaftServerImpl (ServerState.java:<init>(105)) - 838608ba-8b7b-40e1-8b89-0ac8f38cbb42:group-6FC1333E43B6 ConfigurationManager, init=-1: [838608ba-8b7b-40e1-8b89-0ac8f38cbb42:192.168.34.53:41281, 09804a23-7f5e-4639-98b0-dd8aac3c1a3d:192.168.34.53:46077, f8e72f0f-27ad-4da0-a4ac-f742e69d6053:192.168.34.53:43454], old=null, confs=<EMPTY_MAP>
2019-09-05 03:25:42,645 [pool-181-thread-1] INFO  server.RaftServerConfigKeys (ConfUtils.java:logGet(43)) - raft.server.rpc.timeout.max = 5200ms (custom)
2019-09-05 03:25:42,645 [pool-170-thread-1] INFO  storage.RaftStorageDirectory (RaftStorageDirectory.java:analyzeStorage(246)) - The storage directory /workdir/hadoop-ozone/integration-test/target/test-dir/MiniOzoneClusterImpl-38a6644a-5bd9-4915-9755-6661b6b928f7/datanode-4/data/ratis/b9197241-d09d-4aa4-9843-6fc1333e43b6 does not exist. Creating ...
2019-09-05 03:25:42,645 [pool-181-thread-1] INFO  server.RaftServerConfigKeys (ConfUtils.java:logGet(43)) - raft.server.rpcslowness.timeout = 120s (custom)
2019-09-05 03:25:42,645 [pool-159-thread-1] INFO  server.RaftServerConfigKeys (ConfUtils.java:logGet(43)) - raft.server.storage.dir = [/workdir/hadoop-ozone/integration-test/target/test-dir/MiniOzoneClusterImpl-38a6644a-5bd9-4915-9755-6661b6b928f7/datanode-3/data/ratis] (custom)
2019-09-05 03:25:42,646 [pool-181-thread-1] INFO  server.RaftServerConfigKeys (ConfUtils.java:logGet(43)) - raft.server.sleep.deviation.threshold = 300 (default)
2019-09-05 03:25:42,646 [pool-181-thread-1] INFO  server.RaftServerConfigKeys (ConfUtils.java:logGet(43)) - raft.server.log.appender.install.snapshot.enabled = false (custom)
2019-09-05 03:25:42,646 [pool-159-thread-1] INFO  storage.RaftStorageDirectory (RaftStorageDirectory.java:analyzeStorage(246)) - The storage directory /workdir/hadoop-ozone/integration-test/target/test-dir/MiniOzoneClusterImpl-38a6644a-5bd9-4915-9755-6661b6b928f7/datanode-3/data/ratis/b9197241-d09d-4aa4-9843-6fc1333e43b6 does not exist. Creating ...
2019-09-05 03:25:42,646 [pool-181-thread-1] INFO  impl.RaftServerImpl (ServerState.java:<init>(105)) - f8e72f0f-27ad-4da0-a4ac-f742e69d6053:group-6FC1333E43B6 ConfigurationManager, init=-1: [838608ba-8b7b-40e1-8b89-0ac8f38cbb42:192.168.34.53:41281, 09804a23-7f5e-4639-98b0-dd8aac3c1a3d:192.168.34.53:46077, f8e72f0f-27ad-4da0-a4ac-f742e69d6053:192.168.34.53:43454], old=null, confs=<EMPTY_MAP>
2019-09-05 03:25:42,647 [pool-181-thread-1] INFO  server.RaftServerConfigKeys (ConfUtils.java:logGet(43)) - raft.server.storage.dir = [/workdir/hadoop-ozone/integration-test/target/test-dir/MiniOzoneClusterImpl-38a6644a-5bd9-4915-9755-6661b6b928f7/datanode-5/data/ratis] (custom)
2019-09-05 03:25:42,647 [pool-181-thread-1] INFO  storage.RaftStorageDirectory (RaftStorageDirectory.java:analyzeStorage(246)) - The storage directory /workdir/hadoop-ozone/integration-test/target/test-dir/MiniOzoneClusterImpl-38a6644a-5bd9-4915-9755-6661b6b928f7/datanode-5/data/ratis/b9197241-d09d-4aa4-9843-6fc1333e43b6 does not exist. Creating ...
2019-09-05 03:25:42,711 [pool-181-thread-1] INFO  storage.RaftStorageDirectory (RaftStorageDirectory.java:tryLock(328)) - Lock on /workdir/hadoop-ozone/integration-test/target/test-dir/MiniOzoneClusterImpl-38a6644a-5bd9-4915-9755-6661b6b928f7/datanode-5/data/ratis/b9197241-d09d-4aa4-9843-6fc1333e43b6/in_use.lock acquired by nodename 25942@pr-hdds-1569-m2srl-933925942
2019-09-05 03:25:42,711 [pool-170-thread-1] INFO  storage.RaftStorageDirectory (RaftStorageDirectory.java:tryLock(328)) - Lock on /workdir/hadoop-ozone/integration-test/target/test-dir/MiniOzoneClusterImpl-38a6644a-5bd9-4915-9755-6661b6b928f7/datanode-4/data/ratis/b9197241-d09d-4aa4-9843-6fc1333e43b6/in_use.lock acquired by nodename 25942@pr-hdds-1569-m2srl-933925942
2019-09-05 03:25:42,711 [pool-159-thread-1] INFO  storage.RaftStorageDirectory (RaftStorageDirectory.java:tryLock(328)) - Lock on /workdir/hadoop-ozone/integration-test/target/test-dir/MiniOzoneClusterImpl-38a6644a-5bd9-4915-9755-6661b6b928f7/datanode-3/data/ratis/b9197241-d09d-4aa4-9843-6fc1333e43b6/in_use.lock acquired by nodename 25942@pr-hdds-1569-m2srl-933925942
2019-09-05 03:25:42,717 [main] INFO  ozone.MiniOzoneClusterImpl (MiniOzoneClusterImpl.java:lambda$waitForClusterToBeReady$0(142)) - Waiting for cluster to be ready. Got 6 of 7 DN Heartbeats.
2019-09-05 03:25:42,718 [IPC Server handler 0 on 38110] INFO  net.NetworkTopology (NetworkTopologyImpl.java:add(110)) - Added a new node: /default-rack/d5831d47-7264-4585-8f97-4cba7bdc2965
2019-09-05 03:25:42,718 [IPC Server handler 0 on 38110] INFO  node.SCMNodeManager (SCMNodeManager.java:register(273)) - Registered Data node : d5831d47-7264-4585-8f97-4cba7bdc2965{ip: 192.168.34.53, host: pr-hdds-1569-m2srl-933925942, networkLocation: /default-rack, certSerialId: null}
2019-09-05 03:25:42,719 | INFO  | SCMAudit | user=jenkins1000 | ip=192.168.34.53 | op=REGISTER {datanodeDetails=d5831d47-7264-4585-8f97-4cba7bdc2965{ip: 192.168.34.53, host: pr-hdds-1569-m2srl-933925942, networkLocation: /default-rack, certSerialId: null}} | ret=SUCCESS |  
2019-09-05 03:25:42,794 [pool-181-thread-1] INFO  storage.RaftStorage (RaftStorage.java:format(72)) - Storage directory /workdir/hadoop-ozone/integration-test/target/test-dir/MiniOzoneClusterImpl-38a6644a-5bd9-4915-9755-6661b6b928f7/datanode-5/data/ratis/b9197241-d09d-4aa4-9843-6fc1333e43b6 has been successfully formatted.
2019-09-05 03:25:42,794 [pool-170-thread-1] INFO  storage.RaftStorage (RaftStorage.java:format(72)) - Storage directory /workdir/hadoop-ozone/integration-test/target/test-dir/MiniOzoneClusterImpl-38a6644a-5bd9-4915-9755-6661b6b928f7/datanode-4/data/ratis/b9197241-d09d-4aa4-9843-6fc1333e43b6 has been successfully formatted.
2019-09-05 03:25:42,794 [pool-159-thread-1] INFO  storage.RaftStorage (RaftStorage.java:format(72)) - Storage directory /workdir/hadoop-ozone/integration-test/target/test-dir/MiniOzoneClusterImpl-38a6644a-5bd9-4915-9755-6661b6b928f7/datanode-3/data/ratis/b9197241-d09d-4aa4-9843-6fc1333e43b6 has been successfully formatted.
2019-09-05 03:25:42,795 [pool-181-thread-1] INFO  ratis.ContainerStateMachine (ContainerStateMachine.java:loadSnapshot(226)) - group-6FC1333E43B6: The snapshot info is null. Setting the last applied indexto:(t:0, i:~)
2019-09-05 03:25:42,795 [pool-159-thread-1] INFO  ratis.ContainerStateMachine (ContainerStateMachine.java:loadSnapshot(226)) - group-6FC1333E43B6: The snapshot info is null. Setting the last applied indexto:(t:0, i:~)
2019-09-05 03:25:42,795 [pool-170-thread-1] INFO  ratis.ContainerStateMachine (ContainerStateMachine.java:loadSnapshot(226)) - group-6FC1333E43B6: The snapshot info is null. Setting the last applied indexto:(t:0, i:~)
2019-09-05 03:25:42,796 [pool-159-thread-1] INFO  server.RaftServerConfigKeys (ConfUtils.java:logGet(43)) - raft.server.leader.election.timeout = 120s (custom)
2019-09-05 03:25:42,795 [pool-181-thread-1] INFO  server.RaftServerConfigKeys (ConfUtils.java:logGet(43)) - raft.server.leader.election.timeout = 120s (custom)
2019-09-05 03:25:42,796 [pool-159-thread-1] INFO  server.RaftServerConfigKeys (ConfUtils.java:logGet(43)) - raft.server.log.use.memory = false (default)
2019-09-05 03:25:42,796 [pool-170-thread-1] INFO  server.RaftServerConfigKeys (ConfUtils.java:logGet(43)) - raft.server.leader.election.timeout = 120s (custom)
2019-09-05 03:25:42,796 [pool-159-thread-1] INFO  server.RaftServerConfigKeys (ConfUtils.java:logGet(43)) - raft.server.log.purge.gap = 1000000 (custom)
2019-09-05 03:25:42,796 [pool-181-thread-1] INFO  server.RaftServerConfigKeys (ConfUtils.java:logGet(43)) - raft.server.log.use.memory = false (default)
2019-09-05 03:25:42,797 [pool-159-thread-1] INFO  server.RaftServerConfigKeys (ConfUtils.java:logGet(43)) - raft.server.log.appender.buffer.byte-limit = 33554432 (custom)
2019-09-05 03:25:42,796 [pool-170-thread-1] INFO  server.RaftServerConfigKeys (ConfUtils.java:logGet(43)) - raft.server.log.use.memory = false (default)
2019-09-05 03:25:42,797 [pool-159-thread-1] INFO  server.RaftServerConfigKeys (ConfUtils.java:logGet(43)) - raft.server.log.segment.size.max = 1048576 (custom)
2019-09-05 03:25:42,797 [pool-181-thread-1] INFO  server.RaftServerConfigKeys (ConfUtils.java:logGet(43)) - raft.server.log.purge.gap = 1000000 (custom)
2019-09-05 03:25:42,797 [pool-159-thread-1] INFO  server.RaftServerConfigKeys (ConfUtils.java:logGet(43)) - raft.server.log.segment.cache.num.max = 2 (custom)
2019-09-05 03:25:42,797 [pool-170-thread-1] INFO  server.RaftServerConfigKeys (ConfUtils.java:logGet(43)) - raft.server.log.purge.gap = 1000000 (custom)
2019-09-05 03:25:42,798 [pool-159-thread-1] INFO  segmented.SegmentedRaftLogWorker (SegmentedRaftLogWorker.java:<init>(172)) - new 838608ba-8b7b-40e1-8b89-0ac8f38cbb42-SegmentedRaftLogWorker:Storage Directory /workdir/hadoop-ozone/integration-test/target/test-dir/MiniOzoneClusterImpl-38a6644a-5bd9-4915-9755-6661b6b928f7/datanode-3/data/ratis/b9197241-d09d-4aa4-9843-6fc1333e43b6 for RaftStorage:Storage Directory /workdir/hadoop-ozone/integration-test/target/test-dir/MiniOzoneClusterImpl-38a6644a-5bd9-4915-9755-6661b6b928f7/datanode-3/data/ratis/b9197241-d09d-4aa4-9843-6fc1333e43b6
2019-09-05 03:25:42,798 [pool-181-thread-1] INFO  server.RaftServerConfigKeys (ConfUtils.java:logGet(43)) - raft.server.log.appender.buffer.byte-limit = 33554432 (custom)
2019-09-05 03:25:42,798 [pool-159-thread-1] INFO  server.RaftServerConfigKeys (ConfUtils.java:logGet(43)) - raft.server.log.queue.byte-limit = 2147483647 (custom)
2019-09-05 03:25:42,798 [pool-170-thread-1] INFO  server.RaftServerConfigKeys (ConfUtils.java:logGet(43)) - raft.server.log.appender.buffer.byte-limit = 33554432 (custom)
2019-09-05 03:25:42,798 [pool-159-thread-1] INFO  server.RaftServerConfigKeys (ConfUtils.java:logGet(43)) - raft.server.log.queue.element-limit = 1024 (custom)
2019-09-05 03:25:42,798 [pool-181-thread-1] INFO  server.RaftServerConfigKeys (ConfUtils.java:logGet(43)) - raft.server.log.segment.size.max = 1048576 (custom)
2019-09-05 03:25:42,799 [pool-159-thread-1] INFO  server.RaftServerConfigKeys (ConfUtils.java:logGet(43)) - raft.server.log.segment.size.max = 1048576 (custom)
2019-09-05 03:25:42,799 [pool-170-thread-1] INFO  server.RaftServerConfigKeys (ConfUtils.java:logGet(43)) - raft.server.log.segment.size.max = 1048576 (custom)
2019-09-05 03:25:42,799 [pool-159-thread-1] INFO  server.RaftServerConfigKeys (ConfUtils.java:logGet(43)) - raft.server.log.preallocated.size = 16384 (custom)
2019-09-05 03:25:42,799 [pool-181-thread-1] INFO  server.RaftServerConfigKeys (ConfUtils.java:logGet(43)) - raft.server.log.segment.cache.num.max = 2 (custom)
2019-09-05 03:25:42,800 [pool-159-thread-1] INFO  server.RaftServerConfigKeys (ConfUtils.java:logGet(43)) - raft.server.log.write.buffer.size = 33554432 (custom)
2019-09-05 03:25:42,799 [pool-170-thread-1] INFO  server.RaftServerConfigKeys (ConfUtils.java:logGet(43)) - raft.server.log.segment.cache.num.max = 2 (custom)
2019-09-05 03:25:42,800 [pool-159-thread-1] INFO  server.RaftServerConfigKeys (ConfUtils.java:logGet(43)) - raft.server.log.force.sync.num = 128 (default)
2019-09-05 03:25:42,800 [pool-181-thread-1] INFO  segmented.SegmentedRaftLogWorker (SegmentedRaftLogWorker.java:<init>(172)) - new f8e72f0f-27ad-4da0-a4ac-f742e69d6053-SegmentedRaftLogWorker:Storage Directory /workdir/hadoop-ozone/integration-test/target/test-dir/MiniOzoneClusterImpl-38a6644a-5bd9-4915-9755-6661b6b928f7/datanode-5/data/ratis/b9197241-d09d-4aa4-9843-6fc1333e43b6 for RaftStorage:Storage Directory /workdir/hadoop-ozone/integration-test/target/test-dir/MiniOzoneClusterImpl-38a6644a-5bd9-4915-9755-6661b6b928f7/datanode-5/data/ratis/b9197241-d09d-4aa4-9843-6fc1333e43b6
2019-09-05 03:25:42,800 [pool-159-thread-1] INFO  server.RaftServerConfigKeys (ConfUtils.java:logGet(43)) - raft.server.log.statemachine.data.sync = true (default)
2019-09-05 03:25:42,800 [pool-170-thread-1] INFO  segmented.SegmentedRaftLogWorker (SegmentedRaftLogWorker.java:<init>(172)) - new 09804a23-7f5e-4639-98b0-dd8aac3c1a3d-SegmentedRaftLogWorker:Storage Directory /workdir/hadoop-ozone/integration-test/target/test-dir/MiniOzoneClusterImpl-38a6644a-5bd9-4915-9755-6661b6b928f7/datanode-4/data/ratis/b9197241-d09d-4aa4-9843-6fc1333e43b6 for RaftStorage:Storage Directory /workdir/hadoop-ozone/integration-test/target/test-dir/MiniOzoneClusterImpl-38a6644a-5bd9-4915-9755-6661b6b928f7/datanode-4/data/ratis/b9197241-d09d-4aa4-9843-6fc1333e43b6
2019-09-05 03:25:42,801 [pool-159-thread-1] INFO  server.RaftServerConfigKeys (ConfUtils.java:logGet(43)) - raft.server.log.statemachine.data.sync.timeout = 10s (default)
2019-09-05 03:25:42,801 [pool-181-thread-1] INFO  server.RaftServerConfigKeys (ConfUtils.java:logGet(43)) - raft.server.log.queue.byte-limit = 2147483647 (custom)
2019-09-05 03:25:42,801 [pool-159-thread-1] INFO  server.RaftServerConfigKeys (ConfUtils.java:logGet(43)) - raft.server.log.statemachine.data.sync.timeout.retry = -1 (default)
2019-09-05 03:25:42,801 [pool-170-thread-1] INFO  server.RaftServerConfigKeys (ConfUtils.java:logGet(43)) - raft.server.log.queue.byte-limit = 2147483647 (custom)
2019-09-05 03:25:42,802 [pool-159-thread-1] INFO  server.RaftServerConfigKeys (ConfUtils.java:logGet(43)) - raft.server.log.statemachine.data.caching.enabled = true (custom)
2019-09-05 03:25:42,801 [pool-181-thread-1] INFO  server.RaftServerConfigKeys (ConfUtils.java:logGet(43)) - raft.server.log.queue.element-limit = 1024 (custom)
2019-09-05 03:25:42,802 [pool-159-thread-1] INFO  segmented.SegmentedRaftLogWorker (SegmentedRaftLogWorker.java:lambda$new$0(132)) - 838608ba-8b7b-40e1-8b89-0ac8f38cbb42-SegmentedRaftLogWorker:Storage Directory /workdir/hadoop-ozone/integration-test/target/test-dir/MiniOzoneClusterImpl-38a6644a-5bd9-4915-9755-6661b6b928f7/datanode-3/data/ratis/b9197241-d09d-4aa4-9843-6fc1333e43b6: flushIndex: setUnconditionally 0 -> -1
2019-09-05 03:25:42,802 [pool-170-thread-1] INFO  server.RaftServerConfigKeys (ConfUtils.java:logGet(43)) - raft.server.log.queue.element-limit = 1024 (custom)
2019-09-05 03:25:42,802 [pool-181-thread-1] INFO  server.RaftServerConfigKeys (ConfUtils.java:logGet(43)) - raft.server.log.segment.size.max = 1048576 (custom)
2019-09-05 03:25:42,803 [pool-170-thread-1] INFO  server.RaftServerConfigKeys (ConfUtils.java:logGet(43)) - raft.server.log.segment.size.max = 1048576 (custom)
2019-09-05 03:25:42,803 [pool-159-thread-1] INFO  server.RaftServerConfigKeys (ConfUtils.java:logGet(43)) - raft.server.snapshot.auto.trigger.enabled = true (custom)
2019-09-05 03:25:42,803 [pool-170-thread-1] INFO  server.RaftServerConfigKeys (ConfUtils.java:logGet(43)) - raft.server.log.preallocated.size = 16384 (custom)
2019-09-05 03:25:42,803 [pool-181-thread-1] INFO  server.RaftServerConfigKeys (ConfUtils.java:logGet(43)) - raft.server.log.preallocated.size = 16384 (custom)
2019-09-05 03:25:42,803 [pool-170-thread-1] INFO  server.RaftServerConfigKeys (ConfUtils.java:logGet(43)) - raft.server.log.write.buffer.size = 33554432 (custom)
2019-09-05 03:25:42,803 [pool-159-thread-1] INFO  server.RaftServerConfigKeys (ConfUtils.java:logGet(43)) - raft.server.snapshot.auto.trigger.threshold = 10000 (custom)
2019-09-05 03:25:42,804 [pool-170-thread-1] INFO  server.RaftServerConfigKeys (ConfUtils.java:logGet(43)) - raft.server.log.force.sync.num = 128 (default)
2019-09-05 03:25:42,804 [pool-181-thread-1] INFO  server.RaftServerConfigKeys (ConfUtils.java:logGet(43)) - raft.server.log.write.buffer.size = 33554432 (custom)
2019-09-05 03:25:42,804 [pool-170-thread-1] INFO  server.RaftServerConfigKeys (ConfUtils.java:logGet(43)) - raft.server.log.statemachine.data.sync = true (default)
2019-09-05 03:25:42,804 [pool-159-thread-1] INFO  server.RaftServerConfigKeys (ConfUtils.java:logGet(43)) - raft.server.retrycache.expirytime = 600000ms (custom)
2019-09-05 03:25:42,805 [pool-170-thread-1] INFO  server.RaftServerConfigKeys (ConfUtils.java:logGet(43)) - raft.server.log.statemachine.data.sync.timeout = 10s (default)
2019-09-05 03:25:42,804 [pool-181-thread-1] INFO  server.RaftServerConfigKeys (ConfUtils.java:logGet(43)) - raft.server.log.force.sync.num = 128 (default)
2019-09-05 03:25:42,805 [pool-170-thread-1] INFO  server.RaftServerConfigKeys (ConfUtils.java:logGet(43)) - raft.server.log.statemachine.data.sync.timeout.retry = -1 (default)
2019-09-05 03:25:42,805 [pool-159-thread-1] INFO  impl.RaftServerImpl (RaftServerImpl.java:start(180)) - 838608ba-8b7b-40e1-8b89-0ac8f38cbb42: start group-6FC1333E43B6
2019-09-05 03:25:42,806 [pool-170-thread-1] INFO  server.RaftServerConfigKeys (ConfUtils.java:logGet(43)) - raft.server.log.statemachine.data.caching.enabled = true (custom)
2019-09-05 03:25:42,805 [pool-181-thread-1] INFO  server.RaftServerConfigKeys (ConfUtils.java:logGet(43)) - raft.server.log.statemachine.data.sync = true (default)
2019-09-05 03:25:42,806 [pool-170-thread-1] INFO  segmented.SegmentedRaftLogWorker (SegmentedRaftLogWorker.java:lambda$new$0(132)) - 09804a23-7f5e-4639-98b0-dd8aac3c1a3d-SegmentedRaftLogWorker:Storage Directory /workdir/hadoop-ozone/integration-test/target/test-dir/MiniOzoneClusterImpl-38a6644a-5bd9-4915-9755-6661b6b928f7/datanode-4/data/ratis/b9197241-d09d-4aa4-9843-6fc1333e43b6: flushIndex: setUnconditionally 0 -> -1
2019-09-05 03:25:42,806 [pool-159-thread-1] INFO  impl.RaftServerImpl (RaftServerImpl.java:setRole(171)) - 838608ba-8b7b-40e1-8b89-0ac8f38cbb42:group-6FC1333E43B6 changes role from null to FOLLOWER at term 0 for startAsFollower
2019-09-05 03:25:42,806 [pool-181-thread-1] INFO  server.RaftServerConfigKeys (ConfUtils.java:logGet(43)) - raft.server.log.statemachine.data.sync.timeout = 10s (default)
2019-09-05 03:25:42,807 [pool-170-thread-1] INFO  server.RaftServerConfigKeys (ConfUtils.java:logGet(43)) - raft.server.snapshot.auto.trigger.enabled = true (custom)
2019-09-05 03:25:42,807 [pool-159-thread-1] INFO  impl.RoleInfo (RoleInfo.java:updateAndGet(143)) - 838608ba-8b7b-40e1-8b89-0ac8f38cbb42: start FollowerState
2019-09-05 03:25:42,807 [pool-170-thread-1] INFO  server.RaftServerConfigKeys (ConfUtils.java:logGet(43)) - raft.server.snapshot.auto.trigger.threshold = 10000 (custom)
2019-09-05 03:25:42,807 [pool-181-thread-1] INFO  server.RaftServerConfigKeys (ConfUtils.java:logGet(43)) - raft.server.log.statemachine.data.sync.timeout.retry = -1 (default)
2019-09-05 03:25:42,807 [pool-170-thread-1] INFO  server.RaftServerConfigKeys (ConfUtils.java:logGet(43)) - raft.server.retrycache.expirytime = 600000ms (custom)
2019-09-05 03:25:42,808 [pool-159-thread-1] INFO  util.JmxRegister (JmxRegister.java:tryRegister(44)) - Successfully registered JMX Bean with object name Ratis:service=RaftServer,group=group-6FC1333E43B6,id=838608ba-8b7b-40e1-8b89-0ac8f38cbb42
2019-09-05 03:25:42,808 [pool-170-thread-1] INFO  impl.RaftServerImpl (RaftServerImpl.java:start(180)) - 09804a23-7f5e-4639-98b0-dd8aac3c1a3d: start group-6FC1333E43B6
2019-09-05 03:25:42,808 [pool-181-thread-1] INFO  server.RaftServerConfigKeys (ConfUtils.java:logGet(43)) - raft.server.log.statemachine.data.caching.enabled = true (custom)
2019-09-05 03:25:42,808 [pool-170-thread-1] INFO  impl.RaftServerImpl (RaftServerImpl.java:setRole(171)) - 09804a23-7f5e-4639-98b0-dd8aac3c1a3d:group-6FC1333E43B6 changes role from null to FOLLOWER at term 0 for startAsFollower
2019-09-05 03:25:42,808 [pool-170-thread-1] INFO  impl.RoleInfo (RoleInfo.java:updateAndGet(143)) - 09804a23-7f5e-4639-98b0-dd8aac3c1a3d: start FollowerState
2019-09-05 03:25:42,809 [pool-181-thread-1] INFO  segmented.SegmentedRaftLogWorker (SegmentedRaftLogWorker.java:lambda$new$0(132)) - f8e72f0f-27ad-4da0-a4ac-f742e69d6053-SegmentedRaftLogWorker:Storage Directory /workdir/hadoop-ozone/integration-test/target/test-dir/MiniOzoneClusterImpl-38a6644a-5bd9-4915-9755-6661b6b928f7/datanode-5/data/ratis/b9197241-d09d-4aa4-9843-6fc1333e43b6: flushIndex: setUnconditionally 0 -> -1
2019-09-05 03:25:42,809 [pool-170-thread-1] INFO  util.JmxRegister (JmxRegister.java:tryRegister(44)) - Successfully registered JMX Bean with object name Ratis:service=RaftServer,group=group-6FC1333E43B6,id=09804a23-7f5e-4639-98b0-dd8aac3c1a3d
2019-09-05 03:25:42,809 [pool-181-thread-1] INFO  server.RaftServerConfigKeys (ConfUtils.java:logGet(43)) - raft.server.snapshot.auto.trigger.enabled = true (custom)
2019-09-05 03:25:42,809 [pool-181-thread-1] INFO  server.RaftServerConfigKeys (ConfUtils.java:logGet(43)) - raft.server.snapshot.auto.trigger.threshold = 10000 (custom)
2019-09-05 03:25:42,810 [pool-181-thread-1] INFO  server.RaftServerConfigKeys (ConfUtils.java:logGet(43)) - raft.server.retrycache.expirytime = 600000ms (custom)
2019-09-05 03:25:42,810 [pool-181-thread-1] INFO  impl.RaftServerImpl (RaftServerImpl.java:start(180)) - f8e72f0f-27ad-4da0-a4ac-f742e69d6053: start group-6FC1333E43B6
2019-09-05 03:25:42,810 [pool-181-thread-1] INFO  impl.RaftServerImpl (RaftServerImpl.java:setRole(171)) - f8e72f0f-27ad-4da0-a4ac-f742e69d6053:group-6FC1333E43B6 changes role from null to FOLLOWER at term 0 for startAsFollower
2019-09-05 03:25:42,810 [pool-181-thread-1] INFO  impl.RoleInfo (RoleInfo.java:updateAndGet(143)) - f8e72f0f-27ad-4da0-a4ac-f742e69d6053: start FollowerState
2019-09-05 03:25:42,811 [pool-181-thread-1] INFO  util.JmxRegister (JmxRegister.java:tryRegister(44)) - Successfully registered JMX Bean with object name Ratis:service=RaftServer,group=group-6FC1333E43B6,id=f8e72f0f-27ad-4da0-a4ac-f742e69d6053
2019-09-05 03:25:42,814 [RatisPipelineUtilsThread] INFO  pipeline.PipelineStateManager (PipelineStateManager.java:addPipeline(56)) - Created pipeline Pipeline[ Id: b9197241-d09d-4aa4-9843-6fc1333e43b6, Nodes: f8e72f0f-27ad-4da0-a4ac-f742e69d6053{ip: 192.168.34.53, host: pr-hdds-1569-m2srl-933925942, networkLocation: /default-rack, certSerialId: null}838608ba-8b7b-40e1-8b89-0ac8f38cbb42{ip: 192.168.34.53, host: pr-hdds-1569-m2srl-933925942, networkLocation: /default-rack, certSerialId: null}09804a23-7f5e-4639-98b0-dd8aac3c1a3d{ip: 192.168.34.53, host: pr-hdds-1569-m2srl-933925942, networkLocation: /default-rack, certSerialId: null}, Type:RATIS, Factor:THREE, State:OPEN]
2019-09-05 03:25:43,063 | INFO  | SCMAudit | user=jenkins1000 | ip=192.168.34.53 | op=SEND_HEARTBEAT {datanodeUUID=56431364-4f3b-4c40-806d-c9164d34aa1e, command=[]} | ret=SUCCESS |  
2019-09-05 03:25:43,279 | INFO  | SCMAudit | user=jenkins1000 | ip=192.168.34.53 | op=SEND_HEARTBEAT {datanodeUUID=3ae5d83c-115d-493e-a141-01bd711a0fb1, command=[]} | ret=SUCCESS |  
2019-09-05 03:25:43,479 | INFO  | SCMAudit | user=jenkins1000 | ip=192.168.34.53 | op=SEND_HEARTBEAT {datanodeUUID=514a2e68-35f0-4c50-97b9-a7f344dd70d0, command=[]} | ret=SUCCESS |  
2019-09-05 03:25:43,717 [main] INFO  ozone.MiniOzoneClusterImpl (MiniOzoneClusterImpl.java:lambda$waitForClusterToBeReady$0(142)) - Cluster is ready. Got 7 of 7 DN Heartbeats.
2019-09-05 03:25:43,765 [main] INFO  rpc.RpcClient (RpcClient.java:createVolume(293)) - Creating Volume: testblockoutputstreamwithretries, with jenkins1000 as owner.
2019-09-05 03:25:43,768 | INFO  | OMAudit | user=jenkins1000 | ip=127.0.0.1 | op=CREATE_VOLUME {admin=jenkins1000, owner=jenkins1000, volume=testblockoutputstreamwithretries, creationTime=1567653943767, quotaInBytes=1152921504606846976} | ret=SUCCESS |  
2019-09-05 03:25:43,777 | INFO  | OMAudit | user=jenkins1000 | ip=127.0.0.1 | op=READ_VOLUME {volume=testblockoutputstreamwithretries} | ret=SUCCESS |  
2019-09-05 03:25:43,778 [main] INFO  rpc.RpcClient (RpcClient.java:createBucket(432)) - Creating Bucket: testblockoutputstreamwithretries/testblockoutputstreamwithretries, with Versioning false and Storage Type set to DISK and Encryption set to false 
2019-09-05 03:25:43,781 | INFO  | OMAudit | user=jenkins1000 | ip=127.0.0.1 | op=CREATE_BUCKET {volume=testblockoutputstreamwithretries, bucket=testblockoutputstreamwithretries, acls=[user:jenkins1000:a[ACCESS], group:default:a[ACCESS]], isVersionEnabled=false, storageType=DISK, creationTime=0} | ret=SUCCESS |  
2019-09-05 03:25:43,783 | INFO  | OMAudit | user=jenkins1000 | ip=127.0.0.1 | op=READ_VOLUME {volume=testblockoutputstreamwithretries} | ret=SUCCESS |  
2019-09-05 03:25:43,784 | INFO  | OMAudit | user=jenkins1000 | ip=127.0.0.1 | op=READ_BUCKET {volume=testblockoutputstreamwithretries, bucket=testblockoutputstreamwithretries} | ret=SUCCESS |  
2019-09-05 03:25:43,789 | INFO  | SCMAudit | user=jenkins1000 | ip=192.168.34.53 | op=SEND_HEARTBEAT {datanodeUUID=838608ba-8b7b-40e1-8b89-0ac8f38cbb42, command=[]} | ret=SUCCESS |  
2019-09-05 03:25:43,790 | INFO  | SCMAudit | user=jenkins1000 | ip=192.168.34.53 | op=ALLOCATE_BLOCK {owner=c3c71259-6300-4cfd-8365-d34acaca632c, size=800, type=RATIS, factor=THREE} | ret=SUCCESS |  
2019-09-05 03:25:43,793 | INFO  | OMAudit | user=jenkins1000 | ip=127.0.0.1 | op=ALLOCATE_KEY {volume=testblockoutputstreamwithretries, bucket=testblockoutputstreamwithretries, key=1cb9ffa9-d327-4843-b43b-74a694ccdfa2, dataSize=3200, replicationType=RATIS, replicationFactor=THREE, keyLocationInfo=null} | ret=SUCCESS |  
2019-09-05 03:25:43,817 [grpc-default-executor-3] INFO  client.GrpcClientProtocolClient (GrpcClientProtocolClient.java:onNext(255)) - client-D63F27167560->f8e72f0f-27ad-4da0-a4ac-f742e69d6053: receive RaftClientReply:client-D63F27167560->f8e72f0f-27ad-4da0-a4ac-f742e69d6053@group-6FC1333E43B6, cid=41, FAILED org.apache.ratis.protocol.NotLeaderException: Server f8e72f0f-27ad-4da0-a4ac-f742e69d6053 is not the leader (null). Request must be sent to leader., logIndex=0, commits[f8e72f0f-27ad-4da0-a4ac-f742e69d6053:c-1]
2019-09-05 03:25:44,063 | INFO  | SCMAudit | user=jenkins1000 | ip=192.168.34.53 | op=SEND_HEARTBEAT {datanodeUUID=56431364-4f3b-4c40-806d-c9164d34aa1e, command=[]} | ret=SUCCESS |  
2019-09-05 03:25:44,076 [Thread-756] INFO  container.ReplicationManager (ReplicationManager.java:start(152)) - Starting Replication Monitor Thread.
2019-09-05 03:25:44,081 [ReplicationMonitor] INFO  container.ReplicationManager (ReplicationManager.java:run(215)) - Replication Monitor Thread took 0 milliseconds for processing 3 containers.
2019-09-05 03:25:44,267 | INFO  | SCMAudit | user=jenkins1000 | ip=192.168.34.53 | op=SEND_HEARTBEAT {datanodeUUID=09804a23-7f5e-4639-98b0-dd8aac3c1a3d, command=[]} | ret=SUCCESS |  
2019-09-05 03:25:44,279 | INFO  | SCMAudit | user=jenkins1000 | ip=192.168.34.53 | op=SEND_HEARTBEAT {datanodeUUID=3ae5d83c-115d-493e-a141-01bd711a0fb1, command=[]} | ret=SUCCESS |  
2019-09-05 03:25:44,478 | INFO  | SCMAudit | user=jenkins1000 | ip=192.168.34.53 | op=SEND_HEARTBEAT {datanodeUUID=514a2e68-35f0-4c50-97b9-a7f344dd70d0, command=[]} | ret=SUCCESS |  
2019-09-05 03:25:44,489 | INFO  | SCMAudit | user=jenkins1000 | ip=192.168.34.53 | op=SEND_HEARTBEAT {datanodeUUID=f8e72f0f-27ad-4da0-a4ac-f742e69d6053, command=[]} | ret=SUCCESS |  
2019-09-05 03:25:44,718 | INFO  | SCMAudit | user=jenkins1000 | ip=192.168.34.53 | op=SEND_HEARTBEAT {datanodeUUID=d5831d47-7264-4585-8f97-4cba7bdc2965, command=[]} | ret=SUCCESS |  
2019-09-05 03:25:44,791 | INFO  | SCMAudit | user=jenkins1000 | ip=192.168.34.53 | op=SEND_HEARTBEAT {datanodeUUID=838608ba-8b7b-40e1-8b89-0ac8f38cbb42, command=[]} | ret=SUCCESS |  
2019-09-05 03:25:44,844 [grpc-default-executor-2] INFO  client.GrpcClientProtocolClient (GrpcClientProtocolClient.java:onNext(255)) - client-D63F27167560->09804a23-7f5e-4639-98b0-dd8aac3c1a3d: receive RaftClientReply:client-D63F27167560->09804a23-7f5e-4639-98b0-dd8aac3c1a3d@group-6FC1333E43B6, cid=41, FAILED org.apache.ratis.protocol.NotLeaderException: Server 09804a23-7f5e-4639-98b0-dd8aac3c1a3d is not the leader (null). Request must be sent to leader., logIndex=0, commits[09804a23-7f5e-4639-98b0-dd8aac3c1a3d:c-1]
2019-09-05 03:25:45,063 | INFO  | SCMAudit | user=jenkins1000 | ip=192.168.34.53 | op=SEND_HEARTBEAT {datanodeUUID=56431364-4f3b-4c40-806d-c9164d34aa1e, command=[]} | ret=SUCCESS |  
2019-09-05 03:25:45,267 | INFO  | SCMAudit | user=jenkins1000 | ip=192.168.34.53 | op=SEND_HEARTBEAT {datanodeUUID=09804a23-7f5e-4639-98b0-dd8aac3c1a3d, command=[]} | ret=SUCCESS |  
2019-09-05 03:25:45,279 | INFO  | SCMAudit | user=jenkins1000 | ip=192.168.34.53 | op=SEND_HEARTBEAT {datanodeUUID=3ae5d83c-115d-493e-a141-01bd711a0fb1, command=[]} | ret=SUCCESS |  
2019-09-05 03:25:45,479 | INFO  | SCMAudit | user=jenkins1000 | ip=192.168.34.53 | op=SEND_HEARTBEAT {datanodeUUID=514a2e68-35f0-4c50-97b9-a7f344dd70d0, command=[]} | ret=SUCCESS |  
2019-09-05 03:25:45,489 | INFO  | SCMAudit | user=jenkins1000 | ip=192.168.34.53 | op=SEND_HEARTBEAT {datanodeUUID=f8e72f0f-27ad-4da0-a4ac-f742e69d6053, command=[]} | ret=SUCCESS |  
2019-09-05 03:25:45,718 | INFO  | SCMAudit | user=jenkins1000 | ip=192.168.34.53 | op=SEND_HEARTBEAT {datanodeUUID=d5831d47-7264-4585-8f97-4cba7bdc2965, command=[]} | ret=SUCCESS |  
2019-09-05 03:25:45,790 | INFO  | SCMAudit | user=jenkins1000 | ip=192.168.34.53 | op=SEND_HEARTBEAT {datanodeUUID=838608ba-8b7b-40e1-8b89-0ac8f38cbb42, command=[]} | ret=SUCCESS |  
2019-09-05 03:25:45,864 [grpc-default-executor-3] INFO  client.GrpcClientProtocolClient (GrpcClientProtocolClient.java:onNext(255)) - client-D63F27167560->f8e72f0f-27ad-4da0-a4ac-f742e69d6053: receive RaftClientReply:client-D63F27167560->f8e72f0f-27ad-4da0-a4ac-f742e69d6053@group-6FC1333E43B6, cid=41, FAILED org.apache.ratis.protocol.NotLeaderException: Server f8e72f0f-27ad-4da0-a4ac-f742e69d6053 is not the leader (null). Request must be sent to leader., logIndex=0, commits[f8e72f0f-27ad-4da0-a4ac-f742e69d6053:c-1]
2019-09-05 03:25:46,063 | INFO  | SCMAudit | user=jenkins1000 | ip=192.168.34.53 | op=SEND_HEARTBEAT {datanodeUUID=56431364-4f3b-4c40-806d-c9164d34aa1e, command=[]} | ret=SUCCESS |  
2019-09-05 03:25:46,269 | INFO  | SCMAudit | user=jenkins1000 | ip=192.168.34.53 | op=SEND_HEARTBEAT {datanodeUUID=09804a23-7f5e-4639-98b0-dd8aac3c1a3d, command=[]} | ret=SUCCESS |  
2019-09-05 03:25:46,279 | INFO  | SCMAudit | user=jenkins1000 | ip=192.168.34.53 | op=SEND_HEARTBEAT {datanodeUUID=3ae5d83c-115d-493e-a141-01bd711a0fb1, command=[]} | ret=SUCCESS |  
2019-09-05 03:25:46,400 [Thread-758] INFO  impl.FollowerState (FollowerState.java:run(106)) - 56431364-4f3b-4c40-806d-c9164d34aa1e:group-CA5FB9AC806A changes to CANDIDATE, lastRpcTime:5165, electionTimeout:5165ms
2019-09-05 03:25:46,400 [Thread-758] INFO  impl.RoleInfo (RoleInfo.java:shutdownFollowerState(121)) - 56431364-4f3b-4c40-806d-c9164d34aa1e: shutdown FollowerState
2019-09-05 03:25:46,400 [Thread-758] INFO  impl.RaftServerImpl (RaftServerImpl.java:setRole(171)) - 56431364-4f3b-4c40-806d-c9164d34aa1e:group-CA5FB9AC806A changes role from FOLLOWER to CANDIDATE at term 0 for changeToCandidate
2019-09-05 03:25:46,400 [Thread-758] INFO  impl.RoleInfo (RoleInfo.java:updateAndGet(143)) - 56431364-4f3b-4c40-806d-c9164d34aa1e: start LeaderElection
2019-09-05 03:25:46,458 [56431364-4f3b-4c40-806d-c9164d34aa1e:group-CA5FB9AC806A:LeaderElection19] INFO  impl.LeaderElection (LeaderElection.java:askForVotes(181)) - 56431364-4f3b-4c40-806d-c9164d34aa1e:group-CA5FB9AC806A:LeaderElection19: begin an election at term 1 for -1: [56431364-4f3b-4c40-806d-c9164d34aa1e:192.168.34.53:43493], old=null
2019-09-05 03:25:46,458 [56431364-4f3b-4c40-806d-c9164d34aa1e:group-CA5FB9AC806A:LeaderElection19] INFO  impl.RoleInfo (RoleInfo.java:shutdownLeaderElection(134)) - 56431364-4f3b-4c40-806d-c9164d34aa1e: shutdown LeaderElection
2019-09-05 03:25:46,458 [56431364-4f3b-4c40-806d-c9164d34aa1e:group-CA5FB9AC806A:LeaderElection19] INFO  impl.RaftServerImpl (RaftServerImpl.java:setRole(171)) - 56431364-4f3b-4c40-806d-c9164d34aa1e:group-CA5FB9AC806A changes role from CANDIDATE to LEADER at term 1 for changeToLeader
2019-09-05 03:25:46,459 [56431364-4f3b-4c40-806d-c9164d34aa1e:group-CA5FB9AC806A:LeaderElection19] INFO  impl.RaftServerImpl (ServerState.java:setLeader(263)) - 56431364-4f3b-4c40-806d-c9164d34aa1e:group-CA5FB9AC806A change Leader from null to 56431364-4f3b-4c40-806d-c9164d34aa1e at term 1 for becomeLeader, leader elected after 5231ms
2019-09-05 03:25:46,461 [56431364-4f3b-4c40-806d-c9164d34aa1e:group-CA5FB9AC806A:LeaderElection19] INFO  server.RaftServerConfigKeys (ConfUtils.java:logGet(43)) - raft.server.staging.catchup.gap = 1000 (default)
2019-09-05 03:25:46,461 [Thread-761] INFO  impl.FollowerState (FollowerState.java:run(106)) - 3ae5d83c-115d-493e-a141-01bd711a0fb1:group-1095D29670F7 changes to CANDIDATE, lastRpcTime:5057, electionTimeout:5055ms
2019-09-05 03:25:46,462 [56431364-4f3b-4c40-806d-c9164d34aa1e:group-CA5FB9AC806A:LeaderElection19] INFO  server.RaftServerConfigKeys (ConfUtils.java:logGet(43)) - raft.server.rpc.sleep.time = 25ms (default)
2019-09-05 03:25:46,462 [Thread-761] INFO  impl.RoleInfo (RoleInfo.java:shutdownFollowerState(121)) - 3ae5d83c-115d-493e-a141-01bd711a0fb1: shutdown FollowerState
2019-09-05 03:25:46,462 [Thread-761] INFO  impl.RaftServerImpl (RaftServerImpl.java:setRole(171)) - 3ae5d83c-115d-493e-a141-01bd711a0fb1:group-1095D29670F7 changes role from FOLLOWER to CANDIDATE at term 0 for changeToCandidate
2019-09-05 03:25:46,462 [56431364-4f3b-4c40-806d-c9164d34aa1e:group-CA5FB9AC806A:LeaderElection19] INFO  server.RaftServerConfigKeys (ConfUtils.java:logGet(43)) - raft.server.write.element-limit = 4096 (default)
2019-09-05 03:25:46,462 [Thread-761] INFO  impl.RoleInfo (RoleInfo.java:updateAndGet(143)) - 3ae5d83c-115d-493e-a141-01bd711a0fb1: start LeaderElection
2019-09-05 03:25:46,462 [56431364-4f3b-4c40-806d-c9164d34aa1e:group-CA5FB9AC806A:LeaderElection19] INFO  server.RaftServerConfigKeys (ConfUtils.java:logGet(43)) - raft.server.watch.timeout = 10s (default)
2019-09-05 03:25:46,465 [56431364-4f3b-4c40-806d-c9164d34aa1e:group-CA5FB9AC806A:LeaderElection19] INFO  server.RaftServerConfigKeys (ConfUtils.java:logGet(43)) - raft.server.watch.timeout.denomination = 1s (default)
2019-09-05 03:25:46,477 [56431364-4f3b-4c40-806d-c9164d34aa1e:group-CA5FB9AC806A:LeaderElection19] INFO  server.RaftServerConfigKeys (ConfUtils.java:logGet(43)) - raft.server.watch.element-limit = 65536 (default)
2019-09-05 03:25:46,477 [56431364-4f3b-4c40-806d-c9164d34aa1e:group-CA5FB9AC806A:LeaderElection19] INFO  impl.RoleInfo (RoleInfo.java:updateAndGet(143)) - 56431364-4f3b-4c40-806d-c9164d34aa1e: start LeaderState
2019-09-05 03:25:46,478 [56431364-4f3b-4c40-806d-c9164d34aa1e:group-CA5FB9AC806A:LeaderElection19] INFO  segmented.SegmentedRaftLogWorker (SegmentedRaftLogWorker.java:startLogSegment(380)) - 56431364-4f3b-4c40-806d-c9164d34aa1e-SegmentedRaftLogWorker:Storage Directory /workdir/hadoop-ozone/integration-test/target/test-dir/MiniOzoneClusterImpl-38a6644a-5bd9-4915-9755-6661b6b928f7/datanode-0/data/ratis/afa8b12c-c3b7-4969-b7ca-ca5fb9ac806a: Starting segment from index:0
2019-09-05 03:25:46,478 | INFO  | SCMAudit | user=jenkins1000 | ip=192.168.34.53 | op=SEND_HEARTBEAT {datanodeUUID=514a2e68-35f0-4c50-97b9-a7f344dd70d0, command=[]} | ret=SUCCESS |  
2019-09-05 03:25:46,478 [56431364-4f3b-4c40-806d-c9164d34aa1e:group-CA5FB9AC806A:LeaderElection19] INFO  impl.RaftServerImpl (ServerState.java:setRaftConf(361)) - 56431364-4f3b-4c40-806d-c9164d34aa1e:group-CA5FB9AC806A set configuration 0: [56431364-4f3b-4c40-806d-c9164d34aa1e:192.168.34.53:43493], old=null at 0
2019-09-05 03:25:46,517 | INFO  | SCMAudit | user=jenkins1000 | ip=192.168.34.53 | op=SEND_HEARTBEAT {datanodeUUID=f8e72f0f-27ad-4da0-a4ac-f742e69d6053, command=[]} | ret=SUCCESS |  
2019-09-05 03:25:46,532 [3ae5d83c-115d-493e-a141-01bd711a0fb1:group-1095D29670F7:LeaderElection20] INFO  impl.LeaderElection (LeaderElection.java:askForVotes(181)) - 3ae5d83c-115d-493e-a141-01bd711a0fb1:group-1095D29670F7:LeaderElection20: begin an election at term 1 for -1: [3ae5d83c-115d-493e-a141-01bd711a0fb1:192.168.34.53:38838], old=null
2019-09-05 03:25:46,532 [3ae5d83c-115d-493e-a141-01bd711a0fb1:group-1095D29670F7:LeaderElection20] INFO  impl.RoleInfo (RoleInfo.java:shutdownLeaderElection(134)) - 3ae5d83c-115d-493e-a141-01bd711a0fb1: shutdown LeaderElection
2019-09-05 03:25:46,532 [3ae5d83c-115d-493e-a141-01bd711a0fb1:group-1095D29670F7:LeaderElection20] INFO  impl.RaftServerImpl (RaftServerImpl.java:setRole(171)) - 3ae5d83c-115d-493e-a141-01bd711a0fb1:group-1095D29670F7 changes role from CANDIDATE to LEADER at term 1 for changeToLeader
2019-09-05 03:25:46,532 [3ae5d83c-115d-493e-a141-01bd711a0fb1:group-1095D29670F7:LeaderElection20] INFO  impl.RaftServerImpl (ServerState.java:setLeader(263)) - 3ae5d83c-115d-493e-a141-01bd711a0fb1:group-1095D29670F7 change Leader from null to 3ae5d83c-115d-493e-a141-01bd711a0fb1 at term 1 for becomeLeader, leader elected after 5134ms
2019-09-05 03:25:46,535 [3ae5d83c-115d-493e-a141-01bd711a0fb1:group-1095D29670F7:LeaderElection20] INFO  server.RaftServerConfigKeys (ConfUtils.java:logGet(43)) - raft.server.staging.catchup.gap = 1000 (default)
2019-09-05 03:25:46,535 [3ae5d83c-115d-493e-a141-01bd711a0fb1:group-1095D29670F7:LeaderElection20] INFO  server.RaftServerConfigKeys (ConfUtils.java:logGet(43)) - raft.server.rpc.sleep.time = 25ms (default)
2019-09-05 03:25:46,535 [3ae5d83c-115d-493e-a141-01bd711a0fb1:group-1095D29670F7:LeaderElection20] INFO  server.RaftServerConfigKeys (ConfUtils.java:logGet(43)) - raft.server.write.element-limit = 4096 (default)
2019-09-05 03:25:46,535 [3ae5d83c-115d-493e-a141-01bd711a0fb1:group-1095D29670F7:LeaderElection20] INFO  server.RaftServerConfigKeys (ConfUtils.java:logGet(43)) - raft.server.watch.timeout = 10s (default)
2019-09-05 03:25:46,536 [3ae5d83c-115d-493e-a141-01bd711a0fb1:group-1095D29670F7:LeaderElection20] INFO  server.RaftServerConfigKeys (ConfUtils.java:logGet(43)) - raft.server.watch.timeout.denomination = 1s (default)
2019-09-05 03:25:46,536 [3ae5d83c-115d-493e-a141-01bd711a0fb1:group-1095D29670F7:LeaderElection20] INFO  server.RaftServerConfigKeys (ConfUtils.java:logGet(43)) - raft.server.watch.element-limit = 65536 (default)
2019-09-05 03:25:46,536 [3ae5d83c-115d-493e-a141-01bd711a0fb1:group-1095D29670F7:LeaderElection20] INFO  impl.RoleInfo (RoleInfo.java:updateAndGet(143)) - 3ae5d83c-115d-493e-a141-01bd711a0fb1: start LeaderState
2019-09-05 03:25:46,536 [3ae5d83c-115d-493e-a141-01bd711a0fb1:group-1095D29670F7:LeaderElection20] INFO  segmented.SegmentedRaftLogWorker (SegmentedRaftLogWorker.java:startLogSegment(380)) - 3ae5d83c-115d-493e-a141-01bd711a0fb1-SegmentedRaftLogWorker:Storage Directory /workdir/hadoop-ozone/integration-test/target/test-dir/MiniOzoneClusterImpl-38a6644a-5bd9-4915-9755-6661b6b928f7/datanode-1/data/ratis/5389c78e-2857-44dd-bd70-1095d29670f7: Starting segment from index:0
2019-09-05 03:25:46,537 [3ae5d83c-115d-493e-a141-01bd711a0fb1:group-1095D29670F7:LeaderElection20] INFO  impl.RaftServerImpl (ServerState.java:setRaftConf(361)) - 3ae5d83c-115d-493e-a141-01bd711a0fb1:group-1095D29670F7 set configuration 0: [3ae5d83c-115d-493e-a141-01bd711a0fb1:192.168.34.53:38838], old=null at 0
2019-09-05 03:25:46,577 [56431364-4f3b-4c40-806d-c9164d34aa1e-SegmentedRaftLogWorker:Storage Directory /workdir/hadoop-ozone/integration-test/target/test-dir/MiniOzoneClusterImpl-38a6644a-5bd9-4915-9755-6661b6b928f7/datanode-0/data/ratis/afa8b12c-c3b7-4969-b7ca-ca5fb9ac806a] INFO  segmented.SegmentedRaftLogWorker (SegmentedRaftLogWorker.java:execute(569)) - 56431364-4f3b-4c40-806d-c9164d34aa1e-SegmentedRaftLogWorker:Storage Directory /workdir/hadoop-ozone/integration-test/target/test-dir/MiniOzoneClusterImpl-38a6644a-5bd9-4915-9755-6661b6b928f7/datanode-0/data/ratis/afa8b12c-c3b7-4969-b7ca-ca5fb9ac806a: created new log segment /workdir/hadoop-ozone/integration-test/target/test-dir/MiniOzoneClusterImpl-38a6644a-5bd9-4915-9755-6661b6b928f7/datanode-0/data/ratis/afa8b12c-c3b7-4969-b7ca-ca5fb9ac806a/current/log_inprogress_0
2019-09-05 03:25:46,609 [3ae5d83c-115d-493e-a141-01bd711a0fb1-SegmentedRaftLogWorker:Storage Directory /workdir/hadoop-ozone/integration-test/target/test-dir/MiniOzoneClusterImpl-38a6644a-5bd9-4915-9755-6661b6b928f7/datanode-1/data/ratis/5389c78e-2857-44dd-bd70-1095d29670f7] INFO  segmented.SegmentedRaftLogWorker (SegmentedRaftLogWorker.java:execute(569)) - 3ae5d83c-115d-493e-a141-01bd711a0fb1-SegmentedRaftLogWorker:Storage Directory /workdir/hadoop-ozone/integration-test/target/test-dir/MiniOzoneClusterImpl-38a6644a-5bd9-4915-9755-6661b6b928f7/datanode-1/data/ratis/5389c78e-2857-44dd-bd70-1095d29670f7: created new log segment /workdir/hadoop-ozone/integration-test/target/test-dir/MiniOzoneClusterImpl-38a6644a-5bd9-4915-9755-6661b6b928f7/datanode-1/data/ratis/5389c78e-2857-44dd-bd70-1095d29670f7/current/log_inprogress_0
2019-09-05 03:25:46,678 [Thread-764] INFO  impl.FollowerState (FollowerState.java:run(106)) - 514a2e68-35f0-4c50-97b9-a7f344dd70d0:group-121A136D5E75 changes to CANDIDATE, lastRpcTime:5123, electionTimeout:5123ms
2019-09-05 03:25:46,678 [Thread-764] INFO  impl.RoleInfo (RoleInfo.java:shutdownFollowerState(121)) - 514a2e68-35f0-4c50-97b9-a7f344dd70d0: shutdown FollowerState
2019-09-05 03:25:46,678 [Thread-764] INFO  impl.RaftServerImpl (RaftServerImpl.java:setRole(171)) - 514a2e68-35f0-4c50-97b9-a7f344dd70d0:group-121A136D5E75 changes role from FOLLOWER to CANDIDATE at term 0 for changeToCandidate
2019-09-05 03:25:46,678 [Thread-764] INFO  impl.RoleInfo (RoleInfo.java:updateAndGet(143)) - 514a2e68-35f0-4c50-97b9-a7f344dd70d0: start LeaderElection
2019-09-05 03:25:46,718 | INFO  | SCMAudit | user=jenkins1000 | ip=192.168.34.53 | op=SEND_HEARTBEAT {datanodeUUID=d5831d47-7264-4585-8f97-4cba7bdc2965, command=[]} | ret=SUCCESS |  
2019-09-05 03:25:46,721 [Thread-772] INFO  impl.FollowerState (FollowerState.java:run(106)) - 514a2e68-35f0-4c50-97b9-a7f344dd70d0:group-D553731AE9CE changes to CANDIDATE, lastRpcTime:5051, electionTimeout:5051ms
2019-09-05 03:25:46,721 [Thread-772] INFO  impl.RoleInfo (RoleInfo.java:shutdownFollowerState(121)) - 514a2e68-35f0-4c50-97b9-a7f344dd70d0: shutdown FollowerState
2019-09-05 03:25:46,722 [Thread-772] INFO  impl.RaftServerImpl (RaftServerImpl.java:setRole(171)) - 514a2e68-35f0-4c50-97b9-a7f344dd70d0:group-D553731AE9CE changes role from FOLLOWER to CANDIDATE at term 0 for changeToCandidate
2019-09-05 03:25:46,722 [Thread-772] INFO  impl.RoleInfo (RoleInfo.java:updateAndGet(143)) - 514a2e68-35f0-4c50-97b9-a7f344dd70d0: start LeaderElection
2019-09-05 03:25:46,739 [514a2e68-35f0-4c50-97b9-a7f344dd70d0:group-121A136D5E75:LeaderElection21] INFO  impl.LeaderElection (LeaderElection.java:askForVotes(181)) - 514a2e68-35f0-4c50-97b9-a7f344dd70d0:group-121A136D5E75:LeaderElection21: begin an election at term 1 for -1: [514a2e68-35f0-4c50-97b9-a7f344dd70d0:192.168.34.53:34839], old=null
2019-09-05 03:25:46,739 [514a2e68-35f0-4c50-97b9-a7f344dd70d0:group-121A136D5E75:LeaderElection21] INFO  impl.RoleInfo (RoleInfo.java:shutdownLeaderElection(134)) - 514a2e68-35f0-4c50-97b9-a7f344dd70d0: shutdown LeaderElection
2019-09-05 03:25:46,740 [514a2e68-35f0-4c50-97b9-a7f344dd70d0:group-121A136D5E75:LeaderElection21] INFO  impl.RaftServerImpl (RaftServerImpl.java:setRole(171)) - 514a2e68-35f0-4c50-97b9-a7f344dd70d0:group-121A136D5E75 changes role from CANDIDATE to LEADER at term 1 for changeToLeader
2019-09-05 03:25:46,740 [514a2e68-35f0-4c50-97b9-a7f344dd70d0:group-121A136D5E75:LeaderElection21] INFO  impl.RaftServerImpl (ServerState.java:setLeader(263)) - 514a2e68-35f0-4c50-97b9-a7f344dd70d0:group-121A136D5E75 change Leader from null to 514a2e68-35f0-4c50-97b9-a7f344dd70d0 at term 1 for becomeLeader, leader elected after 5190ms
2019-09-05 03:25:46,742 [514a2e68-35f0-4c50-97b9-a7f344dd70d0:group-121A136D5E75:LeaderElection21] INFO  server.RaftServerConfigKeys (ConfUtils.java:logGet(43)) - raft.server.staging.catchup.gap = 1000 (default)
2019-09-05 03:25:46,742 [514a2e68-35f0-4c50-97b9-a7f344dd70d0:group-121A136D5E75:LeaderElection21] INFO  server.RaftServerConfigKeys (ConfUtils.java:logGet(43)) - raft.server.rpc.sleep.time = 25ms (default)
2019-09-05 03:25:46,742 [514a2e68-35f0-4c50-97b9-a7f344dd70d0:group-121A136D5E75:LeaderElection21] INFO  server.RaftServerConfigKeys (ConfUtils.java:logGet(43)) - raft.server.write.element-limit = 4096 (default)
2019-09-05 03:25:46,742 [514a2e68-35f0-4c50-97b9-a7f344dd70d0:group-121A136D5E75:LeaderElection21] INFO  server.RaftServerConfigKeys (ConfUtils.java:logGet(43)) - raft.server.watch.timeout = 10s (default)
2019-09-05 03:25:46,742 [514a2e68-35f0-4c50-97b9-a7f344dd70d0:group-121A136D5E75:LeaderElection21] INFO  server.RaftServerConfigKeys (ConfUtils.java:logGet(43)) - raft.server.watch.timeout.denomination = 1s (default)
2019-09-05 03:25:46,743 [514a2e68-35f0-4c50-97b9-a7f344dd70d0:group-121A136D5E75:LeaderElection21] INFO  server.RaftServerConfigKeys (ConfUtils.java:logGet(43)) - raft.server.watch.element-limit = 65536 (default)
2019-09-05 03:25:46,743 [514a2e68-35f0-4c50-97b9-a7f344dd70d0:group-121A136D5E75:LeaderElection21] INFO  impl.RoleInfo (RoleInfo.java:updateAndGet(143)) - 514a2e68-35f0-4c50-97b9-a7f344dd70d0: start LeaderState
2019-09-05 03:25:46,743 [514a2e68-35f0-4c50-97b9-a7f344dd70d0:group-121A136D5E75:LeaderElection21] INFO  segmented.SegmentedRaftLogWorker (SegmentedRaftLogWorker.java:startLogSegment(380)) - 514a2e68-35f0-4c50-97b9-a7f344dd70d0-SegmentedRaftLogWorker:Storage Directory /workdir/hadoop-ozone/integration-test/target/test-dir/MiniOzoneClusterImpl-38a6644a-5bd9-4915-9755-6661b6b928f7/datanode-2/data/ratis/5663072a-fa8e-4849-9e79-121a136d5e75: Starting segment from index:0
2019-09-05 03:25:46,744 [514a2e68-35f0-4c50-97b9-a7f344dd70d0:group-121A136D5E75:LeaderElection21] INFO  impl.RaftServerImpl (ServerState.java:setRaftConf(361)) - 514a2e68-35f0-4c50-97b9-a7f344dd70d0:group-121A136D5E75 set configuration 0: [514a2e68-35f0-4c50-97b9-a7f344dd70d0:192.168.34.53:34839], old=null at 0
2019-09-05 03:25:46,778 [Thread-767] INFO  impl.FollowerState (FollowerState.java:run(106)) - 56431364-4f3b-4c40-806d-c9164d34aa1e:group-D553731AE9CE changes to CANDIDATE, lastRpcTime:5132, electionTimeout:5112ms
2019-09-05 03:25:46,778 [Thread-767] INFO  impl.RoleInfo (RoleInfo.java:shutdownFollowerState(121)) - 56431364-4f3b-4c40-806d-c9164d34aa1e: shutdown FollowerState
2019-09-05 03:25:46,778 [Thread-767] INFO  impl.RaftServerImpl (RaftServerImpl.java:setRole(171)) - 56431364-4f3b-4c40-806d-c9164d34aa1e:group-D553731AE9CE changes role from FOLLOWER to CANDIDATE at term 0 for changeToCandidate
2019-09-05 03:25:46,778 [Thread-767] INFO  impl.RoleInfo (RoleInfo.java:updateAndGet(143)) - 56431364-4f3b-4c40-806d-c9164d34aa1e: start LeaderElection
2019-09-05 03:25:46,791 | INFO  | SCMAudit | user=jenkins1000 | ip=192.168.34.53 | op=SEND_HEARTBEAT {datanodeUUID=838608ba-8b7b-40e1-8b89-0ac8f38cbb42, command=[]} | ret=SUCCESS |  
2019-09-05 03:25:46,816 [514a2e68-35f0-4c50-97b9-a7f344dd70d0:group-D553731AE9CE:LeaderElection22] INFO  impl.LeaderElection (LeaderElection.java:askForVotes(181)) - 514a2e68-35f0-4c50-97b9-a7f344dd70d0:group-D553731AE9CE:LeaderElection22: begin an election at term 1 for -1: [56431364-4f3b-4c40-806d-c9164d34aa1e:192.168.34.53:43493, 3ae5d83c-115d-493e-a141-01bd711a0fb1:192.168.34.53:38838, 514a2e68-35f0-4c50-97b9-a7f344dd70d0:192.168.34.53:34839], old=null
2019-09-05 03:25:46,824 [grpc-default-executor-3] INFO  impl.RaftServerImpl (RaftServerImpl.java:setRole(171)) - 3ae5d83c-115d-493e-a141-01bd711a0fb1:group-D553731AE9CE changes role from FOLLOWER to FOLLOWER at term 1 for recognizeCandidate:514a2e68-35f0-4c50-97b9-a7f344dd70d0
2019-09-05 03:25:46,824 [grpc-default-executor-3] INFO  impl.RoleInfo (RoleInfo.java:shutdownFollowerState(121)) - 3ae5d83c-115d-493e-a141-01bd711a0fb1: shutdown FollowerState
2019-09-05 03:25:46,825 [grpc-default-executor-3] INFO  impl.RoleInfo (RoleInfo.java:updateAndGet(143)) - 3ae5d83c-115d-493e-a141-01bd711a0fb1: start FollowerState
2019-09-05 03:25:46,825 [Thread-771] INFO  impl.FollowerState (FollowerState.java:run(114)) - 3ae5d83c-115d-493e-a141-01bd711a0fb1: FollowerState was interrupted: java.lang.InterruptedException: sleep interrupted
2019-09-05 03:25:46,834 [514a2e68-35f0-4c50-97b9-a7f344dd70d0-SegmentedRaftLogWorker:Storage Directory /workdir/hadoop-ozone/integration-test/target/test-dir/MiniOzoneClusterImpl-38a6644a-5bd9-4915-9755-6661b6b928f7/datanode-2/data/ratis/5663072a-fa8e-4849-9e79-121a136d5e75] INFO  segmented.SegmentedRaftLogWorker (SegmentedRaftLogWorker.java:execute(569)) - 514a2e68-35f0-4c50-97b9-a7f344dd70d0-SegmentedRaftLogWorker:Storage Directory /workdir/hadoop-ozone/integration-test/target/test-dir/MiniOzoneClusterImpl-38a6644a-5bd9-4915-9755-6661b6b928f7/datanode-2/data/ratis/5663072a-fa8e-4849-9e79-121a136d5e75: created new log segment /workdir/hadoop-ozone/integration-test/target/test-dir/MiniOzoneClusterImpl-38a6644a-5bd9-4915-9755-6661b6b928f7/datanode-2/data/ratis/5663072a-fa8e-4849-9e79-121a136d5e75/current/log_inprogress_0
2019-09-05 03:25:46,834 [56431364-4f3b-4c40-806d-c9164d34aa1e:group-D553731AE9CE:LeaderElection23] INFO  impl.LeaderElection (LeaderElection.java:askForVotes(181)) - 56431364-4f3b-4c40-806d-c9164d34aa1e:group-D553731AE9CE:LeaderElection23: begin an election at term 1 for -1: [56431364-4f3b-4c40-806d-c9164d34aa1e:192.168.34.53:43493, 3ae5d83c-115d-493e-a141-01bd711a0fb1:192.168.34.53:38838, 514a2e68-35f0-4c50-97b9-a7f344dd70d0:192.168.34.53:34839], old=null
2019-09-05 03:25:46,882 [grpc-default-executor-2] INFO  client.GrpcClientProtocolClient (GrpcClientProtocolClient.java:onNext(255)) - client-D63F27167560->09804a23-7f5e-4639-98b0-dd8aac3c1a3d: receive RaftClientReply:client-D63F27167560->09804a23-7f5e-4639-98b0-dd8aac3c1a3d@group-6FC1333E43B6, cid=41, FAILED org.apache.ratis.protocol.NotLeaderException: Server 09804a23-7f5e-4639-98b0-dd8aac3c1a3d is not the leader (null). Request must be sent to leader., logIndex=0, commits[09804a23-7f5e-4639-98b0-dd8aac3c1a3d:c-1]
2019-09-05 03:25:46,892 [56431364-4f3b-4c40-806d-c9164d34aa1e:group-D553731AE9CE:LeaderElection23] INFO  impl.LeaderElection (LeaderElection.java:logAndReturn(56)) - 56431364-4f3b-4c40-806d-c9164d34aa1e:group-D553731AE9CE:LeaderElection23: Election REJECTED; received 2 response(s) [56431364-4f3b-4c40-806d-c9164d34aa1e<-3ae5d83c-115d-493e-a141-01bd711a0fb1#0:FAIL-t1, 56431364-4f3b-4c40-806d-c9164d34aa1e<-514a2e68-35f0-4c50-97b9-a7f344dd70d0#0:FAIL-t1] and 0 exception(s); 56431364-4f3b-4c40-806d-c9164d34aa1e:t1, leader=null, voted=56431364-4f3b-4c40-806d-c9164d34aa1e, raftlog=56431364-4f3b-4c40-806d-c9164d34aa1e-SegmentedRaftLog:OPENED:c-1,f-1,i0, conf=-1: [56431364-4f3b-4c40-806d-c9164d34aa1e:192.168.34.53:43493, 3ae5d83c-115d-493e-a141-01bd711a0fb1:192.168.34.53:38838, 514a2e68-35f0-4c50-97b9-a7f344dd70d0:192.168.34.53:34839], old=null
2019-09-05 03:25:46,892 [56431364-4f3b-4c40-806d-c9164d34aa1e:group-D553731AE9CE:LeaderElection23] INFO  impl.RaftServerImpl (RaftServerImpl.java:setRole(171)) - 56431364-4f3b-4c40-806d-c9164d34aa1e:group-D553731AE9CE changes role from CANDIDATE to FOLLOWER at term 1 for DISCOVERED_A_NEW_TERM
2019-09-05 03:25:46,892 [514a2e68-35f0-4c50-97b9-a7f344dd70d0:group-D553731AE9CE:LeaderElection22] INFO  impl.LeaderElection (LeaderElection.java:logAndReturn(56)) - 514a2e68-35f0-4c50-97b9-a7f344dd70d0:group-D553731AE9CE:LeaderElection22: Election PASSED; received 2 response(s) [514a2e68-35f0-4c50-97b9-a7f344dd70d0<-56431364-4f3b-4c40-806d-c9164d34aa1e#0:FAIL-t1, 514a2e68-35f0-4c50-97b9-a7f344dd70d0<-3ae5d83c-115d-493e-a141-01bd711a0fb1#0:OK-t1] and 0 exception(s); 514a2e68-35f0-4c50-97b9-a7f344dd70d0:t1, leader=null, voted=514a2e68-35f0-4c50-97b9-a7f344dd70d0, raftlog=514a2e68-35f0-4c50-97b9-a7f344dd70d0-SegmentedRaftLog:OPENED:c-1,f-1,i0, conf=-1: [56431364-4f3b-4c40-806d-c9164d34aa1e:192.168.34.53:43493, 3ae5d83c-115d-493e-a141-01bd711a0fb1:192.168.34.53:38838, 514a2e68-35f0-4c50-97b9-a7f344dd70d0:192.168.34.53:34839], old=null
2019-09-05 03:25:46,894 [56431364-4f3b-4c40-806d-c9164d34aa1e:group-D553731AE9CE:LeaderElection23] INFO  impl.RoleInfo (RoleInfo.java:shutdownLeaderElection(134)) - 56431364-4f3b-4c40-806d-c9164d34aa1e: shutdown LeaderElection
2019-09-05 03:25:46,894 [514a2e68-35f0-4c50-97b9-a7f344dd70d0:group-D553731AE9CE:LeaderElection22] INFO  impl.RoleInfo (RoleInfo.java:shutdownLeaderElection(134)) - 514a2e68-35f0-4c50-97b9-a7f344dd70d0: shutdown LeaderElection
2019-09-05 03:25:46,896 [514a2e68-35f0-4c50-97b9-a7f344dd70d0:group-D553731AE9CE:LeaderElection22] INFO  impl.RaftServerImpl (RaftServerImpl.java:setRole(171)) - 514a2e68-35f0-4c50-97b9-a7f344dd70d0:group-D553731AE9CE changes role from CANDIDATE to LEADER at term 1 for changeToLeader
2019-09-05 03:25:46,896 [56431364-4f3b-4c40-806d-c9164d34aa1e:group-D553731AE9CE:LeaderElection23] INFO  impl.RoleInfo (RoleInfo.java:updateAndGet(143)) - 56431364-4f3b-4c40-806d-c9164d34aa1e: start FollowerState
2019-09-05 03:25:46,896 [514a2e68-35f0-4c50-97b9-a7f344dd70d0:group-D553731AE9CE:LeaderElection22] INFO  impl.RaftServerImpl (ServerState.java:setLeader(263)) - 514a2e68-35f0-4c50-97b9-a7f344dd70d0:group-D553731AE9CE change Leader from null to 514a2e68-35f0-4c50-97b9-a7f344dd70d0 at term 1 for becomeLeader, leader elected after 5259ms
2019-09-05 03:25:46,896 [514a2e68-35f0-4c50-97b9-a7f344dd70d0:group-D553731AE9CE:LeaderElection22] INFO  server.RaftServerConfigKeys (ConfUtils.java:logGet(43)) - raft.server.staging.catchup.gap = 1000 (default)
2019-09-05 03:25:46,898 [514a2e68-35f0-4c50-97b9-a7f344dd70d0:group-D553731AE9CE:LeaderElection22] INFO  server.RaftServerConfigKeys (ConfUtils.java:logGet(43)) - raft.server.rpc.sleep.time = 25ms (default)
2019-09-05 03:25:46,898 [514a2e68-35f0-4c50-97b9-a7f344dd70d0:group-D553731AE9CE:LeaderElection22] INFO  server.RaftServerConfigKeys (ConfUtils.java:logGet(43)) - raft.server.write.element-limit = 4096 (default)
2019-09-05 03:25:46,898 [514a2e68-35f0-4c50-97b9-a7f344dd70d0:group-D553731AE9CE:LeaderElection22] INFO  server.RaftServerConfigKeys (ConfUtils.java:logGet(43)) - raft.server.watch.timeout = 10s (default)
2019-09-05 03:25:46,898 [514a2e68-35f0-4c50-97b9-a7f344dd70d0:group-D553731AE9CE:LeaderElection22] INFO  server.RaftServerConfigKeys (ConfUtils.java:logGet(43)) - raft.server.watch.timeout.denomination = 1s (default)
2019-09-05 03:25:46,898 [514a2e68-35f0-4c50-97b9-a7f344dd70d0:group-D553731AE9CE:LeaderElection22] INFO  server.RaftServerConfigKeys (ConfUtils.java:logGet(43)) - raft.server.watch.element-limit = 65536 (default)
2019-09-05 03:25:46,899 [514a2e68-35f0-4c50-97b9-a7f344dd70d0:group-D553731AE9CE:LeaderElection22] INFO  server.RaftServerConfigKeys (ConfUtils.java:logGet(43)) - raft.server.log.appender.snapshot.chunk.size.max = 16MB (=16777216) (default)
2019-09-05 03:25:46,899 [514a2e68-35f0-4c50-97b9-a7f344dd70d0:group-D553731AE9CE:LeaderElection22] INFO  server.RaftServerConfigKeys (ConfUtils.java:logGet(43)) - raft.server.log.appender.buffer.byte-limit = 33554432 (custom)
2019-09-05 03:25:46,899 [514a2e68-35f0-4c50-97b9-a7f344dd70d0:group-D553731AE9CE:LeaderElection22] INFO  server.RaftServerConfigKeys (ConfUtils.java:logGet(43)) - raft.server.log.appender.buffer.element-limit = 1 (custom)
2019-09-05 03:25:46,899 [514a2e68-35f0-4c50-97b9-a7f344dd70d0:group-D553731AE9CE:LeaderElection22] INFO  grpc.GrpcConfigKeys$Server (ConfUtils.java:logGet(43)) - raft.grpc.server.leader.outstanding.appends.max = 128 (default)
2019-09-05 03:25:46,900 [514a2e68-35f0-4c50-97b9-a7f344dd70d0:group-D553731AE9CE:LeaderElection22] INFO  server.RaftServerConfigKeys (ConfUtils.java:logGet(43)) - raft.server.rpc.request.timeout = 3000ms (default)
2019-09-05 03:25:46,900 [514a2e68-35f0-4c50-97b9-a7f344dd70d0:group-D553731AE9CE:LeaderElection22] INFO  server.RaftServerConfigKeys (ConfUtils.java:logGet(43)) - raft.server.log.appender.install.snapshot.enabled = false (custom)
2019-09-05 03:25:46,900 [514a2e68-35f0-4c50-97b9-a7f344dd70d0:group-D553731AE9CE:LeaderElection22] INFO  server.RaftServerConfigKeys (ConfUtils.java:logGet(43)) - raft.server.log.appender.snapshot.chunk.size.max = 16MB (=16777216) (default)
2019-09-05 03:25:46,900 [514a2e68-35f0-4c50-97b9-a7f344dd70d0:group-D553731AE9CE:LeaderElection22] INFO  server.RaftServerConfigKeys (ConfUtils.java:logGet(43)) - raft.server.log.appender.buffer.byte-limit = 33554432 (custom)
2019-09-05 03:25:46,900 [514a2e68-35f0-4c50-97b9-a7f344dd70d0:group-D553731AE9CE:LeaderElection22] INFO  server.RaftServerConfigKeys (ConfUtils.java:logGet(43)) - raft.server.log.appender.buffer.element-limit = 1 (custom)
2019-09-05 03:25:46,900 [514a2e68-35f0-4c50-97b9-a7f344dd70d0:group-D553731AE9CE:LeaderElection22] INFO  grpc.GrpcConfigKeys$Server (ConfUtils.java:logGet(43)) - raft.grpc.server.leader.outstanding.appends.max = 128 (default)
2019-09-05 03:25:46,901 [514a2e68-35f0-4c50-97b9-a7f344dd70d0:group-D553731AE9CE:LeaderElection22] INFO  server.RaftServerConfigKeys (ConfUtils.java:logGet(43)) - raft.server.rpc.request.timeout = 3000ms (default)
2019-09-05 03:25:46,901 [514a2e68-35f0-4c50-97b9-a7f344dd70d0:group-D553731AE9CE:LeaderElection22] INFO  server.RaftServerConfigKeys (ConfUtils.java:logGet(43)) - raft.server.log.appender.install.snapshot.enabled = false (custom)
2019-09-05 03:25:46,901 [514a2e68-35f0-4c50-97b9-a7f344dd70d0:group-D553731AE9CE:LeaderElection22] INFO  impl.RoleInfo (RoleInfo.java:updateAndGet(143)) - 514a2e68-35f0-4c50-97b9-a7f344dd70d0: start LeaderState
2019-09-05 03:25:46,901 [514a2e68-35f0-4c50-97b9-a7f344dd70d0:group-D553731AE9CE:LeaderElection22] INFO  segmented.SegmentedRaftLogWorker (SegmentedRaftLogWorker.java:startLogSegment(380)) - 514a2e68-35f0-4c50-97b9-a7f344dd70d0-SegmentedRaftLogWorker:Storage Directory /workdir/hadoop-ozone/integration-test/target/test-dir/MiniOzoneClusterImpl-38a6644a-5bd9-4915-9755-6661b6b928f7/datanode-2/data/ratis/30eaba4c-4d6b-452a-b5b8-d553731ae9ce: Starting segment from index:0
2019-09-05 03:25:46,902 [514a2e68-35f0-4c50-97b9-a7f344dd70d0:group-D553731AE9CE:LeaderElection22] INFO  impl.RaftServerImpl (ServerState.java:setRaftConf(361)) - 514a2e68-35f0-4c50-97b9-a7f344dd70d0:group-D553731AE9CE set configuration 0: [56431364-4f3b-4c40-806d-c9164d34aa1e:192.168.34.53:43493, 3ae5d83c-115d-493e-a141-01bd711a0fb1:192.168.34.53:38838, 514a2e68-35f0-4c50-97b9-a7f344dd70d0:192.168.34.53:34839], old=null at 0
2019-09-05 03:25:46,935 [grpc-default-executor-4] INFO  impl.RaftServerImpl (ServerState.java:setLeader(263)) - 3ae5d83c-115d-493e-a141-01bd711a0fb1:group-D553731AE9CE change Leader from null to 514a2e68-35f0-4c50-97b9-a7f344dd70d0 at term 1 for appendEntries, leader elected after 5298ms
2019-09-05 03:25:46,935 [grpc-default-executor-3] INFO  impl.RaftServerImpl (ServerState.java:setLeader(263)) - 56431364-4f3b-4c40-806d-c9164d34aa1e:group-D553731AE9CE change Leader from null to 514a2e68-35f0-4c50-97b9-a7f344dd70d0 at term 1 for appendEntries, leader elected after 5298ms
2019-09-05 03:25:46,938 [grpc-default-executor-3] INFO  impl.RaftServerImpl (ServerState.java:setRaftConf(361)) - 3ae5d83c-115d-493e-a141-01bd711a0fb1:group-D553731AE9CE set configuration 0: [56431364-4f3b-4c40-806d-c9164d34aa1e:192.168.34.53:43493, 3ae5d83c-115d-493e-a141-01bd711a0fb1:192.168.34.53:38838, 514a2e68-35f0-4c50-97b9-a7f344dd70d0:192.168.34.53:34839], old=null at 0
2019-09-05 03:25:46,938 [grpc-default-executor-4] INFO  impl.RaftServerImpl (ServerState.java:setRaftConf(361)) - 56431364-4f3b-4c40-806d-c9164d34aa1e:group-D553731AE9CE set configuration 0: [56431364-4f3b-4c40-806d-c9164d34aa1e:192.168.34.53:43493, 3ae5d83c-115d-493e-a141-01bd711a0fb1:192.168.34.53:38838, 514a2e68-35f0-4c50-97b9-a7f344dd70d0:192.168.34.53:34839], old=null at 0
2019-09-05 03:25:46,938 [grpc-default-executor-3] INFO  segmented.SegmentedRaftLogWorker (SegmentedRaftLogWorker.java:startLogSegment(380)) - 3ae5d83c-115d-493e-a141-01bd711a0fb1-SegmentedRaftLogWorker:Storage Directory /workdir/hadoop-ozone/integration-test/target/test-dir/MiniOzoneClusterImpl-38a6644a-5bd9-4915-9755-6661b6b928f7/datanode-1/data/ratis/30eaba4c-4d6b-452a-b5b8-d553731ae9ce: Starting segment from index:0
2019-09-05 03:25:46,939 [grpc-default-executor-4] INFO  segmented.SegmentedRaftLogWorker (SegmentedRaftLogWorker.java:startLogSegment(380)) - 56431364-4f3b-4c40-806d-c9164d34aa1e-SegmentedRaftLogWorker:Storage Directory /workdir/hadoop-ozone/integration-test/target/test-dir/MiniOzoneClusterImpl-38a6644a-5bd9-4915-9755-6661b6b928f7/datanode-0/data/ratis/30eaba4c-4d6b-452a-b5b8-d553731ae9ce: Starting segment from index:0
2019-09-05 03:25:47,011 [514a2e68-35f0-4c50-97b9-a7f344dd70d0-SegmentedRaftLogWorker:Storage Directory /workdir/hadoop-ozone/integration-test/target/test-dir/MiniOzoneClusterImpl-38a6644a-5bd9-4915-9755-6661b6b928f7/datanode-2/data/ratis/30eaba4c-4d6b-452a-b5b8-d553731ae9ce] INFO  segmented.SegmentedRaftLogWorker (SegmentedRaftLogWorker.java:execute(569)) - 514a2e68-35f0-4c50-97b9-a7f344dd70d0-SegmentedRaftLogWorker:Storage Directory /workdir/hadoop-ozone/integration-test/target/test-dir/MiniOzoneClusterImpl-38a6644a-5bd9-4915-9755-6661b6b928f7/datanode-2/data/ratis/30eaba4c-4d6b-452a-b5b8-d553731ae9ce: created new log segment /workdir/hadoop-ozone/integration-test/target/test-dir/MiniOzoneClusterImpl-38a6644a-5bd9-4915-9755-6661b6b928f7/datanode-2/data/ratis/30eaba4c-4d6b-452a-b5b8-d553731ae9ce/current/log_inprogress_0
2019-09-05 03:25:47,027 [Thread-776] INFO  impl.FollowerState (FollowerState.java:run(106)) - 838608ba-8b7b-40e1-8b89-0ac8f38cbb42:group-8E57DF3F1636 changes to CANDIDATE, lastRpcTime:5161, electionTimeout:5161ms
2019-09-05 03:25:47,027 [Thread-776] INFO  impl.RoleInfo (RoleInfo.java:shutdownFollowerState(121)) - 838608ba-8b7b-40e1-8b89-0ac8f38cbb42: shutdown FollowerState
2019-09-05 03:25:47,027 [Thread-776] INFO  impl.RaftServerImpl (RaftServerImpl.java:setRole(171)) - 838608ba-8b7b-40e1-8b89-0ac8f38cbb42:group-8E57DF3F1636 changes role from FOLLOWER to CANDIDATE at term 0 for changeToCandidate
2019-09-05 03:25:47,027 [Thread-776] INFO  impl.RoleInfo (RoleInfo.java:updateAndGet(143)) - 838608ba-8b7b-40e1-8b89-0ac8f38cbb42: start LeaderElection
2019-09-05 03:25:47,035 [56431364-4f3b-4c40-806d-c9164d34aa1e-SegmentedRaftLogWorker:Storage Directory /workdir/hadoop-ozone/integration-test/target/test-dir/MiniOzoneClusterImpl-38a6644a-5bd9-4915-9755-6661b6b928f7/datanode-0/data/ratis/30eaba4c-4d6b-452a-b5b8-d553731ae9ce] INFO  segmented.SegmentedRaftLogWorker (SegmentedRaftLogWorker.java:execute(569)) - 56431364-4f3b-4c40-806d-c9164d34aa1e-SegmentedRaftLogWorker:Storage Directory /workdir/hadoop-ozone/integration-test/target/test-dir/MiniOzoneClusterImpl-38a6644a-5bd9-4915-9755-6661b6b928f7/datanode-0/data/ratis/30eaba4c-4d6b-452a-b5b8-d553731ae9ce: created new log segment /workdir/hadoop-ozone/integration-test/target/test-dir/MiniOzoneClusterImpl-38a6644a-5bd9-4915-9755-6661b6b928f7/datanode-0/data/ratis/30eaba4c-4d6b-452a-b5b8-d553731ae9ce/current/log_inprogress_0
2019-09-05 03:25:47,035 [3ae5d83c-115d-493e-a141-01bd711a0fb1-SegmentedRaftLogWorker:Storage Directory /workdir/hadoop-ozone/integration-test/target/test-dir/MiniOzoneClusterImpl-38a6644a-5bd9-4915-9755-6661b6b928f7/datanode-1/data/ratis/30eaba4c-4d6b-452a-b5b8-d553731ae9ce] INFO  segmented.SegmentedRaftLogWorker (SegmentedRaftLogWorker.java:execute(569)) - 3ae5d83c-115d-493e-a141-01bd711a0fb1-SegmentedRaftLogWorker:Storage Directory /workdir/hadoop-ozone/integration-test/target/test-dir/MiniOzoneClusterImpl-38a6644a-5bd9-4915-9755-6661b6b928f7/datanode-1/data/ratis/30eaba4c-4d6b-452a-b5b8-d553731ae9ce: created new log segment /workdir/hadoop-ozone/integration-test/target/test-dir/MiniOzoneClusterImpl-38a6644a-5bd9-4915-9755-6661b6b928f7/datanode-1/data/ratis/30eaba4c-4d6b-452a-b5b8-d553731ae9ce/current/log_inprogress_0
2019-09-05 03:25:47,063 | INFO  | SCMAudit | user=jenkins1000 | ip=192.168.34.53 | op=SEND_HEARTBEAT {datanodeUUID=56431364-4f3b-4c40-806d-c9164d34aa1e, command=[]} | ret=SUCCESS |  
2019-09-05 03:25:47,101 [838608ba-8b7b-40e1-8b89-0ac8f38cbb42:group-8E57DF3F1636:LeaderElection24] INFO  impl.LeaderElection (LeaderElection.java:askForVotes(181)) - 838608ba-8b7b-40e1-8b89-0ac8f38cbb42:group-8E57DF3F1636:LeaderElection24: begin an election at term 1 for -1: [838608ba-8b7b-40e1-8b89-0ac8f38cbb42:192.168.34.53:41281], old=null
2019-09-05 03:25:47,102 [838608ba-8b7b-40e1-8b89-0ac8f38cbb42:group-8E57DF3F1636:LeaderElection24] INFO  impl.RoleInfo (RoleInfo.java:shutdownLeaderElection(134)) - 838608ba-8b7b-40e1-8b89-0ac8f38cbb42: shutdown LeaderElection
2019-09-05 03:25:47,102 [838608ba-8b7b-40e1-8b89-0ac8f38cbb42:group-8E57DF3F1636:LeaderElection24] INFO  impl.RaftServerImpl (RaftServerImpl.java:setRole(171)) - 838608ba-8b7b-40e1-8b89-0ac8f38cbb42:group-8E57DF3F1636 changes role from CANDIDATE to LEADER at term 1 for changeToLeader
2019-09-05 03:25:47,102 [838608ba-8b7b-40e1-8b89-0ac8f38cbb42:group-8E57DF3F1636:LeaderElection24] INFO  impl.RaftServerImpl (ServerState.java:setLeader(263)) - 838608ba-8b7b-40e1-8b89-0ac8f38cbb42:group-8E57DF3F1636 change Leader from null to 838608ba-8b7b-40e1-8b89-0ac8f38cbb42 at term 1 for becomeLeader, leader elected after 5243ms
2019-09-05 03:25:47,106 [838608ba-8b7b-40e1-8b89-0ac8f38cbb42:group-8E57DF3F1636:LeaderElection24] INFO  server.RaftServerConfigKeys (ConfUtils.java:logGet(43)) - raft.server.staging.catchup.gap = 1000 (default)
2019-09-05 03:25:47,106 [838608ba-8b7b-40e1-8b89-0ac8f38cbb42:group-8E57DF3F1636:LeaderElection24] INFO  server.RaftServerConfigKeys (ConfUtils.java:logGet(43)) - raft.server.rpc.sleep.time = 25ms (default)
2019-09-05 03:25:47,106 [838608ba-8b7b-40e1-8b89-0ac8f38cbb42:group-8E57DF3F1636:LeaderElection24] INFO  server.RaftServerConfigKeys (ConfUtils.java:logGet(43)) - raft.server.write.element-limit = 4096 (default)
2019-09-05 03:25:47,106 [838608ba-8b7b-40e1-8b89-0ac8f38cbb42:group-8E57DF3F1636:LeaderElection24] INFO  server.RaftServerConfigKeys (ConfUtils.java:logGet(43)) - raft.server.watch.timeout = 10s (default)
2019-09-05 03:25:47,106 [838608ba-8b7b-40e1-8b89-0ac8f38cbb42:group-8E57DF3F1636:LeaderElection24] INFO  server.RaftServerConfigKeys (ConfUtils.java:logGet(43)) - raft.server.watch.timeout.denomination = 1s (default)
2019-09-05 03:25:47,107 [838608ba-8b7b-40e1-8b89-0ac8f38cbb42:group-8E57DF3F1636:LeaderElection24] INFO  server.RaftServerConfigKeys (ConfUtils.java:logGet(43)) - raft.server.watch.element-limit = 65536 (default)
2019-09-05 03:25:47,107 [838608ba-8b7b-40e1-8b89-0ac8f38cbb42:group-8E57DF3F1636:LeaderElection24] INFO  impl.RoleInfo (RoleInfo.java:updateAndGet(143)) - 838608ba-8b7b-40e1-8b89-0ac8f38cbb42: start LeaderState
2019-09-05 03:25:47,107 [838608ba-8b7b-40e1-8b89-0ac8f38cbb42:group-8E57DF3F1636:LeaderElection24] INFO  segmented.SegmentedRaftLogWorker (SegmentedRaftLogWorker.java:startLogSegment(380)) - 838608ba-8b7b-40e1-8b89-0ac8f38cbb42-SegmentedRaftLogWorker:Storage Directory /workdir/hadoop-ozone/integration-test/target/test-dir/MiniOzoneClusterImpl-38a6644a-5bd9-4915-9755-6661b6b928f7/datanode-3/data/ratis/1f2f7cac-d60f-48ca-95ce-8e57df3f1636: Starting segment from index:0
2019-09-05 03:25:47,108 [838608ba-8b7b-40e1-8b89-0ac8f38cbb42:group-8E57DF3F1636:LeaderElection24] INFO  impl.RaftServerImpl (ServerState.java:setRaftConf(361)) - 838608ba-8b7b-40e1-8b89-0ac8f38cbb42:group-8E57DF3F1636 set configuration 0: [838608ba-8b7b-40e1-8b89-0ac8f38cbb42:192.168.34.53:41281], old=null at 0
2019-09-05 03:25:47,201 [838608ba-8b7b-40e1-8b89-0ac8f38cbb42-SegmentedRaftLogWorker:Storage Directory /workdir/hadoop-ozone/integration-test/target/test-dir/MiniOzoneClusterImpl-38a6644a-5bd9-4915-9755-6661b6b928f7/datanode-3/data/ratis/1f2f7cac-d60f-48ca-95ce-8e57df3f1636] INFO  segmented.SegmentedRaftLogWorker (SegmentedRaftLogWorker.java:execute(569)) - 838608ba-8b7b-40e1-8b89-0ac8f38cbb42-SegmentedRaftLogWorker:Storage Directory /workdir/hadoop-ozone/integration-test/target/test-dir/MiniOzoneClusterImpl-38a6644a-5bd9-4915-9755-6661b6b928f7/datanode-3/data/ratis/1f2f7cac-d60f-48ca-95ce-8e57df3f1636: created new log segment /workdir/hadoop-ozone/integration-test/target/test-dir/MiniOzoneClusterImpl-38a6644a-5bd9-4915-9755-6661b6b928f7/datanode-3/data/ratis/1f2f7cac-d60f-48ca-95ce-8e57df3f1636/current/log_inprogress_0
2019-09-05 03:25:47,269 | INFO  | SCMAudit | user=jenkins1000 | ip=192.168.34.53 | op=SEND_HEARTBEAT {datanodeUUID=09804a23-7f5e-4639-98b0-dd8aac3c1a3d, command=[]} | ret=SUCCESS |  
2019-09-05 03:25:47,278 | INFO  | SCMAudit | user=jenkins1000 | ip=192.168.34.53 | op=SEND_HEARTBEAT {datanodeUUID=3ae5d83c-115d-493e-a141-01bd711a0fb1, command=[]} | ret=SUCCESS |  
2019-09-05 03:25:47,478 | INFO  | SCMAudit | user=jenkins1000 | ip=192.168.34.53 | op=SEND_HEARTBEAT {datanodeUUID=514a2e68-35f0-4c50-97b9-a7f344dd70d0, command=[]} | ret=SUCCESS |  
2019-09-05 03:25:47,504 [Thread-779] INFO  impl.FollowerState (FollowerState.java:run(106)) - 09804a23-7f5e-4639-98b0-dd8aac3c1a3d:group-B7D2586C6A37 changes to CANDIDATE, lastRpcTime:5136, electionTimeout:5136ms
2019-09-05 03:25:47,505 [Thread-779] INFO  impl.RoleInfo (RoleInfo.java:shutdownFollowerState(121)) - 09804a23-7f5e-4639-98b0-dd8aac3c1a3d: shutdown FollowerState
2019-09-05 03:25:47,505 [Thread-779] INFO  impl.RaftServerImpl (RaftServerImpl.java:setRole(171)) - 09804a23-7f5e-4639-98b0-dd8aac3c1a3d:group-B7D2586C6A37 changes role from FOLLOWER to CANDIDATE at term 0 for changeToCandidate
2019-09-05 03:25:47,505 [Thread-779] INFO  impl.RoleInfo (RoleInfo.java:updateAndGet(143)) - 09804a23-7f5e-4639-98b0-dd8aac3c1a3d: start LeaderElection
2019-09-05 03:25:47,517 | INFO  | SCMAudit | user=jenkins1000 | ip=192.168.34.53 | op=SEND_HEARTBEAT {datanodeUUID=f8e72f0f-27ad-4da0-a4ac-f742e69d6053, command=[]} | ret=SUCCESS |  
2019-09-05 03:25:47,589 [09804a23-7f5e-4639-98b0-dd8aac3c1a3d:group-B7D2586C6A37:LeaderElection25] INFO  impl.LeaderElection (LeaderElection.java:askForVotes(181)) - 09804a23-7f5e-4639-98b0-dd8aac3c1a3d:group-B7D2586C6A37:LeaderElection25: begin an election at term 1 for -1: [09804a23-7f5e-4639-98b0-dd8aac3c1a3d:192.168.34.53:46077], old=null
2019-09-05 03:25:47,590 [09804a23-7f5e-4639-98b0-dd8aac3c1a3d:group-B7D2586C6A37:LeaderElection25] INFO  impl.RoleInfo (RoleInfo.java:shutdownLeaderElection(134)) - 09804a23-7f5e-4639-98b0-dd8aac3c1a3d: shutdown LeaderElection
2019-09-05 03:25:47,590 [09804a23-7f5e-4639-98b0-dd8aac3c1a3d:group-B7D2586C6A37:LeaderElection25] INFO  impl.RaftServerImpl (RaftServerImpl.java:setRole(171)) - 09804a23-7f5e-4639-98b0-dd8aac3c1a3d:group-B7D2586C6A37 changes role from CANDIDATE to LEADER at term 1 for changeToLeader
2019-09-05 03:25:47,590 [09804a23-7f5e-4639-98b0-dd8aac3c1a3d:group-B7D2586C6A37:LeaderElection25] INFO  impl.RaftServerImpl (ServerState.java:setLeader(263)) - 09804a23-7f5e-4639-98b0-dd8aac3c1a3d:group-B7D2586C6A37 change Leader from null to 09804a23-7f5e-4639-98b0-dd8aac3c1a3d at term 1 for becomeLeader, leader elected after 5228ms
2019-09-05 03:25:47,592 [09804a23-7f5e-4639-98b0-dd8aac3c1a3d:group-B7D2586C6A37:LeaderElection25] INFO  server.RaftServerConfigKeys (ConfUtils.java:logGet(43)) - raft.server.staging.catchup.gap = 1000 (default)
2019-09-05 03:25:47,593 [09804a23-7f5e-4639-98b0-dd8aac3c1a3d:group-B7D2586C6A37:LeaderElection25] INFO  server.RaftServerConfigKeys (ConfUtils.java:logGet(43)) - raft.server.rpc.sleep.time = 25ms (default)
2019-09-05 03:25:47,593 [09804a23-7f5e-4639-98b0-dd8aac3c1a3d:group-B7D2586C6A37:LeaderElection25] INFO  server.RaftServerConfigKeys (ConfUtils.java:logGet(43)) - raft.server.write.element-limit = 4096 (default)
2019-09-05 03:25:47,593 [09804a23-7f5e-4639-98b0-dd8aac3c1a3d:group-B7D2586C6A37:LeaderElection25] INFO  server.RaftServerConfigKeys (ConfUtils.java:logGet(43)) - raft.server.watch.timeout = 10s (default)
2019-09-05 03:25:47,593 [09804a23-7f5e-4639-98b0-dd8aac3c1a3d:group-B7D2586C6A37:LeaderElection25] INFO  server.RaftServerConfigKeys (ConfUtils.java:logGet(43)) - raft.server.watch.timeout.denomination = 1s (default)
2019-09-05 03:25:47,594 [09804a23-7f5e-4639-98b0-dd8aac3c1a3d:group-B7D2586C6A37:LeaderElection25] INFO  server.RaftServerConfigKeys (ConfUtils.java:logGet(43)) - raft.server.watch.element-limit = 65536 (default)
2019-09-05 03:25:47,594 [09804a23-7f5e-4639-98b0-dd8aac3c1a3d:group-B7D2586C6A37:LeaderElection25] INFO  impl.RoleInfo (RoleInfo.java:updateAndGet(143)) - 09804a23-7f5e-4639-98b0-dd8aac3c1a3d: start LeaderState
2019-09-05 03:25:47,594 [09804a23-7f5e-4639-98b0-dd8aac3c1a3d:group-B7D2586C6A37:LeaderElection25] INFO  segmented.SegmentedRaftLogWorker (SegmentedRaftLogWorker.java:startLogSegment(380)) - 09804a23-7f5e-4639-98b0-dd8aac3c1a3d-SegmentedRaftLogWorker:Storage Directory /workdir/hadoop-ozone/integration-test/target/test-dir/MiniOzoneClusterImpl-38a6644a-5bd9-4915-9755-6661b6b928f7/datanode-4/data/ratis/b74f546e-6ba1-4b18-ae63-b7d2586c6a37: Starting segment from index:0
2019-09-05 03:25:47,595 [09804a23-7f5e-4639-98b0-dd8aac3c1a3d:group-B7D2586C6A37:LeaderElection25] INFO  impl.RaftServerImpl (ServerState.java:setRaftConf(361)) - 09804a23-7f5e-4639-98b0-dd8aac3c1a3d:group-B7D2586C6A37 set configuration 0: [09804a23-7f5e-4639-98b0-dd8aac3c1a3d:192.168.34.53:46077], old=null at 0
2019-09-05 03:25:47,689 [Thread-782] INFO  impl.FollowerState (FollowerState.java:run(106)) - f8e72f0f-27ad-4da0-a4ac-f742e69d6053:group-AD08BE2EEEC7 changes to CANDIDATE, lastRpcTime:5075, electionTimeout:5075ms
2019-09-05 03:25:47,690 [Thread-782] INFO  impl.RoleInfo (RoleInfo.java:shutdownFollowerState(121)) - f8e72f0f-27ad-4da0-a4ac-f742e69d6053: shutdown FollowerState
2019-09-05 03:25:47,690 [Thread-782] INFO  impl.RaftServerImpl (RaftServerImpl.java:setRole(171)) - f8e72f0f-27ad-4da0-a4ac-f742e69d6053:group-AD08BE2EEEC7 changes role from FOLLOWER to CANDIDATE at term 0 for changeToCandidate
2019-09-05 03:25:47,690 [Thread-782] INFO  impl.RoleInfo (RoleInfo.java:updateAndGet(143)) - f8e72f0f-27ad-4da0-a4ac-f742e69d6053: start LeaderElection
2019-09-05 03:25:47,700 [09804a23-7f5e-4639-98b0-dd8aac3c1a3d-SegmentedRaftLogWorker:Storage Directory /workdir/hadoop-ozone/integration-test/target/test-dir/MiniOzoneClusterImpl-38a6644a-5bd9-4915-9755-6661b6b928f7/datanode-4/data/ratis/b74f546e-6ba1-4b18-ae63-b7d2586c6a37] INFO  segmented.SegmentedRaftLogWorker (SegmentedRaftLogWorker.java:execute(569)) - 09804a23-7f5e-4639-98b0-dd8aac3c1a3d-SegmentedRaftLogWorker:Storage Directory /workdir/hadoop-ozone/integration-test/target/test-dir/MiniOzoneClusterImpl-38a6644a-5bd9-4915-9755-6661b6b928f7/datanode-4/data/ratis/b74f546e-6ba1-4b18-ae63-b7d2586c6a37: created new log segment /workdir/hadoop-ozone/integration-test/target/test-dir/MiniOzoneClusterImpl-38a6644a-5bd9-4915-9755-6661b6b928f7/datanode-4/data/ratis/b74f546e-6ba1-4b18-ae63-b7d2586c6a37/current/log_inprogress_0
2019-09-05 03:25:47,718 | INFO  | SCMAudit | user=jenkins1000 | ip=192.168.34.53 | op=SEND_HEARTBEAT {datanodeUUID=d5831d47-7264-4585-8f97-4cba7bdc2965, command=[]} | ret=SUCCESS |  
2019-09-05 03:25:47,735 [f8e72f0f-27ad-4da0-a4ac-f742e69d6053:group-AD08BE2EEEC7:LeaderElection26] INFO  impl.LeaderElection (LeaderElection.java:askForVotes(181)) - f8e72f0f-27ad-4da0-a4ac-f742e69d6053:group-AD08BE2EEEC7:LeaderElection26: begin an election at term 1 for -1: [f8e72f0f-27ad-4da0-a4ac-f742e69d6053:192.168.34.53:43454], old=null
2019-09-05 03:25:47,735 [f8e72f0f-27ad-4da0-a4ac-f742e69d6053:group-AD08BE2EEEC7:LeaderElection26] INFO  impl.RoleInfo (RoleInfo.java:shutdownLeaderElection(134)) - f8e72f0f-27ad-4da0-a4ac-f742e69d6053: shutdown LeaderElection
2019-09-05 03:25:47,735 [f8e72f0f-27ad-4da0-a4ac-f742e69d6053:group-AD08BE2EEEC7:LeaderElection26] INFO  impl.RaftServerImpl (RaftServerImpl.java:setRole(171)) - f8e72f0f-27ad-4da0-a4ac-f742e69d6053:group-AD08BE2EEEC7 changes role from CANDIDATE to LEADER at term 1 for changeToLeader
2019-09-05 03:25:47,735 [f8e72f0f-27ad-4da0-a4ac-f742e69d6053:group-AD08BE2EEEC7:LeaderElection26] INFO  impl.RaftServerImpl (ServerState.java:setLeader(263)) - f8e72f0f-27ad-4da0-a4ac-f742e69d6053:group-AD08BE2EEEC7 change Leader from null to f8e72f0f-27ad-4da0-a4ac-f742e69d6053 at term 1 for becomeLeader, leader elected after 5125ms
2019-09-05 03:25:47,738 [f8e72f0f-27ad-4da0-a4ac-f742e69d6053:group-AD08BE2EEEC7:LeaderElection26] INFO  server.RaftServerConfigKeys (ConfUtils.java:logGet(43)) - raft.server.staging.catchup.gap = 1000 (default)
2019-09-05 03:25:47,738 [f8e72f0f-27ad-4da0-a4ac-f742e69d6053:group-AD08BE2EEEC7:LeaderElection26] INFO  server.RaftServerConfigKeys (ConfUtils.java:logGet(43)) - raft.server.rpc.sleep.time = 25ms (default)
2019-09-05 03:25:47,738 [f8e72f0f-27ad-4da0-a4ac-f742e69d6053:group-AD08BE2EEEC7:LeaderElection26] INFO  server.RaftServerConfigKeys (ConfUtils.java:logGet(43)) - raft.server.write.element-limit = 4096 (default)
2019-09-05 03:25:47,739 [f8e72f0f-27ad-4da0-a4ac-f742e69d6053:group-AD08BE2EEEC7:LeaderElection26] INFO  server.RaftServerConfigKeys (ConfUtils.java:logGet(43)) - raft.server.watch.timeout = 10s (default)
2019-09-05 03:25:47,739 [f8e72f0f-27ad-4da0-a4ac-f742e69d6053:group-AD08BE2EEEC7:LeaderElection26] INFO  server.RaftServerConfigKeys (ConfUtils.java:logGet(43)) - raft.server.watch.timeout.denomination = 1s (default)
2019-09-05 03:25:47,739 [f8e72f0f-27ad-4da0-a4ac-f742e69d6053:group-AD08BE2EEEC7:LeaderElection26] INFO  server.RaftServerConfigKeys (ConfUtils.java:logGet(43)) - raft.server.watch.element-limit = 65536 (default)
2019-09-05 03:25:47,739 [f8e72f0f-27ad-4da0-a4ac-f742e69d6053:group-AD08BE2EEEC7:LeaderElection26] INFO  impl.RoleInfo (RoleInfo.java:updateAndGet(143)) - f8e72f0f-27ad-4da0-a4ac-f742e69d6053: start LeaderState
2019-09-05 03:25:47,739 [f8e72f0f-27ad-4da0-a4ac-f742e69d6053:group-AD08BE2EEEC7:LeaderElection26] INFO  segmented.SegmentedRaftLogWorker (SegmentedRaftLogWorker.java:startLogSegment(380)) - f8e72f0f-27ad-4da0-a4ac-f742e69d6053-SegmentedRaftLogWorker:Storage Directory /workdir/hadoop-ozone/integration-test/target/test-dir/MiniOzoneClusterImpl-38a6644a-5bd9-4915-9755-6661b6b928f7/datanode-5/data/ratis/50e0e566-8adf-4ba0-94a5-ad08be2eeec7: Starting segment from index:0
2019-09-05 03:25:47,740 [f8e72f0f-27ad-4da0-a4ac-f742e69d6053:group-AD08BE2EEEC7:LeaderElection26] INFO  impl.RaftServerImpl (ServerState.java:setRaftConf(361)) - f8e72f0f-27ad-4da0-a4ac-f742e69d6053:group-AD08BE2EEEC7 set configuration 0: [f8e72f0f-27ad-4da0-a4ac-f742e69d6053:192.168.34.53:43454], old=null at 0
2019-09-05 03:25:47,790 | INFO  | SCMAudit | user=jenkins1000 | ip=192.168.34.53 | op=SEND_HEARTBEAT {datanodeUUID=838608ba-8b7b-40e1-8b89-0ac8f38cbb42, command=[]} | ret=SUCCESS |  
2019-09-05 03:25:47,843 [f8e72f0f-27ad-4da0-a4ac-f742e69d6053-SegmentedRaftLogWorker:Storage Directory /workdir/hadoop-ozone/integration-test/target/test-dir/MiniOzoneClusterImpl-38a6644a-5bd9-4915-9755-6661b6b928f7/datanode-5/data/ratis/50e0e566-8adf-4ba0-94a5-ad08be2eeec7] INFO  segmented.SegmentedRaftLogWorker (SegmentedRaftLogWorker.java:execute(569)) - f8e72f0f-27ad-4da0-a4ac-f742e69d6053-SegmentedRaftLogWorker:Storage Directory /workdir/hadoop-ozone/integration-test/target/test-dir/MiniOzoneClusterImpl-38a6644a-5bd9-4915-9755-6661b6b928f7/datanode-5/data/ratis/50e0e566-8adf-4ba0-94a5-ad08be2eeec7: created new log segment /workdir/hadoop-ozone/integration-test/target/test-dir/MiniOzoneClusterImpl-38a6644a-5bd9-4915-9755-6661b6b928f7/datanode-5/data/ratis/50e0e566-8adf-4ba0-94a5-ad08be2eeec7/current/log_inprogress_0
2019-09-05 03:25:47,868 [Thread-785] INFO  impl.FollowerState (FollowerState.java:run(106)) - 838608ba-8b7b-40e1-8b89-0ac8f38cbb42:group-6FC1333E43B6 changes to CANDIDATE, lastRpcTime:5061, electionTimeout:5061ms
2019-09-05 03:25:47,869 [Thread-785] INFO  impl.RoleInfo (RoleInfo.java:shutdownFollowerState(121)) - 838608ba-8b7b-40e1-8b89-0ac8f38cbb42: shutdown FollowerState
2019-09-05 03:25:47,869 [Thread-785] INFO  impl.RaftServerImpl (RaftServerImpl.java:setRole(171)) - 838608ba-8b7b-40e1-8b89-0ac8f38cbb42:group-6FC1333E43B6 changes role from FOLLOWER to CANDIDATE at term 0 for changeToCandidate
2019-09-05 03:25:47,869 [Thread-785] INFO  impl.RoleInfo (RoleInfo.java:updateAndGet(143)) - 838608ba-8b7b-40e1-8b89-0ac8f38cbb42: start LeaderElection
2019-09-05 03:25:47,876 [Thread-791] INFO  impl.FollowerState (FollowerState.java:run(106)) - f8e72f0f-27ad-4da0-a4ac-f742e69d6053:group-6FC1333E43B6 changes to CANDIDATE, lastRpcTime:5065, electionTimeout:5065ms
2019-09-05 03:25:47,876 [Thread-791] INFO  impl.RoleInfo (RoleInfo.java:shutdownFollowerState(121)) - f8e72f0f-27ad-4da0-a4ac-f742e69d6053: shutdown FollowerState
2019-09-05 03:25:47,876 [Thread-791] INFO  impl.RaftServerImpl (RaftServerImpl.java:setRole(171)) - f8e72f0f-27ad-4da0-a4ac-f742e69d6053:group-6FC1333E43B6 changes role from FOLLOWER to CANDIDATE at term 0 for changeToCandidate
2019-09-05 03:25:47,876 [Thread-791] INFO  impl.RoleInfo (RoleInfo.java:updateAndGet(143)) - f8e72f0f-27ad-4da0-a4ac-f742e69d6053: start LeaderElection
2019-09-05 03:25:47,902 [grpc-default-executor-4] INFO  client.GrpcClientProtocolClient (GrpcClientProtocolClient.java:onNext(255)) - client-D63F27167560->f8e72f0f-27ad-4da0-a4ac-f742e69d6053: receive RaftClientReply:client-D63F27167560->f8e72f0f-27ad-4da0-a4ac-f742e69d6053@group-6FC1333E43B6, cid=41, FAILED org.apache.ratis.protocol.NotLeaderException: Server f8e72f0f-27ad-4da0-a4ac-f742e69d6053 is not the leader (null). Request must be sent to leader., logIndex=0, commits[f8e72f0f-27ad-4da0-a4ac-f742e69d6053:c-1]
2019-09-05 03:25:47,912 [f8e72f0f-27ad-4da0-a4ac-f742e69d6053:group-6FC1333E43B6:LeaderElection28] INFO  impl.LeaderElection (LeaderElection.java:askForVotes(181)) - f8e72f0f-27ad-4da0-a4ac-f742e69d6053:group-6FC1333E43B6:LeaderElection28: begin an election at term 1 for -1: [838608ba-8b7b-40e1-8b89-0ac8f38cbb42:192.168.34.53:41281, 09804a23-7f5e-4639-98b0-dd8aac3c1a3d:192.168.34.53:46077, f8e72f0f-27ad-4da0-a4ac-f742e69d6053:192.168.34.53:43454], old=null
2019-09-05 03:25:47,912 [838608ba-8b7b-40e1-8b89-0ac8f38cbb42:group-6FC1333E43B6:LeaderElection27] INFO  impl.LeaderElection (LeaderElection.java:askForVotes(181)) - 838608ba-8b7b-40e1-8b89-0ac8f38cbb42:group-6FC1333E43B6:LeaderElection27: begin an election at term 1 for -1: [838608ba-8b7b-40e1-8b89-0ac8f38cbb42:192.168.34.53:41281, 09804a23-7f5e-4639-98b0-dd8aac3c1a3d:192.168.34.53:46077, f8e72f0f-27ad-4da0-a4ac-f742e69d6053:192.168.34.53:43454], old=null
2019-09-05 03:25:47,922 [grpc-default-executor-0] INFO  impl.RaftServerImpl (RaftServerImpl.java:setRole(171)) - 09804a23-7f5e-4639-98b0-dd8aac3c1a3d:group-6FC1333E43B6 changes role from FOLLOWER to FOLLOWER at term 1 for recognizeCandidate:838608ba-8b7b-40e1-8b89-0ac8f38cbb42
2019-09-05 03:25:47,925 [grpc-default-executor-0] INFO  impl.RoleInfo (RoleInfo.java:shutdownFollowerState(121)) - 09804a23-7f5e-4639-98b0-dd8aac3c1a3d: shutdown FollowerState
2019-09-05 03:25:47,928 [Thread-788] INFO  impl.FollowerState (FollowerState.java:run(114)) - 09804a23-7f5e-4639-98b0-dd8aac3c1a3d: FollowerState was interrupted: java.lang.InterruptedException: sleep interrupted
2019-09-05 03:25:47,928 [grpc-default-executor-0] INFO  impl.RoleInfo (RoleInfo.java:updateAndGet(143)) - 09804a23-7f5e-4639-98b0-dd8aac3c1a3d: start FollowerState
2019-09-05 03:25:47,996 [838608ba-8b7b-40e1-8b89-0ac8f38cbb42:group-6FC1333E43B6:LeaderElection27] INFO  impl.LeaderElection (LeaderElection.java:logAndReturn(56)) - 838608ba-8b7b-40e1-8b89-0ac8f38cbb42:group-6FC1333E43B6:LeaderElection27: Election PASSED; received 2 response(s) [838608ba-8b7b-40e1-8b89-0ac8f38cbb42<-09804a23-7f5e-4639-98b0-dd8aac3c1a3d#0:OK-t1, 838608ba-8b7b-40e1-8b89-0ac8f38cbb42<-f8e72f0f-27ad-4da0-a4ac-f742e69d6053#0:FAIL-t1] and 0 exception(s); 838608ba-8b7b-40e1-8b89-0ac8f38cbb42:t1, leader=null, voted=838608ba-8b7b-40e1-8b89-0ac8f38cbb42, raftlog=838608ba-8b7b-40e1-8b89-0ac8f38cbb42-SegmentedRaftLog:OPENED:c-1,f-1,i0, conf=-1: [838608ba-8b7b-40e1-8b89-0ac8f38cbb42:192.168.34.53:41281, 09804a23-7f5e-4639-98b0-dd8aac3c1a3d:192.168.34.53:46077, f8e72f0f-27ad-4da0-a4ac-f742e69d6053:192.168.34.53:43454], old=null
2019-09-05 03:25:47,996 [f8e72f0f-27ad-4da0-a4ac-f742e69d6053:group-6FC1333E43B6:LeaderElection28] INFO  impl.LeaderElection (LeaderElection.java:logAndReturn(56)) - f8e72f0f-27ad-4da0-a4ac-f742e69d6053:group-6FC1333E43B6:LeaderElection28: Election REJECTED; received 2 response(s) [f8e72f0f-27ad-4da0-a4ac-f742e69d6053<-838608ba-8b7b-40e1-8b89-0ac8f38cbb42#0:FAIL-t1, f8e72f0f-27ad-4da0-a4ac-f742e69d6053<-09804a23-7f5e-4639-98b0-dd8aac3c1a3d#0:FAIL-t1] and 0 exception(s); f8e72f0f-27ad-4da0-a4ac-f742e69d6053:t1, leader=null, voted=f8e72f0f-27ad-4da0-a4ac-f742e69d6053, raftlog=f8e72f0f-27ad-4da0-a4ac-f742e69d6053-SegmentedRaftLog:OPENED:c-1,f-1,i0, conf=-1: [838608ba-8b7b-40e1-8b89-0ac8f38cbb42:192.168.34.53:41281, 09804a23-7f5e-4639-98b0-dd8aac3c1a3d:192.168.34.53:46077, f8e72f0f-27ad-4da0-a4ac-f742e69d6053:192.168.34.53:43454], old=null
2019-09-05 03:25:47,996 [838608ba-8b7b-40e1-8b89-0ac8f38cbb42:group-6FC1333E43B6:LeaderElection27] INFO  impl.RoleInfo (RoleInfo.java:shutdownLeaderElection(134)) - 838608ba-8b7b-40e1-8b89-0ac8f38cbb42: shutdown LeaderElection
2019-09-05 03:25:47,999 [f8e72f0f-27ad-4da0-a4ac-f742e69d6053:group-6FC1333E43B6:LeaderElection28] INFO  impl.RaftServerImpl (RaftServerImpl.java:setRole(171)) - f8e72f0f-27ad-4da0-a4ac-f742e69d6053:group-6FC1333E43B6 changes role from CANDIDATE to FOLLOWER at term 1 for DISCOVERED_A_NEW_TERM
2019-09-05 03:25:48,002 [f8e72f0f-27ad-4da0-a4ac-f742e69d6053:group-6FC1333E43B6:LeaderElection28] INFO  impl.RoleInfo (RoleInfo.java:shutdownLeaderElection(134)) - f8e72f0f-27ad-4da0-a4ac-f742e69d6053: shutdown LeaderElection
2019-09-05 03:25:48,002 [838608ba-8b7b-40e1-8b89-0ac8f38cbb42:group-6FC1333E43B6:LeaderElection27] INFO  impl.RaftServerImpl (RaftServerImpl.java:setRole(171)) - 838608ba-8b7b-40e1-8b89-0ac8f38cbb42:group-6FC1333E43B6 changes role from CANDIDATE to LEADER at term 1 for changeToLeader
2019-09-05 03:25:48,002 [f8e72f0f-27ad-4da0-a4ac-f742e69d6053:group-6FC1333E43B6:LeaderElection28] INFO  impl.RoleInfo (RoleInfo.java:updateAndGet(143)) - f8e72f0f-27ad-4da0-a4ac-f742e69d6053: start FollowerState
2019-09-05 03:25:48,002 [838608ba-8b7b-40e1-8b89-0ac8f38cbb42:group-6FC1333E43B6:LeaderElection27] INFO  impl.RaftServerImpl (ServerState.java:setLeader(263)) - 838608ba-8b7b-40e1-8b89-0ac8f38cbb42:group-6FC1333E43B6 change Leader from null to 838608ba-8b7b-40e1-8b89-0ac8f38cbb42 at term 1 for becomeLeader, leader elected after 5206ms
2019-09-05 03:25:48,006 [838608ba-8b7b-40e1-8b89-0ac8f38cbb42:group-6FC1333E43B6:LeaderElection27] INFO  server.RaftServerConfigKeys (ConfUtils.java:logGet(43)) - raft.server.staging.catchup.gap = 1000 (default)
2019-09-05 03:25:48,006 [838608ba-8b7b-40e1-8b89-0ac8f38cbb42:group-6FC1333E43B6:LeaderElection27] INFO  server.RaftServerConfigKeys (ConfUtils.java:logGet(43)) - raft.server.rpc.sleep.time = 25ms (default)
2019-09-05 03:25:48,006 [838608ba-8b7b-40e1-8b89-0ac8f38cbb42:group-6FC1333E43B6:LeaderElection27] INFO  server.RaftServerConfigKeys (ConfUtils.java:logGet(43)) - raft.server.write.element-limit = 4096 (default)
2019-09-05 03:25:48,006 [838608ba-8b7b-40e1-8b89-0ac8f38cbb42:group-6FC1333E43B6:LeaderElection27] INFO  server.RaftServerConfigKeys (ConfUtils.java:logGet(43)) - raft.server.watch.timeout = 10s (default)
2019-09-05 03:25:48,007 [838608ba-8b7b-40e1-8b89-0ac8f38cbb42:group-6FC1333E43B6:LeaderElection27] INFO  server.RaftServerConfigKeys (ConfUtils.java:logGet(43)) - raft.server.watch.timeout.denomination = 1s (default)
2019-09-05 03:25:48,007 [838608ba-8b7b-40e1-8b89-0ac8f38cbb42:group-6FC1333E43B6:LeaderElection27] INFO  server.RaftServerConfigKeys (ConfUtils.java:logGet(43)) - raft.server.watch.element-limit = 65536 (default)
2019-09-05 03:25:48,007 [838608ba-8b7b-40e1-8b89-0ac8f38cbb42:group-6FC1333E43B6:LeaderElection27] INFO  server.RaftServerConfigKeys (ConfUtils.java:logGet(43)) - raft.server.log.appender.snapshot.chunk.size.max = 16MB (=16777216) (default)
2019-09-05 03:25:48,007 [838608ba-8b7b-40e1-8b89-0ac8f38cbb42:group-6FC1333E43B6:LeaderElection27] INFO  server.RaftServerConfigKeys (ConfUtils.java:logGet(43)) - raft.server.log.appender.buffer.byte-limit = 33554432 (custom)
2019-09-05 03:25:48,008 [838608ba-8b7b-40e1-8b89-0ac8f38cbb42:group-6FC1333E43B6:LeaderElection27] INFO  server.RaftServerConfigKeys (ConfUtils.java:logGet(43)) - raft.server.log.appender.buffer.element-limit = 1 (custom)
2019-09-05 03:25:48,008 [838608ba-8b7b-40e1-8b89-0ac8f38cbb42:group-6FC1333E43B6:LeaderElection27] INFO  grpc.GrpcConfigKeys$Server (ConfUtils.java:logGet(43)) - raft.grpc.server.leader.outstanding.appends.max = 128 (default)
2019-09-05 03:25:48,008 [838608ba-8b7b-40e1-8b89-0ac8f38cbb42:group-6FC1333E43B6:LeaderElection27] INFO  server.RaftServerConfigKeys (ConfUtils.java:logGet(43)) - raft.server.rpc.request.timeout = 3000ms (default)
2019-09-05 03:25:48,009 [838608ba-8b7b-40e1-8b89-0ac8f38cbb42:group-6FC1333E43B6:LeaderElection27] INFO  server.RaftServerConfigKeys (ConfUtils.java:logGet(43)) - raft.server.log.appender.install.snapshot.enabled = false (custom)
2019-09-05 03:25:48,009 [838608ba-8b7b-40e1-8b89-0ac8f38cbb42:group-6FC1333E43B6:LeaderElection27] INFO  server.RaftServerConfigKeys (ConfUtils.java:logGet(43)) - raft.server.log.appender.snapshot.chunk.size.max = 16MB (=16777216) (default)
2019-09-05 03:25:48,009 [838608ba-8b7b-40e1-8b89-0ac8f38cbb42:group-6FC1333E43B6:LeaderElection27] INFO  server.RaftServerConfigKeys (ConfUtils.java:logGet(43)) - raft.server.log.appender.buffer.byte-limit = 33554432 (custom)
2019-09-05 03:25:48,009 [838608ba-8b7b-40e1-8b89-0ac8f38cbb42:group-6FC1333E43B6:LeaderElection27] INFO  server.RaftServerConfigKeys (ConfUtils.java:logGet(43)) - raft.server.log.appender.buffer.element-limit = 1 (custom)
2019-09-05 03:25:48,010 [838608ba-8b7b-40e1-8b89-0ac8f38cbb42:group-6FC1333E43B6:LeaderElection27] INFO  grpc.GrpcConfigKeys$Server (ConfUtils.java:logGet(43)) - raft.grpc.server.leader.outstanding.appends.max = 128 (default)
2019-09-05 03:25:48,010 [838608ba-8b7b-40e1-8b89-0ac8f38cbb42:group-6FC1333E43B6:LeaderElection27] INFO  server.RaftServerConfigKeys (ConfUtils.java:logGet(43)) - raft.server.rpc.request.timeout = 3000ms (default)
2019-09-05 03:25:48,010 [838608ba-8b7b-40e1-8b89-0ac8f38cbb42:group-6FC1333E43B6:LeaderElection27] INFO  server.RaftServerConfigKeys (ConfUtils.java:logGet(43)) - raft.server.log.appender.install.snapshot.enabled = false (custom)
2019-09-05 03:25:48,010 [838608ba-8b7b-40e1-8b89-0ac8f38cbb42:group-6FC1333E43B6:LeaderElection27] INFO  impl.RoleInfo (RoleInfo.java:updateAndGet(143)) - 838608ba-8b7b-40e1-8b89-0ac8f38cbb42: start LeaderState
2019-09-05 03:25:48,011 [838608ba-8b7b-40e1-8b89-0ac8f38cbb42:group-6FC1333E43B6:LeaderElection27] INFO  segmented.SegmentedRaftLogWorker (SegmentedRaftLogWorker.java:startLogSegment(380)) - 838608ba-8b7b-40e1-8b89-0ac8f38cbb42-SegmentedRaftLogWorker:Storage Directory /workdir/hadoop-ozone/integration-test/target/test-dir/MiniOzoneClusterImpl-38a6644a-5bd9-4915-9755-6661b6b928f7/datanode-3/data/ratis/b9197241-d09d-4aa4-9843-6fc1333e43b6: Starting segment from index:0
2019-09-05 03:25:48,012 [838608ba-8b7b-40e1-8b89-0ac8f38cbb42:group-6FC1333E43B6:LeaderElection27] INFO  impl.RaftServerImpl (ServerState.java:setRaftConf(361)) - 838608ba-8b7b-40e1-8b89-0ac8f38cbb42:group-6FC1333E43B6 set configuration 0: [838608ba-8b7b-40e1-8b89-0ac8f38cbb42:192.168.34.53:41281, 09804a23-7f5e-4639-98b0-dd8aac3c1a3d:192.168.34.53:46077, f8e72f0f-27ad-4da0-a4ac-f742e69d6053:192.168.34.53:43454], old=null at 0
2019-09-05 03:25:48,055 [grpc-default-executor-3] INFO  impl.RaftServerImpl (ServerState.java:setLeader(263)) - 09804a23-7f5e-4639-98b0-dd8aac3c1a3d:group-6FC1333E43B6 change Leader from null to 838608ba-8b7b-40e1-8b89-0ac8f38cbb42 at term 1 for appendEntries, leader elected after 5259ms
2019-09-05 03:25:48,055 [grpc-default-executor-0] INFO  impl.RaftServerImpl (ServerState.java:setLeader(263)) - f8e72f0f-27ad-4da0-a4ac-f742e69d6053:group-6FC1333E43B6 change Leader from null to 838608ba-8b7b-40e1-8b89-0ac8f38cbb42 at term 1 for appendEntries, leader elected after 5259ms
2019-09-05 03:25:48,059 [grpc-default-executor-0] INFO  impl.RaftServerImpl (ServerState.java:setRaftConf(361)) - 09804a23-7f5e-4639-98b0-dd8aac3c1a3d:group-6FC1333E43B6 set configuration 0: [838608ba-8b7b-40e1-8b89-0ac8f38cbb42:192.168.34.53:41281, 09804a23-7f5e-4639-98b0-dd8aac3c1a3d:192.168.34.53:46077, f8e72f0f-27ad-4da0-a4ac-f742e69d6053:192.168.34.53:43454], old=null at 0
2019-09-05 03:25:48,059 [grpc-default-executor-3] INFO  impl.RaftServerImpl (ServerState.java:setRaftConf(361)) - f8e72f0f-27ad-4da0-a4ac-f742e69d6053:group-6FC1333E43B6 set configuration 0: [838608ba-8b7b-40e1-8b89-0ac8f38cbb42:192.168.34.53:41281, 09804a23-7f5e-4639-98b0-dd8aac3c1a3d:192.168.34.53:46077, f8e72f0f-27ad-4da0-a4ac-f742e69d6053:192.168.34.53:43454], old=null at 0
2019-09-05 03:25:48,059 [grpc-default-executor-0] INFO  segmented.SegmentedRaftLogWorker (SegmentedRaftLogWorker.java:startLogSegment(380)) - 09804a23-7f5e-4639-98b0-dd8aac3c1a3d-SegmentedRaftLogWorker:Storage Directory /workdir/hadoop-ozone/integration-test/target/test-dir/MiniOzoneClusterImpl-38a6644a-5bd9-4915-9755-6661b6b928f7/datanode-4/data/ratis/b9197241-d09d-4aa4-9843-6fc1333e43b6: Starting segment from index:0
2019-09-05 03:25:48,060 [grpc-default-executor-3] INFO  segmented.SegmentedRaftLogWorker (SegmentedRaftLogWorker.java:startLogSegment(380)) - f8e72f0f-27ad-4da0-a4ac-f742e69d6053-SegmentedRaftLogWorker:Storage Directory /workdir/hadoop-ozone/integration-test/target/test-dir/MiniOzoneClusterImpl-38a6644a-5bd9-4915-9755-6661b6b928f7/datanode-5/data/ratis/b9197241-d09d-4aa4-9843-6fc1333e43b6: Starting segment from index:0
2019-09-05 03:25:48,063 | INFO  | SCMAudit | user=jenkins1000 | ip=192.168.34.53 | op=SEND_HEARTBEAT {datanodeUUID=56431364-4f3b-4c40-806d-c9164d34aa1e, command=[]} | ret=SUCCESS |  
2019-09-05 03:25:48,126 [838608ba-8b7b-40e1-8b89-0ac8f38cbb42-SegmentedRaftLogWorker:Storage Directory /workdir/hadoop-ozone/integration-test/target/test-dir/MiniOzoneClusterImpl-38a6644a-5bd9-4915-9755-6661b6b928f7/datanode-3/data/ratis/b9197241-d09d-4aa4-9843-6fc1333e43b6] INFO  segmented.SegmentedRaftLogWorker (SegmentedRaftLogWorker.java:execute(569)) - 838608ba-8b7b-40e1-8b89-0ac8f38cbb42-SegmentedRaftLogWorker:Storage Directory /workdir/hadoop-ozone/integration-test/target/test-dir/MiniOzoneClusterImpl-38a6644a-5bd9-4915-9755-6661b6b928f7/datanode-3/data/ratis/b9197241-d09d-4aa4-9843-6fc1333e43b6: created new log segment /workdir/hadoop-ozone/integration-test/target/test-dir/MiniOzoneClusterImpl-38a6644a-5bd9-4915-9755-6661b6b928f7/datanode-3/data/ratis/b9197241-d09d-4aa4-9843-6fc1333e43b6/current/log_inprogress_0
2019-09-05 03:25:48,176 [f8e72f0f-27ad-4da0-a4ac-f742e69d6053-SegmentedRaftLogWorker:Storage Directory /workdir/hadoop-ozone/integration-test/target/test-dir/MiniOzoneClusterImpl-38a6644a-5bd9-4915-9755-6661b6b928f7/datanode-5/data/ratis/b9197241-d09d-4aa4-9843-6fc1333e43b6] INFO  segmented.SegmentedRaftLogWorker (SegmentedRaftLogWorker.java:execute(569)) - f8e72f0f-27ad-4da0-a4ac-f742e69d6053-SegmentedRaftLogWorker:Storage Directory /workdir/hadoop-ozone/integration-test/target/test-dir/MiniOzoneClusterImpl-38a6644a-5bd9-4915-9755-6661b6b928f7/datanode-5/data/ratis/b9197241-d09d-4aa4-9843-6fc1333e43b6: created new log segment /workdir/hadoop-ozone/integration-test/target/test-dir/MiniOzoneClusterImpl-38a6644a-5bd9-4915-9755-6661b6b928f7/datanode-5/data/ratis/b9197241-d09d-4aa4-9843-6fc1333e43b6/current/log_inprogress_0
2019-09-05 03:25:48,176 [09804a23-7f5e-4639-98b0-dd8aac3c1a3d-SegmentedRaftLogWorker:Storage Directory /workdir/hadoop-ozone/integration-test/target/test-dir/MiniOzoneClusterImpl-38a6644a-5bd9-4915-9755-6661b6b928f7/datanode-4/data/ratis/b9197241-d09d-4aa4-9843-6fc1333e43b6] INFO  segmented.SegmentedRaftLogWorker (SegmentedRaftLogWorker.java:execute(569)) - 09804a23-7f5e-4639-98b0-dd8aac3c1a3d-SegmentedRaftLogWorker:Storage Directory /workdir/hadoop-ozone/integration-test/target/test-dir/MiniOzoneClusterImpl-38a6644a-5bd9-4915-9755-6661b6b928f7/datanode-4/data/ratis/b9197241-d09d-4aa4-9843-6fc1333e43b6: created new log segment /workdir/hadoop-ozone/integration-test/target/test-dir/MiniOzoneClusterImpl-38a6644a-5bd9-4915-9755-6661b6b928f7/datanode-4/data/ratis/b9197241-d09d-4aa4-9843-6fc1333e43b6/current/log_inprogress_0
2019-09-05 03:25:48,270 | INFO  | SCMAudit | user=jenkins1000 | ip=192.168.34.53 | op=SEND_HEARTBEAT {datanodeUUID=09804a23-7f5e-4639-98b0-dd8aac3c1a3d, command=[]} | ret=SUCCESS |  
2019-09-05 03:25:48,279 | INFO  | SCMAudit | user=jenkins1000 | ip=192.168.34.53 | op=SEND_HEARTBEAT {datanodeUUID=3ae5d83c-115d-493e-a141-01bd711a0fb1, command=[]} | ret=SUCCESS |  
2019-09-05 03:25:48,478 | INFO  | SCMAudit | user=jenkins1000 | ip=192.168.34.53 | op=SEND_HEARTBEAT {datanodeUUID=514a2e68-35f0-4c50-97b9-a7f344dd70d0, command=[]} | ret=SUCCESS |  
2019-09-05 03:25:48,516 | INFO  | SCMAudit | user=jenkins1000 | ip=192.168.34.53 | op=SEND_HEARTBEAT {datanodeUUID=f8e72f0f-27ad-4da0-a4ac-f742e69d6053, command=[]} | ret=SUCCESS |  
2019-09-05 03:25:48,718 | INFO  | SCMAudit | user=jenkins1000 | ip=192.168.34.53 | op=SEND_HEARTBEAT {datanodeUUID=d5831d47-7264-4585-8f97-4cba7bdc2965, command=[]} | ret=SUCCESS |  
2019-09-05 03:25:48,790 | INFO  | SCMAudit | user=jenkins1000 | ip=192.168.34.53 | op=SEND_HEARTBEAT {datanodeUUID=838608ba-8b7b-40e1-8b89-0ac8f38cbb42, command=[]} | ret=SUCCESS |  
2019-09-05 03:25:49,064 | INFO  | SCMAudit | user=jenkins1000 | ip=192.168.34.53 | op=SEND_HEARTBEAT {datanodeUUID=56431364-4f3b-4c40-806d-c9164d34aa1e, command=[]} | ret=SUCCESS |  
2019-09-05 03:25:49,269 | INFO  | SCMAudit | user=jenkins1000 | ip=192.168.34.53 | op=SEND_HEARTBEAT {datanodeUUID=09804a23-7f5e-4639-98b0-dd8aac3c1a3d, command=[]} | ret=SUCCESS |  
2019-09-05 03:25:49,280 | INFO  | SCMAudit | user=jenkins1000 | ip=192.168.34.53 | op=SEND_HEARTBEAT {datanodeUUID=3ae5d83c-115d-493e-a141-01bd711a0fb1, command=[]} | ret=SUCCESS |  
2019-09-05 03:25:49,478 | INFO  | SCMAudit | user=jenkins1000 | ip=192.168.34.53 | op=SEND_HEARTBEAT {datanodeUUID=514a2e68-35f0-4c50-97b9-a7f344dd70d0, command=[]} | ret=SUCCESS |  
2019-09-05 03:25:49,506 | INFO  | DNAudit | user=null | ip=null | op=CREATE_CONTAINER {containerID=1, containerType=KeyValueContainer} | ret=SUCCESS |  
2019-09-05 03:25:49,515 | INFO  | SCMAudit | user=jenkins1000 | ip=192.168.34.53 | op=SEND_HEARTBEAT {datanodeUUID=838608ba-8b7b-40e1-8b89-0ac8f38cbb42, command=[]} | ret=SUCCESS |  
2019-09-05 03:25:49,517 | INFO  | SCMAudit | user=jenkins1000 | ip=192.168.34.53 | op=SEND_HEARTBEAT {datanodeUUID=f8e72f0f-27ad-4da0-a4ac-f742e69d6053, command=[]} | ret=SUCCESS |  
2019-09-05 03:25:49,518 [grpc-default-executor-3] INFO  client.GrpcClientProtocolClient (GrpcClientProtocolClient.java:onNext(255)) - client-D63F27167560->838608ba-8b7b-40e1-8b89-0ac8f38cbb42: receive RaftClientReply:client-D63F27167560->838608ba-8b7b-40e1-8b89-0ac8f38cbb42@group-6FC1333E43B6, cid=41, SUCCESS, logIndex=1, commits[838608ba-8b7b-40e1-8b89-0ac8f38cbb42:c2, 09804a23-7f5e-4639-98b0-dd8aac3c1a3d:c1, f8e72f0f-27ad-4da0-a4ac-f742e69d6053:c1]
2019-09-05 03:25:49,580 | INFO  | DNAudit | user=null | ip=null | op=CREATE_CONTAINER {containerID=1, containerType=KeyValueContainer} | ret=SUCCESS |  
2019-09-05 03:25:49,580 | INFO  | DNAudit | user=null | ip=null | op=CREATE_CONTAINER {containerID=1, containerType=KeyValueContainer} | ret=SUCCESS |  
2019-09-05 03:25:49,582 | INFO  | SCMAudit | user=jenkins1000 | ip=192.168.34.53 | op=SEND_HEARTBEAT {datanodeUUID=f8e72f0f-27ad-4da0-a4ac-f742e69d6053, command=[]} | ret=SUCCESS |  
2019-09-05 03:25:49,582 | INFO  | SCMAudit | user=jenkins1000 | ip=192.168.34.53 | op=SEND_HEARTBEAT {datanodeUUID=09804a23-7f5e-4639-98b0-dd8aac3c1a3d, command=[]} | ret=SUCCESS |  
2019-09-05 03:25:49,718 | INFO  | SCMAudit | user=jenkins1000 | ip=192.168.34.53 | op=SEND_HEARTBEAT {datanodeUUID=d5831d47-7264-4585-8f97-4cba7bdc2965, command=[]} | ret=SUCCESS |  
2019-09-05 03:25:50,063 | INFO  | SCMAudit | user=jenkins1000 | ip=192.168.34.53 | op=SEND_HEARTBEAT {datanodeUUID=56431364-4f3b-4c40-806d-c9164d34aa1e, command=[]} | ret=SUCCESS |  
2019-09-05 03:25:50,098 | INFO  | DNAudit | user=null | ip=null | op=CREATE_CONTAINER {containerID=2, containerType=KeyValueContainer} | ret=SUCCESS |  
2019-09-05 03:25:50,107 | INFO  | SCMAudit | user=jenkins1000 | ip=192.168.34.53 | op=SEND_HEARTBEAT {datanodeUUID=838608ba-8b7b-40e1-8b89-0ac8f38cbb42, command=[]} | ret=SUCCESS |  
2019-09-05 03:25:50,107 [grpc-default-executor-3] INFO  client.GrpcClientProtocolClient (GrpcClientProtocolClient.java:onNext(255)) - client-D63F27167560->838608ba-8b7b-40e1-8b89-0ac8f38cbb42: receive RaftClientReply:client-D63F27167560->838608ba-8b7b-40e1-8b89-0ac8f38cbb42@group-6FC1333E43B6, cid=42, SUCCESS, logIndex=3, commits[838608ba-8b7b-40e1-8b89-0ac8f38cbb42:c4, 09804a23-7f5e-4639-98b0-dd8aac3c1a3d:c3, f8e72f0f-27ad-4da0-a4ac-f742e69d6053:c3]
2019-09-05 03:25:50,153 | INFO  | DNAudit | user=null | ip=null | op=CREATE_CONTAINER {containerID=2, containerType=KeyValueContainer} | ret=SUCCESS |  
2019-09-05 03:25:50,153 | INFO  | DNAudit | user=null | ip=null | op=CREATE_CONTAINER {containerID=2, containerType=KeyValueContainer} | ret=SUCCESS |  
2019-09-05 03:25:50,159 | INFO  | SCMAudit | user=jenkins1000 | ip=192.168.34.53 | op=SEND_HEARTBEAT {datanodeUUID=f8e72f0f-27ad-4da0-a4ac-f742e69d6053, command=[]} | ret=SUCCESS |  
2019-09-05 03:25:50,159 | INFO  | SCMAudit | user=jenkins1000 | ip=192.168.34.53 | op=SEND_HEARTBEAT {datanodeUUID=09804a23-7f5e-4639-98b0-dd8aac3c1a3d, command=[]} | ret=SUCCESS |  
2019-09-05 03:25:50,280 | INFO  | SCMAudit | user=jenkins1000 | ip=192.168.34.53 | op=SEND_HEARTBEAT {datanodeUUID=3ae5d83c-115d-493e-a141-01bd711a0fb1, command=[]} | ret=SUCCESS |  
2019-09-05 03:25:50,317 | INFO  | DNAudit | user=null | ip=null | op=CREATE_CONTAINER {containerID=3, containerType=KeyValueContainer} | ret=SUCCESS |  
2019-09-05 03:25:50,318 | INFO  | SCMAudit | user=jenkins1000 | ip=192.168.34.53 | op=SEND_HEARTBEAT {datanodeUUID=09804a23-7f5e-4639-98b0-dd8aac3c1a3d, command=[]} | ret=SUCCESS |  
2019-09-05 03:25:50,346 | INFO  | DNAudit | user=null | ip=null | op=CREATE_CONTAINER {containerID=3, containerType=KeyValueContainer} | ret=SUCCESS |  
2019-09-05 03:25:50,346 | INFO  | DNAudit | user=null | ip=null | op=CREATE_CONTAINER {containerID=3, containerType=KeyValueContainer} | ret=SUCCESS |  
2019-09-05 03:25:50,348 | INFO  | SCMAudit | user=jenkins1000 | ip=192.168.34.53 | op=SEND_HEARTBEAT {datanodeUUID=838608ba-8b7b-40e1-8b89-0ac8f38cbb42, command=[]} | ret=SUCCESS |  
2019-09-05 03:25:50,348 | INFO  | SCMAudit | user=jenkins1000 | ip=192.168.34.53 | op=SEND_HEARTBEAT {datanodeUUID=f8e72f0f-27ad-4da0-a4ac-f742e69d6053, command=[]} | ret=SUCCESS |  
2019-09-05 03:25:50,349 [grpc-default-executor-3] INFO  client.GrpcClientProtocolClient (GrpcClientProtocolClient.java:onNext(255)) - client-D63F27167560->838608ba-8b7b-40e1-8b89-0ac8f38cbb42: receive RaftClientReply:client-D63F27167560->838608ba-8b7b-40e1-8b89-0ac8f38cbb42@group-6FC1333E43B6, cid=43, SUCCESS, logIndex=5, commits[838608ba-8b7b-40e1-8b89-0ac8f38cbb42:c6, 09804a23-7f5e-4639-98b0-dd8aac3c1a3d:c5, f8e72f0f-27ad-4da0-a4ac-f742e69d6053:c5]
2019-09-05 03:25:50,478 | INFO  | SCMAudit | user=jenkins1000 | ip=192.168.34.53 | op=SEND_HEARTBEAT {datanodeUUID=514a2e68-35f0-4c50-97b9-a7f344dd70d0, command=[]} | ret=SUCCESS |  
2019-09-05 03:25:50,718 | INFO  | SCMAudit | user=jenkins1000 | ip=192.168.34.53 | op=SEND_HEARTBEAT {datanodeUUID=d5831d47-7264-4585-8f97-4cba7bdc2965, command=[]} | ret=SUCCESS |  
2019-09-05 03:25:51,063 | INFO  | SCMAudit | user=jenkins1000 | ip=192.168.34.53 | op=SEND_HEARTBEAT {datanodeUUID=56431364-4f3b-4c40-806d-c9164d34aa1e, command=[]} | ret=SUCCESS |  
2019-09-05 03:25:51,280 | INFO  | SCMAudit | user=jenkins1000 | ip=192.168.34.53 | op=SEND_HEARTBEAT {datanodeUUID=3ae5d83c-115d-493e-a141-01bd711a0fb1, command=[]} | ret=SUCCESS |  
2019-09-05 03:25:51,318 | INFO  | SCMAudit | user=jenkins1000 | ip=192.168.34.53 | op=SEND_HEARTBEAT {datanodeUUID=09804a23-7f5e-4639-98b0-dd8aac3c1a3d, command=[]} | ret=SUCCESS |  
2019-09-05 03:25:51,348 | INFO  | SCMAudit | user=jenkins1000 | ip=192.168.34.53 | op=SEND_HEARTBEAT {datanodeUUID=f8e72f0f-27ad-4da0-a4ac-f742e69d6053, command=[]} | ret=SUCCESS |  
2019-09-05 03:25:51,348 | INFO  | SCMAudit | user=jenkins1000 | ip=192.168.34.53 | op=SEND_HEARTBEAT {datanodeUUID=838608ba-8b7b-40e1-8b89-0ac8f38cbb42, command=[]} | ret=SUCCESS |  
2019-09-05 03:25:51,478 | INFO  | SCMAudit | user=jenkins1000 | ip=192.168.34.53 | op=SEND_HEARTBEAT {datanodeUUID=514a2e68-35f0-4c50-97b9-a7f344dd70d0, command=[]} | ret=SUCCESS |  
2019-09-05 03:25:51,719 | INFO  | SCMAudit | user=jenkins1000 | ip=192.168.34.53 | op=SEND_HEARTBEAT {datanodeUUID=d5831d47-7264-4585-8f97-4cba7bdc2965, command=[]} | ret=SUCCESS |  
2019-09-05 03:25:52,063 | INFO  | SCMAudit | user=jenkins1000 | ip=192.168.34.53 | op=SEND_HEARTBEAT {datanodeUUID=56431364-4f3b-4c40-806d-c9164d34aa1e, command=[]} | ret=SUCCESS |  
2019-09-05 03:25:52,280 | INFO  | SCMAudit | user=jenkins1000 | ip=192.168.34.53 | op=SEND_HEARTBEAT {datanodeUUID=3ae5d83c-115d-493e-a141-01bd711a0fb1, command=[]} | ret=SUCCESS |  
2019-09-05 03:25:52,318 | INFO  | SCMAudit | user=jenkins1000 | ip=192.168.34.53 | op=SEND_HEARTBEAT {datanodeUUID=09804a23-7f5e-4639-98b0-dd8aac3c1a3d, command=[]} | ret=SUCCESS |  
2019-09-05 03:25:52,347 | INFO  | SCMAudit | user=jenkins1000 | ip=192.168.34.53 | op=SEND_HEARTBEAT {datanodeUUID=f8e72f0f-27ad-4da0-a4ac-f742e69d6053, command=[]} | ret=SUCCESS |  
2019-09-05 03:25:52,348 | INFO  | SCMAudit | user=jenkins1000 | ip=192.168.34.53 | op=SEND_HEARTBEAT {datanodeUUID=838608ba-8b7b-40e1-8b89-0ac8f38cbb42, command=[]} | ret=SUCCESS |  
2019-09-05 03:25:52,478 | INFO  | SCMAudit | user=jenkins1000 | ip=192.168.34.53 | op=SEND_HEARTBEAT {datanodeUUID=514a2e68-35f0-4c50-97b9-a7f344dd70d0, command=[]} | ret=SUCCESS |  
2019-09-05 03:25:52,719 | INFO  | SCMAudit | user=jenkins1000 | ip=192.168.34.53 | op=SEND_HEARTBEAT {datanodeUUID=d5831d47-7264-4585-8f97-4cba7bdc2965, command=[]} | ret=SUCCESS |  
2019-09-05 03:25:53,063 | INFO  | SCMAudit | user=jenkins1000 | ip=192.168.34.53 | op=SEND_HEARTBEAT {datanodeUUID=56431364-4f3b-4c40-806d-c9164d34aa1e, command=[]} | ret=SUCCESS |  
2019-09-05 03:25:53,280 | INFO  | SCMAudit | user=jenkins1000 | ip=192.168.34.53 | op=SEND_HEARTBEAT {datanodeUUID=3ae5d83c-115d-493e-a141-01bd711a0fb1, command=[]} | ret=SUCCESS |  
2019-09-05 03:25:53,318 | INFO  | SCMAudit | user=jenkins1000 | ip=192.168.34.53 | op=SEND_HEARTBEAT {datanodeUUID=09804a23-7f5e-4639-98b0-dd8aac3c1a3d, command=[]} | ret=SUCCESS |  
2019-09-05 03:25:53,348 | INFO  | SCMAudit | user=jenkins1000 | ip=192.168.34.53 | op=SEND_HEARTBEAT {datanodeUUID=838608ba-8b7b-40e1-8b89-0ac8f38cbb42, command=[]} | ret=SUCCESS |  
2019-09-05 03:25:53,348 | INFO  | SCMAudit | user=jenkins1000 | ip=192.168.34.53 | op=SEND_HEARTBEAT {datanodeUUID=f8e72f0f-27ad-4da0-a4ac-f742e69d6053, command=[]} | ret=SUCCESS |  
2019-09-05 03:25:53,478 | INFO  | SCMAudit | user=jenkins1000 | ip=192.168.34.53 | op=SEND_HEARTBEAT {datanodeUUID=514a2e68-35f0-4c50-97b9-a7f344dd70d0, command=[]} | ret=SUCCESS |  
2019-09-05 03:25:53,719 | INFO  | SCMAudit | user=jenkins1000 | ip=192.168.34.53 | op=SEND_HEARTBEAT {datanodeUUID=d5831d47-7264-4585-8f97-4cba7bdc2965, command=[]} | ret=SUCCESS |  
2019-09-05 03:25:54,063 | INFO  | SCMAudit | user=jenkins1000 | ip=192.168.34.53 | op=SEND_HEARTBEAT {datanodeUUID=56431364-4f3b-4c40-806d-c9164d34aa1e, command=[]} | ret=SUCCESS |  
2019-09-05 03:25:54,281 | INFO  | SCMAudit | user=jenkins1000 | ip=192.168.34.53 | op=SEND_HEARTBEAT {datanodeUUID=3ae5d83c-115d-493e-a141-01bd711a0fb1, command=[]} | ret=SUCCESS |  
2019-09-05 03:25:54,318 | INFO  | SCMAudit | user=jenkins1000 | ip=192.168.34.53 | op=SEND_HEARTBEAT {datanodeUUID=09804a23-7f5e-4639-98b0-dd8aac3c1a3d, command=[]} | ret=SUCCESS |  
2019-09-05 03:25:54,348 | INFO  | SCMAudit | user=jenkins1000 | ip=192.168.34.53 | op=SEND_HEARTBEAT {datanodeUUID=f8e72f0f-27ad-4da0-a4ac-f742e69d6053, command=[]} | ret=SUCCESS |  
2019-09-05 03:25:54,349 | INFO  | SCMAudit | user=jenkins1000 | ip=192.168.34.53 | op=SEND_HEARTBEAT {datanodeUUID=838608ba-8b7b-40e1-8b89-0ac8f38cbb42, command=[]} | ret=SUCCESS |  
2019-09-05 03:25:54,478 | INFO  | SCMAudit | user=jenkins1000 | ip=192.168.34.53 | op=SEND_HEARTBEAT {datanodeUUID=514a2e68-35f0-4c50-97b9-a7f344dd70d0, command=[]} | ret=SUCCESS |  
2019-09-05 03:25:54,719 | INFO  | SCMAudit | user=jenkins1000 | ip=192.168.34.53 | op=SEND_HEARTBEAT {datanodeUUID=d5831d47-7264-4585-8f97-4cba7bdc2965, command=[]} | ret=SUCCESS |  
2019-09-05 03:25:55,063 | INFO  | SCMAudit | user=jenkins1000 | ip=192.168.34.53 | op=SEND_HEARTBEAT {datanodeUUID=56431364-4f3b-4c40-806d-c9164d34aa1e, command=[]} | ret=SUCCESS |  
2019-09-05 03:25:55,280 | INFO  | SCMAudit | user=jenkins1000 | ip=192.168.34.53 | op=SEND_HEARTBEAT {datanodeUUID=3ae5d83c-115d-493e-a141-01bd711a0fb1, command=[]} | ret=SUCCESS |  
2019-09-05 03:25:55,317 | INFO  | SCMAudit | user=jenkins1000 | ip=192.168.34.53 | op=SEND_HEARTBEAT {datanodeUUID=09804a23-7f5e-4639-98b0-dd8aac3c1a3d, command=[]} | ret=SUCCESS |  
2019-09-05 03:25:55,348 | INFO  | SCMAudit | user=jenkins1000 | ip=192.168.34.53 | op=SEND_HEARTBEAT {datanodeUUID=f8e72f0f-27ad-4da0-a4ac-f742e69d6053, command=[]} | ret=SUCCESS |  
2019-09-05 03:25:55,348 | INFO  | SCMAudit | user=jenkins1000 | ip=192.168.34.53 | op=SEND_HEARTBEAT {datanodeUUID=838608ba-8b7b-40e1-8b89-0ac8f38cbb42, command=[]} | ret=SUCCESS |  
2019-09-05 03:25:55,402 [grpc-default-executor-0] INFO  client.GrpcClientProtocolClient (GrpcClientProtocolClient.java:onNext(255)) - client-D63F27167560->f8e72f0f-27ad-4da0-a4ac-f742e69d6053: receive RaftClientReply:client-D63F27167560->f8e72f0f-27ad-4da0-a4ac-f742e69d6053@group-6FC1333E43B6, cid=44, FAILED org.apache.ratis.protocol.NotLeaderException: Server f8e72f0f-27ad-4da0-a4ac-f742e69d6053 is not the leader (838608ba-8b7b-40e1-8b89-0ac8f38cbb42:192.168.34.53:41281). Request must be sent to leader., logIndex=0, commits[f8e72f0f-27ad-4da0-a4ac-f742e69d6053:c8, 838608ba-8b7b-40e1-8b89-0ac8f38cbb42:c8, 09804a23-7f5e-4639-98b0-dd8aac3c1a3d:c8]
2019-09-05 03:25:55,478 | INFO  | SCMAudit | user=jenkins1000 | ip=192.168.34.53 | op=SEND_HEARTBEAT {datanodeUUID=514a2e68-35f0-4c50-97b9-a7f344dd70d0, command=[]} | ret=SUCCESS |  
2019-09-05 03:25:55,719 | INFO  | SCMAudit | user=jenkins1000 | ip=192.168.34.53 | op=SEND_HEARTBEAT {datanodeUUID=d5831d47-7264-4585-8f97-4cba7bdc2965, command=[]} | ret=SUCCESS |  
2019-09-05 03:25:56,063 | INFO  | SCMAudit | user=jenkins1000 | ip=192.168.34.53 | op=SEND_HEARTBEAT {datanodeUUID=56431364-4f3b-4c40-806d-c9164d34aa1e, command=[]} | ret=SUCCESS |  
2019-09-05 03:25:56,280 | INFO  | SCMAudit | user=jenkins1000 | ip=192.168.34.53 | op=SEND_HEARTBEAT {datanodeUUID=3ae5d83c-115d-493e-a141-01bd711a0fb1, command=[]} | ret=SUCCESS |  
2019-09-05 03:25:56,318 | INFO  | SCMAudit | user=jenkins1000 | ip=192.168.34.53 | op=SEND_HEARTBEAT {datanodeUUID=09804a23-7f5e-4639-98b0-dd8aac3c1a3d, command=[]} | ret=SUCCESS |  
2019-09-05 03:25:56,347 | INFO  | SCMAudit | user=jenkins1000 | ip=192.168.34.53 | op=SEND_HEARTBEAT {datanodeUUID=f8e72f0f-27ad-4da0-a4ac-f742e69d6053, command=[]} | ret=SUCCESS |  
2019-09-05 03:25:56,349 | INFO  | SCMAudit | user=jenkins1000 | ip=192.168.34.53 | op=SEND_HEARTBEAT {datanodeUUID=838608ba-8b7b-40e1-8b89-0ac8f38cbb42, command=[]} | ret=SUCCESS |  
2019-09-05 03:25:56,478 | INFO  | SCMAudit | user=jenkins1000 | ip=192.168.34.53 | op=SEND_HEARTBEAT {datanodeUUID=514a2e68-35f0-4c50-97b9-a7f344dd70d0, command=[]} | ret=SUCCESS |  
2019-09-05 03:25:56,719 | INFO  | SCMAudit | user=jenkins1000 | ip=192.168.34.53 | op=SEND_HEARTBEAT {datanodeUUID=d5831d47-7264-4585-8f97-4cba7bdc2965, command=[]} | ret=SUCCESS |  
2019-09-05 03:25:57,064 | INFO  | SCMAudit | user=jenkins1000 | ip=192.168.34.53 | op=SEND_HEARTBEAT {datanodeUUID=56431364-4f3b-4c40-806d-c9164d34aa1e, command=[]} | ret=SUCCESS |  
2019-09-05 03:25:57,280 | INFO  | SCMAudit | user=jenkins1000 | ip=192.168.34.53 | op=SEND_HEARTBEAT {datanodeUUID=3ae5d83c-115d-493e-a141-01bd711a0fb1, command=[]} | ret=SUCCESS |  
2019-09-05 03:25:57,317 | INFO  | SCMAudit | user=jenkins1000 | ip=192.168.34.53 | op=SEND_HEARTBEAT {datanodeUUID=09804a23-7f5e-4639-98b0-dd8aac3c1a3d, command=[]} | ret=SUCCESS |  
2019-09-05 03:25:57,348 | INFO  | SCMAudit | user=jenkins1000 | ip=192.168.34.53 | op=SEND_HEARTBEAT {datanodeUUID=f8e72f0f-27ad-4da0-a4ac-f742e69d6053, command=[]} | ret=SUCCESS |  
2019-09-05 03:25:57,349 | INFO  | SCMAudit | user=jenkins1000 | ip=192.168.34.53 | op=SEND_HEARTBEAT {datanodeUUID=838608ba-8b7b-40e1-8b89-0ac8f38cbb42, command=[]} | ret=SUCCESS |  
2019-09-05 03:25:57,478 | INFO  | SCMAudit | user=jenkins1000 | ip=192.168.34.53 | op=SEND_HEARTBEAT {datanodeUUID=514a2e68-35f0-4c50-97b9-a7f344dd70d0, command=[]} | ret=SUCCESS |  
2019-09-05 03:25:57,718 | INFO  | SCMAudit | user=jenkins1000 | ip=192.168.34.53 | op=SEND_HEARTBEAT {datanodeUUID=d5831d47-7264-4585-8f97-4cba7bdc2965, command=[]} | ret=SUCCESS |  
2019-09-05 03:25:58,062 | INFO  | SCMAudit | user=jenkins1000 | ip=192.168.34.53 | op=SEND_HEARTBEAT {datanodeUUID=56431364-4f3b-4c40-806d-c9164d34aa1e, command=[]} | ret=SUCCESS |  
2019-09-05 03:25:58,280 | INFO  | SCMAudit | user=jenkins1000 | ip=192.168.34.53 | op=SEND_HEARTBEAT {datanodeUUID=3ae5d83c-115d-493e-a141-01bd711a0fb1, command=[]} | ret=SUCCESS |  
2019-09-05 03:25:58,318 | INFO  | SCMAudit | user=jenkins1000 | ip=192.168.34.53 | op=SEND_HEARTBEAT {datanodeUUID=09804a23-7f5e-4639-98b0-dd8aac3c1a3d, command=[]} | ret=SUCCESS |  
2019-09-05 03:25:58,348 | INFO  | SCMAudit | user=jenkins1000 | ip=192.168.34.53 | op=SEND_HEARTBEAT {datanodeUUID=f8e72f0f-27ad-4da0-a4ac-f742e69d6053, command=[]} | ret=SUCCESS |  
2019-09-05 03:25:58,348 | INFO  | SCMAudit | user=jenkins1000 | ip=192.168.34.53 | op=SEND_HEARTBEAT {datanodeUUID=838608ba-8b7b-40e1-8b89-0ac8f38cbb42, command=[]} | ret=SUCCESS |  
2019-09-05 03:25:58,477 | INFO  | SCMAudit | user=jenkins1000 | ip=192.168.34.53 | op=SEND_HEARTBEAT {datanodeUUID=514a2e68-35f0-4c50-97b9-a7f344dd70d0, command=[]} | ret=SUCCESS |  
2019-09-05 03:25:58,718 | INFO  | SCMAudit | user=jenkins1000 | ip=192.168.34.53 | op=SEND_HEARTBEAT {datanodeUUID=d5831d47-7264-4585-8f97-4cba7bdc2965, command=[]} | ret=SUCCESS |  
2019-09-05 03:25:59,062 | INFO  | SCMAudit | user=jenkins1000 | ip=192.168.34.53 | op=SEND_HEARTBEAT {datanodeUUID=56431364-4f3b-4c40-806d-c9164d34aa1e, command=[]} | ret=SUCCESS |  
2019-09-05 03:25:59,280 | INFO  | SCMAudit | user=jenkins1000 | ip=192.168.34.53 | op=SEND_HEARTBEAT {datanodeUUID=3ae5d83c-115d-493e-a141-01bd711a0fb1, command=[]} | ret=SUCCESS |  
2019-09-05 03:25:59,317 | INFO  | SCMAudit | user=jenkins1000 | ip=192.168.34.53 | op=SEND_HEARTBEAT {datanodeUUID=09804a23-7f5e-4639-98b0-dd8aac3c1a3d, command=[]} | ret=SUCCESS |  
2019-09-05 03:25:59,347 | INFO  | SCMAudit | user=jenkins1000 | ip=192.168.34.53 | op=SEND_HEARTBEAT {datanodeUUID=f8e72f0f-27ad-4da0-a4ac-f742e69d6053, command=[]} | ret=SUCCESS |  
2019-09-05 03:25:59,348 | INFO  | SCMAudit | user=jenkins1000 | ip=192.168.34.53 | op=SEND_HEARTBEAT {datanodeUUID=838608ba-8b7b-40e1-8b89-0ac8f38cbb42, command=[]} | ret=SUCCESS |  
2019-09-05 03:25:59,478 | INFO  | SCMAudit | user=jenkins1000 | ip=192.168.34.53 | op=SEND_HEARTBEAT {datanodeUUID=514a2e68-35f0-4c50-97b9-a7f344dd70d0, command=[]} | ret=SUCCESS |  
2019-09-05 03:25:59,719 | INFO  | SCMAudit | user=jenkins1000 | ip=192.168.34.53 | op=SEND_HEARTBEAT {datanodeUUID=d5831d47-7264-4585-8f97-4cba7bdc2965, command=[]} | ret=SUCCESS |  
2019-09-05 03:26:00,063 | INFO  | SCMAudit | user=jenkins1000 | ip=192.168.34.53 | op=SEND_HEARTBEAT {datanodeUUID=56431364-4f3b-4c40-806d-c9164d34aa1e, command=[]} | ret=SUCCESS |  
2019-09-05 03:26:00,281 | INFO  | SCMAudit | user=jenkins1000 | ip=192.168.34.53 | op=SEND_HEARTBEAT {datanodeUUID=3ae5d83c-115d-493e-a141-01bd711a0fb1, command=[]} | ret=SUCCESS |  
2019-09-05 03:26:00,318 | INFO  | SCMAudit | user=jenkins1000 | ip=192.168.34.53 | op=SEND_HEARTBEAT {datanodeUUID=09804a23-7f5e-4639-98b0-dd8aac3c1a3d, command=[]} | ret=SUCCESS |  
2019-09-05 03:26:00,348 | INFO  | SCMAudit | user=jenkins1000 | ip=192.168.34.53 | op=SEND_HEARTBEAT {datanodeUUID=f8e72f0f-27ad-4da0-a4ac-f742e69d6053, command=[]} | ret=SUCCESS |  
2019-09-05 03:26:00,348 | INFO  | SCMAudit | user=jenkins1000 | ip=192.168.34.53 | op=SEND_HEARTBEAT {datanodeUUID=838608ba-8b7b-40e1-8b89-0ac8f38cbb42, command=[]} | ret=SUCCESS |  
2019-09-05 03:26:00,443 [grpc-default-executor-3] INFO  client.GrpcClientProtocolClient (GrpcClientProtocolClient.java:onNext(255)) - client-D63F27167560->09804a23-7f5e-4639-98b0-dd8aac3c1a3d: receive RaftClientReply:client-D63F27167560->09804a23-7f5e-4639-98b0-dd8aac3c1a3d@group-6FC1333E43B6, cid=44, FAILED org.apache.ratis.protocol.NotLeaderException: Server 09804a23-7f5e-4639-98b0-dd8aac3c1a3d is not the leader (838608ba-8b7b-40e1-8b89-0ac8f38cbb42:192.168.34.53:41281). Request must be sent to leader., logIndex=0, commits[09804a23-7f5e-4639-98b0-dd8aac3c1a3d:c8, 838608ba-8b7b-40e1-8b89-0ac8f38cbb42:c8, f8e72f0f-27ad-4da0-a4ac-f742e69d6053:c8]
2019-09-05 03:26:00,478 | INFO  | SCMAudit | user=jenkins1000 | ip=192.168.34.53 | op=SEND_HEARTBEAT {datanodeUUID=514a2e68-35f0-4c50-97b9-a7f344dd70d0, command=[]} | ret=SUCCESS |  
2019-09-05 03:26:00,719 | INFO  | SCMAudit | user=jenkins1000 | ip=192.168.34.53 | op=SEND_HEARTBEAT {datanodeUUID=d5831d47-7264-4585-8f97-4cba7bdc2965, command=[]} | ret=SUCCESS |  
2019-09-05 03:26:01,063 | INFO  | SCMAudit | user=jenkins1000 | ip=192.168.34.53 | op=SEND_HEARTBEAT {datanodeUUID=56431364-4f3b-4c40-806d-c9164d34aa1e, command=[]} | ret=SUCCESS |  
2019-09-05 03:26:01,281 | INFO  | SCMAudit | user=jenkins1000 | ip=192.168.34.53 | op=SEND_HEARTBEAT {datanodeUUID=3ae5d83c-115d-493e-a141-01bd711a0fb1, command=[]} | ret=SUCCESS |  
2019-09-05 03:26:01,318 | INFO  | SCMAudit | user=jenkins1000 | ip=192.168.34.53 | op=SEND_HEARTBEAT {datanodeUUID=09804a23-7f5e-4639-98b0-dd8aac3c1a3d, command=[]} | ret=SUCCESS |  
2019-09-05 03:26:01,348 | INFO  | SCMAudit | user=jenkins1000 | ip=192.168.34.53 | op=SEND_HEARTBEAT {datanodeUUID=f8e72f0f-27ad-4da0-a4ac-f742e69d6053, command=[]} | ret=SUCCESS |  
2019-09-05 03:26:01,349 | INFO  | SCMAudit | user=jenkins1000 | ip=192.168.34.53 | op=SEND_HEARTBEAT {datanodeUUID=838608ba-8b7b-40e1-8b89-0ac8f38cbb42, command=[]} | ret=SUCCESS |  
2019-09-05 03:26:01,479 | INFO  | SCMAudit | user=jenkins1000 | ip=192.168.34.53 | op=SEND_HEARTBEAT {datanodeUUID=514a2e68-35f0-4c50-97b9-a7f344dd70d0, command=[]} | ret=SUCCESS |  
2019-09-05 03:26:01,719 | INFO  | SCMAudit | user=jenkins1000 | ip=192.168.34.53 | op=SEND_HEARTBEAT {datanodeUUID=d5831d47-7264-4585-8f97-4cba7bdc2965, command=[]} | ret=SUCCESS |  
2019-09-05 03:26:02,063 | INFO  | SCMAudit | user=jenkins1000 | ip=192.168.34.53 | op=SEND_HEARTBEAT {datanodeUUID=56431364-4f3b-4c40-806d-c9164d34aa1e, command=[]} | ret=SUCCESS |  
2019-09-05 03:26:02,281 | INFO  | SCMAudit | user=jenkins1000 | ip=192.168.34.53 | op=SEND_HEARTBEAT {datanodeUUID=3ae5d83c-115d-493e-a141-01bd711a0fb1, command=[]} | ret=SUCCESS |  
2019-09-05 03:26:02,318 | INFO  | SCMAudit | user=jenkins1000 | ip=192.168.34.53 | op=SEND_HEARTBEAT {datanodeUUID=09804a23-7f5e-4639-98b0-dd8aac3c1a3d, command=[]} | ret=SUCCESS |  
2019-09-05 03:26:02,348 | INFO  | SCMAudit | user=jenkins1000 | ip=192.168.34.53 | op=SEND_HEARTBEAT {datanodeUUID=f8e72f0f-27ad-4da0-a4ac-f742e69d6053, command=[]} | ret=SUCCESS |  
2019-09-05 03:26:02,349 | INFO  | SCMAudit | user=jenkins1000 | ip=192.168.34.53 | op=SEND_HEARTBEAT {datanodeUUID=838608ba-8b7b-40e1-8b89-0ac8f38cbb42, command=[]} | ret=SUCCESS |  
2019-09-05 03:26:02,479 | INFO  | SCMAudit | user=jenkins1000 | ip=192.168.34.53 | op=SEND_HEARTBEAT {datanodeUUID=514a2e68-35f0-4c50-97b9-a7f344dd70d0, command=[]} | ret=SUCCESS |  
2019-09-05 03:26:02,719 | INFO  | SCMAudit | user=jenkins1000 | ip=192.168.34.53 | op=SEND_HEARTBEAT {datanodeUUID=d5831d47-7264-4585-8f97-4cba7bdc2965, command=[]} | ret=SUCCESS |  
2019-09-05 03:26:03,063 | INFO  | SCMAudit | user=jenkins1000 | ip=192.168.34.53 | op=SEND_HEARTBEAT {datanodeUUID=56431364-4f3b-4c40-806d-c9164d34aa1e, command=[]} | ret=SUCCESS |  
2019-09-05 03:26:03,281 | INFO  | SCMAudit | user=jenkins1000 | ip=192.168.34.53 | op=SEND_HEARTBEAT {datanodeUUID=3ae5d83c-115d-493e-a141-01bd711a0fb1, command=[]} | ret=SUCCESS |  
2019-09-05 03:26:03,318 | INFO  | SCMAudit | user=jenkins1000 | ip=192.168.34.53 | op=SEND_HEARTBEAT {datanodeUUID=09804a23-7f5e-4639-98b0-dd8aac3c1a3d, command=[]} | ret=SUCCESS |  
2019-09-05 03:26:03,347 | INFO  | SCMAudit | user=jenkins1000 | ip=192.168.34.53 | op=SEND_HEARTBEAT {datanodeUUID=f8e72f0f-27ad-4da0-a4ac-f742e69d6053, command=[]} | ret=SUCCESS |  
2019-09-05 03:26:03,348 | INFO  | SCMAudit | user=jenkins1000 | ip=192.168.34.53 | op=SEND_HEARTBEAT {datanodeUUID=838608ba-8b7b-40e1-8b89-0ac8f38cbb42, command=[]} | ret=SUCCESS |  
2019-09-05 03:26:03,480 | INFO  | SCMAudit | user=jenkins1000 | ip=192.168.34.53 | op=SEND_HEARTBEAT {datanodeUUID=514a2e68-35f0-4c50-97b9-a7f344dd70d0, command=[]} | ret=SUCCESS |  
2019-09-05 03:26:03,719 | INFO  | SCMAudit | user=jenkins1000 | ip=192.168.34.53 | op=SEND_HEARTBEAT {datanodeUUID=d5831d47-7264-4585-8f97-4cba7bdc2965, command=[]} | ret=SUCCESS |  
2019-09-05 03:26:04,063 | INFO  | SCMAudit | user=jenkins1000 | ip=192.168.34.53 | op=SEND_HEARTBEAT {datanodeUUID=56431364-4f3b-4c40-806d-c9164d34aa1e, command=[]} | ret=SUCCESS |  
2019-09-05 03:26:04,283 | INFO  | SCMAudit | user=jenkins1000 | ip=192.168.34.53 | op=SEND_HEARTBEAT {datanodeUUID=3ae5d83c-115d-493e-a141-01bd711a0fb1, command=[]} | ret=SUCCESS |  
2019-09-05 03:26:04,318 | INFO  | SCMAudit | user=jenkins1000 | ip=192.168.34.53 | op=SEND_HEARTBEAT {datanodeUUID=09804a23-7f5e-4639-98b0-dd8aac3c1a3d, command=[]} | ret=SUCCESS |  
2019-09-05 03:26:04,348 | INFO  | SCMAudit | user=jenkins1000 | ip=192.168.34.53 | op=SEND_HEARTBEAT {datanodeUUID=f8e72f0f-27ad-4da0-a4ac-f742e69d6053, command=[]} | ret=SUCCESS |  
2019-09-05 03:26:04,349 | INFO  | SCMAudit | user=jenkins1000 | ip=192.168.34.53 | op=SEND_HEARTBEAT {datanodeUUID=838608ba-8b7b-40e1-8b89-0ac8f38cbb42, command=[]} | ret=SUCCESS |  
2019-09-05 03:26:04,480 | INFO  | SCMAudit | user=jenkins1000 | ip=192.168.34.53 | op=SEND_HEARTBEAT {datanodeUUID=514a2e68-35f0-4c50-97b9-a7f344dd70d0, command=[]} | ret=SUCCESS |  
2019-09-05 03:26:04,719 | INFO  | SCMAudit | user=jenkins1000 | ip=192.168.34.53 | op=SEND_HEARTBEAT {datanodeUUID=d5831d47-7264-4585-8f97-4cba7bdc2965, command=[]} | ret=SUCCESS |  
2019-09-05 03:26:05,063 | INFO  | SCMAudit | user=jenkins1000 | ip=192.168.34.53 | op=SEND_HEARTBEAT {datanodeUUID=56431364-4f3b-4c40-806d-c9164d34aa1e, command=[]} | ret=SUCCESS |  
2019-09-05 03:26:05,281 | INFO  | SCMAudit | user=jenkins1000 | ip=192.168.34.53 | op=SEND_HEARTBEAT {datanodeUUID=3ae5d83c-115d-493e-a141-01bd711a0fb1, command=[]} | ret=SUCCESS |  
2019-09-05 03:26:05,319 | INFO  | SCMAudit | user=jenkins1000 | ip=192.168.34.53 | op=SEND_HEARTBEAT {datanodeUUID=09804a23-7f5e-4639-98b0-dd8aac3c1a3d, command=[]} | ret=SUCCESS |  
2019-09-05 03:26:05,349 | INFO  | SCMAudit | user=jenkins1000 | ip=192.168.34.53 | op=SEND_HEARTBEAT {datanodeUUID=f8e72f0f-27ad-4da0-a4ac-f742e69d6053, command=[]} | ret=SUCCESS |  
2019-09-05 03:26:05,349 | INFO  | SCMAudit | user=jenkins1000 | ip=192.168.34.53 | op=SEND_HEARTBEAT {datanodeUUID=838608ba-8b7b-40e1-8b89-0ac8f38cbb42, command=[]} | ret=SUCCESS |  
2019-09-05 03:26:05,479 | INFO  | SCMAudit | user=jenkins1000 | ip=192.168.34.53 | op=SEND_HEARTBEAT {datanodeUUID=514a2e68-35f0-4c50-97b9-a7f344dd70d0, command=[]} | ret=SUCCESS |  
2019-09-05 03:26:05,485 [grpc-default-executor-0] INFO  client.GrpcClientProtocolClient (GrpcClientProtocolClient.java:onNext(255)) - client-D63F27167560->f8e72f0f-27ad-4da0-a4ac-f742e69d6053: receive RaftClientReply:client-D63F27167560->f8e72f0f-27ad-4da0-a4ac-f742e69d6053@group-6FC1333E43B6, cid=44, FAILED org.apache.ratis.protocol.NotLeaderException: Server f8e72f0f-27ad-4da0-a4ac-f742e69d6053 is not the leader (838608ba-8b7b-40e1-8b89-0ac8f38cbb42:192.168.34.53:41281). Request must be sent to leader., logIndex=0, commits[f8e72f0f-27ad-4da0-a4ac-f742e69d6053:c8, 838608ba-8b7b-40e1-8b89-0ac8f38cbb42:c8, 09804a23-7f5e-4639-98b0-dd8aac3c1a3d:c8]
2019-09-05 03:26:05,719 | INFO  | SCMAudit | user=jenkins1000 | ip=192.168.34.53 | op=SEND_HEARTBEAT {datanodeUUID=d5831d47-7264-4585-8f97-4cba7bdc2965, command=[]} | ret=SUCCESS |  
2019-09-05 03:26:06,063 | INFO  | SCMAudit | user=jenkins1000 | ip=192.168.34.53 | op=SEND_HEARTBEAT {datanodeUUID=56431364-4f3b-4c40-806d-c9164d34aa1e, command=[]} | ret=SUCCESS |  
2019-09-05 03:26:06,282 | INFO  | SCMAudit | user=jenkins1000 | ip=192.168.34.53 | op=SEND_HEARTBEAT {datanodeUUID=3ae5d83c-115d-493e-a141-01bd711a0fb1, command=[]} | ret=SUCCESS |  
2019-09-05 03:26:06,318 | INFO  | SCMAudit | user=jenkins1000 | ip=192.168.34.53 | op=SEND_HEARTBEAT {datanodeUUID=09804a23-7f5e-4639-98b0-dd8aac3c1a3d, command=[]} | ret=SUCCESS |  
2019-09-05 03:26:06,348 | INFO  | SCMAudit | user=jenkins1000 | ip=192.168.34.53 | op=SEND_HEARTBEAT {datanodeUUID=f8e72f0f-27ad-4da0-a4ac-f742e69d6053, command=[]} | ret=SUCCESS |  
2019-09-05 03:26:06,349 | INFO  | SCMAudit | user=jenkins1000 | ip=192.168.34.53 | op=SEND_HEARTBEAT {datanodeUUID=838608ba-8b7b-40e1-8b89-0ac8f38cbb42, command=[]} | ret=SUCCESS |  
2019-09-05 03:26:06,480 | INFO  | SCMAudit | user=jenkins1000 | ip=192.168.34.53 | op=SEND_HEARTBEAT {datanodeUUID=514a2e68-35f0-4c50-97b9-a7f344dd70d0, command=[]} | ret=SUCCESS |  
2019-09-05 03:26:06,719 | INFO  | SCMAudit | user=jenkins1000 | ip=192.168.34.53 | op=SEND_HEARTBEAT {datanodeUUID=d5831d47-7264-4585-8f97-4cba7bdc2965, command=[]} | ret=SUCCESS |  
2019-09-05 03:26:07,063 | INFO  | SCMAudit | user=jenkins1000 | ip=192.168.34.53 | op=SEND_HEARTBEAT {datanodeUUID=56431364-4f3b-4c40-806d-c9164d34aa1e, command=[]} | ret=SUCCESS |  
2019-09-05 03:26:07,283 | INFO  | SCMAudit | user=jenkins1000 | ip=192.168.34.53 | op=SEND_HEARTBEAT {datanodeUUID=3ae5d83c-115d-493e-a141-01bd711a0fb1, command=[]} | ret=SUCCESS |  
2019-09-05 03:26:07,319 | INFO  | SCMAudit | user=jenkins1000 | ip=192.168.34.53 | op=SEND_HEARTBEAT {datanodeUUID=09804a23-7f5e-4639-98b0-dd8aac3c1a3d, command=[]} | ret=SUCCESS |  
2019-09-05 03:26:07,349 | INFO  | SCMAudit | user=jenkins1000 | ip=192.168.34.53 | op=SEND_HEARTBEAT {datanodeUUID=f8e72f0f-27ad-4da0-a4ac-f742e69d6053, command=[]} | ret=SUCCESS |  
2019-09-05 03:26:07,350 | INFO  | SCMAudit | user=jenkins1000 | ip=192.168.34.53 | op=SEND_HEARTBEAT {datanodeUUID=838608ba-8b7b-40e1-8b89-0ac8f38cbb42, command=[]} | ret=SUCCESS |  
2019-09-05 03:26:07,479 | INFO  | SCMAudit | user=jenkins1000 | ip=192.168.34.53 | op=SEND_HEARTBEAT {datanodeUUID=514a2e68-35f0-4c50-97b9-a7f344dd70d0, command=[]} | ret=SUCCESS |  
2019-09-05 03:26:07,719 | INFO  | SCMAudit | user=jenkins1000 | ip=192.168.34.53 | op=SEND_HEARTBEAT {datanodeUUID=d5831d47-7264-4585-8f97-4cba7bdc2965, command=[]} | ret=SUCCESS |  
2019-09-05 03:26:08,063 | INFO  | SCMAudit | user=jenkins1000 | ip=192.168.34.53 | op=SEND_HEARTBEAT {datanodeUUID=56431364-4f3b-4c40-806d-c9164d34aa1e, command=[]} | ret=SUCCESS |  
2019-09-05 03:26:08,283 | INFO  | SCMAudit | user=jenkins1000 | ip=192.168.34.53 | op=SEND_HEARTBEAT {datanodeUUID=3ae5d83c-115d-493e-a141-01bd711a0fb1, command=[]} | ret=SUCCESS |  
2019-09-05 03:26:08,318 | INFO  | SCMAudit | user=jenkins1000 | ip=192.168.34.53 | op=SEND_HEARTBEAT {datanodeUUID=09804a23-7f5e-4639-98b0-dd8aac3c1a3d, command=[]} | ret=SUCCESS |  
2019-09-05 03:26:08,349 | INFO  | SCMAudit | user=jenkins1000 | ip=192.168.34.53 | op=SEND_HEARTBEAT {datanodeUUID=f8e72f0f-27ad-4da0-a4ac-f742e69d6053, command=[]} | ret=SUCCESS |  
2019-09-05 03:26:08,350 | INFO  | SCMAudit | user=jenkins1000 | ip=192.168.34.53 | op=SEND_HEARTBEAT {datanodeUUID=838608ba-8b7b-40e1-8b89-0ac8f38cbb42, command=[]} | ret=SUCCESS |  
2019-09-05 03:26:08,482 | INFO  | SCMAudit | user=jenkins1000 | ip=192.168.34.53 | op=SEND_HEARTBEAT {datanodeUUID=514a2e68-35f0-4c50-97b9-a7f344dd70d0, command=[]} | ret=SUCCESS |  
2019-09-05 03:26:08,719 | INFO  | SCMAudit | user=jenkins1000 | ip=192.168.34.53 | op=SEND_HEARTBEAT {datanodeUUID=d5831d47-7264-4585-8f97-4cba7bdc2965, command=[]} | ret=SUCCESS |  
2019-09-05 03:26:09,063 | INFO  | SCMAudit | user=jenkins1000 | ip=192.168.34.53 | op=SEND_HEARTBEAT {datanodeUUID=56431364-4f3b-4c40-806d-c9164d34aa1e, command=[]} | ret=SUCCESS |  
2019-09-05 03:26:09,283 | INFO  | SCMAudit | user=jenkins1000 | ip=192.168.34.53 | op=SEND_HEARTBEAT {datanodeUUID=3ae5d83c-115d-493e-a141-01bd711a0fb1, command=[]} | ret=SUCCESS |  
2019-09-05 03:26:09,319 | INFO  | SCMAudit | user=jenkins1000 | ip=192.168.34.53 | op=SEND_HEARTBEAT {datanodeUUID=09804a23-7f5e-4639-98b0-dd8aac3c1a3d, command=[]} | ret=SUCCESS |  
2019-09-05 03:26:09,349 | INFO  | SCMAudit | user=jenkins1000 | ip=192.168.34.53 | op=SEND_HEARTBEAT {datanodeUUID=f8e72f0f-27ad-4da0-a4ac-f742e69d6053, command=[]} | ret=SUCCESS |  
2019-09-05 03:26:09,349 | INFO  | SCMAudit | user=jenkins1000 | ip=192.168.34.53 | op=SEND_HEARTBEAT {datanodeUUID=838608ba-8b7b-40e1-8b89-0ac8f38cbb42, command=[]} | ret=SUCCESS |  
2019-09-05 03:26:09,483 | INFO  | SCMAudit | user=jenkins1000 | ip=192.168.34.53 | op=SEND_HEARTBEAT {datanodeUUID=514a2e68-35f0-4c50-97b9-a7f344dd70d0, command=[]} | ret=SUCCESS |  
2019-09-05 03:26:09,718 | INFO  | SCMAudit | user=jenkins1000 | ip=192.168.34.53 | op=SEND_HEARTBEAT {datanodeUUID=d5831d47-7264-4585-8f97-4cba7bdc2965, command=[]} | ret=SUCCESS |  
2019-09-05 03:26:10,063 | INFO  | SCMAudit | user=jenkins1000 | ip=192.168.34.53 | op=SEND_HEARTBEAT {datanodeUUID=56431364-4f3b-4c40-806d-c9164d34aa1e, command=[]} | ret=SUCCESS |  
2019-09-05 03:26:10,282 | INFO  | SCMAudit | user=jenkins1000 | ip=192.168.34.53 | op=SEND_HEARTBEAT {datanodeUUID=3ae5d83c-115d-493e-a141-01bd711a0fb1, command=[]} | ret=SUCCESS |  
2019-09-05 03:26:10,318 | INFO  | SCMAudit | user=jenkins1000 | ip=192.168.34.53 | op=SEND_HEARTBEAT {datanodeUUID=09804a23-7f5e-4639-98b0-dd8aac3c1a3d, command=[]} | ret=SUCCESS |  
2019-09-05 03:26:10,349 | INFO  | SCMAudit | user=jenkins1000 | ip=192.168.34.53 | op=SEND_HEARTBEAT {datanodeUUID=f8e72f0f-27ad-4da0-a4ac-f742e69d6053, command=[]} | ret=SUCCESS |  
2019-09-05 03:26:10,349 | INFO  | SCMAudit | user=jenkins1000 | ip=192.168.34.53 | op=SEND_HEARTBEAT {datanodeUUID=838608ba-8b7b-40e1-8b89-0ac8f38cbb42, command=[]} | ret=SUCCESS |  
2019-09-05 03:26:10,484 | INFO  | SCMAudit | user=jenkins1000 | ip=192.168.34.53 | op=SEND_HEARTBEAT {datanodeUUID=514a2e68-35f0-4c50-97b9-a7f344dd70d0, command=[]} | ret=SUCCESS |  
2019-09-05 03:26:10,523 [grpc-default-executor-3] INFO  client.GrpcClientProtocolClient (GrpcClientProtocolClient.java:onNext(255)) - client-D63F27167560->f8e72f0f-27ad-4da0-a4ac-f742e69d6053: receive RaftClientReply:client-D63F27167560->f8e72f0f-27ad-4da0-a4ac-f742e69d6053@group-6FC1333E43B6, cid=44, FAILED org.apache.ratis.protocol.NotLeaderException: Server f8e72f0f-27ad-4da0-a4ac-f742e69d6053 is not the leader (838608ba-8b7b-40e1-8b89-0ac8f38cbb42:192.168.34.53:41281). Request must be sent to leader., logIndex=0, commits[f8e72f0f-27ad-4da0-a4ac-f742e69d6053:c8, 838608ba-8b7b-40e1-8b89-0ac8f38cbb42:c8, 09804a23-7f5e-4639-98b0-dd8aac3c1a3d:c8]
2019-09-05 03:26:10,719 | INFO  | SCMAudit | user=jenkins1000 | ip=192.168.34.53 | op=SEND_HEARTBEAT {datanodeUUID=d5831d47-7264-4585-8f97-4cba7bdc2965, command=[]} | ret=SUCCESS |  
2019-09-05 03:26:11,063 | INFO  | SCMAudit | user=jenkins1000 | ip=192.168.34.53 | op=SEND_HEARTBEAT {datanodeUUID=56431364-4f3b-4c40-806d-c9164d34aa1e, command=[]} | ret=SUCCESS |  
2019-09-05 03:26:11,283 | INFO  | SCMAudit | user=jenkins1000 | ip=192.168.34.53 | op=SEND_HEARTBEAT {datanodeUUID=3ae5d83c-115d-493e-a141-01bd711a0fb1, command=[]} | ret=SUCCESS |  
2019-09-05 03:26:11,318 | INFO  | SCMAudit | user=jenkins1000 | ip=192.168.34.53 | op=SEND_HEARTBEAT {datanodeUUID=09804a23-7f5e-4639-98b0-dd8aac3c1a3d, command=[]} | ret=SUCCESS |  
2019-09-05 03:26:11,349 | INFO  | SCMAudit | user=jenkins1000 | ip=192.168.34.53 | op=SEND_HEARTBEAT {datanodeUUID=f8e72f0f-27ad-4da0-a4ac-f742e69d6053, command=[]} | ret=SUCCESS |  
2019-09-05 03:26:11,350 | INFO  | SCMAudit | user=jenkins1000 | ip=192.168.34.53 | op=SEND_HEARTBEAT {datanodeUUID=838608ba-8b7b-40e1-8b89-0ac8f38cbb42, command=[]} | ret=SUCCESS |  
2019-09-05 03:26:11,484 | INFO  | SCMAudit | user=jenkins1000 | ip=192.168.34.53 | op=SEND_HEARTBEAT {datanodeUUID=514a2e68-35f0-4c50-97b9-a7f344dd70d0, command=[]} | ret=SUCCESS |  
2019-09-05 03:26:11,718 | INFO  | SCMAudit | user=jenkins1000 | ip=192.168.34.53 | op=SEND_HEARTBEAT {datanodeUUID=d5831d47-7264-4585-8f97-4cba7bdc2965, command=[]} | ret=SUCCESS |  
2019-09-05 03:26:12,062 | INFO  | SCMAudit | user=jenkins1000 | ip=192.168.34.53 | op=SEND_HEARTBEAT {datanodeUUID=56431364-4f3b-4c40-806d-c9164d34aa1e, command=[]} | ret=SUCCESS |  
2019-09-05 03:26:12,284 | INFO  | SCMAudit | user=jenkins1000 | ip=192.168.34.53 | op=SEND_HEARTBEAT {datanodeUUID=3ae5d83c-115d-493e-a141-01bd711a0fb1, command=[]} | ret=SUCCESS |  
2019-09-05 03:26:12,319 | INFO  | SCMAudit | user=jenkins1000 | ip=192.168.34.53 | op=SEND_HEARTBEAT {datanodeUUID=09804a23-7f5e-4639-98b0-dd8aac3c1a3d, command=[]} | ret=SUCCESS |  
2019-09-05 03:26:12,349 | INFO  | SCMAudit | user=jenkins1000 | ip=192.168.34.53 | op=SEND_HEARTBEAT {datanodeUUID=838608ba-8b7b-40e1-8b89-0ac8f38cbb42, command=[]} | ret=SUCCESS |  
2019-09-05 03:26:12,350 | INFO  | SCMAudit | user=jenkins1000 | ip=192.168.34.53 | op=SEND_HEARTBEAT {datanodeUUID=f8e72f0f-27ad-4da0-a4ac-f742e69d6053, command=[]} | ret=SUCCESS |  
2019-09-05 03:26:12,485 | INFO  | SCMAudit | user=jenkins1000 | ip=192.168.34.53 | op=SEND_HEARTBEAT {datanodeUUID=514a2e68-35f0-4c50-97b9-a7f344dd70d0, command=[]} | ret=SUCCESS |  
2019-09-05 03:26:12,719 | INFO  | SCMAudit | user=jenkins1000 | ip=192.168.34.53 | op=SEND_HEARTBEAT {datanodeUUID=d5831d47-7264-4585-8f97-4cba7bdc2965, command=[]} | ret=SUCCESS |  
2019-09-05 03:26:13,063 | INFO  | SCMAudit | user=jenkins1000 | ip=192.168.34.53 | op=SEND_HEARTBEAT {datanodeUUID=56431364-4f3b-4c40-806d-c9164d34aa1e, command=[]} | ret=SUCCESS |  
2019-09-05 03:26:13,284 | INFO  | SCMAudit | user=jenkins1000 | ip=192.168.34.53 | op=SEND_HEARTBEAT {datanodeUUID=3ae5d83c-115d-493e-a141-01bd711a0fb1, command=[]} | ret=SUCCESS |  
2019-09-05 03:26:13,318 | INFO  | SCMAudit | user=jenkins1000 | ip=192.168.34.53 | op=SEND_HEARTBEAT {datanodeUUID=09804a23-7f5e-4639-98b0-dd8aac3c1a3d, command=[]} | ret=SUCCESS |  
2019-09-05 03:26:13,350 | INFO  | SCMAudit | user=jenkins1000 | ip=192.168.34.53 | op=SEND_HEARTBEAT {datanodeUUID=f8e72f0f-27ad-4da0-a4ac-f742e69d6053, command=[]} | ret=SUCCESS |  
2019-09-05 03:26:13,350 | INFO  | SCMAudit | user=jenkins1000 | ip=192.168.34.53 | op=SEND_HEARTBEAT {datanodeUUID=838608ba-8b7b-40e1-8b89-0ac8f38cbb42, command=[]} | ret=SUCCESS |  
2019-09-05 03:26:13,484 | INFO  | SCMAudit | user=jenkins1000 | ip=192.168.34.53 | op=SEND_HEARTBEAT {datanodeUUID=514a2e68-35f0-4c50-97b9-a7f344dd70d0, command=[]} | ret=SUCCESS |  
2019-09-05 03:26:13,719 | INFO  | SCMAudit | user=jenkins1000 | ip=192.168.34.53 | op=SEND_HEARTBEAT {datanodeUUID=d5831d47-7264-4585-8f97-4cba7bdc2965, command=[]} | ret=SUCCESS |  
2019-09-05 03:26:14,063 | INFO  | SCMAudit | user=jenkins1000 | ip=192.168.34.53 | op=SEND_HEARTBEAT {datanodeUUID=56431364-4f3b-4c40-806d-c9164d34aa1e, command=[]} | ret=SUCCESS |  
2019-09-05 03:26:14,284 | INFO  | SCMAudit | user=jenkins1000 | ip=192.168.34.53 | op=SEND_HEARTBEAT {datanodeUUID=3ae5d83c-115d-493e-a141-01bd711a0fb1, command=[]} | ret=SUCCESS |  
2019-09-05 03:26:14,319 | INFO  | SCMAudit | user=jenkins1000 | ip=192.168.34.53 | op=SEND_HEARTBEAT {datanodeUUID=09804a23-7f5e-4639-98b0-dd8aac3c1a3d, command=[]} | ret=SUCCESS |  
2019-09-05 03:26:14,349 | INFO  | SCMAudit | user=jenkins1000 | ip=192.168.34.53 | op=SEND_HEARTBEAT {datanodeUUID=838608ba-8b7b-40e1-8b89-0ac8f38cbb42, command=[]} | ret=SUCCESS |  
2019-09-05 03:26:14,349 | INFO  | SCMAudit | user=jenkins1000 | ip=192.168.34.53 | op=SEND_HEARTBEAT {datanodeUUID=f8e72f0f-27ad-4da0-a4ac-f742e69d6053, command=[]} | ret=SUCCESS |  
2019-09-05 03:26:14,485 | INFO  | SCMAudit | user=jenkins1000 | ip=192.168.34.53 | op=SEND_HEARTBEAT {datanodeUUID=514a2e68-35f0-4c50-97b9-a7f344dd70d0, command=[]} | ret=SUCCESS |  
2019-09-05 03:26:14,719 | INFO  | SCMAudit | user=jenkins1000 | ip=192.168.34.53 | op=SEND_HEARTBEAT {datanodeUUID=d5831d47-7264-4585-8f97-4cba7bdc2965, command=[]} | ret=SUCCESS |  
2019-09-05 03:26:15,063 | INFO  | SCMAudit | user=jenkins1000 | ip=192.168.34.53 | op=SEND_HEARTBEAT {datanodeUUID=56431364-4f3b-4c40-806d-c9164d34aa1e, command=[]} | ret=SUCCESS |  
2019-09-05 03:26:15,284 | INFO  | SCMAudit | user=jenkins1000 | ip=192.168.34.53 | op=SEND_HEARTBEAT {datanodeUUID=3ae5d83c-115d-493e-a141-01bd711a0fb1, command=[]} | ret=SUCCESS |  
2019-09-05 03:26:15,319 | INFO  | SCMAudit | user=jenkins1000 | ip=192.168.34.53 | op=SEND_HEARTBEAT {datanodeUUID=09804a23-7f5e-4639-98b0-dd8aac3c1a3d, command=[]} | ret=SUCCESS |  
2019-09-05 03:26:15,350 | INFO  | SCMAudit | user=jenkins1000 | ip=192.168.34.53 | op=SEND_HEARTBEAT {datanodeUUID=838608ba-8b7b-40e1-8b89-0ac8f38cbb42, command=[]} | ret=SUCCESS |  
2019-09-05 03:26:15,350 | INFO  | SCMAudit | user=jenkins1000 | ip=192.168.34.53 | op=SEND_HEARTBEAT {datanodeUUID=f8e72f0f-27ad-4da0-a4ac-f742e69d6053, command=[]} | ret=SUCCESS |  
2019-09-05 03:26:15,486 | INFO  | SCMAudit | user=jenkins1000 | ip=192.168.34.53 | op=SEND_HEARTBEAT {datanodeUUID=514a2e68-35f0-4c50-97b9-a7f344dd70d0, command=[]} | ret=SUCCESS |  
2019-09-05 03:26:15,567 [grpc-default-executor-3] INFO  client.GrpcClientProtocolClient (GrpcClientProtocolClient.java:onNext(255)) - client-D63F27167560->f8e72f0f-27ad-4da0-a4ac-f742e69d6053: receive RaftClientReply:client-D63F27167560->f8e72f0f-27ad-4da0-a4ac-f742e69d6053@group-6FC1333E43B6, cid=44, FAILED org.apache.ratis.protocol.NotLeaderException: Server f8e72f0f-27ad-4da0-a4ac-f742e69d6053 is not the leader (838608ba-8b7b-40e1-8b89-0ac8f38cbb42:192.168.34.53:41281). Request must be sent to leader., logIndex=0, commits[f8e72f0f-27ad-4da0-a4ac-f742e69d6053:c8, 838608ba-8b7b-40e1-8b89-0ac8f38cbb42:c8, 09804a23-7f5e-4639-98b0-dd8aac3c1a3d:c8]
2019-09-05 03:26:15,720 | INFO  | SCMAudit | user=jenkins1000 | ip=192.168.34.53 | op=SEND_HEARTBEAT {datanodeUUID=d5831d47-7264-4585-8f97-4cba7bdc2965, command=[]} | ret=SUCCESS |  
2019-09-05 03:26:16,063 | INFO  | SCMAudit | user=jenkins1000 | ip=192.168.34.53 | op=SEND_HEARTBEAT {datanodeUUID=56431364-4f3b-4c40-806d-c9164d34aa1e, command=[]} | ret=SUCCESS |  
2019-09-05 03:26:16,284 | INFO  | SCMAudit | user=jenkins1000 | ip=192.168.34.53 | op=SEND_HEARTBEAT {datanodeUUID=3ae5d83c-115d-493e-a141-01bd711a0fb1, command=[]} | ret=SUCCESS |  
2019-09-05 03:26:16,319 | INFO  | SCMAudit | user=jenkins1000 | ip=192.168.34.53 | op=SEND_HEARTBEAT {datanodeUUID=09804a23-7f5e-4639-98b0-dd8aac3c1a3d, command=[]} | ret=SUCCESS |  
2019-09-05 03:26:16,349 | INFO  | SCMAudit | user=jenkins1000 | ip=192.168.34.53 | op=SEND_HEARTBEAT {datanodeUUID=f8e72f0f-27ad-4da0-a4ac-f742e69d6053, command=[]} | ret=SUCCESS |  
2019-09-05 03:26:16,350 | INFO  | SCMAudit | user=jenkins1000 | ip=192.168.34.53 | op=SEND_HEARTBEAT {datanodeUUID=838608ba-8b7b-40e1-8b89-0ac8f38cbb42, command=[]} | ret=SUCCESS |  
2019-09-05 03:26:16,486 | INFO  | SCMAudit | user=jenkins1000 | ip=192.168.34.53 | op=SEND_HEARTBEAT {datanodeUUID=514a2e68-35f0-4c50-97b9-a7f344dd70d0, command=[]} | ret=SUCCESS |  
2019-09-05 03:26:16,720 | INFO  | SCMAudit | user=jenkins1000 | ip=192.168.34.53 | op=SEND_HEARTBEAT {datanodeUUID=d5831d47-7264-4585-8f97-4cba7bdc2965, command=[]} | ret=SUCCESS |  
2019-09-05 03:26:17,065 | INFO  | SCMAudit | user=jenkins1000 | ip=192.168.34.53 | op=SEND_HEARTBEAT {datanodeUUID=56431364-4f3b-4c40-806d-c9164d34aa1e, command=[]} | ret=SUCCESS |  
2019-09-05 03:26:17,285 | INFO  | SCMAudit | user=jenkins1000 | ip=192.168.34.53 | op=SEND_HEARTBEAT {datanodeUUID=3ae5d83c-115d-493e-a141-01bd711a0fb1, command=[]} | ret=SUCCESS |  
2019-09-05 03:26:17,320 | INFO  | SCMAudit | user=jenkins1000 | ip=192.168.34.53 | op=SEND_HEARTBEAT {datanodeUUID=09804a23-7f5e-4639-98b0-dd8aac3c1a3d, command=[]} | ret=SUCCESS |  
2019-09-05 03:26:17,350 | INFO  | SCMAudit | user=jenkins1000 | ip=192.168.34.53 | op=SEND_HEARTBEAT {datanodeUUID=f8e72f0f-27ad-4da0-a4ac-f742e69d6053, command=[]} | ret=SUCCESS |  
2019-09-05 03:26:17,350 | INFO  | SCMAudit | user=jenkins1000 | ip=192.168.34.53 | op=SEND_HEARTBEAT {datanodeUUID=838608ba-8b7b-40e1-8b89-0ac8f38cbb42, command=[]} | ret=SUCCESS |  
2019-09-05 03:26:17,486 | INFO  | SCMAudit | user=jenkins1000 | ip=192.168.34.53 | op=SEND_HEARTBEAT {datanodeUUID=514a2e68-35f0-4c50-97b9-a7f344dd70d0, command=[]} | ret=SUCCESS |  
2019-09-05 03:26:17,719 | INFO  | SCMAudit | user=jenkins1000 | ip=192.168.34.53 | op=SEND_HEARTBEAT {datanodeUUID=d5831d47-7264-4585-8f97-4cba7bdc2965, command=[]} | ret=SUCCESS |  
2019-09-05 03:26:18,065 | INFO  | SCMAudit | user=jenkins1000 | ip=192.168.34.53 | op=SEND_HEARTBEAT {datanodeUUID=56431364-4f3b-4c40-806d-c9164d34aa1e, command=[]} | ret=SUCCESS |  
2019-09-05 03:26:18,285 | INFO  | SCMAudit | user=jenkins1000 | ip=192.168.34.53 | op=SEND_HEARTBEAT {datanodeUUID=3ae5d83c-115d-493e-a141-01bd711a0fb1, command=[]} | ret=SUCCESS |  
2019-09-05 03:26:18,319 | INFO  | SCMAudit | user=jenkins1000 | ip=192.168.34.53 | op=SEND_HEARTBEAT {datanodeUUID=09804a23-7f5e-4639-98b0-dd8aac3c1a3d, command=[]} | ret=SUCCESS |  
2019-09-05 03:26:18,350 | INFO  | SCMAudit | user=jenkins1000 | ip=192.168.34.53 | op=SEND_HEARTBEAT {datanodeUUID=f8e72f0f-27ad-4da0-a4ac-f742e69d6053, command=[]} | ret=SUCCESS |  
2019-09-05 03:26:18,351 | INFO  | SCMAudit | user=jenkins1000 | ip=192.168.34.53 | op=SEND_HEARTBEAT {datanodeUUID=838608ba-8b7b-40e1-8b89-0ac8f38cbb42, command=[]} | ret=SUCCESS |  
2019-09-05 03:26:18,486 | INFO  | SCMAudit | user=jenkins1000 | ip=192.168.34.53 | op=SEND_HEARTBEAT {datanodeUUID=514a2e68-35f0-4c50-97b9-a7f344dd70d0, command=[]} | ret=SUCCESS |  
2019-09-05 03:26:18,720 | INFO  | SCMAudit | user=jenkins1000 | ip=192.168.34.53 | op=SEND_HEARTBEAT {datanodeUUID=d5831d47-7264-4585-8f97-4cba7bdc2965, command=[]} | ret=SUCCESS |  
2019-09-05 03:26:19,066 | INFO  | SCMAudit | user=jenkins1000 | ip=192.168.34.53 | op=SEND_HEARTBEAT {datanodeUUID=56431364-4f3b-4c40-806d-c9164d34aa1e, command=[]} | ret=SUCCESS |  
2019-09-05 03:26:19,285 | INFO  | SCMAudit | user=jenkins1000 | ip=192.168.34.53 | op=SEND_HEARTBEAT {datanodeUUID=3ae5d83c-115d-493e-a141-01bd711a0fb1, command=[]} | ret=SUCCESS |  
2019-09-05 03:26:19,320 | INFO  | SCMAudit | user=jenkins1000 | ip=192.168.34.53 | op=SEND_HEARTBEAT {datanodeUUID=09804a23-7f5e-4639-98b0-dd8aac3c1a3d, command=[]} | ret=SUCCESS |  
2019-09-05 03:26:19,349 | INFO  | SCMAudit | user=jenkins1000 | ip=192.168.34.53 | op=SEND_HEARTBEAT {datanodeUUID=f8e72f0f-27ad-4da0-a4ac-f742e69d6053, command=[]} | ret=SUCCESS |  
2019-09-05 03:26:19,351 | INFO  | SCMAudit | user=jenkins1000 | ip=192.168.34.53 | op=SEND_HEARTBEAT {datanodeUUID=838608ba-8b7b-40e1-8b89-0ac8f38cbb42, command=[]} | ret=SUCCESS |  
2019-09-05 03:26:19,487 | INFO  | SCMAudit | user=jenkins1000 | ip=192.168.34.53 | op=SEND_HEARTBEAT {datanodeUUID=514a2e68-35f0-4c50-97b9-a7f344dd70d0, command=[]} | ret=SUCCESS |  
2019-09-05 03:26:19,719 | INFO  | SCMAudit | user=jenkins1000 | ip=192.168.34.53 | op=SEND_HEARTBEAT {datanodeUUID=d5831d47-7264-4585-8f97-4cba7bdc2965, command=[]} | ret=SUCCESS |  
2019-09-05 03:26:20,065 | INFO  | SCMAudit | user=jenkins1000 | ip=192.168.34.53 | op=SEND_HEARTBEAT {datanodeUUID=56431364-4f3b-4c40-806d-c9164d34aa1e, command=[]} | ret=SUCCESS |  
2019-09-05 03:26:20,285 | INFO  | SCMAudit | user=jenkins1000 | ip=192.168.34.53 | op=SEND_HEARTBEAT {datanodeUUID=3ae5d83c-115d-493e-a141-01bd711a0fb1, command=[]} | ret=SUCCESS |  
2019-09-05 03:26:20,319 | INFO  | SCMAudit | user=jenkins1000 | ip=192.168.34.53 | op=SEND_HEARTBEAT {datanodeUUID=09804a23-7f5e-4639-98b0-dd8aac3c1a3d, command=[]} | ret=SUCCESS |  
2019-09-05 03:26:20,350 | INFO  | SCMAudit | user=jenkins1000 | ip=192.168.34.53 | op=SEND_HEARTBEAT {datanodeUUID=f8e72f0f-27ad-4da0-a4ac-f742e69d6053, command=[]} | ret=SUCCESS |  
2019-09-05 03:26:20,351 | INFO  | SCMAudit | user=jenkins1000 | ip=192.168.34.53 | op=SEND_HEARTBEAT {datanodeUUID=838608ba-8b7b-40e1-8b89-0ac8f38cbb42, command=[]} | ret=SUCCESS |  
2019-09-05 03:26:20,487 | INFO  | SCMAudit | user=jenkins1000 | ip=192.168.34.53 | op=SEND_HEARTBEAT {datanodeUUID=514a2e68-35f0-4c50-97b9-a7f344dd70d0, command=[]} | ret=SUCCESS |  
2019-09-05 03:26:20,619 [grpc-default-executor-3] INFO  client.GrpcClientProtocolClient (GrpcClientProtocolClient.java:onNext(255)) - client-D63F27167560->f8e72f0f-27ad-4da0-a4ac-f742e69d6053: receive RaftClientReply:client-D63F27167560->f8e72f0f-27ad-4da0-a4ac-f742e69d6053@group-6FC1333E43B6, cid=44, FAILED org.apache.ratis.protocol.NotLeaderException: Server f8e72f0f-27ad-4da0-a4ac-f742e69d6053 is not the leader (838608ba-8b7b-40e1-8b89-0ac8f38cbb42:192.168.34.53:41281). Request must be sent to leader., logIndex=0, commits[f8e72f0f-27ad-4da0-a4ac-f742e69d6053:c8, 838608ba-8b7b-40e1-8b89-0ac8f38cbb42:c8, 09804a23-7f5e-4639-98b0-dd8aac3c1a3d:c8]
2019-09-05 03:26:20,720 | INFO  | SCMAudit | user=jenkins1000 | ip=192.168.34.53 | op=SEND_HEARTBEAT {datanodeUUID=d5831d47-7264-4585-8f97-4cba7bdc2965, command=[]} | ret=SUCCESS |  
2019-09-05 03:26:21,065 | INFO  | SCMAudit | user=jenkins1000 | ip=192.168.34.53 | op=SEND_HEARTBEAT {datanodeUUID=56431364-4f3b-4c40-806d-c9164d34aa1e, command=[]} | ret=SUCCESS |  
2019-09-05 03:26:21,285 | INFO  | SCMAudit | user=jenkins1000 | ip=192.168.34.53 | op=SEND_HEARTBEAT {datanodeUUID=3ae5d83c-115d-493e-a141-01bd711a0fb1, command=[]} | ret=SUCCESS |  
2019-09-05 03:26:21,320 | INFO  | SCMAudit | user=jenkins1000 | ip=192.168.34.53 | op=SEND_HEARTBEAT {datanodeUUID=09804a23-7f5e-4639-98b0-dd8aac3c1a3d, command=[]} | ret=SUCCESS |  
2019-09-05 03:26:21,350 | INFO  | SCMAudit | user=jenkins1000 | ip=192.168.34.53 | op=SEND_HEARTBEAT {datanodeUUID=f8e72f0f-27ad-4da0-a4ac-f742e69d6053, command=[]} | ret=SUCCESS |  
2019-09-05 03:26:21,351 | INFO  | SCMAudit | user=jenkins1000 | ip=192.168.34.53 | op=SEND_HEARTBEAT {datanodeUUID=838608ba-8b7b-40e1-8b89-0ac8f38cbb42, command=[]} | ret=SUCCESS |  
2019-09-05 03:26:21,488 | INFO  | SCMAudit | user=jenkins1000 | ip=192.168.34.53 | op=SEND_HEARTBEAT {datanodeUUID=514a2e68-35f0-4c50-97b9-a7f344dd70d0, command=[]} | ret=SUCCESS |  
2019-09-05 03:26:21,720 | INFO  | SCMAudit | user=jenkins1000 | ip=192.168.34.53 | op=SEND_HEARTBEAT {datanodeUUID=d5831d47-7264-4585-8f97-4cba7bdc2965, command=[]} | ret=SUCCESS |  
2019-09-05 03:26:22,065 | INFO  | SCMAudit | user=jenkins1000 | ip=192.168.34.53 | op=SEND_HEARTBEAT {datanodeUUID=56431364-4f3b-4c40-806d-c9164d34aa1e, command=[]} | ret=SUCCESS |  
2019-09-05 03:26:22,285 | INFO  | SCMAudit | user=jenkins1000 | ip=192.168.34.53 | op=SEND_HEARTBEAT {datanodeUUID=3ae5d83c-115d-493e-a141-01bd711a0fb1, command=[]} | ret=SUCCESS |  
2019-09-05 03:26:22,319 | INFO  | SCMAudit | user=jenkins1000 | ip=192.168.34.53 | op=SEND_HEARTBEAT {datanodeUUID=09804a23-7f5e-4639-98b0-dd8aac3c1a3d, command=[]} | ret=SUCCESS |  
2019-09-05 03:26:22,349 | INFO  | SCMAudit | user=jenkins1000 | ip=192.168.34.53 | op=SEND_HEARTBEAT {datanodeUUID=f8e72f0f-27ad-4da0-a4ac-f742e69d6053, command=[]} | ret=SUCCESS |  
2019-09-05 03:26:22,351 | INFO  | SCMAudit | user=jenkins1000 | ip=192.168.34.53 | op=SEND_HEARTBEAT {datanodeUUID=838608ba-8b7b-40e1-8b89-0ac8f38cbb42, command=[]} | ret=SUCCESS |  
2019-09-05 03:26:22,487 | INFO  | SCMAudit | user=jenkins1000 | ip=192.168.34.53 | op=SEND_HEARTBEAT {datanodeUUID=514a2e68-35f0-4c50-97b9-a7f344dd70d0, command=[]} | ret=SUCCESS |  
2019-09-05 03:26:22,720 | INFO  | SCMAudit | user=jenkins1000 | ip=192.168.34.53 | op=SEND_HEARTBEAT {datanodeUUID=d5831d47-7264-4585-8f97-4cba7bdc2965, command=[]} | ret=SUCCESS |  
2019-09-05 03:26:23,065 | INFO  | SCMAudit | user=jenkins1000 | ip=192.168.34.53 | op=SEND_HEARTBEAT {datanodeUUID=56431364-4f3b-4c40-806d-c9164d34aa1e, command=[]} | ret=SUCCESS |  
2019-09-05 03:26:23,285 | INFO  | SCMAudit | user=jenkins1000 | ip=192.168.34.53 | op=SEND_HEARTBEAT {datanodeUUID=3ae5d83c-115d-493e-a141-01bd711a0fb1, command=[]} | ret=SUCCESS |  
2019-09-05 03:26:23,320 | INFO  | SCMAudit | user=jenkins1000 | ip=192.168.34.53 | op=SEND_HEARTBEAT {datanodeUUID=09804a23-7f5e-4639-98b0-dd8aac3c1a3d, command=[]} | ret=SUCCESS |  
2019-09-05 03:26:23,349 | INFO  | SCMAudit | user=jenkins1000 | ip=192.168.34.53 | op=SEND_HEARTBEAT {datanodeUUID=f8e72f0f-27ad-4da0-a4ac-f742e69d6053, command=[]} | ret=SUCCESS |  
2019-09-05 03:26:23,352 | INFO  | SCMAudit | user=jenkins1000 | ip=192.168.34.53 | op=SEND_HEARTBEAT {datanodeUUID=838608ba-8b7b-40e1-8b89-0ac8f38cbb42, command=[]} | ret=SUCCESS |  
2019-09-05 03:26:23,488 | INFO  | SCMAudit | user=jenkins1000 | ip=192.168.34.53 | op=SEND_HEARTBEAT {datanodeUUID=514a2e68-35f0-4c50-97b9-a7f344dd70d0, command=[]} | ret=SUCCESS |  
2019-09-05 03:26:23,720 | INFO  | SCMAudit | user=jenkins1000 | ip=192.168.34.53 | op=SEND_HEARTBEAT {datanodeUUID=d5831d47-7264-4585-8f97-4cba7bdc2965, command=[]} | ret=SUCCESS |  
2019-09-05 03:26:24,065 | INFO  | SCMAudit | user=jenkins1000 | ip=192.168.34.53 | op=SEND_HEARTBEAT {datanodeUUID=56431364-4f3b-4c40-806d-c9164d34aa1e, command=[]} | ret=SUCCESS |  
2019-09-05 03:26:24,284 | INFO  | SCMAudit | user=jenkins1000 | ip=192.168.34.53 | op=SEND_HEARTBEAT {datanodeUUID=3ae5d83c-115d-493e-a141-01bd711a0fb1, command=[]} | ret=SUCCESS |  
2019-09-05 03:26:24,320 | INFO  | SCMAudit | user=jenkins1000 | ip=192.168.34.53 | op=SEND_HEARTBEAT {datanodeUUID=09804a23-7f5e-4639-98b0-dd8aac3c1a3d, command=[]} | ret=SUCCESS |  
2019-09-05 03:26:24,350 | INFO  | SCMAudit | user=jenkins1000 | ip=192.168.34.53 | op=SEND_HEARTBEAT {datanodeUUID=f8e72f0f-27ad-4da0-a4ac-f742e69d6053, command=[]} | ret=SUCCESS |  
2019-09-05 03:26:24,352 | INFO  | SCMAudit | user=jenkins1000 | ip=192.168.34.53 | op=SEND_HEARTBEAT {datanodeUUID=838608ba-8b7b-40e1-8b89-0ac8f38cbb42, command=[]} | ret=SUCCESS |  
2019-09-05 03:26:24,489 | INFO  | SCMAudit | user=jenkins1000 | ip=192.168.34.53 | op=SEND_HEARTBEAT {datanodeUUID=514a2e68-35f0-4c50-97b9-a7f344dd70d0, command=[]} | ret=SUCCESS |  
2019-09-05 03:26:24,720 | INFO  | SCMAudit | user=jenkins1000 | ip=192.168.34.53 | op=SEND_HEARTBEAT {datanodeUUID=d5831d47-7264-4585-8f97-4cba7bdc2965, command=[]} | ret=SUCCESS |  
2019-09-05 03:26:25,065 | INFO  | SCMAudit | user=jenkins1000 | ip=192.168.34.53 | op=SEND_HEARTBEAT {datanodeUUID=56431364-4f3b-4c40-806d-c9164d34aa1e, command=[]} | ret=SUCCESS |  
2019-09-05 03:26:25,285 | INFO  | SCMAudit | user=jenkins1000 | ip=192.168.34.53 | op=SEND_HEARTBEAT {datanodeUUID=3ae5d83c-115d-493e-a141-01bd711a0fb1, command=[]} | ret=SUCCESS |  
2019-09-05 03:26:25,320 | INFO  | SCMAudit | user=jenkins1000 | ip=192.168.34.53 | op=SEND_HEARTBEAT {datanodeUUID=09804a23-7f5e-4639-98b0-dd8aac3c1a3d, command=[]} | ret=SUCCESS |  
2019-09-05 03:26:25,349 | INFO  | SCMAudit | user=jenkins1000 | ip=192.168.34.53 | op=SEND_HEARTBEAT {datanodeUUID=f8e72f0f-27ad-4da0-a4ac-f742e69d6053, command=[]} | ret=SUCCESS |  
2019-09-05 03:26:25,352 | INFO  | SCMAudit | user=jenkins1000 | ip=192.168.34.53 | op=SEND_HEARTBEAT {datanodeUUID=838608ba-8b7b-40e1-8b89-0ac8f38cbb42, command=[]} | ret=SUCCESS |  
2019-09-05 03:26:25,489 | INFO  | SCMAudit | user=jenkins1000 | ip=192.168.34.53 | op=SEND_HEARTBEAT {datanodeUUID=514a2e68-35f0-4c50-97b9-a7f344dd70d0, command=[]} | ret=SUCCESS |  
2019-09-05 03:26:25,670 [grpc-default-executor-3] INFO  client.GrpcClientProtocolClient (GrpcClientProtocolClient.java:onNext(255)) - client-D63F27167560->f8e72f0f-27ad-4da0-a4ac-f742e69d6053: receive RaftClientReply:client-D63F27167560->f8e72f0f-27ad-4da0-a4ac-f742e69d6053@group-6FC1333E43B6, cid=44, FAILED org.apache.ratis.protocol.NotLeaderException: Server f8e72f0f-27ad-4da0-a4ac-f742e69d6053 is not the leader (838608ba-8b7b-40e1-8b89-0ac8f38cbb42:192.168.34.53:41281). Request must be sent to leader., logIndex=0, commits[f8e72f0f-27ad-4da0-a4ac-f742e69d6053:c8, 838608ba-8b7b-40e1-8b89-0ac8f38cbb42:c8, 09804a23-7f5e-4639-98b0-dd8aac3c1a3d:c8]
2019-09-05 03:26:25,720 | INFO  | SCMAudit | user=jenkins1000 | ip=192.168.34.53 | op=SEND_HEARTBEAT {datanodeUUID=d5831d47-7264-4585-8f97-4cba7bdc2965, command=[]} | ret=SUCCESS |  
2019-09-05 03:26:26,065 | INFO  | SCMAudit | user=jenkins1000 | ip=192.168.34.53 | op=SEND_HEARTBEAT {datanodeUUID=56431364-4f3b-4c40-806d-c9164d34aa1e, command=[]} | ret=SUCCESS |  
2019-09-05 03:26:26,285 | INFO  | SCMAudit | user=jenkins1000 | ip=192.168.34.53 | op=SEND_HEARTBEAT {datanodeUUID=3ae5d83c-115d-493e-a141-01bd711a0fb1, command=[]} | ret=SUCCESS |  
2019-09-05 03:26:26,320 | INFO  | SCMAudit | user=jenkins1000 | ip=192.168.34.53 | op=SEND_HEARTBEAT {datanodeUUID=09804a23-7f5e-4639-98b0-dd8aac3c1a3d, command=[]} | ret=SUCCESS |  
2019-09-05 03:26:26,350 | INFO  | SCMAudit | user=jenkins1000 | ip=192.168.34.53 | op=SEND_HEARTBEAT {datanodeUUID=f8e72f0f-27ad-4da0-a4ac-f742e69d6053, command=[]} | ret=SUCCESS |  
2019-09-05 03:26:26,353 | INFO  | SCMAudit | user=jenkins1000 | ip=192.168.34.53 | op=SEND_HEARTBEAT {datanodeUUID=838608ba-8b7b-40e1-8b89-0ac8f38cbb42, command=[]} | ret=SUCCESS |  
2019-09-05 03:26:26,488 | INFO  | SCMAudit | user=jenkins1000 | ip=192.168.34.53 | op=SEND_HEARTBEAT {datanodeUUID=514a2e68-35f0-4c50-97b9-a7f344dd70d0, command=[]} | ret=SUCCESS |  
2019-09-05 03:26:26,719 | INFO  | SCMAudit | user=jenkins1000 | ip=192.168.34.53 | op=SEND_HEARTBEAT {datanodeUUID=d5831d47-7264-4585-8f97-4cba7bdc2965, command=[]} | ret=SUCCESS |  
2019-09-05 03:26:27,066 | INFO  | SCMAudit | user=jenkins1000 | ip=192.168.34.53 | op=SEND_HEARTBEAT {datanodeUUID=56431364-4f3b-4c40-806d-c9164d34aa1e, command=[]} | ret=SUCCESS |  
2019-09-05 03:26:27,285 | INFO  | SCMAudit | user=jenkins1000 | ip=192.168.34.53 | op=SEND_HEARTBEAT {datanodeUUID=3ae5d83c-115d-493e-a141-01bd711a0fb1, command=[]} | ret=SUCCESS |  
2019-09-05 03:26:27,320 | INFO  | SCMAudit | user=jenkins1000 | ip=192.168.34.53 | op=SEND_HEARTBEAT {datanodeUUID=09804a23-7f5e-4639-98b0-dd8aac3c1a3d, command=[]} | ret=SUCCESS |  
2019-09-05 03:26:27,349 | INFO  | SCMAudit | user=jenkins1000 | ip=192.168.34.53 | op=SEND_HEARTBEAT {datanodeUUID=f8e72f0f-27ad-4da0-a4ac-f742e69d6053, command=[]} | ret=SUCCESS |  
2019-09-05 03:26:27,353 | INFO  | SCMAudit | user=jenkins1000 | ip=192.168.34.53 | op=SEND_HEARTBEAT {datanodeUUID=838608ba-8b7b-40e1-8b89-0ac8f38cbb42, command=[]} | ret=SUCCESS |  
2019-09-05 03:26:27,488 | INFO  | SCMAudit | user=jenkins1000 | ip=192.168.34.53 | op=SEND_HEARTBEAT {datanodeUUID=514a2e68-35f0-4c50-97b9-a7f344dd70d0, command=[]} | ret=SUCCESS |  
2019-09-05 03:26:27,720 | INFO  | SCMAudit | user=jenkins1000 | ip=192.168.34.53 | op=SEND_HEARTBEAT {datanodeUUID=d5831d47-7264-4585-8f97-4cba7bdc2965, command=[]} | ret=SUCCESS |  
2019-09-05 03:26:28,065 | INFO  | SCMAudit | user=jenkins1000 | ip=192.168.34.53 | op=SEND_HEARTBEAT {datanodeUUID=56431364-4f3b-4c40-806d-c9164d34aa1e, command=[]} | ret=SUCCESS |  
2019-09-05 03:26:28,285 | INFO  | SCMAudit | user=jenkins1000 | ip=192.168.34.53 | op=SEND_HEARTBEAT {datanodeUUID=3ae5d83c-115d-493e-a141-01bd711a0fb1, command=[]} | ret=SUCCESS |  
2019-09-05 03:26:28,320 | INFO  | SCMAudit | user=jenkins1000 | ip=192.168.34.53 | op=SEND_HEARTBEAT {datanodeUUID=09804a23-7f5e-4639-98b0-dd8aac3c1a3d, command=[]} | ret=SUCCESS |  
2019-09-05 03:26:28,350 | INFO  | SCMAudit | user=jenkins1000 | ip=192.168.34.53 | op=SEND_HEARTBEAT {datanodeUUID=f8e72f0f-27ad-4da0-a4ac-f742e69d6053, command=[]} | ret=SUCCESS |  
2019-09-05 03:26:28,353 | INFO  | SCMAudit | user=jenkins1000 | ip=192.168.34.53 | op=SEND_HEARTBEAT {datanodeUUID=838608ba-8b7b-40e1-8b89-0ac8f38cbb42, command=[]} | ret=SUCCESS |  
2019-09-05 03:26:28,489 | INFO  | SCMAudit | user=jenkins1000 | ip=192.168.34.53 | op=SEND_HEARTBEAT {datanodeUUID=514a2e68-35f0-4c50-97b9-a7f344dd70d0, command=[]} | ret=SUCCESS |  
2019-09-05 03:26:28,719 | INFO  | SCMAudit | user=jenkins1000 | ip=192.168.34.53 | op=SEND_HEARTBEAT {datanodeUUID=d5831d47-7264-4585-8f97-4cba7bdc2965, command=[]} | ret=SUCCESS |  
2019-09-05 03:26:29,065 | INFO  | SCMAudit | user=jenkins1000 | ip=192.168.34.53 | op=SEND_HEARTBEAT {datanodeUUID=56431364-4f3b-4c40-806d-c9164d34aa1e, command=[]} | ret=SUCCESS |  
2019-09-05 03:26:29,284 | INFO  | SCMAudit | user=jenkins1000 | ip=192.168.34.53 | op=SEND_HEARTBEAT {datanodeUUID=3ae5d83c-115d-493e-a141-01bd711a0fb1, command=[]} | ret=SUCCESS |  
2019-09-05 03:26:29,320 | INFO  | SCMAudit | user=jenkins1000 | ip=192.168.34.53 | op=SEND_HEARTBEAT {datanodeUUID=09804a23-7f5e-4639-98b0-dd8aac3c1a3d, command=[]} | ret=SUCCESS |  
2019-09-05 03:26:29,350 | INFO  | SCMAudit | user=jenkins1000 | ip=192.168.34.53 | op=SEND_HEARTBEAT {datanodeUUID=f8e72f0f-27ad-4da0-a4ac-f742e69d6053, command=[]} | ret=SUCCESS |  
2019-09-05 03:26:29,353 | INFO  | SCMAudit | user=jenkins1000 | ip=192.168.34.53 | op=SEND_HEARTBEAT {datanodeUUID=838608ba-8b7b-40e1-8b89-0ac8f38cbb42, command=[]} | ret=SUCCESS |  
2019-09-05 03:26:29,489 | INFO  | SCMAudit | user=jenkins1000 | ip=192.168.34.53 | op=SEND_HEARTBEAT {datanodeUUID=514a2e68-35f0-4c50-97b9-a7f344dd70d0, command=[]} | ret=SUCCESS |  
2019-09-05 03:26:29,728 | INFO  | SCMAudit | user=jenkins1000 | ip=192.168.34.53 | op=SEND_HEARTBEAT {datanodeUUID=d5831d47-7264-4585-8f97-4cba7bdc2965, command=[]} | ret=SUCCESS |  
2019-09-05 03:26:30,066 | INFO  | SCMAudit | user=jenkins1000 | ip=192.168.34.53 | op=SEND_HEARTBEAT {datanodeUUID=56431364-4f3b-4c40-806d-c9164d34aa1e, command=[]} | ret=SUCCESS |  
2019-09-05 03:26:30,285 | INFO  | SCMAudit | user=jenkins1000 | ip=192.168.34.53 | op=SEND_HEARTBEAT {datanodeUUID=3ae5d83c-115d-493e-a141-01bd711a0fb1, command=[]} | ret=SUCCESS |  
2019-09-05 03:26:30,321 | INFO  | SCMAudit | user=jenkins1000 | ip=192.168.34.53 | op=SEND_HEARTBEAT {datanodeUUID=09804a23-7f5e-4639-98b0-dd8aac3c1a3d, command=[]} | ret=SUCCESS |  
2019-09-05 03:26:30,351 | INFO  | SCMAudit | user=jenkins1000 | ip=192.168.34.53 | op=SEND_HEARTBEAT {datanodeUUID=f8e72f0f-27ad-4da0-a4ac-f742e69d6053, command=[]} | ret=SUCCESS |  
2019-09-05 03:26:30,353 | INFO  | SCMAudit | user=jenkins1000 | ip=192.168.34.53 | op=SEND_HEARTBEAT {datanodeUUID=838608ba-8b7b-40e1-8b89-0ac8f38cbb42, command=[]} | ret=SUCCESS |  
2019-09-05 03:26:30,489 | INFO  | SCMAudit | user=jenkins1000 | ip=192.168.34.53 | op=SEND_HEARTBEAT {datanodeUUID=514a2e68-35f0-4c50-97b9-a7f344dd70d0, command=[]} | ret=SUCCESS |  
2019-09-05 03:26:30,727 | INFO  | SCMAudit | user=jenkins1000 | ip=192.168.34.53 | op=SEND_HEARTBEAT {datanodeUUID=d5831d47-7264-4585-8f97-4cba7bdc2965, command=[]} | ret=SUCCESS |  
2019-09-05 03:26:30,738 [grpc-default-executor-0] INFO  client.GrpcClientProtocolClient (GrpcClientProtocolClient.java:onNext(255)) - client-D63F27167560->f8e72f0f-27ad-4da0-a4ac-f742e69d6053: receive RaftClientReply:client-D63F27167560->f8e72f0f-27ad-4da0-a4ac-f742e69d6053@group-6FC1333E43B6, cid=44, FAILED org.apache.ratis.protocol.NotLeaderException: Server f8e72f0f-27ad-4da0-a4ac-f742e69d6053 is not the leader (838608ba-8b7b-40e1-8b89-0ac8f38cbb42:192.168.34.53:41281). Request must be sent to leader., logIndex=0, commits[f8e72f0f-27ad-4da0-a4ac-f742e69d6053:c8, 838608ba-8b7b-40e1-8b89-0ac8f38cbb42:c8, 09804a23-7f5e-4639-98b0-dd8aac3c1a3d:c8]
2019-09-05 03:26:31,065 | INFO  | SCMAudit | user=jenkins1000 | ip=192.168.34.53 | op=SEND_HEARTBEAT {datanodeUUID=56431364-4f3b-4c40-806d-c9164d34aa1e, command=[]} | ret=SUCCESS |  
2019-09-05 03:26:31,286 | INFO  | SCMAudit | user=jenkins1000 | ip=192.168.34.53 | op=SEND_HEARTBEAT {datanodeUUID=3ae5d83c-115d-493e-a141-01bd711a0fb1, command=[]} | ret=SUCCESS |  
2019-09-05 03:26:31,321 | INFO  | SCMAudit | user=jenkins1000 | ip=192.168.34.53 | op=SEND_HEARTBEAT {datanodeUUID=09804a23-7f5e-4639-98b0-dd8aac3c1a3d, command=[]} | ret=SUCCESS |  
2019-09-05 03:26:31,352 | INFO  | SCMAudit | user=jenkins1000 | ip=192.168.34.53 | op=SEND_HEARTBEAT {datanodeUUID=f8e72f0f-27ad-4da0-a4ac-f742e69d6053, command=[]} | ret=SUCCESS |  
2019-09-05 03:26:31,354 | INFO  | SCMAudit | user=jenkins1000 | ip=192.168.34.53 | op=SEND_HEARTBEAT {datanodeUUID=838608ba-8b7b-40e1-8b89-0ac8f38cbb42, command=[]} | ret=SUCCESS |  
2019-09-05 03:26:31,490 | INFO  | SCMAudit | user=jenkins1000 | ip=192.168.34.53 | op=SEND_HEARTBEAT {datanodeUUID=514a2e68-35f0-4c50-97b9-a7f344dd70d0, command=[]} | ret=SUCCESS |  
2019-09-05 03:26:31,728 | INFO  | SCMAudit | user=jenkins1000 | ip=192.168.34.53 | op=SEND_HEARTBEAT {datanodeUUID=d5831d47-7264-4585-8f97-4cba7bdc2965, command=[]} | ret=SUCCESS |  
2019-09-05 03:26:32,066 | INFO  | SCMAudit | user=jenkins1000 | ip=192.168.34.53 | op=SEND_HEARTBEAT {datanodeUUID=56431364-4f3b-4c40-806d-c9164d34aa1e, command=[]} | ret=SUCCESS |  
2019-09-05 03:26:32,287 | INFO  | SCMAudit | user=jenkins1000 | ip=192.168.34.53 | op=SEND_HEARTBEAT {datanodeUUID=3ae5d83c-115d-493e-a141-01bd711a0fb1, command=[]} | ret=SUCCESS |  
2019-09-05 03:26:32,321 | INFO  | SCMAudit | user=jenkins1000 | ip=192.168.34.53 | op=SEND_HEARTBEAT {datanodeUUID=09804a23-7f5e-4639-98b0-dd8aac3c1a3d, command=[]} | ret=SUCCESS |  
2019-09-05 03:26:32,352 | INFO  | SCMAudit | user=jenkins1000 | ip=192.168.34.53 | op=SEND_HEARTBEAT {datanodeUUID=f8e72f0f-27ad-4da0-a4ac-f742e69d6053, command=[]} | ret=SUCCESS |  
2019-09-05 03:26:32,353 | INFO  | SCMAudit | user=jenkins1000 | ip=192.168.34.53 | op=SEND_HEARTBEAT {datanodeUUID=838608ba-8b7b-40e1-8b89-0ac8f38cbb42, command=[]} | ret=SUCCESS |  
2019-09-05 03:26:32,490 | INFO  | SCMAudit | user=jenkins1000 | ip=192.168.34.53 | op=SEND_HEARTBEAT {datanodeUUID=514a2e68-35f0-4c50-97b9-a7f344dd70d0, command=[]} | ret=SUCCESS |  
2019-09-05 03:26:32,728 | INFO  | SCMAudit | user=jenkins1000 | ip=192.168.34.53 | op=SEND_HEARTBEAT {datanodeUUID=d5831d47-7264-4585-8f97-4cba7bdc2965, command=[]} | ret=SUCCESS |  
2019-09-05 03:26:33,067 | INFO  | SCMAudit | user=jenkins1000 | ip=192.168.34.53 | op=SEND_HEARTBEAT {datanodeUUID=56431364-4f3b-4c40-806d-c9164d34aa1e, command=[]} | ret=SUCCESS |  
2019-09-05 03:26:33,286 | INFO  | SCMAudit | user=jenkins1000 | ip=192.168.34.53 | op=SEND_HEARTBEAT {datanodeUUID=3ae5d83c-115d-493e-a141-01bd711a0fb1, command=[]} | ret=SUCCESS |  
2019-09-05 03:26:33,321 | INFO  | SCMAudit | user=jenkins1000 | ip=192.168.34.53 | op=SEND_HEARTBEAT {datanodeUUID=09804a23-7f5e-4639-98b0-dd8aac3c1a3d, command=[]} | ret=SUCCESS |  
2019-09-05 03:26:33,353 | INFO  | SCMAudit | user=jenkins1000 | ip=192.168.34.53 | op=SEND_HEARTBEAT {datanodeUUID=f8e72f0f-27ad-4da0-a4ac-f742e69d6053, command=[]} | ret=SUCCESS |  
2019-09-05 03:26:33,353 | INFO  | SCMAudit | user=jenkins1000 | ip=192.168.34.53 | op=SEND_HEARTBEAT {datanodeUUID=838608ba-8b7b-40e1-8b89-0ac8f38cbb42, command=[]} | ret=SUCCESS |  
2019-09-05 03:26:33,490 | INFO  | SCMAudit | user=jenkins1000 | ip=192.168.34.53 | op=SEND_HEARTBEAT {datanodeUUID=514a2e68-35f0-4c50-97b9-a7f344dd70d0, command=[]} | ret=SUCCESS |  
2019-09-05 03:26:33,734 | INFO  | SCMAudit | user=jenkins1000 | ip=192.168.34.53 | op=SEND_HEARTBEAT {datanodeUUID=d5831d47-7264-4585-8f97-4cba7bdc2965, command=[]} | ret=SUCCESS |  
2019-09-05 03:26:34,066 | INFO  | SCMAudit | user=jenkins1000 | ip=192.168.34.53 | op=SEND_HEARTBEAT {datanodeUUID=56431364-4f3b-4c40-806d-c9164d34aa1e, command=[]} | ret=SUCCESS |  
2019-09-05 03:26:34,286 | INFO  | SCMAudit | user=jenkins1000 | ip=192.168.34.53 | op=SEND_HEARTBEAT {datanodeUUID=3ae5d83c-115d-493e-a141-01bd711a0fb1, command=[]} | ret=SUCCESS |  
2019-09-05 03:26:34,322 | INFO  | SCMAudit | user=jenkins1000 | ip=192.168.34.53 | op=SEND_HEARTBEAT {datanodeUUID=09804a23-7f5e-4639-98b0-dd8aac3c1a3d, command=[]} | ret=SUCCESS |  
2019-09-05 03:26:34,352 | INFO  | SCMAudit | user=jenkins1000 | ip=192.168.34.53 | op=SEND_HEARTBEAT {datanodeUUID=f8e72f0f-27ad-4da0-a4ac-f742e69d6053, command=[]} | ret=SUCCESS |  
2019-09-05 03:26:34,354 | INFO  | SCMAudit | user=jenkins1000 | ip=192.168.34.53 | op=SEND_HEARTBEAT {datanodeUUID=838608ba-8b7b-40e1-8b89-0ac8f38cbb42, command=[]} | ret=SUCCESS |  
2019-09-05 03:26:34,489 | INFO  | SCMAudit | user=jenkins1000 | ip=192.168.34.53 | op=SEND_HEARTBEAT {datanodeUUID=514a2e68-35f0-4c50-97b9-a7f344dd70d0, command=[]} | ret=SUCCESS |  
2019-09-05 03:26:34,730 | INFO  | SCMAudit | user=jenkins1000 | ip=192.168.34.53 | op=SEND_HEARTBEAT {datanodeUUID=d5831d47-7264-4585-8f97-4cba7bdc2965, command=[]} | ret=SUCCESS |  
2019-09-05 03:26:35,067 | INFO  | SCMAudit | user=jenkins1000 | ip=192.168.34.53 | op=SEND_HEARTBEAT {datanodeUUID=56431364-4f3b-4c40-806d-c9164d34aa1e, command=[]} | ret=SUCCESS |  
2019-09-05 03:26:35,287 | INFO  | SCMAudit | user=jenkins1000 | ip=192.168.34.53 | op=SEND_HEARTBEAT {datanodeUUID=3ae5d83c-115d-493e-a141-01bd711a0fb1, command=[]} | ret=SUCCESS |  
2019-09-05 03:26:35,322 | INFO  | SCMAudit | user=jenkins1000 | ip=192.168.34.53 | op=SEND_HEARTBEAT {datanodeUUID=09804a23-7f5e-4639-98b0-dd8aac3c1a3d, command=[]} | ret=SUCCESS |  
2019-09-05 03:26:35,352 | INFO  | SCMAudit | user=jenkins1000 | ip=192.168.34.53 | op=SEND_HEARTBEAT {datanodeUUID=f8e72f0f-27ad-4da0-a4ac-f742e69d6053, command=[]} | ret=SUCCESS |  
2019-09-05 03:26:35,354 | INFO  | SCMAudit | user=jenkins1000 | ip=192.168.34.53 | op=SEND_HEARTBEAT {datanodeUUID=838608ba-8b7b-40e1-8b89-0ac8f38cbb42, command=[]} | ret=SUCCESS |  
2019-09-05 03:26:35,489 | INFO  | SCMAudit | user=jenkins1000 | ip=192.168.34.53 | op=SEND_HEARTBEAT {datanodeUUID=514a2e68-35f0-4c50-97b9-a7f344dd70d0, command=[]} | ret=SUCCESS |  
2019-09-05 03:26:35,730 | INFO  | SCMAudit | user=jenkins1000 | ip=192.168.34.53 | op=SEND_HEARTBEAT {datanodeUUID=d5831d47-7264-4585-8f97-4cba7bdc2965, command=[]} | ret=SUCCESS |  
2019-09-05 03:26:35,781 [grpc-default-executor-0] INFO  client.GrpcClientProtocolClient (GrpcClientProtocolClient.java:onNext(255)) - client-D63F27167560->f8e72f0f-27ad-4da0-a4ac-f742e69d6053: receive RaftClientReply:client-D63F27167560->f8e72f0f-27ad-4da0-a4ac-f742e69d6053@group-6FC1333E43B6, cid=44, FAILED org.apache.ratis.protocol.NotLeaderException: Server f8e72f0f-27ad-4da0-a4ac-f742e69d6053 is not the leader (838608ba-8b7b-40e1-8b89-0ac8f38cbb42:192.168.34.53:41281). Request must be sent to leader., logIndex=0, commits[f8e72f0f-27ad-4da0-a4ac-f742e69d6053:c8, 838608ba-8b7b-40e1-8b89-0ac8f38cbb42:c8, 09804a23-7f5e-4639-98b0-dd8aac3c1a3d:c8]
2019-09-05 03:26:36,067 | INFO  | SCMAudit | user=jenkins1000 | ip=192.168.34.53 | op=SEND_HEARTBEAT {datanodeUUID=56431364-4f3b-4c40-806d-c9164d34aa1e, command=[]} | ret=SUCCESS |  
2019-09-05 03:26:36,287 | INFO  | SCMAudit | user=jenkins1000 | ip=192.168.34.53 | op=SEND_HEARTBEAT {datanodeUUID=3ae5d83c-115d-493e-a141-01bd711a0fb1, command=[]} | ret=SUCCESS |  
2019-09-05 03:26:36,322 | INFO  | SCMAudit | user=jenkins1000 | ip=192.168.34.53 | op=SEND_HEARTBEAT {datanodeUUID=09804a23-7f5e-4639-98b0-dd8aac3c1a3d, command=[]} | ret=SUCCESS |  
2019-09-05 03:26:36,353 | INFO  | SCMAudit | user=jenkins1000 | ip=192.168.34.53 | op=SEND_HEARTBEAT {datanodeUUID=f8e72f0f-27ad-4da0-a4ac-f742e69d6053, command=[]} | ret=SUCCESS |  
2019-09-05 03:26:36,353 | INFO  | SCMAudit | user=jenkins1000 | ip=192.168.34.53 | op=SEND_HEARTBEAT {datanodeUUID=838608ba-8b7b-40e1-8b89-0ac8f38cbb42, command=[]} | ret=SUCCESS |  
2019-09-05 03:26:36,490 | INFO  | SCMAudit | user=jenkins1000 | ip=192.168.34.53 | op=SEND_HEARTBEAT {datanodeUUID=514a2e68-35f0-4c50-97b9-a7f344dd70d0, command=[]} | ret=SUCCESS |  
2019-09-05 03:26:36,730 | INFO  | SCMAudit | user=jenkins1000 | ip=192.168.34.53 | op=SEND_HEARTBEAT {datanodeUUID=d5831d47-7264-4585-8f97-4cba7bdc2965, command=[]} | ret=SUCCESS |  
2019-09-05 03:26:37,068 | INFO  | SCMAudit | user=jenkins1000 | ip=192.168.34.53 | op=SEND_HEARTBEAT {datanodeUUID=56431364-4f3b-4c40-806d-c9164d34aa1e, command=[]} | ret=SUCCESS |  
2019-09-05 03:26:37,287 | INFO  | SCMAudit | user=jenkins1000 | ip=192.168.34.53 | op=SEND_HEARTBEAT {datanodeUUID=3ae5d83c-115d-493e-a141-01bd711a0fb1, command=[]} | ret=SUCCESS |  
2019-09-05 03:26:37,322 | INFO  | SCMAudit | user=jenkins1000 | ip=192.168.34.53 | op=SEND_HEARTBEAT {datanodeUUID=09804a23-7f5e-4639-98b0-dd8aac3c1a3d, command=[]} | ret=SUCCESS |  
2019-09-05 03:26:37,354 | INFO  | SCMAudit | user=jenkins1000 | ip=192.168.34.53 | op=SEND_HEARTBEAT {datanodeUUID=838608ba-8b7b-40e1-8b89-0ac8f38cbb42, command=[]} | ret=SUCCESS |  
2019-09-05 03:26:37,354 | INFO  | SCMAudit | user=jenkins1000 | ip=192.168.34.53 | op=SEND_HEARTBEAT {datanodeUUID=f8e72f0f-27ad-4da0-a4ac-f742e69d6053, command=[]} | ret=SUCCESS |  
2019-09-05 03:26:37,490 | INFO  | SCMAudit | user=jenkins1000 | ip=192.168.34.53 | op=SEND_HEARTBEAT {datanodeUUID=514a2e68-35f0-4c50-97b9-a7f344dd70d0, command=[]} | ret=SUCCESS |  
2019-09-05 03:26:37,730 | INFO  | SCMAudit | user=jenkins1000 | ip=192.168.34.53 | op=SEND_HEARTBEAT {datanodeUUID=d5831d47-7264-4585-8f97-4cba7bdc2965, command=[]} | ret=SUCCESS |  
2019-09-05 03:26:38,067 | INFO  | SCMAudit | user=jenkins1000 | ip=192.168.34.53 | op=SEND_HEARTBEAT {datanodeUUID=56431364-4f3b-4c40-806d-c9164d34aa1e, command=[]} | ret=SUCCESS |  
2019-09-05 03:26:38,286 | INFO  | SCMAudit | user=jenkins1000 | ip=192.168.34.53 | op=SEND_HEARTBEAT {datanodeUUID=3ae5d83c-115d-493e-a141-01bd711a0fb1, command=[]} | ret=SUCCESS |  
2019-09-05 03:26:38,323 | INFO  | SCMAudit | user=jenkins1000 | ip=192.168.34.53 | op=SEND_HEARTBEAT {datanodeUUID=09804a23-7f5e-4639-98b0-dd8aac3c1a3d, command=[]} | ret=SUCCESS |  
2019-09-05 03:26:38,353 | INFO  | SCMAudit | user=jenkins1000 | ip=192.168.34.53 | op=SEND_HEARTBEAT {datanodeUUID=f8e72f0f-27ad-4da0-a4ac-f742e69d6053, command=[]} | ret=SUCCESS |  
2019-09-05 03:26:38,354 | INFO  | SCMAudit | user=jenkins1000 | ip=192.168.34.53 | op=SEND_HEARTBEAT {datanodeUUID=838608ba-8b7b-40e1-8b89-0ac8f38cbb42, command=[]} | ret=SUCCESS |  
2019-09-05 03:26:38,491 | INFO  | SCMAudit | user=jenkins1000 | ip=192.168.34.53 | op=SEND_HEARTBEAT {datanodeUUID=514a2e68-35f0-4c50-97b9-a7f344dd70d0, command=[]} | ret=SUCCESS |  
2019-09-05 03:26:38,731 | INFO  | SCMAudit | user=jenkins1000 | ip=192.168.34.53 | op=SEND_HEARTBEAT {datanodeUUID=d5831d47-7264-4585-8f97-4cba7bdc2965, command=[]} | ret=SUCCESS |  
2019-09-05 03:26:39,066 | INFO  | SCMAudit | user=jenkins1000 | ip=192.168.34.53 | op=SEND_HEARTBEAT {datanodeUUID=56431364-4f3b-4c40-806d-c9164d34aa1e, command=[]} | ret=SUCCESS |  
2019-09-05 03:26:39,287 | INFO  | SCMAudit | user=jenkins1000 | ip=192.168.34.53 | op=SEND_HEARTBEAT {datanodeUUID=3ae5d83c-115d-493e-a141-01bd711a0fb1, command=[]} | ret=SUCCESS |  
2019-09-05 03:26:39,323 | INFO  | SCMAudit | user=jenkins1000 | ip=192.168.34.53 | op=SEND_HEARTBEAT {datanodeUUID=09804a23-7f5e-4639-98b0-dd8aac3c1a3d, command=[]} | ret=SUCCESS |  
2019-09-05 03:26:39,353 | INFO  | SCMAudit | user=jenkins1000 | ip=192.168.34.53 | op=SEND_HEARTBEAT {datanodeUUID=f8e72f0f-27ad-4da0-a4ac-f742e69d6053, command=[]} | ret=SUCCESS |  
2019-09-05 03:26:39,355 | INFO  | SCMAudit | user=jenkins1000 | ip=192.168.34.53 | op=SEND_HEARTBEAT {datanodeUUID=838608ba-8b7b-40e1-8b89-0ac8f38cbb42, command=[]} | ret=SUCCESS |  
2019-09-05 03:26:39,490 | INFO  | SCMAudit | user=jenkins1000 | ip=192.168.34.53 | op=SEND_HEARTBEAT {datanodeUUID=514a2e68-35f0-4c50-97b9-a7f344dd70d0, command=[]} | ret=SUCCESS |  
2019-09-05 03:26:39,731 | INFO  | SCMAudit | user=jenkins1000 | ip=192.168.34.53 | op=SEND_HEARTBEAT {datanodeUUID=d5831d47-7264-4585-8f97-4cba7bdc2965, command=[]} | ret=SUCCESS |  
2019-09-05 03:26:40,067 | INFO  | SCMAudit | user=jenkins1000 | ip=192.168.34.53 | op=SEND_HEARTBEAT {datanodeUUID=56431364-4f3b-4c40-806d-c9164d34aa1e, command=[]} | ret=SUCCESS |  
2019-09-05 03:26:40,286 | INFO  | SCMAudit | user=jenkins1000 | ip=192.168.34.53 | op=SEND_HEARTBEAT {datanodeUUID=3ae5d83c-115d-493e-a141-01bd711a0fb1, command=[]} | ret=SUCCESS |  
2019-09-05 03:26:40,324 | INFO  | SCMAudit | user=jenkins1000 | ip=192.168.34.53 | op=SEND_HEARTBEAT {datanodeUUID=09804a23-7f5e-4639-98b0-dd8aac3c1a3d, command=[]} | ret=SUCCESS |  
2019-09-05 03:26:40,354 | INFO  | SCMAudit | user=jenkins1000 | ip=192.168.34.53 | op=SEND_HEARTBEAT {datanodeUUID=f8e72f0f-27ad-4da0-a4ac-f742e69d6053, command=[]} | ret=SUCCESS |  
2019-09-05 03:26:40,355 | INFO  | SCMAudit | user=jenkins1000 | ip=192.168.34.53 | op=SEND_HEARTBEAT {datanodeUUID=838608ba-8b7b-40e1-8b89-0ac8f38cbb42, command=[]} | ret=SUCCESS |  
2019-09-05 03:26:40,491 | INFO  | SCMAudit | user=jenkins1000 | ip=192.168.34.53 | op=SEND_HEARTBEAT {datanodeUUID=514a2e68-35f0-4c50-97b9-a7f344dd70d0, command=[]} | ret=SUCCESS |  
2019-09-05 03:26:40,730 | INFO  | SCMAudit | user=jenkins1000 | ip=192.168.34.53 | op=SEND_HEARTBEAT {datanodeUUID=d5831d47-7264-4585-8f97-4cba7bdc2965, command=[]} | ret=SUCCESS |  
2019-09-05 03:26:40,825 [grpc-default-executor-3] INFO  client.GrpcClientProtocolClient (GrpcClientProtocolClient.java:onNext(255)) - client-D63F27167560->09804a23-7f5e-4639-98b0-dd8aac3c1a3d: receive RaftClientReply:client-D63F27167560->09804a23-7f5e-4639-98b0-dd8aac3c1a3d@group-6FC1333E43B6, cid=44, FAILED org.apache.ratis.protocol.NotLeaderException: Server 09804a23-7f5e-4639-98b0-dd8aac3c1a3d is not the leader (838608ba-8b7b-40e1-8b89-0ac8f38cbb42:192.168.34.53:41281). Request must be sent to leader., logIndex=0, commits[09804a23-7f5e-4639-98b0-dd8aac3c1a3d:c8, 838608ba-8b7b-40e1-8b89-0ac8f38cbb42:c8, f8e72f0f-27ad-4da0-a4ac-f742e69d6053:c8]
2019-09-05 03:26:41,068 | INFO  | SCMAudit | user=jenkins1000 | ip=192.168.34.53 | op=SEND_HEARTBEAT {datanodeUUID=56431364-4f3b-4c40-806d-c9164d34aa1e, command=[]} | ret=SUCCESS |  
2019-09-05 03:26:41,287 | INFO  | SCMAudit | user=jenkins1000 | ip=192.168.34.53 | op=SEND_HEARTBEAT {datanodeUUID=3ae5d83c-115d-493e-a141-01bd711a0fb1, command=[]} | ret=SUCCESS |  
2019-09-05 03:26:41,325 | INFO  | SCMAudit | user=jenkins1000 | ip=192.168.34.53 | op=SEND_HEARTBEAT {datanodeUUID=09804a23-7f5e-4639-98b0-dd8aac3c1a3d, command=[]} | ret=SUCCESS |  
2019-09-05 03:26:41,354 | INFO  | SCMAudit | user=jenkins1000 | ip=192.168.34.53 | op=SEND_HEARTBEAT {datanodeUUID=f8e72f0f-27ad-4da0-a4ac-f742e69d6053, command=[]} | ret=SUCCESS |  
2019-09-05 03:26:41,354 | INFO  | SCMAudit | user=jenkins1000 | ip=192.168.34.53 | op=SEND_HEARTBEAT {datanodeUUID=838608ba-8b7b-40e1-8b89-0ac8f38cbb42, command=[]} | ret=SUCCESS |  
2019-09-05 03:26:41,491 | INFO  | SCMAudit | user=jenkins1000 | ip=192.168.34.53 | op=SEND_HEARTBEAT {datanodeUUID=514a2e68-35f0-4c50-97b9-a7f344dd70d0, command=[]} | ret=SUCCESS |  
2019-09-05 03:26:41,730 | INFO  | SCMAudit | user=jenkins1000 | ip=192.168.34.53 | op=SEND_HEARTBEAT {datanodeUUID=d5831d47-7264-4585-8f97-4cba7bdc2965, command=[]} | ret=SUCCESS |  
2019-09-05 03:26:42,069 | INFO  | SCMAudit | user=jenkins1000 | ip=192.168.34.53 | op=SEND_HEARTBEAT {datanodeUUID=56431364-4f3b-4c40-806d-c9164d34aa1e, command=[]} | ret=SUCCESS |  
2019-09-05 03:26:42,287 | INFO  | SCMAudit | user=jenkins1000 | ip=192.168.34.53 | op=SEND_HEARTBEAT {datanodeUUID=3ae5d83c-115d-493e-a141-01bd711a0fb1, command=[]} | ret=SUCCESS |  
2019-09-05 03:26:42,325 | INFO  | SCMAudit | user=jenkins1000 | ip=192.168.34.53 | op=SEND_HEARTBEAT {datanodeUUID=09804a23-7f5e-4639-98b0-dd8aac3c1a3d, command=[]} | ret=SUCCESS |  
2019-09-05 03:26:42,353 | INFO  | SCMAudit | user=jenkins1000 | ip=192.168.34.53 | op=SEND_HEARTBEAT {datanodeUUID=f8e72f0f-27ad-4da0-a4ac-f742e69d6053, command=[]} | ret=SUCCESS |  
2019-09-05 03:26:42,354 | INFO  | SCMAudit | user=jenkins1000 | ip=192.168.34.53 | op=SEND_HEARTBEAT {datanodeUUID=838608ba-8b7b-40e1-8b89-0ac8f38cbb42, command=[]} | ret=SUCCESS |  
2019-09-05 03:26:42,490 | INFO  | SCMAudit | user=jenkins1000 | ip=192.168.34.53 | op=SEND_HEARTBEAT {datanodeUUID=514a2e68-35f0-4c50-97b9-a7f344dd70d0, command=[]} | ret=SUCCESS |  
2019-09-05 03:26:42,731 | INFO  | SCMAudit | user=jenkins1000 | ip=192.168.34.53 | op=SEND_HEARTBEAT {datanodeUUID=d5831d47-7264-4585-8f97-4cba7bdc2965, command=[]} | ret=SUCCESS |  
2019-09-05 03:26:43,069 | INFO  | SCMAudit | user=jenkins1000 | ip=192.168.34.53 | op=SEND_HEARTBEAT {datanodeUUID=56431364-4f3b-4c40-806d-c9164d34aa1e, command=[]} | ret=SUCCESS |  
2019-09-05 03:26:43,287 | INFO  | SCMAudit | user=jenkins1000 | ip=192.168.34.53 | op=SEND_HEARTBEAT {datanodeUUID=3ae5d83c-115d-493e-a141-01bd711a0fb1, command=[]} | ret=SUCCESS |  
2019-09-05 03:26:43,325 | INFO  | SCMAudit | user=jenkins1000 | ip=192.168.34.53 | op=SEND_HEARTBEAT {datanodeUUID=09804a23-7f5e-4639-98b0-dd8aac3c1a3d, command=[]} | ret=SUCCESS |  
2019-09-05 03:26:43,353 | INFO  | SCMAudit | user=jenkins1000 | ip=192.168.34.53 | op=SEND_HEARTBEAT {datanodeUUID=f8e72f0f-27ad-4da0-a4ac-f742e69d6053, command=[]} | ret=SUCCESS |  
2019-09-05 03:26:43,355 | INFO  | SCMAudit | user=jenkins1000 | ip=192.168.34.53 | op=SEND_HEARTBEAT {datanodeUUID=838608ba-8b7b-40e1-8b89-0ac8f38cbb42, command=[]} | ret=SUCCESS |  
2019-09-05 03:26:43,491 | INFO  | SCMAudit | user=jenkins1000 | ip=192.168.34.53 | op=SEND_HEARTBEAT {datanodeUUID=514a2e68-35f0-4c50-97b9-a7f344dd70d0, command=[]} | ret=SUCCESS |  
2019-09-05 03:26:43,730 | INFO  | SCMAudit | user=jenkins1000 | ip=192.168.34.53 | op=SEND_HEARTBEAT {datanodeUUID=d5831d47-7264-4585-8f97-4cba7bdc2965, command=[]} | ret=SUCCESS |  
2019-09-05 03:26:44,070 | INFO  | SCMAudit | user=jenkins1000 | ip=192.168.34.53 | op=SEND_HEARTBEAT {datanodeUUID=56431364-4f3b-4c40-806d-c9164d34aa1e, command=[]} | ret=SUCCESS |  
2019-09-05 03:26:44,286 | INFO  | SCMAudit | user=jenkins1000 | ip=192.168.34.53 | op=SEND_HEARTBEAT {datanodeUUID=3ae5d83c-115d-493e-a141-01bd711a0fb1, command=[]} | ret=SUCCESS |  
2019-09-05 03:26:44,325 | INFO  | SCMAudit | user=jenkins1000 | ip=192.168.34.53 | op=SEND_HEARTBEAT {datanodeUUID=09804a23-7f5e-4639-98b0-dd8aac3c1a3d, command=[]} | ret=SUCCESS |  
2019-09-05 03:26:44,354 | INFO  | SCMAudit | user=jenkins1000 | ip=192.168.34.53 | op=SEND_HEARTBEAT {datanodeUUID=f8e72f0f-27ad-4da0-a4ac-f742e69d6053, command=[]} | ret=SUCCESS |  
2019-09-05 03:26:44,355 | INFO  | SCMAudit | user=jenkins1000 | ip=192.168.34.53 | op=SEND_HEARTBEAT {datanodeUUID=838608ba-8b7b-40e1-8b89-0ac8f38cbb42, command=[]} | ret=SUCCESS |  
2019-09-05 03:26:44,490 | INFO  | SCMAudit | user=jenkins1000 | ip=192.168.34.53 | op=SEND_HEARTBEAT {datanodeUUID=514a2e68-35f0-4c50-97b9-a7f344dd70d0, command=[]} | ret=SUCCESS |  
2019-09-05 03:26:44,731 | INFO  | SCMAudit | user=jenkins1000 | ip=192.168.34.53 | op=SEND_HEARTBEAT {datanodeUUID=d5831d47-7264-4585-8f97-4cba7bdc2965, command=[]} | ret=SUCCESS |  
2019-09-05 03:26:45,069 | INFO  | SCMAudit | user=jenkins1000 | ip=192.168.34.53 | op=SEND_HEARTBEAT {datanodeUUID=56431364-4f3b-4c40-806d-c9164d34aa1e, command=[]} | ret=SUCCESS |  
2019-09-05 03:26:45,287 | INFO  | SCMAudit | user=jenkins1000 | ip=192.168.34.53 | op=SEND_HEARTBEAT {datanodeUUID=3ae5d83c-115d-493e-a141-01bd711a0fb1, command=[]} | ret=SUCCESS |  
2019-09-05 03:26:45,326 | INFO  | SCMAudit | user=jenkins1000 | ip=192.168.34.53 | op=SEND_HEARTBEAT {datanodeUUID=09804a23-7f5e-4639-98b0-dd8aac3c1a3d, command=[]} | ret=SUCCESS |  
2019-09-05 03:26:45,354 | INFO  | SCMAudit | user=jenkins1000 | ip=192.168.34.53 | op=SEND_HEARTBEAT {datanodeUUID=f8e72f0f-27ad-4da0-a4ac-f742e69d6053, command=[]} | ret=SUCCESS |  
2019-09-05 03:26:45,356 | INFO  | SCMAudit | user=jenkins1000 | ip=192.168.34.53 | op=SEND_HEARTBEAT {datanodeUUID=838608ba-8b7b-40e1-8b89-0ac8f38cbb42, command=[]} | ret=SUCCESS |  
2019-09-05 03:26:45,491 | INFO  | SCMAudit | user=jenkins1000 | ip=192.168.34.53 | op=SEND_HEARTBEAT {datanodeUUID=514a2e68-35f0-4c50-97b9-a7f344dd70d0, command=[]} | ret=SUCCESS |  
2019-09-05 03:26:45,732 | INFO  | SCMAudit | user=jenkins1000 | ip=192.168.34.53 | op=SEND_HEARTBEAT {datanodeUUID=d5831d47-7264-4585-8f97-4cba7bdc2965, command=[]} | ret=SUCCESS |  
2019-09-05 03:26:45,867 [grpc-default-executor-0] INFO  client.GrpcClientProtocolClient (GrpcClientProtocolClient.java:onNext(255)) - client-D63F27167560->f8e72f0f-27ad-4da0-a4ac-f742e69d6053: receive RaftClientReply:client-D63F27167560->f8e72f0f-27ad-4da0-a4ac-f742e69d6053@group-6FC1333E43B6, cid=44, FAILED org.apache.ratis.protocol.NotLeaderException: Server f8e72f0f-27ad-4da0-a4ac-f742e69d6053 is not the leader (838608ba-8b7b-40e1-8b89-0ac8f38cbb42:192.168.34.53:41281). Request must be sent to leader., logIndex=0, commits[f8e72f0f-27ad-4da0-a4ac-f742e69d6053:c8, 838608ba-8b7b-40e1-8b89-0ac8f38cbb42:c8, 09804a23-7f5e-4639-98b0-dd8aac3c1a3d:c8]
2019-09-05 03:26:46,070 | INFO  | SCMAudit | user=jenkins1000 | ip=192.168.34.53 | op=SEND_HEARTBEAT {datanodeUUID=56431364-4f3b-4c40-806d-c9164d34aa1e, command=[]} | ret=SUCCESS |  
2019-09-05 03:26:46,287 | INFO  | SCMAudit | user=jenkins1000 | ip=192.168.34.53 | op=SEND_HEARTBEAT {datanodeUUID=3ae5d83c-115d-493e-a141-01bd711a0fb1, command=[]} | ret=SUCCESS |  
2019-09-05 03:26:46,325 | INFO  | SCMAudit | user=jenkins1000 | ip=192.168.34.53 | op=SEND_HEARTBEAT {datanodeUUID=09804a23-7f5e-4639-98b0-dd8aac3c1a3d, command=[]} | ret=SUCCESS |  
2019-09-05 03:26:46,355 | INFO  | SCMAudit | user=jenkins1000 | ip=192.168.34.53 | op=SEND_HEARTBEAT {datanodeUUID=f8e72f0f-27ad-4da0-a4ac-f742e69d6053, command=[]} | ret=SUCCESS |  
2019-09-05 03:26:46,356 | INFO  | SCMAudit | user=jenkins1000 | ip=192.168.34.53 | op=SEND_HEARTBEAT {datanodeUUID=838608ba-8b7b-40e1-8b89-0ac8f38cbb42, command=[]} | ret=SUCCESS |  
2019-09-05 03:26:46,490 | INFO  | SCMAudit | user=jenkins1000 | ip=192.168.34.53 | op=SEND_HEARTBEAT {datanodeUUID=514a2e68-35f0-4c50-97b9-a7f344dd70d0, command=[]} | ret=SUCCESS |  
2019-09-05 03:26:46,732 | INFO  | SCMAudit | user=jenkins1000 | ip=192.168.34.53 | op=SEND_HEARTBEAT {datanodeUUID=d5831d47-7264-4585-8f97-4cba7bdc2965, command=[]} | ret=SUCCESS |  
2019-09-05 03:26:47,070 | INFO  | SCMAudit | user=jenkins1000 | ip=192.168.34.53 | op=SEND_HEARTBEAT {datanodeUUID=56431364-4f3b-4c40-806d-c9164d34aa1e, command=[]} | ret=SUCCESS |  
2019-09-05 03:26:47,287 | INFO  | SCMAudit | user=jenkins1000 | ip=192.168.34.53 | op=SEND_HEARTBEAT {datanodeUUID=3ae5d83c-115d-493e-a141-01bd711a0fb1, command=[]} | ret=SUCCESS |  
2019-09-05 03:26:47,326 | INFO  | SCMAudit | user=jenkins1000 | ip=192.168.34.53 | op=SEND_HEARTBEAT {datanodeUUID=09804a23-7f5e-4639-98b0-dd8aac3c1a3d, command=[]} | ret=SUCCESS |  
2019-09-05 03:26:47,355 | INFO  | SCMAudit | user=jenkins1000 | ip=192.168.34.53 | op=SEND_HEARTBEAT {datanodeUUID=f8e72f0f-27ad-4da0-a4ac-f742e69d6053, command=[]} | ret=SUCCESS |  
2019-09-05 03:26:47,357 | INFO  | SCMAudit | user=jenkins1000 | ip=192.168.34.53 | op=SEND_HEARTBEAT {datanodeUUID=838608ba-8b7b-40e1-8b89-0ac8f38cbb42, command=[]} | ret=SUCCESS |  
2019-09-05 03:26:47,491 | INFO  | SCMAudit | user=jenkins1000 | ip=192.168.34.53 | op=SEND_HEARTBEAT {datanodeUUID=514a2e68-35f0-4c50-97b9-a7f344dd70d0, command=[]} | ret=SUCCESS |  
2019-09-05 03:26:47,732 | INFO  | SCMAudit | user=jenkins1000 | ip=192.168.34.53 | op=SEND_HEARTBEAT {datanodeUUID=d5831d47-7264-4585-8f97-4cba7bdc2965, command=[]} | ret=SUCCESS |  
2019-09-05 03:26:48,069 | INFO  | SCMAudit | user=jenkins1000 | ip=192.168.34.53 | op=SEND_HEARTBEAT {datanodeUUID=56431364-4f3b-4c40-806d-c9164d34aa1e, command=[]} | ret=SUCCESS |  
2019-09-05 03:26:48,287 | INFO  | SCMAudit | user=jenkins1000 | ip=192.168.34.53 | op=SEND_HEARTBEAT {datanodeUUID=3ae5d83c-115d-493e-a141-01bd711a0fb1, command=[]} | ret=SUCCESS |  
2019-09-05 03:26:48,326 | INFO  | SCMAudit | user=jenkins1000 | ip=192.168.34.53 | op=SEND_HEARTBEAT {datanodeUUID=09804a23-7f5e-4639-98b0-dd8aac3c1a3d, command=[]} | ret=SUCCESS |  
2019-09-05 03:26:48,355 | INFO  | SCMAudit | user=jenkins1000 | ip=192.168.34.53 | op=SEND_HEARTBEAT {datanodeUUID=f8e72f0f-27ad-4da0-a4ac-f742e69d6053, command=[]} | ret=SUCCESS |  
2019-09-05 03:26:48,357 | INFO  | SCMAudit | user=jenkins1000 | ip=192.168.34.53 | op=SEND_HEARTBEAT {datanodeUUID=838608ba-8b7b-40e1-8b89-0ac8f38cbb42, command=[]} | ret=SUCCESS |  
2019-09-05 03:26:48,490 | INFO  | SCMAudit | user=jenkins1000 | ip=192.168.34.53 | op=SEND_HEARTBEAT {datanodeUUID=514a2e68-35f0-4c50-97b9-a7f344dd70d0, command=[]} | ret=SUCCESS |  
2019-09-05 03:26:48,733 | INFO  | SCMAudit | user=jenkins1000 | ip=192.168.34.53 | op=SEND_HEARTBEAT {datanodeUUID=d5831d47-7264-4585-8f97-4cba7bdc2965, command=[]} | ret=SUCCESS |  
2019-09-05 03:26:49,070 | INFO  | SCMAudit | user=jenkins1000 | ip=192.168.34.53 | op=SEND_HEARTBEAT {datanodeUUID=56431364-4f3b-4c40-806d-c9164d34aa1e, command=[]} | ret=SUCCESS |  
2019-09-05 03:26:49,288 | INFO  | SCMAudit | user=jenkins1000 | ip=192.168.34.53 | op=SEND_HEARTBEAT {datanodeUUID=3ae5d83c-115d-493e-a141-01bd711a0fb1, command=[]} | ret=SUCCESS |  
2019-09-05 03:26:49,326 | INFO  | SCMAudit | user=jenkins1000 | ip=192.168.34.53 | op=SEND_HEARTBEAT {datanodeUUID=09804a23-7f5e-4639-98b0-dd8aac3c1a3d, command=[]} | ret=SUCCESS |  
2019-09-05 03:26:49,355 | INFO  | SCMAudit | user=jenkins1000 | ip=192.168.34.53 | op=SEND_HEARTBEAT {datanodeUUID=f8e72f0f-27ad-4da0-a4ac-f742e69d6053, command=[]} | ret=SUCCESS |  
2019-09-05 03:26:49,357 | INFO  | SCMAudit | user=jenkins1000 | ip=192.168.34.53 | op=SEND_HEARTBEAT {datanodeUUID=838608ba-8b7b-40e1-8b89-0ac8f38cbb42, command=[]} | ret=SUCCESS |  
2019-09-05 03:26:49,491 | INFO  | SCMAudit | user=jenkins1000 | ip=192.168.34.53 | op=SEND_HEARTBEAT {datanodeUUID=514a2e68-35f0-4c50-97b9-a7f344dd70d0, command=[]} | ret=SUCCESS |  
2019-09-05 03:26:49,735 | INFO  | SCMAudit | user=jenkins1000 | ip=192.168.34.53 | op=SEND_HEARTBEAT {datanodeUUID=d5831d47-7264-4585-8f97-4cba7bdc2965, command=[]} | ret=SUCCESS |  
2019-09-05 03:26:50,069 | INFO  | SCMAudit | user=jenkins1000 | ip=192.168.34.53 | op=SEND_HEARTBEAT {datanodeUUID=56431364-4f3b-4c40-806d-c9164d34aa1e, command=[]} | ret=SUCCESS |  
2019-09-05 03:26:50,287 | INFO  | SCMAudit | user=jenkins1000 | ip=192.168.34.53 | op=SEND_HEARTBEAT {datanodeUUID=3ae5d83c-115d-493e-a141-01bd711a0fb1, command=[]} | ret=SUCCESS |  
2019-09-05 03:26:50,327 | INFO  | SCMAudit | user=jenkins1000 | ip=192.168.34.53 | op=SEND_HEARTBEAT {datanodeUUID=09804a23-7f5e-4639-98b0-dd8aac3c1a3d, command=[]} | ret=SUCCESS |  
2019-09-05 03:26:50,356 | INFO  | SCMAudit | user=jenkins1000 | ip=192.168.34.53 | op=SEND_HEARTBEAT {datanodeUUID=f8e72f0f-27ad-4da0-a4ac-f742e69d6053, command=[]} | ret=SUCCESS |  
2019-09-05 03:26:50,357 | INFO  | SCMAudit | user=jenkins1000 | ip=192.168.34.53 | op=SEND_HEARTBEAT {datanodeUUID=838608ba-8b7b-40e1-8b89-0ac8f38cbb42, command=[]} | ret=SUCCESS |  
2019-09-05 03:26:50,490 | INFO  | SCMAudit | user=jenkins1000 | ip=192.168.34.53 | op=SEND_HEARTBEAT {datanodeUUID=514a2e68-35f0-4c50-97b9-a7f344dd70d0, command=[]} | ret=SUCCESS |  
2019-09-05 03:26:50,733 | INFO  | SCMAudit | user=jenkins1000 | ip=192.168.34.53 | op=SEND_HEARTBEAT {datanodeUUID=d5831d47-7264-4585-8f97-4cba7bdc2965, command=[]} | ret=SUCCESS |  
2019-09-05 03:26:50,910 [grpc-default-executor-3] INFO  client.GrpcClientProtocolClient (GrpcClientProtocolClient.java:onNext(255)) - client-D63F27167560->f8e72f0f-27ad-4da0-a4ac-f742e69d6053: receive RaftClientReply:client-D63F27167560->f8e72f0f-27ad-4da0-a4ac-f742e69d6053@group-6FC1333E43B6, cid=44, FAILED org.apache.ratis.protocol.NotLeaderException: Server f8e72f0f-27ad-4da0-a4ac-f742e69d6053 is not the leader (838608ba-8b7b-40e1-8b89-0ac8f38cbb42:192.168.34.53:41281). Request must be sent to leader., logIndex=0, commits[f8e72f0f-27ad-4da0-a4ac-f742e69d6053:c8, 838608ba-8b7b-40e1-8b89-0ac8f38cbb42:c8, 09804a23-7f5e-4639-98b0-dd8aac3c1a3d:c8]
2019-09-05 03:26:51,070 | INFO  | SCMAudit | user=jenkins1000 | ip=192.168.34.53 | op=SEND_HEARTBEAT {datanodeUUID=56431364-4f3b-4c40-806d-c9164d34aa1e, command=[]} | ret=SUCCESS |  
2019-09-05 03:26:51,288 | INFO  | SCMAudit | user=jenkins1000 | ip=192.168.34.53 | op=SEND_HEARTBEAT {datanodeUUID=3ae5d83c-115d-493e-a141-01bd711a0fb1, command=[]} | ret=SUCCESS |  
2019-09-05 03:26:51,327 | INFO  | SCMAudit | user=jenkins1000 | ip=192.168.34.53 | op=SEND_HEARTBEAT {datanodeUUID=09804a23-7f5e-4639-98b0-dd8aac3c1a3d, command=[]} | ret=SUCCESS |  
2019-09-05 03:26:51,356 | INFO  | SCMAudit | user=jenkins1000 | ip=192.168.34.53 | op=SEND_HEARTBEAT {datanodeUUID=f8e72f0f-27ad-4da0-a4ac-f742e69d6053, command=[]} | ret=SUCCESS |  
2019-09-05 03:26:51,357 | INFO  | SCMAudit | user=jenkins1000 | ip=192.168.34.53 | op=SEND_HEARTBEAT {datanodeUUID=838608ba-8b7b-40e1-8b89-0ac8f38cbb42, command=[]} | ret=SUCCESS |  
2019-09-05 03:26:51,491 | INFO  | SCMAudit | user=jenkins1000 | ip=192.168.34.53 | op=SEND_HEARTBEAT {datanodeUUID=514a2e68-35f0-4c50-97b9-a7f344dd70d0, command=[]} | ret=SUCCESS |  
2019-09-05 03:26:51,733 | INFO  | SCMAudit | user=jenkins1000 | ip=192.168.34.53 | op=SEND_HEARTBEAT {datanodeUUID=d5831d47-7264-4585-8f97-4cba7bdc2965, command=[]} | ret=SUCCESS |  
2019-09-05 03:26:52,070 | INFO  | SCMAudit | user=jenkins1000 | ip=192.168.34.53 | op=SEND_HEARTBEAT {datanodeUUID=56431364-4f3b-4c40-806d-c9164d34aa1e, command=[]} | ret=SUCCESS |  
2019-09-05 03:26:52,287 | INFO  | SCMAudit | user=jenkins1000 | ip=192.168.34.53 | op=SEND_HEARTBEAT {datanodeUUID=3ae5d83c-115d-493e-a141-01bd711a0fb1, command=[]} | ret=SUCCESS |  
2019-09-05 03:26:52,327 | INFO  | SCMAudit | user=jenkins1000 | ip=192.168.34.53 | op=SEND_HEARTBEAT {datanodeUUID=09804a23-7f5e-4639-98b0-dd8aac3c1a3d, command=[]} | ret=SUCCESS |  
2019-09-05 03:26:52,355 | INFO  | SCMAudit | user=jenkins1000 | ip=192.168.34.53 | op=SEND_HEARTBEAT {datanodeUUID=f8e72f0f-27ad-4da0-a4ac-f742e69d6053, command=[]} | ret=SUCCESS |  
2019-09-05 03:26:52,358 | INFO  | SCMAudit | user=jenkins1000 | ip=192.168.34.53 | op=SEND_HEARTBEAT {datanodeUUID=838608ba-8b7b-40e1-8b89-0ac8f38cbb42, command=[]} | ret=SUCCESS |  
2019-09-05 03:26:52,491 | INFO  | SCMAudit | user=jenkins1000 | ip=192.168.34.53 | op=SEND_HEARTBEAT {datanodeUUID=514a2e68-35f0-4c50-97b9-a7f344dd70d0, command=[]} | ret=SUCCESS |  
2019-09-05 03:26:52,734 | INFO  | SCMAudit | user=jenkins1000 | ip=192.168.34.53 | op=SEND_HEARTBEAT {datanodeUUID=d5831d47-7264-4585-8f97-4cba7bdc2965, command=[]} | ret=SUCCESS |  
2019-09-05 03:26:53,070 | INFO  | SCMAudit | user=jenkins1000 | ip=192.168.34.53 | op=SEND_HEARTBEAT {datanodeUUID=56431364-4f3b-4c40-806d-c9164d34aa1e, command=[]} | ret=SUCCESS |  
2019-09-05 03:26:53,288 | INFO  | SCMAudit | user=jenkins1000 | ip=192.168.34.53 | op=SEND_HEARTBEAT {datanodeUUID=3ae5d83c-115d-493e-a141-01bd711a0fb1, command=[]} | ret=SUCCESS |  
2019-09-05 03:26:53,328 | INFO  | SCMAudit | user=jenkins1000 | ip=192.168.34.53 | op=SEND_HEARTBEAT {datanodeUUID=09804a23-7f5e-4639-98b0-dd8aac3c1a3d, command=[]} | ret=SUCCESS |  
2019-09-05 03:26:53,355 | INFO  | SCMAudit | user=jenkins1000 | ip=192.168.34.53 | op=SEND_HEARTBEAT {datanodeUUID=f8e72f0f-27ad-4da0-a4ac-f742e69d6053, command=[]} | ret=SUCCESS |  
2019-09-05 03:26:53,358 | INFO  | SCMAudit | user=jenkins1000 | ip=192.168.34.53 | op=SEND_HEARTBEAT {datanodeUUID=838608ba-8b7b-40e1-8b89-0ac8f38cbb42, command=[]} | ret=SUCCESS |  
2019-09-05 03:26:53,491 | INFO  | SCMAudit | user=jenkins1000 | ip=192.168.34.53 | op=SEND_HEARTBEAT {datanodeUUID=514a2e68-35f0-4c50-97b9-a7f344dd70d0, command=[]} | ret=SUCCESS |  
2019-09-05 03:26:53,733 | INFO  | SCMAudit | user=jenkins1000 | ip=192.168.34.53 | op=SEND_HEARTBEAT {datanodeUUID=d5831d47-7264-4585-8f97-4cba7bdc2965, command=[]} | ret=SUCCESS |  
2019-09-05 03:26:54,071 | INFO  | SCMAudit | user=jenkins1000 | ip=192.168.34.53 | op=SEND_HEARTBEAT {datanodeUUID=56431364-4f3b-4c40-806d-c9164d34aa1e, command=[]} | ret=SUCCESS |  
2019-09-05 03:26:54,287 | INFO  | SCMAudit | user=jenkins1000 | ip=192.168.34.53 | op=SEND_HEARTBEAT {datanodeUUID=3ae5d83c-115d-493e-a141-01bd711a0fb1, command=[]} | ret=SUCCESS |  
2019-09-05 03:26:54,327 | INFO  | SCMAudit | user=jenkins1000 | ip=192.168.34.53 | op=SEND_HEARTBEAT {datanodeUUID=09804a23-7f5e-4639-98b0-dd8aac3c1a3d, command=[]} | ret=SUCCESS |  
2019-09-05 03:26:54,356 | INFO  | SCMAudit | user=jenkins1000 | ip=192.168.34.53 | op=SEND_HEARTBEAT {datanodeUUID=f8e72f0f-27ad-4da0-a4ac-f742e69d6053, command=[]} | ret=SUCCESS |  
2019-09-05 03:26:54,366 | INFO  | SCMAudit | user=jenkins1000 | ip=192.168.34.53 | op=SEND_HEARTBEAT {datanodeUUID=838608ba-8b7b-40e1-8b89-0ac8f38cbb42, command=[]} | ret=SUCCESS |  
2019-09-05 03:26:54,491 | INFO  | SCMAudit | user=jenkins1000 | ip=192.168.34.53 | op=SEND_HEARTBEAT {datanodeUUID=514a2e68-35f0-4c50-97b9-a7f344dd70d0, command=[]} | ret=SUCCESS |  
2019-09-05 03:26:54,734 | INFO  | SCMAudit | user=jenkins1000 | ip=192.168.34.53 | op=SEND_HEARTBEAT {datanodeUUID=d5831d47-7264-4585-8f97-4cba7bdc2965, command=[]} | ret=SUCCESS |  
2019-09-05 03:26:55,071 | INFO  | SCMAudit | user=jenkins1000 | ip=192.168.34.53 | op=SEND_HEARTBEAT {datanodeUUID=56431364-4f3b-4c40-806d-c9164d34aa1e, command=[]} | ret=SUCCESS |  
2019-09-05 03:26:55,288 | INFO  | SCMAudit | user=jenkins1000 | ip=192.168.34.53 | op=SEND_HEARTBEAT {datanodeUUID=3ae5d83c-115d-493e-a141-01bd711a0fb1, command=[]} | ret=SUCCESS |  
2019-09-05 03:26:55,328 | INFO  | SCMAudit | user=jenkins1000 | ip=192.168.34.53 | op=SEND_HEARTBEAT {datanodeUUID=09804a23-7f5e-4639-98b0-dd8aac3c1a3d, command=[]} | ret=SUCCESS |  
2019-09-05 03:26:55,356 | INFO  | SCMAudit | user=jenkins1000 | ip=192.168.34.53 | op=SEND_HEARTBEAT {datanodeUUID=f8e72f0f-27ad-4da0-a4ac-f742e69d6053, command=[]} | ret=SUCCESS |  
2019-09-05 03:26:55,361 | INFO  | SCMAudit | user=jenkins1000 | ip=192.168.34.53 | op=SEND_HEARTBEAT {datanodeUUID=838608ba-8b7b-40e1-8b89-0ac8f38cbb42, command=[]} | ret=SUCCESS |  
2019-09-05 03:26:55,492 | INFO  | SCMAudit | user=jenkins1000 | ip=192.168.34.53 | op=SEND_HEARTBEAT {datanodeUUID=514a2e68-35f0-4c50-97b9-a7f344dd70d0, command=[]} | ret=SUCCESS |  
2019-09-05 03:26:55,733 | INFO  | SCMAudit | user=jenkins1000 | ip=192.168.34.53 | op=SEND_HEARTBEAT {datanodeUUID=d5831d47-7264-4585-8f97-4cba7bdc2965, command=[]} | ret=SUCCESS |  
2019-09-05 03:26:55,949 [grpc-default-executor-3] INFO  client.GrpcClientProtocolClient (GrpcClientProtocolClient.java:onNext(255)) - client-D63F27167560->f8e72f0f-27ad-4da0-a4ac-f742e69d6053: receive RaftClientReply:client-D63F27167560->f8e72f0f-27ad-4da0-a4ac-f742e69d6053@group-6FC1333E43B6, cid=44, FAILED org.apache.ratis.protocol.NotLeaderException: Server f8e72f0f-27ad-4da0-a4ac-f742e69d6053 is not the leader (838608ba-8b7b-40e1-8b89-0ac8f38cbb42:192.168.34.53:41281). Request must be sent to leader., logIndex=0, commits[f8e72f0f-27ad-4da0-a4ac-f742e69d6053:c8, 838608ba-8b7b-40e1-8b89-0ac8f38cbb42:c8, 09804a23-7f5e-4639-98b0-dd8aac3c1a3d:c8]
2019-09-05 03:26:56,070 | INFO  | SCMAudit | user=jenkins1000 | ip=192.168.34.53 | op=SEND_HEARTBEAT {datanodeUUID=56431364-4f3b-4c40-806d-c9164d34aa1e, command=[]} | ret=SUCCESS |  
2019-09-05 03:26:56,289 | INFO  | SCMAudit | user=jenkins1000 | ip=192.168.34.53 | op=SEND_HEARTBEAT {datanodeUUID=3ae5d83c-115d-493e-a141-01bd711a0fb1, command=[]} | ret=SUCCESS |  
2019-09-05 03:26:56,327 | INFO  | SCMAudit | user=jenkins1000 | ip=192.168.34.53 | op=SEND_HEARTBEAT {datanodeUUID=09804a23-7f5e-4639-98b0-dd8aac3c1a3d, command=[]} | ret=SUCCESS |  
2019-09-05 03:26:56,356 | INFO  | SCMAudit | user=jenkins1000 | ip=192.168.34.53 | op=SEND_HEARTBEAT {datanodeUUID=f8e72f0f-27ad-4da0-a4ac-f742e69d6053, command=[]} | ret=SUCCESS |  
2019-09-05 03:26:56,361 | INFO  | SCMAudit | user=jenkins1000 | ip=192.168.34.53 | op=SEND_HEARTBEAT {datanodeUUID=838608ba-8b7b-40e1-8b89-0ac8f38cbb42, command=[]} | ret=SUCCESS |  
2019-09-05 03:26:56,492 | INFO  | SCMAudit | user=jenkins1000 | ip=192.168.34.53 | op=SEND_HEARTBEAT {datanodeUUID=514a2e68-35f0-4c50-97b9-a7f344dd70d0, command=[]} | ret=SUCCESS |  
2019-09-05 03:26:56,734 | INFO  | SCMAudit | user=jenkins1000 | ip=192.168.34.53 | op=SEND_HEARTBEAT {datanodeUUID=d5831d47-7264-4585-8f97-4cba7bdc2965, command=[]} | ret=SUCCESS |  
2019-09-05 03:26:57,071 | INFO  | SCMAudit | user=jenkins1000 | ip=192.168.34.53 | op=SEND_HEARTBEAT {datanodeUUID=56431364-4f3b-4c40-806d-c9164d34aa1e, command=[]} | ret=SUCCESS |  
2019-09-05 03:26:57,288 | INFO  | SCMAudit | user=jenkins1000 | ip=192.168.34.53 | op=SEND_HEARTBEAT {datanodeUUID=3ae5d83c-115d-493e-a141-01bd711a0fb1, command=[]} | ret=SUCCESS |  
2019-09-05 03:26:57,327 | INFO  | SCMAudit | user=jenkins1000 | ip=192.168.34.53 | op=SEND_HEARTBEAT {datanodeUUID=09804a23-7f5e-4639-98b0-dd8aac3c1a3d, command=[]} | ret=SUCCESS |  
2019-09-05 03:26:57,361 | INFO  | SCMAudit | user=jenkins1000 | ip=192.168.34.53 | op=SEND_HEARTBEAT {datanodeUUID=f8e72f0f-27ad-4da0-a4ac-f742e69d6053, command=[]} | ret=SUCCESS |  
2019-09-05 03:26:57,361 | INFO  | SCMAudit | user=jenkins1000 | ip=192.168.34.53 | op=SEND_HEARTBEAT {datanodeUUID=838608ba-8b7b-40e1-8b89-0ac8f38cbb42, command=[]} | ret=SUCCESS |  
2019-09-05 03:26:57,492 | INFO  | SCMAudit | user=jenkins1000 | ip=192.168.34.53 | op=SEND_HEARTBEAT {datanodeUUID=514a2e68-35f0-4c50-97b9-a7f344dd70d0, command=[]} | ret=SUCCESS |  
2019-09-05 03:26:57,734 | INFO  | SCMAudit | user=jenkins1000 | ip=192.168.34.53 | op=SEND_HEARTBEAT {datanodeUUID=d5831d47-7264-4585-8f97-4cba7bdc2965, command=[]} | ret=SUCCESS |  
2019-09-05 03:26:58,070 | INFO  | SCMAudit | user=jenkins1000 | ip=192.168.34.53 | op=SEND_HEARTBEAT {datanodeUUID=56431364-4f3b-4c40-806d-c9164d34aa1e, command=[]} | ret=SUCCESS |  
2019-09-05 03:26:58,289 | INFO  | SCMAudit | user=jenkins1000 | ip=192.168.34.53 | op=SEND_HEARTBEAT {datanodeUUID=3ae5d83c-115d-493e-a141-01bd711a0fb1, command=[]} | ret=SUCCESS |  
2019-09-05 03:26:58,328 | INFO  | SCMAudit | user=jenkins1000 | ip=192.168.34.53 | op=SEND_HEARTBEAT {datanodeUUID=09804a23-7f5e-4639-98b0-dd8aac3c1a3d, command=[]} | ret=SUCCESS |  
2019-09-05 03:26:58,358 | INFO  | SCMAudit | user=jenkins1000 | ip=192.168.34.53 | op=SEND_HEARTBEAT {datanodeUUID=f8e72f0f-27ad-4da0-a4ac-f742e69d6053, command=[]} | ret=SUCCESS |  
2019-09-05 03:26:58,365 | INFO  | SCMAudit | user=jenkins1000 | ip=192.168.34.53 | op=SEND_HEARTBEAT {datanodeUUID=838608ba-8b7b-40e1-8b89-0ac8f38cbb42, command=[]} | ret=SUCCESS |  
2019-09-05 03:26:58,492 | INFO  | SCMAudit | user=jenkins1000 | ip=192.168.34.53 | op=SEND_HEARTBEAT {datanodeUUID=514a2e68-35f0-4c50-97b9-a7f344dd70d0, command=[]} | ret=SUCCESS |  
2019-09-05 03:26:58,734 | INFO  | SCMAudit | user=jenkins1000 | ip=192.168.34.53 | op=SEND_HEARTBEAT {datanodeUUID=d5831d47-7264-4585-8f97-4cba7bdc2965, command=[]} | ret=SUCCESS |  
2019-09-05 03:26:59,071 | INFO  | SCMAudit | user=jenkins1000 | ip=192.168.34.53 | op=SEND_HEARTBEAT {datanodeUUID=56431364-4f3b-4c40-806d-c9164d34aa1e, command=[]} | ret=SUCCESS |  
2019-09-05 03:26:59,289 | INFO  | SCMAudit | user=jenkins1000 | ip=192.168.34.53 | op=SEND_HEARTBEAT {datanodeUUID=3ae5d83c-115d-493e-a141-01bd711a0fb1, command=[]} | ret=SUCCESS |  
2019-09-05 03:26:59,327 | INFO  | SCMAudit | user=jenkins1000 | ip=192.168.34.53 | op=SEND_HEARTBEAT {datanodeUUID=09804a23-7f5e-4639-98b0-dd8aac3c1a3d, command=[]} | ret=SUCCESS |  
2019-09-05 03:26:59,358 | INFO  | SCMAudit | user=jenkins1000 | ip=192.168.34.53 | op=SEND_HEARTBEAT {datanodeUUID=f8e72f0f-27ad-4da0-a4ac-f742e69d6053, command=[]} | ret=SUCCESS |  
2019-09-05 03:26:59,365 | INFO  | SCMAudit | user=jenkins1000 | ip=192.168.34.53 | op=SEND_HEARTBEAT {datanodeUUID=838608ba-8b7b-40e1-8b89-0ac8f38cbb42, command=[]} | ret=SUCCESS |  
2019-09-05 03:26:59,493 | INFO  | SCMAudit | user=jenkins1000 | ip=192.168.34.53 | op=SEND_HEARTBEAT {datanodeUUID=514a2e68-35f0-4c50-97b9-a7f344dd70d0, command=[]} | ret=SUCCESS |  
2019-09-05 03:26:59,734 | INFO  | SCMAudit | user=jenkins1000 | ip=192.168.34.53 | op=SEND_HEARTBEAT {datanodeUUID=d5831d47-7264-4585-8f97-4cba7bdc2965, command=[]} | ret=SUCCESS |  
2019-09-05 03:27:00,070 | INFO  | SCMAudit | user=jenkins1000 | ip=192.168.34.53 | op=SEND_HEARTBEAT {datanodeUUID=56431364-4f3b-4c40-806d-c9164d34aa1e, command=[]} | ret=SUCCESS |  
2019-09-05 03:27:00,289 | INFO  | SCMAudit | user=jenkins1000 | ip=192.168.34.53 | op=SEND_HEARTBEAT {datanodeUUID=3ae5d83c-115d-493e-a141-01bd711a0fb1, command=[]} | ret=SUCCESS |  
2019-09-05 03:27:00,328 | INFO  | SCMAudit | user=jenkins1000 | ip=192.168.34.53 | op=SEND_HEARTBEAT {datanodeUUID=09804a23-7f5e-4639-98b0-dd8aac3c1a3d, command=[]} | ret=SUCCESS |  
2019-09-05 03:27:00,358 | INFO  | SCMAudit | user=jenkins1000 | ip=192.168.34.53 | op=SEND_HEARTBEAT {datanodeUUID=f8e72f0f-27ad-4da0-a4ac-f742e69d6053, command=[]} | ret=SUCCESS |  
2019-09-05 03:27:00,365 | INFO  | SCMAudit | user=jenkins1000 | ip=192.168.34.53 | op=SEND_HEARTBEAT {datanodeUUID=838608ba-8b7b-40e1-8b89-0ac8f38cbb42, command=[]} | ret=SUCCESS |  
2019-09-05 03:27:00,492 | INFO  | SCMAudit | user=jenkins1000 | ip=192.168.34.53 | op=SEND_HEARTBEAT {datanodeUUID=514a2e68-35f0-4c50-97b9-a7f344dd70d0, command=[]} | ret=SUCCESS |  
2019-09-05 03:27:00,735 | INFO  | SCMAudit | user=jenkins1000 | ip=192.168.34.53 | op=SEND_HEARTBEAT {datanodeUUID=d5831d47-7264-4585-8f97-4cba7bdc2965, command=[]} | ret=SUCCESS |  
2019-09-05 03:27:00,989 [grpc-default-executor-0] INFO  client.GrpcClientProtocolClient (GrpcClientProtocolClient.java:onNext(255)) - client-D63F27167560->f8e72f0f-27ad-4da0-a4ac-f742e69d6053: receive RaftClientReply:client-D63F27167560->f8e72f0f-27ad-4da0-a4ac-f742e69d6053@group-6FC1333E43B6, cid=44, FAILED org.apache.ratis.protocol.NotLeaderException: Server f8e72f0f-27ad-4da0-a4ac-f742e69d6053 is not the leader (838608ba-8b7b-40e1-8b89-0ac8f38cbb42:192.168.34.53:41281). Request must be sent to leader., logIndex=0, commits[f8e72f0f-27ad-4da0-a4ac-f742e69d6053:c8, 838608ba-8b7b-40e1-8b89-0ac8f38cbb42:c8, 09804a23-7f5e-4639-98b0-dd8aac3c1a3d:c8]
2019-09-05 03:27:01,071 | INFO  | SCMAudit | user=jenkins1000 | ip=192.168.34.53 | op=SEND_HEARTBEAT {datanodeUUID=56431364-4f3b-4c40-806d-c9164d34aa1e, command=[]} | ret=SUCCESS |  
2019-09-05 03:27:01,289 | INFO  | SCMAudit | user=jenkins1000 | ip=192.168.34.53 | op=SEND_HEARTBEAT {datanodeUUID=3ae5d83c-115d-493e-a141-01bd711a0fb1, command=[]} | ret=SUCCESS |  
2019-09-05 03:27:01,328 | INFO  | SCMAudit | user=jenkins1000 | ip=192.168.34.53 | op=SEND_HEARTBEAT {datanodeUUID=09804a23-7f5e-4639-98b0-dd8aac3c1a3d, command=[]} | ret=SUCCESS |  
2019-09-05 03:27:01,359 | INFO  | SCMAudit | user=jenkins1000 | ip=192.168.34.53 | op=SEND_HEARTBEAT {datanodeUUID=f8e72f0f-27ad-4da0-a4ac-f742e69d6053, command=[]} | ret=SUCCESS |  
2019-09-05 03:27:01,365 | INFO  | SCMAudit | user=jenkins1000 | ip=192.168.34.53 | op=SEND_HEARTBEAT {datanodeUUID=838608ba-8b7b-40e1-8b89-0ac8f38cbb42, command=[]} | ret=SUCCESS |  
2019-09-05 03:27:01,492 | INFO  | SCMAudit | user=jenkins1000 | ip=192.168.34.53 | op=SEND_HEARTBEAT {datanodeUUID=514a2e68-35f0-4c50-97b9-a7f344dd70d0, command=[]} | ret=SUCCESS |  
2019-09-05 03:27:01,735 | INFO  | SCMAudit | user=jenkins1000 | ip=192.168.34.53 | op=SEND_HEARTBEAT {datanodeUUID=d5831d47-7264-4585-8f97-4cba7bdc2965, command=[]} | ret=SUCCESS |  
2019-09-05 03:27:02,070 | INFO  | SCMAudit | user=jenkins1000 | ip=192.168.34.53 | op=SEND_HEARTBEAT {datanodeUUID=56431364-4f3b-4c40-806d-c9164d34aa1e, command=[]} | ret=SUCCESS |  
2019-09-05 03:27:02,290 | INFO  | SCMAudit | user=jenkins1000 | ip=192.168.34.53 | op=SEND_HEARTBEAT {datanodeUUID=3ae5d83c-115d-493e-a141-01bd711a0fb1, command=[]} | ret=SUCCESS |  
2019-09-05 03:27:02,328 | INFO  | SCMAudit | user=jenkins1000 | ip=192.168.34.53 | op=SEND_HEARTBEAT {datanodeUUID=09804a23-7f5e-4639-98b0-dd8aac3c1a3d, command=[]} | ret=SUCCESS |  
2019-09-05 03:27:02,358 | INFO  | SCMAudit | user=jenkins1000 | ip=192.168.34.53 | op=SEND_HEARTBEAT {datanodeUUID=f8e72f0f-27ad-4da0-a4ac-f742e69d6053, command=[]} | ret=SUCCESS |  
2019-09-05 03:27:02,365 | INFO  | SCMAudit | user=jenkins1000 | ip=192.168.34.53 | op=SEND_HEARTBEAT {datanodeUUID=838608ba-8b7b-40e1-8b89-0ac8f38cbb42, command=[]} | ret=SUCCESS |  
2019-09-05 03:27:02,493 | INFO  | SCMAudit | user=jenkins1000 | ip=192.168.34.53 | op=SEND_HEARTBEAT {datanodeUUID=514a2e68-35f0-4c50-97b9-a7f344dd70d0, command=[]} | ret=SUCCESS |  
2019-09-05 03:27:02,735 | INFO  | SCMAudit | user=jenkins1000 | ip=192.168.34.53 | op=SEND_HEARTBEAT {datanodeUUID=d5831d47-7264-4585-8f97-4cba7bdc2965, command=[]} | ret=SUCCESS |  
2019-09-05 03:27:03,071 | INFO  | SCMAudit | user=jenkins1000 | ip=192.168.34.53 | op=SEND_HEARTBEAT {datanodeUUID=56431364-4f3b-4c40-806d-c9164d34aa1e, command=[]} | ret=SUCCESS |  
2019-09-05 03:27:03,290 | INFO  | SCMAudit | user=jenkins1000 | ip=192.168.34.53 | op=SEND_HEARTBEAT {datanodeUUID=3ae5d83c-115d-493e-a141-01bd711a0fb1, command=[]} | ret=SUCCESS |  
2019-09-05 03:27:03,328 | INFO  | SCMAudit | user=jenkins1000 | ip=192.168.34.53 | op=SEND_HEARTBEAT {datanodeUUID=09804a23-7f5e-4639-98b0-dd8aac3c1a3d, command=[]} | ret=SUCCESS |  
2019-09-05 03:27:03,358 | INFO  | SCMAudit | user=jenkins1000 | ip=192.168.34.53 | op=SEND_HEARTBEAT {datanodeUUID=f8e72f0f-27ad-4da0-a4ac-f742e69d6053, command=[]} | ret=SUCCESS |  
2019-09-05 03:27:03,366 | INFO  | SCMAudit | user=jenkins1000 | ip=192.168.34.53 | op=SEND_HEARTBEAT {datanodeUUID=838608ba-8b7b-40e1-8b89-0ac8f38cbb42, command=[]} | ret=SUCCESS |  
2019-09-05 03:27:03,492 | INFO  | SCMAudit | user=jenkins1000 | ip=192.168.34.53 | op=SEND_HEARTBEAT {datanodeUUID=514a2e68-35f0-4c50-97b9-a7f344dd70d0, command=[]} | ret=SUCCESS |  
2019-09-05 03:27:03,735 | INFO  | SCMAudit | user=jenkins1000 | ip=192.168.34.53 | op=SEND_HEARTBEAT {datanodeUUID=d5831d47-7264-4585-8f97-4cba7bdc2965, command=[]} | ret=SUCCESS |  
2019-09-05 03:27:04,071 | INFO  | SCMAudit | user=jenkins1000 | ip=192.168.34.53 | op=SEND_HEARTBEAT {datanodeUUID=56431364-4f3b-4c40-806d-c9164d34aa1e, command=[]} | ret=SUCCESS |  
2019-09-05 03:27:04,289 | INFO  | SCMAudit | user=jenkins1000 | ip=192.168.34.53 | op=SEND_HEARTBEAT {datanodeUUID=3ae5d83c-115d-493e-a141-01bd711a0fb1, command=[]} | ret=SUCCESS |  
2019-09-05 03:27:04,328 | INFO  | SCMAudit | user=jenkins1000 | ip=192.168.34.53 | op=SEND_HEARTBEAT {datanodeUUID=09804a23-7f5e-4639-98b0-dd8aac3c1a3d, command=[]} | ret=SUCCESS |  
2019-09-05 03:27:04,358 | INFO  | SCMAudit | user=jenkins1000 | ip=192.168.34.53 | op=SEND_HEARTBEAT {datanodeUUID=f8e72f0f-27ad-4da0-a4ac-f742e69d6053, command=[]} | ret=SUCCESS |  
2019-09-05 03:27:04,366 | INFO  | SCMAudit | user=jenkins1000 | ip=192.168.34.53 | op=SEND_HEARTBEAT {datanodeUUID=838608ba-8b7b-40e1-8b89-0ac8f38cbb42, command=[]} | ret=SUCCESS |  
2019-09-05 03:27:04,493 | INFO  | SCMAudit | user=jenkins1000 | ip=192.168.34.53 | op=SEND_HEARTBEAT {datanodeUUID=514a2e68-35f0-4c50-97b9-a7f344dd70d0, command=[]} | ret=SUCCESS |  
2019-09-05 03:27:04,736 | INFO  | SCMAudit | user=jenkins1000 | ip=192.168.34.53 | op=SEND_HEARTBEAT {datanodeUUID=d5831d47-7264-4585-8f97-4cba7bdc2965, command=[]} | ret=SUCCESS |  
2019-09-05 03:27:05,071 | INFO  | SCMAudit | user=jenkins1000 | ip=192.168.34.53 | op=SEND_HEARTBEAT {datanodeUUID=56431364-4f3b-4c40-806d-c9164d34aa1e, command=[]} | ret=SUCCESS |  
2019-09-05 03:27:05,290 | INFO  | SCMAudit | user=jenkins1000 | ip=192.168.34.53 | op=SEND_HEARTBEAT {datanodeUUID=3ae5d83c-115d-493e-a141-01bd711a0fb1, command=[]} | ret=SUCCESS |  
2019-09-05 03:27:05,329 | INFO  | SCMAudit | user=jenkins1000 | ip=192.168.34.53 | op=SEND_HEARTBEAT {datanodeUUID=09804a23-7f5e-4639-98b0-dd8aac3c1a3d, command=[]} | ret=SUCCESS |  
2019-09-05 03:27:05,358 | INFO  | SCMAudit | user=jenkins1000 | ip=192.168.34.53 | op=SEND_HEARTBEAT {datanodeUUID=f8e72f0f-27ad-4da0-a4ac-f742e69d6053, command=[]} | ret=SUCCESS |  
2019-09-05 03:27:05,366 | INFO  | SCMAudit | user=jenkins1000 | ip=192.168.34.53 | op=SEND_HEARTBEAT {datanodeUUID=838608ba-8b7b-40e1-8b89-0ac8f38cbb42, command=[]} | ret=SUCCESS |  
2019-09-05 03:27:05,492 | INFO  | SCMAudit | user=jenkins1000 | ip=192.168.34.53 | op=SEND_HEARTBEAT {datanodeUUID=514a2e68-35f0-4c50-97b9-a7f344dd70d0, command=[]} | ret=SUCCESS |  
2019-09-05 03:27:05,735 | INFO  | SCMAudit | user=jenkins1000 | ip=192.168.34.53 | op=SEND_HEARTBEAT {datanodeUUID=d5831d47-7264-4585-8f97-4cba7bdc2965, command=[]} | ret=SUCCESS |  
2019-09-05 03:27:06,035 [grpc-default-executor-0] INFO  client.GrpcClientProtocolClient (GrpcClientProtocolClient.java:onNext(255)) - client-D63F27167560->f8e72f0f-27ad-4da0-a4ac-f742e69d6053: receive RaftClientReply:client-D63F27167560->f8e72f0f-27ad-4da0-a4ac-f742e69d6053@group-6FC1333E43B6, cid=44, FAILED org.apache.ratis.protocol.NotLeaderException: Server f8e72f0f-27ad-4da0-a4ac-f742e69d6053 is not the leader (838608ba-8b7b-40e1-8b89-0ac8f38cbb42:192.168.34.53:41281). Request must be sent to leader., logIndex=0, commits[f8e72f0f-27ad-4da0-a4ac-f742e69d6053:c8, 838608ba-8b7b-40e1-8b89-0ac8f38cbb42:c8, 09804a23-7f5e-4639-98b0-dd8aac3c1a3d:c8]
2019-09-05 03:27:06,070 | INFO  | SCMAudit | user=jenkins1000 | ip=192.168.34.53 | op=SEND_HEARTBEAT {datanodeUUID=56431364-4f3b-4c40-806d-c9164d34aa1e, command=[]} | ret=SUCCESS |  
2019-09-05 03:27:06,289 | INFO  | SCMAudit | user=jenkins1000 | ip=192.168.34.53 | op=SEND_HEARTBEAT {datanodeUUID=3ae5d83c-115d-493e-a141-01bd711a0fb1, command=[]} | ret=SUCCESS |  
2019-09-05 03:27:06,329 | INFO  | SCMAudit | user=jenkins1000 | ip=192.168.34.53 | op=SEND_HEARTBEAT {datanodeUUID=09804a23-7f5e-4639-98b0-dd8aac3c1a3d, command=[]} | ret=SUCCESS |  
2019-09-05 03:27:06,358 | INFO  | SCMAudit | user=jenkins1000 | ip=192.168.34.53 | op=SEND_HEARTBEAT {datanodeUUID=f8e72f0f-27ad-4da0-a4ac-f742e69d6053, command=[]} | ret=SUCCESS |  
2019-09-05 03:27:06,366 | INFO  | SCMAudit | user=jenkins1000 | ip=192.168.34.53 | op=SEND_HEARTBEAT {datanodeUUID=838608ba-8b7b-40e1-8b89-0ac8f38cbb42, command=[]} | ret=SUCCESS |  
2019-09-05 03:27:06,493 | INFO  | SCMAudit | user=jenkins1000 | ip=192.168.34.53 | op=SEND_HEARTBEAT {datanodeUUID=514a2e68-35f0-4c50-97b9-a7f344dd70d0, command=[]} | ret=SUCCESS |  
2019-09-05 03:27:06,736 | INFO  | SCMAudit | user=jenkins1000 | ip=192.168.34.53 | op=SEND_HEARTBEAT {datanodeUUID=d5831d47-7264-4585-8f97-4cba7bdc2965, command=[]} | ret=SUCCESS |  
2019-09-05 03:27:07,070 | INFO  | SCMAudit | user=jenkins1000 | ip=192.168.34.53 | op=SEND_HEARTBEAT {datanodeUUID=56431364-4f3b-4c40-806d-c9164d34aa1e, command=[]} | ret=SUCCESS |  
2019-09-05 03:27:07,290 | INFO  | SCMAudit | user=jenkins1000 | ip=192.168.34.53 | op=SEND_HEARTBEAT {datanodeUUID=3ae5d83c-115d-493e-a141-01bd711a0fb1, command=[]} | ret=SUCCESS |  
2019-09-05 03:27:07,330 | INFO  | SCMAudit | user=jenkins1000 | ip=192.168.34.53 | op=SEND_HEARTBEAT {datanodeUUID=09804a23-7f5e-4639-98b0-dd8aac3c1a3d, command=[]} | ret=SUCCESS |  
2019-09-05 03:27:07,359 | INFO  | SCMAudit | user=jenkins1000 | ip=192.168.34.53 | op=SEND_HEARTBEAT {datanodeUUID=f8e72f0f-27ad-4da0-a4ac-f742e69d6053, command=[]} | ret=SUCCESS |  
2019-09-05 03:27:07,366 | INFO  | SCMAudit | user=jenkins1000 | ip=192.168.34.53 | op=SEND_HEARTBEAT {datanodeUUID=838608ba-8b7b-40e1-8b89-0ac8f38cbb42, command=[]} | ret=SUCCESS |  
2019-09-05 03:27:07,492 | INFO  | SCMAudit | user=jenkins1000 | ip=192.168.34.53 | op=SEND_HEARTBEAT {datanodeUUID=514a2e68-35f0-4c50-97b9-a7f344dd70d0, command=[]} | ret=SUCCESS |  
2019-09-05 03:27:07,736 | INFO  | SCMAudit | user=jenkins1000 | ip=192.168.34.53 | op=SEND_HEARTBEAT {datanodeUUID=d5831d47-7264-4585-8f97-4cba7bdc2965, command=[]} | ret=SUCCESS |  
2019-09-05 03:27:08,071 | INFO  | SCMAudit | user=jenkins1000 | ip=192.168.34.53 | op=SEND_HEARTBEAT {datanodeUUID=56431364-4f3b-4c40-806d-c9164d34aa1e, command=[]} | ret=SUCCESS |  
2019-09-05 03:27:08,289 | INFO  | SCMAudit | user=jenkins1000 | ip=192.168.34.53 | op=SEND_HEARTBEAT {datanodeUUID=3ae5d83c-115d-493e-a141-01bd711a0fb1, command=[]} | ret=SUCCESS |  
2019-09-05 03:27:08,330 | INFO  | SCMAudit | user=jenkins1000 | ip=192.168.34.53 | op=SEND_HEARTBEAT {datanodeUUID=09804a23-7f5e-4639-98b0-dd8aac3c1a3d, command=[]} | ret=SUCCESS |  
2019-09-05 03:27:08,359 | INFO  | SCMAudit | user=jenkins1000 | ip=192.168.34.53 | op=SEND_HEARTBEAT {datanodeUUID=f8e72f0f-27ad-4da0-a4ac-f742e69d6053, command=[]} | ret=SUCCESS |  
2019-09-05 03:27:08,366 | INFO  | SCMAudit | user=jenkins1000 | ip=192.168.34.53 | op=SEND_HEARTBEAT {datanodeUUID=838608ba-8b7b-40e1-8b89-0ac8f38cbb42, command=[]} | ret=SUCCESS |  
2019-09-05 03:27:08,497 | INFO  | SCMAudit | user=jenkins1000 | ip=192.168.34.53 | op=SEND_HEARTBEAT {datanodeUUID=514a2e68-35f0-4c50-97b9-a7f344dd70d0, command=[]} | ret=SUCCESS |  
2019-09-05 03:27:08,736 | INFO  | SCMAudit | user=jenkins1000 | ip=192.168.34.53 | op=SEND_HEARTBEAT {datanodeUUID=d5831d47-7264-4585-8f97-4cba7bdc2965, command=[]} | ret=SUCCESS |  
2019-09-05 03:27:09,071 | INFO  | SCMAudit | user=jenkins1000 | ip=192.168.34.53 | op=SEND_HEARTBEAT {datanodeUUID=56431364-4f3b-4c40-806d-c9164d34aa1e, command=[]} | ret=SUCCESS |  
2019-09-05 03:27:09,290 | INFO  | SCMAudit | user=jenkins1000 | ip=192.168.34.53 | op=SEND_HEARTBEAT {datanodeUUID=3ae5d83c-115d-493e-a141-01bd711a0fb1, command=[]} | ret=SUCCESS |  
2019-09-05 03:27:09,330 | INFO  | SCMAudit | user=jenkins1000 | ip=192.168.34.53 | op=SEND_HEARTBEAT {datanodeUUID=09804a23-7f5e-4639-98b0-dd8aac3c1a3d, command=[]} | ret=SUCCESS |  
2019-09-05 03:27:09,359 | INFO  | SCMAudit | user=jenkins1000 | ip=192.168.34.53 | op=SEND_HEARTBEAT {datanodeUUID=f8e72f0f-27ad-4da0-a4ac-f742e69d6053, command=[]} | ret=SUCCESS |  
2019-09-05 03:27:09,367 | INFO  | SCMAudit | user=jenkins1000 | ip=192.168.34.53 | op=SEND_HEARTBEAT {datanodeUUID=838608ba-8b7b-40e1-8b89-0ac8f38cbb42, command=[]} | ret=SUCCESS |  
2019-09-05 03:27:09,498 | INFO  | SCMAudit | user=jenkins1000 | ip=192.168.34.53 | op=SEND_HEARTBEAT {datanodeUUID=514a2e68-35f0-4c50-97b9-a7f344dd70d0, command=[]} | ret=SUCCESS |  
2019-09-05 03:27:09,735 | INFO  | SCMAudit | user=jenkins1000 | ip=192.168.34.53 | op=SEND_HEARTBEAT {datanodeUUID=d5831d47-7264-4585-8f97-4cba7bdc2965, command=[]} | ret=SUCCESS |  
2019-09-05 03:27:10,071 | INFO  | SCMAudit | user=jenkins1000 | ip=192.168.34.53 | op=SEND_HEARTBEAT {datanodeUUID=56431364-4f3b-4c40-806d-c9164d34aa1e, command=[]} | ret=SUCCESS |  
2019-09-05 03:27:10,290 | INFO  | SCMAudit | user=jenkins1000 | ip=192.168.34.53 | op=SEND_HEARTBEAT {datanodeUUID=3ae5d83c-115d-493e-a141-01bd711a0fb1, command=[]} | ret=SUCCESS |  
2019-09-05 03:27:10,331 | INFO  | SCMAudit | user=jenkins1000 | ip=192.168.34.53 | op=SEND_HEARTBEAT {datanodeUUID=09804a23-7f5e-4639-98b0-dd8aac3c1a3d, command=[]} | ret=SUCCESS |  
2019-09-05 03:27:10,359 | INFO  | SCMAudit | user=jenkins1000 | ip=192.168.34.53 | op=SEND_HEARTBEAT {datanodeUUID=f8e72f0f-27ad-4da0-a4ac-f742e69d6053, command=[]} | ret=SUCCESS |  
2019-09-05 03:27:10,367 | INFO  | SCMAudit | user=jenkins1000 | ip=192.168.34.53 | op=SEND_HEARTBEAT {datanodeUUID=838608ba-8b7b-40e1-8b89-0ac8f38cbb42, command=[]} | ret=SUCCESS |  
2019-09-05 03:27:10,498 | INFO  | SCMAudit | user=jenkins1000 | ip=192.168.34.53 | op=SEND_HEARTBEAT {datanodeUUID=514a2e68-35f0-4c50-97b9-a7f344dd70d0, command=[]} | ret=SUCCESS |  
2019-09-05 03:27:10,736 | INFO  | SCMAudit | user=jenkins1000 | ip=192.168.34.53 | op=SEND_HEARTBEAT {datanodeUUID=d5831d47-7264-4585-8f97-4cba7bdc2965, command=[]} | ret=SUCCESS |  
2019-09-05 03:27:11,074 | INFO  | SCMAudit | user=jenkins1000 | ip=192.168.34.53 | op=SEND_HEARTBEAT {datanodeUUID=56431364-4f3b-4c40-806d-c9164d34aa1e, command=[]} | ret=SUCCESS |  
2019-09-05 03:27:11,083 [grpc-default-executor-3] INFO  client.GrpcClientProtocolClient (GrpcClientProtocolClient.java:onNext(255)) - client-D63F27167560->09804a23-7f5e-4639-98b0-dd8aac3c1a3d: receive RaftClientReply:client-D63F27167560->09804a23-7f5e-4639-98b0-dd8aac3c1a3d@group-6FC1333E43B6, cid=44, FAILED org.apache.ratis.protocol.NotLeaderException: Server 09804a23-7f5e-4639-98b0-dd8aac3c1a3d is not the leader (838608ba-8b7b-40e1-8b89-0ac8f38cbb42:192.168.34.53:41281). Request must be sent to leader., logIndex=0, commits[09804a23-7f5e-4639-98b0-dd8aac3c1a3d:c8, 838608ba-8b7b-40e1-8b89-0ac8f38cbb42:c8, f8e72f0f-27ad-4da0-a4ac-f742e69d6053:c8]
2019-09-05 03:27:11,290 | INFO  | SCMAudit | user=jenkins1000 | ip=192.168.34.53 | op=SEND_HEARTBEAT {datanodeUUID=3ae5d83c-115d-493e-a141-01bd711a0fb1, command=[]} | ret=SUCCESS |  
2019-09-05 03:27:11,331 | INFO  | SCMAudit | user=jenkins1000 | ip=192.168.34.53 | op=SEND_HEARTBEAT {datanodeUUID=09804a23-7f5e-4639-98b0-dd8aac3c1a3d, command=[]} | ret=SUCCESS |  
2019-09-05 03:27:11,360 | INFO  | SCMAudit | user=jenkins1000 | ip=192.168.34.53 | op=SEND_HEARTBEAT {datanodeUUID=f8e72f0f-27ad-4da0-a4ac-f742e69d6053, command=[]} | ret=SUCCESS |  
2019-09-05 03:27:11,367 | INFO  | SCMAudit | user=jenkins1000 | ip=192.168.34.53 | op=SEND_HEARTBEAT {datanodeUUID=838608ba-8b7b-40e1-8b89-0ac8f38cbb42, command=[]} | ret=SUCCESS |  
2019-09-05 03:27:11,497 | INFO  | SCMAudit | user=jenkins1000 | ip=192.168.34.53 | op=SEND_HEARTBEAT {datanodeUUID=514a2e68-35f0-4c50-97b9-a7f344dd70d0, command=[]} | ret=SUCCESS |  
2019-09-05 03:27:11,735 | INFO  | SCMAudit | user=jenkins1000 | ip=192.168.34.53 | op=SEND_HEARTBEAT {datanodeUUID=d5831d47-7264-4585-8f97-4cba7bdc2965, command=[]} | ret=SUCCESS |  
2019-09-05 03:27:12,075 | INFO  | SCMAudit | user=jenkins1000 | ip=192.168.34.53 | op=SEND_HEARTBEAT {datanodeUUID=56431364-4f3b-4c40-806d-c9164d34aa1e, command=[]} | ret=SUCCESS |  
2019-09-05 03:27:12,290 | INFO  | SCMAudit | user=jenkins1000 | ip=192.168.34.53 | op=SEND_HEARTBEAT {datanodeUUID=3ae5d83c-115d-493e-a141-01bd711a0fb1, command=[]} | ret=SUCCESS |  
2019-09-05 03:27:12,331 | INFO  | SCMAudit | user=jenkins1000 | ip=192.168.34.53 | op=SEND_HEARTBEAT {datanodeUUID=09804a23-7f5e-4639-98b0-dd8aac3c1a3d, command=[]} | ret=SUCCESS |  
2019-09-05 03:27:12,359 | INFO  | SCMAudit | user=jenkins1000 | ip=192.168.34.53 | op=SEND_HEARTBEAT {datanodeUUID=f8e72f0f-27ad-4da0-a4ac-f742e69d6053, command=[]} | ret=SUCCESS |  
2019-09-05 03:27:12,367 | INFO  | SCMAudit | user=jenkins1000 | ip=192.168.34.53 | op=SEND_HEARTBEAT {datanodeUUID=838608ba-8b7b-40e1-8b89-0ac8f38cbb42, command=[]} | ret=SUCCESS |  
2019-09-05 03:27:12,497 | INFO  | SCMAudit | user=jenkins1000 | ip=192.168.34.53 | op=SEND_HEARTBEAT {datanodeUUID=514a2e68-35f0-4c50-97b9-a7f344dd70d0, command=[]} | ret=SUCCESS |  
2019-09-05 03:27:12,735 | INFO  | SCMAudit | user=jenkins1000 | ip=192.168.34.53 | op=SEND_HEARTBEAT {datanodeUUID=d5831d47-7264-4585-8f97-4cba7bdc2965, command=[]} | ret=SUCCESS |  
2019-09-05 03:27:13,075 | INFO  | SCMAudit | user=jenkins1000 | ip=192.168.34.53 | op=SEND_HEARTBEAT {datanodeUUID=56431364-4f3b-4c40-806d-c9164d34aa1e, command=[]} | ret=SUCCESS |  
2019-09-05 03:27:13,291 | INFO  | SCMAudit | user=jenkins1000 | ip=192.168.34.53 | op=SEND_HEARTBEAT {datanodeUUID=3ae5d83c-115d-493e-a141-01bd711a0fb1, command=[]} | ret=SUCCESS |  
2019-09-05 03:27:13,331 | INFO  | SCMAudit | user=jenkins1000 | ip=192.168.34.53 | op=SEND_HEARTBEAT {datanodeUUID=09804a23-7f5e-4639-98b0-dd8aac3c1a3d, command=[]} | ret=SUCCESS |  
2019-09-05 03:27:13,359 | INFO  | SCMAudit | user=jenkins1000 | ip=192.168.34.53 | op=SEND_HEARTBEAT {datanodeUUID=f8e72f0f-27ad-4da0-a4ac-f742e69d6053, command=[]} | ret=SUCCESS |  
2019-09-05 03:27:13,367 | INFO  | SCMAudit | user=jenkins1000 | ip=192.168.34.53 | op=SEND_HEARTBEAT {datanodeUUID=838608ba-8b7b-40e1-8b89-0ac8f38cbb42, command=[]} | ret=SUCCESS |  
2019-09-05 03:27:13,497 | INFO  | SCMAudit | user=jenkins1000 | ip=192.168.34.53 | op=SEND_HEARTBEAT {datanodeUUID=514a2e68-35f0-4c50-97b9-a7f344dd70d0, command=[]} | ret=SUCCESS |  
2019-09-05 03:27:13,736 | INFO  | SCMAudit | user=jenkins1000 | ip=192.168.34.53 | op=SEND_HEARTBEAT {datanodeUUID=d5831d47-7264-4585-8f97-4cba7bdc2965, command=[]} | ret=SUCCESS |  
2019-09-05 03:27:14,074 | INFO  | SCMAudit | user=jenkins1000 | ip=192.168.34.53 | op=SEND_HEARTBEAT {datanodeUUID=56431364-4f3b-4c40-806d-c9164d34aa1e, command=[]} | ret=SUCCESS |  
2019-09-05 03:27:14,291 | INFO  | SCMAudit | user=jenkins1000 | ip=192.168.34.53 | op=SEND_HEARTBEAT {datanodeUUID=3ae5d83c-115d-493e-a141-01bd711a0fb1, command=[]} | ret=SUCCESS |  
2019-09-05 03:27:14,332 | INFO  | SCMAudit | user=jenkins1000 | ip=192.168.34.53 | op=SEND_HEARTBEAT {datanodeUUID=09804a23-7f5e-4639-98b0-dd8aac3c1a3d, command=[]} | ret=SUCCESS |  
2019-09-05 03:27:14,359 | INFO  | SCMAudit | user=jenkins1000 | ip=192.168.34.53 | op=SEND_HEARTBEAT {datanodeUUID=f8e72f0f-27ad-4da0-a4ac-f742e69d6053, command=[]} | ret=SUCCESS |  
2019-09-05 03:27:14,367 | INFO  | SCMAudit | user=jenkins1000 | ip=192.168.34.53 | op=SEND_HEARTBEAT {datanodeUUID=838608ba-8b7b-40e1-8b89-0ac8f38cbb42, command=[]} | ret=SUCCESS |  
2019-09-05 03:27:14,498 | INFO  | SCMAudit | user=jenkins1000 | ip=192.168.34.53 | op=SEND_HEARTBEAT {datanodeUUID=514a2e68-35f0-4c50-97b9-a7f344dd70d0, command=[]} | ret=SUCCESS |  
2019-09-05 03:27:14,735 | INFO  | SCMAudit | user=jenkins1000 | ip=192.168.34.53 | op=SEND_HEARTBEAT {datanodeUUID=d5831d47-7264-4585-8f97-4cba7bdc2965, command=[]} | ret=SUCCESS |  
2019-09-05 03:27:15,075 | INFO  | SCMAudit | user=jenkins1000 | ip=192.168.34.53 | op=SEND_HEARTBEAT {datanodeUUID=56431364-4f3b-4c40-806d-c9164d34aa1e, command=[]} | ret=SUCCESS |  
2019-09-05 03:27:15,292 | INFO  | SCMAudit | user=jenkins1000 | ip=192.168.34.53 | op=SEND_HEARTBEAT {datanodeUUID=3ae5d83c-115d-493e-a141-01bd711a0fb1, command=[]} | ret=SUCCESS |  
2019-09-05 03:27:15,332 | INFO  | SCMAudit | user=jenkins1000 | ip=192.168.34.53 | op=SEND_HEARTBEAT {datanodeUUID=09804a23-7f5e-4639-98b0-dd8aac3c1a3d, command=[]} | ret=SUCCESS |  
2019-09-05 03:27:15,359 | INFO  | SCMAudit | user=jenkins1000 | ip=192.168.34.53 | op=SEND_HEARTBEAT {datanodeUUID=f8e72f0f-27ad-4da0-a4ac-f742e69d6053, command=[]} | ret=SUCCESS |  
2019-09-05 03:27:15,367 | INFO  | SCMAudit | user=jenkins1000 | ip=192.168.34.53 | op=SEND_HEARTBEAT {datanodeUUID=838608ba-8b7b-40e1-8b89-0ac8f38cbb42, command=[]} | ret=SUCCESS |  
2019-09-05 03:27:15,498 | INFO  | SCMAudit | user=jenkins1000 | ip=192.168.34.53 | op=SEND_HEARTBEAT {datanodeUUID=514a2e68-35f0-4c50-97b9-a7f344dd70d0, command=[]} | ret=SUCCESS |  
2019-09-05 03:27:15,735 | INFO  | SCMAudit | user=jenkins1000 | ip=192.168.34.53 | op=SEND_HEARTBEAT {datanodeUUID=d5831d47-7264-4585-8f97-4cba7bdc2965, command=[]} | ret=SUCCESS |  
2019-09-05 03:27:16,075 | INFO  | SCMAudit | user=jenkins1000 | ip=192.168.34.53 | op=SEND_HEARTBEAT {datanodeUUID=56431364-4f3b-4c40-806d-c9164d34aa1e, command=[]} | ret=SUCCESS |  
2019-09-05 03:27:16,144 [grpc-default-executor-3] INFO  client.GrpcClientProtocolClient (GrpcClientProtocolClient.java:onNext(255)) - client-D63F27167560->09804a23-7f5e-4639-98b0-dd8aac3c1a3d: receive RaftClientReply:client-D63F27167560->09804a23-7f5e-4639-98b0-dd8aac3c1a3d@group-6FC1333E43B6, cid=44, FAILED org.apache.ratis.protocol.NotLeaderException: Server 09804a23-7f5e-4639-98b0-dd8aac3c1a3d is not the leader (838608ba-8b7b-40e1-8b89-0ac8f38cbb42:192.168.34.53:41281). Request must be sent to leader., logIndex=0, commits[09804a23-7f5e-4639-98b0-dd8aac3c1a3d:c8, 838608ba-8b7b-40e1-8b89-0ac8f38cbb42:c8, f8e72f0f-27ad-4da0-a4ac-f742e69d6053:c8]
2019-09-05 03:27:16,292 | INFO  | SCMAudit | user=jenkins1000 | ip=192.168.34.53 | op=SEND_HEARTBEAT {datanodeUUID=3ae5d83c-115d-493e-a141-01bd711a0fb1, command=[]} | ret=SUCCESS |  
2019-09-05 03:27:16,333 | INFO  | SCMAudit | user=jenkins1000 | ip=192.168.34.53 | op=SEND_HEARTBEAT {datanodeUUID=09804a23-7f5e-4639-98b0-dd8aac3c1a3d, command=[]} | ret=SUCCESS |  
2019-09-05 03:27:16,359 | INFO  | SCMAudit | user=jenkins1000 | ip=192.168.34.53 | op=SEND_HEARTBEAT {datanodeUUID=f8e72f0f-27ad-4da0-a4ac-f742e69d6053, command=[]} | ret=SUCCESS |  
2019-09-05 03:27:16,367 | INFO  | SCMAudit | user=jenkins1000 | ip=192.168.34.53 | op=SEND_HEARTBEAT {datanodeUUID=838608ba-8b7b-40e1-8b89-0ac8f38cbb42, command=[]} | ret=SUCCESS |  
2019-09-05 03:27:16,498 | INFO  | SCMAudit | user=jenkins1000 | ip=192.168.34.53 | op=SEND_HEARTBEAT {datanodeUUID=514a2e68-35f0-4c50-97b9-a7f344dd70d0, command=[]} | ret=SUCCESS |  
2019-09-05 03:27:16,736 | INFO  | SCMAudit | user=jenkins1000 | ip=192.168.34.53 | op=SEND_HEARTBEAT {datanodeUUID=d5831d47-7264-4585-8f97-4cba7bdc2965, command=[]} | ret=SUCCESS |  
2019-09-05 03:27:17,075 | INFO  | SCMAudit | user=jenkins1000 | ip=192.168.34.53 | op=SEND_HEARTBEAT {datanodeUUID=56431364-4f3b-4c40-806d-c9164d34aa1e, command=[]} | ret=SUCCESS |  
2019-09-05 03:27:17,291 | INFO  | SCMAudit | user=jenkins1000 | ip=192.168.34.53 | op=SEND_HEARTBEAT {datanodeUUID=3ae5d83c-115d-493e-a141-01bd711a0fb1, command=[]} | ret=SUCCESS |  
2019-09-05 03:27:17,333 | INFO  | SCMAudit | user=jenkins1000 | ip=192.168.34.53 | op=SEND_HEARTBEAT {datanodeUUID=09804a23-7f5e-4639-98b0-dd8aac3c1a3d, command=[]} | ret=SUCCESS |  
2019-09-05 03:27:17,359 | INFO  | SCMAudit | user=jenkins1000 | ip=192.168.34.53 | op=SEND_HEARTBEAT {datanodeUUID=f8e72f0f-27ad-4da0-a4ac-f742e69d6053, command=[]} | ret=SUCCESS |  
2019-09-05 03:27:17,367 | INFO  | SCMAudit | user=jenkins1000 | ip=192.168.34.53 | op=SEND_HEARTBEAT {datanodeUUID=838608ba-8b7b-40e1-8b89-0ac8f38cbb42, command=[]} | ret=SUCCESS |  
2019-09-05 03:27:17,498 | INFO  | SCMAudit | user=jenkins1000 | ip=192.168.34.53 | op=SEND_HEARTBEAT {datanodeUUID=514a2e68-35f0-4c50-97b9-a7f344dd70d0, command=[]} | ret=SUCCESS |  
2019-09-05 03:27:17,736 | INFO  | SCMAudit | user=jenkins1000 | ip=192.168.34.53 | op=SEND_HEARTBEAT {datanodeUUID=d5831d47-7264-4585-8f97-4cba7bdc2965, command=[]} | ret=SUCCESS |  
2019-09-05 03:27:18,076 | INFO  | SCMAudit | user=jenkins1000 | ip=192.168.34.53 | op=SEND_HEARTBEAT {datanodeUUID=56431364-4f3b-4c40-806d-c9164d34aa1e, command=[]} | ret=SUCCESS |  
2019-09-05 03:27:18,292 | INFO  | SCMAudit | user=jenkins1000 | ip=192.168.34.53 | op=SEND_HEARTBEAT {datanodeUUID=3ae5d83c-115d-493e-a141-01bd711a0fb1, command=[]} | ret=SUCCESS |  
2019-09-05 03:27:18,333 | INFO  | SCMAudit | user=jenkins1000 | ip=192.168.34.53 | op=SEND_HEARTBEAT {datanodeUUID=09804a23-7f5e-4639-98b0-dd8aac3c1a3d, command=[]} | ret=SUCCESS |  
2019-09-05 03:27:18,360 | INFO  | SCMAudit | user=jenkins1000 | ip=192.168.34.53 | op=SEND_HEARTBEAT {datanodeUUID=f8e72f0f-27ad-4da0-a4ac-f742e69d6053, command=[]} | ret=SUCCESS |  
2019-09-05 03:27:18,367 | INFO  | SCMAudit | user=jenkins1000 | ip=192.168.34.53 | op=SEND_HEARTBEAT {datanodeUUID=838608ba-8b7b-40e1-8b89-0ac8f38cbb42, command=[]} | ret=SUCCESS |  
2019-09-05 03:27:18,498 | INFO  | SCMAudit | user=jenkins1000 | ip=192.168.34.53 | op=SEND_HEARTBEAT {datanodeUUID=514a2e68-35f0-4c50-97b9-a7f344dd70d0, command=[]} | ret=SUCCESS |  
2019-09-05 03:27:18,735 | INFO  | SCMAudit | user=jenkins1000 | ip=192.168.34.53 | op=SEND_HEARTBEAT {datanodeUUID=d5831d47-7264-4585-8f97-4cba7bdc2965, command=[]} | ret=SUCCESS |  
2019-09-05 03:27:19,075 | INFO  | SCMAudit | user=jenkins1000 | ip=192.168.34.53 | op=SEND_HEARTBEAT {datanodeUUID=56431364-4f3b-4c40-806d-c9164d34aa1e, command=[]} | ret=SUCCESS |  
2019-09-05 03:27:19,291 | INFO  | SCMAudit | user=jenkins1000 | ip=192.168.34.53 | op=SEND_HEARTBEAT {datanodeUUID=3ae5d83c-115d-493e-a141-01bd711a0fb1, command=[]} | ret=SUCCESS |  
2019-09-05 03:27:19,334 | INFO  | SCMAudit | user=jenkins1000 | ip=192.168.34.53 | op=SEND_HEARTBEAT {datanodeUUID=09804a23-7f5e-4639-98b0-dd8aac3c1a3d, command=[]} | ret=SUCCESS |  
2019-09-05 03:27:19,360 | INFO  | SCMAudit | user=jenkins1000 | ip=192.168.34.53 | op=SEND_HEARTBEAT {datanodeUUID=f8e72f0f-27ad-4da0-a4ac-f742e69d6053, command=[]} | ret=SUCCESS |  
2019-09-05 03:27:19,367 | INFO  | SCMAudit | user=jenkins1000 | ip=192.168.34.53 | op=SEND_HEARTBEAT {datanodeUUID=838608ba-8b7b-40e1-8b89-0ac8f38cbb42, command=[]} | ret=SUCCESS |  
2019-09-05 03:27:19,499 | INFO  | SCMAudit | user=jenkins1000 | ip=192.168.34.53 | op=SEND_HEARTBEAT {datanodeUUID=514a2e68-35f0-4c50-97b9-a7f344dd70d0, command=[]} | ret=SUCCESS |  
2019-09-05 03:27:19,736 | INFO  | SCMAudit | user=jenkins1000 | ip=192.168.34.53 | op=SEND_HEARTBEAT {datanodeUUID=d5831d47-7264-4585-8f97-4cba7bdc2965, command=[]} | ret=SUCCESS |  
2019-09-05 03:27:20,076 | INFO  | SCMAudit | user=jenkins1000 | ip=192.168.34.53 | op=SEND_HEARTBEAT {datanodeUUID=56431364-4f3b-4c40-806d-c9164d34aa1e, command=[]} | ret=SUCCESS |  
2019-09-05 03:27:20,292 | INFO  | SCMAudit | user=jenkins1000 | ip=192.168.34.53 | op=SEND_HEARTBEAT {datanodeUUID=3ae5d83c-115d-493e-a141-01bd711a0fb1, command=[]} | ret=SUCCESS |  
2019-09-05 03:27:20,334 | INFO  | SCMAudit | user=jenkins1000 | ip=192.168.34.53 | op=SEND_HEARTBEAT {datanodeUUID=09804a23-7f5e-4639-98b0-dd8aac3c1a3d, command=[]} | ret=SUCCESS |  
2019-09-05 03:27:20,360 | INFO  | SCMAudit | user=jenkins1000 | ip=192.168.34.53 | op=SEND_HEARTBEAT {datanodeUUID=f8e72f0f-27ad-4da0-a4ac-f742e69d6053, command=[]} | ret=SUCCESS |  
2019-09-05 03:27:20,367 | INFO  | SCMAudit | user=jenkins1000 | ip=192.168.34.53 | op=SEND_HEARTBEAT {datanodeUUID=838608ba-8b7b-40e1-8b89-0ac8f38cbb42, command=[]} | ret=SUCCESS |  
2019-09-05 03:27:20,498 | INFO  | SCMAudit | user=jenkins1000 | ip=192.168.34.53 | op=SEND_HEARTBEAT {datanodeUUID=514a2e68-35f0-4c50-97b9-a7f344dd70d0, command=[]} | ret=SUCCESS |  
2019-09-05 03:27:20,735 | INFO  | SCMAudit | user=jenkins1000 | ip=192.168.34.53 | op=SEND_HEARTBEAT {datanodeUUID=d5831d47-7264-4585-8f97-4cba7bdc2965, command=[]} | ret=SUCCESS |  
2019-09-05 03:27:21,076 | INFO  | SCMAudit | user=jenkins1000 | ip=192.168.34.53 | op=SEND_HEARTBEAT {datanodeUUID=56431364-4f3b-4c40-806d-c9164d34aa1e, command=[]} | ret=SUCCESS |  
2019-09-05 03:27:21,188 [grpc-default-executor-3] INFO  client.GrpcClientProtocolClient (GrpcClientProtocolClient.java:onNext(255)) - client-D63F27167560->09804a23-7f5e-4639-98b0-dd8aac3c1a3d: receive RaftClientReply:client-D63F27167560->09804a23-7f5e-4639-98b0-dd8aac3c1a3d@group-6FC1333E43B6, cid=44, FAILED org.apache.ratis.protocol.NotLeaderException: Server 09804a23-7f5e-4639-98b0-dd8aac3c1a3d is not the leader (838608ba-8b7b-40e1-8b89-0ac8f38cbb42:192.168.34.53:41281). Request must be sent to leader., logIndex=0, commits[09804a23-7f5e-4639-98b0-dd8aac3c1a3d:c8, 838608ba-8b7b-40e1-8b89-0ac8f38cbb42:c8, f8e72f0f-27ad-4da0-a4ac-f742e69d6053:c8]
2019-09-05 03:27:21,291 | INFO  | SCMAudit | user=jenkins1000 | ip=192.168.34.53 | op=SEND_HEARTBEAT {datanodeUUID=3ae5d83c-115d-493e-a141-01bd711a0fb1, command=[]} | ret=SUCCESS |  
2019-09-05 03:27:21,335 | INFO  | SCMAudit | user=jenkins1000 | ip=192.168.34.53 | op=SEND_HEARTBEAT {datanodeUUID=09804a23-7f5e-4639-98b0-dd8aac3c1a3d, command=[]} | ret=SUCCESS |  
2019-09-05 03:27:21,361 | INFO  | SCMAudit | user=jenkins1000 | ip=192.168.34.53 | op=SEND_HEARTBEAT {datanodeUUID=f8e72f0f-27ad-4da0-a4ac-f742e69d6053, command=[]} | ret=SUCCESS |  
2019-09-05 03:27:21,367 | INFO  | SCMAudit | user=jenkins1000 | ip=192.168.34.53 | op=SEND_HEARTBEAT {datanodeUUID=838608ba-8b7b-40e1-8b89-0ac8f38cbb42, command=[]} | ret=SUCCESS |  
2019-09-05 03:27:21,498 | INFO  | SCMAudit | user=jenkins1000 | ip=192.168.34.53 | op=SEND_HEARTBEAT {datanodeUUID=514a2e68-35f0-4c50-97b9-a7f344dd70d0, command=[]} | ret=SUCCESS |  
2019-09-05 03:27:21,736 | INFO  | SCMAudit | user=jenkins1000 | ip=192.168.34.53 | op=SEND_HEARTBEAT {datanodeUUID=d5831d47-7264-4585-8f97-4cba7bdc2965, command=[]} | ret=SUCCESS |  
2019-09-05 03:27:22,075 | INFO  | SCMAudit | user=jenkins1000 | ip=192.168.34.53 | op=SEND_HEARTBEAT {datanodeUUID=56431364-4f3b-4c40-806d-c9164d34aa1e, command=[]} | ret=SUCCESS |  
2019-09-05 03:27:22,292 | INFO  | SCMAudit | user=jenkins1000 | ip=192.168.34.53 | op=SEND_HEARTBEAT {datanodeUUID=3ae5d83c-115d-493e-a141-01bd711a0fb1, command=[]} | ret=SUCCESS |  
2019-09-05 03:27:22,334 | INFO  | SCMAudit | user=jenkins1000 | ip=192.168.34.53 | op=SEND_HEARTBEAT {datanodeUUID=09804a23-7f5e-4639-98b0-dd8aac3c1a3d, command=[]} | ret=SUCCESS |  
2019-09-05 03:27:22,362 | INFO  | SCMAudit | user=jenkins1000 | ip=192.168.34.53 | op=SEND_HEARTBEAT {datanodeUUID=f8e72f0f-27ad-4da0-a4ac-f742e69d6053, command=[]} | ret=SUCCESS |  
2019-09-05 03:27:22,367 | INFO  | SCMAudit | user=jenkins1000 | ip=192.168.34.53 | op=SEND_HEARTBEAT {datanodeUUID=838608ba-8b7b-40e1-8b89-0ac8f38cbb42, command=[]} | ret=SUCCESS |  
2019-09-05 03:27:22,499 | INFO  | SCMAudit | user=jenkins1000 | ip=192.168.34.53 | op=SEND_HEARTBEAT {datanodeUUID=514a2e68-35f0-4c50-97b9-a7f344dd70d0, command=[]} | ret=SUCCESS |  
2019-09-05 03:27:22,735 | INFO  | SCMAudit | user=jenkins1000 | ip=192.168.34.53 | op=SEND_HEARTBEAT {datanodeUUID=d5831d47-7264-4585-8f97-4cba7bdc2965, command=[]} | ret=SUCCESS |  
2019-09-05 03:27:23,076 | INFO  | SCMAudit | user=jenkins1000 | ip=192.168.34.53 | op=SEND_HEARTBEAT {datanodeUUID=56431364-4f3b-4c40-806d-c9164d34aa1e, command=[]} | ret=SUCCESS |  
2019-09-05 03:27:23,291 | INFO  | SCMAudit | user=jenkins1000 | ip=192.168.34.53 | op=SEND_HEARTBEAT {datanodeUUID=3ae5d83c-115d-493e-a141-01bd711a0fb1, command=[]} | ret=SUCCESS |  
2019-09-05 03:27:23,334 | INFO  | SCMAudit | user=jenkins1000 | ip=192.168.34.53 | op=SEND_HEARTBEAT {datanodeUUID=09804a23-7f5e-4639-98b0-dd8aac3c1a3d, command=[]} | ret=SUCCESS |  
2019-09-05 03:27:23,362 | INFO  | SCMAudit | user=jenkins1000 | ip=192.168.34.53 | op=SEND_HEARTBEAT {datanodeUUID=f8e72f0f-27ad-4da0-a4ac-f742e69d6053, command=[]} | ret=SUCCESS |  
2019-09-05 03:27:23,367 | INFO  | SCMAudit | user=jenkins1000 | ip=192.168.34.53 | op=SEND_HEARTBEAT {datanodeUUID=838608ba-8b7b-40e1-8b89-0ac8f38cbb42, command=[]} | ret=SUCCESS |  
2019-09-05 03:27:23,498 | INFO  | SCMAudit | user=jenkins1000 | ip=192.168.34.53 | op=SEND_HEARTBEAT {datanodeUUID=514a2e68-35f0-4c50-97b9-a7f344dd70d0, command=[]} | ret=SUCCESS |  
2019-09-05 03:27:23,736 | INFO  | SCMAudit | user=jenkins1000 | ip=192.168.34.53 | op=SEND_HEARTBEAT {datanodeUUID=d5831d47-7264-4585-8f97-4cba7bdc2965, command=[]} | ret=SUCCESS |  
2019-09-05 03:27:24,075 | INFO  | SCMAudit | user=jenkins1000 | ip=192.168.34.53 | op=SEND_HEARTBEAT {datanodeUUID=56431364-4f3b-4c40-806d-c9164d34aa1e, command=[]} | ret=SUCCESS |  
2019-09-05 03:27:24,292 | INFO  | SCMAudit | user=jenkins1000 | ip=192.168.34.53 | op=SEND_HEARTBEAT {datanodeUUID=3ae5d83c-115d-493e-a141-01bd711a0fb1, command=[]} | ret=SUCCESS |  
2019-09-05 03:27:24,334 | INFO  | SCMAudit | user=jenkins1000 | ip=192.168.34.53 | op=SEND_HEARTBEAT {datanodeUUID=09804a23-7f5e-4639-98b0-dd8aac3c1a3d, command=[]} | ret=SUCCESS |  
2019-09-05 03:27:24,362 | INFO  | SCMAudit | user=jenkins1000 | ip=192.168.34.53 | op=SEND_HEARTBEAT {datanodeUUID=f8e72f0f-27ad-4da0-a4ac-f742e69d6053, command=[]} | ret=SUCCESS |  
2019-09-05 03:27:24,367 | INFO  | SCMAudit | user=jenkins1000 | ip=192.168.34.53 | op=SEND_HEARTBEAT {datanodeUUID=838608ba-8b7b-40e1-8b89-0ac8f38cbb42, command=[]} | ret=SUCCESS |  
2019-09-05 03:27:24,498 | INFO  | SCMAudit | user=jenkins1000 | ip=192.168.34.53 | op=SEND_HEARTBEAT {datanodeUUID=514a2e68-35f0-4c50-97b9-a7f344dd70d0, command=[]} | ret=SUCCESS |  
2019-09-05 03:27:24,736 | INFO  | SCMAudit | user=jenkins1000 | ip=192.168.34.53 | op=SEND_HEARTBEAT {datanodeUUID=d5831d47-7264-4585-8f97-4cba7bdc2965, command=[]} | ret=SUCCESS |  
2019-09-05 03:27:25,076 | INFO  | SCMAudit | user=jenkins1000 | ip=192.168.34.53 | op=SEND_HEARTBEAT {datanodeUUID=56431364-4f3b-4c40-806d-c9164d34aa1e, command=[]} | ret=SUCCESS |  
2019-09-05 03:27:25,291 | INFO  | SCMAudit | user=jenkins1000 | ip=192.168.34.53 | op=SEND_HEARTBEAT {datanodeUUID=3ae5d83c-115d-493e-a141-01bd711a0fb1, command=[]} | ret=SUCCESS |  
2019-09-05 03:27:25,334 | INFO  | SCMAudit | user=jenkins1000 | ip=192.168.34.53 | op=SEND_HEARTBEAT {datanodeUUID=09804a23-7f5e-4639-98b0-dd8aac3c1a3d, command=[]} | ret=SUCCESS |  
2019-09-05 03:27:25,362 | INFO  | SCMAudit | user=jenkins1000 | ip=192.168.34.53 | op=SEND_HEARTBEAT {datanodeUUID=f8e72f0f-27ad-4da0-a4ac-f742e69d6053, command=[]} | ret=SUCCESS |  
2019-09-05 03:27:25,367 | INFO  | SCMAudit | user=jenkins1000 | ip=192.168.34.53 | op=SEND_HEARTBEAT {datanodeUUID=838608ba-8b7b-40e1-8b89-0ac8f38cbb42, command=[]} | ret=SUCCESS |  
2019-09-05 03:27:25,499 | INFO  | SCMAudit | user=jenkins1000 | ip=192.168.34.53 | op=SEND_HEARTBEAT {datanodeUUID=514a2e68-35f0-4c50-97b9-a7f344dd70d0, command=[]} | ret=SUCCESS |  
2019-09-05 03:27:25,736 | INFO  | SCMAudit | user=jenkins1000 | ip=192.168.34.53 | op=SEND_HEARTBEAT {datanodeUUID=d5831d47-7264-4585-8f97-4cba7bdc2965, command=[]} | ret=SUCCESS |  
2019-09-05 03:27:26,075 | INFO  | SCMAudit | user=jenkins1000 | ip=192.168.34.53 | op=SEND_HEARTBEAT {datanodeUUID=56431364-4f3b-4c40-806d-c9164d34aa1e, command=[]} | ret=SUCCESS |  
2019-09-05 03:27:26,230 [grpc-default-executor-0] INFO  client.GrpcClientProtocolClient (GrpcClientProtocolClient.java:onNext(255)) - client-D63F27167560->09804a23-7f5e-4639-98b0-dd8aac3c1a3d: receive RaftClientReply:client-D63F27167560->09804a23-7f5e-4639-98b0-dd8aac3c1a3d@group-6FC1333E43B6, cid=44, FAILED org.apache.ratis.protocol.NotLeaderException: Server 09804a23-7f5e-4639-98b0-dd8aac3c1a3d is not the leader (838608ba-8b7b-40e1-8b89-0ac8f38cbb42:192.168.34.53:41281). Request must be sent to leader., logIndex=0, commits[09804a23-7f5e-4639-98b0-dd8aac3c1a3d:c8, 838608ba-8b7b-40e1-8b89-0ac8f38cbb42:c8, f8e72f0f-27ad-4da0-a4ac-f742e69d6053:c8]
2019-09-05 03:27:26,291 | INFO  | SCMAudit | user=jenkins1000 | ip=192.168.34.53 | op=SEND_HEARTBEAT {datanodeUUID=3ae5d83c-115d-493e-a141-01bd711a0fb1, command=[]} | ret=SUCCESS |  
2019-09-05 03:27:26,335 | INFO  | SCMAudit | user=jenkins1000 | ip=192.168.34.53 | op=SEND_HEARTBEAT {datanodeUUID=09804a23-7f5e-4639-98b0-dd8aac3c1a3d, command=[]} | ret=SUCCESS |  
2019-09-05 03:27:26,362 | INFO  | SCMAudit | user=jenkins1000 | ip=192.168.34.53 | op=SEND_HEARTBEAT {datanodeUUID=f8e72f0f-27ad-4da0-a4ac-f742e69d6053, command=[]} | ret=SUCCESS |  
2019-09-05 03:27:26,367 | INFO  | SCMAudit | user=jenkins1000 | ip=192.168.34.53 | op=SEND_HEARTBEAT {datanodeUUID=838608ba-8b7b-40e1-8b89-0ac8f38cbb42, command=[]} | ret=SUCCESS |  
2019-09-05 03:27:26,499 | INFO  | SCMAudit | user=jenkins1000 | ip=192.168.34.53 | op=SEND_HEARTBEAT {datanodeUUID=514a2e68-35f0-4c50-97b9-a7f344dd70d0, command=[]} | ret=SUCCESS |  
2019-09-05 03:27:26,737 | INFO  | SCMAudit | user=jenkins1000 | ip=192.168.34.53 | op=SEND_HEARTBEAT {datanodeUUID=d5831d47-7264-4585-8f97-4cba7bdc2965, command=[]} | ret=SUCCESS |  
2019-09-05 03:27:27,076 | INFO  | SCMAudit | user=jenkins1000 | ip=192.168.34.53 | op=SEND_HEARTBEAT {datanodeUUID=56431364-4f3b-4c40-806d-c9164d34aa1e, command=[]} | ret=SUCCESS |  
2019-09-05 03:27:27,292 | INFO  | SCMAudit | user=jenkins1000 | ip=192.168.34.53 | op=SEND_HEARTBEAT {datanodeUUID=3ae5d83c-115d-493e-a141-01bd711a0fb1, command=[]} | ret=SUCCESS |  
2019-09-05 03:27:27,335 | INFO  | SCMAudit | user=jenkins1000 | ip=192.168.34.53 | op=SEND_HEARTBEAT {datanodeUUID=09804a23-7f5e-4639-98b0-dd8aac3c1a3d, command=[]} | ret=SUCCESS |  
2019-09-05 03:27:27,363 | INFO  | SCMAudit | user=jenkins1000 | ip=192.168.34.53 | op=SEND_HEARTBEAT {datanodeUUID=f8e72f0f-27ad-4da0-a4ac-f742e69d6053, command=[]} | ret=SUCCESS |  
2019-09-05 03:27:27,367 | INFO  | SCMAudit | user=jenkins1000 | ip=192.168.34.53 | op=SEND_HEARTBEAT {datanodeUUID=838608ba-8b7b-40e1-8b89-0ac8f38cbb42, command=[]} | ret=SUCCESS |  
2019-09-05 03:27:27,499 | INFO  | SCMAudit | user=jenkins1000 | ip=192.168.34.53 | op=SEND_HEARTBEAT {datanodeUUID=514a2e68-35f0-4c50-97b9-a7f344dd70d0, command=[]} | ret=SUCCESS |  
2019-09-05 03:27:27,737 | INFO  | SCMAudit | user=jenkins1000 | ip=192.168.34.53 | op=SEND_HEARTBEAT {datanodeUUID=d5831d47-7264-4585-8f97-4cba7bdc2965, command=[]} | ret=SUCCESS |  
2019-09-05 03:27:28,075 | INFO  | SCMAudit | user=jenkins1000 | ip=192.168.34.53 | op=SEND_HEARTBEAT {datanodeUUID=56431364-4f3b-4c40-806d-c9164d34aa1e, command=[]} | ret=SUCCESS |  
2019-09-05 03:27:28,292 | INFO  | SCMAudit | user=jenkins1000 | ip=192.168.34.53 | op=SEND_HEARTBEAT {datanodeUUID=3ae5d83c-115d-493e-a141-01bd711a0fb1, command=[]} | ret=SUCCESS |  
2019-09-05 03:27:28,335 | INFO  | SCMAudit | user=jenkins1000 | ip=192.168.34.53 | op=SEND_HEARTBEAT {datanodeUUID=09804a23-7f5e-4639-98b0-dd8aac3c1a3d, command=[]} | ret=SUCCESS |  
2019-09-05 03:27:28,363 | INFO  | SCMAudit | user=jenkins1000 | ip=192.168.34.53 | op=SEND_HEARTBEAT {datanodeUUID=f8e72f0f-27ad-4da0-a4ac-f742e69d6053, command=[]} | ret=SUCCESS |  
2019-09-05 03:27:28,367 | INFO  | SCMAudit | user=jenkins1000 | ip=192.168.34.53 | op=SEND_HEARTBEAT {datanodeUUID=838608ba-8b7b-40e1-8b89-0ac8f38cbb42, command=[]} | ret=SUCCESS |  
2019-09-05 03:27:28,500 | INFO  | SCMAudit | user=jenkins1000 | ip=192.168.34.53 | op=SEND_HEARTBEAT {datanodeUUID=514a2e68-35f0-4c50-97b9-a7f344dd70d0, command=[]} | ret=SUCCESS |  
2019-09-05 03:27:28,737 | INFO  | SCMAudit | user=jenkins1000 | ip=192.168.34.53 | op=SEND_HEARTBEAT {datanodeUUID=d5831d47-7264-4585-8f97-4cba7bdc2965, command=[]} | ret=SUCCESS |  
2019-09-05 03:27:29,076 | INFO  | SCMAudit | user=jenkins1000 | ip=192.168.34.53 | op=SEND_HEARTBEAT {datanodeUUID=56431364-4f3b-4c40-806d-c9164d34aa1e, command=[]} | ret=SUCCESS |  
2019-09-05 03:27:29,291 | INFO  | SCMAudit | user=jenkins1000 | ip=192.168.34.53 | op=SEND_HEARTBEAT {datanodeUUID=3ae5d83c-115d-493e-a141-01bd711a0fb1, command=[]} | ret=SUCCESS |  
2019-09-05 03:27:29,335 | INFO  | SCMAudit | user=jenkins1000 | ip=192.168.34.53 | op=SEND_HEARTBEAT {datanodeUUID=09804a23-7f5e-4639-98b0-dd8aac3c1a3d, command=[]} | ret=SUCCESS |  
2019-09-05 03:27:29,364 | INFO  | SCMAudit | user=jenkins1000 | ip=192.168.34.53 | op=SEND_HEARTBEAT {datanodeUUID=f8e72f0f-27ad-4da0-a4ac-f742e69d6053, command=[]} | ret=SUCCESS |  
2019-09-05 03:27:29,367 | INFO  | SCMAudit | user=jenkins1000 | ip=192.168.34.53 | op=SEND_HEARTBEAT {datanodeUUID=838608ba-8b7b-40e1-8b89-0ac8f38cbb42, command=[]} | ret=SUCCESS |  
2019-09-05 03:27:29,501 | INFO  | SCMAudit | user=jenkins1000 | ip=192.168.34.53 | op=SEND_HEARTBEAT {datanodeUUID=514a2e68-35f0-4c50-97b9-a7f344dd70d0, command=[]} | ret=SUCCESS |  
2019-09-05 03:27:29,736 | INFO  | SCMAudit | user=jenkins1000 | ip=192.168.34.53 | op=SEND_HEARTBEAT {datanodeUUID=d5831d47-7264-4585-8f97-4cba7bdc2965, command=[]} | ret=SUCCESS |  
2019-09-05 03:27:30,076 | INFO  | SCMAudit | user=jenkins1000 | ip=192.168.34.53 | op=SEND_HEARTBEAT {datanodeUUID=56431364-4f3b-4c40-806d-c9164d34aa1e, command=[]} | ret=SUCCESS |  
2019-09-05 03:27:30,292 | INFO  | SCMAudit | user=jenkins1000 | ip=192.168.34.53 | op=SEND_HEARTBEAT {datanodeUUID=3ae5d83c-115d-493e-a141-01bd711a0fb1, command=[]} | ret=SUCCESS |  
2019-09-05 03:27:30,336 | INFO  | SCMAudit | user=jenkins1000 | ip=192.168.34.53 | op=SEND_HEARTBEAT {datanodeUUID=09804a23-7f5e-4639-98b0-dd8aac3c1a3d, command=[]} | ret=SUCCESS |  
2019-09-05 03:27:30,363 | INFO  | SCMAudit | user=jenkins1000 | ip=192.168.34.53 | op=SEND_HEARTBEAT {datanodeUUID=f8e72f0f-27ad-4da0-a4ac-f742e69d6053, command=[]} | ret=SUCCESS |  
2019-09-05 03:27:30,368 | INFO  | SCMAudit | user=jenkins1000 | ip=192.168.34.53 | op=SEND_HEARTBEAT {datanodeUUID=838608ba-8b7b-40e1-8b89-0ac8f38cbb42, command=[]} | ret=SUCCESS |  
2019-09-05 03:27:30,500 | INFO  | SCMAudit | user=jenkins1000 | ip=192.168.34.53 | op=SEND_HEARTBEAT {datanodeUUID=514a2e68-35f0-4c50-97b9-a7f344dd70d0, command=[]} | ret=SUCCESS |  
2019-09-05 03:27:30,737 | INFO  | SCMAudit | user=jenkins1000 | ip=192.168.34.53 | op=SEND_HEARTBEAT {datanodeUUID=d5831d47-7264-4585-8f97-4cba7bdc2965, command=[]} | ret=SUCCESS |  
2019-09-05 03:27:31,076 | INFO  | SCMAudit | user=jenkins1000 | ip=192.168.34.53 | op=SEND_HEARTBEAT {datanodeUUID=56431364-4f3b-4c40-806d-c9164d34aa1e, command=[]} | ret=SUCCESS |  
2019-09-05 03:27:31,279 [grpc-default-executor-3] INFO  client.GrpcClientProtocolClient (GrpcClientProtocolClient.java:onNext(255)) - client-D63F27167560->09804a23-7f5e-4639-98b0-dd8aac3c1a3d: receive RaftClientReply:client-D63F27167560->09804a23-7f5e-4639-98b0-dd8aac3c1a3d@group-6FC1333E43B6, cid=44, FAILED org.apache.ratis.protocol.NotLeaderException: Server 09804a23-7f5e-4639-98b0-dd8aac3c1a3d is not the leader (838608ba-8b7b-40e1-8b89-0ac8f38cbb42:192.168.34.53:41281). Request must be sent to leader., logIndex=0, commits[09804a23-7f5e-4639-98b0-dd8aac3c1a3d:c8, 838608ba-8b7b-40e1-8b89-0ac8f38cbb42:c8, f8e72f0f-27ad-4da0-a4ac-f742e69d6053:c8]
2019-09-05 03:27:31,296 | INFO  | SCMAudit | user=jenkins1000 | ip=192.168.34.53 | op=SEND_HEARTBEAT {datanodeUUID=3ae5d83c-115d-493e-a141-01bd711a0fb1, command=[]} | ret=SUCCESS |  
2019-09-05 03:27:31,336 | INFO  | SCMAudit | user=jenkins1000 | ip=192.168.34.53 | op=SEND_HEARTBEAT {datanodeUUID=09804a23-7f5e-4639-98b0-dd8aac3c1a3d, command=[]} | ret=SUCCESS |  
2019-09-05 03:27:31,363 | INFO  | SCMAudit | user=jenkins1000 | ip=192.168.34.53 | op=SEND_HEARTBEAT {datanodeUUID=f8e72f0f-27ad-4da0-a4ac-f742e69d6053, command=[]} | ret=SUCCESS |  
2019-09-05 03:27:31,368 | INFO  | SCMAudit | user=jenkins1000 | ip=192.168.34.53 | op=SEND_HEARTBEAT {datanodeUUID=838608ba-8b7b-40e1-8b89-0ac8f38cbb42, command=[]} | ret=SUCCESS |  
2019-09-05 03:27:31,500 | INFO  | SCMAudit | user=jenkins1000 | ip=192.168.34.53 | op=SEND_HEARTBEAT {datanodeUUID=514a2e68-35f0-4c50-97b9-a7f344dd70d0, command=[]} | ret=SUCCESS |  
2019-09-05 03:27:31,737 | INFO  | SCMAudit | user=jenkins1000 | ip=192.168.34.53 | op=SEND_HEARTBEAT {datanodeUUID=d5831d47-7264-4585-8f97-4cba7bdc2965, command=[]} | ret=SUCCESS |  
2019-09-05 03:27:32,077 | INFO  | SCMAudit | user=jenkins1000 | ip=192.168.34.53 | op=SEND_HEARTBEAT {datanodeUUID=56431364-4f3b-4c40-806d-c9164d34aa1e, command=[]} | ret=SUCCESS |  
2019-09-05 03:27:32,295 | INFO  | SCMAudit | user=jenkins1000 | ip=192.168.34.53 | op=SEND_HEARTBEAT {datanodeUUID=3ae5d83c-115d-493e-a141-01bd711a0fb1, command=[]} | ret=SUCCESS |  
2019-09-05 03:27:32,336 | INFO  | SCMAudit | user=jenkins1000 | ip=192.168.34.53 | op=SEND_HEARTBEAT {datanodeUUID=09804a23-7f5e-4639-98b0-dd8aac3c1a3d, command=[]} | ret=SUCCESS |  
2019-09-05 03:27:32,364 | INFO  | SCMAudit | user=jenkins1000 | ip=192.168.34.53 | op=SEND_HEARTBEAT {datanodeUUID=f8e72f0f-27ad-4da0-a4ac-f742e69d6053, command=[]} | ret=SUCCESS |  
2019-09-05 03:27:32,368 | INFO  | SCMAudit | user=jenkins1000 | ip=192.168.34.53 | op=SEND_HEARTBEAT {datanodeUUID=838608ba-8b7b-40e1-8b89-0ac8f38cbb42, command=[]} | ret=SUCCESS |  
2019-09-05 03:27:32,501 | INFO  | SCMAudit | user=jenkins1000 | ip=192.168.34.53 | op=SEND_HEARTBEAT {datanodeUUID=514a2e68-35f0-4c50-97b9-a7f344dd70d0, command=[]} | ret=SUCCESS |  
2019-09-05 03:27:32,736 | INFO  | SCMAudit | user=jenkins1000 | ip=192.168.34.53 | op=SEND_HEARTBEAT {datanodeUUID=d5831d47-7264-4585-8f97-4cba7bdc2965, command=[]} | ret=SUCCESS |  
2019-09-05 03:27:33,076 | INFO  | SCMAudit | user=jenkins1000 | ip=192.168.34.53 | op=SEND_HEARTBEAT {datanodeUUID=56431364-4f3b-4c40-806d-c9164d34aa1e, command=[]} | ret=SUCCESS |  
2019-09-05 03:27:33,299 | INFO  | SCMAudit | user=jenkins1000 | ip=192.168.34.53 | op=SEND_HEARTBEAT {datanodeUUID=3ae5d83c-115d-493e-a141-01bd711a0fb1, command=[]} | ret=SUCCESS |  
2019-09-05 03:27:33,336 | INFO  | SCMAudit | user=jenkins1000 | ip=192.168.34.53 | op=SEND_HEARTBEAT {datanodeUUID=09804a23-7f5e-4639-98b0-dd8aac3c1a3d, command=[]} | ret=SUCCESS |  
2019-09-05 03:27:33,363 | INFO  | SCMAudit | user=jenkins1000 | ip=192.168.34.53 | op=SEND_HEARTBEAT {datanodeUUID=f8e72f0f-27ad-4da0-a4ac-f742e69d6053, command=[]} | ret=SUCCESS |  
2019-09-05 03:27:33,369 | INFO  | SCMAudit | user=jenkins1000 | ip=192.168.34.53 | op=SEND_HEARTBEAT {datanodeUUID=838608ba-8b7b-40e1-8b89-0ac8f38cbb42, command=[]} | ret=SUCCESS |  
2019-09-05 03:27:33,501 | INFO  | SCMAudit | user=jenkins1000 | ip=192.168.34.53 | op=SEND_HEARTBEAT {datanodeUUID=514a2e68-35f0-4c50-97b9-a7f344dd70d0, command=[]} | ret=SUCCESS |  
2019-09-05 03:27:33,737 | INFO  | SCMAudit | user=jenkins1000 | ip=192.168.34.53 | op=SEND_HEARTBEAT {datanodeUUID=d5831d47-7264-4585-8f97-4cba7bdc2965, command=[]} | ret=SUCCESS |  
2019-09-05 03:27:34,077 | INFO  | SCMAudit | user=jenkins1000 | ip=192.168.34.53 | op=SEND_HEARTBEAT {datanodeUUID=56431364-4f3b-4c40-806d-c9164d34aa1e, command=[]} | ret=SUCCESS |  
2019-09-05 03:27:34,300 | INFO  | SCMAudit | user=jenkins1000 | ip=192.168.34.53 | op=SEND_HEARTBEAT {datanodeUUID=3ae5d83c-115d-493e-a141-01bd711a0fb1, command=[]} | ret=SUCCESS |  
2019-09-05 03:27:34,336 | INFO  | SCMAudit | user=jenkins1000 | ip=192.168.34.53 | op=SEND_HEARTBEAT {datanodeUUID=09804a23-7f5e-4639-98b0-dd8aac3c1a3d, command=[]} | ret=SUCCESS |  
2019-09-05 03:27:34,364 | INFO  | SCMAudit | user=jenkins1000 | ip=192.168.34.53 | op=SEND_HEARTBEAT {datanodeUUID=f8e72f0f-27ad-4da0-a4ac-f742e69d6053, command=[]} | ret=SUCCESS |  
2019-09-05 03:27:34,369 | INFO  | SCMAudit | user=jenkins1000 | ip=192.168.34.53 | op=SEND_HEARTBEAT {datanodeUUID=838608ba-8b7b-40e1-8b89-0ac8f38cbb42, command=[]} | ret=SUCCESS |  
2019-09-05 03:27:34,501 | INFO  | SCMAudit | user=jenkins1000 | ip=192.168.34.53 | op=SEND_HEARTBEAT {datanodeUUID=514a2e68-35f0-4c50-97b9-a7f344dd70d0, command=[]} | ret=SUCCESS |  
2019-09-05 03:27:34,736 | INFO  | SCMAudit | user=jenkins1000 | ip=192.168.34.53 | op=SEND_HEARTBEAT {datanodeUUID=d5831d47-7264-4585-8f97-4cba7bdc2965, command=[]} | ret=SUCCESS |  
2019-09-05 03:27:35,077 | INFO  | SCMAudit | user=jenkins1000 | ip=192.168.34.53 | op=SEND_HEARTBEAT {datanodeUUID=56431364-4f3b-4c40-806d-c9164d34aa1e, command=[]} | ret=SUCCESS |  
2019-09-05 03:27:35,299 | INFO  | SCMAudit | user=jenkins1000 | ip=192.168.34.53 | op=SEND_HEARTBEAT {datanodeUUID=3ae5d83c-115d-493e-a141-01bd711a0fb1, command=[]} | ret=SUCCESS |  
2019-09-05 03:27:35,337 | INFO  | SCMAudit | user=jenkins1000 | ip=192.168.34.53 | op=SEND_HEARTBEAT {datanodeUUID=09804a23-7f5e-4639-98b0-dd8aac3c1a3d, command=[]} | ret=SUCCESS |  
2019-09-05 03:27:35,365 | INFO  | SCMAudit | user=jenkins1000 | ip=192.168.34.53 | op=SEND_HEARTBEAT {datanodeUUID=f8e72f0f-27ad-4da0-a4ac-f742e69d6053, command=[]} | ret=SUCCESS |  
2019-09-05 03:27:35,369 | INFO  | SCMAudit | user=jenkins1000 | ip=192.168.34.53 | op=SEND_HEARTBEAT {datanodeUUID=838608ba-8b7b-40e1-8b89-0ac8f38cbb42, command=[]} | ret=SUCCESS |  
2019-09-05 03:27:35,502 | INFO  | SCMAudit | user=jenkins1000 | ip=192.168.34.53 | op=SEND_HEARTBEAT {datanodeUUID=514a2e68-35f0-4c50-97b9-a7f344dd70d0, command=[]} | ret=SUCCESS |  
2019-09-05 03:27:35,736 | INFO  | SCMAudit | user=jenkins1000 | ip=192.168.34.53 | op=SEND_HEARTBEAT {datanodeUUID=d5831d47-7264-4585-8f97-4cba7bdc2965, command=[]} | ret=SUCCESS |  
2019-09-05 03:27:36,077 | INFO  | SCMAudit | user=jenkins1000 | ip=192.168.34.53 | op=SEND_HEARTBEAT {datanodeUUID=56431364-4f3b-4c40-806d-c9164d34aa1e, command=[]} | ret=SUCCESS |  
2019-09-05 03:27:36,300 | INFO  | SCMAudit | user=jenkins1000 | ip=192.168.34.53 | op=SEND_HEARTBEAT {datanodeUUID=3ae5d83c-115d-493e-a141-01bd711a0fb1, command=[]} | ret=SUCCESS |  
2019-09-05 03:27:36,320 [grpc-default-executor-3] INFO  client.GrpcClientProtocolClient (GrpcClientProtocolClient.java:onNext(255)) - client-D63F27167560->09804a23-7f5e-4639-98b0-dd8aac3c1a3d: receive RaftClientReply:client-D63F27167560->09804a23-7f5e-4639-98b0-dd8aac3c1a3d@group-6FC1333E43B6, cid=44, FAILED org.apache.ratis.protocol.NotLeaderException: Server 09804a23-7f5e-4639-98b0-dd8aac3c1a3d is not the leader (838608ba-8b7b-40e1-8b89-0ac8f38cbb42:192.168.34.53:41281). Request must be sent to leader., logIndex=0, commits[09804a23-7f5e-4639-98b0-dd8aac3c1a3d:c8, 838608ba-8b7b-40e1-8b89-0ac8f38cbb42:c8, f8e72f0f-27ad-4da0-a4ac-f742e69d6053:c8]
2019-09-05 03:27:36,337 | INFO  | SCMAudit | user=jenkins1000 | ip=192.168.34.53 | op=SEND_HEARTBEAT {datanodeUUID=09804a23-7f5e-4639-98b0-dd8aac3c1a3d, command=[]} | ret=SUCCESS |  
2019-09-05 03:27:36,366 | INFO  | SCMAudit | user=jenkins1000 | ip=192.168.34.53 | op=SEND_HEARTBEAT {datanodeUUID=f8e72f0f-27ad-4da0-a4ac-f742e69d6053, command=[]} | ret=SUCCESS |  
2019-09-05 03:27:36,370 | INFO  | SCMAudit | user=jenkins1000 | ip=192.168.34.53 | op=SEND_HEARTBEAT {datanodeUUID=838608ba-8b7b-40e1-8b89-0ac8f38cbb42, command=[]} | ret=SUCCESS |  
2019-09-05 03:27:36,502 | INFO  | SCMAudit | user=jenkins1000 | ip=192.168.34.53 | op=SEND_HEARTBEAT {datanodeUUID=514a2e68-35f0-4c50-97b9-a7f344dd70d0, command=[]} | ret=SUCCESS |  
2019-09-05 03:27:36,737 | INFO  | SCMAudit | user=jenkins1000 | ip=192.168.34.53 | op=SEND_HEARTBEAT {datanodeUUID=d5831d47-7264-4585-8f97-4cba7bdc2965, command=[]} | ret=SUCCESS |  
2019-09-05 03:27:37,078 | INFO  | SCMAudit | user=jenkins1000 | ip=192.168.34.53 | op=SEND_HEARTBEAT {datanodeUUID=56431364-4f3b-4c40-806d-c9164d34aa1e, command=[]} | ret=SUCCESS |  
2019-09-05 03:27:37,299 | INFO  | SCMAudit | user=jenkins1000 | ip=192.168.34.53 | op=SEND_HEARTBEAT {datanodeUUID=3ae5d83c-115d-493e-a141-01bd711a0fb1, command=[]} | ret=SUCCESS |  
2019-09-05 03:27:37,337 | INFO  | SCMAudit | user=jenkins1000 | ip=192.168.34.53 | op=SEND_HEARTBEAT {datanodeUUID=09804a23-7f5e-4639-98b0-dd8aac3c1a3d, command=[]} | ret=SUCCESS |  
2019-09-05 03:27:37,366 | INFO  | SCMAudit | user=jenkins1000 | ip=192.168.34.53 | op=SEND_HEARTBEAT {datanodeUUID=f8e72f0f-27ad-4da0-a4ac-f742e69d6053, command=[]} | ret=SUCCESS |  
2019-09-05 03:27:37,371 | INFO  | SCMAudit | user=jenkins1000 | ip=192.168.34.53 | op=SEND_HEARTBEAT {datanodeUUID=838608ba-8b7b-40e1-8b89-0ac8f38cbb42, command=[]} | ret=SUCCESS |  
2019-09-05 03:27:37,501 | INFO  | SCMAudit | user=jenkins1000 | ip=192.168.34.53 | op=SEND_HEARTBEAT {datanodeUUID=514a2e68-35f0-4c50-97b9-a7f344dd70d0, command=[]} | ret=SUCCESS |  
2019-09-05 03:27:37,737 | INFO  | SCMAudit | user=jenkins1000 | ip=192.168.34.53 | op=SEND_HEARTBEAT {datanodeUUID=d5831d47-7264-4585-8f97-4cba7bdc2965, command=[]} | ret=SUCCESS |  
2019-09-05 03:27:38,077 | INFO  | SCMAudit | user=jenkins1000 | ip=192.168.34.53 | op=SEND_HEARTBEAT {datanodeUUID=56431364-4f3b-4c40-806d-c9164d34aa1e, command=[]} | ret=SUCCESS |  
2019-09-05 03:27:38,300 | INFO  | SCMAudit | user=jenkins1000 | ip=192.168.34.53 | op=SEND_HEARTBEAT {datanodeUUID=3ae5d83c-115d-493e-a141-01bd711a0fb1, command=[]} | ret=SUCCESS |  
2019-09-05 03:27:38,337 | INFO  | SCMAudit | user=jenkins1000 | ip=192.168.34.53 | op=SEND_HEARTBEAT {datanodeUUID=09804a23-7f5e-4639-98b0-dd8aac3c1a3d, command=[]} | ret=SUCCESS |  
2019-09-05 03:27:38,366 | INFO  | SCMAudit | user=jenkins1000 | ip=192.168.34.53 | op=SEND_HEARTBEAT {datanodeUUID=f8e72f0f-27ad-4da0-a4ac-f742e69d6053, command=[]} | ret=SUCCESS |  
2019-09-05 03:27:38,372 | INFO  | SCMAudit | user=jenkins1000 | ip=192.168.34.53 | op=SEND_HEARTBEAT {datanodeUUID=838608ba-8b7b-40e1-8b89-0ac8f38cbb42, command=[]} | ret=SUCCESS |  
2019-09-05 03:27:38,502 | INFO  | SCMAudit | user=jenkins1000 | ip=192.168.34.53 | op=SEND_HEARTBEAT {datanodeUUID=514a2e68-35f0-4c50-97b9-a7f344dd70d0, command=[]} | ret=SUCCESS |  
2019-09-05 03:27:38,736 | INFO  | SCMAudit | user=jenkins1000 | ip=192.168.34.53 | op=SEND_HEARTBEAT {datanodeUUID=d5831d47-7264-4585-8f97-4cba7bdc2965, command=[]} | ret=SUCCESS |  
2019-09-05 03:27:39,079 | INFO  | SCMAudit | user=jenkins1000 | ip=192.168.34.53 | op=SEND_HEARTBEAT {datanodeUUID=56431364-4f3b-4c40-806d-c9164d34aa1e, command=[]} | ret=SUCCESS |  
2019-09-05 03:27:39,299 | INFO  | SCMAudit | user=jenkins1000 | ip=192.168.34.53 | op=SEND_HEARTBEAT {datanodeUUID=3ae5d83c-115d-493e-a141-01bd711a0fb1, command=[]} | ret=SUCCESS |  
2019-09-05 03:27:39,336 | INFO  | SCMAudit | user=jenkins1000 | ip=192.168.34.53 | op=SEND_HEARTBEAT {datanodeUUID=09804a23-7f5e-4639-98b0-dd8aac3c1a3d, command=[]} | ret=SUCCESS |  
2019-09-05 03:27:39,366 | INFO  | SCMAudit | user=jenkins1000 | ip=192.168.34.53 | op=SEND_HEARTBEAT {datanodeUUID=f8e72f0f-27ad-4da0-a4ac-f742e69d6053, command=[]} | ret=SUCCESS |  
2019-09-05 03:27:39,372 | INFO  | SCMAudit | user=jenkins1000 | ip=192.168.34.53 | op=SEND_HEARTBEAT {datanodeUUID=838608ba-8b7b-40e1-8b89-0ac8f38cbb42, command=[]} | ret=SUCCESS |  
2019-09-05 03:27:39,502 | INFO  | SCMAudit | user=jenkins1000 | ip=192.168.34.53 | op=SEND_HEARTBEAT {datanodeUUID=514a2e68-35f0-4c50-97b9-a7f344dd70d0, command=[]} | ret=SUCCESS |  
2019-09-05 03:27:39,737 | INFO  | SCMAudit | user=jenkins1000 | ip=192.168.34.53 | op=SEND_HEARTBEAT {datanodeUUID=d5831d47-7264-4585-8f97-4cba7bdc2965, command=[]} | ret=SUCCESS |  
2019-09-05 03:27:40,078 | INFO  | SCMAudit | user=jenkins1000 | ip=192.168.34.53 | op=SEND_HEARTBEAT {datanodeUUID=56431364-4f3b-4c40-806d-c9164d34aa1e, command=[]} | ret=SUCCESS |  
2019-09-05 03:27:40,300 | INFO  | SCMAudit | user=jenkins1000 | ip=192.168.34.53 | op=SEND_HEARTBEAT {datanodeUUID=3ae5d83c-115d-493e-a141-01bd711a0fb1, command=[]} | ret=SUCCESS |  
2019-09-05 03:27:40,339 | INFO  | SCMAudit | user=jenkins1000 | ip=192.168.34.53 | op=SEND_HEARTBEAT {datanodeUUID=09804a23-7f5e-4639-98b0-dd8aac3c1a3d, command=[]} | ret=SUCCESS |  
2019-09-05 03:27:40,366 | INFO  | SCMAudit | user=jenkins1000 | ip=192.168.34.53 | op=SEND_HEARTBEAT {datanodeUUID=f8e72f0f-27ad-4da0-a4ac-f742e69d6053, command=[]} | ret=SUCCESS |  
2019-09-05 03:27:40,372 | INFO  | SCMAudit | user=jenkins1000 | ip=192.168.34.53 | op=SEND_HEARTBEAT {datanodeUUID=838608ba-8b7b-40e1-8b89-0ac8f38cbb42, command=[]} | ret=SUCCESS |  
2019-09-05 03:27:40,502 | INFO  | SCMAudit | user=jenkins1000 | ip=192.168.34.53 | op=SEND_HEARTBEAT {datanodeUUID=514a2e68-35f0-4c50-97b9-a7f344dd70d0, command=[]} | ret=SUCCESS |  
2019-09-05 03:27:40,737 | INFO  | SCMAudit | user=jenkins1000 | ip=192.168.34.53 | op=SEND_HEARTBEAT {datanodeUUID=d5831d47-7264-4585-8f97-4cba7bdc2965, command=[]} | ret=SUCCESS |  
2019-09-05 03:27:41,077 | INFO  | SCMAudit | user=jenkins1000 | ip=192.168.34.53 | op=SEND_HEARTBEAT {datanodeUUID=56431364-4f3b-4c40-806d-c9164d34aa1e, command=[]} | ret=SUCCESS |  
2019-09-05 03:27:41,256 [grpc-default-executor-3] INFO  impl.RaftServerProxy (RaftServerProxy.java:addNew(89)) - d5831d47-7264-4585-8f97-4cba7bdc2965: addNew group-007B8BE1B862:[d5831d47-7264-4585-8f97-4cba7bdc2965:192.168.34.53:38640] returns group-007B8BE1B862:java.util.concurrent.CompletableFuture@5867cbec[Not completed]
2019-09-05 03:27:41,264 [pool-192-thread-1] INFO  impl.RaftServerImpl (RaftServerImpl.java:<init>(93)) - d5831d47-7264-4585-8f97-4cba7bdc2965: new RaftServerImpl for group-007B8BE1B862:[d5831d47-7264-4585-8f97-4cba7bdc2965:192.168.34.53:38640] with ContainerStateMachine:uninitialized
2019-09-05 03:27:41,264 [pool-192-thread-1] INFO  server.RaftServerConfigKeys (ConfUtils.java:logGet(43)) - raft.server.rpc.timeout.min = 5s (custom)
2019-09-05 03:27:41,264 [pool-192-thread-1] INFO  server.RaftServerConfigKeys (ConfUtils.java:logGet(43)) - raft.server.rpc.timeout.max = 5200ms (custom)
2019-09-05 03:27:41,265 [pool-192-thread-1] INFO  server.RaftServerConfigKeys (ConfUtils.java:logGet(43)) - raft.server.rpcslowness.timeout = 120s (custom)
2019-09-05 03:27:41,265 [pool-192-thread-1] INFO  server.RaftServerConfigKeys (ConfUtils.java:logGet(43)) - raft.server.sleep.deviation.threshold = 300 (default)
2019-09-05 03:27:41,265 [pool-192-thread-1] INFO  server.RaftServerConfigKeys (ConfUtils.java:logGet(43)) - raft.server.log.appender.install.snapshot.enabled = false (custom)
2019-09-05 03:27:41,265 [pool-192-thread-1] INFO  impl.RaftServerImpl (ServerState.java:<init>(105)) - d5831d47-7264-4585-8f97-4cba7bdc2965:group-007B8BE1B862 ConfigurationManager, init=-1: [d5831d47-7264-4585-8f97-4cba7bdc2965:192.168.34.53:38640], old=null, confs=<EMPTY_MAP>
2019-09-05 03:27:41,266 [pool-192-thread-1] INFO  server.RaftServerConfigKeys (ConfUtils.java:logGet(43)) - raft.server.storage.dir = [/workdir/hadoop-ozone/integration-test/target/test-dir/MiniOzoneClusterImpl-38a6644a-5bd9-4915-9755-6661b6b928f7/datanode-6/data/ratis] (custom)
2019-09-05 03:27:41,266 [pool-192-thread-1] INFO  storage.RaftStorageDirectory (RaftStorageDirectory.java:analyzeStorage(246)) - The storage directory /workdir/hadoop-ozone/integration-test/target/test-dir/MiniOzoneClusterImpl-38a6644a-5bd9-4915-9755-6661b6b928f7/datanode-6/data/ratis/418cfa6d-33a0-4f68-9439-007b8be1b862 does not exist. Creating ...
2019-09-05 03:27:41,280 [pool-192-thread-1] INFO  storage.RaftStorageDirectory (RaftStorageDirectory.java:tryLock(328)) - Lock on /workdir/hadoop-ozone/integration-test/target/test-dir/MiniOzoneClusterImpl-38a6644a-5bd9-4915-9755-6661b6b928f7/datanode-6/data/ratis/418cfa6d-33a0-4f68-9439-007b8be1b862/in_use.lock acquired by nodename 25942@pr-hdds-1569-m2srl-933925942
2019-09-05 03:27:41,293 [pool-192-thread-1] INFO  storage.RaftStorage (RaftStorage.java:format(72)) - Storage directory /workdir/hadoop-ozone/integration-test/target/test-dir/MiniOzoneClusterImpl-38a6644a-5bd9-4915-9755-6661b6b928f7/datanode-6/data/ratis/418cfa6d-33a0-4f68-9439-007b8be1b862 has been successfully formatted.
2019-09-05 03:27:41,293 [pool-192-thread-1] INFO  ratis.ContainerStateMachine (ContainerStateMachine.java:loadSnapshot(226)) - group-007B8BE1B862: The snapshot info is null. Setting the last applied indexto:(t:0, i:~)
2019-09-05 03:27:41,293 [pool-192-thread-1] INFO  server.RaftServerConfigKeys (ConfUtils.java:logGet(43)) - raft.server.leader.election.timeout = 120s (custom)
2019-09-05 03:27:41,293 [pool-192-thread-1] INFO  server.RaftServerConfigKeys (ConfUtils.java:logGet(43)) - raft.server.log.use.memory = false (default)
2019-09-05 03:27:41,294 [pool-192-thread-1] INFO  server.RaftServerConfigKeys (ConfUtils.java:logGet(43)) - raft.server.log.purge.gap = 1000000 (custom)
2019-09-05 03:27:41,294 [pool-192-thread-1] INFO  server.RaftServerConfigKeys (ConfUtils.java:logGet(43)) - raft.server.log.appender.buffer.byte-limit = 33554432 (custom)
2019-09-05 03:27:41,294 [pool-192-thread-1] INFO  server.RaftServerConfigKeys (ConfUtils.java:logGet(43)) - raft.server.log.segment.size.max = 1048576 (custom)
2019-09-05 03:27:41,294 [pool-192-thread-1] INFO  server.RaftServerConfigKeys (ConfUtils.java:logGet(43)) - raft.server.log.segment.cache.num.max = 2 (custom)
2019-09-05 03:27:41,294 [pool-192-thread-1] INFO  segmented.SegmentedRaftLogWorker (SegmentedRaftLogWorker.java:<init>(172)) - new d5831d47-7264-4585-8f97-4cba7bdc2965-SegmentedRaftLogWorker:Storage Directory /workdir/hadoop-ozone/integration-test/target/test-dir/MiniOzoneClusterImpl-38a6644a-5bd9-4915-9755-6661b6b928f7/datanode-6/data/ratis/418cfa6d-33a0-4f68-9439-007b8be1b862 for RaftStorage:Storage Directory /workdir/hadoop-ozone/integration-test/target/test-dir/MiniOzoneClusterImpl-38a6644a-5bd9-4915-9755-6661b6b928f7/datanode-6/data/ratis/418cfa6d-33a0-4f68-9439-007b8be1b862
2019-09-05 03:27:41,295 [pool-192-thread-1] INFO  server.RaftServerConfigKeys (ConfUtils.java:logGet(43)) - raft.server.log.queue.byte-limit = 2147483647 (custom)
2019-09-05 03:27:41,295 [pool-192-thread-1] INFO  server.RaftServerConfigKeys (ConfUtils.java:logGet(43)) - raft.server.log.queue.element-limit = 1024 (custom)
2019-09-05 03:27:41,295 [pool-192-thread-1] INFO  server.RaftServerConfigKeys (ConfUtils.java:logGet(43)) - raft.server.log.segment.size.max = 1048576 (custom)
2019-09-05 03:27:41,296 [pool-192-thread-1] INFO  server.RaftServerConfigKeys (ConfUtils.java:logGet(43)) - raft.server.log.preallocated.size = 16384 (custom)
2019-09-05 03:27:41,296 [pool-192-thread-1] INFO  server.RaftServerConfigKeys (ConfUtils.java:logGet(43)) - raft.server.log.write.buffer.size = 33554432 (custom)
2019-09-05 03:27:41,296 [pool-192-thread-1] INFO  server.RaftServerConfigKeys (ConfUtils.java:logGet(43)) - raft.server.log.force.sync.num = 128 (default)
2019-09-05 03:27:41,296 [pool-192-thread-1] INFO  server.RaftServerConfigKeys (ConfUtils.java:logGet(43)) - raft.server.log.statemachine.data.sync = true (default)
2019-09-05 03:27:41,296 [pool-192-thread-1] INFO  server.RaftServerConfigKeys (ConfUtils.java:logGet(43)) - raft.server.log.statemachine.data.sync.timeout = 10s (default)
2019-09-05 03:27:41,296 [pool-192-thread-1] INFO  server.RaftServerConfigKeys (ConfUtils.java:logGet(43)) - raft.server.log.statemachine.data.sync.timeout.retry = -1 (default)
2019-09-05 03:27:41,297 [pool-192-thread-1] INFO  server.RaftServerConfigKeys (ConfUtils.java:logGet(43)) - raft.server.log.statemachine.data.caching.enabled = true (custom)
2019-09-05 03:27:41,297 [pool-192-thread-1] INFO  segmented.SegmentedRaftLogWorker (SegmentedRaftLogWorker.java:lambda$new$0(132)) - d5831d47-7264-4585-8f97-4cba7bdc2965-SegmentedRaftLogWorker:Storage Directory /workdir/hadoop-ozone/integration-test/target/test-dir/MiniOzoneClusterImpl-38a6644a-5bd9-4915-9755-6661b6b928f7/datanode-6/data/ratis/418cfa6d-33a0-4f68-9439-007b8be1b862: flushIndex: setUnconditionally 0 -> -1
2019-09-05 03:27:41,298 [pool-192-thread-1] INFO  server.RaftServerConfigKeys (ConfUtils.java:logGet(43)) - raft.server.snapshot.auto.trigger.enabled = true (custom)
2019-09-05 03:27:41,298 [pool-192-thread-1] INFO  server.RaftServerConfigKeys (ConfUtils.java:logGet(43)) - raft.server.snapshot.auto.trigger.threshold = 10000 (custom)
2019-09-05 03:27:41,298 [pool-192-thread-1] INFO  server.RaftServerConfigKeys (ConfUtils.java:logGet(43)) - raft.server.retrycache.expirytime = 600000ms (custom)
2019-09-05 03:27:41,299 [pool-192-thread-1] INFO  impl.RaftServerImpl (RaftServerImpl.java:start(180)) - d5831d47-7264-4585-8f97-4cba7bdc2965: start group-007B8BE1B862
2019-09-05 03:27:41,299 [pool-192-thread-1] INFO  impl.RaftServerImpl (RaftServerImpl.java:setRole(171)) - d5831d47-7264-4585-8f97-4cba7bdc2965:group-007B8BE1B862 changes role from null to FOLLOWER at term 0 for startAsFollower
2019-09-05 03:27:41,299 [pool-192-thread-1] INFO  impl.RoleInfo (RoleInfo.java:updateAndGet(143)) - d5831d47-7264-4585-8f97-4cba7bdc2965: start FollowerState
2019-09-05 03:27:41,299 | INFO  | SCMAudit | user=jenkins1000 | ip=192.168.34.53 | op=SEND_HEARTBEAT {datanodeUUID=3ae5d83c-115d-493e-a141-01bd711a0fb1, command=[]} | ret=SUCCESS |  
2019-09-05 03:27:41,300 [pool-192-thread-1] INFO  util.JmxRegister (JmxRegister.java:tryRegister(44)) - Successfully registered JMX Bean with object name Ratis:service=RaftServer,group=group-007B8BE1B862,id=d5831d47-7264-4585-8f97-4cba7bdc2965
2019-09-05 03:27:41,303 [RatisPipelineUtilsThread] INFO  pipeline.PipelineStateManager (PipelineStateManager.java:addPipeline(56)) - Created pipeline Pipeline[ Id: 418cfa6d-33a0-4f68-9439-007b8be1b862, Nodes: d5831d47-7264-4585-8f97-4cba7bdc2965{ip: 192.168.34.53, host: pr-hdds-1569-m2srl-933925942, networkLocation: /default-rack, certSerialId: null}, Type:RATIS, Factor:ONE, State:OPEN]
2019-09-05 03:27:41,337 | INFO  | SCMAudit | user=jenkins1000 | ip=192.168.34.53 | op=SEND_HEARTBEAT {datanodeUUID=09804a23-7f5e-4639-98b0-dd8aac3c1a3d, command=[]} | ret=SUCCESS |  
2019-09-05 03:27:41,360 [grpc-default-executor-3] INFO  client.GrpcClientProtocolClient (GrpcClientProtocolClient.java:onNext(255)) - client-D63F27167560->09804a23-7f5e-4639-98b0-dd8aac3c1a3d: receive RaftClientReply:client-D63F27167560->09804a23-7f5e-4639-98b0-dd8aac3c1a3d@group-6FC1333E43B6, cid=44, FAILED org.apache.ratis.protocol.NotLeaderException: Server 09804a23-7f5e-4639-98b0-dd8aac3c1a3d is not the leader (838608ba-8b7b-40e1-8b89-0ac8f38cbb42:192.168.34.53:41281). Request must be sent to leader., logIndex=0, commits[09804a23-7f5e-4639-98b0-dd8aac3c1a3d:c8, 838608ba-8b7b-40e1-8b89-0ac8f38cbb42:c8, f8e72f0f-27ad-4da0-a4ac-f742e69d6053:c8]
2019-09-05 03:27:41,389 | INFO  | SCMAudit | user=jenkins1000 | ip=192.168.34.53 | op=SEND_HEARTBEAT {datanodeUUID=838608ba-8b7b-40e1-8b89-0ac8f38cbb42, command=[]} | ret=SUCCESS |  
2019-09-05 03:27:41,389 | INFO  | SCMAudit | user=jenkins1000 | ip=192.168.34.53 | op=SEND_HEARTBEAT {datanodeUUID=f8e72f0f-27ad-4da0-a4ac-f742e69d6053, command=[]} | ret=SUCCESS |  
2019-09-05 03:27:41,502 | INFO  | SCMAudit | user=jenkins1000 | ip=192.168.34.53 | op=SEND_HEARTBEAT {datanodeUUID=514a2e68-35f0-4c50-97b9-a7f344dd70d0, command=[]} | ret=SUCCESS |  
2019-09-05 03:27:41,737 | INFO  | SCMAudit | user=jenkins1000 | ip=192.168.34.53 | op=SEND_HEARTBEAT {datanodeUUID=d5831d47-7264-4585-8f97-4cba7bdc2965, command=[]} | ret=SUCCESS |  
2019-09-05 03:27:42,078 | INFO  | SCMAudit | user=jenkins1000 | ip=192.168.34.53 | op=SEND_HEARTBEAT {datanodeUUID=56431364-4f3b-4c40-806d-c9164d34aa1e, command=[]} | ret=SUCCESS |  
2019-09-05 03:27:42,300 | INFO  | SCMAudit | user=jenkins1000 | ip=192.168.34.53 | op=SEND_HEARTBEAT {datanodeUUID=3ae5d83c-115d-493e-a141-01bd711a0fb1, command=[]} | ret=SUCCESS |  
2019-09-05 03:27:42,336 | INFO  | SCMAudit | user=jenkins1000 | ip=192.168.34.53 | op=SEND_HEARTBEAT {datanodeUUID=09804a23-7f5e-4639-98b0-dd8aac3c1a3d, command=[]} | ret=SUCCESS |  
2019-09-05 03:27:42,375 | INFO  | SCMAudit | user=jenkins1000 | ip=192.168.34.53 | op=SEND_HEARTBEAT {datanodeUUID=838608ba-8b7b-40e1-8b89-0ac8f38cbb42, command=[]} | ret=SUCCESS |  
2019-09-05 03:27:42,387 | INFO  | SCMAudit | user=jenkins1000 | ip=192.168.34.53 | op=SEND_HEARTBEAT {datanodeUUID=f8e72f0f-27ad-4da0-a4ac-f742e69d6053, command=[]} | ret=SUCCESS |  
2019-09-05 03:27:42,503 | INFO  | SCMAudit | user=jenkins1000 | ip=192.168.34.53 | op=SEND_HEARTBEAT {datanodeUUID=514a2e68-35f0-4c50-97b9-a7f344dd70d0, command=[]} | ret=SUCCESS |  
2019-09-05 03:27:42,737 | INFO  | SCMAudit | user=jenkins1000 | ip=192.168.34.53 | op=SEND_HEARTBEAT {datanodeUUID=d5831d47-7264-4585-8f97-4cba7bdc2965, command=[]} | ret=SUCCESS |  
2019-09-05 03:27:43,077 | INFO  | SCMAudit | user=jenkins1000 | ip=192.168.34.53 | op=SEND_HEARTBEAT {datanodeUUID=56431364-4f3b-4c40-806d-c9164d34aa1e, command=[]} | ret=SUCCESS |  
2019-09-05 03:27:43,299 | INFO  | SCMAudit | user=jenkins1000 | ip=192.168.34.53 | op=SEND_HEARTBEAT {datanodeUUID=3ae5d83c-115d-493e-a141-01bd711a0fb1, command=[]} | ret=SUCCESS |  
2019-09-05 03:27:43,336 | INFO  | SCMAudit | user=jenkins1000 | ip=192.168.34.53 | op=SEND_HEARTBEAT {datanodeUUID=09804a23-7f5e-4639-98b0-dd8aac3c1a3d, command=[]} | ret=SUCCESS |  
2019-09-05 03:27:43,376 | INFO  | SCMAudit | user=jenkins1000 | ip=192.168.34.53 | op=SEND_HEARTBEAT {datanodeUUID=838608ba-8b7b-40e1-8b89-0ac8f38cbb42, command=[]} | ret=SUCCESS |  
2019-09-05 03:27:43,387 | INFO  | SCMAudit | user=jenkins1000 | ip=192.168.34.53 | op=SEND_HEARTBEAT {datanodeUUID=f8e72f0f-27ad-4da0-a4ac-f742e69d6053, command=[]} | ret=SUCCESS |  
2019-09-05 03:27:43,503 | INFO  | SCMAudit | user=jenkins1000 | ip=192.168.34.53 | op=SEND_HEARTBEAT {datanodeUUID=514a2e68-35f0-4c50-97b9-a7f344dd70d0, command=[]} | ret=SUCCESS |  
2019-09-05 03:27:43,736 | INFO  | SCMAudit | user=jenkins1000 | ip=192.168.34.53 | op=SEND_HEARTBEAT {datanodeUUID=d5831d47-7264-4585-8f97-4cba7bdc2965, command=[]} | ret=SUCCESS |  
2019-09-05 03:27:44,078 | INFO  | SCMAudit | user=jenkins1000 | ip=192.168.34.53 | op=SEND_HEARTBEAT {datanodeUUID=56431364-4f3b-4c40-806d-c9164d34aa1e, command=[]} | ret=SUCCESS |  
2019-09-05 03:27:44,300 | INFO  | SCMAudit | user=jenkins1000 | ip=192.168.34.53 | op=SEND_HEARTBEAT {datanodeUUID=3ae5d83c-115d-493e-a141-01bd711a0fb1, command=[]} | ret=SUCCESS |  
2019-09-05 03:27:44,336 | INFO  | SCMAudit | user=jenkins1000 | ip=192.168.34.53 | op=SEND_HEARTBEAT {datanodeUUID=09804a23-7f5e-4639-98b0-dd8aac3c1a3d, command=[]} | ret=SUCCESS |  
2019-09-05 03:27:44,376 | INFO  | SCMAudit | user=jenkins1000 | ip=192.168.34.53 | op=SEND_HEARTBEAT {datanodeUUID=838608ba-8b7b-40e1-8b89-0ac8f38cbb42, command=[]} | ret=SUCCESS |  
2019-09-05 03:27:44,388 | INFO  | SCMAudit | user=jenkins1000 | ip=192.168.34.53 | op=SEND_HEARTBEAT {datanodeUUID=f8e72f0f-27ad-4da0-a4ac-f742e69d6053, command=[]} | ret=SUCCESS |  
2019-09-05 03:27:44,503 | INFO  | SCMAudit | user=jenkins1000 | ip=192.168.34.53 | op=SEND_HEARTBEAT {datanodeUUID=514a2e68-35f0-4c50-97b9-a7f344dd70d0, command=[]} | ret=SUCCESS |  
2019-09-05 03:27:44,737 | INFO  | SCMAudit | user=jenkins1000 | ip=192.168.34.53 | op=SEND_HEARTBEAT {datanodeUUID=d5831d47-7264-4585-8f97-4cba7bdc2965, command=[]} | ret=SUCCESS |  
2019-09-05 03:27:45,078 | INFO  | SCMAudit | user=jenkins1000 | ip=192.168.34.53 | op=SEND_HEARTBEAT {datanodeUUID=56431364-4f3b-4c40-806d-c9164d34aa1e, command=[]} | ret=SUCCESS |  
2019-09-05 03:27:45,300 | INFO  | SCMAudit | user=jenkins1000 | ip=192.168.34.53 | op=SEND_HEARTBEAT {datanodeUUID=3ae5d83c-115d-493e-a141-01bd711a0fb1, command=[]} | ret=SUCCESS |  
2019-09-05 03:27:45,337 | INFO  | SCMAudit | user=jenkins1000 | ip=192.168.34.53 | op=SEND_HEARTBEAT {datanodeUUID=09804a23-7f5e-4639-98b0-dd8aac3c1a3d, command=[]} | ret=SUCCESS |  
2019-09-05 03:27:45,377 | INFO  | SCMAudit | user=jenkins1000 | ip=192.168.34.53 | op=SEND_HEARTBEAT {datanodeUUID=838608ba-8b7b-40e1-8b89-0ac8f38cbb42, command=[]} | ret=SUCCESS |  
2019-09-05 03:27:45,388 | INFO  | SCMAudit | user=jenkins1000 | ip=192.168.34.53 | op=SEND_HEARTBEAT {datanodeUUID=f8e72f0f-27ad-4da0-a4ac-f742e69d6053, command=[]} | ret=SUCCESS |  
2019-09-05 03:27:45,504 | INFO  | SCMAudit | user=jenkins1000 | ip=192.168.34.53 | op=SEND_HEARTBEAT {datanodeUUID=514a2e68-35f0-4c50-97b9-a7f344dd70d0, command=[]} | ret=SUCCESS |  
2019-09-05 03:27:45,737 | INFO  | SCMAudit | user=jenkins1000 | ip=192.168.34.53 | op=SEND_HEARTBEAT {datanodeUUID=d5831d47-7264-4585-8f97-4cba7bdc2965, command=[]} | ret=SUCCESS |  
2019-09-05 03:27:46,077 | INFO  | SCMAudit | user=jenkins1000 | ip=192.168.34.53 | op=SEND_HEARTBEAT {datanodeUUID=56431364-4f3b-4c40-806d-c9164d34aa1e, command=[]} | ret=SUCCESS |  
2019-09-05 03:27:46,299 | INFO  | SCMAudit | user=jenkins1000 | ip=192.168.34.53 | op=SEND_HEARTBEAT {datanodeUUID=3ae5d83c-115d-493e-a141-01bd711a0fb1, command=[]} | ret=SUCCESS |  
2019-09-05 03:27:46,336 | INFO  | SCMAudit | user=jenkins1000 | ip=192.168.34.53 | op=SEND_HEARTBEAT {datanodeUUID=09804a23-7f5e-4639-98b0-dd8aac3c1a3d, command=[]} | ret=SUCCESS |  
2019-09-05 03:27:46,377 | INFO  | SCMAudit | user=jenkins1000 | ip=192.168.34.53 | op=SEND_HEARTBEAT {datanodeUUID=838608ba-8b7b-40e1-8b89-0ac8f38cbb42, command=[]} | ret=SUCCESS |  
2019-09-05 03:27:46,388 | INFO  | SCMAudit | user=jenkins1000 | ip=192.168.34.53 | op=SEND_HEARTBEAT {datanodeUUID=f8e72f0f-27ad-4da0-a4ac-f742e69d6053, command=[]} | ret=SUCCESS |  
2019-09-05 03:27:46,423 [grpc-default-executor-0] INFO  client.GrpcClientProtocolClient (GrpcClientProtocolClient.java:onNext(255)) - client-D63F27167560->09804a23-7f5e-4639-98b0-dd8aac3c1a3d: receive RaftClientReply:client-D63F27167560->09804a23-7f5e-4639-98b0-dd8aac3c1a3d@group-6FC1333E43B6, cid=44, FAILED org.apache.ratis.protocol.NotLeaderException: Server 09804a23-7f5e-4639-98b0-dd8aac3c1a3d is not the leader (838608ba-8b7b-40e1-8b89-0ac8f38cbb42:192.168.34.53:41281). Request must be sent to leader., logIndex=0, commits[09804a23-7f5e-4639-98b0-dd8aac3c1a3d:c8, 838608ba-8b7b-40e1-8b89-0ac8f38cbb42:c8, f8e72f0f-27ad-4da0-a4ac-f742e69d6053:c8]
2019-09-05 03:27:46,462 [Thread-1212] INFO  impl.FollowerState (FollowerState.java:run(106)) - d5831d47-7264-4585-8f97-4cba7bdc2965:group-007B8BE1B862 changes to CANDIDATE, lastRpcTime:5162, electionTimeout:5162ms
2019-09-05 03:27:46,462 [Thread-1212] INFO  impl.RoleInfo (RoleInfo.java:shutdownFollowerState(121)) - d5831d47-7264-4585-8f97-4cba7bdc2965: shutdown FollowerState
2019-09-05 03:27:46,462 [Thread-1212] INFO  impl.RaftServerImpl (RaftServerImpl.java:setRole(171)) - d5831d47-7264-4585-8f97-4cba7bdc2965:group-007B8BE1B862 changes role from FOLLOWER to CANDIDATE at term 0 for changeToCandidate
2019-09-05 03:27:46,462 [Thread-1212] INFO  impl.RoleInfo (RoleInfo.java:updateAndGet(143)) - d5831d47-7264-4585-8f97-4cba7bdc2965: start LeaderElection
2019-09-05 03:27:46,504 | INFO  | SCMAudit | user=jenkins1000 | ip=192.168.34.53 | op=SEND_HEARTBEAT {datanodeUUID=514a2e68-35f0-4c50-97b9-a7f344dd70d0, command=[]} | ret=SUCCESS |  
2019-09-05 03:27:46,518 [d5831d47-7264-4585-8f97-4cba7bdc2965:group-007B8BE1B862:LeaderElection29] INFO  impl.LeaderElection (LeaderElection.java:askForVotes(181)) - d5831d47-7264-4585-8f97-4cba7bdc2965:group-007B8BE1B862:LeaderElection29: begin an election at term 1 for -1: [d5831d47-7264-4585-8f97-4cba7bdc2965:192.168.34.53:38640], old=null
2019-09-05 03:27:46,518 [d5831d47-7264-4585-8f97-4cba7bdc2965:group-007B8BE1B862:LeaderElection29] INFO  impl.RoleInfo (RoleInfo.java:shutdownLeaderElection(134)) - d5831d47-7264-4585-8f97-4cba7bdc2965: shutdown LeaderElection
2019-09-05 03:27:46,518 [d5831d47-7264-4585-8f97-4cba7bdc2965:group-007B8BE1B862:LeaderElection29] INFO  impl.RaftServerImpl (RaftServerImpl.java:setRole(171)) - d5831d47-7264-4585-8f97-4cba7bdc2965:group-007B8BE1B862 changes role from CANDIDATE to LEADER at term 1 for changeToLeader
2019-09-05 03:27:46,519 [d5831d47-7264-4585-8f97-4cba7bdc2965:group-007B8BE1B862:LeaderElection29] INFO  impl.RaftServerImpl (ServerState.java:setLeader(263)) - d5831d47-7264-4585-8f97-4cba7bdc2965:group-007B8BE1B862 change Leader from null to d5831d47-7264-4585-8f97-4cba7bdc2965 at term 1 for becomeLeader, leader elected after 5225ms
2019-09-05 03:27:46,523 [d5831d47-7264-4585-8f97-4cba7bdc2965:group-007B8BE1B862:LeaderElection29] INFO  server.RaftServerConfigKeys (ConfUtils.java:logGet(43)) - raft.server.staging.catchup.gap = 1000 (default)
2019-09-05 03:27:46,523 [d5831d47-7264-4585-8f97-4cba7bdc2965:group-007B8BE1B862:LeaderElection29] INFO  server.RaftServerConfigKeys (ConfUtils.java:logGet(43)) - raft.server.rpc.sleep.time = 25ms (default)
2019-09-05 03:27:46,523 [d5831d47-7264-4585-8f97-4cba7bdc2965:group-007B8BE1B862:LeaderElection29] INFO  server.RaftServerConfigKeys (ConfUtils.java:logGet(43)) - raft.server.write.element-limit = 4096 (default)
2019-09-05 03:27:46,523 [d5831d47-7264-4585-8f97-4cba7bdc2965:group-007B8BE1B862:LeaderElection29] INFO  server.RaftServerConfigKeys (ConfUtils.java:logGet(43)) - raft.server.watch.timeout = 10s (default)
2019-09-05 03:27:46,524 [d5831d47-7264-4585-8f97-4cba7bdc2965:group-007B8BE1B862:LeaderElection29] INFO  server.RaftServerConfigKeys (ConfUtils.java:logGet(43)) - raft.server.watch.timeout.denomination = 1s (default)
2019-09-05 03:27:46,524 [d5831d47-7264-4585-8f97-4cba7bdc2965:group-007B8BE1B862:LeaderElection29] INFO  server.RaftServerConfigKeys (ConfUtils.java:logGet(43)) - raft.server.watch.element-limit = 65536 (default)
2019-09-05 03:27:46,524 [d5831d47-7264-4585-8f97-4cba7bdc2965:group-007B8BE1B862:LeaderElection29] INFO  impl.RoleInfo (RoleInfo.java:updateAndGet(143)) - d5831d47-7264-4585-8f97-4cba7bdc2965: start LeaderState
2019-09-05 03:27:46,525 [d5831d47-7264-4585-8f97-4cba7bdc2965:group-007B8BE1B862:LeaderElection29] INFO  segmented.SegmentedRaftLogWorker (SegmentedRaftLogWorker.java:startLogSegment(380)) - d5831d47-7264-4585-8f97-4cba7bdc2965-SegmentedRaftLogWorker:Storage Directory /workdir/hadoop-ozone/integration-test/target/test-dir/MiniOzoneClusterImpl-38a6644a-5bd9-4915-9755-6661b6b928f7/datanode-6/data/ratis/418cfa6d-33a0-4f68-9439-007b8be1b862: Starting segment from index:0
2019-09-05 03:27:46,526 [d5831d47-7264-4585-8f97-4cba7bdc2965:group-007B8BE1B862:LeaderElection29] INFO  impl.RaftServerImpl (ServerState.java:setRaftConf(361)) - d5831d47-7264-4585-8f97-4cba7bdc2965:group-007B8BE1B862 set configuration 0: [d5831d47-7264-4585-8f97-4cba7bdc2965:192.168.34.53:38640], old=null at 0
2019-09-05 03:27:46,610 [d5831d47-7264-4585-8f97-4cba7bdc2965-SegmentedRaftLogWorker:Storage Directory /workdir/hadoop-ozone/integration-test/target/test-dir/MiniOzoneClusterImpl-38a6644a-5bd9-4915-9755-6661b6b928f7/datanode-6/data/ratis/418cfa6d-33a0-4f68-9439-007b8be1b862] INFO  segmented.SegmentedRaftLogWorker (SegmentedRaftLogWorker.java:execute(569)) - d5831d47-7264-4585-8f97-4cba7bdc2965-SegmentedRaftLogWorker:Storage Directory /workdir/hadoop-ozone/integration-test/target/test-dir/MiniOzoneClusterImpl-38a6644a-5bd9-4915-9755-6661b6b928f7/datanode-6/data/ratis/418cfa6d-33a0-4f68-9439-007b8be1b862: created new log segment /workdir/hadoop-ozone/integration-test/target/test-dir/MiniOzoneClusterImpl-38a6644a-5bd9-4915-9755-6661b6b928f7/datanode-6/data/ratis/418cfa6d-33a0-4f68-9439-007b8be1b862/current/log_inprogress_0
2019-09-05 03:27:46,737 | INFO  | SCMAudit | user=jenkins1000 | ip=192.168.34.53 | op=SEND_HEARTBEAT {datanodeUUID=d5831d47-7264-4585-8f97-4cba7bdc2965, command=[]} | ret=SUCCESS |  
2019-09-05 03:27:47,078 | INFO  | SCMAudit | user=jenkins1000 | ip=192.168.34.53 | op=SEND_HEARTBEAT {datanodeUUID=56431364-4f3b-4c40-806d-c9164d34aa1e, command=[]} | ret=SUCCESS |  
2019-09-05 03:27:47,300 | INFO  | SCMAudit | user=jenkins1000 | ip=192.168.34.53 | op=SEND_HEARTBEAT {datanodeUUID=3ae5d83c-115d-493e-a141-01bd711a0fb1, command=[]} | ret=SUCCESS |  
2019-09-05 03:27:47,336 | INFO  | SCMAudit | user=jenkins1000 | ip=192.168.34.53 | op=SEND_HEARTBEAT {datanodeUUID=09804a23-7f5e-4639-98b0-dd8aac3c1a3d, command=[]} | ret=SUCCESS |  
2019-09-05 03:27:47,377 | INFO  | SCMAudit | user=jenkins1000 | ip=192.168.34.53 | op=SEND_HEARTBEAT {datanodeUUID=838608ba-8b7b-40e1-8b89-0ac8f38cbb42, command=[]} | ret=SUCCESS |  
2019-09-05 03:27:47,388 | INFO  | SCMAudit | user=jenkins1000 | ip=192.168.34.53 | op=SEND_HEARTBEAT {datanodeUUID=f8e72f0f-27ad-4da0-a4ac-f742e69d6053, command=[]} | ret=SUCCESS |  
2019-09-05 03:27:47,504 | INFO  | SCMAudit | user=jenkins1000 | ip=192.168.34.53 | op=SEND_HEARTBEAT {datanodeUUID=514a2e68-35f0-4c50-97b9-a7f344dd70d0, command=[]} | ret=SUCCESS |  
2019-09-05 03:27:47,738 | INFO  | SCMAudit | user=jenkins1000 | ip=192.168.34.53 | op=SEND_HEARTBEAT {datanodeUUID=d5831d47-7264-4585-8f97-4cba7bdc2965, command=[]} | ret=SUCCESS |  
2019-09-05 03:27:48,077 | INFO  | SCMAudit | user=jenkins1000 | ip=192.168.34.53 | op=SEND_HEARTBEAT {datanodeUUID=56431364-4f3b-4c40-806d-c9164d34aa1e, command=[]} | ret=SUCCESS |  
2019-09-05 03:27:48,300 | INFO  | SCMAudit | user=jenkins1000 | ip=192.168.34.53 | op=SEND_HEARTBEAT {datanodeUUID=3ae5d83c-115d-493e-a141-01bd711a0fb1, command=[]} | ret=SUCCESS |  
2019-09-05 03:27:48,336 | INFO  | SCMAudit | user=jenkins1000 | ip=192.168.34.53 | op=SEND_HEARTBEAT {datanodeUUID=09804a23-7f5e-4639-98b0-dd8aac3c1a3d, command=[]} | ret=SUCCESS |  
2019-09-05 03:27:48,378 | INFO  | SCMAudit | user=jenkins1000 | ip=192.168.34.53 | op=SEND_HEARTBEAT {datanodeUUID=838608ba-8b7b-40e1-8b89-0ac8f38cbb42, command=[]} | ret=SUCCESS |  
2019-09-05 03:27:48,389 | INFO  | SCMAudit | user=jenkins1000 | ip=192.168.34.53 | op=SEND_HEARTBEAT {datanodeUUID=f8e72f0f-27ad-4da0-a4ac-f742e69d6053, command=[]} | ret=SUCCESS |  
2019-09-05 03:27:48,504 | INFO  | SCMAudit | user=jenkins1000 | ip=192.168.34.53 | op=SEND_HEARTBEAT {datanodeUUID=514a2e68-35f0-4c50-97b9-a7f344dd70d0, command=[]} | ret=SUCCESS |  
2019-09-05 03:27:48,738 | INFO  | SCMAudit | user=jenkins1000 | ip=192.168.34.53 | op=SEND_HEARTBEAT {datanodeUUID=d5831d47-7264-4585-8f97-4cba7bdc2965, command=[]} | ret=SUCCESS |  
2019-09-05 03:27:49,078 | INFO  | SCMAudit | user=jenkins1000 | ip=192.168.34.53 | op=SEND_HEARTBEAT {datanodeUUID=56431364-4f3b-4c40-806d-c9164d34aa1e, command=[]} | ret=SUCCESS |  
2019-09-05 03:27:49,300 | INFO  | SCMAudit | user=jenkins1000 | ip=192.168.34.53 | op=SEND_HEARTBEAT {datanodeUUID=3ae5d83c-115d-493e-a141-01bd711a0fb1, command=[]} | ret=SUCCESS |  
2019-09-05 03:27:49,336 | INFO  | SCMAudit | user=jenkins1000 | ip=192.168.34.53 | op=SEND_HEARTBEAT {datanodeUUID=09804a23-7f5e-4639-98b0-dd8aac3c1a3d, command=[]} | ret=SUCCESS |  
2019-09-05 03:27:49,377 | INFO  | SCMAudit | user=jenkins1000 | ip=192.168.34.53 | op=SEND_HEARTBEAT {datanodeUUID=838608ba-8b7b-40e1-8b89-0ac8f38cbb42, command=[]} | ret=SUCCESS |  
2019-09-05 03:27:49,390 | INFO  | SCMAudit | user=jenkins1000 | ip=192.168.34.53 | op=SEND_HEARTBEAT {datanodeUUID=f8e72f0f-27ad-4da0-a4ac-f742e69d6053, command=[]} | ret=SUCCESS |  
2019-09-05 03:27:49,505 | INFO  | SCMAudit | user=jenkins1000 | ip=192.168.34.53 | op=SEND_HEARTBEAT {datanodeUUID=514a2e68-35f0-4c50-97b9-a7f344dd70d0, command=[]} | ret=SUCCESS |  
2019-09-05 03:27:49,739 | INFO  | SCMAudit | user=jenkins1000 | ip=192.168.34.53 | op=SEND_HEARTBEAT {datanodeUUID=d5831d47-7264-4585-8f97-4cba7bdc2965, command=[]} | ret=SUCCESS |  
2019-09-05 03:27:50,080 | INFO  | SCMAudit | user=jenkins1000 | ip=192.168.34.53 | op=SEND_HEARTBEAT {datanodeUUID=56431364-4f3b-4c40-806d-c9164d34aa1e, command=[]} | ret=SUCCESS |  
2019-09-05 03:27:50,300 | INFO  | SCMAudit | user=jenkins1000 | ip=192.168.34.53 | op=SEND_HEARTBEAT {datanodeUUID=3ae5d83c-115d-493e-a141-01bd711a0fb1, command=[]} | ret=SUCCESS |  
2019-09-05 03:27:50,336 | INFO  | SCMAudit | user=jenkins1000 | ip=192.168.34.53 | op=SEND_HEARTBEAT {datanodeUUID=09804a23-7f5e-4639-98b0-dd8aac3c1a3d, command=[]} | ret=SUCCESS |  
2019-09-05 03:27:50,378 | INFO  | SCMAudit | user=jenkins1000 | ip=192.168.34.53 | op=SEND_HEARTBEAT {datanodeUUID=838608ba-8b7b-40e1-8b89-0ac8f38cbb42, command=[]} | ret=SUCCESS |  
2019-09-05 03:27:50,391 | INFO  | SCMAudit | user=jenkins1000 | ip=192.168.34.53 | op=SEND_HEARTBEAT {datanodeUUID=f8e72f0f-27ad-4da0-a4ac-f742e69d6053, command=[]} | ret=SUCCESS |  
2019-09-05 03:27:50,505 | INFO  | SCMAudit | user=jenkins1000 | ip=192.168.34.53 | op=SEND_HEARTBEAT {datanodeUUID=514a2e68-35f0-4c50-97b9-a7f344dd70d0, command=[]} | ret=SUCCESS |  
2019-09-05 03:27:50,739 | INFO  | SCMAudit | user=jenkins1000 | ip=192.168.34.53 | op=SEND_HEARTBEAT {datanodeUUID=d5831d47-7264-4585-8f97-4cba7bdc2965, command=[]} | ret=SUCCESS |  
2019-09-05 03:27:51,079 | INFO  | SCMAudit | user=jenkins1000 | ip=192.168.34.53 | op=SEND_HEARTBEAT {datanodeUUID=56431364-4f3b-4c40-806d-c9164d34aa1e, command=[]} | ret=SUCCESS |  
2019-09-05 03:27:51,300 | INFO  | SCMAudit | user=jenkins1000 | ip=192.168.34.53 | op=SEND_HEARTBEAT {datanodeUUID=3ae5d83c-115d-493e-a141-01bd711a0fb1, command=[]} | ret=SUCCESS |  
2019-09-05 03:27:51,336 | INFO  | SCMAudit | user=jenkins1000 | ip=192.168.34.53 | op=SEND_HEARTBEAT {datanodeUUID=09804a23-7f5e-4639-98b0-dd8aac3c1a3d, command=[]} | ret=SUCCESS |  
2019-09-05 03:27:51,377 | INFO  | SCMAudit | user=jenkins1000 | ip=192.168.34.53 | op=SEND_HEARTBEAT {datanodeUUID=838608ba-8b7b-40e1-8b89-0ac8f38cbb42, command=[]} | ret=SUCCESS |  
2019-09-05 03:27:51,390 | INFO  | SCMAudit | user=jenkins1000 | ip=192.168.34.53 | op=SEND_HEARTBEAT {datanodeUUID=f8e72f0f-27ad-4da0-a4ac-f742e69d6053, command=[]} | ret=SUCCESS |  
2019-09-05 03:27:51,479 [grpc-default-executor-0] INFO  client.GrpcClientProtocolClient (GrpcClientProtocolClient.java:onNext(255)) - client-D63F27167560->09804a23-7f5e-4639-98b0-dd8aac3c1a3d: receive RaftClientReply:client-D63F27167560->09804a23-7f5e-4639-98b0-dd8aac3c1a3d@group-6FC1333E43B6, cid=44, FAILED org.apache.ratis.protocol.NotLeaderException: Server 09804a23-7f5e-4639-98b0-dd8aac3c1a3d is not the leader (838608ba-8b7b-40e1-8b89-0ac8f38cbb42:192.168.34.53:41281). Request must be sent to leader., logIndex=0, commits[09804a23-7f5e-4639-98b0-dd8aac3c1a3d:c8, 838608ba-8b7b-40e1-8b89-0ac8f38cbb42:c8, f8e72f0f-27ad-4da0-a4ac-f742e69d6053:c8]
2019-09-05 03:27:51,506 | INFO  | SCMAudit | user=jenkins1000 | ip=192.168.34.53 | op=SEND_HEARTBEAT {datanodeUUID=514a2e68-35f0-4c50-97b9-a7f344dd70d0, command=[]} | ret=SUCCESS |  
2019-09-05 03:27:51,739 | INFO  | SCMAudit | user=jenkins1000 | ip=192.168.34.53 | op=SEND_HEARTBEAT {datanodeUUID=d5831d47-7264-4585-8f97-4cba7bdc2965, command=[]} | ret=SUCCESS |  
2019-09-05 03:27:52,079 | INFO  | SCMAudit | user=jenkins1000 | ip=192.168.34.53 | op=SEND_HEARTBEAT {datanodeUUID=56431364-4f3b-4c40-806d-c9164d34aa1e, command=[]} | ret=SUCCESS |  
2019-09-05 03:27:52,301 | INFO  | SCMAudit | user=jenkins1000 | ip=192.168.34.53 | op=SEND_HEARTBEAT {datanodeUUID=3ae5d83c-115d-493e-a141-01bd711a0fb1, command=[]} | ret=SUCCESS |  
2019-09-05 03:27:52,337 | INFO  | SCMAudit | user=jenkins1000 | ip=192.168.34.53 | op=SEND_HEARTBEAT {datanodeUUID=09804a23-7f5e-4639-98b0-dd8aac3c1a3d, command=[]} | ret=SUCCESS |  
2019-09-05 03:27:52,377 | INFO  | SCMAudit | user=jenkins1000 | ip=192.168.34.53 | op=SEND_HEARTBEAT {datanodeUUID=838608ba-8b7b-40e1-8b89-0ac8f38cbb42, command=[]} | ret=SUCCESS |  
2019-09-05 03:27:52,390 | INFO  | SCMAudit | user=jenkins1000 | ip=192.168.34.53 | op=SEND_HEARTBEAT {datanodeUUID=f8e72f0f-27ad-4da0-a4ac-f742e69d6053, command=[]} | ret=SUCCESS |  
2019-09-05 03:27:52,506 | INFO  | SCMAudit | user=jenkins1000 | ip=192.168.34.53 | op=SEND_HEARTBEAT {datanodeUUID=514a2e68-35f0-4c50-97b9-a7f344dd70d0, command=[]} | ret=SUCCESS |  
2019-09-05 03:27:52,740 | INFO  | SCMAudit | user=jenkins1000 | ip=192.168.34.53 | op=SEND_HEARTBEAT {datanodeUUID=d5831d47-7264-4585-8f97-4cba7bdc2965, command=[]} | ret=SUCCESS |  
2019-09-05 03:27:53,079 | INFO  | SCMAudit | user=jenkins1000 | ip=192.168.34.53 | op=SEND_HEARTBEAT {datanodeUUID=56431364-4f3b-4c40-806d-c9164d34aa1e, command=[]} | ret=SUCCESS |  
2019-09-05 03:27:53,301 | INFO  | SCMAudit | user=jenkins1000 | ip=192.168.34.53 | op=SEND_HEARTBEAT {datanodeUUID=3ae5d83c-115d-493e-a141-01bd711a0fb1, command=[]} | ret=SUCCESS |  
2019-09-05 03:27:53,337 | INFO  | SCMAudit | user=jenkins1000 | ip=192.168.34.53 | op=SEND_HEARTBEAT {datanodeUUID=09804a23-7f5e-4639-98b0-dd8aac3c1a3d, command=[]} | ret=SUCCESS |  
2019-09-05 03:27:53,378 | INFO  | SCMAudit | user=jenkins1000 | ip=192.168.34.53 | op=SEND_HEARTBEAT {datanodeUUID=838608ba-8b7b-40e1-8b89-0ac8f38cbb42, command=[]} | ret=SUCCESS |  
2019-09-05 03:27:53,390 | INFO  | SCMAudit | user=jenkins1000 | ip=192.168.34.53 | op=SEND_HEARTBEAT {datanodeUUID=f8e72f0f-27ad-4da0-a4ac-f742e69d6053, command=[]} | ret=SUCCESS |  
2019-09-05 03:27:53,506 | INFO  | SCMAudit | user=jenkins1000 | ip=192.168.34.53 | op=SEND_HEARTBEAT {datanodeUUID=514a2e68-35f0-4c50-97b9-a7f344dd70d0, command=[]} | ret=SUCCESS |  
2019-09-05 03:27:53,739 | INFO  | SCMAudit | user=jenkins1000 | ip=192.168.34.53 | op=SEND_HEARTBEAT {datanodeUUID=d5831d47-7264-4585-8f97-4cba7bdc2965, command=[]} | ret=SUCCESS |  
2019-09-05 03:27:54,079 | INFO  | SCMAudit | user=jenkins1000 | ip=192.168.34.53 | op=SEND_HEARTBEAT {datanodeUUID=56431364-4f3b-4c40-806d-c9164d34aa1e, command=[]} | ret=SUCCESS |  
2019-09-05 03:27:54,301 | INFO  | SCMAudit | user=jenkins1000 | ip=192.168.34.53 | op=SEND_HEARTBEAT {datanodeUUID=3ae5d83c-115d-493e-a141-01bd711a0fb1, command=[]} | ret=SUCCESS |  
2019-09-05 03:27:54,337 | INFO  | SCMAudit | user=jenkins1000 | ip=192.168.34.53 | op=SEND_HEARTBEAT {datanodeUUID=09804a23-7f5e-4639-98b0-dd8aac3c1a3d, command=[]} | ret=SUCCESS |  
2019-09-05 03:27:54,377 | INFO  | SCMAudit | user=jenkins1000 | ip=192.168.34.53 | op=SEND_HEARTBEAT {datanodeUUID=838608ba-8b7b-40e1-8b89-0ac8f38cbb42, command=[]} | ret=SUCCESS |  
2019-09-05 03:27:54,390 | INFO  | SCMAudit | user=jenkins1000 | ip=192.168.34.53 | op=SEND_HEARTBEAT {datanodeUUID=f8e72f0f-27ad-4da0-a4ac-f742e69d6053, command=[]} | ret=SUCCESS |  
2019-09-05 03:27:54,505 | INFO  | SCMAudit | user=jenkins1000 | ip=192.168.34.53 | op=SEND_HEARTBEAT {datanodeUUID=514a2e68-35f0-4c50-97b9-a7f344dd70d0, command=[]} | ret=SUCCESS |  
2019-09-05 03:27:54,740 | INFO  | SCMAudit | user=jenkins1000 | ip=192.168.34.53 | op=SEND_HEARTBEAT {datanodeUUID=d5831d47-7264-4585-8f97-4cba7bdc2965, command=[]} | ret=SUCCESS |  
2019-09-05 03:27:55,080 | INFO  | SCMAudit | user=jenkins1000 | ip=192.168.34.53 | op=SEND_HEARTBEAT {datanodeUUID=56431364-4f3b-4c40-806d-c9164d34aa1e, command=[]} | ret=SUCCESS |  
2019-09-05 03:27:55,301 | INFO  | SCMAudit | user=jenkins1000 | ip=192.168.34.53 | op=SEND_HEARTBEAT {datanodeUUID=3ae5d83c-115d-493e-a141-01bd711a0fb1, command=[]} | ret=SUCCESS |  
2019-09-05 03:27:55,338 | INFO  | SCMAudit | user=jenkins1000 | ip=192.168.34.53 | op=SEND_HEARTBEAT {datanodeUUID=09804a23-7f5e-4639-98b0-dd8aac3c1a3d, command=[]} | ret=SUCCESS |  
2019-09-05 03:27:55,377 | INFO  | SCMAudit | user=jenkins1000 | ip=192.168.34.53 | op=SEND_HEARTBEAT {datanodeUUID=838608ba-8b7b-40e1-8b89-0ac8f38cbb42, command=[]} | ret=SUCCESS |  
2019-09-05 03:27:55,390 | INFO  | SCMAudit | user=jenkins1000 | ip=192.168.34.53 | op=SEND_HEARTBEAT {datanodeUUID=f8e72f0f-27ad-4da0-a4ac-f742e69d6053, command=[]} | ret=SUCCESS |  
2019-09-05 03:27:55,505 | INFO  | SCMAudit | user=jenkins1000 | ip=192.168.34.53 | op=SEND_HEARTBEAT {datanodeUUID=514a2e68-35f0-4c50-97b9-a7f344dd70d0, command=[]} | ret=SUCCESS |  
2019-09-05 03:27:55,740 | INFO  | SCMAudit | user=jenkins1000 | ip=192.168.34.53 | op=SEND_HEARTBEAT {datanodeUUID=d5831d47-7264-4585-8f97-4cba7bdc2965, command=[]} | ret=SUCCESS |  
2019-09-05 03:27:56,080 | INFO  | SCMAudit | user=jenkins1000 | ip=192.168.34.53 | op=SEND_HEARTBEAT {datanodeUUID=56431364-4f3b-4c40-806d-c9164d34aa1e, command=[]} | ret=SUCCESS |  
2019-09-05 03:27:56,300 | INFO  | SCMAudit | user=jenkins1000 | ip=192.168.34.53 | op=SEND_HEARTBEAT {datanodeUUID=3ae5d83c-115d-493e-a141-01bd711a0fb1, command=[]} | ret=SUCCESS |  
2019-09-05 03:27:56,339 | INFO  | SCMAudit | user=jenkins1000 | ip=192.168.34.53 | op=SEND_HEARTBEAT {datanodeUUID=09804a23-7f5e-4639-98b0-dd8aac3c1a3d, command=[]} | ret=SUCCESS |  
2019-09-05 03:27:56,378 | INFO  | SCMAudit | user=jenkins1000 | ip=192.168.34.53 | op=SEND_HEARTBEAT {datanodeUUID=838608ba-8b7b-40e1-8b89-0ac8f38cbb42, command=[]} | ret=SUCCESS |  
2019-09-05 03:27:56,390 | INFO  | SCMAudit | user=jenkins1000 | ip=192.168.34.53 | op=SEND_HEARTBEAT {datanodeUUID=f8e72f0f-27ad-4da0-a4ac-f742e69d6053, command=[]} | ret=SUCCESS |  
2019-09-05 03:27:56,505 | INFO  | SCMAudit | user=jenkins1000 | ip=192.168.34.53 | op=SEND_HEARTBEAT {datanodeUUID=514a2e68-35f0-4c50-97b9-a7f344dd70d0, command=[]} | ret=SUCCESS |  
2019-09-05 03:27:56,523 [grpc-default-executor-3] INFO  client.GrpcClientProtocolClient (GrpcClientProtocolClient.java:onNext(255)) - client-D63F27167560->f8e72f0f-27ad-4da0-a4ac-f742e69d6053: receive RaftClientReply:client-D63F27167560->f8e72f0f-27ad-4da0-a4ac-f742e69d6053@group-6FC1333E43B6, cid=44, FAILED org.apache.ratis.protocol.NotLeaderException: Server f8e72f0f-27ad-4da0-a4ac-f742e69d6053 is not the leader (838608ba-8b7b-40e1-8b89-0ac8f38cbb42:192.168.34.53:41281). Request must be sent to leader., logIndex=0, commits[f8e72f0f-27ad-4da0-a4ac-f742e69d6053:c8, 838608ba-8b7b-40e1-8b89-0ac8f38cbb42:c8, 09804a23-7f5e-4639-98b0-dd8aac3c1a3d:c8]
2019-09-05 03:27:56,740 | INFO  | SCMAudit | user=jenkins1000 | ip=192.168.34.53 | op=SEND_HEARTBEAT {datanodeUUID=d5831d47-7264-4585-8f97-4cba7bdc2965, command=[]} | ret=SUCCESS |  
2019-09-05 03:27:57,081 | INFO  | SCMAudit | user=jenkins1000 | ip=192.168.34.53 | op=SEND_HEARTBEAT {datanodeUUID=56431364-4f3b-4c40-806d-c9164d34aa1e, command=[]} | ret=SUCCESS |  
2019-09-05 03:27:57,301 | INFO  | SCMAudit | user=jenkins1000 | ip=192.168.34.53 | op=SEND_HEARTBEAT {datanodeUUID=3ae5d83c-115d-493e-a141-01bd711a0fb1, command=[]} | ret=SUCCESS |  
2019-09-05 03:27:57,339 | INFO  | SCMAudit | user=jenkins1000 | ip=192.168.34.53 | op=SEND_HEARTBEAT {datanodeUUID=09804a23-7f5e-4639-98b0-dd8aac3c1a3d, command=[]} | ret=SUCCESS |  
2019-09-05 03:27:57,378 | INFO  | SCMAudit | user=jenkins1000 | ip=192.168.34.53 | op=SEND_HEARTBEAT {datanodeUUID=838608ba-8b7b-40e1-8b89-0ac8f38cbb42, command=[]} | ret=SUCCESS |  
2019-09-05 03:27:57,390 | INFO  | SCMAudit | user=jenkins1000 | ip=192.168.34.53 | op=SEND_HEARTBEAT {datanodeUUID=f8e72f0f-27ad-4da0-a4ac-f742e69d6053, command=[]} | ret=SUCCESS |  
2019-09-05 03:27:57,506 | INFO  | SCMAudit | user=jenkins1000 | ip=192.168.34.53 | op=SEND_HEARTBEAT {datanodeUUID=514a2e68-35f0-4c50-97b9-a7f344dd70d0, command=[]} | ret=SUCCESS |  
2019-09-05 03:27:57,740 | INFO  | SCMAudit | user=jenkins1000 | ip=192.168.34.53 | op=SEND_HEARTBEAT {datanodeUUID=d5831d47-7264-4585-8f97-4cba7bdc2965, command=[]} | ret=SUCCESS |  
2019-09-05 03:27:58,081 | INFO  | SCMAudit | user=jenkins1000 | ip=192.168.34.53 | op=SEND_HEARTBEAT {datanodeUUID=56431364-4f3b-4c40-806d-c9164d34aa1e, command=[]} | ret=SUCCESS |  
2019-09-05 03:27:58,301 | INFO  | SCMAudit | user=jenkins1000 | ip=192.168.34.53 | op=SEND_HEARTBEAT {datanodeUUID=3ae5d83c-115d-493e-a141-01bd711a0fb1, command=[]} | ret=SUCCESS |  
2019-09-05 03:27:58,339 | INFO  | SCMAudit | user=jenkins1000 | ip=192.168.34.53 | op=SEND_HEARTBEAT {datanodeUUID=09804a23-7f5e-4639-98b0-dd8aac3c1a3d, command=[]} | ret=SUCCESS |  
2019-09-05 03:27:58,377 | INFO  | SCMAudit | user=jenkins1000 | ip=192.168.34.53 | op=SEND_HEARTBEAT {datanodeUUID=838608ba-8b7b-40e1-8b89-0ac8f38cbb42, command=[]} | ret=SUCCESS |  
2019-09-05 03:27:58,390 | INFO  | SCMAudit | user=jenkins1000 | ip=192.168.34.53 | op=SEND_HEARTBEAT {datanodeUUID=f8e72f0f-27ad-4da0-a4ac-f742e69d6053, command=[]} | ret=SUCCESS |  
2019-09-05 03:27:58,506 | INFO  | SCMAudit | user=jenkins1000 | ip=192.168.34.53 | op=SEND_HEARTBEAT {datanodeUUID=514a2e68-35f0-4c50-97b9-a7f344dd70d0, command=[]} | ret=SUCCESS |  
2019-09-05 03:27:58,741 | INFO  | SCMAudit | user=jenkins1000 | ip=192.168.34.53 | op=SEND_HEARTBEAT {datanodeUUID=d5831d47-7264-4585-8f97-4cba7bdc2965, command=[]} | ret=SUCCESS |  
2019-09-05 03:27:59,081 | INFO  | SCMAudit | user=jenkins1000 | ip=192.168.34.53 | op=SEND_HEARTBEAT {datanodeUUID=56431364-4f3b-4c40-806d-c9164d34aa1e, command=[]} | ret=SUCCESS |  
2019-09-05 03:27:59,302 | INFO  | SCMAudit | user=jenkins1000 | ip=192.168.34.53 | op=SEND_HEARTBEAT {datanodeUUID=3ae5d83c-115d-493e-a141-01bd711a0fb1, command=[]} | ret=SUCCESS |  
2019-09-05 03:27:59,339 | INFO  | SCMAudit | user=jenkins1000 | ip=192.168.34.53 | op=SEND_HEARTBEAT {datanodeUUID=09804a23-7f5e-4639-98b0-dd8aac3c1a3d, command=[]} | ret=SUCCESS |  
2019-09-05 03:27:59,378 | INFO  | SCMAudit | user=jenkins1000 | ip=192.168.34.53 | op=SEND_HEARTBEAT {datanodeUUID=838608ba-8b7b-40e1-8b89-0ac8f38cbb42, command=[]} | ret=SUCCESS |  
2019-09-05 03:27:59,391 | INFO  | SCMAudit | user=jenkins1000 | ip=192.168.34.53 | op=SEND_HEARTBEAT {datanodeUUID=f8e72f0f-27ad-4da0-a4ac-f742e69d6053, command=[]} | ret=SUCCESS |  
2019-09-05 03:27:59,506 | INFO  | SCMAudit | user=jenkins1000 | ip=192.168.34.53 | op=SEND_HEARTBEAT {datanodeUUID=514a2e68-35f0-4c50-97b9-a7f344dd70d0, command=[]} | ret=SUCCESS |  
2019-09-05 03:27:59,741 | INFO  | SCMAudit | user=jenkins1000 | ip=192.168.34.53 | op=SEND_HEARTBEAT {datanodeUUID=d5831d47-7264-4585-8f97-4cba7bdc2965, command=[]} | ret=SUCCESS |  
2019-09-05 03:28:00,082 | INFO  | SCMAudit | user=jenkins1000 | ip=192.168.34.53 | op=SEND_HEARTBEAT {datanodeUUID=56431364-4f3b-4c40-806d-c9164d34aa1e, command=[]} | ret=SUCCESS |  
2019-09-05 03:28:00,301 | INFO  | SCMAudit | user=jenkins1000 | ip=192.168.34.53 | op=SEND_HEARTBEAT {datanodeUUID=3ae5d83c-115d-493e-a141-01bd711a0fb1, command=[]} | ret=SUCCESS |  
2019-09-05 03:28:00,339 | INFO  | SCMAudit | user=jenkins1000 | ip=192.168.34.53 | op=SEND_HEARTBEAT {datanodeUUID=09804a23-7f5e-4639-98b0-dd8aac3c1a3d, command=[]} | ret=SUCCESS |  
2019-09-05 03:28:00,378 | INFO  | SCMAudit | user=jenkins1000 | ip=192.168.34.53 | op=SEND_HEARTBEAT {datanodeUUID=838608ba-8b7b-40e1-8b89-0ac8f38cbb42, command=[]} | ret=SUCCESS |  
2019-09-05 03:28:00,390 | INFO  | SCMAudit | user=jenkins1000 | ip=192.168.34.53 | op=SEND_HEARTBEAT {datanodeUUID=f8e72f0f-27ad-4da0-a4ac-f742e69d6053, command=[]} | ret=SUCCESS |  
2019-09-05 03:28:00,506 | INFO  | SCMAudit | user=jenkins1000 | ip=192.168.34.53 | op=SEND_HEARTBEAT {datanodeUUID=514a2e68-35f0-4c50-97b9-a7f344dd70d0, command=[]} | ret=SUCCESS |  
2019-09-05 03:28:00,741 | INFO  | SCMAudit | user=jenkins1000 | ip=192.168.34.53 | op=SEND_HEARTBEAT {datanodeUUID=d5831d47-7264-4585-8f97-4cba7bdc2965, command=[]} | ret=SUCCESS |  
2019-09-05 03:28:01,081 | INFO  | SCMAudit | user=jenkins1000 | ip=192.168.34.53 | op=SEND_HEARTBEAT {datanodeUUID=56431364-4f3b-4c40-806d-c9164d34aa1e, command=[]} | ret=SUCCESS |  
2019-09-05 03:28:01,301 | INFO  | SCMAudit | user=jenkins1000 | ip=192.168.34.53 | op=SEND_HEARTBEAT {datanodeUUID=3ae5d83c-115d-493e-a141-01bd711a0fb1, command=[]} | ret=SUCCESS |  
2019-09-05 03:28:01,340 | INFO  | SCMAudit | user=jenkins1000 | ip=192.168.34.53 | op=SEND_HEARTBEAT {datanodeUUID=09804a23-7f5e-4639-98b0-dd8aac3c1a3d, command=[]} | ret=SUCCESS |  
2019-09-05 03:28:01,378 | INFO  | SCMAudit | user=jenkins1000 | ip=192.168.34.53 | op=SEND_HEARTBEAT {datanodeUUID=838608ba-8b7b-40e1-8b89-0ac8f38cbb42, command=[]} | ret=SUCCESS |  
2019-09-05 03:28:01,390 | INFO  | SCMAudit | user=jenkins1000 | ip=192.168.34.53 | op=SEND_HEARTBEAT {datanodeUUID=f8e72f0f-27ad-4da0-a4ac-f742e69d6053, command=[]} | ret=SUCCESS |  
2019-09-05 03:28:01,506 | INFO  | SCMAudit | user=jenkins1000 | ip=192.168.34.53 | op=SEND_HEARTBEAT {datanodeUUID=514a2e68-35f0-4c50-97b9-a7f344dd70d0, command=[]} | ret=SUCCESS |  
2019-09-05 03:28:01,564 [grpc-default-executor-3] INFO  client.GrpcClientProtocolClient (GrpcClientProtocolClient.java:onNext(255)) - client-D63F27167560->f8e72f0f-27ad-4da0-a4ac-f742e69d6053: receive RaftClientReply:client-D63F27167560->f8e72f0f-27ad-4da0-a4ac-f742e69d6053@group-6FC1333E43B6, cid=44, FAILED org.apache.ratis.protocol.NotLeaderException: Server f8e72f0f-27ad-4da0-a4ac-f742e69d6053 is not the leader (838608ba-8b7b-40e1-8b89-0ac8f38cbb42:192.168.34.53:41281). Request must be sent to leader., logIndex=0, commits[f8e72f0f-27ad-4da0-a4ac-f742e69d6053:c8, 838608ba-8b7b-40e1-8b89-0ac8f38cbb42:c8, 09804a23-7f5e-4639-98b0-dd8aac3c1a3d:c8]
2019-09-05 03:28:01,741 | INFO  | SCMAudit | user=jenkins1000 | ip=192.168.34.53 | op=SEND_HEARTBEAT {datanodeUUID=d5831d47-7264-4585-8f97-4cba7bdc2965, command=[]} | ret=SUCCESS |  
2019-09-05 03:28:02,082 | INFO  | SCMAudit | user=jenkins1000 | ip=192.168.34.53 | op=SEND_HEARTBEAT {datanodeUUID=56431364-4f3b-4c40-806d-c9164d34aa1e, command=[]} | ret=SUCCESS |  
2019-09-05 03:28:02,302 | INFO  | SCMAudit | user=jenkins1000 | ip=192.168.34.53 | op=SEND_HEARTBEAT {datanodeUUID=3ae5d83c-115d-493e-a141-01bd711a0fb1, command=[]} | ret=SUCCESS |  
2019-09-05 03:28:02,341 | INFO  | SCMAudit | user=jenkins1000 | ip=192.168.34.53 | op=SEND_HEARTBEAT {datanodeUUID=09804a23-7f5e-4639-98b0-dd8aac3c1a3d, command=[]} | ret=SUCCESS |  
2019-09-05 03:28:02,378 | INFO  | SCMAudit | user=jenkins1000 | ip=192.168.34.53 | op=SEND_HEARTBEAT {datanodeUUID=838608ba-8b7b-40e1-8b89-0ac8f38cbb42, command=[]} | ret=SUCCESS |  
2019-09-05 03:28:02,390 | INFO  | SCMAudit | user=jenkins1000 | ip=192.168.34.53 | op=SEND_HEARTBEAT {datanodeUUID=f8e72f0f-27ad-4da0-a4ac-f742e69d6053, command=[]} | ret=SUCCESS |  
2019-09-05 03:28:02,506 | INFO  | SCMAudit | user=jenkins1000 | ip=192.168.34.53 | op=SEND_HEARTBEAT {datanodeUUID=514a2e68-35f0-4c50-97b9-a7f344dd70d0, command=[]} | ret=SUCCESS |  
2019-09-05 03:28:02,742 | INFO  | SCMAudit | user=jenkins1000 | ip=192.168.34.53 | op=SEND_HEARTBEAT {datanodeUUID=d5831d47-7264-4585-8f97-4cba7bdc2965, command=[]} | ret=SUCCESS |  
2019-09-05 03:28:03,081 | INFO  | SCMAudit | user=jenkins1000 | ip=192.168.34.53 | op=SEND_HEARTBEAT {datanodeUUID=56431364-4f3b-4c40-806d-c9164d34aa1e, command=[]} | ret=SUCCESS |  
2019-09-05 03:28:03,302 | INFO  | SCMAudit | user=jenkins1000 | ip=192.168.34.53 | op=SEND_HEARTBEAT {datanodeUUID=3ae5d83c-115d-493e-a141-01bd711a0fb1, command=[]} | ret=SUCCESS |  
2019-09-05 03:28:03,342 | INFO  | SCMAudit | user=jenkins1000 | ip=192.168.34.53 | op=SEND_HEARTBEAT {datanodeUUID=09804a23-7f5e-4639-98b0-dd8aac3c1a3d, command=[]} | ret=SUCCESS |  
2019-09-05 03:28:03,379 | INFO  | SCMAudit | user=jenkins1000 | ip=192.168.34.53 | op=SEND_HEARTBEAT {datanodeUUID=838608ba-8b7b-40e1-8b89-0ac8f38cbb42, command=[]} | ret=SUCCESS |  
2019-09-05 03:28:03,390 | INFO  | SCMAudit | user=jenkins1000 | ip=192.168.34.53 | op=SEND_HEARTBEAT {datanodeUUID=f8e72f0f-27ad-4da0-a4ac-f742e69d6053, command=[]} | ret=SUCCESS |  
2019-09-05 03:28:03,507 | INFO  | SCMAudit | user=jenkins1000 | ip=192.168.34.53 | op=SEND_HEARTBEAT {datanodeUUID=514a2e68-35f0-4c50-97b9-a7f344dd70d0, command=[]} | ret=SUCCESS |  
2019-09-05 03:28:03,742 | INFO  | SCMAudit | user=jenkins1000 | ip=192.168.34.53 | op=SEND_HEARTBEAT {datanodeUUID=d5831d47-7264-4585-8f97-4cba7bdc2965, command=[]} | ret=SUCCESS |  
2019-09-05 03:28:04,081 | INFO  | SCMAudit | user=jenkins1000 | ip=192.168.34.53 | op=SEND_HEARTBEAT {datanodeUUID=56431364-4f3b-4c40-806d-c9164d34aa1e, command=[]} | ret=SUCCESS |  
2019-09-05 03:28:04,303 | INFO  | SCMAudit | user=jenkins1000 | ip=192.168.34.53 | op=SEND_HEARTBEAT {datanodeUUID=3ae5d83c-115d-493e-a141-01bd711a0fb1, command=[]} | ret=SUCCESS |  
2019-09-05 03:28:04,343 | INFO  | SCMAudit | user=jenkins1000 | ip=192.168.34.53 | op=SEND_HEARTBEAT {datanodeUUID=09804a23-7f5e-4639-98b0-dd8aac3c1a3d, command=[]} | ret=SUCCESS |  
2019-09-05 03:28:04,378 | INFO  | SCMAudit | user=jenkins1000 | ip=192.168.34.53 | op=SEND_HEARTBEAT {datanodeUUID=838608ba-8b7b-40e1-8b89-0ac8f38cbb42, command=[]} | ret=SUCCESS |  
2019-09-05 03:28:04,390 | INFO  | SCMAudit | user=jenkins1000 | ip=192.168.34.53 | op=SEND_HEARTBEAT {datanodeUUID=f8e72f0f-27ad-4da0-a4ac-f742e69d6053, command=[]} | ret=SUCCESS |  
2019-09-05 03:28:04,507 | INFO  | SCMAudit | user=jenkins1000 | ip=192.168.34.53 | op=SEND_HEARTBEAT {datanodeUUID=514a2e68-35f0-4c50-97b9-a7f344dd70d0, command=[]} | ret=SUCCESS |  
2019-09-05 03:28:04,741 | INFO  | SCMAudit | user=jenkins1000 | ip=192.168.34.53 | op=SEND_HEARTBEAT {datanodeUUID=d5831d47-7264-4585-8f97-4cba7bdc2965, command=[]} | ret=SUCCESS |  
2019-09-05 03:28:05,082 | INFO  | SCMAudit | user=jenkins1000 | ip=192.168.34.53 | op=SEND_HEARTBEAT {datanodeUUID=56431364-4f3b-4c40-806d-c9164d34aa1e, command=[]} | ret=SUCCESS |  
2019-09-05 03:28:05,302 | INFO  | SCMAudit | user=jenkins1000 | ip=192.168.34.53 | op=SEND_HEARTBEAT {datanodeUUID=3ae5d83c-115d-493e-a141-01bd711a0fb1, command=[]} | ret=SUCCESS |  
2019-09-05 03:28:05,343 | INFO  | SCMAudit | user=jenkins1000 | ip=192.168.34.53 | op=SEND_HEARTBEAT {datanodeUUID=09804a23-7f5e-4639-98b0-dd8aac3c1a3d, command=[]} | ret=SUCCESS |  
2019-09-05 03:28:05,378 | INFO  | SCMAudit | user=jenkins1000 | ip=192.168.34.53 | op=SEND_HEARTBEAT {datanodeUUID=838608ba-8b7b-40e1-8b89-0ac8f38cbb42, command=[]} | ret=SUCCESS |  
2019-09-05 03:28:05,390 | INFO  | SCMAudit | user=jenkins1000 | ip=192.168.34.53 | op=SEND_HEARTBEAT {datanodeUUID=f8e72f0f-27ad-4da0-a4ac-f742e69d6053, command=[]} | ret=SUCCESS |  
2019-09-05 03:28:05,507 | INFO  | SCMAudit | user=jenkins1000 | ip=192.168.34.53 | op=SEND_HEARTBEAT {datanodeUUID=514a2e68-35f0-4c50-97b9-a7f344dd70d0, command=[]} | ret=SUCCESS |  
2019-09-05 03:28:05,741 | INFO  | SCMAudit | user=jenkins1000 | ip=192.168.34.53 | op=SEND_HEARTBEAT {datanodeUUID=d5831d47-7264-4585-8f97-4cba7bdc2965, command=[]} | ret=SUCCESS |  
2019-09-05 03:28:06,082 | INFO  | SCMAudit | user=jenkins1000 | ip=192.168.34.53 | op=SEND_HEARTBEAT {datanodeUUID=56431364-4f3b-4c40-806d-c9164d34aa1e, command=[]} | ret=SUCCESS |  
2019-09-05 03:28:06,303 | INFO  | SCMAudit | user=jenkins1000 | ip=192.168.34.53 | op=SEND_HEARTBEAT {datanodeUUID=3ae5d83c-115d-493e-a141-01bd711a0fb1, command=[]} | ret=SUCCESS |  
2019-09-05 03:28:06,343 | INFO  | SCMAudit | user=jenkins1000 | ip=192.168.34.53 | op=SEND_HEARTBEAT {datanodeUUID=09804a23-7f5e-4639-98b0-dd8aac3c1a3d, command=[]} | ret=SUCCESS |  
2019-09-05 03:28:06,378 | INFO  | SCMAudit | user=jenkins1000 | ip=192.168.34.53 | op=SEND_HEARTBEAT {datanodeUUID=838608ba-8b7b-40e1-8b89-0ac8f38cbb42, command=[]} | ret=SUCCESS |  
2019-09-05 03:28:06,391 | INFO  | SCMAudit | user=jenkins1000 | ip=192.168.34.53 | op=SEND_HEARTBEAT {datanodeUUID=f8e72f0f-27ad-4da0-a4ac-f742e69d6053, command=[]} | ret=SUCCESS |  
2019-09-05 03:28:06,507 | INFO  | SCMAudit | user=jenkins1000 | ip=192.168.34.53 | op=SEND_HEARTBEAT {datanodeUUID=514a2e68-35f0-4c50-97b9-a7f344dd70d0, command=[]} | ret=SUCCESS |  
2019-09-05 03:28:06,602 [grpc-default-executor-0] INFO  client.GrpcClientProtocolClient (GrpcClientProtocolClient.java:onNext(255)) - client-D63F27167560->f8e72f0f-27ad-4da0-a4ac-f742e69d6053: receive RaftClientReply:client-D63F27167560->f8e72f0f-27ad-4da0-a4ac-f742e69d6053@group-6FC1333E43B6, cid=44, FAILED org.apache.ratis.protocol.NotLeaderException: Server f8e72f0f-27ad-4da0-a4ac-f742e69d6053 is not the leader (838608ba-8b7b-40e1-8b89-0ac8f38cbb42:192.168.34.53:41281). Request must be sent to leader., logIndex=0, commits[f8e72f0f-27ad-4da0-a4ac-f742e69d6053:c8, 838608ba-8b7b-40e1-8b89-0ac8f38cbb42:c8, 09804a23-7f5e-4639-98b0-dd8aac3c1a3d:c8]
2019-09-05 03:28:06,741 | INFO  | SCMAudit | user=jenkins1000 | ip=192.168.34.53 | op=SEND_HEARTBEAT {datanodeUUID=d5831d47-7264-4585-8f97-4cba7bdc2965, command=[]} | ret=SUCCESS |  
2019-09-05 03:28:07,082 | INFO  | SCMAudit | user=jenkins1000 | ip=192.168.34.53 | op=SEND_HEARTBEAT {datanodeUUID=56431364-4f3b-4c40-806d-c9164d34aa1e, command=[]} | ret=SUCCESS |  
2019-09-05 03:28:07,302 | INFO  | SCMAudit | user=jenkins1000 | ip=192.168.34.53 | op=SEND_HEARTBEAT {datanodeUUID=3ae5d83c-115d-493e-a141-01bd711a0fb1, command=[]} | ret=SUCCESS |  
2019-09-05 03:28:07,344 | INFO  | SCMAudit | user=jenkins1000 | ip=192.168.34.53 | op=SEND_HEARTBEAT {datanodeUUID=09804a23-7f5e-4639-98b0-dd8aac3c1a3d, command=[]} | ret=SUCCESS |  
2019-09-05 03:28:07,379 | INFO  | SCMAudit | user=jenkins1000 | ip=192.168.34.53 | op=SEND_HEARTBEAT {datanodeUUID=838608ba-8b7b-40e1-8b89-0ac8f38cbb42, command=[]} | ret=SUCCESS |  
2019-09-05 03:28:07,390 | INFO  | SCMAudit | user=jenkins1000 | ip=192.168.34.53 | op=SEND_HEARTBEAT {datanodeUUID=f8e72f0f-27ad-4da0-a4ac-f742e69d6053, command=[]} | ret=SUCCESS |  
2019-09-05 03:28:07,507 | INFO  | SCMAudit | user=jenkins1000 | ip=192.168.34.53 | op=SEND_HEARTBEAT {datanodeUUID=514a2e68-35f0-4c50-97b9-a7f344dd70d0, command=[]} | ret=SUCCESS |  
2019-09-05 03:28:07,742 | INFO  | SCMAudit | user=jenkins1000 | ip=192.168.34.53 | op=SEND_HEARTBEAT {datanodeUUID=d5831d47-7264-4585-8f97-4cba7bdc2965, command=[]} | ret=SUCCESS |  
2019-09-05 03:28:08,083 | INFO  | SCMAudit | user=jenkins1000 | ip=192.168.34.53 | op=SEND_HEARTBEAT {datanodeUUID=56431364-4f3b-4c40-806d-c9164d34aa1e, command=[]} | ret=SUCCESS |  
2019-09-05 03:28:08,303 | INFO  | SCMAudit | user=jenkins1000 | ip=192.168.34.53 | op=SEND_HEARTBEAT {datanodeUUID=3ae5d83c-115d-493e-a141-01bd711a0fb1, command=[]} | ret=SUCCESS |  
2019-09-05 03:28:08,344 | INFO  | SCMAudit | user=jenkins1000 | ip=192.168.34.53 | op=SEND_HEARTBEAT {datanodeUUID=09804a23-7f5e-4639-98b0-dd8aac3c1a3d, command=[]} | ret=SUCCESS |  
2019-09-05 03:28:08,379 | INFO  | SCMAudit | user=jenkins1000 | ip=192.168.34.53 | op=SEND_HEARTBEAT {datanodeUUID=838608ba-8b7b-40e1-8b89-0ac8f38cbb42, command=[]} | ret=SUCCESS |  
2019-09-05 03:28:08,390 | INFO  | SCMAudit | user=jenkins1000 | ip=192.168.34.53 | op=SEND_HEARTBEAT {datanodeUUID=f8e72f0f-27ad-4da0-a4ac-f742e69d6053, command=[]} | ret=SUCCESS |  
2019-09-05 03:28:08,507 | INFO  | SCMAudit | user=jenkins1000 | ip=192.168.34.53 | op=SEND_HEARTBEAT {datanodeUUID=514a2e68-35f0-4c50-97b9-a7f344dd70d0, command=[]} | ret=SUCCESS |  
2019-09-05 03:28:08,742 | INFO  | SCMAudit | user=jenkins1000 | ip=192.168.34.53 | op=SEND_HEARTBEAT {datanodeUUID=d5831d47-7264-4585-8f97-4cba7bdc2965, command=[]} | ret=SUCCESS |  
2019-09-05 03:28:09,083 | INFO  | SCMAudit | user=jenkins1000 | ip=192.168.34.53 | op=SEND_HEARTBEAT {datanodeUUID=56431364-4f3b-4c40-806d-c9164d34aa1e, command=[]} | ret=SUCCESS |  
2019-09-05 03:28:09,302 | INFO  | SCMAudit | user=jenkins1000 | ip=192.168.34.53 | op=SEND_HEARTBEAT {datanodeUUID=3ae5d83c-115d-493e-a141-01bd711a0fb1, command=[]} | ret=SUCCESS |  
2019-09-05 03:28:09,343 | INFO  | SCMAudit | user=jenkins1000 | ip=192.168.34.53 | op=SEND_HEARTBEAT {datanodeUUID=09804a23-7f5e-4639-98b0-dd8aac3c1a3d, command=[]} | ret=SUCCESS |  
2019-09-05 03:28:09,380 | INFO  | SCMAudit | user=jenkins1000 | ip=192.168.34.53 | op=SEND_HEARTBEAT {datanodeUUID=838608ba-8b7b-40e1-8b89-0ac8f38cbb42, command=[]} | ret=SUCCESS |  
2019-09-05 03:28:09,390 | INFO  | SCMAudit | user=jenkins1000 | ip=192.168.34.53 | op=SEND_HEARTBEAT {datanodeUUID=f8e72f0f-27ad-4da0-a4ac-f742e69d6053, command=[]} | ret=SUCCESS |  
2019-09-05 03:28:09,508 | INFO  | SCMAudit | user=jenkins1000 | ip=192.168.34.53 | op=SEND_HEARTBEAT {datanodeUUID=514a2e68-35f0-4c50-97b9-a7f344dd70d0, command=[]} | ret=SUCCESS |  
2019-09-05 03:28:09,742 | INFO  | SCMAudit | user=jenkins1000 | ip=192.168.34.53 | op=SEND_HEARTBEAT {datanodeUUID=d5831d47-7264-4585-8f97-4cba7bdc2965, command=[]} | ret=SUCCESS |  
2019-09-05 03:28:10,082 | INFO  | SCMAudit | user=jenkins1000 | ip=192.168.34.53 | op=SEND_HEARTBEAT {datanodeUUID=56431364-4f3b-4c40-806d-c9164d34aa1e, command=[]} | ret=SUCCESS |  
2019-09-05 03:28:10,303 | INFO  | SCMAudit | user=jenkins1000 | ip=192.168.34.53 | op=SEND_HEARTBEAT {datanodeUUID=3ae5d83c-115d-493e-a141-01bd711a0fb1, command=[]} | ret=SUCCESS |  
2019-09-05 03:28:10,344 | INFO  | SCMAudit | user=jenkins1000 | ip=192.168.34.53 | op=SEND_HEARTBEAT {datanodeUUID=09804a23-7f5e-4639-98b0-dd8aac3c1a3d, command=[]} | ret=SUCCESS |  
2019-09-05 03:28:10,380 | INFO  | SCMAudit | user=jenkins1000 | ip=192.168.34.53 | op=SEND_HEARTBEAT {datanodeUUID=838608ba-8b7b-40e1-8b89-0ac8f38cbb42, command=[]} | ret=SUCCESS |  
2019-09-05 03:28:10,391 | INFO  | SCMAudit | user=jenkins1000 | ip=192.168.34.53 | op=SEND_HEARTBEAT {datanodeUUID=f8e72f0f-27ad-4da0-a4ac-f742e69d6053, command=[]} | ret=SUCCESS |  
2019-09-05 03:28:10,508 | INFO  | SCMAudit | user=jenkins1000 | ip=192.168.34.53 | op=SEND_HEARTBEAT {datanodeUUID=514a2e68-35f0-4c50-97b9-a7f344dd70d0, command=[]} | ret=SUCCESS |  
2019-09-05 03:28:10,742 | INFO  | SCMAudit | user=jenkins1000 | ip=192.168.34.53 | op=SEND_HEARTBEAT {datanodeUUID=d5831d47-7264-4585-8f97-4cba7bdc2965, command=[]} | ret=SUCCESS |  
2019-09-05 03:28:11,082 | INFO  | SCMAudit | user=jenkins1000 | ip=192.168.34.53 | op=SEND_HEARTBEAT {datanodeUUID=56431364-4f3b-4c40-806d-c9164d34aa1e, command=[]} | ret=SUCCESS |  
2019-09-05 03:28:11,302 | INFO  | SCMAudit | user=jenkins1000 | ip=192.168.34.53 | op=SEND_HEARTBEAT {datanodeUUID=3ae5d83c-115d-493e-a141-01bd711a0fb1, command=[]} | ret=SUCCESS |  
2019-09-05 03:28:11,343 | INFO  | SCMAudit | user=jenkins1000 | ip=192.168.34.53 | op=SEND_HEARTBEAT {datanodeUUID=09804a23-7f5e-4639-98b0-dd8aac3c1a3d, command=[]} | ret=SUCCESS |  
2019-09-05 03:28:11,380 | INFO  | SCMAudit | user=jenkins1000 | ip=192.168.34.53 | op=SEND_HEARTBEAT {datanodeUUID=838608ba-8b7b-40e1-8b89-0ac8f38cbb42, command=[]} | ret=SUCCESS |  
2019-09-05 03:28:11,392 | INFO  | SCMAudit | user=jenkins1000 | ip=192.168.34.53 | op=SEND_HEARTBEAT {datanodeUUID=f8e72f0f-27ad-4da0-a4ac-f742e69d6053, command=[]} | ret=SUCCESS |  
2019-09-05 03:28:11,507 | INFO  | SCMAudit | user=jenkins1000 | ip=192.168.34.53 | op=SEND_HEARTBEAT {datanodeUUID=514a2e68-35f0-4c50-97b9-a7f344dd70d0, command=[]} | ret=SUCCESS |  
2019-09-05 03:28:11,640 [grpc-default-executor-3] INFO  client.GrpcClientProtocolClient (GrpcClientProtocolClient.java:onNext(255)) - client-D63F27167560->09804a23-7f5e-4639-98b0-dd8aac3c1a3d: receive RaftClientReply:client-D63F27167560->09804a23-7f5e-4639-98b0-dd8aac3c1a3d@group-6FC1333E43B6, cid=44, FAILED org.apache.ratis.protocol.NotLeaderException: Server 09804a23-7f5e-4639-98b0-dd8aac3c1a3d is not the leader (838608ba-8b7b-40e1-8b89-0ac8f38cbb42:192.168.34.53:41281). Request must be sent to leader., logIndex=0, commits[09804a23-7f5e-4639-98b0-dd8aac3c1a3d:c8, 838608ba-8b7b-40e1-8b89-0ac8f38cbb42:c8, f8e72f0f-27ad-4da0-a4ac-f742e69d6053:c8]
2019-09-05 03:28:11,743 | INFO  | SCMAudit | user=jenkins1000 | ip=192.168.34.53 | op=SEND_HEARTBEAT {datanodeUUID=d5831d47-7264-4585-8f97-4cba7bdc2965, command=[]} | ret=SUCCESS |  
2019-09-05 03:28:12,083 | INFO  | SCMAudit | user=jenkins1000 | ip=192.168.34.53 | op=SEND_HEARTBEAT {datanodeUUID=56431364-4f3b-4c40-806d-c9164d34aa1e, command=[]} | ret=SUCCESS |  
2019-09-05 03:28:12,303 | INFO  | SCMAudit | user=jenkins1000 | ip=192.168.34.53 | op=SEND_HEARTBEAT {datanodeUUID=3ae5d83c-115d-493e-a141-01bd711a0fb1, command=[]} | ret=SUCCESS |  
2019-09-05 03:28:12,343 | INFO  | SCMAudit | user=jenkins1000 | ip=192.168.34.53 | op=SEND_HEARTBEAT {datanodeUUID=09804a23-7f5e-4639-98b0-dd8aac3c1a3d, command=[]} | ret=SUCCESS |  
2019-09-05 03:28:12,380 | INFO  | SCMAudit | user=jenkins1000 | ip=192.168.34.53 | op=SEND_HEARTBEAT {datanodeUUID=838608ba-8b7b-40e1-8b89-0ac8f38cbb42, command=[]} | ret=SUCCESS |  
2019-09-05 03:28:12,393 | INFO  | SCMAudit | user=jenkins1000 | ip=192.168.34.53 | op=SEND_HEARTBEAT {datanodeUUID=f8e72f0f-27ad-4da0-a4ac-f742e69d6053, command=[]} | ret=SUCCESS |  
2019-09-05 03:28:12,507 | INFO  | SCMAudit | user=jenkins1000 | ip=192.168.34.53 | op=SEND_HEARTBEAT {datanodeUUID=514a2e68-35f0-4c50-97b9-a7f344dd70d0, command=[]} | ret=SUCCESS |  
2019-09-05 03:28:12,743 | INFO  | SCMAudit | user=jenkins1000 | ip=192.168.34.53 | op=SEND_HEARTBEAT {datanodeUUID=d5831d47-7264-4585-8f97-4cba7bdc2965, command=[]} | ret=SUCCESS |  
2019-09-05 03:28:13,082 | INFO  | SCMAudit | user=jenkins1000 | ip=192.168.34.53 | op=SEND_HEARTBEAT {datanodeUUID=56431364-4f3b-4c40-806d-c9164d34aa1e, command=[]} | ret=SUCCESS |  
2019-09-05 03:28:13,303 | INFO  | SCMAudit | user=jenkins1000 | ip=192.168.34.53 | op=SEND_HEARTBEAT {datanodeUUID=3ae5d83c-115d-493e-a141-01bd711a0fb1, command=[]} | ret=SUCCESS |  
2019-09-05 03:28:13,343 | INFO  | SCMAudit | user=jenkins1000 | ip=192.168.34.53 | op=SEND_HEARTBEAT {datanodeUUID=09804a23-7f5e-4639-98b0-dd8aac3c1a3d, command=[]} | ret=SUCCESS |  
2019-09-05 03:28:13,380 | INFO  | SCMAudit | user=jenkins1000 | ip=192.168.34.53 | op=SEND_HEARTBEAT {datanodeUUID=838608ba-8b7b-40e1-8b89-0ac8f38cbb42, command=[]} | ret=SUCCESS |  
2019-09-05 03:28:13,393 | INFO  | SCMAudit | user=jenkins1000 | ip=192.168.34.53 | op=SEND_HEARTBEAT {datanodeUUID=f8e72f0f-27ad-4da0-a4ac-f742e69d6053, command=[]} | ret=SUCCESS |  
2019-09-05 03:28:13,507 | INFO  | SCMAudit | user=jenkins1000 | ip=192.168.34.53 | op=SEND_HEARTBEAT {datanodeUUID=514a2e68-35f0-4c50-97b9-a7f344dd70d0, command=[]} | ret=SUCCESS |  
2019-09-05 03:28:13,742 | INFO  | SCMAudit | user=jenkins1000 | ip=192.168.34.53 | op=SEND_HEARTBEAT {datanodeUUID=d5831d47-7264-4585-8f97-4cba7bdc2965, command=[]} | ret=SUCCESS |  
2019-09-05 03:28:14,082 | INFO  | SCMAudit | user=jenkins1000 | ip=192.168.34.53 | op=SEND_HEARTBEAT {datanodeUUID=56431364-4f3b-4c40-806d-c9164d34aa1e, command=[]} | ret=SUCCESS |  
2019-09-05 03:28:14,302 | INFO  | SCMAudit | user=jenkins1000 | ip=192.168.34.53 | op=SEND_HEARTBEAT {datanodeUUID=3ae5d83c-115d-493e-a141-01bd711a0fb1, command=[]} | ret=SUCCESS |  
2019-09-05 03:28:14,343 | INFO  | SCMAudit | user=jenkins1000 | ip=192.168.34.53 | op=SEND_HEARTBEAT {datanodeUUID=09804a23-7f5e-4639-98b0-dd8aac3c1a3d, command=[]} | ret=SUCCESS |  
2019-09-05 03:28:14,380 | INFO  | SCMAudit | user=jenkins1000 | ip=192.168.34.53 | op=SEND_HEARTBEAT {datanodeUUID=838608ba-8b7b-40e1-8b89-0ac8f38cbb42, command=[]} | ret=SUCCESS |  
2019-09-05 03:28:14,393 | INFO  | SCMAudit | user=jenkins1000 | ip=192.168.34.53 | op=SEND_HEARTBEAT {datanodeUUID=f8e72f0f-27ad-4da0-a4ac-f742e69d6053, command=[]} | ret=SUCCESS |  
2019-09-05 03:28:14,507 | INFO  | SCMAudit | user=jenkins1000 | ip=192.168.34.53 | op=SEND_HEARTBEAT {datanodeUUID=514a2e68-35f0-4c50-97b9-a7f344dd70d0, command=[]} | ret=SUCCESS |  
2019-09-05 03:28:14,742 | INFO  | SCMAudit | user=jenkins1000 | ip=192.168.34.53 | op=SEND_HEARTBEAT {datanodeUUID=d5831d47-7264-4585-8f97-4cba7bdc2965, command=[]} | ret=SUCCESS |  
2019-09-05 03:28:15,083 | INFO  | SCMAudit | user=jenkins1000 | ip=192.168.34.53 | op=SEND_HEARTBEAT {datanodeUUID=56431364-4f3b-4c40-806d-c9164d34aa1e, command=[]} | ret=SUCCESS |  
2019-09-05 03:28:15,303 | INFO  | SCMAudit | user=jenkins1000 | ip=192.168.34.53 | op=SEND_HEARTBEAT {datanodeUUID=3ae5d83c-115d-493e-a141-01bd711a0fb1, command=[]} | ret=SUCCESS |  
2019-09-05 03:28:15,343 | INFO  | SCMAudit | user=jenkins1000 | ip=192.168.34.53 | op=SEND_HEARTBEAT {datanodeUUID=09804a23-7f5e-4639-98b0-dd8aac3c1a3d, command=[]} | ret=SUCCESS |  
2019-09-05 03:28:15,380 | INFO  | SCMAudit | user=jenkins1000 | ip=192.168.34.53 | op=SEND_HEARTBEAT {datanodeUUID=838608ba-8b7b-40e1-8b89-0ac8f38cbb42, command=[]} | ret=SUCCESS |  
2019-09-05 03:28:15,394 | INFO  | SCMAudit | user=jenkins1000 | ip=192.168.34.53 | op=SEND_HEARTBEAT {datanodeUUID=f8e72f0f-27ad-4da0-a4ac-f742e69d6053, command=[]} | ret=SUCCESS |  
2019-09-05 03:28:15,508 | INFO  | SCMAudit | user=jenkins1000 | ip=192.168.34.53 | op=SEND_HEARTBEAT {datanodeUUID=514a2e68-35f0-4c50-97b9-a7f344dd70d0, command=[]} | ret=SUCCESS |  
2019-09-05 03:28:15,743 | INFO  | SCMAudit | user=jenkins1000 | ip=192.168.34.53 | op=SEND_HEARTBEAT {datanodeUUID=d5831d47-7264-4585-8f97-4cba7bdc2965, command=[]} | ret=SUCCESS |  
2019-09-05 03:28:16,083 | INFO  | SCMAudit | user=jenkins1000 | ip=192.168.34.53 | op=SEND_HEARTBEAT {datanodeUUID=56431364-4f3b-4c40-806d-c9164d34aa1e, command=[]} | ret=SUCCESS |  
2019-09-05 03:28:16,303 | INFO  | SCMAudit | user=jenkins1000 | ip=192.168.34.53 | op=SEND_HEARTBEAT {datanodeUUID=3ae5d83c-115d-493e-a141-01bd711a0fb1, command=[]} | ret=SUCCESS |  
2019-09-05 03:28:16,343 | INFO  | SCMAudit | user=jenkins1000 | ip=192.168.34.53 | op=SEND_HEARTBEAT {datanodeUUID=09804a23-7f5e-4639-98b0-dd8aac3c1a3d, command=[]} | ret=SUCCESS |  
2019-09-05 03:28:16,380 | INFO  | SCMAudit | user=jenkins1000 | ip=192.168.34.53 | op=SEND_HEARTBEAT {datanodeUUID=838608ba-8b7b-40e1-8b89-0ac8f38cbb42, command=[]} | ret=SUCCESS |  
2019-09-05 03:28:16,394 | INFO  | SCMAudit | user=jenkins1000 | ip=192.168.34.53 | op=SEND_HEARTBEAT {datanodeUUID=f8e72f0f-27ad-4da0-a4ac-f742e69d6053, command=[]} | ret=SUCCESS |  
2019-09-05 03:28:16,507 | INFO  | SCMAudit | user=jenkins1000 | ip=192.168.34.53 | op=SEND_HEARTBEAT {datanodeUUID=514a2e68-35f0-4c50-97b9-a7f344dd70d0, command=[]} | ret=SUCCESS |  
2019-09-05 03:28:16,683 [grpc-default-executor-3] INFO  client.GrpcClientProtocolClient (GrpcClientProtocolClient.java:onNext(255)) - client-D63F27167560->09804a23-7f5e-4639-98b0-dd8aac3c1a3d: receive RaftClientReply:client-D63F27167560->09804a23-7f5e-4639-98b0-dd8aac3c1a3d@group-6FC1333E43B6, cid=44, FAILED org.apache.ratis.protocol.NotLeaderException: Server 09804a23-7f5e-4639-98b0-dd8aac3c1a3d is not the leader (838608ba-8b7b-40e1-8b89-0ac8f38cbb42:192.168.34.53:41281). Request must be sent to leader., logIndex=0, commits[09804a23-7f5e-4639-98b0-dd8aac3c1a3d:c8, 838608ba-8b7b-40e1-8b89-0ac8f38cbb42:c8, f8e72f0f-27ad-4da0-a4ac-f742e69d6053:c8]
2019-09-05 03:28:16,743 | INFO  | SCMAudit | user=jenkins1000 | ip=192.168.34.53 | op=SEND_HEARTBEAT {datanodeUUID=d5831d47-7264-4585-8f97-4cba7bdc2965, command=[]} | ret=SUCCESS |  
2019-09-05 03:28:17,082 | INFO  | SCMAudit | user=jenkins1000 | ip=192.168.34.53 | op=SEND_HEARTBEAT {datanodeUUID=56431364-4f3b-4c40-806d-c9164d34aa1e, command=[]} | ret=SUCCESS |  
2019-09-05 03:28:17,304 | INFO  | SCMAudit | user=jenkins1000 | ip=192.168.34.53 | op=SEND_HEARTBEAT {datanodeUUID=3ae5d83c-115d-493e-a141-01bd711a0fb1, command=[]} | ret=SUCCESS |  
2019-09-05 03:28:17,344 | INFO  | SCMAudit | user=jenkins1000 | ip=192.168.34.53 | op=SEND_HEARTBEAT {datanodeUUID=09804a23-7f5e-4639-98b0-dd8aac3c1a3d, command=[]} | ret=SUCCESS |  
2019-09-05 03:28:17,380 | INFO  | SCMAudit | user=jenkins1000 | ip=192.168.34.53 | op=SEND_HEARTBEAT {datanodeUUID=838608ba-8b7b-40e1-8b89-0ac8f38cbb42, command=[]} | ret=SUCCESS |  
2019-09-05 03:28:17,394 | INFO  | SCMAudit | user=jenkins1000 | ip=192.168.34.53 | op=SEND_HEARTBEAT {datanodeUUID=f8e72f0f-27ad-4da0-a4ac-f742e69d6053, command=[]} | ret=SUCCESS |  
2019-09-05 03:28:17,507 | INFO  | SCMAudit | user=jenkins1000 | ip=192.168.34.53 | op=SEND_HEARTBEAT {datanodeUUID=514a2e68-35f0-4c50-97b9-a7f344dd70d0, command=[]} | ret=SUCCESS |  
2019-09-05 03:28:17,743 | INFO  | SCMAudit | user=jenkins1000 | ip=192.168.34.53 | op=SEND_HEARTBEAT {datanodeUUID=d5831d47-7264-4585-8f97-4cba7bdc2965, command=[]} | ret=SUCCESS |  
2019-09-05 03:28:18,083 | INFO  | SCMAudit | user=jenkins1000 | ip=192.168.34.53 | op=SEND_HEARTBEAT {datanodeUUID=56431364-4f3b-4c40-806d-c9164d34aa1e, command=[]} | ret=SUCCESS |  
2019-09-05 03:28:18,304 | INFO  | SCMAudit | user=jenkins1000 | ip=192.168.34.53 | op=SEND_HEARTBEAT {datanodeUUID=3ae5d83c-115d-493e-a141-01bd711a0fb1, command=[]} | ret=SUCCESS |  
2019-09-05 03:28:18,344 | INFO  | SCMAudit | user=jenkins1000 | ip=192.168.34.53 | op=SEND_HEARTBEAT {datanodeUUID=09804a23-7f5e-4639-98b0-dd8aac3c1a3d, command=[]} | ret=SUCCESS |  
2019-09-05 03:28:18,380 | INFO  | SCMAudit | user=jenkins1000 | ip=192.168.34.53 | op=SEND_HEARTBEAT {datanodeUUID=838608ba-8b7b-40e1-8b89-0ac8f38cbb42, command=[]} | ret=SUCCESS |  
2019-09-05 03:28:18,394 | INFO  | SCMAudit | user=jenkins1000 | ip=192.168.34.53 | op=SEND_HEARTBEAT {datanodeUUID=f8e72f0f-27ad-4da0-a4ac-f742e69d6053, command=[]} | ret=SUCCESS |  
2019-09-05 03:28:18,507 | INFO  | SCMAudit | user=jenkins1000 | ip=192.168.34.53 | op=SEND_HEARTBEAT {datanodeUUID=514a2e68-35f0-4c50-97b9-a7f344dd70d0, command=[]} | ret=SUCCESS |  
2019-09-05 03:28:18,743 | INFO  | SCMAudit | user=jenkins1000 | ip=192.168.34.53 | op=SEND_HEARTBEAT {datanodeUUID=d5831d47-7264-4585-8f97-4cba7bdc2965, command=[]} | ret=SUCCESS |  
2019-09-05 03:28:19,082 | INFO  | SCMAudit | user=jenkins1000 | ip=192.168.34.53 | op=SEND_HEARTBEAT {datanodeUUID=56431364-4f3b-4c40-806d-c9164d34aa1e, command=[]} | ret=SUCCESS |  
2019-09-05 03:28:19,305 | INFO  | SCMAudit | user=jenkins1000 | ip=192.168.34.53 | op=SEND_HEARTBEAT {datanodeUUID=3ae5d83c-115d-493e-a141-01bd711a0fb1, command=[]} | ret=SUCCESS |  
2019-09-05 03:28:19,344 | INFO  | SCMAudit | user=jenkins1000 | ip=192.168.34.53 | op=SEND_HEARTBEAT {datanodeUUID=09804a23-7f5e-4639-98b0-dd8aac3c1a3d, command=[]} | ret=SUCCESS |  
2019-09-05 03:28:19,380 | INFO  | SCMAudit | user=jenkins1000 | ip=192.168.34.53 | op=SEND_HEARTBEAT {datanodeUUID=838608ba-8b7b-40e1-8b89-0ac8f38cbb42, command=[]} | ret=SUCCESS |  
2019-09-05 03:28:19,394 | INFO  | SCMAudit | user=jenkins1000 | ip=192.168.34.53 | op=SEND_HEARTBEAT {datanodeUUID=f8e72f0f-27ad-4da0-a4ac-f742e69d6053, command=[]} | ret=SUCCESS |  
2019-09-05 03:28:19,507 | INFO  | SCMAudit | user=jenkins1000 | ip=192.168.34.53 | op=SEND_HEARTBEAT {datanodeUUID=514a2e68-35f0-4c50-97b9-a7f344dd70d0, command=[]} | ret=SUCCESS |  
2019-09-05 03:28:19,744 | INFO  | SCMAudit | user=jenkins1000 | ip=192.168.34.53 | op=SEND_HEARTBEAT {datanodeUUID=d5831d47-7264-4585-8f97-4cba7bdc2965, command=[]} | ret=SUCCESS |  
2019-09-05 03:28:20,083 | INFO  | SCMAudit | user=jenkins1000 | ip=192.168.34.53 | op=SEND_HEARTBEAT {datanodeUUID=56431364-4f3b-4c40-806d-c9164d34aa1e, command=[]} | ret=SUCCESS |  
2019-09-05 03:28:20,304 | INFO  | SCMAudit | user=jenkins1000 | ip=192.168.34.53 | op=SEND_HEARTBEAT {datanodeUUID=3ae5d83c-115d-493e-a141-01bd711a0fb1, command=[]} | ret=SUCCESS |  
2019-09-05 03:28:20,344 | INFO  | SCMAudit | user=jenkins1000 | ip=192.168.34.53 | op=SEND_HEARTBEAT {datanodeUUID=09804a23-7f5e-4639-98b0-dd8aac3c1a3d, command=[]} | ret=SUCCESS |  
2019-09-05 03:28:20,380 | INFO  | SCMAudit | user=jenkins1000 | ip=192.168.34.53 | op=SEND_HEARTBEAT {datanodeUUID=838608ba-8b7b-40e1-8b89-0ac8f38cbb42, command=[]} | ret=SUCCESS |  
2019-09-05 03:28:20,395 | INFO  | SCMAudit | user=jenkins1000 | ip=192.168.34.53 | op=SEND_HEARTBEAT {datanodeUUID=f8e72f0f-27ad-4da0-a4ac-f742e69d6053, command=[]} | ret=SUCCESS |  
2019-09-05 03:28:20,507 | INFO  | SCMAudit | user=jenkins1000 | ip=192.168.34.53 | op=SEND_HEARTBEAT {datanodeUUID=514a2e68-35f0-4c50-97b9-a7f344dd70d0, command=[]} | ret=SUCCESS |  
2019-09-05 03:28:20,744 | INFO  | SCMAudit | user=jenkins1000 | ip=192.168.34.53 | op=SEND_HEARTBEAT {datanodeUUID=d5831d47-7264-4585-8f97-4cba7bdc2965, command=[]} | ret=SUCCESS |  
2019-09-05 03:28:21,083 | INFO  | SCMAudit | user=jenkins1000 | ip=192.168.34.53 | op=SEND_HEARTBEAT {datanodeUUID=56431364-4f3b-4c40-806d-c9164d34aa1e, command=[]} | ret=SUCCESS |  
2019-09-05 03:28:21,304 | INFO  | SCMAudit | user=jenkins1000 | ip=192.168.34.53 | op=SEND_HEARTBEAT {datanodeUUID=3ae5d83c-115d-493e-a141-01bd711a0fb1, command=[]} | ret=SUCCESS |  
2019-09-05 03:28:21,345 | INFO  | SCMAudit | user=jenkins1000 | ip=192.168.34.53 | op=SEND_HEARTBEAT {datanodeUUID=09804a23-7f5e-4639-98b0-dd8aac3c1a3d, command=[]} | ret=SUCCESS |  
2019-09-05 03:28:21,380 | INFO  | SCMAudit | user=jenkins1000 | ip=192.168.34.53 | op=SEND_HEARTBEAT {datanodeUUID=838608ba-8b7b-40e1-8b89-0ac8f38cbb42, command=[]} | ret=SUCCESS |  
2019-09-05 03:28:21,395 | INFO  | SCMAudit | user=jenkins1000 | ip=192.168.34.53 | op=SEND_HEARTBEAT {datanodeUUID=f8e72f0f-27ad-4da0-a4ac-f742e69d6053, command=[]} | ret=SUCCESS |  
2019-09-05 03:28:21,508 | INFO  | SCMAudit | user=jenkins1000 | ip=192.168.34.53 | op=SEND_HEARTBEAT {datanodeUUID=514a2e68-35f0-4c50-97b9-a7f344dd70d0, command=[]} | ret=SUCCESS |  
2019-09-05 03:28:21,722 [grpc-default-executor-0] INFO  client.GrpcClientProtocolClient (GrpcClientProtocolClient.java:onNext(255)) - client-D63F27167560->09804a23-7f5e-4639-98b0-dd8aac3c1a3d: receive RaftClientReply:client-D63F27167560->09804a23-7f5e-4639-98b0-dd8aac3c1a3d@group-6FC1333E43B6, cid=44, FAILED org.apache.ratis.protocol.NotLeaderException: Server 09804a23-7f5e-4639-98b0-dd8aac3c1a3d is not the leader (838608ba-8b7b-40e1-8b89-0ac8f38cbb42:192.168.34.53:41281). Request must be sent to leader., logIndex=0, commits[09804a23-7f5e-4639-98b0-dd8aac3c1a3d:c8, 838608ba-8b7b-40e1-8b89-0ac8f38cbb42:c8, f8e72f0f-27ad-4da0-a4ac-f742e69d6053:c8]
2019-09-05 03:28:21,744 | INFO  | SCMAudit | user=jenkins1000 | ip=192.168.34.53 | op=SEND_HEARTBEAT {datanodeUUID=d5831d47-7264-4585-8f97-4cba7bdc2965, command=[]} | ret=SUCCESS |  
2019-09-05 03:28:22,083 | INFO  | SCMAudit | user=jenkins1000 | ip=192.168.34.53 | op=SEND_HEARTBEAT {datanodeUUID=56431364-4f3b-4c40-806d-c9164d34aa1e, command=[]} | ret=SUCCESS |  
2019-09-05 03:28:22,305 | INFO  | SCMAudit | user=jenkins1000 | ip=192.168.34.53 | op=SEND_HEARTBEAT {datanodeUUID=3ae5d83c-115d-493e-a141-01bd711a0fb1, command=[]} | ret=SUCCESS |  
2019-09-05 03:28:22,345 | INFO  | SCMAudit | user=jenkins1000 | ip=192.168.34.53 | op=SEND_HEARTBEAT {datanodeUUID=09804a23-7f5e-4639-98b0-dd8aac3c1a3d, command=[]} | ret=SUCCESS |  
2019-09-05 03:28:22,380 | INFO  | SCMAudit | user=jenkins1000 | ip=192.168.34.53 | op=SEND_HEARTBEAT {datanodeUUID=838608ba-8b7b-40e1-8b89-0ac8f38cbb42, command=[]} | ret=SUCCESS |  
2019-09-05 03:28:22,395 | INFO  | SCMAudit | user=jenkins1000 | ip=192.168.34.53 | op=SEND_HEARTBEAT {datanodeUUID=f8e72f0f-27ad-4da0-a4ac-f742e69d6053, command=[]} | ret=SUCCESS |  
2019-09-05 03:28:22,508 | INFO  | SCMAudit | user=jenkins1000 | ip=192.168.34.53 | op=SEND_HEARTBEAT {datanodeUUID=514a2e68-35f0-4c50-97b9-a7f344dd70d0, command=[]} | ret=SUCCESS |  
2019-09-05 03:28:22,744 | INFO  | SCMAudit | user=jenkins1000 | ip=192.168.34.53 | op=SEND_HEARTBEAT {datanodeUUID=d5831d47-7264-4585-8f97-4cba7bdc2965, command=[]} | ret=SUCCESS |  
2019-09-05 03:28:23,084 | INFO  | SCMAudit | user=jenkins1000 | ip=192.168.34.53 | op=SEND_HEARTBEAT {datanodeUUID=56431364-4f3b-4c40-806d-c9164d34aa1e, command=[]} | ret=SUCCESS |  
2019-09-05 03:28:23,304 | INFO  | SCMAudit | user=jenkins1000 | ip=192.168.34.53 | op=SEND_HEARTBEAT {datanodeUUID=3ae5d83c-115d-493e-a141-01bd711a0fb1, command=[]} | ret=SUCCESS |  
2019-09-05 03:28:23,345 | INFO  | SCMAudit | user=jenkins1000 | ip=192.168.34.53 | op=SEND_HEARTBEAT {datanodeUUID=09804a23-7f5e-4639-98b0-dd8aac3c1a3d, command=[]} | ret=SUCCESS |  
2019-09-05 03:28:23,381 | INFO  | SCMAudit | user=jenkins1000 | ip=192.168.34.53 | op=SEND_HEARTBEAT {datanodeUUID=838608ba-8b7b-40e1-8b89-0ac8f38cbb42, command=[]} | ret=SUCCESS |  
2019-09-05 03:28:23,396 | INFO  | SCMAudit | user=jenkins1000 | ip=192.168.34.53 | op=SEND_HEARTBEAT {datanodeUUID=f8e72f0f-27ad-4da0-a4ac-f742e69d6053, command=[]} | ret=SUCCESS |  
2019-09-05 03:28:23,508 | INFO  | SCMAudit | user=jenkins1000 | ip=192.168.34.53 | op=SEND_HEARTBEAT {datanodeUUID=514a2e68-35f0-4c50-97b9-a7f344dd70d0, command=[]} | ret=SUCCESS |  
2019-09-05 03:28:23,745 | INFO  | SCMAudit | user=jenkins1000 | ip=192.168.34.53 | op=SEND_HEARTBEAT {datanodeUUID=d5831d47-7264-4585-8f97-4cba7bdc2965, command=[]} | ret=SUCCESS |  
2019-09-05 03:28:24,084 | INFO  | SCMAudit | user=jenkins1000 | ip=192.168.34.53 | op=SEND_HEARTBEAT {datanodeUUID=56431364-4f3b-4c40-806d-c9164d34aa1e, command=[]} | ret=SUCCESS |  
2019-09-05 03:28:24,305 | INFO  | SCMAudit | user=jenkins1000 | ip=192.168.34.53 | op=SEND_HEARTBEAT {datanodeUUID=3ae5d83c-115d-493e-a141-01bd711a0fb1, command=[]} | ret=SUCCESS |  
2019-09-05 03:28:24,345 | INFO  | SCMAudit | user=jenkins1000 | ip=192.168.34.53 | op=SEND_HEARTBEAT {datanodeUUID=09804a23-7f5e-4639-98b0-dd8aac3c1a3d, command=[]} | ret=SUCCESS |  
2019-09-05 03:28:24,380 | INFO  | SCMAudit | user=jenkins1000 | ip=192.168.34.53 | op=SEND_HEARTBEAT {datanodeUUID=838608ba-8b7b-40e1-8b89-0ac8f38cbb42, command=[]} | ret=SUCCESS |  
2019-09-05 03:28:24,395 | INFO  | SCMAudit | user=jenkins1000 | ip=192.168.34.53 | op=SEND_HEARTBEAT {datanodeUUID=f8e72f0f-27ad-4da0-a4ac-f742e69d6053, command=[]} | ret=SUCCESS |  
2019-09-05 03:28:24,508 | INFO  | SCMAudit | user=jenkins1000 | ip=192.168.34.53 | op=SEND_HEARTBEAT {datanodeUUID=514a2e68-35f0-4c50-97b9-a7f344dd70d0, command=[]} | ret=SUCCESS |  
2019-09-05 03:28:24,744 | INFO  | SCMAudit | user=jenkins1000 | ip=192.168.34.53 | op=SEND_HEARTBEAT {datanodeUUID=d5831d47-7264-4585-8f97-4cba7bdc2965, command=[]} | ret=SUCCESS |  
2019-09-05 03:28:25,083 | INFO  | SCMAudit | user=jenkins1000 | ip=192.168.34.53 | op=SEND_HEARTBEAT {datanodeUUID=56431364-4f3b-4c40-806d-c9164d34aa1e, command=[]} | ret=SUCCESS |  
2019-09-05 03:28:25,304 | INFO  | SCMAudit | user=jenkins1000 | ip=192.168.34.53 | op=SEND_HEARTBEAT {datanodeUUID=3ae5d83c-115d-493e-a141-01bd711a0fb1, command=[]} | ret=SUCCESS |  
2019-09-05 03:28:25,345 | INFO  | SCMAudit | user=jenkins1000 | ip=192.168.34.53 | op=SEND_HEARTBEAT {datanodeUUID=09804a23-7f5e-4639-98b0-dd8aac3c1a3d, command=[]} | ret=SUCCESS |  
2019-09-05 03:28:25,380 | INFO  | SCMAudit | user=jenkins1000 | ip=192.168.34.53 | op=SEND_HEARTBEAT {datanodeUUID=838608ba-8b7b-40e1-8b89-0ac8f38cbb42, command=[]} | ret=SUCCESS |  
2019-09-05 03:28:25,396 | INFO  | SCMAudit | user=jenkins1000 | ip=192.168.34.53 | op=SEND_HEARTBEAT {datanodeUUID=f8e72f0f-27ad-4da0-a4ac-f742e69d6053, command=[]} | ret=SUCCESS |  
2019-09-05 03:28:25,508 | INFO  | SCMAudit | user=jenkins1000 | ip=192.168.34.53 | op=SEND_HEARTBEAT {datanodeUUID=514a2e68-35f0-4c50-97b9-a7f344dd70d0, command=[]} | ret=SUCCESS |  
2019-09-05 03:28:25,744 | INFO  | SCMAudit | user=jenkins1000 | ip=192.168.34.53 | op=SEND_HEARTBEAT {datanodeUUID=d5831d47-7264-4585-8f97-4cba7bdc2965, command=[]} | ret=SUCCESS |  
2019-09-05 03:28:26,083 | INFO  | SCMAudit | user=jenkins1000 | ip=192.168.34.53 | op=SEND_HEARTBEAT {datanodeUUID=56431364-4f3b-4c40-806d-c9164d34aa1e, command=[]} | ret=SUCCESS |  
2019-09-05 03:28:26,305 | INFO  | SCMAudit | user=jenkins1000 | ip=192.168.34.53 | op=SEND_HEARTBEAT {datanodeUUID=3ae5d83c-115d-493e-a141-01bd711a0fb1, command=[]} | ret=SUCCESS |  
2019-09-05 03:28:26,346 | INFO  | SCMAudit | user=jenkins1000 | ip=192.168.34.53 | op=SEND_HEARTBEAT {datanodeUUID=09804a23-7f5e-4639-98b0-dd8aac3c1a3d, command=[]} | ret=SUCCESS |  
2019-09-05 03:28:26,380 | INFO  | SCMAudit | user=jenkins1000 | ip=192.168.34.53 | op=SEND_HEARTBEAT {datanodeUUID=838608ba-8b7b-40e1-8b89-0ac8f38cbb42, command=[]} | ret=SUCCESS |  
2019-09-05 03:28:26,395 | INFO  | SCMAudit | user=jenkins1000 | ip=192.168.34.53 | op=SEND_HEARTBEAT {datanodeUUID=f8e72f0f-27ad-4da0-a4ac-f742e69d6053, command=[]} | ret=SUCCESS |  
2019-09-05 03:28:26,509 | INFO  | SCMAudit | user=jenkins1000 | ip=192.168.34.53 | op=SEND_HEARTBEAT {datanodeUUID=514a2e68-35f0-4c50-97b9-a7f344dd70d0, command=[]} | ret=SUCCESS |  
2019-09-05 03:28:26,745 | INFO  | SCMAudit | user=jenkins1000 | ip=192.168.34.53 | op=SEND_HEARTBEAT {datanodeUUID=d5831d47-7264-4585-8f97-4cba7bdc2965, command=[]} | ret=SUCCESS |  
2019-09-05 03:28:26,768 [grpc-default-executor-0] INFO  client.GrpcClientProtocolClient (GrpcClientProtocolClient.java:onNext(255)) - client-D63F27167560->f8e72f0f-27ad-4da0-a4ac-f742e69d6053: receive RaftClientReply:client-D63F27167560->f8e72f0f-27ad-4da0-a4ac-f742e69d6053@group-6FC1333E43B6, cid=44, FAILED org.apache.ratis.protocol.NotLeaderException: Server f8e72f0f-27ad-4da0-a4ac-f742e69d6053 is not the leader (838608ba-8b7b-40e1-8b89-0ac8f38cbb42:192.168.34.53:41281). Request must be sent to leader., logIndex=0, commits[f8e72f0f-27ad-4da0-a4ac-f742e69d6053:c8, 838608ba-8b7b-40e1-8b89-0ac8f38cbb42:c8, 09804a23-7f5e-4639-98b0-dd8aac3c1a3d:c8]
2019-09-05 03:28:27,084 | INFO  | SCMAudit | user=jenkins1000 | ip=192.168.34.53 | op=SEND_HEARTBEAT {datanodeUUID=56431364-4f3b-4c40-806d-c9164d34aa1e, command=[]} | ret=SUCCESS |  
2019-09-05 03:28:27,306 | INFO  | SCMAudit | user=jenkins1000 | ip=192.168.34.53 | op=SEND_HEARTBEAT {datanodeUUID=3ae5d83c-115d-493e-a141-01bd711a0fb1, command=[]} | ret=SUCCESS |  
2019-09-05 03:28:27,346 | INFO  | SCMAudit | user=jenkins1000 | ip=192.168.34.53 | op=SEND_HEARTBEAT {datanodeUUID=09804a23-7f5e-4639-98b0-dd8aac3c1a3d, command=[]} | ret=SUCCESS |  
2019-09-05 03:28:27,381 | INFO  | SCMAudit | user=jenkins1000 | ip=192.168.34.53 | op=SEND_HEARTBEAT {datanodeUUID=838608ba-8b7b-40e1-8b89-0ac8f38cbb42, command=[]} | ret=SUCCESS |  
2019-09-05 03:28:27,396 | INFO  | SCMAudit | user=jenkins1000 | ip=192.168.34.53 | op=SEND_HEARTBEAT {datanodeUUID=f8e72f0f-27ad-4da0-a4ac-f742e69d6053, command=[]} | ret=SUCCESS |  
2019-09-05 03:28:27,509 | INFO  | SCMAudit | user=jenkins1000 | ip=192.168.34.53 | op=SEND_HEARTBEAT {datanodeUUID=514a2e68-35f0-4c50-97b9-a7f344dd70d0, command=[]} | ret=SUCCESS |  
2019-09-05 03:28:27,745 | INFO  | SCMAudit | user=jenkins1000 | ip=192.168.34.53 | op=SEND_HEARTBEAT {datanodeUUID=d5831d47-7264-4585-8f97-4cba7bdc2965, command=[]} | ret=SUCCESS |  
2019-09-05 03:28:28,084 | INFO  | SCMAudit | user=jenkins1000 | ip=192.168.34.53 | op=SEND_HEARTBEAT {datanodeUUID=56431364-4f3b-4c40-806d-c9164d34aa1e, command=[]} | ret=SUCCESS |  
2019-09-05 03:28:28,305 | INFO  | SCMAudit | user=jenkins1000 | ip=192.168.34.53 | op=SEND_HEARTBEAT {datanodeUUID=3ae5d83c-115d-493e-a141-01bd711a0fb1, command=[]} | ret=SUCCESS |  
2019-09-05 03:28:28,345 | INFO  | SCMAudit | user=jenkins1000 | ip=192.168.34.53 | op=SEND_HEARTBEAT {datanodeUUID=09804a23-7f5e-4639-98b0-dd8aac3c1a3d, command=[]} | ret=SUCCESS |  
2019-09-05 03:28:28,381 | INFO  | SCMAudit | user=jenkins1000 | ip=192.168.34.53 | op=SEND_HEARTBEAT {datanodeUUID=838608ba-8b7b-40e1-8b89-0ac8f38cbb42, command=[]} | ret=SUCCESS |  
2019-09-05 03:28:28,396 | INFO  | SCMAudit | user=jenkins1000 | ip=192.168.34.53 | op=SEND_HEARTBEAT {datanodeUUID=f8e72f0f-27ad-4da0-a4ac-f742e69d6053, command=[]} | ret=SUCCESS |  
2019-09-05 03:28:28,508 | INFO  | SCMAudit | user=jenkins1000 | ip=192.168.34.53 | op=SEND_HEARTBEAT {datanodeUUID=514a2e68-35f0-4c50-97b9-a7f344dd70d0, command=[]} | ret=SUCCESS |  
2019-09-05 03:28:28,744 | INFO  | SCMAudit | user=jenkins1000 | ip=192.168.34.53 | op=SEND_HEARTBEAT {datanodeUUID=d5831d47-7264-4585-8f97-4cba7bdc2965, command=[]} | ret=SUCCESS |  
2019-09-05 03:28:29,083 | INFO  | SCMAudit | user=jenkins1000 | ip=192.168.34.53 | op=SEND_HEARTBEAT {datanodeUUID=56431364-4f3b-4c40-806d-c9164d34aa1e, command=[]} | ret=SUCCESS |  
2019-09-05 03:28:29,306 | INFO  | SCMAudit | user=jenkins1000 | ip=192.168.34.53 | op=SEND_HEARTBEAT {datanodeUUID=3ae5d83c-115d-493e-a141-01bd711a0fb1, command=[]} | ret=SUCCESS |  
2019-09-05 03:28:29,345 | INFO  | SCMAudit | user=jenkins1000 | ip=192.168.34.53 | op=SEND_HEARTBEAT {datanodeUUID=09804a23-7f5e-4639-98b0-dd8aac3c1a3d, command=[]} | ret=SUCCESS |  
2019-09-05 03:28:29,381 | INFO  | SCMAudit | user=jenkins1000 | ip=192.168.34.53 | op=SEND_HEARTBEAT {datanodeUUID=838608ba-8b7b-40e1-8b89-0ac8f38cbb42, command=[]} | ret=SUCCESS |  
2019-09-05 03:28:29,395 | INFO  | SCMAudit | user=jenkins1000 | ip=192.168.34.53 | op=SEND_HEARTBEAT {datanodeUUID=f8e72f0f-27ad-4da0-a4ac-f742e69d6053, command=[]} | ret=SUCCESS |  
2019-09-05 03:28:29,509 | INFO  | SCMAudit | user=jenkins1000 | ip=192.168.34.53 | op=SEND_HEARTBEAT {datanodeUUID=514a2e68-35f0-4c50-97b9-a7f344dd70d0, command=[]} | ret=SUCCESS |  
2019-09-05 03:28:29,744 | INFO  | SCMAudit | user=jenkins1000 | ip=192.168.34.53 | op=SEND_HEARTBEAT {datanodeUUID=d5831d47-7264-4585-8f97-4cba7bdc2965, command=[]} | ret=SUCCESS |  
2019-09-05 03:28:30,084 | INFO  | SCMAudit | user=jenkins1000 | ip=192.168.34.53 | op=SEND_HEARTBEAT {datanodeUUID=56431364-4f3b-4c40-806d-c9164d34aa1e, command=[]} | ret=SUCCESS |  
2019-09-05 03:28:30,306 | INFO  | SCMAudit | user=jenkins1000 | ip=192.168.34.53 | op=SEND_HEARTBEAT {datanodeUUID=3ae5d83c-115d-493e-a141-01bd711a0fb1, command=[]} | ret=SUCCESS |  
2019-09-05 03:28:30,346 | INFO  | SCMAudit | user=jenkins1000 | ip=192.168.34.53 | op=SEND_HEARTBEAT {datanodeUUID=09804a23-7f5e-4639-98b0-dd8aac3c1a3d, command=[]} | ret=SUCCESS |  
2019-09-05 03:28:30,381 | INFO  | SCMAudit | user=jenkins1000 | ip=192.168.34.53 | op=SEND_HEARTBEAT {datanodeUUID=838608ba-8b7b-40e1-8b89-0ac8f38cbb42, command=[]} | ret=SUCCESS |  
2019-09-05 03:28:30,396 | INFO  | SCMAudit | user=jenkins1000 | ip=192.168.34.53 | op=SEND_HEARTBEAT {datanodeUUID=f8e72f0f-27ad-4da0-a4ac-f742e69d6053, command=[]} | ret=SUCCESS |  
2019-09-05 03:28:30,509 | INFO  | SCMAudit | user=jenkins1000 | ip=192.168.34.53 | op=SEND_HEARTBEAT {datanodeUUID=514a2e68-35f0-4c50-97b9-a7f344dd70d0, command=[]} | ret=SUCCESS |  
2019-09-05 03:28:30,745 | INFO  | SCMAudit | user=jenkins1000 | ip=192.168.34.53 | op=SEND_HEARTBEAT {datanodeUUID=d5831d47-7264-4585-8f97-4cba7bdc2965, command=[]} | ret=SUCCESS |  
2019-09-05 03:28:31,084 | INFO  | SCMAudit | user=jenkins1000 | ip=192.168.34.53 | op=SEND_HEARTBEAT {datanodeUUID=56431364-4f3b-4c40-806d-c9164d34aa1e, command=[]} | ret=SUCCESS |  
2019-09-05 03:28:31,306 | INFO  | SCMAudit | user=jenkins1000 | ip=192.168.34.53 | op=SEND_HEARTBEAT {datanodeUUID=3ae5d83c-115d-493e-a141-01bd711a0fb1, command=[]} | ret=SUCCESS |  
2019-09-05 03:28:31,346 | INFO  | SCMAudit | user=jenkins1000 | ip=192.168.34.53 | op=SEND_HEARTBEAT {datanodeUUID=09804a23-7f5e-4639-98b0-dd8aac3c1a3d, command=[]} | ret=SUCCESS |  
2019-09-05 03:28:31,381 | INFO  | SCMAudit | user=jenkins1000 | ip=192.168.34.53 | op=SEND_HEARTBEAT {datanodeUUID=838608ba-8b7b-40e1-8b89-0ac8f38cbb42, command=[]} | ret=SUCCESS |  
2019-09-05 03:28:31,395 | INFO  | SCMAudit | user=jenkins1000 | ip=192.168.34.53 | op=SEND_HEARTBEAT {datanodeUUID=f8e72f0f-27ad-4da0-a4ac-f742e69d6053, command=[]} | ret=SUCCESS |  
2019-09-05 03:28:31,509 | INFO  | SCMAudit | user=jenkins1000 | ip=192.168.34.53 | op=SEND_HEARTBEAT {datanodeUUID=514a2e68-35f0-4c50-97b9-a7f344dd70d0, command=[]} | ret=SUCCESS |  
2019-09-05 03:28:31,745 | INFO  | SCMAudit | user=jenkins1000 | ip=192.168.34.53 | op=SEND_HEARTBEAT {datanodeUUID=d5831d47-7264-4585-8f97-4cba7bdc2965, command=[]} | ret=SUCCESS |  
2019-09-05 03:28:31,808 [grpc-default-executor-3] INFO  client.GrpcClientProtocolClient (GrpcClientProtocolClient.java:onNext(255)) - client-D63F27167560->f8e72f0f-27ad-4da0-a4ac-f742e69d6053: receive RaftClientReply:client-D63F27167560->f8e72f0f-27ad-4da0-a4ac-f742e69d6053@group-6FC1333E43B6, cid=44, FAILED org.apache.ratis.protocol.NotLeaderException: Server f8e72f0f-27ad-4da0-a4ac-f742e69d6053 is not the leader (838608ba-8b7b-40e1-8b89-0ac8f38cbb42:192.168.34.53:41281). Request must be sent to leader., logIndex=0, commits[f8e72f0f-27ad-4da0-a4ac-f742e69d6053:c8, 838608ba-8b7b-40e1-8b89-0ac8f38cbb42:c8, 09804a23-7f5e-4639-98b0-dd8aac3c1a3d:c8]
2019-09-05 03:28:32,084 | INFO  | SCMAudit | user=jenkins1000 | ip=192.168.34.53 | op=SEND_HEARTBEAT {datanodeUUID=56431364-4f3b-4c40-806d-c9164d34aa1e, command=[]} | ret=SUCCESS |  
2019-09-05 03:28:32,305 | INFO  | SCMAudit | user=jenkins1000 | ip=192.168.34.53 | op=SEND_HEARTBEAT {datanodeUUID=3ae5d83c-115d-493e-a141-01bd711a0fb1, command=[]} | ret=SUCCESS |  
2019-09-05 03:28:32,345 | INFO  | SCMAudit | user=jenkins1000 | ip=192.168.34.53 | op=SEND_HEARTBEAT {datanodeUUID=09804a23-7f5e-4639-98b0-dd8aac3c1a3d, command=[]} | ret=SUCCESS |  
2019-09-05 03:28:32,382 | INFO  | SCMAudit | user=jenkins1000 | ip=192.168.34.53 | op=SEND_HEARTBEAT {datanodeUUID=838608ba-8b7b-40e1-8b89-0ac8f38cbb42, command=[]} | ret=SUCCESS |  
2019-09-05 03:28:32,395 | INFO  | SCMAudit | user=jenkins1000 | ip=192.168.34.53 | op=SEND_HEARTBEAT {datanodeUUID=f8e72f0f-27ad-4da0-a4ac-f742e69d6053, command=[]} | ret=SUCCESS |  
2019-09-05 03:28:32,509 | INFO  | SCMAudit | user=jenkins1000 | ip=192.168.34.53 | op=SEND_HEARTBEAT {datanodeUUID=514a2e68-35f0-4c50-97b9-a7f344dd70d0, command=[]} | ret=SUCCESS |  
2019-09-05 03:28:32,744 | INFO  | SCMAudit | user=jenkins1000 | ip=192.168.34.53 | op=SEND_HEARTBEAT {datanodeUUID=d5831d47-7264-4585-8f97-4cba7bdc2965, command=[]} | ret=SUCCESS |  
2019-09-05 03:28:33,084 | INFO  | SCMAudit | user=jenkins1000 | ip=192.168.34.53 | op=SEND_HEARTBEAT {datanodeUUID=56431364-4f3b-4c40-806d-c9164d34aa1e, command=[]} | ret=SUCCESS |  
2019-09-05 03:28:33,306 | INFO  | SCMAudit | user=jenkins1000 | ip=192.168.34.53 | op=SEND_HEARTBEAT {datanodeUUID=3ae5d83c-115d-493e-a141-01bd711a0fb1, command=[]} | ret=SUCCESS |  
2019-09-05 03:28:33,345 | INFO  | SCMAudit | user=jenkins1000 | ip=192.168.34.53 | op=SEND_HEARTBEAT {datanodeUUID=09804a23-7f5e-4639-98b0-dd8aac3c1a3d, command=[]} | ret=SUCCESS |  
2019-09-05 03:28:33,381 | INFO  | SCMAudit | user=jenkins1000 | ip=192.168.34.53 | op=SEND_HEARTBEAT {datanodeUUID=838608ba-8b7b-40e1-8b89-0ac8f38cbb42, command=[]} | ret=SUCCESS |  
2019-09-05 03:28:33,395 | INFO  | SCMAudit | user=jenkins1000 | ip=192.168.34.53 | op=SEND_HEARTBEAT {datanodeUUID=f8e72f0f-27ad-4da0-a4ac-f742e69d6053, command=[]} | ret=SUCCESS |  
2019-09-05 03:28:33,509 | INFO  | SCMAudit | user=jenkins1000 | ip=192.168.34.53 | op=SEND_HEARTBEAT {datanodeUUID=514a2e68-35f0-4c50-97b9-a7f344dd70d0, command=[]} | ret=SUCCESS |  
2019-09-05 03:28:33,744 | INFO  | SCMAudit | user=jenkins1000 | ip=192.168.34.53 | op=SEND_HEARTBEAT {datanodeUUID=d5831d47-7264-4585-8f97-4cba7bdc2965, command=[]} | ret=SUCCESS |  
2019-09-05 03:28:34,085 | INFO  | SCMAudit | user=jenkins1000 | ip=192.168.34.53 | op=SEND_HEARTBEAT {datanodeUUID=56431364-4f3b-4c40-806d-c9164d34aa1e, command=[]} | ret=SUCCESS |  
2019-09-05 03:28:34,306 | INFO  | SCMAudit | user=jenkins1000 | ip=192.168.34.53 | op=SEND_HEARTBEAT {datanodeUUID=3ae5d83c-115d-493e-a141-01bd711a0fb1, command=[]} | ret=SUCCESS |  
2019-09-05 03:28:34,345 | INFO  | SCMAudit | user=jenkins1000 | ip=192.168.34.53 | op=SEND_HEARTBEAT {datanodeUUID=09804a23-7f5e-4639-98b0-dd8aac3c1a3d, command=[]} | ret=SUCCESS |  
2019-09-05 03:28:34,381 | INFO  | SCMAudit | user=jenkins1000 | ip=192.168.34.53 | op=SEND_HEARTBEAT {datanodeUUID=838608ba-8b7b-40e1-8b89-0ac8f38cbb42, command=[]} | ret=SUCCESS |  
2019-09-05 03:28:34,395 | INFO  | SCMAudit | user=jenkins1000 | ip=192.168.34.53 | op=SEND_HEARTBEAT {datanodeUUID=f8e72f0f-27ad-4da0-a4ac-f742e69d6053, command=[]} | ret=SUCCESS |  
2019-09-05 03:28:34,510 | INFO  | SCMAudit | user=jenkins1000 | ip=192.168.34.53 | op=SEND_HEARTBEAT {datanodeUUID=514a2e68-35f0-4c50-97b9-a7f344dd70d0, command=[]} | ret=SUCCESS |  
2019-09-05 03:28:34,745 | INFO  | SCMAudit | user=jenkins1000 | ip=192.168.34.53 | op=SEND_HEARTBEAT {datanodeUUID=d5831d47-7264-4585-8f97-4cba7bdc2965, command=[]} | ret=SUCCESS |  
2019-09-05 03:28:35,085 | INFO  | SCMAudit | user=jenkins1000 | ip=192.168.34.53 | op=SEND_HEARTBEAT {datanodeUUID=56431364-4f3b-4c40-806d-c9164d34aa1e, command=[]} | ret=SUCCESS |  
2019-09-05 03:28:35,306 | INFO  | SCMAudit | user=jenkins1000 | ip=192.168.34.53 | op=SEND_HEARTBEAT {datanodeUUID=3ae5d83c-115d-493e-a141-01bd711a0fb1, command=[]} | ret=SUCCESS |  
2019-09-05 03:28:35,345 | INFO  | SCMAudit | user=jenkins1000 | ip=192.168.34.53 | op=SEND_HEARTBEAT {datanodeUUID=09804a23-7f5e-4639-98b0-dd8aac3c1a3d, command=[]} | ret=SUCCESS |  
2019-09-05 03:28:35,382 | INFO  | SCMAudit | user=jenkins1000 | ip=192.168.34.53 | op=SEND_HEARTBEAT {datanodeUUID=838608ba-8b7b-40e1-8b89-0ac8f38cbb42, command=[]} | ret=SUCCESS |  
2019-09-05 03:28:35,396 | INFO  | SCMAudit | user=jenkins1000 | ip=192.168.34.53 | op=SEND_HEARTBEAT {datanodeUUID=f8e72f0f-27ad-4da0-a4ac-f742e69d6053, command=[]} | ret=SUCCESS |  
2019-09-05 03:28:35,510 | INFO  | SCMAudit | user=jenkins1000 | ip=192.168.34.53 | op=SEND_HEARTBEAT {datanodeUUID=514a2e68-35f0-4c50-97b9-a7f344dd70d0, command=[]} | ret=SUCCESS |  
2019-09-05 03:28:35,744 | INFO  | SCMAudit | user=jenkins1000 | ip=192.168.34.53 | op=SEND_HEARTBEAT {datanodeUUID=d5831d47-7264-4585-8f97-4cba7bdc2965, command=[]} | ret=SUCCESS |  
2019-09-05 03:28:36,085 | INFO  | SCMAudit | user=jenkins1000 | ip=192.168.34.53 | op=SEND_HEARTBEAT {datanodeUUID=56431364-4f3b-4c40-806d-c9164d34aa1e, command=[]} | ret=SUCCESS |  
2019-09-05 03:28:36,306 | INFO  | SCMAudit | user=jenkins1000 | ip=192.168.34.53 | op=SEND_HEARTBEAT {datanodeUUID=3ae5d83c-115d-493e-a141-01bd711a0fb1, command=[]} | ret=SUCCESS |  
2019-09-05 03:28:36,345 | INFO  | SCMAudit | user=jenkins1000 | ip=192.168.34.53 | op=SEND_HEARTBEAT {datanodeUUID=09804a23-7f5e-4639-98b0-dd8aac3c1a3d, command=[]} | ret=SUCCESS |  
2019-09-05 03:28:36,382 | INFO  | SCMAudit | user=jenkins1000 | ip=192.168.34.53 | op=SEND_HEARTBEAT {datanodeUUID=838608ba-8b7b-40e1-8b89-0ac8f38cbb42, command=[]} | ret=SUCCESS |  
2019-09-05 03:28:36,396 | INFO  | SCMAudit | user=jenkins1000 | ip=192.168.34.53 | op=SEND_HEARTBEAT {datanodeUUID=f8e72f0f-27ad-4da0-a4ac-f742e69d6053, command=[]} | ret=SUCCESS |  
2019-09-05 03:28:36,510 | INFO  | SCMAudit | user=jenkins1000 | ip=192.168.34.53 | op=SEND_HEARTBEAT {datanodeUUID=514a2e68-35f0-4c50-97b9-a7f344dd70d0, command=[]} | ret=SUCCESS |  
2019-09-05 03:28:36,744 | INFO  | SCMAudit | user=jenkins1000 | ip=192.168.34.53 | op=SEND_HEARTBEAT {datanodeUUID=d5831d47-7264-4585-8f97-4cba7bdc2965, command=[]} | ret=SUCCESS |  
2019-09-05 03:28:36,852 [grpc-default-executor-0] INFO  client.GrpcClientProtocolClient (GrpcClientProtocolClient.java:onNext(255)) - client-D63F27167560->f8e72f0f-27ad-4da0-a4ac-f742e69d6053: receive RaftClientReply:client-D63F27167560->f8e72f0f-27ad-4da0-a4ac-f742e69d6053@group-6FC1333E43B6, cid=44, FAILED org.apache.ratis.protocol.NotLeaderException: Server f8e72f0f-27ad-4da0-a4ac-f742e69d6053 is not the leader (838608ba-8b7b-40e1-8b89-0ac8f38cbb42:192.168.34.53:41281). Request must be sent to leader., logIndex=0, commits[f8e72f0f-27ad-4da0-a4ac-f742e69d6053:c8, 838608ba-8b7b-40e1-8b89-0ac8f38cbb42:c8, 09804a23-7f5e-4639-98b0-dd8aac3c1a3d:c8]
2019-09-05 03:28:37,086 | INFO  | SCMAudit | user=jenkins1000 | ip=192.168.34.53 | op=SEND_HEARTBEAT {datanodeUUID=56431364-4f3b-4c40-806d-c9164d34aa1e, command=[]} | ret=SUCCESS |  
2019-09-05 03:28:37,308 | INFO  | SCMAudit | user=jenkins1000 | ip=192.168.34.53 | op=SEND_HEARTBEAT {datanodeUUID=3ae5d83c-115d-493e-a141-01bd711a0fb1, command=[]} | ret=SUCCESS |  
2019-09-05 03:28:37,345 | INFO  | SCMAudit | user=jenkins1000 | ip=192.168.34.53 | op=SEND_HEARTBEAT {datanodeUUID=09804a23-7f5e-4639-98b0-dd8aac3c1a3d, command=[]} | ret=SUCCESS |  
2019-09-05 03:28:37,382 | INFO  | SCMAudit | user=jenkins1000 | ip=192.168.34.53 | op=SEND_HEARTBEAT {datanodeUUID=838608ba-8b7b-40e1-8b89-0ac8f38cbb42, command=[]} | ret=SUCCESS |  
2019-09-05 03:28:37,396 | INFO  | SCMAudit | user=jenkins1000 | ip=192.168.34.53 | op=SEND_HEARTBEAT {datanodeUUID=f8e72f0f-27ad-4da0-a4ac-f742e69d6053, command=[]} | ret=SUCCESS |  
2019-09-05 03:28:37,511 | INFO  | SCMAudit | user=jenkins1000 | ip=192.168.34.53 | op=SEND_HEARTBEAT {datanodeUUID=514a2e68-35f0-4c50-97b9-a7f344dd70d0, command=[]} | ret=SUCCESS |  
2019-09-05 03:28:37,745 | INFO  | SCMAudit | user=jenkins1000 | ip=192.168.34.53 | op=SEND_HEARTBEAT {datanodeUUID=d5831d47-7264-4585-8f97-4cba7bdc2965, command=[]} | ret=SUCCESS |  
2019-09-05 03:28:38,086 | INFO  | SCMAudit | user=jenkins1000 | ip=192.168.34.53 | op=SEND_HEARTBEAT {datanodeUUID=56431364-4f3b-4c40-806d-c9164d34aa1e, command=[]} | ret=SUCCESS |  
2019-09-05 03:28:38,307 | INFO  | SCMAudit | user=jenkins1000 | ip=192.168.34.53 | op=SEND_HEARTBEAT {datanodeUUID=3ae5d83c-115d-493e-a141-01bd711a0fb1, command=[]} | ret=SUCCESS |  
2019-09-05 03:28:38,346 | INFO  | SCMAudit | user=jenkins1000 | ip=192.168.34.53 | op=SEND_HEARTBEAT {datanodeUUID=09804a23-7f5e-4639-98b0-dd8aac3c1a3d, command=[]} | ret=SUCCESS |  
2019-09-05 03:28:38,382 | INFO  | SCMAudit | user=jenkins1000 | ip=192.168.34.53 | op=SEND_HEARTBEAT {datanodeUUID=838608ba-8b7b-40e1-8b89-0ac8f38cbb42, command=[]} | ret=SUCCESS |  
2019-09-05 03:28:38,397 | INFO  | SCMAudit | user=jenkins1000 | ip=192.168.34.53 | op=SEND_HEARTBEAT {datanodeUUID=f8e72f0f-27ad-4da0-a4ac-f742e69d6053, command=[]} | ret=SUCCESS |  
2019-09-05 03:28:38,511 | INFO  | SCMAudit | user=jenkins1000 | ip=192.168.34.53 | op=SEND_HEARTBEAT {datanodeUUID=514a2e68-35f0-4c50-97b9-a7f344dd70d0, command=[]} | ret=SUCCESS |  
2019-09-05 03:28:38,745 | INFO  | SCMAudit | user=jenkins1000 | ip=192.168.34.53 | op=SEND_HEARTBEAT {datanodeUUID=d5831d47-7264-4585-8f97-4cba7bdc2965, command=[]} | ret=SUCCESS |  
2019-09-05 03:28:39,086 | INFO  | SCMAudit | user=jenkins1000 | ip=192.168.34.53 | op=SEND_HEARTBEAT {datanodeUUID=56431364-4f3b-4c40-806d-c9164d34aa1e, command=[]} | ret=SUCCESS |  
2019-09-05 03:28:39,307 | INFO  | SCMAudit | user=jenkins1000 | ip=192.168.34.53 | op=SEND_HEARTBEAT {datanodeUUID=3ae5d83c-115d-493e-a141-01bd711a0fb1, command=[]} | ret=SUCCESS |  
2019-09-05 03:28:39,346 | INFO  | SCMAudit | user=jenkins1000 | ip=192.168.34.53 | op=SEND_HEARTBEAT {datanodeUUID=09804a23-7f5e-4639-98b0-dd8aac3c1a3d, command=[]} | ret=SUCCESS |  
2019-09-05 03:28:39,381 | INFO  | SCMAudit | user=jenkins1000 | ip=192.168.34.53 | op=SEND_HEARTBEAT {datanodeUUID=838608ba-8b7b-40e1-8b89-0ac8f38cbb42, command=[]} | ret=SUCCESS |  
2019-09-05 03:28:39,397 | INFO  | SCMAudit | user=jenkins1000 | ip=192.168.34.53 | op=SEND_HEARTBEAT {datanodeUUID=f8e72f0f-27ad-4da0-a4ac-f742e69d6053, command=[]} | ret=SUCCESS |  
2019-09-05 03:28:39,510 | INFO  | SCMAudit | user=jenkins1000 | ip=192.168.34.53 | op=SEND_HEARTBEAT {datanodeUUID=514a2e68-35f0-4c50-97b9-a7f344dd70d0, command=[]} | ret=SUCCESS |  
2019-09-05 03:28:39,744 | INFO  | SCMAudit | user=jenkins1000 | ip=192.168.34.53 | op=SEND_HEARTBEAT {datanodeUUID=d5831d47-7264-4585-8f97-4cba7bdc2965, command=[]} | ret=SUCCESS |  
2019-09-05 03:28:40,085 | INFO  | SCMAudit | user=jenkins1000 | ip=192.168.34.53 | op=SEND_HEARTBEAT {datanodeUUID=56431364-4f3b-4c40-806d-c9164d34aa1e, command=[]} | ret=SUCCESS |  
2019-09-05 03:28:40,308 | INFO  | SCMAudit | user=jenkins1000 | ip=192.168.34.53 | op=SEND_HEARTBEAT {datanodeUUID=3ae5d83c-115d-493e-a141-01bd711a0fb1, command=[]} | ret=SUCCESS |  
2019-09-05 03:28:40,346 | INFO  | SCMAudit | user=jenkins1000 | ip=192.168.34.53 | op=SEND_HEARTBEAT {datanodeUUID=09804a23-7f5e-4639-98b0-dd8aac3c1a3d, command=[]} | ret=SUCCESS |  
2019-09-05 03:28:40,381 | INFO  | SCMAudit | user=jenkins1000 | ip=192.168.34.53 | op=SEND_HEARTBEAT {datanodeUUID=838608ba-8b7b-40e1-8b89-0ac8f38cbb42, command=[]} | ret=SUCCESS |  
2019-09-05 03:28:40,397 | INFO  | SCMAudit | user=jenkins1000 | ip=192.168.34.53 | op=SEND_HEARTBEAT {datanodeUUID=f8e72f0f-27ad-4da0-a4ac-f742e69d6053, command=[]} | ret=SUCCESS |  
2019-09-05 03:28:40,510 | INFO  | SCMAudit | user=jenkins1000 | ip=192.168.34.53 | op=SEND_HEARTBEAT {datanodeUUID=514a2e68-35f0-4c50-97b9-a7f344dd70d0, command=[]} | ret=SUCCESS |  
2019-09-05 03:28:40,744 | INFO  | SCMAudit | user=jenkins1000 | ip=192.168.34.53 | op=SEND_HEARTBEAT {datanodeUUID=d5831d47-7264-4585-8f97-4cba7bdc2965, command=[]} | ret=SUCCESS |  
2019-09-05 03:28:41,086 | INFO  | SCMAudit | user=jenkins1000 | ip=192.168.34.53 | op=SEND_HEARTBEAT {datanodeUUID=56431364-4f3b-4c40-806d-c9164d34aa1e, command=[]} | ret=SUCCESS |  
2019-09-05 03:28:41,308 | INFO  | SCMAudit | user=jenkins1000 | ip=192.168.34.53 | op=SEND_HEARTBEAT {datanodeUUID=3ae5d83c-115d-493e-a141-01bd711a0fb1, command=[]} | ret=SUCCESS |  
2019-09-05 03:28:41,346 | INFO  | SCMAudit | user=jenkins1000 | ip=192.168.34.53 | op=SEND_HEARTBEAT {datanodeUUID=09804a23-7f5e-4639-98b0-dd8aac3c1a3d, command=[]} | ret=SUCCESS |  
2019-09-05 03:28:41,381 | INFO  | SCMAudit | user=jenkins1000 | ip=192.168.34.53 | op=SEND_HEARTBEAT {datanodeUUID=838608ba-8b7b-40e1-8b89-0ac8f38cbb42, command=[]} | ret=SUCCESS |  
2019-09-05 03:28:41,397 | INFO  | SCMAudit | user=jenkins1000 | ip=192.168.34.53 | op=SEND_HEARTBEAT {datanodeUUID=f8e72f0f-27ad-4da0-a4ac-f742e69d6053, command=[]} | ret=SUCCESS |  
2019-09-05 03:28:41,511 | INFO  | SCMAudit | user=jenkins1000 | ip=192.168.34.53 | op=SEND_HEARTBEAT {datanodeUUID=514a2e68-35f0-4c50-97b9-a7f344dd70d0, command=[]} | ret=SUCCESS |  
2019-09-05 03:28:41,745 | INFO  | SCMAudit | user=jenkins1000 | ip=192.168.34.53 | op=SEND_HEARTBEAT {datanodeUUID=d5831d47-7264-4585-8f97-4cba7bdc2965, command=[]} | ret=SUCCESS |  
2019-09-05 03:28:41,892 [grpc-default-executor-3] INFO  client.GrpcClientProtocolClient (GrpcClientProtocolClient.java:onNext(255)) - client-D63F27167560->f8e72f0f-27ad-4da0-a4ac-f742e69d6053: receive RaftClientReply:client-D63F27167560->f8e72f0f-27ad-4da0-a4ac-f742e69d6053@group-6FC1333E43B6, cid=44, FAILED org.apache.ratis.protocol.NotLeaderException: Server f8e72f0f-27ad-4da0-a4ac-f742e69d6053 is not the leader (838608ba-8b7b-40e1-8b89-0ac8f38cbb42:192.168.34.53:41281). Request must be sent to leader., logIndex=0, commits[f8e72f0f-27ad-4da0-a4ac-f742e69d6053:c8, 838608ba-8b7b-40e1-8b89-0ac8f38cbb42:c8, 09804a23-7f5e-4639-98b0-dd8aac3c1a3d:c8]
2019-09-05 03:28:42,086 | INFO  | SCMAudit | user=jenkins1000 | ip=192.168.34.53 | op=SEND_HEARTBEAT {datanodeUUID=56431364-4f3b-4c40-806d-c9164d34aa1e, command=[]} | ret=SUCCESS |  
2019-09-05 03:28:42,308 | INFO  | SCMAudit | user=jenkins1000 | ip=192.168.34.53 | op=SEND_HEARTBEAT {datanodeUUID=3ae5d83c-115d-493e-a141-01bd711a0fb1, command=[]} | ret=SUCCESS |  
2019-09-05 03:28:42,346 | INFO  | SCMAudit | user=jenkins1000 | ip=192.168.34.53 | op=SEND_HEARTBEAT {datanodeUUID=09804a23-7f5e-4639-98b0-dd8aac3c1a3d, command=[]} | ret=SUCCESS |  
2019-09-05 03:28:42,381 | INFO  | SCMAudit | user=jenkins1000 | ip=192.168.34.53 | op=SEND_HEARTBEAT {datanodeUUID=838608ba-8b7b-40e1-8b89-0ac8f38cbb42, command=[]} | ret=SUCCESS |  
2019-09-05 03:28:42,397 | INFO  | SCMAudit | user=jenkins1000 | ip=192.168.34.53 | op=SEND_HEARTBEAT {datanodeUUID=f8e72f0f-27ad-4da0-a4ac-f742e69d6053, command=[]} | ret=SUCCESS |  
2019-09-05 03:28:42,510 | INFO  | SCMAudit | user=jenkins1000 | ip=192.168.34.53 | op=SEND_HEARTBEAT {datanodeUUID=514a2e68-35f0-4c50-97b9-a7f344dd70d0, command=[]} | ret=SUCCESS |  
2019-09-05 03:28:42,744 | INFO  | SCMAudit | user=jenkins1000 | ip=192.168.34.53 | op=SEND_HEARTBEAT {datanodeUUID=d5831d47-7264-4585-8f97-4cba7bdc2965, command=[]} | ret=SUCCESS |  
2019-09-05 03:28:43,086 | INFO  | SCMAudit | user=jenkins1000 | ip=192.168.34.53 | op=SEND_HEARTBEAT {datanodeUUID=56431364-4f3b-4c40-806d-c9164d34aa1e, command=[]} | ret=SUCCESS |  
2019-09-05 03:28:43,309 | INFO  | SCMAudit | user=jenkins1000 | ip=192.168.34.53 | op=SEND_HEARTBEAT {datanodeUUID=3ae5d83c-115d-493e-a141-01bd711a0fb1, command=[]} | ret=SUCCESS |  
2019-09-05 03:28:43,346 | INFO  | SCMAudit | user=jenkins1000 | ip=192.168.34.53 | op=SEND_HEARTBEAT {datanodeUUID=09804a23-7f5e-4639-98b0-dd8aac3c1a3d, command=[]} | ret=SUCCESS |  
2019-09-05 03:28:43,381 | INFO  | SCMAudit | user=jenkins1000 | ip=192.168.34.53 | op=SEND_HEARTBEAT {datanodeUUID=838608ba-8b7b-40e1-8b89-0ac8f38cbb42, command=[]} | ret=SUCCESS |  
2019-09-05 03:28:43,398 | INFO  | SCMAudit | user=jenkins1000 | ip=192.168.34.53 | op=SEND_HEARTBEAT {datanodeUUID=f8e72f0f-27ad-4da0-a4ac-f742e69d6053, command=[]} | ret=SUCCESS |  
2019-09-05 03:28:43,511 | INFO  | SCMAudit | user=jenkins1000 | ip=192.168.34.53 | op=SEND_HEARTBEAT {datanodeUUID=514a2e68-35f0-4c50-97b9-a7f344dd70d0, command=[]} | ret=SUCCESS |  
2019-09-05 03:28:43,744 | INFO  | SCMAudit | user=jenkins1000 | ip=192.168.34.53 | op=SEND_HEARTBEAT {datanodeUUID=d5831d47-7264-4585-8f97-4cba7bdc2965, command=[]} | ret=SUCCESS |  
2019-09-05 03:28:44,086 | INFO  | SCMAudit | user=jenkins1000 | ip=192.168.34.53 | op=SEND_HEARTBEAT {datanodeUUID=56431364-4f3b-4c40-806d-c9164d34aa1e, command=[]} | ret=SUCCESS |  
2019-09-05 03:28:44,309 | INFO  | SCMAudit | user=jenkins1000 | ip=192.168.34.53 | op=SEND_HEARTBEAT {datanodeUUID=3ae5d83c-115d-493e-a141-01bd711a0fb1, command=[]} | ret=SUCCESS |  
2019-09-05 03:28:44,346 | INFO  | SCMAudit | user=jenkins1000 | ip=192.168.34.53 | op=SEND_HEARTBEAT {datanodeUUID=09804a23-7f5e-4639-98b0-dd8aac3c1a3d, command=[]} | ret=SUCCESS |  
2019-09-05 03:28:44,382 | INFO  | SCMAudit | user=jenkins1000 | ip=192.168.34.53 | op=SEND_HEARTBEAT {datanodeUUID=838608ba-8b7b-40e1-8b89-0ac8f38cbb42, command=[]} | ret=SUCCESS |  
2019-09-05 03:28:44,397 | INFO  | SCMAudit | user=jenkins1000 | ip=192.168.34.53 | op=SEND_HEARTBEAT {datanodeUUID=f8e72f0f-27ad-4da0-a4ac-f742e69d6053, command=[]} | ret=SUCCESS |  
2019-09-05 03:28:44,511 | INFO  | SCMAudit | user=jenkins1000 | ip=192.168.34.53 | op=SEND_HEARTBEAT {datanodeUUID=514a2e68-35f0-4c50-97b9-a7f344dd70d0, command=[]} | ret=SUCCESS |  
2019-09-05 03:28:44,745 | INFO  | SCMAudit | user=jenkins1000 | ip=192.168.34.53 | op=SEND_HEARTBEAT {datanodeUUID=d5831d47-7264-4585-8f97-4cba7bdc2965, command=[]} | ret=SUCCESS |  
2019-09-05 03:28:45,087 | INFO  | SCMAudit | user=jenkins1000 | ip=192.168.34.53 | op=SEND_HEARTBEAT {datanodeUUID=56431364-4f3b-4c40-806d-c9164d34aa1e, command=[]} | ret=SUCCESS |  
2019-09-05 03:28:45,309 | INFO  | SCMAudit | user=jenkins1000 | ip=192.168.34.53 | op=SEND_HEARTBEAT {datanodeUUID=3ae5d83c-115d-493e-a141-01bd711a0fb1, command=[]} | ret=SUCCESS |  
2019-09-05 03:28:45,346 | INFO  | SCMAudit | user=jenkins1000 | ip=192.168.34.53 | op=SEND_HEARTBEAT {datanodeUUID=09804a23-7f5e-4639-98b0-dd8aac3c1a3d, command=[]} | ret=SUCCESS |  
2019-09-05 03:28:45,382 | INFO  | SCMAudit | user=jenkins1000 | ip=192.168.34.53 | op=SEND_HEARTBEAT {datanodeUUID=838608ba-8b7b-40e1-8b89-0ac8f38cbb42, command=[]} | ret=SUCCESS |  
2019-09-05 03:28:45,397 | INFO  | SCMAudit | user=jenkins1000 | ip=192.168.34.53 | op=SEND_HEARTBEAT {datanodeUUID=f8e72f0f-27ad-4da0-a4ac-f742e69d6053, command=[]} | ret=SUCCESS |  
2019-09-05 03:28:45,511 | INFO  | SCMAudit | user=jenkins1000 | ip=192.168.34.53 | op=SEND_HEARTBEAT {datanodeUUID=514a2e68-35f0-4c50-97b9-a7f344dd70d0, command=[]} | ret=SUCCESS |  
2019-09-05 03:28:45,745 | INFO  | SCMAudit | user=jenkins1000 | ip=192.168.34.53 | op=SEND_HEARTBEAT {datanodeUUID=d5831d47-7264-4585-8f97-4cba7bdc2965, command=[]} | ret=SUCCESS |  
2019-09-05 03:28:46,087 | INFO  | SCMAudit | user=jenkins1000 | ip=192.168.34.53 | op=SEND_HEARTBEAT {datanodeUUID=56431364-4f3b-4c40-806d-c9164d34aa1e, command=[]} | ret=SUCCESS |  
2019-09-05 03:28:46,309 | INFO  | SCMAudit | user=jenkins1000 | ip=192.168.34.53 | op=SEND_HEARTBEAT {datanodeUUID=3ae5d83c-115d-493e-a141-01bd711a0fb1, command=[]} | ret=SUCCESS |  
2019-09-05 03:28:46,346 | INFO  | SCMAudit | user=jenkins1000 | ip=192.168.34.53 | op=SEND_HEARTBEAT {datanodeUUID=09804a23-7f5e-4639-98b0-dd8aac3c1a3d, command=[]} | ret=SUCCESS |  
2019-09-05 03:28:46,382 | INFO  | SCMAudit | user=jenkins1000 | ip=192.168.34.53 | op=SEND_HEARTBEAT {datanodeUUID=838608ba-8b7b-40e1-8b89-0ac8f38cbb42, command=[]} | ret=SUCCESS |  
2019-09-05 03:28:46,398 | INFO  | SCMAudit | user=jenkins1000 | ip=192.168.34.53 | op=SEND_HEARTBEAT {datanodeUUID=f8e72f0f-27ad-4da0-a4ac-f742e69d6053, command=[]} | ret=SUCCESS |  
2019-09-05 03:28:46,511 | INFO  | SCMAudit | user=jenkins1000 | ip=192.168.34.53 | op=SEND_HEARTBEAT {datanodeUUID=514a2e68-35f0-4c50-97b9-a7f344dd70d0, command=[]} | ret=SUCCESS |  
2019-09-05 03:28:46,744 | INFO  | SCMAudit | user=jenkins1000 | ip=192.168.34.53 | op=SEND_HEARTBEAT {datanodeUUID=d5831d47-7264-4585-8f97-4cba7bdc2965, command=[]} | ret=SUCCESS |  
2019-09-05 03:28:46,928 [grpc-default-executor-3] INFO  client.GrpcClientProtocolClient (GrpcClientProtocolClient.java:onNext(255)) - client-D63F27167560->09804a23-7f5e-4639-98b0-dd8aac3c1a3d: receive RaftClientReply:client-D63F27167560->09804a23-7f5e-4639-98b0-dd8aac3c1a3d@group-6FC1333E43B6, cid=44, FAILED org.apache.ratis.protocol.NotLeaderException: Server 09804a23-7f5e-4639-98b0-dd8aac3c1a3d is not the leader (838608ba-8b7b-40e1-8b89-0ac8f38cbb42:192.168.34.53:41281). Request must be sent to leader., logIndex=0, commits[09804a23-7f5e-4639-98b0-dd8aac3c1a3d:c8, 838608ba-8b7b-40e1-8b89-0ac8f38cbb42:c8, f8e72f0f-27ad-4da0-a4ac-f742e69d6053:c8]
2019-09-05 03:28:47,087 | INFO  | SCMAudit | user=jenkins1000 | ip=192.168.34.53 | op=SEND_HEARTBEAT {datanodeUUID=56431364-4f3b-4c40-806d-c9164d34aa1e, command=[]} | ret=SUCCESS |  
2019-09-05 03:28:47,309 | INFO  | SCMAudit | user=jenkins1000 | ip=192.168.34.53 | op=SEND_HEARTBEAT {datanodeUUID=3ae5d83c-115d-493e-a141-01bd711a0fb1, command=[]} | ret=SUCCESS |  
2019-09-05 03:28:47,346 | INFO  | SCMAudit | user=jenkins1000 | ip=192.168.34.53 | op=SEND_HEARTBEAT {datanodeUUID=09804a23-7f5e-4639-98b0-dd8aac3c1a3d, command=[]} | ret=SUCCESS |  
2019-09-05 03:28:47,381 | INFO  | SCMAudit | user=jenkins1000 | ip=192.168.34.53 | op=SEND_HEARTBEAT {datanodeUUID=838608ba-8b7b-40e1-8b89-0ac8f38cbb42, command=[]} | ret=SUCCESS |  
2019-09-05 03:28:47,398 | INFO  | SCMAudit | user=jenkins1000 | ip=192.168.34.53 | op=SEND_HEARTBEAT {datanodeUUID=f8e72f0f-27ad-4da0-a4ac-f742e69d6053, command=[]} | ret=SUCCESS |  
2019-09-05 03:28:47,512 | INFO  | SCMAudit | user=jenkins1000 | ip=192.168.34.53 | op=SEND_HEARTBEAT {datanodeUUID=514a2e68-35f0-4c50-97b9-a7f344dd70d0, command=[]} | ret=SUCCESS |  
2019-09-05 03:28:47,744 | INFO  | SCMAudit | user=jenkins1000 | ip=192.168.34.53 | op=SEND_HEARTBEAT {datanodeUUID=d5831d47-7264-4585-8f97-4cba7bdc2965, command=[]} | ret=SUCCESS |  
2019-09-05 03:28:48,088 | INFO  | SCMAudit | user=jenkins1000 | ip=192.168.34.53 | op=SEND_HEARTBEAT {datanodeUUID=56431364-4f3b-4c40-806d-c9164d34aa1e, command=[]} | ret=SUCCESS |  
2019-09-05 03:28:48,310 | INFO  | SCMAudit | user=jenkins1000 | ip=192.168.34.53 | op=SEND_HEARTBEAT {datanodeUUID=3ae5d83c-115d-493e-a141-01bd711a0fb1, command=[]} | ret=SUCCESS |  
2019-09-05 03:28:48,346 | INFO  | SCMAudit | user=jenkins1000 | ip=192.168.34.53 | op=SEND_HEARTBEAT {datanodeUUID=09804a23-7f5e-4639-98b0-dd8aac3c1a3d, command=[]} | ret=SUCCESS |  
2019-09-05 03:28:48,381 | INFO  | SCMAudit | user=jenkins1000 | ip=192.168.34.53 | op=SEND_HEARTBEAT {datanodeUUID=838608ba-8b7b-40e1-8b89-0ac8f38cbb42, command=[]} | ret=SUCCESS |  
2019-09-05 03:28:48,398 | INFO  | SCMAudit | user=jenkins1000 | ip=192.168.34.53 | op=SEND_HEARTBEAT {datanodeUUID=f8e72f0f-27ad-4da0-a4ac-f742e69d6053, command=[]} | ret=SUCCESS |  
2019-09-05 03:28:48,511 | INFO  | SCMAudit | user=jenkins1000 | ip=192.168.34.53 | op=SEND_HEARTBEAT {datanodeUUID=514a2e68-35f0-4c50-97b9-a7f344dd70d0, command=[]} | ret=SUCCESS |  
2019-09-05 03:28:48,745 | INFO  | SCMAudit | user=jenkins1000 | ip=192.168.34.53 | op=SEND_HEARTBEAT {datanodeUUID=d5831d47-7264-4585-8f97-4cba7bdc2965, command=[]} | ret=SUCCESS |  
2019-09-05 03:28:49,087 | INFO  | SCMAudit | user=jenkins1000 | ip=192.168.34.53 | op=SEND_HEARTBEAT {datanodeUUID=56431364-4f3b-4c40-806d-c9164d34aa1e, command=[]} | ret=SUCCESS |  
2019-09-05 03:28:49,310 | INFO  | SCMAudit | user=jenkins1000 | ip=192.168.34.53 | op=SEND_HEARTBEAT {datanodeUUID=3ae5d83c-115d-493e-a141-01bd711a0fb1, command=[]} | ret=SUCCESS |  
2019-09-05 03:28:49,347 | INFO  | SCMAudit | user=jenkins1000 | ip=192.168.34.53 | op=SEND_HEARTBEAT {datanodeUUID=09804a23-7f5e-4639-98b0-dd8aac3c1a3d, command=[]} | ret=SUCCESS |  
2019-09-05 03:28:49,381 | INFO  | SCMAudit | user=jenkins1000 | ip=192.168.34.53 | op=SEND_HEARTBEAT {datanodeUUID=838608ba-8b7b-40e1-8b89-0ac8f38cbb42, command=[]} | ret=SUCCESS |  
2019-09-05 03:28:49,398 | INFO  | SCMAudit | user=jenkins1000 | ip=192.168.34.53 | op=SEND_HEARTBEAT {datanodeUUID=f8e72f0f-27ad-4da0-a4ac-f742e69d6053, command=[]} | ret=SUCCESS |  
2019-09-05 03:28:49,511 | INFO  | SCMAudit | user=jenkins1000 | ip=192.168.34.53 | op=SEND_HEARTBEAT {datanodeUUID=514a2e68-35f0-4c50-97b9-a7f344dd70d0, command=[]} | ret=SUCCESS |  
2019-09-05 03:28:49,745 | INFO  | SCMAudit | user=jenkins1000 | ip=192.168.34.53 | op=SEND_HEARTBEAT {datanodeUUID=d5831d47-7264-4585-8f97-4cba7bdc2965, command=[]} | ret=SUCCESS |  
2019-09-05 03:28:50,087 | INFO  | SCMAudit | user=jenkins1000 | ip=192.168.34.53 | op=SEND_HEARTBEAT {datanodeUUID=56431364-4f3b-4c40-806d-c9164d34aa1e, command=[]} | ret=SUCCESS |  
2019-09-05 03:28:50,310 | INFO  | SCMAudit | user=jenkins1000 | ip=192.168.34.53 | op=SEND_HEARTBEAT {datanodeUUID=3ae5d83c-115d-493e-a141-01bd711a0fb1, command=[]} | ret=SUCCESS |  
2019-09-05 03:28:50,347 | INFO  | SCMAudit | user=jenkins1000 | ip=192.168.34.53 | op=SEND_HEARTBEAT {datanodeUUID=09804a23-7f5e-4639-98b0-dd8aac3c1a3d, command=[]} | ret=SUCCESS |  
2019-09-05 03:28:50,381 | INFO  | SCMAudit | user=jenkins1000 | ip=192.168.34.53 | op=SEND_HEARTBEAT {datanodeUUID=838608ba-8b7b-40e1-8b89-0ac8f38cbb42, command=[]} | ret=SUCCESS |  
2019-09-05 03:28:50,398 | INFO  | SCMAudit | user=jenkins1000 | ip=192.168.34.53 | op=SEND_HEARTBEAT {datanodeUUID=f8e72f0f-27ad-4da0-a4ac-f742e69d6053, command=[]} | ret=SUCCESS |  
2019-09-05 03:28:50,511 | INFO  | SCMAudit | user=jenkins1000 | ip=192.168.34.53 | op=SEND_HEARTBEAT {datanodeUUID=514a2e68-35f0-4c50-97b9-a7f344dd70d0, command=[]} | ret=SUCCESS |  
2019-09-05 03:28:50,745 | INFO  | SCMAudit | user=jenkins1000 | ip=192.168.34.53 | op=SEND_HEARTBEAT {datanodeUUID=d5831d47-7264-4585-8f97-4cba7bdc2965, command=[]} | ret=SUCCESS |  
2019-09-05 03:28:51,088 | INFO  | SCMAudit | user=jenkins1000 | ip=192.168.34.53 | op=SEND_HEARTBEAT {datanodeUUID=56431364-4f3b-4c40-806d-c9164d34aa1e, command=[]} | ret=SUCCESS |  
2019-09-05 03:28:51,311 | INFO  | SCMAudit | user=jenkins1000 | ip=192.168.34.53 | op=SEND_HEARTBEAT {datanodeUUID=3ae5d83c-115d-493e-a141-01bd711a0fb1, command=[]} | ret=SUCCESS |  
2019-09-05 03:28:51,347 | INFO  | SCMAudit | user=jenkins1000 | ip=192.168.34.53 | op=SEND_HEARTBEAT {datanodeUUID=09804a23-7f5e-4639-98b0-dd8aac3c1a3d, command=[]} | ret=SUCCESS |  
2019-09-05 03:28:51,381 | INFO  | SCMAudit | user=jenkins1000 | ip=192.168.34.53 | op=SEND_HEARTBEAT {datanodeUUID=838608ba-8b7b-40e1-8b89-0ac8f38cbb42, command=[]} | ret=SUCCESS |  
2019-09-05 03:28:51,399 | INFO  | SCMAudit | user=jenkins1000 | ip=192.168.34.53 | op=SEND_HEARTBEAT {datanodeUUID=f8e72f0f-27ad-4da0-a4ac-f742e69d6053, command=[]} | ret=SUCCESS |  
2019-09-05 03:28:51,512 | INFO  | SCMAudit | user=jenkins1000 | ip=192.168.34.53 | op=SEND_HEARTBEAT {datanodeUUID=514a2e68-35f0-4c50-97b9-a7f344dd70d0, command=[]} | ret=SUCCESS |  
2019-09-05 03:28:51,744 | INFO  | SCMAudit | user=jenkins1000 | ip=192.168.34.53 | op=SEND_HEARTBEAT {datanodeUUID=d5831d47-7264-4585-8f97-4cba7bdc2965, command=[]} | ret=SUCCESS |  
2019-09-05 03:28:51,964 [grpc-default-executor-0] INFO  client.GrpcClientProtocolClient (GrpcClientProtocolClient.java:onNext(255)) - client-D63F27167560->09804a23-7f5e-4639-98b0-dd8aac3c1a3d: receive RaftClientReply:client-D63F27167560->09804a23-7f5e-4639-98b0-dd8aac3c1a3d@group-6FC1333E43B6, cid=44, FAILED org.apache.ratis.protocol.NotLeaderException: Server 09804a23-7f5e-4639-98b0-dd8aac3c1a3d is not the leader (838608ba-8b7b-40e1-8b89-0ac8f38cbb42:192.168.34.53:41281). Request must be sent to leader., logIndex=0, commits[09804a23-7f5e-4639-98b0-dd8aac3c1a3d:c8, 838608ba-8b7b-40e1-8b89-0ac8f38cbb42:c8, f8e72f0f-27ad-4da0-a4ac-f742e69d6053:c8]
2019-09-05 03:28:52,087 | INFO  | SCMAudit | user=jenkins1000 | ip=192.168.34.53 | op=SEND_HEARTBEAT {datanodeUUID=56431364-4f3b-4c40-806d-c9164d34aa1e, command=[]} | ret=SUCCESS |  
2019-09-05 03:28:52,310 | INFO  | SCMAudit | user=jenkins1000 | ip=192.168.34.53 | op=SEND_HEARTBEAT {datanodeUUID=3ae5d83c-115d-493e-a141-01bd711a0fb1, command=[]} | ret=SUCCESS |  
2019-09-05 03:28:52,347 | INFO  | SCMAudit | user=jenkins1000 | ip=192.168.34.53 | op=SEND_HEARTBEAT {datanodeUUID=09804a23-7f5e-4639-98b0-dd8aac3c1a3d, command=[]} | ret=SUCCESS |  
2019-09-05 03:28:52,381 | INFO  | SCMAudit | user=jenkins1000 | ip=192.168.34.53 | op=SEND_HEARTBEAT {datanodeUUID=838608ba-8b7b-40e1-8b89-0ac8f38cbb42, command=[]} | ret=SUCCESS |  
2019-09-05 03:28:52,399 | INFO  | SCMAudit | user=jenkins1000 | ip=192.168.34.53 | op=SEND_HEARTBEAT {datanodeUUID=f8e72f0f-27ad-4da0-a4ac-f742e69d6053, command=[]} | ret=SUCCESS |  
2019-09-05 03:28:52,512 | INFO  | SCMAudit | user=jenkins1000 | ip=192.168.34.53 | op=SEND_HEARTBEAT {datanodeUUID=514a2e68-35f0-4c50-97b9-a7f344dd70d0, command=[]} | ret=SUCCESS |  
2019-09-05 03:28:52,744 | INFO  | SCMAudit | user=jenkins1000 | ip=192.168.34.53 | op=SEND_HEARTBEAT {datanodeUUID=d5831d47-7264-4585-8f97-4cba7bdc2965, command=[]} | ret=SUCCESS |  
2019-09-05 03:28:53,088 | INFO  | SCMAudit | user=jenkins1000 | ip=192.168.34.53 | op=SEND_HEARTBEAT {datanodeUUID=56431364-4f3b-4c40-806d-c9164d34aa1e, command=[]} | ret=SUCCESS |  
2019-09-05 03:28:53,310 | INFO  | SCMAudit | user=jenkins1000 | ip=192.168.34.53 | op=SEND_HEARTBEAT {datanodeUUID=3ae5d83c-115d-493e-a141-01bd711a0fb1, command=[]} | ret=SUCCESS |  
2019-09-05 03:28:53,347 | INFO  | SCMAudit | user=jenkins1000 | ip=192.168.34.53 | op=SEND_HEARTBEAT {datanodeUUID=09804a23-7f5e-4639-98b0-dd8aac3c1a3d, command=[]} | ret=SUCCESS |  
2019-09-05 03:28:53,381 | INFO  | SCMAudit | user=jenkins1000 | ip=192.168.34.53 | op=SEND_HEARTBEAT {datanodeUUID=838608ba-8b7b-40e1-8b89-0ac8f38cbb42, command=[]} | ret=SUCCESS |  
2019-09-05 03:28:53,399 | INFO  | SCMAudit | user=jenkins1000 | ip=192.168.34.53 | op=SEND_HEARTBEAT {datanodeUUID=f8e72f0f-27ad-4da0-a4ac-f742e69d6053, command=[]} | ret=SUCCESS |  
2019-09-05 03:28:53,512 | INFO  | SCMAudit | user=jenkins1000 | ip=192.168.34.53 | op=SEND_HEARTBEAT {datanodeUUID=514a2e68-35f0-4c50-97b9-a7f344dd70d0, command=[]} | ret=SUCCESS |  
2019-09-05 03:28:53,745 | INFO  | SCMAudit | user=jenkins1000 | ip=192.168.34.53 | op=SEND_HEARTBEAT {datanodeUUID=d5831d47-7264-4585-8f97-4cba7bdc2965, command=[]} | ret=SUCCESS |  
2019-09-05 03:28:54,087 | INFO  | SCMAudit | user=jenkins1000 | ip=192.168.34.53 | op=SEND_HEARTBEAT {datanodeUUID=56431364-4f3b-4c40-806d-c9164d34aa1e, command=[]} | ret=SUCCESS |  
2019-09-05 03:28:54,310 | INFO  | SCMAudit | user=jenkins1000 | ip=192.168.34.53 | op=SEND_HEARTBEAT {datanodeUUID=3ae5d83c-115d-493e-a141-01bd711a0fb1, command=[]} | ret=SUCCESS |  
2019-09-05 03:28:54,348 | INFO  | SCMAudit | user=jenkins1000 | ip=192.168.34.53 | op=SEND_HEARTBEAT {datanodeUUID=09804a23-7f5e-4639-98b0-dd8aac3c1a3d, command=[]} | ret=SUCCESS |  
2019-09-05 03:28:54,382 | INFO  | SCMAudit | user=jenkins1000 | ip=192.168.34.53 | op=SEND_HEARTBEAT {datanodeUUID=838608ba-8b7b-40e1-8b89-0ac8f38cbb42, command=[]} | ret=SUCCESS |  
2019-09-05 03:28:54,399 | INFO  | SCMAudit | user=jenkins1000 | ip=192.168.34.53 | op=SEND_HEARTBEAT {datanodeUUID=f8e72f0f-27ad-4da0-a4ac-f742e69d6053, command=[]} | ret=SUCCESS |  
2019-09-05 03:28:54,512 | INFO  | SCMAudit | user=jenkins1000 | ip=192.168.34.53 | op=SEND_HEARTBEAT {datanodeUUID=514a2e68-35f0-4c50-97b9-a7f344dd70d0, command=[]} | ret=SUCCESS |  
2019-09-05 03:28:54,744 | INFO  | SCMAudit | user=jenkins1000 | ip=192.168.34.53 | op=SEND_HEARTBEAT {datanodeUUID=d5831d47-7264-4585-8f97-4cba7bdc2965, command=[]} | ret=SUCCESS |  
2019-09-05 03:28:55,088 | INFO  | SCMAudit | user=jenkins1000 | ip=192.168.34.53 | op=SEND_HEARTBEAT {datanodeUUID=56431364-4f3b-4c40-806d-c9164d34aa1e, command=[]} | ret=SUCCESS |  
2019-09-05 03:28:55,311 | INFO  | SCMAudit | user=jenkins1000 | ip=192.168.34.53 | op=SEND_HEARTBEAT {datanodeUUID=3ae5d83c-115d-493e-a141-01bd711a0fb1, command=[]} | ret=SUCCESS |  
2019-09-05 03:28:55,347 | INFO  | SCMAudit | user=jenkins1000 | ip=192.168.34.53 | op=SEND_HEARTBEAT {datanodeUUID=09804a23-7f5e-4639-98b0-dd8aac3c1a3d, command=[]} | ret=SUCCESS |  
2019-09-05 03:28:55,382 | INFO  | SCMAudit | user=jenkins1000 | ip=192.168.34.53 | op=SEND_HEARTBEAT {datanodeUUID=838608ba-8b7b-40e1-8b89-0ac8f38cbb42, command=[]} | ret=SUCCESS |  
2019-09-05 03:28:55,400 | INFO  | SCMAudit | user=jenkins1000 | ip=192.168.34.53 | op=SEND_HEARTBEAT {datanodeUUID=f8e72f0f-27ad-4da0-a4ac-f742e69d6053, command=[]} | ret=SUCCESS |  
2019-09-05 03:28:55,513 | INFO  | SCMAudit | user=jenkins1000 | ip=192.168.34.53 | op=SEND_HEARTBEAT {datanodeUUID=514a2e68-35f0-4c50-97b9-a7f344dd70d0, command=[]} | ret=SUCCESS |  
2019-09-05 03:28:55,744 | INFO  | SCMAudit | user=jenkins1000 | ip=192.168.34.53 | op=SEND_HEARTBEAT {datanodeUUID=d5831d47-7264-4585-8f97-4cba7bdc2965, command=[]} | ret=SUCCESS |  
2019-09-05 03:28:56,089 | INFO  | SCMAudit | user=jenkins1000 | ip=192.168.34.53 | op=SEND_HEARTBEAT {datanodeUUID=56431364-4f3b-4c40-806d-c9164d34aa1e, command=[]} | ret=SUCCESS |  
2019-09-05 03:28:56,310 | INFO  | SCMAudit | user=jenkins1000 | ip=192.168.34.53 | op=SEND_HEARTBEAT {datanodeUUID=3ae5d83c-115d-493e-a141-01bd711a0fb1, command=[]} | ret=SUCCESS |  
2019-09-05 03:28:56,347 | INFO  | SCMAudit | user=jenkins1000 | ip=192.168.34.53 | op=SEND_HEARTBEAT {datanodeUUID=09804a23-7f5e-4639-98b0-dd8aac3c1a3d, command=[]} | ret=SUCCESS |  
2019-09-05 03:28:56,382 | INFO  | SCMAudit | user=jenkins1000 | ip=192.168.34.53 | op=SEND_HEARTBEAT {datanodeUUID=838608ba-8b7b-40e1-8b89-0ac8f38cbb42, command=[]} | ret=SUCCESS |  
2019-09-05 03:28:56,399 | INFO  | SCMAudit | user=jenkins1000 | ip=192.168.34.53 | op=SEND_HEARTBEAT {datanodeUUID=f8e72f0f-27ad-4da0-a4ac-f742e69d6053, command=[]} | ret=SUCCESS |  
2019-09-05 03:28:56,513 | INFO  | SCMAudit | user=jenkins1000 | ip=192.168.34.53 | op=SEND_HEARTBEAT {datanodeUUID=514a2e68-35f0-4c50-97b9-a7f344dd70d0, command=[]} | ret=SUCCESS |  
2019-09-05 03:28:56,744 | INFO  | SCMAudit | user=jenkins1000 | ip=192.168.34.53 | op=SEND_HEARTBEAT {datanodeUUID=d5831d47-7264-4585-8f97-4cba7bdc2965, command=[]} | ret=SUCCESS |  
2019-09-05 03:28:57,042 [grpc-default-executor-3] INFO  client.GrpcClientProtocolClient (GrpcClientProtocolClient.java:onNext(255)) - client-D63F27167560->09804a23-7f5e-4639-98b0-dd8aac3c1a3d: receive RaftClientReply:client-D63F27167560->09804a23-7f5e-4639-98b0-dd8aac3c1a3d@group-6FC1333E43B6, cid=44, FAILED org.apache.ratis.protocol.NotLeaderException: Server 09804a23-7f5e-4639-98b0-dd8aac3c1a3d is not the leader (838608ba-8b7b-40e1-8b89-0ac8f38cbb42:192.168.34.53:41281). Request must be sent to leader., logIndex=0, commits[09804a23-7f5e-4639-98b0-dd8aac3c1a3d:c8, 838608ba-8b7b-40e1-8b89-0ac8f38cbb42:c8, f8e72f0f-27ad-4da0-a4ac-f742e69d6053:c8]
2019-09-05 03:28:57,088 | INFO  | SCMAudit | user=jenkins1000 | ip=192.168.34.53 | op=SEND_HEARTBEAT {datanodeUUID=56431364-4f3b-4c40-806d-c9164d34aa1e, command=[]} | ret=SUCCESS |  
2019-09-05 03:28:57,311 | INFO  | SCMAudit | user=jenkins1000 | ip=192.168.34.53 | op=SEND_HEARTBEAT {datanodeUUID=3ae5d83c-115d-493e-a141-01bd711a0fb1, command=[]} | ret=SUCCESS |  
2019-09-05 03:28:57,347 | INFO  | SCMAudit | user=jenkins1000 | ip=192.168.34.53 | op=SEND_HEARTBEAT {datanodeUUID=09804a23-7f5e-4639-98b0-dd8aac3c1a3d, command=[]} | ret=SUCCESS |  
2019-09-05 03:28:57,383 | INFO  | SCMAudit | user=jenkins1000 | ip=192.168.34.53 | op=SEND_HEARTBEAT {datanodeUUID=838608ba-8b7b-40e1-8b89-0ac8f38cbb42, command=[]} | ret=SUCCESS |  
2019-09-05 03:28:57,400 | INFO  | SCMAudit | user=jenkins1000 | ip=192.168.34.53 | op=SEND_HEARTBEAT {datanodeUUID=f8e72f0f-27ad-4da0-a4ac-f742e69d6053, command=[]} | ret=SUCCESS |  
2019-09-05 03:28:57,513 | INFO  | SCMAudit | user=jenkins1000 | ip=192.168.34.53 | op=SEND_HEARTBEAT {datanodeUUID=514a2e68-35f0-4c50-97b9-a7f344dd70d0, command=[]} | ret=SUCCESS |  
2019-09-05 03:28:57,745 | INFO  | SCMAudit | user=jenkins1000 | ip=192.168.34.53 | op=SEND_HEARTBEAT {datanodeUUID=d5831d47-7264-4585-8f97-4cba7bdc2965, command=[]} | ret=SUCCESS |  
2019-09-05 03:28:58,089 | INFO  | SCMAudit | user=jenkins1000 | ip=192.168.34.53 | op=SEND_HEARTBEAT {datanodeUUID=56431364-4f3b-4c40-806d-c9164d34aa1e, command=[]} | ret=SUCCESS |  
2019-09-05 03:28:58,311 | INFO  | SCMAudit | user=jenkins1000 | ip=192.168.34.53 | op=SEND_HEARTBEAT {datanodeUUID=3ae5d83c-115d-493e-a141-01bd711a0fb1, command=[]} | ret=SUCCESS |  
2019-09-05 03:28:58,348 | INFO  | SCMAudit | user=jenkins1000 | ip=192.168.34.53 | op=SEND_HEARTBEAT {datanodeUUID=09804a23-7f5e-4639-98b0-dd8aac3c1a3d, command=[]} | ret=SUCCESS |  
2019-09-05 03:28:58,383 | INFO  | SCMAudit | user=jenkins1000 | ip=192.168.34.53 | op=SEND_HEARTBEAT {datanodeUUID=838608ba-8b7b-40e1-8b89-0ac8f38cbb42, command=[]} | ret=SUCCESS |  
2019-09-05 03:28:58,400 | INFO  | SCMAudit | user=jenkins1000 | ip=192.168.34.53 | op=SEND_HEARTBEAT {datanodeUUID=f8e72f0f-27ad-4da0-a4ac-f742e69d6053, command=[]} | ret=SUCCESS |  
2019-09-05 03:28:58,513 | INFO  | SCMAudit | user=jenkins1000 | ip=192.168.34.53 | op=SEND_HEARTBEAT {datanodeUUID=514a2e68-35f0-4c50-97b9-a7f344dd70d0, command=[]} | ret=SUCCESS |  
2019-09-05 03:28:58,745 | INFO  | SCMAudit | user=jenkins1000 | ip=192.168.34.53 | op=SEND_HEARTBEAT {datanodeUUID=d5831d47-7264-4585-8f97-4cba7bdc2965, command=[]} | ret=SUCCESS |  
2019-09-05 03:28:59,089 | INFO  | SCMAudit | user=jenkins1000 | ip=192.168.34.53 | op=SEND_HEARTBEAT {datanodeUUID=56431364-4f3b-4c40-806d-c9164d34aa1e, command=[]} | ret=SUCCESS |  
2019-09-05 03:28:59,312 | INFO  | SCMAudit | user=jenkins1000 | ip=192.168.34.53 | op=SEND_HEARTBEAT {datanodeUUID=3ae5d83c-115d-493e-a141-01bd711a0fb1, command=[]} | ret=SUCCESS |  
2019-09-05 03:28:59,349 | INFO  | SCMAudit | user=jenkins1000 | ip=192.168.34.53 | op=SEND_HEARTBEAT {datanodeUUID=09804a23-7f5e-4639-98b0-dd8aac3c1a3d, command=[]} | ret=SUCCESS |  
2019-09-05 03:28:59,383 | INFO  | SCMAudit | user=jenkins1000 | ip=192.168.34.53 | op=SEND_HEARTBEAT {datanodeUUID=838608ba-8b7b-40e1-8b89-0ac8f38cbb42, command=[]} | ret=SUCCESS |  
2019-09-05 03:28:59,401 | INFO  | SCMAudit | user=jenkins1000 | ip=192.168.34.53 | op=SEND_HEARTBEAT {datanodeUUID=f8e72f0f-27ad-4da0-a4ac-f742e69d6053, command=[]} | ret=SUCCESS |  
2019-09-05 03:28:59,514 | INFO  | SCMAudit | user=jenkins1000 | ip=192.168.34.53 | op=SEND_HEARTBEAT {datanodeUUID=514a2e68-35f0-4c50-97b9-a7f344dd70d0, command=[]} | ret=SUCCESS |  
2019-09-05 03:28:59,745 | INFO  | SCMAudit | user=jenkins1000 | ip=192.168.34.53 | op=SEND_HEARTBEAT {datanodeUUID=d5831d47-7264-4585-8f97-4cba7bdc2965, command=[]} | ret=SUCCESS |  
2019-09-05 03:29:00,090 | INFO  | SCMAudit | user=jenkins1000 | ip=192.168.34.53 | op=SEND_HEARTBEAT {datanodeUUID=56431364-4f3b-4c40-806d-c9164d34aa1e, command=[]} | ret=SUCCESS |  
2019-09-05 03:29:00,310 | INFO  | SCMAudit | user=jenkins1000 | ip=192.168.34.53 | op=SEND_HEARTBEAT {datanodeUUID=3ae5d83c-115d-493e-a141-01bd711a0fb1, command=[]} | ret=SUCCESS |  
2019-09-05 03:29:00,349 | INFO  | SCMAudit | user=jenkins1000 | ip=192.168.34.53 | op=SEND_HEARTBEAT {datanodeUUID=09804a23-7f5e-4639-98b0-dd8aac3c1a3d, command=[]} | ret=SUCCESS |  
2019-09-05 03:29:00,384 | INFO  | SCMAudit | user=jenkins1000 | ip=192.168.34.53 | op=SEND_HEARTBEAT {datanodeUUID=838608ba-8b7b-40e1-8b89-0ac8f38cbb42, command=[]} | ret=SUCCESS |  
2019-09-05 03:29:00,401 | INFO  | SCMAudit | user=jenkins1000 | ip=192.168.34.53 | op=SEND_HEARTBEAT {datanodeUUID=f8e72f0f-27ad-4da0-a4ac-f742e69d6053, command=[]} | ret=SUCCESS |  
2019-09-05 03:29:00,513 | INFO  | SCMAudit | user=jenkins1000 | ip=192.168.34.53 | op=SEND_HEARTBEAT {datanodeUUID=514a2e68-35f0-4c50-97b9-a7f344dd70d0, command=[]} | ret=SUCCESS |  
2019-09-05 03:29:00,745 | INFO  | SCMAudit | user=jenkins1000 | ip=192.168.34.53 | op=SEND_HEARTBEAT {datanodeUUID=d5831d47-7264-4585-8f97-4cba7bdc2965, command=[]} | ret=SUCCESS |  
2019-09-05 03:29:01,089 | INFO  | SCMAudit | user=jenkins1000 | ip=192.168.34.53 | op=SEND_HEARTBEAT {datanodeUUID=56431364-4f3b-4c40-806d-c9164d34aa1e, command=[]} | ret=SUCCESS |  
2019-09-05 03:29:01,311 | INFO  | SCMAudit | user=jenkins1000 | ip=192.168.34.53 | op=SEND_HEARTBEAT {datanodeUUID=3ae5d83c-115d-493e-a141-01bd711a0fb1, command=[]} | ret=SUCCESS |  
2019-09-05 03:29:01,349 | INFO  | SCMAudit | user=jenkins1000 | ip=192.168.34.53 | op=SEND_HEARTBEAT {datanodeUUID=09804a23-7f5e-4639-98b0-dd8aac3c1a3d, command=[]} | ret=SUCCESS |  
2019-09-05 03:29:01,383 | INFO  | SCMAudit | user=jenkins1000 | ip=192.168.34.53 | op=SEND_HEARTBEAT {datanodeUUID=838608ba-8b7b-40e1-8b89-0ac8f38cbb42, command=[]} | ret=SUCCESS |  
2019-09-05 03:29:01,402 | INFO  | SCMAudit | user=jenkins1000 | ip=192.168.34.53 | op=SEND_HEARTBEAT {datanodeUUID=f8e72f0f-27ad-4da0-a4ac-f742e69d6053, command=[]} | ret=SUCCESS |  
2019-09-05 03:29:01,513 | INFO  | SCMAudit | user=jenkins1000 | ip=192.168.34.53 | op=SEND_HEARTBEAT {datanodeUUID=514a2e68-35f0-4c50-97b9-a7f344dd70d0, command=[]} | ret=SUCCESS |  
2019-09-05 03:29:01,746 | INFO  | SCMAudit | user=jenkins1000 | ip=192.168.34.53 | op=SEND_HEARTBEAT {datanodeUUID=d5831d47-7264-4585-8f97-4cba7bdc2965, command=[]} | ret=SUCCESS |  
2019-09-05 03:29:02,086 [grpc-default-executor-0] INFO  client.GrpcClientProtocolClient (GrpcClientProtocolClient.java:onNext(255)) - client-D63F27167560->f8e72f0f-27ad-4da0-a4ac-f742e69d6053: receive RaftClientReply:client-D63F27167560->f8e72f0f-27ad-4da0-a4ac-f742e69d6053@group-6FC1333E43B6, cid=44, FAILED org.apache.ratis.protocol.NotLeaderException: Server f8e72f0f-27ad-4da0-a4ac-f742e69d6053 is not the leader (838608ba-8b7b-40e1-8b89-0ac8f38cbb42:192.168.34.53:41281). Request must be sent to leader., logIndex=0, commits[f8e72f0f-27ad-4da0-a4ac-f742e69d6053:c8, 838608ba-8b7b-40e1-8b89-0ac8f38cbb42:c8, 09804a23-7f5e-4639-98b0-dd8aac3c1a3d:c8]
2019-09-05 03:29:02,098 | INFO  | SCMAudit | user=jenkins1000 | ip=192.168.34.53 | op=SEND_HEARTBEAT {datanodeUUID=56431364-4f3b-4c40-806d-c9164d34aa1e, command=[]} | ret=SUCCESS |  
2019-09-05 03:29:02,310 | INFO  | SCMAudit | user=jenkins1000 | ip=192.168.34.53 | op=SEND_HEARTBEAT {datanodeUUID=3ae5d83c-115d-493e-a141-01bd711a0fb1, command=[]} | ret=SUCCESS |  
2019-09-05 03:29:02,350 | INFO  | SCMAudit | user=jenkins1000 | ip=192.168.34.53 | op=SEND_HEARTBEAT {datanodeUUID=09804a23-7f5e-4639-98b0-dd8aac3c1a3d, command=[]} | ret=SUCCESS |  
2019-09-05 03:29:02,383 | INFO  | SCMAudit | user=jenkins1000 | ip=192.168.34.53 | op=SEND_HEARTBEAT {datanodeUUID=838608ba-8b7b-40e1-8b89-0ac8f38cbb42, command=[]} | ret=SUCCESS |  
2019-09-05 03:29:02,403 | INFO  | SCMAudit | user=jenkins1000 | ip=192.168.34.53 | op=SEND_HEARTBEAT {datanodeUUID=f8e72f0f-27ad-4da0-a4ac-f742e69d6053, command=[]} | ret=SUCCESS |  
2019-09-05 03:29:02,514 | INFO  | SCMAudit | user=jenkins1000 | ip=192.168.34.53 | op=SEND_HEARTBEAT {datanodeUUID=514a2e68-35f0-4c50-97b9-a7f344dd70d0, command=[]} | ret=SUCCESS |  
2019-09-05 03:29:02,746 | INFO  | SCMAudit | user=jenkins1000 | ip=192.168.34.53 | op=SEND_HEARTBEAT {datanodeUUID=d5831d47-7264-4585-8f97-4cba7bdc2965, command=[]} | ret=SUCCESS |  
2019-09-05 03:29:03,090 | INFO  | SCMAudit | user=jenkins1000 | ip=192.168.34.53 | op=SEND_HEARTBEAT {datanodeUUID=56431364-4f3b-4c40-806d-c9164d34aa1e, command=[]} | ret=SUCCESS |  
2019-09-05 03:29:03,311 | INFO  | SCMAudit | user=jenkins1000 | ip=192.168.34.53 | op=SEND_HEARTBEAT {datanodeUUID=3ae5d83c-115d-493e-a141-01bd711a0fb1, command=[]} | ret=SUCCESS |  
2019-09-05 03:29:03,349 | INFO  | SCMAudit | user=jenkins1000 | ip=192.168.34.53 | op=SEND_HEARTBEAT {datanodeUUID=09804a23-7f5e-4639-98b0-dd8aac3c1a3d, command=[]} | ret=SUCCESS |  
2019-09-05 03:29:03,383 | INFO  | SCMAudit | user=jenkins1000 | ip=192.168.34.53 | op=SEND_HEARTBEAT {datanodeUUID=838608ba-8b7b-40e1-8b89-0ac8f38cbb42, command=[]} | ret=SUCCESS |  
2019-09-05 03:29:03,403 | INFO  | SCMAudit | user=jenkins1000 | ip=192.168.34.53 | op=SEND_HEARTBEAT {datanodeUUID=f8e72f0f-27ad-4da0-a4ac-f742e69d6053, command=[]} | ret=SUCCESS |  
2019-09-05 03:29:03,513 | INFO  | SCMAudit | user=jenkins1000 | ip=192.168.34.53 | op=SEND_HEARTBEAT {datanodeUUID=514a2e68-35f0-4c50-97b9-a7f344dd70d0, command=[]} | ret=SUCCESS |  
2019-09-05 03:29:03,747 | INFO  | SCMAudit | user=jenkins1000 | ip=192.168.34.53 | op=SEND_HEARTBEAT {datanodeUUID=d5831d47-7264-4585-8f97-4cba7bdc2965, command=[]} | ret=SUCCESS |  
2019-09-05 03:29:04,089 | INFO  | SCMAudit | user=jenkins1000 | ip=192.168.34.53 | op=SEND_HEARTBEAT {datanodeUUID=56431364-4f3b-4c40-806d-c9164d34aa1e, command=[]} | ret=SUCCESS |  
2019-09-05 03:29:04,311 | INFO  | SCMAudit | user=jenkins1000 | ip=192.168.34.53 | op=SEND_HEARTBEAT {datanodeUUID=3ae5d83c-115d-493e-a141-01bd711a0fb1, command=[]} | ret=SUCCESS |  
2019-09-05 03:29:04,349 | INFO  | SCMAudit | user=jenkins1000 | ip=192.168.34.53 | op=SEND_HEARTBEAT {datanodeUUID=09804a23-7f5e-4639-98b0-dd8aac3c1a3d, command=[]} | ret=SUCCESS |  
2019-09-05 03:29:04,383 | INFO  | SCMAudit | user=jenkins1000 | ip=192.168.34.53 | op=SEND_HEARTBEAT {datanodeUUID=838608ba-8b7b-40e1-8b89-0ac8f38cbb42, command=[]} | ret=SUCCESS |  
2019-09-05 03:29:04,404 | INFO  | SCMAudit | user=jenkins1000 | ip=192.168.34.53 | op=SEND_HEARTBEAT {datanodeUUID=f8e72f0f-27ad-4da0-a4ac-f742e69d6053, command=[]} | ret=SUCCESS |  
2019-09-05 03:29:04,513 | INFO  | SCMAudit | user=jenkins1000 | ip=192.168.34.53 | op=SEND_HEARTBEAT {datanodeUUID=514a2e68-35f0-4c50-97b9-a7f344dd70d0, command=[]} | ret=SUCCESS |  
2019-09-05 03:29:04,747 | INFO  | SCMAudit | user=jenkins1000 | ip=192.168.34.53 | op=SEND_HEARTBEAT {datanodeUUID=d5831d47-7264-4585-8f97-4cba7bdc2965, command=[]} | ret=SUCCESS |  
2019-09-05 03:29:05,089 | INFO  | SCMAudit | user=jenkins1000 | ip=192.168.34.53 | op=SEND_HEARTBEAT {datanodeUUID=56431364-4f3b-4c40-806d-c9164d34aa1e, command=[]} | ret=SUCCESS |  
2019-09-05 03:29:05,310 | INFO  | SCMAudit | user=jenkins1000 | ip=192.168.34.53 | op=SEND_HEARTBEAT {datanodeUUID=3ae5d83c-115d-493e-a141-01bd711a0fb1, command=[]} | ret=SUCCESS |  
2019-09-05 03:29:05,350 | INFO  | SCMAudit | user=jenkins1000 | ip=192.168.34.53 | op=SEND_HEARTBEAT {datanodeUUID=09804a23-7f5e-4639-98b0-dd8aac3c1a3d, command=[]} | ret=SUCCESS |  
2019-09-05 03:29:05,383 | INFO  | SCMAudit | user=jenkins1000 | ip=192.168.34.53 | op=SEND_HEARTBEAT {datanodeUUID=838608ba-8b7b-40e1-8b89-0ac8f38cbb42, command=[]} | ret=SUCCESS |  
2019-09-05 03:29:05,404 | INFO  | SCMAudit | user=jenkins1000 | ip=192.168.34.53 | op=SEND_HEARTBEAT {datanodeUUID=f8e72f0f-27ad-4da0-a4ac-f742e69d6053, command=[]} | ret=SUCCESS |  
2019-09-05 03:29:05,514 | INFO  | SCMAudit | user=jenkins1000 | ip=192.168.34.53 | op=SEND_HEARTBEAT {datanodeUUID=514a2e68-35f0-4c50-97b9-a7f344dd70d0, command=[]} | ret=SUCCESS |  
2019-09-05 03:29:05,746 | INFO  | SCMAudit | user=jenkins1000 | ip=192.168.34.53 | op=SEND_HEARTBEAT {datanodeUUID=d5831d47-7264-4585-8f97-4cba7bdc2965, command=[]} | ret=SUCCESS |  
2019-09-05 03:29:06,090 | INFO  | SCMAudit | user=jenkins1000 | ip=192.168.34.53 | op=SEND_HEARTBEAT {datanodeUUID=56431364-4f3b-4c40-806d-c9164d34aa1e, command=[]} | ret=SUCCESS |  
2019-09-05 03:29:06,311 | INFO  | SCMAudit | user=jenkins1000 | ip=192.168.34.53 | op=SEND_HEARTBEAT {datanodeUUID=3ae5d83c-115d-493e-a141-01bd711a0fb1, command=[]} | ret=SUCCESS |  
2019-09-05 03:29:06,350 | INFO  | SCMAudit | user=jenkins1000 | ip=192.168.34.53 | op=SEND_HEARTBEAT {datanodeUUID=09804a23-7f5e-4639-98b0-dd8aac3c1a3d, command=[]} | ret=SUCCESS |  
2019-09-05 03:29:06,383 | INFO  | SCMAudit | user=jenkins1000 | ip=192.168.34.53 | op=SEND_HEARTBEAT {datanodeUUID=838608ba-8b7b-40e1-8b89-0ac8f38cbb42, command=[]} | ret=SUCCESS |  
2019-09-05 03:29:06,404 | INFO  | SCMAudit | user=jenkins1000 | ip=192.168.34.53 | op=SEND_HEARTBEAT {datanodeUUID=f8e72f0f-27ad-4da0-a4ac-f742e69d6053, command=[]} | ret=SUCCESS |  
2019-09-05 03:29:06,514 | INFO  | SCMAudit | user=jenkins1000 | ip=192.168.34.53 | op=SEND_HEARTBEAT {datanodeUUID=514a2e68-35f0-4c50-97b9-a7f344dd70d0, command=[]} | ret=SUCCESS |  
2019-09-05 03:29:06,746 | INFO  | SCMAudit | user=jenkins1000 | ip=192.168.34.53 | op=SEND_HEARTBEAT {datanodeUUID=d5831d47-7264-4585-8f97-4cba7bdc2965, command=[]} | ret=SUCCESS |  
2019-09-05 03:29:07,090 | INFO  | SCMAudit | user=jenkins1000 | ip=192.168.34.53 | op=SEND_HEARTBEAT {datanodeUUID=56431364-4f3b-4c40-806d-c9164d34aa1e, command=[]} | ret=SUCCESS |  
2019-09-05 03:29:07,125 [grpc-default-executor-0] INFO  client.GrpcClientProtocolClient (GrpcClientProtocolClient.java:onNext(255)) - client-D63F27167560->09804a23-7f5e-4639-98b0-dd8aac3c1a3d: receive RaftClientReply:client-D63F27167560->09804a23-7f5e-4639-98b0-dd8aac3c1a3d@group-6FC1333E43B6, cid=44, FAILED org.apache.ratis.protocol.NotLeaderException: Server 09804a23-7f5e-4639-98b0-dd8aac3c1a3d is not the leader (838608ba-8b7b-40e1-8b89-0ac8f38cbb42:192.168.34.53:41281). Request must be sent to leader., logIndex=0, commits[09804a23-7f5e-4639-98b0-dd8aac3c1a3d:c8, 838608ba-8b7b-40e1-8b89-0ac8f38cbb42:c8, f8e72f0f-27ad-4da0-a4ac-f742e69d6053:c8]
2019-09-05 03:29:07,311 | INFO  | SCMAudit | user=jenkins1000 | ip=192.168.34.53 | op=SEND_HEARTBEAT {datanodeUUID=3ae5d83c-115d-493e-a141-01bd711a0fb1, command=[]} | ret=SUCCESS |  
2019-09-05 03:29:07,350 | INFO  | SCMAudit | user=jenkins1000 | ip=192.168.34.53 | op=SEND_HEARTBEAT {datanodeUUID=09804a23-7f5e-4639-98b0-dd8aac3c1a3d, command=[]} | ret=SUCCESS |  
2019-09-05 03:29:07,383 | INFO  | SCMAudit | user=jenkins1000 | ip=192.168.34.53 | op=SEND_HEARTBEAT {datanodeUUID=838608ba-8b7b-40e1-8b89-0ac8f38cbb42, command=[]} | ret=SUCCESS |  
2019-09-05 03:29:07,404 | INFO  | SCMAudit | user=jenkins1000 | ip=192.168.34.53 | op=SEND_HEARTBEAT {datanodeUUID=f8e72f0f-27ad-4da0-a4ac-f742e69d6053, command=[]} | ret=SUCCESS |  
2019-09-05 03:29:07,514 | INFO  | SCMAudit | user=jenkins1000 | ip=192.168.34.53 | op=SEND_HEARTBEAT {datanodeUUID=514a2e68-35f0-4c50-97b9-a7f344dd70d0, command=[]} | ret=SUCCESS |  
2019-09-05 03:29:07,747 | INFO  | SCMAudit | user=jenkins1000 | ip=192.168.34.53 | op=SEND_HEARTBEAT {datanodeUUID=d5831d47-7264-4585-8f97-4cba7bdc2965, command=[]} | ret=SUCCESS |  
2019-09-05 03:29:08,090 | INFO  | SCMAudit | user=jenkins1000 | ip=192.168.34.53 | op=SEND_HEARTBEAT {datanodeUUID=56431364-4f3b-4c40-806d-c9164d34aa1e, command=[]} | ret=SUCCESS |  
2019-09-05 03:29:08,310 | INFO  | SCMAudit | user=jenkins1000 | ip=192.168.34.53 | op=SEND_HEARTBEAT {datanodeUUID=3ae5d83c-115d-493e-a141-01bd711a0fb1, command=[]} | ret=SUCCESS |  
2019-09-05 03:29:08,350 | INFO  | SCMAudit | user=jenkins1000 | ip=192.168.34.53 | op=SEND_HEARTBEAT {datanodeUUID=09804a23-7f5e-4639-98b0-dd8aac3c1a3d, command=[]} | ret=SUCCESS |  
2019-09-05 03:29:08,383 | INFO  | SCMAudit | user=jenkins1000 | ip=192.168.34.53 | op=SEND_HEARTBEAT {datanodeUUID=838608ba-8b7b-40e1-8b89-0ac8f38cbb42, command=[]} | ret=SUCCESS |  
2019-09-05 03:29:08,404 | INFO  | SCMAudit | user=jenkins1000 | ip=192.168.34.53 | op=SEND_HEARTBEAT {datanodeUUID=f8e72f0f-27ad-4da0-a4ac-f742e69d6053, command=[]} | ret=SUCCESS |  
2019-09-05 03:29:08,514 | INFO  | SCMAudit | user=jenkins1000 | ip=192.168.34.53 | op=SEND_HEARTBEAT {datanodeUUID=514a2e68-35f0-4c50-97b9-a7f344dd70d0, command=[]} | ret=SUCCESS |  
2019-09-05 03:29:08,747 | INFO  | SCMAudit | user=jenkins1000 | ip=192.168.34.53 | op=SEND_HEARTBEAT {datanodeUUID=d5831d47-7264-4585-8f97-4cba7bdc2965, command=[]} | ret=SUCCESS |  
2019-09-05 03:29:09,091 | INFO  | SCMAudit | user=jenkins1000 | ip=192.168.34.53 | op=SEND_HEARTBEAT {datanodeUUID=56431364-4f3b-4c40-806d-c9164d34aa1e, command=[]} | ret=SUCCESS |  
2019-09-05 03:29:09,310 | INFO  | SCMAudit | user=jenkins1000 | ip=192.168.34.53 | op=SEND_HEARTBEAT {datanodeUUID=3ae5d83c-115d-493e-a141-01bd711a0fb1, command=[]} | ret=SUCCESS |  
2019-09-05 03:29:09,350 | INFO  | SCMAudit | user=jenkins1000 | ip=192.168.34.53 | op=SEND_HEARTBEAT {datanodeUUID=09804a23-7f5e-4639-98b0-dd8aac3c1a3d, command=[]} | ret=SUCCESS |  
2019-09-05 03:29:09,383 | INFO  | SCMAudit | user=jenkins1000 | ip=192.168.34.53 | op=SEND_HEARTBEAT {datanodeUUID=838608ba-8b7b-40e1-8b89-0ac8f38cbb42, command=[]} | ret=SUCCESS |  
2019-09-05 03:29:09,404 | INFO  | SCMAudit | user=jenkins1000 | ip=192.168.34.53 | op=SEND_HEARTBEAT {datanodeUUID=f8e72f0f-27ad-4da0-a4ac-f742e69d6053, command=[]} | ret=SUCCESS |  
2019-09-05 03:29:09,514 | INFO  | SCMAudit | user=jenkins1000 | ip=192.168.34.53 | op=SEND_HEARTBEAT {datanodeUUID=514a2e68-35f0-4c50-97b9-a7f344dd70d0, command=[]} | ret=SUCCESS |  
2019-09-05 03:29:09,747 | INFO  | SCMAudit | user=jenkins1000 | ip=192.168.34.53 | op=SEND_HEARTBEAT {datanodeUUID=d5831d47-7264-4585-8f97-4cba7bdc2965, command=[]} | ret=SUCCESS |  
2019-09-05 03:29:10,091 | INFO  | SCMAudit | user=jenkins1000 | ip=192.168.34.53 | op=SEND_HEARTBEAT {datanodeUUID=56431364-4f3b-4c40-806d-c9164d34aa1e, command=[]} | ret=SUCCESS |  
2019-09-05 03:29:10,311 | INFO  | SCMAudit | user=jenkins1000 | ip=192.168.34.53 | op=SEND_HEARTBEAT {datanodeUUID=3ae5d83c-115d-493e-a141-01bd711a0fb1, command=[]} | ret=SUCCESS |  
2019-09-05 03:29:10,350 | INFO  | SCMAudit | user=jenkins1000 | ip=192.168.34.53 | op=SEND_HEARTBEAT {datanodeUUID=09804a23-7f5e-4639-98b0-dd8aac3c1a3d, command=[]} | ret=SUCCESS |  
2019-09-05 03:29:10,383 | INFO  | SCMAudit | user=jenkins1000 | ip=192.168.34.53 | op=SEND_HEARTBEAT {datanodeUUID=838608ba-8b7b-40e1-8b89-0ac8f38cbb42, command=[]} | ret=SUCCESS |  
2019-09-05 03:29:10,404 | INFO  | SCMAudit | user=jenkins1000 | ip=192.168.34.53 | op=SEND_HEARTBEAT {datanodeUUID=f8e72f0f-27ad-4da0-a4ac-f742e69d6053, command=[]} | ret=SUCCESS |  
2019-09-05 03:29:10,514 | INFO  | SCMAudit | user=jenkins1000 | ip=192.168.34.53 | op=SEND_HEARTBEAT {datanodeUUID=514a2e68-35f0-4c50-97b9-a7f344dd70d0, command=[]} | ret=SUCCESS |  
2019-09-05 03:29:10,747 | INFO  | SCMAudit | user=jenkins1000 | ip=192.168.34.53 | op=SEND_HEARTBEAT {datanodeUUID=d5831d47-7264-4585-8f97-4cba7bdc2965, command=[]} | ret=SUCCESS |  
2019-09-05 03:29:11,091 | INFO  | SCMAudit | user=jenkins1000 | ip=192.168.34.53 | op=SEND_HEARTBEAT {datanodeUUID=56431364-4f3b-4c40-806d-c9164d34aa1e, command=[]} | ret=SUCCESS |  
2019-09-05 03:29:11,311 | INFO  | SCMAudit | user=jenkins1000 | ip=192.168.34.53 | op=SEND_HEARTBEAT {datanodeUUID=3ae5d83c-115d-493e-a141-01bd711a0fb1, command=[]} | ret=SUCCESS |  
2019-09-05 03:29:11,351 | INFO  | SCMAudit | user=jenkins1000 | ip=192.168.34.53 | op=SEND_HEARTBEAT {datanodeUUID=09804a23-7f5e-4639-98b0-dd8aac3c1a3d, command=[]} | ret=SUCCESS |  
2019-09-05 03:29:11,383 | INFO  | SCMAudit | user=jenkins1000 | ip=192.168.34.53 | op=SEND_HEARTBEAT {datanodeUUID=838608ba-8b7b-40e1-8b89-0ac8f38cbb42, command=[]} | ret=SUCCESS |  
2019-09-05 03:29:11,405 | INFO  | SCMAudit | user=jenkins1000 | ip=192.168.34.53 | op=SEND_HEARTBEAT {datanodeUUID=f8e72f0f-27ad-4da0-a4ac-f742e69d6053, command=[]} | ret=SUCCESS |  
2019-09-05 03:29:11,514 | INFO  | SCMAudit | user=jenkins1000 | ip=192.168.34.53 | op=SEND_HEARTBEAT {datanodeUUID=514a2e68-35f0-4c50-97b9-a7f344dd70d0, command=[]} | ret=SUCCESS |  
2019-09-05 03:29:11,747 | INFO  | SCMAudit | user=jenkins1000 | ip=192.168.34.53 | op=SEND_HEARTBEAT {datanodeUUID=d5831d47-7264-4585-8f97-4cba7bdc2965, command=[]} | ret=SUCCESS |  
2019-09-05 03:29:12,092 | INFO  | SCMAudit | user=jenkins1000 | ip=192.168.34.53 | op=SEND_HEARTBEAT {datanodeUUID=56431364-4f3b-4c40-806d-c9164d34aa1e, command=[]} | ret=SUCCESS |  
2019-09-05 03:29:12,163 [grpc-default-executor-0] INFO  client.GrpcClientProtocolClient (GrpcClientProtocolClient.java:onNext(255)) - client-D63F27167560->f8e72f0f-27ad-4da0-a4ac-f742e69d6053: receive RaftClientReply:client-D63F27167560->f8e72f0f-27ad-4da0-a4ac-f742e69d6053@group-6FC1333E43B6, cid=44, FAILED org.apache.ratis.protocol.NotLeaderException: Server f8e72f0f-27ad-4da0-a4ac-f742e69d6053 is not the leader (838608ba-8b7b-40e1-8b89-0ac8f38cbb42:192.168.34.53:41281). Request must be sent to leader., logIndex=0, commits[f8e72f0f-27ad-4da0-a4ac-f742e69d6053:c8, 838608ba-8b7b-40e1-8b89-0ac8f38cbb42:c8, 09804a23-7f5e-4639-98b0-dd8aac3c1a3d:c8]
2019-09-05 03:29:12,312 | INFO  | SCMAudit | user=jenkins1000 | ip=192.168.34.53 | op=SEND_HEARTBEAT {datanodeUUID=3ae5d83c-115d-493e-a141-01bd711a0fb1, command=[]} | ret=SUCCESS |  
2019-09-05 03:29:12,351 | INFO  | SCMAudit | user=jenkins1000 | ip=192.168.34.53 | op=SEND_HEARTBEAT {datanodeUUID=09804a23-7f5e-4639-98b0-dd8aac3c1a3d, command=[]} | ret=SUCCESS |  
2019-09-05 03:29:12,383 | INFO  | SCMAudit | user=jenkins1000 | ip=192.168.34.53 | op=SEND_HEARTBEAT {datanodeUUID=838608ba-8b7b-40e1-8b89-0ac8f38cbb42, command=[]} | ret=SUCCESS |  
2019-09-05 03:29:12,405 | INFO  | SCMAudit | user=jenkins1000 | ip=192.168.34.53 | op=SEND_HEARTBEAT {datanodeUUID=f8e72f0f-27ad-4da0-a4ac-f742e69d6053, command=[]} | ret=SUCCESS |  
2019-09-05 03:29:12,515 | INFO  | SCMAudit | user=jenkins1000 | ip=192.168.34.53 | op=SEND_HEARTBEAT {datanodeUUID=514a2e68-35f0-4c50-97b9-a7f344dd70d0, command=[]} | ret=SUCCESS |  
2019-09-05 03:29:12,748 | INFO  | SCMAudit | user=jenkins1000 | ip=192.168.34.53 | op=SEND_HEARTBEAT {datanodeUUID=d5831d47-7264-4585-8f97-4cba7bdc2965, command=[]} | ret=SUCCESS |  
2019-09-05 03:29:13,091 | INFO  | SCMAudit | user=jenkins1000 | ip=192.168.34.53 | op=SEND_HEARTBEAT {datanodeUUID=56431364-4f3b-4c40-806d-c9164d34aa1e, command=[]} | ret=SUCCESS |  
2019-09-05 03:29:13,311 | INFO  | SCMAudit | user=jenkins1000 | ip=192.168.34.53 | op=SEND_HEARTBEAT {datanodeUUID=3ae5d83c-115d-493e-a141-01bd711a0fb1, command=[]} | ret=SUCCESS |  
2019-09-05 03:29:13,351 | INFO  | SCMAudit | user=jenkins1000 | ip=192.168.34.53 | op=SEND_HEARTBEAT {datanodeUUID=09804a23-7f5e-4639-98b0-dd8aac3c1a3d, command=[]} | ret=SUCCESS |  
2019-09-05 03:29:13,384 | INFO  | SCMAudit | user=jenkins1000 | ip=192.168.34.53 | op=SEND_HEARTBEAT {datanodeUUID=838608ba-8b7b-40e1-8b89-0ac8f38cbb42, command=[]} | ret=SUCCESS |  
2019-09-05 03:29:13,405 | INFO  | SCMAudit | user=jenkins1000 | ip=192.168.34.53 | op=SEND_HEARTBEAT {datanodeUUID=f8e72f0f-27ad-4da0-a4ac-f742e69d6053, command=[]} | ret=SUCCESS |  
2019-09-05 03:29:13,514 | INFO  | SCMAudit | user=jenkins1000 | ip=192.168.34.53 | op=SEND_HEARTBEAT {datanodeUUID=514a2e68-35f0-4c50-97b9-a7f344dd70d0, command=[]} | ret=SUCCESS |  
2019-09-05 03:29:13,747 | INFO  | SCMAudit | user=jenkins1000 | ip=192.168.34.53 | op=SEND_HEARTBEAT {datanodeUUID=d5831d47-7264-4585-8f97-4cba7bdc2965, command=[]} | ret=SUCCESS |  
2019-09-05 03:29:14,092 | INFO  | SCMAudit | user=jenkins1000 | ip=192.168.34.53 | op=SEND_HEARTBEAT {datanodeUUID=56431364-4f3b-4c40-806d-c9164d34aa1e, command=[]} | ret=SUCCESS |  
2019-09-05 03:29:14,311 | INFO  | SCMAudit | user=jenkins1000 | ip=192.168.34.53 | op=SEND_HEARTBEAT {datanodeUUID=3ae5d83c-115d-493e-a141-01bd711a0fb1, command=[]} | ret=SUCCESS |  
2019-09-05 03:29:14,350 | INFO  | SCMAudit | user=jenkins1000 | ip=192.168.34.53 | op=SEND_HEARTBEAT {datanodeUUID=09804a23-7f5e-4639-98b0-dd8aac3c1a3d, command=[]} | ret=SUCCESS |  
2019-09-05 03:29:14,384 | INFO  | SCMAudit | user=jenkins1000 | ip=192.168.34.53 | op=SEND_HEARTBEAT {datanodeUUID=838608ba-8b7b-40e1-8b89-0ac8f38cbb42, command=[]} | ret=SUCCESS |  
2019-09-05 03:29:14,405 | INFO  | SCMAudit | user=jenkins1000 | ip=192.168.34.53 | op=SEND_HEARTBEAT {datanodeUUID=f8e72f0f-27ad-4da0-a4ac-f742e69d6053, command=[]} | ret=SUCCESS |  
2019-09-05 03:29:14,514 | INFO  | SCMAudit | user=jenkins1000 | ip=192.168.34.53 | op=SEND_HEARTBEAT {datanodeUUID=514a2e68-35f0-4c50-97b9-a7f344dd70d0, command=[]} | ret=SUCCESS |  
2019-09-05 03:29:14,748 | INFO  | SCMAudit | user=jenkins1000 | ip=192.168.34.53 | op=SEND_HEARTBEAT {datanodeUUID=d5831d47-7264-4585-8f97-4cba7bdc2965, command=[]} | ret=SUCCESS |  
2019-09-05 03:29:15,092 | INFO  | SCMAudit | user=jenkins1000 | ip=192.168.34.53 | op=SEND_HEARTBEAT {datanodeUUID=56431364-4f3b-4c40-806d-c9164d34aa1e, command=[]} | ret=SUCCESS |  
2019-09-05 03:29:15,312 | INFO  | SCMAudit | user=jenkins1000 | ip=192.168.34.53 | op=SEND_HEARTBEAT {datanodeUUID=3ae5d83c-115d-493e-a141-01bd711a0fb1, command=[]} | ret=SUCCESS |  
2019-09-05 03:29:15,351 | INFO  | SCMAudit | user=jenkins1000 | ip=192.168.34.53 | op=SEND_HEARTBEAT {datanodeUUID=09804a23-7f5e-4639-98b0-dd8aac3c1a3d, command=[]} | ret=SUCCESS |  
2019-09-05 03:29:15,384 | INFO  | SCMAudit | user=jenkins1000 | ip=192.168.34.53 | op=SEND_HEARTBEAT {datanodeUUID=838608ba-8b7b-40e1-8b89-0ac8f38cbb42, command=[]} | ret=SUCCESS |  
2019-09-05 03:29:15,405 | INFO  | SCMAudit | user=jenkins1000 | ip=192.168.34.53 | op=SEND_HEARTBEAT {datanodeUUID=f8e72f0f-27ad-4da0-a4ac-f742e69d6053, command=[]} | ret=SUCCESS |  
2019-09-05 03:29:15,515 | INFO  | SCMAudit | user=jenkins1000 | ip=192.168.34.53 | op=SEND_HEARTBEAT {datanodeUUID=514a2e68-35f0-4c50-97b9-a7f344dd70d0, command=[]} | ret=SUCCESS |  
2019-09-05 03:29:15,748 | INFO  | SCMAudit | user=jenkins1000 | ip=192.168.34.53 | op=SEND_HEARTBEAT {datanodeUUID=d5831d47-7264-4585-8f97-4cba7bdc2965, command=[]} | ret=SUCCESS |  
2019-09-05 03:29:16,092 | INFO  | SCMAudit | user=jenkins1000 | ip=192.168.34.53 | op=SEND_HEARTBEAT {datanodeUUID=56431364-4f3b-4c40-806d-c9164d34aa1e, command=[]} | ret=SUCCESS |  
2019-09-05 03:29:16,311 | INFO  | SCMAudit | user=jenkins1000 | ip=192.168.34.53 | op=SEND_HEARTBEAT {datanodeUUID=3ae5d83c-115d-493e-a141-01bd711a0fb1, command=[]} | ret=SUCCESS |  
2019-09-05 03:29:16,350 | INFO  | SCMAudit | user=jenkins1000 | ip=192.168.34.53 | op=SEND_HEARTBEAT {datanodeUUID=09804a23-7f5e-4639-98b0-dd8aac3c1a3d, command=[]} | ret=SUCCESS |  
2019-09-05 03:29:16,384 | INFO  | SCMAudit | user=jenkins1000 | ip=192.168.34.53 | op=SEND_HEARTBEAT {datanodeUUID=838608ba-8b7b-40e1-8b89-0ac8f38cbb42, command=[]} | ret=SUCCESS |  
2019-09-05 03:29:16,406 | INFO  | SCMAudit | user=jenkins1000 | ip=192.168.34.53 | op=SEND_HEARTBEAT {datanodeUUID=f8e72f0f-27ad-4da0-a4ac-f742e69d6053, command=[]} | ret=SUCCESS |  
2019-09-05 03:29:16,515 | INFO  | SCMAudit | user=jenkins1000 | ip=192.168.34.53 | op=SEND_HEARTBEAT {datanodeUUID=514a2e68-35f0-4c50-97b9-a7f344dd70d0, command=[]} | ret=SUCCESS |  
2019-09-05 03:29:16,748 | INFO  | SCMAudit | user=jenkins1000 | ip=192.168.34.53 | op=SEND_HEARTBEAT {datanodeUUID=d5831d47-7264-4585-8f97-4cba7bdc2965, command=[]} | ret=SUCCESS |  
2019-09-05 03:29:17,092 | INFO  | SCMAudit | user=jenkins1000 | ip=192.168.34.53 | op=SEND_HEARTBEAT {datanodeUUID=56431364-4f3b-4c40-806d-c9164d34aa1e, command=[]} | ret=SUCCESS |  
2019-09-05 03:29:17,204 [grpc-default-executor-0] INFO  client.GrpcClientProtocolClient (GrpcClientProtocolClient.java:onNext(255)) - client-D63F27167560->09804a23-7f5e-4639-98b0-dd8aac3c1a3d: receive RaftClientReply:client-D63F27167560->09804a23-7f5e-4639-98b0-dd8aac3c1a3d@group-6FC1333E43B6, cid=44, FAILED org.apache.ratis.protocol.NotLeaderException: Server 09804a23-7f5e-4639-98b0-dd8aac3c1a3d is not the leader (838608ba-8b7b-40e1-8b89-0ac8f38cbb42:192.168.34.53:41281). Request must be sent to leader., logIndex=0, commits[09804a23-7f5e-4639-98b0-dd8aac3c1a3d:c8, 838608ba-8b7b-40e1-8b89-0ac8f38cbb42:c8, f8e72f0f-27ad-4da0-a4ac-f742e69d6053:c8]
2019-09-05 03:29:17,311 | INFO  | SCMAudit | user=jenkins1000 | ip=192.168.34.53 | op=SEND_HEARTBEAT {datanodeUUID=3ae5d83c-115d-493e-a141-01bd711a0fb1, command=[]} | ret=SUCCESS |  
2019-09-05 03:29:17,350 | INFO  | SCMAudit | user=jenkins1000 | ip=192.168.34.53 | op=SEND_HEARTBEAT {datanodeUUID=09804a23-7f5e-4639-98b0-dd8aac3c1a3d, command=[]} | ret=SUCCESS |  
2019-09-05 03:29:17,384 | INFO  | SCMAudit | user=jenkins1000 | ip=192.168.34.53 | op=SEND_HEARTBEAT {datanodeUUID=838608ba-8b7b-40e1-8b89-0ac8f38cbb42, command=[]} | ret=SUCCESS |  
2019-09-05 03:29:17,406 | INFO  | SCMAudit | user=jenkins1000 | ip=192.168.34.53 | op=SEND_HEARTBEAT {datanodeUUID=f8e72f0f-27ad-4da0-a4ac-f742e69d6053, command=[]} | ret=SUCCESS |  
2019-09-05 03:29:17,514 | INFO  | SCMAudit | user=jenkins1000 | ip=192.168.34.53 | op=SEND_HEARTBEAT {datanodeUUID=514a2e68-35f0-4c50-97b9-a7f344dd70d0, command=[]} | ret=SUCCESS |  
2019-09-05 03:29:17,749 | INFO  | SCMAudit | user=jenkins1000 | ip=192.168.34.53 | op=SEND_HEARTBEAT {datanodeUUID=d5831d47-7264-4585-8f97-4cba7bdc2965, command=[]} | ret=SUCCESS |  
2019-09-05 03:29:18,093 | INFO  | SCMAudit | user=jenkins1000 | ip=192.168.34.53 | op=SEND_HEARTBEAT {datanodeUUID=56431364-4f3b-4c40-806d-c9164d34aa1e, command=[]} | ret=SUCCESS |  
2019-09-05 03:29:18,312 | INFO  | SCMAudit | user=jenkins1000 | ip=192.168.34.53 | op=SEND_HEARTBEAT {datanodeUUID=3ae5d83c-115d-493e-a141-01bd711a0fb1, command=[]} | ret=SUCCESS |  
2019-09-05 03:29:18,351 | INFO  | SCMAudit | user=jenkins1000 | ip=192.168.34.53 | op=SEND_HEARTBEAT {datanodeUUID=09804a23-7f5e-4639-98b0-dd8aac3c1a3d, command=[]} | ret=SUCCESS |  
2019-09-05 03:29:18,384 | INFO  | SCMAudit | user=jenkins1000 | ip=192.168.34.53 | op=SEND_HEARTBEAT {datanodeUUID=838608ba-8b7b-40e1-8b89-0ac8f38cbb42, command=[]} | ret=SUCCESS |  
2019-09-05 03:29:18,406 | INFO  | SCMAudit | user=jenkins1000 | ip=192.168.34.53 | op=SEND_HEARTBEAT {datanodeUUID=f8e72f0f-27ad-4da0-a4ac-f742e69d6053, command=[]} | ret=SUCCESS |  
2019-09-05 03:29:18,514 | INFO  | SCMAudit | user=jenkins1000 | ip=192.168.34.53 | op=SEND_HEARTBEAT {datanodeUUID=514a2e68-35f0-4c50-97b9-a7f344dd70d0, command=[]} | ret=SUCCESS |  
2019-09-05 03:29:18,749 | INFO  | SCMAudit | user=jenkins1000 | ip=192.168.34.53 | op=SEND_HEARTBEAT {datanodeUUID=d5831d47-7264-4585-8f97-4cba7bdc2965, command=[]} | ret=SUCCESS |  
2019-09-05 03:29:19,092 | INFO  | SCMAudit | user=jenkins1000 | ip=192.168.34.53 | op=SEND_HEARTBEAT {datanodeUUID=56431364-4f3b-4c40-806d-c9164d34aa1e, command=[]} | ret=SUCCESS |  
2019-09-05 03:29:19,311 | INFO  | SCMAudit | user=jenkins1000 | ip=192.168.34.53 | op=SEND_HEARTBEAT {datanodeUUID=3ae5d83c-115d-493e-a141-01bd711a0fb1, command=[]} | ret=SUCCESS |  
2019-09-05 03:29:19,350 | INFO  | SCMAudit | user=jenkins1000 | ip=192.168.34.53 | op=SEND_HEARTBEAT {datanodeUUID=09804a23-7f5e-4639-98b0-dd8aac3c1a3d, command=[]} | ret=SUCCESS |  
2019-09-05 03:29:19,384 | INFO  | SCMAudit | user=jenkins1000 | ip=192.168.34.53 | op=SEND_HEARTBEAT {datanodeUUID=838608ba-8b7b-40e1-8b89-0ac8f38cbb42, command=[]} | ret=SUCCESS |  
2019-09-05 03:29:19,406 | INFO  | SCMAudit | user=jenkins1000 | ip=192.168.34.53 | op=SEND_HEARTBEAT {datanodeUUID=f8e72f0f-27ad-4da0-a4ac-f742e69d6053, command=[]} | ret=SUCCESS |  
2019-09-05 03:29:19,514 | INFO  | SCMAudit | user=jenkins1000 | ip=192.168.34.53 | op=SEND_HEARTBEAT {datanodeUUID=514a2e68-35f0-4c50-97b9-a7f344dd70d0, command=[]} | ret=SUCCESS |  
2019-09-05 03:29:19,749 | INFO  | SCMAudit | user=jenkins1000 | ip=192.168.34.53 | op=SEND_HEARTBEAT {datanodeUUID=d5831d47-7264-4585-8f97-4cba7bdc2965, command=[]} | ret=SUCCESS |  
2019-09-05 03:29:20,092 | INFO  | SCMAudit | user=jenkins1000 | ip=192.168.34.53 | op=SEND_HEARTBEAT {datanodeUUID=56431364-4f3b-4c40-806d-c9164d34aa1e, command=[]} | ret=SUCCESS |  
2019-09-05 03:29:20,312 | INFO  | SCMAudit | user=jenkins1000 | ip=192.168.34.53 | op=SEND_HEARTBEAT {datanodeUUID=3ae5d83c-115d-493e-a141-01bd711a0fb1, command=[]} | ret=SUCCESS |  
2019-09-05 03:29:20,351 | INFO  | SCMAudit | user=jenkins1000 | ip=192.168.34.53 | op=SEND_HEARTBEAT {datanodeUUID=09804a23-7f5e-4639-98b0-dd8aac3c1a3d, command=[]} | ret=SUCCESS |  
2019-09-05 03:29:20,385 | INFO  | SCMAudit | user=jenkins1000 | ip=192.168.34.53 | op=SEND_HEARTBEAT {datanodeUUID=838608ba-8b7b-40e1-8b89-0ac8f38cbb42, command=[]} | ret=SUCCESS |  
2019-09-05 03:29:20,407 | INFO  | SCMAudit | user=jenkins1000 | ip=192.168.34.53 | op=SEND_HEARTBEAT {datanodeUUID=f8e72f0f-27ad-4da0-a4ac-f742e69d6053, command=[]} | ret=SUCCESS |  
2019-09-05 03:29:20,514 | INFO  | SCMAudit | user=jenkins1000 | ip=192.168.34.53 | op=SEND_HEARTBEAT {datanodeUUID=514a2e68-35f0-4c50-97b9-a7f344dd70d0, command=[]} | ret=SUCCESS |  
2019-09-05 03:29:20,750 | INFO  | SCMAudit | user=jenkins1000 | ip=192.168.34.53 | op=SEND_HEARTBEAT {datanodeUUID=d5831d47-7264-4585-8f97-4cba7bdc2965, command=[]} | ret=SUCCESS |  
2019-09-05 03:29:21,093 | INFO  | SCMAudit | user=jenkins1000 | ip=192.168.34.53 | op=SEND_HEARTBEAT {datanodeUUID=56431364-4f3b-4c40-806d-c9164d34aa1e, command=[]} | ret=SUCCESS |  
2019-09-05 03:29:21,312 | INFO  | SCMAudit | user=jenkins1000 | ip=192.168.34.53 | op=SEND_HEARTBEAT {datanodeUUID=3ae5d83c-115d-493e-a141-01bd711a0fb1, command=[]} | ret=SUCCESS |  
2019-09-05 03:29:21,351 | INFO  | SCMAudit | user=jenkins1000 | ip=192.168.34.53 | op=SEND_HEARTBEAT {datanodeUUID=09804a23-7f5e-4639-98b0-dd8aac3c1a3d, command=[]} | ret=SUCCESS |  
2019-09-05 03:29:21,385 | INFO  | SCMAudit | user=jenkins1000 | ip=192.168.34.53 | op=SEND_HEARTBEAT {datanodeUUID=838608ba-8b7b-40e1-8b89-0ac8f38cbb42, command=[]} | ret=SUCCESS |  
2019-09-05 03:29:21,407 | INFO  | SCMAudit | user=jenkins1000 | ip=192.168.34.53 | op=SEND_HEARTBEAT {datanodeUUID=f8e72f0f-27ad-4da0-a4ac-f742e69d6053, command=[]} | ret=SUCCESS |  
2019-09-05 03:29:21,514 | INFO  | SCMAudit | user=jenkins1000 | ip=192.168.34.53 | op=SEND_HEARTBEAT {datanodeUUID=514a2e68-35f0-4c50-97b9-a7f344dd70d0, command=[]} | ret=SUCCESS |  
2019-09-05 03:29:21,750 | INFO  | SCMAudit | user=jenkins1000 | ip=192.168.34.53 | op=SEND_HEARTBEAT {datanodeUUID=d5831d47-7264-4585-8f97-4cba7bdc2965, command=[]} | ret=SUCCESS |  
2019-09-05 03:29:22,093 | INFO  | SCMAudit | user=jenkins1000 | ip=192.168.34.53 | op=SEND_HEARTBEAT {datanodeUUID=56431364-4f3b-4c40-806d-c9164d34aa1e, command=[]} | ret=SUCCESS |  
2019-09-05 03:29:22,261 [grpc-default-executor-0] INFO  client.GrpcClientProtocolClient (GrpcClientProtocolClient.java:onNext(255)) - client-D63F27167560->f8e72f0f-27ad-4da0-a4ac-f742e69d6053: receive RaftClientReply:client-D63F27167560->f8e72f0f-27ad-4da0-a4ac-f742e69d6053@group-6FC1333E43B6, cid=44, FAILED org.apache.ratis.protocol.NotLeaderException: Server f8e72f0f-27ad-4da0-a4ac-f742e69d6053 is not the leader (838608ba-8b7b-40e1-8b89-0ac8f38cbb42:192.168.34.53:41281). Request must be sent to leader., logIndex=0, commits[f8e72f0f-27ad-4da0-a4ac-f742e69d6053:c8, 838608ba-8b7b-40e1-8b89-0ac8f38cbb42:c8, 09804a23-7f5e-4639-98b0-dd8aac3c1a3d:c8]
2019-09-05 03:29:22,312 | INFO  | SCMAudit | user=jenkins1000 | ip=192.168.34.53 | op=SEND_HEARTBEAT {datanodeUUID=3ae5d83c-115d-493e-a141-01bd711a0fb1, command=[]} | ret=SUCCESS |  
2019-09-05 03:29:22,350 | INFO  | SCMAudit | user=jenkins1000 | ip=192.168.34.53 | op=SEND_HEARTBEAT {datanodeUUID=09804a23-7f5e-4639-98b0-dd8aac3c1a3d, command=[]} | ret=SUCCESS |  
2019-09-05 03:29:22,385 | INFO  | SCMAudit | user=jenkins1000 | ip=192.168.34.53 | op=SEND_HEARTBEAT {datanodeUUID=838608ba-8b7b-40e1-8b89-0ac8f38cbb42, command=[]} | ret=SUCCESS |  
2019-09-05 03:29:22,407 | INFO  | SCMAudit | user=jenkins1000 | ip=192.168.34.53 | op=SEND_HEARTBEAT {datanodeUUID=f8e72f0f-27ad-4da0-a4ac-f742e69d6053, command=[]} | ret=SUCCESS |  
2019-09-05 03:29:22,514 | INFO  | SCMAudit | user=jenkins1000 | ip=192.168.34.53 | op=SEND_HEARTBEAT {datanodeUUID=514a2e68-35f0-4c50-97b9-a7f344dd70d0, command=[]} | ret=SUCCESS |  
2019-09-05 03:29:22,750 | INFO  | SCMAudit | user=jenkins1000 | ip=192.168.34.53 | op=SEND_HEARTBEAT {datanodeUUID=d5831d47-7264-4585-8f97-4cba7bdc2965, command=[]} | ret=SUCCESS |  
2019-09-05 03:29:23,093 | INFO  | SCMAudit | user=jenkins1000 | ip=192.168.34.53 | op=SEND_HEARTBEAT {datanodeUUID=56431364-4f3b-4c40-806d-c9164d34aa1e, command=[]} | ret=SUCCESS |  
2019-09-05 03:29:23,312 | INFO  | SCMAudit | user=jenkins1000 | ip=192.168.34.53 | op=SEND_HEARTBEAT {datanodeUUID=3ae5d83c-115d-493e-a141-01bd711a0fb1, command=[]} | ret=SUCCESS |  
2019-09-05 03:29:23,350 | INFO  | SCMAudit | user=jenkins1000 | ip=192.168.34.53 | op=SEND_HEARTBEAT {datanodeUUID=09804a23-7f5e-4639-98b0-dd8aac3c1a3d, command=[]} | ret=SUCCESS |  
2019-09-05 03:29:23,385 | INFO  | SCMAudit | user=jenkins1000 | ip=192.168.34.53 | op=SEND_HEARTBEAT {datanodeUUID=838608ba-8b7b-40e1-8b89-0ac8f38cbb42, command=[]} | ret=SUCCESS |  
2019-09-05 03:29:23,407 | INFO  | SCMAudit | user=jenkins1000 | ip=192.168.34.53 | op=SEND_HEARTBEAT {datanodeUUID=f8e72f0f-27ad-4da0-a4ac-f742e69d6053, command=[]} | ret=SUCCESS |  
2019-09-05 03:29:23,514 | INFO  | SCMAudit | user=jenkins1000 | ip=192.168.34.53 | op=SEND_HEARTBEAT {datanodeUUID=514a2e68-35f0-4c50-97b9-a7f344dd70d0, command=[]} | ret=SUCCESS |  
2019-09-05 03:29:23,751 | INFO  | SCMAudit | user=jenkins1000 | ip=192.168.34.53 | op=SEND_HEARTBEAT {datanodeUUID=d5831d47-7264-4585-8f97-4cba7bdc2965, command=[]} | ret=SUCCESS |  
2019-09-05 03:29:24,093 | INFO  | SCMAudit | user=jenkins1000 | ip=192.168.34.53 | op=SEND_HEARTBEAT {datanodeUUID=56431364-4f3b-4c40-806d-c9164d34aa1e, command=[]} | ret=SUCCESS |  
2019-09-05 03:29:24,312 | INFO  | SCMAudit | user=jenkins1000 | ip=192.168.34.53 | op=SEND_HEARTBEAT {datanodeUUID=3ae5d83c-115d-493e-a141-01bd711a0fb1, command=[]} | ret=SUCCESS |  
2019-09-05 03:29:24,351 | INFO  | SCMAudit | user=jenkins1000 | ip=192.168.34.53 | op=SEND_HEARTBEAT {datanodeUUID=09804a23-7f5e-4639-98b0-dd8aac3c1a3d, command=[]} | ret=SUCCESS |  
2019-09-05 03:29:24,386 | INFO  | SCMAudit | user=jenkins1000 | ip=192.168.34.53 | op=SEND_HEARTBEAT {datanodeUUID=838608ba-8b7b-40e1-8b89-0ac8f38cbb42, command=[]} | ret=SUCCESS |  
2019-09-05 03:29:24,407 | INFO  | SCMAudit | user=jenkins1000 | ip=192.168.34.53 | op=SEND_HEARTBEAT {datanodeUUID=f8e72f0f-27ad-4da0-a4ac-f742e69d6053, command=[]} | ret=SUCCESS |  
2019-09-05 03:29:24,514 | INFO  | SCMAudit | user=jenkins1000 | ip=192.168.34.53 | op=SEND_HEARTBEAT {datanodeUUID=514a2e68-35f0-4c50-97b9-a7f344dd70d0, command=[]} | ret=SUCCESS |  
2019-09-05 03:29:24,751 | INFO  | SCMAudit | user=jenkins1000 | ip=192.168.34.53 | op=SEND_HEARTBEAT {datanodeUUID=d5831d47-7264-4585-8f97-4cba7bdc2965, command=[]} | ret=SUCCESS |  
2019-09-05 03:29:25,094 | INFO  | SCMAudit | user=jenkins1000 | ip=192.168.34.53 | op=SEND_HEARTBEAT {datanodeUUID=56431364-4f3b-4c40-806d-c9164d34aa1e, command=[]} | ret=SUCCESS |  
2019-09-05 03:29:25,313 | INFO  | SCMAudit | user=jenkins1000 | ip=192.168.34.53 | op=SEND_HEARTBEAT {datanodeUUID=3ae5d83c-115d-493e-a141-01bd711a0fb1, command=[]} | ret=SUCCESS |  
2019-09-05 03:29:25,351 | INFO  | SCMAudit | user=jenkins1000 | ip=192.168.34.53 | op=SEND_HEARTBEAT {datanodeUUID=09804a23-7f5e-4639-98b0-dd8aac3c1a3d, command=[]} | ret=SUCCESS |  
2019-09-05 03:29:25,386 | INFO  | SCMAudit | user=jenkins1000 | ip=192.168.34.53 | op=SEND_HEARTBEAT {datanodeUUID=838608ba-8b7b-40e1-8b89-0ac8f38cbb42, command=[]} | ret=SUCCESS |  
2019-09-05 03:29:25,407 | INFO  | SCMAudit | user=jenkins1000 | ip=192.168.34.53 | op=SEND_HEARTBEAT {datanodeUUID=f8e72f0f-27ad-4da0-a4ac-f742e69d6053, command=[]} | ret=SUCCESS |  
2019-09-05 03:29:25,514 | INFO  | SCMAudit | user=jenkins1000 | ip=192.168.34.53 | op=SEND_HEARTBEAT {datanodeUUID=514a2e68-35f0-4c50-97b9-a7f344dd70d0, command=[]} | ret=SUCCESS |  
2019-09-05 03:29:25,751 | INFO  | SCMAudit | user=jenkins1000 | ip=192.168.34.53 | op=SEND_HEARTBEAT {datanodeUUID=d5831d47-7264-4585-8f97-4cba7bdc2965, command=[]} | ret=SUCCESS |  
2019-09-05 03:29:26,094 | INFO  | SCMAudit | user=jenkins1000 | ip=192.168.34.53 | op=SEND_HEARTBEAT {datanodeUUID=56431364-4f3b-4c40-806d-c9164d34aa1e, command=[]} | ret=SUCCESS |  
2019-09-05 03:29:26,313 | INFO  | SCMAudit | user=jenkins1000 | ip=192.168.34.53 | op=SEND_HEARTBEAT {datanodeUUID=3ae5d83c-115d-493e-a141-01bd711a0fb1, command=[]} | ret=SUCCESS |  
2019-09-05 03:29:26,351 | INFO  | SCMAudit | user=jenkins1000 | ip=192.168.34.53 | op=SEND_HEARTBEAT {datanodeUUID=09804a23-7f5e-4639-98b0-dd8aac3c1a3d, command=[]} | ret=SUCCESS |  
2019-09-05 03:29:26,386 | INFO  | SCMAudit | user=jenkins1000 | ip=192.168.34.53 | op=SEND_HEARTBEAT {datanodeUUID=838608ba-8b7b-40e1-8b89-0ac8f38cbb42, command=[]} | ret=SUCCESS |  
2019-09-05 03:29:26,407 | INFO  | SCMAudit | user=jenkins1000 | ip=192.168.34.53 | op=SEND_HEARTBEAT {datanodeUUID=f8e72f0f-27ad-4da0-a4ac-f742e69d6053, command=[]} | ret=SUCCESS |  
2019-09-05 03:29:26,515 | INFO  | SCMAudit | user=jenkins1000 | ip=192.168.34.53 | op=SEND_HEARTBEAT {datanodeUUID=514a2e68-35f0-4c50-97b9-a7f344dd70d0, command=[]} | ret=SUCCESS |  
2019-09-05 03:29:26,752 | INFO  | SCMAudit | user=jenkins1000 | ip=192.168.34.53 | op=SEND_HEARTBEAT {datanodeUUID=d5831d47-7264-4585-8f97-4cba7bdc2965, command=[]} | ret=SUCCESS |  
2019-09-05 03:29:27,095 | INFO  | SCMAudit | user=jenkins1000 | ip=192.168.34.53 | op=SEND_HEARTBEAT {datanodeUUID=56431364-4f3b-4c40-806d-c9164d34aa1e, command=[]} | ret=SUCCESS |  
2019-09-05 03:29:27,302 [grpc-default-executor-3] INFO  client.GrpcClientProtocolClient (GrpcClientProtocolClient.java:onNext(255)) - client-D63F27167560->09804a23-7f5e-4639-98b0-dd8aac3c1a3d: receive RaftClientReply:client-D63F27167560->09804a23-7f5e-4639-98b0-dd8aac3c1a3d@group-6FC1333E43B6, cid=44, FAILED org.apache.ratis.protocol.NotLeaderException: Server 09804a23-7f5e-4639-98b0-dd8aac3c1a3d is not the leader (838608ba-8b7b-40e1-8b89-0ac8f38cbb42:192.168.34.53:41281). Request must be sent to leader., logIndex=0, commits[09804a23-7f5e-4639-98b0-dd8aac3c1a3d:c8, 838608ba-8b7b-40e1-8b89-0ac8f38cbb42:c8, f8e72f0f-27ad-4da0-a4ac-f742e69d6053:c8]
2019-09-05 03:29:27,313 | INFO  | SCMAudit | user=jenkins1000 | ip=192.168.34.53 | op=SEND_HEARTBEAT {datanodeUUID=3ae5d83c-115d-493e-a141-01bd711a0fb1, command=[]} | ret=SUCCESS |  
2019-09-05 03:29:27,351 | INFO  | SCMAudit | user=jenkins1000 | ip=192.168.34.53 | op=SEND_HEARTBEAT {datanodeUUID=09804a23-7f5e-4639-98b0-dd8aac3c1a3d, command=[]} | ret=SUCCESS |  
2019-09-05 03:29:27,386 | INFO  | SCMAudit | user=jenkins1000 | ip=192.168.34.53 | op=SEND_HEARTBEAT {datanodeUUID=838608ba-8b7b-40e1-8b89-0ac8f38cbb42, command=[]} | ret=SUCCESS |  
2019-09-05 03:29:27,407 | INFO  | SCMAudit | user=jenkins1000 | ip=192.168.34.53 | op=SEND_HEARTBEAT {datanodeUUID=f8e72f0f-27ad-4da0-a4ac-f742e69d6053, command=[]} | ret=SUCCESS |  
2019-09-05 03:29:27,515 | INFO  | SCMAudit | user=jenkins1000 | ip=192.168.34.53 | op=SEND_HEARTBEAT {datanodeUUID=514a2e68-35f0-4c50-97b9-a7f344dd70d0, command=[]} | ret=SUCCESS |  
2019-09-05 03:29:27,752 | INFO  | SCMAudit | user=jenkins1000 | ip=192.168.34.53 | op=SEND_HEARTBEAT {datanodeUUID=d5831d47-7264-4585-8f97-4cba7bdc2965, command=[]} | ret=SUCCESS |  
2019-09-05 03:29:28,094 | INFO  | SCMAudit | user=jenkins1000 | ip=192.168.34.53 | op=SEND_HEARTBEAT {datanodeUUID=56431364-4f3b-4c40-806d-c9164d34aa1e, command=[]} | ret=SUCCESS |  
2019-09-05 03:29:28,317 | INFO  | SCMAudit | user=jenkins1000 | ip=192.168.34.53 | op=SEND_HEARTBEAT {datanodeUUID=3ae5d83c-115d-493e-a141-01bd711a0fb1, command=[]} | ret=SUCCESS |  
2019-09-05 03:29:28,351 | INFO  | SCMAudit | user=jenkins1000 | ip=192.168.34.53 | op=SEND_HEARTBEAT {datanodeUUID=09804a23-7f5e-4639-98b0-dd8aac3c1a3d, command=[]} | ret=SUCCESS |  
2019-09-05 03:29:28,386 | INFO  | SCMAudit | user=jenkins1000 | ip=192.168.34.53 | op=SEND_HEARTBEAT {datanodeUUID=838608ba-8b7b-40e1-8b89-0ac8f38cbb42, command=[]} | ret=SUCCESS |  
2019-09-05 03:29:28,406 | INFO  | SCMAudit | user=jenkins1000 | ip=192.168.34.53 | op=SEND_HEARTBEAT {datanodeUUID=f8e72f0f-27ad-4da0-a4ac-f742e69d6053, command=[]} | ret=SUCCESS |  
2019-09-05 03:29:28,514 | INFO  | SCMAudit | user=jenkins1000 | ip=192.168.34.53 | op=SEND_HEARTBEAT {datanodeUUID=514a2e68-35f0-4c50-97b9-a7f344dd70d0, command=[]} | ret=SUCCESS |  
2019-09-05 03:29:28,751 | INFO  | SCMAudit | user=jenkins1000 | ip=192.168.34.53 | op=SEND_HEARTBEAT {datanodeUUID=d5831d47-7264-4585-8f97-4cba7bdc2965, command=[]} | ret=SUCCESS |  
2019-09-05 03:29:29,094 | INFO  | SCMAudit | user=jenkins1000 | ip=192.168.34.53 | op=SEND_HEARTBEAT {datanodeUUID=56431364-4f3b-4c40-806d-c9164d34aa1e, command=[]} | ret=SUCCESS |  
2019-09-05 03:29:29,317 | INFO  | SCMAudit | user=jenkins1000 | ip=192.168.34.53 | op=SEND_HEARTBEAT {datanodeUUID=3ae5d83c-115d-493e-a141-01bd711a0fb1, command=[]} | ret=SUCCESS |  
2019-09-05 03:29:29,352 | INFO  | SCMAudit | user=jenkins1000 | ip=192.168.34.53 | op=SEND_HEARTBEAT {datanodeUUID=09804a23-7f5e-4639-98b0-dd8aac3c1a3d, command=[]} | ret=SUCCESS |  
2019-09-05 03:29:29,386 | INFO  | SCMAudit | user=jenkins1000 | ip=192.168.34.53 | op=SEND_HEARTBEAT {datanodeUUID=838608ba-8b7b-40e1-8b89-0ac8f38cbb42, command=[]} | ret=SUCCESS |  
2019-09-05 03:29:29,407 | INFO  | SCMAudit | user=jenkins1000 | ip=192.168.34.53 | op=SEND_HEARTBEAT {datanodeUUID=f8e72f0f-27ad-4da0-a4ac-f742e69d6053, command=[]} | ret=SUCCESS |  
2019-09-05 03:29:29,514 | INFO  | SCMAudit | user=jenkins1000 | ip=192.168.34.53 | op=SEND_HEARTBEAT {datanodeUUID=514a2e68-35f0-4c50-97b9-a7f344dd70d0, command=[]} | ret=SUCCESS |  
2019-09-05 03:29:29,752 | INFO  | SCMAudit | user=jenkins1000 | ip=192.168.34.53 | op=SEND_HEARTBEAT {datanodeUUID=d5831d47-7264-4585-8f97-4cba7bdc2965, command=[]} | ret=SUCCESS |  
2019-09-05 03:29:30,095 | INFO  | SCMAudit | user=jenkins1000 | ip=192.168.34.53 | op=SEND_HEARTBEAT {datanodeUUID=56431364-4f3b-4c40-806d-c9164d34aa1e, command=[]} | ret=SUCCESS |  
2019-09-05 03:29:30,316 | INFO  | SCMAudit | user=jenkins1000 | ip=192.168.34.53 | op=SEND_HEARTBEAT {datanodeUUID=3ae5d83c-115d-493e-a141-01bd711a0fb1, command=[]} | ret=SUCCESS |  
2019-09-05 03:29:30,352 | INFO  | SCMAudit | user=jenkins1000 | ip=192.168.34.53 | op=SEND_HEARTBEAT {datanodeUUID=09804a23-7f5e-4639-98b0-dd8aac3c1a3d, command=[]} | ret=SUCCESS |  
2019-09-05 03:29:30,385 | INFO  | SCMAudit | user=jenkins1000 | ip=192.168.34.53 | op=SEND_HEARTBEAT {datanodeUUID=838608ba-8b7b-40e1-8b89-0ac8f38cbb42, command=[]} | ret=SUCCESS |  
2019-09-05 03:29:30,406 | INFO  | SCMAudit | user=jenkins1000 | ip=192.168.34.53 | op=SEND_HEARTBEAT {datanodeUUID=f8e72f0f-27ad-4da0-a4ac-f742e69d6053, command=[]} | ret=SUCCESS |  
2019-09-05 03:29:30,515 | INFO  | SCMAudit | user=jenkins1000 | ip=192.168.34.53 | op=SEND_HEARTBEAT {datanodeUUID=514a2e68-35f0-4c50-97b9-a7f344dd70d0, command=[]} | ret=SUCCESS |  
2019-09-05 03:29:30,752 | INFO  | SCMAudit | user=jenkins1000 | ip=192.168.34.53 | op=SEND_HEARTBEAT {datanodeUUID=d5831d47-7264-4585-8f97-4cba7bdc2965, command=[]} | ret=SUCCESS |  
2019-09-05 03:29:31,094 | INFO  | SCMAudit | user=jenkins1000 | ip=192.168.34.53 | op=SEND_HEARTBEAT {datanodeUUID=56431364-4f3b-4c40-806d-c9164d34aa1e, command=[]} | ret=SUCCESS |  
2019-09-05 03:29:31,321 | INFO  | SCMAudit | user=jenkins1000 | ip=192.168.34.53 | op=SEND_HEARTBEAT {datanodeUUID=3ae5d83c-115d-493e-a141-01bd711a0fb1, command=[]} | ret=SUCCESS |  
2019-09-05 03:29:31,352 | INFO  | SCMAudit | user=jenkins1000 | ip=192.168.34.53 | op=SEND_HEARTBEAT {datanodeUUID=09804a23-7f5e-4639-98b0-dd8aac3c1a3d, command=[]} | ret=SUCCESS |  
2019-09-05 03:29:31,385 | INFO  | SCMAudit | user=jenkins1000 | ip=192.168.34.53 | op=SEND_HEARTBEAT {datanodeUUID=838608ba-8b7b-40e1-8b89-0ac8f38cbb42, command=[]} | ret=SUCCESS |  
2019-09-05 03:29:31,407 | INFO  | SCMAudit | user=jenkins1000 | ip=192.168.34.53 | op=SEND_HEARTBEAT {datanodeUUID=f8e72f0f-27ad-4da0-a4ac-f742e69d6053, command=[]} | ret=SUCCESS |  
2019-09-05 03:29:31,515 | INFO  | SCMAudit | user=jenkins1000 | ip=192.168.34.53 | op=SEND_HEARTBEAT {datanodeUUID=514a2e68-35f0-4c50-97b9-a7f344dd70d0, command=[]} | ret=SUCCESS |  
2019-09-05 03:29:31,752 | INFO  | SCMAudit | user=jenkins1000 | ip=192.168.34.53 | op=SEND_HEARTBEAT {datanodeUUID=d5831d47-7264-4585-8f97-4cba7bdc2965, command=[]} | ret=SUCCESS |  
2019-09-05 03:29:32,094 | INFO  | SCMAudit | user=jenkins1000 | ip=192.168.34.53 | op=SEND_HEARTBEAT {datanodeUUID=56431364-4f3b-4c40-806d-c9164d34aa1e, command=[]} | ret=SUCCESS |  
2019-09-05 03:29:32,319 | INFO  | SCMAudit | user=jenkins1000 | ip=192.168.34.53 | op=SEND_HEARTBEAT {datanodeUUID=3ae5d83c-115d-493e-a141-01bd711a0fb1, command=[]} | ret=SUCCESS |  
2019-09-05 03:29:32,357 | INFO  | SCMAudit | user=jenkins1000 | ip=192.168.34.53 | op=SEND_HEARTBEAT {datanodeUUID=09804a23-7f5e-4639-98b0-dd8aac3c1a3d, command=[]} | ret=SUCCESS |  
2019-09-05 03:29:32,366 [grpc-default-executor-0] INFO  client.GrpcClientProtocolClient (GrpcClientProtocolClient.java:onNext(255)) - client-D63F27167560->09804a23-7f5e-4639-98b0-dd8aac3c1a3d: receive RaftClientReply:client-D63F27167560->09804a23-7f5e-4639-98b0-dd8aac3c1a3d@group-6FC1333E43B6, cid=44, FAILED org.apache.ratis.protocol.NotLeaderException: Server 09804a23-7f5e-4639-98b0-dd8aac3c1a3d is not the leader (838608ba-8b7b-40e1-8b89-0ac8f38cbb42:192.168.34.53:41281). Request must be sent to leader., logIndex=0, commits[09804a23-7f5e-4639-98b0-dd8aac3c1a3d:c8, 838608ba-8b7b-40e1-8b89-0ac8f38cbb42:c8, f8e72f0f-27ad-4da0-a4ac-f742e69d6053:c8]
2019-09-05 03:29:32,385 | INFO  | SCMAudit | user=jenkins1000 | ip=192.168.34.53 | op=SEND_HEARTBEAT {datanodeUUID=838608ba-8b7b-40e1-8b89-0ac8f38cbb42, command=[]} | ret=SUCCESS |  
2019-09-05 03:29:32,406 | INFO  | SCMAudit | user=jenkins1000 | ip=192.168.34.53 | op=SEND_HEARTBEAT {datanodeUUID=f8e72f0f-27ad-4da0-a4ac-f742e69d6053, command=[]} | ret=SUCCESS |  
2019-09-05 03:29:32,515 | INFO  | SCMAudit | user=jenkins1000 | ip=192.168.34.53 | op=SEND_HEARTBEAT {datanodeUUID=514a2e68-35f0-4c50-97b9-a7f344dd70d0, command=[]} | ret=SUCCESS |  
2019-09-05 03:29:32,752 | INFO  | SCMAudit | user=jenkins1000 | ip=192.168.34.53 | op=SEND_HEARTBEAT {datanodeUUID=d5831d47-7264-4585-8f97-4cba7bdc2965, command=[]} | ret=SUCCESS |  
2019-09-05 03:29:33,095 | INFO  | SCMAudit | user=jenkins1000 | ip=192.168.34.53 | op=SEND_HEARTBEAT {datanodeUUID=56431364-4f3b-4c40-806d-c9164d34aa1e, command=[]} | ret=SUCCESS |  
2019-09-05 03:29:33,319 | INFO  | SCMAudit | user=jenkins1000 | ip=192.168.34.53 | op=SEND_HEARTBEAT {datanodeUUID=3ae5d83c-115d-493e-a141-01bd711a0fb1, command=[]} | ret=SUCCESS |  
2019-09-05 03:29:33,356 | INFO  | SCMAudit | user=jenkins1000 | ip=192.168.34.53 | op=SEND_HEARTBEAT {datanodeUUID=09804a23-7f5e-4639-98b0-dd8aac3c1a3d, command=[]} | ret=SUCCESS |  
2019-09-05 03:29:33,385 | INFO  | SCMAudit | user=jenkins1000 | ip=192.168.34.53 | op=SEND_HEARTBEAT {datanodeUUID=838608ba-8b7b-40e1-8b89-0ac8f38cbb42, command=[]} | ret=SUCCESS |  
2019-09-05 03:29:33,406 | INFO  | SCMAudit | user=jenkins1000 | ip=192.168.34.53 | op=SEND_HEARTBEAT {datanodeUUID=f8e72f0f-27ad-4da0-a4ac-f742e69d6053, command=[]} | ret=SUCCESS |  
2019-09-05 03:29:33,515 | INFO  | SCMAudit | user=jenkins1000 | ip=192.168.34.53 | op=SEND_HEARTBEAT {datanodeUUID=514a2e68-35f0-4c50-97b9-a7f344dd70d0, command=[]} | ret=SUCCESS |  
2019-09-05 03:29:33,752 | INFO  | SCMAudit | user=jenkins1000 | ip=192.168.34.53 | op=SEND_HEARTBEAT {datanodeUUID=d5831d47-7264-4585-8f97-4cba7bdc2965, command=[]} | ret=SUCCESS |  
2019-09-05 03:29:34,095 | INFO  | SCMAudit | user=jenkins1000 | ip=192.168.34.53 | op=SEND_HEARTBEAT {datanodeUUID=56431364-4f3b-4c40-806d-c9164d34aa1e, command=[]} | ret=SUCCESS |  
2019-09-05 03:29:34,319 | INFO  | SCMAudit | user=jenkins1000 | ip=192.168.34.53 | op=SEND_HEARTBEAT {datanodeUUID=3ae5d83c-115d-493e-a141-01bd711a0fb1, command=[]} | ret=SUCCESS |  
2019-09-05 03:29:34,356 | INFO  | SCMAudit | user=jenkins1000 | ip=192.168.34.53 | op=SEND_HEARTBEAT {datanodeUUID=09804a23-7f5e-4639-98b0-dd8aac3c1a3d, command=[]} | ret=SUCCESS |  
2019-09-05 03:29:34,385 | INFO  | SCMAudit | user=jenkins1000 | ip=192.168.34.53 | op=SEND_HEARTBEAT {datanodeUUID=838608ba-8b7b-40e1-8b89-0ac8f38cbb42, command=[]} | ret=SUCCESS |  
2019-09-05 03:29:34,407 | INFO  | SCMAudit | user=jenkins1000 | ip=192.168.34.53 | op=SEND_HEARTBEAT {datanodeUUID=f8e72f0f-27ad-4da0-a4ac-f742e69d6053, command=[]} | ret=SUCCESS |  
2019-09-05 03:29:34,515 | INFO  | SCMAudit | user=jenkins1000 | ip=192.168.34.53 | op=SEND_HEARTBEAT {datanodeUUID=514a2e68-35f0-4c50-97b9-a7f344dd70d0, command=[]} | ret=SUCCESS |  
2019-09-05 03:29:34,753 | INFO  | SCMAudit | user=jenkins1000 | ip=192.168.34.53 | op=SEND_HEARTBEAT {datanodeUUID=d5831d47-7264-4585-8f97-4cba7bdc2965, command=[]} | ret=SUCCESS |  
2019-09-05 03:29:35,095 | INFO  | SCMAudit | user=jenkins1000 | ip=192.168.34.53 | op=SEND_HEARTBEAT {datanodeUUID=56431364-4f3b-4c40-806d-c9164d34aa1e, command=[]} | ret=SUCCESS |  
2019-09-05 03:29:35,320 | INFO  | SCMAudit | user=jenkins1000 | ip=192.168.34.53 | op=SEND_HEARTBEAT {datanodeUUID=3ae5d83c-115d-493e-a141-01bd711a0fb1, command=[]} | ret=SUCCESS |  
2019-09-05 03:29:35,356 | INFO  | SCMAudit | user=jenkins1000 | ip=192.168.34.53 | op=SEND_HEARTBEAT {datanodeUUID=09804a23-7f5e-4639-98b0-dd8aac3c1a3d, command=[]} | ret=SUCCESS |  
2019-09-05 03:29:35,385 | INFO  | SCMAudit | user=jenkins1000 | ip=192.168.34.53 | op=SEND_HEARTBEAT {datanodeUUID=838608ba-8b7b-40e1-8b89-0ac8f38cbb42, command=[]} | ret=SUCCESS |  
2019-09-05 03:29:35,407 | INFO  | SCMAudit | user=jenkins1000 | ip=192.168.34.53 | op=SEND_HEARTBEAT {datanodeUUID=f8e72f0f-27ad-4da0-a4ac-f742e69d6053, command=[]} | ret=SUCCESS |  
2019-09-05 03:29:35,515 | INFO  | SCMAudit | user=jenkins1000 | ip=192.168.34.53 | op=SEND_HEARTBEAT {datanodeUUID=514a2e68-35f0-4c50-97b9-a7f344dd70d0, command=[]} | ret=SUCCESS |  
2019-09-05 03:29:35,753 | INFO  | SCMAudit | user=jenkins1000 | ip=192.168.34.53 | op=SEND_HEARTBEAT {datanodeUUID=d5831d47-7264-4585-8f97-4cba7bdc2965, command=[]} | ret=SUCCESS |  
2019-09-05 03:29:36,096 | INFO  | SCMAudit | user=jenkins1000 | ip=192.168.34.53 | op=SEND_HEARTBEAT {datanodeUUID=56431364-4f3b-4c40-806d-c9164d34aa1e, command=[]} | ret=SUCCESS |  
2019-09-05 03:29:36,319 | INFO  | SCMAudit | user=jenkins1000 | ip=192.168.34.53 | op=SEND_HEARTBEAT {datanodeUUID=3ae5d83c-115d-493e-a141-01bd711a0fb1, command=[]} | ret=SUCCESS |  
2019-09-05 03:29:36,357 | INFO  | SCMAudit | user=jenkins1000 | ip=192.168.34.53 | op=SEND_HEARTBEAT {datanodeUUID=09804a23-7f5e-4639-98b0-dd8aac3c1a3d, command=[]} | ret=SUCCESS |  
2019-09-05 03:29:36,388 | INFO  | SCMAudit | user=jenkins1000 | ip=192.168.34.53 | op=SEND_HEARTBEAT {datanodeUUID=838608ba-8b7b-40e1-8b89-0ac8f38cbb42, command=[]} | ret=SUCCESS |  
2019-09-05 03:29:36,407 | INFO  | SCMAudit | user=jenkins1000 | ip=192.168.34.53 | op=SEND_HEARTBEAT {datanodeUUID=f8e72f0f-27ad-4da0-a4ac-f742e69d6053, command=[]} | ret=SUCCESS |  
2019-09-05 03:29:36,516 | INFO  | SCMAudit | user=jenkins1000 | ip=192.168.34.53 | op=SEND_HEARTBEAT {datanodeUUID=514a2e68-35f0-4c50-97b9-a7f344dd70d0, command=[]} | ret=SUCCESS |  
2019-09-05 03:29:36,752 | INFO  | SCMAudit | user=jenkins1000 | ip=192.168.34.53 | op=SEND_HEARTBEAT {datanodeUUID=d5831d47-7264-4585-8f97-4cba7bdc2965, command=[]} | ret=SUCCESS |  
2019-09-05 03:29:37,096 | INFO  | SCMAudit | user=jenkins1000 | ip=192.168.34.53 | op=SEND_HEARTBEAT {datanodeUUID=56431364-4f3b-4c40-806d-c9164d34aa1e, command=[]} | ret=SUCCESS |  
2019-09-05 03:29:37,320 | INFO  | SCMAudit | user=jenkins1000 | ip=192.168.34.53 | op=SEND_HEARTBEAT {datanodeUUID=3ae5d83c-115d-493e-a141-01bd711a0fb1, command=[]} | ret=SUCCESS |  
2019-09-05 03:29:37,357 | INFO  | SCMAudit | user=jenkins1000 | ip=192.168.34.53 | op=SEND_HEARTBEAT {datanodeUUID=09804a23-7f5e-4639-98b0-dd8aac3c1a3d, command=[]} | ret=SUCCESS |  
2019-09-05 03:29:37,389 | INFO  | SCMAudit | user=jenkins1000 | ip=192.168.34.53 | op=SEND_HEARTBEAT {datanodeUUID=838608ba-8b7b-40e1-8b89-0ac8f38cbb42, command=[]} | ret=SUCCESS |  
2019-09-05 03:29:37,410 | INFO  | SCMAudit | user=jenkins1000 | ip=192.168.34.53 | op=SEND_HEARTBEAT {datanodeUUID=f8e72f0f-27ad-4da0-a4ac-f742e69d6053, command=[]} | ret=SUCCESS |  
2019-09-05 03:29:37,411 [grpc-default-executor-3] INFO  client.GrpcClientProtocolClient (GrpcClientProtocolClient.java:onNext(255)) - client-D63F27167560->09804a23-7f5e-4639-98b0-dd8aac3c1a3d: receive RaftClientReply:client-D63F27167560->09804a23-7f5e-4639-98b0-dd8aac3c1a3d@group-6FC1333E43B6, cid=44, FAILED org.apache.ratis.protocol.NotLeaderException: Server 09804a23-7f5e-4639-98b0-dd8aac3c1a3d is not the leader (838608ba-8b7b-40e1-8b89-0ac8f38cbb42:192.168.34.53:41281). Request must be sent to leader., logIndex=0, commits[09804a23-7f5e-4639-98b0-dd8aac3c1a3d:c8, 838608ba-8b7b-40e1-8b89-0ac8f38cbb42:c8, f8e72f0f-27ad-4da0-a4ac-f742e69d6053:c8]
2019-09-05 03:29:37,516 | INFO  | SCMAudit | user=jenkins1000 | ip=192.168.34.53 | op=SEND_HEARTBEAT {datanodeUUID=514a2e68-35f0-4c50-97b9-a7f344dd70d0, command=[]} | ret=SUCCESS |  
2019-09-05 03:29:37,752 | INFO  | SCMAudit | user=jenkins1000 | ip=192.168.34.53 | op=SEND_HEARTBEAT {datanodeUUID=d5831d47-7264-4585-8f97-4cba7bdc2965, command=[]} | ret=SUCCESS |  
2019-09-05 03:29:38,095 | INFO  | SCMAudit | user=jenkins1000 | ip=192.168.34.53 | op=SEND_HEARTBEAT {datanodeUUID=56431364-4f3b-4c40-806d-c9164d34aa1e, command=[]} | ret=SUCCESS |  
2019-09-05 03:29:38,320 | INFO  | SCMAudit | user=jenkins1000 | ip=192.168.34.53 | op=SEND_HEARTBEAT {datanodeUUID=3ae5d83c-115d-493e-a141-01bd711a0fb1, command=[]} | ret=SUCCESS |  
2019-09-05 03:29:38,357 | INFO  | SCMAudit | user=jenkins1000 | ip=192.168.34.53 | op=SEND_HEARTBEAT {datanodeUUID=09804a23-7f5e-4639-98b0-dd8aac3c1a3d, command=[]} | ret=SUCCESS |  
2019-09-05 03:29:38,389 | INFO  | SCMAudit | user=jenkins1000 | ip=192.168.34.53 | op=SEND_HEARTBEAT {datanodeUUID=838608ba-8b7b-40e1-8b89-0ac8f38cbb42, command=[]} | ret=SUCCESS |  
2019-09-05 03:29:38,407 | INFO  | SCMAudit | user=jenkins1000 | ip=192.168.34.53 | op=SEND_HEARTBEAT {datanodeUUID=f8e72f0f-27ad-4da0-a4ac-f742e69d6053, command=[]} | ret=SUCCESS |  
2019-09-05 03:29:38,516 | INFO  | SCMAudit | user=jenkins1000 | ip=192.168.34.53 | op=SEND_HEARTBEAT {datanodeUUID=514a2e68-35f0-4c50-97b9-a7f344dd70d0, command=[]} | ret=SUCCESS |  
2019-09-05 03:29:38,753 | INFO  | SCMAudit | user=jenkins1000 | ip=192.168.34.53 | op=SEND_HEARTBEAT {datanodeUUID=d5831d47-7264-4585-8f97-4cba7bdc2965, command=[]} | ret=SUCCESS |  
2019-09-05 03:29:39,096 | INFO  | SCMAudit | user=jenkins1000 | ip=192.168.34.53 | op=SEND_HEARTBEAT {datanodeUUID=56431364-4f3b-4c40-806d-c9164d34aa1e, command=[]} | ret=SUCCESS |  
2019-09-05 03:29:39,320 | INFO  | SCMAudit | user=jenkins1000 | ip=192.168.34.53 | op=SEND_HEARTBEAT {datanodeUUID=3ae5d83c-115d-493e-a141-01bd711a0fb1, command=[]} | ret=SUCCESS |  
2019-09-05 03:29:39,357 | INFO  | SCMAudit | user=jenkins1000 | ip=192.168.34.53 | op=SEND_HEARTBEAT {datanodeUUID=09804a23-7f5e-4639-98b0-dd8aac3c1a3d, command=[]} | ret=SUCCESS |  
2019-09-05 03:29:39,389 | INFO  | SCMAudit | user=jenkins1000 | ip=192.168.34.53 | op=SEND_HEARTBEAT {datanodeUUID=838608ba-8b7b-40e1-8b89-0ac8f38cbb42, command=[]} | ret=SUCCESS |  
2019-09-05 03:29:39,408 | INFO  | SCMAudit | user=jenkins1000 | ip=192.168.34.53 | op=SEND_HEARTBEAT {datanodeUUID=f8e72f0f-27ad-4da0-a4ac-f742e69d6053, command=[]} | ret=SUCCESS |  
2019-09-05 03:29:39,516 | INFO  | SCMAudit | user=jenkins1000 | ip=192.168.34.53 | op=SEND_HEARTBEAT {datanodeUUID=514a2e68-35f0-4c50-97b9-a7f344dd70d0, command=[]} | ret=SUCCESS |  
2019-09-05 03:29:39,752 | INFO  | SCMAudit | user=jenkins1000 | ip=192.168.34.53 | op=SEND_HEARTBEAT {datanodeUUID=d5831d47-7264-4585-8f97-4cba7bdc2965, command=[]} | ret=SUCCESS |  
2019-09-05 03:29:40,096 | INFO  | SCMAudit | user=jenkins1000 | ip=192.168.34.53 | op=SEND_HEARTBEAT {datanodeUUID=56431364-4f3b-4c40-806d-c9164d34aa1e, command=[]} | ret=SUCCESS |  
2019-09-05 03:29:40,319 | INFO  | SCMAudit | user=jenkins1000 | ip=192.168.34.53 | op=SEND_HEARTBEAT {datanodeUUID=3ae5d83c-115d-493e-a141-01bd711a0fb1, command=[]} | ret=SUCCESS |  
2019-09-05 03:29:40,357 | INFO  | SCMAudit | user=jenkins1000 | ip=192.168.34.53 | op=SEND_HEARTBEAT {datanodeUUID=09804a23-7f5e-4639-98b0-dd8aac3c1a3d, command=[]} | ret=SUCCESS |  
2019-09-05 03:29:40,390 | INFO  | SCMAudit | user=jenkins1000 | ip=192.168.34.53 | op=SEND_HEARTBEAT {datanodeUUID=838608ba-8b7b-40e1-8b89-0ac8f38cbb42, command=[]} | ret=SUCCESS |  
2019-09-05 03:29:40,407 | INFO  | SCMAudit | user=jenkins1000 | ip=192.168.34.53 | op=SEND_HEARTBEAT {datanodeUUID=f8e72f0f-27ad-4da0-a4ac-f742e69d6053, command=[]} | ret=SUCCESS |  
2019-09-05 03:29:40,517 | INFO  | SCMAudit | user=jenkins1000 | ip=192.168.34.53 | op=SEND_HEARTBEAT {datanodeUUID=514a2e68-35f0-4c50-97b9-a7f344dd70d0, command=[]} | ret=SUCCESS |  
2019-09-05 03:29:40,752 | INFO  | SCMAudit | user=jenkins1000 | ip=192.168.34.53 | op=SEND_HEARTBEAT {datanodeUUID=d5831d47-7264-4585-8f97-4cba7bdc2965, command=[]} | ret=SUCCESS |  
2019-09-05 03:29:41,095 | INFO  | SCMAudit | user=jenkins1000 | ip=192.168.34.53 | op=SEND_HEARTBEAT {datanodeUUID=56431364-4f3b-4c40-806d-c9164d34aa1e, command=[]} | ret=SUCCESS |  
2019-09-05 03:29:41,320 | INFO  | SCMAudit | user=jenkins1000 | ip=192.168.34.53 | op=SEND_HEARTBEAT {datanodeUUID=3ae5d83c-115d-493e-a141-01bd711a0fb1, command=[]} | ret=SUCCESS |  
2019-09-05 03:29:41,358 | INFO  | SCMAudit | user=jenkins1000 | ip=192.168.34.53 | op=SEND_HEARTBEAT {datanodeUUID=09804a23-7f5e-4639-98b0-dd8aac3c1a3d, command=[]} | ret=SUCCESS |  
2019-09-05 03:29:41,391 | INFO  | SCMAudit | user=jenkins1000 | ip=192.168.34.53 | op=SEND_HEARTBEAT {datanodeUUID=838608ba-8b7b-40e1-8b89-0ac8f38cbb42, command=[]} | ret=SUCCESS |  
2019-09-05 03:29:41,408 | INFO  | SCMAudit | user=jenkins1000 | ip=192.168.34.53 | op=SEND_HEARTBEAT {datanodeUUID=f8e72f0f-27ad-4da0-a4ac-f742e69d6053, command=[]} | ret=SUCCESS |  
2019-09-05 03:29:41,517 | INFO  | SCMAudit | user=jenkins1000 | ip=192.168.34.53 | op=SEND_HEARTBEAT {datanodeUUID=514a2e68-35f0-4c50-97b9-a7f344dd70d0, command=[]} | ret=SUCCESS |  
2019-09-05 03:29:41,753 | INFO  | SCMAudit | user=jenkins1000 | ip=192.168.34.53 | op=SEND_HEARTBEAT {datanodeUUID=d5831d47-7264-4585-8f97-4cba7bdc2965, command=[]} | ret=SUCCESS |  
2019-09-05 03:29:42,095 | INFO  | SCMAudit | user=jenkins1000 | ip=192.168.34.53 | op=SEND_HEARTBEAT {datanodeUUID=56431364-4f3b-4c40-806d-c9164d34aa1e, command=[]} | ret=SUCCESS |  
2019-09-05 03:29:42,320 | INFO  | SCMAudit | user=jenkins1000 | ip=192.168.34.53 | op=SEND_HEARTBEAT {datanodeUUID=3ae5d83c-115d-493e-a141-01bd711a0fb1, command=[]} | ret=SUCCESS |  
2019-09-05 03:29:42,358 | INFO  | SCMAudit | user=jenkins1000 | ip=192.168.34.53 | op=SEND_HEARTBEAT {datanodeUUID=09804a23-7f5e-4639-98b0-dd8aac3c1a3d, command=[]} | ret=SUCCESS |  
2019-09-05 03:29:42,392 | INFO  | SCMAudit | user=jenkins1000 | ip=192.168.34.53 | op=SEND_HEARTBEAT {datanodeUUID=838608ba-8b7b-40e1-8b89-0ac8f38cbb42, command=[]} | ret=SUCCESS |  
2019-09-05 03:29:42,408 | INFO  | SCMAudit | user=jenkins1000 | ip=192.168.34.53 | op=SEND_HEARTBEAT {datanodeUUID=f8e72f0f-27ad-4da0-a4ac-f742e69d6053, command=[]} | ret=SUCCESS |  
2019-09-05 03:29:42,450 [grpc-default-executor-0] INFO  client.GrpcClientProtocolClient (GrpcClientProtocolClient.java:onNext(255)) - client-D63F27167560->f8e72f0f-27ad-4da0-a4ac-f742e69d6053: receive RaftClientReply:client-D63F27167560->f8e72f0f-27ad-4da0-a4ac-f742e69d6053@group-6FC1333E43B6, cid=44, FAILED org.apache.ratis.protocol.NotLeaderException: Server f8e72f0f-27ad-4da0-a4ac-f742e69d6053 is not the leader (838608ba-8b7b-40e1-8b89-0ac8f38cbb42:192.168.34.53:41281). Request must be sent to leader., logIndex=0, commits[f8e72f0f-27ad-4da0-a4ac-f742e69d6053:c8, 838608ba-8b7b-40e1-8b89-0ac8f38cbb42:c8, 09804a23-7f5e-4639-98b0-dd8aac3c1a3d:c8]
2019-09-05 03:29:42,516 | INFO  | SCMAudit | user=jenkins1000 | ip=192.168.34.53 | op=SEND_HEARTBEAT {datanodeUUID=514a2e68-35f0-4c50-97b9-a7f344dd70d0, command=[]} | ret=SUCCESS |  
2019-09-05 03:29:42,752 | INFO  | SCMAudit | user=jenkins1000 | ip=192.168.34.53 | op=SEND_HEARTBEAT {datanodeUUID=d5831d47-7264-4585-8f97-4cba7bdc2965, command=[]} | ret=SUCCESS |  
2019-09-05 03:29:43,096 | INFO  | SCMAudit | user=jenkins1000 | ip=192.168.34.53 | op=SEND_HEARTBEAT {datanodeUUID=56431364-4f3b-4c40-806d-c9164d34aa1e, command=[]} | ret=SUCCESS |  
2019-09-05 03:29:43,319 | INFO  | SCMAudit | user=jenkins1000 | ip=192.168.34.53 | op=SEND_HEARTBEAT {datanodeUUID=3ae5d83c-115d-493e-a141-01bd711a0fb1, command=[]} | ret=SUCCESS |  
2019-09-05 03:29:43,358 | INFO  | SCMAudit | user=jenkins1000 | ip=192.168.34.53 | op=SEND_HEARTBEAT {datanodeUUID=09804a23-7f5e-4639-98b0-dd8aac3c1a3d, command=[]} | ret=SUCCESS |  
2019-09-05 03:29:43,393 | INFO  | SCMAudit | user=jenkins1000 | ip=192.168.34.53 | op=SEND_HEARTBEAT {datanodeUUID=838608ba-8b7b-40e1-8b89-0ac8f38cbb42, command=[]} | ret=SUCCESS |  
2019-09-05 03:29:43,408 | INFO  | SCMAudit | user=jenkins1000 | ip=192.168.34.53 | op=SEND_HEARTBEAT {datanodeUUID=f8e72f0f-27ad-4da0-a4ac-f742e69d6053, command=[]} | ret=SUCCESS |  
2019-09-05 03:29:43,516 | INFO  | SCMAudit | user=jenkins1000 | ip=192.168.34.53 | op=SEND_HEARTBEAT {datanodeUUID=514a2e68-35f0-4c50-97b9-a7f344dd70d0, command=[]} | ret=SUCCESS |  
2019-09-05 03:29:43,752 | INFO  | SCMAudit | user=jenkins1000 | ip=192.168.34.53 | op=SEND_HEARTBEAT {datanodeUUID=d5831d47-7264-4585-8f97-4cba7bdc2965, command=[]} | ret=SUCCESS |  
2019-09-05 03:29:44,096 | INFO  | SCMAudit | user=jenkins1000 | ip=192.168.34.53 | op=SEND_HEARTBEAT {datanodeUUID=56431364-4f3b-4c40-806d-c9164d34aa1e, command=[]} | ret=SUCCESS |  
2019-09-05 03:29:44,319 | INFO  | SCMAudit | user=jenkins1000 | ip=192.168.34.53 | op=SEND_HEARTBEAT {datanodeUUID=3ae5d83c-115d-493e-a141-01bd711a0fb1, command=[]} | ret=SUCCESS |  
2019-09-05 03:29:44,358 | INFO  | SCMAudit | user=jenkins1000 | ip=192.168.34.53 | op=SEND_HEARTBEAT {datanodeUUID=09804a23-7f5e-4639-98b0-dd8aac3c1a3d, command=[]} | ret=SUCCESS |  
2019-09-05 03:29:44,392 | INFO  | SCMAudit | user=jenkins1000 | ip=192.168.34.53 | op=SEND_HEARTBEAT {datanodeUUID=838608ba-8b7b-40e1-8b89-0ac8f38cbb42, command=[]} | ret=SUCCESS |  
2019-09-05 03:29:44,408 | INFO  | SCMAudit | user=jenkins1000 | ip=192.168.34.53 | op=SEND_HEARTBEAT {datanodeUUID=f8e72f0f-27ad-4da0-a4ac-f742e69d6053, command=[]} | ret=SUCCESS |  
2019-09-05 03:29:44,516 | INFO  | SCMAudit | user=jenkins1000 | ip=192.168.34.53 | op=SEND_HEARTBEAT {datanodeUUID=514a2e68-35f0-4c50-97b9-a7f344dd70d0, command=[]} | ret=SUCCESS |  
2019-09-05 03:29:44,753 | INFO  | SCMAudit | user=jenkins1000 | ip=192.168.34.53 | op=SEND_HEARTBEAT {datanodeUUID=d5831d47-7264-4585-8f97-4cba7bdc2965, command=[]} | ret=SUCCESS |  
2019-09-05 03:29:45,096 | INFO  | SCMAudit | user=jenkins1000 | ip=192.168.34.53 | op=SEND_HEARTBEAT {datanodeUUID=56431364-4f3b-4c40-806d-c9164d34aa1e, command=[]} | ret=SUCCESS |  
2019-09-05 03:29:45,320 | INFO  | SCMAudit | user=jenkins1000 | ip=192.168.34.53 | op=SEND_HEARTBEAT {datanodeUUID=3ae5d83c-115d-493e-a141-01bd711a0fb1, command=[]} | ret=SUCCESS |  
2019-09-05 03:29:45,358 | INFO  | SCMAudit | user=jenkins1000 | ip=192.168.34.53 | op=SEND_HEARTBEAT {datanodeUUID=09804a23-7f5e-4639-98b0-dd8aac3c1a3d, command=[]} | ret=SUCCESS |  
2019-09-05 03:29:45,392 | INFO  | SCMAudit | user=jenkins1000 | ip=192.168.34.53 | op=SEND_HEARTBEAT {datanodeUUID=838608ba-8b7b-40e1-8b89-0ac8f38cbb42, command=[]} | ret=SUCCESS |  
2019-09-05 03:29:45,409 | INFO  | SCMAudit | user=jenkins1000 | ip=192.168.34.53 | op=SEND_HEARTBEAT {datanodeUUID=f8e72f0f-27ad-4da0-a4ac-f742e69d6053, command=[]} | ret=SUCCESS |  
2019-09-05 03:29:45,516 | INFO  | SCMAudit | user=jenkins1000 | ip=192.168.34.53 | op=SEND_HEARTBEAT {datanodeUUID=514a2e68-35f0-4c50-97b9-a7f344dd70d0, command=[]} | ret=SUCCESS |  
2019-09-05 03:29:45,753 | INFO  | SCMAudit | user=jenkins1000 | ip=192.168.34.53 | op=SEND_HEARTBEAT {datanodeUUID=d5831d47-7264-4585-8f97-4cba7bdc2965, command=[]} | ret=SUCCESS |  
2019-09-05 03:29:46,096 | INFO  | SCMAudit | user=jenkins1000 | ip=192.168.34.53 | op=SEND_HEARTBEAT {datanodeUUID=56431364-4f3b-4c40-806d-c9164d34aa1e, command=[]} | ret=SUCCESS |  
2019-09-05 03:29:46,319 | INFO  | SCMAudit | user=jenkins1000 | ip=192.168.34.53 | op=SEND_HEARTBEAT {datanodeUUID=3ae5d83c-115d-493e-a141-01bd711a0fb1, command=[]} | ret=SUCCESS |  
2019-09-05 03:29:46,358 | INFO  | SCMAudit | user=jenkins1000 | ip=192.168.34.53 | op=SEND_HEARTBEAT {datanodeUUID=09804a23-7f5e-4639-98b0-dd8aac3c1a3d, command=[]} | ret=SUCCESS |  
2019-09-05 03:29:46,393 | INFO  | SCMAudit | user=jenkins1000 | ip=192.168.34.53 | op=SEND_HEARTBEAT {datanodeUUID=838608ba-8b7b-40e1-8b89-0ac8f38cbb42, command=[]} | ret=SUCCESS |  
2019-09-05 03:29:46,409 | INFO  | SCMAudit | user=jenkins1000 | ip=192.168.34.53 | op=SEND_HEARTBEAT {datanodeUUID=f8e72f0f-27ad-4da0-a4ac-f742e69d6053, command=[]} | ret=SUCCESS |  
2019-09-05 03:29:46,517 | INFO  | SCMAudit | user=jenkins1000 | ip=192.168.34.53 | op=SEND_HEARTBEAT {datanodeUUID=514a2e68-35f0-4c50-97b9-a7f344dd70d0, command=[]} | ret=SUCCESS |  
2019-09-05 03:29:46,752 | INFO  | SCMAudit | user=jenkins1000 | ip=192.168.34.53 | op=SEND_HEARTBEAT {datanodeUUID=d5831d47-7264-4585-8f97-4cba7bdc2965, command=[]} | ret=SUCCESS |  
2019-09-05 03:29:47,096 | INFO  | SCMAudit | user=jenkins1000 | ip=192.168.34.53 | op=SEND_HEARTBEAT {datanodeUUID=56431364-4f3b-4c40-806d-c9164d34aa1e, command=[]} | ret=SUCCESS |  
2019-09-05 03:29:47,320 | INFO  | SCMAudit | user=jenkins1000 | ip=192.168.34.53 | op=SEND_HEARTBEAT {datanodeUUID=3ae5d83c-115d-493e-a141-01bd711a0fb1, command=[]} | ret=SUCCESS |  
2019-09-05 03:29:47,358 | INFO  | SCMAudit | user=jenkins1000 | ip=192.168.34.53 | op=SEND_HEARTBEAT {datanodeUUID=09804a23-7f5e-4639-98b0-dd8aac3c1a3d, command=[]} | ret=SUCCESS |  
2019-09-05 03:29:47,393 | INFO  | SCMAudit | user=jenkins1000 | ip=192.168.34.53 | op=SEND_HEARTBEAT {datanodeUUID=838608ba-8b7b-40e1-8b89-0ac8f38cbb42, command=[]} | ret=SUCCESS |  
2019-09-05 03:29:47,409 | INFO  | SCMAudit | user=jenkins1000 | ip=192.168.34.53 | op=SEND_HEARTBEAT {datanodeUUID=f8e72f0f-27ad-4da0-a4ac-f742e69d6053, command=[]} | ret=SUCCESS |  
2019-09-05 03:29:47,489 [grpc-default-executor-3] INFO  client.GrpcClientProtocolClient (GrpcClientProtocolClient.java:onNext(255)) - client-D63F27167560->f8e72f0f-27ad-4da0-a4ac-f742e69d6053: receive RaftClientReply:client-D63F27167560->f8e72f0f-27ad-4da0-a4ac-f742e69d6053@group-6FC1333E43B6, cid=44, FAILED org.apache.ratis.protocol.NotLeaderException: Server f8e72f0f-27ad-4da0-a4ac-f742e69d6053 is not the leader (838608ba-8b7b-40e1-8b89-0ac8f38cbb42:192.168.34.53:41281). Request must be sent to leader., logIndex=0, commits[f8e72f0f-27ad-4da0-a4ac-f742e69d6053:c8, 838608ba-8b7b-40e1-8b89-0ac8f38cbb42:c8, 09804a23-7f5e-4639-98b0-dd8aac3c1a3d:c8]
2019-09-05 03:29:47,517 | INFO  | SCMAudit | user=jenkins1000 | ip=192.168.34.53 | op=SEND_HEARTBEAT {datanodeUUID=514a2e68-35f0-4c50-97b9-a7f344dd70d0, command=[]} | ret=SUCCESS |  
2019-09-05 03:29:47,752 | INFO  | SCMAudit | user=jenkins1000 | ip=192.168.34.53 | op=SEND_HEARTBEAT {datanodeUUID=d5831d47-7264-4585-8f97-4cba7bdc2965, command=[]} | ret=SUCCESS |  
2019-09-05 03:29:48,097 | INFO  | SCMAudit | user=jenkins1000 | ip=192.168.34.53 | op=SEND_HEARTBEAT {datanodeUUID=56431364-4f3b-4c40-806d-c9164d34aa1e, command=[]} | ret=SUCCESS |  
2019-09-05 03:29:48,320 | INFO  | SCMAudit | user=jenkins1000 | ip=192.168.34.53 | op=SEND_HEARTBEAT {datanodeUUID=3ae5d83c-115d-493e-a141-01bd711a0fb1, command=[]} | ret=SUCCESS |  
2019-09-05 03:29:48,359 | INFO  | SCMAudit | user=jenkins1000 | ip=192.168.34.53 | op=SEND_HEARTBEAT {datanodeUUID=09804a23-7f5e-4639-98b0-dd8aac3c1a3d, command=[]} | ret=SUCCESS |  
2019-09-05 03:29:48,393 | INFO  | SCMAudit | user=jenkins1000 | ip=192.168.34.53 | op=SEND_HEARTBEAT {datanodeUUID=838608ba-8b7b-40e1-8b89-0ac8f38cbb42, command=[]} | ret=SUCCESS |  
2019-09-05 03:29:48,410 | INFO  | SCMAudit | user=jenkins1000 | ip=192.168.34.53 | op=SEND_HEARTBEAT {datanodeUUID=f8e72f0f-27ad-4da0-a4ac-f742e69d6053, command=[]} | ret=SUCCESS |  
2019-09-05 03:29:48,520 | INFO  | SCMAudit | user=jenkins1000 | ip=192.168.34.53 | op=SEND_HEARTBEAT {datanodeUUID=514a2e68-35f0-4c50-97b9-a7f344dd70d0, command=[]} | ret=SUCCESS |  
2019-09-05 03:29:48,753 | INFO  | SCMAudit | user=jenkins1000 | ip=192.168.34.53 | op=SEND_HEARTBEAT {datanodeUUID=d5831d47-7264-4585-8f97-4cba7bdc2965, command=[]} | ret=SUCCESS |  
2019-09-05 03:29:49,096 | INFO  | SCMAudit | user=jenkins1000 | ip=192.168.34.53 | op=SEND_HEARTBEAT {datanodeUUID=56431364-4f3b-4c40-806d-c9164d34aa1e, command=[]} | ret=SUCCESS |  
2019-09-05 03:29:49,319 | INFO  | SCMAudit | user=jenkins1000 | ip=192.168.34.53 | op=SEND_HEARTBEAT {datanodeUUID=3ae5d83c-115d-493e-a141-01bd711a0fb1, command=[]} | ret=SUCCESS |  
2019-09-05 03:29:49,359 | INFO  | SCMAudit | user=jenkins1000 | ip=192.168.34.53 | op=SEND_HEARTBEAT {datanodeUUID=09804a23-7f5e-4639-98b0-dd8aac3c1a3d, command=[]} | ret=SUCCESS |  
2019-09-05 03:29:49,393 | INFO  | SCMAudit | user=jenkins1000 | ip=192.168.34.53 | op=SEND_HEARTBEAT {datanodeUUID=838608ba-8b7b-40e1-8b89-0ac8f38cbb42, command=[]} | ret=SUCCESS |  
2019-09-05 03:29:49,411 | INFO  | SCMAudit | user=jenkins1000 | ip=192.168.34.53 | op=SEND_HEARTBEAT {datanodeUUID=f8e72f0f-27ad-4da0-a4ac-f742e69d6053, command=[]} | ret=SUCCESS |  
2019-09-05 03:29:49,516 | INFO  | SCMAudit | user=jenkins1000 | ip=192.168.34.53 | op=SEND_HEARTBEAT {datanodeUUID=514a2e68-35f0-4c50-97b9-a7f344dd70d0, command=[]} | ret=SUCCESS |  
2019-09-05 03:29:49,753 | INFO  | SCMAudit | user=jenkins1000 | ip=192.168.34.53 | op=SEND_HEARTBEAT {datanodeUUID=d5831d47-7264-4585-8f97-4cba7bdc2965, command=[]} | ret=SUCCESS |  
2019-09-05 03:29:50,096 | INFO  | SCMAudit | user=jenkins1000 | ip=192.168.34.53 | op=SEND_HEARTBEAT {datanodeUUID=56431364-4f3b-4c40-806d-c9164d34aa1e, command=[]} | ret=SUCCESS |  
2019-09-05 03:29:50,320 | INFO  | SCMAudit | user=jenkins1000 | ip=192.168.34.53 | op=SEND_HEARTBEAT {datanodeUUID=3ae5d83c-115d-493e-a141-01bd711a0fb1, command=[]} | ret=SUCCESS |  
2019-09-05 03:29:50,359 | INFO  | SCMAudit | user=jenkins1000 | ip=192.168.34.53 | op=SEND_HEARTBEAT {datanodeUUID=09804a23-7f5e-4639-98b0-dd8aac3c1a3d, command=[]} | ret=SUCCESS |  
2019-09-05 03:29:50,393 | INFO  | SCMAudit | user=jenkins1000 | ip=192.168.34.53 | op=SEND_HEARTBEAT {datanodeUUID=838608ba-8b7b-40e1-8b89-0ac8f38cbb42, command=[]} | ret=SUCCESS |  
2019-09-05 03:29:50,412 | INFO  | SCMAudit | user=jenkins1000 | ip=192.168.34.53 | op=SEND_HEARTBEAT {datanodeUUID=f8e72f0f-27ad-4da0-a4ac-f742e69d6053, command=[]} | ret=SUCCESS |  
2019-09-05 03:29:50,517 | INFO  | SCMAudit | user=jenkins1000 | ip=192.168.34.53 | op=SEND_HEARTBEAT {datanodeUUID=514a2e68-35f0-4c50-97b9-a7f344dd70d0, command=[]} | ret=SUCCESS |  
2019-09-05 03:29:50,752 | INFO  | SCMAudit | user=jenkins1000 | ip=192.168.34.53 | op=SEND_HEARTBEAT {datanodeUUID=d5831d47-7264-4585-8f97-4cba7bdc2965, command=[]} | ret=SUCCESS |  
2019-09-05 03:29:51,097 | INFO  | SCMAudit | user=jenkins1000 | ip=192.168.34.53 | op=SEND_HEARTBEAT {datanodeUUID=56431364-4f3b-4c40-806d-c9164d34aa1e, command=[]} | ret=SUCCESS |  
2019-09-05 03:29:51,319 | INFO  | SCMAudit | user=jenkins1000 | ip=192.168.34.53 | op=SEND_HEARTBEAT {datanodeUUID=3ae5d83c-115d-493e-a141-01bd711a0fb1, command=[]} | ret=SUCCESS |  
2019-09-05 03:29:51,358 | INFO  | SCMAudit | user=jenkins1000 | ip=192.168.34.53 | op=SEND_HEARTBEAT {datanodeUUID=09804a23-7f5e-4639-98b0-dd8aac3c1a3d, command=[]} | ret=SUCCESS |  
2019-09-05 03:29:51,393 | INFO  | SCMAudit | user=jenkins1000 | ip=192.168.34.53 | op=SEND_HEARTBEAT {datanodeUUID=838608ba-8b7b-40e1-8b89-0ac8f38cbb42, command=[]} | ret=SUCCESS |  
2019-09-05 03:29:51,411 | INFO  | SCMAudit | user=jenkins1000 | ip=192.168.34.53 | op=SEND_HEARTBEAT {datanodeUUID=f8e72f0f-27ad-4da0-a4ac-f742e69d6053, command=[]} | ret=SUCCESS |  
2019-09-05 03:29:51,517 | INFO  | SCMAudit | user=jenkins1000 | ip=192.168.34.53 | op=SEND_HEARTBEAT {datanodeUUID=514a2e68-35f0-4c50-97b9-a7f344dd70d0, command=[]} | ret=SUCCESS |  
2019-09-05 03:29:51,753 | INFO  | SCMAudit | user=jenkins1000 | ip=192.168.34.53 | op=SEND_HEARTBEAT {datanodeUUID=d5831d47-7264-4585-8f97-4cba7bdc2965, command=[]} | ret=SUCCESS |  
2019-09-05 03:29:52,097 | INFO  | SCMAudit | user=jenkins1000 | ip=192.168.34.53 | op=SEND_HEARTBEAT {datanodeUUID=56431364-4f3b-4c40-806d-c9164d34aa1e, command=[]} | ret=SUCCESS |  
2019-09-05 03:29:52,320 | INFO  | SCMAudit | user=jenkins1000 | ip=192.168.34.53 | op=SEND_HEARTBEAT {datanodeUUID=3ae5d83c-115d-493e-a141-01bd711a0fb1, command=[]} | ret=SUCCESS |  
2019-09-05 03:29:52,359 | INFO  | SCMAudit | user=jenkins1000 | ip=192.168.34.53 | op=SEND_HEARTBEAT {datanodeUUID=09804a23-7f5e-4639-98b0-dd8aac3c1a3d, command=[]} | ret=SUCCESS |  
2019-09-05 03:29:52,393 | INFO  | SCMAudit | user=jenkins1000 | ip=192.168.34.53 | op=SEND_HEARTBEAT {datanodeUUID=838608ba-8b7b-40e1-8b89-0ac8f38cbb42, command=[]} | ret=SUCCESS |  
2019-09-05 03:29:52,412 | INFO  | SCMAudit | user=jenkins1000 | ip=192.168.34.53 | op=SEND_HEARTBEAT {datanodeUUID=f8e72f0f-27ad-4da0-a4ac-f742e69d6053, command=[]} | ret=SUCCESS |  
2019-09-05 03:29:52,516 | INFO  | SCMAudit | user=jenkins1000 | ip=192.168.34.53 | op=SEND_HEARTBEAT {datanodeUUID=514a2e68-35f0-4c50-97b9-a7f344dd70d0, command=[]} | ret=SUCCESS |  
2019-09-05 03:29:52,553 [grpc-default-executor-0] INFO  client.GrpcClientProtocolClient (GrpcClientProtocolClient.java:onNext(255)) - client-D63F27167560->09804a23-7f5e-4639-98b0-dd8aac3c1a3d: receive RaftClientReply:client-D63F27167560->09804a23-7f5e-4639-98b0-dd8aac3c1a3d@group-6FC1333E43B6, cid=44, FAILED org.apache.ratis.protocol.NotLeaderException: Server 09804a23-7f5e-4639-98b0-dd8aac3c1a3d is not the leader (838608ba-8b7b-40e1-8b89-0ac8f38cbb42:192.168.34.53:41281). Request must be sent to leader., logIndex=0, commits[09804a23-7f5e-4639-98b0-dd8aac3c1a3d:c8, 838608ba-8b7b-40e1-8b89-0ac8f38cbb42:c8, f8e72f0f-27ad-4da0-a4ac-f742e69d6053:c8]
2019-09-05 03:29:52,752 | INFO  | SCMAudit | user=jenkins1000 | ip=192.168.34.53 | op=SEND_HEARTBEAT {datanodeUUID=d5831d47-7264-4585-8f97-4cba7bdc2965, command=[]} | ret=SUCCESS |  
2019-09-05 03:29:53,098 | INFO  | SCMAudit | user=jenkins1000 | ip=192.168.34.53 | op=SEND_HEARTBEAT {datanodeUUID=56431364-4f3b-4c40-806d-c9164d34aa1e, command=[]} | ret=SUCCESS |  
2019-09-05 03:29:53,319 | INFO  | SCMAudit | user=jenkins1000 | ip=192.168.34.53 | op=SEND_HEARTBEAT {datanodeUUID=3ae5d83c-115d-493e-a141-01bd711a0fb1, command=[]} | ret=SUCCESS |  
2019-09-05 03:29:53,360 | INFO  | SCMAudit | user=jenkins1000 | ip=192.168.34.53 | op=SEND_HEARTBEAT {datanodeUUID=09804a23-7f5e-4639-98b0-dd8aac3c1a3d, command=[]} | ret=SUCCESS |  
2019-09-05 03:29:53,393 | INFO  | SCMAudit | user=jenkins1000 | ip=192.168.34.53 | op=SEND_HEARTBEAT {datanodeUUID=838608ba-8b7b-40e1-8b89-0ac8f38cbb42, command=[]} | ret=SUCCESS |  
2019-09-05 03:29:53,411 | INFO  | SCMAudit | user=jenkins1000 | ip=192.168.34.53 | op=SEND_HEARTBEAT {datanodeUUID=f8e72f0f-27ad-4da0-a4ac-f742e69d6053, command=[]} | ret=SUCCESS |  
2019-09-05 03:29:53,517 | INFO  | SCMAudit | user=jenkins1000 | ip=192.168.34.53 | op=SEND_HEARTBEAT {datanodeUUID=514a2e68-35f0-4c50-97b9-a7f344dd70d0, command=[]} | ret=SUCCESS |  
2019-09-05 03:29:53,753 | INFO  | SCMAudit | user=jenkins1000 | ip=192.168.34.53 | op=SEND_HEARTBEAT {datanodeUUID=d5831d47-7264-4585-8f97-4cba7bdc2965, command=[]} | ret=SUCCESS |  
2019-09-05 03:29:54,097 | INFO  | SCMAudit | user=jenkins1000 | ip=192.168.34.53 | op=SEND_HEARTBEAT {datanodeUUID=56431364-4f3b-4c40-806d-c9164d34aa1e, command=[]} | ret=SUCCESS |  
2019-09-05 03:29:54,319 | INFO  | SCMAudit | user=jenkins1000 | ip=192.168.34.53 | op=SEND_HEARTBEAT {datanodeUUID=3ae5d83c-115d-493e-a141-01bd711a0fb1, command=[]} | ret=SUCCESS |  
2019-09-05 03:29:54,364 | INFO  | SCMAudit | user=jenkins1000 | ip=192.168.34.53 | op=SEND_HEARTBEAT {datanodeUUID=09804a23-7f5e-4639-98b0-dd8aac3c1a3d, command=[]} | ret=SUCCESS |  
2019-09-05 03:29:54,394 | INFO  | SCMAudit | user=jenkins1000 | ip=192.168.34.53 | op=SEND_HEARTBEAT {datanodeUUID=838608ba-8b7b-40e1-8b89-0ac8f38cbb42, command=[]} | ret=SUCCESS |  
2019-09-05 03:29:54,411 | INFO  | SCMAudit | user=jenkins1000 | ip=192.168.34.53 | op=SEND_HEARTBEAT {datanodeUUID=f8e72f0f-27ad-4da0-a4ac-f742e69d6053, command=[]} | ret=SUCCESS |  
2019-09-05 03:29:54,516 | INFO  | SCMAudit | user=jenkins1000 | ip=192.168.34.53 | op=SEND_HEARTBEAT {datanodeUUID=514a2e68-35f0-4c50-97b9-a7f344dd70d0, command=[]} | ret=SUCCESS |  
2019-09-05 03:29:54,753 | INFO  | SCMAudit | user=jenkins1000 | ip=192.168.34.53 | op=SEND_HEARTBEAT {datanodeUUID=d5831d47-7264-4585-8f97-4cba7bdc2965, command=[]} | ret=SUCCESS |  
2019-09-05 03:29:55,098 | INFO  | SCMAudit | user=jenkins1000 | ip=192.168.34.53 | op=SEND_HEARTBEAT {datanodeUUID=56431364-4f3b-4c40-806d-c9164d34aa1e, command=[]} | ret=SUCCESS |  
2019-09-05 03:29:55,320 | INFO  | SCMAudit | user=jenkins1000 | ip=192.168.34.53 | op=SEND_HEARTBEAT {datanodeUUID=3ae5d83c-115d-493e-a141-01bd711a0fb1, command=[]} | ret=SUCCESS |  
2019-09-05 03:29:55,360 | INFO  | SCMAudit | user=jenkins1000 | ip=192.168.34.53 | op=SEND_HEARTBEAT {datanodeUUID=09804a23-7f5e-4639-98b0-dd8aac3c1a3d, command=[]} | ret=SUCCESS |  
2019-09-05 03:29:55,393 | INFO  | SCMAudit | user=jenkins1000 | ip=192.168.34.53 | op=SEND_HEARTBEAT {datanodeUUID=838608ba-8b7b-40e1-8b89-0ac8f38cbb42, command=[]} | ret=SUCCESS |  
2019-09-05 03:29:55,411 | INFO  | SCMAudit | user=jenkins1000 | ip=192.168.34.53 | op=SEND_HEARTBEAT {datanodeUUID=f8e72f0f-27ad-4da0-a4ac-f742e69d6053, command=[]} | ret=SUCCESS |  
2019-09-05 03:29:55,516 | INFO  | SCMAudit | user=jenkins1000 | ip=192.168.34.53 | op=SEND_HEARTBEAT {datanodeUUID=514a2e68-35f0-4c50-97b9-a7f344dd70d0, command=[]} | ret=SUCCESS |  
2019-09-05 03:29:55,752 | INFO  | SCMAudit | user=jenkins1000 | ip=192.168.34.53 | op=SEND_HEARTBEAT {datanodeUUID=d5831d47-7264-4585-8f97-4cba7bdc2965, command=[]} | ret=SUCCESS |  
2019-09-05 03:29:56,097 | INFO  | SCMAudit | user=jenkins1000 | ip=192.168.34.53 | op=SEND_HEARTBEAT {datanodeUUID=56431364-4f3b-4c40-806d-c9164d34aa1e, command=[]} | ret=SUCCESS |  
2019-09-05 03:29:56,320 | INFO  | SCMAudit | user=jenkins1000 | ip=192.168.34.53 | op=SEND_HEARTBEAT {datanodeUUID=3ae5d83c-115d-493e-a141-01bd711a0fb1, command=[]} | ret=SUCCESS |  
2019-09-05 03:29:56,360 | INFO  | SCMAudit | user=jenkins1000 | ip=192.168.34.53 | op=SEND_HEARTBEAT {datanodeUUID=09804a23-7f5e-4639-98b0-dd8aac3c1a3d, command=[]} | ret=SUCCESS |  
2019-09-05 03:29:56,393 | INFO  | SCMAudit | user=jenkins1000 | ip=192.168.34.53 | op=SEND_HEARTBEAT {datanodeUUID=838608ba-8b7b-40e1-8b89-0ac8f38cbb42, command=[]} | ret=SUCCESS |  
2019-09-05 03:29:56,411 | INFO  | SCMAudit | user=jenkins1000 | ip=192.168.34.53 | op=SEND_HEARTBEAT {datanodeUUID=f8e72f0f-27ad-4da0-a4ac-f742e69d6053, command=[]} | ret=SUCCESS |  
2019-09-05 03:29:56,516 | INFO  | SCMAudit | user=jenkins1000 | ip=192.168.34.53 | op=SEND_HEARTBEAT {datanodeUUID=514a2e68-35f0-4c50-97b9-a7f344dd70d0, command=[]} | ret=SUCCESS |  
2019-09-05 03:29:56,752 | INFO  | SCMAudit | user=jenkins1000 | ip=192.168.34.53 | op=SEND_HEARTBEAT {datanodeUUID=d5831d47-7264-4585-8f97-4cba7bdc2965, command=[]} | ret=SUCCESS |  
2019-09-05 03:29:57,098 | INFO  | SCMAudit | user=jenkins1000 | ip=192.168.34.53 | op=SEND_HEARTBEAT {datanodeUUID=56431364-4f3b-4c40-806d-c9164d34aa1e, command=[]} | ret=SUCCESS |  
2019-09-05 03:29:57,319 | INFO  | SCMAudit | user=jenkins1000 | ip=192.168.34.53 | op=SEND_HEARTBEAT {datanodeUUID=3ae5d83c-115d-493e-a141-01bd711a0fb1, command=[]} | ret=SUCCESS |  
2019-09-05 03:29:57,360 | INFO  | SCMAudit | user=jenkins1000 | ip=192.168.34.53 | op=SEND_HEARTBEAT {datanodeUUID=09804a23-7f5e-4639-98b0-dd8aac3c1a3d, command=[]} | ret=SUCCESS |  
2019-09-05 03:29:57,394 | INFO  | SCMAudit | user=jenkins1000 | ip=192.168.34.53 | op=SEND_HEARTBEAT {datanodeUUID=838608ba-8b7b-40e1-8b89-0ac8f38cbb42, command=[]} | ret=SUCCESS |  
2019-09-05 03:29:57,411 | INFO  | SCMAudit | user=jenkins1000 | ip=192.168.34.53 | op=SEND_HEARTBEAT {datanodeUUID=f8e72f0f-27ad-4da0-a4ac-f742e69d6053, command=[]} | ret=SUCCESS |  
2019-09-05 03:29:57,517 | INFO  | SCMAudit | user=jenkins1000 | ip=192.168.34.53 | op=SEND_HEARTBEAT {datanodeUUID=514a2e68-35f0-4c50-97b9-a7f344dd70d0, command=[]} | ret=SUCCESS |  
2019-09-05 03:29:57,597 [grpc-default-executor-0] INFO  client.GrpcClientProtocolClient (GrpcClientProtocolClient.java:onNext(255)) - client-D63F27167560->09804a23-7f5e-4639-98b0-dd8aac3c1a3d: receive RaftClientReply:client-D63F27167560->09804a23-7f5e-4639-98b0-dd8aac3c1a3d@group-6FC1333E43B6, cid=44, FAILED org.apache.ratis.protocol.NotLeaderException: Server 09804a23-7f5e-4639-98b0-dd8aac3c1a3d is not the leader (838608ba-8b7b-40e1-8b89-0ac8f38cbb42:192.168.34.53:41281). Request must be sent to leader., logIndex=0, commits[09804a23-7f5e-4639-98b0-dd8aac3c1a3d:c8, 838608ba-8b7b-40e1-8b89-0ac8f38cbb42:c8, f8e72f0f-27ad-4da0-a4ac-f742e69d6053:c8]
2019-09-05 03:29:57,753 | INFO  | SCMAudit | user=jenkins1000 | ip=192.168.34.53 | op=SEND_HEARTBEAT {datanodeUUID=d5831d47-7264-4585-8f97-4cba7bdc2965, command=[]} | ret=SUCCESS |  
2019-09-05 03:29:58,099 | INFO  | SCMAudit | user=jenkins1000 | ip=192.168.34.53 | op=SEND_HEARTBEAT {datanodeUUID=56431364-4f3b-4c40-806d-c9164d34aa1e, command=[]} | ret=SUCCESS |  
2019-09-05 03:29:58,320 | INFO  | SCMAudit | user=jenkins1000 | ip=192.168.34.53 | op=SEND_HEARTBEAT {datanodeUUID=3ae5d83c-115d-493e-a141-01bd711a0fb1, command=[]} | ret=SUCCESS |  
2019-09-05 03:29:58,360 | INFO  | SCMAudit | user=jenkins1000 | ip=192.168.34.53 | op=SEND_HEARTBEAT {datanodeUUID=09804a23-7f5e-4639-98b0-dd8aac3c1a3d, command=[]} | ret=SUCCESS |  
2019-09-05 03:29:58,395 | INFO  | SCMAudit | user=jenkins1000 | ip=192.168.34.53 | op=SEND_HEARTBEAT {datanodeUUID=838608ba-8b7b-40e1-8b89-0ac8f38cbb42, command=[]} | ret=SUCCESS |  
2019-09-05 03:29:58,411 | INFO  | SCMAudit | user=jenkins1000 | ip=192.168.34.53 | op=SEND_HEARTBEAT {datanodeUUID=f8e72f0f-27ad-4da0-a4ac-f742e69d6053, command=[]} | ret=SUCCESS |  
2019-09-05 03:29:58,517 | INFO  | SCMAudit | user=jenkins1000 | ip=192.168.34.53 | op=SEND_HEARTBEAT {datanodeUUID=514a2e68-35f0-4c50-97b9-a7f344dd70d0, command=[]} | ret=SUCCESS |  
2019-09-05 03:29:58,752 | INFO  | SCMAudit | user=jenkins1000 | ip=192.168.34.53 | op=SEND_HEARTBEAT {datanodeUUID=d5831d47-7264-4585-8f97-4cba7bdc2965, command=[]} | ret=SUCCESS |  
2019-09-05 03:29:59,097 | INFO  | SCMAudit | user=jenkins1000 | ip=192.168.34.53 | op=SEND_HEARTBEAT {datanodeUUID=56431364-4f3b-4c40-806d-c9164d34aa1e, command=[]} | ret=SUCCESS |  
2019-09-05 03:29:59,320 | INFO  | SCMAudit | user=jenkins1000 | ip=192.168.34.53 | op=SEND_HEARTBEAT {datanodeUUID=3ae5d83c-115d-493e-a141-01bd711a0fb1, command=[]} | ret=SUCCESS |  
2019-09-05 03:29:59,361 | INFO  | SCMAudit | user=jenkins1000 | ip=192.168.34.53 | op=SEND_HEARTBEAT {datanodeUUID=09804a23-7f5e-4639-98b0-dd8aac3c1a3d, command=[]} | ret=SUCCESS |  
2019-09-05 03:29:59,395 | INFO  | SCMAudit | user=jenkins1000 | ip=192.168.34.53 | op=SEND_HEARTBEAT {datanodeUUID=838608ba-8b7b-40e1-8b89-0ac8f38cbb42, command=[]} | ret=SUCCESS |  
2019-09-05 03:29:59,411 | INFO  | SCMAudit | user=jenkins1000 | ip=192.168.34.53 | op=SEND_HEARTBEAT {datanodeUUID=f8e72f0f-27ad-4da0-a4ac-f742e69d6053, command=[]} | ret=SUCCESS |  
2019-09-05 03:29:59,516 | INFO  | SCMAudit | user=jenkins1000 | ip=192.168.34.53 | op=SEND_HEARTBEAT {datanodeUUID=514a2e68-35f0-4c50-97b9-a7f344dd70d0, command=[]} | ret=SUCCESS |  
2019-09-05 03:29:59,753 | INFO  | SCMAudit | user=jenkins1000 | ip=192.168.34.53 | op=SEND_HEARTBEAT {datanodeUUID=d5831d47-7264-4585-8f97-4cba7bdc2965, command=[]} | ret=SUCCESS |  
2019-09-05 03:30:00,098 | INFO  | SCMAudit | user=jenkins1000 | ip=192.168.34.53 | op=SEND_HEARTBEAT {datanodeUUID=56431364-4f3b-4c40-806d-c9164d34aa1e, command=[]} | ret=SUCCESS |  
2019-09-05 03:30:00,321 | INFO  | SCMAudit | user=jenkins1000 | ip=192.168.34.53 | op=SEND_HEARTBEAT {datanodeUUID=3ae5d83c-115d-493e-a141-01bd711a0fb1, command=[]} | ret=SUCCESS |  
2019-09-05 03:30:00,360 | INFO  | SCMAudit | user=jenkins1000 | ip=192.168.34.53 | op=SEND_HEARTBEAT {datanodeUUID=09804a23-7f5e-4639-98b0-dd8aac3c1a3d, command=[]} | ret=SUCCESS |  
2019-09-05 03:30:00,395 | INFO  | SCMAudit | user=jenkins1000 | ip=192.168.34.53 | op=SEND_HEARTBEAT {datanodeUUID=838608ba-8b7b-40e1-8b89-0ac8f38cbb42, command=[]} | ret=SUCCESS |  
2019-09-05 03:30:00,411 | INFO  | SCMAudit | user=jenkins1000 | ip=192.168.34.53 | op=SEND_HEARTBEAT {datanodeUUID=f8e72f0f-27ad-4da0-a4ac-f742e69d6053, command=[]} | ret=SUCCESS |  
2019-09-05 03:30:00,516 | INFO  | SCMAudit | user=jenkins1000 | ip=192.168.34.53 | op=SEND_HEARTBEAT {datanodeUUID=514a2e68-35f0-4c50-97b9-a7f344dd70d0, command=[]} | ret=SUCCESS |  
2019-09-05 03:30:00,752 | INFO  | SCMAudit | user=jenkins1000 | ip=192.168.34.53 | op=SEND_HEARTBEAT {datanodeUUID=d5831d47-7264-4585-8f97-4cba7bdc2965, command=[]} | ret=SUCCESS |  
2019-09-05 03:30:01,098 | INFO  | SCMAudit | user=jenkins1000 | ip=192.168.34.53 | op=SEND_HEARTBEAT {datanodeUUID=56431364-4f3b-4c40-806d-c9164d34aa1e, command=[]} | ret=SUCCESS |  
2019-09-05 03:30:01,321 | INFO  | SCMAudit | user=jenkins1000 | ip=192.168.34.53 | op=SEND_HEARTBEAT {datanodeUUID=3ae5d83c-115d-493e-a141-01bd711a0fb1, command=[]} | ret=SUCCESS |  
2019-09-05 03:30:01,360 | INFO  | SCMAudit | user=jenkins1000 | ip=192.168.34.53 | op=SEND_HEARTBEAT {datanodeUUID=09804a23-7f5e-4639-98b0-dd8aac3c1a3d, command=[]} | ret=SUCCESS |  
2019-09-05 03:30:01,396 | INFO  | SCMAudit | user=jenkins1000 | ip=192.168.34.53 | op=SEND_HEARTBEAT {datanodeUUID=838608ba-8b7b-40e1-8b89-0ac8f38cbb42, command=[]} | ret=SUCCESS |  
2019-09-05 03:30:01,412 | INFO  | SCMAudit | user=jenkins1000 | ip=192.168.34.53 | op=SEND_HEARTBEAT {datanodeUUID=f8e72f0f-27ad-4da0-a4ac-f742e69d6053, command=[]} | ret=SUCCESS |  
2019-09-05 03:30:01,516 | INFO  | SCMAudit | user=jenkins1000 | ip=192.168.34.53 | op=SEND_HEARTBEAT {datanodeUUID=514a2e68-35f0-4c50-97b9-a7f344dd70d0, command=[]} | ret=SUCCESS |  
2019-09-05 03:30:01,752 | INFO  | SCMAudit | user=jenkins1000 | ip=192.168.34.53 | op=SEND_HEARTBEAT {datanodeUUID=d5831d47-7264-4585-8f97-4cba7bdc2965, command=[]} | ret=SUCCESS |  
2019-09-05 03:30:02,098 | INFO  | SCMAudit | user=jenkins1000 | ip=192.168.34.53 | op=SEND_HEARTBEAT {datanodeUUID=56431364-4f3b-4c40-806d-c9164d34aa1e, command=[]} | ret=SUCCESS |  
2019-09-05 03:30:02,320 | INFO  | SCMAudit | user=jenkins1000 | ip=192.168.34.53 | op=SEND_HEARTBEAT {datanodeUUID=3ae5d83c-115d-493e-a141-01bd711a0fb1, command=[]} | ret=SUCCESS |  
2019-09-05 03:30:02,360 | INFO  | SCMAudit | user=jenkins1000 | ip=192.168.34.53 | op=SEND_HEARTBEAT {datanodeUUID=09804a23-7f5e-4639-98b0-dd8aac3c1a3d, command=[]} | ret=SUCCESS |  
2019-09-05 03:30:02,396 | INFO  | SCMAudit | user=jenkins1000 | ip=192.168.34.53 | op=SEND_HEARTBEAT {datanodeUUID=838608ba-8b7b-40e1-8b89-0ac8f38cbb42, command=[]} | ret=SUCCESS |  
2019-09-05 03:30:02,412 | INFO  | SCMAudit | user=jenkins1000 | ip=192.168.34.53 | op=SEND_HEARTBEAT {datanodeUUID=f8e72f0f-27ad-4da0-a4ac-f742e69d6053, command=[]} | ret=SUCCESS |  
2019-09-05 03:30:02,517 | INFO  | SCMAudit | user=jenkins1000 | ip=192.168.34.53 | op=SEND_HEARTBEAT {datanodeUUID=514a2e68-35f0-4c50-97b9-a7f344dd70d0, command=[]} | ret=SUCCESS |  
2019-09-05 03:30:02,640 [grpc-default-executor-0] INFO  client.GrpcClientProtocolClient (GrpcClientProtocolClient.java:onNext(255)) - client-D63F27167560->09804a23-7f5e-4639-98b0-dd8aac3c1a3d: receive RaftClientReply:client-D63F27167560->09804a23-7f5e-4639-98b0-dd8aac3c1a3d@group-6FC1333E43B6, cid=44, FAILED org.apache.ratis.protocol.NotLeaderException: Server 09804a23-7f5e-4639-98b0-dd8aac3c1a3d is not the leader (838608ba-8b7b-40e1-8b89-0ac8f38cbb42:192.168.34.53:41281). Request must be sent to leader., logIndex=0, commits[09804a23-7f5e-4639-98b0-dd8aac3c1a3d:c8, 838608ba-8b7b-40e1-8b89-0ac8f38cbb42:c8, f8e72f0f-27ad-4da0-a4ac-f742e69d6053:c8]
2019-09-05 03:30:02,753 | INFO  | SCMAudit | user=jenkins1000 | ip=192.168.34.53 | op=SEND_HEARTBEAT {datanodeUUID=d5831d47-7264-4585-8f97-4cba7bdc2965, command=[]} | ret=SUCCESS |  
2019-09-05 03:30:03,098 | INFO  | SCMAudit | user=jenkins1000 | ip=192.168.34.53 | op=SEND_HEARTBEAT {datanodeUUID=56431364-4f3b-4c40-806d-c9164d34aa1e, command=[]} | ret=SUCCESS |  
2019-09-05 03:30:03,320 | INFO  | SCMAudit | user=jenkins1000 | ip=192.168.34.53 | op=SEND_HEARTBEAT {datanodeUUID=3ae5d83c-115d-493e-a141-01bd711a0fb1, command=[]} | ret=SUCCESS |  
2019-09-05 03:30:03,361 | INFO  | SCMAudit | user=jenkins1000 | ip=192.168.34.53 | op=SEND_HEARTBEAT {datanodeUUID=09804a23-7f5e-4639-98b0-dd8aac3c1a3d, command=[]} | ret=SUCCESS |  
2019-09-05 03:30:03,396 | INFO  | SCMAudit | user=jenkins1000 | ip=192.168.34.53 | op=SEND_HEARTBEAT {datanodeUUID=838608ba-8b7b-40e1-8b89-0ac8f38cbb42, command=[]} | ret=SUCCESS |  
2019-09-05 03:30:03,412 | INFO  | SCMAudit | user=jenkins1000 | ip=192.168.34.53 | op=SEND_HEARTBEAT {datanodeUUID=f8e72f0f-27ad-4da0-a4ac-f742e69d6053, command=[]} | ret=SUCCESS |  
2019-09-05 03:30:03,517 | INFO  | SCMAudit | user=jenkins1000 | ip=192.168.34.53 | op=SEND_HEARTBEAT {datanodeUUID=514a2e68-35f0-4c50-97b9-a7f344dd70d0, command=[]} | ret=SUCCESS |  
2019-09-05 03:30:03,752 | INFO  | SCMAudit | user=jenkins1000 | ip=192.168.34.53 | op=SEND_HEARTBEAT {datanodeUUID=d5831d47-7264-4585-8f97-4cba7bdc2965, command=[]} | ret=SUCCESS |  
2019-09-05 03:30:04,098 | INFO  | SCMAudit | user=jenkins1000 | ip=192.168.34.53 | op=SEND_HEARTBEAT {datanodeUUID=56431364-4f3b-4c40-806d-c9164d34aa1e, command=[]} | ret=SUCCESS |  
2019-09-05 03:30:04,321 | INFO  | SCMAudit | user=jenkins1000 | ip=192.168.34.53 | op=SEND_HEARTBEAT {datanodeUUID=3ae5d83c-115d-493e-a141-01bd711a0fb1, command=[]} | ret=SUCCESS |  
2019-09-05 03:30:04,360 | INFO  | SCMAudit | user=jenkins1000 | ip=192.168.34.53 | op=SEND_HEARTBEAT {datanodeUUID=09804a23-7f5e-4639-98b0-dd8aac3c1a3d, command=[]} | ret=SUCCESS |  
2019-09-05 03:30:04,396 | INFO  | SCMAudit | user=jenkins1000 | ip=192.168.34.53 | op=SEND_HEARTBEAT {datanodeUUID=838608ba-8b7b-40e1-8b89-0ac8f38cbb42, command=[]} | ret=SUCCESS |  
2019-09-05 03:30:04,413 | INFO  | SCMAudit | user=jenkins1000 | ip=192.168.34.53 | op=SEND_HEARTBEAT {datanodeUUID=f8e72f0f-27ad-4da0-a4ac-f742e69d6053, command=[]} | ret=SUCCESS |  
2019-09-05 03:30:04,518 | INFO  | SCMAudit | user=jenkins1000 | ip=192.168.34.53 | op=SEND_HEARTBEAT {datanodeUUID=514a2e68-35f0-4c50-97b9-a7f344dd70d0, command=[]} | ret=SUCCESS |  
2019-09-05 03:30:04,752 | INFO  | SCMAudit | user=jenkins1000 | ip=192.168.34.53 | op=SEND_HEARTBEAT {datanodeUUID=d5831d47-7264-4585-8f97-4cba7bdc2965, command=[]} | ret=SUCCESS |  
2019-09-05 03:30:05,098 | INFO  | SCMAudit | user=jenkins1000 | ip=192.168.34.53 | op=SEND_HEARTBEAT {datanodeUUID=56431364-4f3b-4c40-806d-c9164d34aa1e, command=[]} | ret=SUCCESS |  
2019-09-05 03:30:05,321 | INFO  | SCMAudit | user=jenkins1000 | ip=192.168.34.53 | op=SEND_HEARTBEAT {datanodeUUID=3ae5d83c-115d-493e-a141-01bd711a0fb1, command=[]} | ret=SUCCESS |  
2019-09-05 03:30:05,360 | INFO  | SCMAudit | user=jenkins1000 | ip=192.168.34.53 | op=SEND_HEARTBEAT {datanodeUUID=09804a23-7f5e-4639-98b0-dd8aac3c1a3d, command=[]} | ret=SUCCESS |  
2019-09-05 03:30:05,397 | INFO  | SCMAudit | user=jenkins1000 | ip=192.168.34.53 | op=SEND_HEARTBEAT {datanodeUUID=838608ba-8b7b-40e1-8b89-0ac8f38cbb42, command=[]} | ret=SUCCESS |  
2019-09-05 03:30:05,412 | INFO  | SCMAudit | user=jenkins1000 | ip=192.168.34.53 | op=SEND_HEARTBEAT {datanodeUUID=f8e72f0f-27ad-4da0-a4ac-f742e69d6053, command=[]} | ret=SUCCESS |  
2019-09-05 03:30:05,519 | INFO  | SCMAudit | user=jenkins1000 | ip=192.168.34.53 | op=SEND_HEARTBEAT {datanodeUUID=514a2e68-35f0-4c50-97b9-a7f344dd70d0, command=[]} | ret=SUCCESS |  
2019-09-05 03:30:05,753 | INFO  | SCMAudit | user=jenkins1000 | ip=192.168.34.53 | op=SEND_HEARTBEAT {datanodeUUID=d5831d47-7264-4585-8f97-4cba7bdc2965, command=[]} | ret=SUCCESS |  
2019-09-05 03:30:06,097 | INFO  | SCMAudit | user=jenkins1000 | ip=192.168.34.53 | op=SEND_HEARTBEAT {datanodeUUID=56431364-4f3b-4c40-806d-c9164d34aa1e, command=[]} | ret=SUCCESS |  
2019-09-05 03:30:06,321 | INFO  | SCMAudit | user=jenkins1000 | ip=192.168.34.53 | op=SEND_HEARTBEAT {datanodeUUID=3ae5d83c-115d-493e-a141-01bd711a0fb1, command=[]} | ret=SUCCESS |  
2019-09-05 03:30:06,360 | INFO  | SCMAudit | user=jenkins1000 | ip=192.168.34.53 | op=SEND_HEARTBEAT {datanodeUUID=09804a23-7f5e-4639-98b0-dd8aac3c1a3d, command=[]} | ret=SUCCESS |  
2019-09-05 03:30:06,397 | INFO  | SCMAudit | user=jenkins1000 | ip=192.168.34.53 | op=SEND_HEARTBEAT {datanodeUUID=838608ba-8b7b-40e1-8b89-0ac8f38cbb42, command=[]} | ret=SUCCESS |  
2019-09-05 03:30:06,412 | INFO  | SCMAudit | user=jenkins1000 | ip=192.168.34.53 | op=SEND_HEARTBEAT {datanodeUUID=f8e72f0f-27ad-4da0-a4ac-f742e69d6053, command=[]} | ret=SUCCESS |  
2019-09-05 03:30:06,521 | INFO  | SCMAudit | user=jenkins1000 | ip=192.168.34.53 | op=SEND_HEARTBEAT {datanodeUUID=514a2e68-35f0-4c50-97b9-a7f344dd70d0, command=[]} | ret=SUCCESS |  
2019-09-05 03:30:06,753 | INFO  | SCMAudit | user=jenkins1000 | ip=192.168.34.53 | op=SEND_HEARTBEAT {datanodeUUID=d5831d47-7264-4585-8f97-4cba7bdc2965, command=[]} | ret=SUCCESS |  
2019-09-05 03:30:07,097 | INFO  | SCMAudit | user=jenkins1000 | ip=192.168.34.53 | op=SEND_HEARTBEAT {datanodeUUID=56431364-4f3b-4c40-806d-c9164d34aa1e, command=[]} | ret=SUCCESS |  
2019-09-05 03:30:07,321 | INFO  | SCMAudit | user=jenkins1000 | ip=192.168.34.53 | op=SEND_HEARTBEAT {datanodeUUID=3ae5d83c-115d-493e-a141-01bd711a0fb1, command=[]} | ret=SUCCESS |  
2019-09-05 03:30:07,360 | INFO  | SCMAudit | user=jenkins1000 | ip=192.168.34.53 | op=SEND_HEARTBEAT {datanodeUUID=09804a23-7f5e-4639-98b0-dd8aac3c1a3d, command=[]} | ret=SUCCESS |  
2019-09-05 03:30:07,396 | INFO  | SCMAudit | user=jenkins1000 | ip=192.168.34.53 | op=SEND_HEARTBEAT {datanodeUUID=838608ba-8b7b-40e1-8b89-0ac8f38cbb42, command=[]} | ret=SUCCESS |  
2019-09-05 03:30:07,412 | INFO  | SCMAudit | user=jenkins1000 | ip=192.168.34.53 | op=SEND_HEARTBEAT {datanodeUUID=f8e72f0f-27ad-4da0-a4ac-f742e69d6053, command=[]} | ret=SUCCESS |  
2019-09-05 03:30:07,519 | INFO  | SCMAudit | user=jenkins1000 | ip=192.168.34.53 | op=SEND_HEARTBEAT {datanodeUUID=514a2e68-35f0-4c50-97b9-a7f344dd70d0, command=[]} | ret=SUCCESS |  
2019-09-05 03:30:07,680 [grpc-default-executor-3] INFO  client.GrpcClientProtocolClient (GrpcClientProtocolClient.java:onNext(255)) - client-D63F27167560->09804a23-7f5e-4639-98b0-dd8aac3c1a3d: receive RaftClientReply:client-D63F27167560->09804a23-7f5e-4639-98b0-dd8aac3c1a3d@group-6FC1333E43B6, cid=44, FAILED org.apache.ratis.protocol.NotLeaderException: Server 09804a23-7f5e-4639-98b0-dd8aac3c1a3d is not the leader (838608ba-8b7b-40e1-8b89-0ac8f38cbb42:192.168.34.53:41281). Request must be sent to leader., logIndex=0, commits[09804a23-7f5e-4639-98b0-dd8aac3c1a3d:c8, 838608ba-8b7b-40e1-8b89-0ac8f38cbb42:c8, f8e72f0f-27ad-4da0-a4ac-f742e69d6053:c8]
2019-09-05 03:30:07,752 | INFO  | SCMAudit | user=jenkins1000 | ip=192.168.34.53 | op=SEND_HEARTBEAT {datanodeUUID=d5831d47-7264-4585-8f97-4cba7bdc2965, command=[]} | ret=SUCCESS |  
2019-09-05 03:30:08,098 | INFO  | SCMAudit | user=jenkins1000 | ip=192.168.34.53 | op=SEND_HEARTBEAT {datanodeUUID=56431364-4f3b-4c40-806d-c9164d34aa1e, command=[]} | ret=SUCCESS |  
2019-09-05 03:30:08,322 | INFO  | SCMAudit | user=jenkins1000 | ip=192.168.34.53 | op=SEND_HEARTBEAT {datanodeUUID=3ae5d83c-115d-493e-a141-01bd711a0fb1, command=[]} | ret=SUCCESS |  
2019-09-05 03:30:08,360 | INFO  | SCMAudit | user=jenkins1000 | ip=192.168.34.53 | op=SEND_HEARTBEAT {datanodeUUID=09804a23-7f5e-4639-98b0-dd8aac3c1a3d, command=[]} | ret=SUCCESS |  
2019-09-05 03:30:08,397 | INFO  | SCMAudit | user=jenkins1000 | ip=192.168.34.53 | op=SEND_HEARTBEAT {datanodeUUID=838608ba-8b7b-40e1-8b89-0ac8f38cbb42, command=[]} | ret=SUCCESS |  
2019-09-05 03:30:08,412 | INFO  | SCMAudit | user=jenkins1000 | ip=192.168.34.53 | op=SEND_HEARTBEAT {datanodeUUID=f8e72f0f-27ad-4da0-a4ac-f742e69d6053, command=[]} | ret=SUCCESS |  
2019-09-05 03:30:08,520 | INFO  | SCMAudit | user=jenkins1000 | ip=192.168.34.53 | op=SEND_HEARTBEAT {datanodeUUID=514a2e68-35f0-4c50-97b9-a7f344dd70d0, command=[]} | ret=SUCCESS |  
2019-09-05 03:30:08,752 | INFO  | SCMAudit | user=jenkins1000 | ip=192.168.34.53 | op=SEND_HEARTBEAT {datanodeUUID=d5831d47-7264-4585-8f97-4cba7bdc2965, command=[]} | ret=SUCCESS |  
2019-09-05 03:30:09,098 | INFO  | SCMAudit | user=jenkins1000 | ip=192.168.34.53 | op=SEND_HEARTBEAT {datanodeUUID=56431364-4f3b-4c40-806d-c9164d34aa1e, command=[]} | ret=SUCCESS |  
2019-09-05 03:30:09,321 | INFO  | SCMAudit | user=jenkins1000 | ip=192.168.34.53 | op=SEND_HEARTBEAT {datanodeUUID=3ae5d83c-115d-493e-a141-01bd711a0fb1, command=[]} | ret=SUCCESS |  
2019-09-05 03:30:09,360 | INFO  | SCMAudit | user=jenkins1000 | ip=192.168.34.53 | op=SEND_HEARTBEAT {datanodeUUID=09804a23-7f5e-4639-98b0-dd8aac3c1a3d, command=[]} | ret=SUCCESS |  
2019-09-05 03:30:09,397 | INFO  | SCMAudit | user=jenkins1000 | ip=192.168.34.53 | op=SEND_HEARTBEAT {datanodeUUID=838608ba-8b7b-40e1-8b89-0ac8f38cbb42, command=[]} | ret=SUCCESS |  
2019-09-05 03:30:09,412 | INFO  | SCMAudit | user=jenkins1000 | ip=192.168.34.53 | op=SEND_HEARTBEAT {datanodeUUID=f8e72f0f-27ad-4da0-a4ac-f742e69d6053, command=[]} | ret=SUCCESS |  
2019-09-05 03:30:09,520 | INFO  | SCMAudit | user=jenkins1000 | ip=192.168.34.53 | op=SEND_HEARTBEAT {datanodeUUID=514a2e68-35f0-4c50-97b9-a7f344dd70d0, command=[]} | ret=SUCCESS |  
2019-09-05 03:30:09,753 | INFO  | SCMAudit | user=jenkins1000 | ip=192.168.34.53 | op=SEND_HEARTBEAT {datanodeUUID=d5831d47-7264-4585-8f97-4cba7bdc2965, command=[]} | ret=SUCCESS |  
2019-09-05 03:30:10,097 | INFO  | SCMAudit | user=jenkins1000 | ip=192.168.34.53 | op=SEND_HEARTBEAT {datanodeUUID=56431364-4f3b-4c40-806d-c9164d34aa1e, command=[]} | ret=SUCCESS |  
2019-09-05 03:30:10,321 | INFO  | SCMAudit | user=jenkins1000 | ip=192.168.34.53 | op=SEND_HEARTBEAT {datanodeUUID=3ae5d83c-115d-493e-a141-01bd711a0fb1, command=[]} | ret=SUCCESS |  
2019-09-05 03:30:10,360 | INFO  | SCMAudit | user=jenkins1000 | ip=192.168.34.53 | op=SEND_HEARTBEAT {datanodeUUID=09804a23-7f5e-4639-98b0-dd8aac3c1a3d, command=[]} | ret=SUCCESS |  
2019-09-05 03:30:10,396 | INFO  | SCMAudit | user=jenkins1000 | ip=192.168.34.53 | op=SEND_HEARTBEAT {datanodeUUID=838608ba-8b7b-40e1-8b89-0ac8f38cbb42, command=[]} | ret=SUCCESS |  
2019-09-05 03:30:10,412 | INFO  | SCMAudit | user=jenkins1000 | ip=192.168.34.53 | op=SEND_HEARTBEAT {datanodeUUID=f8e72f0f-27ad-4da0-a4ac-f742e69d6053, command=[]} | ret=SUCCESS |  
2019-09-05 03:30:10,520 | INFO  | SCMAudit | user=jenkins1000 | ip=192.168.34.53 | op=SEND_HEARTBEAT {datanodeUUID=514a2e68-35f0-4c50-97b9-a7f344dd70d0, command=[]} | ret=SUCCESS |  
2019-09-05 03:30:10,753 | INFO  | SCMAudit | user=jenkins1000 | ip=192.168.34.53 | op=SEND_HEARTBEAT {datanodeUUID=d5831d47-7264-4585-8f97-4cba7bdc2965, command=[]} | ret=SUCCESS |  
2019-09-05 03:30:11,097 | INFO  | SCMAudit | user=jenkins1000 | ip=192.168.34.53 | op=SEND_HEARTBEAT {datanodeUUID=56431364-4f3b-4c40-806d-c9164d34aa1e, command=[]} | ret=SUCCESS |  
2019-09-05 03:30:11,322 | INFO  | SCMAudit | user=jenkins1000 | ip=192.168.34.53 | op=SEND_HEARTBEAT {datanodeUUID=3ae5d83c-115d-493e-a141-01bd711a0fb1, command=[]} | ret=SUCCESS |  
2019-09-05 03:30:11,360 | INFO  | SCMAudit | user=jenkins1000 | ip=192.168.34.53 | op=SEND_HEARTBEAT {datanodeUUID=09804a23-7f5e-4639-98b0-dd8aac3c1a3d, command=[]} | ret=SUCCESS |  
2019-09-05 03:30:11,396 | INFO  | SCMAudit | user=jenkins1000 | ip=192.168.34.53 | op=SEND_HEARTBEAT {datanodeUUID=838608ba-8b7b-40e1-8b89-0ac8f38cbb42, command=[]} | ret=SUCCESS |  
2019-09-05 03:30:11,412 | INFO  | SCMAudit | user=jenkins1000 | ip=192.168.34.53 | op=SEND_HEARTBEAT {datanodeUUID=f8e72f0f-27ad-4da0-a4ac-f742e69d6053, command=[]} | ret=SUCCESS |  
2019-09-05 03:30:11,519 | INFO  | SCMAudit | user=jenkins1000 | ip=192.168.34.53 | op=SEND_HEARTBEAT {datanodeUUID=514a2e68-35f0-4c50-97b9-a7f344dd70d0, command=[]} | ret=SUCCESS |  
2019-09-05 03:30:11,753 | INFO  | SCMAudit | user=jenkins1000 | ip=192.168.34.53 | op=SEND_HEARTBEAT {datanodeUUID=d5831d47-7264-4585-8f97-4cba7bdc2965, command=[]} | ret=SUCCESS |  
2019-09-05 03:30:12,098 | INFO  | SCMAudit | user=jenkins1000 | ip=192.168.34.53 | op=SEND_HEARTBEAT {datanodeUUID=56431364-4f3b-4c40-806d-c9164d34aa1e, command=[]} | ret=SUCCESS |  
2019-09-05 03:30:12,321 | INFO  | SCMAudit | user=jenkins1000 | ip=192.168.34.53 | op=SEND_HEARTBEAT {datanodeUUID=3ae5d83c-115d-493e-a141-01bd711a0fb1, command=[]} | ret=SUCCESS |  
2019-09-05 03:30:12,360 | INFO  | SCMAudit | user=jenkins1000 | ip=192.168.34.53 | op=SEND_HEARTBEAT {datanodeUUID=09804a23-7f5e-4639-98b0-dd8aac3c1a3d, command=[]} | ret=SUCCESS |  
2019-09-05 03:30:12,396 | INFO  | SCMAudit | user=jenkins1000 | ip=192.168.34.53 | op=SEND_HEARTBEAT {datanodeUUID=838608ba-8b7b-40e1-8b89-0ac8f38cbb42, command=[]} | ret=SUCCESS |  
2019-09-05 03:30:12,412 | INFO  | SCMAudit | user=jenkins1000 | ip=192.168.34.53 | op=SEND_HEARTBEAT {datanodeUUID=f8e72f0f-27ad-4da0-a4ac-f742e69d6053, command=[]} | ret=SUCCESS |  
2019-09-05 03:30:12,519 | INFO  | SCMAudit | user=jenkins1000 | ip=192.168.34.53 | op=SEND_HEARTBEAT {datanodeUUID=514a2e68-35f0-4c50-97b9-a7f344dd70d0, command=[]} | ret=SUCCESS |  
2019-09-05 03:30:12,749 [grpc-default-executor-3] INFO  client.GrpcClientProtocolClient (GrpcClientProtocolClient.java:onNext(255)) - client-D63F27167560->09804a23-7f5e-4639-98b0-dd8aac3c1a3d: receive RaftClientReply:client-D63F27167560->09804a23-7f5e-4639-98b0-dd8aac3c1a3d@group-6FC1333E43B6, cid=44, FAILED org.apache.ratis.protocol.NotLeaderException: Server 09804a23-7f5e-4639-98b0-dd8aac3c1a3d is not the leader (838608ba-8b7b-40e1-8b89-0ac8f38cbb42:192.168.34.53:41281). Request must be sent to leader., logIndex=0, commits[09804a23-7f5e-4639-98b0-dd8aac3c1a3d:c8, 838608ba-8b7b-40e1-8b89-0ac8f38cbb42:c8, f8e72f0f-27ad-4da0-a4ac-f742e69d6053:c8]
2019-09-05 03:30:12,760 | INFO  | SCMAudit | user=jenkins1000 | ip=192.168.34.53 | op=SEND_HEARTBEAT {datanodeUUID=d5831d47-7264-4585-8f97-4cba7bdc2965, command=[]} | ret=SUCCESS |  
2019-09-05 03:30:13,098 | INFO  | SCMAudit | user=jenkins1000 | ip=192.168.34.53 | op=SEND_HEARTBEAT {datanodeUUID=56431364-4f3b-4c40-806d-c9164d34aa1e, command=[]} | ret=SUCCESS |  
2019-09-05 03:30:13,322 | INFO  | SCMAudit | user=jenkins1000 | ip=192.168.34.53 | op=SEND_HEARTBEAT {datanodeUUID=3ae5d83c-115d-493e-a141-01bd711a0fb1, command=[]} | ret=SUCCESS |  
2019-09-05 03:30:13,361 | INFO  | SCMAudit | user=jenkins1000 | ip=192.168.34.53 | op=SEND_HEARTBEAT {datanodeUUID=09804a23-7f5e-4639-98b0-dd8aac3c1a3d, command=[]} | ret=SUCCESS |  
2019-09-05 03:30:13,396 | INFO  | SCMAudit | user=jenkins1000 | ip=192.168.34.53 | op=SEND_HEARTBEAT {datanodeUUID=838608ba-8b7b-40e1-8b89-0ac8f38cbb42, command=[]} | ret=SUCCESS |  
2019-09-05 03:30:13,412 | INFO  | SCMAudit | user=jenkins1000 | ip=192.168.34.53 | op=SEND_HEARTBEAT {datanodeUUID=f8e72f0f-27ad-4da0-a4ac-f742e69d6053, command=[]} | ret=SUCCESS |  
2019-09-05 03:30:13,519 | INFO  | SCMAudit | user=jenkins1000 | ip=192.168.34.53 | op=SEND_HEARTBEAT {datanodeUUID=514a2e68-35f0-4c50-97b9-a7f344dd70d0, command=[]} | ret=SUCCESS |  
2019-09-05 03:30:13,757 | INFO  | SCMAudit | user=jenkins1000 | ip=192.168.34.53 | op=SEND_HEARTBEAT {datanodeUUID=d5831d47-7264-4585-8f97-4cba7bdc2965, command=[]} | ret=SUCCESS |  
2019-09-05 03:30:14,098 | INFO  | SCMAudit | user=jenkins1000 | ip=192.168.34.53 | op=SEND_HEARTBEAT {datanodeUUID=56431364-4f3b-4c40-806d-c9164d34aa1e, command=[]} | ret=SUCCESS |  
2019-09-05 03:30:14,322 | INFO  | SCMAudit | user=jenkins1000 | ip=192.168.34.53 | op=SEND_HEARTBEAT {datanodeUUID=3ae5d83c-115d-493e-a141-01bd711a0fb1, command=[]} | ret=SUCCESS |  
2019-09-05 03:30:14,361 | INFO  | SCMAudit | user=jenkins1000 | ip=192.168.34.53 | op=SEND_HEARTBEAT {datanodeUUID=09804a23-7f5e-4639-98b0-dd8aac3c1a3d, command=[]} | ret=SUCCESS |  
2019-09-05 03:30:14,397 | INFO  | SCMAudit | user=jenkins1000 | ip=192.168.34.53 | op=SEND_HEARTBEAT {datanodeUUID=838608ba-8b7b-40e1-8b89-0ac8f38cbb42, command=[]} | ret=SUCCESS |  
2019-09-05 03:30:14,412 | INFO  | SCMAudit | user=jenkins1000 | ip=192.168.34.53 | op=SEND_HEARTBEAT {datanodeUUID=f8e72f0f-27ad-4da0-a4ac-f742e69d6053, command=[]} | ret=SUCCESS |  
2019-09-05 03:30:14,520 | INFO  | SCMAudit | user=jenkins1000 | ip=192.168.34.53 | op=SEND_HEARTBEAT {datanodeUUID=514a2e68-35f0-4c50-97b9-a7f344dd70d0, command=[]} | ret=SUCCESS |  
2019-09-05 03:30:14,757 | INFO  | SCMAudit | user=jenkins1000 | ip=192.168.34.53 | op=SEND_HEARTBEAT {datanodeUUID=d5831d47-7264-4585-8f97-4cba7bdc2965, command=[]} | ret=SUCCESS |  
2019-09-05 03:30:15,098 | INFO  | SCMAudit | user=jenkins1000 | ip=192.168.34.53 | op=SEND_HEARTBEAT {datanodeUUID=56431364-4f3b-4c40-806d-c9164d34aa1e, command=[]} | ret=SUCCESS |  
2019-09-05 03:30:15,321 | INFO  | SCMAudit | user=jenkins1000 | ip=192.168.34.53 | op=SEND_HEARTBEAT {datanodeUUID=3ae5d83c-115d-493e-a141-01bd711a0fb1, command=[]} | ret=SUCCESS |  
2019-09-05 03:30:15,361 | INFO  | SCMAudit | user=jenkins1000 | ip=192.168.34.53 | op=SEND_HEARTBEAT {datanodeUUID=09804a23-7f5e-4639-98b0-dd8aac3c1a3d, command=[]} | ret=SUCCESS |  
2019-09-05 03:30:15,397 | INFO  | SCMAudit | user=jenkins1000 | ip=192.168.34.53 | op=SEND_HEARTBEAT {datanodeUUID=838608ba-8b7b-40e1-8b89-0ac8f38cbb42, command=[]} | ret=SUCCESS |  
2019-09-05 03:30:15,412 | INFO  | SCMAudit | user=jenkins1000 | ip=192.168.34.53 | op=SEND_HEARTBEAT {datanodeUUID=f8e72f0f-27ad-4da0-a4ac-f742e69d6053, command=[]} | ret=SUCCESS |  
2019-09-05 03:30:15,520 | INFO  | SCMAudit | user=jenkins1000 | ip=192.168.34.53 | op=SEND_HEARTBEAT {datanodeUUID=514a2e68-35f0-4c50-97b9-a7f344dd70d0, command=[]} | ret=SUCCESS |  
2019-09-05 03:30:15,758 | INFO  | SCMAudit | user=jenkins1000 | ip=192.168.34.53 | op=SEND_HEARTBEAT {datanodeUUID=d5831d47-7264-4585-8f97-4cba7bdc2965, command=[]} | ret=SUCCESS |  
2019-09-05 03:30:16,099 | INFO  | SCMAudit | user=jenkins1000 | ip=192.168.34.53 | op=SEND_HEARTBEAT {datanodeUUID=56431364-4f3b-4c40-806d-c9164d34aa1e, command=[]} | ret=SUCCESS |  
2019-09-05 03:30:16,321 | INFO  | SCMAudit | user=jenkins1000 | ip=192.168.34.53 | op=SEND_HEARTBEAT {datanodeUUID=3ae5d83c-115d-493e-a141-01bd711a0fb1, command=[]} | ret=SUCCESS |  
2019-09-05 03:30:16,361 | INFO  | SCMAudit | user=jenkins1000 | ip=192.168.34.53 | op=SEND_HEARTBEAT {datanodeUUID=09804a23-7f5e-4639-98b0-dd8aac3c1a3d, command=[]} | ret=SUCCESS |  
2019-09-05 03:30:16,397 | INFO  | SCMAudit | user=jenkins1000 | ip=192.168.34.53 | op=SEND_HEARTBEAT {datanodeUUID=838608ba-8b7b-40e1-8b89-0ac8f38cbb42, command=[]} | ret=SUCCESS |  
2019-09-05 03:30:16,412 | INFO  | SCMAudit | user=jenkins1000 | ip=192.168.34.53 | op=SEND_HEARTBEAT {datanodeUUID=f8e72f0f-27ad-4da0-a4ac-f742e69d6053, command=[]} | ret=SUCCESS |  
2019-09-05 03:30:16,521 | INFO  | SCMAudit | user=jenkins1000 | ip=192.168.34.53 | op=SEND_HEARTBEAT {datanodeUUID=514a2e68-35f0-4c50-97b9-a7f344dd70d0, command=[]} | ret=SUCCESS |  
2019-09-05 03:30:16,758 | INFO  | SCMAudit | user=jenkins1000 | ip=192.168.34.53 | op=SEND_HEARTBEAT {datanodeUUID=d5831d47-7264-4585-8f97-4cba7bdc2965, command=[]} | ret=SUCCESS |  
2019-09-05 03:30:17,099 | INFO  | SCMAudit | user=jenkins1000 | ip=192.168.34.53 | op=SEND_HEARTBEAT {datanodeUUID=56431364-4f3b-4c40-806d-c9164d34aa1e, command=[]} | ret=SUCCESS |  
2019-09-05 03:30:17,322 | INFO  | SCMAudit | user=jenkins1000 | ip=192.168.34.53 | op=SEND_HEARTBEAT {datanodeUUID=3ae5d83c-115d-493e-a141-01bd711a0fb1, command=[]} | ret=SUCCESS |  
2019-09-05 03:30:17,362 | INFO  | SCMAudit | user=jenkins1000 | ip=192.168.34.53 | op=SEND_HEARTBEAT {datanodeUUID=09804a23-7f5e-4639-98b0-dd8aac3c1a3d, command=[]} | ret=SUCCESS |  
2019-09-05 03:30:17,397 | INFO  | SCMAudit | user=jenkins1000 | ip=192.168.34.53 | op=SEND_HEARTBEAT {datanodeUUID=838608ba-8b7b-40e1-8b89-0ac8f38cbb42, command=[]} | ret=SUCCESS |  
2019-09-05 03:30:17,412 | INFO  | SCMAudit | user=jenkins1000 | ip=192.168.34.53 | op=SEND_HEARTBEAT {datanodeUUID=f8e72f0f-27ad-4da0-a4ac-f742e69d6053, command=[]} | ret=SUCCESS |  
2019-09-05 03:30:17,521 | INFO  | SCMAudit | user=jenkins1000 | ip=192.168.34.53 | op=SEND_HEARTBEAT {datanodeUUID=514a2e68-35f0-4c50-97b9-a7f344dd70d0, command=[]} | ret=SUCCESS |  
2019-09-05 03:30:17,757 | INFO  | SCMAudit | user=jenkins1000 | ip=192.168.34.53 | op=SEND_HEARTBEAT {datanodeUUID=d5831d47-7264-4585-8f97-4cba7bdc2965, command=[]} | ret=SUCCESS |  
2019-09-05 03:30:17,803 [grpc-default-executor-0] INFO  client.GrpcClientProtocolClient (GrpcClientProtocolClient.java:onNext(255)) - client-D63F27167560->f8e72f0f-27ad-4da0-a4ac-f742e69d6053: receive RaftClientReply:client-D63F27167560->f8e72f0f-27ad-4da0-a4ac-f742e69d6053@group-6FC1333E43B6, cid=44, FAILED org.apache.ratis.protocol.NotLeaderException: Server f8e72f0f-27ad-4da0-a4ac-f742e69d6053 is not the leader (838608ba-8b7b-40e1-8b89-0ac8f38cbb42:192.168.34.53:41281). Request must be sent to leader., logIndex=0, commits[f8e72f0f-27ad-4da0-a4ac-f742e69d6053:c8, 838608ba-8b7b-40e1-8b89-0ac8f38cbb42:c8, 09804a23-7f5e-4639-98b0-dd8aac3c1a3d:c8]
2019-09-05 03:30:18,098 | INFO  | SCMAudit | user=jenkins1000 | ip=192.168.34.53 | op=SEND_HEARTBEAT {datanodeUUID=56431364-4f3b-4c40-806d-c9164d34aa1e, command=[]} | ret=SUCCESS |  
2019-09-05 03:30:18,321 | INFO  | SCMAudit | user=jenkins1000 | ip=192.168.34.53 | op=SEND_HEARTBEAT {datanodeUUID=3ae5d83c-115d-493e-a141-01bd711a0fb1, command=[]} | ret=SUCCESS |  
2019-09-05 03:30:18,361 | INFO  | SCMAudit | user=jenkins1000 | ip=192.168.34.53 | op=SEND_HEARTBEAT {datanodeUUID=09804a23-7f5e-4639-98b0-dd8aac3c1a3d, command=[]} | ret=SUCCESS |  
2019-09-05 03:30:18,398 | INFO  | SCMAudit | user=jenkins1000 | ip=192.168.34.53 | op=SEND_HEARTBEAT {datanodeUUID=838608ba-8b7b-40e1-8b89-0ac8f38cbb42, command=[]} | ret=SUCCESS |  
2019-09-05 03:30:18,412 | INFO  | SCMAudit | user=jenkins1000 | ip=192.168.34.53 | op=SEND_HEARTBEAT {datanodeUUID=f8e72f0f-27ad-4da0-a4ac-f742e69d6053, command=[]} | ret=SUCCESS |  
2019-09-05 03:30:18,520 | INFO  | SCMAudit | user=jenkins1000 | ip=192.168.34.53 | op=SEND_HEARTBEAT {datanodeUUID=514a2e68-35f0-4c50-97b9-a7f344dd70d0, command=[]} | ret=SUCCESS |  
2019-09-05 03:30:18,758 | INFO  | SCMAudit | user=jenkins1000 | ip=192.168.34.53 | op=SEND_HEARTBEAT {datanodeUUID=d5831d47-7264-4585-8f97-4cba7bdc2965, command=[]} | ret=SUCCESS |  
2019-09-05 03:30:19,099 | INFO  | SCMAudit | user=jenkins1000 | ip=192.168.34.53 | op=SEND_HEARTBEAT {datanodeUUID=56431364-4f3b-4c40-806d-c9164d34aa1e, command=[]} | ret=SUCCESS |  
2019-09-05 03:30:19,322 | INFO  | SCMAudit | user=jenkins1000 | ip=192.168.34.53 | op=SEND_HEARTBEAT {datanodeUUID=3ae5d83c-115d-493e-a141-01bd711a0fb1, command=[]} | ret=SUCCESS |  
2019-09-05 03:30:19,362 | INFO  | SCMAudit | user=jenkins1000 | ip=192.168.34.53 | op=SEND_HEARTBEAT {datanodeUUID=09804a23-7f5e-4639-98b0-dd8aac3c1a3d, command=[]} | ret=SUCCESS |  
2019-09-05 03:30:19,398 | INFO  | SCMAudit | user=jenkins1000 | ip=192.168.34.53 | op=SEND_HEARTBEAT {datanodeUUID=838608ba-8b7b-40e1-8b89-0ac8f38cbb42, command=[]} | ret=SUCCESS |  
2019-09-05 03:30:19,412 | INFO  | SCMAudit | user=jenkins1000 | ip=192.168.34.53 | op=SEND_HEARTBEAT {datanodeUUID=f8e72f0f-27ad-4da0-a4ac-f742e69d6053, command=[]} | ret=SUCCESS |  
2019-09-05 03:30:19,521 | INFO  | SCMAudit | user=jenkins1000 | ip=192.168.34.53 | op=SEND_HEARTBEAT {datanodeUUID=514a2e68-35f0-4c50-97b9-a7f344dd70d0, command=[]} | ret=SUCCESS |  
2019-09-05 03:30:19,758 | INFO  | SCMAudit | user=jenkins1000 | ip=192.168.34.53 | op=SEND_HEARTBEAT {datanodeUUID=d5831d47-7264-4585-8f97-4cba7bdc2965, command=[]} | ret=SUCCESS |  
2019-09-05 03:30:20,098 | INFO  | SCMAudit | user=jenkins1000 | ip=192.168.34.53 | op=SEND_HEARTBEAT {datanodeUUID=56431364-4f3b-4c40-806d-c9164d34aa1e, command=[]} | ret=SUCCESS |  
2019-09-05 03:30:20,322 | INFO  | SCMAudit | user=jenkins1000 | ip=192.168.34.53 | op=SEND_HEARTBEAT {datanodeUUID=3ae5d83c-115d-493e-a141-01bd711a0fb1, command=[]} | ret=SUCCESS |  
2019-09-05 03:30:20,362 | INFO  | SCMAudit | user=jenkins1000 | ip=192.168.34.53 | op=SEND_HEARTBEAT {datanodeUUID=09804a23-7f5e-4639-98b0-dd8aac3c1a3d, command=[]} | ret=SUCCESS |  
2019-09-05 03:30:20,398 | INFO  | SCMAudit | user=jenkins1000 | ip=192.168.34.53 | op=SEND_HEARTBEAT {datanodeUUID=838608ba-8b7b-40e1-8b89-0ac8f38cbb42, command=[]} | ret=SUCCESS |  
2019-09-05 03:30:20,412 | INFO  | SCMAudit | user=jenkins1000 | ip=192.168.34.53 | op=SEND_HEARTBEAT {datanodeUUID=f8e72f0f-27ad-4da0-a4ac-f742e69d6053, command=[]} | ret=SUCCESS |  
2019-09-05 03:30:20,521 | INFO  | SCMAudit | user=jenkins1000 | ip=192.168.34.53 | op=SEND_HEARTBEAT {datanodeUUID=514a2e68-35f0-4c50-97b9-a7f344dd70d0, command=[]} | ret=SUCCESS |  
2019-09-05 03:30:20,759 | INFO  | SCMAudit | user=jenkins1000 | ip=192.168.34.53 | op=SEND_HEARTBEAT {datanodeUUID=d5831d47-7264-4585-8f97-4cba7bdc2965, command=[]} | ret=SUCCESS |  
2019-09-05 03:30:21,098 | INFO  | SCMAudit | user=jenkins1000 | ip=192.168.34.53 | op=SEND_HEARTBEAT {datanodeUUID=56431364-4f3b-4c40-806d-c9164d34aa1e, command=[]} | ret=SUCCESS |  
2019-09-05 03:30:21,322 | INFO  | SCMAudit | user=jenkins1000 | ip=192.168.34.53 | op=SEND_HEARTBEAT {datanodeUUID=3ae5d83c-115d-493e-a141-01bd711a0fb1, command=[]} | ret=SUCCESS |  
2019-09-05 03:30:21,362 | INFO  | SCMAudit | user=jenkins1000 | ip=192.168.34.53 | op=SEND_HEARTBEAT {datanodeUUID=09804a23-7f5e-4639-98b0-dd8aac3c1a3d, command=[]} | ret=SUCCESS |  
2019-09-05 03:30:21,399 | INFO  | SCMAudit | user=jenkins1000 | ip=192.168.34.53 | op=SEND_HEARTBEAT {datanodeUUID=838608ba-8b7b-40e1-8b89-0ac8f38cbb42, command=[]} | ret=SUCCESS |  
2019-09-05 03:30:21,413 | INFO  | SCMAudit | user=jenkins1000 | ip=192.168.34.53 | op=SEND_HEARTBEAT {datanodeUUID=f8e72f0f-27ad-4da0-a4ac-f742e69d6053, command=[]} | ret=SUCCESS |  
2019-09-05 03:30:21,522 | INFO  | SCMAudit | user=jenkins1000 | ip=192.168.34.53 | op=SEND_HEARTBEAT {datanodeUUID=514a2e68-35f0-4c50-97b9-a7f344dd70d0, command=[]} | ret=SUCCESS |  
2019-09-05 03:30:21,758 | INFO  | SCMAudit | user=jenkins1000 | ip=192.168.34.53 | op=SEND_HEARTBEAT {datanodeUUID=d5831d47-7264-4585-8f97-4cba7bdc2965, command=[]} | ret=SUCCESS |  
2019-09-05 03:30:22,099 | INFO  | SCMAudit | user=jenkins1000 | ip=192.168.34.53 | op=SEND_HEARTBEAT {datanodeUUID=56431364-4f3b-4c40-806d-c9164d34aa1e, command=[]} | ret=SUCCESS |  
2019-09-05 03:30:22,323 | INFO  | SCMAudit | user=jenkins1000 | ip=192.168.34.53 | op=SEND_HEARTBEAT {datanodeUUID=3ae5d83c-115d-493e-a141-01bd711a0fb1, command=[]} | ret=SUCCESS |  
2019-09-05 03:30:22,362 | INFO  | SCMAudit | user=jenkins1000 | ip=192.168.34.53 | op=SEND_HEARTBEAT {datanodeUUID=09804a23-7f5e-4639-98b0-dd8aac3c1a3d, command=[]} | ret=SUCCESS |  
2019-09-05 03:30:22,399 | INFO  | SCMAudit | user=jenkins1000 | ip=192.168.34.53 | op=SEND_HEARTBEAT {datanodeUUID=838608ba-8b7b-40e1-8b89-0ac8f38cbb42, command=[]} | ret=SUCCESS |  
2019-09-05 03:30:22,412 | INFO  | SCMAudit | user=jenkins1000 | ip=192.168.34.53 | op=SEND_HEARTBEAT {datanodeUUID=f8e72f0f-27ad-4da0-a4ac-f742e69d6053, command=[]} | ret=SUCCESS |  
2019-09-05 03:30:22,523 | INFO  | SCMAudit | user=jenkins1000 | ip=192.168.34.53 | op=SEND_HEARTBEAT {datanodeUUID=514a2e68-35f0-4c50-97b9-a7f344dd70d0, command=[]} | ret=SUCCESS |  
2019-09-05 03:30:22,759 | INFO  | SCMAudit | user=jenkins1000 | ip=192.168.34.53 | op=SEND_HEARTBEAT {datanodeUUID=d5831d47-7264-4585-8f97-4cba7bdc2965, command=[]} | ret=SUCCESS |  
2019-09-05 03:30:22,840 [grpc-default-executor-0] INFO  client.GrpcClientProtocolClient (GrpcClientProtocolClient.java:onNext(255)) - client-D63F27167560->09804a23-7f5e-4639-98b0-dd8aac3c1a3d: receive RaftClientReply:client-D63F27167560->09804a23-7f5e-4639-98b0-dd8aac3c1a3d@group-6FC1333E43B6, cid=44, FAILED org.apache.ratis.protocol.NotLeaderException: Server 09804a23-7f5e-4639-98b0-dd8aac3c1a3d is not the leader (838608ba-8b7b-40e1-8b89-0ac8f38cbb42:192.168.34.53:41281). Request must be sent to leader., logIndex=0, commits[09804a23-7f5e-4639-98b0-dd8aac3c1a3d:c8, 838608ba-8b7b-40e1-8b89-0ac8f38cbb42:c8, f8e72f0f-27ad-4da0-a4ac-f742e69d6053:c8]
2019-09-05 03:30:23,098 | INFO  | SCMAudit | user=jenkins1000 | ip=192.168.34.53 | op=SEND_HEARTBEAT {datanodeUUID=56431364-4f3b-4c40-806d-c9164d34aa1e, command=[]} | ret=SUCCESS |  
2019-09-05 03:30:23,323 | INFO  | SCMAudit | user=jenkins1000 | ip=192.168.34.53 | op=SEND_HEARTBEAT {datanodeUUID=3ae5d83c-115d-493e-a141-01bd711a0fb1, command=[]} | ret=SUCCESS |  
2019-09-05 03:30:23,362 | INFO  | SCMAudit | user=jenkins1000 | ip=192.168.34.53 | op=SEND_HEARTBEAT {datanodeUUID=09804a23-7f5e-4639-98b0-dd8aac3c1a3d, command=[]} | ret=SUCCESS |  
2019-09-05 03:30:23,399 | INFO  | SCMAudit | user=jenkins1000 | ip=192.168.34.53 | op=SEND_HEARTBEAT {datanodeUUID=838608ba-8b7b-40e1-8b89-0ac8f38cbb42, command=[]} | ret=SUCCESS |  
2019-09-05 03:30:23,413 | INFO  | SCMAudit | user=jenkins1000 | ip=192.168.34.53 | op=SEND_HEARTBEAT {datanodeUUID=f8e72f0f-27ad-4da0-a4ac-f742e69d6053, command=[]} | ret=SUCCESS |  
2019-09-05 03:30:23,523 | INFO  | SCMAudit | user=jenkins1000 | ip=192.168.34.53 | op=SEND_HEARTBEAT {datanodeUUID=514a2e68-35f0-4c50-97b9-a7f344dd70d0, command=[]} | ret=SUCCESS |  
2019-09-05 03:30:23,759 | INFO  | SCMAudit | user=jenkins1000 | ip=192.168.34.53 | op=SEND_HEARTBEAT {datanodeUUID=d5831d47-7264-4585-8f97-4cba7bdc2965, command=[]} | ret=SUCCESS |  
2019-09-05 03:30:24,098 | INFO  | SCMAudit | user=jenkins1000 | ip=192.168.34.53 | op=SEND_HEARTBEAT {datanodeUUID=56431364-4f3b-4c40-806d-c9164d34aa1e, command=[]} | ret=SUCCESS |  
2019-09-05 03:30:24,322 | INFO  | SCMAudit | user=jenkins1000 | ip=192.168.34.53 | op=SEND_HEARTBEAT {datanodeUUID=3ae5d83c-115d-493e-a141-01bd711a0fb1, command=[]} | ret=SUCCESS |  
2019-09-05 03:30:24,362 | INFO  | SCMAudit | user=jenkins1000 | ip=192.168.34.53 | op=SEND_HEARTBEAT {datanodeUUID=09804a23-7f5e-4639-98b0-dd8aac3c1a3d, command=[]} | ret=SUCCESS |  
2019-09-05 03:30:24,399 | INFO  | SCMAudit | user=jenkins1000 | ip=192.168.34.53 | op=SEND_HEARTBEAT {datanodeUUID=838608ba-8b7b-40e1-8b89-0ac8f38cbb42, command=[]} | ret=SUCCESS |  
2019-09-05 03:30:24,412 | INFO  | SCMAudit | user=jenkins1000 | ip=192.168.34.53 | op=SEND_HEARTBEAT {datanodeUUID=f8e72f0f-27ad-4da0-a4ac-f742e69d6053, command=[]} | ret=SUCCESS |  
2019-09-05 03:30:24,523 | INFO  | SCMAudit | user=jenkins1000 | ip=192.168.34.53 | op=SEND_HEARTBEAT {datanodeUUID=514a2e68-35f0-4c50-97b9-a7f344dd70d0, command=[]} | ret=SUCCESS |  
2019-09-05 03:30:24,759 | INFO  | SCMAudit | user=jenkins1000 | ip=192.168.34.53 | op=SEND_HEARTBEAT {datanodeUUID=d5831d47-7264-4585-8f97-4cba7bdc2965, command=[]} | ret=SUCCESS |  
2019-09-05 03:30:25,099 | INFO  | SCMAudit | user=jenkins1000 | ip=192.168.34.53 | op=SEND_HEARTBEAT {datanodeUUID=56431364-4f3b-4c40-806d-c9164d34aa1e, command=[]} | ret=SUCCESS |  
2019-09-05 03:30:25,323 | INFO  | SCMAudit | user=jenkins1000 | ip=192.168.34.53 | op=SEND_HEARTBEAT {datanodeUUID=3ae5d83c-115d-493e-a141-01bd711a0fb1, command=[]} | ret=SUCCESS |  
2019-09-05 03:30:25,362 | INFO  | SCMAudit | user=jenkins1000 | ip=192.168.34.53 | op=SEND_HEARTBEAT {datanodeUUID=09804a23-7f5e-4639-98b0-dd8aac3c1a3d, command=[]} | ret=SUCCESS |  
2019-09-05 03:30:25,398 | INFO  | SCMAudit | user=jenkins1000 | ip=192.168.34.53 | op=SEND_HEARTBEAT {datanodeUUID=838608ba-8b7b-40e1-8b89-0ac8f38cbb42, command=[]} | ret=SUCCESS |  
2019-09-05 03:30:25,412 | INFO  | SCMAudit | user=jenkins1000 | ip=192.168.34.53 | op=SEND_HEARTBEAT {datanodeUUID=f8e72f0f-27ad-4da0-a4ac-f742e69d6053, command=[]} | ret=SUCCESS |  
2019-09-05 03:30:25,523 | INFO  | SCMAudit | user=jenkins1000 | ip=192.168.34.53 | op=SEND_HEARTBEAT {datanodeUUID=514a2e68-35f0-4c50-97b9-a7f344dd70d0, command=[]} | ret=SUCCESS |  
2019-09-05 03:30:25,759 | INFO  | SCMAudit | user=jenkins1000 | ip=192.168.34.53 | op=SEND_HEARTBEAT {datanodeUUID=d5831d47-7264-4585-8f97-4cba7bdc2965, command=[]} | ret=SUCCESS |  
2019-09-05 03:30:26,099 | INFO  | SCMAudit | user=jenkins1000 | ip=192.168.34.53 | op=SEND_HEARTBEAT {datanodeUUID=56431364-4f3b-4c40-806d-c9164d34aa1e, command=[]} | ret=SUCCESS |  
2019-09-05 03:30:26,323 | INFO  | SCMAudit | user=jenkins1000 | ip=192.168.34.53 | op=SEND_HEARTBEAT {datanodeUUID=3ae5d83c-115d-493e-a141-01bd711a0fb1, command=[]} | ret=SUCCESS |  
2019-09-05 03:30:26,362 | INFO  | SCMAudit | user=jenkins1000 | ip=192.168.34.53 | op=SEND_HEARTBEAT {datanodeUUID=09804a23-7f5e-4639-98b0-dd8aac3c1a3d, command=[]} | ret=SUCCESS |  
2019-09-05 03:30:26,398 | INFO  | SCMAudit | user=jenkins1000 | ip=192.168.34.53 | op=SEND_HEARTBEAT {datanodeUUID=838608ba-8b7b-40e1-8b89-0ac8f38cbb42, command=[]} | ret=SUCCESS |  
2019-09-05 03:30:26,412 | INFO  | SCMAudit | user=jenkins1000 | ip=192.168.34.53 | op=SEND_HEARTBEAT {datanodeUUID=f8e72f0f-27ad-4da0-a4ac-f742e69d6053, command=[]} | ret=SUCCESS |  
2019-09-05 03:30:26,523 | INFO  | SCMAudit | user=jenkins1000 | ip=192.168.34.53 | op=SEND_HEARTBEAT {datanodeUUID=514a2e68-35f0-4c50-97b9-a7f344dd70d0, command=[]} | ret=SUCCESS |  
2019-09-05 03:30:26,760 | INFO  | SCMAudit | user=jenkins1000 | ip=192.168.34.53 | op=SEND_HEARTBEAT {datanodeUUID=d5831d47-7264-4585-8f97-4cba7bdc2965, command=[]} | ret=SUCCESS |  
2019-09-05 03:30:27,099 | INFO  | SCMAudit | user=jenkins1000 | ip=192.168.34.53 | op=SEND_HEARTBEAT {datanodeUUID=56431364-4f3b-4c40-806d-c9164d34aa1e, command=[]} | ret=SUCCESS |  
2019-09-05 03:30:27,323 | INFO  | SCMAudit | user=jenkins1000 | ip=192.168.34.53 | op=SEND_HEARTBEAT {datanodeUUID=3ae5d83c-115d-493e-a141-01bd711a0fb1, command=[]} | ret=SUCCESS |  
2019-09-05 03:30:27,363 | INFO  | SCMAudit | user=jenkins1000 | ip=192.168.34.53 | op=SEND_HEARTBEAT {datanodeUUID=09804a23-7f5e-4639-98b0-dd8aac3c1a3d, command=[]} | ret=SUCCESS |  
2019-09-05 03:30:27,398 | INFO  | SCMAudit | user=jenkins1000 | ip=192.168.34.53 | op=SEND_HEARTBEAT {datanodeUUID=838608ba-8b7b-40e1-8b89-0ac8f38cbb42, command=[]} | ret=SUCCESS |  
2019-09-05 03:30:27,412 | INFO  | SCMAudit | user=jenkins1000 | ip=192.168.34.53 | op=SEND_HEARTBEAT {datanodeUUID=f8e72f0f-27ad-4da0-a4ac-f742e69d6053, command=[]} | ret=SUCCESS |  
2019-09-05 03:30:27,523 | INFO  | SCMAudit | user=jenkins1000 | ip=192.168.34.53 | op=SEND_HEARTBEAT {datanodeUUID=514a2e68-35f0-4c50-97b9-a7f344dd70d0, command=[]} | ret=SUCCESS |  
2019-09-05 03:30:27,760 | INFO  | SCMAudit | user=jenkins1000 | ip=192.168.34.53 | op=SEND_HEARTBEAT {datanodeUUID=d5831d47-7264-4585-8f97-4cba7bdc2965, command=[]} | ret=SUCCESS |  
2019-09-05 03:30:27,880 [grpc-default-executor-0] INFO  client.GrpcClientProtocolClient (GrpcClientProtocolClient.java:onNext(255)) - client-D63F27167560->09804a23-7f5e-4639-98b0-dd8aac3c1a3d: receive RaftClientReply:client-D63F27167560->09804a23-7f5e-4639-98b0-dd8aac3c1a3d@group-6FC1333E43B6, cid=44, FAILED org.apache.ratis.protocol.NotLeaderException: Server 09804a23-7f5e-4639-98b0-dd8aac3c1a3d is not the leader (838608ba-8b7b-40e1-8b89-0ac8f38cbb42:192.168.34.53:41281). Request must be sent to leader., logIndex=0, commits[09804a23-7f5e-4639-98b0-dd8aac3c1a3d:c8, 838608ba-8b7b-40e1-8b89-0ac8f38cbb42:c8, f8e72f0f-27ad-4da0-a4ac-f742e69d6053:c8]
2019-09-05 03:30:28,099 | INFO  | SCMAudit | user=jenkins1000 | ip=192.168.34.53 | op=SEND_HEARTBEAT {datanodeUUID=56431364-4f3b-4c40-806d-c9164d34aa1e, command=[]} | ret=SUCCESS |  
2019-09-05 03:30:28,322 | INFO  | SCMAudit | user=jenkins1000 | ip=192.168.34.53 | op=SEND_HEARTBEAT {datanodeUUID=3ae5d83c-115d-493e-a141-01bd711a0fb1, command=[]} | ret=SUCCESS |  
2019-09-05 03:30:28,362 | INFO  | SCMAudit | user=jenkins1000 | ip=192.168.34.53 | op=SEND_HEARTBEAT {datanodeUUID=09804a23-7f5e-4639-98b0-dd8aac3c1a3d, command=[]} | ret=SUCCESS |  
2019-09-05 03:30:28,398 | INFO  | SCMAudit | user=jenkins1000 | ip=192.168.34.53 | op=SEND_HEARTBEAT {datanodeUUID=838608ba-8b7b-40e1-8b89-0ac8f38cbb42, command=[]} | ret=SUCCESS |  
2019-09-05 03:30:28,412 | INFO  | SCMAudit | user=jenkins1000 | ip=192.168.34.53 | op=SEND_HEARTBEAT {datanodeUUID=f8e72f0f-27ad-4da0-a4ac-f742e69d6053, command=[]} | ret=SUCCESS |  
2019-09-05 03:30:28,524 | INFO  | SCMAudit | user=jenkins1000 | ip=192.168.34.53 | op=SEND_HEARTBEAT {datanodeUUID=514a2e68-35f0-4c50-97b9-a7f344dd70d0, command=[]} | ret=SUCCESS |  
2019-09-05 03:30:28,760 | INFO  | SCMAudit | user=jenkins1000 | ip=192.168.34.53 | op=SEND_HEARTBEAT {datanodeUUID=d5831d47-7264-4585-8f97-4cba7bdc2965, command=[]} | ret=SUCCESS |  
2019-09-05 03:30:29,099 | INFO  | SCMAudit | user=jenkins1000 | ip=192.168.34.53 | op=SEND_HEARTBEAT {datanodeUUID=56431364-4f3b-4c40-806d-c9164d34aa1e, command=[]} | ret=SUCCESS |  
2019-09-05 03:30:29,323 | INFO  | SCMAudit | user=jenkins1000 | ip=192.168.34.53 | op=SEND_HEARTBEAT {datanodeUUID=3ae5d83c-115d-493e-a141-01bd711a0fb1, command=[]} | ret=SUCCESS |  
2019-09-05 03:30:29,362 | INFO  | SCMAudit | user=jenkins1000 | ip=192.168.34.53 | op=SEND_HEARTBEAT {datanodeUUID=09804a23-7f5e-4639-98b0-dd8aac3c1a3d, command=[]} | ret=SUCCESS |  
2019-09-05 03:30:29,398 | INFO  | SCMAudit | user=jenkins1000 | ip=192.168.34.53 | op=SEND_HEARTBEAT {datanodeUUID=838608ba-8b7b-40e1-8b89-0ac8f38cbb42, command=[]} | ret=SUCCESS |  
2019-09-05 03:30:29,412 | INFO  | SCMAudit | user=jenkins1000 | ip=192.168.34.53 | op=SEND_HEARTBEAT {datanodeUUID=f8e72f0f-27ad-4da0-a4ac-f742e69d6053, command=[]} | ret=SUCCESS |  
2019-09-05 03:30:29,524 | INFO  | SCMAudit | user=jenkins1000 | ip=192.168.34.53 | op=SEND_HEARTBEAT {datanodeUUID=514a2e68-35f0-4c50-97b9-a7f344dd70d0, command=[]} | ret=SUCCESS |  
2019-09-05 03:30:29,760 | INFO  | SCMAudit | user=jenkins1000 | ip=192.168.34.53 | op=SEND_HEARTBEAT {datanodeUUID=d5831d47-7264-4585-8f97-4cba7bdc2965, command=[]} | ret=SUCCESS |  
2019-09-05 03:30:30,099 | INFO  | SCMAudit | user=jenkins1000 | ip=192.168.34.53 | op=SEND_HEARTBEAT {datanodeUUID=56431364-4f3b-4c40-806d-c9164d34aa1e, command=[]} | ret=SUCCESS |  
2019-09-05 03:30:30,322 | INFO  | SCMAudit | user=jenkins1000 | ip=192.168.34.53 | op=SEND_HEARTBEAT {datanodeUUID=3ae5d83c-115d-493e-a141-01bd711a0fb1, command=[]} | ret=SUCCESS |  
2019-09-05 03:30:30,362 | INFO  | SCMAudit | user=jenkins1000 | ip=192.168.34.53 | op=SEND_HEARTBEAT {datanodeUUID=09804a23-7f5e-4639-98b0-dd8aac3c1a3d, command=[]} | ret=SUCCESS |  
2019-09-05 03:30:30,398 | INFO  | SCMAudit | user=jenkins1000 | ip=192.168.34.53 | op=SEND_HEARTBEAT {datanodeUUID=838608ba-8b7b-40e1-8b89-0ac8f38cbb42, command=[]} | ret=SUCCESS |  
2019-09-05 03:30:30,412 | INFO  | SCMAudit | user=jenkins1000 | ip=192.168.34.53 | op=SEND_HEARTBEAT {datanodeUUID=f8e72f0f-27ad-4da0-a4ac-f742e69d6053, command=[]} | ret=SUCCESS |  
2019-09-05 03:30:30,524 | INFO  | SCMAudit | user=jenkins1000 | ip=192.168.34.53 | op=SEND_HEARTBEAT {datanodeUUID=514a2e68-35f0-4c50-97b9-a7f344dd70d0, command=[]} | ret=SUCCESS |  
2019-09-05 03:30:30,761 | INFO  | SCMAudit | user=jenkins1000 | ip=192.168.34.53 | op=SEND_HEARTBEAT {datanodeUUID=d5831d47-7264-4585-8f97-4cba7bdc2965, command=[]} | ret=SUCCESS |  
2019-09-05 03:30:31,100 | INFO  | SCMAudit | user=jenkins1000 | ip=192.168.34.53 | op=SEND_HEARTBEAT {datanodeUUID=56431364-4f3b-4c40-806d-c9164d34aa1e, command=[]} | ret=SUCCESS |  
2019-09-05 03:30:31,323 | INFO  | SCMAudit | user=jenkins1000 | ip=192.168.34.53 | op=SEND_HEARTBEAT {datanodeUUID=3ae5d83c-115d-493e-a141-01bd711a0fb1, command=[]} | ret=SUCCESS |  
2019-09-05 03:30:31,362 | INFO  | SCMAudit | user=jenkins1000 | ip=192.168.34.53 | op=SEND_HEARTBEAT {datanodeUUID=09804a23-7f5e-4639-98b0-dd8aac3c1a3d, command=[]} | ret=SUCCESS |  
2019-09-05 03:30:31,398 | INFO  | SCMAudit | user=jenkins1000 | ip=192.168.34.53 | op=SEND_HEARTBEAT {datanodeUUID=838608ba-8b7b-40e1-8b89-0ac8f38cbb42, command=[]} | ret=SUCCESS |  
2019-09-05 03:30:31,412 | INFO  | SCMAudit | user=jenkins1000 | ip=192.168.34.53 | op=SEND_HEARTBEAT {datanodeUUID=f8e72f0f-27ad-4da0-a4ac-f742e69d6053, command=[]} | ret=SUCCESS |  
2019-09-05 03:30:31,525 | INFO  | SCMAudit | user=jenkins1000 | ip=192.168.34.53 | op=SEND_HEARTBEAT {datanodeUUID=514a2e68-35f0-4c50-97b9-a7f344dd70d0, command=[]} | ret=SUCCESS |  
2019-09-05 03:30:31,761 | INFO  | SCMAudit | user=jenkins1000 | ip=192.168.34.53 | op=SEND_HEARTBEAT {datanodeUUID=d5831d47-7264-4585-8f97-4cba7bdc2965, command=[]} | ret=SUCCESS |  
2019-09-05 03:30:32,100 | INFO  | SCMAudit | user=jenkins1000 | ip=192.168.34.53 | op=SEND_HEARTBEAT {datanodeUUID=56431364-4f3b-4c40-806d-c9164d34aa1e, command=[]} | ret=SUCCESS |  
2019-09-05 03:30:32,322 | INFO  | SCMAudit | user=jenkins1000 | ip=192.168.34.53 | op=SEND_HEARTBEAT {datanodeUUID=3ae5d83c-115d-493e-a141-01bd711a0fb1, command=[]} | ret=SUCCESS |  
2019-09-05 03:30:32,363 | INFO  | SCMAudit | user=jenkins1000 | ip=192.168.34.53 | op=SEND_HEARTBEAT {datanodeUUID=09804a23-7f5e-4639-98b0-dd8aac3c1a3d, command=[]} | ret=SUCCESS |  
2019-09-05 03:30:32,398 | INFO  | SCMAudit | user=jenkins1000 | ip=192.168.34.53 | op=SEND_HEARTBEAT {datanodeUUID=838608ba-8b7b-40e1-8b89-0ac8f38cbb42, command=[]} | ret=SUCCESS |  
2019-09-05 03:30:32,412 | INFO  | SCMAudit | user=jenkins1000 | ip=192.168.34.53 | op=SEND_HEARTBEAT {datanodeUUID=f8e72f0f-27ad-4da0-a4ac-f742e69d6053, command=[]} | ret=SUCCESS |  
2019-09-05 03:30:32,525 | INFO  | SCMAudit | user=jenkins1000 | ip=192.168.34.53 | op=SEND_HEARTBEAT {datanodeUUID=514a2e68-35f0-4c50-97b9-a7f344dd70d0, command=[]} | ret=SUCCESS |  
2019-09-05 03:30:32,760 | INFO  | SCMAudit | user=jenkins1000 | ip=192.168.34.53 | op=SEND_HEARTBEAT {datanodeUUID=d5831d47-7264-4585-8f97-4cba7bdc2965, command=[]} | ret=SUCCESS |  
2019-09-05 03:30:32,922 [grpc-default-executor-3] INFO  client.GrpcClientProtocolClient (GrpcClientProtocolClient.java:onNext(255)) - client-D63F27167560->09804a23-7f5e-4639-98b0-dd8aac3c1a3d: receive RaftClientReply:client-D63F27167560->09804a23-7f5e-4639-98b0-dd8aac3c1a3d@group-6FC1333E43B6, cid=44, FAILED org.apache.ratis.protocol.NotLeaderException: Server 09804a23-7f5e-4639-98b0-dd8aac3c1a3d is not the leader (838608ba-8b7b-40e1-8b89-0ac8f38cbb42:192.168.34.53:41281). Request must be sent to leader., logIndex=0, commits[09804a23-7f5e-4639-98b0-dd8aac3c1a3d:c8, 838608ba-8b7b-40e1-8b89-0ac8f38cbb42:c8, f8e72f0f-27ad-4da0-a4ac-f742e69d6053:c8]
2019-09-05 03:30:33,107 | INFO  | SCMAudit | user=jenkins1000 | ip=192.168.34.53 | op=SEND_HEARTBEAT {datanodeUUID=56431364-4f3b-4c40-806d-c9164d34aa1e, command=[]} | ret=SUCCESS |  
2019-09-05 03:30:33,323 | INFO  | SCMAudit | user=jenkins1000 | ip=192.168.34.53 | op=SEND_HEARTBEAT {datanodeUUID=3ae5d83c-115d-493e-a141-01bd711a0fb1, command=[]} | ret=SUCCESS |  
2019-09-05 03:30:33,363 | INFO  | SCMAudit | user=jenkins1000 | ip=192.168.34.53 | op=SEND_HEARTBEAT {datanodeUUID=09804a23-7f5e-4639-98b0-dd8aac3c1a3d, command=[]} | ret=SUCCESS |  
2019-09-05 03:30:33,398 | INFO  | SCMAudit | user=jenkins1000 | ip=192.168.34.53 | op=SEND_HEARTBEAT {datanodeUUID=838608ba-8b7b-40e1-8b89-0ac8f38cbb42, command=[]} | ret=SUCCESS |  
2019-09-05 03:30:33,412 | INFO  | SCMAudit | user=jenkins1000 | ip=192.168.34.53 | op=SEND_HEARTBEAT {datanodeUUID=f8e72f0f-27ad-4da0-a4ac-f742e69d6053, command=[]} | ret=SUCCESS |  
2019-09-05 03:30:33,525 | INFO  | SCMAudit | user=jenkins1000 | ip=192.168.34.53 | op=SEND_HEARTBEAT {datanodeUUID=514a2e68-35f0-4c50-97b9-a7f344dd70d0, command=[]} | ret=SUCCESS |  
2019-09-05 03:30:33,761 | INFO  | SCMAudit | user=jenkins1000 | ip=192.168.34.53 | op=SEND_HEARTBEAT {datanodeUUID=d5831d47-7264-4585-8f97-4cba7bdc2965, command=[]} | ret=SUCCESS |  
2019-09-05 03:30:34,100 | INFO  | SCMAudit | user=jenkins1000 | ip=192.168.34.53 | op=SEND_HEARTBEAT {datanodeUUID=56431364-4f3b-4c40-806d-c9164d34aa1e, command=[]} | ret=SUCCESS |  
2019-09-05 03:30:34,322 | INFO  | SCMAudit | user=jenkins1000 | ip=192.168.34.53 | op=SEND_HEARTBEAT {datanodeUUID=3ae5d83c-115d-493e-a141-01bd711a0fb1, command=[]} | ret=SUCCESS |  
2019-09-05 03:30:34,363 | INFO  | SCMAudit | user=jenkins1000 | ip=192.168.34.53 | op=SEND_HEARTBEAT {datanodeUUID=09804a23-7f5e-4639-98b0-dd8aac3c1a3d, command=[]} | ret=SUCCESS |  
2019-09-05 03:30:34,398 | INFO  | SCMAudit | user=jenkins1000 | ip=192.168.34.53 | op=SEND_HEARTBEAT {datanodeUUID=838608ba-8b7b-40e1-8b89-0ac8f38cbb42, command=[]} | ret=SUCCESS |  
2019-09-05 03:30:34,412 | INFO  | SCMAudit | user=jenkins1000 | ip=192.168.34.53 | op=SEND_HEARTBEAT {datanodeUUID=f8e72f0f-27ad-4da0-a4ac-f742e69d6053, command=[]} | ret=SUCCESS |  
2019-09-05 03:30:34,525 | INFO  | SCMAudit | user=jenkins1000 | ip=192.168.34.53 | op=SEND_HEARTBEAT {datanodeUUID=514a2e68-35f0-4c50-97b9-a7f344dd70d0, command=[]} | ret=SUCCESS |  
2019-09-05 03:30:34,760 | INFO  | SCMAudit | user=jenkins1000 | ip=192.168.34.53 | op=SEND_HEARTBEAT {datanodeUUID=d5831d47-7264-4585-8f97-4cba7bdc2965, command=[]} | ret=SUCCESS |  
2019-09-05 03:30:35,100 | INFO  | SCMAudit | user=jenkins1000 | ip=192.168.34.53 | op=SEND_HEARTBEAT {datanodeUUID=56431364-4f3b-4c40-806d-c9164d34aa1e, command=[]} | ret=SUCCESS |  
2019-09-05 03:30:35,322 | INFO  | SCMAudit | user=jenkins1000 | ip=192.168.34.53 | op=SEND_HEARTBEAT {datanodeUUID=3ae5d83c-115d-493e-a141-01bd711a0fb1, command=[]} | ret=SUCCESS |  
2019-09-05 03:30:35,363 | INFO  | SCMAudit | user=jenkins1000 | ip=192.168.34.53 | op=SEND_HEARTBEAT {datanodeUUID=09804a23-7f5e-4639-98b0-dd8aac3c1a3d, command=[]} | ret=SUCCESS |  
2019-09-05 03:30:35,398 | INFO  | SCMAudit | user=jenkins1000 | ip=192.168.34.53 | op=SEND_HEARTBEAT {datanodeUUID=838608ba-8b7b-40e1-8b89-0ac8f38cbb42, command=[]} | ret=SUCCESS |  
2019-09-05 03:30:35,412 | INFO  | SCMAudit | user=jenkins1000 | ip=192.168.34.53 | op=SEND_HEARTBEAT {datanodeUUID=f8e72f0f-27ad-4da0-a4ac-f742e69d6053, command=[]} | ret=SUCCESS |  
2019-09-05 03:30:35,525 | INFO  | SCMAudit | user=jenkins1000 | ip=192.168.34.53 | op=SEND_HEARTBEAT {datanodeUUID=514a2e68-35f0-4c50-97b9-a7f344dd70d0, command=[]} | ret=SUCCESS |  
2019-09-05 03:30:35,760 | INFO  | SCMAudit | user=jenkins1000 | ip=192.168.34.53 | op=SEND_HEARTBEAT {datanodeUUID=d5831d47-7264-4585-8f97-4cba7bdc2965, command=[]} | ret=SUCCESS |  
2019-09-05 03:30:36,101 | INFO  | SCMAudit | user=jenkins1000 | ip=192.168.34.53 | op=SEND_HEARTBEAT {datanodeUUID=56431364-4f3b-4c40-806d-c9164d34aa1e, command=[]} | ret=SUCCESS |  
2019-09-05 03:30:36,323 | INFO  | SCMAudit | user=jenkins1000 | ip=192.168.34.53 | op=SEND_HEARTBEAT {datanodeUUID=3ae5d83c-115d-493e-a141-01bd711a0fb1, command=[]} | ret=SUCCESS |  
2019-09-05 03:30:36,363 | INFO  | SCMAudit | user=jenkins1000 | ip=192.168.34.53 | op=SEND_HEARTBEAT {datanodeUUID=09804a23-7f5e-4639-98b0-dd8aac3c1a3d, command=[]} | ret=SUCCESS |  
2019-09-05 03:30:36,398 | INFO  | SCMAudit | user=jenkins1000 | ip=192.168.34.53 | op=SEND_HEARTBEAT {datanodeUUID=838608ba-8b7b-40e1-8b89-0ac8f38cbb42, command=[]} | ret=SUCCESS |  
2019-09-05 03:30:36,412 | INFO  | SCMAudit | user=jenkins1000 | ip=192.168.34.53 | op=SEND_HEARTBEAT {datanodeUUID=f8e72f0f-27ad-4da0-a4ac-f742e69d6053, command=[]} | ret=SUCCESS |  
2019-09-05 03:30:36,525 | INFO  | SCMAudit | user=jenkins1000 | ip=192.168.34.53 | op=SEND_HEARTBEAT {datanodeUUID=514a2e68-35f0-4c50-97b9-a7f344dd70d0, command=[]} | ret=SUCCESS |  
2019-09-05 03:30:36,760 | INFO  | SCMAudit | user=jenkins1000 | ip=192.168.34.53 | op=SEND_HEARTBEAT {datanodeUUID=d5831d47-7264-4585-8f97-4cba7bdc2965, command=[]} | ret=SUCCESS |  
2019-09-05 03:30:37,101 | INFO  | SCMAudit | user=jenkins1000 | ip=192.168.34.53 | op=SEND_HEARTBEAT {datanodeUUID=56431364-4f3b-4c40-806d-c9164d34aa1e, command=[]} | ret=SUCCESS |  
2019-09-05 03:30:37,323 | INFO  | SCMAudit | user=jenkins1000 | ip=192.168.34.53 | op=SEND_HEARTBEAT {datanodeUUID=3ae5d83c-115d-493e-a141-01bd711a0fb1, command=[]} | ret=SUCCESS |  
2019-09-05 03:30:37,362 | INFO  | SCMAudit | user=jenkins1000 | ip=192.168.34.53 | op=SEND_HEARTBEAT {datanodeUUID=09804a23-7f5e-4639-98b0-dd8aac3c1a3d, command=[]} | ret=SUCCESS |  
2019-09-05 03:30:37,398 | INFO  | SCMAudit | user=jenkins1000 | ip=192.168.34.53 | op=SEND_HEARTBEAT {datanodeUUID=838608ba-8b7b-40e1-8b89-0ac8f38cbb42, command=[]} | ret=SUCCESS |  
2019-09-05 03:30:37,412 | INFO  | SCMAudit | user=jenkins1000 | ip=192.168.34.53 | op=SEND_HEARTBEAT {datanodeUUID=f8e72f0f-27ad-4da0-a4ac-f742e69d6053, command=[]} | ret=SUCCESS |  
2019-09-05 03:30:37,525 | INFO  | SCMAudit | user=jenkins1000 | ip=192.168.34.53 | op=SEND_HEARTBEAT {datanodeUUID=514a2e68-35f0-4c50-97b9-a7f344dd70d0, command=[]} | ret=SUCCESS |  
2019-09-05 03:30:37,761 | INFO  | SCMAudit | user=jenkins1000 | ip=192.168.34.53 | op=SEND_HEARTBEAT {datanodeUUID=d5831d47-7264-4585-8f97-4cba7bdc2965, command=[]} | ret=SUCCESS |  
2019-09-05 03:30:37,961 [grpc-default-executor-3] INFO  client.GrpcClientProtocolClient (GrpcClientProtocolClient.java:onNext(255)) - client-D63F27167560->09804a23-7f5e-4639-98b0-dd8aac3c1a3d: receive RaftClientReply:client-D63F27167560->09804a23-7f5e-4639-98b0-dd8aac3c1a3d@group-6FC1333E43B6, cid=44, FAILED org.apache.ratis.protocol.NotLeaderException: Server 09804a23-7f5e-4639-98b0-dd8aac3c1a3d is not the leader (838608ba-8b7b-40e1-8b89-0ac8f38cbb42:192.168.34.53:41281). Request must be sent to leader., logIndex=0, commits[09804a23-7f5e-4639-98b0-dd8aac3c1a3d:c8, 838608ba-8b7b-40e1-8b89-0ac8f38cbb42:c8, f8e72f0f-27ad-4da0-a4ac-f742e69d6053:c8]
2019-09-05 03:30:38,101 | INFO  | SCMAudit | user=jenkins1000 | ip=192.168.34.53 | op=SEND_HEARTBEAT {datanodeUUID=56431364-4f3b-4c40-806d-c9164d34aa1e, command=[]} | ret=SUCCESS |  
2019-09-05 03:30:38,322 | INFO  | SCMAudit | user=jenkins1000 | ip=192.168.34.53 | op=SEND_HEARTBEAT {datanodeUUID=3ae5d83c-115d-493e-a141-01bd711a0fb1, command=[]} | ret=SUCCESS |  
2019-09-05 03:30:38,363 | INFO  | SCMAudit | user=jenkins1000 | ip=192.168.34.53 | op=SEND_HEARTBEAT {datanodeUUID=09804a23-7f5e-4639-98b0-dd8aac3c1a3d, command=[]} | ret=SUCCESS |  
2019-09-05 03:30:38,398 | INFO  | SCMAudit | user=jenkins1000 | ip=192.168.34.53 | op=SEND_HEARTBEAT {datanodeUUID=838608ba-8b7b-40e1-8b89-0ac8f38cbb42, command=[]} | ret=SUCCESS |  
2019-09-05 03:30:38,412 | INFO  | SCMAudit | user=jenkins1000 | ip=192.168.34.53 | op=SEND_HEARTBEAT {datanodeUUID=f8e72f0f-27ad-4da0-a4ac-f742e69d6053, command=[]} | ret=SUCCESS |  
2019-09-05 03:30:38,525 | INFO  | SCMAudit | user=jenkins1000 | ip=192.168.34.53 | op=SEND_HEARTBEAT {datanodeUUID=514a2e68-35f0-4c50-97b9-a7f344dd70d0, command=[]} | ret=SUCCESS |  
2019-09-05 03:30:38,761 | INFO  | SCMAudit | user=jenkins1000 | ip=192.168.34.53 | op=SEND_HEARTBEAT {datanodeUUID=d5831d47-7264-4585-8f97-4cba7bdc2965, command=[]} | ret=SUCCESS |  
2019-09-05 03:30:39,102 | INFO  | SCMAudit | user=jenkins1000 | ip=192.168.34.53 | op=SEND_HEARTBEAT {datanodeUUID=56431364-4f3b-4c40-806d-c9164d34aa1e, command=[]} | ret=SUCCESS |  
2019-09-05 03:30:39,323 | INFO  | SCMAudit | user=jenkins1000 | ip=192.168.34.53 | op=SEND_HEARTBEAT {datanodeUUID=3ae5d83c-115d-493e-a141-01bd711a0fb1, command=[]} | ret=SUCCESS |  
2019-09-05 03:30:39,363 | INFO  | SCMAudit | user=jenkins1000 | ip=192.168.34.53 | op=SEND_HEARTBEAT {datanodeUUID=09804a23-7f5e-4639-98b0-dd8aac3c1a3d, command=[]} | ret=SUCCESS |  
2019-09-05 03:30:39,398 | INFO  | SCMAudit | user=jenkins1000 | ip=192.168.34.53 | op=SEND_HEARTBEAT {datanodeUUID=838608ba-8b7b-40e1-8b89-0ac8f38cbb42, command=[]} | ret=SUCCESS |  
2019-09-05 03:30:39,413 | INFO  | SCMAudit | user=jenkins1000 | ip=192.168.34.53 | op=SEND_HEARTBEAT {datanodeUUID=f8e72f0f-27ad-4da0-a4ac-f742e69d6053, command=[]} | ret=SUCCESS |  
2019-09-05 03:30:39,525 | INFO  | SCMAudit | user=jenkins1000 | ip=192.168.34.53 | op=SEND_HEARTBEAT {datanodeUUID=514a2e68-35f0-4c50-97b9-a7f344dd70d0, command=[]} | ret=SUCCESS |  
2019-09-05 03:30:39,761 | INFO  | SCMAudit | user=jenkins1000 | ip=192.168.34.53 | op=SEND_HEARTBEAT {datanodeUUID=d5831d47-7264-4585-8f97-4cba7bdc2965, command=[]} | ret=SUCCESS |  
2019-09-05 03:30:40,102 | INFO  | SCMAudit | user=jenkins1000 | ip=192.168.34.53 | op=SEND_HEARTBEAT {datanodeUUID=56431364-4f3b-4c40-806d-c9164d34aa1e, command=[]} | ret=SUCCESS |  
2019-09-05 03:30:40,323 | INFO  | SCMAudit | user=jenkins1000 | ip=192.168.34.53 | op=SEND_HEARTBEAT {datanodeUUID=3ae5d83c-115d-493e-a141-01bd711a0fb1, command=[]} | ret=SUCCESS |  
2019-09-05 03:30:40,363 | INFO  | SCMAudit | user=jenkins1000 | ip=192.168.34.53 | op=SEND_HEARTBEAT {datanodeUUID=09804a23-7f5e-4639-98b0-dd8aac3c1a3d, command=[]} | ret=SUCCESS |  
2019-09-05 03:30:40,399 | INFO  | SCMAudit | user=jenkins1000 | ip=192.168.34.53 | op=SEND_HEARTBEAT {datanodeUUID=838608ba-8b7b-40e1-8b89-0ac8f38cbb42, command=[]} | ret=SUCCESS |  
2019-09-05 03:30:40,412 | INFO  | SCMAudit | user=jenkins1000 | ip=192.168.34.53 | op=SEND_HEARTBEAT {datanodeUUID=f8e72f0f-27ad-4da0-a4ac-f742e69d6053, command=[]} | ret=SUCCESS |  
2019-09-05 03:30:40,526 | INFO  | SCMAudit | user=jenkins1000 | ip=192.168.34.53 | op=SEND_HEARTBEAT {datanodeUUID=514a2e68-35f0-4c50-97b9-a7f344dd70d0, command=[]} | ret=SUCCESS |  
2019-09-05 03:30:40,761 | INFO  | SCMAudit | user=jenkins1000 | ip=192.168.34.53 | op=SEND_HEARTBEAT {datanodeUUID=d5831d47-7264-4585-8f97-4cba7bdc2965, command=[]} | ret=SUCCESS |  
2019-09-05 03:30:41,102 | INFO  | SCMAudit | user=jenkins1000 | ip=192.168.34.53 | op=SEND_HEARTBEAT {datanodeUUID=56431364-4f3b-4c40-806d-c9164d34aa1e, command=[]} | ret=SUCCESS |  
2019-09-05 03:30:41,322 | INFO  | SCMAudit | user=jenkins1000 | ip=192.168.34.53 | op=SEND_HEARTBEAT {datanodeUUID=3ae5d83c-115d-493e-a141-01bd711a0fb1, command=[]} | ret=SUCCESS |  
2019-09-05 03:30:41,363 | INFO  | SCMAudit | user=jenkins1000 | ip=192.168.34.53 | op=SEND_HEARTBEAT {datanodeUUID=09804a23-7f5e-4639-98b0-dd8aac3c1a3d, command=[]} | ret=SUCCESS |  
2019-09-05 03:30:41,399 | INFO  | SCMAudit | user=jenkins1000 | ip=192.168.34.53 | op=SEND_HEARTBEAT {datanodeUUID=838608ba-8b7b-40e1-8b89-0ac8f38cbb42, command=[]} | ret=SUCCESS |  
2019-09-05 03:30:41,412 | INFO  | SCMAudit | user=jenkins1000 | ip=192.168.34.53 | op=SEND_HEARTBEAT {datanodeUUID=f8e72f0f-27ad-4da0-a4ac-f742e69d6053, command=[]} | ret=SUCCESS |  
2019-09-05 03:30:41,527 | INFO  | SCMAudit | user=jenkins1000 | ip=192.168.34.53 | op=SEND_HEARTBEAT {datanodeUUID=514a2e68-35f0-4c50-97b9-a7f344dd70d0, command=[]} | ret=SUCCESS |  
2019-09-05 03:30:41,762 | INFO  | SCMAudit | user=jenkins1000 | ip=192.168.34.53 | op=SEND_HEARTBEAT {datanodeUUID=d5831d47-7264-4585-8f97-4cba7bdc2965, command=[]} | ret=SUCCESS |  
2019-09-05 03:30:42,103 | INFO  | SCMAudit | user=jenkins1000 | ip=192.168.34.53 | op=SEND_HEARTBEAT {datanodeUUID=56431364-4f3b-4c40-806d-c9164d34aa1e, command=[]} | ret=SUCCESS |  
2019-09-05 03:30:42,323 | INFO  | SCMAudit | user=jenkins1000 | ip=192.168.34.53 | op=SEND_HEARTBEAT {datanodeUUID=3ae5d83c-115d-493e-a141-01bd711a0fb1, command=[]} | ret=SUCCESS |  
2019-09-05 03:30:42,363 | INFO  | SCMAudit | user=jenkins1000 | ip=192.168.34.53 | op=SEND_HEARTBEAT {datanodeUUID=09804a23-7f5e-4639-98b0-dd8aac3c1a3d, command=[]} | ret=SUCCESS |  
2019-09-05 03:30:42,399 | INFO  | SCMAudit | user=jenkins1000 | ip=192.168.34.53 | op=SEND_HEARTBEAT {datanodeUUID=838608ba-8b7b-40e1-8b89-0ac8f38cbb42, command=[]} | ret=SUCCESS |  
2019-09-05 03:30:42,412 | INFO  | SCMAudit | user=jenkins1000 | ip=192.168.34.53 | op=SEND_HEARTBEAT {datanodeUUID=f8e72f0f-27ad-4da0-a4ac-f742e69d6053, command=[]} | ret=SUCCESS |  
2019-09-05 03:30:42,526 | INFO  | SCMAudit | user=jenkins1000 | ip=192.168.34.53 | op=SEND_HEARTBEAT {datanodeUUID=514a2e68-35f0-4c50-97b9-a7f344dd70d0, command=[]} | ret=SUCCESS |  
2019-09-05 03:30:42,761 | INFO  | SCMAudit | user=jenkins1000 | ip=192.168.34.53 | op=SEND_HEARTBEAT {datanodeUUID=d5831d47-7264-4585-8f97-4cba7bdc2965, command=[]} | ret=SUCCESS |  
2019-09-05 03:30:43,009 [grpc-default-executor-0] INFO  client.GrpcClientProtocolClient (GrpcClientProtocolClient.java:onNext(255)) - client-D63F27167560->f8e72f0f-27ad-4da0-a4ac-f742e69d6053: receive RaftClientReply:client-D63F27167560->f8e72f0f-27ad-4da0-a4ac-f742e69d6053@group-6FC1333E43B6, cid=44, FAILED org.apache.ratis.protocol.NotLeaderException: Server f8e72f0f-27ad-4da0-a4ac-f742e69d6053 is not the leader (838608ba-8b7b-40e1-8b89-0ac8f38cbb42:192.168.34.53:41281). Request must be sent to leader., logIndex=0, commits[f8e72f0f-27ad-4da0-a4ac-f742e69d6053:c8, 838608ba-8b7b-40e1-8b89-0ac8f38cbb42:c8, 09804a23-7f5e-4639-98b0-dd8aac3c1a3d:c8]
2019-09-05 03:30:43,102 | INFO  | SCMAudit | user=jenkins1000 | ip=192.168.34.53 | op=SEND_HEARTBEAT {datanodeUUID=56431364-4f3b-4c40-806d-c9164d34aa1e, command=[]} | ret=SUCCESS |  
2019-09-05 03:30:43,322 | INFO  | SCMAudit | user=jenkins1000 | ip=192.168.34.53 | op=SEND_HEARTBEAT {datanodeUUID=3ae5d83c-115d-493e-a141-01bd711a0fb1, command=[]} | ret=SUCCESS |  
2019-09-05 03:30:43,363 | INFO  | SCMAudit | user=jenkins1000 | ip=192.168.34.53 | op=SEND_HEARTBEAT {datanodeUUID=09804a23-7f5e-4639-98b0-dd8aac3c1a3d, command=[]} | ret=SUCCESS |  
2019-09-05 03:30:43,398 | INFO  | SCMAudit | user=jenkins1000 | ip=192.168.34.53 | op=SEND_HEARTBEAT {datanodeUUID=838608ba-8b7b-40e1-8b89-0ac8f38cbb42, command=[]} | ret=SUCCESS |  
2019-09-05 03:30:43,412 | INFO  | SCMAudit | user=jenkins1000 | ip=192.168.34.53 | op=SEND_HEARTBEAT {datanodeUUID=f8e72f0f-27ad-4da0-a4ac-f742e69d6053, command=[]} | ret=SUCCESS |  
2019-09-05 03:30:43,527 | INFO  | SCMAudit | user=jenkins1000 | ip=192.168.34.53 | op=SEND_HEARTBEAT {datanodeUUID=514a2e68-35f0-4c50-97b9-a7f344dd70d0, command=[]} | ret=SUCCESS |  
2019-09-05 03:30:43,762 | INFO  | SCMAudit | user=jenkins1000 | ip=192.168.34.53 | op=SEND_HEARTBEAT {datanodeUUID=d5831d47-7264-4585-8f97-4cba7bdc2965, command=[]} | ret=SUCCESS |  
2019-09-05 03:30:44,082 [ReplicationMonitor] INFO  container.ReplicationManager (ReplicationManager.java:run(215)) - Replication Monitor Thread took 0 milliseconds for processing 3 containers.
2019-09-05 03:30:44,103 | INFO  | SCMAudit | user=jenkins1000 | ip=192.168.34.53 | op=SEND_HEARTBEAT {datanodeUUID=56431364-4f3b-4c40-806d-c9164d34aa1e, command=[]} | ret=SUCCESS |  
2019-09-05 03:30:44,322 | INFO  | SCMAudit | user=jenkins1000 | ip=192.168.34.53 | op=SEND_HEARTBEAT {datanodeUUID=3ae5d83c-115d-493e-a141-01bd711a0fb1, command=[]} | ret=SUCCESS |  
2019-09-05 03:30:44,363 | INFO  | SCMAudit | user=jenkins1000 | ip=192.168.34.53 | op=SEND_HEARTBEAT {datanodeUUID=09804a23-7f5e-4639-98b0-dd8aac3c1a3d, command=[]} | ret=SUCCESS |  
2019-09-05 03:30:44,398 | INFO  | SCMAudit | user=jenkins1000 | ip=192.168.34.53 | op=SEND_HEARTBEAT {datanodeUUID=838608ba-8b7b-40e1-8b89-0ac8f38cbb42, command=[]} | ret=SUCCESS |  
2019-09-05 03:30:44,412 | INFO  | SCMAudit | user=jenkins1000 | ip=192.168.34.53 | op=SEND_HEARTBEAT {datanodeUUID=f8e72f0f-27ad-4da0-a4ac-f742e69d6053, command=[]} | ret=SUCCESS |  
2019-09-05 03:30:44,527 | INFO  | SCMAudit | user=jenkins1000 | ip=192.168.34.53 | op=SEND_HEARTBEAT {datanodeUUID=514a2e68-35f0-4c50-97b9-a7f344dd70d0, command=[]} | ret=SUCCESS |  
2019-09-05 03:30:44,762 | INFO  | SCMAudit | user=jenkins1000 | ip=192.168.34.53 | op=SEND_HEARTBEAT {datanodeUUID=d5831d47-7264-4585-8f97-4cba7bdc2965, command=[]} | ret=SUCCESS |  
2019-09-05 03:30:45,103 | INFO  | SCMAudit | user=jenkins1000 | ip=192.168.34.53 | op=SEND_HEARTBEAT {datanodeUUID=56431364-4f3b-4c40-806d-c9164d34aa1e, command=[]} | ret=SUCCESS |  
2019-09-05 03:30:45,323 | INFO  | SCMAudit | user=jenkins1000 | ip=192.168.34.53 | op=SEND_HEARTBEAT {datanodeUUID=3ae5d83c-115d-493e-a141-01bd711a0fb1, command=[]} | ret=SUCCESS |  
2019-09-05 03:30:45,363 | INFO  | SCMAudit | user=jenkins1000 | ip=192.168.34.53 | op=SEND_HEARTBEAT {datanodeUUID=09804a23-7f5e-4639-98b0-dd8aac3c1a3d, command=[]} | ret=SUCCESS |  
2019-09-05 03:30:45,398 | INFO  | SCMAudit | user=jenkins1000 | ip=192.168.34.53 | op=SEND_HEARTBEAT {datanodeUUID=838608ba-8b7b-40e1-8b89-0ac8f38cbb42, command=[]} | ret=SUCCESS |  
2019-09-05 03:30:45,413 | INFO  | SCMAudit | user=jenkins1000 | ip=192.168.34.53 | op=SEND_HEARTBEAT {datanodeUUID=f8e72f0f-27ad-4da0-a4ac-f742e69d6053, command=[]} | ret=SUCCESS |  
2019-09-05 03:30:45,527 | INFO  | SCMAudit | user=jenkins1000 | ip=192.168.34.53 | op=SEND_HEARTBEAT {datanodeUUID=514a2e68-35f0-4c50-97b9-a7f344dd70d0, command=[]} | ret=SUCCESS |  
2019-09-05 03:30:45,762 | INFO  | SCMAudit | user=jenkins1000 | ip=192.168.34.53 | op=SEND_HEARTBEAT {datanodeUUID=d5831d47-7264-4585-8f97-4cba7bdc2965, command=[]} | ret=SUCCESS |  
2019-09-05 03:30:46,102 | INFO  | SCMAudit | user=jenkins1000 | ip=192.168.34.53 | op=SEND_HEARTBEAT {datanodeUUID=56431364-4f3b-4c40-806d-c9164d34aa1e, command=[]} | ret=SUCCESS |  
2019-09-05 03:30:46,323 | INFO  | SCMAudit | user=jenkins1000 | ip=192.168.34.53 | op=SEND_HEARTBEAT {datanodeUUID=3ae5d83c-115d-493e-a141-01bd711a0fb1, command=[]} | ret=SUCCESS |  
2019-09-05 03:30:46,363 | INFO  | SCMAudit | user=jenkins1000 | ip=192.168.34.53 | op=SEND_HEARTBEAT {datanodeUUID=09804a23-7f5e-4639-98b0-dd8aac3c1a3d, command=[]} | ret=SUCCESS |  
2019-09-05 03:30:46,398 | INFO  | SCMAudit | user=jenkins1000 | ip=192.168.34.53 | op=SEND_HEARTBEAT {datanodeUUID=838608ba-8b7b-40e1-8b89-0ac8f38cbb42, command=[]} | ret=SUCCESS |  
2019-09-05 03:30:46,412 | INFO  | SCMAudit | user=jenkins1000 | ip=192.168.34.53 | op=SEND_HEARTBEAT {datanodeUUID=f8e72f0f-27ad-4da0-a4ac-f742e69d6053, command=[]} | ret=SUCCESS |  
2019-09-05 03:30:46,528 | INFO  | SCMAudit | user=jenkins1000 | ip=192.168.34.53 | op=SEND_HEARTBEAT {datanodeUUID=514a2e68-35f0-4c50-97b9-a7f344dd70d0, command=[]} | ret=SUCCESS |  
2019-09-05 03:30:46,763 | INFO  | SCMAudit | user=jenkins1000 | ip=192.168.34.53 | op=SEND_HEARTBEAT {datanodeUUID=d5831d47-7264-4585-8f97-4cba7bdc2965, command=[]} | ret=SUCCESS |  
2019-09-05 03:30:47,102 | INFO  | SCMAudit | user=jenkins1000 | ip=192.168.34.53 | op=SEND_HEARTBEAT {datanodeUUID=56431364-4f3b-4c40-806d-c9164d34aa1e, command=[]} | ret=SUCCESS |  
2019-09-05 03:30:47,322 | INFO  | SCMAudit | user=jenkins1000 | ip=192.168.34.53 | op=SEND_HEARTBEAT {datanodeUUID=3ae5d83c-115d-493e-a141-01bd711a0fb1, command=[]} | ret=SUCCESS |  
2019-09-05 03:30:47,363 | INFO  | SCMAudit | user=jenkins1000 | ip=192.168.34.53 | op=SEND_HEARTBEAT {datanodeUUID=09804a23-7f5e-4639-98b0-dd8aac3c1a3d, command=[]} | ret=SUCCESS |  
2019-09-05 03:30:47,398 | INFO  | SCMAudit | user=jenkins1000 | ip=192.168.34.53 | op=SEND_HEARTBEAT {datanodeUUID=838608ba-8b7b-40e1-8b89-0ac8f38cbb42, command=[]} | ret=SUCCESS |  
2019-09-05 03:30:47,412 | INFO  | SCMAudit | user=jenkins1000 | ip=192.168.34.53 | op=SEND_HEARTBEAT {datanodeUUID=f8e72f0f-27ad-4da0-a4ac-f742e69d6053, command=[]} | ret=SUCCESS |  
2019-09-05 03:30:47,529 | INFO  | SCMAudit | user=jenkins1000 | ip=192.168.34.53 | op=SEND_HEARTBEAT {datanodeUUID=514a2e68-35f0-4c50-97b9-a7f344dd70d0, command=[]} | ret=SUCCESS |  
2019-09-05 03:30:47,763 | INFO  | SCMAudit | user=jenkins1000 | ip=192.168.34.53 | op=SEND_HEARTBEAT {datanodeUUID=d5831d47-7264-4585-8f97-4cba7bdc2965, command=[]} | ret=SUCCESS |  
2019-09-05 03:30:48,050 [grpc-default-executor-3] INFO  client.GrpcClientProtocolClient (GrpcClientProtocolClient.java:onNext(255)) - client-D63F27167560->09804a23-7f5e-4639-98b0-dd8aac3c1a3d: receive RaftClientReply:client-D63F27167560->09804a23-7f5e-4639-98b0-dd8aac3c1a3d@group-6FC1333E43B6, cid=44, FAILED org.apache.ratis.protocol.NotLeaderException: Server 09804a23-7f5e-4639-98b0-dd8aac3c1a3d is not the leader (838608ba-8b7b-40e1-8b89-0ac8f38cbb42:192.168.34.53:41281). Request must be sent to leader., logIndex=0, commits[09804a23-7f5e-4639-98b0-dd8aac3c1a3d:c8, 838608ba-8b7b-40e1-8b89-0ac8f38cbb42:c8, f8e72f0f-27ad-4da0-a4ac-f742e69d6053:c8]
2019-09-05 03:30:48,103 | INFO  | SCMAudit | user=jenkins1000 | ip=192.168.34.53 | op=SEND_HEARTBEAT {datanodeUUID=56431364-4f3b-4c40-806d-c9164d34aa1e, command=[]} | ret=SUCCESS |  
2019-09-05 03:30:48,322 | INFO  | SCMAudit | user=jenkins1000 | ip=192.168.34.53 | op=SEND_HEARTBEAT {datanodeUUID=3ae5d83c-115d-493e-a141-01bd711a0fb1, command=[]} | ret=SUCCESS |  
2019-09-05 03:30:48,363 | INFO  | SCMAudit | user=jenkins1000 | ip=192.168.34.53 | op=SEND_HEARTBEAT {datanodeUUID=09804a23-7f5e-4639-98b0-dd8aac3c1a3d, command=[]} | ret=SUCCESS |  
2019-09-05 03:30:48,398 | INFO  | SCMAudit | user=jenkins1000 | ip=192.168.34.53 | op=SEND_HEARTBEAT {datanodeUUID=838608ba-8b7b-40e1-8b89-0ac8f38cbb42, command=[]} | ret=SUCCESS |  
2019-09-05 03:30:48,412 | INFO  | SCMAudit | user=jenkins1000 | ip=192.168.34.53 | op=SEND_HEARTBEAT {datanodeUUID=f8e72f0f-27ad-4da0-a4ac-f742e69d6053, command=[]} | ret=SUCCESS |  
2019-09-05 03:30:48,529 | INFO  | SCMAudit | user=jenkins1000 | ip=192.168.34.53 | op=SEND_HEARTBEAT {datanodeUUID=514a2e68-35f0-4c50-97b9-a7f344dd70d0, command=[]} | ret=SUCCESS |  
2019-09-05 03:30:48,764 | INFO  | SCMAudit | user=jenkins1000 | ip=192.168.34.53 | op=SEND_HEARTBEAT {datanodeUUID=d5831d47-7264-4585-8f97-4cba7bdc2965, command=[]} | ret=SUCCESS |  
2019-09-05 03:30:49,103 | INFO  | SCMAudit | user=jenkins1000 | ip=192.168.34.53 | op=SEND_HEARTBEAT {datanodeUUID=56431364-4f3b-4c40-806d-c9164d34aa1e, command=[]} | ret=SUCCESS |  
2019-09-05 03:30:49,323 | INFO  | SCMAudit | user=jenkins1000 | ip=192.168.34.53 | op=SEND_HEARTBEAT {datanodeUUID=3ae5d83c-115d-493e-a141-01bd711a0fb1, command=[]} | ret=SUCCESS |  
2019-09-05 03:30:49,363 | INFO  | SCMAudit | user=jenkins1000 | ip=192.168.34.53 | op=SEND_HEARTBEAT {datanodeUUID=09804a23-7f5e-4639-98b0-dd8aac3c1a3d, command=[]} | ret=SUCCESS |  
2019-09-05 03:30:49,398 | INFO  | SCMAudit | user=jenkins1000 | ip=192.168.34.53 | op=SEND_HEARTBEAT {datanodeUUID=838608ba-8b7b-40e1-8b89-0ac8f38cbb42, command=[]} | ret=SUCCESS |  
2019-09-05 03:30:49,412 | INFO  | SCMAudit | user=jenkins1000 | ip=192.168.34.53 | op=SEND_HEARTBEAT {datanodeUUID=f8e72f0f-27ad-4da0-a4ac-f742e69d6053, command=[]} | ret=SUCCESS |  
2019-09-05 03:30:49,529 | INFO  | SCMAudit | user=jenkins1000 | ip=192.168.34.53 | op=SEND_HEARTBEAT {datanodeUUID=514a2e68-35f0-4c50-97b9-a7f344dd70d0, command=[]} | ret=SUCCESS |  
2019-09-05 03:30:49,763 | INFO  | SCMAudit | user=jenkins1000 | ip=192.168.34.53 | op=SEND_HEARTBEAT {datanodeUUID=d5831d47-7264-4585-8f97-4cba7bdc2965, command=[]} | ret=SUCCESS |  
2019-09-05 03:30:50,102 | INFO  | SCMAudit | user=jenkins1000 | ip=192.168.34.53 | op=SEND_HEARTBEAT {datanodeUUID=56431364-4f3b-4c40-806d-c9164d34aa1e, command=[]} | ret=SUCCESS |  
2019-09-05 03:30:50,323 | INFO  | SCMAudit | user=jenkins1000 | ip=192.168.34.53 | op=SEND_HEARTBEAT {datanodeUUID=3ae5d83c-115d-493e-a141-01bd711a0fb1, command=[]} | ret=SUCCESS |  
2019-09-05 03:30:50,363 | INFO  | SCMAudit | user=jenkins1000 | ip=192.168.34.53 | op=SEND_HEARTBEAT {datanodeUUID=09804a23-7f5e-4639-98b0-dd8aac3c1a3d, command=[]} | ret=SUCCESS |  
2019-09-05 03:30:50,398 | INFO  | SCMAudit | user=jenkins1000 | ip=192.168.34.53 | op=SEND_HEARTBEAT {datanodeUUID=838608ba-8b7b-40e1-8b89-0ac8f38cbb42, command=[]} | ret=SUCCESS |  
2019-09-05 03:30:50,412 | INFO  | SCMAudit | user=jenkins1000 | ip=192.168.34.53 | op=SEND_HEARTBEAT {datanodeUUID=f8e72f0f-27ad-4da0-a4ac-f742e69d6053, command=[]} | ret=SUCCESS |  
2019-09-05 03:30:50,529 | INFO  | SCMAudit | user=jenkins1000 | ip=192.168.34.53 | op=SEND_HEARTBEAT {datanodeUUID=514a2e68-35f0-4c50-97b9-a7f344dd70d0, command=[]} | ret=SUCCESS |  
2019-09-05 03:30:50,763 | INFO  | SCMAudit | user=jenkins1000 | ip=192.168.34.53 | op=SEND_HEARTBEAT {datanodeUUID=d5831d47-7264-4585-8f97-4cba7bdc2965, command=[]} | ret=SUCCESS |  
2019-09-05 03:30:51,102 | INFO  | SCMAudit | user=jenkins1000 | ip=192.168.34.53 | op=SEND_HEARTBEAT {datanodeUUID=56431364-4f3b-4c40-806d-c9164d34aa1e, command=[]} | ret=SUCCESS |  
2019-09-05 03:30:51,323 | INFO  | SCMAudit | user=jenkins1000 | ip=192.168.34.53 | op=SEND_HEARTBEAT {datanodeUUID=3ae5d83c-115d-493e-a141-01bd711a0fb1, command=[]} | ret=SUCCESS |  
2019-09-05 03:30:51,363 | INFO  | SCMAudit | user=jenkins1000 | ip=192.168.34.53 | op=SEND_HEARTBEAT {datanodeUUID=09804a23-7f5e-4639-98b0-dd8aac3c1a3d, command=[]} | ret=SUCCESS |  
2019-09-05 03:30:51,398 | INFO  | SCMAudit | user=jenkins1000 | ip=192.168.34.53 | op=SEND_HEARTBEAT {datanodeUUID=838608ba-8b7b-40e1-8b89-0ac8f38cbb42, command=[]} | ret=SUCCESS |  
2019-09-05 03:30:51,412 | INFO  | SCMAudit | user=jenkins1000 | ip=192.168.34.53 | op=SEND_HEARTBEAT {datanodeUUID=f8e72f0f-27ad-4da0-a4ac-f742e69d6053, command=[]} | ret=SUCCESS |  
2019-09-05 03:30:51,530 | INFO  | SCMAudit | user=jenkins1000 | ip=192.168.34.53 | op=SEND_HEARTBEAT {datanodeUUID=514a2e68-35f0-4c50-97b9-a7f344dd70d0, command=[]} | ret=SUCCESS |  
2019-09-05 03:30:51,764 | INFO  | SCMAudit | user=jenkins1000 | ip=192.168.34.53 | op=SEND_HEARTBEAT {datanodeUUID=d5831d47-7264-4585-8f97-4cba7bdc2965, command=[]} | ret=SUCCESS |  
2019-09-05 03:30:52,103 | INFO  | SCMAudit | user=jenkins1000 | ip=192.168.34.53 | op=SEND_HEARTBEAT {datanodeUUID=56431364-4f3b-4c40-806d-c9164d34aa1e, command=[]} | ret=SUCCESS |  
2019-09-05 03:30:52,322 | INFO  | SCMAudit | user=jenkins1000 | ip=192.168.34.53 | op=SEND_HEARTBEAT {datanodeUUID=3ae5d83c-115d-493e-a141-01bd711a0fb1, command=[]} | ret=SUCCESS |  
2019-09-05 03:30:52,363 | INFO  | SCMAudit | user=jenkins1000 | ip=192.168.34.53 | op=SEND_HEARTBEAT {datanodeUUID=09804a23-7f5e-4639-98b0-dd8aac3c1a3d, command=[]} | ret=SUCCESS |  
2019-09-05 03:30:52,398 | INFO  | SCMAudit | user=jenkins1000 | ip=192.168.34.53 | op=SEND_HEARTBEAT {datanodeUUID=838608ba-8b7b-40e1-8b89-0ac8f38cbb42, command=[]} | ret=SUCCESS |  
2019-09-05 03:30:52,412 | INFO  | SCMAudit | user=jenkins1000 | ip=192.168.34.53 | op=SEND_HEARTBEAT {datanodeUUID=f8e72f0f-27ad-4da0-a4ac-f742e69d6053, command=[]} | ret=SUCCESS |  
2019-09-05 03:30:52,529 | INFO  | SCMAudit | user=jenkins1000 | ip=192.168.34.53 | op=SEND_HEARTBEAT {datanodeUUID=514a2e68-35f0-4c50-97b9-a7f344dd70d0, command=[]} | ret=SUCCESS |  
2019-09-05 03:30:52,764 | INFO  | SCMAudit | user=jenkins1000 | ip=192.168.34.53 | op=SEND_HEARTBEAT {datanodeUUID=d5831d47-7264-4585-8f97-4cba7bdc2965, command=[]} | ret=SUCCESS |  
2019-09-05 03:30:53,090 [grpc-default-executor-0] INFO  client.GrpcClientProtocolClient (GrpcClientProtocolClient.java:onNext(255)) - client-D63F27167560->09804a23-7f5e-4639-98b0-dd8aac3c1a3d: receive RaftClientReply:client-D63F27167560->09804a23-7f5e-4639-98b0-dd8aac3c1a3d@group-6FC1333E43B6, cid=44, FAILED org.apache.ratis.protocol.NotLeaderException: Server 09804a23-7f5e-4639-98b0-dd8aac3c1a3d is not the leader (838608ba-8b7b-40e1-8b89-0ac8f38cbb42:192.168.34.53:41281). Request must be sent to leader., logIndex=0, commits[09804a23-7f5e-4639-98b0-dd8aac3c1a3d:c8, 838608ba-8b7b-40e1-8b89-0ac8f38cbb42:c8, f8e72f0f-27ad-4da0-a4ac-f742e69d6053:c8]
2019-09-05 03:30:53,102 [main] INFO  ozone.MiniOzoneClusterImpl (MiniOzoneClusterImpl.java:shutdown(321)) - Shutting down the Mini Ozone Cluster
2019-09-05 03:30:53,102 | INFO  | SCMAudit | user=null | ip=null | op=GET_SCM_INFO null | ret=SUCCESS |  
2019-09-05 03:30:53,102 [main] INFO  ozone.MiniOzoneClusterImpl (MiniOzoneClusterImpl.java:stop(336)) - Stopping the Mini Ozone Cluster
2019-09-05 03:30:53,103 | INFO  | SCMAudit | user=jenkins1000 | ip=192.168.34.53 | op=SEND_HEARTBEAT {datanodeUUID=56431364-4f3b-4c40-806d-c9164d34aa1e, command=[]} | ret=SUCCESS |  
2019-09-05 03:30:53,103 [main] INFO  ozone.MiniOzoneClusterImpl (MiniOzoneClusterImpl.java:stop(338)) - Stopping the OzoneManager
2019-09-05 03:30:53,103 [main] INFO  ipc.Server (Server.java:stop(3082)) - Stopping server on 43822
2019-09-05 03:30:53,130 [IPC Server listener on 43822] INFO  ipc.Server (Server.java:run(1185)) - Stopping IPC Server listener on 43822
2019-09-05 03:30:53,134 [main] INFO  ratis.OzoneManagerDoubleBuffer (OzoneManagerDoubleBuffer.java:stop(248)) - Stopping OMDoubleBuffer flush thread
2019-09-05 03:30:53,143 [IPC Server Responder] INFO  ipc.Server (Server.java:run(1319)) - Stopping IPC Server Responder
2019-09-05 03:30:53,146 [OMDoubleBufferFlushThread] INFO  ratis.OzoneManagerDoubleBuffer (OzoneManagerDoubleBuffer.java:flushTransactions(191)) - OMDoubleBuffer flush thread OMDoubleBufferFlushThread is interrupted and will exit. OMDoubleBufferFlushThread
2019-09-05 03:30:53,146 [main] INFO  utils.BackgroundService (BackgroundService.java:shutdown(148)) - Shutting down service KeyDeletingService
2019-09-05 03:30:53,148 [main] INFO  handler.ContextHandler (ContextHandler.java:doStop(910)) - Stopped o.e.j.w.WebAppContext@20dd5870{/,null,UNAVAILABLE}{/ozoneManager}
2019-09-05 03:30:53,149 [main] INFO  server.AbstractConnector (AbstractConnector.java:doStop(318)) - Stopped ServerConnector@1640f20f{HTTP/1.1,[http/1.1]}{0.0.0.0:0}
2019-09-05 03:30:53,149 [main] INFO  handler.ContextHandler (ContextHandler.java:doStop(910)) - Stopped o.e.j.s.ServletContextHandler@382d549a{/static,file:///workdir/hadoop-ozone/integration-test/target/test-classes/webapps/static,UNAVAILABLE}
2019-09-05 03:30:53,150 [main] INFO  handler.ContextHandler (ContextHandler.java:doStop(910)) - Stopped o.e.j.s.ServletContextHandler@3c07e830{/logs,file:///workdir/hadoop-ozone/integration-test/target/log,UNAVAILABLE}
2019-09-05 03:30:53,154 [main] INFO  ozone.MiniOzoneClusterImpl (MiniOzoneClusterImpl.java:stop(344)) - Shutting the HddsDatanodes
2019-09-05 03:30:53,155 [main] INFO  datanode.ObjectStoreHandler (ObjectStoreHandler.java:close(155)) - Closing ObjectStoreHandler.
2019-09-05 03:30:53,155 [ForkJoinPool.commonPool-worker-1] INFO  datanode.ObjectStoreHandler (ObjectStoreHandler.java:close(155)) - Closing ObjectStoreHandler.
2019-09-05 03:30:53,156 [main] INFO  ozone.HddsDatanodeService (HddsDatanodeService.java:stop(451)) - Stopped plug-in org.apache.hadoop.ozone.web.OzoneHddsDatanodeService@878feb2
2019-09-05 03:30:53,157 [ForkJoinPool.commonPool-worker-1] INFO  ozone.HddsDatanodeService (HddsDatanodeService.java:stop(451)) - Stopped plug-in org.apache.hadoop.ozone.web.OzoneHddsDatanodeService@1171ba7e
2019-09-05 03:30:53,322 [Datanode State Machine Thread - 0] INFO  statemachine.DatanodeStateMachine (DatanodeStateMachine.java:lambda$startDaemon$0(350)) - Ozone container server started.
2019-09-05 03:30:53,363 [Datanode State Machine Thread - 0] INFO  statemachine.DatanodeStateMachine (DatanodeStateMachine.java:lambda$startDaemon$0(350)) - Ozone container server started.
2019-09-05 03:30:53,399 | INFO  | SCMAudit | user=jenkins1000 | ip=192.168.34.53 | op=SEND_HEARTBEAT {datanodeUUID=838608ba-8b7b-40e1-8b89-0ac8f38cbb42, command=[]} | ret=SUCCESS |  
2019-09-05 03:30:53,412 | INFO  | SCMAudit | user=jenkins1000 | ip=192.168.34.53 | op=SEND_HEARTBEAT {datanodeUUID=f8e72f0f-27ad-4da0-a4ac-f742e69d6053, command=[]} | ret=SUCCESS |  
2019-09-05 03:30:53,529 | INFO  | SCMAudit | user=jenkins1000 | ip=192.168.34.53 | op=SEND_HEARTBEAT {datanodeUUID=514a2e68-35f0-4c50-97b9-a7f344dd70d0, command=[]} | ret=SUCCESS |  
2019-09-05 03:30:53,764 | INFO  | SCMAudit | user=jenkins1000 | ip=192.168.34.53 | op=SEND_HEARTBEAT {datanodeUUID=d5831d47-7264-4585-8f97-4cba7bdc2965, command=[]} | ret=SUCCESS |  
2019-09-05 03:30:54,104 | INFO  | SCMAudit | user=jenkins1000 | ip=192.168.34.53 | op=SEND_HEARTBEAT {datanodeUUID=56431364-4f3b-4c40-806d-c9164d34aa1e, command=[]} | ret=SUCCESS |  
2019-09-05 03:30:54,399 | INFO  | SCMAudit | user=jenkins1000 | ip=192.168.34.53 | op=SEND_HEARTBEAT {datanodeUUID=838608ba-8b7b-40e1-8b89-0ac8f38cbb42, command=[]} | ret=SUCCESS |  
2019-09-05 03:30:54,413 | INFO  | SCMAudit | user=jenkins1000 | ip=192.168.34.53 | op=SEND_HEARTBEAT {datanodeUUID=f8e72f0f-27ad-4da0-a4ac-f742e69d6053, command=[]} | ret=SUCCESS |  
2019-09-05 03:30:54,534 | INFO  | SCMAudit | user=jenkins1000 | ip=192.168.34.53 | op=SEND_HEARTBEAT {datanodeUUID=514a2e68-35f0-4c50-97b9-a7f344dd70d0, command=[]} | ret=SUCCESS |  
2019-09-05 03:30:54,764 | INFO  | SCMAudit | user=jenkins1000 | ip=192.168.34.53 | op=SEND_HEARTBEAT {datanodeUUID=d5831d47-7264-4585-8f97-4cba7bdc2965, command=[]} | ret=SUCCESS |  
2019-09-05 03:30:55,104 | INFO  | SCMAudit | user=jenkins1000 | ip=192.168.34.53 | op=SEND_HEARTBEAT {datanodeUUID=56431364-4f3b-4c40-806d-c9164d34aa1e, command=[]} | ret=SUCCESS |  
2019-09-05 03:30:55,399 | INFO  | SCMAudit | user=jenkins1000 | ip=192.168.34.53 | op=SEND_HEARTBEAT {datanodeUUID=838608ba-8b7b-40e1-8b89-0ac8f38cbb42, command=[]} | ret=SUCCESS |  
2019-09-05 03:30:55,414 | INFO  | SCMAudit | user=jenkins1000 | ip=192.168.34.53 | op=SEND_HEARTBEAT {datanodeUUID=f8e72f0f-27ad-4da0-a4ac-f742e69d6053, command=[]} | ret=SUCCESS |  
2019-09-05 03:30:55,531 | INFO  | SCMAudit | user=jenkins1000 | ip=192.168.34.53 | op=SEND_HEARTBEAT {datanodeUUID=514a2e68-35f0-4c50-97b9-a7f344dd70d0, command=[]} | ret=SUCCESS |  
2019-09-05 03:30:55,764 | INFO  | SCMAudit | user=jenkins1000 | ip=192.168.34.53 | op=SEND_HEARTBEAT {datanodeUUID=d5831d47-7264-4585-8f97-4cba7bdc2965, command=[]} | ret=SUCCESS |  
2019-09-05 03:30:56,104 | INFO  | SCMAudit | user=jenkins1000 | ip=192.168.34.53 | op=SEND_HEARTBEAT {datanodeUUID=56431364-4f3b-4c40-806d-c9164d34aa1e, command=[]} | ret=SUCCESS |  
2019-09-05 03:30:56,400 | INFO  | SCMAudit | user=jenkins1000 | ip=192.168.34.53 | op=SEND_HEARTBEAT {datanodeUUID=838608ba-8b7b-40e1-8b89-0ac8f38cbb42, command=[]} | ret=SUCCESS |  
2019-09-05 03:30:56,415 | INFO  | SCMAudit | user=jenkins1000 | ip=192.168.34.53 | op=SEND_HEARTBEAT {datanodeUUID=f8e72f0f-27ad-4da0-a4ac-f742e69d6053, command=[]} | ret=SUCCESS |  
2019-09-05 03:30:56,531 | INFO  | SCMAudit | user=jenkins1000 | ip=192.168.34.53 | op=SEND_HEARTBEAT {datanodeUUID=514a2e68-35f0-4c50-97b9-a7f344dd70d0, command=[]} | ret=SUCCESS |  
2019-09-05 03:30:56,764 | INFO  | SCMAudit | user=jenkins1000 | ip=192.168.34.53 | op=SEND_HEARTBEAT {datanodeUUID=d5831d47-7264-4585-8f97-4cba7bdc2965, command=[]} | ret=SUCCESS |  
2019-09-05 03:30:57,105 | INFO  | SCMAudit | user=jenkins1000 | ip=192.168.34.53 | op=SEND_HEARTBEAT {datanodeUUID=56431364-4f3b-4c40-806d-c9164d34aa1e, command=[]} | ret=SUCCESS |  
2019-09-05 03:30:57,400 | INFO  | SCMAudit | user=jenkins1000 | ip=192.168.34.53 | op=SEND_HEARTBEAT {datanodeUUID=838608ba-8b7b-40e1-8b89-0ac8f38cbb42, command=[]} | ret=SUCCESS |  
2019-09-05 03:30:57,415 | INFO  | SCMAudit | user=jenkins1000 | ip=192.168.34.53 | op=SEND_HEARTBEAT {datanodeUUID=f8e72f0f-27ad-4da0-a4ac-f742e69d6053, command=[]} | ret=SUCCESS |  
2019-09-05 03:30:57,531 | INFO  | SCMAudit | user=jenkins1000 | ip=192.168.34.53 | op=SEND_HEARTBEAT {datanodeUUID=514a2e68-35f0-4c50-97b9-a7f344dd70d0, command=[]} | ret=SUCCESS |  
2019-09-05 03:30:57,764 | INFO  | SCMAudit | user=jenkins1000 | ip=192.168.34.53 | op=SEND_HEARTBEAT {datanodeUUID=d5831d47-7264-4585-8f97-4cba7bdc2965, command=[]} | ret=SUCCESS |  
2019-09-05 03:30:58,105 | INFO  | SCMAudit | user=jenkins1000 | ip=192.168.34.53 | op=SEND_HEARTBEAT {datanodeUUID=56431364-4f3b-4c40-806d-c9164d34aa1e, command=[]} | ret=SUCCESS |  
2019-09-05 03:30:58,158 [main] INFO  ozoneimpl.OzoneContainer (OzoneContainer.java:stop(199)) - Attempting to stop container services.
2019-09-05 03:30:58,158 [ForkJoinPool.commonPool-worker-1] INFO  ozoneimpl.OzoneContainer (OzoneContainer.java:stop(199)) - Attempting to stop container services.
2019-09-05 03:30:58,159 [main] INFO  impl.RaftServerProxy (RaftServerProxy.java:lambda$close$4(314)) - 09804a23-7f5e-4639-98b0-dd8aac3c1a3d: close
2019-09-05 03:30:58,159 [ForkJoinPool.commonPool-worker-1] INFO  impl.RaftServerProxy (RaftServerProxy.java:lambda$close$4(314)) - 3ae5d83c-115d-493e-a141-01bd711a0fb1: close
2019-09-05 03:30:58,160 [main] INFO  impl.RaftServerImpl (RaftServerImpl.java:lambda$shutdown$3(245)) - 09804a23-7f5e-4639-98b0-dd8aac3c1a3d: shutdown group-B7D2586C6A37
2019-09-05 03:30:58,160 [ForkJoinPool.commonPool-worker-1] INFO  impl.RaftServerImpl (RaftServerImpl.java:lambda$shutdown$3(245)) - 3ae5d83c-115d-493e-a141-01bd711a0fb1: shutdown group-D553731AE9CE
2019-09-05 03:30:58,160 [main] INFO  util.JmxRegister (JmxRegister.java:unregister(73)) - Successfully un-registered JMX Bean with object name Ratis:service=RaftServer,group=group-B7D2586C6A37,id=09804a23-7f5e-4639-98b0-dd8aac3c1a3d
2019-09-05 03:30:58,160 [ForkJoinPool.commonPool-worker-1] INFO  util.JmxRegister (JmxRegister.java:unregister(73)) - Successfully un-registered JMX Bean with object name Ratis:service=RaftServer,group=group-D553731AE9CE,id=3ae5d83c-115d-493e-a141-01bd711a0fb1
2019-09-05 03:30:58,161 [main] INFO  impl.RoleInfo (RoleInfo.java:shutdownLeaderState(104)) - 09804a23-7f5e-4639-98b0-dd8aac3c1a3d: shutdown LeaderState
2019-09-05 03:30:58,161 [ForkJoinPool.commonPool-worker-1] INFO  impl.RoleInfo (RoleInfo.java:shutdownFollowerState(121)) - 3ae5d83c-115d-493e-a141-01bd711a0fb1: shutdown FollowerState
2019-09-05 03:30:58,162 [main] INFO  impl.PendingRequests (PendingRequests.java:sendNotLeaderResponses(202)) - 09804a23-7f5e-4639-98b0-dd8aac3c1a3d-PendingRequests: sendNotLeaderResponses
2019-09-05 03:30:58,162 [Thread-816] INFO  impl.FollowerState (FollowerState.java:run(114)) - 3ae5d83c-115d-493e-a141-01bd711a0fb1: FollowerState was interrupted: java.lang.InterruptedException: sleep interrupted
2019-09-05 03:30:58,162 [ForkJoinPool.commonPool-worker-1] INFO  impl.StateMachineUpdater (StateMachineUpdater.java:stopAndJoin(115)) - StateMachineUpdater:3ae5d83c-115d-493e-a141-01bd711a0fb1:group-D553731AE9CE: set stopIndex = 0
2019-09-05 03:30:58,169 [main] INFO  impl.StateMachineUpdater (StateMachineUpdater.java:stopAndJoin(115)) - StateMachineUpdater:09804a23-7f5e-4639-98b0-dd8aac3c1a3d:group-B7D2586C6A37: set stopIndex = 0
2019-09-05 03:30:58,172 [ForkJoinPool.commonPool-worker-1] INFO  impl.RaftServerImpl (ServerState.java:close(394)) - 3ae5d83c-115d-493e-a141-01bd711a0fb1:group-D553731AE9CE closes. The last applied log index is 0
2019-09-05 03:30:58,173 [main] INFO  impl.RaftServerImpl (ServerState.java:close(394)) - 09804a23-7f5e-4639-98b0-dd8aac3c1a3d:group-B7D2586C6A37 closes. The last applied log index is 0
2019-09-05 03:30:58,174 [3ae5d83c-115d-493e-a141-01bd711a0fb1-SegmentedRaftLogWorker:Storage Directory /workdir/hadoop-ozone/integration-test/target/test-dir/MiniOzoneClusterImpl-38a6644a-5bd9-4915-9755-6661b6b928f7/datanode-1/data/ratis/30eaba4c-4d6b-452a-b5b8-d553731ae9ce] INFO  segmented.SegmentedRaftLogWorker (SegmentedRaftLogWorker.java:run(313)) - 3ae5d83c-115d-493e-a141-01bd711a0fb1-SegmentedRaftLogWorker:Storage Directory /workdir/hadoop-ozone/integration-test/target/test-dir/MiniOzoneClusterImpl-38a6644a-5bd9-4915-9755-6661b6b928f7/datanode-1/data/ratis/30eaba4c-4d6b-452a-b5b8-d553731ae9ce was interrupted, exiting. There are 0 tasks remaining in the queue.
2019-09-05 03:30:58,174 [09804a23-7f5e-4639-98b0-dd8aac3c1a3d-SegmentedRaftLogWorker:Storage Directory /workdir/hadoop-ozone/integration-test/target/test-dir/MiniOzoneClusterImpl-38a6644a-5bd9-4915-9755-6661b6b928f7/datanode-4/data/ratis/b74f546e-6ba1-4b18-ae63-b7d2586c6a37] INFO  segmented.SegmentedRaftLogWorker (SegmentedRaftLogWorker.java:run(313)) - 09804a23-7f5e-4639-98b0-dd8aac3c1a3d-SegmentedRaftLogWorker:Storage Directory /workdir/hadoop-ozone/integration-test/target/test-dir/MiniOzoneClusterImpl-38a6644a-5bd9-4915-9755-6661b6b928f7/datanode-4/data/ratis/b74f546e-6ba1-4b18-ae63-b7d2586c6a37 was interrupted, exiting. There are 0 tasks remaining in the queue.
2019-09-05 03:30:58,186 [ForkJoinPool.commonPool-worker-1] INFO  segmented.SegmentedRaftLogWorker (SegmentedRaftLogWorker.java:close(228)) - 3ae5d83c-115d-493e-a141-01bd711a0fb1-SegmentedRaftLogWorker:Storage Directory /workdir/hadoop-ozone/integration-test/target/test-dir/MiniOzoneClusterImpl-38a6644a-5bd9-4915-9755-6661b6b928f7/datanode-1/data/ratis/30eaba4c-4d6b-452a-b5b8-d553731ae9ce close()
2019-09-05 03:30:58,186 [main] INFO  segmented.SegmentedRaftLogWorker (SegmentedRaftLogWorker.java:close(228)) - 09804a23-7f5e-4639-98b0-dd8aac3c1a3d-SegmentedRaftLogWorker:Storage Directory /workdir/hadoop-ozone/integration-test/target/test-dir/MiniOzoneClusterImpl-38a6644a-5bd9-4915-9755-6661b6b928f7/datanode-4/data/ratis/b74f546e-6ba1-4b18-ae63-b7d2586c6a37 close()
2019-09-05 03:30:58,191 [ForkJoinPool.commonPool-worker-1] INFO  impl.RaftServerImpl (RaftServerImpl.java:lambda$shutdown$3(245)) - 3ae5d83c-115d-493e-a141-01bd711a0fb1: shutdown group-1095D29670F7
2019-09-05 03:30:58,196 [main] INFO  impl.RaftServerImpl (RaftServerImpl.java:lambda$shutdown$3(245)) - 09804a23-7f5e-4639-98b0-dd8aac3c1a3d: shutdown group-6FC1333E43B6
2019-09-05 03:30:58,196 [ForkJoinPool.commonPool-worker-1] INFO  util.JmxRegister (JmxRegister.java:unregister(73)) - Successfully un-registered JMX Bean with object name Ratis:service=RaftServer,group=group-1095D29670F7,id=3ae5d83c-115d-493e-a141-01bd711a0fb1
2019-09-05 03:30:58,197 [main] INFO  util.JmxRegister (JmxRegister.java:unregister(73)) - Successfully un-registered JMX Bean with object name Ratis:service=RaftServer,group=group-6FC1333E43B6,id=09804a23-7f5e-4639-98b0-dd8aac3c1a3d
2019-09-05 03:30:58,197 [ForkJoinPool.commonPool-worker-1] INFO  impl.RoleInfo (RoleInfo.java:shutdownLeaderState(104)) - 3ae5d83c-115d-493e-a141-01bd711a0fb1: shutdown LeaderState
2019-09-05 03:30:58,198 [main] INFO  impl.RoleInfo (RoleInfo.java:shutdownFollowerState(121)) - 09804a23-7f5e-4639-98b0-dd8aac3c1a3d: shutdown FollowerState
2019-09-05 03:30:58,198 [ForkJoinPool.commonPool-worker-1] INFO  impl.PendingRequests (PendingRequests.java:sendNotLeaderResponses(202)) - 3ae5d83c-115d-493e-a141-01bd711a0fb1-PendingRequests: sendNotLeaderResponses
2019-09-05 03:30:58,199 [StateMachineUpdater:09804a23-7f5e-4639-98b0-dd8aac3c1a3d:group-6FC1333E43B6] INFO  ratis.ContainerStateMachine (ContainerStateMachine.java:takeSnapshot(283)) - group-6FC1333E43B6: Taking a snapshot at:(t:1, i:5) file /workdir/hadoop-ozone/integration-test/target/test-dir/MiniOzoneClusterImpl-38a6644a-5bd9-4915-9755-6661b6b928f7/datanode-4/data/ratis/b9197241-d09d-4aa4-9843-6fc1333e43b6/sm/snapshot.1_5
2019-09-05 03:30:58,199 [Thread-846] INFO  impl.FollowerState (FollowerState.java:run(114)) - 09804a23-7f5e-4639-98b0-dd8aac3c1a3d: FollowerState was interrupted: java.lang.InterruptedException: sleep interrupted
2019-09-05 03:30:58,198 [main] INFO  impl.StateMachineUpdater (StateMachineUpdater.java:stopAndJoin(115)) - StateMachineUpdater:09804a23-7f5e-4639-98b0-dd8aac3c1a3d:group-6FC1333E43B6: set stopIndex = 8
2019-09-05 03:30:58,199 [ForkJoinPool.commonPool-worker-1] INFO  impl.StateMachineUpdater (StateMachineUpdater.java:stopAndJoin(115)) - StateMachineUpdater:3ae5d83c-115d-493e-a141-01bd711a0fb1:group-1095D29670F7: set stopIndex = 0
2019-09-05 03:30:58,204 [ForkJoinPool.commonPool-worker-1] INFO  impl.RaftServerImpl (ServerState.java:close(394)) - 3ae5d83c-115d-493e-a141-01bd711a0fb1:group-1095D29670F7 closes. The last applied log index is 0
2019-09-05 03:30:58,204 [3ae5d83c-115d-493e-a141-01bd711a0fb1-SegmentedRaftLogWorker:Storage Directory /workdir/hadoop-ozone/integration-test/target/test-dir/MiniOzoneClusterImpl-38a6644a-5bd9-4915-9755-6661b6b928f7/datanode-1/data/ratis/5389c78e-2857-44dd-bd70-1095d29670f7] INFO  segmented.SegmentedRaftLogWorker (SegmentedRaftLogWorker.java:run(313)) - 3ae5d83c-115d-493e-a141-01bd711a0fb1-SegmentedRaftLogWorker:Storage Directory /workdir/hadoop-ozone/integration-test/target/test-dir/MiniOzoneClusterImpl-38a6644a-5bd9-4915-9755-6661b6b928f7/datanode-1/data/ratis/5389c78e-2857-44dd-bd70-1095d29670f7 was interrupted, exiting. There are 0 tasks remaining in the queue.
2019-09-05 03:30:58,209 [ForkJoinPool.commonPool-worker-1] INFO  segmented.SegmentedRaftLogWorker (SegmentedRaftLogWorker.java:close(228)) - 3ae5d83c-115d-493e-a141-01bd711a0fb1-SegmentedRaftLogWorker:Storage Directory /workdir/hadoop-ozone/integration-test/target/test-dir/MiniOzoneClusterImpl-38a6644a-5bd9-4915-9755-6661b6b928f7/datanode-1/data/ratis/5389c78e-2857-44dd-bd70-1095d29670f7 close()
2019-09-05 03:30:58,213 [ForkJoinPool.commonPool-worker-1] INFO  server.GrpcService (GrpcService.java:closeImpl(155)) - 3ae5d83c-115d-493e-a141-01bd711a0fb1: shutdown server with port 38838 now
2019-09-05 03:30:58,215 [grpc-default-executor-0] WARN  server.GrpcServerProtocolService (LogUtils.java:warn(134)) - 3ae5d83c-115d-493e-a141-01bd711a0fb1: appendEntries onError: org.apache.ratis.thirdparty.io.grpc.StatusRuntimeException: CANCELLED: cancelled before receiving half close
2019-09-05 03:30:58,215 [ForkJoinPool.commonPool-worker-1] INFO  server.GrpcService (GrpcService.java:closeImpl(163)) - 3ae5d83c-115d-493e-a141-01bd711a0fb1: shutdown server with port 38838 successfully
2019-09-05 03:30:58,215 [grpc-default-executor-0] WARN  server.GrpcLogAppender (LogUtils.java:warn(134)) - 514a2e68-35f0-4c50-97b9-a7f344dd70d0->3ae5d83c-115d-493e-a141-01bd711a0fb1: Failed appendEntries: org.apache.ratis.thirdparty.io.grpc.StatusRuntimeException: CANCELLED: HTTP/2 error code: CANCEL
Received Rst Stream
2019-09-05 03:30:58,218 [grpc-default-executor-0] INFO  impl.FollowerInfo (FollowerInfo.java:lambda$new$0(50)) - 514a2e68-35f0-4c50-97b9-a7f344dd70d0->3ae5d83c-115d-493e-a141-01bd711a0fb1: nextIndex: updateUnconditionally 1 -> 0
2019-09-05 03:30:58,219 [ForkJoinPool.commonPool-worker-1] INFO  utils.BackgroundService (BackgroundService.java:shutdown(148)) - Shutting down service BlockDeletingService
2019-09-05 03:30:58,221 [StateMachineUpdater:09804a23-7f5e-4639-98b0-dd8aac3c1a3d:group-6FC1333E43B6] INFO  ratis.ContainerStateMachine (ContainerStateMachine.java:takeSnapshot(294)) - group-6FC1333E43B6: Finished taking a snapshot at:(t:1, i:5) file:/workdir/hadoop-ozone/integration-test/target/test-dir/MiniOzoneClusterImpl-38a6644a-5bd9-4915-9755-6661b6b928f7/datanode-4/data/ratis/b9197241-d09d-4aa4-9843-6fc1333e43b6/sm/snapshot.1_5 time:22
2019-09-05 03:30:58,221 [StateMachineUpdater:09804a23-7f5e-4639-98b0-dd8aac3c1a3d:group-6FC1333E43B6] INFO  impl.StateMachineUpdater (StateMachineUpdater.java:takeSnapshot(242)) - StateMachineUpdater:09804a23-7f5e-4639-98b0-dd8aac3c1a3d:group-6FC1333E43B6: Took a snapshot at index 5
2019-09-05 03:30:58,221 [StateMachineUpdater:09804a23-7f5e-4639-98b0-dd8aac3c1a3d:group-6FC1333E43B6] INFO  impl.StateMachineUpdater (StateMachineUpdater.java:lambda$new$0(80)) - StateMachineUpdater:09804a23-7f5e-4639-98b0-dd8aac3c1a3d:group-6FC1333E43B6: snapshotIndex: updateIncreasingly -1 -> 5
2019-09-05 03:30:58,222 [refreshUsed-/workdir/hadoop-ozone/integration-test/target/test-dir/MiniOzoneClusterImpl-38a6644a-5bd9-4915-9755-6661b6b928f7/datanode-1/data/containers] WARN  fs.CachingGetSpaceUsed (CachingGetSpaceUsed.java:run(183)) - Thread Interrupted waiting to refresh disk information: sleep interrupted
2019-09-05 03:30:58,224 [main] INFO  impl.RaftServerImpl (ServerState.java:close(394)) - 09804a23-7f5e-4639-98b0-dd8aac3c1a3d:group-6FC1333E43B6 closes. The last applied log index is 8
2019-09-05 03:30:58,226 [09804a23-7f5e-4639-98b0-dd8aac3c1a3d-SegmentedRaftLogWorker:Storage Directory /workdir/hadoop-ozone/integration-test/target/test-dir/MiniOzoneClusterImpl-38a6644a-5bd9-4915-9755-6661b6b928f7/datanode-4/data/ratis/b9197241-d09d-4aa4-9843-6fc1333e43b6] INFO  segmented.SegmentedRaftLogWorker (SegmentedRaftLogWorker.java:run(313)) - 09804a23-7f5e-4639-98b0-dd8aac3c1a3d-SegmentedRaftLogWorker:Storage Directory /workdir/hadoop-ozone/integration-test/target/test-dir/MiniOzoneClusterImpl-38a6644a-5bd9-4915-9755-6661b6b928f7/datanode-4/data/ratis/b9197241-d09d-4aa4-9843-6fc1333e43b6 was interrupted, exiting. There are 0 tasks remaining in the queue.
2019-09-05 03:30:58,228 [main] INFO  segmented.SegmentedRaftLogWorker (SegmentedRaftLogWorker.java:close(228)) - 09804a23-7f5e-4639-98b0-dd8aac3c1a3d-SegmentedRaftLogWorker:Storage Directory /workdir/hadoop-ozone/integration-test/target/test-dir/MiniOzoneClusterImpl-38a6644a-5bd9-4915-9755-6661b6b928f7/datanode-4/data/ratis/b9197241-d09d-4aa4-9843-6fc1333e43b6 close()
2019-09-05 03:30:58,242 [main] INFO  server.GrpcService (GrpcService.java:closeImpl(155)) - 09804a23-7f5e-4639-98b0-dd8aac3c1a3d: shutdown server with port 46077 now
2019-09-05 03:30:58,243 [grpc-default-executor-7] WARN  server.GrpcServerProtocolService (LogUtils.java:warn(134)) - 09804a23-7f5e-4639-98b0-dd8aac3c1a3d: appendEntries onError: org.apache.ratis.thirdparty.io.grpc.StatusRuntimeException: CANCELLED: cancelled before receiving half close
2019-09-05 03:30:58,243 [grpc-default-executor-0] WARN  server.GrpcLogAppender (LogUtils.java:warn(134)) - 838608ba-8b7b-40e1-8b89-0ac8f38cbb42->09804a23-7f5e-4639-98b0-dd8aac3c1a3d: Failed appendEntries: org.apache.ratis.thirdparty.io.grpc.StatusRuntimeException: CANCELLED: HTTP/2 error code: CANCEL
Received Rst Stream
2019-09-05 03:30:58,244 [main] INFO  server.GrpcService (GrpcService.java:closeImpl(163)) - 09804a23-7f5e-4639-98b0-dd8aac3c1a3d: shutdown server with port 46077 successfully
2019-09-05 03:30:58,247 [grpc-default-executor-0] INFO  impl.FollowerInfo (FollowerInfo.java:lambda$new$0(50)) - 838608ba-8b7b-40e1-8b89-0ac8f38cbb42->09804a23-7f5e-4639-98b0-dd8aac3c1a3d: nextIndex: updateUnconditionally 9 -> 8
2019-09-05 03:30:58,248 [grpc-default-executor-6] WARN  client.GrpcClientProtocolService (LogUtils.java:warn(134)) - 34-OrderedRequestStreamObserver34: onError: org.apache.ratis.thirdparty.io.grpc.StatusRuntimeException: CANCELLED: cancelled before receiving half close
2019-09-05 03:30:58,248 [main] INFO  utils.BackgroundService (BackgroundService.java:shutdown(148)) - Shutting down service BlockDeletingService
2019-09-05 03:30:58,251 [refreshUsed-/workdir/hadoop-ozone/integration-test/target/test-dir/MiniOzoneClusterImpl-38a6644a-5bd9-4915-9755-6661b6b928f7/datanode-4/data/containers] WARN  fs.CachingGetSpaceUsed (CachingGetSpaceUsed.java:run(183)) - Thread Interrupted waiting to refresh disk information: sleep interrupted
2019-09-05 03:30:58,261 [grpc-default-executor-0] WARN  server.GrpcLogAppender (LogUtils.java:warn(134)) - 838608ba-8b7b-40e1-8b89-0ac8f38cbb42->09804a23-7f5e-4639-98b0-dd8aac3c1a3d: Failed appendEntries: org.apache.ratis.thirdparty.io.grpc.StatusRuntimeException: UNAVAILABLE: io exception
2019-09-05 03:30:58,263 [grpc-default-executor-0] INFO  impl.FollowerInfo (FollowerInfo.java:lambda$new$0(50)) - 838608ba-8b7b-40e1-8b89-0ac8f38cbb42->09804a23-7f5e-4639-98b0-dd8aac3c1a3d: nextIndex: updateUnconditionally 8 -> 7
2019-09-05 03:30:58,274 [ForkJoinPool.commonPool-worker-1] INFO  statemachine.DatanodeStateMachine (DatanodeStateMachine.java:stopDaemon(395)) - Ozone container server stopped.
2019-09-05 03:30:58,281 [ForkJoinPool.commonPool-worker-1] INFO  handler.ContextHandler (ContextHandler.java:doStop(910)) - Stopped o.e.j.w.WebAppContext@e72fb04{/,null,UNAVAILABLE}{/hddsDatanode}
2019-09-05 03:30:58,282 [ForkJoinPool.commonPool-worker-1] INFO  server.AbstractConnector (AbstractConnector.java:doStop(318)) - Stopped ServerConnector@1533338c{HTTP/1.1,[http/1.1]}{0.0.0.0:0}
2019-09-05 03:30:58,284 [ForkJoinPool.commonPool-worker-1] INFO  handler.ContextHandler (ContextHandler.java:doStop(910)) - Stopped o.e.j.s.ServletContextHandler@4e2109fe{/static,jar:file:/home/user/.m2/repository/org/apache/hadoop/hadoop-hdds-container-service/0.5.0-SNAPSHOT/hadoop-hdds-container-service-0.5.0-SNAPSHOT.jar!/webapps/static,UNAVAILABLE}
2019-09-05 03:30:58,286 [ForkJoinPool.commonPool-worker-1] INFO  handler.ContextHandler (ContextHandler.java:doStop(910)) - Stopped o.e.j.s.ServletContextHandler@78bad03b{/logs,file:///workdir/hadoop-ozone/integration-test/target/log,UNAVAILABLE}
2019-09-05 03:30:58,292 [main] INFO  statemachine.DatanodeStateMachine (DatanodeStateMachine.java:stopDaemon(395)) - Ozone container server stopped.
2019-09-05 03:30:58,292 [ForkJoinPool.commonPool-worker-1] INFO  datanode.ObjectStoreHandler (ObjectStoreHandler.java:close(155)) - Closing ObjectStoreHandler.
2019-09-05 03:30:58,293 [ForkJoinPool.commonPool-worker-1] INFO  ozone.HddsDatanodeService (HddsDatanodeService.java:stop(451)) - Stopped plug-in org.apache.hadoop.ozone.web.OzoneHddsDatanodeService@2c1a8529
2019-09-05 03:30:58,293 [main] INFO  handler.ContextHandler (ContextHandler.java:doStop(910)) - Stopped o.e.j.w.WebAppContext@144440f5{/,null,UNAVAILABLE}{/hddsDatanode}
2019-09-05 03:30:58,294 [main] INFO  server.AbstractConnector (AbstractConnector.java:doStop(318)) - Stopped ServerConnector@3e2c8ef{HTTP/1.1,[http/1.1]}{0.0.0.0:0}
2019-09-05 03:30:58,295 [main] INFO  handler.ContextHandler (ContextHandler.java:doStop(910)) - Stopped o.e.j.s.ServletContextHandler@61836cd9{/static,jar:file:/home/user/.m2/repository/org/apache/hadoop/hadoop-hdds-container-service/0.5.0-SNAPSHOT/hadoop-hdds-container-service-0.5.0-SNAPSHOT.jar!/webapps/static,UNAVAILABLE}
2019-09-05 03:30:58,295 [main] INFO  handler.ContextHandler (ContextHandler.java:doStop(910)) - Stopped o.e.j.s.ServletContextHandler@362be0cd{/logs,file:///workdir/hadoop-ozone/integration-test/target/log,UNAVAILABLE}
2019-09-05 03:30:58,296 [main] INFO  datanode.ObjectStoreHandler (ObjectStoreHandler.java:close(155)) - Closing ObjectStoreHandler.
2019-09-05 03:30:58,297 [main] INFO  ozone.HddsDatanodeService (HddsDatanodeService.java:stop(451)) - Stopped plug-in org.apache.hadoop.ozone.web.OzoneHddsDatanodeService@638d2ce3
2019-09-05 03:30:58,400 [Datanode State Machine Thread - 0] INFO  statemachine.DatanodeStateMachine (DatanodeStateMachine.java:lambda$startDaemon$0(350)) - Ozone container server started.
2019-09-05 03:30:58,416 | INFO  | SCMAudit | user=jenkins1000 | ip=192.168.34.53 | op=SEND_HEARTBEAT {datanodeUUID=f8e72f0f-27ad-4da0-a4ac-f742e69d6053, command=[]} | ret=SUCCESS |  
2019-09-05 03:30:58,530 [Datanode State Machine Thread - 0] INFO  statemachine.DatanodeStateMachine (DatanodeStateMachine.java:lambda$startDaemon$0(350)) - Ozone container server started.
2019-09-05 03:30:58,764 | INFO  | SCMAudit | user=jenkins1000 | ip=192.168.34.53 | op=SEND_HEARTBEAT {datanodeUUID=d5831d47-7264-4585-8f97-4cba7bdc2965, command=[]} | ret=SUCCESS |  
2019-09-05 03:30:59,105 | INFO  | SCMAudit | user=jenkins1000 | ip=192.168.34.53 | op=SEND_HEARTBEAT {datanodeUUID=56431364-4f3b-4c40-806d-c9164d34aa1e, command=[]} | ret=SUCCESS |  
2019-09-05 03:30:59,416 | INFO  | SCMAudit | user=jenkins1000 | ip=192.168.34.53 | op=SEND_HEARTBEAT {datanodeUUID=f8e72f0f-27ad-4da0-a4ac-f742e69d6053, command=[]} | ret=SUCCESS |  
2019-09-05 03:30:59,765 | INFO  | SCMAudit | user=jenkins1000 | ip=192.168.34.53 | op=SEND_HEARTBEAT {datanodeUUID=d5831d47-7264-4585-8f97-4cba7bdc2965, command=[]} | ret=SUCCESS |  
2019-09-05 03:30:59,951 [grpc-default-executor-9] WARN  server.GrpcLogAppender (LogUtils.java:warn(134)) - 514a2e68-35f0-4c50-97b9-a7f344dd70d0->3ae5d83c-115d-493e-a141-01bd711a0fb1: Failed appendEntries: org.apache.ratis.thirdparty.io.grpc.StatusRuntimeException: UNAVAILABLE: io exception
2019-09-05 03:30:59,955 [grpc-default-executor-9] INFO  impl.FollowerInfo (FollowerInfo.java:lambda$new$0(50)) - 514a2e68-35f0-4c50-97b9-a7f344dd70d0->3ae5d83c-115d-493e-a141-01bd711a0fb1: nextIndex: updateUnconditionally 0 -> 0
2019-09-05 03:31:00,105 | INFO  | SCMAudit | user=jenkins1000 | ip=192.168.34.53 | op=SEND_HEARTBEAT {datanodeUUID=56431364-4f3b-4c40-806d-c9164d34aa1e, command=[]} | ret=SUCCESS |  
2019-09-05 03:31:00,417 | INFO  | SCMAudit | user=jenkins1000 | ip=192.168.34.53 | op=SEND_HEARTBEAT {datanodeUUID=f8e72f0f-27ad-4da0-a4ac-f742e69d6053, command=[]} | ret=SUCCESS |  
2019-09-05 03:31:00,762 [grpc-default-executor-0] WARN  server.GrpcLogAppender (LogUtils.java:warn(134)) - 838608ba-8b7b-40e1-8b89-0ac8f38cbb42->09804a23-7f5e-4639-98b0-dd8aac3c1a3d: Failed appendEntries: org.apache.ratis.thirdparty.io.grpc.StatusRuntimeException: UNAVAILABLE: io exception
2019-09-05 03:31:00,765 [grpc-default-executor-0] INFO  impl.FollowerInfo (FollowerInfo.java:lambda$new$0(50)) - 838608ba-8b7b-40e1-8b89-0ac8f38cbb42->09804a23-7f5e-4639-98b0-dd8aac3c1a3d: nextIndex: updateUnconditionally 7 -> 6
2019-09-05 03:31:00,765 | INFO  | SCMAudit | user=jenkins1000 | ip=192.168.34.53 | op=SEND_HEARTBEAT {datanodeUUID=d5831d47-7264-4585-8f97-4cba7bdc2965, command=[]} | ret=SUCCESS |  
2019-09-05 03:31:01,105 | INFO  | SCMAudit | user=jenkins1000 | ip=192.168.34.53 | op=SEND_HEARTBEAT {datanodeUUID=56431364-4f3b-4c40-806d-c9164d34aa1e, command=[]} | ret=SUCCESS |  
2019-09-05 03:31:01,417 | INFO  | SCMAudit | user=jenkins1000 | ip=192.168.34.53 | op=SEND_HEARTBEAT {datanodeUUID=f8e72f0f-27ad-4da0-a4ac-f742e69d6053, command=[]} | ret=SUCCESS |  
2019-09-05 03:31:01,766 | INFO  | SCMAudit | user=jenkins1000 | ip=192.168.34.53 | op=SEND_HEARTBEAT {datanodeUUID=d5831d47-7264-4585-8f97-4cba7bdc2965, command=[]} | ret=SUCCESS |  
2019-09-05 03:31:02,106 | INFO  | SCMAudit | user=jenkins1000 | ip=192.168.34.53 | op=SEND_HEARTBEAT {datanodeUUID=56431364-4f3b-4c40-806d-c9164d34aa1e, command=[]} | ret=SUCCESS |  
2019-09-05 03:31:02,417 | INFO  | SCMAudit | user=jenkins1000 | ip=192.168.34.53 | op=SEND_HEARTBEAT {datanodeUUID=f8e72f0f-27ad-4da0-a4ac-f742e69d6053, command=[]} | ret=SUCCESS |  
2019-09-05 03:31:02,452 [grpc-default-executor-0] WARN  server.GrpcLogAppender (LogUtils.java:warn(134)) - 514a2e68-35f0-4c50-97b9-a7f344dd70d0->3ae5d83c-115d-493e-a141-01bd711a0fb1: Failed appendEntries: org.apache.ratis.thirdparty.io.grpc.StatusRuntimeException: UNAVAILABLE: io exception
2019-09-05 03:31:02,455 [grpc-default-executor-0] INFO  impl.FollowerInfo (FollowerInfo.java:lambda$new$0(50)) - 514a2e68-35f0-4c50-97b9-a7f344dd70d0->3ae5d83c-115d-493e-a141-01bd711a0fb1: nextIndex: updateUnconditionally 0 -> 0
2019-09-05 03:31:02,766 | INFO  | SCMAudit | user=jenkins1000 | ip=192.168.34.53 | op=SEND_HEARTBEAT {datanodeUUID=d5831d47-7264-4585-8f97-4cba7bdc2965, command=[]} | ret=SUCCESS |  
2019-09-05 03:31:03,106 | INFO  | SCMAudit | user=jenkins1000 | ip=192.168.34.53 | op=SEND_HEARTBEAT {datanodeUUID=56431364-4f3b-4c40-806d-c9164d34aa1e, command=[]} | ret=SUCCESS |  
2019-09-05 03:31:03,262 [grpc-default-executor-0] WARN  server.GrpcLogAppender (LogUtils.java:warn(134)) - 838608ba-8b7b-40e1-8b89-0ac8f38cbb42->09804a23-7f5e-4639-98b0-dd8aac3c1a3d: Failed appendEntries: org.apache.ratis.thirdparty.io.grpc.StatusRuntimeException: UNAVAILABLE: io exception
2019-09-05 03:31:03,265 [grpc-default-executor-0] INFO  impl.FollowerInfo (FollowerInfo.java:lambda$new$0(50)) - 838608ba-8b7b-40e1-8b89-0ac8f38cbb42->09804a23-7f5e-4639-98b0-dd8aac3c1a3d: nextIndex: updateUnconditionally 6 -> 5
2019-09-05 03:31:03,294 [ForkJoinPool.commonPool-worker-1] INFO  ozoneimpl.OzoneContainer (OzoneContainer.java:stop(199)) - Attempting to stop container services.
2019-09-05 03:31:03,294 [ForkJoinPool.commonPool-worker-1] INFO  impl.RaftServerProxy (RaftServerProxy.java:lambda$close$4(314)) - 514a2e68-35f0-4c50-97b9-a7f344dd70d0: close
2019-09-05 03:31:03,295 [ForkJoinPool.commonPool-worker-1] INFO  impl.RaftServerImpl (RaftServerImpl.java:lambda$shutdown$3(245)) - 514a2e68-35f0-4c50-97b9-a7f344dd70d0: shutdown group-121A136D5E75
2019-09-05 03:31:03,295 [ForkJoinPool.commonPool-worker-1] INFO  util.JmxRegister (JmxRegister.java:unregister(73)) - Successfully un-registered JMX Bean with object name Ratis:service=RaftServer,group=group-121A136D5E75,id=514a2e68-35f0-4c50-97b9-a7f344dd70d0
2019-09-05 03:31:03,295 [ForkJoinPool.commonPool-worker-1] INFO  impl.RoleInfo (RoleInfo.java:shutdownLeaderState(104)) - 514a2e68-35f0-4c50-97b9-a7f344dd70d0: shutdown LeaderState
2019-09-05 03:31:03,296 [ForkJoinPool.commonPool-worker-1] INFO  impl.PendingRequests (PendingRequests.java:sendNotLeaderResponses(202)) - 514a2e68-35f0-4c50-97b9-a7f344dd70d0-PendingRequests: sendNotLeaderResponses
2019-09-05 03:31:03,296 [ForkJoinPool.commonPool-worker-1] INFO  impl.StateMachineUpdater (StateMachineUpdater.java:stopAndJoin(115)) - StateMachineUpdater:514a2e68-35f0-4c50-97b9-a7f344dd70d0:group-121A136D5E75: set stopIndex = 0
2019-09-05 03:31:03,298 [ForkJoinPool.commonPool-worker-1] INFO  impl.RaftServerImpl (ServerState.java:close(394)) - 514a2e68-35f0-4c50-97b9-a7f344dd70d0:group-121A136D5E75 closes. The last applied log index is 0
2019-09-05 03:31:03,299 [main] INFO  ozoneimpl.OzoneContainer (OzoneContainer.java:stop(199)) - Attempting to stop container services.
2019-09-05 03:31:03,299 [514a2e68-35f0-4c50-97b9-a7f344dd70d0-SegmentedRaftLogWorker:Storage Directory /workdir/hadoop-ozone/integration-test/target/test-dir/MiniOzoneClusterImpl-38a6644a-5bd9-4915-9755-6661b6b928f7/datanode-2/data/ratis/5663072a-fa8e-4849-9e79-121a136d5e75] INFO  segmented.SegmentedRaftLogWorker (SegmentedRaftLogWorker.java:run(313)) - 514a2e68-35f0-4c50-97b9-a7f344dd70d0-SegmentedRaftLogWorker:Storage Directory /workdir/hadoop-ozone/integration-test/target/test-dir/MiniOzoneClusterImpl-38a6644a-5bd9-4915-9755-6661b6b928f7/datanode-2/data/ratis/5663072a-fa8e-4849-9e79-121a136d5e75 was interrupted, exiting. There are 0 tasks remaining in the queue.
2019-09-05 03:31:03,299 [main] INFO  impl.RaftServerProxy (RaftServerProxy.java:lambda$close$4(314)) - 838608ba-8b7b-40e1-8b89-0ac8f38cbb42: close
2019-09-05 03:31:03,302 [ForkJoinPool.commonPool-worker-1] INFO  segmented.SegmentedRaftLogWorker (SegmentedRaftLogWorker.java:close(228)) - 514a2e68-35f0-4c50-97b9-a7f344dd70d0-SegmentedRaftLogWorker:Storage Directory /workdir/hadoop-ozone/integration-test/target/test-dir/MiniOzoneClusterImpl-38a6644a-5bd9-4915-9755-6661b6b928f7/datanode-2/data/ratis/5663072a-fa8e-4849-9e79-121a136d5e75 close()
2019-09-05 03:31:03,302 [main] INFO  impl.RaftServerImpl (RaftServerImpl.java:lambda$shutdown$3(245)) - 838608ba-8b7b-40e1-8b89-0ac8f38cbb42: shutdown group-8E57DF3F1636
2019-09-05 03:31:03,304 [ForkJoinPool.commonPool-worker-1] INFO  impl.RaftServerImpl (RaftServerImpl.java:lambda$shutdown$3(245)) - 514a2e68-35f0-4c50-97b9-a7f344dd70d0: shutdown group-D553731AE9CE
2019-09-05 03:31:03,304 [main] INFO  util.JmxRegister (JmxRegister.java:unregister(73)) - Successfully un-registered JMX Bean with object name Ratis:service=RaftServer,group=group-8E57DF3F1636,id=838608ba-8b7b-40e1-8b89-0ac8f38cbb42
2019-09-05 03:31:03,305 [ForkJoinPool.commonPool-worker-1] INFO  util.JmxRegister (JmxRegister.java:unregister(73)) - Successfully un-registered JMX Bean with object name Ratis:service=RaftServer,group=group-D553731AE9CE,id=514a2e68-35f0-4c50-97b9-a7f344dd70d0
2019-09-05 03:31:03,305 [main] INFO  impl.RoleInfo (RoleInfo.java:shutdownLeaderState(104)) - 838608ba-8b7b-40e1-8b89-0ac8f38cbb42: shutdown LeaderState
2019-09-05 03:31:03,305 [ForkJoinPool.commonPool-worker-1] INFO  impl.RoleInfo (RoleInfo.java:shutdownLeaderState(104)) - 514a2e68-35f0-4c50-97b9-a7f344dd70d0: shutdown LeaderState
2019-09-05 03:31:03,306 [main] INFO  impl.PendingRequests (PendingRequests.java:sendNotLeaderResponses(202)) - 838608ba-8b7b-40e1-8b89-0ac8f38cbb42-PendingRequests: sendNotLeaderResponses
2019-09-05 03:31:03,310 [org.apache.ratis.server.impl.LogAppender$AppenderDaemon$$Lambda$463/566969568@30eeeadb] WARN  server.GrpcLogAppender (GrpcLogAppender.java:mayWait(143)) - GrpcLogAppender(514a2e68-35f0-4c50-97b9-a7f344dd70d0->3ae5d83c-115d-493e-a141-01bd711a0fb1): Wait interrupted by java.lang.InterruptedException
2019-09-05 03:31:03,310 [org.apache.ratis.server.impl.LogAppender$AppenderDaemon$$Lambda$463/566969568@75ec7a02] WARN  server.GrpcLogAppender (GrpcLogAppender.java:mayWait(143)) - GrpcLogAppender(514a2e68-35f0-4c50-97b9-a7f344dd70d0->56431364-4f3b-4c40-806d-c9164d34aa1e): Wait interrupted by java.lang.InterruptedException
2019-09-05 03:31:03,310 [ForkJoinPool.commonPool-worker-1] INFO  impl.PendingRequests (PendingRequests.java:sendNotLeaderResponses(202)) - 514a2e68-35f0-4c50-97b9-a7f344dd70d0-PendingRequests: sendNotLeaderResponses
2019-09-05 03:31:03,312 [main] INFO  impl.StateMachineUpdater (StateMachineUpdater.java:stopAndJoin(115)) - StateMachineUpdater:838608ba-8b7b-40e1-8b89-0ac8f38cbb42:group-8E57DF3F1636: set stopIndex = 0
2019-09-05 03:31:03,316 [grpc-default-executor-6] INFO  server.GrpcServerProtocolService (GrpcServerProtocolService.java:onCompleted(104)) - 56431364-4f3b-4c40-806d-c9164d34aa1e: appendEntries completed
2019-09-05 03:31:03,316 [ForkJoinPool.commonPool-worker-1] INFO  impl.StateMachineUpdater (StateMachineUpdater.java:stopAndJoin(115)) - StateMachineUpdater:514a2e68-35f0-4c50-97b9-a7f344dd70d0:group-D553731AE9CE: set stopIndex = 0
2019-09-05 03:31:03,318 [main] INFO  impl.RaftServerImpl (ServerState.java:close(394)) - 838608ba-8b7b-40e1-8b89-0ac8f38cbb42:group-8E57DF3F1636 closes. The last applied log index is 0
2019-09-05 03:31:03,319 [grpc-default-executor-6] INFO  server.GrpcLogAppender (GrpcLogAppender.java:onCompleted(292)) - 514a2e68-35f0-4c50-97b9-a7f344dd70d0->56431364-4f3b-4c40-806d-c9164d34aa1e: follower responses appendEntries COMPLETED
2019-09-05 03:31:03,319 [ForkJoinPool.commonPool-worker-1] INFO  impl.RaftServerImpl (ServerState.java:close(394)) - 514a2e68-35f0-4c50-97b9-a7f344dd70d0:group-D553731AE9CE closes. The last applied log index is 0
2019-09-05 03:31:03,321 [grpc-default-executor-6] INFO  impl.FollowerInfo (FollowerInfo.java:lambda$new$0(50)) - 514a2e68-35f0-4c50-97b9-a7f344dd70d0->56431364-4f3b-4c40-806d-c9164d34aa1e: nextIndex: updateUnconditionally 1 -> 0
2019-09-05 03:31:03,319 [838608ba-8b7b-40e1-8b89-0ac8f38cbb42-SegmentedRaftLogWorker:Storage Directory /workdir/hadoop-ozone/integration-test/target/test-dir/MiniOzoneClusterImpl-38a6644a-5bd9-4915-9755-6661b6b928f7/datanode-3/data/ratis/1f2f7cac-d60f-48ca-95ce-8e57df3f1636] INFO  segmented.SegmentedRaftLogWorker (SegmentedRaftLogWorker.java:run(313)) - 838608ba-8b7b-40e1-8b89-0ac8f38cbb42-SegmentedRaftLogWorker:Storage Directory /workdir/hadoop-ozone/integration-test/target/test-dir/MiniOzoneClusterImpl-38a6644a-5bd9-4915-9755-6661b6b928f7/datanode-3/data/ratis/1f2f7cac-d60f-48ca-95ce-8e57df3f1636 was interrupted, exiting. There are 0 tasks remaining in the queue.
2019-09-05 03:31:03,322 [514a2e68-35f0-4c50-97b9-a7f344dd70d0-SegmentedRaftLogWorker:Storage Directory /workdir/hadoop-ozone/integration-test/target/test-dir/MiniOzoneClusterImpl-38a6644a-5bd9-4915-9755-6661b6b928f7/datanode-2/data/ratis/30eaba4c-4d6b-452a-b5b8-d553731ae9ce] INFO  segmented.SegmentedRaftLogWorker (SegmentedRaftLogWorker.java:run(313)) - 514a2e68-35f0-4c50-97b9-a7f344dd70d0-SegmentedRaftLogWorker:Storage Directory /workdir/hadoop-ozone/integration-test/target/test-dir/MiniOzoneClusterImpl-38a6644a-5bd9-4915-9755-6661b6b928f7/datanode-2/data/ratis/30eaba4c-4d6b-452a-b5b8-d553731ae9ce was interrupted, exiting. There are 0 tasks remaining in the queue.
2019-09-05 03:31:03,324 [main] INFO  segmented.SegmentedRaftLogWorker (SegmentedRaftLogWorker.java:close(228)) - 838608ba-8b7b-40e1-8b89-0ac8f38cbb42-SegmentedRaftLogWorker:Storage Directory /workdir/hadoop-ozone/integration-test/target/test-dir/MiniOzoneClusterImpl-38a6644a-5bd9-4915-9755-6661b6b928f7/datanode-3/data/ratis/1f2f7cac-d60f-48ca-95ce-8e57df3f1636 close()
2019-09-05 03:31:03,325 [ForkJoinPool.commonPool-worker-1] INFO  segmented.SegmentedRaftLogWorker (SegmentedRaftLogWorker.java:close(228)) - 514a2e68-35f0-4c50-97b9-a7f344dd70d0-SegmentedRaftLogWorker:Storage Directory /workdir/hadoop-ozone/integration-test/target/test-dir/MiniOzoneClusterImpl-38a6644a-5bd9-4915-9755-6661b6b928f7/datanode-2/data/ratis/30eaba4c-4d6b-452a-b5b8-d553731ae9ce close()
2019-09-05 03:31:03,327 [main] INFO  impl.RaftServerImpl (RaftServerImpl.java:lambda$shutdown$3(245)) - 838608ba-8b7b-40e1-8b89-0ac8f38cbb42: shutdown group-6FC1333E43B6
2019-09-05 03:31:03,329 [ForkJoinPool.commonPool-worker-1] INFO  server.GrpcService (GrpcService.java:closeImpl(155)) - 514a2e68-35f0-4c50-97b9-a7f344dd70d0: shutdown server with port 34839 now
2019-09-05 03:31:03,329 [main] INFO  util.JmxRegister (JmxRegister.java:unregister(73)) - Successfully un-registered JMX Bean with object name Ratis:service=RaftServer,group=group-6FC1333E43B6,id=838608ba-8b7b-40e1-8b89-0ac8f38cbb42
2019-09-05 03:31:03,330 [main] INFO  impl.RoleInfo (RoleInfo.java:shutdownLeaderState(104)) - 838608ba-8b7b-40e1-8b89-0ac8f38cbb42: shutdown LeaderState
2019-09-05 03:31:03,330 [ForkJoinPool.commonPool-worker-1] INFO  server.GrpcService (GrpcService.java:closeImpl(163)) - 514a2e68-35f0-4c50-97b9-a7f344dd70d0: shutdown server with port 34839 successfully
2019-09-05 03:31:03,333 [main] INFO  impl.PendingRequests (PendingRequests.java:sendNotLeaderResponses(202)) - 838608ba-8b7b-40e1-8b89-0ac8f38cbb42-PendingRequests: sendNotLeaderResponses
2019-09-05 03:31:03,333 [org.apache.ratis.server.impl.LogAppender$AppenderDaemon$$Lambda$463/566969568@1f75c0d2] WARN  server.GrpcLogAppender (GrpcLogAppender.java:mayWait(143)) - GrpcLogAppender(838608ba-8b7b-40e1-8b89-0ac8f38cbb42->f8e72f0f-27ad-4da0-a4ac-f742e69d6053): Wait interrupted by java.lang.InterruptedException
2019-09-05 03:31:03,333 [org.apache.ratis.server.impl.LogAppender$AppenderDaemon$$Lambda$463/566969568@5a7755f8] WARN  server.GrpcLogAppender (GrpcLogAppender.java:mayWait(143)) - GrpcLogAppender(838608ba-8b7b-40e1-8b89-0ac8f38cbb42->09804a23-7f5e-4639-98b0-dd8aac3c1a3d): Wait interrupted by java.lang.InterruptedException
2019-09-05 03:31:03,334 [grpc-default-executor-6] INFO  server.GrpcServerProtocolService (GrpcServerProtocolService.java:onCompleted(104)) - f8e72f0f-27ad-4da0-a4ac-f742e69d6053: appendEntries completed
2019-09-05 03:31:03,337 [main] INFO  impl.StateMachineUpdater (StateMachineUpdater.java:stopAndJoin(115)) - StateMachineUpdater:838608ba-8b7b-40e1-8b89-0ac8f38cbb42:group-6FC1333E43B6: set stopIndex = 8
2019-09-05 03:31:03,338 [StateMachineUpdater:838608ba-8b7b-40e1-8b89-0ac8f38cbb42:group-6FC1333E43B6] INFO  ratis.ContainerStateMachine (ContainerStateMachine.java:takeSnapshot(283)) - group-6FC1333E43B6: Taking a snapshot at:(t:1, i:6) file /workdir/hadoop-ozone/integration-test/target/test-dir/MiniOzoneClusterImpl-38a6644a-5bd9-4915-9755-6661b6b928f7/datanode-3/data/ratis/b9197241-d09d-4aa4-9843-6fc1333e43b6/sm/snapshot.1_6
2019-09-05 03:31:03,337 [ForkJoinPool.commonPool-worker-1] INFO  utils.BackgroundService (BackgroundService.java:shutdown(148)) - Shutting down service BlockDeletingService
2019-09-05 03:31:03,347 [grpc-default-executor-6] INFO  server.GrpcLogAppender (GrpcLogAppender.java:onCompleted(292)) - 838608ba-8b7b-40e1-8b89-0ac8f38cbb42->f8e72f0f-27ad-4da0-a4ac-f742e69d6053: follower responses appendEntries COMPLETED
2019-09-05 03:31:03,349 [grpc-default-executor-6] INFO  impl.FollowerInfo (FollowerInfo.java:lambda$new$0(50)) - 838608ba-8b7b-40e1-8b89-0ac8f38cbb42->f8e72f0f-27ad-4da0-a4ac-f742e69d6053: nextIndex: updateUnconditionally 9 -> 8
2019-09-05 03:31:03,358 [refreshUsed-/workdir/hadoop-ozone/integration-test/target/test-dir/MiniOzoneClusterImpl-38a6644a-5bd9-4915-9755-6661b6b928f7/datanode-2/data/containers] WARN  fs.CachingGetSpaceUsed (CachingGetSpaceUsed.java:run(183)) - Thread Interrupted waiting to refresh disk information: sleep interrupted
2019-09-05 03:31:03,358 [StateMachineUpdater:838608ba-8b7b-40e1-8b89-0ac8f38cbb42:group-6FC1333E43B6] INFO  ratis.ContainerStateMachine (ContainerStateMachine.java:takeSnapshot(294)) - group-6FC1333E43B6: Finished taking a snapshot at:(t:1, i:6) file:/workdir/hadoop-ozone/integration-test/target/test-dir/MiniOzoneClusterImpl-38a6644a-5bd9-4915-9755-6661b6b928f7/datanode-3/data/ratis/b9197241-d09d-4aa4-9843-6fc1333e43b6/sm/snapshot.1_6 time:21
2019-09-05 03:31:03,359 [StateMachineUpdater:838608ba-8b7b-40e1-8b89-0ac8f38cbb42:group-6FC1333E43B6] INFO  impl.StateMachineUpdater (StateMachineUpdater.java:takeSnapshot(242)) - StateMachineUpdater:838608ba-8b7b-40e1-8b89-0ac8f38cbb42:group-6FC1333E43B6: Took a snapshot at index 6
2019-09-05 03:31:03,359 [StateMachineUpdater:838608ba-8b7b-40e1-8b89-0ac8f38cbb42:group-6FC1333E43B6] INFO  impl.StateMachineUpdater (StateMachineUpdater.java:lambda$new$0(80)) - StateMachineUpdater:838608ba-8b7b-40e1-8b89-0ac8f38cbb42:group-6FC1333E43B6: snapshotIndex: updateIncreasingly -1 -> 6
2019-09-05 03:31:03,359 [main] INFO  impl.RaftServerImpl (ServerState.java:close(394)) - 838608ba-8b7b-40e1-8b89-0ac8f38cbb42:group-6FC1333E43B6 closes. The last applied log index is 8
2019-09-05 03:31:03,360 [838608ba-8b7b-40e1-8b89-0ac8f38cbb42-SegmentedRaftLogWorker:Storage Directory /workdir/hadoop-ozone/integration-test/target/test-dir/MiniOzoneClusterImpl-38a6644a-5bd9-4915-9755-6661b6b928f7/datanode-3/data/ratis/b9197241-d09d-4aa4-9843-6fc1333e43b6] INFO  segmented.SegmentedRaftLogWorker (SegmentedRaftLogWorker.java:run(313)) - 838608ba-8b7b-40e1-8b89-0ac8f38cbb42-SegmentedRaftLogWorker:Storage Directory /workdir/hadoop-ozone/integration-test/target/test-dir/MiniOzoneClusterImpl-38a6644a-5bd9-4915-9755-6661b6b928f7/datanode-3/data/ratis/b9197241-d09d-4aa4-9843-6fc1333e43b6 was interrupted, exiting. There are 0 tasks remaining in the queue.
2019-09-05 03:31:03,361 [main] INFO  segmented.SegmentedRaftLogWorker (SegmentedRaftLogWorker.java:close(228)) - 838608ba-8b7b-40e1-8b89-0ac8f38cbb42-SegmentedRaftLogWorker:Storage Directory /workdir/hadoop-ozone/integration-test/target/test-dir/MiniOzoneClusterImpl-38a6644a-5bd9-4915-9755-6661b6b928f7/datanode-3/data/ratis/b9197241-d09d-4aa4-9843-6fc1333e43b6 close()
2019-09-05 03:31:03,363 [main] INFO  server.GrpcService (GrpcService.java:closeImpl(155)) - 838608ba-8b7b-40e1-8b89-0ac8f38cbb42: shutdown server with port 41281 now
2019-09-05 03:31:03,363 [main] INFO  server.GrpcService (GrpcService.java:closeImpl(163)) - 838608ba-8b7b-40e1-8b89-0ac8f38cbb42: shutdown server with port 41281 successfully
2019-09-05 03:31:03,365 [main] INFO  utils.BackgroundService (BackgroundService.java:shutdown(148)) - Shutting down service BlockDeletingService
2019-09-05 03:31:03,367 [refreshUsed-/workdir/hadoop-ozone/integration-test/target/test-dir/MiniOzoneClusterImpl-38a6644a-5bd9-4915-9755-6661b6b928f7/datanode-3/data/containers] WARN  fs.CachingGetSpaceUsed (CachingGetSpaceUsed.java:run(183)) - Thread Interrupted waiting to refresh disk information: sleep interrupted
2019-09-05 03:31:03,378 [ForkJoinPool.commonPool-worker-1] INFO  statemachine.DatanodeStateMachine (DatanodeStateMachine.java:stopDaemon(395)) - Ozone container server stopped.
2019-09-05 03:31:03,382 [ForkJoinPool.commonPool-worker-1] INFO  handler.ContextHandler (ContextHandler.java:doStop(910)) - Stopped o.e.j.w.WebAppContext@2e85e3f1{/,null,UNAVAILABLE}{/hddsDatanode}
2019-09-05 03:31:03,383 [ForkJoinPool.commonPool-worker-1] INFO  server.AbstractConnector (AbstractConnector.java:doStop(318)) - Stopped ServerConnector@195498aa{HTTP/1.1,[http/1.1]}{0.0.0.0:0}
2019-09-05 03:31:03,384 [ForkJoinPool.commonPool-worker-1] INFO  handler.ContextHandler (ContextHandler.java:doStop(910)) - Stopped o.e.j.s.ServletContextHandler@5ddb302{/static,jar:file:/home/user/.m2/repository/org/apache/hadoop/hadoop-hdds-container-service/0.5.0-SNAPSHOT/hadoop-hdds-container-service-0.5.0-SNAPSHOT.jar!/webapps/static,UNAVAILABLE}
2019-09-05 03:31:03,385 [ForkJoinPool.commonPool-worker-1] INFO  handler.ContextHandler (ContextHandler.java:doStop(910)) - Stopped o.e.j.s.ServletContextHandler@223cbf0d{/logs,file:///workdir/hadoop-ozone/integration-test/target/log,UNAVAILABLE}
2019-09-05 03:31:03,386 [ForkJoinPool.commonPool-worker-1] INFO  datanode.ObjectStoreHandler (ObjectStoreHandler.java:close(155)) - Closing ObjectStoreHandler.
2019-09-05 03:31:03,387 [ForkJoinPool.commonPool-worker-1] INFO  ozone.HddsDatanodeService (HddsDatanodeService.java:stop(451)) - Stopped plug-in org.apache.hadoop.ozone.web.OzoneHddsDatanodeService@22aefae0
2019-09-05 03:31:03,390 [main] INFO  statemachine.DatanodeStateMachine (DatanodeStateMachine.java:stopDaemon(395)) - Ozone container server stopped.
2019-09-05 03:31:03,391 [main] INFO  handler.ContextHandler (ContextHandler.java:doStop(910)) - Stopped o.e.j.w.WebAppContext@5f166f2e{/,null,UNAVAILABLE}{/hddsDatanode}
2019-09-05 03:31:03,392 [main] INFO  server.AbstractConnector (AbstractConnector.java:doStop(318)) - Stopped ServerConnector@1ef93e01{HTTP/1.1,[http/1.1]}{0.0.0.0:0}
2019-09-05 03:31:03,392 [main] INFO  handler.ContextHandler (ContextHandler.java:doStop(910)) - Stopped o.e.j.s.ServletContextHandler@2c54c497{/static,jar:file:/home/user/.m2/repository/org/apache/hadoop/hadoop-hdds-container-service/0.5.0-SNAPSHOT/hadoop-hdds-container-service-0.5.0-SNAPSHOT.jar!/webapps/static,UNAVAILABLE}
2019-09-05 03:31:03,392 [main] INFO  handler.ContextHandler (ContextHandler.java:doStop(910)) - Stopped o.e.j.s.ServletContextHandler@8cb7185{/logs,file:///workdir/hadoop-ozone/integration-test/target/log,UNAVAILABLE}
2019-09-05 03:31:03,393 [main] INFO  datanode.ObjectStoreHandler (ObjectStoreHandler.java:close(155)) - Closing ObjectStoreHandler.
2019-09-05 03:31:03,394 [main] INFO  ozone.HddsDatanodeService (HddsDatanodeService.java:stop(451)) - Stopped plug-in org.apache.hadoop.ozone.web.OzoneHddsDatanodeService@35d0749
2019-09-05 03:31:03,417 | INFO  | SCMAudit | user=jenkins1000 | ip=192.168.34.53 | op=SEND_HEARTBEAT {datanodeUUID=f8e72f0f-27ad-4da0-a4ac-f742e69d6053, command=[]} | ret=SUCCESS |  
2019-09-05 03:31:03,766 [Datanode State Machine Thread - 0] INFO  statemachine.DatanodeStateMachine (DatanodeStateMachine.java:lambda$startDaemon$0(350)) - Ozone container server started.
2019-09-05 03:31:04,104 [Datanode State Machine Thread - 0] INFO  statemachine.DatanodeStateMachine (DatanodeStateMachine.java:lambda$startDaemon$0(350)) - Ozone container server started.
2019-09-05 03:31:04,417 | INFO  | SCMAudit | user=jenkins1000 | ip=192.168.34.53 | op=SEND_HEARTBEAT {datanodeUUID=f8e72f0f-27ad-4da0-a4ac-f742e69d6053, command=[]} | ret=SUCCESS |  
2019-09-05 03:31:05,417 | INFO  | SCMAudit | user=jenkins1000 | ip=192.168.34.53 | op=SEND_HEARTBEAT {datanodeUUID=f8e72f0f-27ad-4da0-a4ac-f742e69d6053, command=[]} | ret=SUCCESS |  
2019-09-05 03:31:06,418 | INFO  | SCMAudit | user=jenkins1000 | ip=192.168.34.53 | op=SEND_HEARTBEAT {datanodeUUID=f8e72f0f-27ad-4da0-a4ac-f742e69d6053, command=[]} | ret=SUCCESS |  
2019-09-05 03:31:07,418 | INFO  | SCMAudit | user=jenkins1000 | ip=192.168.34.53 | op=SEND_HEARTBEAT {datanodeUUID=f8e72f0f-27ad-4da0-a4ac-f742e69d6053, command=[]} | ret=SUCCESS |  
2019-09-05 03:31:08,107 [Thread-821] INFO  impl.FollowerState (FollowerState.java:run(106)) - 56431364-4f3b-4c40-806d-c9164d34aa1e:group-D553731AE9CE changes to CANDIDATE, lastRpcTime:5655, electionTimeout:5178ms
2019-09-05 03:31:08,107 [Thread-821] INFO  impl.RoleInfo (RoleInfo.java:shutdownFollowerState(121)) - 56431364-4f3b-4c40-806d-c9164d34aa1e: shutdown FollowerState
2019-09-05 03:31:08,107 [Thread-821] INFO  impl.RaftServerImpl (RaftServerImpl.java:setRole(171)) - 56431364-4f3b-4c40-806d-c9164d34aa1e:group-D553731AE9CE changes role from FOLLOWER to CANDIDATE at term 1 for changeToCandidate
2019-09-05 03:31:08,107 [Thread-821] INFO  impl.RoleInfo (RoleInfo.java:updateAndGet(143)) - 56431364-4f3b-4c40-806d-c9164d34aa1e: start LeaderElection
2019-09-05 03:31:08,110 [56431364-4f3b-4c40-806d-c9164d34aa1e:group-D553731AE9CE:LeaderElection30] INFO  impl.RaftServerImpl (ServerState.java:setLeader(263)) - 56431364-4f3b-4c40-806d-c9164d34aa1e:group-D553731AE9CE change Leader from 514a2e68-35f0-4c50-97b9-a7f344dd70d0 to null at term 1 for initElection
2019-09-05 03:31:08,170 [56431364-4f3b-4c40-806d-c9164d34aa1e:group-D553731AE9CE:LeaderElection30] INFO  impl.LeaderElection (LeaderElection.java:askForVotes(181)) - 56431364-4f3b-4c40-806d-c9164d34aa1e:group-D553731AE9CE:LeaderElection30: begin an election at term 2 for 0: [56431364-4f3b-4c40-806d-c9164d34aa1e:192.168.34.53:43493, 3ae5d83c-115d-493e-a141-01bd711a0fb1:192.168.34.53:38838, 514a2e68-35f0-4c50-97b9-a7f344dd70d0:192.168.34.53:34839], old=null
2019-09-05 03:31:08,174 [56431364-4f3b-4c40-806d-c9164d34aa1e:group-D553731AE9CE:LeaderElection30] INFO  impl.LeaderElection (LogUtils.java:infoOrTrace(149)) - 56431364-4f3b-4c40-806d-c9164d34aa1e:group-D553731AE9CE:LeaderElection30 got exception when requesting votes: {}
java.util.concurrent.ExecutionException: org.apache.ratis.thirdparty.io.grpc.StatusRuntimeException: UNAVAILABLE: io exception
	at java.util.concurrent.FutureTask.report(FutureTask.java:122)
	at java.util.concurrent.FutureTask.get(FutureTask.java:192)
	at org.apache.ratis.server.impl.LeaderElection.waitForResults(LeaderElection.java:262)
	at org.apache.ratis.server.impl.LeaderElection.askForVotes(LeaderElection.java:200)
	at org.apache.ratis.server.impl.LeaderElection.run(LeaderElection.java:130)
	at java.lang.Thread.run(Thread.java:748)
Caused by: org.apache.ratis.thirdparty.io.grpc.StatusRuntimeException: UNAVAILABLE: io exception
	at org.apache.ratis.thirdparty.io.grpc.stub.ClientCalls.toStatusRuntimeException(ClientCalls.java:233)
	at org.apache.ratis.thirdparty.io.grpc.stub.ClientCalls.getUnchecked(ClientCalls.java:214)
	at org.apache.ratis.thirdparty.io.grpc.stub.ClientCalls.blockingUnaryCall(ClientCalls.java:139)
	at org.apache.ratis.proto.grpc.RaftServerProtocolServiceGrpc$RaftServerProtocolServiceBlockingStub.requestVote(RaftServerProtocolServiceGrpc.java:265)
	at org.apache.ratis.grpc.server.GrpcServerProtocolClient.requestVote(GrpcServerProtocolClient.java:83)
	at org.apache.ratis.grpc.server.GrpcService.requestVote(GrpcService.java:195)
	at org.apache.ratis.server.impl.LeaderElection.lambda$submitRequests$1(LeaderElection.java:237)
	at java.util.concurrent.FutureTask.run(FutureTask.java:266)
	at java.util.concurrent.Executors$RunnableAdapter.call(Executors.java:511)
	at java.util.concurrent.FutureTask.run(FutureTask.java:266)
	at java.util.concurrent.ThreadPoolExecutor.runWorker(ThreadPoolExecutor.java:1149)
	at java.util.concurrent.ThreadPoolExecutor$Worker.run(ThreadPoolExecutor.java:624)
	... 1 more
Caused by: org.apache.ratis.thirdparty.io.netty.channel.AbstractChannel$AnnotatedConnectException: Connection refused: /192.168.34.53:34839
	at sun.nio.ch.SocketChannelImpl.checkConnect(Native Method)
	at sun.nio.ch.SocketChannelImpl.finishConnect(SocketChannelImpl.java:717)
	at org.apache.ratis.thirdparty.io.netty.channel.socket.nio.NioSocketChannel.doFinishConnect(NioSocketChannel.java:327)
	at org.apache.ratis.thirdparty.io.netty.channel.nio.AbstractNioChannel$AbstractNioUnsafe.finishConnect(AbstractNioChannel.java:340)
	at org.apache.ratis.thirdparty.io.netty.channel.nio.NioEventLoop.processSelectedKey(NioEventLoop.java:632)
	at org.apache.ratis.thirdparty.io.netty.channel.nio.NioEventLoop.processSelectedKeysOptimized(NioEventLoop.java:579)
	at org.apache.ratis.thirdparty.io.netty.channel.nio.NioEventLoop.processSelectedKeys(NioEventLoop.java:496)
	at org.apache.ratis.thirdparty.io.netty.channel.nio.NioEventLoop.run(NioEventLoop.java:458)
	at org.apache.ratis.thirdparty.io.netty.util.concurrent.SingleThreadEventExecutor$5.run(SingleThreadEventExecutor.java:897)
	at org.apache.ratis.thirdparty.io.netty.util.concurrent.FastThreadLocalRunnable.run(FastThreadLocalRunnable.java:30)
	... 1 more
Caused by: java.net.ConnectException: Connection refused
	... 11 more
2019-09-05 03:31:08,177 [56431364-4f3b-4c40-806d-c9164d34aa1e:group-D553731AE9CE:LeaderElection30] INFO  impl.LeaderElection (LogUtils.java:infoOrTrace(149)) - 56431364-4f3b-4c40-806d-c9164d34aa1e:group-D553731AE9CE:LeaderElection30 got exception when requesting votes: {}
java.util.concurrent.ExecutionException: org.apache.ratis.thirdparty.io.grpc.StatusRuntimeException: UNAVAILABLE: io exception
	at java.util.concurrent.FutureTask.report(FutureTask.java:122)
	at java.util.concurrent.FutureTask.get(FutureTask.java:192)
	at org.apache.ratis.server.impl.LeaderElection.waitForResults(LeaderElection.java:262)
	at org.apache.ratis.server.impl.LeaderElection.askForVotes(LeaderElection.java:200)
	at org.apache.ratis.server.impl.LeaderElection.run(LeaderElection.java:130)
	at java.lang.Thread.run(Thread.java:748)
Caused by: org.apache.ratis.thirdparty.io.grpc.StatusRuntimeException: UNAVAILABLE: io exception
	at org.apache.ratis.thirdparty.io.grpc.stub.ClientCalls.toStatusRuntimeException(ClientCalls.java:233)
	at org.apache.ratis.thirdparty.io.grpc.stub.ClientCalls.getUnchecked(ClientCalls.java:214)
	at org.apache.ratis.thirdparty.io.grpc.stub.ClientCalls.blockingUnaryCall(ClientCalls.java:139)
	at org.apache.ratis.proto.grpc.RaftServerProtocolServiceGrpc$RaftServerProtocolServiceBlockingStub.requestVote(RaftServerProtocolServiceGrpc.java:265)
	at org.apache.ratis.grpc.server.GrpcServerProtocolClient.requestVote(GrpcServerProtocolClient.java:83)
	at org.apache.ratis.grpc.server.GrpcService.requestVote(GrpcService.java:195)
	at org.apache.ratis.server.impl.LeaderElection.lambda$submitRequests$1(LeaderElection.java:237)
	at java.util.concurrent.FutureTask.run(FutureTask.java:266)
	at java.util.concurrent.Executors$RunnableAdapter.call(Executors.java:511)
	at java.util.concurrent.FutureTask.run(FutureTask.java:266)
	at java.util.concurrent.ThreadPoolExecutor.runWorker(ThreadPoolExecutor.java:1149)
	at java.util.concurrent.ThreadPoolExecutor$Worker.run(ThreadPoolExecutor.java:624)
	... 1 more
Caused by: org.apache.ratis.thirdparty.io.netty.channel.AbstractChannel$AnnotatedConnectException: Connection refused: /192.168.34.53:38838
	at sun.nio.ch.SocketChannelImpl.checkConnect(Native Method)
	at sun.nio.ch.SocketChannelImpl.finishConnect(SocketChannelImpl.java:717)
	at org.apache.ratis.thirdparty.io.netty.channel.socket.nio.NioSocketChannel.doFinishConnect(NioSocketChannel.java:327)
	at org.apache.ratis.thirdparty.io.netty.channel.nio.AbstractNioChannel$AbstractNioUnsafe.finishConnect(AbstractNioChannel.java:340)
	at org.apache.ratis.thirdparty.io.netty.channel.nio.NioEventLoop.processSelectedKey(NioEventLoop.java:632)
	at org.apache.ratis.thirdparty.io.netty.channel.nio.NioEventLoop.processSelectedKeysOptimized(NioEventLoop.java:579)
	at org.apache.ratis.thirdparty.io.netty.channel.nio.NioEventLoop.processSelectedKeys(NioEventLoop.java:496)
	at org.apache.ratis.thirdparty.io.netty.channel.nio.NioEventLoop.run(NioEventLoop.java:458)
	at org.apache.ratis.thirdparty.io.netty.util.concurrent.SingleThreadEventExecutor$5.run(SingleThreadEventExecutor.java:897)
	at org.apache.ratis.thirdparty.io.netty.util.concurrent.FastThreadLocalRunnable.run(FastThreadLocalRunnable.java:30)
	... 1 more
Caused by: java.net.ConnectException: Connection refused
	... 11 more
2019-09-05 03:31:08,180 [56431364-4f3b-4c40-806d-c9164d34aa1e:group-D553731AE9CE:LeaderElection30] INFO  impl.LeaderElection (LeaderElection.java:logAndReturn(56)) - 56431364-4f3b-4c40-806d-c9164d34aa1e:group-D553731AE9CE:LeaderElection30: Election REJECTED; received 0 response(s) [] and 2 exception(s); 56431364-4f3b-4c40-806d-c9164d34aa1e:t2, leader=null, voted=56431364-4f3b-4c40-806d-c9164d34aa1e, raftlog=56431364-4f3b-4c40-806d-c9164d34aa1e-SegmentedRaftLog:OPENED:c0,f0,i0, conf=0: [56431364-4f3b-4c40-806d-c9164d34aa1e:192.168.34.53:43493, 3ae5d83c-115d-493e-a141-01bd711a0fb1:192.168.34.53:38838, 514a2e68-35f0-4c50-97b9-a7f344dd70d0:192.168.34.53:34839], old=null
2019-09-05 03:31:08,180 [56431364-4f3b-4c40-806d-c9164d34aa1e:group-D553731AE9CE:LeaderElection30] INFO  impl.LeaderElection (LogUtils.java:infoOrTrace(149)) -   Exception 0: {}
java.util.concurrent.ExecutionException: org.apache.ratis.thirdparty.io.grpc.StatusRuntimeException: UNAVAILABLE: io exception
	at java.util.concurrent.FutureTask.report(FutureTask.java:122)
	at java.util.concurrent.FutureTask.get(FutureTask.java:192)
	at org.apache.ratis.server.impl.LeaderElection.waitForResults(LeaderElection.java:262)
	at org.apache.ratis.server.impl.LeaderElection.askForVotes(LeaderElection.java:200)
	at org.apache.ratis.server.impl.LeaderElection.run(LeaderElection.java:130)
	at java.lang.Thread.run(Thread.java:748)
Caused by: org.apache.ratis.thirdparty.io.grpc.StatusRuntimeException: UNAVAILABLE: io exception
	at org.apache.ratis.thirdparty.io.grpc.stub.ClientCalls.toStatusRuntimeException(ClientCalls.java:233)
	at org.apache.ratis.thirdparty.io.grpc.stub.ClientCalls.getUnchecked(ClientCalls.java:214)
	at org.apache.ratis.thirdparty.io.grpc.stub.ClientCalls.blockingUnaryCall(ClientCalls.java:139)
	at org.apache.ratis.proto.grpc.RaftServerProtocolServiceGrpc$RaftServerProtocolServiceBlockingStub.requestVote(RaftServerProtocolServiceGrpc.java:265)
	at org.apache.ratis.grpc.server.GrpcServerProtocolClient.requestVote(GrpcServerProtocolClient.java:83)
	at org.apache.ratis.grpc.server.GrpcService.requestVote(GrpcService.java:195)
	at org.apache.ratis.server.impl.LeaderElection.lambda$submitRequests$1(LeaderElection.java:237)
	at java.util.concurrent.FutureTask.run(FutureTask.java:266)
	at java.util.concurrent.Executors$RunnableAdapter.call(Executors.java:511)
	at java.util.concurrent.FutureTask.run(FutureTask.java:266)
	at java.util.concurrent.ThreadPoolExecutor.runWorker(ThreadPoolExecutor.java:1149)
	at java.util.concurrent.ThreadPoolExecutor$Worker.run(ThreadPoolExecutor.java:624)
	... 1 more
Caused by: org.apache.ratis.thirdparty.io.netty.channel.AbstractChannel$AnnotatedConnectException: Connection refused: /192.168.34.53:34839
	at sun.nio.ch.SocketChannelImpl.checkConnect(Native Method)
	at sun.nio.ch.SocketChannelImpl.finishConnect(SocketChannelImpl.java:717)
	at org.apache.ratis.thirdparty.io.netty.channel.socket.nio.NioSocketChannel.doFinishConnect(NioSocketChannel.java:327)
	at org.apache.ratis.thirdparty.io.netty.channel.nio.AbstractNioChannel$AbstractNioUnsafe.finishConnect(AbstractNioChannel.java:340)
	at org.apache.ratis.thirdparty.io.netty.channel.nio.NioEventLoop.processSelectedKey(NioEventLoop.java:632)
	at org.apache.ratis.thirdparty.io.netty.channel.nio.NioEventLoop.processSelectedKeysOptimized(NioEventLoop.java:579)
	at org.apache.ratis.thirdparty.io.netty.channel.nio.NioEventLoop.processSelectedKeys(NioEventLoop.java:496)
	at org.apache.ratis.thirdparty.io.netty.channel.nio.NioEventLoop.run(NioEventLoop.java:458)
	at org.apache.ratis.thirdparty.io.netty.util.concurrent.SingleThreadEventExecutor$5.run(SingleThreadEventExecutor.java:897)
	at org.apache.ratis.thirdparty.io.netty.util.concurrent.FastThreadLocalRunnable.run(FastThreadLocalRunnable.java:30)
	... 1 more
Caused by: java.net.ConnectException: Connection refused
	... 11 more
2019-09-05 03:31:08,180 [56431364-4f3b-4c40-806d-c9164d34aa1e:group-D553731AE9CE:LeaderElection30] INFO  impl.LeaderElection (LogUtils.java:infoOrTrace(149)) -   Exception 1: {}
java.util.concurrent.ExecutionException: org.apache.ratis.thirdparty.io.grpc.StatusRuntimeException: UNAVAILABLE: io exception
	at java.util.concurrent.FutureTask.report(FutureTask.java:122)
	at java.util.concurrent.FutureTask.get(FutureTask.java:192)
	at org.apache.ratis.server.impl.LeaderElection.waitForResults(LeaderElection.java:262)
	at org.apache.ratis.server.impl.LeaderElection.askForVotes(LeaderElection.java:200)
	at org.apache.ratis.server.impl.LeaderElection.run(LeaderElection.java:130)
	at java.lang.Thread.run(Thread.java:748)
Caused by: org.apache.ratis.thirdparty.io.grpc.StatusRuntimeException: UNAVAILABLE: io exception
	at org.apache.ratis.thirdparty.io.grpc.stub.ClientCalls.toStatusRuntimeException(ClientCalls.java:233)
	at org.apache.ratis.thirdparty.io.grpc.stub.ClientCalls.getUnchecked(ClientCalls.java:214)
	at org.apache.ratis.thirdparty.io.grpc.stub.ClientCalls.blockingUnaryCall(ClientCalls.java:139)
	at org.apache.ratis.proto.grpc.RaftServerProtocolServiceGrpc$RaftServerProtocolServiceBlockingStub.requestVote(RaftServerProtocolServiceGrpc.java:265)
	at org.apache.ratis.grpc.server.GrpcServerProtocolClient.requestVote(GrpcServerProtocolClient.java:83)
	at org.apache.ratis.grpc.server.GrpcService.requestVote(GrpcService.java:195)
	at org.apache.ratis.server.impl.LeaderElection.lambda$submitRequests$1(LeaderElection.java:237)
	at java.util.concurrent.FutureTask.run(FutureTask.java:266)
	at java.util.concurrent.Executors$RunnableAdapter.call(Executors.java:511)
	at java.util.concurrent.FutureTask.run(FutureTask.java:266)
	at java.util.concurrent.ThreadPoolExecutor.runWorker(ThreadPoolExecutor.java:1149)
	at java.util.concurrent.ThreadPoolExecutor$Worker.run(ThreadPoolExecutor.java:624)
	... 1 more
Caused by: org.apache.ratis.thirdparty.io.netty.channel.AbstractChannel$AnnotatedConnectException: Connection refused: /192.168.34.53:38838
	at sun.nio.ch.SocketChannelImpl.checkConnect(Native Method)
	at sun.nio.ch.SocketChannelImpl.finishConnect(SocketChannelImpl.java:717)
	at org.apache.ratis.thirdparty.io.netty.channel.socket.nio.NioSocketChannel.doFinishConnect(NioSocketChannel.java:327)
	at org.apache.ratis.thirdparty.io.netty.channel.nio.AbstractNioChannel$AbstractNioUnsafe.finishConnect(AbstractNioChannel.java:340)
	at org.apache.ratis.thirdparty.io.netty.channel.nio.NioEventLoop.processSelectedKey(NioEventLoop.java:632)
	at org.apache.ratis.thirdparty.io.netty.channel.nio.NioEventLoop.processSelectedKeysOptimized(NioEventLoop.java:579)
	at org.apache.ratis.thirdparty.io.netty.channel.nio.NioEventLoop.processSelectedKeys(NioEventLoop.java:496)
	at org.apache.ratis.thirdparty.io.netty.channel.nio.NioEventLoop.run(NioEventLoop.java:458)
	at org.apache.ratis.thirdparty.io.netty.util.concurrent.SingleThreadEventExecutor$5.run(SingleThreadEventExecutor.java:897)
	at org.apache.ratis.thirdparty.io.netty.util.concurrent.FastThreadLocalRunnable.run(FastThreadLocalRunnable.java:30)
	... 1 more
Caused by: java.net.ConnectException: Connection refused
	... 11 more
2019-09-05 03:31:08,181 [56431364-4f3b-4c40-806d-c9164d34aa1e:group-D553731AE9CE:LeaderElection30] INFO  impl.RaftServerImpl (RaftServerImpl.java:setRole(171)) - 56431364-4f3b-4c40-806d-c9164d34aa1e:group-D553731AE9CE changes role from CANDIDATE to FOLLOWER at term 2 for DISCOVERED_A_NEW_TERM
2019-09-05 03:31:08,182 [56431364-4f3b-4c40-806d-c9164d34aa1e:group-D553731AE9CE:LeaderElection30] INFO  impl.RoleInfo (RoleInfo.java:shutdownLeaderElection(134)) - 56431364-4f3b-4c40-806d-c9164d34aa1e: shutdown LeaderElection
2019-09-05 03:31:08,183 [56431364-4f3b-4c40-806d-c9164d34aa1e:group-D553731AE9CE:LeaderElection30] INFO  impl.RoleInfo (RoleInfo.java:updateAndGet(143)) - 56431364-4f3b-4c40-806d-c9164d34aa1e: start FollowerState
2019-09-05 03:31:08,389 [ForkJoinPool.commonPool-worker-1] INFO  ozoneimpl.OzoneContainer (OzoneContainer.java:stop(199)) - Attempting to stop container services.
2019-09-05 03:31:08,390 [ForkJoinPool.commonPool-worker-1] INFO  impl.RaftServerProxy (RaftServerProxy.java:lambda$close$4(314)) - 56431364-4f3b-4c40-806d-c9164d34aa1e: close
2019-09-05 03:31:08,390 [ForkJoinPool.commonPool-worker-1] INFO  impl.RaftServerImpl (RaftServerImpl.java:lambda$shutdown$3(245)) - 56431364-4f3b-4c40-806d-c9164d34aa1e: shutdown group-D553731AE9CE
2019-09-05 03:31:08,391 [ForkJoinPool.commonPool-worker-1] INFO  util.JmxRegister (JmxRegister.java:unregister(73)) - Successfully un-registered JMX Bean with object name Ratis:service=RaftServer,group=group-D553731AE9CE,id=56431364-4f3b-4c40-806d-c9164d34aa1e
2019-09-05 03:31:08,391 [ForkJoinPool.commonPool-worker-1] INFO  impl.RoleInfo (RoleInfo.java:shutdownFollowerState(121)) - 56431364-4f3b-4c40-806d-c9164d34aa1e: shutdown FollowerState
2019-09-05 03:31:08,391 [ForkJoinPool.commonPool-worker-1] INFO  impl.StateMachineUpdater (StateMachineUpdater.java:stopAndJoin(115)) - StateMachineUpdater:56431364-4f3b-4c40-806d-c9164d34aa1e:group-D553731AE9CE: set stopIndex = 0
2019-09-05 03:31:08,391 [Thread-1791] INFO  impl.FollowerState (FollowerState.java:run(114)) - 56431364-4f3b-4c40-806d-c9164d34aa1e: FollowerState was interrupted: java.lang.InterruptedException: sleep interrupted
2019-09-05 03:31:08,392 [ForkJoinPool.commonPool-worker-1] INFO  impl.RaftServerImpl (ServerState.java:close(394)) - 56431364-4f3b-4c40-806d-c9164d34aa1e:group-D553731AE9CE closes. The last applied log index is 0
2019-09-05 03:31:08,394 [56431364-4f3b-4c40-806d-c9164d34aa1e-SegmentedRaftLogWorker:Storage Directory /workdir/hadoop-ozone/integration-test/target/test-dir/MiniOzoneClusterImpl-38a6644a-5bd9-4915-9755-6661b6b928f7/datanode-0/data/ratis/30eaba4c-4d6b-452a-b5b8-d553731ae9ce] INFO  segmented.SegmentedRaftLogWorker (SegmentedRaftLogWorker.java:run(313)) - 56431364-4f3b-4c40-806d-c9164d34aa1e-SegmentedRaftLogWorker:Storage Directory /workdir/hadoop-ozone/integration-test/target/test-dir/MiniOzoneClusterImpl-38a6644a-5bd9-4915-9755-6661b6b928f7/datanode-0/data/ratis/30eaba4c-4d6b-452a-b5b8-d553731ae9ce was interrupted, exiting. There are 0 tasks remaining in the queue.
2019-09-05 03:31:08,396 [ForkJoinPool.commonPool-worker-1] INFO  segmented.SegmentedRaftLogWorker (SegmentedRaftLogWorker.java:close(228)) - 56431364-4f3b-4c40-806d-c9164d34aa1e-SegmentedRaftLogWorker:Storage Directory /workdir/hadoop-ozone/integration-test/target/test-dir/MiniOzoneClusterImpl-38a6644a-5bd9-4915-9755-6661b6b928f7/datanode-0/data/ratis/30eaba4c-4d6b-452a-b5b8-d553731ae9ce close()
2019-09-05 03:31:08,396 [main] INFO  ozoneimpl.OzoneContainer (OzoneContainer.java:stop(199)) - Attempting to stop container services.
2019-09-05 03:31:08,397 [ForkJoinPool.commonPool-worker-1] INFO  impl.RaftServerImpl (RaftServerImpl.java:lambda$shutdown$3(245)) - 56431364-4f3b-4c40-806d-c9164d34aa1e: shutdown group-CA5FB9AC806A
2019-09-05 03:31:08,398 [main] INFO  impl.RaftServerProxy (RaftServerProxy.java:lambda$close$4(314)) - d5831d47-7264-4585-8f97-4cba7bdc2965: close
2019-09-05 03:31:08,398 [ForkJoinPool.commonPool-worker-1] INFO  util.JmxRegister (JmxRegister.java:unregister(73)) - Successfully un-registered JMX Bean with object name Ratis:service=RaftServer,group=group-CA5FB9AC806A,id=56431364-4f3b-4c40-806d-c9164d34aa1e
2019-09-05 03:31:08,398 [main] INFO  impl.RaftServerImpl (RaftServerImpl.java:lambda$shutdown$3(245)) - d5831d47-7264-4585-8f97-4cba7bdc2965: shutdown group-007B8BE1B862
2019-09-05 03:31:08,399 [ForkJoinPool.commonPool-worker-1] INFO  impl.RoleInfo (RoleInfo.java:shutdownLeaderState(104)) - 56431364-4f3b-4c40-806d-c9164d34aa1e: shutdown LeaderState
2019-09-05 03:31:08,399 [main] INFO  util.JmxRegister (JmxRegister.java:unregister(73)) - Successfully un-registered JMX Bean with object name Ratis:service=RaftServer,group=group-007B8BE1B862,id=d5831d47-7264-4585-8f97-4cba7bdc2965
2019-09-05 03:31:08,399 [ForkJoinPool.commonPool-worker-1] INFO  impl.PendingRequests (PendingRequests.java:sendNotLeaderResponses(202)) - 56431364-4f3b-4c40-806d-c9164d34aa1e-PendingRequests: sendNotLeaderResponses
2019-09-05 03:31:08,400 [main] INFO  impl.RoleInfo (RoleInfo.java:shutdownLeaderState(104)) - d5831d47-7264-4585-8f97-4cba7bdc2965: shutdown LeaderState
2019-09-05 03:31:08,400 [ForkJoinPool.commonPool-worker-1] INFO  impl.StateMachineUpdater (StateMachineUpdater.java:stopAndJoin(115)) - StateMachineUpdater:56431364-4f3b-4c40-806d-c9164d34aa1e:group-CA5FB9AC806A: set stopIndex = 0
2019-09-05 03:31:08,401 [main] INFO  impl.PendingRequests (PendingRequests.java:sendNotLeaderResponses(202)) - d5831d47-7264-4585-8f97-4cba7bdc2965-PendingRequests: sendNotLeaderResponses
2019-09-05 03:31:08,401 [ForkJoinPool.commonPool-worker-1] INFO  impl.RaftServerImpl (ServerState.java:close(394)) - 56431364-4f3b-4c40-806d-c9164d34aa1e:group-CA5FB9AC806A closes. The last applied log index is 0
2019-09-05 03:31:08,401 [main] INFO  impl.StateMachineUpdater (StateMachineUpdater.java:stopAndJoin(115)) - StateMachineUpdater:d5831d47-7264-4585-8f97-4cba7bdc2965:group-007B8BE1B862: set stopIndex = 0
2019-09-05 03:31:08,402 [56431364-4f3b-4c40-806d-c9164d34aa1e-SegmentedRaftLogWorker:Storage Directory /workdir/hadoop-ozone/integration-test/target/test-dir/MiniOzoneClusterImpl-38a6644a-5bd9-4915-9755-6661b6b928f7/datanode-0/data/ratis/afa8b12c-c3b7-4969-b7ca-ca5fb9ac806a] INFO  segmented.SegmentedRaftLogWorker (SegmentedRaftLogWorker.java:run(313)) - 56431364-4f3b-4c40-806d-c9164d34aa1e-SegmentedRaftLogWorker:Storage Directory /workdir/hadoop-ozone/integration-test/target/test-dir/MiniOzoneClusterImpl-38a6644a-5bd9-4915-9755-6661b6b928f7/datanode-0/data/ratis/afa8b12c-c3b7-4969-b7ca-ca5fb9ac806a was interrupted, exiting. There are 0 tasks remaining in the queue.
2019-09-05 03:31:08,402 [main] INFO  impl.RaftServerImpl (ServerState.java:close(394)) - d5831d47-7264-4585-8f97-4cba7bdc2965:group-007B8BE1B862 closes. The last applied log index is 0
2019-09-05 03:31:08,403 [ForkJoinPool.commonPool-worker-1] INFO  segmented.SegmentedRaftLogWorker (SegmentedRaftLogWorker.java:close(228)) - 56431364-4f3b-4c40-806d-c9164d34aa1e-SegmentedRaftLogWorker:Storage Directory /workdir/hadoop-ozone/integration-test/target/test-dir/MiniOzoneClusterImpl-38a6644a-5bd9-4915-9755-6661b6b928f7/datanode-0/data/ratis/afa8b12c-c3b7-4969-b7ca-ca5fb9ac806a close()
2019-09-05 03:31:08,404 [d5831d47-7264-4585-8f97-4cba7bdc2965-SegmentedRaftLogWorker:Storage Directory /workdir/hadoop-ozone/integration-test/target/test-dir/MiniOzoneClusterImpl-38a6644a-5bd9-4915-9755-6661b6b928f7/datanode-6/data/ratis/418cfa6d-33a0-4f68-9439-007b8be1b862] INFO  segmented.SegmentedRaftLogWorker (SegmentedRaftLogWorker.java:run(313)) - d5831d47-7264-4585-8f97-4cba7bdc2965-SegmentedRaftLogWorker:Storage Directory /workdir/hadoop-ozone/integration-test/target/test-dir/MiniOzoneClusterImpl-38a6644a-5bd9-4915-9755-6661b6b928f7/datanode-6/data/ratis/418cfa6d-33a0-4f68-9439-007b8be1b862 was interrupted, exiting. There are 0 tasks remaining in the queue.
2019-09-05 03:31:08,409 [ForkJoinPool.commonPool-worker-1] INFO  server.GrpcService (GrpcService.java:closeImpl(155)) - 56431364-4f3b-4c40-806d-c9164d34aa1e: shutdown server with port 43493 now
2019-09-05 03:31:08,409 [main] INFO  segmented.SegmentedRaftLogWorker (SegmentedRaftLogWorker.java:close(228)) - d5831d47-7264-4585-8f97-4cba7bdc2965-SegmentedRaftLogWorker:Storage Directory /workdir/hadoop-ozone/integration-test/target/test-dir/MiniOzoneClusterImpl-38a6644a-5bd9-4915-9755-6661b6b928f7/datanode-6/data/ratis/418cfa6d-33a0-4f68-9439-007b8be1b862 close()
2019-09-05 03:31:08,412 [ForkJoinPool.commonPool-worker-1] INFO  server.GrpcService (GrpcService.java:closeImpl(163)) - 56431364-4f3b-4c40-806d-c9164d34aa1e: shutdown server with port 43493 successfully
2019-09-05 03:31:08,412 [main] INFO  server.GrpcService (GrpcService.java:closeImpl(155)) - d5831d47-7264-4585-8f97-4cba7bdc2965: shutdown server with port 38640 now
2019-09-05 03:31:08,414 [main] INFO  server.GrpcService (GrpcService.java:closeImpl(163)) - d5831d47-7264-4585-8f97-4cba7bdc2965: shutdown server with port 38640 successfully
2019-09-05 03:31:08,414 [ForkJoinPool.commonPool-worker-1] INFO  utils.BackgroundService (BackgroundService.java:shutdown(148)) - Shutting down service BlockDeletingService
2019-09-05 03:31:08,416 [main] INFO  utils.BackgroundService (BackgroundService.java:shutdown(148)) - Shutting down service BlockDeletingService
2019-09-05 03:31:08,418 | INFO  | SCMAudit | user=jenkins1000 | ip=192.168.34.53 | op=SEND_HEARTBEAT {datanodeUUID=f8e72f0f-27ad-4da0-a4ac-f742e69d6053, command=[]} | ret=SUCCESS |  
2019-09-05 03:31:08,418 [refreshUsed-/workdir/hadoop-ozone/integration-test/target/test-dir/MiniOzoneClusterImpl-38a6644a-5bd9-4915-9755-6661b6b928f7/datanode-0/data/containers] WARN  fs.CachingGetSpaceUsed (CachingGetSpaceUsed.java:run(183)) - Thread Interrupted waiting to refresh disk information: sleep interrupted
2019-09-05 03:31:08,420 [refreshUsed-/workdir/hadoop-ozone/integration-test/target/test-dir/MiniOzoneClusterImpl-38a6644a-5bd9-4915-9755-6661b6b928f7/datanode-6/data/containers] WARN  fs.CachingGetSpaceUsed (CachingGetSpaceUsed.java:run(183)) - Thread Interrupted waiting to refresh disk information: sleep interrupted
2019-09-05 03:31:08,436 [ForkJoinPool.commonPool-worker-1] INFO  statemachine.DatanodeStateMachine (DatanodeStateMachine.java:stopDaemon(395)) - Ozone container server stopped.
2019-09-05 03:31:08,440 [ForkJoinPool.commonPool-worker-1] INFO  handler.ContextHandler (ContextHandler.java:doStop(910)) - Stopped o.e.j.w.WebAppContext@7ea07516{/,null,UNAVAILABLE}{/hddsDatanode}
2019-09-05 03:31:08,441 [ForkJoinPool.commonPool-worker-1] INFO  server.AbstractConnector (AbstractConnector.java:doStop(318)) - Stopped ServerConnector@30af23fd{HTTP/1.1,[http/1.1]}{0.0.0.0:0}
2019-09-05 03:31:08,442 [ForkJoinPool.commonPool-worker-1] INFO  handler.ContextHandler (ContextHandler.java:doStop(910)) - Stopped o.e.j.s.ServletContextHandler@13234ac9{/static,jar:file:/home/user/.m2/repository/org/apache/hadoop/hadoop-hdds-container-service/0.5.0-SNAPSHOT/hadoop-hdds-container-service-0.5.0-SNAPSHOT.jar!/webapps/static,UNAVAILABLE}
2019-09-05 03:31:08,443 [ForkJoinPool.commonPool-worker-1] INFO  handler.ContextHandler (ContextHandler.java:doStop(910)) - Stopped o.e.j.s.ServletContextHandler@42ff9a77{/logs,file:///workdir/hadoop-ozone/integration-test/target/log,UNAVAILABLE}
2019-09-05 03:31:08,444 [ForkJoinPool.commonPool-worker-1] INFO  datanode.ObjectStoreHandler (ObjectStoreHandler.java:close(155)) - Closing ObjectStoreHandler.
2019-09-05 03:31:08,444 [ForkJoinPool.commonPool-worker-1] INFO  ozone.HddsDatanodeService (HddsDatanodeService.java:stop(451)) - Stopped plug-in org.apache.hadoop.ozone.web.OzoneHddsDatanodeService@291cbe70
2019-09-05 03:31:08,447 [main] INFO  statemachine.DatanodeStateMachine (DatanodeStateMachine.java:stopDaemon(395)) - Ozone container server stopped.
2019-09-05 03:31:08,448 [main] INFO  handler.ContextHandler (ContextHandler.java:doStop(910)) - Stopped o.e.j.w.WebAppContext@1f85904a{/,null,UNAVAILABLE}{/hddsDatanode}
2019-09-05 03:31:08,449 [main] INFO  server.AbstractConnector (AbstractConnector.java:doStop(318)) - Stopped ServerConnector@514dc5f4{HTTP/1.1,[http/1.1]}{0.0.0.0:0}
2019-09-05 03:31:08,450 [main] INFO  handler.ContextHandler (ContextHandler.java:doStop(910)) - Stopped o.e.j.s.ServletContextHandler@ab4d2ba{/static,jar:file:/home/user/.m2/repository/org/apache/hadoop/hadoop-hdds-container-service/0.5.0-SNAPSHOT/hadoop-hdds-container-service-0.5.0-SNAPSHOT.jar!/webapps/static,UNAVAILABLE}
2019-09-05 03:31:08,450 [main] INFO  handler.ContextHandler (ContextHandler.java:doStop(910)) - Stopped o.e.j.s.ServletContextHandler@270f7b4d{/logs,file:///workdir/hadoop-ozone/integration-test/target/log,UNAVAILABLE}
2019-09-05 03:31:09,416 [Datanode State Machine Thread - 0] INFO  statemachine.DatanodeStateMachine (DatanodeStateMachine.java:lambda$startDaemon$0(350)) - Ozone container server started.
2019-09-05 03:31:09,796 [Thread-847] INFO  impl.FollowerState (FollowerState.java:run(106)) - f8e72f0f-27ad-4da0-a4ac-f742e69d6053:group-6FC1333E43B6 changes to CANDIDATE, lastRpcTime:6529, electionTimeout:5103ms
2019-09-05 03:31:09,796 [Thread-847] INFO  impl.RoleInfo (RoleInfo.java:shutdownFollowerState(121)) - f8e72f0f-27ad-4da0-a4ac-f742e69d6053: shutdown FollowerState
2019-09-05 03:31:09,796 [Thread-847] INFO  impl.RaftServerImpl (RaftServerImpl.java:setRole(171)) - f8e72f0f-27ad-4da0-a4ac-f742e69d6053:group-6FC1333E43B6 changes role from FOLLOWER to CANDIDATE at term 1 for changeToCandidate
2019-09-05 03:31:09,796 [Thread-847] INFO  impl.RoleInfo (RoleInfo.java:updateAndGet(143)) - f8e72f0f-27ad-4da0-a4ac-f742e69d6053: start LeaderElection
2019-09-05 03:31:09,798 [f8e72f0f-27ad-4da0-a4ac-f742e69d6053:group-6FC1333E43B6:LeaderElection31] INFO  impl.RaftServerImpl (ServerState.java:setLeader(263)) - f8e72f0f-27ad-4da0-a4ac-f742e69d6053:group-6FC1333E43B6 change Leader from 838608ba-8b7b-40e1-8b89-0ac8f38cbb42 to null at term 1 for initElection
2019-09-05 03:31:09,854 [f8e72f0f-27ad-4da0-a4ac-f742e69d6053:group-6FC1333E43B6:LeaderElection31] INFO  impl.LeaderElection (LeaderElection.java:askForVotes(181)) - f8e72f0f-27ad-4da0-a4ac-f742e69d6053:group-6FC1333E43B6:LeaderElection31: begin an election at term 2 for 0: [838608ba-8b7b-40e1-8b89-0ac8f38cbb42:192.168.34.53:41281, 09804a23-7f5e-4639-98b0-dd8aac3c1a3d:192.168.34.53:46077, f8e72f0f-27ad-4da0-a4ac-f742e69d6053:192.168.34.53:43454], old=null
2019-09-05 03:31:09,864 [f8e72f0f-27ad-4da0-a4ac-f742e69d6053:group-6FC1333E43B6:LeaderElection31] INFO  impl.LeaderElection (LogUtils.java:infoOrTrace(149)) - f8e72f0f-27ad-4da0-a4ac-f742e69d6053:group-6FC1333E43B6:LeaderElection31 got exception when requesting votes: {}
java.util.concurrent.ExecutionException: org.apache.ratis.thirdparty.io.grpc.StatusRuntimeException: UNAVAILABLE: io exception
	at java.util.concurrent.FutureTask.report(FutureTask.java:122)
	at java.util.concurrent.FutureTask.get(FutureTask.java:192)
	at org.apache.ratis.server.impl.LeaderElection.waitForResults(LeaderElection.java:262)
	at org.apache.ratis.server.impl.LeaderElection.askForVotes(LeaderElection.java:200)
	at org.apache.ratis.server.impl.LeaderElection.run(LeaderElection.java:130)
	at java.lang.Thread.run(Thread.java:748)
Caused by: org.apache.ratis.thirdparty.io.grpc.StatusRuntimeException: UNAVAILABLE: io exception
	at org.apache.ratis.thirdparty.io.grpc.stub.ClientCalls.toStatusRuntimeException(ClientCalls.java:233)
	at org.apache.ratis.thirdparty.io.grpc.stub.ClientCalls.getUnchecked(ClientCalls.java:214)
	at org.apache.ratis.thirdparty.io.grpc.stub.ClientCalls.blockingUnaryCall(ClientCalls.java:139)
	at org.apache.ratis.proto.grpc.RaftServerProtocolServiceGrpc$RaftServerProtocolServiceBlockingStub.requestVote(RaftServerProtocolServiceGrpc.java:265)
	at org.apache.ratis.grpc.server.GrpcServerProtocolClient.requestVote(GrpcServerProtocolClient.java:83)
	at org.apache.ratis.grpc.server.GrpcService.requestVote(GrpcService.java:195)
	at org.apache.ratis.server.impl.LeaderElection.lambda$submitRequests$1(LeaderElection.java:237)
	at java.util.concurrent.FutureTask.run(FutureTask.java:266)
	at java.util.concurrent.Executors$RunnableAdapter.call(Executors.java:511)
	at java.util.concurrent.FutureTask.run(FutureTask.java:266)
	at java.util.concurrent.ThreadPoolExecutor.runWorker(ThreadPoolExecutor.java:1149)
	at java.util.concurrent.ThreadPoolExecutor$Worker.run(ThreadPoolExecutor.java:624)
	... 1 more
Caused by: org.apache.ratis.thirdparty.io.netty.channel.AbstractChannel$AnnotatedConnectException: Connection refused: /192.168.34.53:41281
	at sun.nio.ch.SocketChannelImpl.checkConnect(Native Method)
	at sun.nio.ch.SocketChannelImpl.finishConnect(SocketChannelImpl.java:717)
	at org.apache.ratis.thirdparty.io.netty.channel.socket.nio.NioSocketChannel.doFinishConnect(NioSocketChannel.java:327)
	at org.apache.ratis.thirdparty.io.netty.channel.nio.AbstractNioChannel$AbstractNioUnsafe.finishConnect(AbstractNioChannel.java:340)
	at org.apache.ratis.thirdparty.io.netty.channel.nio.NioEventLoop.processSelectedKey(NioEventLoop.java:632)
	at org.apache.ratis.thirdparty.io.netty.channel.nio.NioEventLoop.processSelectedKeysOptimized(NioEventLoop.java:579)
	at org.apache.ratis.thirdparty.io.netty.channel.nio.NioEventLoop.processSelectedKeys(NioEventLoop.java:496)
	at org.apache.ratis.thirdparty.io.netty.channel.nio.NioEventLoop.run(NioEventLoop.java:458)
	at org.apache.ratis.thirdparty.io.netty.util.concurrent.SingleThreadEventExecutor$5.run(SingleThreadEventExecutor.java:897)
	at org.apache.ratis.thirdparty.io.netty.util.concurrent.FastThreadLocalRunnable.run(FastThreadLocalRunnable.java:30)
	... 1 more
Caused by: java.net.ConnectException: Connection refused
	... 11 more
2019-09-05 03:31:09,866 [f8e72f0f-27ad-4da0-a4ac-f742e69d6053:group-6FC1333E43B6:LeaderElection31] INFO  impl.LeaderElection (LogUtils.java:infoOrTrace(149)) - f8e72f0f-27ad-4da0-a4ac-f742e69d6053:group-6FC1333E43B6:LeaderElection31 got exception when requesting votes: {}
java.util.concurrent.ExecutionException: org.apache.ratis.thirdparty.io.grpc.StatusRuntimeException: UNAVAILABLE: io exception
	at java.util.concurrent.FutureTask.report(FutureTask.java:122)
	at java.util.concurrent.FutureTask.get(FutureTask.java:192)
	at org.apache.ratis.server.impl.LeaderElection.waitForResults(LeaderElection.java:262)
	at org.apache.ratis.server.impl.LeaderElection.askForVotes(LeaderElection.java:200)
	at org.apache.ratis.server.impl.LeaderElection.run(LeaderElection.java:130)
	at java.lang.Thread.run(Thread.java:748)
Caused by: org.apache.ratis.thirdparty.io.grpc.StatusRuntimeException: UNAVAILABLE: io exception
	at org.apache.ratis.thirdparty.io.grpc.stub.ClientCalls.toStatusRuntimeException(ClientCalls.java:233)
	at org.apache.ratis.thirdparty.io.grpc.stub.ClientCalls.getUnchecked(ClientCalls.java:214)
	at org.apache.ratis.thirdparty.io.grpc.stub.ClientCalls.blockingUnaryCall(ClientCalls.java:139)
	at org.apache.ratis.proto.grpc.RaftServerProtocolServiceGrpc$RaftServerProtocolServiceBlockingStub.requestVote(RaftServerProtocolServiceGrpc.java:265)
	at org.apache.ratis.grpc.server.GrpcServerProtocolClient.requestVote(GrpcServerProtocolClient.java:83)
	at org.apache.ratis.grpc.server.GrpcService.requestVote(GrpcService.java:195)
	at org.apache.ratis.server.impl.LeaderElection.lambda$submitRequests$1(LeaderElection.java:237)
	at java.util.concurrent.FutureTask.run(FutureTask.java:266)
	at java.util.concurrent.Executors$RunnableAdapter.call(Executors.java:511)
	at java.util.concurrent.FutureTask.run(FutureTask.java:266)
	at java.util.concurrent.ThreadPoolExecutor.runWorker(ThreadPoolExecutor.java:1149)
	at java.util.concurrent.ThreadPoolExecutor$Worker.run(ThreadPoolExecutor.java:624)
	... 1 more
Caused by: org.apache.ratis.thirdparty.io.netty.channel.AbstractChannel$AnnotatedConnectException: Connection refused: /192.168.34.53:46077
	at sun.nio.ch.SocketChannelImpl.checkConnect(Native Method)
	at sun.nio.ch.SocketChannelImpl.finishConnect(SocketChannelImpl.java:717)
	at org.apache.ratis.thirdparty.io.netty.channel.socket.nio.NioSocketChannel.doFinishConnect(NioSocketChannel.java:327)
	at org.apache.ratis.thirdparty.io.netty.channel.nio.AbstractNioChannel$AbstractNioUnsafe.finishConnect(AbstractNioChannel.java:340)
	at org.apache.ratis.thirdparty.io.netty.channel.nio.NioEventLoop.processSelectedKey(NioEventLoop.java:632)
	at org.apache.ratis.thirdparty.io.netty.channel.nio.NioEventLoop.processSelectedKeysOptimized(NioEventLoop.java:579)
	at org.apache.ratis.thirdparty.io.netty.channel.nio.NioEventLoop.processSelectedKeys(NioEventLoop.java:496)
	at org.apache.ratis.thirdparty.io.netty.channel.nio.NioEventLoop.run(NioEventLoop.java:458)
	at org.apache.ratis.thirdparty.io.netty.util.concurrent.SingleThreadEventExecutor$5.run(SingleThreadEventExecutor.java:897)
	at org.apache.ratis.thirdparty.io.netty.util.concurrent.FastThreadLocalRunnable.run(FastThreadLocalRunnable.java:30)
	... 1 more
Caused by: java.net.ConnectException: Connection refused
	... 11 more
2019-09-05 03:31:09,867 [f8e72f0f-27ad-4da0-a4ac-f742e69d6053:group-6FC1333E43B6:LeaderElection31] INFO  impl.LeaderElection (LeaderElection.java:logAndReturn(56)) - f8e72f0f-27ad-4da0-a4ac-f742e69d6053:group-6FC1333E43B6:LeaderElection31: Election REJECTED; received 0 response(s) [] and 2 exception(s); f8e72f0f-27ad-4da0-a4ac-f742e69d6053:t2, leader=null, voted=f8e72f0f-27ad-4da0-a4ac-f742e69d6053, raftlog=f8e72f0f-27ad-4da0-a4ac-f742e69d6053-SegmentedRaftLog:OPENED:c8,f8,i8, conf=0: [838608ba-8b7b-40e1-8b89-0ac8f38cbb42:192.168.34.53:41281, 09804a23-7f5e-4639-98b0-dd8aac3c1a3d:192.168.34.53:46077, f8e72f0f-27ad-4da0-a4ac-f742e69d6053:192.168.34.53:43454], old=null
2019-09-05 03:31:09,868 [f8e72f0f-27ad-4da0-a4ac-f742e69d6053:group-6FC1333E43B6:LeaderElection31] INFO  impl.LeaderElection (LogUtils.java:infoOrTrace(149)) -   Exception 0: {}
java.util.concurrent.ExecutionException: org.apache.ratis.thirdparty.io.grpc.StatusRuntimeException: UNAVAILABLE: io exception
	at java.util.concurrent.FutureTask.report(FutureTask.java:122)
	at java.util.concurrent.FutureTask.get(FutureTask.java:192)
	at org.apache.ratis.server.impl.LeaderElection.waitForResults(LeaderElection.java:262)
	at org.apache.ratis.server.impl.LeaderElection.askForVotes(LeaderElection.java:200)
	at org.apache.ratis.server.impl.LeaderElection.run(LeaderElection.java:130)
	at java.lang.Thread.run(Thread.java:748)
Caused by: org.apache.ratis.thirdparty.io.grpc.StatusRuntimeException: UNAVAILABLE: io exception
	at org.apache.ratis.thirdparty.io.grpc.stub.ClientCalls.toStatusRuntimeException(ClientCalls.java:233)
	at org.apache.ratis.thirdparty.io.grpc.stub.ClientCalls.getUnchecked(ClientCalls.java:214)
	at org.apache.ratis.thirdparty.io.grpc.stub.ClientCalls.blockingUnaryCall(ClientCalls.java:139)
	at org.apache.ratis.proto.grpc.RaftServerProtocolServiceGrpc$RaftServerProtocolServiceBlockingStub.requestVote(RaftServerProtocolServiceGrpc.java:265)
	at org.apache.ratis.grpc.server.GrpcServerProtocolClient.requestVote(GrpcServerProtocolClient.java:83)
	at org.apache.ratis.grpc.server.GrpcService.requestVote(GrpcService.java:195)
	at org.apache.ratis.server.impl.LeaderElection.lambda$submitRequests$1(LeaderElection.java:237)
	at java.util.concurrent.FutureTask.run(FutureTask.java:266)
	at java.util.concurrent.Executors$RunnableAdapter.call(Executors.java:511)
	at java.util.concurrent.FutureTask.run(FutureTask.java:266)
	at java.util.concurrent.ThreadPoolExecutor.runWorker(ThreadPoolExecutor.java:1149)
	at java.util.concurrent.ThreadPoolExecutor$Worker.run(ThreadPoolExecutor.java:624)
	... 1 more
Caused by: org.apache.ratis.thirdparty.io.netty.channel.AbstractChannel$AnnotatedConnectException: Connection refused: /192.168.34.53:41281
	at sun.nio.ch.SocketChannelImpl.checkConnect(Native Method)
	at sun.nio.ch.SocketChannelImpl.finishConnect(SocketChannelImpl.java:717)
	at org.apache.ratis.thirdparty.io.netty.channel.socket.nio.NioSocketChannel.doFinishConnect(NioSocketChannel.java:327)
	at org.apache.ratis.thirdparty.io.netty.channel.nio.AbstractNioChannel$AbstractNioUnsafe.finishConnect(AbstractNioChannel.java:340)
	at org.apache.ratis.thirdparty.io.netty.channel.nio.NioEventLoop.processSelectedKey(NioEventLoop.java:632)
	at org.apache.ratis.thirdparty.io.netty.channel.nio.NioEventLoop.processSelectedKeysOptimized(NioEventLoop.java:579)
	at org.apache.ratis.thirdparty.io.netty.channel.nio.NioEventLoop.processSelectedKeys(NioEventLoop.java:496)
	at org.apache.ratis.thirdparty.io.netty.channel.nio.NioEventLoop.run(NioEventLoop.java:458)
	at org.apache.ratis.thirdparty.io.netty.util.concurrent.SingleThreadEventExecutor$5.run(SingleThreadEventExecutor.java:897)
	at org.apache.ratis.thirdparty.io.netty.util.concurrent.FastThreadLocalRunnable.run(FastThreadLocalRunnable.java:30)
	... 1 more
Caused by: java.net.ConnectException: Connection refused
	... 11 more
2019-09-05 03:31:09,868 [f8e72f0f-27ad-4da0-a4ac-f742e69d6053:group-6FC1333E43B6:LeaderElection31] INFO  impl.LeaderElection (LogUtils.java:infoOrTrace(149)) -   Exception 1: {}
java.util.concurrent.ExecutionException: org.apache.ratis.thirdparty.io.grpc.StatusRuntimeException: UNAVAILABLE: io exception
	at java.util.concurrent.FutureTask.report(FutureTask.java:122)
	at java.util.concurrent.FutureTask.get(FutureTask.java:192)
	at org.apache.ratis.server.impl.LeaderElection.waitForResults(LeaderElection.java:262)
	at org.apache.ratis.server.impl.LeaderElection.askForVotes(LeaderElection.java:200)
	at org.apache.ratis.server.impl.LeaderElection.run(LeaderElection.java:130)
	at java.lang.Thread.run(Thread.java:748)
Caused by: org.apache.ratis.thirdparty.io.grpc.StatusRuntimeException: UNAVAILABLE: io exception
	at org.apache.ratis.thirdparty.io.grpc.stub.ClientCalls.toStatusRuntimeException(ClientCalls.java:233)
	at org.apache.ratis.thirdparty.io.grpc.stub.ClientCalls.getUnchecked(ClientCalls.java:214)
	at org.apache.ratis.thirdparty.io.grpc.stub.ClientCalls.blockingUnaryCall(ClientCalls.java:139)
	at org.apache.ratis.proto.grpc.RaftServerProtocolServiceGrpc$RaftServerProtocolServiceBlockingStub.requestVote(RaftServerProtocolServiceGrpc.java:265)
	at org.apache.ratis.grpc.server.GrpcServerProtocolClient.requestVote(GrpcServerProtocolClient.java:83)
	at org.apache.ratis.grpc.server.GrpcService.requestVote(GrpcService.java:195)
	at org.apache.ratis.server.impl.LeaderElection.lambda$submitRequests$1(LeaderElection.java:237)
	at java.util.concurrent.FutureTask.run(FutureTask.java:266)
	at java.util.concurrent.Executors$RunnableAdapter.call(Executors.java:511)
	at java.util.concurrent.FutureTask.run(FutureTask.java:266)
	at java.util.concurrent.ThreadPoolExecutor.runWorker(ThreadPoolExecutor.java:1149)
	at java.util.concurrent.ThreadPoolExecutor$Worker.run(ThreadPoolExecutor.java:624)
	... 1 more
Caused by: org.apache.ratis.thirdparty.io.netty.channel.AbstractChannel$AnnotatedConnectException: Connection refused: /192.168.34.53:46077
	at sun.nio.ch.SocketChannelImpl.checkConnect(Native Method)
	at sun.nio.ch.SocketChannelImpl.finishConnect(SocketChannelImpl.java:717)
	at org.apache.ratis.thirdparty.io.netty.channel.socket.nio.NioSocketChannel.doFinishConnect(NioSocketChannel.java:327)
	at org.apache.ratis.thirdparty.io.netty.channel.nio.AbstractNioChannel$AbstractNioUnsafe.finishConnect(AbstractNioChannel.java:340)
	at org.apache.ratis.thirdparty.io.netty.channel.nio.NioEventLoop.processSelectedKey(NioEventLoop.java:632)
	at org.apache.ratis.thirdparty.io.netty.channel.nio.NioEventLoop.processSelectedKeysOptimized(NioEventLoop.java:579)
	at org.apache.ratis.thirdparty.io.netty.channel.nio.NioEventLoop.processSelectedKeys(NioEventLoop.java:496)
	at org.apache.ratis.thirdparty.io.netty.channel.nio.NioEventLoop.run(NioEventLoop.java:458)
	at org.apache.ratis.thirdparty.io.netty.util.concurrent.SingleThreadEventExecutor$5.run(SingleThreadEventExecutor.java:897)
	at org.apache.ratis.thirdparty.io.netty.util.concurrent.FastThreadLocalRunnable.run(FastThreadLocalRunnable.java:30)
	... 1 more
Caused by: java.net.ConnectException: Connection refused
	... 11 more
2019-09-05 03:31:09,868 [f8e72f0f-27ad-4da0-a4ac-f742e69d6053:group-6FC1333E43B6:LeaderElection31] INFO  impl.RaftServerImpl (RaftServerImpl.java:setRole(171)) - f8e72f0f-27ad-4da0-a4ac-f742e69d6053:group-6FC1333E43B6 changes role from CANDIDATE to FOLLOWER at term 2 for DISCOVERED_A_NEW_TERM
2019-09-05 03:31:09,870 [f8e72f0f-27ad-4da0-a4ac-f742e69d6053:group-6FC1333E43B6:LeaderElection31] INFO  impl.RoleInfo (RoleInfo.java:shutdownLeaderElection(134)) - f8e72f0f-27ad-4da0-a4ac-f742e69d6053: shutdown LeaderElection
2019-09-05 03:31:09,870 [f8e72f0f-27ad-4da0-a4ac-f742e69d6053:group-6FC1333E43B6:LeaderElection31] INFO  impl.RoleInfo (RoleInfo.java:updateAndGet(143)) - f8e72f0f-27ad-4da0-a4ac-f742e69d6053: start FollowerState
2019-09-05 03:31:13,445 [ForkJoinPool.commonPool-worker-1] INFO  ozoneimpl.OzoneContainer (OzoneContainer.java:stop(199)) - Attempting to stop container services.
2019-09-05 03:31:13,446 [ForkJoinPool.commonPool-worker-1] INFO  impl.RaftServerProxy (RaftServerProxy.java:lambda$close$4(314)) - f8e72f0f-27ad-4da0-a4ac-f742e69d6053: close
2019-09-05 03:31:13,446 [ForkJoinPool.commonPool-worker-1] INFO  impl.RaftServerImpl (RaftServerImpl.java:lambda$shutdown$3(245)) - f8e72f0f-27ad-4da0-a4ac-f742e69d6053: shutdown group-6FC1333E43B6
2019-09-05 03:31:13,446 [ForkJoinPool.commonPool-worker-1] INFO  util.JmxRegister (JmxRegister.java:unregister(73)) - Successfully un-registered JMX Bean with object name Ratis:service=RaftServer,group=group-6FC1333E43B6,id=f8e72f0f-27ad-4da0-a4ac-f742e69d6053
2019-09-05 03:31:13,447 [ForkJoinPool.commonPool-worker-1] INFO  impl.RoleInfo (RoleInfo.java:shutdownFollowerState(121)) - f8e72f0f-27ad-4da0-a4ac-f742e69d6053: shutdown FollowerState
2019-09-05 03:31:13,447 [ForkJoinPool.commonPool-worker-1] INFO  impl.StateMachineUpdater (StateMachineUpdater.java:stopAndJoin(115)) - StateMachineUpdater:f8e72f0f-27ad-4da0-a4ac-f742e69d6053:group-6FC1333E43B6: set stopIndex = 8
2019-09-05 03:31:13,447 [Thread-1795] INFO  impl.FollowerState (FollowerState.java:run(114)) - f8e72f0f-27ad-4da0-a4ac-f742e69d6053: FollowerState was interrupted: java.lang.InterruptedException: sleep interrupted
2019-09-05 03:31:13,447 [StateMachineUpdater:f8e72f0f-27ad-4da0-a4ac-f742e69d6053:group-6FC1333E43B6] INFO  ratis.ContainerStateMachine (ContainerStateMachine.java:takeSnapshot(283)) - group-6FC1333E43B6: Taking a snapshot at:(t:1, i:5) file /workdir/hadoop-ozone/integration-test/target/test-dir/MiniOzoneClusterImpl-38a6644a-5bd9-4915-9755-6661b6b928f7/datanode-5/data/ratis/b9197241-d09d-4aa4-9843-6fc1333e43b6/sm/snapshot.1_5
2019-09-05 03:31:13,462 [StateMachineUpdater:f8e72f0f-27ad-4da0-a4ac-f742e69d6053:group-6FC1333E43B6] INFO  ratis.ContainerStateMachine (ContainerStateMachine.java:takeSnapshot(294)) - group-6FC1333E43B6: Finished taking a snapshot at:(t:1, i:5) file:/workdir/hadoop-ozone/integration-test/target/test-dir/MiniOzoneClusterImpl-38a6644a-5bd9-4915-9755-6661b6b928f7/datanode-5/data/ratis/b9197241-d09d-4aa4-9843-6fc1333e43b6/sm/snapshot.1_5 time:14
2019-09-05 03:31:13,462 [StateMachineUpdater:f8e72f0f-27ad-4da0-a4ac-f742e69d6053:group-6FC1333E43B6] INFO  impl.StateMachineUpdater (StateMachineUpdater.java:takeSnapshot(242)) - StateMachineUpdater:f8e72f0f-27ad-4da0-a4ac-f742e69d6053:group-6FC1333E43B6: Took a snapshot at index 5
2019-09-05 03:31:13,462 [StateMachineUpdater:f8e72f0f-27ad-4da0-a4ac-f742e69d6053:group-6FC1333E43B6] INFO  impl.StateMachineUpdater (StateMachineUpdater.java:lambda$new$0(80)) - StateMachineUpdater:f8e72f0f-27ad-4da0-a4ac-f742e69d6053:group-6FC1333E43B6: snapshotIndex: updateIncreasingly -1 -> 5
2019-09-05 03:31:13,462 [ForkJoinPool.commonPool-worker-1] INFO  impl.RaftServerImpl (ServerState.java:close(394)) - f8e72f0f-27ad-4da0-a4ac-f742e69d6053:group-6FC1333E43B6 closes. The last applied log index is 8
2019-09-05 03:31:13,463 [f8e72f0f-27ad-4da0-a4ac-f742e69d6053-SegmentedRaftLogWorker:Storage Directory /workdir/hadoop-ozone/integration-test/target/test-dir/MiniOzoneClusterImpl-38a6644a-5bd9-4915-9755-6661b6b928f7/datanode-5/data/ratis/b9197241-d09d-4aa4-9843-6fc1333e43b6] INFO  segmented.SegmentedRaftLogWorker (SegmentedRaftLogWorker.java:run(313)) - f8e72f0f-27ad-4da0-a4ac-f742e69d6053-SegmentedRaftLogWorker:Storage Directory /workdir/hadoop-ozone/integration-test/target/test-dir/MiniOzoneClusterImpl-38a6644a-5bd9-4915-9755-6661b6b928f7/datanode-5/data/ratis/b9197241-d09d-4aa4-9843-6fc1333e43b6 was interrupted, exiting. There are 0 tasks remaining in the queue.
2019-09-05 03:31:13,464 [ForkJoinPool.commonPool-worker-1] INFO  segmented.SegmentedRaftLogWorker (SegmentedRaftLogWorker.java:close(228)) - f8e72f0f-27ad-4da0-a4ac-f742e69d6053-SegmentedRaftLogWorker:Storage Directory /workdir/hadoop-ozone/integration-test/target/test-dir/MiniOzoneClusterImpl-38a6644a-5bd9-4915-9755-6661b6b928f7/datanode-5/data/ratis/b9197241-d09d-4aa4-9843-6fc1333e43b6 close()
2019-09-05 03:31:13,464 [ForkJoinPool.commonPool-worker-1] INFO  impl.RaftServerImpl (RaftServerImpl.java:lambda$shutdown$3(245)) - f8e72f0f-27ad-4da0-a4ac-f742e69d6053: shutdown group-AD08BE2EEEC7
2019-09-05 03:31:13,465 [ForkJoinPool.commonPool-worker-1] INFO  util.JmxRegister (JmxRegister.java:unregister(73)) - Successfully un-registered JMX Bean with object name Ratis:service=RaftServer,group=group-AD08BE2EEEC7,id=f8e72f0f-27ad-4da0-a4ac-f742e69d6053
2019-09-05 03:31:13,465 [ForkJoinPool.commonPool-worker-1] INFO  impl.RoleInfo (RoleInfo.java:shutdownLeaderState(104)) - f8e72f0f-27ad-4da0-a4ac-f742e69d6053: shutdown LeaderState
2019-09-05 03:31:13,465 [ForkJoinPool.commonPool-worker-1] INFO  impl.PendingRequests (PendingRequests.java:sendNotLeaderResponses(202)) - f8e72f0f-27ad-4da0-a4ac-f742e69d6053-PendingRequests: sendNotLeaderResponses
2019-09-05 03:31:13,466 [ForkJoinPool.commonPool-worker-1] INFO  impl.StateMachineUpdater (StateMachineUpdater.java:stopAndJoin(115)) - StateMachineUpdater:f8e72f0f-27ad-4da0-a4ac-f742e69d6053:group-AD08BE2EEEC7: set stopIndex = 0
2019-09-05 03:31:13,466 [ForkJoinPool.commonPool-worker-1] INFO  impl.RaftServerImpl (ServerState.java:close(394)) - f8e72f0f-27ad-4da0-a4ac-f742e69d6053:group-AD08BE2EEEC7 closes. The last applied log index is 0
2019-09-05 03:31:13,467 [f8e72f0f-27ad-4da0-a4ac-f742e69d6053-SegmentedRaftLogWorker:Storage Directory /workdir/hadoop-ozone/integration-test/target/test-dir/MiniOzoneClusterImpl-38a6644a-5bd9-4915-9755-6661b6b928f7/datanode-5/data/ratis/50e0e566-8adf-4ba0-94a5-ad08be2eeec7] INFO  segmented.SegmentedRaftLogWorker (SegmentedRaftLogWorker.java:run(313)) - f8e72f0f-27ad-4da0-a4ac-f742e69d6053-SegmentedRaftLogWorker:Storage Directory /workdir/hadoop-ozone/integration-test/target/test-dir/MiniOzoneClusterImpl-38a6644a-5bd9-4915-9755-6661b6b928f7/datanode-5/data/ratis/50e0e566-8adf-4ba0-94a5-ad08be2eeec7 was interrupted, exiting. There are 0 tasks remaining in the queue.
2019-09-05 03:31:13,467 [ForkJoinPool.commonPool-worker-1] INFO  segmented.SegmentedRaftLogWorker (SegmentedRaftLogWorker.java:close(228)) - f8e72f0f-27ad-4da0-a4ac-f742e69d6053-SegmentedRaftLogWorker:Storage Directory /workdir/hadoop-ozone/integration-test/target/test-dir/MiniOzoneClusterImpl-38a6644a-5bd9-4915-9755-6661b6b928f7/datanode-5/data/ratis/50e0e566-8adf-4ba0-94a5-ad08be2eeec7 close()
2019-09-05 03:31:13,467 [ForkJoinPool.commonPool-worker-1] INFO  server.GrpcService (GrpcService.java:closeImpl(155)) - f8e72f0f-27ad-4da0-a4ac-f742e69d6053: shutdown server with port 43454 now
2019-09-05 03:31:13,472 [ForkJoinPool.commonPool-worker-1] INFO  server.GrpcService (GrpcService.java:closeImpl(163)) - f8e72f0f-27ad-4da0-a4ac-f742e69d6053: shutdown server with port 43454 successfully
2019-09-05 03:31:13,476 [ForkJoinPool.commonPool-worker-1] INFO  utils.BackgroundService (BackgroundService.java:shutdown(148)) - Shutting down service BlockDeletingService
2019-09-05 03:31:13,479 [refreshUsed-/workdir/hadoop-ozone/integration-test/target/test-dir/MiniOzoneClusterImpl-38a6644a-5bd9-4915-9755-6661b6b928f7/datanode-5/data/containers] WARN  fs.CachingGetSpaceUsed (CachingGetSpaceUsed.java:run(183)) - Thread Interrupted waiting to refresh disk information: sleep interrupted
2019-09-05 03:31:13,498 [ForkJoinPool.commonPool-worker-1] INFO  statemachine.DatanodeStateMachine (DatanodeStateMachine.java:stopDaemon(395)) - Ozone container server stopped.
2019-09-05 03:31:13,502 [ForkJoinPool.commonPool-worker-1] INFO  handler.ContextHandler (ContextHandler.java:doStop(910)) - Stopped o.e.j.w.WebAppContext@460e5ffe{/,null,UNAVAILABLE}{/hddsDatanode}
2019-09-05 03:31:13,503 [ForkJoinPool.commonPool-worker-1] INFO  server.AbstractConnector (AbstractConnector.java:doStop(318)) - Stopped ServerConnector@1a4cbcc6{HTTP/1.1,[http/1.1]}{0.0.0.0:0}
2019-09-05 03:31:13,506 [ForkJoinPool.commonPool-worker-1] INFO  handler.ContextHandler (ContextHandler.java:doStop(910)) - Stopped o.e.j.s.ServletContextHandler@4f2544b0{/static,jar:file:/home/user/.m2/repository/org/apache/hadoop/hadoop-hdds-container-service/0.5.0-SNAPSHOT/hadoop-hdds-container-service-0.5.0-SNAPSHOT.jar!/webapps/static,UNAVAILABLE}
2019-09-05 03:31:13,506 [ForkJoinPool.commonPool-worker-1] INFO  handler.ContextHandler (ContextHandler.java:doStop(910)) - Stopped o.e.j.s.ServletContextHandler@26679788{/logs,file:///workdir/hadoop-ozone/integration-test/target/log,UNAVAILABLE}
2019-09-05 03:31:13,507 [main] INFO  ozone.MiniOzoneClusterImpl (MiniOzoneClusterImpl.java:stop(353)) - Stopping the StorageContainerManager
2019-09-05 03:31:13,508 [main] INFO  server.StorageContainerManager (StorageContainerManager.java:stop(797)) - Stopping Replication Manager Service.
2019-09-05 03:31:13,508 [main] INFO  container.ReplicationManager (ReplicationManager.java:stop(193)) - Stopping Replication Monitor Thread.
2019-09-05 03:31:13,508 [main] INFO  server.StorageContainerManager (StorageContainerManager.java:stop(804)) - Stopping Lease Manager of the command watchers
2019-09-05 03:31:13,508 [main] INFO  server.StorageContainerManager (StorageContainerManager.java:stop(811)) - Stopping datanode service RPC server
2019-09-05 03:31:13,509 [main] INFO  server.SCMDatanodeProtocolServer (SCMDatanodeProtocolServer.java:stop(367)) - Stopping the RPC server for DataNodes
2019-09-05 03:31:13,509 [main] INFO  ipc.Server (Server.java:stop(3082)) - Stopping server on 38110
2019-09-05 03:31:13,512 [IPC Server listener on 38110] INFO  ipc.Server (Server.java:run(1185)) - Stopping IPC Server listener on 38110
2019-09-05 03:31:13,512 [IPC Server Responder] INFO  ipc.Server (Server.java:run(1319)) - Stopping IPC Server Responder
2019-09-05 03:31:13,523 [SCM Heartbeat Processing Thread - 0] WARN  node.NodeStateManager (NodeStateManager.java:scheduleNextHealthCheck(655)) - Current Thread is interrupted, shutting down HB processing thread for Node Manager.
2019-09-05 03:31:13,524 [main] INFO  server.StorageContainerManager (StorageContainerManager.java:stop(819)) - Stopping block service RPC server
2019-09-05 03:31:13,524 [main] INFO  server.SCMBlockProtocolServer (SCMBlockProtocolServer.java:stop(148)) - Stopping the RPC server for Block Protocol
2019-09-05 03:31:13,524 [main] INFO  ipc.Server (Server.java:stop(3082)) - Stopping server on 36647
2019-09-05 03:31:13,527 [IPC Server listener on 36647] INFO  ipc.Server (Server.java:run(1185)) - Stopping IPC Server listener on 36647
2019-09-05 03:31:13,527 [main] INFO  server.StorageContainerManager (StorageContainerManager.java:stop(826)) - Stopping the StorageContainerLocationProtocol RPC server
2019-09-05 03:31:13,527 [main] INFO  server.SCMClientProtocolServer (SCMClientProtocolServer.java:stop(159)) - Stopping the RPC server for Client Protocol
2019-09-05 03:31:13,527 [IPC Server Responder] INFO  ipc.Server (Server.java:run(1319)) - Stopping IPC Server Responder
2019-09-05 03:31:13,529 [main] INFO  ipc.Server (Server.java:stop(3082)) - Stopping server on 40478
2019-09-05 03:31:13,532 [IPC Server listener on 40478] INFO  ipc.Server (Server.java:run(1185)) - Stopping IPC Server listener on 40478
2019-09-05 03:31:13,532 [main] INFO  server.StorageContainerManager (StorageContainerManager.java:stop(833)) - Stopping Storage Container Manager HTTP server.
2019-09-05 03:31:13,532 [IPC Server Responder] INFO  ipc.Server (Server.java:run(1319)) - Stopping IPC Server Responder
2019-09-05 03:31:13,534 [main] INFO  handler.ContextHandler (ContextHandler.java:doStop(910)) - Stopped o.e.j.w.WebAppContext@27261190{/,null,UNAVAILABLE}{/scm}
2019-09-05 03:31:13,535 [main] INFO  server.AbstractConnector (AbstractConnector.java:doStop(318)) - Stopped ServerConnector@543b0737{HTTP/1.1,[http/1.1]}{0.0.0.0:0}
2019-09-05 03:31:13,535 [main] INFO  handler.ContextHandler (ContextHandler.java:doStop(910)) - Stopped o.e.j.s.ServletContextHandler@3ef0e576{/static,file:///workdir/hadoop-ozone/integration-test/target/test-classes/webapps/static,UNAVAILABLE}
2019-09-05 03:31:13,536 [main] INFO  handler.ContextHandler (ContextHandler.java:doStop(910)) - Stopped o.e.j.s.ServletContextHandler@7eae55{/logs,file:///workdir/hadoop-ozone/integration-test/target/log,UNAVAILABLE}
2019-09-05 03:31:13,536 [main] INFO  server.StorageContainerManager (StorageContainerManager.java:stop(844)) - Stopping Block Manager Service.
2019-09-05 03:31:13,537 [main] INFO  utils.BackgroundService (BackgroundService.java:shutdown(148)) - Shutting down service SCMBlockDeletingService
2019-09-05 03:31:13,537 [main] INFO  utils.BackgroundService (BackgroundService.java:shutdown(148)) - Shutting down service SCMBlockDeletingService
2019-09-05 03:31:13,538 [main] INFO  server.StorageContainerManager (StorageContainerManager.java:stop(866)) - Stopping SCM Event Queue.
2019-09-05 03:31:13,543 [main] INFO  impl.MetricsSystemImpl (MetricsSystemImpl.java:stop(210)) - Stopping HddsDatanode metrics system...
2019-09-05 03:31:13,550 [main] INFO  impl.MetricsSystemImpl (MetricsSystemImpl.java:stop(216)) - HddsDatanode metrics system stopped.
]]></system-out>
    <system-err><![CDATA[Sep 05, 2019 3:25:36 AM com.sun.jersey.server.impl.application.WebApplicationImpl _initiate
INFO: Initiating Jersey application, version 'Jersey: 1.19 02/11/2015 03:25 AM'
Sep 05, 2019 3:25:37 AM com.sun.jersey.server.impl.application.WebApplicationImpl _initiate
INFO: Initiating Jersey application, version 'Jersey: 1.19 02/11/2015 03:25 AM'
Sep 05, 2019 3:25:37 AM com.sun.jersey.server.impl.application.WebApplicationImpl _initiate
INFO: Initiating Jersey application, version 'Jersey: 1.19 02/11/2015 03:25 AM'
Sep 05, 2019 3:25:37 AM com.sun.jersey.server.impl.application.WebApplicationImpl _initiate
INFO: Initiating Jersey application, version 'Jersey: 1.19 02/11/2015 03:25 AM'
Sep 05, 2019 3:25:37 AM com.sun.jersey.server.impl.application.WebApplicationImpl _initiate
INFO: Initiating Jersey application, version 'Jersey: 1.19 02/11/2015 03:25 AM'
Sep 05, 2019 3:25:38 AM com.sun.jersey.server.impl.application.WebApplicationImpl _initiate
INFO: Initiating Jersey application, version 'Jersey: 1.19 02/11/2015 03:25 AM'
Sep 05, 2019 3:25:38 AM com.sun.jersey.server.impl.application.WebApplicationImpl _initiate
INFO: Initiating Jersey application, version 'Jersey: 1.19 02/11/2015 03:25 AM'
]]></system-err>
  </testcase>
</testsuite>