<?xml version="1.0" encoding="UTF-8"?>
<testsuite xmlns:xsi="http://www.w3.org/2001/XMLSchema-instance" xsi:noNamespaceSchemaLocation="https://maven.apache.org/surefire/maven-surefire-plugin/xsd/surefire-test-report.xsd" name="org.apache.hadoop.ozone.freon.TestFreonWithPipelineDestroy" time="29.976" tests="1" errors="1" skipped="0" failures="0">
  <properties>
    <property name="awt.toolkit" value="sun.awt.X11.XToolkit"/>
    <property name="file.encoding.pkg" value="sun.io"/>
    <property name="java.specification.version" value="1.8"/>
    <property name="sun.cpu.isalist" value=""/>
    <property name="sun.jnu.encoding" value="UTF-8"/>
    <property name="java.class.path" value="/tmp/workdir/hadoop-ozone/tools/target/test-classes:/tmp/workdir/hadoop-ozone/tools/target/classes:/tmp/workdir/hadoop-ozone/ozone-manager/target/classes:/tmp/workdir/hadoop-hdds/docs/target/classes:/home/user/.m2/repository/org/bouncycastle/bcprov-jdk15on/1.60/bcprov-jdk15on-1.60.jar:/tmp/workdir/hadoop-ozone/common/target/classes:/home/user/.m2/repository/org/apache/commons/commons-compress/1.4.1/commons-compress-1.4.1.jar:/home/user/.m2/repository/org/tukaani/xz/1.0/xz-1.0.jar:/home/user/.m2/repository/org/apache/hadoop/hadoop-hdfs-client/3.2.0/hadoop-hdfs-client-3.2.0.jar:/home/user/.m2/repository/com/fasterxml/jackson/core/jackson-annotations/2.9.5/jackson-annotations-2.9.5.jar:/tmp/workdir/hadoop-hdds/common/target/classes:/tmp/workdir/hadoop-hdds/config/target/classes:/home/user/.m2/repository/javax/annotation/javax.annotation-api/1.2/javax.annotation-api-1.2.jar:/home/user/.m2/repository/org/apache/ratis/ratis-server/0.4.0-2337318-SNAPSHOT/ratis-server-0.4.0-2337318-SNAPSHOT.jar:/home/user/.m2/repository/org/apache/ratis/ratis-thirdparty-misc/0.2.0/ratis-thirdparty-misc-0.2.0.jar:/home/user/.m2/repository/org/apache/ratis/ratis-proto/0.4.0-2337318-SNAPSHOT/ratis-proto-0.4.0-2337318-SNAPSHOT.jar:/home/user/.m2/repository/org/apache/ratis/ratis-common/0.4.0-2337318-SNAPSHOT/ratis-common-0.4.0-2337318-SNAPSHOT.jar:/home/user/.m2/repository/org/apache/ratis/ratis-client/0.4.0-2337318-SNAPSHOT/ratis-client-0.4.0-2337318-SNAPSHOT.jar:/home/user/.m2/repository/org/apache/ratis/ratis-metrics/0.4.0-2337318-SNAPSHOT/ratis-metrics-0.4.0-2337318-SNAPSHOT.jar:/home/user/.m2/repository/org/apache/ratis/ratis-netty/0.4.0-2337318-SNAPSHOT/ratis-netty-0.4.0-2337318-SNAPSHOT.jar:/home/user/.m2/repository/org/apache/ratis/ratis-grpc/0.4.0-2337318-SNAPSHOT/ratis-grpc-0.4.0-2337318-SNAPSHOT.jar:/home/user/.m2/repository/org/rocksdb/rocksdbjni/6.0.1/rocksdbjni-6.0.1.jar:/home/user/.m2/repository/org/apache/logging/log4j/log4j-api/2.11.0/log4j-api-2.11.0.jar:/home/user/.m2/repository/org/apache/logging/log4j/log4j-core/2.11.0/log4j-core-2.11.0.jar:/home/user/.m2/repository/com/lmax/disruptor/3.4.2/disruptor-3.4.2.jar:/home/user/.m2/repository/org/apache/commons/commons-pool2/2.6.0/commons-pool2-2.6.0.jar:/home/user/.m2/repository/org/bouncycastle/bcpkix-jdk15on/1.60/bcpkix-jdk15on-1.60.jar:/home/user/.m2/repository/commons-validator/commons-validator/1.6/commons-validator-1.6.jar:/home/user/.m2/repository/commons-digester/commons-digester/1.8.1/commons-digester-1.8.1.jar:/home/user/.m2/repository/io/jaegertracing/jaeger-client/0.33.1/jaeger-client-0.33.1.jar:/home/user/.m2/repository/io/jaegertracing/jaeger-thrift/0.33.1/jaeger-thrift-0.33.1.jar:/home/user/.m2/repository/org/apache/thrift/libthrift/0.11.0/libthrift-0.11.0.jar:/home/user/.m2/repository/com/squareup/okhttp3/okhttp/3.9.0/okhttp-3.9.0.jar:/home/user/.m2/repository/com/squareup/okio/okio/1.13.0/okio-1.13.0.jar:/home/user/.m2/repository/io/jaegertracing/jaeger-core/0.33.1/jaeger-core-0.33.1.jar:/home/user/.m2/repository/io/jaegertracing/jaeger-tracerresolver/0.33.1/jaeger-tracerresolver-0.33.1.jar:/home/user/.m2/repository/io/opentracing/contrib/opentracing-tracerresolver/0.1.5/opentracing-tracerresolver-0.1.5.jar:/home/user/.m2/repository/io/opentracing/opentracing-util/0.31.0/opentracing-util-0.31.0.jar:/home/user/.m2/repository/io/opentracing/opentracing-api/0.31.0/opentracing-api-0.31.0.jar:/home/user/.m2/repository/io/opentracing/opentracing-noop/0.31.0/opentracing-noop-0.31.0.jar:/home/user/.m2/repository/org/yaml/snakeyaml/1.16/snakeyaml-1.16.jar:/tmp/workdir/hadoop-hdds/container-service/target/classes:/tmp/workdir/hadoop-hdds/client/target/classes:/tmp/workdir/hadoop-hdds/tools/target/classes:/home/user/.m2/repository/org/xerial/sqlite-jdbc/3.25.2/sqlite-jdbc-3.25.2.jar:/tmp/workdir/hadoop-hdds/server-scm/target/classes:/home/user/.m2/repository/org/hamcrest/hamcrest-all/1.3/hamcrest-all-1.3.jar:/home/user/.m2/repository/info/picocli/picocli/3.9.6/picocli-3.9.6.jar:/home/user/.m2/repository/com/google/protobuf/protobuf-java/2.5.0/protobuf-java-2.5.0.jar:/home/user/.m2/repository/com/google/guava/guava/11.0.2/guava-11.0.2.jar:/tmp/workdir/hadoop-ozone/client/target/classes:/home/user/.m2/repository/org/apache/hadoop/hadoop-ozone-filesystem/0.5.0-SNAPSHOT/hadoop-ozone-filesystem-0.5.0-SNAPSHOT.jar:/tmp/workdir/hadoop-hdds/framework/target/classes:/home/user/.m2/repository/org/apache/hadoop/hadoop-common/3.2.0/hadoop-common-3.2.0.jar:/home/user/.m2/repository/org/apache/hadoop/hadoop-annotations/3.2.0/hadoop-annotations-3.2.0.jar:/usr/lib/jvm/java-1.8-openjdk/jre/../lib/tools.jar:/home/user/.m2/repository/commons-cli/commons-cli/1.2/commons-cli-1.2.jar:/home/user/.m2/repository/org/apache/commons/commons-math3/3.1.1/commons-math3-3.1.1.jar:/home/user/.m2/repository/org/apache/httpcomponents/httpclient/4.5.2/httpclient-4.5.2.jar:/home/user/.m2/repository/org/apache/httpcomponents/httpcore/4.4.4/httpcore-4.4.4.jar:/home/user/.m2/repository/commons-codec/commons-codec/1.11/commons-codec-1.11.jar:/home/user/.m2/repository/commons-io/commons-io/2.5/commons-io-2.5.jar:/home/user/.m2/repository/commons-net/commons-net/3.6/commons-net-3.6.jar:/home/user/.m2/repository/commons-collections/commons-collections/3.2.2/commons-collections-3.2.2.jar:/home/user/.m2/repository/javax/servlet/javax.servlet-api/3.1.0/javax.servlet-api-3.1.0.jar:/home/user/.m2/repository/org/eclipse/jetty/jetty-server/9.3.24.v20180605/jetty-server-9.3.24.v20180605.jar:/home/user/.m2/repository/org/eclipse/jetty/jetty-http/9.3.24.v20180605/jetty-http-9.3.24.v20180605.jar:/home/user/.m2/repository/org/eclipse/jetty/jetty-io/9.3.24.v20180605/jetty-io-9.3.24.v20180605.jar:/home/user/.m2/repository/org/eclipse/jetty/jetty-util/9.3.24.v20180605/jetty-util-9.3.24.v20180605.jar:/home/user/.m2/repository/org/eclipse/jetty/jetty-servlet/9.3.24.v20180605/jetty-servlet-9.3.24.v20180605.jar:/home/user/.m2/repository/org/eclipse/jetty/jetty-security/9.3.24.v20180605/jetty-security-9.3.24.v20180605.jar:/home/user/.m2/repository/org/eclipse/jetty/jetty-webapp/9.3.24.v20180605/jetty-webapp-9.3.24.v20180605.jar:/home/user/.m2/repository/org/eclipse/jetty/jetty-xml/9.3.24.v20180605/jetty-xml-9.3.24.v20180605.jar:/home/user/.m2/repository/javax/servlet/jsp/jsp-api/2.1/jsp-api-2.1.jar:/home/user/.m2/repository/com/sun/jersey/jersey-core/1.19/jersey-core-1.19.jar:/home/user/.m2/repository/javax/ws/rs/jsr311-api/1.1.1/jsr311-api-1.1.1.jar:/home/user/.m2/repository/com/sun/jersey/jersey-servlet/1.19/jersey-servlet-1.19.jar:/home/user/.m2/repository/com/sun/jersey/jersey-json/1.19/jersey-json-1.19.jar:/home/user/.m2/repository/org/codehaus/jettison/jettison/1.1/jettison-1.1.jar:/home/user/.m2/repository/com/sun/xml/bind/jaxb-impl/2.3.0.1/jaxb-impl-2.3.0.1.jar:/home/user/.m2/repository/org/codehaus/jackson/jackson-core-asl/1.9.13/jackson-core-asl-1.9.13.jar:/home/user/.m2/repository/org/codehaus/jackson/jackson-mapper-asl/1.9.13/jackson-mapper-asl-1.9.13.jar:/home/user/.m2/repository/org/codehaus/jackson/jackson-jaxrs/1.9.13/jackson-jaxrs-1.9.13.jar:/home/user/.m2/repository/org/codehaus/jackson/jackson-xc/1.9.13/jackson-xc-1.9.13.jar:/home/user/.m2/repository/com/sun/jersey/jersey-server/1.19/jersey-server-1.19.jar:/home/user/.m2/repository/commons-logging/commons-logging/1.1.3/commons-logging-1.1.3.jar:/home/user/.m2/repository/log4j/log4j/1.2.17/log4j-1.2.17.jar:/home/user/.m2/repository/commons-beanutils/commons-beanutils/1.9.3/commons-beanutils-1.9.3.jar:/home/user/.m2/repository/org/apache/commons/commons-configuration2/2.1.1/commons-configuration2-2.1.1.jar:/home/user/.m2/repository/org/apache/commons/commons-lang3/3.7/commons-lang3-3.7.jar:/home/user/.m2/repository/org/apache/commons/commons-text/1.4/commons-text-1.4.jar:/home/user/.m2/repository/org/slf4j/slf4j-api/1.7.25/slf4j-api-1.7.25.jar:/home/user/.m2/repository/org/slf4j/slf4j-log4j12/1.7.25/slf4j-log4j12-1.7.25.jar:/home/user/.m2/repository/org/apache/avro/avro/1.7.7/avro-1.7.7.jar:/home/user/.m2/repository/com/thoughtworks/paranamer/paranamer/2.3/paranamer-2.3.jar:/home/user/.m2/repository/org/xerial/snappy/snappy-java/1.0.5/snappy-java-1.0.5.jar:/home/user/.m2/repository/com/google/re2j/re2j/1.1/re2j-1.1.jar:/home/user/.m2/repository/com/google/code/gson/gson/2.2.4/gson-2.2.4.jar:/home/user/.m2/repository/org/apache/hadoop/hadoop-auth/3.2.0/hadoop-auth-3.2.0.jar:/home/user/.m2/repository/com/nimbusds/nimbus-jose-jwt/4.41.1/nimbus-jose-jwt-4.41.1.jar:/home/user/.m2/repository/com/github/stephenc/jcip/jcip-annotations/1.0-1/jcip-annotations-1.0-1.jar:/home/user/.m2/repository/net/minidev/json-smart/2.3/json-smart-2.3.jar:/home/user/.m2/repository/net/minidev/accessors-smart/1.2/accessors-smart-1.2.jar:/home/user/.m2/repository/org/apache/curator/curator-framework/2.12.0/curator-framework-2.12.0.jar:/home/user/.m2/repository/com/jcraft/jsch/0.1.54/jsch-0.1.54.jar:/home/user/.m2/repository/org/apache/curator/curator-client/2.12.0/curator-client-2.12.0.jar:/home/user/.m2/repository/org/apache/curator/curator-recipes/2.12.0/curator-recipes-2.12.0.jar:/home/user/.m2/repository/com/google/code/findbugs/jsr305/3.0.0/jsr305-3.0.0.jar:/home/user/.m2/repository/org/apache/htrace/htrace-core4/4.1.0-incubating/htrace-core4-4.1.0-incubating.jar:/home/user/.m2/repository/org/apache/zookeeper/zookeeper/3.4.13/zookeeper-3.4.13.jar:/home/user/.m2/repository/org/apache/yetus/audience-annotations/0.5.0/audience-annotations-0.5.0.jar:/home/user/.m2/repository/org/apache/kerby/kerb-simplekdc/1.0.1/kerb-simplekdc-1.0.1.jar:/home/user/.m2/repository/org/apache/kerby/kerb-client/1.0.1/kerb-client-1.0.1.jar:/home/user/.m2/repository/org/apache/kerby/kerby-config/1.0.1/kerby-config-1.0.1.jar:/home/user/.m2/repository/org/apache/kerby/kerb-core/1.0.1/kerb-core-1.0.1.jar:/home/user/.m2/repository/org/apache/kerby/kerby-pkix/1.0.1/kerby-pkix-1.0.1.jar:/home/user/.m2/repository/org/apache/kerby/kerby-asn1/1.0.1/kerby-asn1-1.0.1.jar:/home/user/.m2/repository/org/apache/kerby/kerby-util/1.0.1/kerby-util-1.0.1.jar:/home/user/.m2/repository/org/apache/kerby/kerb-common/1.0.1/kerb-common-1.0.1.jar:/home/user/.m2/repository/org/apache/kerby/kerb-crypto/1.0.1/kerb-crypto-1.0.1.jar:/home/user/.m2/repository/org/apache/kerby/kerb-util/1.0.1/kerb-util-1.0.1.jar:/home/user/.m2/repository/org/apache/kerby/token-provider/1.0.1/token-provider-1.0.1.jar:/home/user/.m2/repository/org/apache/kerby/kerb-admin/1.0.1/kerb-admin-1.0.1.jar:/home/user/.m2/repository/org/apache/kerby/kerb-server/1.0.1/kerb-server-1.0.1.jar:/home/user/.m2/repository/org/apache/kerby/kerb-identity/1.0.1/kerb-identity-1.0.1.jar:/home/user/.m2/repository/org/apache/kerby/kerby-xdr/1.0.1/kerby-xdr-1.0.1.jar:/home/user/.m2/repository/com/fasterxml/jackson/core/jackson-databind/2.9.5/jackson-databind-2.9.5.jar:/home/user/.m2/repository/com/fasterxml/jackson/core/jackson-core/2.9.5/jackson-core-2.9.5.jar:/home/user/.m2/repository/org/codehaus/woodstox/stax2-api/3.1.4/stax2-api-3.1.4.jar:/home/user/.m2/repository/com/fasterxml/woodstox/woodstox-core/5.0.3/woodstox-core-5.0.3.jar:/home/user/.m2/repository/dnsjava/dnsjava/2.1.7/dnsjava-2.1.7.jar:/home/user/.m2/repository/org/apache/hadoop/hadoop-hdfs/3.2.0/hadoop-hdfs-3.2.0.jar:/home/user/.m2/repository/org/eclipse/jetty/jetty-util-ajax/9.3.24.v20180605/jetty-util-ajax-9.3.24.v20180605.jar:/home/user/.m2/repository/commons-daemon/commons-daemon/1.0.13/commons-daemon-1.0.13.jar:/home/user/.m2/repository/io/netty/netty/3.10.5.Final/netty-3.10.5.Final.jar:/home/user/.m2/repository/io/netty/netty-all/4.0.52.Final/netty-all-4.0.52.Final.jar:/home/user/.m2/repository/org/fusesource/leveldbjni/leveldbjni-all/1.8/leveldbjni-all-1.8.jar:/home/user/.m2/repository/com/sun/xml/bind/jaxb-core/2.3.0.1/jaxb-core-2.3.0.1.jar:/home/user/.m2/repository/javax/xml/bind/jaxb-api/2.3.0/jaxb-api-2.3.0.jar:/home/user/.m2/repository/javax/activation/activation/1.1.1/activation-1.1.1.jar:/home/user/.m2/repository/io/dropwizard/metrics/metrics-core/3.2.4/metrics-core-3.2.4.jar:/home/user/.m2/repository/org/openjdk/jmh/jmh-core/1.19/jmh-core-1.19.jar:/home/user/.m2/repository/net/sf/jopt-simple/jopt-simple/4.6/jopt-simple-4.6.jar:/home/user/.m2/repository/org/openjdk/jmh/jmh-generator-annprocess/1.19/jmh-generator-annprocess-1.19.jar:/home/user/.m2/repository/com/google/code/findbugs/findbugs/3.0.1/findbugs-3.0.1.jar:/home/user/.m2/repository/net/jcip/jcip-annotations/1.0/jcip-annotations-1.0.jar:/home/user/.m2/repository/com/google/code/findbugs/bcel-findbugs/6.0/bcel-findbugs-6.0.jar:/home/user/.m2/repository/com/google/code/findbugs/jFormatString/2.0.1/jFormatString-2.0.1.jar:/home/user/.m2/repository/dom4j/dom4j/1.6.1/dom4j-1.6.1.jar:/home/user/.m2/repository/xml-apis/xml-apis/1.0.b2/xml-apis-1.0.b2.jar:/home/user/.m2/repository/org/ow2/asm/asm-debug-all/5.0.2/asm-debug-all-5.0.2.jar:/home/user/.m2/repository/org/ow2/asm/asm-commons/5.0.2/asm-commons-5.0.2.jar:/home/user/.m2/repository/org/ow2/asm/asm-tree/5.0.2/asm-tree-5.0.2.jar:/home/user/.m2/repository/org/ow2/asm/asm/5.0.4/asm-5.0.4.jar:/home/user/.m2/repository/commons-lang/commons-lang/2.6/commons-lang-2.6.jar:/home/user/.m2/repository/com/apple/AppleJavaExtensions/1.4/AppleJavaExtensions-1.4.jar:/home/user/.m2/repository/jaxen/jaxen/1.1.6/jaxen-1.1.6.jar:/home/user/.m2/repository/junit/junit/4.11/junit-4.11.jar:/home/user/.m2/repository/org/hamcrest/hamcrest-core/1.3/hamcrest-core-1.3.jar:/home/user/.m2/repository/org/apache/hadoop/hadoop-common/3.2.0/hadoop-common-3.2.0-tests.jar:/home/user/.m2/repository/org/apache/hadoop/hadoop-ozone-integration-test/0.5.0-SNAPSHOT/hadoop-ozone-integration-test-0.5.0-SNAPSHOT-tests.jar:/tmp/workdir/hadoop-ozone/objectstore-service/target/classes:/tmp/workdir/hadoop-ozone/s3gateway/target/classes:/home/user/.m2/repository/org/jboss/weld/servlet/weld-servlet/2.4.7.Final/weld-servlet-2.4.7.Final.jar:/home/user/.m2/repository/org/glassfish/jersey/containers/jersey-container-servlet-core/2.27/jersey-container-servlet-core-2.27.jar:/home/user/.m2/repository/org/glassfish/hk2/external/javax.inject/2.5.0-b42/javax.inject-2.5.0-b42.jar:/home/user/.m2/repository/org/glassfish/jersey/core/jersey-common/2.27/jersey-common-2.27.jar:/home/user/.m2/repository/org/glassfish/hk2/osgi-resource-locator/1.0.1/osgi-resource-locator-1.0.1.jar:/home/user/.m2/repository/javax/ws/rs/javax.ws.rs-api/2.1/javax.ws.rs-api-2.1.jar:/home/user/.m2/repository/org/glassfish/jersey/ext/cdi/jersey-cdi1x/2.27/jersey-cdi1x-2.27.jar:/home/user/.m2/repository/org/glassfish/jersey/inject/jersey-hk2/2.27/jersey-hk2-2.27.jar:/home/user/.m2/repository/org/glassfish/hk2/hk2-locator/2.5.0-b42/hk2-locator-2.5.0-b42.jar:/home/user/.m2/repository/org/javassist/javassist/3.22.0-CR2/javassist-3.22.0-CR2.jar:/home/user/.m2/repository/org/glassfish/hk2/hk2-api/2.5.0/hk2-api-2.5.0.jar:/home/user/.m2/repository/org/glassfish/hk2/external/jakarta.inject/2.5.0/jakarta.inject-2.5.0.jar:/home/user/.m2/repository/org/glassfish/hk2/hk2-utils/2.5.0/hk2-utils-2.5.0.jar:/home/user/.m2/repository/jakarta/annotation/jakarta.annotation-api/1.3.4/jakarta.annotation-api-1.3.4.jar:/home/user/.m2/repository/org/glassfish/hk2/external/aopalliance-repackaged/2.5.0/aopalliance-repackaged-2.5.0.jar:/home/user/.m2/repository/com/fasterxml/jackson/dataformat/jackson-dataformat-xml/2.9.0/jackson-dataformat-xml-2.9.0.jar:/home/user/.m2/repository/com/fasterxml/jackson/module/jackson-module-jaxb-annotations/2.9.5/jackson-module-jaxb-annotations-2.9.5.jar:/home/user/.m2/repository/javax/enterprise/cdi-api/1.2/cdi-api-1.2.jar:/home/user/.m2/repository/javax/el/javax.el-api/3.0.0/javax.el-api-3.0.0.jar:/home/user/.m2/repository/javax/interceptor/javax.interceptor-api/1.2/javax.interceptor-api-1.2.jar:/home/user/.m2/repository/javax/inject/javax.inject/1/javax.inject-1.jar:/tmp/workdir/hadoop-ozone/csi/target/classes:/home/user/.m2/repository/com/google/protobuf/protobuf-java-util/3.5.1/protobuf-java-util-3.5.1.jar:/home/user/.m2/repository/io/grpc/grpc-netty/1.17.1/grpc-netty-1.17.1.jar:/home/user/.m2/repository/io/grpc/grpc-core/1.17.1/grpc-core-1.17.1.jar:/home/user/.m2/repository/io/grpc/grpc-context/1.17.1/grpc-context-1.17.1.jar:/home/user/.m2/repository/com/google/errorprone/error_prone_annotations/2.2.0/error_prone_annotations-2.2.0.jar:/home/user/.m2/repository/org/codehaus/mojo/animal-sniffer-annotations/1.17/animal-sniffer-annotations-1.17.jar:/home/user/.m2/repository/io/opencensus/opencensus-api/0.17.0/opencensus-api-0.17.0.jar:/home/user/.m2/repository/io/opencensus/opencensus-contrib-grpc-metrics/0.17.0/opencensus-contrib-grpc-metrics-0.17.0.jar:/home/user/.m2/repository/io/netty/netty-codec-http2/4.1.30.Final/netty-codec-http2-4.1.30.Final.jar:/home/user/.m2/repository/io/netty/netty-codec-http/4.1.30.Final/netty-codec-http-4.1.30.Final.jar:/home/user/.m2/repository/io/netty/netty-codec/4.1.30.Final/netty-codec-4.1.30.Final.jar:/home/user/.m2/repository/io/netty/netty-handler/4.1.30.Final/netty-handler-4.1.30.Final.jar:/home/user/.m2/repository/io/netty/netty-handler-proxy/4.1.30.Final/netty-handler-proxy-4.1.30.Final.jar:/home/user/.m2/repository/io/netty/netty-codec-socks/4.1.30.Final/netty-codec-socks-4.1.30.Final.jar:/home/user/.m2/repository/io/netty/netty-transport-native-epoll/4.1.30.Final/netty-transport-native-epoll-4.1.30.Final.jar:/home/user/.m2/repository/io/netty/netty-common/4.1.30.Final/netty-common-4.1.30.Final.jar:/home/user/.m2/repository/io/netty/netty-buffer/4.1.30.Final/netty-buffer-4.1.30.Final.jar:/home/user/.m2/repository/io/netty/netty-transport/4.1.30.Final/netty-transport-4.1.30.Final.jar:/home/user/.m2/repository/io/netty/netty-resolver/4.1.30.Final/netty-resolver-4.1.30.Final.jar:/home/user/.m2/repository/io/netty/netty-transport-native-unix-common/4.1.30.Final/netty-transport-native-unix-common-4.1.30.Final.jar:/home/user/.m2/repository/io/grpc/grpc-protobuf/1.17.1/grpc-protobuf-1.17.1.jar:/home/user/.m2/repository/com/google/api/grpc/proto-google-common-protos/1.0.0/proto-google-common-protos-1.0.0.jar:/home/user/.m2/repository/io/grpc/grpc-protobuf-lite/1.17.1/grpc-protobuf-lite-1.17.1.jar:/home/user/.m2/repository/io/grpc/grpc-stub/1.17.1/grpc-stub-1.17.1.jar:/tmp/workdir/hadoop-ozone/ozone-recon/target/classes:/tmp/workdir/hadoop-ozone/ozone-recon-codegen/target/classes:/home/user/.m2/repository/com/google/inject/extensions/guice-multibindings/4.0/guice-multibindings-4.0.jar:/home/user/.m2/repository/com/google/inject/guice/4.0/guice-4.0.jar:/home/user/.m2/repository/aopalliance/aopalliance/1.0/aopalliance-1.0.jar:/home/user/.m2/repository/com/google/inject/extensions/guice-servlet/4.0/guice-servlet-4.0.jar:/home/user/.m2/repository/org/glassfish/jersey/containers/jersey-container-servlet/2.27/jersey-container-servlet-2.27.jar:/home/user/.m2/repository/org/glassfish/hk2/guice-bridge/2.5.0/guice-bridge-2.5.0.jar:/home/user/.m2/repository/org/glassfish/jersey/core/jersey-server/2.27/jersey-server-2.27.jar:/home/user/.m2/repository/org/glassfish/jersey/core/jersey-client/2.27/jersey-client-2.27.jar:/home/user/.m2/repository/org/glassfish/jersey/media/jersey-media-jaxb/2.27/jersey-media-jaxb-2.27.jar:/home/user/.m2/repository/javax/validation/validation-api/1.1.0.Final/validation-api-1.1.0.Final.jar:/home/user/.m2/repository/org/glassfish/jersey/media/jersey-media-json-jackson/2.27/jersey-media-json-jackson-2.27.jar:/home/user/.m2/repository/org/glassfish/jersey/ext/jersey-entity-filtering/2.27/jersey-entity-filtering-2.27.jar:/home/user/.m2/repository/com/google/inject/extensions/guice-assistedinject/4.0/guice-assistedinject-4.0.jar:/home/user/.m2/repository/org/jooq/jooq/3.11.10/jooq-3.11.10.jar:/home/user/.m2/repository/org/jooq/jooq-meta/3.11.10/jooq-meta-3.11.10.jar:/home/user/.m2/repository/org/jooq/jooq-codegen/3.11.10/jooq-codegen-3.11.10.jar:/home/user/.m2/repository/com/jolbox/bonecp/0.8.0.RELEASE/bonecp-0.8.0.RELEASE.jar:/home/user/.m2/repository/org/springframework/spring-jdbc/5.1.3.RELEASE/spring-jdbc-5.1.3.RELEASE.jar:/home/user/.m2/repository/org/springframework/spring-beans/5.1.3.RELEASE/spring-beans-5.1.3.RELEASE.jar:/home/user/.m2/repository/org/springframework/spring-core/5.1.3.RELEASE/spring-core-5.1.3.RELEASE.jar:/home/user/.m2/repository/org/springframework/spring-jcl/5.1.3.RELEASE/spring-jcl-5.1.3.RELEASE.jar:/home/user/.m2/repository/org/springframework/spring-tx/5.1.3.RELEASE/spring-tx-5.1.3.RELEASE.jar:/home/user/.m2/repository/org/mockito/mockito-core/2.15.0/mockito-core-2.15.0.jar:/home/user/.m2/repository/net/bytebuddy/byte-buddy/1.7.9/byte-buddy-1.7.9.jar:/home/user/.m2/repository/net/bytebuddy/byte-buddy-agent/1.7.9/byte-buddy-agent-1.7.9.jar:/home/user/.m2/repository/org/objenesis/objenesis/1.0/objenesis-1.0.jar:"/>
    <property name="java.vm.vendor" value="IcedTea"/>
    <property name="sun.arch.data.model" value="64"/>
    <property name="test.build.dir" value="/tmp/workdir/hadoop-ozone/tools/target/test-dir"/>
    <property name="test.cache.data" value=""/>
    <property name="java.vendor.url" value="https://icedtea.classpath.org"/>
    <property name="user.timezone" value=""/>
    <property name="java.vm.specification.version" value="1.8"/>
    <property name="os.name" value="Linux"/>
    <property name="test.build.data" value="/tmp/workdir/hadoop-ozone/tools/target/test-dir"/>
    <property name="user.country" value="US"/>
    <property name="sun.java.launcher" value="SUN_STANDARD"/>
    <property name="sun.boot.library.path" value="/usr/lib/jvm/java-1.8-openjdk/jre/lib/amd64"/>
    <property name="sun.java.command" value="/tmp/workdir/hadoop-ozone/tools/target/surefire/surefirebooter5188141742218936013.jar /tmp/workdir/hadoop-ozone/tools/target/surefire 2019-07-10T07-16-24_904-jvmRun1 surefire518742731935077413tmp surefire_1045384890695815429911tmp"/>
    <property name="surefire.test.class.path" value="/tmp/workdir/hadoop-ozone/tools/target/test-classes:/tmp/workdir/hadoop-ozone/tools/target/classes:/tmp/workdir/hadoop-ozone/ozone-manager/target/classes:/tmp/workdir/hadoop-hdds/docs/target/classes:/home/user/.m2/repository/org/bouncycastle/bcprov-jdk15on/1.60/bcprov-jdk15on-1.60.jar:/tmp/workdir/hadoop-ozone/common/target/classes:/home/user/.m2/repository/org/apache/commons/commons-compress/1.4.1/commons-compress-1.4.1.jar:/home/user/.m2/repository/org/tukaani/xz/1.0/xz-1.0.jar:/home/user/.m2/repository/org/apache/hadoop/hadoop-hdfs-client/3.2.0/hadoop-hdfs-client-3.2.0.jar:/home/user/.m2/repository/com/fasterxml/jackson/core/jackson-annotations/2.9.5/jackson-annotations-2.9.5.jar:/tmp/workdir/hadoop-hdds/common/target/classes:/tmp/workdir/hadoop-hdds/config/target/classes:/home/user/.m2/repository/javax/annotation/javax.annotation-api/1.2/javax.annotation-api-1.2.jar:/home/user/.m2/repository/org/apache/ratis/ratis-server/0.4.0-2337318-SNAPSHOT/ratis-server-0.4.0-2337318-SNAPSHOT.jar:/home/user/.m2/repository/org/apache/ratis/ratis-thirdparty-misc/0.2.0/ratis-thirdparty-misc-0.2.0.jar:/home/user/.m2/repository/org/apache/ratis/ratis-proto/0.4.0-2337318-SNAPSHOT/ratis-proto-0.4.0-2337318-SNAPSHOT.jar:/home/user/.m2/repository/org/apache/ratis/ratis-common/0.4.0-2337318-SNAPSHOT/ratis-common-0.4.0-2337318-SNAPSHOT.jar:/home/user/.m2/repository/org/apache/ratis/ratis-client/0.4.0-2337318-SNAPSHOT/ratis-client-0.4.0-2337318-SNAPSHOT.jar:/home/user/.m2/repository/org/apache/ratis/ratis-metrics/0.4.0-2337318-SNAPSHOT/ratis-metrics-0.4.0-2337318-SNAPSHOT.jar:/home/user/.m2/repository/org/apache/ratis/ratis-netty/0.4.0-2337318-SNAPSHOT/ratis-netty-0.4.0-2337318-SNAPSHOT.jar:/home/user/.m2/repository/org/apache/ratis/ratis-grpc/0.4.0-2337318-SNAPSHOT/ratis-grpc-0.4.0-2337318-SNAPSHOT.jar:/home/user/.m2/repository/org/rocksdb/rocksdbjni/6.0.1/rocksdbjni-6.0.1.jar:/home/user/.m2/repository/org/apache/logging/log4j/log4j-api/2.11.0/log4j-api-2.11.0.jar:/home/user/.m2/repository/org/apache/logging/log4j/log4j-core/2.11.0/log4j-core-2.11.0.jar:/home/user/.m2/repository/com/lmax/disruptor/3.4.2/disruptor-3.4.2.jar:/home/user/.m2/repository/org/apache/commons/commons-pool2/2.6.0/commons-pool2-2.6.0.jar:/home/user/.m2/repository/org/bouncycastle/bcpkix-jdk15on/1.60/bcpkix-jdk15on-1.60.jar:/home/user/.m2/repository/commons-validator/commons-validator/1.6/commons-validator-1.6.jar:/home/user/.m2/repository/commons-digester/commons-digester/1.8.1/commons-digester-1.8.1.jar:/home/user/.m2/repository/io/jaegertracing/jaeger-client/0.33.1/jaeger-client-0.33.1.jar:/home/user/.m2/repository/io/jaegertracing/jaeger-thrift/0.33.1/jaeger-thrift-0.33.1.jar:/home/user/.m2/repository/org/apache/thrift/libthrift/0.11.0/libthrift-0.11.0.jar:/home/user/.m2/repository/com/squareup/okhttp3/okhttp/3.9.0/okhttp-3.9.0.jar:/home/user/.m2/repository/com/squareup/okio/okio/1.13.0/okio-1.13.0.jar:/home/user/.m2/repository/io/jaegertracing/jaeger-core/0.33.1/jaeger-core-0.33.1.jar:/home/user/.m2/repository/io/jaegertracing/jaeger-tracerresolver/0.33.1/jaeger-tracerresolver-0.33.1.jar:/home/user/.m2/repository/io/opentracing/contrib/opentracing-tracerresolver/0.1.5/opentracing-tracerresolver-0.1.5.jar:/home/user/.m2/repository/io/opentracing/opentracing-util/0.31.0/opentracing-util-0.31.0.jar:/home/user/.m2/repository/io/opentracing/opentracing-api/0.31.0/opentracing-api-0.31.0.jar:/home/user/.m2/repository/io/opentracing/opentracing-noop/0.31.0/opentracing-noop-0.31.0.jar:/home/user/.m2/repository/org/yaml/snakeyaml/1.16/snakeyaml-1.16.jar:/tmp/workdir/hadoop-hdds/container-service/target/classes:/tmp/workdir/hadoop-hdds/client/target/classes:/tmp/workdir/hadoop-hdds/tools/target/classes:/home/user/.m2/repository/org/xerial/sqlite-jdbc/3.25.2/sqlite-jdbc-3.25.2.jar:/tmp/workdir/hadoop-hdds/server-scm/target/classes:/home/user/.m2/repository/org/hamcrest/hamcrest-all/1.3/hamcrest-all-1.3.jar:/home/user/.m2/repository/info/picocli/picocli/3.9.6/picocli-3.9.6.jar:/home/user/.m2/repository/com/google/protobuf/protobuf-java/2.5.0/protobuf-java-2.5.0.jar:/home/user/.m2/repository/com/google/guava/guava/11.0.2/guava-11.0.2.jar:/tmp/workdir/hadoop-ozone/client/target/classes:/home/user/.m2/repository/org/apache/hadoop/hadoop-ozone-filesystem/0.5.0-SNAPSHOT/hadoop-ozone-filesystem-0.5.0-SNAPSHOT.jar:/tmp/workdir/hadoop-hdds/framework/target/classes:/home/user/.m2/repository/org/apache/hadoop/hadoop-common/3.2.0/hadoop-common-3.2.0.jar:/home/user/.m2/repository/org/apache/hadoop/hadoop-annotations/3.2.0/hadoop-annotations-3.2.0.jar:/usr/lib/jvm/java-1.8-openjdk/jre/../lib/tools.jar:/home/user/.m2/repository/commons-cli/commons-cli/1.2/commons-cli-1.2.jar:/home/user/.m2/repository/org/apache/commons/commons-math3/3.1.1/commons-math3-3.1.1.jar:/home/user/.m2/repository/org/apache/httpcomponents/httpclient/4.5.2/httpclient-4.5.2.jar:/home/user/.m2/repository/org/apache/httpcomponents/httpcore/4.4.4/httpcore-4.4.4.jar:/home/user/.m2/repository/commons-codec/commons-codec/1.11/commons-codec-1.11.jar:/home/user/.m2/repository/commons-io/commons-io/2.5/commons-io-2.5.jar:/home/user/.m2/repository/commons-net/commons-net/3.6/commons-net-3.6.jar:/home/user/.m2/repository/commons-collections/commons-collections/3.2.2/commons-collections-3.2.2.jar:/home/user/.m2/repository/javax/servlet/javax.servlet-api/3.1.0/javax.servlet-api-3.1.0.jar:/home/user/.m2/repository/org/eclipse/jetty/jetty-server/9.3.24.v20180605/jetty-server-9.3.24.v20180605.jar:/home/user/.m2/repository/org/eclipse/jetty/jetty-http/9.3.24.v20180605/jetty-http-9.3.24.v20180605.jar:/home/user/.m2/repository/org/eclipse/jetty/jetty-io/9.3.24.v20180605/jetty-io-9.3.24.v20180605.jar:/home/user/.m2/repository/org/eclipse/jetty/jetty-util/9.3.24.v20180605/jetty-util-9.3.24.v20180605.jar:/home/user/.m2/repository/org/eclipse/jetty/jetty-servlet/9.3.24.v20180605/jetty-servlet-9.3.24.v20180605.jar:/home/user/.m2/repository/org/eclipse/jetty/jetty-security/9.3.24.v20180605/jetty-security-9.3.24.v20180605.jar:/home/user/.m2/repository/org/eclipse/jetty/jetty-webapp/9.3.24.v20180605/jetty-webapp-9.3.24.v20180605.jar:/home/user/.m2/repository/org/eclipse/jetty/jetty-xml/9.3.24.v20180605/jetty-xml-9.3.24.v20180605.jar:/home/user/.m2/repository/javax/servlet/jsp/jsp-api/2.1/jsp-api-2.1.jar:/home/user/.m2/repository/com/sun/jersey/jersey-core/1.19/jersey-core-1.19.jar:/home/user/.m2/repository/javax/ws/rs/jsr311-api/1.1.1/jsr311-api-1.1.1.jar:/home/user/.m2/repository/com/sun/jersey/jersey-servlet/1.19/jersey-servlet-1.19.jar:/home/user/.m2/repository/com/sun/jersey/jersey-json/1.19/jersey-json-1.19.jar:/home/user/.m2/repository/org/codehaus/jettison/jettison/1.1/jettison-1.1.jar:/home/user/.m2/repository/com/sun/xml/bind/jaxb-impl/2.3.0.1/jaxb-impl-2.3.0.1.jar:/home/user/.m2/repository/org/codehaus/jackson/jackson-core-asl/1.9.13/jackson-core-asl-1.9.13.jar:/home/user/.m2/repository/org/codehaus/jackson/jackson-mapper-asl/1.9.13/jackson-mapper-asl-1.9.13.jar:/home/user/.m2/repository/org/codehaus/jackson/jackson-jaxrs/1.9.13/jackson-jaxrs-1.9.13.jar:/home/user/.m2/repository/org/codehaus/jackson/jackson-xc/1.9.13/jackson-xc-1.9.13.jar:/home/user/.m2/repository/com/sun/jersey/jersey-server/1.19/jersey-server-1.19.jar:/home/user/.m2/repository/commons-logging/commons-logging/1.1.3/commons-logging-1.1.3.jar:/home/user/.m2/repository/log4j/log4j/1.2.17/log4j-1.2.17.jar:/home/user/.m2/repository/commons-beanutils/commons-beanutils/1.9.3/commons-beanutils-1.9.3.jar:/home/user/.m2/repository/org/apache/commons/commons-configuration2/2.1.1/commons-configuration2-2.1.1.jar:/home/user/.m2/repository/org/apache/commons/commons-lang3/3.7/commons-lang3-3.7.jar:/home/user/.m2/repository/org/apache/commons/commons-text/1.4/commons-text-1.4.jar:/home/user/.m2/repository/org/slf4j/slf4j-api/1.7.25/slf4j-api-1.7.25.jar:/home/user/.m2/repository/org/slf4j/slf4j-log4j12/1.7.25/slf4j-log4j12-1.7.25.jar:/home/user/.m2/repository/org/apache/avro/avro/1.7.7/avro-1.7.7.jar:/home/user/.m2/repository/com/thoughtworks/paranamer/paranamer/2.3/paranamer-2.3.jar:/home/user/.m2/repository/org/xerial/snappy/snappy-java/1.0.5/snappy-java-1.0.5.jar:/home/user/.m2/repository/com/google/re2j/re2j/1.1/re2j-1.1.jar:/home/user/.m2/repository/com/google/code/gson/gson/2.2.4/gson-2.2.4.jar:/home/user/.m2/repository/org/apache/hadoop/hadoop-auth/3.2.0/hadoop-auth-3.2.0.jar:/home/user/.m2/repository/com/nimbusds/nimbus-jose-jwt/4.41.1/nimbus-jose-jwt-4.41.1.jar:/home/user/.m2/repository/com/github/stephenc/jcip/jcip-annotations/1.0-1/jcip-annotations-1.0-1.jar:/home/user/.m2/repository/net/minidev/json-smart/2.3/json-smart-2.3.jar:/home/user/.m2/repository/net/minidev/accessors-smart/1.2/accessors-smart-1.2.jar:/home/user/.m2/repository/org/apache/curator/curator-framework/2.12.0/curator-framework-2.12.0.jar:/home/user/.m2/repository/com/jcraft/jsch/0.1.54/jsch-0.1.54.jar:/home/user/.m2/repository/org/apache/curator/curator-client/2.12.0/curator-client-2.12.0.jar:/home/user/.m2/repository/org/apache/curator/curator-recipes/2.12.0/curator-recipes-2.12.0.jar:/home/user/.m2/repository/com/google/code/findbugs/jsr305/3.0.0/jsr305-3.0.0.jar:/home/user/.m2/repository/org/apache/htrace/htrace-core4/4.1.0-incubating/htrace-core4-4.1.0-incubating.jar:/home/user/.m2/repository/org/apache/zookeeper/zookeeper/3.4.13/zookeeper-3.4.13.jar:/home/user/.m2/repository/org/apache/yetus/audience-annotations/0.5.0/audience-annotations-0.5.0.jar:/home/user/.m2/repository/org/apache/kerby/kerb-simplekdc/1.0.1/kerb-simplekdc-1.0.1.jar:/home/user/.m2/repository/org/apache/kerby/kerb-client/1.0.1/kerb-client-1.0.1.jar:/home/user/.m2/repository/org/apache/kerby/kerby-config/1.0.1/kerby-config-1.0.1.jar:/home/user/.m2/repository/org/apache/kerby/kerb-core/1.0.1/kerb-core-1.0.1.jar:/home/user/.m2/repository/org/apache/kerby/kerby-pkix/1.0.1/kerby-pkix-1.0.1.jar:/home/user/.m2/repository/org/apache/kerby/kerby-asn1/1.0.1/kerby-asn1-1.0.1.jar:/home/user/.m2/repository/org/apache/kerby/kerby-util/1.0.1/kerby-util-1.0.1.jar:/home/user/.m2/repository/org/apache/kerby/kerb-common/1.0.1/kerb-common-1.0.1.jar:/home/user/.m2/repository/org/apache/kerby/kerb-crypto/1.0.1/kerb-crypto-1.0.1.jar:/home/user/.m2/repository/org/apache/kerby/kerb-util/1.0.1/kerb-util-1.0.1.jar:/home/user/.m2/repository/org/apache/kerby/token-provider/1.0.1/token-provider-1.0.1.jar:/home/user/.m2/repository/org/apache/kerby/kerb-admin/1.0.1/kerb-admin-1.0.1.jar:/home/user/.m2/repository/org/apache/kerby/kerb-server/1.0.1/kerb-server-1.0.1.jar:/home/user/.m2/repository/org/apache/kerby/kerb-identity/1.0.1/kerb-identity-1.0.1.jar:/home/user/.m2/repository/org/apache/kerby/kerby-xdr/1.0.1/kerby-xdr-1.0.1.jar:/home/user/.m2/repository/com/fasterxml/jackson/core/jackson-databind/2.9.5/jackson-databind-2.9.5.jar:/home/user/.m2/repository/com/fasterxml/jackson/core/jackson-core/2.9.5/jackson-core-2.9.5.jar:/home/user/.m2/repository/org/codehaus/woodstox/stax2-api/3.1.4/stax2-api-3.1.4.jar:/home/user/.m2/repository/com/fasterxml/woodstox/woodstox-core/5.0.3/woodstox-core-5.0.3.jar:/home/user/.m2/repository/dnsjava/dnsjava/2.1.7/dnsjava-2.1.7.jar:/home/user/.m2/repository/org/apache/hadoop/hadoop-hdfs/3.2.0/hadoop-hdfs-3.2.0.jar:/home/user/.m2/repository/org/eclipse/jetty/jetty-util-ajax/9.3.24.v20180605/jetty-util-ajax-9.3.24.v20180605.jar:/home/user/.m2/repository/commons-daemon/commons-daemon/1.0.13/commons-daemon-1.0.13.jar:/home/user/.m2/repository/io/netty/netty/3.10.5.Final/netty-3.10.5.Final.jar:/home/user/.m2/repository/io/netty/netty-all/4.0.52.Final/netty-all-4.0.52.Final.jar:/home/user/.m2/repository/org/fusesource/leveldbjni/leveldbjni-all/1.8/leveldbjni-all-1.8.jar:/home/user/.m2/repository/com/sun/xml/bind/jaxb-core/2.3.0.1/jaxb-core-2.3.0.1.jar:/home/user/.m2/repository/javax/xml/bind/jaxb-api/2.3.0/jaxb-api-2.3.0.jar:/home/user/.m2/repository/javax/activation/activation/1.1.1/activation-1.1.1.jar:/home/user/.m2/repository/io/dropwizard/metrics/metrics-core/3.2.4/metrics-core-3.2.4.jar:/home/user/.m2/repository/org/openjdk/jmh/jmh-core/1.19/jmh-core-1.19.jar:/home/user/.m2/repository/net/sf/jopt-simple/jopt-simple/4.6/jopt-simple-4.6.jar:/home/user/.m2/repository/org/openjdk/jmh/jmh-generator-annprocess/1.19/jmh-generator-annprocess-1.19.jar:/home/user/.m2/repository/com/google/code/findbugs/findbugs/3.0.1/findbugs-3.0.1.jar:/home/user/.m2/repository/net/jcip/jcip-annotations/1.0/jcip-annotations-1.0.jar:/home/user/.m2/repository/com/google/code/findbugs/bcel-findbugs/6.0/bcel-findbugs-6.0.jar:/home/user/.m2/repository/com/google/code/findbugs/jFormatString/2.0.1/jFormatString-2.0.1.jar:/home/user/.m2/repository/dom4j/dom4j/1.6.1/dom4j-1.6.1.jar:/home/user/.m2/repository/xml-apis/xml-apis/1.0.b2/xml-apis-1.0.b2.jar:/home/user/.m2/repository/org/ow2/asm/asm-debug-all/5.0.2/asm-debug-all-5.0.2.jar:/home/user/.m2/repository/org/ow2/asm/asm-commons/5.0.2/asm-commons-5.0.2.jar:/home/user/.m2/repository/org/ow2/asm/asm-tree/5.0.2/asm-tree-5.0.2.jar:/home/user/.m2/repository/org/ow2/asm/asm/5.0.4/asm-5.0.4.jar:/home/user/.m2/repository/commons-lang/commons-lang/2.6/commons-lang-2.6.jar:/home/user/.m2/repository/com/apple/AppleJavaExtensions/1.4/AppleJavaExtensions-1.4.jar:/home/user/.m2/repository/jaxen/jaxen/1.1.6/jaxen-1.1.6.jar:/home/user/.m2/repository/junit/junit/4.11/junit-4.11.jar:/home/user/.m2/repository/org/hamcrest/hamcrest-core/1.3/hamcrest-core-1.3.jar:/home/user/.m2/repository/org/apache/hadoop/hadoop-common/3.2.0/hadoop-common-3.2.0-tests.jar:/home/user/.m2/repository/org/apache/hadoop/hadoop-ozone-integration-test/0.5.0-SNAPSHOT/hadoop-ozone-integration-test-0.5.0-SNAPSHOT-tests.jar:/tmp/workdir/hadoop-ozone/objectstore-service/target/classes:/tmp/workdir/hadoop-ozone/s3gateway/target/classes:/home/user/.m2/repository/org/jboss/weld/servlet/weld-servlet/2.4.7.Final/weld-servlet-2.4.7.Final.jar:/home/user/.m2/repository/org/glassfish/jersey/containers/jersey-container-servlet-core/2.27/jersey-container-servlet-core-2.27.jar:/home/user/.m2/repository/org/glassfish/hk2/external/javax.inject/2.5.0-b42/javax.inject-2.5.0-b42.jar:/home/user/.m2/repository/org/glassfish/jersey/core/jersey-common/2.27/jersey-common-2.27.jar:/home/user/.m2/repository/org/glassfish/hk2/osgi-resource-locator/1.0.1/osgi-resource-locator-1.0.1.jar:/home/user/.m2/repository/javax/ws/rs/javax.ws.rs-api/2.1/javax.ws.rs-api-2.1.jar:/home/user/.m2/repository/org/glassfish/jersey/ext/cdi/jersey-cdi1x/2.27/jersey-cdi1x-2.27.jar:/home/user/.m2/repository/org/glassfish/jersey/inject/jersey-hk2/2.27/jersey-hk2-2.27.jar:/home/user/.m2/repository/org/glassfish/hk2/hk2-locator/2.5.0-b42/hk2-locator-2.5.0-b42.jar:/home/user/.m2/repository/org/javassist/javassist/3.22.0-CR2/javassist-3.22.0-CR2.jar:/home/user/.m2/repository/org/glassfish/hk2/hk2-api/2.5.0/hk2-api-2.5.0.jar:/home/user/.m2/repository/org/glassfish/hk2/external/jakarta.inject/2.5.0/jakarta.inject-2.5.0.jar:/home/user/.m2/repository/org/glassfish/hk2/hk2-utils/2.5.0/hk2-utils-2.5.0.jar:/home/user/.m2/repository/jakarta/annotation/jakarta.annotation-api/1.3.4/jakarta.annotation-api-1.3.4.jar:/home/user/.m2/repository/org/glassfish/hk2/external/aopalliance-repackaged/2.5.0/aopalliance-repackaged-2.5.0.jar:/home/user/.m2/repository/com/fasterxml/jackson/dataformat/jackson-dataformat-xml/2.9.0/jackson-dataformat-xml-2.9.0.jar:/home/user/.m2/repository/com/fasterxml/jackson/module/jackson-module-jaxb-annotations/2.9.5/jackson-module-jaxb-annotations-2.9.5.jar:/home/user/.m2/repository/javax/enterprise/cdi-api/1.2/cdi-api-1.2.jar:/home/user/.m2/repository/javax/el/javax.el-api/3.0.0/javax.el-api-3.0.0.jar:/home/user/.m2/repository/javax/interceptor/javax.interceptor-api/1.2/javax.interceptor-api-1.2.jar:/home/user/.m2/repository/javax/inject/javax.inject/1/javax.inject-1.jar:/tmp/workdir/hadoop-ozone/csi/target/classes:/home/user/.m2/repository/com/google/protobuf/protobuf-java-util/3.5.1/protobuf-java-util-3.5.1.jar:/home/user/.m2/repository/io/grpc/grpc-netty/1.17.1/grpc-netty-1.17.1.jar:/home/user/.m2/repository/io/grpc/grpc-core/1.17.1/grpc-core-1.17.1.jar:/home/user/.m2/repository/io/grpc/grpc-context/1.17.1/grpc-context-1.17.1.jar:/home/user/.m2/repository/com/google/errorprone/error_prone_annotations/2.2.0/error_prone_annotations-2.2.0.jar:/home/user/.m2/repository/org/codehaus/mojo/animal-sniffer-annotations/1.17/animal-sniffer-annotations-1.17.jar:/home/user/.m2/repository/io/opencensus/opencensus-api/0.17.0/opencensus-api-0.17.0.jar:/home/user/.m2/repository/io/opencensus/opencensus-contrib-grpc-metrics/0.17.0/opencensus-contrib-grpc-metrics-0.17.0.jar:/home/user/.m2/repository/io/netty/netty-codec-http2/4.1.30.Final/netty-codec-http2-4.1.30.Final.jar:/home/user/.m2/repository/io/netty/netty-codec-http/4.1.30.Final/netty-codec-http-4.1.30.Final.jar:/home/user/.m2/repository/io/netty/netty-codec/4.1.30.Final/netty-codec-4.1.30.Final.jar:/home/user/.m2/repository/io/netty/netty-handler/4.1.30.Final/netty-handler-4.1.30.Final.jar:/home/user/.m2/repository/io/netty/netty-handler-proxy/4.1.30.Final/netty-handler-proxy-4.1.30.Final.jar:/home/user/.m2/repository/io/netty/netty-codec-socks/4.1.30.Final/netty-codec-socks-4.1.30.Final.jar:/home/user/.m2/repository/io/netty/netty-transport-native-epoll/4.1.30.Final/netty-transport-native-epoll-4.1.30.Final.jar:/home/user/.m2/repository/io/netty/netty-common/4.1.30.Final/netty-common-4.1.30.Final.jar:/home/user/.m2/repository/io/netty/netty-buffer/4.1.30.Final/netty-buffer-4.1.30.Final.jar:/home/user/.m2/repository/io/netty/netty-transport/4.1.30.Final/netty-transport-4.1.30.Final.jar:/home/user/.m2/repository/io/netty/netty-resolver/4.1.30.Final/netty-resolver-4.1.30.Final.jar:/home/user/.m2/repository/io/netty/netty-transport-native-unix-common/4.1.30.Final/netty-transport-native-unix-common-4.1.30.Final.jar:/home/user/.m2/repository/io/grpc/grpc-protobuf/1.17.1/grpc-protobuf-1.17.1.jar:/home/user/.m2/repository/com/google/api/grpc/proto-google-common-protos/1.0.0/proto-google-common-protos-1.0.0.jar:/home/user/.m2/repository/io/grpc/grpc-protobuf-lite/1.17.1/grpc-protobuf-lite-1.17.1.jar:/home/user/.m2/repository/io/grpc/grpc-stub/1.17.1/grpc-stub-1.17.1.jar:/tmp/workdir/hadoop-ozone/ozone-recon/target/classes:/tmp/workdir/hadoop-ozone/ozone-recon-codegen/target/classes:/home/user/.m2/repository/com/google/inject/extensions/guice-multibindings/4.0/guice-multibindings-4.0.jar:/home/user/.m2/repository/com/google/inject/guice/4.0/guice-4.0.jar:/home/user/.m2/repository/aopalliance/aopalliance/1.0/aopalliance-1.0.jar:/home/user/.m2/repository/com/google/inject/extensions/guice-servlet/4.0/guice-servlet-4.0.jar:/home/user/.m2/repository/org/glassfish/jersey/containers/jersey-container-servlet/2.27/jersey-container-servlet-2.27.jar:/home/user/.m2/repository/org/glassfish/hk2/guice-bridge/2.5.0/guice-bridge-2.5.0.jar:/home/user/.m2/repository/org/glassfish/jersey/core/jersey-server/2.27/jersey-server-2.27.jar:/home/user/.m2/repository/org/glassfish/jersey/core/jersey-client/2.27/jersey-client-2.27.jar:/home/user/.m2/repository/org/glassfish/jersey/media/jersey-media-jaxb/2.27/jersey-media-jaxb-2.27.jar:/home/user/.m2/repository/javax/validation/validation-api/1.1.0.Final/validation-api-1.1.0.Final.jar:/home/user/.m2/repository/org/glassfish/jersey/media/jersey-media-json-jackson/2.27/jersey-media-json-jackson-2.27.jar:/home/user/.m2/repository/org/glassfish/jersey/ext/jersey-entity-filtering/2.27/jersey-entity-filtering-2.27.jar:/home/user/.m2/repository/com/google/inject/extensions/guice-assistedinject/4.0/guice-assistedinject-4.0.jar:/home/user/.m2/repository/org/jooq/jooq/3.11.10/jooq-3.11.10.jar:/home/user/.m2/repository/org/jooq/jooq-meta/3.11.10/jooq-meta-3.11.10.jar:/home/user/.m2/repository/org/jooq/jooq-codegen/3.11.10/jooq-codegen-3.11.10.jar:/home/user/.m2/repository/com/jolbox/bonecp/0.8.0.RELEASE/bonecp-0.8.0.RELEASE.jar:/home/user/.m2/repository/org/springframework/spring-jdbc/5.1.3.RELEASE/spring-jdbc-5.1.3.RELEASE.jar:/home/user/.m2/repository/org/springframework/spring-beans/5.1.3.RELEASE/spring-beans-5.1.3.RELEASE.jar:/home/user/.m2/repository/org/springframework/spring-core/5.1.3.RELEASE/spring-core-5.1.3.RELEASE.jar:/home/user/.m2/repository/org/springframework/spring-jcl/5.1.3.RELEASE/spring-jcl-5.1.3.RELEASE.jar:/home/user/.m2/repository/org/springframework/spring-tx/5.1.3.RELEASE/spring-tx-5.1.3.RELEASE.jar:/home/user/.m2/repository/org/mockito/mockito-core/2.15.0/mockito-core-2.15.0.jar:/home/user/.m2/repository/net/bytebuddy/byte-buddy/1.7.9/byte-buddy-1.7.9.jar:/home/user/.m2/repository/net/bytebuddy/byte-buddy-agent/1.7.9/byte-buddy-agent-1.7.9.jar:/home/user/.m2/repository/org/objenesis/objenesis/1.0/objenesis-1.0.jar:"/>
    <property name="sun.cpu.endian" value="little"/>
    <property name="user.home" value="/home/user"/>
    <property name="user.language" value="en"/>
    <property name="java.specification.vendor" value="Oracle Corporation"/>
    <property name="java.home" value="/usr/lib/jvm/java-1.8-openjdk/jre"/>
    <property name="java.security.krb5.conf" value="/tmp/workdir/hadoop-ozone/tools/target/test-classes/krb5.conf"/>
    <property name="basedir" value="/tmp/workdir/hadoop-ozone/tools"/>
    <property name="file.separator" value="/"/>
    <property name="line.separator" value="&#10;"/>
    <property name="java.vm.specification.vendor" value="Oracle Corporation"/>
    <property name="java.specification.name" value="Java Platform API Specification"/>
    <property name="java.awt.graphicsenv" value="sun.awt.X11GraphicsEnvironment"/>
    <property name="surefire.real.class.path" value="/tmp/workdir/hadoop-ozone/tools/target/surefire/surefirebooter5188141742218936013.jar"/>
    <property name="hadoop.log.dir" value="/tmp/workdir/hadoop-ozone/tools/target/log"/>
    <property name="sun.boot.class.path" value="/usr/lib/jvm/java-1.8-openjdk/jre/lib/resources.jar:/usr/lib/jvm/java-1.8-openjdk/jre/lib/rt.jar:/usr/lib/jvm/java-1.8-openjdk/jre/lib/sunrsasign.jar:/usr/lib/jvm/java-1.8-openjdk/jre/lib/jsse.jar:/usr/lib/jvm/java-1.8-openjdk/jre/lib/jce.jar:/usr/lib/jvm/java-1.8-openjdk/jre/lib/charsets.jar:/usr/lib/jvm/java-1.8-openjdk/jre/lib/jfr.jar:/usr/lib/jvm/java-1.8-openjdk/jre/classes"/>
    <property name="sun.management.compiler" value="HotSpot 64-Bit Tiered Compilers"/>
    <property name="java.runtime.version" value="1.8.0_212-b04"/>
    <property name="java.net.preferIPv4Stack" value="true"/>
    <property name="user.name" value="jenkins1000"/>
    <property name="path.separator" value=":"/>
    <property name="java.security.egd" value="file:///dev/urandom"/>
    <property name="os.version" value="3.10.0-957.12.2.el7.x86_64"/>
    <property name="java.endorsed.dirs" value="/usr/lib/jvm/java-1.8-openjdk/jre/lib/endorsed"/>
    <property name="java.runtime.name" value="OpenJDK Runtime Environment"/>
    <property name="file.encoding" value="UTF-8"/>
    <property name="java.vm.name" value="OpenJDK 64-Bit Server VM"/>
    <property name="test.build.webapps" value=""/>
    <property name="localRepository" value="/home/user/.m2/repository"/>
    <property name="java.vendor.url.bug" value="https://icedtea.classpath.org/bugzilla"/>
    <property name="java.io.tmpdir" value="/tmp"/>
    <property name="require.test.libhadoop" value=""/>
    <property name="java.version" value="1.8.0_212"/>
    <property name="user.dir" value="/tmp/workdir/hadoop-ozone/tools"/>
    <property name="os.arch" value="amd64"/>
    <property name="java.vm.specification.name" value="Java Virtual Machine Specification"/>
    <property name="test.build.classes" value="/tmp/workdir/hadoop-ozone/tools/target/test-classes"/>
    <property name="java.awt.printerjob" value="sun.print.PSPrinterJob"/>
    <property name="sun.os.patch.level" value="unknown"/>
    <property name="hadoop.tmp.dir" value="/tmp/workdir/hadoop-ozone/tools/target/tmp"/>
    <property name="java.library.path" value="/usr/lib/jvm/java-1.8-openjdk/jre/lib/amd64/server:/usr/lib/jvm/java-1.8-openjdk/jre/lib/amd64:/usr/lib/jvm/java-1.8-openjdk/jre/../lib/amd64:/tmp/workdir/hadoop-ozone/tools/target/native/target/usr/local/lib:/tmp/workdir/hadoop-ozone/tools/../../hadoop-common-project/hadoop-common/target/native/target/usr/local/lib:/usr/java/packages/lib/amd64:/usr/lib64:/lib64:/lib:/usr/lib"/>
    <property name="java.vm.info" value="mixed mode"/>
    <property name="java.vendor" value="IcedTea"/>
    <property name="java.vm.version" value="25.212-b04"/>
    <property name="java.ext.dirs" value="/usr/lib/jvm/java-1.8-openjdk/jre/lib/ext:/usr/java/packages/lib/ext"/>
    <property name="sun.io.unicode.encoding" value="UnicodeLittle"/>
    <property name="java.class.version" value="52.0"/>
  </properties>
  <testcase name="testRestart" classname="org.apache.hadoop.ozone.freon.TestFreonWithPipelineDestroy" time="19.588">
    <error message="Unexpected Storage Container Exception: org.apache.hadoop.hdds.scm.container.common.helpers.StorageContainerException: ContainerID 6 does not exist" type="java.io.IOException">java.io.IOException: Unexpected Storage Container Exception: org.apache.hadoop.hdds.scm.container.common.helpers.StorageContainerException: ContainerID 6 does not exist
	at org.apache.hadoop.hdds.scm.storage.BlockOutputStream.setIoException(BlockOutputStream.java:548)
	at org.apache.hadoop.hdds.scm.storage.BlockOutputStream.validateResponse(BlockOutputStream.java:539)
	at org.apache.hadoop.hdds.scm.storage.BlockOutputStream.lambda$writeChunkToContainer$2(BlockOutputStream.java:614)
	at java.util.concurrent.CompletableFuture.uniApply(CompletableFuture.java:602)
	at java.util.concurrent.CompletableFuture$UniApply.tryFire(CompletableFuture.java:577)
	at java.util.concurrent.CompletableFuture$Completion.run(CompletableFuture.java:442)
	at java.util.concurrent.ThreadPoolExecutor.runWorker(ThreadPoolExecutor.java:1149)
	at java.util.concurrent.ThreadPoolExecutor$Worker.run(ThreadPoolExecutor.java:624)
	at java.lang.Thread.run(Thread.java:748)
Caused by: org.apache.hadoop.hdds.scm.container.common.helpers.StorageContainerException: ContainerID 6 does not exist
	at org.apache.hadoop.hdds.scm.storage.ContainerProtocolCalls.validateContainerResponse(ContainerProtocolCalls.java:536)
	at org.apache.hadoop.hdds.scm.storage.BlockOutputStream.validateResponse(BlockOutputStream.java:536)
	... 7 more
</error>
    <system-out><![CDATA[2019-07-10 07:30:06,234 WARN  server.ServerUtils (ServerUtils.java:getScmDbDir(145)) - ozone.scm.db.dirs is not configured. We recommend adding this setting. Falling back to ozone.metadata.dirs instead.
2019-07-10 07:30:06,333 WARN  server.ServerUtils (ServerUtils.java:getScmDbDir(145)) - ozone.scm.db.dirs is not configured. We recommend adding this setting. Falling back to ozone.metadata.dirs instead.
2019-07-10 07:30:06,335 WARN  server.ServerUtils (ServerUtils.java:getScmDbDir(145)) - ozone.scm.db.dirs is not configured. We recommend adding this setting. Falling back to ozone.metadata.dirs instead.
2019-07-10 07:30:06,349 INFO  util.log (Log.java:initialized(192)) - Logging initialized @881ms
2019-07-10 07:30:06,430 INFO  db.DBStoreBuilder (DBStoreBuilder.java:addTable(110)) - using custom profile for table: deletedBlocks
2019-07-10 07:30:06,430 INFO  db.DBStoreBuilder (DBStoreBuilder.java:processTables(161)) - Using default column profile:DBProfile.DISK for Table:deletedBlocks
2019-07-10 07:30:06,430 INFO  db.DBStoreBuilder (DBStoreBuilder.java:addTable(110)) - using custom profile for table: validCerts
2019-07-10 07:30:06,430 INFO  db.DBStoreBuilder (DBStoreBuilder.java:processTables(161)) - Using default column profile:DBProfile.DISK for Table:validCerts
2019-07-10 07:30:06,431 INFO  db.DBStoreBuilder (DBStoreBuilder.java:addTable(110)) - using custom profile for table: revokedCerts
2019-07-10 07:30:06,431 INFO  db.DBStoreBuilder (DBStoreBuilder.java:processTables(161)) - Using default column profile:DBProfile.DISK for Table:revokedCerts
2019-07-10 07:30:06,441 INFO  db.DBStoreBuilder (DBStoreBuilder.java:addTable(110)) - using custom profile for table: default
2019-07-10 07:30:06,441 INFO  db.DBStoreBuilder (DBStoreBuilder.java:processTables(167)) - Using default column profile:DBProfile.DISK for Table:default
2019-07-10 07:30:06,442 INFO  db.DBStoreBuilder (DBStoreBuilder.java:getDbProfile(198)) - Using default options. DBProfile.DISK
2019-07-10 07:30:06,560 INFO  net.NodeSchemaLoader (NodeSchemaLoader.java:loadSchemaFromFile(125)) - Loading file from sun.misc.CompoundEnumeration@12b0404f
2019-07-10 07:30:06,561 INFO  net.NodeSchemaLoader (NodeSchemaLoader.java:loadSchema(171)) - Loading network topology layer schema file
2019-07-10 07:30:06,652 INFO  node.SCMNodeManager (SCMNodeManager.java:<init>(119)) - Entering startup safe mode.
2019-07-10 07:30:06,738 WARN  server.ServerUtils (ServerUtils.java:getScmDbDir(145)) - ozone.scm.db.dirs is not configured. We recommend adding this setting. Falling back to ozone.metadata.dirs instead.
2019-07-10 07:30:06,801 INFO  pipeline.SCMPipelineManager (SCMPipelineManager.java:initializePipelineState(126)) - No pipeline exists in current db
2019-07-10 07:30:06,804 WARN  server.ServerUtils (ServerUtils.java:getScmDbDir(145)) - ozone.scm.db.dirs is not configured. We recommend adding this setting. Falling back to ozone.metadata.dirs instead.
2019-07-10 07:30:06,907 WARN  events.EventQueue (EventQueue.java:fireEvent(175)) - No event handler registered for event TypedEvent{payloadType=SafeModeStatus, name='SafeModeStatus'}
2019-07-10 07:30:07,290 INFO  ipc.CallQueueManager (CallQueueManager.java:<init>(84)) - Using callQueue: class java.util.concurrent.LinkedBlockingQueue, queueCapacity: 2000, scheduler: class org.apache.hadoop.ipc.DefaultRpcScheduler, ipcBackoff: false.
2019-07-10 07:30:07,320 INFO  ipc.Server (Server.java:run(1074)) - Starting Socket Reader #1 for port 37043
2019-07-10 07:30:07,345 INFO  ipc.CallQueueManager (CallQueueManager.java:<init>(84)) - Using callQueue: class java.util.concurrent.LinkedBlockingQueue, queueCapacity: 2000, scheduler: class org.apache.hadoop.ipc.DefaultRpcScheduler, ipcBackoff: false.
2019-07-10 07:30:07,346 INFO  ipc.Server (Server.java:run(1074)) - Starting Socket Reader #1 for port 34501
2019-07-10 07:30:07,353 INFO  ipc.CallQueueManager (CallQueueManager.java:<init>(84)) - Using callQueue: class java.util.concurrent.LinkedBlockingQueue, queueCapacity: 2000, scheduler: class org.apache.hadoop.ipc.DefaultRpcScheduler, ipcBackoff: false.
2019-07-10 07:30:07,354 INFO  ipc.Server (Server.java:run(1074)) - Starting Socket Reader #1 for port 36157
2019-07-10 07:30:07,481 INFO  hdfs.DFSUtil (DFSUtil.java:httpServerTemplateForNNAndJN(1641)) - Starting Web-server for scm at: http://0.0.0.0:0
2019-07-10 07:30:07,647 INFO  server.AuthenticationFilter (AuthenticationFilter.java:constructSecretProvider(240)) - Unable to initialize FileSignerSecretProvider, falling back to use random secrets.
2019-07-10 07:30:07,665 WARN  http.HttpRequestLog (HttpRequestLog.java:getRequestLog(97)) - Jetty request log can only be enabled using Log4j
2019-07-10 07:30:07,673 INFO  http.HttpServer2 (HttpServer2.java:addGlobalFilter(975)) - Added global filter 'safety' (class=org.apache.hadoop.http.HttpServer2$QuotingInputFilter)
2019-07-10 07:30:07,676 INFO  http.HttpServer2 (HttpServer2.java:addFilter(948)) - Added filter static_user_filter (class=org.apache.hadoop.http.lib.StaticUserWebFilter$StaticUserFilter) to context scm
2019-07-10 07:30:07,676 INFO  http.HttpServer2 (HttpServer2.java:addFilter(958)) - Added filter static_user_filter (class=org.apache.hadoop.http.lib.StaticUserWebFilter$StaticUserFilter) to context logs
2019-07-10 07:30:07,677 INFO  http.HttpServer2 (HttpServer2.java:addFilter(958)) - Added filter static_user_filter (class=org.apache.hadoop.http.lib.StaticUserWebFilter$StaticUserFilter) to context static
2019-07-10 07:30:07,704 INFO  server.StorageContainerManager (StorageContainerManager.java:start(753)) - StorageContainerLocationProtocol RPC server is listening at /0.0.0.0:36157
2019-07-10 07:30:07,763 WARN  impl.MetricsConfig (MetricsConfig.java:loadFirst(134)) - Cannot locate configuration: tried hadoop-metrics2-storagecontainermanager.properties,hadoop-metrics2.properties
2019-07-10 07:30:07,777 INFO  impl.MetricsSystemImpl (MetricsSystemImpl.java:startTimer(374)) - Scheduled Metric snapshot period at 10 second(s).
2019-07-10 07:30:07,778 INFO  impl.MetricsSystemImpl (MetricsSystemImpl.java:start(191)) - StorageContainerManager metrics system started
2019-07-10 07:30:08,003 INFO  server.SCMClientProtocolServer (SCMClientProtocolServer.java:start(149)) - RPC server for Client  is listening at /0.0.0.0:36157
2019-07-10 07:30:08,004 INFO  ipc.Server (Server.java:run(1314)) - IPC Server Responder: starting
2019-07-10 07:30:08,004 INFO  ipc.Server (Server.java:run(1153)) - IPC Server listener on 36157: starting
2019-07-10 07:30:08,008 INFO  server.StorageContainerManager (StorageContainerManager.java:start(762)) - ScmBlockLocationProtocol RPC server is listening at /0.0.0.0:34501
2019-07-10 07:30:08,008 INFO  server.SCMBlockProtocolServer (SCMBlockProtocolServer.java:start(137)) - RPC server for Block Protocol is listening at /0.0.0.0:34501
2019-07-10 07:30:08,009 INFO  ipc.Server (Server.java:run(1314)) - IPC Server Responder: starting
2019-07-10 07:30:08,010 INFO  ipc.Server (Server.java:run(1153)) - IPC Server listener on 34501: starting
2019-07-10 07:30:08,021 INFO  server.StorageContainerManager (StorageContainerManager.java:start(766)) - ScmDatanodeProtocl RPC server is listening at /0.0.0.0:37043
2019-07-10 07:30:08,021 INFO  server.SCMDatanodeProtocolServer (SCMDatanodeProtocolServer.java:start(191)) - RPC server for DataNodes is listening at /0.0.0.0:37043
2019-07-10 07:30:08,023 INFO  ipc.Server (Server.java:run(1314)) - IPC Server Responder: starting
2019-07-10 07:30:08,024 INFO  ipc.Server (Server.java:run(1153)) - IPC Server listener on 37043: starting
2019-07-10 07:30:08,039 INFO  http.HttpServer2 (HttpServer2.java:bindListener(1191)) - Jetty bound to port 33846
2019-07-10 07:30:08,041 INFO  server.Server (Server.java:doStart(351)) - jetty-9.3.24.v20180605, build timestamp: 2018-06-05T17:11:56Z, git hash: 84205aa28f11a4f31f2a3b86d1bba2cc8ab69827
2019-07-10 07:30:08,083 INFO  handler.ContextHandler (ContextHandler.java:doStart(781)) - Started o.e.j.s.ServletContextHandler@413f69cc{/logs,file:///tmp/workdir/hadoop-ozone/tools/target/log,AVAILABLE}
2019-07-10 07:30:08,084 INFO  handler.ContextHandler (ContextHandler.java:doStart(781)) - Started o.e.j.s.ServletContextHandler@1b75c2e3{/static,file:///tmp/workdir/hadoop-hdds/server-scm/target/classes/webapps/static/,AVAILABLE}
2019-07-10 07:30:08,116 INFO  handler.ContextHandler (ContextHandler.java:doStart(781)) - Started o.e.j.w.WebAppContext@3918c187{/,file:///tmp/workdir/hadoop-hdds/server-scm/target/classes/webapps/scm/,AVAILABLE}{/scm}
2019-07-10 07:30:08,121 INFO  server.AbstractConnector (AbstractConnector.java:doStart(278)) - Started ServerConnector@11eadcba{HTTP/1.1,[http/1.1]}{0.0.0.0:33846}
2019-07-10 07:30:08,121 INFO  server.Server (Server.java:doStart(419)) - Started @2653ms
2019-07-10 07:30:08,122 INFO  server.BaseHttpServer (BaseHttpServer.java:updateConnectorAddress(207)) - HTTP server of SCM is listening at http://0.0.0.0:33846
2019-07-10 07:30:08,131 INFO  util.JvmPauseMonitor (JvmPauseMonitor.java:run(188)) - Starting JVM pause monitor
2019-07-10 07:30:08,132 WARN  server.ServerUtils (ServerUtils.java:getDBPath(222)) - ozone.om.db.dirs is not configured. We recommend adding this setting. Falling back to ozone.metadata.dirs instead.
2019-07-10 07:30:08,243 WARN  server.ServerUtils (ServerUtils.java:getDBPath(222)) - ozone.om.db.dirs is not configured. We recommend adding this setting. Falling back to ozone.metadata.dirs instead.
2019-07-10 07:30:08,244 INFO  om.OzoneManager (OzoneManager.java:setOMNodeDetails(621)) - OM Service ID is not set. Setting it to the default ID: omServiceIdDefault
2019-07-10 07:30:08,244 INFO  om.OzoneManager (OzoneManager.java:setOMNodeDetails(627)) - OM Node ID is not set. Setting it to the OmStorage's OmID: 3171a3f5-a583-4b28-a24f-8525fa3fb77f
2019-07-10 07:30:08,245 INFO  om.OzoneManager (OzoneManager.java:loadOMHAConfigs(578)) - Found matching OM address with OMServiceId: null, OMNodeId: null, RPC Address: localhost:0 and Ratis port: 9872
2019-07-10 07:30:08,494 WARN  server.ServerUtils (ServerUtils.java:getDBPath(222)) - ozone.om.db.dirs is not configured. We recommend adding this setting. Falling back to ozone.metadata.dirs instead.
2019-07-10 07:30:08,505 INFO  db.DBStoreBuilder (DBStoreBuilder.java:addTable(110)) - using custom profile for table: userTable
2019-07-10 07:30:08,505 INFO  db.DBStoreBuilder (DBStoreBuilder.java:processTables(161)) - Using default column profile:DBProfile.DISK for Table:userTable
2019-07-10 07:30:08,506 INFO  db.DBStoreBuilder (DBStoreBuilder.java:addTable(110)) - using custom profile for table: volumeTable
2019-07-10 07:30:08,506 INFO  db.DBStoreBuilder (DBStoreBuilder.java:processTables(161)) - Using default column profile:DBProfile.DISK for Table:volumeTable
2019-07-10 07:30:08,507 INFO  db.DBStoreBuilder (DBStoreBuilder.java:addTable(110)) - using custom profile for table: bucketTable
2019-07-10 07:30:08,507 INFO  db.DBStoreBuilder (DBStoreBuilder.java:processTables(161)) - Using default column profile:DBProfile.DISK for Table:bucketTable
2019-07-10 07:30:08,507 INFO  db.DBStoreBuilder (DBStoreBuilder.java:addTable(110)) - using custom profile for table: keyTable
2019-07-10 07:30:08,508 INFO  db.DBStoreBuilder (DBStoreBuilder.java:processTables(161)) - Using default column profile:DBProfile.DISK for Table:keyTable
2019-07-10 07:30:08,508 INFO  db.DBStoreBuilder (DBStoreBuilder.java:addTable(110)) - using custom profile for table: deletedTable
2019-07-10 07:30:08,508 INFO  db.DBStoreBuilder (DBStoreBuilder.java:processTables(161)) - Using default column profile:DBProfile.DISK for Table:deletedTable
2019-07-10 07:30:08,509 INFO  db.DBStoreBuilder (DBStoreBuilder.java:addTable(110)) - using custom profile for table: openKeyTable
2019-07-10 07:30:08,509 INFO  db.DBStoreBuilder (DBStoreBuilder.java:processTables(161)) - Using default column profile:DBProfile.DISK for Table:openKeyTable
2019-07-10 07:30:08,510 INFO  db.DBStoreBuilder (DBStoreBuilder.java:addTable(110)) - using custom profile for table: s3Table
2019-07-10 07:30:08,510 INFO  db.DBStoreBuilder (DBStoreBuilder.java:processTables(161)) - Using default column profile:DBProfile.DISK for Table:s3Table
2019-07-10 07:30:08,510 INFO  db.DBStoreBuilder (DBStoreBuilder.java:addTable(110)) - using custom profile for table: multipartInfoTable
2019-07-10 07:30:08,511 INFO  db.DBStoreBuilder (DBStoreBuilder.java:processTables(161)) - Using default column profile:DBProfile.DISK for Table:multipartInfoTable
2019-07-10 07:30:08,511 INFO  db.DBStoreBuilder (DBStoreBuilder.java:addTable(110)) - using custom profile for table: dTokenTable
2019-07-10 07:30:08,511 INFO  db.DBStoreBuilder (DBStoreBuilder.java:processTables(161)) - Using default column profile:DBProfile.DISK for Table:dTokenTable
2019-07-10 07:30:08,512 INFO  db.DBStoreBuilder (DBStoreBuilder.java:addTable(110)) - using custom profile for table: s3SecretTable
2019-07-10 07:30:08,512 INFO  db.DBStoreBuilder (DBStoreBuilder.java:processTables(161)) - Using default column profile:DBProfile.DISK for Table:s3SecretTable
2019-07-10 07:30:08,513 INFO  db.DBStoreBuilder (DBStoreBuilder.java:addTable(110)) - using custom profile for table: prefixTable
2019-07-10 07:30:08,513 INFO  db.DBStoreBuilder (DBStoreBuilder.java:processTables(161)) - Using default column profile:DBProfile.DISK for Table:prefixTable
2019-07-10 07:30:08,514 INFO  db.DBStoreBuilder (DBStoreBuilder.java:addTable(110)) - using custom profile for table: default
2019-07-10 07:30:08,514 INFO  db.DBStoreBuilder (DBStoreBuilder.java:processTables(167)) - Using default column profile:DBProfile.DISK for Table:default
2019-07-10 07:30:08,514 INFO  db.DBStoreBuilder (DBStoreBuilder.java:getDbProfile(198)) - Using default options. DBProfile.DISK
2019-07-10 07:30:09,310 INFO  ipc.CallQueueManager (CallQueueManager.java:<init>(84)) - Using callQueue: class java.util.concurrent.LinkedBlockingQueue, queueCapacity: 2000, scheduler: class org.apache.hadoop.ipc.DefaultRpcScheduler, ipcBackoff: false.
2019-07-10 07:30:09,311 INFO  ipc.Server (Server.java:run(1074)) - Starting Socket Reader #1 for port 38015
2019-07-10 07:30:09,341 WARN  server.ServerUtils (ServerUtils.java:getDBPath(222)) - ozone.om.db.dirs is not configured. We recommend adding this setting. Falling back to ozone.metadata.dirs instead.
2019-07-10 07:30:09,342 INFO  om.OzoneManager (OzoneManager.java:start(1219)) - OzoneManager RPC server is listening at localhost/127.0.0.1:38015
2019-07-10 07:30:09,342 INFO  impl.MetricsSystemImpl (MetricsSystemImpl.java:init(158)) - OzoneManager metrics system started (again)
2019-07-10 07:30:09,344 INFO  ipc.Server (Server.java:run(1314)) - IPC Server Responder: starting
2019-07-10 07:30:09,345 INFO  ipc.Server (Server.java:run(1153)) - IPC Server listener on 38015: starting
2019-07-10 07:30:09,358 INFO  hdfs.DFSUtil (DFSUtil.java:httpServerTemplateForNNAndJN(1641)) - Starting Web-server for ozoneManager at: http://0.0.0.0:0
2019-07-10 07:30:09,361 INFO  server.AuthenticationFilter (AuthenticationFilter.java:constructSecretProvider(240)) - Unable to initialize FileSignerSecretProvider, falling back to use random secrets.
2019-07-10 07:30:09,362 WARN  http.HttpRequestLog (HttpRequestLog.java:getRequestLog(97)) - Jetty request log can only be enabled using Log4j
2019-07-10 07:30:09,365 INFO  http.HttpServer2 (HttpServer2.java:addGlobalFilter(975)) - Added global filter 'safety' (class=org.apache.hadoop.http.HttpServer2$QuotingInputFilter)
2019-07-10 07:30:09,366 INFO  http.HttpServer2 (HttpServer2.java:addFilter(948)) - Added filter static_user_filter (class=org.apache.hadoop.http.lib.StaticUserWebFilter$StaticUserFilter) to context ozoneManager
2019-07-10 07:30:09,367 INFO  http.HttpServer2 (HttpServer2.java:addFilter(958)) - Added filter static_user_filter (class=org.apache.hadoop.http.lib.StaticUserWebFilter$StaticUserFilter) to context static
2019-07-10 07:30:09,367 INFO  http.HttpServer2 (HttpServer2.java:addFilter(958)) - Added filter static_user_filter (class=org.apache.hadoop.http.lib.StaticUserWebFilter$StaticUserFilter) to context logs
2019-07-10 07:30:09,370 INFO  http.HttpServer2 (HttpServer2.java:bindListener(1191)) - Jetty bound to port 42947
2019-07-10 07:30:09,370 INFO  server.Server (Server.java:doStart(351)) - jetty-9.3.24.v20180605, build timestamp: 2018-06-05T17:11:56Z, git hash: 84205aa28f11a4f31f2a3b86d1bba2cc8ab69827
2019-07-10 07:30:09,373 INFO  handler.ContextHandler (ContextHandler.java:doStart(781)) - Started o.e.j.s.ServletContextHandler@85ec632{/logs,file:///tmp/workdir/hadoop-ozone/tools/target/log,AVAILABLE}
2019-07-10 07:30:09,373 INFO  handler.ContextHandler (ContextHandler.java:doStart(781)) - Started o.e.j.s.ServletContextHandler@65ef722a{/static,file:///tmp/workdir/hadoop-ozone/ozone-manager/target/classes/webapps/static/,AVAILABLE}
2019-07-10 07:30:09,380 INFO  handler.ContextHandler (ContextHandler.java:doStart(781)) - Started o.e.j.w.WebAppContext@1c65121{/,file:///tmp/workdir/hadoop-ozone/ozone-manager/target/classes/webapps/ozoneManager/,AVAILABLE}{/ozoneManager}
2019-07-10 07:30:09,382 INFO  server.AbstractConnector (AbstractConnector.java:doStart(278)) - Started ServerConnector@159e366{HTTP/1.1,[http/1.1]}{0.0.0.0:42947}
2019-07-10 07:30:09,382 INFO  server.Server (Server.java:doStart(419)) - Started @3914ms
2019-07-10 07:30:09,383 INFO  server.BaseHttpServer (BaseHttpServer.java:updateConnectorAddress(207)) - HTTP server of OZONEMANAGER is listening at http://0.0.0.0:42947
2019-07-10 07:30:09,684 INFO  impl.MetricsSystemImpl (MetricsSystemImpl.java:init(158)) - HddsDatanode metrics system started (again)
2019-07-10 07:30:09,773 INFO  ozone.HddsDatanodeService (HddsDatanodeService.java:start(185)) - HddsDatanodeService host:hdds1735-hmsjh-1333287617 ip:192.168.5.130
2019-07-10 07:30:09,807 INFO  volume.HddsVolume (HddsVolume.java:<init>(176)) - Creating Volume: /tmp/workdir/hadoop-ozone/tools/target/test-dir/MiniOzoneClusterImpl-b9caa8b2-7a0f-4f92-b400-407640b1f1b6/datanode-0/data/containers/hdds of  storage type : DISK and capacity : 52710309888
2019-07-10 07:30:09,809 INFO  volume.VolumeSet (VolumeSet.java:initializeVolumeSet(170)) - Added Volume : /tmp/workdir/hadoop-ozone/tools/target/test-dir/MiniOzoneClusterImpl-b9caa8b2-7a0f-4f92-b400-407640b1f1b6/datanode-0/data/containers/hdds to VolumeSet
2019-07-10 07:30:09,812 INFO  volume.ThrottledAsyncChecker (ThrottledAsyncChecker.java:schedule(140)) - Scheduling a check for org.apache.hadoop.ozone.container.common.volume.HddsVolume@3122b117
2019-07-10 07:30:09,832 INFO  volume.HddsVolumeChecker (HddsVolumeChecker.java:checkAllVolumes(203)) - Scheduled health check for volume org.apache.hadoop.ozone.container.common.volume.HddsVolume@3122b117
2019-07-10 07:30:09,880 INFO  ratis.XceiverServerRatis (XceiverServerRatis.java:newXceiverServerRatis(411)) - Found a free port for the server : 41999
2019-07-10 07:30:09,957 INFO  impl.RaftServerProxy (ConfUtils.java:logGet(43)) - raft.rpc.type = GRPC (default)
2019-07-10 07:30:10,033 INFO  grpc.GrpcFactory (GrpcFactory.java:checkPooledByteBufAllocatorUseCacheForAllThreads(45)) - PERFORMANCE WARNING: useCacheForAllThreads is true that may cause Netty to create a lot garbage objects and, as a result, trigger GC.
	It is recommended to disable useCacheForAllThreads by setting -Dorg.apache.ratis.thirdparty.io.netty.allocator.useCacheForAllThreads=false in command line.
2019-07-10 07:30:10,038 INFO  grpc.GrpcConfigKeys$Server (ConfUtils.java:logGet(43)) - raft.grpc.server.port = 41999 (custom)
2019-07-10 07:30:10,039 INFO  server.GrpcService (ConfUtils.java:logGet(43)) - raft.grpc.message.size.max = 33570816 (custom)
2019-07-10 07:30:10,041 INFO  server.RaftServerConfigKeys (ConfUtils.java:logGet(43)) - raft.server.log.appender.buffer.byte-limit = 33554432 (custom)
2019-07-10 07:30:10,041 INFO  server.GrpcService (ConfUtils.java:logGet(43)) - raft.grpc.flow.control.window = 1MB (=1048576) (default)
2019-07-10 07:30:10,042 INFO  server.RaftServerConfigKeys (ConfUtils.java:logGet(43)) - raft.server.rpc.request.timeout = 3000ms (default)
2019-07-10 07:30:10,226 INFO  server.RaftServerConfigKeys (ConfUtils.java:logGet(43)) - raft.server.storage.dir = [/tmp/workdir/hadoop-ozone/tools/target/test-dir/MiniOzoneClusterImpl-b9caa8b2-7a0f-4f92-b400-407640b1f1b6/datanode-0/data/ratis] (custom)
2019-07-10 07:30:10,233 INFO  server.XceiverServerGrpc (XceiverServerGrpc.java:<init>(97)) - Found a free port for the server : 39197
2019-07-10 07:30:10,263 INFO  replication.SimpleContainerDownloader (SimpleContainerDownloader.java:<init>(72)) - Starting container downloader service to copy containers to replicate.
2019-07-10 07:30:10,276 INFO  hdfs.DFSUtil (DFSUtil.java:httpServerTemplateForNNAndJN(1641)) - Starting Web-server for hddsDatanode at: http://0.0.0.0:0
2019-07-10 07:30:10,278 INFO  server.AuthenticationFilter (AuthenticationFilter.java:constructSecretProvider(240)) - Unable to initialize FileSignerSecretProvider, falling back to use random secrets.
2019-07-10 07:30:10,279 WARN  http.HttpRequestLog (HttpRequestLog.java:getRequestLog(97)) - Jetty request log can only be enabled using Log4j
2019-07-10 07:30:10,283 INFO  http.HttpServer2 (HttpServer2.java:addGlobalFilter(975)) - Added global filter 'safety' (class=org.apache.hadoop.http.HttpServer2$QuotingInputFilter)
2019-07-10 07:30:10,284 INFO  http.HttpServer2 (HttpServer2.java:addFilter(948)) - Added filter static_user_filter (class=org.apache.hadoop.http.lib.StaticUserWebFilter$StaticUserFilter) to context hddsDatanode
2019-07-10 07:30:10,284 INFO  http.HttpServer2 (HttpServer2.java:addFilter(958)) - Added filter static_user_filter (class=org.apache.hadoop.http.lib.StaticUserWebFilter$StaticUserFilter) to context static
2019-07-10 07:30:10,285 INFO  http.HttpServer2 (HttpServer2.java:addFilter(958)) - Added filter static_user_filter (class=org.apache.hadoop.http.lib.StaticUserWebFilter$StaticUserFilter) to context logs
2019-07-10 07:30:10,286 INFO  http.HttpServer2 (HttpServer2.java:bindListener(1191)) - Jetty bound to port 42214
2019-07-10 07:30:10,286 INFO  server.Server (Server.java:doStart(351)) - jetty-9.3.24.v20180605, build timestamp: 2018-06-05T17:11:56Z, git hash: 84205aa28f11a4f31f2a3b86d1bba2cc8ab69827
2019-07-10 07:30:10,289 INFO  handler.ContextHandler (ContextHandler.java:doStart(781)) - Started o.e.j.s.ServletContextHandler@3f4cd155{/logs,file:///tmp/workdir/hadoop-ozone/tools/target/log,AVAILABLE}
2019-07-10 07:30:10,290 INFO  handler.ContextHandler (ContextHandler.java:doStart(781)) - Started o.e.j.s.ServletContextHandler@506dcf55{/static,file:///tmp/workdir/hadoop-hdds/container-service/target/classes/webapps/static,AVAILABLE}
2019-07-10 07:30:10,297 INFO  handler.ContextHandler (ContextHandler.java:doStart(781)) - Started o.e.j.w.WebAppContext@6145b81e{/,file:///tmp/workdir/hadoop-hdds/container-service/target/classes/webapps/hddsDatanode/,AVAILABLE}{/hddsDatanode}
2019-07-10 07:30:10,298 INFO  server.AbstractConnector (AbstractConnector.java:doStart(278)) - Started ServerConnector@64355120{HTTP/1.1,[http/1.1]}{0.0.0.0:42214}
2019-07-10 07:30:10,299 INFO  server.Server (Server.java:doStart(419)) - Started @4831ms
2019-07-10 07:30:10,300 INFO  server.BaseHttpServer (BaseHttpServer.java:updateConnectorAddress(207)) - HTTP server of HDDSDATANODE is listening at http://0.0.0.0:42214
2019-07-10 07:30:11,551 INFO  ozone.HddsDatanodeService (HddsDatanodeService.java:startPlugins(396)) - Started plug-in org.apache.hadoop.ozone.web.OzoneHddsDatanodeService@36920bd6
2019-07-10 07:30:11,554 INFO  impl.MetricsSystemImpl (MetricsSystemImpl.java:init(158)) - HddsDatanode metrics system started (again)
2019-07-10 07:30:11,555 INFO  ozone.HddsDatanodeService (HddsDatanodeService.java:start(185)) - HddsDatanodeService host:hdds1735-hmsjh-1333287617 ip:192.168.5.130
2019-07-10 07:30:11,561 INFO  util.JvmPauseMonitor (JvmPauseMonitor.java:run(188)) - Starting JVM pause monitor
2019-07-10 07:30:11,565 INFO  volume.HddsVolume (HddsVolume.java:<init>(176)) - Creating Volume: /tmp/workdir/hadoop-ozone/tools/target/test-dir/MiniOzoneClusterImpl-b9caa8b2-7a0f-4f92-b400-407640b1f1b6/datanode-1/data/containers/hdds of  storage type : DISK and capacity : 52710309888
2019-07-10 07:30:11,565 INFO  volume.VolumeSet (VolumeSet.java:initializeVolumeSet(170)) - Added Volume : /tmp/workdir/hadoop-ozone/tools/target/test-dir/MiniOzoneClusterImpl-b9caa8b2-7a0f-4f92-b400-407640b1f1b6/datanode-1/data/containers/hdds to VolumeSet
2019-07-10 07:30:11,566 INFO  volume.ThrottledAsyncChecker (ThrottledAsyncChecker.java:schedule(140)) - Scheduling a check for org.apache.hadoop.ozone.container.common.volume.HddsVolume@208f0007
2019-07-10 07:30:11,567 INFO  volume.HddsVolumeChecker (HddsVolumeChecker.java:checkAllVolumes(203)) - Scheduled health check for volume org.apache.hadoop.ozone.container.common.volume.HddsVolume@208f0007
2019-07-10 07:30:11,586 INFO  ratis.XceiverServerRatis (XceiverServerRatis.java:newXceiverServerRatis(411)) - Found a free port for the server : 37848
2019-07-10 07:30:11,587 INFO  impl.RaftServerProxy (ConfUtils.java:logGet(43)) - raft.rpc.type = GRPC (default)
2019-07-10 07:30:11,587 INFO  grpc.GrpcFactory (GrpcFactory.java:checkPooledByteBufAllocatorUseCacheForAllThreads(45)) - PERFORMANCE WARNING: useCacheForAllThreads is true that may cause Netty to create a lot garbage objects and, as a result, trigger GC.
	It is recommended to disable useCacheForAllThreads by setting -Dorg.apache.ratis.thirdparty.io.netty.allocator.useCacheForAllThreads=false in command line.
2019-07-10 07:30:11,588 INFO  grpc.GrpcConfigKeys$Server (ConfUtils.java:logGet(43)) - raft.grpc.server.port = 37848 (custom)
2019-07-10 07:30:11,588 INFO  server.GrpcService (ConfUtils.java:logGet(43)) - raft.grpc.message.size.max = 33570816 (custom)
2019-07-10 07:30:11,588 INFO  server.RaftServerConfigKeys (ConfUtils.java:logGet(43)) - raft.server.log.appender.buffer.byte-limit = 33554432 (custom)
2019-07-10 07:30:11,589 INFO  server.GrpcService (ConfUtils.java:logGet(43)) - raft.grpc.flow.control.window = 1MB (=1048576) (default)
2019-07-10 07:30:11,589 INFO  server.RaftServerConfigKeys (ConfUtils.java:logGet(43)) - raft.server.rpc.request.timeout = 3000ms (default)
2019-07-10 07:30:11,590 INFO  server.RaftServerConfigKeys (ConfUtils.java:logGet(43)) - raft.server.storage.dir = [/tmp/workdir/hadoop-ozone/tools/target/test-dir/MiniOzoneClusterImpl-b9caa8b2-7a0f-4f92-b400-407640b1f1b6/datanode-1/data/ratis] (custom)
2019-07-10 07:30:11,590 INFO  server.XceiverServerGrpc (XceiverServerGrpc.java:<init>(97)) - Found a free port for the server : 41166
2019-07-10 07:30:11,591 INFO  replication.SimpleContainerDownloader (SimpleContainerDownloader.java:<init>(72)) - Starting container downloader service to copy containers to replicate.
2019-07-10 07:30:11,593 INFO  hdfs.DFSUtil (DFSUtil.java:httpServerTemplateForNNAndJN(1641)) - Starting Web-server for hddsDatanode at: http://0.0.0.0:0
2019-07-10 07:30:11,596 INFO  server.AuthenticationFilter (AuthenticationFilter.java:constructSecretProvider(240)) - Unable to initialize FileSignerSecretProvider, falling back to use random secrets.
2019-07-10 07:30:11,598 WARN  http.HttpRequestLog (HttpRequestLog.java:getRequestLog(97)) - Jetty request log can only be enabled using Log4j
2019-07-10 07:30:11,602 INFO  http.HttpServer2 (HttpServer2.java:addGlobalFilter(975)) - Added global filter 'safety' (class=org.apache.hadoop.http.HttpServer2$QuotingInputFilter)
2019-07-10 07:30:11,603 INFO  http.HttpServer2 (HttpServer2.java:addFilter(948)) - Added filter static_user_filter (class=org.apache.hadoop.http.lib.StaticUserWebFilter$StaticUserFilter) to context hddsDatanode
2019-07-10 07:30:11,603 INFO  http.HttpServer2 (HttpServer2.java:addFilter(958)) - Added filter static_user_filter (class=org.apache.hadoop.http.lib.StaticUserWebFilter$StaticUserFilter) to context logs
2019-07-10 07:30:11,604 INFO  http.HttpServer2 (HttpServer2.java:addFilter(958)) - Added filter static_user_filter (class=org.apache.hadoop.http.lib.StaticUserWebFilter$StaticUserFilter) to context static
2019-07-10 07:30:11,605 INFO  http.HttpServer2 (HttpServer2.java:bindListener(1191)) - Jetty bound to port 46694
2019-07-10 07:30:11,605 INFO  server.Server (Server.java:doStart(351)) - jetty-9.3.24.v20180605, build timestamp: 2018-06-05T17:11:56Z, git hash: 84205aa28f11a4f31f2a3b86d1bba2cc8ab69827
2019-07-10 07:30:11,608 INFO  handler.ContextHandler (ContextHandler.java:doStart(781)) - Started o.e.j.s.ServletContextHandler@51dae791{/logs,file:///tmp/workdir/hadoop-ozone/tools/target/log,AVAILABLE}
2019-07-10 07:30:11,609 INFO  handler.ContextHandler (ContextHandler.java:doStart(781)) - Started o.e.j.s.ServletContextHandler@5de5e95{/static,file:///tmp/workdir/hadoop-hdds/container-service/target/classes/webapps/static,AVAILABLE}
2019-07-10 07:30:11,617 INFO  handler.ContextHandler (ContextHandler.java:doStart(781)) - Started o.e.j.w.WebAppContext@34c70b5e{/,file:///tmp/workdir/hadoop-hdds/container-service/target/classes/webapps/hddsDatanode/,AVAILABLE}{/hddsDatanode}
2019-07-10 07:30:11,617 INFO  server.AbstractConnector (AbstractConnector.java:doStart(278)) - Started ServerConnector@4f2d995e{HTTP/1.1,[http/1.1]}{0.0.0.0:46694}
2019-07-10 07:30:11,618 INFO  server.Server (Server.java:doStart(419)) - Started @6150ms
2019-07-10 07:30:11,620 INFO  server.BaseHttpServer (BaseHttpServer.java:updateConnectorAddress(207)) - HTTP server of HDDSDATANODE is listening at http://0.0.0.0:46694
2019-07-10 07:30:11,662 INFO  datanode.InitDatanodeState (InitDatanodeState.java:persistContainerDatanodeDetails(140)) - DatanodeDetails is persisted to /tmp/workdir/hadoop-ozone/tools/target/test-dir/MiniOzoneClusterImpl-b9caa8b2-7a0f-4f92-b400-407640b1f1b6/datanode-0/meta/datanode.id
2019-07-10 07:30:11,772 INFO  ozone.HddsDatanodeService (HddsDatanodeService.java:startPlugins(396)) - Started plug-in org.apache.hadoop.ozone.web.OzoneHddsDatanodeService@696db620
2019-07-10 07:30:11,772 INFO  impl.MetricsSystemImpl (MetricsSystemImpl.java:init(158)) - HddsDatanode metrics system started (again)
2019-07-10 07:30:11,774 INFO  ozone.HddsDatanodeService (HddsDatanodeService.java:start(185)) - HddsDatanodeService host:hdds1735-hmsjh-1333287617 ip:192.168.5.130
2019-07-10 07:30:11,775 INFO  util.JvmPauseMonitor (JvmPauseMonitor.java:run(188)) - Starting JVM pause monitor
2019-07-10 07:30:11,784 INFO  volume.HddsVolume (HddsVolume.java:<init>(176)) - Creating Volume: /tmp/workdir/hadoop-ozone/tools/target/test-dir/MiniOzoneClusterImpl-b9caa8b2-7a0f-4f92-b400-407640b1f1b6/datanode-2/data/containers/hdds of  storage type : DISK and capacity : 52710309888
2019-07-10 07:30:11,784 INFO  volume.VolumeSet (VolumeSet.java:initializeVolumeSet(170)) - Added Volume : /tmp/workdir/hadoop-ozone/tools/target/test-dir/MiniOzoneClusterImpl-b9caa8b2-7a0f-4f92-b400-407640b1f1b6/datanode-2/data/containers/hdds to VolumeSet
2019-07-10 07:30:11,785 INFO  volume.ThrottledAsyncChecker (ThrottledAsyncChecker.java:schedule(140)) - Scheduling a check for org.apache.hadoop.ozone.container.common.volume.HddsVolume@12a470dd
2019-07-10 07:30:11,785 INFO  volume.HddsVolumeChecker (HddsVolumeChecker.java:checkAllVolumes(203)) - Scheduled health check for volume org.apache.hadoop.ozone.container.common.volume.HddsVolume@12a470dd
2019-07-10 07:30:11,786 INFO  datanode.InitDatanodeState (InitDatanodeState.java:persistContainerDatanodeDetails(140)) - DatanodeDetails is persisted to /tmp/workdir/hadoop-ozone/tools/target/test-dir/MiniOzoneClusterImpl-b9caa8b2-7a0f-4f92-b400-407640b1f1b6/datanode-1/meta/datanode.id
2019-07-10 07:30:11,799 INFO  ratis.XceiverServerRatis (XceiverServerRatis.java:newXceiverServerRatis(411)) - Found a free port for the server : 41370
2019-07-10 07:30:11,800 INFO  impl.RaftServerProxy (ConfUtils.java:logGet(43)) - raft.rpc.type = GRPC (default)
2019-07-10 07:30:11,801 INFO  grpc.GrpcFactory (GrpcFactory.java:checkPooledByteBufAllocatorUseCacheForAllThreads(45)) - PERFORMANCE WARNING: useCacheForAllThreads is true that may cause Netty to create a lot garbage objects and, as a result, trigger GC.
	It is recommended to disable useCacheForAllThreads by setting -Dorg.apache.ratis.thirdparty.io.netty.allocator.useCacheForAllThreads=false in command line.
2019-07-10 07:30:11,801 INFO  grpc.GrpcConfigKeys$Server (ConfUtils.java:logGet(43)) - raft.grpc.server.port = 41370 (custom)
2019-07-10 07:30:11,801 INFO  server.GrpcService (ConfUtils.java:logGet(43)) - raft.grpc.message.size.max = 33570816 (custom)
2019-07-10 07:30:11,801 INFO  server.RaftServerConfigKeys (ConfUtils.java:logGet(43)) - raft.server.log.appender.buffer.byte-limit = 33554432 (custom)
2019-07-10 07:30:11,802 INFO  server.GrpcService (ConfUtils.java:logGet(43)) - raft.grpc.flow.control.window = 1MB (=1048576) (default)
2019-07-10 07:30:11,802 INFO  server.RaftServerConfigKeys (ConfUtils.java:logGet(43)) - raft.server.rpc.request.timeout = 3000ms (default)
2019-07-10 07:30:11,803 INFO  server.RaftServerConfigKeys (ConfUtils.java:logGet(43)) - raft.server.storage.dir = [/tmp/workdir/hadoop-ozone/tools/target/test-dir/MiniOzoneClusterImpl-b9caa8b2-7a0f-4f92-b400-407640b1f1b6/datanode-2/data/ratis] (custom)
2019-07-10 07:30:11,803 INFO  server.XceiverServerGrpc (XceiverServerGrpc.java:<init>(97)) - Found a free port for the server : 37572
2019-07-10 07:30:11,804 INFO  replication.SimpleContainerDownloader (SimpleContainerDownloader.java:<init>(72)) - Starting container downloader service to copy containers to replicate.
2019-07-10 07:30:11,805 INFO  hdfs.DFSUtil (DFSUtil.java:httpServerTemplateForNNAndJN(1641)) - Starting Web-server for hddsDatanode at: http://0.0.0.0:0
2019-07-10 07:30:11,806 INFO  server.AuthenticationFilter (AuthenticationFilter.java:constructSecretProvider(240)) - Unable to initialize FileSignerSecretProvider, falling back to use random secrets.
2019-07-10 07:30:11,807 WARN  http.HttpRequestLog (HttpRequestLog.java:getRequestLog(97)) - Jetty request log can only be enabled using Log4j
2019-07-10 07:30:11,808 INFO  http.HttpServer2 (HttpServer2.java:addGlobalFilter(975)) - Added global filter 'safety' (class=org.apache.hadoop.http.HttpServer2$QuotingInputFilter)
2019-07-10 07:30:11,809 INFO  http.HttpServer2 (HttpServer2.java:addFilter(948)) - Added filter static_user_filter (class=org.apache.hadoop.http.lib.StaticUserWebFilter$StaticUserFilter) to context hddsDatanode
2019-07-10 07:30:11,809 INFO  http.HttpServer2 (HttpServer2.java:addFilter(958)) - Added filter static_user_filter (class=org.apache.hadoop.http.lib.StaticUserWebFilter$StaticUserFilter) to context static
2019-07-10 07:30:11,809 INFO  http.HttpServer2 (HttpServer2.java:addFilter(958)) - Added filter static_user_filter (class=org.apache.hadoop.http.lib.StaticUserWebFilter$StaticUserFilter) to context logs
2019-07-10 07:30:11,810 INFO  http.HttpServer2 (HttpServer2.java:bindListener(1191)) - Jetty bound to port 44388
2019-07-10 07:30:11,810 INFO  server.Server (Server.java:doStart(351)) - jetty-9.3.24.v20180605, build timestamp: 2018-06-05T17:11:56Z, git hash: 84205aa28f11a4f31f2a3b86d1bba2cc8ab69827
2019-07-10 07:30:11,814 INFO  handler.ContextHandler (ContextHandler.java:doStart(781)) - Started o.e.j.s.ServletContextHandler@3a3ed300{/logs,file:///tmp/workdir/hadoop-ozone/tools/target/log,AVAILABLE}
2019-07-10 07:30:11,815 INFO  handler.ContextHandler (ContextHandler.java:doStart(781)) - Started o.e.j.s.ServletContextHandler@39f5b723{/static,file:///tmp/workdir/hadoop-hdds/container-service/target/classes/webapps/static,AVAILABLE}
2019-07-10 07:30:11,819 INFO  handler.ContextHandler (ContextHandler.java:doStart(781)) - Started o.e.j.w.WebAppContext@16736040{/,file:///tmp/workdir/hadoop-hdds/container-service/target/classes/webapps/hddsDatanode/,AVAILABLE}{/hddsDatanode}
2019-07-10 07:30:11,819 INFO  server.AbstractConnector (AbstractConnector.java:doStart(278)) - Started ServerConnector@7c5d1d25{HTTP/1.1,[http/1.1]}{0.0.0.0:44388}
2019-07-10 07:30:11,820 INFO  server.Server (Server.java:doStart(419)) - Started @6352ms
2019-07-10 07:30:11,821 INFO  server.BaseHttpServer (BaseHttpServer.java:updateConnectorAddress(207)) - HTTP server of HDDSDATANODE is listening at http://0.0.0.0:44388
2019-07-10 07:30:11,954 INFO  ozone.HddsDatanodeService (HddsDatanodeService.java:startPlugins(396)) - Started plug-in org.apache.hadoop.ozone.web.OzoneHddsDatanodeService@62cba181
2019-07-10 07:30:11,957 INFO  ozone.MiniOzoneClusterImpl (MiniOzoneClusterImpl.java:lambda$waitForClusterToBeReady$0(142)) - Waiting for cluster to be ready. Got 0 of 3 DN Heartbeats.
2019-07-10 07:30:11,958 INFO  util.JvmPauseMonitor (JvmPauseMonitor.java:run(188)) - Starting JVM pause monitor
2019-07-10 07:30:11,961 INFO  datanode.InitDatanodeState (InitDatanodeState.java:persistContainerDatanodeDetails(140)) - DatanodeDetails is persisted to /tmp/workdir/hadoop-ozone/tools/target/test-dir/MiniOzoneClusterImpl-b9caa8b2-7a0f-4f92-b400-407640b1f1b6/datanode-2/meta/datanode.id
2019-07-10 07:30:12,957 INFO  ozone.MiniOzoneClusterImpl (MiniOzoneClusterImpl.java:lambda$waitForClusterToBeReady$0(142)) - Waiting for cluster to be ready. Got 0 of 3 DN Heartbeats.
2019-07-10 07:30:13,629 INFO  ozoneimpl.OzoneContainer (OzoneContainer.java:start(186)) - Attempting to start container services.
2019-07-10 07:30:13,631 INFO  ozoneimpl.OzoneContainer (OzoneContainer.java:startContainerScrub(160)) - Background container scrubber has been disabled by hdds.containerscrub.enabled
2019-07-10 07:30:13,631 INFO  ratis.XceiverServerRatis (XceiverServerRatis.java:start(428)) - Starting XceiverServerRatis 39c54784-9e1e-41fd-b789-d6fe66a0a826 at port 41999
2019-07-10 07:30:13,662 INFO  impl.RaftServerProxy (RaftServerProxy.java:lambda$start$3(299)) - 39c54784-9e1e-41fd-b789-d6fe66a0a826: start RPC server
2019-07-10 07:30:13,796 INFO  ozoneimpl.OzoneContainer (OzoneContainer.java:start(186)) - Attempting to start container services.
2019-07-10 07:30:13,798 INFO  ozoneimpl.OzoneContainer (OzoneContainer.java:startContainerScrub(160)) - Background container scrubber has been disabled by hdds.containerscrub.enabled
2019-07-10 07:30:13,798 INFO  ratis.XceiverServerRatis (XceiverServerRatis.java:start(428)) - Starting XceiverServerRatis f426f3fa-aaf8-45fd-9820-e3703380c0bb at port 37848
2019-07-10 07:30:13,809 INFO  server.GrpcService (GrpcService.java:startImpl(149)) - 39c54784-9e1e-41fd-b789-d6fe66a0a826: GrpcService started, listening on 0.0.0.0/0.0.0.0:41999
2019-07-10 07:30:13,815 INFO  impl.RaftServerProxy (RaftServerProxy.java:lambda$start$3(299)) - f426f3fa-aaf8-45fd-9820-e3703380c0bb: start RPC server
2019-07-10 07:30:13,818 INFO  server.GrpcService (GrpcService.java:startImpl(149)) - f426f3fa-aaf8-45fd-9820-e3703380c0bb: GrpcService started, listening on 0.0.0.0/0.0.0.0:37848
2019-07-10 07:30:13,958 INFO  ozone.MiniOzoneClusterImpl (MiniOzoneClusterImpl.java:lambda$waitForClusterToBeReady$0(142)) - Waiting for cluster to be ready. Got 0 of 3 DN Heartbeats.
2019-07-10 07:30:13,965 INFO  ozoneimpl.OzoneContainer (OzoneContainer.java:start(186)) - Attempting to start container services.
2019-07-10 07:30:13,967 INFO  ozoneimpl.OzoneContainer (OzoneContainer.java:startContainerScrub(160)) - Background container scrubber has been disabled by hdds.containerscrub.enabled
2019-07-10 07:30:13,967 INFO  ratis.XceiverServerRatis (XceiverServerRatis.java:start(428)) - Starting XceiverServerRatis 2285e7a6-3996-45af-9a09-acc80daefff4 at port 41370
2019-07-10 07:30:13,982 INFO  impl.RaftServerProxy (RaftServerProxy.java:lambda$start$3(299)) - 2285e7a6-3996-45af-9a09-acc80daefff4: start RPC server
2019-07-10 07:30:13,985 INFO  server.GrpcService (GrpcService.java:startImpl(149)) - 2285e7a6-3996-45af-9a09-acc80daefff4: GrpcService started, listening on 0.0.0.0/0.0.0.0:41370
2019-07-10 07:30:14,962 INFO  ozone.MiniOzoneClusterImpl (MiniOzoneClusterImpl.java:lambda$waitForClusterToBeReady$0(142)) - Waiting for cluster to be ready. Got 0 of 3 DN Heartbeats.
2019-07-10 07:30:15,610 INFO  net.NetworkTopology (NetworkTopologyImpl.java:add(109)) - Added a new node: /default-rack/192.168.5.130
2019-07-10 07:30:15,611 INFO  node.SCMNodeManager (SCMNodeManager.java:register(268)) - Registered Data node : 39c54784-9e1e-41fd-b789-d6fe66a0a826{ip: 192.168.5.130, host: hdds1735-hmsjh-1333287617, networkLocation: /default-rack, certSerialId: null}
2019-07-10 07:30:15,685 INFO  safemode.SCMSafeModeManager (DataNodeSafeModeRule.java:process(71)) - SCM in safe mode. 1 DataNodes registered, 1 required.
2019-07-10 07:30:15,685 INFO  safemode.SCMSafeModeManager (SCMSafeModeManager.java:validateSafeModeExitRules(177)) - ScmSafeModeManager, all rules are successfully validated
2019-07-10 07:30:15,686 INFO  safemode.SCMSafeModeManager (SCMSafeModeManager.java:exitSafeMode(193)) - SCM exiting safe mode.
2019-07-10 07:30:15,780 INFO  node.SCMNodeManager (SCMNodeManager.java:register(268)) - Registered Data node : f426f3fa-aaf8-45fd-9820-e3703380c0bb{ip: 192.168.5.130, host: hdds1735-hmsjh-1333287617, networkLocation: /default-rack, certSerialId: null}
2019-07-10 07:30:15,961 INFO  node.SCMNodeManager (SCMNodeManager.java:register(268)) - Registered Data node : 2285e7a6-3996-45af-9a09-acc80daefff4{ip: 192.168.5.130, host: hdds1735-hmsjh-1333287617, networkLocation: /default-rack, certSerialId: null}
2019-07-10 07:30:15,963 INFO  ozone.MiniOzoneClusterImpl (MiniOzoneClusterImpl.java:lambda$waitForClusterToBeReady$0(142)) - Cluster is ready. Got 3 of 3 DN Heartbeats.
2019-07-10 07:30:16,594 INFO  impl.RaftServerProxy (RaftServerProxy.java:addNew(89)) - 39c54784-9e1e-41fd-b789-d6fe66a0a826: addNew group-8685D9FEA621:[39c54784-9e1e-41fd-b789-d6fe66a0a826:192.168.5.130:41999] returns group-8685D9FEA621:java.util.concurrent.CompletableFuture@3f235b7[Not completed]
2019-07-10 07:30:16,609 INFO  impl.RaftServerImpl (RaftServerImpl.java:<init>(93)) - 39c54784-9e1e-41fd-b789-d6fe66a0a826: new RaftServerImpl for group-8685D9FEA621:[39c54784-9e1e-41fd-b789-d6fe66a0a826:192.168.5.130:41999] with ContainerStateMachine:uninitialized
2019-07-10 07:30:16,612 INFO  server.RaftServerConfigKeys (ConfUtils.java:logGet(43)) - raft.server.rpc.timeout.min = 1s (custom)
2019-07-10 07:30:16,613 INFO  server.RaftServerConfigKeys (ConfUtils.java:logGet(43)) - raft.server.rpc.timeout.max = 1200ms (custom)
2019-07-10 07:30:16,614 INFO  server.RaftServerConfigKeys (ConfUtils.java:logGet(43)) - raft.server.rpcslowness.timeout = 120s (custom)
2019-07-10 07:30:16,615 INFO  server.RaftServerConfigKeys (ConfUtils.java:logGet(43)) - raft.server.sleep.deviation.threshold = 300 (default)
2019-07-10 07:30:16,616 INFO  server.RaftServerConfigKeys (ConfUtils.java:logGet(43)) - raft.server.log.appender.install.snapshot.enabled = false (custom)
2019-07-10 07:30:16,627 INFO  impl.RaftServerImpl (ServerState.java:<init>(105)) - 39c54784-9e1e-41fd-b789-d6fe66a0a826:group-8685D9FEA621 ConfigurationManager, init=-1: [39c54784-9e1e-41fd-b789-d6fe66a0a826:192.168.5.130:41999], old=null, confs=<EMPTY_MAP>
2019-07-10 07:30:16,627 INFO  server.RaftServerConfigKeys (ConfUtils.java:logGet(43)) - raft.server.storage.dir = [/tmp/workdir/hadoop-ozone/tools/target/test-dir/MiniOzoneClusterImpl-b9caa8b2-7a0f-4f92-b400-407640b1f1b6/datanode-0/data/ratis] (custom)
2019-07-10 07:30:16,637 INFO  storage.RaftStorageDirectory (RaftStorageDirectory.java:analyzeStorage(246)) - The storage directory /tmp/workdir/hadoop-ozone/tools/target/test-dir/MiniOzoneClusterImpl-b9caa8b2-7a0f-4f92-b400-407640b1f1b6/datanode-0/data/ratis/021c91eb-e089-4803-9ec4-8685d9fea621 does not exist. Creating ...
2019-07-10 07:30:16,655 INFO  storage.RaftStorageDirectory (RaftStorageDirectory.java:tryLock(328)) - Lock on /tmp/workdir/hadoop-ozone/tools/target/test-dir/MiniOzoneClusterImpl-b9caa8b2-7a0f-4f92-b400-407640b1f1b6/datanode-0/data/ratis/021c91eb-e089-4803-9ec4-8685d9fea621/in_use.lock acquired by nodename 22513@hdds1735-hmsjh-1333287617
2019-07-10 07:30:16,670 INFO  freon.RandomKeyGenerator (RandomKeyGenerator.java:call(262)) - Number of Threads: 10
2019-07-10 07:30:16,671 INFO  freon.RandomKeyGenerator (RandomKeyGenerator.java:call(267)) - Number of Volumes: 1.
2019-07-10 07:30:16,671 INFO  storage.RaftStorage (RaftStorage.java:format(72)) - Storage directory /tmp/workdir/hadoop-ozone/tools/target/test-dir/MiniOzoneClusterImpl-b9caa8b2-7a0f-4f92-b400-407640b1f1b6/datanode-0/data/ratis/021c91eb-e089-4803-9ec4-8685d9fea621 has been successfully formatted.
2019-07-10 07:30:16,671 INFO  freon.RandomKeyGenerator (RandomKeyGenerator.java:call(268)) - Number of Buckets per Volume: 1.
2019-07-10 07:30:16,672 INFO  freon.RandomKeyGenerator (RandomKeyGenerator.java:call(269)) - Number of Keys per Bucket: 1.
2019-07-10 07:30:16,672 INFO  freon.RandomKeyGenerator (RandomKeyGenerator.java:call(270)) - Key size: 20971520 bytes
2019-07-10 07:30:16,672 INFO  freon.RandomKeyGenerator (RandomKeyGenerator.java:call(271)) - Buffer size: 4096 bytes
2019-07-10 07:30:16,673 INFO  freon.RandomKeyGenerator (RandomKeyGenerator.java:call(286)) - Data validation is enabled.
2019-07-10 07:30:16,674 INFO  ratis.ContainerStateMachine (ContainerStateMachine.java:loadSnapshot(198)) - The snapshot info is null.Setting the last applied index to:(t:0, i:~)
2019-07-10 07:30:16,674 INFO  server.RaftServerConfigKeys (ConfUtils.java:logGet(43)) - raft.server.leader.election.timeout = 120s (custom)
2019-07-10 07:30:16,675 INFO  freon.RandomKeyGenerator (RandomKeyGenerator.java:call(299)) - Starting progress bar Thread.

 0.00% |█                                                                                                    |  0/1 Time: 0:00:002019-07-10 07:30:16,677 INFO  server.RaftServerConfigKeys (ConfUtils.java:logGet(43)) - raft.server.log.use.memory = false (default)
2019-07-10 07:30:16,684 INFO  server.RaftServerConfigKeys (ConfUtils.java:logGet(43)) - raft.server.log.purge.gap = 1000000000 (custom)
2019-07-10 07:30:16,684 INFO  server.RaftServerConfigKeys (ConfUtils.java:logGet(43)) - raft.server.log.appender.buffer.byte-limit = 33554432 (custom)
2019-07-10 07:30:16,686 INFO  server.RaftServerConfigKeys (ConfUtils.java:logGet(43)) - raft.server.log.segment.size.max = 1048576 (custom)
2019-07-10 07:30:16,697 INFO  server.RaftServerConfigKeys (ConfUtils.java:logGet(43)) - raft.server.log.segment.cache.num.max = 2 (custom)
2019-07-10 07:30:16,705 INFO  segmented.SegmentedRaftLogWorker (SegmentedRaftLogWorker.java:<init>(172)) - new 39c54784-9e1e-41fd-b789-d6fe66a0a826-SegmentedRaftLogWorker:Storage Directory /tmp/workdir/hadoop-ozone/tools/target/test-dir/MiniOzoneClusterImpl-b9caa8b2-7a0f-4f92-b400-407640b1f1b6/datanode-0/data/ratis/021c91eb-e089-4803-9ec4-8685d9fea621 for RaftStorage:Storage Directory /tmp/workdir/hadoop-ozone/tools/target/test-dir/MiniOzoneClusterImpl-b9caa8b2-7a0f-4f92-b400-407640b1f1b6/datanode-0/data/ratis/021c91eb-e089-4803-9ec4-8685d9fea621
2019-07-10 07:30:16,713 INFO  rpc.RpcClient (RpcClient.java:createVolume(289)) - Creating Volume: vol-0-16995, with jenkins1000 as owner.
2019-07-10 07:30:16,721 INFO  server.RaftServerConfigKeys (ConfUtils.java:logGet(43)) - raft.server.log.queue.byte-limit = 2147483647 (custom)
2019-07-10 07:30:16,724 INFO  server.RaftServerConfigKeys (ConfUtils.java:logGet(43)) - raft.server.log.queue.element-limit = 1024 (custom)
2019-07-10 07:30:16,730 INFO  server.RaftServerConfigKeys (ConfUtils.java:logGet(43)) - raft.server.log.segment.size.max = 1048576 (custom)
2019-07-10 07:30:16,730 INFO  server.RaftServerConfigKeys (ConfUtils.java:logGet(43)) - raft.server.log.preallocated.size = 16384 (custom)
2019-07-10 07:30:16,731 INFO  server.RaftServerConfigKeys (ConfUtils.java:logGet(43)) - raft.server.log.write.buffer.size = 33554432 (custom)
2019-07-10 07:30:16,731 INFO  server.RaftServerConfigKeys (ConfUtils.java:logGet(43)) - raft.server.log.force.sync.num = 128 (default)
2019-07-10 07:30:16,732 INFO  server.RaftServerConfigKeys (ConfUtils.java:logGet(43)) - raft.server.log.statemachine.data.sync = true (default)
2019-07-10 07:30:16,732 INFO  server.RaftServerConfigKeys (ConfUtils.java:logGet(43)) - raft.server.log.statemachine.data.sync.timeout = 10s (default)
2019-07-10 07:30:16,733 INFO  server.RaftServerConfigKeys (ConfUtils.java:logGet(43)) - raft.server.log.statemachine.data.sync.timeout.retry = -1 (default)
2019-07-10 07:30:16,742 INFO  server.RaftServerConfigKeys (ConfUtils.java:logGet(43)) - raft.server.log.statemachine.data.caching.enabled = true (custom)
2019-07-10 07:30:16,749 INFO  segmented.SegmentedRaftLogWorker (SegmentedRaftLogWorker.java:lambda$new$0(132)) - 39c54784-9e1e-41fd-b789-d6fe66a0a826-SegmentedRaftLogWorker:Storage Directory /tmp/workdir/hadoop-ozone/tools/target/test-dir/MiniOzoneClusterImpl-b9caa8b2-7a0f-4f92-b400-407640b1f1b6/datanode-0/data/ratis/021c91eb-e089-4803-9ec4-8685d9fea621: flushIndex: setUnconditionally 0 -> -1
2019-07-10 07:30:16,754 INFO  server.RaftServerConfigKeys (ConfUtils.java:logGet(43)) - raft.server.snapshot.auto.trigger.enabled = true (custom)
2019-07-10 07:30:16,754 INFO  server.RaftServerConfigKeys (ConfUtils.java:logGet(43)) - raft.server.snapshot.auto.trigger.threshold = 10000 (custom)
2019-07-10 07:30:16,755 INFO  server.RaftServerConfigKeys (ConfUtils.java:logGet(43)) - raft.server.retrycache.expirytime = 600000ms (custom)
2019-07-10 07:30:16,761 INFO  rpc.RpcClient (RpcClient.java:createBucket(426)) - Creating Bucket: vol-0-16995/bucket-0-85308, with Versioning false and Storage Type set to DISK and Encryption set to false 
2019-07-10 07:30:16,779 INFO  impl.RaftServerImpl (RaftServerImpl.java:start(180)) - 39c54784-9e1e-41fd-b789-d6fe66a0a826: start group-8685D9FEA621
2019-07-10 07:30:16,780 INFO  impl.RaftServerImpl (RaftServerImpl.java:setRole(171)) - 39c54784-9e1e-41fd-b789-d6fe66a0a826:group-8685D9FEA621 changes role from null to FOLLOWER at term 0 for startAsFollower
2019-07-10 07:30:16,781 INFO  impl.RoleInfo (RoleInfo.java:updateAndGet(143)) - 39c54784-9e1e-41fd-b789-d6fe66a0a826: start FollowerState
2019-07-10 07:30:16,783 INFO  util.JmxRegister (JmxRegister.java:tryRegister(44)) - Successfully registered JMX Bean with object name Ratis:service=RaftServer,group=group-8685D9FEA621,id=39c54784-9e1e-41fd-b789-d6fe66a0a826
2019-07-10 07:30:16,846 INFO  pipeline.PipelineStateManager (PipelineStateManager.java:addPipeline(56)) - Created pipeline Pipeline[ Id: 021c91eb-e089-4803-9ec4-8685d9fea621, Nodes: 39c54784-9e1e-41fd-b789-d6fe66a0a826{ip: 192.168.5.130, host: hdds1735-hmsjh-1333287617, networkLocation: /default-rack, certSerialId: null}, Type:RATIS, Factor:ONE, State:OPEN]
2019-07-10 07:30:16,863 INFO  impl.RaftServerProxy (RaftServerProxy.java:addNew(89)) - 2285e7a6-3996-45af-9a09-acc80daefff4: addNew group-37782E7E8379:[2285e7a6-3996-45af-9a09-acc80daefff4:192.168.5.130:41370] returns group-37782E7E8379:java.util.concurrent.CompletableFuture@111f7b4f[Not completed]
2019-07-10 07:30:16,889 INFO  impl.RaftServerImpl (RaftServerImpl.java:<init>(93)) - 2285e7a6-3996-45af-9a09-acc80daefff4: new RaftServerImpl for group-37782E7E8379:[2285e7a6-3996-45af-9a09-acc80daefff4:192.168.5.130:41370] with ContainerStateMachine:uninitialized
2019-07-10 07:30:16,891 INFO  server.RaftServerConfigKeys (ConfUtils.java:logGet(43)) - raft.server.rpc.timeout.min = 1s (custom)
2019-07-10 07:30:16,891 INFO  server.RaftServerConfigKeys (ConfUtils.java:logGet(43)) - raft.server.rpc.timeout.max = 1200ms (custom)
2019-07-10 07:30:16,892 INFO  server.RaftServerConfigKeys (ConfUtils.java:logGet(43)) - raft.server.rpcslowness.timeout = 120s (custom)
2019-07-10 07:30:16,892 INFO  server.RaftServerConfigKeys (ConfUtils.java:logGet(43)) - raft.server.sleep.deviation.threshold = 300 (default)
2019-07-10 07:30:16,892 INFO  server.RaftServerConfigKeys (ConfUtils.java:logGet(43)) - raft.server.log.appender.install.snapshot.enabled = false (custom)
2019-07-10 07:30:16,892 INFO  impl.RaftServerImpl (ServerState.java:<init>(105)) - 2285e7a6-3996-45af-9a09-acc80daefff4:group-37782E7E8379 ConfigurationManager, init=-1: [2285e7a6-3996-45af-9a09-acc80daefff4:192.168.5.130:41370], old=null, confs=<EMPTY_MAP>
2019-07-10 07:30:16,893 INFO  server.RaftServerConfigKeys (ConfUtils.java:logGet(43)) - raft.server.storage.dir = [/tmp/workdir/hadoop-ozone/tools/target/test-dir/MiniOzoneClusterImpl-b9caa8b2-7a0f-4f92-b400-407640b1f1b6/datanode-2/data/ratis] (custom)
2019-07-10 07:30:16,893 INFO  storage.RaftStorageDirectory (RaftStorageDirectory.java:analyzeStorage(246)) - The storage directory /tmp/workdir/hadoop-ozone/tools/target/test-dir/MiniOzoneClusterImpl-b9caa8b2-7a0f-4f92-b400-407640b1f1b6/datanode-2/data/ratis/3b092f1d-4754-4baf-961d-37782e7e8379 does not exist. Creating ...
2019-07-10 07:30:16,907 INFO  storage.RaftStorageDirectory (RaftStorageDirectory.java:tryLock(328)) - Lock on /tmp/workdir/hadoop-ozone/tools/target/test-dir/MiniOzoneClusterImpl-b9caa8b2-7a0f-4f92-b400-407640b1f1b6/datanode-2/data/ratis/3b092f1d-4754-4baf-961d-37782e7e8379/in_use.lock acquired by nodename 22513@hdds1735-hmsjh-1333287617
2019-07-10 07:30:16,925 INFO  storage.RaftStorage (RaftStorage.java:format(72)) - Storage directory /tmp/workdir/hadoop-ozone/tools/target/test-dir/MiniOzoneClusterImpl-b9caa8b2-7a0f-4f92-b400-407640b1f1b6/datanode-2/data/ratis/3b092f1d-4754-4baf-961d-37782e7e8379 has been successfully formatted.
2019-07-10 07:30:16,926 INFO  ratis.ContainerStateMachine (ContainerStateMachine.java:loadSnapshot(198)) - The snapshot info is null.Setting the last applied index to:(t:0, i:~)
2019-07-10 07:30:16,927 INFO  server.RaftServerConfigKeys (ConfUtils.java:logGet(43)) - raft.server.leader.election.timeout = 120s (custom)
2019-07-10 07:30:16,927 INFO  server.RaftServerConfigKeys (ConfUtils.java:logGet(43)) - raft.server.log.use.memory = false (default)
2019-07-10 07:30:16,928 INFO  server.RaftServerConfigKeys (ConfUtils.java:logGet(43)) - raft.server.log.purge.gap = 1000000000 (custom)
2019-07-10 07:30:16,928 INFO  server.RaftServerConfigKeys (ConfUtils.java:logGet(43)) - raft.server.log.appender.buffer.byte-limit = 33554432 (custom)
2019-07-10 07:30:16,928 INFO  server.RaftServerConfigKeys (ConfUtils.java:logGet(43)) - raft.server.log.segment.size.max = 1048576 (custom)
2019-07-10 07:30:16,928 INFO  server.RaftServerConfigKeys (ConfUtils.java:logGet(43)) - raft.server.log.segment.cache.num.max = 2 (custom)
2019-07-10 07:30:16,929 INFO  segmented.SegmentedRaftLogWorker (SegmentedRaftLogWorker.java:<init>(172)) - new 2285e7a6-3996-45af-9a09-acc80daefff4-SegmentedRaftLogWorker:Storage Directory /tmp/workdir/hadoop-ozone/tools/target/test-dir/MiniOzoneClusterImpl-b9caa8b2-7a0f-4f92-b400-407640b1f1b6/datanode-2/data/ratis/3b092f1d-4754-4baf-961d-37782e7e8379 for RaftStorage:Storage Directory /tmp/workdir/hadoop-ozone/tools/target/test-dir/MiniOzoneClusterImpl-b9caa8b2-7a0f-4f92-b400-407640b1f1b6/datanode-2/data/ratis/3b092f1d-4754-4baf-961d-37782e7e8379
2019-07-10 07:30:16,930 INFO  server.RaftServerConfigKeys (ConfUtils.java:logGet(43)) - raft.server.log.queue.byte-limit = 2147483647 (custom)
2019-07-10 07:30:16,930 INFO  server.RaftServerConfigKeys (ConfUtils.java:logGet(43)) - raft.server.log.queue.element-limit = 1024 (custom)
2019-07-10 07:30:16,931 INFO  server.RaftServerConfigKeys (ConfUtils.java:logGet(43)) - raft.server.log.segment.size.max = 1048576 (custom)
2019-07-10 07:30:16,931 INFO  server.RaftServerConfigKeys (ConfUtils.java:logGet(43)) - raft.server.log.preallocated.size = 16384 (custom)
2019-07-10 07:30:16,931 INFO  server.RaftServerConfigKeys (ConfUtils.java:logGet(43)) - raft.server.log.write.buffer.size = 33554432 (custom)
2019-07-10 07:30:16,931 INFO  server.RaftServerConfigKeys (ConfUtils.java:logGet(43)) - raft.server.log.force.sync.num = 128 (default)
2019-07-10 07:30:16,931 INFO  server.RaftServerConfigKeys (ConfUtils.java:logGet(43)) - raft.server.log.statemachine.data.sync = true (default)
2019-07-10 07:30:16,932 INFO  server.RaftServerConfigKeys (ConfUtils.java:logGet(43)) - raft.server.log.statemachine.data.sync.timeout = 10s (default)
2019-07-10 07:30:16,932 INFO  server.RaftServerConfigKeys (ConfUtils.java:logGet(43)) - raft.server.log.statemachine.data.sync.timeout.retry = -1 (default)
2019-07-10 07:30:16,932 INFO  server.RaftServerConfigKeys (ConfUtils.java:logGet(43)) - raft.server.log.statemachine.data.caching.enabled = true (custom)
2019-07-10 07:30:16,933 INFO  segmented.SegmentedRaftLogWorker (SegmentedRaftLogWorker.java:lambda$new$0(132)) - 2285e7a6-3996-45af-9a09-acc80daefff4-SegmentedRaftLogWorker:Storage Directory /tmp/workdir/hadoop-ozone/tools/target/test-dir/MiniOzoneClusterImpl-b9caa8b2-7a0f-4f92-b400-407640b1f1b6/datanode-2/data/ratis/3b092f1d-4754-4baf-961d-37782e7e8379: flushIndex: setUnconditionally 0 -> -1
2019-07-10 07:30:16,933 INFO  server.RaftServerConfigKeys (ConfUtils.java:logGet(43)) - raft.server.snapshot.auto.trigger.enabled = true (custom)
2019-07-10 07:30:16,934 INFO  server.RaftServerConfigKeys (ConfUtils.java:logGet(43)) - raft.server.snapshot.auto.trigger.threshold = 10000 (custom)
2019-07-10 07:30:16,934 INFO  server.RaftServerConfigKeys (ConfUtils.java:logGet(43)) - raft.server.retrycache.expirytime = 600000ms (custom)
2019-07-10 07:30:16,934 INFO  impl.RaftServerImpl (RaftServerImpl.java:start(180)) - 2285e7a6-3996-45af-9a09-acc80daefff4: start group-37782E7E8379
2019-07-10 07:30:16,934 INFO  impl.RaftServerImpl (RaftServerImpl.java:setRole(171)) - 2285e7a6-3996-45af-9a09-acc80daefff4:group-37782E7E8379 changes role from null to FOLLOWER at term 0 for startAsFollower
2019-07-10 07:30:16,935 INFO  impl.RoleInfo (RoleInfo.java:updateAndGet(143)) - 2285e7a6-3996-45af-9a09-acc80daefff4: start FollowerState
2019-07-10 07:30:16,936 INFO  util.JmxRegister (JmxRegister.java:tryRegister(44)) - Successfully registered JMX Bean with object name Ratis:service=RaftServer,group=group-37782E7E8379,id=2285e7a6-3996-45af-9a09-acc80daefff4
2019-07-10 07:30:16,950 INFO  pipeline.PipelineStateManager (PipelineStateManager.java:addPipeline(56)) - Created pipeline Pipeline[ Id: 3b092f1d-4754-4baf-961d-37782e7e8379, Nodes: 2285e7a6-3996-45af-9a09-acc80daefff4{ip: 192.168.5.130, host: hdds1735-hmsjh-1333287617, networkLocation: /default-rack, certSerialId: null}, Type:RATIS, Factor:ONE, State:OPEN]
2019-07-10 07:30:16,970 INFO  impl.RaftServerProxy (RaftServerProxy.java:addNew(89)) - f426f3fa-aaf8-45fd-9820-e3703380c0bb: addNew group-8A7EFF90C282:[f426f3fa-aaf8-45fd-9820-e3703380c0bb:192.168.5.130:37848] returns group-8A7EFF90C282:java.util.concurrent.CompletableFuture@3f0b28ba[Not completed]
2019-07-10 07:30:16,974 INFO  impl.RaftServerImpl (RaftServerImpl.java:<init>(93)) - f426f3fa-aaf8-45fd-9820-e3703380c0bb: new RaftServerImpl for group-8A7EFF90C282:[f426f3fa-aaf8-45fd-9820-e3703380c0bb:192.168.5.130:37848] with ContainerStateMachine:uninitialized
2019-07-10 07:30:16,975 INFO  server.RaftServerConfigKeys (ConfUtils.java:logGet(43)) - raft.server.rpc.timeout.min = 1s (custom)
2019-07-10 07:30:16,975 INFO  server.RaftServerConfigKeys (ConfUtils.java:logGet(43)) - raft.server.rpc.timeout.max = 1200ms (custom)
2019-07-10 07:30:16,975 INFO  server.RaftServerConfigKeys (ConfUtils.java:logGet(43)) - raft.server.rpcslowness.timeout = 120s (custom)
2019-07-10 07:30:16,976 INFO  server.RaftServerConfigKeys (ConfUtils.java:logGet(43)) - raft.server.sleep.deviation.threshold = 300 (default)
2019-07-10 07:30:16,976 INFO  server.RaftServerConfigKeys (ConfUtils.java:logGet(43)) - raft.server.log.appender.install.snapshot.enabled = false (custom)
2019-07-10 07:30:16,976 INFO  impl.RaftServerImpl (ServerState.java:<init>(105)) - f426f3fa-aaf8-45fd-9820-e3703380c0bb:group-8A7EFF90C282 ConfigurationManager, init=-1: [f426f3fa-aaf8-45fd-9820-e3703380c0bb:192.168.5.130:37848], old=null, confs=<EMPTY_MAP>
2019-07-10 07:30:16,976 INFO  server.RaftServerConfigKeys (ConfUtils.java:logGet(43)) - raft.server.storage.dir = [/tmp/workdir/hadoop-ozone/tools/target/test-dir/MiniOzoneClusterImpl-b9caa8b2-7a0f-4f92-b400-407640b1f1b6/datanode-1/data/ratis] (custom)
2019-07-10 07:30:16,977 INFO  storage.RaftStorageDirectory (RaftStorageDirectory.java:analyzeStorage(246)) - The storage directory /tmp/workdir/hadoop-ozone/tools/target/test-dir/MiniOzoneClusterImpl-b9caa8b2-7a0f-4f92-b400-407640b1f1b6/datanode-1/data/ratis/42844533-f6a4-4db9-87c7-8a7eff90c282 does not exist. Creating ...
2019-07-10 07:30:16,981 INFO  storage.RaftStorageDirectory (RaftStorageDirectory.java:tryLock(328)) - Lock on /tmp/workdir/hadoop-ozone/tools/target/test-dir/MiniOzoneClusterImpl-b9caa8b2-7a0f-4f92-b400-407640b1f1b6/datanode-1/data/ratis/42844533-f6a4-4db9-87c7-8a7eff90c282/in_use.lock acquired by nodename 22513@hdds1735-hmsjh-1333287617
2019-07-10 07:30:16,984 INFO  storage.RaftStorage (RaftStorage.java:format(72)) - Storage directory /tmp/workdir/hadoop-ozone/tools/target/test-dir/MiniOzoneClusterImpl-b9caa8b2-7a0f-4f92-b400-407640b1f1b6/datanode-1/data/ratis/42844533-f6a4-4db9-87c7-8a7eff90c282 has been successfully formatted.
2019-07-10 07:30:16,984 INFO  ratis.ContainerStateMachine (ContainerStateMachine.java:loadSnapshot(198)) - The snapshot info is null.Setting the last applied index to:(t:0, i:~)
2019-07-10 07:30:16,985 INFO  server.RaftServerConfigKeys (ConfUtils.java:logGet(43)) - raft.server.leader.election.timeout = 120s (custom)
2019-07-10 07:30:16,985 INFO  server.RaftServerConfigKeys (ConfUtils.java:logGet(43)) - raft.server.log.use.memory = false (default)
2019-07-10 07:30:16,985 INFO  server.RaftServerConfigKeys (ConfUtils.java:logGet(43)) - raft.server.log.purge.gap = 1000000000 (custom)
2019-07-10 07:30:16,985 INFO  server.RaftServerConfigKeys (ConfUtils.java:logGet(43)) - raft.server.log.appender.buffer.byte-limit = 33554432 (custom)
2019-07-10 07:30:16,985 INFO  server.RaftServerConfigKeys (ConfUtils.java:logGet(43)) - raft.server.log.segment.size.max = 1048576 (custom)
2019-07-10 07:30:16,986 INFO  server.RaftServerConfigKeys (ConfUtils.java:logGet(43)) - raft.server.log.segment.cache.num.max = 2 (custom)
2019-07-10 07:30:16,986 INFO  segmented.SegmentedRaftLogWorker (SegmentedRaftLogWorker.java:<init>(172)) - new f426f3fa-aaf8-45fd-9820-e3703380c0bb-SegmentedRaftLogWorker:Storage Directory /tmp/workdir/hadoop-ozone/tools/target/test-dir/MiniOzoneClusterImpl-b9caa8b2-7a0f-4f92-b400-407640b1f1b6/datanode-1/data/ratis/42844533-f6a4-4db9-87c7-8a7eff90c282 for RaftStorage:Storage Directory /tmp/workdir/hadoop-ozone/tools/target/test-dir/MiniOzoneClusterImpl-b9caa8b2-7a0f-4f92-b400-407640b1f1b6/datanode-1/data/ratis/42844533-f6a4-4db9-87c7-8a7eff90c282
2019-07-10 07:30:16,986 INFO  server.RaftServerConfigKeys (ConfUtils.java:logGet(43)) - raft.server.log.queue.byte-limit = 2147483647 (custom)
2019-07-10 07:30:16,986 INFO  server.RaftServerConfigKeys (ConfUtils.java:logGet(43)) - raft.server.log.queue.element-limit = 1024 (custom)
2019-07-10 07:30:16,990 INFO  server.RaftServerConfigKeys (ConfUtils.java:logGet(43)) - raft.server.log.segment.size.max = 1048576 (custom)
2019-07-10 07:30:16,990 INFO  server.RaftServerConfigKeys (ConfUtils.java:logGet(43)) - raft.server.log.preallocated.size = 16384 (custom)
2019-07-10 07:30:16,990 INFO  server.RaftServerConfigKeys (ConfUtils.java:logGet(43)) - raft.server.log.write.buffer.size = 33554432 (custom)
2019-07-10 07:30:16,990 INFO  server.RaftServerConfigKeys (ConfUtils.java:logGet(43)) - raft.server.log.force.sync.num = 128 (default)
2019-07-10 07:30:16,991 INFO  server.RaftServerConfigKeys (ConfUtils.java:logGet(43)) - raft.server.log.statemachine.data.sync = true (default)
2019-07-10 07:30:16,991 INFO  server.RaftServerConfigKeys (ConfUtils.java:logGet(43)) - raft.server.log.statemachine.data.sync.timeout = 10s (default)
2019-07-10 07:30:16,991 INFO  server.RaftServerConfigKeys (ConfUtils.java:logGet(43)) - raft.server.log.statemachine.data.sync.timeout.retry = -1 (default)
2019-07-10 07:30:16,992 INFO  server.RaftServerConfigKeys (ConfUtils.java:logGet(43)) - raft.server.log.statemachine.data.caching.enabled = true (custom)
2019-07-10 07:30:16,992 INFO  segmented.SegmentedRaftLogWorker (SegmentedRaftLogWorker.java:lambda$new$0(132)) - f426f3fa-aaf8-45fd-9820-e3703380c0bb-SegmentedRaftLogWorker:Storage Directory /tmp/workdir/hadoop-ozone/tools/target/test-dir/MiniOzoneClusterImpl-b9caa8b2-7a0f-4f92-b400-407640b1f1b6/datanode-1/data/ratis/42844533-f6a4-4db9-87c7-8a7eff90c282: flushIndex: setUnconditionally 0 -> -1
2019-07-10 07:30:16,992 INFO  server.RaftServerConfigKeys (ConfUtils.java:logGet(43)) - raft.server.snapshot.auto.trigger.enabled = true (custom)
2019-07-10 07:30:16,993 INFO  server.RaftServerConfigKeys (ConfUtils.java:logGet(43)) - raft.server.snapshot.auto.trigger.threshold = 10000 (custom)
2019-07-10 07:30:16,993 INFO  server.RaftServerConfigKeys (ConfUtils.java:logGet(43)) - raft.server.retrycache.expirytime = 600000ms (custom)
2019-07-10 07:30:16,993 INFO  impl.RaftServerImpl (RaftServerImpl.java:start(180)) - f426f3fa-aaf8-45fd-9820-e3703380c0bb: start group-8A7EFF90C282
2019-07-10 07:30:16,993 INFO  impl.RaftServerImpl (RaftServerImpl.java:setRole(171)) - f426f3fa-aaf8-45fd-9820-e3703380c0bb:group-8A7EFF90C282 changes role from null to FOLLOWER at term 0 for startAsFollower
2019-07-10 07:30:16,994 INFO  impl.RoleInfo (RoleInfo.java:updateAndGet(143)) - f426f3fa-aaf8-45fd-9820-e3703380c0bb: start FollowerState
2019-07-10 07:30:16,994 INFO  util.JmxRegister (JmxRegister.java:tryRegister(44)) - Successfully registered JMX Bean with object name Ratis:service=RaftServer,group=group-8A7EFF90C282,id=f426f3fa-aaf8-45fd-9820-e3703380c0bb
2019-07-10 07:30:17,003 INFO  pipeline.PipelineStateManager (PipelineStateManager.java:addPipeline(56)) - Created pipeline Pipeline[ Id: 42844533-f6a4-4db9-87c7-8a7eff90c282, Nodes: f426f3fa-aaf8-45fd-9820-e3703380c0bb{ip: 192.168.5.130, host: hdds1735-hmsjh-1333287617, networkLocation: /default-rack, certSerialId: null}, Type:RATIS, Factor:ONE, State:OPEN]
2019-07-10 07:30:17,029 INFO  impl.RaftServerProxy (RaftServerProxy.java:addNew(89)) - f426f3fa-aaf8-45fd-9820-e3703380c0bb: addNew group-47851E96EEB9:[2285e7a6-3996-45af-9a09-acc80daefff4:192.168.5.130:41370, 39c54784-9e1e-41fd-b789-d6fe66a0a826:192.168.5.130:41999, f426f3fa-aaf8-45fd-9820-e3703380c0bb:192.168.5.130:37848] returns group-47851E96EEB9:java.util.concurrent.CompletableFuture@22a7b98[Not completed]
2019-07-10 07:30:17,032 INFO  impl.RaftServerImpl (RaftServerImpl.java:<init>(93)) - f426f3fa-aaf8-45fd-9820-e3703380c0bb: new RaftServerImpl for group-47851E96EEB9:[2285e7a6-3996-45af-9a09-acc80daefff4:192.168.5.130:41370, 39c54784-9e1e-41fd-b789-d6fe66a0a826:192.168.5.130:41999, f426f3fa-aaf8-45fd-9820-e3703380c0bb:192.168.5.130:37848] with ContainerStateMachine:uninitialized
2019-07-10 07:30:17,032 INFO  server.RaftServerConfigKeys (ConfUtils.java:logGet(43)) - raft.server.rpc.timeout.min = 1s (custom)
2019-07-10 07:30:17,032 INFO  server.RaftServerConfigKeys (ConfUtils.java:logGet(43)) - raft.server.rpc.timeout.max = 1200ms (custom)
2019-07-10 07:30:17,033 INFO  impl.RaftServerProxy (RaftServerProxy.java:addNew(89)) - 2285e7a6-3996-45af-9a09-acc80daefff4: addNew group-47851E96EEB9:[2285e7a6-3996-45af-9a09-acc80daefff4:192.168.5.130:41370, 39c54784-9e1e-41fd-b789-d6fe66a0a826:192.168.5.130:41999, f426f3fa-aaf8-45fd-9820-e3703380c0bb:192.168.5.130:37848] returns group-47851E96EEB9:java.util.concurrent.CompletableFuture@431771a3[Not completed]
2019-07-10 07:30:17,033 INFO  server.RaftServerConfigKeys (ConfUtils.java:logGet(43)) - raft.server.rpcslowness.timeout = 120s (custom)
2019-07-10 07:30:17,033 INFO  server.RaftServerConfigKeys (ConfUtils.java:logGet(43)) - raft.server.sleep.deviation.threshold = 300 (default)
2019-07-10 07:30:17,033 INFO  server.RaftServerConfigKeys (ConfUtils.java:logGet(43)) - raft.server.log.appender.install.snapshot.enabled = false (custom)
2019-07-10 07:30:17,034 INFO  impl.RaftServerImpl (ServerState.java:<init>(105)) - f426f3fa-aaf8-45fd-9820-e3703380c0bb:group-47851E96EEB9 ConfigurationManager, init=-1: [2285e7a6-3996-45af-9a09-acc80daefff4:192.168.5.130:41370, 39c54784-9e1e-41fd-b789-d6fe66a0a826:192.168.5.130:41999, f426f3fa-aaf8-45fd-9820-e3703380c0bb:192.168.5.130:37848], old=null, confs=<EMPTY_MAP>
2019-07-10 07:30:17,034 INFO  impl.RaftServerImpl (RaftServerImpl.java:<init>(93)) - 2285e7a6-3996-45af-9a09-acc80daefff4: new RaftServerImpl for group-47851E96EEB9:[2285e7a6-3996-45af-9a09-acc80daefff4:192.168.5.130:41370, 39c54784-9e1e-41fd-b789-d6fe66a0a826:192.168.5.130:41999, f426f3fa-aaf8-45fd-9820-e3703380c0bb:192.168.5.130:37848] with ContainerStateMachine:uninitialized
2019-07-10 07:30:17,034 INFO  server.RaftServerConfigKeys (ConfUtils.java:logGet(43)) - raft.server.storage.dir = [/tmp/workdir/hadoop-ozone/tools/target/test-dir/MiniOzoneClusterImpl-b9caa8b2-7a0f-4f92-b400-407640b1f1b6/datanode-1/data/ratis] (custom)
2019-07-10 07:30:17,034 INFO  server.RaftServerConfigKeys (ConfUtils.java:logGet(43)) - raft.server.rpc.timeout.min = 1s (custom)
2019-07-10 07:30:17,035 INFO  server.RaftServerConfigKeys (ConfUtils.java:logGet(43)) - raft.server.rpc.timeout.max = 1200ms (custom)
2019-07-10 07:30:17,035 INFO  impl.RaftServerProxy (RaftServerProxy.java:addNew(89)) - 39c54784-9e1e-41fd-b789-d6fe66a0a826: addNew group-47851E96EEB9:[2285e7a6-3996-45af-9a09-acc80daefff4:192.168.5.130:41370, 39c54784-9e1e-41fd-b789-d6fe66a0a826:192.168.5.130:41999, f426f3fa-aaf8-45fd-9820-e3703380c0bb:192.168.5.130:37848] returns group-47851E96EEB9:java.util.concurrent.CompletableFuture@23b90b88[Not completed]
2019-07-10 07:30:17,035 INFO  storage.RaftStorageDirectory (RaftStorageDirectory.java:analyzeStorage(246)) - The storage directory /tmp/workdir/hadoop-ozone/tools/target/test-dir/MiniOzoneClusterImpl-b9caa8b2-7a0f-4f92-b400-407640b1f1b6/datanode-1/data/ratis/0d8e1d46-fb66-4fdd-88d9-47851e96eeb9 does not exist. Creating ...
2019-07-10 07:30:17,035 INFO  server.RaftServerConfigKeys (ConfUtils.java:logGet(43)) - raft.server.rpcslowness.timeout = 120s (custom)
2019-07-10 07:30:17,036 INFO  server.RaftServerConfigKeys (ConfUtils.java:logGet(43)) - raft.server.sleep.deviation.threshold = 300 (default)
2019-07-10 07:30:17,036 INFO  server.RaftServerConfigKeys (ConfUtils.java:logGet(43)) - raft.server.log.appender.install.snapshot.enabled = false (custom)
2019-07-10 07:30:17,036 INFO  impl.RaftServerImpl (RaftServerImpl.java:<init>(93)) - 39c54784-9e1e-41fd-b789-d6fe66a0a826: new RaftServerImpl for group-47851E96EEB9:[2285e7a6-3996-45af-9a09-acc80daefff4:192.168.5.130:41370, 39c54784-9e1e-41fd-b789-d6fe66a0a826:192.168.5.130:41999, f426f3fa-aaf8-45fd-9820-e3703380c0bb:192.168.5.130:37848] with ContainerStateMachine:uninitialized
2019-07-10 07:30:17,036 INFO  impl.RaftServerImpl (ServerState.java:<init>(105)) - 2285e7a6-3996-45af-9a09-acc80daefff4:group-47851E96EEB9 ConfigurationManager, init=-1: [2285e7a6-3996-45af-9a09-acc80daefff4:192.168.5.130:41370, 39c54784-9e1e-41fd-b789-d6fe66a0a826:192.168.5.130:41999, f426f3fa-aaf8-45fd-9820-e3703380c0bb:192.168.5.130:37848], old=null, confs=<EMPTY_MAP>
2019-07-10 07:30:17,036 INFO  server.RaftServerConfigKeys (ConfUtils.java:logGet(43)) - raft.server.rpc.timeout.min = 1s (custom)
2019-07-10 07:30:17,036 INFO  server.RaftServerConfigKeys (ConfUtils.java:logGet(43)) - raft.server.rpc.timeout.max = 1200ms (custom)
2019-07-10 07:30:17,036 INFO  server.RaftServerConfigKeys (ConfUtils.java:logGet(43)) - raft.server.storage.dir = [/tmp/workdir/hadoop-ozone/tools/target/test-dir/MiniOzoneClusterImpl-b9caa8b2-7a0f-4f92-b400-407640b1f1b6/datanode-2/data/ratis] (custom)
2019-07-10 07:30:17,036 INFO  server.RaftServerConfigKeys (ConfUtils.java:logGet(43)) - raft.server.rpcslowness.timeout = 120s (custom)
2019-07-10 07:30:17,037 INFO  server.RaftServerConfigKeys (ConfUtils.java:logGet(43)) - raft.server.sleep.deviation.threshold = 300 (default)
2019-07-10 07:30:17,037 INFO  storage.RaftStorageDirectory (RaftStorageDirectory.java:analyzeStorage(246)) - The storage directory /tmp/workdir/hadoop-ozone/tools/target/test-dir/MiniOzoneClusterImpl-b9caa8b2-7a0f-4f92-b400-407640b1f1b6/datanode-2/data/ratis/0d8e1d46-fb66-4fdd-88d9-47851e96eeb9 does not exist. Creating ...
2019-07-10 07:30:17,037 INFO  server.RaftServerConfigKeys (ConfUtils.java:logGet(43)) - raft.server.log.appender.install.snapshot.enabled = false (custom)
2019-07-10 07:30:17,037 INFO  impl.RaftServerImpl (ServerState.java:<init>(105)) - 39c54784-9e1e-41fd-b789-d6fe66a0a826:group-47851E96EEB9 ConfigurationManager, init=-1: [2285e7a6-3996-45af-9a09-acc80daefff4:192.168.5.130:41370, 39c54784-9e1e-41fd-b789-d6fe66a0a826:192.168.5.130:41999, f426f3fa-aaf8-45fd-9820-e3703380c0bb:192.168.5.130:37848], old=null, confs=<EMPTY_MAP>
2019-07-10 07:30:17,037 INFO  server.RaftServerConfigKeys (ConfUtils.java:logGet(43)) - raft.server.storage.dir = [/tmp/workdir/hadoop-ozone/tools/target/test-dir/MiniOzoneClusterImpl-b9caa8b2-7a0f-4f92-b400-407640b1f1b6/datanode-0/data/ratis] (custom)
2019-07-10 07:30:17,038 INFO  storage.RaftStorageDirectory (RaftStorageDirectory.java:analyzeStorage(246)) - The storage directory /tmp/workdir/hadoop-ozone/tools/target/test-dir/MiniOzoneClusterImpl-b9caa8b2-7a0f-4f92-b400-407640b1f1b6/datanode-0/data/ratis/0d8e1d46-fb66-4fdd-88d9-47851e96eeb9 does not exist. Creating ...
2019-07-10 07:30:17,048 INFO  storage.RaftStorageDirectory (RaftStorageDirectory.java:tryLock(328)) - Lock on /tmp/workdir/hadoop-ozone/tools/target/test-dir/MiniOzoneClusterImpl-b9caa8b2-7a0f-4f92-b400-407640b1f1b6/datanode-0/data/ratis/0d8e1d46-fb66-4fdd-88d9-47851e96eeb9/in_use.lock acquired by nodename 22513@hdds1735-hmsjh-1333287617
2019-07-10 07:30:17,048 INFO  storage.RaftStorageDirectory (RaftStorageDirectory.java:tryLock(328)) - Lock on /tmp/workdir/hadoop-ozone/tools/target/test-dir/MiniOzoneClusterImpl-b9caa8b2-7a0f-4f92-b400-407640b1f1b6/datanode-1/data/ratis/0d8e1d46-fb66-4fdd-88d9-47851e96eeb9/in_use.lock acquired by nodename 22513@hdds1735-hmsjh-1333287617
2019-07-10 07:30:17,048 INFO  storage.RaftStorageDirectory (RaftStorageDirectory.java:tryLock(328)) - Lock on /tmp/workdir/hadoop-ozone/tools/target/test-dir/MiniOzoneClusterImpl-b9caa8b2-7a0f-4f92-b400-407640b1f1b6/datanode-2/data/ratis/0d8e1d46-fb66-4fdd-88d9-47851e96eeb9/in_use.lock acquired by nodename 22513@hdds1735-hmsjh-1333287617
2019-07-10 07:30:17,054 INFO  storage.RaftStorage (RaftStorage.java:format(72)) - Storage directory /tmp/workdir/hadoop-ozone/tools/target/test-dir/MiniOzoneClusterImpl-b9caa8b2-7a0f-4f92-b400-407640b1f1b6/datanode-1/data/ratis/0d8e1d46-fb66-4fdd-88d9-47851e96eeb9 has been successfully formatted.
2019-07-10 07:30:17,054 INFO  storage.RaftStorage (RaftStorage.java:format(72)) - Storage directory /tmp/workdir/hadoop-ozone/tools/target/test-dir/MiniOzoneClusterImpl-b9caa8b2-7a0f-4f92-b400-407640b1f1b6/datanode-0/data/ratis/0d8e1d46-fb66-4fdd-88d9-47851e96eeb9 has been successfully formatted.
2019-07-10 07:30:17,054 INFO  ratis.ContainerStateMachine (ContainerStateMachine.java:loadSnapshot(198)) - The snapshot info is null.Setting the last applied index to:(t:0, i:~)
2019-07-10 07:30:17,054 INFO  storage.RaftStorage (RaftStorage.java:format(72)) - Storage directory /tmp/workdir/hadoop-ozone/tools/target/test-dir/MiniOzoneClusterImpl-b9caa8b2-7a0f-4f92-b400-407640b1f1b6/datanode-2/data/ratis/0d8e1d46-fb66-4fdd-88d9-47851e96eeb9 has been successfully formatted.
2019-07-10 07:30:17,055 INFO  server.RaftServerConfigKeys (ConfUtils.java:logGet(43)) - raft.server.leader.election.timeout = 120s (custom)
2019-07-10 07:30:17,055 INFO  ratis.ContainerStateMachine (ContainerStateMachine.java:loadSnapshot(198)) - The snapshot info is null.Setting the last applied index to:(t:0, i:~)
2019-07-10 07:30:17,055 INFO  ratis.ContainerStateMachine (ContainerStateMachine.java:loadSnapshot(198)) - The snapshot info is null.Setting the last applied index to:(t:0, i:~)
2019-07-10 07:30:17,055 INFO  server.RaftServerConfigKeys (ConfUtils.java:logGet(43)) - raft.server.log.use.memory = false (default)
2019-07-10 07:30:17,055 INFO  server.RaftServerConfigKeys (ConfUtils.java:logGet(43)) - raft.server.leader.election.timeout = 120s (custom)
2019-07-10 07:30:17,055 INFO  server.RaftServerConfigKeys (ConfUtils.java:logGet(43)) - raft.server.leader.election.timeout = 120s (custom)
2019-07-10 07:30:17,056 INFO  server.RaftServerConfigKeys (ConfUtils.java:logGet(43)) - raft.server.log.use.memory = false (default)
2019-07-10 07:30:17,056 INFO  server.RaftServerConfigKeys (ConfUtils.java:logGet(43)) - raft.server.log.purge.gap = 1000000000 (custom)
2019-07-10 07:30:17,056 INFO  server.RaftServerConfigKeys (ConfUtils.java:logGet(43)) - raft.server.log.purge.gap = 1000000000 (custom)
2019-07-10 07:30:17,056 INFO  server.RaftServerConfigKeys (ConfUtils.java:logGet(43)) - raft.server.log.use.memory = false (default)
2019-07-10 07:30:17,056 INFO  server.RaftServerConfigKeys (ConfUtils.java:logGet(43)) - raft.server.log.appender.buffer.byte-limit = 33554432 (custom)
2019-07-10 07:30:17,056 INFO  server.RaftServerConfigKeys (ConfUtils.java:logGet(43)) - raft.server.log.appender.buffer.byte-limit = 33554432 (custom)
2019-07-10 07:30:17,057 INFO  server.RaftServerConfigKeys (ConfUtils.java:logGet(43)) - raft.server.log.segment.size.max = 1048576 (custom)
2019-07-10 07:30:17,057 INFO  server.RaftServerConfigKeys (ConfUtils.java:logGet(43)) - raft.server.log.purge.gap = 1000000000 (custom)
2019-07-10 07:30:17,057 INFO  server.RaftServerConfigKeys (ConfUtils.java:logGet(43)) - raft.server.log.segment.cache.num.max = 2 (custom)
2019-07-10 07:30:17,057 INFO  server.RaftServerConfigKeys (ConfUtils.java:logGet(43)) - raft.server.log.segment.size.max = 1048576 (custom)
2019-07-10 07:30:17,058 INFO  segmented.SegmentedRaftLogWorker (SegmentedRaftLogWorker.java:<init>(172)) - new 2285e7a6-3996-45af-9a09-acc80daefff4-SegmentedRaftLogWorker:Storage Directory /tmp/workdir/hadoop-ozone/tools/target/test-dir/MiniOzoneClusterImpl-b9caa8b2-7a0f-4f92-b400-407640b1f1b6/datanode-2/data/ratis/0d8e1d46-fb66-4fdd-88d9-47851e96eeb9 for RaftStorage:Storage Directory /tmp/workdir/hadoop-ozone/tools/target/test-dir/MiniOzoneClusterImpl-b9caa8b2-7a0f-4f92-b400-407640b1f1b6/datanode-2/data/ratis/0d8e1d46-fb66-4fdd-88d9-47851e96eeb9
2019-07-10 07:30:17,057 INFO  server.RaftServerConfigKeys (ConfUtils.java:logGet(43)) - raft.server.log.appender.buffer.byte-limit = 33554432 (custom)
2019-07-10 07:30:17,058 INFO  server.RaftServerConfigKeys (ConfUtils.java:logGet(43)) - raft.server.log.queue.byte-limit = 2147483647 (custom)
2019-07-10 07:30:17,058 INFO  server.RaftServerConfigKeys (ConfUtils.java:logGet(43)) - raft.server.log.segment.cache.num.max = 2 (custom)
2019-07-10 07:30:17,059 INFO  server.RaftServerConfigKeys (ConfUtils.java:logGet(43)) - raft.server.log.queue.element-limit = 1024 (custom)
2019-07-10 07:30:17,059 INFO  server.RaftServerConfigKeys (ConfUtils.java:logGet(43)) - raft.server.log.segment.size.max = 1048576 (custom)
2019-07-10 07:30:17,059 INFO  server.RaftServerConfigKeys (ConfUtils.java:logGet(43)) - raft.server.log.segment.size.max = 1048576 (custom)
2019-07-10 07:30:17,060 INFO  server.RaftServerConfigKeys (ConfUtils.java:logGet(43)) - raft.server.log.segment.cache.num.max = 2 (custom)
2019-07-10 07:30:17,059 INFO  segmented.SegmentedRaftLogWorker (SegmentedRaftLogWorker.java:<init>(172)) - new f426f3fa-aaf8-45fd-9820-e3703380c0bb-SegmentedRaftLogWorker:Storage Directory /tmp/workdir/hadoop-ozone/tools/target/test-dir/MiniOzoneClusterImpl-b9caa8b2-7a0f-4f92-b400-407640b1f1b6/datanode-1/data/ratis/0d8e1d46-fb66-4fdd-88d9-47851e96eeb9 for RaftStorage:Storage Directory /tmp/workdir/hadoop-ozone/tools/target/test-dir/MiniOzoneClusterImpl-b9caa8b2-7a0f-4f92-b400-407640b1f1b6/datanode-1/data/ratis/0d8e1d46-fb66-4fdd-88d9-47851e96eeb9
2019-07-10 07:30:17,060 INFO  segmented.SegmentedRaftLogWorker (SegmentedRaftLogWorker.java:<init>(172)) - new 39c54784-9e1e-41fd-b789-d6fe66a0a826-SegmentedRaftLogWorker:Storage Directory /tmp/workdir/hadoop-ozone/tools/target/test-dir/MiniOzoneClusterImpl-b9caa8b2-7a0f-4f92-b400-407640b1f1b6/datanode-0/data/ratis/0d8e1d46-fb66-4fdd-88d9-47851e96eeb9 for RaftStorage:Storage Directory /tmp/workdir/hadoop-ozone/tools/target/test-dir/MiniOzoneClusterImpl-b9caa8b2-7a0f-4f92-b400-407640b1f1b6/datanode-0/data/ratis/0d8e1d46-fb66-4fdd-88d9-47851e96eeb9
2019-07-10 07:30:17,060 INFO  server.RaftServerConfigKeys (ConfUtils.java:logGet(43)) - raft.server.log.preallocated.size = 16384 (custom)
2019-07-10 07:30:17,061 INFO  server.RaftServerConfigKeys (ConfUtils.java:logGet(43)) - raft.server.log.queue.byte-limit = 2147483647 (custom)
2019-07-10 07:30:17,060 INFO  server.RaftServerConfigKeys (ConfUtils.java:logGet(43)) - raft.server.log.queue.byte-limit = 2147483647 (custom)
2019-07-10 07:30:17,062 INFO  server.RaftServerConfigKeys (ConfUtils.java:logGet(43)) - raft.server.log.queue.element-limit = 1024 (custom)
2019-07-10 07:30:17,062 INFO  server.RaftServerConfigKeys (ConfUtils.java:logGet(43)) - raft.server.log.write.buffer.size = 33554432 (custom)
2019-07-10 07:30:17,063 INFO  server.RaftServerConfigKeys (ConfUtils.java:logGet(43)) - raft.server.log.segment.size.max = 1048576 (custom)
2019-07-10 07:30:17,063 INFO  server.RaftServerConfigKeys (ConfUtils.java:logGet(43)) - raft.server.log.queue.element-limit = 1024 (custom)
2019-07-10 07:30:17,063 INFO  server.RaftServerConfigKeys (ConfUtils.java:logGet(43)) - raft.server.log.preallocated.size = 16384 (custom)
2019-07-10 07:30:17,063 INFO  server.RaftServerConfigKeys (ConfUtils.java:logGet(43)) - raft.server.log.force.sync.num = 128 (default)
2019-07-10 07:30:17,064 INFO  server.RaftServerConfigKeys (ConfUtils.java:logGet(43)) - raft.server.log.write.buffer.size = 33554432 (custom)
2019-07-10 07:30:17,063 INFO  server.RaftServerConfigKeys (ConfUtils.java:logGet(43)) - raft.server.log.segment.size.max = 1048576 (custom)
2019-07-10 07:30:17,064 INFO  server.RaftServerConfigKeys (ConfUtils.java:logGet(43)) - raft.server.log.force.sync.num = 128 (default)
2019-07-10 07:30:17,064 INFO  server.RaftServerConfigKeys (ConfUtils.java:logGet(43)) - raft.server.log.statemachine.data.sync = true (default)
2019-07-10 07:30:17,064 INFO  server.RaftServerConfigKeys (ConfUtils.java:logGet(43)) - raft.server.log.statemachine.data.sync = true (default)
2019-07-10 07:30:17,064 INFO  server.RaftServerConfigKeys (ConfUtils.java:logGet(43)) - raft.server.log.preallocated.size = 16384 (custom)
2019-07-10 07:30:17,065 INFO  server.RaftServerConfigKeys (ConfUtils.java:logGet(43)) - raft.server.log.statemachine.data.sync.timeout = 10s (default)
2019-07-10 07:30:17,065 INFO  server.RaftServerConfigKeys (ConfUtils.java:logGet(43)) - raft.server.log.statemachine.data.sync.timeout = 10s (default)
2019-07-10 07:30:17,065 INFO  server.RaftServerConfigKeys (ConfUtils.java:logGet(43)) - raft.server.log.statemachine.data.sync.timeout.retry = -1 (default)
2019-07-10 07:30:17,065 INFO  server.RaftServerConfigKeys (ConfUtils.java:logGet(43)) - raft.server.log.write.buffer.size = 33554432 (custom)
2019-07-10 07:30:17,066 INFO  server.RaftServerConfigKeys (ConfUtils.java:logGet(43)) - raft.server.log.statemachine.data.caching.enabled = true (custom)
2019-07-10 07:30:17,065 INFO  server.RaftServerConfigKeys (ConfUtils.java:logGet(43)) - raft.server.log.statemachine.data.sync.timeout.retry = -1 (default)
2019-07-10 07:30:17,066 INFO  server.RaftServerConfigKeys (ConfUtils.java:logGet(43)) - raft.server.log.force.sync.num = 128 (default)
2019-07-10 07:30:17,066 INFO  server.RaftServerConfigKeys (ConfUtils.java:logGet(43)) - raft.server.log.statemachine.data.caching.enabled = true (custom)
2019-07-10 07:30:17,066 INFO  segmented.SegmentedRaftLogWorker (SegmentedRaftLogWorker.java:lambda$new$0(132)) - 39c54784-9e1e-41fd-b789-d6fe66a0a826-SegmentedRaftLogWorker:Storage Directory /tmp/workdir/hadoop-ozone/tools/target/test-dir/MiniOzoneClusterImpl-b9caa8b2-7a0f-4f92-b400-407640b1f1b6/datanode-0/data/ratis/0d8e1d46-fb66-4fdd-88d9-47851e96eeb9: flushIndex: setUnconditionally 0 -> -1
2019-07-10 07:30:17,066 INFO  server.RaftServerConfigKeys (ConfUtils.java:logGet(43)) - raft.server.log.statemachine.data.sync = true (default)
2019-07-10 07:30:17,067 INFO  segmented.SegmentedRaftLogWorker (SegmentedRaftLogWorker.java:lambda$new$0(132)) - 2285e7a6-3996-45af-9a09-acc80daefff4-SegmentedRaftLogWorker:Storage Directory /tmp/workdir/hadoop-ozone/tools/target/test-dir/MiniOzoneClusterImpl-b9caa8b2-7a0f-4f92-b400-407640b1f1b6/datanode-2/data/ratis/0d8e1d46-fb66-4fdd-88d9-47851e96eeb9: flushIndex: setUnconditionally 0 -> -1
2019-07-10 07:30:17,067 INFO  server.RaftServerConfigKeys (ConfUtils.java:logGet(43)) - raft.server.snapshot.auto.trigger.enabled = true (custom)
2019-07-10 07:30:17,067 INFO  server.RaftServerConfigKeys (ConfUtils.java:logGet(43)) - raft.server.log.statemachine.data.sync.timeout = 10s (default)
2019-07-10 07:30:17,067 INFO  server.RaftServerConfigKeys (ConfUtils.java:logGet(43)) - raft.server.snapshot.auto.trigger.enabled = true (custom)
2019-07-10 07:30:17,067 INFO  server.RaftServerConfigKeys (ConfUtils.java:logGet(43)) - raft.server.snapshot.auto.trigger.threshold = 10000 (custom)
2019-07-10 07:30:17,068 INFO  server.RaftServerConfigKeys (ConfUtils.java:logGet(43)) - raft.server.snapshot.auto.trigger.threshold = 10000 (custom)
2019-07-10 07:30:17,068 INFO  server.RaftServerConfigKeys (ConfUtils.java:logGet(43)) - raft.server.retrycache.expirytime = 600000ms (custom)
2019-07-10 07:30:17,068 INFO  server.RaftServerConfigKeys (ConfUtils.java:logGet(43)) - raft.server.log.statemachine.data.sync.timeout.retry = -1 (default)
2019-07-10 07:30:17,068 INFO  impl.RaftServerImpl (RaftServerImpl.java:start(180)) - 39c54784-9e1e-41fd-b789-d6fe66a0a826: start group-47851E96EEB9
2019-07-10 07:30:17,068 INFO  server.RaftServerConfigKeys (ConfUtils.java:logGet(43)) - raft.server.retrycache.expirytime = 600000ms (custom)
2019-07-10 07:30:17,069 INFO  impl.RaftServerImpl (RaftServerImpl.java:setRole(171)) - 39c54784-9e1e-41fd-b789-d6fe66a0a826:group-47851E96EEB9 changes role from null to FOLLOWER at term 0 for startAsFollower
2019-07-10 07:30:17,069 INFO  server.RaftServerConfigKeys (ConfUtils.java:logGet(43)) - raft.server.log.statemachine.data.caching.enabled = true (custom)
2019-07-10 07:30:17,069 INFO  impl.RoleInfo (RoleInfo.java:updateAndGet(143)) - 39c54784-9e1e-41fd-b789-d6fe66a0a826: start FollowerState
2019-07-10 07:30:17,069 INFO  impl.RaftServerImpl (RaftServerImpl.java:start(180)) - 2285e7a6-3996-45af-9a09-acc80daefff4: start group-47851E96EEB9
2019-07-10 07:30:17,069 INFO  segmented.SegmentedRaftLogWorker (SegmentedRaftLogWorker.java:lambda$new$0(132)) - f426f3fa-aaf8-45fd-9820-e3703380c0bb-SegmentedRaftLogWorker:Storage Directory /tmp/workdir/hadoop-ozone/tools/target/test-dir/MiniOzoneClusterImpl-b9caa8b2-7a0f-4f92-b400-407640b1f1b6/datanode-1/data/ratis/0d8e1d46-fb66-4fdd-88d9-47851e96eeb9: flushIndex: setUnconditionally 0 -> -1
2019-07-10 07:30:17,070 INFO  impl.RaftServerImpl (RaftServerImpl.java:setRole(171)) - 2285e7a6-3996-45af-9a09-acc80daefff4:group-47851E96EEB9 changes role from null to FOLLOWER at term 0 for startAsFollower
2019-07-10 07:30:17,070 INFO  util.JmxRegister (JmxRegister.java:tryRegister(44)) - Successfully registered JMX Bean with object name Ratis:service=RaftServer,group=group-47851E96EEB9,id=39c54784-9e1e-41fd-b789-d6fe66a0a826
2019-07-10 07:30:17,070 INFO  impl.RoleInfo (RoleInfo.java:updateAndGet(143)) - 2285e7a6-3996-45af-9a09-acc80daefff4: start FollowerState
2019-07-10 07:30:17,070 INFO  server.RaftServerConfigKeys (ConfUtils.java:logGet(43)) - raft.server.snapshot.auto.trigger.enabled = true (custom)
2019-07-10 07:30:17,070 INFO  server.RaftServerConfigKeys (ConfUtils.java:logGet(43)) - raft.server.snapshot.auto.trigger.threshold = 10000 (custom)
2019-07-10 07:30:17,071 INFO  util.JmxRegister (JmxRegister.java:tryRegister(44)) - Successfully registered JMX Bean with object name Ratis:service=RaftServer,group=group-47851E96EEB9,id=2285e7a6-3996-45af-9a09-acc80daefff4
2019-07-10 07:30:17,071 INFO  server.RaftServerConfigKeys (ConfUtils.java:logGet(43)) - raft.server.retrycache.expirytime = 600000ms (custom)
2019-07-10 07:30:17,071 INFO  impl.RaftServerImpl (RaftServerImpl.java:start(180)) - f426f3fa-aaf8-45fd-9820-e3703380c0bb: start group-47851E96EEB9
2019-07-10 07:30:17,072 INFO  impl.RaftServerImpl (RaftServerImpl.java:setRole(171)) - f426f3fa-aaf8-45fd-9820-e3703380c0bb:group-47851E96EEB9 changes role from null to FOLLOWER at term 0 for startAsFollower
2019-07-10 07:30:17,072 INFO  impl.RoleInfo (RoleInfo.java:updateAndGet(143)) - f426f3fa-aaf8-45fd-9820-e3703380c0bb: start FollowerState
2019-07-10 07:30:17,074 INFO  util.JmxRegister (JmxRegister.java:tryRegister(44)) - Successfully registered JMX Bean with object name Ratis:service=RaftServer,group=group-47851E96EEB9,id=f426f3fa-aaf8-45fd-9820-e3703380c0bb
2019-07-10 07:30:17,089 INFO  pipeline.PipelineStateManager (PipelineStateManager.java:addPipeline(56)) - Created pipeline Pipeline[ Id: 0d8e1d46-fb66-4fdd-88d9-47851e96eeb9, Nodes: 2285e7a6-3996-45af-9a09-acc80daefff4{ip: 192.168.5.130, host: hdds1735-hmsjh-1333287617, networkLocation: /default-rack, certSerialId: null}f426f3fa-aaf8-45fd-9820-e3703380c0bb{ip: 192.168.5.130, host: hdds1735-hmsjh-1333287617, networkLocation: /default-rack, certSerialId: null}39c54784-9e1e-41fd-b789-d6fe66a0a826{ip: 192.168.5.130, host: hdds1735-hmsjh-1333287617, networkLocation: /default-rack, certSerialId: null}, Type:RATIS, Factor:THREE, State:OPEN]
2019-07-10 07:30:17,344 INFO  client.GrpcClientProtocolClient (GrpcClientProtocolClient.java:onNext(255)) - client-AF3F826486AF->2285e7a6-3996-45af-9a09-acc80daefff4: receive RaftClientReply:client-AF3F826486AF->2285e7a6-3996-45af-9a09-acc80daefff4@group-47851E96EEB9, cid=6, FAILED org.apache.ratis.protocol.NotLeaderException: Server 2285e7a6-3996-45af-9a09-acc80daefff4 is not the leader (null). Request must be sent to leader., logIndex=0, commits[2285e7a6-3996-45af-9a09-acc80daefff4:c-1]
 0.00% |█                                                                                                    |  0/1 Time: 0:00:012019-07-10 07:30:17,840 INFO  impl.FollowerState (FollowerState.java:run(106)) - 39c54784-9e1e-41fd-b789-d6fe66a0a826:group-8685D9FEA621 changes to CANDIDATE, lastRpcTime:1059, electionTimeout:1058ms
2019-07-10 07:30:17,842 INFO  impl.RoleInfo (RoleInfo.java:shutdownFollowerState(121)) - 39c54784-9e1e-41fd-b789-d6fe66a0a826: shutdown FollowerState
2019-07-10 07:30:17,842 INFO  impl.RaftServerImpl (RaftServerImpl.java:setRole(171)) - 39c54784-9e1e-41fd-b789-d6fe66a0a826:group-8685D9FEA621 changes role from FOLLOWER to CANDIDATE at term 0 for changeToCandidate
2019-07-10 07:30:17,848 INFO  impl.RoleInfo (RoleInfo.java:updateAndGet(143)) - 39c54784-9e1e-41fd-b789-d6fe66a0a826: start LeaderElection
2019-07-10 07:30:17,860 INFO  impl.LeaderElection (LeaderElection.java:askForVotes(181)) - 39c54784-9e1e-41fd-b789-d6fe66a0a826:group-8685D9FEA621:LeaderElection1: begin an election at term 1 for -1: [39c54784-9e1e-41fd-b789-d6fe66a0a826:192.168.5.130:41999], old=null
2019-07-10 07:30:17,862 INFO  impl.RoleInfo (RoleInfo.java:shutdownLeaderElection(134)) - 39c54784-9e1e-41fd-b789-d6fe66a0a826: shutdown LeaderElection
2019-07-10 07:30:17,863 INFO  impl.RaftServerImpl (RaftServerImpl.java:setRole(171)) - 39c54784-9e1e-41fd-b789-d6fe66a0a826:group-8685D9FEA621 changes role from CANDIDATE to LEADER at term 1 for changeToLeader
2019-07-10 07:30:17,863 INFO  impl.RaftServerImpl (ServerState.java:setLeader(263)) - 39c54784-9e1e-41fd-b789-d6fe66a0a826:group-8685D9FEA621 change Leader from null to 39c54784-9e1e-41fd-b789-d6fe66a0a826 at term 1 for becomeLeader, leader elected after 1188ms
2019-07-10 07:30:17,871 INFO  server.RaftServerConfigKeys (ConfUtils.java:logGet(43)) - raft.server.staging.catchup.gap = 1000 (default)
2019-07-10 07:30:17,872 INFO  server.RaftServerConfigKeys (ConfUtils.java:logGet(43)) - raft.server.rpc.sleep.time = 25ms (default)
2019-07-10 07:30:17,875 INFO  server.RaftServerConfigKeys (ConfUtils.java:logGet(43)) - raft.server.write.element-limit = 4096 (default)
2019-07-10 07:30:17,879 INFO  server.RaftServerConfigKeys (ConfUtils.java:logGet(43)) - raft.server.watch.timeout = 10s (default)
2019-07-10 07:30:17,879 INFO  server.RaftServerConfigKeys (ConfUtils.java:logGet(43)) - raft.server.watch.timeout.denomination = 1s (default)
2019-07-10 07:30:17,881 INFO  server.RaftServerConfigKeys (ConfUtils.java:logGet(43)) - raft.server.watch.element-limit = 65536 (default)
2019-07-10 07:30:17,893 INFO  impl.RoleInfo (RoleInfo.java:updateAndGet(143)) - 39c54784-9e1e-41fd-b789-d6fe66a0a826: start LeaderState
2019-07-10 07:30:17,919 INFO  segmented.SegmentedRaftLogWorker (SegmentedRaftLogWorker.java:startLogSegment(380)) - 39c54784-9e1e-41fd-b789-d6fe66a0a826-SegmentedRaftLogWorker:Storage Directory /tmp/workdir/hadoop-ozone/tools/target/test-dir/MiniOzoneClusterImpl-b9caa8b2-7a0f-4f92-b400-407640b1f1b6/datanode-0/data/ratis/021c91eb-e089-4803-9ec4-8685d9fea621: Starting segment from index:0
2019-07-10 07:30:17,929 INFO  impl.RaftServerImpl (ServerState.java:setRaftConf(361)) - 39c54784-9e1e-41fd-b789-d6fe66a0a826:group-8685D9FEA621 set configuration 0: [39c54784-9e1e-41fd-b789-d6fe66a0a826:192.168.5.130:41999], old=null at 0
2019-07-10 07:30:18,073 INFO  impl.FollowerState (FollowerState.java:run(106)) - f426f3fa-aaf8-45fd-9820-e3703380c0bb:group-8A7EFF90C282 changes to CANDIDATE, lastRpcTime:1079, electionTimeout:1079ms
2019-07-10 07:30:18,075 INFO  impl.RoleInfo (RoleInfo.java:shutdownFollowerState(121)) - f426f3fa-aaf8-45fd-9820-e3703380c0bb: shutdown FollowerState
2019-07-10 07:30:18,076 INFO  impl.RaftServerImpl (RaftServerImpl.java:setRole(171)) - f426f3fa-aaf8-45fd-9820-e3703380c0bb:group-8A7EFF90C282 changes role from FOLLOWER to CANDIDATE at term 0 for changeToCandidate
2019-07-10 07:30:18,076 INFO  impl.RoleInfo (RoleInfo.java:updateAndGet(143)) - f426f3fa-aaf8-45fd-9820-e3703380c0bb: start LeaderElection
2019-07-10 07:30:18,092 INFO  impl.LeaderElection (LeaderElection.java:askForVotes(181)) - f426f3fa-aaf8-45fd-9820-e3703380c0bb:group-8A7EFF90C282:LeaderElection2: begin an election at term 1 for -1: [f426f3fa-aaf8-45fd-9820-e3703380c0bb:192.168.5.130:37848], old=null
2019-07-10 07:30:18,093 INFO  impl.RoleInfo (RoleInfo.java:shutdownLeaderElection(134)) - f426f3fa-aaf8-45fd-9820-e3703380c0bb: shutdown LeaderElection
2019-07-10 07:30:18,093 INFO  impl.RaftServerImpl (RaftServerImpl.java:setRole(171)) - f426f3fa-aaf8-45fd-9820-e3703380c0bb:group-8A7EFF90C282 changes role from CANDIDATE to LEADER at term 1 for changeToLeader
2019-07-10 07:30:18,094 INFO  impl.RaftServerImpl (ServerState.java:setLeader(263)) - f426f3fa-aaf8-45fd-9820-e3703380c0bb:group-8A7EFF90C282 change Leader from null to f426f3fa-aaf8-45fd-9820-e3703380c0bb at term 1 for becomeLeader, leader elected after 1108ms
2019-07-10 07:30:18,094 INFO  server.RaftServerConfigKeys (ConfUtils.java:logGet(43)) - raft.server.staging.catchup.gap = 1000 (default)
2019-07-10 07:30:18,094 INFO  server.RaftServerConfigKeys (ConfUtils.java:logGet(43)) - raft.server.rpc.sleep.time = 25ms (default)
2019-07-10 07:30:18,095 INFO  server.RaftServerConfigKeys (ConfUtils.java:logGet(43)) - raft.server.write.element-limit = 4096 (default)
2019-07-10 07:30:18,095 INFO  server.RaftServerConfigKeys (ConfUtils.java:logGet(43)) - raft.server.watch.timeout = 10s (default)
2019-07-10 07:30:18,095 INFO  server.RaftServerConfigKeys (ConfUtils.java:logGet(43)) - raft.server.watch.timeout.denomination = 1s (default)
2019-07-10 07:30:18,095 INFO  server.RaftServerConfigKeys (ConfUtils.java:logGet(43)) - raft.server.watch.element-limit = 65536 (default)
2019-07-10 07:30:18,096 INFO  impl.RoleInfo (RoleInfo.java:updateAndGet(143)) - f426f3fa-aaf8-45fd-9820-e3703380c0bb: start LeaderState
2019-07-10 07:30:18,096 INFO  segmented.SegmentedRaftLogWorker (SegmentedRaftLogWorker.java:startLogSegment(380)) - f426f3fa-aaf8-45fd-9820-e3703380c0bb-SegmentedRaftLogWorker:Storage Directory /tmp/workdir/hadoop-ozone/tools/target/test-dir/MiniOzoneClusterImpl-b9caa8b2-7a0f-4f92-b400-407640b1f1b6/datanode-1/data/ratis/42844533-f6a4-4db9-87c7-8a7eff90c282: Starting segment from index:0
2019-07-10 07:30:18,097 INFO  impl.RaftServerImpl (ServerState.java:setRaftConf(361)) - f426f3fa-aaf8-45fd-9820-e3703380c0bb:group-8A7EFF90C282 set configuration 0: [f426f3fa-aaf8-45fd-9820-e3703380c0bb:192.168.5.130:37848], old=null at 0
2019-07-10 07:30:18,116 INFO  impl.FollowerState (FollowerState.java:run(106)) - 2285e7a6-3996-45af-9a09-acc80daefff4:group-37782E7E8379 changes to CANDIDATE, lastRpcTime:1181, electionTimeout:1180ms
2019-07-10 07:30:18,117 INFO  impl.RoleInfo (RoleInfo.java:shutdownFollowerState(121)) - 2285e7a6-3996-45af-9a09-acc80daefff4: shutdown FollowerState
2019-07-10 07:30:18,117 INFO  impl.RaftServerImpl (RaftServerImpl.java:setRole(171)) - 2285e7a6-3996-45af-9a09-acc80daefff4:group-37782E7E8379 changes role from FOLLOWER to CANDIDATE at term 0 for changeToCandidate
2019-07-10 07:30:18,117 INFO  impl.RoleInfo (RoleInfo.java:updateAndGet(143)) - 2285e7a6-3996-45af-9a09-acc80daefff4: start LeaderElection
2019-07-10 07:30:18,125 INFO  segmented.SegmentedRaftLogWorker (SegmentedRaftLogWorker.java:execute(569)) - 39c54784-9e1e-41fd-b789-d6fe66a0a826-SegmentedRaftLogWorker:Storage Directory /tmp/workdir/hadoop-ozone/tools/target/test-dir/MiniOzoneClusterImpl-b9caa8b2-7a0f-4f92-b400-407640b1f1b6/datanode-0/data/ratis/021c91eb-e089-4803-9ec4-8685d9fea621: created new log segment /tmp/workdir/hadoop-ozone/tools/target/test-dir/MiniOzoneClusterImpl-b9caa8b2-7a0f-4f92-b400-407640b1f1b6/datanode-0/data/ratis/021c91eb-e089-4803-9ec4-8685d9fea621/current/log_inprogress_0
2019-07-10 07:30:18,125 INFO  segmented.SegmentedRaftLogWorker (SegmentedRaftLogWorker.java:execute(569)) - f426f3fa-aaf8-45fd-9820-e3703380c0bb-SegmentedRaftLogWorker:Storage Directory /tmp/workdir/hadoop-ozone/tools/target/test-dir/MiniOzoneClusterImpl-b9caa8b2-7a0f-4f92-b400-407640b1f1b6/datanode-1/data/ratis/42844533-f6a4-4db9-87c7-8a7eff90c282: created new log segment /tmp/workdir/hadoop-ozone/tools/target/test-dir/MiniOzoneClusterImpl-b9caa8b2-7a0f-4f92-b400-407640b1f1b6/datanode-1/data/ratis/42844533-f6a4-4db9-87c7-8a7eff90c282/current/log_inprogress_0
2019-07-10 07:30:18,127 INFO  impl.LeaderElection (LeaderElection.java:askForVotes(181)) - 2285e7a6-3996-45af-9a09-acc80daefff4:group-37782E7E8379:LeaderElection3: begin an election at term 1 for -1: [2285e7a6-3996-45af-9a09-acc80daefff4:192.168.5.130:41370], old=null
2019-07-10 07:30:18,128 INFO  impl.RoleInfo (RoleInfo.java:shutdownLeaderElection(134)) - 2285e7a6-3996-45af-9a09-acc80daefff4: shutdown LeaderElection
2019-07-10 07:30:18,128 INFO  impl.RaftServerImpl (RaftServerImpl.java:setRole(171)) - 2285e7a6-3996-45af-9a09-acc80daefff4:group-37782E7E8379 changes role from CANDIDATE to LEADER at term 1 for changeToLeader
2019-07-10 07:30:18,128 INFO  impl.RaftServerImpl (ServerState.java:setLeader(263)) - 2285e7a6-3996-45af-9a09-acc80daefff4:group-37782E7E8379 change Leader from null to 2285e7a6-3996-45af-9a09-acc80daefff4 at term 1 for becomeLeader, leader elected after 1201ms
2019-07-10 07:30:18,129 INFO  server.RaftServerConfigKeys (ConfUtils.java:logGet(43)) - raft.server.staging.catchup.gap = 1000 (default)
2019-07-10 07:30:18,129 INFO  server.RaftServerConfigKeys (ConfUtils.java:logGet(43)) - raft.server.rpc.sleep.time = 25ms (default)
2019-07-10 07:30:18,129 INFO  server.RaftServerConfigKeys (ConfUtils.java:logGet(43)) - raft.server.write.element-limit = 4096 (default)
2019-07-10 07:30:18,129 INFO  server.RaftServerConfigKeys (ConfUtils.java:logGet(43)) - raft.server.watch.timeout = 10s (default)
2019-07-10 07:30:18,129 INFO  server.RaftServerConfigKeys (ConfUtils.java:logGet(43)) - raft.server.watch.timeout.denomination = 1s (default)
2019-07-10 07:30:18,130 INFO  server.RaftServerConfigKeys (ConfUtils.java:logGet(43)) - raft.server.watch.element-limit = 65536 (default)
2019-07-10 07:30:18,130 INFO  impl.RoleInfo (RoleInfo.java:updateAndGet(143)) - 2285e7a6-3996-45af-9a09-acc80daefff4: start LeaderState
2019-07-10 07:30:18,130 INFO  segmented.SegmentedRaftLogWorker (SegmentedRaftLogWorker.java:startLogSegment(380)) - 2285e7a6-3996-45af-9a09-acc80daefff4-SegmentedRaftLogWorker:Storage Directory /tmp/workdir/hadoop-ozone/tools/target/test-dir/MiniOzoneClusterImpl-b9caa8b2-7a0f-4f92-b400-407640b1f1b6/datanode-2/data/ratis/3b092f1d-4754-4baf-961d-37782e7e8379: Starting segment from index:0
2019-07-10 07:30:18,131 INFO  impl.RaftServerImpl (ServerState.java:setRaftConf(361)) - 2285e7a6-3996-45af-9a09-acc80daefff4:group-37782E7E8379 set configuration 0: [2285e7a6-3996-45af-9a09-acc80daefff4:192.168.5.130:41370], old=null at 0
2019-07-10 07:30:18,151 INFO  segmented.SegmentedRaftLogWorker (SegmentedRaftLogWorker.java:execute(569)) - 2285e7a6-3996-45af-9a09-acc80daefff4-SegmentedRaftLogWorker:Storage Directory /tmp/workdir/hadoop-ozone/tools/target/test-dir/MiniOzoneClusterImpl-b9caa8b2-7a0f-4f92-b400-407640b1f1b6/datanode-2/data/ratis/3b092f1d-4754-4baf-961d-37782e7e8379: created new log segment /tmp/workdir/hadoop-ozone/tools/target/test-dir/MiniOzoneClusterImpl-b9caa8b2-7a0f-4f92-b400-407640b1f1b6/datanode-2/data/ratis/3b092f1d-4754-4baf-961d-37782e7e8379/current/log_inprogress_0
2019-07-10 07:30:18,170 INFO  impl.FollowerState (FollowerState.java:run(106)) - f426f3fa-aaf8-45fd-9820-e3703380c0bb:group-47851E96EEB9 changes to CANDIDATE, lastRpcTime:1097, electionTimeout:1096ms
2019-07-10 07:30:18,170 INFO  impl.RoleInfo (RoleInfo.java:shutdownFollowerState(121)) - f426f3fa-aaf8-45fd-9820-e3703380c0bb: shutdown FollowerState
2019-07-10 07:30:18,170 INFO  impl.RaftServerImpl (RaftServerImpl.java:setRole(171)) - f426f3fa-aaf8-45fd-9820-e3703380c0bb:group-47851E96EEB9 changes role from FOLLOWER to CANDIDATE at term 0 for changeToCandidate
2019-07-10 07:30:18,171 INFO  impl.RoleInfo (RoleInfo.java:updateAndGet(143)) - f426f3fa-aaf8-45fd-9820-e3703380c0bb: start LeaderElection
2019-07-10 07:30:18,178 INFO  impl.FollowerState (FollowerState.java:run(106)) - 39c54784-9e1e-41fd-b789-d6fe66a0a826:group-47851E96EEB9 changes to CANDIDATE, lastRpcTime:1108, electionTimeout:1108ms
2019-07-10 07:30:18,179 INFO  impl.RoleInfo (RoleInfo.java:shutdownFollowerState(121)) - 39c54784-9e1e-41fd-b789-d6fe66a0a826: shutdown FollowerState
2019-07-10 07:30:18,179 INFO  impl.RaftServerImpl (RaftServerImpl.java:setRole(171)) - 39c54784-9e1e-41fd-b789-d6fe66a0a826:group-47851E96EEB9 changes role from FOLLOWER to CANDIDATE at term 0 for changeToCandidate
2019-07-10 07:30:18,179 INFO  impl.RoleInfo (RoleInfo.java:updateAndGet(143)) - 39c54784-9e1e-41fd-b789-d6fe66a0a826: start LeaderElection
2019-07-10 07:30:18,188 INFO  impl.LeaderElection (LeaderElection.java:askForVotes(181)) - f426f3fa-aaf8-45fd-9820-e3703380c0bb:group-47851E96EEB9:LeaderElection4: begin an election at term 1 for -1: [2285e7a6-3996-45af-9a09-acc80daefff4:192.168.5.130:41370, 39c54784-9e1e-41fd-b789-d6fe66a0a826:192.168.5.130:41999, f426f3fa-aaf8-45fd-9820-e3703380c0bb:192.168.5.130:37848], old=null
2019-07-10 07:30:18,188 INFO  impl.LeaderElection (LeaderElection.java:askForVotes(181)) - 39c54784-9e1e-41fd-b789-d6fe66a0a826:group-47851E96EEB9:LeaderElection5: begin an election at term 1 for -1: [2285e7a6-3996-45af-9a09-acc80daefff4:192.168.5.130:41370, 39c54784-9e1e-41fd-b789-d6fe66a0a826:192.168.5.130:41999, f426f3fa-aaf8-45fd-9820-e3703380c0bb:192.168.5.130:37848], old=null
2019-07-10 07:30:18,223 INFO  impl.RaftServerImpl (RaftServerImpl.java:setRole(171)) - 2285e7a6-3996-45af-9a09-acc80daefff4:group-47851E96EEB9 changes role from FOLLOWER to FOLLOWER at term 1 for recognizeCandidate:39c54784-9e1e-41fd-b789-d6fe66a0a826
2019-07-10 07:30:18,224 INFO  impl.RoleInfo (RoleInfo.java:shutdownFollowerState(121)) - 2285e7a6-3996-45af-9a09-acc80daefff4: shutdown FollowerState
2019-07-10 07:30:18,224 INFO  impl.RoleInfo (RoleInfo.java:updateAndGet(143)) - 2285e7a6-3996-45af-9a09-acc80daefff4: start FollowerState
2019-07-10 07:30:18,224 INFO  impl.FollowerState (FollowerState.java:run(114)) - 2285e7a6-3996-45af-9a09-acc80daefff4: FollowerState was interrupted: java.lang.InterruptedException: sleep interrupted
2019-07-10 07:30:18,247 INFO  impl.LeaderElection (LeaderElection.java:logAndReturn(56)) - 39c54784-9e1e-41fd-b789-d6fe66a0a826:group-47851E96EEB9:LeaderElection5: Election PASSED; received 2 response(s) [39c54784-9e1e-41fd-b789-d6fe66a0a826<-2285e7a6-3996-45af-9a09-acc80daefff4#0:OK-t1, 39c54784-9e1e-41fd-b789-d6fe66a0a826<-f426f3fa-aaf8-45fd-9820-e3703380c0bb#0:FAIL-t1] and 0 exception(s); 39c54784-9e1e-41fd-b789-d6fe66a0a826:t1, leader=null, voted=39c54784-9e1e-41fd-b789-d6fe66a0a826, raftlog=39c54784-9e1e-41fd-b789-d6fe66a0a826-SegmentedRaftLog:OPENED:c-1,f-1,i0, conf=-1: [2285e7a6-3996-45af-9a09-acc80daefff4:192.168.5.130:41370, 39c54784-9e1e-41fd-b789-d6fe66a0a826:192.168.5.130:41999, f426f3fa-aaf8-45fd-9820-e3703380c0bb:192.168.5.130:37848], old=null
2019-07-10 07:30:18,247 INFO  impl.LeaderElection (LeaderElection.java:logAndReturn(56)) - f426f3fa-aaf8-45fd-9820-e3703380c0bb:group-47851E96EEB9:LeaderElection4: Election REJECTED; received 2 response(s) [f426f3fa-aaf8-45fd-9820-e3703380c0bb<-2285e7a6-3996-45af-9a09-acc80daefff4#0:FAIL-t1, f426f3fa-aaf8-45fd-9820-e3703380c0bb<-39c54784-9e1e-41fd-b789-d6fe66a0a826#0:FAIL-t1] and 0 exception(s); f426f3fa-aaf8-45fd-9820-e3703380c0bb:t1, leader=null, voted=f426f3fa-aaf8-45fd-9820-e3703380c0bb, raftlog=f426f3fa-aaf8-45fd-9820-e3703380c0bb-SegmentedRaftLog:OPENED:c-1,f-1,i0, conf=-1: [2285e7a6-3996-45af-9a09-acc80daefff4:192.168.5.130:41370, 39c54784-9e1e-41fd-b789-d6fe66a0a826:192.168.5.130:41999, f426f3fa-aaf8-45fd-9820-e3703380c0bb:192.168.5.130:37848], old=null
2019-07-10 07:30:18,247 INFO  impl.RoleInfo (RoleInfo.java:shutdownLeaderElection(134)) - 39c54784-9e1e-41fd-b789-d6fe66a0a826: shutdown LeaderElection
2019-07-10 07:30:18,250 INFO  impl.RaftServerImpl (RaftServerImpl.java:setRole(171)) - 39c54784-9e1e-41fd-b789-d6fe66a0a826:group-47851E96EEB9 changes role from CANDIDATE to LEADER at term 1 for changeToLeader
2019-07-10 07:30:18,250 INFO  impl.RaftServerImpl (RaftServerImpl.java:setRole(171)) - f426f3fa-aaf8-45fd-9820-e3703380c0bb:group-47851E96EEB9 changes role from CANDIDATE to FOLLOWER at term 1 for DISCOVERED_A_NEW_TERM
2019-07-10 07:30:18,252 INFO  impl.RaftServerImpl (ServerState.java:setLeader(263)) - 39c54784-9e1e-41fd-b789-d6fe66a0a826:group-47851E96EEB9 change Leader from null to 39c54784-9e1e-41fd-b789-d6fe66a0a826 at term 1 for becomeLeader, leader elected after 1196ms
2019-07-10 07:30:18,253 INFO  impl.RoleInfo (RoleInfo.java:shutdownLeaderElection(134)) - f426f3fa-aaf8-45fd-9820-e3703380c0bb: shutdown LeaderElection
2019-07-10 07:30:18,253 INFO  server.RaftServerConfigKeys (ConfUtils.java:logGet(43)) - raft.server.staging.catchup.gap = 1000 (default)
2019-07-10 07:30:18,253 INFO  impl.RoleInfo (RoleInfo.java:updateAndGet(143)) - f426f3fa-aaf8-45fd-9820-e3703380c0bb: start FollowerState
2019-07-10 07:30:18,253 INFO  server.RaftServerConfigKeys (ConfUtils.java:logGet(43)) - raft.server.rpc.sleep.time = 25ms (default)
2019-07-10 07:30:18,254 INFO  server.RaftServerConfigKeys (ConfUtils.java:logGet(43)) - raft.server.write.element-limit = 4096 (default)
2019-07-10 07:30:18,255 INFO  server.RaftServerConfigKeys (ConfUtils.java:logGet(43)) - raft.server.watch.timeout = 10s (default)
2019-07-10 07:30:18,255 INFO  server.RaftServerConfigKeys (ConfUtils.java:logGet(43)) - raft.server.watch.timeout.denomination = 1s (default)
2019-07-10 07:30:18,255 INFO  server.RaftServerConfigKeys (ConfUtils.java:logGet(43)) - raft.server.watch.element-limit = 65536 (default)
2019-07-10 07:30:18,257 INFO  server.RaftServerConfigKeys (ConfUtils.java:logGet(43)) - raft.server.log.appender.snapshot.chunk.size.max = 16MB (=16777216) (default)
2019-07-10 07:30:18,257 INFO  server.RaftServerConfigKeys (ConfUtils.java:logGet(43)) - raft.server.log.appender.buffer.byte-limit = 33554432 (custom)
2019-07-10 07:30:18,258 INFO  server.RaftServerConfigKeys (ConfUtils.java:logGet(43)) - raft.server.log.appender.buffer.element-limit = 1 (custom)
2019-07-10 07:30:18,260 INFO  grpc.GrpcConfigKeys$Server (ConfUtils.java:logGet(43)) - raft.grpc.server.leader.outstanding.appends.max = 128 (default)
2019-07-10 07:30:18,262 INFO  server.RaftServerConfigKeys (ConfUtils.java:logGet(43)) - raft.server.rpc.request.timeout = 3000ms (default)
2019-07-10 07:30:18,262 INFO  server.RaftServerConfigKeys (ConfUtils.java:logGet(43)) - raft.server.log.appender.install.snapshot.enabled = false (custom)
2019-07-10 07:30:18,262 INFO  server.RaftServerConfigKeys (ConfUtils.java:logGet(43)) - raft.server.log.appender.snapshot.chunk.size.max = 16MB (=16777216) (default)
2019-07-10 07:30:18,262 INFO  server.RaftServerConfigKeys (ConfUtils.java:logGet(43)) - raft.server.log.appender.buffer.byte-limit = 33554432 (custom)
2019-07-10 07:30:18,262 INFO  server.RaftServerConfigKeys (ConfUtils.java:logGet(43)) - raft.server.log.appender.buffer.element-limit = 1 (custom)
2019-07-10 07:30:18,262 INFO  grpc.GrpcConfigKeys$Server (ConfUtils.java:logGet(43)) - raft.grpc.server.leader.outstanding.appends.max = 128 (default)
2019-07-10 07:30:18,263 INFO  server.RaftServerConfigKeys (ConfUtils.java:logGet(43)) - raft.server.rpc.request.timeout = 3000ms (default)
2019-07-10 07:30:18,263 INFO  server.RaftServerConfigKeys (ConfUtils.java:logGet(43)) - raft.server.log.appender.install.snapshot.enabled = false (custom)
2019-07-10 07:30:18,264 INFO  impl.RoleInfo (RoleInfo.java:updateAndGet(143)) - 39c54784-9e1e-41fd-b789-d6fe66a0a826: start LeaderState
2019-07-10 07:30:18,264 INFO  segmented.SegmentedRaftLogWorker (SegmentedRaftLogWorker.java:startLogSegment(380)) - 39c54784-9e1e-41fd-b789-d6fe66a0a826-SegmentedRaftLogWorker:Storage Directory /tmp/workdir/hadoop-ozone/tools/target/test-dir/MiniOzoneClusterImpl-b9caa8b2-7a0f-4f92-b400-407640b1f1b6/datanode-0/data/ratis/0d8e1d46-fb66-4fdd-88d9-47851e96eeb9: Starting segment from index:0
2019-07-10 07:30:18,265 INFO  impl.RaftServerImpl (ServerState.java:setRaftConf(361)) - 39c54784-9e1e-41fd-b789-d6fe66a0a826:group-47851E96EEB9 set configuration 0: [2285e7a6-3996-45af-9a09-acc80daefff4:192.168.5.130:41370, 39c54784-9e1e-41fd-b789-d6fe66a0a826:192.168.5.130:41999, f426f3fa-aaf8-45fd-9820-e3703380c0bb:192.168.5.130:37848], old=null at 0
2019-07-10 07:30:18,293 INFO  segmented.SegmentedRaftLogWorker (SegmentedRaftLogWorker.java:execute(569)) - 39c54784-9e1e-41fd-b789-d6fe66a0a826-SegmentedRaftLogWorker:Storage Directory /tmp/workdir/hadoop-ozone/tools/target/test-dir/MiniOzoneClusterImpl-b9caa8b2-7a0f-4f92-b400-407640b1f1b6/datanode-0/data/ratis/0d8e1d46-fb66-4fdd-88d9-47851e96eeb9: created new log segment /tmp/workdir/hadoop-ozone/tools/target/test-dir/MiniOzoneClusterImpl-b9caa8b2-7a0f-4f92-b400-407640b1f1b6/datanode-0/data/ratis/0d8e1d46-fb66-4fdd-88d9-47851e96eeb9/current/log_inprogress_0
2019-07-10 07:30:18,303 INFO  impl.RaftServerImpl (ServerState.java:setLeader(263)) - f426f3fa-aaf8-45fd-9820-e3703380c0bb:group-47851E96EEB9 change Leader from null to 39c54784-9e1e-41fd-b789-d6fe66a0a826 at term 1 for appendEntries, leader elected after 1248ms
2019-07-10 07:30:18,303 INFO  impl.RaftServerImpl (ServerState.java:setLeader(263)) - 2285e7a6-3996-45af-9a09-acc80daefff4:group-47851E96EEB9 change Leader from null to 39c54784-9e1e-41fd-b789-d6fe66a0a826 at term 1 for appendEntries, leader elected after 1247ms
2019-07-10 07:30:18,340 INFO  impl.RaftServerImpl (ServerState.java:setRaftConf(361)) - f426f3fa-aaf8-45fd-9820-e3703380c0bb:group-47851E96EEB9 set configuration 0: [2285e7a6-3996-45af-9a09-acc80daefff4:192.168.5.130:41370, 39c54784-9e1e-41fd-b789-d6fe66a0a826:192.168.5.130:41999, f426f3fa-aaf8-45fd-9820-e3703380c0bb:192.168.5.130:37848], old=null at 0
2019-07-10 07:30:18,340 INFO  impl.RaftServerImpl (ServerState.java:setRaftConf(361)) - 2285e7a6-3996-45af-9a09-acc80daefff4:group-47851E96EEB9 set configuration 0: [2285e7a6-3996-45af-9a09-acc80daefff4:192.168.5.130:41370, 39c54784-9e1e-41fd-b789-d6fe66a0a826:192.168.5.130:41999, f426f3fa-aaf8-45fd-9820-e3703380c0bb:192.168.5.130:37848], old=null at 0
2019-07-10 07:30:18,341 INFO  segmented.SegmentedRaftLogWorker (SegmentedRaftLogWorker.java:startLogSegment(380)) - f426f3fa-aaf8-45fd-9820-e3703380c0bb-SegmentedRaftLogWorker:Storage Directory /tmp/workdir/hadoop-ozone/tools/target/test-dir/MiniOzoneClusterImpl-b9caa8b2-7a0f-4f92-b400-407640b1f1b6/datanode-1/data/ratis/0d8e1d46-fb66-4fdd-88d9-47851e96eeb9: Starting segment from index:0
2019-07-10 07:30:18,341 INFO  segmented.SegmentedRaftLogWorker (SegmentedRaftLogWorker.java:startLogSegment(380)) - 2285e7a6-3996-45af-9a09-acc80daefff4-SegmentedRaftLogWorker:Storage Directory /tmp/workdir/hadoop-ozone/tools/target/test-dir/MiniOzoneClusterImpl-b9caa8b2-7a0f-4f92-b400-407640b1f1b6/datanode-2/data/ratis/0d8e1d46-fb66-4fdd-88d9-47851e96eeb9: Starting segment from index:0
2019-07-10 07:30:18,373 INFO  segmented.SegmentedRaftLogWorker (SegmentedRaftLogWorker.java:execute(569)) - 2285e7a6-3996-45af-9a09-acc80daefff4-SegmentedRaftLogWorker:Storage Directory /tmp/workdir/hadoop-ozone/tools/target/test-dir/MiniOzoneClusterImpl-b9caa8b2-7a0f-4f92-b400-407640b1f1b6/datanode-2/data/ratis/0d8e1d46-fb66-4fdd-88d9-47851e96eeb9: created new log segment /tmp/workdir/hadoop-ozone/tools/target/test-dir/MiniOzoneClusterImpl-b9caa8b2-7a0f-4f92-b400-407640b1f1b6/datanode-2/data/ratis/0d8e1d46-fb66-4fdd-88d9-47851e96eeb9/current/log_inprogress_0
2019-07-10 07:30:18,373 INFO  segmented.SegmentedRaftLogWorker (SegmentedRaftLogWorker.java:execute(569)) - f426f3fa-aaf8-45fd-9820-e3703380c0bb-SegmentedRaftLogWorker:Storage Directory /tmp/workdir/hadoop-ozone/tools/target/test-dir/MiniOzoneClusterImpl-b9caa8b2-7a0f-4f92-b400-407640b1f1b6/datanode-1/data/ratis/0d8e1d46-fb66-4fdd-88d9-47851e96eeb9: created new log segment /tmp/workdir/hadoop-ozone/tools/target/test-dir/MiniOzoneClusterImpl-b9caa8b2-7a0f-4f92-b400-407640b1f1b6/datanode-1/data/ratis/0d8e1d46-fb66-4fdd-88d9-47851e96eeb9/current/log_inprogress_0
2019-07-10 07:30:18,580 INFO  client.GrpcClientProtocolClient (GrpcClientProtocolClient.java:onNext(255)) - client-AF3F826486AF->39c54784-9e1e-41fd-b789-d6fe66a0a826: receive RaftClientReply:client-AF3F826486AF->39c54784-9e1e-41fd-b789-d6fe66a0a826@group-47851E96EEB9, cid=6, SUCCESS, logIndex=1, commits[39c54784-9e1e-41fd-b789-d6fe66a0a826:c1, 2285e7a6-3996-45af-9a09-acc80daefff4:c0, f426f3fa-aaf8-45fd-9820-e3703380c0bb:c0]
2019-07-10 07:30:18,665 INFO  client.GrpcClientProtocolClient (GrpcClientProtocolClient.java:onNext(255)) - client-AF3F826486AF->39c54784-9e1e-41fd-b789-d6fe66a0a826: receive RaftClientReply:client-AF3F826486AF->39c54784-9e1e-41fd-b789-d6fe66a0a826@group-47851E96EEB9, cid=7, SUCCESS, logIndex=3, commits[39c54784-9e1e-41fd-b789-d6fe66a0a826:c8, 2285e7a6-3996-45af-9a09-acc80daefff4:c6, f426f3fa-aaf8-45fd-9820-e3703380c0bb:c6]
2019-07-10 07:30:18,667 INFO  client.GrpcClientProtocolClient (GrpcClientProtocolClient.java:onNext(255)) - client-AF3F826486AF->39c54784-9e1e-41fd-b789-d6fe66a0a826: receive RaftClientReply:client-AF3F826486AF->39c54784-9e1e-41fd-b789-d6fe66a0a826@group-47851E96EEB9, cid=8, SUCCESS, logIndex=4, commits[39c54784-9e1e-41fd-b789-d6fe66a0a826:c8, 2285e7a6-3996-45af-9a09-acc80daefff4:c6, f426f3fa-aaf8-45fd-9820-e3703380c0bb:c6]
 0.00% |█                                                                                                    |  0/1 Time: 0:00:022019-07-10 07:30:18,752 INFO  client.GrpcClientProtocolClient (GrpcClientProtocolClient.java:onNext(255)) - client-AF3F826486AF->39c54784-9e1e-41fd-b789-d6fe66a0a826: receive RaftClientReply:client-AF3F826486AF->39c54784-9e1e-41fd-b789-d6fe66a0a826@group-47851E96EEB9, cid=9, SUCCESS, logIndex=5, commits[39c54784-9e1e-41fd-b789-d6fe66a0a826:c8, 2285e7a6-3996-45af-9a09-acc80daefff4:c6, f426f3fa-aaf8-45fd-9820-e3703380c0bb:c6]
2019-07-10 07:30:18,800 INFO  client.GrpcClientProtocolClient (GrpcClientProtocolClient.java:onNext(255)) - client-AF3F826486AF->39c54784-9e1e-41fd-b789-d6fe66a0a826: receive RaftClientReply:client-AF3F826486AF->39c54784-9e1e-41fd-b789-d6fe66a0a826@group-47851E96EEB9, cid=10, SUCCESS, logIndex=9, commits[39c54784-9e1e-41fd-b789-d6fe66a0a826:c10, 2285e7a6-3996-45af-9a09-acc80daefff4:c6, f426f3fa-aaf8-45fd-9820-e3703380c0bb:c8]
2019-07-10 07:30:18,801 INFO  client.GrpcClientProtocolClient (GrpcClientProtocolClient.java:onNext(255)) - client-AF3F826486AF->39c54784-9e1e-41fd-b789-d6fe66a0a826: receive RaftClientReply:client-AF3F826486AF->39c54784-9e1e-41fd-b789-d6fe66a0a826@group-47851E96EEB9, cid=11, SUCCESS, logIndex=10, commits[39c54784-9e1e-41fd-b789-d6fe66a0a826:c10, 2285e7a6-3996-45af-9a09-acc80daefff4:c6, f426f3fa-aaf8-45fd-9820-e3703380c0bb:c8]
2019-07-10 07:30:18,818 INFO  client.GrpcClientProtocolClient (GrpcClientProtocolClient.java:onNext(255)) - client-AF3F826486AF->39c54784-9e1e-41fd-b789-d6fe66a0a826: receive RaftClientReply:client-AF3F826486AF->39c54784-9e1e-41fd-b789-d6fe66a0a826@group-47851E96EEB9, cid=12, SUCCESS, logIndex=11, commits[39c54784-9e1e-41fd-b789-d6fe66a0a826:c12, 2285e7a6-3996-45af-9a09-acc80daefff4:c8, f426f3fa-aaf8-45fd-9820-e3703380c0bb:c10]
2019-07-10 07:30:18,819 INFO  client.GrpcClientProtocolClient (GrpcClientProtocolClient.java:onNext(255)) - client-AF3F826486AF->39c54784-9e1e-41fd-b789-d6fe66a0a826: receive RaftClientReply:client-AF3F826486AF->39c54784-9e1e-41fd-b789-d6fe66a0a826@group-47851E96EEB9, cid=13, SUCCESS, logIndex=12, commits[39c54784-9e1e-41fd-b789-d6fe66a0a826:c14, 2285e7a6-3996-45af-9a09-acc80daefff4:c8, f426f3fa-aaf8-45fd-9820-e3703380c0bb:c10]
2019-07-10 07:30:18,843 INFO  client.GrpcClientProtocolClient (GrpcClientProtocolClient.java:onNext(255)) - client-AF3F826486AF->39c54784-9e1e-41fd-b789-d6fe66a0a826: receive RaftClientReply:client-AF3F826486AF->39c54784-9e1e-41fd-b789-d6fe66a0a826@group-47851E96EEB9, cid=14, SUCCESS, logIndex=0, commits[39c54784-9e1e-41fd-b789-d6fe66a0a826:c16, 2285e7a6-3996-45af-9a09-acc80daefff4:c10, f426f3fa-aaf8-45fd-9820-e3703380c0bb:c12]
2019-07-10 07:30:18,849 INFO  client.GrpcClientProtocolClient (GrpcClientProtocolClient.java:onNext(255)) - client-AF3F826486AF->39c54784-9e1e-41fd-b789-d6fe66a0a826: receive RaftClientReply:client-AF3F826486AF->39c54784-9e1e-41fd-b789-d6fe66a0a826@group-47851E96EEB9, cid=15, SUCCESS, logIndex=0, commits[39c54784-9e1e-41fd-b789-d6fe66a0a826:c16, 2285e7a6-3996-45af-9a09-acc80daefff4:c12, f426f3fa-aaf8-45fd-9820-e3703380c0bb:c12]
2019-07-10 07:30:18,968 INFO  client.GrpcClientProtocolClient (GrpcClientProtocolClient.java:onNext(255)) - client-AF3F826486AF->39c54784-9e1e-41fd-b789-d6fe66a0a826: receive RaftClientReply:client-AF3F826486AF->39c54784-9e1e-41fd-b789-d6fe66a0a826@group-47851E96EEB9, cid=16, SUCCESS, logIndex=17, commits[39c54784-9e1e-41fd-b789-d6fe66a0a826:c20, 2285e7a6-3996-45af-9a09-acc80daefff4:c16, f426f3fa-aaf8-45fd-9820-e3703380c0bb:c16]
2019-07-10 07:30:19,007 INFO  client.GrpcClientProtocolClient (GrpcClientProtocolClient.java:onNext(255)) - client-AF3F826486AF->39c54784-9e1e-41fd-b789-d6fe66a0a826: receive RaftClientReply:client-AF3F826486AF->39c54784-9e1e-41fd-b789-d6fe66a0a826@group-47851E96EEB9, cid=17, SUCCESS, logIndex=18, commits[39c54784-9e1e-41fd-b789-d6fe66a0a826:c24, 2285e7a6-3996-45af-9a09-acc80daefff4:c20, f426f3fa-aaf8-45fd-9820-e3703380c0bb:c20]
2019-07-10 07:30:19,013 INFO  client.GrpcClientProtocolClient (GrpcClientProtocolClient.java:onNext(255)) - client-AF3F826486AF->39c54784-9e1e-41fd-b789-d6fe66a0a826: receive RaftClientReply:client-AF3F826486AF->39c54784-9e1e-41fd-b789-d6fe66a0a826@group-47851E96EEB9, cid=18, SUCCESS, logIndex=19, commits[39c54784-9e1e-41fd-b789-d6fe66a0a826:c24, 2285e7a6-3996-45af-9a09-acc80daefff4:c20, f426f3fa-aaf8-45fd-9820-e3703380c0bb:c20]
2019-07-10 07:30:19,062 INFO  client.GrpcClientProtocolClient (GrpcClientProtocolClient.java:onNext(255)) - client-AF3F826486AF->39c54784-9e1e-41fd-b789-d6fe66a0a826: receive RaftClientReply:client-AF3F826486AF->39c54784-9e1e-41fd-b789-d6fe66a0a826@group-47851E96EEB9, cid=19, SUCCESS, logIndex=20, commits[39c54784-9e1e-41fd-b789-d6fe66a0a826:c24, 2285e7a6-3996-45af-9a09-acc80daefff4:c20, f426f3fa-aaf8-45fd-9820-e3703380c0bb:c20]
2019-07-10 07:30:19,107 INFO  client.GrpcClientProtocolClient (GrpcClientProtocolClient.java:onNext(255)) - client-AF3F826486AF->39c54784-9e1e-41fd-b789-d6fe66a0a826: receive RaftClientReply:client-AF3F826486AF->39c54784-9e1e-41fd-b789-d6fe66a0a826@group-47851E96EEB9, cid=20, SUCCESS, logIndex=25, commits[39c54784-9e1e-41fd-b789-d6fe66a0a826:c26, 2285e7a6-3996-45af-9a09-acc80daefff4:c24, f426f3fa-aaf8-45fd-9820-e3703380c0bb:c24]
2019-07-10 07:30:19,108 INFO  client.GrpcClientProtocolClient (GrpcClientProtocolClient.java:onNext(255)) - client-AF3F826486AF->39c54784-9e1e-41fd-b789-d6fe66a0a826: receive RaftClientReply:client-AF3F826486AF->39c54784-9e1e-41fd-b789-d6fe66a0a826@group-47851E96EEB9, cid=21, SUCCESS, logIndex=26, commits[39c54784-9e1e-41fd-b789-d6fe66a0a826:c26, 2285e7a6-3996-45af-9a09-acc80daefff4:c24, f426f3fa-aaf8-45fd-9820-e3703380c0bb:c24]
2019-07-10 07:30:19,121 INFO  client.GrpcClientProtocolClient (GrpcClientProtocolClient.java:onNext(255)) - client-AF3F826486AF->39c54784-9e1e-41fd-b789-d6fe66a0a826: receive RaftClientReply:client-AF3F826486AF->39c54784-9e1e-41fd-b789-d6fe66a0a826@group-47851E96EEB9, cid=22, SUCCESS, logIndex=27, commits[39c54784-9e1e-41fd-b789-d6fe66a0a826:c28, 2285e7a6-3996-45af-9a09-acc80daefff4:c24, f426f3fa-aaf8-45fd-9820-e3703380c0bb:c24]
2019-07-10 07:30:19,122 INFO  client.GrpcClientProtocolClient (GrpcClientProtocolClient.java:onNext(255)) - client-AF3F826486AF->39c54784-9e1e-41fd-b789-d6fe66a0a826: receive RaftClientReply:client-AF3F826486AF->39c54784-9e1e-41fd-b789-d6fe66a0a826@group-47851E96EEB9, cid=23, SUCCESS, logIndex=28, commits[39c54784-9e1e-41fd-b789-d6fe66a0a826:c30, 2285e7a6-3996-45af-9a09-acc80daefff4:c24, f426f3fa-aaf8-45fd-9820-e3703380c0bb:c26]
2019-07-10 07:30:19,125 INFO  client.GrpcClientProtocolClient (GrpcClientProtocolClient.java:onNext(255)) - client-AF3F826486AF->39c54784-9e1e-41fd-b789-d6fe66a0a826: receive RaftClientReply:client-AF3F826486AF->39c54784-9e1e-41fd-b789-d6fe66a0a826@group-47851E96EEB9, cid=24, SUCCESS, logIndex=0, commits[39c54784-9e1e-41fd-b789-d6fe66a0a826:c30, 2285e7a6-3996-45af-9a09-acc80daefff4:c26, f426f3fa-aaf8-45fd-9820-e3703380c0bb:c26]
2019-07-10 07:30:19,134 INFO  client.GrpcClientProtocolClient (GrpcClientProtocolClient.java:onNext(255)) - client-AF3F826486AF->39c54784-9e1e-41fd-b789-d6fe66a0a826: receive RaftClientReply:client-AF3F826486AF->39c54784-9e1e-41fd-b789-d6fe66a0a826@group-47851E96EEB9, cid=25, SUCCESS, logIndex=0, commits[39c54784-9e1e-41fd-b789-d6fe66a0a826:c32, 2285e7a6-3996-45af-9a09-acc80daefff4:c28, f426f3fa-aaf8-45fd-9820-e3703380c0bb:c28]
2019-07-10 07:30:19,248 INFO  client.GrpcClientProtocolClient (GrpcClientProtocolClient.java:onNext(255)) - client-AF3F826486AF->39c54784-9e1e-41fd-b789-d6fe66a0a826: receive RaftClientReply:client-AF3F826486AF->39c54784-9e1e-41fd-b789-d6fe66a0a826@group-47851E96EEB9, cid=26, SUCCESS, logIndex=33, commits[39c54784-9e1e-41fd-b789-d6fe66a0a826:c35, 2285e7a6-3996-45af-9a09-acc80daefff4:c32, f426f3fa-aaf8-45fd-9820-e3703380c0bb:c32]
2019-07-10 07:30:19,292 INFO  client.GrpcClientProtocolClient (GrpcClientProtocolClient.java:onNext(255)) - client-AF3F826486AF->39c54784-9e1e-41fd-b789-d6fe66a0a826: receive RaftClientReply:client-AF3F826486AF->39c54784-9e1e-41fd-b789-d6fe66a0a826@group-47851E96EEB9, cid=27, SUCCESS, logIndex=34, commits[39c54784-9e1e-41fd-b789-d6fe66a0a826:c40, 2285e7a6-3996-45af-9a09-acc80daefff4:c36, f426f3fa-aaf8-45fd-9820-e3703380c0bb:c36]
2019-07-10 07:30:19,293 INFO  client.GrpcClientProtocolClient (GrpcClientProtocolClient.java:onNext(255)) - client-AF3F826486AF->39c54784-9e1e-41fd-b789-d6fe66a0a826: receive RaftClientReply:client-AF3F826486AF->39c54784-9e1e-41fd-b789-d6fe66a0a826@group-47851E96EEB9, cid=28, SUCCESS, logIndex=35, commits[39c54784-9e1e-41fd-b789-d6fe66a0a826:c40, 2285e7a6-3996-45af-9a09-acc80daefff4:c36, f426f3fa-aaf8-45fd-9820-e3703380c0bb:c36]
2019-07-10 07:30:19,365 INFO  client.GrpcClientProtocolClient (GrpcClientProtocolClient.java:onNext(255)) - client-AF3F826486AF->39c54784-9e1e-41fd-b789-d6fe66a0a826: receive RaftClientReply:client-AF3F826486AF->39c54784-9e1e-41fd-b789-d6fe66a0a826@group-47851E96EEB9, cid=29, SUCCESS, logIndex=36, commits[39c54784-9e1e-41fd-b789-d6fe66a0a826:c40, 2285e7a6-3996-45af-9a09-acc80daefff4:c36, f426f3fa-aaf8-45fd-9820-e3703380c0bb:c36]
2019-07-10 07:30:19,400 INFO  client.GrpcClientProtocolClient (GrpcClientProtocolClient.java:onNext(255)) - client-AF3F826486AF->39c54784-9e1e-41fd-b789-d6fe66a0a826: receive RaftClientReply:client-AF3F826486AF->39c54784-9e1e-41fd-b789-d6fe66a0a826@group-47851E96EEB9, cid=30, SUCCESS, logIndex=41, commits[39c54784-9e1e-41fd-b789-d6fe66a0a826:c42, 2285e7a6-3996-45af-9a09-acc80daefff4:c40, f426f3fa-aaf8-45fd-9820-e3703380c0bb:c40]
2019-07-10 07:30:19,402 INFO  client.GrpcClientProtocolClient (GrpcClientProtocolClient.java:onNext(255)) - client-AF3F826486AF->39c54784-9e1e-41fd-b789-d6fe66a0a826: receive RaftClientReply:client-AF3F826486AF->39c54784-9e1e-41fd-b789-d6fe66a0a826@group-47851E96EEB9, cid=31, SUCCESS, logIndex=42, commits[39c54784-9e1e-41fd-b789-d6fe66a0a826:c42, 2285e7a6-3996-45af-9a09-acc80daefff4:c40, f426f3fa-aaf8-45fd-9820-e3703380c0bb:c40]
2019-07-10 07:30:19,407 INFO  client.GrpcClientProtocolClient (GrpcClientProtocolClient.java:onNext(255)) - client-AF3F826486AF->39c54784-9e1e-41fd-b789-d6fe66a0a826: receive RaftClientReply:client-AF3F826486AF->39c54784-9e1e-41fd-b789-d6fe66a0a826@group-47851E96EEB9, cid=32, SUCCESS, logIndex=43, commits[39c54784-9e1e-41fd-b789-d6fe66a0a826:c46, 2285e7a6-3996-45af-9a09-acc80daefff4:c40, f426f3fa-aaf8-45fd-9820-e3703380c0bb:c42]
2019-07-10 07:30:19,409 INFO  client.GrpcClientProtocolClient (GrpcClientProtocolClient.java:onNext(255)) - client-AF3F826486AF->39c54784-9e1e-41fd-b789-d6fe66a0a826: receive RaftClientReply:client-AF3F826486AF->39c54784-9e1e-41fd-b789-d6fe66a0a826@group-47851E96EEB9, cid=33, SUCCESS, logIndex=44, commits[39c54784-9e1e-41fd-b789-d6fe66a0a826:c46, 2285e7a6-3996-45af-9a09-acc80daefff4:c40, f426f3fa-aaf8-45fd-9820-e3703380c0bb:c42]
2019-07-10 07:30:19,412 INFO  client.GrpcClientProtocolClient (GrpcClientProtocolClient.java:onNext(255)) - client-AF3F826486AF->39c54784-9e1e-41fd-b789-d6fe66a0a826: receive RaftClientReply:client-AF3F826486AF->39c54784-9e1e-41fd-b789-d6fe66a0a826@group-47851E96EEB9, cid=34, SUCCESS, logIndex=0, commits[39c54784-9e1e-41fd-b789-d6fe66a0a826:c46, 2285e7a6-3996-45af-9a09-acc80daefff4:c42, f426f3fa-aaf8-45fd-9820-e3703380c0bb:c42]
2019-07-10 07:30:19,419 INFO  client.GrpcClientProtocolClient (GrpcClientProtocolClient.java:onNext(255)) - client-AF3F826486AF->39c54784-9e1e-41fd-b789-d6fe66a0a826: receive RaftClientReply:client-AF3F826486AF->39c54784-9e1e-41fd-b789-d6fe66a0a826@group-47851E96EEB9, cid=35, SUCCESS, logIndex=0, commits[39c54784-9e1e-41fd-b789-d6fe66a0a826:c46, 2285e7a6-3996-45af-9a09-acc80daefff4:c44, f426f3fa-aaf8-45fd-9820-e3703380c0bb:c44]
2019-07-10 07:30:19,448 INFO  client.GrpcClientProtocolClient (GrpcClientProtocolClient.java:onNext(255)) - client-AF3F826486AF->39c54784-9e1e-41fd-b789-d6fe66a0a826: receive RaftClientReply:client-AF3F826486AF->39c54784-9e1e-41fd-b789-d6fe66a0a826@group-47851E96EEB9, cid=36, SUCCESS, logIndex=49, commits[39c54784-9e1e-41fd-b789-d6fe66a0a826:c50, 2285e7a6-3996-45af-9a09-acc80daefff4:c48, f426f3fa-aaf8-45fd-9820-e3703380c0bb:c48]
2019-07-10 07:30:19,450 INFO  client.GrpcClientProtocolClient (GrpcClientProtocolClient.java:onNext(255)) - client-AF3F826486AF->39c54784-9e1e-41fd-b789-d6fe66a0a826: receive RaftClientReply:client-AF3F826486AF->39c54784-9e1e-41fd-b789-d6fe66a0a826@group-47851E96EEB9, cid=37, SUCCESS, logIndex=50, commits[39c54784-9e1e-41fd-b789-d6fe66a0a826:c50, 2285e7a6-3996-45af-9a09-acc80daefff4:c48, f426f3fa-aaf8-45fd-9820-e3703380c0bb:c48]
2019-07-10 07:30:19,451 INFO  client.GrpcClientProtocolClient (GrpcClientProtocolClient.java:onNext(255)) - client-AF3F826486AF->39c54784-9e1e-41fd-b789-d6fe66a0a826: receive RaftClientReply:client-AF3F826486AF->39c54784-9e1e-41fd-b789-d6fe66a0a826@group-47851E96EEB9, cid=38, SUCCESS, logIndex=51, commits[39c54784-9e1e-41fd-b789-d6fe66a0a826:c52, 2285e7a6-3996-45af-9a09-acc80daefff4:c48, f426f3fa-aaf8-45fd-9820-e3703380c0bb:c48]
2019-07-10 07:30:19,451 INFO  client.GrpcClientProtocolClient (GrpcClientProtocolClient.java:onNext(255)) - client-AF3F826486AF->39c54784-9e1e-41fd-b789-d6fe66a0a826: receive RaftClientReply:client-AF3F826486AF->39c54784-9e1e-41fd-b789-d6fe66a0a826@group-47851E96EEB9, cid=39, SUCCESS, logIndex=52, commits[39c54784-9e1e-41fd-b789-d6fe66a0a826:c52, 2285e7a6-3996-45af-9a09-acc80daefff4:c48, f426f3fa-aaf8-45fd-9820-e3703380c0bb:c48]
2019-07-10 07:30:19,455 INFO  client.GrpcClientProtocolClient (GrpcClientProtocolClient.java:onNext(255)) - client-AF3F826486AF->39c54784-9e1e-41fd-b789-d6fe66a0a826: receive RaftClientReply:client-AF3F826486AF->39c54784-9e1e-41fd-b789-d6fe66a0a826@group-47851E96EEB9, cid=40, SUCCESS, logIndex=0, commits[39c54784-9e1e-41fd-b789-d6fe66a0a826:c53, 2285e7a6-3996-45af-9a09-acc80daefff4:c50, f426f3fa-aaf8-45fd-9820-e3703380c0bb:c50]
2019-07-10 07:30:19,478 INFO  client.GrpcClientProtocolClient (GrpcClientProtocolClient.java:onNext(255)) - client-AF3F826486AF->39c54784-9e1e-41fd-b789-d6fe66a0a826: receive RaftClientReply:client-AF3F826486AF->39c54784-9e1e-41fd-b789-d6fe66a0a826@group-47851E96EEB9, cid=41, SUCCESS, logIndex=57, commits[39c54784-9e1e-41fd-b789-d6fe66a0a826:c58, 2285e7a6-3996-45af-9a09-acc80daefff4:c56, f426f3fa-aaf8-45fd-9820-e3703380c0bb:c56]
2019-07-10 07:30:19,479 INFO  client.GrpcClientProtocolClient (GrpcClientProtocolClient.java:onNext(255)) - client-AF3F826486AF->39c54784-9e1e-41fd-b789-d6fe66a0a826: receive RaftClientReply:client-AF3F826486AF->39c54784-9e1e-41fd-b789-d6fe66a0a826@group-47851E96EEB9, cid=42, SUCCESS, logIndex=58, commits[39c54784-9e1e-41fd-b789-d6fe66a0a826:c58, 2285e7a6-3996-45af-9a09-acc80daefff4:c56, f426f3fa-aaf8-45fd-9820-e3703380c0bb:c56]
2019-07-10 07:30:19,508 INFO  client.GrpcClientProtocolClient (GrpcClientProtocolClient.java:onNext(255)) - client-AF3F826486AF->39c54784-9e1e-41fd-b789-d6fe66a0a826: receive RaftClientReply:client-AF3F826486AF->39c54784-9e1e-41fd-b789-d6fe66a0a826@group-47851E96EEB9, cid=43, SUCCESS, logIndex=61, commits[39c54784-9e1e-41fd-b789-d6fe66a0a826:c62, 2285e7a6-3996-45af-9a09-acc80daefff4:c60, f426f3fa-aaf8-45fd-9820-e3703380c0bb:c60]
2019-07-10 07:30:19,509 INFO  client.GrpcClientProtocolClient (GrpcClientProtocolClient.java:onNext(255)) - client-AF3F826486AF->39c54784-9e1e-41fd-b789-d6fe66a0a826: receive RaftClientReply:client-AF3F826486AF->39c54784-9e1e-41fd-b789-d6fe66a0a826@group-47851E96EEB9, cid=44, SUCCESS, logIndex=62, commits[39c54784-9e1e-41fd-b789-d6fe66a0a826:c62, 2285e7a6-3996-45af-9a09-acc80daefff4:c60, f426f3fa-aaf8-45fd-9820-e3703380c0bb:c60]
2019-07-10 07:30:19,518 INFO  client.GrpcClientProtocolClient (GrpcClientProtocolClient.java:onNext(255)) - client-AF3F826486AF->39c54784-9e1e-41fd-b789-d6fe66a0a826: receive RaftClientReply:client-AF3F826486AF->39c54784-9e1e-41fd-b789-d6fe66a0a826@group-47851E96EEB9, cid=45, SUCCESS, logIndex=0, commits[39c54784-9e1e-41fd-b789-d6fe66a0a826:c62, 2285e7a6-3996-45af-9a09-acc80daefff4:c62, f426f3fa-aaf8-45fd-9820-e3703380c0bb:c62]
2019-07-10 07:30:19,548 INFO  client.GrpcClientProtocolClient (GrpcClientProtocolClient.java:onNext(255)) - client-AF3F826486AF->39c54784-9e1e-41fd-b789-d6fe66a0a826: receive RaftClientReply:client-AF3F826486AF->39c54784-9e1e-41fd-b789-d6fe66a0a826@group-47851E96EEB9, cid=46, SUCCESS, logIndex=65, commits[39c54784-9e1e-41fd-b789-d6fe66a0a826:c68, 2285e7a6-3996-45af-9a09-acc80daefff4:c64, f426f3fa-aaf8-45fd-9820-e3703380c0bb:c64]
2019-07-10 07:30:19,549 INFO  client.GrpcClientProtocolClient (GrpcClientProtocolClient.java:onNext(255)) - client-AF3F826486AF->39c54784-9e1e-41fd-b789-d6fe66a0a826: receive RaftClientReply:client-AF3F826486AF->39c54784-9e1e-41fd-b789-d6fe66a0a826@group-47851E96EEB9, cid=47, SUCCESS, logIndex=66, commits[39c54784-9e1e-41fd-b789-d6fe66a0a826:c68, 2285e7a6-3996-45af-9a09-acc80daefff4:c64, f426f3fa-aaf8-45fd-9820-e3703380c0bb:c64]
2019-07-10 07:30:19,549 INFO  client.GrpcClientProtocolClient (GrpcClientProtocolClient.java:onNext(255)) - client-AF3F826486AF->39c54784-9e1e-41fd-b789-d6fe66a0a826: receive RaftClientReply:client-AF3F826486AF->39c54784-9e1e-41fd-b789-d6fe66a0a826@group-47851E96EEB9, cid=48, SUCCESS, logIndex=67, commits[39c54784-9e1e-41fd-b789-d6fe66a0a826:c68, 2285e7a6-3996-45af-9a09-acc80daefff4:c64, f426f3fa-aaf8-45fd-9820-e3703380c0bb:c64]
2019-07-10 07:30:19,550 INFO  client.GrpcClientProtocolClient (GrpcClientProtocolClient.java:onNext(255)) - client-AF3F826486AF->39c54784-9e1e-41fd-b789-d6fe66a0a826: receive RaftClientReply:client-AF3F826486AF->39c54784-9e1e-41fd-b789-d6fe66a0a826@group-47851E96EEB9, cid=49, SUCCESS, logIndex=68, commits[39c54784-9e1e-41fd-b789-d6fe66a0a826:c68, 2285e7a6-3996-45af-9a09-acc80daefff4:c64, f426f3fa-aaf8-45fd-9820-e3703380c0bb:c64]
2019-07-10 07:30:19,559 INFO  client.GrpcClientProtocolClient (GrpcClientProtocolClient.java:onNext(255)) - client-AF3F826486AF->39c54784-9e1e-41fd-b789-d6fe66a0a826: receive RaftClientReply:client-AF3F826486AF->39c54784-9e1e-41fd-b789-d6fe66a0a826@group-47851E96EEB9, cid=50, SUCCESS, logIndex=0, commits[39c54784-9e1e-41fd-b789-d6fe66a0a826:c71, 2285e7a6-3996-45af-9a09-acc80daefff4:c67, f426f3fa-aaf8-45fd-9820-e3703380c0bb:c68]
2019-07-10 07:30:19,584 INFO  client.GrpcClientProtocolClient (GrpcClientProtocolClient.java:onNext(255)) - client-AF3F826486AF->39c54784-9e1e-41fd-b789-d6fe66a0a826: receive RaftClientReply:client-AF3F826486AF->39c54784-9e1e-41fd-b789-d6fe66a0a826@group-47851E96EEB9, cid=51, SUCCESS, logIndex=72, commits[39c54784-9e1e-41fd-b789-d6fe66a0a826:c73, 2285e7a6-3996-45af-9a09-acc80daefff4:c71, f426f3fa-aaf8-45fd-9820-e3703380c0bb:c71]
2019-07-10 07:30:19,585 INFO  client.GrpcClientProtocolClient (GrpcClientProtocolClient.java:onNext(255)) - client-AF3F826486AF->39c54784-9e1e-41fd-b789-d6fe66a0a826: receive RaftClientReply:client-AF3F826486AF->39c54784-9e1e-41fd-b789-d6fe66a0a826@group-47851E96EEB9, cid=52, SUCCESS, logIndex=73, commits[39c54784-9e1e-41fd-b789-d6fe66a0a826:c73, 2285e7a6-3996-45af-9a09-acc80daefff4:c71, f426f3fa-aaf8-45fd-9820-e3703380c0bb:c71]
2019-07-10 07:30:19,610 INFO  client.GrpcClientProtocolClient (GrpcClientProtocolClient.java:onNext(255)) - client-AF3F826486AF->39c54784-9e1e-41fd-b789-d6fe66a0a826: receive RaftClientReply:client-AF3F826486AF->39c54784-9e1e-41fd-b789-d6fe66a0a826@group-47851E96EEB9, cid=53, SUCCESS, logIndex=76, commits[39c54784-9e1e-41fd-b789-d6fe66a0a826:c77, 2285e7a6-3996-45af-9a09-acc80daefff4:c73, f426f3fa-aaf8-45fd-9820-e3703380c0bb:c74]
2019-07-10 07:30:19,611 INFO  client.GrpcClientProtocolClient (GrpcClientProtocolClient.java:onNext(255)) - client-AF3F826486AF->39c54784-9e1e-41fd-b789-d6fe66a0a826: receive RaftClientReply:client-AF3F826486AF->39c54784-9e1e-41fd-b789-d6fe66a0a826@group-47851E96EEB9, cid=54, SUCCESS, logIndex=77, commits[39c54784-9e1e-41fd-b789-d6fe66a0a826:c77, 2285e7a6-3996-45af-9a09-acc80daefff4:c73, f426f3fa-aaf8-45fd-9820-e3703380c0bb:c74]
2019-07-10 07:30:19,620 INFO  client.GrpcClientProtocolClient (GrpcClientProtocolClient.java:onNext(255)) - client-AF3F826486AF->39c54784-9e1e-41fd-b789-d6fe66a0a826: receive RaftClientReply:client-AF3F826486AF->39c54784-9e1e-41fd-b789-d6fe66a0a826@group-47851E96EEB9, cid=55, SUCCESS, logIndex=0, commits[39c54784-9e1e-41fd-b789-d6fe66a0a826:c78, 2285e7a6-3996-45af-9a09-acc80daefff4:c77, f426f3fa-aaf8-45fd-9820-e3703380c0bb:c77]
 100.00% |█████████████████████████████████████████████████████████████████████████████████████████████████████|  1/1 Time: 0:00:03
2019-07-10 07:30:25,243 INFO  pipeline.SCMPipelineManager (SCMPipelineManager.java:finalizeAndDestroyPipeline(307)) - destroying pipeline:Pipeline[ Id: 0d8e1d46-fb66-4fdd-88d9-47851e96eeb9, Nodes: 2285e7a6-3996-45af-9a09-acc80daefff4{ip: 192.168.5.130, host: hdds1735-hmsjh-1333287617, networkLocation: /default-rack, certSerialId: null}f426f3fa-aaf8-45fd-9820-e3703380c0bb{ip: 192.168.5.130, host: hdds1735-hmsjh-1333287617, networkLocation: /default-rack, certSerialId: null}39c54784-9e1e-41fd-b789-d6fe66a0a826{ip: 192.168.5.130, host: hdds1735-hmsjh-1333287617, networkLocation: /default-rack, certSerialId: null}, Type:RATIS, Factor:THREE, State:OPEN]
2019-07-10 07:30:25,245 INFO  pipeline.PipelineStateManager (PipelineStateManager.java:finalizePipeline(123)) - Pipeline Pipeline[ Id: 0d8e1d46-fb66-4fdd-88d9-47851e96eeb9, Nodes: 2285e7a6-3996-45af-9a09-acc80daefff4{ip: 192.168.5.130, host: hdds1735-hmsjh-1333287617, networkLocation: /default-rack, certSerialId: null}f426f3fa-aaf8-45fd-9820-e3703380c0bb{ip: 192.168.5.130, host: hdds1735-hmsjh-1333287617, networkLocation: /default-rack, certSerialId: null}39c54784-9e1e-41fd-b789-d6fe66a0a826{ip: 192.168.5.130, host: hdds1735-hmsjh-1333287617, networkLocation: /default-rack, certSerialId: null}, Type:RATIS, Factor:THREE, State:CLOSED] moved to CLOSED state
2019-07-10 07:30:25,246 INFO  container.CloseContainerEventHandler (CloseContainerEventHandler.java:onMessage(61)) - Close container Event triggered for container : #1
2019-07-10 07:30:25,253 INFO  container.CloseContainerEventHandler (CloseContainerEventHandler.java:onMessage(61)) - Close container Event triggered for container : #2
2019-07-10 07:30:25,253 INFO  container.CloseContainerEventHandler (CloseContainerEventHandler.java:onMessage(61)) - Close container Event triggered for container : #3
2019-07-10 07:30:25,267 INFO  impl.RaftServerProxy (RaftServerProxy.java:remove(95)) - 2285e7a6-3996-45af-9a09-acc80daefff4: remove FOLLOWER group-47851E96EEB9 2285e7a6-3996-45af-9a09-acc80daefff4:t1, leader=39c54784-9e1e-41fd-b789-d6fe66a0a826, voted=39c54784-9e1e-41fd-b789-d6fe66a0a826, raftlog=2285e7a6-3996-45af-9a09-acc80daefff4-SegmentedRaftLog:OPENED:c79,f79,i79, conf=0: [2285e7a6-3996-45af-9a09-acc80daefff4:192.168.5.130:41370, 39c54784-9e1e-41fd-b789-d6fe66a0a826:192.168.5.130:41999, f426f3fa-aaf8-45fd-9820-e3703380c0bb:192.168.5.130:37848], old=null RUNNING
2019-07-10 07:30:25,271 INFO  impl.RaftServerImpl (RaftServerImpl.java:lambda$shutdown$3(245)) - 2285e7a6-3996-45af-9a09-acc80daefff4: shutdown group-47851E96EEB9
2019-07-10 07:30:25,272 INFO  util.JmxRegister (JmxRegister.java:unregister(73)) - Successfully un-registered JMX Bean with object name Ratis:service=RaftServer,group=group-47851E96EEB9,id=2285e7a6-3996-45af-9a09-acc80daefff4
2019-07-10 07:30:25,272 INFO  impl.RoleInfo (RoleInfo.java:shutdownFollowerState(121)) - 2285e7a6-3996-45af-9a09-acc80daefff4: shutdown FollowerState
2019-07-10 07:30:25,272 INFO  impl.StateMachineUpdater (StateMachineUpdater.java:stopAndJoin(115)) - StateMachineUpdater:2285e7a6-3996-45af-9a09-acc80daefff4:group-47851E96EEB9: set stopIndex = 79
2019-07-10 07:30:25,272 INFO  impl.FollowerState (FollowerState.java:run(114)) - 2285e7a6-3996-45af-9a09-acc80daefff4: FollowerState was interrupted: java.lang.InterruptedException: sleep interrupted
2019-07-10 07:30:25,274 INFO  ratis.ContainerStateMachine (ContainerStateMachine.java:takeSnapshot(244)) - Taking snapshot at termIndex:(t:1, i:77)
2019-07-10 07:30:25,276 INFO  ratis.ContainerStateMachine (ContainerStateMachine.java:takeSnapshot(248)) - Taking a snapshot to file /tmp/workdir/hadoop-ozone/tools/target/test-dir/MiniOzoneClusterImpl-b9caa8b2-7a0f-4f92-b400-407640b1f1b6/datanode-2/data/ratis/0d8e1d46-fb66-4fdd-88d9-47851e96eeb9/sm/snapshot.1_77
2019-07-10 07:30:25,291 INFO  impl.StateMachineUpdater (StateMachineUpdater.java:takeSnapshot(242)) - StateMachineUpdater:2285e7a6-3996-45af-9a09-acc80daefff4:group-47851E96EEB9: Took a snapshot at index 77
2019-07-10 07:30:25,292 INFO  impl.StateMachineUpdater (StateMachineUpdater.java:lambda$new$0(80)) - StateMachineUpdater:2285e7a6-3996-45af-9a09-acc80daefff4:group-47851E96EEB9: snapshotIndex: updateIncreasingly -1 -> 77
2019-07-10 07:30:25,298 INFO  impl.RaftServerImpl (ServerState.java:close(394)) - 2285e7a6-3996-45af-9a09-acc80daefff4:group-47851E96EEB9 closes. The last applied log index is 79
2019-07-10 07:30:25,300 INFO  segmented.SegmentedRaftLogWorker (SegmentedRaftLogWorker.java:run(313)) - 2285e7a6-3996-45af-9a09-acc80daefff4-SegmentedRaftLogWorker:Storage Directory /tmp/workdir/hadoop-ozone/tools/target/test-dir/MiniOzoneClusterImpl-b9caa8b2-7a0f-4f92-b400-407640b1f1b6/datanode-2/data/ratis/0d8e1d46-fb66-4fdd-88d9-47851e96eeb9 was interrupted, exiting. There are 0 tasks remaining in the queue.
2019-07-10 07:30:25,302 INFO  segmented.SegmentedRaftLogWorker (SegmentedRaftLogWorker.java:close(228)) - 2285e7a6-3996-45af-9a09-acc80daefff4-SegmentedRaftLogWorker:Storage Directory /tmp/workdir/hadoop-ozone/tools/target/test-dir/MiniOzoneClusterImpl-b9caa8b2-7a0f-4f92-b400-407640b1f1b6/datanode-2/data/ratis/0d8e1d46-fb66-4fdd-88d9-47851e96eeb9 close()
2019-07-10 07:30:25,327 INFO  impl.RaftServerProxy (RaftServerProxy.java:remove(95)) - f426f3fa-aaf8-45fd-9820-e3703380c0bb: remove FOLLOWER group-47851E96EEB9 f426f3fa-aaf8-45fd-9820-e3703380c0bb:t1, leader=39c54784-9e1e-41fd-b789-d6fe66a0a826, voted=f426f3fa-aaf8-45fd-9820-e3703380c0bb, raftlog=f426f3fa-aaf8-45fd-9820-e3703380c0bb-SegmentedRaftLog:OPENED:c79,f79,i79, conf=0: [2285e7a6-3996-45af-9a09-acc80daefff4:192.168.5.130:41370, 39c54784-9e1e-41fd-b789-d6fe66a0a826:192.168.5.130:41999, f426f3fa-aaf8-45fd-9820-e3703380c0bb:192.168.5.130:37848], old=null RUNNING
2019-07-10 07:30:25,327 INFO  impl.RaftServerImpl (RaftServerImpl.java:lambda$shutdown$3(245)) - f426f3fa-aaf8-45fd-9820-e3703380c0bb: shutdown group-47851E96EEB9
2019-07-10 07:30:25,328 INFO  util.JmxRegister (JmxRegister.java:unregister(73)) - Successfully un-registered JMX Bean with object name Ratis:service=RaftServer,group=group-47851E96EEB9,id=f426f3fa-aaf8-45fd-9820-e3703380c0bb
2019-07-10 07:30:25,328 INFO  impl.RoleInfo (RoleInfo.java:shutdownFollowerState(121)) - f426f3fa-aaf8-45fd-9820-e3703380c0bb: shutdown FollowerState
2019-07-10 07:30:25,328 INFO  impl.StateMachineUpdater (StateMachineUpdater.java:stopAndJoin(115)) - StateMachineUpdater:f426f3fa-aaf8-45fd-9820-e3703380c0bb:group-47851E96EEB9: set stopIndex = 79
2019-07-10 07:30:25,328 INFO  impl.FollowerState (FollowerState.java:run(114)) - f426f3fa-aaf8-45fd-9820-e3703380c0bb: FollowerState was interrupted: java.lang.InterruptedException: sleep interrupted
2019-07-10 07:30:25,329 INFO  ratis.ContainerStateMachine (ContainerStateMachine.java:takeSnapshot(244)) - Taking snapshot at termIndex:(t:1, i:77)
2019-07-10 07:30:25,331 INFO  ratis.ContainerStateMachine (ContainerStateMachine.java:takeSnapshot(248)) - Taking a snapshot to file /tmp/workdir/hadoop-ozone/tools/target/test-dir/MiniOzoneClusterImpl-b9caa8b2-7a0f-4f92-b400-407640b1f1b6/datanode-1/data/ratis/0d8e1d46-fb66-4fdd-88d9-47851e96eeb9/sm/snapshot.1_77
2019-07-10 07:30:25,331 INFO  impl.StateMachineUpdater (StateMachineUpdater.java:takeSnapshot(242)) - StateMachineUpdater:f426f3fa-aaf8-45fd-9820-e3703380c0bb:group-47851E96EEB9: Took a snapshot at index 77
2019-07-10 07:30:25,331 INFO  impl.StateMachineUpdater (StateMachineUpdater.java:lambda$new$0(80)) - StateMachineUpdater:f426f3fa-aaf8-45fd-9820-e3703380c0bb:group-47851E96EEB9: snapshotIndex: updateIncreasingly -1 -> 77
2019-07-10 07:30:25,332 INFO  impl.RaftServerImpl (ServerState.java:close(394)) - f426f3fa-aaf8-45fd-9820-e3703380c0bb:group-47851E96EEB9 closes. The last applied log index is 79
2019-07-10 07:30:25,332 INFO  segmented.SegmentedRaftLogWorker (SegmentedRaftLogWorker.java:run(313)) - f426f3fa-aaf8-45fd-9820-e3703380c0bb-SegmentedRaftLogWorker:Storage Directory /tmp/workdir/hadoop-ozone/tools/target/test-dir/MiniOzoneClusterImpl-b9caa8b2-7a0f-4f92-b400-407640b1f1b6/datanode-1/data/ratis/0d8e1d46-fb66-4fdd-88d9-47851e96eeb9 was interrupted, exiting. There are 0 tasks remaining in the queue.
2019-07-10 07:30:25,333 INFO  segmented.SegmentedRaftLogWorker (SegmentedRaftLogWorker.java:close(228)) - f426f3fa-aaf8-45fd-9820-e3703380c0bb-SegmentedRaftLogWorker:Storage Directory /tmp/workdir/hadoop-ozone/tools/target/test-dir/MiniOzoneClusterImpl-b9caa8b2-7a0f-4f92-b400-407640b1f1b6/datanode-1/data/ratis/0d8e1d46-fb66-4fdd-88d9-47851e96eeb9 close()
2019-07-10 07:30:25,352 INFO  impl.RaftServerProxy (RaftServerProxy.java:remove(95)) - 39c54784-9e1e-41fd-b789-d6fe66a0a826: remove   LEADER group-47851E96EEB9 39c54784-9e1e-41fd-b789-d6fe66a0a826:t1, leader=39c54784-9e1e-41fd-b789-d6fe66a0a826, voted=39c54784-9e1e-41fd-b789-d6fe66a0a826, raftlog=39c54784-9e1e-41fd-b789-d6fe66a0a826-SegmentedRaftLog:OPENED:c79,f79,i79, conf=0: [2285e7a6-3996-45af-9a09-acc80daefff4:192.168.5.130:41370, 39c54784-9e1e-41fd-b789-d6fe66a0a826:192.168.5.130:41999, f426f3fa-aaf8-45fd-9820-e3703380c0bb:192.168.5.130:37848], old=null RUNNING
2019-07-10 07:30:25,353 INFO  impl.RaftServerImpl (RaftServerImpl.java:lambda$shutdown$3(245)) - 39c54784-9e1e-41fd-b789-d6fe66a0a826: shutdown group-47851E96EEB9
2019-07-10 07:30:25,353 INFO  util.JmxRegister (JmxRegister.java:unregister(73)) - Successfully un-registered JMX Bean with object name Ratis:service=RaftServer,group=group-47851E96EEB9,id=39c54784-9e1e-41fd-b789-d6fe66a0a826
2019-07-10 07:30:25,353 INFO  impl.RoleInfo (RoleInfo.java:shutdownLeaderState(104)) - 39c54784-9e1e-41fd-b789-d6fe66a0a826: shutdown LeaderState
2019-07-10 07:30:25,356 INFO  impl.PendingRequests (PendingRequests.java:sendNotLeaderResponses(202)) - 39c54784-9e1e-41fd-b789-d6fe66a0a826-PendingRequests: sendNotLeaderResponses
2019-07-10 07:30:25,356 WARN  server.GrpcLogAppender (GrpcLogAppender.java:mayWait(143)) - GrpcLogAppender(39c54784-9e1e-41fd-b789-d6fe66a0a826->2285e7a6-3996-45af-9a09-acc80daefff4): Wait interrupted by java.lang.InterruptedException
2019-07-10 07:30:25,356 WARN  server.GrpcLogAppender (GrpcLogAppender.java:mayWait(143)) - GrpcLogAppender(39c54784-9e1e-41fd-b789-d6fe66a0a826->f426f3fa-aaf8-45fd-9820-e3703380c0bb): Wait interrupted by java.lang.InterruptedException
2019-07-10 07:30:25,366 INFO  server.GrpcServerProtocolService (GrpcServerProtocolService.java:onCompleted(104)) - 2285e7a6-3996-45af-9a09-acc80daefff4: appendEntries completed
2019-07-10 07:30:25,366 INFO  server.GrpcServerProtocolService (GrpcServerProtocolService.java:onCompleted(104)) - f426f3fa-aaf8-45fd-9820-e3703380c0bb: appendEntries completed
2019-07-10 07:30:25,370 INFO  impl.StateMachineUpdater (StateMachineUpdater.java:stopAndJoin(115)) - StateMachineUpdater:39c54784-9e1e-41fd-b789-d6fe66a0a826:group-47851E96EEB9: set stopIndex = 79
2019-07-10 07:30:25,370 INFO  server.GrpcLogAppender (GrpcLogAppender.java:onCompleted(292)) - 39c54784-9e1e-41fd-b789-d6fe66a0a826->f426f3fa-aaf8-45fd-9820-e3703380c0bb: follower responses appendEntries COMPLETED
2019-07-10 07:30:25,370 INFO  ratis.ContainerStateMachine (ContainerStateMachine.java:takeSnapshot(244)) - Taking snapshot at termIndex:(t:1, i:77)
2019-07-10 07:30:25,374 INFO  ratis.ContainerStateMachine (ContainerStateMachine.java:takeSnapshot(248)) - Taking a snapshot to file /tmp/workdir/hadoop-ozone/tools/target/test-dir/MiniOzoneClusterImpl-b9caa8b2-7a0f-4f92-b400-407640b1f1b6/datanode-0/data/ratis/0d8e1d46-fb66-4fdd-88d9-47851e96eeb9/sm/snapshot.1_77
2019-07-10 07:30:25,370 INFO  server.GrpcLogAppender (GrpcLogAppender.java:onCompleted(292)) - 39c54784-9e1e-41fd-b789-d6fe66a0a826->2285e7a6-3996-45af-9a09-acc80daefff4: follower responses appendEntries COMPLETED
2019-07-10 07:30:25,376 INFO  impl.StateMachineUpdater (StateMachineUpdater.java:takeSnapshot(242)) - StateMachineUpdater:39c54784-9e1e-41fd-b789-d6fe66a0a826:group-47851E96EEB9: Took a snapshot at index 77
2019-07-10 07:30:25,377 INFO  impl.StateMachineUpdater (StateMachineUpdater.java:lambda$new$0(80)) - StateMachineUpdater:39c54784-9e1e-41fd-b789-d6fe66a0a826:group-47851E96EEB9: snapshotIndex: updateIncreasingly -1 -> 77
2019-07-10 07:30:25,379 INFO  impl.RaftServerImpl (ServerState.java:close(394)) - 39c54784-9e1e-41fd-b789-d6fe66a0a826:group-47851E96EEB9 closes. The last applied log index is 79
2019-07-10 07:30:25,379 INFO  impl.FollowerInfo (FollowerInfo.java:lambda$new$0(50)) - 39c54784-9e1e-41fd-b789-d6fe66a0a826->2285e7a6-3996-45af-9a09-acc80daefff4: nextIndex: updateUnconditionally 80 -> 79
2019-07-10 07:30:25,379 INFO  impl.FollowerInfo (FollowerInfo.java:lambda$new$0(50)) - 39c54784-9e1e-41fd-b789-d6fe66a0a826->f426f3fa-aaf8-45fd-9820-e3703380c0bb: nextIndex: updateUnconditionally 80 -> 79
2019-07-10 07:30:25,381 INFO  segmented.SegmentedRaftLogWorker (SegmentedRaftLogWorker.java:run(313)) - 39c54784-9e1e-41fd-b789-d6fe66a0a826-SegmentedRaftLogWorker:Storage Directory /tmp/workdir/hadoop-ozone/tools/target/test-dir/MiniOzoneClusterImpl-b9caa8b2-7a0f-4f92-b400-407640b1f1b6/datanode-0/data/ratis/0d8e1d46-fb66-4fdd-88d9-47851e96eeb9 was interrupted, exiting. There are 0 tasks remaining in the queue.
2019-07-10 07:30:25,382 INFO  segmented.SegmentedRaftLogWorker (SegmentedRaftLogWorker.java:close(228)) - 39c54784-9e1e-41fd-b789-d6fe66a0a826-SegmentedRaftLogWorker:Storage Directory /tmp/workdir/hadoop-ozone/tools/target/test-dir/MiniOzoneClusterImpl-b9caa8b2-7a0f-4f92-b400-407640b1f1b6/datanode-0/data/ratis/0d8e1d46-fb66-4fdd-88d9-47851e96eeb9 close()
2019-07-10 07:30:25,395 INFO  pipeline.PipelineStateManager (PipelineStateManager.java:removePipeline(108)) - Pipeline Pipeline[ Id: 0d8e1d46-fb66-4fdd-88d9-47851e96eeb9, Nodes: 2285e7a6-3996-45af-9a09-acc80daefff4{ip: 192.168.5.130, host: hdds1735-hmsjh-1333287617, networkLocation: /default-rack, certSerialId: null}f426f3fa-aaf8-45fd-9820-e3703380c0bb{ip: 192.168.5.130, host: hdds1735-hmsjh-1333287617, networkLocation: /default-rack, certSerialId: null}39c54784-9e1e-41fd-b789-d6fe66a0a826{ip: 192.168.5.130, host: hdds1735-hmsjh-1333287617, networkLocation: /default-rack, certSerialId: null}, Type:RATIS, Factor:THREE, State:CLOSED] removed from db
2019-07-10 07:30:25,416 INFO  impl.RaftServerProxy (RaftServerProxy.java:addNew(89)) - f426f3fa-aaf8-45fd-9820-e3703380c0bb: addNew group-67E21BF12F9D:[2285e7a6-3996-45af-9a09-acc80daefff4:192.168.5.130:41370, 39c54784-9e1e-41fd-b789-d6fe66a0a826:192.168.5.130:41999, f426f3fa-aaf8-45fd-9820-e3703380c0bb:192.168.5.130:37848] returns group-67E21BF12F9D:java.util.concurrent.CompletableFuture@27ef325e[Not completed]
2019-07-10 07:30:25,416 INFO  impl.RaftServerProxy (RaftServerProxy.java:addNew(89)) - 2285e7a6-3996-45af-9a09-acc80daefff4: addNew group-67E21BF12F9D:[2285e7a6-3996-45af-9a09-acc80daefff4:192.168.5.130:41370, 39c54784-9e1e-41fd-b789-d6fe66a0a826:192.168.5.130:41999, f426f3fa-aaf8-45fd-9820-e3703380c0bb:192.168.5.130:37848] returns group-67E21BF12F9D:java.util.concurrent.CompletableFuture@191f5ed8[Not completed]
2019-07-10 07:30:25,416 INFO  impl.RaftServerProxy (RaftServerProxy.java:addNew(89)) - 39c54784-9e1e-41fd-b789-d6fe66a0a826: addNew group-67E21BF12F9D:[2285e7a6-3996-45af-9a09-acc80daefff4:192.168.5.130:41370, 39c54784-9e1e-41fd-b789-d6fe66a0a826:192.168.5.130:41999, f426f3fa-aaf8-45fd-9820-e3703380c0bb:192.168.5.130:37848] returns group-67E21BF12F9D:java.util.concurrent.CompletableFuture@27130aaf[Not completed]
2019-07-10 07:30:25,418 INFO  impl.RaftServerImpl (RaftServerImpl.java:<init>(93)) - f426f3fa-aaf8-45fd-9820-e3703380c0bb: new RaftServerImpl for group-67E21BF12F9D:[2285e7a6-3996-45af-9a09-acc80daefff4:192.168.5.130:41370, 39c54784-9e1e-41fd-b789-d6fe66a0a826:192.168.5.130:41999, f426f3fa-aaf8-45fd-9820-e3703380c0bb:192.168.5.130:37848] with ContainerStateMachine:uninitialized
2019-07-10 07:30:25,419 INFO  server.RaftServerConfigKeys (ConfUtils.java:logGet(43)) - raft.server.rpc.timeout.min = 1s (custom)
2019-07-10 07:30:25,419 INFO  server.RaftServerConfigKeys (ConfUtils.java:logGet(43)) - raft.server.rpc.timeout.max = 1200ms (custom)
2019-07-10 07:30:25,419 INFO  server.RaftServerConfigKeys (ConfUtils.java:logGet(43)) - raft.server.rpcslowness.timeout = 120s (custom)
2019-07-10 07:30:25,419 INFO  server.RaftServerConfigKeys (ConfUtils.java:logGet(43)) - raft.server.sleep.deviation.threshold = 300 (default)
2019-07-10 07:30:25,419 INFO  server.RaftServerConfigKeys (ConfUtils.java:logGet(43)) - raft.server.log.appender.install.snapshot.enabled = false (custom)
2019-07-10 07:30:25,419 INFO  impl.RaftServerImpl (RaftServerImpl.java:<init>(93)) - 39c54784-9e1e-41fd-b789-d6fe66a0a826: new RaftServerImpl for group-67E21BF12F9D:[2285e7a6-3996-45af-9a09-acc80daefff4:192.168.5.130:41370, 39c54784-9e1e-41fd-b789-d6fe66a0a826:192.168.5.130:41999, f426f3fa-aaf8-45fd-9820-e3703380c0bb:192.168.5.130:37848] with ContainerStateMachine:uninitialized
2019-07-10 07:30:25,420 INFO  impl.RaftServerImpl (ServerState.java:<init>(105)) - f426f3fa-aaf8-45fd-9820-e3703380c0bb:group-67E21BF12F9D ConfigurationManager, init=-1: [2285e7a6-3996-45af-9a09-acc80daefff4:192.168.5.130:41370, 39c54784-9e1e-41fd-b789-d6fe66a0a826:192.168.5.130:41999, f426f3fa-aaf8-45fd-9820-e3703380c0bb:192.168.5.130:37848], old=null, confs=<EMPTY_MAP>
2019-07-10 07:30:25,420 INFO  server.RaftServerConfigKeys (ConfUtils.java:logGet(43)) - raft.server.rpc.timeout.min = 1s (custom)
2019-07-10 07:30:25,420 INFO  server.RaftServerConfigKeys (ConfUtils.java:logGet(43)) - raft.server.storage.dir = [/tmp/workdir/hadoop-ozone/tools/target/test-dir/MiniOzoneClusterImpl-b9caa8b2-7a0f-4f92-b400-407640b1f1b6/datanode-1/data/ratis] (custom)
2019-07-10 07:30:25,420 INFO  server.RaftServerConfigKeys (ConfUtils.java:logGet(43)) - raft.server.rpc.timeout.max = 1200ms (custom)
2019-07-10 07:30:25,420 INFO  impl.RaftServerImpl (RaftServerImpl.java:<init>(93)) - 2285e7a6-3996-45af-9a09-acc80daefff4: new RaftServerImpl for group-67E21BF12F9D:[2285e7a6-3996-45af-9a09-acc80daefff4:192.168.5.130:41370, 39c54784-9e1e-41fd-b789-d6fe66a0a826:192.168.5.130:41999, f426f3fa-aaf8-45fd-9820-e3703380c0bb:192.168.5.130:37848] with ContainerStateMachine:uninitialized
2019-07-10 07:30:25,420 INFO  server.RaftServerConfigKeys (ConfUtils.java:logGet(43)) - raft.server.rpcslowness.timeout = 120s (custom)
2019-07-10 07:30:25,420 INFO  server.RaftServerConfigKeys (ConfUtils.java:logGet(43)) - raft.server.rpc.timeout.min = 1s (custom)
2019-07-10 07:30:25,420 INFO  storage.RaftStorageDirectory (RaftStorageDirectory.java:analyzeStorage(246)) - The storage directory /tmp/workdir/hadoop-ozone/tools/target/test-dir/MiniOzoneClusterImpl-b9caa8b2-7a0f-4f92-b400-407640b1f1b6/datanode-1/data/ratis/5064bfad-bfda-4a92-a53e-67e21bf12f9d does not exist. Creating ...
2019-07-10 07:30:25,421 INFO  server.RaftServerConfigKeys (ConfUtils.java:logGet(43)) - raft.server.rpc.timeout.max = 1200ms (custom)
2019-07-10 07:30:25,421 INFO  server.RaftServerConfigKeys (ConfUtils.java:logGet(43)) - raft.server.sleep.deviation.threshold = 300 (default)
2019-07-10 07:30:25,421 INFO  server.RaftServerConfigKeys (ConfUtils.java:logGet(43)) - raft.server.rpcslowness.timeout = 120s (custom)
2019-07-10 07:30:25,421 INFO  server.RaftServerConfigKeys (ConfUtils.java:logGet(43)) - raft.server.log.appender.install.snapshot.enabled = false (custom)
2019-07-10 07:30:25,421 INFO  server.RaftServerConfigKeys (ConfUtils.java:logGet(43)) - raft.server.sleep.deviation.threshold = 300 (default)
2019-07-10 07:30:25,422 INFO  impl.RaftServerImpl (ServerState.java:<init>(105)) - 39c54784-9e1e-41fd-b789-d6fe66a0a826:group-67E21BF12F9D ConfigurationManager, init=-1: [2285e7a6-3996-45af-9a09-acc80daefff4:192.168.5.130:41370, 39c54784-9e1e-41fd-b789-d6fe66a0a826:192.168.5.130:41999, f426f3fa-aaf8-45fd-9820-e3703380c0bb:192.168.5.130:37848], old=null, confs=<EMPTY_MAP>
2019-07-10 07:30:25,422 INFO  server.RaftServerConfigKeys (ConfUtils.java:logGet(43)) - raft.server.log.appender.install.snapshot.enabled = false (custom)
2019-07-10 07:30:25,422 INFO  server.RaftServerConfigKeys (ConfUtils.java:logGet(43)) - raft.server.storage.dir = [/tmp/workdir/hadoop-ozone/tools/target/test-dir/MiniOzoneClusterImpl-b9caa8b2-7a0f-4f92-b400-407640b1f1b6/datanode-0/data/ratis] (custom)
2019-07-10 07:30:25,422 INFO  impl.RaftServerImpl (ServerState.java:<init>(105)) - 2285e7a6-3996-45af-9a09-acc80daefff4:group-67E21BF12F9D ConfigurationManager, init=-1: [2285e7a6-3996-45af-9a09-acc80daefff4:192.168.5.130:41370, 39c54784-9e1e-41fd-b789-d6fe66a0a826:192.168.5.130:41999, f426f3fa-aaf8-45fd-9820-e3703380c0bb:192.168.5.130:37848], old=null, confs=<EMPTY_MAP>
2019-07-10 07:30:25,422 INFO  server.RaftServerConfigKeys (ConfUtils.java:logGet(43)) - raft.server.storage.dir = [/tmp/workdir/hadoop-ozone/tools/target/test-dir/MiniOzoneClusterImpl-b9caa8b2-7a0f-4f92-b400-407640b1f1b6/datanode-2/data/ratis] (custom)
2019-07-10 07:30:25,422 INFO  storage.RaftStorageDirectory (RaftStorageDirectory.java:analyzeStorage(246)) - The storage directory /tmp/workdir/hadoop-ozone/tools/target/test-dir/MiniOzoneClusterImpl-b9caa8b2-7a0f-4f92-b400-407640b1f1b6/datanode-0/data/ratis/5064bfad-bfda-4a92-a53e-67e21bf12f9d does not exist. Creating ...
2019-07-10 07:30:25,423 INFO  storage.RaftStorageDirectory (RaftStorageDirectory.java:analyzeStorage(246)) - The storage directory /tmp/workdir/hadoop-ozone/tools/target/test-dir/MiniOzoneClusterImpl-b9caa8b2-7a0f-4f92-b400-407640b1f1b6/datanode-2/data/ratis/5064bfad-bfda-4a92-a53e-67e21bf12f9d does not exist. Creating ...
2019-07-10 07:30:25,427 INFO  storage.RaftStorageDirectory (RaftStorageDirectory.java:tryLock(328)) - Lock on /tmp/workdir/hadoop-ozone/tools/target/test-dir/MiniOzoneClusterImpl-b9caa8b2-7a0f-4f92-b400-407640b1f1b6/datanode-0/data/ratis/5064bfad-bfda-4a92-a53e-67e21bf12f9d/in_use.lock acquired by nodename 22513@hdds1735-hmsjh-1333287617
2019-07-10 07:30:25,427 INFO  storage.RaftStorageDirectory (RaftStorageDirectory.java:tryLock(328)) - Lock on /tmp/workdir/hadoop-ozone/tools/target/test-dir/MiniOzoneClusterImpl-b9caa8b2-7a0f-4f92-b400-407640b1f1b6/datanode-1/data/ratis/5064bfad-bfda-4a92-a53e-67e21bf12f9d/in_use.lock acquired by nodename 22513@hdds1735-hmsjh-1333287617
2019-07-10 07:30:25,427 INFO  storage.RaftStorageDirectory (RaftStorageDirectory.java:tryLock(328)) - Lock on /tmp/workdir/hadoop-ozone/tools/target/test-dir/MiniOzoneClusterImpl-b9caa8b2-7a0f-4f92-b400-407640b1f1b6/datanode-2/data/ratis/5064bfad-bfda-4a92-a53e-67e21bf12f9d/in_use.lock acquired by nodename 22513@hdds1735-hmsjh-1333287617
2019-07-10 07:30:25,433 INFO  storage.RaftStorage (RaftStorage.java:format(72)) - Storage directory /tmp/workdir/hadoop-ozone/tools/target/test-dir/MiniOzoneClusterImpl-b9caa8b2-7a0f-4f92-b400-407640b1f1b6/datanode-1/data/ratis/5064bfad-bfda-4a92-a53e-67e21bf12f9d has been successfully formatted.
2019-07-10 07:30:25,433 INFO  storage.RaftStorage (RaftStorage.java:format(72)) - Storage directory /tmp/workdir/hadoop-ozone/tools/target/test-dir/MiniOzoneClusterImpl-b9caa8b2-7a0f-4f92-b400-407640b1f1b6/datanode-2/data/ratis/5064bfad-bfda-4a92-a53e-67e21bf12f9d has been successfully formatted.
2019-07-10 07:30:25,433 INFO  storage.RaftStorage (RaftStorage.java:format(72)) - Storage directory /tmp/workdir/hadoop-ozone/tools/target/test-dir/MiniOzoneClusterImpl-b9caa8b2-7a0f-4f92-b400-407640b1f1b6/datanode-0/data/ratis/5064bfad-bfda-4a92-a53e-67e21bf12f9d has been successfully formatted.
2019-07-10 07:30:25,434 INFO  ratis.ContainerStateMachine (ContainerStateMachine.java:loadSnapshot(198)) - The snapshot info is null.Setting the last applied index to:(t:0, i:~)
2019-07-10 07:30:25,434 INFO  ratis.ContainerStateMachine (ContainerStateMachine.java:loadSnapshot(198)) - The snapshot info is null.Setting the last applied index to:(t:0, i:~)
2019-07-10 07:30:25,434 INFO  ratis.ContainerStateMachine (ContainerStateMachine.java:loadSnapshot(198)) - The snapshot info is null.Setting the last applied index to:(t:0, i:~)
2019-07-10 07:30:25,434 INFO  server.RaftServerConfigKeys (ConfUtils.java:logGet(43)) - raft.server.leader.election.timeout = 120s (custom)
2019-07-10 07:30:25,434 INFO  server.RaftServerConfigKeys (ConfUtils.java:logGet(43)) - raft.server.leader.election.timeout = 120s (custom)
2019-07-10 07:30:25,435 INFO  server.RaftServerConfigKeys (ConfUtils.java:logGet(43)) - raft.server.log.use.memory = false (default)
2019-07-10 07:30:25,434 INFO  server.RaftServerConfigKeys (ConfUtils.java:logGet(43)) - raft.server.leader.election.timeout = 120s (custom)
2019-07-10 07:30:25,435 INFO  server.RaftServerConfigKeys (ConfUtils.java:logGet(43)) - raft.server.log.purge.gap = 1000000000 (custom)
2019-07-10 07:30:25,435 INFO  server.RaftServerConfigKeys (ConfUtils.java:logGet(43)) - raft.server.log.use.memory = false (default)
2019-07-10 07:30:25,435 INFO  server.RaftServerConfigKeys (ConfUtils.java:logGet(43)) - raft.server.log.appender.buffer.byte-limit = 33554432 (custom)
2019-07-10 07:30:25,435 INFO  server.RaftServerConfigKeys (ConfUtils.java:logGet(43)) - raft.server.log.use.memory = false (default)
2019-07-10 07:30:25,436 INFO  server.RaftServerConfigKeys (ConfUtils.java:logGet(43)) - raft.server.log.segment.size.max = 1048576 (custom)
2019-07-10 07:30:25,436 INFO  server.RaftServerConfigKeys (ConfUtils.java:logGet(43)) - raft.server.log.purge.gap = 1000000000 (custom)
2019-07-10 07:30:25,436 INFO  server.RaftServerConfigKeys (ConfUtils.java:logGet(43)) - raft.server.log.segment.cache.num.max = 2 (custom)
2019-07-10 07:30:25,436 INFO  server.RaftServerConfigKeys (ConfUtils.java:logGet(43)) - raft.server.log.purge.gap = 1000000000 (custom)
2019-07-10 07:30:25,436 INFO  server.RaftServerConfigKeys (ConfUtils.java:logGet(43)) - raft.server.log.appender.buffer.byte-limit = 33554432 (custom)
2019-07-10 07:30:25,437 INFO  server.RaftServerConfigKeys (ConfUtils.java:logGet(43)) - raft.server.log.appender.buffer.byte-limit = 33554432 (custom)
2019-07-10 07:30:25,437 INFO  segmented.SegmentedRaftLogWorker (SegmentedRaftLogWorker.java:<init>(172)) - new 39c54784-9e1e-41fd-b789-d6fe66a0a826-SegmentedRaftLogWorker:Storage Directory /tmp/workdir/hadoop-ozone/tools/target/test-dir/MiniOzoneClusterImpl-b9caa8b2-7a0f-4f92-b400-407640b1f1b6/datanode-0/data/ratis/5064bfad-bfda-4a92-a53e-67e21bf12f9d for RaftStorage:Storage Directory /tmp/workdir/hadoop-ozone/tools/target/test-dir/MiniOzoneClusterImpl-b9caa8b2-7a0f-4f92-b400-407640b1f1b6/datanode-0/data/ratis/5064bfad-bfda-4a92-a53e-67e21bf12f9d
2019-07-10 07:30:25,437 INFO  server.RaftServerConfigKeys (ConfUtils.java:logGet(43)) - raft.server.log.segment.size.max = 1048576 (custom)
2019-07-10 07:30:25,437 INFO  server.RaftServerConfigKeys (ConfUtils.java:logGet(43)) - raft.server.log.segment.size.max = 1048576 (custom)
2019-07-10 07:30:25,439 INFO  server.RaftServerConfigKeys (ConfUtils.java:logGet(43)) - raft.server.log.queue.byte-limit = 2147483647 (custom)
2019-07-10 07:30:25,437 INFO  server.RaftServerConfigKeys (ConfUtils.java:logGet(43)) - raft.server.log.segment.cache.num.max = 2 (custom)
2019-07-10 07:30:25,439 INFO  server.RaftServerConfigKeys (ConfUtils.java:logGet(43)) - raft.server.log.queue.element-limit = 1024 (custom)
2019-07-10 07:30:25,439 INFO  server.RaftServerConfigKeys (ConfUtils.java:logGet(43)) - raft.server.log.segment.cache.num.max = 2 (custom)
2019-07-10 07:30:25,439 INFO  server.RaftServerConfigKeys (ConfUtils.java:logGet(43)) - raft.server.log.segment.size.max = 1048576 (custom)
2019-07-10 07:30:25,439 INFO  segmented.SegmentedRaftLogWorker (SegmentedRaftLogWorker.java:<init>(172)) - new f426f3fa-aaf8-45fd-9820-e3703380c0bb-SegmentedRaftLogWorker:Storage Directory /tmp/workdir/hadoop-ozone/tools/target/test-dir/MiniOzoneClusterImpl-b9caa8b2-7a0f-4f92-b400-407640b1f1b6/datanode-1/data/ratis/5064bfad-bfda-4a92-a53e-67e21bf12f9d for RaftStorage:Storage Directory /tmp/workdir/hadoop-ozone/tools/target/test-dir/MiniOzoneClusterImpl-b9caa8b2-7a0f-4f92-b400-407640b1f1b6/datanode-1/data/ratis/5064bfad-bfda-4a92-a53e-67e21bf12f9d
2019-07-10 07:30:25,440 INFO  server.RaftServerConfigKeys (ConfUtils.java:logGet(43)) - raft.server.log.preallocated.size = 16384 (custom)
2019-07-10 07:30:25,439 INFO  segmented.SegmentedRaftLogWorker (SegmentedRaftLogWorker.java:<init>(172)) - new 2285e7a6-3996-45af-9a09-acc80daefff4-SegmentedRaftLogWorker:Storage Directory /tmp/workdir/hadoop-ozone/tools/target/test-dir/MiniOzoneClusterImpl-b9caa8b2-7a0f-4f92-b400-407640b1f1b6/datanode-2/data/ratis/5064bfad-bfda-4a92-a53e-67e21bf12f9d for RaftStorage:Storage Directory /tmp/workdir/hadoop-ozone/tools/target/test-dir/MiniOzoneClusterImpl-b9caa8b2-7a0f-4f92-b400-407640b1f1b6/datanode-2/data/ratis/5064bfad-bfda-4a92-a53e-67e21bf12f9d
2019-07-10 07:30:25,440 INFO  server.RaftServerConfigKeys (ConfUtils.java:logGet(43)) - raft.server.log.write.buffer.size = 33554432 (custom)
2019-07-10 07:30:25,440 INFO  server.RaftServerConfigKeys (ConfUtils.java:logGet(43)) - raft.server.log.queue.byte-limit = 2147483647 (custom)
2019-07-10 07:30:25,442 INFO  server.RaftServerConfigKeys (ConfUtils.java:logGet(43)) - raft.server.log.force.sync.num = 128 (default)
2019-07-10 07:30:25,441 INFO  server.RaftServerConfigKeys (ConfUtils.java:logGet(43)) - raft.server.log.queue.byte-limit = 2147483647 (custom)
2019-07-10 07:30:25,443 INFO  server.RaftServerConfigKeys (ConfUtils.java:logGet(43)) - raft.server.log.statemachine.data.sync = true (default)
2019-07-10 07:30:25,443 INFO  server.RaftServerConfigKeys (ConfUtils.java:logGet(43)) - raft.server.log.queue.element-limit = 1024 (custom)
2019-07-10 07:30:25,444 INFO  server.RaftServerConfigKeys (ConfUtils.java:logGet(43)) - raft.server.log.statemachine.data.sync.timeout = 10s (default)
2019-07-10 07:30:25,443 INFO  server.RaftServerConfigKeys (ConfUtils.java:logGet(43)) - raft.server.log.queue.element-limit = 1024 (custom)
2019-07-10 07:30:25,444 INFO  server.RaftServerConfigKeys (ConfUtils.java:logGet(43)) - raft.server.log.statemachine.data.sync.timeout.retry = -1 (default)
2019-07-10 07:30:25,444 INFO  server.RaftServerConfigKeys (ConfUtils.java:logGet(43)) - raft.server.log.segment.size.max = 1048576 (custom)
2019-07-10 07:30:25,444 INFO  server.RaftServerConfigKeys (ConfUtils.java:logGet(43)) - raft.server.log.statemachine.data.caching.enabled = true (custom)
2019-07-10 07:30:25,444 INFO  server.RaftServerConfigKeys (ConfUtils.java:logGet(43)) - raft.server.log.segment.size.max = 1048576 (custom)
2019-07-10 07:30:25,444 INFO  server.RaftServerConfigKeys (ConfUtils.java:logGet(43)) - raft.server.log.preallocated.size = 16384 (custom)
2019-07-10 07:30:25,445 INFO  server.RaftServerConfigKeys (ConfUtils.java:logGet(43)) - raft.server.log.preallocated.size = 16384 (custom)
2019-07-10 07:30:25,445 INFO  segmented.SegmentedRaftLogWorker (SegmentedRaftLogWorker.java:lambda$new$0(132)) - 39c54784-9e1e-41fd-b789-d6fe66a0a826-SegmentedRaftLogWorker:Storage Directory /tmp/workdir/hadoop-ozone/tools/target/test-dir/MiniOzoneClusterImpl-b9caa8b2-7a0f-4f92-b400-407640b1f1b6/datanode-0/data/ratis/5064bfad-bfda-4a92-a53e-67e21bf12f9d: flushIndex: setUnconditionally 0 -> -1
2019-07-10 07:30:25,445 INFO  server.RaftServerConfigKeys (ConfUtils.java:logGet(43)) - raft.server.log.write.buffer.size = 33554432 (custom)
2019-07-10 07:30:25,445 INFO  server.RaftServerConfigKeys (ConfUtils.java:logGet(43)) - raft.server.log.write.buffer.size = 33554432 (custom)
2019-07-10 07:30:25,445 INFO  server.RaftServerConfigKeys (ConfUtils.java:logGet(43)) - raft.server.log.force.sync.num = 128 (default)
2019-07-10 07:30:25,446 INFO  server.RaftServerConfigKeys (ConfUtils.java:logGet(43)) - raft.server.snapshot.auto.trigger.enabled = true (custom)
2019-07-10 07:30:25,446 INFO  server.RaftServerConfigKeys (ConfUtils.java:logGet(43)) - raft.server.log.force.sync.num = 128 (default)
2019-07-10 07:30:25,446 INFO  server.RaftServerConfigKeys (ConfUtils.java:logGet(43)) - raft.server.snapshot.auto.trigger.threshold = 10000 (custom)
2019-07-10 07:30:25,446 INFO  server.RaftServerConfigKeys (ConfUtils.java:logGet(43)) - raft.server.log.statemachine.data.sync = true (default)
2019-07-10 07:30:25,446 INFO  server.RaftServerConfigKeys (ConfUtils.java:logGet(43)) - raft.server.retrycache.expirytime = 600000ms (custom)
2019-07-10 07:30:25,446 INFO  server.RaftServerConfigKeys (ConfUtils.java:logGet(43)) - raft.server.log.statemachine.data.sync = true (default)
2019-07-10 07:30:25,447 INFO  server.RaftServerConfigKeys (ConfUtils.java:logGet(43)) - raft.server.log.statemachine.data.sync.timeout = 10s (default)
2019-07-10 07:30:25,447 INFO  server.RaftServerConfigKeys (ConfUtils.java:logGet(43)) - raft.server.log.statemachine.data.sync.timeout = 10s (default)
2019-07-10 07:30:25,447 INFO  impl.RaftServerImpl (RaftServerImpl.java:start(180)) - 39c54784-9e1e-41fd-b789-d6fe66a0a826: start group-67E21BF12F9D
2019-07-10 07:30:25,447 INFO  server.RaftServerConfigKeys (ConfUtils.java:logGet(43)) - raft.server.log.statemachine.data.sync.timeout.retry = -1 (default)
2019-07-10 07:30:25,447 INFO  impl.RaftServerImpl (RaftServerImpl.java:setRole(171)) - 39c54784-9e1e-41fd-b789-d6fe66a0a826:group-67E21BF12F9D changes role from null to FOLLOWER at term 0 for startAsFollower
2019-07-10 07:30:25,447 INFO  server.RaftServerConfigKeys (ConfUtils.java:logGet(43)) - raft.server.log.statemachine.data.sync.timeout.retry = -1 (default)
2019-07-10 07:30:25,448 INFO  impl.RoleInfo (RoleInfo.java:updateAndGet(143)) - 39c54784-9e1e-41fd-b789-d6fe66a0a826: start FollowerState
2019-07-10 07:30:25,448 INFO  server.RaftServerConfigKeys (ConfUtils.java:logGet(43)) - raft.server.log.statemachine.data.caching.enabled = true (custom)
2019-07-10 07:30:25,448 INFO  server.RaftServerConfigKeys (ConfUtils.java:logGet(43)) - raft.server.log.statemachine.data.caching.enabled = true (custom)
2019-07-10 07:30:25,448 INFO  segmented.SegmentedRaftLogWorker (SegmentedRaftLogWorker.java:lambda$new$0(132)) - f426f3fa-aaf8-45fd-9820-e3703380c0bb-SegmentedRaftLogWorker:Storage Directory /tmp/workdir/hadoop-ozone/tools/target/test-dir/MiniOzoneClusterImpl-b9caa8b2-7a0f-4f92-b400-407640b1f1b6/datanode-1/data/ratis/5064bfad-bfda-4a92-a53e-67e21bf12f9d: flushIndex: setUnconditionally 0 -> -1
2019-07-10 07:30:25,449 INFO  util.JmxRegister (JmxRegister.java:tryRegister(44)) - Successfully registered JMX Bean with object name Ratis:service=RaftServer,group=group-67E21BF12F9D,id=39c54784-9e1e-41fd-b789-d6fe66a0a826
2019-07-10 07:30:25,449 INFO  segmented.SegmentedRaftLogWorker (SegmentedRaftLogWorker.java:lambda$new$0(132)) - 2285e7a6-3996-45af-9a09-acc80daefff4-SegmentedRaftLogWorker:Storage Directory /tmp/workdir/hadoop-ozone/tools/target/test-dir/MiniOzoneClusterImpl-b9caa8b2-7a0f-4f92-b400-407640b1f1b6/datanode-2/data/ratis/5064bfad-bfda-4a92-a53e-67e21bf12f9d: flushIndex: setUnconditionally 0 -> -1
2019-07-10 07:30:25,449 INFO  server.RaftServerConfigKeys (ConfUtils.java:logGet(43)) - raft.server.snapshot.auto.trigger.enabled = true (custom)
2019-07-10 07:30:25,449 INFO  server.RaftServerConfigKeys (ConfUtils.java:logGet(43)) - raft.server.snapshot.auto.trigger.threshold = 10000 (custom)
2019-07-10 07:30:25,449 INFO  server.RaftServerConfigKeys (ConfUtils.java:logGet(43)) - raft.server.snapshot.auto.trigger.enabled = true (custom)
2019-07-10 07:30:25,449 INFO  server.RaftServerConfigKeys (ConfUtils.java:logGet(43)) - raft.server.retrycache.expirytime = 600000ms (custom)
2019-07-10 07:30:25,450 INFO  server.RaftServerConfigKeys (ConfUtils.java:logGet(43)) - raft.server.snapshot.auto.trigger.threshold = 10000 (custom)
2019-07-10 07:30:25,450 INFO  impl.RaftServerImpl (RaftServerImpl.java:start(180)) - f426f3fa-aaf8-45fd-9820-e3703380c0bb: start group-67E21BF12F9D
2019-07-10 07:30:25,450 INFO  server.RaftServerConfigKeys (ConfUtils.java:logGet(43)) - raft.server.retrycache.expirytime = 600000ms (custom)
2019-07-10 07:30:25,450 INFO  impl.RaftServerImpl (RaftServerImpl.java:setRole(171)) - f426f3fa-aaf8-45fd-9820-e3703380c0bb:group-67E21BF12F9D changes role from null to FOLLOWER at term 0 for startAsFollower
2019-07-10 07:30:25,450 INFO  impl.RaftServerImpl (RaftServerImpl.java:start(180)) - 2285e7a6-3996-45af-9a09-acc80daefff4: start group-67E21BF12F9D
2019-07-10 07:30:25,450 INFO  impl.RoleInfo (RoleInfo.java:updateAndGet(143)) - f426f3fa-aaf8-45fd-9820-e3703380c0bb: start FollowerState
2019-07-10 07:30:25,450 INFO  impl.RaftServerImpl (RaftServerImpl.java:setRole(171)) - 2285e7a6-3996-45af-9a09-acc80daefff4:group-67E21BF12F9D changes role from null to FOLLOWER at term 0 for startAsFollower
2019-07-10 07:30:25,452 INFO  impl.RoleInfo (RoleInfo.java:updateAndGet(143)) - 2285e7a6-3996-45af-9a09-acc80daefff4: start FollowerState
2019-07-10 07:30:25,452 INFO  util.JmxRegister (JmxRegister.java:tryRegister(44)) - Successfully registered JMX Bean with object name Ratis:service=RaftServer,group=group-67E21BF12F9D,id=f426f3fa-aaf8-45fd-9820-e3703380c0bb
2019-07-10 07:30:25,452 INFO  util.JmxRegister (JmxRegister.java:tryRegister(44)) - Successfully registered JMX Bean with object name Ratis:service=RaftServer,group=group-67E21BF12F9D,id=2285e7a6-3996-45af-9a09-acc80daefff4
2019-07-10 07:30:25,457 INFO  pipeline.PipelineStateManager (PipelineStateManager.java:addPipeline(56)) - Created pipeline Pipeline[ Id: 5064bfad-bfda-4a92-a53e-67e21bf12f9d, Nodes: 2285e7a6-3996-45af-9a09-acc80daefff4{ip: 192.168.5.130, host: hdds1735-hmsjh-1333287617, networkLocation: /default-rack, certSerialId: null}f426f3fa-aaf8-45fd-9820-e3703380c0bb{ip: 192.168.5.130, host: hdds1735-hmsjh-1333287617, networkLocation: /default-rack, certSerialId: null}39c54784-9e1e-41fd-b789-d6fe66a0a826{ip: 192.168.5.130, host: hdds1735-hmsjh-1333287617, networkLocation: /default-rack, certSerialId: null}, Type:RATIS, Factor:THREE, State:OPEN]
2019-07-10 07:30:25,532 INFO  freon.RandomKeyGenerator (RandomKeyGenerator.java:call(262)) - Number of Threads: 10
2019-07-10 07:30:25,533 INFO  freon.RandomKeyGenerator (RandomKeyGenerator.java:call(267)) - Number of Volumes: 1.
2019-07-10 07:30:25,533 INFO  freon.RandomKeyGenerator (RandomKeyGenerator.java:call(268)) - Number of Buckets per Volume: 1.
2019-07-10 07:30:25,533 INFO  freon.RandomKeyGenerator (RandomKeyGenerator.java:call(269)) - Number of Keys per Bucket: 1.
2019-07-10 07:30:25,533 INFO  freon.RandomKeyGenerator (RandomKeyGenerator.java:call(270)) - Key size: 20971520 bytes
2019-07-10 07:30:25,533 INFO  freon.RandomKeyGenerator (RandomKeyGenerator.java:call(271)) - Buffer size: 4096 bytes
2019-07-10 07:30:25,534 INFO  freon.RandomKeyGenerator (RandomKeyGenerator.java:call(286)) - Data validation is enabled.
2019-07-10 07:30:25,534 INFO  freon.RandomKeyGenerator (RandomKeyGenerator.java:call(299)) - Starting progress bar Thread.

 0.00% |█                                                                                                    |  0/1 Time: 0:00:002019-07-10 07:30:25,535 INFO  rpc.RpcClient (RpcClient.java:createVolume(289)) - Creating Volume: vol-0-99336, with jenkins1000 as owner.
2019-07-10 07:30:25,546 INFO  rpc.RpcClient (RpcClient.java:createBucket(426)) - Creating Bucket: vol-0-99336/bucket-0-54900, with Versioning false and Storage Type set to DISK and Encryption set to false 
2019-07-10 07:30:25,594 INFO  client.GrpcClientProtocolClient (GrpcClientProtocolClient.java:onNext(255)) - client-5FDC8BD8FCD3->2285e7a6-3996-45af-9a09-acc80daefff4: receive RaftClientReply:client-5FDC8BD8FCD3->2285e7a6-3996-45af-9a09-acc80daefff4@group-67E21BF12F9D, cid=62, FAILED org.apache.ratis.protocol.NotLeaderException: Server 2285e7a6-3996-45af-9a09-acc80daefff4 is not the leader (null). Request must be sent to leader., logIndex=0, commits[2285e7a6-3996-45af-9a09-acc80daefff4:c-1]
2019-07-10 07:30:26,516 INFO  impl.FollowerState (FollowerState.java:run(106)) - f426f3fa-aaf8-45fd-9820-e3703380c0bb:group-67E21BF12F9D changes to CANDIDATE, lastRpcTime:1065, electionTimeout:1064ms
2019-07-10 07:30:26,517 INFO  impl.RoleInfo (RoleInfo.java:shutdownFollowerState(121)) - f426f3fa-aaf8-45fd-9820-e3703380c0bb: shutdown FollowerState
2019-07-10 07:30:26,517 INFO  impl.RaftServerImpl (RaftServerImpl.java:setRole(171)) - f426f3fa-aaf8-45fd-9820-e3703380c0bb:group-67E21BF12F9D changes role from FOLLOWER to CANDIDATE at term 0 for changeToCandidate
2019-07-10 07:30:26,517 INFO  impl.RoleInfo (RoleInfo.java:updateAndGet(143)) - f426f3fa-aaf8-45fd-9820-e3703380c0bb: start LeaderElection
2019-07-10 07:30:26,531 INFO  impl.LeaderElection (LeaderElection.java:askForVotes(181)) - f426f3fa-aaf8-45fd-9820-e3703380c0bb:group-67E21BF12F9D:LeaderElection6: begin an election at term 1 for -1: [2285e7a6-3996-45af-9a09-acc80daefff4:192.168.5.130:41370, 39c54784-9e1e-41fd-b789-d6fe66a0a826:192.168.5.130:41999, f426f3fa-aaf8-45fd-9820-e3703380c0bb:192.168.5.130:37848], old=null
2019-07-10 07:30:26,535 INFO  impl.FollowerState (FollowerState.java:run(106)) - 2285e7a6-3996-45af-9a09-acc80daefff4:group-67E21BF12F9D changes to CANDIDATE, lastRpcTime:1082, electionTimeout:1082ms
2019-07-10 07:30:26,535 INFO  impl.RoleInfo (RoleInfo.java:shutdownFollowerState(121)) - 2285e7a6-3996-45af-9a09-acc80daefff4: shutdown FollowerState
 0.00% |█                                                                                                    |  0/1 Time: 0:00:012019-07-10 07:30:26,535 INFO  impl.RaftServerImpl (RaftServerImpl.java:setRole(171)) - 2285e7a6-3996-45af-9a09-acc80daefff4:group-67E21BF12F9D changes role from FOLLOWER to CANDIDATE at term 0 for changeToCandidate
2019-07-10 07:30:26,535 INFO  impl.RoleInfo (RoleInfo.java:updateAndGet(143)) - 2285e7a6-3996-45af-9a09-acc80daefff4: start LeaderElection
2019-07-10 07:30:26,543 INFO  impl.RaftServerImpl (RaftServerImpl.java:setRole(171)) - 39c54784-9e1e-41fd-b789-d6fe66a0a826:group-67E21BF12F9D changes role from FOLLOWER to FOLLOWER at term 1 for recognizeCandidate:f426f3fa-aaf8-45fd-9820-e3703380c0bb
2019-07-10 07:30:26,544 INFO  impl.RoleInfo (RoleInfo.java:shutdownFollowerState(121)) - 39c54784-9e1e-41fd-b789-d6fe66a0a826: shutdown FollowerState
2019-07-10 07:30:26,544 INFO  impl.RoleInfo (RoleInfo.java:updateAndGet(143)) - 39c54784-9e1e-41fd-b789-d6fe66a0a826: start FollowerState
2019-07-10 07:30:26,544 INFO  impl.FollowerState (FollowerState.java:run(114)) - 39c54784-9e1e-41fd-b789-d6fe66a0a826: FollowerState was interrupted: java.lang.InterruptedException: sleep interrupted
2019-07-10 07:30:26,548 INFO  impl.LeaderElection (LeaderElection.java:askForVotes(181)) - 2285e7a6-3996-45af-9a09-acc80daefff4:group-67E21BF12F9D:LeaderElection7: begin an election at term 1 for -1: [2285e7a6-3996-45af-9a09-acc80daefff4:192.168.5.130:41370, 39c54784-9e1e-41fd-b789-d6fe66a0a826:192.168.5.130:41999, f426f3fa-aaf8-45fd-9820-e3703380c0bb:192.168.5.130:37848], old=null
2019-07-10 07:30:26,556 INFO  impl.LeaderElection (LeaderElection.java:logAndReturn(56)) - f426f3fa-aaf8-45fd-9820-e3703380c0bb:group-67E21BF12F9D:LeaderElection6: Election PASSED; received 2 response(s) [f426f3fa-aaf8-45fd-9820-e3703380c0bb<-2285e7a6-3996-45af-9a09-acc80daefff4#0:FAIL-t1, f426f3fa-aaf8-45fd-9820-e3703380c0bb<-39c54784-9e1e-41fd-b789-d6fe66a0a826#0:OK-t1] and 0 exception(s); f426f3fa-aaf8-45fd-9820-e3703380c0bb:t1, leader=null, voted=f426f3fa-aaf8-45fd-9820-e3703380c0bb, raftlog=f426f3fa-aaf8-45fd-9820-e3703380c0bb-SegmentedRaftLog:OPENED:c-1,f-1,i0, conf=-1: [2285e7a6-3996-45af-9a09-acc80daefff4:192.168.5.130:41370, 39c54784-9e1e-41fd-b789-d6fe66a0a826:192.168.5.130:41999, f426f3fa-aaf8-45fd-9820-e3703380c0bb:192.168.5.130:37848], old=null
2019-07-10 07:30:26,556 INFO  impl.RoleInfo (RoleInfo.java:shutdownLeaderElection(134)) - f426f3fa-aaf8-45fd-9820-e3703380c0bb: shutdown LeaderElection
2019-07-10 07:30:26,561 INFO  impl.RaftServerImpl (RaftServerImpl.java:setRole(171)) - f426f3fa-aaf8-45fd-9820-e3703380c0bb:group-67E21BF12F9D changes role from CANDIDATE to LEADER at term 1 for changeToLeader
2019-07-10 07:30:26,561 INFO  impl.RaftServerImpl (ServerState.java:setLeader(263)) - f426f3fa-aaf8-45fd-9820-e3703380c0bb:group-67E21BF12F9D change Leader from null to f426f3fa-aaf8-45fd-9820-e3703380c0bb at term 1 for becomeLeader, leader elected after 1126ms
2019-07-10 07:30:26,562 INFO  server.RaftServerConfigKeys (ConfUtils.java:logGet(43)) - raft.server.staging.catchup.gap = 1000 (default)
2019-07-10 07:30:26,562 INFO  server.RaftServerConfigKeys (ConfUtils.java:logGet(43)) - raft.server.rpc.sleep.time = 25ms (default)
2019-07-10 07:30:26,562 INFO  server.RaftServerConfigKeys (ConfUtils.java:logGet(43)) - raft.server.write.element-limit = 4096 (default)
2019-07-10 07:30:26,562 INFO  server.RaftServerConfigKeys (ConfUtils.java:logGet(43)) - raft.server.watch.timeout = 10s (default)
2019-07-10 07:30:26,563 INFO  server.RaftServerConfigKeys (ConfUtils.java:logGet(43)) - raft.server.watch.timeout.denomination = 1s (default)
2019-07-10 07:30:26,563 INFO  server.RaftServerConfigKeys (ConfUtils.java:logGet(43)) - raft.server.watch.element-limit = 65536 (default)
2019-07-10 07:30:26,564 INFO  server.RaftServerConfigKeys (ConfUtils.java:logGet(43)) - raft.server.log.appender.snapshot.chunk.size.max = 16MB (=16777216) (default)
2019-07-10 07:30:26,564 INFO  server.RaftServerConfigKeys (ConfUtils.java:logGet(43)) - raft.server.log.appender.buffer.byte-limit = 33554432 (custom)
2019-07-10 07:30:26,565 INFO  server.RaftServerConfigKeys (ConfUtils.java:logGet(43)) - raft.server.log.appender.buffer.element-limit = 1 (custom)
2019-07-10 07:30:26,565 INFO  grpc.GrpcConfigKeys$Server (ConfUtils.java:logGet(43)) - raft.grpc.server.leader.outstanding.appends.max = 128 (default)
2019-07-10 07:30:26,565 INFO  server.RaftServerConfigKeys (ConfUtils.java:logGet(43)) - raft.server.rpc.request.timeout = 3000ms (default)
2019-07-10 07:30:26,565 INFO  server.RaftServerConfigKeys (ConfUtils.java:logGet(43)) - raft.server.log.appender.install.snapshot.enabled = false (custom)
2019-07-10 07:30:26,566 INFO  server.RaftServerConfigKeys (ConfUtils.java:logGet(43)) - raft.server.log.appender.snapshot.chunk.size.max = 16MB (=16777216) (default)
2019-07-10 07:30:26,566 INFO  server.RaftServerConfigKeys (ConfUtils.java:logGet(43)) - raft.server.log.appender.buffer.byte-limit = 33554432 (custom)
2019-07-10 07:30:26,566 INFO  server.RaftServerConfigKeys (ConfUtils.java:logGet(43)) - raft.server.log.appender.buffer.element-limit = 1 (custom)
2019-07-10 07:30:26,568 INFO  grpc.GrpcConfigKeys$Server (ConfUtils.java:logGet(43)) - raft.grpc.server.leader.outstanding.appends.max = 128 (default)
2019-07-10 07:30:26,570 INFO  server.RaftServerConfigKeys (ConfUtils.java:logGet(43)) - raft.server.rpc.request.timeout = 3000ms (default)
2019-07-10 07:30:26,570 INFO  server.RaftServerConfigKeys (ConfUtils.java:logGet(43)) - raft.server.log.appender.install.snapshot.enabled = false (custom)
2019-07-10 07:30:26,570 INFO  impl.RoleInfo (RoleInfo.java:updateAndGet(143)) - f426f3fa-aaf8-45fd-9820-e3703380c0bb: start LeaderState
2019-07-10 07:30:26,573 INFO  segmented.SegmentedRaftLogWorker (SegmentedRaftLogWorker.java:startLogSegment(380)) - f426f3fa-aaf8-45fd-9820-e3703380c0bb-SegmentedRaftLogWorker:Storage Directory /tmp/workdir/hadoop-ozone/tools/target/test-dir/MiniOzoneClusterImpl-b9caa8b2-7a0f-4f92-b400-407640b1f1b6/datanode-1/data/ratis/5064bfad-bfda-4a92-a53e-67e21bf12f9d: Starting segment from index:0
2019-07-10 07:30:26,574 INFO  impl.RaftServerImpl (ServerState.java:setRaftConf(361)) - f426f3fa-aaf8-45fd-9820-e3703380c0bb:group-67E21BF12F9D set configuration 0: [2285e7a6-3996-45af-9a09-acc80daefff4:192.168.5.130:41370, 39c54784-9e1e-41fd-b789-d6fe66a0a826:192.168.5.130:41999, f426f3fa-aaf8-45fd-9820-e3703380c0bb:192.168.5.130:37848], old=null at 0
2019-07-10 07:30:26,593 INFO  impl.RaftServerImpl (RaftServerImpl.java:requestVote(754)) - f426f3fa-aaf8-45fd-9820-e3703380c0bb-LEADER: Withhold vote from candidate 2285e7a6-3996-45af-9a09-acc80daefff4 with term 1. State: leader=f426f3fa-aaf8-45fd-9820-e3703380c0bb, term=1, lastRpcElapsed=null
2019-07-10 07:30:26,598 INFO  impl.LeaderElection (LeaderElection.java:logAndReturn(56)) - 2285e7a6-3996-45af-9a09-acc80daefff4:group-67E21BF12F9D:LeaderElection7: Election REJECTED; received 2 response(s) [2285e7a6-3996-45af-9a09-acc80daefff4<-39c54784-9e1e-41fd-b789-d6fe66a0a826#0:FAIL-t1, 2285e7a6-3996-45af-9a09-acc80daefff4<-f426f3fa-aaf8-45fd-9820-e3703380c0bb#0:FAIL-t1] and 0 exception(s); 2285e7a6-3996-45af-9a09-acc80daefff4:t1, leader=null, voted=2285e7a6-3996-45af-9a09-acc80daefff4, raftlog=2285e7a6-3996-45af-9a09-acc80daefff4-SegmentedRaftLog:OPENED:c-1,f-1,i0, conf=-1: [2285e7a6-3996-45af-9a09-acc80daefff4:192.168.5.130:41370, 39c54784-9e1e-41fd-b789-d6fe66a0a826:192.168.5.130:41999, f426f3fa-aaf8-45fd-9820-e3703380c0bb:192.168.5.130:37848], old=null
2019-07-10 07:30:26,598 INFO  impl.RaftServerImpl (ServerState.java:setLeader(263)) - 39c54784-9e1e-41fd-b789-d6fe66a0a826:group-67E21BF12F9D change Leader from null to f426f3fa-aaf8-45fd-9820-e3703380c0bb at term 1 for appendEntries, leader elected after 1163ms
2019-07-10 07:30:26,598 INFO  impl.RaftServerImpl (RaftServerImpl.java:setRole(171)) - 2285e7a6-3996-45af-9a09-acc80daefff4:group-67E21BF12F9D changes role from CANDIDATE to FOLLOWER at term 1 for appendEntries
2019-07-10 07:30:26,601 INFO  segmented.SegmentedRaftLogWorker (SegmentedRaftLogWorker.java:execute(569)) - f426f3fa-aaf8-45fd-9820-e3703380c0bb-SegmentedRaftLogWorker:Storage Directory /tmp/workdir/hadoop-ozone/tools/target/test-dir/MiniOzoneClusterImpl-b9caa8b2-7a0f-4f92-b400-407640b1f1b6/datanode-1/data/ratis/5064bfad-bfda-4a92-a53e-67e21bf12f9d: created new log segment /tmp/workdir/hadoop-ozone/tools/target/test-dir/MiniOzoneClusterImpl-b9caa8b2-7a0f-4f92-b400-407640b1f1b6/datanode-1/data/ratis/5064bfad-bfda-4a92-a53e-67e21bf12f9d/current/log_inprogress_0
2019-07-10 07:30:26,601 INFO  impl.RoleInfo (RoleInfo.java:shutdownLeaderElection(134)) - 2285e7a6-3996-45af-9a09-acc80daefff4: shutdown LeaderElection
2019-07-10 07:30:26,607 INFO  impl.RoleInfo (RoleInfo.java:updateAndGet(143)) - 2285e7a6-3996-45af-9a09-acc80daefff4: start FollowerState
2019-07-10 07:30:26,607 INFO  impl.RaftServerImpl (ServerState.java:setLeader(263)) - 2285e7a6-3996-45af-9a09-acc80daefff4:group-67E21BF12F9D change Leader from null to f426f3fa-aaf8-45fd-9820-e3703380c0bb at term 1 for appendEntries, leader elected after 1172ms
2019-07-10 07:30:26,616 INFO  impl.RaftServerImpl (ServerState.java:setRaftConf(361)) - 39c54784-9e1e-41fd-b789-d6fe66a0a826:group-67E21BF12F9D set configuration 0: [2285e7a6-3996-45af-9a09-acc80daefff4:192.168.5.130:41370, 39c54784-9e1e-41fd-b789-d6fe66a0a826:192.168.5.130:41999, f426f3fa-aaf8-45fd-9820-e3703380c0bb:192.168.5.130:37848], old=null at 0
2019-07-10 07:30:26,617 INFO  segmented.SegmentedRaftLogWorker (SegmentedRaftLogWorker.java:startLogSegment(380)) - 39c54784-9e1e-41fd-b789-d6fe66a0a826-SegmentedRaftLogWorker:Storage Directory /tmp/workdir/hadoop-ozone/tools/target/test-dir/MiniOzoneClusterImpl-b9caa8b2-7a0f-4f92-b400-407640b1f1b6/datanode-0/data/ratis/5064bfad-bfda-4a92-a53e-67e21bf12f9d: Starting segment from index:0
2019-07-10 07:30:26,617 INFO  impl.RaftServerImpl (ServerState.java:setRaftConf(361)) - 2285e7a6-3996-45af-9a09-acc80daefff4:group-67E21BF12F9D set configuration 0: [2285e7a6-3996-45af-9a09-acc80daefff4:192.168.5.130:41370, 39c54784-9e1e-41fd-b789-d6fe66a0a826:192.168.5.130:41999, f426f3fa-aaf8-45fd-9820-e3703380c0bb:192.168.5.130:37848], old=null at 0
2019-07-10 07:30:26,618 INFO  segmented.SegmentedRaftLogWorker (SegmentedRaftLogWorker.java:startLogSegment(380)) - 2285e7a6-3996-45af-9a09-acc80daefff4-SegmentedRaftLogWorker:Storage Directory /tmp/workdir/hadoop-ozone/tools/target/test-dir/MiniOzoneClusterImpl-b9caa8b2-7a0f-4f92-b400-407640b1f1b6/datanode-2/data/ratis/5064bfad-bfda-4a92-a53e-67e21bf12f9d: Starting segment from index:0
2019-07-10 07:30:26,641 INFO  segmented.SegmentedRaftLogWorker (SegmentedRaftLogWorker.java:execute(569)) - 2285e7a6-3996-45af-9a09-acc80daefff4-SegmentedRaftLogWorker:Storage Directory /tmp/workdir/hadoop-ozone/tools/target/test-dir/MiniOzoneClusterImpl-b9caa8b2-7a0f-4f92-b400-407640b1f1b6/datanode-2/data/ratis/5064bfad-bfda-4a92-a53e-67e21bf12f9d: created new log segment /tmp/workdir/hadoop-ozone/tools/target/test-dir/MiniOzoneClusterImpl-b9caa8b2-7a0f-4f92-b400-407640b1f1b6/datanode-2/data/ratis/5064bfad-bfda-4a92-a53e-67e21bf12f9d/current/log_inprogress_0
2019-07-10 07:30:26,641 INFO  segmented.SegmentedRaftLogWorker (SegmentedRaftLogWorker.java:execute(569)) - 39c54784-9e1e-41fd-b789-d6fe66a0a826-SegmentedRaftLogWorker:Storage Directory /tmp/workdir/hadoop-ozone/tools/target/test-dir/MiniOzoneClusterImpl-b9caa8b2-7a0f-4f92-b400-407640b1f1b6/datanode-0/data/ratis/5064bfad-bfda-4a92-a53e-67e21bf12f9d: created new log segment /tmp/workdir/hadoop-ozone/tools/target/test-dir/MiniOzoneClusterImpl-b9caa8b2-7a0f-4f92-b400-407640b1f1b6/datanode-0/data/ratis/5064bfad-bfda-4a92-a53e-67e21bf12f9d/current/log_inprogress_0
2019-07-10 07:30:26,713 INFO  client.GrpcClientProtocolClient (GrpcClientProtocolClient.java:onNext(255)) - client-5FDC8BD8FCD3->f426f3fa-aaf8-45fd-9820-e3703380c0bb: receive RaftClientReply:client-5FDC8BD8FCD3->f426f3fa-aaf8-45fd-9820-e3703380c0bb@group-67E21BF12F9D, cid=62, SUCCESS, logIndex=1, commits[f426f3fa-aaf8-45fd-9820-e3703380c0bb:c1, 2285e7a6-3996-45af-9a09-acc80daefff4:c0, 39c54784-9e1e-41fd-b789-d6fe66a0a826:c-1]
2019-07-10 07:30:26,783 INFO  client.GrpcClientProtocolClient (GrpcClientProtocolClient.java:onNext(255)) - client-5FDC8BD8FCD3->f426f3fa-aaf8-45fd-9820-e3703380c0bb: receive RaftClientReply:client-5FDC8BD8FCD3->f426f3fa-aaf8-45fd-9820-e3703380c0bb@group-67E21BF12F9D, cid=63, SUCCESS, logIndex=3, commits[f426f3fa-aaf8-45fd-9820-e3703380c0bb:c8, 2285e7a6-3996-45af-9a09-acc80daefff4:c6, 39c54784-9e1e-41fd-b789-d6fe66a0a826:c6]
2019-07-10 07:30:26,785 INFO  client.GrpcClientProtocolClient (GrpcClientProtocolClient.java:onNext(255)) - client-5FDC8BD8FCD3->f426f3fa-aaf8-45fd-9820-e3703380c0bb: receive RaftClientReply:client-5FDC8BD8FCD3->f426f3fa-aaf8-45fd-9820-e3703380c0bb@group-67E21BF12F9D, cid=64, SUCCESS, logIndex=4, commits[f426f3fa-aaf8-45fd-9820-e3703380c0bb:c8, 2285e7a6-3996-45af-9a09-acc80daefff4:c6, 39c54784-9e1e-41fd-b789-d6fe66a0a826:c6]
2019-07-10 07:30:26,826 INFO  client.GrpcClientProtocolClient (GrpcClientProtocolClient.java:onNext(255)) - client-5FDC8BD8FCD3->f426f3fa-aaf8-45fd-9820-e3703380c0bb: receive RaftClientReply:client-5FDC8BD8FCD3->f426f3fa-aaf8-45fd-9820-e3703380c0bb@group-67E21BF12F9D, cid=65, SUCCESS, logIndex=5, commits[f426f3fa-aaf8-45fd-9820-e3703380c0bb:c8, 2285e7a6-3996-45af-9a09-acc80daefff4:c6, 39c54784-9e1e-41fd-b789-d6fe66a0a826:c6]
2019-07-10 07:30:26,855 INFO  client.GrpcClientProtocolClient (GrpcClientProtocolClient.java:onNext(255)) - client-5FDC8BD8FCD3->f426f3fa-aaf8-45fd-9820-e3703380c0bb: receive RaftClientReply:client-5FDC8BD8FCD3->f426f3fa-aaf8-45fd-9820-e3703380c0bb@group-67E21BF12F9D, cid=66, SUCCESS, logIndex=9, commits[f426f3fa-aaf8-45fd-9820-e3703380c0bb:c10, 2285e7a6-3996-45af-9a09-acc80daefff4:c8, 39c54784-9e1e-41fd-b789-d6fe66a0a826:c6]
2019-07-10 07:30:26,856 INFO  client.GrpcClientProtocolClient (GrpcClientProtocolClient.java:onNext(255)) - client-5FDC8BD8FCD3->f426f3fa-aaf8-45fd-9820-e3703380c0bb: receive RaftClientReply:client-5FDC8BD8FCD3->f426f3fa-aaf8-45fd-9820-e3703380c0bb@group-67E21BF12F9D, cid=67, SUCCESS, logIndex=10, commits[f426f3fa-aaf8-45fd-9820-e3703380c0bb:c10, 2285e7a6-3996-45af-9a09-acc80daefff4:c8, 39c54784-9e1e-41fd-b789-d6fe66a0a826:c8]
2019-07-10 07:30:26,858 INFO  client.GrpcClientProtocolClient (GrpcClientProtocolClient.java:onNext(255)) - client-5FDC8BD8FCD3->f426f3fa-aaf8-45fd-9820-e3703380c0bb: receive RaftClientReply:client-5FDC8BD8FCD3->f426f3fa-aaf8-45fd-9820-e3703380c0bb@group-67E21BF12F9D, cid=68, SUCCESS, logIndex=11, commits[f426f3fa-aaf8-45fd-9820-e3703380c0bb:c13, 2285e7a6-3996-45af-9a09-acc80daefff4:c10, 39c54784-9e1e-41fd-b789-d6fe66a0a826:c8]
2019-07-10 07:30:26,859 INFO  client.GrpcClientProtocolClient (GrpcClientProtocolClient.java:onNext(255)) - client-5FDC8BD8FCD3->f426f3fa-aaf8-45fd-9820-e3703380c0bb: receive RaftClientReply:client-5FDC8BD8FCD3->f426f3fa-aaf8-45fd-9820-e3703380c0bb@group-67E21BF12F9D, cid=69, SUCCESS, logIndex=12, commits[f426f3fa-aaf8-45fd-9820-e3703380c0bb:c13, 2285e7a6-3996-45af-9a09-acc80daefff4:c10, 39c54784-9e1e-41fd-b789-d6fe66a0a826:c8]
2019-07-10 07:30:26,865 INFO  client.GrpcClientProtocolClient (GrpcClientProtocolClient.java:onNext(255)) - client-5FDC8BD8FCD3->f426f3fa-aaf8-45fd-9820-e3703380c0bb: receive RaftClientReply:client-5FDC8BD8FCD3->f426f3fa-aaf8-45fd-9820-e3703380c0bb@group-67E21BF12F9D, cid=70, SUCCESS, logIndex=0, commits[f426f3fa-aaf8-45fd-9820-e3703380c0bb:c16, 2285e7a6-3996-45af-9a09-acc80daefff4:c13, 39c54784-9e1e-41fd-b789-d6fe66a0a826:c13]
2019-07-10 07:30:26,867 INFO  client.GrpcClientProtocolClient (GrpcClientProtocolClient.java:onNext(255)) - client-5FDC8BD8FCD3->f426f3fa-aaf8-45fd-9820-e3703380c0bb: receive RaftClientReply:client-5FDC8BD8FCD3->f426f3fa-aaf8-45fd-9820-e3703380c0bb@group-67E21BF12F9D, cid=71, SUCCESS, logIndex=0, commits[f426f3fa-aaf8-45fd-9820-e3703380c0bb:c16, 2285e7a6-3996-45af-9a09-acc80daefff4:c13, 39c54784-9e1e-41fd-b789-d6fe66a0a826:c13]
2019-07-10 07:30:26,939 INFO  client.GrpcClientProtocolClient (GrpcClientProtocolClient.java:onNext(255)) - client-5FDC8BD8FCD3->f426f3fa-aaf8-45fd-9820-e3703380c0bb: receive RaftClientReply:client-5FDC8BD8FCD3->f426f3fa-aaf8-45fd-9820-e3703380c0bb@group-67E21BF12F9D, cid=72, SUCCESS, logIndex=17, commits[f426f3fa-aaf8-45fd-9820-e3703380c0bb:c20, 2285e7a6-3996-45af-9a09-acc80daefff4:c16, 39c54784-9e1e-41fd-b789-d6fe66a0a826:c16]
2019-07-10 07:30:26,963 INFO  client.GrpcClientProtocolClient (GrpcClientProtocolClient.java:onNext(255)) - client-5FDC8BD8FCD3->f426f3fa-aaf8-45fd-9820-e3703380c0bb: receive RaftClientReply:client-5FDC8BD8FCD3->f426f3fa-aaf8-45fd-9820-e3703380c0bb@group-67E21BF12F9D, cid=73, SUCCESS, logIndex=18, commits[f426f3fa-aaf8-45fd-9820-e3703380c0bb:c22, 2285e7a6-3996-45af-9a09-acc80daefff4:c20, 39c54784-9e1e-41fd-b789-d6fe66a0a826:c20]
2019-07-10 07:30:26,964 INFO  client.GrpcClientProtocolClient (GrpcClientProtocolClient.java:onNext(255)) - client-5FDC8BD8FCD3->f426f3fa-aaf8-45fd-9820-e3703380c0bb: receive RaftClientReply:client-5FDC8BD8FCD3->f426f3fa-aaf8-45fd-9820-e3703380c0bb@group-67E21BF12F9D, cid=74, SUCCESS, logIndex=19, commits[f426f3fa-aaf8-45fd-9820-e3703380c0bb:c22, 2285e7a6-3996-45af-9a09-acc80daefff4:c20, 39c54784-9e1e-41fd-b789-d6fe66a0a826:c20]
2019-07-10 07:30:27,012 INFO  client.GrpcClientProtocolClient (GrpcClientProtocolClient.java:onNext(255)) - client-5FDC8BD8FCD3->f426f3fa-aaf8-45fd-9820-e3703380c0bb: receive RaftClientReply:client-5FDC8BD8FCD3->f426f3fa-aaf8-45fd-9820-e3703380c0bb@group-67E21BF12F9D, cid=75, SUCCESS, logIndex=20, commits[f426f3fa-aaf8-45fd-9820-e3703380c0bb:c22, 2285e7a6-3996-45af-9a09-acc80daefff4:c20, 39c54784-9e1e-41fd-b789-d6fe66a0a826:c20]
2019-07-10 07:30:27,038 INFO  client.GrpcClientProtocolClient (GrpcClientProtocolClient.java:onNext(255)) - client-5FDC8BD8FCD3->f426f3fa-aaf8-45fd-9820-e3703380c0bb: receive RaftClientReply:client-5FDC8BD8FCD3->f426f3fa-aaf8-45fd-9820-e3703380c0bb@group-67E21BF12F9D, cid=76, SUCCESS, logIndex=23, commits[f426f3fa-aaf8-45fd-9820-e3703380c0bb:c24, 2285e7a6-3996-45af-9a09-acc80daefff4:c22, 39c54784-9e1e-41fd-b789-d6fe66a0a826:c20]
2019-07-10 07:30:27,039 INFO  client.GrpcClientProtocolClient (GrpcClientProtocolClient.java:onNext(255)) - client-5FDC8BD8FCD3->f426f3fa-aaf8-45fd-9820-e3703380c0bb: receive RaftClientReply:client-5FDC8BD8FCD3->f426f3fa-aaf8-45fd-9820-e3703380c0bb@group-67E21BF12F9D, cid=77, SUCCESS, logIndex=24, commits[f426f3fa-aaf8-45fd-9820-e3703380c0bb:c24, 2285e7a6-3996-45af-9a09-acc80daefff4:c22, 39c54784-9e1e-41fd-b789-d6fe66a0a826:c20]
2019-07-10 07:30:27,043 INFO  client.GrpcClientProtocolClient (GrpcClientProtocolClient.java:onNext(255)) - client-5FDC8BD8FCD3->f426f3fa-aaf8-45fd-9820-e3703380c0bb: receive RaftClientReply:client-5FDC8BD8FCD3->f426f3fa-aaf8-45fd-9820-e3703380c0bb@group-67E21BF12F9D, cid=78, SUCCESS, logIndex=25, commits[f426f3fa-aaf8-45fd-9820-e3703380c0bb:c26, 2285e7a6-3996-45af-9a09-acc80daefff4:c23, 39c54784-9e1e-41fd-b789-d6fe66a0a826:c22]
2019-07-10 07:30:27,043 INFO  client.GrpcClientProtocolClient (GrpcClientProtocolClient.java:onNext(255)) - client-5FDC8BD8FCD3->f426f3fa-aaf8-45fd-9820-e3703380c0bb: receive RaftClientReply:client-5FDC8BD8FCD3->f426f3fa-aaf8-45fd-9820-e3703380c0bb@group-67E21BF12F9D, cid=79, SUCCESS, logIndex=26, commits[f426f3fa-aaf8-45fd-9820-e3703380c0bb:c28, 2285e7a6-3996-45af-9a09-acc80daefff4:c24, 39c54784-9e1e-41fd-b789-d6fe66a0a826:c22]
2019-07-10 07:30:27,048 INFO  client.GrpcClientProtocolClient (GrpcClientProtocolClient.java:onNext(255)) - client-5FDC8BD8FCD3->f426f3fa-aaf8-45fd-9820-e3703380c0bb: receive RaftClientReply:client-5FDC8BD8FCD3->f426f3fa-aaf8-45fd-9820-e3703380c0bb@group-67E21BF12F9D, cid=80, SUCCESS, logIndex=0, commits[f426f3fa-aaf8-45fd-9820-e3703380c0bb:c30, 2285e7a6-3996-45af-9a09-acc80daefff4:c26, 39c54784-9e1e-41fd-b789-d6fe66a0a826:c24]
2019-07-10 07:30:27,050 INFO  client.GrpcClientProtocolClient (GrpcClientProtocolClient.java:onNext(255)) - client-5FDC8BD8FCD3->f426f3fa-aaf8-45fd-9820-e3703380c0bb: receive RaftClientReply:client-5FDC8BD8FCD3->f426f3fa-aaf8-45fd-9820-e3703380c0bb@group-67E21BF12F9D, cid=81, SUCCESS, logIndex=0, commits[f426f3fa-aaf8-45fd-9820-e3703380c0bb:c30, 2285e7a6-3996-45af-9a09-acc80daefff4:c26, 39c54784-9e1e-41fd-b789-d6fe66a0a826:c26]
2019-07-10 07:30:27,153 INFO  keyvalue.KeyValueHandler (ContainerUtils.java:logAndReturnError(146)) - Operation: CreateContainer : Trace ID: 4661d88d52490250:295b80d293214530:a2b23366bb43e75:0 : Message: Container creation failed, due to disk out of space : Result: DISK_OUT_OF_SPACE
2019-07-10 07:30:27,159 INFO  keyvalue.KeyValueHandler (ContainerUtils.java:logAndReturnError(146)) - Operation: CreateContainer : Trace ID: 4661d88d52490250:957812725bce6cbd:a2b23366bb43e75:0 : Message: Container creation failed, due to disk out of space : Result: DISK_OUT_OF_SPACE
2019-07-10 07:30:27,162 INFO  keyvalue.KeyValueHandler (ContainerUtils.java:logAndReturnError(146)) - Operation: CreateContainer : Trace ID: 4661d88d52490250:295b80d293214530:a2b23366bb43e75:0 : Message: Container creation failed, due to disk out of space : Result: DISK_OUT_OF_SPACE
2019-07-10 07:30:27,166 INFO  keyvalue.KeyValueHandler (ContainerUtils.java:logAndReturnError(146)) - Operation: CreateContainer : Trace ID: 4661d88d52490250:295b80d293214530:a2b23366bb43e75:0 : Message: Container creation failed, due to disk out of space : Result: DISK_OUT_OF_SPACE
2019-07-10 07:30:27,166 INFO  keyvalue.KeyValueHandler (ContainerUtils.java:logAndReturnError(146)) - Operation: CreateContainer : Trace ID: 4661d88d52490250:957812725bce6cbd:a2b23366bb43e75:0 : Message: Container creation failed, due to disk out of space : Result: DISK_OUT_OF_SPACE
2019-07-10 07:30:27,170 INFO  keyvalue.KeyValueHandler (ContainerUtils.java:logAndReturnError(146)) - Operation: CreateContainer : Trace ID: 4661d88d52490250:957812725bce6cbd:a2b23366bb43e75:0 : Message: Container creation failed, due to disk out of space : Result: DISK_OUT_OF_SPACE
07:30:27.166 [pool-68-thread-30] ERROR DNAudit - user=null | ip=null | op=WRITE_CHUNK {blockData=conID: 6 locID: 102415979351638025 bcsId: 0} | ret=FAILURE
org.apache.hadoop.hdds.scm.container.common.helpers.StorageContainerException: ContainerID 6 creation failed
	at org.apache.hadoop.ozone.container.common.impl.HddsDispatcher.dispatchRequest(HddsDispatcher.java:227) ~[classes/:?]
	at org.apache.hadoop.ozone.container.common.impl.HddsDispatcher.dispatch(HddsDispatcher.java:148) ~[classes/:?]
	at org.apache.hadoop.ozone.container.common.transport.server.ratis.ContainerStateMachine.dispatchCommand(ContainerStateMachine.java:346) ~[classes/:?]
	at org.apache.hadoop.ozone.container.common.transport.server.ratis.ContainerStateMachine.runCommand(ContainerStateMachine.java:353) ~[classes/:?]
	at org.apache.hadoop.ozone.container.common.transport.server.ratis.ContainerStateMachine.lambda$handleWriteChunk$0(ContainerStateMachine.java:384) ~[classes/:?]
	at java.util.concurrent.CompletableFuture$AsyncSupply.run(CompletableFuture.java:1590) [?:1.8.0_212]
	at java.util.concurrent.ThreadPoolExecutor.runWorker(ThreadPoolExecutor.java:1149) [?:1.8.0_212]
	at java.util.concurrent.ThreadPoolExecutor$Worker.run(ThreadPoolExecutor.java:624) [?:1.8.0_212]
	at java.lang.Thread.run(Thread.java:748) [?:1.8.0_212]
07:30:27.163 [pool-68-thread-29] ERROR DNAudit - user=null | ip=null | op=WRITE_CHUNK {blockData=conID: 6 locID: 102415979351638025 bcsId: 0} | ret=FAILURE
org.apache.hadoop.hdds.scm.container.common.helpers.StorageContainerException: ContainerID 6 creation failed
	at org.apache.hadoop.ozone.container.common.impl.HddsDispatcher.dispatchRequest(HddsDispatcher.java:227) ~[classes/:?]
	at org.apache.hadoop.ozone.container.common.impl.HddsDispatcher.dispatch(HddsDispatcher.java:148) ~[classes/:?]
	at org.apache.hadoop.ozone.container.common.transport.server.ratis.ContainerStateMachine.dispatchCommand(ContainerStateMachine.java:346) ~[classes/:?]
	at org.apache.hadoop.ozone.container.common.transport.server.ratis.ContainerStateMachine.runCommand(ContainerStateMachine.java:353) ~[classes/:?]
	at org.apache.hadoop.ozone.container.common.transport.server.ratis.ContainerStateMachine.lambda$handleWriteChunk$0(ContainerStateMachine.java:384) ~[classes/:?]
	at java.util.concurrent.CompletableFuture$AsyncSupply.run(CompletableFuture.java:1590) [?:1.8.0_212]
	at java.util.concurrent.ThreadPoolExecutor.runWorker(ThreadPoolExecutor.java:1149) [?:1.8.0_212]
	at java.util.concurrent.ThreadPoolExecutor$Worker.run(ThreadPoolExecutor.java:624) [?:1.8.0_212]
	at java.lang.Thread.run(Thread.java:748) [?:1.8.0_212]
07:30:27.170 [pool-26-thread-11] ERROR DNAudit - user=null | ip=null | op=WRITE_CHUNK {blockData=conID: 6 locID: 102415979351638025 bcsId: 0} | ret=FAILURE
org.apache.hadoop.hdds.scm.container.common.helpers.StorageContainerException: ContainerID 6 creation failed
	at org.apache.hadoop.ozone.container.common.impl.HddsDispatcher.dispatchRequest(HddsDispatcher.java:227) ~[classes/:?]
	at org.apache.hadoop.ozone.container.common.impl.HddsDispatcher.dispatch(HddsDispatcher.java:148) ~[classes/:?]
	at org.apache.hadoop.ozone.container.common.transport.server.ratis.ContainerStateMachine.dispatchCommand(ContainerStateMachine.java:346) ~[classes/:?]
	at org.apache.hadoop.ozone.container.common.transport.server.ratis.ContainerStateMachine.runCommand(ContainerStateMachine.java:353) ~[classes/:?]
	at org.apache.hadoop.ozone.container.common.transport.server.ratis.ContainerStateMachine.lambda$handleWriteChunk$0(ContainerStateMachine.java:384) ~[classes/:?]
	at java.util.concurrent.CompletableFuture$AsyncSupply.run(CompletableFuture.java:1590) [?:1.8.0_212]
	at java.util.concurrent.ThreadPoolExecutor.runWorker(ThreadPoolExecutor.java:1149) [?:1.8.0_212]
	at java.util.concurrent.ThreadPoolExecutor$Worker.run(ThreadPoolExecutor.java:624) [?:1.8.0_212]
	at java.lang.Thread.run(Thread.java:748) [?:1.8.0_212]
07:30:27.160 [pool-47-thread-48] ERROR DNAudit - user=null | ip=null | op=WRITE_CHUNK {blockData=conID: 6 locID: 102415979351638025 bcsId: 0} | ret=FAILURE
org.apache.hadoop.hdds.scm.container.common.helpers.StorageContainerException: ContainerID 6 creation failed
	at org.apache.hadoop.ozone.container.common.impl.HddsDispatcher.dispatchRequest(HddsDispatcher.java:227) ~[classes/:?]
	at org.apache.hadoop.ozone.container.common.impl.HddsDispatcher.dispatch(HddsDispatcher.java:148) ~[classes/:?]
	at org.apache.hadoop.ozone.container.common.transport.server.ratis.ContainerStateMachine.dispatchCommand(ContainerStateMachine.java:346) ~[classes/:?]
	at org.apache.hadoop.ozone.container.common.transport.server.ratis.ContainerStateMachine.runCommand(ContainerStateMachine.java:353) ~[classes/:?]
	at org.apache.hadoop.ozone.container.common.transport.server.ratis.ContainerStateMachine.lambda$handleWriteChunk$0(ContainerStateMachine.java:384) ~[classes/:?]
	at java.util.concurrent.CompletableFuture$AsyncSupply.run(CompletableFuture.java:1590) [?:1.8.0_212]
	at java.util.concurrent.ThreadPoolExecutor.runWorker(ThreadPoolExecutor.java:1149) [?:1.8.0_212]
	at java.util.concurrent.ThreadPoolExecutor$Worker.run(ThreadPoolExecutor.java:624) [?:1.8.0_212]
	at java.lang.Thread.run(Thread.java:748) [?:1.8.0_212]
07:30:27.160 [pool-47-thread-44] ERROR DNAudit - user=null | ip=null | op=WRITE_CHUNK {blockData=conID: 6 locID: 102415979351638025 bcsId: 0} | ret=FAILURE
org.apache.hadoop.hdds.scm.container.common.helpers.StorageContainerException: ContainerID 6 creation failed
	at org.apache.hadoop.ozone.container.common.impl.HddsDispatcher.dispatchRequest(HddsDispatcher.java:227) ~[classes/:?]
	at org.apache.hadoop.ozone.container.common.impl.HddsDispatcher.dispatch(HddsDispatcher.java:148) ~[classes/:?]
	at org.apache.hadoop.ozone.container.common.transport.server.ratis.ContainerStateMachine.dispatchCommand(ContainerStateMachine.java:346) ~[classes/:?]
	at org.apache.hadoop.ozone.container.common.transport.server.ratis.ContainerStateMachine.runCommand(ContainerStateMachine.java:353) ~[classes/:?]
	at org.apache.hadoop.ozone.container.common.transport.server.ratis.ContainerStateMachine.lambda$handleWriteChunk$0(ContainerStateMachine.java:384) ~[classes/:?]
	at java.util.concurrent.CompletableFuture$AsyncSupply.run(CompletableFuture.java:1590) [?:1.8.0_212]
	at java.util.concurrent.ThreadPoolExecutor.runWorker(ThreadPoolExecutor.java:1149) [?:1.8.0_212]
	at java.util.concurrent.ThreadPoolExecutor$Worker.run(ThreadPoolExecutor.java:624) [?:1.8.0_212]
	at java.lang.Thread.run(Thread.java:748) [?:1.8.0_212]
07:30:27.166 [pool-26-thread-7] ERROR DNAudit - user=null | ip=null | op=WRITE_CHUNK {blockData=conID: 6 locID: 102415979351638025 bcsId: 0} | ret=FAILURE
org.apache.hadoop.hdds.scm.container.common.helpers.StorageContainerException: ContainerID 6 creation failed
	at org.apache.hadoop.ozone.container.common.impl.HddsDispatcher.dispatchRequest(HddsDispatcher.java:227) ~[classes/:?]
	at org.apache.hadoop.ozone.container.common.impl.HddsDispatcher.dispatch(HddsDispatcher.java:148) ~[classes/:?]
	at org.apache.hadoop.ozone.container.common.transport.server.ratis.ContainerStateMachine.dispatchCommand(ContainerStateMachine.java:346) ~[classes/:?]
	at org.apache.hadoop.ozone.container.common.transport.server.ratis.ContainerStateMachine.runCommand(ContainerStateMachine.java:353) ~[classes/:?]
	at org.apache.hadoop.ozone.container.common.transport.server.ratis.ContainerStateMachine.lambda$handleWriteChunk$0(ContainerStateMachine.java:384) ~[classes/:?]
	at java.util.concurrent.CompletableFuture$AsyncSupply.run(CompletableFuture.java:1590) [?:1.8.0_212]
	at java.util.concurrent.ThreadPoolExecutor.runWorker(ThreadPoolExecutor.java:1149) [?:1.8.0_212]
	at java.util.concurrent.ThreadPoolExecutor$Worker.run(ThreadPoolExecutor.java:624) [?:1.8.0_212]
	at java.lang.Thread.run(Thread.java:748) [?:1.8.0_212]
2019-07-10 07:30:27,175 INFO  impl.HddsDispatcher (ContainerUtils.java:logAndReturnError(146)) - Operation: WriteChunk : Trace ID: 4661d88d52490250:957812725bce6cbd:a2b23366bb43e75:0 : Message: ContainerID 6 creation failed : Result: DISK_OUT_OF_SPACE
2019-07-10 07:30:27,175 INFO  impl.HddsDispatcher (ContainerUtils.java:logAndReturnError(146)) - Operation: WriteChunk : Trace ID: 4661d88d52490250:295b80d293214530:a2b23366bb43e75:0 : Message: ContainerID 6 creation failed : Result: DISK_OUT_OF_SPACE
2019-07-10 07:30:27,176 INFO  impl.HddsDispatcher (ContainerUtils.java:logAndReturnError(146)) - Operation: WriteChunk : Trace ID: 4661d88d52490250:295b80d293214530:a2b23366bb43e75:0 : Message: ContainerID 6 creation failed : Result: DISK_OUT_OF_SPACE
2019-07-10 07:30:27,176 INFO  impl.HddsDispatcher (ContainerUtils.java:logAndReturnError(146)) - Operation: WriteChunk : Trace ID: 4661d88d52490250:957812725bce6cbd:a2b23366bb43e75:0 : Message: ContainerID 6 creation failed : Result: DISK_OUT_OF_SPACE
2019-07-10 07:30:27,176 INFO  impl.HddsDispatcher (ContainerUtils.java:logAndReturnError(146)) - Operation: WriteChunk : Trace ID: 4661d88d52490250:957812725bce6cbd:a2b23366bb43e75:0 : Message: ContainerID 6 creation failed : Result: DISK_OUT_OF_SPACE
2019-07-10 07:30:27,176 INFO  impl.HddsDispatcher (ContainerUtils.java:logAndReturnError(146)) - Operation: WriteChunk : Trace ID: 4661d88d52490250:295b80d293214530:a2b23366bb43e75:0 : Message: ContainerID 6 creation failed : Result: DISK_OUT_OF_SPACE
07:30:27.182 [pool-54-thread-1] ERROR DNAudit - user=null | ip=null | op=WRITE_CHUNK {blockData=conID: 6 locID: 102415979351638025 bcsId: 0} | ret=FAILURE
org.apache.hadoop.hdds.scm.container.common.helpers.StorageContainerException: ContainerID 6 does not exist
	at org.apache.hadoop.ozone.container.common.impl.HddsDispatcher.dispatchRequest(HddsDispatcher.java:242) ~[classes/:?]
	at org.apache.hadoop.ozone.container.common.impl.HddsDispatcher.dispatch(HddsDispatcher.java:148) ~[classes/:?]
	at org.apache.hadoop.ozone.container.common.transport.server.ratis.ContainerStateMachine.dispatchCommand(ContainerStateMachine.java:346) ~[classes/:?]
	at org.apache.hadoop.ozone.container.common.transport.server.ratis.ContainerStateMachine.runCommand(ContainerStateMachine.java:353) ~[classes/:?]
	at org.apache.hadoop.ozone.container.common.transport.server.ratis.ContainerStateMachine.lambda$applyTransaction$5(ContainerStateMachine.java:620) ~[classes/:?]
	at java.util.concurrent.CompletableFuture$AsyncSupply.run(CompletableFuture.java:1590) [?:1.8.0_212]
	at java.util.concurrent.ThreadPoolExecutor.runWorker(ThreadPoolExecutor.java:1149) [?:1.8.0_212]
	at java.util.concurrent.ThreadPoolExecutor$Worker.run(ThreadPoolExecutor.java:624) [?:1.8.0_212]
	at java.lang.Thread.run(Thread.java:748) [?:1.8.0_212]
2019-07-10 07:30:27,182 INFO  impl.HddsDispatcher (ContainerUtils.java:logAndReturnError(146)) - Operation: WriteChunk : Trace ID: 4661d88d52490250:295b80d293214530:a2b23366bb43e75:0 : Message: ContainerID 6 does not exist : Result: CONTAINER_NOT_FOUND
07:30:27.183 [pool-54-thread-1] ERROR DNAudit - user=null | ip=null | op=PUT_BLOCK {blockData=[blockId=conID: 6 locID: 102415979351638025 bcsId: 0,size=1048576]} | ret=FAILURE
org.apache.hadoop.hdds.scm.container.common.helpers.StorageContainerException: ContainerID 6 does not exist
	at org.apache.hadoop.ozone.container.common.impl.HddsDispatcher.dispatchRequest(HddsDispatcher.java:242) ~[classes/:?]
	at org.apache.hadoop.ozone.container.common.impl.HddsDispatcher.dispatch(HddsDispatcher.java:148) ~[classes/:?]
	at org.apache.hadoop.ozone.container.common.transport.server.ratis.ContainerStateMachine.dispatchCommand(ContainerStateMachine.java:346) ~[classes/:?]
	at org.apache.hadoop.ozone.container.common.transport.server.ratis.ContainerStateMachine.runCommand(ContainerStateMachine.java:353) ~[classes/:?]
	at org.apache.hadoop.ozone.container.common.transport.server.ratis.ContainerStateMachine.lambda$applyTransaction$5(ContainerStateMachine.java:620) ~[classes/:?]
	at java.util.concurrent.CompletableFuture$AsyncSupply.run(CompletableFuture.java:1590) [?:1.8.0_212]
	at java.util.concurrent.ThreadPoolExecutor.runWorker(ThreadPoolExecutor.java:1149) [?:1.8.0_212]
	at java.util.concurrent.ThreadPoolExecutor$Worker.run(ThreadPoolExecutor.java:624) [?:1.8.0_212]
	at java.lang.Thread.run(Thread.java:748) [?:1.8.0_212]
2019-07-10 07:30:27,183 INFO  impl.HddsDispatcher (ContainerUtils.java:logAndReturnError(146)) - Operation: PutBlock : Trace ID: 4661d88d52490250:e7fe9464a66f340f:a2b23366bb43e75:0 : Message: ContainerID 6 does not exist : Result: CONTAINER_NOT_FOUND
2019-07-10 07:30:27,183 INFO  client.GrpcClientProtocolClient (GrpcClientProtocolClient.java:onNext(255)) - client-5FDC8BD8FCD3->f426f3fa-aaf8-45fd-9820-e3703380c0bb: receive RaftClientReply:client-5FDC8BD8FCD3->f426f3fa-aaf8-45fd-9820-e3703380c0bb@group-67E21BF12F9D, cid=82, SUCCESS, logIndex=31, commits[f426f3fa-aaf8-45fd-9820-e3703380c0bb:c34, 2285e7a6-3996-45af-9a09-acc80daefff4:c30, 39c54784-9e1e-41fd-b789-d6fe66a0a826:c30]
07:30:27.184 [pool-54-thread-1] ERROR DNAudit - user=null | ip=null | op=WRITE_CHUNK {blockData=conID: 6 locID: 102415979351638025 bcsId: 0} | ret=FAILURE
org.apache.hadoop.hdds.scm.container.common.helpers.StorageContainerException: ContainerID 6 does not exist
	at org.apache.hadoop.ozone.container.common.impl.HddsDispatcher.dispatchRequest(HddsDispatcher.java:242) ~[classes/:?]
	at org.apache.hadoop.ozone.container.common.impl.HddsDispatcher.dispatch(HddsDispatcher.java:148) ~[classes/:?]
	at org.apache.hadoop.ozone.container.common.transport.server.ratis.ContainerStateMachine.dispatchCommand(ContainerStateMachine.java:346) ~[classes/:?]
	at org.apache.hadoop.ozone.container.common.transport.server.ratis.ContainerStateMachine.runCommand(ContainerStateMachine.java:353) ~[classes/:?]
	at org.apache.hadoop.ozone.container.common.transport.server.ratis.ContainerStateMachine.lambda$applyTransaction$5(ContainerStateMachine.java:620) ~[classes/:?]
	at java.util.concurrent.CompletableFuture$AsyncSupply.run(CompletableFuture.java:1590) [?:1.8.0_212]
	at java.util.concurrent.ThreadPoolExecutor.runWorker(ThreadPoolExecutor.java:1149) [?:1.8.0_212]
	at java.util.concurrent.ThreadPoolExecutor$Worker.run(ThreadPoolExecutor.java:624) [?:1.8.0_212]
	at java.lang.Thread.run(Thread.java:748) [?:1.8.0_212]
2019-07-10 07:30:27,184 INFO  impl.HddsDispatcher (ContainerUtils.java:logAndReturnError(146)) - Operation: WriteChunk : Trace ID: 4661d88d52490250:957812725bce6cbd:a2b23366bb43e75:0 : Message: ContainerID 6 does not exist : Result: CONTAINER_NOT_FOUND
2019-07-10 07:30:27,184 INFO  client.GrpcClientProtocolClient (GrpcClientProtocolClient.java:onNext(255)) - client-5FDC8BD8FCD3->f426f3fa-aaf8-45fd-9820-e3703380c0bb: receive RaftClientReply:client-5FDC8BD8FCD3->f426f3fa-aaf8-45fd-9820-e3703380c0bb@group-67E21BF12F9D, cid=83, SUCCESS, logIndex=32, commits[f426f3fa-aaf8-45fd-9820-e3703380c0bb:c34, 2285e7a6-3996-45af-9a09-acc80daefff4:c30, 39c54784-9e1e-41fd-b789-d6fe66a0a826:c30]
07:30:27.185 [pool-54-thread-1] ERROR DNAudit - user=null | ip=null | op=PUT_BLOCK {blockData=[blockId=conID: 6 locID: 102415979351638025 bcsId: 0,size=2097152]} | ret=FAILURE
org.apache.hadoop.hdds.scm.container.common.helpers.StorageContainerException: ContainerID 6 does not exist
	at org.apache.hadoop.ozone.container.common.impl.HddsDispatcher.dispatchRequest(HddsDispatcher.java:242) ~[classes/:?]
	at org.apache.hadoop.ozone.container.common.impl.HddsDispatcher.dispatch(HddsDispatcher.java:148) ~[classes/:?]
	at org.apache.hadoop.ozone.container.common.transport.server.ratis.ContainerStateMachine.dispatchCommand(ContainerStateMachine.java:346) ~[classes/:?]
	at org.apache.hadoop.ozone.container.common.transport.server.ratis.ContainerStateMachine.runCommand(ContainerStateMachine.java:353) ~[classes/:?]
	at org.apache.hadoop.ozone.container.common.transport.server.ratis.ContainerStateMachine.lambda$applyTransaction$5(ContainerStateMachine.java:620) ~[classes/:?]
	at java.util.concurrent.CompletableFuture$AsyncSupply.run(CompletableFuture.java:1590) [?:1.8.0_212]
	at java.util.concurrent.ThreadPoolExecutor.runWorker(ThreadPoolExecutor.java:1149) [?:1.8.0_212]
	at java.util.concurrent.ThreadPoolExecutor$Worker.run(ThreadPoolExecutor.java:624) [?:1.8.0_212]
	at java.lang.Thread.run(Thread.java:748) [?:1.8.0_212]
2019-07-10 07:30:27,185 INFO  impl.HddsDispatcher (ContainerUtils.java:logAndReturnError(146)) - Operation: PutBlock : Trace ID: 4661d88d52490250:4b9e89c0f8bf4b5:a2b23366bb43e75:0 : Message: ContainerID 6 does not exist : Result: CONTAINER_NOT_FOUND
07:30:27.185 [pool-33-thread-1] ERROR DNAudit - user=null | ip=null | op=WRITE_CHUNK {blockData=conID: 6 locID: 102415979351638025 bcsId: 0} | ret=FAILURE
org.apache.hadoop.hdds.scm.container.common.helpers.StorageContainerException: ContainerID 6 does not exist
	at org.apache.hadoop.ozone.container.common.impl.HddsDispatcher.dispatchRequest(HddsDispatcher.java:242) ~[classes/:?]
	at org.apache.hadoop.ozone.container.common.impl.HddsDispatcher.dispatch(HddsDispatcher.java:148) ~[classes/:?]
	at org.apache.hadoop.ozone.container.common.transport.server.ratis.ContainerStateMachine.dispatchCommand(ContainerStateMachine.java:346) ~[classes/:?]
	at org.apache.hadoop.ozone.container.common.transport.server.ratis.ContainerStateMachine.runCommand(ContainerStateMachine.java:353) ~[classes/:?]
	at org.apache.hadoop.ozone.container.common.transport.server.ratis.ContainerStateMachine.lambda$applyTransaction$5(ContainerStateMachine.java:620) ~[classes/:?]
	at java.util.concurrent.CompletableFuture$AsyncSupply.run(CompletableFuture.java:1590) [?:1.8.0_212]
	at java.util.concurrent.ThreadPoolExecutor.runWorker(ThreadPoolExecutor.java:1149) [?:1.8.0_212]
	at java.util.concurrent.ThreadPoolExecutor$Worker.run(ThreadPoolExecutor.java:624) [?:1.8.0_212]
	at java.lang.Thread.run(Thread.java:748) [?:1.8.0_212]
2019-07-10 07:30:27,185 INFO  impl.HddsDispatcher (ContainerUtils.java:logAndReturnError(146)) - Operation: WriteChunk : Trace ID: 4661d88d52490250:295b80d293214530:a2b23366bb43e75:0 : Message: ContainerID 6 does not exist : Result: CONTAINER_NOT_FOUND
07:30:27.185 [pool-75-thread-1] ERROR DNAudit - user=null | ip=null | op=WRITE_CHUNK {blockData=conID: 6 locID: 102415979351638025 bcsId: 0} | ret=FAILURE
org.apache.hadoop.hdds.scm.container.common.helpers.StorageContainerException: ContainerID 6 does not exist
	at org.apache.hadoop.ozone.container.common.impl.HddsDispatcher.dispatchRequest(HddsDispatcher.java:242) ~[classes/:?]
	at org.apache.hadoop.ozone.container.common.impl.HddsDispatcher.dispatch(HddsDispatcher.java:148) ~[classes/:?]
	at org.apache.hadoop.ozone.container.common.transport.server.ratis.ContainerStateMachine.dispatchCommand(ContainerStateMachine.java:346) ~[classes/:?]
	at org.apache.hadoop.ozone.container.common.transport.server.ratis.ContainerStateMachine.runCommand(ContainerStateMachine.java:353) ~[classes/:?]
	at org.apache.hadoop.ozone.container.common.transport.server.ratis.ContainerStateMachine.lambda$applyTransaction$5(ContainerStateMachine.java:620) ~[classes/:?]
	at java.util.concurrent.CompletableFuture$AsyncSupply.run(CompletableFuture.java:1590) [?:1.8.0_212]
	at java.util.concurrent.ThreadPoolExecutor.runWorker(ThreadPoolExecutor.java:1149) [?:1.8.0_212]
	at java.util.concurrent.ThreadPoolExecutor$Worker.run(ThreadPoolExecutor.java:624) [?:1.8.0_212]
	at java.lang.Thread.run(Thread.java:748) [?:1.8.0_212]
2019-07-10 07:30:27,186 INFO  client.GrpcClientProtocolClient (GrpcClientProtocolClient.java:onNext(255)) - client-5FDC8BD8FCD3->f426f3fa-aaf8-45fd-9820-e3703380c0bb: receive RaftClientReply:client-5FDC8BD8FCD3->f426f3fa-aaf8-45fd-9820-e3703380c0bb@group-67E21BF12F9D, cid=84, SUCCESS, logIndex=33, commits[f426f3fa-aaf8-45fd-9820-e3703380c0bb:c34, 2285e7a6-3996-45af-9a09-acc80daefff4:c30, 39c54784-9e1e-41fd-b789-d6fe66a0a826:c30]
2019-07-10 07:30:27,186 INFO  impl.HddsDispatcher (ContainerUtils.java:logAndReturnError(146)) - Operation: WriteChunk : Trace ID: 4661d88d52490250:295b80d293214530:a2b23366bb43e75:0 : Message: ContainerID 6 does not exist : Result: CONTAINER_NOT_FOUND
07:30:27.186 [pool-33-thread-1] ERROR DNAudit - user=null | ip=null | op=PUT_BLOCK {blockData=[blockId=conID: 6 locID: 102415979351638025 bcsId: 0,size=1048576]} | ret=FAILURE
org.apache.hadoop.hdds.scm.container.common.helpers.StorageContainerException: ContainerID 6 does not exist
	at org.apache.hadoop.ozone.container.common.impl.HddsDispatcher.dispatchRequest(HddsDispatcher.java:242) ~[classes/:?]
	at org.apache.hadoop.ozone.container.common.impl.HddsDispatcher.dispatch(HddsDispatcher.java:148) ~[classes/:?]
	at org.apache.hadoop.ozone.container.common.transport.server.ratis.ContainerStateMachine.dispatchCommand(ContainerStateMachine.java:346) ~[classes/:?]
	at org.apache.hadoop.ozone.container.common.transport.server.ratis.ContainerStateMachine.runCommand(ContainerStateMachine.java:353) ~[classes/:?]
	at org.apache.hadoop.ozone.container.common.transport.server.ratis.ContainerStateMachine.lambda$applyTransaction$5(ContainerStateMachine.java:620) ~[classes/:?]
	at java.util.concurrent.CompletableFuture$AsyncSupply.run(CompletableFuture.java:1590) [?:1.8.0_212]
	at java.util.concurrent.ThreadPoolExecutor.runWorker(ThreadPoolExecutor.java:1149) [?:1.8.0_212]
	at java.util.concurrent.ThreadPoolExecutor$Worker.run(ThreadPoolExecutor.java:624) [?:1.8.0_212]
	at java.lang.Thread.run(Thread.java:748) [?:1.8.0_212]
07:30:27.186 [pool-75-thread-1] ERROR DNAudit - user=null | ip=null | op=PUT_BLOCK {blockData=[blockId=conID: 6 locID: 102415979351638025 bcsId: 0,size=1048576]} | ret=FAILURE
org.apache.hadoop.hdds.scm.container.common.helpers.StorageContainerException: ContainerID 6 does not exist
	at org.apache.hadoop.ozone.container.common.impl.HddsDispatcher.dispatchRequest(HddsDispatcher.java:242) ~[classes/:?]
	at org.apache.hadoop.ozone.container.common.impl.HddsDispatcher.dispatch(HddsDispatcher.java:148) ~[classes/:?]
	at org.apache.hadoop.ozone.container.common.transport.server.ratis.ContainerStateMachine.dispatchCommand(ContainerStateMachine.java:346) ~[classes/:?]
	at org.apache.hadoop.ozone.container.common.transport.server.ratis.ContainerStateMachine.runCommand(ContainerStateMachine.java:353) ~[classes/:?]
	at org.apache.hadoop.ozone.container.common.transport.server.ratis.ContainerStateMachine.lambda$applyTransaction$5(ContainerStateMachine.java:620) ~[classes/:?]
	at java.util.concurrent.CompletableFuture$AsyncSupply.run(CompletableFuture.java:1590) [?:1.8.0_212]
	at java.util.concurrent.ThreadPoolExecutor.runWorker(ThreadPoolExecutor.java:1149) [?:1.8.0_212]
	at java.util.concurrent.ThreadPoolExecutor$Worker.run(ThreadPoolExecutor.java:624) [?:1.8.0_212]
	at java.lang.Thread.run(Thread.java:748) [?:1.8.0_212]
2019-07-10 07:30:27,185 ERROR storage.BlockOutputStream (BlockOutputStream.java:validateResponse(538)) - Unexpected Storage Container Exception: 
org.apache.hadoop.hdds.scm.container.common.helpers.StorageContainerException: ContainerID 6 does not exist
	at org.apache.hadoop.hdds.scm.storage.ContainerProtocolCalls.validateContainerResponse(ContainerProtocolCalls.java:536)
	at org.apache.hadoop.hdds.scm.storage.BlockOutputStream.validateResponse(BlockOutputStream.java:536)
	at org.apache.hadoop.hdds.scm.storage.BlockOutputStream.lambda$writeChunkToContainer$2(BlockOutputStream.java:614)
	at java.util.concurrent.CompletableFuture.uniApply(CompletableFuture.java:602)
	at java.util.concurrent.CompletableFuture$UniApply.tryFire(CompletableFuture.java:577)
	at java.util.concurrent.CompletableFuture$Completion.run(CompletableFuture.java:442)
	at java.util.concurrent.ThreadPoolExecutor.runWorker(ThreadPoolExecutor.java:1149)
	at java.util.concurrent.ThreadPoolExecutor$Worker.run(ThreadPoolExecutor.java:624)
	at java.lang.Thread.run(Thread.java:748)
2019-07-10 07:30:27,187 INFO  impl.HddsDispatcher (ContainerUtils.java:logAndReturnError(146)) - Operation: PutBlock : Trace ID: 4661d88d52490250:e7fe9464a66f340f:a2b23366bb43e75:0 : Message: ContainerID 6 does not exist : Result: CONTAINER_NOT_FOUND
2019-07-10 07:30:27,187 INFO  impl.HddsDispatcher (ContainerUtils.java:logAndReturnError(146)) - Operation: PutBlock : Trace ID: 4661d88d52490250:e7fe9464a66f340f:a2b23366bb43e75:0 : Message: ContainerID 6 does not exist : Result: CONTAINER_NOT_FOUND
2019-07-10 07:30:27,187 INFO  client.GrpcClientProtocolClient (GrpcClientProtocolClient.java:onNext(255)) - client-5FDC8BD8FCD3->f426f3fa-aaf8-45fd-9820-e3703380c0bb: receive RaftClientReply:client-5FDC8BD8FCD3->f426f3fa-aaf8-45fd-9820-e3703380c0bb@group-67E21BF12F9D, cid=85, SUCCESS, logIndex=34, commits[f426f3fa-aaf8-45fd-9820-e3703380c0bb:c35, 2285e7a6-3996-45af-9a09-acc80daefff4:c32, 39c54784-9e1e-41fd-b789-d6fe66a0a826:c32]
07:30:27.189 [pool-75-thread-1] ERROR DNAudit - user=null | ip=null | op=WRITE_CHUNK {blockData=conID: 6 locID: 102415979351638025 bcsId: 0} | ret=FAILURE
org.apache.hadoop.hdds.scm.container.common.helpers.StorageContainerException: ContainerID 6 does not exist
	at org.apache.hadoop.ozone.container.common.impl.HddsDispatcher.dispatchRequest(HddsDispatcher.java:242) ~[classes/:?]
	at org.apache.hadoop.ozone.container.common.impl.HddsDispatcher.dispatch(HddsDispatcher.java:148) ~[classes/:?]
	at org.apache.hadoop.ozone.container.common.transport.server.ratis.ContainerStateMachine.dispatchCommand(ContainerStateMachine.java:346) ~[classes/:?]
	at org.apache.hadoop.ozone.container.common.transport.server.ratis.ContainerStateMachine.runCommand(ContainerStateMachine.java:353) ~[classes/:?]
	at org.apache.hadoop.ozone.container.common.transport.server.ratis.ContainerStateMachine.lambda$applyTransaction$5(ContainerStateMachine.java:620) ~[classes/:?]
	at java.util.concurrent.CompletableFuture$AsyncSupply.run(CompletableFuture.java:1590) [?:1.8.0_212]
	at java.util.concurrent.ThreadPoolExecutor.runWorker(ThreadPoolExecutor.java:1149) [?:1.8.0_212]
	at java.util.concurrent.ThreadPoolExecutor$Worker.run(ThreadPoolExecutor.java:624) [?:1.8.0_212]
	at java.lang.Thread.run(Thread.java:748) [?:1.8.0_212]
07:30:27.189 [pool-33-thread-1] ERROR DNAudit - user=null | ip=null | op=WRITE_CHUNK {blockData=conID: 6 locID: 102415979351638025 bcsId: 0} | ret=FAILURE
org.apache.hadoop.hdds.scm.container.common.helpers.StorageContainerException: ContainerID 6 does not exist
	at org.apache.hadoop.ozone.container.common.impl.HddsDispatcher.dispatchRequest(HddsDispatcher.java:242) ~[classes/:?]
	at org.apache.hadoop.ozone.container.common.impl.HddsDispatcher.dispatch(HddsDispatcher.java:148) ~[classes/:?]
	at org.apache.hadoop.ozone.container.common.transport.server.ratis.ContainerStateMachine.dispatchCommand(ContainerStateMachine.java:346) ~[classes/:?]
	at org.apache.hadoop.ozone.container.common.transport.server.ratis.ContainerStateMachine.runCommand(ContainerStateMachine.java:353) ~[classes/:?]
	at org.apache.hadoop.ozone.container.common.transport.server.ratis.ContainerStateMachine.lambda$applyTransaction$5(ContainerStateMachine.java:620) ~[classes/:?]
	at java.util.concurrent.CompletableFuture$AsyncSupply.run(CompletableFuture.java:1590) [?:1.8.0_212]
	at java.util.concurrent.ThreadPoolExecutor.runWorker(ThreadPoolExecutor.java:1149) [?:1.8.0_212]
	at java.util.concurrent.ThreadPoolExecutor$Worker.run(ThreadPoolExecutor.java:624) [?:1.8.0_212]
	at java.lang.Thread.run(Thread.java:748) [?:1.8.0_212]
2019-07-10 07:30:27,191 ERROR freon.RandomKeyGenerator (RandomKeyGenerator.java:run(718)) - Exception while adding key: key-0-85710 in bucket: bucket-0-54900 of volume: vol-0-99336.
java.io.IOException: Unexpected Storage Container Exception: org.apache.hadoop.hdds.scm.container.common.helpers.StorageContainerException: ContainerID 6 does not exist
	at org.apache.hadoop.hdds.scm.storage.BlockOutputStream.setIoException(BlockOutputStream.java:548)
	at org.apache.hadoop.hdds.scm.storage.BlockOutputStream.validateResponse(BlockOutputStream.java:539)
	at org.apache.hadoop.hdds.scm.storage.BlockOutputStream.lambda$writeChunkToContainer$2(BlockOutputStream.java:614)
	at java.util.concurrent.CompletableFuture.uniApply(CompletableFuture.java:602)
	at java.util.concurrent.CompletableFuture$UniApply.tryFire(CompletableFuture.java:577)
	at java.util.concurrent.CompletableFuture$Completion.run(CompletableFuture.java:442)
	at java.util.concurrent.ThreadPoolExecutor.runWorker(ThreadPoolExecutor.java:1149)
	at java.util.concurrent.ThreadPoolExecutor$Worker.run(ThreadPoolExecutor.java:624)
	at java.lang.Thread.run(Thread.java:748)
Caused by: org.apache.hadoop.hdds.scm.container.common.helpers.StorageContainerException: ContainerID 6 does not exist
	at org.apache.hadoop.hdds.scm.storage.ContainerProtocolCalls.validateContainerResponse(ContainerProtocolCalls.java:536)
	at org.apache.hadoop.hdds.scm.storage.BlockOutputStream.validateResponse(BlockOutputStream.java:536)
	... 7 more
2019-07-10 07:30:27,192 INFO  impl.HddsDispatcher (ContainerUtils.java:logAndReturnError(146)) - Operation: WriteChunk : Trace ID: 4661d88d52490250:957812725bce6cbd:a2b23366bb43e75:0 : Message: ContainerID 6 does not exist : Result: CONTAINER_NOT_FOUND
2019-07-10 07:30:27,192 INFO  impl.HddsDispatcher (ContainerUtils.java:logAndReturnError(146)) - Operation: WriteChunk : Trace ID: 4661d88d52490250:957812725bce6cbd:a2b23366bb43e75:0 : Message: ContainerID 6 does not exist : Result: CONTAINER_NOT_FOUND
07:30:27.193 [pool-33-thread-1] ERROR DNAudit - user=null | ip=null | op=PUT_BLOCK {blockData=[blockId=conID: 6 locID: 102415979351638025 bcsId: 0,size=2097152]} | ret=FAILURE
org.apache.hadoop.hdds.scm.container.common.helpers.StorageContainerException: ContainerID 6 does not exist
	at org.apache.hadoop.ozone.container.common.impl.HddsDispatcher.dispatchRequest(HddsDispatcher.java:242) ~[classes/:?]
	at org.apache.hadoop.ozone.container.common.impl.HddsDispatcher.dispatch(HddsDispatcher.java:148) ~[classes/:?]
	at org.apache.hadoop.ozone.container.common.transport.server.ratis.ContainerStateMachine.dispatchCommand(ContainerStateMachine.java:346) ~[classes/:?]
	at org.apache.hadoop.ozone.container.common.transport.server.ratis.ContainerStateMachine.runCommand(ContainerStateMachine.java:353) ~[classes/:?]
	at org.apache.hadoop.ozone.container.common.transport.server.ratis.ContainerStateMachine.lambda$applyTransaction$5(ContainerStateMachine.java:620) ~[classes/:?]
	at java.util.concurrent.CompletableFuture$AsyncSupply.run(CompletableFuture.java:1590) [?:1.8.0_212]
	at java.util.concurrent.ThreadPoolExecutor.runWorker(ThreadPoolExecutor.java:1149) [?:1.8.0_212]
	at java.util.concurrent.ThreadPoolExecutor$Worker.run(ThreadPoolExecutor.java:624) [?:1.8.0_212]
	at java.lang.Thread.run(Thread.java:748) [?:1.8.0_212]
2019-07-10 07:30:27,193 INFO  impl.HddsDispatcher (ContainerUtils.java:logAndReturnError(146)) - Operation: PutBlock : Trace ID: 4661d88d52490250:4b9e89c0f8bf4b5:a2b23366bb43e75:0 : Message: ContainerID 6 does not exist : Result: CONTAINER_NOT_FOUND
07:30:27.193 [pool-75-thread-1] ERROR DNAudit - user=null | ip=null | op=PUT_BLOCK {blockData=[blockId=conID: 6 locID: 102415979351638025 bcsId: 0,size=2097152]} | ret=FAILURE
org.apache.hadoop.hdds.scm.container.common.helpers.StorageContainerException: ContainerID 6 does not exist
	at org.apache.hadoop.ozone.container.common.impl.HddsDispatcher.dispatchRequest(HddsDispatcher.java:242) ~[classes/:?]
	at org.apache.hadoop.ozone.container.common.impl.HddsDispatcher.dispatch(HddsDispatcher.java:148) ~[classes/:?]
	at org.apache.hadoop.ozone.container.common.transport.server.ratis.ContainerStateMachine.dispatchCommand(ContainerStateMachine.java:346) ~[classes/:?]
	at org.apache.hadoop.ozone.container.common.transport.server.ratis.ContainerStateMachine.runCommand(ContainerStateMachine.java:353) ~[classes/:?]
	at org.apache.hadoop.ozone.container.common.transport.server.ratis.ContainerStateMachine.lambda$applyTransaction$5(ContainerStateMachine.java:620) ~[classes/:?]
	at java.util.concurrent.CompletableFuture$AsyncSupply.run(CompletableFuture.java:1590) [?:1.8.0_212]
	at java.util.concurrent.ThreadPoolExecutor.runWorker(ThreadPoolExecutor.java:1149) [?:1.8.0_212]
	at java.util.concurrent.ThreadPoolExecutor$Worker.run(ThreadPoolExecutor.java:624) [?:1.8.0_212]
	at java.lang.Thread.run(Thread.java:748) [?:1.8.0_212]
2019-07-10 07:30:27,193 INFO  impl.HddsDispatcher (ContainerUtils.java:logAndReturnError(146)) - Operation: PutBlock : Trace ID: 4661d88d52490250:4b9e89c0f8bf4b5:a2b23366bb43e75:0 : Message: ContainerID 6 does not exist : Result: CONTAINER_NOT_FOUND
 0.00% |█                                                                                                    |  0/1 Time: 0:00:02 0.00% |█                                                                                                    |  0/1 Time: 0:00:03 0.00% |█                                                                                                    |  0/1 Time: 0:00:04 100.00% |█████████████████████████████████████████████████████████████████████████████████████████████████████|  1/1 Time: 0:00:05
]]></system-out>
    <system-err><![CDATA[ERROR StatusLogger No Log4j 2 configuration file found. Using default configuration (logging only errors to the console), or user programmatically provided configurations. Set system property 'log4j2.debug' to show Log4j 2 internal initialization logging. See https://logging.apache.org/log4j/2.x/manual/configuration.html for instructions on how to configure Log4j 2
Jul 10, 2019 7:30:10 AM com.sun.jersey.server.impl.application.WebApplicationImpl _initiate
INFO: Initiating Jersey application, version 'Jersey: 1.19 02/11/2015 03:25 AM'
Jul 10, 2019 7:30:11 AM com.sun.jersey.server.impl.application.WebApplicationImpl _initiate
INFO: Initiating Jersey application, version 'Jersey: 1.19 02/11/2015 03:25 AM'
Jul 10, 2019 7:30:11 AM com.sun.jersey.server.impl.application.WebApplicationImpl _initiate
INFO: Initiating Jersey application, version 'Jersey: 1.19 02/11/2015 03:25 AM'
]]></system-err>
  </testcase>
</testsuite>