<?xml version="1.0" encoding="UTF-8"?>
<testsuite xmlns:xsi="http://www.w3.org/2001/XMLSchema-instance" xsi:noNamespaceSchemaLocation="https://maven.apache.org/surefire/maven-surefire-plugin/xsd/surefire-test-report.xsd" name="org.apache.hadoop.ozone.client.rpc.TestCommitWatcher" time="140.585" tests="1" errors="1" skipped="0" failures="0">
  <properties>
    <property name="awt.toolkit" value="sun.awt.X11.XToolkit"/>
    <property name="file.encoding.pkg" value="sun.io"/>
    <property name="java.specification.version" value="1.8"/>
    <property name="sun.cpu.isalist" value=""/>
    <property name="sun.jnu.encoding" value="UTF-8"/>
    <property name="java.class.path" value="/workdir/hadoop-ozone/integration-test/target/test-classes:/workdir/hadoop-ozone/integration-test/target/classes:/home/user/.m2/repository/org/apache/hadoop/hadoop-ozone-common/0.5.0-SNAPSHOT/hadoop-ozone-common-0.5.0-SNAPSHOT.jar:/home/user/.m2/repository/org/apache/commons/commons-compress/1.4.1/commons-compress-1.4.1.jar:/home/user/.m2/repository/org/tukaani/xz/1.0/xz-1.0.jar:/home/user/.m2/repository/org/apache/hadoop/hadoop-common/3.2.0/hadoop-common-3.2.0.jar:/home/user/.m2/repository/org/apache/hadoop/hadoop-hdfs/3.2.0/hadoop-hdfs-3.2.0.jar:/home/user/.m2/repository/org/apache/hadoop/hadoop-hdfs-client/3.2.0/hadoop-hdfs-client-3.2.0.jar:/home/user/.m2/repository/com/fasterxml/jackson/core/jackson-annotations/2.9.9/jackson-annotations-2.9.9.jar:/home/user/.m2/repository/org/apache/hadoop/hadoop-hdds-common/0.5.0-SNAPSHOT/hadoop-hdds-common-0.5.0-SNAPSHOT.jar:/home/user/.m2/repository/javax/annotation/javax.annotation-api/1.2/javax.annotation-api-1.2.jar:/home/user/.m2/repository/org/apache/ratis/ratis-server/0.4.0/ratis-server-0.4.0.jar:/home/user/.m2/repository/org/apache/ratis/ratis-thirdparty-misc/0.2.0/ratis-thirdparty-misc-0.2.0.jar:/home/user/.m2/repository/org/apache/ratis/ratis-proto/0.4.0/ratis-proto-0.4.0.jar:/home/user/.m2/repository/org/apache/ratis/ratis-common/0.4.0/ratis-common-0.4.0.jar:/home/user/.m2/repository/org/apache/ratis/ratis-client/0.4.0/ratis-client-0.4.0.jar:/home/user/.m2/repository/org/apache/ratis/ratis-metrics/0.4.0/ratis-metrics-0.4.0.jar:/home/user/.m2/repository/com/github/joshelser/dropwizard-metrics-hadoop-metrics2-reporter/0.1.2/dropwizard-metrics-hadoop-metrics2-reporter-0.1.2.jar:/home/user/.m2/repository/io/dropwizard/metrics/metrics-jvm/3.2.5/metrics-jvm-3.2.5.jar:/home/user/.m2/repository/io/dropwizard/metrics/metrics-ganglia/3.2.5/metrics-ganglia-3.2.5.jar:/home/user/.m2/repository/info/ganglia/gmetric4j/gmetric4j/1.0.7/gmetric4j-1.0.7.jar:/home/user/.m2/repository/org/apache/ratis/ratis-netty/0.4.0/ratis-netty-0.4.0.jar:/home/user/.m2/repository/org/apache/ratis/ratis-grpc/0.4.0/ratis-grpc-0.4.0.jar:/home/user/.m2/repository/org/rocksdb/rocksdbjni/6.0.1/rocksdbjni-6.0.1.jar:/home/user/.m2/repository/org/apache/logging/log4j/log4j-api/2.11.0/log4j-api-2.11.0.jar:/home/user/.m2/repository/org/apache/logging/log4j/log4j-core/2.11.0/log4j-core-2.11.0.jar:/home/user/.m2/repository/com/lmax/disruptor/3.4.2/disruptor-3.4.2.jar:/home/user/.m2/repository/org/apache/commons/commons-pool2/2.6.0/commons-pool2-2.6.0.jar:/home/user/.m2/repository/org/bouncycastle/bcpkix-jdk15on/1.60/bcpkix-jdk15on-1.60.jar:/home/user/.m2/repository/commons-validator/commons-validator/1.6/commons-validator-1.6.jar:/home/user/.m2/repository/commons-digester/commons-digester/1.8.1/commons-digester-1.8.1.jar:/home/user/.m2/repository/io/jaegertracing/jaeger-client/0.34.0/jaeger-client-0.34.0.jar:/home/user/.m2/repository/io/jaegertracing/jaeger-thrift/0.34.0/jaeger-thrift-0.34.0.jar:/home/user/.m2/repository/org/apache/thrift/libthrift/0.12.0/libthrift-0.12.0.jar:/home/user/.m2/repository/com/squareup/okhttp3/okhttp/3.9.0/okhttp-3.9.0.jar:/home/user/.m2/repository/com/squareup/okio/okio/1.13.0/okio-1.13.0.jar:/home/user/.m2/repository/io/jaegertracing/jaeger-core/0.34.0/jaeger-core-0.34.0.jar:/home/user/.m2/repository/io/jaegertracing/jaeger-tracerresolver/0.34.0/jaeger-tracerresolver-0.34.0.jar:/home/user/.m2/repository/io/opentracing/contrib/opentracing-tracerresolver/0.1.5/opentracing-tracerresolver-0.1.5.jar:/home/user/.m2/repository/io/opentracing/opentracing-util/0.31.0/opentracing-util-0.31.0.jar:/home/user/.m2/repository/io/opentracing/opentracing-api/0.31.0/opentracing-api-0.31.0.jar:/home/user/.m2/repository/io/opentracing/opentracing-noop/0.31.0/opentracing-noop-0.31.0.jar:/home/user/.m2/repository/org/apache/hadoop/hadoop-hdds-server-framework/0.5.0-SNAPSHOT/hadoop-hdds-server-framework-0.5.0-SNAPSHOT.jar:/home/user/.m2/repository/org/apache/hadoop/hadoop-hdds-container-service/0.5.0-SNAPSHOT/hadoop-hdds-container-service-0.5.0-SNAPSHOT.jar:/home/user/.m2/repository/org/apache/hadoop/hadoop-hdds-client/0.5.0-SNAPSHOT/hadoop-hdds-client-0.5.0-SNAPSHOT.jar:/home/user/.m2/repository/org/apache/hadoop/hadoop-hdds-tools/0.5.0-SNAPSHOT/hadoop-hdds-tools-0.5.0-SNAPSHOT.jar:/home/user/.m2/repository/org/apache/hadoop/hadoop-hdds-server-scm/0.5.0-SNAPSHOT/hadoop-hdds-server-scm-0.5.0-SNAPSHOT.jar:/home/user/.m2/repository/org/apache/hadoop/hadoop-hdds-docs/0.5.0-SNAPSHOT/hadoop-hdds-docs-0.5.0-SNAPSHOT.jar:/home/user/.m2/repository/io/dropwizard/metrics/metrics-core/3.2.4/metrics-core-3.2.4.jar:/home/user/.m2/repository/org/hamcrest/hamcrest-all/1.3/hamcrest-all-1.3.jar:/home/user/.m2/repository/org/bouncycastle/bcprov-jdk15on/1.60/bcprov-jdk15on-1.60.jar:/home/user/.m2/repository/info/picocli/picocli/3.9.6/picocli-3.9.6.jar:/home/user/.m2/repository/com/google/protobuf/protobuf-java/2.5.0/protobuf-java-2.5.0.jar:/home/user/.m2/repository/com/google/guava/guava/11.0.2/guava-11.0.2.jar:/home/user/.m2/repository/org/apache/hadoop/hadoop-ozone-ozone-manager/0.5.0-SNAPSHOT/hadoop-ozone-ozone-manager-0.5.0-SNAPSHOT.jar:/home/user/.m2/repository/org/apache/hadoop/hadoop-minikdc/3.2.0/hadoop-minikdc-3.2.0.jar:/home/user/.m2/repository/commons-io/commons-io/2.5/commons-io-2.5.jar:/home/user/.m2/repository/org/apache/kerby/kerb-simplekdc/1.0.1/kerb-simplekdc-1.0.1.jar:/home/user/.m2/repository/org/apache/kerby/kerb-client/1.0.1/kerb-client-1.0.1.jar:/home/user/.m2/repository/org/apache/kerby/kerby-config/1.0.1/kerby-config-1.0.1.jar:/home/user/.m2/repository/org/apache/kerby/kerb-core/1.0.1/kerb-core-1.0.1.jar:/home/user/.m2/repository/org/apache/kerby/kerby-pkix/1.0.1/kerby-pkix-1.0.1.jar:/home/user/.m2/repository/org/apache/kerby/kerby-asn1/1.0.1/kerby-asn1-1.0.1.jar:/home/user/.m2/repository/org/apache/kerby/kerby-util/1.0.1/kerby-util-1.0.1.jar:/home/user/.m2/repository/org/apache/kerby/kerb-common/1.0.1/kerb-common-1.0.1.jar:/home/user/.m2/repository/org/apache/kerby/kerb-crypto/1.0.1/kerb-crypto-1.0.1.jar:/home/user/.m2/repository/org/apache/kerby/kerb-util/1.0.1/kerb-util-1.0.1.jar:/home/user/.m2/repository/org/apache/kerby/token-provider/1.0.1/token-provider-1.0.1.jar:/home/user/.m2/repository/org/apache/kerby/kerb-admin/1.0.1/kerb-admin-1.0.1.jar:/home/user/.m2/repository/org/apache/kerby/kerb-server/1.0.1/kerb-server-1.0.1.jar:/home/user/.m2/repository/org/apache/kerby/kerb-identity/1.0.1/kerb-identity-1.0.1.jar:/home/user/.m2/repository/org/apache/kerby/kerby-xdr/1.0.1/kerby-xdr-1.0.1.jar:/home/user/.m2/repository/org/slf4j/slf4j-log4j12/1.7.25/slf4j-log4j12-1.7.25.jar:/home/user/.m2/repository/org/apache/hadoop/hadoop-ozone-s3gateway/0.5.0-SNAPSHOT/hadoop-ozone-s3gateway-0.5.0-SNAPSHOT.jar:/home/user/.m2/repository/org/jboss/weld/servlet/weld-servlet/2.4.7.Final/weld-servlet-2.4.7.Final.jar:/home/user/.m2/repository/org/glassfish/jersey/containers/jersey-container-servlet-core/2.27/jersey-container-servlet-core-2.27.jar:/home/user/.m2/repository/org/glassfish/hk2/external/javax.inject/2.5.0-b42/javax.inject-2.5.0-b42.jar:/home/user/.m2/repository/org/glassfish/jersey/core/jersey-common/2.27/jersey-common-2.27.jar:/home/user/.m2/repository/org/glassfish/hk2/osgi-resource-locator/1.0.1/osgi-resource-locator-1.0.1.jar:/home/user/.m2/repository/javax/ws/rs/javax.ws.rs-api/2.1/javax.ws.rs-api-2.1.jar:/home/user/.m2/repository/org/glassfish/jersey/ext/cdi/jersey-cdi1x/2.27/jersey-cdi1x-2.27.jar:/home/user/.m2/repository/org/glassfish/jersey/inject/jersey-hk2/2.27/jersey-hk2-2.27.jar:/home/user/.m2/repository/org/glassfish/hk2/hk2-locator/2.5.0-b42/hk2-locator-2.5.0-b42.jar:/home/user/.m2/repository/org/javassist/javassist/3.22.0-CR2/javassist-3.22.0-CR2.jar:/home/user/.m2/repository/org/glassfish/hk2/hk2-api/2.5.0/hk2-api-2.5.0.jar:/home/user/.m2/repository/org/glassfish/hk2/external/jakarta.inject/2.5.0/jakarta.inject-2.5.0.jar:/home/user/.m2/repository/org/glassfish/hk2/hk2-utils/2.5.0/hk2-utils-2.5.0.jar:/home/user/.m2/repository/jakarta/annotation/jakarta.annotation-api/1.3.4/jakarta.annotation-api-1.3.4.jar:/home/user/.m2/repository/org/glassfish/hk2/external/aopalliance-repackaged/2.5.0/aopalliance-repackaged-2.5.0.jar:/home/user/.m2/repository/com/fasterxml/jackson/dataformat/jackson-dataformat-xml/2.9.0/jackson-dataformat-xml-2.9.0.jar:/home/user/.m2/repository/com/fasterxml/jackson/core/jackson-core/2.9.9/jackson-core-2.9.9.jar:/home/user/.m2/repository/com/fasterxml/jackson/module/jackson-module-jaxb-annotations/2.9.9/jackson-module-jaxb-annotations-2.9.9.jar:/home/user/.m2/repository/javax/enterprise/cdi-api/1.2/cdi-api-1.2.jar:/home/user/.m2/repository/javax/el/javax.el-api/3.0.0/javax.el-api-3.0.0.jar:/home/user/.m2/repository/javax/interceptor/javax.interceptor-api/1.2/javax.interceptor-api-1.2.jar:/home/user/.m2/repository/javax/inject/javax.inject/1/javax.inject-1.jar:/home/user/.m2/repository/com/sun/xml/bind/jaxb-impl/2.3.0.1/jaxb-impl-2.3.0.1.jar:/home/user/.m2/repository/com/sun/xml/bind/jaxb-core/2.3.0.1/jaxb-core-2.3.0.1.jar:/home/user/.m2/repository/javax/xml/bind/jaxb-api/2.3.0/jaxb-api-2.3.0.jar:/home/user/.m2/repository/javax/activation/activation/1.1.1/activation-1.1.1.jar:/home/user/.m2/repository/org/apache/hadoop/hadoop-ozone-csi/0.5.0-SNAPSHOT/hadoop-ozone-csi-0.5.0-SNAPSHOT.jar:/home/user/.m2/repository/com/google/protobuf/protobuf-java-util/3.5.1/protobuf-java-util-3.5.1.jar:/home/user/.m2/repository/org/apache/hadoop/hadoop-hdds-config/0.5.0-SNAPSHOT/hadoop-hdds-config-0.5.0-SNAPSHOT.jar:/home/user/.m2/repository/io/grpc/grpc-netty/1.17.1/grpc-netty-1.17.1.jar:/home/user/.m2/repository/io/grpc/grpc-core/1.17.1/grpc-core-1.17.1.jar:/home/user/.m2/repository/io/grpc/grpc-context/1.17.1/grpc-context-1.17.1.jar:/home/user/.m2/repository/com/google/errorprone/error_prone_annotations/2.2.0/error_prone_annotations-2.2.0.jar:/home/user/.m2/repository/org/codehaus/mojo/animal-sniffer-annotations/1.17/animal-sniffer-annotations-1.17.jar:/home/user/.m2/repository/io/opencensus/opencensus-api/0.17.0/opencensus-api-0.17.0.jar:/home/user/.m2/repository/io/opencensus/opencensus-contrib-grpc-metrics/0.17.0/opencensus-contrib-grpc-metrics-0.17.0.jar:/home/user/.m2/repository/io/netty/netty-codec-http2/4.1.30.Final/netty-codec-http2-4.1.30.Final.jar:/home/user/.m2/repository/io/netty/netty-codec-http/4.1.30.Final/netty-codec-http-4.1.30.Final.jar:/home/user/.m2/repository/io/netty/netty-codec/4.1.30.Final/netty-codec-4.1.30.Final.jar:/home/user/.m2/repository/io/netty/netty-handler/4.1.30.Final/netty-handler-4.1.30.Final.jar:/home/user/.m2/repository/io/netty/netty-handler-proxy/4.1.30.Final/netty-handler-proxy-4.1.30.Final.jar:/home/user/.m2/repository/io/netty/netty-codec-socks/4.1.30.Final/netty-codec-socks-4.1.30.Final.jar:/home/user/.m2/repository/io/netty/netty-transport-native-epoll/4.1.30.Final/netty-transport-native-epoll-4.1.30.Final.jar:/home/user/.m2/repository/io/netty/netty-common/4.1.30.Final/netty-common-4.1.30.Final.jar:/home/user/.m2/repository/io/netty/netty-buffer/4.1.30.Final/netty-buffer-4.1.30.Final.jar:/home/user/.m2/repository/io/netty/netty-transport/4.1.30.Final/netty-transport-4.1.30.Final.jar:/home/user/.m2/repository/io/netty/netty-resolver/4.1.30.Final/netty-resolver-4.1.30.Final.jar:/home/user/.m2/repository/io/netty/netty-transport-native-unix-common/4.1.30.Final/netty-transport-native-unix-common-4.1.30.Final.jar:/home/user/.m2/repository/io/grpc/grpc-protobuf/1.17.1/grpc-protobuf-1.17.1.jar:/home/user/.m2/repository/com/google/api/grpc/proto-google-common-protos/1.0.0/proto-google-common-protos-1.0.0.jar:/home/user/.m2/repository/io/grpc/grpc-protobuf-lite/1.17.1/grpc-protobuf-lite-1.17.1.jar:/home/user/.m2/repository/io/grpc/grpc-stub/1.17.1/grpc-stub-1.17.1.jar:/home/user/.m2/repository/org/apache/hadoop/hadoop-ozone-recon/0.5.0-SNAPSHOT/hadoop-ozone-recon-0.5.0-SNAPSHOT.jar:/home/user/.m2/repository/org/apache/hadoop/hadoop-ozone-reconcodegen/0.5.0-SNAPSHOT/hadoop-ozone-reconcodegen-0.5.0-SNAPSHOT.jar:/home/user/.m2/repository/com/google/inject/extensions/guice-multibindings/4.0/guice-multibindings-4.0.jar:/home/user/.m2/repository/com/google/inject/guice/4.0/guice-4.0.jar:/home/user/.m2/repository/aopalliance/aopalliance/1.0/aopalliance-1.0.jar:/home/user/.m2/repository/com/google/inject/extensions/guice-servlet/4.0/guice-servlet-4.0.jar:/home/user/.m2/repository/org/glassfish/jersey/containers/jersey-container-servlet/2.27/jersey-container-servlet-2.27.jar:/home/user/.m2/repository/org/glassfish/hk2/guice-bridge/2.5.0/guice-bridge-2.5.0.jar:/home/user/.m2/repository/org/glassfish/jersey/core/jersey-server/2.27/jersey-server-2.27.jar:/home/user/.m2/repository/org/glassfish/jersey/core/jersey-client/2.27/jersey-client-2.27.jar:/home/user/.m2/repository/org/glassfish/jersey/media/jersey-media-jaxb/2.27/jersey-media-jaxb-2.27.jar:/home/user/.m2/repository/javax/validation/validation-api/1.1.0.Final/validation-api-1.1.0.Final.jar:/home/user/.m2/repository/org/glassfish/jersey/media/jersey-media-json-jackson/2.27/jersey-media-json-jackson-2.27.jar:/home/user/.m2/repository/org/glassfish/jersey/ext/jersey-entity-filtering/2.27/jersey-entity-filtering-2.27.jar:/home/user/.m2/repository/com/google/inject/extensions/guice-assistedinject/4.0/guice-assistedinject-4.0.jar:/home/user/.m2/repository/org/jooq/jooq/3.11.10/jooq-3.11.10.jar:/home/user/.m2/repository/org/jooq/jooq-meta/3.11.10/jooq-meta-3.11.10.jar:/home/user/.m2/repository/org/jooq/jooq-codegen/3.11.10/jooq-codegen-3.11.10.jar:/home/user/.m2/repository/com/jolbox/bonecp/0.8.0.RELEASE/bonecp-0.8.0.RELEASE.jar:/home/user/.m2/repository/org/xerial/sqlite-jdbc/3.25.2/sqlite-jdbc-3.25.2.jar:/home/user/.m2/repository/org/springframework/spring-jdbc/5.1.3.RELEASE/spring-jdbc-5.1.3.RELEASE.jar:/home/user/.m2/repository/org/springframework/spring-beans/5.1.3.RELEASE/spring-beans-5.1.3.RELEASE.jar:/home/user/.m2/repository/org/springframework/spring-core/5.1.3.RELEASE/spring-core-5.1.3.RELEASE.jar:/home/user/.m2/repository/org/springframework/spring-jcl/5.1.3.RELEASE/spring-jcl-5.1.3.RELEASE.jar:/home/user/.m2/repository/org/springframework/spring-tx/5.1.3.RELEASE/spring-tx-5.1.3.RELEASE.jar:/home/user/.m2/repository/org/apache/hadoop/hadoop-ozone-client/0.5.0-SNAPSHOT/hadoop-ozone-client-0.5.0-SNAPSHOT.jar:/home/user/.m2/repository/commons-lang/commons-lang/2.6/commons-lang-2.6.jar:/home/user/.m2/repository/org/apache/hadoop/hadoop-ozone-ozone-manager/0.5.0-SNAPSHOT/hadoop-ozone-ozone-manager-0.5.0-SNAPSHOT-tests.jar:/home/user/.m2/repository/junit/junit/4.11/junit-4.11.jar:/home/user/.m2/repository/org/hamcrest/hamcrest-core/1.3/hamcrest-core-1.3.jar:/home/user/.m2/repository/org/openjdk/jmh/jmh-core/1.19/jmh-core-1.19.jar:/home/user/.m2/repository/net/sf/jopt-simple/jopt-simple/4.6/jopt-simple-4.6.jar:/home/user/.m2/repository/org/apache/commons/commons-math3/3.1.1/commons-math3-3.1.1.jar:/home/user/.m2/repository/org/openjdk/jmh/jmh-generator-annprocess/1.19/jmh-generator-annprocess-1.19.jar:/home/user/.m2/repository/org/mockito/mockito-all/1.8.5/mockito-all-1.8.5.jar:/home/user/.m2/repository/org/apache/hadoop/hadoop-kms/3.2.0/hadoop-kms-3.2.0.jar:/home/user/.m2/repository/org/apache/hadoop/hadoop-auth/3.2.0/hadoop-auth-3.2.0.jar:/home/user/.m2/repository/com/nimbusds/nimbus-jose-jwt/4.41.1/nimbus-jose-jwt-4.41.1.jar:/home/user/.m2/repository/com/github/stephenc/jcip/jcip-annotations/1.0-1/jcip-annotations-1.0-1.jar:/home/user/.m2/repository/net/minidev/json-smart/2.3/json-smart-2.3.jar:/home/user/.m2/repository/net/minidev/accessors-smart/1.2/accessors-smart-1.2.jar:/home/user/.m2/repository/org/ow2/asm/asm/5.0.4/asm-5.0.4.jar:/home/user/.m2/repository/org/apache/curator/curator-framework/2.12.0/curator-framework-2.12.0.jar:/home/user/.m2/repository/com/sun/jersey/jersey-core/1.19/jersey-core-1.19.jar:/home/user/.m2/repository/javax/ws/rs/jsr311-api/1.1.1/jsr311-api-1.1.1.jar:/home/user/.m2/repository/com/sun/jersey/jersey-server/1.19/jersey-server-1.19.jar:/home/user/.m2/repository/javax/servlet/javax.servlet-api/3.1.0/javax.servlet-api-3.1.0.jar:/home/user/.m2/repository/org/eclipse/jetty/jetty-server/9.3.25.v20180904/jetty-server-9.3.25.v20180904.jar:/home/user/.m2/repository/org/eclipse/jetty/jetty-http/9.3.25.v20180904/jetty-http-9.3.25.v20180904.jar:/home/user/.m2/repository/org/eclipse/jetty/jetty-io/9.3.25.v20180904/jetty-io-9.3.25.v20180904.jar:/home/user/.m2/repository/org/eclipse/jetty/jetty-webapp/9.3.25.v20180904/jetty-webapp-9.3.25.v20180904.jar:/home/user/.m2/repository/org/eclipse/jetty/jetty-xml/9.3.25.v20180904/jetty-xml-9.3.25.v20180904.jar:/home/user/.m2/repository/log4j/log4j/1.2.17/log4j-1.2.17.jar:/home/user/.m2/repository/org/slf4j/slf4j-api/1.7.25/slf4j-api-1.7.25.jar:/home/user/.m2/repository/org/slf4j/jul-to-slf4j/1.7.25/jul-to-slf4j-1.7.25.jar:/home/user/.m2/repository/org/eclipse/jetty/jetty-util/9.3.25.v20180904/jetty-util-9.3.25.v20180904.jar:/home/user/.m2/repository/com/fasterxml/jackson/core/jackson-databind/2.9.9/jackson-databind-2.9.9.jar:/home/user/.m2/repository/org/apache/hadoop/hadoop-kms/3.2.0/hadoop-kms-3.2.0-tests.jar:/home/user/.m2/repository/org/apache/hadoop/hadoop-hdds-server-scm/0.5.0-SNAPSHOT/hadoop-hdds-server-scm-0.5.0-SNAPSHOT-tests.jar:/home/user/.m2/repository/org/apache/hadoop/hadoop-hdds-container-service/0.5.0-SNAPSHOT/hadoop-hdds-container-service-0.5.0-SNAPSHOT-tests.jar:/home/user/.m2/repository/org/yaml/snakeyaml/1.16/snakeyaml-1.16.jar:/home/user/.m2/repository/org/apache/hadoop/hadoop-common/3.2.0/hadoop-common-3.2.0-tests.jar:/home/user/.m2/repository/org/apache/hadoop/hadoop-annotations/3.2.0/hadoop-annotations-3.2.0.jar:/usr/lib/jvm/java-1.8-openjdk/jre/../lib/tools.jar:/home/user/.m2/repository/commons-cli/commons-cli/1.2/commons-cli-1.2.jar:/home/user/.m2/repository/org/apache/httpcomponents/httpclient/4.5.2/httpclient-4.5.2.jar:/home/user/.m2/repository/org/apache/httpcomponents/httpcore/4.4.4/httpcore-4.4.4.jar:/home/user/.m2/repository/commons-codec/commons-codec/1.11/commons-codec-1.11.jar:/home/user/.m2/repository/commons-net/commons-net/3.6/commons-net-3.6.jar:/home/user/.m2/repository/commons-collections/commons-collections/3.2.2/commons-collections-3.2.2.jar:/home/user/.m2/repository/org/eclipse/jetty/jetty-servlet/9.3.25.v20180904/jetty-servlet-9.3.25.v20180904.jar:/home/user/.m2/repository/org/eclipse/jetty/jetty-security/9.3.25.v20180904/jetty-security-9.3.25.v20180904.jar:/home/user/.m2/repository/javax/servlet/jsp/jsp-api/2.1/jsp-api-2.1.jar:/home/user/.m2/repository/com/sun/jersey/jersey-servlet/1.19/jersey-servlet-1.19.jar:/home/user/.m2/repository/com/sun/jersey/jersey-json/1.19/jersey-json-1.19.jar:/home/user/.m2/repository/org/codehaus/jettison/jettison/1.1/jettison-1.1.jar:/home/user/.m2/repository/org/codehaus/jackson/jackson-core-asl/1.9.13/jackson-core-asl-1.9.13.jar:/home/user/.m2/repository/org/codehaus/jackson/jackson-mapper-asl/1.9.13/jackson-mapper-asl-1.9.13.jar:/home/user/.m2/repository/org/codehaus/jackson/jackson-jaxrs/1.9.13/jackson-jaxrs-1.9.13.jar:/home/user/.m2/repository/org/codehaus/jackson/jackson-xc/1.9.13/jackson-xc-1.9.13.jar:/home/user/.m2/repository/commons-logging/commons-logging/1.1.3/commons-logging-1.1.3.jar:/home/user/.m2/repository/commons-beanutils/commons-beanutils/1.9.4/commons-beanutils-1.9.4.jar:/home/user/.m2/repository/org/apache/commons/commons-configuration2/2.1.1/commons-configuration2-2.1.1.jar:/home/user/.m2/repository/org/apache/commons/commons-lang3/3.7/commons-lang3-3.7.jar:/home/user/.m2/repository/org/apache/commons/commons-text/1.4/commons-text-1.4.jar:/home/user/.m2/repository/org/apache/avro/avro/1.7.7/avro-1.7.7.jar:/home/user/.m2/repository/com/thoughtworks/paranamer/paranamer/2.3/paranamer-2.3.jar:/home/user/.m2/repository/org/xerial/snappy/snappy-java/1.0.5/snappy-java-1.0.5.jar:/home/user/.m2/repository/com/google/re2j/re2j/1.1/re2j-1.1.jar:/home/user/.m2/repository/com/google/code/gson/gson/2.2.4/gson-2.2.4.jar:/home/user/.m2/repository/com/jcraft/jsch/0.1.54/jsch-0.1.54.jar:/home/user/.m2/repository/org/apache/curator/curator-client/2.12.0/curator-client-2.12.0.jar:/home/user/.m2/repository/org/apache/curator/curator-recipes/2.12.0/curator-recipes-2.12.0.jar:/home/user/.m2/repository/com/google/code/findbugs/jsr305/3.0.0/jsr305-3.0.0.jar:/home/user/.m2/repository/org/apache/htrace/htrace-core4/4.1.0-incubating/htrace-core4-4.1.0-incubating.jar:/home/user/.m2/repository/org/apache/zookeeper/zookeeper/3.4.13/zookeeper-3.4.13.jar:/home/user/.m2/repository/jline/jline/0.9.94/jline-0.9.94.jar:/home/user/.m2/repository/org/apache/yetus/audience-annotations/0.5.0/audience-annotations-0.5.0.jar:/home/user/.m2/repository/org/codehaus/woodstox/stax2-api/3.1.4/stax2-api-3.1.4.jar:/home/user/.m2/repository/com/fasterxml/woodstox/woodstox-core/5.0.3/woodstox-core-5.0.3.jar:/home/user/.m2/repository/dnsjava/dnsjava/2.1.7/dnsjava-2.1.7.jar:/home/user/.m2/repository/org/apache/hadoop/hadoop-hdfs/3.2.0/hadoop-hdfs-3.2.0-tests.jar:/home/user/.m2/repository/org/eclipse/jetty/jetty-util-ajax/9.3.25.v20180904/jetty-util-ajax-9.3.25.v20180904.jar:/home/user/.m2/repository/commons-daemon/commons-daemon/1.0.13/commons-daemon-1.0.13.jar:/home/user/.m2/repository/io/netty/netty/3.10.5.Final/netty-3.10.5.Final.jar:/home/user/.m2/repository/io/netty/netty-all/4.0.52.Final/netty-all-4.0.52.Final.jar:/home/user/.m2/repository/org/fusesource/leveldbjni/leveldbjni-all/1.8/leveldbjni-all-1.8.jar:"/>
    <property name="java.vm.vendor" value="IcedTea"/>
    <property name="sun.arch.data.model" value="64"/>
    <property name="test.build.dir" value="/workdir/hadoop-ozone/integration-test/target/test-dir"/>
    <property name="test.cache.data" value=""/>
    <property name="java.vendor.url" value="https://icedtea.classpath.org"/>
    <property name="user.timezone" value=""/>
    <property name="java.vm.specification.version" value="1.8"/>
    <property name="os.name" value="Linux"/>
    <property name="test.build.data" value="/workdir/hadoop-ozone/integration-test/target/test-dir"/>
    <property name="user.country" value="US"/>
    <property name="sun.java.launcher" value="SUN_STANDARD"/>
    <property name="sun.boot.library.path" value="/usr/lib/jvm/java-1.8-openjdk/jre/lib/amd64"/>
    <property name="sun.java.command" value="/workdir/hadoop-ozone/integration-test/target/surefire/surefirebooter8426109354453085584.jar /workdir/hadoop-ozone/integration-test/target/surefire 2019-09-24T20-51-17_462-jvmRun1 surefire8458857947601695220tmp surefire_578640155790198095530tmp"/>
    <property name="test" value="!TestMiniChaosOzoneCluster"/>
    <property name="surefire.test.class.path" value="/workdir/hadoop-ozone/integration-test/target/test-classes:/workdir/hadoop-ozone/integration-test/target/classes:/home/user/.m2/repository/org/apache/hadoop/hadoop-ozone-common/0.5.0-SNAPSHOT/hadoop-ozone-common-0.5.0-SNAPSHOT.jar:/home/user/.m2/repository/org/apache/commons/commons-compress/1.4.1/commons-compress-1.4.1.jar:/home/user/.m2/repository/org/tukaani/xz/1.0/xz-1.0.jar:/home/user/.m2/repository/org/apache/hadoop/hadoop-common/3.2.0/hadoop-common-3.2.0.jar:/home/user/.m2/repository/org/apache/hadoop/hadoop-hdfs/3.2.0/hadoop-hdfs-3.2.0.jar:/home/user/.m2/repository/org/apache/hadoop/hadoop-hdfs-client/3.2.0/hadoop-hdfs-client-3.2.0.jar:/home/user/.m2/repository/com/fasterxml/jackson/core/jackson-annotations/2.9.9/jackson-annotations-2.9.9.jar:/home/user/.m2/repository/org/apache/hadoop/hadoop-hdds-common/0.5.0-SNAPSHOT/hadoop-hdds-common-0.5.0-SNAPSHOT.jar:/home/user/.m2/repository/javax/annotation/javax.annotation-api/1.2/javax.annotation-api-1.2.jar:/home/user/.m2/repository/org/apache/ratis/ratis-server/0.4.0/ratis-server-0.4.0.jar:/home/user/.m2/repository/org/apache/ratis/ratis-thirdparty-misc/0.2.0/ratis-thirdparty-misc-0.2.0.jar:/home/user/.m2/repository/org/apache/ratis/ratis-proto/0.4.0/ratis-proto-0.4.0.jar:/home/user/.m2/repository/org/apache/ratis/ratis-common/0.4.0/ratis-common-0.4.0.jar:/home/user/.m2/repository/org/apache/ratis/ratis-client/0.4.0/ratis-client-0.4.0.jar:/home/user/.m2/repository/org/apache/ratis/ratis-metrics/0.4.0/ratis-metrics-0.4.0.jar:/home/user/.m2/repository/com/github/joshelser/dropwizard-metrics-hadoop-metrics2-reporter/0.1.2/dropwizard-metrics-hadoop-metrics2-reporter-0.1.2.jar:/home/user/.m2/repository/io/dropwizard/metrics/metrics-jvm/3.2.5/metrics-jvm-3.2.5.jar:/home/user/.m2/repository/io/dropwizard/metrics/metrics-ganglia/3.2.5/metrics-ganglia-3.2.5.jar:/home/user/.m2/repository/info/ganglia/gmetric4j/gmetric4j/1.0.7/gmetric4j-1.0.7.jar:/home/user/.m2/repository/org/apache/ratis/ratis-netty/0.4.0/ratis-netty-0.4.0.jar:/home/user/.m2/repository/org/apache/ratis/ratis-grpc/0.4.0/ratis-grpc-0.4.0.jar:/home/user/.m2/repository/org/rocksdb/rocksdbjni/6.0.1/rocksdbjni-6.0.1.jar:/home/user/.m2/repository/org/apache/logging/log4j/log4j-api/2.11.0/log4j-api-2.11.0.jar:/home/user/.m2/repository/org/apache/logging/log4j/log4j-core/2.11.0/log4j-core-2.11.0.jar:/home/user/.m2/repository/com/lmax/disruptor/3.4.2/disruptor-3.4.2.jar:/home/user/.m2/repository/org/apache/commons/commons-pool2/2.6.0/commons-pool2-2.6.0.jar:/home/user/.m2/repository/org/bouncycastle/bcpkix-jdk15on/1.60/bcpkix-jdk15on-1.60.jar:/home/user/.m2/repository/commons-validator/commons-validator/1.6/commons-validator-1.6.jar:/home/user/.m2/repository/commons-digester/commons-digester/1.8.1/commons-digester-1.8.1.jar:/home/user/.m2/repository/io/jaegertracing/jaeger-client/0.34.0/jaeger-client-0.34.0.jar:/home/user/.m2/repository/io/jaegertracing/jaeger-thrift/0.34.0/jaeger-thrift-0.34.0.jar:/home/user/.m2/repository/org/apache/thrift/libthrift/0.12.0/libthrift-0.12.0.jar:/home/user/.m2/repository/com/squareup/okhttp3/okhttp/3.9.0/okhttp-3.9.0.jar:/home/user/.m2/repository/com/squareup/okio/okio/1.13.0/okio-1.13.0.jar:/home/user/.m2/repository/io/jaegertracing/jaeger-core/0.34.0/jaeger-core-0.34.0.jar:/home/user/.m2/repository/io/jaegertracing/jaeger-tracerresolver/0.34.0/jaeger-tracerresolver-0.34.0.jar:/home/user/.m2/repository/io/opentracing/contrib/opentracing-tracerresolver/0.1.5/opentracing-tracerresolver-0.1.5.jar:/home/user/.m2/repository/io/opentracing/opentracing-util/0.31.0/opentracing-util-0.31.0.jar:/home/user/.m2/repository/io/opentracing/opentracing-api/0.31.0/opentracing-api-0.31.0.jar:/home/user/.m2/repository/io/opentracing/opentracing-noop/0.31.0/opentracing-noop-0.31.0.jar:/home/user/.m2/repository/org/apache/hadoop/hadoop-hdds-server-framework/0.5.0-SNAPSHOT/hadoop-hdds-server-framework-0.5.0-SNAPSHOT.jar:/home/user/.m2/repository/org/apache/hadoop/hadoop-hdds-container-service/0.5.0-SNAPSHOT/hadoop-hdds-container-service-0.5.0-SNAPSHOT.jar:/home/user/.m2/repository/org/apache/hadoop/hadoop-hdds-client/0.5.0-SNAPSHOT/hadoop-hdds-client-0.5.0-SNAPSHOT.jar:/home/user/.m2/repository/org/apache/hadoop/hadoop-hdds-tools/0.5.0-SNAPSHOT/hadoop-hdds-tools-0.5.0-SNAPSHOT.jar:/home/user/.m2/repository/org/apache/hadoop/hadoop-hdds-server-scm/0.5.0-SNAPSHOT/hadoop-hdds-server-scm-0.5.0-SNAPSHOT.jar:/home/user/.m2/repository/org/apache/hadoop/hadoop-hdds-docs/0.5.0-SNAPSHOT/hadoop-hdds-docs-0.5.0-SNAPSHOT.jar:/home/user/.m2/repository/io/dropwizard/metrics/metrics-core/3.2.4/metrics-core-3.2.4.jar:/home/user/.m2/repository/org/hamcrest/hamcrest-all/1.3/hamcrest-all-1.3.jar:/home/user/.m2/repository/org/bouncycastle/bcprov-jdk15on/1.60/bcprov-jdk15on-1.60.jar:/home/user/.m2/repository/info/picocli/picocli/3.9.6/picocli-3.9.6.jar:/home/user/.m2/repository/com/google/protobuf/protobuf-java/2.5.0/protobuf-java-2.5.0.jar:/home/user/.m2/repository/com/google/guava/guava/11.0.2/guava-11.0.2.jar:/home/user/.m2/repository/org/apache/hadoop/hadoop-ozone-ozone-manager/0.5.0-SNAPSHOT/hadoop-ozone-ozone-manager-0.5.0-SNAPSHOT.jar:/home/user/.m2/repository/org/apache/hadoop/hadoop-minikdc/3.2.0/hadoop-minikdc-3.2.0.jar:/home/user/.m2/repository/commons-io/commons-io/2.5/commons-io-2.5.jar:/home/user/.m2/repository/org/apache/kerby/kerb-simplekdc/1.0.1/kerb-simplekdc-1.0.1.jar:/home/user/.m2/repository/org/apache/kerby/kerb-client/1.0.1/kerb-client-1.0.1.jar:/home/user/.m2/repository/org/apache/kerby/kerby-config/1.0.1/kerby-config-1.0.1.jar:/home/user/.m2/repository/org/apache/kerby/kerb-core/1.0.1/kerb-core-1.0.1.jar:/home/user/.m2/repository/org/apache/kerby/kerby-pkix/1.0.1/kerby-pkix-1.0.1.jar:/home/user/.m2/repository/org/apache/kerby/kerby-asn1/1.0.1/kerby-asn1-1.0.1.jar:/home/user/.m2/repository/org/apache/kerby/kerby-util/1.0.1/kerby-util-1.0.1.jar:/home/user/.m2/repository/org/apache/kerby/kerb-common/1.0.1/kerb-common-1.0.1.jar:/home/user/.m2/repository/org/apache/kerby/kerb-crypto/1.0.1/kerb-crypto-1.0.1.jar:/home/user/.m2/repository/org/apache/kerby/kerb-util/1.0.1/kerb-util-1.0.1.jar:/home/user/.m2/repository/org/apache/kerby/token-provider/1.0.1/token-provider-1.0.1.jar:/home/user/.m2/repository/org/apache/kerby/kerb-admin/1.0.1/kerb-admin-1.0.1.jar:/home/user/.m2/repository/org/apache/kerby/kerb-server/1.0.1/kerb-server-1.0.1.jar:/home/user/.m2/repository/org/apache/kerby/kerb-identity/1.0.1/kerb-identity-1.0.1.jar:/home/user/.m2/repository/org/apache/kerby/kerby-xdr/1.0.1/kerby-xdr-1.0.1.jar:/home/user/.m2/repository/org/slf4j/slf4j-log4j12/1.7.25/slf4j-log4j12-1.7.25.jar:/home/user/.m2/repository/org/apache/hadoop/hadoop-ozone-s3gateway/0.5.0-SNAPSHOT/hadoop-ozone-s3gateway-0.5.0-SNAPSHOT.jar:/home/user/.m2/repository/org/jboss/weld/servlet/weld-servlet/2.4.7.Final/weld-servlet-2.4.7.Final.jar:/home/user/.m2/repository/org/glassfish/jersey/containers/jersey-container-servlet-core/2.27/jersey-container-servlet-core-2.27.jar:/home/user/.m2/repository/org/glassfish/hk2/external/javax.inject/2.5.0-b42/javax.inject-2.5.0-b42.jar:/home/user/.m2/repository/org/glassfish/jersey/core/jersey-common/2.27/jersey-common-2.27.jar:/home/user/.m2/repository/org/glassfish/hk2/osgi-resource-locator/1.0.1/osgi-resource-locator-1.0.1.jar:/home/user/.m2/repository/javax/ws/rs/javax.ws.rs-api/2.1/javax.ws.rs-api-2.1.jar:/home/user/.m2/repository/org/glassfish/jersey/ext/cdi/jersey-cdi1x/2.27/jersey-cdi1x-2.27.jar:/home/user/.m2/repository/org/glassfish/jersey/inject/jersey-hk2/2.27/jersey-hk2-2.27.jar:/home/user/.m2/repository/org/glassfish/hk2/hk2-locator/2.5.0-b42/hk2-locator-2.5.0-b42.jar:/home/user/.m2/repository/org/javassist/javassist/3.22.0-CR2/javassist-3.22.0-CR2.jar:/home/user/.m2/repository/org/glassfish/hk2/hk2-api/2.5.0/hk2-api-2.5.0.jar:/home/user/.m2/repository/org/glassfish/hk2/external/jakarta.inject/2.5.0/jakarta.inject-2.5.0.jar:/home/user/.m2/repository/org/glassfish/hk2/hk2-utils/2.5.0/hk2-utils-2.5.0.jar:/home/user/.m2/repository/jakarta/annotation/jakarta.annotation-api/1.3.4/jakarta.annotation-api-1.3.4.jar:/home/user/.m2/repository/org/glassfish/hk2/external/aopalliance-repackaged/2.5.0/aopalliance-repackaged-2.5.0.jar:/home/user/.m2/repository/com/fasterxml/jackson/dataformat/jackson-dataformat-xml/2.9.0/jackson-dataformat-xml-2.9.0.jar:/home/user/.m2/repository/com/fasterxml/jackson/core/jackson-core/2.9.9/jackson-core-2.9.9.jar:/home/user/.m2/repository/com/fasterxml/jackson/module/jackson-module-jaxb-annotations/2.9.9/jackson-module-jaxb-annotations-2.9.9.jar:/home/user/.m2/repository/javax/enterprise/cdi-api/1.2/cdi-api-1.2.jar:/home/user/.m2/repository/javax/el/javax.el-api/3.0.0/javax.el-api-3.0.0.jar:/home/user/.m2/repository/javax/interceptor/javax.interceptor-api/1.2/javax.interceptor-api-1.2.jar:/home/user/.m2/repository/javax/inject/javax.inject/1/javax.inject-1.jar:/home/user/.m2/repository/com/sun/xml/bind/jaxb-impl/2.3.0.1/jaxb-impl-2.3.0.1.jar:/home/user/.m2/repository/com/sun/xml/bind/jaxb-core/2.3.0.1/jaxb-core-2.3.0.1.jar:/home/user/.m2/repository/javax/xml/bind/jaxb-api/2.3.0/jaxb-api-2.3.0.jar:/home/user/.m2/repository/javax/activation/activation/1.1.1/activation-1.1.1.jar:/home/user/.m2/repository/org/apache/hadoop/hadoop-ozone-csi/0.5.0-SNAPSHOT/hadoop-ozone-csi-0.5.0-SNAPSHOT.jar:/home/user/.m2/repository/com/google/protobuf/protobuf-java-util/3.5.1/protobuf-java-util-3.5.1.jar:/home/user/.m2/repository/org/apache/hadoop/hadoop-hdds-config/0.5.0-SNAPSHOT/hadoop-hdds-config-0.5.0-SNAPSHOT.jar:/home/user/.m2/repository/io/grpc/grpc-netty/1.17.1/grpc-netty-1.17.1.jar:/home/user/.m2/repository/io/grpc/grpc-core/1.17.1/grpc-core-1.17.1.jar:/home/user/.m2/repository/io/grpc/grpc-context/1.17.1/grpc-context-1.17.1.jar:/home/user/.m2/repository/com/google/errorprone/error_prone_annotations/2.2.0/error_prone_annotations-2.2.0.jar:/home/user/.m2/repository/org/codehaus/mojo/animal-sniffer-annotations/1.17/animal-sniffer-annotations-1.17.jar:/home/user/.m2/repository/io/opencensus/opencensus-api/0.17.0/opencensus-api-0.17.0.jar:/home/user/.m2/repository/io/opencensus/opencensus-contrib-grpc-metrics/0.17.0/opencensus-contrib-grpc-metrics-0.17.0.jar:/home/user/.m2/repository/io/netty/netty-codec-http2/4.1.30.Final/netty-codec-http2-4.1.30.Final.jar:/home/user/.m2/repository/io/netty/netty-codec-http/4.1.30.Final/netty-codec-http-4.1.30.Final.jar:/home/user/.m2/repository/io/netty/netty-codec/4.1.30.Final/netty-codec-4.1.30.Final.jar:/home/user/.m2/repository/io/netty/netty-handler/4.1.30.Final/netty-handler-4.1.30.Final.jar:/home/user/.m2/repository/io/netty/netty-handler-proxy/4.1.30.Final/netty-handler-proxy-4.1.30.Final.jar:/home/user/.m2/repository/io/netty/netty-codec-socks/4.1.30.Final/netty-codec-socks-4.1.30.Final.jar:/home/user/.m2/repository/io/netty/netty-transport-native-epoll/4.1.30.Final/netty-transport-native-epoll-4.1.30.Final.jar:/home/user/.m2/repository/io/netty/netty-common/4.1.30.Final/netty-common-4.1.30.Final.jar:/home/user/.m2/repository/io/netty/netty-buffer/4.1.30.Final/netty-buffer-4.1.30.Final.jar:/home/user/.m2/repository/io/netty/netty-transport/4.1.30.Final/netty-transport-4.1.30.Final.jar:/home/user/.m2/repository/io/netty/netty-resolver/4.1.30.Final/netty-resolver-4.1.30.Final.jar:/home/user/.m2/repository/io/netty/netty-transport-native-unix-common/4.1.30.Final/netty-transport-native-unix-common-4.1.30.Final.jar:/home/user/.m2/repository/io/grpc/grpc-protobuf/1.17.1/grpc-protobuf-1.17.1.jar:/home/user/.m2/repository/com/google/api/grpc/proto-google-common-protos/1.0.0/proto-google-common-protos-1.0.0.jar:/home/user/.m2/repository/io/grpc/grpc-protobuf-lite/1.17.1/grpc-protobuf-lite-1.17.1.jar:/home/user/.m2/repository/io/grpc/grpc-stub/1.17.1/grpc-stub-1.17.1.jar:/home/user/.m2/repository/org/apache/hadoop/hadoop-ozone-recon/0.5.0-SNAPSHOT/hadoop-ozone-recon-0.5.0-SNAPSHOT.jar:/home/user/.m2/repository/org/apache/hadoop/hadoop-ozone-reconcodegen/0.5.0-SNAPSHOT/hadoop-ozone-reconcodegen-0.5.0-SNAPSHOT.jar:/home/user/.m2/repository/com/google/inject/extensions/guice-multibindings/4.0/guice-multibindings-4.0.jar:/home/user/.m2/repository/com/google/inject/guice/4.0/guice-4.0.jar:/home/user/.m2/repository/aopalliance/aopalliance/1.0/aopalliance-1.0.jar:/home/user/.m2/repository/com/google/inject/extensions/guice-servlet/4.0/guice-servlet-4.0.jar:/home/user/.m2/repository/org/glassfish/jersey/containers/jersey-container-servlet/2.27/jersey-container-servlet-2.27.jar:/home/user/.m2/repository/org/glassfish/hk2/guice-bridge/2.5.0/guice-bridge-2.5.0.jar:/home/user/.m2/repository/org/glassfish/jersey/core/jersey-server/2.27/jersey-server-2.27.jar:/home/user/.m2/repository/org/glassfish/jersey/core/jersey-client/2.27/jersey-client-2.27.jar:/home/user/.m2/repository/org/glassfish/jersey/media/jersey-media-jaxb/2.27/jersey-media-jaxb-2.27.jar:/home/user/.m2/repository/javax/validation/validation-api/1.1.0.Final/validation-api-1.1.0.Final.jar:/home/user/.m2/repository/org/glassfish/jersey/media/jersey-media-json-jackson/2.27/jersey-media-json-jackson-2.27.jar:/home/user/.m2/repository/org/glassfish/jersey/ext/jersey-entity-filtering/2.27/jersey-entity-filtering-2.27.jar:/home/user/.m2/repository/com/google/inject/extensions/guice-assistedinject/4.0/guice-assistedinject-4.0.jar:/home/user/.m2/repository/org/jooq/jooq/3.11.10/jooq-3.11.10.jar:/home/user/.m2/repository/org/jooq/jooq-meta/3.11.10/jooq-meta-3.11.10.jar:/home/user/.m2/repository/org/jooq/jooq-codegen/3.11.10/jooq-codegen-3.11.10.jar:/home/user/.m2/repository/com/jolbox/bonecp/0.8.0.RELEASE/bonecp-0.8.0.RELEASE.jar:/home/user/.m2/repository/org/xerial/sqlite-jdbc/3.25.2/sqlite-jdbc-3.25.2.jar:/home/user/.m2/repository/org/springframework/spring-jdbc/5.1.3.RELEASE/spring-jdbc-5.1.3.RELEASE.jar:/home/user/.m2/repository/org/springframework/spring-beans/5.1.3.RELEASE/spring-beans-5.1.3.RELEASE.jar:/home/user/.m2/repository/org/springframework/spring-core/5.1.3.RELEASE/spring-core-5.1.3.RELEASE.jar:/home/user/.m2/repository/org/springframework/spring-jcl/5.1.3.RELEASE/spring-jcl-5.1.3.RELEASE.jar:/home/user/.m2/repository/org/springframework/spring-tx/5.1.3.RELEASE/spring-tx-5.1.3.RELEASE.jar:/home/user/.m2/repository/org/apache/hadoop/hadoop-ozone-client/0.5.0-SNAPSHOT/hadoop-ozone-client-0.5.0-SNAPSHOT.jar:/home/user/.m2/repository/commons-lang/commons-lang/2.6/commons-lang-2.6.jar:/home/user/.m2/repository/org/apache/hadoop/hadoop-ozone-ozone-manager/0.5.0-SNAPSHOT/hadoop-ozone-ozone-manager-0.5.0-SNAPSHOT-tests.jar:/home/user/.m2/repository/junit/junit/4.11/junit-4.11.jar:/home/user/.m2/repository/org/hamcrest/hamcrest-core/1.3/hamcrest-core-1.3.jar:/home/user/.m2/repository/org/openjdk/jmh/jmh-core/1.19/jmh-core-1.19.jar:/home/user/.m2/repository/net/sf/jopt-simple/jopt-simple/4.6/jopt-simple-4.6.jar:/home/user/.m2/repository/org/apache/commons/commons-math3/3.1.1/commons-math3-3.1.1.jar:/home/user/.m2/repository/org/openjdk/jmh/jmh-generator-annprocess/1.19/jmh-generator-annprocess-1.19.jar:/home/user/.m2/repository/org/mockito/mockito-all/1.8.5/mockito-all-1.8.5.jar:/home/user/.m2/repository/org/apache/hadoop/hadoop-kms/3.2.0/hadoop-kms-3.2.0.jar:/home/user/.m2/repository/org/apache/hadoop/hadoop-auth/3.2.0/hadoop-auth-3.2.0.jar:/home/user/.m2/repository/com/nimbusds/nimbus-jose-jwt/4.41.1/nimbus-jose-jwt-4.41.1.jar:/home/user/.m2/repository/com/github/stephenc/jcip/jcip-annotations/1.0-1/jcip-annotations-1.0-1.jar:/home/user/.m2/repository/net/minidev/json-smart/2.3/json-smart-2.3.jar:/home/user/.m2/repository/net/minidev/accessors-smart/1.2/accessors-smart-1.2.jar:/home/user/.m2/repository/org/ow2/asm/asm/5.0.4/asm-5.0.4.jar:/home/user/.m2/repository/org/apache/curator/curator-framework/2.12.0/curator-framework-2.12.0.jar:/home/user/.m2/repository/com/sun/jersey/jersey-core/1.19/jersey-core-1.19.jar:/home/user/.m2/repository/javax/ws/rs/jsr311-api/1.1.1/jsr311-api-1.1.1.jar:/home/user/.m2/repository/com/sun/jersey/jersey-server/1.19/jersey-server-1.19.jar:/home/user/.m2/repository/javax/servlet/javax.servlet-api/3.1.0/javax.servlet-api-3.1.0.jar:/home/user/.m2/repository/org/eclipse/jetty/jetty-server/9.3.25.v20180904/jetty-server-9.3.25.v20180904.jar:/home/user/.m2/repository/org/eclipse/jetty/jetty-http/9.3.25.v20180904/jetty-http-9.3.25.v20180904.jar:/home/user/.m2/repository/org/eclipse/jetty/jetty-io/9.3.25.v20180904/jetty-io-9.3.25.v20180904.jar:/home/user/.m2/repository/org/eclipse/jetty/jetty-webapp/9.3.25.v20180904/jetty-webapp-9.3.25.v20180904.jar:/home/user/.m2/repository/org/eclipse/jetty/jetty-xml/9.3.25.v20180904/jetty-xml-9.3.25.v20180904.jar:/home/user/.m2/repository/log4j/log4j/1.2.17/log4j-1.2.17.jar:/home/user/.m2/repository/org/slf4j/slf4j-api/1.7.25/slf4j-api-1.7.25.jar:/home/user/.m2/repository/org/slf4j/jul-to-slf4j/1.7.25/jul-to-slf4j-1.7.25.jar:/home/user/.m2/repository/org/eclipse/jetty/jetty-util/9.3.25.v20180904/jetty-util-9.3.25.v20180904.jar:/home/user/.m2/repository/com/fasterxml/jackson/core/jackson-databind/2.9.9/jackson-databind-2.9.9.jar:/home/user/.m2/repository/org/apache/hadoop/hadoop-kms/3.2.0/hadoop-kms-3.2.0-tests.jar:/home/user/.m2/repository/org/apache/hadoop/hadoop-hdds-server-scm/0.5.0-SNAPSHOT/hadoop-hdds-server-scm-0.5.0-SNAPSHOT-tests.jar:/home/user/.m2/repository/org/apache/hadoop/hadoop-hdds-container-service/0.5.0-SNAPSHOT/hadoop-hdds-container-service-0.5.0-SNAPSHOT-tests.jar:/home/user/.m2/repository/org/yaml/snakeyaml/1.16/snakeyaml-1.16.jar:/home/user/.m2/repository/org/apache/hadoop/hadoop-common/3.2.0/hadoop-common-3.2.0-tests.jar:/home/user/.m2/repository/org/apache/hadoop/hadoop-annotations/3.2.0/hadoop-annotations-3.2.0.jar:/usr/lib/jvm/java-1.8-openjdk/jre/../lib/tools.jar:/home/user/.m2/repository/commons-cli/commons-cli/1.2/commons-cli-1.2.jar:/home/user/.m2/repository/org/apache/httpcomponents/httpclient/4.5.2/httpclient-4.5.2.jar:/home/user/.m2/repository/org/apache/httpcomponents/httpcore/4.4.4/httpcore-4.4.4.jar:/home/user/.m2/repository/commons-codec/commons-codec/1.11/commons-codec-1.11.jar:/home/user/.m2/repository/commons-net/commons-net/3.6/commons-net-3.6.jar:/home/user/.m2/repository/commons-collections/commons-collections/3.2.2/commons-collections-3.2.2.jar:/home/user/.m2/repository/org/eclipse/jetty/jetty-servlet/9.3.25.v20180904/jetty-servlet-9.3.25.v20180904.jar:/home/user/.m2/repository/org/eclipse/jetty/jetty-security/9.3.25.v20180904/jetty-security-9.3.25.v20180904.jar:/home/user/.m2/repository/javax/servlet/jsp/jsp-api/2.1/jsp-api-2.1.jar:/home/user/.m2/repository/com/sun/jersey/jersey-servlet/1.19/jersey-servlet-1.19.jar:/home/user/.m2/repository/com/sun/jersey/jersey-json/1.19/jersey-json-1.19.jar:/home/user/.m2/repository/org/codehaus/jettison/jettison/1.1/jettison-1.1.jar:/home/user/.m2/repository/org/codehaus/jackson/jackson-core-asl/1.9.13/jackson-core-asl-1.9.13.jar:/home/user/.m2/repository/org/codehaus/jackson/jackson-mapper-asl/1.9.13/jackson-mapper-asl-1.9.13.jar:/home/user/.m2/repository/org/codehaus/jackson/jackson-jaxrs/1.9.13/jackson-jaxrs-1.9.13.jar:/home/user/.m2/repository/org/codehaus/jackson/jackson-xc/1.9.13/jackson-xc-1.9.13.jar:/home/user/.m2/repository/commons-logging/commons-logging/1.1.3/commons-logging-1.1.3.jar:/home/user/.m2/repository/commons-beanutils/commons-beanutils/1.9.4/commons-beanutils-1.9.4.jar:/home/user/.m2/repository/org/apache/commons/commons-configuration2/2.1.1/commons-configuration2-2.1.1.jar:/home/user/.m2/repository/org/apache/commons/commons-lang3/3.7/commons-lang3-3.7.jar:/home/user/.m2/repository/org/apache/commons/commons-text/1.4/commons-text-1.4.jar:/home/user/.m2/repository/org/apache/avro/avro/1.7.7/avro-1.7.7.jar:/home/user/.m2/repository/com/thoughtworks/paranamer/paranamer/2.3/paranamer-2.3.jar:/home/user/.m2/repository/org/xerial/snappy/snappy-java/1.0.5/snappy-java-1.0.5.jar:/home/user/.m2/repository/com/google/re2j/re2j/1.1/re2j-1.1.jar:/home/user/.m2/repository/com/google/code/gson/gson/2.2.4/gson-2.2.4.jar:/home/user/.m2/repository/com/jcraft/jsch/0.1.54/jsch-0.1.54.jar:/home/user/.m2/repository/org/apache/curator/curator-client/2.12.0/curator-client-2.12.0.jar:/home/user/.m2/repository/org/apache/curator/curator-recipes/2.12.0/curator-recipes-2.12.0.jar:/home/user/.m2/repository/com/google/code/findbugs/jsr305/3.0.0/jsr305-3.0.0.jar:/home/user/.m2/repository/org/apache/htrace/htrace-core4/4.1.0-incubating/htrace-core4-4.1.0-incubating.jar:/home/user/.m2/repository/org/apache/zookeeper/zookeeper/3.4.13/zookeeper-3.4.13.jar:/home/user/.m2/repository/jline/jline/0.9.94/jline-0.9.94.jar:/home/user/.m2/repository/org/apache/yetus/audience-annotations/0.5.0/audience-annotations-0.5.0.jar:/home/user/.m2/repository/org/codehaus/woodstox/stax2-api/3.1.4/stax2-api-3.1.4.jar:/home/user/.m2/repository/com/fasterxml/woodstox/woodstox-core/5.0.3/woodstox-core-5.0.3.jar:/home/user/.m2/repository/dnsjava/dnsjava/2.1.7/dnsjava-2.1.7.jar:/home/user/.m2/repository/org/apache/hadoop/hadoop-hdfs/3.2.0/hadoop-hdfs-3.2.0-tests.jar:/home/user/.m2/repository/org/eclipse/jetty/jetty-util-ajax/9.3.25.v20180904/jetty-util-ajax-9.3.25.v20180904.jar:/home/user/.m2/repository/commons-daemon/commons-daemon/1.0.13/commons-daemon-1.0.13.jar:/home/user/.m2/repository/io/netty/netty/3.10.5.Final/netty-3.10.5.Final.jar:/home/user/.m2/repository/io/netty/netty-all/4.0.52.Final/netty-all-4.0.52.Final.jar:/home/user/.m2/repository/org/fusesource/leveldbjni/leveldbjni-all/1.8/leveldbjni-all-1.8.jar:"/>
    <property name="sun.cpu.endian" value="little"/>
    <property name="user.home" value="/home/user"/>
    <property name="user.language" value="en"/>
    <property name="java.specification.vendor" value="Oracle Corporation"/>
    <property name="java.home" value="/usr/lib/jvm/java-1.8-openjdk/jre"/>
    <property name="java.security.krb5.conf" value="/workdir/hadoop-ozone/integration-test/target/test-classes/krb5.conf"/>
    <property name="basedir" value="/workdir/hadoop-ozone/integration-test"/>
    <property name="file.separator" value="/"/>
    <property name="line.separator" value="&#10;"/>
    <property name="java.vm.specification.vendor" value="Oracle Corporation"/>
    <property name="java.specification.name" value="Java Platform API Specification"/>
    <property name="java.awt.graphicsenv" value="sun.awt.X11GraphicsEnvironment"/>
    <property name="surefire.real.class.path" value="/workdir/hadoop-ozone/integration-test/target/surefire/surefirebooter8426109354453085584.jar"/>
    <property name="hadoop.log.dir" value="/workdir/hadoop-ozone/integration-test/target/log"/>
    <property name="sun.boot.class.path" value="/usr/lib/jvm/java-1.8-openjdk/jre/lib/resources.jar:/usr/lib/jvm/java-1.8-openjdk/jre/lib/rt.jar:/usr/lib/jvm/java-1.8-openjdk/jre/lib/sunrsasign.jar:/usr/lib/jvm/java-1.8-openjdk/jre/lib/jsse.jar:/usr/lib/jvm/java-1.8-openjdk/jre/lib/jce.jar:/usr/lib/jvm/java-1.8-openjdk/jre/lib/charsets.jar:/usr/lib/jvm/java-1.8-openjdk/jre/lib/jfr.jar:/usr/lib/jvm/java-1.8-openjdk/jre/classes"/>
    <property name="sun.management.compiler" value="HotSpot 64-Bit Tiered Compilers"/>
    <property name="java.runtime.version" value="1.8.0_212-b04"/>
    <property name="java.net.preferIPv4Stack" value="true"/>
    <property name="user.name" value="jenkins1000"/>
    <property name="path.separator" value=":"/>
    <property name="java.security.egd" value="file:///dev/urandom"/>
    <property name="os.version" value="3.10.0-957.12.2.el7.x86_64"/>
    <property name="java.endorsed.dirs" value="/usr/lib/jvm/java-1.8-openjdk/jre/lib/endorsed"/>
    <property name="java.runtime.name" value="OpenJDK Runtime Environment"/>
    <property name="file.encoding" value="UTF-8"/>
    <property name="java.vm.name" value="OpenJDK 64-Bit Server VM"/>
    <property name="test.build.webapps" value=""/>
    <property name="localRepository" value="/home/user/.m2/repository"/>
    <property name="java.vendor.url.bug" value="https://icedtea.classpath.org/bugzilla"/>
    <property name="java.io.tmpdir" value="/tmp"/>
    <property name="require.test.libhadoop" value=""/>
    <property name="java.version" value="1.8.0_212"/>
    <property name="user.dir" value="/workdir/hadoop-ozone/integration-test"/>
    <property name="os.arch" value="amd64"/>
    <property name="java.vm.specification.name" value="Java Virtual Machine Specification"/>
    <property name="test.build.classes" value="/workdir/hadoop-ozone/integration-test/target/test-classes"/>
    <property name="java.awt.printerjob" value="sun.print.PSPrinterJob"/>
    <property name="sun.os.patch.level" value="unknown"/>
    <property name="hadoop.tmp.dir" value="/workdir/hadoop-ozone/integration-test/target/tmp"/>
    <property name="java.library.path" value="/usr/lib/jvm/java-1.8-openjdk/jre/lib/amd64/server:/usr/lib/jvm/java-1.8-openjdk/jre/lib/amd64:/usr/lib/jvm/java-1.8-openjdk/jre/../lib/amd64:/workdir/hadoop-ozone/integration-test/target/native/target/usr/local/lib:/workdir/hadoop-ozone/integration-test/../../hadoop-common-project/hadoop-common/target/native/target/usr/local/lib:/usr/java/packages/lib/amd64:/usr/lib64:/lib64:/lib:/usr/lib"/>
    <property name="java.vm.info" value="mixed mode"/>
    <property name="java.vendor" value="IcedTea"/>
    <property name="java.vm.version" value="25.212-b04"/>
    <property name="java.ext.dirs" value="/usr/lib/jvm/java-1.8-openjdk/jre/lib/ext:/usr/java/packages/lib/ext"/>
    <property name="sun.io.unicode.encoding" value="UnicodeLittle"/>
    <property name="java.class.version" value="52.0"/>
  </properties>
  <testcase name="org.apache.hadoop.ozone.client.rpc.TestCommitWatcher" classname="org.apache.hadoop.ozone.client.rpc.TestCommitWatcher" time="140.585">
    <error message="Connection refused" type="java.net.ConnectException"><![CDATA[java.net.ConnectException: Connection refused
	at sun.nio.ch.SocketChannelImpl.checkConnect(Native Method)
	at sun.nio.ch.SocketChannelImpl.finishConnect(SocketChannelImpl.java:717)
	at org.apache.hadoop.net.SocketIOWithTimeout.connect(SocketIOWithTimeout.java:206)
	at org.apache.hadoop.net.NetUtils.connect(NetUtils.java:531)
	at org.apache.hadoop.ipc.Client$Connection.setupConnection(Client.java:690)
	at org.apache.hadoop.ipc.Client$Connection.setupIOstreams(Client.java:794)
	at org.apache.hadoop.ipc.Client$Connection.access$3700(Client.java:411)
	at org.apache.hadoop.ipc.Client.getConnection(Client.java:1572)
	at org.apache.hadoop.ipc.Client.call(Client.java:1403)
	at org.apache.hadoop.ipc.Client.call(Client.java:1367)
	at org.apache.hadoop.ipc.ProtobufRpcEngine$Invoker.invoke(ProtobufRpcEngine.java:228)
	at org.apache.hadoop.ipc.ProtobufRpcEngine$Invoker.invoke(ProtobufRpcEngine.java:116)
	at com.sun.proxy.$Proxy36.submitRequest(Unknown Source)
	at sun.reflect.NativeMethodAccessorImpl.invoke0(Native Method)
	at sun.reflect.NativeMethodAccessorImpl.invoke(NativeMethodAccessorImpl.java:62)
	at sun.reflect.DelegatingMethodAccessorImpl.invoke(DelegatingMethodAccessorImpl.java:43)
	at java.lang.reflect.Method.invoke(Method.java:498)
	at org.apache.hadoop.io.retry.RetryInvocationHandler.invokeMethod(RetryInvocationHandler.java:422)
	at org.apache.hadoop.io.retry.RetryInvocationHandler$Call.invokeMethod(RetryInvocationHandler.java:165)
	at org.apache.hadoop.io.retry.RetryInvocationHandler$Call.invoke(RetryInvocationHandler.java:157)
	at org.apache.hadoop.io.retry.RetryInvocationHandler$Call.invokeOnce(RetryInvocationHandler.java:95)
	at org.apache.hadoop.io.retry.RetryInvocationHandler.invoke(RetryInvocationHandler.java:359)
	at com.sun.proxy.$Proxy36.submitRequest(Unknown Source)
	at org.apache.hadoop.ozone.om.protocolPB.OzoneManagerProtocolClientSideTranslatorPB.submitRequest(OzoneManagerProtocolClientSideTranslatorPB.java:338)
	at org.apache.hadoop.ozone.om.protocolPB.OzoneManagerProtocolClientSideTranslatorPB.getServiceInfo(OzoneManagerProtocolClientSideTranslatorPB.java:1223)
	at sun.reflect.NativeMethodAccessorImpl.invoke0(Native Method)
	at sun.reflect.NativeMethodAccessorImpl.invoke(NativeMethodAccessorImpl.java:62)
	at sun.reflect.DelegatingMethodAccessorImpl.invoke(DelegatingMethodAccessorImpl.java:43)
	at java.lang.reflect.Method.invoke(Method.java:498)
	at org.apache.hadoop.hdds.tracing.TraceAllMethod.invoke(TraceAllMethod.java:66)
	at com.sun.proxy.$Proxy37.getServiceInfo(Unknown Source)
	at org.apache.hadoop.ozone.client.rpc.RpcClient.<init>(RpcClient.java:154)
	at org.apache.hadoop.ozone.client.OzoneClientFactory.getClientProtocol(OzoneClientFactory.java:256)
	at org.apache.hadoop.ozone.client.OzoneClientFactory.getClientProtocol(OzoneClientFactory.java:239)
	at org.apache.hadoop.ozone.client.OzoneClientFactory.getClient(OzoneClientFactory.java:75)
	at org.apache.hadoop.ozone.client.rpc.TestCommitWatcher.init(TestCommitWatcher.java:107)
	at sun.reflect.NativeMethodAccessorImpl.invoke0(Native Method)
	at sun.reflect.NativeMethodAccessorImpl.invoke(NativeMethodAccessorImpl.java:62)
	at sun.reflect.DelegatingMethodAccessorImpl.invoke(DelegatingMethodAccessorImpl.java:43)
	at java.lang.reflect.Method.invoke(Method.java:498)
	at org.junit.runners.model.FrameworkMethod$1.runReflectiveCall(FrameworkMethod.java:47)
	at org.junit.internal.runners.model.ReflectiveCallable.run(ReflectiveCallable.java:12)
	at org.junit.runners.model.FrameworkMethod.invokeExplosively(FrameworkMethod.java:44)
	at org.junit.internal.runners.statements.RunBefores.evaluate(RunBefores.java:24)
	at org.junit.internal.runners.statements.RunAfters.evaluate(RunAfters.java:27)
	at org.junit.runners.ParentRunner.run(ParentRunner.java:309)
	at org.apache.maven.surefire.junit4.JUnit4Provider.execute(JUnit4Provider.java:365)
	at org.apache.maven.surefire.junit4.JUnit4Provider.executeWithRerun(JUnit4Provider.java:273)
	at org.apache.maven.surefire.junit4.JUnit4Provider.executeTestSet(JUnit4Provider.java:238)
	at org.apache.maven.surefire.junit4.JUnit4Provider.invoke(JUnit4Provider.java:159)
	at org.apache.maven.surefire.booter.ForkedBooter.invokeProviderInSameClassLoader(ForkedBooter.java:384)
	at org.apache.maven.surefire.booter.ForkedBooter.runSuitesInProcess(ForkedBooter.java:345)
	at org.apache.maven.surefire.booter.ForkedBooter.execute(ForkedBooter.java:126)
	at org.apache.maven.surefire.booter.ForkedBooter.main(ForkedBooter.java:418)
]]></error>
    <system-out><![CDATA[2019-09-24 21:55:34,454 [main] WARN  server.ServerUtils (ServerUtils.java:getScmDbDir(145)) - ozone.scm.db.dirs is not configured. We recommend adding this setting. Falling back to ozone.metadata.dirs instead.
2019-09-24 21:55:34,547 [main] WARN  server.ServerUtils (ServerUtils.java:getScmDbDir(145)) - ozone.scm.db.dirs is not configured. We recommend adding this setting. Falling back to ozone.metadata.dirs instead.
2019-09-24 21:55:34,550 [main] WARN  server.ServerUtils (ServerUtils.java:getScmDbDir(145)) - ozone.scm.db.dirs is not configured. We recommend adding this setting. Falling back to ozone.metadata.dirs instead.
2019-09-24 21:55:34,566 [main] INFO  util.log (Log.java:initialized(192)) - Logging initialized @825ms
2019-09-24 21:55:34,664 [main] INFO  db.DBStoreBuilder (DBStoreBuilder.java:addTable(110)) - using custom profile for table: deletedBlocks
2019-09-24 21:55:34,664 [main] INFO  db.DBStoreBuilder (DBStoreBuilder.java:processTables(161)) - Using default column profile:DBProfile.DISK for Table:deletedBlocks
2019-09-24 21:55:34,665 [main] INFO  db.DBStoreBuilder (DBStoreBuilder.java:addTable(110)) - using custom profile for table: validCerts
2019-09-24 21:55:34,665 [main] INFO  db.DBStoreBuilder (DBStoreBuilder.java:processTables(161)) - Using default column profile:DBProfile.DISK for Table:validCerts
2019-09-24 21:55:34,665 [main] INFO  db.DBStoreBuilder (DBStoreBuilder.java:addTable(110)) - using custom profile for table: revokedCerts
2019-09-24 21:55:34,666 [main] INFO  db.DBStoreBuilder (DBStoreBuilder.java:processTables(161)) - Using default column profile:DBProfile.DISK for Table:revokedCerts
2019-09-24 21:55:34,677 [main] INFO  db.DBStoreBuilder (DBStoreBuilder.java:addTable(110)) - using custom profile for table: default
2019-09-24 21:55:34,677 [main] INFO  db.DBStoreBuilder (DBStoreBuilder.java:processTables(167)) - Using default column profile:DBProfile.DISK for Table:default
2019-09-24 21:55:34,678 [main] INFO  db.DBStoreBuilder (DBStoreBuilder.java:getDbProfile(198)) - Using default options. DBProfile.DISK
2019-09-24 21:55:34,898 [main] INFO  net.NodeSchemaLoader (NodeSchemaLoader.java:loadSchemaFromFile(125)) - Loading file from sun.misc.CompoundEnumeration@30c15d8b
2019-09-24 21:55:34,900 [main] INFO  net.NodeSchemaLoader (NodeSchemaLoader.java:loadSchema(171)) - Loading network topology layer schema file
2019-09-24 21:55:34,958 [main] INFO  node.SCMNodeManager (SCMNodeManager.java:<init>(114)) - Entering startup safe mode.
2019-09-24 21:55:35,018 [main] INFO  algorithms.ContainerPlacementPolicyFactory (ContainerPlacementPolicyFactory.java:getPolicy(57)) - Create container placement policy of type org.apache.hadoop.hdds.scm.container.placement.algorithms.SCMContainerPlacementRandom
2019-09-24 21:55:35,029 [main] WARN  server.ServerUtils (ServerUtils.java:getScmDbDir(145)) - ozone.scm.db.dirs is not configured. We recommend adding this setting. Falling back to ozone.metadata.dirs instead.
2019-09-24 21:55:35,082 [main] INFO  pipeline.SCMPipelineManager (SCMPipelineManager.java:initializePipelineState(132)) - No pipeline exists in current db
2019-09-24 21:55:35,084 [main] WARN  server.ServerUtils (ServerUtils.java:getScmDbDir(145)) - ozone.scm.db.dirs is not configured. We recommend adding this setting. Falling back to ozone.metadata.dirs instead.
2019-09-24 21:55:35,169 [main] WARN  events.EventQueue (EventQueue.java:fireEvent(183)) - No event handler registered for event TypedEvent{payloadType=SafeModeStatus, name='SafeModeStatus'}
2019-09-24 21:55:35,444 [main] INFO  ipc.CallQueueManager (CallQueueManager.java:<init>(84)) - Using callQueue: class java.util.concurrent.LinkedBlockingQueue, queueCapacity: 2000, scheduler: class org.apache.hadoop.ipc.DefaultRpcScheduler, ipcBackoff: false.
2019-09-24 21:55:35,562 [Socket Reader #1 for port 43550] INFO  ipc.Server (Server.java:run(1074)) - Starting Socket Reader #1 for port 43550
2019-09-24 21:55:35,600 [main] INFO  ipc.CallQueueManager (CallQueueManager.java:<init>(84)) - Using callQueue: class java.util.concurrent.LinkedBlockingQueue, queueCapacity: 2000, scheduler: class org.apache.hadoop.ipc.DefaultRpcScheduler, ipcBackoff: false.
2019-09-24 21:55:35,601 [Socket Reader #1 for port 43081] INFO  ipc.Server (Server.java:run(1074)) - Starting Socket Reader #1 for port 43081
2019-09-24 21:55:35,611 [main] INFO  ipc.CallQueueManager (CallQueueManager.java:<init>(84)) - Using callQueue: class java.util.concurrent.LinkedBlockingQueue, queueCapacity: 2000, scheduler: class org.apache.hadoop.ipc.DefaultRpcScheduler, ipcBackoff: false.
2019-09-24 21:55:35,612 [Socket Reader #1 for port 42898] INFO  ipc.Server (Server.java:run(1074)) - Starting Socket Reader #1 for port 42898
2019-09-24 21:55:35,635 [main] INFO  hdfs.DFSUtil (DFSUtil.java:httpServerTemplateForNNAndJN(1641)) - Starting Web-server for scm at: http://0.0.0.0:0
2019-09-24 21:55:35,762 [main] INFO  server.AuthenticationFilter (AuthenticationFilter.java:constructSecretProvider(240)) - Unable to initialize FileSignerSecretProvider, falling back to use random secrets.
2019-09-24 21:55:35,769 [main] WARN  http.HttpRequestLog (HttpRequestLog.java:getRequestLog(97)) - Jetty request log can only be enabled using Log4j
2019-09-24 21:55:35,776 [main] INFO  http.HttpServer2 (HttpServer2.java:addGlobalFilter(975)) - Added global filter 'safety' (class=org.apache.hadoop.http.HttpServer2$QuotingInputFilter)
2019-09-24 21:55:35,778 [main] INFO  http.HttpServer2 (HttpServer2.java:addFilter(948)) - Added filter static_user_filter (class=org.apache.hadoop.http.lib.StaticUserWebFilter$StaticUserFilter) to context scm
2019-09-24 21:55:35,778 [main] INFO  http.HttpServer2 (HttpServer2.java:addFilter(958)) - Added filter static_user_filter (class=org.apache.hadoop.http.lib.StaticUserWebFilter$StaticUserFilter) to context logs
2019-09-24 21:55:35,779 [main] INFO  http.HttpServer2 (HttpServer2.java:addFilter(958)) - Added filter static_user_filter (class=org.apache.hadoop.http.lib.StaticUserWebFilter$StaticUserFilter) to context static
2019-09-24 21:55:35,807 [main] INFO  server.StorageContainerManager (StorageContainerManager.java:start(770)) - StorageContainerLocationProtocol RPC server is listening at /0.0.0.0:42898
2019-09-24 21:55:35,859 [main] WARN  impl.MetricsConfig (MetricsConfig.java:loadFirst(134)) - Cannot locate configuration: tried hadoop-metrics2-storagecontainermanager.properties,hadoop-metrics2.properties
2019-09-24 21:55:35,871 [main] INFO  impl.MetricsSystemImpl (MetricsSystemImpl.java:startTimer(374)) - Scheduled Metric snapshot period at 10 second(s).
2019-09-24 21:55:35,871 [main] INFO  impl.MetricsSystemImpl (MetricsSystemImpl.java:start(191)) - StorageContainerManager metrics system started
2019-09-24 21:55:36,078 [main] INFO  server.SCMClientProtocolServer (SCMClientProtocolServer.java:start(151)) - RPC server for Client  is listening at /0.0.0.0:42898
2019-09-24 21:55:36,079 [IPC Server Responder] INFO  ipc.Server (Server.java:run(1314)) - IPC Server Responder: starting
2019-09-24 21:55:36,079 [IPC Server listener on 42898] INFO  ipc.Server (Server.java:run(1153)) - IPC Server listener on 42898: starting
2019-09-24 21:55:36,084 [main] INFO  server.StorageContainerManager (StorageContainerManager.java:start(780)) - ScmBlockLocationProtocol RPC server is listening at /0.0.0.0:43081
2019-09-24 21:55:36,086 [main] INFO  server.SCMBlockProtocolServer (SCMBlockProtocolServer.java:start(146)) - RPC server for Block Protocol is listening at /0.0.0.0:43081
2019-09-24 21:55:36,087 [IPC Server Responder] INFO  ipc.Server (Server.java:run(1314)) - IPC Server Responder: starting
2019-09-24 21:55:36,087 [IPC Server listener on 43081] INFO  ipc.Server (Server.java:run(1153)) - IPC Server listener on 43081: starting
2019-09-24 21:55:36,097 [main] INFO  server.StorageContainerManager (StorageContainerManager.java:start(784)) - ScmDatanodeProtocl RPC server is listening at /0.0.0.0:43550
2019-09-24 21:55:36,097 [main] INFO  server.SCMDatanodeProtocolServer (SCMDatanodeProtocolServer.java:start(191)) - RPC server for DataNodes is listening at /0.0.0.0:43550
2019-09-24 21:55:36,099 [IPC Server Responder] INFO  ipc.Server (Server.java:run(1314)) - IPC Server Responder: starting
2019-09-24 21:55:36,099 [IPC Server listener on 43550] INFO  ipc.Server (Server.java:run(1153)) - IPC Server listener on 43550: starting
2019-09-24 21:55:36,109 [main] INFO  http.HttpServer2 (HttpServer2.java:bindListener(1191)) - Jetty bound to port 36995
2019-09-24 21:55:36,111 [main] INFO  server.Server (Server.java:doStart(351)) - jetty-9.3.25.v20180904, build timestamp: 2018-09-04T21:11:46Z, git hash: 3ce520221d0240229c862b122d2b06c12a625732
2019-09-24 21:55:36,154 [main] INFO  handler.ContextHandler (ContextHandler.java:doStart(781)) - Started o.e.j.s.ServletContextHandler@56303b57{/logs,file:///workdir/hadoop-ozone/integration-test/target/log,AVAILABLE}
2019-09-24 21:55:36,155 [main] INFO  handler.ContextHandler (ContextHandler.java:doStart(781)) - Started o.e.j.s.ServletContextHandler@8692d67{/static,file:///workdir/hadoop-ozone/integration-test/target/test-classes/webapps/static,AVAILABLE}
2019-09-24 21:55:36,187 [main] INFO  handler.ContextHandler (ContextHandler.java:doStart(781)) - Started o.e.j.w.WebAppContext@5003041b{/,file:///workdir/hadoop-ozone/integration-test/target/test-classes/webapps/scm/,AVAILABLE}{/scm}
2019-09-24 21:55:36,193 [main] INFO  server.AbstractConnector (AbstractConnector.java:doStart(278)) - Started ServerConnector@1b822fcc{HTTP/1.1,[http/1.1]}{0.0.0.0:36995}
2019-09-24 21:55:36,193 [main] INFO  server.Server (Server.java:doStart(419)) - Started @2452ms
2019-09-24 21:55:36,195 [main] INFO  impl.MetricsSinkAdapter (MetricsSinkAdapter.java:start(204)) - Sink prometheus started
2019-09-24 21:55:36,195 [main] INFO  impl.MetricsSystemImpl (MetricsSystemImpl.java:registerSink(301)) - Registered sink prometheus
2019-09-24 21:55:36,196 [main] INFO  server.BaseHttpServer (BaseHttpServer.java:updateConnectorAddress(215)) - HTTP server of SCM is listening at http://0.0.0.0:36995
2019-09-24 21:55:36,202 [org.apache.hadoop.util.JvmPauseMonitor$Monitor@5aceec94] INFO  util.JvmPauseMonitor (JvmPauseMonitor.java:run(188)) - Starting JVM pause monitor
2019-09-24 21:55:36,203 [main] WARN  server.ServerUtils (ServerUtils.java:getDBPath(222)) - ozone.om.db.dirs is not configured. We recommend adding this setting. Falling back to ozone.metadata.dirs instead.
2019-09-24 21:55:36,299 [main] INFO  ha.OMHANodeDetails (OMHANodeDetails.java:loadOMHAConfig(181)) - Configuration either no ozone.om.address set. Falling back to the default OM address /127.0.0.1:0
2019-09-24 21:55:36,300 [main] INFO  ha.OMHANodeDetails (OMHANodeDetails.java:getOMNodeDetails(211)) - OM Service ID is not set. Setting it to the default ID: omServiceIdDefault
2019-09-24 21:55:36,302 [main] WARN  server.ServerUtils (ServerUtils.java:getDBPath(222)) - ozone.om.db.dirs is not configured. We recommend adding this setting. Falling back to ozone.metadata.dirs instead.
2019-09-24 21:55:36,302 [main] WARN  server.ServerUtils (ServerUtils.java:getDBPath(222)) - ozone.om.db.dirs is not configured. We recommend adding this setting. Falling back to ozone.metadata.dirs instead.
2019-09-24 21:55:36,992 [main] WARN  server.ServerUtils (ServerUtils.java:getDBPath(222)) - ozone.om.db.dirs is not configured. We recommend adding this setting. Falling back to ozone.metadata.dirs instead.
2019-09-24 21:55:36,999 [main] INFO  db.DBStoreBuilder (DBStoreBuilder.java:addTable(110)) - using custom profile for table: userTable
2019-09-24 21:55:37,000 [main] INFO  db.DBStoreBuilder (DBStoreBuilder.java:processTables(161)) - Using default column profile:DBProfile.DISK for Table:userTable
2019-09-24 21:55:37,000 [main] INFO  db.DBStoreBuilder (DBStoreBuilder.java:addTable(110)) - using custom profile for table: volumeTable
2019-09-24 21:55:37,000 [main] INFO  db.DBStoreBuilder (DBStoreBuilder.java:processTables(161)) - Using default column profile:DBProfile.DISK for Table:volumeTable
2019-09-24 21:55:37,000 [main] INFO  db.DBStoreBuilder (DBStoreBuilder.java:addTable(110)) - using custom profile for table: bucketTable
2019-09-24 21:55:37,001 [main] INFO  db.DBStoreBuilder (DBStoreBuilder.java:processTables(161)) - Using default column profile:DBProfile.DISK for Table:bucketTable
2019-09-24 21:55:37,001 [main] INFO  db.DBStoreBuilder (DBStoreBuilder.java:addTable(110)) - using custom profile for table: keyTable
2019-09-24 21:55:37,001 [main] INFO  db.DBStoreBuilder (DBStoreBuilder.java:processTables(161)) - Using default column profile:DBProfile.DISK for Table:keyTable
2019-09-24 21:55:37,001 [main] INFO  db.DBStoreBuilder (DBStoreBuilder.java:addTable(110)) - using custom profile for table: deletedTable
2019-09-24 21:55:37,002 [main] INFO  db.DBStoreBuilder (DBStoreBuilder.java:processTables(161)) - Using default column profile:DBProfile.DISK for Table:deletedTable
2019-09-24 21:55:37,002 [main] INFO  db.DBStoreBuilder (DBStoreBuilder.java:addTable(110)) - using custom profile for table: openKeyTable
2019-09-24 21:55:37,002 [main] INFO  db.DBStoreBuilder (DBStoreBuilder.java:processTables(161)) - Using default column profile:DBProfile.DISK for Table:openKeyTable
2019-09-24 21:55:37,002 [main] INFO  db.DBStoreBuilder (DBStoreBuilder.java:addTable(110)) - using custom profile for table: s3Table
2019-09-24 21:55:37,003 [main] INFO  db.DBStoreBuilder (DBStoreBuilder.java:processTables(161)) - Using default column profile:DBProfile.DISK for Table:s3Table
2019-09-24 21:55:37,003 [main] INFO  db.DBStoreBuilder (DBStoreBuilder.java:addTable(110)) - using custom profile for table: multipartInfoTable
2019-09-24 21:55:37,003 [main] INFO  db.DBStoreBuilder (DBStoreBuilder.java:processTables(161)) - Using default column profile:DBProfile.DISK for Table:multipartInfoTable
2019-09-24 21:55:37,003 [main] INFO  db.DBStoreBuilder (DBStoreBuilder.java:addTable(110)) - using custom profile for table: dTokenTable
2019-09-24 21:55:37,004 [main] INFO  db.DBStoreBuilder (DBStoreBuilder.java:processTables(161)) - Using default column profile:DBProfile.DISK for Table:dTokenTable
2019-09-24 21:55:37,004 [main] INFO  db.DBStoreBuilder (DBStoreBuilder.java:addTable(110)) - using custom profile for table: s3SecretTable
2019-09-24 21:55:37,004 [main] INFO  db.DBStoreBuilder (DBStoreBuilder.java:processTables(161)) - Using default column profile:DBProfile.DISK for Table:s3SecretTable
2019-09-24 21:55:37,004 [main] INFO  db.DBStoreBuilder (DBStoreBuilder.java:addTable(110)) - using custom profile for table: prefixTable
2019-09-24 21:55:37,005 [main] INFO  db.DBStoreBuilder (DBStoreBuilder.java:processTables(161)) - Using default column profile:DBProfile.DISK for Table:prefixTable
2019-09-24 21:55:37,005 [main] INFO  db.DBStoreBuilder (DBStoreBuilder.java:addTable(110)) - using custom profile for table: default
2019-09-24 21:55:37,005 [main] INFO  db.DBStoreBuilder (DBStoreBuilder.java:processTables(167)) - Using default column profile:DBProfile.DISK for Table:default
2019-09-24 21:55:37,005 [main] INFO  db.DBStoreBuilder (DBStoreBuilder.java:getDbProfile(198)) - Using default options. DBProfile.DISK
2019-09-24 21:55:37,456 [main] INFO  ipc.CallQueueManager (CallQueueManager.java:<init>(84)) - Using callQueue: class java.util.concurrent.LinkedBlockingQueue, queueCapacity: 2000, scheduler: class org.apache.hadoop.ipc.DefaultRpcScheduler, ipcBackoff: false.
2019-09-24 21:55:37,458 [Socket Reader #1 for port 36271] INFO  ipc.Server (Server.java:run(1074)) - Starting Socket Reader #1 for port 36271
2019-09-24 21:55:37,477 [main] INFO  om.OzoneManager (OzoneManager.java:start(1069)) - OzoneManager RPC server is listening at localhost/127.0.0.1:36271
2019-09-24 21:55:37,478 [main] INFO  impl.MetricsSystemImpl (MetricsSystemImpl.java:init(158)) - OzoneManager metrics system started (again)
2019-09-24 21:55:37,479 [IPC Server Responder] INFO  ipc.Server (Server.java:run(1314)) - IPC Server Responder: starting
2019-09-24 21:55:37,480 [IPC Server listener on 36271] INFO  ipc.Server (Server.java:run(1153)) - IPC Server listener on 36271: starting
2019-09-24 21:55:37,491 [main] INFO  hdfs.DFSUtil (DFSUtil.java:httpServerTemplateForNNAndJN(1641)) - Starting Web-server for ozoneManager at: http://0.0.0.0:0
2019-09-24 21:55:37,492 [main] INFO  server.AuthenticationFilter (AuthenticationFilter.java:constructSecretProvider(240)) - Unable to initialize FileSignerSecretProvider, falling back to use random secrets.
2019-09-24 21:55:37,493 [main] WARN  http.HttpRequestLog (HttpRequestLog.java:getRequestLog(97)) - Jetty request log can only be enabled using Log4j
2019-09-24 21:55:37,495 [main] INFO  http.HttpServer2 (HttpServer2.java:addGlobalFilter(975)) - Added global filter 'safety' (class=org.apache.hadoop.http.HttpServer2$QuotingInputFilter)
2019-09-24 21:55:37,496 [main] INFO  http.HttpServer2 (HttpServer2.java:addFilter(948)) - Added filter static_user_filter (class=org.apache.hadoop.http.lib.StaticUserWebFilter$StaticUserFilter) to context ozoneManager
2019-09-24 21:55:37,496 [main] INFO  http.HttpServer2 (HttpServer2.java:addFilter(958)) - Added filter static_user_filter (class=org.apache.hadoop.http.lib.StaticUserWebFilter$StaticUserFilter) to context static
2019-09-24 21:55:37,496 [main] INFO  http.HttpServer2 (HttpServer2.java:addFilter(958)) - Added filter static_user_filter (class=org.apache.hadoop.http.lib.StaticUserWebFilter$StaticUserFilter) to context logs
2019-09-24 21:55:37,498 [main] INFO  http.HttpServer2 (HttpServer2.java:bindListener(1191)) - Jetty bound to port 43712
2019-09-24 21:55:37,498 [main] INFO  server.Server (Server.java:doStart(351)) - jetty-9.3.25.v20180904, build timestamp: 2018-09-04T21:11:46Z, git hash: 3ce520221d0240229c862b122d2b06c12a625732
2019-09-24 21:55:37,500 [main] INFO  handler.ContextHandler (ContextHandler.java:doStart(781)) - Started o.e.j.s.ServletContextHandler@26dcd8c0{/logs,file:///workdir/hadoop-ozone/integration-test/target/log,AVAILABLE}
2019-09-24 21:55:37,500 [main] INFO  handler.ContextHandler (ContextHandler.java:doStart(781)) - Started o.e.j.s.ServletContextHandler@444548a0{/static,file:///workdir/hadoop-ozone/integration-test/target/test-classes/webapps/static,AVAILABLE}
2019-09-24 21:55:37,504 [main] INFO  handler.ContextHandler (ContextHandler.java:doStart(781)) - Started o.e.j.w.WebAppContext@5eb97ced{/,file:///workdir/hadoop-ozone/integration-test/target/test-classes/webapps/ozoneManager/,AVAILABLE}{/ozoneManager}
2019-09-24 21:55:37,505 [main] INFO  server.AbstractConnector (AbstractConnector.java:doStart(278)) - Started ServerConnector@68ba310d{HTTP/1.1,[http/1.1]}{0.0.0.0:43712}
2019-09-24 21:55:37,505 [main] INFO  server.Server (Server.java:doStart(419)) - Started @3764ms
2019-09-24 21:55:37,505 [main] WARN  impl.MetricsSystemImpl (MetricsSystemImpl.java:register(276)) - Sink prometheus already exists!
2019-09-24 21:55:37,506 [main] INFO  server.BaseHttpServer (BaseHttpServer.java:updateConnectorAddress(215)) - HTTP server of OZONEMANAGER is listening at http://0.0.0.0:43712
2019-09-24 21:55:37,811 [main] INFO  impl.MetricsSystemImpl (MetricsSystemImpl.java:init(158)) - HddsDatanode metrics system started (again)
2019-09-24 21:55:37,855 [main] INFO  ozone.HddsDatanodeService (HddsDatanodeService.java:start(184)) - HddsDatanodeService host:pr-hdds-2162-v2v4x-1150571016 ip:192.168.151.66
2019-09-24 21:55:37,885 [main] INFO  volume.HddsVolume (HddsVolume.java:<init>(176)) - Creating Volume: /workdir/hadoop-ozone/integration-test/target/test-dir/MiniOzoneClusterImpl-23172438-10ff-4859-aa33-e6eea658d734/datanode-0/data/containers/hdds of  storage type : DISK and capacity : 1482555576320
2019-09-24 21:55:37,886 [main] INFO  volume.VolumeSet (VolumeSet.java:initializeVolumeSet(170)) - Added Volume : /workdir/hadoop-ozone/integration-test/target/test-dir/MiniOzoneClusterImpl-23172438-10ff-4859-aa33-e6eea658d734/datanode-0/data/containers/hdds to VolumeSet
2019-09-24 21:55:37,889 [main] INFO  volume.ThrottledAsyncChecker (ThrottledAsyncChecker.java:schedule(139)) - Scheduling a check for org.apache.hadoop.ozone.container.common.volume.HddsVolume@3b05a99b
2019-09-24 21:55:37,905 [main] INFO  volume.HddsVolumeChecker (HddsVolumeChecker.java:checkAllVolumes(202)) - Scheduled health check for volume org.apache.hadoop.ozone.container.common.volume.HddsVolume@3b05a99b
2019-09-24 21:55:38,009 [main] INFO  impl.RaftServerProxy (ConfUtils.java:logGet(43)) - raft.rpc.type = GRPC (default)
2019-09-24 21:55:38,073 [main] INFO  grpc.GrpcFactory (GrpcFactory.java:checkPooledByteBufAllocatorUseCacheForAllThreads(45)) - PERFORMANCE WARNING: useCacheForAllThreads is true that may cause Netty to create a lot garbage objects and, as a result, trigger GC.
	It is recommended to disable useCacheForAllThreads by setting -Dorg.apache.ratis.thirdparty.io.netty.allocator.useCacheForAllThreads=false in command line.
2019-09-24 21:55:38,077 [main] INFO  grpc.GrpcConfigKeys$Server (ConfUtils.java:logGet(43)) - raft.grpc.server.port = 0 (default)
2019-09-24 21:55:38,078 [main] INFO  server.GrpcService (ConfUtils.java:logGet(43)) - raft.grpc.message.size.max = 33570816 (custom)
2019-09-24 21:55:38,080 [main] INFO  server.RaftServerConfigKeys (ConfUtils.java:logGet(43)) - raft.server.log.appender.buffer.byte-limit = 33554432 (custom)
2019-09-24 21:55:38,080 [main] INFO  server.GrpcService (ConfUtils.java:logGet(43)) - raft.grpc.flow.control.window = 1MB (=1048576) (default)
2019-09-24 21:55:38,081 [main] INFO  server.RaftServerConfigKeys (ConfUtils.java:logGet(43)) - raft.server.rpc.request.timeout = 3000ms (default)
2019-09-24 21:55:38,236 [main] INFO  server.RaftServerConfigKeys (ConfUtils.java:logGet(43)) - raft.server.storage.dir = [/workdir/hadoop-ozone/integration-test/target/test-dir/MiniOzoneClusterImpl-23172438-10ff-4859-aa33-e6eea658d734/datanode-0/data/ratis] (custom)
2019-09-24 21:55:38,281 [main] INFO  hdfs.DFSUtil (DFSUtil.java:httpServerTemplateForNNAndJN(1641)) - Starting Web-server for hddsDatanode at: http://0.0.0.0:0
2019-09-24 21:55:38,283 [main] INFO  server.AuthenticationFilter (AuthenticationFilter.java:constructSecretProvider(240)) - Unable to initialize FileSignerSecretProvider, falling back to use random secrets.
2019-09-24 21:55:38,283 [main] WARN  http.HttpRequestLog (HttpRequestLog.java:getRequestLog(97)) - Jetty request log can only be enabled using Log4j
2019-09-24 21:55:38,285 [main] INFO  http.HttpServer2 (HttpServer2.java:addGlobalFilter(975)) - Added global filter 'safety' (class=org.apache.hadoop.http.HttpServer2$QuotingInputFilter)
2019-09-24 21:55:38,286 [main] INFO  http.HttpServer2 (HttpServer2.java:addFilter(948)) - Added filter static_user_filter (class=org.apache.hadoop.http.lib.StaticUserWebFilter$StaticUserFilter) to context hddsDatanode
2019-09-24 21:55:38,286 [main] INFO  http.HttpServer2 (HttpServer2.java:addFilter(958)) - Added filter static_user_filter (class=org.apache.hadoop.http.lib.StaticUserWebFilter$StaticUserFilter) to context logs
2019-09-24 21:55:38,286 [main] INFO  http.HttpServer2 (HttpServer2.java:addFilter(958)) - Added filter static_user_filter (class=org.apache.hadoop.http.lib.StaticUserWebFilter$StaticUserFilter) to context static
2019-09-24 21:55:38,287 [main] INFO  http.HttpServer2 (HttpServer2.java:bindListener(1191)) - Jetty bound to port 43056
2019-09-24 21:55:38,287 [main] INFO  server.Server (Server.java:doStart(351)) - jetty-9.3.25.v20180904, build timestamp: 2018-09-04T21:11:46Z, git hash: 3ce520221d0240229c862b122d2b06c12a625732
2019-09-24 21:55:38,289 [main] INFO  handler.ContextHandler (ContextHandler.java:doStart(781)) - Started o.e.j.s.ServletContextHandler@4eba373c{/logs,file:///workdir/hadoop-ozone/integration-test/target/log,AVAILABLE}
2019-09-24 21:55:38,289 [main] INFO  handler.ContextHandler (ContextHandler.java:doStart(781)) - Started o.e.j.s.ServletContextHandler@d109c4f{/static,jar:file:/home/user/.m2/repository/org/apache/hadoop/hadoop-hdds-container-service/0.5.0-SNAPSHOT/hadoop-hdds-container-service-0.5.0-SNAPSHOT.jar!/webapps/static,AVAILABLE}
2019-09-24 21:55:38,319 [main] INFO  handler.ContextHandler (ContextHandler.java:doStart(781)) - Started o.e.j.w.WebAppContext@6edcad64{/,file:///tmp/jetty-0.0.0.0-43056-hddsDatanode-_-any-6476069989126840099.dir/webapp/,AVAILABLE}{/hddsDatanode}
2019-09-24 21:55:38,320 [main] INFO  server.AbstractConnector (AbstractConnector.java:doStart(278)) - Started ServerConnector@4c6007fb{HTTP/1.1,[http/1.1]}{0.0.0.0:43056}
2019-09-24 21:55:38,321 [main] INFO  server.Server (Server.java:doStart(419)) - Started @4579ms
2019-09-24 21:55:38,321 [main] WARN  impl.MetricsSystemImpl (MetricsSystemImpl.java:register(276)) - Sink prometheus already exists!
2019-09-24 21:55:38,322 [main] INFO  server.BaseHttpServer (BaseHttpServer.java:updateConnectorAddress(215)) - HTTP server of HDDSDATANODE is listening at http://0.0.0.0:43056
2019-09-24 21:55:38,323 [main] INFO  impl.MetricsSystemImpl (MetricsSystemImpl.java:init(158)) - HddsDatanode metrics system started (again)
2019-09-24 21:55:38,325 [main] INFO  ozone.HddsDatanodeService (HddsDatanodeService.java:start(184)) - HddsDatanodeService host:pr-hdds-2162-v2v4x-1150571016 ip:192.168.151.66
2019-09-24 21:55:38,328 [org.apache.hadoop.util.JvmPauseMonitor$Monitor@186e8692] INFO  util.JvmPauseMonitor (JvmPauseMonitor.java:run(188)) - Starting JVM pause monitor
2019-09-24 21:55:38,331 [main] INFO  volume.HddsVolume (HddsVolume.java:<init>(176)) - Creating Volume: /workdir/hadoop-ozone/integration-test/target/test-dir/MiniOzoneClusterImpl-23172438-10ff-4859-aa33-e6eea658d734/datanode-1/data/containers/hdds of  storage type : DISK and capacity : 1482555576320
2019-09-24 21:55:38,331 [main] INFO  volume.VolumeSet (VolumeSet.java:initializeVolumeSet(170)) - Added Volume : /workdir/hadoop-ozone/integration-test/target/test-dir/MiniOzoneClusterImpl-23172438-10ff-4859-aa33-e6eea658d734/datanode-1/data/containers/hdds to VolumeSet
2019-09-24 21:55:38,331 [main] INFO  volume.ThrottledAsyncChecker (ThrottledAsyncChecker.java:schedule(139)) - Scheduling a check for org.apache.hadoop.ozone.container.common.volume.HddsVolume@78054f54
2019-09-24 21:55:38,332 [main] INFO  volume.HddsVolumeChecker (HddsVolumeChecker.java:checkAllVolumes(202)) - Scheduled health check for volume org.apache.hadoop.ozone.container.common.volume.HddsVolume@78054f54
2019-09-24 21:55:38,344 [main] INFO  impl.RaftServerProxy (ConfUtils.java:logGet(43)) - raft.rpc.type = GRPC (default)
2019-09-24 21:55:38,345 [main] INFO  grpc.GrpcFactory (GrpcFactory.java:checkPooledByteBufAllocatorUseCacheForAllThreads(45)) - PERFORMANCE WARNING: useCacheForAllThreads is true that may cause Netty to create a lot garbage objects and, as a result, trigger GC.
	It is recommended to disable useCacheForAllThreads by setting -Dorg.apache.ratis.thirdparty.io.netty.allocator.useCacheForAllThreads=false in command line.
2019-09-24 21:55:38,345 [main] INFO  grpc.GrpcConfigKeys$Server (ConfUtils.java:logGet(43)) - raft.grpc.server.port = 0 (default)
2019-09-24 21:55:38,345 [main] INFO  server.GrpcService (ConfUtils.java:logGet(43)) - raft.grpc.message.size.max = 33570816 (custom)
2019-09-24 21:55:38,345 [main] INFO  server.RaftServerConfigKeys (ConfUtils.java:logGet(43)) - raft.server.log.appender.buffer.byte-limit = 33554432 (custom)
2019-09-24 21:55:38,346 [main] INFO  server.GrpcService (ConfUtils.java:logGet(43)) - raft.grpc.flow.control.window = 1MB (=1048576) (default)
2019-09-24 21:55:38,346 [main] INFO  server.RaftServerConfigKeys (ConfUtils.java:logGet(43)) - raft.server.rpc.request.timeout = 3000ms (default)
2019-09-24 21:55:38,346 [main] INFO  server.RaftServerConfigKeys (ConfUtils.java:logGet(43)) - raft.server.storage.dir = [/workdir/hadoop-ozone/integration-test/target/test-dir/MiniOzoneClusterImpl-23172438-10ff-4859-aa33-e6eea658d734/datanode-1/data/ratis] (custom)
2019-09-24 21:55:38,348 [main] INFO  hdfs.DFSUtil (DFSUtil.java:httpServerTemplateForNNAndJN(1641)) - Starting Web-server for hddsDatanode at: http://0.0.0.0:0
2019-09-24 21:55:38,349 [main] INFO  server.AuthenticationFilter (AuthenticationFilter.java:constructSecretProvider(240)) - Unable to initialize FileSignerSecretProvider, falling back to use random secrets.
2019-09-24 21:55:38,350 [main] WARN  http.HttpRequestLog (HttpRequestLog.java:getRequestLog(97)) - Jetty request log can only be enabled using Log4j
2019-09-24 21:55:38,351 [main] INFO  http.HttpServer2 (HttpServer2.java:addGlobalFilter(975)) - Added global filter 'safety' (class=org.apache.hadoop.http.HttpServer2$QuotingInputFilter)
2019-09-24 21:55:38,351 [main] INFO  http.HttpServer2 (HttpServer2.java:addFilter(948)) - Added filter static_user_filter (class=org.apache.hadoop.http.lib.StaticUserWebFilter$StaticUserFilter) to context hddsDatanode
2019-09-24 21:55:38,352 [main] INFO  http.HttpServer2 (HttpServer2.java:addFilter(958)) - Added filter static_user_filter (class=org.apache.hadoop.http.lib.StaticUserWebFilter$StaticUserFilter) to context static
2019-09-24 21:55:38,352 [main] INFO  http.HttpServer2 (HttpServer2.java:addFilter(958)) - Added filter static_user_filter (class=org.apache.hadoop.http.lib.StaticUserWebFilter$StaticUserFilter) to context logs
2019-09-24 21:55:38,352 [main] INFO  http.HttpServer2 (HttpServer2.java:bindListener(1191)) - Jetty bound to port 34440
2019-09-24 21:55:38,353 [main] INFO  server.Server (Server.java:doStart(351)) - jetty-9.3.25.v20180904, build timestamp: 2018-09-04T21:11:46Z, git hash: 3ce520221d0240229c862b122d2b06c12a625732
2019-09-24 21:55:38,354 [main] INFO  handler.ContextHandler (ContextHandler.java:doStart(781)) - Started o.e.j.s.ServletContextHandler@68d7a2df{/logs,file:///workdir/hadoop-ozone/integration-test/target/log,AVAILABLE}
2019-09-24 21:55:38,355 [main] INFO  handler.ContextHandler (ContextHandler.java:doStart(781)) - Started o.e.j.s.ServletContextHandler@12fcc71f{/static,jar:file:/home/user/.m2/repository/org/apache/hadoop/hadoop-hdds-container-service/0.5.0-SNAPSHOT/hadoop-hdds-container-service-0.5.0-SNAPSHOT.jar!/webapps/static,AVAILABLE}
2019-09-24 21:55:38,383 [main] INFO  handler.ContextHandler (ContextHandler.java:doStart(781)) - Started o.e.j.w.WebAppContext@30b131b2{/,file:///tmp/jetty-0.0.0.0-34440-hddsDatanode-_-any-5661438696203539217.dir/webapp/,AVAILABLE}{/hddsDatanode}
2019-09-24 21:55:38,384 [main] INFO  server.AbstractConnector (AbstractConnector.java:doStart(278)) - Started ServerConnector@2924f1d8{HTTP/1.1,[http/1.1]}{0.0.0.0:34440}
2019-09-24 21:55:38,385 [main] INFO  server.Server (Server.java:doStart(419)) - Started @4643ms
2019-09-24 21:55:38,386 [main] WARN  impl.MetricsSystemImpl (MetricsSystemImpl.java:register(276)) - Sink prometheus already exists!
2019-09-24 21:55:38,387 [main] INFO  server.BaseHttpServer (BaseHttpServer.java:updateConnectorAddress(215)) - HTTP server of HDDSDATANODE is listening at http://0.0.0.0:34440
2019-09-24 21:55:38,387 [main] INFO  impl.MetricsSystemImpl (MetricsSystemImpl.java:init(158)) - HddsDatanode metrics system started (again)
2019-09-24 21:55:38,389 [org.apache.hadoop.util.JvmPauseMonitor$Monitor@666bb07f] INFO  util.JvmPauseMonitor (JvmPauseMonitor.java:run(188)) - Starting JVM pause monitor
2019-09-24 21:55:38,390 [main] INFO  ozone.HddsDatanodeService (HddsDatanodeService.java:start(184)) - HddsDatanodeService host:pr-hdds-2162-v2v4x-1150571016 ip:192.168.151.66
2019-09-24 21:55:38,396 [main] INFO  volume.HddsVolume (HddsVolume.java:<init>(176)) - Creating Volume: /workdir/hadoop-ozone/integration-test/target/test-dir/MiniOzoneClusterImpl-23172438-10ff-4859-aa33-e6eea658d734/datanode-2/data/containers/hdds of  storage type : DISK and capacity : 1482555576320
2019-09-24 21:55:38,397 [main] INFO  volume.VolumeSet (VolumeSet.java:initializeVolumeSet(170)) - Added Volume : /workdir/hadoop-ozone/integration-test/target/test-dir/MiniOzoneClusterImpl-23172438-10ff-4859-aa33-e6eea658d734/datanode-2/data/containers/hdds to VolumeSet
2019-09-24 21:55:38,397 [main] INFO  volume.ThrottledAsyncChecker (ThrottledAsyncChecker.java:schedule(139)) - Scheduling a check for org.apache.hadoop.ozone.container.common.volume.HddsVolume@5f0f9947
2019-09-24 21:55:38,398 [main] INFO  volume.HddsVolumeChecker (HddsVolumeChecker.java:checkAllVolumes(202)) - Scheduled health check for volume org.apache.hadoop.ozone.container.common.volume.HddsVolume@5f0f9947
2019-09-24 21:55:38,416 [main] INFO  impl.RaftServerProxy (ConfUtils.java:logGet(43)) - raft.rpc.type = GRPC (default)
2019-09-24 21:55:38,416 [main] INFO  grpc.GrpcFactory (GrpcFactory.java:checkPooledByteBufAllocatorUseCacheForAllThreads(45)) - PERFORMANCE WARNING: useCacheForAllThreads is true that may cause Netty to create a lot garbage objects and, as a result, trigger GC.
	It is recommended to disable useCacheForAllThreads by setting -Dorg.apache.ratis.thirdparty.io.netty.allocator.useCacheForAllThreads=false in command line.
2019-09-24 21:55:38,416 [main] INFO  grpc.GrpcConfigKeys$Server (ConfUtils.java:logGet(43)) - raft.grpc.server.port = 0 (default)
2019-09-24 21:55:38,417 [main] INFO  server.GrpcService (ConfUtils.java:logGet(43)) - raft.grpc.message.size.max = 33570816 (custom)
2019-09-24 21:55:38,417 [main] INFO  server.RaftServerConfigKeys (ConfUtils.java:logGet(43)) - raft.server.log.appender.buffer.byte-limit = 33554432 (custom)
2019-09-24 21:55:38,417 [main] INFO  server.GrpcService (ConfUtils.java:logGet(43)) - raft.grpc.flow.control.window = 1MB (=1048576) (default)
2019-09-24 21:55:38,418 [main] INFO  server.RaftServerConfigKeys (ConfUtils.java:logGet(43)) - raft.server.rpc.request.timeout = 3000ms (default)
2019-09-24 21:55:38,418 [main] INFO  server.RaftServerConfigKeys (ConfUtils.java:logGet(43)) - raft.server.storage.dir = [/workdir/hadoop-ozone/integration-test/target/test-dir/MiniOzoneClusterImpl-23172438-10ff-4859-aa33-e6eea658d734/datanode-2/data/ratis] (custom)
2019-09-24 21:55:38,421 [main] INFO  hdfs.DFSUtil (DFSUtil.java:httpServerTemplateForNNAndJN(1641)) - Starting Web-server for hddsDatanode at: http://0.0.0.0:0
2019-09-24 21:55:38,422 [main] INFO  server.AuthenticationFilter (AuthenticationFilter.java:constructSecretProvider(240)) - Unable to initialize FileSignerSecretProvider, falling back to use random secrets.
2019-09-24 21:55:38,423 [main] WARN  http.HttpRequestLog (HttpRequestLog.java:getRequestLog(97)) - Jetty request log can only be enabled using Log4j
2019-09-24 21:55:38,425 [main] INFO  http.HttpServer2 (HttpServer2.java:addGlobalFilter(975)) - Added global filter 'safety' (class=org.apache.hadoop.http.HttpServer2$QuotingInputFilter)
2019-09-24 21:55:38,425 [main] INFO  http.HttpServer2 (HttpServer2.java:addFilter(948)) - Added filter static_user_filter (class=org.apache.hadoop.http.lib.StaticUserWebFilter$StaticUserFilter) to context hddsDatanode
2019-09-24 21:55:38,426 [main] INFO  http.HttpServer2 (HttpServer2.java:addFilter(958)) - Added filter static_user_filter (class=org.apache.hadoop.http.lib.StaticUserWebFilter$StaticUserFilter) to context logs
2019-09-24 21:55:38,426 [main] INFO  http.HttpServer2 (HttpServer2.java:addFilter(958)) - Added filter static_user_filter (class=org.apache.hadoop.http.lib.StaticUserWebFilter$StaticUserFilter) to context static
2019-09-24 21:55:38,427 [main] INFO  http.HttpServer2 (HttpServer2.java:bindListener(1191)) - Jetty bound to port 41586
2019-09-24 21:55:38,427 [main] INFO  server.Server (Server.java:doStart(351)) - jetty-9.3.25.v20180904, build timestamp: 2018-09-04T21:11:46Z, git hash: 3ce520221d0240229c862b122d2b06c12a625732
2019-09-24 21:55:38,430 [main] INFO  handler.ContextHandler (ContextHandler.java:doStart(781)) - Started o.e.j.s.ServletContextHandler@121bb45b{/logs,file:///workdir/hadoop-ozone/integration-test/target/log,AVAILABLE}
2019-09-24 21:55:38,431 [main] INFO  handler.ContextHandler (ContextHandler.java:doStart(781)) - Started o.e.j.s.ServletContextHandler@1cd3b138{/static,jar:file:/home/user/.m2/repository/org/apache/hadoop/hadoop-hdds-container-service/0.5.0-SNAPSHOT/hadoop-hdds-container-service-0.5.0-SNAPSHOT.jar!/webapps/static,AVAILABLE}
2019-09-24 21:55:38,435 [Datanode State Machine Thread - 0] INFO  datanode.InitDatanodeState (InitDatanodeState.java:persistContainerDatanodeDetails(140)) - DatanodeDetails is persisted to /workdir/hadoop-ozone/integration-test/target/test-dir/MiniOzoneClusterImpl-23172438-10ff-4859-aa33-e6eea658d734/datanode-0/meta/datanode.id
2019-09-24 21:55:38,439 [Datanode State Machine Thread - 0] INFO  datanode.InitDatanodeState (InitDatanodeState.java:persistContainerDatanodeDetails(140)) - DatanodeDetails is persisted to /workdir/hadoop-ozone/integration-test/target/test-dir/MiniOzoneClusterImpl-23172438-10ff-4859-aa33-e6eea658d734/datanode-1/meta/datanode.id
2019-09-24 21:55:38,472 [main] INFO  handler.ContextHandler (ContextHandler.java:doStart(781)) - Started o.e.j.w.WebAppContext@53f4c1e6{/,file:///tmp/jetty-0.0.0.0-41586-hddsDatanode-_-any-5093441379157025932.dir/webapp/,AVAILABLE}{/hddsDatanode}
2019-09-24 21:55:38,473 [main] INFO  server.AbstractConnector (AbstractConnector.java:doStart(278)) - Started ServerConnector@74174a23{HTTP/1.1,[http/1.1]}{0.0.0.0:41586}
2019-09-24 21:55:38,474 [main] INFO  server.Server (Server.java:doStart(419)) - Started @4733ms
2019-09-24 21:55:38,475 [main] WARN  impl.MetricsSystemImpl (MetricsSystemImpl.java:register(276)) - Sink prometheus already exists!
2019-09-24 21:55:38,475 [main] INFO  server.BaseHttpServer (BaseHttpServer.java:updateConnectorAddress(215)) - HTTP server of HDDSDATANODE is listening at http://0.0.0.0:41586
2019-09-24 21:55:38,476 [main] INFO  impl.MetricsSystemImpl (MetricsSystemImpl.java:init(158)) - HddsDatanode metrics system started (again)
2019-09-24 21:55:38,478 [org.apache.hadoop.util.JvmPauseMonitor$Monitor@382d44f0] INFO  util.JvmPauseMonitor (JvmPauseMonitor.java:run(188)) - Starting JVM pause monitor
2019-09-24 21:55:38,478 [main] INFO  ozone.HddsDatanodeService (HddsDatanodeService.java:start(184)) - HddsDatanodeService host:pr-hdds-2162-v2v4x-1150571016 ip:192.168.151.66
2019-09-24 21:55:38,481 [Datanode State Machine Thread - 0] INFO  datanode.InitDatanodeState (InitDatanodeState.java:persistContainerDatanodeDetails(140)) - DatanodeDetails is persisted to /workdir/hadoop-ozone/integration-test/target/test-dir/MiniOzoneClusterImpl-23172438-10ff-4859-aa33-e6eea658d734/datanode-2/meta/datanode.id
2019-09-24 21:55:38,485 [main] INFO  volume.HddsVolume (HddsVolume.java:<init>(176)) - Creating Volume: /workdir/hadoop-ozone/integration-test/target/test-dir/MiniOzoneClusterImpl-23172438-10ff-4859-aa33-e6eea658d734/datanode-3/data/containers/hdds of  storage type : DISK and capacity : 1482555576320
2019-09-24 21:55:38,486 [main] INFO  volume.VolumeSet (VolumeSet.java:initializeVolumeSet(170)) - Added Volume : /workdir/hadoop-ozone/integration-test/target/test-dir/MiniOzoneClusterImpl-23172438-10ff-4859-aa33-e6eea658d734/datanode-3/data/containers/hdds to VolumeSet
2019-09-24 21:55:38,486 [main] INFO  volume.ThrottledAsyncChecker (ThrottledAsyncChecker.java:schedule(139)) - Scheduling a check for org.apache.hadoop.ozone.container.common.volume.HddsVolume@68ab0936
2019-09-24 21:55:38,487 [main] INFO  volume.HddsVolumeChecker (HddsVolumeChecker.java:checkAllVolumes(202)) - Scheduled health check for volume org.apache.hadoop.ozone.container.common.volume.HddsVolume@68ab0936
2019-09-24 21:55:38,504 [main] INFO  impl.RaftServerProxy (ConfUtils.java:logGet(43)) - raft.rpc.type = GRPC (default)
2019-09-24 21:55:38,504 [main] INFO  grpc.GrpcFactory (GrpcFactory.java:checkPooledByteBufAllocatorUseCacheForAllThreads(45)) - PERFORMANCE WARNING: useCacheForAllThreads is true that may cause Netty to create a lot garbage objects and, as a result, trigger GC.
	It is recommended to disable useCacheForAllThreads by setting -Dorg.apache.ratis.thirdparty.io.netty.allocator.useCacheForAllThreads=false in command line.
2019-09-24 21:55:38,505 [main] INFO  grpc.GrpcConfigKeys$Server (ConfUtils.java:logGet(43)) - raft.grpc.server.port = 0 (default)
2019-09-24 21:55:38,505 [main] INFO  server.GrpcService (ConfUtils.java:logGet(43)) - raft.grpc.message.size.max = 33570816 (custom)
2019-09-24 21:55:38,505 [main] INFO  server.RaftServerConfigKeys (ConfUtils.java:logGet(43)) - raft.server.log.appender.buffer.byte-limit = 33554432 (custom)
2019-09-24 21:55:38,506 [main] INFO  server.GrpcService (ConfUtils.java:logGet(43)) - raft.grpc.flow.control.window = 1MB (=1048576) (default)
2019-09-24 21:55:38,506 [main] INFO  server.RaftServerConfigKeys (ConfUtils.java:logGet(43)) - raft.server.rpc.request.timeout = 3000ms (default)
2019-09-24 21:55:38,507 [main] INFO  server.RaftServerConfigKeys (ConfUtils.java:logGet(43)) - raft.server.storage.dir = [/workdir/hadoop-ozone/integration-test/target/test-dir/MiniOzoneClusterImpl-23172438-10ff-4859-aa33-e6eea658d734/datanode-3/data/ratis] (custom)
2019-09-24 21:55:38,508 [main] INFO  hdfs.DFSUtil (DFSUtil.java:httpServerTemplateForNNAndJN(1641)) - Starting Web-server for hddsDatanode at: http://0.0.0.0:0
2019-09-24 21:55:38,509 [main] INFO  server.AuthenticationFilter (AuthenticationFilter.java:constructSecretProvider(240)) - Unable to initialize FileSignerSecretProvider, falling back to use random secrets.
2019-09-24 21:55:38,509 [main] WARN  http.HttpRequestLog (HttpRequestLog.java:getRequestLog(97)) - Jetty request log can only be enabled using Log4j
2019-09-24 21:55:38,511 [main] INFO  http.HttpServer2 (HttpServer2.java:addGlobalFilter(975)) - Added global filter 'safety' (class=org.apache.hadoop.http.HttpServer2$QuotingInputFilter)
2019-09-24 21:55:38,511 [main] INFO  http.HttpServer2 (HttpServer2.java:addFilter(948)) - Added filter static_user_filter (class=org.apache.hadoop.http.lib.StaticUserWebFilter$StaticUserFilter) to context hddsDatanode
2019-09-24 21:55:38,511 [main] INFO  http.HttpServer2 (HttpServer2.java:addFilter(958)) - Added filter static_user_filter (class=org.apache.hadoop.http.lib.StaticUserWebFilter$StaticUserFilter) to context logs
2019-09-24 21:55:38,512 [main] INFO  http.HttpServer2 (HttpServer2.java:addFilter(958)) - Added filter static_user_filter (class=org.apache.hadoop.http.lib.StaticUserWebFilter$StaticUserFilter) to context static
2019-09-24 21:55:38,512 [main] INFO  http.HttpServer2 (HttpServer2.java:bindListener(1191)) - Jetty bound to port 44503
2019-09-24 21:55:38,513 [main] INFO  server.Server (Server.java:doStart(351)) - jetty-9.3.25.v20180904, build timestamp: 2018-09-04T21:11:46Z, git hash: 3ce520221d0240229c862b122d2b06c12a625732
2019-09-24 21:55:38,515 [main] INFO  handler.ContextHandler (ContextHandler.java:doStart(781)) - Started o.e.j.s.ServletContextHandler@7640a5b1{/logs,file:///workdir/hadoop-ozone/integration-test/target/log,AVAILABLE}
2019-09-24 21:55:38,515 [main] INFO  handler.ContextHandler (ContextHandler.java:doStart(781)) - Started o.e.j.s.ServletContextHandler@23f3da8b{/static,jar:file:/home/user/.m2/repository/org/apache/hadoop/hadoop-hdds-container-service/0.5.0-SNAPSHOT/hadoop-hdds-container-service-0.5.0-SNAPSHOT.jar!/webapps/static,AVAILABLE}
2019-09-24 21:55:38,547 [main] INFO  handler.ContextHandler (ContextHandler.java:doStart(781)) - Started o.e.j.w.WebAppContext@18b8d173{/,file:///tmp/jetty-0.0.0.0-44503-hddsDatanode-_-any-4647643788818585745.dir/webapp/,AVAILABLE}{/hddsDatanode}
2019-09-24 21:55:38,548 [main] INFO  server.AbstractConnector (AbstractConnector.java:doStart(278)) - Started ServerConnector@73844119{HTTP/1.1,[http/1.1]}{0.0.0.0:44503}
2019-09-24 21:55:38,549 [main] INFO  server.Server (Server.java:doStart(419)) - Started @4807ms
2019-09-24 21:55:38,549 [main] WARN  impl.MetricsSystemImpl (MetricsSystemImpl.java:register(276)) - Sink prometheus already exists!
2019-09-24 21:55:38,550 [main] INFO  server.BaseHttpServer (BaseHttpServer.java:updateConnectorAddress(215)) - HTTP server of HDDSDATANODE is listening at http://0.0.0.0:44503
2019-09-24 21:55:38,550 [main] INFO  impl.MetricsSystemImpl (MetricsSystemImpl.java:init(158)) - HddsDatanode metrics system started (again)
2019-09-24 21:55:38,552 [org.apache.hadoop.util.JvmPauseMonitor$Monitor@44b47225] INFO  util.JvmPauseMonitor (JvmPauseMonitor.java:run(188)) - Starting JVM pause monitor
2019-09-24 21:55:38,552 [main] INFO  ozone.HddsDatanodeService (HddsDatanodeService.java:start(184)) - HddsDatanodeService host:pr-hdds-2162-v2v4x-1150571016 ip:192.168.151.66
2019-09-24 21:55:38,554 [Datanode State Machine Thread - 0] INFO  datanode.InitDatanodeState (InitDatanodeState.java:persistContainerDatanodeDetails(140)) - DatanodeDetails is persisted to /workdir/hadoop-ozone/integration-test/target/test-dir/MiniOzoneClusterImpl-23172438-10ff-4859-aa33-e6eea658d734/datanode-3/meta/datanode.id
2019-09-24 21:55:38,558 [main] INFO  volume.HddsVolume (HddsVolume.java:<init>(176)) - Creating Volume: /workdir/hadoop-ozone/integration-test/target/test-dir/MiniOzoneClusterImpl-23172438-10ff-4859-aa33-e6eea658d734/datanode-4/data/containers/hdds of  storage type : DISK and capacity : 1482555576320
2019-09-24 21:55:38,559 [main] INFO  volume.VolumeSet (VolumeSet.java:initializeVolumeSet(170)) - Added Volume : /workdir/hadoop-ozone/integration-test/target/test-dir/MiniOzoneClusterImpl-23172438-10ff-4859-aa33-e6eea658d734/datanode-4/data/containers/hdds to VolumeSet
2019-09-24 21:55:38,559 [main] INFO  volume.ThrottledAsyncChecker (ThrottledAsyncChecker.java:schedule(139)) - Scheduling a check for org.apache.hadoop.ozone.container.common.volume.HddsVolume@237f7970
2019-09-24 21:55:38,559 [main] INFO  volume.HddsVolumeChecker (HddsVolumeChecker.java:checkAllVolumes(202)) - Scheduled health check for volume org.apache.hadoop.ozone.container.common.volume.HddsVolume@237f7970
2019-09-24 21:55:38,571 [main] INFO  impl.RaftServerProxy (ConfUtils.java:logGet(43)) - raft.rpc.type = GRPC (default)
2019-09-24 21:55:38,571 [main] INFO  grpc.GrpcFactory (GrpcFactory.java:checkPooledByteBufAllocatorUseCacheForAllThreads(45)) - PERFORMANCE WARNING: useCacheForAllThreads is true that may cause Netty to create a lot garbage objects and, as a result, trigger GC.
	It is recommended to disable useCacheForAllThreads by setting -Dorg.apache.ratis.thirdparty.io.netty.allocator.useCacheForAllThreads=false in command line.
2019-09-24 21:55:38,571 [main] INFO  grpc.GrpcConfigKeys$Server (ConfUtils.java:logGet(43)) - raft.grpc.server.port = 0 (default)
2019-09-24 21:55:38,571 [main] INFO  server.GrpcService (ConfUtils.java:logGet(43)) - raft.grpc.message.size.max = 33570816 (custom)
2019-09-24 21:55:38,572 [main] INFO  server.RaftServerConfigKeys (ConfUtils.java:logGet(43)) - raft.server.log.appender.buffer.byte-limit = 33554432 (custom)
2019-09-24 21:55:38,572 [main] INFO  server.GrpcService (ConfUtils.java:logGet(43)) - raft.grpc.flow.control.window = 1MB (=1048576) (default)
2019-09-24 21:55:38,572 [main] INFO  server.RaftServerConfigKeys (ConfUtils.java:logGet(43)) - raft.server.rpc.request.timeout = 3000ms (default)
2019-09-24 21:55:38,572 [main] INFO  server.RaftServerConfigKeys (ConfUtils.java:logGet(43)) - raft.server.storage.dir = [/workdir/hadoop-ozone/integration-test/target/test-dir/MiniOzoneClusterImpl-23172438-10ff-4859-aa33-e6eea658d734/datanode-4/data/ratis] (custom)
2019-09-24 21:55:38,574 [main] INFO  hdfs.DFSUtil (DFSUtil.java:httpServerTemplateForNNAndJN(1641)) - Starting Web-server for hddsDatanode at: http://0.0.0.0:0
2019-09-24 21:55:38,575 [main] INFO  server.AuthenticationFilter (AuthenticationFilter.java:constructSecretProvider(240)) - Unable to initialize FileSignerSecretProvider, falling back to use random secrets.
2019-09-24 21:55:38,575 [main] WARN  http.HttpRequestLog (HttpRequestLog.java:getRequestLog(97)) - Jetty request log can only be enabled using Log4j
2019-09-24 21:55:38,576 [main] INFO  http.HttpServer2 (HttpServer2.java:addGlobalFilter(975)) - Added global filter 'safety' (class=org.apache.hadoop.http.HttpServer2$QuotingInputFilter)
2019-09-24 21:55:38,577 [main] INFO  http.HttpServer2 (HttpServer2.java:addFilter(948)) - Added filter static_user_filter (class=org.apache.hadoop.http.lib.StaticUserWebFilter$StaticUserFilter) to context hddsDatanode
2019-09-24 21:55:38,577 [main] INFO  http.HttpServer2 (HttpServer2.java:addFilter(958)) - Added filter static_user_filter (class=org.apache.hadoop.http.lib.StaticUserWebFilter$StaticUserFilter) to context static
2019-09-24 21:55:38,577 [main] INFO  http.HttpServer2 (HttpServer2.java:addFilter(958)) - Added filter static_user_filter (class=org.apache.hadoop.http.lib.StaticUserWebFilter$StaticUserFilter) to context logs
2019-09-24 21:55:38,578 [main] INFO  http.HttpServer2 (HttpServer2.java:bindListener(1191)) - Jetty bound to port 33300
2019-09-24 21:55:38,578 [main] INFO  server.Server (Server.java:doStart(351)) - jetty-9.3.25.v20180904, build timestamp: 2018-09-04T21:11:46Z, git hash: 3ce520221d0240229c862b122d2b06c12a625732
2019-09-24 21:55:38,581 [main] INFO  handler.ContextHandler (ContextHandler.java:doStart(781)) - Started o.e.j.s.ServletContextHandler@20b9d5d5{/logs,file:///workdir/hadoop-ozone/integration-test/target/log,AVAILABLE}
2019-09-24 21:55:38,581 [main] INFO  handler.ContextHandler (ContextHandler.java:doStart(781)) - Started o.e.j.s.ServletContextHandler@60c8a093{/static,jar:file:/home/user/.m2/repository/org/apache/hadoop/hadoop-hdds-container-service/0.5.0-SNAPSHOT/hadoop-hdds-container-service-0.5.0-SNAPSHOT.jar!/webapps/static,AVAILABLE}
2019-09-24 21:55:38,607 [main] INFO  handler.ContextHandler (ContextHandler.java:doStart(781)) - Started o.e.j.w.WebAppContext@56637cff{/,file:///tmp/jetty-0.0.0.0-33300-hddsDatanode-_-any-2370553458306512162.dir/webapp/,AVAILABLE}{/hddsDatanode}
2019-09-24 21:55:38,608 [main] INFO  server.AbstractConnector (AbstractConnector.java:doStart(278)) - Started ServerConnector@2938127d{HTTP/1.1,[http/1.1]}{0.0.0.0:33300}
2019-09-24 21:55:38,608 [main] INFO  server.Server (Server.java:doStart(419)) - Started @4867ms
2019-09-24 21:55:38,609 [main] WARN  impl.MetricsSystemImpl (MetricsSystemImpl.java:register(276)) - Sink prometheus already exists!
2019-09-24 21:55:38,610 [main] INFO  server.BaseHttpServer (BaseHttpServer.java:updateConnectorAddress(215)) - HTTP server of HDDSDATANODE is listening at http://0.0.0.0:33300
2019-09-24 21:55:38,610 [main] INFO  impl.MetricsSystemImpl (MetricsSystemImpl.java:init(158)) - HddsDatanode metrics system started (again)
2019-09-24 21:55:38,612 [org.apache.hadoop.util.JvmPauseMonitor$Monitor@3144cf9] INFO  util.JvmPauseMonitor (JvmPauseMonitor.java:run(188)) - Starting JVM pause monitor
2019-09-24 21:55:38,612 [main] INFO  ozone.HddsDatanodeService (HddsDatanodeService.java:start(184)) - HddsDatanodeService host:pr-hdds-2162-v2v4x-1150571016 ip:192.168.151.66
2019-09-24 21:55:38,615 [Datanode State Machine Thread - 0] INFO  datanode.InitDatanodeState (InitDatanodeState.java:persistContainerDatanodeDetails(140)) - DatanodeDetails is persisted to /workdir/hadoop-ozone/integration-test/target/test-dir/MiniOzoneClusterImpl-23172438-10ff-4859-aa33-e6eea658d734/datanode-4/meta/datanode.id
2019-09-24 21:55:38,618 [main] INFO  volume.HddsVolume (HddsVolume.java:<init>(176)) - Creating Volume: /workdir/hadoop-ozone/integration-test/target/test-dir/MiniOzoneClusterImpl-23172438-10ff-4859-aa33-e6eea658d734/datanode-5/data/containers/hdds of  storage type : DISK and capacity : 1482555576320
2019-09-24 21:55:38,618 [main] INFO  volume.VolumeSet (VolumeSet.java:initializeVolumeSet(170)) - Added Volume : /workdir/hadoop-ozone/integration-test/target/test-dir/MiniOzoneClusterImpl-23172438-10ff-4859-aa33-e6eea658d734/datanode-5/data/containers/hdds to VolumeSet
2019-09-24 21:55:38,618 [main] INFO  volume.ThrottledAsyncChecker (ThrottledAsyncChecker.java:schedule(139)) - Scheduling a check for org.apache.hadoop.ozone.container.common.volume.HddsVolume@41294371
2019-09-24 21:55:38,619 [main] INFO  volume.HddsVolumeChecker (HddsVolumeChecker.java:checkAllVolumes(202)) - Scheduled health check for volume org.apache.hadoop.ozone.container.common.volume.HddsVolume@41294371
2019-09-24 21:55:38,630 [main] INFO  impl.RaftServerProxy (ConfUtils.java:logGet(43)) - raft.rpc.type = GRPC (default)
2019-09-24 21:55:38,630 [main] INFO  grpc.GrpcFactory (GrpcFactory.java:checkPooledByteBufAllocatorUseCacheForAllThreads(45)) - PERFORMANCE WARNING: useCacheForAllThreads is true that may cause Netty to create a lot garbage objects and, as a result, trigger GC.
	It is recommended to disable useCacheForAllThreads by setting -Dorg.apache.ratis.thirdparty.io.netty.allocator.useCacheForAllThreads=false in command line.
2019-09-24 21:55:38,630 [main] INFO  grpc.GrpcConfigKeys$Server (ConfUtils.java:logGet(43)) - raft.grpc.server.port = 0 (default)
2019-09-24 21:55:38,630 [main] INFO  server.GrpcService (ConfUtils.java:logGet(43)) - raft.grpc.message.size.max = 33570816 (custom)
2019-09-24 21:55:38,631 [main] INFO  server.RaftServerConfigKeys (ConfUtils.java:logGet(43)) - raft.server.log.appender.buffer.byte-limit = 33554432 (custom)
2019-09-24 21:55:38,631 [main] INFO  server.GrpcService (ConfUtils.java:logGet(43)) - raft.grpc.flow.control.window = 1MB (=1048576) (default)
2019-09-24 21:55:38,631 [main] INFO  server.RaftServerConfigKeys (ConfUtils.java:logGet(43)) - raft.server.rpc.request.timeout = 3000ms (default)
2019-09-24 21:55:38,631 [main] INFO  server.RaftServerConfigKeys (ConfUtils.java:logGet(43)) - raft.server.storage.dir = [/workdir/hadoop-ozone/integration-test/target/test-dir/MiniOzoneClusterImpl-23172438-10ff-4859-aa33-e6eea658d734/datanode-5/data/ratis] (custom)
2019-09-24 21:55:38,633 [main] INFO  hdfs.DFSUtil (DFSUtil.java:httpServerTemplateForNNAndJN(1641)) - Starting Web-server for hddsDatanode at: http://0.0.0.0:0
2019-09-24 21:55:38,634 [main] INFO  server.AuthenticationFilter (AuthenticationFilter.java:constructSecretProvider(240)) - Unable to initialize FileSignerSecretProvider, falling back to use random secrets.
2019-09-24 21:55:38,634 [main] WARN  http.HttpRequestLog (HttpRequestLog.java:getRequestLog(97)) - Jetty request log can only be enabled using Log4j
2019-09-24 21:55:38,635 [main] INFO  http.HttpServer2 (HttpServer2.java:addGlobalFilter(975)) - Added global filter 'safety' (class=org.apache.hadoop.http.HttpServer2$QuotingInputFilter)
2019-09-24 21:55:38,636 [main] INFO  http.HttpServer2 (HttpServer2.java:addFilter(948)) - Added filter static_user_filter (class=org.apache.hadoop.http.lib.StaticUserWebFilter$StaticUserFilter) to context hddsDatanode
2019-09-24 21:55:38,636 [main] INFO  http.HttpServer2 (HttpServer2.java:addFilter(958)) - Added filter static_user_filter (class=org.apache.hadoop.http.lib.StaticUserWebFilter$StaticUserFilter) to context logs
2019-09-24 21:55:38,636 [main] INFO  http.HttpServer2 (HttpServer2.java:addFilter(958)) - Added filter static_user_filter (class=org.apache.hadoop.http.lib.StaticUserWebFilter$StaticUserFilter) to context static
2019-09-24 21:55:38,637 [main] INFO  http.HttpServer2 (HttpServer2.java:bindListener(1191)) - Jetty bound to port 41087
2019-09-24 21:55:38,637 [main] INFO  server.Server (Server.java:doStart(351)) - jetty-9.3.25.v20180904, build timestamp: 2018-09-04T21:11:46Z, git hash: 3ce520221d0240229c862b122d2b06c12a625732
2019-09-24 21:55:38,638 [main] INFO  handler.ContextHandler (ContextHandler.java:doStart(781)) - Started o.e.j.s.ServletContextHandler@4f9a6c2d{/logs,file:///workdir/hadoop-ozone/integration-test/target/log,AVAILABLE}
2019-09-24 21:55:38,639 [main] INFO  handler.ContextHandler (ContextHandler.java:doStart(781)) - Started o.e.j.s.ServletContextHandler@75de6341{/static,jar:file:/home/user/.m2/repository/org/apache/hadoop/hadoop-hdds-container-service/0.5.0-SNAPSHOT/hadoop-hdds-container-service-0.5.0-SNAPSHOT.jar!/webapps/static,AVAILABLE}
2019-09-24 21:55:38,669 [main] INFO  handler.ContextHandler (ContextHandler.java:doStart(781)) - Started o.e.j.w.WebAppContext@3ba46e63{/,file:///tmp/jetty-0.0.0.0-41087-hddsDatanode-_-any-9021034247594316650.dir/webapp/,AVAILABLE}{/hddsDatanode}
2019-09-24 21:55:38,670 [main] INFO  server.AbstractConnector (AbstractConnector.java:doStart(278)) - Started ServerConnector@788ddc1f{HTTP/1.1,[http/1.1]}{0.0.0.0:41087}
2019-09-24 21:55:38,674 [main] INFO  server.Server (Server.java:doStart(419)) - Started @4932ms
2019-09-24 21:55:38,674 [main] WARN  impl.MetricsSystemImpl (MetricsSystemImpl.java:register(276)) - Sink prometheus already exists!
2019-09-24 21:55:38,675 [main] INFO  server.BaseHttpServer (BaseHttpServer.java:updateConnectorAddress(215)) - HTTP server of HDDSDATANODE is listening at http://0.0.0.0:41087
2019-09-24 21:55:38,675 [main] INFO  impl.MetricsSystemImpl (MetricsSystemImpl.java:init(158)) - HddsDatanode metrics system started (again)
2019-09-24 21:55:38,678 [org.apache.hadoop.util.JvmPauseMonitor$Monitor@68c44d10] INFO  util.JvmPauseMonitor (JvmPauseMonitor.java:run(188)) - Starting JVM pause monitor
2019-09-24 21:55:38,679 [main] INFO  ozone.HddsDatanodeService (HddsDatanodeService.java:start(184)) - HddsDatanodeService host:pr-hdds-2162-v2v4x-1150571016 ip:192.168.151.66
2019-09-24 21:55:38,680 [Datanode State Machine Thread - 0] INFO  datanode.InitDatanodeState (InitDatanodeState.java:persistContainerDatanodeDetails(140)) - DatanodeDetails is persisted to /workdir/hadoop-ozone/integration-test/target/test-dir/MiniOzoneClusterImpl-23172438-10ff-4859-aa33-e6eea658d734/datanode-5/meta/datanode.id
2019-09-24 21:55:38,685 [main] INFO  volume.HddsVolume (HddsVolume.java:<init>(176)) - Creating Volume: /workdir/hadoop-ozone/integration-test/target/test-dir/MiniOzoneClusterImpl-23172438-10ff-4859-aa33-e6eea658d734/datanode-6/data/containers/hdds of  storage type : DISK and capacity : 1482555576320
2019-09-24 21:55:38,686 [main] INFO  volume.VolumeSet (VolumeSet.java:initializeVolumeSet(170)) - Added Volume : /workdir/hadoop-ozone/integration-test/target/test-dir/MiniOzoneClusterImpl-23172438-10ff-4859-aa33-e6eea658d734/datanode-6/data/containers/hdds to VolumeSet
2019-09-24 21:55:38,686 [main] INFO  volume.ThrottledAsyncChecker (ThrottledAsyncChecker.java:schedule(139)) - Scheduling a check for org.apache.hadoop.ozone.container.common.volume.HddsVolume@29149030
2019-09-24 21:55:38,686 [main] INFO  volume.HddsVolumeChecker (HddsVolumeChecker.java:checkAllVolumes(202)) - Scheduled health check for volume org.apache.hadoop.ozone.container.common.volume.HddsVolume@29149030
2019-09-24 21:55:38,702 [main] INFO  impl.RaftServerProxy (ConfUtils.java:logGet(43)) - raft.rpc.type = GRPC (default)
2019-09-24 21:55:38,702 [main] INFO  grpc.GrpcFactory (GrpcFactory.java:checkPooledByteBufAllocatorUseCacheForAllThreads(45)) - PERFORMANCE WARNING: useCacheForAllThreads is true that may cause Netty to create a lot garbage objects and, as a result, trigger GC.
	It is recommended to disable useCacheForAllThreads by setting -Dorg.apache.ratis.thirdparty.io.netty.allocator.useCacheForAllThreads=false in command line.
2019-09-24 21:55:38,702 [main] INFO  grpc.GrpcConfigKeys$Server (ConfUtils.java:logGet(43)) - raft.grpc.server.port = 0 (default)
2019-09-24 21:55:38,703 [main] INFO  server.GrpcService (ConfUtils.java:logGet(43)) - raft.grpc.message.size.max = 33570816 (custom)
2019-09-24 21:55:38,703 [main] INFO  server.RaftServerConfigKeys (ConfUtils.java:logGet(43)) - raft.server.log.appender.buffer.byte-limit = 33554432 (custom)
2019-09-24 21:55:38,703 [main] INFO  server.GrpcService (ConfUtils.java:logGet(43)) - raft.grpc.flow.control.window = 1MB (=1048576) (default)
2019-09-24 21:55:38,703 [main] INFO  server.RaftServerConfigKeys (ConfUtils.java:logGet(43)) - raft.server.rpc.request.timeout = 3000ms (default)
2019-09-24 21:55:38,704 [main] INFO  server.RaftServerConfigKeys (ConfUtils.java:logGet(43)) - raft.server.storage.dir = [/workdir/hadoop-ozone/integration-test/target/test-dir/MiniOzoneClusterImpl-23172438-10ff-4859-aa33-e6eea658d734/datanode-6/data/ratis] (custom)
2019-09-24 21:55:38,705 [main] INFO  hdfs.DFSUtil (DFSUtil.java:httpServerTemplateForNNAndJN(1641)) - Starting Web-server for hddsDatanode at: http://0.0.0.0:0
2019-09-24 21:55:38,707 [main] INFO  server.AuthenticationFilter (AuthenticationFilter.java:constructSecretProvider(240)) - Unable to initialize FileSignerSecretProvider, falling back to use random secrets.
2019-09-24 21:55:38,707 [main] WARN  http.HttpRequestLog (HttpRequestLog.java:getRequestLog(97)) - Jetty request log can only be enabled using Log4j
2019-09-24 21:55:38,709 [main] INFO  http.HttpServer2 (HttpServer2.java:addGlobalFilter(975)) - Added global filter 'safety' (class=org.apache.hadoop.http.HttpServer2$QuotingInputFilter)
2019-09-24 21:55:38,709 [main] INFO  http.HttpServer2 (HttpServer2.java:addFilter(948)) - Added filter static_user_filter (class=org.apache.hadoop.http.lib.StaticUserWebFilter$StaticUserFilter) to context hddsDatanode
2019-09-24 21:55:38,709 [main] INFO  http.HttpServer2 (HttpServer2.java:addFilter(958)) - Added filter static_user_filter (class=org.apache.hadoop.http.lib.StaticUserWebFilter$StaticUserFilter) to context static
2019-09-24 21:55:38,709 [main] INFO  http.HttpServer2 (HttpServer2.java:addFilter(958)) - Added filter static_user_filter (class=org.apache.hadoop.http.lib.StaticUserWebFilter$StaticUserFilter) to context logs
2019-09-24 21:55:38,710 [main] INFO  http.HttpServer2 (HttpServer2.java:bindListener(1191)) - Jetty bound to port 37342
2019-09-24 21:55:38,710 [main] INFO  server.Server (Server.java:doStart(351)) - jetty-9.3.25.v20180904, build timestamp: 2018-09-04T21:11:46Z, git hash: 3ce520221d0240229c862b122d2b06c12a625732
2019-09-24 21:55:38,712 [main] INFO  handler.ContextHandler (ContextHandler.java:doStart(781)) - Started o.e.j.s.ServletContextHandler@753aca85{/logs,file:///workdir/hadoop-ozone/integration-test/target/log,AVAILABLE}
2019-09-24 21:55:38,712 [main] INFO  handler.ContextHandler (ContextHandler.java:doStart(781)) - Started o.e.j.s.ServletContextHandler@574a89e2{/static,jar:file:/home/user/.m2/repository/org/apache/hadoop/hadoop-hdds-container-service/0.5.0-SNAPSHOT/hadoop-hdds-container-service-0.5.0-SNAPSHOT.jar!/webapps/static,AVAILABLE}
2019-09-24 21:55:38,737 [main] INFO  handler.ContextHandler (ContextHandler.java:doStart(781)) - Started o.e.j.w.WebAppContext@984169e{/,file:///tmp/jetty-0.0.0.0-37342-hddsDatanode-_-any-280339424171294690.dir/webapp/,AVAILABLE}{/hddsDatanode}
2019-09-24 21:55:38,738 [main] INFO  server.AbstractConnector (AbstractConnector.java:doStart(278)) - Started ServerConnector@43f1bb92{HTTP/1.1,[http/1.1]}{0.0.0.0:37342}
2019-09-24 21:55:38,738 [main] INFO  server.Server (Server.java:doStart(419)) - Started @4997ms
2019-09-24 21:55:38,739 [main] WARN  impl.MetricsSystemImpl (MetricsSystemImpl.java:register(276)) - Sink prometheus already exists!
2019-09-24 21:55:38,740 [main] INFO  server.BaseHttpServer (BaseHttpServer.java:updateConnectorAddress(215)) - HTTP server of HDDSDATANODE is listening at http://0.0.0.0:37342
2019-09-24 21:55:38,742 [main] INFO  ozone.MiniOzoneClusterImpl (MiniOzoneClusterImpl.java:lambda$waitForClusterToBeReady$0(147)) - Waiting for cluster to be ready. Got 0 of 7 DN Heartbeats.
2019-09-24 21:55:38,742 [org.apache.hadoop.util.JvmPauseMonitor$Monitor@21126c] INFO  util.JvmPauseMonitor (JvmPauseMonitor.java:run(188)) - Starting JVM pause monitor
2019-09-24 21:55:38,744 [Datanode State Machine Thread - 0] INFO  datanode.InitDatanodeState (InitDatanodeState.java:persistContainerDatanodeDetails(140)) - DatanodeDetails is persisted to /workdir/hadoop-ozone/integration-test/target/test-dir/MiniOzoneClusterImpl-23172438-10ff-4859-aa33-e6eea658d734/datanode-6/meta/datanode.id
2019-09-24 21:55:39,742 [main] INFO  ozone.MiniOzoneClusterImpl (MiniOzoneClusterImpl.java:lambda$waitForClusterToBeReady$0(147)) - Waiting for cluster to be ready. Got 0 of 7 DN Heartbeats.
2019-09-24 21:55:40,380 [Datanode State Machine Thread - 0] INFO  ozoneimpl.OzoneContainer (OzoneContainer.java:start(217)) - Attempting to start container services.
2019-09-24 21:55:40,383 [Datanode State Machine Thread - 0] INFO  ozoneimpl.OzoneContainer (OzoneContainer.java:startContainerScrub(179)) - Background container scanner has been disabled.
2019-09-24 21:55:40,383 [Datanode State Machine Thread - 0] INFO  ratis.XceiverServerRatis (XceiverServerRatis.java:start(411)) - Starting XceiverServerRatis f8e4e886-09f1-4d5b-90a2-da08b733ae04 at port 0
2019-09-24 21:55:40,405 [Datanode State Machine Thread - 0] INFO  impl.RaftServerProxy (RaftServerProxy.java:lambda$start$3(299)) - f8e4e886-09f1-4d5b-90a2-da08b733ae04: start RPC server
2019-09-24 21:55:40,411 [Datanode State Machine Thread - 0] INFO  ozoneimpl.OzoneContainer (OzoneContainer.java:start(217)) - Attempting to start container services.
2019-09-24 21:55:40,416 [Datanode State Machine Thread - 0] INFO  ozoneimpl.OzoneContainer (OzoneContainer.java:startContainerScrub(179)) - Background container scanner has been disabled.
2019-09-24 21:55:40,417 [Datanode State Machine Thread - 0] INFO  ratis.XceiverServerRatis (XceiverServerRatis.java:start(411)) - Starting XceiverServerRatis e7958a38-39c8-4550-87a6-24a0ab1a6a1a at port 0
2019-09-24 21:55:40,427 [Datanode State Machine Thread - 0] INFO  impl.RaftServerProxy (RaftServerProxy.java:lambda$start$3(299)) - e7958a38-39c8-4550-87a6-24a0ab1a6a1a: start RPC server
2019-09-24 21:55:40,493 [Datanode State Machine Thread - 0] INFO  ozoneimpl.OzoneContainer (OzoneContainer.java:start(217)) - Attempting to start container services.
2019-09-24 21:55:40,495 [Datanode State Machine Thread - 0] INFO  ozoneimpl.OzoneContainer (OzoneContainer.java:startContainerScrub(179)) - Background container scanner has been disabled.
2019-09-24 21:55:40,495 [Datanode State Machine Thread - 0] INFO  ratis.XceiverServerRatis (XceiverServerRatis.java:start(411)) - Starting XceiverServerRatis 2f4e8c38-a5b8-4f52-81d3-d8149c3086e8 at port 0
2019-09-24 21:55:40,505 [Datanode State Machine Thread - 0] INFO  impl.RaftServerProxy (RaftServerProxy.java:lambda$start$3(299)) - 2f4e8c38-a5b8-4f52-81d3-d8149c3086e8: start RPC server
2019-09-24 21:55:40,560 [Datanode State Machine Thread - 0] INFO  server.GrpcService (GrpcService.java:startImpl(158)) - e7958a38-39c8-4550-87a6-24a0ab1a6a1a: GrpcService started, listening on 0.0.0.0/0.0.0.0:46112
2019-09-24 21:55:40,560 [Datanode State Machine Thread - 0] INFO  server.GrpcService (GrpcService.java:startImpl(158)) - f8e4e886-09f1-4d5b-90a2-da08b733ae04: GrpcService started, listening on 0.0.0.0/0.0.0.0:33172
2019-09-24 21:55:40,560 [Datanode State Machine Thread - 0] INFO  server.GrpcService (GrpcService.java:startImpl(158)) - 2f4e8c38-a5b8-4f52-81d3-d8149c3086e8: GrpcService started, listening on 0.0.0.0/0.0.0.0:44539
2019-09-24 21:55:40,561 [Datanode State Machine Thread - 0] INFO  ratis.XceiverServerRatis (XceiverServerRatis.java:start(421)) - XceiverServerRatis f8e4e886-09f1-4d5b-90a2-da08b733ae04 is started using port 33172
2019-09-24 21:55:40,561 [Datanode State Machine Thread - 0] INFO  ratis.XceiverServerRatis (XceiverServerRatis.java:start(421)) - XceiverServerRatis e7958a38-39c8-4550-87a6-24a0ab1a6a1a is started using port 46112
2019-09-24 21:55:40,561 [Datanode State Machine Thread - 0] INFO  ratis.XceiverServerRatis (XceiverServerRatis.java:start(421)) - XceiverServerRatis 2f4e8c38-a5b8-4f52-81d3-d8149c3086e8 is started using port 44539
2019-09-24 21:55:40,567 [Datanode State Machine Thread - 0] INFO  server.XceiverServerGrpc (XceiverServerGrpc.java:start(149)) - XceiverServerGrpc f8e4e886-09f1-4d5b-90a2-da08b733ae04 is started using port 43516
2019-09-24 21:55:40,567 [Datanode State Machine Thread - 0] INFO  server.XceiverServerGrpc (XceiverServerGrpc.java:start(149)) - XceiverServerGrpc e7958a38-39c8-4550-87a6-24a0ab1a6a1a is started using port 38131
2019-09-24 21:55:40,567 [Datanode State Machine Thread - 0] INFO  server.XceiverServerGrpc (XceiverServerGrpc.java:start(149)) - XceiverServerGrpc 2f4e8c38-a5b8-4f52-81d3-d8149c3086e8 is started using port 41889
2019-09-24 21:55:40,571 [Datanode State Machine Thread - 0] INFO  ozoneimpl.OzoneContainer (OzoneContainer.java:start(217)) - Attempting to start container services.
2019-09-24 21:55:40,573 [Datanode State Machine Thread - 0] INFO  ozoneimpl.OzoneContainer (OzoneContainer.java:startContainerScrub(179)) - Background container scanner has been disabled.
2019-09-24 21:55:40,573 [Datanode State Machine Thread - 0] INFO  ratis.XceiverServerRatis (XceiverServerRatis.java:start(411)) - Starting XceiverServerRatis 6fca94b5-ea7a-421e-a128-84dfa6a7a2bb at port 0
2019-09-24 21:55:40,582 [Datanode State Machine Thread - 0] INFO  impl.RaftServerProxy (RaftServerProxy.java:lambda$start$3(299)) - 6fca94b5-ea7a-421e-a128-84dfa6a7a2bb: start RPC server
2019-09-24 21:55:40,584 [Datanode State Machine Thread - 0] INFO  server.GrpcService (GrpcService.java:startImpl(158)) - 6fca94b5-ea7a-421e-a128-84dfa6a7a2bb: GrpcService started, listening on 0.0.0.0/0.0.0.0:38431
2019-09-24 21:55:40,584 [Datanode State Machine Thread - 0] INFO  ratis.XceiverServerRatis (XceiverServerRatis.java:start(421)) - XceiverServerRatis 6fca94b5-ea7a-421e-a128-84dfa6a7a2bb is started using port 38431
2019-09-24 21:55:40,586 [Datanode State Machine Thread - 0] INFO  server.XceiverServerGrpc (XceiverServerGrpc.java:start(149)) - XceiverServerGrpc 6fca94b5-ea7a-421e-a128-84dfa6a7a2bb is started using port 37192
2019-09-24 21:55:40,629 [Datanode State Machine Thread - 0] INFO  ozoneimpl.OzoneContainer (OzoneContainer.java:start(217)) - Attempting to start container services.
2019-09-24 21:55:40,631 [Datanode State Machine Thread - 0] INFO  ozoneimpl.OzoneContainer (OzoneContainer.java:startContainerScrub(179)) - Background container scanner has been disabled.
2019-09-24 21:55:40,631 [Datanode State Machine Thread - 0] INFO  ratis.XceiverServerRatis (XceiverServerRatis.java:start(411)) - Starting XceiverServerRatis a48fc246-bdf6-4f8b-914f-d1887677d859 at port 0
2019-09-24 21:55:40,640 [Datanode State Machine Thread - 0] INFO  impl.RaftServerProxy (RaftServerProxy.java:lambda$start$3(299)) - a48fc246-bdf6-4f8b-914f-d1887677d859: start RPC server
2019-09-24 21:55:40,643 [Datanode State Machine Thread - 0] INFO  server.GrpcService (GrpcService.java:startImpl(158)) - a48fc246-bdf6-4f8b-914f-d1887677d859: GrpcService started, listening on 0.0.0.0/0.0.0.0:41354
2019-09-24 21:55:40,643 [Datanode State Machine Thread - 0] INFO  ratis.XceiverServerRatis (XceiverServerRatis.java:start(421)) - XceiverServerRatis a48fc246-bdf6-4f8b-914f-d1887677d859 is started using port 41354
2019-09-24 21:55:40,646 [Datanode State Machine Thread - 0] INFO  server.XceiverServerGrpc (XceiverServerGrpc.java:start(149)) - XceiverServerGrpc a48fc246-bdf6-4f8b-914f-d1887677d859 is started using port 45362
2019-09-24 21:55:40,697 [Datanode State Machine Thread - 0] INFO  ozoneimpl.OzoneContainer (OzoneContainer.java:start(217)) - Attempting to start container services.
2019-09-24 21:55:40,700 [Datanode State Machine Thread - 0] INFO  ozoneimpl.OzoneContainer (OzoneContainer.java:startContainerScrub(179)) - Background container scanner has been disabled.
2019-09-24 21:55:40,700 [Datanode State Machine Thread - 0] INFO  ratis.XceiverServerRatis (XceiverServerRatis.java:start(411)) - Starting XceiverServerRatis 8f11d4e6-b202-4932-9b49-c0cc974c2946 at port 0
2019-09-24 21:55:40,706 [Datanode State Machine Thread - 0] INFO  impl.RaftServerProxy (RaftServerProxy.java:lambda$start$3(299)) - 8f11d4e6-b202-4932-9b49-c0cc974c2946: start RPC server
2019-09-24 21:55:40,709 [Datanode State Machine Thread - 0] INFO  server.GrpcService (GrpcService.java:startImpl(158)) - 8f11d4e6-b202-4932-9b49-c0cc974c2946: GrpcService started, listening on 0.0.0.0/0.0.0.0:39215
2019-09-24 21:55:40,710 [Datanode State Machine Thread - 0] INFO  ratis.XceiverServerRatis (XceiverServerRatis.java:start(421)) - XceiverServerRatis 8f11d4e6-b202-4932-9b49-c0cc974c2946 is started using port 39215
2019-09-24 21:55:40,712 [Datanode State Machine Thread - 0] INFO  server.XceiverServerGrpc (XceiverServerGrpc.java:start(149)) - XceiverServerGrpc 8f11d4e6-b202-4932-9b49-c0cc974c2946 is started using port 33211
2019-09-24 21:55:40,743 [main] INFO  ozone.MiniOzoneClusterImpl (MiniOzoneClusterImpl.java:lambda$waitForClusterToBeReady$0(147)) - Waiting for cluster to be ready. Got 0 of 7 DN Heartbeats.
2019-09-24 21:55:40,748 [Datanode State Machine Thread - 0] INFO  ozoneimpl.OzoneContainer (OzoneContainer.java:start(217)) - Attempting to start container services.
2019-09-24 21:55:40,752 [Datanode State Machine Thread - 0] INFO  ozoneimpl.OzoneContainer (OzoneContainer.java:startContainerScrub(179)) - Background container scanner has been disabled.
2019-09-24 21:55:40,752 [Datanode State Machine Thread - 0] INFO  ratis.XceiverServerRatis (XceiverServerRatis.java:start(411)) - Starting XceiverServerRatis 2cee2565-8d5e-44db-8b53-370c653dd1d2 at port 0
2019-09-24 21:55:40,759 [Datanode State Machine Thread - 0] INFO  impl.RaftServerProxy (RaftServerProxy.java:lambda$start$3(299)) - 2cee2565-8d5e-44db-8b53-370c653dd1d2: start RPC server
2019-09-24 21:55:40,764 [Datanode State Machine Thread - 0] INFO  server.GrpcService (GrpcService.java:startImpl(158)) - 2cee2565-8d5e-44db-8b53-370c653dd1d2: GrpcService started, listening on 0.0.0.0/0.0.0.0:45133
2019-09-24 21:55:40,764 [Datanode State Machine Thread - 0] INFO  ratis.XceiverServerRatis (XceiverServerRatis.java:start(421)) - XceiverServerRatis 2cee2565-8d5e-44db-8b53-370c653dd1d2 is started using port 45133
2019-09-24 21:55:40,768 [Datanode State Machine Thread - 0] INFO  server.XceiverServerGrpc (XceiverServerGrpc.java:start(149)) - XceiverServerGrpc 2cee2565-8d5e-44db-8b53-370c653dd1d2 is started using port 45921
2019-09-24 21:55:41,744 [main] INFO  ozone.MiniOzoneClusterImpl (MiniOzoneClusterImpl.java:lambda$waitForClusterToBeReady$0(147)) - Waiting for cluster to be ready. Got 0 of 7 DN Heartbeats.
2019-09-24 21:55:42,358 [IPC Server handler 0 on 43550] INFO  net.NetworkTopology (NetworkTopologyImpl.java:add(111)) - Added a new node: /default-rack/f8e4e886-09f1-4d5b-90a2-da08b733ae04
2019-09-24 21:55:42,359 [IPC Server handler 0 on 43550] INFO  node.SCMNodeManager (SCMNodeManager.java:register(266)) - Registered Data node : f8e4e886-09f1-4d5b-90a2-da08b733ae04{ip: 192.168.151.66, host: pr-hdds-2162-v2v4x-1150571016, networkLocation: /default-rack, certSerialId: null}
2019-09-24 21:55:42,364 [EventQueue-NodeRegistrationContainerReportForDataNodeSafeModeRule] INFO  safemode.SCMSafeModeManager (DataNodeSafeModeRule.java:process(71)) - SCM in safe mode. 1 DataNodes registered, 1 required.
2019-09-24 21:55:42,364 [EventQueue-NodeRegistrationContainerReportForDataNodeSafeModeRule] INFO  safemode.SCMSafeModeManager (SCMSafeModeManager.java:validateSafeModeExitRules(177)) - ScmSafeModeManager, all rules are successfully validated
2019-09-24 21:55:42,365 [EventQueue-NodeRegistrationContainerReportForDataNodeSafeModeRule] INFO  safemode.SCMSafeModeManager (SCMSafeModeManager.java:exitSafeMode(193)) - SCM exiting safe mode.
2019-09-24 21:55:42,394 [IPC Server handler 1 on 43550] INFO  net.NetworkTopology (NetworkTopologyImpl.java:add(111)) - Added a new node: /default-rack/e7958a38-39c8-4550-87a6-24a0ab1a6a1a
2019-09-24 21:55:42,394 [IPC Server handler 1 on 43550] INFO  node.SCMNodeManager (SCMNodeManager.java:register(266)) - Registered Data node : e7958a38-39c8-4550-87a6-24a0ab1a6a1a{ip: 192.168.151.66, host: pr-hdds-2162-v2v4x-1150571016, networkLocation: /default-rack, certSerialId: null}
2019-09-24 21:55:42,483 [IPC Server handler 3 on 43550] INFO  net.NetworkTopology (NetworkTopologyImpl.java:add(111)) - Added a new node: /default-rack/2f4e8c38-a5b8-4f52-81d3-d8149c3086e8
2019-09-24 21:55:42,485 [IPC Server handler 3 on 43550] INFO  node.SCMNodeManager (SCMNodeManager.java:register(266)) - Registered Data node : 2f4e8c38-a5b8-4f52-81d3-d8149c3086e8{ip: 192.168.151.66, host: pr-hdds-2162-v2v4x-1150571016, networkLocation: /default-rack, certSerialId: null}
2019-09-24 21:55:42,556 [IPC Server handler 4 on 43550] INFO  net.NetworkTopology (NetworkTopologyImpl.java:add(111)) - Added a new node: /default-rack/6fca94b5-ea7a-421e-a128-84dfa6a7a2bb
2019-09-24 21:55:42,556 [IPC Server handler 4 on 43550] INFO  node.SCMNodeManager (SCMNodeManager.java:register(266)) - Registered Data node : 6fca94b5-ea7a-421e-a128-84dfa6a7a2bb{ip: 192.168.151.66, host: pr-hdds-2162-v2v4x-1150571016, networkLocation: /default-rack, certSerialId: null}
2019-09-24 21:55:42,622 [IPC Server handler 6 on 43550] INFO  net.NetworkTopology (NetworkTopologyImpl.java:add(111)) - Added a new node: /default-rack/a48fc246-bdf6-4f8b-914f-d1887677d859
2019-09-24 21:55:42,622 [IPC Server handler 6 on 43550] INFO  node.SCMNodeManager (SCMNodeManager.java:register(266)) - Registered Data node : a48fc246-bdf6-4f8b-914f-d1887677d859{ip: 192.168.151.66, host: pr-hdds-2162-v2v4x-1150571016, networkLocation: /default-rack, certSerialId: null}
2019-09-24 21:55:42,682 [IPC Server handler 5 on 43550] INFO  net.NetworkTopology (NetworkTopologyImpl.java:add(111)) - Added a new node: /default-rack/8f11d4e6-b202-4932-9b49-c0cc974c2946
2019-09-24 21:55:42,682 [IPC Server handler 5 on 43550] INFO  node.SCMNodeManager (SCMNodeManager.java:register(266)) - Registered Data node : 8f11d4e6-b202-4932-9b49-c0cc974c2946{ip: 192.168.151.66, host: pr-hdds-2162-v2v4x-1150571016, networkLocation: /default-rack, certSerialId: null}
2019-09-24 21:55:42,752 [main] INFO  ozone.MiniOzoneClusterImpl (MiniOzoneClusterImpl.java:lambda$waitForClusterToBeReady$0(147)) - Waiting for cluster to be ready. Got 6 of 7 DN Heartbeats.
2019-09-24 21:55:42,754 [IPC Server handler 7 on 43550] INFO  net.NetworkTopology (NetworkTopologyImpl.java:add(111)) - Added a new node: /default-rack/2cee2565-8d5e-44db-8b53-370c653dd1d2
2019-09-24 21:55:42,755 [IPC Server handler 7 on 43550] INFO  node.SCMNodeManager (SCMNodeManager.java:register(266)) - Registered Data node : 2cee2565-8d5e-44db-8b53-370c653dd1d2{ip: 192.168.151.66, host: pr-hdds-2162-v2v4x-1150571016, networkLocation: /default-rack, certSerialId: null}
2019-09-24 21:55:42,881 [grpc-default-executor-0] INFO  impl.RaftServerProxy (RaftServerProxy.java:addNew(89)) - f8e4e886-09f1-4d5b-90a2-da08b733ae04: addNew group-B553DFEE5372:[f8e4e886-09f1-4d5b-90a2-da08b733ae04:192.168.151.66:33172] returns group-B553DFEE5372:java.util.concurrent.CompletableFuture@3b97d57b[Not completed]
2019-09-24 21:55:42,898 [pool-27-thread-1] INFO  impl.RaftServerImpl (RaftServerImpl.java:<init>(95)) - f8e4e886-09f1-4d5b-90a2-da08b733ae04: new RaftServerImpl for group-B553DFEE5372:[f8e4e886-09f1-4d5b-90a2-da08b733ae04:192.168.151.66:33172] with ContainerStateMachine:uninitialized
2019-09-24 21:55:42,901 [pool-27-thread-1] INFO  server.RaftServerConfigKeys (ConfUtils.java:logGet(43)) - raft.server.rpc.timeout.min = 5s (custom)
2019-09-24 21:55:42,902 [pool-27-thread-1] INFO  server.RaftServerConfigKeys (ConfUtils.java:logGet(43)) - raft.server.rpc.timeout.max = 5200ms (custom)
2019-09-24 21:55:42,902 [pool-27-thread-1] INFO  server.RaftServerConfigKeys (ConfUtils.java:logGet(43)) - raft.server.rpcslowness.timeout = 120s (custom)
2019-09-24 21:55:42,903 [pool-27-thread-1] INFO  server.RaftServerConfigKeys (ConfUtils.java:logGet(43)) - raft.server.sleep.deviation.threshold = 300 (default)
2019-09-24 21:55:42,904 [pool-27-thread-1] INFO  server.RaftServerConfigKeys (ConfUtils.java:logGet(43)) - raft.server.log.appender.install.snapshot.enabled = false (custom)
2019-09-24 21:55:42,909 [pool-27-thread-1] INFO  impl.RaftServerImpl (ServerState.java:<init>(103)) - f8e4e886-09f1-4d5b-90a2-da08b733ae04@group-B553DFEE5372: ConfigurationManager, init=-1: [f8e4e886-09f1-4d5b-90a2-da08b733ae04:192.168.151.66:33172], old=null, confs=<EMPTY_MAP>
2019-09-24 21:55:42,909 [pool-27-thread-1] INFO  server.RaftServerConfigKeys (ConfUtils.java:logGet(43)) - raft.server.storage.dir = [/workdir/hadoop-ozone/integration-test/target/test-dir/MiniOzoneClusterImpl-23172438-10ff-4859-aa33-e6eea658d734/datanode-0/data/ratis] (custom)
2019-09-24 21:55:42,914 [pool-27-thread-1] INFO  storage.RaftStorageDirectory (RaftStorageDirectory.java:analyzeStorage(246)) - The storage directory /workdir/hadoop-ozone/integration-test/target/test-dir/MiniOzoneClusterImpl-23172438-10ff-4859-aa33-e6eea658d734/datanode-0/data/ratis/20f97456-dca2-41a6-a726-b553dfee5372 does not exist. Creating ...
2019-09-24 21:55:42,931 [pool-27-thread-1] INFO  storage.RaftStorageDirectory (RaftStorageDirectory.java:tryLock(328)) - Lock on /workdir/hadoop-ozone/integration-test/target/test-dir/MiniOzoneClusterImpl-23172438-10ff-4859-aa33-e6eea658d734/datanode-0/data/ratis/20f97456-dca2-41a6-a726-b553dfee5372/in_use.lock acquired by nodename 29506@pr-hdds-2162-v2v4x-1150571016
2019-09-24 21:55:42,959 [pool-27-thread-1] INFO  storage.RaftStorage (RaftStorage.java:format(72)) - Storage directory /workdir/hadoop-ozone/integration-test/target/test-dir/MiniOzoneClusterImpl-23172438-10ff-4859-aa33-e6eea658d734/datanode-0/data/ratis/20f97456-dca2-41a6-a726-b553dfee5372 has been successfully formatted.
2019-09-24 21:55:42,963 [pool-27-thread-1] INFO  ratis.ContainerStateMachine (ContainerStateMachine.java:loadSnapshot(230)) - group-B553DFEE5372: The snapshot info is null. Setting the last applied indexto:(t:0, i:~)
2019-09-24 21:55:42,964 [pool-27-thread-1] INFO  server.RaftServerConfigKeys (ConfUtils.java:logGet(43)) - raft.server.notification.no-leader.timeout = 120s (custom)
2019-09-24 21:55:42,966 [pool-27-thread-1] INFO  server.RaftServerConfigKeys (ConfUtils.java:logGet(43)) - raft.server.log.use.memory = false (default)
2019-09-24 21:55:42,972 [pool-27-thread-1] INFO  server.RaftServerConfigKeys (ConfUtils.java:logGet(43)) - raft.server.log.purge.gap = 1000000 (custom)
2019-09-24 21:55:42,972 [pool-27-thread-1] INFO  server.RaftServerConfigKeys (ConfUtils.java:logGet(43)) - raft.server.log.appender.buffer.byte-limit = 33554432 (custom)
2019-09-24 21:55:42,975 [pool-27-thread-1] INFO  server.RaftServerConfigKeys (ConfUtils.java:logGet(43)) - raft.server.log.segment.size.max = 1048576 (custom)
2019-09-24 21:55:42,979 [pool-27-thread-1] INFO  server.RaftServerConfigKeys (ConfUtils.java:logGet(43)) - raft.server.log.segment.cache.num.max = 2 (custom)
2019-09-24 21:55:42,984 [pool-27-thread-1] INFO  segmented.SegmentedRaftLogWorker (SegmentedRaftLogWorker.java:<init>(172)) - new f8e4e886-09f1-4d5b-90a2-da08b733ae04@group-B553DFEE5372-SegmentedRaftLogWorker for RaftStorage:Storage Directory /workdir/hadoop-ozone/integration-test/target/test-dir/MiniOzoneClusterImpl-23172438-10ff-4859-aa33-e6eea658d734/datanode-0/data/ratis/20f97456-dca2-41a6-a726-b553dfee5372
2019-09-24 21:55:42,985 [pool-27-thread-1] INFO  impl.MetricsSystemImpl (MetricsSystemImpl.java:init(158)) - ratis metrics system started (again)
2019-09-24 21:55:42,990 [pool-27-thread-1] INFO  metrics.MetricRegistries (MetricRegistriesLoader.java:load(64)) - Loaded MetricRegistries class org.apache.ratis.metrics.impl.MetricRegistriesImpl
2019-09-24 21:55:43,014 [pool-27-thread-1] INFO  server.RaftServerConfigKeys (ConfUtils.java:logGet(43)) - raft.server.log.queue.byte-limit = 2147483647 (custom)
2019-09-24 21:55:43,015 [pool-27-thread-1] INFO  server.RaftServerConfigKeys (ConfUtils.java:logGet(43)) - raft.server.log.queue.element-limit = 1024 (custom)
2019-09-24 21:55:43,018 [pool-27-thread-1] INFO  server.RaftServerConfigKeys (ConfUtils.java:logGet(43)) - raft.server.log.segment.size.max = 1048576 (custom)
2019-09-24 21:55:43,018 [pool-27-thread-1] INFO  server.RaftServerConfigKeys (ConfUtils.java:logGet(43)) - raft.server.log.preallocated.size = 16384 (custom)
2019-09-24 21:55:43,018 [pool-27-thread-1] INFO  server.RaftServerConfigKeys (ConfUtils.java:logGet(43)) - raft.server.log.write.buffer.size = 33554432 (custom)
2019-09-24 21:55:43,019 [pool-27-thread-1] INFO  server.RaftServerConfigKeys (ConfUtils.java:logGet(43)) - raft.server.log.force.sync.num = 128 (default)
2019-09-24 21:55:43,020 [pool-27-thread-1] INFO  server.RaftServerConfigKeys (ConfUtils.java:logGet(43)) - raft.server.log.statemachine.data.sync = true (default)
2019-09-24 21:55:43,020 [pool-27-thread-1] INFO  server.RaftServerConfigKeys (ConfUtils.java:logGet(43)) - raft.server.log.statemachine.data.sync.timeout = 10s (default)
2019-09-24 21:55:43,020 [pool-27-thread-1] INFO  server.RaftServerConfigKeys (ConfUtils.java:logGet(43)) - raft.server.log.statemachine.data.sync.timeout.retry = -1 (default)
2019-09-24 21:55:43,027 [pool-27-thread-1] INFO  server.RaftServerConfigKeys (ConfUtils.java:logGet(43)) - raft.server.log.statemachine.data.caching.enabled = true (custom)
2019-09-24 21:55:43,031 [pool-27-thread-1] INFO  segmented.SegmentedRaftLogWorker (SegmentedRaftLogWorker.java:lambda$new$0(132)) - f8e4e886-09f1-4d5b-90a2-da08b733ae04@group-B553DFEE5372-SegmentedRaftLogWorker: flushIndex: setUnconditionally 0 -> -1
2019-09-24 21:55:43,035 [pool-27-thread-1] INFO  server.RaftServerConfigKeys (ConfUtils.java:logGet(43)) - raft.server.snapshot.auto.trigger.enabled = true (custom)
2019-09-24 21:55:43,036 [pool-27-thread-1] INFO  server.RaftServerConfigKeys (ConfUtils.java:logGet(43)) - raft.server.snapshot.auto.trigger.threshold = 10000 (custom)
2019-09-24 21:55:43,037 [pool-27-thread-1] INFO  server.RaftServerConfigKeys (ConfUtils.java:logGet(43)) - raft.server.snapshot.retention.num.files = 5 (custom)
2019-09-24 21:55:43,037 [pool-27-thread-1] INFO  server.RaftServerConfigKeys (ConfUtils.java:logGet(43)) - raft.server.retrycache.expirytime = 600000ms (custom)
2019-09-24 21:55:43,062 [pool-27-thread-1] INFO  impl.RaftServerImpl (RaftServerImpl.java:start(185)) - f8e4e886-09f1-4d5b-90a2-da08b733ae04@group-B553DFEE5372: start as a follower, conf=-1: [f8e4e886-09f1-4d5b-90a2-da08b733ae04:192.168.151.66:33172], old=null
2019-09-24 21:55:43,063 [pool-27-thread-1] INFO  impl.RaftServerImpl (RaftServerImpl.java:setRole(174)) - f8e4e886-09f1-4d5b-90a2-da08b733ae04@group-B553DFEE5372: changes role from      null to FOLLOWER at term 0 for startAsFollower
2019-09-24 21:55:43,064 [pool-27-thread-1] INFO  impl.RoleInfo (RoleInfo.java:updateAndGet(143)) - f8e4e886-09f1-4d5b-90a2-da08b733ae04: start FollowerState
2019-09-24 21:55:43,065 [pool-27-thread-1] INFO  util.JmxRegister (JmxRegister.java:tryRegister(44)) - Successfully registered JMX Bean with object name Ratis:service=RaftServer,group=group-B553DFEE5372,id=f8e4e886-09f1-4d5b-90a2-da08b733ae04
2019-09-24 21:55:43,114 [RatisPipelineUtilsThread] INFO  pipeline.PipelineStateManager (PipelineStateManager.java:addPipeline(56)) - Created pipeline Pipeline[ Id: 20f97456-dca2-41a6-a726-b553dfee5372, Nodes: f8e4e886-09f1-4d5b-90a2-da08b733ae04{ip: 192.168.151.66, host: pr-hdds-2162-v2v4x-1150571016, networkLocation: /default-rack, certSerialId: null}, Type:RATIS, Factor:ONE, State:OPEN]
2019-09-24 21:55:43,142 [grpc-default-executor-0] INFO  impl.RaftServerProxy (RaftServerProxy.java:addNew(89)) - 6fca94b5-ea7a-421e-a128-84dfa6a7a2bb: addNew group-A9D053AD63D9:[6fca94b5-ea7a-421e-a128-84dfa6a7a2bb:192.168.151.66:38431] returns group-A9D053AD63D9:java.util.concurrent.CompletableFuture@14691737[Not completed]
2019-09-24 21:55:43,186 [pool-57-thread-1] INFO  impl.RaftServerImpl (RaftServerImpl.java:<init>(95)) - 6fca94b5-ea7a-421e-a128-84dfa6a7a2bb: new RaftServerImpl for group-A9D053AD63D9:[6fca94b5-ea7a-421e-a128-84dfa6a7a2bb:192.168.151.66:38431] with ContainerStateMachine:uninitialized
2019-09-24 21:55:43,188 [pool-57-thread-1] INFO  server.RaftServerConfigKeys (ConfUtils.java:logGet(43)) - raft.server.rpc.timeout.min = 5s (custom)
2019-09-24 21:55:43,188 [pool-57-thread-1] INFO  server.RaftServerConfigKeys (ConfUtils.java:logGet(43)) - raft.server.rpc.timeout.max = 5200ms (custom)
2019-09-24 21:55:43,189 [pool-57-thread-1] INFO  server.RaftServerConfigKeys (ConfUtils.java:logGet(43)) - raft.server.rpcslowness.timeout = 120s (custom)
2019-09-24 21:55:43,189 [pool-57-thread-1] INFO  server.RaftServerConfigKeys (ConfUtils.java:logGet(43)) - raft.server.sleep.deviation.threshold = 300 (default)
2019-09-24 21:55:43,189 [pool-57-thread-1] INFO  server.RaftServerConfigKeys (ConfUtils.java:logGet(43)) - raft.server.log.appender.install.snapshot.enabled = false (custom)
2019-09-24 21:55:43,189 [pool-57-thread-1] INFO  impl.RaftServerImpl (ServerState.java:<init>(103)) - 6fca94b5-ea7a-421e-a128-84dfa6a7a2bb@group-A9D053AD63D9: ConfigurationManager, init=-1: [6fca94b5-ea7a-421e-a128-84dfa6a7a2bb:192.168.151.66:38431], old=null, confs=<EMPTY_MAP>
2019-09-24 21:55:43,189 [pool-57-thread-1] INFO  server.RaftServerConfigKeys (ConfUtils.java:logGet(43)) - raft.server.storage.dir = [/workdir/hadoop-ozone/integration-test/target/test-dir/MiniOzoneClusterImpl-23172438-10ff-4859-aa33-e6eea658d734/datanode-3/data/ratis] (custom)
2019-09-24 21:55:43,190 [pool-57-thread-1] INFO  storage.RaftStorageDirectory (RaftStorageDirectory.java:analyzeStorage(246)) - The storage directory /workdir/hadoop-ozone/integration-test/target/test-dir/MiniOzoneClusterImpl-23172438-10ff-4859-aa33-e6eea658d734/datanode-3/data/ratis/ef154f12-4666-48da-8794-a9d053ad63d9 does not exist. Creating ...
2019-09-24 21:55:43,211 [pool-57-thread-1] INFO  storage.RaftStorageDirectory (RaftStorageDirectory.java:tryLock(328)) - Lock on /workdir/hadoop-ozone/integration-test/target/test-dir/MiniOzoneClusterImpl-23172438-10ff-4859-aa33-e6eea658d734/datanode-3/data/ratis/ef154f12-4666-48da-8794-a9d053ad63d9/in_use.lock acquired by nodename 29506@pr-hdds-2162-v2v4x-1150571016
2019-09-24 21:55:43,225 [pool-57-thread-1] INFO  storage.RaftStorage (RaftStorage.java:format(72)) - Storage directory /workdir/hadoop-ozone/integration-test/target/test-dir/MiniOzoneClusterImpl-23172438-10ff-4859-aa33-e6eea658d734/datanode-3/data/ratis/ef154f12-4666-48da-8794-a9d053ad63d9 has been successfully formatted.
2019-09-24 21:55:43,226 [pool-57-thread-1] INFO  ratis.ContainerStateMachine (ContainerStateMachine.java:loadSnapshot(230)) - group-A9D053AD63D9: The snapshot info is null. Setting the last applied indexto:(t:0, i:~)
2019-09-24 21:55:43,228 [pool-57-thread-1] INFO  server.RaftServerConfigKeys (ConfUtils.java:logGet(43)) - raft.server.notification.no-leader.timeout = 120s (custom)
2019-09-24 21:55:43,228 [pool-57-thread-1] INFO  server.RaftServerConfigKeys (ConfUtils.java:logGet(43)) - raft.server.log.use.memory = false (default)
2019-09-24 21:55:43,228 [pool-57-thread-1] INFO  server.RaftServerConfigKeys (ConfUtils.java:logGet(43)) - raft.server.log.purge.gap = 1000000 (custom)
2019-09-24 21:55:43,228 [pool-57-thread-1] INFO  server.RaftServerConfigKeys (ConfUtils.java:logGet(43)) - raft.server.log.appender.buffer.byte-limit = 33554432 (custom)
2019-09-24 21:55:43,229 [pool-57-thread-1] INFO  server.RaftServerConfigKeys (ConfUtils.java:logGet(43)) - raft.server.log.segment.size.max = 1048576 (custom)
2019-09-24 21:55:43,229 [pool-57-thread-1] INFO  server.RaftServerConfigKeys (ConfUtils.java:logGet(43)) - raft.server.log.segment.cache.num.max = 2 (custom)
2019-09-24 21:55:43,229 [pool-57-thread-1] INFO  segmented.SegmentedRaftLogWorker (SegmentedRaftLogWorker.java:<init>(172)) - new 6fca94b5-ea7a-421e-a128-84dfa6a7a2bb@group-A9D053AD63D9-SegmentedRaftLogWorker for RaftStorage:Storage Directory /workdir/hadoop-ozone/integration-test/target/test-dir/MiniOzoneClusterImpl-23172438-10ff-4859-aa33-e6eea658d734/datanode-3/data/ratis/ef154f12-4666-48da-8794-a9d053ad63d9
2019-09-24 21:55:43,235 [pool-57-thread-1] INFO  server.RaftServerConfigKeys (ConfUtils.java:logGet(43)) - raft.server.log.queue.byte-limit = 2147483647 (custom)
2019-09-24 21:55:43,235 [pool-57-thread-1] INFO  server.RaftServerConfigKeys (ConfUtils.java:logGet(43)) - raft.server.log.queue.element-limit = 1024 (custom)
2019-09-24 21:55:43,235 [pool-57-thread-1] INFO  server.RaftServerConfigKeys (ConfUtils.java:logGet(43)) - raft.server.log.segment.size.max = 1048576 (custom)
2019-09-24 21:55:43,235 [pool-57-thread-1] INFO  server.RaftServerConfigKeys (ConfUtils.java:logGet(43)) - raft.server.log.preallocated.size = 16384 (custom)
2019-09-24 21:55:43,235 [pool-57-thread-1] INFO  server.RaftServerConfigKeys (ConfUtils.java:logGet(43)) - raft.server.log.write.buffer.size = 33554432 (custom)
2019-09-24 21:55:43,235 [pool-57-thread-1] INFO  server.RaftServerConfigKeys (ConfUtils.java:logGet(43)) - raft.server.log.force.sync.num = 128 (default)
2019-09-24 21:55:43,235 [pool-57-thread-1] INFO  server.RaftServerConfigKeys (ConfUtils.java:logGet(43)) - raft.server.log.statemachine.data.sync = true (default)
2019-09-24 21:55:43,235 [pool-57-thread-1] INFO  server.RaftServerConfigKeys (ConfUtils.java:logGet(43)) - raft.server.log.statemachine.data.sync.timeout = 10s (default)
2019-09-24 21:55:43,236 [pool-57-thread-1] INFO  server.RaftServerConfigKeys (ConfUtils.java:logGet(43)) - raft.server.log.statemachine.data.sync.timeout.retry = -1 (default)
2019-09-24 21:55:43,236 [pool-57-thread-1] INFO  server.RaftServerConfigKeys (ConfUtils.java:logGet(43)) - raft.server.log.statemachine.data.caching.enabled = true (custom)
2019-09-24 21:55:43,236 [pool-57-thread-1] INFO  segmented.SegmentedRaftLogWorker (SegmentedRaftLogWorker.java:lambda$new$0(132)) - 6fca94b5-ea7a-421e-a128-84dfa6a7a2bb@group-A9D053AD63D9-SegmentedRaftLogWorker: flushIndex: setUnconditionally 0 -> -1
2019-09-24 21:55:43,236 [pool-57-thread-1] INFO  server.RaftServerConfigKeys (ConfUtils.java:logGet(43)) - raft.server.snapshot.auto.trigger.enabled = true (custom)
2019-09-24 21:55:43,236 [pool-57-thread-1] INFO  server.RaftServerConfigKeys (ConfUtils.java:logGet(43)) - raft.server.snapshot.auto.trigger.threshold = 10000 (custom)
2019-09-24 21:55:43,237 [pool-57-thread-1] INFO  server.RaftServerConfigKeys (ConfUtils.java:logGet(43)) - raft.server.snapshot.retention.num.files = 5 (custom)
2019-09-24 21:55:43,237 [pool-57-thread-1] INFO  server.RaftServerConfigKeys (ConfUtils.java:logGet(43)) - raft.server.retrycache.expirytime = 600000ms (custom)
2019-09-24 21:55:43,240 [pool-57-thread-1] INFO  impl.RaftServerImpl (RaftServerImpl.java:start(185)) - 6fca94b5-ea7a-421e-a128-84dfa6a7a2bb@group-A9D053AD63D9: start as a follower, conf=-1: [6fca94b5-ea7a-421e-a128-84dfa6a7a2bb:192.168.151.66:38431], old=null
2019-09-24 21:55:43,240 [pool-57-thread-1] INFO  impl.RaftServerImpl (RaftServerImpl.java:setRole(174)) - 6fca94b5-ea7a-421e-a128-84dfa6a7a2bb@group-A9D053AD63D9: changes role from      null to FOLLOWER at term 0 for startAsFollower
2019-09-24 21:55:43,241 [pool-57-thread-1] INFO  impl.RoleInfo (RoleInfo.java:updateAndGet(143)) - 6fca94b5-ea7a-421e-a128-84dfa6a7a2bb: start FollowerState
2019-09-24 21:55:43,243 [pool-57-thread-1] INFO  util.JmxRegister (JmxRegister.java:tryRegister(44)) - Successfully registered JMX Bean with object name Ratis:service=RaftServer,group=group-A9D053AD63D9,id=6fca94b5-ea7a-421e-a128-84dfa6a7a2bb
2019-09-24 21:55:43,260 [RatisPipelineUtilsThread] INFO  pipeline.PipelineStateManager (PipelineStateManager.java:addPipeline(56)) - Created pipeline Pipeline[ Id: ef154f12-4666-48da-8794-a9d053ad63d9, Nodes: 6fca94b5-ea7a-421e-a128-84dfa6a7a2bb{ip: 192.168.151.66, host: pr-hdds-2162-v2v4x-1150571016, networkLocation: /default-rack, certSerialId: null}, Type:RATIS, Factor:ONE, State:OPEN]
2019-09-24 21:55:43,292 [grpc-default-executor-0] INFO  impl.RaftServerProxy (RaftServerProxy.java:addNew(89)) - e7958a38-39c8-4550-87a6-24a0ab1a6a1a: addNew group-F404C6DA206C:[e7958a38-39c8-4550-87a6-24a0ab1a6a1a:192.168.151.66:46112] returns group-F404C6DA206C:java.util.concurrent.CompletableFuture@50b9741e[Not completed]
2019-09-24 21:55:43,320 [pool-37-thread-1] INFO  impl.RaftServerImpl (RaftServerImpl.java:<init>(95)) - e7958a38-39c8-4550-87a6-24a0ab1a6a1a: new RaftServerImpl for group-F404C6DA206C:[e7958a38-39c8-4550-87a6-24a0ab1a6a1a:192.168.151.66:46112] with ContainerStateMachine:uninitialized
2019-09-24 21:55:43,321 [pool-37-thread-1] INFO  server.RaftServerConfigKeys (ConfUtils.java:logGet(43)) - raft.server.rpc.timeout.min = 5s (custom)
2019-09-24 21:55:43,321 [pool-37-thread-1] INFO  server.RaftServerConfigKeys (ConfUtils.java:logGet(43)) - raft.server.rpc.timeout.max = 5200ms (custom)
2019-09-24 21:55:43,321 [pool-37-thread-1] INFO  server.RaftServerConfigKeys (ConfUtils.java:logGet(43)) - raft.server.rpcslowness.timeout = 120s (custom)
2019-09-24 21:55:43,321 [pool-37-thread-1] INFO  server.RaftServerConfigKeys (ConfUtils.java:logGet(43)) - raft.server.sleep.deviation.threshold = 300 (default)
2019-09-24 21:55:43,321 [pool-37-thread-1] INFO  server.RaftServerConfigKeys (ConfUtils.java:logGet(43)) - raft.server.log.appender.install.snapshot.enabled = false (custom)
2019-09-24 21:55:43,322 [pool-37-thread-1] INFO  impl.RaftServerImpl (ServerState.java:<init>(103)) - e7958a38-39c8-4550-87a6-24a0ab1a6a1a@group-F404C6DA206C: ConfigurationManager, init=-1: [e7958a38-39c8-4550-87a6-24a0ab1a6a1a:192.168.151.66:46112], old=null, confs=<EMPTY_MAP>
2019-09-24 21:55:43,322 [pool-37-thread-1] INFO  server.RaftServerConfigKeys (ConfUtils.java:logGet(43)) - raft.server.storage.dir = [/workdir/hadoop-ozone/integration-test/target/test-dir/MiniOzoneClusterImpl-23172438-10ff-4859-aa33-e6eea658d734/datanode-1/data/ratis] (custom)
2019-09-24 21:55:43,322 [pool-37-thread-1] INFO  storage.RaftStorageDirectory (RaftStorageDirectory.java:analyzeStorage(246)) - The storage directory /workdir/hadoop-ozone/integration-test/target/test-dir/MiniOzoneClusterImpl-23172438-10ff-4859-aa33-e6eea658d734/datanode-1/data/ratis/bea3e0d9-db2e-4436-9391-f404c6da206c does not exist. Creating ...
2019-09-24 21:55:43,327 [pool-37-thread-1] INFO  storage.RaftStorageDirectory (RaftStorageDirectory.java:tryLock(328)) - Lock on /workdir/hadoop-ozone/integration-test/target/test-dir/MiniOzoneClusterImpl-23172438-10ff-4859-aa33-e6eea658d734/datanode-1/data/ratis/bea3e0d9-db2e-4436-9391-f404c6da206c/in_use.lock acquired by nodename 29506@pr-hdds-2162-v2v4x-1150571016
2019-09-24 21:55:43,341 [pool-37-thread-1] INFO  storage.RaftStorage (RaftStorage.java:format(72)) - Storage directory /workdir/hadoop-ozone/integration-test/target/test-dir/MiniOzoneClusterImpl-23172438-10ff-4859-aa33-e6eea658d734/datanode-1/data/ratis/bea3e0d9-db2e-4436-9391-f404c6da206c has been successfully formatted.
2019-09-24 21:55:43,341 [pool-37-thread-1] INFO  ratis.ContainerStateMachine (ContainerStateMachine.java:loadSnapshot(230)) - group-F404C6DA206C: The snapshot info is null. Setting the last applied indexto:(t:0, i:~)
2019-09-24 21:55:43,341 [pool-37-thread-1] INFO  server.RaftServerConfigKeys (ConfUtils.java:logGet(43)) - raft.server.notification.no-leader.timeout = 120s (custom)
2019-09-24 21:55:43,341 [pool-37-thread-1] INFO  server.RaftServerConfigKeys (ConfUtils.java:logGet(43)) - raft.server.log.use.memory = false (default)
2019-09-24 21:55:43,341 [pool-37-thread-1] INFO  server.RaftServerConfigKeys (ConfUtils.java:logGet(43)) - raft.server.log.purge.gap = 1000000 (custom)
2019-09-24 21:55:43,342 [pool-37-thread-1] INFO  server.RaftServerConfigKeys (ConfUtils.java:logGet(43)) - raft.server.log.appender.buffer.byte-limit = 33554432 (custom)
2019-09-24 21:55:43,342 [pool-37-thread-1] INFO  server.RaftServerConfigKeys (ConfUtils.java:logGet(43)) - raft.server.log.segment.size.max = 1048576 (custom)
2019-09-24 21:55:43,342 [pool-37-thread-1] INFO  server.RaftServerConfigKeys (ConfUtils.java:logGet(43)) - raft.server.log.segment.cache.num.max = 2 (custom)
2019-09-24 21:55:43,342 [pool-37-thread-1] INFO  segmented.SegmentedRaftLogWorker (SegmentedRaftLogWorker.java:<init>(172)) - new e7958a38-39c8-4550-87a6-24a0ab1a6a1a@group-F404C6DA206C-SegmentedRaftLogWorker for RaftStorage:Storage Directory /workdir/hadoop-ozone/integration-test/target/test-dir/MiniOzoneClusterImpl-23172438-10ff-4859-aa33-e6eea658d734/datanode-1/data/ratis/bea3e0d9-db2e-4436-9391-f404c6da206c
2019-09-24 21:55:43,373 [pool-37-thread-1] INFO  server.RaftServerConfigKeys (ConfUtils.java:logGet(43)) - raft.server.log.queue.byte-limit = 2147483647 (custom)
2019-09-24 21:55:43,374 [pool-37-thread-1] INFO  server.RaftServerConfigKeys (ConfUtils.java:logGet(43)) - raft.server.log.queue.element-limit = 1024 (custom)
2019-09-24 21:55:43,374 [pool-37-thread-1] INFO  server.RaftServerConfigKeys (ConfUtils.java:logGet(43)) - raft.server.log.segment.size.max = 1048576 (custom)
2019-09-24 21:55:43,374 [pool-37-thread-1] INFO  server.RaftServerConfigKeys (ConfUtils.java:logGet(43)) - raft.server.log.preallocated.size = 16384 (custom)
2019-09-24 21:55:43,375 [pool-37-thread-1] INFO  server.RaftServerConfigKeys (ConfUtils.java:logGet(43)) - raft.server.log.write.buffer.size = 33554432 (custom)
2019-09-24 21:55:43,375 [pool-37-thread-1] INFO  server.RaftServerConfigKeys (ConfUtils.java:logGet(43)) - raft.server.log.force.sync.num = 128 (default)
2019-09-24 21:55:43,375 [pool-37-thread-1] INFO  server.RaftServerConfigKeys (ConfUtils.java:logGet(43)) - raft.server.log.statemachine.data.sync = true (default)
2019-09-24 21:55:43,375 [pool-37-thread-1] INFO  server.RaftServerConfigKeys (ConfUtils.java:logGet(43)) - raft.server.log.statemachine.data.sync.timeout = 10s (default)
2019-09-24 21:55:43,375 [pool-37-thread-1] INFO  server.RaftServerConfigKeys (ConfUtils.java:logGet(43)) - raft.server.log.statemachine.data.sync.timeout.retry = -1 (default)
2019-09-24 21:55:43,376 [pool-37-thread-1] INFO  server.RaftServerConfigKeys (ConfUtils.java:logGet(43)) - raft.server.log.statemachine.data.caching.enabled = true (custom)
2019-09-24 21:55:43,376 [pool-37-thread-1] INFO  segmented.SegmentedRaftLogWorker (SegmentedRaftLogWorker.java:lambda$new$0(132)) - e7958a38-39c8-4550-87a6-24a0ab1a6a1a@group-F404C6DA206C-SegmentedRaftLogWorker: flushIndex: setUnconditionally 0 -> -1
2019-09-24 21:55:43,376 [pool-37-thread-1] INFO  server.RaftServerConfigKeys (ConfUtils.java:logGet(43)) - raft.server.snapshot.auto.trigger.enabled = true (custom)
2019-09-24 21:55:43,377 [pool-37-thread-1] INFO  server.RaftServerConfigKeys (ConfUtils.java:logGet(43)) - raft.server.snapshot.auto.trigger.threshold = 10000 (custom)
2019-09-24 21:55:43,377 [pool-37-thread-1] INFO  server.RaftServerConfigKeys (ConfUtils.java:logGet(43)) - raft.server.snapshot.retention.num.files = 5 (custom)
2019-09-24 21:55:43,377 [pool-37-thread-1] INFO  server.RaftServerConfigKeys (ConfUtils.java:logGet(43)) - raft.server.retrycache.expirytime = 600000ms (custom)
2019-09-24 21:55:43,382 [pool-37-thread-1] INFO  impl.RaftServerImpl (RaftServerImpl.java:start(185)) - e7958a38-39c8-4550-87a6-24a0ab1a6a1a@group-F404C6DA206C: start as a follower, conf=-1: [e7958a38-39c8-4550-87a6-24a0ab1a6a1a:192.168.151.66:46112], old=null
2019-09-24 21:55:43,382 [pool-37-thread-1] INFO  impl.RaftServerImpl (RaftServerImpl.java:setRole(174)) - e7958a38-39c8-4550-87a6-24a0ab1a6a1a@group-F404C6DA206C: changes role from      null to FOLLOWER at term 0 for startAsFollower
2019-09-24 21:55:43,382 [pool-37-thread-1] INFO  impl.RoleInfo (RoleInfo.java:updateAndGet(143)) - e7958a38-39c8-4550-87a6-24a0ab1a6a1a: start FollowerState
2019-09-24 21:55:43,383 [pool-37-thread-1] INFO  util.JmxRegister (JmxRegister.java:tryRegister(44)) - Successfully registered JMX Bean with object name Ratis:service=RaftServer,group=group-F404C6DA206C,id=e7958a38-39c8-4550-87a6-24a0ab1a6a1a
2019-09-24 21:55:43,395 [RatisPipelineUtilsThread] INFO  pipeline.PipelineStateManager (PipelineStateManager.java:addPipeline(56)) - Created pipeline Pipeline[ Id: bea3e0d9-db2e-4436-9391-f404c6da206c, Nodes: e7958a38-39c8-4550-87a6-24a0ab1a6a1a{ip: 192.168.151.66, host: pr-hdds-2162-v2v4x-1150571016, networkLocation: /default-rack, certSerialId: null}, Type:RATIS, Factor:ONE, State:OPEN]
2019-09-24 21:55:43,411 [grpc-default-executor-0] INFO  impl.RaftServerProxy (RaftServerProxy.java:addNew(89)) - 2f4e8c38-a5b8-4f52-81d3-d8149c3086e8: addNew group-FCF24587D137:[2f4e8c38-a5b8-4f52-81d3-d8149c3086e8:192.168.151.66:44539] returns group-FCF24587D137:java.util.concurrent.CompletableFuture@42b0aad5[Not completed]
2019-09-24 21:55:43,413 [pool-47-thread-1] INFO  impl.RaftServerImpl (RaftServerImpl.java:<init>(95)) - 2f4e8c38-a5b8-4f52-81d3-d8149c3086e8: new RaftServerImpl for group-FCF24587D137:[2f4e8c38-a5b8-4f52-81d3-d8149c3086e8:192.168.151.66:44539] with ContainerStateMachine:uninitialized
2019-09-24 21:55:43,414 [pool-47-thread-1] INFO  server.RaftServerConfigKeys (ConfUtils.java:logGet(43)) - raft.server.rpc.timeout.min = 5s (custom)
2019-09-24 21:55:43,414 [pool-47-thread-1] INFO  server.RaftServerConfigKeys (ConfUtils.java:logGet(43)) - raft.server.rpc.timeout.max = 5200ms (custom)
2019-09-24 21:55:43,414 [pool-47-thread-1] INFO  server.RaftServerConfigKeys (ConfUtils.java:logGet(43)) - raft.server.rpcslowness.timeout = 120s (custom)
2019-09-24 21:55:43,414 [pool-47-thread-1] INFO  server.RaftServerConfigKeys (ConfUtils.java:logGet(43)) - raft.server.sleep.deviation.threshold = 300 (default)
2019-09-24 21:55:43,414 [pool-47-thread-1] INFO  server.RaftServerConfigKeys (ConfUtils.java:logGet(43)) - raft.server.log.appender.install.snapshot.enabled = false (custom)
2019-09-24 21:55:43,415 [pool-47-thread-1] INFO  impl.RaftServerImpl (ServerState.java:<init>(103)) - 2f4e8c38-a5b8-4f52-81d3-d8149c3086e8@group-FCF24587D137: ConfigurationManager, init=-1: [2f4e8c38-a5b8-4f52-81d3-d8149c3086e8:192.168.151.66:44539], old=null, confs=<EMPTY_MAP>
2019-09-24 21:55:43,415 [pool-47-thread-1] INFO  server.RaftServerConfigKeys (ConfUtils.java:logGet(43)) - raft.server.storage.dir = [/workdir/hadoop-ozone/integration-test/target/test-dir/MiniOzoneClusterImpl-23172438-10ff-4859-aa33-e6eea658d734/datanode-2/data/ratis] (custom)
2019-09-24 21:55:43,415 [pool-47-thread-1] INFO  storage.RaftStorageDirectory (RaftStorageDirectory.java:analyzeStorage(246)) - The storage directory /workdir/hadoop-ozone/integration-test/target/test-dir/MiniOzoneClusterImpl-23172438-10ff-4859-aa33-e6eea658d734/datanode-2/data/ratis/8763cc26-6d56-438f-9ad2-fcf24587d137 does not exist. Creating ...
2019-09-24 21:55:43,427 [pool-47-thread-1] INFO  storage.RaftStorageDirectory (RaftStorageDirectory.java:tryLock(328)) - Lock on /workdir/hadoop-ozone/integration-test/target/test-dir/MiniOzoneClusterImpl-23172438-10ff-4859-aa33-e6eea658d734/datanode-2/data/ratis/8763cc26-6d56-438f-9ad2-fcf24587d137/in_use.lock acquired by nodename 29506@pr-hdds-2162-v2v4x-1150571016
2019-09-24 21:55:43,468 [pool-47-thread-1] INFO  storage.RaftStorage (RaftStorage.java:format(72)) - Storage directory /workdir/hadoop-ozone/integration-test/target/test-dir/MiniOzoneClusterImpl-23172438-10ff-4859-aa33-e6eea658d734/datanode-2/data/ratis/8763cc26-6d56-438f-9ad2-fcf24587d137 has been successfully formatted.
2019-09-24 21:55:43,468 [pool-47-thread-1] INFO  ratis.ContainerStateMachine (ContainerStateMachine.java:loadSnapshot(230)) - group-FCF24587D137: The snapshot info is null. Setting the last applied indexto:(t:0, i:~)
2019-09-24 21:55:43,468 [pool-47-thread-1] INFO  server.RaftServerConfigKeys (ConfUtils.java:logGet(43)) - raft.server.notification.no-leader.timeout = 120s (custom)
2019-09-24 21:55:43,468 [pool-47-thread-1] INFO  server.RaftServerConfigKeys (ConfUtils.java:logGet(43)) - raft.server.log.use.memory = false (default)
2019-09-24 21:55:43,469 [pool-47-thread-1] INFO  server.RaftServerConfigKeys (ConfUtils.java:logGet(43)) - raft.server.log.purge.gap = 1000000 (custom)
2019-09-24 21:55:43,469 [pool-47-thread-1] INFO  server.RaftServerConfigKeys (ConfUtils.java:logGet(43)) - raft.server.log.appender.buffer.byte-limit = 33554432 (custom)
2019-09-24 21:55:43,469 [pool-47-thread-1] INFO  server.RaftServerConfigKeys (ConfUtils.java:logGet(43)) - raft.server.log.segment.size.max = 1048576 (custom)
2019-09-24 21:55:43,469 [pool-47-thread-1] INFO  server.RaftServerConfigKeys (ConfUtils.java:logGet(43)) - raft.server.log.segment.cache.num.max = 2 (custom)
2019-09-24 21:55:43,469 [pool-47-thread-1] INFO  segmented.SegmentedRaftLogWorker (SegmentedRaftLogWorker.java:<init>(172)) - new 2f4e8c38-a5b8-4f52-81d3-d8149c3086e8@group-FCF24587D137-SegmentedRaftLogWorker for RaftStorage:Storage Directory /workdir/hadoop-ozone/integration-test/target/test-dir/MiniOzoneClusterImpl-23172438-10ff-4859-aa33-e6eea658d734/datanode-2/data/ratis/8763cc26-6d56-438f-9ad2-fcf24587d137
2019-09-24 21:55:43,474 [pool-47-thread-1] INFO  server.RaftServerConfigKeys (ConfUtils.java:logGet(43)) - raft.server.log.queue.byte-limit = 2147483647 (custom)
2019-09-24 21:55:43,474 [pool-47-thread-1] INFO  server.RaftServerConfigKeys (ConfUtils.java:logGet(43)) - raft.server.log.queue.element-limit = 1024 (custom)
2019-09-24 21:55:43,475 [pool-47-thread-1] INFO  server.RaftServerConfigKeys (ConfUtils.java:logGet(43)) - raft.server.log.segment.size.max = 1048576 (custom)
2019-09-24 21:55:43,475 [pool-47-thread-1] INFO  server.RaftServerConfigKeys (ConfUtils.java:logGet(43)) - raft.server.log.preallocated.size = 16384 (custom)
2019-09-24 21:55:43,475 [pool-47-thread-1] INFO  server.RaftServerConfigKeys (ConfUtils.java:logGet(43)) - raft.server.log.write.buffer.size = 33554432 (custom)
2019-09-24 21:55:43,475 [pool-47-thread-1] INFO  server.RaftServerConfigKeys (ConfUtils.java:logGet(43)) - raft.server.log.force.sync.num = 128 (default)
2019-09-24 21:55:43,475 [pool-47-thread-1] INFO  server.RaftServerConfigKeys (ConfUtils.java:logGet(43)) - raft.server.log.statemachine.data.sync = true (default)
2019-09-24 21:55:43,475 [pool-47-thread-1] INFO  server.RaftServerConfigKeys (ConfUtils.java:logGet(43)) - raft.server.log.statemachine.data.sync.timeout = 10s (default)
2019-09-24 21:55:43,475 [pool-47-thread-1] INFO  server.RaftServerConfigKeys (ConfUtils.java:logGet(43)) - raft.server.log.statemachine.data.sync.timeout.retry = -1 (default)
2019-09-24 21:55:43,476 [pool-47-thread-1] INFO  server.RaftServerConfigKeys (ConfUtils.java:logGet(43)) - raft.server.log.statemachine.data.caching.enabled = true (custom)
2019-09-24 21:55:43,476 [pool-47-thread-1] INFO  segmented.SegmentedRaftLogWorker (SegmentedRaftLogWorker.java:lambda$new$0(132)) - 2f4e8c38-a5b8-4f52-81d3-d8149c3086e8@group-FCF24587D137-SegmentedRaftLogWorker: flushIndex: setUnconditionally 0 -> -1
2019-09-24 21:55:43,476 [pool-47-thread-1] INFO  server.RaftServerConfigKeys (ConfUtils.java:logGet(43)) - raft.server.snapshot.auto.trigger.enabled = true (custom)
2019-09-24 21:55:43,477 [pool-47-thread-1] INFO  server.RaftServerConfigKeys (ConfUtils.java:logGet(43)) - raft.server.snapshot.auto.trigger.threshold = 10000 (custom)
2019-09-24 21:55:43,477 [pool-47-thread-1] INFO  server.RaftServerConfigKeys (ConfUtils.java:logGet(43)) - raft.server.snapshot.retention.num.files = 5 (custom)
2019-09-24 21:55:43,477 [pool-47-thread-1] INFO  server.RaftServerConfigKeys (ConfUtils.java:logGet(43)) - raft.server.retrycache.expirytime = 600000ms (custom)
2019-09-24 21:55:43,481 [pool-47-thread-1] INFO  impl.RaftServerImpl (RaftServerImpl.java:start(185)) - 2f4e8c38-a5b8-4f52-81d3-d8149c3086e8@group-FCF24587D137: start as a follower, conf=-1: [2f4e8c38-a5b8-4f52-81d3-d8149c3086e8:192.168.151.66:44539], old=null
2019-09-24 21:55:43,481 [pool-47-thread-1] INFO  impl.RaftServerImpl (RaftServerImpl.java:setRole(174)) - 2f4e8c38-a5b8-4f52-81d3-d8149c3086e8@group-FCF24587D137: changes role from      null to FOLLOWER at term 0 for startAsFollower
2019-09-24 21:55:43,481 [pool-47-thread-1] INFO  impl.RoleInfo (RoleInfo.java:updateAndGet(143)) - 2f4e8c38-a5b8-4f52-81d3-d8149c3086e8: start FollowerState
2019-09-24 21:55:43,481 [pool-47-thread-1] INFO  util.JmxRegister (JmxRegister.java:tryRegister(44)) - Successfully registered JMX Bean with object name Ratis:service=RaftServer,group=group-FCF24587D137,id=2f4e8c38-a5b8-4f52-81d3-d8149c3086e8
2019-09-24 21:55:43,492 [RatisPipelineUtilsThread] INFO  pipeline.PipelineStateManager (PipelineStateManager.java:addPipeline(56)) - Created pipeline Pipeline[ Id: 8763cc26-6d56-438f-9ad2-fcf24587d137, Nodes: 2f4e8c38-a5b8-4f52-81d3-d8149c3086e8{ip: 192.168.151.66, host: pr-hdds-2162-v2v4x-1150571016, networkLocation: /default-rack, certSerialId: null}, Type:RATIS, Factor:ONE, State:OPEN]
2019-09-24 21:55:43,509 [grpc-default-executor-0] INFO  impl.RaftServerProxy (RaftServerProxy.java:addNew(89)) - 8f11d4e6-b202-4932-9b49-c0cc974c2946: addNew group-37ED7669B9DF:[8f11d4e6-b202-4932-9b49-c0cc974c2946:192.168.151.66:39215] returns group-37ED7669B9DF:java.util.concurrent.CompletableFuture@1834d93f[Not completed]
2019-09-24 21:55:43,511 [pool-77-thread-1] INFO  impl.RaftServerImpl (RaftServerImpl.java:<init>(95)) - 8f11d4e6-b202-4932-9b49-c0cc974c2946: new RaftServerImpl for group-37ED7669B9DF:[8f11d4e6-b202-4932-9b49-c0cc974c2946:192.168.151.66:39215] with ContainerStateMachine:uninitialized
2019-09-24 21:55:43,512 [pool-77-thread-1] INFO  server.RaftServerConfigKeys (ConfUtils.java:logGet(43)) - raft.server.rpc.timeout.min = 5s (custom)
2019-09-24 21:55:43,512 [pool-77-thread-1] INFO  server.RaftServerConfigKeys (ConfUtils.java:logGet(43)) - raft.server.rpc.timeout.max = 5200ms (custom)
2019-09-24 21:55:43,512 [pool-77-thread-1] INFO  server.RaftServerConfigKeys (ConfUtils.java:logGet(43)) - raft.server.rpcslowness.timeout = 120s (custom)
2019-09-24 21:55:43,512 [pool-77-thread-1] INFO  server.RaftServerConfigKeys (ConfUtils.java:logGet(43)) - raft.server.sleep.deviation.threshold = 300 (default)
2019-09-24 21:55:43,512 [pool-77-thread-1] INFO  server.RaftServerConfigKeys (ConfUtils.java:logGet(43)) - raft.server.log.appender.install.snapshot.enabled = false (custom)
2019-09-24 21:55:43,513 [pool-77-thread-1] INFO  impl.RaftServerImpl (ServerState.java:<init>(103)) - 8f11d4e6-b202-4932-9b49-c0cc974c2946@group-37ED7669B9DF: ConfigurationManager, init=-1: [8f11d4e6-b202-4932-9b49-c0cc974c2946:192.168.151.66:39215], old=null, confs=<EMPTY_MAP>
2019-09-24 21:55:43,513 [pool-77-thread-1] INFO  server.RaftServerConfigKeys (ConfUtils.java:logGet(43)) - raft.server.storage.dir = [/workdir/hadoop-ozone/integration-test/target/test-dir/MiniOzoneClusterImpl-23172438-10ff-4859-aa33-e6eea658d734/datanode-5/data/ratis] (custom)
2019-09-24 21:55:43,513 [pool-77-thread-1] INFO  storage.RaftStorageDirectory (RaftStorageDirectory.java:analyzeStorage(246)) - The storage directory /workdir/hadoop-ozone/integration-test/target/test-dir/MiniOzoneClusterImpl-23172438-10ff-4859-aa33-e6eea658d734/datanode-5/data/ratis/4df18a00-386d-40b5-9094-37ed7669b9df does not exist. Creating ...
2019-09-24 21:55:43,538 [pool-77-thread-1] INFO  storage.RaftStorageDirectory (RaftStorageDirectory.java:tryLock(328)) - Lock on /workdir/hadoop-ozone/integration-test/target/test-dir/MiniOzoneClusterImpl-23172438-10ff-4859-aa33-e6eea658d734/datanode-5/data/ratis/4df18a00-386d-40b5-9094-37ed7669b9df/in_use.lock acquired by nodename 29506@pr-hdds-2162-v2v4x-1150571016
2019-09-24 21:55:43,550 [pool-77-thread-1] INFO  storage.RaftStorage (RaftStorage.java:format(72)) - Storage directory /workdir/hadoop-ozone/integration-test/target/test-dir/MiniOzoneClusterImpl-23172438-10ff-4859-aa33-e6eea658d734/datanode-5/data/ratis/4df18a00-386d-40b5-9094-37ed7669b9df has been successfully formatted.
2019-09-24 21:55:43,551 [pool-77-thread-1] INFO  ratis.ContainerStateMachine (ContainerStateMachine.java:loadSnapshot(230)) - group-37ED7669B9DF: The snapshot info is null. Setting the last applied indexto:(t:0, i:~)
2019-09-24 21:55:43,551 [pool-77-thread-1] INFO  server.RaftServerConfigKeys (ConfUtils.java:logGet(43)) - raft.server.notification.no-leader.timeout = 120s (custom)
2019-09-24 21:55:43,551 [pool-77-thread-1] INFO  server.RaftServerConfigKeys (ConfUtils.java:logGet(43)) - raft.server.log.use.memory = false (default)
2019-09-24 21:55:43,551 [pool-77-thread-1] INFO  server.RaftServerConfigKeys (ConfUtils.java:logGet(43)) - raft.server.log.purge.gap = 1000000 (custom)
2019-09-24 21:55:43,552 [pool-77-thread-1] INFO  server.RaftServerConfigKeys (ConfUtils.java:logGet(43)) - raft.server.log.appender.buffer.byte-limit = 33554432 (custom)
2019-09-24 21:55:43,552 [pool-77-thread-1] INFO  server.RaftServerConfigKeys (ConfUtils.java:logGet(43)) - raft.server.log.segment.size.max = 1048576 (custom)
2019-09-24 21:55:43,552 [pool-77-thread-1] INFO  server.RaftServerConfigKeys (ConfUtils.java:logGet(43)) - raft.server.log.segment.cache.num.max = 2 (custom)
2019-09-24 21:55:43,552 [pool-77-thread-1] INFO  segmented.SegmentedRaftLogWorker (SegmentedRaftLogWorker.java:<init>(172)) - new 8f11d4e6-b202-4932-9b49-c0cc974c2946@group-37ED7669B9DF-SegmentedRaftLogWorker for RaftStorage:Storage Directory /workdir/hadoop-ozone/integration-test/target/test-dir/MiniOzoneClusterImpl-23172438-10ff-4859-aa33-e6eea658d734/datanode-5/data/ratis/4df18a00-386d-40b5-9094-37ed7669b9df
2019-09-24 21:55:43,557 [pool-77-thread-1] INFO  server.RaftServerConfigKeys (ConfUtils.java:logGet(43)) - raft.server.log.queue.byte-limit = 2147483647 (custom)
2019-09-24 21:55:43,557 [pool-77-thread-1] INFO  server.RaftServerConfigKeys (ConfUtils.java:logGet(43)) - raft.server.log.queue.element-limit = 1024 (custom)
2019-09-24 21:55:43,559 [pool-77-thread-1] INFO  server.RaftServerConfigKeys (ConfUtils.java:logGet(43)) - raft.server.log.segment.size.max = 1048576 (custom)
2019-09-24 21:55:43,559 [pool-77-thread-1] INFO  server.RaftServerConfigKeys (ConfUtils.java:logGet(43)) - raft.server.log.preallocated.size = 16384 (custom)
2019-09-24 21:55:43,559 [pool-77-thread-1] INFO  server.RaftServerConfigKeys (ConfUtils.java:logGet(43)) - raft.server.log.write.buffer.size = 33554432 (custom)
2019-09-24 21:55:43,560 [pool-77-thread-1] INFO  server.RaftServerConfigKeys (ConfUtils.java:logGet(43)) - raft.server.log.force.sync.num = 128 (default)
2019-09-24 21:55:43,560 [pool-77-thread-1] INFO  server.RaftServerConfigKeys (ConfUtils.java:logGet(43)) - raft.server.log.statemachine.data.sync = true (default)
2019-09-24 21:55:43,560 [pool-77-thread-1] INFO  server.RaftServerConfigKeys (ConfUtils.java:logGet(43)) - raft.server.log.statemachine.data.sync.timeout = 10s (default)
2019-09-24 21:55:43,560 [pool-77-thread-1] INFO  server.RaftServerConfigKeys (ConfUtils.java:logGet(43)) - raft.server.log.statemachine.data.sync.timeout.retry = -1 (default)
2019-09-24 21:55:43,561 [pool-77-thread-1] INFO  server.RaftServerConfigKeys (ConfUtils.java:logGet(43)) - raft.server.log.statemachine.data.caching.enabled = true (custom)
2019-09-24 21:55:43,561 [pool-77-thread-1] INFO  segmented.SegmentedRaftLogWorker (SegmentedRaftLogWorker.java:lambda$new$0(132)) - 8f11d4e6-b202-4932-9b49-c0cc974c2946@group-37ED7669B9DF-SegmentedRaftLogWorker: flushIndex: setUnconditionally 0 -> -1
2019-09-24 21:55:43,561 [pool-77-thread-1] INFO  server.RaftServerConfigKeys (ConfUtils.java:logGet(43)) - raft.server.snapshot.auto.trigger.enabled = true (custom)
2019-09-24 21:55:43,561 [pool-77-thread-1] INFO  server.RaftServerConfigKeys (ConfUtils.java:logGet(43)) - raft.server.snapshot.auto.trigger.threshold = 10000 (custom)
2019-09-24 21:55:43,562 [pool-77-thread-1] INFO  server.RaftServerConfigKeys (ConfUtils.java:logGet(43)) - raft.server.snapshot.retention.num.files = 5 (custom)
2019-09-24 21:55:43,562 [pool-77-thread-1] INFO  server.RaftServerConfigKeys (ConfUtils.java:logGet(43)) - raft.server.retrycache.expirytime = 600000ms (custom)
2019-09-24 21:55:43,566 [pool-77-thread-1] INFO  impl.RaftServerImpl (RaftServerImpl.java:start(185)) - 8f11d4e6-b202-4932-9b49-c0cc974c2946@group-37ED7669B9DF: start as a follower, conf=-1: [8f11d4e6-b202-4932-9b49-c0cc974c2946:192.168.151.66:39215], old=null
2019-09-24 21:55:43,566 [pool-77-thread-1] INFO  impl.RaftServerImpl (RaftServerImpl.java:setRole(174)) - 8f11d4e6-b202-4932-9b49-c0cc974c2946@group-37ED7669B9DF: changes role from      null to FOLLOWER at term 0 for startAsFollower
2019-09-24 21:55:43,566 [pool-77-thread-1] INFO  impl.RoleInfo (RoleInfo.java:updateAndGet(143)) - 8f11d4e6-b202-4932-9b49-c0cc974c2946: start FollowerState
2019-09-24 21:55:43,567 [pool-77-thread-1] INFO  util.JmxRegister (JmxRegister.java:tryRegister(44)) - Successfully registered JMX Bean with object name Ratis:service=RaftServer,group=group-37ED7669B9DF,id=8f11d4e6-b202-4932-9b49-c0cc974c2946
2019-09-24 21:55:43,578 [RatisPipelineUtilsThread] INFO  pipeline.PipelineStateManager (PipelineStateManager.java:addPipeline(56)) - Created pipeline Pipeline[ Id: 4df18a00-386d-40b5-9094-37ed7669b9df, Nodes: 8f11d4e6-b202-4932-9b49-c0cc974c2946{ip: 192.168.151.66, host: pr-hdds-2162-v2v4x-1150571016, networkLocation: /default-rack, certSerialId: null}, Type:RATIS, Factor:ONE, State:OPEN]
2019-09-24 21:55:43,596 [grpc-default-executor-0] INFO  impl.RaftServerProxy (RaftServerProxy.java:addNew(89)) - a48fc246-bdf6-4f8b-914f-d1887677d859: addNew group-1E3101363235:[a48fc246-bdf6-4f8b-914f-d1887677d859:192.168.151.66:41354] returns group-1E3101363235:java.util.concurrent.CompletableFuture@1698388b[Not completed]
2019-09-24 21:55:43,598 [pool-67-thread-1] INFO  impl.RaftServerImpl (RaftServerImpl.java:<init>(95)) - a48fc246-bdf6-4f8b-914f-d1887677d859: new RaftServerImpl for group-1E3101363235:[a48fc246-bdf6-4f8b-914f-d1887677d859:192.168.151.66:41354] with ContainerStateMachine:uninitialized
2019-09-24 21:55:43,602 [pool-67-thread-1] INFO  server.RaftServerConfigKeys (ConfUtils.java:logGet(43)) - raft.server.rpc.timeout.min = 5s (custom)
2019-09-24 21:55:43,602 [pool-67-thread-1] INFO  server.RaftServerConfigKeys (ConfUtils.java:logGet(43)) - raft.server.rpc.timeout.max = 5200ms (custom)
2019-09-24 21:55:43,602 [pool-67-thread-1] INFO  server.RaftServerConfigKeys (ConfUtils.java:logGet(43)) - raft.server.rpcslowness.timeout = 120s (custom)
2019-09-24 21:55:43,602 [pool-67-thread-1] INFO  server.RaftServerConfigKeys (ConfUtils.java:logGet(43)) - raft.server.sleep.deviation.threshold = 300 (default)
2019-09-24 21:55:43,602 [pool-67-thread-1] INFO  server.RaftServerConfigKeys (ConfUtils.java:logGet(43)) - raft.server.log.appender.install.snapshot.enabled = false (custom)
2019-09-24 21:55:43,602 [pool-67-thread-1] INFO  impl.RaftServerImpl (ServerState.java:<init>(103)) - a48fc246-bdf6-4f8b-914f-d1887677d859@group-1E3101363235: ConfigurationManager, init=-1: [a48fc246-bdf6-4f8b-914f-d1887677d859:192.168.151.66:41354], old=null, confs=<EMPTY_MAP>
2019-09-24 21:55:43,602 [pool-67-thread-1] INFO  server.RaftServerConfigKeys (ConfUtils.java:logGet(43)) - raft.server.storage.dir = [/workdir/hadoop-ozone/integration-test/target/test-dir/MiniOzoneClusterImpl-23172438-10ff-4859-aa33-e6eea658d734/datanode-4/data/ratis] (custom)
2019-09-24 21:55:43,603 [pool-67-thread-1] INFO  storage.RaftStorageDirectory (RaftStorageDirectory.java:analyzeStorage(246)) - The storage directory /workdir/hadoop-ozone/integration-test/target/test-dir/MiniOzoneClusterImpl-23172438-10ff-4859-aa33-e6eea658d734/datanode-4/data/ratis/50aa478f-e0a0-4331-b1db-1e3101363235 does not exist. Creating ...
2019-09-24 21:55:43,615 [pool-67-thread-1] INFO  storage.RaftStorageDirectory (RaftStorageDirectory.java:tryLock(328)) - Lock on /workdir/hadoop-ozone/integration-test/target/test-dir/MiniOzoneClusterImpl-23172438-10ff-4859-aa33-e6eea658d734/datanode-4/data/ratis/50aa478f-e0a0-4331-b1db-1e3101363235/in_use.lock acquired by nodename 29506@pr-hdds-2162-v2v4x-1150571016
2019-09-24 21:55:43,628 [pool-67-thread-1] INFO  storage.RaftStorage (RaftStorage.java:format(72)) - Storage directory /workdir/hadoop-ozone/integration-test/target/test-dir/MiniOzoneClusterImpl-23172438-10ff-4859-aa33-e6eea658d734/datanode-4/data/ratis/50aa478f-e0a0-4331-b1db-1e3101363235 has been successfully formatted.
2019-09-24 21:55:43,628 [pool-67-thread-1] INFO  ratis.ContainerStateMachine (ContainerStateMachine.java:loadSnapshot(230)) - group-1E3101363235: The snapshot info is null. Setting the last applied indexto:(t:0, i:~)
2019-09-24 21:55:43,628 [pool-67-thread-1] INFO  server.RaftServerConfigKeys (ConfUtils.java:logGet(43)) - raft.server.notification.no-leader.timeout = 120s (custom)
2019-09-24 21:55:43,628 [pool-67-thread-1] INFO  server.RaftServerConfigKeys (ConfUtils.java:logGet(43)) - raft.server.log.use.memory = false (default)
2019-09-24 21:55:43,628 [pool-67-thread-1] INFO  server.RaftServerConfigKeys (ConfUtils.java:logGet(43)) - raft.server.log.purge.gap = 1000000 (custom)
2019-09-24 21:55:43,628 [pool-67-thread-1] INFO  server.RaftServerConfigKeys (ConfUtils.java:logGet(43)) - raft.server.log.appender.buffer.byte-limit = 33554432 (custom)
2019-09-24 21:55:43,629 [pool-67-thread-1] INFO  server.RaftServerConfigKeys (ConfUtils.java:logGet(43)) - raft.server.log.segment.size.max = 1048576 (custom)
2019-09-24 21:55:43,629 [pool-67-thread-1] INFO  server.RaftServerConfigKeys (ConfUtils.java:logGet(43)) - raft.server.log.segment.cache.num.max = 2 (custom)
2019-09-24 21:55:43,629 [pool-67-thread-1] INFO  segmented.SegmentedRaftLogWorker (SegmentedRaftLogWorker.java:<init>(172)) - new a48fc246-bdf6-4f8b-914f-d1887677d859@group-1E3101363235-SegmentedRaftLogWorker for RaftStorage:Storage Directory /workdir/hadoop-ozone/integration-test/target/test-dir/MiniOzoneClusterImpl-23172438-10ff-4859-aa33-e6eea658d734/datanode-4/data/ratis/50aa478f-e0a0-4331-b1db-1e3101363235
2019-09-24 21:55:43,631 [pool-67-thread-1] INFO  server.RaftServerConfigKeys (ConfUtils.java:logGet(43)) - raft.server.log.queue.byte-limit = 2147483647 (custom)
2019-09-24 21:55:43,631 [pool-67-thread-1] INFO  server.RaftServerConfigKeys (ConfUtils.java:logGet(43)) - raft.server.log.queue.element-limit = 1024 (custom)
2019-09-24 21:55:43,631 [pool-67-thread-1] INFO  server.RaftServerConfigKeys (ConfUtils.java:logGet(43)) - raft.server.log.segment.size.max = 1048576 (custom)
2019-09-24 21:55:43,631 [pool-67-thread-1] INFO  server.RaftServerConfigKeys (ConfUtils.java:logGet(43)) - raft.server.log.preallocated.size = 16384 (custom)
2019-09-24 21:55:43,631 [pool-67-thread-1] INFO  server.RaftServerConfigKeys (ConfUtils.java:logGet(43)) - raft.server.log.write.buffer.size = 33554432 (custom)
2019-09-24 21:55:43,631 [pool-67-thread-1] INFO  server.RaftServerConfigKeys (ConfUtils.java:logGet(43)) - raft.server.log.force.sync.num = 128 (default)
2019-09-24 21:55:43,631 [pool-67-thread-1] INFO  server.RaftServerConfigKeys (ConfUtils.java:logGet(43)) - raft.server.log.statemachine.data.sync = true (default)
2019-09-24 21:55:43,632 [pool-67-thread-1] INFO  server.RaftServerConfigKeys (ConfUtils.java:logGet(43)) - raft.server.log.statemachine.data.sync.timeout = 10s (default)
2019-09-24 21:55:43,632 [pool-67-thread-1] INFO  server.RaftServerConfigKeys (ConfUtils.java:logGet(43)) - raft.server.log.statemachine.data.sync.timeout.retry = -1 (default)
2019-09-24 21:55:43,632 [pool-67-thread-1] INFO  server.RaftServerConfigKeys (ConfUtils.java:logGet(43)) - raft.server.log.statemachine.data.caching.enabled = true (custom)
2019-09-24 21:55:43,632 [pool-67-thread-1] INFO  segmented.SegmentedRaftLogWorker (SegmentedRaftLogWorker.java:lambda$new$0(132)) - a48fc246-bdf6-4f8b-914f-d1887677d859@group-1E3101363235-SegmentedRaftLogWorker: flushIndex: setUnconditionally 0 -> -1
2019-09-24 21:55:43,632 [pool-67-thread-1] INFO  server.RaftServerConfigKeys (ConfUtils.java:logGet(43)) - raft.server.snapshot.auto.trigger.enabled = true (custom)
2019-09-24 21:55:43,633 [pool-67-thread-1] INFO  server.RaftServerConfigKeys (ConfUtils.java:logGet(43)) - raft.server.snapshot.auto.trigger.threshold = 10000 (custom)
2019-09-24 21:55:43,633 [pool-67-thread-1] INFO  server.RaftServerConfigKeys (ConfUtils.java:logGet(43)) - raft.server.snapshot.retention.num.files = 5 (custom)
2019-09-24 21:55:43,633 [pool-67-thread-1] INFO  server.RaftServerConfigKeys (ConfUtils.java:logGet(43)) - raft.server.retrycache.expirytime = 600000ms (custom)
2019-09-24 21:55:43,635 [pool-67-thread-1] INFO  impl.RaftServerImpl (RaftServerImpl.java:start(185)) - a48fc246-bdf6-4f8b-914f-d1887677d859@group-1E3101363235: start as a follower, conf=-1: [a48fc246-bdf6-4f8b-914f-d1887677d859:192.168.151.66:41354], old=null
2019-09-24 21:55:43,635 [pool-67-thread-1] INFO  impl.RaftServerImpl (RaftServerImpl.java:setRole(174)) - a48fc246-bdf6-4f8b-914f-d1887677d859@group-1E3101363235: changes role from      null to FOLLOWER at term 0 for startAsFollower
2019-09-24 21:55:43,635 [pool-67-thread-1] INFO  impl.RoleInfo (RoleInfo.java:updateAndGet(143)) - a48fc246-bdf6-4f8b-914f-d1887677d859: start FollowerState
2019-09-24 21:55:43,635 [pool-67-thread-1] INFO  util.JmxRegister (JmxRegister.java:tryRegister(44)) - Successfully registered JMX Bean with object name Ratis:service=RaftServer,group=group-1E3101363235,id=a48fc246-bdf6-4f8b-914f-d1887677d859
2019-09-24 21:55:43,643 [RatisPipelineUtilsThread] INFO  pipeline.PipelineStateManager (PipelineStateManager.java:addPipeline(56)) - Created pipeline Pipeline[ Id: 50aa478f-e0a0-4331-b1db-1e3101363235, Nodes: a48fc246-bdf6-4f8b-914f-d1887677d859{ip: 192.168.151.66, host: pr-hdds-2162-v2v4x-1150571016, networkLocation: /default-rack, certSerialId: null}, Type:RATIS, Factor:ONE, State:OPEN]
2019-09-24 21:55:43,656 [grpc-default-executor-0] INFO  impl.RaftServerProxy (RaftServerProxy.java:addNew(89)) - 2cee2565-8d5e-44db-8b53-370c653dd1d2: addNew group-B9EE92F46194:[2cee2565-8d5e-44db-8b53-370c653dd1d2:192.168.151.66:45133] returns group-B9EE92F46194:java.util.concurrent.CompletableFuture@75b41c4e[Not completed]
2019-09-24 21:55:43,657 [pool-87-thread-1] INFO  impl.RaftServerImpl (RaftServerImpl.java:<init>(95)) - 2cee2565-8d5e-44db-8b53-370c653dd1d2: new RaftServerImpl for group-B9EE92F46194:[2cee2565-8d5e-44db-8b53-370c653dd1d2:192.168.151.66:45133] with ContainerStateMachine:uninitialized
2019-09-24 21:55:43,657 [pool-87-thread-1] INFO  server.RaftServerConfigKeys (ConfUtils.java:logGet(43)) - raft.server.rpc.timeout.min = 5s (custom)
2019-09-24 21:55:43,657 [pool-87-thread-1] INFO  server.RaftServerConfigKeys (ConfUtils.java:logGet(43)) - raft.server.rpc.timeout.max = 5200ms (custom)
2019-09-24 21:55:43,658 [pool-87-thread-1] INFO  server.RaftServerConfigKeys (ConfUtils.java:logGet(43)) - raft.server.rpcslowness.timeout = 120s (custom)
2019-09-24 21:55:43,658 [pool-87-thread-1] INFO  server.RaftServerConfigKeys (ConfUtils.java:logGet(43)) - raft.server.sleep.deviation.threshold = 300 (default)
2019-09-24 21:55:43,658 [pool-87-thread-1] INFO  server.RaftServerConfigKeys (ConfUtils.java:logGet(43)) - raft.server.log.appender.install.snapshot.enabled = false (custom)
2019-09-24 21:55:43,658 [pool-87-thread-1] INFO  impl.RaftServerImpl (ServerState.java:<init>(103)) - 2cee2565-8d5e-44db-8b53-370c653dd1d2@group-B9EE92F46194: ConfigurationManager, init=-1: [2cee2565-8d5e-44db-8b53-370c653dd1d2:192.168.151.66:45133], old=null, confs=<EMPTY_MAP>
2019-09-24 21:55:43,658 [pool-87-thread-1] INFO  server.RaftServerConfigKeys (ConfUtils.java:logGet(43)) - raft.server.storage.dir = [/workdir/hadoop-ozone/integration-test/target/test-dir/MiniOzoneClusterImpl-23172438-10ff-4859-aa33-e6eea658d734/datanode-6/data/ratis] (custom)
2019-09-24 21:55:43,658 [pool-87-thread-1] INFO  storage.RaftStorageDirectory (RaftStorageDirectory.java:analyzeStorage(246)) - The storage directory /workdir/hadoop-ozone/integration-test/target/test-dir/MiniOzoneClusterImpl-23172438-10ff-4859-aa33-e6eea658d734/datanode-6/data/ratis/bad35c6b-a8b2-4a6f-8486-b9ee92f46194 does not exist. Creating ...
2019-09-24 21:55:43,672 [pool-87-thread-1] INFO  storage.RaftStorageDirectory (RaftStorageDirectory.java:tryLock(328)) - Lock on /workdir/hadoop-ozone/integration-test/target/test-dir/MiniOzoneClusterImpl-23172438-10ff-4859-aa33-e6eea658d734/datanode-6/data/ratis/bad35c6b-a8b2-4a6f-8486-b9ee92f46194/in_use.lock acquired by nodename 29506@pr-hdds-2162-v2v4x-1150571016
2019-09-24 21:55:43,703 [pool-87-thread-1] INFO  storage.RaftStorage (RaftStorage.java:format(72)) - Storage directory /workdir/hadoop-ozone/integration-test/target/test-dir/MiniOzoneClusterImpl-23172438-10ff-4859-aa33-e6eea658d734/datanode-6/data/ratis/bad35c6b-a8b2-4a6f-8486-b9ee92f46194 has been successfully formatted.
2019-09-24 21:55:43,703 [pool-87-thread-1] INFO  ratis.ContainerStateMachine (ContainerStateMachine.java:loadSnapshot(230)) - group-B9EE92F46194: The snapshot info is null. Setting the last applied indexto:(t:0, i:~)
2019-09-24 21:55:43,704 [pool-87-thread-1] INFO  server.RaftServerConfigKeys (ConfUtils.java:logGet(43)) - raft.server.notification.no-leader.timeout = 120s (custom)
2019-09-24 21:55:43,704 [pool-87-thread-1] INFO  server.RaftServerConfigKeys (ConfUtils.java:logGet(43)) - raft.server.log.use.memory = false (default)
2019-09-24 21:55:43,704 [pool-87-thread-1] INFO  server.RaftServerConfigKeys (ConfUtils.java:logGet(43)) - raft.server.log.purge.gap = 1000000 (custom)
2019-09-24 21:55:43,704 [pool-87-thread-1] INFO  server.RaftServerConfigKeys (ConfUtils.java:logGet(43)) - raft.server.log.appender.buffer.byte-limit = 33554432 (custom)
2019-09-24 21:55:43,704 [pool-87-thread-1] INFO  server.RaftServerConfigKeys (ConfUtils.java:logGet(43)) - raft.server.log.segment.size.max = 1048576 (custom)
2019-09-24 21:55:43,705 [pool-87-thread-1] INFO  server.RaftServerConfigKeys (ConfUtils.java:logGet(43)) - raft.server.log.segment.cache.num.max = 2 (custom)
2019-09-24 21:55:43,705 [pool-87-thread-1] INFO  segmented.SegmentedRaftLogWorker (SegmentedRaftLogWorker.java:<init>(172)) - new 2cee2565-8d5e-44db-8b53-370c653dd1d2@group-B9EE92F46194-SegmentedRaftLogWorker for RaftStorage:Storage Directory /workdir/hadoop-ozone/integration-test/target/test-dir/MiniOzoneClusterImpl-23172438-10ff-4859-aa33-e6eea658d734/datanode-6/data/ratis/bad35c6b-a8b2-4a6f-8486-b9ee92f46194
2019-09-24 21:55:43,707 [pool-87-thread-1] INFO  server.RaftServerConfigKeys (ConfUtils.java:logGet(43)) - raft.server.log.queue.byte-limit = 2147483647 (custom)
2019-09-24 21:55:43,707 [pool-87-thread-1] INFO  server.RaftServerConfigKeys (ConfUtils.java:logGet(43)) - raft.server.log.queue.element-limit = 1024 (custom)
2019-09-24 21:55:43,708 [pool-87-thread-1] INFO  server.RaftServerConfigKeys (ConfUtils.java:logGet(43)) - raft.server.log.segment.size.max = 1048576 (custom)
2019-09-24 21:55:43,708 [pool-87-thread-1] INFO  server.RaftServerConfigKeys (ConfUtils.java:logGet(43)) - raft.server.log.preallocated.size = 16384 (custom)
2019-09-24 21:55:43,708 [pool-87-thread-1] INFO  server.RaftServerConfigKeys (ConfUtils.java:logGet(43)) - raft.server.log.write.buffer.size = 33554432 (custom)
2019-09-24 21:55:43,708 [pool-87-thread-1] INFO  server.RaftServerConfigKeys (ConfUtils.java:logGet(43)) - raft.server.log.force.sync.num = 128 (default)
2019-09-24 21:55:43,708 [pool-87-thread-1] INFO  server.RaftServerConfigKeys (ConfUtils.java:logGet(43)) - raft.server.log.statemachine.data.sync = true (default)
2019-09-24 21:55:43,708 [pool-87-thread-1] INFO  server.RaftServerConfigKeys (ConfUtils.java:logGet(43)) - raft.server.log.statemachine.data.sync.timeout = 10s (default)
2019-09-24 21:55:43,709 [pool-87-thread-1] INFO  server.RaftServerConfigKeys (ConfUtils.java:logGet(43)) - raft.server.log.statemachine.data.sync.timeout.retry = -1 (default)
2019-09-24 21:55:43,709 [pool-87-thread-1] INFO  server.RaftServerConfigKeys (ConfUtils.java:logGet(43)) - raft.server.log.statemachine.data.caching.enabled = true (custom)
2019-09-24 21:55:43,709 [pool-87-thread-1] INFO  segmented.SegmentedRaftLogWorker (SegmentedRaftLogWorker.java:lambda$new$0(132)) - 2cee2565-8d5e-44db-8b53-370c653dd1d2@group-B9EE92F46194-SegmentedRaftLogWorker: flushIndex: setUnconditionally 0 -> -1
2019-09-24 21:55:43,709 [pool-87-thread-1] INFO  server.RaftServerConfigKeys (ConfUtils.java:logGet(43)) - raft.server.snapshot.auto.trigger.enabled = true (custom)
2019-09-24 21:55:43,710 [pool-87-thread-1] INFO  server.RaftServerConfigKeys (ConfUtils.java:logGet(43)) - raft.server.snapshot.auto.trigger.threshold = 10000 (custom)
2019-09-24 21:55:43,710 [pool-87-thread-1] INFO  server.RaftServerConfigKeys (ConfUtils.java:logGet(43)) - raft.server.snapshot.retention.num.files = 5 (custom)
2019-09-24 21:55:43,710 [pool-87-thread-1] INFO  server.RaftServerConfigKeys (ConfUtils.java:logGet(43)) - raft.server.retrycache.expirytime = 600000ms (custom)
2019-09-24 21:55:43,712 [pool-87-thread-1] INFO  impl.RaftServerImpl (RaftServerImpl.java:start(185)) - 2cee2565-8d5e-44db-8b53-370c653dd1d2@group-B9EE92F46194: start as a follower, conf=-1: [2cee2565-8d5e-44db-8b53-370c653dd1d2:192.168.151.66:45133], old=null
2019-09-24 21:55:43,712 [pool-87-thread-1] INFO  impl.RaftServerImpl (RaftServerImpl.java:setRole(174)) - 2cee2565-8d5e-44db-8b53-370c653dd1d2@group-B9EE92F46194: changes role from      null to FOLLOWER at term 0 for startAsFollower
2019-09-24 21:55:43,713 [pool-87-thread-1] INFO  impl.RoleInfo (RoleInfo.java:updateAndGet(143)) - 2cee2565-8d5e-44db-8b53-370c653dd1d2: start FollowerState
2019-09-24 21:55:43,713 [pool-87-thread-1] INFO  util.JmxRegister (JmxRegister.java:tryRegister(44)) - Successfully registered JMX Bean with object name Ratis:service=RaftServer,group=group-B9EE92F46194,id=2cee2565-8d5e-44db-8b53-370c653dd1d2
2019-09-24 21:55:43,730 [RatisPipelineUtilsThread] INFO  pipeline.PipelineStateManager (PipelineStateManager.java:addPipeline(56)) - Created pipeline Pipeline[ Id: bad35c6b-a8b2-4a6f-8486-b9ee92f46194, Nodes: 2cee2565-8d5e-44db-8b53-370c653dd1d2{ip: 192.168.151.66, host: pr-hdds-2162-v2v4x-1150571016, networkLocation: /default-rack, certSerialId: null}, Type:RATIS, Factor:ONE, State:OPEN]
2019-09-24 21:55:43,753 [main] INFO  ozone.MiniOzoneClusterImpl (MiniOzoneClusterImpl.java:lambda$waitForClusterToBeReady$0(147)) - Cluster is ready. Got 7 of 7 DN Heartbeats.
2019-09-24 21:55:43,765 [grpc-default-executor-1] INFO  impl.RaftServerProxy (RaftServerProxy.java:addNew(89)) - 6fca94b5-ea7a-421e-a128-84dfa6a7a2bb: addNew group-371DD5F7BCB9:[6fca94b5-ea7a-421e-a128-84dfa6a7a2bb:192.168.151.66:38431, 2f4e8c38-a5b8-4f52-81d3-d8149c3086e8:192.168.151.66:44539, e7958a38-39c8-4550-87a6-24a0ab1a6a1a:192.168.151.66:46112] returns group-371DD5F7BCB9:java.util.concurrent.CompletableFuture@4314b6a1[Not completed]
2019-09-24 21:55:43,768 [pool-57-thread-1] INFO  impl.RaftServerImpl (RaftServerImpl.java:<init>(95)) - 6fca94b5-ea7a-421e-a128-84dfa6a7a2bb: new RaftServerImpl for group-371DD5F7BCB9:[6fca94b5-ea7a-421e-a128-84dfa6a7a2bb:192.168.151.66:38431, 2f4e8c38-a5b8-4f52-81d3-d8149c3086e8:192.168.151.66:44539, e7958a38-39c8-4550-87a6-24a0ab1a6a1a:192.168.151.66:46112] with ContainerStateMachine:uninitialized
2019-09-24 21:55:43,769 [pool-57-thread-1] INFO  server.RaftServerConfigKeys (ConfUtils.java:logGet(43)) - raft.server.rpc.timeout.min = 5s (custom)
2019-09-24 21:55:43,769 [pool-57-thread-1] INFO  server.RaftServerConfigKeys (ConfUtils.java:logGet(43)) - raft.server.rpc.timeout.max = 5200ms (custom)
2019-09-24 21:55:43,769 [pool-57-thread-1] INFO  server.RaftServerConfigKeys (ConfUtils.java:logGet(43)) - raft.server.rpcslowness.timeout = 120s (custom)
2019-09-24 21:55:43,769 [pool-57-thread-1] INFO  server.RaftServerConfigKeys (ConfUtils.java:logGet(43)) - raft.server.sleep.deviation.threshold = 300 (default)
2019-09-24 21:55:43,769 [grpc-default-executor-1] INFO  impl.RaftServerProxy (RaftServerProxy.java:addNew(89)) - 2f4e8c38-a5b8-4f52-81d3-d8149c3086e8: addNew group-371DD5F7BCB9:[6fca94b5-ea7a-421e-a128-84dfa6a7a2bb:192.168.151.66:38431, 2f4e8c38-a5b8-4f52-81d3-d8149c3086e8:192.168.151.66:44539, e7958a38-39c8-4550-87a6-24a0ab1a6a1a:192.168.151.66:46112] returns group-371DD5F7BCB9:java.util.concurrent.CompletableFuture@61630a7[Not completed]
2019-09-24 21:55:43,769 [pool-57-thread-1] INFO  server.RaftServerConfigKeys (ConfUtils.java:logGet(43)) - raft.server.log.appender.install.snapshot.enabled = false (custom)
2019-09-24 21:55:43,769 [pool-57-thread-1] INFO  impl.RaftServerImpl (ServerState.java:<init>(103)) - 6fca94b5-ea7a-421e-a128-84dfa6a7a2bb@group-371DD5F7BCB9: ConfigurationManager, init=-1: [6fca94b5-ea7a-421e-a128-84dfa6a7a2bb:192.168.151.66:38431, 2f4e8c38-a5b8-4f52-81d3-d8149c3086e8:192.168.151.66:44539, e7958a38-39c8-4550-87a6-24a0ab1a6a1a:192.168.151.66:46112], old=null, confs=<EMPTY_MAP>
2019-09-24 21:55:43,769 [pool-57-thread-1] INFO  server.RaftServerConfigKeys (ConfUtils.java:logGet(43)) - raft.server.storage.dir = [/workdir/hadoop-ozone/integration-test/target/test-dir/MiniOzoneClusterImpl-23172438-10ff-4859-aa33-e6eea658d734/datanode-3/data/ratis] (custom)
2019-09-24 21:55:43,770 [pool-57-thread-1] INFO  storage.RaftStorageDirectory (RaftStorageDirectory.java:analyzeStorage(246)) - The storage directory /workdir/hadoop-ozone/integration-test/target/test-dir/MiniOzoneClusterImpl-23172438-10ff-4859-aa33-e6eea658d734/datanode-3/data/ratis/55c3129e-a6d9-419a-8097-371dd5f7bcb9 does not exist. Creating ...
2019-09-24 21:55:43,770 [pool-47-thread-1] INFO  impl.RaftServerImpl (RaftServerImpl.java:<init>(95)) - 2f4e8c38-a5b8-4f52-81d3-d8149c3086e8: new RaftServerImpl for group-371DD5F7BCB9:[6fca94b5-ea7a-421e-a128-84dfa6a7a2bb:192.168.151.66:38431, 2f4e8c38-a5b8-4f52-81d3-d8149c3086e8:192.168.151.66:44539, e7958a38-39c8-4550-87a6-24a0ab1a6a1a:192.168.151.66:46112] with ContainerStateMachine:uninitialized
2019-09-24 21:55:43,770 [pool-47-thread-1] INFO  server.RaftServerConfigKeys (ConfUtils.java:logGet(43)) - raft.server.rpc.timeout.min = 5s (custom)
2019-09-24 21:55:43,770 [pool-47-thread-1] INFO  server.RaftServerConfigKeys (ConfUtils.java:logGet(43)) - raft.server.rpc.timeout.max = 5200ms (custom)
2019-09-24 21:55:43,771 [pool-47-thread-1] INFO  server.RaftServerConfigKeys (ConfUtils.java:logGet(43)) - raft.server.rpcslowness.timeout = 120s (custom)
2019-09-24 21:55:43,771 [pool-47-thread-1] INFO  server.RaftServerConfigKeys (ConfUtils.java:logGet(43)) - raft.server.sleep.deviation.threshold = 300 (default)
2019-09-24 21:55:43,771 [pool-47-thread-1] INFO  server.RaftServerConfigKeys (ConfUtils.java:logGet(43)) - raft.server.log.appender.install.snapshot.enabled = false (custom)
2019-09-24 21:55:43,771 [pool-47-thread-1] INFO  impl.RaftServerImpl (ServerState.java:<init>(103)) - 2f4e8c38-a5b8-4f52-81d3-d8149c3086e8@group-371DD5F7BCB9: ConfigurationManager, init=-1: [6fca94b5-ea7a-421e-a128-84dfa6a7a2bb:192.168.151.66:38431, 2f4e8c38-a5b8-4f52-81d3-d8149c3086e8:192.168.151.66:44539, e7958a38-39c8-4550-87a6-24a0ab1a6a1a:192.168.151.66:46112], old=null, confs=<EMPTY_MAP>
2019-09-24 21:55:43,771 [pool-47-thread-1] INFO  server.RaftServerConfigKeys (ConfUtils.java:logGet(43)) - raft.server.storage.dir = [/workdir/hadoop-ozone/integration-test/target/test-dir/MiniOzoneClusterImpl-23172438-10ff-4859-aa33-e6eea658d734/datanode-2/data/ratis] (custom)
2019-09-24 21:55:43,771 [pool-47-thread-1] INFO  storage.RaftStorageDirectory (RaftStorageDirectory.java:analyzeStorage(246)) - The storage directory /workdir/hadoop-ozone/integration-test/target/test-dir/MiniOzoneClusterImpl-23172438-10ff-4859-aa33-e6eea658d734/datanode-2/data/ratis/55c3129e-a6d9-419a-8097-371dd5f7bcb9 does not exist. Creating ...
2019-09-24 21:55:43,774 [grpc-default-executor-2] INFO  impl.RaftServerProxy (RaftServerProxy.java:addNew(89)) - e7958a38-39c8-4550-87a6-24a0ab1a6a1a: addNew group-371DD5F7BCB9:[6fca94b5-ea7a-421e-a128-84dfa6a7a2bb:192.168.151.66:38431, 2f4e8c38-a5b8-4f52-81d3-d8149c3086e8:192.168.151.66:44539, e7958a38-39c8-4550-87a6-24a0ab1a6a1a:192.168.151.66:46112] returns group-371DD5F7BCB9:java.util.concurrent.CompletableFuture@73406ceb[Not completed]
2019-09-24 21:55:43,775 [pool-37-thread-1] INFO  impl.RaftServerImpl (RaftServerImpl.java:<init>(95)) - e7958a38-39c8-4550-87a6-24a0ab1a6a1a: new RaftServerImpl for group-371DD5F7BCB9:[6fca94b5-ea7a-421e-a128-84dfa6a7a2bb:192.168.151.66:38431, 2f4e8c38-a5b8-4f52-81d3-d8149c3086e8:192.168.151.66:44539, e7958a38-39c8-4550-87a6-24a0ab1a6a1a:192.168.151.66:46112] with ContainerStateMachine:uninitialized
2019-09-24 21:55:43,776 [pool-37-thread-1] INFO  server.RaftServerConfigKeys (ConfUtils.java:logGet(43)) - raft.server.rpc.timeout.min = 5s (custom)
2019-09-24 21:55:43,776 [pool-37-thread-1] INFO  server.RaftServerConfigKeys (ConfUtils.java:logGet(43)) - raft.server.rpc.timeout.max = 5200ms (custom)
2019-09-24 21:55:43,777 [pool-37-thread-1] INFO  server.RaftServerConfigKeys (ConfUtils.java:logGet(43)) - raft.server.rpcslowness.timeout = 120s (custom)
2019-09-24 21:55:43,777 [pool-37-thread-1] INFO  server.RaftServerConfigKeys (ConfUtils.java:logGet(43)) - raft.server.sleep.deviation.threshold = 300 (default)
2019-09-24 21:55:43,777 [pool-37-thread-1] INFO  server.RaftServerConfigKeys (ConfUtils.java:logGet(43)) - raft.server.log.appender.install.snapshot.enabled = false (custom)
2019-09-24 21:55:43,777 [pool-37-thread-1] INFO  impl.RaftServerImpl (ServerState.java:<init>(103)) - e7958a38-39c8-4550-87a6-24a0ab1a6a1a@group-371DD5F7BCB9: ConfigurationManager, init=-1: [6fca94b5-ea7a-421e-a128-84dfa6a7a2bb:192.168.151.66:38431, 2f4e8c38-a5b8-4f52-81d3-d8149c3086e8:192.168.151.66:44539, e7958a38-39c8-4550-87a6-24a0ab1a6a1a:192.168.151.66:46112], old=null, confs=<EMPTY_MAP>
2019-09-24 21:55:43,777 [pool-37-thread-1] INFO  server.RaftServerConfigKeys (ConfUtils.java:logGet(43)) - raft.server.storage.dir = [/workdir/hadoop-ozone/integration-test/target/test-dir/MiniOzoneClusterImpl-23172438-10ff-4859-aa33-e6eea658d734/datanode-1/data/ratis] (custom)
2019-09-24 21:55:43,778 [pool-37-thread-1] INFO  storage.RaftStorageDirectory (RaftStorageDirectory.java:analyzeStorage(246)) - The storage directory /workdir/hadoop-ozone/integration-test/target/test-dir/MiniOzoneClusterImpl-23172438-10ff-4859-aa33-e6eea658d734/datanode-1/data/ratis/55c3129e-a6d9-419a-8097-371dd5f7bcb9 does not exist. Creating ...
2019-09-24 21:55:43,795 [pool-57-thread-1] INFO  storage.RaftStorageDirectory (RaftStorageDirectory.java:tryLock(328)) - Lock on /workdir/hadoop-ozone/integration-test/target/test-dir/MiniOzoneClusterImpl-23172438-10ff-4859-aa33-e6eea658d734/datanode-3/data/ratis/55c3129e-a6d9-419a-8097-371dd5f7bcb9/in_use.lock acquired by nodename 29506@pr-hdds-2162-v2v4x-1150571016
2019-09-24 21:55:43,795 [pool-37-thread-1] INFO  storage.RaftStorageDirectory (RaftStorageDirectory.java:tryLock(328)) - Lock on /workdir/hadoop-ozone/integration-test/target/test-dir/MiniOzoneClusterImpl-23172438-10ff-4859-aa33-e6eea658d734/datanode-1/data/ratis/55c3129e-a6d9-419a-8097-371dd5f7bcb9/in_use.lock acquired by nodename 29506@pr-hdds-2162-v2v4x-1150571016
2019-09-24 21:55:43,795 [pool-47-thread-1] INFO  storage.RaftStorageDirectory (RaftStorageDirectory.java:tryLock(328)) - Lock on /workdir/hadoop-ozone/integration-test/target/test-dir/MiniOzoneClusterImpl-23172438-10ff-4859-aa33-e6eea658d734/datanode-2/data/ratis/55c3129e-a6d9-419a-8097-371dd5f7bcb9/in_use.lock acquired by nodename 29506@pr-hdds-2162-v2v4x-1150571016
2019-09-24 21:55:43,820 [pool-57-thread-1] INFO  storage.RaftStorage (RaftStorage.java:format(72)) - Storage directory /workdir/hadoop-ozone/integration-test/target/test-dir/MiniOzoneClusterImpl-23172438-10ff-4859-aa33-e6eea658d734/datanode-3/data/ratis/55c3129e-a6d9-419a-8097-371dd5f7bcb9 has been successfully formatted.
2019-09-24 21:55:43,820 [pool-47-thread-1] INFO  storage.RaftStorage (RaftStorage.java:format(72)) - Storage directory /workdir/hadoop-ozone/integration-test/target/test-dir/MiniOzoneClusterImpl-23172438-10ff-4859-aa33-e6eea658d734/datanode-2/data/ratis/55c3129e-a6d9-419a-8097-371dd5f7bcb9 has been successfully formatted.
2019-09-24 21:55:43,820 [pool-37-thread-1] INFO  storage.RaftStorage (RaftStorage.java:format(72)) - Storage directory /workdir/hadoop-ozone/integration-test/target/test-dir/MiniOzoneClusterImpl-23172438-10ff-4859-aa33-e6eea658d734/datanode-1/data/ratis/55c3129e-a6d9-419a-8097-371dd5f7bcb9 has been successfully formatted.
2019-09-24 21:55:43,820 [pool-57-thread-1] INFO  ratis.ContainerStateMachine (ContainerStateMachine.java:loadSnapshot(230)) - group-371DD5F7BCB9: The snapshot info is null. Setting the last applied indexto:(t:0, i:~)
2019-09-24 21:55:43,821 [pool-37-thread-1] INFO  ratis.ContainerStateMachine (ContainerStateMachine.java:loadSnapshot(230)) - group-371DD5F7BCB9: The snapshot info is null. Setting the last applied indexto:(t:0, i:~)
2019-09-24 21:55:43,821 [pool-57-thread-1] INFO  server.RaftServerConfigKeys (ConfUtils.java:logGet(43)) - raft.server.notification.no-leader.timeout = 120s (custom)
2019-09-24 21:55:43,821 [pool-47-thread-1] INFO  ratis.ContainerStateMachine (ContainerStateMachine.java:loadSnapshot(230)) - group-371DD5F7BCB9: The snapshot info is null. Setting the last applied indexto:(t:0, i:~)
2019-09-24 21:55:43,821 [pool-57-thread-1] INFO  server.RaftServerConfigKeys (ConfUtils.java:logGet(43)) - raft.server.log.use.memory = false (default)
2019-09-24 21:55:43,821 [pool-37-thread-1] INFO  server.RaftServerConfigKeys (ConfUtils.java:logGet(43)) - raft.server.notification.no-leader.timeout = 120s (custom)
2019-09-24 21:55:43,821 [pool-57-thread-1] INFO  server.RaftServerConfigKeys (ConfUtils.java:logGet(43)) - raft.server.log.purge.gap = 1000000 (custom)
2019-09-24 21:55:43,821 [pool-47-thread-1] INFO  server.RaftServerConfigKeys (ConfUtils.java:logGet(43)) - raft.server.notification.no-leader.timeout = 120s (custom)
2019-09-24 21:55:43,821 [pool-57-thread-1] INFO  server.RaftServerConfigKeys (ConfUtils.java:logGet(43)) - raft.server.log.appender.buffer.byte-limit = 33554432 (custom)
2019-09-24 21:55:43,821 [pool-37-thread-1] INFO  server.RaftServerConfigKeys (ConfUtils.java:logGet(43)) - raft.server.log.use.memory = false (default)
2019-09-24 21:55:43,822 [pool-57-thread-1] INFO  server.RaftServerConfigKeys (ConfUtils.java:logGet(43)) - raft.server.log.segment.size.max = 1048576 (custom)
2019-09-24 21:55:43,822 [pool-47-thread-1] INFO  server.RaftServerConfigKeys (ConfUtils.java:logGet(43)) - raft.server.log.use.memory = false (default)
2019-09-24 21:55:43,822 [pool-57-thread-1] INFO  server.RaftServerConfigKeys (ConfUtils.java:logGet(43)) - raft.server.log.segment.cache.num.max = 2 (custom)
2019-09-24 21:55:43,822 [pool-37-thread-1] INFO  server.RaftServerConfigKeys (ConfUtils.java:logGet(43)) - raft.server.log.purge.gap = 1000000 (custom)
2019-09-24 21:55:43,822 [pool-57-thread-1] INFO  segmented.SegmentedRaftLogWorker (SegmentedRaftLogWorker.java:<init>(172)) - new 6fca94b5-ea7a-421e-a128-84dfa6a7a2bb@group-371DD5F7BCB9-SegmentedRaftLogWorker for RaftStorage:Storage Directory /workdir/hadoop-ozone/integration-test/target/test-dir/MiniOzoneClusterImpl-23172438-10ff-4859-aa33-e6eea658d734/datanode-3/data/ratis/55c3129e-a6d9-419a-8097-371dd5f7bcb9
2019-09-24 21:55:43,822 [pool-47-thread-1] INFO  server.RaftServerConfigKeys (ConfUtils.java:logGet(43)) - raft.server.log.purge.gap = 1000000 (custom)
2019-09-24 21:55:43,823 [pool-57-thread-1] INFO  server.RaftServerConfigKeys (ConfUtils.java:logGet(43)) - raft.server.log.queue.byte-limit = 2147483647 (custom)
2019-09-24 21:55:43,822 [pool-37-thread-1] INFO  server.RaftServerConfigKeys (ConfUtils.java:logGet(43)) - raft.server.log.appender.buffer.byte-limit = 33554432 (custom)
2019-09-24 21:55:43,823 [pool-57-thread-1] INFO  server.RaftServerConfigKeys (ConfUtils.java:logGet(43)) - raft.server.log.queue.element-limit = 1024 (custom)
2019-09-24 21:55:43,823 [pool-47-thread-1] INFO  server.RaftServerConfigKeys (ConfUtils.java:logGet(43)) - raft.server.log.appender.buffer.byte-limit = 33554432 (custom)
2019-09-24 21:55:43,823 [pool-57-thread-1] INFO  server.RaftServerConfigKeys (ConfUtils.java:logGet(43)) - raft.server.log.segment.size.max = 1048576 (custom)
2019-09-24 21:55:43,823 [pool-37-thread-1] INFO  server.RaftServerConfigKeys (ConfUtils.java:logGet(43)) - raft.server.log.segment.size.max = 1048576 (custom)
2019-09-24 21:55:43,823 [pool-57-thread-1] INFO  server.RaftServerConfigKeys (ConfUtils.java:logGet(43)) - raft.server.log.preallocated.size = 16384 (custom)
2019-09-24 21:55:43,823 [pool-47-thread-1] INFO  server.RaftServerConfigKeys (ConfUtils.java:logGet(43)) - raft.server.log.segment.size.max = 1048576 (custom)
2019-09-24 21:55:43,824 [pool-57-thread-1] INFO  server.RaftServerConfigKeys (ConfUtils.java:logGet(43)) - raft.server.log.write.buffer.size = 33554432 (custom)
2019-09-24 21:55:43,824 [pool-37-thread-1] INFO  server.RaftServerConfigKeys (ConfUtils.java:logGet(43)) - raft.server.log.segment.cache.num.max = 2 (custom)
2019-09-24 21:55:43,824 [pool-57-thread-1] INFO  server.RaftServerConfigKeys (ConfUtils.java:logGet(43)) - raft.server.log.force.sync.num = 128 (default)
2019-09-24 21:55:43,824 [pool-47-thread-1] INFO  server.RaftServerConfigKeys (ConfUtils.java:logGet(43)) - raft.server.log.segment.cache.num.max = 2 (custom)
2019-09-24 21:55:43,824 [pool-57-thread-1] INFO  server.RaftServerConfigKeys (ConfUtils.java:logGet(43)) - raft.server.log.statemachine.data.sync = true (default)
2019-09-24 21:55:43,824 [pool-37-thread-1] INFO  segmented.SegmentedRaftLogWorker (SegmentedRaftLogWorker.java:<init>(172)) - new e7958a38-39c8-4550-87a6-24a0ab1a6a1a@group-371DD5F7BCB9-SegmentedRaftLogWorker for RaftStorage:Storage Directory /workdir/hadoop-ozone/integration-test/target/test-dir/MiniOzoneClusterImpl-23172438-10ff-4859-aa33-e6eea658d734/datanode-1/data/ratis/55c3129e-a6d9-419a-8097-371dd5f7bcb9
2019-09-24 21:55:43,824 [pool-57-thread-1] INFO  server.RaftServerConfigKeys (ConfUtils.java:logGet(43)) - raft.server.log.statemachine.data.sync.timeout = 10s (default)
2019-09-24 21:55:43,824 [pool-47-thread-1] INFO  segmented.SegmentedRaftLogWorker (SegmentedRaftLogWorker.java:<init>(172)) - new 2f4e8c38-a5b8-4f52-81d3-d8149c3086e8@group-371DD5F7BCB9-SegmentedRaftLogWorker for RaftStorage:Storage Directory /workdir/hadoop-ozone/integration-test/target/test-dir/MiniOzoneClusterImpl-23172438-10ff-4859-aa33-e6eea658d734/datanode-2/data/ratis/55c3129e-a6d9-419a-8097-371dd5f7bcb9
2019-09-24 21:55:43,825 [pool-57-thread-1] INFO  server.RaftServerConfigKeys (ConfUtils.java:logGet(43)) - raft.server.log.statemachine.data.sync.timeout.retry = -1 (default)
2019-09-24 21:55:43,825 [pool-37-thread-1] INFO  server.RaftServerConfigKeys (ConfUtils.java:logGet(43)) - raft.server.log.queue.byte-limit = 2147483647 (custom)
2019-09-24 21:55:43,825 [pool-57-thread-1] INFO  server.RaftServerConfigKeys (ConfUtils.java:logGet(43)) - raft.server.log.statemachine.data.caching.enabled = true (custom)
2019-09-24 21:55:43,825 [pool-47-thread-1] INFO  server.RaftServerConfigKeys (ConfUtils.java:logGet(43)) - raft.server.log.queue.byte-limit = 2147483647 (custom)
2019-09-24 21:55:43,825 [pool-37-thread-1] INFO  server.RaftServerConfigKeys (ConfUtils.java:logGet(43)) - raft.server.log.queue.element-limit = 1024 (custom)
2019-09-24 21:55:43,826 [pool-47-thread-1] INFO  server.RaftServerConfigKeys (ConfUtils.java:logGet(43)) - raft.server.log.queue.element-limit = 1024 (custom)
2019-09-24 21:55:43,825 [pool-57-thread-1] INFO  segmented.SegmentedRaftLogWorker (SegmentedRaftLogWorker.java:lambda$new$0(132)) - 6fca94b5-ea7a-421e-a128-84dfa6a7a2bb@group-371DD5F7BCB9-SegmentedRaftLogWorker: flushIndex: setUnconditionally 0 -> -1
2019-09-24 21:55:43,826 [pool-47-thread-1] INFO  server.RaftServerConfigKeys (ConfUtils.java:logGet(43)) - raft.server.log.segment.size.max = 1048576 (custom)
2019-09-24 21:55:43,826 [pool-37-thread-1] INFO  server.RaftServerConfigKeys (ConfUtils.java:logGet(43)) - raft.server.log.segment.size.max = 1048576 (custom)
2019-09-24 21:55:43,826 [pool-47-thread-1] INFO  server.RaftServerConfigKeys (ConfUtils.java:logGet(43)) - raft.server.log.preallocated.size = 16384 (custom)
2019-09-24 21:55:43,826 [pool-57-thread-1] INFO  server.RaftServerConfigKeys (ConfUtils.java:logGet(43)) - raft.server.snapshot.auto.trigger.enabled = true (custom)
2019-09-24 21:55:43,827 [pool-47-thread-1] INFO  server.RaftServerConfigKeys (ConfUtils.java:logGet(43)) - raft.server.log.write.buffer.size = 33554432 (custom)
2019-09-24 21:55:43,826 [pool-37-thread-1] INFO  server.RaftServerConfigKeys (ConfUtils.java:logGet(43)) - raft.server.log.preallocated.size = 16384 (custom)
2019-09-24 21:55:43,827 [pool-47-thread-1] INFO  server.RaftServerConfigKeys (ConfUtils.java:logGet(43)) - raft.server.log.force.sync.num = 128 (default)
2019-09-24 21:55:43,827 [pool-57-thread-1] INFO  server.RaftServerConfigKeys (ConfUtils.java:logGet(43)) - raft.server.snapshot.auto.trigger.threshold = 10000 (custom)
2019-09-24 21:55:43,827 [pool-47-thread-1] INFO  server.RaftServerConfigKeys (ConfUtils.java:logGet(43)) - raft.server.log.statemachine.data.sync = true (default)
2019-09-24 21:55:43,827 [pool-37-thread-1] INFO  server.RaftServerConfigKeys (ConfUtils.java:logGet(43)) - raft.server.log.write.buffer.size = 33554432 (custom)
2019-09-24 21:55:43,828 [pool-47-thread-1] INFO  server.RaftServerConfigKeys (ConfUtils.java:logGet(43)) - raft.server.log.statemachine.data.sync.timeout = 10s (default)
2019-09-24 21:55:43,827 [pool-57-thread-1] INFO  server.RaftServerConfigKeys (ConfUtils.java:logGet(43)) - raft.server.snapshot.retention.num.files = 5 (custom)
2019-09-24 21:55:43,828 [pool-47-thread-1] INFO  server.RaftServerConfigKeys (ConfUtils.java:logGet(43)) - raft.server.log.statemachine.data.sync.timeout.retry = -1 (default)
2019-09-24 21:55:43,828 [pool-37-thread-1] INFO  server.RaftServerConfigKeys (ConfUtils.java:logGet(43)) - raft.server.log.force.sync.num = 128 (default)
2019-09-24 21:55:43,829 [pool-47-thread-1] INFO  server.RaftServerConfigKeys (ConfUtils.java:logGet(43)) - raft.server.log.statemachine.data.caching.enabled = true (custom)
2019-09-24 21:55:43,828 [pool-57-thread-1] INFO  server.RaftServerConfigKeys (ConfUtils.java:logGet(43)) - raft.server.retrycache.expirytime = 600000ms (custom)
2019-09-24 21:55:43,829 [pool-37-thread-1] INFO  server.RaftServerConfigKeys (ConfUtils.java:logGet(43)) - raft.server.log.statemachine.data.sync = true (default)
2019-09-24 21:55:43,829 [pool-47-thread-1] INFO  segmented.SegmentedRaftLogWorker (SegmentedRaftLogWorker.java:lambda$new$0(132)) - 2f4e8c38-a5b8-4f52-81d3-d8149c3086e8@group-371DD5F7BCB9-SegmentedRaftLogWorker: flushIndex: setUnconditionally 0 -> -1
2019-09-24 21:55:43,829 [pool-37-thread-1] INFO  server.RaftServerConfigKeys (ConfUtils.java:logGet(43)) - raft.server.log.statemachine.data.sync.timeout = 10s (default)
2019-09-24 21:55:43,830 [pool-47-thread-1] INFO  server.RaftServerConfigKeys (ConfUtils.java:logGet(43)) - raft.server.snapshot.auto.trigger.enabled = true (custom)
2019-09-24 21:55:43,830 [pool-37-thread-1] INFO  server.RaftServerConfigKeys (ConfUtils.java:logGet(43)) - raft.server.log.statemachine.data.sync.timeout.retry = -1 (default)
2019-09-24 21:55:43,830 [pool-47-thread-1] INFO  server.RaftServerConfigKeys (ConfUtils.java:logGet(43)) - raft.server.snapshot.auto.trigger.threshold = 10000 (custom)
2019-09-24 21:55:43,830 [pool-37-thread-1] INFO  server.RaftServerConfigKeys (ConfUtils.java:logGet(43)) - raft.server.log.statemachine.data.caching.enabled = true (custom)
2019-09-24 21:55:43,830 [pool-47-thread-1] INFO  server.RaftServerConfigKeys (ConfUtils.java:logGet(43)) - raft.server.snapshot.retention.num.files = 5 (custom)
2019-09-24 21:55:43,831 [pool-37-thread-1] INFO  segmented.SegmentedRaftLogWorker (SegmentedRaftLogWorker.java:lambda$new$0(132)) - e7958a38-39c8-4550-87a6-24a0ab1a6a1a@group-371DD5F7BCB9-SegmentedRaftLogWorker: flushIndex: setUnconditionally 0 -> -1
2019-09-24 21:55:43,831 [pool-47-thread-1] INFO  server.RaftServerConfigKeys (ConfUtils.java:logGet(43)) - raft.server.retrycache.expirytime = 600000ms (custom)
2019-09-24 21:55:43,831 [pool-57-thread-1] INFO  impl.RaftServerImpl (RaftServerImpl.java:start(185)) - 6fca94b5-ea7a-421e-a128-84dfa6a7a2bb@group-371DD5F7BCB9: start as a follower, conf=-1: [6fca94b5-ea7a-421e-a128-84dfa6a7a2bb:192.168.151.66:38431, 2f4e8c38-a5b8-4f52-81d3-d8149c3086e8:192.168.151.66:44539, e7958a38-39c8-4550-87a6-24a0ab1a6a1a:192.168.151.66:46112], old=null
2019-09-24 21:55:43,831 [pool-37-thread-1] INFO  server.RaftServerConfigKeys (ConfUtils.java:logGet(43)) - raft.server.snapshot.auto.trigger.enabled = true (custom)
2019-09-24 21:55:43,831 [pool-57-thread-1] INFO  impl.RaftServerImpl (RaftServerImpl.java:setRole(174)) - 6fca94b5-ea7a-421e-a128-84dfa6a7a2bb@group-371DD5F7BCB9: changes role from      null to FOLLOWER at term 0 for startAsFollower
2019-09-24 21:55:43,831 [pool-37-thread-1] INFO  server.RaftServerConfigKeys (ConfUtils.java:logGet(43)) - raft.server.snapshot.auto.trigger.threshold = 10000 (custom)
2019-09-24 21:55:43,832 [pool-57-thread-1] INFO  impl.RoleInfo (RoleInfo.java:updateAndGet(143)) - 6fca94b5-ea7a-421e-a128-84dfa6a7a2bb: start FollowerState
2019-09-24 21:55:43,832 [pool-37-thread-1] INFO  server.RaftServerConfigKeys (ConfUtils.java:logGet(43)) - raft.server.snapshot.retention.num.files = 5 (custom)
2019-09-24 21:55:43,832 [pool-57-thread-1] INFO  util.JmxRegister (JmxRegister.java:tryRegister(44)) - Successfully registered JMX Bean with object name Ratis:service=RaftServer,group=group-371DD5F7BCB9,id=6fca94b5-ea7a-421e-a128-84dfa6a7a2bb
2019-09-24 21:55:43,832 [pool-37-thread-1] INFO  server.RaftServerConfigKeys (ConfUtils.java:logGet(43)) - raft.server.retrycache.expirytime = 600000ms (custom)
2019-09-24 21:55:43,840 [pool-47-thread-1] INFO  impl.RaftServerImpl (RaftServerImpl.java:start(185)) - 2f4e8c38-a5b8-4f52-81d3-d8149c3086e8@group-371DD5F7BCB9: start as a follower, conf=-1: [6fca94b5-ea7a-421e-a128-84dfa6a7a2bb:192.168.151.66:38431, 2f4e8c38-a5b8-4f52-81d3-d8149c3086e8:192.168.151.66:44539, e7958a38-39c8-4550-87a6-24a0ab1a6a1a:192.168.151.66:46112], old=null
2019-09-24 21:55:43,841 [pool-47-thread-1] INFO  impl.RaftServerImpl (RaftServerImpl.java:setRole(174)) - 2f4e8c38-a5b8-4f52-81d3-d8149c3086e8@group-371DD5F7BCB9: changes role from      null to FOLLOWER at term 0 for startAsFollower
2019-09-24 21:55:43,842 [pool-47-thread-1] INFO  impl.RoleInfo (RoleInfo.java:updateAndGet(143)) - 2f4e8c38-a5b8-4f52-81d3-d8149c3086e8: start FollowerState
2019-09-24 21:55:43,842 [pool-47-thread-1] INFO  util.JmxRegister (JmxRegister.java:tryRegister(44)) - Successfully registered JMX Bean with object name Ratis:service=RaftServer,group=group-371DD5F7BCB9,id=2f4e8c38-a5b8-4f52-81d3-d8149c3086e8
2019-09-24 21:55:43,842 [pool-37-thread-1] INFO  impl.RaftServerImpl (RaftServerImpl.java:start(185)) - e7958a38-39c8-4550-87a6-24a0ab1a6a1a@group-371DD5F7BCB9: start as a follower, conf=-1: [6fca94b5-ea7a-421e-a128-84dfa6a7a2bb:192.168.151.66:38431, 2f4e8c38-a5b8-4f52-81d3-d8149c3086e8:192.168.151.66:44539, e7958a38-39c8-4550-87a6-24a0ab1a6a1a:192.168.151.66:46112], old=null
2019-09-24 21:55:43,843 [pool-37-thread-1] INFO  impl.RaftServerImpl (RaftServerImpl.java:setRole(174)) - e7958a38-39c8-4550-87a6-24a0ab1a6a1a@group-371DD5F7BCB9: changes role from      null to FOLLOWER at term 0 for startAsFollower
2019-09-24 21:55:43,843 [pool-37-thread-1] INFO  impl.RoleInfo (RoleInfo.java:updateAndGet(143)) - e7958a38-39c8-4550-87a6-24a0ab1a6a1a: start FollowerState
2019-09-24 21:55:43,843 [pool-37-thread-1] INFO  util.JmxRegister (JmxRegister.java:tryRegister(44)) - Successfully registered JMX Bean with object name Ratis:service=RaftServer,group=group-371DD5F7BCB9,id=e7958a38-39c8-4550-87a6-24a0ab1a6a1a
2019-09-24 21:55:43,855 [RatisPipelineUtilsThread] INFO  pipeline.PipelineStateManager (PipelineStateManager.java:addPipeline(56)) - Created pipeline Pipeline[ Id: 55c3129e-a6d9-419a-8097-371dd5f7bcb9, Nodes: 6fca94b5-ea7a-421e-a128-84dfa6a7a2bb{ip: 192.168.151.66, host: pr-hdds-2162-v2v4x-1150571016, networkLocation: /default-rack, certSerialId: null}e7958a38-39c8-4550-87a6-24a0ab1a6a1a{ip: 192.168.151.66, host: pr-hdds-2162-v2v4x-1150571016, networkLocation: /default-rack, certSerialId: null}2f4e8c38-a5b8-4f52-81d3-d8149c3086e8{ip: 192.168.151.66, host: pr-hdds-2162-v2v4x-1150571016, networkLocation: /default-rack, certSerialId: null}, Type:RATIS, Factor:THREE, State:OPEN]
2019-09-24 21:55:43,881 [grpc-default-executor-0] INFO  impl.RaftServerProxy (RaftServerProxy.java:addNew(89)) - 8f11d4e6-b202-4932-9b49-c0cc974c2946: addNew group-450043C6B9B7:[8f11d4e6-b202-4932-9b49-c0cc974c2946:192.168.151.66:39215, a48fc246-bdf6-4f8b-914f-d1887677d859:192.168.151.66:41354, f8e4e886-09f1-4d5b-90a2-da08b733ae04:192.168.151.66:33172] returns group-450043C6B9B7:java.util.concurrent.CompletableFuture@71b5882a[Not completed]
2019-09-24 21:55:43,882 [grpc-default-executor-0] INFO  impl.RaftServerProxy (RaftServerProxy.java:addNew(89)) - f8e4e886-09f1-4d5b-90a2-da08b733ae04: addNew group-450043C6B9B7:[8f11d4e6-b202-4932-9b49-c0cc974c2946:192.168.151.66:39215, a48fc246-bdf6-4f8b-914f-d1887677d859:192.168.151.66:41354, f8e4e886-09f1-4d5b-90a2-da08b733ae04:192.168.151.66:33172] returns group-450043C6B9B7:java.util.concurrent.CompletableFuture@2436ac3e[Not completed]
2019-09-24 21:55:43,882 [grpc-default-executor-1] INFO  impl.RaftServerProxy (RaftServerProxy.java:addNew(89)) - a48fc246-bdf6-4f8b-914f-d1887677d859: addNew group-450043C6B9B7:[8f11d4e6-b202-4932-9b49-c0cc974c2946:192.168.151.66:39215, a48fc246-bdf6-4f8b-914f-d1887677d859:192.168.151.66:41354, f8e4e886-09f1-4d5b-90a2-da08b733ae04:192.168.151.66:33172] returns group-450043C6B9B7:java.util.concurrent.CompletableFuture@375a5790[Not completed]
2019-09-24 21:55:43,885 [pool-77-thread-1] INFO  impl.RaftServerImpl (RaftServerImpl.java:<init>(95)) - 8f11d4e6-b202-4932-9b49-c0cc974c2946: new RaftServerImpl for group-450043C6B9B7:[8f11d4e6-b202-4932-9b49-c0cc974c2946:192.168.151.66:39215, a48fc246-bdf6-4f8b-914f-d1887677d859:192.168.151.66:41354, f8e4e886-09f1-4d5b-90a2-da08b733ae04:192.168.151.66:33172] with ContainerStateMachine:uninitialized
2019-09-24 21:55:43,885 [pool-77-thread-1] INFO  server.RaftServerConfigKeys (ConfUtils.java:logGet(43)) - raft.server.rpc.timeout.min = 5s (custom)
2019-09-24 21:55:43,885 [pool-77-thread-1] INFO  server.RaftServerConfigKeys (ConfUtils.java:logGet(43)) - raft.server.rpc.timeout.max = 5200ms (custom)
2019-09-24 21:55:43,885 [pool-67-thread-1] INFO  impl.RaftServerImpl (RaftServerImpl.java:<init>(95)) - a48fc246-bdf6-4f8b-914f-d1887677d859: new RaftServerImpl for group-450043C6B9B7:[8f11d4e6-b202-4932-9b49-c0cc974c2946:192.168.151.66:39215, a48fc246-bdf6-4f8b-914f-d1887677d859:192.168.151.66:41354, f8e4e886-09f1-4d5b-90a2-da08b733ae04:192.168.151.66:33172] with ContainerStateMachine:uninitialized
2019-09-24 21:55:43,885 [pool-77-thread-1] INFO  server.RaftServerConfigKeys (ConfUtils.java:logGet(43)) - raft.server.rpcslowness.timeout = 120s (custom)
2019-09-24 21:55:43,886 [pool-67-thread-1] INFO  server.RaftServerConfigKeys (ConfUtils.java:logGet(43)) - raft.server.rpc.timeout.min = 5s (custom)
2019-09-24 21:55:43,886 [pool-77-thread-1] INFO  server.RaftServerConfigKeys (ConfUtils.java:logGet(43)) - raft.server.sleep.deviation.threshold = 300 (default)
2019-09-24 21:55:43,886 [pool-67-thread-1] INFO  server.RaftServerConfigKeys (ConfUtils.java:logGet(43)) - raft.server.rpc.timeout.max = 5200ms (custom)
2019-09-24 21:55:43,886 [pool-77-thread-1] INFO  server.RaftServerConfigKeys (ConfUtils.java:logGet(43)) - raft.server.log.appender.install.snapshot.enabled = false (custom)
2019-09-24 21:55:43,886 [pool-67-thread-1] INFO  server.RaftServerConfigKeys (ConfUtils.java:logGet(43)) - raft.server.rpcslowness.timeout = 120s (custom)
2019-09-24 21:55:43,886 [pool-77-thread-1] INFO  impl.RaftServerImpl (ServerState.java:<init>(103)) - 8f11d4e6-b202-4932-9b49-c0cc974c2946@group-450043C6B9B7: ConfigurationManager, init=-1: [8f11d4e6-b202-4932-9b49-c0cc974c2946:192.168.151.66:39215, a48fc246-bdf6-4f8b-914f-d1887677d859:192.168.151.66:41354, f8e4e886-09f1-4d5b-90a2-da08b733ae04:192.168.151.66:33172], old=null, confs=<EMPTY_MAP>
2019-09-24 21:55:43,886 [pool-27-thread-1] INFO  impl.RaftServerImpl (RaftServerImpl.java:<init>(95)) - f8e4e886-09f1-4d5b-90a2-da08b733ae04: new RaftServerImpl for group-450043C6B9B7:[8f11d4e6-b202-4932-9b49-c0cc974c2946:192.168.151.66:39215, a48fc246-bdf6-4f8b-914f-d1887677d859:192.168.151.66:41354, f8e4e886-09f1-4d5b-90a2-da08b733ae04:192.168.151.66:33172] with ContainerStateMachine:uninitialized
2019-09-24 21:55:43,886 [pool-67-thread-1] INFO  server.RaftServerConfigKeys (ConfUtils.java:logGet(43)) - raft.server.sleep.deviation.threshold = 300 (default)
2019-09-24 21:55:43,886 [pool-77-thread-1] INFO  server.RaftServerConfigKeys (ConfUtils.java:logGet(43)) - raft.server.storage.dir = [/workdir/hadoop-ozone/integration-test/target/test-dir/MiniOzoneClusterImpl-23172438-10ff-4859-aa33-e6eea658d734/datanode-5/data/ratis] (custom)
2019-09-24 21:55:43,886 [pool-27-thread-1] INFO  server.RaftServerConfigKeys (ConfUtils.java:logGet(43)) - raft.server.rpc.timeout.min = 5s (custom)
2019-09-24 21:55:43,886 [pool-67-thread-1] INFO  server.RaftServerConfigKeys (ConfUtils.java:logGet(43)) - raft.server.log.appender.install.snapshot.enabled = false (custom)
2019-09-24 21:55:43,887 [pool-27-thread-1] INFO  server.RaftServerConfigKeys (ConfUtils.java:logGet(43)) - raft.server.rpc.timeout.max = 5200ms (custom)
2019-09-24 21:55:43,887 [pool-77-thread-1] INFO  storage.RaftStorageDirectory (RaftStorageDirectory.java:analyzeStorage(246)) - The storage directory /workdir/hadoop-ozone/integration-test/target/test-dir/MiniOzoneClusterImpl-23172438-10ff-4859-aa33-e6eea658d734/datanode-5/data/ratis/61166891-a3cc-4c31-a7ed-450043c6b9b7 does not exist. Creating ...
2019-09-24 21:55:43,887 [pool-67-thread-1] INFO  impl.RaftServerImpl (ServerState.java:<init>(103)) - a48fc246-bdf6-4f8b-914f-d1887677d859@group-450043C6B9B7: ConfigurationManager, init=-1: [8f11d4e6-b202-4932-9b49-c0cc974c2946:192.168.151.66:39215, a48fc246-bdf6-4f8b-914f-d1887677d859:192.168.151.66:41354, f8e4e886-09f1-4d5b-90a2-da08b733ae04:192.168.151.66:33172], old=null, confs=<EMPTY_MAP>
2019-09-24 21:55:43,887 [pool-27-thread-1] INFO  server.RaftServerConfigKeys (ConfUtils.java:logGet(43)) - raft.server.rpcslowness.timeout = 120s (custom)
2019-09-24 21:55:43,887 [pool-67-thread-1] INFO  server.RaftServerConfigKeys (ConfUtils.java:logGet(43)) - raft.server.storage.dir = [/workdir/hadoop-ozone/integration-test/target/test-dir/MiniOzoneClusterImpl-23172438-10ff-4859-aa33-e6eea658d734/datanode-4/data/ratis] (custom)
2019-09-24 21:55:43,887 [pool-27-thread-1] INFO  server.RaftServerConfigKeys (ConfUtils.java:logGet(43)) - raft.server.sleep.deviation.threshold = 300 (default)
2019-09-24 21:55:43,887 [pool-27-thread-1] INFO  server.RaftServerConfigKeys (ConfUtils.java:logGet(43)) - raft.server.log.appender.install.snapshot.enabled = false (custom)
2019-09-24 21:55:43,888 [pool-67-thread-1] INFO  storage.RaftStorageDirectory (RaftStorageDirectory.java:analyzeStorage(246)) - The storage directory /workdir/hadoop-ozone/integration-test/target/test-dir/MiniOzoneClusterImpl-23172438-10ff-4859-aa33-e6eea658d734/datanode-4/data/ratis/61166891-a3cc-4c31-a7ed-450043c6b9b7 does not exist. Creating ...
2019-09-24 21:55:43,888 [pool-27-thread-1] INFO  impl.RaftServerImpl (ServerState.java:<init>(103)) - f8e4e886-09f1-4d5b-90a2-da08b733ae04@group-450043C6B9B7: ConfigurationManager, init=-1: [8f11d4e6-b202-4932-9b49-c0cc974c2946:192.168.151.66:39215, a48fc246-bdf6-4f8b-914f-d1887677d859:192.168.151.66:41354, f8e4e886-09f1-4d5b-90a2-da08b733ae04:192.168.151.66:33172], old=null, confs=<EMPTY_MAP>
2019-09-24 21:55:43,888 [pool-27-thread-1] INFO  server.RaftServerConfigKeys (ConfUtils.java:logGet(43)) - raft.server.storage.dir = [/workdir/hadoop-ozone/integration-test/target/test-dir/MiniOzoneClusterImpl-23172438-10ff-4859-aa33-e6eea658d734/datanode-0/data/ratis] (custom)
2019-09-24 21:55:43,888 [pool-27-thread-1] INFO  storage.RaftStorageDirectory (RaftStorageDirectory.java:analyzeStorage(246)) - The storage directory /workdir/hadoop-ozone/integration-test/target/test-dir/MiniOzoneClusterImpl-23172438-10ff-4859-aa33-e6eea658d734/datanode-0/data/ratis/61166891-a3cc-4c31-a7ed-450043c6b9b7 does not exist. Creating ...
2019-09-24 21:55:43,912 [pool-27-thread-1] INFO  storage.RaftStorageDirectory (RaftStorageDirectory.java:tryLock(328)) - Lock on /workdir/hadoop-ozone/integration-test/target/test-dir/MiniOzoneClusterImpl-23172438-10ff-4859-aa33-e6eea658d734/datanode-0/data/ratis/61166891-a3cc-4c31-a7ed-450043c6b9b7/in_use.lock acquired by nodename 29506@pr-hdds-2162-v2v4x-1150571016
2019-09-24 21:55:43,912 [pool-67-thread-1] INFO  storage.RaftStorageDirectory (RaftStorageDirectory.java:tryLock(328)) - Lock on /workdir/hadoop-ozone/integration-test/target/test-dir/MiniOzoneClusterImpl-23172438-10ff-4859-aa33-e6eea658d734/datanode-4/data/ratis/61166891-a3cc-4c31-a7ed-450043c6b9b7/in_use.lock acquired by nodename 29506@pr-hdds-2162-v2v4x-1150571016
2019-09-24 21:55:43,912 [pool-77-thread-1] INFO  storage.RaftStorageDirectory (RaftStorageDirectory.java:tryLock(328)) - Lock on /workdir/hadoop-ozone/integration-test/target/test-dir/MiniOzoneClusterImpl-23172438-10ff-4859-aa33-e6eea658d734/datanode-5/data/ratis/61166891-a3cc-4c31-a7ed-450043c6b9b7/in_use.lock acquired by nodename 29506@pr-hdds-2162-v2v4x-1150571016
2019-09-24 21:55:43,938 [pool-67-thread-1] INFO  storage.RaftStorage (RaftStorage.java:format(72)) - Storage directory /workdir/hadoop-ozone/integration-test/target/test-dir/MiniOzoneClusterImpl-23172438-10ff-4859-aa33-e6eea658d734/datanode-4/data/ratis/61166891-a3cc-4c31-a7ed-450043c6b9b7 has been successfully formatted.
2019-09-24 21:55:43,938 [pool-27-thread-1] INFO  storage.RaftStorage (RaftStorage.java:format(72)) - Storage directory /workdir/hadoop-ozone/integration-test/target/test-dir/MiniOzoneClusterImpl-23172438-10ff-4859-aa33-e6eea658d734/datanode-0/data/ratis/61166891-a3cc-4c31-a7ed-450043c6b9b7 has been successfully formatted.
2019-09-24 21:55:43,938 [pool-77-thread-1] INFO  storage.RaftStorage (RaftStorage.java:format(72)) - Storage directory /workdir/hadoop-ozone/integration-test/target/test-dir/MiniOzoneClusterImpl-23172438-10ff-4859-aa33-e6eea658d734/datanode-5/data/ratis/61166891-a3cc-4c31-a7ed-450043c6b9b7 has been successfully formatted.
2019-09-24 21:55:43,938 [pool-67-thread-1] INFO  ratis.ContainerStateMachine (ContainerStateMachine.java:loadSnapshot(230)) - group-450043C6B9B7: The snapshot info is null. Setting the last applied indexto:(t:0, i:~)
2019-09-24 21:55:43,938 [pool-67-thread-1] INFO  server.RaftServerConfigKeys (ConfUtils.java:logGet(43)) - raft.server.notification.no-leader.timeout = 120s (custom)
2019-09-24 21:55:43,938 [pool-77-thread-1] INFO  ratis.ContainerStateMachine (ContainerStateMachine.java:loadSnapshot(230)) - group-450043C6B9B7: The snapshot info is null. Setting the last applied indexto:(t:0, i:~)
2019-09-24 21:55:43,938 [pool-27-thread-1] INFO  ratis.ContainerStateMachine (ContainerStateMachine.java:loadSnapshot(230)) - group-450043C6B9B7: The snapshot info is null. Setting the last applied indexto:(t:0, i:~)
2019-09-24 21:55:43,939 [pool-77-thread-1] INFO  server.RaftServerConfigKeys (ConfUtils.java:logGet(43)) - raft.server.notification.no-leader.timeout = 120s (custom)
2019-09-24 21:55:43,938 [pool-67-thread-1] INFO  server.RaftServerConfigKeys (ConfUtils.java:logGet(43)) - raft.server.log.use.memory = false (default)
2019-09-24 21:55:43,939 [pool-77-thread-1] INFO  server.RaftServerConfigKeys (ConfUtils.java:logGet(43)) - raft.server.log.use.memory = false (default)
2019-09-24 21:55:43,939 [pool-27-thread-1] INFO  server.RaftServerConfigKeys (ConfUtils.java:logGet(43)) - raft.server.notification.no-leader.timeout = 120s (custom)
2019-09-24 21:55:43,939 [pool-77-thread-1] INFO  server.RaftServerConfigKeys (ConfUtils.java:logGet(43)) - raft.server.log.purge.gap = 1000000 (custom)
2019-09-24 21:55:43,939 [pool-67-thread-1] INFO  server.RaftServerConfigKeys (ConfUtils.java:logGet(43)) - raft.server.log.purge.gap = 1000000 (custom)
2019-09-24 21:55:43,940 [pool-77-thread-1] INFO  server.RaftServerConfigKeys (ConfUtils.java:logGet(43)) - raft.server.log.appender.buffer.byte-limit = 33554432 (custom)
2019-09-24 21:55:43,939 [pool-27-thread-1] INFO  server.RaftServerConfigKeys (ConfUtils.java:logGet(43)) - raft.server.log.use.memory = false (default)
2019-09-24 21:55:43,940 [pool-77-thread-1] INFO  server.RaftServerConfigKeys (ConfUtils.java:logGet(43)) - raft.server.log.segment.size.max = 1048576 (custom)
2019-09-24 21:55:43,940 [pool-67-thread-1] INFO  server.RaftServerConfigKeys (ConfUtils.java:logGet(43)) - raft.server.log.appender.buffer.byte-limit = 33554432 (custom)
2019-09-24 21:55:43,940 [pool-77-thread-1] INFO  server.RaftServerConfigKeys (ConfUtils.java:logGet(43)) - raft.server.log.segment.cache.num.max = 2 (custom)
2019-09-24 21:55:43,940 [pool-27-thread-1] INFO  server.RaftServerConfigKeys (ConfUtils.java:logGet(43)) - raft.server.log.purge.gap = 1000000 (custom)
2019-09-24 21:55:43,940 [pool-77-thread-1] INFO  segmented.SegmentedRaftLogWorker (SegmentedRaftLogWorker.java:<init>(172)) - new 8f11d4e6-b202-4932-9b49-c0cc974c2946@group-450043C6B9B7-SegmentedRaftLogWorker for RaftStorage:Storage Directory /workdir/hadoop-ozone/integration-test/target/test-dir/MiniOzoneClusterImpl-23172438-10ff-4859-aa33-e6eea658d734/datanode-5/data/ratis/61166891-a3cc-4c31-a7ed-450043c6b9b7
2019-09-24 21:55:43,940 [pool-67-thread-1] INFO  server.RaftServerConfigKeys (ConfUtils.java:logGet(43)) - raft.server.log.segment.size.max = 1048576 (custom)
2019-09-24 21:55:43,941 [pool-27-thread-1] INFO  server.RaftServerConfigKeys (ConfUtils.java:logGet(43)) - raft.server.log.appender.buffer.byte-limit = 33554432 (custom)
2019-09-24 21:55:43,941 [pool-67-thread-1] INFO  server.RaftServerConfigKeys (ConfUtils.java:logGet(43)) - raft.server.log.segment.cache.num.max = 2 (custom)
2019-09-24 21:55:43,941 [pool-77-thread-1] INFO  server.RaftServerConfigKeys (ConfUtils.java:logGet(43)) - raft.server.log.queue.byte-limit = 2147483647 (custom)
2019-09-24 21:55:43,941 [pool-67-thread-1] INFO  segmented.SegmentedRaftLogWorker (SegmentedRaftLogWorker.java:<init>(172)) - new a48fc246-bdf6-4f8b-914f-d1887677d859@group-450043C6B9B7-SegmentedRaftLogWorker for RaftStorage:Storage Directory /workdir/hadoop-ozone/integration-test/target/test-dir/MiniOzoneClusterImpl-23172438-10ff-4859-aa33-e6eea658d734/datanode-4/data/ratis/61166891-a3cc-4c31-a7ed-450043c6b9b7
2019-09-24 21:55:43,941 [pool-27-thread-1] INFO  server.RaftServerConfigKeys (ConfUtils.java:logGet(43)) - raft.server.log.segment.size.max = 1048576 (custom)
2019-09-24 21:55:43,941 [pool-67-thread-1] INFO  server.RaftServerConfigKeys (ConfUtils.java:logGet(43)) - raft.server.log.queue.byte-limit = 2147483647 (custom)
2019-09-24 21:55:43,941 [pool-77-thread-1] INFO  server.RaftServerConfigKeys (ConfUtils.java:logGet(43)) - raft.server.log.queue.element-limit = 1024 (custom)
2019-09-24 21:55:43,942 [pool-67-thread-1] INFO  server.RaftServerConfigKeys (ConfUtils.java:logGet(43)) - raft.server.log.queue.element-limit = 1024 (custom)
2019-09-24 21:55:43,941 [pool-27-thread-1] INFO  server.RaftServerConfigKeys (ConfUtils.java:logGet(43)) - raft.server.log.segment.cache.num.max = 2 (custom)
2019-09-24 21:55:43,942 [pool-67-thread-1] INFO  server.RaftServerConfigKeys (ConfUtils.java:logGet(43)) - raft.server.log.segment.size.max = 1048576 (custom)
2019-09-24 21:55:43,942 [pool-77-thread-1] INFO  server.RaftServerConfigKeys (ConfUtils.java:logGet(43)) - raft.server.log.segment.size.max = 1048576 (custom)
2019-09-24 21:55:43,942 [pool-67-thread-1] INFO  server.RaftServerConfigKeys (ConfUtils.java:logGet(43)) - raft.server.log.preallocated.size = 16384 (custom)
2019-09-24 21:55:43,942 [pool-27-thread-1] INFO  segmented.SegmentedRaftLogWorker (SegmentedRaftLogWorker.java:<init>(172)) - new f8e4e886-09f1-4d5b-90a2-da08b733ae04@group-450043C6B9B7-SegmentedRaftLogWorker for RaftStorage:Storage Directory /workdir/hadoop-ozone/integration-test/target/test-dir/MiniOzoneClusterImpl-23172438-10ff-4859-aa33-e6eea658d734/datanode-0/data/ratis/61166891-a3cc-4c31-a7ed-450043c6b9b7
2019-09-24 21:55:43,942 [pool-67-thread-1] INFO  server.RaftServerConfigKeys (ConfUtils.java:logGet(43)) - raft.server.log.write.buffer.size = 33554432 (custom)
2019-09-24 21:55:43,942 [pool-77-thread-1] INFO  server.RaftServerConfigKeys (ConfUtils.java:logGet(43)) - raft.server.log.preallocated.size = 16384 (custom)
2019-09-24 21:55:43,942 [pool-67-thread-1] INFO  server.RaftServerConfigKeys (ConfUtils.java:logGet(43)) - raft.server.log.force.sync.num = 128 (default)
2019-09-24 21:55:43,942 [pool-27-thread-1] INFO  server.RaftServerConfigKeys (ConfUtils.java:logGet(43)) - raft.server.log.queue.byte-limit = 2147483647 (custom)
2019-09-24 21:55:43,943 [pool-67-thread-1] INFO  server.RaftServerConfigKeys (ConfUtils.java:logGet(43)) - raft.server.log.statemachine.data.sync = true (default)
2019-09-24 21:55:43,943 [pool-77-thread-1] INFO  server.RaftServerConfigKeys (ConfUtils.java:logGet(43)) - raft.server.log.write.buffer.size = 33554432 (custom)
2019-09-24 21:55:43,943 [pool-67-thread-1] INFO  server.RaftServerConfigKeys (ConfUtils.java:logGet(43)) - raft.server.log.statemachine.data.sync.timeout = 10s (default)
2019-09-24 21:55:43,943 [pool-27-thread-1] INFO  server.RaftServerConfigKeys (ConfUtils.java:logGet(43)) - raft.server.log.queue.element-limit = 1024 (custom)
2019-09-24 21:55:43,943 [pool-67-thread-1] INFO  server.RaftServerConfigKeys (ConfUtils.java:logGet(43)) - raft.server.log.statemachine.data.sync.timeout.retry = -1 (default)
2019-09-24 21:55:43,943 [pool-77-thread-1] INFO  server.RaftServerConfigKeys (ConfUtils.java:logGet(43)) - raft.server.log.force.sync.num = 128 (default)
2019-09-24 21:55:43,944 [pool-67-thread-1] INFO  server.RaftServerConfigKeys (ConfUtils.java:logGet(43)) - raft.server.log.statemachine.data.caching.enabled = true (custom)
2019-09-24 21:55:43,943 [pool-27-thread-1] INFO  server.RaftServerConfigKeys (ConfUtils.java:logGet(43)) - raft.server.log.segment.size.max = 1048576 (custom)
2019-09-24 21:55:43,944 [pool-67-thread-1] INFO  segmented.SegmentedRaftLogWorker (SegmentedRaftLogWorker.java:lambda$new$0(132)) - a48fc246-bdf6-4f8b-914f-d1887677d859@group-450043C6B9B7-SegmentedRaftLogWorker: flushIndex: setUnconditionally 0 -> -1
2019-09-24 21:55:43,944 [pool-77-thread-1] INFO  server.RaftServerConfigKeys (ConfUtils.java:logGet(43)) - raft.server.log.statemachine.data.sync = true (default)
2019-09-24 21:55:43,944 [pool-27-thread-1] INFO  server.RaftServerConfigKeys (ConfUtils.java:logGet(43)) - raft.server.log.preallocated.size = 16384 (custom)
2019-09-24 21:55:43,944 [pool-67-thread-1] INFO  server.RaftServerConfigKeys (ConfUtils.java:logGet(43)) - raft.server.snapshot.auto.trigger.enabled = true (custom)
2019-09-24 21:55:43,944 [pool-77-thread-1] INFO  server.RaftServerConfigKeys (ConfUtils.java:logGet(43)) - raft.server.log.statemachine.data.sync.timeout = 10s (default)
2019-09-24 21:55:43,944 [pool-67-thread-1] INFO  server.RaftServerConfigKeys (ConfUtils.java:logGet(43)) - raft.server.snapshot.auto.trigger.threshold = 10000 (custom)
2019-09-24 21:55:43,945 [pool-67-thread-1] INFO  server.RaftServerConfigKeys (ConfUtils.java:logGet(43)) - raft.server.snapshot.retention.num.files = 5 (custom)
2019-09-24 21:55:43,944 [pool-27-thread-1] INFO  server.RaftServerConfigKeys (ConfUtils.java:logGet(43)) - raft.server.log.write.buffer.size = 33554432 (custom)
2019-09-24 21:55:43,945 [pool-67-thread-1] INFO  server.RaftServerConfigKeys (ConfUtils.java:logGet(43)) - raft.server.retrycache.expirytime = 600000ms (custom)
2019-09-24 21:55:43,945 [pool-77-thread-1] INFO  server.RaftServerConfigKeys (ConfUtils.java:logGet(43)) - raft.server.log.statemachine.data.sync.timeout.retry = -1 (default)
2019-09-24 21:55:43,945 [pool-27-thread-1] INFO  server.RaftServerConfigKeys (ConfUtils.java:logGet(43)) - raft.server.log.force.sync.num = 128 (default)
2019-09-24 21:55:43,945 [pool-77-thread-1] INFO  server.RaftServerConfigKeys (ConfUtils.java:logGet(43)) - raft.server.log.statemachine.data.caching.enabled = true (custom)
2019-09-24 21:55:43,945 [pool-27-thread-1] INFO  server.RaftServerConfigKeys (ConfUtils.java:logGet(43)) - raft.server.log.statemachine.data.sync = true (default)
2019-09-24 21:55:43,946 [pool-77-thread-1] INFO  segmented.SegmentedRaftLogWorker (SegmentedRaftLogWorker.java:lambda$new$0(132)) - 8f11d4e6-b202-4932-9b49-c0cc974c2946@group-450043C6B9B7-SegmentedRaftLogWorker: flushIndex: setUnconditionally 0 -> -1
2019-09-24 21:55:43,946 [pool-27-thread-1] INFO  server.RaftServerConfigKeys (ConfUtils.java:logGet(43)) - raft.server.log.statemachine.data.sync.timeout = 10s (default)
2019-09-24 21:55:43,946 [pool-77-thread-1] INFO  server.RaftServerConfigKeys (ConfUtils.java:logGet(43)) - raft.server.snapshot.auto.trigger.enabled = true (custom)
2019-09-24 21:55:43,947 [pool-67-thread-1] INFO  impl.RaftServerImpl (RaftServerImpl.java:start(185)) - a48fc246-bdf6-4f8b-914f-d1887677d859@group-450043C6B9B7: start as a follower, conf=-1: [8f11d4e6-b202-4932-9b49-c0cc974c2946:192.168.151.66:39215, a48fc246-bdf6-4f8b-914f-d1887677d859:192.168.151.66:41354, f8e4e886-09f1-4d5b-90a2-da08b733ae04:192.168.151.66:33172], old=null
2019-09-24 21:55:43,946 [pool-27-thread-1] INFO  server.RaftServerConfigKeys (ConfUtils.java:logGet(43)) - raft.server.log.statemachine.data.sync.timeout.retry = -1 (default)
2019-09-24 21:55:43,947 [pool-67-thread-1] INFO  impl.RaftServerImpl (RaftServerImpl.java:setRole(174)) - a48fc246-bdf6-4f8b-914f-d1887677d859@group-450043C6B9B7: changes role from      null to FOLLOWER at term 0 for startAsFollower
2019-09-24 21:55:43,947 [pool-67-thread-1] INFO  impl.RoleInfo (RoleInfo.java:updateAndGet(143)) - a48fc246-bdf6-4f8b-914f-d1887677d859: start FollowerState
2019-09-24 21:55:43,947 [pool-77-thread-1] INFO  server.RaftServerConfigKeys (ConfUtils.java:logGet(43)) - raft.server.snapshot.auto.trigger.threshold = 10000 (custom)
2019-09-24 21:55:43,947 [pool-67-thread-1] INFO  util.JmxRegister (JmxRegister.java:tryRegister(44)) - Successfully registered JMX Bean with object name Ratis:service=RaftServer,group=group-450043C6B9B7,id=a48fc246-bdf6-4f8b-914f-d1887677d859
2019-09-24 21:55:43,947 [pool-27-thread-1] INFO  server.RaftServerConfigKeys (ConfUtils.java:logGet(43)) - raft.server.log.statemachine.data.caching.enabled = true (custom)
2019-09-24 21:55:43,948 [pool-27-thread-1] INFO  segmented.SegmentedRaftLogWorker (SegmentedRaftLogWorker.java:lambda$new$0(132)) - f8e4e886-09f1-4d5b-90a2-da08b733ae04@group-450043C6B9B7-SegmentedRaftLogWorker: flushIndex: setUnconditionally 0 -> -1
2019-09-24 21:55:43,947 [pool-77-thread-1] INFO  server.RaftServerConfigKeys (ConfUtils.java:logGet(43)) - raft.server.snapshot.retention.num.files = 5 (custom)
2019-09-24 21:55:43,948 [pool-27-thread-1] INFO  server.RaftServerConfigKeys (ConfUtils.java:logGet(43)) - raft.server.snapshot.auto.trigger.enabled = true (custom)
2019-09-24 21:55:43,948 [pool-77-thread-1] INFO  server.RaftServerConfigKeys (ConfUtils.java:logGet(43)) - raft.server.retrycache.expirytime = 600000ms (custom)
2019-09-24 21:55:43,949 [pool-27-thread-1] INFO  server.RaftServerConfigKeys (ConfUtils.java:logGet(43)) - raft.server.snapshot.auto.trigger.threshold = 10000 (custom)
2019-09-24 21:55:43,951 [pool-27-thread-1] INFO  server.RaftServerConfigKeys (ConfUtils.java:logGet(43)) - raft.server.snapshot.retention.num.files = 5 (custom)
2019-09-24 21:55:43,955 [pool-27-thread-1] INFO  server.RaftServerConfigKeys (ConfUtils.java:logGet(43)) - raft.server.retrycache.expirytime = 600000ms (custom)
2019-09-24 21:55:43,960 [pool-77-thread-1] INFO  impl.RaftServerImpl (RaftServerImpl.java:start(185)) - 8f11d4e6-b202-4932-9b49-c0cc974c2946@group-450043C6B9B7: start as a follower, conf=-1: [8f11d4e6-b202-4932-9b49-c0cc974c2946:192.168.151.66:39215, a48fc246-bdf6-4f8b-914f-d1887677d859:192.168.151.66:41354, f8e4e886-09f1-4d5b-90a2-da08b733ae04:192.168.151.66:33172], old=null
2019-09-24 21:55:43,960 [pool-77-thread-1] INFO  impl.RaftServerImpl (RaftServerImpl.java:setRole(174)) - 8f11d4e6-b202-4932-9b49-c0cc974c2946@group-450043C6B9B7: changes role from      null to FOLLOWER at term 0 for startAsFollower
2019-09-24 21:55:43,961 [pool-77-thread-1] INFO  impl.RoleInfo (RoleInfo.java:updateAndGet(143)) - 8f11d4e6-b202-4932-9b49-c0cc974c2946: start FollowerState
2019-09-24 21:55:43,961 [pool-27-thread-1] INFO  impl.RaftServerImpl (RaftServerImpl.java:start(185)) - f8e4e886-09f1-4d5b-90a2-da08b733ae04@group-450043C6B9B7: start as a follower, conf=-1: [8f11d4e6-b202-4932-9b49-c0cc974c2946:192.168.151.66:39215, a48fc246-bdf6-4f8b-914f-d1887677d859:192.168.151.66:41354, f8e4e886-09f1-4d5b-90a2-da08b733ae04:192.168.151.66:33172], old=null
2019-09-24 21:55:43,961 [pool-77-thread-1] INFO  util.JmxRegister (JmxRegister.java:tryRegister(44)) - Successfully registered JMX Bean with object name Ratis:service=RaftServer,group=group-450043C6B9B7,id=8f11d4e6-b202-4932-9b49-c0cc974c2946
2019-09-24 21:55:43,961 [pool-27-thread-1] INFO  impl.RaftServerImpl (RaftServerImpl.java:setRole(174)) - f8e4e886-09f1-4d5b-90a2-da08b733ae04@group-450043C6B9B7: changes role from      null to FOLLOWER at term 0 for startAsFollower
2019-09-24 21:55:43,962 [pool-27-thread-1] INFO  impl.RoleInfo (RoleInfo.java:updateAndGet(143)) - f8e4e886-09f1-4d5b-90a2-da08b733ae04: start FollowerState
2019-09-24 21:55:43,963 [pool-27-thread-1] INFO  util.JmxRegister (JmxRegister.java:tryRegister(44)) - Successfully registered JMX Bean with object name Ratis:service=RaftServer,group=group-450043C6B9B7,id=f8e4e886-09f1-4d5b-90a2-da08b733ae04
2019-09-24 21:55:43,980 [RatisPipelineUtilsThread] INFO  pipeline.PipelineStateManager (PipelineStateManager.java:addPipeline(56)) - Created pipeline Pipeline[ Id: 61166891-a3cc-4c31-a7ed-450043c6b9b7, Nodes: f8e4e886-09f1-4d5b-90a2-da08b733ae04{ip: 192.168.151.66, host: pr-hdds-2162-v2v4x-1150571016, networkLocation: /default-rack, certSerialId: null}8f11d4e6-b202-4932-9b49-c0cc974c2946{ip: 192.168.151.66, host: pr-hdds-2162-v2v4x-1150571016, networkLocation: /default-rack, certSerialId: null}a48fc246-bdf6-4f8b-914f-d1887677d859{ip: 192.168.151.66, host: pr-hdds-2162-v2v4x-1150571016, networkLocation: /default-rack, certSerialId: null}, Type:RATIS, Factor:THREE, State:OPEN]
2019-09-24 21:55:45,013 [main] INFO  ipc.Client (Client.java:handleConnectionFailure(948)) - Retrying connect to server: localhost/127.0.0.1:0. Already tried 0 time(s); retry policy is RetryUpToMaximumCountWithFixedSleep(maxRetries=10, sleepTime=1000 MILLISECONDS)
2019-09-24 21:55:45,369 [Thread-238] INFO  container.ReplicationManager (ReplicationManager.java:start(162)) - Starting Replication Monitor Thread.
2019-09-24 21:55:45,372 [ReplicationMonitor] INFO  container.ReplicationManager (ReplicationManager.java:run(225)) - Replication Monitor Thread took 1 milliseconds for processing 0 containers.
2019-09-24 21:55:46,014 [main] INFO  ipc.Client (Client.java:handleConnectionFailure(948)) - Retrying connect to server: localhost/127.0.0.1:0. Already tried 1 time(s); retry policy is RetryUpToMaximumCountWithFixedSleep(maxRetries=10, sleepTime=1000 MILLISECONDS)
2019-09-24 21:55:47,015 [main] INFO  ipc.Client (Client.java:handleConnectionFailure(948)) - Retrying connect to server: localhost/127.0.0.1:0. Already tried 2 time(s); retry policy is RetryUpToMaximumCountWithFixedSleep(maxRetries=10, sleepTime=1000 MILLISECONDS)
2019-09-24 21:55:48,016 [main] INFO  ipc.Client (Client.java:handleConnectionFailure(948)) - Retrying connect to server: localhost/127.0.0.1:0. Already tried 3 time(s); retry policy is RetryUpToMaximumCountWithFixedSleep(maxRetries=10, sleepTime=1000 MILLISECONDS)
2019-09-24 21:55:48,146 [Thread-240] INFO  impl.FollowerState (FollowerState.java:run(106)) - f8e4e886-09f1-4d5b-90a2-da08b733ae04:group-B553DFEE5372 changes to CANDIDATE, lastRpcTime:5082, electionTimeout:5082ms
2019-09-24 21:55:48,148 [Thread-240] INFO  impl.RoleInfo (RoleInfo.java:shutdownFollowerState(121)) - f8e4e886-09f1-4d5b-90a2-da08b733ae04: shutdown FollowerState
2019-09-24 21:55:48,148 [Thread-240] INFO  impl.RaftServerImpl (RaftServerImpl.java:setRole(174)) - f8e4e886-09f1-4d5b-90a2-da08b733ae04@group-B553DFEE5372: changes role from  FOLLOWER to CANDIDATE at term 0 for changeToCandidate
2019-09-24 21:55:48,151 [Thread-240] INFO  impl.RoleInfo (RoleInfo.java:updateAndGet(143)) - f8e4e886-09f1-4d5b-90a2-da08b733ae04: start LeaderElection
2019-09-24 21:55:48,168 [f8e4e886-09f1-4d5b-90a2-da08b733ae04@group-B553DFEE5372:LeaderElection1] INFO  impl.LeaderElection (LeaderElection.java:askForVotes(182)) - f8e4e886-09f1-4d5b-90a2-da08b733ae04@group-B553DFEE5372:LeaderElection1: begin an election at term 1 for -1: [f8e4e886-09f1-4d5b-90a2-da08b733ae04:192.168.151.66:33172], old=null
2019-09-24 21:55:48,169 [f8e4e886-09f1-4d5b-90a2-da08b733ae04@group-B553DFEE5372:LeaderElection1] INFO  impl.RoleInfo (RoleInfo.java:shutdownLeaderElection(134)) - f8e4e886-09f1-4d5b-90a2-da08b733ae04: shutdown LeaderElection
2019-09-24 21:55:48,170 [f8e4e886-09f1-4d5b-90a2-da08b733ae04@group-B553DFEE5372:LeaderElection1] INFO  impl.RaftServerImpl (RaftServerImpl.java:setRole(174)) - f8e4e886-09f1-4d5b-90a2-da08b733ae04@group-B553DFEE5372: changes role from CANDIDATE to LEADER at term 1 for changeToLeader
2019-09-24 21:55:48,170 [f8e4e886-09f1-4d5b-90a2-da08b733ae04@group-B553DFEE5372:LeaderElection1] INFO  impl.RaftServerImpl (ServerState.java:setLeader(253)) - f8e4e886-09f1-4d5b-90a2-da08b733ae04@group-B553DFEE5372: change Leader from null to f8e4e886-09f1-4d5b-90a2-da08b733ae04 at term 1 for becomeLeader, leader elected after 5206ms
2019-09-24 21:55:48,176 [f8e4e886-09f1-4d5b-90a2-da08b733ae04@group-B553DFEE5372:LeaderElection1] INFO  server.RaftServerConfigKeys (ConfUtils.java:logGet(43)) - raft.server.staging.catchup.gap = 1000 (default)
2019-09-24 21:55:48,176 [f8e4e886-09f1-4d5b-90a2-da08b733ae04@group-B553DFEE5372:LeaderElection1] INFO  server.RaftServerConfigKeys (ConfUtils.java:logGet(43)) - raft.server.rpc.sleep.time = 25ms (default)
2019-09-24 21:55:48,178 [f8e4e886-09f1-4d5b-90a2-da08b733ae04@group-B553DFEE5372:LeaderElection1] INFO  server.RaftServerConfigKeys (ConfUtils.java:logGet(43)) - raft.server.write.element-limit = 4096 (default)
2019-09-24 21:55:48,181 [f8e4e886-09f1-4d5b-90a2-da08b733ae04@group-B553DFEE5372:LeaderElection1] INFO  server.RaftServerConfigKeys (ConfUtils.java:logGet(43)) - raft.server.watch.timeout = 10s (default)
2019-09-24 21:55:48,181 [f8e4e886-09f1-4d5b-90a2-da08b733ae04@group-B553DFEE5372:LeaderElection1] INFO  server.RaftServerConfigKeys (ConfUtils.java:logGet(43)) - raft.server.watch.timeout.denomination = 1s (default)
2019-09-24 21:55:48,183 [f8e4e886-09f1-4d5b-90a2-da08b733ae04@group-B553DFEE5372:LeaderElection1] INFO  server.RaftServerConfigKeys (ConfUtils.java:logGet(43)) - raft.server.watch.element-limit = 65536 (default)
2019-09-24 21:55:48,195 [f8e4e886-09f1-4d5b-90a2-da08b733ae04@group-B553DFEE5372:LeaderElection1] INFO  impl.RoleInfo (RoleInfo.java:updateAndGet(143)) - f8e4e886-09f1-4d5b-90a2-da08b733ae04: start LeaderState
2019-09-24 21:55:48,222 [f8e4e886-09f1-4d5b-90a2-da08b733ae04@group-B553DFEE5372:LeaderElection1] INFO  segmented.SegmentedRaftLogWorker (SegmentedRaftLogWorker.java:startLogSegment(380)) - f8e4e886-09f1-4d5b-90a2-da08b733ae04@group-B553DFEE5372-SegmentedRaftLogWorker: Starting segment from index:0
2019-09-24 21:55:48,234 [f8e4e886-09f1-4d5b-90a2-da08b733ae04@group-B553DFEE5372:LeaderElection1] INFO  impl.RaftServerImpl (ServerState.java:setRaftConf(354)) - f8e4e886-09f1-4d5b-90a2-da08b733ae04@group-B553DFEE5372: set configuration 0: [f8e4e886-09f1-4d5b-90a2-da08b733ae04:192.168.151.66:33172], old=null at 0
2019-09-24 21:55:48,276 [Thread-243] INFO  impl.FollowerState (FollowerState.java:run(106)) - 6fca94b5-ea7a-421e-a128-84dfa6a7a2bb:group-A9D053AD63D9 changes to CANDIDATE, lastRpcTime:5035, electionTimeout:5033ms
2019-09-24 21:55:48,277 [Thread-243] INFO  impl.RoleInfo (RoleInfo.java:shutdownFollowerState(121)) - 6fca94b5-ea7a-421e-a128-84dfa6a7a2bb: shutdown FollowerState
2019-09-24 21:55:48,277 [Thread-243] INFO  impl.RaftServerImpl (RaftServerImpl.java:setRole(174)) - 6fca94b5-ea7a-421e-a128-84dfa6a7a2bb@group-A9D053AD63D9: changes role from  FOLLOWER to CANDIDATE at term 0 for changeToCandidate
2019-09-24 21:55:48,278 [Thread-243] INFO  impl.RoleInfo (RoleInfo.java:updateAndGet(143)) - 6fca94b5-ea7a-421e-a128-84dfa6a7a2bb: start LeaderElection
2019-09-24 21:55:48,284 [6fca94b5-ea7a-421e-a128-84dfa6a7a2bb@group-A9D053AD63D9:LeaderElection2] INFO  impl.LeaderElection (LeaderElection.java:askForVotes(182)) - 6fca94b5-ea7a-421e-a128-84dfa6a7a2bb@group-A9D053AD63D9:LeaderElection2: begin an election at term 1 for -1: [6fca94b5-ea7a-421e-a128-84dfa6a7a2bb:192.168.151.66:38431], old=null
2019-09-24 21:55:48,286 [6fca94b5-ea7a-421e-a128-84dfa6a7a2bb@group-A9D053AD63D9:LeaderElection2] INFO  impl.RoleInfo (RoleInfo.java:shutdownLeaderElection(134)) - 6fca94b5-ea7a-421e-a128-84dfa6a7a2bb: shutdown LeaderElection
2019-09-24 21:55:48,286 [6fca94b5-ea7a-421e-a128-84dfa6a7a2bb@group-A9D053AD63D9:LeaderElection2] INFO  impl.RaftServerImpl (RaftServerImpl.java:setRole(174)) - 6fca94b5-ea7a-421e-a128-84dfa6a7a2bb@group-A9D053AD63D9: changes role from CANDIDATE to LEADER at term 1 for changeToLeader
2019-09-24 21:55:48,286 [6fca94b5-ea7a-421e-a128-84dfa6a7a2bb@group-A9D053AD63D9:LeaderElection2] INFO  impl.RaftServerImpl (ServerState.java:setLeader(253)) - 6fca94b5-ea7a-421e-a128-84dfa6a7a2bb@group-A9D053AD63D9: change Leader from null to 6fca94b5-ea7a-421e-a128-84dfa6a7a2bb at term 1 for becomeLeader, leader elected after 5058ms
2019-09-24 21:55:48,286 [6fca94b5-ea7a-421e-a128-84dfa6a7a2bb@group-A9D053AD63D9:LeaderElection2] INFO  server.RaftServerConfigKeys (ConfUtils.java:logGet(43)) - raft.server.staging.catchup.gap = 1000 (default)
2019-09-24 21:55:48,286 [6fca94b5-ea7a-421e-a128-84dfa6a7a2bb@group-A9D053AD63D9:LeaderElection2] INFO  server.RaftServerConfigKeys (ConfUtils.java:logGet(43)) - raft.server.rpc.sleep.time = 25ms (default)
2019-09-24 21:55:48,287 [6fca94b5-ea7a-421e-a128-84dfa6a7a2bb@group-A9D053AD63D9:LeaderElection2] INFO  server.RaftServerConfigKeys (ConfUtils.java:logGet(43)) - raft.server.write.element-limit = 4096 (default)
2019-09-24 21:55:48,287 [6fca94b5-ea7a-421e-a128-84dfa6a7a2bb@group-A9D053AD63D9:LeaderElection2] INFO  server.RaftServerConfigKeys (ConfUtils.java:logGet(43)) - raft.server.watch.timeout = 10s (default)
2019-09-24 21:55:48,287 [6fca94b5-ea7a-421e-a128-84dfa6a7a2bb@group-A9D053AD63D9:LeaderElection2] INFO  server.RaftServerConfigKeys (ConfUtils.java:logGet(43)) - raft.server.watch.timeout.denomination = 1s (default)
2019-09-24 21:55:48,287 [6fca94b5-ea7a-421e-a128-84dfa6a7a2bb@group-A9D053AD63D9:LeaderElection2] INFO  server.RaftServerConfigKeys (ConfUtils.java:logGet(43)) - raft.server.watch.element-limit = 65536 (default)
2019-09-24 21:55:48,289 [6fca94b5-ea7a-421e-a128-84dfa6a7a2bb@group-A9D053AD63D9:LeaderElection2] INFO  impl.RoleInfo (RoleInfo.java:updateAndGet(143)) - 6fca94b5-ea7a-421e-a128-84dfa6a7a2bb: start LeaderState
2019-09-24 21:55:48,289 [6fca94b5-ea7a-421e-a128-84dfa6a7a2bb@group-A9D053AD63D9:LeaderElection2] INFO  segmented.SegmentedRaftLogWorker (SegmentedRaftLogWorker.java:startLogSegment(380)) - 6fca94b5-ea7a-421e-a128-84dfa6a7a2bb@group-A9D053AD63D9-SegmentedRaftLogWorker: Starting segment from index:0
2019-09-24 21:55:48,289 [6fca94b5-ea7a-421e-a128-84dfa6a7a2bb@group-A9D053AD63D9:LeaderElection2] INFO  impl.RaftServerImpl (ServerState.java:setRaftConf(354)) - 6fca94b5-ea7a-421e-a128-84dfa6a7a2bb@group-A9D053AD63D9: set configuration 0: [6fca94b5-ea7a-421e-a128-84dfa6a7a2bb:192.168.151.66:38431], old=null at 0
2019-09-24 21:55:48,403 [f8e4e886-09f1-4d5b-90a2-da08b733ae04@group-B553DFEE5372-SegmentedRaftLogWorker] INFO  segmented.SegmentedRaftLogWorker (SegmentedRaftLogWorker.java:execute(569)) - f8e4e886-09f1-4d5b-90a2-da08b733ae04@group-B553DFEE5372-SegmentedRaftLogWorker: created new log segment /workdir/hadoop-ozone/integration-test/target/test-dir/MiniOzoneClusterImpl-23172438-10ff-4859-aa33-e6eea658d734/datanode-0/data/ratis/20f97456-dca2-41a6-a726-b553dfee5372/current/log_inprogress_0
2019-09-24 21:55:48,403 [6fca94b5-ea7a-421e-a128-84dfa6a7a2bb@group-A9D053AD63D9-SegmentedRaftLogWorker] INFO  segmented.SegmentedRaftLogWorker (SegmentedRaftLogWorker.java:execute(569)) - 6fca94b5-ea7a-421e-a128-84dfa6a7a2bb@group-A9D053AD63D9-SegmentedRaftLogWorker: created new log segment /workdir/hadoop-ozone/integration-test/target/test-dir/MiniOzoneClusterImpl-23172438-10ff-4859-aa33-e6eea658d734/datanode-3/data/ratis/ef154f12-4666-48da-8794-a9d053ad63d9/current/log_inprogress_0
2019-09-24 21:55:48,515 [Thread-249] INFO  impl.FollowerState (FollowerState.java:run(106)) - 2f4e8c38-a5b8-4f52-81d3-d8149c3086e8:group-FCF24587D137 changes to CANDIDATE, lastRpcTime:5033, electionTimeout:5033ms
2019-09-24 21:55:48,515 [Thread-249] INFO  impl.RoleInfo (RoleInfo.java:shutdownFollowerState(121)) - 2f4e8c38-a5b8-4f52-81d3-d8149c3086e8: shutdown FollowerState
2019-09-24 21:55:48,515 [Thread-249] INFO  impl.RaftServerImpl (RaftServerImpl.java:setRole(174)) - 2f4e8c38-a5b8-4f52-81d3-d8149c3086e8@group-FCF24587D137: changes role from  FOLLOWER to CANDIDATE at term 0 for changeToCandidate
2019-09-24 21:55:48,515 [Thread-249] INFO  impl.RoleInfo (RoleInfo.java:updateAndGet(143)) - 2f4e8c38-a5b8-4f52-81d3-d8149c3086e8: start LeaderElection
2019-09-24 21:55:48,536 [2f4e8c38-a5b8-4f52-81d3-d8149c3086e8@group-FCF24587D137:LeaderElection3] INFO  impl.LeaderElection (LeaderElection.java:askForVotes(182)) - 2f4e8c38-a5b8-4f52-81d3-d8149c3086e8@group-FCF24587D137:LeaderElection3: begin an election at term 1 for -1: [2f4e8c38-a5b8-4f52-81d3-d8149c3086e8:192.168.151.66:44539], old=null
2019-09-24 21:55:48,537 [2f4e8c38-a5b8-4f52-81d3-d8149c3086e8@group-FCF24587D137:LeaderElection3] INFO  impl.RoleInfo (RoleInfo.java:shutdownLeaderElection(134)) - 2f4e8c38-a5b8-4f52-81d3-d8149c3086e8: shutdown LeaderElection
2019-09-24 21:55:48,537 [2f4e8c38-a5b8-4f52-81d3-d8149c3086e8@group-FCF24587D137:LeaderElection3] INFO  impl.RaftServerImpl (RaftServerImpl.java:setRole(174)) - 2f4e8c38-a5b8-4f52-81d3-d8149c3086e8@group-FCF24587D137: changes role from CANDIDATE to LEADER at term 1 for changeToLeader
2019-09-24 21:55:48,537 [2f4e8c38-a5b8-4f52-81d3-d8149c3086e8@group-FCF24587D137:LeaderElection3] INFO  impl.RaftServerImpl (ServerState.java:setLeader(253)) - 2f4e8c38-a5b8-4f52-81d3-d8149c3086e8@group-FCF24587D137: change Leader from null to 2f4e8c38-a5b8-4f52-81d3-d8149c3086e8 at term 1 for becomeLeader, leader elected after 5068ms
2019-09-24 21:55:48,537 [2f4e8c38-a5b8-4f52-81d3-d8149c3086e8@group-FCF24587D137:LeaderElection3] INFO  server.RaftServerConfigKeys (ConfUtils.java:logGet(43)) - raft.server.staging.catchup.gap = 1000 (default)
2019-09-24 21:55:48,537 [2f4e8c38-a5b8-4f52-81d3-d8149c3086e8@group-FCF24587D137:LeaderElection3] INFO  server.RaftServerConfigKeys (ConfUtils.java:logGet(43)) - raft.server.rpc.sleep.time = 25ms (default)
2019-09-24 21:55:48,537 [2f4e8c38-a5b8-4f52-81d3-d8149c3086e8@group-FCF24587D137:LeaderElection3] INFO  server.RaftServerConfigKeys (ConfUtils.java:logGet(43)) - raft.server.write.element-limit = 4096 (default)
2019-09-24 21:55:48,538 [2f4e8c38-a5b8-4f52-81d3-d8149c3086e8@group-FCF24587D137:LeaderElection3] INFO  server.RaftServerConfigKeys (ConfUtils.java:logGet(43)) - raft.server.watch.timeout = 10s (default)
2019-09-24 21:55:48,538 [2f4e8c38-a5b8-4f52-81d3-d8149c3086e8@group-FCF24587D137:LeaderElection3] INFO  server.RaftServerConfigKeys (ConfUtils.java:logGet(43)) - raft.server.watch.timeout.denomination = 1s (default)
2019-09-24 21:55:48,538 [2f4e8c38-a5b8-4f52-81d3-d8149c3086e8@group-FCF24587D137:LeaderElection3] INFO  server.RaftServerConfigKeys (ConfUtils.java:logGet(43)) - raft.server.watch.element-limit = 65536 (default)
2019-09-24 21:55:48,541 [2f4e8c38-a5b8-4f52-81d3-d8149c3086e8@group-FCF24587D137:LeaderElection3] INFO  impl.RoleInfo (RoleInfo.java:updateAndGet(143)) - 2f4e8c38-a5b8-4f52-81d3-d8149c3086e8: start LeaderState
2019-09-24 21:55:48,541 [2f4e8c38-a5b8-4f52-81d3-d8149c3086e8@group-FCF24587D137:LeaderElection3] INFO  segmented.SegmentedRaftLogWorker (SegmentedRaftLogWorker.java:startLogSegment(380)) - 2f4e8c38-a5b8-4f52-81d3-d8149c3086e8@group-FCF24587D137-SegmentedRaftLogWorker: Starting segment from index:0
2019-09-24 21:55:48,542 [2f4e8c38-a5b8-4f52-81d3-d8149c3086e8@group-FCF24587D137:LeaderElection3] INFO  impl.RaftServerImpl (ServerState.java:setRaftConf(354)) - 2f4e8c38-a5b8-4f52-81d3-d8149c3086e8@group-FCF24587D137: set configuration 0: [2f4e8c38-a5b8-4f52-81d3-d8149c3086e8:192.168.151.66:44539], old=null at 0
2019-09-24 21:55:48,557 [Thread-246] INFO  impl.FollowerState (FollowerState.java:run(106)) - e7958a38-39c8-4550-87a6-24a0ab1a6a1a:group-F404C6DA206C changes to CANDIDATE, lastRpcTime:5174, electionTimeout:5171ms
2019-09-24 21:55:48,557 [Thread-246] INFO  impl.RoleInfo (RoleInfo.java:shutdownFollowerState(121)) - e7958a38-39c8-4550-87a6-24a0ab1a6a1a: shutdown FollowerState
2019-09-24 21:55:48,557 [Thread-246] INFO  impl.RaftServerImpl (RaftServerImpl.java:setRole(174)) - e7958a38-39c8-4550-87a6-24a0ab1a6a1a@group-F404C6DA206C: changes role from  FOLLOWER to CANDIDATE at term 0 for changeToCandidate
2019-09-24 21:55:48,557 [Thread-246] INFO  impl.RoleInfo (RoleInfo.java:updateAndGet(143)) - e7958a38-39c8-4550-87a6-24a0ab1a6a1a: start LeaderElection
2019-09-24 21:55:48,574 [2f4e8c38-a5b8-4f52-81d3-d8149c3086e8@group-FCF24587D137-SegmentedRaftLogWorker] INFO  segmented.SegmentedRaftLogWorker (SegmentedRaftLogWorker.java:execute(569)) - 2f4e8c38-a5b8-4f52-81d3-d8149c3086e8@group-FCF24587D137-SegmentedRaftLogWorker: created new log segment /workdir/hadoop-ozone/integration-test/target/test-dir/MiniOzoneClusterImpl-23172438-10ff-4859-aa33-e6eea658d734/datanode-2/data/ratis/8763cc26-6d56-438f-9ad2-fcf24587d137/current/log_inprogress_0
2019-09-24 21:55:48,578 [e7958a38-39c8-4550-87a6-24a0ab1a6a1a@group-F404C6DA206C:LeaderElection4] INFO  impl.LeaderElection (LeaderElection.java:askForVotes(182)) - e7958a38-39c8-4550-87a6-24a0ab1a6a1a@group-F404C6DA206C:LeaderElection4: begin an election at term 1 for -1: [e7958a38-39c8-4550-87a6-24a0ab1a6a1a:192.168.151.66:46112], old=null
2019-09-24 21:55:48,578 [e7958a38-39c8-4550-87a6-24a0ab1a6a1a@group-F404C6DA206C:LeaderElection4] INFO  impl.RoleInfo (RoleInfo.java:shutdownLeaderElection(134)) - e7958a38-39c8-4550-87a6-24a0ab1a6a1a: shutdown LeaderElection
2019-09-24 21:55:48,578 [e7958a38-39c8-4550-87a6-24a0ab1a6a1a@group-F404C6DA206C:LeaderElection4] INFO  impl.RaftServerImpl (RaftServerImpl.java:setRole(174)) - e7958a38-39c8-4550-87a6-24a0ab1a6a1a@group-F404C6DA206C: changes role from CANDIDATE to LEADER at term 1 for changeToLeader
2019-09-24 21:55:48,579 [e7958a38-39c8-4550-87a6-24a0ab1a6a1a@group-F404C6DA206C:LeaderElection4] INFO  impl.RaftServerImpl (ServerState.java:setLeader(253)) - e7958a38-39c8-4550-87a6-24a0ab1a6a1a@group-F404C6DA206C: change Leader from null to e7958a38-39c8-4550-87a6-24a0ab1a6a1a at term 1 for becomeLeader, leader elected after 5237ms
2019-09-24 21:55:48,579 [e7958a38-39c8-4550-87a6-24a0ab1a6a1a@group-F404C6DA206C:LeaderElection4] INFO  server.RaftServerConfigKeys (ConfUtils.java:logGet(43)) - raft.server.staging.catchup.gap = 1000 (default)
2019-09-24 21:55:48,579 [e7958a38-39c8-4550-87a6-24a0ab1a6a1a@group-F404C6DA206C:LeaderElection4] INFO  server.RaftServerConfigKeys (ConfUtils.java:logGet(43)) - raft.server.rpc.sleep.time = 25ms (default)
2019-09-24 21:55:48,579 [e7958a38-39c8-4550-87a6-24a0ab1a6a1a@group-F404C6DA206C:LeaderElection4] INFO  server.RaftServerConfigKeys (ConfUtils.java:logGet(43)) - raft.server.write.element-limit = 4096 (default)
2019-09-24 21:55:48,579 [e7958a38-39c8-4550-87a6-24a0ab1a6a1a@group-F404C6DA206C:LeaderElection4] INFO  server.RaftServerConfigKeys (ConfUtils.java:logGet(43)) - raft.server.watch.timeout = 10s (default)
2019-09-24 21:55:48,580 [e7958a38-39c8-4550-87a6-24a0ab1a6a1a@group-F404C6DA206C:LeaderElection4] INFO  server.RaftServerConfigKeys (ConfUtils.java:logGet(43)) - raft.server.watch.timeout.denomination = 1s (default)
2019-09-24 21:55:48,580 [e7958a38-39c8-4550-87a6-24a0ab1a6a1a@group-F404C6DA206C:LeaderElection4] INFO  server.RaftServerConfigKeys (ConfUtils.java:logGet(43)) - raft.server.watch.element-limit = 65536 (default)
2019-09-24 21:55:48,582 [e7958a38-39c8-4550-87a6-24a0ab1a6a1a@group-F404C6DA206C:LeaderElection4] INFO  impl.RoleInfo (RoleInfo.java:updateAndGet(143)) - e7958a38-39c8-4550-87a6-24a0ab1a6a1a: start LeaderState
2019-09-24 21:55:48,582 [e7958a38-39c8-4550-87a6-24a0ab1a6a1a@group-F404C6DA206C:LeaderElection4] INFO  segmented.SegmentedRaftLogWorker (SegmentedRaftLogWorker.java:startLogSegment(380)) - e7958a38-39c8-4550-87a6-24a0ab1a6a1a@group-F404C6DA206C-SegmentedRaftLogWorker: Starting segment from index:0
2019-09-24 21:55:48,583 [e7958a38-39c8-4550-87a6-24a0ab1a6a1a@group-F404C6DA206C:LeaderElection4] INFO  impl.RaftServerImpl (ServerState.java:setRaftConf(354)) - e7958a38-39c8-4550-87a6-24a0ab1a6a1a@group-F404C6DA206C: set configuration 0: [e7958a38-39c8-4550-87a6-24a0ab1a6a1a:192.168.151.66:46112], old=null at 0
2019-09-24 21:55:48,623 [e7958a38-39c8-4550-87a6-24a0ab1a6a1a@group-F404C6DA206C-SegmentedRaftLogWorker] INFO  segmented.SegmentedRaftLogWorker (SegmentedRaftLogWorker.java:execute(569)) - e7958a38-39c8-4550-87a6-24a0ab1a6a1a@group-F404C6DA206C-SegmentedRaftLogWorker: created new log segment /workdir/hadoop-ozone/integration-test/target/test-dir/MiniOzoneClusterImpl-23172438-10ff-4859-aa33-e6eea658d734/datanode-1/data/ratis/bea3e0d9-db2e-4436-9391-f404c6da206c/current/log_inprogress_0
2019-09-24 21:55:48,629 [Thread-252] INFO  impl.FollowerState (FollowerState.java:run(106)) - 8f11d4e6-b202-4932-9b49-c0cc974c2946:group-37ED7669B9DF changes to CANDIDATE, lastRpcTime:5062, electionTimeout:5062ms
2019-09-24 21:55:48,629 [Thread-252] INFO  impl.RoleInfo (RoleInfo.java:shutdownFollowerState(121)) - 8f11d4e6-b202-4932-9b49-c0cc974c2946: shutdown FollowerState
2019-09-24 21:55:48,629 [Thread-252] INFO  impl.RaftServerImpl (RaftServerImpl.java:setRole(174)) - 8f11d4e6-b202-4932-9b49-c0cc974c2946@group-37ED7669B9DF: changes role from  FOLLOWER to CANDIDATE at term 0 for changeToCandidate
2019-09-24 21:55:48,629 [Thread-252] INFO  impl.RoleInfo (RoleInfo.java:updateAndGet(143)) - 8f11d4e6-b202-4932-9b49-c0cc974c2946: start LeaderElection
2019-09-24 21:55:48,650 [8f11d4e6-b202-4932-9b49-c0cc974c2946@group-37ED7669B9DF:LeaderElection5] INFO  impl.LeaderElection (LeaderElection.java:askForVotes(182)) - 8f11d4e6-b202-4932-9b49-c0cc974c2946@group-37ED7669B9DF:LeaderElection5: begin an election at term 1 for -1: [8f11d4e6-b202-4932-9b49-c0cc974c2946:192.168.151.66:39215], old=null
2019-09-24 21:55:48,650 [8f11d4e6-b202-4932-9b49-c0cc974c2946@group-37ED7669B9DF:LeaderElection5] INFO  impl.RoleInfo (RoleInfo.java:shutdownLeaderElection(134)) - 8f11d4e6-b202-4932-9b49-c0cc974c2946: shutdown LeaderElection
2019-09-24 21:55:48,650 [8f11d4e6-b202-4932-9b49-c0cc974c2946@group-37ED7669B9DF:LeaderElection5] INFO  impl.RaftServerImpl (RaftServerImpl.java:setRole(174)) - 8f11d4e6-b202-4932-9b49-c0cc974c2946@group-37ED7669B9DF: changes role from CANDIDATE to LEADER at term 1 for changeToLeader
2019-09-24 21:55:48,650 [8f11d4e6-b202-4932-9b49-c0cc974c2946@group-37ED7669B9DF:LeaderElection5] INFO  impl.RaftServerImpl (ServerState.java:setLeader(253)) - 8f11d4e6-b202-4932-9b49-c0cc974c2946@group-37ED7669B9DF: change Leader from null to 8f11d4e6-b202-4932-9b49-c0cc974c2946 at term 1 for becomeLeader, leader elected after 5099ms
2019-09-24 21:55:48,650 [8f11d4e6-b202-4932-9b49-c0cc974c2946@group-37ED7669B9DF:LeaderElection5] INFO  server.RaftServerConfigKeys (ConfUtils.java:logGet(43)) - raft.server.staging.catchup.gap = 1000 (default)
2019-09-24 21:55:48,650 [8f11d4e6-b202-4932-9b49-c0cc974c2946@group-37ED7669B9DF:LeaderElection5] INFO  server.RaftServerConfigKeys (ConfUtils.java:logGet(43)) - raft.server.rpc.sleep.time = 25ms (default)
2019-09-24 21:55:48,650 [8f11d4e6-b202-4932-9b49-c0cc974c2946@group-37ED7669B9DF:LeaderElection5] INFO  server.RaftServerConfigKeys (ConfUtils.java:logGet(43)) - raft.server.write.element-limit = 4096 (default)
2019-09-24 21:55:48,651 [8f11d4e6-b202-4932-9b49-c0cc974c2946@group-37ED7669B9DF:LeaderElection5] INFO  server.RaftServerConfigKeys (ConfUtils.java:logGet(43)) - raft.server.watch.timeout = 10s (default)
2019-09-24 21:55:48,651 [8f11d4e6-b202-4932-9b49-c0cc974c2946@group-37ED7669B9DF:LeaderElection5] INFO  server.RaftServerConfigKeys (ConfUtils.java:logGet(43)) - raft.server.watch.timeout.denomination = 1s (default)
2019-09-24 21:55:48,651 [8f11d4e6-b202-4932-9b49-c0cc974c2946@group-37ED7669B9DF:LeaderElection5] INFO  server.RaftServerConfigKeys (ConfUtils.java:logGet(43)) - raft.server.watch.element-limit = 65536 (default)
2019-09-24 21:55:48,653 [8f11d4e6-b202-4932-9b49-c0cc974c2946@group-37ED7669B9DF:LeaderElection5] INFO  impl.RoleInfo (RoleInfo.java:updateAndGet(143)) - 8f11d4e6-b202-4932-9b49-c0cc974c2946: start LeaderState
2019-09-24 21:55:48,653 [8f11d4e6-b202-4932-9b49-c0cc974c2946@group-37ED7669B9DF:LeaderElection5] INFO  segmented.SegmentedRaftLogWorker (SegmentedRaftLogWorker.java:startLogSegment(380)) - 8f11d4e6-b202-4932-9b49-c0cc974c2946@group-37ED7669B9DF-SegmentedRaftLogWorker: Starting segment from index:0
2019-09-24 21:55:48,654 [8f11d4e6-b202-4932-9b49-c0cc974c2946@group-37ED7669B9DF:LeaderElection5] INFO  impl.RaftServerImpl (ServerState.java:setRaftConf(354)) - 8f11d4e6-b202-4932-9b49-c0cc974c2946@group-37ED7669B9DF: set configuration 0: [8f11d4e6-b202-4932-9b49-c0cc974c2946:192.168.151.66:39215], old=null at 0
2019-09-24 21:55:48,654 [Thread-255] INFO  impl.FollowerState (FollowerState.java:run(106)) - a48fc246-bdf6-4f8b-914f-d1887677d859:group-1E3101363235 changes to CANDIDATE, lastRpcTime:5018, electionTimeout:5018ms
2019-09-24 21:55:48,667 [Thread-255] INFO  impl.RoleInfo (RoleInfo.java:shutdownFollowerState(121)) - a48fc246-bdf6-4f8b-914f-d1887677d859: shutdown FollowerState
2019-09-24 21:55:48,667 [Thread-255] INFO  impl.RaftServerImpl (RaftServerImpl.java:setRole(174)) - a48fc246-bdf6-4f8b-914f-d1887677d859@group-1E3101363235: changes role from  FOLLOWER to CANDIDATE at term 0 for changeToCandidate
2019-09-24 21:55:48,667 [Thread-255] INFO  impl.RoleInfo (RoleInfo.java:updateAndGet(143)) - a48fc246-bdf6-4f8b-914f-d1887677d859: start LeaderElection
2019-09-24 21:55:48,672 [8f11d4e6-b202-4932-9b49-c0cc974c2946@group-37ED7669B9DF-SegmentedRaftLogWorker] INFO  segmented.SegmentedRaftLogWorker (SegmentedRaftLogWorker.java:execute(569)) - 8f11d4e6-b202-4932-9b49-c0cc974c2946@group-37ED7669B9DF-SegmentedRaftLogWorker: created new log segment /workdir/hadoop-ozone/integration-test/target/test-dir/MiniOzoneClusterImpl-23172438-10ff-4859-aa33-e6eea658d734/datanode-5/data/ratis/4df18a00-386d-40b5-9094-37ed7669b9df/current/log_inprogress_0
2019-09-24 21:55:48,676 [a48fc246-bdf6-4f8b-914f-d1887677d859@group-1E3101363235:LeaderElection6] INFO  impl.LeaderElection (LeaderElection.java:askForVotes(182)) - a48fc246-bdf6-4f8b-914f-d1887677d859@group-1E3101363235:LeaderElection6: begin an election at term 1 for -1: [a48fc246-bdf6-4f8b-914f-d1887677d859:192.168.151.66:41354], old=null
2019-09-24 21:55:48,676 [a48fc246-bdf6-4f8b-914f-d1887677d859@group-1E3101363235:LeaderElection6] INFO  impl.RoleInfo (RoleInfo.java:shutdownLeaderElection(134)) - a48fc246-bdf6-4f8b-914f-d1887677d859: shutdown LeaderElection
2019-09-24 21:55:48,676 [a48fc246-bdf6-4f8b-914f-d1887677d859@group-1E3101363235:LeaderElection6] INFO  impl.RaftServerImpl (RaftServerImpl.java:setRole(174)) - a48fc246-bdf6-4f8b-914f-d1887677d859@group-1E3101363235: changes role from CANDIDATE to LEADER at term 1 for changeToLeader
2019-09-24 21:55:48,676 [a48fc246-bdf6-4f8b-914f-d1887677d859@group-1E3101363235:LeaderElection6] INFO  impl.RaftServerImpl (ServerState.java:setLeader(253)) - a48fc246-bdf6-4f8b-914f-d1887677d859@group-1E3101363235: change Leader from null to a48fc246-bdf6-4f8b-914f-d1887677d859 at term 1 for becomeLeader, leader elected after 5048ms
2019-09-24 21:55:48,677 [a48fc246-bdf6-4f8b-914f-d1887677d859@group-1E3101363235:LeaderElection6] INFO  server.RaftServerConfigKeys (ConfUtils.java:logGet(43)) - raft.server.staging.catchup.gap = 1000 (default)
2019-09-24 21:55:48,677 [a48fc246-bdf6-4f8b-914f-d1887677d859@group-1E3101363235:LeaderElection6] INFO  server.RaftServerConfigKeys (ConfUtils.java:logGet(43)) - raft.server.rpc.sleep.time = 25ms (default)
2019-09-24 21:55:48,678 [a48fc246-bdf6-4f8b-914f-d1887677d859@group-1E3101363235:LeaderElection6] INFO  server.RaftServerConfigKeys (ConfUtils.java:logGet(43)) - raft.server.write.element-limit = 4096 (default)
2019-09-24 21:55:48,678 [a48fc246-bdf6-4f8b-914f-d1887677d859@group-1E3101363235:LeaderElection6] INFO  server.RaftServerConfigKeys (ConfUtils.java:logGet(43)) - raft.server.watch.timeout = 10s (default)
2019-09-24 21:55:48,678 [a48fc246-bdf6-4f8b-914f-d1887677d859@group-1E3101363235:LeaderElection6] INFO  server.RaftServerConfigKeys (ConfUtils.java:logGet(43)) - raft.server.watch.timeout.denomination = 1s (default)
2019-09-24 21:55:48,678 [a48fc246-bdf6-4f8b-914f-d1887677d859@group-1E3101363235:LeaderElection6] INFO  server.RaftServerConfigKeys (ConfUtils.java:logGet(43)) - raft.server.watch.element-limit = 65536 (default)
2019-09-24 21:55:48,681 [a48fc246-bdf6-4f8b-914f-d1887677d859@group-1E3101363235:LeaderElection6] INFO  impl.RoleInfo (RoleInfo.java:updateAndGet(143)) - a48fc246-bdf6-4f8b-914f-d1887677d859: start LeaderState
2019-09-24 21:55:48,681 [a48fc246-bdf6-4f8b-914f-d1887677d859@group-1E3101363235:LeaderElection6] INFO  segmented.SegmentedRaftLogWorker (SegmentedRaftLogWorker.java:startLogSegment(380)) - a48fc246-bdf6-4f8b-914f-d1887677d859@group-1E3101363235-SegmentedRaftLogWorker: Starting segment from index:0
2019-09-24 21:55:48,682 [a48fc246-bdf6-4f8b-914f-d1887677d859@group-1E3101363235:LeaderElection6] INFO  impl.RaftServerImpl (ServerState.java:setRaftConf(354)) - a48fc246-bdf6-4f8b-914f-d1887677d859@group-1E3101363235: set configuration 0: [a48fc246-bdf6-4f8b-914f-d1887677d859:192.168.151.66:41354], old=null at 0
2019-09-24 21:55:48,703 [a48fc246-bdf6-4f8b-914f-d1887677d859@group-1E3101363235-SegmentedRaftLogWorker] INFO  segmented.SegmentedRaftLogWorker (SegmentedRaftLogWorker.java:execute(569)) - a48fc246-bdf6-4f8b-914f-d1887677d859@group-1E3101363235-SegmentedRaftLogWorker: created new log segment /workdir/hadoop-ozone/integration-test/target/test-dir/MiniOzoneClusterImpl-23172438-10ff-4859-aa33-e6eea658d734/datanode-4/data/ratis/50aa478f-e0a0-4331-b1db-1e3101363235/current/log_inprogress_0
2019-09-24 21:55:48,844 [Thread-267] INFO  impl.FollowerState (FollowerState.java:run(106)) - e7958a38-39c8-4550-87a6-24a0ab1a6a1a:group-371DD5F7BCB9 changes to CANDIDATE, lastRpcTime:5001, electionTimeout:5001ms
2019-09-24 21:55:48,844 [Thread-267] INFO  impl.RoleInfo (RoleInfo.java:shutdownFollowerState(121)) - e7958a38-39c8-4550-87a6-24a0ab1a6a1a: shutdown FollowerState
2019-09-24 21:55:48,845 [Thread-267] INFO  impl.RaftServerImpl (RaftServerImpl.java:setRole(174)) - e7958a38-39c8-4550-87a6-24a0ab1a6a1a@group-371DD5F7BCB9: changes role from  FOLLOWER to CANDIDATE at term 0 for changeToCandidate
2019-09-24 21:55:48,845 [Thread-267] INFO  impl.RoleInfo (RoleInfo.java:updateAndGet(143)) - e7958a38-39c8-4550-87a6-24a0ab1a6a1a: start LeaderElection
2019-09-24 21:55:48,874 [e7958a38-39c8-4550-87a6-24a0ab1a6a1a@group-371DD5F7BCB9:LeaderElection7] INFO  impl.LeaderElection (LeaderElection.java:askForVotes(182)) - e7958a38-39c8-4550-87a6-24a0ab1a6a1a@group-371DD5F7BCB9:LeaderElection7: begin an election at term 1 for -1: [6fca94b5-ea7a-421e-a128-84dfa6a7a2bb:192.168.151.66:38431, 2f4e8c38-a5b8-4f52-81d3-d8149c3086e8:192.168.151.66:44539, e7958a38-39c8-4550-87a6-24a0ab1a6a1a:192.168.151.66:46112], old=null
2019-09-24 21:55:48,878 [Thread-265] INFO  impl.FollowerState (FollowerState.java:run(106)) - 2f4e8c38-a5b8-4f52-81d3-d8149c3086e8:group-371DD5F7BCB9 changes to CANDIDATE, lastRpcTime:5036, electionTimeout:5036ms
2019-09-24 21:55:48,878 [Thread-265] INFO  impl.RoleInfo (RoleInfo.java:shutdownFollowerState(121)) - 2f4e8c38-a5b8-4f52-81d3-d8149c3086e8: shutdown FollowerState
2019-09-24 21:55:48,878 [Thread-265] INFO  impl.RaftServerImpl (RaftServerImpl.java:setRole(174)) - 2f4e8c38-a5b8-4f52-81d3-d8149c3086e8@group-371DD5F7BCB9: changes role from  FOLLOWER to CANDIDATE at term 0 for changeToCandidate
2019-09-24 21:55:48,879 [Thread-265] INFO  impl.RoleInfo (RoleInfo.java:updateAndGet(143)) - 2f4e8c38-a5b8-4f52-81d3-d8149c3086e8: start LeaderElection
2019-09-24 21:55:48,896 [2f4e8c38-a5b8-4f52-81d3-d8149c3086e8@group-371DD5F7BCB9:LeaderElection8] INFO  impl.LeaderElection (LeaderElection.java:askForVotes(182)) - 2f4e8c38-a5b8-4f52-81d3-d8149c3086e8@group-371DD5F7BCB9:LeaderElection8: begin an election at term 1 for -1: [6fca94b5-ea7a-421e-a128-84dfa6a7a2bb:192.168.151.66:38431, 2f4e8c38-a5b8-4f52-81d3-d8149c3086e8:192.168.151.66:44539, e7958a38-39c8-4550-87a6-24a0ab1a6a1a:192.168.151.66:46112], old=null
2019-09-24 21:55:48,907 [grpc-default-executor-1] INFO  impl.RaftServerImpl (RaftServerImpl.java:setRole(174)) - 6fca94b5-ea7a-421e-a128-84dfa6a7a2bb@group-371DD5F7BCB9: changes role from  FOLLOWER to FOLLOWER at term 1 for recognizeCandidate:e7958a38-39c8-4550-87a6-24a0ab1a6a1a
2019-09-24 21:55:48,907 [grpc-default-executor-1] INFO  impl.RoleInfo (RoleInfo.java:shutdownFollowerState(121)) - 6fca94b5-ea7a-421e-a128-84dfa6a7a2bb: shutdown FollowerState
2019-09-24 21:55:48,907 [grpc-default-executor-1] INFO  impl.RoleInfo (RoleInfo.java:updateAndGet(143)) - 6fca94b5-ea7a-421e-a128-84dfa6a7a2bb: start FollowerState
2019-09-24 21:55:48,907 [Thread-262] INFO  impl.FollowerState (FollowerState.java:run(115)) - 6fca94b5-ea7a-421e-a128-84dfa6a7a2bb: FollowerState was interrupted: java.lang.InterruptedException: sleep interrupted
2019-09-24 21:55:48,909 [Thread-258] INFO  impl.FollowerState (FollowerState.java:run(106)) - 2cee2565-8d5e-44db-8b53-370c653dd1d2:group-B9EE92F46194 changes to CANDIDATE, lastRpcTime:5196, electionTimeout:5195ms
2019-09-24 21:55:48,909 [Thread-258] INFO  impl.RoleInfo (RoleInfo.java:shutdownFollowerState(121)) - 2cee2565-8d5e-44db-8b53-370c653dd1d2: shutdown FollowerState
2019-09-24 21:55:48,909 [Thread-258] INFO  impl.RaftServerImpl (RaftServerImpl.java:setRole(174)) - 2cee2565-8d5e-44db-8b53-370c653dd1d2@group-B9EE92F46194: changes role from  FOLLOWER to CANDIDATE at term 0 for changeToCandidate
2019-09-24 21:55:48,909 [Thread-258] INFO  impl.RoleInfo (RoleInfo.java:updateAndGet(143)) - 2cee2565-8d5e-44db-8b53-370c653dd1d2: start LeaderElection
2019-09-24 21:55:48,926 [2cee2565-8d5e-44db-8b53-370c653dd1d2@group-B9EE92F46194:LeaderElection9] INFO  impl.LeaderElection (LeaderElection.java:askForVotes(182)) - 2cee2565-8d5e-44db-8b53-370c653dd1d2@group-B9EE92F46194:LeaderElection9: begin an election at term 1 for -1: [2cee2565-8d5e-44db-8b53-370c653dd1d2:192.168.151.66:45133], old=null
2019-09-24 21:55:48,926 [2cee2565-8d5e-44db-8b53-370c653dd1d2@group-B9EE92F46194:LeaderElection9] INFO  impl.RoleInfo (RoleInfo.java:shutdownLeaderElection(134)) - 2cee2565-8d5e-44db-8b53-370c653dd1d2: shutdown LeaderElection
2019-09-24 21:55:48,926 [2cee2565-8d5e-44db-8b53-370c653dd1d2@group-B9EE92F46194:LeaderElection9] INFO  impl.RaftServerImpl (RaftServerImpl.java:setRole(174)) - 2cee2565-8d5e-44db-8b53-370c653dd1d2@group-B9EE92F46194: changes role from CANDIDATE to LEADER at term 1 for changeToLeader
2019-09-24 21:55:48,926 [2cee2565-8d5e-44db-8b53-370c653dd1d2@group-B9EE92F46194:LeaderElection9] INFO  impl.RaftServerImpl (ServerState.java:setLeader(253)) - 2cee2565-8d5e-44db-8b53-370c653dd1d2@group-B9EE92F46194: change Leader from null to 2cee2565-8d5e-44db-8b53-370c653dd1d2 at term 1 for becomeLeader, leader elected after 5222ms
2019-09-24 21:55:48,928 [2cee2565-8d5e-44db-8b53-370c653dd1d2@group-B9EE92F46194:LeaderElection9] INFO  server.RaftServerConfigKeys (ConfUtils.java:logGet(43)) - raft.server.staging.catchup.gap = 1000 (default)
2019-09-24 21:55:48,928 [2cee2565-8d5e-44db-8b53-370c653dd1d2@group-B9EE92F46194:LeaderElection9] INFO  server.RaftServerConfigKeys (ConfUtils.java:logGet(43)) - raft.server.rpc.sleep.time = 25ms (default)
2019-09-24 21:55:48,929 [2cee2565-8d5e-44db-8b53-370c653dd1d2@group-B9EE92F46194:LeaderElection9] INFO  server.RaftServerConfigKeys (ConfUtils.java:logGet(43)) - raft.server.write.element-limit = 4096 (default)
2019-09-24 21:55:48,929 [2cee2565-8d5e-44db-8b53-370c653dd1d2@group-B9EE92F46194:LeaderElection9] INFO  server.RaftServerConfigKeys (ConfUtils.java:logGet(43)) - raft.server.watch.timeout = 10s (default)
2019-09-24 21:55:48,930 [2cee2565-8d5e-44db-8b53-370c653dd1d2@group-B9EE92F46194:LeaderElection9] INFO  server.RaftServerConfigKeys (ConfUtils.java:logGet(43)) - raft.server.watch.timeout.denomination = 1s (default)
2019-09-24 21:55:48,930 [2cee2565-8d5e-44db-8b53-370c653dd1d2@group-B9EE92F46194:LeaderElection9] INFO  server.RaftServerConfigKeys (ConfUtils.java:logGet(43)) - raft.server.watch.element-limit = 65536 (default)
2019-09-24 21:55:48,937 [2cee2565-8d5e-44db-8b53-370c653dd1d2@group-B9EE92F46194:LeaderElection9] INFO  impl.RoleInfo (RoleInfo.java:updateAndGet(143)) - 2cee2565-8d5e-44db-8b53-370c653dd1d2: start LeaderState
2019-09-24 21:55:48,937 [2cee2565-8d5e-44db-8b53-370c653dd1d2@group-B9EE92F46194:LeaderElection9] INFO  segmented.SegmentedRaftLogWorker (SegmentedRaftLogWorker.java:startLogSegment(380)) - 2cee2565-8d5e-44db-8b53-370c653dd1d2@group-B9EE92F46194-SegmentedRaftLogWorker: Starting segment from index:0
2019-09-24 21:55:48,938 [2cee2565-8d5e-44db-8b53-370c653dd1d2@group-B9EE92F46194:LeaderElection9] INFO  impl.RaftServerImpl (ServerState.java:setRaftConf(354)) - 2cee2565-8d5e-44db-8b53-370c653dd1d2@group-B9EE92F46194: set configuration 0: [2cee2565-8d5e-44db-8b53-370c653dd1d2:192.168.151.66:45133], old=null at 0
2019-09-24 21:55:48,951 [e7958a38-39c8-4550-87a6-24a0ab1a6a1a@group-371DD5F7BCB9:LeaderElection7] INFO  impl.LeaderElection (LeaderElection.java:logAndReturn(56)) - e7958a38-39c8-4550-87a6-24a0ab1a6a1a@group-371DD5F7BCB9:LeaderElection7: Election PASSED; received 2 response(s) [e7958a38-39c8-4550-87a6-24a0ab1a6a1a<-6fca94b5-ea7a-421e-a128-84dfa6a7a2bb#0:OK-t1, e7958a38-39c8-4550-87a6-24a0ab1a6a1a<-2f4e8c38-a5b8-4f52-81d3-d8149c3086e8#0:FAIL-t1] and 0 exception(s); e7958a38-39c8-4550-87a6-24a0ab1a6a1a@group-371DD5F7BCB9:t1, leader=null, voted=e7958a38-39c8-4550-87a6-24a0ab1a6a1a, raftlog=e7958a38-39c8-4550-87a6-24a0ab1a6a1a@group-371DD5F7BCB9-SegmentedRaftLog:OPENED:c-1,f-1,i0, conf=-1: [6fca94b5-ea7a-421e-a128-84dfa6a7a2bb:192.168.151.66:38431, 2f4e8c38-a5b8-4f52-81d3-d8149c3086e8:192.168.151.66:44539, e7958a38-39c8-4550-87a6-24a0ab1a6a1a:192.168.151.66:46112], old=null
2019-09-24 21:55:48,951 [2f4e8c38-a5b8-4f52-81d3-d8149c3086e8@group-371DD5F7BCB9:LeaderElection8] INFO  impl.LeaderElection (LeaderElection.java:logAndReturn(56)) - 2f4e8c38-a5b8-4f52-81d3-d8149c3086e8@group-371DD5F7BCB9:LeaderElection8: Election REJECTED; received 2 response(s) [2f4e8c38-a5b8-4f52-81d3-d8149c3086e8<-6fca94b5-ea7a-421e-a128-84dfa6a7a2bb#0:FAIL-t1, 2f4e8c38-a5b8-4f52-81d3-d8149c3086e8<-e7958a38-39c8-4550-87a6-24a0ab1a6a1a#0:FAIL-t1] and 0 exception(s); 2f4e8c38-a5b8-4f52-81d3-d8149c3086e8@group-371DD5F7BCB9:t1, leader=null, voted=2f4e8c38-a5b8-4f52-81d3-d8149c3086e8, raftlog=2f4e8c38-a5b8-4f52-81d3-d8149c3086e8@group-371DD5F7BCB9-SegmentedRaftLog:OPENED:c-1,f-1,i0, conf=-1: [6fca94b5-ea7a-421e-a128-84dfa6a7a2bb:192.168.151.66:38431, 2f4e8c38-a5b8-4f52-81d3-d8149c3086e8:192.168.151.66:44539, e7958a38-39c8-4550-87a6-24a0ab1a6a1a:192.168.151.66:46112], old=null
2019-09-24 21:55:48,951 [e7958a38-39c8-4550-87a6-24a0ab1a6a1a@group-371DD5F7BCB9:LeaderElection7] INFO  impl.RoleInfo (RoleInfo.java:shutdownLeaderElection(134)) - e7958a38-39c8-4550-87a6-24a0ab1a6a1a: shutdown LeaderElection
2019-09-24 21:55:48,952 [2f4e8c38-a5b8-4f52-81d3-d8149c3086e8@group-371DD5F7BCB9:LeaderElection8] INFO  impl.RaftServerImpl (RaftServerImpl.java:setRole(174)) - 2f4e8c38-a5b8-4f52-81d3-d8149c3086e8@group-371DD5F7BCB9: changes role from CANDIDATE to FOLLOWER at term 1 for DISCOVERED_A_NEW_TERM
2019-09-24 21:55:48,954 [e7958a38-39c8-4550-87a6-24a0ab1a6a1a@group-371DD5F7BCB9:LeaderElection7] INFO  impl.RaftServerImpl (RaftServerImpl.java:setRole(174)) - e7958a38-39c8-4550-87a6-24a0ab1a6a1a@group-371DD5F7BCB9: changes role from CANDIDATE to LEADER at term 1 for changeToLeader
2019-09-24 21:55:48,954 [2f4e8c38-a5b8-4f52-81d3-d8149c3086e8@group-371DD5F7BCB9:LeaderElection8] INFO  impl.RoleInfo (RoleInfo.java:shutdownLeaderElection(134)) - 2f4e8c38-a5b8-4f52-81d3-d8149c3086e8: shutdown LeaderElection
2019-09-24 21:55:48,955 [e7958a38-39c8-4550-87a6-24a0ab1a6a1a@group-371DD5F7BCB9:LeaderElection7] INFO  impl.RaftServerImpl (ServerState.java:setLeader(253)) - e7958a38-39c8-4550-87a6-24a0ab1a6a1a@group-371DD5F7BCB9: change Leader from null to e7958a38-39c8-4550-87a6-24a0ab1a6a1a at term 1 for becomeLeader, leader elected after 5132ms
2019-09-24 21:55:48,959 [2f4e8c38-a5b8-4f52-81d3-d8149c3086e8@group-371DD5F7BCB9:LeaderElection8] INFO  impl.RoleInfo (RoleInfo.java:updateAndGet(143)) - 2f4e8c38-a5b8-4f52-81d3-d8149c3086e8: start FollowerState
2019-09-24 21:55:48,959 [e7958a38-39c8-4550-87a6-24a0ab1a6a1a@group-371DD5F7BCB9:LeaderElection7] INFO  server.RaftServerConfigKeys (ConfUtils.java:logGet(43)) - raft.server.staging.catchup.gap = 1000 (default)
2019-09-24 21:55:48,960 [e7958a38-39c8-4550-87a6-24a0ab1a6a1a@group-371DD5F7BCB9:LeaderElection7] INFO  server.RaftServerConfigKeys (ConfUtils.java:logGet(43)) - raft.server.rpc.sleep.time = 25ms (default)
2019-09-24 21:55:48,960 [e7958a38-39c8-4550-87a6-24a0ab1a6a1a@group-371DD5F7BCB9:LeaderElection7] INFO  server.RaftServerConfigKeys (ConfUtils.java:logGet(43)) - raft.server.write.element-limit = 4096 (default)
2019-09-24 21:55:48,961 [e7958a38-39c8-4550-87a6-24a0ab1a6a1a@group-371DD5F7BCB9:LeaderElection7] INFO  server.RaftServerConfigKeys (ConfUtils.java:logGet(43)) - raft.server.watch.timeout = 10s (default)
2019-09-24 21:55:48,961 [e7958a38-39c8-4550-87a6-24a0ab1a6a1a@group-371DD5F7BCB9:LeaderElection7] INFO  server.RaftServerConfigKeys (ConfUtils.java:logGet(43)) - raft.server.watch.timeout.denomination = 1s (default)
2019-09-24 21:55:48,961 [e7958a38-39c8-4550-87a6-24a0ab1a6a1a@group-371DD5F7BCB9:LeaderElection7] INFO  server.RaftServerConfigKeys (ConfUtils.java:logGet(43)) - raft.server.watch.element-limit = 65536 (default)
2019-09-24 21:55:48,964 [2cee2565-8d5e-44db-8b53-370c653dd1d2@group-B9EE92F46194-SegmentedRaftLogWorker] INFO  segmented.SegmentedRaftLogWorker (SegmentedRaftLogWorker.java:execute(569)) - 2cee2565-8d5e-44db-8b53-370c653dd1d2@group-B9EE92F46194-SegmentedRaftLogWorker: created new log segment /workdir/hadoop-ozone/integration-test/target/test-dir/MiniOzoneClusterImpl-23172438-10ff-4859-aa33-e6eea658d734/datanode-6/data/ratis/bad35c6b-a8b2-4a6f-8486-b9ee92f46194/current/log_inprogress_0
2019-09-24 21:55:48,966 [e7958a38-39c8-4550-87a6-24a0ab1a6a1a@group-371DD5F7BCB9:LeaderElection7] INFO  server.RaftServerConfigKeys (ConfUtils.java:logGet(43)) - raft.server.log.appender.snapshot.chunk.size.max = 16MB (=16777216) (default)
2019-09-24 21:55:48,967 [e7958a38-39c8-4550-87a6-24a0ab1a6a1a@group-371DD5F7BCB9:LeaderElection7] INFO  server.RaftServerConfigKeys (ConfUtils.java:logGet(43)) - raft.server.log.appender.buffer.byte-limit = 33554432 (custom)
2019-09-24 21:55:48,967 [e7958a38-39c8-4550-87a6-24a0ab1a6a1a@group-371DD5F7BCB9:LeaderElection7] INFO  server.RaftServerConfigKeys (ConfUtils.java:logGet(43)) - raft.server.log.appender.buffer.element-limit = 1 (custom)
2019-09-24 21:55:48,971 [e7958a38-39c8-4550-87a6-24a0ab1a6a1a@group-371DD5F7BCB9:LeaderElection7] INFO  grpc.GrpcConfigKeys$Server (ConfUtils.java:logGet(43)) - raft.grpc.server.leader.outstanding.appends.max = 128 (default)
2019-09-24 21:55:48,977 [e7958a38-39c8-4550-87a6-24a0ab1a6a1a@group-371DD5F7BCB9:LeaderElection7] INFO  server.RaftServerConfigKeys (ConfUtils.java:logGet(43)) - raft.server.rpc.request.timeout = 3000ms (default)
2019-09-24 21:55:48,977 [e7958a38-39c8-4550-87a6-24a0ab1a6a1a@group-371DD5F7BCB9:LeaderElection7] INFO  server.RaftServerConfigKeys (ConfUtils.java:logGet(43)) - raft.server.log.appender.install.snapshot.enabled = false (custom)
2019-09-24 21:55:48,978 [e7958a38-39c8-4550-87a6-24a0ab1a6a1a@group-371DD5F7BCB9:LeaderElection7] INFO  server.RaftServerConfigKeys (ConfUtils.java:logGet(43)) - raft.server.log.appender.snapshot.chunk.size.max = 16MB (=16777216) (default)
2019-09-24 21:55:48,978 [e7958a38-39c8-4550-87a6-24a0ab1a6a1a@group-371DD5F7BCB9:LeaderElection7] INFO  server.RaftServerConfigKeys (ConfUtils.java:logGet(43)) - raft.server.log.appender.buffer.byte-limit = 33554432 (custom)
2019-09-24 21:55:48,979 [e7958a38-39c8-4550-87a6-24a0ab1a6a1a@group-371DD5F7BCB9:LeaderElection7] INFO  server.RaftServerConfigKeys (ConfUtils.java:logGet(43)) - raft.server.log.appender.buffer.element-limit = 1 (custom)
2019-09-24 21:55:48,979 [e7958a38-39c8-4550-87a6-24a0ab1a6a1a@group-371DD5F7BCB9:LeaderElection7] INFO  grpc.GrpcConfigKeys$Server (ConfUtils.java:logGet(43)) - raft.grpc.server.leader.outstanding.appends.max = 128 (default)
2019-09-24 21:55:48,979 [e7958a38-39c8-4550-87a6-24a0ab1a6a1a@group-371DD5F7BCB9:LeaderElection7] INFO  server.RaftServerConfigKeys (ConfUtils.java:logGet(43)) - raft.server.rpc.request.timeout = 3000ms (default)
2019-09-24 21:55:48,979 [e7958a38-39c8-4550-87a6-24a0ab1a6a1a@group-371DD5F7BCB9:LeaderElection7] INFO  server.RaftServerConfigKeys (ConfUtils.java:logGet(43)) - raft.server.log.appender.install.snapshot.enabled = false (custom)
2019-09-24 21:55:48,982 [e7958a38-39c8-4550-87a6-24a0ab1a6a1a@group-371DD5F7BCB9:LeaderElection7] INFO  impl.RoleInfo (RoleInfo.java:updateAndGet(143)) - e7958a38-39c8-4550-87a6-24a0ab1a6a1a: start LeaderState
2019-09-24 21:55:48,983 [e7958a38-39c8-4550-87a6-24a0ab1a6a1a@group-371DD5F7BCB9:LeaderElection7] INFO  segmented.SegmentedRaftLogWorker (SegmentedRaftLogWorker.java:startLogSegment(380)) - e7958a38-39c8-4550-87a6-24a0ab1a6a1a@group-371DD5F7BCB9-SegmentedRaftLogWorker: Starting segment from index:0
2019-09-24 21:55:48,983 [e7958a38-39c8-4550-87a6-24a0ab1a6a1a@group-371DD5F7BCB9:LeaderElection7] INFO  impl.RaftServerImpl (ServerState.java:setRaftConf(354)) - e7958a38-39c8-4550-87a6-24a0ab1a6a1a@group-371DD5F7BCB9: set configuration 0: [6fca94b5-ea7a-421e-a128-84dfa6a7a2bb:192.168.151.66:38431, 2f4e8c38-a5b8-4f52-81d3-d8149c3086e8:192.168.151.66:44539, e7958a38-39c8-4550-87a6-24a0ab1a6a1a:192.168.151.66:46112], old=null at 0
2019-09-24 21:55:49,007 [e7958a38-39c8-4550-87a6-24a0ab1a6a1a@group-371DD5F7BCB9-SegmentedRaftLogWorker] INFO  segmented.SegmentedRaftLogWorker (SegmentedRaftLogWorker.java:execute(569)) - e7958a38-39c8-4550-87a6-24a0ab1a6a1a@group-371DD5F7BCB9-SegmentedRaftLogWorker: created new log segment /workdir/hadoop-ozone/integration-test/target/test-dir/MiniOzoneClusterImpl-23172438-10ff-4859-aa33-e6eea658d734/datanode-1/data/ratis/55c3129e-a6d9-419a-8097-371dd5f7bcb9/current/log_inprogress_0
2019-09-24 21:55:49,014 [grpc-default-executor-2] INFO  impl.RaftServerImpl (ServerState.java:setLeader(253)) - 2f4e8c38-a5b8-4f52-81d3-d8149c3086e8@group-371DD5F7BCB9: change Leader from null to e7958a38-39c8-4550-87a6-24a0ab1a6a1a at term 1 for appendEntries, leader elected after 5193ms
2019-09-24 21:55:49,014 [grpc-default-executor-0] INFO  impl.RaftServerImpl (ServerState.java:setLeader(253)) - 6fca94b5-ea7a-421e-a128-84dfa6a7a2bb@group-371DD5F7BCB9: change Leader from null to e7958a38-39c8-4550-87a6-24a0ab1a6a1a at term 1 for appendEntries, leader elected after 5193ms
2019-09-24 21:55:49,017 [main] INFO  ipc.Client (Client.java:handleConnectionFailure(948)) - Retrying connect to server: localhost/127.0.0.1:0. Already tried 4 time(s); retry policy is RetryUpToMaximumCountWithFixedSleep(maxRetries=10, sleepTime=1000 MILLISECONDS)
2019-09-24 21:55:49,017 [Thread-270] INFO  impl.FollowerState (FollowerState.java:run(106)) - a48fc246-bdf6-4f8b-914f-d1887677d859:group-450043C6B9B7 changes to CANDIDATE, lastRpcTime:5070, electionTimeout:5069ms
2019-09-24 21:55:49,018 [Thread-270] INFO  impl.RoleInfo (RoleInfo.java:shutdownFollowerState(121)) - a48fc246-bdf6-4f8b-914f-d1887677d859: shutdown FollowerState
2019-09-24 21:55:49,018 [Thread-270] INFO  impl.RaftServerImpl (RaftServerImpl.java:setRole(174)) - a48fc246-bdf6-4f8b-914f-d1887677d859@group-450043C6B9B7: changes role from  FOLLOWER to CANDIDATE at term 0 for changeToCandidate
2019-09-24 21:55:49,019 [Thread-270] INFO  impl.RoleInfo (RoleInfo.java:updateAndGet(143)) - a48fc246-bdf6-4f8b-914f-d1887677d859: start LeaderElection
2019-09-24 21:55:49,036 [a48fc246-bdf6-4f8b-914f-d1887677d859@group-450043C6B9B7:LeaderElection10] INFO  impl.LeaderElection (LeaderElection.java:askForVotes(182)) - a48fc246-bdf6-4f8b-914f-d1887677d859@group-450043C6B9B7:LeaderElection10: begin an election at term 1 for -1: [8f11d4e6-b202-4932-9b49-c0cc974c2946:192.168.151.66:39215, a48fc246-bdf6-4f8b-914f-d1887677d859:192.168.151.66:41354, f8e4e886-09f1-4d5b-90a2-da08b733ae04:192.168.151.66:33172], old=null
2019-09-24 21:55:49,097 [Thread-274] INFO  impl.FollowerState (FollowerState.java:run(106)) - 8f11d4e6-b202-4932-9b49-c0cc974c2946:group-450043C6B9B7 changes to CANDIDATE, lastRpcTime:5136, electionTimeout:5136ms
2019-09-24 21:55:49,099 [Thread-274] INFO  impl.RoleInfo (RoleInfo.java:shutdownFollowerState(121)) - 8f11d4e6-b202-4932-9b49-c0cc974c2946: shutdown FollowerState
2019-09-24 21:55:49,099 [Thread-274] INFO  impl.RaftServerImpl (RaftServerImpl.java:setRole(174)) - 8f11d4e6-b202-4932-9b49-c0cc974c2946@group-450043C6B9B7: changes role from  FOLLOWER to CANDIDATE at term 0 for changeToCandidate
2019-09-24 21:55:49,099 [Thread-274] INFO  impl.RoleInfo (RoleInfo.java:updateAndGet(143)) - 8f11d4e6-b202-4932-9b49-c0cc974c2946: start LeaderElection
2019-09-24 21:55:49,099 [grpc-default-executor-2] INFO  impl.RaftServerImpl (ServerState.java:setRaftConf(354)) - 6fca94b5-ea7a-421e-a128-84dfa6a7a2bb@group-371DD5F7BCB9: set configuration 0: [6fca94b5-ea7a-421e-a128-84dfa6a7a2bb:192.168.151.66:38431, 2f4e8c38-a5b8-4f52-81d3-d8149c3086e8:192.168.151.66:44539, e7958a38-39c8-4550-87a6-24a0ab1a6a1a:192.168.151.66:46112], old=null at 0
2019-09-24 21:55:49,099 [grpc-default-executor-0] INFO  impl.RaftServerImpl (ServerState.java:setRaftConf(354)) - 2f4e8c38-a5b8-4f52-81d3-d8149c3086e8@group-371DD5F7BCB9: set configuration 0: [6fca94b5-ea7a-421e-a128-84dfa6a7a2bb:192.168.151.66:38431, 2f4e8c38-a5b8-4f52-81d3-d8149c3086e8:192.168.151.66:44539, e7958a38-39c8-4550-87a6-24a0ab1a6a1a:192.168.151.66:46112], old=null at 0
2019-09-24 21:55:49,103 [grpc-default-executor-2] INFO  segmented.SegmentedRaftLogWorker (SegmentedRaftLogWorker.java:startLogSegment(380)) - 6fca94b5-ea7a-421e-a128-84dfa6a7a2bb@group-371DD5F7BCB9-SegmentedRaftLogWorker: Starting segment from index:0
2019-09-24 21:55:49,104 [grpc-default-executor-0] INFO  segmented.SegmentedRaftLogWorker (SegmentedRaftLogWorker.java:startLogSegment(380)) - 2f4e8c38-a5b8-4f52-81d3-d8149c3086e8@group-371DD5F7BCB9-SegmentedRaftLogWorker: Starting segment from index:0
2019-09-24 21:55:49,121 [8f11d4e6-b202-4932-9b49-c0cc974c2946@group-450043C6B9B7:LeaderElection11] INFO  impl.LeaderElection (LeaderElection.java:askForVotes(182)) - 8f11d4e6-b202-4932-9b49-c0cc974c2946@group-450043C6B9B7:LeaderElection11: begin an election at term 1 for -1: [8f11d4e6-b202-4932-9b49-c0cc974c2946:192.168.151.66:39215, a48fc246-bdf6-4f8b-914f-d1887677d859:192.168.151.66:41354, f8e4e886-09f1-4d5b-90a2-da08b733ae04:192.168.151.66:33172], old=null
2019-09-24 21:55:49,125 [grpc-default-executor-0] INFO  impl.RaftServerImpl (RaftServerImpl.java:setRole(174)) - f8e4e886-09f1-4d5b-90a2-da08b733ae04@group-450043C6B9B7: changes role from  FOLLOWER to FOLLOWER at term 1 for recognizeCandidate:a48fc246-bdf6-4f8b-914f-d1887677d859
2019-09-24 21:55:49,131 [grpc-default-executor-0] INFO  impl.RoleInfo (RoleInfo.java:shutdownFollowerState(121)) - f8e4e886-09f1-4d5b-90a2-da08b733ae04: shutdown FollowerState
2019-09-24 21:55:49,132 [grpc-default-executor-0] INFO  impl.RoleInfo (RoleInfo.java:updateAndGet(143)) - f8e4e886-09f1-4d5b-90a2-da08b733ae04: start FollowerState
2019-09-24 21:55:49,132 [Thread-275] INFO  impl.FollowerState (FollowerState.java:run(115)) - f8e4e886-09f1-4d5b-90a2-da08b733ae04: FollowerState was interrupted: java.lang.InterruptedException: sleep interrupted
2019-09-24 21:55:49,134 [6fca94b5-ea7a-421e-a128-84dfa6a7a2bb@group-371DD5F7BCB9-SegmentedRaftLogWorker] INFO  segmented.SegmentedRaftLogWorker (SegmentedRaftLogWorker.java:execute(569)) - 6fca94b5-ea7a-421e-a128-84dfa6a7a2bb@group-371DD5F7BCB9-SegmentedRaftLogWorker: created new log segment /workdir/hadoop-ozone/integration-test/target/test-dir/MiniOzoneClusterImpl-23172438-10ff-4859-aa33-e6eea658d734/datanode-3/data/ratis/55c3129e-a6d9-419a-8097-371dd5f7bcb9/current/log_inprogress_0
2019-09-24 21:55:49,134 [2f4e8c38-a5b8-4f52-81d3-d8149c3086e8@group-371DD5F7BCB9-SegmentedRaftLogWorker] INFO  segmented.SegmentedRaftLogWorker (SegmentedRaftLogWorker.java:execute(569)) - 2f4e8c38-a5b8-4f52-81d3-d8149c3086e8@group-371DD5F7BCB9-SegmentedRaftLogWorker: created new log segment /workdir/hadoop-ozone/integration-test/target/test-dir/MiniOzoneClusterImpl-23172438-10ff-4859-aa33-e6eea658d734/datanode-2/data/ratis/55c3129e-a6d9-419a-8097-371dd5f7bcb9/current/log_inprogress_0
2019-09-24 21:55:49,187 [a48fc246-bdf6-4f8b-914f-d1887677d859@group-450043C6B9B7:LeaderElection10] INFO  impl.LeaderElection (LeaderElection.java:logAndReturn(56)) - a48fc246-bdf6-4f8b-914f-d1887677d859@group-450043C6B9B7:LeaderElection10: Election PASSED; received 2 response(s) [a48fc246-bdf6-4f8b-914f-d1887677d859<-8f11d4e6-b202-4932-9b49-c0cc974c2946#0:FAIL-t1, a48fc246-bdf6-4f8b-914f-d1887677d859<-f8e4e886-09f1-4d5b-90a2-da08b733ae04#0:OK-t1] and 0 exception(s); a48fc246-bdf6-4f8b-914f-d1887677d859@group-450043C6B9B7:t1, leader=null, voted=a48fc246-bdf6-4f8b-914f-d1887677d859, raftlog=a48fc246-bdf6-4f8b-914f-d1887677d859@group-450043C6B9B7-SegmentedRaftLog:OPENED:c-1,f-1,i0, conf=-1: [8f11d4e6-b202-4932-9b49-c0cc974c2946:192.168.151.66:39215, a48fc246-bdf6-4f8b-914f-d1887677d859:192.168.151.66:41354, f8e4e886-09f1-4d5b-90a2-da08b733ae04:192.168.151.66:33172], old=null
2019-09-24 21:55:49,188 [a48fc246-bdf6-4f8b-914f-d1887677d859@group-450043C6B9B7:LeaderElection10] INFO  impl.RoleInfo (RoleInfo.java:shutdownLeaderElection(134)) - a48fc246-bdf6-4f8b-914f-d1887677d859: shutdown LeaderElection
2019-09-24 21:55:49,190 [a48fc246-bdf6-4f8b-914f-d1887677d859@group-450043C6B9B7:LeaderElection10] INFO  impl.RaftServerImpl (RaftServerImpl.java:setRole(174)) - a48fc246-bdf6-4f8b-914f-d1887677d859@group-450043C6B9B7: changes role from CANDIDATE to LEADER at term 1 for changeToLeader
2019-09-24 21:55:49,190 [a48fc246-bdf6-4f8b-914f-d1887677d859@group-450043C6B9B7:LeaderElection10] INFO  impl.RaftServerImpl (ServerState.java:setLeader(253)) - a48fc246-bdf6-4f8b-914f-d1887677d859@group-450043C6B9B7: change Leader from null to a48fc246-bdf6-4f8b-914f-d1887677d859 at term 1 for becomeLeader, leader elected after 5252ms
2019-09-24 21:55:49,191 [a48fc246-bdf6-4f8b-914f-d1887677d859@group-450043C6B9B7:LeaderElection10] INFO  server.RaftServerConfigKeys (ConfUtils.java:logGet(43)) - raft.server.staging.catchup.gap = 1000 (default)
2019-09-24 21:55:49,191 [8f11d4e6-b202-4932-9b49-c0cc974c2946@group-450043C6B9B7:LeaderElection11] INFO  impl.LeaderElection (LeaderElection.java:logAndReturn(56)) - 8f11d4e6-b202-4932-9b49-c0cc974c2946@group-450043C6B9B7:LeaderElection11: Election REJECTED; received 2 response(s) [8f11d4e6-b202-4932-9b49-c0cc974c2946<-a48fc246-bdf6-4f8b-914f-d1887677d859#0:FAIL-t1, 8f11d4e6-b202-4932-9b49-c0cc974c2946<-f8e4e886-09f1-4d5b-90a2-da08b733ae04#0:FAIL-t1] and 0 exception(s); 8f11d4e6-b202-4932-9b49-c0cc974c2946@group-450043C6B9B7:t1, leader=null, voted=8f11d4e6-b202-4932-9b49-c0cc974c2946, raftlog=8f11d4e6-b202-4932-9b49-c0cc974c2946@group-450043C6B9B7-SegmentedRaftLog:OPENED:c-1,f-1,i0, conf=-1: [8f11d4e6-b202-4932-9b49-c0cc974c2946:192.168.151.66:39215, a48fc246-bdf6-4f8b-914f-d1887677d859:192.168.151.66:41354, f8e4e886-09f1-4d5b-90a2-da08b733ae04:192.168.151.66:33172], old=null
2019-09-24 21:55:49,192 [a48fc246-bdf6-4f8b-914f-d1887677d859@group-450043C6B9B7:LeaderElection10] INFO  server.RaftServerConfigKeys (ConfUtils.java:logGet(43)) - raft.server.rpc.sleep.time = 25ms (default)
2019-09-24 21:55:49,192 [8f11d4e6-b202-4932-9b49-c0cc974c2946@group-450043C6B9B7:LeaderElection11] INFO  impl.RaftServerImpl (RaftServerImpl.java:setRole(174)) - 8f11d4e6-b202-4932-9b49-c0cc974c2946@group-450043C6B9B7: changes role from CANDIDATE to FOLLOWER at term 1 for DISCOVERED_A_NEW_TERM
2019-09-24 21:55:49,195 [8f11d4e6-b202-4932-9b49-c0cc974c2946@group-450043C6B9B7:LeaderElection11] INFO  impl.RoleInfo (RoleInfo.java:shutdownLeaderElection(134)) - 8f11d4e6-b202-4932-9b49-c0cc974c2946: shutdown LeaderElection
2019-09-24 21:55:49,195 [a48fc246-bdf6-4f8b-914f-d1887677d859@group-450043C6B9B7:LeaderElection10] INFO  server.RaftServerConfigKeys (ConfUtils.java:logGet(43)) - raft.server.write.element-limit = 4096 (default)
2019-09-24 21:55:49,196 [8f11d4e6-b202-4932-9b49-c0cc974c2946@group-450043C6B9B7:LeaderElection11] INFO  impl.RoleInfo (RoleInfo.java:updateAndGet(143)) - 8f11d4e6-b202-4932-9b49-c0cc974c2946: start FollowerState
2019-09-24 21:55:49,196 [a48fc246-bdf6-4f8b-914f-d1887677d859@group-450043C6B9B7:LeaderElection10] INFO  server.RaftServerConfigKeys (ConfUtils.java:logGet(43)) - raft.server.watch.timeout = 10s (default)
2019-09-24 21:55:49,196 [a48fc246-bdf6-4f8b-914f-d1887677d859@group-450043C6B9B7:LeaderElection10] INFO  server.RaftServerConfigKeys (ConfUtils.java:logGet(43)) - raft.server.watch.timeout.denomination = 1s (default)
2019-09-24 21:55:49,197 [a48fc246-bdf6-4f8b-914f-d1887677d859@group-450043C6B9B7:LeaderElection10] INFO  server.RaftServerConfigKeys (ConfUtils.java:logGet(43)) - raft.server.watch.element-limit = 65536 (default)
2019-09-24 21:55:49,200 [a48fc246-bdf6-4f8b-914f-d1887677d859@group-450043C6B9B7:LeaderElection10] INFO  server.RaftServerConfigKeys (ConfUtils.java:logGet(43)) - raft.server.log.appender.snapshot.chunk.size.max = 16MB (=16777216) (default)
2019-09-24 21:55:49,200 [a48fc246-bdf6-4f8b-914f-d1887677d859@group-450043C6B9B7:LeaderElection10] INFO  server.RaftServerConfigKeys (ConfUtils.java:logGet(43)) - raft.server.log.appender.buffer.byte-limit = 33554432 (custom)
2019-09-24 21:55:49,200 [a48fc246-bdf6-4f8b-914f-d1887677d859@group-450043C6B9B7:LeaderElection10] INFO  server.RaftServerConfigKeys (ConfUtils.java:logGet(43)) - raft.server.log.appender.buffer.element-limit = 1 (custom)
2019-09-24 21:55:49,201 [a48fc246-bdf6-4f8b-914f-d1887677d859@group-450043C6B9B7:LeaderElection10] INFO  grpc.GrpcConfigKeys$Server (ConfUtils.java:logGet(43)) - raft.grpc.server.leader.outstanding.appends.max = 128 (default)
2019-09-24 21:55:49,202 [a48fc246-bdf6-4f8b-914f-d1887677d859@group-450043C6B9B7:LeaderElection10] INFO  server.RaftServerConfigKeys (ConfUtils.java:logGet(43)) - raft.server.rpc.request.timeout = 3000ms (default)
2019-09-24 21:55:49,202 [a48fc246-bdf6-4f8b-914f-d1887677d859@group-450043C6B9B7:LeaderElection10] INFO  server.RaftServerConfigKeys (ConfUtils.java:logGet(43)) - raft.server.log.appender.install.snapshot.enabled = false (custom)
2019-09-24 21:55:49,202 [a48fc246-bdf6-4f8b-914f-d1887677d859@group-450043C6B9B7:LeaderElection10] INFO  server.RaftServerConfigKeys (ConfUtils.java:logGet(43)) - raft.server.log.appender.snapshot.chunk.size.max = 16MB (=16777216) (default)
2019-09-24 21:55:49,202 [a48fc246-bdf6-4f8b-914f-d1887677d859@group-450043C6B9B7:LeaderElection10] INFO  server.RaftServerConfigKeys (ConfUtils.java:logGet(43)) - raft.server.log.appender.buffer.byte-limit = 33554432 (custom)
2019-09-24 21:55:49,203 [a48fc246-bdf6-4f8b-914f-d1887677d859@group-450043C6B9B7:LeaderElection10] INFO  server.RaftServerConfigKeys (ConfUtils.java:logGet(43)) - raft.server.log.appender.buffer.element-limit = 1 (custom)
2019-09-24 21:55:49,203 [a48fc246-bdf6-4f8b-914f-d1887677d859@group-450043C6B9B7:LeaderElection10] INFO  grpc.GrpcConfigKeys$Server (ConfUtils.java:logGet(43)) - raft.grpc.server.leader.outstanding.appends.max = 128 (default)
2019-09-24 21:55:49,203 [a48fc246-bdf6-4f8b-914f-d1887677d859@group-450043C6B9B7:LeaderElection10] INFO  server.RaftServerConfigKeys (ConfUtils.java:logGet(43)) - raft.server.rpc.request.timeout = 3000ms (default)
2019-09-24 21:55:49,203 [a48fc246-bdf6-4f8b-914f-d1887677d859@group-450043C6B9B7:LeaderElection10] INFO  server.RaftServerConfigKeys (ConfUtils.java:logGet(43)) - raft.server.log.appender.install.snapshot.enabled = false (custom)
2019-09-24 21:55:49,203 [a48fc246-bdf6-4f8b-914f-d1887677d859@group-450043C6B9B7:LeaderElection10] INFO  impl.RoleInfo (RoleInfo.java:updateAndGet(143)) - a48fc246-bdf6-4f8b-914f-d1887677d859: start LeaderState
2019-09-24 21:55:49,203 [a48fc246-bdf6-4f8b-914f-d1887677d859@group-450043C6B9B7:LeaderElection10] INFO  segmented.SegmentedRaftLogWorker (SegmentedRaftLogWorker.java:startLogSegment(380)) - a48fc246-bdf6-4f8b-914f-d1887677d859@group-450043C6B9B7-SegmentedRaftLogWorker: Starting segment from index:0
2019-09-24 21:55:49,204 [a48fc246-bdf6-4f8b-914f-d1887677d859@group-450043C6B9B7:LeaderElection10] INFO  impl.RaftServerImpl (ServerState.java:setRaftConf(354)) - a48fc246-bdf6-4f8b-914f-d1887677d859@group-450043C6B9B7: set configuration 0: [8f11d4e6-b202-4932-9b49-c0cc974c2946:192.168.151.66:39215, a48fc246-bdf6-4f8b-914f-d1887677d859:192.168.151.66:41354, f8e4e886-09f1-4d5b-90a2-da08b733ae04:192.168.151.66:33172], old=null at 0
2019-09-24 21:55:49,218 [grpc-default-executor-2] INFO  impl.RaftServerImpl (ServerState.java:setLeader(253)) - f8e4e886-09f1-4d5b-90a2-da08b733ae04@group-450043C6B9B7: change Leader from null to a48fc246-bdf6-4f8b-914f-d1887677d859 at term 1 for appendEntries, leader elected after 5279ms
2019-09-24 21:55:49,218 [grpc-default-executor-0] INFO  impl.RaftServerImpl (ServerState.java:setLeader(253)) - 8f11d4e6-b202-4932-9b49-c0cc974c2946@group-450043C6B9B7: change Leader from null to a48fc246-bdf6-4f8b-914f-d1887677d859 at term 1 for appendEntries, leader elected after 5279ms
2019-09-24 21:55:49,221 [grpc-default-executor-2] INFO  impl.RaftServerImpl (ServerState.java:setRaftConf(354)) - 8f11d4e6-b202-4932-9b49-c0cc974c2946@group-450043C6B9B7: set configuration 0: [8f11d4e6-b202-4932-9b49-c0cc974c2946:192.168.151.66:39215, a48fc246-bdf6-4f8b-914f-d1887677d859:192.168.151.66:41354, f8e4e886-09f1-4d5b-90a2-da08b733ae04:192.168.151.66:33172], old=null at 0
2019-09-24 21:55:49,221 [grpc-default-executor-0] INFO  impl.RaftServerImpl (ServerState.java:setRaftConf(354)) - f8e4e886-09f1-4d5b-90a2-da08b733ae04@group-450043C6B9B7: set configuration 0: [8f11d4e6-b202-4932-9b49-c0cc974c2946:192.168.151.66:39215, a48fc246-bdf6-4f8b-914f-d1887677d859:192.168.151.66:41354, f8e4e886-09f1-4d5b-90a2-da08b733ae04:192.168.151.66:33172], old=null at 0
2019-09-24 21:55:49,221 [grpc-default-executor-2] INFO  segmented.SegmentedRaftLogWorker (SegmentedRaftLogWorker.java:startLogSegment(380)) - 8f11d4e6-b202-4932-9b49-c0cc974c2946@group-450043C6B9B7-SegmentedRaftLogWorker: Starting segment from index:0
2019-09-24 21:55:49,222 [grpc-default-executor-0] INFO  segmented.SegmentedRaftLogWorker (SegmentedRaftLogWorker.java:startLogSegment(380)) - f8e4e886-09f1-4d5b-90a2-da08b733ae04@group-450043C6B9B7-SegmentedRaftLogWorker: Starting segment from index:0
2019-09-24 21:55:49,241 [a48fc246-bdf6-4f8b-914f-d1887677d859@group-450043C6B9B7-SegmentedRaftLogWorker] INFO  segmented.SegmentedRaftLogWorker (SegmentedRaftLogWorker.java:execute(569)) - a48fc246-bdf6-4f8b-914f-d1887677d859@group-450043C6B9B7-SegmentedRaftLogWorker: created new log segment /workdir/hadoop-ozone/integration-test/target/test-dir/MiniOzoneClusterImpl-23172438-10ff-4859-aa33-e6eea658d734/datanode-4/data/ratis/61166891-a3cc-4c31-a7ed-450043c6b9b7/current/log_inprogress_0
2019-09-24 21:55:49,256 [8f11d4e6-b202-4932-9b49-c0cc974c2946@group-450043C6B9B7-SegmentedRaftLogWorker] INFO  segmented.SegmentedRaftLogWorker (SegmentedRaftLogWorker.java:execute(569)) - 8f11d4e6-b202-4932-9b49-c0cc974c2946@group-450043C6B9B7-SegmentedRaftLogWorker: created new log segment /workdir/hadoop-ozone/integration-test/target/test-dir/MiniOzoneClusterImpl-23172438-10ff-4859-aa33-e6eea658d734/datanode-5/data/ratis/61166891-a3cc-4c31-a7ed-450043c6b9b7/current/log_inprogress_0
2019-09-24 21:55:49,256 [f8e4e886-09f1-4d5b-90a2-da08b733ae04@group-450043C6B9B7-SegmentedRaftLogWorker] INFO  segmented.SegmentedRaftLogWorker (SegmentedRaftLogWorker.java:execute(569)) - f8e4e886-09f1-4d5b-90a2-da08b733ae04@group-450043C6B9B7-SegmentedRaftLogWorker: created new log segment /workdir/hadoop-ozone/integration-test/target/test-dir/MiniOzoneClusterImpl-23172438-10ff-4859-aa33-e6eea658d734/datanode-0/data/ratis/61166891-a3cc-4c31-a7ed-450043c6b9b7/current/log_inprogress_0
2019-09-24 21:55:50,018 [main] INFO  ipc.Client (Client.java:handleConnectionFailure(948)) - Retrying connect to server: localhost/127.0.0.1:0. Already tried 5 time(s); retry policy is RetryUpToMaximumCountWithFixedSleep(maxRetries=10, sleepTime=1000 MILLISECONDS)
2019-09-24 21:55:51,019 [main] INFO  ipc.Client (Client.java:handleConnectionFailure(948)) - Retrying connect to server: localhost/127.0.0.1:0. Already tried 6 time(s); retry policy is RetryUpToMaximumCountWithFixedSleep(maxRetries=10, sleepTime=1000 MILLISECONDS)
2019-09-24 21:55:52,020 [main] INFO  ipc.Client (Client.java:handleConnectionFailure(948)) - Retrying connect to server: localhost/127.0.0.1:0. Already tried 7 time(s); retry policy is RetryUpToMaximumCountWithFixedSleep(maxRetries=10, sleepTime=1000 MILLISECONDS)
2019-09-24 21:55:53,021 [main] INFO  ipc.Client (Client.java:handleConnectionFailure(948)) - Retrying connect to server: localhost/127.0.0.1:0. Already tried 8 time(s); retry policy is RetryUpToMaximumCountWithFixedSleep(maxRetries=10, sleepTime=1000 MILLISECONDS)
2019-09-24 21:55:54,022 [main] INFO  ipc.Client (Client.java:handleConnectionFailure(948)) - Retrying connect to server: localhost/127.0.0.1:0. Already tried 9 time(s); retry policy is RetryUpToMaximumCountWithFixedSleep(maxRetries=10, sleepTime=1000 MILLISECONDS)
2019-09-24 21:55:55,027 [main] INFO  ipc.Client (Client.java:handleConnectionFailure(948)) - Retrying connect to server: localhost/127.0.0.1:0. Already tried 0 time(s); retry policy is RetryUpToMaximumCountWithFixedSleep(maxRetries=10, sleepTime=1000 MILLISECONDS)
2019-09-24 21:55:56,030 [main] INFO  ipc.Client (Client.java:handleConnectionFailure(948)) - Retrying connect to server: localhost/127.0.0.1:0. Already tried 1 time(s); retry policy is RetryUpToMaximumCountWithFixedSleep(maxRetries=10, sleepTime=1000 MILLISECONDS)
2019-09-24 21:55:57,032 [main] INFO  ipc.Client (Client.java:handleConnectionFailure(948)) - Retrying connect to server: localhost/127.0.0.1:0. Already tried 2 time(s); retry policy is RetryUpToMaximumCountWithFixedSleep(maxRetries=10, sleepTime=1000 MILLISECONDS)
2019-09-24 21:55:58,033 [main] INFO  ipc.Client (Client.java:handleConnectionFailure(948)) - Retrying connect to server: localhost/127.0.0.1:0. Already tried 3 time(s); retry policy is RetryUpToMaximumCountWithFixedSleep(maxRetries=10, sleepTime=1000 MILLISECONDS)
2019-09-24 21:55:59,034 [main] INFO  ipc.Client (Client.java:handleConnectionFailure(948)) - Retrying connect to server: localhost/127.0.0.1:0. Already tried 4 time(s); retry policy is RetryUpToMaximumCountWithFixedSleep(maxRetries=10, sleepTime=1000 MILLISECONDS)
2019-09-24 21:56:00,035 [main] INFO  ipc.Client (Client.java:handleConnectionFailure(948)) - Retrying connect to server: localhost/127.0.0.1:0. Already tried 5 time(s); retry policy is RetryUpToMaximumCountWithFixedSleep(maxRetries=10, sleepTime=1000 MILLISECONDS)
2019-09-24 21:56:01,036 [main] INFO  ipc.Client (Client.java:handleConnectionFailure(948)) - Retrying connect to server: localhost/127.0.0.1:0. Already tried 6 time(s); retry policy is RetryUpToMaximumCountWithFixedSleep(maxRetries=10, sleepTime=1000 MILLISECONDS)
2019-09-24 21:56:02,037 [main] INFO  ipc.Client (Client.java:handleConnectionFailure(948)) - Retrying connect to server: localhost/127.0.0.1:0. Already tried 7 time(s); retry policy is RetryUpToMaximumCountWithFixedSleep(maxRetries=10, sleepTime=1000 MILLISECONDS)
2019-09-24 21:56:03,038 [main] INFO  ipc.Client (Client.java:handleConnectionFailure(948)) - Retrying connect to server: localhost/127.0.0.1:0. Already tried 8 time(s); retry policy is RetryUpToMaximumCountWithFixedSleep(maxRetries=10, sleepTime=1000 MILLISECONDS)
2019-09-24 21:56:04,039 [main] INFO  ipc.Client (Client.java:handleConnectionFailure(948)) - Retrying connect to server: localhost/127.0.0.1:0. Already tried 9 time(s); retry policy is RetryUpToMaximumCountWithFixedSleep(maxRetries=10, sleepTime=1000 MILLISECONDS)
2019-09-24 21:56:04,040 [main] INFO  retry.RetryInvocationHandler (RetryInvocationHandler.java:log(411)) - com.google.protobuf.ServiceException: java.net.ConnectException: Your endpoint configuration is wrong; For more details see:  http://wiki.apache.org/hadoop/UnsetHostnameOrPort, while invoking $Proxy36.submitRequest over nodeId=null,nodeAddress=127.0.0.1:0 after 1 failover attempts. Trying to failover immediately.
2019-09-24 21:56:05,041 [main] INFO  ipc.Client (Client.java:handleConnectionFailure(948)) - Retrying connect to server: localhost/127.0.0.1:0. Already tried 0 time(s); retry policy is RetryUpToMaximumCountWithFixedSleep(maxRetries=10, sleepTime=1000 MILLISECONDS)
2019-09-24 21:56:06,043 [main] INFO  ipc.Client (Client.java:handleConnectionFailure(948)) - Retrying connect to server: localhost/127.0.0.1:0. Already tried 1 time(s); retry policy is RetryUpToMaximumCountWithFixedSleep(maxRetries=10, sleepTime=1000 MILLISECONDS)
2019-09-24 21:56:07,044 [main] INFO  ipc.Client (Client.java:handleConnectionFailure(948)) - Retrying connect to server: localhost/127.0.0.1:0. Already tried 2 time(s); retry policy is RetryUpToMaximumCountWithFixedSleep(maxRetries=10, sleepTime=1000 MILLISECONDS)
2019-09-24 21:56:08,045 [main] INFO  ipc.Client (Client.java:handleConnectionFailure(948)) - Retrying connect to server: localhost/127.0.0.1:0. Already tried 3 time(s); retry policy is RetryUpToMaximumCountWithFixedSleep(maxRetries=10, sleepTime=1000 MILLISECONDS)
2019-09-24 21:56:09,046 [main] INFO  ipc.Client (Client.java:handleConnectionFailure(948)) - Retrying connect to server: localhost/127.0.0.1:0. Already tried 4 time(s); retry policy is RetryUpToMaximumCountWithFixedSleep(maxRetries=10, sleepTime=1000 MILLISECONDS)
2019-09-24 21:56:10,047 [main] INFO  ipc.Client (Client.java:handleConnectionFailure(948)) - Retrying connect to server: localhost/127.0.0.1:0. Already tried 5 time(s); retry policy is RetryUpToMaximumCountWithFixedSleep(maxRetries=10, sleepTime=1000 MILLISECONDS)
2019-09-24 21:56:11,048 [main] INFO  ipc.Client (Client.java:handleConnectionFailure(948)) - Retrying connect to server: localhost/127.0.0.1:0. Already tried 6 time(s); retry policy is RetryUpToMaximumCountWithFixedSleep(maxRetries=10, sleepTime=1000 MILLISECONDS)
2019-09-24 21:56:12,049 [main] INFO  ipc.Client (Client.java:handleConnectionFailure(948)) - Retrying connect to server: localhost/127.0.0.1:0. Already tried 7 time(s); retry policy is RetryUpToMaximumCountWithFixedSleep(maxRetries=10, sleepTime=1000 MILLISECONDS)
2019-09-24 21:56:13,050 [main] INFO  ipc.Client (Client.java:handleConnectionFailure(948)) - Retrying connect to server: localhost/127.0.0.1:0. Already tried 8 time(s); retry policy is RetryUpToMaximumCountWithFixedSleep(maxRetries=10, sleepTime=1000 MILLISECONDS)
2019-09-24 21:56:14,051 [main] INFO  ipc.Client (Client.java:handleConnectionFailure(948)) - Retrying connect to server: localhost/127.0.0.1:0. Already tried 9 time(s); retry policy is RetryUpToMaximumCountWithFixedSleep(maxRetries=10, sleepTime=1000 MILLISECONDS)
2019-09-24 21:56:14,053 [main] INFO  retry.RetryInvocationHandler (RetryInvocationHandler.java:log(411)) - com.google.protobuf.ServiceException: java.net.ConnectException: Your endpoint configuration is wrong; For more details see:  http://wiki.apache.org/hadoop/UnsetHostnameOrPort, while invoking $Proxy36.submitRequest over nodeId=null,nodeAddress=127.0.0.1:0 after 2 failover attempts. Trying to failover immediately.
2019-09-24 21:56:15,054 [main] INFO  ipc.Client (Client.java:handleConnectionFailure(948)) - Retrying connect to server: localhost/127.0.0.1:0. Already tried 0 time(s); retry policy is RetryUpToMaximumCountWithFixedSleep(maxRetries=10, sleepTime=1000 MILLISECONDS)
2019-09-24 21:56:16,055 [main] INFO  ipc.Client (Client.java:handleConnectionFailure(948)) - Retrying connect to server: localhost/127.0.0.1:0. Already tried 1 time(s); retry policy is RetryUpToMaximumCountWithFixedSleep(maxRetries=10, sleepTime=1000 MILLISECONDS)
2019-09-24 21:56:17,056 [main] INFO  ipc.Client (Client.java:handleConnectionFailure(948)) - Retrying connect to server: localhost/127.0.0.1:0. Already tried 2 time(s); retry policy is RetryUpToMaximumCountWithFixedSleep(maxRetries=10, sleepTime=1000 MILLISECONDS)
2019-09-24 21:56:18,057 [main] INFO  ipc.Client (Client.java:handleConnectionFailure(948)) - Retrying connect to server: localhost/127.0.0.1:0. Already tried 3 time(s); retry policy is RetryUpToMaximumCountWithFixedSleep(maxRetries=10, sleepTime=1000 MILLISECONDS)
2019-09-24 21:56:19,058 [main] INFO  ipc.Client (Client.java:handleConnectionFailure(948)) - Retrying connect to server: localhost/127.0.0.1:0. Already tried 4 time(s); retry policy is RetryUpToMaximumCountWithFixedSleep(maxRetries=10, sleepTime=1000 MILLISECONDS)
2019-09-24 21:56:20,059 [main] INFO  ipc.Client (Client.java:handleConnectionFailure(948)) - Retrying connect to server: localhost/127.0.0.1:0. Already tried 5 time(s); retry policy is RetryUpToMaximumCountWithFixedSleep(maxRetries=10, sleepTime=1000 MILLISECONDS)
2019-09-24 21:56:21,060 [main] INFO  ipc.Client (Client.java:handleConnectionFailure(948)) - Retrying connect to server: localhost/127.0.0.1:0. Already tried 6 time(s); retry policy is RetryUpToMaximumCountWithFixedSleep(maxRetries=10, sleepTime=1000 MILLISECONDS)
2019-09-24 21:56:22,061 [main] INFO  ipc.Client (Client.java:handleConnectionFailure(948)) - Retrying connect to server: localhost/127.0.0.1:0. Already tried 7 time(s); retry policy is RetryUpToMaximumCountWithFixedSleep(maxRetries=10, sleepTime=1000 MILLISECONDS)
2019-09-24 21:56:23,062 [main] INFO  ipc.Client (Client.java:handleConnectionFailure(948)) - Retrying connect to server: localhost/127.0.0.1:0. Already tried 8 time(s); retry policy is RetryUpToMaximumCountWithFixedSleep(maxRetries=10, sleepTime=1000 MILLISECONDS)
2019-09-24 21:56:24,063 [main] INFO  ipc.Client (Client.java:handleConnectionFailure(948)) - Retrying connect to server: localhost/127.0.0.1:0. Already tried 9 time(s); retry policy is RetryUpToMaximumCountWithFixedSleep(maxRetries=10, sleepTime=1000 MILLISECONDS)
2019-09-24 21:56:24,065 [main] INFO  retry.RetryInvocationHandler (RetryInvocationHandler.java:log(411)) - com.google.protobuf.ServiceException: java.net.ConnectException: Your endpoint configuration is wrong; For more details see:  http://wiki.apache.org/hadoop/UnsetHostnameOrPort, while invoking $Proxy36.submitRequest over nodeId=null,nodeAddress=127.0.0.1:0 after 3 failover attempts. Trying to failover immediately.
2019-09-24 21:56:25,066 [main] INFO  ipc.Client (Client.java:handleConnectionFailure(948)) - Retrying connect to server: localhost/127.0.0.1:0. Already tried 0 time(s); retry policy is RetryUpToMaximumCountWithFixedSleep(maxRetries=10, sleepTime=1000 MILLISECONDS)
2019-09-24 21:56:26,067 [main] INFO  ipc.Client (Client.java:handleConnectionFailure(948)) - Retrying connect to server: localhost/127.0.0.1:0. Already tried 1 time(s); retry policy is RetryUpToMaximumCountWithFixedSleep(maxRetries=10, sleepTime=1000 MILLISECONDS)
2019-09-24 21:56:27,068 [main] INFO  ipc.Client (Client.java:handleConnectionFailure(948)) - Retrying connect to server: localhost/127.0.0.1:0. Already tried 2 time(s); retry policy is RetryUpToMaximumCountWithFixedSleep(maxRetries=10, sleepTime=1000 MILLISECONDS)
2019-09-24 21:56:28,069 [main] INFO  ipc.Client (Client.java:handleConnectionFailure(948)) - Retrying connect to server: localhost/127.0.0.1:0. Already tried 3 time(s); retry policy is RetryUpToMaximumCountWithFixedSleep(maxRetries=10, sleepTime=1000 MILLISECONDS)
2019-09-24 21:56:29,070 [main] INFO  ipc.Client (Client.java:handleConnectionFailure(948)) - Retrying connect to server: localhost/127.0.0.1:0. Already tried 4 time(s); retry policy is RetryUpToMaximumCountWithFixedSleep(maxRetries=10, sleepTime=1000 MILLISECONDS)
2019-09-24 21:56:30,071 [main] INFO  ipc.Client (Client.java:handleConnectionFailure(948)) - Retrying connect to server: localhost/127.0.0.1:0. Already tried 5 time(s); retry policy is RetryUpToMaximumCountWithFixedSleep(maxRetries=10, sleepTime=1000 MILLISECONDS)
2019-09-24 21:56:31,072 [main] INFO  ipc.Client (Client.java:handleConnectionFailure(948)) - Retrying connect to server: localhost/127.0.0.1:0. Already tried 6 time(s); retry policy is RetryUpToMaximumCountWithFixedSleep(maxRetries=10, sleepTime=1000 MILLISECONDS)
2019-09-24 21:56:32,073 [main] INFO  ipc.Client (Client.java:handleConnectionFailure(948)) - Retrying connect to server: localhost/127.0.0.1:0. Already tried 7 time(s); retry policy is RetryUpToMaximumCountWithFixedSleep(maxRetries=10, sleepTime=1000 MILLISECONDS)
2019-09-24 21:56:33,074 [main] INFO  ipc.Client (Client.java:handleConnectionFailure(948)) - Retrying connect to server: localhost/127.0.0.1:0. Already tried 8 time(s); retry policy is RetryUpToMaximumCountWithFixedSleep(maxRetries=10, sleepTime=1000 MILLISECONDS)
2019-09-24 21:56:34,075 [main] INFO  ipc.Client (Client.java:handleConnectionFailure(948)) - Retrying connect to server: localhost/127.0.0.1:0. Already tried 9 time(s); retry policy is RetryUpToMaximumCountWithFixedSleep(maxRetries=10, sleepTime=1000 MILLISECONDS)
2019-09-24 21:56:34,076 [main] INFO  retry.RetryInvocationHandler (RetryInvocationHandler.java:log(411)) - com.google.protobuf.ServiceException: java.net.ConnectException: Your endpoint configuration is wrong; For more details see:  http://wiki.apache.org/hadoop/UnsetHostnameOrPort, while invoking $Proxy36.submitRequest over nodeId=null,nodeAddress=127.0.0.1:0 after 4 failover attempts. Trying to failover immediately.
2019-09-24 21:56:35,077 [main] INFO  ipc.Client (Client.java:handleConnectionFailure(948)) - Retrying connect to server: localhost/127.0.0.1:0. Already tried 0 time(s); retry policy is RetryUpToMaximumCountWithFixedSleep(maxRetries=10, sleepTime=1000 MILLISECONDS)
2019-09-24 21:56:36,078 [main] INFO  ipc.Client (Client.java:handleConnectionFailure(948)) - Retrying connect to server: localhost/127.0.0.1:0. Already tried 1 time(s); retry policy is RetryUpToMaximumCountWithFixedSleep(maxRetries=10, sleepTime=1000 MILLISECONDS)
2019-09-24 21:56:37,079 [main] INFO  ipc.Client (Client.java:handleConnectionFailure(948)) - Retrying connect to server: localhost/127.0.0.1:0. Already tried 2 time(s); retry policy is RetryUpToMaximumCountWithFixedSleep(maxRetries=10, sleepTime=1000 MILLISECONDS)
2019-09-24 21:56:38,080 [main] INFO  ipc.Client (Client.java:handleConnectionFailure(948)) - Retrying connect to server: localhost/127.0.0.1:0. Already tried 3 time(s); retry policy is RetryUpToMaximumCountWithFixedSleep(maxRetries=10, sleepTime=1000 MILLISECONDS)
2019-09-24 21:56:39,081 [main] INFO  ipc.Client (Client.java:handleConnectionFailure(948)) - Retrying connect to server: localhost/127.0.0.1:0. Already tried 4 time(s); retry policy is RetryUpToMaximumCountWithFixedSleep(maxRetries=10, sleepTime=1000 MILLISECONDS)
2019-09-24 21:56:40,082 [main] INFO  ipc.Client (Client.java:handleConnectionFailure(948)) - Retrying connect to server: localhost/127.0.0.1:0. Already tried 5 time(s); retry policy is RetryUpToMaximumCountWithFixedSleep(maxRetries=10, sleepTime=1000 MILLISECONDS)
2019-09-24 21:56:41,083 [main] INFO  ipc.Client (Client.java:handleConnectionFailure(948)) - Retrying connect to server: localhost/127.0.0.1:0. Already tried 6 time(s); retry policy is RetryUpToMaximumCountWithFixedSleep(maxRetries=10, sleepTime=1000 MILLISECONDS)
2019-09-24 21:56:42,084 [main] INFO  ipc.Client (Client.java:handleConnectionFailure(948)) - Retrying connect to server: localhost/127.0.0.1:0. Already tried 7 time(s); retry policy is RetryUpToMaximumCountWithFixedSleep(maxRetries=10, sleepTime=1000 MILLISECONDS)
2019-09-24 21:56:43,086 [main] INFO  ipc.Client (Client.java:handleConnectionFailure(948)) - Retrying connect to server: localhost/127.0.0.1:0. Already tried 8 time(s); retry policy is RetryUpToMaximumCountWithFixedSleep(maxRetries=10, sleepTime=1000 MILLISECONDS)
2019-09-24 21:56:44,087 [main] INFO  ipc.Client (Client.java:handleConnectionFailure(948)) - Retrying connect to server: localhost/127.0.0.1:0. Already tried 9 time(s); retry policy is RetryUpToMaximumCountWithFixedSleep(maxRetries=10, sleepTime=1000 MILLISECONDS)
2019-09-24 21:56:44,089 [main] INFO  retry.RetryInvocationHandler (RetryInvocationHandler.java:log(411)) - com.google.protobuf.ServiceException: java.net.ConnectException: Your endpoint configuration is wrong; For more details see:  http://wiki.apache.org/hadoop/UnsetHostnameOrPort, while invoking $Proxy36.submitRequest over nodeId=null,nodeAddress=127.0.0.1:0 after 5 failover attempts. Trying to failover immediately.
2019-09-24 21:56:45,090 [main] INFO  ipc.Client (Client.java:handleConnectionFailure(948)) - Retrying connect to server: localhost/127.0.0.1:0. Already tried 0 time(s); retry policy is RetryUpToMaximumCountWithFixedSleep(maxRetries=10, sleepTime=1000 MILLISECONDS)
2019-09-24 21:56:46,091 [main] INFO  ipc.Client (Client.java:handleConnectionFailure(948)) - Retrying connect to server: localhost/127.0.0.1:0. Already tried 1 time(s); retry policy is RetryUpToMaximumCountWithFixedSleep(maxRetries=10, sleepTime=1000 MILLISECONDS)
2019-09-24 21:56:47,093 [main] INFO  ipc.Client (Client.java:handleConnectionFailure(948)) - Retrying connect to server: localhost/127.0.0.1:0. Already tried 2 time(s); retry policy is RetryUpToMaximumCountWithFixedSleep(maxRetries=10, sleepTime=1000 MILLISECONDS)
2019-09-24 21:56:48,094 [main] INFO  ipc.Client (Client.java:handleConnectionFailure(948)) - Retrying connect to server: localhost/127.0.0.1:0. Already tried 3 time(s); retry policy is RetryUpToMaximumCountWithFixedSleep(maxRetries=10, sleepTime=1000 MILLISECONDS)
2019-09-24 21:56:49,095 [main] INFO  ipc.Client (Client.java:handleConnectionFailure(948)) - Retrying connect to server: localhost/127.0.0.1:0. Already tried 4 time(s); retry policy is RetryUpToMaximumCountWithFixedSleep(maxRetries=10, sleepTime=1000 MILLISECONDS)
2019-09-24 21:56:50,096 [main] INFO  ipc.Client (Client.java:handleConnectionFailure(948)) - Retrying connect to server: localhost/127.0.0.1:0. Already tried 5 time(s); retry policy is RetryUpToMaximumCountWithFixedSleep(maxRetries=10, sleepTime=1000 MILLISECONDS)
2019-09-24 21:56:51,098 [main] INFO  ipc.Client (Client.java:handleConnectionFailure(948)) - Retrying connect to server: localhost/127.0.0.1:0. Already tried 6 time(s); retry policy is RetryUpToMaximumCountWithFixedSleep(maxRetries=10, sleepTime=1000 MILLISECONDS)
2019-09-24 21:56:52,099 [main] INFO  ipc.Client (Client.java:handleConnectionFailure(948)) - Retrying connect to server: localhost/127.0.0.1:0. Already tried 7 time(s); retry policy is RetryUpToMaximumCountWithFixedSleep(maxRetries=10, sleepTime=1000 MILLISECONDS)
2019-09-24 21:56:53,099 [main] INFO  ipc.Client (Client.java:handleConnectionFailure(948)) - Retrying connect to server: localhost/127.0.0.1:0. Already tried 8 time(s); retry policy is RetryUpToMaximumCountWithFixedSleep(maxRetries=10, sleepTime=1000 MILLISECONDS)
2019-09-24 21:56:54,100 [main] INFO  ipc.Client (Client.java:handleConnectionFailure(948)) - Retrying connect to server: localhost/127.0.0.1:0. Already tried 9 time(s); retry policy is RetryUpToMaximumCountWithFixedSleep(maxRetries=10, sleepTime=1000 MILLISECONDS)
2019-09-24 21:56:54,102 [main] INFO  retry.RetryInvocationHandler (RetryInvocationHandler.java:log(411)) - com.google.protobuf.ServiceException: java.net.ConnectException: Your endpoint configuration is wrong; For more details see:  http://wiki.apache.org/hadoop/UnsetHostnameOrPort, while invoking $Proxy36.submitRequest over nodeId=null,nodeAddress=127.0.0.1:0 after 6 failover attempts. Trying to failover immediately.
2019-09-24 21:56:55,103 [main] INFO  ipc.Client (Client.java:handleConnectionFailure(948)) - Retrying connect to server: localhost/127.0.0.1:0. Already tried 0 time(s); retry policy is RetryUpToMaximumCountWithFixedSleep(maxRetries=10, sleepTime=1000 MILLISECONDS)
2019-09-24 21:56:56,105 [main] INFO  ipc.Client (Client.java:handleConnectionFailure(948)) - Retrying connect to server: localhost/127.0.0.1:0. Already tried 1 time(s); retry policy is RetryUpToMaximumCountWithFixedSleep(maxRetries=10, sleepTime=1000 MILLISECONDS)
2019-09-24 21:56:57,106 [main] INFO  ipc.Client (Client.java:handleConnectionFailure(948)) - Retrying connect to server: localhost/127.0.0.1:0. Already tried 2 time(s); retry policy is RetryUpToMaximumCountWithFixedSleep(maxRetries=10, sleepTime=1000 MILLISECONDS)
2019-09-24 21:56:58,107 [main] INFO  ipc.Client (Client.java:handleConnectionFailure(948)) - Retrying connect to server: localhost/127.0.0.1:0. Already tried 3 time(s); retry policy is RetryUpToMaximumCountWithFixedSleep(maxRetries=10, sleepTime=1000 MILLISECONDS)
2019-09-24 21:56:59,108 [main] INFO  ipc.Client (Client.java:handleConnectionFailure(948)) - Retrying connect to server: localhost/127.0.0.1:0. Already tried 4 time(s); retry policy is RetryUpToMaximumCountWithFixedSleep(maxRetries=10, sleepTime=1000 MILLISECONDS)
2019-09-24 21:57:00,109 [main] INFO  ipc.Client (Client.java:handleConnectionFailure(948)) - Retrying connect to server: localhost/127.0.0.1:0. Already tried 5 time(s); retry policy is RetryUpToMaximumCountWithFixedSleep(maxRetries=10, sleepTime=1000 MILLISECONDS)
2019-09-24 21:57:01,110 [main] INFO  ipc.Client (Client.java:handleConnectionFailure(948)) - Retrying connect to server: localhost/127.0.0.1:0. Already tried 6 time(s); retry policy is RetryUpToMaximumCountWithFixedSleep(maxRetries=10, sleepTime=1000 MILLISECONDS)
2019-09-24 21:57:02,111 [main] INFO  ipc.Client (Client.java:handleConnectionFailure(948)) - Retrying connect to server: localhost/127.0.0.1:0. Already tried 7 time(s); retry policy is RetryUpToMaximumCountWithFixedSleep(maxRetries=10, sleepTime=1000 MILLISECONDS)
2019-09-24 21:57:03,113 [main] INFO  ipc.Client (Client.java:handleConnectionFailure(948)) - Retrying connect to server: localhost/127.0.0.1:0. Already tried 8 time(s); retry policy is RetryUpToMaximumCountWithFixedSleep(maxRetries=10, sleepTime=1000 MILLISECONDS)
2019-09-24 21:57:04,114 [main] INFO  ipc.Client (Client.java:handleConnectionFailure(948)) - Retrying connect to server: localhost/127.0.0.1:0. Already tried 9 time(s); retry policy is RetryUpToMaximumCountWithFixedSleep(maxRetries=10, sleepTime=1000 MILLISECONDS)
2019-09-24 21:57:04,115 [main] INFO  retry.RetryInvocationHandler (RetryInvocationHandler.java:log(411)) - com.google.protobuf.ServiceException: java.net.ConnectException: Your endpoint configuration is wrong; For more details see:  http://wiki.apache.org/hadoop/UnsetHostnameOrPort, while invoking $Proxy36.submitRequest over nodeId=null,nodeAddress=127.0.0.1:0 after 7 failover attempts. Trying to failover immediately.
2019-09-24 21:57:05,116 [main] INFO  ipc.Client (Client.java:handleConnectionFailure(948)) - Retrying connect to server: localhost/127.0.0.1:0. Already tried 0 time(s); retry policy is RetryUpToMaximumCountWithFixedSleep(maxRetries=10, sleepTime=1000 MILLISECONDS)
2019-09-24 21:57:06,117 [main] INFO  ipc.Client (Client.java:handleConnectionFailure(948)) - Retrying connect to server: localhost/127.0.0.1:0. Already tried 1 time(s); retry policy is RetryUpToMaximumCountWithFixedSleep(maxRetries=10, sleepTime=1000 MILLISECONDS)
2019-09-24 21:57:07,118 [main] INFO  ipc.Client (Client.java:handleConnectionFailure(948)) - Retrying connect to server: localhost/127.0.0.1:0. Already tried 2 time(s); retry policy is RetryUpToMaximumCountWithFixedSleep(maxRetries=10, sleepTime=1000 MILLISECONDS)
2019-09-24 21:57:08,119 [main] INFO  ipc.Client (Client.java:handleConnectionFailure(948)) - Retrying connect to server: localhost/127.0.0.1:0. Already tried 3 time(s); retry policy is RetryUpToMaximumCountWithFixedSleep(maxRetries=10, sleepTime=1000 MILLISECONDS)
2019-09-24 21:57:09,120 [main] INFO  ipc.Client (Client.java:handleConnectionFailure(948)) - Retrying connect to server: localhost/127.0.0.1:0. Already tried 4 time(s); retry policy is RetryUpToMaximumCountWithFixedSleep(maxRetries=10, sleepTime=1000 MILLISECONDS)
2019-09-24 21:57:10,121 [main] INFO  ipc.Client (Client.java:handleConnectionFailure(948)) - Retrying connect to server: localhost/127.0.0.1:0. Already tried 5 time(s); retry policy is RetryUpToMaximumCountWithFixedSleep(maxRetries=10, sleepTime=1000 MILLISECONDS)
2019-09-24 21:57:11,122 [main] INFO  ipc.Client (Client.java:handleConnectionFailure(948)) - Retrying connect to server: localhost/127.0.0.1:0. Already tried 6 time(s); retry policy is RetryUpToMaximumCountWithFixedSleep(maxRetries=10, sleepTime=1000 MILLISECONDS)
2019-09-24 21:57:12,123 [main] INFO  ipc.Client (Client.java:handleConnectionFailure(948)) - Retrying connect to server: localhost/127.0.0.1:0. Already tried 7 time(s); retry policy is RetryUpToMaximumCountWithFixedSleep(maxRetries=10, sleepTime=1000 MILLISECONDS)
2019-09-24 21:57:13,124 [main] INFO  ipc.Client (Client.java:handleConnectionFailure(948)) - Retrying connect to server: localhost/127.0.0.1:0. Already tried 8 time(s); retry policy is RetryUpToMaximumCountWithFixedSleep(maxRetries=10, sleepTime=1000 MILLISECONDS)
2019-09-24 21:57:14,125 [main] INFO  ipc.Client (Client.java:handleConnectionFailure(948)) - Retrying connect to server: localhost/127.0.0.1:0. Already tried 9 time(s); retry policy is RetryUpToMaximumCountWithFixedSleep(maxRetries=10, sleepTime=1000 MILLISECONDS)
2019-09-24 21:57:14,127 [main] INFO  retry.RetryInvocationHandler (RetryInvocationHandler.java:log(411)) - com.google.protobuf.ServiceException: java.net.ConnectException: Your endpoint configuration is wrong; For more details see:  http://wiki.apache.org/hadoop/UnsetHostnameOrPort, while invoking $Proxy36.submitRequest over nodeId=null,nodeAddress=127.0.0.1:0 after 8 failover attempts. Trying to failover immediately.
2019-09-24 21:57:15,128 [main] INFO  ipc.Client (Client.java:handleConnectionFailure(948)) - Retrying connect to server: localhost/127.0.0.1:0. Already tried 0 time(s); retry policy is RetryUpToMaximumCountWithFixedSleep(maxRetries=10, sleepTime=1000 MILLISECONDS)
2019-09-24 21:57:16,129 [main] INFO  ipc.Client (Client.java:handleConnectionFailure(948)) - Retrying connect to server: localhost/127.0.0.1:0. Already tried 1 time(s); retry policy is RetryUpToMaximumCountWithFixedSleep(maxRetries=10, sleepTime=1000 MILLISECONDS)
2019-09-24 21:57:17,130 [main] INFO  ipc.Client (Client.java:handleConnectionFailure(948)) - Retrying connect to server: localhost/127.0.0.1:0. Already tried 2 time(s); retry policy is RetryUpToMaximumCountWithFixedSleep(maxRetries=10, sleepTime=1000 MILLISECONDS)
2019-09-24 21:57:18,131 [main] INFO  ipc.Client (Client.java:handleConnectionFailure(948)) - Retrying connect to server: localhost/127.0.0.1:0. Already tried 3 time(s); retry policy is RetryUpToMaximumCountWithFixedSleep(maxRetries=10, sleepTime=1000 MILLISECONDS)
2019-09-24 21:57:19,132 [main] INFO  ipc.Client (Client.java:handleConnectionFailure(948)) - Retrying connect to server: localhost/127.0.0.1:0. Already tried 4 time(s); retry policy is RetryUpToMaximumCountWithFixedSleep(maxRetries=10, sleepTime=1000 MILLISECONDS)
2019-09-24 21:57:20,133 [main] INFO  ipc.Client (Client.java:handleConnectionFailure(948)) - Retrying connect to server: localhost/127.0.0.1:0. Already tried 5 time(s); retry policy is RetryUpToMaximumCountWithFixedSleep(maxRetries=10, sleepTime=1000 MILLISECONDS)
2019-09-24 21:57:21,134 [main] INFO  ipc.Client (Client.java:handleConnectionFailure(948)) - Retrying connect to server: localhost/127.0.0.1:0. Already tried 6 time(s); retry policy is RetryUpToMaximumCountWithFixedSleep(maxRetries=10, sleepTime=1000 MILLISECONDS)
2019-09-24 21:57:22,135 [main] INFO  ipc.Client (Client.java:handleConnectionFailure(948)) - Retrying connect to server: localhost/127.0.0.1:0. Already tried 7 time(s); retry policy is RetryUpToMaximumCountWithFixedSleep(maxRetries=10, sleepTime=1000 MILLISECONDS)
2019-09-24 21:57:23,136 [main] INFO  ipc.Client (Client.java:handleConnectionFailure(948)) - Retrying connect to server: localhost/127.0.0.1:0. Already tried 8 time(s); retry policy is RetryUpToMaximumCountWithFixedSleep(maxRetries=10, sleepTime=1000 MILLISECONDS)
2019-09-24 21:57:24,137 [main] INFO  ipc.Client (Client.java:handleConnectionFailure(948)) - Retrying connect to server: localhost/127.0.0.1:0. Already tried 9 time(s); retry policy is RetryUpToMaximumCountWithFixedSleep(maxRetries=10, sleepTime=1000 MILLISECONDS)
2019-09-24 21:57:24,139 [main] INFO  retry.RetryInvocationHandler (RetryInvocationHandler.java:log(411)) - com.google.protobuf.ServiceException: java.net.ConnectException: Your endpoint configuration is wrong; For more details see:  http://wiki.apache.org/hadoop/UnsetHostnameOrPort, while invoking $Proxy36.submitRequest over nodeId=null,nodeAddress=127.0.0.1:0 after 9 failover attempts. Trying to failover immediately.
2019-09-24 21:57:25,140 [main] INFO  ipc.Client (Client.java:handleConnectionFailure(948)) - Retrying connect to server: localhost/127.0.0.1:0. Already tried 0 time(s); retry policy is RetryUpToMaximumCountWithFixedSleep(maxRetries=10, sleepTime=1000 MILLISECONDS)
2019-09-24 21:57:26,140 [main] INFO  ipc.Client (Client.java:handleConnectionFailure(948)) - Retrying connect to server: localhost/127.0.0.1:0. Already tried 1 time(s); retry policy is RetryUpToMaximumCountWithFixedSleep(maxRetries=10, sleepTime=1000 MILLISECONDS)
2019-09-24 21:57:27,141 [main] INFO  ipc.Client (Client.java:handleConnectionFailure(948)) - Retrying connect to server: localhost/127.0.0.1:0. Already tried 2 time(s); retry policy is RetryUpToMaximumCountWithFixedSleep(maxRetries=10, sleepTime=1000 MILLISECONDS)
2019-09-24 21:57:28,142 [main] INFO  ipc.Client (Client.java:handleConnectionFailure(948)) - Retrying connect to server: localhost/127.0.0.1:0. Already tried 3 time(s); retry policy is RetryUpToMaximumCountWithFixedSleep(maxRetries=10, sleepTime=1000 MILLISECONDS)
2019-09-24 21:57:29,143 [main] INFO  ipc.Client (Client.java:handleConnectionFailure(948)) - Retrying connect to server: localhost/127.0.0.1:0. Already tried 4 time(s); retry policy is RetryUpToMaximumCountWithFixedSleep(maxRetries=10, sleepTime=1000 MILLISECONDS)
2019-09-24 21:57:30,144 [main] INFO  ipc.Client (Client.java:handleConnectionFailure(948)) - Retrying connect to server: localhost/127.0.0.1:0. Already tried 5 time(s); retry policy is RetryUpToMaximumCountWithFixedSleep(maxRetries=10, sleepTime=1000 MILLISECONDS)
2019-09-24 21:57:31,145 [main] INFO  ipc.Client (Client.java:handleConnectionFailure(948)) - Retrying connect to server: localhost/127.0.0.1:0. Already tried 6 time(s); retry policy is RetryUpToMaximumCountWithFixedSleep(maxRetries=10, sleepTime=1000 MILLISECONDS)
2019-09-24 21:57:32,146 [main] INFO  ipc.Client (Client.java:handleConnectionFailure(948)) - Retrying connect to server: localhost/127.0.0.1:0. Already tried 7 time(s); retry policy is RetryUpToMaximumCountWithFixedSleep(maxRetries=10, sleepTime=1000 MILLISECONDS)
2019-09-24 21:57:33,147 [main] INFO  ipc.Client (Client.java:handleConnectionFailure(948)) - Retrying connect to server: localhost/127.0.0.1:0. Already tried 8 time(s); retry policy is RetryUpToMaximumCountWithFixedSleep(maxRetries=10, sleepTime=1000 MILLISECONDS)
2019-09-24 21:57:34,148 [main] INFO  ipc.Client (Client.java:handleConnectionFailure(948)) - Retrying connect to server: localhost/127.0.0.1:0. Already tried 9 time(s); retry policy is RetryUpToMaximumCountWithFixedSleep(maxRetries=10, sleepTime=1000 MILLISECONDS)
2019-09-24 21:57:34,150 [main] ERROR ha.OMFailoverProxyProvider (OzoneManagerProtocolClientSideTranslatorPB.java:getRetryAction(268)) - Failed to connect to OM. Attempted 10 retries and 10 failovers
2019-09-24 21:57:34,152 [main] ERROR client.OzoneClientFactory (OzoneClientFactory.java:getClientProtocol(259)) - Couldn't create RpcClient protocol exception: 
java.net.ConnectException: Your endpoint configuration is wrong; For more details see:  http://wiki.apache.org/hadoop/UnsetHostnameOrPort
	at sun.reflect.NativeConstructorAccessorImpl.newInstance0(Native Method)
	at sun.reflect.NativeConstructorAccessorImpl.newInstance(NativeConstructorAccessorImpl.java:62)
	at sun.reflect.DelegatingConstructorAccessorImpl.newInstance(DelegatingConstructorAccessorImpl.java:45)
	at java.lang.reflect.Constructor.newInstance(Constructor.java:423)
	at org.apache.hadoop.net.NetUtils.wrapWithMessage(NetUtils.java:831)
	at org.apache.hadoop.net.NetUtils.wrapException(NetUtils.java:751)
	at org.apache.hadoop.ipc.Client.getRpcResponse(Client.java:1515)
	at org.apache.hadoop.ipc.Client.call(Client.java:1457)
	at org.apache.hadoop.ipc.Client.call(Client.java:1367)
	at org.apache.hadoop.ipc.ProtobufRpcEngine$Invoker.invoke(ProtobufRpcEngine.java:228)
	at org.apache.hadoop.ipc.ProtobufRpcEngine$Invoker.invoke(ProtobufRpcEngine.java:116)
	at com.sun.proxy.$Proxy36.submitRequest(Unknown Source)
	at sun.reflect.NativeMethodAccessorImpl.invoke0(Native Method)
	at sun.reflect.NativeMethodAccessorImpl.invoke(NativeMethodAccessorImpl.java:62)
	at sun.reflect.DelegatingMethodAccessorImpl.invoke(DelegatingMethodAccessorImpl.java:43)
	at java.lang.reflect.Method.invoke(Method.java:498)
	at org.apache.hadoop.io.retry.RetryInvocationHandler.invokeMethod(RetryInvocationHandler.java:422)
	at org.apache.hadoop.io.retry.RetryInvocationHandler$Call.invokeMethod(RetryInvocationHandler.java:165)
	at org.apache.hadoop.io.retry.RetryInvocationHandler$Call.invoke(RetryInvocationHandler.java:157)
	at org.apache.hadoop.io.retry.RetryInvocationHandler$Call.invokeOnce(RetryInvocationHandler.java:95)
	at org.apache.hadoop.io.retry.RetryInvocationHandler.invoke(RetryInvocationHandler.java:359)
	at com.sun.proxy.$Proxy36.submitRequest(Unknown Source)
	at org.apache.hadoop.ozone.om.protocolPB.OzoneManagerProtocolClientSideTranslatorPB.submitRequest(OzoneManagerProtocolClientSideTranslatorPB.java:338)
	at org.apache.hadoop.ozone.om.protocolPB.OzoneManagerProtocolClientSideTranslatorPB.getServiceInfo(OzoneManagerProtocolClientSideTranslatorPB.java:1223)
	at sun.reflect.NativeMethodAccessorImpl.invoke0(Native Method)
	at sun.reflect.NativeMethodAccessorImpl.invoke(NativeMethodAccessorImpl.java:62)
	at sun.reflect.DelegatingMethodAccessorImpl.invoke(DelegatingMethodAccessorImpl.java:43)
	at java.lang.reflect.Method.invoke(Method.java:498)
	at org.apache.hadoop.hdds.tracing.TraceAllMethod.invoke(TraceAllMethod.java:66)
	at com.sun.proxy.$Proxy37.getServiceInfo(Unknown Source)
	at org.apache.hadoop.ozone.client.rpc.RpcClient.<init>(RpcClient.java:154)
	at org.apache.hadoop.ozone.client.OzoneClientFactory.getClientProtocol(OzoneClientFactory.java:256)
	at org.apache.hadoop.ozone.client.OzoneClientFactory.getClientProtocol(OzoneClientFactory.java:239)
	at org.apache.hadoop.ozone.client.OzoneClientFactory.getClient(OzoneClientFactory.java:75)
	at org.apache.hadoop.ozone.client.rpc.TestCommitWatcher.init(TestCommitWatcher.java:107)
	at sun.reflect.NativeMethodAccessorImpl.invoke0(Native Method)
	at sun.reflect.NativeMethodAccessorImpl.invoke(NativeMethodAccessorImpl.java:62)
	at sun.reflect.DelegatingMethodAccessorImpl.invoke(DelegatingMethodAccessorImpl.java:43)
	at java.lang.reflect.Method.invoke(Method.java:498)
	at org.junit.runners.model.FrameworkMethod$1.runReflectiveCall(FrameworkMethod.java:47)
	at org.junit.internal.runners.model.ReflectiveCallable.run(ReflectiveCallable.java:12)
	at org.junit.runners.model.FrameworkMethod.invokeExplosively(FrameworkMethod.java:44)
	at org.junit.internal.runners.statements.RunBefores.evaluate(RunBefores.java:24)
	at org.junit.internal.runners.statements.RunAfters.evaluate(RunAfters.java:27)
	at org.junit.runners.ParentRunner.run(ParentRunner.java:309)
	at org.apache.maven.surefire.junit4.JUnit4Provider.execute(JUnit4Provider.java:365)
	at org.apache.maven.surefire.junit4.JUnit4Provider.executeWithRerun(JUnit4Provider.java:273)
	at org.apache.maven.surefire.junit4.JUnit4Provider.executeTestSet(JUnit4Provider.java:238)
	at org.apache.maven.surefire.junit4.JUnit4Provider.invoke(JUnit4Provider.java:159)
	at org.apache.maven.surefire.booter.ForkedBooter.invokeProviderInSameClassLoader(ForkedBooter.java:384)
	at org.apache.maven.surefire.booter.ForkedBooter.runSuitesInProcess(ForkedBooter.java:345)
	at org.apache.maven.surefire.booter.ForkedBooter.execute(ForkedBooter.java:126)
	at org.apache.maven.surefire.booter.ForkedBooter.main(ForkedBooter.java:418)
Caused by: java.net.ConnectException: Connection refused
	at sun.nio.ch.SocketChannelImpl.checkConnect(Native Method)
	at sun.nio.ch.SocketChannelImpl.finishConnect(SocketChannelImpl.java:717)
	at org.apache.hadoop.net.SocketIOWithTimeout.connect(SocketIOWithTimeout.java:206)
	at org.apache.hadoop.net.NetUtils.connect(NetUtils.java:531)
	at org.apache.hadoop.ipc.Client$Connection.setupConnection(Client.java:690)
	at org.apache.hadoop.ipc.Client$Connection.setupIOstreams(Client.java:794)
	at org.apache.hadoop.ipc.Client$Connection.access$3700(Client.java:411)
	at org.apache.hadoop.ipc.Client.getConnection(Client.java:1572)
	at org.apache.hadoop.ipc.Client.call(Client.java:1403)
	... 45 more
2019-09-24 21:57:34,156 [main] INFO  ozone.MiniOzoneClusterImpl (MiniOzoneClusterImpl.java:shutdown(314)) - Shutting down the Mini Ozone Cluster
2019-09-24 21:57:34,156 [main] INFO  ozone.MiniOzoneClusterImpl (MiniOzoneClusterImpl.java:stop(330)) - Stopping the Mini Ozone Cluster
2019-09-24 21:57:34,156 [main] INFO  ozone.MiniOzoneClusterImpl (MiniOzoneClusterImpl.java:stopOM(400)) - Stopping the OzoneManager
2019-09-24 21:57:34,157 [main] INFO  ipc.Server (Server.java:stop(3082)) - Stopping server on 36271
2019-09-24 21:57:34,160 [IPC Server listener on 36271] INFO  ipc.Server (Server.java:run(1185)) - Stopping IPC Server listener on 36271
2019-09-24 21:57:34,160 [main] INFO  ratis.OzoneManagerDoubleBuffer (OzoneManagerDoubleBuffer.java:stop(248)) - Stopping OMDoubleBuffer flush thread
2019-09-24 21:57:34,161 [OMDoubleBufferFlushThread] INFO  ratis.OzoneManagerDoubleBuffer (OzoneManagerDoubleBuffer.java:flushTransactions(191)) - OMDoubleBuffer flush thread OMDoubleBufferFlushThread is interrupted and will exit. OMDoubleBufferFlushThread
2019-09-24 21:57:34,161 [IPC Server Responder] INFO  ipc.Server (Server.java:run(1319)) - Stopping IPC Server Responder
2019-09-24 21:57:34,161 [main] INFO  utils.BackgroundService (BackgroundService.java:shutdown(148)) - Shutting down service KeyDeletingService
2019-09-24 21:57:34,167 [main] INFO  handler.ContextHandler (ContextHandler.java:doStop(910)) - Stopped o.e.j.w.WebAppContext@5eb97ced{/,null,UNAVAILABLE}{/ozoneManager}
2019-09-24 21:57:34,175 [main] INFO  server.AbstractConnector (AbstractConnector.java:doStop(318)) - Stopped ServerConnector@68ba310d{HTTP/1.1,[http/1.1]}{0.0.0.0:0}
2019-09-24 21:57:34,175 [main] INFO  handler.ContextHandler (ContextHandler.java:doStop(910)) - Stopped o.e.j.s.ServletContextHandler@444548a0{/static,file:///workdir/hadoop-ozone/integration-test/target/test-classes/webapps/static,UNAVAILABLE}
2019-09-24 21:57:34,176 [main] INFO  handler.ContextHandler (ContextHandler.java:doStop(910)) - Stopped o.e.j.s.ServletContextHandler@26dcd8c0{/logs,file:///workdir/hadoop-ozone/integration-test/target/log,UNAVAILABLE}
2019-09-24 21:57:34,180 [main] INFO  ozone.MiniOzoneClusterImpl (MiniOzoneClusterImpl.java:stopDatanodes(377)) - Stopping the HddsDatanodes
2019-09-24 21:57:34,406 [Datanode State Machine Thread - 0] INFO  statemachine.DatanodeStateMachine (DatanodeStateMachine.java:lambda$startDaemon$0(350)) - Ozone container server started.
2019-09-24 21:57:34,633 [Datanode State Machine Thread - 0] INFO  statemachine.DatanodeStateMachine (DatanodeStateMachine.java:lambda$startDaemon$0(350)) - Ozone container server started.
2019-09-24 21:57:36,493 [EventQueue-StaleNodeForStaleNodeHandler] INFO  node.StaleNodeHandler (StaleNodeHandler.java:onMessage(58)) - Datanode e7958a38-39c8-4550-87a6-24a0ab1a6a1a{ip: 192.168.151.66, host: pr-hdds-2162-v2v4x-1150571016, networkLocation: /default-rack, certSerialId: null} moved to stale state. Finalizing its pipelines [PipelineID=bea3e0d9-db2e-4436-9391-f404c6da206c, PipelineID=55c3129e-a6d9-419a-8097-371dd5f7bcb9]
2019-09-24 21:57:36,494 [EventQueue-StaleNodeForStaleNodeHandler] INFO  pipeline.SCMPipelineManager (SCMPipelineManager.java:finalizeAndDestroyPipeline(315)) - destroying pipeline:Pipeline[ Id: bea3e0d9-db2e-4436-9391-f404c6da206c, Nodes: e7958a38-39c8-4550-87a6-24a0ab1a6a1a{ip: 192.168.151.66, host: pr-hdds-2162-v2v4x-1150571016, networkLocation: /default-rack, certSerialId: null}, Type:RATIS, Factor:ONE, State:OPEN]
2019-09-24 21:57:36,498 [EventQueue-StaleNodeForStaleNodeHandler] INFO  pipeline.PipelineStateManager (PipelineStateManager.java:finalizePipeline(123)) - Pipeline Pipeline[ Id: bea3e0d9-db2e-4436-9391-f404c6da206c, Nodes: e7958a38-39c8-4550-87a6-24a0ab1a6a1a{ip: 192.168.151.66, host: pr-hdds-2162-v2v4x-1150571016, networkLocation: /default-rack, certSerialId: null}, Type:RATIS, Factor:ONE, State:CLOSED] moved to CLOSED state
2019-09-24 21:57:36,499 [EventQueue-StaleNodeForStaleNodeHandler] INFO  pipeline.SCMPipelineManager (SCMPipelineManager.java:finalizeAndDestroyPipeline(315)) - destroying pipeline:Pipeline[ Id: 55c3129e-a6d9-419a-8097-371dd5f7bcb9, Nodes: 6fca94b5-ea7a-421e-a128-84dfa6a7a2bb{ip: 192.168.151.66, host: pr-hdds-2162-v2v4x-1150571016, networkLocation: /default-rack, certSerialId: null}e7958a38-39c8-4550-87a6-24a0ab1a6a1a{ip: 192.168.151.66, host: pr-hdds-2162-v2v4x-1150571016, networkLocation: /default-rack, certSerialId: null}2f4e8c38-a5b8-4f52-81d3-d8149c3086e8{ip: 192.168.151.66, host: pr-hdds-2162-v2v4x-1150571016, networkLocation: /default-rack, certSerialId: null}, Type:RATIS, Factor:THREE, State:OPEN]
2019-09-24 21:57:36,500 [EventQueue-StaleNodeForStaleNodeHandler] INFO  pipeline.PipelineStateManager (PipelineStateManager.java:finalizePipeline(123)) - Pipeline Pipeline[ Id: 55c3129e-a6d9-419a-8097-371dd5f7bcb9, Nodes: 6fca94b5-ea7a-421e-a128-84dfa6a7a2bb{ip: 192.168.151.66, host: pr-hdds-2162-v2v4x-1150571016, networkLocation: /default-rack, certSerialId: null}e7958a38-39c8-4550-87a6-24a0ab1a6a1a{ip: 192.168.151.66, host: pr-hdds-2162-v2v4x-1150571016, networkLocation: /default-rack, certSerialId: null}2f4e8c38-a5b8-4f52-81d3-d8149c3086e8{ip: 192.168.151.66, host: pr-hdds-2162-v2v4x-1150571016, networkLocation: /default-rack, certSerialId: null}, Type:RATIS, Factor:THREE, State:CLOSED] moved to CLOSED state
2019-09-24 21:57:36,693 [EventQueue-StaleNodeForStaleNodeHandler] INFO  node.StaleNodeHandler (StaleNodeHandler.java:onMessage(58)) - Datanode a48fc246-bdf6-4f8b-914f-d1887677d859{ip: 192.168.151.66, host: pr-hdds-2162-v2v4x-1150571016, networkLocation: /default-rack, certSerialId: null} moved to stale state. Finalizing its pipelines [PipelineID=61166891-a3cc-4c31-a7ed-450043c6b9b7, PipelineID=50aa478f-e0a0-4331-b1db-1e3101363235]
2019-09-24 21:57:36,694 [EventQueue-StaleNodeForStaleNodeHandler] INFO  pipeline.SCMPipelineManager (SCMPipelineManager.java:finalizeAndDestroyPipeline(315)) - destroying pipeline:Pipeline[ Id: 61166891-a3cc-4c31-a7ed-450043c6b9b7, Nodes: f8e4e886-09f1-4d5b-90a2-da08b733ae04{ip: 192.168.151.66, host: pr-hdds-2162-v2v4x-1150571016, networkLocation: /default-rack, certSerialId: null}8f11d4e6-b202-4932-9b49-c0cc974c2946{ip: 192.168.151.66, host: pr-hdds-2162-v2v4x-1150571016, networkLocation: /default-rack, certSerialId: null}a48fc246-bdf6-4f8b-914f-d1887677d859{ip: 192.168.151.66, host: pr-hdds-2162-v2v4x-1150571016, networkLocation: /default-rack, certSerialId: null}, Type:RATIS, Factor:THREE, State:OPEN]
2019-09-24 21:57:36,694 [EventQueue-StaleNodeForStaleNodeHandler] INFO  pipeline.PipelineStateManager (PipelineStateManager.java:finalizePipeline(123)) - Pipeline Pipeline[ Id: 61166891-a3cc-4c31-a7ed-450043c6b9b7, Nodes: f8e4e886-09f1-4d5b-90a2-da08b733ae04{ip: 192.168.151.66, host: pr-hdds-2162-v2v4x-1150571016, networkLocation: /default-rack, certSerialId: null}8f11d4e6-b202-4932-9b49-c0cc974c2946{ip: 192.168.151.66, host: pr-hdds-2162-v2v4x-1150571016, networkLocation: /default-rack, certSerialId: null}a48fc246-bdf6-4f8b-914f-d1887677d859{ip: 192.168.151.66, host: pr-hdds-2162-v2v4x-1150571016, networkLocation: /default-rack, certSerialId: null}, Type:RATIS, Factor:THREE, State:CLOSED] moved to CLOSED state
2019-09-24 21:57:36,695 [EventQueue-StaleNodeForStaleNodeHandler] INFO  pipeline.SCMPipelineManager (SCMPipelineManager.java:finalizeAndDestroyPipeline(315)) - destroying pipeline:Pipeline[ Id: 50aa478f-e0a0-4331-b1db-1e3101363235, Nodes: a48fc246-bdf6-4f8b-914f-d1887677d859{ip: 192.168.151.66, host: pr-hdds-2162-v2v4x-1150571016, networkLocation: /default-rack, certSerialId: null}, Type:RATIS, Factor:ONE, State:OPEN]
2019-09-24 21:57:36,695 [EventQueue-StaleNodeForStaleNodeHandler] INFO  pipeline.PipelineStateManager (PipelineStateManager.java:finalizePipeline(123)) - Pipeline Pipeline[ Id: 50aa478f-e0a0-4331-b1db-1e3101363235, Nodes: a48fc246-bdf6-4f8b-914f-d1887677d859{ip: 192.168.151.66, host: pr-hdds-2162-v2v4x-1150571016, networkLocation: /default-rack, certSerialId: null}, Type:RATIS, Factor:ONE, State:CLOSED] moved to CLOSED state
2019-09-24 21:57:39,182 [main] INFO  ozoneimpl.OzoneContainer (OzoneContainer.java:stop(231)) - Attempting to stop container services.
2019-09-24 21:57:39,182 [ForkJoinPool.commonPool-worker-0] INFO  ozoneimpl.OzoneContainer (OzoneContainer.java:stop(231)) - Attempting to stop container services.
2019-09-24 21:57:39,186 [ForkJoinPool.commonPool-worker-0] INFO  impl.RaftServerProxy (RaftServerProxy.java:lambda$close$4(314)) - e7958a38-39c8-4550-87a6-24a0ab1a6a1a: close
2019-09-24 21:57:39,186 [main] INFO  impl.RaftServerProxy (RaftServerProxy.java:lambda$close$4(314)) - a48fc246-bdf6-4f8b-914f-d1887677d859: close
2019-09-24 21:57:39,189 [ForkJoinPool.commonPool-worker-0] INFO  impl.RaftServerImpl (RaftServerImpl.java:lambda$shutdown$3(251)) - e7958a38-39c8-4550-87a6-24a0ab1a6a1a@group-F404C6DA206C: shutdown
2019-09-24 21:57:39,189 [main] INFO  impl.RaftServerImpl (RaftServerImpl.java:lambda$shutdown$3(251)) - a48fc246-bdf6-4f8b-914f-d1887677d859@group-450043C6B9B7: shutdown
2019-09-24 21:57:39,189 [ForkJoinPool.commonPool-worker-0] INFO  util.JmxRegister (JmxRegister.java:unregister(73)) - Successfully un-registered JMX Bean with object name Ratis:service=RaftServer,group=group-F404C6DA206C,id=e7958a38-39c8-4550-87a6-24a0ab1a6a1a
2019-09-24 21:57:39,190 [main] INFO  util.JmxRegister (JmxRegister.java:unregister(73)) - Successfully un-registered JMX Bean with object name Ratis:service=RaftServer,group=group-450043C6B9B7,id=a48fc246-bdf6-4f8b-914f-d1887677d859
2019-09-24 21:57:39,190 [ForkJoinPool.commonPool-worker-0] INFO  impl.RoleInfo (RoleInfo.java:shutdownLeaderState(104)) - e7958a38-39c8-4550-87a6-24a0ab1a6a1a: shutdown LeaderState
2019-09-24 21:57:39,190 [main] INFO  impl.RoleInfo (RoleInfo.java:shutdownLeaderState(104)) - a48fc246-bdf6-4f8b-914f-d1887677d859: shutdown LeaderState
2019-09-24 21:57:39,194 [main] INFO  impl.PendingRequests (PendingRequests.java:sendNotLeaderResponses(202)) - a48fc246-bdf6-4f8b-914f-d1887677d859-PendingRequests: sendNotLeaderResponses
2019-09-24 21:57:39,197 [org.apache.ratis.server.impl.LogAppender$AppenderDaemon$$Lambda$392/884017465@41c45a3] WARN  server.GrpcLogAppender (GrpcLogAppender.java:mayWait(143)) - a48fc246-bdf6-4f8b-914f-d1887677d859@group-450043C6B9B7->8f11d4e6-b202-4932-9b49-c0cc974c2946-GrpcLogAppender: Wait interrupted by java.lang.InterruptedException
2019-09-24 21:57:39,197 [org.apache.ratis.server.impl.LogAppender$AppenderDaemon$$Lambda$392/884017465@7a40efbc] WARN  server.GrpcLogAppender (GrpcLogAppender.java:mayWait(143)) - a48fc246-bdf6-4f8b-914f-d1887677d859@group-450043C6B9B7->f8e4e886-09f1-4d5b-90a2-da08b733ae04-GrpcLogAppender: Wait interrupted by java.lang.InterruptedException
2019-09-24 21:57:39,194 [ForkJoinPool.commonPool-worker-0] INFO  impl.PendingRequests (PendingRequests.java:sendNotLeaderResponses(202)) - e7958a38-39c8-4550-87a6-24a0ab1a6a1a-PendingRequests: sendNotLeaderResponses
2019-09-24 21:57:39,211 [ForkJoinPool.commonPool-worker-0] INFO  impl.StateMachineUpdater (StateMachineUpdater.java:stopAndJoin(125)) - e7958a38-39c8-4550-87a6-24a0ab1a6a1a@group-F404C6DA206C-StateMachineUpdater: set stopIndex = 0
2019-09-24 21:57:39,211 [main] INFO  impl.StateMachineUpdater (StateMachineUpdater.java:stopAndJoin(125)) - a48fc246-bdf6-4f8b-914f-d1887677d859@group-450043C6B9B7-StateMachineUpdater: set stopIndex = 0
2019-09-24 21:57:39,216 [ForkJoinPool.commonPool-worker-0] INFO  impl.RaftServerImpl (ServerState.java:close(385)) - e7958a38-39c8-4550-87a6-24a0ab1a6a1a@group-F404C6DA206C: closes. applyIndex: 0
2019-09-24 21:57:39,214 [grpc-default-executor-0] INFO  server.GrpcServerProtocolService (GrpcServerProtocolService.java:onCompleted(113)) - f8e4e886-09f1-4d5b-90a2-da08b733ae04: Completed APPEND_ENTRIES, lastRequest: a48fc246-bdf6-4f8b-914f-d1887677d859->f8e4e886-09f1-4d5b-90a2-da08b733ae04#44-t1, previous=(t:1, i:0), leaderCommit=0, initializing? false, entries: <empty>
2019-09-24 21:57:39,214 [grpc-default-executor-2] INFO  server.GrpcServerProtocolService (GrpcServerProtocolService.java:onCompleted(113)) - 8f11d4e6-b202-4932-9b49-c0cc974c2946: Completed APPEND_ENTRIES, lastRequest: a48fc246-bdf6-4f8b-914f-d1887677d859->8f11d4e6-b202-4932-9b49-c0cc974c2946#44-t1, previous=(t:1, i:0), leaderCommit=0, initializing? false, entries: <empty>
2019-09-24 21:57:39,217 [main] INFO  impl.RaftServerImpl (ServerState.java:close(385)) - a48fc246-bdf6-4f8b-914f-d1887677d859@group-450043C6B9B7: closes. applyIndex: 0
2019-09-24 21:57:39,219 [grpc-default-executor-2] INFO  server.GrpcLogAppender (GrpcLogAppender.java:onCompleted(293)) - a48fc246-bdf6-4f8b-914f-d1887677d859@group-450043C6B9B7->f8e4e886-09f1-4d5b-90a2-da08b733ae04-AppendLogResponseHandler: follower responses appendEntries COMPLETED
2019-09-24 21:57:39,219 [grpc-default-executor-0] INFO  server.GrpcLogAppender (GrpcLogAppender.java:onCompleted(293)) - a48fc246-bdf6-4f8b-914f-d1887677d859@group-450043C6B9B7->8f11d4e6-b202-4932-9b49-c0cc974c2946-AppendLogResponseHandler: follower responses appendEntries COMPLETED
2019-09-24 21:57:39,221 [e7958a38-39c8-4550-87a6-24a0ab1a6a1a@group-F404C6DA206C-SegmentedRaftLogWorker] INFO  segmented.SegmentedRaftLogWorker (SegmentedRaftLogWorker.java:run(313)) - e7958a38-39c8-4550-87a6-24a0ab1a6a1a@group-F404C6DA206C-SegmentedRaftLogWorker was interrupted, exiting. There are 0 tasks remaining in the queue.
2019-09-24 21:57:39,221 [a48fc246-bdf6-4f8b-914f-d1887677d859@group-450043C6B9B7-SegmentedRaftLogWorker] INFO  segmented.SegmentedRaftLogWorker (SegmentedRaftLogWorker.java:run(313)) - a48fc246-bdf6-4f8b-914f-d1887677d859@group-450043C6B9B7-SegmentedRaftLogWorker was interrupted, exiting. There are 0 tasks remaining in the queue.
2019-09-24 21:57:39,227 [ForkJoinPool.commonPool-worker-0] INFO  segmented.SegmentedRaftLogWorker (SegmentedRaftLogWorker.java:close(228)) - e7958a38-39c8-4550-87a6-24a0ab1a6a1a@group-F404C6DA206C-SegmentedRaftLogWorker close()
2019-09-24 21:57:39,227 [main] INFO  segmented.SegmentedRaftLogWorker (SegmentedRaftLogWorker.java:close(228)) - a48fc246-bdf6-4f8b-914f-d1887677d859@group-450043C6B9B7-SegmentedRaftLogWorker close()
2019-09-24 21:57:39,231 [grpc-default-executor-0] INFO  impl.FollowerInfo (FollowerInfo.java:lambda$new$0(51)) - a48fc246-bdf6-4f8b-914f-d1887677d859@group-450043C6B9B7->8f11d4e6-b202-4932-9b49-c0cc974c2946: nextIndex: updateUnconditionally 1 -> 0
2019-09-24 21:57:39,231 [ForkJoinPool.commonPool-worker-0] INFO  impl.RaftServerImpl (RaftServerImpl.java:lambda$shutdown$3(251)) - e7958a38-39c8-4550-87a6-24a0ab1a6a1a@group-371DD5F7BCB9: shutdown
2019-09-24 21:57:39,227 [grpc-default-executor-2] INFO  impl.FollowerInfo (FollowerInfo.java:lambda$new$0(51)) - a48fc246-bdf6-4f8b-914f-d1887677d859@group-450043C6B9B7->f8e4e886-09f1-4d5b-90a2-da08b733ae04: nextIndex: updateUnconditionally 1 -> 0
2019-09-24 21:57:39,238 [ForkJoinPool.commonPool-worker-0] INFO  util.JmxRegister (JmxRegister.java:unregister(73)) - Successfully un-registered JMX Bean with object name Ratis:service=RaftServer,group=group-371DD5F7BCB9,id=e7958a38-39c8-4550-87a6-24a0ab1a6a1a
2019-09-24 21:57:39,237 [main] INFO  impl.RaftServerImpl (RaftServerImpl.java:lambda$shutdown$3(251)) - a48fc246-bdf6-4f8b-914f-d1887677d859@group-1E3101363235: shutdown
2019-09-24 21:57:39,238 [ForkJoinPool.commonPool-worker-0] INFO  impl.RoleInfo (RoleInfo.java:shutdownLeaderState(104)) - e7958a38-39c8-4550-87a6-24a0ab1a6a1a: shutdown LeaderState
2019-09-24 21:57:39,238 [main] INFO  util.JmxRegister (JmxRegister.java:unregister(73)) - Successfully un-registered JMX Bean with object name Ratis:service=RaftServer,group=group-1E3101363235,id=a48fc246-bdf6-4f8b-914f-d1887677d859
2019-09-24 21:57:39,242 [org.apache.ratis.server.impl.LogAppender$AppenderDaemon$$Lambda$392/884017465@5617bcaf] WARN  server.GrpcLogAppender (GrpcLogAppender.java:mayWait(143)) - e7958a38-39c8-4550-87a6-24a0ab1a6a1a@group-371DD5F7BCB9->2f4e8c38-a5b8-4f52-81d3-d8149c3086e8-GrpcLogAppender: Wait interrupted by java.lang.InterruptedException
2019-09-24 21:57:39,242 [org.apache.ratis.server.impl.LogAppender$AppenderDaemon$$Lambda$392/884017465@2b713bf3] WARN  server.GrpcLogAppender (GrpcLogAppender.java:mayWait(143)) - e7958a38-39c8-4550-87a6-24a0ab1a6a1a@group-371DD5F7BCB9->6fca94b5-ea7a-421e-a128-84dfa6a7a2bb-GrpcLogAppender: Wait interrupted by java.lang.InterruptedException
2019-09-24 21:57:39,242 [ForkJoinPool.commonPool-worker-0] INFO  impl.PendingRequests (PendingRequests.java:sendNotLeaderResponses(202)) - e7958a38-39c8-4550-87a6-24a0ab1a6a1a-PendingRequests: sendNotLeaderResponses
2019-09-24 21:57:39,242 [main] INFO  impl.RoleInfo (RoleInfo.java:shutdownLeaderState(104)) - a48fc246-bdf6-4f8b-914f-d1887677d859: shutdown LeaderState
2019-09-24 21:57:39,243 [ForkJoinPool.commonPool-worker-0] INFO  impl.StateMachineUpdater (StateMachineUpdater.java:stopAndJoin(125)) - e7958a38-39c8-4550-87a6-24a0ab1a6a1a@group-371DD5F7BCB9-StateMachineUpdater: set stopIndex = 0
2019-09-24 21:57:39,243 [grpc-default-executor-2] INFO  server.GrpcServerProtocolService (GrpcServerProtocolService.java:onCompleted(113)) - 2f4e8c38-a5b8-4f52-81d3-d8149c3086e8: Completed APPEND_ENTRIES, lastRequest: e7958a38-39c8-4550-87a6-24a0ab1a6a1a->2f4e8c38-a5b8-4f52-81d3-d8149c3086e8#44-t1, previous=(t:1, i:0), leaderCommit=0, initializing? false, entries: <empty>
2019-09-24 21:57:39,243 [grpc-default-executor-0] INFO  server.GrpcServerProtocolService (GrpcServerProtocolService.java:onCompleted(113)) - 6fca94b5-ea7a-421e-a128-84dfa6a7a2bb: Completed APPEND_ENTRIES, lastRequest: e7958a38-39c8-4550-87a6-24a0ab1a6a1a->6fca94b5-ea7a-421e-a128-84dfa6a7a2bb#44-t1, previous=(t:1, i:0), leaderCommit=0, initializing? false, entries: <empty>
2019-09-24 21:57:39,243 [main] INFO  impl.PendingRequests (PendingRequests.java:sendNotLeaderResponses(202)) - a48fc246-bdf6-4f8b-914f-d1887677d859-PendingRequests: sendNotLeaderResponses
2019-09-24 21:57:39,243 [ForkJoinPool.commonPool-worker-0] INFO  impl.RaftServerImpl (ServerState.java:close(385)) - e7958a38-39c8-4550-87a6-24a0ab1a6a1a@group-371DD5F7BCB9: closes. applyIndex: 0
2019-09-24 21:57:39,244 [grpc-default-executor-0] INFO  server.GrpcLogAppender (GrpcLogAppender.java:onCompleted(293)) - e7958a38-39c8-4550-87a6-24a0ab1a6a1a@group-371DD5F7BCB9->2f4e8c38-a5b8-4f52-81d3-d8149c3086e8-AppendLogResponseHandler: follower responses appendEntries COMPLETED
2019-09-24 21:57:39,244 [grpc-default-executor-2] INFO  server.GrpcLogAppender (GrpcLogAppender.java:onCompleted(293)) - e7958a38-39c8-4550-87a6-24a0ab1a6a1a@group-371DD5F7BCB9->6fca94b5-ea7a-421e-a128-84dfa6a7a2bb-AppendLogResponseHandler: follower responses appendEntries COMPLETED
2019-09-24 21:57:39,246 [grpc-default-executor-0] INFO  impl.FollowerInfo (FollowerInfo.java:lambda$new$0(51)) - e7958a38-39c8-4550-87a6-24a0ab1a6a1a@group-371DD5F7BCB9->2f4e8c38-a5b8-4f52-81d3-d8149c3086e8: nextIndex: updateUnconditionally 1 -> 0
2019-09-24 21:57:39,244 [main] INFO  impl.StateMachineUpdater (StateMachineUpdater.java:stopAndJoin(125)) - a48fc246-bdf6-4f8b-914f-d1887677d859@group-1E3101363235-StateMachineUpdater: set stopIndex = 0
2019-09-24 21:57:39,248 [grpc-default-executor-2] INFO  impl.FollowerInfo (FollowerInfo.java:lambda$new$0(51)) - e7958a38-39c8-4550-87a6-24a0ab1a6a1a@group-371DD5F7BCB9->6fca94b5-ea7a-421e-a128-84dfa6a7a2bb: nextIndex: updateUnconditionally 1 -> 0
2019-09-24 21:57:39,244 [e7958a38-39c8-4550-87a6-24a0ab1a6a1a@group-371DD5F7BCB9-SegmentedRaftLogWorker] INFO  segmented.SegmentedRaftLogWorker (SegmentedRaftLogWorker.java:run(313)) - e7958a38-39c8-4550-87a6-24a0ab1a6a1a@group-371DD5F7BCB9-SegmentedRaftLogWorker was interrupted, exiting. There are 0 tasks remaining in the queue.
2019-09-24 21:57:39,248 [main] INFO  impl.RaftServerImpl (ServerState.java:close(385)) - a48fc246-bdf6-4f8b-914f-d1887677d859@group-1E3101363235: closes. applyIndex: 0
2019-09-24 21:57:39,250 [ForkJoinPool.commonPool-worker-0] INFO  segmented.SegmentedRaftLogWorker (SegmentedRaftLogWorker.java:close(228)) - e7958a38-39c8-4550-87a6-24a0ab1a6a1a@group-371DD5F7BCB9-SegmentedRaftLogWorker close()
2019-09-24 21:57:39,250 [a48fc246-bdf6-4f8b-914f-d1887677d859@group-1E3101363235-SegmentedRaftLogWorker] INFO  segmented.SegmentedRaftLogWorker (SegmentedRaftLogWorker.java:run(313)) - a48fc246-bdf6-4f8b-914f-d1887677d859@group-1E3101363235-SegmentedRaftLogWorker was interrupted, exiting. There are 0 tasks remaining in the queue.
2019-09-24 21:57:39,256 [main] INFO  segmented.SegmentedRaftLogWorker (SegmentedRaftLogWorker.java:close(228)) - a48fc246-bdf6-4f8b-914f-d1887677d859@group-1E3101363235-SegmentedRaftLogWorker close()
2019-09-24 21:57:39,259 [main] INFO  server.GrpcService (GrpcService.java:closeImpl(164)) - a48fc246-bdf6-4f8b-914f-d1887677d859: shutdown server with port 41354 now
2019-09-24 21:57:39,259 [ForkJoinPool.commonPool-worker-0] INFO  server.GrpcService (GrpcService.java:closeImpl(164)) - e7958a38-39c8-4550-87a6-24a0ab1a6a1a: shutdown server with port 46112 now
2019-09-24 21:57:39,264 [main] INFO  server.GrpcService (GrpcService.java:closeImpl(172)) - a48fc246-bdf6-4f8b-914f-d1887677d859: shutdown server with port 41354 successfully
2019-09-24 21:57:39,264 [ForkJoinPool.commonPool-worker-0] INFO  server.GrpcService (GrpcService.java:closeImpl(172)) - e7958a38-39c8-4550-87a6-24a0ab1a6a1a: shutdown server with port 46112 successfully
2019-09-24 21:57:39,270 [refreshUsed-/workdir/hadoop-ozone/integration-test/target/test-dir/MiniOzoneClusterImpl-23172438-10ff-4859-aa33-e6eea658d734/datanode-4/data/containers] WARN  fs.CachingGetSpaceUsed (CachingGetSpaceUsed.java:run(183)) - Thread Interrupted waiting to refresh disk information: sleep interrupted
2019-09-24 21:57:39,276 [refreshUsed-/workdir/hadoop-ozone/integration-test/target/test-dir/MiniOzoneClusterImpl-23172438-10ff-4859-aa33-e6eea658d734/datanode-1/data/containers] WARN  fs.CachingGetSpaceUsed (CachingGetSpaceUsed.java:run(183)) - Thread Interrupted waiting to refresh disk information: sleep interrupted
2019-09-24 21:57:39,294 [main] INFO  utils.BackgroundService (BackgroundService.java:shutdown(148)) - Shutting down service BlockDeletingService
2019-09-24 21:57:39,298 [main] INFO  statemachine.DatanodeStateMachine (DatanodeStateMachine.java:stopDaemon(395)) - Ozone container server stopped.
2019-09-24 21:57:39,299 [main] INFO  handler.ContextHandler (ContextHandler.java:doStop(910)) - Stopped o.e.j.w.WebAppContext@56637cff{/,null,UNAVAILABLE}{/hddsDatanode}
2019-09-24 21:57:39,300 [main] INFO  server.AbstractConnector (AbstractConnector.java:doStop(318)) - Stopped ServerConnector@2938127d{HTTP/1.1,[http/1.1]}{0.0.0.0:0}
2019-09-24 21:57:39,300 [main] INFO  handler.ContextHandler (ContextHandler.java:doStop(910)) - Stopped o.e.j.s.ServletContextHandler@60c8a093{/static,jar:file:/home/user/.m2/repository/org/apache/hadoop/hadoop-hdds-container-service/0.5.0-SNAPSHOT/hadoop-hdds-container-service-0.5.0-SNAPSHOT.jar!/webapps/static,UNAVAILABLE}
2019-09-24 21:57:39,300 [main] INFO  handler.ContextHandler (ContextHandler.java:doStop(910)) - Stopped o.e.j.s.ServletContextHandler@20b9d5d5{/logs,file:///workdir/hadoop-ozone/integration-test/target/log,UNAVAILABLE}
2019-09-24 21:57:39,301 [ForkJoinPool.commonPool-worker-0] INFO  utils.BackgroundService (BackgroundService.java:shutdown(148)) - Shutting down service BlockDeletingService
2019-09-24 21:57:39,305 [ForkJoinPool.commonPool-worker-0] INFO  statemachine.DatanodeStateMachine (DatanodeStateMachine.java:stopDaemon(395)) - Ozone container server stopped.
2019-09-24 21:57:39,308 [ForkJoinPool.commonPool-worker-0] INFO  handler.ContextHandler (ContextHandler.java:doStop(910)) - Stopped o.e.j.w.WebAppContext@30b131b2{/,null,UNAVAILABLE}{/hddsDatanode}
2019-09-24 21:57:39,309 [ForkJoinPool.commonPool-worker-0] INFO  server.AbstractConnector (AbstractConnector.java:doStop(318)) - Stopped ServerConnector@2924f1d8{HTTP/1.1,[http/1.1]}{0.0.0.0:0}
2019-09-24 21:57:39,310 [ForkJoinPool.commonPool-worker-0] INFO  handler.ContextHandler (ContextHandler.java:doStop(910)) - Stopped o.e.j.s.ServletContextHandler@12fcc71f{/static,jar:file:/home/user/.m2/repository/org/apache/hadoop/hadoop-hdds-container-service/0.5.0-SNAPSHOT/hadoop-hdds-container-service-0.5.0-SNAPSHOT.jar!/webapps/static,UNAVAILABLE}
2019-09-24 21:57:39,312 [ForkJoinPool.commonPool-worker-0] INFO  handler.ContextHandler (ContextHandler.java:doStop(910)) - Stopped o.e.j.s.ServletContextHandler@68d7a2df{/logs,file:///workdir/hadoop-ozone/integration-test/target/log,UNAVAILABLE}
2019-09-24 21:57:39,499 [Datanode State Machine Thread - 0] INFO  statemachine.DatanodeStateMachine (DatanodeStateMachine.java:lambda$startDaemon$0(350)) - Ozone container server started.
2019-09-24 21:57:39,570 [Datanode State Machine Thread - 0] INFO  statemachine.DatanodeStateMachine (DatanodeStateMachine.java:lambda$startDaemon$0(350)) - Ozone container server started.
2019-09-24 21:57:41,502 [EventQueue-StaleNodeForStaleNodeHandler] INFO  node.StaleNodeHandler (StaleNodeHandler.java:onMessage(58)) - Datanode 2f4e8c38-a5b8-4f52-81d3-d8149c3086e8{ip: 192.168.151.66, host: pr-hdds-2162-v2v4x-1150571016, networkLocation: /default-rack, certSerialId: null} moved to stale state. Finalizing its pipelines [PipelineID=55c3129e-a6d9-419a-8097-371dd5f7bcb9, PipelineID=8763cc26-6d56-438f-9ad2-fcf24587d137]
2019-09-24 21:57:41,502 [EventQueue-StaleNodeForStaleNodeHandler] INFO  pipeline.SCMPipelineManager (SCMPipelineManager.java:finalizeAndDestroyPipeline(315)) - destroying pipeline:Pipeline[ Id: 55c3129e-a6d9-419a-8097-371dd5f7bcb9, Nodes: 6fca94b5-ea7a-421e-a128-84dfa6a7a2bb{ip: 192.168.151.66, host: pr-hdds-2162-v2v4x-1150571016, networkLocation: /default-rack, certSerialId: null}e7958a38-39c8-4550-87a6-24a0ab1a6a1a{ip: 192.168.151.66, host: pr-hdds-2162-v2v4x-1150571016, networkLocation: /default-rack, certSerialId: null}2f4e8c38-a5b8-4f52-81d3-d8149c3086e8{ip: 192.168.151.66, host: pr-hdds-2162-v2v4x-1150571016, networkLocation: /default-rack, certSerialId: null}, Type:RATIS, Factor:THREE, State:CLOSED]
2019-09-24 21:57:41,503 [EventQueue-StaleNodeForStaleNodeHandler] INFO  pipeline.SCMPipelineManager (SCMPipelineManager.java:finalizeAndDestroyPipeline(315)) - destroying pipeline:Pipeline[ Id: 8763cc26-6d56-438f-9ad2-fcf24587d137, Nodes: 2f4e8c38-a5b8-4f52-81d3-d8149c3086e8{ip: 192.168.151.66, host: pr-hdds-2162-v2v4x-1150571016, networkLocation: /default-rack, certSerialId: null}, Type:RATIS, Factor:ONE, State:OPEN]
2019-09-24 21:57:41,503 [EventQueue-StaleNodeForStaleNodeHandler] INFO  pipeline.PipelineStateManager (PipelineStateManager.java:finalizePipeline(123)) - Pipeline Pipeline[ Id: 8763cc26-6d56-438f-9ad2-fcf24587d137, Nodes: 2f4e8c38-a5b8-4f52-81d3-d8149c3086e8{ip: 192.168.151.66, host: pr-hdds-2162-v2v4x-1150571016, networkLocation: /default-rack, certSerialId: null}, Type:RATIS, Factor:ONE, State:CLOSED] moved to CLOSED state
2019-09-24 21:57:41,602 [EventQueue-StaleNodeForStaleNodeHandler] INFO  node.StaleNodeHandler (StaleNodeHandler.java:onMessage(58)) - Datanode 6fca94b5-ea7a-421e-a128-84dfa6a7a2bb{ip: 192.168.151.66, host: pr-hdds-2162-v2v4x-1150571016, networkLocation: /default-rack, certSerialId: null} moved to stale state. Finalizing its pipelines [PipelineID=55c3129e-a6d9-419a-8097-371dd5f7bcb9, PipelineID=ef154f12-4666-48da-8794-a9d053ad63d9]
2019-09-24 21:57:41,602 [EventQueue-StaleNodeForStaleNodeHandler] INFO  pipeline.SCMPipelineManager (SCMPipelineManager.java:finalizeAndDestroyPipeline(315)) - destroying pipeline:Pipeline[ Id: 55c3129e-a6d9-419a-8097-371dd5f7bcb9, Nodes: 6fca94b5-ea7a-421e-a128-84dfa6a7a2bb{ip: 192.168.151.66, host: pr-hdds-2162-v2v4x-1150571016, networkLocation: /default-rack, certSerialId: null}e7958a38-39c8-4550-87a6-24a0ab1a6a1a{ip: 192.168.151.66, host: pr-hdds-2162-v2v4x-1150571016, networkLocation: /default-rack, certSerialId: null}2f4e8c38-a5b8-4f52-81d3-d8149c3086e8{ip: 192.168.151.66, host: pr-hdds-2162-v2v4x-1150571016, networkLocation: /default-rack, certSerialId: null}, Type:RATIS, Factor:THREE, State:CLOSED]
2019-09-24 21:57:41,603 [EventQueue-StaleNodeForStaleNodeHandler] INFO  pipeline.SCMPipelineManager (SCMPipelineManager.java:finalizeAndDestroyPipeline(315)) - destroying pipeline:Pipeline[ Id: ef154f12-4666-48da-8794-a9d053ad63d9, Nodes: 6fca94b5-ea7a-421e-a128-84dfa6a7a2bb{ip: 192.168.151.66, host: pr-hdds-2162-v2v4x-1150571016, networkLocation: /default-rack, certSerialId: null}, Type:RATIS, Factor:ONE, State:OPEN]
2019-09-24 21:57:41,603 [EventQueue-StaleNodeForStaleNodeHandler] INFO  pipeline.PipelineStateManager (PipelineStateManager.java:finalizePipeline(123)) - Pipeline Pipeline[ Id: ef154f12-4666-48da-8794-a9d053ad63d9, Nodes: 6fca94b5-ea7a-421e-a128-84dfa6a7a2bb{ip: 192.168.151.66, host: pr-hdds-2162-v2v4x-1150571016, networkLocation: /default-rack, certSerialId: null}, Type:RATIS, Factor:ONE, State:CLOSED] moved to CLOSED state
2019-09-24 21:57:44,012 [grpc-default-executor-2] INFO  impl.RaftServerProxy (RaftServerProxy.java:addNew(89)) - 2cee2565-8d5e-44db-8b53-370c653dd1d2: addNew group-A4E0FDC4CA25:[8f11d4e6-b202-4932-9b49-c0cc974c2946:192.168.151.66:39215, 2cee2565-8d5e-44db-8b53-370c653dd1d2:192.168.151.66:45133, f8e4e886-09f1-4d5b-90a2-da08b733ae04:192.168.151.66:33172] returns group-A4E0FDC4CA25:java.util.concurrent.CompletableFuture@57ceb71f[Not completed]
2019-09-24 21:57:44,012 [grpc-default-executor-4] INFO  impl.RaftServerProxy (RaftServerProxy.java:addNew(89)) - f8e4e886-09f1-4d5b-90a2-da08b733ae04: addNew group-A4E0FDC4CA25:[8f11d4e6-b202-4932-9b49-c0cc974c2946:192.168.151.66:39215, 2cee2565-8d5e-44db-8b53-370c653dd1d2:192.168.151.66:45133, f8e4e886-09f1-4d5b-90a2-da08b733ae04:192.168.151.66:33172] returns group-A4E0FDC4CA25:java.util.concurrent.CompletableFuture@3f0f40dc[Not completed]
2019-09-24 21:57:44,012 [grpc-default-executor-0] INFO  impl.RaftServerProxy (RaftServerProxy.java:addNew(89)) - 8f11d4e6-b202-4932-9b49-c0cc974c2946: addNew group-A4E0FDC4CA25:[8f11d4e6-b202-4932-9b49-c0cc974c2946:192.168.151.66:39215, 2cee2565-8d5e-44db-8b53-370c653dd1d2:192.168.151.66:45133, f8e4e886-09f1-4d5b-90a2-da08b733ae04:192.168.151.66:33172] returns group-A4E0FDC4CA25:java.util.concurrent.CompletableFuture@792001ff[Not completed]
2019-09-24 21:57:44,015 [pool-87-thread-1] INFO  impl.RaftServerImpl (RaftServerImpl.java:<init>(95)) - 2cee2565-8d5e-44db-8b53-370c653dd1d2: new RaftServerImpl for group-A4E0FDC4CA25:[8f11d4e6-b202-4932-9b49-c0cc974c2946:192.168.151.66:39215, 2cee2565-8d5e-44db-8b53-370c653dd1d2:192.168.151.66:45133, f8e4e886-09f1-4d5b-90a2-da08b733ae04:192.168.151.66:33172] with ContainerStateMachine:uninitialized
2019-09-24 21:57:44,016 [pool-87-thread-1] INFO  server.RaftServerConfigKeys (ConfUtils.java:logGet(43)) - raft.server.rpc.timeout.min = 5s (custom)
2019-09-24 21:57:44,016 [pool-87-thread-1] INFO  server.RaftServerConfigKeys (ConfUtils.java:logGet(43)) - raft.server.rpc.timeout.max = 5200ms (custom)
2019-09-24 21:57:44,016 [pool-87-thread-1] INFO  server.RaftServerConfigKeys (ConfUtils.java:logGet(43)) - raft.server.rpcslowness.timeout = 120s (custom)
2019-09-24 21:57:44,016 [pool-27-thread-1] INFO  impl.RaftServerImpl (RaftServerImpl.java:<init>(95)) - f8e4e886-09f1-4d5b-90a2-da08b733ae04: new RaftServerImpl for group-A4E0FDC4CA25:[8f11d4e6-b202-4932-9b49-c0cc974c2946:192.168.151.66:39215, 2cee2565-8d5e-44db-8b53-370c653dd1d2:192.168.151.66:45133, f8e4e886-09f1-4d5b-90a2-da08b733ae04:192.168.151.66:33172] with ContainerStateMachine:uninitialized
2019-09-24 21:57:44,016 [pool-87-thread-1] INFO  server.RaftServerConfigKeys (ConfUtils.java:logGet(43)) - raft.server.sleep.deviation.threshold = 300 (default)
2019-09-24 21:57:44,016 [pool-27-thread-1] INFO  server.RaftServerConfigKeys (ConfUtils.java:logGet(43)) - raft.server.rpc.timeout.min = 5s (custom)
2019-09-24 21:57:44,017 [pool-87-thread-1] INFO  server.RaftServerConfigKeys (ConfUtils.java:logGet(43)) - raft.server.log.appender.install.snapshot.enabled = false (custom)
2019-09-24 21:57:44,017 [pool-27-thread-1] INFO  server.RaftServerConfigKeys (ConfUtils.java:logGet(43)) - raft.server.rpc.timeout.max = 5200ms (custom)
2019-09-24 21:57:44,017 [pool-87-thread-1] INFO  impl.RaftServerImpl (ServerState.java:<init>(103)) - 2cee2565-8d5e-44db-8b53-370c653dd1d2@group-A4E0FDC4CA25: ConfigurationManager, init=-1: [8f11d4e6-b202-4932-9b49-c0cc974c2946:192.168.151.66:39215, 2cee2565-8d5e-44db-8b53-370c653dd1d2:192.168.151.66:45133, f8e4e886-09f1-4d5b-90a2-da08b733ae04:192.168.151.66:33172], old=null, confs=<EMPTY_MAP>
2019-09-24 21:57:44,017 [pool-27-thread-1] INFO  server.RaftServerConfigKeys (ConfUtils.java:logGet(43)) - raft.server.rpcslowness.timeout = 120s (custom)
2019-09-24 21:57:44,017 [pool-77-thread-1] INFO  impl.RaftServerImpl (RaftServerImpl.java:<init>(95)) - 8f11d4e6-b202-4932-9b49-c0cc974c2946: new RaftServerImpl for group-A4E0FDC4CA25:[8f11d4e6-b202-4932-9b49-c0cc974c2946:192.168.151.66:39215, 2cee2565-8d5e-44db-8b53-370c653dd1d2:192.168.151.66:45133, f8e4e886-09f1-4d5b-90a2-da08b733ae04:192.168.151.66:33172] with ContainerStateMachine:uninitialized
2019-09-24 21:57:44,017 [pool-87-thread-1] INFO  server.RaftServerConfigKeys (ConfUtils.java:logGet(43)) - raft.server.storage.dir = [/workdir/hadoop-ozone/integration-test/target/test-dir/MiniOzoneClusterImpl-23172438-10ff-4859-aa33-e6eea658d734/datanode-6/data/ratis] (custom)
2019-09-24 21:57:44,017 [pool-27-thread-1] INFO  server.RaftServerConfigKeys (ConfUtils.java:logGet(43)) - raft.server.sleep.deviation.threshold = 300 (default)
2019-09-24 21:57:44,018 [pool-77-thread-1] INFO  server.RaftServerConfigKeys (ConfUtils.java:logGet(43)) - raft.server.rpc.timeout.min = 5s (custom)
2019-09-24 21:57:44,018 [pool-27-thread-1] INFO  server.RaftServerConfigKeys (ConfUtils.java:logGet(43)) - raft.server.log.appender.install.snapshot.enabled = false (custom)
2019-09-24 21:57:44,018 [pool-87-thread-1] INFO  storage.RaftStorageDirectory (RaftStorageDirectory.java:analyzeStorage(246)) - The storage directory /workdir/hadoop-ozone/integration-test/target/test-dir/MiniOzoneClusterImpl-23172438-10ff-4859-aa33-e6eea658d734/datanode-6/data/ratis/7fe3108e-6117-432b-9ec8-a4e0fdc4ca25 does not exist. Creating ...
2019-09-24 21:57:44,018 [pool-77-thread-1] INFO  server.RaftServerConfigKeys (ConfUtils.java:logGet(43)) - raft.server.rpc.timeout.max = 5200ms (custom)
2019-09-24 21:57:44,018 [pool-27-thread-1] INFO  impl.RaftServerImpl (ServerState.java:<init>(103)) - f8e4e886-09f1-4d5b-90a2-da08b733ae04@group-A4E0FDC4CA25: ConfigurationManager, init=-1: [8f11d4e6-b202-4932-9b49-c0cc974c2946:192.168.151.66:39215, 2cee2565-8d5e-44db-8b53-370c653dd1d2:192.168.151.66:45133, f8e4e886-09f1-4d5b-90a2-da08b733ae04:192.168.151.66:33172], old=null, confs=<EMPTY_MAP>
2019-09-24 21:57:44,018 [pool-77-thread-1] INFO  server.RaftServerConfigKeys (ConfUtils.java:logGet(43)) - raft.server.rpcslowness.timeout = 120s (custom)
2019-09-24 21:57:44,018 [pool-27-thread-1] INFO  server.RaftServerConfigKeys (ConfUtils.java:logGet(43)) - raft.server.storage.dir = [/workdir/hadoop-ozone/integration-test/target/test-dir/MiniOzoneClusterImpl-23172438-10ff-4859-aa33-e6eea658d734/datanode-0/data/ratis] (custom)
2019-09-24 21:57:44,019 [pool-77-thread-1] INFO  server.RaftServerConfigKeys (ConfUtils.java:logGet(43)) - raft.server.sleep.deviation.threshold = 300 (default)
2019-09-24 21:57:44,019 [pool-77-thread-1] INFO  server.RaftServerConfigKeys (ConfUtils.java:logGet(43)) - raft.server.log.appender.install.snapshot.enabled = false (custom)
2019-09-24 21:57:44,019 [pool-27-thread-1] INFO  storage.RaftStorageDirectory (RaftStorageDirectory.java:analyzeStorage(246)) - The storage directory /workdir/hadoop-ozone/integration-test/target/test-dir/MiniOzoneClusterImpl-23172438-10ff-4859-aa33-e6eea658d734/datanode-0/data/ratis/7fe3108e-6117-432b-9ec8-a4e0fdc4ca25 does not exist. Creating ...
2019-09-24 21:57:44,019 [pool-77-thread-1] INFO  impl.RaftServerImpl (ServerState.java:<init>(103)) - 8f11d4e6-b202-4932-9b49-c0cc974c2946@group-A4E0FDC4CA25: ConfigurationManager, init=-1: [8f11d4e6-b202-4932-9b49-c0cc974c2946:192.168.151.66:39215, 2cee2565-8d5e-44db-8b53-370c653dd1d2:192.168.151.66:45133, f8e4e886-09f1-4d5b-90a2-da08b733ae04:192.168.151.66:33172], old=null, confs=<EMPTY_MAP>
2019-09-24 21:57:44,019 [pool-77-thread-1] INFO  server.RaftServerConfigKeys (ConfUtils.java:logGet(43)) - raft.server.storage.dir = [/workdir/hadoop-ozone/integration-test/target/test-dir/MiniOzoneClusterImpl-23172438-10ff-4859-aa33-e6eea658d734/datanode-5/data/ratis] (custom)
2019-09-24 21:57:44,020 [pool-77-thread-1] INFO  storage.RaftStorageDirectory (RaftStorageDirectory.java:analyzeStorage(246)) - The storage directory /workdir/hadoop-ozone/integration-test/target/test-dir/MiniOzoneClusterImpl-23172438-10ff-4859-aa33-e6eea658d734/datanode-5/data/ratis/7fe3108e-6117-432b-9ec8-a4e0fdc4ca25 does not exist. Creating ...
2019-09-24 21:57:44,031 [pool-27-thread-1] INFO  storage.RaftStorageDirectory (RaftStorageDirectory.java:tryLock(328)) - Lock on /workdir/hadoop-ozone/integration-test/target/test-dir/MiniOzoneClusterImpl-23172438-10ff-4859-aa33-e6eea658d734/datanode-0/data/ratis/7fe3108e-6117-432b-9ec8-a4e0fdc4ca25/in_use.lock acquired by nodename 29506@pr-hdds-2162-v2v4x-1150571016
2019-09-24 21:57:44,031 [pool-87-thread-1] INFO  storage.RaftStorageDirectory (RaftStorageDirectory.java:tryLock(328)) - Lock on /workdir/hadoop-ozone/integration-test/target/test-dir/MiniOzoneClusterImpl-23172438-10ff-4859-aa33-e6eea658d734/datanode-6/data/ratis/7fe3108e-6117-432b-9ec8-a4e0fdc4ca25/in_use.lock acquired by nodename 29506@pr-hdds-2162-v2v4x-1150571016
2019-09-24 21:57:44,031 [pool-77-thread-1] INFO  storage.RaftStorageDirectory (RaftStorageDirectory.java:tryLock(328)) - Lock on /workdir/hadoop-ozone/integration-test/target/test-dir/MiniOzoneClusterImpl-23172438-10ff-4859-aa33-e6eea658d734/datanode-5/data/ratis/7fe3108e-6117-432b-9ec8-a4e0fdc4ca25/in_use.lock acquired by nodename 29506@pr-hdds-2162-v2v4x-1150571016
2019-09-24 21:57:44,045 [pool-27-thread-1] INFO  storage.RaftStorage (RaftStorage.java:format(72)) - Storage directory /workdir/hadoop-ozone/integration-test/target/test-dir/MiniOzoneClusterImpl-23172438-10ff-4859-aa33-e6eea658d734/datanode-0/data/ratis/7fe3108e-6117-432b-9ec8-a4e0fdc4ca25 has been successfully formatted.
2019-09-24 21:57:44,045 [pool-77-thread-1] INFO  storage.RaftStorage (RaftStorage.java:format(72)) - Storage directory /workdir/hadoop-ozone/integration-test/target/test-dir/MiniOzoneClusterImpl-23172438-10ff-4859-aa33-e6eea658d734/datanode-5/data/ratis/7fe3108e-6117-432b-9ec8-a4e0fdc4ca25 has been successfully formatted.
2019-09-24 21:57:44,045 [pool-87-thread-1] INFO  storage.RaftStorage (RaftStorage.java:format(72)) - Storage directory /workdir/hadoop-ozone/integration-test/target/test-dir/MiniOzoneClusterImpl-23172438-10ff-4859-aa33-e6eea658d734/datanode-6/data/ratis/7fe3108e-6117-432b-9ec8-a4e0fdc4ca25 has been successfully formatted.
2019-09-24 21:57:44,046 [pool-27-thread-1] INFO  ratis.ContainerStateMachine (ContainerStateMachine.java:loadSnapshot(230)) - group-A4E0FDC4CA25: The snapshot info is null. Setting the last applied indexto:(t:0, i:~)
2019-09-24 21:57:44,046 [pool-87-thread-1] INFO  ratis.ContainerStateMachine (ContainerStateMachine.java:loadSnapshot(230)) - group-A4E0FDC4CA25: The snapshot info is null. Setting the last applied indexto:(t:0, i:~)
2019-09-24 21:57:44,046 [pool-77-thread-1] INFO  ratis.ContainerStateMachine (ContainerStateMachine.java:loadSnapshot(230)) - group-A4E0FDC4CA25: The snapshot info is null. Setting the last applied indexto:(t:0, i:~)
2019-09-24 21:57:44,046 [pool-87-thread-1] INFO  server.RaftServerConfigKeys (ConfUtils.java:logGet(43)) - raft.server.notification.no-leader.timeout = 120s (custom)
2019-09-24 21:57:44,046 [pool-27-thread-1] INFO  server.RaftServerConfigKeys (ConfUtils.java:logGet(43)) - raft.server.notification.no-leader.timeout = 120s (custom)
2019-09-24 21:57:44,047 [pool-87-thread-1] INFO  server.RaftServerConfigKeys (ConfUtils.java:logGet(43)) - raft.server.log.use.memory = false (default)
2019-09-24 21:57:44,046 [pool-77-thread-1] INFO  server.RaftServerConfigKeys (ConfUtils.java:logGet(43)) - raft.server.notification.no-leader.timeout = 120s (custom)
2019-09-24 21:57:44,047 [pool-87-thread-1] INFO  server.RaftServerConfigKeys (ConfUtils.java:logGet(43)) - raft.server.log.purge.gap = 1000000 (custom)
2019-09-24 21:57:44,047 [pool-27-thread-1] INFO  server.RaftServerConfigKeys (ConfUtils.java:logGet(43)) - raft.server.log.use.memory = false (default)
2019-09-24 21:57:44,047 [pool-87-thread-1] INFO  server.RaftServerConfigKeys (ConfUtils.java:logGet(43)) - raft.server.log.appender.buffer.byte-limit = 33554432 (custom)
2019-09-24 21:57:44,047 [pool-77-thread-1] INFO  server.RaftServerConfigKeys (ConfUtils.java:logGet(43)) - raft.server.log.use.memory = false (default)
2019-09-24 21:57:44,047 [pool-87-thread-1] INFO  server.RaftServerConfigKeys (ConfUtils.java:logGet(43)) - raft.server.log.segment.size.max = 1048576 (custom)
2019-09-24 21:57:44,047 [pool-27-thread-1] INFO  server.RaftServerConfigKeys (ConfUtils.java:logGet(43)) - raft.server.log.purge.gap = 1000000 (custom)
2019-09-24 21:57:44,048 [pool-87-thread-1] INFO  server.RaftServerConfigKeys (ConfUtils.java:logGet(43)) - raft.server.log.segment.cache.num.max = 2 (custom)
2019-09-24 21:57:44,048 [pool-77-thread-1] INFO  server.RaftServerConfigKeys (ConfUtils.java:logGet(43)) - raft.server.log.purge.gap = 1000000 (custom)
2019-09-24 21:57:44,048 [pool-87-thread-1] INFO  segmented.SegmentedRaftLogWorker (SegmentedRaftLogWorker.java:<init>(172)) - new 2cee2565-8d5e-44db-8b53-370c653dd1d2@group-A4E0FDC4CA25-SegmentedRaftLogWorker for RaftStorage:Storage Directory /workdir/hadoop-ozone/integration-test/target/test-dir/MiniOzoneClusterImpl-23172438-10ff-4859-aa33-e6eea658d734/datanode-6/data/ratis/7fe3108e-6117-432b-9ec8-a4e0fdc4ca25
2019-09-24 21:57:44,048 [pool-27-thread-1] INFO  server.RaftServerConfigKeys (ConfUtils.java:logGet(43)) - raft.server.log.appender.buffer.byte-limit = 33554432 (custom)
2019-09-24 21:57:44,048 [pool-87-thread-1] INFO  server.RaftServerConfigKeys (ConfUtils.java:logGet(43)) - raft.server.log.queue.byte-limit = 2147483647 (custom)
2019-09-24 21:57:44,048 [pool-77-thread-1] INFO  server.RaftServerConfigKeys (ConfUtils.java:logGet(43)) - raft.server.log.appender.buffer.byte-limit = 33554432 (custom)
2019-09-24 21:57:44,049 [pool-87-thread-1] INFO  server.RaftServerConfigKeys (ConfUtils.java:logGet(43)) - raft.server.log.queue.element-limit = 1024 (custom)
2019-09-24 21:57:44,048 [pool-27-thread-1] INFO  server.RaftServerConfigKeys (ConfUtils.java:logGet(43)) - raft.server.log.segment.size.max = 1048576 (custom)
2019-09-24 21:57:44,049 [pool-87-thread-1] INFO  server.RaftServerConfigKeys (ConfUtils.java:logGet(43)) - raft.server.log.segment.size.max = 1048576 (custom)
2019-09-24 21:57:44,049 [pool-77-thread-1] INFO  server.RaftServerConfigKeys (ConfUtils.java:logGet(43)) - raft.server.log.segment.size.max = 1048576 (custom)
2019-09-24 21:57:44,049 [pool-87-thread-1] INFO  server.RaftServerConfigKeys (ConfUtils.java:logGet(43)) - raft.server.log.preallocated.size = 16384 (custom)
2019-09-24 21:57:44,049 [pool-27-thread-1] INFO  server.RaftServerConfigKeys (ConfUtils.java:logGet(43)) - raft.server.log.segment.cache.num.max = 2 (custom)
2019-09-24 21:57:44,049 [pool-87-thread-1] INFO  server.RaftServerConfigKeys (ConfUtils.java:logGet(43)) - raft.server.log.write.buffer.size = 33554432 (custom)
2019-09-24 21:57:44,049 [pool-77-thread-1] INFO  server.RaftServerConfigKeys (ConfUtils.java:logGet(43)) - raft.server.log.segment.cache.num.max = 2 (custom)
2019-09-24 21:57:44,050 [pool-87-thread-1] INFO  server.RaftServerConfigKeys (ConfUtils.java:logGet(43)) - raft.server.log.force.sync.num = 128 (default)
2019-09-24 21:57:44,050 [pool-27-thread-1] INFO  segmented.SegmentedRaftLogWorker (SegmentedRaftLogWorker.java:<init>(172)) - new f8e4e886-09f1-4d5b-90a2-da08b733ae04@group-A4E0FDC4CA25-SegmentedRaftLogWorker for RaftStorage:Storage Directory /workdir/hadoop-ozone/integration-test/target/test-dir/MiniOzoneClusterImpl-23172438-10ff-4859-aa33-e6eea658d734/datanode-0/data/ratis/7fe3108e-6117-432b-9ec8-a4e0fdc4ca25
2019-09-24 21:57:44,050 [pool-87-thread-1] INFO  server.RaftServerConfigKeys (ConfUtils.java:logGet(43)) - raft.server.log.statemachine.data.sync = true (default)
2019-09-24 21:57:44,050 [pool-77-thread-1] INFO  segmented.SegmentedRaftLogWorker (SegmentedRaftLogWorker.java:<init>(172)) - new 8f11d4e6-b202-4932-9b49-c0cc974c2946@group-A4E0FDC4CA25-SegmentedRaftLogWorker for RaftStorage:Storage Directory /workdir/hadoop-ozone/integration-test/target/test-dir/MiniOzoneClusterImpl-23172438-10ff-4859-aa33-e6eea658d734/datanode-5/data/ratis/7fe3108e-6117-432b-9ec8-a4e0fdc4ca25
2019-09-24 21:57:44,050 [pool-87-thread-1] INFO  server.RaftServerConfigKeys (ConfUtils.java:logGet(43)) - raft.server.log.statemachine.data.sync.timeout = 10s (default)
2019-09-24 21:57:44,050 [pool-27-thread-1] INFO  server.RaftServerConfigKeys (ConfUtils.java:logGet(43)) - raft.server.log.queue.byte-limit = 2147483647 (custom)
2019-09-24 21:57:44,051 [pool-87-thread-1] INFO  server.RaftServerConfigKeys (ConfUtils.java:logGet(43)) - raft.server.log.statemachine.data.sync.timeout.retry = -1 (default)
2019-09-24 21:57:44,050 [pool-77-thread-1] INFO  server.RaftServerConfigKeys (ConfUtils.java:logGet(43)) - raft.server.log.queue.byte-limit = 2147483647 (custom)
2019-09-24 21:57:44,051 [pool-87-thread-1] INFO  server.RaftServerConfigKeys (ConfUtils.java:logGet(43)) - raft.server.log.statemachine.data.caching.enabled = true (custom)
2019-09-24 21:57:44,051 [pool-27-thread-1] INFO  server.RaftServerConfigKeys (ConfUtils.java:logGet(43)) - raft.server.log.queue.element-limit = 1024 (custom)
2019-09-24 21:57:44,051 [pool-77-thread-1] INFO  server.RaftServerConfigKeys (ConfUtils.java:logGet(43)) - raft.server.log.queue.element-limit = 1024 (custom)
2019-09-24 21:57:44,051 [pool-87-thread-1] INFO  segmented.SegmentedRaftLogWorker (SegmentedRaftLogWorker.java:lambda$new$0(132)) - 2cee2565-8d5e-44db-8b53-370c653dd1d2@group-A4E0FDC4CA25-SegmentedRaftLogWorker: flushIndex: setUnconditionally 0 -> -1
2019-09-24 21:57:44,051 [pool-27-thread-1] INFO  server.RaftServerConfigKeys (ConfUtils.java:logGet(43)) - raft.server.log.segment.size.max = 1048576 (custom)
2019-09-24 21:57:44,052 [pool-77-thread-1] INFO  server.RaftServerConfigKeys (ConfUtils.java:logGet(43)) - raft.server.log.segment.size.max = 1048576 (custom)
2019-09-24 21:57:44,052 [pool-87-thread-1] INFO  server.RaftServerConfigKeys (ConfUtils.java:logGet(43)) - raft.server.snapshot.auto.trigger.enabled = true (custom)
2019-09-24 21:57:44,052 [pool-27-thread-1] INFO  server.RaftServerConfigKeys (ConfUtils.java:logGet(43)) - raft.server.log.preallocated.size = 16384 (custom)
2019-09-24 21:57:44,052 [pool-87-thread-1] INFO  server.RaftServerConfigKeys (ConfUtils.java:logGet(43)) - raft.server.snapshot.auto.trigger.threshold = 10000 (custom)
2019-09-24 21:57:44,052 [pool-77-thread-1] INFO  server.RaftServerConfigKeys (ConfUtils.java:logGet(43)) - raft.server.log.preallocated.size = 16384 (custom)
2019-09-24 21:57:44,052 [pool-87-thread-1] INFO  server.RaftServerConfigKeys (ConfUtils.java:logGet(43)) - raft.server.snapshot.retention.num.files = 5 (custom)
2019-09-24 21:57:44,052 [pool-27-thread-1] INFO  server.RaftServerConfigKeys (ConfUtils.java:logGet(43)) - raft.server.log.write.buffer.size = 33554432 (custom)
2019-09-24 21:57:44,053 [pool-87-thread-1] INFO  server.RaftServerConfigKeys (ConfUtils.java:logGet(43)) - raft.server.retrycache.expirytime = 600000ms (custom)
2019-09-24 21:57:44,053 [pool-77-thread-1] INFO  server.RaftServerConfigKeys (ConfUtils.java:logGet(43)) - raft.server.log.write.buffer.size = 33554432 (custom)
2019-09-24 21:57:44,053 [pool-77-thread-1] INFO  server.RaftServerConfigKeys (ConfUtils.java:logGet(43)) - raft.server.log.force.sync.num = 128 (default)
2019-09-24 21:57:44,053 [pool-27-thread-1] INFO  server.RaftServerConfigKeys (ConfUtils.java:logGet(43)) - raft.server.log.force.sync.num = 128 (default)
2019-09-24 21:57:44,053 [pool-77-thread-1] INFO  server.RaftServerConfigKeys (ConfUtils.java:logGet(43)) - raft.server.log.statemachine.data.sync = true (default)
2019-09-24 21:57:44,054 [pool-27-thread-1] INFO  server.RaftServerConfigKeys (ConfUtils.java:logGet(43)) - raft.server.log.statemachine.data.sync = true (default)
2019-09-24 21:57:44,054 [pool-77-thread-1] INFO  server.RaftServerConfigKeys (ConfUtils.java:logGet(43)) - raft.server.log.statemachine.data.sync.timeout = 10s (default)
2019-09-24 21:57:44,054 [pool-27-thread-1] INFO  server.RaftServerConfigKeys (ConfUtils.java:logGet(43)) - raft.server.log.statemachine.data.sync.timeout = 10s (default)
2019-09-24 21:57:44,054 [pool-77-thread-1] INFO  server.RaftServerConfigKeys (ConfUtils.java:logGet(43)) - raft.server.log.statemachine.data.sync.timeout.retry = -1 (default)
2019-09-24 21:57:44,054 [pool-27-thread-1] INFO  server.RaftServerConfigKeys (ConfUtils.java:logGet(43)) - raft.server.log.statemachine.data.sync.timeout.retry = -1 (default)
2019-09-24 21:57:44,054 [pool-77-thread-1] INFO  server.RaftServerConfigKeys (ConfUtils.java:logGet(43)) - raft.server.log.statemachine.data.caching.enabled = true (custom)
2019-09-24 21:57:44,054 [pool-27-thread-1] INFO  server.RaftServerConfigKeys (ConfUtils.java:logGet(43)) - raft.server.log.statemachine.data.caching.enabled = true (custom)
2019-09-24 21:57:44,055 [pool-27-thread-1] INFO  segmented.SegmentedRaftLogWorker (SegmentedRaftLogWorker.java:lambda$new$0(132)) - f8e4e886-09f1-4d5b-90a2-da08b733ae04@group-A4E0FDC4CA25-SegmentedRaftLogWorker: flushIndex: setUnconditionally 0 -> -1
2019-09-24 21:57:44,055 [pool-77-thread-1] INFO  segmented.SegmentedRaftLogWorker (SegmentedRaftLogWorker.java:lambda$new$0(132)) - 8f11d4e6-b202-4932-9b49-c0cc974c2946@group-A4E0FDC4CA25-SegmentedRaftLogWorker: flushIndex: setUnconditionally 0 -> -1
2019-09-24 21:57:44,055 [pool-27-thread-1] INFO  server.RaftServerConfigKeys (ConfUtils.java:logGet(43)) - raft.server.snapshot.auto.trigger.enabled = true (custom)
2019-09-24 21:57:44,055 [pool-27-thread-1] INFO  server.RaftServerConfigKeys (ConfUtils.java:logGet(43)) - raft.server.snapshot.auto.trigger.threshold = 10000 (custom)
2019-09-24 21:57:44,055 [pool-77-thread-1] INFO  server.RaftServerConfigKeys (ConfUtils.java:logGet(43)) - raft.server.snapshot.auto.trigger.enabled = true (custom)
2019-09-24 21:57:44,055 [pool-27-thread-1] INFO  server.RaftServerConfigKeys (ConfUtils.java:logGet(43)) - raft.server.snapshot.retention.num.files = 5 (custom)
2019-09-24 21:57:44,055 [pool-77-thread-1] INFO  server.RaftServerConfigKeys (ConfUtils.java:logGet(43)) - raft.server.snapshot.auto.trigger.threshold = 10000 (custom)
2019-09-24 21:57:44,056 [pool-27-thread-1] INFO  server.RaftServerConfigKeys (ConfUtils.java:logGet(43)) - raft.server.retrycache.expirytime = 600000ms (custom)
2019-09-24 21:57:44,056 [pool-77-thread-1] INFO  server.RaftServerConfigKeys (ConfUtils.java:logGet(43)) - raft.server.snapshot.retention.num.files = 5 (custom)
2019-09-24 21:57:44,056 [pool-77-thread-1] INFO  server.RaftServerConfigKeys (ConfUtils.java:logGet(43)) - raft.server.retrycache.expirytime = 600000ms (custom)
2019-09-24 21:57:44,056 [pool-87-thread-1] INFO  impl.RaftServerImpl (RaftServerImpl.java:start(185)) - 2cee2565-8d5e-44db-8b53-370c653dd1d2@group-A4E0FDC4CA25: start as a follower, conf=-1: [8f11d4e6-b202-4932-9b49-c0cc974c2946:192.168.151.66:39215, 2cee2565-8d5e-44db-8b53-370c653dd1d2:192.168.151.66:45133, f8e4e886-09f1-4d5b-90a2-da08b733ae04:192.168.151.66:33172], old=null
2019-09-24 21:57:44,056 [pool-87-thread-1] INFO  impl.RaftServerImpl (RaftServerImpl.java:setRole(174)) - 2cee2565-8d5e-44db-8b53-370c653dd1d2@group-A4E0FDC4CA25: changes role from      null to FOLLOWER at term 0 for startAsFollower
2019-09-24 21:57:44,057 [pool-87-thread-1] INFO  impl.RoleInfo (RoleInfo.java:updateAndGet(143)) - 2cee2565-8d5e-44db-8b53-370c653dd1d2: start FollowerState
2019-09-24 21:57:44,057 [pool-87-thread-1] INFO  util.JmxRegister (JmxRegister.java:tryRegister(44)) - Successfully registered JMX Bean with object name Ratis:service=RaftServer,group=group-A4E0FDC4CA25,id=2cee2565-8d5e-44db-8b53-370c653dd1d2
2019-09-24 21:57:44,058 [pool-27-thread-1] INFO  impl.RaftServerImpl (RaftServerImpl.java:start(185)) - f8e4e886-09f1-4d5b-90a2-da08b733ae04@group-A4E0FDC4CA25: start as a follower, conf=-1: [8f11d4e6-b202-4932-9b49-c0cc974c2946:192.168.151.66:39215, 2cee2565-8d5e-44db-8b53-370c653dd1d2:192.168.151.66:45133, f8e4e886-09f1-4d5b-90a2-da08b733ae04:192.168.151.66:33172], old=null
2019-09-24 21:57:44,058 [pool-27-thread-1] INFO  impl.RaftServerImpl (RaftServerImpl.java:setRole(174)) - f8e4e886-09f1-4d5b-90a2-da08b733ae04@group-A4E0FDC4CA25: changes role from      null to FOLLOWER at term 0 for startAsFollower
2019-09-24 21:57:44,058 [pool-27-thread-1] INFO  impl.RoleInfo (RoleInfo.java:updateAndGet(143)) - f8e4e886-09f1-4d5b-90a2-da08b733ae04: start FollowerState
2019-09-24 21:57:44,058 [pool-77-thread-1] INFO  impl.RaftServerImpl (RaftServerImpl.java:start(185)) - 8f11d4e6-b202-4932-9b49-c0cc974c2946@group-A4E0FDC4CA25: start as a follower, conf=-1: [8f11d4e6-b202-4932-9b49-c0cc974c2946:192.168.151.66:39215, 2cee2565-8d5e-44db-8b53-370c653dd1d2:192.168.151.66:45133, f8e4e886-09f1-4d5b-90a2-da08b733ae04:192.168.151.66:33172], old=null
2019-09-24 21:57:44,058 [pool-77-thread-1] INFO  impl.RaftServerImpl (RaftServerImpl.java:setRole(174)) - 8f11d4e6-b202-4932-9b49-c0cc974c2946@group-A4E0FDC4CA25: changes role from      null to FOLLOWER at term 0 for startAsFollower
2019-09-24 21:57:44,058 [pool-27-thread-1] INFO  util.JmxRegister (JmxRegister.java:tryRegister(44)) - Successfully registered JMX Bean with object name Ratis:service=RaftServer,group=group-A4E0FDC4CA25,id=f8e4e886-09f1-4d5b-90a2-da08b733ae04
2019-09-24 21:57:44,058 [pool-77-thread-1] INFO  impl.RoleInfo (RoleInfo.java:updateAndGet(143)) - 8f11d4e6-b202-4932-9b49-c0cc974c2946: start FollowerState
2019-09-24 21:57:44,059 [pool-77-thread-1] INFO  util.JmxRegister (JmxRegister.java:tryRegister(44)) - Successfully registered JMX Bean with object name Ratis:service=RaftServer,group=group-A4E0FDC4CA25,id=8f11d4e6-b202-4932-9b49-c0cc974c2946
2019-09-24 21:57:44,066 [RatisPipelineUtilsThread] INFO  pipeline.PipelineStateManager (PipelineStateManager.java:addPipeline(56)) - Created pipeline Pipeline[ Id: 7fe3108e-6117-432b-9ec8-a4e0fdc4ca25, Nodes: f8e4e886-09f1-4d5b-90a2-da08b733ae04{ip: 192.168.151.66, host: pr-hdds-2162-v2v4x-1150571016, networkLocation: /default-rack, certSerialId: null}8f11d4e6-b202-4932-9b49-c0cc974c2946{ip: 192.168.151.66, host: pr-hdds-2162-v2v4x-1150571016, networkLocation: /default-rack, certSerialId: null}2cee2565-8d5e-44db-8b53-370c653dd1d2{ip: 192.168.151.66, host: pr-hdds-2162-v2v4x-1150571016, networkLocation: /default-rack, certSerialId: null}, Type:RATIS, Factor:THREE, State:OPEN]
2019-09-24 21:57:44,302 [main] INFO  ozoneimpl.OzoneContainer (OzoneContainer.java:stop(231)) - Attempting to stop container services.
2019-09-24 21:57:44,303 [main] INFO  impl.RaftServerProxy (RaftServerProxy.java:lambda$close$4(314)) - 6fca94b5-ea7a-421e-a128-84dfa6a7a2bb: close
2019-09-24 21:57:44,303 [main] INFO  impl.RaftServerImpl (RaftServerImpl.java:lambda$shutdown$3(251)) - 6fca94b5-ea7a-421e-a128-84dfa6a7a2bb@group-371DD5F7BCB9: shutdown
2019-09-24 21:57:44,304 [main] INFO  util.JmxRegister (JmxRegister.java:unregister(73)) - Successfully un-registered JMX Bean with object name Ratis:service=RaftServer,group=group-371DD5F7BCB9,id=6fca94b5-ea7a-421e-a128-84dfa6a7a2bb
2019-09-24 21:57:44,304 [main] INFO  impl.RoleInfo (RoleInfo.java:shutdownFollowerState(121)) - 6fca94b5-ea7a-421e-a128-84dfa6a7a2bb: shutdown FollowerState
2019-09-24 21:57:44,305 [main] INFO  impl.StateMachineUpdater (StateMachineUpdater.java:stopAndJoin(125)) - 6fca94b5-ea7a-421e-a128-84dfa6a7a2bb@group-371DD5F7BCB9-StateMachineUpdater: set stopIndex = 0
2019-09-24 21:57:44,305 [Thread-298] INFO  impl.FollowerState (FollowerState.java:run(115)) - 6fca94b5-ea7a-421e-a128-84dfa6a7a2bb: FollowerState was interrupted: java.lang.InterruptedException: sleep interrupted
2019-09-24 21:57:44,307 [main] INFO  impl.RaftServerImpl (ServerState.java:close(385)) - 6fca94b5-ea7a-421e-a128-84dfa6a7a2bb@group-371DD5F7BCB9: closes. applyIndex: 0
2019-09-24 21:57:44,310 [6fca94b5-ea7a-421e-a128-84dfa6a7a2bb@group-371DD5F7BCB9-SegmentedRaftLogWorker] INFO  segmented.SegmentedRaftLogWorker (SegmentedRaftLogWorker.java:run(313)) - 6fca94b5-ea7a-421e-a128-84dfa6a7a2bb@group-371DD5F7BCB9-SegmentedRaftLogWorker was interrupted, exiting. There are 0 tasks remaining in the queue.
2019-09-24 21:57:44,312 [main] INFO  segmented.SegmentedRaftLogWorker (SegmentedRaftLogWorker.java:close(228)) - 6fca94b5-ea7a-421e-a128-84dfa6a7a2bb@group-371DD5F7BCB9-SegmentedRaftLogWorker close()
2019-09-24 21:57:44,315 [main] INFO  impl.RaftServerImpl (RaftServerImpl.java:lambda$shutdown$3(251)) - 6fca94b5-ea7a-421e-a128-84dfa6a7a2bb@group-A9D053AD63D9: shutdown
2019-09-24 21:57:44,316 [ForkJoinPool.commonPool-worker-0] INFO  ozoneimpl.OzoneContainer (OzoneContainer.java:stop(231)) - Attempting to stop container services.
2019-09-24 21:57:44,316 [main] INFO  util.JmxRegister (JmxRegister.java:unregister(73)) - Successfully un-registered JMX Bean with object name Ratis:service=RaftServer,group=group-A9D053AD63D9,id=6fca94b5-ea7a-421e-a128-84dfa6a7a2bb
2019-09-24 21:57:44,316 [ForkJoinPool.commonPool-worker-0] INFO  impl.RaftServerProxy (RaftServerProxy.java:lambda$close$4(314)) - 2f4e8c38-a5b8-4f52-81d3-d8149c3086e8: close
2019-09-24 21:57:44,317 [main] INFO  impl.RoleInfo (RoleInfo.java:shutdownLeaderState(104)) - 6fca94b5-ea7a-421e-a128-84dfa6a7a2bb: shutdown LeaderState
2019-09-24 21:57:44,317 [ForkJoinPool.commonPool-worker-0] INFO  impl.RaftServerImpl (RaftServerImpl.java:lambda$shutdown$3(251)) - 2f4e8c38-a5b8-4f52-81d3-d8149c3086e8@group-371DD5F7BCB9: shutdown
2019-09-24 21:57:44,317 [main] INFO  impl.PendingRequests (PendingRequests.java:sendNotLeaderResponses(202)) - 6fca94b5-ea7a-421e-a128-84dfa6a7a2bb-PendingRequests: sendNotLeaderResponses
2019-09-24 21:57:44,317 [ForkJoinPool.commonPool-worker-0] INFO  util.JmxRegister (JmxRegister.java:unregister(73)) - Successfully un-registered JMX Bean with object name Ratis:service=RaftServer,group=group-371DD5F7BCB9,id=2f4e8c38-a5b8-4f52-81d3-d8149c3086e8
2019-09-24 21:57:44,318 [main] INFO  impl.StateMachineUpdater (StateMachineUpdater.java:stopAndJoin(125)) - 6fca94b5-ea7a-421e-a128-84dfa6a7a2bb@group-A9D053AD63D9-StateMachineUpdater: set stopIndex = 0
2019-09-24 21:57:44,318 [ForkJoinPool.commonPool-worker-0] INFO  impl.RoleInfo (RoleInfo.java:shutdownFollowerState(121)) - 2f4e8c38-a5b8-4f52-81d3-d8149c3086e8: shutdown FollowerState
2019-09-24 21:57:44,319 [main] INFO  impl.RaftServerImpl (ServerState.java:close(385)) - 6fca94b5-ea7a-421e-a128-84dfa6a7a2bb@group-A9D053AD63D9: closes. applyIndex: 0
2019-09-24 21:57:44,319 [Thread-301] INFO  impl.FollowerState (FollowerState.java:run(115)) - 2f4e8c38-a5b8-4f52-81d3-d8149c3086e8: FollowerState was interrupted: java.lang.InterruptedException: sleep interrupted
2019-09-24 21:57:44,319 [ForkJoinPool.commonPool-worker-0] INFO  impl.StateMachineUpdater (StateMachineUpdater.java:stopAndJoin(125)) - 2f4e8c38-a5b8-4f52-81d3-d8149c3086e8@group-371DD5F7BCB9-StateMachineUpdater: set stopIndex = 0
2019-09-24 21:57:44,322 [ForkJoinPool.commonPool-worker-0] INFO  impl.RaftServerImpl (ServerState.java:close(385)) - 2f4e8c38-a5b8-4f52-81d3-d8149c3086e8@group-371DD5F7BCB9: closes. applyIndex: 0
2019-09-24 21:57:44,320 [6fca94b5-ea7a-421e-a128-84dfa6a7a2bb@group-A9D053AD63D9-SegmentedRaftLogWorker] INFO  segmented.SegmentedRaftLogWorker (SegmentedRaftLogWorker.java:run(313)) - 6fca94b5-ea7a-421e-a128-84dfa6a7a2bb@group-A9D053AD63D9-SegmentedRaftLogWorker was interrupted, exiting. There are 0 tasks remaining in the queue.
2019-09-24 21:57:44,322 [2f4e8c38-a5b8-4f52-81d3-d8149c3086e8@group-371DD5F7BCB9-SegmentedRaftLogWorker] INFO  segmented.SegmentedRaftLogWorker (SegmentedRaftLogWorker.java:run(313)) - 2f4e8c38-a5b8-4f52-81d3-d8149c3086e8@group-371DD5F7BCB9-SegmentedRaftLogWorker was interrupted, exiting. There are 0 tasks remaining in the queue.
2019-09-24 21:57:44,324 [main] INFO  segmented.SegmentedRaftLogWorker (SegmentedRaftLogWorker.java:close(228)) - 6fca94b5-ea7a-421e-a128-84dfa6a7a2bb@group-A9D053AD63D9-SegmentedRaftLogWorker close()
2019-09-24 21:57:44,325 [ForkJoinPool.commonPool-worker-0] INFO  segmented.SegmentedRaftLogWorker (SegmentedRaftLogWorker.java:close(228)) - 2f4e8c38-a5b8-4f52-81d3-d8149c3086e8@group-371DD5F7BCB9-SegmentedRaftLogWorker close()
2019-09-24 21:57:44,328 [main] INFO  server.GrpcService (GrpcService.java:closeImpl(164)) - 6fca94b5-ea7a-421e-a128-84dfa6a7a2bb: shutdown server with port 38431 now
2019-09-24 21:57:44,331 [ForkJoinPool.commonPool-worker-0] INFO  impl.RaftServerImpl (RaftServerImpl.java:lambda$shutdown$3(251)) - 2f4e8c38-a5b8-4f52-81d3-d8149c3086e8@group-FCF24587D137: shutdown
2019-09-24 21:57:44,332 [ForkJoinPool.commonPool-worker-0] INFO  util.JmxRegister (JmxRegister.java:unregister(73)) - Successfully un-registered JMX Bean with object name Ratis:service=RaftServer,group=group-FCF24587D137,id=2f4e8c38-a5b8-4f52-81d3-d8149c3086e8
2019-09-24 21:57:44,332 [ForkJoinPool.commonPool-worker-0] INFO  impl.RoleInfo (RoleInfo.java:shutdownLeaderState(104)) - 2f4e8c38-a5b8-4f52-81d3-d8149c3086e8: shutdown LeaderState
2019-09-24 21:57:44,332 [main] INFO  server.GrpcService (GrpcService.java:closeImpl(172)) - 6fca94b5-ea7a-421e-a128-84dfa6a7a2bb: shutdown server with port 38431 successfully
2019-09-24 21:57:44,333 [ForkJoinPool.commonPool-worker-0] INFO  impl.PendingRequests (PendingRequests.java:sendNotLeaderResponses(202)) - 2f4e8c38-a5b8-4f52-81d3-d8149c3086e8-PendingRequests: sendNotLeaderResponses
2019-09-24 21:57:44,333 [ForkJoinPool.commonPool-worker-0] INFO  impl.StateMachineUpdater (StateMachineUpdater.java:stopAndJoin(125)) - 2f4e8c38-a5b8-4f52-81d3-d8149c3086e8@group-FCF24587D137-StateMachineUpdater: set stopIndex = 0
2019-09-24 21:57:44,334 [ForkJoinPool.commonPool-worker-0] INFO  impl.RaftServerImpl (ServerState.java:close(385)) - 2f4e8c38-a5b8-4f52-81d3-d8149c3086e8@group-FCF24587D137: closes. applyIndex: 0
2019-09-24 21:57:44,335 [2f4e8c38-a5b8-4f52-81d3-d8149c3086e8@group-FCF24587D137-SegmentedRaftLogWorker] INFO  segmented.SegmentedRaftLogWorker (SegmentedRaftLogWorker.java:run(313)) - 2f4e8c38-a5b8-4f52-81d3-d8149c3086e8@group-FCF24587D137-SegmentedRaftLogWorker was interrupted, exiting. There are 0 tasks remaining in the queue.
2019-09-24 21:57:44,336 [ForkJoinPool.commonPool-worker-0] INFO  segmented.SegmentedRaftLogWorker (SegmentedRaftLogWorker.java:close(228)) - 2f4e8c38-a5b8-4f52-81d3-d8149c3086e8@group-FCF24587D137-SegmentedRaftLogWorker close()
2019-09-24 21:57:44,339 [ForkJoinPool.commonPool-worker-0] INFO  server.GrpcService (GrpcService.java:closeImpl(164)) - 2f4e8c38-a5b8-4f52-81d3-d8149c3086e8: shutdown server with port 44539 now
2019-09-24 21:57:44,343 [ForkJoinPool.commonPool-worker-0] INFO  server.GrpcService (GrpcService.java:closeImpl(172)) - 2f4e8c38-a5b8-4f52-81d3-d8149c3086e8: shutdown server with port 44539 successfully
2019-09-24 21:57:44,350 [refreshUsed-/workdir/hadoop-ozone/integration-test/target/test-dir/MiniOzoneClusterImpl-23172438-10ff-4859-aa33-e6eea658d734/datanode-3/data/containers] WARN  fs.CachingGetSpaceUsed (CachingGetSpaceUsed.java:run(183)) - Thread Interrupted waiting to refresh disk information: sleep interrupted
2019-09-24 21:57:44,352 [refreshUsed-/workdir/hadoop-ozone/integration-test/target/test-dir/MiniOzoneClusterImpl-23172438-10ff-4859-aa33-e6eea658d734/datanode-2/data/containers] WARN  fs.CachingGetSpaceUsed (CachingGetSpaceUsed.java:run(183)) - Thread Interrupted waiting to refresh disk information: sleep interrupted
2019-09-24 21:57:44,366 [main] INFO  utils.BackgroundService (BackgroundService.java:shutdown(148)) - Shutting down service BlockDeletingService
2019-09-24 21:57:44,370 [main] INFO  statemachine.DatanodeStateMachine (DatanodeStateMachine.java:stopDaemon(395)) - Ozone container server stopped.
2019-09-24 21:57:44,371 [main] INFO  handler.ContextHandler (ContextHandler.java:doStop(910)) - Stopped o.e.j.w.WebAppContext@18b8d173{/,null,UNAVAILABLE}{/hddsDatanode}
2019-09-24 21:57:44,372 [main] INFO  server.AbstractConnector (AbstractConnector.java:doStop(318)) - Stopped ServerConnector@73844119{HTTP/1.1,[http/1.1]}{0.0.0.0:0}
2019-09-24 21:57:44,373 [main] INFO  handler.ContextHandler (ContextHandler.java:doStop(910)) - Stopped o.e.j.s.ServletContextHandler@23f3da8b{/static,jar:file:/home/user/.m2/repository/org/apache/hadoop/hadoop-hdds-container-service/0.5.0-SNAPSHOT/hadoop-hdds-container-service-0.5.0-SNAPSHOT.jar!/webapps/static,UNAVAILABLE}
2019-09-24 21:57:44,373 [main] INFO  handler.ContextHandler (ContextHandler.java:doStop(910)) - Stopped o.e.j.s.ServletContextHandler@7640a5b1{/logs,file:///workdir/hadoop-ozone/integration-test/target/log,UNAVAILABLE}
2019-09-24 21:57:44,376 [ForkJoinPool.commonPool-worker-0] INFO  utils.BackgroundService (BackgroundService.java:shutdown(148)) - Shutting down service BlockDeletingService
2019-09-24 21:57:44,379 [ForkJoinPool.commonPool-worker-0] INFO  statemachine.DatanodeStateMachine (DatanodeStateMachine.java:stopDaemon(395)) - Ozone container server stopped.
2019-09-24 21:57:44,383 [ForkJoinPool.commonPool-worker-0] INFO  handler.ContextHandler (ContextHandler.java:doStop(910)) - Stopped o.e.j.w.WebAppContext@53f4c1e6{/,null,UNAVAILABLE}{/hddsDatanode}
2019-09-24 21:57:44,384 [ForkJoinPool.commonPool-worker-0] INFO  server.AbstractConnector (AbstractConnector.java:doStop(318)) - Stopped ServerConnector@74174a23{HTTP/1.1,[http/1.1]}{0.0.0.0:0}
2019-09-24 21:57:44,385 [ForkJoinPool.commonPool-worker-0] INFO  handler.ContextHandler (ContextHandler.java:doStop(910)) - Stopped o.e.j.s.ServletContextHandler@1cd3b138{/static,jar:file:/home/user/.m2/repository/org/apache/hadoop/hadoop-hdds-container-service/0.5.0-SNAPSHOT/hadoop-hdds-container-service-0.5.0-SNAPSHOT.jar!/webapps/static,UNAVAILABLE}
2019-09-24 21:57:44,386 [ForkJoinPool.commonPool-worker-0] INFO  handler.ContextHandler (ContextHandler.java:doStop(910)) - Stopped o.e.j.s.ServletContextHandler@121bb45b{/logs,file:///workdir/hadoop-ozone/integration-test/target/log,UNAVAILABLE}
2019-09-24 21:57:44,766 [Datanode State Machine Thread - 0] INFO  statemachine.DatanodeStateMachine (DatanodeStateMachine.java:lambda$startDaemon$0(350)) - Ozone container server started.
2019-09-24 21:57:45,342 [Datanode State Machine Thread - 0] INFO  statemachine.DatanodeStateMachine (DatanodeStateMachine.java:lambda$startDaemon$0(350)) - Ozone container server started.
2019-09-24 21:57:46,471 [Thread-319] INFO  impl.FollowerState (FollowerState.java:run(106)) - 8f11d4e6-b202-4932-9b49-c0cc974c2946:group-450043C6B9B7 changes to CANDIDATE, lastRpcTime:9590, electionTimeout:5024ms
2019-09-24 21:57:46,471 [Thread-319] INFO  impl.RoleInfo (RoleInfo.java:shutdownFollowerState(121)) - 8f11d4e6-b202-4932-9b49-c0cc974c2946: shutdown FollowerState
2019-09-24 21:57:46,472 [Thread-319] INFO  impl.RaftServerImpl (RaftServerImpl.java:setRole(174)) - 8f11d4e6-b202-4932-9b49-c0cc974c2946@group-450043C6B9B7: changes role from  FOLLOWER to CANDIDATE at term 1 for changeToCandidate
2019-09-24 21:57:46,472 [Thread-319] INFO  impl.RoleInfo (RoleInfo.java:updateAndGet(143)) - 8f11d4e6-b202-4932-9b49-c0cc974c2946: start LeaderElection
2019-09-24 21:57:46,474 [8f11d4e6-b202-4932-9b49-c0cc974c2946@group-450043C6B9B7:LeaderElection12] INFO  impl.RaftServerImpl (ServerState.java:setLeader(253)) - 8f11d4e6-b202-4932-9b49-c0cc974c2946@group-450043C6B9B7: change Leader from a48fc246-bdf6-4f8b-914f-d1887677d859 to null at term 1 for initElection
2019-09-24 21:57:46,487 [8f11d4e6-b202-4932-9b49-c0cc974c2946@group-450043C6B9B7:LeaderElection12] INFO  impl.LeaderElection (LeaderElection.java:askForVotes(182)) - 8f11d4e6-b202-4932-9b49-c0cc974c2946@group-450043C6B9B7:LeaderElection12: begin an election at term 2 for 0: [8f11d4e6-b202-4932-9b49-c0cc974c2946:192.168.151.66:39215, a48fc246-bdf6-4f8b-914f-d1887677d859:192.168.151.66:41354, f8e4e886-09f1-4d5b-90a2-da08b733ae04:192.168.151.66:33172], old=null
2019-09-24 21:57:46,492 [grpc-default-executor-4] INFO  impl.RaftServerImpl (ServerState.java:setLeader(253)) - f8e4e886-09f1-4d5b-90a2-da08b733ae04@group-450043C6B9B7: change Leader from a48fc246-bdf6-4f8b-914f-d1887677d859 to null at term 2 for updateCurrentTerm
2019-09-24 21:57:46,493 [grpc-default-executor-4] INFO  impl.RaftServerImpl (RaftServerImpl.java:setRole(174)) - f8e4e886-09f1-4d5b-90a2-da08b733ae04@group-450043C6B9B7: changes role from  FOLLOWER to FOLLOWER at term 2 for recognizeCandidate:8f11d4e6-b202-4932-9b49-c0cc974c2946
2019-09-24 21:57:46,493 [grpc-default-executor-4] INFO  impl.RoleInfo (RoleInfo.java:shutdownFollowerState(121)) - f8e4e886-09f1-4d5b-90a2-da08b733ae04: shutdown FollowerState
2019-09-24 21:57:46,493 [grpc-default-executor-4] INFO  impl.RoleInfo (RoleInfo.java:updateAndGet(143)) - f8e4e886-09f1-4d5b-90a2-da08b733ae04: start FollowerState
2019-09-24 21:57:46,493 [Thread-315] INFO  impl.FollowerState (FollowerState.java:run(115)) - f8e4e886-09f1-4d5b-90a2-da08b733ae04: FollowerState was interrupted: java.lang.InterruptedException: sleep interrupted
2019-09-24 21:57:46,876 [EventQueue-StaleNodeForStaleNodeHandler] INFO  node.StaleNodeHandler (StaleNodeHandler.java:onMessage(58)) - Datanode 2cee2565-8d5e-44db-8b53-370c653dd1d2{ip: 192.168.151.66, host: pr-hdds-2162-v2v4x-1150571016, networkLocation: /default-rack, certSerialId: null} moved to stale state. Finalizing its pipelines [PipelineID=7fe3108e-6117-432b-9ec8-a4e0fdc4ca25, PipelineID=bad35c6b-a8b2-4a6f-8486-b9ee92f46194]
2019-09-24 21:57:46,877 [EventQueue-StaleNodeForStaleNodeHandler] INFO  pipeline.SCMPipelineManager (SCMPipelineManager.java:finalizeAndDestroyPipeline(315)) - destroying pipeline:Pipeline[ Id: 7fe3108e-6117-432b-9ec8-a4e0fdc4ca25, Nodes: f8e4e886-09f1-4d5b-90a2-da08b733ae04{ip: 192.168.151.66, host: pr-hdds-2162-v2v4x-1150571016, networkLocation: /default-rack, certSerialId: null}8f11d4e6-b202-4932-9b49-c0cc974c2946{ip: 192.168.151.66, host: pr-hdds-2162-v2v4x-1150571016, networkLocation: /default-rack, certSerialId: null}2cee2565-8d5e-44db-8b53-370c653dd1d2{ip: 192.168.151.66, host: pr-hdds-2162-v2v4x-1150571016, networkLocation: /default-rack, certSerialId: null}, Type:RATIS, Factor:THREE, State:OPEN]
2019-09-24 21:57:46,877 [EventQueue-StaleNodeForStaleNodeHandler] INFO  pipeline.PipelineStateManager (PipelineStateManager.java:finalizePipeline(123)) - Pipeline Pipeline[ Id: 7fe3108e-6117-432b-9ec8-a4e0fdc4ca25, Nodes: f8e4e886-09f1-4d5b-90a2-da08b733ae04{ip: 192.168.151.66, host: pr-hdds-2162-v2v4x-1150571016, networkLocation: /default-rack, certSerialId: null}8f11d4e6-b202-4932-9b49-c0cc974c2946{ip: 192.168.151.66, host: pr-hdds-2162-v2v4x-1150571016, networkLocation: /default-rack, certSerialId: null}2cee2565-8d5e-44db-8b53-370c653dd1d2{ip: 192.168.151.66, host: pr-hdds-2162-v2v4x-1150571016, networkLocation: /default-rack, certSerialId: null}, Type:RATIS, Factor:THREE, State:CLOSED] moved to CLOSED state
2019-09-24 21:57:46,878 [EventQueue-StaleNodeForStaleNodeHandler] INFO  pipeline.SCMPipelineManager (SCMPipelineManager.java:finalizeAndDestroyPipeline(315)) - destroying pipeline:Pipeline[ Id: bad35c6b-a8b2-4a6f-8486-b9ee92f46194, Nodes: 2cee2565-8d5e-44db-8b53-370c653dd1d2{ip: 192.168.151.66, host: pr-hdds-2162-v2v4x-1150571016, networkLocation: /default-rack, certSerialId: null}, Type:RATIS, Factor:ONE, State:OPEN]
2019-09-24 21:57:46,885 [EventQueue-StaleNodeForStaleNodeHandler] INFO  pipeline.PipelineStateManager (PipelineStateManager.java:finalizePipeline(123)) - Pipeline Pipeline[ Id: bad35c6b-a8b2-4a6f-8486-b9ee92f46194, Nodes: 2cee2565-8d5e-44db-8b53-370c653dd1d2{ip: 192.168.151.66, host: pr-hdds-2162-v2v4x-1150571016, networkLocation: /default-rack, certSerialId: null}, Type:RATIS, Factor:ONE, State:CLOSED] moved to CLOSED state
2019-09-24 21:57:46,892 [8f11d4e6-b202-4932-9b49-c0cc974c2946@group-450043C6B9B7:LeaderElection12] INFO  impl.LeaderElection (LogUtils.java:infoOrTrace(149)) - 8f11d4e6-b202-4932-9b49-c0cc974c2946@group-450043C6B9B7:LeaderElection12 got exception when requesting votes: {}
java.util.concurrent.ExecutionException: org.apache.ratis.thirdparty.io.grpc.StatusRuntimeException: UNAVAILABLE: io exception
	at java.util.concurrent.FutureTask.report(FutureTask.java:122)
	at java.util.concurrent.FutureTask.get(FutureTask.java:192)
	at org.apache.ratis.server.impl.LeaderElection.waitForResults(LeaderElection.java:263)
	at org.apache.ratis.server.impl.LeaderElection.askForVotes(LeaderElection.java:201)
	at org.apache.ratis.server.impl.LeaderElection.run(LeaderElection.java:133)
	at java.lang.Thread.run(Thread.java:748)
Caused by: org.apache.ratis.thirdparty.io.grpc.StatusRuntimeException: UNAVAILABLE: io exception
	at org.apache.ratis.thirdparty.io.grpc.stub.ClientCalls.toStatusRuntimeException(ClientCalls.java:233)
	at org.apache.ratis.thirdparty.io.grpc.stub.ClientCalls.getUnchecked(ClientCalls.java:214)
	at org.apache.ratis.thirdparty.io.grpc.stub.ClientCalls.blockingUnaryCall(ClientCalls.java:139)
	at org.apache.ratis.proto.grpc.RaftServerProtocolServiceGrpc$RaftServerProtocolServiceBlockingStub.requestVote(RaftServerProtocolServiceGrpc.java:265)
	at org.apache.ratis.grpc.server.GrpcServerProtocolClient.requestVote(GrpcServerProtocolClient.java:90)
	at org.apache.ratis.grpc.server.GrpcService.requestVote(GrpcService.java:204)
	at org.apache.ratis.server.impl.LeaderElection.lambda$submitRequests$1(LeaderElection.java:238)
	at java.util.concurrent.FutureTask.run(FutureTask.java:266)
	at java.util.concurrent.Executors$RunnableAdapter.call(Executors.java:511)
	at java.util.concurrent.FutureTask.run(FutureTask.java:266)
	at java.util.concurrent.ThreadPoolExecutor.runWorker(ThreadPoolExecutor.java:1149)
	at java.util.concurrent.ThreadPoolExecutor$Worker.run(ThreadPoolExecutor.java:624)
	... 1 more
Caused by: org.apache.ratis.thirdparty.io.netty.channel.AbstractChannel$AnnotatedConnectException: Connection refused: /192.168.151.66:41354
	at sun.nio.ch.SocketChannelImpl.checkConnect(Native Method)
	at sun.nio.ch.SocketChannelImpl.finishConnect(SocketChannelImpl.java:717)
	at org.apache.ratis.thirdparty.io.netty.channel.socket.nio.NioSocketChannel.doFinishConnect(NioSocketChannel.java:327)
	at org.apache.ratis.thirdparty.io.netty.channel.nio.AbstractNioChannel$AbstractNioUnsafe.finishConnect(AbstractNioChannel.java:340)
	at org.apache.ratis.thirdparty.io.netty.channel.nio.NioEventLoop.processSelectedKey(NioEventLoop.java:632)
	at org.apache.ratis.thirdparty.io.netty.channel.nio.NioEventLoop.processSelectedKeysOptimized(NioEventLoop.java:579)
	at org.apache.ratis.thirdparty.io.netty.channel.nio.NioEventLoop.processSelectedKeys(NioEventLoop.java:496)
	at org.apache.ratis.thirdparty.io.netty.channel.nio.NioEventLoop.run(NioEventLoop.java:458)
	at org.apache.ratis.thirdparty.io.netty.util.concurrent.SingleThreadEventExecutor$5.run(SingleThreadEventExecutor.java:897)
	at org.apache.ratis.thirdparty.io.netty.util.concurrent.FastThreadLocalRunnable.run(FastThreadLocalRunnable.java:30)
	... 1 more
Caused by: java.net.ConnectException: Connection refused
	... 11 more
2019-09-24 21:57:46,895 [8f11d4e6-b202-4932-9b49-c0cc974c2946@group-450043C6B9B7:LeaderElection12] INFO  impl.LeaderElection (LeaderElection.java:logAndReturn(56)) - 8f11d4e6-b202-4932-9b49-c0cc974c2946@group-450043C6B9B7:LeaderElection12: Election PASSED; received 1 response(s) [8f11d4e6-b202-4932-9b49-c0cc974c2946<-f8e4e886-09f1-4d5b-90a2-da08b733ae04#0:OK-t2] and 1 exception(s); 8f11d4e6-b202-4932-9b49-c0cc974c2946@group-450043C6B9B7:t2, leader=null, voted=8f11d4e6-b202-4932-9b49-c0cc974c2946, raftlog=8f11d4e6-b202-4932-9b49-c0cc974c2946@group-450043C6B9B7-SegmentedRaftLog:OPENED:c0,f0,i0, conf=0: [8f11d4e6-b202-4932-9b49-c0cc974c2946:192.168.151.66:39215, a48fc246-bdf6-4f8b-914f-d1887677d859:192.168.151.66:41354, f8e4e886-09f1-4d5b-90a2-da08b733ae04:192.168.151.66:33172], old=null
2019-09-24 21:57:46,895 [8f11d4e6-b202-4932-9b49-c0cc974c2946@group-450043C6B9B7:LeaderElection12] INFO  impl.LeaderElection (LogUtils.java:infoOrTrace(149)) -   Exception 0: {}
java.util.concurrent.ExecutionException: org.apache.ratis.thirdparty.io.grpc.StatusRuntimeException: UNAVAILABLE: io exception
	at java.util.concurrent.FutureTask.report(FutureTask.java:122)
	at java.util.concurrent.FutureTask.get(FutureTask.java:192)
	at org.apache.ratis.server.impl.LeaderElection.waitForResults(LeaderElection.java:263)
	at org.apache.ratis.server.impl.LeaderElection.askForVotes(LeaderElection.java:201)
	at org.apache.ratis.server.impl.LeaderElection.run(LeaderElection.java:133)
	at java.lang.Thread.run(Thread.java:748)
Caused by: org.apache.ratis.thirdparty.io.grpc.StatusRuntimeException: UNAVAILABLE: io exception
	at org.apache.ratis.thirdparty.io.grpc.stub.ClientCalls.toStatusRuntimeException(ClientCalls.java:233)
	at org.apache.ratis.thirdparty.io.grpc.stub.ClientCalls.getUnchecked(ClientCalls.java:214)
	at org.apache.ratis.thirdparty.io.grpc.stub.ClientCalls.blockingUnaryCall(ClientCalls.java:139)
	at org.apache.ratis.proto.grpc.RaftServerProtocolServiceGrpc$RaftServerProtocolServiceBlockingStub.requestVote(RaftServerProtocolServiceGrpc.java:265)
	at org.apache.ratis.grpc.server.GrpcServerProtocolClient.requestVote(GrpcServerProtocolClient.java:90)
	at org.apache.ratis.grpc.server.GrpcService.requestVote(GrpcService.java:204)
	at org.apache.ratis.server.impl.LeaderElection.lambda$submitRequests$1(LeaderElection.java:238)
	at java.util.concurrent.FutureTask.run(FutureTask.java:266)
	at java.util.concurrent.Executors$RunnableAdapter.call(Executors.java:511)
	at java.util.concurrent.FutureTask.run(FutureTask.java:266)
	at java.util.concurrent.ThreadPoolExecutor.runWorker(ThreadPoolExecutor.java:1149)
	at java.util.concurrent.ThreadPoolExecutor$Worker.run(ThreadPoolExecutor.java:624)
	... 1 more
Caused by: org.apache.ratis.thirdparty.io.netty.channel.AbstractChannel$AnnotatedConnectException: Connection refused: /192.168.151.66:41354
	at sun.nio.ch.SocketChannelImpl.checkConnect(Native Method)
	at sun.nio.ch.SocketChannelImpl.finishConnect(SocketChannelImpl.java:717)
	at org.apache.ratis.thirdparty.io.netty.channel.socket.nio.NioSocketChannel.doFinishConnect(NioSocketChannel.java:327)
	at org.apache.ratis.thirdparty.io.netty.channel.nio.AbstractNioChannel$AbstractNioUnsafe.finishConnect(AbstractNioChannel.java:340)
	at org.apache.ratis.thirdparty.io.netty.channel.nio.NioEventLoop.processSelectedKey(NioEventLoop.java:632)
	at org.apache.ratis.thirdparty.io.netty.channel.nio.NioEventLoop.processSelectedKeysOptimized(NioEventLoop.java:579)
	at org.apache.ratis.thirdparty.io.netty.channel.nio.NioEventLoop.processSelectedKeys(NioEventLoop.java:496)
	at org.apache.ratis.thirdparty.io.netty.channel.nio.NioEventLoop.run(NioEventLoop.java:458)
	at org.apache.ratis.thirdparty.io.netty.util.concurrent.SingleThreadEventExecutor$5.run(SingleThreadEventExecutor.java:897)
	at org.apache.ratis.thirdparty.io.netty.util.concurrent.FastThreadLocalRunnable.run(FastThreadLocalRunnable.java:30)
	... 1 more
Caused by: java.net.ConnectException: Connection refused
	... 11 more
2019-09-24 21:57:46,896 [8f11d4e6-b202-4932-9b49-c0cc974c2946@group-450043C6B9B7:LeaderElection12] INFO  impl.RoleInfo (RoleInfo.java:shutdownLeaderElection(134)) - 8f11d4e6-b202-4932-9b49-c0cc974c2946: shutdown LeaderElection
2019-09-24 21:57:46,897 [8f11d4e6-b202-4932-9b49-c0cc974c2946@group-450043C6B9B7:LeaderElection12] INFO  impl.RaftServerImpl (RaftServerImpl.java:setRole(174)) - 8f11d4e6-b202-4932-9b49-c0cc974c2946@group-450043C6B9B7: changes role from CANDIDATE to LEADER at term 2 for changeToLeader
2019-09-24 21:57:46,897 [8f11d4e6-b202-4932-9b49-c0cc974c2946@group-450043C6B9B7:LeaderElection12] INFO  impl.RaftServerImpl (ServerState.java:setLeader(253)) - 8f11d4e6-b202-4932-9b49-c0cc974c2946@group-450043C6B9B7: change Leader from null to 8f11d4e6-b202-4932-9b49-c0cc974c2946 at term 2 for becomeLeader, leader elected after 423ms
2019-09-24 21:57:46,897 [8f11d4e6-b202-4932-9b49-c0cc974c2946@group-450043C6B9B7:LeaderElection12] INFO  server.RaftServerConfigKeys (ConfUtils.java:logGet(43)) - raft.server.staging.catchup.gap = 1000 (default)
2019-09-24 21:57:46,897 [8f11d4e6-b202-4932-9b49-c0cc974c2946@group-450043C6B9B7:LeaderElection12] INFO  server.RaftServerConfigKeys (ConfUtils.java:logGet(43)) - raft.server.rpc.sleep.time = 25ms (default)
2019-09-24 21:57:46,897 [8f11d4e6-b202-4932-9b49-c0cc974c2946@group-450043C6B9B7:LeaderElection12] INFO  server.RaftServerConfigKeys (ConfUtils.java:logGet(43)) - raft.server.write.element-limit = 4096 (default)
2019-09-24 21:57:46,898 [8f11d4e6-b202-4932-9b49-c0cc974c2946@group-450043C6B9B7:LeaderElection12] INFO  server.RaftServerConfigKeys (ConfUtils.java:logGet(43)) - raft.server.watch.timeout = 10s (default)
2019-09-24 21:57:46,898 [8f11d4e6-b202-4932-9b49-c0cc974c2946@group-450043C6B9B7:LeaderElection12] INFO  server.RaftServerConfigKeys (ConfUtils.java:logGet(43)) - raft.server.watch.timeout.denomination = 1s (default)
2019-09-24 21:57:46,898 [8f11d4e6-b202-4932-9b49-c0cc974c2946@group-450043C6B9B7:LeaderElection12] INFO  server.RaftServerConfigKeys (ConfUtils.java:logGet(43)) - raft.server.watch.element-limit = 65536 (default)
2019-09-24 21:57:46,900 [8f11d4e6-b202-4932-9b49-c0cc974c2946@group-450043C6B9B7:LeaderElection12] INFO  server.RaftServerConfigKeys (ConfUtils.java:logGet(43)) - raft.server.log.appender.snapshot.chunk.size.max = 16MB (=16777216) (default)
2019-09-24 21:57:46,900 [8f11d4e6-b202-4932-9b49-c0cc974c2946@group-450043C6B9B7:LeaderElection12] INFO  server.RaftServerConfigKeys (ConfUtils.java:logGet(43)) - raft.server.log.appender.buffer.byte-limit = 33554432 (custom)
2019-09-24 21:57:46,900 [8f11d4e6-b202-4932-9b49-c0cc974c2946@group-450043C6B9B7:LeaderElection12] INFO  server.RaftServerConfigKeys (ConfUtils.java:logGet(43)) - raft.server.log.appender.buffer.element-limit = 1 (custom)
2019-09-24 21:57:46,900 [8f11d4e6-b202-4932-9b49-c0cc974c2946@group-450043C6B9B7:LeaderElection12] INFO  grpc.GrpcConfigKeys$Server (ConfUtils.java:logGet(43)) - raft.grpc.server.leader.outstanding.appends.max = 128 (default)
2019-09-24 21:57:46,901 [8f11d4e6-b202-4932-9b49-c0cc974c2946@group-450043C6B9B7:LeaderElection12] INFO  server.RaftServerConfigKeys (ConfUtils.java:logGet(43)) - raft.server.rpc.request.timeout = 3000ms (default)
2019-09-24 21:57:46,901 [8f11d4e6-b202-4932-9b49-c0cc974c2946@group-450043C6B9B7:LeaderElection12] INFO  server.RaftServerConfigKeys (ConfUtils.java:logGet(43)) - raft.server.log.appender.install.snapshot.enabled = false (custom)
2019-09-24 21:57:46,901 [8f11d4e6-b202-4932-9b49-c0cc974c2946@group-450043C6B9B7:LeaderElection12] INFO  server.RaftServerConfigKeys (ConfUtils.java:logGet(43)) - raft.server.log.appender.snapshot.chunk.size.max = 16MB (=16777216) (default)
2019-09-24 21:57:46,901 [8f11d4e6-b202-4932-9b49-c0cc974c2946@group-450043C6B9B7:LeaderElection12] INFO  server.RaftServerConfigKeys (ConfUtils.java:logGet(43)) - raft.server.log.appender.buffer.byte-limit = 33554432 (custom)
2019-09-24 21:57:46,901 [8f11d4e6-b202-4932-9b49-c0cc974c2946@group-450043C6B9B7:LeaderElection12] INFO  server.RaftServerConfigKeys (ConfUtils.java:logGet(43)) - raft.server.log.appender.buffer.element-limit = 1 (custom)
2019-09-24 21:57:46,901 [8f11d4e6-b202-4932-9b49-c0cc974c2946@group-450043C6B9B7:LeaderElection12] INFO  grpc.GrpcConfigKeys$Server (ConfUtils.java:logGet(43)) - raft.grpc.server.leader.outstanding.appends.max = 128 (default)
2019-09-24 21:57:46,901 [8f11d4e6-b202-4932-9b49-c0cc974c2946@group-450043C6B9B7:LeaderElection12] INFO  server.RaftServerConfigKeys (ConfUtils.java:logGet(43)) - raft.server.rpc.request.timeout = 3000ms (default)
2019-09-24 21:57:46,901 [8f11d4e6-b202-4932-9b49-c0cc974c2946@group-450043C6B9B7:LeaderElection12] INFO  server.RaftServerConfigKeys (ConfUtils.java:logGet(43)) - raft.server.log.appender.install.snapshot.enabled = false (custom)
2019-09-24 21:57:46,902 [8f11d4e6-b202-4932-9b49-c0cc974c2946@group-450043C6B9B7:LeaderElection12] INFO  impl.RoleInfo (RoleInfo.java:updateAndGet(143)) - 8f11d4e6-b202-4932-9b49-c0cc974c2946: start LeaderState
2019-09-24 21:57:46,902 [8f11d4e6-b202-4932-9b49-c0cc974c2946@group-450043C6B9B7:LeaderElection12] INFO  segmented.SegmentedRaftLogWorker (SegmentedRaftLogWorker.java:rollLogSegment(385)) - 8f11d4e6-b202-4932-9b49-c0cc974c2946@group-450043C6B9B7-SegmentedRaftLogWorker: Rolling segment log-0_0 to index:0
2019-09-24 21:57:46,904 [8f11d4e6-b202-4932-9b49-c0cc974c2946@group-450043C6B9B7-SegmentedRaftLogWorker] INFO  segmented.SegmentedRaftLogWorker (SegmentedRaftLogWorker.java:execute(526)) - 8f11d4e6-b202-4932-9b49-c0cc974c2946@group-450043C6B9B7-SegmentedRaftLogWorker: Rolled log segment from /workdir/hadoop-ozone/integration-test/target/test-dir/MiniOzoneClusterImpl-23172438-10ff-4859-aa33-e6eea658d734/datanode-5/data/ratis/61166891-a3cc-4c31-a7ed-450043c6b9b7/current/log_inprogress_0 to /workdir/hadoop-ozone/integration-test/target/test-dir/MiniOzoneClusterImpl-23172438-10ff-4859-aa33-e6eea658d734/datanode-5/data/ratis/61166891-a3cc-4c31-a7ed-450043c6b9b7/current/log_0-0
2019-09-24 21:57:46,907 [8f11d4e6-b202-4932-9b49-c0cc974c2946@group-450043C6B9B7:LeaderElection12] INFO  impl.RaftServerImpl (ServerState.java:setRaftConf(354)) - 8f11d4e6-b202-4932-9b49-c0cc974c2946@group-450043C6B9B7: set configuration 1: [8f11d4e6-b202-4932-9b49-c0cc974c2946:192.168.151.66:39215, a48fc246-bdf6-4f8b-914f-d1887677d859:192.168.151.66:41354, f8e4e886-09f1-4d5b-90a2-da08b733ae04:192.168.151.66:33172], old=null at 1
2019-09-24 21:57:46,918 [grpc-default-executor-4] WARN  server.GrpcLogAppender (LogUtils.java:warn(134)) - 8f11d4e6-b202-4932-9b49-c0cc974c2946@group-450043C6B9B7->a48fc246-bdf6-4f8b-914f-d1887677d859-AppendLogResponseHandler: Failed appendEntries: org.apache.ratis.thirdparty.io.grpc.StatusRuntimeException: UNAVAILABLE: io exception
2019-09-24 21:57:46,921 [grpc-default-executor-4] INFO  impl.FollowerInfo (FollowerInfo.java:lambda$new$0(51)) - 8f11d4e6-b202-4932-9b49-c0cc974c2946@group-450043C6B9B7->a48fc246-bdf6-4f8b-914f-d1887677d859: nextIndex: updateUnconditionally 1 -> 0
2019-09-24 21:57:46,921 [grpc-default-executor-0] INFO  impl.RaftServerImpl (ServerState.java:setLeader(253)) - f8e4e886-09f1-4d5b-90a2-da08b733ae04@group-450043C6B9B7: change Leader from null to 8f11d4e6-b202-4932-9b49-c0cc974c2946 at term 2 for appendEntries, leader elected after 428ms
2019-09-24 21:57:46,926 [grpc-default-executor-0] INFO  impl.RaftServerImpl (ServerState.java:setRaftConf(354)) - f8e4e886-09f1-4d5b-90a2-da08b733ae04@group-450043C6B9B7: set configuration 1: [8f11d4e6-b202-4932-9b49-c0cc974c2946:192.168.151.66:39215, a48fc246-bdf6-4f8b-914f-d1887677d859:192.168.151.66:41354, f8e4e886-09f1-4d5b-90a2-da08b733ae04:192.168.151.66:33172], old=null at 1
2019-09-24 21:57:46,926 [grpc-default-executor-0] INFO  segmented.SegmentedRaftLogWorker (SegmentedRaftLogWorker.java:rollLogSegment(385)) - f8e4e886-09f1-4d5b-90a2-da08b733ae04@group-450043C6B9B7-SegmentedRaftLogWorker: Rolling segment log-0_0 to index:0
2019-09-24 21:57:46,927 [f8e4e886-09f1-4d5b-90a2-da08b733ae04@group-450043C6B9B7-SegmentedRaftLogWorker] INFO  segmented.SegmentedRaftLogWorker (SegmentedRaftLogWorker.java:execute(526)) - f8e4e886-09f1-4d5b-90a2-da08b733ae04@group-450043C6B9B7-SegmentedRaftLogWorker: Rolled log segment from /workdir/hadoop-ozone/integration-test/target/test-dir/MiniOzoneClusterImpl-23172438-10ff-4859-aa33-e6eea658d734/datanode-0/data/ratis/61166891-a3cc-4c31-a7ed-450043c6b9b7/current/log_inprogress_0 to /workdir/hadoop-ozone/integration-test/target/test-dir/MiniOzoneClusterImpl-23172438-10ff-4859-aa33-e6eea658d734/datanode-0/data/ratis/61166891-a3cc-4c31-a7ed-450043c6b9b7/current/log_0-0
2019-09-24 21:57:46,942 [8f11d4e6-b202-4932-9b49-c0cc974c2946@group-450043C6B9B7-SegmentedRaftLogWorker] INFO  segmented.SegmentedRaftLogWorker (SegmentedRaftLogWorker.java:execute(569)) - 8f11d4e6-b202-4932-9b49-c0cc974c2946@group-450043C6B9B7-SegmentedRaftLogWorker: created new log segment /workdir/hadoop-ozone/integration-test/target/test-dir/MiniOzoneClusterImpl-23172438-10ff-4859-aa33-e6eea658d734/datanode-5/data/ratis/61166891-a3cc-4c31-a7ed-450043c6b9b7/current/log_inprogress_1
2019-09-24 21:57:46,944 [f8e4e886-09f1-4d5b-90a2-da08b733ae04@group-450043C6B9B7-SegmentedRaftLogWorker] INFO  segmented.SegmentedRaftLogWorker (SegmentedRaftLogWorker.java:execute(569)) - f8e4e886-09f1-4d5b-90a2-da08b733ae04@group-450043C6B9B7-SegmentedRaftLogWorker: created new log segment /workdir/hadoop-ozone/integration-test/target/test-dir/MiniOzoneClusterImpl-23172438-10ff-4859-aa33-e6eea658d734/datanode-0/data/ratis/61166891-a3cc-4c31-a7ed-450043c6b9b7/current/log_inprogress_1
2019-09-24 21:57:46,968 [grpc-default-executor-2] WARN  server.GrpcLogAppender (LogUtils.java:warn(134)) - 8f11d4e6-b202-4932-9b49-c0cc974c2946@group-450043C6B9B7->a48fc246-bdf6-4f8b-914f-d1887677d859-AppendLogResponseHandler: Failed appendEntries: org.apache.ratis.thirdparty.io.grpc.StatusRuntimeException: UNAVAILABLE: io exception
2019-09-24 21:57:46,969 [grpc-default-executor-2] INFO  impl.FollowerInfo (FollowerInfo.java:lambda$new$0(51)) - 8f11d4e6-b202-4932-9b49-c0cc974c2946@group-450043C6B9B7->a48fc246-bdf6-4f8b-914f-d1887677d859: nextIndex: updateUnconditionally 1 -> 0
2019-09-24 21:57:46,976 [grpc-default-executor-0] WARN  server.GrpcLogAppender (LogUtils.java:warn(134)) - 8f11d4e6-b202-4932-9b49-c0cc974c2946@group-450043C6B9B7->a48fc246-bdf6-4f8b-914f-d1887677d859-AppendLogResponseHandler: Failed appendEntries: org.apache.ratis.thirdparty.io.grpc.StatusRuntimeException: UNAVAILABLE: io exception
2019-09-24 21:57:46,977 [grpc-default-executor-0] INFO  impl.FollowerInfo (FollowerInfo.java:lambda$new$0(51)) - 8f11d4e6-b202-4932-9b49-c0cc974c2946@group-450043C6B9B7->a48fc246-bdf6-4f8b-914f-d1887677d859: nextIndex: updateUnconditionally 1 -> 0
2019-09-24 21:57:47,378 [EventQueue-StaleNodeForStaleNodeHandler] INFO  node.StaleNodeHandler (StaleNodeHandler.java:onMessage(58)) - Datanode f8e4e886-09f1-4d5b-90a2-da08b733ae04{ip: 192.168.151.66, host: pr-hdds-2162-v2v4x-1150571016, networkLocation: /default-rack, certSerialId: null} moved to stale state. Finalizing its pipelines [PipelineID=20f97456-dca2-41a6-a726-b553dfee5372, PipelineID=61166891-a3cc-4c31-a7ed-450043c6b9b7, PipelineID=7fe3108e-6117-432b-9ec8-a4e0fdc4ca25]
2019-09-24 21:57:47,378 [EventQueue-StaleNodeForStaleNodeHandler] INFO  pipeline.SCMPipelineManager (SCMPipelineManager.java:finalizeAndDestroyPipeline(315)) - destroying pipeline:Pipeline[ Id: 20f97456-dca2-41a6-a726-b553dfee5372, Nodes: f8e4e886-09f1-4d5b-90a2-da08b733ae04{ip: 192.168.151.66, host: pr-hdds-2162-v2v4x-1150571016, networkLocation: /default-rack, certSerialId: null}, Type:RATIS, Factor:ONE, State:OPEN]
2019-09-24 21:57:47,378 [EventQueue-StaleNodeForStaleNodeHandler] INFO  pipeline.PipelineStateManager (PipelineStateManager.java:finalizePipeline(123)) - Pipeline Pipeline[ Id: 20f97456-dca2-41a6-a726-b553dfee5372, Nodes: f8e4e886-09f1-4d5b-90a2-da08b733ae04{ip: 192.168.151.66, host: pr-hdds-2162-v2v4x-1150571016, networkLocation: /default-rack, certSerialId: null}, Type:RATIS, Factor:ONE, State:CLOSED] moved to CLOSED state
2019-09-24 21:57:47,379 [EventQueue-StaleNodeForStaleNodeHandler] INFO  pipeline.SCMPipelineManager (SCMPipelineManager.java:finalizeAndDestroyPipeline(315)) - destroying pipeline:Pipeline[ Id: 61166891-a3cc-4c31-a7ed-450043c6b9b7, Nodes: f8e4e886-09f1-4d5b-90a2-da08b733ae04{ip: 192.168.151.66, host: pr-hdds-2162-v2v4x-1150571016, networkLocation: /default-rack, certSerialId: null}8f11d4e6-b202-4932-9b49-c0cc974c2946{ip: 192.168.151.66, host: pr-hdds-2162-v2v4x-1150571016, networkLocation: /default-rack, certSerialId: null}a48fc246-bdf6-4f8b-914f-d1887677d859{ip: 192.168.151.66, host: pr-hdds-2162-v2v4x-1150571016, networkLocation: /default-rack, certSerialId: null}, Type:RATIS, Factor:THREE, State:CLOSED]
2019-09-24 21:57:47,379 [EventQueue-StaleNodeForStaleNodeHandler] INFO  pipeline.SCMPipelineManager (SCMPipelineManager.java:finalizeAndDestroyPipeline(315)) - destroying pipeline:Pipeline[ Id: 7fe3108e-6117-432b-9ec8-a4e0fdc4ca25, Nodes: f8e4e886-09f1-4d5b-90a2-da08b733ae04{ip: 192.168.151.66, host: pr-hdds-2162-v2v4x-1150571016, networkLocation: /default-rack, certSerialId: null}8f11d4e6-b202-4932-9b49-c0cc974c2946{ip: 192.168.151.66, host: pr-hdds-2162-v2v4x-1150571016, networkLocation: /default-rack, certSerialId: null}2cee2565-8d5e-44db-8b53-370c653dd1d2{ip: 192.168.151.66, host: pr-hdds-2162-v2v4x-1150571016, networkLocation: /default-rack, certSerialId: null}, Type:RATIS, Factor:THREE, State:CLOSED]
2019-09-24 21:57:49,059 [Thread-529] INFO  impl.FollowerState (FollowerState.java:run(106)) - f8e4e886-09f1-4d5b-90a2-da08b733ae04:group-A4E0FDC4CA25 changes to CANDIDATE, lastRpcTime:5000, electionTimeout:5000ms
2019-09-24 21:57:49,061 [Thread-529] INFO  impl.RoleInfo (RoleInfo.java:shutdownFollowerState(121)) - f8e4e886-09f1-4d5b-90a2-da08b733ae04: shutdown FollowerState
2019-09-24 21:57:49,061 [Thread-529] INFO  impl.RaftServerImpl (RaftServerImpl.java:setRole(174)) - f8e4e886-09f1-4d5b-90a2-da08b733ae04@group-A4E0FDC4CA25: changes role from  FOLLOWER to CANDIDATE at term 0 for changeToCandidate
2019-09-24 21:57:49,061 [Thread-529] INFO  impl.RoleInfo (RoleInfo.java:updateAndGet(143)) - f8e4e886-09f1-4d5b-90a2-da08b733ae04: start LeaderElection
2019-09-24 21:57:49,077 [f8e4e886-09f1-4d5b-90a2-da08b733ae04@group-A4E0FDC4CA25:LeaderElection13] INFO  impl.LeaderElection (LeaderElection.java:askForVotes(182)) - f8e4e886-09f1-4d5b-90a2-da08b733ae04@group-A4E0FDC4CA25:LeaderElection13: begin an election at term 1 for -1: [8f11d4e6-b202-4932-9b49-c0cc974c2946:192.168.151.66:39215, 2cee2565-8d5e-44db-8b53-370c653dd1d2:192.168.151.66:45133, f8e4e886-09f1-4d5b-90a2-da08b733ae04:192.168.151.66:33172], old=null
2019-09-24 21:57:49,090 [grpc-default-executor-2] INFO  impl.RaftServerImpl (RaftServerImpl.java:setRole(174)) - 2cee2565-8d5e-44db-8b53-370c653dd1d2@group-A4E0FDC4CA25: changes role from  FOLLOWER to FOLLOWER at term 1 for recognizeCandidate:f8e4e886-09f1-4d5b-90a2-da08b733ae04
2019-09-24 21:57:49,090 [grpc-default-executor-0] INFO  impl.RaftServerImpl (RaftServerImpl.java:setRole(174)) - 8f11d4e6-b202-4932-9b49-c0cc974c2946@group-A4E0FDC4CA25: changes role from  FOLLOWER to FOLLOWER at term 1 for recognizeCandidate:f8e4e886-09f1-4d5b-90a2-da08b733ae04
2019-09-24 21:57:49,091 [grpc-default-executor-2] INFO  impl.RoleInfo (RoleInfo.java:shutdownFollowerState(121)) - 2cee2565-8d5e-44db-8b53-370c653dd1d2: shutdown FollowerState
2019-09-24 21:57:49,091 [grpc-default-executor-0] INFO  impl.RoleInfo (RoleInfo.java:shutdownFollowerState(121)) - 8f11d4e6-b202-4932-9b49-c0cc974c2946: shutdown FollowerState
2019-09-24 21:57:49,091 [Thread-527] INFO  impl.FollowerState (FollowerState.java:run(115)) - 2cee2565-8d5e-44db-8b53-370c653dd1d2: FollowerState was interrupted: java.lang.InterruptedException: sleep interrupted
2019-09-24 21:57:49,091 [grpc-default-executor-2] INFO  impl.RoleInfo (RoleInfo.java:updateAndGet(143)) - 2cee2565-8d5e-44db-8b53-370c653dd1d2: start FollowerState
2019-09-24 21:57:49,091 [Thread-530] INFO  impl.FollowerState (FollowerState.java:run(115)) - 8f11d4e6-b202-4932-9b49-c0cc974c2946: FollowerState was interrupted: java.lang.InterruptedException: sleep interrupted
2019-09-24 21:57:49,091 [grpc-default-executor-0] INFO  impl.RoleInfo (RoleInfo.java:updateAndGet(143)) - 8f11d4e6-b202-4932-9b49-c0cc974c2946: start FollowerState
2019-09-24 21:57:49,115 [f8e4e886-09f1-4d5b-90a2-da08b733ae04@group-A4E0FDC4CA25:LeaderElection13] INFO  impl.LeaderElection (LeaderElection.java:logAndReturn(56)) - f8e4e886-09f1-4d5b-90a2-da08b733ae04@group-A4E0FDC4CA25:LeaderElection13: Election PASSED; received 1 response(s) [f8e4e886-09f1-4d5b-90a2-da08b733ae04<-2cee2565-8d5e-44db-8b53-370c653dd1d2#0:OK-t1] and 0 exception(s); f8e4e886-09f1-4d5b-90a2-da08b733ae04@group-A4E0FDC4CA25:t1, leader=null, voted=f8e4e886-09f1-4d5b-90a2-da08b733ae04, raftlog=f8e4e886-09f1-4d5b-90a2-da08b733ae04@group-A4E0FDC4CA25-SegmentedRaftLog:OPENED:c-1,f-1,i0, conf=-1: [8f11d4e6-b202-4932-9b49-c0cc974c2946:192.168.151.66:39215, 2cee2565-8d5e-44db-8b53-370c653dd1d2:192.168.151.66:45133, f8e4e886-09f1-4d5b-90a2-da08b733ae04:192.168.151.66:33172], old=null
2019-09-24 21:57:49,115 [f8e4e886-09f1-4d5b-90a2-da08b733ae04@group-A4E0FDC4CA25:LeaderElection13] INFO  impl.RoleInfo (RoleInfo.java:shutdownLeaderElection(134)) - f8e4e886-09f1-4d5b-90a2-da08b733ae04: shutdown LeaderElection
2019-09-24 21:57:49,116 [f8e4e886-09f1-4d5b-90a2-da08b733ae04@group-A4E0FDC4CA25:LeaderElection13] INFO  impl.RaftServerImpl (RaftServerImpl.java:setRole(174)) - f8e4e886-09f1-4d5b-90a2-da08b733ae04@group-A4E0FDC4CA25: changes role from CANDIDATE to LEADER at term 1 for changeToLeader
2019-09-24 21:57:49,116 [f8e4e886-09f1-4d5b-90a2-da08b733ae04@group-A4E0FDC4CA25:LeaderElection13] INFO  impl.RaftServerImpl (ServerState.java:setLeader(253)) - f8e4e886-09f1-4d5b-90a2-da08b733ae04@group-A4E0FDC4CA25: change Leader from null to f8e4e886-09f1-4d5b-90a2-da08b733ae04 at term 1 for becomeLeader, leader elected after 5070ms
2019-09-24 21:57:49,116 [f8e4e886-09f1-4d5b-90a2-da08b733ae04@group-A4E0FDC4CA25:LeaderElection13] INFO  server.RaftServerConfigKeys (ConfUtils.java:logGet(43)) - raft.server.staging.catchup.gap = 1000 (default)
2019-09-24 21:57:49,116 [f8e4e886-09f1-4d5b-90a2-da08b733ae04@group-A4E0FDC4CA25:LeaderElection13] INFO  server.RaftServerConfigKeys (ConfUtils.java:logGet(43)) - raft.server.rpc.sleep.time = 25ms (default)
2019-09-24 21:57:49,117 [f8e4e886-09f1-4d5b-90a2-da08b733ae04@group-A4E0FDC4CA25:LeaderElection13] INFO  server.RaftServerConfigKeys (ConfUtils.java:logGet(43)) - raft.server.write.element-limit = 4096 (default)
2019-09-24 21:57:49,117 [f8e4e886-09f1-4d5b-90a2-da08b733ae04@group-A4E0FDC4CA25:LeaderElection13] INFO  server.RaftServerConfigKeys (ConfUtils.java:logGet(43)) - raft.server.watch.timeout = 10s (default)
2019-09-24 21:57:49,117 [f8e4e886-09f1-4d5b-90a2-da08b733ae04@group-A4E0FDC4CA25:LeaderElection13] INFO  server.RaftServerConfigKeys (ConfUtils.java:logGet(43)) - raft.server.watch.timeout.denomination = 1s (default)
2019-09-24 21:57:49,117 [f8e4e886-09f1-4d5b-90a2-da08b733ae04@group-A4E0FDC4CA25:LeaderElection13] INFO  server.RaftServerConfigKeys (ConfUtils.java:logGet(43)) - raft.server.watch.element-limit = 65536 (default)
2019-09-24 21:57:49,119 [f8e4e886-09f1-4d5b-90a2-da08b733ae04@group-A4E0FDC4CA25:LeaderElection13] INFO  server.RaftServerConfigKeys (ConfUtils.java:logGet(43)) - raft.server.log.appender.snapshot.chunk.size.max = 16MB (=16777216) (default)
2019-09-24 21:57:49,119 [f8e4e886-09f1-4d5b-90a2-da08b733ae04@group-A4E0FDC4CA25:LeaderElection13] INFO  server.RaftServerConfigKeys (ConfUtils.java:logGet(43)) - raft.server.log.appender.buffer.byte-limit = 33554432 (custom)
2019-09-24 21:57:49,120 [f8e4e886-09f1-4d5b-90a2-da08b733ae04@group-A4E0FDC4CA25:LeaderElection13] INFO  server.RaftServerConfigKeys (ConfUtils.java:logGet(43)) - raft.server.log.appender.buffer.element-limit = 1 (custom)
2019-09-24 21:57:49,120 [f8e4e886-09f1-4d5b-90a2-da08b733ae04@group-A4E0FDC4CA25:LeaderElection13] INFO  grpc.GrpcConfigKeys$Server (ConfUtils.java:logGet(43)) - raft.grpc.server.leader.outstanding.appends.max = 128 (default)
2019-09-24 21:57:49,120 [f8e4e886-09f1-4d5b-90a2-da08b733ae04@group-A4E0FDC4CA25:LeaderElection13] INFO  server.RaftServerConfigKeys (ConfUtils.java:logGet(43)) - raft.server.rpc.request.timeout = 3000ms (default)
2019-09-24 21:57:49,120 [f8e4e886-09f1-4d5b-90a2-da08b733ae04@group-A4E0FDC4CA25:LeaderElection13] INFO  server.RaftServerConfigKeys (ConfUtils.java:logGet(43)) - raft.server.log.appender.install.snapshot.enabled = false (custom)
2019-09-24 21:57:49,120 [f8e4e886-09f1-4d5b-90a2-da08b733ae04@group-A4E0FDC4CA25:LeaderElection13] INFO  server.RaftServerConfigKeys (ConfUtils.java:logGet(43)) - raft.server.log.appender.snapshot.chunk.size.max = 16MB (=16777216) (default)
2019-09-24 21:57:49,120 [f8e4e886-09f1-4d5b-90a2-da08b733ae04@group-A4E0FDC4CA25:LeaderElection13] INFO  server.RaftServerConfigKeys (ConfUtils.java:logGet(43)) - raft.server.log.appender.buffer.byte-limit = 33554432 (custom)
2019-09-24 21:57:49,121 [f8e4e886-09f1-4d5b-90a2-da08b733ae04@group-A4E0FDC4CA25:LeaderElection13] INFO  server.RaftServerConfigKeys (ConfUtils.java:logGet(43)) - raft.server.log.appender.buffer.element-limit = 1 (custom)
2019-09-24 21:57:49,121 [f8e4e886-09f1-4d5b-90a2-da08b733ae04@group-A4E0FDC4CA25:LeaderElection13] INFO  grpc.GrpcConfigKeys$Server (ConfUtils.java:logGet(43)) - raft.grpc.server.leader.outstanding.appends.max = 128 (default)
2019-09-24 21:57:49,121 [f8e4e886-09f1-4d5b-90a2-da08b733ae04@group-A4E0FDC4CA25:LeaderElection13] INFO  server.RaftServerConfigKeys (ConfUtils.java:logGet(43)) - raft.server.rpc.request.timeout = 3000ms (default)
2019-09-24 21:57:49,121 [f8e4e886-09f1-4d5b-90a2-da08b733ae04@group-A4E0FDC4CA25:LeaderElection13] INFO  server.RaftServerConfigKeys (ConfUtils.java:logGet(43)) - raft.server.log.appender.install.snapshot.enabled = false (custom)
2019-09-24 21:57:49,121 [f8e4e886-09f1-4d5b-90a2-da08b733ae04@group-A4E0FDC4CA25:LeaderElection13] INFO  impl.RoleInfo (RoleInfo.java:updateAndGet(143)) - f8e4e886-09f1-4d5b-90a2-da08b733ae04: start LeaderState
2019-09-24 21:57:49,122 [f8e4e886-09f1-4d5b-90a2-da08b733ae04@group-A4E0FDC4CA25:LeaderElection13] INFO  segmented.SegmentedRaftLogWorker (SegmentedRaftLogWorker.java:startLogSegment(380)) - f8e4e886-09f1-4d5b-90a2-da08b733ae04@group-A4E0FDC4CA25-SegmentedRaftLogWorker: Starting segment from index:0
2019-09-24 21:57:49,122 [f8e4e886-09f1-4d5b-90a2-da08b733ae04@group-A4E0FDC4CA25:LeaderElection13] INFO  impl.RaftServerImpl (ServerState.java:setRaftConf(354)) - f8e4e886-09f1-4d5b-90a2-da08b733ae04@group-A4E0FDC4CA25: set configuration 0: [8f11d4e6-b202-4932-9b49-c0cc974c2946:192.168.151.66:39215, 2cee2565-8d5e-44db-8b53-370c653dd1d2:192.168.151.66:45133, f8e4e886-09f1-4d5b-90a2-da08b733ae04:192.168.151.66:33172], old=null at 0
2019-09-24 21:57:49,139 [grpc-default-executor-0] INFO  impl.RaftServerImpl (ServerState.java:setLeader(253)) - 2cee2565-8d5e-44db-8b53-370c653dd1d2@group-A4E0FDC4CA25: change Leader from null to f8e4e886-09f1-4d5b-90a2-da08b733ae04 at term 1 for appendEntries, leader elected after 5092ms
2019-09-24 21:57:49,140 [grpc-default-executor-2] INFO  impl.RaftServerImpl (ServerState.java:setLeader(253)) - 8f11d4e6-b202-4932-9b49-c0cc974c2946@group-A4E0FDC4CA25: change Leader from null to f8e4e886-09f1-4d5b-90a2-da08b733ae04 at term 1 for appendEntries, leader elected after 5092ms
2019-09-24 21:57:49,142 [grpc-default-executor-2] INFO  impl.RaftServerImpl (ServerState.java:setRaftConf(354)) - 2cee2565-8d5e-44db-8b53-370c653dd1d2@group-A4E0FDC4CA25: set configuration 0: [8f11d4e6-b202-4932-9b49-c0cc974c2946:192.168.151.66:39215, 2cee2565-8d5e-44db-8b53-370c653dd1d2:192.168.151.66:45133, f8e4e886-09f1-4d5b-90a2-da08b733ae04:192.168.151.66:33172], old=null at 0
2019-09-24 21:57:49,143 [grpc-default-executor-0] INFO  impl.RaftServerImpl (ServerState.java:setRaftConf(354)) - 8f11d4e6-b202-4932-9b49-c0cc974c2946@group-A4E0FDC4CA25: set configuration 0: [8f11d4e6-b202-4932-9b49-c0cc974c2946:192.168.151.66:39215, 2cee2565-8d5e-44db-8b53-370c653dd1d2:192.168.151.66:45133, f8e4e886-09f1-4d5b-90a2-da08b733ae04:192.168.151.66:33172], old=null at 0
2019-09-24 21:57:49,143 [grpc-default-executor-2] INFO  segmented.SegmentedRaftLogWorker (SegmentedRaftLogWorker.java:startLogSegment(380)) - 2cee2565-8d5e-44db-8b53-370c653dd1d2@group-A4E0FDC4CA25-SegmentedRaftLogWorker: Starting segment from index:0
2019-09-24 21:57:49,143 [grpc-default-executor-0] INFO  segmented.SegmentedRaftLogWorker (SegmentedRaftLogWorker.java:startLogSegment(380)) - 8f11d4e6-b202-4932-9b49-c0cc974c2946@group-A4E0FDC4CA25-SegmentedRaftLogWorker: Starting segment from index:0
2019-09-24 21:57:49,148 [f8e4e886-09f1-4d5b-90a2-da08b733ae04@group-A4E0FDC4CA25-SegmentedRaftLogWorker] INFO  segmented.SegmentedRaftLogWorker (SegmentedRaftLogWorker.java:execute(569)) - f8e4e886-09f1-4d5b-90a2-da08b733ae04@group-A4E0FDC4CA25-SegmentedRaftLogWorker: created new log segment /workdir/hadoop-ozone/integration-test/target/test-dir/MiniOzoneClusterImpl-23172438-10ff-4859-aa33-e6eea658d734/datanode-0/data/ratis/7fe3108e-6117-432b-9ec8-a4e0fdc4ca25/current/log_inprogress_0
2019-09-24 21:57:49,170 [8f11d4e6-b202-4932-9b49-c0cc974c2946@group-A4E0FDC4CA25-SegmentedRaftLogWorker] INFO  segmented.SegmentedRaftLogWorker (SegmentedRaftLogWorker.java:execute(569)) - 8f11d4e6-b202-4932-9b49-c0cc974c2946@group-A4E0FDC4CA25-SegmentedRaftLogWorker: created new log segment /workdir/hadoop-ozone/integration-test/target/test-dir/MiniOzoneClusterImpl-23172438-10ff-4859-aa33-e6eea658d734/datanode-5/data/ratis/7fe3108e-6117-432b-9ec8-a4e0fdc4ca25/current/log_inprogress_0
2019-09-24 21:57:49,170 [2cee2565-8d5e-44db-8b53-370c653dd1d2@group-A4E0FDC4CA25-SegmentedRaftLogWorker] INFO  segmented.SegmentedRaftLogWorker (SegmentedRaftLogWorker.java:execute(569)) - 2cee2565-8d5e-44db-8b53-370c653dd1d2@group-A4E0FDC4CA25-SegmentedRaftLogWorker: created new log segment /workdir/hadoop-ozone/integration-test/target/test-dir/MiniOzoneClusterImpl-23172438-10ff-4859-aa33-e6eea658d734/datanode-6/data/ratis/7fe3108e-6117-432b-9ec8-a4e0fdc4ca25/current/log_inprogress_0
2019-09-24 21:57:49,375 [main] INFO  ozoneimpl.OzoneContainer (OzoneContainer.java:stop(231)) - Attempting to stop container services.
2019-09-24 21:57:49,376 [main] INFO  impl.RaftServerProxy (RaftServerProxy.java:lambda$close$4(314)) - 2cee2565-8d5e-44db-8b53-370c653dd1d2: close
2019-09-24 21:57:49,376 [main] INFO  impl.RaftServerImpl (RaftServerImpl.java:lambda$shutdown$3(251)) - 2cee2565-8d5e-44db-8b53-370c653dd1d2@group-A4E0FDC4CA25: shutdown
2019-09-24 21:57:49,377 [main] INFO  util.JmxRegister (JmxRegister.java:unregister(73)) - Successfully un-registered JMX Bean with object name Ratis:service=RaftServer,group=group-A4E0FDC4CA25,id=2cee2565-8d5e-44db-8b53-370c653dd1d2
2019-09-24 21:57:49,377 [main] INFO  impl.RoleInfo (RoleInfo.java:shutdownFollowerState(121)) - 2cee2565-8d5e-44db-8b53-370c653dd1d2: shutdown FollowerState
2019-09-24 21:57:49,378 [main] INFO  impl.StateMachineUpdater (StateMachineUpdater.java:stopAndJoin(125)) - 2cee2565-8d5e-44db-8b53-370c653dd1d2@group-A4E0FDC4CA25-StateMachineUpdater: set stopIndex = -1
2019-09-24 21:57:49,378 [Thread-548] INFO  impl.FollowerState (FollowerState.java:run(115)) - 2cee2565-8d5e-44db-8b53-370c653dd1d2: FollowerState was interrupted: java.lang.InterruptedException: sleep interrupted
2019-09-24 21:57:49,380 [main] INFO  impl.RaftServerImpl (ServerState.java:close(385)) - 2cee2565-8d5e-44db-8b53-370c653dd1d2@group-A4E0FDC4CA25: closes. applyIndex: -1
2019-09-24 21:57:49,381 [2cee2565-8d5e-44db-8b53-370c653dd1d2@group-A4E0FDC4CA25-SegmentedRaftLogWorker] INFO  segmented.SegmentedRaftLogWorker (SegmentedRaftLogWorker.java:run(313)) - 2cee2565-8d5e-44db-8b53-370c653dd1d2@group-A4E0FDC4CA25-SegmentedRaftLogWorker was interrupted, exiting. There are 0 tasks remaining in the queue.
2019-09-24 21:57:49,382 [main] INFO  segmented.SegmentedRaftLogWorker (SegmentedRaftLogWorker.java:close(228)) - 2cee2565-8d5e-44db-8b53-370c653dd1d2@group-A4E0FDC4CA25-SegmentedRaftLogWorker close()
2019-09-24 21:57:49,385 [main] INFO  impl.RaftServerImpl (RaftServerImpl.java:lambda$shutdown$3(251)) - 2cee2565-8d5e-44db-8b53-370c653dd1d2@group-B9EE92F46194: shutdown
2019-09-24 21:57:49,385 [main] INFO  util.JmxRegister (JmxRegister.java:unregister(73)) - Successfully un-registered JMX Bean with object name Ratis:service=RaftServer,group=group-B9EE92F46194,id=2cee2565-8d5e-44db-8b53-370c653dd1d2
2019-09-24 21:57:49,386 [main] INFO  impl.RoleInfo (RoleInfo.java:shutdownLeaderState(104)) - 2cee2565-8d5e-44db-8b53-370c653dd1d2: shutdown LeaderState
2019-09-24 21:57:49,386 [main] INFO  impl.PendingRequests (PendingRequests.java:sendNotLeaderResponses(202)) - 2cee2565-8d5e-44db-8b53-370c653dd1d2-PendingRequests: sendNotLeaderResponses
2019-09-24 21:57:49,387 [main] INFO  impl.StateMachineUpdater (StateMachineUpdater.java:stopAndJoin(125)) - 2cee2565-8d5e-44db-8b53-370c653dd1d2@group-B9EE92F46194-StateMachineUpdater: set stopIndex = 0
2019-09-24 21:57:49,387 [main] INFO  impl.RaftServerImpl (ServerState.java:close(385)) - 2cee2565-8d5e-44db-8b53-370c653dd1d2@group-B9EE92F46194: closes. applyIndex: 0
2019-09-24 21:57:49,388 [ForkJoinPool.commonPool-worker-0] INFO  ozoneimpl.OzoneContainer (OzoneContainer.java:stop(231)) - Attempting to stop container services.
2019-09-24 21:57:49,388 [2cee2565-8d5e-44db-8b53-370c653dd1d2@group-B9EE92F46194-SegmentedRaftLogWorker] INFO  segmented.SegmentedRaftLogWorker (SegmentedRaftLogWorker.java:run(313)) - 2cee2565-8d5e-44db-8b53-370c653dd1d2@group-B9EE92F46194-SegmentedRaftLogWorker was interrupted, exiting. There are 0 tasks remaining in the queue.
2019-09-24 21:57:49,388 [ForkJoinPool.commonPool-worker-0] INFO  impl.RaftServerProxy (RaftServerProxy.java:lambda$close$4(314)) - f8e4e886-09f1-4d5b-90a2-da08b733ae04: close
2019-09-24 21:57:49,390 [main] INFO  segmented.SegmentedRaftLogWorker (SegmentedRaftLogWorker.java:close(228)) - 2cee2565-8d5e-44db-8b53-370c653dd1d2@group-B9EE92F46194-SegmentedRaftLogWorker close()
2019-09-24 21:57:49,390 [ForkJoinPool.commonPool-worker-0] INFO  impl.RaftServerImpl (RaftServerImpl.java:lambda$shutdown$3(251)) - f8e4e886-09f1-4d5b-90a2-da08b733ae04@group-B553DFEE5372: shutdown
2019-09-24 21:57:49,396 [main] INFO  server.GrpcService (GrpcService.java:closeImpl(164)) - 2cee2565-8d5e-44db-8b53-370c653dd1d2: shutdown server with port 45133 now
2019-09-24 21:57:49,396 [ForkJoinPool.commonPool-worker-0] INFO  util.JmxRegister (JmxRegister.java:unregister(73)) - Successfully un-registered JMX Bean with object name Ratis:service=RaftServer,group=group-B553DFEE5372,id=f8e4e886-09f1-4d5b-90a2-da08b733ae04
2019-09-24 21:57:49,397 [ForkJoinPool.commonPool-worker-0] INFO  impl.RoleInfo (RoleInfo.java:shutdownLeaderState(104)) - f8e4e886-09f1-4d5b-90a2-da08b733ae04: shutdown LeaderState
2019-09-24 21:57:49,397 [ForkJoinPool.commonPool-worker-0] INFO  impl.PendingRequests (PendingRequests.java:sendNotLeaderResponses(202)) - f8e4e886-09f1-4d5b-90a2-da08b733ae04-PendingRequests: sendNotLeaderResponses
2019-09-24 21:57:49,397 [ForkJoinPool.commonPool-worker-0] INFO  impl.StateMachineUpdater (StateMachineUpdater.java:stopAndJoin(125)) - f8e4e886-09f1-4d5b-90a2-da08b733ae04@group-B553DFEE5372-StateMachineUpdater: set stopIndex = 0
2019-09-24 21:57:49,398 [ForkJoinPool.commonPool-worker-0] INFO  impl.RaftServerImpl (ServerState.java:close(385)) - f8e4e886-09f1-4d5b-90a2-da08b733ae04@group-B553DFEE5372: closes. applyIndex: 0
2019-09-24 21:57:49,398 [f8e4e886-09f1-4d5b-90a2-da08b733ae04@group-B553DFEE5372-SegmentedRaftLogWorker] INFO  segmented.SegmentedRaftLogWorker (SegmentedRaftLogWorker.java:run(313)) - f8e4e886-09f1-4d5b-90a2-da08b733ae04@group-B553DFEE5372-SegmentedRaftLogWorker was interrupted, exiting. There are 0 tasks remaining in the queue.
2019-09-24 21:57:49,399 [ForkJoinPool.commonPool-worker-0] INFO  segmented.SegmentedRaftLogWorker (SegmentedRaftLogWorker.java:close(228)) - f8e4e886-09f1-4d5b-90a2-da08b733ae04@group-B553DFEE5372-SegmentedRaftLogWorker close()
2019-09-24 21:57:49,400 [ForkJoinPool.commonPool-worker-0] INFO  impl.RaftServerImpl (RaftServerImpl.java:lambda$shutdown$3(251)) - f8e4e886-09f1-4d5b-90a2-da08b733ae04@group-450043C6B9B7: shutdown
2019-09-24 21:57:49,400 [ForkJoinPool.commonPool-worker-0] INFO  util.JmxRegister (JmxRegister.java:unregister(73)) - Successfully un-registered JMX Bean with object name Ratis:service=RaftServer,group=group-450043C6B9B7,id=f8e4e886-09f1-4d5b-90a2-da08b733ae04
2019-09-24 21:57:49,401 [ForkJoinPool.commonPool-worker-0] INFO  impl.RoleInfo (RoleInfo.java:shutdownFollowerState(121)) - f8e4e886-09f1-4d5b-90a2-da08b733ae04: shutdown FollowerState
2019-09-24 21:57:49,401 [ForkJoinPool.commonPool-worker-0] INFO  impl.StateMachineUpdater (StateMachineUpdater.java:stopAndJoin(125)) - f8e4e886-09f1-4d5b-90a2-da08b733ae04@group-450043C6B9B7-StateMachineUpdater: set stopIndex = 1
2019-09-24 21:57:49,401 [Thread-536] INFO  impl.FollowerState (FollowerState.java:run(115)) - f8e4e886-09f1-4d5b-90a2-da08b733ae04: FollowerState was interrupted: java.lang.InterruptedException: sleep interrupted
2019-09-24 21:57:49,401 [grpc-default-executor-2] WARN  server.GrpcServerProtocolService (LogUtils.java:warn(134)) - 2cee2565-8d5e-44db-8b53-370c653dd1d2: installSnapshot onError, lastRequest: f8e4e886-09f1-4d5b-90a2-da08b733ae04->2cee2565-8d5e-44db-8b53-370c653dd1d2#1-t1, previous=(t:0, i:0), leaderCommit=-1, initializing? false, entries: size=1, first=(t:1, i:0), CONFIGURATIONENTRY: org.apache.ratis.thirdparty.io.grpc.StatusRuntimeException: CANCELLED: cancelled before receiving half close
2019-09-24 21:57:49,401 [main] INFO  server.GrpcService (GrpcService.java:closeImpl(172)) - 2cee2565-8d5e-44db-8b53-370c653dd1d2: shutdown server with port 45133 successfully
2019-09-24 21:57:49,401 [ForkJoinPool.commonPool-worker-0] INFO  impl.RaftServerImpl (ServerState.java:close(385)) - f8e4e886-09f1-4d5b-90a2-da08b733ae04@group-450043C6B9B7: closes. applyIndex: 1
2019-09-24 21:57:49,403 [grpc-default-executor-0] WARN  server.GrpcLogAppender (LogUtils.java:warn(134)) - f8e4e886-09f1-4d5b-90a2-da08b733ae04@group-A4E0FDC4CA25->2cee2565-8d5e-44db-8b53-370c653dd1d2-AppendLogResponseHandler: Failed appendEntries: org.apache.ratis.thirdparty.io.grpc.StatusRuntimeException: CANCELLED: HTTP/2 error code: CANCEL
Received Rst Stream
2019-09-24 21:57:49,403 [f8e4e886-09f1-4d5b-90a2-da08b733ae04@group-450043C6B9B7-SegmentedRaftLogWorker] INFO  segmented.SegmentedRaftLogWorker (SegmentedRaftLogWorker.java:run(313)) - f8e4e886-09f1-4d5b-90a2-da08b733ae04@group-450043C6B9B7-SegmentedRaftLogWorker was interrupted, exiting. There are 0 tasks remaining in the queue.
2019-09-24 21:57:49,406 [refreshUsed-/workdir/hadoop-ozone/integration-test/target/test-dir/MiniOzoneClusterImpl-23172438-10ff-4859-aa33-e6eea658d734/datanode-6/data/containers] WARN  fs.CachingGetSpaceUsed (CachingGetSpaceUsed.java:run(183)) - Thread Interrupted waiting to refresh disk information: sleep interrupted
2019-09-24 21:57:49,405 [grpc-default-executor-0] INFO  impl.FollowerInfo (FollowerInfo.java:lambda$new$0(51)) - f8e4e886-09f1-4d5b-90a2-da08b733ae04@group-A4E0FDC4CA25->2cee2565-8d5e-44db-8b53-370c653dd1d2: nextIndex: updateUnconditionally 1 -> 0
2019-09-24 21:57:49,407 [ForkJoinPool.commonPool-worker-0] INFO  segmented.SegmentedRaftLogWorker (SegmentedRaftLogWorker.java:close(228)) - f8e4e886-09f1-4d5b-90a2-da08b733ae04@group-450043C6B9B7-SegmentedRaftLogWorker close()
2019-09-24 21:57:49,409 [ForkJoinPool.commonPool-worker-0] INFO  impl.RaftServerImpl (RaftServerImpl.java:lambda$shutdown$3(251)) - f8e4e886-09f1-4d5b-90a2-da08b733ae04@group-A4E0FDC4CA25: shutdown
2019-09-24 21:57:49,410 [ForkJoinPool.commonPool-worker-0] INFO  util.JmxRegister (JmxRegister.java:unregister(73)) - Successfully un-registered JMX Bean with object name Ratis:service=RaftServer,group=group-A4E0FDC4CA25,id=f8e4e886-09f1-4d5b-90a2-da08b733ae04
2019-09-24 21:57:49,410 [ForkJoinPool.commonPool-worker-0] INFO  impl.RoleInfo (RoleInfo.java:shutdownLeaderState(104)) - f8e4e886-09f1-4d5b-90a2-da08b733ae04: shutdown LeaderState
2019-09-24 21:57:49,413 [ForkJoinPool.commonPool-worker-0] INFO  impl.PendingRequests (PendingRequests.java:sendNotLeaderResponses(202)) - f8e4e886-09f1-4d5b-90a2-da08b733ae04-PendingRequests: sendNotLeaderResponses
2019-09-24 21:57:49,413 [org.apache.ratis.server.impl.LogAppender$AppenderDaemon$$Lambda$392/884017465@24ad6281] WARN  server.GrpcLogAppender (GrpcLogAppender.java:mayWait(143)) - f8e4e886-09f1-4d5b-90a2-da08b733ae04@group-A4E0FDC4CA25->8f11d4e6-b202-4932-9b49-c0cc974c2946-GrpcLogAppender: Wait interrupted by java.lang.InterruptedException
2019-09-24 21:57:49,413 [org.apache.ratis.server.impl.LogAppender$AppenderDaemon$$Lambda$392/884017465@73f0e73f] WARN  server.GrpcLogAppender (GrpcLogAppender.java:mayWait(143)) - f8e4e886-09f1-4d5b-90a2-da08b733ae04@group-A4E0FDC4CA25->2cee2565-8d5e-44db-8b53-370c653dd1d2-GrpcLogAppender: Wait interrupted by java.lang.InterruptedException
2019-09-24 21:57:49,413 [ForkJoinPool.commonPool-worker-0] INFO  impl.StateMachineUpdater (StateMachineUpdater.java:stopAndJoin(125)) - f8e4e886-09f1-4d5b-90a2-da08b733ae04@group-A4E0FDC4CA25-StateMachineUpdater: set stopIndex = 0
2019-09-24 21:57:49,417 [ForkJoinPool.commonPool-worker-0] INFO  impl.RaftServerImpl (ServerState.java:close(385)) - f8e4e886-09f1-4d5b-90a2-da08b733ae04@group-A4E0FDC4CA25: closes. applyIndex: 0
2019-09-24 21:57:49,417 [grpc-default-executor-0] INFO  server.GrpcServerProtocolService (GrpcServerProtocolService.java:onCompleted(113)) - 8f11d4e6-b202-4932-9b49-c0cc974c2946: Completed APPEND_ENTRIES, lastRequest: f8e4e886-09f1-4d5b-90a2-da08b733ae04->8f11d4e6-b202-4932-9b49-c0cc974c2946#1-t1, previous=(t:0, i:0), leaderCommit=-1, initializing? false, entries: size=1, first=(t:1, i:0), CONFIGURATIONENTRY
2019-09-24 21:57:49,417 [f8e4e886-09f1-4d5b-90a2-da08b733ae04@group-A4E0FDC4CA25-SegmentedRaftLogWorker] INFO  segmented.SegmentedRaftLogWorker (SegmentedRaftLogWorker.java:run(313)) - f8e4e886-09f1-4d5b-90a2-da08b733ae04@group-A4E0FDC4CA25-SegmentedRaftLogWorker was interrupted, exiting. There are 0 tasks remaining in the queue.
2019-09-24 21:57:49,417 [ForkJoinPool.commonPool-worker-0] INFO  segmented.SegmentedRaftLogWorker (SegmentedRaftLogWorker.java:close(228)) - f8e4e886-09f1-4d5b-90a2-da08b733ae04@group-A4E0FDC4CA25-SegmentedRaftLogWorker close()
2019-09-24 21:57:49,419 [grpc-default-executor-0] INFO  server.GrpcLogAppender (GrpcLogAppender.java:onCompleted(293)) - f8e4e886-09f1-4d5b-90a2-da08b733ae04@group-A4E0FDC4CA25->8f11d4e6-b202-4932-9b49-c0cc974c2946-AppendLogResponseHandler: follower responses appendEntries COMPLETED
2019-09-24 21:57:49,420 [ForkJoinPool.commonPool-worker-0] INFO  server.GrpcService (GrpcService.java:closeImpl(164)) - f8e4e886-09f1-4d5b-90a2-da08b733ae04: shutdown server with port 33172 now
2019-09-24 21:57:49,422 [grpc-default-executor-0] INFO  impl.FollowerInfo (FollowerInfo.java:lambda$new$0(51)) - f8e4e886-09f1-4d5b-90a2-da08b733ae04@group-A4E0FDC4CA25->8f11d4e6-b202-4932-9b49-c0cc974c2946: nextIndex: updateUnconditionally 1 -> 0
2019-09-24 21:57:49,423 [grpc-default-executor-4] WARN  server.GrpcServerProtocolService (LogUtils.java:warn(134)) - f8e4e886-09f1-4d5b-90a2-da08b733ae04: installSnapshot onError, lastRequest: 8f11d4e6-b202-4932-9b49-c0cc974c2946->f8e4e886-09f1-4d5b-90a2-da08b733ae04#2-t2, previous=(t:2, i:1), leaderCommit=1, initializing? false, entries: size=1, first=(t:2, i:2), METADATAENTRY(c1): org.apache.ratis.thirdparty.io.grpc.StatusRuntimeException: CANCELLED: cancelled before receiving half close
2019-09-24 21:57:49,425 [ForkJoinPool.commonPool-worker-0] INFO  server.GrpcService (GrpcService.java:closeImpl(172)) - f8e4e886-09f1-4d5b-90a2-da08b733ae04: shutdown server with port 33172 successfully
2019-09-24 21:57:49,426 [grpc-default-executor-5] WARN  server.GrpcLogAppender (LogUtils.java:warn(134)) - 8f11d4e6-b202-4932-9b49-c0cc974c2946@group-450043C6B9B7->f8e4e886-09f1-4d5b-90a2-da08b733ae04-AppendLogResponseHandler: Failed appendEntries: org.apache.ratis.thirdparty.io.grpc.StatusRuntimeException: CANCELLED: HTTP/2 error code: CANCEL
Received Rst Stream
2019-09-24 21:57:49,427 [grpc-default-executor-5] INFO  impl.FollowerInfo (FollowerInfo.java:lambda$new$0(51)) - 8f11d4e6-b202-4932-9b49-c0cc974c2946@group-450043C6B9B7->f8e4e886-09f1-4d5b-90a2-da08b733ae04: nextIndex: updateUnconditionally 3 -> 2
2019-09-24 21:57:49,429 [refreshUsed-/workdir/hadoop-ozone/integration-test/target/test-dir/MiniOzoneClusterImpl-23172438-10ff-4859-aa33-e6eea658d734/datanode-0/data/containers] WARN  fs.CachingGetSpaceUsed (CachingGetSpaceUsed.java:run(183)) - Thread Interrupted waiting to refresh disk information: sleep interrupted
2019-09-24 21:57:49,441 [ForkJoinPool.commonPool-worker-0] INFO  utils.BackgroundService (BackgroundService.java:shutdown(148)) - Shutting down service BlockDeletingService
2019-09-24 21:57:49,444 [ForkJoinPool.commonPool-worker-0] INFO  statemachine.DatanodeStateMachine (DatanodeStateMachine.java:stopDaemon(395)) - Ozone container server stopped.
2019-09-24 21:57:49,445 [main] INFO  utils.BackgroundService (BackgroundService.java:shutdown(148)) - Shutting down service BlockDeletingService
2019-09-24 21:57:49,448 [main] INFO  statemachine.DatanodeStateMachine (DatanodeStateMachine.java:stopDaemon(395)) - Ozone container server stopped.
2019-09-24 21:57:49,449 [ForkJoinPool.commonPool-worker-0] INFO  handler.ContextHandler (ContextHandler.java:doStop(910)) - Stopped o.e.j.w.WebAppContext@6edcad64{/,null,UNAVAILABLE}{/hddsDatanode}
2019-09-24 21:57:49,450 [main] INFO  handler.ContextHandler (ContextHandler.java:doStop(910)) - Stopped o.e.j.w.WebAppContext@984169e{/,null,UNAVAILABLE}{/hddsDatanode}
2019-09-24 21:57:49,450 [ForkJoinPool.commonPool-worker-0] INFO  server.AbstractConnector (AbstractConnector.java:doStop(318)) - Stopped ServerConnector@4c6007fb{HTTP/1.1,[http/1.1]}{0.0.0.0:0}
2019-09-24 21:57:49,451 [ForkJoinPool.commonPool-worker-0] INFO  handler.ContextHandler (ContextHandler.java:doStop(910)) - Stopped o.e.j.s.ServletContextHandler@d109c4f{/static,jar:file:/home/user/.m2/repository/org/apache/hadoop/hadoop-hdds-container-service/0.5.0-SNAPSHOT/hadoop-hdds-container-service-0.5.0-SNAPSHOT.jar!/webapps/static,UNAVAILABLE}
2019-09-24 21:57:49,451 [main] INFO  server.AbstractConnector (AbstractConnector.java:doStop(318)) - Stopped ServerConnector@43f1bb92{HTTP/1.1,[http/1.1]}{0.0.0.0:0}
2019-09-24 21:57:49,452 [ForkJoinPool.commonPool-worker-0] INFO  handler.ContextHandler (ContextHandler.java:doStop(910)) - Stopped o.e.j.s.ServletContextHandler@4eba373c{/logs,file:///workdir/hadoop-ozone/integration-test/target/log,UNAVAILABLE}
2019-09-24 21:57:49,452 [main] INFO  handler.ContextHandler (ContextHandler.java:doStop(910)) - Stopped o.e.j.s.ServletContextHandler@574a89e2{/static,jar:file:/home/user/.m2/repository/org/apache/hadoop/hadoop-hdds-container-service/0.5.0-SNAPSHOT/hadoop-hdds-container-service-0.5.0-SNAPSHOT.jar!/webapps/static,UNAVAILABLE}
2019-09-24 21:57:49,453 [main] INFO  handler.ContextHandler (ContextHandler.java:doStop(910)) - Stopped o.e.j.s.ServletContextHandler@753aca85{/logs,file:///workdir/hadoop-ozone/integration-test/target/log,UNAVAILABLE}
2019-09-24 21:57:49,476 [grpc-default-executor-2] WARN  server.GrpcLogAppender (LogUtils.java:warn(134)) - 8f11d4e6-b202-4932-9b49-c0cc974c2946@group-450043C6B9B7->f8e4e886-09f1-4d5b-90a2-da08b733ae04-AppendLogResponseHandler: Failed appendEntries: org.apache.ratis.thirdparty.io.grpc.StatusRuntimeException: UNAVAILABLE: io exception
2019-09-24 21:57:49,477 [grpc-default-executor-2] INFO  impl.FollowerInfo (FollowerInfo.java:lambda$new$0(51)) - 8f11d4e6-b202-4932-9b49-c0cc974c2946@group-450043C6B9B7->f8e4e886-09f1-4d5b-90a2-da08b733ae04: nextIndex: updateUnconditionally 2 -> 1
2019-09-24 21:57:49,477 [grpc-default-executor-0] WARN  server.GrpcLogAppender (LogUtils.java:warn(134)) - 8f11d4e6-b202-4932-9b49-c0cc974c2946@group-450043C6B9B7->a48fc246-bdf6-4f8b-914f-d1887677d859-AppendLogResponseHandler: Failed appendEntries: org.apache.ratis.thirdparty.io.grpc.StatusRuntimeException: UNAVAILABLE: io exception
2019-09-24 21:57:49,478 [grpc-default-executor-0] INFO  impl.FollowerInfo (FollowerInfo.java:lambda$new$0(51)) - 8f11d4e6-b202-4932-9b49-c0cc974c2946@group-450043C6B9B7->a48fc246-bdf6-4f8b-914f-d1887677d859: nextIndex: updateUnconditionally 0 -> 0
2019-09-24 21:57:49,874 [Datanode State Machine Thread - 0] INFO  statemachine.DatanodeStateMachine (DatanodeStateMachine.java:lambda$startDaemon$0(350)) - Ozone container server started.
2019-09-24 21:57:51,883 [EventQueue-StaleNodeForStaleNodeHandler] INFO  node.StaleNodeHandler (StaleNodeHandler.java:onMessage(58)) - Datanode 8f11d4e6-b202-4932-9b49-c0cc974c2946{ip: 192.168.151.66, host: pr-hdds-2162-v2v4x-1150571016, networkLocation: /default-rack, certSerialId: null} moved to stale state. Finalizing its pipelines [PipelineID=4df18a00-386d-40b5-9094-37ed7669b9df, PipelineID=61166891-a3cc-4c31-a7ed-450043c6b9b7, PipelineID=7fe3108e-6117-432b-9ec8-a4e0fdc4ca25]
2019-09-24 21:57:51,884 [EventQueue-StaleNodeForStaleNodeHandler] INFO  pipeline.SCMPipelineManager (SCMPipelineManager.java:finalizeAndDestroyPipeline(315)) - destroying pipeline:Pipeline[ Id: 4df18a00-386d-40b5-9094-37ed7669b9df, Nodes: 8f11d4e6-b202-4932-9b49-c0cc974c2946{ip: 192.168.151.66, host: pr-hdds-2162-v2v4x-1150571016, networkLocation: /default-rack, certSerialId: null}, Type:RATIS, Factor:ONE, State:OPEN]
2019-09-24 21:57:51,884 [EventQueue-StaleNodeForStaleNodeHandler] INFO  pipeline.PipelineStateManager (PipelineStateManager.java:finalizePipeline(123)) - Pipeline Pipeline[ Id: 4df18a00-386d-40b5-9094-37ed7669b9df, Nodes: 8f11d4e6-b202-4932-9b49-c0cc974c2946{ip: 192.168.151.66, host: pr-hdds-2162-v2v4x-1150571016, networkLocation: /default-rack, certSerialId: null}, Type:RATIS, Factor:ONE, State:CLOSED] moved to CLOSED state
2019-09-24 21:57:51,884 [EventQueue-StaleNodeForStaleNodeHandler] INFO  pipeline.SCMPipelineManager (SCMPipelineManager.java:finalizeAndDestroyPipeline(315)) - destroying pipeline:Pipeline[ Id: 61166891-a3cc-4c31-a7ed-450043c6b9b7, Nodes: f8e4e886-09f1-4d5b-90a2-da08b733ae04{ip: 192.168.151.66, host: pr-hdds-2162-v2v4x-1150571016, networkLocation: /default-rack, certSerialId: null}8f11d4e6-b202-4932-9b49-c0cc974c2946{ip: 192.168.151.66, host: pr-hdds-2162-v2v4x-1150571016, networkLocation: /default-rack, certSerialId: null}a48fc246-bdf6-4f8b-914f-d1887677d859{ip: 192.168.151.66, host: pr-hdds-2162-v2v4x-1150571016, networkLocation: /default-rack, certSerialId: null}, Type:RATIS, Factor:THREE, State:CLOSED]
2019-09-24 21:57:51,884 [EventQueue-StaleNodeForStaleNodeHandler] INFO  pipeline.SCMPipelineManager (SCMPipelineManager.java:finalizeAndDestroyPipeline(315)) - destroying pipeline:Pipeline[ Id: 7fe3108e-6117-432b-9ec8-a4e0fdc4ca25, Nodes: f8e4e886-09f1-4d5b-90a2-da08b733ae04{ip: 192.168.151.66, host: pr-hdds-2162-v2v4x-1150571016, networkLocation: /default-rack, certSerialId: null}8f11d4e6-b202-4932-9b49-c0cc974c2946{ip: 192.168.151.66, host: pr-hdds-2162-v2v4x-1150571016, networkLocation: /default-rack, certSerialId: null}2cee2565-8d5e-44db-8b53-370c653dd1d2{ip: 192.168.151.66, host: pr-hdds-2162-v2v4x-1150571016, networkLocation: /default-rack, certSerialId: null}, Type:RATIS, Factor:THREE, State:CLOSED]
2019-09-24 21:57:51,979 [grpc-default-executor-4] WARN  server.GrpcLogAppender (LogUtils.java:warn(134)) - 8f11d4e6-b202-4932-9b49-c0cc974c2946@group-450043C6B9B7->f8e4e886-09f1-4d5b-90a2-da08b733ae04-AppendLogResponseHandler: Failed appendEntries: org.apache.ratis.thirdparty.io.grpc.StatusRuntimeException: UNAVAILABLE: io exception
2019-09-24 21:57:51,980 [grpc-default-executor-5] WARN  server.GrpcLogAppender (LogUtils.java:warn(134)) - 8f11d4e6-b202-4932-9b49-c0cc974c2946@group-450043C6B9B7->a48fc246-bdf6-4f8b-914f-d1887677d859-AppendLogResponseHandler: Failed appendEntries: org.apache.ratis.thirdparty.io.grpc.StatusRuntimeException: UNAVAILABLE: io exception
2019-09-24 21:57:51,981 [grpc-default-executor-4] INFO  impl.FollowerInfo (FollowerInfo.java:lambda$new$0(51)) - 8f11d4e6-b202-4932-9b49-c0cc974c2946@group-450043C6B9B7->f8e4e886-09f1-4d5b-90a2-da08b733ae04: nextIndex: updateUnconditionally 1 -> 0
2019-09-24 21:57:51,982 [grpc-default-executor-5] INFO  impl.FollowerInfo (FollowerInfo.java:lambda$new$0(51)) - 8f11d4e6-b202-4932-9b49-c0cc974c2946@group-450043C6B9B7->a48fc246-bdf6-4f8b-914f-d1887677d859: nextIndex: updateUnconditionally 0 -> 0
2019-09-24 21:57:54,454 [ForkJoinPool.commonPool-worker-0] INFO  ozoneimpl.OzoneContainer (OzoneContainer.java:stop(231)) - Attempting to stop container services.
2019-09-24 21:57:54,454 [ForkJoinPool.commonPool-worker-0] INFO  impl.RaftServerProxy (RaftServerProxy.java:lambda$close$4(314)) - 8f11d4e6-b202-4932-9b49-c0cc974c2946: close
2019-09-24 21:57:54,454 [ForkJoinPool.commonPool-worker-0] INFO  impl.RaftServerImpl (RaftServerImpl.java:lambda$shutdown$3(251)) - 8f11d4e6-b202-4932-9b49-c0cc974c2946@group-37ED7669B9DF: shutdown
2019-09-24 21:57:54,455 [ForkJoinPool.commonPool-worker-0] INFO  util.JmxRegister (JmxRegister.java:unregister(73)) - Successfully un-registered JMX Bean with object name Ratis:service=RaftServer,group=group-37ED7669B9DF,id=8f11d4e6-b202-4932-9b49-c0cc974c2946
2019-09-24 21:57:54,455 [ForkJoinPool.commonPool-worker-0] INFO  impl.RoleInfo (RoleInfo.java:shutdownLeaderState(104)) - 8f11d4e6-b202-4932-9b49-c0cc974c2946: shutdown LeaderState
2019-09-24 21:57:54,455 [ForkJoinPool.commonPool-worker-0] INFO  impl.PendingRequests (PendingRequests.java:sendNotLeaderResponses(202)) - 8f11d4e6-b202-4932-9b49-c0cc974c2946-PendingRequests: sendNotLeaderResponses
2019-09-24 21:57:54,456 [ForkJoinPool.commonPool-worker-0] INFO  impl.StateMachineUpdater (StateMachineUpdater.java:stopAndJoin(125)) - 8f11d4e6-b202-4932-9b49-c0cc974c2946@group-37ED7669B9DF-StateMachineUpdater: set stopIndex = 0
2019-09-24 21:57:54,459 [ForkJoinPool.commonPool-worker-0] INFO  impl.RaftServerImpl (ServerState.java:close(385)) - 8f11d4e6-b202-4932-9b49-c0cc974c2946@group-37ED7669B9DF: closes. applyIndex: 0
2019-09-24 21:57:54,460 [8f11d4e6-b202-4932-9b49-c0cc974c2946@group-37ED7669B9DF-SegmentedRaftLogWorker] INFO  segmented.SegmentedRaftLogWorker (SegmentedRaftLogWorker.java:run(313)) - 8f11d4e6-b202-4932-9b49-c0cc974c2946@group-37ED7669B9DF-SegmentedRaftLogWorker was interrupted, exiting. There are 0 tasks remaining in the queue.
2019-09-24 21:57:54,460 [ForkJoinPool.commonPool-worker-0] INFO  segmented.SegmentedRaftLogWorker (SegmentedRaftLogWorker.java:close(228)) - 8f11d4e6-b202-4932-9b49-c0cc974c2946@group-37ED7669B9DF-SegmentedRaftLogWorker close()
2019-09-24 21:57:54,461 [ForkJoinPool.commonPool-worker-0] INFO  impl.RaftServerImpl (RaftServerImpl.java:lambda$shutdown$3(251)) - 8f11d4e6-b202-4932-9b49-c0cc974c2946@group-450043C6B9B7: shutdown
2019-09-24 21:57:54,461 [ForkJoinPool.commonPool-worker-0] INFO  util.JmxRegister (JmxRegister.java:unregister(73)) - Successfully un-registered JMX Bean with object name Ratis:service=RaftServer,group=group-450043C6B9B7,id=8f11d4e6-b202-4932-9b49-c0cc974c2946
2019-09-24 21:57:54,461 [ForkJoinPool.commonPool-worker-0] INFO  impl.RoleInfo (RoleInfo.java:shutdownLeaderState(104)) - 8f11d4e6-b202-4932-9b49-c0cc974c2946: shutdown LeaderState
2019-09-24 21:57:54,463 [ForkJoinPool.commonPool-worker-0] INFO  impl.PendingRequests (PendingRequests.java:sendNotLeaderResponses(202)) - 8f11d4e6-b202-4932-9b49-c0cc974c2946-PendingRequests: sendNotLeaderResponses
2019-09-24 21:57:54,463 [org.apache.ratis.server.impl.LogAppender$AppenderDaemon$$Lambda$392/884017465@e52181d] WARN  server.GrpcLogAppender (GrpcLogAppender.java:mayWait(143)) - 8f11d4e6-b202-4932-9b49-c0cc974c2946@group-450043C6B9B7->a48fc246-bdf6-4f8b-914f-d1887677d859-GrpcLogAppender: Wait interrupted by java.lang.InterruptedException
2019-09-24 21:57:54,463 [org.apache.ratis.server.impl.LogAppender$AppenderDaemon$$Lambda$392/884017465@29f04fef] WARN  server.GrpcLogAppender (GrpcLogAppender.java:mayWait(143)) - 8f11d4e6-b202-4932-9b49-c0cc974c2946@group-450043C6B9B7->f8e4e886-09f1-4d5b-90a2-da08b733ae04-GrpcLogAppender: Wait interrupted by java.lang.InterruptedException
2019-09-24 21:57:54,465 [ForkJoinPool.commonPool-worker-0] INFO  impl.StateMachineUpdater (StateMachineUpdater.java:stopAndJoin(125)) - 8f11d4e6-b202-4932-9b49-c0cc974c2946@group-450043C6B9B7-StateMachineUpdater: set stopIndex = 2
2019-09-24 21:57:54,466 [ForkJoinPool.commonPool-worker-0] INFO  impl.RaftServerImpl (ServerState.java:close(385)) - 8f11d4e6-b202-4932-9b49-c0cc974c2946@group-450043C6B9B7: closes. applyIndex: 2
2019-09-24 21:57:54,466 [8f11d4e6-b202-4932-9b49-c0cc974c2946@group-450043C6B9B7-SegmentedRaftLogWorker] INFO  segmented.SegmentedRaftLogWorker (SegmentedRaftLogWorker.java:run(313)) - 8f11d4e6-b202-4932-9b49-c0cc974c2946@group-450043C6B9B7-SegmentedRaftLogWorker was interrupted, exiting. There are 0 tasks remaining in the queue.
2019-09-24 21:57:54,466 [ForkJoinPool.commonPool-worker-0] INFO  segmented.SegmentedRaftLogWorker (SegmentedRaftLogWorker.java:close(228)) - 8f11d4e6-b202-4932-9b49-c0cc974c2946@group-450043C6B9B7-SegmentedRaftLogWorker close()
2019-09-24 21:57:54,468 [ForkJoinPool.commonPool-worker-0] INFO  impl.RaftServerImpl (RaftServerImpl.java:lambda$shutdown$3(251)) - 8f11d4e6-b202-4932-9b49-c0cc974c2946@group-A4E0FDC4CA25: shutdown
2019-09-24 21:57:54,468 [ForkJoinPool.commonPool-worker-0] INFO  util.JmxRegister (JmxRegister.java:unregister(73)) - Successfully un-registered JMX Bean with object name Ratis:service=RaftServer,group=group-A4E0FDC4CA25,id=8f11d4e6-b202-4932-9b49-c0cc974c2946
2019-09-24 21:57:54,468 [ForkJoinPool.commonPool-worker-0] INFO  impl.RoleInfo (RoleInfo.java:shutdownFollowerState(121)) - 8f11d4e6-b202-4932-9b49-c0cc974c2946: shutdown FollowerState
2019-09-24 21:57:54,468 [ForkJoinPool.commonPool-worker-0] INFO  impl.StateMachineUpdater (StateMachineUpdater.java:stopAndJoin(125)) - 8f11d4e6-b202-4932-9b49-c0cc974c2946@group-A4E0FDC4CA25-StateMachineUpdater: set stopIndex = -1
2019-09-24 21:57:54,468 [Thread-549] INFO  impl.FollowerState (FollowerState.java:run(115)) - 8f11d4e6-b202-4932-9b49-c0cc974c2946: FollowerState was interrupted: java.lang.InterruptedException: sleep interrupted
2019-09-24 21:57:54,469 [ForkJoinPool.commonPool-worker-0] INFO  impl.RaftServerImpl (ServerState.java:close(385)) - 8f11d4e6-b202-4932-9b49-c0cc974c2946@group-A4E0FDC4CA25: closes. applyIndex: -1
2019-09-24 21:57:54,470 [8f11d4e6-b202-4932-9b49-c0cc974c2946@group-A4E0FDC4CA25-SegmentedRaftLogWorker] INFO  segmented.SegmentedRaftLogWorker (SegmentedRaftLogWorker.java:run(313)) - 8f11d4e6-b202-4932-9b49-c0cc974c2946@group-A4E0FDC4CA25-SegmentedRaftLogWorker was interrupted, exiting. There are 0 tasks remaining in the queue.
2019-09-24 21:57:54,470 [ForkJoinPool.commonPool-worker-0] INFO  segmented.SegmentedRaftLogWorker (SegmentedRaftLogWorker.java:close(228)) - 8f11d4e6-b202-4932-9b49-c0cc974c2946@group-A4E0FDC4CA25-SegmentedRaftLogWorker close()
2019-09-24 21:57:54,471 [ForkJoinPool.commonPool-worker-0] INFO  server.GrpcService (GrpcService.java:closeImpl(164)) - 8f11d4e6-b202-4932-9b49-c0cc974c2946: shutdown server with port 39215 now
2019-09-24 21:57:54,472 [ForkJoinPool.commonPool-worker-0] INFO  server.GrpcService (GrpcService.java:closeImpl(172)) - 8f11d4e6-b202-4932-9b49-c0cc974c2946: shutdown server with port 39215 successfully
2019-09-24 21:57:54,478 [refreshUsed-/workdir/hadoop-ozone/integration-test/target/test-dir/MiniOzoneClusterImpl-23172438-10ff-4859-aa33-e6eea658d734/datanode-5/data/containers] WARN  fs.CachingGetSpaceUsed (CachingGetSpaceUsed.java:run(183)) - Thread Interrupted waiting to refresh disk information: sleep interrupted
2019-09-24 21:57:54,495 [ForkJoinPool.commonPool-worker-0] INFO  utils.BackgroundService (BackgroundService.java:shutdown(148)) - Shutting down service BlockDeletingService
2019-09-24 21:57:54,498 [ForkJoinPool.commonPool-worker-0] INFO  statemachine.DatanodeStateMachine (DatanodeStateMachine.java:stopDaemon(395)) - Ozone container server stopped.
2019-09-24 21:57:54,501 [ForkJoinPool.commonPool-worker-0] INFO  handler.ContextHandler (ContextHandler.java:doStop(910)) - Stopped o.e.j.w.WebAppContext@3ba46e63{/,null,UNAVAILABLE}{/hddsDatanode}
2019-09-24 21:57:54,501 [ForkJoinPool.commonPool-worker-0] INFO  server.AbstractConnector (AbstractConnector.java:doStop(318)) - Stopped ServerConnector@788ddc1f{HTTP/1.1,[http/1.1]}{0.0.0.0:0}
2019-09-24 21:57:54,502 [ForkJoinPool.commonPool-worker-0] INFO  handler.ContextHandler (ContextHandler.java:doStop(910)) - Stopped o.e.j.s.ServletContextHandler@75de6341{/static,jar:file:/home/user/.m2/repository/org/apache/hadoop/hadoop-hdds-container-service/0.5.0-SNAPSHOT/hadoop-hdds-container-service-0.5.0-SNAPSHOT.jar!/webapps/static,UNAVAILABLE}
2019-09-24 21:57:54,503 [ForkJoinPool.commonPool-worker-0] INFO  handler.ContextHandler (ContextHandler.java:doStop(910)) - Stopped o.e.j.s.ServletContextHandler@4f9a6c2d{/logs,file:///workdir/hadoop-ozone/integration-test/target/log,UNAVAILABLE}
2019-09-24 21:57:54,504 [main] INFO  ozone.MiniOzoneClusterImpl (MiniOzoneClusterImpl.java:stopSCM(392)) - Stopping the StorageContainerManager
2019-09-24 21:57:54,505 [main] INFO  server.StorageContainerManager (StorageContainerManager.java:stop(808)) - Stopping Replication Manager Service.
2019-09-24 21:57:54,505 [main] INFO  container.ReplicationManager (ReplicationManager.java:stop(203)) - Stopping Replication Monitor Thread.
2019-09-24 21:57:54,505 [main] INFO  server.StorageContainerManager (StorageContainerManager.java:stop(815)) - Stopping Lease Manager of the command watchers
2019-09-24 21:57:54,505 [main] INFO  server.StorageContainerManager (StorageContainerManager.java:stop(822)) - Stopping datanode service RPC server
2019-09-24 21:57:54,505 [main] INFO  server.SCMDatanodeProtocolServer (SCMDatanodeProtocolServer.java:stop(367)) - Stopping the RPC server for DataNodes
2019-09-24 21:57:54,506 [main] INFO  ipc.Server (Server.java:stop(3082)) - Stopping server on 43550
2019-09-24 21:57:54,506 [IPC Server Responder] INFO  ipc.Server (Server.java:run(1319)) - Stopping IPC Server Responder
2019-09-24 21:57:54,506 [IPC Server listener on 43550] INFO  ipc.Server (Server.java:run(1185)) - Stopping IPC Server listener on 43550
2019-09-24 21:57:54,587 [SCM Heartbeat Processing Thread - 0] WARN  node.NodeStateManager (NodeStateManager.java:scheduleNextHealthCheck(646)) - Current Thread is interrupted, shutting down HB processing thread for Node Manager.
2019-09-24 21:57:54,587 [main] INFO  server.StorageContainerManager (StorageContainerManager.java:stop(830)) - Stopping block service RPC server
2019-09-24 21:57:54,587 [main] INFO  server.SCMBlockProtocolServer (SCMBlockProtocolServer.java:stop(155)) - Stopping the RPC server for Block Protocol
2019-09-24 21:57:54,587 [main] INFO  ipc.Server (Server.java:stop(3082)) - Stopping server on 43081
2019-09-24 21:57:54,589 [IPC Server listener on 43081] INFO  ipc.Server (Server.java:run(1185)) - Stopping IPC Server listener on 43081
2019-09-24 21:57:54,589 [main] INFO  server.StorageContainerManager (StorageContainerManager.java:stop(837)) - Stopping the StorageContainerLocationProtocol RPC server
2019-09-24 21:57:54,589 [IPC Server Responder] INFO  ipc.Server (Server.java:run(1319)) - Stopping IPC Server Responder
2019-09-24 21:57:54,589 [main] INFO  server.SCMClientProtocolServer (SCMClientProtocolServer.java:stop(159)) - Stopping the RPC server for Client Protocol
2019-09-24 21:57:54,590 [main] INFO  ipc.Server (Server.java:stop(3082)) - Stopping server on 42898
2019-09-24 21:57:54,591 [IPC Server listener on 42898] INFO  ipc.Server (Server.java:run(1185)) - Stopping IPC Server listener on 42898
2019-09-24 21:57:54,592 [main] INFO  server.StorageContainerManager (StorageContainerManager.java:stop(844)) - Stopping Storage Container Manager HTTP server.
2019-09-24 21:57:54,592 [IPC Server Responder] INFO  ipc.Server (Server.java:run(1319)) - Stopping IPC Server Responder
2019-09-24 21:57:54,592 [main] INFO  handler.ContextHandler (ContextHandler.java:doStop(910)) - Stopped o.e.j.w.WebAppContext@5003041b{/,null,UNAVAILABLE}{/scm}
2019-09-24 21:57:54,593 [main] INFO  server.AbstractConnector (AbstractConnector.java:doStop(318)) - Stopped ServerConnector@1b822fcc{HTTP/1.1,[http/1.1]}{0.0.0.0:0}
2019-09-24 21:57:54,594 [main] INFO  handler.ContextHandler (ContextHandler.java:doStop(910)) - Stopped o.e.j.s.ServletContextHandler@8692d67{/static,file:///workdir/hadoop-ozone/integration-test/target/test-classes/webapps/static,UNAVAILABLE}
2019-09-24 21:57:54,594 [main] INFO  handler.ContextHandler (ContextHandler.java:doStop(910)) - Stopped o.e.j.s.ServletContextHandler@56303b57{/logs,file:///workdir/hadoop-ozone/integration-test/target/log,UNAVAILABLE}
2019-09-24 21:57:54,595 [main] INFO  server.StorageContainerManager (StorageContainerManager.java:stop(855)) - Stopping Block Manager Service.
2019-09-24 21:57:54,595 [main] INFO  utils.BackgroundService (BackgroundService.java:shutdown(148)) - Shutting down service SCMBlockDeletingService
2019-09-24 21:57:54,596 [main] INFO  utils.BackgroundService (BackgroundService.java:shutdown(148)) - Shutting down service SCMBlockDeletingService
2019-09-24 21:57:54,596 [main] INFO  server.StorageContainerManager (StorageContainerManager.java:stop(877)) - Stopping SCM Event Queue.
2019-09-24 21:57:54,603 [main] INFO  impl.MetricsSystemImpl (MetricsSystemImpl.java:stop(210)) - Stopping ratis metrics system...
2019-09-24 21:57:54,612 [prometheus] INFO  impl.MetricsSinkAdapter (MetricsSinkAdapter.java:publishMetricsFromQueue(141)) - prometheus thread interrupted.
2019-09-24 21:57:54,613 [main] INFO  impl.MetricsSystemImpl (MetricsSystemImpl.java:stop(216)) - ratis metrics system stopped.
]]></system-out>
    <system-err><![CDATA[ERROR StatusLogger No Log4j 2 configuration file found. Using default configuration (logging only errors to the console), or user programmatically provided configurations. Set system property 'log4j2.debug' to show Log4j 2 internal initialization logging. See https://logging.apache.org/log4j/2.x/manual/configuration.html for instructions on how to configure Log4j 2
Sep 24, 2019 9:57:49 PM org.apache.ratis.thirdparty.io.grpc.internal.SerializingExecutor run
SEVERE: Exception while executing runnable org.apache.ratis.thirdparty.io.grpc.internal.ServerImpl$JumpToApplicationThreadServerStreamListener$1Closed@422f98d2
org.apache.ratis.thirdparty.io.grpc.StatusRuntimeException: CANCELLED: call already cancelled
	at org.apache.ratis.thirdparty.io.grpc.Status.asRuntimeException(Status.java:517)
	at org.apache.ratis.thirdparty.io.grpc.stub.ServerCalls$ServerCallStreamObserverImpl.onCompleted(ServerCalls.java:356)
	at org.apache.ratis.grpc.server.GrpcServerProtocolService$ServerRequestStreamObserver.onError(GrpcServerProtocolService.java:121)
	at org.apache.ratis.thirdparty.io.grpc.stub.ServerCalls$StreamingServerCallHandler$StreamingServerCallListener.onCancel(ServerCalls.java:269)
	at org.apache.ratis.thirdparty.io.grpc.internal.ServerCallImpl$ServerStreamListenerImpl.closed(ServerCallImpl.java:293)
	at org.apache.ratis.thirdparty.io.grpc.internal.ServerImpl$JumpToApplicationThreadServerStreamListener$1Closed.runInContext(ServerImpl.java:741)
	at org.apache.ratis.thirdparty.io.grpc.internal.ContextRunnable.run(ContextRunnable.java:37)
	at org.apache.ratis.thirdparty.io.grpc.internal.SerializingExecutor.run(SerializingExecutor.java:123)
	at java.util.concurrent.ThreadPoolExecutor.runWorker(ThreadPoolExecutor.java:1149)
	at java.util.concurrent.ThreadPoolExecutor$Worker.run(ThreadPoolExecutor.java:624)
	at java.lang.Thread.run(Thread.java:748)

Sep 24, 2019 9:57:49 PM org.apache.ratis.thirdparty.io.grpc.internal.SerializingExecutor run
SEVERE: Exception while executing runnable org.apache.ratis.thirdparty.io.grpc.internal.ServerImpl$JumpToApplicationThreadServerStreamListener$1Closed@4f86f191
org.apache.ratis.thirdparty.io.grpc.StatusRuntimeException: CANCELLED: call already cancelled
	at org.apache.ratis.thirdparty.io.grpc.Status.asRuntimeException(Status.java:517)
	at org.apache.ratis.thirdparty.io.grpc.stub.ServerCalls$ServerCallStreamObserverImpl.onCompleted(ServerCalls.java:356)
	at org.apache.ratis.grpc.server.GrpcServerProtocolService$ServerRequestStreamObserver.onError(GrpcServerProtocolService.java:121)
	at org.apache.ratis.thirdparty.io.grpc.stub.ServerCalls$StreamingServerCallHandler$StreamingServerCallListener.onCancel(ServerCalls.java:269)
	at org.apache.ratis.thirdparty.io.grpc.internal.ServerCallImpl$ServerStreamListenerImpl.closed(ServerCallImpl.java:293)
	at org.apache.ratis.thirdparty.io.grpc.internal.ServerImpl$JumpToApplicationThreadServerStreamListener$1Closed.runInContext(ServerImpl.java:741)
	at org.apache.ratis.thirdparty.io.grpc.internal.ContextRunnable.run(ContextRunnable.java:37)
	at org.apache.ratis.thirdparty.io.grpc.internal.SerializingExecutor.run(SerializingExecutor.java:123)
	at java.util.concurrent.ThreadPoolExecutor.runWorker(ThreadPoolExecutor.java:1149)
	at java.util.concurrent.ThreadPoolExecutor$Worker.run(ThreadPoolExecutor.java:624)
	at java.lang.Thread.run(Thread.java:748)

]]></system-err>
  </testcase>
</testsuite>