<?xml version="1.0" encoding="UTF-8"?>
<testsuite xmlns:xsi="http://www.w3.org/2001/XMLSchema-instance" xsi:noNamespaceSchemaLocation="https://maven.apache.org/surefire/maven-surefire-plugin/xsd/surefire-test-report.xsd" name="org.apache.hadoop.ozone.client.rpc.TestReadRetries" time="147.199" tests="1" errors="1" skipped="0" failures="0">
  <properties>
    <property name="awt.toolkit" value="sun.awt.X11.XToolkit"/>
    <property name="file.encoding.pkg" value="sun.io"/>
    <property name="java.specification.version" value="1.8"/>
    <property name="sun.cpu.isalist" value=""/>
    <property name="sun.jnu.encoding" value="UTF-8"/>
    <property name="java.class.path" value="/workdir/hadoop-ozone/integration-test/target/test-classes:/workdir/hadoop-ozone/integration-test/target/classes:/home/user/.m2/repository/org/apache/hadoop/hadoop-ozone-common/0.5.0-SNAPSHOT/hadoop-ozone-common-0.5.0-SNAPSHOT.jar:/home/user/.m2/repository/org/apache/commons/commons-compress/1.4.1/commons-compress-1.4.1.jar:/home/user/.m2/repository/org/tukaani/xz/1.0/xz-1.0.jar:/home/user/.m2/repository/org/apache/hadoop/hadoop-common/3.2.0/hadoop-common-3.2.0.jar:/home/user/.m2/repository/org/apache/hadoop/hadoop-hdfs/3.2.0/hadoop-hdfs-3.2.0.jar:/home/user/.m2/repository/org/apache/hadoop/hadoop-hdfs-client/3.2.0/hadoop-hdfs-client-3.2.0.jar:/home/user/.m2/repository/com/fasterxml/jackson/core/jackson-annotations/2.9.9/jackson-annotations-2.9.9.jar:/home/user/.m2/repository/org/apache/hadoop/hadoop-hdds-common/0.5.0-SNAPSHOT/hadoop-hdds-common-0.5.0-SNAPSHOT.jar:/home/user/.m2/repository/javax/annotation/javax.annotation-api/1.2/javax.annotation-api-1.2.jar:/home/user/.m2/repository/org/apache/ratis/ratis-server/0.4.0/ratis-server-0.4.0.jar:/home/user/.m2/repository/org/apache/ratis/ratis-thirdparty-misc/0.2.0/ratis-thirdparty-misc-0.2.0.jar:/home/user/.m2/repository/org/apache/ratis/ratis-proto/0.4.0/ratis-proto-0.4.0.jar:/home/user/.m2/repository/org/apache/ratis/ratis-common/0.4.0/ratis-common-0.4.0.jar:/home/user/.m2/repository/org/apache/ratis/ratis-client/0.4.0/ratis-client-0.4.0.jar:/home/user/.m2/repository/org/apache/ratis/ratis-metrics/0.4.0/ratis-metrics-0.4.0.jar:/home/user/.m2/repository/com/github/joshelser/dropwizard-metrics-hadoop-metrics2-reporter/0.1.2/dropwizard-metrics-hadoop-metrics2-reporter-0.1.2.jar:/home/user/.m2/repository/io/dropwizard/metrics/metrics-jvm/3.2.5/metrics-jvm-3.2.5.jar:/home/user/.m2/repository/io/dropwizard/metrics/metrics-ganglia/3.2.5/metrics-ganglia-3.2.5.jar:/home/user/.m2/repository/info/ganglia/gmetric4j/gmetric4j/1.0.7/gmetric4j-1.0.7.jar:/home/user/.m2/repository/org/apache/ratis/ratis-netty/0.4.0/ratis-netty-0.4.0.jar:/home/user/.m2/repository/org/apache/ratis/ratis-grpc/0.4.0/ratis-grpc-0.4.0.jar:/home/user/.m2/repository/org/rocksdb/rocksdbjni/6.0.1/rocksdbjni-6.0.1.jar:/home/user/.m2/repository/org/apache/logging/log4j/log4j-api/2.11.0/log4j-api-2.11.0.jar:/home/user/.m2/repository/org/apache/logging/log4j/log4j-core/2.11.0/log4j-core-2.11.0.jar:/home/user/.m2/repository/com/lmax/disruptor/3.4.2/disruptor-3.4.2.jar:/home/user/.m2/repository/org/apache/commons/commons-pool2/2.6.0/commons-pool2-2.6.0.jar:/home/user/.m2/repository/org/bouncycastle/bcpkix-jdk15on/1.60/bcpkix-jdk15on-1.60.jar:/home/user/.m2/repository/commons-validator/commons-validator/1.6/commons-validator-1.6.jar:/home/user/.m2/repository/commons-digester/commons-digester/1.8.1/commons-digester-1.8.1.jar:/home/user/.m2/repository/io/jaegertracing/jaeger-client/0.34.0/jaeger-client-0.34.0.jar:/home/user/.m2/repository/io/jaegertracing/jaeger-thrift/0.34.0/jaeger-thrift-0.34.0.jar:/home/user/.m2/repository/org/apache/thrift/libthrift/0.12.0/libthrift-0.12.0.jar:/home/user/.m2/repository/com/squareup/okhttp3/okhttp/3.9.0/okhttp-3.9.0.jar:/home/user/.m2/repository/com/squareup/okio/okio/1.13.0/okio-1.13.0.jar:/home/user/.m2/repository/io/jaegertracing/jaeger-core/0.34.0/jaeger-core-0.34.0.jar:/home/user/.m2/repository/io/jaegertracing/jaeger-tracerresolver/0.34.0/jaeger-tracerresolver-0.34.0.jar:/home/user/.m2/repository/io/opentracing/contrib/opentracing-tracerresolver/0.1.5/opentracing-tracerresolver-0.1.5.jar:/home/user/.m2/repository/io/opentracing/opentracing-util/0.31.0/opentracing-util-0.31.0.jar:/home/user/.m2/repository/io/opentracing/opentracing-api/0.31.0/opentracing-api-0.31.0.jar:/home/user/.m2/repository/io/opentracing/opentracing-noop/0.31.0/opentracing-noop-0.31.0.jar:/home/user/.m2/repository/org/apache/hadoop/hadoop-hdds-server-framework/0.5.0-SNAPSHOT/hadoop-hdds-server-framework-0.5.0-SNAPSHOT.jar:/home/user/.m2/repository/org/apache/hadoop/hadoop-hdds-container-service/0.5.0-SNAPSHOT/hadoop-hdds-container-service-0.5.0-SNAPSHOT.jar:/home/user/.m2/repository/org/apache/hadoop/hadoop-hdds-client/0.5.0-SNAPSHOT/hadoop-hdds-client-0.5.0-SNAPSHOT.jar:/home/user/.m2/repository/org/apache/hadoop/hadoop-hdds-tools/0.5.0-SNAPSHOT/hadoop-hdds-tools-0.5.0-SNAPSHOT.jar:/home/user/.m2/repository/org/apache/hadoop/hadoop-hdds-server-scm/0.5.0-SNAPSHOT/hadoop-hdds-server-scm-0.5.0-SNAPSHOT.jar:/home/user/.m2/repository/org/apache/hadoop/hadoop-hdds-docs/0.5.0-SNAPSHOT/hadoop-hdds-docs-0.5.0-SNAPSHOT.jar:/home/user/.m2/repository/io/dropwizard/metrics/metrics-core/3.2.4/metrics-core-3.2.4.jar:/home/user/.m2/repository/org/hamcrest/hamcrest-all/1.3/hamcrest-all-1.3.jar:/home/user/.m2/repository/org/bouncycastle/bcprov-jdk15on/1.60/bcprov-jdk15on-1.60.jar:/home/user/.m2/repository/info/picocli/picocli/3.9.6/picocli-3.9.6.jar:/home/user/.m2/repository/com/google/protobuf/protobuf-java/2.5.0/protobuf-java-2.5.0.jar:/home/user/.m2/repository/com/google/guava/guava/11.0.2/guava-11.0.2.jar:/home/user/.m2/repository/org/apache/hadoop/hadoop-ozone-ozone-manager/0.5.0-SNAPSHOT/hadoop-ozone-ozone-manager-0.5.0-SNAPSHOT.jar:/home/user/.m2/repository/org/apache/hadoop/hadoop-minikdc/3.2.0/hadoop-minikdc-3.2.0.jar:/home/user/.m2/repository/commons-io/commons-io/2.5/commons-io-2.5.jar:/home/user/.m2/repository/org/apache/kerby/kerb-simplekdc/1.0.1/kerb-simplekdc-1.0.1.jar:/home/user/.m2/repository/org/apache/kerby/kerb-client/1.0.1/kerb-client-1.0.1.jar:/home/user/.m2/repository/org/apache/kerby/kerby-config/1.0.1/kerby-config-1.0.1.jar:/home/user/.m2/repository/org/apache/kerby/kerb-core/1.0.1/kerb-core-1.0.1.jar:/home/user/.m2/repository/org/apache/kerby/kerby-pkix/1.0.1/kerby-pkix-1.0.1.jar:/home/user/.m2/repository/org/apache/kerby/kerby-asn1/1.0.1/kerby-asn1-1.0.1.jar:/home/user/.m2/repository/org/apache/kerby/kerby-util/1.0.1/kerby-util-1.0.1.jar:/home/user/.m2/repository/org/apache/kerby/kerb-common/1.0.1/kerb-common-1.0.1.jar:/home/user/.m2/repository/org/apache/kerby/kerb-crypto/1.0.1/kerb-crypto-1.0.1.jar:/home/user/.m2/repository/org/apache/kerby/kerb-util/1.0.1/kerb-util-1.0.1.jar:/home/user/.m2/repository/org/apache/kerby/token-provider/1.0.1/token-provider-1.0.1.jar:/home/user/.m2/repository/org/apache/kerby/kerb-admin/1.0.1/kerb-admin-1.0.1.jar:/home/user/.m2/repository/org/apache/kerby/kerb-server/1.0.1/kerb-server-1.0.1.jar:/home/user/.m2/repository/org/apache/kerby/kerb-identity/1.0.1/kerb-identity-1.0.1.jar:/home/user/.m2/repository/org/apache/kerby/kerby-xdr/1.0.1/kerby-xdr-1.0.1.jar:/home/user/.m2/repository/org/slf4j/slf4j-log4j12/1.7.25/slf4j-log4j12-1.7.25.jar:/home/user/.m2/repository/org/apache/hadoop/hadoop-ozone-s3gateway/0.5.0-SNAPSHOT/hadoop-ozone-s3gateway-0.5.0-SNAPSHOT.jar:/home/user/.m2/repository/org/jboss/weld/servlet/weld-servlet/2.4.7.Final/weld-servlet-2.4.7.Final.jar:/home/user/.m2/repository/org/glassfish/jersey/containers/jersey-container-servlet-core/2.27/jersey-container-servlet-core-2.27.jar:/home/user/.m2/repository/org/glassfish/hk2/external/javax.inject/2.5.0-b42/javax.inject-2.5.0-b42.jar:/home/user/.m2/repository/org/glassfish/jersey/core/jersey-common/2.27/jersey-common-2.27.jar:/home/user/.m2/repository/org/glassfish/hk2/osgi-resource-locator/1.0.1/osgi-resource-locator-1.0.1.jar:/home/user/.m2/repository/javax/ws/rs/javax.ws.rs-api/2.1/javax.ws.rs-api-2.1.jar:/home/user/.m2/repository/org/glassfish/jersey/ext/cdi/jersey-cdi1x/2.27/jersey-cdi1x-2.27.jar:/home/user/.m2/repository/org/glassfish/jersey/inject/jersey-hk2/2.27/jersey-hk2-2.27.jar:/home/user/.m2/repository/org/glassfish/hk2/hk2-locator/2.5.0-b42/hk2-locator-2.5.0-b42.jar:/home/user/.m2/repository/org/javassist/javassist/3.22.0-CR2/javassist-3.22.0-CR2.jar:/home/user/.m2/repository/org/glassfish/hk2/hk2-api/2.5.0/hk2-api-2.5.0.jar:/home/user/.m2/repository/org/glassfish/hk2/external/jakarta.inject/2.5.0/jakarta.inject-2.5.0.jar:/home/user/.m2/repository/org/glassfish/hk2/hk2-utils/2.5.0/hk2-utils-2.5.0.jar:/home/user/.m2/repository/jakarta/annotation/jakarta.annotation-api/1.3.4/jakarta.annotation-api-1.3.4.jar:/home/user/.m2/repository/org/glassfish/hk2/external/aopalliance-repackaged/2.5.0/aopalliance-repackaged-2.5.0.jar:/home/user/.m2/repository/com/fasterxml/jackson/dataformat/jackson-dataformat-xml/2.9.0/jackson-dataformat-xml-2.9.0.jar:/home/user/.m2/repository/com/fasterxml/jackson/core/jackson-core/2.9.9/jackson-core-2.9.9.jar:/home/user/.m2/repository/com/fasterxml/jackson/module/jackson-module-jaxb-annotations/2.9.9/jackson-module-jaxb-annotations-2.9.9.jar:/home/user/.m2/repository/javax/enterprise/cdi-api/1.2/cdi-api-1.2.jar:/home/user/.m2/repository/javax/el/javax.el-api/3.0.0/javax.el-api-3.0.0.jar:/home/user/.m2/repository/javax/interceptor/javax.interceptor-api/1.2/javax.interceptor-api-1.2.jar:/home/user/.m2/repository/javax/inject/javax.inject/1/javax.inject-1.jar:/home/user/.m2/repository/com/sun/xml/bind/jaxb-impl/2.3.0.1/jaxb-impl-2.3.0.1.jar:/home/user/.m2/repository/com/sun/xml/bind/jaxb-core/2.3.0.1/jaxb-core-2.3.0.1.jar:/home/user/.m2/repository/javax/xml/bind/jaxb-api/2.3.0/jaxb-api-2.3.0.jar:/home/user/.m2/repository/javax/activation/activation/1.1.1/activation-1.1.1.jar:/home/user/.m2/repository/org/apache/hadoop/hadoop-ozone-csi/0.5.0-SNAPSHOT/hadoop-ozone-csi-0.5.0-SNAPSHOT.jar:/home/user/.m2/repository/com/google/protobuf/protobuf-java-util/3.5.1/protobuf-java-util-3.5.1.jar:/home/user/.m2/repository/org/apache/hadoop/hadoop-hdds-config/0.5.0-SNAPSHOT/hadoop-hdds-config-0.5.0-SNAPSHOT.jar:/home/user/.m2/repository/io/grpc/grpc-netty/1.17.1/grpc-netty-1.17.1.jar:/home/user/.m2/repository/io/grpc/grpc-core/1.17.1/grpc-core-1.17.1.jar:/home/user/.m2/repository/io/grpc/grpc-context/1.17.1/grpc-context-1.17.1.jar:/home/user/.m2/repository/com/google/errorprone/error_prone_annotations/2.2.0/error_prone_annotations-2.2.0.jar:/home/user/.m2/repository/org/codehaus/mojo/animal-sniffer-annotations/1.17/animal-sniffer-annotations-1.17.jar:/home/user/.m2/repository/io/opencensus/opencensus-api/0.17.0/opencensus-api-0.17.0.jar:/home/user/.m2/repository/io/opencensus/opencensus-contrib-grpc-metrics/0.17.0/opencensus-contrib-grpc-metrics-0.17.0.jar:/home/user/.m2/repository/io/netty/netty-codec-http2/4.1.30.Final/netty-codec-http2-4.1.30.Final.jar:/home/user/.m2/repository/io/netty/netty-codec-http/4.1.30.Final/netty-codec-http-4.1.30.Final.jar:/home/user/.m2/repository/io/netty/netty-codec/4.1.30.Final/netty-codec-4.1.30.Final.jar:/home/user/.m2/repository/io/netty/netty-handler/4.1.30.Final/netty-handler-4.1.30.Final.jar:/home/user/.m2/repository/io/netty/netty-handler-proxy/4.1.30.Final/netty-handler-proxy-4.1.30.Final.jar:/home/user/.m2/repository/io/netty/netty-codec-socks/4.1.30.Final/netty-codec-socks-4.1.30.Final.jar:/home/user/.m2/repository/io/netty/netty-transport-native-epoll/4.1.30.Final/netty-transport-native-epoll-4.1.30.Final.jar:/home/user/.m2/repository/io/netty/netty-common/4.1.30.Final/netty-common-4.1.30.Final.jar:/home/user/.m2/repository/io/netty/netty-buffer/4.1.30.Final/netty-buffer-4.1.30.Final.jar:/home/user/.m2/repository/io/netty/netty-transport/4.1.30.Final/netty-transport-4.1.30.Final.jar:/home/user/.m2/repository/io/netty/netty-resolver/4.1.30.Final/netty-resolver-4.1.30.Final.jar:/home/user/.m2/repository/io/netty/netty-transport-native-unix-common/4.1.30.Final/netty-transport-native-unix-common-4.1.30.Final.jar:/home/user/.m2/repository/io/grpc/grpc-protobuf/1.17.1/grpc-protobuf-1.17.1.jar:/home/user/.m2/repository/com/google/api/grpc/proto-google-common-protos/1.0.0/proto-google-common-protos-1.0.0.jar:/home/user/.m2/repository/io/grpc/grpc-protobuf-lite/1.17.1/grpc-protobuf-lite-1.17.1.jar:/home/user/.m2/repository/io/grpc/grpc-stub/1.17.1/grpc-stub-1.17.1.jar:/home/user/.m2/repository/org/apache/hadoop/hadoop-ozone-recon/0.5.0-SNAPSHOT/hadoop-ozone-recon-0.5.0-SNAPSHOT.jar:/home/user/.m2/repository/org/apache/hadoop/hadoop-ozone-reconcodegen/0.5.0-SNAPSHOT/hadoop-ozone-reconcodegen-0.5.0-SNAPSHOT.jar:/home/user/.m2/repository/com/google/inject/extensions/guice-multibindings/4.0/guice-multibindings-4.0.jar:/home/user/.m2/repository/com/google/inject/guice/4.0/guice-4.0.jar:/home/user/.m2/repository/aopalliance/aopalliance/1.0/aopalliance-1.0.jar:/home/user/.m2/repository/com/google/inject/extensions/guice-servlet/4.0/guice-servlet-4.0.jar:/home/user/.m2/repository/org/glassfish/jersey/containers/jersey-container-servlet/2.27/jersey-container-servlet-2.27.jar:/home/user/.m2/repository/org/glassfish/hk2/guice-bridge/2.5.0/guice-bridge-2.5.0.jar:/home/user/.m2/repository/org/glassfish/jersey/core/jersey-server/2.27/jersey-server-2.27.jar:/home/user/.m2/repository/org/glassfish/jersey/core/jersey-client/2.27/jersey-client-2.27.jar:/home/user/.m2/repository/org/glassfish/jersey/media/jersey-media-jaxb/2.27/jersey-media-jaxb-2.27.jar:/home/user/.m2/repository/javax/validation/validation-api/1.1.0.Final/validation-api-1.1.0.Final.jar:/home/user/.m2/repository/org/glassfish/jersey/media/jersey-media-json-jackson/2.27/jersey-media-json-jackson-2.27.jar:/home/user/.m2/repository/org/glassfish/jersey/ext/jersey-entity-filtering/2.27/jersey-entity-filtering-2.27.jar:/home/user/.m2/repository/com/google/inject/extensions/guice-assistedinject/4.0/guice-assistedinject-4.0.jar:/home/user/.m2/repository/org/jooq/jooq/3.11.10/jooq-3.11.10.jar:/home/user/.m2/repository/org/jooq/jooq-meta/3.11.10/jooq-meta-3.11.10.jar:/home/user/.m2/repository/org/jooq/jooq-codegen/3.11.10/jooq-codegen-3.11.10.jar:/home/user/.m2/repository/com/jolbox/bonecp/0.8.0.RELEASE/bonecp-0.8.0.RELEASE.jar:/home/user/.m2/repository/org/xerial/sqlite-jdbc/3.25.2/sqlite-jdbc-3.25.2.jar:/home/user/.m2/repository/org/springframework/spring-jdbc/5.1.3.RELEASE/spring-jdbc-5.1.3.RELEASE.jar:/home/user/.m2/repository/org/springframework/spring-beans/5.1.3.RELEASE/spring-beans-5.1.3.RELEASE.jar:/home/user/.m2/repository/org/springframework/spring-core/5.1.3.RELEASE/spring-core-5.1.3.RELEASE.jar:/home/user/.m2/repository/org/springframework/spring-jcl/5.1.3.RELEASE/spring-jcl-5.1.3.RELEASE.jar:/home/user/.m2/repository/org/springframework/spring-tx/5.1.3.RELEASE/spring-tx-5.1.3.RELEASE.jar:/home/user/.m2/repository/org/apache/hadoop/hadoop-ozone-client/0.5.0-SNAPSHOT/hadoop-ozone-client-0.5.0-SNAPSHOT.jar:/home/user/.m2/repository/commons-lang/commons-lang/2.6/commons-lang-2.6.jar:/home/user/.m2/repository/org/apache/hadoop/hadoop-ozone-ozone-manager/0.5.0-SNAPSHOT/hadoop-ozone-ozone-manager-0.5.0-SNAPSHOT-tests.jar:/home/user/.m2/repository/junit/junit/4.11/junit-4.11.jar:/home/user/.m2/repository/org/hamcrest/hamcrest-core/1.3/hamcrest-core-1.3.jar:/home/user/.m2/repository/org/openjdk/jmh/jmh-core/1.19/jmh-core-1.19.jar:/home/user/.m2/repository/net/sf/jopt-simple/jopt-simple/4.6/jopt-simple-4.6.jar:/home/user/.m2/repository/org/apache/commons/commons-math3/3.1.1/commons-math3-3.1.1.jar:/home/user/.m2/repository/org/openjdk/jmh/jmh-generator-annprocess/1.19/jmh-generator-annprocess-1.19.jar:/home/user/.m2/repository/org/mockito/mockito-all/1.8.5/mockito-all-1.8.5.jar:/home/user/.m2/repository/org/apache/hadoop/hadoop-kms/3.2.0/hadoop-kms-3.2.0.jar:/home/user/.m2/repository/org/apache/hadoop/hadoop-auth/3.2.0/hadoop-auth-3.2.0.jar:/home/user/.m2/repository/com/nimbusds/nimbus-jose-jwt/4.41.1/nimbus-jose-jwt-4.41.1.jar:/home/user/.m2/repository/com/github/stephenc/jcip/jcip-annotations/1.0-1/jcip-annotations-1.0-1.jar:/home/user/.m2/repository/net/minidev/json-smart/2.3/json-smart-2.3.jar:/home/user/.m2/repository/net/minidev/accessors-smart/1.2/accessors-smart-1.2.jar:/home/user/.m2/repository/org/ow2/asm/asm/5.0.4/asm-5.0.4.jar:/home/user/.m2/repository/org/apache/curator/curator-framework/2.12.0/curator-framework-2.12.0.jar:/home/user/.m2/repository/com/sun/jersey/jersey-core/1.19/jersey-core-1.19.jar:/home/user/.m2/repository/javax/ws/rs/jsr311-api/1.1.1/jsr311-api-1.1.1.jar:/home/user/.m2/repository/com/sun/jersey/jersey-server/1.19/jersey-server-1.19.jar:/home/user/.m2/repository/javax/servlet/javax.servlet-api/3.1.0/javax.servlet-api-3.1.0.jar:/home/user/.m2/repository/org/eclipse/jetty/jetty-server/9.3.25.v20180904/jetty-server-9.3.25.v20180904.jar:/home/user/.m2/repository/org/eclipse/jetty/jetty-http/9.3.25.v20180904/jetty-http-9.3.25.v20180904.jar:/home/user/.m2/repository/org/eclipse/jetty/jetty-io/9.3.25.v20180904/jetty-io-9.3.25.v20180904.jar:/home/user/.m2/repository/org/eclipse/jetty/jetty-webapp/9.3.25.v20180904/jetty-webapp-9.3.25.v20180904.jar:/home/user/.m2/repository/org/eclipse/jetty/jetty-xml/9.3.25.v20180904/jetty-xml-9.3.25.v20180904.jar:/home/user/.m2/repository/log4j/log4j/1.2.17/log4j-1.2.17.jar:/home/user/.m2/repository/org/slf4j/slf4j-api/1.7.25/slf4j-api-1.7.25.jar:/home/user/.m2/repository/org/slf4j/jul-to-slf4j/1.7.25/jul-to-slf4j-1.7.25.jar:/home/user/.m2/repository/org/eclipse/jetty/jetty-util/9.3.25.v20180904/jetty-util-9.3.25.v20180904.jar:/home/user/.m2/repository/com/fasterxml/jackson/core/jackson-databind/2.9.9/jackson-databind-2.9.9.jar:/home/user/.m2/repository/org/apache/hadoop/hadoop-kms/3.2.0/hadoop-kms-3.2.0-tests.jar:/home/user/.m2/repository/org/apache/hadoop/hadoop-hdds-server-scm/0.5.0-SNAPSHOT/hadoop-hdds-server-scm-0.5.0-SNAPSHOT-tests.jar:/home/user/.m2/repository/org/apache/hadoop/hadoop-hdds-container-service/0.5.0-SNAPSHOT/hadoop-hdds-container-service-0.5.0-SNAPSHOT-tests.jar:/home/user/.m2/repository/org/yaml/snakeyaml/1.16/snakeyaml-1.16.jar:/home/user/.m2/repository/org/apache/hadoop/hadoop-common/3.2.0/hadoop-common-3.2.0-tests.jar:/home/user/.m2/repository/org/apache/hadoop/hadoop-annotations/3.2.0/hadoop-annotations-3.2.0.jar:/usr/lib/jvm/java-1.8-openjdk/jre/../lib/tools.jar:/home/user/.m2/repository/commons-cli/commons-cli/1.2/commons-cli-1.2.jar:/home/user/.m2/repository/org/apache/httpcomponents/httpclient/4.5.2/httpclient-4.5.2.jar:/home/user/.m2/repository/org/apache/httpcomponents/httpcore/4.4.4/httpcore-4.4.4.jar:/home/user/.m2/repository/commons-codec/commons-codec/1.11/commons-codec-1.11.jar:/home/user/.m2/repository/commons-net/commons-net/3.6/commons-net-3.6.jar:/home/user/.m2/repository/commons-collections/commons-collections/3.2.2/commons-collections-3.2.2.jar:/home/user/.m2/repository/org/eclipse/jetty/jetty-servlet/9.3.25.v20180904/jetty-servlet-9.3.25.v20180904.jar:/home/user/.m2/repository/org/eclipse/jetty/jetty-security/9.3.25.v20180904/jetty-security-9.3.25.v20180904.jar:/home/user/.m2/repository/javax/servlet/jsp/jsp-api/2.1/jsp-api-2.1.jar:/home/user/.m2/repository/com/sun/jersey/jersey-servlet/1.19/jersey-servlet-1.19.jar:/home/user/.m2/repository/com/sun/jersey/jersey-json/1.19/jersey-json-1.19.jar:/home/user/.m2/repository/org/codehaus/jettison/jettison/1.1/jettison-1.1.jar:/home/user/.m2/repository/org/codehaus/jackson/jackson-core-asl/1.9.13/jackson-core-asl-1.9.13.jar:/home/user/.m2/repository/org/codehaus/jackson/jackson-mapper-asl/1.9.13/jackson-mapper-asl-1.9.13.jar:/home/user/.m2/repository/org/codehaus/jackson/jackson-jaxrs/1.9.13/jackson-jaxrs-1.9.13.jar:/home/user/.m2/repository/org/codehaus/jackson/jackson-xc/1.9.13/jackson-xc-1.9.13.jar:/home/user/.m2/repository/commons-logging/commons-logging/1.1.3/commons-logging-1.1.3.jar:/home/user/.m2/repository/commons-beanutils/commons-beanutils/1.9.4/commons-beanutils-1.9.4.jar:/home/user/.m2/repository/org/apache/commons/commons-configuration2/2.1.1/commons-configuration2-2.1.1.jar:/home/user/.m2/repository/org/apache/commons/commons-lang3/3.7/commons-lang3-3.7.jar:/home/user/.m2/repository/org/apache/commons/commons-text/1.4/commons-text-1.4.jar:/home/user/.m2/repository/org/apache/avro/avro/1.7.7/avro-1.7.7.jar:/home/user/.m2/repository/com/thoughtworks/paranamer/paranamer/2.3/paranamer-2.3.jar:/home/user/.m2/repository/org/xerial/snappy/snappy-java/1.0.5/snappy-java-1.0.5.jar:/home/user/.m2/repository/com/google/re2j/re2j/1.1/re2j-1.1.jar:/home/user/.m2/repository/com/google/code/gson/gson/2.2.4/gson-2.2.4.jar:/home/user/.m2/repository/com/jcraft/jsch/0.1.54/jsch-0.1.54.jar:/home/user/.m2/repository/org/apache/curator/curator-client/2.12.0/curator-client-2.12.0.jar:/home/user/.m2/repository/org/apache/curator/curator-recipes/2.12.0/curator-recipes-2.12.0.jar:/home/user/.m2/repository/com/google/code/findbugs/jsr305/3.0.0/jsr305-3.0.0.jar:/home/user/.m2/repository/org/apache/htrace/htrace-core4/4.1.0-incubating/htrace-core4-4.1.0-incubating.jar:/home/user/.m2/repository/org/apache/zookeeper/zookeeper/3.4.13/zookeeper-3.4.13.jar:/home/user/.m2/repository/jline/jline/0.9.94/jline-0.9.94.jar:/home/user/.m2/repository/org/apache/yetus/audience-annotations/0.5.0/audience-annotations-0.5.0.jar:/home/user/.m2/repository/org/codehaus/woodstox/stax2-api/3.1.4/stax2-api-3.1.4.jar:/home/user/.m2/repository/com/fasterxml/woodstox/woodstox-core/5.0.3/woodstox-core-5.0.3.jar:/home/user/.m2/repository/dnsjava/dnsjava/2.1.7/dnsjava-2.1.7.jar:/home/user/.m2/repository/org/apache/hadoop/hadoop-hdfs/3.2.0/hadoop-hdfs-3.2.0-tests.jar:/home/user/.m2/repository/org/eclipse/jetty/jetty-util-ajax/9.3.25.v20180904/jetty-util-ajax-9.3.25.v20180904.jar:/home/user/.m2/repository/commons-daemon/commons-daemon/1.0.13/commons-daemon-1.0.13.jar:/home/user/.m2/repository/io/netty/netty/3.10.5.Final/netty-3.10.5.Final.jar:/home/user/.m2/repository/io/netty/netty-all/4.0.52.Final/netty-all-4.0.52.Final.jar:/home/user/.m2/repository/org/fusesource/leveldbjni/leveldbjni-all/1.8/leveldbjni-all-1.8.jar:"/>
    <property name="java.vm.vendor" value="IcedTea"/>
    <property name="sun.arch.data.model" value="64"/>
    <property name="test.build.dir" value="/workdir/hadoop-ozone/integration-test/target/test-dir"/>
    <property name="test.cache.data" value=""/>
    <property name="java.vendor.url" value="https://icedtea.classpath.org"/>
    <property name="user.timezone" value=""/>
    <property name="java.vm.specification.version" value="1.8"/>
    <property name="os.name" value="Linux"/>
    <property name="test.build.data" value="/workdir/hadoop-ozone/integration-test/target/test-dir"/>
    <property name="user.country" value="US"/>
    <property name="sun.java.launcher" value="SUN_STANDARD"/>
    <property name="sun.boot.library.path" value="/usr/lib/jvm/java-1.8-openjdk/jre/lib/amd64"/>
    <property name="sun.java.command" value="/workdir/hadoop-ozone/integration-test/target/surefire/surefirebooter8827637433191272605.jar /workdir/hadoop-ozone/integration-test/target/surefire 2019-09-24T20-51-17_462-jvmRun1 surefire4774665083977874255tmp surefire_657890826130201318366tmp"/>
    <property name="test" value="!TestMiniChaosOzoneCluster"/>
    <property name="surefire.test.class.path" value="/workdir/hadoop-ozone/integration-test/target/test-classes:/workdir/hadoop-ozone/integration-test/target/classes:/home/user/.m2/repository/org/apache/hadoop/hadoop-ozone-common/0.5.0-SNAPSHOT/hadoop-ozone-common-0.5.0-SNAPSHOT.jar:/home/user/.m2/repository/org/apache/commons/commons-compress/1.4.1/commons-compress-1.4.1.jar:/home/user/.m2/repository/org/tukaani/xz/1.0/xz-1.0.jar:/home/user/.m2/repository/org/apache/hadoop/hadoop-common/3.2.0/hadoop-common-3.2.0.jar:/home/user/.m2/repository/org/apache/hadoop/hadoop-hdfs/3.2.0/hadoop-hdfs-3.2.0.jar:/home/user/.m2/repository/org/apache/hadoop/hadoop-hdfs-client/3.2.0/hadoop-hdfs-client-3.2.0.jar:/home/user/.m2/repository/com/fasterxml/jackson/core/jackson-annotations/2.9.9/jackson-annotations-2.9.9.jar:/home/user/.m2/repository/org/apache/hadoop/hadoop-hdds-common/0.5.0-SNAPSHOT/hadoop-hdds-common-0.5.0-SNAPSHOT.jar:/home/user/.m2/repository/javax/annotation/javax.annotation-api/1.2/javax.annotation-api-1.2.jar:/home/user/.m2/repository/org/apache/ratis/ratis-server/0.4.0/ratis-server-0.4.0.jar:/home/user/.m2/repository/org/apache/ratis/ratis-thirdparty-misc/0.2.0/ratis-thirdparty-misc-0.2.0.jar:/home/user/.m2/repository/org/apache/ratis/ratis-proto/0.4.0/ratis-proto-0.4.0.jar:/home/user/.m2/repository/org/apache/ratis/ratis-common/0.4.0/ratis-common-0.4.0.jar:/home/user/.m2/repository/org/apache/ratis/ratis-client/0.4.0/ratis-client-0.4.0.jar:/home/user/.m2/repository/org/apache/ratis/ratis-metrics/0.4.0/ratis-metrics-0.4.0.jar:/home/user/.m2/repository/com/github/joshelser/dropwizard-metrics-hadoop-metrics2-reporter/0.1.2/dropwizard-metrics-hadoop-metrics2-reporter-0.1.2.jar:/home/user/.m2/repository/io/dropwizard/metrics/metrics-jvm/3.2.5/metrics-jvm-3.2.5.jar:/home/user/.m2/repository/io/dropwizard/metrics/metrics-ganglia/3.2.5/metrics-ganglia-3.2.5.jar:/home/user/.m2/repository/info/ganglia/gmetric4j/gmetric4j/1.0.7/gmetric4j-1.0.7.jar:/home/user/.m2/repository/org/apache/ratis/ratis-netty/0.4.0/ratis-netty-0.4.0.jar:/home/user/.m2/repository/org/apache/ratis/ratis-grpc/0.4.0/ratis-grpc-0.4.0.jar:/home/user/.m2/repository/org/rocksdb/rocksdbjni/6.0.1/rocksdbjni-6.0.1.jar:/home/user/.m2/repository/org/apache/logging/log4j/log4j-api/2.11.0/log4j-api-2.11.0.jar:/home/user/.m2/repository/org/apache/logging/log4j/log4j-core/2.11.0/log4j-core-2.11.0.jar:/home/user/.m2/repository/com/lmax/disruptor/3.4.2/disruptor-3.4.2.jar:/home/user/.m2/repository/org/apache/commons/commons-pool2/2.6.0/commons-pool2-2.6.0.jar:/home/user/.m2/repository/org/bouncycastle/bcpkix-jdk15on/1.60/bcpkix-jdk15on-1.60.jar:/home/user/.m2/repository/commons-validator/commons-validator/1.6/commons-validator-1.6.jar:/home/user/.m2/repository/commons-digester/commons-digester/1.8.1/commons-digester-1.8.1.jar:/home/user/.m2/repository/io/jaegertracing/jaeger-client/0.34.0/jaeger-client-0.34.0.jar:/home/user/.m2/repository/io/jaegertracing/jaeger-thrift/0.34.0/jaeger-thrift-0.34.0.jar:/home/user/.m2/repository/org/apache/thrift/libthrift/0.12.0/libthrift-0.12.0.jar:/home/user/.m2/repository/com/squareup/okhttp3/okhttp/3.9.0/okhttp-3.9.0.jar:/home/user/.m2/repository/com/squareup/okio/okio/1.13.0/okio-1.13.0.jar:/home/user/.m2/repository/io/jaegertracing/jaeger-core/0.34.0/jaeger-core-0.34.0.jar:/home/user/.m2/repository/io/jaegertracing/jaeger-tracerresolver/0.34.0/jaeger-tracerresolver-0.34.0.jar:/home/user/.m2/repository/io/opentracing/contrib/opentracing-tracerresolver/0.1.5/opentracing-tracerresolver-0.1.5.jar:/home/user/.m2/repository/io/opentracing/opentracing-util/0.31.0/opentracing-util-0.31.0.jar:/home/user/.m2/repository/io/opentracing/opentracing-api/0.31.0/opentracing-api-0.31.0.jar:/home/user/.m2/repository/io/opentracing/opentracing-noop/0.31.0/opentracing-noop-0.31.0.jar:/home/user/.m2/repository/org/apache/hadoop/hadoop-hdds-server-framework/0.5.0-SNAPSHOT/hadoop-hdds-server-framework-0.5.0-SNAPSHOT.jar:/home/user/.m2/repository/org/apache/hadoop/hadoop-hdds-container-service/0.5.0-SNAPSHOT/hadoop-hdds-container-service-0.5.0-SNAPSHOT.jar:/home/user/.m2/repository/org/apache/hadoop/hadoop-hdds-client/0.5.0-SNAPSHOT/hadoop-hdds-client-0.5.0-SNAPSHOT.jar:/home/user/.m2/repository/org/apache/hadoop/hadoop-hdds-tools/0.5.0-SNAPSHOT/hadoop-hdds-tools-0.5.0-SNAPSHOT.jar:/home/user/.m2/repository/org/apache/hadoop/hadoop-hdds-server-scm/0.5.0-SNAPSHOT/hadoop-hdds-server-scm-0.5.0-SNAPSHOT.jar:/home/user/.m2/repository/org/apache/hadoop/hadoop-hdds-docs/0.5.0-SNAPSHOT/hadoop-hdds-docs-0.5.0-SNAPSHOT.jar:/home/user/.m2/repository/io/dropwizard/metrics/metrics-core/3.2.4/metrics-core-3.2.4.jar:/home/user/.m2/repository/org/hamcrest/hamcrest-all/1.3/hamcrest-all-1.3.jar:/home/user/.m2/repository/org/bouncycastle/bcprov-jdk15on/1.60/bcprov-jdk15on-1.60.jar:/home/user/.m2/repository/info/picocli/picocli/3.9.6/picocli-3.9.6.jar:/home/user/.m2/repository/com/google/protobuf/protobuf-java/2.5.0/protobuf-java-2.5.0.jar:/home/user/.m2/repository/com/google/guava/guava/11.0.2/guava-11.0.2.jar:/home/user/.m2/repository/org/apache/hadoop/hadoop-ozone-ozone-manager/0.5.0-SNAPSHOT/hadoop-ozone-ozone-manager-0.5.0-SNAPSHOT.jar:/home/user/.m2/repository/org/apache/hadoop/hadoop-minikdc/3.2.0/hadoop-minikdc-3.2.0.jar:/home/user/.m2/repository/commons-io/commons-io/2.5/commons-io-2.5.jar:/home/user/.m2/repository/org/apache/kerby/kerb-simplekdc/1.0.1/kerb-simplekdc-1.0.1.jar:/home/user/.m2/repository/org/apache/kerby/kerb-client/1.0.1/kerb-client-1.0.1.jar:/home/user/.m2/repository/org/apache/kerby/kerby-config/1.0.1/kerby-config-1.0.1.jar:/home/user/.m2/repository/org/apache/kerby/kerb-core/1.0.1/kerb-core-1.0.1.jar:/home/user/.m2/repository/org/apache/kerby/kerby-pkix/1.0.1/kerby-pkix-1.0.1.jar:/home/user/.m2/repository/org/apache/kerby/kerby-asn1/1.0.1/kerby-asn1-1.0.1.jar:/home/user/.m2/repository/org/apache/kerby/kerby-util/1.0.1/kerby-util-1.0.1.jar:/home/user/.m2/repository/org/apache/kerby/kerb-common/1.0.1/kerb-common-1.0.1.jar:/home/user/.m2/repository/org/apache/kerby/kerb-crypto/1.0.1/kerb-crypto-1.0.1.jar:/home/user/.m2/repository/org/apache/kerby/kerb-util/1.0.1/kerb-util-1.0.1.jar:/home/user/.m2/repository/org/apache/kerby/token-provider/1.0.1/token-provider-1.0.1.jar:/home/user/.m2/repository/org/apache/kerby/kerb-admin/1.0.1/kerb-admin-1.0.1.jar:/home/user/.m2/repository/org/apache/kerby/kerb-server/1.0.1/kerb-server-1.0.1.jar:/home/user/.m2/repository/org/apache/kerby/kerb-identity/1.0.1/kerb-identity-1.0.1.jar:/home/user/.m2/repository/org/apache/kerby/kerby-xdr/1.0.1/kerby-xdr-1.0.1.jar:/home/user/.m2/repository/org/slf4j/slf4j-log4j12/1.7.25/slf4j-log4j12-1.7.25.jar:/home/user/.m2/repository/org/apache/hadoop/hadoop-ozone-s3gateway/0.5.0-SNAPSHOT/hadoop-ozone-s3gateway-0.5.0-SNAPSHOT.jar:/home/user/.m2/repository/org/jboss/weld/servlet/weld-servlet/2.4.7.Final/weld-servlet-2.4.7.Final.jar:/home/user/.m2/repository/org/glassfish/jersey/containers/jersey-container-servlet-core/2.27/jersey-container-servlet-core-2.27.jar:/home/user/.m2/repository/org/glassfish/hk2/external/javax.inject/2.5.0-b42/javax.inject-2.5.0-b42.jar:/home/user/.m2/repository/org/glassfish/jersey/core/jersey-common/2.27/jersey-common-2.27.jar:/home/user/.m2/repository/org/glassfish/hk2/osgi-resource-locator/1.0.1/osgi-resource-locator-1.0.1.jar:/home/user/.m2/repository/javax/ws/rs/javax.ws.rs-api/2.1/javax.ws.rs-api-2.1.jar:/home/user/.m2/repository/org/glassfish/jersey/ext/cdi/jersey-cdi1x/2.27/jersey-cdi1x-2.27.jar:/home/user/.m2/repository/org/glassfish/jersey/inject/jersey-hk2/2.27/jersey-hk2-2.27.jar:/home/user/.m2/repository/org/glassfish/hk2/hk2-locator/2.5.0-b42/hk2-locator-2.5.0-b42.jar:/home/user/.m2/repository/org/javassist/javassist/3.22.0-CR2/javassist-3.22.0-CR2.jar:/home/user/.m2/repository/org/glassfish/hk2/hk2-api/2.5.0/hk2-api-2.5.0.jar:/home/user/.m2/repository/org/glassfish/hk2/external/jakarta.inject/2.5.0/jakarta.inject-2.5.0.jar:/home/user/.m2/repository/org/glassfish/hk2/hk2-utils/2.5.0/hk2-utils-2.5.0.jar:/home/user/.m2/repository/jakarta/annotation/jakarta.annotation-api/1.3.4/jakarta.annotation-api-1.3.4.jar:/home/user/.m2/repository/org/glassfish/hk2/external/aopalliance-repackaged/2.5.0/aopalliance-repackaged-2.5.0.jar:/home/user/.m2/repository/com/fasterxml/jackson/dataformat/jackson-dataformat-xml/2.9.0/jackson-dataformat-xml-2.9.0.jar:/home/user/.m2/repository/com/fasterxml/jackson/core/jackson-core/2.9.9/jackson-core-2.9.9.jar:/home/user/.m2/repository/com/fasterxml/jackson/module/jackson-module-jaxb-annotations/2.9.9/jackson-module-jaxb-annotations-2.9.9.jar:/home/user/.m2/repository/javax/enterprise/cdi-api/1.2/cdi-api-1.2.jar:/home/user/.m2/repository/javax/el/javax.el-api/3.0.0/javax.el-api-3.0.0.jar:/home/user/.m2/repository/javax/interceptor/javax.interceptor-api/1.2/javax.interceptor-api-1.2.jar:/home/user/.m2/repository/javax/inject/javax.inject/1/javax.inject-1.jar:/home/user/.m2/repository/com/sun/xml/bind/jaxb-impl/2.3.0.1/jaxb-impl-2.3.0.1.jar:/home/user/.m2/repository/com/sun/xml/bind/jaxb-core/2.3.0.1/jaxb-core-2.3.0.1.jar:/home/user/.m2/repository/javax/xml/bind/jaxb-api/2.3.0/jaxb-api-2.3.0.jar:/home/user/.m2/repository/javax/activation/activation/1.1.1/activation-1.1.1.jar:/home/user/.m2/repository/org/apache/hadoop/hadoop-ozone-csi/0.5.0-SNAPSHOT/hadoop-ozone-csi-0.5.0-SNAPSHOT.jar:/home/user/.m2/repository/com/google/protobuf/protobuf-java-util/3.5.1/protobuf-java-util-3.5.1.jar:/home/user/.m2/repository/org/apache/hadoop/hadoop-hdds-config/0.5.0-SNAPSHOT/hadoop-hdds-config-0.5.0-SNAPSHOT.jar:/home/user/.m2/repository/io/grpc/grpc-netty/1.17.1/grpc-netty-1.17.1.jar:/home/user/.m2/repository/io/grpc/grpc-core/1.17.1/grpc-core-1.17.1.jar:/home/user/.m2/repository/io/grpc/grpc-context/1.17.1/grpc-context-1.17.1.jar:/home/user/.m2/repository/com/google/errorprone/error_prone_annotations/2.2.0/error_prone_annotations-2.2.0.jar:/home/user/.m2/repository/org/codehaus/mojo/animal-sniffer-annotations/1.17/animal-sniffer-annotations-1.17.jar:/home/user/.m2/repository/io/opencensus/opencensus-api/0.17.0/opencensus-api-0.17.0.jar:/home/user/.m2/repository/io/opencensus/opencensus-contrib-grpc-metrics/0.17.0/opencensus-contrib-grpc-metrics-0.17.0.jar:/home/user/.m2/repository/io/netty/netty-codec-http2/4.1.30.Final/netty-codec-http2-4.1.30.Final.jar:/home/user/.m2/repository/io/netty/netty-codec-http/4.1.30.Final/netty-codec-http-4.1.30.Final.jar:/home/user/.m2/repository/io/netty/netty-codec/4.1.30.Final/netty-codec-4.1.30.Final.jar:/home/user/.m2/repository/io/netty/netty-handler/4.1.30.Final/netty-handler-4.1.30.Final.jar:/home/user/.m2/repository/io/netty/netty-handler-proxy/4.1.30.Final/netty-handler-proxy-4.1.30.Final.jar:/home/user/.m2/repository/io/netty/netty-codec-socks/4.1.30.Final/netty-codec-socks-4.1.30.Final.jar:/home/user/.m2/repository/io/netty/netty-transport-native-epoll/4.1.30.Final/netty-transport-native-epoll-4.1.30.Final.jar:/home/user/.m2/repository/io/netty/netty-common/4.1.30.Final/netty-common-4.1.30.Final.jar:/home/user/.m2/repository/io/netty/netty-buffer/4.1.30.Final/netty-buffer-4.1.30.Final.jar:/home/user/.m2/repository/io/netty/netty-transport/4.1.30.Final/netty-transport-4.1.30.Final.jar:/home/user/.m2/repository/io/netty/netty-resolver/4.1.30.Final/netty-resolver-4.1.30.Final.jar:/home/user/.m2/repository/io/netty/netty-transport-native-unix-common/4.1.30.Final/netty-transport-native-unix-common-4.1.30.Final.jar:/home/user/.m2/repository/io/grpc/grpc-protobuf/1.17.1/grpc-protobuf-1.17.1.jar:/home/user/.m2/repository/com/google/api/grpc/proto-google-common-protos/1.0.0/proto-google-common-protos-1.0.0.jar:/home/user/.m2/repository/io/grpc/grpc-protobuf-lite/1.17.1/grpc-protobuf-lite-1.17.1.jar:/home/user/.m2/repository/io/grpc/grpc-stub/1.17.1/grpc-stub-1.17.1.jar:/home/user/.m2/repository/org/apache/hadoop/hadoop-ozone-recon/0.5.0-SNAPSHOT/hadoop-ozone-recon-0.5.0-SNAPSHOT.jar:/home/user/.m2/repository/org/apache/hadoop/hadoop-ozone-reconcodegen/0.5.0-SNAPSHOT/hadoop-ozone-reconcodegen-0.5.0-SNAPSHOT.jar:/home/user/.m2/repository/com/google/inject/extensions/guice-multibindings/4.0/guice-multibindings-4.0.jar:/home/user/.m2/repository/com/google/inject/guice/4.0/guice-4.0.jar:/home/user/.m2/repository/aopalliance/aopalliance/1.0/aopalliance-1.0.jar:/home/user/.m2/repository/com/google/inject/extensions/guice-servlet/4.0/guice-servlet-4.0.jar:/home/user/.m2/repository/org/glassfish/jersey/containers/jersey-container-servlet/2.27/jersey-container-servlet-2.27.jar:/home/user/.m2/repository/org/glassfish/hk2/guice-bridge/2.5.0/guice-bridge-2.5.0.jar:/home/user/.m2/repository/org/glassfish/jersey/core/jersey-server/2.27/jersey-server-2.27.jar:/home/user/.m2/repository/org/glassfish/jersey/core/jersey-client/2.27/jersey-client-2.27.jar:/home/user/.m2/repository/org/glassfish/jersey/media/jersey-media-jaxb/2.27/jersey-media-jaxb-2.27.jar:/home/user/.m2/repository/javax/validation/validation-api/1.1.0.Final/validation-api-1.1.0.Final.jar:/home/user/.m2/repository/org/glassfish/jersey/media/jersey-media-json-jackson/2.27/jersey-media-json-jackson-2.27.jar:/home/user/.m2/repository/org/glassfish/jersey/ext/jersey-entity-filtering/2.27/jersey-entity-filtering-2.27.jar:/home/user/.m2/repository/com/google/inject/extensions/guice-assistedinject/4.0/guice-assistedinject-4.0.jar:/home/user/.m2/repository/org/jooq/jooq/3.11.10/jooq-3.11.10.jar:/home/user/.m2/repository/org/jooq/jooq-meta/3.11.10/jooq-meta-3.11.10.jar:/home/user/.m2/repository/org/jooq/jooq-codegen/3.11.10/jooq-codegen-3.11.10.jar:/home/user/.m2/repository/com/jolbox/bonecp/0.8.0.RELEASE/bonecp-0.8.0.RELEASE.jar:/home/user/.m2/repository/org/xerial/sqlite-jdbc/3.25.2/sqlite-jdbc-3.25.2.jar:/home/user/.m2/repository/org/springframework/spring-jdbc/5.1.3.RELEASE/spring-jdbc-5.1.3.RELEASE.jar:/home/user/.m2/repository/org/springframework/spring-beans/5.1.3.RELEASE/spring-beans-5.1.3.RELEASE.jar:/home/user/.m2/repository/org/springframework/spring-core/5.1.3.RELEASE/spring-core-5.1.3.RELEASE.jar:/home/user/.m2/repository/org/springframework/spring-jcl/5.1.3.RELEASE/spring-jcl-5.1.3.RELEASE.jar:/home/user/.m2/repository/org/springframework/spring-tx/5.1.3.RELEASE/spring-tx-5.1.3.RELEASE.jar:/home/user/.m2/repository/org/apache/hadoop/hadoop-ozone-client/0.5.0-SNAPSHOT/hadoop-ozone-client-0.5.0-SNAPSHOT.jar:/home/user/.m2/repository/commons-lang/commons-lang/2.6/commons-lang-2.6.jar:/home/user/.m2/repository/org/apache/hadoop/hadoop-ozone-ozone-manager/0.5.0-SNAPSHOT/hadoop-ozone-ozone-manager-0.5.0-SNAPSHOT-tests.jar:/home/user/.m2/repository/junit/junit/4.11/junit-4.11.jar:/home/user/.m2/repository/org/hamcrest/hamcrest-core/1.3/hamcrest-core-1.3.jar:/home/user/.m2/repository/org/openjdk/jmh/jmh-core/1.19/jmh-core-1.19.jar:/home/user/.m2/repository/net/sf/jopt-simple/jopt-simple/4.6/jopt-simple-4.6.jar:/home/user/.m2/repository/org/apache/commons/commons-math3/3.1.1/commons-math3-3.1.1.jar:/home/user/.m2/repository/org/openjdk/jmh/jmh-generator-annprocess/1.19/jmh-generator-annprocess-1.19.jar:/home/user/.m2/repository/org/mockito/mockito-all/1.8.5/mockito-all-1.8.5.jar:/home/user/.m2/repository/org/apache/hadoop/hadoop-kms/3.2.0/hadoop-kms-3.2.0.jar:/home/user/.m2/repository/org/apache/hadoop/hadoop-auth/3.2.0/hadoop-auth-3.2.0.jar:/home/user/.m2/repository/com/nimbusds/nimbus-jose-jwt/4.41.1/nimbus-jose-jwt-4.41.1.jar:/home/user/.m2/repository/com/github/stephenc/jcip/jcip-annotations/1.0-1/jcip-annotations-1.0-1.jar:/home/user/.m2/repository/net/minidev/json-smart/2.3/json-smart-2.3.jar:/home/user/.m2/repository/net/minidev/accessors-smart/1.2/accessors-smart-1.2.jar:/home/user/.m2/repository/org/ow2/asm/asm/5.0.4/asm-5.0.4.jar:/home/user/.m2/repository/org/apache/curator/curator-framework/2.12.0/curator-framework-2.12.0.jar:/home/user/.m2/repository/com/sun/jersey/jersey-core/1.19/jersey-core-1.19.jar:/home/user/.m2/repository/javax/ws/rs/jsr311-api/1.1.1/jsr311-api-1.1.1.jar:/home/user/.m2/repository/com/sun/jersey/jersey-server/1.19/jersey-server-1.19.jar:/home/user/.m2/repository/javax/servlet/javax.servlet-api/3.1.0/javax.servlet-api-3.1.0.jar:/home/user/.m2/repository/org/eclipse/jetty/jetty-server/9.3.25.v20180904/jetty-server-9.3.25.v20180904.jar:/home/user/.m2/repository/org/eclipse/jetty/jetty-http/9.3.25.v20180904/jetty-http-9.3.25.v20180904.jar:/home/user/.m2/repository/org/eclipse/jetty/jetty-io/9.3.25.v20180904/jetty-io-9.3.25.v20180904.jar:/home/user/.m2/repository/org/eclipse/jetty/jetty-webapp/9.3.25.v20180904/jetty-webapp-9.3.25.v20180904.jar:/home/user/.m2/repository/org/eclipse/jetty/jetty-xml/9.3.25.v20180904/jetty-xml-9.3.25.v20180904.jar:/home/user/.m2/repository/log4j/log4j/1.2.17/log4j-1.2.17.jar:/home/user/.m2/repository/org/slf4j/slf4j-api/1.7.25/slf4j-api-1.7.25.jar:/home/user/.m2/repository/org/slf4j/jul-to-slf4j/1.7.25/jul-to-slf4j-1.7.25.jar:/home/user/.m2/repository/org/eclipse/jetty/jetty-util/9.3.25.v20180904/jetty-util-9.3.25.v20180904.jar:/home/user/.m2/repository/com/fasterxml/jackson/core/jackson-databind/2.9.9/jackson-databind-2.9.9.jar:/home/user/.m2/repository/org/apache/hadoop/hadoop-kms/3.2.0/hadoop-kms-3.2.0-tests.jar:/home/user/.m2/repository/org/apache/hadoop/hadoop-hdds-server-scm/0.5.0-SNAPSHOT/hadoop-hdds-server-scm-0.5.0-SNAPSHOT-tests.jar:/home/user/.m2/repository/org/apache/hadoop/hadoop-hdds-container-service/0.5.0-SNAPSHOT/hadoop-hdds-container-service-0.5.0-SNAPSHOT-tests.jar:/home/user/.m2/repository/org/yaml/snakeyaml/1.16/snakeyaml-1.16.jar:/home/user/.m2/repository/org/apache/hadoop/hadoop-common/3.2.0/hadoop-common-3.2.0-tests.jar:/home/user/.m2/repository/org/apache/hadoop/hadoop-annotations/3.2.0/hadoop-annotations-3.2.0.jar:/usr/lib/jvm/java-1.8-openjdk/jre/../lib/tools.jar:/home/user/.m2/repository/commons-cli/commons-cli/1.2/commons-cli-1.2.jar:/home/user/.m2/repository/org/apache/httpcomponents/httpclient/4.5.2/httpclient-4.5.2.jar:/home/user/.m2/repository/org/apache/httpcomponents/httpcore/4.4.4/httpcore-4.4.4.jar:/home/user/.m2/repository/commons-codec/commons-codec/1.11/commons-codec-1.11.jar:/home/user/.m2/repository/commons-net/commons-net/3.6/commons-net-3.6.jar:/home/user/.m2/repository/commons-collections/commons-collections/3.2.2/commons-collections-3.2.2.jar:/home/user/.m2/repository/org/eclipse/jetty/jetty-servlet/9.3.25.v20180904/jetty-servlet-9.3.25.v20180904.jar:/home/user/.m2/repository/org/eclipse/jetty/jetty-security/9.3.25.v20180904/jetty-security-9.3.25.v20180904.jar:/home/user/.m2/repository/javax/servlet/jsp/jsp-api/2.1/jsp-api-2.1.jar:/home/user/.m2/repository/com/sun/jersey/jersey-servlet/1.19/jersey-servlet-1.19.jar:/home/user/.m2/repository/com/sun/jersey/jersey-json/1.19/jersey-json-1.19.jar:/home/user/.m2/repository/org/codehaus/jettison/jettison/1.1/jettison-1.1.jar:/home/user/.m2/repository/org/codehaus/jackson/jackson-core-asl/1.9.13/jackson-core-asl-1.9.13.jar:/home/user/.m2/repository/org/codehaus/jackson/jackson-mapper-asl/1.9.13/jackson-mapper-asl-1.9.13.jar:/home/user/.m2/repository/org/codehaus/jackson/jackson-jaxrs/1.9.13/jackson-jaxrs-1.9.13.jar:/home/user/.m2/repository/org/codehaus/jackson/jackson-xc/1.9.13/jackson-xc-1.9.13.jar:/home/user/.m2/repository/commons-logging/commons-logging/1.1.3/commons-logging-1.1.3.jar:/home/user/.m2/repository/commons-beanutils/commons-beanutils/1.9.4/commons-beanutils-1.9.4.jar:/home/user/.m2/repository/org/apache/commons/commons-configuration2/2.1.1/commons-configuration2-2.1.1.jar:/home/user/.m2/repository/org/apache/commons/commons-lang3/3.7/commons-lang3-3.7.jar:/home/user/.m2/repository/org/apache/commons/commons-text/1.4/commons-text-1.4.jar:/home/user/.m2/repository/org/apache/avro/avro/1.7.7/avro-1.7.7.jar:/home/user/.m2/repository/com/thoughtworks/paranamer/paranamer/2.3/paranamer-2.3.jar:/home/user/.m2/repository/org/xerial/snappy/snappy-java/1.0.5/snappy-java-1.0.5.jar:/home/user/.m2/repository/com/google/re2j/re2j/1.1/re2j-1.1.jar:/home/user/.m2/repository/com/google/code/gson/gson/2.2.4/gson-2.2.4.jar:/home/user/.m2/repository/com/jcraft/jsch/0.1.54/jsch-0.1.54.jar:/home/user/.m2/repository/org/apache/curator/curator-client/2.12.0/curator-client-2.12.0.jar:/home/user/.m2/repository/org/apache/curator/curator-recipes/2.12.0/curator-recipes-2.12.0.jar:/home/user/.m2/repository/com/google/code/findbugs/jsr305/3.0.0/jsr305-3.0.0.jar:/home/user/.m2/repository/org/apache/htrace/htrace-core4/4.1.0-incubating/htrace-core4-4.1.0-incubating.jar:/home/user/.m2/repository/org/apache/zookeeper/zookeeper/3.4.13/zookeeper-3.4.13.jar:/home/user/.m2/repository/jline/jline/0.9.94/jline-0.9.94.jar:/home/user/.m2/repository/org/apache/yetus/audience-annotations/0.5.0/audience-annotations-0.5.0.jar:/home/user/.m2/repository/org/codehaus/woodstox/stax2-api/3.1.4/stax2-api-3.1.4.jar:/home/user/.m2/repository/com/fasterxml/woodstox/woodstox-core/5.0.3/woodstox-core-5.0.3.jar:/home/user/.m2/repository/dnsjava/dnsjava/2.1.7/dnsjava-2.1.7.jar:/home/user/.m2/repository/org/apache/hadoop/hadoop-hdfs/3.2.0/hadoop-hdfs-3.2.0-tests.jar:/home/user/.m2/repository/org/eclipse/jetty/jetty-util-ajax/9.3.25.v20180904/jetty-util-ajax-9.3.25.v20180904.jar:/home/user/.m2/repository/commons-daemon/commons-daemon/1.0.13/commons-daemon-1.0.13.jar:/home/user/.m2/repository/io/netty/netty/3.10.5.Final/netty-3.10.5.Final.jar:/home/user/.m2/repository/io/netty/netty-all/4.0.52.Final/netty-all-4.0.52.Final.jar:/home/user/.m2/repository/org/fusesource/leveldbjni/leveldbjni-all/1.8/leveldbjni-all-1.8.jar:"/>
    <property name="sun.cpu.endian" value="little"/>
    <property name="user.home" value="/home/user"/>
    <property name="user.language" value="en"/>
    <property name="java.specification.vendor" value="Oracle Corporation"/>
    <property name="java.home" value="/usr/lib/jvm/java-1.8-openjdk/jre"/>
    <property name="java.security.krb5.conf" value="/workdir/hadoop-ozone/integration-test/target/test-classes/krb5.conf"/>
    <property name="basedir" value="/workdir/hadoop-ozone/integration-test"/>
    <property name="file.separator" value="/"/>
    <property name="line.separator" value="&#10;"/>
    <property name="java.vm.specification.vendor" value="Oracle Corporation"/>
    <property name="java.specification.name" value="Java Platform API Specification"/>
    <property name="java.awt.graphicsenv" value="sun.awt.X11GraphicsEnvironment"/>
    <property name="surefire.real.class.path" value="/workdir/hadoop-ozone/integration-test/target/surefire/surefirebooter8827637433191272605.jar"/>
    <property name="hadoop.log.dir" value="/workdir/hadoop-ozone/integration-test/target/log"/>
    <property name="sun.boot.class.path" value="/usr/lib/jvm/java-1.8-openjdk/jre/lib/resources.jar:/usr/lib/jvm/java-1.8-openjdk/jre/lib/rt.jar:/usr/lib/jvm/java-1.8-openjdk/jre/lib/sunrsasign.jar:/usr/lib/jvm/java-1.8-openjdk/jre/lib/jsse.jar:/usr/lib/jvm/java-1.8-openjdk/jre/lib/jce.jar:/usr/lib/jvm/java-1.8-openjdk/jre/lib/charsets.jar:/usr/lib/jvm/java-1.8-openjdk/jre/lib/jfr.jar:/usr/lib/jvm/java-1.8-openjdk/jre/classes"/>
    <property name="sun.management.compiler" value="HotSpot 64-Bit Tiered Compilers"/>
    <property name="java.runtime.version" value="1.8.0_212-b04"/>
    <property name="java.net.preferIPv4Stack" value="true"/>
    <property name="user.name" value="jenkins1000"/>
    <property name="path.separator" value=":"/>
    <property name="java.security.egd" value="file:///dev/urandom"/>
    <property name="os.version" value="3.10.0-957.12.2.el7.x86_64"/>
    <property name="java.endorsed.dirs" value="/usr/lib/jvm/java-1.8-openjdk/jre/lib/endorsed"/>
    <property name="java.runtime.name" value="OpenJDK Runtime Environment"/>
    <property name="file.encoding" value="UTF-8"/>
    <property name="java.vm.name" value="OpenJDK 64-Bit Server VM"/>
    <property name="test.build.webapps" value=""/>
    <property name="localRepository" value="/home/user/.m2/repository"/>
    <property name="java.vendor.url.bug" value="https://icedtea.classpath.org/bugzilla"/>
    <property name="java.io.tmpdir" value="/tmp"/>
    <property name="require.test.libhadoop" value=""/>
    <property name="java.version" value="1.8.0_212"/>
    <property name="user.dir" value="/workdir/hadoop-ozone/integration-test"/>
    <property name="os.arch" value="amd64"/>
    <property name="java.vm.specification.name" value="Java Virtual Machine Specification"/>
    <property name="test.build.classes" value="/workdir/hadoop-ozone/integration-test/target/test-classes"/>
    <property name="java.awt.printerjob" value="sun.print.PSPrinterJob"/>
    <property name="sun.os.patch.level" value="unknown"/>
    <property name="hadoop.tmp.dir" value="/workdir/hadoop-ozone/integration-test/target/tmp"/>
    <property name="java.library.path" value="/usr/lib/jvm/java-1.8-openjdk/jre/lib/amd64/server:/usr/lib/jvm/java-1.8-openjdk/jre/lib/amd64:/usr/lib/jvm/java-1.8-openjdk/jre/../lib/amd64:/workdir/hadoop-ozone/integration-test/target/native/target/usr/local/lib:/workdir/hadoop-ozone/integration-test/../../hadoop-common-project/hadoop-common/target/native/target/usr/local/lib:/usr/java/packages/lib/amd64:/usr/lib64:/lib64:/lib:/usr/lib"/>
    <property name="java.vm.info" value="mixed mode"/>
    <property name="java.vendor" value="IcedTea"/>
    <property name="java.vm.version" value="25.212-b04"/>
    <property name="java.ext.dirs" value="/usr/lib/jvm/java-1.8-openjdk/jre/lib/ext:/usr/java/packages/lib/ext"/>
    <property name="sun.io.unicode.encoding" value="UnicodeLittle"/>
    <property name="java.class.version" value="52.0"/>
  </properties>
  <testcase name="org.apache.hadoop.ozone.client.rpc.TestReadRetries" classname="org.apache.hadoop.ozone.client.rpc.TestReadRetries" time="147.198">
    <error message="Connection refused" type="java.net.ConnectException"><![CDATA[java.net.ConnectException: Connection refused
	at sun.nio.ch.SocketChannelImpl.checkConnect(Native Method)
	at sun.nio.ch.SocketChannelImpl.finishConnect(SocketChannelImpl.java:717)
	at org.apache.hadoop.net.SocketIOWithTimeout.connect(SocketIOWithTimeout.java:206)
	at org.apache.hadoop.net.NetUtils.connect(NetUtils.java:531)
	at org.apache.hadoop.ipc.Client$Connection.setupConnection(Client.java:690)
	at org.apache.hadoop.ipc.Client$Connection.setupIOstreams(Client.java:794)
	at org.apache.hadoop.ipc.Client$Connection.access$3700(Client.java:411)
	at org.apache.hadoop.ipc.Client.getConnection(Client.java:1572)
	at org.apache.hadoop.ipc.Client.call(Client.java:1403)
	at org.apache.hadoop.ipc.Client.call(Client.java:1367)
	at org.apache.hadoop.ipc.ProtobufRpcEngine$Invoker.invoke(ProtobufRpcEngine.java:228)
	at org.apache.hadoop.ipc.ProtobufRpcEngine$Invoker.invoke(ProtobufRpcEngine.java:116)
	at com.sun.proxy.$Proxy37.submitRequest(Unknown Source)
	at sun.reflect.NativeMethodAccessorImpl.invoke0(Native Method)
	at sun.reflect.NativeMethodAccessorImpl.invoke(NativeMethodAccessorImpl.java:62)
	at sun.reflect.DelegatingMethodAccessorImpl.invoke(DelegatingMethodAccessorImpl.java:43)
	at java.lang.reflect.Method.invoke(Method.java:498)
	at org.apache.hadoop.io.retry.RetryInvocationHandler.invokeMethod(RetryInvocationHandler.java:422)
	at org.apache.hadoop.io.retry.RetryInvocationHandler$Call.invokeMethod(RetryInvocationHandler.java:165)
	at org.apache.hadoop.io.retry.RetryInvocationHandler$Call.invoke(RetryInvocationHandler.java:157)
	at org.apache.hadoop.io.retry.RetryInvocationHandler$Call.invokeOnce(RetryInvocationHandler.java:95)
	at org.apache.hadoop.io.retry.RetryInvocationHandler.invoke(RetryInvocationHandler.java:359)
	at com.sun.proxy.$Proxy37.submitRequest(Unknown Source)
	at org.apache.hadoop.ozone.om.protocolPB.OzoneManagerProtocolClientSideTranslatorPB.submitRequest(OzoneManagerProtocolClientSideTranslatorPB.java:338)
	at org.apache.hadoop.ozone.om.protocolPB.OzoneManagerProtocolClientSideTranslatorPB.getServiceInfo(OzoneManagerProtocolClientSideTranslatorPB.java:1223)
	at sun.reflect.NativeMethodAccessorImpl.invoke0(Native Method)
	at sun.reflect.NativeMethodAccessorImpl.invoke(NativeMethodAccessorImpl.java:62)
	at sun.reflect.DelegatingMethodAccessorImpl.invoke(DelegatingMethodAccessorImpl.java:43)
	at java.lang.reflect.Method.invoke(Method.java:498)
	at org.apache.hadoop.hdds.tracing.TraceAllMethod.invoke(TraceAllMethod.java:66)
	at com.sun.proxy.$Proxy38.getServiceInfo(Unknown Source)
	at org.apache.hadoop.ozone.client.rpc.RpcClient.<init>(RpcClient.java:154)
	at org.apache.hadoop.ozone.client.OzoneClientFactory.getClientProtocol(OzoneClientFactory.java:256)
	at org.apache.hadoop.ozone.client.OzoneClientFactory.getClientProtocol(OzoneClientFactory.java:239)
	at org.apache.hadoop.ozone.client.OzoneClientFactory.getRpcClient(OzoneClientFactory.java:203)
	at org.apache.hadoop.ozone.client.rpc.TestReadRetries.init(TestReadRetries.java:95)
	at sun.reflect.NativeMethodAccessorImpl.invoke0(Native Method)
	at sun.reflect.NativeMethodAccessorImpl.invoke(NativeMethodAccessorImpl.java:62)
	at sun.reflect.DelegatingMethodAccessorImpl.invoke(DelegatingMethodAccessorImpl.java:43)
	at java.lang.reflect.Method.invoke(Method.java:498)
	at org.junit.runners.model.FrameworkMethod$1.runReflectiveCall(FrameworkMethod.java:47)
	at org.junit.internal.runners.model.ReflectiveCallable.run(ReflectiveCallable.java:12)
	at org.junit.runners.model.FrameworkMethod.invokeExplosively(FrameworkMethod.java:44)
	at org.junit.internal.runners.statements.RunBefores.evaluate(RunBefores.java:24)
	at org.junit.internal.runners.statements.RunAfters.evaluate(RunAfters.java:27)
	at org.junit.runners.ParentRunner.run(ParentRunner.java:309)
	at org.apache.maven.surefire.junit4.JUnit4Provider.execute(JUnit4Provider.java:365)
	at org.apache.maven.surefire.junit4.JUnit4Provider.executeWithRerun(JUnit4Provider.java:273)
	at org.apache.maven.surefire.junit4.JUnit4Provider.executeTestSet(JUnit4Provider.java:238)
	at org.apache.maven.surefire.junit4.JUnit4Provider.invoke(JUnit4Provider.java:159)
	at org.apache.maven.surefire.booter.ForkedBooter.invokeProviderInSameClassLoader(ForkedBooter.java:384)
	at org.apache.maven.surefire.booter.ForkedBooter.runSuitesInProcess(ForkedBooter.java:345)
	at org.apache.maven.surefire.booter.ForkedBooter.execute(ForkedBooter.java:126)
	at org.apache.maven.surefire.booter.ForkedBooter.main(ForkedBooter.java:418)
]]></error>
    <system-out><![CDATA[2019-09-24 22:35:57,689 [main] WARN  server.ServerUtils (ServerUtils.java:getScmDbDir(145)) - ozone.scm.db.dirs is not configured. We recommend adding this setting. Falling back to ozone.metadata.dirs instead.
2019-09-24 22:35:57,835 [main] WARN  server.ServerUtils (ServerUtils.java:getScmDbDir(145)) - ozone.scm.db.dirs is not configured. We recommend adding this setting. Falling back to ozone.metadata.dirs instead.
2019-09-24 22:35:57,838 [main] WARN  server.ServerUtils (ServerUtils.java:getScmDbDir(145)) - ozone.scm.db.dirs is not configured. We recommend adding this setting. Falling back to ozone.metadata.dirs instead.
2019-09-24 22:35:57,859 [main] INFO  util.log (Log.java:initialized(192)) - Logging initialized @918ms
2019-09-24 22:35:57,964 [main] INFO  db.DBStoreBuilder (DBStoreBuilder.java:addTable(110)) - using custom profile for table: deletedBlocks
2019-09-24 22:35:57,965 [main] INFO  db.DBStoreBuilder (DBStoreBuilder.java:processTables(161)) - Using default column profile:DBProfile.DISK for Table:deletedBlocks
2019-09-24 22:35:57,965 [main] INFO  db.DBStoreBuilder (DBStoreBuilder.java:addTable(110)) - using custom profile for table: validCerts
2019-09-24 22:35:57,965 [main] INFO  db.DBStoreBuilder (DBStoreBuilder.java:processTables(161)) - Using default column profile:DBProfile.DISK for Table:validCerts
2019-09-24 22:35:57,966 [main] INFO  db.DBStoreBuilder (DBStoreBuilder.java:addTable(110)) - using custom profile for table: revokedCerts
2019-09-24 22:35:57,966 [main] INFO  db.DBStoreBuilder (DBStoreBuilder.java:processTables(161)) - Using default column profile:DBProfile.DISK for Table:revokedCerts
2019-09-24 22:35:57,978 [main] INFO  db.DBStoreBuilder (DBStoreBuilder.java:addTable(110)) - using custom profile for table: default
2019-09-24 22:35:57,978 [main] INFO  db.DBStoreBuilder (DBStoreBuilder.java:processTables(167)) - Using default column profile:DBProfile.DISK for Table:default
2019-09-24 22:35:57,980 [main] INFO  db.DBStoreBuilder (DBStoreBuilder.java:getDbProfile(198)) - Using default options. DBProfile.DISK
2019-09-24 22:35:58,363 [main] INFO  net.NodeSchemaLoader (NodeSchemaLoader.java:loadSchemaFromFile(125)) - Loading file from sun.misc.CompoundEnumeration@5e0e82ae
2019-09-24 22:35:58,365 [main] INFO  net.NodeSchemaLoader (NodeSchemaLoader.java:loadSchema(171)) - Loading network topology layer schema file
2019-09-24 22:35:58,435 [main] WARN  server.ServerUtils (ServerUtils.java:sanitizeUserArgs(70)) - ozone.scm.stale.node.interval value = 300000 is larger than max = 100000 based on the key value of ozone.scm.heartbeat.thread.interval, reset to the max value 100000.
2019-09-24 22:35:58,437 [main] WARN  server.ServerUtils (ServerUtils.java:sanitizeUserArgs(70)) - ozone.scm.stale.node.interval value = 300000 is larger than max = 100000 based on the key value of ozone.scm.heartbeat.thread.interval, reset to the max value 100000.
2019-09-24 22:35:58,439 [main] INFO  node.SCMNodeManager (SCMNodeManager.java:<init>(114)) - Entering startup safe mode.
2019-09-24 22:35:58,509 [main] INFO  algorithms.ContainerPlacementPolicyFactory (ContainerPlacementPolicyFactory.java:getPolicy(57)) - Create container placement policy of type org.apache.hadoop.hdds.scm.container.placement.algorithms.SCMContainerPlacementRandom
2019-09-24 22:35:58,523 [main] WARN  server.ServerUtils (ServerUtils.java:getScmDbDir(145)) - ozone.scm.db.dirs is not configured. We recommend adding this setting. Falling back to ozone.metadata.dirs instead.
2019-09-24 22:35:58,652 [main] INFO  pipeline.SCMPipelineManager (SCMPipelineManager.java:initializePipelineState(132)) - No pipeline exists in current db
2019-09-24 22:35:58,655 [main] WARN  server.ServerUtils (ServerUtils.java:getScmDbDir(145)) - ozone.scm.db.dirs is not configured. We recommend adding this setting. Falling back to ozone.metadata.dirs instead.
2019-09-24 22:35:58,811 [main] WARN  events.EventQueue (EventQueue.java:fireEvent(183)) - No event handler registered for event TypedEvent{payloadType=SafeModeStatus, name='SafeModeStatus'}
2019-09-24 22:35:59,167 [main] INFO  ipc.CallQueueManager (CallQueueManager.java:<init>(84)) - Using callQueue: class java.util.concurrent.LinkedBlockingQueue, queueCapacity: 2000, scheduler: class org.apache.hadoop.ipc.DefaultRpcScheduler, ipcBackoff: false.
2019-09-24 22:35:59,328 [Socket Reader #1 for port 46807] INFO  ipc.Server (Server.java:run(1074)) - Starting Socket Reader #1 for port 46807
2019-09-24 22:35:59,372 [main] INFO  ipc.CallQueueManager (CallQueueManager.java:<init>(84)) - Using callQueue: class java.util.concurrent.LinkedBlockingQueue, queueCapacity: 2000, scheduler: class org.apache.hadoop.ipc.DefaultRpcScheduler, ipcBackoff: false.
2019-09-24 22:35:59,373 [Socket Reader #1 for port 38289] INFO  ipc.Server (Server.java:run(1074)) - Starting Socket Reader #1 for port 38289
2019-09-24 22:35:59,384 [main] INFO  ipc.CallQueueManager (CallQueueManager.java:<init>(84)) - Using callQueue: class java.util.concurrent.LinkedBlockingQueue, queueCapacity: 2000, scheduler: class org.apache.hadoop.ipc.DefaultRpcScheduler, ipcBackoff: false.
2019-09-24 22:35:59,385 [Socket Reader #1 for port 39106] INFO  ipc.Server (Server.java:run(1074)) - Starting Socket Reader #1 for port 39106
2019-09-24 22:35:59,411 [main] INFO  hdfs.DFSUtil (DFSUtil.java:httpServerTemplateForNNAndJN(1641)) - Starting Web-server for scm at: http://0.0.0.0:0
2019-09-24 22:35:59,567 [main] INFO  server.AuthenticationFilter (AuthenticationFilter.java:constructSecretProvider(240)) - Unable to initialize FileSignerSecretProvider, falling back to use random secrets.
2019-09-24 22:35:59,575 [main] WARN  http.HttpRequestLog (HttpRequestLog.java:getRequestLog(97)) - Jetty request log can only be enabled using Log4j
2019-09-24 22:35:59,583 [main] INFO  http.HttpServer2 (HttpServer2.java:addGlobalFilter(975)) - Added global filter 'safety' (class=org.apache.hadoop.http.HttpServer2$QuotingInputFilter)
2019-09-24 22:35:59,586 [main] INFO  http.HttpServer2 (HttpServer2.java:addFilter(948)) - Added filter static_user_filter (class=org.apache.hadoop.http.lib.StaticUserWebFilter$StaticUserFilter) to context scm
2019-09-24 22:35:59,586 [main] INFO  http.HttpServer2 (HttpServer2.java:addFilter(958)) - Added filter static_user_filter (class=org.apache.hadoop.http.lib.StaticUserWebFilter$StaticUserFilter) to context logs
2019-09-24 22:35:59,587 [main] INFO  http.HttpServer2 (HttpServer2.java:addFilter(958)) - Added filter static_user_filter (class=org.apache.hadoop.http.lib.StaticUserWebFilter$StaticUserFilter) to context static
2019-09-24 22:35:59,616 [main] INFO  server.StorageContainerManager (StorageContainerManager.java:start(770)) - StorageContainerLocationProtocol RPC server is listening at /0.0.0.0:39106
2019-09-24 22:35:59,675 [main] WARN  impl.MetricsConfig (MetricsConfig.java:loadFirst(134)) - Cannot locate configuration: tried hadoop-metrics2-storagecontainermanager.properties,hadoop-metrics2.properties
2019-09-24 22:35:59,688 [main] INFO  impl.MetricsSystemImpl (MetricsSystemImpl.java:startTimer(374)) - Scheduled Metric snapshot period at 10 second(s).
2019-09-24 22:35:59,688 [main] INFO  impl.MetricsSystemImpl (MetricsSystemImpl.java:start(191)) - StorageContainerManager metrics system started
2019-09-24 22:35:59,907 [main] INFO  server.SCMClientProtocolServer (SCMClientProtocolServer.java:start(151)) - RPC server for Client  is listening at /0.0.0.0:39106
2019-09-24 22:35:59,908 [IPC Server Responder] INFO  ipc.Server (Server.java:run(1314)) - IPC Server Responder: starting
2019-09-24 22:35:59,909 [IPC Server listener on 39106] INFO  ipc.Server (Server.java:run(1153)) - IPC Server listener on 39106: starting
2019-09-24 22:35:59,912 [main] INFO  server.StorageContainerManager (StorageContainerManager.java:start(780)) - ScmBlockLocationProtocol RPC server is listening at /0.0.0.0:38289
2019-09-24 22:35:59,913 [main] INFO  server.SCMBlockProtocolServer (SCMBlockProtocolServer.java:start(146)) - RPC server for Block Protocol is listening at /0.0.0.0:38289
2019-09-24 22:35:59,915 [IPC Server Responder] INFO  ipc.Server (Server.java:run(1314)) - IPC Server Responder: starting
2019-09-24 22:35:59,915 [IPC Server listener on 38289] INFO  ipc.Server (Server.java:run(1153)) - IPC Server listener on 38289: starting
2019-09-24 22:35:59,926 [main] INFO  server.StorageContainerManager (StorageContainerManager.java:start(784)) - ScmDatanodeProtocl RPC server is listening at /0.0.0.0:46807
2019-09-24 22:35:59,926 [main] INFO  server.SCMDatanodeProtocolServer (SCMDatanodeProtocolServer.java:start(191)) - RPC server for DataNodes is listening at /0.0.0.0:46807
2019-09-24 22:35:59,929 [IPC Server Responder] INFO  ipc.Server (Server.java:run(1314)) - IPC Server Responder: starting
2019-09-24 22:35:59,930 [IPC Server listener on 46807] INFO  ipc.Server (Server.java:run(1153)) - IPC Server listener on 46807: starting
2019-09-24 22:35:59,942 [main] INFO  http.HttpServer2 (HttpServer2.java:bindListener(1191)) - Jetty bound to port 44776
2019-09-24 22:35:59,945 [main] INFO  server.Server (Server.java:doStart(351)) - jetty-9.3.25.v20180904, build timestamp: 2018-09-04T21:11:46Z, git hash: 3ce520221d0240229c862b122d2b06c12a625732
2019-09-24 22:35:59,984 [main] INFO  handler.ContextHandler (ContextHandler.java:doStart(781)) - Started o.e.j.s.ServletContextHandler@56303b57{/logs,file:///workdir/hadoop-ozone/integration-test/target/log,AVAILABLE}
2019-09-24 22:35:59,985 [main] INFO  handler.ContextHandler (ContextHandler.java:doStart(781)) - Started o.e.j.s.ServletContextHandler@8692d67{/static,file:///workdir/hadoop-ozone/integration-test/target/test-classes/webapps/static,AVAILABLE}
2019-09-24 22:36:00,016 [main] INFO  handler.ContextHandler (ContextHandler.java:doStart(781)) - Started o.e.j.w.WebAppContext@59a67c3a{/,file:///workdir/hadoop-ozone/integration-test/target/test-classes/webapps/scm/,AVAILABLE}{/scm}
2019-09-24 22:36:00,022 [main] INFO  server.AbstractConnector (AbstractConnector.java:doStart(278)) - Started ServerConnector@3d6300e8{HTTP/1.1,[http/1.1]}{0.0.0.0:44776}
2019-09-24 22:36:00,022 [main] INFO  server.Server (Server.java:doStart(419)) - Started @3081ms
2019-09-24 22:36:00,024 [main] INFO  impl.MetricsSinkAdapter (MetricsSinkAdapter.java:start(204)) - Sink prometheus started
2019-09-24 22:36:00,024 [main] INFO  impl.MetricsSystemImpl (MetricsSystemImpl.java:registerSink(301)) - Registered sink prometheus
2019-09-24 22:36:00,026 [main] INFO  server.BaseHttpServer (BaseHttpServer.java:updateConnectorAddress(215)) - HTTP server of SCM is listening at http://0.0.0.0:44776
2019-09-24 22:36:00,034 [org.apache.hadoop.util.JvmPauseMonitor$Monitor@60094a13] INFO  util.JvmPauseMonitor (JvmPauseMonitor.java:run(188)) - Starting JVM pause monitor
2019-09-24 22:36:00,038 [main] WARN  server.ServerUtils (ServerUtils.java:getDBPath(222)) - ozone.om.db.dirs is not configured. We recommend adding this setting. Falling back to ozone.metadata.dirs instead.
2019-09-24 22:36:00,155 [main] INFO  ha.OMHANodeDetails (OMHANodeDetails.java:loadOMHAConfig(181)) - Configuration either no ozone.om.address set. Falling back to the default OM address /127.0.0.1:0
2019-09-24 22:36:00,155 [main] INFO  ha.OMHANodeDetails (OMHANodeDetails.java:getOMNodeDetails(211)) - OM Service ID is not set. Setting it to the default ID: omServiceIdDefault
2019-09-24 22:36:00,157 [main] WARN  server.ServerUtils (ServerUtils.java:getDBPath(222)) - ozone.om.db.dirs is not configured. We recommend adding this setting. Falling back to ozone.metadata.dirs instead.
2019-09-24 22:36:00,157 [main] WARN  server.ServerUtils (ServerUtils.java:getDBPath(222)) - ozone.om.db.dirs is not configured. We recommend adding this setting. Falling back to ozone.metadata.dirs instead.
2019-09-24 22:36:00,910 [main] WARN  server.ServerUtils (ServerUtils.java:getDBPath(222)) - ozone.om.db.dirs is not configured. We recommend adding this setting. Falling back to ozone.metadata.dirs instead.
2019-09-24 22:36:00,917 [main] INFO  db.DBStoreBuilder (DBStoreBuilder.java:addTable(110)) - using custom profile for table: userTable
2019-09-24 22:36:00,917 [main] INFO  db.DBStoreBuilder (DBStoreBuilder.java:processTables(161)) - Using default column profile:DBProfile.DISK for Table:userTable
2019-09-24 22:36:00,918 [main] INFO  db.DBStoreBuilder (DBStoreBuilder.java:addTable(110)) - using custom profile for table: volumeTable
2019-09-24 22:36:00,918 [main] INFO  db.DBStoreBuilder (DBStoreBuilder.java:processTables(161)) - Using default column profile:DBProfile.DISK for Table:volumeTable
2019-09-24 22:36:00,918 [main] INFO  db.DBStoreBuilder (DBStoreBuilder.java:addTable(110)) - using custom profile for table: bucketTable
2019-09-24 22:36:00,918 [main] INFO  db.DBStoreBuilder (DBStoreBuilder.java:processTables(161)) - Using default column profile:DBProfile.DISK for Table:bucketTable
2019-09-24 22:36:00,918 [main] INFO  db.DBStoreBuilder (DBStoreBuilder.java:addTable(110)) - using custom profile for table: keyTable
2019-09-24 22:36:00,919 [main] INFO  db.DBStoreBuilder (DBStoreBuilder.java:processTables(161)) - Using default column profile:DBProfile.DISK for Table:keyTable
2019-09-24 22:36:00,919 [main] INFO  db.DBStoreBuilder (DBStoreBuilder.java:addTable(110)) - using custom profile for table: deletedTable
2019-09-24 22:36:00,919 [main] INFO  db.DBStoreBuilder (DBStoreBuilder.java:processTables(161)) - Using default column profile:DBProfile.DISK for Table:deletedTable
2019-09-24 22:36:00,919 [main] INFO  db.DBStoreBuilder (DBStoreBuilder.java:addTable(110)) - using custom profile for table: openKeyTable
2019-09-24 22:36:00,919 [main] INFO  db.DBStoreBuilder (DBStoreBuilder.java:processTables(161)) - Using default column profile:DBProfile.DISK for Table:openKeyTable
2019-09-24 22:36:00,920 [main] INFO  db.DBStoreBuilder (DBStoreBuilder.java:addTable(110)) - using custom profile for table: s3Table
2019-09-24 22:36:00,920 [main] INFO  db.DBStoreBuilder (DBStoreBuilder.java:processTables(161)) - Using default column profile:DBProfile.DISK for Table:s3Table
2019-09-24 22:36:00,920 [main] INFO  db.DBStoreBuilder (DBStoreBuilder.java:addTable(110)) - using custom profile for table: multipartInfoTable
2019-09-24 22:36:00,920 [main] INFO  db.DBStoreBuilder (DBStoreBuilder.java:processTables(161)) - Using default column profile:DBProfile.DISK for Table:multipartInfoTable
2019-09-24 22:36:00,921 [main] INFO  db.DBStoreBuilder (DBStoreBuilder.java:addTable(110)) - using custom profile for table: dTokenTable
2019-09-24 22:36:00,921 [main] INFO  db.DBStoreBuilder (DBStoreBuilder.java:processTables(161)) - Using default column profile:DBProfile.DISK for Table:dTokenTable
2019-09-24 22:36:00,921 [main] INFO  db.DBStoreBuilder (DBStoreBuilder.java:addTable(110)) - using custom profile for table: s3SecretTable
2019-09-24 22:36:00,921 [main] INFO  db.DBStoreBuilder (DBStoreBuilder.java:processTables(161)) - Using default column profile:DBProfile.DISK for Table:s3SecretTable
2019-09-24 22:36:00,922 [main] INFO  db.DBStoreBuilder (DBStoreBuilder.java:addTable(110)) - using custom profile for table: prefixTable
2019-09-24 22:36:00,922 [main] INFO  db.DBStoreBuilder (DBStoreBuilder.java:processTables(161)) - Using default column profile:DBProfile.DISK for Table:prefixTable
2019-09-24 22:36:00,922 [main] INFO  db.DBStoreBuilder (DBStoreBuilder.java:addTable(110)) - using custom profile for table: default
2019-09-24 22:36:00,922 [main] INFO  db.DBStoreBuilder (DBStoreBuilder.java:processTables(167)) - Using default column profile:DBProfile.DISK for Table:default
2019-09-24 22:36:00,922 [main] INFO  db.DBStoreBuilder (DBStoreBuilder.java:getDbProfile(198)) - Using default options. DBProfile.DISK
2019-09-24 22:36:01,490 [main] INFO  ipc.CallQueueManager (CallQueueManager.java:<init>(84)) - Using callQueue: class java.util.concurrent.LinkedBlockingQueue, queueCapacity: 2000, scheduler: class org.apache.hadoop.ipc.DefaultRpcScheduler, ipcBackoff: false.
2019-09-24 22:36:01,491 [Socket Reader #1 for port 43157] INFO  ipc.Server (Server.java:run(1074)) - Starting Socket Reader #1 for port 43157
2019-09-24 22:36:01,524 [main] INFO  om.OzoneManager (OzoneManager.java:start(1069)) - OzoneManager RPC server is listening at localhost/127.0.0.1:43157
2019-09-24 22:36:01,524 [main] INFO  impl.MetricsSystemImpl (MetricsSystemImpl.java:init(158)) - OzoneManager metrics system started (again)
2019-09-24 22:36:01,527 [IPC Server Responder] INFO  ipc.Server (Server.java:run(1314)) - IPC Server Responder: starting
2019-09-24 22:36:01,527 [IPC Server listener on 43157] INFO  ipc.Server (Server.java:run(1153)) - IPC Server listener on 43157: starting
2019-09-24 22:36:01,571 [main] INFO  hdfs.DFSUtil (DFSUtil.java:httpServerTemplateForNNAndJN(1641)) - Starting Web-server for ozoneManager at: http://0.0.0.0:0
2019-09-24 22:36:01,573 [main] INFO  server.AuthenticationFilter (AuthenticationFilter.java:constructSecretProvider(240)) - Unable to initialize FileSignerSecretProvider, falling back to use random secrets.
2019-09-24 22:36:01,574 [main] WARN  http.HttpRequestLog (HttpRequestLog.java:getRequestLog(97)) - Jetty request log can only be enabled using Log4j
2019-09-24 22:36:01,577 [main] INFO  http.HttpServer2 (HttpServer2.java:addGlobalFilter(975)) - Added global filter 'safety' (class=org.apache.hadoop.http.HttpServer2$QuotingInputFilter)
2019-09-24 22:36:01,578 [main] INFO  http.HttpServer2 (HttpServer2.java:addFilter(948)) - Added filter static_user_filter (class=org.apache.hadoop.http.lib.StaticUserWebFilter$StaticUserFilter) to context ozoneManager
2019-09-24 22:36:01,579 [main] INFO  http.HttpServer2 (HttpServer2.java:addFilter(958)) - Added filter static_user_filter (class=org.apache.hadoop.http.lib.StaticUserWebFilter$StaticUserFilter) to context static
2019-09-24 22:36:01,579 [main] INFO  http.HttpServer2 (HttpServer2.java:addFilter(958)) - Added filter static_user_filter (class=org.apache.hadoop.http.lib.StaticUserWebFilter$StaticUserFilter) to context logs
2019-09-24 22:36:01,582 [main] INFO  http.HttpServer2 (HttpServer2.java:bindListener(1191)) - Jetty bound to port 37094
2019-09-24 22:36:01,583 [main] INFO  server.Server (Server.java:doStart(351)) - jetty-9.3.25.v20180904, build timestamp: 2018-09-04T21:11:46Z, git hash: 3ce520221d0240229c862b122d2b06c12a625732
2019-09-24 22:36:01,585 [main] INFO  handler.ContextHandler (ContextHandler.java:doStart(781)) - Started o.e.j.s.ServletContextHandler@20ed3303{/logs,file:///workdir/hadoop-ozone/integration-test/target/log,AVAILABLE}
2019-09-24 22:36:01,586 [main] INFO  handler.ContextHandler (ContextHandler.java:doStart(781)) - Started o.e.j.s.ServletContextHandler@3a627c80{/static,file:///workdir/hadoop-ozone/integration-test/target/test-classes/webapps/static,AVAILABLE}
2019-09-24 22:36:01,593 [main] INFO  handler.ContextHandler (ContextHandler.java:doStart(781)) - Started o.e.j.w.WebAppContext@415156bf{/,file:///workdir/hadoop-ozone/integration-test/target/test-classes/webapps/ozoneManager/,AVAILABLE}{/ozoneManager}
2019-09-24 22:36:01,595 [main] INFO  server.AbstractConnector (AbstractConnector.java:doStart(278)) - Started ServerConnector@393881f0{HTTP/1.1,[http/1.1]}{0.0.0.0:37094}
2019-09-24 22:36:01,596 [main] INFO  server.Server (Server.java:doStart(419)) - Started @4655ms
2019-09-24 22:36:01,596 [main] WARN  impl.MetricsSystemImpl (MetricsSystemImpl.java:register(276)) - Sink prometheus already exists!
2019-09-24 22:36:01,597 [main] INFO  server.BaseHttpServer (BaseHttpServer.java:updateConnectorAddress(215)) - HTTP server of OZONEMANAGER is listening at http://0.0.0.0:37094
2019-09-24 22:36:01,911 [main] INFO  impl.MetricsSystemImpl (MetricsSystemImpl.java:init(158)) - HddsDatanode metrics system started (again)
2019-09-24 22:36:01,955 [main] INFO  ozone.HddsDatanodeService (HddsDatanodeService.java:start(184)) - HddsDatanodeService host:pr-hdds-2162-v2v4x-1150571016 ip:192.168.151.66
2019-09-24 22:36:01,985 [main] INFO  volume.HddsVolume (HddsVolume.java:<init>(176)) - Creating Volume: /workdir/hadoop-ozone/integration-test/target/test-dir/MiniOzoneClusterImpl-95732fd8-3d66-4978-936c-af465de6078a/datanode-0/data/containers/hdds of  storage type : DISK and capacity : 1482555576320
2019-09-24 22:36:01,986 [main] INFO  volume.VolumeSet (VolumeSet.java:initializeVolumeSet(170)) - Added Volume : /workdir/hadoop-ozone/integration-test/target/test-dir/MiniOzoneClusterImpl-95732fd8-3d66-4978-936c-af465de6078a/datanode-0/data/containers/hdds to VolumeSet
2019-09-24 22:36:01,989 [main] INFO  volume.ThrottledAsyncChecker (ThrottledAsyncChecker.java:schedule(139)) - Scheduling a check for org.apache.hadoop.ozone.container.common.volume.HddsVolume@787f32b7
2019-09-24 22:36:02,005 [main] INFO  volume.HddsVolumeChecker (HddsVolumeChecker.java:checkAllVolumes(202)) - Scheduled health check for volume org.apache.hadoop.ozone.container.common.volume.HddsVolume@787f32b7
2019-09-24 22:36:02,104 [main] INFO  impl.RaftServerProxy (ConfUtils.java:logGet(43)) - raft.rpc.type = GRPC (default)
2019-09-24 22:36:02,165 [main] INFO  grpc.GrpcFactory (GrpcFactory.java:checkPooledByteBufAllocatorUseCacheForAllThreads(45)) - PERFORMANCE WARNING: useCacheForAllThreads is true that may cause Netty to create a lot garbage objects and, as a result, trigger GC.
	It is recommended to disable useCacheForAllThreads by setting -Dorg.apache.ratis.thirdparty.io.netty.allocator.useCacheForAllThreads=false in command line.
2019-09-24 22:36:02,170 [main] INFO  grpc.GrpcConfigKeys$Server (ConfUtils.java:logGet(43)) - raft.grpc.server.port = 0 (default)
2019-09-24 22:36:02,171 [main] INFO  server.GrpcService (ConfUtils.java:logGet(43)) - raft.grpc.message.size.max = 33570816 (custom)
2019-09-24 22:36:02,172 [main] INFO  server.RaftServerConfigKeys (ConfUtils.java:logGet(43)) - raft.server.log.appender.buffer.byte-limit = 33554432 (custom)
2019-09-24 22:36:02,173 [main] INFO  server.GrpcService (ConfUtils.java:logGet(43)) - raft.grpc.flow.control.window = 1MB (=1048576) (default)
2019-09-24 22:36:02,173 [main] INFO  server.RaftServerConfigKeys (ConfUtils.java:logGet(43)) - raft.server.rpc.request.timeout = 3000ms (default)
2019-09-24 22:36:02,324 [main] INFO  server.RaftServerConfigKeys (ConfUtils.java:logGet(43)) - raft.server.storage.dir = [/workdir/hadoop-ozone/integration-test/target/test-dir/MiniOzoneClusterImpl-95732fd8-3d66-4978-936c-af465de6078a/datanode-0/data/ratis] (custom)
2019-09-24 22:36:02,364 [main] INFO  hdfs.DFSUtil (DFSUtil.java:httpServerTemplateForNNAndJN(1641)) - Starting Web-server for hddsDatanode at: http://0.0.0.0:0
2019-09-24 22:36:02,367 [main] INFO  server.AuthenticationFilter (AuthenticationFilter.java:constructSecretProvider(240)) - Unable to initialize FileSignerSecretProvider, falling back to use random secrets.
2019-09-24 22:36:02,368 [main] WARN  http.HttpRequestLog (HttpRequestLog.java:getRequestLog(97)) - Jetty request log can only be enabled using Log4j
2019-09-24 22:36:02,370 [main] INFO  http.HttpServer2 (HttpServer2.java:addGlobalFilter(975)) - Added global filter 'safety' (class=org.apache.hadoop.http.HttpServer2$QuotingInputFilter)
2019-09-24 22:36:02,371 [main] INFO  http.HttpServer2 (HttpServer2.java:addFilter(948)) - Added filter static_user_filter (class=org.apache.hadoop.http.lib.StaticUserWebFilter$StaticUserFilter) to context hddsDatanode
2019-09-24 22:36:02,372 [main] INFO  http.HttpServer2 (HttpServer2.java:addFilter(958)) - Added filter static_user_filter (class=org.apache.hadoop.http.lib.StaticUserWebFilter$StaticUserFilter) to context static
2019-09-24 22:36:02,372 [main] INFO  http.HttpServer2 (HttpServer2.java:addFilter(958)) - Added filter static_user_filter (class=org.apache.hadoop.http.lib.StaticUserWebFilter$StaticUserFilter) to context logs
2019-09-24 22:36:02,373 [main] INFO  http.HttpServer2 (HttpServer2.java:bindListener(1191)) - Jetty bound to port 34047
2019-09-24 22:36:02,374 [main] INFO  server.Server (Server.java:doStart(351)) - jetty-9.3.25.v20180904, build timestamp: 2018-09-04T21:11:46Z, git hash: 3ce520221d0240229c862b122d2b06c12a625732
2019-09-24 22:36:02,376 [main] INFO  handler.ContextHandler (ContextHandler.java:doStart(781)) - Started o.e.j.s.ServletContextHandler@3968bc60{/logs,file:///workdir/hadoop-ozone/integration-test/target/log,AVAILABLE}
2019-09-24 22:36:02,377 [main] INFO  handler.ContextHandler (ContextHandler.java:doStart(781)) - Started o.e.j.s.ServletContextHandler@227a47{/static,jar:file:/home/user/.m2/repository/org/apache/hadoop/hadoop-hdds-container-service/0.5.0-SNAPSHOT/hadoop-hdds-container-service-0.5.0-SNAPSHOT.jar!/webapps/static,AVAILABLE}
2019-09-24 22:36:02,427 [main] INFO  handler.ContextHandler (ContextHandler.java:doStart(781)) - Started o.e.j.w.WebAppContext@6981f8f3{/,file:///tmp/jetty-0.0.0.0-34047-hddsDatanode-_-any-3262141663494256642.dir/webapp/,AVAILABLE}{/hddsDatanode}
2019-09-24 22:36:02,429 [main] INFO  server.AbstractConnector (AbstractConnector.java:doStart(278)) - Started ServerConnector@623dcf2a{HTTP/1.1,[http/1.1]}{0.0.0.0:34047}
2019-09-24 22:36:02,429 [main] INFO  server.Server (Server.java:doStart(419)) - Started @5488ms
2019-09-24 22:36:02,429 [main] WARN  impl.MetricsSystemImpl (MetricsSystemImpl.java:register(276)) - Sink prometheus already exists!
2019-09-24 22:36:02,430 [main] INFO  server.BaseHttpServer (BaseHttpServer.java:updateConnectorAddress(215)) - HTTP server of HDDSDATANODE is listening at http://0.0.0.0:34047
2019-09-24 22:36:02,431 [main] INFO  impl.MetricsSystemImpl (MetricsSystemImpl.java:init(158)) - HddsDatanode metrics system started (again)
2019-09-24 22:36:02,434 [main] INFO  ozone.HddsDatanodeService (HddsDatanodeService.java:start(184)) - HddsDatanodeService host:pr-hdds-2162-v2v4x-1150571016 ip:192.168.151.66
2019-09-24 22:36:02,438 [org.apache.hadoop.util.JvmPauseMonitor$Monitor@bbfabd0] INFO  util.JvmPauseMonitor (JvmPauseMonitor.java:run(188)) - Starting JVM pause monitor
2019-09-24 22:36:02,443 [main] INFO  volume.HddsVolume (HddsVolume.java:<init>(176)) - Creating Volume: /workdir/hadoop-ozone/integration-test/target/test-dir/MiniOzoneClusterImpl-95732fd8-3d66-4978-936c-af465de6078a/datanode-1/data/containers/hdds of  storage type : DISK and capacity : 1482555576320
2019-09-24 22:36:02,444 [main] INFO  volume.VolumeSet (VolumeSet.java:initializeVolumeSet(170)) - Added Volume : /workdir/hadoop-ozone/integration-test/target/test-dir/MiniOzoneClusterImpl-95732fd8-3d66-4978-936c-af465de6078a/datanode-1/data/containers/hdds to VolumeSet
2019-09-24 22:36:02,444 [main] INFO  volume.ThrottledAsyncChecker (ThrottledAsyncChecker.java:schedule(139)) - Scheduling a check for org.apache.hadoop.ozone.container.common.volume.HddsVolume@4b6e1c0
2019-09-24 22:36:02,445 [main] INFO  volume.HddsVolumeChecker (HddsVolumeChecker.java:checkAllVolumes(202)) - Scheduled health check for volume org.apache.hadoop.ozone.container.common.volume.HddsVolume@4b6e1c0
2019-09-24 22:36:02,461 [main] INFO  impl.RaftServerProxy (ConfUtils.java:logGet(43)) - raft.rpc.type = GRPC (default)
2019-09-24 22:36:02,462 [main] INFO  grpc.GrpcFactory (GrpcFactory.java:checkPooledByteBufAllocatorUseCacheForAllThreads(45)) - PERFORMANCE WARNING: useCacheForAllThreads is true that may cause Netty to create a lot garbage objects and, as a result, trigger GC.
	It is recommended to disable useCacheForAllThreads by setting -Dorg.apache.ratis.thirdparty.io.netty.allocator.useCacheForAllThreads=false in command line.
2019-09-24 22:36:02,462 [main] INFO  grpc.GrpcConfigKeys$Server (ConfUtils.java:logGet(43)) - raft.grpc.server.port = 0 (default)
2019-09-24 22:36:02,462 [main] INFO  server.GrpcService (ConfUtils.java:logGet(43)) - raft.grpc.message.size.max = 33570816 (custom)
2019-09-24 22:36:02,462 [main] INFO  server.RaftServerConfigKeys (ConfUtils.java:logGet(43)) - raft.server.log.appender.buffer.byte-limit = 33554432 (custom)
2019-09-24 22:36:02,463 [main] INFO  server.GrpcService (ConfUtils.java:logGet(43)) - raft.grpc.flow.control.window = 1MB (=1048576) (default)
2019-09-24 22:36:02,463 [main] INFO  server.RaftServerConfigKeys (ConfUtils.java:logGet(43)) - raft.server.rpc.request.timeout = 3000ms (default)
2019-09-24 22:36:02,464 [main] INFO  server.RaftServerConfigKeys (ConfUtils.java:logGet(43)) - raft.server.storage.dir = [/workdir/hadoop-ozone/integration-test/target/test-dir/MiniOzoneClusterImpl-95732fd8-3d66-4978-936c-af465de6078a/datanode-1/data/ratis] (custom)
2019-09-24 22:36:02,465 [main] INFO  hdfs.DFSUtil (DFSUtil.java:httpServerTemplateForNNAndJN(1641)) - Starting Web-server for hddsDatanode at: http://0.0.0.0:0
2019-09-24 22:36:02,467 [main] INFO  server.AuthenticationFilter (AuthenticationFilter.java:constructSecretProvider(240)) - Unable to initialize FileSignerSecretProvider, falling back to use random secrets.
2019-09-24 22:36:02,468 [main] WARN  http.HttpRequestLog (HttpRequestLog.java:getRequestLog(97)) - Jetty request log can only be enabled using Log4j
2019-09-24 22:36:02,469 [main] INFO  http.HttpServer2 (HttpServer2.java:addGlobalFilter(975)) - Added global filter 'safety' (class=org.apache.hadoop.http.HttpServer2$QuotingInputFilter)
2019-09-24 22:36:02,470 [main] INFO  http.HttpServer2 (HttpServer2.java:addFilter(948)) - Added filter static_user_filter (class=org.apache.hadoop.http.lib.StaticUserWebFilter$StaticUserFilter) to context hddsDatanode
2019-09-24 22:36:02,470 [main] INFO  http.HttpServer2 (HttpServer2.java:addFilter(958)) - Added filter static_user_filter (class=org.apache.hadoop.http.lib.StaticUserWebFilter$StaticUserFilter) to context static
2019-09-24 22:36:02,470 [main] INFO  http.HttpServer2 (HttpServer2.java:addFilter(958)) - Added filter static_user_filter (class=org.apache.hadoop.http.lib.StaticUserWebFilter$StaticUserFilter) to context logs
2019-09-24 22:36:02,471 [main] INFO  http.HttpServer2 (HttpServer2.java:bindListener(1191)) - Jetty bound to port 34410
2019-09-24 22:36:02,471 [main] INFO  server.Server (Server.java:doStart(351)) - jetty-9.3.25.v20180904, build timestamp: 2018-09-04T21:11:46Z, git hash: 3ce520221d0240229c862b122d2b06c12a625732
2019-09-24 22:36:02,475 [main] INFO  handler.ContextHandler (ContextHandler.java:doStart(781)) - Started o.e.j.s.ServletContextHandler@5679e96b{/logs,file:///workdir/hadoop-ozone/integration-test/target/log,AVAILABLE}
2019-09-24 22:36:02,476 [main] INFO  handler.ContextHandler (ContextHandler.java:doStart(781)) - Started o.e.j.s.ServletContextHandler@3bbf841e{/static,jar:file:/home/user/.m2/repository/org/apache/hadoop/hadoop-hdds-container-service/0.5.0-SNAPSHOT/hadoop-hdds-container-service-0.5.0-SNAPSHOT.jar!/webapps/static,AVAILABLE}
2019-09-24 22:36:02,508 [main] INFO  handler.ContextHandler (ContextHandler.java:doStart(781)) - Started o.e.j.w.WebAppContext@5b5e7036{/,file:///tmp/jetty-0.0.0.0-34410-hddsDatanode-_-any-509732545505732150.dir/webapp/,AVAILABLE}{/hddsDatanode}
2019-09-24 22:36:02,509 [main] INFO  server.AbstractConnector (AbstractConnector.java:doStart(278)) - Started ServerConnector@62dbe64e{HTTP/1.1,[http/1.1]}{0.0.0.0:34410}
2019-09-24 22:36:02,509 [main] INFO  server.Server (Server.java:doStart(419)) - Started @5568ms
2019-09-24 22:36:02,510 [main] WARN  impl.MetricsSystemImpl (MetricsSystemImpl.java:register(276)) - Sink prometheus already exists!
2019-09-24 22:36:02,512 [main] INFO  server.BaseHttpServer (BaseHttpServer.java:updateConnectorAddress(215)) - HTTP server of HDDSDATANODE is listening at http://0.0.0.0:34410
2019-09-24 22:36:02,512 [main] INFO  impl.MetricsSystemImpl (MetricsSystemImpl.java:init(158)) - HddsDatanode metrics system started (again)
2019-09-24 22:36:02,515 [main] INFO  ozone.HddsDatanodeService (HddsDatanodeService.java:start(184)) - HddsDatanodeService host:pr-hdds-2162-v2v4x-1150571016 ip:192.168.151.66
2019-09-24 22:36:02,515 [org.apache.hadoop.util.JvmPauseMonitor$Monitor@2015fd0a] INFO  util.JvmPauseMonitor (JvmPauseMonitor.java:run(188)) - Starting JVM pause monitor
2019-09-24 22:36:02,524 [main] INFO  volume.HddsVolume (HddsVolume.java:<init>(176)) - Creating Volume: /workdir/hadoop-ozone/integration-test/target/test-dir/MiniOzoneClusterImpl-95732fd8-3d66-4978-936c-af465de6078a/datanode-2/data/containers/hdds of  storage type : DISK and capacity : 1482555576320
2019-09-24 22:36:02,524 [main] INFO  volume.VolumeSet (VolumeSet.java:initializeVolumeSet(170)) - Added Volume : /workdir/hadoop-ozone/integration-test/target/test-dir/MiniOzoneClusterImpl-95732fd8-3d66-4978-936c-af465de6078a/datanode-2/data/containers/hdds to VolumeSet
2019-09-24 22:36:02,525 [main] INFO  volume.ThrottledAsyncChecker (ThrottledAsyncChecker.java:schedule(139)) - Scheduling a check for org.apache.hadoop.ozone.container.common.volume.HddsVolume@c3edf4c
2019-09-24 22:36:02,525 [main] INFO  volume.HddsVolumeChecker (HddsVolumeChecker.java:checkAllVolumes(202)) - Scheduled health check for volume org.apache.hadoop.ozone.container.common.volume.HddsVolume@c3edf4c
2019-09-24 22:36:02,538 [main] INFO  impl.RaftServerProxy (ConfUtils.java:logGet(43)) - raft.rpc.type = GRPC (default)
2019-09-24 22:36:02,538 [main] INFO  grpc.GrpcFactory (GrpcFactory.java:checkPooledByteBufAllocatorUseCacheForAllThreads(45)) - PERFORMANCE WARNING: useCacheForAllThreads is true that may cause Netty to create a lot garbage objects and, as a result, trigger GC.
	It is recommended to disable useCacheForAllThreads by setting -Dorg.apache.ratis.thirdparty.io.netty.allocator.useCacheForAllThreads=false in command line.
2019-09-24 22:36:02,539 [main] INFO  grpc.GrpcConfigKeys$Server (ConfUtils.java:logGet(43)) - raft.grpc.server.port = 0 (default)
2019-09-24 22:36:02,539 [main] INFO  server.GrpcService (ConfUtils.java:logGet(43)) - raft.grpc.message.size.max = 33570816 (custom)
2019-09-24 22:36:02,539 [main] INFO  server.RaftServerConfigKeys (ConfUtils.java:logGet(43)) - raft.server.log.appender.buffer.byte-limit = 33554432 (custom)
2019-09-24 22:36:02,539 [main] INFO  server.GrpcService (ConfUtils.java:logGet(43)) - raft.grpc.flow.control.window = 1MB (=1048576) (default)
2019-09-24 22:36:02,540 [main] INFO  server.RaftServerConfigKeys (ConfUtils.java:logGet(43)) - raft.server.rpc.request.timeout = 3000ms (default)
2019-09-24 22:36:02,540 [main] INFO  server.RaftServerConfigKeys (ConfUtils.java:logGet(43)) - raft.server.storage.dir = [/workdir/hadoop-ozone/integration-test/target/test-dir/MiniOzoneClusterImpl-95732fd8-3d66-4978-936c-af465de6078a/datanode-2/data/ratis] (custom)
2019-09-24 22:36:02,542 [main] INFO  hdfs.DFSUtil (DFSUtil.java:httpServerTemplateForNNAndJN(1641)) - Starting Web-server for hddsDatanode at: http://0.0.0.0:0
2019-09-24 22:36:02,543 [main] INFO  server.AuthenticationFilter (AuthenticationFilter.java:constructSecretProvider(240)) - Unable to initialize FileSignerSecretProvider, falling back to use random secrets.
2019-09-24 22:36:02,544 [main] WARN  http.HttpRequestLog (HttpRequestLog.java:getRequestLog(97)) - Jetty request log can only be enabled using Log4j
2019-09-24 22:36:02,545 [main] INFO  http.HttpServer2 (HttpServer2.java:addGlobalFilter(975)) - Added global filter 'safety' (class=org.apache.hadoop.http.HttpServer2$QuotingInputFilter)
2019-09-24 22:36:02,546 [main] INFO  http.HttpServer2 (HttpServer2.java:addFilter(948)) - Added filter static_user_filter (class=org.apache.hadoop.http.lib.StaticUserWebFilter$StaticUserFilter) to context hddsDatanode
2019-09-24 22:36:02,546 [main] INFO  http.HttpServer2 (HttpServer2.java:addFilter(958)) - Added filter static_user_filter (class=org.apache.hadoop.http.lib.StaticUserWebFilter$StaticUserFilter) to context logs
2019-09-24 22:36:02,546 [main] INFO  http.HttpServer2 (HttpServer2.java:addFilter(958)) - Added filter static_user_filter (class=org.apache.hadoop.http.lib.StaticUserWebFilter$StaticUserFilter) to context static
2019-09-24 22:36:02,547 [main] INFO  http.HttpServer2 (HttpServer2.java:bindListener(1191)) - Jetty bound to port 46543
2019-09-24 22:36:02,547 [main] INFO  server.Server (Server.java:doStart(351)) - jetty-9.3.25.v20180904, build timestamp: 2018-09-04T21:11:46Z, git hash: 3ce520221d0240229c862b122d2b06c12a625732
2019-09-24 22:36:02,549 [main] INFO  handler.ContextHandler (ContextHandler.java:doStart(781)) - Started o.e.j.s.ServletContextHandler@1cd3b138{/logs,file:///workdir/hadoop-ozone/integration-test/target/log,AVAILABLE}
2019-09-24 22:36:02,549 [main] INFO  handler.ContextHandler (ContextHandler.java:doStart(781)) - Started o.e.j.s.ServletContextHandler@5a6d30e2{/static,jar:file:/home/user/.m2/repository/org/apache/hadoop/hadoop-hdds-container-service/0.5.0-SNAPSHOT/hadoop-hdds-container-service-0.5.0-SNAPSHOT.jar!/webapps/static,AVAILABLE}
2019-09-24 22:36:02,556 [Datanode State Machine Thread - 0] INFO  datanode.InitDatanodeState (InitDatanodeState.java:persistContainerDatanodeDetails(140)) - DatanodeDetails is persisted to /workdir/hadoop-ozone/integration-test/target/test-dir/MiniOzoneClusterImpl-95732fd8-3d66-4978-936c-af465de6078a/datanode-0/meta/datanode.id
2019-09-24 22:36:02,561 [Datanode State Machine Thread - 0] INFO  datanode.InitDatanodeState (InitDatanodeState.java:persistContainerDatanodeDetails(140)) - DatanodeDetails is persisted to /workdir/hadoop-ozone/integration-test/target/test-dir/MiniOzoneClusterImpl-95732fd8-3d66-4978-936c-af465de6078a/datanode-1/meta/datanode.id
2019-09-24 22:36:02,582 [main] INFO  handler.ContextHandler (ContextHandler.java:doStart(781)) - Started o.e.j.w.WebAppContext@6342d610{/,file:///tmp/jetty-0.0.0.0-46543-hddsDatanode-_-any-5120169146607362639.dir/webapp/,AVAILABLE}{/hddsDatanode}
2019-09-24 22:36:02,583 [main] INFO  server.AbstractConnector (AbstractConnector.java:doStart(278)) - Started ServerConnector@dc4a691{HTTP/1.1,[http/1.1]}{0.0.0.0:46543}
2019-09-24 22:36:02,583 [main] INFO  server.Server (Server.java:doStart(419)) - Started @5642ms
2019-09-24 22:36:02,584 [main] WARN  impl.MetricsSystemImpl (MetricsSystemImpl.java:register(276)) - Sink prometheus already exists!
2019-09-24 22:36:02,585 [main] INFO  server.BaseHttpServer (BaseHttpServer.java:updateConnectorAddress(215)) - HTTP server of HDDSDATANODE is listening at http://0.0.0.0:46543
2019-09-24 22:36:02,586 [main] INFO  impl.MetricsSystemImpl (MetricsSystemImpl.java:init(158)) - HddsDatanode metrics system started (again)
2019-09-24 22:36:02,589 [main] INFO  ozone.HddsDatanodeService (HddsDatanodeService.java:start(184)) - HddsDatanodeService host:pr-hdds-2162-v2v4x-1150571016 ip:192.168.151.66
2019-09-24 22:36:02,589 [org.apache.hadoop.util.JvmPauseMonitor$Monitor@54bc366e] INFO  util.JvmPauseMonitor (JvmPauseMonitor.java:run(188)) - Starting JVM pause monitor
2019-09-24 22:36:02,592 [Datanode State Machine Thread - 0] INFO  datanode.InitDatanodeState (InitDatanodeState.java:persistContainerDatanodeDetails(140)) - DatanodeDetails is persisted to /workdir/hadoop-ozone/integration-test/target/test-dir/MiniOzoneClusterImpl-95732fd8-3d66-4978-936c-af465de6078a/datanode-2/meta/datanode.id
2019-09-24 22:36:02,597 [main] INFO  volume.HddsVolume (HddsVolume.java:<init>(176)) - Creating Volume: /workdir/hadoop-ozone/integration-test/target/test-dir/MiniOzoneClusterImpl-95732fd8-3d66-4978-936c-af465de6078a/datanode-3/data/containers/hdds of  storage type : DISK and capacity : 1482555576320
2019-09-24 22:36:02,597 [main] INFO  volume.VolumeSet (VolumeSet.java:initializeVolumeSet(170)) - Added Volume : /workdir/hadoop-ozone/integration-test/target/test-dir/MiniOzoneClusterImpl-95732fd8-3d66-4978-936c-af465de6078a/datanode-3/data/containers/hdds to VolumeSet
2019-09-24 22:36:02,597 [main] INFO  volume.ThrottledAsyncChecker (ThrottledAsyncChecker.java:schedule(139)) - Scheduling a check for org.apache.hadoop.ozone.container.common.volume.HddsVolume@42b84286
2019-09-24 22:36:02,598 [main] INFO  volume.HddsVolumeChecker (HddsVolumeChecker.java:checkAllVolumes(202)) - Scheduled health check for volume org.apache.hadoop.ozone.container.common.volume.HddsVolume@42b84286
2019-09-24 22:36:02,611 [main] INFO  impl.RaftServerProxy (ConfUtils.java:logGet(43)) - raft.rpc.type = GRPC (default)
2019-09-24 22:36:02,611 [main] INFO  grpc.GrpcFactory (GrpcFactory.java:checkPooledByteBufAllocatorUseCacheForAllThreads(45)) - PERFORMANCE WARNING: useCacheForAllThreads is true that may cause Netty to create a lot garbage objects and, as a result, trigger GC.
	It is recommended to disable useCacheForAllThreads by setting -Dorg.apache.ratis.thirdparty.io.netty.allocator.useCacheForAllThreads=false in command line.
2019-09-24 22:36:02,612 [main] INFO  grpc.GrpcConfigKeys$Server (ConfUtils.java:logGet(43)) - raft.grpc.server.port = 0 (default)
2019-09-24 22:36:02,612 [main] INFO  server.GrpcService (ConfUtils.java:logGet(43)) - raft.grpc.message.size.max = 33570816 (custom)
2019-09-24 22:36:02,612 [main] INFO  server.RaftServerConfigKeys (ConfUtils.java:logGet(43)) - raft.server.log.appender.buffer.byte-limit = 33554432 (custom)
2019-09-24 22:36:02,612 [main] INFO  server.GrpcService (ConfUtils.java:logGet(43)) - raft.grpc.flow.control.window = 1MB (=1048576) (default)
2019-09-24 22:36:02,612 [main] INFO  server.RaftServerConfigKeys (ConfUtils.java:logGet(43)) - raft.server.rpc.request.timeout = 3000ms (default)
2019-09-24 22:36:02,613 [main] INFO  server.RaftServerConfigKeys (ConfUtils.java:logGet(43)) - raft.server.storage.dir = [/workdir/hadoop-ozone/integration-test/target/test-dir/MiniOzoneClusterImpl-95732fd8-3d66-4978-936c-af465de6078a/datanode-3/data/ratis] (custom)
2019-09-24 22:36:02,615 [main] INFO  hdfs.DFSUtil (DFSUtil.java:httpServerTemplateForNNAndJN(1641)) - Starting Web-server for hddsDatanode at: http://0.0.0.0:0
2019-09-24 22:36:02,616 [main] INFO  server.AuthenticationFilter (AuthenticationFilter.java:constructSecretProvider(240)) - Unable to initialize FileSignerSecretProvider, falling back to use random secrets.
2019-09-24 22:36:02,616 [main] WARN  http.HttpRequestLog (HttpRequestLog.java:getRequestLog(97)) - Jetty request log can only be enabled using Log4j
2019-09-24 22:36:02,618 [main] INFO  http.HttpServer2 (HttpServer2.java:addGlobalFilter(975)) - Added global filter 'safety' (class=org.apache.hadoop.http.HttpServer2$QuotingInputFilter)
2019-09-24 22:36:02,618 [main] INFO  http.HttpServer2 (HttpServer2.java:addFilter(948)) - Added filter static_user_filter (class=org.apache.hadoop.http.lib.StaticUserWebFilter$StaticUserFilter) to context hddsDatanode
2019-09-24 22:36:02,618 [main] INFO  http.HttpServer2 (HttpServer2.java:addFilter(958)) - Added filter static_user_filter (class=org.apache.hadoop.http.lib.StaticUserWebFilter$StaticUserFilter) to context static
2019-09-24 22:36:02,619 [main] INFO  http.HttpServer2 (HttpServer2.java:addFilter(958)) - Added filter static_user_filter (class=org.apache.hadoop.http.lib.StaticUserWebFilter$StaticUserFilter) to context logs
2019-09-24 22:36:02,619 [main] INFO  http.HttpServer2 (HttpServer2.java:bindListener(1191)) - Jetty bound to port 41514
2019-09-24 22:36:02,619 [main] INFO  server.Server (Server.java:doStart(351)) - jetty-9.3.25.v20180904, build timestamp: 2018-09-04T21:11:46Z, git hash: 3ce520221d0240229c862b122d2b06c12a625732
2019-09-24 22:36:02,626 [main] INFO  handler.ContextHandler (ContextHandler.java:doStart(781)) - Started o.e.j.s.ServletContextHandler@23f3da8b{/logs,file:///workdir/hadoop-ozone/integration-test/target/log,AVAILABLE}
2019-09-24 22:36:02,627 [main] INFO  handler.ContextHandler (ContextHandler.java:doStart(781)) - Started o.e.j.s.ServletContextHandler@252a8aae{/static,jar:file:/home/user/.m2/repository/org/apache/hadoop/hadoop-hdds-container-service/0.5.0-SNAPSHOT/hadoop-hdds-container-service-0.5.0-SNAPSHOT.jar!/webapps/static,AVAILABLE}
2019-09-24 22:36:02,656 [main] INFO  handler.ContextHandler (ContextHandler.java:doStart(781)) - Started o.e.j.w.WebAppContext@44f24a20{/,file:///tmp/jetty-0.0.0.0-41514-hddsDatanode-_-any-5780215970139797111.dir/webapp/,AVAILABLE}{/hddsDatanode}
2019-09-24 22:36:02,656 [main] INFO  server.AbstractConnector (AbstractConnector.java:doStart(278)) - Started ServerConnector@1859e2a4{HTTP/1.1,[http/1.1]}{0.0.0.0:41514}
2019-09-24 22:36:02,657 [main] INFO  server.Server (Server.java:doStart(419)) - Started @5716ms
2019-09-24 22:36:02,659 [main] WARN  impl.MetricsSystemImpl (MetricsSystemImpl.java:register(276)) - Sink prometheus already exists!
2019-09-24 22:36:02,660 [main] INFO  server.BaseHttpServer (BaseHttpServer.java:updateConnectorAddress(215)) - HTTP server of HDDSDATANODE is listening at http://0.0.0.0:41514
2019-09-24 22:36:02,660 [main] INFO  impl.MetricsSystemImpl (MetricsSystemImpl.java:init(158)) - HddsDatanode metrics system started (again)
2019-09-24 22:36:02,663 [main] INFO  ozone.HddsDatanodeService (HddsDatanodeService.java:start(184)) - HddsDatanodeService host:pr-hdds-2162-v2v4x-1150571016 ip:192.168.151.66
2019-09-24 22:36:02,663 [org.apache.hadoop.util.JvmPauseMonitor$Monitor@44e3e78d] INFO  util.JvmPauseMonitor (JvmPauseMonitor.java:run(188)) - Starting JVM pause monitor
2019-09-24 22:36:02,667 [Datanode State Machine Thread - 0] INFO  datanode.InitDatanodeState (InitDatanodeState.java:persistContainerDatanodeDetails(140)) - DatanodeDetails is persisted to /workdir/hadoop-ozone/integration-test/target/test-dir/MiniOzoneClusterImpl-95732fd8-3d66-4978-936c-af465de6078a/datanode-3/meta/datanode.id
2019-09-24 22:36:02,672 [main] INFO  volume.HddsVolume (HddsVolume.java:<init>(176)) - Creating Volume: /workdir/hadoop-ozone/integration-test/target/test-dir/MiniOzoneClusterImpl-95732fd8-3d66-4978-936c-af465de6078a/datanode-4/data/containers/hdds of  storage type : DISK and capacity : 1482555576320
2019-09-24 22:36:02,672 [main] INFO  volume.VolumeSet (VolumeSet.java:initializeVolumeSet(170)) - Added Volume : /workdir/hadoop-ozone/integration-test/target/test-dir/MiniOzoneClusterImpl-95732fd8-3d66-4978-936c-af465de6078a/datanode-4/data/containers/hdds to VolumeSet
2019-09-24 22:36:02,673 [main] INFO  volume.ThrottledAsyncChecker (ThrottledAsyncChecker.java:schedule(139)) - Scheduling a check for org.apache.hadoop.ozone.container.common.volume.HddsVolume@2f4c2cd4
2019-09-24 22:36:02,673 [main] INFO  volume.HddsVolumeChecker (HddsVolumeChecker.java:checkAllVolumes(202)) - Scheduled health check for volume org.apache.hadoop.ozone.container.common.volume.HddsVolume@2f4c2cd4
2019-09-24 22:36:02,685 [main] INFO  impl.RaftServerProxy (ConfUtils.java:logGet(43)) - raft.rpc.type = GRPC (default)
2019-09-24 22:36:02,686 [main] INFO  grpc.GrpcFactory (GrpcFactory.java:checkPooledByteBufAllocatorUseCacheForAllThreads(45)) - PERFORMANCE WARNING: useCacheForAllThreads is true that may cause Netty to create a lot garbage objects and, as a result, trigger GC.
	It is recommended to disable useCacheForAllThreads by setting -Dorg.apache.ratis.thirdparty.io.netty.allocator.useCacheForAllThreads=false in command line.
2019-09-24 22:36:02,686 [main] INFO  grpc.GrpcConfigKeys$Server (ConfUtils.java:logGet(43)) - raft.grpc.server.port = 0 (default)
2019-09-24 22:36:02,686 [main] INFO  server.GrpcService (ConfUtils.java:logGet(43)) - raft.grpc.message.size.max = 33570816 (custom)
2019-09-24 22:36:02,686 [main] INFO  server.RaftServerConfigKeys (ConfUtils.java:logGet(43)) - raft.server.log.appender.buffer.byte-limit = 33554432 (custom)
2019-09-24 22:36:02,686 [main] INFO  server.GrpcService (ConfUtils.java:logGet(43)) - raft.grpc.flow.control.window = 1MB (=1048576) (default)
2019-09-24 22:36:02,687 [main] INFO  server.RaftServerConfigKeys (ConfUtils.java:logGet(43)) - raft.server.rpc.request.timeout = 3000ms (default)
2019-09-24 22:36:02,687 [main] INFO  server.RaftServerConfigKeys (ConfUtils.java:logGet(43)) - raft.server.storage.dir = [/workdir/hadoop-ozone/integration-test/target/test-dir/MiniOzoneClusterImpl-95732fd8-3d66-4978-936c-af465de6078a/datanode-4/data/ratis] (custom)
2019-09-24 22:36:02,689 [main] INFO  hdfs.DFSUtil (DFSUtil.java:httpServerTemplateForNNAndJN(1641)) - Starting Web-server for hddsDatanode at: http://0.0.0.0:0
2019-09-24 22:36:02,690 [main] INFO  server.AuthenticationFilter (AuthenticationFilter.java:constructSecretProvider(240)) - Unable to initialize FileSignerSecretProvider, falling back to use random secrets.
2019-09-24 22:36:02,690 [main] WARN  http.HttpRequestLog (HttpRequestLog.java:getRequestLog(97)) - Jetty request log can only be enabled using Log4j
2019-09-24 22:36:02,692 [main] INFO  http.HttpServer2 (HttpServer2.java:addGlobalFilter(975)) - Added global filter 'safety' (class=org.apache.hadoop.http.HttpServer2$QuotingInputFilter)
2019-09-24 22:36:02,692 [main] INFO  http.HttpServer2 (HttpServer2.java:addFilter(948)) - Added filter static_user_filter (class=org.apache.hadoop.http.lib.StaticUserWebFilter$StaticUserFilter) to context hddsDatanode
2019-09-24 22:36:02,692 [main] INFO  http.HttpServer2 (HttpServer2.java:addFilter(958)) - Added filter static_user_filter (class=org.apache.hadoop.http.lib.StaticUserWebFilter$StaticUserFilter) to context static
2019-09-24 22:36:02,693 [main] INFO  http.HttpServer2 (HttpServer2.java:addFilter(958)) - Added filter static_user_filter (class=org.apache.hadoop.http.lib.StaticUserWebFilter$StaticUserFilter) to context logs
2019-09-24 22:36:02,693 [main] INFO  http.HttpServer2 (HttpServer2.java:bindListener(1191)) - Jetty bound to port 35763
2019-09-24 22:36:02,694 [main] INFO  server.Server (Server.java:doStart(351)) - jetty-9.3.25.v20180904, build timestamp: 2018-09-04T21:11:46Z, git hash: 3ce520221d0240229c862b122d2b06c12a625732
2019-09-24 22:36:02,696 [main] INFO  handler.ContextHandler (ContextHandler.java:doStart(781)) - Started o.e.j.s.ServletContextHandler@44cffc25{/logs,file:///workdir/hadoop-ozone/integration-test/target/log,AVAILABLE}
2019-09-24 22:36:02,696 [main] INFO  handler.ContextHandler (ContextHandler.java:doStart(781)) - Started o.e.j.s.ServletContextHandler@25aeb5ac{/static,jar:file:/home/user/.m2/repository/org/apache/hadoop/hadoop-hdds-container-service/0.5.0-SNAPSHOT/hadoop-hdds-container-service-0.5.0-SNAPSHOT.jar!/webapps/static,AVAILABLE}
2019-09-24 22:36:02,725 [main] INFO  handler.ContextHandler (ContextHandler.java:doStart(781)) - Started o.e.j.w.WebAppContext@ff23ae7{/,file:///tmp/jetty-0.0.0.0-35763-hddsDatanode-_-any-1485008887144813570.dir/webapp/,AVAILABLE}{/hddsDatanode}
2019-09-24 22:36:02,726 [main] INFO  server.AbstractConnector (AbstractConnector.java:doStart(278)) - Started ServerConnector@423b2b62{HTTP/1.1,[http/1.1]}{0.0.0.0:35763}
2019-09-24 22:36:02,727 [main] INFO  server.Server (Server.java:doStart(419)) - Started @5786ms
2019-09-24 22:36:02,732 [main] WARN  impl.MetricsSystemImpl (MetricsSystemImpl.java:register(276)) - Sink prometheus already exists!
2019-09-24 22:36:02,732 [main] INFO  server.BaseHttpServer (BaseHttpServer.java:updateConnectorAddress(215)) - HTTP server of HDDSDATANODE is listening at http://0.0.0.0:35763
2019-09-24 22:36:02,733 [main] INFO  impl.MetricsSystemImpl (MetricsSystemImpl.java:init(158)) - HddsDatanode metrics system started (again)
2019-09-24 22:36:02,736 [org.apache.hadoop.util.JvmPauseMonitor$Monitor@4c96a5d9] INFO  util.JvmPauseMonitor (JvmPauseMonitor.java:run(188)) - Starting JVM pause monitor
2019-09-24 22:36:02,737 [main] INFO  ozone.HddsDatanodeService (HddsDatanodeService.java:start(184)) - HddsDatanodeService host:pr-hdds-2162-v2v4x-1150571016 ip:192.168.151.66
2019-09-24 22:36:02,740 [Datanode State Machine Thread - 0] INFO  datanode.InitDatanodeState (InitDatanodeState.java:persistContainerDatanodeDetails(140)) - DatanodeDetails is persisted to /workdir/hadoop-ozone/integration-test/target/test-dir/MiniOzoneClusterImpl-95732fd8-3d66-4978-936c-af465de6078a/datanode-4/meta/datanode.id
2019-09-24 22:36:02,745 [main] INFO  volume.HddsVolume (HddsVolume.java:<init>(176)) - Creating Volume: /workdir/hadoop-ozone/integration-test/target/test-dir/MiniOzoneClusterImpl-95732fd8-3d66-4978-936c-af465de6078a/datanode-5/data/containers/hdds of  storage type : DISK and capacity : 1482555576320
2019-09-24 22:36:02,745 [main] INFO  volume.VolumeSet (VolumeSet.java:initializeVolumeSet(170)) - Added Volume : /workdir/hadoop-ozone/integration-test/target/test-dir/MiniOzoneClusterImpl-95732fd8-3d66-4978-936c-af465de6078a/datanode-5/data/containers/hdds to VolumeSet
2019-09-24 22:36:02,745 [main] INFO  volume.ThrottledAsyncChecker (ThrottledAsyncChecker.java:schedule(139)) - Scheduling a check for org.apache.hadoop.ozone.container.common.volume.HddsVolume@3a66e67e
2019-09-24 22:36:02,746 [main] INFO  volume.HddsVolumeChecker (HddsVolumeChecker.java:checkAllVolumes(202)) - Scheduled health check for volume org.apache.hadoop.ozone.container.common.volume.HddsVolume@3a66e67e
2019-09-24 22:36:02,764 [main] INFO  impl.RaftServerProxy (ConfUtils.java:logGet(43)) - raft.rpc.type = GRPC (default)
2019-09-24 22:36:02,764 [main] INFO  grpc.GrpcFactory (GrpcFactory.java:checkPooledByteBufAllocatorUseCacheForAllThreads(45)) - PERFORMANCE WARNING: useCacheForAllThreads is true that may cause Netty to create a lot garbage objects and, as a result, trigger GC.
	It is recommended to disable useCacheForAllThreads by setting -Dorg.apache.ratis.thirdparty.io.netty.allocator.useCacheForAllThreads=false in command line.
2019-09-24 22:36:02,765 [main] INFO  grpc.GrpcConfigKeys$Server (ConfUtils.java:logGet(43)) - raft.grpc.server.port = 0 (default)
2019-09-24 22:36:02,765 [main] INFO  server.GrpcService (ConfUtils.java:logGet(43)) - raft.grpc.message.size.max = 33570816 (custom)
2019-09-24 22:36:02,765 [main] INFO  server.RaftServerConfigKeys (ConfUtils.java:logGet(43)) - raft.server.log.appender.buffer.byte-limit = 33554432 (custom)
2019-09-24 22:36:02,765 [main] INFO  server.GrpcService (ConfUtils.java:logGet(43)) - raft.grpc.flow.control.window = 1MB (=1048576) (default)
2019-09-24 22:36:02,765 [main] INFO  server.RaftServerConfigKeys (ConfUtils.java:logGet(43)) - raft.server.rpc.request.timeout = 3000ms (default)
2019-09-24 22:36:02,766 [main] INFO  server.RaftServerConfigKeys (ConfUtils.java:logGet(43)) - raft.server.storage.dir = [/workdir/hadoop-ozone/integration-test/target/test-dir/MiniOzoneClusterImpl-95732fd8-3d66-4978-936c-af465de6078a/datanode-5/data/ratis] (custom)
2019-09-24 22:36:02,768 [main] INFO  hdfs.DFSUtil (DFSUtil.java:httpServerTemplateForNNAndJN(1641)) - Starting Web-server for hddsDatanode at: http://0.0.0.0:0
2019-09-24 22:36:02,769 [main] INFO  server.AuthenticationFilter (AuthenticationFilter.java:constructSecretProvider(240)) - Unable to initialize FileSignerSecretProvider, falling back to use random secrets.
2019-09-24 22:36:02,770 [main] WARN  http.HttpRequestLog (HttpRequestLog.java:getRequestLog(97)) - Jetty request log can only be enabled using Log4j
2019-09-24 22:36:02,771 [main] INFO  http.HttpServer2 (HttpServer2.java:addGlobalFilter(975)) - Added global filter 'safety' (class=org.apache.hadoop.http.HttpServer2$QuotingInputFilter)
2019-09-24 22:36:02,771 [main] INFO  http.HttpServer2 (HttpServer2.java:addFilter(948)) - Added filter static_user_filter (class=org.apache.hadoop.http.lib.StaticUserWebFilter$StaticUserFilter) to context hddsDatanode
2019-09-24 22:36:02,772 [main] INFO  http.HttpServer2 (HttpServer2.java:addFilter(958)) - Added filter static_user_filter (class=org.apache.hadoop.http.lib.StaticUserWebFilter$StaticUserFilter) to context static
2019-09-24 22:36:02,772 [main] INFO  http.HttpServer2 (HttpServer2.java:addFilter(958)) - Added filter static_user_filter (class=org.apache.hadoop.http.lib.StaticUserWebFilter$StaticUserFilter) to context logs
2019-09-24 22:36:02,772 [main] INFO  http.HttpServer2 (HttpServer2.java:bindListener(1191)) - Jetty bound to port 44052
2019-09-24 22:36:02,773 [main] INFO  server.Server (Server.java:doStart(351)) - jetty-9.3.25.v20180904, build timestamp: 2018-09-04T21:11:46Z, git hash: 3ce520221d0240229c862b122d2b06c12a625732
2019-09-24 22:36:02,774 [main] INFO  handler.ContextHandler (ContextHandler.java:doStart(781)) - Started o.e.j.s.ServletContextHandler@68f0f72c{/logs,file:///workdir/hadoop-ozone/integration-test/target/log,AVAILABLE}
2019-09-24 22:36:02,775 [main] INFO  handler.ContextHandler (ContextHandler.java:doStart(781)) - Started o.e.j.s.ServletContextHandler@3b545206{/static,jar:file:/home/user/.m2/repository/org/apache/hadoop/hadoop-hdds-container-service/0.5.0-SNAPSHOT/hadoop-hdds-container-service-0.5.0-SNAPSHOT.jar!/webapps/static,AVAILABLE}
2019-09-24 22:36:02,804 [main] INFO  handler.ContextHandler (ContextHandler.java:doStart(781)) - Started o.e.j.w.WebAppContext@3d0035d2{/,file:///tmp/jetty-0.0.0.0-44052-hddsDatanode-_-any-1682684813608101463.dir/webapp/,AVAILABLE}{/hddsDatanode}
2019-09-24 22:36:02,806 [main] INFO  server.AbstractConnector (AbstractConnector.java:doStart(278)) - Started ServerConnector@2bfb6b49{HTTP/1.1,[http/1.1]}{0.0.0.0:44052}
2019-09-24 22:36:02,806 [main] INFO  server.Server (Server.java:doStart(419)) - Started @5865ms
2019-09-24 22:36:02,806 [main] WARN  impl.MetricsSystemImpl (MetricsSystemImpl.java:register(276)) - Sink prometheus already exists!
2019-09-24 22:36:02,807 [main] INFO  server.BaseHttpServer (BaseHttpServer.java:updateConnectorAddress(215)) - HTTP server of HDDSDATANODE is listening at http://0.0.0.0:44052
2019-09-24 22:36:02,807 [main] INFO  impl.MetricsSystemImpl (MetricsSystemImpl.java:init(158)) - HddsDatanode metrics system started (again)
2019-09-24 22:36:02,811 [main] INFO  ozone.HddsDatanodeService (HddsDatanodeService.java:start(184)) - HddsDatanodeService host:pr-hdds-2162-v2v4x-1150571016 ip:192.168.151.66
2019-09-24 22:36:02,812 [org.apache.hadoop.util.JvmPauseMonitor$Monitor@62d5d6f6] INFO  util.JvmPauseMonitor (JvmPauseMonitor.java:run(188)) - Starting JVM pause monitor
2019-09-24 22:36:02,815 [Datanode State Machine Thread - 0] INFO  datanode.InitDatanodeState (InitDatanodeState.java:persistContainerDatanodeDetails(140)) - DatanodeDetails is persisted to /workdir/hadoop-ozone/integration-test/target/test-dir/MiniOzoneClusterImpl-95732fd8-3d66-4978-936c-af465de6078a/datanode-5/meta/datanode.id
2019-09-24 22:36:02,819 [main] INFO  volume.HddsVolume (HddsVolume.java:<init>(176)) - Creating Volume: /workdir/hadoop-ozone/integration-test/target/test-dir/MiniOzoneClusterImpl-95732fd8-3d66-4978-936c-af465de6078a/datanode-6/data/containers/hdds of  storage type : DISK and capacity : 1482555576320
2019-09-24 22:36:02,819 [main] INFO  volume.VolumeSet (VolumeSet.java:initializeVolumeSet(170)) - Added Volume : /workdir/hadoop-ozone/integration-test/target/test-dir/MiniOzoneClusterImpl-95732fd8-3d66-4978-936c-af465de6078a/datanode-6/data/containers/hdds to VolumeSet
2019-09-24 22:36:02,819 [main] INFO  volume.ThrottledAsyncChecker (ThrottledAsyncChecker.java:schedule(139)) - Scheduling a check for org.apache.hadoop.ozone.container.common.volume.HddsVolume@173a6728
2019-09-24 22:36:02,820 [main] INFO  volume.HddsVolumeChecker (HddsVolumeChecker.java:checkAllVolumes(202)) - Scheduled health check for volume org.apache.hadoop.ozone.container.common.volume.HddsVolume@173a6728
2019-09-24 22:36:02,833 [main] INFO  impl.RaftServerProxy (ConfUtils.java:logGet(43)) - raft.rpc.type = GRPC (default)
2019-09-24 22:36:02,833 [main] INFO  grpc.GrpcFactory (GrpcFactory.java:checkPooledByteBufAllocatorUseCacheForAllThreads(45)) - PERFORMANCE WARNING: useCacheForAllThreads is true that may cause Netty to create a lot garbage objects and, as a result, trigger GC.
	It is recommended to disable useCacheForAllThreads by setting -Dorg.apache.ratis.thirdparty.io.netty.allocator.useCacheForAllThreads=false in command line.
2019-09-24 22:36:02,833 [main] INFO  grpc.GrpcConfigKeys$Server (ConfUtils.java:logGet(43)) - raft.grpc.server.port = 0 (default)
2019-09-24 22:36:02,834 [main] INFO  server.GrpcService (ConfUtils.java:logGet(43)) - raft.grpc.message.size.max = 33570816 (custom)
2019-09-24 22:36:02,834 [main] INFO  server.RaftServerConfigKeys (ConfUtils.java:logGet(43)) - raft.server.log.appender.buffer.byte-limit = 33554432 (custom)
2019-09-24 22:36:02,834 [main] INFO  server.GrpcService (ConfUtils.java:logGet(43)) - raft.grpc.flow.control.window = 1MB (=1048576) (default)
2019-09-24 22:36:02,834 [main] INFO  server.RaftServerConfigKeys (ConfUtils.java:logGet(43)) - raft.server.rpc.request.timeout = 3000ms (default)
2019-09-24 22:36:02,835 [main] INFO  server.RaftServerConfigKeys (ConfUtils.java:logGet(43)) - raft.server.storage.dir = [/workdir/hadoop-ozone/integration-test/target/test-dir/MiniOzoneClusterImpl-95732fd8-3d66-4978-936c-af465de6078a/datanode-6/data/ratis] (custom)
2019-09-24 22:36:02,836 [main] INFO  hdfs.DFSUtil (DFSUtil.java:httpServerTemplateForNNAndJN(1641)) - Starting Web-server for hddsDatanode at: http://0.0.0.0:0
2019-09-24 22:36:02,837 [main] INFO  server.AuthenticationFilter (AuthenticationFilter.java:constructSecretProvider(240)) - Unable to initialize FileSignerSecretProvider, falling back to use random secrets.
2019-09-24 22:36:02,838 [main] WARN  http.HttpRequestLog (HttpRequestLog.java:getRequestLog(97)) - Jetty request log can only be enabled using Log4j
2019-09-24 22:36:02,839 [main] INFO  http.HttpServer2 (HttpServer2.java:addGlobalFilter(975)) - Added global filter 'safety' (class=org.apache.hadoop.http.HttpServer2$QuotingInputFilter)
2019-09-24 22:36:02,840 [main] INFO  http.HttpServer2 (HttpServer2.java:addFilter(948)) - Added filter static_user_filter (class=org.apache.hadoop.http.lib.StaticUserWebFilter$StaticUserFilter) to context hddsDatanode
2019-09-24 22:36:02,840 [main] INFO  http.HttpServer2 (HttpServer2.java:addFilter(958)) - Added filter static_user_filter (class=org.apache.hadoop.http.lib.StaticUserWebFilter$StaticUserFilter) to context static
2019-09-24 22:36:02,840 [main] INFO  http.HttpServer2 (HttpServer2.java:addFilter(958)) - Added filter static_user_filter (class=org.apache.hadoop.http.lib.StaticUserWebFilter$StaticUserFilter) to context logs
2019-09-24 22:36:02,841 [main] INFO  http.HttpServer2 (HttpServer2.java:bindListener(1191)) - Jetty bound to port 34862
2019-09-24 22:36:02,841 [main] INFO  server.Server (Server.java:doStart(351)) - jetty-9.3.25.v20180904, build timestamp: 2018-09-04T21:11:46Z, git hash: 3ce520221d0240229c862b122d2b06c12a625732
2019-09-24 22:36:02,842 [main] INFO  handler.ContextHandler (ContextHandler.java:doStart(781)) - Started o.e.j.s.ServletContextHandler@1e1e9ef3{/logs,file:///workdir/hadoop-ozone/integration-test/target/log,AVAILABLE}
2019-09-24 22:36:02,843 [main] INFO  handler.ContextHandler (ContextHandler.java:doStart(781)) - Started o.e.j.s.ServletContextHandler@31c628e7{/static,jar:file:/home/user/.m2/repository/org/apache/hadoop/hadoop-hdds-container-service/0.5.0-SNAPSHOT/hadoop-hdds-container-service-0.5.0-SNAPSHOT.jar!/webapps/static,AVAILABLE}
2019-09-24 22:36:02,871 [main] INFO  handler.ContextHandler (ContextHandler.java:doStart(781)) - Started o.e.j.w.WebAppContext@5c5d6175{/,file:///tmp/jetty-0.0.0.0-34862-hddsDatanode-_-any-8992440513097479706.dir/webapp/,AVAILABLE}{/hddsDatanode}
2019-09-24 22:36:02,872 [main] INFO  server.AbstractConnector (AbstractConnector.java:doStart(278)) - Started ServerConnector@7544ac86{HTTP/1.1,[http/1.1]}{0.0.0.0:34862}
2019-09-24 22:36:02,873 [main] INFO  server.Server (Server.java:doStart(419)) - Started @5932ms
2019-09-24 22:36:02,873 [main] WARN  impl.MetricsSystemImpl (MetricsSystemImpl.java:register(276)) - Sink prometheus already exists!
2019-09-24 22:36:02,874 [main] INFO  server.BaseHttpServer (BaseHttpServer.java:updateConnectorAddress(215)) - HTTP server of HDDSDATANODE is listening at http://0.0.0.0:34862
2019-09-24 22:36:02,874 [main] INFO  impl.MetricsSystemImpl (MetricsSystemImpl.java:init(158)) - HddsDatanode metrics system started (again)
2019-09-24 22:36:02,879 [org.apache.hadoop.util.JvmPauseMonitor$Monitor@c5f400] INFO  util.JvmPauseMonitor (JvmPauseMonitor.java:run(188)) - Starting JVM pause monitor
2019-09-24 22:36:02,879 [main] INFO  ozone.HddsDatanodeService (HddsDatanodeService.java:start(184)) - HddsDatanodeService host:pr-hdds-2162-v2v4x-1150571016 ip:192.168.151.66
2019-09-24 22:36:02,882 [Datanode State Machine Thread - 0] INFO  datanode.InitDatanodeState (InitDatanodeState.java:persistContainerDatanodeDetails(140)) - DatanodeDetails is persisted to /workdir/hadoop-ozone/integration-test/target/test-dir/MiniOzoneClusterImpl-95732fd8-3d66-4978-936c-af465de6078a/datanode-6/meta/datanode.id
2019-09-24 22:36:02,888 [main] INFO  volume.HddsVolume (HddsVolume.java:<init>(176)) - Creating Volume: /workdir/hadoop-ozone/integration-test/target/test-dir/MiniOzoneClusterImpl-95732fd8-3d66-4978-936c-af465de6078a/datanode-7/data/containers/hdds of  storage type : DISK and capacity : 1482555576320
2019-09-24 22:36:02,888 [main] INFO  volume.VolumeSet (VolumeSet.java:initializeVolumeSet(170)) - Added Volume : /workdir/hadoop-ozone/integration-test/target/test-dir/MiniOzoneClusterImpl-95732fd8-3d66-4978-936c-af465de6078a/datanode-7/data/containers/hdds to VolumeSet
2019-09-24 22:36:02,888 [main] INFO  volume.ThrottledAsyncChecker (ThrottledAsyncChecker.java:schedule(139)) - Scheduling a check for org.apache.hadoop.ozone.container.common.volume.HddsVolume@445bb139
2019-09-24 22:36:02,889 [main] INFO  volume.HddsVolumeChecker (HddsVolumeChecker.java:checkAllVolumes(202)) - Scheduled health check for volume org.apache.hadoop.ozone.container.common.volume.HddsVolume@445bb139
2019-09-24 22:36:02,902 [main] INFO  impl.RaftServerProxy (ConfUtils.java:logGet(43)) - raft.rpc.type = GRPC (default)
2019-09-24 22:36:02,902 [main] INFO  grpc.GrpcFactory (GrpcFactory.java:checkPooledByteBufAllocatorUseCacheForAllThreads(45)) - PERFORMANCE WARNING: useCacheForAllThreads is true that may cause Netty to create a lot garbage objects and, as a result, trigger GC.
	It is recommended to disable useCacheForAllThreads by setting -Dorg.apache.ratis.thirdparty.io.netty.allocator.useCacheForAllThreads=false in command line.
2019-09-24 22:36:02,903 [main] INFO  grpc.GrpcConfigKeys$Server (ConfUtils.java:logGet(43)) - raft.grpc.server.port = 0 (default)
2019-09-24 22:36:02,903 [main] INFO  server.GrpcService (ConfUtils.java:logGet(43)) - raft.grpc.message.size.max = 33570816 (custom)
2019-09-24 22:36:02,903 [main] INFO  server.RaftServerConfigKeys (ConfUtils.java:logGet(43)) - raft.server.log.appender.buffer.byte-limit = 33554432 (custom)
2019-09-24 22:36:02,903 [main] INFO  server.GrpcService (ConfUtils.java:logGet(43)) - raft.grpc.flow.control.window = 1MB (=1048576) (default)
2019-09-24 22:36:02,903 [main] INFO  server.RaftServerConfigKeys (ConfUtils.java:logGet(43)) - raft.server.rpc.request.timeout = 3000ms (default)
2019-09-24 22:36:02,904 [main] INFO  server.RaftServerConfigKeys (ConfUtils.java:logGet(43)) - raft.server.storage.dir = [/workdir/hadoop-ozone/integration-test/target/test-dir/MiniOzoneClusterImpl-95732fd8-3d66-4978-936c-af465de6078a/datanode-7/data/ratis] (custom)
2019-09-24 22:36:02,906 [main] INFO  hdfs.DFSUtil (DFSUtil.java:httpServerTemplateForNNAndJN(1641)) - Starting Web-server for hddsDatanode at: http://0.0.0.0:0
2019-09-24 22:36:02,907 [main] INFO  server.AuthenticationFilter (AuthenticationFilter.java:constructSecretProvider(240)) - Unable to initialize FileSignerSecretProvider, falling back to use random secrets.
2019-09-24 22:36:02,907 [main] WARN  http.HttpRequestLog (HttpRequestLog.java:getRequestLog(97)) - Jetty request log can only be enabled using Log4j
2019-09-24 22:36:02,909 [main] INFO  http.HttpServer2 (HttpServer2.java:addGlobalFilter(975)) - Added global filter 'safety' (class=org.apache.hadoop.http.HttpServer2$QuotingInputFilter)
2019-09-24 22:36:02,909 [main] INFO  http.HttpServer2 (HttpServer2.java:addFilter(948)) - Added filter static_user_filter (class=org.apache.hadoop.http.lib.StaticUserWebFilter$StaticUserFilter) to context hddsDatanode
2019-09-24 22:36:02,909 [main] INFO  http.HttpServer2 (HttpServer2.java:addFilter(958)) - Added filter static_user_filter (class=org.apache.hadoop.http.lib.StaticUserWebFilter$StaticUserFilter) to context logs
2019-09-24 22:36:02,910 [main] INFO  http.HttpServer2 (HttpServer2.java:addFilter(958)) - Added filter static_user_filter (class=org.apache.hadoop.http.lib.StaticUserWebFilter$StaticUserFilter) to context static
2019-09-24 22:36:02,910 [main] INFO  http.HttpServer2 (HttpServer2.java:bindListener(1191)) - Jetty bound to port 43812
2019-09-24 22:36:02,910 [main] INFO  server.Server (Server.java:doStart(351)) - jetty-9.3.25.v20180904, build timestamp: 2018-09-04T21:11:46Z, git hash: 3ce520221d0240229c862b122d2b06c12a625732
2019-09-24 22:36:02,913 [main] INFO  handler.ContextHandler (ContextHandler.java:doStart(781)) - Started o.e.j.s.ServletContextHandler@2a869a16{/logs,file:///workdir/hadoop-ozone/integration-test/target/log,AVAILABLE}
2019-09-24 22:36:02,914 [main] INFO  handler.ContextHandler (ContextHandler.java:doStart(781)) - Started o.e.j.s.ServletContextHandler@46aa712c{/static,jar:file:/home/user/.m2/repository/org/apache/hadoop/hadoop-hdds-container-service/0.5.0-SNAPSHOT/hadoop-hdds-container-service-0.5.0-SNAPSHOT.jar!/webapps/static,AVAILABLE}
2019-09-24 22:36:02,944 [main] INFO  handler.ContextHandler (ContextHandler.java:doStart(781)) - Started o.e.j.w.WebAppContext@3078cac{/,file:///tmp/jetty-0.0.0.0-43812-hddsDatanode-_-any-3222529023640731540.dir/webapp/,AVAILABLE}{/hddsDatanode}
2019-09-24 22:36:02,945 [main] INFO  server.AbstractConnector (AbstractConnector.java:doStart(278)) - Started ServerConnector@f6de586{HTTP/1.1,[http/1.1]}{0.0.0.0:43812}
2019-09-24 22:36:02,946 [main] INFO  server.Server (Server.java:doStart(419)) - Started @6005ms
2019-09-24 22:36:02,946 [main] WARN  impl.MetricsSystemImpl (MetricsSystemImpl.java:register(276)) - Sink prometheus already exists!
2019-09-24 22:36:02,947 [main] INFO  server.BaseHttpServer (BaseHttpServer.java:updateConnectorAddress(215)) - HTTP server of HDDSDATANODE is listening at http://0.0.0.0:43812
2019-09-24 22:36:02,947 [main] INFO  impl.MetricsSystemImpl (MetricsSystemImpl.java:init(158)) - HddsDatanode metrics system started (again)
2019-09-24 22:36:02,951 [main] INFO  ozone.HddsDatanodeService (HddsDatanodeService.java:start(184)) - HddsDatanodeService host:pr-hdds-2162-v2v4x-1150571016 ip:192.168.151.66
2019-09-24 22:36:02,952 [org.apache.hadoop.util.JvmPauseMonitor$Monitor@50b127f6] INFO  util.JvmPauseMonitor (JvmPauseMonitor.java:run(188)) - Starting JVM pause monitor
2019-09-24 22:36:02,955 [Datanode State Machine Thread - 0] INFO  datanode.InitDatanodeState (InitDatanodeState.java:persistContainerDatanodeDetails(140)) - DatanodeDetails is persisted to /workdir/hadoop-ozone/integration-test/target/test-dir/MiniOzoneClusterImpl-95732fd8-3d66-4978-936c-af465de6078a/datanode-7/meta/datanode.id
2019-09-24 22:36:02,962 [main] INFO  volume.HddsVolume (HddsVolume.java:<init>(176)) - Creating Volume: /workdir/hadoop-ozone/integration-test/target/test-dir/MiniOzoneClusterImpl-95732fd8-3d66-4978-936c-af465de6078a/datanode-8/data/containers/hdds of  storage type : DISK and capacity : 1482555576320
2019-09-24 22:36:02,962 [main] INFO  volume.VolumeSet (VolumeSet.java:initializeVolumeSet(170)) - Added Volume : /workdir/hadoop-ozone/integration-test/target/test-dir/MiniOzoneClusterImpl-95732fd8-3d66-4978-936c-af465de6078a/datanode-8/data/containers/hdds to VolumeSet
2019-09-24 22:36:02,962 [main] INFO  volume.ThrottledAsyncChecker (ThrottledAsyncChecker.java:schedule(139)) - Scheduling a check for org.apache.hadoop.ozone.container.common.volume.HddsVolume@4af45442
2019-09-24 22:36:02,963 [main] INFO  volume.HddsVolumeChecker (HddsVolumeChecker.java:checkAllVolumes(202)) - Scheduled health check for volume org.apache.hadoop.ozone.container.common.volume.HddsVolume@4af45442
2019-09-24 22:36:02,976 [main] INFO  impl.RaftServerProxy (ConfUtils.java:logGet(43)) - raft.rpc.type = GRPC (default)
2019-09-24 22:36:02,976 [main] INFO  grpc.GrpcFactory (GrpcFactory.java:checkPooledByteBufAllocatorUseCacheForAllThreads(45)) - PERFORMANCE WARNING: useCacheForAllThreads is true that may cause Netty to create a lot garbage objects and, as a result, trigger GC.
	It is recommended to disable useCacheForAllThreads by setting -Dorg.apache.ratis.thirdparty.io.netty.allocator.useCacheForAllThreads=false in command line.
2019-09-24 22:36:02,976 [main] INFO  grpc.GrpcConfigKeys$Server (ConfUtils.java:logGet(43)) - raft.grpc.server.port = 0 (default)
2019-09-24 22:36:02,977 [main] INFO  server.GrpcService (ConfUtils.java:logGet(43)) - raft.grpc.message.size.max = 33570816 (custom)
2019-09-24 22:36:02,977 [main] INFO  server.RaftServerConfigKeys (ConfUtils.java:logGet(43)) - raft.server.log.appender.buffer.byte-limit = 33554432 (custom)
2019-09-24 22:36:02,977 [main] INFO  server.GrpcService (ConfUtils.java:logGet(43)) - raft.grpc.flow.control.window = 1MB (=1048576) (default)
2019-09-24 22:36:02,977 [main] INFO  server.RaftServerConfigKeys (ConfUtils.java:logGet(43)) - raft.server.rpc.request.timeout = 3000ms (default)
2019-09-24 22:36:02,978 [main] INFO  server.RaftServerConfigKeys (ConfUtils.java:logGet(43)) - raft.server.storage.dir = [/workdir/hadoop-ozone/integration-test/target/test-dir/MiniOzoneClusterImpl-95732fd8-3d66-4978-936c-af465de6078a/datanode-8/data/ratis] (custom)
2019-09-24 22:36:02,980 [main] INFO  hdfs.DFSUtil (DFSUtil.java:httpServerTemplateForNNAndJN(1641)) - Starting Web-server for hddsDatanode at: http://0.0.0.0:0
2019-09-24 22:36:02,981 [main] INFO  server.AuthenticationFilter (AuthenticationFilter.java:constructSecretProvider(240)) - Unable to initialize FileSignerSecretProvider, falling back to use random secrets.
2019-09-24 22:36:02,981 [main] WARN  http.HttpRequestLog (HttpRequestLog.java:getRequestLog(97)) - Jetty request log can only be enabled using Log4j
2019-09-24 22:36:02,983 [main] INFO  http.HttpServer2 (HttpServer2.java:addGlobalFilter(975)) - Added global filter 'safety' (class=org.apache.hadoop.http.HttpServer2$QuotingInputFilter)
2019-09-24 22:36:02,983 [main] INFO  http.HttpServer2 (HttpServer2.java:addFilter(948)) - Added filter static_user_filter (class=org.apache.hadoop.http.lib.StaticUserWebFilter$StaticUserFilter) to context hddsDatanode
2019-09-24 22:36:02,983 [main] INFO  http.HttpServer2 (HttpServer2.java:addFilter(958)) - Added filter static_user_filter (class=org.apache.hadoop.http.lib.StaticUserWebFilter$StaticUserFilter) to context logs
2019-09-24 22:36:02,983 [main] INFO  http.HttpServer2 (HttpServer2.java:addFilter(958)) - Added filter static_user_filter (class=org.apache.hadoop.http.lib.StaticUserWebFilter$StaticUserFilter) to context static
2019-09-24 22:36:02,984 [main] INFO  http.HttpServer2 (HttpServer2.java:bindListener(1191)) - Jetty bound to port 44951
2019-09-24 22:36:02,984 [main] INFO  server.Server (Server.java:doStart(351)) - jetty-9.3.25.v20180904, build timestamp: 2018-09-04T21:11:46Z, git hash: 3ce520221d0240229c862b122d2b06c12a625732
2019-09-24 22:36:02,986 [main] INFO  handler.ContextHandler (ContextHandler.java:doStart(781)) - Started o.e.j.s.ServletContextHandler@1f53481b{/logs,file:///workdir/hadoop-ozone/integration-test/target/log,AVAILABLE}
2019-09-24 22:36:02,987 [main] INFO  handler.ContextHandler (ContextHandler.java:doStart(781)) - Started o.e.j.s.ServletContextHandler@27e7c77f{/static,jar:file:/home/user/.m2/repository/org/apache/hadoop/hadoop-hdds-container-service/0.5.0-SNAPSHOT/hadoop-hdds-container-service-0.5.0-SNAPSHOT.jar!/webapps/static,AVAILABLE}
2019-09-24 22:36:03,015 [main] INFO  handler.ContextHandler (ContextHandler.java:doStart(781)) - Started o.e.j.w.WebAppContext@765ffb14{/,file:///tmp/jetty-0.0.0.0-44951-hddsDatanode-_-any-5040835344433715695.dir/webapp/,AVAILABLE}{/hddsDatanode}
2019-09-24 22:36:03,015 [main] INFO  server.AbstractConnector (AbstractConnector.java:doStart(278)) - Started ServerConnector@57562473{HTTP/1.1,[http/1.1]}{0.0.0.0:44951}
2019-09-24 22:36:03,017 [main] INFO  server.Server (Server.java:doStart(419)) - Started @6076ms
2019-09-24 22:36:03,017 [main] WARN  impl.MetricsSystemImpl (MetricsSystemImpl.java:register(276)) - Sink prometheus already exists!
2019-09-24 22:36:03,018 [main] INFO  server.BaseHttpServer (BaseHttpServer.java:updateConnectorAddress(215)) - HTTP server of HDDSDATANODE is listening at http://0.0.0.0:44951
2019-09-24 22:36:03,018 [main] INFO  impl.MetricsSystemImpl (MetricsSystemImpl.java:init(158)) - HddsDatanode metrics system started (again)
2019-09-24 22:36:03,023 [main] INFO  ozone.HddsDatanodeService (HddsDatanodeService.java:start(184)) - HddsDatanodeService host:pr-hdds-2162-v2v4x-1150571016 ip:192.168.151.66
2019-09-24 22:36:03,023 [org.apache.hadoop.util.JvmPauseMonitor$Monitor@3ca0ce07] INFO  util.JvmPauseMonitor (JvmPauseMonitor.java:run(188)) - Starting JVM pause monitor
2019-09-24 22:36:03,027 [Datanode State Machine Thread - 0] INFO  datanode.InitDatanodeState (InitDatanodeState.java:persistContainerDatanodeDetails(140)) - DatanodeDetails is persisted to /workdir/hadoop-ozone/integration-test/target/test-dir/MiniOzoneClusterImpl-95732fd8-3d66-4978-936c-af465de6078a/datanode-8/meta/datanode.id
2019-09-24 22:36:03,034 [main] INFO  volume.HddsVolume (HddsVolume.java:<init>(176)) - Creating Volume: /workdir/hadoop-ozone/integration-test/target/test-dir/MiniOzoneClusterImpl-95732fd8-3d66-4978-936c-af465de6078a/datanode-9/data/containers/hdds of  storage type : DISK and capacity : 1482555576320
2019-09-24 22:36:03,034 [main] INFO  volume.VolumeSet (VolumeSet.java:initializeVolumeSet(170)) - Added Volume : /workdir/hadoop-ozone/integration-test/target/test-dir/MiniOzoneClusterImpl-95732fd8-3d66-4978-936c-af465de6078a/datanode-9/data/containers/hdds to VolumeSet
2019-09-24 22:36:03,035 [main] INFO  volume.ThrottledAsyncChecker (ThrottledAsyncChecker.java:schedule(139)) - Scheduling a check for org.apache.hadoop.ozone.container.common.volume.HddsVolume@44032fde
2019-09-24 22:36:03,035 [main] INFO  volume.HddsVolumeChecker (HddsVolumeChecker.java:checkAllVolumes(202)) - Scheduled health check for volume org.apache.hadoop.ozone.container.common.volume.HddsVolume@44032fde
2019-09-24 22:36:03,049 [main] INFO  impl.RaftServerProxy (ConfUtils.java:logGet(43)) - raft.rpc.type = GRPC (default)
2019-09-24 22:36:03,049 [main] INFO  grpc.GrpcFactory (GrpcFactory.java:checkPooledByteBufAllocatorUseCacheForAllThreads(45)) - PERFORMANCE WARNING: useCacheForAllThreads is true that may cause Netty to create a lot garbage objects and, as a result, trigger GC.
	It is recommended to disable useCacheForAllThreads by setting -Dorg.apache.ratis.thirdparty.io.netty.allocator.useCacheForAllThreads=false in command line.
2019-09-24 22:36:03,049 [main] INFO  grpc.GrpcConfigKeys$Server (ConfUtils.java:logGet(43)) - raft.grpc.server.port = 0 (default)
2019-09-24 22:36:03,049 [main] INFO  server.GrpcService (ConfUtils.java:logGet(43)) - raft.grpc.message.size.max = 33570816 (custom)
2019-09-24 22:36:03,050 [main] INFO  server.RaftServerConfigKeys (ConfUtils.java:logGet(43)) - raft.server.log.appender.buffer.byte-limit = 33554432 (custom)
2019-09-24 22:36:03,050 [main] INFO  server.GrpcService (ConfUtils.java:logGet(43)) - raft.grpc.flow.control.window = 1MB (=1048576) (default)
2019-09-24 22:36:03,050 [main] INFO  server.RaftServerConfigKeys (ConfUtils.java:logGet(43)) - raft.server.rpc.request.timeout = 3000ms (default)
2019-09-24 22:36:03,050 [main] INFO  server.RaftServerConfigKeys (ConfUtils.java:logGet(43)) - raft.server.storage.dir = [/workdir/hadoop-ozone/integration-test/target/test-dir/MiniOzoneClusterImpl-95732fd8-3d66-4978-936c-af465de6078a/datanode-9/data/ratis] (custom)
2019-09-24 22:36:03,052 [main] INFO  hdfs.DFSUtil (DFSUtil.java:httpServerTemplateForNNAndJN(1641)) - Starting Web-server for hddsDatanode at: http://0.0.0.0:0
2019-09-24 22:36:03,053 [main] INFO  server.AuthenticationFilter (AuthenticationFilter.java:constructSecretProvider(240)) - Unable to initialize FileSignerSecretProvider, falling back to use random secrets.
2019-09-24 22:36:03,053 [main] WARN  http.HttpRequestLog (HttpRequestLog.java:getRequestLog(97)) - Jetty request log can only be enabled using Log4j
2019-09-24 22:36:03,055 [main] INFO  http.HttpServer2 (HttpServer2.java:addGlobalFilter(975)) - Added global filter 'safety' (class=org.apache.hadoop.http.HttpServer2$QuotingInputFilter)
2019-09-24 22:36:03,055 [main] INFO  http.HttpServer2 (HttpServer2.java:addFilter(948)) - Added filter static_user_filter (class=org.apache.hadoop.http.lib.StaticUserWebFilter$StaticUserFilter) to context hddsDatanode
2019-09-24 22:36:03,055 [main] INFO  http.HttpServer2 (HttpServer2.java:addFilter(958)) - Added filter static_user_filter (class=org.apache.hadoop.http.lib.StaticUserWebFilter$StaticUserFilter) to context logs
2019-09-24 22:36:03,055 [main] INFO  http.HttpServer2 (HttpServer2.java:addFilter(958)) - Added filter static_user_filter (class=org.apache.hadoop.http.lib.StaticUserWebFilter$StaticUserFilter) to context static
2019-09-24 22:36:03,056 [main] INFO  http.HttpServer2 (HttpServer2.java:bindListener(1191)) - Jetty bound to port 36601
2019-09-24 22:36:03,056 [main] INFO  server.Server (Server.java:doStart(351)) - jetty-9.3.25.v20180904, build timestamp: 2018-09-04T21:11:46Z, git hash: 3ce520221d0240229c862b122d2b06c12a625732
2019-09-24 22:36:03,058 [main] INFO  handler.ContextHandler (ContextHandler.java:doStart(781)) - Started o.e.j.s.ServletContextHandler@59bbe88a{/logs,file:///workdir/hadoop-ozone/integration-test/target/log,AVAILABLE}
2019-09-24 22:36:03,058 [main] INFO  handler.ContextHandler (ContextHandler.java:doStart(781)) - Started o.e.j.s.ServletContextHandler@ed91d8d{/static,jar:file:/home/user/.m2/repository/org/apache/hadoop/hadoop-hdds-container-service/0.5.0-SNAPSHOT/hadoop-hdds-container-service-0.5.0-SNAPSHOT.jar!/webapps/static,AVAILABLE}
2019-09-24 22:36:03,086 [main] INFO  handler.ContextHandler (ContextHandler.java:doStart(781)) - Started o.e.j.w.WebAppContext@440e3ce6{/,file:///tmp/jetty-0.0.0.0-36601-hddsDatanode-_-any-3602776156176243596.dir/webapp/,AVAILABLE}{/hddsDatanode}
2019-09-24 22:36:03,087 [main] INFO  server.AbstractConnector (AbstractConnector.java:doStart(278)) - Started ServerConnector@3e67f5f2{HTTP/1.1,[http/1.1]}{0.0.0.0:36601}
2019-09-24 22:36:03,088 [main] INFO  server.Server (Server.java:doStart(419)) - Started @6147ms
2019-09-24 22:36:03,088 [main] WARN  impl.MetricsSystemImpl (MetricsSystemImpl.java:register(276)) - Sink prometheus already exists!
2019-09-24 22:36:03,089 [main] INFO  server.BaseHttpServer (BaseHttpServer.java:updateConnectorAddress(215)) - HTTP server of HDDSDATANODE is listening at http://0.0.0.0:36601
2019-09-24 22:36:03,093 [main] INFO  ozone.MiniOzoneClusterImpl (MiniOzoneClusterImpl.java:lambda$waitForClusterToBeReady$0(147)) - Waiting for cluster to be ready. Got 0 of 10 DN Heartbeats.
2019-09-24 22:36:03,094 [org.apache.hadoop.util.JvmPauseMonitor$Monitor@1722943e] INFO  util.JvmPauseMonitor (JvmPauseMonitor.java:run(188)) - Starting JVM pause monitor
2019-09-24 22:36:03,099 [Datanode State Machine Thread - 0] INFO  datanode.InitDatanodeState (InitDatanodeState.java:persistContainerDatanodeDetails(140)) - DatanodeDetails is persisted to /workdir/hadoop-ozone/integration-test/target/test-dir/MiniOzoneClusterImpl-95732fd8-3d66-4978-936c-af465de6078a/datanode-9/meta/datanode.id
2019-09-24 22:36:04,094 [main] INFO  ozone.MiniOzoneClusterImpl (MiniOzoneClusterImpl.java:lambda$waitForClusterToBeReady$0(147)) - Waiting for cluster to be ready. Got 0 of 10 DN Heartbeats.
2019-09-24 22:36:04,507 [Datanode State Machine Thread - 0] INFO  ozoneimpl.OzoneContainer (OzoneContainer.java:start(217)) - Attempting to start container services.
2019-09-24 22:36:04,510 [Datanode State Machine Thread - 0] INFO  ozoneimpl.OzoneContainer (OzoneContainer.java:startContainerScrub(179)) - Background container scanner has been disabled.
2019-09-24 22:36:04,510 [Datanode State Machine Thread - 0] INFO  ratis.XceiverServerRatis (XceiverServerRatis.java:start(411)) - Starting XceiverServerRatis 11d0cc91-3d86-4eb8-b9bb-9a7c429fd5c8 at port 0
2019-09-24 22:36:04,543 [Datanode State Machine Thread - 0] INFO  ozoneimpl.OzoneContainer (OzoneContainer.java:start(217)) - Attempting to start container services.
2019-09-24 22:36:04,545 [Datanode State Machine Thread - 0] INFO  impl.RaftServerProxy (RaftServerProxy.java:lambda$start$3(299)) - 11d0cc91-3d86-4eb8-b9bb-9a7c429fd5c8: start RPC server
2019-09-24 22:36:04,551 [Datanode State Machine Thread - 0] INFO  ozoneimpl.OzoneContainer (OzoneContainer.java:startContainerScrub(179)) - Background container scanner has been disabled.
2019-09-24 22:36:04,551 [Datanode State Machine Thread - 0] INFO  ratis.XceiverServerRatis (XceiverServerRatis.java:start(411)) - Starting XceiverServerRatis d1d412fa-610f-4a7d-9756-a1129e219702 at port 0
2019-09-24 22:36:04,563 [Datanode State Machine Thread - 0] INFO  impl.RaftServerProxy (RaftServerProxy.java:lambda$start$3(299)) - d1d412fa-610f-4a7d-9756-a1129e219702: start RPC server
2019-09-24 22:36:04,607 [Datanode State Machine Thread - 0] INFO  ozoneimpl.OzoneContainer (OzoneContainer.java:start(217)) - Attempting to start container services.
2019-09-24 22:36:04,608 [Datanode State Machine Thread - 0] INFO  ozoneimpl.OzoneContainer (OzoneContainer.java:startContainerScrub(179)) - Background container scanner has been disabled.
2019-09-24 22:36:04,608 [Datanode State Machine Thread - 0] INFO  ratis.XceiverServerRatis (XceiverServerRatis.java:start(411)) - Starting XceiverServerRatis 4ac78631-b199-4be1-a250-fa3c30279e20 at port 0
2019-09-24 22:36:04,616 [Datanode State Machine Thread - 0] INFO  impl.RaftServerProxy (RaftServerProxy.java:lambda$start$3(299)) - 4ac78631-b199-4be1-a250-fa3c30279e20: start RPC server
2019-09-24 22:36:04,679 [Datanode State Machine Thread - 0] INFO  ozoneimpl.OzoneContainer (OzoneContainer.java:start(217)) - Attempting to start container services.
2019-09-24 22:36:04,681 [Datanode State Machine Thread - 0] INFO  ozoneimpl.OzoneContainer (OzoneContainer.java:startContainerScrub(179)) - Background container scanner has been disabled.
2019-09-24 22:36:04,681 [Datanode State Machine Thread - 0] INFO  ratis.XceiverServerRatis (XceiverServerRatis.java:start(411)) - Starting XceiverServerRatis 5bc73eaa-12d0-4a96-a0e8-4b461f9d9ac4 at port 0
2019-09-24 22:36:04,707 [Datanode State Machine Thread - 0] INFO  impl.RaftServerProxy (RaftServerProxy.java:lambda$start$3(299)) - 5bc73eaa-12d0-4a96-a0e8-4b461f9d9ac4: start RPC server
2019-09-24 22:36:04,718 [Datanode State Machine Thread - 0] INFO  server.GrpcService (GrpcService.java:startImpl(158)) - 5bc73eaa-12d0-4a96-a0e8-4b461f9d9ac4: GrpcService started, listening on 0.0.0.0/0.0.0.0:33216
2019-09-24 22:36:04,718 [Datanode State Machine Thread - 0] INFO  server.GrpcService (GrpcService.java:startImpl(158)) - d1d412fa-610f-4a7d-9756-a1129e219702: GrpcService started, listening on 0.0.0.0/0.0.0.0:40539
2019-09-24 22:36:04,718 [Datanode State Machine Thread - 0] INFO  server.GrpcService (GrpcService.java:startImpl(158)) - 4ac78631-b199-4be1-a250-fa3c30279e20: GrpcService started, listening on 0.0.0.0/0.0.0.0:46649
2019-09-24 22:36:04,718 [Datanode State Machine Thread - 0] INFO  server.GrpcService (GrpcService.java:startImpl(158)) - 11d0cc91-3d86-4eb8-b9bb-9a7c429fd5c8: GrpcService started, listening on 0.0.0.0/0.0.0.0:38070
2019-09-24 22:36:04,720 [Datanode State Machine Thread - 0] INFO  ratis.XceiverServerRatis (XceiverServerRatis.java:start(421)) - XceiverServerRatis 4ac78631-b199-4be1-a250-fa3c30279e20 is started using port 46649
2019-09-24 22:36:04,720 [Datanode State Machine Thread - 0] INFO  ratis.XceiverServerRatis (XceiverServerRatis.java:start(421)) - XceiverServerRatis d1d412fa-610f-4a7d-9756-a1129e219702 is started using port 40539
2019-09-24 22:36:04,720 [Datanode State Machine Thread - 0] INFO  ratis.XceiverServerRatis (XceiverServerRatis.java:start(421)) - XceiverServerRatis 5bc73eaa-12d0-4a96-a0e8-4b461f9d9ac4 is started using port 33216
2019-09-24 22:36:04,720 [Datanode State Machine Thread - 0] INFO  ratis.XceiverServerRatis (XceiverServerRatis.java:start(421)) - XceiverServerRatis 11d0cc91-3d86-4eb8-b9bb-9a7c429fd5c8 is started using port 38070
2019-09-24 22:36:04,730 [Datanode State Machine Thread - 0] INFO  server.XceiverServerGrpc (XceiverServerGrpc.java:start(149)) - XceiverServerGrpc 5bc73eaa-12d0-4a96-a0e8-4b461f9d9ac4 is started using port 38439
2019-09-24 22:36:04,730 [Datanode State Machine Thread - 0] INFO  server.XceiverServerGrpc (XceiverServerGrpc.java:start(149)) - XceiverServerGrpc 11d0cc91-3d86-4eb8-b9bb-9a7c429fd5c8 is started using port 37091
2019-09-24 22:36:04,730 [Datanode State Machine Thread - 0] INFO  server.XceiverServerGrpc (XceiverServerGrpc.java:start(149)) - XceiverServerGrpc d1d412fa-610f-4a7d-9756-a1129e219702 is started using port 43703
2019-09-24 22:36:04,730 [Datanode State Machine Thread - 0] INFO  server.XceiverServerGrpc (XceiverServerGrpc.java:start(149)) - XceiverServerGrpc 4ac78631-b199-4be1-a250-fa3c30279e20 is started using port 41280
2019-09-24 22:36:04,756 [Datanode State Machine Thread - 0] INFO  ozoneimpl.OzoneContainer (OzoneContainer.java:start(217)) - Attempting to start container services.
2019-09-24 22:36:04,756 [Datanode State Machine Thread - 0] INFO  ozoneimpl.OzoneContainer (OzoneContainer.java:startContainerScrub(179)) - Background container scanner has been disabled.
2019-09-24 22:36:04,757 [Datanode State Machine Thread - 0] INFO  ratis.XceiverServerRatis (XceiverServerRatis.java:start(411)) - Starting XceiverServerRatis ba8da8c9-7047-42c0-b6d2-a7916db8a88b at port 0
2019-09-24 22:36:04,764 [Datanode State Machine Thread - 0] INFO  impl.RaftServerProxy (RaftServerProxy.java:lambda$start$3(299)) - ba8da8c9-7047-42c0-b6d2-a7916db8a88b: start RPC server
2019-09-24 22:36:04,768 [Datanode State Machine Thread - 0] INFO  server.GrpcService (GrpcService.java:startImpl(158)) - ba8da8c9-7047-42c0-b6d2-a7916db8a88b: GrpcService started, listening on 0.0.0.0/0.0.0.0:33065
2019-09-24 22:36:04,768 [Datanode State Machine Thread - 0] INFO  ratis.XceiverServerRatis (XceiverServerRatis.java:start(421)) - XceiverServerRatis ba8da8c9-7047-42c0-b6d2-a7916db8a88b is started using port 33065
2019-09-24 22:36:04,772 [Datanode State Machine Thread - 0] INFO  server.XceiverServerGrpc (XceiverServerGrpc.java:start(149)) - XceiverServerGrpc ba8da8c9-7047-42c0-b6d2-a7916db8a88b is started using port 34970
2019-09-24 22:36:04,828 [Datanode State Machine Thread - 0] INFO  ozoneimpl.OzoneContainer (OzoneContainer.java:start(217)) - Attempting to start container services.
2019-09-24 22:36:04,828 [Datanode State Machine Thread - 0] INFO  ozoneimpl.OzoneContainer (OzoneContainer.java:startContainerScrub(179)) - Background container scanner has been disabled.
2019-09-24 22:36:04,828 [Datanode State Machine Thread - 0] INFO  ratis.XceiverServerRatis (XceiverServerRatis.java:start(411)) - Starting XceiverServerRatis fe8f780e-0bc6-4afd-b8a0-025a86d6d1c8 at port 0
2019-09-24 22:36:04,835 [Datanode State Machine Thread - 0] INFO  impl.RaftServerProxy (RaftServerProxy.java:lambda$start$3(299)) - fe8f780e-0bc6-4afd-b8a0-025a86d6d1c8: start RPC server
2019-09-24 22:36:04,839 [Datanode State Machine Thread - 0] INFO  server.GrpcService (GrpcService.java:startImpl(158)) - fe8f780e-0bc6-4afd-b8a0-025a86d6d1c8: GrpcService started, listening on 0.0.0.0/0.0.0.0:39079
2019-09-24 22:36:04,839 [Datanode State Machine Thread - 0] INFO  ratis.XceiverServerRatis (XceiverServerRatis.java:start(421)) - XceiverServerRatis fe8f780e-0bc6-4afd-b8a0-025a86d6d1c8 is started using port 39079
2019-09-24 22:36:04,842 [Datanode State Machine Thread - 0] INFO  server.XceiverServerGrpc (XceiverServerGrpc.java:start(149)) - XceiverServerGrpc fe8f780e-0bc6-4afd-b8a0-025a86d6d1c8 is started using port 40638
2019-09-24 22:36:04,905 [Datanode State Machine Thread - 0] INFO  ozoneimpl.OzoneContainer (OzoneContainer.java:start(217)) - Attempting to start container services.
2019-09-24 22:36:04,906 [Datanode State Machine Thread - 0] INFO  ozoneimpl.OzoneContainer (OzoneContainer.java:startContainerScrub(179)) - Background container scanner has been disabled.
2019-09-24 22:36:04,906 [Datanode State Machine Thread - 0] INFO  ratis.XceiverServerRatis (XceiverServerRatis.java:start(411)) - Starting XceiverServerRatis 937d00a5-df36-4851-a0be-3aaed9d3a7ec at port 0
2019-09-24 22:36:04,913 [Datanode State Machine Thread - 0] INFO  impl.RaftServerProxy (RaftServerProxy.java:lambda$start$3(299)) - 937d00a5-df36-4851-a0be-3aaed9d3a7ec: start RPC server
2019-09-24 22:36:04,918 [Datanode State Machine Thread - 0] INFO  server.GrpcService (GrpcService.java:startImpl(158)) - 937d00a5-df36-4851-a0be-3aaed9d3a7ec: GrpcService started, listening on 0.0.0.0/0.0.0.0:33150
2019-09-24 22:36:04,918 [Datanode State Machine Thread - 0] INFO  ratis.XceiverServerRatis (XceiverServerRatis.java:start(421)) - XceiverServerRatis 937d00a5-df36-4851-a0be-3aaed9d3a7ec is started using port 33150
2019-09-24 22:36:04,925 [Datanode State Machine Thread - 0] INFO  server.XceiverServerGrpc (XceiverServerGrpc.java:start(149)) - XceiverServerGrpc 937d00a5-df36-4851-a0be-3aaed9d3a7ec is started using port 40883
2019-09-24 22:36:04,978 [Datanode State Machine Thread - 0] INFO  ozoneimpl.OzoneContainer (OzoneContainer.java:start(217)) - Attempting to start container services.
2019-09-24 22:36:04,979 [Datanode State Machine Thread - 0] INFO  ozoneimpl.OzoneContainer (OzoneContainer.java:startContainerScrub(179)) - Background container scanner has been disabled.
2019-09-24 22:36:04,979 [Datanode State Machine Thread - 0] INFO  ratis.XceiverServerRatis (XceiverServerRatis.java:start(411)) - Starting XceiverServerRatis e600257f-a92d-418f-8862-d602fe0582b6 at port 0
2019-09-24 22:36:04,989 [Datanode State Machine Thread - 0] INFO  impl.RaftServerProxy (RaftServerProxy.java:lambda$start$3(299)) - e600257f-a92d-418f-8862-d602fe0582b6: start RPC server
2019-09-24 22:36:04,994 [Datanode State Machine Thread - 0] INFO  server.GrpcService (GrpcService.java:startImpl(158)) - e600257f-a92d-418f-8862-d602fe0582b6: GrpcService started, listening on 0.0.0.0/0.0.0.0:42621
2019-09-24 22:36:04,994 [Datanode State Machine Thread - 0] INFO  ratis.XceiverServerRatis (XceiverServerRatis.java:start(421)) - XceiverServerRatis e600257f-a92d-418f-8862-d602fe0582b6 is started using port 42621
2019-09-24 22:36:04,999 [Datanode State Machine Thread - 0] INFO  server.XceiverServerGrpc (XceiverServerGrpc.java:start(149)) - XceiverServerGrpc e600257f-a92d-418f-8862-d602fe0582b6 is started using port 42816
2019-09-24 22:36:05,047 [Datanode State Machine Thread - 0] INFO  ozoneimpl.OzoneContainer (OzoneContainer.java:start(217)) - Attempting to start container services.
2019-09-24 22:36:05,047 [Datanode State Machine Thread - 0] INFO  ozoneimpl.OzoneContainer (OzoneContainer.java:startContainerScrub(179)) - Background container scanner has been disabled.
2019-09-24 22:36:05,048 [Datanode State Machine Thread - 0] INFO  ratis.XceiverServerRatis (XceiverServerRatis.java:start(411)) - Starting XceiverServerRatis 21c95cdb-d9ea-42ca-a1c8-516e3611f91d at port 0
2019-09-24 22:36:05,058 [Datanode State Machine Thread - 0] INFO  impl.RaftServerProxy (RaftServerProxy.java:lambda$start$3(299)) - 21c95cdb-d9ea-42ca-a1c8-516e3611f91d: start RPC server
2019-09-24 22:36:05,064 [Datanode State Machine Thread - 0] INFO  server.GrpcService (GrpcService.java:startImpl(158)) - 21c95cdb-d9ea-42ca-a1c8-516e3611f91d: GrpcService started, listening on 0.0.0.0/0.0.0.0:39006
2019-09-24 22:36:05,064 [Datanode State Machine Thread - 0] INFO  ratis.XceiverServerRatis (XceiverServerRatis.java:start(421)) - XceiverServerRatis 21c95cdb-d9ea-42ca-a1c8-516e3611f91d is started using port 39006
2019-09-24 22:36:05,070 [Datanode State Machine Thread - 0] INFO  server.XceiverServerGrpc (XceiverServerGrpc.java:start(149)) - XceiverServerGrpc 21c95cdb-d9ea-42ca-a1c8-516e3611f91d is started using port 41465
2019-09-24 22:36:05,097 [main] INFO  ozone.MiniOzoneClusterImpl (MiniOzoneClusterImpl.java:lambda$waitForClusterToBeReady$0(147)) - Waiting for cluster to be ready. Got 0 of 10 DN Heartbeats.
2019-09-24 22:36:05,120 [Datanode State Machine Thread - 0] INFO  ozoneimpl.OzoneContainer (OzoneContainer.java:start(217)) - Attempting to start container services.
2019-09-24 22:36:05,121 [Datanode State Machine Thread - 0] INFO  ozoneimpl.OzoneContainer (OzoneContainer.java:startContainerScrub(179)) - Background container scanner has been disabled.
2019-09-24 22:36:05,121 [Datanode State Machine Thread - 0] INFO  ratis.XceiverServerRatis (XceiverServerRatis.java:start(411)) - Starting XceiverServerRatis 533bf916-75bc-4ef0-b696-2f1d5164c628 at port 0
2019-09-24 22:36:05,129 [Datanode State Machine Thread - 0] INFO  impl.RaftServerProxy (RaftServerProxy.java:lambda$start$3(299)) - 533bf916-75bc-4ef0-b696-2f1d5164c628: start RPC server
2019-09-24 22:36:05,145 [Datanode State Machine Thread - 0] INFO  server.GrpcService (GrpcService.java:startImpl(158)) - 533bf916-75bc-4ef0-b696-2f1d5164c628: GrpcService started, listening on 0.0.0.0/0.0.0.0:46232
2019-09-24 22:36:05,146 [Datanode State Machine Thread - 0] INFO  ratis.XceiverServerRatis (XceiverServerRatis.java:start(421)) - XceiverServerRatis 533bf916-75bc-4ef0-b696-2f1d5164c628 is started using port 46232
2019-09-24 22:36:05,169 [Datanode State Machine Thread - 0] INFO  server.XceiverServerGrpc (XceiverServerGrpc.java:start(149)) - XceiverServerGrpc 533bf916-75bc-4ef0-b696-2f1d5164c628 is started using port 43091
2019-09-24 22:36:06,097 [main] INFO  ozone.MiniOzoneClusterImpl (MiniOzoneClusterImpl.java:lambda$waitForClusterToBeReady$0(147)) - Waiting for cluster to be ready. Got 0 of 10 DN Heartbeats.
2019-09-24 22:36:06,499 [IPC Server handler 3 on 46807] INFO  net.NetworkTopology (NetworkTopologyImpl.java:add(111)) - Added a new node: /default-rack/11d0cc91-3d86-4eb8-b9bb-9a7c429fd5c8
2019-09-24 22:36:06,499 [IPC Server handler 3 on 46807] INFO  node.SCMNodeManager (SCMNodeManager.java:register(266)) - Registered Data node : 11d0cc91-3d86-4eb8-b9bb-9a7c429fd5c8{ip: 192.168.151.66, host: pr-hdds-2162-v2v4x-1150571016, networkLocation: /default-rack, certSerialId: null}
2019-09-24 22:36:06,506 [EventQueue-NodeRegistrationContainerReportForDataNodeSafeModeRule] INFO  safemode.SCMSafeModeManager (DataNodeSafeModeRule.java:process(71)) - SCM in safe mode. 1 DataNodes registered, 1 required.
2019-09-24 22:36:06,507 [EventQueue-NodeRegistrationContainerReportForDataNodeSafeModeRule] INFO  safemode.SCMSafeModeManager (SCMSafeModeManager.java:validateSafeModeExitRules(177)) - ScmSafeModeManager, all rules are successfully validated
2019-09-24 22:36:06,507 [EventQueue-NodeRegistrationContainerReportForDataNodeSafeModeRule] INFO  safemode.SCMSafeModeManager (SCMSafeModeManager.java:exitSafeMode(193)) - SCM exiting safe mode.
2019-09-24 22:36:06,520 [IPC Server handler 4 on 46807] INFO  net.NetworkTopology (NetworkTopologyImpl.java:add(111)) - Added a new node: /default-rack/d1d412fa-610f-4a7d-9756-a1129e219702
2019-09-24 22:36:06,521 [IPC Server handler 4 on 46807] INFO  node.SCMNodeManager (SCMNodeManager.java:register(266)) - Registered Data node : d1d412fa-610f-4a7d-9756-a1129e219702{ip: 192.168.151.66, host: pr-hdds-2162-v2v4x-1150571016, networkLocation: /default-rack, certSerialId: null}
2019-09-24 22:36:06,594 [IPC Server handler 5 on 46807] INFO  net.NetworkTopology (NetworkTopologyImpl.java:add(111)) - Added a new node: /default-rack/4ac78631-b199-4be1-a250-fa3c30279e20
2019-09-24 22:36:06,594 [IPC Server handler 5 on 46807] INFO  node.SCMNodeManager (SCMNodeManager.java:register(266)) - Registered Data node : 4ac78631-b199-4be1-a250-fa3c30279e20{ip: 192.168.151.66, host: pr-hdds-2162-v2v4x-1150571016, networkLocation: /default-rack, certSerialId: null}
2019-09-24 22:36:06,669 [IPC Server handler 6 on 46807] INFO  net.NetworkTopology (NetworkTopologyImpl.java:add(111)) - Added a new node: /default-rack/5bc73eaa-12d0-4a96-a0e8-4b461f9d9ac4
2019-09-24 22:36:06,669 [IPC Server handler 6 on 46807] INFO  node.SCMNodeManager (SCMNodeManager.java:register(266)) - Registered Data node : 5bc73eaa-12d0-4a96-a0e8-4b461f9d9ac4{ip: 192.168.151.66, host: pr-hdds-2162-v2v4x-1150571016, networkLocation: /default-rack, certSerialId: null}
2019-09-24 22:36:06,743 [IPC Server handler 7 on 46807] INFO  net.NetworkTopology (NetworkTopologyImpl.java:add(111)) - Added a new node: /default-rack/ba8da8c9-7047-42c0-b6d2-a7916db8a88b
2019-09-24 22:36:06,744 [IPC Server handler 7 on 46807] INFO  node.SCMNodeManager (SCMNodeManager.java:register(266)) - Registered Data node : ba8da8c9-7047-42c0-b6d2-a7916db8a88b{ip: 192.168.151.66, host: pr-hdds-2162-v2v4x-1150571016, networkLocation: /default-rack, certSerialId: null}
2019-09-24 22:36:06,816 [IPC Server handler 8 on 46807] INFO  net.NetworkTopology (NetworkTopologyImpl.java:add(111)) - Added a new node: /default-rack/fe8f780e-0bc6-4afd-b8a0-025a86d6d1c8
2019-09-24 22:36:06,816 [IPC Server handler 8 on 46807] INFO  node.SCMNodeManager (SCMNodeManager.java:register(266)) - Registered Data node : fe8f780e-0bc6-4afd-b8a0-025a86d6d1c8{ip: 192.168.151.66, host: pr-hdds-2162-v2v4x-1150571016, networkLocation: /default-rack, certSerialId: null}
2019-09-24 22:36:06,883 [IPC Server handler 9 on 46807] INFO  net.NetworkTopology (NetworkTopologyImpl.java:add(111)) - Added a new node: /default-rack/937d00a5-df36-4851-a0be-3aaed9d3a7ec
2019-09-24 22:36:06,883 [IPC Server handler 9 on 46807] INFO  node.SCMNodeManager (SCMNodeManager.java:register(266)) - Registered Data node : 937d00a5-df36-4851-a0be-3aaed9d3a7ec{ip: 192.168.151.66, host: pr-hdds-2162-v2v4x-1150571016, networkLocation: /default-rack, certSerialId: null}
2019-09-24 22:36:06,955 [IPC Server handler 0 on 46807] INFO  net.NetworkTopology (NetworkTopologyImpl.java:add(111)) - Added a new node: /default-rack/e600257f-a92d-418f-8862-d602fe0582b6
2019-09-24 22:36:06,955 [IPC Server handler 0 on 46807] INFO  node.SCMNodeManager (SCMNodeManager.java:register(266)) - Registered Data node : e600257f-a92d-418f-8862-d602fe0582b6{ip: 192.168.151.66, host: pr-hdds-2162-v2v4x-1150571016, networkLocation: /default-rack, certSerialId: null}
2019-09-24 22:36:07,030 [IPC Server handler 2 on 46807] INFO  net.NetworkTopology (NetworkTopologyImpl.java:add(111)) - Added a new node: /default-rack/21c95cdb-d9ea-42ca-a1c8-516e3611f91d
2019-09-24 22:36:07,030 [IPC Server handler 2 on 46807] INFO  node.SCMNodeManager (SCMNodeManager.java:register(266)) - Registered Data node : 21c95cdb-d9ea-42ca-a1c8-516e3611f91d{ip: 192.168.151.66, host: pr-hdds-2162-v2v4x-1150571016, networkLocation: /default-rack, certSerialId: null}
2019-09-24 22:36:07,108 [main] INFO  ozone.MiniOzoneClusterImpl (MiniOzoneClusterImpl.java:lambda$waitForClusterToBeReady$0(147)) - Waiting for cluster to be ready. Got 9 of 10 DN Heartbeats.
2019-09-24 22:36:07,117 [IPC Server handler 3 on 46807] INFO  net.NetworkTopology (NetworkTopologyImpl.java:add(111)) - Added a new node: /default-rack/533bf916-75bc-4ef0-b696-2f1d5164c628
2019-09-24 22:36:07,117 [IPC Server handler 3 on 46807] INFO  node.SCMNodeManager (SCMNodeManager.java:register(266)) - Registered Data node : 533bf916-75bc-4ef0-b696-2f1d5164c628{ip: 192.168.151.66, host: pr-hdds-2162-v2v4x-1150571016, networkLocation: /default-rack, certSerialId: null}
2019-09-24 22:36:07,125 [grpc-default-executor-0] INFO  impl.RaftServerProxy (RaftServerProxy.java:addNew(89)) - 11d0cc91-3d86-4eb8-b9bb-9a7c429fd5c8: addNew group-0F269A6BBD06:[11d0cc91-3d86-4eb8-b9bb-9a7c429fd5c8:192.168.151.66:38070] returns group-0F269A6BBD06:java.util.concurrent.CompletableFuture@4890c3d[Not completed]
2019-09-24 22:36:07,147 [pool-27-thread-1] INFO  impl.RaftServerImpl (RaftServerImpl.java:<init>(95)) - 11d0cc91-3d86-4eb8-b9bb-9a7c429fd5c8: new RaftServerImpl for group-0F269A6BBD06:[11d0cc91-3d86-4eb8-b9bb-9a7c429fd5c8:192.168.151.66:38070] with ContainerStateMachine:uninitialized
2019-09-24 22:36:07,148 [pool-27-thread-1] INFO  server.RaftServerConfigKeys (ConfUtils.java:logGet(43)) - raft.server.rpc.timeout.min = 5s (custom)
2019-09-24 22:36:07,150 [pool-27-thread-1] INFO  server.RaftServerConfigKeys (ConfUtils.java:logGet(43)) - raft.server.rpc.timeout.max = 5200ms (custom)
2019-09-24 22:36:07,150 [pool-27-thread-1] INFO  server.RaftServerConfigKeys (ConfUtils.java:logGet(43)) - raft.server.rpcslowness.timeout = 120s (custom)
2019-09-24 22:36:07,151 [pool-27-thread-1] INFO  server.RaftServerConfigKeys (ConfUtils.java:logGet(43)) - raft.server.sleep.deviation.threshold = 300 (default)
2019-09-24 22:36:07,151 [pool-27-thread-1] INFO  server.RaftServerConfigKeys (ConfUtils.java:logGet(43)) - raft.server.log.appender.install.snapshot.enabled = false (custom)
2019-09-24 22:36:07,158 [pool-27-thread-1] INFO  impl.RaftServerImpl (ServerState.java:<init>(103)) - 11d0cc91-3d86-4eb8-b9bb-9a7c429fd5c8@group-0F269A6BBD06: ConfigurationManager, init=-1: [11d0cc91-3d86-4eb8-b9bb-9a7c429fd5c8:192.168.151.66:38070], old=null, confs=<EMPTY_MAP>
2019-09-24 22:36:07,158 [pool-27-thread-1] INFO  server.RaftServerConfigKeys (ConfUtils.java:logGet(43)) - raft.server.storage.dir = [/workdir/hadoop-ozone/integration-test/target/test-dir/MiniOzoneClusterImpl-95732fd8-3d66-4978-936c-af465de6078a/datanode-0/data/ratis] (custom)
2019-09-24 22:36:07,165 [pool-27-thread-1] INFO  storage.RaftStorageDirectory (RaftStorageDirectory.java:analyzeStorage(246)) - The storage directory /workdir/hadoop-ozone/integration-test/target/test-dir/MiniOzoneClusterImpl-95732fd8-3d66-4978-936c-af465de6078a/datanode-0/data/ratis/9f51b975-18c2-4501-a7ae-0f269a6bbd06 does not exist. Creating ...
2019-09-24 22:36:07,180 [pool-27-thread-1] INFO  storage.RaftStorageDirectory (RaftStorageDirectory.java:tryLock(328)) - Lock on /workdir/hadoop-ozone/integration-test/target/test-dir/MiniOzoneClusterImpl-95732fd8-3d66-4978-936c-af465de6078a/datanode-0/data/ratis/9f51b975-18c2-4501-a7ae-0f269a6bbd06/in_use.lock acquired by nodename 27548@pr-hdds-2162-v2v4x-1150571016
2019-09-24 22:36:07,186 [pool-27-thread-1] INFO  storage.RaftStorage (RaftStorage.java:format(72)) - Storage directory /workdir/hadoop-ozone/integration-test/target/test-dir/MiniOzoneClusterImpl-95732fd8-3d66-4978-936c-af465de6078a/datanode-0/data/ratis/9f51b975-18c2-4501-a7ae-0f269a6bbd06 has been successfully formatted.
2019-09-24 22:36:07,189 [pool-27-thread-1] INFO  ratis.ContainerStateMachine (ContainerStateMachine.java:loadSnapshot(230)) - group-0F269A6BBD06: The snapshot info is null. Setting the last applied indexto:(t:0, i:~)
2019-09-24 22:36:07,189 [pool-27-thread-1] INFO  server.RaftServerConfigKeys (ConfUtils.java:logGet(43)) - raft.server.notification.no-leader.timeout = 120s (custom)
2019-09-24 22:36:07,193 [pool-27-thread-1] INFO  server.RaftServerConfigKeys (ConfUtils.java:logGet(43)) - raft.server.log.use.memory = false (default)
2019-09-24 22:36:07,200 [pool-27-thread-1] INFO  server.RaftServerConfigKeys (ConfUtils.java:logGet(43)) - raft.server.log.purge.gap = 1000000 (custom)
2019-09-24 22:36:07,200 [pool-27-thread-1] INFO  server.RaftServerConfigKeys (ConfUtils.java:logGet(43)) - raft.server.log.appender.buffer.byte-limit = 33554432 (custom)
2019-09-24 22:36:07,203 [pool-27-thread-1] INFO  server.RaftServerConfigKeys (ConfUtils.java:logGet(43)) - raft.server.log.segment.size.max = 1048576 (custom)
2019-09-24 22:36:07,209 [pool-27-thread-1] INFO  server.RaftServerConfigKeys (ConfUtils.java:logGet(43)) - raft.server.log.segment.cache.num.max = 2 (custom)
2019-09-24 22:36:07,216 [pool-27-thread-1] INFO  segmented.SegmentedRaftLogWorker (SegmentedRaftLogWorker.java:<init>(172)) - new 11d0cc91-3d86-4eb8-b9bb-9a7c429fd5c8@group-0F269A6BBD06-SegmentedRaftLogWorker for RaftStorage:Storage Directory /workdir/hadoop-ozone/integration-test/target/test-dir/MiniOzoneClusterImpl-95732fd8-3d66-4978-936c-af465de6078a/datanode-0/data/ratis/9f51b975-18c2-4501-a7ae-0f269a6bbd06
2019-09-24 22:36:07,217 [pool-27-thread-1] INFO  impl.MetricsSystemImpl (MetricsSystemImpl.java:init(158)) - ratis metrics system started (again)
2019-09-24 22:36:07,224 [pool-27-thread-1] INFO  metrics.MetricRegistries (MetricRegistriesLoader.java:load(64)) - Loaded MetricRegistries class org.apache.ratis.metrics.impl.MetricRegistriesImpl
2019-09-24 22:36:07,257 [pool-27-thread-1] INFO  server.RaftServerConfigKeys (ConfUtils.java:logGet(43)) - raft.server.log.queue.byte-limit = 2147483647 (custom)
2019-09-24 22:36:07,258 [pool-27-thread-1] INFO  server.RaftServerConfigKeys (ConfUtils.java:logGet(43)) - raft.server.log.queue.element-limit = 1024 (custom)
2019-09-24 22:36:07,261 [pool-27-thread-1] INFO  server.RaftServerConfigKeys (ConfUtils.java:logGet(43)) - raft.server.log.segment.size.max = 1048576 (custom)
2019-09-24 22:36:07,261 [pool-27-thread-1] INFO  server.RaftServerConfigKeys (ConfUtils.java:logGet(43)) - raft.server.log.preallocated.size = 16384 (custom)
2019-09-24 22:36:07,262 [pool-27-thread-1] INFO  server.RaftServerConfigKeys (ConfUtils.java:logGet(43)) - raft.server.log.write.buffer.size = 33554432 (custom)
2019-09-24 22:36:07,262 [pool-27-thread-1] INFO  server.RaftServerConfigKeys (ConfUtils.java:logGet(43)) - raft.server.log.force.sync.num = 128 (default)
2019-09-24 22:36:07,263 [pool-27-thread-1] INFO  server.RaftServerConfigKeys (ConfUtils.java:logGet(43)) - raft.server.log.statemachine.data.sync = true (default)
2019-09-24 22:36:07,264 [pool-27-thread-1] INFO  server.RaftServerConfigKeys (ConfUtils.java:logGet(43)) - raft.server.log.statemachine.data.sync.timeout = 10s (default)
2019-09-24 22:36:07,264 [pool-27-thread-1] INFO  server.RaftServerConfigKeys (ConfUtils.java:logGet(43)) - raft.server.log.statemachine.data.sync.timeout.retry = -1 (default)
2019-09-24 22:36:07,273 [pool-27-thread-1] INFO  server.RaftServerConfigKeys (ConfUtils.java:logGet(43)) - raft.server.log.statemachine.data.caching.enabled = true (custom)
2019-09-24 22:36:07,277 [pool-27-thread-1] INFO  segmented.SegmentedRaftLogWorker (SegmentedRaftLogWorker.java:lambda$new$0(132)) - 11d0cc91-3d86-4eb8-b9bb-9a7c429fd5c8@group-0F269A6BBD06-SegmentedRaftLogWorker: flushIndex: setUnconditionally 0 -> -1
2019-09-24 22:36:07,282 [pool-27-thread-1] INFO  server.RaftServerConfigKeys (ConfUtils.java:logGet(43)) - raft.server.snapshot.auto.trigger.enabled = true (custom)
2019-09-24 22:36:07,283 [pool-27-thread-1] INFO  server.RaftServerConfigKeys (ConfUtils.java:logGet(43)) - raft.server.snapshot.auto.trigger.threshold = 10000 (custom)
2019-09-24 22:36:07,284 [pool-27-thread-1] INFO  server.RaftServerConfigKeys (ConfUtils.java:logGet(43)) - raft.server.snapshot.retention.num.files = 5 (custom)
2019-09-24 22:36:07,284 [pool-27-thread-1] INFO  server.RaftServerConfigKeys (ConfUtils.java:logGet(43)) - raft.server.retrycache.expirytime = 600000ms (custom)
2019-09-24 22:36:07,309 [pool-27-thread-1] INFO  impl.RaftServerImpl (RaftServerImpl.java:start(185)) - 11d0cc91-3d86-4eb8-b9bb-9a7c429fd5c8@group-0F269A6BBD06: start as a follower, conf=-1: [11d0cc91-3d86-4eb8-b9bb-9a7c429fd5c8:192.168.151.66:38070], old=null
2019-09-24 22:36:07,310 [pool-27-thread-1] INFO  impl.RaftServerImpl (RaftServerImpl.java:setRole(174)) - 11d0cc91-3d86-4eb8-b9bb-9a7c429fd5c8@group-0F269A6BBD06: changes role from      null to FOLLOWER at term 0 for startAsFollower
2019-09-24 22:36:07,311 [pool-27-thread-1] INFO  impl.RoleInfo (RoleInfo.java:updateAndGet(143)) - 11d0cc91-3d86-4eb8-b9bb-9a7c429fd5c8: start FollowerState
2019-09-24 22:36:07,313 [pool-27-thread-1] INFO  util.JmxRegister (JmxRegister.java:tryRegister(44)) - Successfully registered JMX Bean with object name Ratis:service=RaftServer,group=group-0F269A6BBD06,id=11d0cc91-3d86-4eb8-b9bb-9a7c429fd5c8
2019-09-24 22:36:07,377 [RatisPipelineUtilsThread] INFO  pipeline.PipelineStateManager (PipelineStateManager.java:addPipeline(56)) - Created pipeline Pipeline[ Id: 9f51b975-18c2-4501-a7ae-0f269a6bbd06, Nodes: 11d0cc91-3d86-4eb8-b9bb-9a7c429fd5c8{ip: 192.168.151.66, host: pr-hdds-2162-v2v4x-1150571016, networkLocation: /default-rack, certSerialId: null}, Type:RATIS, Factor:ONE, State:OPEN]
2019-09-24 22:36:07,408 [grpc-default-executor-0] INFO  impl.RaftServerProxy (RaftServerProxy.java:addNew(89)) - 937d00a5-df36-4851-a0be-3aaed9d3a7ec: addNew group-282121328516:[937d00a5-df36-4851-a0be-3aaed9d3a7ec:192.168.151.66:33150] returns group-282121328516:java.util.concurrent.CompletableFuture@12245c70[Not completed]
2019-09-24 22:36:07,475 [pool-87-thread-1] INFO  impl.RaftServerImpl (RaftServerImpl.java:<init>(95)) - 937d00a5-df36-4851-a0be-3aaed9d3a7ec: new RaftServerImpl for group-282121328516:[937d00a5-df36-4851-a0be-3aaed9d3a7ec:192.168.151.66:33150] with ContainerStateMachine:uninitialized
2019-09-24 22:36:07,477 [pool-87-thread-1] INFO  server.RaftServerConfigKeys (ConfUtils.java:logGet(43)) - raft.server.rpc.timeout.min = 5s (custom)
2019-09-24 22:36:07,477 [pool-87-thread-1] INFO  server.RaftServerConfigKeys (ConfUtils.java:logGet(43)) - raft.server.rpc.timeout.max = 5200ms (custom)
2019-09-24 22:36:07,477 [pool-87-thread-1] INFO  server.RaftServerConfigKeys (ConfUtils.java:logGet(43)) - raft.server.rpcslowness.timeout = 120s (custom)
2019-09-24 22:36:07,477 [pool-87-thread-1] INFO  server.RaftServerConfigKeys (ConfUtils.java:logGet(43)) - raft.server.sleep.deviation.threshold = 300 (default)
2019-09-24 22:36:07,477 [pool-87-thread-1] INFO  server.RaftServerConfigKeys (ConfUtils.java:logGet(43)) - raft.server.log.appender.install.snapshot.enabled = false (custom)
2019-09-24 22:36:07,477 [pool-87-thread-1] INFO  impl.RaftServerImpl (ServerState.java:<init>(103)) - 937d00a5-df36-4851-a0be-3aaed9d3a7ec@group-282121328516: ConfigurationManager, init=-1: [937d00a5-df36-4851-a0be-3aaed9d3a7ec:192.168.151.66:33150], old=null, confs=<EMPTY_MAP>
2019-09-24 22:36:07,477 [pool-87-thread-1] INFO  server.RaftServerConfigKeys (ConfUtils.java:logGet(43)) - raft.server.storage.dir = [/workdir/hadoop-ozone/integration-test/target/test-dir/MiniOzoneClusterImpl-95732fd8-3d66-4978-936c-af465de6078a/datanode-6/data/ratis] (custom)
2019-09-24 22:36:07,478 [pool-87-thread-1] INFO  storage.RaftStorageDirectory (RaftStorageDirectory.java:analyzeStorage(246)) - The storage directory /workdir/hadoop-ozone/integration-test/target/test-dir/MiniOzoneClusterImpl-95732fd8-3d66-4978-936c-af465de6078a/datanode-6/data/ratis/c19ef195-f433-4b4d-a1d6-282121328516 does not exist. Creating ...
2019-09-24 22:36:07,487 [pool-87-thread-1] INFO  storage.RaftStorageDirectory (RaftStorageDirectory.java:tryLock(328)) - Lock on /workdir/hadoop-ozone/integration-test/target/test-dir/MiniOzoneClusterImpl-95732fd8-3d66-4978-936c-af465de6078a/datanode-6/data/ratis/c19ef195-f433-4b4d-a1d6-282121328516/in_use.lock acquired by nodename 27548@pr-hdds-2162-v2v4x-1150571016
2019-09-24 22:36:07,501 [pool-87-thread-1] INFO  storage.RaftStorage (RaftStorage.java:format(72)) - Storage directory /workdir/hadoop-ozone/integration-test/target/test-dir/MiniOzoneClusterImpl-95732fd8-3d66-4978-936c-af465de6078a/datanode-6/data/ratis/c19ef195-f433-4b4d-a1d6-282121328516 has been successfully formatted.
2019-09-24 22:36:07,503 [pool-87-thread-1] INFO  ratis.ContainerStateMachine (ContainerStateMachine.java:loadSnapshot(230)) - group-282121328516: The snapshot info is null. Setting the last applied indexto:(t:0, i:~)
2019-09-24 22:36:07,509 [pool-87-thread-1] INFO  server.RaftServerConfigKeys (ConfUtils.java:logGet(43)) - raft.server.notification.no-leader.timeout = 120s (custom)
2019-09-24 22:36:07,511 [pool-87-thread-1] INFO  server.RaftServerConfigKeys (ConfUtils.java:logGet(43)) - raft.server.log.use.memory = false (default)
2019-09-24 22:36:07,511 [pool-87-thread-1] INFO  server.RaftServerConfigKeys (ConfUtils.java:logGet(43)) - raft.server.log.purge.gap = 1000000 (custom)
2019-09-24 22:36:07,511 [pool-87-thread-1] INFO  server.RaftServerConfigKeys (ConfUtils.java:logGet(43)) - raft.server.log.appender.buffer.byte-limit = 33554432 (custom)
2019-09-24 22:36:07,511 [pool-87-thread-1] INFO  server.RaftServerConfigKeys (ConfUtils.java:logGet(43)) - raft.server.log.segment.size.max = 1048576 (custom)
2019-09-24 22:36:07,511 [pool-87-thread-1] INFO  server.RaftServerConfigKeys (ConfUtils.java:logGet(43)) - raft.server.log.segment.cache.num.max = 2 (custom)
2019-09-24 22:36:07,511 [pool-87-thread-1] INFO  segmented.SegmentedRaftLogWorker (SegmentedRaftLogWorker.java:<init>(172)) - new 937d00a5-df36-4851-a0be-3aaed9d3a7ec@group-282121328516-SegmentedRaftLogWorker for RaftStorage:Storage Directory /workdir/hadoop-ozone/integration-test/target/test-dir/MiniOzoneClusterImpl-95732fd8-3d66-4978-936c-af465de6078a/datanode-6/data/ratis/c19ef195-f433-4b4d-a1d6-282121328516
2019-09-24 22:36:07,517 [pool-87-thread-1] INFO  server.RaftServerConfigKeys (ConfUtils.java:logGet(43)) - raft.server.log.queue.byte-limit = 2147483647 (custom)
2019-09-24 22:36:07,517 [pool-87-thread-1] INFO  server.RaftServerConfigKeys (ConfUtils.java:logGet(43)) - raft.server.log.queue.element-limit = 1024 (custom)
2019-09-24 22:36:07,518 [pool-87-thread-1] INFO  server.RaftServerConfigKeys (ConfUtils.java:logGet(43)) - raft.server.log.segment.size.max = 1048576 (custom)
2019-09-24 22:36:07,518 [pool-87-thread-1] INFO  server.RaftServerConfigKeys (ConfUtils.java:logGet(43)) - raft.server.log.preallocated.size = 16384 (custom)
2019-09-24 22:36:07,518 [pool-87-thread-1] INFO  server.RaftServerConfigKeys (ConfUtils.java:logGet(43)) - raft.server.log.write.buffer.size = 33554432 (custom)
2019-09-24 22:36:07,518 [pool-87-thread-1] INFO  server.RaftServerConfigKeys (ConfUtils.java:logGet(43)) - raft.server.log.force.sync.num = 128 (default)
2019-09-24 22:36:07,518 [pool-87-thread-1] INFO  server.RaftServerConfigKeys (ConfUtils.java:logGet(43)) - raft.server.log.statemachine.data.sync = true (default)
2019-09-24 22:36:07,518 [pool-87-thread-1] INFO  server.RaftServerConfigKeys (ConfUtils.java:logGet(43)) - raft.server.log.statemachine.data.sync.timeout = 10s (default)
2019-09-24 22:36:07,518 [pool-87-thread-1] INFO  server.RaftServerConfigKeys (ConfUtils.java:logGet(43)) - raft.server.log.statemachine.data.sync.timeout.retry = -1 (default)
2019-09-24 22:36:07,519 [pool-87-thread-1] INFO  server.RaftServerConfigKeys (ConfUtils.java:logGet(43)) - raft.server.log.statemachine.data.caching.enabled = true (custom)
2019-09-24 22:36:07,519 [pool-87-thread-1] INFO  segmented.SegmentedRaftLogWorker (SegmentedRaftLogWorker.java:lambda$new$0(132)) - 937d00a5-df36-4851-a0be-3aaed9d3a7ec@group-282121328516-SegmentedRaftLogWorker: flushIndex: setUnconditionally 0 -> -1
2019-09-24 22:36:07,519 [pool-87-thread-1] INFO  server.RaftServerConfigKeys (ConfUtils.java:logGet(43)) - raft.server.snapshot.auto.trigger.enabled = true (custom)
2019-09-24 22:36:07,519 [pool-87-thread-1] INFO  server.RaftServerConfigKeys (ConfUtils.java:logGet(43)) - raft.server.snapshot.auto.trigger.threshold = 10000 (custom)
2019-09-24 22:36:07,519 [pool-87-thread-1] INFO  server.RaftServerConfigKeys (ConfUtils.java:logGet(43)) - raft.server.snapshot.retention.num.files = 5 (custom)
2019-09-24 22:36:07,519 [pool-87-thread-1] INFO  server.RaftServerConfigKeys (ConfUtils.java:logGet(43)) - raft.server.retrycache.expirytime = 600000ms (custom)
2019-09-24 22:36:07,523 [pool-87-thread-1] INFO  impl.RaftServerImpl (RaftServerImpl.java:start(185)) - 937d00a5-df36-4851-a0be-3aaed9d3a7ec@group-282121328516: start as a follower, conf=-1: [937d00a5-df36-4851-a0be-3aaed9d3a7ec:192.168.151.66:33150], old=null
2019-09-24 22:36:07,523 [pool-87-thread-1] INFO  impl.RaftServerImpl (RaftServerImpl.java:setRole(174)) - 937d00a5-df36-4851-a0be-3aaed9d3a7ec@group-282121328516: changes role from      null to FOLLOWER at term 0 for startAsFollower
2019-09-24 22:36:07,523 [pool-87-thread-1] INFO  impl.RoleInfo (RoleInfo.java:updateAndGet(143)) - 937d00a5-df36-4851-a0be-3aaed9d3a7ec: start FollowerState
2019-09-24 22:36:07,525 [pool-87-thread-1] INFO  util.JmxRegister (JmxRegister.java:tryRegister(44)) - Successfully registered JMX Bean with object name Ratis:service=RaftServer,group=group-282121328516,id=937d00a5-df36-4851-a0be-3aaed9d3a7ec
2019-09-24 22:36:07,544 [RatisPipelineUtilsThread] INFO  pipeline.PipelineStateManager (PipelineStateManager.java:addPipeline(56)) - Created pipeline Pipeline[ Id: c19ef195-f433-4b4d-a1d6-282121328516, Nodes: 937d00a5-df36-4851-a0be-3aaed9d3a7ec{ip: 192.168.151.66, host: pr-hdds-2162-v2v4x-1150571016, networkLocation: /default-rack, certSerialId: null}, Type:RATIS, Factor:ONE, State:OPEN]
2019-09-24 22:36:07,574 [grpc-default-executor-0] INFO  impl.RaftServerProxy (RaftServerProxy.java:addNew(89)) - ba8da8c9-7047-42c0-b6d2-a7916db8a88b: addNew group-FCCEB381F9A2:[ba8da8c9-7047-42c0-b6d2-a7916db8a88b:192.168.151.66:33065] returns group-FCCEB381F9A2:java.util.concurrent.CompletableFuture@2591b545[Not completed]
2019-09-24 22:36:07,618 [pool-67-thread-1] INFO  impl.RaftServerImpl (RaftServerImpl.java:<init>(95)) - ba8da8c9-7047-42c0-b6d2-a7916db8a88b: new RaftServerImpl for group-FCCEB381F9A2:[ba8da8c9-7047-42c0-b6d2-a7916db8a88b:192.168.151.66:33065] with ContainerStateMachine:uninitialized
2019-09-24 22:36:07,618 [pool-67-thread-1] INFO  server.RaftServerConfigKeys (ConfUtils.java:logGet(43)) - raft.server.rpc.timeout.min = 5s (custom)
2019-09-24 22:36:07,618 [pool-67-thread-1] INFO  server.RaftServerConfigKeys (ConfUtils.java:logGet(43)) - raft.server.rpc.timeout.max = 5200ms (custom)
2019-09-24 22:36:07,619 [pool-67-thread-1] INFO  server.RaftServerConfigKeys (ConfUtils.java:logGet(43)) - raft.server.rpcslowness.timeout = 120s (custom)
2019-09-24 22:36:07,619 [pool-67-thread-1] INFO  server.RaftServerConfigKeys (ConfUtils.java:logGet(43)) - raft.server.sleep.deviation.threshold = 300 (default)
2019-09-24 22:36:07,619 [pool-67-thread-1] INFO  server.RaftServerConfigKeys (ConfUtils.java:logGet(43)) - raft.server.log.appender.install.snapshot.enabled = false (custom)
2019-09-24 22:36:07,619 [pool-67-thread-1] INFO  impl.RaftServerImpl (ServerState.java:<init>(103)) - ba8da8c9-7047-42c0-b6d2-a7916db8a88b@group-FCCEB381F9A2: ConfigurationManager, init=-1: [ba8da8c9-7047-42c0-b6d2-a7916db8a88b:192.168.151.66:33065], old=null, confs=<EMPTY_MAP>
2019-09-24 22:36:07,619 [pool-67-thread-1] INFO  server.RaftServerConfigKeys (ConfUtils.java:logGet(43)) - raft.server.storage.dir = [/workdir/hadoop-ozone/integration-test/target/test-dir/MiniOzoneClusterImpl-95732fd8-3d66-4978-936c-af465de6078a/datanode-4/data/ratis] (custom)
2019-09-24 22:36:07,620 [pool-67-thread-1] INFO  storage.RaftStorageDirectory (RaftStorageDirectory.java:analyzeStorage(246)) - The storage directory /workdir/hadoop-ozone/integration-test/target/test-dir/MiniOzoneClusterImpl-95732fd8-3d66-4978-936c-af465de6078a/datanode-4/data/ratis/46a76f57-c448-43fe-a9ed-fcceb381f9a2 does not exist. Creating ...
2019-09-24 22:36:07,630 [pool-67-thread-1] INFO  storage.RaftStorageDirectory (RaftStorageDirectory.java:tryLock(328)) - Lock on /workdir/hadoop-ozone/integration-test/target/test-dir/MiniOzoneClusterImpl-95732fd8-3d66-4978-936c-af465de6078a/datanode-4/data/ratis/46a76f57-c448-43fe-a9ed-fcceb381f9a2/in_use.lock acquired by nodename 27548@pr-hdds-2162-v2v4x-1150571016
2019-09-24 22:36:07,643 [pool-67-thread-1] INFO  storage.RaftStorage (RaftStorage.java:format(72)) - Storage directory /workdir/hadoop-ozone/integration-test/target/test-dir/MiniOzoneClusterImpl-95732fd8-3d66-4978-936c-af465de6078a/datanode-4/data/ratis/46a76f57-c448-43fe-a9ed-fcceb381f9a2 has been successfully formatted.
2019-09-24 22:36:07,643 [pool-67-thread-1] INFO  ratis.ContainerStateMachine (ContainerStateMachine.java:loadSnapshot(230)) - group-FCCEB381F9A2: The snapshot info is null. Setting the last applied indexto:(t:0, i:~)
2019-09-24 22:36:07,644 [pool-67-thread-1] INFO  server.RaftServerConfigKeys (ConfUtils.java:logGet(43)) - raft.server.notification.no-leader.timeout = 120s (custom)
2019-09-24 22:36:07,644 [pool-67-thread-1] INFO  server.RaftServerConfigKeys (ConfUtils.java:logGet(43)) - raft.server.log.use.memory = false (default)
2019-09-24 22:36:07,644 [pool-67-thread-1] INFO  server.RaftServerConfigKeys (ConfUtils.java:logGet(43)) - raft.server.log.purge.gap = 1000000 (custom)
2019-09-24 22:36:07,644 [pool-67-thread-1] INFO  server.RaftServerConfigKeys (ConfUtils.java:logGet(43)) - raft.server.log.appender.buffer.byte-limit = 33554432 (custom)
2019-09-24 22:36:07,644 [pool-67-thread-1] INFO  server.RaftServerConfigKeys (ConfUtils.java:logGet(43)) - raft.server.log.segment.size.max = 1048576 (custom)
2019-09-24 22:36:07,645 [pool-67-thread-1] INFO  server.RaftServerConfigKeys (ConfUtils.java:logGet(43)) - raft.server.log.segment.cache.num.max = 2 (custom)
2019-09-24 22:36:07,645 [pool-67-thread-1] INFO  segmented.SegmentedRaftLogWorker (SegmentedRaftLogWorker.java:<init>(172)) - new ba8da8c9-7047-42c0-b6d2-a7916db8a88b@group-FCCEB381F9A2-SegmentedRaftLogWorker for RaftStorage:Storage Directory /workdir/hadoop-ozone/integration-test/target/test-dir/MiniOzoneClusterImpl-95732fd8-3d66-4978-936c-af465de6078a/datanode-4/data/ratis/46a76f57-c448-43fe-a9ed-fcceb381f9a2
2019-09-24 22:36:07,696 [pool-67-thread-1] INFO  server.RaftServerConfigKeys (ConfUtils.java:logGet(43)) - raft.server.log.queue.byte-limit = 2147483647 (custom)
2019-09-24 22:36:07,696 [pool-67-thread-1] INFO  server.RaftServerConfigKeys (ConfUtils.java:logGet(43)) - raft.server.log.queue.element-limit = 1024 (custom)
2019-09-24 22:36:07,696 [pool-67-thread-1] INFO  server.RaftServerConfigKeys (ConfUtils.java:logGet(43)) - raft.server.log.segment.size.max = 1048576 (custom)
2019-09-24 22:36:07,696 [pool-67-thread-1] INFO  server.RaftServerConfigKeys (ConfUtils.java:logGet(43)) - raft.server.log.preallocated.size = 16384 (custom)
2019-09-24 22:36:07,697 [pool-67-thread-1] INFO  server.RaftServerConfigKeys (ConfUtils.java:logGet(43)) - raft.server.log.write.buffer.size = 33554432 (custom)
2019-09-24 22:36:07,697 [pool-67-thread-1] INFO  server.RaftServerConfigKeys (ConfUtils.java:logGet(43)) - raft.server.log.force.sync.num = 128 (default)
2019-09-24 22:36:07,697 [pool-67-thread-1] INFO  server.RaftServerConfigKeys (ConfUtils.java:logGet(43)) - raft.server.log.statemachine.data.sync = true (default)
2019-09-24 22:36:07,697 [pool-67-thread-1] INFO  server.RaftServerConfigKeys (ConfUtils.java:logGet(43)) - raft.server.log.statemachine.data.sync.timeout = 10s (default)
2019-09-24 22:36:07,697 [pool-67-thread-1] INFO  server.RaftServerConfigKeys (ConfUtils.java:logGet(43)) - raft.server.log.statemachine.data.sync.timeout.retry = -1 (default)
2019-09-24 22:36:07,698 [pool-67-thread-1] INFO  server.RaftServerConfigKeys (ConfUtils.java:logGet(43)) - raft.server.log.statemachine.data.caching.enabled = true (custom)
2019-09-24 22:36:07,698 [pool-67-thread-1] INFO  segmented.SegmentedRaftLogWorker (SegmentedRaftLogWorker.java:lambda$new$0(132)) - ba8da8c9-7047-42c0-b6d2-a7916db8a88b@group-FCCEB381F9A2-SegmentedRaftLogWorker: flushIndex: setUnconditionally 0 -> -1
2019-09-24 22:36:07,699 [pool-67-thread-1] INFO  server.RaftServerConfigKeys (ConfUtils.java:logGet(43)) - raft.server.snapshot.auto.trigger.enabled = true (custom)
2019-09-24 22:36:07,699 [pool-67-thread-1] INFO  server.RaftServerConfigKeys (ConfUtils.java:logGet(43)) - raft.server.snapshot.auto.trigger.threshold = 10000 (custom)
2019-09-24 22:36:07,699 [pool-67-thread-1] INFO  server.RaftServerConfigKeys (ConfUtils.java:logGet(43)) - raft.server.snapshot.retention.num.files = 5 (custom)
2019-09-24 22:36:07,699 [pool-67-thread-1] INFO  server.RaftServerConfigKeys (ConfUtils.java:logGet(43)) - raft.server.retrycache.expirytime = 600000ms (custom)
2019-09-24 22:36:07,705 [pool-67-thread-1] INFO  impl.RaftServerImpl (RaftServerImpl.java:start(185)) - ba8da8c9-7047-42c0-b6d2-a7916db8a88b@group-FCCEB381F9A2: start as a follower, conf=-1: [ba8da8c9-7047-42c0-b6d2-a7916db8a88b:192.168.151.66:33065], old=null
2019-09-24 22:36:07,705 [pool-67-thread-1] INFO  impl.RaftServerImpl (RaftServerImpl.java:setRole(174)) - ba8da8c9-7047-42c0-b6d2-a7916db8a88b@group-FCCEB381F9A2: changes role from      null to FOLLOWER at term 0 for startAsFollower
2019-09-24 22:36:07,705 [pool-67-thread-1] INFO  impl.RoleInfo (RoleInfo.java:updateAndGet(143)) - ba8da8c9-7047-42c0-b6d2-a7916db8a88b: start FollowerState
2019-09-24 22:36:07,706 [pool-67-thread-1] INFO  util.JmxRegister (JmxRegister.java:tryRegister(44)) - Successfully registered JMX Bean with object name Ratis:service=RaftServer,group=group-FCCEB381F9A2,id=ba8da8c9-7047-42c0-b6d2-a7916db8a88b
2019-09-24 22:36:07,721 [RatisPipelineUtilsThread] INFO  pipeline.PipelineStateManager (PipelineStateManager.java:addPipeline(56)) - Created pipeline Pipeline[ Id: 46a76f57-c448-43fe-a9ed-fcceb381f9a2, Nodes: ba8da8c9-7047-42c0-b6d2-a7916db8a88b{ip: 192.168.151.66, host: pr-hdds-2162-v2v4x-1150571016, networkLocation: /default-rack, certSerialId: null}, Type:RATIS, Factor:ONE, State:OPEN]
2019-09-24 22:36:07,750 [grpc-default-executor-0] INFO  impl.RaftServerProxy (RaftServerProxy.java:addNew(89)) - 4ac78631-b199-4be1-a250-fa3c30279e20: addNew group-E8FF5A5D3415:[4ac78631-b199-4be1-a250-fa3c30279e20:192.168.151.66:46649] returns group-E8FF5A5D3415:java.util.concurrent.CompletableFuture@5d97d774[Not completed]
2019-09-24 22:36:07,757 [pool-47-thread-1] INFO  impl.RaftServerImpl (RaftServerImpl.java:<init>(95)) - 4ac78631-b199-4be1-a250-fa3c30279e20: new RaftServerImpl for group-E8FF5A5D3415:[4ac78631-b199-4be1-a250-fa3c30279e20:192.168.151.66:46649] with ContainerStateMachine:uninitialized
2019-09-24 22:36:07,757 [pool-47-thread-1] INFO  server.RaftServerConfigKeys (ConfUtils.java:logGet(43)) - raft.server.rpc.timeout.min = 5s (custom)
2019-09-24 22:36:07,757 [pool-47-thread-1] INFO  server.RaftServerConfigKeys (ConfUtils.java:logGet(43)) - raft.server.rpc.timeout.max = 5200ms (custom)
2019-09-24 22:36:07,757 [pool-47-thread-1] INFO  server.RaftServerConfigKeys (ConfUtils.java:logGet(43)) - raft.server.rpcslowness.timeout = 120s (custom)
2019-09-24 22:36:07,757 [pool-47-thread-1] INFO  server.RaftServerConfigKeys (ConfUtils.java:logGet(43)) - raft.server.sleep.deviation.threshold = 300 (default)
2019-09-24 22:36:07,758 [pool-47-thread-1] INFO  server.RaftServerConfigKeys (ConfUtils.java:logGet(43)) - raft.server.log.appender.install.snapshot.enabled = false (custom)
2019-09-24 22:36:07,758 [pool-47-thread-1] INFO  impl.RaftServerImpl (ServerState.java:<init>(103)) - 4ac78631-b199-4be1-a250-fa3c30279e20@group-E8FF5A5D3415: ConfigurationManager, init=-1: [4ac78631-b199-4be1-a250-fa3c30279e20:192.168.151.66:46649], old=null, confs=<EMPTY_MAP>
2019-09-24 22:36:07,758 [pool-47-thread-1] INFO  server.RaftServerConfigKeys (ConfUtils.java:logGet(43)) - raft.server.storage.dir = [/workdir/hadoop-ozone/integration-test/target/test-dir/MiniOzoneClusterImpl-95732fd8-3d66-4978-936c-af465de6078a/datanode-2/data/ratis] (custom)
2019-09-24 22:36:07,758 [pool-47-thread-1] INFO  storage.RaftStorageDirectory (RaftStorageDirectory.java:analyzeStorage(246)) - The storage directory /workdir/hadoop-ozone/integration-test/target/test-dir/MiniOzoneClusterImpl-95732fd8-3d66-4978-936c-af465de6078a/datanode-2/data/ratis/4d79d098-0894-4dc6-9744-e8ff5a5d3415 does not exist. Creating ...
2019-09-24 22:36:07,774 [pool-47-thread-1] INFO  storage.RaftStorageDirectory (RaftStorageDirectory.java:tryLock(328)) - Lock on /workdir/hadoop-ozone/integration-test/target/test-dir/MiniOzoneClusterImpl-95732fd8-3d66-4978-936c-af465de6078a/datanode-2/data/ratis/4d79d098-0894-4dc6-9744-e8ff5a5d3415/in_use.lock acquired by nodename 27548@pr-hdds-2162-v2v4x-1150571016
2019-09-24 22:36:07,796 [pool-47-thread-1] INFO  storage.RaftStorage (RaftStorage.java:format(72)) - Storage directory /workdir/hadoop-ozone/integration-test/target/test-dir/MiniOzoneClusterImpl-95732fd8-3d66-4978-936c-af465de6078a/datanode-2/data/ratis/4d79d098-0894-4dc6-9744-e8ff5a5d3415 has been successfully formatted.
2019-09-24 22:36:07,796 [pool-47-thread-1] INFO  ratis.ContainerStateMachine (ContainerStateMachine.java:loadSnapshot(230)) - group-E8FF5A5D3415: The snapshot info is null. Setting the last applied indexto:(t:0, i:~)
2019-09-24 22:36:07,796 [pool-47-thread-1] INFO  server.RaftServerConfigKeys (ConfUtils.java:logGet(43)) - raft.server.notification.no-leader.timeout = 120s (custom)
2019-09-24 22:36:07,796 [pool-47-thread-1] INFO  server.RaftServerConfigKeys (ConfUtils.java:logGet(43)) - raft.server.log.use.memory = false (default)
2019-09-24 22:36:07,797 [pool-47-thread-1] INFO  server.RaftServerConfigKeys (ConfUtils.java:logGet(43)) - raft.server.log.purge.gap = 1000000 (custom)
2019-09-24 22:36:07,797 [pool-47-thread-1] INFO  server.RaftServerConfigKeys (ConfUtils.java:logGet(43)) - raft.server.log.appender.buffer.byte-limit = 33554432 (custom)
2019-09-24 22:36:07,797 [pool-47-thread-1] INFO  server.RaftServerConfigKeys (ConfUtils.java:logGet(43)) - raft.server.log.segment.size.max = 1048576 (custom)
2019-09-24 22:36:07,797 [pool-47-thread-1] INFO  server.RaftServerConfigKeys (ConfUtils.java:logGet(43)) - raft.server.log.segment.cache.num.max = 2 (custom)
2019-09-24 22:36:07,797 [pool-47-thread-1] INFO  segmented.SegmentedRaftLogWorker (SegmentedRaftLogWorker.java:<init>(172)) - new 4ac78631-b199-4be1-a250-fa3c30279e20@group-E8FF5A5D3415-SegmentedRaftLogWorker for RaftStorage:Storage Directory /workdir/hadoop-ozone/integration-test/target/test-dir/MiniOzoneClusterImpl-95732fd8-3d66-4978-936c-af465de6078a/datanode-2/data/ratis/4d79d098-0894-4dc6-9744-e8ff5a5d3415
2019-09-24 22:36:07,802 [pool-47-thread-1] INFO  server.RaftServerConfigKeys (ConfUtils.java:logGet(43)) - raft.server.log.queue.byte-limit = 2147483647 (custom)
2019-09-24 22:36:07,803 [pool-47-thread-1] INFO  server.RaftServerConfigKeys (ConfUtils.java:logGet(43)) - raft.server.log.queue.element-limit = 1024 (custom)
2019-09-24 22:36:07,803 [pool-47-thread-1] INFO  server.RaftServerConfigKeys (ConfUtils.java:logGet(43)) - raft.server.log.segment.size.max = 1048576 (custom)
2019-09-24 22:36:07,803 [pool-47-thread-1] INFO  server.RaftServerConfigKeys (ConfUtils.java:logGet(43)) - raft.server.log.preallocated.size = 16384 (custom)
2019-09-24 22:36:07,803 [pool-47-thread-1] INFO  server.RaftServerConfigKeys (ConfUtils.java:logGet(43)) - raft.server.log.write.buffer.size = 33554432 (custom)
2019-09-24 22:36:07,803 [pool-47-thread-1] INFO  server.RaftServerConfigKeys (ConfUtils.java:logGet(43)) - raft.server.log.force.sync.num = 128 (default)
2019-09-24 22:36:07,803 [pool-47-thread-1] INFO  server.RaftServerConfigKeys (ConfUtils.java:logGet(43)) - raft.server.log.statemachine.data.sync = true (default)
2019-09-24 22:36:07,804 [pool-47-thread-1] INFO  server.RaftServerConfigKeys (ConfUtils.java:logGet(43)) - raft.server.log.statemachine.data.sync.timeout = 10s (default)
2019-09-24 22:36:07,804 [pool-47-thread-1] INFO  server.RaftServerConfigKeys (ConfUtils.java:logGet(43)) - raft.server.log.statemachine.data.sync.timeout.retry = -1 (default)
2019-09-24 22:36:07,804 [pool-47-thread-1] INFO  server.RaftServerConfigKeys (ConfUtils.java:logGet(43)) - raft.server.log.statemachine.data.caching.enabled = true (custom)
2019-09-24 22:36:07,808 [pool-47-thread-1] INFO  segmented.SegmentedRaftLogWorker (SegmentedRaftLogWorker.java:lambda$new$0(132)) - 4ac78631-b199-4be1-a250-fa3c30279e20@group-E8FF5A5D3415-SegmentedRaftLogWorker: flushIndex: setUnconditionally 0 -> -1
2019-09-24 22:36:07,808 [pool-47-thread-1] INFO  server.RaftServerConfigKeys (ConfUtils.java:logGet(43)) - raft.server.snapshot.auto.trigger.enabled = true (custom)
2019-09-24 22:36:07,808 [pool-47-thread-1] INFO  server.RaftServerConfigKeys (ConfUtils.java:logGet(43)) - raft.server.snapshot.auto.trigger.threshold = 10000 (custom)
2019-09-24 22:36:07,809 [pool-47-thread-1] INFO  server.RaftServerConfigKeys (ConfUtils.java:logGet(43)) - raft.server.snapshot.retention.num.files = 5 (custom)
2019-09-24 22:36:07,809 [pool-47-thread-1] INFO  server.RaftServerConfigKeys (ConfUtils.java:logGet(43)) - raft.server.retrycache.expirytime = 600000ms (custom)
2019-09-24 22:36:07,814 [pool-47-thread-1] INFO  impl.RaftServerImpl (RaftServerImpl.java:start(185)) - 4ac78631-b199-4be1-a250-fa3c30279e20@group-E8FF5A5D3415: start as a follower, conf=-1: [4ac78631-b199-4be1-a250-fa3c30279e20:192.168.151.66:46649], old=null
2019-09-24 22:36:07,814 [pool-47-thread-1] INFO  impl.RaftServerImpl (RaftServerImpl.java:setRole(174)) - 4ac78631-b199-4be1-a250-fa3c30279e20@group-E8FF5A5D3415: changes role from      null to FOLLOWER at term 0 for startAsFollower
2019-09-24 22:36:07,814 [pool-47-thread-1] INFO  impl.RoleInfo (RoleInfo.java:updateAndGet(143)) - 4ac78631-b199-4be1-a250-fa3c30279e20: start FollowerState
2019-09-24 22:36:07,815 [pool-47-thread-1] INFO  util.JmxRegister (JmxRegister.java:tryRegister(44)) - Successfully registered JMX Bean with object name Ratis:service=RaftServer,group=group-E8FF5A5D3415,id=4ac78631-b199-4be1-a250-fa3c30279e20
2019-09-24 22:36:07,838 [RatisPipelineUtilsThread] INFO  pipeline.PipelineStateManager (PipelineStateManager.java:addPipeline(56)) - Created pipeline Pipeline[ Id: 4d79d098-0894-4dc6-9744-e8ff5a5d3415, Nodes: 4ac78631-b199-4be1-a250-fa3c30279e20{ip: 192.168.151.66, host: pr-hdds-2162-v2v4x-1150571016, networkLocation: /default-rack, certSerialId: null}, Type:RATIS, Factor:ONE, State:OPEN]
2019-09-24 22:36:07,856 [grpc-default-executor-0] INFO  impl.RaftServerProxy (RaftServerProxy.java:addNew(89)) - 533bf916-75bc-4ef0-b696-2f1d5164c628: addNew group-5732E16BE950:[533bf916-75bc-4ef0-b696-2f1d5164c628:192.168.151.66:46232] returns group-5732E16BE950:java.util.concurrent.CompletableFuture@3f43e19[Not completed]
2019-09-24 22:36:07,861 [pool-117-thread-1] INFO  impl.RaftServerImpl (RaftServerImpl.java:<init>(95)) - 533bf916-75bc-4ef0-b696-2f1d5164c628: new RaftServerImpl for group-5732E16BE950:[533bf916-75bc-4ef0-b696-2f1d5164c628:192.168.151.66:46232] with ContainerStateMachine:uninitialized
2019-09-24 22:36:07,861 [pool-117-thread-1] INFO  server.RaftServerConfigKeys (ConfUtils.java:logGet(43)) - raft.server.rpc.timeout.min = 5s (custom)
2019-09-24 22:36:07,861 [pool-117-thread-1] INFO  server.RaftServerConfigKeys (ConfUtils.java:logGet(43)) - raft.server.rpc.timeout.max = 5200ms (custom)
2019-09-24 22:36:07,861 [pool-117-thread-1] INFO  server.RaftServerConfigKeys (ConfUtils.java:logGet(43)) - raft.server.rpcslowness.timeout = 120s (custom)
2019-09-24 22:36:07,861 [pool-117-thread-1] INFO  server.RaftServerConfigKeys (ConfUtils.java:logGet(43)) - raft.server.sleep.deviation.threshold = 300 (default)
2019-09-24 22:36:07,862 [pool-117-thread-1] INFO  server.RaftServerConfigKeys (ConfUtils.java:logGet(43)) - raft.server.log.appender.install.snapshot.enabled = false (custom)
2019-09-24 22:36:07,862 [pool-117-thread-1] INFO  impl.RaftServerImpl (ServerState.java:<init>(103)) - 533bf916-75bc-4ef0-b696-2f1d5164c628@group-5732E16BE950: ConfigurationManager, init=-1: [533bf916-75bc-4ef0-b696-2f1d5164c628:192.168.151.66:46232], old=null, confs=<EMPTY_MAP>
2019-09-24 22:36:07,862 [pool-117-thread-1] INFO  server.RaftServerConfigKeys (ConfUtils.java:logGet(43)) - raft.server.storage.dir = [/workdir/hadoop-ozone/integration-test/target/test-dir/MiniOzoneClusterImpl-95732fd8-3d66-4978-936c-af465de6078a/datanode-9/data/ratis] (custom)
2019-09-24 22:36:07,862 [pool-117-thread-1] INFO  storage.RaftStorageDirectory (RaftStorageDirectory.java:analyzeStorage(246)) - The storage directory /workdir/hadoop-ozone/integration-test/target/test-dir/MiniOzoneClusterImpl-95732fd8-3d66-4978-936c-af465de6078a/datanode-9/data/ratis/d083e0b6-1eb9-4c91-b2f6-5732e16be950 does not exist. Creating ...
2019-09-24 22:36:07,883 [pool-117-thread-1] INFO  storage.RaftStorageDirectory (RaftStorageDirectory.java:tryLock(328)) - Lock on /workdir/hadoop-ozone/integration-test/target/test-dir/MiniOzoneClusterImpl-95732fd8-3d66-4978-936c-af465de6078a/datanode-9/data/ratis/d083e0b6-1eb9-4c91-b2f6-5732e16be950/in_use.lock acquired by nodename 27548@pr-hdds-2162-v2v4x-1150571016
2019-09-24 22:36:07,898 [pool-117-thread-1] INFO  storage.RaftStorage (RaftStorage.java:format(72)) - Storage directory /workdir/hadoop-ozone/integration-test/target/test-dir/MiniOzoneClusterImpl-95732fd8-3d66-4978-936c-af465de6078a/datanode-9/data/ratis/d083e0b6-1eb9-4c91-b2f6-5732e16be950 has been successfully formatted.
2019-09-24 22:36:07,899 [pool-117-thread-1] INFO  ratis.ContainerStateMachine (ContainerStateMachine.java:loadSnapshot(230)) - group-5732E16BE950: The snapshot info is null. Setting the last applied indexto:(t:0, i:~)
2019-09-24 22:36:07,899 [pool-117-thread-1] INFO  server.RaftServerConfigKeys (ConfUtils.java:logGet(43)) - raft.server.notification.no-leader.timeout = 120s (custom)
2019-09-24 22:36:07,899 [pool-117-thread-1] INFO  server.RaftServerConfigKeys (ConfUtils.java:logGet(43)) - raft.server.log.use.memory = false (default)
2019-09-24 22:36:07,899 [pool-117-thread-1] INFO  server.RaftServerConfigKeys (ConfUtils.java:logGet(43)) - raft.server.log.purge.gap = 1000000 (custom)
2019-09-24 22:36:07,899 [pool-117-thread-1] INFO  server.RaftServerConfigKeys (ConfUtils.java:logGet(43)) - raft.server.log.appender.buffer.byte-limit = 33554432 (custom)
2019-09-24 22:36:07,899 [pool-117-thread-1] INFO  server.RaftServerConfigKeys (ConfUtils.java:logGet(43)) - raft.server.log.segment.size.max = 1048576 (custom)
2019-09-24 22:36:07,899 [pool-117-thread-1] INFO  server.RaftServerConfigKeys (ConfUtils.java:logGet(43)) - raft.server.log.segment.cache.num.max = 2 (custom)
2019-09-24 22:36:07,900 [pool-117-thread-1] INFO  segmented.SegmentedRaftLogWorker (SegmentedRaftLogWorker.java:<init>(172)) - new 533bf916-75bc-4ef0-b696-2f1d5164c628@group-5732E16BE950-SegmentedRaftLogWorker for RaftStorage:Storage Directory /workdir/hadoop-ozone/integration-test/target/test-dir/MiniOzoneClusterImpl-95732fd8-3d66-4978-936c-af465de6078a/datanode-9/data/ratis/d083e0b6-1eb9-4c91-b2f6-5732e16be950
2019-09-24 22:36:07,903 [pool-117-thread-1] INFO  server.RaftServerConfigKeys (ConfUtils.java:logGet(43)) - raft.server.log.queue.byte-limit = 2147483647 (custom)
2019-09-24 22:36:07,903 [pool-117-thread-1] INFO  server.RaftServerConfigKeys (ConfUtils.java:logGet(43)) - raft.server.log.queue.element-limit = 1024 (custom)
2019-09-24 22:36:07,903 [pool-117-thread-1] INFO  server.RaftServerConfigKeys (ConfUtils.java:logGet(43)) - raft.server.log.segment.size.max = 1048576 (custom)
2019-09-24 22:36:07,903 [pool-117-thread-1] INFO  server.RaftServerConfigKeys (ConfUtils.java:logGet(43)) - raft.server.log.preallocated.size = 16384 (custom)
2019-09-24 22:36:07,903 [pool-117-thread-1] INFO  server.RaftServerConfigKeys (ConfUtils.java:logGet(43)) - raft.server.log.write.buffer.size = 33554432 (custom)
2019-09-24 22:36:07,904 [pool-117-thread-1] INFO  server.RaftServerConfigKeys (ConfUtils.java:logGet(43)) - raft.server.log.force.sync.num = 128 (default)
2019-09-24 22:36:07,904 [pool-117-thread-1] INFO  server.RaftServerConfigKeys (ConfUtils.java:logGet(43)) - raft.server.log.statemachine.data.sync = true (default)
2019-09-24 22:36:07,904 [pool-117-thread-1] INFO  server.RaftServerConfigKeys (ConfUtils.java:logGet(43)) - raft.server.log.statemachine.data.sync.timeout = 10s (default)
2019-09-24 22:36:07,904 [pool-117-thread-1] INFO  server.RaftServerConfigKeys (ConfUtils.java:logGet(43)) - raft.server.log.statemachine.data.sync.timeout.retry = -1 (default)
2019-09-24 22:36:07,904 [pool-117-thread-1] INFO  server.RaftServerConfigKeys (ConfUtils.java:logGet(43)) - raft.server.log.statemachine.data.caching.enabled = true (custom)
2019-09-24 22:36:07,904 [pool-117-thread-1] INFO  segmented.SegmentedRaftLogWorker (SegmentedRaftLogWorker.java:lambda$new$0(132)) - 533bf916-75bc-4ef0-b696-2f1d5164c628@group-5732E16BE950-SegmentedRaftLogWorker: flushIndex: setUnconditionally 0 -> -1
2019-09-24 22:36:07,905 [pool-117-thread-1] INFO  server.RaftServerConfigKeys (ConfUtils.java:logGet(43)) - raft.server.snapshot.auto.trigger.enabled = true (custom)
2019-09-24 22:36:07,905 [pool-117-thread-1] INFO  server.RaftServerConfigKeys (ConfUtils.java:logGet(43)) - raft.server.snapshot.auto.trigger.threshold = 10000 (custom)
2019-09-24 22:36:07,905 [pool-117-thread-1] INFO  server.RaftServerConfigKeys (ConfUtils.java:logGet(43)) - raft.server.snapshot.retention.num.files = 5 (custom)
2019-09-24 22:36:07,905 [pool-117-thread-1] INFO  server.RaftServerConfigKeys (ConfUtils.java:logGet(43)) - raft.server.retrycache.expirytime = 600000ms (custom)
2019-09-24 22:36:07,908 [pool-117-thread-1] INFO  impl.RaftServerImpl (RaftServerImpl.java:start(185)) - 533bf916-75bc-4ef0-b696-2f1d5164c628@group-5732E16BE950: start as a follower, conf=-1: [533bf916-75bc-4ef0-b696-2f1d5164c628:192.168.151.66:46232], old=null
2019-09-24 22:36:07,909 [pool-117-thread-1] INFO  impl.RaftServerImpl (RaftServerImpl.java:setRole(174)) - 533bf916-75bc-4ef0-b696-2f1d5164c628@group-5732E16BE950: changes role from      null to FOLLOWER at term 0 for startAsFollower
2019-09-24 22:36:07,909 [pool-117-thread-1] INFO  impl.RoleInfo (RoleInfo.java:updateAndGet(143)) - 533bf916-75bc-4ef0-b696-2f1d5164c628: start FollowerState
2019-09-24 22:36:07,909 [pool-117-thread-1] INFO  util.JmxRegister (JmxRegister.java:tryRegister(44)) - Successfully registered JMX Bean with object name Ratis:service=RaftServer,group=group-5732E16BE950,id=533bf916-75bc-4ef0-b696-2f1d5164c628
2019-09-24 22:36:07,922 [RatisPipelineUtilsThread] INFO  pipeline.PipelineStateManager (PipelineStateManager.java:addPipeline(56)) - Created pipeline Pipeline[ Id: d083e0b6-1eb9-4c91-b2f6-5732e16be950, Nodes: 533bf916-75bc-4ef0-b696-2f1d5164c628{ip: 192.168.151.66, host: pr-hdds-2162-v2v4x-1150571016, networkLocation: /default-rack, certSerialId: null}, Type:RATIS, Factor:ONE, State:OPEN]
2019-09-24 22:36:07,939 [grpc-default-executor-0] INFO  impl.RaftServerProxy (RaftServerProxy.java:addNew(89)) - 21c95cdb-d9ea-42ca-a1c8-516e3611f91d: addNew group-5BF99DCB0198:[21c95cdb-d9ea-42ca-a1c8-516e3611f91d:192.168.151.66:39006] returns group-5BF99DCB0198:java.util.concurrent.CompletableFuture@6269af3d[Not completed]
2019-09-24 22:36:07,944 [pool-107-thread-1] INFO  impl.RaftServerImpl (RaftServerImpl.java:<init>(95)) - 21c95cdb-d9ea-42ca-a1c8-516e3611f91d: new RaftServerImpl for group-5BF99DCB0198:[21c95cdb-d9ea-42ca-a1c8-516e3611f91d:192.168.151.66:39006] with ContainerStateMachine:uninitialized
2019-09-24 22:36:07,944 [pool-107-thread-1] INFO  server.RaftServerConfigKeys (ConfUtils.java:logGet(43)) - raft.server.rpc.timeout.min = 5s (custom)
2019-09-24 22:36:07,944 [pool-107-thread-1] INFO  server.RaftServerConfigKeys (ConfUtils.java:logGet(43)) - raft.server.rpc.timeout.max = 5200ms (custom)
2019-09-24 22:36:07,945 [pool-107-thread-1] INFO  server.RaftServerConfigKeys (ConfUtils.java:logGet(43)) - raft.server.rpcslowness.timeout = 120s (custom)
2019-09-24 22:36:07,945 [pool-107-thread-1] INFO  server.RaftServerConfigKeys (ConfUtils.java:logGet(43)) - raft.server.sleep.deviation.threshold = 300 (default)
2019-09-24 22:36:07,945 [pool-107-thread-1] INFO  server.RaftServerConfigKeys (ConfUtils.java:logGet(43)) - raft.server.log.appender.install.snapshot.enabled = false (custom)
2019-09-24 22:36:07,945 [pool-107-thread-1] INFO  impl.RaftServerImpl (ServerState.java:<init>(103)) - 21c95cdb-d9ea-42ca-a1c8-516e3611f91d@group-5BF99DCB0198: ConfigurationManager, init=-1: [21c95cdb-d9ea-42ca-a1c8-516e3611f91d:192.168.151.66:39006], old=null, confs=<EMPTY_MAP>
2019-09-24 22:36:07,945 [pool-107-thread-1] INFO  server.RaftServerConfigKeys (ConfUtils.java:logGet(43)) - raft.server.storage.dir = [/workdir/hadoop-ozone/integration-test/target/test-dir/MiniOzoneClusterImpl-95732fd8-3d66-4978-936c-af465de6078a/datanode-8/data/ratis] (custom)
2019-09-24 22:36:07,946 [pool-107-thread-1] INFO  storage.RaftStorageDirectory (RaftStorageDirectory.java:analyzeStorage(246)) - The storage directory /workdir/hadoop-ozone/integration-test/target/test-dir/MiniOzoneClusterImpl-95732fd8-3d66-4978-936c-af465de6078a/datanode-8/data/ratis/fb61b146-fe7b-4416-bcfb-5bf99dcb0198 does not exist. Creating ...
2019-09-24 22:36:07,959 [pool-107-thread-1] INFO  storage.RaftStorageDirectory (RaftStorageDirectory.java:tryLock(328)) - Lock on /workdir/hadoop-ozone/integration-test/target/test-dir/MiniOzoneClusterImpl-95732fd8-3d66-4978-936c-af465de6078a/datanode-8/data/ratis/fb61b146-fe7b-4416-bcfb-5bf99dcb0198/in_use.lock acquired by nodename 27548@pr-hdds-2162-v2v4x-1150571016
2019-09-24 22:36:07,972 [pool-107-thread-1] INFO  storage.RaftStorage (RaftStorage.java:format(72)) - Storage directory /workdir/hadoop-ozone/integration-test/target/test-dir/MiniOzoneClusterImpl-95732fd8-3d66-4978-936c-af465de6078a/datanode-8/data/ratis/fb61b146-fe7b-4416-bcfb-5bf99dcb0198 has been successfully formatted.
2019-09-24 22:36:07,973 [pool-107-thread-1] INFO  ratis.ContainerStateMachine (ContainerStateMachine.java:loadSnapshot(230)) - group-5BF99DCB0198: The snapshot info is null. Setting the last applied indexto:(t:0, i:~)
2019-09-24 22:36:07,973 [pool-107-thread-1] INFO  server.RaftServerConfigKeys (ConfUtils.java:logGet(43)) - raft.server.notification.no-leader.timeout = 120s (custom)
2019-09-24 22:36:07,973 [pool-107-thread-1] INFO  server.RaftServerConfigKeys (ConfUtils.java:logGet(43)) - raft.server.log.use.memory = false (default)
2019-09-24 22:36:07,973 [pool-107-thread-1] INFO  server.RaftServerConfigKeys (ConfUtils.java:logGet(43)) - raft.server.log.purge.gap = 1000000 (custom)
2019-09-24 22:36:07,973 [pool-107-thread-1] INFO  server.RaftServerConfigKeys (ConfUtils.java:logGet(43)) - raft.server.log.appender.buffer.byte-limit = 33554432 (custom)
2019-09-24 22:36:07,974 [pool-107-thread-1] INFO  server.RaftServerConfigKeys (ConfUtils.java:logGet(43)) - raft.server.log.segment.size.max = 1048576 (custom)
2019-09-24 22:36:07,974 [pool-107-thread-1] INFO  server.RaftServerConfigKeys (ConfUtils.java:logGet(43)) - raft.server.log.segment.cache.num.max = 2 (custom)
2019-09-24 22:36:07,974 [pool-107-thread-1] INFO  segmented.SegmentedRaftLogWorker (SegmentedRaftLogWorker.java:<init>(172)) - new 21c95cdb-d9ea-42ca-a1c8-516e3611f91d@group-5BF99DCB0198-SegmentedRaftLogWorker for RaftStorage:Storage Directory /workdir/hadoop-ozone/integration-test/target/test-dir/MiniOzoneClusterImpl-95732fd8-3d66-4978-936c-af465de6078a/datanode-8/data/ratis/fb61b146-fe7b-4416-bcfb-5bf99dcb0198
2019-09-24 22:36:07,978 [pool-107-thread-1] INFO  server.RaftServerConfigKeys (ConfUtils.java:logGet(43)) - raft.server.log.queue.byte-limit = 2147483647 (custom)
2019-09-24 22:36:07,978 [pool-107-thread-1] INFO  server.RaftServerConfigKeys (ConfUtils.java:logGet(43)) - raft.server.log.queue.element-limit = 1024 (custom)
2019-09-24 22:36:07,979 [pool-107-thread-1] INFO  server.RaftServerConfigKeys (ConfUtils.java:logGet(43)) - raft.server.log.segment.size.max = 1048576 (custom)
2019-09-24 22:36:07,979 [pool-107-thread-1] INFO  server.RaftServerConfigKeys (ConfUtils.java:logGet(43)) - raft.server.log.preallocated.size = 16384 (custom)
2019-09-24 22:36:07,979 [pool-107-thread-1] INFO  server.RaftServerConfigKeys (ConfUtils.java:logGet(43)) - raft.server.log.write.buffer.size = 33554432 (custom)
2019-09-24 22:36:07,979 [pool-107-thread-1] INFO  server.RaftServerConfigKeys (ConfUtils.java:logGet(43)) - raft.server.log.force.sync.num = 128 (default)
2019-09-24 22:36:07,979 [pool-107-thread-1] INFO  server.RaftServerConfigKeys (ConfUtils.java:logGet(43)) - raft.server.log.statemachine.data.sync = true (default)
2019-09-24 22:36:07,979 [pool-107-thread-1] INFO  server.RaftServerConfigKeys (ConfUtils.java:logGet(43)) - raft.server.log.statemachine.data.sync.timeout = 10s (default)
2019-09-24 22:36:07,980 [pool-107-thread-1] INFO  server.RaftServerConfigKeys (ConfUtils.java:logGet(43)) - raft.server.log.statemachine.data.sync.timeout.retry = -1 (default)
2019-09-24 22:36:07,980 [pool-107-thread-1] INFO  server.RaftServerConfigKeys (ConfUtils.java:logGet(43)) - raft.server.log.statemachine.data.caching.enabled = true (custom)
2019-09-24 22:36:07,980 [pool-107-thread-1] INFO  segmented.SegmentedRaftLogWorker (SegmentedRaftLogWorker.java:lambda$new$0(132)) - 21c95cdb-d9ea-42ca-a1c8-516e3611f91d@group-5BF99DCB0198-SegmentedRaftLogWorker: flushIndex: setUnconditionally 0 -> -1
2019-09-24 22:36:07,981 [pool-107-thread-1] INFO  server.RaftServerConfigKeys (ConfUtils.java:logGet(43)) - raft.server.snapshot.auto.trigger.enabled = true (custom)
2019-09-24 22:36:07,981 [pool-107-thread-1] INFO  server.RaftServerConfigKeys (ConfUtils.java:logGet(43)) - raft.server.snapshot.auto.trigger.threshold = 10000 (custom)
2019-09-24 22:36:07,981 [pool-107-thread-1] INFO  server.RaftServerConfigKeys (ConfUtils.java:logGet(43)) - raft.server.snapshot.retention.num.files = 5 (custom)
2019-09-24 22:36:07,981 [pool-107-thread-1] INFO  server.RaftServerConfigKeys (ConfUtils.java:logGet(43)) - raft.server.retrycache.expirytime = 600000ms (custom)
2019-09-24 22:36:07,986 [pool-107-thread-1] INFO  impl.RaftServerImpl (RaftServerImpl.java:start(185)) - 21c95cdb-d9ea-42ca-a1c8-516e3611f91d@group-5BF99DCB0198: start as a follower, conf=-1: [21c95cdb-d9ea-42ca-a1c8-516e3611f91d:192.168.151.66:39006], old=null
2019-09-24 22:36:07,986 [pool-107-thread-1] INFO  impl.RaftServerImpl (RaftServerImpl.java:setRole(174)) - 21c95cdb-d9ea-42ca-a1c8-516e3611f91d@group-5BF99DCB0198: changes role from      null to FOLLOWER at term 0 for startAsFollower
2019-09-24 22:36:07,986 [pool-107-thread-1] INFO  impl.RoleInfo (RoleInfo.java:updateAndGet(143)) - 21c95cdb-d9ea-42ca-a1c8-516e3611f91d: start FollowerState
2019-09-24 22:36:07,987 [pool-107-thread-1] INFO  util.JmxRegister (JmxRegister.java:tryRegister(44)) - Successfully registered JMX Bean with object name Ratis:service=RaftServer,group=group-5BF99DCB0198,id=21c95cdb-d9ea-42ca-a1c8-516e3611f91d
2019-09-24 22:36:08,002 [RatisPipelineUtilsThread] INFO  pipeline.PipelineStateManager (PipelineStateManager.java:addPipeline(56)) - Created pipeline Pipeline[ Id: fb61b146-fe7b-4416-bcfb-5bf99dcb0198, Nodes: 21c95cdb-d9ea-42ca-a1c8-516e3611f91d{ip: 192.168.151.66, host: pr-hdds-2162-v2v4x-1150571016, networkLocation: /default-rack, certSerialId: null}, Type:RATIS, Factor:ONE, State:OPEN]
2019-09-24 22:36:08,024 [grpc-default-executor-0] INFO  impl.RaftServerProxy (RaftServerProxy.java:addNew(89)) - d1d412fa-610f-4a7d-9756-a1129e219702: addNew group-0ABDAE7C4B6F:[d1d412fa-610f-4a7d-9756-a1129e219702:192.168.151.66:40539] returns group-0ABDAE7C4B6F:java.util.concurrent.CompletableFuture@991a33[Not completed]
2019-09-24 22:36:08,030 [pool-37-thread-1] INFO  impl.RaftServerImpl (RaftServerImpl.java:<init>(95)) - d1d412fa-610f-4a7d-9756-a1129e219702: new RaftServerImpl for group-0ABDAE7C4B6F:[d1d412fa-610f-4a7d-9756-a1129e219702:192.168.151.66:40539] with ContainerStateMachine:uninitialized
2019-09-24 22:36:08,030 [pool-37-thread-1] INFO  server.RaftServerConfigKeys (ConfUtils.java:logGet(43)) - raft.server.rpc.timeout.min = 5s (custom)
2019-09-24 22:36:08,030 [pool-37-thread-1] INFO  server.RaftServerConfigKeys (ConfUtils.java:logGet(43)) - raft.server.rpc.timeout.max = 5200ms (custom)
2019-09-24 22:36:08,030 [pool-37-thread-1] INFO  server.RaftServerConfigKeys (ConfUtils.java:logGet(43)) - raft.server.rpcslowness.timeout = 120s (custom)
2019-09-24 22:36:08,030 [pool-37-thread-1] INFO  server.RaftServerConfigKeys (ConfUtils.java:logGet(43)) - raft.server.sleep.deviation.threshold = 300 (default)
2019-09-24 22:36:08,030 [pool-37-thread-1] INFO  server.RaftServerConfigKeys (ConfUtils.java:logGet(43)) - raft.server.log.appender.install.snapshot.enabled = false (custom)
2019-09-24 22:36:08,030 [pool-37-thread-1] INFO  impl.RaftServerImpl (ServerState.java:<init>(103)) - d1d412fa-610f-4a7d-9756-a1129e219702@group-0ABDAE7C4B6F: ConfigurationManager, init=-1: [d1d412fa-610f-4a7d-9756-a1129e219702:192.168.151.66:40539], old=null, confs=<EMPTY_MAP>
2019-09-24 22:36:08,031 [pool-37-thread-1] INFO  server.RaftServerConfigKeys (ConfUtils.java:logGet(43)) - raft.server.storage.dir = [/workdir/hadoop-ozone/integration-test/target/test-dir/MiniOzoneClusterImpl-95732fd8-3d66-4978-936c-af465de6078a/datanode-1/data/ratis] (custom)
2019-09-24 22:36:08,031 [pool-37-thread-1] INFO  storage.RaftStorageDirectory (RaftStorageDirectory.java:analyzeStorage(246)) - The storage directory /workdir/hadoop-ozone/integration-test/target/test-dir/MiniOzoneClusterImpl-95732fd8-3d66-4978-936c-af465de6078a/datanode-1/data/ratis/008393b4-6e50-4067-94b0-0abdae7c4b6f does not exist. Creating ...
2019-09-24 22:36:08,044 [pool-37-thread-1] INFO  storage.RaftStorageDirectory (RaftStorageDirectory.java:tryLock(328)) - Lock on /workdir/hadoop-ozone/integration-test/target/test-dir/MiniOzoneClusterImpl-95732fd8-3d66-4978-936c-af465de6078a/datanode-1/data/ratis/008393b4-6e50-4067-94b0-0abdae7c4b6f/in_use.lock acquired by nodename 27548@pr-hdds-2162-v2v4x-1150571016
2019-09-24 22:36:08,057 [pool-37-thread-1] INFO  storage.RaftStorage (RaftStorage.java:format(72)) - Storage directory /workdir/hadoop-ozone/integration-test/target/test-dir/MiniOzoneClusterImpl-95732fd8-3d66-4978-936c-af465de6078a/datanode-1/data/ratis/008393b4-6e50-4067-94b0-0abdae7c4b6f has been successfully formatted.
2019-09-24 22:36:08,057 [pool-37-thread-1] INFO  ratis.ContainerStateMachine (ContainerStateMachine.java:loadSnapshot(230)) - group-0ABDAE7C4B6F: The snapshot info is null. Setting the last applied indexto:(t:0, i:~)
2019-09-24 22:36:08,057 [pool-37-thread-1] INFO  server.RaftServerConfigKeys (ConfUtils.java:logGet(43)) - raft.server.notification.no-leader.timeout = 120s (custom)
2019-09-24 22:36:08,057 [pool-37-thread-1] INFO  server.RaftServerConfigKeys (ConfUtils.java:logGet(43)) - raft.server.log.use.memory = false (default)
2019-09-24 22:36:08,057 [pool-37-thread-1] INFO  server.RaftServerConfigKeys (ConfUtils.java:logGet(43)) - raft.server.log.purge.gap = 1000000 (custom)
2019-09-24 22:36:08,058 [pool-37-thread-1] INFO  server.RaftServerConfigKeys (ConfUtils.java:logGet(43)) - raft.server.log.appender.buffer.byte-limit = 33554432 (custom)
2019-09-24 22:36:08,058 [pool-37-thread-1] INFO  server.RaftServerConfigKeys (ConfUtils.java:logGet(43)) - raft.server.log.segment.size.max = 1048576 (custom)
2019-09-24 22:36:08,058 [pool-37-thread-1] INFO  server.RaftServerConfigKeys (ConfUtils.java:logGet(43)) - raft.server.log.segment.cache.num.max = 2 (custom)
2019-09-24 22:36:08,058 [pool-37-thread-1] INFO  segmented.SegmentedRaftLogWorker (SegmentedRaftLogWorker.java:<init>(172)) - new d1d412fa-610f-4a7d-9756-a1129e219702@group-0ABDAE7C4B6F-SegmentedRaftLogWorker for RaftStorage:Storage Directory /workdir/hadoop-ozone/integration-test/target/test-dir/MiniOzoneClusterImpl-95732fd8-3d66-4978-936c-af465de6078a/datanode-1/data/ratis/008393b4-6e50-4067-94b0-0abdae7c4b6f
2019-09-24 22:36:08,119 [main] INFO  ozone.MiniOzoneClusterImpl (MiniOzoneClusterImpl.java:lambda$waitForClusterToBeReady$0(147)) - Cluster is ready. Got 10 of 10 DN Heartbeats.
2019-09-24 22:36:08,120 [pool-37-thread-1] INFO  server.RaftServerConfigKeys (ConfUtils.java:logGet(43)) - raft.server.log.queue.byte-limit = 2147483647 (custom)
2019-09-24 22:36:08,120 [pool-37-thread-1] INFO  server.RaftServerConfigKeys (ConfUtils.java:logGet(43)) - raft.server.log.queue.element-limit = 1024 (custom)
2019-09-24 22:36:08,120 [pool-37-thread-1] INFO  server.RaftServerConfigKeys (ConfUtils.java:logGet(43)) - raft.server.log.segment.size.max = 1048576 (custom)
2019-09-24 22:36:08,121 [pool-37-thread-1] INFO  server.RaftServerConfigKeys (ConfUtils.java:logGet(43)) - raft.server.log.preallocated.size = 16384 (custom)
2019-09-24 22:36:08,121 [pool-37-thread-1] INFO  server.RaftServerConfigKeys (ConfUtils.java:logGet(43)) - raft.server.log.write.buffer.size = 33554432 (custom)
2019-09-24 22:36:08,121 [pool-37-thread-1] INFO  server.RaftServerConfigKeys (ConfUtils.java:logGet(43)) - raft.server.log.force.sync.num = 128 (default)
2019-09-24 22:36:08,121 [pool-37-thread-1] INFO  server.RaftServerConfigKeys (ConfUtils.java:logGet(43)) - raft.server.log.statemachine.data.sync = true (default)
2019-09-24 22:36:08,121 [pool-37-thread-1] INFO  server.RaftServerConfigKeys (ConfUtils.java:logGet(43)) - raft.server.log.statemachine.data.sync.timeout = 10s (default)
2019-09-24 22:36:08,122 [pool-37-thread-1] INFO  server.RaftServerConfigKeys (ConfUtils.java:logGet(43)) - raft.server.log.statemachine.data.sync.timeout.retry = -1 (default)
2019-09-24 22:36:08,122 [pool-37-thread-1] INFO  server.RaftServerConfigKeys (ConfUtils.java:logGet(43)) - raft.server.log.statemachine.data.caching.enabled = true (custom)
2019-09-24 22:36:08,123 [pool-37-thread-1] INFO  segmented.SegmentedRaftLogWorker (SegmentedRaftLogWorker.java:lambda$new$0(132)) - d1d412fa-610f-4a7d-9756-a1129e219702@group-0ABDAE7C4B6F-SegmentedRaftLogWorker: flushIndex: setUnconditionally 0 -> -1
2019-09-24 22:36:08,123 [pool-37-thread-1] INFO  server.RaftServerConfigKeys (ConfUtils.java:logGet(43)) - raft.server.snapshot.auto.trigger.enabled = true (custom)
2019-09-24 22:36:08,123 [pool-37-thread-1] INFO  server.RaftServerConfigKeys (ConfUtils.java:logGet(43)) - raft.server.snapshot.auto.trigger.threshold = 10000 (custom)
2019-09-24 22:36:08,123 [pool-37-thread-1] INFO  server.RaftServerConfigKeys (ConfUtils.java:logGet(43)) - raft.server.snapshot.retention.num.files = 5 (custom)
2019-09-24 22:36:08,124 [pool-37-thread-1] INFO  server.RaftServerConfigKeys (ConfUtils.java:logGet(43)) - raft.server.retrycache.expirytime = 600000ms (custom)
2019-09-24 22:36:08,190 [pool-37-thread-1] INFO  impl.RaftServerImpl (RaftServerImpl.java:start(185)) - d1d412fa-610f-4a7d-9756-a1129e219702@group-0ABDAE7C4B6F: start as a follower, conf=-1: [d1d412fa-610f-4a7d-9756-a1129e219702:192.168.151.66:40539], old=null
2019-09-24 22:36:08,190 [pool-37-thread-1] INFO  impl.RaftServerImpl (RaftServerImpl.java:setRole(174)) - d1d412fa-610f-4a7d-9756-a1129e219702@group-0ABDAE7C4B6F: changes role from      null to FOLLOWER at term 0 for startAsFollower
2019-09-24 22:36:08,190 [pool-37-thread-1] INFO  impl.RoleInfo (RoleInfo.java:updateAndGet(143)) - d1d412fa-610f-4a7d-9756-a1129e219702: start FollowerState
2019-09-24 22:36:08,193 [pool-37-thread-1] INFO  util.JmxRegister (JmxRegister.java:tryRegister(44)) - Successfully registered JMX Bean with object name Ratis:service=RaftServer,group=group-0ABDAE7C4B6F,id=d1d412fa-610f-4a7d-9756-a1129e219702
2019-09-24 22:36:08,213 [RatisPipelineUtilsThread] INFO  pipeline.PipelineStateManager (PipelineStateManager.java:addPipeline(56)) - Created pipeline Pipeline[ Id: 008393b4-6e50-4067-94b0-0abdae7c4b6f, Nodes: d1d412fa-610f-4a7d-9756-a1129e219702{ip: 192.168.151.66, host: pr-hdds-2162-v2v4x-1150571016, networkLocation: /default-rack, certSerialId: null}, Type:RATIS, Factor:ONE, State:OPEN]
2019-09-24 22:36:08,231 [grpc-default-executor-0] INFO  impl.RaftServerProxy (RaftServerProxy.java:addNew(89)) - 5bc73eaa-12d0-4a96-a0e8-4b461f9d9ac4: addNew group-6D05416DD689:[5bc73eaa-12d0-4a96-a0e8-4b461f9d9ac4:192.168.151.66:33216] returns group-6D05416DD689:java.util.concurrent.CompletableFuture@4e8585b0[Not completed]
2019-09-24 22:36:08,237 [pool-57-thread-1] INFO  impl.RaftServerImpl (RaftServerImpl.java:<init>(95)) - 5bc73eaa-12d0-4a96-a0e8-4b461f9d9ac4: new RaftServerImpl for group-6D05416DD689:[5bc73eaa-12d0-4a96-a0e8-4b461f9d9ac4:192.168.151.66:33216] with ContainerStateMachine:uninitialized
2019-09-24 22:36:08,237 [pool-57-thread-1] INFO  server.RaftServerConfigKeys (ConfUtils.java:logGet(43)) - raft.server.rpc.timeout.min = 5s (custom)
2019-09-24 22:36:08,237 [pool-57-thread-1] INFO  server.RaftServerConfigKeys (ConfUtils.java:logGet(43)) - raft.server.rpc.timeout.max = 5200ms (custom)
2019-09-24 22:36:08,238 [pool-57-thread-1] INFO  server.RaftServerConfigKeys (ConfUtils.java:logGet(43)) - raft.server.rpcslowness.timeout = 120s (custom)
2019-09-24 22:36:08,238 [pool-57-thread-1] INFO  server.RaftServerConfigKeys (ConfUtils.java:logGet(43)) - raft.server.sleep.deviation.threshold = 300 (default)
2019-09-24 22:36:08,238 [pool-57-thread-1] INFO  server.RaftServerConfigKeys (ConfUtils.java:logGet(43)) - raft.server.log.appender.install.snapshot.enabled = false (custom)
2019-09-24 22:36:08,238 [pool-57-thread-1] INFO  impl.RaftServerImpl (ServerState.java:<init>(103)) - 5bc73eaa-12d0-4a96-a0e8-4b461f9d9ac4@group-6D05416DD689: ConfigurationManager, init=-1: [5bc73eaa-12d0-4a96-a0e8-4b461f9d9ac4:192.168.151.66:33216], old=null, confs=<EMPTY_MAP>
2019-09-24 22:36:08,239 [pool-57-thread-1] INFO  server.RaftServerConfigKeys (ConfUtils.java:logGet(43)) - raft.server.storage.dir = [/workdir/hadoop-ozone/integration-test/target/test-dir/MiniOzoneClusterImpl-95732fd8-3d66-4978-936c-af465de6078a/datanode-3/data/ratis] (custom)
2019-09-24 22:36:08,239 [pool-57-thread-1] INFO  storage.RaftStorageDirectory (RaftStorageDirectory.java:analyzeStorage(246)) - The storage directory /workdir/hadoop-ozone/integration-test/target/test-dir/MiniOzoneClusterImpl-95732fd8-3d66-4978-936c-af465de6078a/datanode-3/data/ratis/11872352-fb38-4e78-acae-6d05416dd689 does not exist. Creating ...
2019-09-24 22:36:08,265 [pool-57-thread-1] INFO  storage.RaftStorageDirectory (RaftStorageDirectory.java:tryLock(328)) - Lock on /workdir/hadoop-ozone/integration-test/target/test-dir/MiniOzoneClusterImpl-95732fd8-3d66-4978-936c-af465de6078a/datanode-3/data/ratis/11872352-fb38-4e78-acae-6d05416dd689/in_use.lock acquired by nodename 27548@pr-hdds-2162-v2v4x-1150571016
2019-09-24 22:36:08,278 [pool-57-thread-1] INFO  storage.RaftStorage (RaftStorage.java:format(72)) - Storage directory /workdir/hadoop-ozone/integration-test/target/test-dir/MiniOzoneClusterImpl-95732fd8-3d66-4978-936c-af465de6078a/datanode-3/data/ratis/11872352-fb38-4e78-acae-6d05416dd689 has been successfully formatted.
2019-09-24 22:36:08,279 [pool-57-thread-1] INFO  ratis.ContainerStateMachine (ContainerStateMachine.java:loadSnapshot(230)) - group-6D05416DD689: The snapshot info is null. Setting the last applied indexto:(t:0, i:~)
2019-09-24 22:36:08,279 [pool-57-thread-1] INFO  server.RaftServerConfigKeys (ConfUtils.java:logGet(43)) - raft.server.notification.no-leader.timeout = 120s (custom)
2019-09-24 22:36:08,279 [pool-57-thread-1] INFO  server.RaftServerConfigKeys (ConfUtils.java:logGet(43)) - raft.server.log.use.memory = false (default)
2019-09-24 22:36:08,279 [pool-57-thread-1] INFO  server.RaftServerConfigKeys (ConfUtils.java:logGet(43)) - raft.server.log.purge.gap = 1000000 (custom)
2019-09-24 22:36:08,279 [pool-57-thread-1] INFO  server.RaftServerConfigKeys (ConfUtils.java:logGet(43)) - raft.server.log.appender.buffer.byte-limit = 33554432 (custom)
2019-09-24 22:36:08,280 [pool-57-thread-1] INFO  server.RaftServerConfigKeys (ConfUtils.java:logGet(43)) - raft.server.log.segment.size.max = 1048576 (custom)
2019-09-24 22:36:08,280 [pool-57-thread-1] INFO  server.RaftServerConfigKeys (ConfUtils.java:logGet(43)) - raft.server.log.segment.cache.num.max = 2 (custom)
2019-09-24 22:36:08,280 [pool-57-thread-1] INFO  segmented.SegmentedRaftLogWorker (SegmentedRaftLogWorker.java:<init>(172)) - new 5bc73eaa-12d0-4a96-a0e8-4b461f9d9ac4@group-6D05416DD689-SegmentedRaftLogWorker for RaftStorage:Storage Directory /workdir/hadoop-ozone/integration-test/target/test-dir/MiniOzoneClusterImpl-95732fd8-3d66-4978-936c-af465de6078a/datanode-3/data/ratis/11872352-fb38-4e78-acae-6d05416dd689
2019-09-24 22:36:08,283 [pool-57-thread-1] INFO  server.RaftServerConfigKeys (ConfUtils.java:logGet(43)) - raft.server.log.queue.byte-limit = 2147483647 (custom)
2019-09-24 22:36:08,283 [pool-57-thread-1] INFO  server.RaftServerConfigKeys (ConfUtils.java:logGet(43)) - raft.server.log.queue.element-limit = 1024 (custom)
2019-09-24 22:36:08,284 [pool-57-thread-1] INFO  server.RaftServerConfigKeys (ConfUtils.java:logGet(43)) - raft.server.log.segment.size.max = 1048576 (custom)
2019-09-24 22:36:08,284 [pool-57-thread-1] INFO  server.RaftServerConfigKeys (ConfUtils.java:logGet(43)) - raft.server.log.preallocated.size = 16384 (custom)
2019-09-24 22:36:08,284 [pool-57-thread-1] INFO  server.RaftServerConfigKeys (ConfUtils.java:logGet(43)) - raft.server.log.write.buffer.size = 33554432 (custom)
2019-09-24 22:36:08,284 [pool-57-thread-1] INFO  server.RaftServerConfigKeys (ConfUtils.java:logGet(43)) - raft.server.log.force.sync.num = 128 (default)
2019-09-24 22:36:08,284 [pool-57-thread-1] INFO  server.RaftServerConfigKeys (ConfUtils.java:logGet(43)) - raft.server.log.statemachine.data.sync = true (default)
2019-09-24 22:36:08,285 [pool-57-thread-1] INFO  server.RaftServerConfigKeys (ConfUtils.java:logGet(43)) - raft.server.log.statemachine.data.sync.timeout = 10s (default)
2019-09-24 22:36:08,285 [pool-57-thread-1] INFO  server.RaftServerConfigKeys (ConfUtils.java:logGet(43)) - raft.server.log.statemachine.data.sync.timeout.retry = -1 (default)
2019-09-24 22:36:08,285 [pool-57-thread-1] INFO  server.RaftServerConfigKeys (ConfUtils.java:logGet(43)) - raft.server.log.statemachine.data.caching.enabled = true (custom)
2019-09-24 22:36:08,285 [pool-57-thread-1] INFO  segmented.SegmentedRaftLogWorker (SegmentedRaftLogWorker.java:lambda$new$0(132)) - 5bc73eaa-12d0-4a96-a0e8-4b461f9d9ac4@group-6D05416DD689-SegmentedRaftLogWorker: flushIndex: setUnconditionally 0 -> -1
2019-09-24 22:36:08,286 [pool-57-thread-1] INFO  server.RaftServerConfigKeys (ConfUtils.java:logGet(43)) - raft.server.snapshot.auto.trigger.enabled = true (custom)
2019-09-24 22:36:08,286 [pool-57-thread-1] INFO  server.RaftServerConfigKeys (ConfUtils.java:logGet(43)) - raft.server.snapshot.auto.trigger.threshold = 10000 (custom)
2019-09-24 22:36:08,286 [pool-57-thread-1] INFO  server.RaftServerConfigKeys (ConfUtils.java:logGet(43)) - raft.server.snapshot.retention.num.files = 5 (custom)
2019-09-24 22:36:08,286 [pool-57-thread-1] INFO  server.RaftServerConfigKeys (ConfUtils.java:logGet(43)) - raft.server.retrycache.expirytime = 600000ms (custom)
2019-09-24 22:36:08,289 [pool-57-thread-1] INFO  impl.RaftServerImpl (RaftServerImpl.java:start(185)) - 5bc73eaa-12d0-4a96-a0e8-4b461f9d9ac4@group-6D05416DD689: start as a follower, conf=-1: [5bc73eaa-12d0-4a96-a0e8-4b461f9d9ac4:192.168.151.66:33216], old=null
2019-09-24 22:36:08,289 [pool-57-thread-1] INFO  impl.RaftServerImpl (RaftServerImpl.java:setRole(174)) - 5bc73eaa-12d0-4a96-a0e8-4b461f9d9ac4@group-6D05416DD689: changes role from      null to FOLLOWER at term 0 for startAsFollower
2019-09-24 22:36:08,290 [pool-57-thread-1] INFO  impl.RoleInfo (RoleInfo.java:updateAndGet(143)) - 5bc73eaa-12d0-4a96-a0e8-4b461f9d9ac4: start FollowerState
2019-09-24 22:36:08,290 [pool-57-thread-1] INFO  util.JmxRegister (JmxRegister.java:tryRegister(44)) - Successfully registered JMX Bean with object name Ratis:service=RaftServer,group=group-6D05416DD689,id=5bc73eaa-12d0-4a96-a0e8-4b461f9d9ac4
2019-09-24 22:36:08,304 [RatisPipelineUtilsThread] INFO  pipeline.PipelineStateManager (PipelineStateManager.java:addPipeline(56)) - Created pipeline Pipeline[ Id: 11872352-fb38-4e78-acae-6d05416dd689, Nodes: 5bc73eaa-12d0-4a96-a0e8-4b461f9d9ac4{ip: 192.168.151.66, host: pr-hdds-2162-v2v4x-1150571016, networkLocation: /default-rack, certSerialId: null}, Type:RATIS, Factor:ONE, State:OPEN]
2019-09-24 22:36:08,326 [grpc-default-executor-0] INFO  impl.RaftServerProxy (RaftServerProxy.java:addNew(89)) - fe8f780e-0bc6-4afd-b8a0-025a86d6d1c8: addNew group-F8FCE65BC555:[fe8f780e-0bc6-4afd-b8a0-025a86d6d1c8:192.168.151.66:39079] returns group-F8FCE65BC555:java.util.concurrent.CompletableFuture@73f7ad46[Not completed]
2019-09-24 22:36:08,331 [pool-77-thread-1] INFO  impl.RaftServerImpl (RaftServerImpl.java:<init>(95)) - fe8f780e-0bc6-4afd-b8a0-025a86d6d1c8: new RaftServerImpl for group-F8FCE65BC555:[fe8f780e-0bc6-4afd-b8a0-025a86d6d1c8:192.168.151.66:39079] with ContainerStateMachine:uninitialized
2019-09-24 22:36:08,331 [pool-77-thread-1] INFO  server.RaftServerConfigKeys (ConfUtils.java:logGet(43)) - raft.server.rpc.timeout.min = 5s (custom)
2019-09-24 22:36:08,331 [pool-77-thread-1] INFO  server.RaftServerConfigKeys (ConfUtils.java:logGet(43)) - raft.server.rpc.timeout.max = 5200ms (custom)
2019-09-24 22:36:08,331 [pool-77-thread-1] INFO  server.RaftServerConfigKeys (ConfUtils.java:logGet(43)) - raft.server.rpcslowness.timeout = 120s (custom)
2019-09-24 22:36:08,331 [pool-77-thread-1] INFO  server.RaftServerConfigKeys (ConfUtils.java:logGet(43)) - raft.server.sleep.deviation.threshold = 300 (default)
2019-09-24 22:36:08,332 [pool-77-thread-1] INFO  server.RaftServerConfigKeys (ConfUtils.java:logGet(43)) - raft.server.log.appender.install.snapshot.enabled = false (custom)
2019-09-24 22:36:08,332 [pool-77-thread-1] INFO  impl.RaftServerImpl (ServerState.java:<init>(103)) - fe8f780e-0bc6-4afd-b8a0-025a86d6d1c8@group-F8FCE65BC555: ConfigurationManager, init=-1: [fe8f780e-0bc6-4afd-b8a0-025a86d6d1c8:192.168.151.66:39079], old=null, confs=<EMPTY_MAP>
2019-09-24 22:36:08,332 [pool-77-thread-1] INFO  server.RaftServerConfigKeys (ConfUtils.java:logGet(43)) - raft.server.storage.dir = [/workdir/hadoop-ozone/integration-test/target/test-dir/MiniOzoneClusterImpl-95732fd8-3d66-4978-936c-af465de6078a/datanode-5/data/ratis] (custom)
2019-09-24 22:36:08,332 [pool-77-thread-1] INFO  storage.RaftStorageDirectory (RaftStorageDirectory.java:analyzeStorage(246)) - The storage directory /workdir/hadoop-ozone/integration-test/target/test-dir/MiniOzoneClusterImpl-95732fd8-3d66-4978-936c-af465de6078a/datanode-5/data/ratis/360bd669-3af0-4a07-b2dc-f8fce65bc555 does not exist. Creating ...
2019-09-24 22:36:08,345 [pool-77-thread-1] INFO  storage.RaftStorageDirectory (RaftStorageDirectory.java:tryLock(328)) - Lock on /workdir/hadoop-ozone/integration-test/target/test-dir/MiniOzoneClusterImpl-95732fd8-3d66-4978-936c-af465de6078a/datanode-5/data/ratis/360bd669-3af0-4a07-b2dc-f8fce65bc555/in_use.lock acquired by nodename 27548@pr-hdds-2162-v2v4x-1150571016
2019-09-24 22:36:08,358 [pool-77-thread-1] INFO  storage.RaftStorage (RaftStorage.java:format(72)) - Storage directory /workdir/hadoop-ozone/integration-test/target/test-dir/MiniOzoneClusterImpl-95732fd8-3d66-4978-936c-af465de6078a/datanode-5/data/ratis/360bd669-3af0-4a07-b2dc-f8fce65bc555 has been successfully formatted.
2019-09-24 22:36:08,358 [pool-77-thread-1] INFO  ratis.ContainerStateMachine (ContainerStateMachine.java:loadSnapshot(230)) - group-F8FCE65BC555: The snapshot info is null. Setting the last applied indexto:(t:0, i:~)
2019-09-24 22:36:08,359 [pool-77-thread-1] INFO  server.RaftServerConfigKeys (ConfUtils.java:logGet(43)) - raft.server.notification.no-leader.timeout = 120s (custom)
2019-09-24 22:36:08,359 [pool-77-thread-1] INFO  server.RaftServerConfigKeys (ConfUtils.java:logGet(43)) - raft.server.log.use.memory = false (default)
2019-09-24 22:36:08,359 [pool-77-thread-1] INFO  server.RaftServerConfigKeys (ConfUtils.java:logGet(43)) - raft.server.log.purge.gap = 1000000 (custom)
2019-09-24 22:36:08,359 [pool-77-thread-1] INFO  server.RaftServerConfigKeys (ConfUtils.java:logGet(43)) - raft.server.log.appender.buffer.byte-limit = 33554432 (custom)
2019-09-24 22:36:08,359 [pool-77-thread-1] INFO  server.RaftServerConfigKeys (ConfUtils.java:logGet(43)) - raft.server.log.segment.size.max = 1048576 (custom)
2019-09-24 22:36:08,359 [pool-77-thread-1] INFO  server.RaftServerConfigKeys (ConfUtils.java:logGet(43)) - raft.server.log.segment.cache.num.max = 2 (custom)
2019-09-24 22:36:08,359 [pool-77-thread-1] INFO  segmented.SegmentedRaftLogWorker (SegmentedRaftLogWorker.java:<init>(172)) - new fe8f780e-0bc6-4afd-b8a0-025a86d6d1c8@group-F8FCE65BC555-SegmentedRaftLogWorker for RaftStorage:Storage Directory /workdir/hadoop-ozone/integration-test/target/test-dir/MiniOzoneClusterImpl-95732fd8-3d66-4978-936c-af465de6078a/datanode-5/data/ratis/360bd669-3af0-4a07-b2dc-f8fce65bc555
2019-09-24 22:36:08,362 [pool-77-thread-1] INFO  server.RaftServerConfigKeys (ConfUtils.java:logGet(43)) - raft.server.log.queue.byte-limit = 2147483647 (custom)
2019-09-24 22:36:08,362 [pool-77-thread-1] INFO  server.RaftServerConfigKeys (ConfUtils.java:logGet(43)) - raft.server.log.queue.element-limit = 1024 (custom)
2019-09-24 22:36:08,362 [pool-77-thread-1] INFO  server.RaftServerConfigKeys (ConfUtils.java:logGet(43)) - raft.server.log.segment.size.max = 1048576 (custom)
2019-09-24 22:36:08,362 [pool-77-thread-1] INFO  server.RaftServerConfigKeys (ConfUtils.java:logGet(43)) - raft.server.log.preallocated.size = 16384 (custom)
2019-09-24 22:36:08,362 [pool-77-thread-1] INFO  server.RaftServerConfigKeys (ConfUtils.java:logGet(43)) - raft.server.log.write.buffer.size = 33554432 (custom)
2019-09-24 22:36:08,362 [pool-77-thread-1] INFO  server.RaftServerConfigKeys (ConfUtils.java:logGet(43)) - raft.server.log.force.sync.num = 128 (default)
2019-09-24 22:36:08,363 [pool-77-thread-1] INFO  server.RaftServerConfigKeys (ConfUtils.java:logGet(43)) - raft.server.log.statemachine.data.sync = true (default)
2019-09-24 22:36:08,363 [pool-77-thread-1] INFO  server.RaftServerConfigKeys (ConfUtils.java:logGet(43)) - raft.server.log.statemachine.data.sync.timeout = 10s (default)
2019-09-24 22:36:08,363 [pool-77-thread-1] INFO  server.RaftServerConfigKeys (ConfUtils.java:logGet(43)) - raft.server.log.statemachine.data.sync.timeout.retry = -1 (default)
2019-09-24 22:36:08,363 [pool-77-thread-1] INFO  server.RaftServerConfigKeys (ConfUtils.java:logGet(43)) - raft.server.log.statemachine.data.caching.enabled = true (custom)
2019-09-24 22:36:08,363 [pool-77-thread-1] INFO  segmented.SegmentedRaftLogWorker (SegmentedRaftLogWorker.java:lambda$new$0(132)) - fe8f780e-0bc6-4afd-b8a0-025a86d6d1c8@group-F8FCE65BC555-SegmentedRaftLogWorker: flushIndex: setUnconditionally 0 -> -1
2019-09-24 22:36:08,364 [pool-77-thread-1] INFO  server.RaftServerConfigKeys (ConfUtils.java:logGet(43)) - raft.server.snapshot.auto.trigger.enabled = true (custom)
2019-09-24 22:36:08,364 [pool-77-thread-1] INFO  server.RaftServerConfigKeys (ConfUtils.java:logGet(43)) - raft.server.snapshot.auto.trigger.threshold = 10000 (custom)
2019-09-24 22:36:08,364 [pool-77-thread-1] INFO  server.RaftServerConfigKeys (ConfUtils.java:logGet(43)) - raft.server.snapshot.retention.num.files = 5 (custom)
2019-09-24 22:36:08,364 [pool-77-thread-1] INFO  server.RaftServerConfigKeys (ConfUtils.java:logGet(43)) - raft.server.retrycache.expirytime = 600000ms (custom)
2019-09-24 22:36:08,367 [pool-77-thread-1] INFO  impl.RaftServerImpl (RaftServerImpl.java:start(185)) - fe8f780e-0bc6-4afd-b8a0-025a86d6d1c8@group-F8FCE65BC555: start as a follower, conf=-1: [fe8f780e-0bc6-4afd-b8a0-025a86d6d1c8:192.168.151.66:39079], old=null
2019-09-24 22:36:08,367 [pool-77-thread-1] INFO  impl.RaftServerImpl (RaftServerImpl.java:setRole(174)) - fe8f780e-0bc6-4afd-b8a0-025a86d6d1c8@group-F8FCE65BC555: changes role from      null to FOLLOWER at term 0 for startAsFollower
2019-09-24 22:36:08,367 [pool-77-thread-1] INFO  impl.RoleInfo (RoleInfo.java:updateAndGet(143)) - fe8f780e-0bc6-4afd-b8a0-025a86d6d1c8: start FollowerState
2019-09-24 22:36:08,367 [pool-77-thread-1] INFO  util.JmxRegister (JmxRegister.java:tryRegister(44)) - Successfully registered JMX Bean with object name Ratis:service=RaftServer,group=group-F8FCE65BC555,id=fe8f780e-0bc6-4afd-b8a0-025a86d6d1c8
2019-09-24 22:36:08,381 [RatisPipelineUtilsThread] INFO  pipeline.PipelineStateManager (PipelineStateManager.java:addPipeline(56)) - Created pipeline Pipeline[ Id: 360bd669-3af0-4a07-b2dc-f8fce65bc555, Nodes: fe8f780e-0bc6-4afd-b8a0-025a86d6d1c8{ip: 192.168.151.66, host: pr-hdds-2162-v2v4x-1150571016, networkLocation: /default-rack, certSerialId: null}, Type:RATIS, Factor:ONE, State:OPEN]
2019-09-24 22:36:08,413 [grpc-default-executor-0] INFO  impl.RaftServerProxy (RaftServerProxy.java:addNew(89)) - e600257f-a92d-418f-8862-d602fe0582b6: addNew group-68422B9CB52C:[e600257f-a92d-418f-8862-d602fe0582b6:192.168.151.66:42621] returns group-68422B9CB52C:java.util.concurrent.CompletableFuture@2f7bbf0[Not completed]
2019-09-24 22:36:08,425 [pool-97-thread-1] INFO  impl.RaftServerImpl (RaftServerImpl.java:<init>(95)) - e600257f-a92d-418f-8862-d602fe0582b6: new RaftServerImpl for group-68422B9CB52C:[e600257f-a92d-418f-8862-d602fe0582b6:192.168.151.66:42621] with ContainerStateMachine:uninitialized
2019-09-24 22:36:08,425 [pool-97-thread-1] INFO  server.RaftServerConfigKeys (ConfUtils.java:logGet(43)) - raft.server.rpc.timeout.min = 5s (custom)
2019-09-24 22:36:08,425 [pool-97-thread-1] INFO  server.RaftServerConfigKeys (ConfUtils.java:logGet(43)) - raft.server.rpc.timeout.max = 5200ms (custom)
2019-09-24 22:36:08,426 [pool-97-thread-1] INFO  server.RaftServerConfigKeys (ConfUtils.java:logGet(43)) - raft.server.rpcslowness.timeout = 120s (custom)
2019-09-24 22:36:08,426 [pool-97-thread-1] INFO  server.RaftServerConfigKeys (ConfUtils.java:logGet(43)) - raft.server.sleep.deviation.threshold = 300 (default)
2019-09-24 22:36:08,426 [pool-97-thread-1] INFO  server.RaftServerConfigKeys (ConfUtils.java:logGet(43)) - raft.server.log.appender.install.snapshot.enabled = false (custom)
2019-09-24 22:36:08,426 [pool-97-thread-1] INFO  impl.RaftServerImpl (ServerState.java:<init>(103)) - e600257f-a92d-418f-8862-d602fe0582b6@group-68422B9CB52C: ConfigurationManager, init=-1: [e600257f-a92d-418f-8862-d602fe0582b6:192.168.151.66:42621], old=null, confs=<EMPTY_MAP>
2019-09-24 22:36:08,426 [pool-97-thread-1] INFO  server.RaftServerConfigKeys (ConfUtils.java:logGet(43)) - raft.server.storage.dir = [/workdir/hadoop-ozone/integration-test/target/test-dir/MiniOzoneClusterImpl-95732fd8-3d66-4978-936c-af465de6078a/datanode-7/data/ratis] (custom)
2019-09-24 22:36:08,427 [pool-97-thread-1] INFO  storage.RaftStorageDirectory (RaftStorageDirectory.java:analyzeStorage(246)) - The storage directory /workdir/hadoop-ozone/integration-test/target/test-dir/MiniOzoneClusterImpl-95732fd8-3d66-4978-936c-af465de6078a/datanode-7/data/ratis/006f7910-b02d-47b9-87ae-68422b9cb52c does not exist. Creating ...
2019-09-24 22:36:08,440 [pool-97-thread-1] INFO  storage.RaftStorageDirectory (RaftStorageDirectory.java:tryLock(328)) - Lock on /workdir/hadoop-ozone/integration-test/target/test-dir/MiniOzoneClusterImpl-95732fd8-3d66-4978-936c-af465de6078a/datanode-7/data/ratis/006f7910-b02d-47b9-87ae-68422b9cb52c/in_use.lock acquired by nodename 27548@pr-hdds-2162-v2v4x-1150571016
2019-09-24 22:36:08,467 [pool-97-thread-1] INFO  storage.RaftStorage (RaftStorage.java:format(72)) - Storage directory /workdir/hadoop-ozone/integration-test/target/test-dir/MiniOzoneClusterImpl-95732fd8-3d66-4978-936c-af465de6078a/datanode-7/data/ratis/006f7910-b02d-47b9-87ae-68422b9cb52c has been successfully formatted.
2019-09-24 22:36:08,468 [pool-97-thread-1] INFO  ratis.ContainerStateMachine (ContainerStateMachine.java:loadSnapshot(230)) - group-68422B9CB52C: The snapshot info is null. Setting the last applied indexto:(t:0, i:~)
2019-09-24 22:36:08,468 [pool-97-thread-1] INFO  server.RaftServerConfigKeys (ConfUtils.java:logGet(43)) - raft.server.notification.no-leader.timeout = 120s (custom)
2019-09-24 22:36:08,468 [pool-97-thread-1] INFO  server.RaftServerConfigKeys (ConfUtils.java:logGet(43)) - raft.server.log.use.memory = false (default)
2019-09-24 22:36:08,468 [pool-97-thread-1] INFO  server.RaftServerConfigKeys (ConfUtils.java:logGet(43)) - raft.server.log.purge.gap = 1000000 (custom)
2019-09-24 22:36:08,468 [pool-97-thread-1] INFO  server.RaftServerConfigKeys (ConfUtils.java:logGet(43)) - raft.server.log.appender.buffer.byte-limit = 33554432 (custom)
2019-09-24 22:36:08,468 [pool-97-thread-1] INFO  server.RaftServerConfigKeys (ConfUtils.java:logGet(43)) - raft.server.log.segment.size.max = 1048576 (custom)
2019-09-24 22:36:08,469 [pool-97-thread-1] INFO  server.RaftServerConfigKeys (ConfUtils.java:logGet(43)) - raft.server.log.segment.cache.num.max = 2 (custom)
2019-09-24 22:36:08,469 [pool-97-thread-1] INFO  segmented.SegmentedRaftLogWorker (SegmentedRaftLogWorker.java:<init>(172)) - new e600257f-a92d-418f-8862-d602fe0582b6@group-68422B9CB52C-SegmentedRaftLogWorker for RaftStorage:Storage Directory /workdir/hadoop-ozone/integration-test/target/test-dir/MiniOzoneClusterImpl-95732fd8-3d66-4978-936c-af465de6078a/datanode-7/data/ratis/006f7910-b02d-47b9-87ae-68422b9cb52c
2019-09-24 22:36:08,471 [pool-97-thread-1] INFO  server.RaftServerConfigKeys (ConfUtils.java:logGet(43)) - raft.server.log.queue.byte-limit = 2147483647 (custom)
2019-09-24 22:36:08,472 [pool-97-thread-1] INFO  server.RaftServerConfigKeys (ConfUtils.java:logGet(43)) - raft.server.log.queue.element-limit = 1024 (custom)
2019-09-24 22:36:08,472 [pool-97-thread-1] INFO  server.RaftServerConfigKeys (ConfUtils.java:logGet(43)) - raft.server.log.segment.size.max = 1048576 (custom)
2019-09-24 22:36:08,472 [pool-97-thread-1] INFO  server.RaftServerConfigKeys (ConfUtils.java:logGet(43)) - raft.server.log.preallocated.size = 16384 (custom)
2019-09-24 22:36:08,472 [pool-97-thread-1] INFO  server.RaftServerConfigKeys (ConfUtils.java:logGet(43)) - raft.server.log.write.buffer.size = 33554432 (custom)
2019-09-24 22:36:08,472 [pool-97-thread-1] INFO  server.RaftServerConfigKeys (ConfUtils.java:logGet(43)) - raft.server.log.force.sync.num = 128 (default)
2019-09-24 22:36:08,472 [pool-97-thread-1] INFO  server.RaftServerConfigKeys (ConfUtils.java:logGet(43)) - raft.server.log.statemachine.data.sync = true (default)
2019-09-24 22:36:08,473 [pool-97-thread-1] INFO  server.RaftServerConfigKeys (ConfUtils.java:logGet(43)) - raft.server.log.statemachine.data.sync.timeout = 10s (default)
2019-09-24 22:36:08,473 [pool-97-thread-1] INFO  server.RaftServerConfigKeys (ConfUtils.java:logGet(43)) - raft.server.log.statemachine.data.sync.timeout.retry = -1 (default)
2019-09-24 22:36:08,473 [pool-97-thread-1] INFO  server.RaftServerConfigKeys (ConfUtils.java:logGet(43)) - raft.server.log.statemachine.data.caching.enabled = true (custom)
2019-09-24 22:36:08,473 [pool-97-thread-1] INFO  segmented.SegmentedRaftLogWorker (SegmentedRaftLogWorker.java:lambda$new$0(132)) - e600257f-a92d-418f-8862-d602fe0582b6@group-68422B9CB52C-SegmentedRaftLogWorker: flushIndex: setUnconditionally 0 -> -1
2019-09-24 22:36:08,474 [pool-97-thread-1] INFO  server.RaftServerConfigKeys (ConfUtils.java:logGet(43)) - raft.server.snapshot.auto.trigger.enabled = true (custom)
2019-09-24 22:36:08,474 [pool-97-thread-1] INFO  server.RaftServerConfigKeys (ConfUtils.java:logGet(43)) - raft.server.snapshot.auto.trigger.threshold = 10000 (custom)
2019-09-24 22:36:08,474 [pool-97-thread-1] INFO  server.RaftServerConfigKeys (ConfUtils.java:logGet(43)) - raft.server.snapshot.retention.num.files = 5 (custom)
2019-09-24 22:36:08,474 [pool-97-thread-1] INFO  server.RaftServerConfigKeys (ConfUtils.java:logGet(43)) - raft.server.retrycache.expirytime = 600000ms (custom)
2019-09-24 22:36:08,479 [pool-97-thread-1] INFO  impl.RaftServerImpl (RaftServerImpl.java:start(185)) - e600257f-a92d-418f-8862-d602fe0582b6@group-68422B9CB52C: start as a follower, conf=-1: [e600257f-a92d-418f-8862-d602fe0582b6:192.168.151.66:42621], old=null
2019-09-24 22:36:08,479 [pool-97-thread-1] INFO  impl.RaftServerImpl (RaftServerImpl.java:setRole(174)) - e600257f-a92d-418f-8862-d602fe0582b6@group-68422B9CB52C: changes role from      null to FOLLOWER at term 0 for startAsFollower
2019-09-24 22:36:08,479 [pool-97-thread-1] INFO  impl.RoleInfo (RoleInfo.java:updateAndGet(143)) - e600257f-a92d-418f-8862-d602fe0582b6: start FollowerState
2019-09-24 22:36:08,480 [pool-97-thread-1] INFO  util.JmxRegister (JmxRegister.java:tryRegister(44)) - Successfully registered JMX Bean with object name Ratis:service=RaftServer,group=group-68422B9CB52C,id=e600257f-a92d-418f-8862-d602fe0582b6
2019-09-24 22:36:08,497 [RatisPipelineUtilsThread] INFO  pipeline.PipelineStateManager (PipelineStateManager.java:addPipeline(56)) - Created pipeline Pipeline[ Id: 006f7910-b02d-47b9-87ae-68422b9cb52c, Nodes: e600257f-a92d-418f-8862-d602fe0582b6{ip: 192.168.151.66, host: pr-hdds-2162-v2v4x-1150571016, networkLocation: /default-rack, certSerialId: null}, Type:RATIS, Factor:ONE, State:OPEN]
2019-09-24 22:36:08,538 [grpc-default-executor-2] INFO  impl.RaftServerProxy (RaftServerProxy.java:addNew(89)) - ba8da8c9-7047-42c0-b6d2-a7916db8a88b: addNew group-27691149BEE5:[ba8da8c9-7047-42c0-b6d2-a7916db8a88b:192.168.151.66:33065, 4ac78631-b199-4be1-a250-fa3c30279e20:192.168.151.66:46649, 937d00a5-df36-4851-a0be-3aaed9d3a7ec:192.168.151.66:33150] returns group-27691149BEE5:java.util.concurrent.CompletableFuture@1218418a[Not completed]
2019-09-24 22:36:08,540 [grpc-default-executor-0] INFO  impl.RaftServerProxy (RaftServerProxy.java:addNew(89)) - 937d00a5-df36-4851-a0be-3aaed9d3a7ec: addNew group-27691149BEE5:[ba8da8c9-7047-42c0-b6d2-a7916db8a88b:192.168.151.66:33065, 4ac78631-b199-4be1-a250-fa3c30279e20:192.168.151.66:46649, 937d00a5-df36-4851-a0be-3aaed9d3a7ec:192.168.151.66:33150] returns group-27691149BEE5:java.util.concurrent.CompletableFuture@35948d0a[Not completed]
2019-09-24 22:36:08,541 [grpc-default-executor-2] INFO  impl.RaftServerProxy (RaftServerProxy.java:addNew(89)) - 4ac78631-b199-4be1-a250-fa3c30279e20: addNew group-27691149BEE5:[ba8da8c9-7047-42c0-b6d2-a7916db8a88b:192.168.151.66:33065, 4ac78631-b199-4be1-a250-fa3c30279e20:192.168.151.66:46649, 937d00a5-df36-4851-a0be-3aaed9d3a7ec:192.168.151.66:33150] returns group-27691149BEE5:java.util.concurrent.CompletableFuture@571acdad[Not completed]
2019-09-24 22:36:08,542 [pool-67-thread-1] INFO  impl.RaftServerImpl (RaftServerImpl.java:<init>(95)) - ba8da8c9-7047-42c0-b6d2-a7916db8a88b: new RaftServerImpl for group-27691149BEE5:[ba8da8c9-7047-42c0-b6d2-a7916db8a88b:192.168.151.66:33065, 4ac78631-b199-4be1-a250-fa3c30279e20:192.168.151.66:46649, 937d00a5-df36-4851-a0be-3aaed9d3a7ec:192.168.151.66:33150] with ContainerStateMachine:uninitialized
2019-09-24 22:36:08,542 [pool-67-thread-1] INFO  server.RaftServerConfigKeys (ConfUtils.java:logGet(43)) - raft.server.rpc.timeout.min = 5s (custom)
2019-09-24 22:36:08,542 [pool-67-thread-1] INFO  server.RaftServerConfigKeys (ConfUtils.java:logGet(43)) - raft.server.rpc.timeout.max = 5200ms (custom)
2019-09-24 22:36:08,542 [pool-67-thread-1] INFO  server.RaftServerConfigKeys (ConfUtils.java:logGet(43)) - raft.server.rpcslowness.timeout = 120s (custom)
2019-09-24 22:36:08,542 [pool-67-thread-1] INFO  server.RaftServerConfigKeys (ConfUtils.java:logGet(43)) - raft.server.sleep.deviation.threshold = 300 (default)
2019-09-24 22:36:08,543 [pool-67-thread-1] INFO  server.RaftServerConfigKeys (ConfUtils.java:logGet(43)) - raft.server.log.appender.install.snapshot.enabled = false (custom)
2019-09-24 22:36:08,543 [pool-67-thread-1] INFO  impl.RaftServerImpl (ServerState.java:<init>(103)) - ba8da8c9-7047-42c0-b6d2-a7916db8a88b@group-27691149BEE5: ConfigurationManager, init=-1: [ba8da8c9-7047-42c0-b6d2-a7916db8a88b:192.168.151.66:33065, 4ac78631-b199-4be1-a250-fa3c30279e20:192.168.151.66:46649, 937d00a5-df36-4851-a0be-3aaed9d3a7ec:192.168.151.66:33150], old=null, confs=<EMPTY_MAP>
2019-09-24 22:36:08,543 [pool-47-thread-1] INFO  impl.RaftServerImpl (RaftServerImpl.java:<init>(95)) - 4ac78631-b199-4be1-a250-fa3c30279e20: new RaftServerImpl for group-27691149BEE5:[ba8da8c9-7047-42c0-b6d2-a7916db8a88b:192.168.151.66:33065, 4ac78631-b199-4be1-a250-fa3c30279e20:192.168.151.66:46649, 937d00a5-df36-4851-a0be-3aaed9d3a7ec:192.168.151.66:33150] with ContainerStateMachine:uninitialized
2019-09-24 22:36:08,543 [pool-67-thread-1] INFO  server.RaftServerConfigKeys (ConfUtils.java:logGet(43)) - raft.server.storage.dir = [/workdir/hadoop-ozone/integration-test/target/test-dir/MiniOzoneClusterImpl-95732fd8-3d66-4978-936c-af465de6078a/datanode-4/data/ratis] (custom)
2019-09-24 22:36:08,543 [pool-47-thread-1] INFO  server.RaftServerConfigKeys (ConfUtils.java:logGet(43)) - raft.server.rpc.timeout.min = 5s (custom)
2019-09-24 22:36:08,543 [pool-47-thread-1] INFO  server.RaftServerConfigKeys (ConfUtils.java:logGet(43)) - raft.server.rpc.timeout.max = 5200ms (custom)
2019-09-24 22:36:08,544 [pool-47-thread-1] INFO  server.RaftServerConfigKeys (ConfUtils.java:logGet(43)) - raft.server.rpcslowness.timeout = 120s (custom)
2019-09-24 22:36:08,544 [pool-67-thread-1] INFO  storage.RaftStorageDirectory (RaftStorageDirectory.java:analyzeStorage(246)) - The storage directory /workdir/hadoop-ozone/integration-test/target/test-dir/MiniOzoneClusterImpl-95732fd8-3d66-4978-936c-af465de6078a/datanode-4/data/ratis/345350cb-10a4-424e-818e-27691149bee5 does not exist. Creating ...
2019-09-24 22:36:08,544 [pool-47-thread-1] INFO  server.RaftServerConfigKeys (ConfUtils.java:logGet(43)) - raft.server.sleep.deviation.threshold = 300 (default)
2019-09-24 22:36:08,544 [pool-47-thread-1] INFO  server.RaftServerConfigKeys (ConfUtils.java:logGet(43)) - raft.server.log.appender.install.snapshot.enabled = false (custom)
2019-09-24 22:36:08,544 [pool-87-thread-1] INFO  impl.RaftServerImpl (RaftServerImpl.java:<init>(95)) - 937d00a5-df36-4851-a0be-3aaed9d3a7ec: new RaftServerImpl for group-27691149BEE5:[ba8da8c9-7047-42c0-b6d2-a7916db8a88b:192.168.151.66:33065, 4ac78631-b199-4be1-a250-fa3c30279e20:192.168.151.66:46649, 937d00a5-df36-4851-a0be-3aaed9d3a7ec:192.168.151.66:33150] with ContainerStateMachine:uninitialized
2019-09-24 22:36:08,544 [pool-47-thread-1] INFO  impl.RaftServerImpl (ServerState.java:<init>(103)) - 4ac78631-b199-4be1-a250-fa3c30279e20@group-27691149BEE5: ConfigurationManager, init=-1: [ba8da8c9-7047-42c0-b6d2-a7916db8a88b:192.168.151.66:33065, 4ac78631-b199-4be1-a250-fa3c30279e20:192.168.151.66:46649, 937d00a5-df36-4851-a0be-3aaed9d3a7ec:192.168.151.66:33150], old=null, confs=<EMPTY_MAP>
2019-09-24 22:36:08,544 [pool-87-thread-1] INFO  server.RaftServerConfigKeys (ConfUtils.java:logGet(43)) - raft.server.rpc.timeout.min = 5s (custom)
2019-09-24 22:36:08,545 [pool-47-thread-1] INFO  server.RaftServerConfigKeys (ConfUtils.java:logGet(43)) - raft.server.storage.dir = [/workdir/hadoop-ozone/integration-test/target/test-dir/MiniOzoneClusterImpl-95732fd8-3d66-4978-936c-af465de6078a/datanode-2/data/ratis] (custom)
2019-09-24 22:36:08,545 [pool-87-thread-1] INFO  server.RaftServerConfigKeys (ConfUtils.java:logGet(43)) - raft.server.rpc.timeout.max = 5200ms (custom)
2019-09-24 22:36:08,545 [pool-87-thread-1] INFO  server.RaftServerConfigKeys (ConfUtils.java:logGet(43)) - raft.server.rpcslowness.timeout = 120s (custom)
2019-09-24 22:36:08,545 [pool-87-thread-1] INFO  server.RaftServerConfigKeys (ConfUtils.java:logGet(43)) - raft.server.sleep.deviation.threshold = 300 (default)
2019-09-24 22:36:08,545 [pool-47-thread-1] INFO  storage.RaftStorageDirectory (RaftStorageDirectory.java:analyzeStorage(246)) - The storage directory /workdir/hadoop-ozone/integration-test/target/test-dir/MiniOzoneClusterImpl-95732fd8-3d66-4978-936c-af465de6078a/datanode-2/data/ratis/345350cb-10a4-424e-818e-27691149bee5 does not exist. Creating ...
2019-09-24 22:36:08,545 [pool-87-thread-1] INFO  server.RaftServerConfigKeys (ConfUtils.java:logGet(43)) - raft.server.log.appender.install.snapshot.enabled = false (custom)
2019-09-24 22:36:08,545 [pool-87-thread-1] INFO  impl.RaftServerImpl (ServerState.java:<init>(103)) - 937d00a5-df36-4851-a0be-3aaed9d3a7ec@group-27691149BEE5: ConfigurationManager, init=-1: [ba8da8c9-7047-42c0-b6d2-a7916db8a88b:192.168.151.66:33065, 4ac78631-b199-4be1-a250-fa3c30279e20:192.168.151.66:46649, 937d00a5-df36-4851-a0be-3aaed9d3a7ec:192.168.151.66:33150], old=null, confs=<EMPTY_MAP>
2019-09-24 22:36:08,546 [pool-87-thread-1] INFO  server.RaftServerConfigKeys (ConfUtils.java:logGet(43)) - raft.server.storage.dir = [/workdir/hadoop-ozone/integration-test/target/test-dir/MiniOzoneClusterImpl-95732fd8-3d66-4978-936c-af465de6078a/datanode-6/data/ratis] (custom)
2019-09-24 22:36:08,546 [pool-87-thread-1] INFO  storage.RaftStorageDirectory (RaftStorageDirectory.java:analyzeStorage(246)) - The storage directory /workdir/hadoop-ozone/integration-test/target/test-dir/MiniOzoneClusterImpl-95732fd8-3d66-4978-936c-af465de6078a/datanode-6/data/ratis/345350cb-10a4-424e-818e-27691149bee5 does not exist. Creating ...
2019-09-24 22:36:08,566 [pool-47-thread-1] INFO  storage.RaftStorageDirectory (RaftStorageDirectory.java:tryLock(328)) - Lock on /workdir/hadoop-ozone/integration-test/target/test-dir/MiniOzoneClusterImpl-95732fd8-3d66-4978-936c-af465de6078a/datanode-2/data/ratis/345350cb-10a4-424e-818e-27691149bee5/in_use.lock acquired by nodename 27548@pr-hdds-2162-v2v4x-1150571016
2019-09-24 22:36:08,566 [pool-67-thread-1] INFO  storage.RaftStorageDirectory (RaftStorageDirectory.java:tryLock(328)) - Lock on /workdir/hadoop-ozone/integration-test/target/test-dir/MiniOzoneClusterImpl-95732fd8-3d66-4978-936c-af465de6078a/datanode-4/data/ratis/345350cb-10a4-424e-818e-27691149bee5/in_use.lock acquired by nodename 27548@pr-hdds-2162-v2v4x-1150571016
2019-09-24 22:36:08,566 [pool-87-thread-1] INFO  storage.RaftStorageDirectory (RaftStorageDirectory.java:tryLock(328)) - Lock on /workdir/hadoop-ozone/integration-test/target/test-dir/MiniOzoneClusterImpl-95732fd8-3d66-4978-936c-af465de6078a/datanode-6/data/ratis/345350cb-10a4-424e-818e-27691149bee5/in_use.lock acquired by nodename 27548@pr-hdds-2162-v2v4x-1150571016
2019-09-24 22:36:08,580 [pool-47-thread-1] INFO  storage.RaftStorage (RaftStorage.java:format(72)) - Storage directory /workdir/hadoop-ozone/integration-test/target/test-dir/MiniOzoneClusterImpl-95732fd8-3d66-4978-936c-af465de6078a/datanode-2/data/ratis/345350cb-10a4-424e-818e-27691149bee5 has been successfully formatted.
2019-09-24 22:36:08,580 [pool-87-thread-1] INFO  storage.RaftStorage (RaftStorage.java:format(72)) - Storage directory /workdir/hadoop-ozone/integration-test/target/test-dir/MiniOzoneClusterImpl-95732fd8-3d66-4978-936c-af465de6078a/datanode-6/data/ratis/345350cb-10a4-424e-818e-27691149bee5 has been successfully formatted.
2019-09-24 22:36:08,580 [pool-47-thread-1] INFO  ratis.ContainerStateMachine (ContainerStateMachine.java:loadSnapshot(230)) - group-27691149BEE5: The snapshot info is null. Setting the last applied indexto:(t:0, i:~)
2019-09-24 22:36:08,580 [pool-67-thread-1] INFO  storage.RaftStorage (RaftStorage.java:format(72)) - Storage directory /workdir/hadoop-ozone/integration-test/target/test-dir/MiniOzoneClusterImpl-95732fd8-3d66-4978-936c-af465de6078a/datanode-4/data/ratis/345350cb-10a4-424e-818e-27691149bee5 has been successfully formatted.
2019-09-24 22:36:08,580 [pool-87-thread-1] INFO  ratis.ContainerStateMachine (ContainerStateMachine.java:loadSnapshot(230)) - group-27691149BEE5: The snapshot info is null. Setting the last applied indexto:(t:0, i:~)
2019-09-24 22:36:08,581 [pool-67-thread-1] INFO  ratis.ContainerStateMachine (ContainerStateMachine.java:loadSnapshot(230)) - group-27691149BEE5: The snapshot info is null. Setting the last applied indexto:(t:0, i:~)
2019-09-24 22:36:08,580 [pool-47-thread-1] INFO  server.RaftServerConfigKeys (ConfUtils.java:logGet(43)) - raft.server.notification.no-leader.timeout = 120s (custom)
2019-09-24 22:36:08,581 [pool-67-thread-1] INFO  server.RaftServerConfigKeys (ConfUtils.java:logGet(43)) - raft.server.notification.no-leader.timeout = 120s (custom)
2019-09-24 22:36:08,581 [pool-87-thread-1] INFO  server.RaftServerConfigKeys (ConfUtils.java:logGet(43)) - raft.server.notification.no-leader.timeout = 120s (custom)
2019-09-24 22:36:08,581 [pool-67-thread-1] INFO  server.RaftServerConfigKeys (ConfUtils.java:logGet(43)) - raft.server.log.use.memory = false (default)
2019-09-24 22:36:08,581 [pool-47-thread-1] INFO  server.RaftServerConfigKeys (ConfUtils.java:logGet(43)) - raft.server.log.use.memory = false (default)
2019-09-24 22:36:08,582 [pool-67-thread-1] INFO  server.RaftServerConfigKeys (ConfUtils.java:logGet(43)) - raft.server.log.purge.gap = 1000000 (custom)
2019-09-24 22:36:08,581 [pool-87-thread-1] INFO  server.RaftServerConfigKeys (ConfUtils.java:logGet(43)) - raft.server.log.use.memory = false (default)
2019-09-24 22:36:08,582 [pool-67-thread-1] INFO  server.RaftServerConfigKeys (ConfUtils.java:logGet(43)) - raft.server.log.appender.buffer.byte-limit = 33554432 (custom)
2019-09-24 22:36:08,582 [pool-47-thread-1] INFO  server.RaftServerConfigKeys (ConfUtils.java:logGet(43)) - raft.server.log.purge.gap = 1000000 (custom)
2019-09-24 22:36:08,582 [pool-67-thread-1] INFO  server.RaftServerConfigKeys (ConfUtils.java:logGet(43)) - raft.server.log.segment.size.max = 1048576 (custom)
2019-09-24 22:36:08,582 [pool-87-thread-1] INFO  server.RaftServerConfigKeys (ConfUtils.java:logGet(43)) - raft.server.log.purge.gap = 1000000 (custom)
2019-09-24 22:36:08,583 [pool-67-thread-1] INFO  server.RaftServerConfigKeys (ConfUtils.java:logGet(43)) - raft.server.log.segment.cache.num.max = 2 (custom)
2019-09-24 22:36:08,582 [pool-47-thread-1] INFO  server.RaftServerConfigKeys (ConfUtils.java:logGet(43)) - raft.server.log.appender.buffer.byte-limit = 33554432 (custom)
2019-09-24 22:36:08,583 [pool-67-thread-1] INFO  segmented.SegmentedRaftLogWorker (SegmentedRaftLogWorker.java:<init>(172)) - new ba8da8c9-7047-42c0-b6d2-a7916db8a88b@group-27691149BEE5-SegmentedRaftLogWorker for RaftStorage:Storage Directory /workdir/hadoop-ozone/integration-test/target/test-dir/MiniOzoneClusterImpl-95732fd8-3d66-4978-936c-af465de6078a/datanode-4/data/ratis/345350cb-10a4-424e-818e-27691149bee5
2019-09-24 22:36:08,583 [pool-87-thread-1] INFO  server.RaftServerConfigKeys (ConfUtils.java:logGet(43)) - raft.server.log.appender.buffer.byte-limit = 33554432 (custom)
2019-09-24 22:36:08,583 [pool-67-thread-1] INFO  server.RaftServerConfigKeys (ConfUtils.java:logGet(43)) - raft.server.log.queue.byte-limit = 2147483647 (custom)
2019-09-24 22:36:08,583 [pool-47-thread-1] INFO  server.RaftServerConfigKeys (ConfUtils.java:logGet(43)) - raft.server.log.segment.size.max = 1048576 (custom)
2019-09-24 22:36:08,584 [pool-67-thread-1] INFO  server.RaftServerConfigKeys (ConfUtils.java:logGet(43)) - raft.server.log.queue.element-limit = 1024 (custom)
2019-09-24 22:36:08,584 [pool-87-thread-1] INFO  server.RaftServerConfigKeys (ConfUtils.java:logGet(43)) - raft.server.log.segment.size.max = 1048576 (custom)
2019-09-24 22:36:08,584 [pool-67-thread-1] INFO  server.RaftServerConfigKeys (ConfUtils.java:logGet(43)) - raft.server.log.segment.size.max = 1048576 (custom)
2019-09-24 22:36:08,584 [pool-47-thread-1] INFO  server.RaftServerConfigKeys (ConfUtils.java:logGet(43)) - raft.server.log.segment.cache.num.max = 2 (custom)
2019-09-24 22:36:08,584 [pool-67-thread-1] INFO  server.RaftServerConfigKeys (ConfUtils.java:logGet(43)) - raft.server.log.preallocated.size = 16384 (custom)
2019-09-24 22:36:08,584 [pool-87-thread-1] INFO  server.RaftServerConfigKeys (ConfUtils.java:logGet(43)) - raft.server.log.segment.cache.num.max = 2 (custom)
2019-09-24 22:36:08,585 [pool-67-thread-1] INFO  server.RaftServerConfigKeys (ConfUtils.java:logGet(43)) - raft.server.log.write.buffer.size = 33554432 (custom)
2019-09-24 22:36:08,584 [pool-47-thread-1] INFO  segmented.SegmentedRaftLogWorker (SegmentedRaftLogWorker.java:<init>(172)) - new 4ac78631-b199-4be1-a250-fa3c30279e20@group-27691149BEE5-SegmentedRaftLogWorker for RaftStorage:Storage Directory /workdir/hadoop-ozone/integration-test/target/test-dir/MiniOzoneClusterImpl-95732fd8-3d66-4978-936c-af465de6078a/datanode-2/data/ratis/345350cb-10a4-424e-818e-27691149bee5
2019-09-24 22:36:08,585 [pool-67-thread-1] INFO  server.RaftServerConfigKeys (ConfUtils.java:logGet(43)) - raft.server.log.force.sync.num = 128 (default)
2019-09-24 22:36:08,585 [pool-87-thread-1] INFO  segmented.SegmentedRaftLogWorker (SegmentedRaftLogWorker.java:<init>(172)) - new 937d00a5-df36-4851-a0be-3aaed9d3a7ec@group-27691149BEE5-SegmentedRaftLogWorker for RaftStorage:Storage Directory /workdir/hadoop-ozone/integration-test/target/test-dir/MiniOzoneClusterImpl-95732fd8-3d66-4978-936c-af465de6078a/datanode-6/data/ratis/345350cb-10a4-424e-818e-27691149bee5
2019-09-24 22:36:08,585 [pool-67-thread-1] INFO  server.RaftServerConfigKeys (ConfUtils.java:logGet(43)) - raft.server.log.statemachine.data.sync = true (default)
2019-09-24 22:36:08,585 [pool-47-thread-1] INFO  server.RaftServerConfigKeys (ConfUtils.java:logGet(43)) - raft.server.log.queue.byte-limit = 2147483647 (custom)
2019-09-24 22:36:08,586 [pool-67-thread-1] INFO  server.RaftServerConfigKeys (ConfUtils.java:logGet(43)) - raft.server.log.statemachine.data.sync.timeout = 10s (default)
2019-09-24 22:36:08,585 [pool-87-thread-1] INFO  server.RaftServerConfigKeys (ConfUtils.java:logGet(43)) - raft.server.log.queue.byte-limit = 2147483647 (custom)
2019-09-24 22:36:08,586 [pool-67-thread-1] INFO  server.RaftServerConfigKeys (ConfUtils.java:logGet(43)) - raft.server.log.statemachine.data.sync.timeout.retry = -1 (default)
2019-09-24 22:36:08,586 [pool-47-thread-1] INFO  server.RaftServerConfigKeys (ConfUtils.java:logGet(43)) - raft.server.log.queue.element-limit = 1024 (custom)
2019-09-24 22:36:08,586 [pool-67-thread-1] INFO  server.RaftServerConfigKeys (ConfUtils.java:logGet(43)) - raft.server.log.statemachine.data.caching.enabled = true (custom)
2019-09-24 22:36:08,586 [pool-87-thread-1] INFO  server.RaftServerConfigKeys (ConfUtils.java:logGet(43)) - raft.server.log.queue.element-limit = 1024 (custom)
2019-09-24 22:36:08,586 [pool-47-thread-1] INFO  server.RaftServerConfigKeys (ConfUtils.java:logGet(43)) - raft.server.log.segment.size.max = 1048576 (custom)
2019-09-24 22:36:08,587 [pool-87-thread-1] INFO  server.RaftServerConfigKeys (ConfUtils.java:logGet(43)) - raft.server.log.segment.size.max = 1048576 (custom)
2019-09-24 22:36:08,587 [pool-67-thread-1] INFO  segmented.SegmentedRaftLogWorker (SegmentedRaftLogWorker.java:lambda$new$0(132)) - ba8da8c9-7047-42c0-b6d2-a7916db8a88b@group-27691149BEE5-SegmentedRaftLogWorker: flushIndex: setUnconditionally 0 -> -1
2019-09-24 22:36:08,587 [pool-87-thread-1] INFO  server.RaftServerConfigKeys (ConfUtils.java:logGet(43)) - raft.server.log.preallocated.size = 16384 (custom)
2019-09-24 22:36:08,587 [pool-47-thread-1] INFO  server.RaftServerConfigKeys (ConfUtils.java:logGet(43)) - raft.server.log.preallocated.size = 16384 (custom)
2019-09-24 22:36:08,588 [pool-67-thread-1] INFO  server.RaftServerConfigKeys (ConfUtils.java:logGet(43)) - raft.server.snapshot.auto.trigger.enabled = true (custom)
2019-09-24 22:36:08,588 [pool-87-thread-1] INFO  server.RaftServerConfigKeys (ConfUtils.java:logGet(43)) - raft.server.log.write.buffer.size = 33554432 (custom)
2019-09-24 22:36:08,588 [pool-67-thread-1] INFO  server.RaftServerConfigKeys (ConfUtils.java:logGet(43)) - raft.server.snapshot.auto.trigger.threshold = 10000 (custom)
2019-09-24 22:36:08,588 [pool-67-thread-1] INFO  server.RaftServerConfigKeys (ConfUtils.java:logGet(43)) - raft.server.snapshot.retention.num.files = 5 (custom)
2019-09-24 22:36:08,588 [pool-47-thread-1] INFO  server.RaftServerConfigKeys (ConfUtils.java:logGet(43)) - raft.server.log.write.buffer.size = 33554432 (custom)
2019-09-24 22:36:08,588 [pool-67-thread-1] INFO  server.RaftServerConfigKeys (ConfUtils.java:logGet(43)) - raft.server.retrycache.expirytime = 600000ms (custom)
2019-09-24 22:36:08,588 [pool-87-thread-1] INFO  server.RaftServerConfigKeys (ConfUtils.java:logGet(43)) - raft.server.log.force.sync.num = 128 (default)
2019-09-24 22:36:08,588 [pool-47-thread-1] INFO  server.RaftServerConfigKeys (ConfUtils.java:logGet(43)) - raft.server.log.force.sync.num = 128 (default)
2019-09-24 22:36:08,589 [pool-87-thread-1] INFO  server.RaftServerConfigKeys (ConfUtils.java:logGet(43)) - raft.server.log.statemachine.data.sync = true (default)
2019-09-24 22:36:08,589 [pool-47-thread-1] INFO  server.RaftServerConfigKeys (ConfUtils.java:logGet(43)) - raft.server.log.statemachine.data.sync = true (default)
2019-09-24 22:36:08,589 [pool-87-thread-1] INFO  server.RaftServerConfigKeys (ConfUtils.java:logGet(43)) - raft.server.log.statemachine.data.sync.timeout = 10s (default)
2019-09-24 22:36:08,589 [pool-47-thread-1] INFO  server.RaftServerConfigKeys (ConfUtils.java:logGet(43)) - raft.server.log.statemachine.data.sync.timeout = 10s (default)
2019-09-24 22:36:08,590 [pool-87-thread-1] INFO  server.RaftServerConfigKeys (ConfUtils.java:logGet(43)) - raft.server.log.statemachine.data.sync.timeout.retry = -1 (default)
2019-09-24 22:36:08,590 [pool-47-thread-1] INFO  server.RaftServerConfigKeys (ConfUtils.java:logGet(43)) - raft.server.log.statemachine.data.sync.timeout.retry = -1 (default)
2019-09-24 22:36:08,590 [pool-87-thread-1] INFO  server.RaftServerConfigKeys (ConfUtils.java:logGet(43)) - raft.server.log.statemachine.data.caching.enabled = true (custom)
2019-09-24 22:36:08,590 [pool-47-thread-1] INFO  server.RaftServerConfigKeys (ConfUtils.java:logGet(43)) - raft.server.log.statemachine.data.caching.enabled = true (custom)
2019-09-24 22:36:08,590 [pool-87-thread-1] INFO  segmented.SegmentedRaftLogWorker (SegmentedRaftLogWorker.java:lambda$new$0(132)) - 937d00a5-df36-4851-a0be-3aaed9d3a7ec@group-27691149BEE5-SegmentedRaftLogWorker: flushIndex: setUnconditionally 0 -> -1
2019-09-24 22:36:08,591 [pool-47-thread-1] INFO  segmented.SegmentedRaftLogWorker (SegmentedRaftLogWorker.java:lambda$new$0(132)) - 4ac78631-b199-4be1-a250-fa3c30279e20@group-27691149BEE5-SegmentedRaftLogWorker: flushIndex: setUnconditionally 0 -> -1
2019-09-24 22:36:08,591 [pool-87-thread-1] INFO  server.RaftServerConfigKeys (ConfUtils.java:logGet(43)) - raft.server.snapshot.auto.trigger.enabled = true (custom)
2019-09-24 22:36:08,591 [pool-47-thread-1] INFO  server.RaftServerConfigKeys (ConfUtils.java:logGet(43)) - raft.server.snapshot.auto.trigger.enabled = true (custom)
2019-09-24 22:36:08,591 [pool-87-thread-1] INFO  server.RaftServerConfigKeys (ConfUtils.java:logGet(43)) - raft.server.snapshot.auto.trigger.threshold = 10000 (custom)
2019-09-24 22:36:08,591 [pool-47-thread-1] INFO  server.RaftServerConfigKeys (ConfUtils.java:logGet(43)) - raft.server.snapshot.auto.trigger.threshold = 10000 (custom)
2019-09-24 22:36:08,594 [pool-67-thread-1] INFO  impl.RaftServerImpl (RaftServerImpl.java:start(185)) - ba8da8c9-7047-42c0-b6d2-a7916db8a88b@group-27691149BEE5: start as a follower, conf=-1: [ba8da8c9-7047-42c0-b6d2-a7916db8a88b:192.168.151.66:33065, 4ac78631-b199-4be1-a250-fa3c30279e20:192.168.151.66:46649, 937d00a5-df36-4851-a0be-3aaed9d3a7ec:192.168.151.66:33150], old=null
2019-09-24 22:36:08,591 [pool-87-thread-1] INFO  server.RaftServerConfigKeys (ConfUtils.java:logGet(43)) - raft.server.snapshot.retention.num.files = 5 (custom)
2019-09-24 22:36:08,594 [pool-67-thread-1] INFO  impl.RaftServerImpl (RaftServerImpl.java:setRole(174)) - ba8da8c9-7047-42c0-b6d2-a7916db8a88b@group-27691149BEE5: changes role from      null to FOLLOWER at term 0 for startAsFollower
2019-09-24 22:36:08,594 [pool-47-thread-1] INFO  server.RaftServerConfigKeys (ConfUtils.java:logGet(43)) - raft.server.snapshot.retention.num.files = 5 (custom)
2019-09-24 22:36:08,595 [pool-67-thread-1] INFO  impl.RoleInfo (RoleInfo.java:updateAndGet(143)) - ba8da8c9-7047-42c0-b6d2-a7916db8a88b: start FollowerState
2019-09-24 22:36:08,595 [pool-47-thread-1] INFO  server.RaftServerConfigKeys (ConfUtils.java:logGet(43)) - raft.server.retrycache.expirytime = 600000ms (custom)
2019-09-24 22:36:08,595 [pool-87-thread-1] INFO  server.RaftServerConfigKeys (ConfUtils.java:logGet(43)) - raft.server.retrycache.expirytime = 600000ms (custom)
2019-09-24 22:36:08,595 [pool-67-thread-1] INFO  util.JmxRegister (JmxRegister.java:tryRegister(44)) - Successfully registered JMX Bean with object name Ratis:service=RaftServer,group=group-27691149BEE5,id=ba8da8c9-7047-42c0-b6d2-a7916db8a88b
2019-09-24 22:36:08,606 [pool-47-thread-1] INFO  impl.RaftServerImpl (RaftServerImpl.java:start(185)) - 4ac78631-b199-4be1-a250-fa3c30279e20@group-27691149BEE5: start as a follower, conf=-1: [ba8da8c9-7047-42c0-b6d2-a7916db8a88b:192.168.151.66:33065, 4ac78631-b199-4be1-a250-fa3c30279e20:192.168.151.66:46649, 937d00a5-df36-4851-a0be-3aaed9d3a7ec:192.168.151.66:33150], old=null
2019-09-24 22:36:08,607 [pool-47-thread-1] INFO  impl.RaftServerImpl (RaftServerImpl.java:setRole(174)) - 4ac78631-b199-4be1-a250-fa3c30279e20@group-27691149BEE5: changes role from      null to FOLLOWER at term 0 for startAsFollower
2019-09-24 22:36:08,607 [pool-47-thread-1] INFO  impl.RoleInfo (RoleInfo.java:updateAndGet(143)) - 4ac78631-b199-4be1-a250-fa3c30279e20: start FollowerState
2019-09-24 22:36:08,607 [pool-47-thread-1] INFO  util.JmxRegister (JmxRegister.java:tryRegister(44)) - Successfully registered JMX Bean with object name Ratis:service=RaftServer,group=group-27691149BEE5,id=4ac78631-b199-4be1-a250-fa3c30279e20
2019-09-24 22:36:08,607 [pool-87-thread-1] INFO  impl.RaftServerImpl (RaftServerImpl.java:start(185)) - 937d00a5-df36-4851-a0be-3aaed9d3a7ec@group-27691149BEE5: start as a follower, conf=-1: [ba8da8c9-7047-42c0-b6d2-a7916db8a88b:192.168.151.66:33065, 4ac78631-b199-4be1-a250-fa3c30279e20:192.168.151.66:46649, 937d00a5-df36-4851-a0be-3aaed9d3a7ec:192.168.151.66:33150], old=null
2019-09-24 22:36:08,608 [pool-87-thread-1] INFO  impl.RaftServerImpl (RaftServerImpl.java:setRole(174)) - 937d00a5-df36-4851-a0be-3aaed9d3a7ec@group-27691149BEE5: changes role from      null to FOLLOWER at term 0 for startAsFollower
2019-09-24 22:36:08,608 [pool-87-thread-1] INFO  impl.RoleInfo (RoleInfo.java:updateAndGet(143)) - 937d00a5-df36-4851-a0be-3aaed9d3a7ec: start FollowerState
2019-09-24 22:36:08,608 [pool-87-thread-1] INFO  util.JmxRegister (JmxRegister.java:tryRegister(44)) - Successfully registered JMX Bean with object name Ratis:service=RaftServer,group=group-27691149BEE5,id=937d00a5-df36-4851-a0be-3aaed9d3a7ec
2019-09-24 22:36:08,624 [RatisPipelineUtilsThread] INFO  pipeline.PipelineStateManager (PipelineStateManager.java:addPipeline(56)) - Created pipeline Pipeline[ Id: 345350cb-10a4-424e-818e-27691149bee5, Nodes: 937d00a5-df36-4851-a0be-3aaed9d3a7ec{ip: 192.168.151.66, host: pr-hdds-2162-v2v4x-1150571016, networkLocation: /default-rack, certSerialId: null}ba8da8c9-7047-42c0-b6d2-a7916db8a88b{ip: 192.168.151.66, host: pr-hdds-2162-v2v4x-1150571016, networkLocation: /default-rack, certSerialId: null}4ac78631-b199-4be1-a250-fa3c30279e20{ip: 192.168.151.66, host: pr-hdds-2162-v2v4x-1150571016, networkLocation: /default-rack, certSerialId: null}, Type:RATIS, Factor:THREE, State:OPEN]
2019-09-24 22:36:08,642 [grpc-default-executor-1] INFO  impl.RaftServerProxy (RaftServerProxy.java:addNew(89)) - 21c95cdb-d9ea-42ca-a1c8-516e3611f91d: addNew group-9DA5C9124E79:[d1d412fa-610f-4a7d-9756-a1129e219702:192.168.151.66:40539, 533bf916-75bc-4ef0-b696-2f1d5164c628:192.168.151.66:46232, 21c95cdb-d9ea-42ca-a1c8-516e3611f91d:192.168.151.66:39006] returns group-9DA5C9124E79:java.util.concurrent.CompletableFuture@7d11b779[Not completed]
2019-09-24 22:36:08,646 [grpc-default-executor-1] INFO  impl.RaftServerProxy (RaftServerProxy.java:addNew(89)) - d1d412fa-610f-4a7d-9756-a1129e219702: addNew group-9DA5C9124E79:[d1d412fa-610f-4a7d-9756-a1129e219702:192.168.151.66:40539, 533bf916-75bc-4ef0-b696-2f1d5164c628:192.168.151.66:46232, 21c95cdb-d9ea-42ca-a1c8-516e3611f91d:192.168.151.66:39006] returns group-9DA5C9124E79:java.util.concurrent.CompletableFuture@4bfc6688[Not completed]
2019-09-24 22:36:08,646 [pool-107-thread-1] INFO  impl.RaftServerImpl (RaftServerImpl.java:<init>(95)) - 21c95cdb-d9ea-42ca-a1c8-516e3611f91d: new RaftServerImpl for group-9DA5C9124E79:[d1d412fa-610f-4a7d-9756-a1129e219702:192.168.151.66:40539, 533bf916-75bc-4ef0-b696-2f1d5164c628:192.168.151.66:46232, 21c95cdb-d9ea-42ca-a1c8-516e3611f91d:192.168.151.66:39006] with ContainerStateMachine:uninitialized
2019-09-24 22:36:08,648 [grpc-default-executor-0] INFO  impl.RaftServerProxy (RaftServerProxy.java:addNew(89)) - 533bf916-75bc-4ef0-b696-2f1d5164c628: addNew group-9DA5C9124E79:[d1d412fa-610f-4a7d-9756-a1129e219702:192.168.151.66:40539, 533bf916-75bc-4ef0-b696-2f1d5164c628:192.168.151.66:46232, 21c95cdb-d9ea-42ca-a1c8-516e3611f91d:192.168.151.66:39006] returns group-9DA5C9124E79:java.util.concurrent.CompletableFuture@20067d6d[Not completed]
2019-09-24 22:36:08,648 [pool-107-thread-1] INFO  server.RaftServerConfigKeys (ConfUtils.java:logGet(43)) - raft.server.rpc.timeout.min = 5s (custom)
2019-09-24 22:36:08,649 [pool-107-thread-1] INFO  server.RaftServerConfigKeys (ConfUtils.java:logGet(43)) - raft.server.rpc.timeout.max = 5200ms (custom)
2019-09-24 22:36:08,649 [pool-107-thread-1] INFO  server.RaftServerConfigKeys (ConfUtils.java:logGet(43)) - raft.server.rpcslowness.timeout = 120s (custom)
2019-09-24 22:36:08,649 [pool-107-thread-1] INFO  server.RaftServerConfigKeys (ConfUtils.java:logGet(43)) - raft.server.sleep.deviation.threshold = 300 (default)
2019-09-24 22:36:08,649 [pool-107-thread-1] INFO  server.RaftServerConfigKeys (ConfUtils.java:logGet(43)) - raft.server.log.appender.install.snapshot.enabled = false (custom)
2019-09-24 22:36:08,649 [pool-107-thread-1] INFO  impl.RaftServerImpl (ServerState.java:<init>(103)) - 21c95cdb-d9ea-42ca-a1c8-516e3611f91d@group-9DA5C9124E79: ConfigurationManager, init=-1: [d1d412fa-610f-4a7d-9756-a1129e219702:192.168.151.66:40539, 533bf916-75bc-4ef0-b696-2f1d5164c628:192.168.151.66:46232, 21c95cdb-d9ea-42ca-a1c8-516e3611f91d:192.168.151.66:39006], old=null, confs=<EMPTY_MAP>
2019-09-24 22:36:08,650 [pool-107-thread-1] INFO  server.RaftServerConfigKeys (ConfUtils.java:logGet(43)) - raft.server.storage.dir = [/workdir/hadoop-ozone/integration-test/target/test-dir/MiniOzoneClusterImpl-95732fd8-3d66-4978-936c-af465de6078a/datanode-8/data/ratis] (custom)
2019-09-24 22:36:08,650 [pool-107-thread-1] INFO  storage.RaftStorageDirectory (RaftStorageDirectory.java:analyzeStorage(246)) - The storage directory /workdir/hadoop-ozone/integration-test/target/test-dir/MiniOzoneClusterImpl-95732fd8-3d66-4978-936c-af465de6078a/datanode-8/data/ratis/97e81cb1-0415-4fdf-99c3-9da5c9124e79 does not exist. Creating ...
2019-09-24 22:36:08,650 [pool-37-thread-1] INFO  impl.RaftServerImpl (RaftServerImpl.java:<init>(95)) - d1d412fa-610f-4a7d-9756-a1129e219702: new RaftServerImpl for group-9DA5C9124E79:[d1d412fa-610f-4a7d-9756-a1129e219702:192.168.151.66:40539, 533bf916-75bc-4ef0-b696-2f1d5164c628:192.168.151.66:46232, 21c95cdb-d9ea-42ca-a1c8-516e3611f91d:192.168.151.66:39006] with ContainerStateMachine:uninitialized
2019-09-24 22:36:08,651 [pool-37-thread-1] INFO  server.RaftServerConfigKeys (ConfUtils.java:logGet(43)) - raft.server.rpc.timeout.min = 5s (custom)
2019-09-24 22:36:08,651 [pool-37-thread-1] INFO  server.RaftServerConfigKeys (ConfUtils.java:logGet(43)) - raft.server.rpc.timeout.max = 5200ms (custom)
2019-09-24 22:36:08,651 [pool-37-thread-1] INFO  server.RaftServerConfigKeys (ConfUtils.java:logGet(43)) - raft.server.rpcslowness.timeout = 120s (custom)
2019-09-24 22:36:08,651 [pool-37-thread-1] INFO  server.RaftServerConfigKeys (ConfUtils.java:logGet(43)) - raft.server.sleep.deviation.threshold = 300 (default)
2019-09-24 22:36:08,651 [pool-117-thread-1] INFO  impl.RaftServerImpl (RaftServerImpl.java:<init>(95)) - 533bf916-75bc-4ef0-b696-2f1d5164c628: new RaftServerImpl for group-9DA5C9124E79:[d1d412fa-610f-4a7d-9756-a1129e219702:192.168.151.66:40539, 533bf916-75bc-4ef0-b696-2f1d5164c628:192.168.151.66:46232, 21c95cdb-d9ea-42ca-a1c8-516e3611f91d:192.168.151.66:39006] with ContainerStateMachine:uninitialized
2019-09-24 22:36:08,651 [pool-37-thread-1] INFO  server.RaftServerConfigKeys (ConfUtils.java:logGet(43)) - raft.server.log.appender.install.snapshot.enabled = false (custom)
2019-09-24 22:36:08,652 [pool-117-thread-1] INFO  server.RaftServerConfigKeys (ConfUtils.java:logGet(43)) - raft.server.rpc.timeout.min = 5s (custom)
2019-09-24 22:36:08,652 [pool-37-thread-1] INFO  impl.RaftServerImpl (ServerState.java:<init>(103)) - d1d412fa-610f-4a7d-9756-a1129e219702@group-9DA5C9124E79: ConfigurationManager, init=-1: [d1d412fa-610f-4a7d-9756-a1129e219702:192.168.151.66:40539, 533bf916-75bc-4ef0-b696-2f1d5164c628:192.168.151.66:46232, 21c95cdb-d9ea-42ca-a1c8-516e3611f91d:192.168.151.66:39006], old=null, confs=<EMPTY_MAP>
2019-09-24 22:36:08,652 [pool-117-thread-1] INFO  server.RaftServerConfigKeys (ConfUtils.java:logGet(43)) - raft.server.rpc.timeout.max = 5200ms (custom)
2019-09-24 22:36:08,652 [pool-37-thread-1] INFO  server.RaftServerConfigKeys (ConfUtils.java:logGet(43)) - raft.server.storage.dir = [/workdir/hadoop-ozone/integration-test/target/test-dir/MiniOzoneClusterImpl-95732fd8-3d66-4978-936c-af465de6078a/datanode-1/data/ratis] (custom)
2019-09-24 22:36:08,652 [pool-117-thread-1] INFO  server.RaftServerConfigKeys (ConfUtils.java:logGet(43)) - raft.server.rpcslowness.timeout = 120s (custom)
2019-09-24 22:36:08,652 [pool-117-thread-1] INFO  server.RaftServerConfigKeys (ConfUtils.java:logGet(43)) - raft.server.sleep.deviation.threshold = 300 (default)
2019-09-24 22:36:08,653 [pool-37-thread-1] INFO  storage.RaftStorageDirectory (RaftStorageDirectory.java:analyzeStorage(246)) - The storage directory /workdir/hadoop-ozone/integration-test/target/test-dir/MiniOzoneClusterImpl-95732fd8-3d66-4978-936c-af465de6078a/datanode-1/data/ratis/97e81cb1-0415-4fdf-99c3-9da5c9124e79 does not exist. Creating ...
2019-09-24 22:36:08,653 [pool-117-thread-1] INFO  server.RaftServerConfigKeys (ConfUtils.java:logGet(43)) - raft.server.log.appender.install.snapshot.enabled = false (custom)
2019-09-24 22:36:08,653 [pool-117-thread-1] INFO  impl.RaftServerImpl (ServerState.java:<init>(103)) - 533bf916-75bc-4ef0-b696-2f1d5164c628@group-9DA5C9124E79: ConfigurationManager, init=-1: [d1d412fa-610f-4a7d-9756-a1129e219702:192.168.151.66:40539, 533bf916-75bc-4ef0-b696-2f1d5164c628:192.168.151.66:46232, 21c95cdb-d9ea-42ca-a1c8-516e3611f91d:192.168.151.66:39006], old=null, confs=<EMPTY_MAP>
2019-09-24 22:36:08,653 [pool-117-thread-1] INFO  server.RaftServerConfigKeys (ConfUtils.java:logGet(43)) - raft.server.storage.dir = [/workdir/hadoop-ozone/integration-test/target/test-dir/MiniOzoneClusterImpl-95732fd8-3d66-4978-936c-af465de6078a/datanode-9/data/ratis] (custom)
2019-09-24 22:36:08,654 [pool-117-thread-1] INFO  storage.RaftStorageDirectory (RaftStorageDirectory.java:analyzeStorage(246)) - The storage directory /workdir/hadoop-ozone/integration-test/target/test-dir/MiniOzoneClusterImpl-95732fd8-3d66-4978-936c-af465de6078a/datanode-9/data/ratis/97e81cb1-0415-4fdf-99c3-9da5c9124e79 does not exist. Creating ...
2019-09-24 22:36:08,664 [pool-37-thread-1] INFO  storage.RaftStorageDirectory (RaftStorageDirectory.java:tryLock(328)) - Lock on /workdir/hadoop-ozone/integration-test/target/test-dir/MiniOzoneClusterImpl-95732fd8-3d66-4978-936c-af465de6078a/datanode-1/data/ratis/97e81cb1-0415-4fdf-99c3-9da5c9124e79/in_use.lock acquired by nodename 27548@pr-hdds-2162-v2v4x-1150571016
2019-09-24 22:36:08,664 [pool-107-thread-1] INFO  storage.RaftStorageDirectory (RaftStorageDirectory.java:tryLock(328)) - Lock on /workdir/hadoop-ozone/integration-test/target/test-dir/MiniOzoneClusterImpl-95732fd8-3d66-4978-936c-af465de6078a/datanode-8/data/ratis/97e81cb1-0415-4fdf-99c3-9da5c9124e79/in_use.lock acquired by nodename 27548@pr-hdds-2162-v2v4x-1150571016
2019-09-24 22:36:08,664 [pool-117-thread-1] INFO  storage.RaftStorageDirectory (RaftStorageDirectory.java:tryLock(328)) - Lock on /workdir/hadoop-ozone/integration-test/target/test-dir/MiniOzoneClusterImpl-95732fd8-3d66-4978-936c-af465de6078a/datanode-9/data/ratis/97e81cb1-0415-4fdf-99c3-9da5c9124e79/in_use.lock acquired by nodename 27548@pr-hdds-2162-v2v4x-1150571016
2019-09-24 22:36:08,680 [pool-117-thread-1] INFO  storage.RaftStorage (RaftStorage.java:format(72)) - Storage directory /workdir/hadoop-ozone/integration-test/target/test-dir/MiniOzoneClusterImpl-95732fd8-3d66-4978-936c-af465de6078a/datanode-9/data/ratis/97e81cb1-0415-4fdf-99c3-9da5c9124e79 has been successfully formatted.
2019-09-24 22:36:08,680 [pool-37-thread-1] INFO  storage.RaftStorage (RaftStorage.java:format(72)) - Storage directory /workdir/hadoop-ozone/integration-test/target/test-dir/MiniOzoneClusterImpl-95732fd8-3d66-4978-936c-af465de6078a/datanode-1/data/ratis/97e81cb1-0415-4fdf-99c3-9da5c9124e79 has been successfully formatted.
2019-09-24 22:36:08,680 [pool-107-thread-1] INFO  storage.RaftStorage (RaftStorage.java:format(72)) - Storage directory /workdir/hadoop-ozone/integration-test/target/test-dir/MiniOzoneClusterImpl-95732fd8-3d66-4978-936c-af465de6078a/datanode-8/data/ratis/97e81cb1-0415-4fdf-99c3-9da5c9124e79 has been successfully formatted.
2019-09-24 22:36:08,680 [pool-117-thread-1] INFO  ratis.ContainerStateMachine (ContainerStateMachine.java:loadSnapshot(230)) - group-9DA5C9124E79: The snapshot info is null. Setting the last applied indexto:(t:0, i:~)
2019-09-24 22:36:08,680 [pool-107-thread-1] INFO  ratis.ContainerStateMachine (ContainerStateMachine.java:loadSnapshot(230)) - group-9DA5C9124E79: The snapshot info is null. Setting the last applied indexto:(t:0, i:~)
2019-09-24 22:36:08,680 [pool-37-thread-1] INFO  ratis.ContainerStateMachine (ContainerStateMachine.java:loadSnapshot(230)) - group-9DA5C9124E79: The snapshot info is null. Setting the last applied indexto:(t:0, i:~)
2019-09-24 22:36:08,681 [pool-107-thread-1] INFO  server.RaftServerConfigKeys (ConfUtils.java:logGet(43)) - raft.server.notification.no-leader.timeout = 120s (custom)
2019-09-24 22:36:08,681 [pool-117-thread-1] INFO  server.RaftServerConfigKeys (ConfUtils.java:logGet(43)) - raft.server.notification.no-leader.timeout = 120s (custom)
2019-09-24 22:36:08,681 [pool-107-thread-1] INFO  server.RaftServerConfigKeys (ConfUtils.java:logGet(43)) - raft.server.log.use.memory = false (default)
2019-09-24 22:36:08,681 [pool-37-thread-1] INFO  server.RaftServerConfigKeys (ConfUtils.java:logGet(43)) - raft.server.notification.no-leader.timeout = 120s (custom)
2019-09-24 22:36:08,681 [pool-107-thread-1] INFO  server.RaftServerConfigKeys (ConfUtils.java:logGet(43)) - raft.server.log.purge.gap = 1000000 (custom)
2019-09-24 22:36:08,681 [pool-117-thread-1] INFO  server.RaftServerConfigKeys (ConfUtils.java:logGet(43)) - raft.server.log.use.memory = false (default)
2019-09-24 22:36:08,682 [pool-107-thread-1] INFO  server.RaftServerConfigKeys (ConfUtils.java:logGet(43)) - raft.server.log.appender.buffer.byte-limit = 33554432 (custom)
2019-09-24 22:36:08,681 [pool-37-thread-1] INFO  server.RaftServerConfigKeys (ConfUtils.java:logGet(43)) - raft.server.log.use.memory = false (default)
2019-09-24 22:36:08,682 [pool-107-thread-1] INFO  server.RaftServerConfigKeys (ConfUtils.java:logGet(43)) - raft.server.log.segment.size.max = 1048576 (custom)
2019-09-24 22:36:08,682 [pool-117-thread-1] INFO  server.RaftServerConfigKeys (ConfUtils.java:logGet(43)) - raft.server.log.purge.gap = 1000000 (custom)
2019-09-24 22:36:08,682 [pool-107-thread-1] INFO  server.RaftServerConfigKeys (ConfUtils.java:logGet(43)) - raft.server.log.segment.cache.num.max = 2 (custom)
2019-09-24 22:36:08,682 [pool-37-thread-1] INFO  server.RaftServerConfigKeys (ConfUtils.java:logGet(43)) - raft.server.log.purge.gap = 1000000 (custom)
2019-09-24 22:36:08,683 [pool-107-thread-1] INFO  segmented.SegmentedRaftLogWorker (SegmentedRaftLogWorker.java:<init>(172)) - new 21c95cdb-d9ea-42ca-a1c8-516e3611f91d@group-9DA5C9124E79-SegmentedRaftLogWorker for RaftStorage:Storage Directory /workdir/hadoop-ozone/integration-test/target/test-dir/MiniOzoneClusterImpl-95732fd8-3d66-4978-936c-af465de6078a/datanode-8/data/ratis/97e81cb1-0415-4fdf-99c3-9da5c9124e79
2019-09-24 22:36:08,682 [pool-117-thread-1] INFO  server.RaftServerConfigKeys (ConfUtils.java:logGet(43)) - raft.server.log.appender.buffer.byte-limit = 33554432 (custom)
2019-09-24 22:36:08,683 [pool-107-thread-1] INFO  server.RaftServerConfigKeys (ConfUtils.java:logGet(43)) - raft.server.log.queue.byte-limit = 2147483647 (custom)
2019-09-24 22:36:08,683 [pool-37-thread-1] INFO  server.RaftServerConfigKeys (ConfUtils.java:logGet(43)) - raft.server.log.appender.buffer.byte-limit = 33554432 (custom)
2019-09-24 22:36:08,683 [pool-107-thread-1] INFO  server.RaftServerConfigKeys (ConfUtils.java:logGet(43)) - raft.server.log.queue.element-limit = 1024 (custom)
2019-09-24 22:36:08,683 [pool-117-thread-1] INFO  server.RaftServerConfigKeys (ConfUtils.java:logGet(43)) - raft.server.log.segment.size.max = 1048576 (custom)
2019-09-24 22:36:08,684 [pool-107-thread-1] INFO  server.RaftServerConfigKeys (ConfUtils.java:logGet(43)) - raft.server.log.segment.size.max = 1048576 (custom)
2019-09-24 22:36:08,683 [pool-37-thread-1] INFO  server.RaftServerConfigKeys (ConfUtils.java:logGet(43)) - raft.server.log.segment.size.max = 1048576 (custom)
2019-09-24 22:36:08,684 [pool-107-thread-1] INFO  server.RaftServerConfigKeys (ConfUtils.java:logGet(43)) - raft.server.log.preallocated.size = 16384 (custom)
2019-09-24 22:36:08,684 [pool-117-thread-1] INFO  server.RaftServerConfigKeys (ConfUtils.java:logGet(43)) - raft.server.log.segment.cache.num.max = 2 (custom)
2019-09-24 22:36:08,684 [pool-107-thread-1] INFO  server.RaftServerConfigKeys (ConfUtils.java:logGet(43)) - raft.server.log.write.buffer.size = 33554432 (custom)
2019-09-24 22:36:08,684 [pool-37-thread-1] INFO  server.RaftServerConfigKeys (ConfUtils.java:logGet(43)) - raft.server.log.segment.cache.num.max = 2 (custom)
2019-09-24 22:36:08,685 [pool-107-thread-1] INFO  server.RaftServerConfigKeys (ConfUtils.java:logGet(43)) - raft.server.log.force.sync.num = 128 (default)
2019-09-24 22:36:08,684 [pool-117-thread-1] INFO  segmented.SegmentedRaftLogWorker (SegmentedRaftLogWorker.java:<init>(172)) - new 533bf916-75bc-4ef0-b696-2f1d5164c628@group-9DA5C9124E79-SegmentedRaftLogWorker for RaftStorage:Storage Directory /workdir/hadoop-ozone/integration-test/target/test-dir/MiniOzoneClusterImpl-95732fd8-3d66-4978-936c-af465de6078a/datanode-9/data/ratis/97e81cb1-0415-4fdf-99c3-9da5c9124e79
2019-09-24 22:36:08,685 [pool-107-thread-1] INFO  server.RaftServerConfigKeys (ConfUtils.java:logGet(43)) - raft.server.log.statemachine.data.sync = true (default)
2019-09-24 22:36:08,685 [pool-37-thread-1] INFO  segmented.SegmentedRaftLogWorker (SegmentedRaftLogWorker.java:<init>(172)) - new d1d412fa-610f-4a7d-9756-a1129e219702@group-9DA5C9124E79-SegmentedRaftLogWorker for RaftStorage:Storage Directory /workdir/hadoop-ozone/integration-test/target/test-dir/MiniOzoneClusterImpl-95732fd8-3d66-4978-936c-af465de6078a/datanode-1/data/ratis/97e81cb1-0415-4fdf-99c3-9da5c9124e79
2019-09-24 22:36:08,685 [pool-107-thread-1] INFO  server.RaftServerConfigKeys (ConfUtils.java:logGet(43)) - raft.server.log.statemachine.data.sync.timeout = 10s (default)
2019-09-24 22:36:08,685 [pool-117-thread-1] INFO  server.RaftServerConfigKeys (ConfUtils.java:logGet(43)) - raft.server.log.queue.byte-limit = 2147483647 (custom)
2019-09-24 22:36:08,686 [pool-107-thread-1] INFO  server.RaftServerConfigKeys (ConfUtils.java:logGet(43)) - raft.server.log.statemachine.data.sync.timeout.retry = -1 (default)
2019-09-24 22:36:08,685 [pool-37-thread-1] INFO  server.RaftServerConfigKeys (ConfUtils.java:logGet(43)) - raft.server.log.queue.byte-limit = 2147483647 (custom)
2019-09-24 22:36:08,686 [pool-107-thread-1] INFO  server.RaftServerConfigKeys (ConfUtils.java:logGet(43)) - raft.server.log.statemachine.data.caching.enabled = true (custom)
2019-09-24 22:36:08,686 [pool-117-thread-1] INFO  server.RaftServerConfigKeys (ConfUtils.java:logGet(43)) - raft.server.log.queue.element-limit = 1024 (custom)
2019-09-24 22:36:08,686 [pool-37-thread-1] INFO  server.RaftServerConfigKeys (ConfUtils.java:logGet(43)) - raft.server.log.queue.element-limit = 1024 (custom)
2019-09-24 22:36:08,686 [pool-107-thread-1] INFO  segmented.SegmentedRaftLogWorker (SegmentedRaftLogWorker.java:lambda$new$0(132)) - 21c95cdb-d9ea-42ca-a1c8-516e3611f91d@group-9DA5C9124E79-SegmentedRaftLogWorker: flushIndex: setUnconditionally 0 -> -1
2019-09-24 22:36:08,686 [pool-117-thread-1] INFO  server.RaftServerConfigKeys (ConfUtils.java:logGet(43)) - raft.server.log.segment.size.max = 1048576 (custom)
2019-09-24 22:36:08,687 [pool-37-thread-1] INFO  server.RaftServerConfigKeys (ConfUtils.java:logGet(43)) - raft.server.log.segment.size.max = 1048576 (custom)
2019-09-24 22:36:08,687 [pool-107-thread-1] INFO  server.RaftServerConfigKeys (ConfUtils.java:logGet(43)) - raft.server.snapshot.auto.trigger.enabled = true (custom)
2019-09-24 22:36:08,687 [pool-117-thread-1] INFO  server.RaftServerConfigKeys (ConfUtils.java:logGet(43)) - raft.server.log.preallocated.size = 16384 (custom)
2019-09-24 22:36:08,687 [pool-107-thread-1] INFO  server.RaftServerConfigKeys (ConfUtils.java:logGet(43)) - raft.server.snapshot.auto.trigger.threshold = 10000 (custom)
2019-09-24 22:36:08,687 [pool-37-thread-1] INFO  server.RaftServerConfigKeys (ConfUtils.java:logGet(43)) - raft.server.log.preallocated.size = 16384 (custom)
2019-09-24 22:36:08,687 [pool-107-thread-1] INFO  server.RaftServerConfigKeys (ConfUtils.java:logGet(43)) - raft.server.snapshot.retention.num.files = 5 (custom)
2019-09-24 22:36:08,687 [pool-117-thread-1] INFO  server.RaftServerConfigKeys (ConfUtils.java:logGet(43)) - raft.server.log.write.buffer.size = 33554432 (custom)
2019-09-24 22:36:08,688 [pool-107-thread-1] INFO  server.RaftServerConfigKeys (ConfUtils.java:logGet(43)) - raft.server.retrycache.expirytime = 600000ms (custom)
2019-09-24 22:36:08,688 [pool-37-thread-1] INFO  server.RaftServerConfigKeys (ConfUtils.java:logGet(43)) - raft.server.log.write.buffer.size = 33554432 (custom)
2019-09-24 22:36:08,688 [pool-117-thread-1] INFO  server.RaftServerConfigKeys (ConfUtils.java:logGet(43)) - raft.server.log.force.sync.num = 128 (default)
2019-09-24 22:36:08,688 [pool-37-thread-1] INFO  server.RaftServerConfigKeys (ConfUtils.java:logGet(43)) - raft.server.log.force.sync.num = 128 (default)
2019-09-24 22:36:08,689 [pool-117-thread-1] INFO  server.RaftServerConfigKeys (ConfUtils.java:logGet(43)) - raft.server.log.statemachine.data.sync = true (default)
2019-09-24 22:36:08,689 [pool-37-thread-1] INFO  server.RaftServerConfigKeys (ConfUtils.java:logGet(43)) - raft.server.log.statemachine.data.sync = true (default)
2019-09-24 22:36:08,689 [pool-117-thread-1] INFO  server.RaftServerConfigKeys (ConfUtils.java:logGet(43)) - raft.server.log.statemachine.data.sync.timeout = 10s (default)
2019-09-24 22:36:08,689 [pool-37-thread-1] INFO  server.RaftServerConfigKeys (ConfUtils.java:logGet(43)) - raft.server.log.statemachine.data.sync.timeout = 10s (default)
2019-09-24 22:36:08,689 [pool-117-thread-1] INFO  server.RaftServerConfigKeys (ConfUtils.java:logGet(43)) - raft.server.log.statemachine.data.sync.timeout.retry = -1 (default)
2019-09-24 22:36:08,689 [pool-37-thread-1] INFO  server.RaftServerConfigKeys (ConfUtils.java:logGet(43)) - raft.server.log.statemachine.data.sync.timeout.retry = -1 (default)
2019-09-24 22:36:08,690 [pool-117-thread-1] INFO  server.RaftServerConfigKeys (ConfUtils.java:logGet(43)) - raft.server.log.statemachine.data.caching.enabled = true (custom)
2019-09-24 22:36:08,690 [pool-37-thread-1] INFO  server.RaftServerConfigKeys (ConfUtils.java:logGet(43)) - raft.server.log.statemachine.data.caching.enabled = true (custom)
2019-09-24 22:36:08,690 [pool-117-thread-1] INFO  segmented.SegmentedRaftLogWorker (SegmentedRaftLogWorker.java:lambda$new$0(132)) - 533bf916-75bc-4ef0-b696-2f1d5164c628@group-9DA5C9124E79-SegmentedRaftLogWorker: flushIndex: setUnconditionally 0 -> -1
2019-09-24 22:36:08,690 [pool-37-thread-1] INFO  segmented.SegmentedRaftLogWorker (SegmentedRaftLogWorker.java:lambda$new$0(132)) - d1d412fa-610f-4a7d-9756-a1129e219702@group-9DA5C9124E79-SegmentedRaftLogWorker: flushIndex: setUnconditionally 0 -> -1
2019-09-24 22:36:08,690 [pool-117-thread-1] INFO  server.RaftServerConfigKeys (ConfUtils.java:logGet(43)) - raft.server.snapshot.auto.trigger.enabled = true (custom)
2019-09-24 22:36:08,690 [pool-117-thread-1] INFO  server.RaftServerConfigKeys (ConfUtils.java:logGet(43)) - raft.server.snapshot.auto.trigger.threshold = 10000 (custom)
2019-09-24 22:36:08,691 [pool-37-thread-1] INFO  server.RaftServerConfigKeys (ConfUtils.java:logGet(43)) - raft.server.snapshot.auto.trigger.enabled = true (custom)
2019-09-24 22:36:08,691 [pool-117-thread-1] INFO  server.RaftServerConfigKeys (ConfUtils.java:logGet(43)) - raft.server.snapshot.retention.num.files = 5 (custom)
2019-09-24 22:36:08,691 [pool-37-thread-1] INFO  server.RaftServerConfigKeys (ConfUtils.java:logGet(43)) - raft.server.snapshot.auto.trigger.threshold = 10000 (custom)
2019-09-24 22:36:08,691 [pool-117-thread-1] INFO  server.RaftServerConfigKeys (ConfUtils.java:logGet(43)) - raft.server.retrycache.expirytime = 600000ms (custom)
2019-09-24 22:36:08,691 [pool-107-thread-1] INFO  impl.RaftServerImpl (RaftServerImpl.java:start(185)) - 21c95cdb-d9ea-42ca-a1c8-516e3611f91d@group-9DA5C9124E79: start as a follower, conf=-1: [d1d412fa-610f-4a7d-9756-a1129e219702:192.168.151.66:40539, 533bf916-75bc-4ef0-b696-2f1d5164c628:192.168.151.66:46232, 21c95cdb-d9ea-42ca-a1c8-516e3611f91d:192.168.151.66:39006], old=null
2019-09-24 22:36:08,691 [pool-37-thread-1] INFO  server.RaftServerConfigKeys (ConfUtils.java:logGet(43)) - raft.server.snapshot.retention.num.files = 5 (custom)
2019-09-24 22:36:08,691 [pool-107-thread-1] INFO  impl.RaftServerImpl (RaftServerImpl.java:setRole(174)) - 21c95cdb-d9ea-42ca-a1c8-516e3611f91d@group-9DA5C9124E79: changes role from      null to FOLLOWER at term 0 for startAsFollower
2019-09-24 22:36:08,692 [pool-37-thread-1] INFO  server.RaftServerConfigKeys (ConfUtils.java:logGet(43)) - raft.server.retrycache.expirytime = 600000ms (custom)
2019-09-24 22:36:08,692 [pool-107-thread-1] INFO  impl.RoleInfo (RoleInfo.java:updateAndGet(143)) - 21c95cdb-d9ea-42ca-a1c8-516e3611f91d: start FollowerState
2019-09-24 22:36:08,692 [pool-107-thread-1] INFO  util.JmxRegister (JmxRegister.java:tryRegister(44)) - Successfully registered JMX Bean with object name Ratis:service=RaftServer,group=group-9DA5C9124E79,id=21c95cdb-d9ea-42ca-a1c8-516e3611f91d
2019-09-24 22:36:08,694 [pool-117-thread-1] INFO  impl.RaftServerImpl (RaftServerImpl.java:start(185)) - 533bf916-75bc-4ef0-b696-2f1d5164c628@group-9DA5C9124E79: start as a follower, conf=-1: [d1d412fa-610f-4a7d-9756-a1129e219702:192.168.151.66:40539, 533bf916-75bc-4ef0-b696-2f1d5164c628:192.168.151.66:46232, 21c95cdb-d9ea-42ca-a1c8-516e3611f91d:192.168.151.66:39006], old=null
2019-09-24 22:36:08,694 [pool-117-thread-1] INFO  impl.RaftServerImpl (RaftServerImpl.java:setRole(174)) - 533bf916-75bc-4ef0-b696-2f1d5164c628@group-9DA5C9124E79: changes role from      null to FOLLOWER at term 0 for startAsFollower
2019-09-24 22:36:08,697 [pool-117-thread-1] INFO  impl.RoleInfo (RoleInfo.java:updateAndGet(143)) - 533bf916-75bc-4ef0-b696-2f1d5164c628: start FollowerState
2019-09-24 22:36:08,697 [pool-37-thread-1] INFO  impl.RaftServerImpl (RaftServerImpl.java:start(185)) - d1d412fa-610f-4a7d-9756-a1129e219702@group-9DA5C9124E79: start as a follower, conf=-1: [d1d412fa-610f-4a7d-9756-a1129e219702:192.168.151.66:40539, 533bf916-75bc-4ef0-b696-2f1d5164c628:192.168.151.66:46232, 21c95cdb-d9ea-42ca-a1c8-516e3611f91d:192.168.151.66:39006], old=null
2019-09-24 22:36:08,698 [pool-37-thread-1] INFO  impl.RaftServerImpl (RaftServerImpl.java:setRole(174)) - d1d412fa-610f-4a7d-9756-a1129e219702@group-9DA5C9124E79: changes role from      null to FOLLOWER at term 0 for startAsFollower
2019-09-24 22:36:08,698 [pool-117-thread-1] INFO  util.JmxRegister (JmxRegister.java:tryRegister(44)) - Successfully registered JMX Bean with object name Ratis:service=RaftServer,group=group-9DA5C9124E79,id=533bf916-75bc-4ef0-b696-2f1d5164c628
2019-09-24 22:36:08,708 [pool-37-thread-1] INFO  impl.RoleInfo (RoleInfo.java:updateAndGet(143)) - d1d412fa-610f-4a7d-9756-a1129e219702: start FollowerState
2019-09-24 22:36:08,709 [pool-37-thread-1] INFO  util.JmxRegister (JmxRegister.java:tryRegister(44)) - Successfully registered JMX Bean with object name Ratis:service=RaftServer,group=group-9DA5C9124E79,id=d1d412fa-610f-4a7d-9756-a1129e219702
2019-09-24 22:36:08,718 [RatisPipelineUtilsThread] INFO  pipeline.PipelineStateManager (PipelineStateManager.java:addPipeline(56)) - Created pipeline Pipeline[ Id: 97e81cb1-0415-4fdf-99c3-9da5c9124e79, Nodes: 533bf916-75bc-4ef0-b696-2f1d5164c628{ip: 192.168.151.66, host: pr-hdds-2162-v2v4x-1150571016, networkLocation: /default-rack, certSerialId: null}21c95cdb-d9ea-42ca-a1c8-516e3611f91d{ip: 192.168.151.66, host: pr-hdds-2162-v2v4x-1150571016, networkLocation: /default-rack, certSerialId: null}d1d412fa-610f-4a7d-9756-a1129e219702{ip: 192.168.151.66, host: pr-hdds-2162-v2v4x-1150571016, networkLocation: /default-rack, certSerialId: null}, Type:RATIS, Factor:THREE, State:OPEN]
2019-09-24 22:36:08,744 [grpc-default-executor-2] INFO  impl.RaftServerProxy (RaftServerProxy.java:addNew(89)) - 5bc73eaa-12d0-4a96-a0e8-4b461f9d9ac4: addNew group-4C295D2E039F:[e600257f-a92d-418f-8862-d602fe0582b6:192.168.151.66:42621, fe8f780e-0bc6-4afd-b8a0-025a86d6d1c8:192.168.151.66:39079, 5bc73eaa-12d0-4a96-a0e8-4b461f9d9ac4:192.168.151.66:33216] returns group-4C295D2E039F:java.util.concurrent.CompletableFuture@36c3e632[Not completed]
2019-09-24 22:36:08,750 [grpc-default-executor-2] INFO  impl.RaftServerProxy (RaftServerProxy.java:addNew(89)) - e600257f-a92d-418f-8862-d602fe0582b6: addNew group-4C295D2E039F:[e600257f-a92d-418f-8862-d602fe0582b6:192.168.151.66:42621, fe8f780e-0bc6-4afd-b8a0-025a86d6d1c8:192.168.151.66:39079, 5bc73eaa-12d0-4a96-a0e8-4b461f9d9ac4:192.168.151.66:33216] returns group-4C295D2E039F:java.util.concurrent.CompletableFuture@373532e2[Not completed]
2019-09-24 22:36:08,750 [grpc-default-executor-0] INFO  impl.RaftServerProxy (RaftServerProxy.java:addNew(89)) - fe8f780e-0bc6-4afd-b8a0-025a86d6d1c8: addNew group-4C295D2E039F:[e600257f-a92d-418f-8862-d602fe0582b6:192.168.151.66:42621, fe8f780e-0bc6-4afd-b8a0-025a86d6d1c8:192.168.151.66:39079, 5bc73eaa-12d0-4a96-a0e8-4b461f9d9ac4:192.168.151.66:33216] returns group-4C295D2E039F:java.util.concurrent.CompletableFuture@587dbdee[Not completed]
2019-09-24 22:36:08,753 [pool-57-thread-1] INFO  impl.RaftServerImpl (RaftServerImpl.java:<init>(95)) - 5bc73eaa-12d0-4a96-a0e8-4b461f9d9ac4: new RaftServerImpl for group-4C295D2E039F:[e600257f-a92d-418f-8862-d602fe0582b6:192.168.151.66:42621, fe8f780e-0bc6-4afd-b8a0-025a86d6d1c8:192.168.151.66:39079, 5bc73eaa-12d0-4a96-a0e8-4b461f9d9ac4:192.168.151.66:33216] with ContainerStateMachine:uninitialized
2019-09-24 22:36:08,754 [pool-57-thread-1] INFO  server.RaftServerConfigKeys (ConfUtils.java:logGet(43)) - raft.server.rpc.timeout.min = 5s (custom)
2019-09-24 22:36:08,754 [pool-57-thread-1] INFO  server.RaftServerConfigKeys (ConfUtils.java:logGet(43)) - raft.server.rpc.timeout.max = 5200ms (custom)
2019-09-24 22:36:08,754 [pool-57-thread-1] INFO  server.RaftServerConfigKeys (ConfUtils.java:logGet(43)) - raft.server.rpcslowness.timeout = 120s (custom)
2019-09-24 22:36:08,754 [pool-57-thread-1] INFO  server.RaftServerConfigKeys (ConfUtils.java:logGet(43)) - raft.server.sleep.deviation.threshold = 300 (default)
2019-09-24 22:36:08,754 [pool-57-thread-1] INFO  server.RaftServerConfigKeys (ConfUtils.java:logGet(43)) - raft.server.log.appender.install.snapshot.enabled = false (custom)
2019-09-24 22:36:08,754 [pool-97-thread-1] INFO  impl.RaftServerImpl (RaftServerImpl.java:<init>(95)) - e600257f-a92d-418f-8862-d602fe0582b6: new RaftServerImpl for group-4C295D2E039F:[e600257f-a92d-418f-8862-d602fe0582b6:192.168.151.66:42621, fe8f780e-0bc6-4afd-b8a0-025a86d6d1c8:192.168.151.66:39079, 5bc73eaa-12d0-4a96-a0e8-4b461f9d9ac4:192.168.151.66:33216] with ContainerStateMachine:uninitialized
2019-09-24 22:36:08,755 [pool-57-thread-1] INFO  impl.RaftServerImpl (ServerState.java:<init>(103)) - 5bc73eaa-12d0-4a96-a0e8-4b461f9d9ac4@group-4C295D2E039F: ConfigurationManager, init=-1: [e600257f-a92d-418f-8862-d602fe0582b6:192.168.151.66:42621, fe8f780e-0bc6-4afd-b8a0-025a86d6d1c8:192.168.151.66:39079, 5bc73eaa-12d0-4a96-a0e8-4b461f9d9ac4:192.168.151.66:33216], old=null, confs=<EMPTY_MAP>
2019-09-24 22:36:08,755 [pool-97-thread-1] INFO  server.RaftServerConfigKeys (ConfUtils.java:logGet(43)) - raft.server.rpc.timeout.min = 5s (custom)
2019-09-24 22:36:08,755 [pool-57-thread-1] INFO  server.RaftServerConfigKeys (ConfUtils.java:logGet(43)) - raft.server.storage.dir = [/workdir/hadoop-ozone/integration-test/target/test-dir/MiniOzoneClusterImpl-95732fd8-3d66-4978-936c-af465de6078a/datanode-3/data/ratis] (custom)
2019-09-24 22:36:08,755 [pool-97-thread-1] INFO  server.RaftServerConfigKeys (ConfUtils.java:logGet(43)) - raft.server.rpc.timeout.max = 5200ms (custom)
2019-09-24 22:36:08,755 [pool-77-thread-1] INFO  impl.RaftServerImpl (RaftServerImpl.java:<init>(95)) - fe8f780e-0bc6-4afd-b8a0-025a86d6d1c8: new RaftServerImpl for group-4C295D2E039F:[e600257f-a92d-418f-8862-d602fe0582b6:192.168.151.66:42621, fe8f780e-0bc6-4afd-b8a0-025a86d6d1c8:192.168.151.66:39079, 5bc73eaa-12d0-4a96-a0e8-4b461f9d9ac4:192.168.151.66:33216] with ContainerStateMachine:uninitialized
2019-09-24 22:36:08,755 [pool-97-thread-1] INFO  server.RaftServerConfigKeys (ConfUtils.java:logGet(43)) - raft.server.rpcslowness.timeout = 120s (custom)
2019-09-24 22:36:08,755 [pool-77-thread-1] INFO  server.RaftServerConfigKeys (ConfUtils.java:logGet(43)) - raft.server.rpc.timeout.min = 5s (custom)
2019-09-24 22:36:08,755 [pool-57-thread-1] INFO  storage.RaftStorageDirectory (RaftStorageDirectory.java:analyzeStorage(246)) - The storage directory /workdir/hadoop-ozone/integration-test/target/test-dir/MiniOzoneClusterImpl-95732fd8-3d66-4978-936c-af465de6078a/datanode-3/data/ratis/da89f906-07c7-49aa-bc22-4c295d2e039f does not exist. Creating ...
2019-09-24 22:36:08,756 [pool-77-thread-1] INFO  server.RaftServerConfigKeys (ConfUtils.java:logGet(43)) - raft.server.rpc.timeout.max = 5200ms (custom)
2019-09-24 22:36:08,756 [pool-97-thread-1] INFO  server.RaftServerConfigKeys (ConfUtils.java:logGet(43)) - raft.server.sleep.deviation.threshold = 300 (default)
2019-09-24 22:36:08,756 [pool-77-thread-1] INFO  server.RaftServerConfigKeys (ConfUtils.java:logGet(43)) - raft.server.rpcslowness.timeout = 120s (custom)
2019-09-24 22:36:08,756 [pool-97-thread-1] INFO  server.RaftServerConfigKeys (ConfUtils.java:logGet(43)) - raft.server.log.appender.install.snapshot.enabled = false (custom)
2019-09-24 22:36:08,756 [pool-77-thread-1] INFO  server.RaftServerConfigKeys (ConfUtils.java:logGet(43)) - raft.server.sleep.deviation.threshold = 300 (default)
2019-09-24 22:36:08,756 [pool-97-thread-1] INFO  impl.RaftServerImpl (ServerState.java:<init>(103)) - e600257f-a92d-418f-8862-d602fe0582b6@group-4C295D2E039F: ConfigurationManager, init=-1: [e600257f-a92d-418f-8862-d602fe0582b6:192.168.151.66:42621, fe8f780e-0bc6-4afd-b8a0-025a86d6d1c8:192.168.151.66:39079, 5bc73eaa-12d0-4a96-a0e8-4b461f9d9ac4:192.168.151.66:33216], old=null, confs=<EMPTY_MAP>
2019-09-24 22:36:08,757 [pool-77-thread-1] INFO  server.RaftServerConfigKeys (ConfUtils.java:logGet(43)) - raft.server.log.appender.install.snapshot.enabled = false (custom)
2019-09-24 22:36:08,757 [pool-97-thread-1] INFO  server.RaftServerConfigKeys (ConfUtils.java:logGet(43)) - raft.server.storage.dir = [/workdir/hadoop-ozone/integration-test/target/test-dir/MiniOzoneClusterImpl-95732fd8-3d66-4978-936c-af465de6078a/datanode-7/data/ratis] (custom)
2019-09-24 22:36:08,757 [pool-77-thread-1] INFO  impl.RaftServerImpl (ServerState.java:<init>(103)) - fe8f780e-0bc6-4afd-b8a0-025a86d6d1c8@group-4C295D2E039F: ConfigurationManager, init=-1: [e600257f-a92d-418f-8862-d602fe0582b6:192.168.151.66:42621, fe8f780e-0bc6-4afd-b8a0-025a86d6d1c8:192.168.151.66:39079, 5bc73eaa-12d0-4a96-a0e8-4b461f9d9ac4:192.168.151.66:33216], old=null, confs=<EMPTY_MAP>
2019-09-24 22:36:08,757 [pool-77-thread-1] INFO  server.RaftServerConfigKeys (ConfUtils.java:logGet(43)) - raft.server.storage.dir = [/workdir/hadoop-ozone/integration-test/target/test-dir/MiniOzoneClusterImpl-95732fd8-3d66-4978-936c-af465de6078a/datanode-5/data/ratis] (custom)
2019-09-24 22:36:08,757 [pool-97-thread-1] INFO  storage.RaftStorageDirectory (RaftStorageDirectory.java:analyzeStorage(246)) - The storage directory /workdir/hadoop-ozone/integration-test/target/test-dir/MiniOzoneClusterImpl-95732fd8-3d66-4978-936c-af465de6078a/datanode-7/data/ratis/da89f906-07c7-49aa-bc22-4c295d2e039f does not exist. Creating ...
2019-09-24 22:36:08,758 [pool-77-thread-1] INFO  storage.RaftStorageDirectory (RaftStorageDirectory.java:analyzeStorage(246)) - The storage directory /workdir/hadoop-ozone/integration-test/target/test-dir/MiniOzoneClusterImpl-95732fd8-3d66-4978-936c-af465de6078a/datanode-5/data/ratis/da89f906-07c7-49aa-bc22-4c295d2e039f does not exist. Creating ...
2019-09-24 22:36:08,779 [pool-97-thread-1] INFO  storage.RaftStorageDirectory (RaftStorageDirectory.java:tryLock(328)) - Lock on /workdir/hadoop-ozone/integration-test/target/test-dir/MiniOzoneClusterImpl-95732fd8-3d66-4978-936c-af465de6078a/datanode-7/data/ratis/da89f906-07c7-49aa-bc22-4c295d2e039f/in_use.lock acquired by nodename 27548@pr-hdds-2162-v2v4x-1150571016
2019-09-24 22:36:08,780 [pool-77-thread-1] INFO  storage.RaftStorageDirectory (RaftStorageDirectory.java:tryLock(328)) - Lock on /workdir/hadoop-ozone/integration-test/target/test-dir/MiniOzoneClusterImpl-95732fd8-3d66-4978-936c-af465de6078a/datanode-5/data/ratis/da89f906-07c7-49aa-bc22-4c295d2e039f/in_use.lock acquired by nodename 27548@pr-hdds-2162-v2v4x-1150571016
2019-09-24 22:36:08,780 [pool-57-thread-1] INFO  storage.RaftStorageDirectory (RaftStorageDirectory.java:tryLock(328)) - Lock on /workdir/hadoop-ozone/integration-test/target/test-dir/MiniOzoneClusterImpl-95732fd8-3d66-4978-936c-af465de6078a/datanode-3/data/ratis/da89f906-07c7-49aa-bc22-4c295d2e039f/in_use.lock acquired by nodename 27548@pr-hdds-2162-v2v4x-1150571016
2019-09-24 22:36:08,793 [pool-97-thread-1] INFO  storage.RaftStorage (RaftStorage.java:format(72)) - Storage directory /workdir/hadoop-ozone/integration-test/target/test-dir/MiniOzoneClusterImpl-95732fd8-3d66-4978-936c-af465de6078a/datanode-7/data/ratis/da89f906-07c7-49aa-bc22-4c295d2e039f has been successfully formatted.
2019-09-24 22:36:08,793 [pool-57-thread-1] INFO  storage.RaftStorage (RaftStorage.java:format(72)) - Storage directory /workdir/hadoop-ozone/integration-test/target/test-dir/MiniOzoneClusterImpl-95732fd8-3d66-4978-936c-af465de6078a/datanode-3/data/ratis/da89f906-07c7-49aa-bc22-4c295d2e039f has been successfully formatted.
2019-09-24 22:36:08,793 [pool-77-thread-1] INFO  storage.RaftStorage (RaftStorage.java:format(72)) - Storage directory /workdir/hadoop-ozone/integration-test/target/test-dir/MiniOzoneClusterImpl-95732fd8-3d66-4978-936c-af465de6078a/datanode-5/data/ratis/da89f906-07c7-49aa-bc22-4c295d2e039f has been successfully formatted.
2019-09-24 22:36:08,794 [pool-97-thread-1] INFO  ratis.ContainerStateMachine (ContainerStateMachine.java:loadSnapshot(230)) - group-4C295D2E039F: The snapshot info is null. Setting the last applied indexto:(t:0, i:~)
2019-09-24 22:36:08,794 [pool-57-thread-1] INFO  ratis.ContainerStateMachine (ContainerStateMachine.java:loadSnapshot(230)) - group-4C295D2E039F: The snapshot info is null. Setting the last applied indexto:(t:0, i:~)
2019-09-24 22:36:08,794 [pool-97-thread-1] INFO  server.RaftServerConfigKeys (ConfUtils.java:logGet(43)) - raft.server.notification.no-leader.timeout = 120s (custom)
2019-09-24 22:36:08,794 [pool-77-thread-1] INFO  ratis.ContainerStateMachine (ContainerStateMachine.java:loadSnapshot(230)) - group-4C295D2E039F: The snapshot info is null. Setting the last applied indexto:(t:0, i:~)
2019-09-24 22:36:08,794 [pool-97-thread-1] INFO  server.RaftServerConfigKeys (ConfUtils.java:logGet(43)) - raft.server.log.use.memory = false (default)
2019-09-24 22:36:08,794 [pool-57-thread-1] INFO  server.RaftServerConfigKeys (ConfUtils.java:logGet(43)) - raft.server.notification.no-leader.timeout = 120s (custom)
2019-09-24 22:36:08,795 [pool-97-thread-1] INFO  server.RaftServerConfigKeys (ConfUtils.java:logGet(43)) - raft.server.log.purge.gap = 1000000 (custom)
2019-09-24 22:36:08,795 [pool-77-thread-1] INFO  server.RaftServerConfigKeys (ConfUtils.java:logGet(43)) - raft.server.notification.no-leader.timeout = 120s (custom)
2019-09-24 22:36:08,795 [pool-97-thread-1] INFO  server.RaftServerConfigKeys (ConfUtils.java:logGet(43)) - raft.server.log.appender.buffer.byte-limit = 33554432 (custom)
2019-09-24 22:36:08,795 [pool-57-thread-1] INFO  server.RaftServerConfigKeys (ConfUtils.java:logGet(43)) - raft.server.log.use.memory = false (default)
2019-09-24 22:36:08,795 [pool-97-thread-1] INFO  server.RaftServerConfigKeys (ConfUtils.java:logGet(43)) - raft.server.log.segment.size.max = 1048576 (custom)
2019-09-24 22:36:08,795 [pool-77-thread-1] INFO  server.RaftServerConfigKeys (ConfUtils.java:logGet(43)) - raft.server.log.use.memory = false (default)
2019-09-24 22:36:08,796 [pool-97-thread-1] INFO  server.RaftServerConfigKeys (ConfUtils.java:logGet(43)) - raft.server.log.segment.cache.num.max = 2 (custom)
2019-09-24 22:36:08,796 [pool-57-thread-1] INFO  server.RaftServerConfigKeys (ConfUtils.java:logGet(43)) - raft.server.log.purge.gap = 1000000 (custom)
2019-09-24 22:36:08,796 [pool-97-thread-1] INFO  segmented.SegmentedRaftLogWorker (SegmentedRaftLogWorker.java:<init>(172)) - new e600257f-a92d-418f-8862-d602fe0582b6@group-4C295D2E039F-SegmentedRaftLogWorker for RaftStorage:Storage Directory /workdir/hadoop-ozone/integration-test/target/test-dir/MiniOzoneClusterImpl-95732fd8-3d66-4978-936c-af465de6078a/datanode-7/data/ratis/da89f906-07c7-49aa-bc22-4c295d2e039f
2019-09-24 22:36:08,796 [pool-77-thread-1] INFO  server.RaftServerConfigKeys (ConfUtils.java:logGet(43)) - raft.server.log.purge.gap = 1000000 (custom)
2019-09-24 22:36:08,796 [pool-97-thread-1] INFO  server.RaftServerConfigKeys (ConfUtils.java:logGet(43)) - raft.server.log.queue.byte-limit = 2147483647 (custom)
2019-09-24 22:36:08,796 [pool-57-thread-1] INFO  server.RaftServerConfigKeys (ConfUtils.java:logGet(43)) - raft.server.log.appender.buffer.byte-limit = 33554432 (custom)
2019-09-24 22:36:08,797 [pool-97-thread-1] INFO  server.RaftServerConfigKeys (ConfUtils.java:logGet(43)) - raft.server.log.queue.element-limit = 1024 (custom)
2019-09-24 22:36:08,796 [pool-77-thread-1] INFO  server.RaftServerConfigKeys (ConfUtils.java:logGet(43)) - raft.server.log.appender.buffer.byte-limit = 33554432 (custom)
2019-09-24 22:36:08,797 [pool-97-thread-1] INFO  server.RaftServerConfigKeys (ConfUtils.java:logGet(43)) - raft.server.log.segment.size.max = 1048576 (custom)
2019-09-24 22:36:08,797 [pool-57-thread-1] INFO  server.RaftServerConfigKeys (ConfUtils.java:logGet(43)) - raft.server.log.segment.size.max = 1048576 (custom)
2019-09-24 22:36:08,797 [pool-97-thread-1] INFO  server.RaftServerConfigKeys (ConfUtils.java:logGet(43)) - raft.server.log.preallocated.size = 16384 (custom)
2019-09-24 22:36:08,797 [pool-77-thread-1] INFO  server.RaftServerConfigKeys (ConfUtils.java:logGet(43)) - raft.server.log.segment.size.max = 1048576 (custom)
2019-09-24 22:36:08,798 [pool-97-thread-1] INFO  server.RaftServerConfigKeys (ConfUtils.java:logGet(43)) - raft.server.log.write.buffer.size = 33554432 (custom)
2019-09-24 22:36:08,797 [pool-57-thread-1] INFO  server.RaftServerConfigKeys (ConfUtils.java:logGet(43)) - raft.server.log.segment.cache.num.max = 2 (custom)
2019-09-24 22:36:08,798 [pool-97-thread-1] INFO  server.RaftServerConfigKeys (ConfUtils.java:logGet(43)) - raft.server.log.force.sync.num = 128 (default)
2019-09-24 22:36:08,798 [pool-77-thread-1] INFO  server.RaftServerConfigKeys (ConfUtils.java:logGet(43)) - raft.server.log.segment.cache.num.max = 2 (custom)
2019-09-24 22:36:08,798 [pool-97-thread-1] INFO  server.RaftServerConfigKeys (ConfUtils.java:logGet(43)) - raft.server.log.statemachine.data.sync = true (default)
2019-09-24 22:36:08,798 [pool-57-thread-1] INFO  segmented.SegmentedRaftLogWorker (SegmentedRaftLogWorker.java:<init>(172)) - new 5bc73eaa-12d0-4a96-a0e8-4b461f9d9ac4@group-4C295D2E039F-SegmentedRaftLogWorker for RaftStorage:Storage Directory /workdir/hadoop-ozone/integration-test/target/test-dir/MiniOzoneClusterImpl-95732fd8-3d66-4978-936c-af465de6078a/datanode-3/data/ratis/da89f906-07c7-49aa-bc22-4c295d2e039f
2019-09-24 22:36:08,799 [pool-97-thread-1] INFO  server.RaftServerConfigKeys (ConfUtils.java:logGet(43)) - raft.server.log.statemachine.data.sync.timeout = 10s (default)
2019-09-24 22:36:08,798 [pool-77-thread-1] INFO  segmented.SegmentedRaftLogWorker (SegmentedRaftLogWorker.java:<init>(172)) - new fe8f780e-0bc6-4afd-b8a0-025a86d6d1c8@group-4C295D2E039F-SegmentedRaftLogWorker for RaftStorage:Storage Directory /workdir/hadoop-ozone/integration-test/target/test-dir/MiniOzoneClusterImpl-95732fd8-3d66-4978-936c-af465de6078a/datanode-5/data/ratis/da89f906-07c7-49aa-bc22-4c295d2e039f
2019-09-24 22:36:08,799 [pool-97-thread-1] INFO  server.RaftServerConfigKeys (ConfUtils.java:logGet(43)) - raft.server.log.statemachine.data.sync.timeout.retry = -1 (default)
2019-09-24 22:36:08,799 [pool-57-thread-1] INFO  server.RaftServerConfigKeys (ConfUtils.java:logGet(43)) - raft.server.log.queue.byte-limit = 2147483647 (custom)
2019-09-24 22:36:08,799 [pool-97-thread-1] INFO  server.RaftServerConfigKeys (ConfUtils.java:logGet(43)) - raft.server.log.statemachine.data.caching.enabled = true (custom)
2019-09-24 22:36:08,799 [pool-77-thread-1] INFO  server.RaftServerConfigKeys (ConfUtils.java:logGet(43)) - raft.server.log.queue.byte-limit = 2147483647 (custom)
2019-09-24 22:36:08,800 [pool-97-thread-1] INFO  segmented.SegmentedRaftLogWorker (SegmentedRaftLogWorker.java:lambda$new$0(132)) - e600257f-a92d-418f-8862-d602fe0582b6@group-4C295D2E039F-SegmentedRaftLogWorker: flushIndex: setUnconditionally 0 -> -1
2019-09-24 22:36:08,799 [pool-57-thread-1] INFO  server.RaftServerConfigKeys (ConfUtils.java:logGet(43)) - raft.server.log.queue.element-limit = 1024 (custom)
2019-09-24 22:36:08,800 [pool-77-thread-1] INFO  server.RaftServerConfigKeys (ConfUtils.java:logGet(43)) - raft.server.log.queue.element-limit = 1024 (custom)
2019-09-24 22:36:08,800 [pool-57-thread-1] INFO  server.RaftServerConfigKeys (ConfUtils.java:logGet(43)) - raft.server.log.segment.size.max = 1048576 (custom)
2019-09-24 22:36:08,800 [pool-97-thread-1] INFO  server.RaftServerConfigKeys (ConfUtils.java:logGet(43)) - raft.server.snapshot.auto.trigger.enabled = true (custom)
2019-09-24 22:36:08,800 [pool-57-thread-1] INFO  server.RaftServerConfigKeys (ConfUtils.java:logGet(43)) - raft.server.log.preallocated.size = 16384 (custom)
2019-09-24 22:36:08,800 [pool-77-thread-1] INFO  server.RaftServerConfigKeys (ConfUtils.java:logGet(43)) - raft.server.log.segment.size.max = 1048576 (custom)
2019-09-24 22:36:08,801 [pool-57-thread-1] INFO  server.RaftServerConfigKeys (ConfUtils.java:logGet(43)) - raft.server.log.write.buffer.size = 33554432 (custom)
2019-09-24 22:36:08,801 [pool-97-thread-1] INFO  server.RaftServerConfigKeys (ConfUtils.java:logGet(43)) - raft.server.snapshot.auto.trigger.threshold = 10000 (custom)
2019-09-24 22:36:08,801 [pool-57-thread-1] INFO  server.RaftServerConfigKeys (ConfUtils.java:logGet(43)) - raft.server.log.force.sync.num = 128 (default)
2019-09-24 22:36:08,801 [pool-57-thread-1] INFO  server.RaftServerConfigKeys (ConfUtils.java:logGet(43)) - raft.server.log.statemachine.data.sync = true (default)
2019-09-24 22:36:08,801 [pool-77-thread-1] INFO  server.RaftServerConfigKeys (ConfUtils.java:logGet(43)) - raft.server.log.preallocated.size = 16384 (custom)
2019-09-24 22:36:08,802 [pool-57-thread-1] INFO  server.RaftServerConfigKeys (ConfUtils.java:logGet(43)) - raft.server.log.statemachine.data.sync.timeout = 10s (default)
2019-09-24 22:36:08,801 [pool-97-thread-1] INFO  server.RaftServerConfigKeys (ConfUtils.java:logGet(43)) - raft.server.snapshot.retention.num.files = 5 (custom)
2019-09-24 22:36:08,802 [pool-57-thread-1] INFO  server.RaftServerConfigKeys (ConfUtils.java:logGet(43)) - raft.server.log.statemachine.data.sync.timeout.retry = -1 (default)
2019-09-24 22:36:08,802 [pool-77-thread-1] INFO  server.RaftServerConfigKeys (ConfUtils.java:logGet(43)) - raft.server.log.write.buffer.size = 33554432 (custom)
2019-09-24 22:36:08,802 [pool-57-thread-1] INFO  server.RaftServerConfigKeys (ConfUtils.java:logGet(43)) - raft.server.log.statemachine.data.caching.enabled = true (custom)
2019-09-24 22:36:08,802 [pool-97-thread-1] INFO  server.RaftServerConfigKeys (ConfUtils.java:logGet(43)) - raft.server.retrycache.expirytime = 600000ms (custom)
2019-09-24 22:36:08,802 [pool-77-thread-1] INFO  server.RaftServerConfigKeys (ConfUtils.java:logGet(43)) - raft.server.log.force.sync.num = 128 (default)
2019-09-24 22:36:08,803 [pool-57-thread-1] INFO  segmented.SegmentedRaftLogWorker (SegmentedRaftLogWorker.java:lambda$new$0(132)) - 5bc73eaa-12d0-4a96-a0e8-4b461f9d9ac4@group-4C295D2E039F-SegmentedRaftLogWorker: flushIndex: setUnconditionally 0 -> -1
2019-09-24 22:36:08,803 [pool-77-thread-1] INFO  server.RaftServerConfigKeys (ConfUtils.java:logGet(43)) - raft.server.log.statemachine.data.sync = true (default)
2019-09-24 22:36:08,803 [pool-77-thread-1] INFO  server.RaftServerConfigKeys (ConfUtils.java:logGet(43)) - raft.server.log.statemachine.data.sync.timeout = 10s (default)
2019-09-24 22:36:08,803 [pool-57-thread-1] INFO  server.RaftServerConfigKeys (ConfUtils.java:logGet(43)) - raft.server.snapshot.auto.trigger.enabled = true (custom)
2019-09-24 22:36:08,803 [pool-77-thread-1] INFO  server.RaftServerConfigKeys (ConfUtils.java:logGet(43)) - raft.server.log.statemachine.data.sync.timeout.retry = -1 (default)
2019-09-24 22:36:08,804 [pool-57-thread-1] INFO  server.RaftServerConfigKeys (ConfUtils.java:logGet(43)) - raft.server.snapshot.auto.trigger.threshold = 10000 (custom)
2019-09-24 22:36:08,804 [pool-77-thread-1] INFO  server.RaftServerConfigKeys (ConfUtils.java:logGet(43)) - raft.server.log.statemachine.data.caching.enabled = true (custom)
2019-09-24 22:36:08,804 [pool-57-thread-1] INFO  server.RaftServerConfigKeys (ConfUtils.java:logGet(43)) - raft.server.snapshot.retention.num.files = 5 (custom)
2019-09-24 22:36:08,804 [pool-77-thread-1] INFO  segmented.SegmentedRaftLogWorker (SegmentedRaftLogWorker.java:lambda$new$0(132)) - fe8f780e-0bc6-4afd-b8a0-025a86d6d1c8@group-4C295D2E039F-SegmentedRaftLogWorker: flushIndex: setUnconditionally 0 -> -1
2019-09-24 22:36:08,804 [pool-57-thread-1] INFO  server.RaftServerConfigKeys (ConfUtils.java:logGet(43)) - raft.server.retrycache.expirytime = 600000ms (custom)
2019-09-24 22:36:08,805 [pool-77-thread-1] INFO  server.RaftServerConfigKeys (ConfUtils.java:logGet(43)) - raft.server.snapshot.auto.trigger.enabled = true (custom)
2019-09-24 22:36:08,805 [pool-77-thread-1] INFO  server.RaftServerConfigKeys (ConfUtils.java:logGet(43)) - raft.server.snapshot.auto.trigger.threshold = 10000 (custom)
2019-09-24 22:36:08,805 [pool-77-thread-1] INFO  server.RaftServerConfigKeys (ConfUtils.java:logGet(43)) - raft.server.snapshot.retention.num.files = 5 (custom)
2019-09-24 22:36:08,805 [pool-77-thread-1] INFO  server.RaftServerConfigKeys (ConfUtils.java:logGet(43)) - raft.server.retrycache.expirytime = 600000ms (custom)
2019-09-24 22:36:08,805 [pool-97-thread-1] INFO  impl.RaftServerImpl (RaftServerImpl.java:start(185)) - e600257f-a92d-418f-8862-d602fe0582b6@group-4C295D2E039F: start as a follower, conf=-1: [e600257f-a92d-418f-8862-d602fe0582b6:192.168.151.66:42621, fe8f780e-0bc6-4afd-b8a0-025a86d6d1c8:192.168.151.66:39079, 5bc73eaa-12d0-4a96-a0e8-4b461f9d9ac4:192.168.151.66:33216], old=null
2019-09-24 22:36:08,805 [pool-97-thread-1] INFO  impl.RaftServerImpl (RaftServerImpl.java:setRole(174)) - e600257f-a92d-418f-8862-d602fe0582b6@group-4C295D2E039F: changes role from      null to FOLLOWER at term 0 for startAsFollower
2019-09-24 22:36:08,806 [pool-97-thread-1] INFO  impl.RoleInfo (RoleInfo.java:updateAndGet(143)) - e600257f-a92d-418f-8862-d602fe0582b6: start FollowerState
2019-09-24 22:36:08,806 [pool-97-thread-1] INFO  util.JmxRegister (JmxRegister.java:tryRegister(44)) - Successfully registered JMX Bean with object name Ratis:service=RaftServer,group=group-4C295D2E039F,id=e600257f-a92d-418f-8862-d602fe0582b6
2019-09-24 22:36:08,808 [pool-57-thread-1] INFO  impl.RaftServerImpl (RaftServerImpl.java:start(185)) - 5bc73eaa-12d0-4a96-a0e8-4b461f9d9ac4@group-4C295D2E039F: start as a follower, conf=-1: [e600257f-a92d-418f-8862-d602fe0582b6:192.168.151.66:42621, fe8f780e-0bc6-4afd-b8a0-025a86d6d1c8:192.168.151.66:39079, 5bc73eaa-12d0-4a96-a0e8-4b461f9d9ac4:192.168.151.66:33216], old=null
2019-09-24 22:36:08,808 [pool-57-thread-1] INFO  impl.RaftServerImpl (RaftServerImpl.java:setRole(174)) - 5bc73eaa-12d0-4a96-a0e8-4b461f9d9ac4@group-4C295D2E039F: changes role from      null to FOLLOWER at term 0 for startAsFollower
2019-09-24 22:36:08,808 [pool-57-thread-1] INFO  impl.RoleInfo (RoleInfo.java:updateAndGet(143)) - 5bc73eaa-12d0-4a96-a0e8-4b461f9d9ac4: start FollowerState
2019-09-24 22:36:08,808 [pool-77-thread-1] INFO  impl.RaftServerImpl (RaftServerImpl.java:start(185)) - fe8f780e-0bc6-4afd-b8a0-025a86d6d1c8@group-4C295D2E039F: start as a follower, conf=-1: [e600257f-a92d-418f-8862-d602fe0582b6:192.168.151.66:42621, fe8f780e-0bc6-4afd-b8a0-025a86d6d1c8:192.168.151.66:39079, 5bc73eaa-12d0-4a96-a0e8-4b461f9d9ac4:192.168.151.66:33216], old=null
2019-09-24 22:36:08,809 [pool-77-thread-1] INFO  impl.RaftServerImpl (RaftServerImpl.java:setRole(174)) - fe8f780e-0bc6-4afd-b8a0-025a86d6d1c8@group-4C295D2E039F: changes role from      null to FOLLOWER at term 0 for startAsFollower
2019-09-24 22:36:08,809 [pool-57-thread-1] INFO  util.JmxRegister (JmxRegister.java:tryRegister(44)) - Successfully registered JMX Bean with object name Ratis:service=RaftServer,group=group-4C295D2E039F,id=5bc73eaa-12d0-4a96-a0e8-4b461f9d9ac4
2019-09-24 22:36:08,811 [pool-77-thread-1] INFO  impl.RoleInfo (RoleInfo.java:updateAndGet(143)) - fe8f780e-0bc6-4afd-b8a0-025a86d6d1c8: start FollowerState
2019-09-24 22:36:08,811 [pool-77-thread-1] INFO  util.JmxRegister (JmxRegister.java:tryRegister(44)) - Successfully registered JMX Bean with object name Ratis:service=RaftServer,group=group-4C295D2E039F,id=fe8f780e-0bc6-4afd-b8a0-025a86d6d1c8
2019-09-24 22:36:08,824 [RatisPipelineUtilsThread] INFO  pipeline.PipelineStateManager (PipelineStateManager.java:addPipeline(56)) - Created pipeline Pipeline[ Id: da89f906-07c7-49aa-bc22-4c295d2e039f, Nodes: 5bc73eaa-12d0-4a96-a0e8-4b461f9d9ac4{ip: 192.168.151.66, host: pr-hdds-2162-v2v4x-1150571016, networkLocation: /default-rack, certSerialId: null}fe8f780e-0bc6-4afd-b8a0-025a86d6d1c8{ip: 192.168.151.66, host: pr-hdds-2162-v2v4x-1150571016, networkLocation: /default-rack, certSerialId: null}e600257f-a92d-418f-8862-d602fe0582b6{ip: 192.168.151.66, host: pr-hdds-2162-v2v4x-1150571016, networkLocation: /default-rack, certSerialId: null}, Type:RATIS, Factor:THREE, State:OPEN]
2019-09-24 22:36:09,480 [main] INFO  ipc.Client (Client.java:handleConnectionFailure(948)) - Retrying connect to server: localhost/127.0.0.1:0. Already tried 0 time(s); retry policy is RetryUpToMaximumCountWithFixedSleep(maxRetries=10, sleepTime=1000 MILLISECONDS)
2019-09-24 22:36:09,513 [Thread-283] INFO  container.ReplicationManager (ReplicationManager.java:start(162)) - Starting Replication Monitor Thread.
2019-09-24 22:36:09,521 [ReplicationMonitor] INFO  container.ReplicationManager (ReplicationManager.java:run(225)) - Replication Monitor Thread took 1 milliseconds for processing 0 containers.
2019-09-24 22:36:10,481 [main] INFO  ipc.Client (Client.java:handleConnectionFailure(948)) - Retrying connect to server: localhost/127.0.0.1:0. Already tried 1 time(s); retry policy is RetryUpToMaximumCountWithFixedSleep(maxRetries=10, sleepTime=1000 MILLISECONDS)
2019-09-24 22:36:11,482 [main] INFO  ipc.Client (Client.java:handleConnectionFailure(948)) - Retrying connect to server: localhost/127.0.0.1:0. Already tried 2 time(s); retry policy is RetryUpToMaximumCountWithFixedSleep(maxRetries=10, sleepTime=1000 MILLISECONDS)
2019-09-24 22:36:12,359 [Thread-285] INFO  impl.FollowerState (FollowerState.java:run(106)) - 11d0cc91-3d86-4eb8-b9bb-9a7c429fd5c8:group-0F269A6BBD06 changes to CANDIDATE, lastRpcTime:5048, electionTimeout:5047ms
2019-09-24 22:36:12,367 [Thread-285] INFO  impl.RoleInfo (RoleInfo.java:shutdownFollowerState(121)) - 11d0cc91-3d86-4eb8-b9bb-9a7c429fd5c8: shutdown FollowerState
2019-09-24 22:36:12,367 [Thread-285] INFO  impl.RaftServerImpl (RaftServerImpl.java:setRole(174)) - 11d0cc91-3d86-4eb8-b9bb-9a7c429fd5c8@group-0F269A6BBD06: changes role from  FOLLOWER to CANDIDATE at term 0 for changeToCandidate
2019-09-24 22:36:12,376 [Thread-285] INFO  impl.RoleInfo (RoleInfo.java:updateAndGet(143)) - 11d0cc91-3d86-4eb8-b9bb-9a7c429fd5c8: start LeaderElection
2019-09-24 22:36:12,396 [11d0cc91-3d86-4eb8-b9bb-9a7c429fd5c8@group-0F269A6BBD06:LeaderElection1] INFO  impl.LeaderElection (LeaderElection.java:askForVotes(182)) - 11d0cc91-3d86-4eb8-b9bb-9a7c429fd5c8@group-0F269A6BBD06:LeaderElection1: begin an election at term 1 for -1: [11d0cc91-3d86-4eb8-b9bb-9a7c429fd5c8:192.168.151.66:38070], old=null
2019-09-24 22:36:12,398 [11d0cc91-3d86-4eb8-b9bb-9a7c429fd5c8@group-0F269A6BBD06:LeaderElection1] INFO  impl.RoleInfo (RoleInfo.java:shutdownLeaderElection(134)) - 11d0cc91-3d86-4eb8-b9bb-9a7c429fd5c8: shutdown LeaderElection
2019-09-24 22:36:12,399 [11d0cc91-3d86-4eb8-b9bb-9a7c429fd5c8@group-0F269A6BBD06:LeaderElection1] INFO  impl.RaftServerImpl (RaftServerImpl.java:setRole(174)) - 11d0cc91-3d86-4eb8-b9bb-9a7c429fd5c8@group-0F269A6BBD06: changes role from CANDIDATE to LEADER at term 1 for changeToLeader
2019-09-24 22:36:12,399 [11d0cc91-3d86-4eb8-b9bb-9a7c429fd5c8@group-0F269A6BBD06:LeaderElection1] INFO  impl.RaftServerImpl (ServerState.java:setLeader(253)) - 11d0cc91-3d86-4eb8-b9bb-9a7c429fd5c8@group-0F269A6BBD06: change Leader from null to 11d0cc91-3d86-4eb8-b9bb-9a7c429fd5c8 at term 1 for becomeLeader, leader elected after 5209ms
2019-09-24 22:36:12,407 [11d0cc91-3d86-4eb8-b9bb-9a7c429fd5c8@group-0F269A6BBD06:LeaderElection1] INFO  server.RaftServerConfigKeys (ConfUtils.java:logGet(43)) - raft.server.staging.catchup.gap = 1000 (default)
2019-09-24 22:36:12,407 [11d0cc91-3d86-4eb8-b9bb-9a7c429fd5c8@group-0F269A6BBD06:LeaderElection1] INFO  server.RaftServerConfigKeys (ConfUtils.java:logGet(43)) - raft.server.rpc.sleep.time = 25ms (default)
2019-09-24 22:36:12,411 [11d0cc91-3d86-4eb8-b9bb-9a7c429fd5c8@group-0F269A6BBD06:LeaderElection1] INFO  server.RaftServerConfigKeys (ConfUtils.java:logGet(43)) - raft.server.write.element-limit = 4096 (default)
2019-09-24 22:36:12,415 [11d0cc91-3d86-4eb8-b9bb-9a7c429fd5c8@group-0F269A6BBD06:LeaderElection1] INFO  server.RaftServerConfigKeys (ConfUtils.java:logGet(43)) - raft.server.watch.timeout = 10s (default)
2019-09-24 22:36:12,415 [11d0cc91-3d86-4eb8-b9bb-9a7c429fd5c8@group-0F269A6BBD06:LeaderElection1] INFO  server.RaftServerConfigKeys (ConfUtils.java:logGet(43)) - raft.server.watch.timeout.denomination = 1s (default)
2019-09-24 22:36:12,417 [11d0cc91-3d86-4eb8-b9bb-9a7c429fd5c8@group-0F269A6BBD06:LeaderElection1] INFO  server.RaftServerConfigKeys (ConfUtils.java:logGet(43)) - raft.server.watch.element-limit = 65536 (default)
2019-09-24 22:36:12,434 [11d0cc91-3d86-4eb8-b9bb-9a7c429fd5c8@group-0F269A6BBD06:LeaderElection1] INFO  impl.RoleInfo (RoleInfo.java:updateAndGet(143)) - 11d0cc91-3d86-4eb8-b9bb-9a7c429fd5c8: start LeaderState
2019-09-24 22:36:12,464 [11d0cc91-3d86-4eb8-b9bb-9a7c429fd5c8@group-0F269A6BBD06:LeaderElection1] INFO  segmented.SegmentedRaftLogWorker (SegmentedRaftLogWorker.java:startLogSegment(380)) - 11d0cc91-3d86-4eb8-b9bb-9a7c429fd5c8@group-0F269A6BBD06-SegmentedRaftLogWorker: Starting segment from index:0
2019-09-24 22:36:12,474 [11d0cc91-3d86-4eb8-b9bb-9a7c429fd5c8@group-0F269A6BBD06:LeaderElection1] INFO  impl.RaftServerImpl (ServerState.java:setRaftConf(354)) - 11d0cc91-3d86-4eb8-b9bb-9a7c429fd5c8@group-0F269A6BBD06: set configuration 0: [11d0cc91-3d86-4eb8-b9bb-9a7c429fd5c8:192.168.151.66:38070], old=null at 0
2019-09-24 22:36:12,484 [main] INFO  ipc.Client (Client.java:handleConnectionFailure(948)) - Retrying connect to server: localhost/127.0.0.1:0. Already tried 3 time(s); retry policy is RetryUpToMaximumCountWithFixedSleep(maxRetries=10, sleepTime=1000 MILLISECONDS)
2019-09-24 22:36:12,598 [Thread-288] INFO  impl.FollowerState (FollowerState.java:run(106)) - 937d00a5-df36-4851-a0be-3aaed9d3a7ec:group-282121328516 changes to CANDIDATE, lastRpcTime:5074, electionTimeout:5073ms
2019-09-24 22:36:12,615 [Thread-288] INFO  impl.RoleInfo (RoleInfo.java:shutdownFollowerState(121)) - 937d00a5-df36-4851-a0be-3aaed9d3a7ec: shutdown FollowerState
2019-09-24 22:36:12,615 [Thread-288] INFO  impl.RaftServerImpl (RaftServerImpl.java:setRole(174)) - 937d00a5-df36-4851-a0be-3aaed9d3a7ec@group-282121328516: changes role from  FOLLOWER to CANDIDATE at term 0 for changeToCandidate
2019-09-24 22:36:12,616 [Thread-288] INFO  impl.RoleInfo (RoleInfo.java:updateAndGet(143)) - 937d00a5-df36-4851-a0be-3aaed9d3a7ec: start LeaderElection
2019-09-24 22:36:12,646 [937d00a5-df36-4851-a0be-3aaed9d3a7ec@group-282121328516:LeaderElection2] INFO  impl.LeaderElection (LeaderElection.java:askForVotes(182)) - 937d00a5-df36-4851-a0be-3aaed9d3a7ec@group-282121328516:LeaderElection2: begin an election at term 1 for -1: [937d00a5-df36-4851-a0be-3aaed9d3a7ec:192.168.151.66:33150], old=null
2019-09-24 22:36:12,646 [937d00a5-df36-4851-a0be-3aaed9d3a7ec@group-282121328516:LeaderElection2] INFO  impl.RoleInfo (RoleInfo.java:shutdownLeaderElection(134)) - 937d00a5-df36-4851-a0be-3aaed9d3a7ec: shutdown LeaderElection
2019-09-24 22:36:12,646 [937d00a5-df36-4851-a0be-3aaed9d3a7ec@group-282121328516:LeaderElection2] INFO  impl.RaftServerImpl (RaftServerImpl.java:setRole(174)) - 937d00a5-df36-4851-a0be-3aaed9d3a7ec@group-282121328516: changes role from CANDIDATE to LEADER at term 1 for changeToLeader
2019-09-24 22:36:12,646 [937d00a5-df36-4851-a0be-3aaed9d3a7ec@group-282121328516:LeaderElection2] INFO  impl.RaftServerImpl (ServerState.java:setLeader(253)) - 937d00a5-df36-4851-a0be-3aaed9d3a7ec@group-282121328516: change Leader from null to 937d00a5-df36-4851-a0be-3aaed9d3a7ec at term 1 for becomeLeader, leader elected after 5137ms
2019-09-24 22:36:12,647 [937d00a5-df36-4851-a0be-3aaed9d3a7ec@group-282121328516:LeaderElection2] INFO  server.RaftServerConfigKeys (ConfUtils.java:logGet(43)) - raft.server.staging.catchup.gap = 1000 (default)
2019-09-24 22:36:12,647 [937d00a5-df36-4851-a0be-3aaed9d3a7ec@group-282121328516:LeaderElection2] INFO  server.RaftServerConfigKeys (ConfUtils.java:logGet(43)) - raft.server.rpc.sleep.time = 25ms (default)
2019-09-24 22:36:12,647 [937d00a5-df36-4851-a0be-3aaed9d3a7ec@group-282121328516:LeaderElection2] INFO  server.RaftServerConfigKeys (ConfUtils.java:logGet(43)) - raft.server.write.element-limit = 4096 (default)
2019-09-24 22:36:12,647 [937d00a5-df36-4851-a0be-3aaed9d3a7ec@group-282121328516:LeaderElection2] INFO  server.RaftServerConfigKeys (ConfUtils.java:logGet(43)) - raft.server.watch.timeout = 10s (default)
2019-09-24 22:36:12,648 [937d00a5-df36-4851-a0be-3aaed9d3a7ec@group-282121328516:LeaderElection2] INFO  server.RaftServerConfigKeys (ConfUtils.java:logGet(43)) - raft.server.watch.timeout.denomination = 1s (default)
2019-09-24 22:36:12,648 [937d00a5-df36-4851-a0be-3aaed9d3a7ec@group-282121328516:LeaderElection2] INFO  server.RaftServerConfigKeys (ConfUtils.java:logGet(43)) - raft.server.watch.element-limit = 65536 (default)
2019-09-24 22:36:12,651 [937d00a5-df36-4851-a0be-3aaed9d3a7ec@group-282121328516:LeaderElection2] INFO  impl.RoleInfo (RoleInfo.java:updateAndGet(143)) - 937d00a5-df36-4851-a0be-3aaed9d3a7ec: start LeaderState
2019-09-24 22:36:12,651 [937d00a5-df36-4851-a0be-3aaed9d3a7ec@group-282121328516:LeaderElection2] INFO  segmented.SegmentedRaftLogWorker (SegmentedRaftLogWorker.java:startLogSegment(380)) - 937d00a5-df36-4851-a0be-3aaed9d3a7ec@group-282121328516-SegmentedRaftLogWorker: Starting segment from index:0
2019-09-24 22:36:12,652 [937d00a5-df36-4851-a0be-3aaed9d3a7ec@group-282121328516:LeaderElection2] INFO  impl.RaftServerImpl (ServerState.java:setRaftConf(354)) - 937d00a5-df36-4851-a0be-3aaed9d3a7ec@group-282121328516: set configuration 0: [937d00a5-df36-4851-a0be-3aaed9d3a7ec:192.168.151.66:33150], old=null at 0
2019-09-24 22:36:12,698 [11d0cc91-3d86-4eb8-b9bb-9a7c429fd5c8@group-0F269A6BBD06-SegmentedRaftLogWorker] INFO  segmented.SegmentedRaftLogWorker (SegmentedRaftLogWorker.java:execute(569)) - 11d0cc91-3d86-4eb8-b9bb-9a7c429fd5c8@group-0F269A6BBD06-SegmentedRaftLogWorker: created new log segment /workdir/hadoop-ozone/integration-test/target/test-dir/MiniOzoneClusterImpl-95732fd8-3d66-4978-936c-af465de6078a/datanode-0/data/ratis/9f51b975-18c2-4501-a7ae-0f269a6bbd06/current/log_inprogress_0
2019-09-24 22:36:12,698 [937d00a5-df36-4851-a0be-3aaed9d3a7ec@group-282121328516-SegmentedRaftLogWorker] INFO  segmented.SegmentedRaftLogWorker (SegmentedRaftLogWorker.java:execute(569)) - 937d00a5-df36-4851-a0be-3aaed9d3a7ec@group-282121328516-SegmentedRaftLogWorker: created new log segment /workdir/hadoop-ozone/integration-test/target/test-dir/MiniOzoneClusterImpl-95732fd8-3d66-4978-936c-af465de6078a/datanode-6/data/ratis/c19ef195-f433-4b4d-a1d6-282121328516/current/log_inprogress_0
2019-09-24 22:36:12,824 [Thread-291] INFO  impl.FollowerState (FollowerState.java:run(106)) - ba8da8c9-7047-42c0-b6d2-a7916db8a88b:group-FCCEB381F9A2 changes to CANDIDATE, lastRpcTime:5118, electionTimeout:5118ms
2019-09-24 22:36:12,828 [Thread-291] INFO  impl.RoleInfo (RoleInfo.java:shutdownFollowerState(121)) - ba8da8c9-7047-42c0-b6d2-a7916db8a88b: shutdown FollowerState
2019-09-24 22:36:12,828 [Thread-291] INFO  impl.RaftServerImpl (RaftServerImpl.java:setRole(174)) - ba8da8c9-7047-42c0-b6d2-a7916db8a88b@group-FCCEB381F9A2: changes role from  FOLLOWER to CANDIDATE at term 0 for changeToCandidate
2019-09-24 22:36:12,829 [Thread-291] INFO  impl.RoleInfo (RoleInfo.java:updateAndGet(143)) - ba8da8c9-7047-42c0-b6d2-a7916db8a88b: start LeaderElection
2019-09-24 22:36:12,847 [ba8da8c9-7047-42c0-b6d2-a7916db8a88b@group-FCCEB381F9A2:LeaderElection3] INFO  impl.LeaderElection (LeaderElection.java:askForVotes(182)) - ba8da8c9-7047-42c0-b6d2-a7916db8a88b@group-FCCEB381F9A2:LeaderElection3: begin an election at term 1 for -1: [ba8da8c9-7047-42c0-b6d2-a7916db8a88b:192.168.151.66:33065], old=null
2019-09-24 22:36:12,850 [ba8da8c9-7047-42c0-b6d2-a7916db8a88b@group-FCCEB381F9A2:LeaderElection3] INFO  impl.RoleInfo (RoleInfo.java:shutdownLeaderElection(134)) - ba8da8c9-7047-42c0-b6d2-a7916db8a88b: shutdown LeaderElection
2019-09-24 22:36:12,850 [ba8da8c9-7047-42c0-b6d2-a7916db8a88b@group-FCCEB381F9A2:LeaderElection3] INFO  impl.RaftServerImpl (RaftServerImpl.java:setRole(174)) - ba8da8c9-7047-42c0-b6d2-a7916db8a88b@group-FCCEB381F9A2: changes role from CANDIDATE to LEADER at term 1 for changeToLeader
2019-09-24 22:36:12,851 [ba8da8c9-7047-42c0-b6d2-a7916db8a88b@group-FCCEB381F9A2:LeaderElection3] INFO  impl.RaftServerImpl (ServerState.java:setLeader(253)) - ba8da8c9-7047-42c0-b6d2-a7916db8a88b@group-FCCEB381F9A2: change Leader from null to ba8da8c9-7047-42c0-b6d2-a7916db8a88b at term 1 for becomeLeader, leader elected after 5206ms
2019-09-24 22:36:12,851 [ba8da8c9-7047-42c0-b6d2-a7916db8a88b@group-FCCEB381F9A2:LeaderElection3] INFO  server.RaftServerConfigKeys (ConfUtils.java:logGet(43)) - raft.server.staging.catchup.gap = 1000 (default)
2019-09-24 22:36:12,851 [ba8da8c9-7047-42c0-b6d2-a7916db8a88b@group-FCCEB381F9A2:LeaderElection3] INFO  server.RaftServerConfigKeys (ConfUtils.java:logGet(43)) - raft.server.rpc.sleep.time = 25ms (default)
2019-09-24 22:36:12,851 [ba8da8c9-7047-42c0-b6d2-a7916db8a88b@group-FCCEB381F9A2:LeaderElection3] INFO  server.RaftServerConfigKeys (ConfUtils.java:logGet(43)) - raft.server.write.element-limit = 4096 (default)
2019-09-24 22:36:12,851 [ba8da8c9-7047-42c0-b6d2-a7916db8a88b@group-FCCEB381F9A2:LeaderElection3] INFO  server.RaftServerConfigKeys (ConfUtils.java:logGet(43)) - raft.server.watch.timeout = 10s (default)
2019-09-24 22:36:12,851 [ba8da8c9-7047-42c0-b6d2-a7916db8a88b@group-FCCEB381F9A2:LeaderElection3] INFO  server.RaftServerConfigKeys (ConfUtils.java:logGet(43)) - raft.server.watch.timeout.denomination = 1s (default)
2019-09-24 22:36:12,852 [ba8da8c9-7047-42c0-b6d2-a7916db8a88b@group-FCCEB381F9A2:LeaderElection3] INFO  server.RaftServerConfigKeys (ConfUtils.java:logGet(43)) - raft.server.watch.element-limit = 65536 (default)
2019-09-24 22:36:12,856 [ba8da8c9-7047-42c0-b6d2-a7916db8a88b@group-FCCEB381F9A2:LeaderElection3] INFO  impl.RoleInfo (RoleInfo.java:updateAndGet(143)) - ba8da8c9-7047-42c0-b6d2-a7916db8a88b: start LeaderState
2019-09-24 22:36:12,856 [ba8da8c9-7047-42c0-b6d2-a7916db8a88b@group-FCCEB381F9A2:LeaderElection3] INFO  segmented.SegmentedRaftLogWorker (SegmentedRaftLogWorker.java:startLogSegment(380)) - ba8da8c9-7047-42c0-b6d2-a7916db8a88b@group-FCCEB381F9A2-SegmentedRaftLogWorker: Starting segment from index:0
2019-09-24 22:36:12,857 [ba8da8c9-7047-42c0-b6d2-a7916db8a88b@group-FCCEB381F9A2:LeaderElection3] INFO  impl.RaftServerImpl (ServerState.java:setRaftConf(354)) - ba8da8c9-7047-42c0-b6d2-a7916db8a88b@group-FCCEB381F9A2: set configuration 0: [ba8da8c9-7047-42c0-b6d2-a7916db8a88b:192.168.151.66:33065], old=null at 0
2019-09-24 22:36:12,880 [Thread-294] INFO  impl.FollowerState (FollowerState.java:run(106)) - 4ac78631-b199-4be1-a250-fa3c30279e20:group-E8FF5A5D3415 changes to CANDIDATE, lastRpcTime:5065, electionTimeout:5044ms
2019-09-24 22:36:12,880 [Thread-294] INFO  impl.RoleInfo (RoleInfo.java:shutdownFollowerState(121)) - 4ac78631-b199-4be1-a250-fa3c30279e20: shutdown FollowerState
2019-09-24 22:36:12,880 [Thread-294] INFO  impl.RaftServerImpl (RaftServerImpl.java:setRole(174)) - 4ac78631-b199-4be1-a250-fa3c30279e20@group-E8FF5A5D3415: changes role from  FOLLOWER to CANDIDATE at term 0 for changeToCandidate
2019-09-24 22:36:12,881 [Thread-294] INFO  impl.RoleInfo (RoleInfo.java:updateAndGet(143)) - 4ac78631-b199-4be1-a250-fa3c30279e20: start LeaderElection
2019-09-24 22:36:12,900 [ba8da8c9-7047-42c0-b6d2-a7916db8a88b@group-FCCEB381F9A2-SegmentedRaftLogWorker] INFO  segmented.SegmentedRaftLogWorker (SegmentedRaftLogWorker.java:execute(569)) - ba8da8c9-7047-42c0-b6d2-a7916db8a88b@group-FCCEB381F9A2-SegmentedRaftLogWorker: created new log segment /workdir/hadoop-ozone/integration-test/target/test-dir/MiniOzoneClusterImpl-95732fd8-3d66-4978-936c-af465de6078a/datanode-4/data/ratis/46a76f57-c448-43fe-a9ed-fcceb381f9a2/current/log_inprogress_0
2019-09-24 22:36:12,900 [4ac78631-b199-4be1-a250-fa3c30279e20@group-E8FF5A5D3415:LeaderElection4] INFO  impl.LeaderElection (LeaderElection.java:askForVotes(182)) - 4ac78631-b199-4be1-a250-fa3c30279e20@group-E8FF5A5D3415:LeaderElection4: begin an election at term 1 for -1: [4ac78631-b199-4be1-a250-fa3c30279e20:192.168.151.66:46649], old=null
2019-09-24 22:36:12,900 [4ac78631-b199-4be1-a250-fa3c30279e20@group-E8FF5A5D3415:LeaderElection4] INFO  impl.RoleInfo (RoleInfo.java:shutdownLeaderElection(134)) - 4ac78631-b199-4be1-a250-fa3c30279e20: shutdown LeaderElection
2019-09-24 22:36:12,900 [4ac78631-b199-4be1-a250-fa3c30279e20@group-E8FF5A5D3415:LeaderElection4] INFO  impl.RaftServerImpl (RaftServerImpl.java:setRole(174)) - 4ac78631-b199-4be1-a250-fa3c30279e20@group-E8FF5A5D3415: changes role from CANDIDATE to LEADER at term 1 for changeToLeader
2019-09-24 22:36:12,900 [4ac78631-b199-4be1-a250-fa3c30279e20@group-E8FF5A5D3415:LeaderElection4] INFO  impl.RaftServerImpl (ServerState.java:setLeader(253)) - 4ac78631-b199-4be1-a250-fa3c30279e20@group-E8FF5A5D3415: change Leader from null to 4ac78631-b199-4be1-a250-fa3c30279e20 at term 1 for becomeLeader, leader elected after 5104ms
2019-09-24 22:36:12,900 [4ac78631-b199-4be1-a250-fa3c30279e20@group-E8FF5A5D3415:LeaderElection4] INFO  server.RaftServerConfigKeys (ConfUtils.java:logGet(43)) - raft.server.staging.catchup.gap = 1000 (default)
2019-09-24 22:36:12,901 [4ac78631-b199-4be1-a250-fa3c30279e20@group-E8FF5A5D3415:LeaderElection4] INFO  server.RaftServerConfigKeys (ConfUtils.java:logGet(43)) - raft.server.rpc.sleep.time = 25ms (default)
2019-09-24 22:36:12,901 [4ac78631-b199-4be1-a250-fa3c30279e20@group-E8FF5A5D3415:LeaderElection4] INFO  server.RaftServerConfigKeys (ConfUtils.java:logGet(43)) - raft.server.write.element-limit = 4096 (default)
2019-09-24 22:36:12,901 [4ac78631-b199-4be1-a250-fa3c30279e20@group-E8FF5A5D3415:LeaderElection4] INFO  server.RaftServerConfigKeys (ConfUtils.java:logGet(43)) - raft.server.watch.timeout = 10s (default)
2019-09-24 22:36:12,901 [4ac78631-b199-4be1-a250-fa3c30279e20@group-E8FF5A5D3415:LeaderElection4] INFO  server.RaftServerConfigKeys (ConfUtils.java:logGet(43)) - raft.server.watch.timeout.denomination = 1s (default)
2019-09-24 22:36:12,901 [4ac78631-b199-4be1-a250-fa3c30279e20@group-E8FF5A5D3415:LeaderElection4] INFO  server.RaftServerConfigKeys (ConfUtils.java:logGet(43)) - raft.server.watch.element-limit = 65536 (default)
2019-09-24 22:36:12,905 [4ac78631-b199-4be1-a250-fa3c30279e20@group-E8FF5A5D3415:LeaderElection4] INFO  impl.RoleInfo (RoleInfo.java:updateAndGet(143)) - 4ac78631-b199-4be1-a250-fa3c30279e20: start LeaderState
2019-09-24 22:36:12,905 [4ac78631-b199-4be1-a250-fa3c30279e20@group-E8FF5A5D3415:LeaderElection4] INFO  segmented.SegmentedRaftLogWorker (SegmentedRaftLogWorker.java:startLogSegment(380)) - 4ac78631-b199-4be1-a250-fa3c30279e20@group-E8FF5A5D3415-SegmentedRaftLogWorker: Starting segment from index:0
2019-09-24 22:36:12,906 [4ac78631-b199-4be1-a250-fa3c30279e20@group-E8FF5A5D3415:LeaderElection4] INFO  impl.RaftServerImpl (ServerState.java:setRaftConf(354)) - 4ac78631-b199-4be1-a250-fa3c30279e20@group-E8FF5A5D3415: set configuration 0: [4ac78631-b199-4be1-a250-fa3c30279e20:192.168.151.66:46649], old=null at 0
2019-09-24 22:36:12,944 [4ac78631-b199-4be1-a250-fa3c30279e20@group-E8FF5A5D3415-SegmentedRaftLogWorker] INFO  segmented.SegmentedRaftLogWorker (SegmentedRaftLogWorker.java:execute(569)) - 4ac78631-b199-4be1-a250-fa3c30279e20@group-E8FF5A5D3415-SegmentedRaftLogWorker: created new log segment /workdir/hadoop-ozone/integration-test/target/test-dir/MiniOzoneClusterImpl-95732fd8-3d66-4978-936c-af465de6078a/datanode-2/data/ratis/4d79d098-0894-4dc6-9744-e8ff5a5d3415/current/log_inprogress_0
2019-09-24 22:36:13,082 [Thread-300] INFO  impl.FollowerState (FollowerState.java:run(106)) - 21c95cdb-d9ea-42ca-a1c8-516e3611f91d:group-5BF99DCB0198 changes to CANDIDATE, lastRpcTime:5095, electionTimeout:5095ms
2019-09-24 22:36:13,082 [Thread-300] INFO  impl.RoleInfo (RoleInfo.java:shutdownFollowerState(121)) - 21c95cdb-d9ea-42ca-a1c8-516e3611f91d: shutdown FollowerState
2019-09-24 22:36:13,083 [Thread-300] INFO  impl.RaftServerImpl (RaftServerImpl.java:setRole(174)) - 21c95cdb-d9ea-42ca-a1c8-516e3611f91d@group-5BF99DCB0198: changes role from  FOLLOWER to CANDIDATE at term 0 for changeToCandidate
2019-09-24 22:36:13,083 [Thread-300] INFO  impl.RoleInfo (RoleInfo.java:updateAndGet(143)) - 21c95cdb-d9ea-42ca-a1c8-516e3611f91d: start LeaderElection
2019-09-24 22:36:13,090 [Thread-297] INFO  impl.FollowerState (FollowerState.java:run(106)) - 533bf916-75bc-4ef0-b696-2f1d5164c628:group-5732E16BE950 changes to CANDIDATE, lastRpcTime:5181, electionTimeout:5181ms
2019-09-24 22:36:13,090 [Thread-297] INFO  impl.RoleInfo (RoleInfo.java:shutdownFollowerState(121)) - 533bf916-75bc-4ef0-b696-2f1d5164c628: shutdown FollowerState
2019-09-24 22:36:13,091 [Thread-297] INFO  impl.RaftServerImpl (RaftServerImpl.java:setRole(174)) - 533bf916-75bc-4ef0-b696-2f1d5164c628@group-5732E16BE950: changes role from  FOLLOWER to CANDIDATE at term 0 for changeToCandidate
2019-09-24 22:36:13,091 [Thread-297] INFO  impl.RoleInfo (RoleInfo.java:updateAndGet(143)) - 533bf916-75bc-4ef0-b696-2f1d5164c628: start LeaderElection
2019-09-24 22:36:13,112 [21c95cdb-d9ea-42ca-a1c8-516e3611f91d@group-5BF99DCB0198:LeaderElection5] INFO  impl.LeaderElection (LeaderElection.java:askForVotes(182)) - 21c95cdb-d9ea-42ca-a1c8-516e3611f91d@group-5BF99DCB0198:LeaderElection5: begin an election at term 1 for -1: [21c95cdb-d9ea-42ca-a1c8-516e3611f91d:192.168.151.66:39006], old=null
2019-09-24 22:36:13,112 [533bf916-75bc-4ef0-b696-2f1d5164c628@group-5732E16BE950:LeaderElection6] INFO  impl.LeaderElection (LeaderElection.java:askForVotes(182)) - 533bf916-75bc-4ef0-b696-2f1d5164c628@group-5732E16BE950:LeaderElection6: begin an election at term 1 for -1: [533bf916-75bc-4ef0-b696-2f1d5164c628:192.168.151.66:46232], old=null
2019-09-24 22:36:13,112 [21c95cdb-d9ea-42ca-a1c8-516e3611f91d@group-5BF99DCB0198:LeaderElection5] INFO  impl.RoleInfo (RoleInfo.java:shutdownLeaderElection(134)) - 21c95cdb-d9ea-42ca-a1c8-516e3611f91d: shutdown LeaderElection
2019-09-24 22:36:13,112 [533bf916-75bc-4ef0-b696-2f1d5164c628@group-5732E16BE950:LeaderElection6] INFO  impl.RoleInfo (RoleInfo.java:shutdownLeaderElection(134)) - 533bf916-75bc-4ef0-b696-2f1d5164c628: shutdown LeaderElection
2019-09-24 22:36:13,113 [21c95cdb-d9ea-42ca-a1c8-516e3611f91d@group-5BF99DCB0198:LeaderElection5] INFO  impl.RaftServerImpl (RaftServerImpl.java:setRole(174)) - 21c95cdb-d9ea-42ca-a1c8-516e3611f91d@group-5BF99DCB0198: changes role from CANDIDATE to LEADER at term 1 for changeToLeader
2019-09-24 22:36:13,113 [533bf916-75bc-4ef0-b696-2f1d5164c628@group-5732E16BE950:LeaderElection6] INFO  impl.RaftServerImpl (RaftServerImpl.java:setRole(174)) - 533bf916-75bc-4ef0-b696-2f1d5164c628@group-5732E16BE950: changes role from CANDIDATE to LEADER at term 1 for changeToLeader
2019-09-24 22:36:13,113 [21c95cdb-d9ea-42ca-a1c8-516e3611f91d@group-5BF99DCB0198:LeaderElection5] INFO  impl.RaftServerImpl (ServerState.java:setLeader(253)) - 21c95cdb-d9ea-42ca-a1c8-516e3611f91d@group-5BF99DCB0198: change Leader from null to 21c95cdb-d9ea-42ca-a1c8-516e3611f91d at term 1 for becomeLeader, leader elected after 5139ms
2019-09-24 22:36:13,113 [533bf916-75bc-4ef0-b696-2f1d5164c628@group-5732E16BE950:LeaderElection6] INFO  impl.RaftServerImpl (ServerState.java:setLeader(253)) - 533bf916-75bc-4ef0-b696-2f1d5164c628@group-5732E16BE950: change Leader from null to 533bf916-75bc-4ef0-b696-2f1d5164c628 at term 1 for becomeLeader, leader elected after 5214ms
2019-09-24 22:36:13,113 [21c95cdb-d9ea-42ca-a1c8-516e3611f91d@group-5BF99DCB0198:LeaderElection5] INFO  server.RaftServerConfigKeys (ConfUtils.java:logGet(43)) - raft.server.staging.catchup.gap = 1000 (default)
2019-09-24 22:36:13,113 [533bf916-75bc-4ef0-b696-2f1d5164c628@group-5732E16BE950:LeaderElection6] INFO  server.RaftServerConfigKeys (ConfUtils.java:logGet(43)) - raft.server.staging.catchup.gap = 1000 (default)
2019-09-24 22:36:13,113 [21c95cdb-d9ea-42ca-a1c8-516e3611f91d@group-5BF99DCB0198:LeaderElection5] INFO  server.RaftServerConfigKeys (ConfUtils.java:logGet(43)) - raft.server.rpc.sleep.time = 25ms (default)
2019-09-24 22:36:13,113 [533bf916-75bc-4ef0-b696-2f1d5164c628@group-5732E16BE950:LeaderElection6] INFO  server.RaftServerConfigKeys (ConfUtils.java:logGet(43)) - raft.server.rpc.sleep.time = 25ms (default)
2019-09-24 22:36:13,114 [21c95cdb-d9ea-42ca-a1c8-516e3611f91d@group-5BF99DCB0198:LeaderElection5] INFO  server.RaftServerConfigKeys (ConfUtils.java:logGet(43)) - raft.server.write.element-limit = 4096 (default)
2019-09-24 22:36:13,114 [533bf916-75bc-4ef0-b696-2f1d5164c628@group-5732E16BE950:LeaderElection6] INFO  server.RaftServerConfigKeys (ConfUtils.java:logGet(43)) - raft.server.write.element-limit = 4096 (default)
2019-09-24 22:36:13,114 [21c95cdb-d9ea-42ca-a1c8-516e3611f91d@group-5BF99DCB0198:LeaderElection5] INFO  server.RaftServerConfigKeys (ConfUtils.java:logGet(43)) - raft.server.watch.timeout = 10s (default)
2019-09-24 22:36:13,114 [533bf916-75bc-4ef0-b696-2f1d5164c628@group-5732E16BE950:LeaderElection6] INFO  server.RaftServerConfigKeys (ConfUtils.java:logGet(43)) - raft.server.watch.timeout = 10s (default)
2019-09-24 22:36:13,114 [21c95cdb-d9ea-42ca-a1c8-516e3611f91d@group-5BF99DCB0198:LeaderElection5] INFO  server.RaftServerConfigKeys (ConfUtils.java:logGet(43)) - raft.server.watch.timeout.denomination = 1s (default)
2019-09-24 22:36:13,114 [533bf916-75bc-4ef0-b696-2f1d5164c628@group-5732E16BE950:LeaderElection6] INFO  server.RaftServerConfigKeys (ConfUtils.java:logGet(43)) - raft.server.watch.timeout.denomination = 1s (default)
2019-09-24 22:36:13,114 [21c95cdb-d9ea-42ca-a1c8-516e3611f91d@group-5BF99DCB0198:LeaderElection5] INFO  server.RaftServerConfigKeys (ConfUtils.java:logGet(43)) - raft.server.watch.element-limit = 65536 (default)
2019-09-24 22:36:13,115 [533bf916-75bc-4ef0-b696-2f1d5164c628@group-5732E16BE950:LeaderElection6] INFO  server.RaftServerConfigKeys (ConfUtils.java:logGet(43)) - raft.server.watch.element-limit = 65536 (default)
2019-09-24 22:36:13,119 [21c95cdb-d9ea-42ca-a1c8-516e3611f91d@group-5BF99DCB0198:LeaderElection5] INFO  impl.RoleInfo (RoleInfo.java:updateAndGet(143)) - 21c95cdb-d9ea-42ca-a1c8-516e3611f91d: start LeaderState
2019-09-24 22:36:13,119 [21c95cdb-d9ea-42ca-a1c8-516e3611f91d@group-5BF99DCB0198:LeaderElection5] INFO  segmented.SegmentedRaftLogWorker (SegmentedRaftLogWorker.java:startLogSegment(380)) - 21c95cdb-d9ea-42ca-a1c8-516e3611f91d@group-5BF99DCB0198-SegmentedRaftLogWorker: Starting segment from index:0
2019-09-24 22:36:13,119 [533bf916-75bc-4ef0-b696-2f1d5164c628@group-5732E16BE950:LeaderElection6] INFO  impl.RoleInfo (RoleInfo.java:updateAndGet(143)) - 533bf916-75bc-4ef0-b696-2f1d5164c628: start LeaderState
2019-09-24 22:36:13,119 [533bf916-75bc-4ef0-b696-2f1d5164c628@group-5732E16BE950:LeaderElection6] INFO  segmented.SegmentedRaftLogWorker (SegmentedRaftLogWorker.java:startLogSegment(380)) - 533bf916-75bc-4ef0-b696-2f1d5164c628@group-5732E16BE950-SegmentedRaftLogWorker: Starting segment from index:0
2019-09-24 22:36:13,120 [21c95cdb-d9ea-42ca-a1c8-516e3611f91d@group-5BF99DCB0198:LeaderElection5] INFO  impl.RaftServerImpl (ServerState.java:setRaftConf(354)) - 21c95cdb-d9ea-42ca-a1c8-516e3611f91d@group-5BF99DCB0198: set configuration 0: [21c95cdb-d9ea-42ca-a1c8-516e3611f91d:192.168.151.66:39006], old=null at 0
2019-09-24 22:36:13,139 [533bf916-75bc-4ef0-b696-2f1d5164c628@group-5732E16BE950:LeaderElection6] INFO  impl.RaftServerImpl (ServerState.java:setRaftConf(354)) - 533bf916-75bc-4ef0-b696-2f1d5164c628@group-5732E16BE950: set configuration 0: [533bf916-75bc-4ef0-b696-2f1d5164c628:192.168.151.66:46232], old=null at 0
2019-09-24 22:36:13,162 [21c95cdb-d9ea-42ca-a1c8-516e3611f91d@group-5BF99DCB0198-SegmentedRaftLogWorker] INFO  segmented.SegmentedRaftLogWorker (SegmentedRaftLogWorker.java:execute(569)) - 21c95cdb-d9ea-42ca-a1c8-516e3611f91d@group-5BF99DCB0198-SegmentedRaftLogWorker: created new log segment /workdir/hadoop-ozone/integration-test/target/test-dir/MiniOzoneClusterImpl-95732fd8-3d66-4978-936c-af465de6078a/datanode-8/data/ratis/fb61b146-fe7b-4416-bcfb-5bf99dcb0198/current/log_inprogress_0
2019-09-24 22:36:13,177 [533bf916-75bc-4ef0-b696-2f1d5164c628@group-5732E16BE950-SegmentedRaftLogWorker] INFO  segmented.SegmentedRaftLogWorker (SegmentedRaftLogWorker.java:execute(569)) - 533bf916-75bc-4ef0-b696-2f1d5164c628@group-5732E16BE950-SegmentedRaftLogWorker: created new log segment /workdir/hadoop-ozone/integration-test/target/test-dir/MiniOzoneClusterImpl-95732fd8-3d66-4978-936c-af465de6078a/datanode-9/data/ratis/d083e0b6-1eb9-4c91-b2f6-5732e16be950/current/log_inprogress_0
2019-09-24 22:36:13,317 [Thread-303] INFO  impl.FollowerState (FollowerState.java:run(106)) - d1d412fa-610f-4a7d-9756-a1129e219702:group-0ABDAE7C4B6F changes to CANDIDATE, lastRpcTime:5126, electionTimeout:5124ms
2019-09-24 22:36:13,318 [Thread-303] INFO  impl.RoleInfo (RoleInfo.java:shutdownFollowerState(121)) - d1d412fa-610f-4a7d-9756-a1129e219702: shutdown FollowerState
2019-09-24 22:36:13,318 [Thread-303] INFO  impl.RaftServerImpl (RaftServerImpl.java:setRole(174)) - d1d412fa-610f-4a7d-9756-a1129e219702@group-0ABDAE7C4B6F: changes role from  FOLLOWER to CANDIDATE at term 0 for changeToCandidate
2019-09-24 22:36:13,318 [Thread-303] INFO  impl.RoleInfo (RoleInfo.java:updateAndGet(143)) - d1d412fa-610f-4a7d-9756-a1129e219702: start LeaderElection
2019-09-24 22:36:13,344 [d1d412fa-610f-4a7d-9756-a1129e219702@group-0ABDAE7C4B6F:LeaderElection7] INFO  impl.LeaderElection (LeaderElection.java:askForVotes(182)) - d1d412fa-610f-4a7d-9756-a1129e219702@group-0ABDAE7C4B6F:LeaderElection7: begin an election at term 1 for -1: [d1d412fa-610f-4a7d-9756-a1129e219702:192.168.151.66:40539], old=null
2019-09-24 22:36:13,344 [d1d412fa-610f-4a7d-9756-a1129e219702@group-0ABDAE7C4B6F:LeaderElection7] INFO  impl.RoleInfo (RoleInfo.java:shutdownLeaderElection(134)) - d1d412fa-610f-4a7d-9756-a1129e219702: shutdown LeaderElection
2019-09-24 22:36:13,344 [d1d412fa-610f-4a7d-9756-a1129e219702@group-0ABDAE7C4B6F:LeaderElection7] INFO  impl.RaftServerImpl (RaftServerImpl.java:setRole(174)) - d1d412fa-610f-4a7d-9756-a1129e219702@group-0ABDAE7C4B6F: changes role from CANDIDATE to LEADER at term 1 for changeToLeader
2019-09-24 22:36:13,345 [d1d412fa-610f-4a7d-9756-a1129e219702@group-0ABDAE7C4B6F:LeaderElection7] INFO  impl.RaftServerImpl (ServerState.java:setLeader(253)) - d1d412fa-610f-4a7d-9756-a1129e219702@group-0ABDAE7C4B6F: change Leader from null to d1d412fa-610f-4a7d-9756-a1129e219702 at term 1 for becomeLeader, leader elected after 5287ms
2019-09-24 22:36:13,345 [d1d412fa-610f-4a7d-9756-a1129e219702@group-0ABDAE7C4B6F:LeaderElection7] INFO  server.RaftServerConfigKeys (ConfUtils.java:logGet(43)) - raft.server.staging.catchup.gap = 1000 (default)
2019-09-24 22:36:13,345 [d1d412fa-610f-4a7d-9756-a1129e219702@group-0ABDAE7C4B6F:LeaderElection7] INFO  server.RaftServerConfigKeys (ConfUtils.java:logGet(43)) - raft.server.rpc.sleep.time = 25ms (default)
2019-09-24 22:36:13,345 [d1d412fa-610f-4a7d-9756-a1129e219702@group-0ABDAE7C4B6F:LeaderElection7] INFO  server.RaftServerConfigKeys (ConfUtils.java:logGet(43)) - raft.server.write.element-limit = 4096 (default)
2019-09-24 22:36:13,346 [d1d412fa-610f-4a7d-9756-a1129e219702@group-0ABDAE7C4B6F:LeaderElection7] INFO  server.RaftServerConfigKeys (ConfUtils.java:logGet(43)) - raft.server.watch.timeout = 10s (default)
2019-09-24 22:36:13,346 [d1d412fa-610f-4a7d-9756-a1129e219702@group-0ABDAE7C4B6F:LeaderElection7] INFO  server.RaftServerConfigKeys (ConfUtils.java:logGet(43)) - raft.server.watch.timeout.denomination = 1s (default)
2019-09-24 22:36:13,346 [d1d412fa-610f-4a7d-9756-a1129e219702@group-0ABDAE7C4B6F:LeaderElection7] INFO  server.RaftServerConfigKeys (ConfUtils.java:logGet(43)) - raft.server.watch.element-limit = 65536 (default)
2019-09-24 22:36:13,349 [d1d412fa-610f-4a7d-9756-a1129e219702@group-0ABDAE7C4B6F:LeaderElection7] INFO  impl.RoleInfo (RoleInfo.java:updateAndGet(143)) - d1d412fa-610f-4a7d-9756-a1129e219702: start LeaderState
2019-09-24 22:36:13,350 [d1d412fa-610f-4a7d-9756-a1129e219702@group-0ABDAE7C4B6F:LeaderElection7] INFO  segmented.SegmentedRaftLogWorker (SegmentedRaftLogWorker.java:startLogSegment(380)) - d1d412fa-610f-4a7d-9756-a1129e219702@group-0ABDAE7C4B6F-SegmentedRaftLogWorker: Starting segment from index:0
2019-09-24 22:36:13,350 [d1d412fa-610f-4a7d-9756-a1129e219702@group-0ABDAE7C4B6F:LeaderElection7] INFO  impl.RaftServerImpl (ServerState.java:setRaftConf(354)) - d1d412fa-610f-4a7d-9756-a1129e219702@group-0ABDAE7C4B6F: set configuration 0: [d1d412fa-610f-4a7d-9756-a1129e219702:192.168.151.66:40539], old=null at 0
2019-09-24 22:36:13,396 [d1d412fa-610f-4a7d-9756-a1129e219702@group-0ABDAE7C4B6F-SegmentedRaftLogWorker] INFO  segmented.SegmentedRaftLogWorker (SegmentedRaftLogWorker.java:execute(569)) - d1d412fa-610f-4a7d-9756-a1129e219702@group-0ABDAE7C4B6F-SegmentedRaftLogWorker: created new log segment /workdir/hadoop-ozone/integration-test/target/test-dir/MiniOzoneClusterImpl-95732fd8-3d66-4978-936c-af465de6078a/datanode-1/data/ratis/008393b4-6e50-4067-94b0-0abdae7c4b6f/current/log_inprogress_0
2019-09-24 22:36:13,401 [Thread-309] INFO  impl.FollowerState (FollowerState.java:run(106)) - fe8f780e-0bc6-4afd-b8a0-025a86d6d1c8:group-F8FCE65BC555 changes to CANDIDATE, lastRpcTime:5034, electionTimeout:5034ms
2019-09-24 22:36:13,402 [Thread-309] INFO  impl.RoleInfo (RoleInfo.java:shutdownFollowerState(121)) - fe8f780e-0bc6-4afd-b8a0-025a86d6d1c8: shutdown FollowerState
2019-09-24 22:36:13,402 [Thread-309] INFO  impl.RaftServerImpl (RaftServerImpl.java:setRole(174)) - fe8f780e-0bc6-4afd-b8a0-025a86d6d1c8@group-F8FCE65BC555: changes role from  FOLLOWER to CANDIDATE at term 0 for changeToCandidate
2019-09-24 22:36:13,402 [Thread-309] INFO  impl.RoleInfo (RoleInfo.java:updateAndGet(143)) - fe8f780e-0bc6-4afd-b8a0-025a86d6d1c8: start LeaderElection
2019-09-24 22:36:13,435 [fe8f780e-0bc6-4afd-b8a0-025a86d6d1c8@group-F8FCE65BC555:LeaderElection8] INFO  impl.LeaderElection (LeaderElection.java:askForVotes(182)) - fe8f780e-0bc6-4afd-b8a0-025a86d6d1c8@group-F8FCE65BC555:LeaderElection8: begin an election at term 1 for -1: [fe8f780e-0bc6-4afd-b8a0-025a86d6d1c8:192.168.151.66:39079], old=null
2019-09-24 22:36:13,435 [fe8f780e-0bc6-4afd-b8a0-025a86d6d1c8@group-F8FCE65BC555:LeaderElection8] INFO  impl.RoleInfo (RoleInfo.java:shutdownLeaderElection(134)) - fe8f780e-0bc6-4afd-b8a0-025a86d6d1c8: shutdown LeaderElection
2019-09-24 22:36:13,435 [fe8f780e-0bc6-4afd-b8a0-025a86d6d1c8@group-F8FCE65BC555:LeaderElection8] INFO  impl.RaftServerImpl (RaftServerImpl.java:setRole(174)) - fe8f780e-0bc6-4afd-b8a0-025a86d6d1c8@group-F8FCE65BC555: changes role from CANDIDATE to LEADER at term 1 for changeToLeader
2019-09-24 22:36:13,435 [fe8f780e-0bc6-4afd-b8a0-025a86d6d1c8@group-F8FCE65BC555:LeaderElection8] INFO  impl.RaftServerImpl (ServerState.java:setLeader(253)) - fe8f780e-0bc6-4afd-b8a0-025a86d6d1c8@group-F8FCE65BC555: change Leader from null to fe8f780e-0bc6-4afd-b8a0-025a86d6d1c8 at term 1 for becomeLeader, leader elected after 5076ms
2019-09-24 22:36:13,435 [fe8f780e-0bc6-4afd-b8a0-025a86d6d1c8@group-F8FCE65BC555:LeaderElection8] INFO  server.RaftServerConfigKeys (ConfUtils.java:logGet(43)) - raft.server.staging.catchup.gap = 1000 (default)
2019-09-24 22:36:13,436 [fe8f780e-0bc6-4afd-b8a0-025a86d6d1c8@group-F8FCE65BC555:LeaderElection8] INFO  server.RaftServerConfigKeys (ConfUtils.java:logGet(43)) - raft.server.rpc.sleep.time = 25ms (default)
2019-09-24 22:36:13,436 [fe8f780e-0bc6-4afd-b8a0-025a86d6d1c8@group-F8FCE65BC555:LeaderElection8] INFO  server.RaftServerConfigKeys (ConfUtils.java:logGet(43)) - raft.server.write.element-limit = 4096 (default)
2019-09-24 22:36:13,436 [fe8f780e-0bc6-4afd-b8a0-025a86d6d1c8@group-F8FCE65BC555:LeaderElection8] INFO  server.RaftServerConfigKeys (ConfUtils.java:logGet(43)) - raft.server.watch.timeout = 10s (default)
2019-09-24 22:36:13,436 [fe8f780e-0bc6-4afd-b8a0-025a86d6d1c8@group-F8FCE65BC555:LeaderElection8] INFO  server.RaftServerConfigKeys (ConfUtils.java:logGet(43)) - raft.server.watch.timeout.denomination = 1s (default)
2019-09-24 22:36:13,436 [fe8f780e-0bc6-4afd-b8a0-025a86d6d1c8@group-F8FCE65BC555:LeaderElection8] INFO  server.RaftServerConfigKeys (ConfUtils.java:logGet(43)) - raft.server.watch.element-limit = 65536 (default)
2019-09-24 22:36:13,441 [fe8f780e-0bc6-4afd-b8a0-025a86d6d1c8@group-F8FCE65BC555:LeaderElection8] INFO  impl.RoleInfo (RoleInfo.java:updateAndGet(143)) - fe8f780e-0bc6-4afd-b8a0-025a86d6d1c8: start LeaderState
2019-09-24 22:36:13,441 [fe8f780e-0bc6-4afd-b8a0-025a86d6d1c8@group-F8FCE65BC555:LeaderElection8] INFO  segmented.SegmentedRaftLogWorker (SegmentedRaftLogWorker.java:startLogSegment(380)) - fe8f780e-0bc6-4afd-b8a0-025a86d6d1c8@group-F8FCE65BC555-SegmentedRaftLogWorker: Starting segment from index:0
2019-09-24 22:36:13,442 [fe8f780e-0bc6-4afd-b8a0-025a86d6d1c8@group-F8FCE65BC555:LeaderElection8] INFO  impl.RaftServerImpl (ServerState.java:setRaftConf(354)) - fe8f780e-0bc6-4afd-b8a0-025a86d6d1c8@group-F8FCE65BC555: set configuration 0: [fe8f780e-0bc6-4afd-b8a0-025a86d6d1c8:192.168.151.66:39079], old=null at 0
2019-09-24 22:36:13,463 [Thread-306] INFO  impl.FollowerState (FollowerState.java:run(106)) - 5bc73eaa-12d0-4a96-a0e8-4b461f9d9ac4:group-6D05416DD689 changes to CANDIDATE, lastRpcTime:5172, electionTimeout:5165ms
2019-09-24 22:36:13,463 [Thread-306] INFO  impl.RoleInfo (RoleInfo.java:shutdownFollowerState(121)) - 5bc73eaa-12d0-4a96-a0e8-4b461f9d9ac4: shutdown FollowerState
2019-09-24 22:36:13,463 [Thread-306] INFO  impl.RaftServerImpl (RaftServerImpl.java:setRole(174)) - 5bc73eaa-12d0-4a96-a0e8-4b461f9d9ac4@group-6D05416DD689: changes role from  FOLLOWER to CANDIDATE at term 0 for changeToCandidate
2019-09-24 22:36:13,463 [Thread-306] INFO  impl.RoleInfo (RoleInfo.java:updateAndGet(143)) - 5bc73eaa-12d0-4a96-a0e8-4b461f9d9ac4: start LeaderElection
2019-09-24 22:36:13,475 [fe8f780e-0bc6-4afd-b8a0-025a86d6d1c8@group-F8FCE65BC555-SegmentedRaftLogWorker] INFO  segmented.SegmentedRaftLogWorker (SegmentedRaftLogWorker.java:execute(569)) - fe8f780e-0bc6-4afd-b8a0-025a86d6d1c8@group-F8FCE65BC555-SegmentedRaftLogWorker: created new log segment /workdir/hadoop-ozone/integration-test/target/test-dir/MiniOzoneClusterImpl-95732fd8-3d66-4978-936c-af465de6078a/datanode-5/data/ratis/360bd669-3af0-4a07-b2dc-f8fce65bc555/current/log_inprogress_0
2019-09-24 22:36:13,475 [5bc73eaa-12d0-4a96-a0e8-4b461f9d9ac4@group-6D05416DD689:LeaderElection9] INFO  impl.LeaderElection (LeaderElection.java:askForVotes(182)) - 5bc73eaa-12d0-4a96-a0e8-4b461f9d9ac4@group-6D05416DD689:LeaderElection9: begin an election at term 1 for -1: [5bc73eaa-12d0-4a96-a0e8-4b461f9d9ac4:192.168.151.66:33216], old=null
2019-09-24 22:36:13,476 [5bc73eaa-12d0-4a96-a0e8-4b461f9d9ac4@group-6D05416DD689:LeaderElection9] INFO  impl.RoleInfo (RoleInfo.java:shutdownLeaderElection(134)) - 5bc73eaa-12d0-4a96-a0e8-4b461f9d9ac4: shutdown LeaderElection
2019-09-24 22:36:13,476 [5bc73eaa-12d0-4a96-a0e8-4b461f9d9ac4@group-6D05416DD689:LeaderElection9] INFO  impl.RaftServerImpl (RaftServerImpl.java:setRole(174)) - 5bc73eaa-12d0-4a96-a0e8-4b461f9d9ac4@group-6D05416DD689: changes role from CANDIDATE to LEADER at term 1 for changeToLeader
2019-09-24 22:36:13,476 [5bc73eaa-12d0-4a96-a0e8-4b461f9d9ac4@group-6D05416DD689:LeaderElection9] INFO  impl.RaftServerImpl (ServerState.java:setLeader(253)) - 5bc73eaa-12d0-4a96-a0e8-4b461f9d9ac4@group-6D05416DD689: change Leader from null to 5bc73eaa-12d0-4a96-a0e8-4b461f9d9ac4 at term 1 for becomeLeader, leader elected after 5197ms
2019-09-24 22:36:13,476 [5bc73eaa-12d0-4a96-a0e8-4b461f9d9ac4@group-6D05416DD689:LeaderElection9] INFO  server.RaftServerConfigKeys (ConfUtils.java:logGet(43)) - raft.server.staging.catchup.gap = 1000 (default)
2019-09-24 22:36:13,477 [5bc73eaa-12d0-4a96-a0e8-4b461f9d9ac4@group-6D05416DD689:LeaderElection9] INFO  server.RaftServerConfigKeys (ConfUtils.java:logGet(43)) - raft.server.rpc.sleep.time = 25ms (default)
2019-09-24 22:36:13,477 [5bc73eaa-12d0-4a96-a0e8-4b461f9d9ac4@group-6D05416DD689:LeaderElection9] INFO  server.RaftServerConfigKeys (ConfUtils.java:logGet(43)) - raft.server.write.element-limit = 4096 (default)
2019-09-24 22:36:13,477 [5bc73eaa-12d0-4a96-a0e8-4b461f9d9ac4@group-6D05416DD689:LeaderElection9] INFO  server.RaftServerConfigKeys (ConfUtils.java:logGet(43)) - raft.server.watch.timeout = 10s (default)
2019-09-24 22:36:13,477 [5bc73eaa-12d0-4a96-a0e8-4b461f9d9ac4@group-6D05416DD689:LeaderElection9] INFO  server.RaftServerConfigKeys (ConfUtils.java:logGet(43)) - raft.server.watch.timeout.denomination = 1s (default)
2019-09-24 22:36:13,477 [5bc73eaa-12d0-4a96-a0e8-4b461f9d9ac4@group-6D05416DD689:LeaderElection9] INFO  server.RaftServerConfigKeys (ConfUtils.java:logGet(43)) - raft.server.watch.element-limit = 65536 (default)
2019-09-24 22:36:13,481 [5bc73eaa-12d0-4a96-a0e8-4b461f9d9ac4@group-6D05416DD689:LeaderElection9] INFO  impl.RoleInfo (RoleInfo.java:updateAndGet(143)) - 5bc73eaa-12d0-4a96-a0e8-4b461f9d9ac4: start LeaderState
2019-09-24 22:36:13,481 [5bc73eaa-12d0-4a96-a0e8-4b461f9d9ac4@group-6D05416DD689:LeaderElection9] INFO  segmented.SegmentedRaftLogWorker (SegmentedRaftLogWorker.java:startLogSegment(380)) - 5bc73eaa-12d0-4a96-a0e8-4b461f9d9ac4@group-6D05416DD689-SegmentedRaftLogWorker: Starting segment from index:0
2019-09-24 22:36:13,482 [5bc73eaa-12d0-4a96-a0e8-4b461f9d9ac4@group-6D05416DD689:LeaderElection9] INFO  impl.RaftServerImpl (ServerState.java:setRaftConf(354)) - 5bc73eaa-12d0-4a96-a0e8-4b461f9d9ac4@group-6D05416DD689: set configuration 0: [5bc73eaa-12d0-4a96-a0e8-4b461f9d9ac4:192.168.151.66:33216], old=null at 0
2019-09-24 22:36:13,504 [main] INFO  ipc.Client (Client.java:handleConnectionFailure(948)) - Retrying connect to server: localhost/127.0.0.1:0. Already tried 4 time(s); retry policy is RetryUpToMaximumCountWithFixedSleep(maxRetries=10, sleepTime=1000 MILLISECONDS)
2019-09-24 22:36:13,517 [5bc73eaa-12d0-4a96-a0e8-4b461f9d9ac4@group-6D05416DD689-SegmentedRaftLogWorker] INFO  segmented.SegmentedRaftLogWorker (SegmentedRaftLogWorker.java:execute(569)) - 5bc73eaa-12d0-4a96-a0e8-4b461f9d9ac4@group-6D05416DD689-SegmentedRaftLogWorker: created new log segment /workdir/hadoop-ozone/integration-test/target/test-dir/MiniOzoneClusterImpl-95732fd8-3d66-4978-936c-af465de6078a/datanode-3/data/ratis/11872352-fb38-4e78-acae-6d05416dd689/current/log_inprogress_0
2019-09-24 22:36:13,668 [Thread-313] INFO  impl.FollowerState (FollowerState.java:run(106)) - e600257f-a92d-418f-8862-d602fe0582b6:group-68422B9CB52C changes to CANDIDATE, lastRpcTime:5188, electionTimeout:5188ms
2019-09-24 22:36:13,668 [Thread-313] INFO  impl.RoleInfo (RoleInfo.java:shutdownFollowerState(121)) - e600257f-a92d-418f-8862-d602fe0582b6: shutdown FollowerState
2019-09-24 22:36:13,668 [Thread-313] INFO  impl.RaftServerImpl (RaftServerImpl.java:setRole(174)) - e600257f-a92d-418f-8862-d602fe0582b6@group-68422B9CB52C: changes role from  FOLLOWER to CANDIDATE at term 0 for changeToCandidate
2019-09-24 22:36:13,669 [Thread-313] INFO  impl.RoleInfo (RoleInfo.java:updateAndGet(143)) - e600257f-a92d-418f-8862-d602fe0582b6: start LeaderElection
2019-09-24 22:36:13,694 [Thread-317] INFO  impl.FollowerState (FollowerState.java:run(106)) - ba8da8c9-7047-42c0-b6d2-a7916db8a88b:group-27691149BEE5 changes to CANDIDATE, lastRpcTime:5099, electionTimeout:5099ms
2019-09-24 22:36:13,695 [Thread-317] INFO  impl.RoleInfo (RoleInfo.java:shutdownFollowerState(121)) - ba8da8c9-7047-42c0-b6d2-a7916db8a88b: shutdown FollowerState
2019-09-24 22:36:13,695 [Thread-317] INFO  impl.RaftServerImpl (RaftServerImpl.java:setRole(174)) - ba8da8c9-7047-42c0-b6d2-a7916db8a88b@group-27691149BEE5: changes role from  FOLLOWER to CANDIDATE at term 0 for changeToCandidate
2019-09-24 22:36:13,695 [Thread-317] INFO  impl.RoleInfo (RoleInfo.java:updateAndGet(143)) - ba8da8c9-7047-42c0-b6d2-a7916db8a88b: start LeaderElection
2019-09-24 22:36:13,700 [e600257f-a92d-418f-8862-d602fe0582b6@group-68422B9CB52C:LeaderElection10] INFO  impl.LeaderElection (LeaderElection.java:askForVotes(182)) - e600257f-a92d-418f-8862-d602fe0582b6@group-68422B9CB52C:LeaderElection10: begin an election at term 1 for -1: [e600257f-a92d-418f-8862-d602fe0582b6:192.168.151.66:42621], old=null
2019-09-24 22:36:13,700 [e600257f-a92d-418f-8862-d602fe0582b6@group-68422B9CB52C:LeaderElection10] INFO  impl.RoleInfo (RoleInfo.java:shutdownLeaderElection(134)) - e600257f-a92d-418f-8862-d602fe0582b6: shutdown LeaderElection
2019-09-24 22:36:13,701 [e600257f-a92d-418f-8862-d602fe0582b6@group-68422B9CB52C:LeaderElection10] INFO  impl.RaftServerImpl (RaftServerImpl.java:setRole(174)) - e600257f-a92d-418f-8862-d602fe0582b6@group-68422B9CB52C: changes role from CANDIDATE to LEADER at term 1 for changeToLeader
2019-09-24 22:36:13,701 [e600257f-a92d-418f-8862-d602fe0582b6@group-68422B9CB52C:LeaderElection10] INFO  impl.RaftServerImpl (ServerState.java:setLeader(253)) - e600257f-a92d-418f-8862-d602fe0582b6@group-68422B9CB52C: change Leader from null to e600257f-a92d-418f-8862-d602fe0582b6 at term 1 for becomeLeader, leader elected after 5232ms
2019-09-24 22:36:13,701 [e600257f-a92d-418f-8862-d602fe0582b6@group-68422B9CB52C:LeaderElection10] INFO  server.RaftServerConfigKeys (ConfUtils.java:logGet(43)) - raft.server.staging.catchup.gap = 1000 (default)
2019-09-24 22:36:13,701 [e600257f-a92d-418f-8862-d602fe0582b6@group-68422B9CB52C:LeaderElection10] INFO  server.RaftServerConfigKeys (ConfUtils.java:logGet(43)) - raft.server.rpc.sleep.time = 25ms (default)
2019-09-24 22:36:13,701 [e600257f-a92d-418f-8862-d602fe0582b6@group-68422B9CB52C:LeaderElection10] INFO  server.RaftServerConfigKeys (ConfUtils.java:logGet(43)) - raft.server.write.element-limit = 4096 (default)
2019-09-24 22:36:13,701 [e600257f-a92d-418f-8862-d602fe0582b6@group-68422B9CB52C:LeaderElection10] INFO  server.RaftServerConfigKeys (ConfUtils.java:logGet(43)) - raft.server.watch.timeout = 10s (default)
2019-09-24 22:36:13,702 [e600257f-a92d-418f-8862-d602fe0582b6@group-68422B9CB52C:LeaderElection10] INFO  server.RaftServerConfigKeys (ConfUtils.java:logGet(43)) - raft.server.watch.timeout.denomination = 1s (default)
2019-09-24 22:36:13,702 [e600257f-a92d-418f-8862-d602fe0582b6@group-68422B9CB52C:LeaderElection10] INFO  server.RaftServerConfigKeys (ConfUtils.java:logGet(43)) - raft.server.watch.element-limit = 65536 (default)
2019-09-24 22:36:13,705 [e600257f-a92d-418f-8862-d602fe0582b6@group-68422B9CB52C:LeaderElection10] INFO  impl.RoleInfo (RoleInfo.java:updateAndGet(143)) - e600257f-a92d-418f-8862-d602fe0582b6: start LeaderState
2019-09-24 22:36:13,705 [e600257f-a92d-418f-8862-d602fe0582b6@group-68422B9CB52C:LeaderElection10] INFO  segmented.SegmentedRaftLogWorker (SegmentedRaftLogWorker.java:startLogSegment(380)) - e600257f-a92d-418f-8862-d602fe0582b6@group-68422B9CB52C-SegmentedRaftLogWorker: Starting segment from index:0
2019-09-24 22:36:13,706 [e600257f-a92d-418f-8862-d602fe0582b6@group-68422B9CB52C:LeaderElection10] INFO  impl.RaftServerImpl (ServerState.java:setRaftConf(354)) - e600257f-a92d-418f-8862-d602fe0582b6@group-68422B9CB52C: set configuration 0: [e600257f-a92d-418f-8862-d602fe0582b6:192.168.151.66:42621], old=null at 0
2019-09-24 22:36:13,729 [ba8da8c9-7047-42c0-b6d2-a7916db8a88b@group-27691149BEE5:LeaderElection11] INFO  impl.LeaderElection (LeaderElection.java:askForVotes(182)) - ba8da8c9-7047-42c0-b6d2-a7916db8a88b@group-27691149BEE5:LeaderElection11: begin an election at term 1 for -1: [ba8da8c9-7047-42c0-b6d2-a7916db8a88b:192.168.151.66:33065, 4ac78631-b199-4be1-a250-fa3c30279e20:192.168.151.66:46649, 937d00a5-df36-4851-a0be-3aaed9d3a7ec:192.168.151.66:33150], old=null
2019-09-24 22:36:13,734 [Thread-320] INFO  impl.FollowerState (FollowerState.java:run(106)) - 4ac78631-b199-4be1-a250-fa3c30279e20:group-27691149BEE5 changes to CANDIDATE, lastRpcTime:5127, electionTimeout:5127ms
2019-09-24 22:36:13,735 [Thread-320] INFO  impl.RoleInfo (RoleInfo.java:shutdownFollowerState(121)) - 4ac78631-b199-4be1-a250-fa3c30279e20: shutdown FollowerState
2019-09-24 22:36:13,735 [Thread-320] INFO  impl.RaftServerImpl (RaftServerImpl.java:setRole(174)) - 4ac78631-b199-4be1-a250-fa3c30279e20@group-27691149BEE5: changes role from  FOLLOWER to CANDIDATE at term 0 for changeToCandidate
2019-09-24 22:36:13,735 [Thread-320] INFO  impl.RoleInfo (RoleInfo.java:updateAndGet(143)) - 4ac78631-b199-4be1-a250-fa3c30279e20: start LeaderElection
2019-09-24 22:36:13,755 [e600257f-a92d-418f-8862-d602fe0582b6@group-68422B9CB52C-SegmentedRaftLogWorker] INFO  segmented.SegmentedRaftLogWorker (SegmentedRaftLogWorker.java:execute(569)) - e600257f-a92d-418f-8862-d602fe0582b6@group-68422B9CB52C-SegmentedRaftLogWorker: created new log segment /workdir/hadoop-ozone/integration-test/target/test-dir/MiniOzoneClusterImpl-95732fd8-3d66-4978-936c-af465de6078a/datanode-7/data/ratis/006f7910-b02d-47b9-87ae-68422b9cb52c/current/log_inprogress_0
2019-09-24 22:36:13,755 [4ac78631-b199-4be1-a250-fa3c30279e20@group-27691149BEE5:LeaderElection12] INFO  impl.LeaderElection (LeaderElection.java:askForVotes(182)) - 4ac78631-b199-4be1-a250-fa3c30279e20@group-27691149BEE5:LeaderElection12: begin an election at term 1 for -1: [ba8da8c9-7047-42c0-b6d2-a7916db8a88b:192.168.151.66:33065, 4ac78631-b199-4be1-a250-fa3c30279e20:192.168.151.66:46649, 937d00a5-df36-4851-a0be-3aaed9d3a7ec:192.168.151.66:33150], old=null
2019-09-24 22:36:13,782 [Thread-330] INFO  impl.FollowerState (FollowerState.java:run(106)) - d1d412fa-610f-4a7d-9756-a1129e219702:group-9DA5C9124E79 changes to CANDIDATE, lastRpcTime:5073, electionTimeout:5070ms
2019-09-24 22:36:13,783 [Thread-330] INFO  impl.RoleInfo (RoleInfo.java:shutdownFollowerState(121)) - d1d412fa-610f-4a7d-9756-a1129e219702: shutdown FollowerState
2019-09-24 22:36:13,787 [Thread-330] INFO  impl.RaftServerImpl (RaftServerImpl.java:setRole(174)) - d1d412fa-610f-4a7d-9756-a1129e219702@group-9DA5C9124E79: changes role from  FOLLOWER to CANDIDATE at term 0 for changeToCandidate
2019-09-24 22:36:13,790 [Thread-330] INFO  impl.RoleInfo (RoleInfo.java:updateAndGet(143)) - d1d412fa-610f-4a7d-9756-a1129e219702: start LeaderElection
2019-09-24 22:36:13,794 [Thread-322] INFO  impl.FollowerState (FollowerState.java:run(106)) - 937d00a5-df36-4851-a0be-3aaed9d3a7ec:group-27691149BEE5 changes to CANDIDATE, lastRpcTime:5186, electionTimeout:5184ms
2019-09-24 22:36:13,794 [Thread-322] INFO  impl.RoleInfo (RoleInfo.java:shutdownFollowerState(121)) - 937d00a5-df36-4851-a0be-3aaed9d3a7ec: shutdown FollowerState
2019-09-24 22:36:13,800 [Thread-329] INFO  impl.FollowerState (FollowerState.java:run(106)) - 533bf916-75bc-4ef0-b696-2f1d5164c628:group-9DA5C9124E79 changes to CANDIDATE, lastRpcTime:5103, electionTimeout:5102ms
2019-09-24 22:36:13,800 [Thread-322] INFO  impl.RaftServerImpl (RaftServerImpl.java:setRole(174)) - 937d00a5-df36-4851-a0be-3aaed9d3a7ec@group-27691149BEE5: changes role from  FOLLOWER to CANDIDATE at term 0 for changeToCandidate
2019-09-24 22:36:13,801 [Thread-329] INFO  impl.RoleInfo (RoleInfo.java:shutdownFollowerState(121)) - 533bf916-75bc-4ef0-b696-2f1d5164c628: shutdown FollowerState
2019-09-24 22:36:13,801 [Thread-322] INFO  impl.RoleInfo (RoleInfo.java:updateAndGet(143)) - 937d00a5-df36-4851-a0be-3aaed9d3a7ec: start LeaderElection
2019-09-24 22:36:13,801 [Thread-329] INFO  impl.RaftServerImpl (RaftServerImpl.java:setRole(174)) - 533bf916-75bc-4ef0-b696-2f1d5164c628@group-9DA5C9124E79: changes role from  FOLLOWER to CANDIDATE at term 0 for changeToCandidate
2019-09-24 22:36:13,801 [Thread-329] INFO  impl.RoleInfo (RoleInfo.java:updateAndGet(143)) - 533bf916-75bc-4ef0-b696-2f1d5164c628: start LeaderElection
2019-09-24 22:36:13,841 [533bf916-75bc-4ef0-b696-2f1d5164c628@group-9DA5C9124E79:LeaderElection15] INFO  impl.LeaderElection (LeaderElection.java:askForVotes(182)) - 533bf916-75bc-4ef0-b696-2f1d5164c628@group-9DA5C9124E79:LeaderElection15: begin an election at term 1 for -1: [d1d412fa-610f-4a7d-9756-a1129e219702:192.168.151.66:40539, 533bf916-75bc-4ef0-b696-2f1d5164c628:192.168.151.66:46232, 21c95cdb-d9ea-42ca-a1c8-516e3611f91d:192.168.151.66:39006], old=null
2019-09-24 22:36:13,841 [937d00a5-df36-4851-a0be-3aaed9d3a7ec@group-27691149BEE5:LeaderElection14] INFO  impl.LeaderElection (LeaderElection.java:askForVotes(182)) - 937d00a5-df36-4851-a0be-3aaed9d3a7ec@group-27691149BEE5:LeaderElection14: begin an election at term 1 for -1: [ba8da8c9-7047-42c0-b6d2-a7916db8a88b:192.168.151.66:33065, 4ac78631-b199-4be1-a250-fa3c30279e20:192.168.151.66:46649, 937d00a5-df36-4851-a0be-3aaed9d3a7ec:192.168.151.66:33150], old=null
2019-09-24 22:36:13,841 [d1d412fa-610f-4a7d-9756-a1129e219702@group-9DA5C9124E79:LeaderElection13] INFO  impl.LeaderElection (LeaderElection.java:askForVotes(182)) - d1d412fa-610f-4a7d-9756-a1129e219702@group-9DA5C9124E79:LeaderElection13: begin an election at term 1 for -1: [d1d412fa-610f-4a7d-9756-a1129e219702:192.168.151.66:40539, 533bf916-75bc-4ef0-b696-2f1d5164c628:192.168.151.66:46232, 21c95cdb-d9ea-42ca-a1c8-516e3611f91d:192.168.151.66:39006], old=null
2019-09-24 22:36:13,857 [Thread-336] INFO  impl.FollowerState (FollowerState.java:run(106)) - e600257f-a92d-418f-8862-d602fe0582b6:group-4C295D2E039F changes to CANDIDATE, lastRpcTime:5050, electionTimeout:5050ms
2019-09-24 22:36:13,857 [Thread-336] INFO  impl.RoleInfo (RoleInfo.java:shutdownFollowerState(121)) - e600257f-a92d-418f-8862-d602fe0582b6: shutdown FollowerState
2019-09-24 22:36:13,859 [Thread-336] INFO  impl.RaftServerImpl (RaftServerImpl.java:setRole(174)) - e600257f-a92d-418f-8862-d602fe0582b6@group-4C295D2E039F: changes role from  FOLLOWER to CANDIDATE at term 0 for changeToCandidate
2019-09-24 22:36:13,859 [Thread-336] INFO  impl.RoleInfo (RoleInfo.java:updateAndGet(143)) - e600257f-a92d-418f-8862-d602fe0582b6: start LeaderElection
2019-09-24 22:36:13,866 [Thread-327] INFO  impl.FollowerState (FollowerState.java:run(106)) - 21c95cdb-d9ea-42ca-a1c8-516e3611f91d:group-9DA5C9124E79 changes to CANDIDATE, lastRpcTime:5174, electionTimeout:5171ms
2019-09-24 22:36:13,866 [Thread-327] INFO  impl.RoleInfo (RoleInfo.java:shutdownFollowerState(121)) - 21c95cdb-d9ea-42ca-a1c8-516e3611f91d: shutdown FollowerState
2019-09-24 22:36:13,866 [Thread-327] INFO  impl.RaftServerImpl (RaftServerImpl.java:setRole(174)) - 21c95cdb-d9ea-42ca-a1c8-516e3611f91d@group-9DA5C9124E79: changes role from  FOLLOWER to CANDIDATE at term 0 for changeToCandidate
2019-09-24 22:36:13,867 [Thread-327] INFO  impl.RoleInfo (RoleInfo.java:updateAndGet(143)) - 21c95cdb-d9ea-42ca-a1c8-516e3611f91d: start LeaderElection
2019-09-24 22:36:13,873 [ba8da8c9-7047-42c0-b6d2-a7916db8a88b@group-27691149BEE5:LeaderElection11] INFO  impl.LeaderElection (LeaderElection.java:logAndReturn(56)) - ba8da8c9-7047-42c0-b6d2-a7916db8a88b@group-27691149BEE5:LeaderElection11: Election REJECTED; received 2 response(s) [ba8da8c9-7047-42c0-b6d2-a7916db8a88b<-4ac78631-b199-4be1-a250-fa3c30279e20#0:FAIL-t1, ba8da8c9-7047-42c0-b6d2-a7916db8a88b<-937d00a5-df36-4851-a0be-3aaed9d3a7ec#0:FAIL-t1] and 0 exception(s); ba8da8c9-7047-42c0-b6d2-a7916db8a88b@group-27691149BEE5:t1, leader=null, voted=ba8da8c9-7047-42c0-b6d2-a7916db8a88b, raftlog=ba8da8c9-7047-42c0-b6d2-a7916db8a88b@group-27691149BEE5-SegmentedRaftLog:OPENED:c-1,f-1,i0, conf=-1: [ba8da8c9-7047-42c0-b6d2-a7916db8a88b:192.168.151.66:33065, 4ac78631-b199-4be1-a250-fa3c30279e20:192.168.151.66:46649, 937d00a5-df36-4851-a0be-3aaed9d3a7ec:192.168.151.66:33150], old=null
2019-09-24 22:36:13,876 [4ac78631-b199-4be1-a250-fa3c30279e20@group-27691149BEE5:LeaderElection12] INFO  impl.LeaderElection (LeaderElection.java:logAndReturn(56)) - 4ac78631-b199-4be1-a250-fa3c30279e20@group-27691149BEE5:LeaderElection12: Election REJECTED; received 2 response(s) [4ac78631-b199-4be1-a250-fa3c30279e20<-ba8da8c9-7047-42c0-b6d2-a7916db8a88b#0:FAIL-t1, 4ac78631-b199-4be1-a250-fa3c30279e20<-937d00a5-df36-4851-a0be-3aaed9d3a7ec#0:FAIL-t1] and 0 exception(s); 4ac78631-b199-4be1-a250-fa3c30279e20@group-27691149BEE5:t1, leader=null, voted=4ac78631-b199-4be1-a250-fa3c30279e20, raftlog=4ac78631-b199-4be1-a250-fa3c30279e20@group-27691149BEE5-SegmentedRaftLog:OPENED:c-1,f-1,i0, conf=-1: [ba8da8c9-7047-42c0-b6d2-a7916db8a88b:192.168.151.66:33065, 4ac78631-b199-4be1-a250-fa3c30279e20:192.168.151.66:46649, 937d00a5-df36-4851-a0be-3aaed9d3a7ec:192.168.151.66:33150], old=null
2019-09-24 22:36:13,880 [21c95cdb-d9ea-42ca-a1c8-516e3611f91d@group-9DA5C9124E79:LeaderElection17] INFO  impl.LeaderElection (LeaderElection.java:askForVotes(182)) - 21c95cdb-d9ea-42ca-a1c8-516e3611f91d@group-9DA5C9124E79:LeaderElection17: begin an election at term 1 for -1: [d1d412fa-610f-4a7d-9756-a1129e219702:192.168.151.66:40539, 533bf916-75bc-4ef0-b696-2f1d5164c628:192.168.151.66:46232, 21c95cdb-d9ea-42ca-a1c8-516e3611f91d:192.168.151.66:39006], old=null
2019-09-24 22:36:13,886 [ba8da8c9-7047-42c0-b6d2-a7916db8a88b@group-27691149BEE5:LeaderElection11] INFO  impl.RaftServerImpl (RaftServerImpl.java:setRole(174)) - ba8da8c9-7047-42c0-b6d2-a7916db8a88b@group-27691149BEE5: changes role from CANDIDATE to FOLLOWER at term 1 for DISCOVERED_A_NEW_TERM
2019-09-24 22:36:13,888 [ba8da8c9-7047-42c0-b6d2-a7916db8a88b@group-27691149BEE5:LeaderElection11] INFO  impl.RoleInfo (RoleInfo.java:shutdownLeaderElection(134)) - ba8da8c9-7047-42c0-b6d2-a7916db8a88b: shutdown LeaderElection
2019-09-24 22:36:13,880 [e600257f-a92d-418f-8862-d602fe0582b6@group-4C295D2E039F:LeaderElection16] INFO  impl.LeaderElection (LeaderElection.java:askForVotes(182)) - e600257f-a92d-418f-8862-d602fe0582b6@group-4C295D2E039F:LeaderElection16: begin an election at term 1 for -1: [e600257f-a92d-418f-8862-d602fe0582b6:192.168.151.66:42621, fe8f780e-0bc6-4afd-b8a0-025a86d6d1c8:192.168.151.66:39079, 5bc73eaa-12d0-4a96-a0e8-4b461f9d9ac4:192.168.151.66:33216], old=null
2019-09-24 22:36:13,888 [ba8da8c9-7047-42c0-b6d2-a7916db8a88b@group-27691149BEE5:LeaderElection11] INFO  impl.RoleInfo (RoleInfo.java:updateAndGet(143)) - ba8da8c9-7047-42c0-b6d2-a7916db8a88b: start FollowerState
2019-09-24 22:36:13,888 [4ac78631-b199-4be1-a250-fa3c30279e20@group-27691149BEE5:LeaderElection12] INFO  impl.RaftServerImpl (RaftServerImpl.java:setRole(174)) - 4ac78631-b199-4be1-a250-fa3c30279e20@group-27691149BEE5: changes role from CANDIDATE to FOLLOWER at term 1 for DISCOVERED_A_NEW_TERM
2019-09-24 22:36:13,888 [4ac78631-b199-4be1-a250-fa3c30279e20@group-27691149BEE5:LeaderElection12] INFO  impl.RoleInfo (RoleInfo.java:shutdownLeaderElection(134)) - 4ac78631-b199-4be1-a250-fa3c30279e20: shutdown LeaderElection
2019-09-24 22:36:13,889 [4ac78631-b199-4be1-a250-fa3c30279e20@group-27691149BEE5:LeaderElection12] INFO  impl.RoleInfo (RoleInfo.java:updateAndGet(143)) - 4ac78631-b199-4be1-a250-fa3c30279e20: start FollowerState
2019-09-24 22:36:13,901 [Thread-339] INFO  impl.FollowerState (FollowerState.java:run(106)) - fe8f780e-0bc6-4afd-b8a0-025a86d6d1c8:group-4C295D2E039F changes to CANDIDATE, lastRpcTime:5090, electionTimeout:5085ms
2019-09-24 22:36:13,902 [Thread-339] INFO  impl.RoleInfo (RoleInfo.java:shutdownFollowerState(121)) - fe8f780e-0bc6-4afd-b8a0-025a86d6d1c8: shutdown FollowerState
2019-09-24 22:36:13,904 [Thread-339] INFO  impl.RaftServerImpl (RaftServerImpl.java:setRole(174)) - fe8f780e-0bc6-4afd-b8a0-025a86d6d1c8@group-4C295D2E039F: changes role from  FOLLOWER to CANDIDATE at term 0 for changeToCandidate
2019-09-24 22:36:13,905 [Thread-339] INFO  impl.RoleInfo (RoleInfo.java:updateAndGet(143)) - fe8f780e-0bc6-4afd-b8a0-025a86d6d1c8: start LeaderElection
2019-09-24 22:36:13,923 [fe8f780e-0bc6-4afd-b8a0-025a86d6d1c8@group-4C295D2E039F:LeaderElection18] INFO  impl.LeaderElection (LeaderElection.java:askForVotes(182)) - fe8f780e-0bc6-4afd-b8a0-025a86d6d1c8@group-4C295D2E039F:LeaderElection18: begin an election at term 1 for -1: [e600257f-a92d-418f-8862-d602fe0582b6:192.168.151.66:42621, fe8f780e-0bc6-4afd-b8a0-025a86d6d1c8:192.168.151.66:39079, 5bc73eaa-12d0-4a96-a0e8-4b461f9d9ac4:192.168.151.66:33216], old=null
2019-09-24 22:36:13,953 [grpc-default-executor-5] INFO  impl.RaftServerImpl (RaftServerImpl.java:setRole(174)) - 5bc73eaa-12d0-4a96-a0e8-4b461f9d9ac4@group-4C295D2E039F: changes role from  FOLLOWER to FOLLOWER at term 1 for recognizeCandidate:e600257f-a92d-418f-8862-d602fe0582b6
2019-09-24 22:36:13,953 [grpc-default-executor-5] INFO  impl.RoleInfo (RoleInfo.java:shutdownFollowerState(121)) - 5bc73eaa-12d0-4a96-a0e8-4b461f9d9ac4: shutdown FollowerState
2019-09-24 22:36:13,954 [grpc-default-executor-5] INFO  impl.RoleInfo (RoleInfo.java:updateAndGet(143)) - 5bc73eaa-12d0-4a96-a0e8-4b461f9d9ac4: start FollowerState
2019-09-24 22:36:13,954 [Thread-338] INFO  impl.FollowerState (FollowerState.java:run(115)) - 5bc73eaa-12d0-4a96-a0e8-4b461f9d9ac4: FollowerState was interrupted: java.lang.InterruptedException: sleep interrupted
2019-09-24 22:36:13,961 [d1d412fa-610f-4a7d-9756-a1129e219702@group-9DA5C9124E79:LeaderElection13] INFO  impl.LeaderElection (LeaderElection.java:logAndReturn(56)) - d1d412fa-610f-4a7d-9756-a1129e219702@group-9DA5C9124E79:LeaderElection13: Election REJECTED; received 2 response(s) [d1d412fa-610f-4a7d-9756-a1129e219702<-533bf916-75bc-4ef0-b696-2f1d5164c628#0:FAIL-t1, d1d412fa-610f-4a7d-9756-a1129e219702<-21c95cdb-d9ea-42ca-a1c8-516e3611f91d#0:FAIL-t1] and 0 exception(s); d1d412fa-610f-4a7d-9756-a1129e219702@group-9DA5C9124E79:t1, leader=null, voted=d1d412fa-610f-4a7d-9756-a1129e219702, raftlog=d1d412fa-610f-4a7d-9756-a1129e219702@group-9DA5C9124E79-SegmentedRaftLog:OPENED:c-1,f-1,i0, conf=-1: [d1d412fa-610f-4a7d-9756-a1129e219702:192.168.151.66:40539, 533bf916-75bc-4ef0-b696-2f1d5164c628:192.168.151.66:46232, 21c95cdb-d9ea-42ca-a1c8-516e3611f91d:192.168.151.66:39006], old=null
2019-09-24 22:36:13,964 [d1d412fa-610f-4a7d-9756-a1129e219702@group-9DA5C9124E79:LeaderElection13] INFO  impl.RaftServerImpl (RaftServerImpl.java:setRole(174)) - d1d412fa-610f-4a7d-9756-a1129e219702@group-9DA5C9124E79: changes role from CANDIDATE to FOLLOWER at term 1 for DISCOVERED_A_NEW_TERM
2019-09-24 22:36:13,966 [d1d412fa-610f-4a7d-9756-a1129e219702@group-9DA5C9124E79:LeaderElection13] INFO  impl.RoleInfo (RoleInfo.java:shutdownLeaderElection(134)) - d1d412fa-610f-4a7d-9756-a1129e219702: shutdown LeaderElection
2019-09-24 22:36:13,968 [d1d412fa-610f-4a7d-9756-a1129e219702@group-9DA5C9124E79:LeaderElection13] INFO  impl.RoleInfo (RoleInfo.java:updateAndGet(143)) - d1d412fa-610f-4a7d-9756-a1129e219702: start FollowerState
2019-09-24 22:36:13,976 [533bf916-75bc-4ef0-b696-2f1d5164c628@group-9DA5C9124E79:LeaderElection15] INFO  impl.LeaderElection (LeaderElection.java:logAndReturn(56)) - 533bf916-75bc-4ef0-b696-2f1d5164c628@group-9DA5C9124E79:LeaderElection15: Election REJECTED; received 2 response(s) [533bf916-75bc-4ef0-b696-2f1d5164c628<-d1d412fa-610f-4a7d-9756-a1129e219702#0:FAIL-t1, 533bf916-75bc-4ef0-b696-2f1d5164c628<-21c95cdb-d9ea-42ca-a1c8-516e3611f91d#0:FAIL-t1] and 0 exception(s); 533bf916-75bc-4ef0-b696-2f1d5164c628@group-9DA5C9124E79:t1, leader=null, voted=533bf916-75bc-4ef0-b696-2f1d5164c628, raftlog=533bf916-75bc-4ef0-b696-2f1d5164c628@group-9DA5C9124E79-SegmentedRaftLog:OPENED:c-1,f-1,i0, conf=-1: [d1d412fa-610f-4a7d-9756-a1129e219702:192.168.151.66:40539, 533bf916-75bc-4ef0-b696-2f1d5164c628:192.168.151.66:46232, 21c95cdb-d9ea-42ca-a1c8-516e3611f91d:192.168.151.66:39006], old=null
2019-09-24 22:36:13,978 [533bf916-75bc-4ef0-b696-2f1d5164c628@group-9DA5C9124E79:LeaderElection15] INFO  impl.RaftServerImpl (RaftServerImpl.java:setRole(174)) - 533bf916-75bc-4ef0-b696-2f1d5164c628@group-9DA5C9124E79: changes role from CANDIDATE to FOLLOWER at term 1 for DISCOVERED_A_NEW_TERM
2019-09-24 22:36:13,991 [533bf916-75bc-4ef0-b696-2f1d5164c628@group-9DA5C9124E79:LeaderElection15] INFO  impl.RoleInfo (RoleInfo.java:shutdownLeaderElection(134)) - 533bf916-75bc-4ef0-b696-2f1d5164c628: shutdown LeaderElection
2019-09-24 22:36:13,991 [533bf916-75bc-4ef0-b696-2f1d5164c628@group-9DA5C9124E79:LeaderElection15] INFO  impl.RoleInfo (RoleInfo.java:updateAndGet(143)) - 533bf916-75bc-4ef0-b696-2f1d5164c628: start FollowerState
2019-09-24 22:36:14,000 [e600257f-a92d-418f-8862-d602fe0582b6@group-4C295D2E039F:LeaderElection16] INFO  impl.LeaderElection (LeaderElection.java:logAndReturn(56)) - e600257f-a92d-418f-8862-d602fe0582b6@group-4C295D2E039F:LeaderElection16: Election PASSED; received 1 response(s) [e600257f-a92d-418f-8862-d602fe0582b6<-5bc73eaa-12d0-4a96-a0e8-4b461f9d9ac4#0:OK-t1] and 0 exception(s); e600257f-a92d-418f-8862-d602fe0582b6@group-4C295D2E039F:t1, leader=null, voted=e600257f-a92d-418f-8862-d602fe0582b6, raftlog=e600257f-a92d-418f-8862-d602fe0582b6@group-4C295D2E039F-SegmentedRaftLog:OPENED:c-1,f-1,i0, conf=-1: [e600257f-a92d-418f-8862-d602fe0582b6:192.168.151.66:42621, fe8f780e-0bc6-4afd-b8a0-025a86d6d1c8:192.168.151.66:39079, 5bc73eaa-12d0-4a96-a0e8-4b461f9d9ac4:192.168.151.66:33216], old=null
2019-09-24 22:36:14,003 [e600257f-a92d-418f-8862-d602fe0582b6@group-4C295D2E039F:LeaderElection16] INFO  impl.RoleInfo (RoleInfo.java:shutdownLeaderElection(134)) - e600257f-a92d-418f-8862-d602fe0582b6: shutdown LeaderElection
2019-09-24 22:36:14,005 [e600257f-a92d-418f-8862-d602fe0582b6@group-4C295D2E039F:LeaderElection16] INFO  impl.RaftServerImpl (RaftServerImpl.java:setRole(174)) - e600257f-a92d-418f-8862-d602fe0582b6@group-4C295D2E039F: changes role from CANDIDATE to LEADER at term 1 for changeToLeader
2019-09-24 22:36:14,005 [e600257f-a92d-418f-8862-d602fe0582b6@group-4C295D2E039F:LeaderElection16] INFO  impl.RaftServerImpl (ServerState.java:setLeader(253)) - e600257f-a92d-418f-8862-d602fe0582b6@group-4C295D2E039F: change Leader from null to e600257f-a92d-418f-8862-d602fe0582b6 at term 1 for becomeLeader, leader elected after 5210ms
2019-09-24 22:36:14,007 [e600257f-a92d-418f-8862-d602fe0582b6@group-4C295D2E039F:LeaderElection16] INFO  server.RaftServerConfigKeys (ConfUtils.java:logGet(43)) - raft.server.staging.catchup.gap = 1000 (default)
2019-09-24 22:36:14,008 [e600257f-a92d-418f-8862-d602fe0582b6@group-4C295D2E039F:LeaderElection16] INFO  server.RaftServerConfigKeys (ConfUtils.java:logGet(43)) - raft.server.rpc.sleep.time = 25ms (default)
2019-09-24 22:36:14,008 [e600257f-a92d-418f-8862-d602fe0582b6@group-4C295D2E039F:LeaderElection16] INFO  server.RaftServerConfigKeys (ConfUtils.java:logGet(43)) - raft.server.write.element-limit = 4096 (default)
2019-09-24 22:36:14,008 [e600257f-a92d-418f-8862-d602fe0582b6@group-4C295D2E039F:LeaderElection16] INFO  server.RaftServerConfigKeys (ConfUtils.java:logGet(43)) - raft.server.watch.timeout = 10s (default)
2019-09-24 22:36:14,008 [e600257f-a92d-418f-8862-d602fe0582b6@group-4C295D2E039F:LeaderElection16] INFO  server.RaftServerConfigKeys (ConfUtils.java:logGet(43)) - raft.server.watch.timeout.denomination = 1s (default)
2019-09-24 22:36:14,010 [e600257f-a92d-418f-8862-d602fe0582b6@group-4C295D2E039F:LeaderElection16] INFO  server.RaftServerConfigKeys (ConfUtils.java:logGet(43)) - raft.server.watch.element-limit = 65536 (default)
2019-09-24 22:36:14,011 [937d00a5-df36-4851-a0be-3aaed9d3a7ec@group-27691149BEE5:LeaderElection14] INFO  impl.LeaderElection (LeaderElection.java:logAndReturn(56)) - 937d00a5-df36-4851-a0be-3aaed9d3a7ec@group-27691149BEE5:LeaderElection14: Election REJECTED; received 2 response(s) [937d00a5-df36-4851-a0be-3aaed9d3a7ec<-ba8da8c9-7047-42c0-b6d2-a7916db8a88b#0:FAIL-t1, 937d00a5-df36-4851-a0be-3aaed9d3a7ec<-4ac78631-b199-4be1-a250-fa3c30279e20#0:FAIL-t1] and 0 exception(s); 937d00a5-df36-4851-a0be-3aaed9d3a7ec@group-27691149BEE5:t1, leader=null, voted=937d00a5-df36-4851-a0be-3aaed9d3a7ec, raftlog=937d00a5-df36-4851-a0be-3aaed9d3a7ec@group-27691149BEE5-SegmentedRaftLog:OPENED:c-1,f-1,i0, conf=-1: [ba8da8c9-7047-42c0-b6d2-a7916db8a88b:192.168.151.66:33065, 4ac78631-b199-4be1-a250-fa3c30279e20:192.168.151.66:46649, 937d00a5-df36-4851-a0be-3aaed9d3a7ec:192.168.151.66:33150], old=null
2019-09-24 22:36:14,015 [937d00a5-df36-4851-a0be-3aaed9d3a7ec@group-27691149BEE5:LeaderElection14] INFO  impl.RaftServerImpl (RaftServerImpl.java:setRole(174)) - 937d00a5-df36-4851-a0be-3aaed9d3a7ec@group-27691149BEE5: changes role from CANDIDATE to FOLLOWER at term 1 for DISCOVERED_A_NEW_TERM
2019-09-24 22:36:14,015 [937d00a5-df36-4851-a0be-3aaed9d3a7ec@group-27691149BEE5:LeaderElection14] INFO  impl.RoleInfo (RoleInfo.java:shutdownLeaderElection(134)) - 937d00a5-df36-4851-a0be-3aaed9d3a7ec: shutdown LeaderElection
2019-09-24 22:36:14,018 [937d00a5-df36-4851-a0be-3aaed9d3a7ec@group-27691149BEE5:LeaderElection14] INFO  impl.RoleInfo (RoleInfo.java:updateAndGet(143)) - 937d00a5-df36-4851-a0be-3aaed9d3a7ec: start FollowerState
2019-09-24 22:36:14,018 [21c95cdb-d9ea-42ca-a1c8-516e3611f91d@group-9DA5C9124E79:LeaderElection17] INFO  impl.LeaderElection (LeaderElection.java:logAndReturn(56)) - 21c95cdb-d9ea-42ca-a1c8-516e3611f91d@group-9DA5C9124E79:LeaderElection17: Election REJECTED; received 2 response(s) [21c95cdb-d9ea-42ca-a1c8-516e3611f91d<-d1d412fa-610f-4a7d-9756-a1129e219702#0:FAIL-t1, 21c95cdb-d9ea-42ca-a1c8-516e3611f91d<-533bf916-75bc-4ef0-b696-2f1d5164c628#0:FAIL-t1] and 0 exception(s); 21c95cdb-d9ea-42ca-a1c8-516e3611f91d@group-9DA5C9124E79:t1, leader=null, voted=21c95cdb-d9ea-42ca-a1c8-516e3611f91d, raftlog=21c95cdb-d9ea-42ca-a1c8-516e3611f91d@group-9DA5C9124E79-SegmentedRaftLog:OPENED:c-1,f-1,i0, conf=-1: [d1d412fa-610f-4a7d-9756-a1129e219702:192.168.151.66:40539, 533bf916-75bc-4ef0-b696-2f1d5164c628:192.168.151.66:46232, 21c95cdb-d9ea-42ca-a1c8-516e3611f91d:192.168.151.66:39006], old=null
2019-09-24 22:36:14,020 [21c95cdb-d9ea-42ca-a1c8-516e3611f91d@group-9DA5C9124E79:LeaderElection17] INFO  impl.RaftServerImpl (RaftServerImpl.java:setRole(174)) - 21c95cdb-d9ea-42ca-a1c8-516e3611f91d@group-9DA5C9124E79: changes role from CANDIDATE to FOLLOWER at term 1 for DISCOVERED_A_NEW_TERM
2019-09-24 22:36:14,021 [21c95cdb-d9ea-42ca-a1c8-516e3611f91d@group-9DA5C9124E79:LeaderElection17] INFO  impl.RoleInfo (RoleInfo.java:shutdownLeaderElection(134)) - 21c95cdb-d9ea-42ca-a1c8-516e3611f91d: shutdown LeaderElection
2019-09-24 22:36:14,021 [21c95cdb-d9ea-42ca-a1c8-516e3611f91d@group-9DA5C9124E79:LeaderElection17] INFO  impl.RoleInfo (RoleInfo.java:updateAndGet(143)) - 21c95cdb-d9ea-42ca-a1c8-516e3611f91d: start FollowerState
2019-09-24 22:36:14,027 [e600257f-a92d-418f-8862-d602fe0582b6@group-4C295D2E039F:LeaderElection16] INFO  server.RaftServerConfigKeys (ConfUtils.java:logGet(43)) - raft.server.log.appender.snapshot.chunk.size.max = 16MB (=16777216) (default)
2019-09-24 22:36:14,029 [e600257f-a92d-418f-8862-d602fe0582b6@group-4C295D2E039F:LeaderElection16] INFO  server.RaftServerConfigKeys (ConfUtils.java:logGet(43)) - raft.server.log.appender.buffer.byte-limit = 33554432 (custom)
2019-09-24 22:36:14,030 [e600257f-a92d-418f-8862-d602fe0582b6@group-4C295D2E039F:LeaderElection16] INFO  server.RaftServerConfigKeys (ConfUtils.java:logGet(43)) - raft.server.log.appender.buffer.element-limit = 1 (custom)
2019-09-24 22:36:14,035 [e600257f-a92d-418f-8862-d602fe0582b6@group-4C295D2E039F:LeaderElection16] INFO  grpc.GrpcConfigKeys$Server (ConfUtils.java:logGet(43)) - raft.grpc.server.leader.outstanding.appends.max = 128 (default)
2019-09-24 22:36:14,035 [e600257f-a92d-418f-8862-d602fe0582b6@group-4C295D2E039F:LeaderElection16] INFO  server.RaftServerConfigKeys (ConfUtils.java:logGet(43)) - raft.server.rpc.request.timeout = 3000ms (default)
2019-09-24 22:36:14,035 [e600257f-a92d-418f-8862-d602fe0582b6@group-4C295D2E039F:LeaderElection16] INFO  server.RaftServerConfigKeys (ConfUtils.java:logGet(43)) - raft.server.log.appender.install.snapshot.enabled = false (custom)
2019-09-24 22:36:14,036 [e600257f-a92d-418f-8862-d602fe0582b6@group-4C295D2E039F:LeaderElection16] INFO  server.RaftServerConfigKeys (ConfUtils.java:logGet(43)) - raft.server.log.appender.snapshot.chunk.size.max = 16MB (=16777216) (default)
2019-09-24 22:36:14,037 [e600257f-a92d-418f-8862-d602fe0582b6@group-4C295D2E039F:LeaderElection16] INFO  server.RaftServerConfigKeys (ConfUtils.java:logGet(43)) - raft.server.log.appender.buffer.byte-limit = 33554432 (custom)
2019-09-24 22:36:14,037 [e600257f-a92d-418f-8862-d602fe0582b6@group-4C295D2E039F:LeaderElection16] INFO  server.RaftServerConfigKeys (ConfUtils.java:logGet(43)) - raft.server.log.appender.buffer.element-limit = 1 (custom)
2019-09-24 22:36:14,037 [e600257f-a92d-418f-8862-d602fe0582b6@group-4C295D2E039F:LeaderElection16] INFO  grpc.GrpcConfigKeys$Server (ConfUtils.java:logGet(43)) - raft.grpc.server.leader.outstanding.appends.max = 128 (default)
2019-09-24 22:36:14,037 [e600257f-a92d-418f-8862-d602fe0582b6@group-4C295D2E039F:LeaderElection16] INFO  server.RaftServerConfigKeys (ConfUtils.java:logGet(43)) - raft.server.rpc.request.timeout = 3000ms (default)
2019-09-24 22:36:14,038 [e600257f-a92d-418f-8862-d602fe0582b6@group-4C295D2E039F:LeaderElection16] INFO  server.RaftServerConfigKeys (ConfUtils.java:logGet(43)) - raft.server.log.appender.install.snapshot.enabled = false (custom)
2019-09-24 22:36:14,042 [e600257f-a92d-418f-8862-d602fe0582b6@group-4C295D2E039F:LeaderElection16] INFO  impl.RoleInfo (RoleInfo.java:updateAndGet(143)) - e600257f-a92d-418f-8862-d602fe0582b6: start LeaderState
2019-09-24 22:36:14,042 [e600257f-a92d-418f-8862-d602fe0582b6@group-4C295D2E039F:LeaderElection16] INFO  segmented.SegmentedRaftLogWorker (SegmentedRaftLogWorker.java:startLogSegment(380)) - e600257f-a92d-418f-8862-d602fe0582b6@group-4C295D2E039F-SegmentedRaftLogWorker: Starting segment from index:0
2019-09-24 22:36:14,044 [e600257f-a92d-418f-8862-d602fe0582b6@group-4C295D2E039F:LeaderElection16] INFO  impl.RaftServerImpl (ServerState.java:setRaftConf(354)) - e600257f-a92d-418f-8862-d602fe0582b6@group-4C295D2E039F: set configuration 0: [e600257f-a92d-418f-8862-d602fe0582b6:192.168.151.66:42621, fe8f780e-0bc6-4afd-b8a0-025a86d6d1c8:192.168.151.66:39079, 5bc73eaa-12d0-4a96-a0e8-4b461f9d9ac4:192.168.151.66:33216], old=null at 0
2019-09-24 22:36:14,044 [grpc-default-executor-0] INFO  impl.RaftServerImpl (RaftServerImpl.java:requestVote(758)) - e600257f-a92d-418f-8862-d602fe0582b6@group-4C295D2E039F-   LEADER: Withhold vote from candidate fe8f780e-0bc6-4afd-b8a0-025a86d6d1c8 with term 1. State: leader=e600257f-a92d-418f-8862-d602fe0582b6, term=1, lastRpcElapsed=null
2019-09-24 22:36:14,062 [fe8f780e-0bc6-4afd-b8a0-025a86d6d1c8@group-4C295D2E039F:LeaderElection18] INFO  impl.LeaderElection (LeaderElection.java:logAndReturn(56)) - fe8f780e-0bc6-4afd-b8a0-025a86d6d1c8@group-4C295D2E039F:LeaderElection18: Election REJECTED; received 2 response(s) [fe8f780e-0bc6-4afd-b8a0-025a86d6d1c8<-e600257f-a92d-418f-8862-d602fe0582b6#0:FAIL-t1, fe8f780e-0bc6-4afd-b8a0-025a86d6d1c8<-5bc73eaa-12d0-4a96-a0e8-4b461f9d9ac4#0:FAIL-t1] and 0 exception(s); fe8f780e-0bc6-4afd-b8a0-025a86d6d1c8@group-4C295D2E039F:t1, leader=null, voted=fe8f780e-0bc6-4afd-b8a0-025a86d6d1c8, raftlog=fe8f780e-0bc6-4afd-b8a0-025a86d6d1c8@group-4C295D2E039F-SegmentedRaftLog:OPENED:c-1,f-1,i0, conf=-1: [e600257f-a92d-418f-8862-d602fe0582b6:192.168.151.66:42621, fe8f780e-0bc6-4afd-b8a0-025a86d6d1c8:192.168.151.66:39079, 5bc73eaa-12d0-4a96-a0e8-4b461f9d9ac4:192.168.151.66:33216], old=null
2019-09-24 22:36:14,063 [fe8f780e-0bc6-4afd-b8a0-025a86d6d1c8@group-4C295D2E039F:LeaderElection18] INFO  impl.RaftServerImpl (RaftServerImpl.java:setRole(174)) - fe8f780e-0bc6-4afd-b8a0-025a86d6d1c8@group-4C295D2E039F: changes role from CANDIDATE to FOLLOWER at term 1 for DISCOVERED_A_NEW_TERM
2019-09-24 22:36:14,063 [fe8f780e-0bc6-4afd-b8a0-025a86d6d1c8@group-4C295D2E039F:LeaderElection18] INFO  impl.RoleInfo (RoleInfo.java:shutdownLeaderElection(134)) - fe8f780e-0bc6-4afd-b8a0-025a86d6d1c8: shutdown LeaderElection
2019-09-24 22:36:14,063 [fe8f780e-0bc6-4afd-b8a0-025a86d6d1c8@group-4C295D2E039F:LeaderElection18] INFO  impl.RoleInfo (RoleInfo.java:updateAndGet(143)) - fe8f780e-0bc6-4afd-b8a0-025a86d6d1c8: start FollowerState
2019-09-24 22:36:14,085 [grpc-default-executor-5] INFO  impl.RaftServerImpl (ServerState.java:setLeader(253)) - fe8f780e-0bc6-4afd-b8a0-025a86d6d1c8@group-4C295D2E039F: change Leader from null to e600257f-a92d-418f-8862-d602fe0582b6 at term 1 for appendEntries, leader elected after 5290ms
2019-09-24 22:36:14,088 [e600257f-a92d-418f-8862-d602fe0582b6@group-4C295D2E039F-SegmentedRaftLogWorker] INFO  segmented.SegmentedRaftLogWorker (SegmentedRaftLogWorker.java:execute(569)) - e600257f-a92d-418f-8862-d602fe0582b6@group-4C295D2E039F-SegmentedRaftLogWorker: created new log segment /workdir/hadoop-ozone/integration-test/target/test-dir/MiniOzoneClusterImpl-95732fd8-3d66-4978-936c-af465de6078a/datanode-7/data/ratis/da89f906-07c7-49aa-bc22-4c295d2e039f/current/log_inprogress_0
2019-09-24 22:36:14,088 [grpc-default-executor-0] INFO  impl.RaftServerImpl (ServerState.java:setLeader(253)) - 5bc73eaa-12d0-4a96-a0e8-4b461f9d9ac4@group-4C295D2E039F: change Leader from null to e600257f-a92d-418f-8862-d602fe0582b6 at term 1 for appendEntries, leader elected after 5293ms
2019-09-24 22:36:14,134 [grpc-default-executor-5] INFO  impl.RaftServerImpl (ServerState.java:setRaftConf(354)) - 5bc73eaa-12d0-4a96-a0e8-4b461f9d9ac4@group-4C295D2E039F: set configuration 0: [e600257f-a92d-418f-8862-d602fe0582b6:192.168.151.66:42621, fe8f780e-0bc6-4afd-b8a0-025a86d6d1c8:192.168.151.66:39079, 5bc73eaa-12d0-4a96-a0e8-4b461f9d9ac4:192.168.151.66:33216], old=null at 0
2019-09-24 22:36:14,135 [grpc-default-executor-0] INFO  impl.RaftServerImpl (ServerState.java:setRaftConf(354)) - fe8f780e-0bc6-4afd-b8a0-025a86d6d1c8@group-4C295D2E039F: set configuration 0: [e600257f-a92d-418f-8862-d602fe0582b6:192.168.151.66:42621, fe8f780e-0bc6-4afd-b8a0-025a86d6d1c8:192.168.151.66:39079, 5bc73eaa-12d0-4a96-a0e8-4b461f9d9ac4:192.168.151.66:33216], old=null at 0
2019-09-24 22:36:14,135 [grpc-default-executor-5] INFO  segmented.SegmentedRaftLogWorker (SegmentedRaftLogWorker.java:startLogSegment(380)) - 5bc73eaa-12d0-4a96-a0e8-4b461f9d9ac4@group-4C295D2E039F-SegmentedRaftLogWorker: Starting segment from index:0
2019-09-24 22:36:14,135 [grpc-default-executor-0] INFO  segmented.SegmentedRaftLogWorker (SegmentedRaftLogWorker.java:startLogSegment(380)) - fe8f780e-0bc6-4afd-b8a0-025a86d6d1c8@group-4C295D2E039F-SegmentedRaftLogWorker: Starting segment from index:0
2019-09-24 22:36:14,162 [5bc73eaa-12d0-4a96-a0e8-4b461f9d9ac4@group-4C295D2E039F-SegmentedRaftLogWorker] INFO  segmented.SegmentedRaftLogWorker (SegmentedRaftLogWorker.java:execute(569)) - 5bc73eaa-12d0-4a96-a0e8-4b461f9d9ac4@group-4C295D2E039F-SegmentedRaftLogWorker: created new log segment /workdir/hadoop-ozone/integration-test/target/test-dir/MiniOzoneClusterImpl-95732fd8-3d66-4978-936c-af465de6078a/datanode-3/data/ratis/da89f906-07c7-49aa-bc22-4c295d2e039f/current/log_inprogress_0
2019-09-24 22:36:14,162 [fe8f780e-0bc6-4afd-b8a0-025a86d6d1c8@group-4C295D2E039F-SegmentedRaftLogWorker] INFO  segmented.SegmentedRaftLogWorker (SegmentedRaftLogWorker.java:execute(569)) - fe8f780e-0bc6-4afd-b8a0-025a86d6d1c8@group-4C295D2E039F-SegmentedRaftLogWorker: created new log segment /workdir/hadoop-ozone/integration-test/target/test-dir/MiniOzoneClusterImpl-95732fd8-3d66-4978-936c-af465de6078a/datanode-5/data/ratis/da89f906-07c7-49aa-bc22-4c295d2e039f/current/log_inprogress_0
2019-09-24 22:36:14,506 [main] INFO  ipc.Client (Client.java:handleConnectionFailure(948)) - Retrying connect to server: localhost/127.0.0.1:0. Already tried 5 time(s); retry policy is RetryUpToMaximumCountWithFixedSleep(maxRetries=10, sleepTime=1000 MILLISECONDS)
2019-09-24 22:36:15,507 [main] INFO  ipc.Client (Client.java:handleConnectionFailure(948)) - Retrying connect to server: localhost/127.0.0.1:0. Already tried 6 time(s); retry policy is RetryUpToMaximumCountWithFixedSleep(maxRetries=10, sleepTime=1000 MILLISECONDS)
2019-09-24 22:36:16,509 [main] INFO  ipc.Client (Client.java:handleConnectionFailure(948)) - Retrying connect to server: localhost/127.0.0.1:0. Already tried 7 time(s); retry policy is RetryUpToMaximumCountWithFixedSleep(maxRetries=10, sleepTime=1000 MILLISECONDS)
2019-09-24 22:36:17,510 [main] INFO  ipc.Client (Client.java:handleConnectionFailure(948)) - Retrying connect to server: localhost/127.0.0.1:0. Already tried 8 time(s); retry policy is RetryUpToMaximumCountWithFixedSleep(maxRetries=10, sleepTime=1000 MILLISECONDS)
2019-09-24 22:36:18,511 [main] INFO  ipc.Client (Client.java:handleConnectionFailure(948)) - Retrying connect to server: localhost/127.0.0.1:0. Already tried 9 time(s); retry policy is RetryUpToMaximumCountWithFixedSleep(maxRetries=10, sleepTime=1000 MILLISECONDS)
2019-09-24 22:36:18,985 [Thread-390] INFO  impl.FollowerState (FollowerState.java:run(106)) - d1d412fa-610f-4a7d-9756-a1129e219702:group-9DA5C9124E79 changes to CANDIDATE, lastRpcTime:5016, electionTimeout:5012ms
2019-09-24 22:36:18,985 [Thread-390] INFO  impl.RoleInfo (RoleInfo.java:shutdownFollowerState(121)) - d1d412fa-610f-4a7d-9756-a1129e219702: shutdown FollowerState
2019-09-24 22:36:18,985 [Thread-390] INFO  impl.RaftServerImpl (RaftServerImpl.java:setRole(174)) - d1d412fa-610f-4a7d-9756-a1129e219702@group-9DA5C9124E79: changes role from  FOLLOWER to CANDIDATE at term 1 for changeToCandidate
2019-09-24 22:36:18,986 [Thread-390] INFO  impl.RoleInfo (RoleInfo.java:updateAndGet(143)) - d1d412fa-610f-4a7d-9756-a1129e219702: start LeaderElection
2019-09-24 22:36:19,020 [d1d412fa-610f-4a7d-9756-a1129e219702@group-9DA5C9124E79:LeaderElection19] INFO  impl.LeaderElection (LeaderElection.java:askForVotes(182)) - d1d412fa-610f-4a7d-9756-a1129e219702@group-9DA5C9124E79:LeaderElection19: begin an election at term 2 for -1: [d1d412fa-610f-4a7d-9756-a1129e219702:192.168.151.66:40539, 533bf916-75bc-4ef0-b696-2f1d5164c628:192.168.151.66:46232, 21c95cdb-d9ea-42ca-a1c8-516e3611f91d:192.168.151.66:39006], old=null
2019-09-24 22:36:19,035 [grpc-default-executor-0] INFO  impl.RaftServerImpl (RaftServerImpl.java:setRole(174)) - 533bf916-75bc-4ef0-b696-2f1d5164c628@group-9DA5C9124E79: changes role from  FOLLOWER to FOLLOWER at term 2 for recognizeCandidate:d1d412fa-610f-4a7d-9756-a1129e219702
2019-09-24 22:36:19,035 [grpc-default-executor-5] INFO  impl.RaftServerImpl (RaftServerImpl.java:setRole(174)) - 21c95cdb-d9ea-42ca-a1c8-516e3611f91d@group-9DA5C9124E79: changes role from  FOLLOWER to FOLLOWER at term 2 for recognizeCandidate:d1d412fa-610f-4a7d-9756-a1129e219702
2019-09-24 22:36:19,035 [grpc-default-executor-0] INFO  impl.RoleInfo (RoleInfo.java:shutdownFollowerState(121)) - 533bf916-75bc-4ef0-b696-2f1d5164c628: shutdown FollowerState
2019-09-24 22:36:19,035 [grpc-default-executor-5] INFO  impl.RoleInfo (RoleInfo.java:shutdownFollowerState(121)) - 21c95cdb-d9ea-42ca-a1c8-516e3611f91d: shutdown FollowerState
2019-09-24 22:36:19,036 [grpc-default-executor-0] INFO  impl.RoleInfo (RoleInfo.java:updateAndGet(143)) - 533bf916-75bc-4ef0-b696-2f1d5164c628: start FollowerState
2019-09-24 22:36:19,036 [grpc-default-executor-5] INFO  impl.RoleInfo (RoleInfo.java:updateAndGet(143)) - 21c95cdb-d9ea-42ca-a1c8-516e3611f91d: start FollowerState
2019-09-24 22:36:19,036 [Thread-391] INFO  impl.FollowerState (FollowerState.java:run(115)) - 533bf916-75bc-4ef0-b696-2f1d5164c628: FollowerState was interrupted: java.lang.InterruptedException: sleep interrupted
2019-09-24 22:36:19,036 [Thread-394] INFO  impl.FollowerState (FollowerState.java:run(115)) - 21c95cdb-d9ea-42ca-a1c8-516e3611f91d: FollowerState was interrupted: java.lang.InterruptedException: sleep interrupted
2019-09-24 22:36:19,052 [Thread-393] INFO  impl.FollowerState (FollowerState.java:run(106)) - 937d00a5-df36-4851-a0be-3aaed9d3a7ec:group-27691149BEE5 changes to CANDIDATE, lastRpcTime:5033, electionTimeout:5033ms
2019-09-24 22:36:19,052 [Thread-393] INFO  impl.RoleInfo (RoleInfo.java:shutdownFollowerState(121)) - 937d00a5-df36-4851-a0be-3aaed9d3a7ec: shutdown FollowerState
2019-09-24 22:36:19,052 [Thread-393] INFO  impl.RaftServerImpl (RaftServerImpl.java:setRole(174)) - 937d00a5-df36-4851-a0be-3aaed9d3a7ec@group-27691149BEE5: changes role from  FOLLOWER to CANDIDATE at term 1 for changeToCandidate
2019-09-24 22:36:19,052 [Thread-393] INFO  impl.RoleInfo (RoleInfo.java:updateAndGet(143)) - 937d00a5-df36-4851-a0be-3aaed9d3a7ec: start LeaderElection
2019-09-24 22:36:19,058 [937d00a5-df36-4851-a0be-3aaed9d3a7ec@group-27691149BEE5:LeaderElection20] INFO  impl.LeaderElection (LeaderElection.java:askForVotes(182)) - 937d00a5-df36-4851-a0be-3aaed9d3a7ec@group-27691149BEE5:LeaderElection20: begin an election at term 2 for -1: [ba8da8c9-7047-42c0-b6d2-a7916db8a88b:192.168.151.66:33065, 4ac78631-b199-4be1-a250-fa3c30279e20:192.168.151.66:46649, 937d00a5-df36-4851-a0be-3aaed9d3a7ec:192.168.151.66:33150], old=null
2019-09-24 22:36:19,060 [d1d412fa-610f-4a7d-9756-a1129e219702@group-9DA5C9124E79:LeaderElection19] INFO  impl.LeaderElection (LeaderElection.java:logAndReturn(56)) - d1d412fa-610f-4a7d-9756-a1129e219702@group-9DA5C9124E79:LeaderElection19: Election PASSED; received 1 response(s) [d1d412fa-610f-4a7d-9756-a1129e219702<-21c95cdb-d9ea-42ca-a1c8-516e3611f91d#0:OK-t2] and 0 exception(s); d1d412fa-610f-4a7d-9756-a1129e219702@group-9DA5C9124E79:t2, leader=null, voted=d1d412fa-610f-4a7d-9756-a1129e219702, raftlog=d1d412fa-610f-4a7d-9756-a1129e219702@group-9DA5C9124E79-SegmentedRaftLog:OPENED:c-1,f-1,i0, conf=-1: [d1d412fa-610f-4a7d-9756-a1129e219702:192.168.151.66:40539, 533bf916-75bc-4ef0-b696-2f1d5164c628:192.168.151.66:46232, 21c95cdb-d9ea-42ca-a1c8-516e3611f91d:192.168.151.66:39006], old=null
2019-09-24 22:36:19,061 [d1d412fa-610f-4a7d-9756-a1129e219702@group-9DA5C9124E79:LeaderElection19] INFO  impl.RoleInfo (RoleInfo.java:shutdownLeaderElection(134)) - d1d412fa-610f-4a7d-9756-a1129e219702: shutdown LeaderElection
2019-09-24 22:36:19,063 [d1d412fa-610f-4a7d-9756-a1129e219702@group-9DA5C9124E79:LeaderElection19] INFO  impl.RaftServerImpl (RaftServerImpl.java:setRole(174)) - d1d412fa-610f-4a7d-9756-a1129e219702@group-9DA5C9124E79: changes role from CANDIDATE to LEADER at term 2 for changeToLeader
2019-09-24 22:36:19,065 [d1d412fa-610f-4a7d-9756-a1129e219702@group-9DA5C9124E79:LeaderElection19] INFO  impl.RaftServerImpl (ServerState.java:setLeader(253)) - d1d412fa-610f-4a7d-9756-a1129e219702@group-9DA5C9124E79: change Leader from null to d1d412fa-610f-4a7d-9756-a1129e219702 at term 2 for becomeLeader, leader elected after 10384ms
2019-09-24 22:36:19,066 [d1d412fa-610f-4a7d-9756-a1129e219702@group-9DA5C9124E79:LeaderElection19] INFO  server.RaftServerConfigKeys (ConfUtils.java:logGet(43)) - raft.server.staging.catchup.gap = 1000 (default)
2019-09-24 22:36:19,066 [Thread-384] INFO  impl.FollowerState (FollowerState.java:run(106)) - 4ac78631-b199-4be1-a250-fa3c30279e20:group-27691149BEE5 changes to CANDIDATE, lastRpcTime:5177, electionTimeout:5171ms
2019-09-24 22:36:19,066 [d1d412fa-610f-4a7d-9756-a1129e219702@group-9DA5C9124E79:LeaderElection19] INFO  server.RaftServerConfigKeys (ConfUtils.java:logGet(43)) - raft.server.rpc.sleep.time = 25ms (default)
2019-09-24 22:36:19,068 [Thread-384] INFO  impl.RoleInfo (RoleInfo.java:shutdownFollowerState(121)) - 4ac78631-b199-4be1-a250-fa3c30279e20: shutdown FollowerState
2019-09-24 22:36:19,080 [Thread-384] INFO  impl.RaftServerImpl (RaftServerImpl.java:setRole(174)) - 4ac78631-b199-4be1-a250-fa3c30279e20@group-27691149BEE5: changes role from  FOLLOWER to CANDIDATE at term 1 for changeToCandidate
2019-09-24 22:36:19,080 [d1d412fa-610f-4a7d-9756-a1129e219702@group-9DA5C9124E79:LeaderElection19] INFO  server.RaftServerConfigKeys (ConfUtils.java:logGet(43)) - raft.server.write.element-limit = 4096 (default)
2019-09-24 22:36:19,080 [Thread-384] INFO  impl.RoleInfo (RoleInfo.java:updateAndGet(143)) - 4ac78631-b199-4be1-a250-fa3c30279e20: start LeaderElection
2019-09-24 22:36:19,080 [d1d412fa-610f-4a7d-9756-a1129e219702@group-9DA5C9124E79:LeaderElection19] INFO  server.RaftServerConfigKeys (ConfUtils.java:logGet(43)) - raft.server.watch.timeout = 10s (default)
2019-09-24 22:36:19,080 [grpc-default-executor-0] INFO  impl.RaftServerImpl (RaftServerImpl.java:setRole(174)) - ba8da8c9-7047-42c0-b6d2-a7916db8a88b@group-27691149BEE5: changes role from  FOLLOWER to FOLLOWER at term 2 for recognizeCandidate:937d00a5-df36-4851-a0be-3aaed9d3a7ec
2019-09-24 22:36:19,080 [d1d412fa-610f-4a7d-9756-a1129e219702@group-9DA5C9124E79:LeaderElection19] INFO  server.RaftServerConfigKeys (ConfUtils.java:logGet(43)) - raft.server.watch.timeout.denomination = 1s (default)
2019-09-24 22:36:19,080 [grpc-default-executor-5] INFO  impl.RaftServerImpl (RaftServerImpl.java:setRole(174)) - 4ac78631-b199-4be1-a250-fa3c30279e20@group-27691149BEE5: changes role from CANDIDATE to FOLLOWER at term 2 for recognizeCandidate:937d00a5-df36-4851-a0be-3aaed9d3a7ec
2019-09-24 22:36:19,081 [d1d412fa-610f-4a7d-9756-a1129e219702@group-9DA5C9124E79:LeaderElection19] INFO  server.RaftServerConfigKeys (ConfUtils.java:logGet(43)) - raft.server.watch.element-limit = 65536 (default)
2019-09-24 22:36:19,080 [grpc-default-executor-0] INFO  impl.RoleInfo (RoleInfo.java:shutdownFollowerState(121)) - ba8da8c9-7047-42c0-b6d2-a7916db8a88b: shutdown FollowerState
2019-09-24 22:36:19,081 [grpc-default-executor-5] INFO  impl.RoleInfo (RoleInfo.java:shutdownLeaderElection(134)) - 4ac78631-b199-4be1-a250-fa3c30279e20: shutdown LeaderElection
2019-09-24 22:36:19,081 [Thread-380] INFO  impl.FollowerState (FollowerState.java:run(115)) - ba8da8c9-7047-42c0-b6d2-a7916db8a88b: FollowerState was interrupted: java.lang.InterruptedException: sleep interrupted
2019-09-24 22:36:19,081 [grpc-default-executor-0] INFO  impl.RoleInfo (RoleInfo.java:updateAndGet(143)) - ba8da8c9-7047-42c0-b6d2-a7916db8a88b: start FollowerState
2019-09-24 22:36:19,081 [grpc-default-executor-5] INFO  impl.RoleInfo (RoleInfo.java:updateAndGet(143)) - 4ac78631-b199-4be1-a250-fa3c30279e20: start FollowerState
2019-09-24 22:36:19,085 [d1d412fa-610f-4a7d-9756-a1129e219702@group-9DA5C9124E79:LeaderElection19] INFO  server.RaftServerConfigKeys (ConfUtils.java:logGet(43)) - raft.server.log.appender.snapshot.chunk.size.max = 16MB (=16777216) (default)
2019-09-24 22:36:19,085 [d1d412fa-610f-4a7d-9756-a1129e219702@group-9DA5C9124E79:LeaderElection19] INFO  server.RaftServerConfigKeys (ConfUtils.java:logGet(43)) - raft.server.log.appender.buffer.byte-limit = 33554432 (custom)
2019-09-24 22:36:19,085 [d1d412fa-610f-4a7d-9756-a1129e219702@group-9DA5C9124E79:LeaderElection19] INFO  server.RaftServerConfigKeys (ConfUtils.java:logGet(43)) - raft.server.log.appender.buffer.element-limit = 1 (custom)
2019-09-24 22:36:19,085 [d1d412fa-610f-4a7d-9756-a1129e219702@group-9DA5C9124E79:LeaderElection19] INFO  grpc.GrpcConfigKeys$Server (ConfUtils.java:logGet(43)) - raft.grpc.server.leader.outstanding.appends.max = 128 (default)
2019-09-24 22:36:19,088 [d1d412fa-610f-4a7d-9756-a1129e219702@group-9DA5C9124E79:LeaderElection19] INFO  server.RaftServerConfigKeys (ConfUtils.java:logGet(43)) - raft.server.rpc.request.timeout = 3000ms (default)
2019-09-24 22:36:19,088 [d1d412fa-610f-4a7d-9756-a1129e219702@group-9DA5C9124E79:LeaderElection19] INFO  server.RaftServerConfigKeys (ConfUtils.java:logGet(43)) - raft.server.log.appender.install.snapshot.enabled = false (custom)
2019-09-24 22:36:19,088 [d1d412fa-610f-4a7d-9756-a1129e219702@group-9DA5C9124E79:LeaderElection19] INFO  server.RaftServerConfigKeys (ConfUtils.java:logGet(43)) - raft.server.log.appender.snapshot.chunk.size.max = 16MB (=16777216) (default)
2019-09-24 22:36:19,088 [d1d412fa-610f-4a7d-9756-a1129e219702@group-9DA5C9124E79:LeaderElection19] INFO  server.RaftServerConfigKeys (ConfUtils.java:logGet(43)) - raft.server.log.appender.buffer.byte-limit = 33554432 (custom)
2019-09-24 22:36:19,089 [d1d412fa-610f-4a7d-9756-a1129e219702@group-9DA5C9124E79:LeaderElection19] INFO  server.RaftServerConfigKeys (ConfUtils.java:logGet(43)) - raft.server.log.appender.buffer.element-limit = 1 (custom)
2019-09-24 22:36:19,089 [d1d412fa-610f-4a7d-9756-a1129e219702@group-9DA5C9124E79:LeaderElection19] INFO  grpc.GrpcConfigKeys$Server (ConfUtils.java:logGet(43)) - raft.grpc.server.leader.outstanding.appends.max = 128 (default)
2019-09-24 22:36:19,089 [d1d412fa-610f-4a7d-9756-a1129e219702@group-9DA5C9124E79:LeaderElection19] INFO  server.RaftServerConfigKeys (ConfUtils.java:logGet(43)) - raft.server.rpc.request.timeout = 3000ms (default)
2019-09-24 22:36:19,089 [d1d412fa-610f-4a7d-9756-a1129e219702@group-9DA5C9124E79:LeaderElection19] INFO  server.RaftServerConfigKeys (ConfUtils.java:logGet(43)) - raft.server.log.appender.install.snapshot.enabled = false (custom)
2019-09-24 22:36:19,090 [d1d412fa-610f-4a7d-9756-a1129e219702@group-9DA5C9124E79:LeaderElection19] INFO  impl.RoleInfo (RoleInfo.java:updateAndGet(143)) - d1d412fa-610f-4a7d-9756-a1129e219702: start LeaderState
2019-09-24 22:36:19,090 [d1d412fa-610f-4a7d-9756-a1129e219702@group-9DA5C9124E79:LeaderElection19] INFO  segmented.SegmentedRaftLogWorker (SegmentedRaftLogWorker.java:startLogSegment(380)) - d1d412fa-610f-4a7d-9756-a1129e219702@group-9DA5C9124E79-SegmentedRaftLogWorker: Starting segment from index:0
2019-09-24 22:36:19,092 [d1d412fa-610f-4a7d-9756-a1129e219702@group-9DA5C9124E79:LeaderElection19] INFO  impl.RaftServerImpl (ServerState.java:setRaftConf(354)) - d1d412fa-610f-4a7d-9756-a1129e219702@group-9DA5C9124E79: set configuration 0: [d1d412fa-610f-4a7d-9756-a1129e219702:192.168.151.66:40539, 533bf916-75bc-4ef0-b696-2f1d5164c628:192.168.151.66:46232, 21c95cdb-d9ea-42ca-a1c8-516e3611f91d:192.168.151.66:39006], old=null at 0
2019-09-24 22:36:19,113 [937d00a5-df36-4851-a0be-3aaed9d3a7ec@group-27691149BEE5:LeaderElection20] INFO  impl.LeaderElection (LeaderElection.java:logAndReturn(56)) - 937d00a5-df36-4851-a0be-3aaed9d3a7ec@group-27691149BEE5:LeaderElection20: Election PASSED; received 2 response(s) [937d00a5-df36-4851-a0be-3aaed9d3a7ec<-ba8da8c9-7047-42c0-b6d2-a7916db8a88b#0:OK-t2, 937d00a5-df36-4851-a0be-3aaed9d3a7ec<-4ac78631-b199-4be1-a250-fa3c30279e20#0:FAIL-t2] and 0 exception(s); 937d00a5-df36-4851-a0be-3aaed9d3a7ec@group-27691149BEE5:t2, leader=null, voted=937d00a5-df36-4851-a0be-3aaed9d3a7ec, raftlog=937d00a5-df36-4851-a0be-3aaed9d3a7ec@group-27691149BEE5-SegmentedRaftLog:OPENED:c-1,f-1,i0, conf=-1: [ba8da8c9-7047-42c0-b6d2-a7916db8a88b:192.168.151.66:33065, 4ac78631-b199-4be1-a250-fa3c30279e20:192.168.151.66:46649, 937d00a5-df36-4851-a0be-3aaed9d3a7ec:192.168.151.66:33150], old=null
2019-09-24 22:36:19,113 [grpc-default-executor-4] INFO  impl.RaftServerImpl (ServerState.java:setLeader(253)) - 533bf916-75bc-4ef0-b696-2f1d5164c628@group-9DA5C9124E79: change Leader from null to d1d412fa-610f-4a7d-9756-a1129e219702 at term 2 for appendEntries, leader elected after 10432ms
2019-09-24 22:36:19,113 [937d00a5-df36-4851-a0be-3aaed9d3a7ec@group-27691149BEE5:LeaderElection20] INFO  impl.RoleInfo (RoleInfo.java:shutdownLeaderElection(134)) - 937d00a5-df36-4851-a0be-3aaed9d3a7ec: shutdown LeaderElection
2019-09-24 22:36:19,119 [937d00a5-df36-4851-a0be-3aaed9d3a7ec@group-27691149BEE5:LeaderElection20] INFO  impl.RaftServerImpl (RaftServerImpl.java:setRole(174)) - 937d00a5-df36-4851-a0be-3aaed9d3a7ec@group-27691149BEE5: changes role from CANDIDATE to LEADER at term 2 for changeToLeader
2019-09-24 22:36:19,119 [937d00a5-df36-4851-a0be-3aaed9d3a7ec@group-27691149BEE5:LeaderElection20] INFO  impl.RaftServerImpl (ServerState.java:setLeader(253)) - 937d00a5-df36-4851-a0be-3aaed9d3a7ec@group-27691149BEE5: change Leader from null to 937d00a5-df36-4851-a0be-3aaed9d3a7ec at term 2 for becomeLeader, leader elected after 10538ms
2019-09-24 22:36:19,120 [937d00a5-df36-4851-a0be-3aaed9d3a7ec@group-27691149BEE5:LeaderElection20] INFO  server.RaftServerConfigKeys (ConfUtils.java:logGet(43)) - raft.server.staging.catchup.gap = 1000 (default)
2019-09-24 22:36:19,120 [grpc-default-executor-0] INFO  impl.RaftServerImpl (ServerState.java:setLeader(253)) - 21c95cdb-d9ea-42ca-a1c8-516e3611f91d@group-9DA5C9124E79: change Leader from null to d1d412fa-610f-4a7d-9756-a1129e219702 at term 2 for appendEntries, leader elected after 10439ms
2019-09-24 22:36:19,120 [937d00a5-df36-4851-a0be-3aaed9d3a7ec@group-27691149BEE5:LeaderElection20] INFO  server.RaftServerConfigKeys (ConfUtils.java:logGet(43)) - raft.server.rpc.sleep.time = 25ms (default)
2019-09-24 22:36:19,120 [937d00a5-df36-4851-a0be-3aaed9d3a7ec@group-27691149BEE5:LeaderElection20] INFO  server.RaftServerConfigKeys (ConfUtils.java:logGet(43)) - raft.server.write.element-limit = 4096 (default)
2019-09-24 22:36:19,121 [937d00a5-df36-4851-a0be-3aaed9d3a7ec@group-27691149BEE5:LeaderElection20] INFO  server.RaftServerConfigKeys (ConfUtils.java:logGet(43)) - raft.server.watch.timeout = 10s (default)
2019-09-24 22:36:19,121 [937d00a5-df36-4851-a0be-3aaed9d3a7ec@group-27691149BEE5:LeaderElection20] INFO  server.RaftServerConfigKeys (ConfUtils.java:logGet(43)) - raft.server.watch.timeout.denomination = 1s (default)
2019-09-24 22:36:19,121 [937d00a5-df36-4851-a0be-3aaed9d3a7ec@group-27691149BEE5:LeaderElection20] INFO  server.RaftServerConfigKeys (ConfUtils.java:logGet(43)) - raft.server.watch.element-limit = 65536 (default)
2019-09-24 22:36:19,124 [grpc-default-executor-0] INFO  impl.RaftServerImpl (ServerState.java:setRaftConf(354)) - 21c95cdb-d9ea-42ca-a1c8-516e3611f91d@group-9DA5C9124E79: set configuration 0: [d1d412fa-610f-4a7d-9756-a1129e219702:192.168.151.66:40539, 533bf916-75bc-4ef0-b696-2f1d5164c628:192.168.151.66:46232, 21c95cdb-d9ea-42ca-a1c8-516e3611f91d:192.168.151.66:39006], old=null at 0
2019-09-24 22:36:19,124 [grpc-default-executor-4] INFO  impl.RaftServerImpl (ServerState.java:setRaftConf(354)) - 533bf916-75bc-4ef0-b696-2f1d5164c628@group-9DA5C9124E79: set configuration 0: [d1d412fa-610f-4a7d-9756-a1129e219702:192.168.151.66:40539, 533bf916-75bc-4ef0-b696-2f1d5164c628:192.168.151.66:46232, 21c95cdb-d9ea-42ca-a1c8-516e3611f91d:192.168.151.66:39006], old=null at 0
2019-09-24 22:36:19,124 [937d00a5-df36-4851-a0be-3aaed9d3a7ec@group-27691149BEE5:LeaderElection20] INFO  server.RaftServerConfigKeys (ConfUtils.java:logGet(43)) - raft.server.log.appender.snapshot.chunk.size.max = 16MB (=16777216) (default)
2019-09-24 22:36:19,124 [grpc-default-executor-4] INFO  segmented.SegmentedRaftLogWorker (SegmentedRaftLogWorker.java:startLogSegment(380)) - 533bf916-75bc-4ef0-b696-2f1d5164c628@group-9DA5C9124E79-SegmentedRaftLogWorker: Starting segment from index:0
2019-09-24 22:36:19,124 [4ac78631-b199-4be1-a250-fa3c30279e20@group-27691149BEE5:LeaderElection21] INFO  impl.LeaderElection (LeaderElection.java:askForVotes(182)) - 4ac78631-b199-4be1-a250-fa3c30279e20@group-27691149BEE5:LeaderElection21: begin an election at term 3 for -1: [ba8da8c9-7047-42c0-b6d2-a7916db8a88b:192.168.151.66:33065, 4ac78631-b199-4be1-a250-fa3c30279e20:192.168.151.66:46649, 937d00a5-df36-4851-a0be-3aaed9d3a7ec:192.168.151.66:33150], old=null
2019-09-24 22:36:19,124 [grpc-default-executor-0] INFO  segmented.SegmentedRaftLogWorker (SegmentedRaftLogWorker.java:startLogSegment(380)) - 21c95cdb-d9ea-42ca-a1c8-516e3611f91d@group-9DA5C9124E79-SegmentedRaftLogWorker: Starting segment from index:0
2019-09-24 22:36:19,124 [d1d412fa-610f-4a7d-9756-a1129e219702@group-9DA5C9124E79-SegmentedRaftLogWorker] INFO  segmented.SegmentedRaftLogWorker (SegmentedRaftLogWorker.java:execute(569)) - d1d412fa-610f-4a7d-9756-a1129e219702@group-9DA5C9124E79-SegmentedRaftLogWorker: created new log segment /workdir/hadoop-ozone/integration-test/target/test-dir/MiniOzoneClusterImpl-95732fd8-3d66-4978-936c-af465de6078a/datanode-1/data/ratis/97e81cb1-0415-4fdf-99c3-9da5c9124e79/current/log_inprogress_0
2019-09-24 22:36:19,125 [937d00a5-df36-4851-a0be-3aaed9d3a7ec@group-27691149BEE5:LeaderElection20] INFO  server.RaftServerConfigKeys (ConfUtils.java:logGet(43)) - raft.server.log.appender.buffer.byte-limit = 33554432 (custom)
2019-09-24 22:36:19,126 [937d00a5-df36-4851-a0be-3aaed9d3a7ec@group-27691149BEE5:LeaderElection20] INFO  server.RaftServerConfigKeys (ConfUtils.java:logGet(43)) - raft.server.log.appender.buffer.element-limit = 1 (custom)
2019-09-24 22:36:19,126 [4ac78631-b199-4be1-a250-fa3c30279e20@group-27691149BEE5:LeaderElection21] INFO  impl.LeaderElection (LeaderElection.java:logAndReturn(56)) - 4ac78631-b199-4be1-a250-fa3c30279e20@group-27691149BEE5:LeaderElection21: Election REJECTED; received 0 response(s) [] and 0 exception(s); 4ac78631-b199-4be1-a250-fa3c30279e20@group-27691149BEE5:t3, leader=null, voted=4ac78631-b199-4be1-a250-fa3c30279e20, raftlog=4ac78631-b199-4be1-a250-fa3c30279e20@group-27691149BEE5-SegmentedRaftLog:OPENED:c-1,f-1,i0, conf=-1: [ba8da8c9-7047-42c0-b6d2-a7916db8a88b:192.168.151.66:33065, 4ac78631-b199-4be1-a250-fa3c30279e20:192.168.151.66:46649, 937d00a5-df36-4851-a0be-3aaed9d3a7ec:192.168.151.66:33150], old=null
2019-09-24 22:36:19,126 [937d00a5-df36-4851-a0be-3aaed9d3a7ec@group-27691149BEE5:LeaderElection20] INFO  grpc.GrpcConfigKeys$Server (ConfUtils.java:logGet(43)) - raft.grpc.server.leader.outstanding.appends.max = 128 (default)
2019-09-24 22:36:19,145 [937d00a5-df36-4851-a0be-3aaed9d3a7ec@group-27691149BEE5:LeaderElection20] INFO  server.RaftServerConfigKeys (ConfUtils.java:logGet(43)) - raft.server.rpc.request.timeout = 3000ms (default)
2019-09-24 22:36:19,145 [937d00a5-df36-4851-a0be-3aaed9d3a7ec@group-27691149BEE5:LeaderElection20] INFO  server.RaftServerConfigKeys (ConfUtils.java:logGet(43)) - raft.server.log.appender.install.snapshot.enabled = false (custom)
2019-09-24 22:36:19,145 [937d00a5-df36-4851-a0be-3aaed9d3a7ec@group-27691149BEE5:LeaderElection20] INFO  server.RaftServerConfigKeys (ConfUtils.java:logGet(43)) - raft.server.log.appender.snapshot.chunk.size.max = 16MB (=16777216) (default)
2019-09-24 22:36:19,146 [937d00a5-df36-4851-a0be-3aaed9d3a7ec@group-27691149BEE5:LeaderElection20] INFO  server.RaftServerConfigKeys (ConfUtils.java:logGet(43)) - raft.server.log.appender.buffer.byte-limit = 33554432 (custom)
2019-09-24 22:36:19,146 [937d00a5-df36-4851-a0be-3aaed9d3a7ec@group-27691149BEE5:LeaderElection20] INFO  server.RaftServerConfigKeys (ConfUtils.java:logGet(43)) - raft.server.log.appender.buffer.element-limit = 1 (custom)
2019-09-24 22:36:19,146 [937d00a5-df36-4851-a0be-3aaed9d3a7ec@group-27691149BEE5:LeaderElection20] INFO  grpc.GrpcConfigKeys$Server (ConfUtils.java:logGet(43)) - raft.grpc.server.leader.outstanding.appends.max = 128 (default)
2019-09-24 22:36:19,146 [937d00a5-df36-4851-a0be-3aaed9d3a7ec@group-27691149BEE5:LeaderElection20] INFO  server.RaftServerConfigKeys (ConfUtils.java:logGet(43)) - raft.server.rpc.request.timeout = 3000ms (default)
2019-09-24 22:36:19,146 [937d00a5-df36-4851-a0be-3aaed9d3a7ec@group-27691149BEE5:LeaderElection20] INFO  server.RaftServerConfigKeys (ConfUtils.java:logGet(43)) - raft.server.log.appender.install.snapshot.enabled = false (custom)
2019-09-24 22:36:19,147 [937d00a5-df36-4851-a0be-3aaed9d3a7ec@group-27691149BEE5:LeaderElection20] INFO  impl.RoleInfo (RoleInfo.java:updateAndGet(143)) - 937d00a5-df36-4851-a0be-3aaed9d3a7ec: start LeaderState
2019-09-24 22:36:19,147 [grpc-default-executor-0] INFO  impl.RaftServerImpl (RaftServerImpl.java:setRole(174)) - ba8da8c9-7047-42c0-b6d2-a7916db8a88b@group-27691149BEE5: changes role from  FOLLOWER to FOLLOWER at term 3 for recognizeCandidate:4ac78631-b199-4be1-a250-fa3c30279e20
2019-09-24 22:36:19,163 [grpc-default-executor-0] INFO  impl.RoleInfo (RoleInfo.java:shutdownFollowerState(121)) - ba8da8c9-7047-42c0-b6d2-a7916db8a88b: shutdown FollowerState
2019-09-24 22:36:19,163 [533bf916-75bc-4ef0-b696-2f1d5164c628@group-9DA5C9124E79-SegmentedRaftLogWorker] INFO  segmented.SegmentedRaftLogWorker (SegmentedRaftLogWorker.java:execute(569)) - 533bf916-75bc-4ef0-b696-2f1d5164c628@group-9DA5C9124E79-SegmentedRaftLogWorker: created new log segment /workdir/hadoop-ozone/integration-test/target/test-dir/MiniOzoneClusterImpl-95732fd8-3d66-4978-936c-af465de6078a/datanode-9/data/ratis/97e81cb1-0415-4fdf-99c3-9da5c9124e79/current/log_inprogress_0
2019-09-24 22:36:19,163 [Thread-417] INFO  impl.FollowerState (FollowerState.java:run(115)) - ba8da8c9-7047-42c0-b6d2-a7916db8a88b: FollowerState was interrupted: java.lang.InterruptedException: sleep interrupted
2019-09-24 22:36:19,163 [grpc-default-executor-0] INFO  impl.RoleInfo (RoleInfo.java:updateAndGet(143)) - ba8da8c9-7047-42c0-b6d2-a7916db8a88b: start FollowerState
2019-09-24 22:36:19,163 [937d00a5-df36-4851-a0be-3aaed9d3a7ec@group-27691149BEE5:LeaderElection20] INFO  segmented.SegmentedRaftLogWorker (SegmentedRaftLogWorker.java:startLogSegment(380)) - 937d00a5-df36-4851-a0be-3aaed9d3a7ec@group-27691149BEE5-SegmentedRaftLogWorker: Starting segment from index:0
2019-09-24 22:36:19,166 [937d00a5-df36-4851-a0be-3aaed9d3a7ec@group-27691149BEE5:LeaderElection20] INFO  impl.RaftServerImpl (ServerState.java:setRaftConf(354)) - 937d00a5-df36-4851-a0be-3aaed9d3a7ec@group-27691149BEE5: set configuration 0: [ba8da8c9-7047-42c0-b6d2-a7916db8a88b:192.168.151.66:33065, 4ac78631-b199-4be1-a250-fa3c30279e20:192.168.151.66:46649, 937d00a5-df36-4851-a0be-3aaed9d3a7ec:192.168.151.66:33150], old=null at 0
2019-09-24 22:36:19,185 [21c95cdb-d9ea-42ca-a1c8-516e3611f91d@group-9DA5C9124E79-SegmentedRaftLogWorker] INFO  segmented.SegmentedRaftLogWorker (SegmentedRaftLogWorker.java:execute(569)) - 21c95cdb-d9ea-42ca-a1c8-516e3611f91d@group-9DA5C9124E79-SegmentedRaftLogWorker: created new log segment /workdir/hadoop-ozone/integration-test/target/test-dir/MiniOzoneClusterImpl-95732fd8-3d66-4978-936c-af465de6078a/datanode-8/data/ratis/97e81cb1-0415-4fdf-99c3-9da5c9124e79/current/log_inprogress_0
2019-09-24 22:36:19,187 [grpc-default-executor-4] INFO  impl.RaftServerImpl (ServerState.java:setLeader(253)) - 937d00a5-df36-4851-a0be-3aaed9d3a7ec@group-27691149BEE5: change Leader from 937d00a5-df36-4851-a0be-3aaed9d3a7ec to null at term 3 for updateCurrentTerm
2019-09-24 22:36:19,187 [grpc-default-executor-4] INFO  impl.RaftServerImpl (RaftServerImpl.java:setRole(174)) - 937d00a5-df36-4851-a0be-3aaed9d3a7ec@group-27691149BEE5: changes role from    LEADER to FOLLOWER at term 3 for recognizeCandidate:4ac78631-b199-4be1-a250-fa3c30279e20
2019-09-24 22:36:19,188 [grpc-default-executor-4] INFO  impl.RoleInfo (RoleInfo.java:shutdownLeaderState(104)) - 937d00a5-df36-4851-a0be-3aaed9d3a7ec: shutdown LeaderState
2019-09-24 22:36:19,193 [org.apache.ratis.server.impl.LogAppender$AppenderDaemon$$Lambda$406/15867553@def062b] WARN  server.GrpcLogAppender (GrpcLogAppender.java:mayWait(143)) - 937d00a5-df36-4851-a0be-3aaed9d3a7ec@group-27691149BEE5->4ac78631-b199-4be1-a250-fa3c30279e20-GrpcLogAppender: Wait interrupted by java.lang.InterruptedException
2019-09-24 22:36:19,195 [org.apache.ratis.server.impl.LogAppender$AppenderDaemon$$Lambda$406/15867553@23f2beb1] WARN  server.GrpcLogAppender (GrpcLogAppender.java:mayWait(143)) - 937d00a5-df36-4851-a0be-3aaed9d3a7ec@group-27691149BEE5->ba8da8c9-7047-42c0-b6d2-a7916db8a88b-GrpcLogAppender: Wait interrupted by java.lang.InterruptedException
2019-09-24 22:36:19,200 [grpc-default-executor-4] INFO  impl.PendingRequests (PendingRequests.java:sendNotLeaderResponses(202)) - 937d00a5-df36-4851-a0be-3aaed9d3a7ec-PendingRequests: sendNotLeaderResponses
2019-09-24 22:36:19,204 [grpc-default-executor-0] INFO  server.GrpcServerProtocolService (GrpcServerProtocolService.java:onCompleted(113)) - ba8da8c9-7047-42c0-b6d2-a7916db8a88b: Completed APPEND_ENTRIES, lastRequest: 937d00a5-df36-4851-a0be-3aaed9d3a7ec->ba8da8c9-7047-42c0-b6d2-a7916db8a88b#0-t2, previous=(t:0, i:0), leaderCommit=-1, initializing? false, entries: <empty>
2019-09-24 22:36:19,204 [grpc-default-executor-4] INFO  impl.RoleInfo (RoleInfo.java:updateAndGet(143)) - 937d00a5-df36-4851-a0be-3aaed9d3a7ec: start FollowerState
2019-09-24 22:36:19,205 [grpc-default-executor-2] INFO  server.GrpcServerProtocolService (GrpcServerProtocolService.java:onCompleted(113)) - 4ac78631-b199-4be1-a250-fa3c30279e20: Completed APPEND_ENTRIES, lastRequest: 937d00a5-df36-4851-a0be-3aaed9d3a7ec->4ac78631-b199-4be1-a250-fa3c30279e20#0-t2, previous=(t:0, i:0), leaderCommit=-1, initializing? false, entries: <empty>
2019-09-24 22:36:19,210 [937d00a5-df36-4851-a0be-3aaed9d3a7ec@group-27691149BEE5-SegmentedRaftLogWorker] INFO  segmented.SegmentedRaftLogWorker (SegmentedRaftLogWorker.java:execute(569)) - 937d00a5-df36-4851-a0be-3aaed9d3a7ec@group-27691149BEE5-SegmentedRaftLogWorker: created new log segment /workdir/hadoop-ozone/integration-test/target/test-dir/MiniOzoneClusterImpl-95732fd8-3d66-4978-936c-af465de6078a/datanode-6/data/ratis/345350cb-10a4-424e-818e-27691149bee5/current/log_inprogress_0
2019-09-24 22:36:19,224 [grpc-default-executor-1] INFO  server.GrpcLogAppender (GrpcLogAppender.java:onCompleted(293)) - 937d00a5-df36-4851-a0be-3aaed9d3a7ec@group-27691149BEE5->ba8da8c9-7047-42c0-b6d2-a7916db8a88b-AppendLogResponseHandler: follower responses appendEntries COMPLETED
2019-09-24 22:36:19,224 [grpc-default-executor-5] INFO  server.GrpcLogAppender (GrpcLogAppender.java:onCompleted(293)) - 937d00a5-df36-4851-a0be-3aaed9d3a7ec@group-27691149BEE5->4ac78631-b199-4be1-a250-fa3c30279e20-AppendLogResponseHandler: follower responses appendEntries COMPLETED
2019-09-24 22:36:19,230 [grpc-default-executor-1] INFO  impl.FollowerInfo (FollowerInfo.java:lambda$new$0(51)) - 937d00a5-df36-4851-a0be-3aaed9d3a7ec@group-27691149BEE5->ba8da8c9-7047-42c0-b6d2-a7916db8a88b: nextIndex: updateUnconditionally 0 -> 0
2019-09-24 22:36:19,231 [grpc-default-executor-5] INFO  impl.FollowerInfo (FollowerInfo.java:lambda$new$0(51)) - 937d00a5-df36-4851-a0be-3aaed9d3a7ec@group-27691149BEE5->4ac78631-b199-4be1-a250-fa3c30279e20: nextIndex: updateUnconditionally 0 -> 0
2019-09-24 22:36:19,517 [main] INFO  ipc.Client (Client.java:handleConnectionFailure(948)) - Retrying connect to server: localhost/127.0.0.1:0. Already tried 0 time(s); retry policy is RetryUpToMaximumCountWithFixedSleep(maxRetries=10, sleepTime=1000 MILLISECONDS)
2019-09-24 22:36:20,518 [main] INFO  ipc.Client (Client.java:handleConnectionFailure(948)) - Retrying connect to server: localhost/127.0.0.1:0. Already tried 1 time(s); retry policy is RetryUpToMaximumCountWithFixedSleep(maxRetries=10, sleepTime=1000 MILLISECONDS)
2019-09-24 22:36:21,520 [main] INFO  ipc.Client (Client.java:handleConnectionFailure(948)) - Retrying connect to server: localhost/127.0.0.1:0. Already tried 2 time(s); retry policy is RetryUpToMaximumCountWithFixedSleep(maxRetries=10, sleepTime=1000 MILLISECONDS)
2019-09-24 22:36:22,521 [main] INFO  ipc.Client (Client.java:handleConnectionFailure(948)) - Retrying connect to server: localhost/127.0.0.1:0. Already tried 3 time(s); retry policy is RetryUpToMaximumCountWithFixedSleep(maxRetries=10, sleepTime=1000 MILLISECONDS)
2019-09-24 22:36:23,523 [main] INFO  ipc.Client (Client.java:handleConnectionFailure(948)) - Retrying connect to server: localhost/127.0.0.1:0. Already tried 4 time(s); retry policy is RetryUpToMaximumCountWithFixedSleep(maxRetries=10, sleepTime=1000 MILLISECONDS)
2019-09-24 22:36:24,223 [Thread-437] INFO  impl.FollowerState (FollowerState.java:run(106)) - 937d00a5-df36-4851-a0be-3aaed9d3a7ec:group-27691149BEE5 changes to CANDIDATE, lastRpcTime:5018, electionTimeout:5016ms
2019-09-24 22:36:24,223 [Thread-437] INFO  impl.RoleInfo (RoleInfo.java:shutdownFollowerState(121)) - 937d00a5-df36-4851-a0be-3aaed9d3a7ec: shutdown FollowerState
2019-09-24 22:36:24,224 [Thread-437] INFO  impl.RaftServerImpl (RaftServerImpl.java:setRole(174)) - 937d00a5-df36-4851-a0be-3aaed9d3a7ec@group-27691149BEE5: changes role from  FOLLOWER to CANDIDATE at term 3 for changeToCandidate
2019-09-24 22:36:24,224 [Thread-437] INFO  impl.RoleInfo (RoleInfo.java:updateAndGet(143)) - 937d00a5-df36-4851-a0be-3aaed9d3a7ec: start LeaderElection
2019-09-24 22:36:24,231 [Thread-418] INFO  impl.FollowerState (FollowerState.java:run(106)) - 4ac78631-b199-4be1-a250-fa3c30279e20:group-27691149BEE5 changes to CANDIDATE, lastRpcTime:5149, electionTimeout:5144ms
2019-09-24 22:36:24,231 [Thread-418] INFO  impl.RoleInfo (RoleInfo.java:shutdownFollowerState(121)) - 4ac78631-b199-4be1-a250-fa3c30279e20: shutdown FollowerState
2019-09-24 22:36:24,232 [Thread-418] INFO  impl.RaftServerImpl (RaftServerImpl.java:setRole(174)) - 4ac78631-b199-4be1-a250-fa3c30279e20@group-27691149BEE5: changes role from  FOLLOWER to CANDIDATE at term 3 for changeToCandidate
2019-09-24 22:36:24,232 [Thread-418] INFO  impl.RoleInfo (RoleInfo.java:updateAndGet(143)) - 4ac78631-b199-4be1-a250-fa3c30279e20: start LeaderElection
2019-09-24 22:36:24,249 [4ac78631-b199-4be1-a250-fa3c30279e20@group-27691149BEE5:LeaderElection23] INFO  impl.LeaderElection (LeaderElection.java:askForVotes(182)) - 4ac78631-b199-4be1-a250-fa3c30279e20@group-27691149BEE5:LeaderElection23: begin an election at term 4 for -1: [ba8da8c9-7047-42c0-b6d2-a7916db8a88b:192.168.151.66:33065, 4ac78631-b199-4be1-a250-fa3c30279e20:192.168.151.66:46649, 937d00a5-df36-4851-a0be-3aaed9d3a7ec:192.168.151.66:33150], old=null
2019-09-24 22:36:24,249 [937d00a5-df36-4851-a0be-3aaed9d3a7ec@group-27691149BEE5:LeaderElection22] INFO  impl.LeaderElection (LeaderElection.java:askForVotes(182)) - 937d00a5-df36-4851-a0be-3aaed9d3a7ec@group-27691149BEE5:LeaderElection22: begin an election at term 4 for 0: [ba8da8c9-7047-42c0-b6d2-a7916db8a88b:192.168.151.66:33065, 4ac78631-b199-4be1-a250-fa3c30279e20:192.168.151.66:46649, 937d00a5-df36-4851-a0be-3aaed9d3a7ec:192.168.151.66:33150], old=null
2019-09-24 22:36:24,262 [grpc-default-executor-5] INFO  impl.RaftServerImpl (RaftServerImpl.java:setRole(174)) - ba8da8c9-7047-42c0-b6d2-a7916db8a88b@group-27691149BEE5: changes role from  FOLLOWER to FOLLOWER at term 4 for recognizeCandidate:4ac78631-b199-4be1-a250-fa3c30279e20
2019-09-24 22:36:24,262 [grpc-default-executor-5] INFO  impl.RoleInfo (RoleInfo.java:shutdownFollowerState(121)) - ba8da8c9-7047-42c0-b6d2-a7916db8a88b: shutdown FollowerState
2019-09-24 22:36:24,262 [grpc-default-executor-5] INFO  impl.RoleInfo (RoleInfo.java:updateAndGet(143)) - ba8da8c9-7047-42c0-b6d2-a7916db8a88b: start FollowerState
2019-09-24 22:36:24,262 [Thread-430] INFO  impl.FollowerState (FollowerState.java:run(115)) - ba8da8c9-7047-42c0-b6d2-a7916db8a88b: FollowerState was interrupted: java.lang.InterruptedException: sleep interrupted
2019-09-24 22:36:24,295 [937d00a5-df36-4851-a0be-3aaed9d3a7ec@group-27691149BEE5:LeaderElection22] INFO  impl.LeaderElection (LeaderElection.java:logAndReturn(56)) - 937d00a5-df36-4851-a0be-3aaed9d3a7ec@group-27691149BEE5:LeaderElection22: Election REJECTED; received 2 response(s) [937d00a5-df36-4851-a0be-3aaed9d3a7ec<-ba8da8c9-7047-42c0-b6d2-a7916db8a88b#0:FAIL-t4, 937d00a5-df36-4851-a0be-3aaed9d3a7ec<-4ac78631-b199-4be1-a250-fa3c30279e20#0:FAIL-t4] and 0 exception(s); 937d00a5-df36-4851-a0be-3aaed9d3a7ec@group-27691149BEE5:t4, leader=null, voted=937d00a5-df36-4851-a0be-3aaed9d3a7ec, raftlog=937d00a5-df36-4851-a0be-3aaed9d3a7ec@group-27691149BEE5-SegmentedRaftLog:OPENED:c-1,f0,i0, conf=0: [ba8da8c9-7047-42c0-b6d2-a7916db8a88b:192.168.151.66:33065, 4ac78631-b199-4be1-a250-fa3c30279e20:192.168.151.66:46649, 937d00a5-df36-4851-a0be-3aaed9d3a7ec:192.168.151.66:33150], old=null
2019-09-24 22:36:24,296 [937d00a5-df36-4851-a0be-3aaed9d3a7ec@group-27691149BEE5:LeaderElection22] INFO  impl.RaftServerImpl (RaftServerImpl.java:setRole(174)) - 937d00a5-df36-4851-a0be-3aaed9d3a7ec@group-27691149BEE5: changes role from CANDIDATE to FOLLOWER at term 4 for DISCOVERED_A_NEW_TERM
2019-09-24 22:36:24,299 [937d00a5-df36-4851-a0be-3aaed9d3a7ec@group-27691149BEE5:LeaderElection22] INFO  impl.RoleInfo (RoleInfo.java:shutdownLeaderElection(134)) - 937d00a5-df36-4851-a0be-3aaed9d3a7ec: shutdown LeaderElection
2019-09-24 22:36:24,299 [4ac78631-b199-4be1-a250-fa3c30279e20@group-27691149BEE5:LeaderElection23] INFO  impl.LeaderElection (LeaderElection.java:logAndReturn(56)) - 4ac78631-b199-4be1-a250-fa3c30279e20@group-27691149BEE5:LeaderElection23: Election PASSED; received 2 response(s) [4ac78631-b199-4be1-a250-fa3c30279e20<-ba8da8c9-7047-42c0-b6d2-a7916db8a88b#0:OK-t4, 4ac78631-b199-4be1-a250-fa3c30279e20<-937d00a5-df36-4851-a0be-3aaed9d3a7ec#0:FAIL-t4] and 0 exception(s); 4ac78631-b199-4be1-a250-fa3c30279e20@group-27691149BEE5:t4, leader=null, voted=4ac78631-b199-4be1-a250-fa3c30279e20, raftlog=4ac78631-b199-4be1-a250-fa3c30279e20@group-27691149BEE5-SegmentedRaftLog:OPENED:c-1,f-1,i0, conf=-1: [ba8da8c9-7047-42c0-b6d2-a7916db8a88b:192.168.151.66:33065, 4ac78631-b199-4be1-a250-fa3c30279e20:192.168.151.66:46649, 937d00a5-df36-4851-a0be-3aaed9d3a7ec:192.168.151.66:33150], old=null
2019-09-24 22:36:24,302 [937d00a5-df36-4851-a0be-3aaed9d3a7ec@group-27691149BEE5:LeaderElection22] INFO  impl.RoleInfo (RoleInfo.java:updateAndGet(143)) - 937d00a5-df36-4851-a0be-3aaed9d3a7ec: start FollowerState
2019-09-24 22:36:24,302 [4ac78631-b199-4be1-a250-fa3c30279e20@group-27691149BEE5:LeaderElection23] INFO  impl.RoleInfo (RoleInfo.java:shutdownLeaderElection(134)) - 4ac78631-b199-4be1-a250-fa3c30279e20: shutdown LeaderElection
2019-09-24 22:36:24,310 [4ac78631-b199-4be1-a250-fa3c30279e20@group-27691149BEE5:LeaderElection23] INFO  impl.RaftServerImpl (RaftServerImpl.java:setRole(174)) - 4ac78631-b199-4be1-a250-fa3c30279e20@group-27691149BEE5: changes role from CANDIDATE to LEADER at term 4 for changeToLeader
2019-09-24 22:36:24,310 [4ac78631-b199-4be1-a250-fa3c30279e20@group-27691149BEE5:LeaderElection23] INFO  impl.RaftServerImpl (ServerState.java:setLeader(253)) - 4ac78631-b199-4be1-a250-fa3c30279e20@group-27691149BEE5: change Leader from null to 4ac78631-b199-4be1-a250-fa3c30279e20 at term 4 for becomeLeader, leader elected after 15730ms
2019-09-24 22:36:24,311 [4ac78631-b199-4be1-a250-fa3c30279e20@group-27691149BEE5:LeaderElection23] INFO  server.RaftServerConfigKeys (ConfUtils.java:logGet(43)) - raft.server.staging.catchup.gap = 1000 (default)
2019-09-24 22:36:24,311 [4ac78631-b199-4be1-a250-fa3c30279e20@group-27691149BEE5:LeaderElection23] INFO  server.RaftServerConfigKeys (ConfUtils.java:logGet(43)) - raft.server.rpc.sleep.time = 25ms (default)
2019-09-24 22:36:24,311 [4ac78631-b199-4be1-a250-fa3c30279e20@group-27691149BEE5:LeaderElection23] INFO  server.RaftServerConfigKeys (ConfUtils.java:logGet(43)) - raft.server.write.element-limit = 4096 (default)
2019-09-24 22:36:24,312 [4ac78631-b199-4be1-a250-fa3c30279e20@group-27691149BEE5:LeaderElection23] INFO  server.RaftServerConfigKeys (ConfUtils.java:logGet(43)) - raft.server.watch.timeout = 10s (default)
2019-09-24 22:36:24,312 [4ac78631-b199-4be1-a250-fa3c30279e20@group-27691149BEE5:LeaderElection23] INFO  server.RaftServerConfigKeys (ConfUtils.java:logGet(43)) - raft.server.watch.timeout.denomination = 1s (default)
2019-09-24 22:36:24,312 [4ac78631-b199-4be1-a250-fa3c30279e20@group-27691149BEE5:LeaderElection23] INFO  server.RaftServerConfigKeys (ConfUtils.java:logGet(43)) - raft.server.watch.element-limit = 65536 (default)
2019-09-24 22:36:24,316 [4ac78631-b199-4be1-a250-fa3c30279e20@group-27691149BEE5:LeaderElection23] INFO  server.RaftServerConfigKeys (ConfUtils.java:logGet(43)) - raft.server.log.appender.snapshot.chunk.size.max = 16MB (=16777216) (default)
2019-09-24 22:36:24,316 [4ac78631-b199-4be1-a250-fa3c30279e20@group-27691149BEE5:LeaderElection23] INFO  server.RaftServerConfigKeys (ConfUtils.java:logGet(43)) - raft.server.log.appender.buffer.byte-limit = 33554432 (custom)
2019-09-24 22:36:24,316 [4ac78631-b199-4be1-a250-fa3c30279e20@group-27691149BEE5:LeaderElection23] INFO  server.RaftServerConfigKeys (ConfUtils.java:logGet(43)) - raft.server.log.appender.buffer.element-limit = 1 (custom)
2019-09-24 22:36:24,317 [4ac78631-b199-4be1-a250-fa3c30279e20@group-27691149BEE5:LeaderElection23] INFO  grpc.GrpcConfigKeys$Server (ConfUtils.java:logGet(43)) - raft.grpc.server.leader.outstanding.appends.max = 128 (default)
2019-09-24 22:36:24,317 [4ac78631-b199-4be1-a250-fa3c30279e20@group-27691149BEE5:LeaderElection23] INFO  server.RaftServerConfigKeys (ConfUtils.java:logGet(43)) - raft.server.rpc.request.timeout = 3000ms (default)
2019-09-24 22:36:24,317 [4ac78631-b199-4be1-a250-fa3c30279e20@group-27691149BEE5:LeaderElection23] INFO  server.RaftServerConfigKeys (ConfUtils.java:logGet(43)) - raft.server.log.appender.install.snapshot.enabled = false (custom)
2019-09-24 22:36:24,318 [4ac78631-b199-4be1-a250-fa3c30279e20@group-27691149BEE5:LeaderElection23] INFO  server.RaftServerConfigKeys (ConfUtils.java:logGet(43)) - raft.server.log.appender.snapshot.chunk.size.max = 16MB (=16777216) (default)
2019-09-24 22:36:24,318 [4ac78631-b199-4be1-a250-fa3c30279e20@group-27691149BEE5:LeaderElection23] INFO  server.RaftServerConfigKeys (ConfUtils.java:logGet(43)) - raft.server.log.appender.buffer.byte-limit = 33554432 (custom)
2019-09-24 22:36:24,318 [4ac78631-b199-4be1-a250-fa3c30279e20@group-27691149BEE5:LeaderElection23] INFO  server.RaftServerConfigKeys (ConfUtils.java:logGet(43)) - raft.server.log.appender.buffer.element-limit = 1 (custom)
2019-09-24 22:36:24,318 [4ac78631-b199-4be1-a250-fa3c30279e20@group-27691149BEE5:LeaderElection23] INFO  grpc.GrpcConfigKeys$Server (ConfUtils.java:logGet(43)) - raft.grpc.server.leader.outstanding.appends.max = 128 (default)
2019-09-24 22:36:24,318 [4ac78631-b199-4be1-a250-fa3c30279e20@group-27691149BEE5:LeaderElection23] INFO  server.RaftServerConfigKeys (ConfUtils.java:logGet(43)) - raft.server.rpc.request.timeout = 3000ms (default)
2019-09-24 22:36:24,319 [4ac78631-b199-4be1-a250-fa3c30279e20@group-27691149BEE5:LeaderElection23] INFO  server.RaftServerConfigKeys (ConfUtils.java:logGet(43)) - raft.server.log.appender.install.snapshot.enabled = false (custom)
2019-09-24 22:36:24,319 [4ac78631-b199-4be1-a250-fa3c30279e20@group-27691149BEE5:LeaderElection23] INFO  impl.RoleInfo (RoleInfo.java:updateAndGet(143)) - 4ac78631-b199-4be1-a250-fa3c30279e20: start LeaderState
2019-09-24 22:36:24,320 [4ac78631-b199-4be1-a250-fa3c30279e20@group-27691149BEE5:LeaderElection23] INFO  segmented.SegmentedRaftLogWorker (SegmentedRaftLogWorker.java:startLogSegment(380)) - 4ac78631-b199-4be1-a250-fa3c30279e20@group-27691149BEE5-SegmentedRaftLogWorker: Starting segment from index:0
2019-09-24 22:36:24,321 [4ac78631-b199-4be1-a250-fa3c30279e20@group-27691149BEE5:LeaderElection23] INFO  impl.RaftServerImpl (ServerState.java:setRaftConf(354)) - 4ac78631-b199-4be1-a250-fa3c30279e20@group-27691149BEE5: set configuration 0: [ba8da8c9-7047-42c0-b6d2-a7916db8a88b:192.168.151.66:33065, 4ac78631-b199-4be1-a250-fa3c30279e20:192.168.151.66:46649, 937d00a5-df36-4851-a0be-3aaed9d3a7ec:192.168.151.66:33150], old=null at 0
2019-09-24 22:36:24,341 [grpc-default-executor-1] INFO  impl.RaftServerImpl (ServerState.java:setLeader(253)) - 937d00a5-df36-4851-a0be-3aaed9d3a7ec@group-27691149BEE5: change Leader from null to 4ac78631-b199-4be1-a250-fa3c30279e20 at term 4 for appendEntries, leader elected after 5154ms
2019-09-24 22:36:24,341 [grpc-default-executor-5] INFO  impl.RaftServerImpl (ServerState.java:setLeader(253)) - ba8da8c9-7047-42c0-b6d2-a7916db8a88b@group-27691149BEE5: change Leader from null to 4ac78631-b199-4be1-a250-fa3c30279e20 at term 4 for appendEntries, leader elected after 15760ms
2019-09-24 22:36:24,344 [4ac78631-b199-4be1-a250-fa3c30279e20@group-27691149BEE5-SegmentedRaftLogWorker] INFO  segmented.SegmentedRaftLogWorker (SegmentedRaftLogWorker.java:execute(569)) - 4ac78631-b199-4be1-a250-fa3c30279e20@group-27691149BEE5-SegmentedRaftLogWorker: created new log segment /workdir/hadoop-ozone/integration-test/target/test-dir/MiniOzoneClusterImpl-95732fd8-3d66-4978-936c-af465de6078a/datanode-2/data/ratis/345350cb-10a4-424e-818e-27691149bee5/current/log_inprogress_0
2019-09-24 22:36:24,345 [grpc-default-executor-1] INFO  impl.RaftServerImpl (ServerState.java:setRaftConf(354)) - ba8da8c9-7047-42c0-b6d2-a7916db8a88b@group-27691149BEE5: set configuration 0: [ba8da8c9-7047-42c0-b6d2-a7916db8a88b:192.168.151.66:33065, 4ac78631-b199-4be1-a250-fa3c30279e20:192.168.151.66:46649, 937d00a5-df36-4851-a0be-3aaed9d3a7ec:192.168.151.66:33150], old=null at 0
2019-09-24 22:36:24,345 [grpc-default-executor-1] INFO  segmented.SegmentedRaftLogWorker (SegmentedRaftLogWorker.java:startLogSegment(380)) - ba8da8c9-7047-42c0-b6d2-a7916db8a88b@group-27691149BEE5-SegmentedRaftLogWorker: Starting segment from index:0
2019-09-24 22:36:24,345 [grpc-default-executor-5] INFO  impl.RaftServerImpl (ServerState.java:setRaftConf(354)) - 937d00a5-df36-4851-a0be-3aaed9d3a7ec@group-27691149BEE5: set configuration 0: [ba8da8c9-7047-42c0-b6d2-a7916db8a88b:192.168.151.66:33065, 4ac78631-b199-4be1-a250-fa3c30279e20:192.168.151.66:46649, 937d00a5-df36-4851-a0be-3aaed9d3a7ec:192.168.151.66:33150], old=null at 0
2019-09-24 22:36:24,350 [grpc-default-executor-5] INFO  segmented.SegmentedRaftLogWorker (SegmentedRaftLogWorker.java:truncate(396)) - 937d00a5-df36-4851-a0be-3aaed9d3a7ec@group-27691149BEE5-SegmentedRaftLogWorker: Truncating segments toTruncate: null
  toDelete: [(0, 0) isOpen? true, length=0, newEndIndex=-1], start index 0
2019-09-24 22:36:24,351 [grpc-default-executor-5] INFO  segmented.SegmentedRaftLogWorker (SegmentedRaftLogWorker.java:startLogSegment(380)) - 937d00a5-df36-4851-a0be-3aaed9d3a7ec@group-27691149BEE5-SegmentedRaftLogWorker: Starting segment from index:0
2019-09-24 22:36:24,353 [937d00a5-df36-4851-a0be-3aaed9d3a7ec@group-27691149BEE5-SegmentedRaftLogWorker] INFO  segmented.SegmentedRaftLogWorker (SegmentedRaftLogWorker.java:execute(633)) - 937d00a5-df36-4851-a0be-3aaed9d3a7ec@group-27691149BEE5-SegmentedRaftLogWorker: Deleted log file /workdir/hadoop-ozone/integration-test/target/test-dir/MiniOzoneClusterImpl-95732fd8-3d66-4978-936c-af465de6078a/datanode-6/data/ratis/345350cb-10a4-424e-818e-27691149bee5/current/log_inprogress_0
2019-09-24 22:36:24,354 [937d00a5-df36-4851-a0be-3aaed9d3a7ec@group-27691149BEE5-SegmentedRaftLogWorker] INFO  segmented.SegmentedRaftLogWorker (SegmentedRaftLogWorker.java:lambda$new$0(132)) - 937d00a5-df36-4851-a0be-3aaed9d3a7ec@group-27691149BEE5-SegmentedRaftLogWorker: flushIndex: setUnconditionally 0 -> -1
2019-09-24 22:36:24,377 [ba8da8c9-7047-42c0-b6d2-a7916db8a88b@group-27691149BEE5-SegmentedRaftLogWorker] INFO  segmented.SegmentedRaftLogWorker (SegmentedRaftLogWorker.java:execute(569)) - ba8da8c9-7047-42c0-b6d2-a7916db8a88b@group-27691149BEE5-SegmentedRaftLogWorker: created new log segment /workdir/hadoop-ozone/integration-test/target/test-dir/MiniOzoneClusterImpl-95732fd8-3d66-4978-936c-af465de6078a/datanode-4/data/ratis/345350cb-10a4-424e-818e-27691149bee5/current/log_inprogress_0
2019-09-24 22:36:24,391 [937d00a5-df36-4851-a0be-3aaed9d3a7ec@group-27691149BEE5-SegmentedRaftLogWorker] INFO  segmented.SegmentedRaftLogWorker (SegmentedRaftLogWorker.java:execute(569)) - 937d00a5-df36-4851-a0be-3aaed9d3a7ec@group-27691149BEE5-SegmentedRaftLogWorker: created new log segment /workdir/hadoop-ozone/integration-test/target/test-dir/MiniOzoneClusterImpl-95732fd8-3d66-4978-936c-af465de6078a/datanode-6/data/ratis/345350cb-10a4-424e-818e-27691149bee5/current/log_inprogress_0
2019-09-24 22:36:24,524 [main] INFO  ipc.Client (Client.java:handleConnectionFailure(948)) - Retrying connect to server: localhost/127.0.0.1:0. Already tried 5 time(s); retry policy is RetryUpToMaximumCountWithFixedSleep(maxRetries=10, sleepTime=1000 MILLISECONDS)
2019-09-24 22:36:25,525 [main] INFO  ipc.Client (Client.java:handleConnectionFailure(948)) - Retrying connect to server: localhost/127.0.0.1:0. Already tried 6 time(s); retry policy is RetryUpToMaximumCountWithFixedSleep(maxRetries=10, sleepTime=1000 MILLISECONDS)
2019-09-24 22:36:26,527 [main] INFO  ipc.Client (Client.java:handleConnectionFailure(948)) - Retrying connect to server: localhost/127.0.0.1:0. Already tried 7 time(s); retry policy is RetryUpToMaximumCountWithFixedSleep(maxRetries=10, sleepTime=1000 MILLISECONDS)
2019-09-24 22:36:27,528 [main] INFO  ipc.Client (Client.java:handleConnectionFailure(948)) - Retrying connect to server: localhost/127.0.0.1:0. Already tried 8 time(s); retry policy is RetryUpToMaximumCountWithFixedSleep(maxRetries=10, sleepTime=1000 MILLISECONDS)
2019-09-24 22:36:28,529 [main] INFO  ipc.Client (Client.java:handleConnectionFailure(948)) - Retrying connect to server: localhost/127.0.0.1:0. Already tried 9 time(s); retry policy is RetryUpToMaximumCountWithFixedSleep(maxRetries=10, sleepTime=1000 MILLISECONDS)
2019-09-24 22:36:28,531 [main] INFO  retry.RetryInvocationHandler (RetryInvocationHandler.java:log(411)) - com.google.protobuf.ServiceException: java.net.ConnectException: Your endpoint configuration is wrong; For more details see:  http://wiki.apache.org/hadoop/UnsetHostnameOrPort, while invoking $Proxy37.submitRequest over nodeId=null,nodeAddress=127.0.0.1:0 after 1 failover attempts. Trying to failover immediately.
2019-09-24 22:36:29,533 [main] INFO  ipc.Client (Client.java:handleConnectionFailure(948)) - Retrying connect to server: localhost/127.0.0.1:0. Already tried 0 time(s); retry policy is RetryUpToMaximumCountWithFixedSleep(maxRetries=10, sleepTime=1000 MILLISECONDS)
2019-09-24 22:36:30,535 [main] INFO  ipc.Client (Client.java:handleConnectionFailure(948)) - Retrying connect to server: localhost/127.0.0.1:0. Already tried 1 time(s); retry policy is RetryUpToMaximumCountWithFixedSleep(maxRetries=10, sleepTime=1000 MILLISECONDS)
2019-09-24 22:36:31,536 [main] INFO  ipc.Client (Client.java:handleConnectionFailure(948)) - Retrying connect to server: localhost/127.0.0.1:0. Already tried 2 time(s); retry policy is RetryUpToMaximumCountWithFixedSleep(maxRetries=10, sleepTime=1000 MILLISECONDS)
2019-09-24 22:36:32,538 [main] INFO  ipc.Client (Client.java:handleConnectionFailure(948)) - Retrying connect to server: localhost/127.0.0.1:0. Already tried 3 time(s); retry policy is RetryUpToMaximumCountWithFixedSleep(maxRetries=10, sleepTime=1000 MILLISECONDS)
2019-09-24 22:36:33,539 [main] INFO  ipc.Client (Client.java:handleConnectionFailure(948)) - Retrying connect to server: localhost/127.0.0.1:0. Already tried 4 time(s); retry policy is RetryUpToMaximumCountWithFixedSleep(maxRetries=10, sleepTime=1000 MILLISECONDS)
2019-09-24 22:36:34,540 [main] INFO  ipc.Client (Client.java:handleConnectionFailure(948)) - Retrying connect to server: localhost/127.0.0.1:0. Already tried 5 time(s); retry policy is RetryUpToMaximumCountWithFixedSleep(maxRetries=10, sleepTime=1000 MILLISECONDS)
2019-09-24 22:36:35,542 [main] INFO  ipc.Client (Client.java:handleConnectionFailure(948)) - Retrying connect to server: localhost/127.0.0.1:0. Already tried 6 time(s); retry policy is RetryUpToMaximumCountWithFixedSleep(maxRetries=10, sleepTime=1000 MILLISECONDS)
2019-09-24 22:36:36,543 [main] INFO  ipc.Client (Client.java:handleConnectionFailure(948)) - Retrying connect to server: localhost/127.0.0.1:0. Already tried 7 time(s); retry policy is RetryUpToMaximumCountWithFixedSleep(maxRetries=10, sleepTime=1000 MILLISECONDS)
2019-09-24 22:36:37,544 [main] INFO  ipc.Client (Client.java:handleConnectionFailure(948)) - Retrying connect to server: localhost/127.0.0.1:0. Already tried 8 time(s); retry policy is RetryUpToMaximumCountWithFixedSleep(maxRetries=10, sleepTime=1000 MILLISECONDS)
2019-09-24 22:36:38,546 [main] INFO  ipc.Client (Client.java:handleConnectionFailure(948)) - Retrying connect to server: localhost/127.0.0.1:0. Already tried 9 time(s); retry policy is RetryUpToMaximumCountWithFixedSleep(maxRetries=10, sleepTime=1000 MILLISECONDS)
2019-09-24 22:36:38,547 [main] INFO  retry.RetryInvocationHandler (RetryInvocationHandler.java:log(411)) - com.google.protobuf.ServiceException: java.net.ConnectException: Your endpoint configuration is wrong; For more details see:  http://wiki.apache.org/hadoop/UnsetHostnameOrPort, while invoking $Proxy37.submitRequest over nodeId=null,nodeAddress=127.0.0.1:0 after 2 failover attempts. Trying to failover immediately.
2019-09-24 22:36:39,548 [main] INFO  ipc.Client (Client.java:handleConnectionFailure(948)) - Retrying connect to server: localhost/127.0.0.1:0. Already tried 0 time(s); retry policy is RetryUpToMaximumCountWithFixedSleep(maxRetries=10, sleepTime=1000 MILLISECONDS)
2019-09-24 22:36:40,550 [main] INFO  ipc.Client (Client.java:handleConnectionFailure(948)) - Retrying connect to server: localhost/127.0.0.1:0. Already tried 1 time(s); retry policy is RetryUpToMaximumCountWithFixedSleep(maxRetries=10, sleepTime=1000 MILLISECONDS)
2019-09-24 22:36:41,551 [main] INFO  ipc.Client (Client.java:handleConnectionFailure(948)) - Retrying connect to server: localhost/127.0.0.1:0. Already tried 2 time(s); retry policy is RetryUpToMaximumCountWithFixedSleep(maxRetries=10, sleepTime=1000 MILLISECONDS)
2019-09-24 22:36:42,552 [main] INFO  ipc.Client (Client.java:handleConnectionFailure(948)) - Retrying connect to server: localhost/127.0.0.1:0. Already tried 3 time(s); retry policy is RetryUpToMaximumCountWithFixedSleep(maxRetries=10, sleepTime=1000 MILLISECONDS)
2019-09-24 22:36:43,553 [main] INFO  ipc.Client (Client.java:handleConnectionFailure(948)) - Retrying connect to server: localhost/127.0.0.1:0. Already tried 4 time(s); retry policy is RetryUpToMaximumCountWithFixedSleep(maxRetries=10, sleepTime=1000 MILLISECONDS)
2019-09-24 22:36:44,555 [main] INFO  ipc.Client (Client.java:handleConnectionFailure(948)) - Retrying connect to server: localhost/127.0.0.1:0. Already tried 5 time(s); retry policy is RetryUpToMaximumCountWithFixedSleep(maxRetries=10, sleepTime=1000 MILLISECONDS)
2019-09-24 22:36:45,556 [main] INFO  ipc.Client (Client.java:handleConnectionFailure(948)) - Retrying connect to server: localhost/127.0.0.1:0. Already tried 6 time(s); retry policy is RetryUpToMaximumCountWithFixedSleep(maxRetries=10, sleepTime=1000 MILLISECONDS)
2019-09-24 22:36:46,557 [main] INFO  ipc.Client (Client.java:handleConnectionFailure(948)) - Retrying connect to server: localhost/127.0.0.1:0. Already tried 7 time(s); retry policy is RetryUpToMaximumCountWithFixedSleep(maxRetries=10, sleepTime=1000 MILLISECONDS)
2019-09-24 22:36:47,559 [main] INFO  ipc.Client (Client.java:handleConnectionFailure(948)) - Retrying connect to server: localhost/127.0.0.1:0. Already tried 8 time(s); retry policy is RetryUpToMaximumCountWithFixedSleep(maxRetries=10, sleepTime=1000 MILLISECONDS)
2019-09-24 22:36:48,560 [main] INFO  ipc.Client (Client.java:handleConnectionFailure(948)) - Retrying connect to server: localhost/127.0.0.1:0. Already tried 9 time(s); retry policy is RetryUpToMaximumCountWithFixedSleep(maxRetries=10, sleepTime=1000 MILLISECONDS)
2019-09-24 22:36:48,562 [main] INFO  retry.RetryInvocationHandler (RetryInvocationHandler.java:log(411)) - com.google.protobuf.ServiceException: java.net.ConnectException: Your endpoint configuration is wrong; For more details see:  http://wiki.apache.org/hadoop/UnsetHostnameOrPort, while invoking $Proxy37.submitRequest over nodeId=null,nodeAddress=127.0.0.1:0 after 3 failover attempts. Trying to failover immediately.
2019-09-24 22:36:49,563 [main] INFO  ipc.Client (Client.java:handleConnectionFailure(948)) - Retrying connect to server: localhost/127.0.0.1:0. Already tried 0 time(s); retry policy is RetryUpToMaximumCountWithFixedSleep(maxRetries=10, sleepTime=1000 MILLISECONDS)
2019-09-24 22:36:50,564 [main] INFO  ipc.Client (Client.java:handleConnectionFailure(948)) - Retrying connect to server: localhost/127.0.0.1:0. Already tried 1 time(s); retry policy is RetryUpToMaximumCountWithFixedSleep(maxRetries=10, sleepTime=1000 MILLISECONDS)
2019-09-24 22:36:51,565 [main] INFO  ipc.Client (Client.java:handleConnectionFailure(948)) - Retrying connect to server: localhost/127.0.0.1:0. Already tried 2 time(s); retry policy is RetryUpToMaximumCountWithFixedSleep(maxRetries=10, sleepTime=1000 MILLISECONDS)
2019-09-24 22:36:52,567 [main] INFO  ipc.Client (Client.java:handleConnectionFailure(948)) - Retrying connect to server: localhost/127.0.0.1:0. Already tried 3 time(s); retry policy is RetryUpToMaximumCountWithFixedSleep(maxRetries=10, sleepTime=1000 MILLISECONDS)
2019-09-24 22:36:53,568 [main] INFO  ipc.Client (Client.java:handleConnectionFailure(948)) - Retrying connect to server: localhost/127.0.0.1:0. Already tried 4 time(s); retry policy is RetryUpToMaximumCountWithFixedSleep(maxRetries=10, sleepTime=1000 MILLISECONDS)
2019-09-24 22:36:54,570 [main] INFO  ipc.Client (Client.java:handleConnectionFailure(948)) - Retrying connect to server: localhost/127.0.0.1:0. Already tried 5 time(s); retry policy is RetryUpToMaximumCountWithFixedSleep(maxRetries=10, sleepTime=1000 MILLISECONDS)
2019-09-24 22:36:55,571 [main] INFO  ipc.Client (Client.java:handleConnectionFailure(948)) - Retrying connect to server: localhost/127.0.0.1:0. Already tried 6 time(s); retry policy is RetryUpToMaximumCountWithFixedSleep(maxRetries=10, sleepTime=1000 MILLISECONDS)
2019-09-24 22:36:56,572 [main] INFO  ipc.Client (Client.java:handleConnectionFailure(948)) - Retrying connect to server: localhost/127.0.0.1:0. Already tried 7 time(s); retry policy is RetryUpToMaximumCountWithFixedSleep(maxRetries=10, sleepTime=1000 MILLISECONDS)
2019-09-24 22:36:57,573 [main] INFO  ipc.Client (Client.java:handleConnectionFailure(948)) - Retrying connect to server: localhost/127.0.0.1:0. Already tried 8 time(s); retry policy is RetryUpToMaximumCountWithFixedSleep(maxRetries=10, sleepTime=1000 MILLISECONDS)
2019-09-24 22:36:58,574 [main] INFO  ipc.Client (Client.java:handleConnectionFailure(948)) - Retrying connect to server: localhost/127.0.0.1:0. Already tried 9 time(s); retry policy is RetryUpToMaximumCountWithFixedSleep(maxRetries=10, sleepTime=1000 MILLISECONDS)
2019-09-24 22:36:58,576 [main] INFO  retry.RetryInvocationHandler (RetryInvocationHandler.java:log(411)) - com.google.protobuf.ServiceException: java.net.ConnectException: Your endpoint configuration is wrong; For more details see:  http://wiki.apache.org/hadoop/UnsetHostnameOrPort, while invoking $Proxy37.submitRequest over nodeId=null,nodeAddress=127.0.0.1:0 after 4 failover attempts. Trying to failover immediately.
2019-09-24 22:36:59,577 [main] INFO  ipc.Client (Client.java:handleConnectionFailure(948)) - Retrying connect to server: localhost/127.0.0.1:0. Already tried 0 time(s); retry policy is RetryUpToMaximumCountWithFixedSleep(maxRetries=10, sleepTime=1000 MILLISECONDS)
2019-09-24 22:37:00,578 [main] INFO  ipc.Client (Client.java:handleConnectionFailure(948)) - Retrying connect to server: localhost/127.0.0.1:0. Already tried 1 time(s); retry policy is RetryUpToMaximumCountWithFixedSleep(maxRetries=10, sleepTime=1000 MILLISECONDS)
2019-09-24 22:37:01,580 [main] INFO  ipc.Client (Client.java:handleConnectionFailure(948)) - Retrying connect to server: localhost/127.0.0.1:0. Already tried 2 time(s); retry policy is RetryUpToMaximumCountWithFixedSleep(maxRetries=10, sleepTime=1000 MILLISECONDS)
2019-09-24 22:37:02,581 [main] INFO  ipc.Client (Client.java:handleConnectionFailure(948)) - Retrying connect to server: localhost/127.0.0.1:0. Already tried 3 time(s); retry policy is RetryUpToMaximumCountWithFixedSleep(maxRetries=10, sleepTime=1000 MILLISECONDS)
2019-09-24 22:37:03,582 [main] INFO  ipc.Client (Client.java:handleConnectionFailure(948)) - Retrying connect to server: localhost/127.0.0.1:0. Already tried 4 time(s); retry policy is RetryUpToMaximumCountWithFixedSleep(maxRetries=10, sleepTime=1000 MILLISECONDS)
2019-09-24 22:37:04,583 [main] INFO  ipc.Client (Client.java:handleConnectionFailure(948)) - Retrying connect to server: localhost/127.0.0.1:0. Already tried 5 time(s); retry policy is RetryUpToMaximumCountWithFixedSleep(maxRetries=10, sleepTime=1000 MILLISECONDS)
2019-09-24 22:37:05,584 [main] INFO  ipc.Client (Client.java:handleConnectionFailure(948)) - Retrying connect to server: localhost/127.0.0.1:0. Already tried 6 time(s); retry policy is RetryUpToMaximumCountWithFixedSleep(maxRetries=10, sleepTime=1000 MILLISECONDS)
2019-09-24 22:37:06,586 [main] INFO  ipc.Client (Client.java:handleConnectionFailure(948)) - Retrying connect to server: localhost/127.0.0.1:0. Already tried 7 time(s); retry policy is RetryUpToMaximumCountWithFixedSleep(maxRetries=10, sleepTime=1000 MILLISECONDS)
2019-09-24 22:37:07,587 [main] INFO  ipc.Client (Client.java:handleConnectionFailure(948)) - Retrying connect to server: localhost/127.0.0.1:0. Already tried 8 time(s); retry policy is RetryUpToMaximumCountWithFixedSleep(maxRetries=10, sleepTime=1000 MILLISECONDS)
2019-09-24 22:37:08,588 [main] INFO  ipc.Client (Client.java:handleConnectionFailure(948)) - Retrying connect to server: localhost/127.0.0.1:0. Already tried 9 time(s); retry policy is RetryUpToMaximumCountWithFixedSleep(maxRetries=10, sleepTime=1000 MILLISECONDS)
2019-09-24 22:37:08,590 [main] INFO  retry.RetryInvocationHandler (RetryInvocationHandler.java:log(411)) - com.google.protobuf.ServiceException: java.net.ConnectException: Your endpoint configuration is wrong; For more details see:  http://wiki.apache.org/hadoop/UnsetHostnameOrPort, while invoking $Proxy37.submitRequest over nodeId=null,nodeAddress=127.0.0.1:0 after 5 failover attempts. Trying to failover immediately.
2019-09-24 22:37:09,591 [main] INFO  ipc.Client (Client.java:handleConnectionFailure(948)) - Retrying connect to server: localhost/127.0.0.1:0. Already tried 0 time(s); retry policy is RetryUpToMaximumCountWithFixedSleep(maxRetries=10, sleepTime=1000 MILLISECONDS)
2019-09-24 22:37:10,592 [main] INFO  ipc.Client (Client.java:handleConnectionFailure(948)) - Retrying connect to server: localhost/127.0.0.1:0. Already tried 1 time(s); retry policy is RetryUpToMaximumCountWithFixedSleep(maxRetries=10, sleepTime=1000 MILLISECONDS)
2019-09-24 22:37:11,593 [main] INFO  ipc.Client (Client.java:handleConnectionFailure(948)) - Retrying connect to server: localhost/127.0.0.1:0. Already tried 2 time(s); retry policy is RetryUpToMaximumCountWithFixedSleep(maxRetries=10, sleepTime=1000 MILLISECONDS)
2019-09-24 22:37:12,595 [main] INFO  ipc.Client (Client.java:handleConnectionFailure(948)) - Retrying connect to server: localhost/127.0.0.1:0. Already tried 3 time(s); retry policy is RetryUpToMaximumCountWithFixedSleep(maxRetries=10, sleepTime=1000 MILLISECONDS)
2019-09-24 22:37:13,596 [main] INFO  ipc.Client (Client.java:handleConnectionFailure(948)) - Retrying connect to server: localhost/127.0.0.1:0. Already tried 4 time(s); retry policy is RetryUpToMaximumCountWithFixedSleep(maxRetries=10, sleepTime=1000 MILLISECONDS)
2019-09-24 22:37:14,597 [main] INFO  ipc.Client (Client.java:handleConnectionFailure(948)) - Retrying connect to server: localhost/127.0.0.1:0. Already tried 5 time(s); retry policy is RetryUpToMaximumCountWithFixedSleep(maxRetries=10, sleepTime=1000 MILLISECONDS)
2019-09-24 22:37:15,598 [main] INFO  ipc.Client (Client.java:handleConnectionFailure(948)) - Retrying connect to server: localhost/127.0.0.1:0. Already tried 6 time(s); retry policy is RetryUpToMaximumCountWithFixedSleep(maxRetries=10, sleepTime=1000 MILLISECONDS)
2019-09-24 22:37:16,600 [main] INFO  ipc.Client (Client.java:handleConnectionFailure(948)) - Retrying connect to server: localhost/127.0.0.1:0. Already tried 7 time(s); retry policy is RetryUpToMaximumCountWithFixedSleep(maxRetries=10, sleepTime=1000 MILLISECONDS)
2019-09-24 22:37:17,601 [main] INFO  ipc.Client (Client.java:handleConnectionFailure(948)) - Retrying connect to server: localhost/127.0.0.1:0. Already tried 8 time(s); retry policy is RetryUpToMaximumCountWithFixedSleep(maxRetries=10, sleepTime=1000 MILLISECONDS)
2019-09-24 22:37:18,602 [main] INFO  ipc.Client (Client.java:handleConnectionFailure(948)) - Retrying connect to server: localhost/127.0.0.1:0. Already tried 9 time(s); retry policy is RetryUpToMaximumCountWithFixedSleep(maxRetries=10, sleepTime=1000 MILLISECONDS)
2019-09-24 22:37:18,603 [main] INFO  retry.RetryInvocationHandler (RetryInvocationHandler.java:log(411)) - com.google.protobuf.ServiceException: java.net.ConnectException: Your endpoint configuration is wrong; For more details see:  http://wiki.apache.org/hadoop/UnsetHostnameOrPort, while invoking $Proxy37.submitRequest over nodeId=null,nodeAddress=127.0.0.1:0 after 6 failover attempts. Trying to failover immediately.
2019-09-24 22:37:19,605 [main] INFO  ipc.Client (Client.java:handleConnectionFailure(948)) - Retrying connect to server: localhost/127.0.0.1:0. Already tried 0 time(s); retry policy is RetryUpToMaximumCountWithFixedSleep(maxRetries=10, sleepTime=1000 MILLISECONDS)
2019-09-24 22:37:20,606 [main] INFO  ipc.Client (Client.java:handleConnectionFailure(948)) - Retrying connect to server: localhost/127.0.0.1:0. Already tried 1 time(s); retry policy is RetryUpToMaximumCountWithFixedSleep(maxRetries=10, sleepTime=1000 MILLISECONDS)
2019-09-24 22:37:21,607 [main] INFO  ipc.Client (Client.java:handleConnectionFailure(948)) - Retrying connect to server: localhost/127.0.0.1:0. Already tried 2 time(s); retry policy is RetryUpToMaximumCountWithFixedSleep(maxRetries=10, sleepTime=1000 MILLISECONDS)
2019-09-24 22:37:22,608 [main] INFO  ipc.Client (Client.java:handleConnectionFailure(948)) - Retrying connect to server: localhost/127.0.0.1:0. Already tried 3 time(s); retry policy is RetryUpToMaximumCountWithFixedSleep(maxRetries=10, sleepTime=1000 MILLISECONDS)
2019-09-24 22:37:23,609 [main] INFO  ipc.Client (Client.java:handleConnectionFailure(948)) - Retrying connect to server: localhost/127.0.0.1:0. Already tried 4 time(s); retry policy is RetryUpToMaximumCountWithFixedSleep(maxRetries=10, sleepTime=1000 MILLISECONDS)
2019-09-24 22:37:24,611 [main] INFO  ipc.Client (Client.java:handleConnectionFailure(948)) - Retrying connect to server: localhost/127.0.0.1:0. Already tried 5 time(s); retry policy is RetryUpToMaximumCountWithFixedSleep(maxRetries=10, sleepTime=1000 MILLISECONDS)
2019-09-24 22:37:25,612 [main] INFO  ipc.Client (Client.java:handleConnectionFailure(948)) - Retrying connect to server: localhost/127.0.0.1:0. Already tried 6 time(s); retry policy is RetryUpToMaximumCountWithFixedSleep(maxRetries=10, sleepTime=1000 MILLISECONDS)
2019-09-24 22:37:26,614 [main] INFO  ipc.Client (Client.java:handleConnectionFailure(948)) - Retrying connect to server: localhost/127.0.0.1:0. Already tried 7 time(s); retry policy is RetryUpToMaximumCountWithFixedSleep(maxRetries=10, sleepTime=1000 MILLISECONDS)
2019-09-24 22:37:27,615 [main] INFO  ipc.Client (Client.java:handleConnectionFailure(948)) - Retrying connect to server: localhost/127.0.0.1:0. Already tried 8 time(s); retry policy is RetryUpToMaximumCountWithFixedSleep(maxRetries=10, sleepTime=1000 MILLISECONDS)
2019-09-24 22:37:28,616 [main] INFO  ipc.Client (Client.java:handleConnectionFailure(948)) - Retrying connect to server: localhost/127.0.0.1:0. Already tried 9 time(s); retry policy is RetryUpToMaximumCountWithFixedSleep(maxRetries=10, sleepTime=1000 MILLISECONDS)
2019-09-24 22:37:28,618 [main] INFO  retry.RetryInvocationHandler (RetryInvocationHandler.java:log(411)) - com.google.protobuf.ServiceException: java.net.ConnectException: Your endpoint configuration is wrong; For more details see:  http://wiki.apache.org/hadoop/UnsetHostnameOrPort, while invoking $Proxy37.submitRequest over nodeId=null,nodeAddress=127.0.0.1:0 after 7 failover attempts. Trying to failover immediately.
2019-09-24 22:37:29,619 [main] INFO  ipc.Client (Client.java:handleConnectionFailure(948)) - Retrying connect to server: localhost/127.0.0.1:0. Already tried 0 time(s); retry policy is RetryUpToMaximumCountWithFixedSleep(maxRetries=10, sleepTime=1000 MILLISECONDS)
2019-09-24 22:37:30,622 [main] INFO  ipc.Client (Client.java:handleConnectionFailure(948)) - Retrying connect to server: localhost/127.0.0.1:0. Already tried 1 time(s); retry policy is RetryUpToMaximumCountWithFixedSleep(maxRetries=10, sleepTime=1000 MILLISECONDS)
2019-09-24 22:37:31,624 [main] INFO  ipc.Client (Client.java:handleConnectionFailure(948)) - Retrying connect to server: localhost/127.0.0.1:0. Already tried 2 time(s); retry policy is RetryUpToMaximumCountWithFixedSleep(maxRetries=10, sleepTime=1000 MILLISECONDS)
2019-09-24 22:37:32,625 [main] INFO  ipc.Client (Client.java:handleConnectionFailure(948)) - Retrying connect to server: localhost/127.0.0.1:0. Already tried 3 time(s); retry policy is RetryUpToMaximumCountWithFixedSleep(maxRetries=10, sleepTime=1000 MILLISECONDS)
2019-09-24 22:37:33,626 [main] INFO  ipc.Client (Client.java:handleConnectionFailure(948)) - Retrying connect to server: localhost/127.0.0.1:0. Already tried 4 time(s); retry policy is RetryUpToMaximumCountWithFixedSleep(maxRetries=10, sleepTime=1000 MILLISECONDS)
2019-09-24 22:37:34,627 [main] INFO  ipc.Client (Client.java:handleConnectionFailure(948)) - Retrying connect to server: localhost/127.0.0.1:0. Already tried 5 time(s); retry policy is RetryUpToMaximumCountWithFixedSleep(maxRetries=10, sleepTime=1000 MILLISECONDS)
2019-09-24 22:37:35,628 [main] INFO  ipc.Client (Client.java:handleConnectionFailure(948)) - Retrying connect to server: localhost/127.0.0.1:0. Already tried 6 time(s); retry policy is RetryUpToMaximumCountWithFixedSleep(maxRetries=10, sleepTime=1000 MILLISECONDS)
2019-09-24 22:37:36,630 [main] INFO  ipc.Client (Client.java:handleConnectionFailure(948)) - Retrying connect to server: localhost/127.0.0.1:0. Already tried 7 time(s); retry policy is RetryUpToMaximumCountWithFixedSleep(maxRetries=10, sleepTime=1000 MILLISECONDS)
2019-09-24 22:37:37,631 [main] INFO  ipc.Client (Client.java:handleConnectionFailure(948)) - Retrying connect to server: localhost/127.0.0.1:0. Already tried 8 time(s); retry policy is RetryUpToMaximumCountWithFixedSleep(maxRetries=10, sleepTime=1000 MILLISECONDS)
2019-09-24 22:37:38,633 [main] INFO  ipc.Client (Client.java:handleConnectionFailure(948)) - Retrying connect to server: localhost/127.0.0.1:0. Already tried 9 time(s); retry policy is RetryUpToMaximumCountWithFixedSleep(maxRetries=10, sleepTime=1000 MILLISECONDS)
2019-09-24 22:37:38,634 [main] INFO  retry.RetryInvocationHandler (RetryInvocationHandler.java:log(411)) - com.google.protobuf.ServiceException: java.net.ConnectException: Your endpoint configuration is wrong; For more details see:  http://wiki.apache.org/hadoop/UnsetHostnameOrPort, while invoking $Proxy37.submitRequest over nodeId=null,nodeAddress=127.0.0.1:0 after 8 failover attempts. Trying to failover immediately.
2019-09-24 22:37:39,635 [main] INFO  ipc.Client (Client.java:handleConnectionFailure(948)) - Retrying connect to server: localhost/127.0.0.1:0. Already tried 0 time(s); retry policy is RetryUpToMaximumCountWithFixedSleep(maxRetries=10, sleepTime=1000 MILLISECONDS)
2019-09-24 22:37:40,636 [main] INFO  ipc.Client (Client.java:handleConnectionFailure(948)) - Retrying connect to server: localhost/127.0.0.1:0. Already tried 1 time(s); retry policy is RetryUpToMaximumCountWithFixedSleep(maxRetries=10, sleepTime=1000 MILLISECONDS)
2019-09-24 22:37:41,637 [main] INFO  ipc.Client (Client.java:handleConnectionFailure(948)) - Retrying connect to server: localhost/127.0.0.1:0. Already tried 2 time(s); retry policy is RetryUpToMaximumCountWithFixedSleep(maxRetries=10, sleepTime=1000 MILLISECONDS)
2019-09-24 22:37:42,639 [main] INFO  ipc.Client (Client.java:handleConnectionFailure(948)) - Retrying connect to server: localhost/127.0.0.1:0. Already tried 3 time(s); retry policy is RetryUpToMaximumCountWithFixedSleep(maxRetries=10, sleepTime=1000 MILLISECONDS)
2019-09-24 22:37:43,640 [main] INFO  ipc.Client (Client.java:handleConnectionFailure(948)) - Retrying connect to server: localhost/127.0.0.1:0. Already tried 4 time(s); retry policy is RetryUpToMaximumCountWithFixedSleep(maxRetries=10, sleepTime=1000 MILLISECONDS)
2019-09-24 22:37:44,641 [main] INFO  ipc.Client (Client.java:handleConnectionFailure(948)) - Retrying connect to server: localhost/127.0.0.1:0. Already tried 5 time(s); retry policy is RetryUpToMaximumCountWithFixedSleep(maxRetries=10, sleepTime=1000 MILLISECONDS)
2019-09-24 22:37:45,642 [main] INFO  ipc.Client (Client.java:handleConnectionFailure(948)) - Retrying connect to server: localhost/127.0.0.1:0. Already tried 6 time(s); retry policy is RetryUpToMaximumCountWithFixedSleep(maxRetries=10, sleepTime=1000 MILLISECONDS)
2019-09-24 22:37:46,643 [main] INFO  ipc.Client (Client.java:handleConnectionFailure(948)) - Retrying connect to server: localhost/127.0.0.1:0. Already tried 7 time(s); retry policy is RetryUpToMaximumCountWithFixedSleep(maxRetries=10, sleepTime=1000 MILLISECONDS)
2019-09-24 22:37:47,644 [main] INFO  ipc.Client (Client.java:handleConnectionFailure(948)) - Retrying connect to server: localhost/127.0.0.1:0. Already tried 8 time(s); retry policy is RetryUpToMaximumCountWithFixedSleep(maxRetries=10, sleepTime=1000 MILLISECONDS)
2019-09-24 22:37:48,645 [main] INFO  ipc.Client (Client.java:handleConnectionFailure(948)) - Retrying connect to server: localhost/127.0.0.1:0. Already tried 9 time(s); retry policy is RetryUpToMaximumCountWithFixedSleep(maxRetries=10, sleepTime=1000 MILLISECONDS)
2019-09-24 22:37:48,647 [main] INFO  retry.RetryInvocationHandler (RetryInvocationHandler.java:log(411)) - com.google.protobuf.ServiceException: java.net.ConnectException: Your endpoint configuration is wrong; For more details see:  http://wiki.apache.org/hadoop/UnsetHostnameOrPort, while invoking $Proxy37.submitRequest over nodeId=null,nodeAddress=127.0.0.1:0 after 9 failover attempts. Trying to failover immediately.
2019-09-24 22:37:49,648 [main] INFO  ipc.Client (Client.java:handleConnectionFailure(948)) - Retrying connect to server: localhost/127.0.0.1:0. Already tried 0 time(s); retry policy is RetryUpToMaximumCountWithFixedSleep(maxRetries=10, sleepTime=1000 MILLISECONDS)
2019-09-24 22:37:50,650 [main] INFO  ipc.Client (Client.java:handleConnectionFailure(948)) - Retrying connect to server: localhost/127.0.0.1:0. Already tried 1 time(s); retry policy is RetryUpToMaximumCountWithFixedSleep(maxRetries=10, sleepTime=1000 MILLISECONDS)
2019-09-24 22:37:51,652 [main] INFO  ipc.Client (Client.java:handleConnectionFailure(948)) - Retrying connect to server: localhost/127.0.0.1:0. Already tried 2 time(s); retry policy is RetryUpToMaximumCountWithFixedSleep(maxRetries=10, sleepTime=1000 MILLISECONDS)
2019-09-24 22:37:52,653 [main] INFO  ipc.Client (Client.java:handleConnectionFailure(948)) - Retrying connect to server: localhost/127.0.0.1:0. Already tried 3 time(s); retry policy is RetryUpToMaximumCountWithFixedSleep(maxRetries=10, sleepTime=1000 MILLISECONDS)
2019-09-24 22:37:53,655 [main] INFO  ipc.Client (Client.java:handleConnectionFailure(948)) - Retrying connect to server: localhost/127.0.0.1:0. Already tried 4 time(s); retry policy is RetryUpToMaximumCountWithFixedSleep(maxRetries=10, sleepTime=1000 MILLISECONDS)
2019-09-24 22:37:54,656 [main] INFO  ipc.Client (Client.java:handleConnectionFailure(948)) - Retrying connect to server: localhost/127.0.0.1:0. Already tried 5 time(s); retry policy is RetryUpToMaximumCountWithFixedSleep(maxRetries=10, sleepTime=1000 MILLISECONDS)
2019-09-24 22:37:55,657 [main] INFO  ipc.Client (Client.java:handleConnectionFailure(948)) - Retrying connect to server: localhost/127.0.0.1:0. Already tried 6 time(s); retry policy is RetryUpToMaximumCountWithFixedSleep(maxRetries=10, sleepTime=1000 MILLISECONDS)
2019-09-24 22:37:56,658 [main] INFO  ipc.Client (Client.java:handleConnectionFailure(948)) - Retrying connect to server: localhost/127.0.0.1:0. Already tried 7 time(s); retry policy is RetryUpToMaximumCountWithFixedSleep(maxRetries=10, sleepTime=1000 MILLISECONDS)
2019-09-24 22:37:57,659 [main] INFO  ipc.Client (Client.java:handleConnectionFailure(948)) - Retrying connect to server: localhost/127.0.0.1:0. Already tried 8 time(s); retry policy is RetryUpToMaximumCountWithFixedSleep(maxRetries=10, sleepTime=1000 MILLISECONDS)
2019-09-24 22:37:58,660 [main] INFO  ipc.Client (Client.java:handleConnectionFailure(948)) - Retrying connect to server: localhost/127.0.0.1:0. Already tried 9 time(s); retry policy is RetryUpToMaximumCountWithFixedSleep(maxRetries=10, sleepTime=1000 MILLISECONDS)
2019-09-24 22:37:58,662 [main] ERROR ha.OMFailoverProxyProvider (OzoneManagerProtocolClientSideTranslatorPB.java:getRetryAction(268)) - Failed to connect to OM. Attempted 10 retries and 10 failovers
2019-09-24 22:37:58,665 [main] ERROR client.OzoneClientFactory (OzoneClientFactory.java:getClientProtocol(259)) - Couldn't create RpcClient protocol exception: 
java.net.ConnectException: Your endpoint configuration is wrong; For more details see:  http://wiki.apache.org/hadoop/UnsetHostnameOrPort
	at sun.reflect.NativeConstructorAccessorImpl.newInstance0(Native Method)
	at sun.reflect.NativeConstructorAccessorImpl.newInstance(NativeConstructorAccessorImpl.java:62)
	at sun.reflect.DelegatingConstructorAccessorImpl.newInstance(DelegatingConstructorAccessorImpl.java:45)
	at java.lang.reflect.Constructor.newInstance(Constructor.java:423)
	at org.apache.hadoop.net.NetUtils.wrapWithMessage(NetUtils.java:831)
	at org.apache.hadoop.net.NetUtils.wrapException(NetUtils.java:751)
	at org.apache.hadoop.ipc.Client.getRpcResponse(Client.java:1515)
	at org.apache.hadoop.ipc.Client.call(Client.java:1457)
	at org.apache.hadoop.ipc.Client.call(Client.java:1367)
	at org.apache.hadoop.ipc.ProtobufRpcEngine$Invoker.invoke(ProtobufRpcEngine.java:228)
	at org.apache.hadoop.ipc.ProtobufRpcEngine$Invoker.invoke(ProtobufRpcEngine.java:116)
	at com.sun.proxy.$Proxy37.submitRequest(Unknown Source)
	at sun.reflect.NativeMethodAccessorImpl.invoke0(Native Method)
	at sun.reflect.NativeMethodAccessorImpl.invoke(NativeMethodAccessorImpl.java:62)
	at sun.reflect.DelegatingMethodAccessorImpl.invoke(DelegatingMethodAccessorImpl.java:43)
	at java.lang.reflect.Method.invoke(Method.java:498)
	at org.apache.hadoop.io.retry.RetryInvocationHandler.invokeMethod(RetryInvocationHandler.java:422)
	at org.apache.hadoop.io.retry.RetryInvocationHandler$Call.invokeMethod(RetryInvocationHandler.java:165)
	at org.apache.hadoop.io.retry.RetryInvocationHandler$Call.invoke(RetryInvocationHandler.java:157)
	at org.apache.hadoop.io.retry.RetryInvocationHandler$Call.invokeOnce(RetryInvocationHandler.java:95)
	at org.apache.hadoop.io.retry.RetryInvocationHandler.invoke(RetryInvocationHandler.java:359)
	at com.sun.proxy.$Proxy37.submitRequest(Unknown Source)
	at org.apache.hadoop.ozone.om.protocolPB.OzoneManagerProtocolClientSideTranslatorPB.submitRequest(OzoneManagerProtocolClientSideTranslatorPB.java:338)
	at org.apache.hadoop.ozone.om.protocolPB.OzoneManagerProtocolClientSideTranslatorPB.getServiceInfo(OzoneManagerProtocolClientSideTranslatorPB.java:1223)
	at sun.reflect.NativeMethodAccessorImpl.invoke0(Native Method)
	at sun.reflect.NativeMethodAccessorImpl.invoke(NativeMethodAccessorImpl.java:62)
	at sun.reflect.DelegatingMethodAccessorImpl.invoke(DelegatingMethodAccessorImpl.java:43)
	at java.lang.reflect.Method.invoke(Method.java:498)
	at org.apache.hadoop.hdds.tracing.TraceAllMethod.invoke(TraceAllMethod.java:66)
	at com.sun.proxy.$Proxy38.getServiceInfo(Unknown Source)
	at org.apache.hadoop.ozone.client.rpc.RpcClient.<init>(RpcClient.java:154)
	at org.apache.hadoop.ozone.client.OzoneClientFactory.getClientProtocol(OzoneClientFactory.java:256)
	at org.apache.hadoop.ozone.client.OzoneClientFactory.getClientProtocol(OzoneClientFactory.java:239)
	at org.apache.hadoop.ozone.client.OzoneClientFactory.getRpcClient(OzoneClientFactory.java:203)
	at org.apache.hadoop.ozone.client.rpc.TestReadRetries.init(TestReadRetries.java:95)
	at sun.reflect.NativeMethodAccessorImpl.invoke0(Native Method)
	at sun.reflect.NativeMethodAccessorImpl.invoke(NativeMethodAccessorImpl.java:62)
	at sun.reflect.DelegatingMethodAccessorImpl.invoke(DelegatingMethodAccessorImpl.java:43)
	at java.lang.reflect.Method.invoke(Method.java:498)
	at org.junit.runners.model.FrameworkMethod$1.runReflectiveCall(FrameworkMethod.java:47)
	at org.junit.internal.runners.model.ReflectiveCallable.run(ReflectiveCallable.java:12)
	at org.junit.runners.model.FrameworkMethod.invokeExplosively(FrameworkMethod.java:44)
	at org.junit.internal.runners.statements.RunBefores.evaluate(RunBefores.java:24)
	at org.junit.internal.runners.statements.RunAfters.evaluate(RunAfters.java:27)
	at org.junit.runners.ParentRunner.run(ParentRunner.java:309)
	at org.apache.maven.surefire.junit4.JUnit4Provider.execute(JUnit4Provider.java:365)
	at org.apache.maven.surefire.junit4.JUnit4Provider.executeWithRerun(JUnit4Provider.java:273)
	at org.apache.maven.surefire.junit4.JUnit4Provider.executeTestSet(JUnit4Provider.java:238)
	at org.apache.maven.surefire.junit4.JUnit4Provider.invoke(JUnit4Provider.java:159)
	at org.apache.maven.surefire.booter.ForkedBooter.invokeProviderInSameClassLoader(ForkedBooter.java:384)
	at org.apache.maven.surefire.booter.ForkedBooter.runSuitesInProcess(ForkedBooter.java:345)
	at org.apache.maven.surefire.booter.ForkedBooter.execute(ForkedBooter.java:126)
	at org.apache.maven.surefire.booter.ForkedBooter.main(ForkedBooter.java:418)
Caused by: java.net.ConnectException: Connection refused
	at sun.nio.ch.SocketChannelImpl.checkConnect(Native Method)
	at sun.nio.ch.SocketChannelImpl.finishConnect(SocketChannelImpl.java:717)
	at org.apache.hadoop.net.SocketIOWithTimeout.connect(SocketIOWithTimeout.java:206)
	at org.apache.hadoop.net.NetUtils.connect(NetUtils.java:531)
	at org.apache.hadoop.ipc.Client$Connection.setupConnection(Client.java:690)
	at org.apache.hadoop.ipc.Client$Connection.setupIOstreams(Client.java:794)
	at org.apache.hadoop.ipc.Client$Connection.access$3700(Client.java:411)
	at org.apache.hadoop.ipc.Client.getConnection(Client.java:1572)
	at org.apache.hadoop.ipc.Client.call(Client.java:1403)
	... 45 more
2019-09-24 22:37:58,669 [main] INFO  ozone.MiniOzoneClusterImpl (MiniOzoneClusterImpl.java:shutdown(314)) - Shutting down the Mini Ozone Cluster
2019-09-24 22:37:58,670 [main] INFO  ozone.MiniOzoneClusterImpl (MiniOzoneClusterImpl.java:stop(330)) - Stopping the Mini Ozone Cluster
2019-09-24 22:37:58,670 [main] INFO  ozone.MiniOzoneClusterImpl (MiniOzoneClusterImpl.java:stopOM(400)) - Stopping the OzoneManager
2019-09-24 22:37:58,670 [main] INFO  ipc.Server (Server.java:stop(3082)) - Stopping server on 43157
2019-09-24 22:37:58,701 [IPC Server listener on 43157] INFO  ipc.Server (Server.java:run(1185)) - Stopping IPC Server listener on 43157
2019-09-24 22:37:58,704 [main] INFO  ratis.OzoneManagerDoubleBuffer (OzoneManagerDoubleBuffer.java:stop(248)) - Stopping OMDoubleBuffer flush thread
2019-09-24 22:37:58,704 [IPC Server Responder] INFO  ipc.Server (Server.java:run(1319)) - Stopping IPC Server Responder
2019-09-24 22:37:58,723 [OMDoubleBufferFlushThread] INFO  ratis.OzoneManagerDoubleBuffer (OzoneManagerDoubleBuffer.java:flushTransactions(191)) - OMDoubleBuffer flush thread OMDoubleBufferFlushThread is interrupted and will exit. OMDoubleBufferFlushThread
2019-09-24 22:37:58,751 [main] INFO  utils.BackgroundService (BackgroundService.java:shutdown(148)) - Shutting down service KeyDeletingService
2019-09-24 22:37:58,757 [main] INFO  handler.ContextHandler (ContextHandler.java:doStop(910)) - Stopped o.e.j.w.WebAppContext@415156bf{/,null,UNAVAILABLE}{/ozoneManager}
2019-09-24 22:37:58,765 [main] INFO  server.AbstractConnector (AbstractConnector.java:doStop(318)) - Stopped ServerConnector@393881f0{HTTP/1.1,[http/1.1]}{0.0.0.0:0}
2019-09-24 22:37:58,766 [main] INFO  handler.ContextHandler (ContextHandler.java:doStop(910)) - Stopped o.e.j.s.ServletContextHandler@3a627c80{/static,file:///workdir/hadoop-ozone/integration-test/target/test-classes/webapps/static,UNAVAILABLE}
2019-09-24 22:37:58,766 [main] INFO  handler.ContextHandler (ContextHandler.java:doStop(910)) - Stopped o.e.j.s.ServletContextHandler@20ed3303{/logs,file:///workdir/hadoop-ozone/integration-test/target/log,UNAVAILABLE}
2019-09-24 22:37:58,772 [main] INFO  ozone.MiniOzoneClusterImpl (MiniOzoneClusterImpl.java:stopDatanodes(377)) - Stopping the HddsDatanodes
2019-09-24 22:37:59,216 [Datanode State Machine Thread - 0] INFO  statemachine.DatanodeStateMachine (DatanodeStateMachine.java:lambda$startDaemon$0(350)) - Ozone container server started.
2019-09-24 22:37:59,611 [Datanode State Machine Thread - 0] INFO  statemachine.DatanodeStateMachine (DatanodeStateMachine.java:lambda$startDaemon$0(350)) - Ozone container server started.
2019-09-24 22:38:03,776 [main] INFO  ozoneimpl.OzoneContainer (OzoneContainer.java:stop(231)) - Attempting to stop container services.
2019-09-24 22:38:03,776 [ForkJoinPool.commonPool-worker-0] INFO  ozoneimpl.OzoneContainer (OzoneContainer.java:stop(231)) - Attempting to stop container services.
2019-09-24 22:38:03,777 [main] INFO  impl.RaftServerProxy (RaftServerProxy.java:lambda$close$4(314)) - fe8f780e-0bc6-4afd-b8a0-025a86d6d1c8: close
2019-09-24 22:38:03,777 [ForkJoinPool.commonPool-worker-0] INFO  impl.RaftServerProxy (RaftServerProxy.java:lambda$close$4(314)) - 4ac78631-b199-4be1-a250-fa3c30279e20: close
2019-09-24 22:38:03,780 [ForkJoinPool.commonPool-worker-0] INFO  impl.RaftServerImpl (RaftServerImpl.java:lambda$shutdown$3(251)) - 4ac78631-b199-4be1-a250-fa3c30279e20@group-E8FF5A5D3415: shutdown
2019-09-24 22:38:03,780 [main] INFO  impl.RaftServerImpl (RaftServerImpl.java:lambda$shutdown$3(251)) - fe8f780e-0bc6-4afd-b8a0-025a86d6d1c8@group-4C295D2E039F: shutdown
2019-09-24 22:38:03,780 [ForkJoinPool.commonPool-worker-0] INFO  util.JmxRegister (JmxRegister.java:unregister(73)) - Successfully un-registered JMX Bean with object name Ratis:service=RaftServer,group=group-E8FF5A5D3415,id=4ac78631-b199-4be1-a250-fa3c30279e20
2019-09-24 22:38:03,780 [main] INFO  util.JmxRegister (JmxRegister.java:unregister(73)) - Successfully un-registered JMX Bean with object name Ratis:service=RaftServer,group=group-4C295D2E039F,id=fe8f780e-0bc6-4afd-b8a0-025a86d6d1c8
2019-09-24 22:38:03,781 [ForkJoinPool.commonPool-worker-0] INFO  impl.RoleInfo (RoleInfo.java:shutdownLeaderState(104)) - 4ac78631-b199-4be1-a250-fa3c30279e20: shutdown LeaderState
2019-09-24 22:38:03,781 [main] INFO  impl.RoleInfo (RoleInfo.java:shutdownFollowerState(121)) - fe8f780e-0bc6-4afd-b8a0-025a86d6d1c8: shutdown FollowerState
2019-09-24 22:38:03,782 [ForkJoinPool.commonPool-worker-0] INFO  impl.PendingRequests (PendingRequests.java:sendNotLeaderResponses(202)) - 4ac78631-b199-4be1-a250-fa3c30279e20-PendingRequests: sendNotLeaderResponses
2019-09-24 22:38:03,785 [Thread-397] INFO  impl.FollowerState (FollowerState.java:run(115)) - fe8f780e-0bc6-4afd-b8a0-025a86d6d1c8: FollowerState was interrupted: java.lang.InterruptedException: sleep interrupted
2019-09-24 22:38:03,785 [main] INFO  impl.StateMachineUpdater (StateMachineUpdater.java:stopAndJoin(125)) - fe8f780e-0bc6-4afd-b8a0-025a86d6d1c8@group-4C295D2E039F-StateMachineUpdater: set stopIndex = 0
2019-09-24 22:38:03,786 [ForkJoinPool.commonPool-worker-0] INFO  impl.StateMachineUpdater (StateMachineUpdater.java:stopAndJoin(125)) - 4ac78631-b199-4be1-a250-fa3c30279e20@group-E8FF5A5D3415-StateMachineUpdater: set stopIndex = 0
2019-09-24 22:38:03,789 [main] INFO  impl.RaftServerImpl (ServerState.java:close(385)) - fe8f780e-0bc6-4afd-b8a0-025a86d6d1c8@group-4C295D2E039F: closes. applyIndex: 0
2019-09-24 22:38:03,789 [ForkJoinPool.commonPool-worker-0] INFO  impl.RaftServerImpl (ServerState.java:close(385)) - 4ac78631-b199-4be1-a250-fa3c30279e20@group-E8FF5A5D3415: closes. applyIndex: 0
2019-09-24 22:38:03,791 [4ac78631-b199-4be1-a250-fa3c30279e20@group-E8FF5A5D3415-SegmentedRaftLogWorker] INFO  segmented.SegmentedRaftLogWorker (SegmentedRaftLogWorker.java:run(313)) - 4ac78631-b199-4be1-a250-fa3c30279e20@group-E8FF5A5D3415-SegmentedRaftLogWorker was interrupted, exiting. There are 0 tasks remaining in the queue.
2019-09-24 22:38:03,791 [fe8f780e-0bc6-4afd-b8a0-025a86d6d1c8@group-4C295D2E039F-SegmentedRaftLogWorker] INFO  segmented.SegmentedRaftLogWorker (SegmentedRaftLogWorker.java:run(313)) - fe8f780e-0bc6-4afd-b8a0-025a86d6d1c8@group-4C295D2E039F-SegmentedRaftLogWorker was interrupted, exiting. There are 0 tasks remaining in the queue.
2019-09-24 22:38:03,798 [ForkJoinPool.commonPool-worker-0] INFO  segmented.SegmentedRaftLogWorker (SegmentedRaftLogWorker.java:close(228)) - 4ac78631-b199-4be1-a250-fa3c30279e20@group-E8FF5A5D3415-SegmentedRaftLogWorker close()
2019-09-24 22:38:03,798 [main] INFO  segmented.SegmentedRaftLogWorker (SegmentedRaftLogWorker.java:close(228)) - fe8f780e-0bc6-4afd-b8a0-025a86d6d1c8@group-4C295D2E039F-SegmentedRaftLogWorker close()
2019-09-24 22:38:03,803 [ForkJoinPool.commonPool-worker-0] INFO  impl.RaftServerImpl (RaftServerImpl.java:lambda$shutdown$3(251)) - 4ac78631-b199-4be1-a250-fa3c30279e20@group-27691149BEE5: shutdown
2019-09-24 22:38:03,808 [main] INFO  impl.RaftServerImpl (RaftServerImpl.java:lambda$shutdown$3(251)) - fe8f780e-0bc6-4afd-b8a0-025a86d6d1c8@group-F8FCE65BC555: shutdown
2019-09-24 22:38:03,808 [ForkJoinPool.commonPool-worker-0] INFO  util.JmxRegister (JmxRegister.java:unregister(73)) - Successfully un-registered JMX Bean with object name Ratis:service=RaftServer,group=group-27691149BEE5,id=4ac78631-b199-4be1-a250-fa3c30279e20
2019-09-24 22:38:03,809 [main] INFO  util.JmxRegister (JmxRegister.java:unregister(73)) - Successfully un-registered JMX Bean with object name Ratis:service=RaftServer,group=group-F8FCE65BC555,id=fe8f780e-0bc6-4afd-b8a0-025a86d6d1c8
2019-09-24 22:38:03,809 [ForkJoinPool.commonPool-worker-0] INFO  impl.RoleInfo (RoleInfo.java:shutdownLeaderState(104)) - 4ac78631-b199-4be1-a250-fa3c30279e20: shutdown LeaderState
2019-09-24 22:38:03,809 [main] INFO  impl.RoleInfo (RoleInfo.java:shutdownLeaderState(104)) - fe8f780e-0bc6-4afd-b8a0-025a86d6d1c8: shutdown LeaderState
2019-09-24 22:38:03,815 [ForkJoinPool.commonPool-worker-0] INFO  impl.PendingRequests (PendingRequests.java:sendNotLeaderResponses(202)) - 4ac78631-b199-4be1-a250-fa3c30279e20-PendingRequests: sendNotLeaderResponses
2019-09-24 22:38:03,815 [org.apache.ratis.server.impl.LogAppender$AppenderDaemon$$Lambda$406/15867553@1dd3845] WARN  server.GrpcLogAppender (GrpcLogAppender.java:mayWait(143)) - 4ac78631-b199-4be1-a250-fa3c30279e20@group-27691149BEE5->937d00a5-df36-4851-a0be-3aaed9d3a7ec-GrpcLogAppender: Wait interrupted by java.lang.InterruptedException
2019-09-24 22:38:03,815 [ForkJoinPool.commonPool-worker-0] INFO  impl.StateMachineUpdater (StateMachineUpdater.java:stopAndJoin(125)) - 4ac78631-b199-4be1-a250-fa3c30279e20@group-27691149BEE5-StateMachineUpdater: set stopIndex = 0
2019-09-24 22:38:03,815 [org.apache.ratis.server.impl.LogAppender$AppenderDaemon$$Lambda$406/15867553@2a832960] WARN  server.GrpcLogAppender (GrpcLogAppender.java:mayWait(143)) - 4ac78631-b199-4be1-a250-fa3c30279e20@group-27691149BEE5->ba8da8c9-7047-42c0-b6d2-a7916db8a88b-GrpcLogAppender: Wait interrupted by java.lang.InterruptedException
2019-09-24 22:38:03,815 [main] INFO  impl.PendingRequests (PendingRequests.java:sendNotLeaderResponses(202)) - fe8f780e-0bc6-4afd-b8a0-025a86d6d1c8-PendingRequests: sendNotLeaderResponses
2019-09-24 22:38:03,818 [ForkJoinPool.commonPool-worker-0] INFO  impl.RaftServerImpl (ServerState.java:close(385)) - 4ac78631-b199-4be1-a250-fa3c30279e20@group-27691149BEE5: closes. applyIndex: 0
2019-09-24 22:38:03,821 [grpc-default-executor-2] INFO  server.GrpcServerProtocolService (GrpcServerProtocolService.java:onCompleted(113)) - 937d00a5-df36-4851-a0be-3aaed9d3a7ec: Completed APPEND_ENTRIES, lastRequest: 4ac78631-b199-4be1-a250-fa3c30279e20->937d00a5-df36-4851-a0be-3aaed9d3a7ec#40-t4, previous=(t:4, i:0), leaderCommit=0, initializing? false, entries: <empty>
2019-09-24 22:38:03,821 [grpc-default-executor-4] INFO  server.GrpcServerProtocolService (GrpcServerProtocolService.java:onCompleted(113)) - ba8da8c9-7047-42c0-b6d2-a7916db8a88b: Completed APPEND_ENTRIES, lastRequest: 4ac78631-b199-4be1-a250-fa3c30279e20->ba8da8c9-7047-42c0-b6d2-a7916db8a88b#40-t4, previous=(t:4, i:0), leaderCommit=0, initializing? false, entries: <empty>
2019-09-24 22:38:03,821 [main] INFO  impl.StateMachineUpdater (StateMachineUpdater.java:stopAndJoin(125)) - fe8f780e-0bc6-4afd-b8a0-025a86d6d1c8@group-F8FCE65BC555-StateMachineUpdater: set stopIndex = 0
2019-09-24 22:38:03,822 [main] INFO  impl.RaftServerImpl (ServerState.java:close(385)) - fe8f780e-0bc6-4afd-b8a0-025a86d6d1c8@group-F8FCE65BC555: closes. applyIndex: 0
2019-09-24 22:38:03,821 [4ac78631-b199-4be1-a250-fa3c30279e20@group-27691149BEE5-SegmentedRaftLogWorker] INFO  segmented.SegmentedRaftLogWorker (SegmentedRaftLogWorker.java:run(313)) - 4ac78631-b199-4be1-a250-fa3c30279e20@group-27691149BEE5-SegmentedRaftLogWorker was interrupted, exiting. There are 0 tasks remaining in the queue.
2019-09-24 22:38:03,822 [fe8f780e-0bc6-4afd-b8a0-025a86d6d1c8@group-F8FCE65BC555-SegmentedRaftLogWorker] INFO  segmented.SegmentedRaftLogWorker (SegmentedRaftLogWorker.java:run(313)) - fe8f780e-0bc6-4afd-b8a0-025a86d6d1c8@group-F8FCE65BC555-SegmentedRaftLogWorker was interrupted, exiting. There are 0 tasks remaining in the queue.
2019-09-24 22:38:03,822 [grpc-default-executor-2] INFO  server.GrpcLogAppender (GrpcLogAppender.java:onCompleted(293)) - 4ac78631-b199-4be1-a250-fa3c30279e20@group-27691149BEE5->ba8da8c9-7047-42c0-b6d2-a7916db8a88b-AppendLogResponseHandler: follower responses appendEntries COMPLETED
2019-09-24 22:38:03,828 [main] INFO  segmented.SegmentedRaftLogWorker (SegmentedRaftLogWorker.java:close(228)) - fe8f780e-0bc6-4afd-b8a0-025a86d6d1c8@group-F8FCE65BC555-SegmentedRaftLogWorker close()
2019-09-24 22:38:03,828 [grpc-default-executor-4] INFO  server.GrpcLogAppender (GrpcLogAppender.java:onCompleted(293)) - 4ac78631-b199-4be1-a250-fa3c30279e20@group-27691149BEE5->937d00a5-df36-4851-a0be-3aaed9d3a7ec-AppendLogResponseHandler: follower responses appendEntries COMPLETED
2019-09-24 22:38:03,835 [grpc-default-executor-2] INFO  impl.FollowerInfo (FollowerInfo.java:lambda$new$0(51)) - 4ac78631-b199-4be1-a250-fa3c30279e20@group-27691149BEE5->ba8da8c9-7047-42c0-b6d2-a7916db8a88b: nextIndex: updateUnconditionally 1 -> 0
2019-09-24 22:38:03,825 [ForkJoinPool.commonPool-worker-0] INFO  segmented.SegmentedRaftLogWorker (SegmentedRaftLogWorker.java:close(228)) - 4ac78631-b199-4be1-a250-fa3c30279e20@group-27691149BEE5-SegmentedRaftLogWorker close()
2019-09-24 22:38:03,838 [grpc-default-executor-4] INFO  impl.FollowerInfo (FollowerInfo.java:lambda$new$0(51)) - 4ac78631-b199-4be1-a250-fa3c30279e20@group-27691149BEE5->937d00a5-df36-4851-a0be-3aaed9d3a7ec: nextIndex: updateUnconditionally 1 -> 0
2019-09-24 22:38:03,841 [main] INFO  server.GrpcService (GrpcService.java:closeImpl(164)) - fe8f780e-0bc6-4afd-b8a0-025a86d6d1c8: shutdown server with port 39079 now
2019-09-24 22:38:03,841 [ForkJoinPool.commonPool-worker-0] INFO  server.GrpcService (GrpcService.java:closeImpl(164)) - 4ac78631-b199-4be1-a250-fa3c30279e20: shutdown server with port 46649 now
2019-09-24 22:38:03,848 [ForkJoinPool.commonPool-worker-0] INFO  server.GrpcService (GrpcService.java:closeImpl(172)) - 4ac78631-b199-4be1-a250-fa3c30279e20: shutdown server with port 46649 successfully
2019-09-24 22:38:03,853 [refreshUsed-/workdir/hadoop-ozone/integration-test/target/test-dir/MiniOzoneClusterImpl-95732fd8-3d66-4978-936c-af465de6078a/datanode-2/data/containers] WARN  fs.CachingGetSpaceUsed (CachingGetSpaceUsed.java:run(183)) - Thread Interrupted waiting to refresh disk information: sleep interrupted
2019-09-24 22:38:03,853 [grpc-default-executor-1] WARN  server.GrpcServerProtocolService (LogUtils.java:warn(134)) - fe8f780e-0bc6-4afd-b8a0-025a86d6d1c8: installSnapshot onError, lastRequest: e600257f-a92d-418f-8862-d602fe0582b6->fe8f780e-0bc6-4afd-b8a0-025a86d6d1c8#44-t1, previous=(t:1, i:0), leaderCommit=0, initializing? false, entries: <empty>: org.apache.ratis.thirdparty.io.grpc.StatusRuntimeException: CANCELLED: cancelled before receiving half close
2019-09-24 22:38:03,853 [main] INFO  server.GrpcService (GrpcService.java:closeImpl(172)) - fe8f780e-0bc6-4afd-b8a0-025a86d6d1c8: shutdown server with port 39079 successfully
2019-09-24 22:38:03,859 [grpc-default-executor-2] WARN  server.GrpcLogAppender (LogUtils.java:warn(134)) - e600257f-a92d-418f-8862-d602fe0582b6@group-4C295D2E039F->fe8f780e-0bc6-4afd-b8a0-025a86d6d1c8-AppendLogResponseHandler: Failed appendEntries: org.apache.ratis.thirdparty.io.grpc.StatusRuntimeException: CANCELLED: HTTP/2 error code: CANCEL
Received Rst Stream
2019-09-24 22:38:03,859 [refreshUsed-/workdir/hadoop-ozone/integration-test/target/test-dir/MiniOzoneClusterImpl-95732fd8-3d66-4978-936c-af465de6078a/datanode-5/data/containers] WARN  fs.CachingGetSpaceUsed (CachingGetSpaceUsed.java:run(183)) - Thread Interrupted waiting to refresh disk information: sleep interrupted
2019-09-24 22:38:03,865 [grpc-default-executor-2] INFO  impl.FollowerInfo (FollowerInfo.java:lambda$new$0(51)) - e600257f-a92d-418f-8862-d602fe0582b6@group-4C295D2E039F->fe8f780e-0bc6-4afd-b8a0-025a86d6d1c8: nextIndex: updateUnconditionally 1 -> 0
2019-09-24 22:38:03,881 [ForkJoinPool.commonPool-worker-0] INFO  utils.BackgroundService (BackgroundService.java:shutdown(148)) - Shutting down service BlockDeletingService
2019-09-24 22:38:03,889 [ForkJoinPool.commonPool-worker-0] INFO  statemachine.DatanodeStateMachine (DatanodeStateMachine.java:stopDaemon(395)) - Ozone container server stopped.
2019-09-24 22:38:03,895 [main] INFO  utils.BackgroundService (BackgroundService.java:shutdown(148)) - Shutting down service BlockDeletingService
2019-09-24 22:38:03,899 [main] INFO  statemachine.DatanodeStateMachine (DatanodeStateMachine.java:stopDaemon(395)) - Ozone container server stopped.
2019-09-24 22:38:03,905 [ForkJoinPool.commonPool-worker-0] INFO  handler.ContextHandler (ContextHandler.java:doStop(910)) - Stopped o.e.j.w.WebAppContext@6342d610{/,null,UNAVAILABLE}{/hddsDatanode}
2019-09-24 22:38:03,905 [main] INFO  handler.ContextHandler (ContextHandler.java:doStop(910)) - Stopped o.e.j.w.WebAppContext@3d0035d2{/,null,UNAVAILABLE}{/hddsDatanode}
2019-09-24 22:38:03,906 [ForkJoinPool.commonPool-worker-0] INFO  server.AbstractConnector (AbstractConnector.java:doStop(318)) - Stopped ServerConnector@dc4a691{HTTP/1.1,[http/1.1]}{0.0.0.0:0}
2019-09-24 22:38:03,906 [main] INFO  server.AbstractConnector (AbstractConnector.java:doStop(318)) - Stopped ServerConnector@2bfb6b49{HTTP/1.1,[http/1.1]}{0.0.0.0:0}
2019-09-24 22:38:03,908 [ForkJoinPool.commonPool-worker-0] INFO  handler.ContextHandler (ContextHandler.java:doStop(910)) - Stopped o.e.j.s.ServletContextHandler@5a6d30e2{/static,jar:file:/home/user/.m2/repository/org/apache/hadoop/hadoop-hdds-container-service/0.5.0-SNAPSHOT/hadoop-hdds-container-service-0.5.0-SNAPSHOT.jar!/webapps/static,UNAVAILABLE}
2019-09-24 22:38:03,908 [main] INFO  handler.ContextHandler (ContextHandler.java:doStop(910)) - Stopped o.e.j.s.ServletContextHandler@3b545206{/static,jar:file:/home/user/.m2/repository/org/apache/hadoop/hadoop-hdds-container-service/0.5.0-SNAPSHOT/hadoop-hdds-container-service-0.5.0-SNAPSHOT.jar!/webapps/static,UNAVAILABLE}
2019-09-24 22:38:03,910 [ForkJoinPool.commonPool-worker-0] INFO  handler.ContextHandler (ContextHandler.java:doStop(910)) - Stopped o.e.j.s.ServletContextHandler@1cd3b138{/logs,file:///workdir/hadoop-ozone/integration-test/target/log,UNAVAILABLE}
2019-09-24 22:38:03,910 [main] INFO  handler.ContextHandler (ContextHandler.java:doStop(910)) - Stopped o.e.j.s.ServletContextHandler@68f0f72c{/logs,file:///workdir/hadoop-ozone/integration-test/target/log,UNAVAILABLE}
2019-09-24 22:38:04,218 [Datanode State Machine Thread - 0] INFO  statemachine.DatanodeStateMachine (DatanodeStateMachine.java:lambda$startDaemon$0(350)) - Ozone container server started.
2019-09-24 22:38:04,397 [grpc-default-executor-2] WARN  server.GrpcLogAppender (LogUtils.java:warn(134)) - e600257f-a92d-418f-8862-d602fe0582b6@group-4C295D2E039F->fe8f780e-0bc6-4afd-b8a0-025a86d6d1c8-AppendLogResponseHandler: Failed appendEntries: org.apache.ratis.thirdparty.io.grpc.StatusRuntimeException: UNAVAILABLE: io exception
2019-09-24 22:38:04,399 [grpc-default-executor-2] INFO  impl.FollowerInfo (FollowerInfo.java:lambda$new$0(51)) - e600257f-a92d-418f-8862-d602fe0582b6@group-4C295D2E039F->fe8f780e-0bc6-4afd-b8a0-025a86d6d1c8: nextIndex: updateUnconditionally 0 -> 0
2019-09-24 22:38:04,684 [Datanode State Machine Thread - 0] INFO  statemachine.DatanodeStateMachine (DatanodeStateMachine.java:lambda$startDaemon$0(350)) - Ozone container server started.
2019-09-24 22:38:06,892 [grpc-default-executor-1] WARN  server.GrpcLogAppender (LogUtils.java:warn(134)) - e600257f-a92d-418f-8862-d602fe0582b6@group-4C295D2E039F->fe8f780e-0bc6-4afd-b8a0-025a86d6d1c8-AppendLogResponseHandler: Failed appendEntries: org.apache.ratis.thirdparty.io.grpc.StatusRuntimeException: UNAVAILABLE: io exception
2019-09-24 22:38:06,895 [grpc-default-executor-1] INFO  impl.FollowerInfo (FollowerInfo.java:lambda$new$0(51)) - e600257f-a92d-418f-8862-d602fe0582b6@group-4C295D2E039F->fe8f780e-0bc6-4afd-b8a0-025a86d6d1c8: nextIndex: updateUnconditionally 0 -> 0
2019-09-24 22:38:08,912 [main] INFO  ozoneimpl.OzoneContainer (OzoneContainer.java:stop(231)) - Attempting to stop container services.
2019-09-24 22:38:08,912 [ForkJoinPool.commonPool-worker-0] INFO  ozoneimpl.OzoneContainer (OzoneContainer.java:stop(231)) - Attempting to stop container services.
2019-09-24 22:38:08,913 [main] INFO  impl.RaftServerProxy (RaftServerProxy.java:lambda$close$4(314)) - 937d00a5-df36-4851-a0be-3aaed9d3a7ec: close
2019-09-24 22:38:08,914 [ForkJoinPool.commonPool-worker-0] INFO  impl.RaftServerProxy (RaftServerProxy.java:lambda$close$4(314)) - 5bc73eaa-12d0-4a96-a0e8-4b461f9d9ac4: close
2019-09-24 22:38:08,914 [main] INFO  impl.RaftServerImpl (RaftServerImpl.java:lambda$shutdown$3(251)) - 937d00a5-df36-4851-a0be-3aaed9d3a7ec@group-282121328516: shutdown
2019-09-24 22:38:08,914 [ForkJoinPool.commonPool-worker-0] INFO  impl.RaftServerImpl (RaftServerImpl.java:lambda$shutdown$3(251)) - 5bc73eaa-12d0-4a96-a0e8-4b461f9d9ac4@group-4C295D2E039F: shutdown
2019-09-24 22:38:08,915 [main] INFO  util.JmxRegister (JmxRegister.java:unregister(73)) - Successfully un-registered JMX Bean with object name Ratis:service=RaftServer,group=group-282121328516,id=937d00a5-df36-4851-a0be-3aaed9d3a7ec
2019-09-24 22:38:08,915 [ForkJoinPool.commonPool-worker-0] INFO  util.JmxRegister (JmxRegister.java:unregister(73)) - Successfully un-registered JMX Bean with object name Ratis:service=RaftServer,group=group-4C295D2E039F,id=5bc73eaa-12d0-4a96-a0e8-4b461f9d9ac4
2019-09-24 22:38:08,915 [main] INFO  impl.RoleInfo (RoleInfo.java:shutdownLeaderState(104)) - 937d00a5-df36-4851-a0be-3aaed9d3a7ec: shutdown LeaderState
2019-09-24 22:38:08,916 [ForkJoinPool.commonPool-worker-0] INFO  impl.RoleInfo (RoleInfo.java:shutdownFollowerState(121)) - 5bc73eaa-12d0-4a96-a0e8-4b461f9d9ac4: shutdown FollowerState
2019-09-24 22:38:08,916 [main] INFO  impl.PendingRequests (PendingRequests.java:sendNotLeaderResponses(202)) - 937d00a5-df36-4851-a0be-3aaed9d3a7ec-PendingRequests: sendNotLeaderResponses
2019-09-24 22:38:08,917 [Thread-389] INFO  impl.FollowerState (FollowerState.java:run(115)) - 5bc73eaa-12d0-4a96-a0e8-4b461f9d9ac4: FollowerState was interrupted: java.lang.InterruptedException: sleep interrupted
2019-09-24 22:38:08,917 [ForkJoinPool.commonPool-worker-0] INFO  impl.StateMachineUpdater (StateMachineUpdater.java:stopAndJoin(125)) - 5bc73eaa-12d0-4a96-a0e8-4b461f9d9ac4@group-4C295D2E039F-StateMachineUpdater: set stopIndex = 0
2019-09-24 22:38:08,917 [main] INFO  impl.StateMachineUpdater (StateMachineUpdater.java:stopAndJoin(125)) - 937d00a5-df36-4851-a0be-3aaed9d3a7ec@group-282121328516-StateMachineUpdater: set stopIndex = 0
2019-09-24 22:38:08,918 [main] INFO  impl.RaftServerImpl (ServerState.java:close(385)) - 937d00a5-df36-4851-a0be-3aaed9d3a7ec@group-282121328516: closes. applyIndex: 0
2019-09-24 22:38:08,918 [ForkJoinPool.commonPool-worker-0] INFO  impl.RaftServerImpl (ServerState.java:close(385)) - 5bc73eaa-12d0-4a96-a0e8-4b461f9d9ac4@group-4C295D2E039F: closes. applyIndex: 0
2019-09-24 22:38:08,919 [937d00a5-df36-4851-a0be-3aaed9d3a7ec@group-282121328516-SegmentedRaftLogWorker] INFO  segmented.SegmentedRaftLogWorker (SegmentedRaftLogWorker.java:run(313)) - 937d00a5-df36-4851-a0be-3aaed9d3a7ec@group-282121328516-SegmentedRaftLogWorker was interrupted, exiting. There are 0 tasks remaining in the queue.
2019-09-24 22:38:08,919 [5bc73eaa-12d0-4a96-a0e8-4b461f9d9ac4@group-4C295D2E039F-SegmentedRaftLogWorker] INFO  segmented.SegmentedRaftLogWorker (SegmentedRaftLogWorker.java:run(313)) - 5bc73eaa-12d0-4a96-a0e8-4b461f9d9ac4@group-4C295D2E039F-SegmentedRaftLogWorker was interrupted, exiting. There are 0 tasks remaining in the queue.
2019-09-24 22:38:08,926 [main] INFO  segmented.SegmentedRaftLogWorker (SegmentedRaftLogWorker.java:close(228)) - 937d00a5-df36-4851-a0be-3aaed9d3a7ec@group-282121328516-SegmentedRaftLogWorker close()
2019-09-24 22:38:08,926 [ForkJoinPool.commonPool-worker-0] INFO  segmented.SegmentedRaftLogWorker (SegmentedRaftLogWorker.java:close(228)) - 5bc73eaa-12d0-4a96-a0e8-4b461f9d9ac4@group-4C295D2E039F-SegmentedRaftLogWorker close()
2019-09-24 22:38:08,931 [main] INFO  impl.RaftServerImpl (RaftServerImpl.java:lambda$shutdown$3(251)) - 937d00a5-df36-4851-a0be-3aaed9d3a7ec@group-27691149BEE5: shutdown
2019-09-24 22:38:08,936 [ForkJoinPool.commonPool-worker-0] INFO  impl.RaftServerImpl (RaftServerImpl.java:lambda$shutdown$3(251)) - 5bc73eaa-12d0-4a96-a0e8-4b461f9d9ac4@group-6D05416DD689: shutdown
2019-09-24 22:38:08,936 [main] INFO  util.JmxRegister (JmxRegister.java:unregister(73)) - Successfully un-registered JMX Bean with object name Ratis:service=RaftServer,group=group-27691149BEE5,id=937d00a5-df36-4851-a0be-3aaed9d3a7ec
2019-09-24 22:38:08,937 [ForkJoinPool.commonPool-worker-0] INFO  util.JmxRegister (JmxRegister.java:unregister(73)) - Successfully un-registered JMX Bean with object name Ratis:service=RaftServer,group=group-6D05416DD689,id=5bc73eaa-12d0-4a96-a0e8-4b461f9d9ac4
2019-09-24 22:38:08,937 [main] INFO  impl.RoleInfo (RoleInfo.java:shutdownFollowerState(121)) - 937d00a5-df36-4851-a0be-3aaed9d3a7ec: shutdown FollowerState
2019-09-24 22:38:08,938 [ForkJoinPool.commonPool-worker-0] INFO  impl.RoleInfo (RoleInfo.java:shutdownLeaderState(104)) - 5bc73eaa-12d0-4a96-a0e8-4b461f9d9ac4: shutdown LeaderState
2019-09-24 22:38:08,938 [Thread-453] INFO  impl.FollowerState (FollowerState.java:run(115)) - 937d00a5-df36-4851-a0be-3aaed9d3a7ec: FollowerState was interrupted: java.lang.InterruptedException: sleep interrupted
2019-09-24 22:38:08,938 [main] INFO  impl.StateMachineUpdater (StateMachineUpdater.java:stopAndJoin(125)) - 937d00a5-df36-4851-a0be-3aaed9d3a7ec@group-27691149BEE5-StateMachineUpdater: set stopIndex = 0
2019-09-24 22:38:08,941 [main] INFO  impl.RaftServerImpl (ServerState.java:close(385)) - 937d00a5-df36-4851-a0be-3aaed9d3a7ec@group-27691149BEE5: closes. applyIndex: 0
2019-09-24 22:38:08,938 [ForkJoinPool.commonPool-worker-0] INFO  impl.PendingRequests (PendingRequests.java:sendNotLeaderResponses(202)) - 5bc73eaa-12d0-4a96-a0e8-4b461f9d9ac4-PendingRequests: sendNotLeaderResponses
2019-09-24 22:38:08,942 [937d00a5-df36-4851-a0be-3aaed9d3a7ec@group-27691149BEE5-SegmentedRaftLogWorker] INFO  segmented.SegmentedRaftLogWorker (SegmentedRaftLogWorker.java:run(313)) - 937d00a5-df36-4851-a0be-3aaed9d3a7ec@group-27691149BEE5-SegmentedRaftLogWorker was interrupted, exiting. There are 0 tasks remaining in the queue.
2019-09-24 22:38:08,942 [ForkJoinPool.commonPool-worker-0] INFO  impl.StateMachineUpdater (StateMachineUpdater.java:stopAndJoin(125)) - 5bc73eaa-12d0-4a96-a0e8-4b461f9d9ac4@group-6D05416DD689-StateMachineUpdater: set stopIndex = 0
2019-09-24 22:38:08,944 [main] INFO  segmented.SegmentedRaftLogWorker (SegmentedRaftLogWorker.java:close(228)) - 937d00a5-df36-4851-a0be-3aaed9d3a7ec@group-27691149BEE5-SegmentedRaftLogWorker close()
2019-09-24 22:38:08,945 [ForkJoinPool.commonPool-worker-0] INFO  impl.RaftServerImpl (ServerState.java:close(385)) - 5bc73eaa-12d0-4a96-a0e8-4b461f9d9ac4@group-6D05416DD689: closes. applyIndex: 0
2019-09-24 22:38:08,950 [main] INFO  server.GrpcService (GrpcService.java:closeImpl(164)) - 937d00a5-df36-4851-a0be-3aaed9d3a7ec: shutdown server with port 33150 now
2019-09-24 22:38:08,950 [5bc73eaa-12d0-4a96-a0e8-4b461f9d9ac4@group-6D05416DD689-SegmentedRaftLogWorker] INFO  segmented.SegmentedRaftLogWorker (SegmentedRaftLogWorker.java:run(313)) - 5bc73eaa-12d0-4a96-a0e8-4b461f9d9ac4@group-6D05416DD689-SegmentedRaftLogWorker was interrupted, exiting. There are 0 tasks remaining in the queue.
2019-09-24 22:38:08,956 [ForkJoinPool.commonPool-worker-0] INFO  segmented.SegmentedRaftLogWorker (SegmentedRaftLogWorker.java:close(228)) - 5bc73eaa-12d0-4a96-a0e8-4b461f9d9ac4@group-6D05416DD689-SegmentedRaftLogWorker close()
2019-09-24 22:38:08,963 [ForkJoinPool.commonPool-worker-0] INFO  server.GrpcService (GrpcService.java:closeImpl(164)) - 5bc73eaa-12d0-4a96-a0e8-4b461f9d9ac4: shutdown server with port 33216 now
2019-09-24 22:38:08,964 [main] INFO  server.GrpcService (GrpcService.java:closeImpl(172)) - 937d00a5-df36-4851-a0be-3aaed9d3a7ec: shutdown server with port 33150 successfully
2019-09-24 22:38:08,967 [grpc-default-executor-2] WARN  server.GrpcServerProtocolService (LogUtils.java:warn(134)) - 5bc73eaa-12d0-4a96-a0e8-4b461f9d9ac4: installSnapshot onError, lastRequest: e600257f-a92d-418f-8862-d602fe0582b6->5bc73eaa-12d0-4a96-a0e8-4b461f9d9ac4#46-t1, previous=(t:1, i:0), leaderCommit=0, initializing? false, entries: <empty>: org.apache.ratis.thirdparty.io.grpc.StatusRuntimeException: CANCELLED: cancelled before receiving half close
2019-09-24 22:38:08,968 [ForkJoinPool.commonPool-worker-0] INFO  server.GrpcService (GrpcService.java:closeImpl(172)) - 5bc73eaa-12d0-4a96-a0e8-4b461f9d9ac4: shutdown server with port 33216 successfully
2019-09-24 22:38:08,968 [grpc-default-executor-5] WARN  server.GrpcLogAppender (LogUtils.java:warn(134)) - e600257f-a92d-418f-8862-d602fe0582b6@group-4C295D2E039F->5bc73eaa-12d0-4a96-a0e8-4b461f9d9ac4-AppendLogResponseHandler: Failed appendEntries: org.apache.ratis.thirdparty.io.grpc.StatusRuntimeException: CANCELLED: HTTP/2 error code: CANCEL
Received Rst Stream
2019-09-24 22:38:08,977 [grpc-default-executor-5] INFO  impl.FollowerInfo (FollowerInfo.java:lambda$new$0(51)) - e600257f-a92d-418f-8862-d602fe0582b6@group-4C295D2E039F->5bc73eaa-12d0-4a96-a0e8-4b461f9d9ac4: nextIndex: updateUnconditionally 1 -> 0
2019-09-24 22:38:08,989 [refreshUsed-/workdir/hadoop-ozone/integration-test/target/test-dir/MiniOzoneClusterImpl-95732fd8-3d66-4978-936c-af465de6078a/datanode-6/data/containers] WARN  fs.CachingGetSpaceUsed (CachingGetSpaceUsed.java:run(183)) - Thread Interrupted waiting to refresh disk information: sleep interrupted
2019-09-24 22:38:09,001 [refreshUsed-/workdir/hadoop-ozone/integration-test/target/test-dir/MiniOzoneClusterImpl-95732fd8-3d66-4978-936c-af465de6078a/datanode-3/data/containers] WARN  fs.CachingGetSpaceUsed (CachingGetSpaceUsed.java:run(183)) - Thread Interrupted waiting to refresh disk information: sleep interrupted
2019-09-24 22:38:09,014 [main] INFO  utils.BackgroundService (BackgroundService.java:shutdown(148)) - Shutting down service BlockDeletingService
2019-09-24 22:38:09,014 [ForkJoinPool.commonPool-worker-0] INFO  utils.BackgroundService (BackgroundService.java:shutdown(148)) - Shutting down service BlockDeletingService
2019-09-24 22:38:09,026 [main] INFO  statemachine.DatanodeStateMachine (DatanodeStateMachine.java:stopDaemon(395)) - Ozone container server stopped.
2019-09-24 22:38:09,028 [ForkJoinPool.commonPool-worker-0] INFO  statemachine.DatanodeStateMachine (DatanodeStateMachine.java:stopDaemon(395)) - Ozone container server stopped.
2019-09-24 22:38:09,054 [main] INFO  handler.ContextHandler (ContextHandler.java:doStop(910)) - Stopped o.e.j.w.WebAppContext@5c5d6175{/,null,UNAVAILABLE}{/hddsDatanode}
2019-09-24 22:38:09,056 [ForkJoinPool.commonPool-worker-0] INFO  handler.ContextHandler (ContextHandler.java:doStop(910)) - Stopped o.e.j.w.WebAppContext@44f24a20{/,null,UNAVAILABLE}{/hddsDatanode}
2019-09-24 22:38:09,057 [main] INFO  server.AbstractConnector (AbstractConnector.java:doStop(318)) - Stopped ServerConnector@7544ac86{HTTP/1.1,[http/1.1]}{0.0.0.0:0}
2019-09-24 22:38:09,057 [ForkJoinPool.commonPool-worker-0] INFO  server.AbstractConnector (AbstractConnector.java:doStop(318)) - Stopped ServerConnector@1859e2a4{HTTP/1.1,[http/1.1]}{0.0.0.0:0}
2019-09-24 22:38:09,057 [main] INFO  handler.ContextHandler (ContextHandler.java:doStop(910)) - Stopped o.e.j.s.ServletContextHandler@31c628e7{/static,jar:file:/home/user/.m2/repository/org/apache/hadoop/hadoop-hdds-container-service/0.5.0-SNAPSHOT/hadoop-hdds-container-service-0.5.0-SNAPSHOT.jar!/webapps/static,UNAVAILABLE}
2019-09-24 22:38:09,060 [ForkJoinPool.commonPool-worker-0] INFO  handler.ContextHandler (ContextHandler.java:doStop(910)) - Stopped o.e.j.s.ServletContextHandler@252a8aae{/static,jar:file:/home/user/.m2/repository/org/apache/hadoop/hadoop-hdds-container-service/0.5.0-SNAPSHOT/hadoop-hdds-container-service-0.5.0-SNAPSHOT.jar!/webapps/static,UNAVAILABLE}
2019-09-24 22:38:09,060 [main] INFO  handler.ContextHandler (ContextHandler.java:doStop(910)) - Stopped o.e.j.s.ServletContextHandler@1e1e9ef3{/logs,file:///workdir/hadoop-ozone/integration-test/target/log,UNAVAILABLE}
2019-09-24 22:38:09,062 [ForkJoinPool.commonPool-worker-0] INFO  handler.ContextHandler (ContextHandler.java:doStop(910)) - Stopped o.e.j.s.ServletContextHandler@23f3da8b{/logs,file:///workdir/hadoop-ozone/integration-test/target/log,UNAVAILABLE}
2019-09-24 22:38:09,225 [Datanode State Machine Thread - 0] INFO  statemachine.DatanodeStateMachine (DatanodeStateMachine.java:lambda$startDaemon$0(350)) - Ozone container server started.
2019-09-24 22:38:09,400 [grpc-default-executor-5] WARN  server.GrpcLogAppender (LogUtils.java:warn(134)) - e600257f-a92d-418f-8862-d602fe0582b6@group-4C295D2E039F->fe8f780e-0bc6-4afd-b8a0-025a86d6d1c8-AppendLogResponseHandler: Failed appendEntries: org.apache.ratis.thirdparty.io.grpc.StatusRuntimeException: UNAVAILABLE: io exception
2019-09-24 22:38:09,403 [grpc-default-executor-1] WARN  server.GrpcLogAppender (LogUtils.java:warn(134)) - e600257f-a92d-418f-8862-d602fe0582b6@group-4C295D2E039F->5bc73eaa-12d0-4a96-a0e8-4b461f9d9ac4-AppendLogResponseHandler: Failed appendEntries: org.apache.ratis.thirdparty.io.grpc.StatusRuntimeException: UNAVAILABLE: io exception
2019-09-24 22:38:09,403 [grpc-default-executor-5] INFO  impl.FollowerInfo (FollowerInfo.java:lambda$new$0(51)) - e600257f-a92d-418f-8862-d602fe0582b6@group-4C295D2E039F->fe8f780e-0bc6-4afd-b8a0-025a86d6d1c8: nextIndex: updateUnconditionally 0 -> 0
2019-09-24 22:38:09,405 [grpc-default-executor-1] INFO  impl.FollowerInfo (FollowerInfo.java:lambda$new$0(51)) - e600257f-a92d-418f-8862-d602fe0582b6@group-4C295D2E039F->5bc73eaa-12d0-4a96-a0e8-4b461f9d9ac4: nextIndex: updateUnconditionally 0 -> 0
2019-09-24 22:38:09,757 [Datanode State Machine Thread - 0] INFO  statemachine.DatanodeStateMachine (DatanodeStateMachine.java:lambda$startDaemon$0(350)) - Ozone container server started.
2019-09-24 22:38:11,185 [Thread-452] INFO  impl.FollowerState (FollowerState.java:run(106)) - ba8da8c9-7047-42c0-b6d2-a7916db8a88b:group-27691149BEE5 changes to CANDIDATE, lastRpcTime:8911, electionTimeout:5049ms
2019-09-24 22:38:11,185 [Thread-452] INFO  impl.RoleInfo (RoleInfo.java:shutdownFollowerState(121)) - ba8da8c9-7047-42c0-b6d2-a7916db8a88b: shutdown FollowerState
2019-09-24 22:38:11,186 [Thread-452] INFO  impl.RaftServerImpl (RaftServerImpl.java:setRole(174)) - ba8da8c9-7047-42c0-b6d2-a7916db8a88b@group-27691149BEE5: changes role from  FOLLOWER to CANDIDATE at term 4 for changeToCandidate
2019-09-24 22:38:11,186 [Thread-452] INFO  impl.RoleInfo (RoleInfo.java:updateAndGet(143)) - ba8da8c9-7047-42c0-b6d2-a7916db8a88b: start LeaderElection
2019-09-24 22:38:11,189 [ba8da8c9-7047-42c0-b6d2-a7916db8a88b@group-27691149BEE5:LeaderElection24] INFO  impl.RaftServerImpl (ServerState.java:setLeader(253)) - ba8da8c9-7047-42c0-b6d2-a7916db8a88b@group-27691149BEE5: change Leader from 4ac78631-b199-4be1-a250-fa3c30279e20 to null at term 4 for initElection
2019-09-24 22:38:11,214 [ba8da8c9-7047-42c0-b6d2-a7916db8a88b@group-27691149BEE5:LeaderElection24] INFO  impl.LeaderElection (LeaderElection.java:askForVotes(182)) - ba8da8c9-7047-42c0-b6d2-a7916db8a88b@group-27691149BEE5:LeaderElection24: begin an election at term 5 for 0: [ba8da8c9-7047-42c0-b6d2-a7916db8a88b:192.168.151.66:33065, 4ac78631-b199-4be1-a250-fa3c30279e20:192.168.151.66:46649, 937d00a5-df36-4851-a0be-3aaed9d3a7ec:192.168.151.66:33150], old=null
2019-09-24 22:38:11,221 [ba8da8c9-7047-42c0-b6d2-a7916db8a88b@group-27691149BEE5:LeaderElection24] INFO  impl.LeaderElection (LogUtils.java:infoOrTrace(149)) - ba8da8c9-7047-42c0-b6d2-a7916db8a88b@group-27691149BEE5:LeaderElection24 got exception when requesting votes: {}
java.util.concurrent.ExecutionException: org.apache.ratis.thirdparty.io.grpc.StatusRuntimeException: UNAVAILABLE: io exception
	at java.util.concurrent.FutureTask.report(FutureTask.java:122)
	at java.util.concurrent.FutureTask.get(FutureTask.java:192)
	at org.apache.ratis.server.impl.LeaderElection.waitForResults(LeaderElection.java:263)
	at org.apache.ratis.server.impl.LeaderElection.askForVotes(LeaderElection.java:201)
	at org.apache.ratis.server.impl.LeaderElection.run(LeaderElection.java:133)
	at java.lang.Thread.run(Thread.java:748)
Caused by: org.apache.ratis.thirdparty.io.grpc.StatusRuntimeException: UNAVAILABLE: io exception
	at org.apache.ratis.thirdparty.io.grpc.stub.ClientCalls.toStatusRuntimeException(ClientCalls.java:233)
	at org.apache.ratis.thirdparty.io.grpc.stub.ClientCalls.getUnchecked(ClientCalls.java:214)
	at org.apache.ratis.thirdparty.io.grpc.stub.ClientCalls.blockingUnaryCall(ClientCalls.java:139)
	at org.apache.ratis.proto.grpc.RaftServerProtocolServiceGrpc$RaftServerProtocolServiceBlockingStub.requestVote(RaftServerProtocolServiceGrpc.java:265)
	at org.apache.ratis.grpc.server.GrpcServerProtocolClient.requestVote(GrpcServerProtocolClient.java:90)
	at org.apache.ratis.grpc.server.GrpcService.requestVote(GrpcService.java:204)
	at org.apache.ratis.server.impl.LeaderElection.lambda$submitRequests$1(LeaderElection.java:238)
	at java.util.concurrent.FutureTask.run(FutureTask.java:266)
	at java.util.concurrent.Executors$RunnableAdapter.call(Executors.java:511)
	at java.util.concurrent.FutureTask.run(FutureTask.java:266)
	at java.util.concurrent.ThreadPoolExecutor.runWorker(ThreadPoolExecutor.java:1149)
	at java.util.concurrent.ThreadPoolExecutor$Worker.run(ThreadPoolExecutor.java:624)
	... 1 more
Caused by: org.apache.ratis.thirdparty.io.netty.channel.AbstractChannel$AnnotatedConnectException: Connection refused: /192.168.151.66:46649
	at sun.nio.ch.SocketChannelImpl.checkConnect(Native Method)
	at sun.nio.ch.SocketChannelImpl.finishConnect(SocketChannelImpl.java:717)
	at org.apache.ratis.thirdparty.io.netty.channel.socket.nio.NioSocketChannel.doFinishConnect(NioSocketChannel.java:327)
	at org.apache.ratis.thirdparty.io.netty.channel.nio.AbstractNioChannel$AbstractNioUnsafe.finishConnect(AbstractNioChannel.java:340)
	at org.apache.ratis.thirdparty.io.netty.channel.nio.NioEventLoop.processSelectedKey(NioEventLoop.java:632)
	at org.apache.ratis.thirdparty.io.netty.channel.nio.NioEventLoop.processSelectedKeysOptimized(NioEventLoop.java:579)
	at org.apache.ratis.thirdparty.io.netty.channel.nio.NioEventLoop.processSelectedKeys(NioEventLoop.java:496)
	at org.apache.ratis.thirdparty.io.netty.channel.nio.NioEventLoop.run(NioEventLoop.java:458)
	at org.apache.ratis.thirdparty.io.netty.util.concurrent.SingleThreadEventExecutor$5.run(SingleThreadEventExecutor.java:897)
	at org.apache.ratis.thirdparty.io.netty.util.concurrent.FastThreadLocalRunnable.run(FastThreadLocalRunnable.java:30)
	... 1 more
Caused by: java.net.ConnectException: Connection refused
	... 11 more
2019-09-24 22:38:11,224 [ba8da8c9-7047-42c0-b6d2-a7916db8a88b@group-27691149BEE5:LeaderElection24] INFO  impl.LeaderElection (LogUtils.java:infoOrTrace(149)) - ba8da8c9-7047-42c0-b6d2-a7916db8a88b@group-27691149BEE5:LeaderElection24 got exception when requesting votes: {}
java.util.concurrent.ExecutionException: org.apache.ratis.thirdparty.io.grpc.StatusRuntimeException: UNAVAILABLE: io exception
	at java.util.concurrent.FutureTask.report(FutureTask.java:122)
	at java.util.concurrent.FutureTask.get(FutureTask.java:192)
	at org.apache.ratis.server.impl.LeaderElection.waitForResults(LeaderElection.java:263)
	at org.apache.ratis.server.impl.LeaderElection.askForVotes(LeaderElection.java:201)
	at org.apache.ratis.server.impl.LeaderElection.run(LeaderElection.java:133)
	at java.lang.Thread.run(Thread.java:748)
Caused by: org.apache.ratis.thirdparty.io.grpc.StatusRuntimeException: UNAVAILABLE: io exception
	at org.apache.ratis.thirdparty.io.grpc.stub.ClientCalls.toStatusRuntimeException(ClientCalls.java:233)
	at org.apache.ratis.thirdparty.io.grpc.stub.ClientCalls.getUnchecked(ClientCalls.java:214)
	at org.apache.ratis.thirdparty.io.grpc.stub.ClientCalls.blockingUnaryCall(ClientCalls.java:139)
	at org.apache.ratis.proto.grpc.RaftServerProtocolServiceGrpc$RaftServerProtocolServiceBlockingStub.requestVote(RaftServerProtocolServiceGrpc.java:265)
	at org.apache.ratis.grpc.server.GrpcServerProtocolClient.requestVote(GrpcServerProtocolClient.java:90)
	at org.apache.ratis.grpc.server.GrpcService.requestVote(GrpcService.java:204)
	at org.apache.ratis.server.impl.LeaderElection.lambda$submitRequests$1(LeaderElection.java:238)
	at java.util.concurrent.FutureTask.run(FutureTask.java:266)
	at java.util.concurrent.Executors$RunnableAdapter.call(Executors.java:511)
	at java.util.concurrent.FutureTask.run(FutureTask.java:266)
	at java.util.concurrent.ThreadPoolExecutor.runWorker(ThreadPoolExecutor.java:1149)
	at java.util.concurrent.ThreadPoolExecutor$Worker.run(ThreadPoolExecutor.java:624)
	... 1 more
Caused by: org.apache.ratis.thirdparty.io.netty.channel.AbstractChannel$AnnotatedConnectException: Connection refused: /192.168.151.66:33150
	at sun.nio.ch.SocketChannelImpl.checkConnect(Native Method)
	at sun.nio.ch.SocketChannelImpl.finishConnect(SocketChannelImpl.java:717)
	at org.apache.ratis.thirdparty.io.netty.channel.socket.nio.NioSocketChannel.doFinishConnect(NioSocketChannel.java:327)
	at org.apache.ratis.thirdparty.io.netty.channel.nio.AbstractNioChannel$AbstractNioUnsafe.finishConnect(AbstractNioChannel.java:340)
	at org.apache.ratis.thirdparty.io.netty.channel.nio.NioEventLoop.processSelectedKey(NioEventLoop.java:632)
	at org.apache.ratis.thirdparty.io.netty.channel.nio.NioEventLoop.processSelectedKeysOptimized(NioEventLoop.java:579)
	at org.apache.ratis.thirdparty.io.netty.channel.nio.NioEventLoop.processSelectedKeys(NioEventLoop.java:496)
	at org.apache.ratis.thirdparty.io.netty.channel.nio.NioEventLoop.run(NioEventLoop.java:458)
	at org.apache.ratis.thirdparty.io.netty.util.concurrent.SingleThreadEventExecutor$5.run(SingleThreadEventExecutor.java:897)
	at org.apache.ratis.thirdparty.io.netty.util.concurrent.FastThreadLocalRunnable.run(FastThreadLocalRunnable.java:30)
	... 1 more
Caused by: java.net.ConnectException: Connection refused
	... 11 more
2019-09-24 22:38:11,227 [ba8da8c9-7047-42c0-b6d2-a7916db8a88b@group-27691149BEE5:LeaderElection24] INFO  impl.LeaderElection (LeaderElection.java:logAndReturn(56)) - ba8da8c9-7047-42c0-b6d2-a7916db8a88b@group-27691149BEE5:LeaderElection24: Election REJECTED; received 0 response(s) [] and 2 exception(s); ba8da8c9-7047-42c0-b6d2-a7916db8a88b@group-27691149BEE5:t5, leader=null, voted=ba8da8c9-7047-42c0-b6d2-a7916db8a88b, raftlog=ba8da8c9-7047-42c0-b6d2-a7916db8a88b@group-27691149BEE5-SegmentedRaftLog:OPENED:c0,f0,i0, conf=0: [ba8da8c9-7047-42c0-b6d2-a7916db8a88b:192.168.151.66:33065, 4ac78631-b199-4be1-a250-fa3c30279e20:192.168.151.66:46649, 937d00a5-df36-4851-a0be-3aaed9d3a7ec:192.168.151.66:33150], old=null
2019-09-24 22:38:11,227 [ba8da8c9-7047-42c0-b6d2-a7916db8a88b@group-27691149BEE5:LeaderElection24] INFO  impl.LeaderElection (LogUtils.java:infoOrTrace(149)) -   Exception 0: {}
java.util.concurrent.ExecutionException: org.apache.ratis.thirdparty.io.grpc.StatusRuntimeException: UNAVAILABLE: io exception
	at java.util.concurrent.FutureTask.report(FutureTask.java:122)
	at java.util.concurrent.FutureTask.get(FutureTask.java:192)
	at org.apache.ratis.server.impl.LeaderElection.waitForResults(LeaderElection.java:263)
	at org.apache.ratis.server.impl.LeaderElection.askForVotes(LeaderElection.java:201)
	at org.apache.ratis.server.impl.LeaderElection.run(LeaderElection.java:133)
	at java.lang.Thread.run(Thread.java:748)
Caused by: org.apache.ratis.thirdparty.io.grpc.StatusRuntimeException: UNAVAILABLE: io exception
	at org.apache.ratis.thirdparty.io.grpc.stub.ClientCalls.toStatusRuntimeException(ClientCalls.java:233)
	at org.apache.ratis.thirdparty.io.grpc.stub.ClientCalls.getUnchecked(ClientCalls.java:214)
	at org.apache.ratis.thirdparty.io.grpc.stub.ClientCalls.blockingUnaryCall(ClientCalls.java:139)
	at org.apache.ratis.proto.grpc.RaftServerProtocolServiceGrpc$RaftServerProtocolServiceBlockingStub.requestVote(RaftServerProtocolServiceGrpc.java:265)
	at org.apache.ratis.grpc.server.GrpcServerProtocolClient.requestVote(GrpcServerProtocolClient.java:90)
	at org.apache.ratis.grpc.server.GrpcService.requestVote(GrpcService.java:204)
	at org.apache.ratis.server.impl.LeaderElection.lambda$submitRequests$1(LeaderElection.java:238)
	at java.util.concurrent.FutureTask.run(FutureTask.java:266)
	at java.util.concurrent.Executors$RunnableAdapter.call(Executors.java:511)
	at java.util.concurrent.FutureTask.run(FutureTask.java:266)
	at java.util.concurrent.ThreadPoolExecutor.runWorker(ThreadPoolExecutor.java:1149)
	at java.util.concurrent.ThreadPoolExecutor$Worker.run(ThreadPoolExecutor.java:624)
	... 1 more
Caused by: org.apache.ratis.thirdparty.io.netty.channel.AbstractChannel$AnnotatedConnectException: Connection refused: /192.168.151.66:46649
	at sun.nio.ch.SocketChannelImpl.checkConnect(Native Method)
	at sun.nio.ch.SocketChannelImpl.finishConnect(SocketChannelImpl.java:717)
	at org.apache.ratis.thirdparty.io.netty.channel.socket.nio.NioSocketChannel.doFinishConnect(NioSocketChannel.java:327)
	at org.apache.ratis.thirdparty.io.netty.channel.nio.AbstractNioChannel$AbstractNioUnsafe.finishConnect(AbstractNioChannel.java:340)
	at org.apache.ratis.thirdparty.io.netty.channel.nio.NioEventLoop.processSelectedKey(NioEventLoop.java:632)
	at org.apache.ratis.thirdparty.io.netty.channel.nio.NioEventLoop.processSelectedKeysOptimized(NioEventLoop.java:579)
	at org.apache.ratis.thirdparty.io.netty.channel.nio.NioEventLoop.processSelectedKeys(NioEventLoop.java:496)
	at org.apache.ratis.thirdparty.io.netty.channel.nio.NioEventLoop.run(NioEventLoop.java:458)
	at org.apache.ratis.thirdparty.io.netty.util.concurrent.SingleThreadEventExecutor$5.run(SingleThreadEventExecutor.java:897)
	at org.apache.ratis.thirdparty.io.netty.util.concurrent.FastThreadLocalRunnable.run(FastThreadLocalRunnable.java:30)
	... 1 more
Caused by: java.net.ConnectException: Connection refused
	... 11 more
2019-09-24 22:38:11,228 [ba8da8c9-7047-42c0-b6d2-a7916db8a88b@group-27691149BEE5:LeaderElection24] INFO  impl.LeaderElection (LogUtils.java:infoOrTrace(149)) -   Exception 1: {}
java.util.concurrent.ExecutionException: org.apache.ratis.thirdparty.io.grpc.StatusRuntimeException: UNAVAILABLE: io exception
	at java.util.concurrent.FutureTask.report(FutureTask.java:122)
	at java.util.concurrent.FutureTask.get(FutureTask.java:192)
	at org.apache.ratis.server.impl.LeaderElection.waitForResults(LeaderElection.java:263)
	at org.apache.ratis.server.impl.LeaderElection.askForVotes(LeaderElection.java:201)
	at org.apache.ratis.server.impl.LeaderElection.run(LeaderElection.java:133)
	at java.lang.Thread.run(Thread.java:748)
Caused by: org.apache.ratis.thirdparty.io.grpc.StatusRuntimeException: UNAVAILABLE: io exception
	at org.apache.ratis.thirdparty.io.grpc.stub.ClientCalls.toStatusRuntimeException(ClientCalls.java:233)
	at org.apache.ratis.thirdparty.io.grpc.stub.ClientCalls.getUnchecked(ClientCalls.java:214)
	at org.apache.ratis.thirdparty.io.grpc.stub.ClientCalls.blockingUnaryCall(ClientCalls.java:139)
	at org.apache.ratis.proto.grpc.RaftServerProtocolServiceGrpc$RaftServerProtocolServiceBlockingStub.requestVote(RaftServerProtocolServiceGrpc.java:265)
	at org.apache.ratis.grpc.server.GrpcServerProtocolClient.requestVote(GrpcServerProtocolClient.java:90)
	at org.apache.ratis.grpc.server.GrpcService.requestVote(GrpcService.java:204)
	at org.apache.ratis.server.impl.LeaderElection.lambda$submitRequests$1(LeaderElection.java:238)
	at java.util.concurrent.FutureTask.run(FutureTask.java:266)
	at java.util.concurrent.Executors$RunnableAdapter.call(Executors.java:511)
	at java.util.concurrent.FutureTask.run(FutureTask.java:266)
	at java.util.concurrent.ThreadPoolExecutor.runWorker(ThreadPoolExecutor.java:1149)
	at java.util.concurrent.ThreadPoolExecutor$Worker.run(ThreadPoolExecutor.java:624)
	... 1 more
Caused by: org.apache.ratis.thirdparty.io.netty.channel.AbstractChannel$AnnotatedConnectException: Connection refused: /192.168.151.66:33150
	at sun.nio.ch.SocketChannelImpl.checkConnect(Native Method)
	at sun.nio.ch.SocketChannelImpl.finishConnect(SocketChannelImpl.java:717)
	at org.apache.ratis.thirdparty.io.netty.channel.socket.nio.NioSocketChannel.doFinishConnect(NioSocketChannel.java:327)
	at org.apache.ratis.thirdparty.io.netty.channel.nio.AbstractNioChannel$AbstractNioUnsafe.finishConnect(AbstractNioChannel.java:340)
	at org.apache.ratis.thirdparty.io.netty.channel.nio.NioEventLoop.processSelectedKey(NioEventLoop.java:632)
	at org.apache.ratis.thirdparty.io.netty.channel.nio.NioEventLoop.processSelectedKeysOptimized(NioEventLoop.java:579)
	at org.apache.ratis.thirdparty.io.netty.channel.nio.NioEventLoop.processSelectedKeys(NioEventLoop.java:496)
	at org.apache.ratis.thirdparty.io.netty.channel.nio.NioEventLoop.run(NioEventLoop.java:458)
	at org.apache.ratis.thirdparty.io.netty.util.concurrent.SingleThreadEventExecutor$5.run(SingleThreadEventExecutor.java:897)
	at org.apache.ratis.thirdparty.io.netty.util.concurrent.FastThreadLocalRunnable.run(FastThreadLocalRunnable.java:30)
	... 1 more
Caused by: java.net.ConnectException: Connection refused
	... 11 more
2019-09-24 22:38:11,228 [ba8da8c9-7047-42c0-b6d2-a7916db8a88b@group-27691149BEE5:LeaderElection24] INFO  impl.RaftServerImpl (RaftServerImpl.java:setRole(174)) - ba8da8c9-7047-42c0-b6d2-a7916db8a88b@group-27691149BEE5: changes role from CANDIDATE to FOLLOWER at term 5 for DISCOVERED_A_NEW_TERM
2019-09-24 22:38:11,231 [ba8da8c9-7047-42c0-b6d2-a7916db8a88b@group-27691149BEE5:LeaderElection24] INFO  impl.RoleInfo (RoleInfo.java:shutdownLeaderElection(134)) - ba8da8c9-7047-42c0-b6d2-a7916db8a88b: shutdown LeaderElection
2019-09-24 22:38:11,231 [ba8da8c9-7047-42c0-b6d2-a7916db8a88b@group-27691149BEE5:LeaderElection24] INFO  impl.RoleInfo (RoleInfo.java:updateAndGet(143)) - ba8da8c9-7047-42c0-b6d2-a7916db8a88b: start FollowerState
2019-09-24 22:38:11,903 [grpc-default-executor-4] WARN  server.GrpcLogAppender (LogUtils.java:warn(134)) - e600257f-a92d-418f-8862-d602fe0582b6@group-4C295D2E039F->fe8f780e-0bc6-4afd-b8a0-025a86d6d1c8-AppendLogResponseHandler: Failed appendEntries: org.apache.ratis.thirdparty.io.grpc.StatusRuntimeException: UNAVAILABLE: io exception
2019-09-24 22:38:11,908 [grpc-default-executor-2] WARN  server.GrpcLogAppender (LogUtils.java:warn(134)) - e600257f-a92d-418f-8862-d602fe0582b6@group-4C295D2E039F->5bc73eaa-12d0-4a96-a0e8-4b461f9d9ac4-AppendLogResponseHandler: Failed appendEntries: org.apache.ratis.thirdparty.io.grpc.StatusRuntimeException: UNAVAILABLE: io exception
2019-09-24 22:38:11,908 [grpc-default-executor-4] INFO  impl.FollowerInfo (FollowerInfo.java:lambda$new$0(51)) - e600257f-a92d-418f-8862-d602fe0582b6@group-4C295D2E039F->fe8f780e-0bc6-4afd-b8a0-025a86d6d1c8: nextIndex: updateUnconditionally 0 -> 0
2019-09-24 22:38:11,910 [grpc-default-executor-2] INFO  impl.FollowerInfo (FollowerInfo.java:lambda$new$0(51)) - e600257f-a92d-418f-8862-d602fe0582b6@group-4C295D2E039F->5bc73eaa-12d0-4a96-a0e8-4b461f9d9ac4: nextIndex: updateUnconditionally 0 -> 0
2019-09-24 22:38:14,064 [ForkJoinPool.commonPool-worker-0] INFO  ozoneimpl.OzoneContainer (OzoneContainer.java:stop(231)) - Attempting to stop container services.
2019-09-24 22:38:14,065 [main] INFO  ozoneimpl.OzoneContainer (OzoneContainer.java:stop(231)) - Attempting to stop container services.
2019-09-24 22:38:14,065 [ForkJoinPool.commonPool-worker-0] INFO  impl.RaftServerProxy (RaftServerProxy.java:lambda$close$4(314)) - ba8da8c9-7047-42c0-b6d2-a7916db8a88b: close
2019-09-24 22:38:14,065 [main] INFO  impl.RaftServerProxy (RaftServerProxy.java:lambda$close$4(314)) - 21c95cdb-d9ea-42ca-a1c8-516e3611f91d: close
2019-09-24 22:38:14,066 [ForkJoinPool.commonPool-worker-0] INFO  impl.RaftServerImpl (RaftServerImpl.java:lambda$shutdown$3(251)) - ba8da8c9-7047-42c0-b6d2-a7916db8a88b@group-FCCEB381F9A2: shutdown
2019-09-24 22:38:14,066 [main] INFO  impl.RaftServerImpl (RaftServerImpl.java:lambda$shutdown$3(251)) - 21c95cdb-d9ea-42ca-a1c8-516e3611f91d@group-5BF99DCB0198: shutdown
2019-09-24 22:38:14,066 [ForkJoinPool.commonPool-worker-0] INFO  util.JmxRegister (JmxRegister.java:unregister(73)) - Successfully un-registered JMX Bean with object name Ratis:service=RaftServer,group=group-FCCEB381F9A2,id=ba8da8c9-7047-42c0-b6d2-a7916db8a88b
2019-09-24 22:38:14,067 [main] INFO  util.JmxRegister (JmxRegister.java:unregister(73)) - Successfully un-registered JMX Bean with object name Ratis:service=RaftServer,group=group-5BF99DCB0198,id=21c95cdb-d9ea-42ca-a1c8-516e3611f91d
2019-09-24 22:38:14,068 [main] INFO  impl.RoleInfo (RoleInfo.java:shutdownLeaderState(104)) - 21c95cdb-d9ea-42ca-a1c8-516e3611f91d: shutdown LeaderState
2019-09-24 22:38:14,067 [ForkJoinPool.commonPool-worker-0] INFO  impl.RoleInfo (RoleInfo.java:shutdownLeaderState(104)) - ba8da8c9-7047-42c0-b6d2-a7916db8a88b: shutdown LeaderState
2019-09-24 22:38:14,068 [main] INFO  impl.PendingRequests (PendingRequests.java:sendNotLeaderResponses(202)) - 21c95cdb-d9ea-42ca-a1c8-516e3611f91d-PendingRequests: sendNotLeaderResponses
2019-09-24 22:38:14,069 [ForkJoinPool.commonPool-worker-0] INFO  impl.PendingRequests (PendingRequests.java:sendNotLeaderResponses(202)) - ba8da8c9-7047-42c0-b6d2-a7916db8a88b-PendingRequests: sendNotLeaderResponses
2019-09-24 22:38:14,069 [main] INFO  impl.StateMachineUpdater (StateMachineUpdater.java:stopAndJoin(125)) - 21c95cdb-d9ea-42ca-a1c8-516e3611f91d@group-5BF99DCB0198-StateMachineUpdater: set stopIndex = 0
2019-09-24 22:38:14,070 [ForkJoinPool.commonPool-worker-0] INFO  impl.StateMachineUpdater (StateMachineUpdater.java:stopAndJoin(125)) - ba8da8c9-7047-42c0-b6d2-a7916db8a88b@group-FCCEB381F9A2-StateMachineUpdater: set stopIndex = 0
2019-09-24 22:38:14,070 [main] INFO  impl.RaftServerImpl (ServerState.java:close(385)) - 21c95cdb-d9ea-42ca-a1c8-516e3611f91d@group-5BF99DCB0198: closes. applyIndex: 0
2019-09-24 22:38:14,070 [ForkJoinPool.commonPool-worker-0] INFO  impl.RaftServerImpl (ServerState.java:close(385)) - ba8da8c9-7047-42c0-b6d2-a7916db8a88b@group-FCCEB381F9A2: closes. applyIndex: 0
2019-09-24 22:38:14,071 [21c95cdb-d9ea-42ca-a1c8-516e3611f91d@group-5BF99DCB0198-SegmentedRaftLogWorker] INFO  segmented.SegmentedRaftLogWorker (SegmentedRaftLogWorker.java:run(313)) - 21c95cdb-d9ea-42ca-a1c8-516e3611f91d@group-5BF99DCB0198-SegmentedRaftLogWorker was interrupted, exiting. There are 0 tasks remaining in the queue.
2019-09-24 22:38:14,071 [ba8da8c9-7047-42c0-b6d2-a7916db8a88b@group-FCCEB381F9A2-SegmentedRaftLogWorker] INFO  segmented.SegmentedRaftLogWorker (SegmentedRaftLogWorker.java:run(313)) - ba8da8c9-7047-42c0-b6d2-a7916db8a88b@group-FCCEB381F9A2-SegmentedRaftLogWorker was interrupted, exiting. There are 0 tasks remaining in the queue.
2019-09-24 22:38:14,077 [main] INFO  segmented.SegmentedRaftLogWorker (SegmentedRaftLogWorker.java:close(228)) - 21c95cdb-d9ea-42ca-a1c8-516e3611f91d@group-5BF99DCB0198-SegmentedRaftLogWorker close()
2019-09-24 22:38:14,077 [ForkJoinPool.commonPool-worker-0] INFO  segmented.SegmentedRaftLogWorker (SegmentedRaftLogWorker.java:close(228)) - ba8da8c9-7047-42c0-b6d2-a7916db8a88b@group-FCCEB381F9A2-SegmentedRaftLogWorker close()
2019-09-24 22:38:14,081 [main] INFO  impl.RaftServerImpl (RaftServerImpl.java:lambda$shutdown$3(251)) - 21c95cdb-d9ea-42ca-a1c8-516e3611f91d@group-9DA5C9124E79: shutdown
2019-09-24 22:38:14,094 [ForkJoinPool.commonPool-worker-0] INFO  impl.RaftServerImpl (RaftServerImpl.java:lambda$shutdown$3(251)) - ba8da8c9-7047-42c0-b6d2-a7916db8a88b@group-27691149BEE5: shutdown
2019-09-24 22:38:14,095 [main] INFO  util.JmxRegister (JmxRegister.java:unregister(73)) - Successfully un-registered JMX Bean with object name Ratis:service=RaftServer,group=group-9DA5C9124E79,id=21c95cdb-d9ea-42ca-a1c8-516e3611f91d
2019-09-24 22:38:14,095 [ForkJoinPool.commonPool-worker-0] INFO  util.JmxRegister (JmxRegister.java:unregister(73)) - Successfully un-registered JMX Bean with object name Ratis:service=RaftServer,group=group-27691149BEE5,id=ba8da8c9-7047-42c0-b6d2-a7916db8a88b
2019-09-24 22:38:14,096 [main] INFO  impl.RoleInfo (RoleInfo.java:shutdownFollowerState(121)) - 21c95cdb-d9ea-42ca-a1c8-516e3611f91d: shutdown FollowerState
2019-09-24 22:38:14,096 [ForkJoinPool.commonPool-worker-0] INFO  impl.RoleInfo (RoleInfo.java:shutdownFollowerState(121)) - ba8da8c9-7047-42c0-b6d2-a7916db8a88b: shutdown FollowerState
2019-09-24 22:38:14,097 [ForkJoinPool.commonPool-worker-0] INFO  impl.StateMachineUpdater (StateMachineUpdater.java:stopAndJoin(125)) - ba8da8c9-7047-42c0-b6d2-a7916db8a88b@group-27691149BEE5-StateMachineUpdater: set stopIndex = 0
2019-09-24 22:38:14,096 [Thread-411] INFO  impl.FollowerState (FollowerState.java:run(115)) - 21c95cdb-d9ea-42ca-a1c8-516e3611f91d: FollowerState was interrupted: java.lang.InterruptedException: sleep interrupted
2019-09-24 22:38:14,096 [main] INFO  impl.StateMachineUpdater (StateMachineUpdater.java:stopAndJoin(125)) - 21c95cdb-d9ea-42ca-a1c8-516e3611f91d@group-9DA5C9124E79-StateMachineUpdater: set stopIndex = 0
2019-09-24 22:38:14,100 [main] INFO  impl.RaftServerImpl (ServerState.java:close(385)) - 21c95cdb-d9ea-42ca-a1c8-516e3611f91d@group-9DA5C9124E79: closes. applyIndex: 0
2019-09-24 22:38:14,097 [ForkJoinPool.commonPool-worker-0] INFO  impl.RaftServerImpl (ServerState.java:close(385)) - ba8da8c9-7047-42c0-b6d2-a7916db8a88b@group-27691149BEE5: closes. applyIndex: 0
2019-09-24 22:38:14,097 [Thread-736] INFO  impl.FollowerState (FollowerState.java:run(115)) - ba8da8c9-7047-42c0-b6d2-a7916db8a88b: FollowerState was interrupted: java.lang.InterruptedException: sleep interrupted
2019-09-24 22:38:14,100 [21c95cdb-d9ea-42ca-a1c8-516e3611f91d@group-9DA5C9124E79-SegmentedRaftLogWorker] INFO  segmented.SegmentedRaftLogWorker (SegmentedRaftLogWorker.java:run(313)) - 21c95cdb-d9ea-42ca-a1c8-516e3611f91d@group-9DA5C9124E79-SegmentedRaftLogWorker was interrupted, exiting. There are 0 tasks remaining in the queue.
2019-09-24 22:38:14,101 [ba8da8c9-7047-42c0-b6d2-a7916db8a88b@group-27691149BEE5-SegmentedRaftLogWorker] INFO  segmented.SegmentedRaftLogWorker (SegmentedRaftLogWorker.java:run(313)) - ba8da8c9-7047-42c0-b6d2-a7916db8a88b@group-27691149BEE5-SegmentedRaftLogWorker was interrupted, exiting. There are 0 tasks remaining in the queue.
2019-09-24 22:38:14,103 [main] INFO  segmented.SegmentedRaftLogWorker (SegmentedRaftLogWorker.java:close(228)) - 21c95cdb-d9ea-42ca-a1c8-516e3611f91d@group-9DA5C9124E79-SegmentedRaftLogWorker close()
2019-09-24 22:38:14,103 [ForkJoinPool.commonPool-worker-0] INFO  segmented.SegmentedRaftLogWorker (SegmentedRaftLogWorker.java:close(228)) - ba8da8c9-7047-42c0-b6d2-a7916db8a88b@group-27691149BEE5-SegmentedRaftLogWorker close()
2019-09-24 22:38:14,106 [main] INFO  server.GrpcService (GrpcService.java:closeImpl(164)) - 21c95cdb-d9ea-42ca-a1c8-516e3611f91d: shutdown server with port 39006 now
2019-09-24 22:38:14,108 [ForkJoinPool.commonPool-worker-0] INFO  server.GrpcService (GrpcService.java:closeImpl(164)) - ba8da8c9-7047-42c0-b6d2-a7916db8a88b: shutdown server with port 33065 now
2019-09-24 22:38:14,120 [ForkJoinPool.commonPool-worker-0] INFO  server.GrpcService (GrpcService.java:closeImpl(172)) - ba8da8c9-7047-42c0-b6d2-a7916db8a88b: shutdown server with port 33065 successfully
2019-09-24 22:38:14,120 [grpc-default-executor-2] WARN  server.GrpcServerProtocolService (LogUtils.java:warn(134)) - 21c95cdb-d9ea-42ca-a1c8-516e3611f91d: installSnapshot onError, lastRequest: d1d412fa-610f-4a7d-9756-a1129e219702->21c95cdb-d9ea-42ca-a1c8-516e3611f91d#46-t2, previous=(t:2, i:0), leaderCommit=0, initializing? false, entries: <empty>: org.apache.ratis.thirdparty.io.grpc.StatusRuntimeException: CANCELLED: cancelled before receiving half close
2019-09-24 22:38:14,121 [main] INFO  server.GrpcService (GrpcService.java:closeImpl(172)) - 21c95cdb-d9ea-42ca-a1c8-516e3611f91d: shutdown server with port 39006 successfully
2019-09-24 22:38:14,121 [grpc-default-executor-1] WARN  server.GrpcLogAppender (LogUtils.java:warn(134)) - d1d412fa-610f-4a7d-9756-a1129e219702@group-9DA5C9124E79->21c95cdb-d9ea-42ca-a1c8-516e3611f91d-AppendLogResponseHandler: Failed appendEntries: org.apache.ratis.thirdparty.io.grpc.StatusRuntimeException: CANCELLED: HTTP/2 error code: CANCEL
Received Rst Stream
2019-09-24 22:38:14,122 [grpc-default-executor-1] INFO  impl.FollowerInfo (FollowerInfo.java:lambda$new$0(51)) - d1d412fa-610f-4a7d-9756-a1129e219702@group-9DA5C9124E79->21c95cdb-d9ea-42ca-a1c8-516e3611f91d: nextIndex: updateUnconditionally 1 -> 0
2019-09-24 22:38:14,136 [refreshUsed-/workdir/hadoop-ozone/integration-test/target/test-dir/MiniOzoneClusterImpl-95732fd8-3d66-4978-936c-af465de6078a/datanode-8/data/containers] WARN  fs.CachingGetSpaceUsed (CachingGetSpaceUsed.java:run(183)) - Thread Interrupted waiting to refresh disk information: sleep interrupted
2019-09-24 22:38:14,137 [refreshUsed-/workdir/hadoop-ozone/integration-test/target/test-dir/MiniOzoneClusterImpl-95732fd8-3d66-4978-936c-af465de6078a/datanode-4/data/containers] WARN  fs.CachingGetSpaceUsed (CachingGetSpaceUsed.java:run(183)) - Thread Interrupted waiting to refresh disk information: sleep interrupted
2019-09-24 22:38:14,152 [main] INFO  utils.BackgroundService (BackgroundService.java:shutdown(148)) - Shutting down service BlockDeletingService
2019-09-24 22:38:14,152 [ForkJoinPool.commonPool-worker-0] INFO  utils.BackgroundService (BackgroundService.java:shutdown(148)) - Shutting down service BlockDeletingService
2019-09-24 22:38:14,158 [ForkJoinPool.commonPool-worker-0] INFO  statemachine.DatanodeStateMachine (DatanodeStateMachine.java:stopDaemon(395)) - Ozone container server stopped.
2019-09-24 22:38:14,158 [main] INFO  statemachine.DatanodeStateMachine (DatanodeStateMachine.java:stopDaemon(395)) - Ozone container server stopped.
2019-09-24 22:38:14,164 [main] INFO  handler.ContextHandler (ContextHandler.java:doStop(910)) - Stopped o.e.j.w.WebAppContext@765ffb14{/,null,UNAVAILABLE}{/hddsDatanode}
2019-09-24 22:38:14,164 [ForkJoinPool.commonPool-worker-0] INFO  handler.ContextHandler (ContextHandler.java:doStop(910)) - Stopped o.e.j.w.WebAppContext@ff23ae7{/,null,UNAVAILABLE}{/hddsDatanode}
2019-09-24 22:38:14,165 [main] INFO  server.AbstractConnector (AbstractConnector.java:doStop(318)) - Stopped ServerConnector@57562473{HTTP/1.1,[http/1.1]}{0.0.0.0:0}
2019-09-24 22:38:14,165 [ForkJoinPool.commonPool-worker-0] INFO  server.AbstractConnector (AbstractConnector.java:doStop(318)) - Stopped ServerConnector@423b2b62{HTTP/1.1,[http/1.1]}{0.0.0.0:0}
2019-09-24 22:38:14,165 [main] INFO  handler.ContextHandler (ContextHandler.java:doStop(910)) - Stopped o.e.j.s.ServletContextHandler@27e7c77f{/static,jar:file:/home/user/.m2/repository/org/apache/hadoop/hadoop-hdds-container-service/0.5.0-SNAPSHOT/hadoop-hdds-container-service-0.5.0-SNAPSHOT.jar!/webapps/static,UNAVAILABLE}
2019-09-24 22:38:14,167 [ForkJoinPool.commonPool-worker-0] INFO  handler.ContextHandler (ContextHandler.java:doStop(910)) - Stopped o.e.j.s.ServletContextHandler@25aeb5ac{/static,jar:file:/home/user/.m2/repository/org/apache/hadoop/hadoop-hdds-container-service/0.5.0-SNAPSHOT/hadoop-hdds-container-service-0.5.0-SNAPSHOT.jar!/webapps/static,UNAVAILABLE}
2019-09-24 22:38:14,167 [main] INFO  handler.ContextHandler (ContextHandler.java:doStop(910)) - Stopped o.e.j.s.ServletContextHandler@1f53481b{/logs,file:///workdir/hadoop-ozone/integration-test/target/log,UNAVAILABLE}
2019-09-24 22:38:14,169 [ForkJoinPool.commonPool-worker-0] INFO  handler.ContextHandler (ContextHandler.java:doStop(910)) - Stopped o.e.j.s.ServletContextHandler@44cffc25{/logs,file:///workdir/hadoop-ozone/integration-test/target/log,UNAVAILABLE}
2019-09-24 22:38:14,224 [Datanode State Machine Thread - 0] INFO  statemachine.DatanodeStateMachine (DatanodeStateMachine.java:lambda$startDaemon$0(350)) - Ozone container server started.
2019-09-24 22:38:14,407 [grpc-default-executor-6] WARN  server.GrpcLogAppender (LogUtils.java:warn(134)) - e600257f-a92d-418f-8862-d602fe0582b6@group-4C295D2E039F->5bc73eaa-12d0-4a96-a0e8-4b461f9d9ac4-AppendLogResponseHandler: Failed appendEntries: org.apache.ratis.thirdparty.io.grpc.StatusRuntimeException: UNAVAILABLE: io exception
2019-09-24 22:38:14,407 [grpc-default-executor-7] WARN  server.GrpcLogAppender (LogUtils.java:warn(134)) - e600257f-a92d-418f-8862-d602fe0582b6@group-4C295D2E039F->fe8f780e-0bc6-4afd-b8a0-025a86d6d1c8-AppendLogResponseHandler: Failed appendEntries: org.apache.ratis.thirdparty.io.grpc.StatusRuntimeException: UNAVAILABLE: io exception
2019-09-24 22:38:14,409 [grpc-default-executor-6] INFO  impl.FollowerInfo (FollowerInfo.java:lambda$new$0(51)) - e600257f-a92d-418f-8862-d602fe0582b6@group-4C295D2E039F->5bc73eaa-12d0-4a96-a0e8-4b461f9d9ac4: nextIndex: updateUnconditionally 0 -> 0
2019-09-24 22:38:14,410 [grpc-default-executor-7] INFO  impl.FollowerInfo (FollowerInfo.java:lambda$new$0(51)) - e600257f-a92d-418f-8862-d602fe0582b6@group-4C295D2E039F->fe8f780e-0bc6-4afd-b8a0-025a86d6d1c8: nextIndex: updateUnconditionally 0 -> 0
2019-09-24 22:38:14,417 [grpc-default-executor-4] WARN  server.GrpcLogAppender (LogUtils.java:warn(134)) - d1d412fa-610f-4a7d-9756-a1129e219702@group-9DA5C9124E79->21c95cdb-d9ea-42ca-a1c8-516e3611f91d-AppendLogResponseHandler: Failed appendEntries: org.apache.ratis.thirdparty.io.grpc.StatusRuntimeException: UNAVAILABLE: io exception
2019-09-24 22:38:14,419 [grpc-default-executor-4] INFO  impl.FollowerInfo (FollowerInfo.java:lambda$new$0(51)) - d1d412fa-610f-4a7d-9756-a1129e219702@group-9DA5C9124E79->21c95cdb-d9ea-42ca-a1c8-516e3611f91d: nextIndex: updateUnconditionally 0 -> 0
2019-09-24 22:38:14,459 [Datanode State Machine Thread - 0] INFO  statemachine.DatanodeStateMachine (DatanodeStateMachine.java:lambda$startDaemon$0(350)) - Ozone container server started.
2019-09-24 22:38:16,910 [grpc-default-executor-7] WARN  server.GrpcLogAppender (LogUtils.java:warn(134)) - e600257f-a92d-418f-8862-d602fe0582b6@group-4C295D2E039F->fe8f780e-0bc6-4afd-b8a0-025a86d6d1c8-AppendLogResponseHandler: Failed appendEntries: org.apache.ratis.thirdparty.io.grpc.StatusRuntimeException: UNAVAILABLE: io exception
2019-09-24 22:38:16,910 [grpc-default-executor-2] WARN  server.GrpcLogAppender (LogUtils.java:warn(134)) - e600257f-a92d-418f-8862-d602fe0582b6@group-4C295D2E039F->5bc73eaa-12d0-4a96-a0e8-4b461f9d9ac4-AppendLogResponseHandler: Failed appendEntries: org.apache.ratis.thirdparty.io.grpc.StatusRuntimeException: UNAVAILABLE: io exception
2019-09-24 22:38:16,913 [grpc-default-executor-7] INFO  impl.FollowerInfo (FollowerInfo.java:lambda$new$0(51)) - e600257f-a92d-418f-8862-d602fe0582b6@group-4C295D2E039F->fe8f780e-0bc6-4afd-b8a0-025a86d6d1c8: nextIndex: updateUnconditionally 0 -> 0
2019-09-24 22:38:16,915 [grpc-default-executor-2] INFO  impl.FollowerInfo (FollowerInfo.java:lambda$new$0(51)) - e600257f-a92d-418f-8862-d602fe0582b6@group-4C295D2E039F->5bc73eaa-12d0-4a96-a0e8-4b461f9d9ac4: nextIndex: updateUnconditionally 0 -> 0
2019-09-24 22:38:16,926 [grpc-default-executor-6] WARN  server.GrpcLogAppender (LogUtils.java:warn(134)) - d1d412fa-610f-4a7d-9756-a1129e219702@group-9DA5C9124E79->21c95cdb-d9ea-42ca-a1c8-516e3611f91d-AppendLogResponseHandler: Failed appendEntries: org.apache.ratis.thirdparty.io.grpc.StatusRuntimeException: UNAVAILABLE: io exception
2019-09-24 22:38:16,928 [grpc-default-executor-6] INFO  impl.FollowerInfo (FollowerInfo.java:lambda$new$0(51)) - d1d412fa-610f-4a7d-9756-a1129e219702@group-9DA5C9124E79->21c95cdb-d9ea-42ca-a1c8-516e3611f91d: nextIndex: updateUnconditionally 0 -> 0
2019-09-24 22:38:19,170 [main] INFO  ozoneimpl.OzoneContainer (OzoneContainer.java:stop(231)) - Attempting to stop container services.
2019-09-24 22:38:19,171 [ForkJoinPool.commonPool-worker-0] INFO  ozoneimpl.OzoneContainer (OzoneContainer.java:stop(231)) - Attempting to stop container services.
2019-09-24 22:38:19,171 [main] INFO  impl.RaftServerProxy (RaftServerProxy.java:lambda$close$4(314)) - 533bf916-75bc-4ef0-b696-2f1d5164c628: close
2019-09-24 22:38:19,171 [ForkJoinPool.commonPool-worker-0] INFO  impl.RaftServerProxy (RaftServerProxy.java:lambda$close$4(314)) - 11d0cc91-3d86-4eb8-b9bb-9a7c429fd5c8: close
2019-09-24 22:38:19,172 [main] INFO  impl.RaftServerImpl (RaftServerImpl.java:lambda$shutdown$3(251)) - 533bf916-75bc-4ef0-b696-2f1d5164c628@group-5732E16BE950: shutdown
2019-09-24 22:38:19,172 [ForkJoinPool.commonPool-worker-0] INFO  impl.RaftServerImpl (RaftServerImpl.java:lambda$shutdown$3(251)) - 11d0cc91-3d86-4eb8-b9bb-9a7c429fd5c8@group-0F269A6BBD06: shutdown
2019-09-24 22:38:19,173 [main] INFO  util.JmxRegister (JmxRegister.java:unregister(73)) - Successfully un-registered JMX Bean with object name Ratis:service=RaftServer,group=group-5732E16BE950,id=533bf916-75bc-4ef0-b696-2f1d5164c628
2019-09-24 22:38:19,173 [ForkJoinPool.commonPool-worker-0] INFO  util.JmxRegister (JmxRegister.java:unregister(73)) - Successfully un-registered JMX Bean with object name Ratis:service=RaftServer,group=group-0F269A6BBD06,id=11d0cc91-3d86-4eb8-b9bb-9a7c429fd5c8
2019-09-24 22:38:19,173 [main] INFO  impl.RoleInfo (RoleInfo.java:shutdownLeaderState(104)) - 533bf916-75bc-4ef0-b696-2f1d5164c628: shutdown LeaderState
2019-09-24 22:38:19,174 [ForkJoinPool.commonPool-worker-0] INFO  impl.RoleInfo (RoleInfo.java:shutdownLeaderState(104)) - 11d0cc91-3d86-4eb8-b9bb-9a7c429fd5c8: shutdown LeaderState
2019-09-24 22:38:19,174 [main] INFO  impl.PendingRequests (PendingRequests.java:sendNotLeaderResponses(202)) - 533bf916-75bc-4ef0-b696-2f1d5164c628-PendingRequests: sendNotLeaderResponses
2019-09-24 22:38:19,175 [ForkJoinPool.commonPool-worker-0] INFO  impl.PendingRequests (PendingRequests.java:sendNotLeaderResponses(202)) - 11d0cc91-3d86-4eb8-b9bb-9a7c429fd5c8-PendingRequests: sendNotLeaderResponses
2019-09-24 22:38:19,175 [main] INFO  impl.StateMachineUpdater (StateMachineUpdater.java:stopAndJoin(125)) - 533bf916-75bc-4ef0-b696-2f1d5164c628@group-5732E16BE950-StateMachineUpdater: set stopIndex = 0
2019-09-24 22:38:19,175 [ForkJoinPool.commonPool-worker-0] INFO  impl.StateMachineUpdater (StateMachineUpdater.java:stopAndJoin(125)) - 11d0cc91-3d86-4eb8-b9bb-9a7c429fd5c8@group-0F269A6BBD06-StateMachineUpdater: set stopIndex = 0
2019-09-24 22:38:19,176 [main] INFO  impl.RaftServerImpl (ServerState.java:close(385)) - 533bf916-75bc-4ef0-b696-2f1d5164c628@group-5732E16BE950: closes. applyIndex: 0
2019-09-24 22:38:19,176 [ForkJoinPool.commonPool-worker-0] INFO  impl.RaftServerImpl (ServerState.java:close(385)) - 11d0cc91-3d86-4eb8-b9bb-9a7c429fd5c8@group-0F269A6BBD06: closes. applyIndex: 0
2019-09-24 22:38:19,177 [533bf916-75bc-4ef0-b696-2f1d5164c628@group-5732E16BE950-SegmentedRaftLogWorker] INFO  segmented.SegmentedRaftLogWorker (SegmentedRaftLogWorker.java:run(313)) - 533bf916-75bc-4ef0-b696-2f1d5164c628@group-5732E16BE950-SegmentedRaftLogWorker was interrupted, exiting. There are 0 tasks remaining in the queue.
2019-09-24 22:38:19,177 [11d0cc91-3d86-4eb8-b9bb-9a7c429fd5c8@group-0F269A6BBD06-SegmentedRaftLogWorker] INFO  segmented.SegmentedRaftLogWorker (SegmentedRaftLogWorker.java:run(313)) - 11d0cc91-3d86-4eb8-b9bb-9a7c429fd5c8@group-0F269A6BBD06-SegmentedRaftLogWorker was interrupted, exiting. There are 0 tasks remaining in the queue.
2019-09-24 22:38:19,177 [main] INFO  segmented.SegmentedRaftLogWorker (SegmentedRaftLogWorker.java:close(228)) - 533bf916-75bc-4ef0-b696-2f1d5164c628@group-5732E16BE950-SegmentedRaftLogWorker close()
2019-09-24 22:38:19,177 [ForkJoinPool.commonPool-worker-0] INFO  segmented.SegmentedRaftLogWorker (SegmentedRaftLogWorker.java:close(228)) - 11d0cc91-3d86-4eb8-b9bb-9a7c429fd5c8@group-0F269A6BBD06-SegmentedRaftLogWorker close()
2019-09-24 22:38:19,180 [main] INFO  impl.RaftServerImpl (RaftServerImpl.java:lambda$shutdown$3(251)) - 533bf916-75bc-4ef0-b696-2f1d5164c628@group-9DA5C9124E79: shutdown
2019-09-24 22:38:19,182 [ForkJoinPool.commonPool-worker-0] INFO  server.GrpcService (GrpcService.java:closeImpl(164)) - 11d0cc91-3d86-4eb8-b9bb-9a7c429fd5c8: shutdown server with port 38070 now
2019-09-24 22:38:19,182 [main] INFO  util.JmxRegister (JmxRegister.java:unregister(73)) - Successfully un-registered JMX Bean with object name Ratis:service=RaftServer,group=group-9DA5C9124E79,id=533bf916-75bc-4ef0-b696-2f1d5164c628
2019-09-24 22:38:19,184 [ForkJoinPool.commonPool-worker-0] INFO  server.GrpcService (GrpcService.java:closeImpl(172)) - 11d0cc91-3d86-4eb8-b9bb-9a7c429fd5c8: shutdown server with port 38070 successfully
2019-09-24 22:38:19,184 [main] INFO  impl.RoleInfo (RoleInfo.java:shutdownFollowerState(121)) - 533bf916-75bc-4ef0-b696-2f1d5164c628: shutdown FollowerState
2019-09-24 22:38:19,185 [main] INFO  impl.StateMachineUpdater (StateMachineUpdater.java:stopAndJoin(125)) - 533bf916-75bc-4ef0-b696-2f1d5164c628@group-9DA5C9124E79-StateMachineUpdater: set stopIndex = 0
2019-09-24 22:38:19,185 [Thread-410] INFO  impl.FollowerState (FollowerState.java:run(115)) - 533bf916-75bc-4ef0-b696-2f1d5164c628: FollowerState was interrupted: java.lang.InterruptedException: sleep interrupted
2019-09-24 22:38:19,186 [main] INFO  impl.RaftServerImpl (ServerState.java:close(385)) - 533bf916-75bc-4ef0-b696-2f1d5164c628@group-9DA5C9124E79: closes. applyIndex: 0
2019-09-24 22:38:19,188 [533bf916-75bc-4ef0-b696-2f1d5164c628@group-9DA5C9124E79-SegmentedRaftLogWorker] INFO  segmented.SegmentedRaftLogWorker (SegmentedRaftLogWorker.java:run(313)) - 533bf916-75bc-4ef0-b696-2f1d5164c628@group-9DA5C9124E79-SegmentedRaftLogWorker was interrupted, exiting. There are 0 tasks remaining in the queue.
2019-09-24 22:38:19,189 [main] INFO  segmented.SegmentedRaftLogWorker (SegmentedRaftLogWorker.java:close(228)) - 533bf916-75bc-4ef0-b696-2f1d5164c628@group-9DA5C9124E79-SegmentedRaftLogWorker close()
2019-09-24 22:38:19,191 [main] INFO  server.GrpcService (GrpcService.java:closeImpl(164)) - 533bf916-75bc-4ef0-b696-2f1d5164c628: shutdown server with port 46232 now
2019-09-24 22:38:19,192 [grpc-default-executor-2] WARN  server.GrpcServerProtocolService (LogUtils.java:warn(134)) - 533bf916-75bc-4ef0-b696-2f1d5164c628: installSnapshot onError, lastRequest: d1d412fa-610f-4a7d-9756-a1129e219702->533bf916-75bc-4ef0-b696-2f1d5164c628#48-t2, previous=(t:2, i:0), leaderCommit=0, initializing? false, entries: <empty>: org.apache.ratis.thirdparty.io.grpc.StatusRuntimeException: CANCELLED: cancelled before receiving half close
2019-09-24 22:38:19,192 [grpc-default-executor-7] WARN  server.GrpcLogAppender (LogUtils.java:warn(134)) - d1d412fa-610f-4a7d-9756-a1129e219702@group-9DA5C9124E79->533bf916-75bc-4ef0-b696-2f1d5164c628-AppendLogResponseHandler: Failed appendEntries: org.apache.ratis.thirdparty.io.grpc.StatusRuntimeException: CANCELLED: HTTP/2 error code: CANCEL
Received Rst Stream
2019-09-24 22:38:19,193 [main] INFO  server.GrpcService (GrpcService.java:closeImpl(172)) - 533bf916-75bc-4ef0-b696-2f1d5164c628: shutdown server with port 46232 successfully
2019-09-24 22:38:19,193 [grpc-default-executor-7] INFO  impl.FollowerInfo (FollowerInfo.java:lambda$new$0(51)) - d1d412fa-610f-4a7d-9756-a1129e219702@group-9DA5C9124E79->533bf916-75bc-4ef0-b696-2f1d5164c628: nextIndex: updateUnconditionally 1 -> 0
2019-09-24 22:38:19,194 [refreshUsed-/workdir/hadoop-ozone/integration-test/target/test-dir/MiniOzoneClusterImpl-95732fd8-3d66-4978-936c-af465de6078a/datanode-0/data/containers] WARN  fs.CachingGetSpaceUsed (CachingGetSpaceUsed.java:run(183)) - Thread Interrupted waiting to refresh disk information: sleep interrupted
2019-09-24 22:38:19,202 [refreshUsed-/workdir/hadoop-ozone/integration-test/target/test-dir/MiniOzoneClusterImpl-95732fd8-3d66-4978-936c-af465de6078a/datanode-9/data/containers] WARN  fs.CachingGetSpaceUsed (CachingGetSpaceUsed.java:run(183)) - Thread Interrupted waiting to refresh disk information: sleep interrupted
2019-09-24 22:38:19,216 [ForkJoinPool.commonPool-worker-0] INFO  utils.BackgroundService (BackgroundService.java:shutdown(148)) - Shutting down service BlockDeletingService
2019-09-24 22:38:19,220 [ForkJoinPool.commonPool-worker-0] INFO  statemachine.DatanodeStateMachine (DatanodeStateMachine.java:stopDaemon(395)) - Ozone container server stopped.
2019-09-24 22:38:19,224 [main] INFO  utils.BackgroundService (BackgroundService.java:shutdown(148)) - Shutting down service BlockDeletingService
2019-09-24 22:38:19,228 [main] INFO  statemachine.DatanodeStateMachine (DatanodeStateMachine.java:stopDaemon(395)) - Ozone container server stopped.
2019-09-24 22:38:19,237 [ForkJoinPool.commonPool-worker-0] INFO  handler.ContextHandler (ContextHandler.java:doStop(910)) - Stopped o.e.j.w.WebAppContext@6981f8f3{/,null,UNAVAILABLE}{/hddsDatanode}
2019-09-24 22:38:19,237 [main] INFO  handler.ContextHandler (ContextHandler.java:doStop(910)) - Stopped o.e.j.w.WebAppContext@440e3ce6{/,null,UNAVAILABLE}{/hddsDatanode}
2019-09-24 22:38:19,238 [ForkJoinPool.commonPool-worker-0] INFO  server.AbstractConnector (AbstractConnector.java:doStop(318)) - Stopped ServerConnector@623dcf2a{HTTP/1.1,[http/1.1]}{0.0.0.0:0}
2019-09-24 22:38:19,239 [ForkJoinPool.commonPool-worker-0] INFO  handler.ContextHandler (ContextHandler.java:doStop(910)) - Stopped o.e.j.s.ServletContextHandler@227a47{/static,jar:file:/home/user/.m2/repository/org/apache/hadoop/hadoop-hdds-container-service/0.5.0-SNAPSHOT/hadoop-hdds-container-service-0.5.0-SNAPSHOT.jar!/webapps/static,UNAVAILABLE}
2019-09-24 22:38:19,239 [main] INFO  server.AbstractConnector (AbstractConnector.java:doStop(318)) - Stopped ServerConnector@3e67f5f2{HTTP/1.1,[http/1.1]}{0.0.0.0:0}
2019-09-24 22:38:19,241 [ForkJoinPool.commonPool-worker-0] INFO  handler.ContextHandler (ContextHandler.java:doStop(910)) - Stopped o.e.j.s.ServletContextHandler@3968bc60{/logs,file:///workdir/hadoop-ozone/integration-test/target/log,UNAVAILABLE}
2019-09-24 22:38:19,241 [main] INFO  handler.ContextHandler (ContextHandler.java:doStop(910)) - Stopped o.e.j.s.ServletContextHandler@ed91d8d{/static,jar:file:/home/user/.m2/repository/org/apache/hadoop/hadoop-hdds-container-service/0.5.0-SNAPSHOT/hadoop-hdds-container-service-0.5.0-SNAPSHOT.jar!/webapps/static,UNAVAILABLE}
2019-09-24 22:38:19,242 [main] INFO  handler.ContextHandler (ContextHandler.java:doStop(910)) - Stopped o.e.j.s.ServletContextHandler@59bbe88a{/logs,file:///workdir/hadoop-ozone/integration-test/target/log,UNAVAILABLE}
2019-09-24 22:38:19,270 [Datanode State Machine Thread - 0] INFO  statemachine.DatanodeStateMachine (DatanodeStateMachine.java:lambda$startDaemon$0(350)) - Ozone container server started.
2019-09-24 22:38:19,413 [grpc-default-executor-6] WARN  server.GrpcLogAppender (LogUtils.java:warn(134)) - e600257f-a92d-418f-8862-d602fe0582b6@group-4C295D2E039F->fe8f780e-0bc6-4afd-b8a0-025a86d6d1c8-AppendLogResponseHandler: Failed appendEntries: org.apache.ratis.thirdparty.io.grpc.StatusRuntimeException: UNAVAILABLE: io exception
2019-09-24 22:38:19,419 [grpc-default-executor-6] INFO  impl.FollowerInfo (FollowerInfo.java:lambda$new$0(51)) - e600257f-a92d-418f-8862-d602fe0582b6@group-4C295D2E039F->fe8f780e-0bc6-4afd-b8a0-025a86d6d1c8: nextIndex: updateUnconditionally 0 -> 0
2019-09-24 22:38:19,419 [grpc-default-executor-5] WARN  server.GrpcLogAppender (LogUtils.java:warn(134)) - e600257f-a92d-418f-8862-d602fe0582b6@group-4C295D2E039F->5bc73eaa-12d0-4a96-a0e8-4b461f9d9ac4-AppendLogResponseHandler: Failed appendEntries: org.apache.ratis.thirdparty.io.grpc.StatusRuntimeException: UNAVAILABLE: io exception
2019-09-24 22:38:19,422 [grpc-default-executor-5] INFO  impl.FollowerInfo (FollowerInfo.java:lambda$new$0(51)) - e600257f-a92d-418f-8862-d602fe0582b6@group-4C295D2E039F->5bc73eaa-12d0-4a96-a0e8-4b461f9d9ac4: nextIndex: updateUnconditionally 0 -> 0
2019-09-24 22:38:19,422 [grpc-default-executor-2] WARN  server.GrpcLogAppender (LogUtils.java:warn(134)) - d1d412fa-610f-4a7d-9756-a1129e219702@group-9DA5C9124E79->21c95cdb-d9ea-42ca-a1c8-516e3611f91d-AppendLogResponseHandler: Failed appendEntries: org.apache.ratis.thirdparty.io.grpc.StatusRuntimeException: UNAVAILABLE: io exception
2019-09-24 22:38:19,424 [grpc-default-executor-2] INFO  impl.FollowerInfo (FollowerInfo.java:lambda$new$0(51)) - d1d412fa-610f-4a7d-9756-a1129e219702@group-9DA5C9124E79->21c95cdb-d9ea-42ca-a1c8-516e3611f91d: nextIndex: updateUnconditionally 0 -> 0
2019-09-24 22:38:19,531 [Datanode State Machine Thread - 0] INFO  statemachine.DatanodeStateMachine (DatanodeStateMachine.java:lambda$startDaemon$0(350)) - Ozone container server started.
2019-09-24 22:38:19,798 [grpc-default-executor-6] WARN  server.GrpcLogAppender (LogUtils.java:warn(134)) - d1d412fa-610f-4a7d-9756-a1129e219702@group-9DA5C9124E79->533bf916-75bc-4ef0-b696-2f1d5164c628-AppendLogResponseHandler: Failed appendEntries: org.apache.ratis.thirdparty.io.grpc.StatusRuntimeException: UNAVAILABLE: io exception
2019-09-24 22:38:19,800 [grpc-default-executor-6] INFO  impl.FollowerInfo (FollowerInfo.java:lambda$new$0(51)) - d1d412fa-610f-4a7d-9756-a1129e219702@group-9DA5C9124E79->533bf916-75bc-4ef0-b696-2f1d5164c628: nextIndex: updateUnconditionally 0 -> 0
2019-09-24 22:38:21,920 [grpc-default-executor-5] WARN  server.GrpcLogAppender (LogUtils.java:warn(134)) - e600257f-a92d-418f-8862-d602fe0582b6@group-4C295D2E039F->fe8f780e-0bc6-4afd-b8a0-025a86d6d1c8-AppendLogResponseHandler: Failed appendEntries: org.apache.ratis.thirdparty.io.grpc.StatusRuntimeException: UNAVAILABLE: io exception
2019-09-24 22:38:21,923 [grpc-default-executor-7] WARN  server.GrpcLogAppender (LogUtils.java:warn(134)) - e600257f-a92d-418f-8862-d602fe0582b6@group-4C295D2E039F->5bc73eaa-12d0-4a96-a0e8-4b461f9d9ac4-AppendLogResponseHandler: Failed appendEntries: org.apache.ratis.thirdparty.io.grpc.StatusRuntimeException: UNAVAILABLE: io exception
2019-09-24 22:38:21,923 [grpc-default-executor-5] INFO  impl.FollowerInfo (FollowerInfo.java:lambda$new$0(51)) - e600257f-a92d-418f-8862-d602fe0582b6@group-4C295D2E039F->fe8f780e-0bc6-4afd-b8a0-025a86d6d1c8: nextIndex: updateUnconditionally 0 -> 0
2019-09-24 22:38:21,925 [grpc-default-executor-7] INFO  impl.FollowerInfo (FollowerInfo.java:lambda$new$0(51)) - e600257f-a92d-418f-8862-d602fe0582b6@group-4C295D2E039F->5bc73eaa-12d0-4a96-a0e8-4b461f9d9ac4: nextIndex: updateUnconditionally 0 -> 0
2019-09-24 22:38:21,928 [grpc-default-executor-5] WARN  server.GrpcLogAppender (LogUtils.java:warn(134)) - d1d412fa-610f-4a7d-9756-a1129e219702@group-9DA5C9124E79->21c95cdb-d9ea-42ca-a1c8-516e3611f91d-AppendLogResponseHandler: Failed appendEntries: org.apache.ratis.thirdparty.io.grpc.StatusRuntimeException: UNAVAILABLE: io exception
2019-09-24 22:38:21,930 [grpc-default-executor-5] INFO  impl.FollowerInfo (FollowerInfo.java:lambda$new$0(51)) - d1d412fa-610f-4a7d-9756-a1129e219702@group-9DA5C9124E79->21c95cdb-d9ea-42ca-a1c8-516e3611f91d: nextIndex: updateUnconditionally 0 -> 0
2019-09-24 22:38:22,300 [grpc-default-executor-7] WARN  server.GrpcLogAppender (LogUtils.java:warn(134)) - d1d412fa-610f-4a7d-9756-a1129e219702@group-9DA5C9124E79->533bf916-75bc-4ef0-b696-2f1d5164c628-AppendLogResponseHandler: Failed appendEntries: org.apache.ratis.thirdparty.io.grpc.StatusRuntimeException: UNAVAILABLE: io exception
2019-09-24 22:38:22,302 [grpc-default-executor-7] INFO  impl.FollowerInfo (FollowerInfo.java:lambda$new$0(51)) - d1d412fa-610f-4a7d-9756-a1129e219702@group-9DA5C9124E79->533bf916-75bc-4ef0-b696-2f1d5164c628: nextIndex: updateUnconditionally 0 -> 0
2019-09-24 22:38:24,242 [ForkJoinPool.commonPool-worker-0] INFO  ozoneimpl.OzoneContainer (OzoneContainer.java:stop(231)) - Attempting to stop container services.
2019-09-24 22:38:24,243 [ForkJoinPool.commonPool-worker-0] INFO  impl.RaftServerProxy (RaftServerProxy.java:lambda$close$4(314)) - d1d412fa-610f-4a7d-9756-a1129e219702: close
2019-09-24 22:38:24,243 [main] INFO  ozoneimpl.OzoneContainer (OzoneContainer.java:stop(231)) - Attempting to stop container services.
2019-09-24 22:38:24,243 [ForkJoinPool.commonPool-worker-0] INFO  impl.RaftServerImpl (RaftServerImpl.java:lambda$shutdown$3(251)) - d1d412fa-610f-4a7d-9756-a1129e219702@group-0ABDAE7C4B6F: shutdown
2019-09-24 22:38:24,244 [main] INFO  impl.RaftServerProxy (RaftServerProxy.java:lambda$close$4(314)) - e600257f-a92d-418f-8862-d602fe0582b6: close
2019-09-24 22:38:24,244 [ForkJoinPool.commonPool-worker-0] INFO  util.JmxRegister (JmxRegister.java:unregister(73)) - Successfully un-registered JMX Bean with object name Ratis:service=RaftServer,group=group-0ABDAE7C4B6F,id=d1d412fa-610f-4a7d-9756-a1129e219702
2019-09-24 22:38:24,245 [main] INFO  impl.RaftServerImpl (RaftServerImpl.java:lambda$shutdown$3(251)) - e600257f-a92d-418f-8862-d602fe0582b6@group-68422B9CB52C: shutdown
2019-09-24 22:38:24,245 [ForkJoinPool.commonPool-worker-0] INFO  impl.RoleInfo (RoleInfo.java:shutdownLeaderState(104)) - d1d412fa-610f-4a7d-9756-a1129e219702: shutdown LeaderState
2019-09-24 22:38:24,245 [main] INFO  util.JmxRegister (JmxRegister.java:unregister(73)) - Successfully un-registered JMX Bean with object name Ratis:service=RaftServer,group=group-68422B9CB52C,id=e600257f-a92d-418f-8862-d602fe0582b6
2019-09-24 22:38:24,246 [ForkJoinPool.commonPool-worker-0] INFO  impl.PendingRequests (PendingRequests.java:sendNotLeaderResponses(202)) - d1d412fa-610f-4a7d-9756-a1129e219702-PendingRequests: sendNotLeaderResponses
2019-09-24 22:38:24,246 [main] INFO  impl.RoleInfo (RoleInfo.java:shutdownLeaderState(104)) - e600257f-a92d-418f-8862-d602fe0582b6: shutdown LeaderState
2019-09-24 22:38:24,247 [ForkJoinPool.commonPool-worker-0] INFO  impl.StateMachineUpdater (StateMachineUpdater.java:stopAndJoin(125)) - d1d412fa-610f-4a7d-9756-a1129e219702@group-0ABDAE7C4B6F-StateMachineUpdater: set stopIndex = 0
2019-09-24 22:38:24,247 [main] INFO  impl.PendingRequests (PendingRequests.java:sendNotLeaderResponses(202)) - e600257f-a92d-418f-8862-d602fe0582b6-PendingRequests: sendNotLeaderResponses
2019-09-24 22:38:24,249 [ForkJoinPool.commonPool-worker-0] INFO  impl.RaftServerImpl (ServerState.java:close(385)) - d1d412fa-610f-4a7d-9756-a1129e219702@group-0ABDAE7C4B6F: closes. applyIndex: 0
2019-09-24 22:38:24,250 [main] INFO  impl.StateMachineUpdater (StateMachineUpdater.java:stopAndJoin(125)) - e600257f-a92d-418f-8862-d602fe0582b6@group-68422B9CB52C-StateMachineUpdater: set stopIndex = 0
2019-09-24 22:38:24,250 [d1d412fa-610f-4a7d-9756-a1129e219702@group-0ABDAE7C4B6F-SegmentedRaftLogWorker] INFO  segmented.SegmentedRaftLogWorker (SegmentedRaftLogWorker.java:run(313)) - d1d412fa-610f-4a7d-9756-a1129e219702@group-0ABDAE7C4B6F-SegmentedRaftLogWorker was interrupted, exiting. There are 0 tasks remaining in the queue.
2019-09-24 22:38:24,250 [main] INFO  impl.RaftServerImpl (ServerState.java:close(385)) - e600257f-a92d-418f-8862-d602fe0582b6@group-68422B9CB52C: closes. applyIndex: 0
2019-09-24 22:38:24,251 [ForkJoinPool.commonPool-worker-0] INFO  segmented.SegmentedRaftLogWorker (SegmentedRaftLogWorker.java:close(228)) - d1d412fa-610f-4a7d-9756-a1129e219702@group-0ABDAE7C4B6F-SegmentedRaftLogWorker close()
2019-09-24 22:38:24,251 [e600257f-a92d-418f-8862-d602fe0582b6@group-68422B9CB52C-SegmentedRaftLogWorker] INFO  segmented.SegmentedRaftLogWorker (SegmentedRaftLogWorker.java:run(313)) - e600257f-a92d-418f-8862-d602fe0582b6@group-68422B9CB52C-SegmentedRaftLogWorker was interrupted, exiting. There are 0 tasks remaining in the queue.
2019-09-24 22:38:24,253 [ForkJoinPool.commonPool-worker-0] INFO  impl.RaftServerImpl (RaftServerImpl.java:lambda$shutdown$3(251)) - d1d412fa-610f-4a7d-9756-a1129e219702@group-9DA5C9124E79: shutdown
2019-09-24 22:38:24,253 [main] INFO  segmented.SegmentedRaftLogWorker (SegmentedRaftLogWorker.java:close(228)) - e600257f-a92d-418f-8862-d602fe0582b6@group-68422B9CB52C-SegmentedRaftLogWorker close()
2019-09-24 22:38:24,253 [ForkJoinPool.commonPool-worker-0] INFO  util.JmxRegister (JmxRegister.java:unregister(73)) - Successfully un-registered JMX Bean with object name Ratis:service=RaftServer,group=group-9DA5C9124E79,id=d1d412fa-610f-4a7d-9756-a1129e219702
2019-09-24 22:38:24,255 [main] INFO  impl.RaftServerImpl (RaftServerImpl.java:lambda$shutdown$3(251)) - e600257f-a92d-418f-8862-d602fe0582b6@group-4C295D2E039F: shutdown
2019-09-24 22:38:24,255 [ForkJoinPool.commonPool-worker-0] INFO  impl.RoleInfo (RoleInfo.java:shutdownLeaderState(104)) - d1d412fa-610f-4a7d-9756-a1129e219702: shutdown LeaderState
2019-09-24 22:38:24,255 [main] INFO  util.JmxRegister (JmxRegister.java:unregister(73)) - Successfully un-registered JMX Bean with object name Ratis:service=RaftServer,group=group-4C295D2E039F,id=e600257f-a92d-418f-8862-d602fe0582b6
2019-09-24 22:38:24,258 [org.apache.ratis.server.impl.LogAppender$AppenderDaemon$$Lambda$406/15867553@9b0df7c] WARN  server.GrpcLogAppender (GrpcLogAppender.java:mayWait(143)) - d1d412fa-610f-4a7d-9756-a1129e219702@group-9DA5C9124E79->21c95cdb-d9ea-42ca-a1c8-516e3611f91d-GrpcLogAppender: Wait interrupted by java.lang.InterruptedException
2019-09-24 22:38:24,258 [ForkJoinPool.commonPool-worker-0] INFO  impl.PendingRequests (PendingRequests.java:sendNotLeaderResponses(202)) - d1d412fa-610f-4a7d-9756-a1129e219702-PendingRequests: sendNotLeaderResponses
2019-09-24 22:38:24,258 [org.apache.ratis.server.impl.LogAppender$AppenderDaemon$$Lambda$406/15867553@41c225cd] WARN  server.GrpcLogAppender (GrpcLogAppender.java:mayWait(143)) - d1d412fa-610f-4a7d-9756-a1129e219702@group-9DA5C9124E79->533bf916-75bc-4ef0-b696-2f1d5164c628-GrpcLogAppender: Wait interrupted by java.lang.InterruptedException
2019-09-24 22:38:24,260 [ForkJoinPool.commonPool-worker-0] INFO  impl.StateMachineUpdater (StateMachineUpdater.java:stopAndJoin(125)) - d1d412fa-610f-4a7d-9756-a1129e219702@group-9DA5C9124E79-StateMachineUpdater: set stopIndex = 0
2019-09-24 22:38:24,258 [main] INFO  impl.RoleInfo (RoleInfo.java:shutdownLeaderState(104)) - e600257f-a92d-418f-8862-d602fe0582b6: shutdown LeaderState
2019-09-24 22:38:24,261 [ForkJoinPool.commonPool-worker-0] INFO  impl.RaftServerImpl (ServerState.java:close(385)) - d1d412fa-610f-4a7d-9756-a1129e219702@group-9DA5C9124E79: closes. applyIndex: 0
2019-09-24 22:38:24,264 [org.apache.ratis.server.impl.LogAppender$AppenderDaemon$$Lambda$406/15867553@37b3bc69] WARN  server.GrpcLogAppender (GrpcLogAppender.java:mayWait(143)) - e600257f-a92d-418f-8862-d602fe0582b6@group-4C295D2E039F->5bc73eaa-12d0-4a96-a0e8-4b461f9d9ac4-GrpcLogAppender: Wait interrupted by java.lang.InterruptedException
2019-09-24 22:38:24,264 [main] INFO  impl.PendingRequests (PendingRequests.java:sendNotLeaderResponses(202)) - e600257f-a92d-418f-8862-d602fe0582b6-PendingRequests: sendNotLeaderResponses
2019-09-24 22:38:24,264 [org.apache.ratis.server.impl.LogAppender$AppenderDaemon$$Lambda$406/15867553@343fd011] WARN  server.GrpcLogAppender (GrpcLogAppender.java:mayWait(143)) - e600257f-a92d-418f-8862-d602fe0582b6@group-4C295D2E039F->fe8f780e-0bc6-4afd-b8a0-025a86d6d1c8-GrpcLogAppender: Wait interrupted by java.lang.InterruptedException
2019-09-24 22:38:24,266 [main] INFO  impl.StateMachineUpdater (StateMachineUpdater.java:stopAndJoin(125)) - e600257f-a92d-418f-8862-d602fe0582b6@group-4C295D2E039F-StateMachineUpdater: set stopIndex = 0
2019-09-24 22:38:24,265 [d1d412fa-610f-4a7d-9756-a1129e219702@group-9DA5C9124E79-SegmentedRaftLogWorker] INFO  segmented.SegmentedRaftLogWorker (SegmentedRaftLogWorker.java:run(313)) - d1d412fa-610f-4a7d-9756-a1129e219702@group-9DA5C9124E79-SegmentedRaftLogWorker was interrupted, exiting. There are 0 tasks remaining in the queue.
2019-09-24 22:38:24,272 [main] INFO  impl.RaftServerImpl (ServerState.java:close(385)) - e600257f-a92d-418f-8862-d602fe0582b6@group-4C295D2E039F: closes. applyIndex: 0
2019-09-24 22:38:24,273 [ForkJoinPool.commonPool-worker-0] INFO  segmented.SegmentedRaftLogWorker (SegmentedRaftLogWorker.java:close(228)) - d1d412fa-610f-4a7d-9756-a1129e219702@group-9DA5C9124E79-SegmentedRaftLogWorker close()
2019-09-24 22:38:24,274 [e600257f-a92d-418f-8862-d602fe0582b6@group-4C295D2E039F-SegmentedRaftLogWorker] INFO  segmented.SegmentedRaftLogWorker (SegmentedRaftLogWorker.java:run(313)) - e600257f-a92d-418f-8862-d602fe0582b6@group-4C295D2E039F-SegmentedRaftLogWorker was interrupted, exiting. There are 0 tasks remaining in the queue.
2019-09-24 22:38:24,275 [ForkJoinPool.commonPool-worker-0] INFO  server.GrpcService (GrpcService.java:closeImpl(164)) - d1d412fa-610f-4a7d-9756-a1129e219702: shutdown server with port 40539 now
2019-09-24 22:38:24,275 [main] INFO  segmented.SegmentedRaftLogWorker (SegmentedRaftLogWorker.java:close(228)) - e600257f-a92d-418f-8862-d602fe0582b6@group-4C295D2E039F-SegmentedRaftLogWorker close()
2019-09-24 22:38:24,276 [ForkJoinPool.commonPool-worker-0] INFO  server.GrpcService (GrpcService.java:closeImpl(172)) - d1d412fa-610f-4a7d-9756-a1129e219702: shutdown server with port 40539 successfully
2019-09-24 22:38:24,277 [main] INFO  server.GrpcService (GrpcService.java:closeImpl(164)) - e600257f-a92d-418f-8862-d602fe0582b6: shutdown server with port 42621 now
2019-09-24 22:38:24,279 [main] INFO  server.GrpcService (GrpcService.java:closeImpl(172)) - e600257f-a92d-418f-8862-d602fe0582b6: shutdown server with port 42621 successfully
2019-09-24 22:38:24,281 [refreshUsed-/workdir/hadoop-ozone/integration-test/target/test-dir/MiniOzoneClusterImpl-95732fd8-3d66-4978-936c-af465de6078a/datanode-7/data/containers] WARN  fs.CachingGetSpaceUsed (CachingGetSpaceUsed.java:run(183)) - Thread Interrupted waiting to refresh disk information: sleep interrupted
2019-09-24 22:38:24,289 [refreshUsed-/workdir/hadoop-ozone/integration-test/target/test-dir/MiniOzoneClusterImpl-95732fd8-3d66-4978-936c-af465de6078a/datanode-1/data/containers] WARN  fs.CachingGetSpaceUsed (CachingGetSpaceUsed.java:run(183)) - Thread Interrupted waiting to refresh disk information: sleep interrupted
2019-09-24 22:38:24,296 [main] INFO  utils.BackgroundService (BackgroundService.java:shutdown(148)) - Shutting down service BlockDeletingService
2019-09-24 22:38:24,300 [main] INFO  statemachine.DatanodeStateMachine (DatanodeStateMachine.java:stopDaemon(395)) - Ozone container server stopped.
2019-09-24 22:38:24,304 [ForkJoinPool.commonPool-worker-0] INFO  utils.BackgroundService (BackgroundService.java:shutdown(148)) - Shutting down service BlockDeletingService
2019-09-24 22:38:24,307 [ForkJoinPool.commonPool-worker-0] INFO  statemachine.DatanodeStateMachine (DatanodeStateMachine.java:stopDaemon(395)) - Ozone container server stopped.
2019-09-24 22:38:24,314 [main] INFO  handler.ContextHandler (ContextHandler.java:doStop(910)) - Stopped o.e.j.w.WebAppContext@3078cac{/,null,UNAVAILABLE}{/hddsDatanode}
2019-09-24 22:38:24,315 [ForkJoinPool.commonPool-worker-0] INFO  handler.ContextHandler (ContextHandler.java:doStop(910)) - Stopped o.e.j.w.WebAppContext@5b5e7036{/,null,UNAVAILABLE}{/hddsDatanode}
2019-09-24 22:38:24,316 [ForkJoinPool.commonPool-worker-0] INFO  server.AbstractConnector (AbstractConnector.java:doStop(318)) - Stopped ServerConnector@62dbe64e{HTTP/1.1,[http/1.1]}{0.0.0.0:0}
2019-09-24 22:38:24,316 [main] INFO  server.AbstractConnector (AbstractConnector.java:doStop(318)) - Stopped ServerConnector@f6de586{HTTP/1.1,[http/1.1]}{0.0.0.0:0}
2019-09-24 22:38:24,318 [ForkJoinPool.commonPool-worker-0] INFO  handler.ContextHandler (ContextHandler.java:doStop(910)) - Stopped o.e.j.s.ServletContextHandler@3bbf841e{/static,jar:file:/home/user/.m2/repository/org/apache/hadoop/hadoop-hdds-container-service/0.5.0-SNAPSHOT/hadoop-hdds-container-service-0.5.0-SNAPSHOT.jar!/webapps/static,UNAVAILABLE}
2019-09-24 22:38:24,318 [main] INFO  handler.ContextHandler (ContextHandler.java:doStop(910)) - Stopped o.e.j.s.ServletContextHandler@46aa712c{/static,jar:file:/home/user/.m2/repository/org/apache/hadoop/hadoop-hdds-container-service/0.5.0-SNAPSHOT/hadoop-hdds-container-service-0.5.0-SNAPSHOT.jar!/webapps/static,UNAVAILABLE}
2019-09-24 22:38:24,319 [ForkJoinPool.commonPool-worker-0] INFO  handler.ContextHandler (ContextHandler.java:doStop(910)) - Stopped o.e.j.s.ServletContextHandler@5679e96b{/logs,file:///workdir/hadoop-ozone/integration-test/target/log,UNAVAILABLE}
2019-09-24 22:38:24,319 [main] INFO  handler.ContextHandler (ContextHandler.java:doStop(910)) - Stopped o.e.j.s.ServletContextHandler@2a869a16{/logs,file:///workdir/hadoop-ozone/integration-test/target/log,UNAVAILABLE}
2019-09-24 22:38:24,321 [main] INFO  ozone.MiniOzoneClusterImpl (MiniOzoneClusterImpl.java:stopSCM(392)) - Stopping the StorageContainerManager
2019-09-24 22:38:24,321 [main] INFO  server.StorageContainerManager (StorageContainerManager.java:stop(808)) - Stopping Replication Manager Service.
2019-09-24 22:38:24,321 [main] INFO  container.ReplicationManager (ReplicationManager.java:stop(203)) - Stopping Replication Monitor Thread.
2019-09-24 22:38:24,321 [main] INFO  server.StorageContainerManager (StorageContainerManager.java:stop(815)) - Stopping Lease Manager of the command watchers
2019-09-24 22:38:24,322 [main] INFO  server.StorageContainerManager (StorageContainerManager.java:stop(822)) - Stopping datanode service RPC server
2019-09-24 22:38:24,322 [main] INFO  server.SCMDatanodeProtocolServer (SCMDatanodeProtocolServer.java:stop(367)) - Stopping the RPC server for DataNodes
2019-09-24 22:38:24,322 [main] INFO  ipc.Server (Server.java:stop(3082)) - Stopping server on 46807
2019-09-24 22:38:24,324 [IPC Server listener on 46807] INFO  ipc.Server (Server.java:run(1185)) - Stopping IPC Server listener on 46807
2019-09-24 22:38:24,325 [IPC Server Responder] INFO  ipc.Server (Server.java:run(1319)) - Stopping IPC Server Responder
2019-09-24 22:38:24,407 [SCM Heartbeat Processing Thread - 0] WARN  node.NodeStateManager (NodeStateManager.java:scheduleNextHealthCheck(646)) - Current Thread is interrupted, shutting down HB processing thread for Node Manager.
2019-09-24 22:38:24,407 [main] INFO  server.StorageContainerManager (StorageContainerManager.java:stop(830)) - Stopping block service RPC server
2019-09-24 22:38:24,407 [main] INFO  server.SCMBlockProtocolServer (SCMBlockProtocolServer.java:stop(155)) - Stopping the RPC server for Block Protocol
2019-09-24 22:38:24,408 [main] INFO  ipc.Server (Server.java:stop(3082)) - Stopping server on 38289
2019-09-24 22:38:24,411 [IPC Server listener on 38289] INFO  ipc.Server (Server.java:run(1185)) - Stopping IPC Server listener on 38289
2019-09-24 22:38:24,411 [main] INFO  server.StorageContainerManager (StorageContainerManager.java:stop(837)) - Stopping the StorageContainerLocationProtocol RPC server
2019-09-24 22:38:24,411 [IPC Server Responder] INFO  ipc.Server (Server.java:run(1319)) - Stopping IPC Server Responder
2019-09-24 22:38:24,411 [main] INFO  server.SCMClientProtocolServer (SCMClientProtocolServer.java:stop(159)) - Stopping the RPC server for Client Protocol
2019-09-24 22:38:24,411 [main] INFO  ipc.Server (Server.java:stop(3082)) - Stopping server on 39106
2019-09-24 22:38:24,414 [IPC Server listener on 39106] INFO  ipc.Server (Server.java:run(1185)) - Stopping IPC Server listener on 39106
2019-09-24 22:38:24,414 [main] INFO  server.StorageContainerManager (StorageContainerManager.java:stop(844)) - Stopping Storage Container Manager HTTP server.
2019-09-24 22:38:24,414 [IPC Server Responder] INFO  ipc.Server (Server.java:run(1319)) - Stopping IPC Server Responder
2019-09-24 22:38:24,415 [main] INFO  handler.ContextHandler (ContextHandler.java:doStop(910)) - Stopped o.e.j.w.WebAppContext@59a67c3a{/,null,UNAVAILABLE}{/scm}
2019-09-24 22:38:24,417 [main] INFO  server.AbstractConnector (AbstractConnector.java:doStop(318)) - Stopped ServerConnector@3d6300e8{HTTP/1.1,[http/1.1]}{0.0.0.0:0}
2019-09-24 22:38:24,417 [main] INFO  handler.ContextHandler (ContextHandler.java:doStop(910)) - Stopped o.e.j.s.ServletContextHandler@8692d67{/static,file:///workdir/hadoop-ozone/integration-test/target/test-classes/webapps/static,UNAVAILABLE}
2019-09-24 22:38:24,417 [main] INFO  handler.ContextHandler (ContextHandler.java:doStop(910)) - Stopped o.e.j.s.ServletContextHandler@56303b57{/logs,file:///workdir/hadoop-ozone/integration-test/target/log,UNAVAILABLE}
2019-09-24 22:38:24,418 [main] INFO  server.StorageContainerManager (StorageContainerManager.java:stop(855)) - Stopping Block Manager Service.
2019-09-24 22:38:24,418 [main] INFO  utils.BackgroundService (BackgroundService.java:shutdown(148)) - Shutting down service SCMBlockDeletingService
2019-09-24 22:38:24,419 [main] INFO  utils.BackgroundService (BackgroundService.java:shutdown(148)) - Shutting down service SCMBlockDeletingService
2019-09-24 22:38:24,420 [main] INFO  server.StorageContainerManager (StorageContainerManager.java:stop(877)) - Stopping SCM Event Queue.
2019-09-24 22:38:24,428 [main] INFO  impl.MetricsSystemImpl (MetricsSystemImpl.java:stop(210)) - Stopping ratis metrics system...
2019-09-24 22:38:24,442 [prometheus] INFO  impl.MetricsSinkAdapter (MetricsSinkAdapter.java:publishMetricsFromQueue(141)) - prometheus thread interrupted.
2019-09-24 22:38:24,443 [main] INFO  impl.MetricsSystemImpl (MetricsSystemImpl.java:stop(216)) - ratis metrics system stopped.
]]></system-out>
    <system-err><![CDATA[ERROR StatusLogger No Log4j 2 configuration file found. Using default configuration (logging only errors to the console), or user programmatically provided configurations. Set system property 'log4j2.debug' to show Log4j 2 internal initialization logging. See https://logging.apache.org/log4j/2.x/manual/configuration.html for instructions on how to configure Log4j 2
Sep 24, 2019 10:38:03 PM org.apache.ratis.thirdparty.io.grpc.internal.SerializingExecutor run
SEVERE: Exception while executing runnable org.apache.ratis.thirdparty.io.grpc.internal.ServerImpl$JumpToApplicationThreadServerStreamListener$1Closed@49e98e93
org.apache.ratis.thirdparty.io.grpc.StatusRuntimeException: CANCELLED: call already cancelled
	at org.apache.ratis.thirdparty.io.grpc.Status.asRuntimeException(Status.java:517)
	at org.apache.ratis.thirdparty.io.grpc.stub.ServerCalls$ServerCallStreamObserverImpl.onCompleted(ServerCalls.java:356)
	at org.apache.ratis.grpc.server.GrpcServerProtocolService$ServerRequestStreamObserver.onError(GrpcServerProtocolService.java:121)
	at org.apache.ratis.thirdparty.io.grpc.stub.ServerCalls$StreamingServerCallHandler$StreamingServerCallListener.onCancel(ServerCalls.java:269)
	at org.apache.ratis.thirdparty.io.grpc.internal.ServerCallImpl$ServerStreamListenerImpl.closed(ServerCallImpl.java:293)
	at org.apache.ratis.thirdparty.io.grpc.internal.ServerImpl$JumpToApplicationThreadServerStreamListener$1Closed.runInContext(ServerImpl.java:741)
	at org.apache.ratis.thirdparty.io.grpc.internal.ContextRunnable.run(ContextRunnable.java:37)
	at org.apache.ratis.thirdparty.io.grpc.internal.SerializingExecutor.run(SerializingExecutor.java:123)
	at java.util.concurrent.ThreadPoolExecutor.runWorker(ThreadPoolExecutor.java:1149)
	at java.util.concurrent.ThreadPoolExecutor$Worker.run(ThreadPoolExecutor.java:624)
	at java.lang.Thread.run(Thread.java:748)

Sep 24, 2019 10:38:08 PM org.apache.ratis.thirdparty.io.grpc.internal.SerializingExecutor run
SEVERE: Exception while executing runnable org.apache.ratis.thirdparty.io.grpc.internal.ServerImpl$JumpToApplicationThreadServerStreamListener$1Closed@16267916
org.apache.ratis.thirdparty.io.grpc.StatusRuntimeException: CANCELLED: call already cancelled
	at org.apache.ratis.thirdparty.io.grpc.Status.asRuntimeException(Status.java:517)
	at org.apache.ratis.thirdparty.io.grpc.stub.ServerCalls$ServerCallStreamObserverImpl.onCompleted(ServerCalls.java:356)
	at org.apache.ratis.grpc.server.GrpcServerProtocolService$ServerRequestStreamObserver.onError(GrpcServerProtocolService.java:121)
	at org.apache.ratis.thirdparty.io.grpc.stub.ServerCalls$StreamingServerCallHandler$StreamingServerCallListener.onCancel(ServerCalls.java:269)
	at org.apache.ratis.thirdparty.io.grpc.internal.ServerCallImpl$ServerStreamListenerImpl.closed(ServerCallImpl.java:293)
	at org.apache.ratis.thirdparty.io.grpc.internal.ServerImpl$JumpToApplicationThreadServerStreamListener$1Closed.runInContext(ServerImpl.java:741)
	at org.apache.ratis.thirdparty.io.grpc.internal.ContextRunnable.run(ContextRunnable.java:37)
	at org.apache.ratis.thirdparty.io.grpc.internal.SerializingExecutor.run(SerializingExecutor.java:123)
	at java.util.concurrent.ThreadPoolExecutor.runWorker(ThreadPoolExecutor.java:1149)
	at java.util.concurrent.ThreadPoolExecutor$Worker.run(ThreadPoolExecutor.java:624)
	at java.lang.Thread.run(Thread.java:748)

Sep 24, 2019 10:38:14 PM org.apache.ratis.thirdparty.io.grpc.internal.SerializingExecutor run
SEVERE: Exception while executing runnable org.apache.ratis.thirdparty.io.grpc.internal.ServerImpl$JumpToApplicationThreadServerStreamListener$1Closed@2a1b5f5d
org.apache.ratis.thirdparty.io.grpc.StatusRuntimeException: CANCELLED: call already cancelled
	at org.apache.ratis.thirdparty.io.grpc.Status.asRuntimeException(Status.java:517)
	at org.apache.ratis.thirdparty.io.grpc.stub.ServerCalls$ServerCallStreamObserverImpl.onCompleted(ServerCalls.java:356)
	at org.apache.ratis.grpc.server.GrpcServerProtocolService$ServerRequestStreamObserver.onError(GrpcServerProtocolService.java:121)
	at org.apache.ratis.thirdparty.io.grpc.stub.ServerCalls$StreamingServerCallHandler$StreamingServerCallListener.onCancel(ServerCalls.java:269)
	at org.apache.ratis.thirdparty.io.grpc.internal.ServerCallImpl$ServerStreamListenerImpl.closed(ServerCallImpl.java:293)
	at org.apache.ratis.thirdparty.io.grpc.internal.ServerImpl$JumpToApplicationThreadServerStreamListener$1Closed.runInContext(ServerImpl.java:741)
	at org.apache.ratis.thirdparty.io.grpc.internal.ContextRunnable.run(ContextRunnable.java:37)
	at org.apache.ratis.thirdparty.io.grpc.internal.SerializingExecutor.run(SerializingExecutor.java:123)
	at java.util.concurrent.ThreadPoolExecutor.runWorker(ThreadPoolExecutor.java:1149)
	at java.util.concurrent.ThreadPoolExecutor$Worker.run(ThreadPoolExecutor.java:624)
	at java.lang.Thread.run(Thread.java:748)

Sep 24, 2019 10:38:19 PM org.apache.ratis.thirdparty.io.grpc.internal.SerializingExecutor run
SEVERE: Exception while executing runnable org.apache.ratis.thirdparty.io.grpc.internal.ServerImpl$JumpToApplicationThreadServerStreamListener$1Closed@eea5b73
org.apache.ratis.thirdparty.io.grpc.StatusRuntimeException: CANCELLED: call already cancelled
	at org.apache.ratis.thirdparty.io.grpc.Status.asRuntimeException(Status.java:517)
	at org.apache.ratis.thirdparty.io.grpc.stub.ServerCalls$ServerCallStreamObserverImpl.onCompleted(ServerCalls.java:356)
	at org.apache.ratis.grpc.server.GrpcServerProtocolService$ServerRequestStreamObserver.onError(GrpcServerProtocolService.java:121)
	at org.apache.ratis.thirdparty.io.grpc.stub.ServerCalls$StreamingServerCallHandler$StreamingServerCallListener.onCancel(ServerCalls.java:269)
	at org.apache.ratis.thirdparty.io.grpc.internal.ServerCallImpl$ServerStreamListenerImpl.closed(ServerCallImpl.java:293)
	at org.apache.ratis.thirdparty.io.grpc.internal.ServerImpl$JumpToApplicationThreadServerStreamListener$1Closed.runInContext(ServerImpl.java:741)
	at org.apache.ratis.thirdparty.io.grpc.internal.ContextRunnable.run(ContextRunnable.java:37)
	at org.apache.ratis.thirdparty.io.grpc.internal.SerializingExecutor.run(SerializingExecutor.java:123)
	at java.util.concurrent.ThreadPoolExecutor.runWorker(ThreadPoolExecutor.java:1149)
	at java.util.concurrent.ThreadPoolExecutor$Worker.run(ThreadPoolExecutor.java:624)
	at java.lang.Thread.run(Thread.java:748)

]]></system-err>
  </testcase>
</testsuite>