<?xml version="1.0" encoding="UTF-8"?>
<testsuite xmlns:xsi="http://www.w3.org/2001/XMLSchema-instance" xsi:noNamespaceSchemaLocation="https://maven.apache.org/surefire/maven-surefire-plugin/xsd/surefire-test-report.xsd" name="org.apache.hadoop.ozone.client.rpc.TestMultiBlockWritesWithDnFailures" time="278.5" tests="2" errors="2" skipped="0" failures="0">
  <properties>
    <property name="awt.toolkit" value="sun.awt.X11.XToolkit"/>
    <property name="file.encoding.pkg" value="sun.io"/>
    <property name="java.specification.version" value="1.8"/>
    <property name="sun.cpu.isalist" value=""/>
    <property name="sun.jnu.encoding" value="UTF-8"/>
    <property name="java.class.path" value="/workdir/hadoop-ozone/integration-test/target/test-classes:/workdir/hadoop-ozone/integration-test/target/classes:/home/user/.m2/repository/org/apache/hadoop/hadoop-ozone-common/0.5.0-SNAPSHOT/hadoop-ozone-common-0.5.0-SNAPSHOT.jar:/home/user/.m2/repository/org/apache/commons/commons-compress/1.4.1/commons-compress-1.4.1.jar:/home/user/.m2/repository/org/tukaani/xz/1.0/xz-1.0.jar:/home/user/.m2/repository/org/apache/hadoop/hadoop-common/3.2.0/hadoop-common-3.2.0.jar:/home/user/.m2/repository/org/apache/hadoop/hadoop-hdfs/3.2.0/hadoop-hdfs-3.2.0.jar:/home/user/.m2/repository/org/apache/hadoop/hadoop-hdfs-client/3.2.0/hadoop-hdfs-client-3.2.0.jar:/home/user/.m2/repository/com/fasterxml/jackson/core/jackson-annotations/2.9.9/jackson-annotations-2.9.9.jar:/home/user/.m2/repository/org/apache/hadoop/hadoop-hdds-common/0.5.0-SNAPSHOT/hadoop-hdds-common-0.5.0-SNAPSHOT.jar:/home/user/.m2/repository/javax/annotation/javax.annotation-api/1.2/javax.annotation-api-1.2.jar:/home/user/.m2/repository/org/apache/ratis/ratis-server/0.4.0/ratis-server-0.4.0.jar:/home/user/.m2/repository/org/apache/ratis/ratis-thirdparty-misc/0.2.0/ratis-thirdparty-misc-0.2.0.jar:/home/user/.m2/repository/org/apache/ratis/ratis-proto/0.4.0/ratis-proto-0.4.0.jar:/home/user/.m2/repository/org/apache/ratis/ratis-common/0.4.0/ratis-common-0.4.0.jar:/home/user/.m2/repository/org/apache/ratis/ratis-client/0.4.0/ratis-client-0.4.0.jar:/home/user/.m2/repository/org/apache/ratis/ratis-metrics/0.4.0/ratis-metrics-0.4.0.jar:/home/user/.m2/repository/com/github/joshelser/dropwizard-metrics-hadoop-metrics2-reporter/0.1.2/dropwizard-metrics-hadoop-metrics2-reporter-0.1.2.jar:/home/user/.m2/repository/io/dropwizard/metrics/metrics-jvm/3.2.5/metrics-jvm-3.2.5.jar:/home/user/.m2/repository/io/dropwizard/metrics/metrics-ganglia/3.2.5/metrics-ganglia-3.2.5.jar:/home/user/.m2/repository/info/ganglia/gmetric4j/gmetric4j/1.0.7/gmetric4j-1.0.7.jar:/home/user/.m2/repository/org/apache/ratis/ratis-netty/0.4.0/ratis-netty-0.4.0.jar:/home/user/.m2/repository/org/apache/ratis/ratis-grpc/0.4.0/ratis-grpc-0.4.0.jar:/home/user/.m2/repository/org/rocksdb/rocksdbjni/6.0.1/rocksdbjni-6.0.1.jar:/home/user/.m2/repository/org/apache/logging/log4j/log4j-api/2.11.0/log4j-api-2.11.0.jar:/home/user/.m2/repository/org/apache/logging/log4j/log4j-core/2.11.0/log4j-core-2.11.0.jar:/home/user/.m2/repository/com/lmax/disruptor/3.4.2/disruptor-3.4.2.jar:/home/user/.m2/repository/org/apache/commons/commons-pool2/2.6.0/commons-pool2-2.6.0.jar:/home/user/.m2/repository/org/bouncycastle/bcpkix-jdk15on/1.60/bcpkix-jdk15on-1.60.jar:/home/user/.m2/repository/commons-validator/commons-validator/1.6/commons-validator-1.6.jar:/home/user/.m2/repository/commons-digester/commons-digester/1.8.1/commons-digester-1.8.1.jar:/home/user/.m2/repository/io/jaegertracing/jaeger-client/0.34.0/jaeger-client-0.34.0.jar:/home/user/.m2/repository/io/jaegertracing/jaeger-thrift/0.34.0/jaeger-thrift-0.34.0.jar:/home/user/.m2/repository/org/apache/thrift/libthrift/0.12.0/libthrift-0.12.0.jar:/home/user/.m2/repository/com/squareup/okhttp3/okhttp/3.9.0/okhttp-3.9.0.jar:/home/user/.m2/repository/com/squareup/okio/okio/1.13.0/okio-1.13.0.jar:/home/user/.m2/repository/io/jaegertracing/jaeger-core/0.34.0/jaeger-core-0.34.0.jar:/home/user/.m2/repository/io/jaegertracing/jaeger-tracerresolver/0.34.0/jaeger-tracerresolver-0.34.0.jar:/home/user/.m2/repository/io/opentracing/contrib/opentracing-tracerresolver/0.1.5/opentracing-tracerresolver-0.1.5.jar:/home/user/.m2/repository/io/opentracing/opentracing-util/0.31.0/opentracing-util-0.31.0.jar:/home/user/.m2/repository/io/opentracing/opentracing-api/0.31.0/opentracing-api-0.31.0.jar:/home/user/.m2/repository/io/opentracing/opentracing-noop/0.31.0/opentracing-noop-0.31.0.jar:/home/user/.m2/repository/org/apache/hadoop/hadoop-hdds-server-framework/0.5.0-SNAPSHOT/hadoop-hdds-server-framework-0.5.0-SNAPSHOT.jar:/home/user/.m2/repository/org/apache/hadoop/hadoop-hdds-container-service/0.5.0-SNAPSHOT/hadoop-hdds-container-service-0.5.0-SNAPSHOT.jar:/home/user/.m2/repository/org/apache/hadoop/hadoop-hdds-client/0.5.0-SNAPSHOT/hadoop-hdds-client-0.5.0-SNAPSHOT.jar:/home/user/.m2/repository/org/apache/hadoop/hadoop-hdds-tools/0.5.0-SNAPSHOT/hadoop-hdds-tools-0.5.0-SNAPSHOT.jar:/home/user/.m2/repository/org/apache/hadoop/hadoop-hdds-server-scm/0.5.0-SNAPSHOT/hadoop-hdds-server-scm-0.5.0-SNAPSHOT.jar:/home/user/.m2/repository/org/apache/hadoop/hadoop-hdds-docs/0.5.0-SNAPSHOT/hadoop-hdds-docs-0.5.0-SNAPSHOT.jar:/home/user/.m2/repository/io/dropwizard/metrics/metrics-core/3.2.4/metrics-core-3.2.4.jar:/home/user/.m2/repository/org/hamcrest/hamcrest-all/1.3/hamcrest-all-1.3.jar:/home/user/.m2/repository/org/bouncycastle/bcprov-jdk15on/1.60/bcprov-jdk15on-1.60.jar:/home/user/.m2/repository/info/picocli/picocli/3.9.6/picocli-3.9.6.jar:/home/user/.m2/repository/com/google/protobuf/protobuf-java/2.5.0/protobuf-java-2.5.0.jar:/home/user/.m2/repository/com/google/guava/guava/11.0.2/guava-11.0.2.jar:/home/user/.m2/repository/org/apache/hadoop/hadoop-ozone-ozone-manager/0.5.0-SNAPSHOT/hadoop-ozone-ozone-manager-0.5.0-SNAPSHOT.jar:/home/user/.m2/repository/org/apache/hadoop/hadoop-minikdc/3.2.0/hadoop-minikdc-3.2.0.jar:/home/user/.m2/repository/commons-io/commons-io/2.5/commons-io-2.5.jar:/home/user/.m2/repository/org/apache/kerby/kerb-simplekdc/1.0.1/kerb-simplekdc-1.0.1.jar:/home/user/.m2/repository/org/apache/kerby/kerb-client/1.0.1/kerb-client-1.0.1.jar:/home/user/.m2/repository/org/apache/kerby/kerby-config/1.0.1/kerby-config-1.0.1.jar:/home/user/.m2/repository/org/apache/kerby/kerb-core/1.0.1/kerb-core-1.0.1.jar:/home/user/.m2/repository/org/apache/kerby/kerby-pkix/1.0.1/kerby-pkix-1.0.1.jar:/home/user/.m2/repository/org/apache/kerby/kerby-asn1/1.0.1/kerby-asn1-1.0.1.jar:/home/user/.m2/repository/org/apache/kerby/kerby-util/1.0.1/kerby-util-1.0.1.jar:/home/user/.m2/repository/org/apache/kerby/kerb-common/1.0.1/kerb-common-1.0.1.jar:/home/user/.m2/repository/org/apache/kerby/kerb-crypto/1.0.1/kerb-crypto-1.0.1.jar:/home/user/.m2/repository/org/apache/kerby/kerb-util/1.0.1/kerb-util-1.0.1.jar:/home/user/.m2/repository/org/apache/kerby/token-provider/1.0.1/token-provider-1.0.1.jar:/home/user/.m2/repository/org/apache/kerby/kerb-admin/1.0.1/kerb-admin-1.0.1.jar:/home/user/.m2/repository/org/apache/kerby/kerb-server/1.0.1/kerb-server-1.0.1.jar:/home/user/.m2/repository/org/apache/kerby/kerb-identity/1.0.1/kerb-identity-1.0.1.jar:/home/user/.m2/repository/org/apache/kerby/kerby-xdr/1.0.1/kerby-xdr-1.0.1.jar:/home/user/.m2/repository/org/slf4j/slf4j-log4j12/1.7.25/slf4j-log4j12-1.7.25.jar:/home/user/.m2/repository/org/apache/hadoop/hadoop-ozone-s3gateway/0.5.0-SNAPSHOT/hadoop-ozone-s3gateway-0.5.0-SNAPSHOT.jar:/home/user/.m2/repository/org/jboss/weld/servlet/weld-servlet/2.4.7.Final/weld-servlet-2.4.7.Final.jar:/home/user/.m2/repository/org/glassfish/jersey/containers/jersey-container-servlet-core/2.27/jersey-container-servlet-core-2.27.jar:/home/user/.m2/repository/org/glassfish/hk2/external/javax.inject/2.5.0-b42/javax.inject-2.5.0-b42.jar:/home/user/.m2/repository/org/glassfish/jersey/core/jersey-common/2.27/jersey-common-2.27.jar:/home/user/.m2/repository/org/glassfish/hk2/osgi-resource-locator/1.0.1/osgi-resource-locator-1.0.1.jar:/home/user/.m2/repository/javax/ws/rs/javax.ws.rs-api/2.1/javax.ws.rs-api-2.1.jar:/home/user/.m2/repository/org/glassfish/jersey/ext/cdi/jersey-cdi1x/2.27/jersey-cdi1x-2.27.jar:/home/user/.m2/repository/org/glassfish/jersey/inject/jersey-hk2/2.27/jersey-hk2-2.27.jar:/home/user/.m2/repository/org/glassfish/hk2/hk2-locator/2.5.0-b42/hk2-locator-2.5.0-b42.jar:/home/user/.m2/repository/org/javassist/javassist/3.22.0-CR2/javassist-3.22.0-CR2.jar:/home/user/.m2/repository/org/glassfish/hk2/hk2-api/2.5.0/hk2-api-2.5.0.jar:/home/user/.m2/repository/org/glassfish/hk2/external/jakarta.inject/2.5.0/jakarta.inject-2.5.0.jar:/home/user/.m2/repository/org/glassfish/hk2/hk2-utils/2.5.0/hk2-utils-2.5.0.jar:/home/user/.m2/repository/jakarta/annotation/jakarta.annotation-api/1.3.4/jakarta.annotation-api-1.3.4.jar:/home/user/.m2/repository/org/glassfish/hk2/external/aopalliance-repackaged/2.5.0/aopalliance-repackaged-2.5.0.jar:/home/user/.m2/repository/com/fasterxml/jackson/dataformat/jackson-dataformat-xml/2.9.0/jackson-dataformat-xml-2.9.0.jar:/home/user/.m2/repository/com/fasterxml/jackson/core/jackson-core/2.9.9/jackson-core-2.9.9.jar:/home/user/.m2/repository/com/fasterxml/jackson/module/jackson-module-jaxb-annotations/2.9.9/jackson-module-jaxb-annotations-2.9.9.jar:/home/user/.m2/repository/javax/enterprise/cdi-api/1.2/cdi-api-1.2.jar:/home/user/.m2/repository/javax/el/javax.el-api/3.0.0/javax.el-api-3.0.0.jar:/home/user/.m2/repository/javax/interceptor/javax.interceptor-api/1.2/javax.interceptor-api-1.2.jar:/home/user/.m2/repository/javax/inject/javax.inject/1/javax.inject-1.jar:/home/user/.m2/repository/com/sun/xml/bind/jaxb-impl/2.3.0.1/jaxb-impl-2.3.0.1.jar:/home/user/.m2/repository/com/sun/xml/bind/jaxb-core/2.3.0.1/jaxb-core-2.3.0.1.jar:/home/user/.m2/repository/javax/xml/bind/jaxb-api/2.3.0/jaxb-api-2.3.0.jar:/home/user/.m2/repository/javax/activation/activation/1.1.1/activation-1.1.1.jar:/home/user/.m2/repository/org/apache/hadoop/hadoop-ozone-csi/0.5.0-SNAPSHOT/hadoop-ozone-csi-0.5.0-SNAPSHOT.jar:/home/user/.m2/repository/com/google/protobuf/protobuf-java-util/3.5.1/protobuf-java-util-3.5.1.jar:/home/user/.m2/repository/org/apache/hadoop/hadoop-hdds-config/0.5.0-SNAPSHOT/hadoop-hdds-config-0.5.0-SNAPSHOT.jar:/home/user/.m2/repository/io/grpc/grpc-netty/1.17.1/grpc-netty-1.17.1.jar:/home/user/.m2/repository/io/grpc/grpc-core/1.17.1/grpc-core-1.17.1.jar:/home/user/.m2/repository/io/grpc/grpc-context/1.17.1/grpc-context-1.17.1.jar:/home/user/.m2/repository/com/google/errorprone/error_prone_annotations/2.2.0/error_prone_annotations-2.2.0.jar:/home/user/.m2/repository/org/codehaus/mojo/animal-sniffer-annotations/1.17/animal-sniffer-annotations-1.17.jar:/home/user/.m2/repository/io/opencensus/opencensus-api/0.17.0/opencensus-api-0.17.0.jar:/home/user/.m2/repository/io/opencensus/opencensus-contrib-grpc-metrics/0.17.0/opencensus-contrib-grpc-metrics-0.17.0.jar:/home/user/.m2/repository/io/netty/netty-codec-http2/4.1.30.Final/netty-codec-http2-4.1.30.Final.jar:/home/user/.m2/repository/io/netty/netty-codec-http/4.1.30.Final/netty-codec-http-4.1.30.Final.jar:/home/user/.m2/repository/io/netty/netty-codec/4.1.30.Final/netty-codec-4.1.30.Final.jar:/home/user/.m2/repository/io/netty/netty-handler/4.1.30.Final/netty-handler-4.1.30.Final.jar:/home/user/.m2/repository/io/netty/netty-handler-proxy/4.1.30.Final/netty-handler-proxy-4.1.30.Final.jar:/home/user/.m2/repository/io/netty/netty-codec-socks/4.1.30.Final/netty-codec-socks-4.1.30.Final.jar:/home/user/.m2/repository/io/netty/netty-transport-native-epoll/4.1.30.Final/netty-transport-native-epoll-4.1.30.Final.jar:/home/user/.m2/repository/io/netty/netty-common/4.1.30.Final/netty-common-4.1.30.Final.jar:/home/user/.m2/repository/io/netty/netty-buffer/4.1.30.Final/netty-buffer-4.1.30.Final.jar:/home/user/.m2/repository/io/netty/netty-transport/4.1.30.Final/netty-transport-4.1.30.Final.jar:/home/user/.m2/repository/io/netty/netty-resolver/4.1.30.Final/netty-resolver-4.1.30.Final.jar:/home/user/.m2/repository/io/netty/netty-transport-native-unix-common/4.1.30.Final/netty-transport-native-unix-common-4.1.30.Final.jar:/home/user/.m2/repository/io/grpc/grpc-protobuf/1.17.1/grpc-protobuf-1.17.1.jar:/home/user/.m2/repository/com/google/api/grpc/proto-google-common-protos/1.0.0/proto-google-common-protos-1.0.0.jar:/home/user/.m2/repository/io/grpc/grpc-protobuf-lite/1.17.1/grpc-protobuf-lite-1.17.1.jar:/home/user/.m2/repository/io/grpc/grpc-stub/1.17.1/grpc-stub-1.17.1.jar:/home/user/.m2/repository/org/apache/hadoop/hadoop-ozone-recon/0.5.0-SNAPSHOT/hadoop-ozone-recon-0.5.0-SNAPSHOT.jar:/home/user/.m2/repository/org/apache/hadoop/hadoop-ozone-reconcodegen/0.5.0-SNAPSHOT/hadoop-ozone-reconcodegen-0.5.0-SNAPSHOT.jar:/home/user/.m2/repository/com/google/inject/extensions/guice-multibindings/4.0/guice-multibindings-4.0.jar:/home/user/.m2/repository/com/google/inject/guice/4.0/guice-4.0.jar:/home/user/.m2/repository/aopalliance/aopalliance/1.0/aopalliance-1.0.jar:/home/user/.m2/repository/com/google/inject/extensions/guice-servlet/4.0/guice-servlet-4.0.jar:/home/user/.m2/repository/org/glassfish/jersey/containers/jersey-container-servlet/2.27/jersey-container-servlet-2.27.jar:/home/user/.m2/repository/org/glassfish/hk2/guice-bridge/2.5.0/guice-bridge-2.5.0.jar:/home/user/.m2/repository/org/glassfish/jersey/core/jersey-server/2.27/jersey-server-2.27.jar:/home/user/.m2/repository/org/glassfish/jersey/core/jersey-client/2.27/jersey-client-2.27.jar:/home/user/.m2/repository/org/glassfish/jersey/media/jersey-media-jaxb/2.27/jersey-media-jaxb-2.27.jar:/home/user/.m2/repository/javax/validation/validation-api/1.1.0.Final/validation-api-1.1.0.Final.jar:/home/user/.m2/repository/org/glassfish/jersey/media/jersey-media-json-jackson/2.27/jersey-media-json-jackson-2.27.jar:/home/user/.m2/repository/org/glassfish/jersey/ext/jersey-entity-filtering/2.27/jersey-entity-filtering-2.27.jar:/home/user/.m2/repository/com/google/inject/extensions/guice-assistedinject/4.0/guice-assistedinject-4.0.jar:/home/user/.m2/repository/org/jooq/jooq/3.11.10/jooq-3.11.10.jar:/home/user/.m2/repository/org/jooq/jooq-meta/3.11.10/jooq-meta-3.11.10.jar:/home/user/.m2/repository/org/jooq/jooq-codegen/3.11.10/jooq-codegen-3.11.10.jar:/home/user/.m2/repository/com/jolbox/bonecp/0.8.0.RELEASE/bonecp-0.8.0.RELEASE.jar:/home/user/.m2/repository/org/xerial/sqlite-jdbc/3.25.2/sqlite-jdbc-3.25.2.jar:/home/user/.m2/repository/org/springframework/spring-jdbc/5.1.3.RELEASE/spring-jdbc-5.1.3.RELEASE.jar:/home/user/.m2/repository/org/springframework/spring-beans/5.1.3.RELEASE/spring-beans-5.1.3.RELEASE.jar:/home/user/.m2/repository/org/springframework/spring-core/5.1.3.RELEASE/spring-core-5.1.3.RELEASE.jar:/home/user/.m2/repository/org/springframework/spring-jcl/5.1.3.RELEASE/spring-jcl-5.1.3.RELEASE.jar:/home/user/.m2/repository/org/springframework/spring-tx/5.1.3.RELEASE/spring-tx-5.1.3.RELEASE.jar:/home/user/.m2/repository/org/apache/hadoop/hadoop-ozone-client/0.5.0-SNAPSHOT/hadoop-ozone-client-0.5.0-SNAPSHOT.jar:/home/user/.m2/repository/commons-lang/commons-lang/2.6/commons-lang-2.6.jar:/home/user/.m2/repository/org/apache/hadoop/hadoop-ozone-ozone-manager/0.5.0-SNAPSHOT/hadoop-ozone-ozone-manager-0.5.0-SNAPSHOT-tests.jar:/home/user/.m2/repository/junit/junit/4.11/junit-4.11.jar:/home/user/.m2/repository/org/hamcrest/hamcrest-core/1.3/hamcrest-core-1.3.jar:/home/user/.m2/repository/org/openjdk/jmh/jmh-core/1.19/jmh-core-1.19.jar:/home/user/.m2/repository/net/sf/jopt-simple/jopt-simple/4.6/jopt-simple-4.6.jar:/home/user/.m2/repository/org/apache/commons/commons-math3/3.1.1/commons-math3-3.1.1.jar:/home/user/.m2/repository/org/openjdk/jmh/jmh-generator-annprocess/1.19/jmh-generator-annprocess-1.19.jar:/home/user/.m2/repository/org/mockito/mockito-all/1.8.5/mockito-all-1.8.5.jar:/home/user/.m2/repository/org/apache/hadoop/hadoop-kms/3.2.0/hadoop-kms-3.2.0.jar:/home/user/.m2/repository/org/apache/hadoop/hadoop-auth/3.2.0/hadoop-auth-3.2.0.jar:/home/user/.m2/repository/com/nimbusds/nimbus-jose-jwt/4.41.1/nimbus-jose-jwt-4.41.1.jar:/home/user/.m2/repository/com/github/stephenc/jcip/jcip-annotations/1.0-1/jcip-annotations-1.0-1.jar:/home/user/.m2/repository/net/minidev/json-smart/2.3/json-smart-2.3.jar:/home/user/.m2/repository/net/minidev/accessors-smart/1.2/accessors-smart-1.2.jar:/home/user/.m2/repository/org/ow2/asm/asm/5.0.4/asm-5.0.4.jar:/home/user/.m2/repository/org/apache/curator/curator-framework/2.12.0/curator-framework-2.12.0.jar:/home/user/.m2/repository/com/sun/jersey/jersey-core/1.19/jersey-core-1.19.jar:/home/user/.m2/repository/javax/ws/rs/jsr311-api/1.1.1/jsr311-api-1.1.1.jar:/home/user/.m2/repository/com/sun/jersey/jersey-server/1.19/jersey-server-1.19.jar:/home/user/.m2/repository/javax/servlet/javax.servlet-api/3.1.0/javax.servlet-api-3.1.0.jar:/home/user/.m2/repository/org/eclipse/jetty/jetty-server/9.3.25.v20180904/jetty-server-9.3.25.v20180904.jar:/home/user/.m2/repository/org/eclipse/jetty/jetty-http/9.3.25.v20180904/jetty-http-9.3.25.v20180904.jar:/home/user/.m2/repository/org/eclipse/jetty/jetty-io/9.3.25.v20180904/jetty-io-9.3.25.v20180904.jar:/home/user/.m2/repository/org/eclipse/jetty/jetty-webapp/9.3.25.v20180904/jetty-webapp-9.3.25.v20180904.jar:/home/user/.m2/repository/org/eclipse/jetty/jetty-xml/9.3.25.v20180904/jetty-xml-9.3.25.v20180904.jar:/home/user/.m2/repository/log4j/log4j/1.2.17/log4j-1.2.17.jar:/home/user/.m2/repository/org/slf4j/slf4j-api/1.7.25/slf4j-api-1.7.25.jar:/home/user/.m2/repository/org/slf4j/jul-to-slf4j/1.7.25/jul-to-slf4j-1.7.25.jar:/home/user/.m2/repository/org/eclipse/jetty/jetty-util/9.3.25.v20180904/jetty-util-9.3.25.v20180904.jar:/home/user/.m2/repository/com/fasterxml/jackson/core/jackson-databind/2.9.9/jackson-databind-2.9.9.jar:/home/user/.m2/repository/org/apache/hadoop/hadoop-kms/3.2.0/hadoop-kms-3.2.0-tests.jar:/home/user/.m2/repository/org/apache/hadoop/hadoop-hdds-server-scm/0.5.0-SNAPSHOT/hadoop-hdds-server-scm-0.5.0-SNAPSHOT-tests.jar:/home/user/.m2/repository/org/apache/hadoop/hadoop-hdds-container-service/0.5.0-SNAPSHOT/hadoop-hdds-container-service-0.5.0-SNAPSHOT-tests.jar:/home/user/.m2/repository/org/yaml/snakeyaml/1.16/snakeyaml-1.16.jar:/home/user/.m2/repository/org/apache/hadoop/hadoop-common/3.2.0/hadoop-common-3.2.0-tests.jar:/home/user/.m2/repository/org/apache/hadoop/hadoop-annotations/3.2.0/hadoop-annotations-3.2.0.jar:/usr/lib/jvm/java-1.8-openjdk/jre/../lib/tools.jar:/home/user/.m2/repository/commons-cli/commons-cli/1.2/commons-cli-1.2.jar:/home/user/.m2/repository/org/apache/httpcomponents/httpclient/4.5.2/httpclient-4.5.2.jar:/home/user/.m2/repository/org/apache/httpcomponents/httpcore/4.4.4/httpcore-4.4.4.jar:/home/user/.m2/repository/commons-codec/commons-codec/1.11/commons-codec-1.11.jar:/home/user/.m2/repository/commons-net/commons-net/3.6/commons-net-3.6.jar:/home/user/.m2/repository/commons-collections/commons-collections/3.2.2/commons-collections-3.2.2.jar:/home/user/.m2/repository/org/eclipse/jetty/jetty-servlet/9.3.25.v20180904/jetty-servlet-9.3.25.v20180904.jar:/home/user/.m2/repository/org/eclipse/jetty/jetty-security/9.3.25.v20180904/jetty-security-9.3.25.v20180904.jar:/home/user/.m2/repository/javax/servlet/jsp/jsp-api/2.1/jsp-api-2.1.jar:/home/user/.m2/repository/com/sun/jersey/jersey-servlet/1.19/jersey-servlet-1.19.jar:/home/user/.m2/repository/com/sun/jersey/jersey-json/1.19/jersey-json-1.19.jar:/home/user/.m2/repository/org/codehaus/jettison/jettison/1.1/jettison-1.1.jar:/home/user/.m2/repository/org/codehaus/jackson/jackson-core-asl/1.9.13/jackson-core-asl-1.9.13.jar:/home/user/.m2/repository/org/codehaus/jackson/jackson-mapper-asl/1.9.13/jackson-mapper-asl-1.9.13.jar:/home/user/.m2/repository/org/codehaus/jackson/jackson-jaxrs/1.9.13/jackson-jaxrs-1.9.13.jar:/home/user/.m2/repository/org/codehaus/jackson/jackson-xc/1.9.13/jackson-xc-1.9.13.jar:/home/user/.m2/repository/commons-logging/commons-logging/1.1.3/commons-logging-1.1.3.jar:/home/user/.m2/repository/commons-beanutils/commons-beanutils/1.9.4/commons-beanutils-1.9.4.jar:/home/user/.m2/repository/org/apache/commons/commons-configuration2/2.1.1/commons-configuration2-2.1.1.jar:/home/user/.m2/repository/org/apache/commons/commons-lang3/3.7/commons-lang3-3.7.jar:/home/user/.m2/repository/org/apache/commons/commons-text/1.4/commons-text-1.4.jar:/home/user/.m2/repository/org/apache/avro/avro/1.7.7/avro-1.7.7.jar:/home/user/.m2/repository/com/thoughtworks/paranamer/paranamer/2.3/paranamer-2.3.jar:/home/user/.m2/repository/org/xerial/snappy/snappy-java/1.0.5/snappy-java-1.0.5.jar:/home/user/.m2/repository/com/google/re2j/re2j/1.1/re2j-1.1.jar:/home/user/.m2/repository/com/google/code/gson/gson/2.2.4/gson-2.2.4.jar:/home/user/.m2/repository/com/jcraft/jsch/0.1.54/jsch-0.1.54.jar:/home/user/.m2/repository/org/apache/curator/curator-client/2.12.0/curator-client-2.12.0.jar:/home/user/.m2/repository/org/apache/curator/curator-recipes/2.12.0/curator-recipes-2.12.0.jar:/home/user/.m2/repository/com/google/code/findbugs/jsr305/3.0.0/jsr305-3.0.0.jar:/home/user/.m2/repository/org/apache/htrace/htrace-core4/4.1.0-incubating/htrace-core4-4.1.0-incubating.jar:/home/user/.m2/repository/org/apache/zookeeper/zookeeper/3.4.13/zookeeper-3.4.13.jar:/home/user/.m2/repository/jline/jline/0.9.94/jline-0.9.94.jar:/home/user/.m2/repository/org/apache/yetus/audience-annotations/0.5.0/audience-annotations-0.5.0.jar:/home/user/.m2/repository/org/codehaus/woodstox/stax2-api/3.1.4/stax2-api-3.1.4.jar:/home/user/.m2/repository/com/fasterxml/woodstox/woodstox-core/5.0.3/woodstox-core-5.0.3.jar:/home/user/.m2/repository/dnsjava/dnsjava/2.1.7/dnsjava-2.1.7.jar:/home/user/.m2/repository/org/apache/hadoop/hadoop-hdfs/3.2.0/hadoop-hdfs-3.2.0-tests.jar:/home/user/.m2/repository/org/eclipse/jetty/jetty-util-ajax/9.3.25.v20180904/jetty-util-ajax-9.3.25.v20180904.jar:/home/user/.m2/repository/commons-daemon/commons-daemon/1.0.13/commons-daemon-1.0.13.jar:/home/user/.m2/repository/io/netty/netty/3.10.5.Final/netty-3.10.5.Final.jar:/home/user/.m2/repository/io/netty/netty-all/4.0.52.Final/netty-all-4.0.52.Final.jar:/home/user/.m2/repository/org/fusesource/leveldbjni/leveldbjni-all/1.8/leveldbjni-all-1.8.jar:"/>
    <property name="java.vm.vendor" value="IcedTea"/>
    <property name="sun.arch.data.model" value="64"/>
    <property name="test.build.dir" value="/workdir/hadoop-ozone/integration-test/target/test-dir"/>
    <property name="test.cache.data" value=""/>
    <property name="java.vendor.url" value="https://icedtea.classpath.org"/>
    <property name="user.timezone" value=""/>
    <property name="java.vm.specification.version" value="1.8"/>
    <property name="os.name" value="Linux"/>
    <property name="test.build.data" value="/workdir/hadoop-ozone/integration-test/target/test-dir"/>
    <property name="user.country" value="US"/>
    <property name="sun.java.launcher" value="SUN_STANDARD"/>
    <property name="sun.boot.library.path" value="/usr/lib/jvm/java-1.8-openjdk/jre/lib/amd64"/>
    <property name="sun.java.command" value="/workdir/hadoop-ozone/integration-test/target/surefire/surefirebooter871232442388262309.jar /workdir/hadoop-ozone/integration-test/target/surefire 2019-09-24T20-51-17_462-jvmRun1 surefire476011174824640470tmp surefire_736675926289894490988tmp"/>
    <property name="test" value="!TestMiniChaosOzoneCluster"/>
    <property name="surefire.test.class.path" value="/workdir/hadoop-ozone/integration-test/target/test-classes:/workdir/hadoop-ozone/integration-test/target/classes:/home/user/.m2/repository/org/apache/hadoop/hadoop-ozone-common/0.5.0-SNAPSHOT/hadoop-ozone-common-0.5.0-SNAPSHOT.jar:/home/user/.m2/repository/org/apache/commons/commons-compress/1.4.1/commons-compress-1.4.1.jar:/home/user/.m2/repository/org/tukaani/xz/1.0/xz-1.0.jar:/home/user/.m2/repository/org/apache/hadoop/hadoop-common/3.2.0/hadoop-common-3.2.0.jar:/home/user/.m2/repository/org/apache/hadoop/hadoop-hdfs/3.2.0/hadoop-hdfs-3.2.0.jar:/home/user/.m2/repository/org/apache/hadoop/hadoop-hdfs-client/3.2.0/hadoop-hdfs-client-3.2.0.jar:/home/user/.m2/repository/com/fasterxml/jackson/core/jackson-annotations/2.9.9/jackson-annotations-2.9.9.jar:/home/user/.m2/repository/org/apache/hadoop/hadoop-hdds-common/0.5.0-SNAPSHOT/hadoop-hdds-common-0.5.0-SNAPSHOT.jar:/home/user/.m2/repository/javax/annotation/javax.annotation-api/1.2/javax.annotation-api-1.2.jar:/home/user/.m2/repository/org/apache/ratis/ratis-server/0.4.0/ratis-server-0.4.0.jar:/home/user/.m2/repository/org/apache/ratis/ratis-thirdparty-misc/0.2.0/ratis-thirdparty-misc-0.2.0.jar:/home/user/.m2/repository/org/apache/ratis/ratis-proto/0.4.0/ratis-proto-0.4.0.jar:/home/user/.m2/repository/org/apache/ratis/ratis-common/0.4.0/ratis-common-0.4.0.jar:/home/user/.m2/repository/org/apache/ratis/ratis-client/0.4.0/ratis-client-0.4.0.jar:/home/user/.m2/repository/org/apache/ratis/ratis-metrics/0.4.0/ratis-metrics-0.4.0.jar:/home/user/.m2/repository/com/github/joshelser/dropwizard-metrics-hadoop-metrics2-reporter/0.1.2/dropwizard-metrics-hadoop-metrics2-reporter-0.1.2.jar:/home/user/.m2/repository/io/dropwizard/metrics/metrics-jvm/3.2.5/metrics-jvm-3.2.5.jar:/home/user/.m2/repository/io/dropwizard/metrics/metrics-ganglia/3.2.5/metrics-ganglia-3.2.5.jar:/home/user/.m2/repository/info/ganglia/gmetric4j/gmetric4j/1.0.7/gmetric4j-1.0.7.jar:/home/user/.m2/repository/org/apache/ratis/ratis-netty/0.4.0/ratis-netty-0.4.0.jar:/home/user/.m2/repository/org/apache/ratis/ratis-grpc/0.4.0/ratis-grpc-0.4.0.jar:/home/user/.m2/repository/org/rocksdb/rocksdbjni/6.0.1/rocksdbjni-6.0.1.jar:/home/user/.m2/repository/org/apache/logging/log4j/log4j-api/2.11.0/log4j-api-2.11.0.jar:/home/user/.m2/repository/org/apache/logging/log4j/log4j-core/2.11.0/log4j-core-2.11.0.jar:/home/user/.m2/repository/com/lmax/disruptor/3.4.2/disruptor-3.4.2.jar:/home/user/.m2/repository/org/apache/commons/commons-pool2/2.6.0/commons-pool2-2.6.0.jar:/home/user/.m2/repository/org/bouncycastle/bcpkix-jdk15on/1.60/bcpkix-jdk15on-1.60.jar:/home/user/.m2/repository/commons-validator/commons-validator/1.6/commons-validator-1.6.jar:/home/user/.m2/repository/commons-digester/commons-digester/1.8.1/commons-digester-1.8.1.jar:/home/user/.m2/repository/io/jaegertracing/jaeger-client/0.34.0/jaeger-client-0.34.0.jar:/home/user/.m2/repository/io/jaegertracing/jaeger-thrift/0.34.0/jaeger-thrift-0.34.0.jar:/home/user/.m2/repository/org/apache/thrift/libthrift/0.12.0/libthrift-0.12.0.jar:/home/user/.m2/repository/com/squareup/okhttp3/okhttp/3.9.0/okhttp-3.9.0.jar:/home/user/.m2/repository/com/squareup/okio/okio/1.13.0/okio-1.13.0.jar:/home/user/.m2/repository/io/jaegertracing/jaeger-core/0.34.0/jaeger-core-0.34.0.jar:/home/user/.m2/repository/io/jaegertracing/jaeger-tracerresolver/0.34.0/jaeger-tracerresolver-0.34.0.jar:/home/user/.m2/repository/io/opentracing/contrib/opentracing-tracerresolver/0.1.5/opentracing-tracerresolver-0.1.5.jar:/home/user/.m2/repository/io/opentracing/opentracing-util/0.31.0/opentracing-util-0.31.0.jar:/home/user/.m2/repository/io/opentracing/opentracing-api/0.31.0/opentracing-api-0.31.0.jar:/home/user/.m2/repository/io/opentracing/opentracing-noop/0.31.0/opentracing-noop-0.31.0.jar:/home/user/.m2/repository/org/apache/hadoop/hadoop-hdds-server-framework/0.5.0-SNAPSHOT/hadoop-hdds-server-framework-0.5.0-SNAPSHOT.jar:/home/user/.m2/repository/org/apache/hadoop/hadoop-hdds-container-service/0.5.0-SNAPSHOT/hadoop-hdds-container-service-0.5.0-SNAPSHOT.jar:/home/user/.m2/repository/org/apache/hadoop/hadoop-hdds-client/0.5.0-SNAPSHOT/hadoop-hdds-client-0.5.0-SNAPSHOT.jar:/home/user/.m2/repository/org/apache/hadoop/hadoop-hdds-tools/0.5.0-SNAPSHOT/hadoop-hdds-tools-0.5.0-SNAPSHOT.jar:/home/user/.m2/repository/org/apache/hadoop/hadoop-hdds-server-scm/0.5.0-SNAPSHOT/hadoop-hdds-server-scm-0.5.0-SNAPSHOT.jar:/home/user/.m2/repository/org/apache/hadoop/hadoop-hdds-docs/0.5.0-SNAPSHOT/hadoop-hdds-docs-0.5.0-SNAPSHOT.jar:/home/user/.m2/repository/io/dropwizard/metrics/metrics-core/3.2.4/metrics-core-3.2.4.jar:/home/user/.m2/repository/org/hamcrest/hamcrest-all/1.3/hamcrest-all-1.3.jar:/home/user/.m2/repository/org/bouncycastle/bcprov-jdk15on/1.60/bcprov-jdk15on-1.60.jar:/home/user/.m2/repository/info/picocli/picocli/3.9.6/picocli-3.9.6.jar:/home/user/.m2/repository/com/google/protobuf/protobuf-java/2.5.0/protobuf-java-2.5.0.jar:/home/user/.m2/repository/com/google/guava/guava/11.0.2/guava-11.0.2.jar:/home/user/.m2/repository/org/apache/hadoop/hadoop-ozone-ozone-manager/0.5.0-SNAPSHOT/hadoop-ozone-ozone-manager-0.5.0-SNAPSHOT.jar:/home/user/.m2/repository/org/apache/hadoop/hadoop-minikdc/3.2.0/hadoop-minikdc-3.2.0.jar:/home/user/.m2/repository/commons-io/commons-io/2.5/commons-io-2.5.jar:/home/user/.m2/repository/org/apache/kerby/kerb-simplekdc/1.0.1/kerb-simplekdc-1.0.1.jar:/home/user/.m2/repository/org/apache/kerby/kerb-client/1.0.1/kerb-client-1.0.1.jar:/home/user/.m2/repository/org/apache/kerby/kerby-config/1.0.1/kerby-config-1.0.1.jar:/home/user/.m2/repository/org/apache/kerby/kerb-core/1.0.1/kerb-core-1.0.1.jar:/home/user/.m2/repository/org/apache/kerby/kerby-pkix/1.0.1/kerby-pkix-1.0.1.jar:/home/user/.m2/repository/org/apache/kerby/kerby-asn1/1.0.1/kerby-asn1-1.0.1.jar:/home/user/.m2/repository/org/apache/kerby/kerby-util/1.0.1/kerby-util-1.0.1.jar:/home/user/.m2/repository/org/apache/kerby/kerb-common/1.0.1/kerb-common-1.0.1.jar:/home/user/.m2/repository/org/apache/kerby/kerb-crypto/1.0.1/kerb-crypto-1.0.1.jar:/home/user/.m2/repository/org/apache/kerby/kerb-util/1.0.1/kerb-util-1.0.1.jar:/home/user/.m2/repository/org/apache/kerby/token-provider/1.0.1/token-provider-1.0.1.jar:/home/user/.m2/repository/org/apache/kerby/kerb-admin/1.0.1/kerb-admin-1.0.1.jar:/home/user/.m2/repository/org/apache/kerby/kerb-server/1.0.1/kerb-server-1.0.1.jar:/home/user/.m2/repository/org/apache/kerby/kerb-identity/1.0.1/kerb-identity-1.0.1.jar:/home/user/.m2/repository/org/apache/kerby/kerby-xdr/1.0.1/kerby-xdr-1.0.1.jar:/home/user/.m2/repository/org/slf4j/slf4j-log4j12/1.7.25/slf4j-log4j12-1.7.25.jar:/home/user/.m2/repository/org/apache/hadoop/hadoop-ozone-s3gateway/0.5.0-SNAPSHOT/hadoop-ozone-s3gateway-0.5.0-SNAPSHOT.jar:/home/user/.m2/repository/org/jboss/weld/servlet/weld-servlet/2.4.7.Final/weld-servlet-2.4.7.Final.jar:/home/user/.m2/repository/org/glassfish/jersey/containers/jersey-container-servlet-core/2.27/jersey-container-servlet-core-2.27.jar:/home/user/.m2/repository/org/glassfish/hk2/external/javax.inject/2.5.0-b42/javax.inject-2.5.0-b42.jar:/home/user/.m2/repository/org/glassfish/jersey/core/jersey-common/2.27/jersey-common-2.27.jar:/home/user/.m2/repository/org/glassfish/hk2/osgi-resource-locator/1.0.1/osgi-resource-locator-1.0.1.jar:/home/user/.m2/repository/javax/ws/rs/javax.ws.rs-api/2.1/javax.ws.rs-api-2.1.jar:/home/user/.m2/repository/org/glassfish/jersey/ext/cdi/jersey-cdi1x/2.27/jersey-cdi1x-2.27.jar:/home/user/.m2/repository/org/glassfish/jersey/inject/jersey-hk2/2.27/jersey-hk2-2.27.jar:/home/user/.m2/repository/org/glassfish/hk2/hk2-locator/2.5.0-b42/hk2-locator-2.5.0-b42.jar:/home/user/.m2/repository/org/javassist/javassist/3.22.0-CR2/javassist-3.22.0-CR2.jar:/home/user/.m2/repository/org/glassfish/hk2/hk2-api/2.5.0/hk2-api-2.5.0.jar:/home/user/.m2/repository/org/glassfish/hk2/external/jakarta.inject/2.5.0/jakarta.inject-2.5.0.jar:/home/user/.m2/repository/org/glassfish/hk2/hk2-utils/2.5.0/hk2-utils-2.5.0.jar:/home/user/.m2/repository/jakarta/annotation/jakarta.annotation-api/1.3.4/jakarta.annotation-api-1.3.4.jar:/home/user/.m2/repository/org/glassfish/hk2/external/aopalliance-repackaged/2.5.0/aopalliance-repackaged-2.5.0.jar:/home/user/.m2/repository/com/fasterxml/jackson/dataformat/jackson-dataformat-xml/2.9.0/jackson-dataformat-xml-2.9.0.jar:/home/user/.m2/repository/com/fasterxml/jackson/core/jackson-core/2.9.9/jackson-core-2.9.9.jar:/home/user/.m2/repository/com/fasterxml/jackson/module/jackson-module-jaxb-annotations/2.9.9/jackson-module-jaxb-annotations-2.9.9.jar:/home/user/.m2/repository/javax/enterprise/cdi-api/1.2/cdi-api-1.2.jar:/home/user/.m2/repository/javax/el/javax.el-api/3.0.0/javax.el-api-3.0.0.jar:/home/user/.m2/repository/javax/interceptor/javax.interceptor-api/1.2/javax.interceptor-api-1.2.jar:/home/user/.m2/repository/javax/inject/javax.inject/1/javax.inject-1.jar:/home/user/.m2/repository/com/sun/xml/bind/jaxb-impl/2.3.0.1/jaxb-impl-2.3.0.1.jar:/home/user/.m2/repository/com/sun/xml/bind/jaxb-core/2.3.0.1/jaxb-core-2.3.0.1.jar:/home/user/.m2/repository/javax/xml/bind/jaxb-api/2.3.0/jaxb-api-2.3.0.jar:/home/user/.m2/repository/javax/activation/activation/1.1.1/activation-1.1.1.jar:/home/user/.m2/repository/org/apache/hadoop/hadoop-ozone-csi/0.5.0-SNAPSHOT/hadoop-ozone-csi-0.5.0-SNAPSHOT.jar:/home/user/.m2/repository/com/google/protobuf/protobuf-java-util/3.5.1/protobuf-java-util-3.5.1.jar:/home/user/.m2/repository/org/apache/hadoop/hadoop-hdds-config/0.5.0-SNAPSHOT/hadoop-hdds-config-0.5.0-SNAPSHOT.jar:/home/user/.m2/repository/io/grpc/grpc-netty/1.17.1/grpc-netty-1.17.1.jar:/home/user/.m2/repository/io/grpc/grpc-core/1.17.1/grpc-core-1.17.1.jar:/home/user/.m2/repository/io/grpc/grpc-context/1.17.1/grpc-context-1.17.1.jar:/home/user/.m2/repository/com/google/errorprone/error_prone_annotations/2.2.0/error_prone_annotations-2.2.0.jar:/home/user/.m2/repository/org/codehaus/mojo/animal-sniffer-annotations/1.17/animal-sniffer-annotations-1.17.jar:/home/user/.m2/repository/io/opencensus/opencensus-api/0.17.0/opencensus-api-0.17.0.jar:/home/user/.m2/repository/io/opencensus/opencensus-contrib-grpc-metrics/0.17.0/opencensus-contrib-grpc-metrics-0.17.0.jar:/home/user/.m2/repository/io/netty/netty-codec-http2/4.1.30.Final/netty-codec-http2-4.1.30.Final.jar:/home/user/.m2/repository/io/netty/netty-codec-http/4.1.30.Final/netty-codec-http-4.1.30.Final.jar:/home/user/.m2/repository/io/netty/netty-codec/4.1.30.Final/netty-codec-4.1.30.Final.jar:/home/user/.m2/repository/io/netty/netty-handler/4.1.30.Final/netty-handler-4.1.30.Final.jar:/home/user/.m2/repository/io/netty/netty-handler-proxy/4.1.30.Final/netty-handler-proxy-4.1.30.Final.jar:/home/user/.m2/repository/io/netty/netty-codec-socks/4.1.30.Final/netty-codec-socks-4.1.30.Final.jar:/home/user/.m2/repository/io/netty/netty-transport-native-epoll/4.1.30.Final/netty-transport-native-epoll-4.1.30.Final.jar:/home/user/.m2/repository/io/netty/netty-common/4.1.30.Final/netty-common-4.1.30.Final.jar:/home/user/.m2/repository/io/netty/netty-buffer/4.1.30.Final/netty-buffer-4.1.30.Final.jar:/home/user/.m2/repository/io/netty/netty-transport/4.1.30.Final/netty-transport-4.1.30.Final.jar:/home/user/.m2/repository/io/netty/netty-resolver/4.1.30.Final/netty-resolver-4.1.30.Final.jar:/home/user/.m2/repository/io/netty/netty-transport-native-unix-common/4.1.30.Final/netty-transport-native-unix-common-4.1.30.Final.jar:/home/user/.m2/repository/io/grpc/grpc-protobuf/1.17.1/grpc-protobuf-1.17.1.jar:/home/user/.m2/repository/com/google/api/grpc/proto-google-common-protos/1.0.0/proto-google-common-protos-1.0.0.jar:/home/user/.m2/repository/io/grpc/grpc-protobuf-lite/1.17.1/grpc-protobuf-lite-1.17.1.jar:/home/user/.m2/repository/io/grpc/grpc-stub/1.17.1/grpc-stub-1.17.1.jar:/home/user/.m2/repository/org/apache/hadoop/hadoop-ozone-recon/0.5.0-SNAPSHOT/hadoop-ozone-recon-0.5.0-SNAPSHOT.jar:/home/user/.m2/repository/org/apache/hadoop/hadoop-ozone-reconcodegen/0.5.0-SNAPSHOT/hadoop-ozone-reconcodegen-0.5.0-SNAPSHOT.jar:/home/user/.m2/repository/com/google/inject/extensions/guice-multibindings/4.0/guice-multibindings-4.0.jar:/home/user/.m2/repository/com/google/inject/guice/4.0/guice-4.0.jar:/home/user/.m2/repository/aopalliance/aopalliance/1.0/aopalliance-1.0.jar:/home/user/.m2/repository/com/google/inject/extensions/guice-servlet/4.0/guice-servlet-4.0.jar:/home/user/.m2/repository/org/glassfish/jersey/containers/jersey-container-servlet/2.27/jersey-container-servlet-2.27.jar:/home/user/.m2/repository/org/glassfish/hk2/guice-bridge/2.5.0/guice-bridge-2.5.0.jar:/home/user/.m2/repository/org/glassfish/jersey/core/jersey-server/2.27/jersey-server-2.27.jar:/home/user/.m2/repository/org/glassfish/jersey/core/jersey-client/2.27/jersey-client-2.27.jar:/home/user/.m2/repository/org/glassfish/jersey/media/jersey-media-jaxb/2.27/jersey-media-jaxb-2.27.jar:/home/user/.m2/repository/javax/validation/validation-api/1.1.0.Final/validation-api-1.1.0.Final.jar:/home/user/.m2/repository/org/glassfish/jersey/media/jersey-media-json-jackson/2.27/jersey-media-json-jackson-2.27.jar:/home/user/.m2/repository/org/glassfish/jersey/ext/jersey-entity-filtering/2.27/jersey-entity-filtering-2.27.jar:/home/user/.m2/repository/com/google/inject/extensions/guice-assistedinject/4.0/guice-assistedinject-4.0.jar:/home/user/.m2/repository/org/jooq/jooq/3.11.10/jooq-3.11.10.jar:/home/user/.m2/repository/org/jooq/jooq-meta/3.11.10/jooq-meta-3.11.10.jar:/home/user/.m2/repository/org/jooq/jooq-codegen/3.11.10/jooq-codegen-3.11.10.jar:/home/user/.m2/repository/com/jolbox/bonecp/0.8.0.RELEASE/bonecp-0.8.0.RELEASE.jar:/home/user/.m2/repository/org/xerial/sqlite-jdbc/3.25.2/sqlite-jdbc-3.25.2.jar:/home/user/.m2/repository/org/springframework/spring-jdbc/5.1.3.RELEASE/spring-jdbc-5.1.3.RELEASE.jar:/home/user/.m2/repository/org/springframework/spring-beans/5.1.3.RELEASE/spring-beans-5.1.3.RELEASE.jar:/home/user/.m2/repository/org/springframework/spring-core/5.1.3.RELEASE/spring-core-5.1.3.RELEASE.jar:/home/user/.m2/repository/org/springframework/spring-jcl/5.1.3.RELEASE/spring-jcl-5.1.3.RELEASE.jar:/home/user/.m2/repository/org/springframework/spring-tx/5.1.3.RELEASE/spring-tx-5.1.3.RELEASE.jar:/home/user/.m2/repository/org/apache/hadoop/hadoop-ozone-client/0.5.0-SNAPSHOT/hadoop-ozone-client-0.5.0-SNAPSHOT.jar:/home/user/.m2/repository/commons-lang/commons-lang/2.6/commons-lang-2.6.jar:/home/user/.m2/repository/org/apache/hadoop/hadoop-ozone-ozone-manager/0.5.0-SNAPSHOT/hadoop-ozone-ozone-manager-0.5.0-SNAPSHOT-tests.jar:/home/user/.m2/repository/junit/junit/4.11/junit-4.11.jar:/home/user/.m2/repository/org/hamcrest/hamcrest-core/1.3/hamcrest-core-1.3.jar:/home/user/.m2/repository/org/openjdk/jmh/jmh-core/1.19/jmh-core-1.19.jar:/home/user/.m2/repository/net/sf/jopt-simple/jopt-simple/4.6/jopt-simple-4.6.jar:/home/user/.m2/repository/org/apache/commons/commons-math3/3.1.1/commons-math3-3.1.1.jar:/home/user/.m2/repository/org/openjdk/jmh/jmh-generator-annprocess/1.19/jmh-generator-annprocess-1.19.jar:/home/user/.m2/repository/org/mockito/mockito-all/1.8.5/mockito-all-1.8.5.jar:/home/user/.m2/repository/org/apache/hadoop/hadoop-kms/3.2.0/hadoop-kms-3.2.0.jar:/home/user/.m2/repository/org/apache/hadoop/hadoop-auth/3.2.0/hadoop-auth-3.2.0.jar:/home/user/.m2/repository/com/nimbusds/nimbus-jose-jwt/4.41.1/nimbus-jose-jwt-4.41.1.jar:/home/user/.m2/repository/com/github/stephenc/jcip/jcip-annotations/1.0-1/jcip-annotations-1.0-1.jar:/home/user/.m2/repository/net/minidev/json-smart/2.3/json-smart-2.3.jar:/home/user/.m2/repository/net/minidev/accessors-smart/1.2/accessors-smart-1.2.jar:/home/user/.m2/repository/org/ow2/asm/asm/5.0.4/asm-5.0.4.jar:/home/user/.m2/repository/org/apache/curator/curator-framework/2.12.0/curator-framework-2.12.0.jar:/home/user/.m2/repository/com/sun/jersey/jersey-core/1.19/jersey-core-1.19.jar:/home/user/.m2/repository/javax/ws/rs/jsr311-api/1.1.1/jsr311-api-1.1.1.jar:/home/user/.m2/repository/com/sun/jersey/jersey-server/1.19/jersey-server-1.19.jar:/home/user/.m2/repository/javax/servlet/javax.servlet-api/3.1.0/javax.servlet-api-3.1.0.jar:/home/user/.m2/repository/org/eclipse/jetty/jetty-server/9.3.25.v20180904/jetty-server-9.3.25.v20180904.jar:/home/user/.m2/repository/org/eclipse/jetty/jetty-http/9.3.25.v20180904/jetty-http-9.3.25.v20180904.jar:/home/user/.m2/repository/org/eclipse/jetty/jetty-io/9.3.25.v20180904/jetty-io-9.3.25.v20180904.jar:/home/user/.m2/repository/org/eclipse/jetty/jetty-webapp/9.3.25.v20180904/jetty-webapp-9.3.25.v20180904.jar:/home/user/.m2/repository/org/eclipse/jetty/jetty-xml/9.3.25.v20180904/jetty-xml-9.3.25.v20180904.jar:/home/user/.m2/repository/log4j/log4j/1.2.17/log4j-1.2.17.jar:/home/user/.m2/repository/org/slf4j/slf4j-api/1.7.25/slf4j-api-1.7.25.jar:/home/user/.m2/repository/org/slf4j/jul-to-slf4j/1.7.25/jul-to-slf4j-1.7.25.jar:/home/user/.m2/repository/org/eclipse/jetty/jetty-util/9.3.25.v20180904/jetty-util-9.3.25.v20180904.jar:/home/user/.m2/repository/com/fasterxml/jackson/core/jackson-databind/2.9.9/jackson-databind-2.9.9.jar:/home/user/.m2/repository/org/apache/hadoop/hadoop-kms/3.2.0/hadoop-kms-3.2.0-tests.jar:/home/user/.m2/repository/org/apache/hadoop/hadoop-hdds-server-scm/0.5.0-SNAPSHOT/hadoop-hdds-server-scm-0.5.0-SNAPSHOT-tests.jar:/home/user/.m2/repository/org/apache/hadoop/hadoop-hdds-container-service/0.5.0-SNAPSHOT/hadoop-hdds-container-service-0.5.0-SNAPSHOT-tests.jar:/home/user/.m2/repository/org/yaml/snakeyaml/1.16/snakeyaml-1.16.jar:/home/user/.m2/repository/org/apache/hadoop/hadoop-common/3.2.0/hadoop-common-3.2.0-tests.jar:/home/user/.m2/repository/org/apache/hadoop/hadoop-annotations/3.2.0/hadoop-annotations-3.2.0.jar:/usr/lib/jvm/java-1.8-openjdk/jre/../lib/tools.jar:/home/user/.m2/repository/commons-cli/commons-cli/1.2/commons-cli-1.2.jar:/home/user/.m2/repository/org/apache/httpcomponents/httpclient/4.5.2/httpclient-4.5.2.jar:/home/user/.m2/repository/org/apache/httpcomponents/httpcore/4.4.4/httpcore-4.4.4.jar:/home/user/.m2/repository/commons-codec/commons-codec/1.11/commons-codec-1.11.jar:/home/user/.m2/repository/commons-net/commons-net/3.6/commons-net-3.6.jar:/home/user/.m2/repository/commons-collections/commons-collections/3.2.2/commons-collections-3.2.2.jar:/home/user/.m2/repository/org/eclipse/jetty/jetty-servlet/9.3.25.v20180904/jetty-servlet-9.3.25.v20180904.jar:/home/user/.m2/repository/org/eclipse/jetty/jetty-security/9.3.25.v20180904/jetty-security-9.3.25.v20180904.jar:/home/user/.m2/repository/javax/servlet/jsp/jsp-api/2.1/jsp-api-2.1.jar:/home/user/.m2/repository/com/sun/jersey/jersey-servlet/1.19/jersey-servlet-1.19.jar:/home/user/.m2/repository/com/sun/jersey/jersey-json/1.19/jersey-json-1.19.jar:/home/user/.m2/repository/org/codehaus/jettison/jettison/1.1/jettison-1.1.jar:/home/user/.m2/repository/org/codehaus/jackson/jackson-core-asl/1.9.13/jackson-core-asl-1.9.13.jar:/home/user/.m2/repository/org/codehaus/jackson/jackson-mapper-asl/1.9.13/jackson-mapper-asl-1.9.13.jar:/home/user/.m2/repository/org/codehaus/jackson/jackson-jaxrs/1.9.13/jackson-jaxrs-1.9.13.jar:/home/user/.m2/repository/org/codehaus/jackson/jackson-xc/1.9.13/jackson-xc-1.9.13.jar:/home/user/.m2/repository/commons-logging/commons-logging/1.1.3/commons-logging-1.1.3.jar:/home/user/.m2/repository/commons-beanutils/commons-beanutils/1.9.4/commons-beanutils-1.9.4.jar:/home/user/.m2/repository/org/apache/commons/commons-configuration2/2.1.1/commons-configuration2-2.1.1.jar:/home/user/.m2/repository/org/apache/commons/commons-lang3/3.7/commons-lang3-3.7.jar:/home/user/.m2/repository/org/apache/commons/commons-text/1.4/commons-text-1.4.jar:/home/user/.m2/repository/org/apache/avro/avro/1.7.7/avro-1.7.7.jar:/home/user/.m2/repository/com/thoughtworks/paranamer/paranamer/2.3/paranamer-2.3.jar:/home/user/.m2/repository/org/xerial/snappy/snappy-java/1.0.5/snappy-java-1.0.5.jar:/home/user/.m2/repository/com/google/re2j/re2j/1.1/re2j-1.1.jar:/home/user/.m2/repository/com/google/code/gson/gson/2.2.4/gson-2.2.4.jar:/home/user/.m2/repository/com/jcraft/jsch/0.1.54/jsch-0.1.54.jar:/home/user/.m2/repository/org/apache/curator/curator-client/2.12.0/curator-client-2.12.0.jar:/home/user/.m2/repository/org/apache/curator/curator-recipes/2.12.0/curator-recipes-2.12.0.jar:/home/user/.m2/repository/com/google/code/findbugs/jsr305/3.0.0/jsr305-3.0.0.jar:/home/user/.m2/repository/org/apache/htrace/htrace-core4/4.1.0-incubating/htrace-core4-4.1.0-incubating.jar:/home/user/.m2/repository/org/apache/zookeeper/zookeeper/3.4.13/zookeeper-3.4.13.jar:/home/user/.m2/repository/jline/jline/0.9.94/jline-0.9.94.jar:/home/user/.m2/repository/org/apache/yetus/audience-annotations/0.5.0/audience-annotations-0.5.0.jar:/home/user/.m2/repository/org/codehaus/woodstox/stax2-api/3.1.4/stax2-api-3.1.4.jar:/home/user/.m2/repository/com/fasterxml/woodstox/woodstox-core/5.0.3/woodstox-core-5.0.3.jar:/home/user/.m2/repository/dnsjava/dnsjava/2.1.7/dnsjava-2.1.7.jar:/home/user/.m2/repository/org/apache/hadoop/hadoop-hdfs/3.2.0/hadoop-hdfs-3.2.0-tests.jar:/home/user/.m2/repository/org/eclipse/jetty/jetty-util-ajax/9.3.25.v20180904/jetty-util-ajax-9.3.25.v20180904.jar:/home/user/.m2/repository/commons-daemon/commons-daemon/1.0.13/commons-daemon-1.0.13.jar:/home/user/.m2/repository/io/netty/netty/3.10.5.Final/netty-3.10.5.Final.jar:/home/user/.m2/repository/io/netty/netty-all/4.0.52.Final/netty-all-4.0.52.Final.jar:/home/user/.m2/repository/org/fusesource/leveldbjni/leveldbjni-all/1.8/leveldbjni-all-1.8.jar:"/>
    <property name="sun.cpu.endian" value="little"/>
    <property name="user.home" value="/home/user"/>
    <property name="user.language" value="en"/>
    <property name="java.specification.vendor" value="Oracle Corporation"/>
    <property name="java.home" value="/usr/lib/jvm/java-1.8-openjdk/jre"/>
    <property name="java.security.krb5.conf" value="/workdir/hadoop-ozone/integration-test/target/test-classes/krb5.conf"/>
    <property name="basedir" value="/workdir/hadoop-ozone/integration-test"/>
    <property name="file.separator" value="/"/>
    <property name="line.separator" value="&#10;"/>
    <property name="java.vm.specification.vendor" value="Oracle Corporation"/>
    <property name="java.specification.name" value="Java Platform API Specification"/>
    <property name="java.awt.graphicsenv" value="sun.awt.X11GraphicsEnvironment"/>
    <property name="surefire.real.class.path" value="/workdir/hadoop-ozone/integration-test/target/surefire/surefirebooter871232442388262309.jar"/>
    <property name="hadoop.log.dir" value="/workdir/hadoop-ozone/integration-test/target/log"/>
    <property name="sun.boot.class.path" value="/usr/lib/jvm/java-1.8-openjdk/jre/lib/resources.jar:/usr/lib/jvm/java-1.8-openjdk/jre/lib/rt.jar:/usr/lib/jvm/java-1.8-openjdk/jre/lib/sunrsasign.jar:/usr/lib/jvm/java-1.8-openjdk/jre/lib/jsse.jar:/usr/lib/jvm/java-1.8-openjdk/jre/lib/jce.jar:/usr/lib/jvm/java-1.8-openjdk/jre/lib/charsets.jar:/usr/lib/jvm/java-1.8-openjdk/jre/lib/jfr.jar:/usr/lib/jvm/java-1.8-openjdk/jre/classes"/>
    <property name="sun.management.compiler" value="HotSpot 64-Bit Tiered Compilers"/>
    <property name="java.runtime.version" value="1.8.0_212-b04"/>
    <property name="java.net.preferIPv4Stack" value="true"/>
    <property name="user.name" value="jenkins1000"/>
    <property name="path.separator" value=":"/>
    <property name="java.security.egd" value="file:///dev/urandom"/>
    <property name="os.version" value="3.10.0-957.12.2.el7.x86_64"/>
    <property name="java.endorsed.dirs" value="/usr/lib/jvm/java-1.8-openjdk/jre/lib/endorsed"/>
    <property name="java.runtime.name" value="OpenJDK Runtime Environment"/>
    <property name="file.encoding" value="UTF-8"/>
    <property name="java.vm.name" value="OpenJDK 64-Bit Server VM"/>
    <property name="test.build.webapps" value=""/>
    <property name="localRepository" value="/home/user/.m2/repository"/>
    <property name="java.vendor.url.bug" value="https://icedtea.classpath.org/bugzilla"/>
    <property name="java.io.tmpdir" value="/tmp"/>
    <property name="require.test.libhadoop" value=""/>
    <property name="java.version" value="1.8.0_212"/>
    <property name="user.dir" value="/workdir/hadoop-ozone/integration-test"/>
    <property name="os.arch" value="amd64"/>
    <property name="java.vm.specification.name" value="Java Virtual Machine Specification"/>
    <property name="test.build.classes" value="/workdir/hadoop-ozone/integration-test/target/test-classes"/>
    <property name="java.awt.printerjob" value="sun.print.PSPrinterJob"/>
    <property name="sun.os.patch.level" value="unknown"/>
    <property name="hadoop.tmp.dir" value="/workdir/hadoop-ozone/integration-test/target/tmp"/>
    <property name="java.library.path" value="/usr/lib/jvm/java-1.8-openjdk/jre/lib/amd64/server:/usr/lib/jvm/java-1.8-openjdk/jre/lib/amd64:/usr/lib/jvm/java-1.8-openjdk/jre/../lib/amd64:/workdir/hadoop-ozone/integration-test/target/native/target/usr/local/lib:/workdir/hadoop-ozone/integration-test/../../hadoop-common-project/hadoop-common/target/native/target/usr/local/lib:/usr/java/packages/lib/amd64:/usr/lib64:/lib64:/lib:/usr/lib"/>
    <property name="java.vm.info" value="mixed mode"/>
    <property name="java.vendor" value="IcedTea"/>
    <property name="java.vm.version" value="25.212-b04"/>
    <property name="java.ext.dirs" value="/usr/lib/jvm/java-1.8-openjdk/jre/lib/ext:/usr/java/packages/lib/ext"/>
    <property name="sun.io.unicode.encoding" value="UnicodeLittle"/>
    <property name="java.class.version" value="52.0"/>
  </properties>
  <testcase name="testMultiBlockWritesWithIntermittentDnFailures" classname="org.apache.hadoop.ozone.client.rpc.TestMultiBlockWritesWithDnFailures" time="146.347">
    <error message="Connection refused" type="java.net.ConnectException"><![CDATA[java.net.ConnectException: Connection refused
	at sun.nio.ch.SocketChannelImpl.checkConnect(Native Method)
	at sun.nio.ch.SocketChannelImpl.finishConnect(SocketChannelImpl.java:717)
	at org.apache.hadoop.net.SocketIOWithTimeout.connect(SocketIOWithTimeout.java:206)
	at org.apache.hadoop.net.NetUtils.connect(NetUtils.java:531)
	at org.apache.hadoop.ipc.Client$Connection.setupConnection(Client.java:690)
	at org.apache.hadoop.ipc.Client$Connection.setupIOstreams(Client.java:794)
	at org.apache.hadoop.ipc.Client$Connection.access$3700(Client.java:411)
	at org.apache.hadoop.ipc.Client.getConnection(Client.java:1572)
	at org.apache.hadoop.ipc.Client.call(Client.java:1403)
	at org.apache.hadoop.ipc.Client.call(Client.java:1367)
	at org.apache.hadoop.ipc.ProtobufRpcEngine$Invoker.invoke(ProtobufRpcEngine.java:228)
	at org.apache.hadoop.ipc.ProtobufRpcEngine$Invoker.invoke(ProtobufRpcEngine.java:116)
	at com.sun.proxy.$Proxy35.submitRequest(Unknown Source)
	at sun.reflect.NativeMethodAccessorImpl.invoke0(Native Method)
	at sun.reflect.NativeMethodAccessorImpl.invoke(NativeMethodAccessorImpl.java:62)
	at sun.reflect.DelegatingMethodAccessorImpl.invoke(DelegatingMethodAccessorImpl.java:43)
	at java.lang.reflect.Method.invoke(Method.java:498)
	at org.apache.hadoop.io.retry.RetryInvocationHandler.invokeMethod(RetryInvocationHandler.java:422)
	at org.apache.hadoop.io.retry.RetryInvocationHandler$Call.invokeMethod(RetryInvocationHandler.java:165)
	at org.apache.hadoop.io.retry.RetryInvocationHandler$Call.invoke(RetryInvocationHandler.java:157)
	at org.apache.hadoop.io.retry.RetryInvocationHandler$Call.invokeOnce(RetryInvocationHandler.java:95)
	at org.apache.hadoop.io.retry.RetryInvocationHandler.invoke(RetryInvocationHandler.java:359)
	at com.sun.proxy.$Proxy35.submitRequest(Unknown Source)
	at org.apache.hadoop.ozone.om.protocolPB.OzoneManagerProtocolClientSideTranslatorPB.submitRequest(OzoneManagerProtocolClientSideTranslatorPB.java:338)
	at org.apache.hadoop.ozone.om.protocolPB.OzoneManagerProtocolClientSideTranslatorPB.getServiceInfo(OzoneManagerProtocolClientSideTranslatorPB.java:1223)
	at sun.reflect.NativeMethodAccessorImpl.invoke0(Native Method)
	at sun.reflect.NativeMethodAccessorImpl.invoke(NativeMethodAccessorImpl.java:62)
	at sun.reflect.DelegatingMethodAccessorImpl.invoke(DelegatingMethodAccessorImpl.java:43)
	at java.lang.reflect.Method.invoke(Method.java:498)
	at org.apache.hadoop.hdds.tracing.TraceAllMethod.invoke(TraceAllMethod.java:66)
	at com.sun.proxy.$Proxy36.getServiceInfo(Unknown Source)
	at org.apache.hadoop.ozone.client.rpc.RpcClient.<init>(RpcClient.java:154)
	at org.apache.hadoop.ozone.client.OzoneClientFactory.getClientProtocol(OzoneClientFactory.java:256)
	at org.apache.hadoop.ozone.client.OzoneClientFactory.getClientProtocol(OzoneClientFactory.java:239)
	at org.apache.hadoop.ozone.client.OzoneClientFactory.getClient(OzoneClientFactory.java:75)
	at org.apache.hadoop.ozone.client.rpc.TestMultiBlockWritesWithDnFailures.startCluster(TestMultiBlockWritesWithDnFailures.java:96)
	at org.apache.hadoop.ozone.client.rpc.TestMultiBlockWritesWithDnFailures.testMultiBlockWritesWithIntermittentDnFailures(TestMultiBlockWritesWithDnFailures.java:160)
	at sun.reflect.NativeMethodAccessorImpl.invoke0(Native Method)
	at sun.reflect.NativeMethodAccessorImpl.invoke(NativeMethodAccessorImpl.java:62)
	at sun.reflect.DelegatingMethodAccessorImpl.invoke(DelegatingMethodAccessorImpl.java:43)
	at java.lang.reflect.Method.invoke(Method.java:498)
	at org.junit.runners.model.FrameworkMethod$1.runReflectiveCall(FrameworkMethod.java:47)
	at org.junit.internal.runners.model.ReflectiveCallable.run(ReflectiveCallable.java:12)
	at org.junit.runners.model.FrameworkMethod.invokeExplosively(FrameworkMethod.java:44)
	at org.junit.internal.runners.statements.InvokeMethod.evaluate(InvokeMethod.java:17)
	at org.junit.internal.runners.statements.RunAfters.evaluate(RunAfters.java:27)
	at org.junit.runners.ParentRunner.runLeaf(ParentRunner.java:271)
	at org.junit.runners.BlockJUnit4ClassRunner.runChild(BlockJUnit4ClassRunner.java:70)
	at org.junit.runners.BlockJUnit4ClassRunner.runChild(BlockJUnit4ClassRunner.java:50)
	at org.junit.runners.ParentRunner$3.run(ParentRunner.java:238)
	at org.junit.runners.ParentRunner$1.schedule(ParentRunner.java:63)
	at org.junit.runners.ParentRunner.runChildren(ParentRunner.java:236)
	at org.junit.runners.ParentRunner.access$000(ParentRunner.java:53)
	at org.junit.runners.ParentRunner$2.evaluate(ParentRunner.java:229)
	at org.junit.runners.ParentRunner.run(ParentRunner.java:309)
	at org.apache.maven.surefire.junit4.JUnit4Provider.execute(JUnit4Provider.java:365)
	at org.apache.maven.surefire.junit4.JUnit4Provider.executeWithRerun(JUnit4Provider.java:273)
	at org.apache.maven.surefire.junit4.JUnit4Provider.executeTestSet(JUnit4Provider.java:238)
	at org.apache.maven.surefire.junit4.JUnit4Provider.invoke(JUnit4Provider.java:159)
	at org.apache.maven.surefire.booter.ForkedBooter.invokeProviderInSameClassLoader(ForkedBooter.java:384)
	at org.apache.maven.surefire.booter.ForkedBooter.runSuitesInProcess(ForkedBooter.java:345)
	at org.apache.maven.surefire.booter.ForkedBooter.execute(ForkedBooter.java:126)
	at org.apache.maven.surefire.booter.ForkedBooter.main(ForkedBooter.java:418)
]]></error>
    <system-out><![CDATA[2019-09-24 22:56:47,600 [main] WARN  server.ServerUtils (ServerUtils.java:getScmDbDir(145)) - ozone.scm.db.dirs is not configured. We recommend adding this setting. Falling back to ozone.metadata.dirs instead.
2019-09-24 22:56:47,685 [main] WARN  server.ServerUtils (ServerUtils.java:getScmDbDir(145)) - ozone.scm.db.dirs is not configured. We recommend adding this setting. Falling back to ozone.metadata.dirs instead.
2019-09-24 22:56:47,687 [main] WARN  server.ServerUtils (ServerUtils.java:getScmDbDir(145)) - ozone.scm.db.dirs is not configured. We recommend adding this setting. Falling back to ozone.metadata.dirs instead.
2019-09-24 22:56:47,701 [main] INFO  util.log (Log.java:initialized(192)) - Logging initialized @829ms
2019-09-24 22:56:47,778 [main] INFO  db.DBStoreBuilder (DBStoreBuilder.java:addTable(110)) - using custom profile for table: deletedBlocks
2019-09-24 22:56:47,779 [main] INFO  db.DBStoreBuilder (DBStoreBuilder.java:processTables(161)) - Using default column profile:DBProfile.DISK for Table:deletedBlocks
2019-09-24 22:56:47,779 [main] INFO  db.DBStoreBuilder (DBStoreBuilder.java:addTable(110)) - using custom profile for table: validCerts
2019-09-24 22:56:47,779 [main] INFO  db.DBStoreBuilder (DBStoreBuilder.java:processTables(161)) - Using default column profile:DBProfile.DISK for Table:validCerts
2019-09-24 22:56:47,780 [main] INFO  db.DBStoreBuilder (DBStoreBuilder.java:addTable(110)) - using custom profile for table: revokedCerts
2019-09-24 22:56:47,780 [main] INFO  db.DBStoreBuilder (DBStoreBuilder.java:processTables(161)) - Using default column profile:DBProfile.DISK for Table:revokedCerts
2019-09-24 22:56:47,789 [main] INFO  db.DBStoreBuilder (DBStoreBuilder.java:addTable(110)) - using custom profile for table: default
2019-09-24 22:56:47,790 [main] INFO  db.DBStoreBuilder (DBStoreBuilder.java:processTables(167)) - Using default column profile:DBProfile.DISK for Table:default
2019-09-24 22:56:47,791 [main] INFO  db.DBStoreBuilder (DBStoreBuilder.java:getDbProfile(198)) - Using default options. DBProfile.DISK
2019-09-24 22:56:48,068 [main] INFO  net.NodeSchemaLoader (NodeSchemaLoader.java:loadSchemaFromFile(125)) - Loading file from sun.misc.CompoundEnumeration@14cd1699
2019-09-24 22:56:48,071 [main] INFO  net.NodeSchemaLoader (NodeSchemaLoader.java:loadSchema(171)) - Loading network topology layer schema file
2019-09-24 22:56:48,135 [main] INFO  node.SCMNodeManager (SCMNodeManager.java:<init>(114)) - Entering startup safe mode.
2019-09-24 22:56:48,194 [main] INFO  algorithms.ContainerPlacementPolicyFactory (ContainerPlacementPolicyFactory.java:getPolicy(57)) - Create container placement policy of type org.apache.hadoop.hdds.scm.container.placement.algorithms.SCMContainerPlacementRandom
2019-09-24 22:56:48,205 [main] WARN  server.ServerUtils (ServerUtils.java:getScmDbDir(145)) - ozone.scm.db.dirs is not configured. We recommend adding this setting. Falling back to ozone.metadata.dirs instead.
2019-09-24 22:56:48,259 [main] INFO  pipeline.SCMPipelineManager (SCMPipelineManager.java:initializePipelineState(132)) - No pipeline exists in current db
2019-09-24 22:56:48,260 [main] WARN  server.ServerUtils (ServerUtils.java:getScmDbDir(145)) - ozone.scm.db.dirs is not configured. We recommend adding this setting. Falling back to ozone.metadata.dirs instead.
2019-09-24 22:56:48,353 [main] WARN  events.EventQueue (EventQueue.java:fireEvent(183)) - No event handler registered for event TypedEvent{payloadType=SafeModeStatus, name='SafeModeStatus'}
2019-09-24 22:56:48,614 [main] INFO  ipc.CallQueueManager (CallQueueManager.java:<init>(84)) - Using callQueue: class java.util.concurrent.LinkedBlockingQueue, queueCapacity: 2000, scheduler: class org.apache.hadoop.ipc.DefaultRpcScheduler, ipcBackoff: false.
2019-09-24 22:56:48,637 [Socket Reader #1 for port 38357] INFO  ipc.Server (Server.java:run(1074)) - Starting Socket Reader #1 for port 38357
2019-09-24 22:56:48,759 [main] INFO  ipc.CallQueueManager (CallQueueManager.java:<init>(84)) - Using callQueue: class java.util.concurrent.LinkedBlockingQueue, queueCapacity: 2000, scheduler: class org.apache.hadoop.ipc.DefaultRpcScheduler, ipcBackoff: false.
2019-09-24 22:56:48,760 [Socket Reader #1 for port 38796] INFO  ipc.Server (Server.java:run(1074)) - Starting Socket Reader #1 for port 38796
2019-09-24 22:56:48,770 [main] INFO  ipc.CallQueueManager (CallQueueManager.java:<init>(84)) - Using callQueue: class java.util.concurrent.LinkedBlockingQueue, queueCapacity: 2000, scheduler: class org.apache.hadoop.ipc.DefaultRpcScheduler, ipcBackoff: false.
2019-09-24 22:56:48,771 [Socket Reader #1 for port 42437] INFO  ipc.Server (Server.java:run(1074)) - Starting Socket Reader #1 for port 42437
2019-09-24 22:56:48,793 [main] INFO  hdfs.DFSUtil (DFSUtil.java:httpServerTemplateForNNAndJN(1641)) - Starting Web-server for scm at: http://0.0.0.0:0
2019-09-24 22:56:48,948 [main] INFO  server.AuthenticationFilter (AuthenticationFilter.java:constructSecretProvider(240)) - Unable to initialize FileSignerSecretProvider, falling back to use random secrets.
2019-09-24 22:56:48,956 [main] WARN  http.HttpRequestLog (HttpRequestLog.java:getRequestLog(97)) - Jetty request log can only be enabled using Log4j
2019-09-24 22:56:48,964 [main] INFO  http.HttpServer2 (HttpServer2.java:addGlobalFilter(975)) - Added global filter 'safety' (class=org.apache.hadoop.http.HttpServer2$QuotingInputFilter)
2019-09-24 22:56:48,966 [main] INFO  http.HttpServer2 (HttpServer2.java:addFilter(948)) - Added filter static_user_filter (class=org.apache.hadoop.http.lib.StaticUserWebFilter$StaticUserFilter) to context scm
2019-09-24 22:56:48,966 [main] INFO  http.HttpServer2 (HttpServer2.java:addFilter(958)) - Added filter static_user_filter (class=org.apache.hadoop.http.lib.StaticUserWebFilter$StaticUserFilter) to context static
2019-09-24 22:56:48,967 [main] INFO  http.HttpServer2 (HttpServer2.java:addFilter(958)) - Added filter static_user_filter (class=org.apache.hadoop.http.lib.StaticUserWebFilter$StaticUserFilter) to context logs
2019-09-24 22:56:48,995 [main] INFO  server.StorageContainerManager (StorageContainerManager.java:start(770)) - StorageContainerLocationProtocol RPC server is listening at /0.0.0.0:42437
2019-09-24 22:56:49,051 [main] WARN  impl.MetricsConfig (MetricsConfig.java:loadFirst(134)) - Cannot locate configuration: tried hadoop-metrics2-storagecontainermanager.properties,hadoop-metrics2.properties
2019-09-24 22:56:49,063 [main] INFO  impl.MetricsSystemImpl (MetricsSystemImpl.java:startTimer(374)) - Scheduled Metric snapshot period at 10 second(s).
2019-09-24 22:56:49,063 [main] INFO  impl.MetricsSystemImpl (MetricsSystemImpl.java:start(191)) - StorageContainerManager metrics system started
2019-09-24 22:56:49,279 [main] INFO  server.SCMClientProtocolServer (SCMClientProtocolServer.java:start(151)) - RPC server for Client  is listening at /0.0.0.0:42437
2019-09-24 22:56:49,279 [IPC Server Responder] INFO  ipc.Server (Server.java:run(1314)) - IPC Server Responder: starting
2019-09-24 22:56:49,279 [IPC Server listener on 42437] INFO  ipc.Server (Server.java:run(1153)) - IPC Server listener on 42437: starting
2019-09-24 22:56:49,285 [main] INFO  server.StorageContainerManager (StorageContainerManager.java:start(780)) - ScmBlockLocationProtocol RPC server is listening at /0.0.0.0:38796
2019-09-24 22:56:49,287 [main] INFO  server.SCMBlockProtocolServer (SCMBlockProtocolServer.java:start(146)) - RPC server for Block Protocol is listening at /0.0.0.0:38796
2019-09-24 22:56:49,288 [IPC Server Responder] INFO  ipc.Server (Server.java:run(1314)) - IPC Server Responder: starting
2019-09-24 22:56:49,288 [IPC Server listener on 38796] INFO  ipc.Server (Server.java:run(1153)) - IPC Server listener on 38796: starting
2019-09-24 22:56:49,298 [main] INFO  server.StorageContainerManager (StorageContainerManager.java:start(784)) - ScmDatanodeProtocl RPC server is listening at /0.0.0.0:38357
2019-09-24 22:56:49,298 [main] INFO  server.SCMDatanodeProtocolServer (SCMDatanodeProtocolServer.java:start(191)) - RPC server for DataNodes is listening at /0.0.0.0:38357
2019-09-24 22:56:49,300 [IPC Server Responder] INFO  ipc.Server (Server.java:run(1314)) - IPC Server Responder: starting
2019-09-24 22:56:49,300 [IPC Server listener on 38357] INFO  ipc.Server (Server.java:run(1153)) - IPC Server listener on 38357: starting
2019-09-24 22:56:49,315 [main] INFO  http.HttpServer2 (HttpServer2.java:bindListener(1191)) - Jetty bound to port 45511
2019-09-24 22:56:49,318 [main] INFO  server.Server (Server.java:doStart(351)) - jetty-9.3.25.v20180904, build timestamp: 2018-09-04T21:11:46Z, git hash: 3ce520221d0240229c862b122d2b06c12a625732
2019-09-24 22:56:49,368 [main] INFO  handler.ContextHandler (ContextHandler.java:doStart(781)) - Started o.e.j.s.ServletContextHandler@2f17e30d{/logs,file:///workdir/hadoop-ozone/integration-test/target/log,AVAILABLE}
2019-09-24 22:56:49,369 [main] INFO  handler.ContextHandler (ContextHandler.java:doStart(781)) - Started o.e.j.s.ServletContextHandler@1d131e1b{/static,file:///workdir/hadoop-ozone/integration-test/target/test-classes/webapps/static,AVAILABLE}
2019-09-24 22:56:49,406 [main] INFO  handler.ContextHandler (ContextHandler.java:doStart(781)) - Started o.e.j.w.WebAppContext@660e9100{/,file:///workdir/hadoop-ozone/integration-test/target/test-classes/webapps/scm/,AVAILABLE}{/scm}
2019-09-24 22:56:49,411 [main] INFO  server.AbstractConnector (AbstractConnector.java:doStart(278)) - Started ServerConnector@5aabbb29{HTTP/1.1,[http/1.1]}{0.0.0.0:45511}
2019-09-24 22:56:49,412 [main] INFO  server.Server (Server.java:doStart(419)) - Started @2541ms
2019-09-24 22:56:49,414 [main] INFO  impl.MetricsSinkAdapter (MetricsSinkAdapter.java:start(204)) - Sink prometheus started
2019-09-24 22:56:49,414 [main] INFO  impl.MetricsSystemImpl (MetricsSystemImpl.java:registerSink(301)) - Registered sink prometheus
2019-09-24 22:56:49,433 [main] INFO  server.BaseHttpServer (BaseHttpServer.java:updateConnectorAddress(215)) - HTTP server of SCM is listening at http://0.0.0.0:45511
2019-09-24 22:56:49,440 [org.apache.hadoop.util.JvmPauseMonitor$Monitor@7927bd9f] INFO  util.JvmPauseMonitor (JvmPauseMonitor.java:run(188)) - Starting JVM pause monitor
2019-09-24 22:56:49,442 [main] WARN  server.ServerUtils (ServerUtils.java:getDBPath(222)) - ozone.om.db.dirs is not configured. We recommend adding this setting. Falling back to ozone.metadata.dirs instead.
2019-09-24 22:56:49,544 [main] INFO  ha.OMHANodeDetails (OMHANodeDetails.java:loadOMHAConfig(181)) - Configuration either no ozone.om.address set. Falling back to the default OM address /127.0.0.1:0
2019-09-24 22:56:49,544 [main] INFO  ha.OMHANodeDetails (OMHANodeDetails.java:getOMNodeDetails(211)) - OM Service ID is not set. Setting it to the default ID: omServiceIdDefault
2019-09-24 22:56:49,545 [main] WARN  server.ServerUtils (ServerUtils.java:getDBPath(222)) - ozone.om.db.dirs is not configured. We recommend adding this setting. Falling back to ozone.metadata.dirs instead.
2019-09-24 22:56:49,546 [main] WARN  server.ServerUtils (ServerUtils.java:getDBPath(222)) - ozone.om.db.dirs is not configured. We recommend adding this setting. Falling back to ozone.metadata.dirs instead.
2019-09-24 22:56:50,219 [main] WARN  server.ServerUtils (ServerUtils.java:getDBPath(222)) - ozone.om.db.dirs is not configured. We recommend adding this setting. Falling back to ozone.metadata.dirs instead.
2019-09-24 22:56:50,227 [main] INFO  db.DBStoreBuilder (DBStoreBuilder.java:addTable(110)) - using custom profile for table: userTable
2019-09-24 22:56:50,228 [main] INFO  db.DBStoreBuilder (DBStoreBuilder.java:processTables(161)) - Using default column profile:DBProfile.DISK for Table:userTable
2019-09-24 22:56:50,228 [main] INFO  db.DBStoreBuilder (DBStoreBuilder.java:addTable(110)) - using custom profile for table: volumeTable
2019-09-24 22:56:50,228 [main] INFO  db.DBStoreBuilder (DBStoreBuilder.java:processTables(161)) - Using default column profile:DBProfile.DISK for Table:volumeTable
2019-09-24 22:56:50,228 [main] INFO  db.DBStoreBuilder (DBStoreBuilder.java:addTable(110)) - using custom profile for table: bucketTable
2019-09-24 22:56:50,229 [main] INFO  db.DBStoreBuilder (DBStoreBuilder.java:processTables(161)) - Using default column profile:DBProfile.DISK for Table:bucketTable
2019-09-24 22:56:50,229 [main] INFO  db.DBStoreBuilder (DBStoreBuilder.java:addTable(110)) - using custom profile for table: keyTable
2019-09-24 22:56:50,229 [main] INFO  db.DBStoreBuilder (DBStoreBuilder.java:processTables(161)) - Using default column profile:DBProfile.DISK for Table:keyTable
2019-09-24 22:56:50,229 [main] INFO  db.DBStoreBuilder (DBStoreBuilder.java:addTable(110)) - using custom profile for table: deletedTable
2019-09-24 22:56:50,230 [main] INFO  db.DBStoreBuilder (DBStoreBuilder.java:processTables(161)) - Using default column profile:DBProfile.DISK for Table:deletedTable
2019-09-24 22:56:50,230 [main] INFO  db.DBStoreBuilder (DBStoreBuilder.java:addTable(110)) - using custom profile for table: openKeyTable
2019-09-24 22:56:50,230 [main] INFO  db.DBStoreBuilder (DBStoreBuilder.java:processTables(161)) - Using default column profile:DBProfile.DISK for Table:openKeyTable
2019-09-24 22:56:50,230 [main] INFO  db.DBStoreBuilder (DBStoreBuilder.java:addTable(110)) - using custom profile for table: s3Table
2019-09-24 22:56:50,231 [main] INFO  db.DBStoreBuilder (DBStoreBuilder.java:processTables(161)) - Using default column profile:DBProfile.DISK for Table:s3Table
2019-09-24 22:56:50,231 [main] INFO  db.DBStoreBuilder (DBStoreBuilder.java:addTable(110)) - using custom profile for table: multipartInfoTable
2019-09-24 22:56:50,231 [main] INFO  db.DBStoreBuilder (DBStoreBuilder.java:processTables(161)) - Using default column profile:DBProfile.DISK for Table:multipartInfoTable
2019-09-24 22:56:50,232 [main] INFO  db.DBStoreBuilder (DBStoreBuilder.java:addTable(110)) - using custom profile for table: dTokenTable
2019-09-24 22:56:50,232 [main] INFO  db.DBStoreBuilder (DBStoreBuilder.java:processTables(161)) - Using default column profile:DBProfile.DISK for Table:dTokenTable
2019-09-24 22:56:50,232 [main] INFO  db.DBStoreBuilder (DBStoreBuilder.java:addTable(110)) - using custom profile for table: s3SecretTable
2019-09-24 22:56:50,232 [main] INFO  db.DBStoreBuilder (DBStoreBuilder.java:processTables(161)) - Using default column profile:DBProfile.DISK for Table:s3SecretTable
2019-09-24 22:56:50,233 [main] INFO  db.DBStoreBuilder (DBStoreBuilder.java:addTable(110)) - using custom profile for table: prefixTable
2019-09-24 22:56:50,233 [main] INFO  db.DBStoreBuilder (DBStoreBuilder.java:processTables(161)) - Using default column profile:DBProfile.DISK for Table:prefixTable
2019-09-24 22:56:50,233 [main] INFO  db.DBStoreBuilder (DBStoreBuilder.java:addTable(110)) - using custom profile for table: default
2019-09-24 22:56:50,233 [main] INFO  db.DBStoreBuilder (DBStoreBuilder.java:processTables(167)) - Using default column profile:DBProfile.DISK for Table:default
2019-09-24 22:56:50,234 [main] INFO  db.DBStoreBuilder (DBStoreBuilder.java:getDbProfile(198)) - Using default options. DBProfile.DISK
2019-09-24 22:56:50,596 [main] INFO  ipc.CallQueueManager (CallQueueManager.java:<init>(84)) - Using callQueue: class java.util.concurrent.LinkedBlockingQueue, queueCapacity: 2000, scheduler: class org.apache.hadoop.ipc.DefaultRpcScheduler, ipcBackoff: false.
2019-09-24 22:56:50,598 [Socket Reader #1 for port 42642] INFO  ipc.Server (Server.java:run(1074)) - Starting Socket Reader #1 for port 42642
2019-09-24 22:56:50,616 [main] INFO  om.OzoneManager (OzoneManager.java:start(1069)) - OzoneManager RPC server is listening at localhost/127.0.0.1:42642
2019-09-24 22:56:50,617 [main] INFO  impl.MetricsSystemImpl (MetricsSystemImpl.java:init(158)) - OzoneManager metrics system started (again)
2019-09-24 22:56:50,618 [IPC Server Responder] INFO  ipc.Server (Server.java:run(1314)) - IPC Server Responder: starting
2019-09-24 22:56:50,619 [IPC Server listener on 42642] INFO  ipc.Server (Server.java:run(1153)) - IPC Server listener on 42642: starting
2019-09-24 22:56:50,631 [main] INFO  hdfs.DFSUtil (DFSUtil.java:httpServerTemplateForNNAndJN(1641)) - Starting Web-server for ozoneManager at: http://0.0.0.0:0
2019-09-24 22:56:50,633 [main] INFO  server.AuthenticationFilter (AuthenticationFilter.java:constructSecretProvider(240)) - Unable to initialize FileSignerSecretProvider, falling back to use random secrets.
2019-09-24 22:56:50,633 [main] WARN  http.HttpRequestLog (HttpRequestLog.java:getRequestLog(97)) - Jetty request log can only be enabled using Log4j
2019-09-24 22:56:50,636 [main] INFO  http.HttpServer2 (HttpServer2.java:addGlobalFilter(975)) - Added global filter 'safety' (class=org.apache.hadoop.http.HttpServer2$QuotingInputFilter)
2019-09-24 22:56:50,636 [main] INFO  http.HttpServer2 (HttpServer2.java:addFilter(948)) - Added filter static_user_filter (class=org.apache.hadoop.http.lib.StaticUserWebFilter$StaticUserFilter) to context ozoneManager
2019-09-24 22:56:50,637 [main] INFO  http.HttpServer2 (HttpServer2.java:addFilter(958)) - Added filter static_user_filter (class=org.apache.hadoop.http.lib.StaticUserWebFilter$StaticUserFilter) to context logs
2019-09-24 22:56:50,637 [main] INFO  http.HttpServer2 (HttpServer2.java:addFilter(958)) - Added filter static_user_filter (class=org.apache.hadoop.http.lib.StaticUserWebFilter$StaticUserFilter) to context static
2019-09-24 22:56:50,639 [main] INFO  http.HttpServer2 (HttpServer2.java:bindListener(1191)) - Jetty bound to port 42392
2019-09-24 22:56:50,639 [main] INFO  server.Server (Server.java:doStart(351)) - jetty-9.3.25.v20180904, build timestamp: 2018-09-04T21:11:46Z, git hash: 3ce520221d0240229c862b122d2b06c12a625732
2019-09-24 22:56:50,641 [main] INFO  handler.ContextHandler (ContextHandler.java:doStart(781)) - Started o.e.j.s.ServletContextHandler@49aa766b{/logs,file:///workdir/hadoop-ozone/integration-test/target/log,AVAILABLE}
2019-09-24 22:56:50,642 [main] INFO  handler.ContextHandler (ContextHandler.java:doStart(781)) - Started o.e.j.s.ServletContextHandler@65004ff6{/static,file:///workdir/hadoop-ozone/integration-test/target/test-classes/webapps/static,AVAILABLE}
2019-09-24 22:56:50,647 [main] INFO  handler.ContextHandler (ContextHandler.java:doStart(781)) - Started o.e.j.w.WebAppContext@4158debd{/,file:///workdir/hadoop-ozone/integration-test/target/test-classes/webapps/ozoneManager/,AVAILABLE}{/ozoneManager}
2019-09-24 22:56:50,647 [main] INFO  server.AbstractConnector (AbstractConnector.java:doStart(278)) - Started ServerConnector@af78c87{HTTP/1.1,[http/1.1]}{0.0.0.0:42392}
2019-09-24 22:56:50,647 [main] INFO  server.Server (Server.java:doStart(419)) - Started @3776ms
2019-09-24 22:56:50,648 [main] WARN  impl.MetricsSystemImpl (MetricsSystemImpl.java:register(276)) - Sink prometheus already exists!
2019-09-24 22:56:50,649 [main] INFO  server.BaseHttpServer (BaseHttpServer.java:updateConnectorAddress(215)) - HTTP server of OZONEMANAGER is listening at http://0.0.0.0:42392
2019-09-24 22:56:50,960 [main] INFO  impl.MetricsSystemImpl (MetricsSystemImpl.java:init(158)) - HddsDatanode metrics system started (again)
2019-09-24 22:56:51,006 [main] INFO  ozone.HddsDatanodeService (HddsDatanodeService.java:start(184)) - HddsDatanodeService host:pr-hdds-2162-v2v4x-1150571016 ip:192.168.151.66
2019-09-24 22:56:51,036 [main] INFO  volume.HddsVolume (HddsVolume.java:<init>(176)) - Creating Volume: /workdir/hadoop-ozone/integration-test/target/test-dir/MiniOzoneClusterImpl-5f7a597a-7e5e-4415-9205-5cad3600d18e/datanode-0/data/containers/hdds of  storage type : DISK and capacity : 1482555576320
2019-09-24 22:56:51,038 [main] INFO  volume.VolumeSet (VolumeSet.java:initializeVolumeSet(170)) - Added Volume : /workdir/hadoop-ozone/integration-test/target/test-dir/MiniOzoneClusterImpl-5f7a597a-7e5e-4415-9205-5cad3600d18e/datanode-0/data/containers/hdds to VolumeSet
2019-09-24 22:56:51,041 [main] INFO  volume.ThrottledAsyncChecker (ThrottledAsyncChecker.java:schedule(139)) - Scheduling a check for org.apache.hadoop.ozone.container.common.volume.HddsVolume@bb9ab64
2019-09-24 22:56:51,056 [main] INFO  volume.HddsVolumeChecker (HddsVolumeChecker.java:checkAllVolumes(202)) - Scheduled health check for volume org.apache.hadoop.ozone.container.common.volume.HddsVolume@bb9ab64
2019-09-24 22:56:51,153 [main] INFO  impl.RaftServerProxy (ConfUtils.java:logGet(43)) - raft.rpc.type = GRPC (default)
2019-09-24 22:56:51,215 [main] INFO  grpc.GrpcFactory (GrpcFactory.java:checkPooledByteBufAllocatorUseCacheForAllThreads(45)) - PERFORMANCE WARNING: useCacheForAllThreads is true that may cause Netty to create a lot garbage objects and, as a result, trigger GC.
	It is recommended to disable useCacheForAllThreads by setting -Dorg.apache.ratis.thirdparty.io.netty.allocator.useCacheForAllThreads=false in command line.
2019-09-24 22:56:51,219 [main] INFO  grpc.GrpcConfigKeys$Server (ConfUtils.java:logGet(43)) - raft.grpc.server.port = 0 (default)
2019-09-24 22:56:51,220 [main] INFO  server.GrpcService (ConfUtils.java:logGet(43)) - raft.grpc.message.size.max = 33570816 (custom)
2019-09-24 22:56:51,221 [main] INFO  server.RaftServerConfigKeys (ConfUtils.java:logGet(43)) - raft.server.log.appender.buffer.byte-limit = 33554432 (custom)
2019-09-24 22:56:51,222 [main] INFO  server.GrpcService (ConfUtils.java:logGet(43)) - raft.grpc.flow.control.window = 1MB (=1048576) (default)
2019-09-24 22:56:51,223 [main] INFO  server.RaftServerConfigKeys (ConfUtils.java:logGet(43)) - raft.server.rpc.request.timeout = 3000ms (default)
2019-09-24 22:56:51,374 [main] INFO  server.RaftServerConfigKeys (ConfUtils.java:logGet(43)) - raft.server.storage.dir = [/workdir/hadoop-ozone/integration-test/target/test-dir/MiniOzoneClusterImpl-5f7a597a-7e5e-4415-9205-5cad3600d18e/datanode-0/data/ratis] (custom)
2019-09-24 22:56:51,422 [main] INFO  hdfs.DFSUtil (DFSUtil.java:httpServerTemplateForNNAndJN(1641)) - Starting Web-server for hddsDatanode at: http://0.0.0.0:0
2019-09-24 22:56:51,424 [main] INFO  server.AuthenticationFilter (AuthenticationFilter.java:constructSecretProvider(240)) - Unable to initialize FileSignerSecretProvider, falling back to use random secrets.
2019-09-24 22:56:51,425 [main] WARN  http.HttpRequestLog (HttpRequestLog.java:getRequestLog(97)) - Jetty request log can only be enabled using Log4j
2019-09-24 22:56:51,426 [main] INFO  http.HttpServer2 (HttpServer2.java:addGlobalFilter(975)) - Added global filter 'safety' (class=org.apache.hadoop.http.HttpServer2$QuotingInputFilter)
2019-09-24 22:56:51,427 [main] INFO  http.HttpServer2 (HttpServer2.java:addFilter(948)) - Added filter static_user_filter (class=org.apache.hadoop.http.lib.StaticUserWebFilter$StaticUserFilter) to context hddsDatanode
2019-09-24 22:56:51,427 [main] INFO  http.HttpServer2 (HttpServer2.java:addFilter(958)) - Added filter static_user_filter (class=org.apache.hadoop.http.lib.StaticUserWebFilter$StaticUserFilter) to context static
2019-09-24 22:56:51,427 [main] INFO  http.HttpServer2 (HttpServer2.java:addFilter(958)) - Added filter static_user_filter (class=org.apache.hadoop.http.lib.StaticUserWebFilter$StaticUserFilter) to context logs
2019-09-24 22:56:51,428 [main] INFO  http.HttpServer2 (HttpServer2.java:bindListener(1191)) - Jetty bound to port 35909
2019-09-24 22:56:51,428 [main] INFO  server.Server (Server.java:doStart(351)) - jetty-9.3.25.v20180904, build timestamp: 2018-09-04T21:11:46Z, git hash: 3ce520221d0240229c862b122d2b06c12a625732
2019-09-24 22:56:51,430 [main] INFO  handler.ContextHandler (ContextHandler.java:doStart(781)) - Started o.e.j.s.ServletContextHandler@26f46fa6{/logs,file:///workdir/hadoop-ozone/integration-test/target/log,AVAILABLE}
2019-09-24 22:56:51,431 [main] INFO  handler.ContextHandler (ContextHandler.java:doStart(781)) - Started o.e.j.s.ServletContextHandler@9596ce8{/static,jar:file:/home/user/.m2/repository/org/apache/hadoop/hadoop-hdds-container-service/0.5.0-SNAPSHOT/hadoop-hdds-container-service-0.5.0-SNAPSHOT.jar!/webapps/static,AVAILABLE}
2019-09-24 22:56:51,463 [main] INFO  handler.ContextHandler (ContextHandler.java:doStart(781)) - Started o.e.j.w.WebAppContext@623dcf2a{/,file:///tmp/jetty-0.0.0.0-35909-hddsDatanode-_-any-4633613104429896224.dir/webapp/,AVAILABLE}{/hddsDatanode}
2019-09-24 22:56:51,464 [main] INFO  server.AbstractConnector (AbstractConnector.java:doStart(278)) - Started ServerConnector@2eae4349{HTTP/1.1,[http/1.1]}{0.0.0.0:35909}
2019-09-24 22:56:51,464 [main] INFO  server.Server (Server.java:doStart(419)) - Started @4593ms
2019-09-24 22:56:51,465 [main] WARN  impl.MetricsSystemImpl (MetricsSystemImpl.java:register(276)) - Sink prometheus already exists!
2019-09-24 22:56:51,466 [main] INFO  server.BaseHttpServer (BaseHttpServer.java:updateConnectorAddress(215)) - HTTP server of HDDSDATANODE is listening at http://0.0.0.0:35909
2019-09-24 22:56:51,466 [main] INFO  impl.MetricsSystemImpl (MetricsSystemImpl.java:init(158)) - HddsDatanode metrics system started (again)
2019-09-24 22:56:51,468 [main] INFO  ozone.HddsDatanodeService (HddsDatanodeService.java:start(184)) - HddsDatanodeService host:pr-hdds-2162-v2v4x-1150571016 ip:192.168.151.66
2019-09-24 22:56:51,472 [org.apache.hadoop.util.JvmPauseMonitor$Monitor@7c1e7496] INFO  util.JvmPauseMonitor (JvmPauseMonitor.java:run(188)) - Starting JVM pause monitor
2019-09-24 22:56:51,475 [main] INFO  volume.HddsVolume (HddsVolume.java:<init>(176)) - Creating Volume: /workdir/hadoop-ozone/integration-test/target/test-dir/MiniOzoneClusterImpl-5f7a597a-7e5e-4415-9205-5cad3600d18e/datanode-1/data/containers/hdds of  storage type : DISK and capacity : 1482555576320
2019-09-24 22:56:51,476 [main] INFO  volume.VolumeSet (VolumeSet.java:initializeVolumeSet(170)) - Added Volume : /workdir/hadoop-ozone/integration-test/target/test-dir/MiniOzoneClusterImpl-5f7a597a-7e5e-4415-9205-5cad3600d18e/datanode-1/data/containers/hdds to VolumeSet
2019-09-24 22:56:51,477 [main] INFO  volume.ThrottledAsyncChecker (ThrottledAsyncChecker.java:schedule(139)) - Scheduling a check for org.apache.hadoop.ozone.container.common.volume.HddsVolume@561b61ed
2019-09-24 22:56:51,477 [main] INFO  volume.HddsVolumeChecker (HddsVolumeChecker.java:checkAllVolumes(202)) - Scheduled health check for volume org.apache.hadoop.ozone.container.common.volume.HddsVolume@561b61ed
2019-09-24 22:56:51,491 [main] INFO  impl.RaftServerProxy (ConfUtils.java:logGet(43)) - raft.rpc.type = GRPC (default)
2019-09-24 22:56:51,491 [main] INFO  grpc.GrpcFactory (GrpcFactory.java:checkPooledByteBufAllocatorUseCacheForAllThreads(45)) - PERFORMANCE WARNING: useCacheForAllThreads is true that may cause Netty to create a lot garbage objects and, as a result, trigger GC.
	It is recommended to disable useCacheForAllThreads by setting -Dorg.apache.ratis.thirdparty.io.netty.allocator.useCacheForAllThreads=false in command line.
2019-09-24 22:56:51,491 [main] INFO  grpc.GrpcConfigKeys$Server (ConfUtils.java:logGet(43)) - raft.grpc.server.port = 0 (default)
2019-09-24 22:56:51,492 [main] INFO  server.GrpcService (ConfUtils.java:logGet(43)) - raft.grpc.message.size.max = 33570816 (custom)
2019-09-24 22:56:51,492 [main] INFO  server.RaftServerConfigKeys (ConfUtils.java:logGet(43)) - raft.server.log.appender.buffer.byte-limit = 33554432 (custom)
2019-09-24 22:56:51,492 [main] INFO  server.GrpcService (ConfUtils.java:logGet(43)) - raft.grpc.flow.control.window = 1MB (=1048576) (default)
2019-09-24 22:56:51,492 [main] INFO  server.RaftServerConfigKeys (ConfUtils.java:logGet(43)) - raft.server.rpc.request.timeout = 3000ms (default)
2019-09-24 22:56:51,493 [main] INFO  server.RaftServerConfigKeys (ConfUtils.java:logGet(43)) - raft.server.storage.dir = [/workdir/hadoop-ozone/integration-test/target/test-dir/MiniOzoneClusterImpl-5f7a597a-7e5e-4415-9205-5cad3600d18e/datanode-1/data/ratis] (custom)
2019-09-24 22:56:51,494 [main] INFO  hdfs.DFSUtil (DFSUtil.java:httpServerTemplateForNNAndJN(1641)) - Starting Web-server for hddsDatanode at: http://0.0.0.0:0
2019-09-24 22:56:51,496 [main] INFO  server.AuthenticationFilter (AuthenticationFilter.java:constructSecretProvider(240)) - Unable to initialize FileSignerSecretProvider, falling back to use random secrets.
2019-09-24 22:56:51,496 [main] WARN  http.HttpRequestLog (HttpRequestLog.java:getRequestLog(97)) - Jetty request log can only be enabled using Log4j
2019-09-24 22:56:51,498 [main] INFO  http.HttpServer2 (HttpServer2.java:addGlobalFilter(975)) - Added global filter 'safety' (class=org.apache.hadoop.http.HttpServer2$QuotingInputFilter)
2019-09-24 22:56:51,498 [main] INFO  http.HttpServer2 (HttpServer2.java:addFilter(948)) - Added filter static_user_filter (class=org.apache.hadoop.http.lib.StaticUserWebFilter$StaticUserFilter) to context hddsDatanode
2019-09-24 22:56:51,498 [main] INFO  http.HttpServer2 (HttpServer2.java:addFilter(958)) - Added filter static_user_filter (class=org.apache.hadoop.http.lib.StaticUserWebFilter$StaticUserFilter) to context static
2019-09-24 22:56:51,499 [main] INFO  http.HttpServer2 (HttpServer2.java:addFilter(958)) - Added filter static_user_filter (class=org.apache.hadoop.http.lib.StaticUserWebFilter$StaticUserFilter) to context logs
2019-09-24 22:56:51,499 [main] INFO  http.HttpServer2 (HttpServer2.java:bindListener(1191)) - Jetty bound to port 39972
2019-09-24 22:56:51,500 [main] INFO  server.Server (Server.java:doStart(351)) - jetty-9.3.25.v20180904, build timestamp: 2018-09-04T21:11:46Z, git hash: 3ce520221d0240229c862b122d2b06c12a625732
2019-09-24 22:56:51,501 [main] INFO  handler.ContextHandler (ContextHandler.java:doStart(781)) - Started o.e.j.s.ServletContextHandler@3ed7821{/logs,file:///workdir/hadoop-ozone/integration-test/target/log,AVAILABLE}
2019-09-24 22:56:51,502 [main] INFO  handler.ContextHandler (ContextHandler.java:doStart(781)) - Started o.e.j.s.ServletContextHandler@4f0f7849{/static,jar:file:/home/user/.m2/repository/org/apache/hadoop/hadoop-hdds-container-service/0.5.0-SNAPSHOT/hadoop-hdds-container-service-0.5.0-SNAPSHOT.jar!/webapps/static,AVAILABLE}
2019-09-24 22:56:51,531 [main] INFO  handler.ContextHandler (ContextHandler.java:doStart(781)) - Started o.e.j.w.WebAppContext@62dbe64e{/,file:///tmp/jetty-0.0.0.0-39972-hddsDatanode-_-any-1058348334644658263.dir/webapp/,AVAILABLE}{/hddsDatanode}
2019-09-24 22:56:51,531 [main] INFO  server.AbstractConnector (AbstractConnector.java:doStart(278)) - Started ServerConnector@6cff61fc{HTTP/1.1,[http/1.1]}{0.0.0.0:39972}
2019-09-24 22:56:51,532 [main] INFO  server.Server (Server.java:doStart(419)) - Started @4661ms
2019-09-24 22:56:51,532 [main] WARN  impl.MetricsSystemImpl (MetricsSystemImpl.java:register(276)) - Sink prometheus already exists!
2019-09-24 22:56:51,534 [main] INFO  server.BaseHttpServer (BaseHttpServer.java:updateConnectorAddress(215)) - HTTP server of HDDSDATANODE is listening at http://0.0.0.0:39972
2019-09-24 22:56:51,534 [main] INFO  impl.MetricsSystemImpl (MetricsSystemImpl.java:init(158)) - HddsDatanode metrics system started (again)
2019-09-24 22:56:51,536 [main] INFO  ozone.HddsDatanodeService (HddsDatanodeService.java:start(184)) - HddsDatanodeService host:pr-hdds-2162-v2v4x-1150571016 ip:192.168.151.66
2019-09-24 22:56:51,536 [org.apache.hadoop.util.JvmPauseMonitor$Monitor@70737e35] INFO  util.JvmPauseMonitor (JvmPauseMonitor.java:run(188)) - Starting JVM pause monitor
2019-09-24 22:56:51,543 [main] INFO  volume.HddsVolume (HddsVolume.java:<init>(176)) - Creating Volume: /workdir/hadoop-ozone/integration-test/target/test-dir/MiniOzoneClusterImpl-5f7a597a-7e5e-4415-9205-5cad3600d18e/datanode-2/data/containers/hdds of  storage type : DISK and capacity : 1482555576320
2019-09-24 22:56:51,544 [main] INFO  volume.VolumeSet (VolumeSet.java:initializeVolumeSet(170)) - Added Volume : /workdir/hadoop-ozone/integration-test/target/test-dir/MiniOzoneClusterImpl-5f7a597a-7e5e-4415-9205-5cad3600d18e/datanode-2/data/containers/hdds to VolumeSet
2019-09-24 22:56:51,544 [main] INFO  volume.ThrottledAsyncChecker (ThrottledAsyncChecker.java:schedule(139)) - Scheduling a check for org.apache.hadoop.ozone.container.common.volume.HddsVolume@799ed4e8
2019-09-24 22:56:51,545 [main] INFO  volume.HddsVolumeChecker (HddsVolumeChecker.java:checkAllVolumes(202)) - Scheduled health check for volume org.apache.hadoop.ozone.container.common.volume.HddsVolume@799ed4e8
2019-09-24 22:56:51,557 [main] INFO  impl.RaftServerProxy (ConfUtils.java:logGet(43)) - raft.rpc.type = GRPC (default)
2019-09-24 22:56:51,558 [main] INFO  grpc.GrpcFactory (GrpcFactory.java:checkPooledByteBufAllocatorUseCacheForAllThreads(45)) - PERFORMANCE WARNING: useCacheForAllThreads is true that may cause Netty to create a lot garbage objects and, as a result, trigger GC.
	It is recommended to disable useCacheForAllThreads by setting -Dorg.apache.ratis.thirdparty.io.netty.allocator.useCacheForAllThreads=false in command line.
2019-09-24 22:56:51,558 [main] INFO  grpc.GrpcConfigKeys$Server (ConfUtils.java:logGet(43)) - raft.grpc.server.port = 0 (default)
2019-09-24 22:56:51,558 [main] INFO  server.GrpcService (ConfUtils.java:logGet(43)) - raft.grpc.message.size.max = 33570816 (custom)
2019-09-24 22:56:51,558 [main] INFO  server.RaftServerConfigKeys (ConfUtils.java:logGet(43)) - raft.server.log.appender.buffer.byte-limit = 33554432 (custom)
2019-09-24 22:56:51,559 [main] INFO  server.GrpcService (ConfUtils.java:logGet(43)) - raft.grpc.flow.control.window = 1MB (=1048576) (default)
2019-09-24 22:56:51,559 [main] INFO  server.RaftServerConfigKeys (ConfUtils.java:logGet(43)) - raft.server.rpc.request.timeout = 3000ms (default)
2019-09-24 22:56:51,559 [main] INFO  server.RaftServerConfigKeys (ConfUtils.java:logGet(43)) - raft.server.storage.dir = [/workdir/hadoop-ozone/integration-test/target/test-dir/MiniOzoneClusterImpl-5f7a597a-7e5e-4415-9205-5cad3600d18e/datanode-2/data/ratis] (custom)
2019-09-24 22:56:51,561 [main] INFO  hdfs.DFSUtil (DFSUtil.java:httpServerTemplateForNNAndJN(1641)) - Starting Web-server for hddsDatanode at: http://0.0.0.0:0
2019-09-24 22:56:51,563 [main] INFO  server.AuthenticationFilter (AuthenticationFilter.java:constructSecretProvider(240)) - Unable to initialize FileSignerSecretProvider, falling back to use random secrets.
2019-09-24 22:56:51,563 [main] WARN  http.HttpRequestLog (HttpRequestLog.java:getRequestLog(97)) - Jetty request log can only be enabled using Log4j
2019-09-24 22:56:51,564 [main] INFO  http.HttpServer2 (HttpServer2.java:addGlobalFilter(975)) - Added global filter 'safety' (class=org.apache.hadoop.http.HttpServer2$QuotingInputFilter)
2019-09-24 22:56:51,565 [main] INFO  http.HttpServer2 (HttpServer2.java:addFilter(948)) - Added filter static_user_filter (class=org.apache.hadoop.http.lib.StaticUserWebFilter$StaticUserFilter) to context hddsDatanode
2019-09-24 22:56:51,565 [main] INFO  http.HttpServer2 (HttpServer2.java:addFilter(958)) - Added filter static_user_filter (class=org.apache.hadoop.http.lib.StaticUserWebFilter$StaticUserFilter) to context logs
2019-09-24 22:56:51,565 [main] INFO  http.HttpServer2 (HttpServer2.java:addFilter(958)) - Added filter static_user_filter (class=org.apache.hadoop.http.lib.StaticUserWebFilter$StaticUserFilter) to context static
2019-09-24 22:56:51,566 [main] INFO  http.HttpServer2 (HttpServer2.java:bindListener(1191)) - Jetty bound to port 40902
2019-09-24 22:56:51,566 [main] INFO  server.Server (Server.java:doStart(351)) - jetty-9.3.25.v20180904, build timestamp: 2018-09-04T21:11:46Z, git hash: 3ce520221d0240229c862b122d2b06c12a625732
2019-09-24 22:56:51,570 [main] INFO  handler.ContextHandler (ContextHandler.java:doStart(781)) - Started o.e.j.s.ServletContextHandler@5a6d30e2{/logs,file:///workdir/hadoop-ozone/integration-test/target/log,AVAILABLE}
2019-09-24 22:56:51,571 [main] INFO  handler.ContextHandler (ContextHandler.java:doStart(781)) - Started o.e.j.s.ServletContextHandler@a098d76{/static,jar:file:/home/user/.m2/repository/org/apache/hadoop/hadoop-hdds-container-service/0.5.0-SNAPSHOT/hadoop-hdds-container-service-0.5.0-SNAPSHOT.jar!/webapps/static,AVAILABLE}
2019-09-24 22:56:51,596 [Datanode State Machine Thread - 0] INFO  datanode.InitDatanodeState (InitDatanodeState.java:persistContainerDatanodeDetails(140)) - DatanodeDetails is persisted to /workdir/hadoop-ozone/integration-test/target/test-dir/MiniOzoneClusterImpl-5f7a597a-7e5e-4415-9205-5cad3600d18e/datanode-0/meta/datanode.id
2019-09-24 22:56:51,602 [main] INFO  handler.ContextHandler (ContextHandler.java:doStart(781)) - Started o.e.j.w.WebAppContext@784abd3e{/,file:///tmp/jetty-0.0.0.0-40902-hddsDatanode-_-any-789289168103215812.dir/webapp/,AVAILABLE}{/hddsDatanode}
2019-09-24 22:56:51,602 [Datanode State Machine Thread - 0] INFO  datanode.InitDatanodeState (InitDatanodeState.java:persistContainerDatanodeDetails(140)) - DatanodeDetails is persisted to /workdir/hadoop-ozone/integration-test/target/test-dir/MiniOzoneClusterImpl-5f7a597a-7e5e-4415-9205-5cad3600d18e/datanode-1/meta/datanode.id
2019-09-24 22:56:51,603 [main] INFO  server.AbstractConnector (AbstractConnector.java:doStart(278)) - Started ServerConnector@36c2b646{HTTP/1.1,[http/1.1]}{0.0.0.0:40902}
2019-09-24 22:56:51,605 [main] INFO  server.Server (Server.java:doStart(419)) - Started @4734ms
2019-09-24 22:56:51,605 [main] WARN  impl.MetricsSystemImpl (MetricsSystemImpl.java:register(276)) - Sink prometheus already exists!
2019-09-24 22:56:51,606 [main] INFO  server.BaseHttpServer (BaseHttpServer.java:updateConnectorAddress(215)) - HTTP server of HDDSDATANODE is listening at http://0.0.0.0:40902
2019-09-24 22:56:51,606 [main] INFO  impl.MetricsSystemImpl (MetricsSystemImpl.java:init(158)) - HddsDatanode metrics system started (again)
2019-09-24 22:56:51,608 [main] INFO  ozone.HddsDatanodeService (HddsDatanodeService.java:start(184)) - HddsDatanodeService host:pr-hdds-2162-v2v4x-1150571016 ip:192.168.151.66
2019-09-24 22:56:51,608 [org.apache.hadoop.util.JvmPauseMonitor$Monitor@6801ca99] INFO  util.JvmPauseMonitor (JvmPauseMonitor.java:run(188)) - Starting JVM pause monitor
2019-09-24 22:56:51,611 [Datanode State Machine Thread - 0] INFO  datanode.InitDatanodeState (InitDatanodeState.java:persistContainerDatanodeDetails(140)) - DatanodeDetails is persisted to /workdir/hadoop-ozone/integration-test/target/test-dir/MiniOzoneClusterImpl-5f7a597a-7e5e-4415-9205-5cad3600d18e/datanode-2/meta/datanode.id
2019-09-24 22:56:51,617 [main] INFO  volume.HddsVolume (HddsVolume.java:<init>(176)) - Creating Volume: /workdir/hadoop-ozone/integration-test/target/test-dir/MiniOzoneClusterImpl-5f7a597a-7e5e-4415-9205-5cad3600d18e/datanode-3/data/containers/hdds of  storage type : DISK and capacity : 1482555576320
2019-09-24 22:56:51,617 [main] INFO  volume.VolumeSet (VolumeSet.java:initializeVolumeSet(170)) - Added Volume : /workdir/hadoop-ozone/integration-test/target/test-dir/MiniOzoneClusterImpl-5f7a597a-7e5e-4415-9205-5cad3600d18e/datanode-3/data/containers/hdds to VolumeSet
2019-09-24 22:56:51,617 [main] INFO  volume.ThrottledAsyncChecker (ThrottledAsyncChecker.java:schedule(139)) - Scheduling a check for org.apache.hadoop.ozone.container.common.volume.HddsVolume@443effcb
2019-09-24 22:56:51,618 [main] INFO  volume.HddsVolumeChecker (HddsVolumeChecker.java:checkAllVolumes(202)) - Scheduled health check for volume org.apache.hadoop.ozone.container.common.volume.HddsVolume@443effcb
2019-09-24 22:56:51,630 [main] INFO  impl.RaftServerProxy (ConfUtils.java:logGet(43)) - raft.rpc.type = GRPC (default)
2019-09-24 22:56:51,630 [main] INFO  grpc.GrpcFactory (GrpcFactory.java:checkPooledByteBufAllocatorUseCacheForAllThreads(45)) - PERFORMANCE WARNING: useCacheForAllThreads is true that may cause Netty to create a lot garbage objects and, as a result, trigger GC.
	It is recommended to disable useCacheForAllThreads by setting -Dorg.apache.ratis.thirdparty.io.netty.allocator.useCacheForAllThreads=false in command line.
2019-09-24 22:56:51,630 [main] INFO  grpc.GrpcConfigKeys$Server (ConfUtils.java:logGet(43)) - raft.grpc.server.port = 0 (default)
2019-09-24 22:56:51,630 [main] INFO  server.GrpcService (ConfUtils.java:logGet(43)) - raft.grpc.message.size.max = 33570816 (custom)
2019-09-24 22:56:51,631 [main] INFO  server.RaftServerConfigKeys (ConfUtils.java:logGet(43)) - raft.server.log.appender.buffer.byte-limit = 33554432 (custom)
2019-09-24 22:56:51,631 [main] INFO  server.GrpcService (ConfUtils.java:logGet(43)) - raft.grpc.flow.control.window = 1MB (=1048576) (default)
2019-09-24 22:56:51,631 [main] INFO  server.RaftServerConfigKeys (ConfUtils.java:logGet(43)) - raft.server.rpc.request.timeout = 3000ms (default)
2019-09-24 22:56:51,632 [main] INFO  server.RaftServerConfigKeys (ConfUtils.java:logGet(43)) - raft.server.storage.dir = [/workdir/hadoop-ozone/integration-test/target/test-dir/MiniOzoneClusterImpl-5f7a597a-7e5e-4415-9205-5cad3600d18e/datanode-3/data/ratis] (custom)
2019-09-24 22:56:51,633 [main] INFO  hdfs.DFSUtil (DFSUtil.java:httpServerTemplateForNNAndJN(1641)) - Starting Web-server for hddsDatanode at: http://0.0.0.0:0
2019-09-24 22:56:51,634 [main] INFO  server.AuthenticationFilter (AuthenticationFilter.java:constructSecretProvider(240)) - Unable to initialize FileSignerSecretProvider, falling back to use random secrets.
2019-09-24 22:56:51,634 [main] WARN  http.HttpRequestLog (HttpRequestLog.java:getRequestLog(97)) - Jetty request log can only be enabled using Log4j
2019-09-24 22:56:51,636 [main] INFO  http.HttpServer2 (HttpServer2.java:addGlobalFilter(975)) - Added global filter 'safety' (class=org.apache.hadoop.http.HttpServer2$QuotingInputFilter)
2019-09-24 22:56:51,636 [main] INFO  http.HttpServer2 (HttpServer2.java:addFilter(948)) - Added filter static_user_filter (class=org.apache.hadoop.http.lib.StaticUserWebFilter$StaticUserFilter) to context hddsDatanode
2019-09-24 22:56:51,637 [main] INFO  http.HttpServer2 (HttpServer2.java:addFilter(958)) - Added filter static_user_filter (class=org.apache.hadoop.http.lib.StaticUserWebFilter$StaticUserFilter) to context logs
2019-09-24 22:56:51,637 [main] INFO  http.HttpServer2 (HttpServer2.java:addFilter(958)) - Added filter static_user_filter (class=org.apache.hadoop.http.lib.StaticUserWebFilter$StaticUserFilter) to context static
2019-09-24 22:56:51,637 [main] INFO  http.HttpServer2 (HttpServer2.java:bindListener(1191)) - Jetty bound to port 40308
2019-09-24 22:56:51,638 [main] INFO  server.Server (Server.java:doStart(351)) - jetty-9.3.25.v20180904, build timestamp: 2018-09-04T21:11:46Z, git hash: 3ce520221d0240229c862b122d2b06c12a625732
2019-09-24 22:56:51,640 [main] INFO  handler.ContextHandler (ContextHandler.java:doStart(781)) - Started o.e.j.s.ServletContextHandler@5634d0f4{/logs,file:///workdir/hadoop-ozone/integration-test/target/log,AVAILABLE}
2019-09-24 22:56:51,640 [main] INFO  handler.ContextHandler (ContextHandler.java:doStart(781)) - Started o.e.j.s.ServletContextHandler@3d4e405e{/static,jar:file:/home/user/.m2/repository/org/apache/hadoop/hadoop-hdds-container-service/0.5.0-SNAPSHOT/hadoop-hdds-container-service-0.5.0-SNAPSHOT.jar!/webapps/static,AVAILABLE}
2019-09-24 22:56:51,669 [main] INFO  handler.ContextHandler (ContextHandler.java:doStart(781)) - Started o.e.j.w.WebAppContext@1859e2a4{/,file:///tmp/jetty-0.0.0.0-40308-hddsDatanode-_-any-1164932594819356918.dir/webapp/,AVAILABLE}{/hddsDatanode}
2019-09-24 22:56:51,669 [main] INFO  server.AbstractConnector (AbstractConnector.java:doStart(278)) - Started ServerConnector@46349b95{HTTP/1.1,[http/1.1]}{0.0.0.0:40308}
2019-09-24 22:56:51,670 [main] INFO  server.Server (Server.java:doStart(419)) - Started @4799ms
2019-09-24 22:56:51,671 [main] WARN  impl.MetricsSystemImpl (MetricsSystemImpl.java:register(276)) - Sink prometheus already exists!
2019-09-24 22:56:51,672 [main] INFO  server.BaseHttpServer (BaseHttpServer.java:updateConnectorAddress(215)) - HTTP server of HDDSDATANODE is listening at http://0.0.0.0:40308
2019-09-24 22:56:51,673 [main] INFO  impl.MetricsSystemImpl (MetricsSystemImpl.java:init(158)) - HddsDatanode metrics system started (again)
2019-09-24 22:56:51,675 [main] INFO  ozone.HddsDatanodeService (HddsDatanodeService.java:start(184)) - HddsDatanodeService host:pr-hdds-2162-v2v4x-1150571016 ip:192.168.151.66
2019-09-24 22:56:51,675 [org.apache.hadoop.util.JvmPauseMonitor$Monitor@143bf2cc] INFO  util.JvmPauseMonitor (JvmPauseMonitor.java:run(188)) - Starting JVM pause monitor
2019-09-24 22:56:51,678 [Datanode State Machine Thread - 0] INFO  datanode.InitDatanodeState (InitDatanodeState.java:persistContainerDatanodeDetails(140)) - DatanodeDetails is persisted to /workdir/hadoop-ozone/integration-test/target/test-dir/MiniOzoneClusterImpl-5f7a597a-7e5e-4415-9205-5cad3600d18e/datanode-3/meta/datanode.id
2019-09-24 22:56:51,683 [main] INFO  volume.HddsVolume (HddsVolume.java:<init>(176)) - Creating Volume: /workdir/hadoop-ozone/integration-test/target/test-dir/MiniOzoneClusterImpl-5f7a597a-7e5e-4415-9205-5cad3600d18e/datanode-4/data/containers/hdds of  storage type : DISK and capacity : 1482555576320
2019-09-24 22:56:51,683 [main] INFO  volume.VolumeSet (VolumeSet.java:initializeVolumeSet(170)) - Added Volume : /workdir/hadoop-ozone/integration-test/target/test-dir/MiniOzoneClusterImpl-5f7a597a-7e5e-4415-9205-5cad3600d18e/datanode-4/data/containers/hdds to VolumeSet
2019-09-24 22:56:51,683 [main] INFO  volume.ThrottledAsyncChecker (ThrottledAsyncChecker.java:schedule(139)) - Scheduling a check for org.apache.hadoop.ozone.container.common.volume.HddsVolume@2f4c2cd4
2019-09-24 22:56:51,684 [main] INFO  volume.HddsVolumeChecker (HddsVolumeChecker.java:checkAllVolumes(202)) - Scheduled health check for volume org.apache.hadoop.ozone.container.common.volume.HddsVolume@2f4c2cd4
2019-09-24 22:56:51,695 [main] INFO  impl.RaftServerProxy (ConfUtils.java:logGet(43)) - raft.rpc.type = GRPC (default)
2019-09-24 22:56:51,696 [main] INFO  grpc.GrpcFactory (GrpcFactory.java:checkPooledByteBufAllocatorUseCacheForAllThreads(45)) - PERFORMANCE WARNING: useCacheForAllThreads is true that may cause Netty to create a lot garbage objects and, as a result, trigger GC.
	It is recommended to disable useCacheForAllThreads by setting -Dorg.apache.ratis.thirdparty.io.netty.allocator.useCacheForAllThreads=false in command line.
2019-09-24 22:56:51,696 [main] INFO  grpc.GrpcConfigKeys$Server (ConfUtils.java:logGet(43)) - raft.grpc.server.port = 0 (default)
2019-09-24 22:56:51,696 [main] INFO  server.GrpcService (ConfUtils.java:logGet(43)) - raft.grpc.message.size.max = 33570816 (custom)
2019-09-24 22:56:51,696 [main] INFO  server.RaftServerConfigKeys (ConfUtils.java:logGet(43)) - raft.server.log.appender.buffer.byte-limit = 33554432 (custom)
2019-09-24 22:56:51,696 [main] INFO  server.GrpcService (ConfUtils.java:logGet(43)) - raft.grpc.flow.control.window = 1MB (=1048576) (default)
2019-09-24 22:56:51,697 [main] INFO  server.RaftServerConfigKeys (ConfUtils.java:logGet(43)) - raft.server.rpc.request.timeout = 3000ms (default)
2019-09-24 22:56:51,697 [main] INFO  server.RaftServerConfigKeys (ConfUtils.java:logGet(43)) - raft.server.storage.dir = [/workdir/hadoop-ozone/integration-test/target/test-dir/MiniOzoneClusterImpl-5f7a597a-7e5e-4415-9205-5cad3600d18e/datanode-4/data/ratis] (custom)
2019-09-24 22:56:51,698 [main] INFO  hdfs.DFSUtil (DFSUtil.java:httpServerTemplateForNNAndJN(1641)) - Starting Web-server for hddsDatanode at: http://0.0.0.0:0
2019-09-24 22:56:51,700 [main] INFO  server.AuthenticationFilter (AuthenticationFilter.java:constructSecretProvider(240)) - Unable to initialize FileSignerSecretProvider, falling back to use random secrets.
2019-09-24 22:56:51,700 [main] WARN  http.HttpRequestLog (HttpRequestLog.java:getRequestLog(97)) - Jetty request log can only be enabled using Log4j
2019-09-24 22:56:51,701 [main] INFO  http.HttpServer2 (HttpServer2.java:addGlobalFilter(975)) - Added global filter 'safety' (class=org.apache.hadoop.http.HttpServer2$QuotingInputFilter)
2019-09-24 22:56:51,702 [main] INFO  http.HttpServer2 (HttpServer2.java:addFilter(948)) - Added filter static_user_filter (class=org.apache.hadoop.http.lib.StaticUserWebFilter$StaticUserFilter) to context hddsDatanode
2019-09-24 22:56:51,702 [main] INFO  http.HttpServer2 (HttpServer2.java:addFilter(958)) - Added filter static_user_filter (class=org.apache.hadoop.http.lib.StaticUserWebFilter$StaticUserFilter) to context static
2019-09-24 22:56:51,702 [main] INFO  http.HttpServer2 (HttpServer2.java:addFilter(958)) - Added filter static_user_filter (class=org.apache.hadoop.http.lib.StaticUserWebFilter$StaticUserFilter) to context logs
2019-09-24 22:56:51,703 [main] INFO  http.HttpServer2 (HttpServer2.java:bindListener(1191)) - Jetty bound to port 37989
2019-09-24 22:56:51,703 [main] INFO  server.Server (Server.java:doStart(351)) - jetty-9.3.25.v20180904, build timestamp: 2018-09-04T21:11:46Z, git hash: 3ce520221d0240229c862b122d2b06c12a625732
2019-09-24 22:56:51,709 [main] INFO  handler.ContextHandler (ContextHandler.java:doStart(781)) - Started o.e.j.s.ServletContextHandler@44cffc25{/logs,file:///workdir/hadoop-ozone/integration-test/target/log,AVAILABLE}
2019-09-24 22:56:51,710 [main] INFO  handler.ContextHandler (ContextHandler.java:doStart(781)) - Started o.e.j.s.ServletContextHandler@25aeb5ac{/static,jar:file:/home/user/.m2/repository/org/apache/hadoop/hadoop-hdds-container-service/0.5.0-SNAPSHOT/hadoop-hdds-container-service-0.5.0-SNAPSHOT.jar!/webapps/static,AVAILABLE}
2019-09-24 22:56:51,737 [main] INFO  handler.ContextHandler (ContextHandler.java:doStart(781)) - Started o.e.j.w.WebAppContext@ff23ae7{/,file:///tmp/jetty-0.0.0.0-37989-hddsDatanode-_-any-4581975891793464174.dir/webapp/,AVAILABLE}{/hddsDatanode}
2019-09-24 22:56:51,738 [main] INFO  server.AbstractConnector (AbstractConnector.java:doStart(278)) - Started ServerConnector@423b2b62{HTTP/1.1,[http/1.1]}{0.0.0.0:37989}
2019-09-24 22:56:51,739 [main] INFO  server.Server (Server.java:doStart(419)) - Started @4868ms
2019-09-24 22:56:51,739 [main] WARN  impl.MetricsSystemImpl (MetricsSystemImpl.java:register(276)) - Sink prometheus already exists!
2019-09-24 22:56:51,741 [main] INFO  server.BaseHttpServer (BaseHttpServer.java:updateConnectorAddress(215)) - HTTP server of HDDSDATANODE is listening at http://0.0.0.0:37989
2019-09-24 22:56:51,741 [main] INFO  impl.MetricsSystemImpl (MetricsSystemImpl.java:init(158)) - HddsDatanode metrics system started (again)
2019-09-24 22:56:51,743 [main] INFO  ozone.HddsDatanodeService (HddsDatanodeService.java:start(184)) - HddsDatanodeService host:pr-hdds-2162-v2v4x-1150571016 ip:192.168.151.66
2019-09-24 22:56:51,744 [org.apache.hadoop.util.JvmPauseMonitor$Monitor@62e98d0d] INFO  util.JvmPauseMonitor (JvmPauseMonitor.java:run(188)) - Starting JVM pause monitor
2019-09-24 22:56:51,746 [Datanode State Machine Thread - 0] INFO  datanode.InitDatanodeState (InitDatanodeState.java:persistContainerDatanodeDetails(140)) - DatanodeDetails is persisted to /workdir/hadoop-ozone/integration-test/target/test-dir/MiniOzoneClusterImpl-5f7a597a-7e5e-4415-9205-5cad3600d18e/datanode-4/meta/datanode.id
2019-09-24 22:56:51,751 [main] INFO  volume.HddsVolume (HddsVolume.java:<init>(176)) - Creating Volume: /workdir/hadoop-ozone/integration-test/target/test-dir/MiniOzoneClusterImpl-5f7a597a-7e5e-4415-9205-5cad3600d18e/datanode-5/data/containers/hdds of  storage type : DISK and capacity : 1482555576320
2019-09-24 22:56:51,752 [main] INFO  volume.VolumeSet (VolumeSet.java:initializeVolumeSet(170)) - Added Volume : /workdir/hadoop-ozone/integration-test/target/test-dir/MiniOzoneClusterImpl-5f7a597a-7e5e-4415-9205-5cad3600d18e/datanode-5/data/containers/hdds to VolumeSet
2019-09-24 22:56:51,752 [main] INFO  volume.ThrottledAsyncChecker (ThrottledAsyncChecker.java:schedule(139)) - Scheduling a check for org.apache.hadoop.ozone.container.common.volume.HddsVolume@75d4a80f
2019-09-24 22:56:51,752 [main] INFO  volume.HddsVolumeChecker (HddsVolumeChecker.java:checkAllVolumes(202)) - Scheduled health check for volume org.apache.hadoop.ozone.container.common.volume.HddsVolume@75d4a80f
2019-09-24 22:56:51,765 [main] INFO  impl.RaftServerProxy (ConfUtils.java:logGet(43)) - raft.rpc.type = GRPC (default)
2019-09-24 22:56:51,765 [main] INFO  grpc.GrpcFactory (GrpcFactory.java:checkPooledByteBufAllocatorUseCacheForAllThreads(45)) - PERFORMANCE WARNING: useCacheForAllThreads is true that may cause Netty to create a lot garbage objects and, as a result, trigger GC.
	It is recommended to disable useCacheForAllThreads by setting -Dorg.apache.ratis.thirdparty.io.netty.allocator.useCacheForAllThreads=false in command line.
2019-09-24 22:56:51,765 [main] INFO  grpc.GrpcConfigKeys$Server (ConfUtils.java:logGet(43)) - raft.grpc.server.port = 0 (default)
2019-09-24 22:56:51,766 [main] INFO  server.GrpcService (ConfUtils.java:logGet(43)) - raft.grpc.message.size.max = 33570816 (custom)
2019-09-24 22:56:51,766 [main] INFO  server.RaftServerConfigKeys (ConfUtils.java:logGet(43)) - raft.server.log.appender.buffer.byte-limit = 33554432 (custom)
2019-09-24 22:56:51,766 [main] INFO  server.GrpcService (ConfUtils.java:logGet(43)) - raft.grpc.flow.control.window = 1MB (=1048576) (default)
2019-09-24 22:56:51,766 [main] INFO  server.RaftServerConfigKeys (ConfUtils.java:logGet(43)) - raft.server.rpc.request.timeout = 3000ms (default)
2019-09-24 22:56:51,767 [main] INFO  server.RaftServerConfigKeys (ConfUtils.java:logGet(43)) - raft.server.storage.dir = [/workdir/hadoop-ozone/integration-test/target/test-dir/MiniOzoneClusterImpl-5f7a597a-7e5e-4415-9205-5cad3600d18e/datanode-5/data/ratis] (custom)
2019-09-24 22:56:51,768 [main] INFO  hdfs.DFSUtil (DFSUtil.java:httpServerTemplateForNNAndJN(1641)) - Starting Web-server for hddsDatanode at: http://0.0.0.0:0
2019-09-24 22:56:51,769 [main] INFO  server.AuthenticationFilter (AuthenticationFilter.java:constructSecretProvider(240)) - Unable to initialize FileSignerSecretProvider, falling back to use random secrets.
2019-09-24 22:56:51,769 [main] WARN  http.HttpRequestLog (HttpRequestLog.java:getRequestLog(97)) - Jetty request log can only be enabled using Log4j
2019-09-24 22:56:51,771 [main] INFO  http.HttpServer2 (HttpServer2.java:addGlobalFilter(975)) - Added global filter 'safety' (class=org.apache.hadoop.http.HttpServer2$QuotingInputFilter)
2019-09-24 22:56:51,771 [main] INFO  http.HttpServer2 (HttpServer2.java:addFilter(948)) - Added filter static_user_filter (class=org.apache.hadoop.http.lib.StaticUserWebFilter$StaticUserFilter) to context hddsDatanode
2019-09-24 22:56:51,772 [main] INFO  http.HttpServer2 (HttpServer2.java:addFilter(958)) - Added filter static_user_filter (class=org.apache.hadoop.http.lib.StaticUserWebFilter$StaticUserFilter) to context logs
2019-09-24 22:56:51,772 [main] INFO  http.HttpServer2 (HttpServer2.java:addFilter(958)) - Added filter static_user_filter (class=org.apache.hadoop.http.lib.StaticUserWebFilter$StaticUserFilter) to context static
2019-09-24 22:56:51,772 [main] INFO  http.HttpServer2 (HttpServer2.java:bindListener(1191)) - Jetty bound to port 45419
2019-09-24 22:56:51,772 [main] INFO  server.Server (Server.java:doStart(351)) - jetty-9.3.25.v20180904, build timestamp: 2018-09-04T21:11:46Z, git hash: 3ce520221d0240229c862b122d2b06c12a625732
2019-09-24 22:56:51,774 [main] INFO  handler.ContextHandler (ContextHandler.java:doStart(781)) - Started o.e.j.s.ServletContextHandler@3d96fa9e{/logs,file:///workdir/hadoop-ozone/integration-test/target/log,AVAILABLE}
2019-09-24 22:56:51,775 [main] INFO  handler.ContextHandler (ContextHandler.java:doStart(781)) - Started o.e.j.s.ServletContextHandler@77bb48d5{/static,jar:file:/home/user/.m2/repository/org/apache/hadoop/hadoop-hdds-container-service/0.5.0-SNAPSHOT/hadoop-hdds-container-service-0.5.0-SNAPSHOT.jar!/webapps/static,AVAILABLE}
2019-09-24 22:56:51,805 [main] INFO  handler.ContextHandler (ContextHandler.java:doStart(781)) - Started o.e.j.w.WebAppContext@2bfb6b49{/,file:///tmp/jetty-0.0.0.0-45419-hddsDatanode-_-any-21911909963484130.dir/webapp/,AVAILABLE}{/hddsDatanode}
2019-09-24 22:56:51,806 [main] INFO  server.AbstractConnector (AbstractConnector.java:doStart(278)) - Started ServerConnector@1f346ad2{HTTP/1.1,[http/1.1]}{0.0.0.0:45419}
2019-09-24 22:56:51,807 [main] INFO  server.Server (Server.java:doStart(419)) - Started @4936ms
2019-09-24 22:56:51,808 [main] WARN  impl.MetricsSystemImpl (MetricsSystemImpl.java:register(276)) - Sink prometheus already exists!
2019-09-24 22:56:51,809 [main] INFO  server.BaseHttpServer (BaseHttpServer.java:updateConnectorAddress(215)) - HTTP server of HDDSDATANODE is listening at http://0.0.0.0:45419
2019-09-24 22:56:51,809 [main] INFO  impl.MetricsSystemImpl (MetricsSystemImpl.java:init(158)) - HddsDatanode metrics system started (again)
2019-09-24 22:56:51,811 [org.apache.hadoop.util.JvmPauseMonitor$Monitor@f9e940f] INFO  util.JvmPauseMonitor (JvmPauseMonitor.java:run(188)) - Starting JVM pause monitor
2019-09-24 22:56:51,811 [main] INFO  ozone.HddsDatanodeService (HddsDatanodeService.java:start(184)) - HddsDatanodeService host:pr-hdds-2162-v2v4x-1150571016 ip:192.168.151.66
2019-09-24 22:56:51,814 [Datanode State Machine Thread - 0] INFO  datanode.InitDatanodeState (InitDatanodeState.java:persistContainerDatanodeDetails(140)) - DatanodeDetails is persisted to /workdir/hadoop-ozone/integration-test/target/test-dir/MiniOzoneClusterImpl-5f7a597a-7e5e-4415-9205-5cad3600d18e/datanode-5/meta/datanode.id
2019-09-24 22:56:51,819 [main] INFO  volume.HddsVolume (HddsVolume.java:<init>(176)) - Creating Volume: /workdir/hadoop-ozone/integration-test/target/test-dir/MiniOzoneClusterImpl-5f7a597a-7e5e-4415-9205-5cad3600d18e/datanode-6/data/containers/hdds of  storage type : DISK and capacity : 1482555576320
2019-09-24 22:56:51,820 [main] INFO  volume.VolumeSet (VolumeSet.java:initializeVolumeSet(170)) - Added Volume : /workdir/hadoop-ozone/integration-test/target/test-dir/MiniOzoneClusterImpl-5f7a597a-7e5e-4415-9205-5cad3600d18e/datanode-6/data/containers/hdds to VolumeSet
2019-09-24 22:56:51,820 [main] INFO  volume.ThrottledAsyncChecker (ThrottledAsyncChecker.java:schedule(139)) - Scheduling a check for org.apache.hadoop.ozone.container.common.volume.HddsVolume@1a22e0ef
2019-09-24 22:56:51,821 [main] INFO  volume.HddsVolumeChecker (HddsVolumeChecker.java:checkAllVolumes(202)) - Scheduled health check for volume org.apache.hadoop.ozone.container.common.volume.HddsVolume@1a22e0ef
2019-09-24 22:56:51,854 [main] INFO  impl.RaftServerProxy (ConfUtils.java:logGet(43)) - raft.rpc.type = GRPC (default)
2019-09-24 22:56:51,855 [main] INFO  grpc.GrpcFactory (GrpcFactory.java:checkPooledByteBufAllocatorUseCacheForAllThreads(45)) - PERFORMANCE WARNING: useCacheForAllThreads is true that may cause Netty to create a lot garbage objects and, as a result, trigger GC.
	It is recommended to disable useCacheForAllThreads by setting -Dorg.apache.ratis.thirdparty.io.netty.allocator.useCacheForAllThreads=false in command line.
2019-09-24 22:56:51,855 [main] INFO  grpc.GrpcConfigKeys$Server (ConfUtils.java:logGet(43)) - raft.grpc.server.port = 0 (default)
2019-09-24 22:56:51,855 [main] INFO  server.GrpcService (ConfUtils.java:logGet(43)) - raft.grpc.message.size.max = 33570816 (custom)
2019-09-24 22:56:51,856 [main] INFO  server.RaftServerConfigKeys (ConfUtils.java:logGet(43)) - raft.server.log.appender.buffer.byte-limit = 33554432 (custom)
2019-09-24 22:56:51,856 [main] INFO  server.GrpcService (ConfUtils.java:logGet(43)) - raft.grpc.flow.control.window = 1MB (=1048576) (default)
2019-09-24 22:56:51,857 [main] INFO  server.RaftServerConfigKeys (ConfUtils.java:logGet(43)) - raft.server.rpc.request.timeout = 3000ms (default)
2019-09-24 22:56:51,858 [main] INFO  server.RaftServerConfigKeys (ConfUtils.java:logGet(43)) - raft.server.storage.dir = [/workdir/hadoop-ozone/integration-test/target/test-dir/MiniOzoneClusterImpl-5f7a597a-7e5e-4415-9205-5cad3600d18e/datanode-6/data/ratis] (custom)
2019-09-24 22:56:51,860 [main] INFO  hdfs.DFSUtil (DFSUtil.java:httpServerTemplateForNNAndJN(1641)) - Starting Web-server for hddsDatanode at: http://0.0.0.0:0
2019-09-24 22:56:51,861 [main] INFO  server.AuthenticationFilter (AuthenticationFilter.java:constructSecretProvider(240)) - Unable to initialize FileSignerSecretProvider, falling back to use random secrets.
2019-09-24 22:56:51,862 [main] WARN  http.HttpRequestLog (HttpRequestLog.java:getRequestLog(97)) - Jetty request log can only be enabled using Log4j
2019-09-24 22:56:51,863 [main] INFO  http.HttpServer2 (HttpServer2.java:addGlobalFilter(975)) - Added global filter 'safety' (class=org.apache.hadoop.http.HttpServer2$QuotingInputFilter)
2019-09-24 22:56:51,864 [main] INFO  http.HttpServer2 (HttpServer2.java:addFilter(948)) - Added filter static_user_filter (class=org.apache.hadoop.http.lib.StaticUserWebFilter$StaticUserFilter) to context hddsDatanode
2019-09-24 22:56:51,864 [main] INFO  http.HttpServer2 (HttpServer2.java:addFilter(958)) - Added filter static_user_filter (class=org.apache.hadoop.http.lib.StaticUserWebFilter$StaticUserFilter) to context logs
2019-09-24 22:56:51,864 [main] INFO  http.HttpServer2 (HttpServer2.java:addFilter(958)) - Added filter static_user_filter (class=org.apache.hadoop.http.lib.StaticUserWebFilter$StaticUserFilter) to context static
2019-09-24 22:56:51,865 [main] INFO  http.HttpServer2 (HttpServer2.java:bindListener(1191)) - Jetty bound to port 37692
2019-09-24 22:56:51,865 [main] INFO  server.Server (Server.java:doStart(351)) - jetty-9.3.25.v20180904, build timestamp: 2018-09-04T21:11:46Z, git hash: 3ce520221d0240229c862b122d2b06c12a625732
2019-09-24 22:56:51,867 [main] INFO  handler.ContextHandler (ContextHandler.java:doStart(781)) - Started o.e.j.s.ServletContextHandler@3dd31157{/logs,file:///workdir/hadoop-ozone/integration-test/target/log,AVAILABLE}
2019-09-24 22:56:51,867 [main] INFO  handler.ContextHandler (ContextHandler.java:doStart(781)) - Started o.e.j.s.ServletContextHandler@3240b2a4{/static,jar:file:/home/user/.m2/repository/org/apache/hadoop/hadoop-hdds-container-service/0.5.0-SNAPSHOT/hadoop-hdds-container-service-0.5.0-SNAPSHOT.jar!/webapps/static,AVAILABLE}
2019-09-24 22:56:51,896 [main] INFO  handler.ContextHandler (ContextHandler.java:doStart(781)) - Started o.e.j.w.WebAppContext@7544ac86{/,file:///tmp/jetty-0.0.0.0-37692-hddsDatanode-_-any-6990927553368017212.dir/webapp/,AVAILABLE}{/hddsDatanode}
2019-09-24 22:56:51,897 [main] INFO  server.AbstractConnector (AbstractConnector.java:doStart(278)) - Started ServerConnector@3b27b497{HTTP/1.1,[http/1.1]}{0.0.0.0:37692}
2019-09-24 22:56:51,898 [main] INFO  server.Server (Server.java:doStart(419)) - Started @5027ms
2019-09-24 22:56:51,898 [main] WARN  impl.MetricsSystemImpl (MetricsSystemImpl.java:register(276)) - Sink prometheus already exists!
2019-09-24 22:56:51,900 [main] INFO  server.BaseHttpServer (BaseHttpServer.java:updateConnectorAddress(215)) - HTTP server of HDDSDATANODE is listening at http://0.0.0.0:37692
2019-09-24 22:56:51,900 [main] INFO  impl.MetricsSystemImpl (MetricsSystemImpl.java:init(158)) - HddsDatanode metrics system started (again)
2019-09-24 22:56:51,903 [main] INFO  ozone.HddsDatanodeService (HddsDatanodeService.java:start(184)) - HddsDatanodeService host:pr-hdds-2162-v2v4x-1150571016 ip:192.168.151.66
2019-09-24 22:56:51,904 [org.apache.hadoop.util.JvmPauseMonitor$Monitor@60c40d05] INFO  util.JvmPauseMonitor (JvmPauseMonitor.java:run(188)) - Starting JVM pause monitor
2019-09-24 22:56:51,906 [Datanode State Machine Thread - 0] INFO  datanode.InitDatanodeState (InitDatanodeState.java:persistContainerDatanodeDetails(140)) - DatanodeDetails is persisted to /workdir/hadoop-ozone/integration-test/target/test-dir/MiniOzoneClusterImpl-5f7a597a-7e5e-4415-9205-5cad3600d18e/datanode-6/meta/datanode.id
2019-09-24 22:56:51,914 [main] INFO  volume.HddsVolume (HddsVolume.java:<init>(176)) - Creating Volume: /workdir/hadoop-ozone/integration-test/target/test-dir/MiniOzoneClusterImpl-5f7a597a-7e5e-4415-9205-5cad3600d18e/datanode-7/data/containers/hdds of  storage type : DISK and capacity : 1482555576320
2019-09-24 22:56:51,914 [main] INFO  volume.VolumeSet (VolumeSet.java:initializeVolumeSet(170)) - Added Volume : /workdir/hadoop-ozone/integration-test/target/test-dir/MiniOzoneClusterImpl-5f7a597a-7e5e-4415-9205-5cad3600d18e/datanode-7/data/containers/hdds to VolumeSet
2019-09-24 22:56:51,915 [main] INFO  volume.ThrottledAsyncChecker (ThrottledAsyncChecker.java:schedule(139)) - Scheduling a check for org.apache.hadoop.ozone.container.common.volume.HddsVolume@b9a77c8
2019-09-24 22:56:51,915 [main] INFO  volume.HddsVolumeChecker (HddsVolumeChecker.java:checkAllVolumes(202)) - Scheduled health check for volume org.apache.hadoop.ozone.container.common.volume.HddsVolume@b9a77c8
2019-09-24 22:56:51,927 [main] INFO  impl.RaftServerProxy (ConfUtils.java:logGet(43)) - raft.rpc.type = GRPC (default)
2019-09-24 22:56:51,927 [main] INFO  grpc.GrpcFactory (GrpcFactory.java:checkPooledByteBufAllocatorUseCacheForAllThreads(45)) - PERFORMANCE WARNING: useCacheForAllThreads is true that may cause Netty to create a lot garbage objects and, as a result, trigger GC.
	It is recommended to disable useCacheForAllThreads by setting -Dorg.apache.ratis.thirdparty.io.netty.allocator.useCacheForAllThreads=false in command line.
2019-09-24 22:56:51,927 [main] INFO  grpc.GrpcConfigKeys$Server (ConfUtils.java:logGet(43)) - raft.grpc.server.port = 0 (default)
2019-09-24 22:56:51,928 [main] INFO  server.GrpcService (ConfUtils.java:logGet(43)) - raft.grpc.message.size.max = 33570816 (custom)
2019-09-24 22:56:51,928 [main] INFO  server.RaftServerConfigKeys (ConfUtils.java:logGet(43)) - raft.server.log.appender.buffer.byte-limit = 33554432 (custom)
2019-09-24 22:56:51,928 [main] INFO  server.GrpcService (ConfUtils.java:logGet(43)) - raft.grpc.flow.control.window = 1MB (=1048576) (default)
2019-09-24 22:56:51,928 [main] INFO  server.RaftServerConfigKeys (ConfUtils.java:logGet(43)) - raft.server.rpc.request.timeout = 3000ms (default)
2019-09-24 22:56:51,929 [main] INFO  server.RaftServerConfigKeys (ConfUtils.java:logGet(43)) - raft.server.storage.dir = [/workdir/hadoop-ozone/integration-test/target/test-dir/MiniOzoneClusterImpl-5f7a597a-7e5e-4415-9205-5cad3600d18e/datanode-7/data/ratis] (custom)
2019-09-24 22:56:51,930 [main] INFO  hdfs.DFSUtil (DFSUtil.java:httpServerTemplateForNNAndJN(1641)) - Starting Web-server for hddsDatanode at: http://0.0.0.0:0
2019-09-24 22:56:51,931 [main] INFO  server.AuthenticationFilter (AuthenticationFilter.java:constructSecretProvider(240)) - Unable to initialize FileSignerSecretProvider, falling back to use random secrets.
2019-09-24 22:56:51,932 [main] WARN  http.HttpRequestLog (HttpRequestLog.java:getRequestLog(97)) - Jetty request log can only be enabled using Log4j
2019-09-24 22:56:51,933 [main] INFO  http.HttpServer2 (HttpServer2.java:addGlobalFilter(975)) - Added global filter 'safety' (class=org.apache.hadoop.http.HttpServer2$QuotingInputFilter)
2019-09-24 22:56:51,933 [main] INFO  http.HttpServer2 (HttpServer2.java:addFilter(948)) - Added filter static_user_filter (class=org.apache.hadoop.http.lib.StaticUserWebFilter$StaticUserFilter) to context hddsDatanode
2019-09-24 22:56:51,934 [main] INFO  http.HttpServer2 (HttpServer2.java:addFilter(958)) - Added filter static_user_filter (class=org.apache.hadoop.http.lib.StaticUserWebFilter$StaticUserFilter) to context logs
2019-09-24 22:56:51,934 [main] INFO  http.HttpServer2 (HttpServer2.java:addFilter(958)) - Added filter static_user_filter (class=org.apache.hadoop.http.lib.StaticUserWebFilter$StaticUserFilter) to context static
2019-09-24 22:56:51,934 [main] INFO  http.HttpServer2 (HttpServer2.java:bindListener(1191)) - Jetty bound to port 44020
2019-09-24 22:56:51,935 [main] INFO  server.Server (Server.java:doStart(351)) - jetty-9.3.25.v20180904, build timestamp: 2018-09-04T21:11:46Z, git hash: 3ce520221d0240229c862b122d2b06c12a625732
2019-09-24 22:56:51,936 [main] INFO  handler.ContextHandler (ContextHandler.java:doStart(781)) - Started o.e.j.s.ServletContextHandler@ae202c6{/logs,file:///workdir/hadoop-ozone/integration-test/target/log,AVAILABLE}
2019-09-24 22:56:51,937 [main] INFO  handler.ContextHandler (ContextHandler.java:doStart(781)) - Started o.e.j.s.ServletContextHandler@6ada9c0c{/static,jar:file:/home/user/.m2/repository/org/apache/hadoop/hadoop-hdds-container-service/0.5.0-SNAPSHOT/hadoop-hdds-container-service-0.5.0-SNAPSHOT.jar!/webapps/static,AVAILABLE}
2019-09-24 22:56:51,965 [main] INFO  handler.ContextHandler (ContextHandler.java:doStart(781)) - Started o.e.j.w.WebAppContext@f6de586{/,file:///tmp/jetty-0.0.0.0-44020-hddsDatanode-_-any-1983584505575534662.dir/webapp/,AVAILABLE}{/hddsDatanode}
2019-09-24 22:56:51,965 [main] INFO  server.AbstractConnector (AbstractConnector.java:doStart(278)) - Started ServerConnector@5f2bd6d9{HTTP/1.1,[http/1.1]}{0.0.0.0:44020}
2019-09-24 22:56:51,966 [main] INFO  server.Server (Server.java:doStart(419)) - Started @5095ms
2019-09-24 22:56:51,967 [main] WARN  impl.MetricsSystemImpl (MetricsSystemImpl.java:register(276)) - Sink prometheus already exists!
2019-09-24 22:56:51,967 [main] INFO  server.BaseHttpServer (BaseHttpServer.java:updateConnectorAddress(215)) - HTTP server of HDDSDATANODE is listening at http://0.0.0.0:44020
2019-09-24 22:56:51,968 [main] INFO  impl.MetricsSystemImpl (MetricsSystemImpl.java:init(158)) - HddsDatanode metrics system started (again)
2019-09-24 22:56:51,970 [org.apache.hadoop.util.JvmPauseMonitor$Monitor@7d8dc1bc] INFO  util.JvmPauseMonitor (JvmPauseMonitor.java:run(188)) - Starting JVM pause monitor
2019-09-24 22:56:51,970 [main] INFO  ozone.HddsDatanodeService (HddsDatanodeService.java:start(184)) - HddsDatanodeService host:pr-hdds-2162-v2v4x-1150571016 ip:192.168.151.66
2019-09-24 22:56:51,973 [Datanode State Machine Thread - 0] INFO  datanode.InitDatanodeState (InitDatanodeState.java:persistContainerDatanodeDetails(140)) - DatanodeDetails is persisted to /workdir/hadoop-ozone/integration-test/target/test-dir/MiniOzoneClusterImpl-5f7a597a-7e5e-4415-9205-5cad3600d18e/datanode-7/meta/datanode.id
2019-09-24 22:56:51,979 [main] INFO  volume.HddsVolume (HddsVolume.java:<init>(176)) - Creating Volume: /workdir/hadoop-ozone/integration-test/target/test-dir/MiniOzoneClusterImpl-5f7a597a-7e5e-4415-9205-5cad3600d18e/datanode-8/data/containers/hdds of  storage type : DISK and capacity : 1482555576320
2019-09-24 22:56:51,979 [main] INFO  volume.VolumeSet (VolumeSet.java:initializeVolumeSet(170)) - Added Volume : /workdir/hadoop-ozone/integration-test/target/test-dir/MiniOzoneClusterImpl-5f7a597a-7e5e-4415-9205-5cad3600d18e/datanode-8/data/containers/hdds to VolumeSet
2019-09-24 22:56:51,979 [main] INFO  volume.ThrottledAsyncChecker (ThrottledAsyncChecker.java:schedule(139)) - Scheduling a check for org.apache.hadoop.ozone.container.common.volume.HddsVolume@176f7f3b
2019-09-24 22:56:51,980 [main] INFO  volume.HddsVolumeChecker (HddsVolumeChecker.java:checkAllVolumes(202)) - Scheduled health check for volume org.apache.hadoop.ozone.container.common.volume.HddsVolume@176f7f3b
2019-09-24 22:56:51,991 [main] INFO  impl.RaftServerProxy (ConfUtils.java:logGet(43)) - raft.rpc.type = GRPC (default)
2019-09-24 22:56:51,992 [main] INFO  grpc.GrpcFactory (GrpcFactory.java:checkPooledByteBufAllocatorUseCacheForAllThreads(45)) - PERFORMANCE WARNING: useCacheForAllThreads is true that may cause Netty to create a lot garbage objects and, as a result, trigger GC.
	It is recommended to disable useCacheForAllThreads by setting -Dorg.apache.ratis.thirdparty.io.netty.allocator.useCacheForAllThreads=false in command line.
2019-09-24 22:56:51,992 [main] INFO  grpc.GrpcConfigKeys$Server (ConfUtils.java:logGet(43)) - raft.grpc.server.port = 0 (default)
2019-09-24 22:56:51,992 [main] INFO  server.GrpcService (ConfUtils.java:logGet(43)) - raft.grpc.message.size.max = 33570816 (custom)
2019-09-24 22:56:51,992 [main] INFO  server.RaftServerConfigKeys (ConfUtils.java:logGet(43)) - raft.server.log.appender.buffer.byte-limit = 33554432 (custom)
2019-09-24 22:56:51,992 [main] INFO  server.GrpcService (ConfUtils.java:logGet(43)) - raft.grpc.flow.control.window = 1MB (=1048576) (default)
2019-09-24 22:56:51,993 [main] INFO  server.RaftServerConfigKeys (ConfUtils.java:logGet(43)) - raft.server.rpc.request.timeout = 3000ms (default)
2019-09-24 22:56:51,993 [main] INFO  server.RaftServerConfigKeys (ConfUtils.java:logGet(43)) - raft.server.storage.dir = [/workdir/hadoop-ozone/integration-test/target/test-dir/MiniOzoneClusterImpl-5f7a597a-7e5e-4415-9205-5cad3600d18e/datanode-8/data/ratis] (custom)
2019-09-24 22:56:51,995 [main] INFO  hdfs.DFSUtil (DFSUtil.java:httpServerTemplateForNNAndJN(1641)) - Starting Web-server for hddsDatanode at: http://0.0.0.0:0
2019-09-24 22:56:51,996 [main] INFO  server.AuthenticationFilter (AuthenticationFilter.java:constructSecretProvider(240)) - Unable to initialize FileSignerSecretProvider, falling back to use random secrets.
2019-09-24 22:56:51,997 [main] WARN  http.HttpRequestLog (HttpRequestLog.java:getRequestLog(97)) - Jetty request log can only be enabled using Log4j
2019-09-24 22:56:51,998 [main] INFO  http.HttpServer2 (HttpServer2.java:addGlobalFilter(975)) - Added global filter 'safety' (class=org.apache.hadoop.http.HttpServer2$QuotingInputFilter)
2019-09-24 22:56:51,999 [main] INFO  http.HttpServer2 (HttpServer2.java:addFilter(948)) - Added filter static_user_filter (class=org.apache.hadoop.http.lib.StaticUserWebFilter$StaticUserFilter) to context hddsDatanode
2019-09-24 22:56:51,999 [main] INFO  http.HttpServer2 (HttpServer2.java:addFilter(958)) - Added filter static_user_filter (class=org.apache.hadoop.http.lib.StaticUserWebFilter$StaticUserFilter) to context logs
2019-09-24 22:56:51,999 [main] INFO  http.HttpServer2 (HttpServer2.java:addFilter(958)) - Added filter static_user_filter (class=org.apache.hadoop.http.lib.StaticUserWebFilter$StaticUserFilter) to context static
2019-09-24 22:56:52,000 [main] INFO  http.HttpServer2 (HttpServer2.java:bindListener(1191)) - Jetty bound to port 45629
2019-09-24 22:56:52,000 [main] INFO  server.Server (Server.java:doStart(351)) - jetty-9.3.25.v20180904, build timestamp: 2018-09-04T21:11:46Z, git hash: 3ce520221d0240229c862b122d2b06c12a625732
2019-09-24 22:56:52,003 [main] INFO  handler.ContextHandler (ContextHandler.java:doStart(781)) - Started o.e.j.s.ServletContextHandler@27e7c77f{/logs,file:///workdir/hadoop-ozone/integration-test/target/log,AVAILABLE}
2019-09-24 22:56:52,003 [main] INFO  handler.ContextHandler (ContextHandler.java:doStart(781)) - Started o.e.j.s.ServletContextHandler@6ae62c7e{/static,jar:file:/home/user/.m2/repository/org/apache/hadoop/hadoop-hdds-container-service/0.5.0-SNAPSHOT/hadoop-hdds-container-service-0.5.0-SNAPSHOT.jar!/webapps/static,AVAILABLE}
2019-09-24 22:56:52,032 [main] INFO  handler.ContextHandler (ContextHandler.java:doStart(781)) - Started o.e.j.w.WebAppContext@7a360554{/,file:///tmp/jetty-0.0.0.0-45629-hddsDatanode-_-any-3405664574810173924.dir/webapp/,AVAILABLE}{/hddsDatanode}
2019-09-24 22:56:52,034 [main] INFO  server.AbstractConnector (AbstractConnector.java:doStart(278)) - Started ServerConnector@424de326{HTTP/1.1,[http/1.1]}{0.0.0.0:45629}
2019-09-24 22:56:52,034 [main] INFO  server.Server (Server.java:doStart(419)) - Started @5163ms
2019-09-24 22:56:52,034 [main] WARN  impl.MetricsSystemImpl (MetricsSystemImpl.java:register(276)) - Sink prometheus already exists!
2019-09-24 22:56:52,035 [main] INFO  server.BaseHttpServer (BaseHttpServer.java:updateConnectorAddress(215)) - HTTP server of HDDSDATANODE is listening at http://0.0.0.0:45629
2019-09-24 22:56:52,036 [main] INFO  impl.MetricsSystemImpl (MetricsSystemImpl.java:init(158)) - HddsDatanode metrics system started (again)
2019-09-24 22:56:52,038 [org.apache.hadoop.util.JvmPauseMonitor$Monitor@5e25eb7a] INFO  util.JvmPauseMonitor (JvmPauseMonitor.java:run(188)) - Starting JVM pause monitor
2019-09-24 22:56:52,039 [main] INFO  ozone.HddsDatanodeService (HddsDatanodeService.java:start(184)) - HddsDatanodeService host:pr-hdds-2162-v2v4x-1150571016 ip:192.168.151.66
2019-09-24 22:56:52,041 [Datanode State Machine Thread - 0] INFO  datanode.InitDatanodeState (InitDatanodeState.java:persistContainerDatanodeDetails(140)) - DatanodeDetails is persisted to /workdir/hadoop-ozone/integration-test/target/test-dir/MiniOzoneClusterImpl-5f7a597a-7e5e-4415-9205-5cad3600d18e/datanode-8/meta/datanode.id
2019-09-24 22:56:52,053 [main] INFO  volume.HddsVolume (HddsVolume.java:<init>(176)) - Creating Volume: /workdir/hadoop-ozone/integration-test/target/test-dir/MiniOzoneClusterImpl-5f7a597a-7e5e-4415-9205-5cad3600d18e/datanode-9/data/containers/hdds of  storage type : DISK and capacity : 1482555576320
2019-09-24 22:56:52,053 [main] INFO  volume.VolumeSet (VolumeSet.java:initializeVolumeSet(170)) - Added Volume : /workdir/hadoop-ozone/integration-test/target/test-dir/MiniOzoneClusterImpl-5f7a597a-7e5e-4415-9205-5cad3600d18e/datanode-9/data/containers/hdds to VolumeSet
2019-09-24 22:56:52,053 [main] INFO  volume.ThrottledAsyncChecker (ThrottledAsyncChecker.java:schedule(139)) - Scheduling a check for org.apache.hadoop.ozone.container.common.volume.HddsVolume@7b676112
2019-09-24 22:56:52,054 [main] INFO  volume.HddsVolumeChecker (HddsVolumeChecker.java:checkAllVolumes(202)) - Scheduled health check for volume org.apache.hadoop.ozone.container.common.volume.HddsVolume@7b676112
2019-09-24 22:56:52,067 [main] INFO  impl.RaftServerProxy (ConfUtils.java:logGet(43)) - raft.rpc.type = GRPC (default)
2019-09-24 22:56:52,067 [main] INFO  grpc.GrpcFactory (GrpcFactory.java:checkPooledByteBufAllocatorUseCacheForAllThreads(45)) - PERFORMANCE WARNING: useCacheForAllThreads is true that may cause Netty to create a lot garbage objects and, as a result, trigger GC.
	It is recommended to disable useCacheForAllThreads by setting -Dorg.apache.ratis.thirdparty.io.netty.allocator.useCacheForAllThreads=false in command line.
2019-09-24 22:56:52,068 [main] INFO  grpc.GrpcConfigKeys$Server (ConfUtils.java:logGet(43)) - raft.grpc.server.port = 0 (default)
2019-09-24 22:56:52,068 [main] INFO  server.GrpcService (ConfUtils.java:logGet(43)) - raft.grpc.message.size.max = 33570816 (custom)
2019-09-24 22:56:52,068 [main] INFO  server.RaftServerConfigKeys (ConfUtils.java:logGet(43)) - raft.server.log.appender.buffer.byte-limit = 33554432 (custom)
2019-09-24 22:56:52,068 [main] INFO  server.GrpcService (ConfUtils.java:logGet(43)) - raft.grpc.flow.control.window = 1MB (=1048576) (default)
2019-09-24 22:56:52,068 [main] INFO  server.RaftServerConfigKeys (ConfUtils.java:logGet(43)) - raft.server.rpc.request.timeout = 3000ms (default)
2019-09-24 22:56:52,069 [main] INFO  server.RaftServerConfigKeys (ConfUtils.java:logGet(43)) - raft.server.storage.dir = [/workdir/hadoop-ozone/integration-test/target/test-dir/MiniOzoneClusterImpl-5f7a597a-7e5e-4415-9205-5cad3600d18e/datanode-9/data/ratis] (custom)
2019-09-24 22:56:52,071 [main] INFO  hdfs.DFSUtil (DFSUtil.java:httpServerTemplateForNNAndJN(1641)) - Starting Web-server for hddsDatanode at: http://0.0.0.0:0
2019-09-24 22:56:52,072 [main] INFO  server.AuthenticationFilter (AuthenticationFilter.java:constructSecretProvider(240)) - Unable to initialize FileSignerSecretProvider, falling back to use random secrets.
2019-09-24 22:56:52,072 [main] WARN  http.HttpRequestLog (HttpRequestLog.java:getRequestLog(97)) - Jetty request log can only be enabled using Log4j
2019-09-24 22:56:52,073 [main] INFO  http.HttpServer2 (HttpServer2.java:addGlobalFilter(975)) - Added global filter 'safety' (class=org.apache.hadoop.http.HttpServer2$QuotingInputFilter)
2019-09-24 22:56:52,074 [main] INFO  http.HttpServer2 (HttpServer2.java:addFilter(948)) - Added filter static_user_filter (class=org.apache.hadoop.http.lib.StaticUserWebFilter$StaticUserFilter) to context hddsDatanode
2019-09-24 22:56:52,074 [main] INFO  http.HttpServer2 (HttpServer2.java:addFilter(958)) - Added filter static_user_filter (class=org.apache.hadoop.http.lib.StaticUserWebFilter$StaticUserFilter) to context static
2019-09-24 22:56:52,074 [main] INFO  http.HttpServer2 (HttpServer2.java:addFilter(958)) - Added filter static_user_filter (class=org.apache.hadoop.http.lib.StaticUserWebFilter$StaticUserFilter) to context logs
2019-09-24 22:56:52,075 [main] INFO  http.HttpServer2 (HttpServer2.java:bindListener(1191)) - Jetty bound to port 46700
2019-09-24 22:56:52,075 [main] INFO  server.Server (Server.java:doStart(351)) - jetty-9.3.25.v20180904, build timestamp: 2018-09-04T21:11:46Z, git hash: 3ce520221d0240229c862b122d2b06c12a625732
2019-09-24 22:56:52,077 [main] INFO  handler.ContextHandler (ContextHandler.java:doStart(781)) - Started o.e.j.s.ServletContextHandler@5d8ab698{/logs,file:///workdir/hadoop-ozone/integration-test/target/log,AVAILABLE}
2019-09-24 22:56:52,077 [main] INFO  handler.ContextHandler (ContextHandler.java:doStart(781)) - Started o.e.j.s.ServletContextHandler@446626a7{/static,jar:file:/home/user/.m2/repository/org/apache/hadoop/hadoop-hdds-container-service/0.5.0-SNAPSHOT/hadoop-hdds-container-service-0.5.0-SNAPSHOT.jar!/webapps/static,AVAILABLE}
2019-09-24 22:56:52,105 [main] INFO  handler.ContextHandler (ContextHandler.java:doStart(781)) - Started o.e.j.w.WebAppContext@3e67f5f2{/,file:///tmp/jetty-0.0.0.0-46700-hddsDatanode-_-any-8233751700670750298.dir/webapp/,AVAILABLE}{/hddsDatanode}
2019-09-24 22:56:52,106 [main] INFO  server.AbstractConnector (AbstractConnector.java:doStart(278)) - Started ServerConnector@fd53053{HTTP/1.1,[http/1.1]}{0.0.0.0:46700}
2019-09-24 22:56:52,107 [main] INFO  server.Server (Server.java:doStart(419)) - Started @5236ms
2019-09-24 22:56:52,107 [main] WARN  impl.MetricsSystemImpl (MetricsSystemImpl.java:register(276)) - Sink prometheus already exists!
2019-09-24 22:56:52,108 [main] INFO  server.BaseHttpServer (BaseHttpServer.java:updateConnectorAddress(215)) - HTTP server of HDDSDATANODE is listening at http://0.0.0.0:46700
2019-09-24 22:56:52,110 [org.apache.hadoop.util.JvmPauseMonitor$Monitor@35fce79e] INFO  util.JvmPauseMonitor (JvmPauseMonitor.java:run(188)) - Starting JVM pause monitor
2019-09-24 22:56:52,110 [main] INFO  ozone.MiniOzoneClusterImpl (MiniOzoneClusterImpl.java:lambda$waitForClusterToBeReady$0(147)) - Waiting for cluster to be ready. Got 0 of 10 DN Heartbeats.
2019-09-24 22:56:52,112 [Datanode State Machine Thread - 0] INFO  datanode.InitDatanodeState (InitDatanodeState.java:persistContainerDatanodeDetails(140)) - DatanodeDetails is persisted to /workdir/hadoop-ozone/integration-test/target/test-dir/MiniOzoneClusterImpl-5f7a597a-7e5e-4415-9205-5cad3600d18e/datanode-9/meta/datanode.id
2019-09-24 22:56:53,110 [main] INFO  ozone.MiniOzoneClusterImpl (MiniOzoneClusterImpl.java:lambda$waitForClusterToBeReady$0(147)) - Waiting for cluster to be ready. Got 0 of 10 DN Heartbeats.
2019-09-24 22:56:53,544 [Datanode State Machine Thread - 0] INFO  ozoneimpl.OzoneContainer (OzoneContainer.java:start(217)) - Attempting to start container services.
2019-09-24 22:56:53,548 [Datanode State Machine Thread - 0] INFO  ozoneimpl.OzoneContainer (OzoneContainer.java:startContainerScrub(179)) - Background container scanner has been disabled.
2019-09-24 22:56:53,549 [Datanode State Machine Thread - 0] INFO  ratis.XceiverServerRatis (XceiverServerRatis.java:start(411)) - Starting XceiverServerRatis 950aebb1-966b-4a76-ae1c-f15b3e34cc28 at port 0
2019-09-24 22:56:53,563 [Datanode State Machine Thread - 0] INFO  ozoneimpl.OzoneContainer (OzoneContainer.java:start(217)) - Attempting to start container services.
2019-09-24 22:56:53,575 [Datanode State Machine Thread - 0] INFO  ozoneimpl.OzoneContainer (OzoneContainer.java:startContainerScrub(179)) - Background container scanner has been disabled.
2019-09-24 22:56:53,575 [Datanode State Machine Thread - 0] INFO  ratis.XceiverServerRatis (XceiverServerRatis.java:start(411)) - Starting XceiverServerRatis df79811b-05d5-490a-beb3-27ac0aff7bfc at port 0
2019-09-24 22:56:53,585 [Datanode State Machine Thread - 0] INFO  impl.RaftServerProxy (RaftServerProxy.java:lambda$start$3(299)) - 950aebb1-966b-4a76-ae1c-f15b3e34cc28: start RPC server
2019-09-24 22:56:53,592 [Datanode State Machine Thread - 0] INFO  impl.RaftServerProxy (RaftServerProxy.java:lambda$start$3(299)) - df79811b-05d5-490a-beb3-27ac0aff7bfc: start RPC server
2019-09-24 22:56:53,623 [Datanode State Machine Thread - 0] INFO  ozoneimpl.OzoneContainer (OzoneContainer.java:start(217)) - Attempting to start container services.
2019-09-24 22:56:53,625 [Datanode State Machine Thread - 0] INFO  ozoneimpl.OzoneContainer (OzoneContainer.java:startContainerScrub(179)) - Background container scanner has been disabled.
2019-09-24 22:56:53,625 [Datanode State Machine Thread - 0] INFO  ratis.XceiverServerRatis (XceiverServerRatis.java:start(411)) - Starting XceiverServerRatis 23c6c9b6-39b4-44f0-84a4-cf624850a9c3 at port 0
2019-09-24 22:56:53,635 [Datanode State Machine Thread - 0] INFO  impl.RaftServerProxy (RaftServerProxy.java:lambda$start$3(299)) - 23c6c9b6-39b4-44f0-84a4-cf624850a9c3: start RPC server
2019-09-24 22:56:53,694 [Datanode State Machine Thread - 0] INFO  ozoneimpl.OzoneContainer (OzoneContainer.java:start(217)) - Attempting to start container services.
2019-09-24 22:56:53,703 [Datanode State Machine Thread - 0] INFO  ozoneimpl.OzoneContainer (OzoneContainer.java:startContainerScrub(179)) - Background container scanner has been disabled.
2019-09-24 22:56:53,703 [Datanode State Machine Thread - 0] INFO  ratis.XceiverServerRatis (XceiverServerRatis.java:start(411)) - Starting XceiverServerRatis 1b127d74-8e4f-43fe-9dad-7b769944c181 at port 0
2019-09-24 22:56:53,712 [Datanode State Machine Thread - 0] INFO  impl.RaftServerProxy (RaftServerProxy.java:lambda$start$3(299)) - 1b127d74-8e4f-43fe-9dad-7b769944c181: start RPC server
2019-09-24 22:56:53,761 [Datanode State Machine Thread - 0] INFO  ozoneimpl.OzoneContainer (OzoneContainer.java:start(217)) - Attempting to start container services.
2019-09-24 22:56:53,764 [Datanode State Machine Thread - 0] INFO  ozoneimpl.OzoneContainer (OzoneContainer.java:startContainerScrub(179)) - Background container scanner has been disabled.
2019-09-24 22:56:53,764 [Datanode State Machine Thread - 0] INFO  ratis.XceiverServerRatis (XceiverServerRatis.java:start(411)) - Starting XceiverServerRatis 16bf6e05-f81a-41e5-883a-89e111b126fe at port 0
2019-09-24 22:56:53,767 [Datanode State Machine Thread - 0] INFO  server.GrpcService (GrpcService.java:startImpl(158)) - 1b127d74-8e4f-43fe-9dad-7b769944c181: GrpcService started, listening on 0.0.0.0/0.0.0.0:33728
2019-09-24 22:56:53,767 [Datanode State Machine Thread - 0] INFO  server.GrpcService (GrpcService.java:startImpl(158)) - df79811b-05d5-490a-beb3-27ac0aff7bfc: GrpcService started, listening on 0.0.0.0/0.0.0.0:34065
2019-09-24 22:56:53,767 [Datanode State Machine Thread - 0] INFO  server.GrpcService (GrpcService.java:startImpl(158)) - 23c6c9b6-39b4-44f0-84a4-cf624850a9c3: GrpcService started, listening on 0.0.0.0/0.0.0.0:32846
2019-09-24 22:56:53,767 [Datanode State Machine Thread - 0] INFO  server.GrpcService (GrpcService.java:startImpl(158)) - 950aebb1-966b-4a76-ae1c-f15b3e34cc28: GrpcService started, listening on 0.0.0.0/0.0.0.0:43627
2019-09-24 22:56:53,769 [Datanode State Machine Thread - 0] INFO  ratis.XceiverServerRatis (XceiverServerRatis.java:start(421)) - XceiverServerRatis 23c6c9b6-39b4-44f0-84a4-cf624850a9c3 is started using port 32846
2019-09-24 22:56:53,769 [Datanode State Machine Thread - 0] INFO  ratis.XceiverServerRatis (XceiverServerRatis.java:start(421)) - XceiverServerRatis df79811b-05d5-490a-beb3-27ac0aff7bfc is started using port 34065
2019-09-24 22:56:53,769 [Datanode State Machine Thread - 0] INFO  ratis.XceiverServerRatis (XceiverServerRatis.java:start(421)) - XceiverServerRatis 1b127d74-8e4f-43fe-9dad-7b769944c181 is started using port 33728
2019-09-24 22:56:53,769 [Datanode State Machine Thread - 0] INFO  ratis.XceiverServerRatis (XceiverServerRatis.java:start(421)) - XceiverServerRatis 950aebb1-966b-4a76-ae1c-f15b3e34cc28 is started using port 43627
2019-09-24 22:56:53,784 [Datanode State Machine Thread - 0] INFO  server.XceiverServerGrpc (XceiverServerGrpc.java:start(149)) - XceiverServerGrpc 1b127d74-8e4f-43fe-9dad-7b769944c181 is started using port 40822
2019-09-24 22:56:53,786 [Datanode State Machine Thread - 0] INFO  server.XceiverServerGrpc (XceiverServerGrpc.java:start(149)) - XceiverServerGrpc 23c6c9b6-39b4-44f0-84a4-cf624850a9c3 is started using port 43870
2019-09-24 22:56:53,784 [Datanode State Machine Thread - 0] INFO  server.XceiverServerGrpc (XceiverServerGrpc.java:start(149)) - XceiverServerGrpc df79811b-05d5-490a-beb3-27ac0aff7bfc is started using port 36279
2019-09-24 22:56:53,784 [Datanode State Machine Thread - 0] INFO  server.XceiverServerGrpc (XceiverServerGrpc.java:start(149)) - XceiverServerGrpc 950aebb1-966b-4a76-ae1c-f15b3e34cc28 is started using port 34756
2019-09-24 22:56:53,799 [Datanode State Machine Thread - 0] INFO  impl.RaftServerProxy (RaftServerProxy.java:lambda$start$3(299)) - 16bf6e05-f81a-41e5-883a-89e111b126fe: start RPC server
2019-09-24 22:56:53,802 [Datanode State Machine Thread - 0] INFO  server.GrpcService (GrpcService.java:startImpl(158)) - 16bf6e05-f81a-41e5-883a-89e111b126fe: GrpcService started, listening on 0.0.0.0/0.0.0.0:37026
2019-09-24 22:56:53,803 [Datanode State Machine Thread - 0] INFO  ratis.XceiverServerRatis (XceiverServerRatis.java:start(421)) - XceiverServerRatis 16bf6e05-f81a-41e5-883a-89e111b126fe is started using port 37026
2019-09-24 22:56:53,806 [Datanode State Machine Thread - 0] INFO  server.XceiverServerGrpc (XceiverServerGrpc.java:start(149)) - XceiverServerGrpc 16bf6e05-f81a-41e5-883a-89e111b126fe is started using port 42213
2019-09-24 22:56:53,837 [Datanode State Machine Thread - 0] INFO  ozoneimpl.OzoneContainer (OzoneContainer.java:start(217)) - Attempting to start container services.
2019-09-24 22:56:53,840 [Datanode State Machine Thread - 0] INFO  ozoneimpl.OzoneContainer (OzoneContainer.java:startContainerScrub(179)) - Background container scanner has been disabled.
2019-09-24 22:56:53,840 [Datanode State Machine Thread - 0] INFO  ratis.XceiverServerRatis (XceiverServerRatis.java:start(411)) - Starting XceiverServerRatis 48b45dfa-9a49-49d0-a60f-4d834ccef1db at port 0
2019-09-24 22:56:53,851 [Datanode State Machine Thread - 0] INFO  impl.RaftServerProxy (RaftServerProxy.java:lambda$start$3(299)) - 48b45dfa-9a49-49d0-a60f-4d834ccef1db: start RPC server
2019-09-24 22:56:53,855 [Datanode State Machine Thread - 0] INFO  server.GrpcService (GrpcService.java:startImpl(158)) - 48b45dfa-9a49-49d0-a60f-4d834ccef1db: GrpcService started, listening on 0.0.0.0/0.0.0.0:39677
2019-09-24 22:56:53,855 [Datanode State Machine Thread - 0] INFO  ratis.XceiverServerRatis (XceiverServerRatis.java:start(421)) - XceiverServerRatis 48b45dfa-9a49-49d0-a60f-4d834ccef1db is started using port 39677
2019-09-24 22:56:53,858 [Datanode State Machine Thread - 0] INFO  server.XceiverServerGrpc (XceiverServerGrpc.java:start(149)) - XceiverServerGrpc 48b45dfa-9a49-49d0-a60f-4d834ccef1db is started using port 40853
2019-09-24 22:56:53,920 [Datanode State Machine Thread - 0] INFO  ozoneimpl.OzoneContainer (OzoneContainer.java:start(217)) - Attempting to start container services.
2019-09-24 22:56:53,923 [Datanode State Machine Thread - 0] INFO  ozoneimpl.OzoneContainer (OzoneContainer.java:startContainerScrub(179)) - Background container scanner has been disabled.
2019-09-24 22:56:53,923 [Datanode State Machine Thread - 0] INFO  ratis.XceiverServerRatis (XceiverServerRatis.java:start(411)) - Starting XceiverServerRatis d39139c5-5210-4708-b66c-2240b4ead968 at port 0
2019-09-24 22:56:53,932 [Datanode State Machine Thread - 0] INFO  impl.RaftServerProxy (RaftServerProxy.java:lambda$start$3(299)) - d39139c5-5210-4708-b66c-2240b4ead968: start RPC server
2019-09-24 22:56:53,935 [Datanode State Machine Thread - 0] INFO  server.GrpcService (GrpcService.java:startImpl(158)) - d39139c5-5210-4708-b66c-2240b4ead968: GrpcService started, listening on 0.0.0.0/0.0.0.0:40063
2019-09-24 22:56:53,935 [Datanode State Machine Thread - 0] INFO  ratis.XceiverServerRatis (XceiverServerRatis.java:start(421)) - XceiverServerRatis d39139c5-5210-4708-b66c-2240b4ead968 is started using port 40063
2019-09-24 22:56:53,938 [Datanode State Machine Thread - 0] INFO  server.XceiverServerGrpc (XceiverServerGrpc.java:start(149)) - XceiverServerGrpc d39139c5-5210-4708-b66c-2240b4ead968 is started using port 37190
2019-09-24 22:56:53,987 [Datanode State Machine Thread - 0] INFO  ozoneimpl.OzoneContainer (OzoneContainer.java:start(217)) - Attempting to start container services.
2019-09-24 22:56:53,991 [Datanode State Machine Thread - 0] INFO  ozoneimpl.OzoneContainer (OzoneContainer.java:startContainerScrub(179)) - Background container scanner has been disabled.
2019-09-24 22:56:53,991 [Datanode State Machine Thread - 0] INFO  ratis.XceiverServerRatis (XceiverServerRatis.java:start(411)) - Starting XceiverServerRatis 2eb382c8-b0ed-4536-b55b-1910907e8973 at port 0
2019-09-24 22:56:53,999 [Datanode State Machine Thread - 0] INFO  impl.RaftServerProxy (RaftServerProxy.java:lambda$start$3(299)) - 2eb382c8-b0ed-4536-b55b-1910907e8973: start RPC server
2019-09-24 22:56:54,004 [Datanode State Machine Thread - 0] INFO  server.GrpcService (GrpcService.java:startImpl(158)) - 2eb382c8-b0ed-4536-b55b-1910907e8973: GrpcService started, listening on 0.0.0.0/0.0.0.0:39663
2019-09-24 22:56:54,004 [Datanode State Machine Thread - 0] INFO  ratis.XceiverServerRatis (XceiverServerRatis.java:start(421)) - XceiverServerRatis 2eb382c8-b0ed-4536-b55b-1910907e8973 is started using port 39663
2019-09-24 22:56:54,009 [Datanode State Machine Thread - 0] INFO  server.XceiverServerGrpc (XceiverServerGrpc.java:start(149)) - XceiverServerGrpc 2eb382c8-b0ed-4536-b55b-1910907e8973 is started using port 44834
2019-09-24 22:56:54,055 [Datanode State Machine Thread - 0] INFO  ozoneimpl.OzoneContainer (OzoneContainer.java:start(217)) - Attempting to start container services.
2019-09-24 22:56:54,059 [Datanode State Machine Thread - 0] INFO  ozoneimpl.OzoneContainer (OzoneContainer.java:startContainerScrub(179)) - Background container scanner has been disabled.
2019-09-24 22:56:54,059 [Datanode State Machine Thread - 0] INFO  ratis.XceiverServerRatis (XceiverServerRatis.java:start(411)) - Starting XceiverServerRatis c20705ec-6f31-4e08-9cc6-abff4709d2d8 at port 0
2019-09-24 22:56:54,070 [Datanode State Machine Thread - 0] INFO  impl.RaftServerProxy (RaftServerProxy.java:lambda$start$3(299)) - c20705ec-6f31-4e08-9cc6-abff4709d2d8: start RPC server
2019-09-24 22:56:54,075 [Datanode State Machine Thread - 0] INFO  server.GrpcService (GrpcService.java:startImpl(158)) - c20705ec-6f31-4e08-9cc6-abff4709d2d8: GrpcService started, listening on 0.0.0.0/0.0.0.0:43439
2019-09-24 22:56:54,075 [Datanode State Machine Thread - 0] INFO  ratis.XceiverServerRatis (XceiverServerRatis.java:start(421)) - XceiverServerRatis c20705ec-6f31-4e08-9cc6-abff4709d2d8 is started using port 43439
2019-09-24 22:56:54,080 [Datanode State Machine Thread - 0] INFO  server.XceiverServerGrpc (XceiverServerGrpc.java:start(149)) - XceiverServerGrpc c20705ec-6f31-4e08-9cc6-abff4709d2d8 is started using port 38628
2019-09-24 22:56:54,112 [main] INFO  ozone.MiniOzoneClusterImpl (MiniOzoneClusterImpl.java:lambda$waitForClusterToBeReady$0(147)) - Waiting for cluster to be ready. Got 0 of 10 DN Heartbeats.
2019-09-24 22:56:54,126 [Datanode State Machine Thread - 0] INFO  ozoneimpl.OzoneContainer (OzoneContainer.java:start(217)) - Attempting to start container services.
2019-09-24 22:56:54,137 [Datanode State Machine Thread - 0] INFO  ozoneimpl.OzoneContainer (OzoneContainer.java:startContainerScrub(179)) - Background container scanner has been disabled.
2019-09-24 22:56:54,137 [Datanode State Machine Thread - 0] INFO  ratis.XceiverServerRatis (XceiverServerRatis.java:start(411)) - Starting XceiverServerRatis dbd80091-9753-44ad-af4d-a1b4cb46f81c at port 0
2019-09-24 22:56:54,151 [Datanode State Machine Thread - 0] INFO  impl.RaftServerProxy (RaftServerProxy.java:lambda$start$3(299)) - dbd80091-9753-44ad-af4d-a1b4cb46f81c: start RPC server
2019-09-24 22:56:54,156 [Datanode State Machine Thread - 0] INFO  server.GrpcService (GrpcService.java:startImpl(158)) - dbd80091-9753-44ad-af4d-a1b4cb46f81c: GrpcService started, listening on 0.0.0.0/0.0.0.0:34381
2019-09-24 22:56:54,157 [Datanode State Machine Thread - 0] INFO  ratis.XceiverServerRatis (XceiverServerRatis.java:start(421)) - XceiverServerRatis dbd80091-9753-44ad-af4d-a1b4cb46f81c is started using port 34381
2019-09-24 22:56:54,191 [Datanode State Machine Thread - 0] INFO  server.XceiverServerGrpc (XceiverServerGrpc.java:start(149)) - XceiverServerGrpc dbd80091-9753-44ad-af4d-a1b4cb46f81c is started using port 40751
2019-09-24 22:56:55,112 [main] INFO  ozone.MiniOzoneClusterImpl (MiniOzoneClusterImpl.java:lambda$waitForClusterToBeReady$0(147)) - Waiting for cluster to be ready. Got 0 of 10 DN Heartbeats.
2019-09-24 22:56:55,527 [IPC Server handler 1 on 38357] INFO  net.NetworkTopology (NetworkTopologyImpl.java:add(111)) - Added a new node: /default-rack/950aebb1-966b-4a76-ae1c-f15b3e34cc28
2019-09-24 22:56:55,527 [IPC Server handler 1 on 38357] INFO  node.SCMNodeManager (SCMNodeManager.java:register(266)) - Registered Data node : 950aebb1-966b-4a76-ae1c-f15b3e34cc28{ip: 192.168.151.66, host: pr-hdds-2162-v2v4x-1150571016, networkLocation: /default-rack, certSerialId: null}
2019-09-24 22:56:55,534 [EventQueue-NodeRegistrationContainerReportForDataNodeSafeModeRule] INFO  safemode.SCMSafeModeManager (DataNodeSafeModeRule.java:process(71)) - SCM in safe mode. 1 DataNodes registered, 1 required.
2019-09-24 22:56:55,535 [EventQueue-NodeRegistrationContainerReportForDataNodeSafeModeRule] INFO  safemode.SCMSafeModeManager (SCMSafeModeManager.java:validateSafeModeExitRules(177)) - ScmSafeModeManager, all rules are successfully validated
2019-09-24 22:56:55,535 [EventQueue-NodeRegistrationContainerReportForDataNodeSafeModeRule] INFO  safemode.SCMSafeModeManager (SCMSafeModeManager.java:exitSafeMode(193)) - SCM exiting safe mode.
2019-09-24 22:56:55,542 [IPC Server handler 2 on 38357] INFO  net.NetworkTopology (NetworkTopologyImpl.java:add(111)) - Added a new node: /default-rack/df79811b-05d5-490a-beb3-27ac0aff7bfc
2019-09-24 22:56:55,543 [IPC Server handler 2 on 38357] INFO  node.SCMNodeManager (SCMNodeManager.java:register(266)) - Registered Data node : df79811b-05d5-490a-beb3-27ac0aff7bfc{ip: 192.168.151.66, host: pr-hdds-2162-v2v4x-1150571016, networkLocation: /default-rack, certSerialId: null}
2019-09-24 22:56:55,611 [IPC Server handler 3 on 38357] INFO  net.NetworkTopology (NetworkTopologyImpl.java:add(111)) - Added a new node: /default-rack/23c6c9b6-39b4-44f0-84a4-cf624850a9c3
2019-09-24 22:56:55,611 [IPC Server handler 3 on 38357] INFO  node.SCMNodeManager (SCMNodeManager.java:register(266)) - Registered Data node : 23c6c9b6-39b4-44f0-84a4-cf624850a9c3{ip: 192.168.151.66, host: pr-hdds-2162-v2v4x-1150571016, networkLocation: /default-rack, certSerialId: null}
2019-09-24 22:56:55,679 [IPC Server handler 4 on 38357] INFO  net.NetworkTopology (NetworkTopologyImpl.java:add(111)) - Added a new node: /default-rack/1b127d74-8e4f-43fe-9dad-7b769944c181
2019-09-24 22:56:55,680 [IPC Server handler 4 on 38357] INFO  node.SCMNodeManager (SCMNodeManager.java:register(266)) - Registered Data node : 1b127d74-8e4f-43fe-9dad-7b769944c181{ip: 192.168.151.66, host: pr-hdds-2162-v2v4x-1150571016, networkLocation: /default-rack, certSerialId: null}
2019-09-24 22:56:55,749 [IPC Server handler 5 on 38357] INFO  net.NetworkTopology (NetworkTopologyImpl.java:add(111)) - Added a new node: /default-rack/16bf6e05-f81a-41e5-883a-89e111b126fe
2019-09-24 22:56:55,749 [IPC Server handler 5 on 38357] INFO  node.SCMNodeManager (SCMNodeManager.java:register(266)) - Registered Data node : 16bf6e05-f81a-41e5-883a-89e111b126fe{ip: 192.168.151.66, host: pr-hdds-2162-v2v4x-1150571016, networkLocation: /default-rack, certSerialId: null}
2019-09-24 22:56:55,822 [IPC Server handler 6 on 38357] INFO  net.NetworkTopology (NetworkTopologyImpl.java:add(111)) - Added a new node: /default-rack/48b45dfa-9a49-49d0-a60f-4d834ccef1db
2019-09-24 22:56:55,822 [IPC Server handler 6 on 38357] INFO  node.SCMNodeManager (SCMNodeManager.java:register(266)) - Registered Data node : 48b45dfa-9a49-49d0-a60f-4d834ccef1db{ip: 192.168.151.66, host: pr-hdds-2162-v2v4x-1150571016, networkLocation: /default-rack, certSerialId: null}
2019-09-24 22:56:55,907 [IPC Server handler 7 on 38357] INFO  net.NetworkTopology (NetworkTopologyImpl.java:add(111)) - Added a new node: /default-rack/d39139c5-5210-4708-b66c-2240b4ead968
2019-09-24 22:56:55,908 [IPC Server handler 7 on 38357] INFO  node.SCMNodeManager (SCMNodeManager.java:register(266)) - Registered Data node : d39139c5-5210-4708-b66c-2240b4ead968{ip: 192.168.151.66, host: pr-hdds-2162-v2v4x-1150571016, networkLocation: /default-rack, certSerialId: null}
2019-09-24 22:56:55,974 [IPC Server handler 8 on 38357] INFO  net.NetworkTopology (NetworkTopologyImpl.java:add(111)) - Added a new node: /default-rack/2eb382c8-b0ed-4536-b55b-1910907e8973
2019-09-24 22:56:55,974 [IPC Server handler 8 on 38357] INFO  node.SCMNodeManager (SCMNodeManager.java:register(266)) - Registered Data node : 2eb382c8-b0ed-4536-b55b-1910907e8973{ip: 192.168.151.66, host: pr-hdds-2162-v2v4x-1150571016, networkLocation: /default-rack, certSerialId: null}
2019-09-24 22:56:56,043 [IPC Server handler 9 on 38357] INFO  net.NetworkTopology (NetworkTopologyImpl.java:add(111)) - Added a new node: /default-rack/c20705ec-6f31-4e08-9cc6-abff4709d2d8
2019-09-24 22:56:56,043 [IPC Server handler 9 on 38357] INFO  node.SCMNodeManager (SCMNodeManager.java:register(266)) - Registered Data node : c20705ec-6f31-4e08-9cc6-abff4709d2d8{ip: 192.168.151.66, host: pr-hdds-2162-v2v4x-1150571016, networkLocation: /default-rack, certSerialId: null}
2019-09-24 22:56:56,119 [main] INFO  ozone.MiniOzoneClusterImpl (MiniOzoneClusterImpl.java:lambda$waitForClusterToBeReady$0(147)) - Waiting for cluster to be ready. Got 9 of 10 DN Heartbeats.
2019-09-24 22:56:56,127 [IPC Server handler 10 on 38357] INFO  net.NetworkTopology (NetworkTopologyImpl.java:add(111)) - Added a new node: /default-rack/dbd80091-9753-44ad-af4d-a1b4cb46f81c
2019-09-24 22:56:56,127 [IPC Server handler 10 on 38357] INFO  node.SCMNodeManager (SCMNodeManager.java:register(266)) - Registered Data node : dbd80091-9753-44ad-af4d-a1b4cb46f81c{ip: 192.168.151.66, host: pr-hdds-2162-v2v4x-1150571016, networkLocation: /default-rack, certSerialId: null}
2019-09-24 22:56:56,154 [grpc-default-executor-0] INFO  impl.RaftServerProxy (RaftServerProxy.java:addNew(89)) - 950aebb1-966b-4a76-ae1c-f15b3e34cc28: addNew group-838FA7755D81:[950aebb1-966b-4a76-ae1c-f15b3e34cc28:192.168.151.66:43627] returns group-838FA7755D81:java.util.concurrent.CompletableFuture@44d4fb85[Not completed]
2019-09-24 22:56:56,184 [pool-27-thread-1] INFO  impl.RaftServerImpl (RaftServerImpl.java:<init>(95)) - 950aebb1-966b-4a76-ae1c-f15b3e34cc28: new RaftServerImpl for group-838FA7755D81:[950aebb1-966b-4a76-ae1c-f15b3e34cc28:192.168.151.66:43627] with ContainerStateMachine:uninitialized
2019-09-24 22:56:56,186 [pool-27-thread-1] INFO  server.RaftServerConfigKeys (ConfUtils.java:logGet(43)) - raft.server.rpc.timeout.min = 1s (custom)
2019-09-24 22:56:56,189 [pool-27-thread-1] INFO  server.RaftServerConfigKeys (ConfUtils.java:logGet(43)) - raft.server.rpc.timeout.max = 1200ms (custom)
2019-09-24 22:56:56,189 [pool-27-thread-1] INFO  server.RaftServerConfigKeys (ConfUtils.java:logGet(43)) - raft.server.rpcslowness.timeout = 120s (custom)
2019-09-24 22:56:56,190 [pool-27-thread-1] INFO  server.RaftServerConfigKeys (ConfUtils.java:logGet(43)) - raft.server.sleep.deviation.threshold = 300 (default)
2019-09-24 22:56:56,191 [pool-27-thread-1] INFO  server.RaftServerConfigKeys (ConfUtils.java:logGet(43)) - raft.server.log.appender.install.snapshot.enabled = false (custom)
2019-09-24 22:56:56,200 [pool-27-thread-1] INFO  impl.RaftServerImpl (ServerState.java:<init>(103)) - 950aebb1-966b-4a76-ae1c-f15b3e34cc28@group-838FA7755D81: ConfigurationManager, init=-1: [950aebb1-966b-4a76-ae1c-f15b3e34cc28:192.168.151.66:43627], old=null, confs=<EMPTY_MAP>
2019-09-24 22:56:56,200 [pool-27-thread-1] INFO  server.RaftServerConfigKeys (ConfUtils.java:logGet(43)) - raft.server.storage.dir = [/workdir/hadoop-ozone/integration-test/target/test-dir/MiniOzoneClusterImpl-5f7a597a-7e5e-4415-9205-5cad3600d18e/datanode-0/data/ratis] (custom)
2019-09-24 22:56:56,209 [pool-27-thread-1] INFO  storage.RaftStorageDirectory (RaftStorageDirectory.java:analyzeStorage(246)) - The storage directory /workdir/hadoop-ozone/integration-test/target/test-dir/MiniOzoneClusterImpl-5f7a597a-7e5e-4415-9205-5cad3600d18e/datanode-0/data/ratis/6df77a5c-adb7-4e90-84eb-838fa7755d81 does not exist. Creating ...
2019-09-24 22:56:56,237 [pool-27-thread-1] INFO  storage.RaftStorageDirectory (RaftStorageDirectory.java:tryLock(328)) - Lock on /workdir/hadoop-ozone/integration-test/target/test-dir/MiniOzoneClusterImpl-5f7a597a-7e5e-4415-9205-5cad3600d18e/datanode-0/data/ratis/6df77a5c-adb7-4e90-84eb-838fa7755d81/in_use.lock acquired by nodename 5417@pr-hdds-2162-v2v4x-1150571016
2019-09-24 22:56:56,255 [pool-27-thread-1] INFO  storage.RaftStorage (RaftStorage.java:format(72)) - Storage directory /workdir/hadoop-ozone/integration-test/target/test-dir/MiniOzoneClusterImpl-5f7a597a-7e5e-4415-9205-5cad3600d18e/datanode-0/data/ratis/6df77a5c-adb7-4e90-84eb-838fa7755d81 has been successfully formatted.
2019-09-24 22:56:56,260 [pool-27-thread-1] INFO  ratis.ContainerStateMachine (ContainerStateMachine.java:loadSnapshot(230)) - group-838FA7755D81: The snapshot info is null. Setting the last applied indexto:(t:0, i:~)
2019-09-24 22:56:56,261 [pool-27-thread-1] INFO  server.RaftServerConfigKeys (ConfUtils.java:logGet(43)) - raft.server.notification.no-leader.timeout = 120s (custom)
2019-09-24 22:56:56,264 [pool-27-thread-1] INFO  server.RaftServerConfigKeys (ConfUtils.java:logGet(43)) - raft.server.log.use.memory = false (default)
2019-09-24 22:56:56,272 [pool-27-thread-1] INFO  server.RaftServerConfigKeys (ConfUtils.java:logGet(43)) - raft.server.log.purge.gap = 1000000 (custom)
2019-09-24 22:56:56,272 [pool-27-thread-1] INFO  server.RaftServerConfigKeys (ConfUtils.java:logGet(43)) - raft.server.log.appender.buffer.byte-limit = 33554432 (custom)
2019-09-24 22:56:56,275 [pool-27-thread-1] INFO  server.RaftServerConfigKeys (ConfUtils.java:logGet(43)) - raft.server.log.segment.size.max = 1048576 (custom)
2019-09-24 22:56:56,281 [pool-27-thread-1] INFO  server.RaftServerConfigKeys (ConfUtils.java:logGet(43)) - raft.server.log.segment.cache.num.max = 2 (custom)
2019-09-24 22:56:56,288 [pool-27-thread-1] INFO  segmented.SegmentedRaftLogWorker (SegmentedRaftLogWorker.java:<init>(172)) - new 950aebb1-966b-4a76-ae1c-f15b3e34cc28@group-838FA7755D81-SegmentedRaftLogWorker for RaftStorage:Storage Directory /workdir/hadoop-ozone/integration-test/target/test-dir/MiniOzoneClusterImpl-5f7a597a-7e5e-4415-9205-5cad3600d18e/datanode-0/data/ratis/6df77a5c-adb7-4e90-84eb-838fa7755d81
2019-09-24 22:56:56,290 [pool-27-thread-1] INFO  impl.MetricsSystemImpl (MetricsSystemImpl.java:init(158)) - ratis metrics system started (again)
2019-09-24 22:56:56,298 [pool-27-thread-1] INFO  metrics.MetricRegistries (MetricRegistriesLoader.java:load(64)) - Loaded MetricRegistries class org.apache.ratis.metrics.impl.MetricRegistriesImpl
2019-09-24 22:56:56,329 [pool-27-thread-1] INFO  server.RaftServerConfigKeys (ConfUtils.java:logGet(43)) - raft.server.log.queue.byte-limit = 2147483647 (custom)
2019-09-24 22:56:56,330 [pool-27-thread-1] INFO  server.RaftServerConfigKeys (ConfUtils.java:logGet(43)) - raft.server.log.queue.element-limit = 1024 (custom)
2019-09-24 22:56:56,333 [pool-27-thread-1] INFO  server.RaftServerConfigKeys (ConfUtils.java:logGet(43)) - raft.server.log.segment.size.max = 1048576 (custom)
2019-09-24 22:56:56,333 [pool-27-thread-1] INFO  server.RaftServerConfigKeys (ConfUtils.java:logGet(43)) - raft.server.log.preallocated.size = 16384 (custom)
2019-09-24 22:56:56,334 [pool-27-thread-1] INFO  server.RaftServerConfigKeys (ConfUtils.java:logGet(43)) - raft.server.log.write.buffer.size = 33554432 (custom)
2019-09-24 22:56:56,334 [pool-27-thread-1] INFO  server.RaftServerConfigKeys (ConfUtils.java:logGet(43)) - raft.server.log.force.sync.num = 128 (default)
2019-09-24 22:56:56,335 [pool-27-thread-1] INFO  server.RaftServerConfigKeys (ConfUtils.java:logGet(43)) - raft.server.log.statemachine.data.sync = true (default)
2019-09-24 22:56:56,335 [pool-27-thread-1] INFO  server.RaftServerConfigKeys (ConfUtils.java:logGet(43)) - raft.server.log.statemachine.data.sync.timeout = 10s (default)
2019-09-24 22:56:56,336 [pool-27-thread-1] INFO  server.RaftServerConfigKeys (ConfUtils.java:logGet(43)) - raft.server.log.statemachine.data.sync.timeout.retry = -1 (default)
2019-09-24 22:56:56,344 [pool-27-thread-1] INFO  server.RaftServerConfigKeys (ConfUtils.java:logGet(43)) - raft.server.log.statemachine.data.caching.enabled = true (custom)
2019-09-24 22:56:56,349 [pool-27-thread-1] INFO  segmented.SegmentedRaftLogWorker (SegmentedRaftLogWorker.java:lambda$new$0(132)) - 950aebb1-966b-4a76-ae1c-f15b3e34cc28@group-838FA7755D81-SegmentedRaftLogWorker: flushIndex: setUnconditionally 0 -> -1
2019-09-24 22:56:56,366 [pool-27-thread-1] INFO  server.RaftServerConfigKeys (ConfUtils.java:logGet(43)) - raft.server.snapshot.auto.trigger.enabled = true (custom)
2019-09-24 22:56:56,367 [pool-27-thread-1] INFO  server.RaftServerConfigKeys (ConfUtils.java:logGet(43)) - raft.server.snapshot.auto.trigger.threshold = 10000 (custom)
2019-09-24 22:56:56,368 [pool-27-thread-1] INFO  server.RaftServerConfigKeys (ConfUtils.java:logGet(43)) - raft.server.snapshot.retention.num.files = 5 (custom)
2019-09-24 22:56:56,368 [pool-27-thread-1] INFO  server.RaftServerConfigKeys (ConfUtils.java:logGet(43)) - raft.server.retrycache.expirytime = 600000ms (custom)
2019-09-24 22:56:56,394 [pool-27-thread-1] INFO  impl.RaftServerImpl (RaftServerImpl.java:start(185)) - 950aebb1-966b-4a76-ae1c-f15b3e34cc28@group-838FA7755D81: start as a follower, conf=-1: [950aebb1-966b-4a76-ae1c-f15b3e34cc28:192.168.151.66:43627], old=null
2019-09-24 22:56:56,395 [pool-27-thread-1] INFO  impl.RaftServerImpl (RaftServerImpl.java:setRole(174)) - 950aebb1-966b-4a76-ae1c-f15b3e34cc28@group-838FA7755D81: changes role from      null to FOLLOWER at term 0 for startAsFollower
2019-09-24 22:56:56,396 [pool-27-thread-1] INFO  impl.RoleInfo (RoleInfo.java:updateAndGet(143)) - 950aebb1-966b-4a76-ae1c-f15b3e34cc28: start FollowerState
2019-09-24 22:56:56,398 [pool-27-thread-1] INFO  util.JmxRegister (JmxRegister.java:tryRegister(44)) - Successfully registered JMX Bean with object name Ratis:service=RaftServer,group=group-838FA7755D81,id=950aebb1-966b-4a76-ae1c-f15b3e34cc28
2019-09-24 22:56:56,480 [RatisPipelineUtilsThread] INFO  pipeline.PipelineStateManager (PipelineStateManager.java:addPipeline(56)) - Created pipeline Pipeline[ Id: 6df77a5c-adb7-4e90-84eb-838fa7755d81, Nodes: 950aebb1-966b-4a76-ae1c-f15b3e34cc28{ip: 192.168.151.66, host: pr-hdds-2162-v2v4x-1150571016, networkLocation: /default-rack, certSerialId: null}, Type:RATIS, Factor:ONE, State:OPEN]
2019-09-24 22:56:56,514 [grpc-default-executor-0] INFO  impl.RaftServerProxy (RaftServerProxy.java:addNew(89)) - df79811b-05d5-490a-beb3-27ac0aff7bfc: addNew group-701E019007C8:[df79811b-05d5-490a-beb3-27ac0aff7bfc:192.168.151.66:34065] returns group-701E019007C8:java.util.concurrent.CompletableFuture@1402fd33[Not completed]
2019-09-24 22:56:56,575 [pool-37-thread-1] INFO  impl.RaftServerImpl (RaftServerImpl.java:<init>(95)) - df79811b-05d5-490a-beb3-27ac0aff7bfc: new RaftServerImpl for group-701E019007C8:[df79811b-05d5-490a-beb3-27ac0aff7bfc:192.168.151.66:34065] with ContainerStateMachine:uninitialized
2019-09-24 22:56:56,577 [pool-37-thread-1] INFO  server.RaftServerConfigKeys (ConfUtils.java:logGet(43)) - raft.server.rpc.timeout.min = 1s (custom)
2019-09-24 22:56:56,577 [pool-37-thread-1] INFO  server.RaftServerConfigKeys (ConfUtils.java:logGet(43)) - raft.server.rpc.timeout.max = 1200ms (custom)
2019-09-24 22:56:56,577 [pool-37-thread-1] INFO  server.RaftServerConfigKeys (ConfUtils.java:logGet(43)) - raft.server.rpcslowness.timeout = 120s (custom)
2019-09-24 22:56:56,577 [pool-37-thread-1] INFO  server.RaftServerConfigKeys (ConfUtils.java:logGet(43)) - raft.server.sleep.deviation.threshold = 300 (default)
2019-09-24 22:56:56,577 [pool-37-thread-1] INFO  server.RaftServerConfigKeys (ConfUtils.java:logGet(43)) - raft.server.log.appender.install.snapshot.enabled = false (custom)
2019-09-24 22:56:56,577 [pool-37-thread-1] INFO  impl.RaftServerImpl (ServerState.java:<init>(103)) - df79811b-05d5-490a-beb3-27ac0aff7bfc@group-701E019007C8: ConfigurationManager, init=-1: [df79811b-05d5-490a-beb3-27ac0aff7bfc:192.168.151.66:34065], old=null, confs=<EMPTY_MAP>
2019-09-24 22:56:56,578 [pool-37-thread-1] INFO  server.RaftServerConfigKeys (ConfUtils.java:logGet(43)) - raft.server.storage.dir = [/workdir/hadoop-ozone/integration-test/target/test-dir/MiniOzoneClusterImpl-5f7a597a-7e5e-4415-9205-5cad3600d18e/datanode-1/data/ratis] (custom)
2019-09-24 22:56:56,578 [pool-37-thread-1] INFO  storage.RaftStorageDirectory (RaftStorageDirectory.java:analyzeStorage(246)) - The storage directory /workdir/hadoop-ozone/integration-test/target/test-dir/MiniOzoneClusterImpl-5f7a597a-7e5e-4415-9205-5cad3600d18e/datanode-1/data/ratis/ed78000d-96f2-4509-aa8b-701e019007c8 does not exist. Creating ...
2019-09-24 22:56:56,592 [pool-37-thread-1] INFO  storage.RaftStorageDirectory (RaftStorageDirectory.java:tryLock(328)) - Lock on /workdir/hadoop-ozone/integration-test/target/test-dir/MiniOzoneClusterImpl-5f7a597a-7e5e-4415-9205-5cad3600d18e/datanode-1/data/ratis/ed78000d-96f2-4509-aa8b-701e019007c8/in_use.lock acquired by nodename 5417@pr-hdds-2162-v2v4x-1150571016
2019-09-24 22:56:56,605 [pool-37-thread-1] INFO  storage.RaftStorage (RaftStorage.java:format(72)) - Storage directory /workdir/hadoop-ozone/integration-test/target/test-dir/MiniOzoneClusterImpl-5f7a597a-7e5e-4415-9205-5cad3600d18e/datanode-1/data/ratis/ed78000d-96f2-4509-aa8b-701e019007c8 has been successfully formatted.
2019-09-24 22:56:56,607 [pool-37-thread-1] INFO  ratis.ContainerStateMachine (ContainerStateMachine.java:loadSnapshot(230)) - group-701E019007C8: The snapshot info is null. Setting the last applied indexto:(t:0, i:~)
2019-09-24 22:56:56,609 [pool-37-thread-1] INFO  server.RaftServerConfigKeys (ConfUtils.java:logGet(43)) - raft.server.notification.no-leader.timeout = 120s (custom)
2019-09-24 22:56:56,609 [pool-37-thread-1] INFO  server.RaftServerConfigKeys (ConfUtils.java:logGet(43)) - raft.server.log.use.memory = false (default)
2019-09-24 22:56:56,609 [pool-37-thread-1] INFO  server.RaftServerConfigKeys (ConfUtils.java:logGet(43)) - raft.server.log.purge.gap = 1000000 (custom)
2019-09-24 22:56:56,609 [pool-37-thread-1] INFO  server.RaftServerConfigKeys (ConfUtils.java:logGet(43)) - raft.server.log.appender.buffer.byte-limit = 33554432 (custom)
2019-09-24 22:56:56,609 [pool-37-thread-1] INFO  server.RaftServerConfigKeys (ConfUtils.java:logGet(43)) - raft.server.log.segment.size.max = 1048576 (custom)
2019-09-24 22:56:56,609 [pool-37-thread-1] INFO  server.RaftServerConfigKeys (ConfUtils.java:logGet(43)) - raft.server.log.segment.cache.num.max = 2 (custom)
2019-09-24 22:56:56,610 [pool-37-thread-1] INFO  segmented.SegmentedRaftLogWorker (SegmentedRaftLogWorker.java:<init>(172)) - new df79811b-05d5-490a-beb3-27ac0aff7bfc@group-701E019007C8-SegmentedRaftLogWorker for RaftStorage:Storage Directory /workdir/hadoop-ozone/integration-test/target/test-dir/MiniOzoneClusterImpl-5f7a597a-7e5e-4415-9205-5cad3600d18e/datanode-1/data/ratis/ed78000d-96f2-4509-aa8b-701e019007c8
2019-09-24 22:56:56,615 [pool-37-thread-1] INFO  server.RaftServerConfigKeys (ConfUtils.java:logGet(43)) - raft.server.log.queue.byte-limit = 2147483647 (custom)
2019-09-24 22:56:56,615 [pool-37-thread-1] INFO  server.RaftServerConfigKeys (ConfUtils.java:logGet(43)) - raft.server.log.queue.element-limit = 1024 (custom)
2019-09-24 22:56:56,615 [pool-37-thread-1] INFO  server.RaftServerConfigKeys (ConfUtils.java:logGet(43)) - raft.server.log.segment.size.max = 1048576 (custom)
2019-09-24 22:56:56,616 [pool-37-thread-1] INFO  server.RaftServerConfigKeys (ConfUtils.java:logGet(43)) - raft.server.log.preallocated.size = 16384 (custom)
2019-09-24 22:56:56,616 [pool-37-thread-1] INFO  server.RaftServerConfigKeys (ConfUtils.java:logGet(43)) - raft.server.log.write.buffer.size = 33554432 (custom)
2019-09-24 22:56:56,616 [pool-37-thread-1] INFO  server.RaftServerConfigKeys (ConfUtils.java:logGet(43)) - raft.server.log.force.sync.num = 128 (default)
2019-09-24 22:56:56,616 [pool-37-thread-1] INFO  server.RaftServerConfigKeys (ConfUtils.java:logGet(43)) - raft.server.log.statemachine.data.sync = true (default)
2019-09-24 22:56:56,616 [pool-37-thread-1] INFO  server.RaftServerConfigKeys (ConfUtils.java:logGet(43)) - raft.server.log.statemachine.data.sync.timeout = 10s (default)
2019-09-24 22:56:56,616 [pool-37-thread-1] INFO  server.RaftServerConfigKeys (ConfUtils.java:logGet(43)) - raft.server.log.statemachine.data.sync.timeout.retry = -1 (default)
2019-09-24 22:56:56,616 [pool-37-thread-1] INFO  server.RaftServerConfigKeys (ConfUtils.java:logGet(43)) - raft.server.log.statemachine.data.caching.enabled = true (custom)
2019-09-24 22:56:56,617 [pool-37-thread-1] INFO  segmented.SegmentedRaftLogWorker (SegmentedRaftLogWorker.java:lambda$new$0(132)) - df79811b-05d5-490a-beb3-27ac0aff7bfc@group-701E019007C8-SegmentedRaftLogWorker: flushIndex: setUnconditionally 0 -> -1
2019-09-24 22:56:56,617 [pool-37-thread-1] INFO  server.RaftServerConfigKeys (ConfUtils.java:logGet(43)) - raft.server.snapshot.auto.trigger.enabled = true (custom)
2019-09-24 22:56:56,617 [pool-37-thread-1] INFO  server.RaftServerConfigKeys (ConfUtils.java:logGet(43)) - raft.server.snapshot.auto.trigger.threshold = 10000 (custom)
2019-09-24 22:56:56,617 [pool-37-thread-1] INFO  server.RaftServerConfigKeys (ConfUtils.java:logGet(43)) - raft.server.snapshot.retention.num.files = 5 (custom)
2019-09-24 22:56:56,618 [pool-37-thread-1] INFO  server.RaftServerConfigKeys (ConfUtils.java:logGet(43)) - raft.server.retrycache.expirytime = 600000ms (custom)
2019-09-24 22:56:56,621 [pool-37-thread-1] INFO  impl.RaftServerImpl (RaftServerImpl.java:start(185)) - df79811b-05d5-490a-beb3-27ac0aff7bfc@group-701E019007C8: start as a follower, conf=-1: [df79811b-05d5-490a-beb3-27ac0aff7bfc:192.168.151.66:34065], old=null
2019-09-24 22:56:56,622 [pool-37-thread-1] INFO  impl.RaftServerImpl (RaftServerImpl.java:setRole(174)) - df79811b-05d5-490a-beb3-27ac0aff7bfc@group-701E019007C8: changes role from      null to FOLLOWER at term 0 for startAsFollower
2019-09-24 22:56:56,622 [pool-37-thread-1] INFO  impl.RoleInfo (RoleInfo.java:updateAndGet(143)) - df79811b-05d5-490a-beb3-27ac0aff7bfc: start FollowerState
2019-09-24 22:56:56,624 [pool-37-thread-1] INFO  util.JmxRegister (JmxRegister.java:tryRegister(44)) - Successfully registered JMX Bean with object name Ratis:service=RaftServer,group=group-701E019007C8,id=df79811b-05d5-490a-beb3-27ac0aff7bfc
2019-09-24 22:56:56,639 [RatisPipelineUtilsThread] INFO  pipeline.PipelineStateManager (PipelineStateManager.java:addPipeline(56)) - Created pipeline Pipeline[ Id: ed78000d-96f2-4509-aa8b-701e019007c8, Nodes: df79811b-05d5-490a-beb3-27ac0aff7bfc{ip: 192.168.151.66, host: pr-hdds-2162-v2v4x-1150571016, networkLocation: /default-rack, certSerialId: null}, Type:RATIS, Factor:ONE, State:OPEN]
2019-09-24 22:56:56,661 [grpc-default-executor-0] INFO  impl.RaftServerProxy (RaftServerProxy.java:addNew(89)) - 23c6c9b6-39b4-44f0-84a4-cf624850a9c3: addNew group-5DAC8D020DEC:[23c6c9b6-39b4-44f0-84a4-cf624850a9c3:192.168.151.66:32846] returns group-5DAC8D020DEC:java.util.concurrent.CompletableFuture@21fb8051[Not completed]
2019-09-24 22:56:56,695 [pool-47-thread-1] INFO  impl.RaftServerImpl (RaftServerImpl.java:<init>(95)) - 23c6c9b6-39b4-44f0-84a4-cf624850a9c3: new RaftServerImpl for group-5DAC8D020DEC:[23c6c9b6-39b4-44f0-84a4-cf624850a9c3:192.168.151.66:32846] with ContainerStateMachine:uninitialized
2019-09-24 22:56:56,695 [pool-47-thread-1] INFO  server.RaftServerConfigKeys (ConfUtils.java:logGet(43)) - raft.server.rpc.timeout.min = 1s (custom)
2019-09-24 22:56:56,695 [pool-47-thread-1] INFO  server.RaftServerConfigKeys (ConfUtils.java:logGet(43)) - raft.server.rpc.timeout.max = 1200ms (custom)
2019-09-24 22:56:56,695 [pool-47-thread-1] INFO  server.RaftServerConfigKeys (ConfUtils.java:logGet(43)) - raft.server.rpcslowness.timeout = 120s (custom)
2019-09-24 22:56:56,695 [pool-47-thread-1] INFO  server.RaftServerConfigKeys (ConfUtils.java:logGet(43)) - raft.server.sleep.deviation.threshold = 300 (default)
2019-09-24 22:56:56,695 [pool-47-thread-1] INFO  server.RaftServerConfigKeys (ConfUtils.java:logGet(43)) - raft.server.log.appender.install.snapshot.enabled = false (custom)
2019-09-24 22:56:56,695 [pool-47-thread-1] INFO  impl.RaftServerImpl (ServerState.java:<init>(103)) - 23c6c9b6-39b4-44f0-84a4-cf624850a9c3@group-5DAC8D020DEC: ConfigurationManager, init=-1: [23c6c9b6-39b4-44f0-84a4-cf624850a9c3:192.168.151.66:32846], old=null, confs=<EMPTY_MAP>
2019-09-24 22:56:56,696 [pool-47-thread-1] INFO  server.RaftServerConfigKeys (ConfUtils.java:logGet(43)) - raft.server.storage.dir = [/workdir/hadoop-ozone/integration-test/target/test-dir/MiniOzoneClusterImpl-5f7a597a-7e5e-4415-9205-5cad3600d18e/datanode-2/data/ratis] (custom)
2019-09-24 22:56:56,696 [pool-47-thread-1] INFO  storage.RaftStorageDirectory (RaftStorageDirectory.java:analyzeStorage(246)) - The storage directory /workdir/hadoop-ozone/integration-test/target/test-dir/MiniOzoneClusterImpl-5f7a597a-7e5e-4415-9205-5cad3600d18e/datanode-2/data/ratis/e26afffa-3feb-486a-8ef3-5dac8d020dec does not exist. Creating ...
2019-09-24 22:56:56,708 [pool-47-thread-1] INFO  storage.RaftStorageDirectory (RaftStorageDirectory.java:tryLock(328)) - Lock on /workdir/hadoop-ozone/integration-test/target/test-dir/MiniOzoneClusterImpl-5f7a597a-7e5e-4415-9205-5cad3600d18e/datanode-2/data/ratis/e26afffa-3feb-486a-8ef3-5dac8d020dec/in_use.lock acquired by nodename 5417@pr-hdds-2162-v2v4x-1150571016
2019-09-24 22:56:56,722 [pool-47-thread-1] INFO  storage.RaftStorage (RaftStorage.java:format(72)) - Storage directory /workdir/hadoop-ozone/integration-test/target/test-dir/MiniOzoneClusterImpl-5f7a597a-7e5e-4415-9205-5cad3600d18e/datanode-2/data/ratis/e26afffa-3feb-486a-8ef3-5dac8d020dec has been successfully formatted.
2019-09-24 22:56:56,722 [pool-47-thread-1] INFO  ratis.ContainerStateMachine (ContainerStateMachine.java:loadSnapshot(230)) - group-5DAC8D020DEC: The snapshot info is null. Setting the last applied indexto:(t:0, i:~)
2019-09-24 22:56:56,722 [pool-47-thread-1] INFO  server.RaftServerConfigKeys (ConfUtils.java:logGet(43)) - raft.server.notification.no-leader.timeout = 120s (custom)
2019-09-24 22:56:56,722 [pool-47-thread-1] INFO  server.RaftServerConfigKeys (ConfUtils.java:logGet(43)) - raft.server.log.use.memory = false (default)
2019-09-24 22:56:56,722 [pool-47-thread-1] INFO  server.RaftServerConfigKeys (ConfUtils.java:logGet(43)) - raft.server.log.purge.gap = 1000000 (custom)
2019-09-24 22:56:56,723 [pool-47-thread-1] INFO  server.RaftServerConfigKeys (ConfUtils.java:logGet(43)) - raft.server.log.appender.buffer.byte-limit = 33554432 (custom)
2019-09-24 22:56:56,723 [pool-47-thread-1] INFO  server.RaftServerConfigKeys (ConfUtils.java:logGet(43)) - raft.server.log.segment.size.max = 1048576 (custom)
2019-09-24 22:56:56,723 [pool-47-thread-1] INFO  server.RaftServerConfigKeys (ConfUtils.java:logGet(43)) - raft.server.log.segment.cache.num.max = 2 (custom)
2019-09-24 22:56:56,723 [pool-47-thread-1] INFO  segmented.SegmentedRaftLogWorker (SegmentedRaftLogWorker.java:<init>(172)) - new 23c6c9b6-39b4-44f0-84a4-cf624850a9c3@group-5DAC8D020DEC-SegmentedRaftLogWorker for RaftStorage:Storage Directory /workdir/hadoop-ozone/integration-test/target/test-dir/MiniOzoneClusterImpl-5f7a597a-7e5e-4415-9205-5cad3600d18e/datanode-2/data/ratis/e26afffa-3feb-486a-8ef3-5dac8d020dec
2019-09-24 22:56:56,770 [pool-47-thread-1] INFO  server.RaftServerConfigKeys (ConfUtils.java:logGet(43)) - raft.server.log.queue.byte-limit = 2147483647 (custom)
2019-09-24 22:56:56,770 [pool-47-thread-1] INFO  server.RaftServerConfigKeys (ConfUtils.java:logGet(43)) - raft.server.log.queue.element-limit = 1024 (custom)
2019-09-24 22:56:56,770 [pool-47-thread-1] INFO  server.RaftServerConfigKeys (ConfUtils.java:logGet(43)) - raft.server.log.segment.size.max = 1048576 (custom)
2019-09-24 22:56:56,770 [pool-47-thread-1] INFO  server.RaftServerConfigKeys (ConfUtils.java:logGet(43)) - raft.server.log.preallocated.size = 16384 (custom)
2019-09-24 22:56:56,770 [pool-47-thread-1] INFO  server.RaftServerConfigKeys (ConfUtils.java:logGet(43)) - raft.server.log.write.buffer.size = 33554432 (custom)
2019-09-24 22:56:56,771 [pool-47-thread-1] INFO  server.RaftServerConfigKeys (ConfUtils.java:logGet(43)) - raft.server.log.force.sync.num = 128 (default)
2019-09-24 22:56:56,771 [pool-47-thread-1] INFO  server.RaftServerConfigKeys (ConfUtils.java:logGet(43)) - raft.server.log.statemachine.data.sync = true (default)
2019-09-24 22:56:56,771 [pool-47-thread-1] INFO  server.RaftServerConfigKeys (ConfUtils.java:logGet(43)) - raft.server.log.statemachine.data.sync.timeout = 10s (default)
2019-09-24 22:56:56,771 [pool-47-thread-1] INFO  server.RaftServerConfigKeys (ConfUtils.java:logGet(43)) - raft.server.log.statemachine.data.sync.timeout.retry = -1 (default)
2019-09-24 22:56:56,771 [pool-47-thread-1] INFO  server.RaftServerConfigKeys (ConfUtils.java:logGet(43)) - raft.server.log.statemachine.data.caching.enabled = true (custom)
2019-09-24 22:56:56,772 [pool-47-thread-1] INFO  segmented.SegmentedRaftLogWorker (SegmentedRaftLogWorker.java:lambda$new$0(132)) - 23c6c9b6-39b4-44f0-84a4-cf624850a9c3@group-5DAC8D020DEC-SegmentedRaftLogWorker: flushIndex: setUnconditionally 0 -> -1
2019-09-24 22:56:56,772 [pool-47-thread-1] INFO  server.RaftServerConfigKeys (ConfUtils.java:logGet(43)) - raft.server.snapshot.auto.trigger.enabled = true (custom)
2019-09-24 22:56:56,772 [pool-47-thread-1] INFO  server.RaftServerConfigKeys (ConfUtils.java:logGet(43)) - raft.server.snapshot.auto.trigger.threshold = 10000 (custom)
2019-09-24 22:56:56,772 [pool-47-thread-1] INFO  server.RaftServerConfigKeys (ConfUtils.java:logGet(43)) - raft.server.snapshot.retention.num.files = 5 (custom)
2019-09-24 22:56:56,772 [pool-47-thread-1] INFO  server.RaftServerConfigKeys (ConfUtils.java:logGet(43)) - raft.server.retrycache.expirytime = 600000ms (custom)
2019-09-24 22:56:56,776 [pool-47-thread-1] INFO  impl.RaftServerImpl (RaftServerImpl.java:start(185)) - 23c6c9b6-39b4-44f0-84a4-cf624850a9c3@group-5DAC8D020DEC: start as a follower, conf=-1: [23c6c9b6-39b4-44f0-84a4-cf624850a9c3:192.168.151.66:32846], old=null
2019-09-24 22:56:56,776 [pool-47-thread-1] INFO  impl.RaftServerImpl (RaftServerImpl.java:setRole(174)) - 23c6c9b6-39b4-44f0-84a4-cf624850a9c3@group-5DAC8D020DEC: changes role from      null to FOLLOWER at term 0 for startAsFollower
2019-09-24 22:56:56,776 [pool-47-thread-1] INFO  impl.RoleInfo (RoleInfo.java:updateAndGet(143)) - 23c6c9b6-39b4-44f0-84a4-cf624850a9c3: start FollowerState
2019-09-24 22:56:56,777 [pool-47-thread-1] INFO  util.JmxRegister (JmxRegister.java:tryRegister(44)) - Successfully registered JMX Bean with object name Ratis:service=RaftServer,group=group-5DAC8D020DEC,id=23c6c9b6-39b4-44f0-84a4-cf624850a9c3
2019-09-24 22:56:56,791 [RatisPipelineUtilsThread] INFO  pipeline.PipelineStateManager (PipelineStateManager.java:addPipeline(56)) - Created pipeline Pipeline[ Id: e26afffa-3feb-486a-8ef3-5dac8d020dec, Nodes: 23c6c9b6-39b4-44f0-84a4-cf624850a9c3{ip: 192.168.151.66, host: pr-hdds-2162-v2v4x-1150571016, networkLocation: /default-rack, certSerialId: null}, Type:RATIS, Factor:ONE, State:OPEN]
2019-09-24 22:56:56,814 [grpc-default-executor-0] INFO  impl.RaftServerProxy (RaftServerProxy.java:addNew(89)) - 16bf6e05-f81a-41e5-883a-89e111b126fe: addNew group-38DEA3A6EBE6:[16bf6e05-f81a-41e5-883a-89e111b126fe:192.168.151.66:37026] returns group-38DEA3A6EBE6:java.util.concurrent.CompletableFuture@1f74de99[Not completed]
2019-09-24 22:56:56,816 [pool-67-thread-1] INFO  impl.RaftServerImpl (RaftServerImpl.java:<init>(95)) - 16bf6e05-f81a-41e5-883a-89e111b126fe: new RaftServerImpl for group-38DEA3A6EBE6:[16bf6e05-f81a-41e5-883a-89e111b126fe:192.168.151.66:37026] with ContainerStateMachine:uninitialized
2019-09-24 22:56:56,816 [pool-67-thread-1] INFO  server.RaftServerConfigKeys (ConfUtils.java:logGet(43)) - raft.server.rpc.timeout.min = 1s (custom)
2019-09-24 22:56:56,816 [pool-67-thread-1] INFO  server.RaftServerConfigKeys (ConfUtils.java:logGet(43)) - raft.server.rpc.timeout.max = 1200ms (custom)
2019-09-24 22:56:56,816 [pool-67-thread-1] INFO  server.RaftServerConfigKeys (ConfUtils.java:logGet(43)) - raft.server.rpcslowness.timeout = 120s (custom)
2019-09-24 22:56:56,817 [pool-67-thread-1] INFO  server.RaftServerConfigKeys (ConfUtils.java:logGet(43)) - raft.server.sleep.deviation.threshold = 300 (default)
2019-09-24 22:56:56,817 [pool-67-thread-1] INFO  server.RaftServerConfigKeys (ConfUtils.java:logGet(43)) - raft.server.log.appender.install.snapshot.enabled = false (custom)
2019-09-24 22:56:56,817 [pool-67-thread-1] INFO  impl.RaftServerImpl (ServerState.java:<init>(103)) - 16bf6e05-f81a-41e5-883a-89e111b126fe@group-38DEA3A6EBE6: ConfigurationManager, init=-1: [16bf6e05-f81a-41e5-883a-89e111b126fe:192.168.151.66:37026], old=null, confs=<EMPTY_MAP>
2019-09-24 22:56:56,817 [pool-67-thread-1] INFO  server.RaftServerConfigKeys (ConfUtils.java:logGet(43)) - raft.server.storage.dir = [/workdir/hadoop-ozone/integration-test/target/test-dir/MiniOzoneClusterImpl-5f7a597a-7e5e-4415-9205-5cad3600d18e/datanode-4/data/ratis] (custom)
2019-09-24 22:56:56,817 [pool-67-thread-1] INFO  storage.RaftStorageDirectory (RaftStorageDirectory.java:analyzeStorage(246)) - The storage directory /workdir/hadoop-ozone/integration-test/target/test-dir/MiniOzoneClusterImpl-5f7a597a-7e5e-4415-9205-5cad3600d18e/datanode-4/data/ratis/3f9d956d-2375-4959-a539-38dea3a6ebe6 does not exist. Creating ...
2019-09-24 22:56:56,830 [pool-67-thread-1] INFO  storage.RaftStorageDirectory (RaftStorageDirectory.java:tryLock(328)) - Lock on /workdir/hadoop-ozone/integration-test/target/test-dir/MiniOzoneClusterImpl-5f7a597a-7e5e-4415-9205-5cad3600d18e/datanode-4/data/ratis/3f9d956d-2375-4959-a539-38dea3a6ebe6/in_use.lock acquired by nodename 5417@pr-hdds-2162-v2v4x-1150571016
2019-09-24 22:56:56,843 [pool-67-thread-1] INFO  storage.RaftStorage (RaftStorage.java:format(72)) - Storage directory /workdir/hadoop-ozone/integration-test/target/test-dir/MiniOzoneClusterImpl-5f7a597a-7e5e-4415-9205-5cad3600d18e/datanode-4/data/ratis/3f9d956d-2375-4959-a539-38dea3a6ebe6 has been successfully formatted.
2019-09-24 22:56:56,843 [pool-67-thread-1] INFO  ratis.ContainerStateMachine (ContainerStateMachine.java:loadSnapshot(230)) - group-38DEA3A6EBE6: The snapshot info is null. Setting the last applied indexto:(t:0, i:~)
2019-09-24 22:56:56,843 [pool-67-thread-1] INFO  server.RaftServerConfigKeys (ConfUtils.java:logGet(43)) - raft.server.notification.no-leader.timeout = 120s (custom)
2019-09-24 22:56:56,843 [pool-67-thread-1] INFO  server.RaftServerConfigKeys (ConfUtils.java:logGet(43)) - raft.server.log.use.memory = false (default)
2019-09-24 22:56:56,843 [pool-67-thread-1] INFO  server.RaftServerConfigKeys (ConfUtils.java:logGet(43)) - raft.server.log.purge.gap = 1000000 (custom)
2019-09-24 22:56:56,843 [pool-67-thread-1] INFO  server.RaftServerConfigKeys (ConfUtils.java:logGet(43)) - raft.server.log.appender.buffer.byte-limit = 33554432 (custom)
2019-09-24 22:56:56,844 [pool-67-thread-1] INFO  server.RaftServerConfigKeys (ConfUtils.java:logGet(43)) - raft.server.log.segment.size.max = 1048576 (custom)
2019-09-24 22:56:56,844 [pool-67-thread-1] INFO  server.RaftServerConfigKeys (ConfUtils.java:logGet(43)) - raft.server.log.segment.cache.num.max = 2 (custom)
2019-09-24 22:56:56,844 [pool-67-thread-1] INFO  segmented.SegmentedRaftLogWorker (SegmentedRaftLogWorker.java:<init>(172)) - new 16bf6e05-f81a-41e5-883a-89e111b126fe@group-38DEA3A6EBE6-SegmentedRaftLogWorker for RaftStorage:Storage Directory /workdir/hadoop-ozone/integration-test/target/test-dir/MiniOzoneClusterImpl-5f7a597a-7e5e-4415-9205-5cad3600d18e/datanode-4/data/ratis/3f9d956d-2375-4959-a539-38dea3a6ebe6
2019-09-24 22:56:56,847 [pool-67-thread-1] INFO  server.RaftServerConfigKeys (ConfUtils.java:logGet(43)) - raft.server.log.queue.byte-limit = 2147483647 (custom)
2019-09-24 22:56:56,848 [pool-67-thread-1] INFO  server.RaftServerConfigKeys (ConfUtils.java:logGet(43)) - raft.server.log.queue.element-limit = 1024 (custom)
2019-09-24 22:56:56,848 [pool-67-thread-1] INFO  server.RaftServerConfigKeys (ConfUtils.java:logGet(43)) - raft.server.log.segment.size.max = 1048576 (custom)
2019-09-24 22:56:56,848 [pool-67-thread-1] INFO  server.RaftServerConfigKeys (ConfUtils.java:logGet(43)) - raft.server.log.preallocated.size = 16384 (custom)
2019-09-24 22:56:56,848 [pool-67-thread-1] INFO  server.RaftServerConfigKeys (ConfUtils.java:logGet(43)) - raft.server.log.write.buffer.size = 33554432 (custom)
2019-09-24 22:56:56,848 [pool-67-thread-1] INFO  server.RaftServerConfigKeys (ConfUtils.java:logGet(43)) - raft.server.log.force.sync.num = 128 (default)
2019-09-24 22:56:56,848 [pool-67-thread-1] INFO  server.RaftServerConfigKeys (ConfUtils.java:logGet(43)) - raft.server.log.statemachine.data.sync = true (default)
2019-09-24 22:56:56,848 [pool-67-thread-1] INFO  server.RaftServerConfigKeys (ConfUtils.java:logGet(43)) - raft.server.log.statemachine.data.sync.timeout = 10s (default)
2019-09-24 22:56:56,848 [pool-67-thread-1] INFO  server.RaftServerConfigKeys (ConfUtils.java:logGet(43)) - raft.server.log.statemachine.data.sync.timeout.retry = -1 (default)
2019-09-24 22:56:56,849 [pool-67-thread-1] INFO  server.RaftServerConfigKeys (ConfUtils.java:logGet(43)) - raft.server.log.statemachine.data.caching.enabled = true (custom)
2019-09-24 22:56:56,849 [pool-67-thread-1] INFO  segmented.SegmentedRaftLogWorker (SegmentedRaftLogWorker.java:lambda$new$0(132)) - 16bf6e05-f81a-41e5-883a-89e111b126fe@group-38DEA3A6EBE6-SegmentedRaftLogWorker: flushIndex: setUnconditionally 0 -> -1
2019-09-24 22:56:56,849 [pool-67-thread-1] INFO  server.RaftServerConfigKeys (ConfUtils.java:logGet(43)) - raft.server.snapshot.auto.trigger.enabled = true (custom)
2019-09-24 22:56:56,849 [pool-67-thread-1] INFO  server.RaftServerConfigKeys (ConfUtils.java:logGet(43)) - raft.server.snapshot.auto.trigger.threshold = 10000 (custom)
2019-09-24 22:56:56,849 [pool-67-thread-1] INFO  server.RaftServerConfigKeys (ConfUtils.java:logGet(43)) - raft.server.snapshot.retention.num.files = 5 (custom)
2019-09-24 22:56:56,850 [pool-67-thread-1] INFO  server.RaftServerConfigKeys (ConfUtils.java:logGet(43)) - raft.server.retrycache.expirytime = 600000ms (custom)
2019-09-24 22:56:56,853 [pool-67-thread-1] INFO  impl.RaftServerImpl (RaftServerImpl.java:start(185)) - 16bf6e05-f81a-41e5-883a-89e111b126fe@group-38DEA3A6EBE6: start as a follower, conf=-1: [16bf6e05-f81a-41e5-883a-89e111b126fe:192.168.151.66:37026], old=null
2019-09-24 22:56:56,854 [pool-67-thread-1] INFO  impl.RaftServerImpl (RaftServerImpl.java:setRole(174)) - 16bf6e05-f81a-41e5-883a-89e111b126fe@group-38DEA3A6EBE6: changes role from      null to FOLLOWER at term 0 for startAsFollower
2019-09-24 22:56:56,854 [pool-67-thread-1] INFO  impl.RoleInfo (RoleInfo.java:updateAndGet(143)) - 16bf6e05-f81a-41e5-883a-89e111b126fe: start FollowerState
2019-09-24 22:56:56,855 [pool-67-thread-1] INFO  util.JmxRegister (JmxRegister.java:tryRegister(44)) - Successfully registered JMX Bean with object name Ratis:service=RaftServer,group=group-38DEA3A6EBE6,id=16bf6e05-f81a-41e5-883a-89e111b126fe
2019-09-24 22:56:56,874 [RatisPipelineUtilsThread] INFO  pipeline.PipelineStateManager (PipelineStateManager.java:addPipeline(56)) - Created pipeline Pipeline[ Id: 3f9d956d-2375-4959-a539-38dea3a6ebe6, Nodes: 16bf6e05-f81a-41e5-883a-89e111b126fe{ip: 192.168.151.66, host: pr-hdds-2162-v2v4x-1150571016, networkLocation: /default-rack, certSerialId: null}, Type:RATIS, Factor:ONE, State:OPEN]
2019-09-24 22:56:56,891 [grpc-default-executor-0] INFO  impl.RaftServerProxy (RaftServerProxy.java:addNew(89)) - d39139c5-5210-4708-b66c-2240b4ead968: addNew group-79E1C23EB3E7:[d39139c5-5210-4708-b66c-2240b4ead968:192.168.151.66:40063] returns group-79E1C23EB3E7:java.util.concurrent.CompletableFuture@1d0c10bc[Not completed]
2019-09-24 22:56:56,893 [pool-87-thread-1] INFO  impl.RaftServerImpl (RaftServerImpl.java:<init>(95)) - d39139c5-5210-4708-b66c-2240b4ead968: new RaftServerImpl for group-79E1C23EB3E7:[d39139c5-5210-4708-b66c-2240b4ead968:192.168.151.66:40063] with ContainerStateMachine:uninitialized
2019-09-24 22:56:56,893 [pool-87-thread-1] INFO  server.RaftServerConfigKeys (ConfUtils.java:logGet(43)) - raft.server.rpc.timeout.min = 1s (custom)
2019-09-24 22:56:56,893 [pool-87-thread-1] INFO  server.RaftServerConfigKeys (ConfUtils.java:logGet(43)) - raft.server.rpc.timeout.max = 1200ms (custom)
2019-09-24 22:56:56,893 [pool-87-thread-1] INFO  server.RaftServerConfigKeys (ConfUtils.java:logGet(43)) - raft.server.rpcslowness.timeout = 120s (custom)
2019-09-24 22:56:56,893 [pool-87-thread-1] INFO  server.RaftServerConfigKeys (ConfUtils.java:logGet(43)) - raft.server.sleep.deviation.threshold = 300 (default)
2019-09-24 22:56:56,893 [pool-87-thread-1] INFO  server.RaftServerConfigKeys (ConfUtils.java:logGet(43)) - raft.server.log.appender.install.snapshot.enabled = false (custom)
2019-09-24 22:56:56,893 [pool-87-thread-1] INFO  impl.RaftServerImpl (ServerState.java:<init>(103)) - d39139c5-5210-4708-b66c-2240b4ead968@group-79E1C23EB3E7: ConfigurationManager, init=-1: [d39139c5-5210-4708-b66c-2240b4ead968:192.168.151.66:40063], old=null, confs=<EMPTY_MAP>
2019-09-24 22:56:56,893 [pool-87-thread-1] INFO  server.RaftServerConfigKeys (ConfUtils.java:logGet(43)) - raft.server.storage.dir = [/workdir/hadoop-ozone/integration-test/target/test-dir/MiniOzoneClusterImpl-5f7a597a-7e5e-4415-9205-5cad3600d18e/datanode-6/data/ratis] (custom)
2019-09-24 22:56:56,894 [pool-87-thread-1] INFO  storage.RaftStorageDirectory (RaftStorageDirectory.java:analyzeStorage(246)) - The storage directory /workdir/hadoop-ozone/integration-test/target/test-dir/MiniOzoneClusterImpl-5f7a597a-7e5e-4415-9205-5cad3600d18e/datanode-6/data/ratis/b45eea6d-1fa6-4d03-8e9a-79e1c23eb3e7 does not exist. Creating ...
2019-09-24 22:56:56,908 [pool-87-thread-1] INFO  storage.RaftStorageDirectory (RaftStorageDirectory.java:tryLock(328)) - Lock on /workdir/hadoop-ozone/integration-test/target/test-dir/MiniOzoneClusterImpl-5f7a597a-7e5e-4415-9205-5cad3600d18e/datanode-6/data/ratis/b45eea6d-1fa6-4d03-8e9a-79e1c23eb3e7/in_use.lock acquired by nodename 5417@pr-hdds-2162-v2v4x-1150571016
2019-09-24 22:56:56,920 [pool-87-thread-1] INFO  storage.RaftStorage (RaftStorage.java:format(72)) - Storage directory /workdir/hadoop-ozone/integration-test/target/test-dir/MiniOzoneClusterImpl-5f7a597a-7e5e-4415-9205-5cad3600d18e/datanode-6/data/ratis/b45eea6d-1fa6-4d03-8e9a-79e1c23eb3e7 has been successfully formatted.
2019-09-24 22:56:56,921 [pool-87-thread-1] INFO  ratis.ContainerStateMachine (ContainerStateMachine.java:loadSnapshot(230)) - group-79E1C23EB3E7: The snapshot info is null. Setting the last applied indexto:(t:0, i:~)
2019-09-24 22:56:56,921 [pool-87-thread-1] INFO  server.RaftServerConfigKeys (ConfUtils.java:logGet(43)) - raft.server.notification.no-leader.timeout = 120s (custom)
2019-09-24 22:56:56,921 [pool-87-thread-1] INFO  server.RaftServerConfigKeys (ConfUtils.java:logGet(43)) - raft.server.log.use.memory = false (default)
2019-09-24 22:56:56,921 [pool-87-thread-1] INFO  server.RaftServerConfigKeys (ConfUtils.java:logGet(43)) - raft.server.log.purge.gap = 1000000 (custom)
2019-09-24 22:56:56,921 [pool-87-thread-1] INFO  server.RaftServerConfigKeys (ConfUtils.java:logGet(43)) - raft.server.log.appender.buffer.byte-limit = 33554432 (custom)
2019-09-24 22:56:56,921 [pool-87-thread-1] INFO  server.RaftServerConfigKeys (ConfUtils.java:logGet(43)) - raft.server.log.segment.size.max = 1048576 (custom)
2019-09-24 22:56:56,922 [pool-87-thread-1] INFO  server.RaftServerConfigKeys (ConfUtils.java:logGet(43)) - raft.server.log.segment.cache.num.max = 2 (custom)
2019-09-24 22:56:56,922 [pool-87-thread-1] INFO  segmented.SegmentedRaftLogWorker (SegmentedRaftLogWorker.java:<init>(172)) - new d39139c5-5210-4708-b66c-2240b4ead968@group-79E1C23EB3E7-SegmentedRaftLogWorker for RaftStorage:Storage Directory /workdir/hadoop-ozone/integration-test/target/test-dir/MiniOzoneClusterImpl-5f7a597a-7e5e-4415-9205-5cad3600d18e/datanode-6/data/ratis/b45eea6d-1fa6-4d03-8e9a-79e1c23eb3e7
2019-09-24 22:56:56,925 [pool-87-thread-1] INFO  server.RaftServerConfigKeys (ConfUtils.java:logGet(43)) - raft.server.log.queue.byte-limit = 2147483647 (custom)
2019-09-24 22:56:56,925 [pool-87-thread-1] INFO  server.RaftServerConfigKeys (ConfUtils.java:logGet(43)) - raft.server.log.queue.element-limit = 1024 (custom)
2019-09-24 22:56:56,925 [pool-87-thread-1] INFO  server.RaftServerConfigKeys (ConfUtils.java:logGet(43)) - raft.server.log.segment.size.max = 1048576 (custom)
2019-09-24 22:56:56,925 [pool-87-thread-1] INFO  server.RaftServerConfigKeys (ConfUtils.java:logGet(43)) - raft.server.log.preallocated.size = 16384 (custom)
2019-09-24 22:56:56,926 [pool-87-thread-1] INFO  server.RaftServerConfigKeys (ConfUtils.java:logGet(43)) - raft.server.log.write.buffer.size = 33554432 (custom)
2019-09-24 22:56:56,926 [pool-87-thread-1] INFO  server.RaftServerConfigKeys (ConfUtils.java:logGet(43)) - raft.server.log.force.sync.num = 128 (default)
2019-09-24 22:56:56,926 [pool-87-thread-1] INFO  server.RaftServerConfigKeys (ConfUtils.java:logGet(43)) - raft.server.log.statemachine.data.sync = true (default)
2019-09-24 22:56:56,926 [pool-87-thread-1] INFO  server.RaftServerConfigKeys (ConfUtils.java:logGet(43)) - raft.server.log.statemachine.data.sync.timeout = 10s (default)
2019-09-24 22:56:56,926 [pool-87-thread-1] INFO  server.RaftServerConfigKeys (ConfUtils.java:logGet(43)) - raft.server.log.statemachine.data.sync.timeout.retry = -1 (default)
2019-09-24 22:56:56,926 [pool-87-thread-1] INFO  server.RaftServerConfigKeys (ConfUtils.java:logGet(43)) - raft.server.log.statemachine.data.caching.enabled = true (custom)
2019-09-24 22:56:56,926 [pool-87-thread-1] INFO  segmented.SegmentedRaftLogWorker (SegmentedRaftLogWorker.java:lambda$new$0(132)) - d39139c5-5210-4708-b66c-2240b4ead968@group-79E1C23EB3E7-SegmentedRaftLogWorker: flushIndex: setUnconditionally 0 -> -1
2019-09-24 22:56:56,927 [pool-87-thread-1] INFO  server.RaftServerConfigKeys (ConfUtils.java:logGet(43)) - raft.server.snapshot.auto.trigger.enabled = true (custom)
2019-09-24 22:56:56,927 [pool-87-thread-1] INFO  server.RaftServerConfigKeys (ConfUtils.java:logGet(43)) - raft.server.snapshot.auto.trigger.threshold = 10000 (custom)
2019-09-24 22:56:56,927 [pool-87-thread-1] INFO  server.RaftServerConfigKeys (ConfUtils.java:logGet(43)) - raft.server.snapshot.retention.num.files = 5 (custom)
2019-09-24 22:56:56,927 [pool-87-thread-1] INFO  server.RaftServerConfigKeys (ConfUtils.java:logGet(43)) - raft.server.retrycache.expirytime = 600000ms (custom)
2019-09-24 22:56:56,931 [pool-87-thread-1] INFO  impl.RaftServerImpl (RaftServerImpl.java:start(185)) - d39139c5-5210-4708-b66c-2240b4ead968@group-79E1C23EB3E7: start as a follower, conf=-1: [d39139c5-5210-4708-b66c-2240b4ead968:192.168.151.66:40063], old=null
2019-09-24 22:56:56,931 [pool-87-thread-1] INFO  impl.RaftServerImpl (RaftServerImpl.java:setRole(174)) - d39139c5-5210-4708-b66c-2240b4ead968@group-79E1C23EB3E7: changes role from      null to FOLLOWER at term 0 for startAsFollower
2019-09-24 22:56:56,931 [pool-87-thread-1] INFO  impl.RoleInfo (RoleInfo.java:updateAndGet(143)) - d39139c5-5210-4708-b66c-2240b4ead968: start FollowerState
2019-09-24 22:56:56,931 [pool-87-thread-1] INFO  util.JmxRegister (JmxRegister.java:tryRegister(44)) - Successfully registered JMX Bean with object name Ratis:service=RaftServer,group=group-79E1C23EB3E7,id=d39139c5-5210-4708-b66c-2240b4ead968
2019-09-24 22:56:56,949 [RatisPipelineUtilsThread] INFO  pipeline.PipelineStateManager (PipelineStateManager.java:addPipeline(56)) - Created pipeline Pipeline[ Id: b45eea6d-1fa6-4d03-8e9a-79e1c23eb3e7, Nodes: d39139c5-5210-4708-b66c-2240b4ead968{ip: 192.168.151.66, host: pr-hdds-2162-v2v4x-1150571016, networkLocation: /default-rack, certSerialId: null}, Type:RATIS, Factor:ONE, State:OPEN]
2019-09-24 22:56:56,968 [grpc-default-executor-0] INFO  impl.RaftServerProxy (RaftServerProxy.java:addNew(89)) - dbd80091-9753-44ad-af4d-a1b4cb46f81c: addNew group-00715C1BA6DD:[dbd80091-9753-44ad-af4d-a1b4cb46f81c:192.168.151.66:34381] returns group-00715C1BA6DD:java.util.concurrent.CompletableFuture@5e9220b4[Not completed]
2019-09-24 22:56:56,971 [pool-117-thread-1] INFO  impl.RaftServerImpl (RaftServerImpl.java:<init>(95)) - dbd80091-9753-44ad-af4d-a1b4cb46f81c: new RaftServerImpl for group-00715C1BA6DD:[dbd80091-9753-44ad-af4d-a1b4cb46f81c:192.168.151.66:34381] with ContainerStateMachine:uninitialized
2019-09-24 22:56:56,972 [pool-117-thread-1] INFO  server.RaftServerConfigKeys (ConfUtils.java:logGet(43)) - raft.server.rpc.timeout.min = 1s (custom)
2019-09-24 22:56:56,972 [pool-117-thread-1] INFO  server.RaftServerConfigKeys (ConfUtils.java:logGet(43)) - raft.server.rpc.timeout.max = 1200ms (custom)
2019-09-24 22:56:56,972 [pool-117-thread-1] INFO  server.RaftServerConfigKeys (ConfUtils.java:logGet(43)) - raft.server.rpcslowness.timeout = 120s (custom)
2019-09-24 22:56:56,972 [pool-117-thread-1] INFO  server.RaftServerConfigKeys (ConfUtils.java:logGet(43)) - raft.server.sleep.deviation.threshold = 300 (default)
2019-09-24 22:56:56,972 [pool-117-thread-1] INFO  server.RaftServerConfigKeys (ConfUtils.java:logGet(43)) - raft.server.log.appender.install.snapshot.enabled = false (custom)
2019-09-24 22:56:56,972 [pool-117-thread-1] INFO  impl.RaftServerImpl (ServerState.java:<init>(103)) - dbd80091-9753-44ad-af4d-a1b4cb46f81c@group-00715C1BA6DD: ConfigurationManager, init=-1: [dbd80091-9753-44ad-af4d-a1b4cb46f81c:192.168.151.66:34381], old=null, confs=<EMPTY_MAP>
2019-09-24 22:56:56,972 [pool-117-thread-1] INFO  server.RaftServerConfigKeys (ConfUtils.java:logGet(43)) - raft.server.storage.dir = [/workdir/hadoop-ozone/integration-test/target/test-dir/MiniOzoneClusterImpl-5f7a597a-7e5e-4415-9205-5cad3600d18e/datanode-9/data/ratis] (custom)
2019-09-24 22:56:56,973 [pool-117-thread-1] INFO  storage.RaftStorageDirectory (RaftStorageDirectory.java:analyzeStorage(246)) - The storage directory /workdir/hadoop-ozone/integration-test/target/test-dir/MiniOzoneClusterImpl-5f7a597a-7e5e-4415-9205-5cad3600d18e/datanode-9/data/ratis/24219868-5440-4198-b506-00715c1ba6dd does not exist. Creating ...
2019-09-24 22:56:56,985 [pool-117-thread-1] INFO  storage.RaftStorageDirectory (RaftStorageDirectory.java:tryLock(328)) - Lock on /workdir/hadoop-ozone/integration-test/target/test-dir/MiniOzoneClusterImpl-5f7a597a-7e5e-4415-9205-5cad3600d18e/datanode-9/data/ratis/24219868-5440-4198-b506-00715c1ba6dd/in_use.lock acquired by nodename 5417@pr-hdds-2162-v2v4x-1150571016
2019-09-24 22:56:56,998 [pool-117-thread-1] INFO  storage.RaftStorage (RaftStorage.java:format(72)) - Storage directory /workdir/hadoop-ozone/integration-test/target/test-dir/MiniOzoneClusterImpl-5f7a597a-7e5e-4415-9205-5cad3600d18e/datanode-9/data/ratis/24219868-5440-4198-b506-00715c1ba6dd has been successfully formatted.
2019-09-24 22:56:56,998 [pool-117-thread-1] INFO  ratis.ContainerStateMachine (ContainerStateMachine.java:loadSnapshot(230)) - group-00715C1BA6DD: The snapshot info is null. Setting the last applied indexto:(t:0, i:~)
2019-09-24 22:56:56,998 [pool-117-thread-1] INFO  server.RaftServerConfigKeys (ConfUtils.java:logGet(43)) - raft.server.notification.no-leader.timeout = 120s (custom)
2019-09-24 22:56:56,998 [pool-117-thread-1] INFO  server.RaftServerConfigKeys (ConfUtils.java:logGet(43)) - raft.server.log.use.memory = false (default)
2019-09-24 22:56:56,998 [pool-117-thread-1] INFO  server.RaftServerConfigKeys (ConfUtils.java:logGet(43)) - raft.server.log.purge.gap = 1000000 (custom)
2019-09-24 22:56:56,998 [pool-117-thread-1] INFO  server.RaftServerConfigKeys (ConfUtils.java:logGet(43)) - raft.server.log.appender.buffer.byte-limit = 33554432 (custom)
2019-09-24 22:56:56,999 [pool-117-thread-1] INFO  server.RaftServerConfigKeys (ConfUtils.java:logGet(43)) - raft.server.log.segment.size.max = 1048576 (custom)
2019-09-24 22:56:56,999 [pool-117-thread-1] INFO  server.RaftServerConfigKeys (ConfUtils.java:logGet(43)) - raft.server.log.segment.cache.num.max = 2 (custom)
2019-09-24 22:56:56,999 [pool-117-thread-1] INFO  segmented.SegmentedRaftLogWorker (SegmentedRaftLogWorker.java:<init>(172)) - new dbd80091-9753-44ad-af4d-a1b4cb46f81c@group-00715C1BA6DD-SegmentedRaftLogWorker for RaftStorage:Storage Directory /workdir/hadoop-ozone/integration-test/target/test-dir/MiniOzoneClusterImpl-5f7a597a-7e5e-4415-9205-5cad3600d18e/datanode-9/data/ratis/24219868-5440-4198-b506-00715c1ba6dd
2019-09-24 22:56:57,002 [pool-117-thread-1] INFO  server.RaftServerConfigKeys (ConfUtils.java:logGet(43)) - raft.server.log.queue.byte-limit = 2147483647 (custom)
2019-09-24 22:56:57,002 [pool-117-thread-1] INFO  server.RaftServerConfigKeys (ConfUtils.java:logGet(43)) - raft.server.log.queue.element-limit = 1024 (custom)
2019-09-24 22:56:57,002 [pool-117-thread-1] INFO  server.RaftServerConfigKeys (ConfUtils.java:logGet(43)) - raft.server.log.segment.size.max = 1048576 (custom)
2019-09-24 22:56:57,002 [pool-117-thread-1] INFO  server.RaftServerConfigKeys (ConfUtils.java:logGet(43)) - raft.server.log.preallocated.size = 16384 (custom)
2019-09-24 22:56:57,002 [pool-117-thread-1] INFO  server.RaftServerConfigKeys (ConfUtils.java:logGet(43)) - raft.server.log.write.buffer.size = 33554432 (custom)
2019-09-24 22:56:57,003 [pool-117-thread-1] INFO  server.RaftServerConfigKeys (ConfUtils.java:logGet(43)) - raft.server.log.force.sync.num = 128 (default)
2019-09-24 22:56:57,003 [pool-117-thread-1] INFO  server.RaftServerConfigKeys (ConfUtils.java:logGet(43)) - raft.server.log.statemachine.data.sync = true (default)
2019-09-24 22:56:57,003 [pool-117-thread-1] INFO  server.RaftServerConfigKeys (ConfUtils.java:logGet(43)) - raft.server.log.statemachine.data.sync.timeout = 10s (default)
2019-09-24 22:56:57,003 [pool-117-thread-1] INFO  server.RaftServerConfigKeys (ConfUtils.java:logGet(43)) - raft.server.log.statemachine.data.sync.timeout.retry = -1 (default)
2019-09-24 22:56:57,003 [pool-117-thread-1] INFO  server.RaftServerConfigKeys (ConfUtils.java:logGet(43)) - raft.server.log.statemachine.data.caching.enabled = true (custom)
2019-09-24 22:56:57,004 [pool-117-thread-1] INFO  segmented.SegmentedRaftLogWorker (SegmentedRaftLogWorker.java:lambda$new$0(132)) - dbd80091-9753-44ad-af4d-a1b4cb46f81c@group-00715C1BA6DD-SegmentedRaftLogWorker: flushIndex: setUnconditionally 0 -> -1
2019-09-24 22:56:57,004 [pool-117-thread-1] INFO  server.RaftServerConfigKeys (ConfUtils.java:logGet(43)) - raft.server.snapshot.auto.trigger.enabled = true (custom)
2019-09-24 22:56:57,004 [pool-117-thread-1] INFO  server.RaftServerConfigKeys (ConfUtils.java:logGet(43)) - raft.server.snapshot.auto.trigger.threshold = 10000 (custom)
2019-09-24 22:56:57,004 [pool-117-thread-1] INFO  server.RaftServerConfigKeys (ConfUtils.java:logGet(43)) - raft.server.snapshot.retention.num.files = 5 (custom)
2019-09-24 22:56:57,004 [pool-117-thread-1] INFO  server.RaftServerConfigKeys (ConfUtils.java:logGet(43)) - raft.server.retrycache.expirytime = 600000ms (custom)
2019-09-24 22:56:57,007 [pool-117-thread-1] INFO  impl.RaftServerImpl (RaftServerImpl.java:start(185)) - dbd80091-9753-44ad-af4d-a1b4cb46f81c@group-00715C1BA6DD: start as a follower, conf=-1: [dbd80091-9753-44ad-af4d-a1b4cb46f81c:192.168.151.66:34381], old=null
2019-09-24 22:56:57,007 [pool-117-thread-1] INFO  impl.RaftServerImpl (RaftServerImpl.java:setRole(174)) - dbd80091-9753-44ad-af4d-a1b4cb46f81c@group-00715C1BA6DD: changes role from      null to FOLLOWER at term 0 for startAsFollower
2019-09-24 22:56:57,007 [pool-117-thread-1] INFO  impl.RoleInfo (RoleInfo.java:updateAndGet(143)) - dbd80091-9753-44ad-af4d-a1b4cb46f81c: start FollowerState
2019-09-24 22:56:57,008 [pool-117-thread-1] INFO  util.JmxRegister (JmxRegister.java:tryRegister(44)) - Successfully registered JMX Bean with object name Ratis:service=RaftServer,group=group-00715C1BA6DD,id=dbd80091-9753-44ad-af4d-a1b4cb46f81c
2019-09-24 22:56:57,024 [RatisPipelineUtilsThread] INFO  pipeline.PipelineStateManager (PipelineStateManager.java:addPipeline(56)) - Created pipeline Pipeline[ Id: 24219868-5440-4198-b506-00715c1ba6dd, Nodes: dbd80091-9753-44ad-af4d-a1b4cb46f81c{ip: 192.168.151.66, host: pr-hdds-2162-v2v4x-1150571016, networkLocation: /default-rack, certSerialId: null}, Type:RATIS, Factor:ONE, State:OPEN]
2019-09-24 22:56:57,044 [grpc-default-executor-0] INFO  impl.RaftServerProxy (RaftServerProxy.java:addNew(89)) - 2eb382c8-b0ed-4536-b55b-1910907e8973: addNew group-913E2DCA0CE4:[2eb382c8-b0ed-4536-b55b-1910907e8973:192.168.151.66:39663] returns group-913E2DCA0CE4:java.util.concurrent.CompletableFuture@522a1725[Not completed]
2019-09-24 22:56:57,045 [pool-97-thread-1] INFO  impl.RaftServerImpl (RaftServerImpl.java:<init>(95)) - 2eb382c8-b0ed-4536-b55b-1910907e8973: new RaftServerImpl for group-913E2DCA0CE4:[2eb382c8-b0ed-4536-b55b-1910907e8973:192.168.151.66:39663] with ContainerStateMachine:uninitialized
2019-09-24 22:56:57,045 [pool-97-thread-1] INFO  server.RaftServerConfigKeys (ConfUtils.java:logGet(43)) - raft.server.rpc.timeout.min = 1s (custom)
2019-09-24 22:56:57,046 [pool-97-thread-1] INFO  server.RaftServerConfigKeys (ConfUtils.java:logGet(43)) - raft.server.rpc.timeout.max = 1200ms (custom)
2019-09-24 22:56:57,046 [pool-97-thread-1] INFO  server.RaftServerConfigKeys (ConfUtils.java:logGet(43)) - raft.server.rpcslowness.timeout = 120s (custom)
2019-09-24 22:56:57,046 [pool-97-thread-1] INFO  server.RaftServerConfigKeys (ConfUtils.java:logGet(43)) - raft.server.sleep.deviation.threshold = 300 (default)
2019-09-24 22:56:57,046 [pool-97-thread-1] INFO  server.RaftServerConfigKeys (ConfUtils.java:logGet(43)) - raft.server.log.appender.install.snapshot.enabled = false (custom)
2019-09-24 22:56:57,046 [pool-97-thread-1] INFO  impl.RaftServerImpl (ServerState.java:<init>(103)) - 2eb382c8-b0ed-4536-b55b-1910907e8973@group-913E2DCA0CE4: ConfigurationManager, init=-1: [2eb382c8-b0ed-4536-b55b-1910907e8973:192.168.151.66:39663], old=null, confs=<EMPTY_MAP>
2019-09-24 22:56:57,046 [pool-97-thread-1] INFO  server.RaftServerConfigKeys (ConfUtils.java:logGet(43)) - raft.server.storage.dir = [/workdir/hadoop-ozone/integration-test/target/test-dir/MiniOzoneClusterImpl-5f7a597a-7e5e-4415-9205-5cad3600d18e/datanode-7/data/ratis] (custom)
2019-09-24 22:56:57,047 [pool-97-thread-1] INFO  storage.RaftStorageDirectory (RaftStorageDirectory.java:analyzeStorage(246)) - The storage directory /workdir/hadoop-ozone/integration-test/target/test-dir/MiniOzoneClusterImpl-5f7a597a-7e5e-4415-9205-5cad3600d18e/datanode-7/data/ratis/b5f1d472-35bd-4d2f-bea4-913e2dca0ce4 does not exist. Creating ...
2019-09-24 22:56:57,059 [pool-97-thread-1] INFO  storage.RaftStorageDirectory (RaftStorageDirectory.java:tryLock(328)) - Lock on /workdir/hadoop-ozone/integration-test/target/test-dir/MiniOzoneClusterImpl-5f7a597a-7e5e-4415-9205-5cad3600d18e/datanode-7/data/ratis/b5f1d472-35bd-4d2f-bea4-913e2dca0ce4/in_use.lock acquired by nodename 5417@pr-hdds-2162-v2v4x-1150571016
2019-09-24 22:56:57,072 [pool-97-thread-1] INFO  storage.RaftStorage (RaftStorage.java:format(72)) - Storage directory /workdir/hadoop-ozone/integration-test/target/test-dir/MiniOzoneClusterImpl-5f7a597a-7e5e-4415-9205-5cad3600d18e/datanode-7/data/ratis/b5f1d472-35bd-4d2f-bea4-913e2dca0ce4 has been successfully formatted.
2019-09-24 22:56:57,072 [pool-97-thread-1] INFO  ratis.ContainerStateMachine (ContainerStateMachine.java:loadSnapshot(230)) - group-913E2DCA0CE4: The snapshot info is null. Setting the last applied indexto:(t:0, i:~)
2019-09-24 22:56:57,073 [pool-97-thread-1] INFO  server.RaftServerConfigKeys (ConfUtils.java:logGet(43)) - raft.server.notification.no-leader.timeout = 120s (custom)
2019-09-24 22:56:57,073 [pool-97-thread-1] INFO  server.RaftServerConfigKeys (ConfUtils.java:logGet(43)) - raft.server.log.use.memory = false (default)
2019-09-24 22:56:57,073 [pool-97-thread-1] INFO  server.RaftServerConfigKeys (ConfUtils.java:logGet(43)) - raft.server.log.purge.gap = 1000000 (custom)
2019-09-24 22:56:57,073 [pool-97-thread-1] INFO  server.RaftServerConfigKeys (ConfUtils.java:logGet(43)) - raft.server.log.appender.buffer.byte-limit = 33554432 (custom)
2019-09-24 22:56:57,073 [pool-97-thread-1] INFO  server.RaftServerConfigKeys (ConfUtils.java:logGet(43)) - raft.server.log.segment.size.max = 1048576 (custom)
2019-09-24 22:56:57,073 [pool-97-thread-1] INFO  server.RaftServerConfigKeys (ConfUtils.java:logGet(43)) - raft.server.log.segment.cache.num.max = 2 (custom)
2019-09-24 22:56:57,073 [pool-97-thread-1] INFO  segmented.SegmentedRaftLogWorker (SegmentedRaftLogWorker.java:<init>(172)) - new 2eb382c8-b0ed-4536-b55b-1910907e8973@group-913E2DCA0CE4-SegmentedRaftLogWorker for RaftStorage:Storage Directory /workdir/hadoop-ozone/integration-test/target/test-dir/MiniOzoneClusterImpl-5f7a597a-7e5e-4415-9205-5cad3600d18e/datanode-7/data/ratis/b5f1d472-35bd-4d2f-bea4-913e2dca0ce4
2019-09-24 22:56:57,076 [pool-97-thread-1] INFO  server.RaftServerConfigKeys (ConfUtils.java:logGet(43)) - raft.server.log.queue.byte-limit = 2147483647 (custom)
2019-09-24 22:56:57,076 [pool-97-thread-1] INFO  server.RaftServerConfigKeys (ConfUtils.java:logGet(43)) - raft.server.log.queue.element-limit = 1024 (custom)
2019-09-24 22:56:57,077 [pool-97-thread-1] INFO  server.RaftServerConfigKeys (ConfUtils.java:logGet(43)) - raft.server.log.segment.size.max = 1048576 (custom)
2019-09-24 22:56:57,077 [pool-97-thread-1] INFO  server.RaftServerConfigKeys (ConfUtils.java:logGet(43)) - raft.server.log.preallocated.size = 16384 (custom)
2019-09-24 22:56:57,077 [pool-97-thread-1] INFO  server.RaftServerConfigKeys (ConfUtils.java:logGet(43)) - raft.server.log.write.buffer.size = 33554432 (custom)
2019-09-24 22:56:57,077 [pool-97-thread-1] INFO  server.RaftServerConfigKeys (ConfUtils.java:logGet(43)) - raft.server.log.force.sync.num = 128 (default)
2019-09-24 22:56:57,077 [pool-97-thread-1] INFO  server.RaftServerConfigKeys (ConfUtils.java:logGet(43)) - raft.server.log.statemachine.data.sync = true (default)
2019-09-24 22:56:57,077 [pool-97-thread-1] INFO  server.RaftServerConfigKeys (ConfUtils.java:logGet(43)) - raft.server.log.statemachine.data.sync.timeout = 10s (default)
2019-09-24 22:56:57,078 [pool-97-thread-1] INFO  server.RaftServerConfigKeys (ConfUtils.java:logGet(43)) - raft.server.log.statemachine.data.sync.timeout.retry = -1 (default)
2019-09-24 22:56:57,078 [pool-97-thread-1] INFO  server.RaftServerConfigKeys (ConfUtils.java:logGet(43)) - raft.server.log.statemachine.data.caching.enabled = true (custom)
2019-09-24 22:56:57,078 [pool-97-thread-1] INFO  segmented.SegmentedRaftLogWorker (SegmentedRaftLogWorker.java:lambda$new$0(132)) - 2eb382c8-b0ed-4536-b55b-1910907e8973@group-913E2DCA0CE4-SegmentedRaftLogWorker: flushIndex: setUnconditionally 0 -> -1
2019-09-24 22:56:57,079 [pool-97-thread-1] INFO  server.RaftServerConfigKeys (ConfUtils.java:logGet(43)) - raft.server.snapshot.auto.trigger.enabled = true (custom)
2019-09-24 22:56:57,079 [pool-97-thread-1] INFO  server.RaftServerConfigKeys (ConfUtils.java:logGet(43)) - raft.server.snapshot.auto.trigger.threshold = 10000 (custom)
2019-09-24 22:56:57,079 [pool-97-thread-1] INFO  server.RaftServerConfigKeys (ConfUtils.java:logGet(43)) - raft.server.snapshot.retention.num.files = 5 (custom)
2019-09-24 22:56:57,079 [pool-97-thread-1] INFO  server.RaftServerConfigKeys (ConfUtils.java:logGet(43)) - raft.server.retrycache.expirytime = 600000ms (custom)
2019-09-24 22:56:57,082 [pool-97-thread-1] INFO  impl.RaftServerImpl (RaftServerImpl.java:start(185)) - 2eb382c8-b0ed-4536-b55b-1910907e8973@group-913E2DCA0CE4: start as a follower, conf=-1: [2eb382c8-b0ed-4536-b55b-1910907e8973:192.168.151.66:39663], old=null
2019-09-24 22:56:57,082 [pool-97-thread-1] INFO  impl.RaftServerImpl (RaftServerImpl.java:setRole(174)) - 2eb382c8-b0ed-4536-b55b-1910907e8973@group-913E2DCA0CE4: changes role from      null to FOLLOWER at term 0 for startAsFollower
2019-09-24 22:56:57,082 [pool-97-thread-1] INFO  impl.RoleInfo (RoleInfo.java:updateAndGet(143)) - 2eb382c8-b0ed-4536-b55b-1910907e8973: start FollowerState
2019-09-24 22:56:57,083 [pool-97-thread-1] INFO  util.JmxRegister (JmxRegister.java:tryRegister(44)) - Successfully registered JMX Bean with object name Ratis:service=RaftServer,group=group-913E2DCA0CE4,id=2eb382c8-b0ed-4536-b55b-1910907e8973
2019-09-24 22:56:57,111 [RatisPipelineUtilsThread] INFO  pipeline.PipelineStateManager (PipelineStateManager.java:addPipeline(56)) - Created pipeline Pipeline[ Id: b5f1d472-35bd-4d2f-bea4-913e2dca0ce4, Nodes: 2eb382c8-b0ed-4536-b55b-1910907e8973{ip: 192.168.151.66, host: pr-hdds-2162-v2v4x-1150571016, networkLocation: /default-rack, certSerialId: null}, Type:RATIS, Factor:ONE, State:OPEN]
2019-09-24 22:56:57,128 [main] INFO  ozone.MiniOzoneClusterImpl (MiniOzoneClusterImpl.java:lambda$waitForClusterToBeReady$0(147)) - Cluster is ready. Got 10 of 10 DN Heartbeats.
2019-09-24 22:56:57,139 [grpc-default-executor-0] INFO  impl.RaftServerProxy (RaftServerProxy.java:addNew(89)) - 1b127d74-8e4f-43fe-9dad-7b769944c181: addNew group-C6698913E4C8:[1b127d74-8e4f-43fe-9dad-7b769944c181:192.168.151.66:33728] returns group-C6698913E4C8:java.util.concurrent.CompletableFuture@1da41ed3[Not completed]
2019-09-24 22:56:57,142 [pool-57-thread-1] INFO  impl.RaftServerImpl (RaftServerImpl.java:<init>(95)) - 1b127d74-8e4f-43fe-9dad-7b769944c181: new RaftServerImpl for group-C6698913E4C8:[1b127d74-8e4f-43fe-9dad-7b769944c181:192.168.151.66:33728] with ContainerStateMachine:uninitialized
2019-09-24 22:56:57,142 [pool-57-thread-1] INFO  server.RaftServerConfigKeys (ConfUtils.java:logGet(43)) - raft.server.rpc.timeout.min = 1s (custom)
2019-09-24 22:56:57,143 [pool-57-thread-1] INFO  server.RaftServerConfigKeys (ConfUtils.java:logGet(43)) - raft.server.rpc.timeout.max = 1200ms (custom)
2019-09-24 22:56:57,143 [pool-57-thread-1] INFO  server.RaftServerConfigKeys (ConfUtils.java:logGet(43)) - raft.server.rpcslowness.timeout = 120s (custom)
2019-09-24 22:56:57,143 [pool-57-thread-1] INFO  server.RaftServerConfigKeys (ConfUtils.java:logGet(43)) - raft.server.sleep.deviation.threshold = 300 (default)
2019-09-24 22:56:57,143 [pool-57-thread-1] INFO  server.RaftServerConfigKeys (ConfUtils.java:logGet(43)) - raft.server.log.appender.install.snapshot.enabled = false (custom)
2019-09-24 22:56:57,143 [pool-57-thread-1] INFO  impl.RaftServerImpl (ServerState.java:<init>(103)) - 1b127d74-8e4f-43fe-9dad-7b769944c181@group-C6698913E4C8: ConfigurationManager, init=-1: [1b127d74-8e4f-43fe-9dad-7b769944c181:192.168.151.66:33728], old=null, confs=<EMPTY_MAP>
2019-09-24 22:56:57,144 [pool-57-thread-1] INFO  server.RaftServerConfigKeys (ConfUtils.java:logGet(43)) - raft.server.storage.dir = [/workdir/hadoop-ozone/integration-test/target/test-dir/MiniOzoneClusterImpl-5f7a597a-7e5e-4415-9205-5cad3600d18e/datanode-3/data/ratis] (custom)
2019-09-24 22:56:57,144 [pool-57-thread-1] INFO  storage.RaftStorageDirectory (RaftStorageDirectory.java:analyzeStorage(246)) - The storage directory /workdir/hadoop-ozone/integration-test/target/test-dir/MiniOzoneClusterImpl-5f7a597a-7e5e-4415-9205-5cad3600d18e/datanode-3/data/ratis/51f5cc2d-1a29-4617-802f-c6698913e4c8 does not exist. Creating ...
2019-09-24 22:56:57,157 [pool-57-thread-1] INFO  storage.RaftStorageDirectory (RaftStorageDirectory.java:tryLock(328)) - Lock on /workdir/hadoop-ozone/integration-test/target/test-dir/MiniOzoneClusterImpl-5f7a597a-7e5e-4415-9205-5cad3600d18e/datanode-3/data/ratis/51f5cc2d-1a29-4617-802f-c6698913e4c8/in_use.lock acquired by nodename 5417@pr-hdds-2162-v2v4x-1150571016
2019-09-24 22:56:57,170 [pool-57-thread-1] INFO  storage.RaftStorage (RaftStorage.java:format(72)) - Storage directory /workdir/hadoop-ozone/integration-test/target/test-dir/MiniOzoneClusterImpl-5f7a597a-7e5e-4415-9205-5cad3600d18e/datanode-3/data/ratis/51f5cc2d-1a29-4617-802f-c6698913e4c8 has been successfully formatted.
2019-09-24 22:56:57,170 [pool-57-thread-1] INFO  ratis.ContainerStateMachine (ContainerStateMachine.java:loadSnapshot(230)) - group-C6698913E4C8: The snapshot info is null. Setting the last applied indexto:(t:0, i:~)
2019-09-24 22:56:57,171 [pool-57-thread-1] INFO  server.RaftServerConfigKeys (ConfUtils.java:logGet(43)) - raft.server.notification.no-leader.timeout = 120s (custom)
2019-09-24 22:56:57,171 [pool-57-thread-1] INFO  server.RaftServerConfigKeys (ConfUtils.java:logGet(43)) - raft.server.log.use.memory = false (default)
2019-09-24 22:56:57,171 [pool-57-thread-1] INFO  server.RaftServerConfigKeys (ConfUtils.java:logGet(43)) - raft.server.log.purge.gap = 1000000 (custom)
2019-09-24 22:56:57,171 [pool-57-thread-1] INFO  server.RaftServerConfigKeys (ConfUtils.java:logGet(43)) - raft.server.log.appender.buffer.byte-limit = 33554432 (custom)
2019-09-24 22:56:57,171 [pool-57-thread-1] INFO  server.RaftServerConfigKeys (ConfUtils.java:logGet(43)) - raft.server.log.segment.size.max = 1048576 (custom)
2019-09-24 22:56:57,171 [pool-57-thread-1] INFO  server.RaftServerConfigKeys (ConfUtils.java:logGet(43)) - raft.server.log.segment.cache.num.max = 2 (custom)
2019-09-24 22:56:57,172 [pool-57-thread-1] INFO  segmented.SegmentedRaftLogWorker (SegmentedRaftLogWorker.java:<init>(172)) - new 1b127d74-8e4f-43fe-9dad-7b769944c181@group-C6698913E4C8-SegmentedRaftLogWorker for RaftStorage:Storage Directory /workdir/hadoop-ozone/integration-test/target/test-dir/MiniOzoneClusterImpl-5f7a597a-7e5e-4415-9205-5cad3600d18e/datanode-3/data/ratis/51f5cc2d-1a29-4617-802f-c6698913e4c8
2019-09-24 22:56:57,239 [pool-57-thread-1] INFO  server.RaftServerConfigKeys (ConfUtils.java:logGet(43)) - raft.server.log.queue.byte-limit = 2147483647 (custom)
2019-09-24 22:56:57,239 [pool-57-thread-1] INFO  server.RaftServerConfigKeys (ConfUtils.java:logGet(43)) - raft.server.log.queue.element-limit = 1024 (custom)
2019-09-24 22:56:57,239 [pool-57-thread-1] INFO  server.RaftServerConfigKeys (ConfUtils.java:logGet(43)) - raft.server.log.segment.size.max = 1048576 (custom)
2019-09-24 22:56:57,239 [pool-57-thread-1] INFO  server.RaftServerConfigKeys (ConfUtils.java:logGet(43)) - raft.server.log.preallocated.size = 16384 (custom)
2019-09-24 22:56:57,240 [pool-57-thread-1] INFO  server.RaftServerConfigKeys (ConfUtils.java:logGet(43)) - raft.server.log.write.buffer.size = 33554432 (custom)
2019-09-24 22:56:57,240 [pool-57-thread-1] INFO  server.RaftServerConfigKeys (ConfUtils.java:logGet(43)) - raft.server.log.force.sync.num = 128 (default)
2019-09-24 22:56:57,240 [pool-57-thread-1] INFO  server.RaftServerConfigKeys (ConfUtils.java:logGet(43)) - raft.server.log.statemachine.data.sync = true (default)
2019-09-24 22:56:57,240 [pool-57-thread-1] INFO  server.RaftServerConfigKeys (ConfUtils.java:logGet(43)) - raft.server.log.statemachine.data.sync.timeout = 10s (default)
2019-09-24 22:56:57,240 [pool-57-thread-1] INFO  server.RaftServerConfigKeys (ConfUtils.java:logGet(43)) - raft.server.log.statemachine.data.sync.timeout.retry = -1 (default)
2019-09-24 22:56:57,241 [pool-57-thread-1] INFO  server.RaftServerConfigKeys (ConfUtils.java:logGet(43)) - raft.server.log.statemachine.data.caching.enabled = true (custom)
2019-09-24 22:56:57,241 [pool-57-thread-1] INFO  segmented.SegmentedRaftLogWorker (SegmentedRaftLogWorker.java:lambda$new$0(132)) - 1b127d74-8e4f-43fe-9dad-7b769944c181@group-C6698913E4C8-SegmentedRaftLogWorker: flushIndex: setUnconditionally 0 -> -1
2019-09-24 22:56:57,242 [pool-57-thread-1] INFO  server.RaftServerConfigKeys (ConfUtils.java:logGet(43)) - raft.server.snapshot.auto.trigger.enabled = true (custom)
2019-09-24 22:56:57,242 [pool-57-thread-1] INFO  server.RaftServerConfigKeys (ConfUtils.java:logGet(43)) - raft.server.snapshot.auto.trigger.threshold = 10000 (custom)
2019-09-24 22:56:57,242 [pool-57-thread-1] INFO  server.RaftServerConfigKeys (ConfUtils.java:logGet(43)) - raft.server.snapshot.retention.num.files = 5 (custom)
2019-09-24 22:56:57,242 [pool-57-thread-1] INFO  server.RaftServerConfigKeys (ConfUtils.java:logGet(43)) - raft.server.retrycache.expirytime = 600000ms (custom)
2019-09-24 22:56:57,250 [pool-57-thread-1] INFO  impl.RaftServerImpl (RaftServerImpl.java:start(185)) - 1b127d74-8e4f-43fe-9dad-7b769944c181@group-C6698913E4C8: start as a follower, conf=-1: [1b127d74-8e4f-43fe-9dad-7b769944c181:192.168.151.66:33728], old=null
2019-09-24 22:56:57,250 [pool-57-thread-1] INFO  impl.RaftServerImpl (RaftServerImpl.java:setRole(174)) - 1b127d74-8e4f-43fe-9dad-7b769944c181@group-C6698913E4C8: changes role from      null to FOLLOWER at term 0 for startAsFollower
2019-09-24 22:56:57,250 [pool-57-thread-1] INFO  impl.RoleInfo (RoleInfo.java:updateAndGet(143)) - 1b127d74-8e4f-43fe-9dad-7b769944c181: start FollowerState
2019-09-24 22:56:57,251 [pool-57-thread-1] INFO  util.JmxRegister (JmxRegister.java:tryRegister(44)) - Successfully registered JMX Bean with object name Ratis:service=RaftServer,group=group-C6698913E4C8,id=1b127d74-8e4f-43fe-9dad-7b769944c181
2019-09-24 22:56:57,340 [RatisPipelineUtilsThread] INFO  pipeline.PipelineStateManager (PipelineStateManager.java:addPipeline(56)) - Created pipeline Pipeline[ Id: 51f5cc2d-1a29-4617-802f-c6698913e4c8, Nodes: 1b127d74-8e4f-43fe-9dad-7b769944c181{ip: 192.168.151.66, host: pr-hdds-2162-v2v4x-1150571016, networkLocation: /default-rack, certSerialId: null}, Type:RATIS, Factor:ONE, State:OPEN]
2019-09-24 22:56:57,365 [grpc-default-executor-0] INFO  impl.RaftServerProxy (RaftServerProxy.java:addNew(89)) - c20705ec-6f31-4e08-9cc6-abff4709d2d8: addNew group-87B3166329D1:[c20705ec-6f31-4e08-9cc6-abff4709d2d8:192.168.151.66:43439] returns group-87B3166329D1:java.util.concurrent.CompletableFuture@39c12498[Not completed]
2019-09-24 22:56:57,367 [pool-107-thread-1] INFO  impl.RaftServerImpl (RaftServerImpl.java:<init>(95)) - c20705ec-6f31-4e08-9cc6-abff4709d2d8: new RaftServerImpl for group-87B3166329D1:[c20705ec-6f31-4e08-9cc6-abff4709d2d8:192.168.151.66:43439] with ContainerStateMachine:uninitialized
2019-09-24 22:56:57,368 [pool-107-thread-1] INFO  server.RaftServerConfigKeys (ConfUtils.java:logGet(43)) - raft.server.rpc.timeout.min = 1s (custom)
2019-09-24 22:56:57,368 [pool-107-thread-1] INFO  server.RaftServerConfigKeys (ConfUtils.java:logGet(43)) - raft.server.rpc.timeout.max = 1200ms (custom)
2019-09-24 22:56:57,368 [pool-107-thread-1] INFO  server.RaftServerConfigKeys (ConfUtils.java:logGet(43)) - raft.server.rpcslowness.timeout = 120s (custom)
2019-09-24 22:56:57,368 [pool-107-thread-1] INFO  server.RaftServerConfigKeys (ConfUtils.java:logGet(43)) - raft.server.sleep.deviation.threshold = 300 (default)
2019-09-24 22:56:57,368 [pool-107-thread-1] INFO  server.RaftServerConfigKeys (ConfUtils.java:logGet(43)) - raft.server.log.appender.install.snapshot.enabled = false (custom)
2019-09-24 22:56:57,369 [pool-107-thread-1] INFO  impl.RaftServerImpl (ServerState.java:<init>(103)) - c20705ec-6f31-4e08-9cc6-abff4709d2d8@group-87B3166329D1: ConfigurationManager, init=-1: [c20705ec-6f31-4e08-9cc6-abff4709d2d8:192.168.151.66:43439], old=null, confs=<EMPTY_MAP>
2019-09-24 22:56:57,369 [pool-107-thread-1] INFO  server.RaftServerConfigKeys (ConfUtils.java:logGet(43)) - raft.server.storage.dir = [/workdir/hadoop-ozone/integration-test/target/test-dir/MiniOzoneClusterImpl-5f7a597a-7e5e-4415-9205-5cad3600d18e/datanode-8/data/ratis] (custom)
2019-09-24 22:56:57,369 [pool-107-thread-1] INFO  storage.RaftStorageDirectory (RaftStorageDirectory.java:analyzeStorage(246)) - The storage directory /workdir/hadoop-ozone/integration-test/target/test-dir/MiniOzoneClusterImpl-5f7a597a-7e5e-4415-9205-5cad3600d18e/datanode-8/data/ratis/4cdbc53d-a6a0-4f77-8cca-87b3166329d1 does not exist. Creating ...
2019-09-24 22:56:57,384 [pool-107-thread-1] INFO  storage.RaftStorageDirectory (RaftStorageDirectory.java:tryLock(328)) - Lock on /workdir/hadoop-ozone/integration-test/target/test-dir/MiniOzoneClusterImpl-5f7a597a-7e5e-4415-9205-5cad3600d18e/datanode-8/data/ratis/4cdbc53d-a6a0-4f77-8cca-87b3166329d1/in_use.lock acquired by nodename 5417@pr-hdds-2162-v2v4x-1150571016
2019-09-24 22:56:57,397 [pool-107-thread-1] INFO  storage.RaftStorage (RaftStorage.java:format(72)) - Storage directory /workdir/hadoop-ozone/integration-test/target/test-dir/MiniOzoneClusterImpl-5f7a597a-7e5e-4415-9205-5cad3600d18e/datanode-8/data/ratis/4cdbc53d-a6a0-4f77-8cca-87b3166329d1 has been successfully formatted.
2019-09-24 22:56:57,397 [pool-107-thread-1] INFO  ratis.ContainerStateMachine (ContainerStateMachine.java:loadSnapshot(230)) - group-87B3166329D1: The snapshot info is null. Setting the last applied indexto:(t:0, i:~)
2019-09-24 22:56:57,397 [pool-107-thread-1] INFO  server.RaftServerConfigKeys (ConfUtils.java:logGet(43)) - raft.server.notification.no-leader.timeout = 120s (custom)
2019-09-24 22:56:57,398 [pool-107-thread-1] INFO  server.RaftServerConfigKeys (ConfUtils.java:logGet(43)) - raft.server.log.use.memory = false (default)
2019-09-24 22:56:57,398 [pool-107-thread-1] INFO  server.RaftServerConfigKeys (ConfUtils.java:logGet(43)) - raft.server.log.purge.gap = 1000000 (custom)
2019-09-24 22:56:57,398 [pool-107-thread-1] INFO  server.RaftServerConfigKeys (ConfUtils.java:logGet(43)) - raft.server.log.appender.buffer.byte-limit = 33554432 (custom)
2019-09-24 22:56:57,398 [pool-107-thread-1] INFO  server.RaftServerConfigKeys (ConfUtils.java:logGet(43)) - raft.server.log.segment.size.max = 1048576 (custom)
2019-09-24 22:56:57,398 [pool-107-thread-1] INFO  server.RaftServerConfigKeys (ConfUtils.java:logGet(43)) - raft.server.log.segment.cache.num.max = 2 (custom)
2019-09-24 22:56:57,399 [pool-107-thread-1] INFO  segmented.SegmentedRaftLogWorker (SegmentedRaftLogWorker.java:<init>(172)) - new c20705ec-6f31-4e08-9cc6-abff4709d2d8@group-87B3166329D1-SegmentedRaftLogWorker for RaftStorage:Storage Directory /workdir/hadoop-ozone/integration-test/target/test-dir/MiniOzoneClusterImpl-5f7a597a-7e5e-4415-9205-5cad3600d18e/datanode-8/data/ratis/4cdbc53d-a6a0-4f77-8cca-87b3166329d1
2019-09-24 22:56:57,401 [pool-107-thread-1] INFO  server.RaftServerConfigKeys (ConfUtils.java:logGet(43)) - raft.server.log.queue.byte-limit = 2147483647 (custom)
2019-09-24 22:56:57,401 [pool-107-thread-1] INFO  server.RaftServerConfigKeys (ConfUtils.java:logGet(43)) - raft.server.log.queue.element-limit = 1024 (custom)
2019-09-24 22:56:57,402 [pool-107-thread-1] INFO  server.RaftServerConfigKeys (ConfUtils.java:logGet(43)) - raft.server.log.segment.size.max = 1048576 (custom)
2019-09-24 22:56:57,402 [pool-107-thread-1] INFO  server.RaftServerConfigKeys (ConfUtils.java:logGet(43)) - raft.server.log.preallocated.size = 16384 (custom)
2019-09-24 22:56:57,402 [pool-107-thread-1] INFO  server.RaftServerConfigKeys (ConfUtils.java:logGet(43)) - raft.server.log.write.buffer.size = 33554432 (custom)
2019-09-24 22:56:57,402 [pool-107-thread-1] INFO  server.RaftServerConfigKeys (ConfUtils.java:logGet(43)) - raft.server.log.force.sync.num = 128 (default)
2019-09-24 22:56:57,402 [pool-107-thread-1] INFO  server.RaftServerConfigKeys (ConfUtils.java:logGet(43)) - raft.server.log.statemachine.data.sync = true (default)
2019-09-24 22:56:57,403 [pool-107-thread-1] INFO  server.RaftServerConfigKeys (ConfUtils.java:logGet(43)) - raft.server.log.statemachine.data.sync.timeout = 10s (default)
2019-09-24 22:56:57,403 [pool-107-thread-1] INFO  server.RaftServerConfigKeys (ConfUtils.java:logGet(43)) - raft.server.log.statemachine.data.sync.timeout.retry = -1 (default)
2019-09-24 22:56:57,403 [pool-107-thread-1] INFO  server.RaftServerConfigKeys (ConfUtils.java:logGet(43)) - raft.server.log.statemachine.data.caching.enabled = true (custom)
2019-09-24 22:56:57,403 [pool-107-thread-1] INFO  segmented.SegmentedRaftLogWorker (SegmentedRaftLogWorker.java:lambda$new$0(132)) - c20705ec-6f31-4e08-9cc6-abff4709d2d8@group-87B3166329D1-SegmentedRaftLogWorker: flushIndex: setUnconditionally 0 -> -1
2019-09-24 22:56:57,404 [pool-107-thread-1] INFO  server.RaftServerConfigKeys (ConfUtils.java:logGet(43)) - raft.server.snapshot.auto.trigger.enabled = true (custom)
2019-09-24 22:56:57,404 [pool-107-thread-1] INFO  server.RaftServerConfigKeys (ConfUtils.java:logGet(43)) - raft.server.snapshot.auto.trigger.threshold = 10000 (custom)
2019-09-24 22:56:57,404 [pool-107-thread-1] INFO  server.RaftServerConfigKeys (ConfUtils.java:logGet(43)) - raft.server.snapshot.retention.num.files = 5 (custom)
2019-09-24 22:56:57,404 [pool-107-thread-1] INFO  server.RaftServerConfigKeys (ConfUtils.java:logGet(43)) - raft.server.retrycache.expirytime = 600000ms (custom)
2019-09-24 22:56:57,407 [pool-107-thread-1] INFO  impl.RaftServerImpl (RaftServerImpl.java:start(185)) - c20705ec-6f31-4e08-9cc6-abff4709d2d8@group-87B3166329D1: start as a follower, conf=-1: [c20705ec-6f31-4e08-9cc6-abff4709d2d8:192.168.151.66:43439], old=null
2019-09-24 22:56:57,407 [pool-107-thread-1] INFO  impl.RaftServerImpl (RaftServerImpl.java:setRole(174)) - c20705ec-6f31-4e08-9cc6-abff4709d2d8@group-87B3166329D1: changes role from      null to FOLLOWER at term 0 for startAsFollower
2019-09-24 22:56:57,407 [pool-107-thread-1] INFO  impl.RoleInfo (RoleInfo.java:updateAndGet(143)) - c20705ec-6f31-4e08-9cc6-abff4709d2d8: start FollowerState
2019-09-24 22:56:57,408 [pool-107-thread-1] INFO  util.JmxRegister (JmxRegister.java:tryRegister(44)) - Successfully registered JMX Bean with object name Ratis:service=RaftServer,group=group-87B3166329D1,id=c20705ec-6f31-4e08-9cc6-abff4709d2d8
2019-09-24 22:56:57,419 [RatisPipelineUtilsThread] INFO  pipeline.PipelineStateManager (PipelineStateManager.java:addPipeline(56)) - Created pipeline Pipeline[ Id: 4cdbc53d-a6a0-4f77-8cca-87b3166329d1, Nodes: c20705ec-6f31-4e08-9cc6-abff4709d2d8{ip: 192.168.151.66, host: pr-hdds-2162-v2v4x-1150571016, networkLocation: /default-rack, certSerialId: null}, Type:RATIS, Factor:ONE, State:OPEN]
2019-09-24 22:56:57,455 [grpc-default-executor-0] INFO  impl.RaftServerProxy (RaftServerProxy.java:addNew(89)) - 48b45dfa-9a49-49d0-a60f-4d834ccef1db: addNew group-C5D7048B2308:[48b45dfa-9a49-49d0-a60f-4d834ccef1db:192.168.151.66:39677] returns group-C5D7048B2308:java.util.concurrent.CompletableFuture@612edd75[Not completed]
2019-09-24 22:56:57,457 [pool-77-thread-1] INFO  impl.RaftServerImpl (RaftServerImpl.java:<init>(95)) - 48b45dfa-9a49-49d0-a60f-4d834ccef1db: new RaftServerImpl for group-C5D7048B2308:[48b45dfa-9a49-49d0-a60f-4d834ccef1db:192.168.151.66:39677] with ContainerStateMachine:uninitialized
2019-09-24 22:56:57,457 [pool-77-thread-1] INFO  server.RaftServerConfigKeys (ConfUtils.java:logGet(43)) - raft.server.rpc.timeout.min = 1s (custom)
2019-09-24 22:56:57,458 [pool-77-thread-1] INFO  server.RaftServerConfigKeys (ConfUtils.java:logGet(43)) - raft.server.rpc.timeout.max = 1200ms (custom)
2019-09-24 22:56:57,458 [pool-77-thread-1] INFO  server.RaftServerConfigKeys (ConfUtils.java:logGet(43)) - raft.server.rpcslowness.timeout = 120s (custom)
2019-09-24 22:56:57,458 [pool-77-thread-1] INFO  server.RaftServerConfigKeys (ConfUtils.java:logGet(43)) - raft.server.sleep.deviation.threshold = 300 (default)
2019-09-24 22:56:57,458 [pool-77-thread-1] INFO  server.RaftServerConfigKeys (ConfUtils.java:logGet(43)) - raft.server.log.appender.install.snapshot.enabled = false (custom)
2019-09-24 22:56:57,458 [pool-77-thread-1] INFO  impl.RaftServerImpl (ServerState.java:<init>(103)) - 48b45dfa-9a49-49d0-a60f-4d834ccef1db@group-C5D7048B2308: ConfigurationManager, init=-1: [48b45dfa-9a49-49d0-a60f-4d834ccef1db:192.168.151.66:39677], old=null, confs=<EMPTY_MAP>
2019-09-24 22:56:57,458 [pool-77-thread-1] INFO  server.RaftServerConfigKeys (ConfUtils.java:logGet(43)) - raft.server.storage.dir = [/workdir/hadoop-ozone/integration-test/target/test-dir/MiniOzoneClusterImpl-5f7a597a-7e5e-4415-9205-5cad3600d18e/datanode-5/data/ratis] (custom)
2019-09-24 22:56:57,459 [pool-77-thread-1] INFO  storage.RaftStorageDirectory (RaftStorageDirectory.java:analyzeStorage(246)) - The storage directory /workdir/hadoop-ozone/integration-test/target/test-dir/MiniOzoneClusterImpl-5f7a597a-7e5e-4415-9205-5cad3600d18e/datanode-5/data/ratis/8582439d-0104-4401-859f-c5d7048b2308 does not exist. Creating ...
2019-09-24 22:56:57,483 [pool-77-thread-1] INFO  storage.RaftStorageDirectory (RaftStorageDirectory.java:tryLock(328)) - Lock on /workdir/hadoop-ozone/integration-test/target/test-dir/MiniOzoneClusterImpl-5f7a597a-7e5e-4415-9205-5cad3600d18e/datanode-5/data/ratis/8582439d-0104-4401-859f-c5d7048b2308/in_use.lock acquired by nodename 5417@pr-hdds-2162-v2v4x-1150571016
2019-09-24 22:56:57,498 [pool-77-thread-1] INFO  storage.RaftStorage (RaftStorage.java:format(72)) - Storage directory /workdir/hadoop-ozone/integration-test/target/test-dir/MiniOzoneClusterImpl-5f7a597a-7e5e-4415-9205-5cad3600d18e/datanode-5/data/ratis/8582439d-0104-4401-859f-c5d7048b2308 has been successfully formatted.
2019-09-24 22:56:57,499 [pool-77-thread-1] INFO  ratis.ContainerStateMachine (ContainerStateMachine.java:loadSnapshot(230)) - group-C5D7048B2308: The snapshot info is null. Setting the last applied indexto:(t:0, i:~)
2019-09-24 22:56:57,499 [pool-77-thread-1] INFO  server.RaftServerConfigKeys (ConfUtils.java:logGet(43)) - raft.server.notification.no-leader.timeout = 120s (custom)
2019-09-24 22:56:57,499 [pool-77-thread-1] INFO  server.RaftServerConfigKeys (ConfUtils.java:logGet(43)) - raft.server.log.use.memory = false (default)
2019-09-24 22:56:57,499 [pool-77-thread-1] INFO  server.RaftServerConfigKeys (ConfUtils.java:logGet(43)) - raft.server.log.purge.gap = 1000000 (custom)
2019-09-24 22:56:57,499 [pool-77-thread-1] INFO  server.RaftServerConfigKeys (ConfUtils.java:logGet(43)) - raft.server.log.appender.buffer.byte-limit = 33554432 (custom)
2019-09-24 22:56:57,499 [pool-77-thread-1] INFO  server.RaftServerConfigKeys (ConfUtils.java:logGet(43)) - raft.server.log.segment.size.max = 1048576 (custom)
2019-09-24 22:56:57,500 [pool-77-thread-1] INFO  server.RaftServerConfigKeys (ConfUtils.java:logGet(43)) - raft.server.log.segment.cache.num.max = 2 (custom)
2019-09-24 22:56:57,500 [pool-77-thread-1] INFO  segmented.SegmentedRaftLogWorker (SegmentedRaftLogWorker.java:<init>(172)) - new 48b45dfa-9a49-49d0-a60f-4d834ccef1db@group-C5D7048B2308-SegmentedRaftLogWorker for RaftStorage:Storage Directory /workdir/hadoop-ozone/integration-test/target/test-dir/MiniOzoneClusterImpl-5f7a597a-7e5e-4415-9205-5cad3600d18e/datanode-5/data/ratis/8582439d-0104-4401-859f-c5d7048b2308
2019-09-24 22:56:57,504 [pool-77-thread-1] INFO  server.RaftServerConfigKeys (ConfUtils.java:logGet(43)) - raft.server.log.queue.byte-limit = 2147483647 (custom)
2019-09-24 22:56:57,505 [pool-77-thread-1] INFO  server.RaftServerConfigKeys (ConfUtils.java:logGet(43)) - raft.server.log.queue.element-limit = 1024 (custom)
2019-09-24 22:56:57,505 [pool-77-thread-1] INFO  server.RaftServerConfigKeys (ConfUtils.java:logGet(43)) - raft.server.log.segment.size.max = 1048576 (custom)
2019-09-24 22:56:57,507 [pool-77-thread-1] INFO  server.RaftServerConfigKeys (ConfUtils.java:logGet(43)) - raft.server.log.preallocated.size = 16384 (custom)
2019-09-24 22:56:57,508 [pool-77-thread-1] INFO  server.RaftServerConfigKeys (ConfUtils.java:logGet(43)) - raft.server.log.write.buffer.size = 33554432 (custom)
2019-09-24 22:56:57,508 [pool-77-thread-1] INFO  server.RaftServerConfigKeys (ConfUtils.java:logGet(43)) - raft.server.log.force.sync.num = 128 (default)
2019-09-24 22:56:57,508 [pool-77-thread-1] INFO  server.RaftServerConfigKeys (ConfUtils.java:logGet(43)) - raft.server.log.statemachine.data.sync = true (default)
2019-09-24 22:56:57,508 [pool-77-thread-1] INFO  server.RaftServerConfigKeys (ConfUtils.java:logGet(43)) - raft.server.log.statemachine.data.sync.timeout = 10s (default)
2019-09-24 22:56:57,508 [pool-77-thread-1] INFO  server.RaftServerConfigKeys (ConfUtils.java:logGet(43)) - raft.server.log.statemachine.data.sync.timeout.retry = -1 (default)
2019-09-24 22:56:57,508 [pool-77-thread-1] INFO  server.RaftServerConfigKeys (ConfUtils.java:logGet(43)) - raft.server.log.statemachine.data.caching.enabled = true (custom)
2019-09-24 22:56:57,509 [pool-77-thread-1] INFO  segmented.SegmentedRaftLogWorker (SegmentedRaftLogWorker.java:lambda$new$0(132)) - 48b45dfa-9a49-49d0-a60f-4d834ccef1db@group-C5D7048B2308-SegmentedRaftLogWorker: flushIndex: setUnconditionally 0 -> -1
2019-09-24 22:56:57,509 [pool-77-thread-1] INFO  server.RaftServerConfigKeys (ConfUtils.java:logGet(43)) - raft.server.snapshot.auto.trigger.enabled = true (custom)
2019-09-24 22:56:57,509 [pool-77-thread-1] INFO  server.RaftServerConfigKeys (ConfUtils.java:logGet(43)) - raft.server.snapshot.auto.trigger.threshold = 10000 (custom)
2019-09-24 22:56:57,509 [pool-77-thread-1] INFO  server.RaftServerConfigKeys (ConfUtils.java:logGet(43)) - raft.server.snapshot.retention.num.files = 5 (custom)
2019-09-24 22:56:57,509 [pool-77-thread-1] INFO  server.RaftServerConfigKeys (ConfUtils.java:logGet(43)) - raft.server.retrycache.expirytime = 600000ms (custom)
2019-09-24 22:56:57,512 [pool-77-thread-1] INFO  impl.RaftServerImpl (RaftServerImpl.java:start(185)) - 48b45dfa-9a49-49d0-a60f-4d834ccef1db@group-C5D7048B2308: start as a follower, conf=-1: [48b45dfa-9a49-49d0-a60f-4d834ccef1db:192.168.151.66:39677], old=null
2019-09-24 22:56:57,512 [pool-77-thread-1] INFO  impl.RaftServerImpl (RaftServerImpl.java:setRole(174)) - 48b45dfa-9a49-49d0-a60f-4d834ccef1db@group-C5D7048B2308: changes role from      null to FOLLOWER at term 0 for startAsFollower
2019-09-24 22:56:57,512 [pool-77-thread-1] INFO  impl.RoleInfo (RoleInfo.java:updateAndGet(143)) - 48b45dfa-9a49-49d0-a60f-4d834ccef1db: start FollowerState
2019-09-24 22:56:57,512 [pool-77-thread-1] INFO  util.JmxRegister (JmxRegister.java:tryRegister(44)) - Successfully registered JMX Bean with object name Ratis:service=RaftServer,group=group-C5D7048B2308,id=48b45dfa-9a49-49d0-a60f-4d834ccef1db
2019-09-24 22:56:57,524 [RatisPipelineUtilsThread] INFO  pipeline.PipelineStateManager (PipelineStateManager.java:addPipeline(56)) - Created pipeline Pipeline[ Id: 8582439d-0104-4401-859f-c5d7048b2308, Nodes: 48b45dfa-9a49-49d0-a60f-4d834ccef1db{ip: 192.168.151.66, host: pr-hdds-2162-v2v4x-1150571016, networkLocation: /default-rack, certSerialId: null}, Type:RATIS, Factor:ONE, State:OPEN]
2019-09-24 22:56:57,563 [grpc-default-executor-2] INFO  impl.RaftServerProxy (RaftServerProxy.java:addNew(89)) - df79811b-05d5-490a-beb3-27ac0aff7bfc: addNew group-ECCDD8E1798D:[16bf6e05-f81a-41e5-883a-89e111b126fe:192.168.151.66:37026, df79811b-05d5-490a-beb3-27ac0aff7bfc:192.168.151.66:34065, 23c6c9b6-39b4-44f0-84a4-cf624850a9c3:192.168.151.66:32846] returns group-ECCDD8E1798D:java.util.concurrent.CompletableFuture@66d6c6c1[Not completed]
2019-09-24 22:56:57,569 [grpc-default-executor-1] INFO  impl.RaftServerProxy (RaftServerProxy.java:addNew(89)) - 23c6c9b6-39b4-44f0-84a4-cf624850a9c3: addNew group-ECCDD8E1798D:[16bf6e05-f81a-41e5-883a-89e111b126fe:192.168.151.66:37026, df79811b-05d5-490a-beb3-27ac0aff7bfc:192.168.151.66:34065, 23c6c9b6-39b4-44f0-84a4-cf624850a9c3:192.168.151.66:32846] returns group-ECCDD8E1798D:java.util.concurrent.CompletableFuture@5492b838[Not completed]
2019-09-24 22:56:57,569 [grpc-default-executor-0] INFO  impl.RaftServerProxy (RaftServerProxy.java:addNew(89)) - 16bf6e05-f81a-41e5-883a-89e111b126fe: addNew group-ECCDD8E1798D:[16bf6e05-f81a-41e5-883a-89e111b126fe:192.168.151.66:37026, df79811b-05d5-490a-beb3-27ac0aff7bfc:192.168.151.66:34065, 23c6c9b6-39b4-44f0-84a4-cf624850a9c3:192.168.151.66:32846] returns group-ECCDD8E1798D:java.util.concurrent.CompletableFuture@229914b9[Not completed]
2019-09-24 22:56:57,570 [pool-37-thread-1] INFO  impl.RaftServerImpl (RaftServerImpl.java:<init>(95)) - df79811b-05d5-490a-beb3-27ac0aff7bfc: new RaftServerImpl for group-ECCDD8E1798D:[16bf6e05-f81a-41e5-883a-89e111b126fe:192.168.151.66:37026, df79811b-05d5-490a-beb3-27ac0aff7bfc:192.168.151.66:34065, 23c6c9b6-39b4-44f0-84a4-cf624850a9c3:192.168.151.66:32846] with ContainerStateMachine:uninitialized
2019-09-24 22:56:57,570 [pool-37-thread-1] INFO  server.RaftServerConfigKeys (ConfUtils.java:logGet(43)) - raft.server.rpc.timeout.min = 1s (custom)
2019-09-24 22:56:57,570 [pool-37-thread-1] INFO  server.RaftServerConfigKeys (ConfUtils.java:logGet(43)) - raft.server.rpc.timeout.max = 1200ms (custom)
2019-09-24 22:56:57,570 [pool-37-thread-1] INFO  server.RaftServerConfigKeys (ConfUtils.java:logGet(43)) - raft.server.rpcslowness.timeout = 120s (custom)
2019-09-24 22:56:57,570 [pool-37-thread-1] INFO  server.RaftServerConfigKeys (ConfUtils.java:logGet(43)) - raft.server.sleep.deviation.threshold = 300 (default)
2019-09-24 22:56:57,570 [pool-37-thread-1] INFO  server.RaftServerConfigKeys (ConfUtils.java:logGet(43)) - raft.server.log.appender.install.snapshot.enabled = false (custom)
2019-09-24 22:56:57,570 [pool-37-thread-1] INFO  impl.RaftServerImpl (ServerState.java:<init>(103)) - df79811b-05d5-490a-beb3-27ac0aff7bfc@group-ECCDD8E1798D: ConfigurationManager, init=-1: [16bf6e05-f81a-41e5-883a-89e111b126fe:192.168.151.66:37026, df79811b-05d5-490a-beb3-27ac0aff7bfc:192.168.151.66:34065, 23c6c9b6-39b4-44f0-84a4-cf624850a9c3:192.168.151.66:32846], old=null, confs=<EMPTY_MAP>
2019-09-24 22:56:57,571 [pool-47-thread-1] INFO  impl.RaftServerImpl (RaftServerImpl.java:<init>(95)) - 23c6c9b6-39b4-44f0-84a4-cf624850a9c3: new RaftServerImpl for group-ECCDD8E1798D:[16bf6e05-f81a-41e5-883a-89e111b126fe:192.168.151.66:37026, df79811b-05d5-490a-beb3-27ac0aff7bfc:192.168.151.66:34065, 23c6c9b6-39b4-44f0-84a4-cf624850a9c3:192.168.151.66:32846] with ContainerStateMachine:uninitialized
2019-09-24 22:56:57,571 [pool-37-thread-1] INFO  server.RaftServerConfigKeys (ConfUtils.java:logGet(43)) - raft.server.storage.dir = [/workdir/hadoop-ozone/integration-test/target/test-dir/MiniOzoneClusterImpl-5f7a597a-7e5e-4415-9205-5cad3600d18e/datanode-1/data/ratis] (custom)
2019-09-24 22:56:57,571 [pool-47-thread-1] INFO  server.RaftServerConfigKeys (ConfUtils.java:logGet(43)) - raft.server.rpc.timeout.min = 1s (custom)
2019-09-24 22:56:57,571 [pool-47-thread-1] INFO  server.RaftServerConfigKeys (ConfUtils.java:logGet(43)) - raft.server.rpc.timeout.max = 1200ms (custom)
2019-09-24 22:56:57,571 [pool-37-thread-1] INFO  storage.RaftStorageDirectory (RaftStorageDirectory.java:analyzeStorage(246)) - The storage directory /workdir/hadoop-ozone/integration-test/target/test-dir/MiniOzoneClusterImpl-5f7a597a-7e5e-4415-9205-5cad3600d18e/datanode-1/data/ratis/b05d07a1-db9a-4822-be39-eccdd8e1798d does not exist. Creating ...
2019-09-24 22:56:57,571 [pool-47-thread-1] INFO  server.RaftServerConfigKeys (ConfUtils.java:logGet(43)) - raft.server.rpcslowness.timeout = 120s (custom)
2019-09-24 22:56:57,571 [pool-67-thread-1] INFO  impl.RaftServerImpl (RaftServerImpl.java:<init>(95)) - 16bf6e05-f81a-41e5-883a-89e111b126fe: new RaftServerImpl for group-ECCDD8E1798D:[16bf6e05-f81a-41e5-883a-89e111b126fe:192.168.151.66:37026, df79811b-05d5-490a-beb3-27ac0aff7bfc:192.168.151.66:34065, 23c6c9b6-39b4-44f0-84a4-cf624850a9c3:192.168.151.66:32846] with ContainerStateMachine:uninitialized
2019-09-24 22:56:57,571 [pool-47-thread-1] INFO  server.RaftServerConfigKeys (ConfUtils.java:logGet(43)) - raft.server.sleep.deviation.threshold = 300 (default)
2019-09-24 22:56:57,572 [pool-67-thread-1] INFO  server.RaftServerConfigKeys (ConfUtils.java:logGet(43)) - raft.server.rpc.timeout.min = 1s (custom)
2019-09-24 22:56:57,572 [pool-47-thread-1] INFO  server.RaftServerConfigKeys (ConfUtils.java:logGet(43)) - raft.server.log.appender.install.snapshot.enabled = false (custom)
2019-09-24 22:56:57,572 [pool-67-thread-1] INFO  server.RaftServerConfigKeys (ConfUtils.java:logGet(43)) - raft.server.rpc.timeout.max = 1200ms (custom)
2019-09-24 22:56:57,572 [pool-47-thread-1] INFO  impl.RaftServerImpl (ServerState.java:<init>(103)) - 23c6c9b6-39b4-44f0-84a4-cf624850a9c3@group-ECCDD8E1798D: ConfigurationManager, init=-1: [16bf6e05-f81a-41e5-883a-89e111b126fe:192.168.151.66:37026, df79811b-05d5-490a-beb3-27ac0aff7bfc:192.168.151.66:34065, 23c6c9b6-39b4-44f0-84a4-cf624850a9c3:192.168.151.66:32846], old=null, confs=<EMPTY_MAP>
2019-09-24 22:56:57,572 [pool-67-thread-1] INFO  server.RaftServerConfigKeys (ConfUtils.java:logGet(43)) - raft.server.rpcslowness.timeout = 120s (custom)
2019-09-24 22:56:57,572 [pool-47-thread-1] INFO  server.RaftServerConfigKeys (ConfUtils.java:logGet(43)) - raft.server.storage.dir = [/workdir/hadoop-ozone/integration-test/target/test-dir/MiniOzoneClusterImpl-5f7a597a-7e5e-4415-9205-5cad3600d18e/datanode-2/data/ratis] (custom)
2019-09-24 22:56:57,572 [pool-67-thread-1] INFO  server.RaftServerConfigKeys (ConfUtils.java:logGet(43)) - raft.server.sleep.deviation.threshold = 300 (default)
2019-09-24 22:56:57,573 [pool-67-thread-1] INFO  server.RaftServerConfigKeys (ConfUtils.java:logGet(43)) - raft.server.log.appender.install.snapshot.enabled = false (custom)
2019-09-24 22:56:57,573 [pool-67-thread-1] INFO  impl.RaftServerImpl (ServerState.java:<init>(103)) - 16bf6e05-f81a-41e5-883a-89e111b126fe@group-ECCDD8E1798D: ConfigurationManager, init=-1: [16bf6e05-f81a-41e5-883a-89e111b126fe:192.168.151.66:37026, df79811b-05d5-490a-beb3-27ac0aff7bfc:192.168.151.66:34065, 23c6c9b6-39b4-44f0-84a4-cf624850a9c3:192.168.151.66:32846], old=null, confs=<EMPTY_MAP>
2019-09-24 22:56:57,573 [pool-47-thread-1] INFO  storage.RaftStorageDirectory (RaftStorageDirectory.java:analyzeStorage(246)) - The storage directory /workdir/hadoop-ozone/integration-test/target/test-dir/MiniOzoneClusterImpl-5f7a597a-7e5e-4415-9205-5cad3600d18e/datanode-2/data/ratis/b05d07a1-db9a-4822-be39-eccdd8e1798d does not exist. Creating ...
2019-09-24 22:56:57,573 [pool-67-thread-1] INFO  server.RaftServerConfigKeys (ConfUtils.java:logGet(43)) - raft.server.storage.dir = [/workdir/hadoop-ozone/integration-test/target/test-dir/MiniOzoneClusterImpl-5f7a597a-7e5e-4415-9205-5cad3600d18e/datanode-4/data/ratis] (custom)
2019-09-24 22:56:57,573 [pool-67-thread-1] INFO  storage.RaftStorageDirectory (RaftStorageDirectory.java:analyzeStorage(246)) - The storage directory /workdir/hadoop-ozone/integration-test/target/test-dir/MiniOzoneClusterImpl-5f7a597a-7e5e-4415-9205-5cad3600d18e/datanode-4/data/ratis/b05d07a1-db9a-4822-be39-eccdd8e1798d does not exist. Creating ...
2019-09-24 22:56:57,577 [Thread-285] INFO  impl.FollowerState (FollowerState.java:run(106)) - 950aebb1-966b-4a76-ae1c-f15b3e34cc28:group-838FA7755D81 changes to CANDIDATE, lastRpcTime:1180, electionTimeout:1180ms
2019-09-24 22:56:57,579 [Thread-285] INFO  impl.RoleInfo (RoleInfo.java:shutdownFollowerState(121)) - 950aebb1-966b-4a76-ae1c-f15b3e34cc28: shutdown FollowerState
2019-09-24 22:56:57,579 [Thread-285] INFO  impl.RaftServerImpl (RaftServerImpl.java:setRole(174)) - 950aebb1-966b-4a76-ae1c-f15b3e34cc28@group-838FA7755D81: changes role from  FOLLOWER to CANDIDATE at term 0 for changeToCandidate
2019-09-24 22:56:57,584 [Thread-285] INFO  impl.RoleInfo (RoleInfo.java:updateAndGet(143)) - 950aebb1-966b-4a76-ae1c-f15b3e34cc28: start LeaderElection
2019-09-24 22:56:57,596 [pool-47-thread-1] INFO  storage.RaftStorageDirectory (RaftStorageDirectory.java:tryLock(328)) - Lock on /workdir/hadoop-ozone/integration-test/target/test-dir/MiniOzoneClusterImpl-5f7a597a-7e5e-4415-9205-5cad3600d18e/datanode-2/data/ratis/b05d07a1-db9a-4822-be39-eccdd8e1798d/in_use.lock acquired by nodename 5417@pr-hdds-2162-v2v4x-1150571016
2019-09-24 22:56:57,596 [pool-37-thread-1] INFO  storage.RaftStorageDirectory (RaftStorageDirectory.java:tryLock(328)) - Lock on /workdir/hadoop-ozone/integration-test/target/test-dir/MiniOzoneClusterImpl-5f7a597a-7e5e-4415-9205-5cad3600d18e/datanode-1/data/ratis/b05d07a1-db9a-4822-be39-eccdd8e1798d/in_use.lock acquired by nodename 5417@pr-hdds-2162-v2v4x-1150571016
2019-09-24 22:56:57,596 [pool-67-thread-1] INFO  storage.RaftStorageDirectory (RaftStorageDirectory.java:tryLock(328)) - Lock on /workdir/hadoop-ozone/integration-test/target/test-dir/MiniOzoneClusterImpl-5f7a597a-7e5e-4415-9205-5cad3600d18e/datanode-4/data/ratis/b05d07a1-db9a-4822-be39-eccdd8e1798d/in_use.lock acquired by nodename 5417@pr-hdds-2162-v2v4x-1150571016
2019-09-24 22:56:57,612 [pool-47-thread-1] INFO  storage.RaftStorage (RaftStorage.java:format(72)) - Storage directory /workdir/hadoop-ozone/integration-test/target/test-dir/MiniOzoneClusterImpl-5f7a597a-7e5e-4415-9205-5cad3600d18e/datanode-2/data/ratis/b05d07a1-db9a-4822-be39-eccdd8e1798d has been successfully formatted.
2019-09-24 22:56:57,612 [pool-37-thread-1] INFO  storage.RaftStorage (RaftStorage.java:format(72)) - Storage directory /workdir/hadoop-ozone/integration-test/target/test-dir/MiniOzoneClusterImpl-5f7a597a-7e5e-4415-9205-5cad3600d18e/datanode-1/data/ratis/b05d07a1-db9a-4822-be39-eccdd8e1798d has been successfully formatted.
2019-09-24 22:56:57,612 [pool-67-thread-1] INFO  storage.RaftStorage (RaftStorage.java:format(72)) - Storage directory /workdir/hadoop-ozone/integration-test/target/test-dir/MiniOzoneClusterImpl-5f7a597a-7e5e-4415-9205-5cad3600d18e/datanode-4/data/ratis/b05d07a1-db9a-4822-be39-eccdd8e1798d has been successfully formatted.
2019-09-24 22:56:57,613 [pool-47-thread-1] INFO  ratis.ContainerStateMachine (ContainerStateMachine.java:loadSnapshot(230)) - group-ECCDD8E1798D: The snapshot info is null. Setting the last applied indexto:(t:0, i:~)
2019-09-24 22:56:57,612 [950aebb1-966b-4a76-ae1c-f15b3e34cc28@group-838FA7755D81:LeaderElection1] INFO  impl.LeaderElection (LeaderElection.java:askForVotes(182)) - 950aebb1-966b-4a76-ae1c-f15b3e34cc28@group-838FA7755D81:LeaderElection1: begin an election at term 1 for -1: [950aebb1-966b-4a76-ae1c-f15b3e34cc28:192.168.151.66:43627], old=null
2019-09-24 22:56:57,613 [pool-47-thread-1] INFO  server.RaftServerConfigKeys (ConfUtils.java:logGet(43)) - raft.server.notification.no-leader.timeout = 120s (custom)
2019-09-24 22:56:57,613 [pool-67-thread-1] INFO  ratis.ContainerStateMachine (ContainerStateMachine.java:loadSnapshot(230)) - group-ECCDD8E1798D: The snapshot info is null. Setting the last applied indexto:(t:0, i:~)
2019-09-24 22:56:57,613 [pool-37-thread-1] INFO  ratis.ContainerStateMachine (ContainerStateMachine.java:loadSnapshot(230)) - group-ECCDD8E1798D: The snapshot info is null. Setting the last applied indexto:(t:0, i:~)
2019-09-24 22:56:57,613 [pool-67-thread-1] INFO  server.RaftServerConfigKeys (ConfUtils.java:logGet(43)) - raft.server.notification.no-leader.timeout = 120s (custom)
2019-09-24 22:56:57,613 [pool-47-thread-1] INFO  server.RaftServerConfigKeys (ConfUtils.java:logGet(43)) - raft.server.log.use.memory = false (default)
2019-09-24 22:56:57,613 [pool-67-thread-1] INFO  server.RaftServerConfigKeys (ConfUtils.java:logGet(43)) - raft.server.log.use.memory = false (default)
2019-09-24 22:56:57,613 [pool-37-thread-1] INFO  server.RaftServerConfigKeys (ConfUtils.java:logGet(43)) - raft.server.notification.no-leader.timeout = 120s (custom)
2019-09-24 22:56:57,614 [pool-67-thread-1] INFO  server.RaftServerConfigKeys (ConfUtils.java:logGet(43)) - raft.server.log.purge.gap = 1000000 (custom)
2019-09-24 22:56:57,614 [pool-47-thread-1] INFO  server.RaftServerConfigKeys (ConfUtils.java:logGet(43)) - raft.server.log.purge.gap = 1000000 (custom)
2019-09-24 22:56:57,614 [pool-67-thread-1] INFO  server.RaftServerConfigKeys (ConfUtils.java:logGet(43)) - raft.server.log.appender.buffer.byte-limit = 33554432 (custom)
2019-09-24 22:56:57,614 [pool-37-thread-1] INFO  server.RaftServerConfigKeys (ConfUtils.java:logGet(43)) - raft.server.log.use.memory = false (default)
2019-09-24 22:56:57,614 [pool-67-thread-1] INFO  server.RaftServerConfigKeys (ConfUtils.java:logGet(43)) - raft.server.log.segment.size.max = 1048576 (custom)
2019-09-24 22:56:57,614 [pool-47-thread-1] INFO  server.RaftServerConfigKeys (ConfUtils.java:logGet(43)) - raft.server.log.appender.buffer.byte-limit = 33554432 (custom)
2019-09-24 22:56:57,614 [950aebb1-966b-4a76-ae1c-f15b3e34cc28@group-838FA7755D81:LeaderElection1] INFO  impl.RoleInfo (RoleInfo.java:shutdownLeaderElection(134)) - 950aebb1-966b-4a76-ae1c-f15b3e34cc28: shutdown LeaderElection
2019-09-24 22:56:57,614 [pool-67-thread-1] INFO  server.RaftServerConfigKeys (ConfUtils.java:logGet(43)) - raft.server.log.segment.cache.num.max = 2 (custom)
2019-09-24 22:56:57,614 [pool-37-thread-1] INFO  server.RaftServerConfigKeys (ConfUtils.java:logGet(43)) - raft.server.log.purge.gap = 1000000 (custom)
2019-09-24 22:56:57,615 [pool-67-thread-1] INFO  segmented.SegmentedRaftLogWorker (SegmentedRaftLogWorker.java:<init>(172)) - new 16bf6e05-f81a-41e5-883a-89e111b126fe@group-ECCDD8E1798D-SegmentedRaftLogWorker for RaftStorage:Storage Directory /workdir/hadoop-ozone/integration-test/target/test-dir/MiniOzoneClusterImpl-5f7a597a-7e5e-4415-9205-5cad3600d18e/datanode-4/data/ratis/b05d07a1-db9a-4822-be39-eccdd8e1798d
2019-09-24 22:56:57,615 [pool-47-thread-1] INFO  server.RaftServerConfigKeys (ConfUtils.java:logGet(43)) - raft.server.log.segment.size.max = 1048576 (custom)
2019-09-24 22:56:57,615 [pool-67-thread-1] INFO  server.RaftServerConfigKeys (ConfUtils.java:logGet(43)) - raft.server.log.queue.byte-limit = 2147483647 (custom)
2019-09-24 22:56:57,615 [pool-37-thread-1] INFO  server.RaftServerConfigKeys (ConfUtils.java:logGet(43)) - raft.server.log.appender.buffer.byte-limit = 33554432 (custom)
2019-09-24 22:56:57,615 [pool-67-thread-1] INFO  server.RaftServerConfigKeys (ConfUtils.java:logGet(43)) - raft.server.log.queue.element-limit = 1024 (custom)
2019-09-24 22:56:57,615 [pool-47-thread-1] INFO  server.RaftServerConfigKeys (ConfUtils.java:logGet(43)) - raft.server.log.segment.cache.num.max = 2 (custom)
2019-09-24 22:56:57,615 [950aebb1-966b-4a76-ae1c-f15b3e34cc28@group-838FA7755D81:LeaderElection1] INFO  impl.RaftServerImpl (RaftServerImpl.java:setRole(174)) - 950aebb1-966b-4a76-ae1c-f15b3e34cc28@group-838FA7755D81: changes role from CANDIDATE to LEADER at term 1 for changeToLeader
2019-09-24 22:56:57,616 [pool-47-thread-1] INFO  segmented.SegmentedRaftLogWorker (SegmentedRaftLogWorker.java:<init>(172)) - new 23c6c9b6-39b4-44f0-84a4-cf624850a9c3@group-ECCDD8E1798D-SegmentedRaftLogWorker for RaftStorage:Storage Directory /workdir/hadoop-ozone/integration-test/target/test-dir/MiniOzoneClusterImpl-5f7a597a-7e5e-4415-9205-5cad3600d18e/datanode-2/data/ratis/b05d07a1-db9a-4822-be39-eccdd8e1798d
2019-09-24 22:56:57,616 [950aebb1-966b-4a76-ae1c-f15b3e34cc28@group-838FA7755D81:LeaderElection1] INFO  impl.RaftServerImpl (ServerState.java:setLeader(253)) - 950aebb1-966b-4a76-ae1c-f15b3e34cc28@group-838FA7755D81: change Leader from null to 950aebb1-966b-4a76-ae1c-f15b3e34cc28 at term 1 for becomeLeader, leader elected after 1355ms
2019-09-24 22:56:57,616 [pool-67-thread-1] INFO  server.RaftServerConfigKeys (ConfUtils.java:logGet(43)) - raft.server.log.segment.size.max = 1048576 (custom)
2019-09-24 22:56:57,616 [pool-67-thread-1] INFO  server.RaftServerConfigKeys (ConfUtils.java:logGet(43)) - raft.server.log.preallocated.size = 16384 (custom)
2019-09-24 22:56:57,616 [pool-37-thread-1] INFO  server.RaftServerConfigKeys (ConfUtils.java:logGet(43)) - raft.server.log.segment.size.max = 1048576 (custom)
2019-09-24 22:56:57,616 [pool-67-thread-1] INFO  server.RaftServerConfigKeys (ConfUtils.java:logGet(43)) - raft.server.log.write.buffer.size = 33554432 (custom)
2019-09-24 22:56:57,616 [pool-47-thread-1] INFO  server.RaftServerConfigKeys (ConfUtils.java:logGet(43)) - raft.server.log.queue.byte-limit = 2147483647 (custom)
2019-09-24 22:56:57,617 [pool-67-thread-1] INFO  server.RaftServerConfigKeys (ConfUtils.java:logGet(43)) - raft.server.log.force.sync.num = 128 (default)
2019-09-24 22:56:57,617 [pool-37-thread-1] INFO  server.RaftServerConfigKeys (ConfUtils.java:logGet(43)) - raft.server.log.segment.cache.num.max = 2 (custom)
2019-09-24 22:56:57,617 [pool-67-thread-1] INFO  server.RaftServerConfigKeys (ConfUtils.java:logGet(43)) - raft.server.log.statemachine.data.sync = true (default)
2019-09-24 22:56:57,617 [pool-47-thread-1] INFO  server.RaftServerConfigKeys (ConfUtils.java:logGet(43)) - raft.server.log.queue.element-limit = 1024 (custom)
2019-09-24 22:56:57,617 [pool-67-thread-1] INFO  server.RaftServerConfigKeys (ConfUtils.java:logGet(43)) - raft.server.log.statemachine.data.sync.timeout = 10s (default)
2019-09-24 22:56:57,617 [pool-37-thread-1] INFO  segmented.SegmentedRaftLogWorker (SegmentedRaftLogWorker.java:<init>(172)) - new df79811b-05d5-490a-beb3-27ac0aff7bfc@group-ECCDD8E1798D-SegmentedRaftLogWorker for RaftStorage:Storage Directory /workdir/hadoop-ozone/integration-test/target/test-dir/MiniOzoneClusterImpl-5f7a597a-7e5e-4415-9205-5cad3600d18e/datanode-1/data/ratis/b05d07a1-db9a-4822-be39-eccdd8e1798d
2019-09-24 22:56:57,617 [pool-67-thread-1] INFO  server.RaftServerConfigKeys (ConfUtils.java:logGet(43)) - raft.server.log.statemachine.data.sync.timeout.retry = -1 (default)
2019-09-24 22:56:57,618 [pool-37-thread-1] INFO  server.RaftServerConfigKeys (ConfUtils.java:logGet(43)) - raft.server.log.queue.byte-limit = 2147483647 (custom)
2019-09-24 22:56:57,617 [pool-47-thread-1] INFO  server.RaftServerConfigKeys (ConfUtils.java:logGet(43)) - raft.server.log.segment.size.max = 1048576 (custom)
2019-09-24 22:56:57,618 [pool-37-thread-1] INFO  server.RaftServerConfigKeys (ConfUtils.java:logGet(43)) - raft.server.log.queue.element-limit = 1024 (custom)
2019-09-24 22:56:57,618 [pool-67-thread-1] INFO  server.RaftServerConfigKeys (ConfUtils.java:logGet(43)) - raft.server.log.statemachine.data.caching.enabled = true (custom)
2019-09-24 22:56:57,618 [pool-37-thread-1] INFO  server.RaftServerConfigKeys (ConfUtils.java:logGet(43)) - raft.server.log.segment.size.max = 1048576 (custom)
2019-09-24 22:56:57,618 [pool-47-thread-1] INFO  server.RaftServerConfigKeys (ConfUtils.java:logGet(43)) - raft.server.log.preallocated.size = 16384 (custom)
2019-09-24 22:56:57,618 [pool-37-thread-1] INFO  server.RaftServerConfigKeys (ConfUtils.java:logGet(43)) - raft.server.log.preallocated.size = 16384 (custom)
2019-09-24 22:56:57,618 [pool-67-thread-1] INFO  segmented.SegmentedRaftLogWorker (SegmentedRaftLogWorker.java:lambda$new$0(132)) - 16bf6e05-f81a-41e5-883a-89e111b126fe@group-ECCDD8E1798D-SegmentedRaftLogWorker: flushIndex: setUnconditionally 0 -> -1
2019-09-24 22:56:57,619 [pool-37-thread-1] INFO  server.RaftServerConfigKeys (ConfUtils.java:logGet(43)) - raft.server.log.write.buffer.size = 33554432 (custom)
2019-09-24 22:56:57,619 [pool-47-thread-1] INFO  server.RaftServerConfigKeys (ConfUtils.java:logGet(43)) - raft.server.log.write.buffer.size = 33554432 (custom)
2019-09-24 22:56:57,619 [pool-37-thread-1] INFO  server.RaftServerConfigKeys (ConfUtils.java:logGet(43)) - raft.server.log.force.sync.num = 128 (default)
2019-09-24 22:56:57,619 [pool-67-thread-1] INFO  server.RaftServerConfigKeys (ConfUtils.java:logGet(43)) - raft.server.snapshot.auto.trigger.enabled = true (custom)
2019-09-24 22:56:57,619 [pool-37-thread-1] INFO  server.RaftServerConfigKeys (ConfUtils.java:logGet(43)) - raft.server.log.statemachine.data.sync = true (default)
2019-09-24 22:56:57,619 [pool-47-thread-1] INFO  server.RaftServerConfigKeys (ConfUtils.java:logGet(43)) - raft.server.log.force.sync.num = 128 (default)
2019-09-24 22:56:57,619 [pool-37-thread-1] INFO  server.RaftServerConfigKeys (ConfUtils.java:logGet(43)) - raft.server.log.statemachine.data.sync.timeout = 10s (default)
2019-09-24 22:56:57,619 [pool-67-thread-1] INFO  server.RaftServerConfigKeys (ConfUtils.java:logGet(43)) - raft.server.snapshot.auto.trigger.threshold = 10000 (custom)
2019-09-24 22:56:57,620 [pool-37-thread-1] INFO  server.RaftServerConfigKeys (ConfUtils.java:logGet(43)) - raft.server.log.statemachine.data.sync.timeout.retry = -1 (default)
2019-09-24 22:56:57,620 [pool-47-thread-1] INFO  server.RaftServerConfigKeys (ConfUtils.java:logGet(43)) - raft.server.log.statemachine.data.sync = true (default)
2019-09-24 22:56:57,620 [pool-37-thread-1] INFO  server.RaftServerConfigKeys (ConfUtils.java:logGet(43)) - raft.server.log.statemachine.data.caching.enabled = true (custom)
2019-09-24 22:56:57,620 [pool-67-thread-1] INFO  server.RaftServerConfigKeys (ConfUtils.java:logGet(43)) - raft.server.snapshot.retention.num.files = 5 (custom)
2019-09-24 22:56:57,620 [pool-47-thread-1] INFO  server.RaftServerConfigKeys (ConfUtils.java:logGet(43)) - raft.server.log.statemachine.data.sync.timeout = 10s (default)
2019-09-24 22:56:57,621 [pool-67-thread-1] INFO  server.RaftServerConfigKeys (ConfUtils.java:logGet(43)) - raft.server.retrycache.expirytime = 600000ms (custom)
2019-09-24 22:56:57,621 [pool-37-thread-1] INFO  segmented.SegmentedRaftLogWorker (SegmentedRaftLogWorker.java:lambda$new$0(132)) - df79811b-05d5-490a-beb3-27ac0aff7bfc@group-ECCDD8E1798D-SegmentedRaftLogWorker: flushIndex: setUnconditionally 0 -> -1
2019-09-24 22:56:57,621 [pool-47-thread-1] INFO  server.RaftServerConfigKeys (ConfUtils.java:logGet(43)) - raft.server.log.statemachine.data.sync.timeout.retry = -1 (default)
2019-09-24 22:56:57,621 [pool-37-thread-1] INFO  server.RaftServerConfigKeys (ConfUtils.java:logGet(43)) - raft.server.snapshot.auto.trigger.enabled = true (custom)
2019-09-24 22:56:57,621 [pool-47-thread-1] INFO  server.RaftServerConfigKeys (ConfUtils.java:logGet(43)) - raft.server.log.statemachine.data.caching.enabled = true (custom)
2019-09-24 22:56:57,621 [pool-37-thread-1] INFO  server.RaftServerConfigKeys (ConfUtils.java:logGet(43)) - raft.server.snapshot.auto.trigger.threshold = 10000 (custom)
2019-09-24 22:56:57,622 [pool-37-thread-1] INFO  server.RaftServerConfigKeys (ConfUtils.java:logGet(43)) - raft.server.snapshot.retention.num.files = 5 (custom)
2019-09-24 22:56:57,622 [pool-47-thread-1] INFO  segmented.SegmentedRaftLogWorker (SegmentedRaftLogWorker.java:lambda$new$0(132)) - 23c6c9b6-39b4-44f0-84a4-cf624850a9c3@group-ECCDD8E1798D-SegmentedRaftLogWorker: flushIndex: setUnconditionally 0 -> -1
2019-09-24 22:56:57,622 [pool-37-thread-1] INFO  server.RaftServerConfigKeys (ConfUtils.java:logGet(43)) - raft.server.retrycache.expirytime = 600000ms (custom)
2019-09-24 22:56:57,622 [pool-47-thread-1] INFO  server.RaftServerConfigKeys (ConfUtils.java:logGet(43)) - raft.server.snapshot.auto.trigger.enabled = true (custom)
2019-09-24 22:56:57,622 [pool-47-thread-1] INFO  server.RaftServerConfigKeys (ConfUtils.java:logGet(43)) - raft.server.snapshot.auto.trigger.threshold = 10000 (custom)
2019-09-24 22:56:57,622 [pool-47-thread-1] INFO  server.RaftServerConfigKeys (ConfUtils.java:logGet(43)) - raft.server.snapshot.retention.num.files = 5 (custom)
2019-09-24 22:56:57,623 [pool-47-thread-1] INFO  server.RaftServerConfigKeys (ConfUtils.java:logGet(43)) - raft.server.retrycache.expirytime = 600000ms (custom)
2019-09-24 22:56:57,623 [pool-67-thread-1] INFO  impl.RaftServerImpl (RaftServerImpl.java:start(185)) - 16bf6e05-f81a-41e5-883a-89e111b126fe@group-ECCDD8E1798D: start as a follower, conf=-1: [16bf6e05-f81a-41e5-883a-89e111b126fe:192.168.151.66:37026, df79811b-05d5-490a-beb3-27ac0aff7bfc:192.168.151.66:34065, 23c6c9b6-39b4-44f0-84a4-cf624850a9c3:192.168.151.66:32846], old=null
2019-09-24 22:56:57,623 [pool-67-thread-1] INFO  impl.RaftServerImpl (RaftServerImpl.java:setRole(174)) - 16bf6e05-f81a-41e5-883a-89e111b126fe@group-ECCDD8E1798D: changes role from      null to FOLLOWER at term 0 for startAsFollower
2019-09-24 22:56:57,625 [950aebb1-966b-4a76-ae1c-f15b3e34cc28@group-838FA7755D81:LeaderElection1] INFO  server.RaftServerConfigKeys (ConfUtils.java:logGet(43)) - raft.server.staging.catchup.gap = 1000 (default)
2019-09-24 22:56:57,625 [pool-67-thread-1] INFO  impl.RoleInfo (RoleInfo.java:updateAndGet(143)) - 16bf6e05-f81a-41e5-883a-89e111b126fe: start FollowerState
2019-09-24 22:56:57,625 [950aebb1-966b-4a76-ae1c-f15b3e34cc28@group-838FA7755D81:LeaderElection1] INFO  server.RaftServerConfigKeys (ConfUtils.java:logGet(43)) - raft.server.rpc.sleep.time = 25ms (default)
2019-09-24 22:56:57,626 [pool-67-thread-1] INFO  util.JmxRegister (JmxRegister.java:tryRegister(44)) - Successfully registered JMX Bean with object name Ratis:service=RaftServer,group=group-ECCDD8E1798D,id=16bf6e05-f81a-41e5-883a-89e111b126fe
2019-09-24 22:56:57,627 [pool-37-thread-1] INFO  impl.RaftServerImpl (RaftServerImpl.java:start(185)) - df79811b-05d5-490a-beb3-27ac0aff7bfc@group-ECCDD8E1798D: start as a follower, conf=-1: [16bf6e05-f81a-41e5-883a-89e111b126fe:192.168.151.66:37026, df79811b-05d5-490a-beb3-27ac0aff7bfc:192.168.151.66:34065, 23c6c9b6-39b4-44f0-84a4-cf624850a9c3:192.168.151.66:32846], old=null
2019-09-24 22:56:57,627 [pool-37-thread-1] INFO  impl.RaftServerImpl (RaftServerImpl.java:setRole(174)) - df79811b-05d5-490a-beb3-27ac0aff7bfc@group-ECCDD8E1798D: changes role from      null to FOLLOWER at term 0 for startAsFollower
2019-09-24 22:56:57,627 [pool-37-thread-1] INFO  impl.RoleInfo (RoleInfo.java:updateAndGet(143)) - df79811b-05d5-490a-beb3-27ac0aff7bfc: start FollowerState
2019-09-24 22:56:57,628 [pool-47-thread-1] INFO  impl.RaftServerImpl (RaftServerImpl.java:start(185)) - 23c6c9b6-39b4-44f0-84a4-cf624850a9c3@group-ECCDD8E1798D: start as a follower, conf=-1: [16bf6e05-f81a-41e5-883a-89e111b126fe:192.168.151.66:37026, df79811b-05d5-490a-beb3-27ac0aff7bfc:192.168.151.66:34065, 23c6c9b6-39b4-44f0-84a4-cf624850a9c3:192.168.151.66:32846], old=null
2019-09-24 22:56:57,630 [pool-47-thread-1] INFO  impl.RaftServerImpl (RaftServerImpl.java:setRole(174)) - 23c6c9b6-39b4-44f0-84a4-cf624850a9c3@group-ECCDD8E1798D: changes role from      null to FOLLOWER at term 0 for startAsFollower
2019-09-24 22:56:57,630 [pool-47-thread-1] INFO  impl.RoleInfo (RoleInfo.java:updateAndGet(143)) - 23c6c9b6-39b4-44f0-84a4-cf624850a9c3: start FollowerState
2019-09-24 22:56:57,630 [pool-37-thread-1] INFO  util.JmxRegister (JmxRegister.java:tryRegister(44)) - Successfully registered JMX Bean with object name Ratis:service=RaftServer,group=group-ECCDD8E1798D,id=df79811b-05d5-490a-beb3-27ac0aff7bfc
2019-09-24 22:56:57,637 [pool-47-thread-1] INFO  util.JmxRegister (JmxRegister.java:tryRegister(44)) - Successfully registered JMX Bean with object name Ratis:service=RaftServer,group=group-ECCDD8E1798D,id=23c6c9b6-39b4-44f0-84a4-cf624850a9c3
2019-09-24 22:56:57,637 [950aebb1-966b-4a76-ae1c-f15b3e34cc28@group-838FA7755D81:LeaderElection1] INFO  server.RaftServerConfigKeys (ConfUtils.java:logGet(43)) - raft.server.write.element-limit = 4096 (default)
2019-09-24 22:56:57,653 [950aebb1-966b-4a76-ae1c-f15b3e34cc28@group-838FA7755D81:LeaderElection1] INFO  server.RaftServerConfigKeys (ConfUtils.java:logGet(43)) - raft.server.watch.timeout = 10s (default)
2019-09-24 22:56:57,653 [950aebb1-966b-4a76-ae1c-f15b3e34cc28@group-838FA7755D81:LeaderElection1] INFO  server.RaftServerConfigKeys (ConfUtils.java:logGet(43)) - raft.server.watch.timeout.denomination = 1s (default)
2019-09-24 22:56:57,657 [950aebb1-966b-4a76-ae1c-f15b3e34cc28@group-838FA7755D81:LeaderElection1] INFO  server.RaftServerConfigKeys (ConfUtils.java:logGet(43)) - raft.server.watch.element-limit = 65536 (default)
2019-09-24 22:56:57,663 [RatisPipelineUtilsThread] INFO  pipeline.PipelineStateManager (PipelineStateManager.java:addPipeline(56)) - Created pipeline Pipeline[ Id: b05d07a1-db9a-4822-be39-eccdd8e1798d, Nodes: df79811b-05d5-490a-beb3-27ac0aff7bfc{ip: 192.168.151.66, host: pr-hdds-2162-v2v4x-1150571016, networkLocation: /default-rack, certSerialId: null}23c6c9b6-39b4-44f0-84a4-cf624850a9c3{ip: 192.168.151.66, host: pr-hdds-2162-v2v4x-1150571016, networkLocation: /default-rack, certSerialId: null}16bf6e05-f81a-41e5-883a-89e111b126fe{ip: 192.168.151.66, host: pr-hdds-2162-v2v4x-1150571016, networkLocation: /default-rack, certSerialId: null}, Type:RATIS, Factor:THREE, State:OPEN]
2019-09-24 22:56:57,685 [grpc-default-executor-2] INFO  impl.RaftServerProxy (RaftServerProxy.java:addNew(89)) - 2eb382c8-b0ed-4536-b55b-1910907e8973: addNew group-AD4279E7EEBD:[dbd80091-9753-44ad-af4d-a1b4cb46f81c:192.168.151.66:34381, d39139c5-5210-4708-b66c-2240b4ead968:192.168.151.66:40063, 2eb382c8-b0ed-4536-b55b-1910907e8973:192.168.151.66:39663] returns group-AD4279E7EEBD:java.util.concurrent.CompletableFuture@428d78b2[Not completed]
2019-09-24 22:56:57,689 [grpc-default-executor-2] INFO  impl.RaftServerProxy (RaftServerProxy.java:addNew(89)) - d39139c5-5210-4708-b66c-2240b4ead968: addNew group-AD4279E7EEBD:[dbd80091-9753-44ad-af4d-a1b4cb46f81c:192.168.151.66:34381, d39139c5-5210-4708-b66c-2240b4ead968:192.168.151.66:40063, 2eb382c8-b0ed-4536-b55b-1910907e8973:192.168.151.66:39663] returns group-AD4279E7EEBD:java.util.concurrent.CompletableFuture@43fbab30[Not completed]
2019-09-24 22:56:57,690 [grpc-default-executor-1] INFO  impl.RaftServerProxy (RaftServerProxy.java:addNew(89)) - dbd80091-9753-44ad-af4d-a1b4cb46f81c: addNew group-AD4279E7EEBD:[dbd80091-9753-44ad-af4d-a1b4cb46f81c:192.168.151.66:34381, d39139c5-5210-4708-b66c-2240b4ead968:192.168.151.66:40063, 2eb382c8-b0ed-4536-b55b-1910907e8973:192.168.151.66:39663] returns group-AD4279E7EEBD:java.util.concurrent.CompletableFuture@19e85d27[Not completed]
2019-09-24 22:56:57,692 [pool-97-thread-1] INFO  impl.RaftServerImpl (RaftServerImpl.java:<init>(95)) - 2eb382c8-b0ed-4536-b55b-1910907e8973: new RaftServerImpl for group-AD4279E7EEBD:[dbd80091-9753-44ad-af4d-a1b4cb46f81c:192.168.151.66:34381, d39139c5-5210-4708-b66c-2240b4ead968:192.168.151.66:40063, 2eb382c8-b0ed-4536-b55b-1910907e8973:192.168.151.66:39663] with ContainerStateMachine:uninitialized
2019-09-24 22:56:57,692 [pool-97-thread-1] INFO  server.RaftServerConfigKeys (ConfUtils.java:logGet(43)) - raft.server.rpc.timeout.min = 1s (custom)
2019-09-24 22:56:57,692 [pool-97-thread-1] INFO  server.RaftServerConfigKeys (ConfUtils.java:logGet(43)) - raft.server.rpc.timeout.max = 1200ms (custom)
2019-09-24 22:56:57,693 [pool-97-thread-1] INFO  server.RaftServerConfigKeys (ConfUtils.java:logGet(43)) - raft.server.rpcslowness.timeout = 120s (custom)
2019-09-24 22:56:57,693 [pool-97-thread-1] INFO  server.RaftServerConfigKeys (ConfUtils.java:logGet(43)) - raft.server.sleep.deviation.threshold = 300 (default)
2019-09-24 22:56:57,693 [pool-97-thread-1] INFO  server.RaftServerConfigKeys (ConfUtils.java:logGet(43)) - raft.server.log.appender.install.snapshot.enabled = false (custom)
2019-09-24 22:56:57,693 [pool-97-thread-1] INFO  impl.RaftServerImpl (ServerState.java:<init>(103)) - 2eb382c8-b0ed-4536-b55b-1910907e8973@group-AD4279E7EEBD: ConfigurationManager, init=-1: [dbd80091-9753-44ad-af4d-a1b4cb46f81c:192.168.151.66:34381, d39139c5-5210-4708-b66c-2240b4ead968:192.168.151.66:40063, 2eb382c8-b0ed-4536-b55b-1910907e8973:192.168.151.66:39663], old=null, confs=<EMPTY_MAP>
2019-09-24 22:56:57,693 [pool-117-thread-1] INFO  impl.RaftServerImpl (RaftServerImpl.java:<init>(95)) - dbd80091-9753-44ad-af4d-a1b4cb46f81c: new RaftServerImpl for group-AD4279E7EEBD:[dbd80091-9753-44ad-af4d-a1b4cb46f81c:192.168.151.66:34381, d39139c5-5210-4708-b66c-2240b4ead968:192.168.151.66:40063, 2eb382c8-b0ed-4536-b55b-1910907e8973:192.168.151.66:39663] with ContainerStateMachine:uninitialized
2019-09-24 22:56:57,693 [pool-97-thread-1] INFO  server.RaftServerConfigKeys (ConfUtils.java:logGet(43)) - raft.server.storage.dir = [/workdir/hadoop-ozone/integration-test/target/test-dir/MiniOzoneClusterImpl-5f7a597a-7e5e-4415-9205-5cad3600d18e/datanode-7/data/ratis] (custom)
2019-09-24 22:56:57,693 [pool-117-thread-1] INFO  server.RaftServerConfigKeys (ConfUtils.java:logGet(43)) - raft.server.rpc.timeout.min = 1s (custom)
2019-09-24 22:56:57,694 [pool-117-thread-1] INFO  server.RaftServerConfigKeys (ConfUtils.java:logGet(43)) - raft.server.rpc.timeout.max = 1200ms (custom)
2019-09-24 22:56:57,694 [pool-87-thread-1] INFO  impl.RaftServerImpl (RaftServerImpl.java:<init>(95)) - d39139c5-5210-4708-b66c-2240b4ead968: new RaftServerImpl for group-AD4279E7EEBD:[dbd80091-9753-44ad-af4d-a1b4cb46f81c:192.168.151.66:34381, d39139c5-5210-4708-b66c-2240b4ead968:192.168.151.66:40063, 2eb382c8-b0ed-4536-b55b-1910907e8973:192.168.151.66:39663] with ContainerStateMachine:uninitialized
2019-09-24 22:56:57,694 [pool-97-thread-1] INFO  storage.RaftStorageDirectory (RaftStorageDirectory.java:analyzeStorage(246)) - The storage directory /workdir/hadoop-ozone/integration-test/target/test-dir/MiniOzoneClusterImpl-5f7a597a-7e5e-4415-9205-5cad3600d18e/datanode-7/data/ratis/e8528599-d944-43ec-b0ad-ad4279e7eebd does not exist. Creating ...
2019-09-24 22:56:57,694 [pool-117-thread-1] INFO  server.RaftServerConfigKeys (ConfUtils.java:logGet(43)) - raft.server.rpcslowness.timeout = 120s (custom)
2019-09-24 22:56:57,694 [pool-87-thread-1] INFO  server.RaftServerConfigKeys (ConfUtils.java:logGet(43)) - raft.server.rpc.timeout.min = 1s (custom)
2019-09-24 22:56:57,694 [950aebb1-966b-4a76-ae1c-f15b3e34cc28@group-838FA7755D81:LeaderElection1] INFO  impl.RoleInfo (RoleInfo.java:updateAndGet(143)) - 950aebb1-966b-4a76-ae1c-f15b3e34cc28: start LeaderState
2019-09-24 22:56:57,694 [pool-87-thread-1] INFO  server.RaftServerConfigKeys (ConfUtils.java:logGet(43)) - raft.server.rpc.timeout.max = 1200ms (custom)
2019-09-24 22:56:57,694 [pool-117-thread-1] INFO  server.RaftServerConfigKeys (ConfUtils.java:logGet(43)) - raft.server.sleep.deviation.threshold = 300 (default)
2019-09-24 22:56:57,695 [pool-87-thread-1] INFO  server.RaftServerConfigKeys (ConfUtils.java:logGet(43)) - raft.server.rpcslowness.timeout = 120s (custom)
2019-09-24 22:56:57,695 [pool-117-thread-1] INFO  server.RaftServerConfigKeys (ConfUtils.java:logGet(43)) - raft.server.log.appender.install.snapshot.enabled = false (custom)
2019-09-24 22:56:57,695 [pool-87-thread-1] INFO  server.RaftServerConfigKeys (ConfUtils.java:logGet(43)) - raft.server.sleep.deviation.threshold = 300 (default)
2019-09-24 22:56:57,695 [pool-117-thread-1] INFO  impl.RaftServerImpl (ServerState.java:<init>(103)) - dbd80091-9753-44ad-af4d-a1b4cb46f81c@group-AD4279E7EEBD: ConfigurationManager, init=-1: [dbd80091-9753-44ad-af4d-a1b4cb46f81c:192.168.151.66:34381, d39139c5-5210-4708-b66c-2240b4ead968:192.168.151.66:40063, 2eb382c8-b0ed-4536-b55b-1910907e8973:192.168.151.66:39663], old=null, confs=<EMPTY_MAP>
2019-09-24 22:56:57,695 [pool-87-thread-1] INFO  server.RaftServerConfigKeys (ConfUtils.java:logGet(43)) - raft.server.log.appender.install.snapshot.enabled = false (custom)
2019-09-24 22:56:57,695 [pool-117-thread-1] INFO  server.RaftServerConfigKeys (ConfUtils.java:logGet(43)) - raft.server.storage.dir = [/workdir/hadoop-ozone/integration-test/target/test-dir/MiniOzoneClusterImpl-5f7a597a-7e5e-4415-9205-5cad3600d18e/datanode-9/data/ratis] (custom)
2019-09-24 22:56:57,695 [pool-87-thread-1] INFO  impl.RaftServerImpl (ServerState.java:<init>(103)) - d39139c5-5210-4708-b66c-2240b4ead968@group-AD4279E7EEBD: ConfigurationManager, init=-1: [dbd80091-9753-44ad-af4d-a1b4cb46f81c:192.168.151.66:34381, d39139c5-5210-4708-b66c-2240b4ead968:192.168.151.66:40063, 2eb382c8-b0ed-4536-b55b-1910907e8973:192.168.151.66:39663], old=null, confs=<EMPTY_MAP>
2019-09-24 22:56:57,696 [pool-87-thread-1] INFO  server.RaftServerConfigKeys (ConfUtils.java:logGet(43)) - raft.server.storage.dir = [/workdir/hadoop-ozone/integration-test/target/test-dir/MiniOzoneClusterImpl-5f7a597a-7e5e-4415-9205-5cad3600d18e/datanode-6/data/ratis] (custom)
2019-09-24 22:56:57,696 [pool-117-thread-1] INFO  storage.RaftStorageDirectory (RaftStorageDirectory.java:analyzeStorage(246)) - The storage directory /workdir/hadoop-ozone/integration-test/target/test-dir/MiniOzoneClusterImpl-5f7a597a-7e5e-4415-9205-5cad3600d18e/datanode-9/data/ratis/e8528599-d944-43ec-b0ad-ad4279e7eebd does not exist. Creating ...
2019-09-24 22:56:57,696 [pool-87-thread-1] INFO  storage.RaftStorageDirectory (RaftStorageDirectory.java:analyzeStorage(246)) - The storage directory /workdir/hadoop-ozone/integration-test/target/test-dir/MiniOzoneClusterImpl-5f7a597a-7e5e-4415-9205-5cad3600d18e/datanode-6/data/ratis/e8528599-d944-43ec-b0ad-ad4279e7eebd does not exist. Creating ...
2019-09-24 22:56:57,721 [pool-117-thread-1] INFO  storage.RaftStorageDirectory (RaftStorageDirectory.java:tryLock(328)) - Lock on /workdir/hadoop-ozone/integration-test/target/test-dir/MiniOzoneClusterImpl-5f7a597a-7e5e-4415-9205-5cad3600d18e/datanode-9/data/ratis/e8528599-d944-43ec-b0ad-ad4279e7eebd/in_use.lock acquired by nodename 5417@pr-hdds-2162-v2v4x-1150571016
2019-09-24 22:56:57,721 [pool-87-thread-1] INFO  storage.RaftStorageDirectory (RaftStorageDirectory.java:tryLock(328)) - Lock on /workdir/hadoop-ozone/integration-test/target/test-dir/MiniOzoneClusterImpl-5f7a597a-7e5e-4415-9205-5cad3600d18e/datanode-6/data/ratis/e8528599-d944-43ec-b0ad-ad4279e7eebd/in_use.lock acquired by nodename 5417@pr-hdds-2162-v2v4x-1150571016
2019-09-24 22:56:57,721 [pool-97-thread-1] INFO  storage.RaftStorageDirectory (RaftStorageDirectory.java:tryLock(328)) - Lock on /workdir/hadoop-ozone/integration-test/target/test-dir/MiniOzoneClusterImpl-5f7a597a-7e5e-4415-9205-5cad3600d18e/datanode-7/data/ratis/e8528599-d944-43ec-b0ad-ad4279e7eebd/in_use.lock acquired by nodename 5417@pr-hdds-2162-v2v4x-1150571016
2019-09-24 22:56:57,721 [950aebb1-966b-4a76-ae1c-f15b3e34cc28@group-838FA7755D81:LeaderElection1] INFO  segmented.SegmentedRaftLogWorker (SegmentedRaftLogWorker.java:startLogSegment(380)) - 950aebb1-966b-4a76-ae1c-f15b3e34cc28@group-838FA7755D81-SegmentedRaftLogWorker: Starting segment from index:0
2019-09-24 22:56:57,734 [950aebb1-966b-4a76-ae1c-f15b3e34cc28@group-838FA7755D81:LeaderElection1] INFO  impl.RaftServerImpl (ServerState.java:setRaftConf(354)) - 950aebb1-966b-4a76-ae1c-f15b3e34cc28@group-838FA7755D81: set configuration 0: [950aebb1-966b-4a76-ae1c-f15b3e34cc28:192.168.151.66:43627], old=null at 0
2019-09-24 22:56:57,739 [Thread-288] INFO  impl.FollowerState (FollowerState.java:run(106)) - df79811b-05d5-490a-beb3-27ac0aff7bfc:group-701E019007C8 changes to CANDIDATE, lastRpcTime:1116, electionTimeout:1115ms
2019-09-24 22:56:57,741 [Thread-288] INFO  impl.RoleInfo (RoleInfo.java:shutdownFollowerState(121)) - df79811b-05d5-490a-beb3-27ac0aff7bfc: shutdown FollowerState
2019-09-24 22:56:57,741 [Thread-288] INFO  impl.RaftServerImpl (RaftServerImpl.java:setRole(174)) - df79811b-05d5-490a-beb3-27ac0aff7bfc@group-701E019007C8: changes role from  FOLLOWER to CANDIDATE at term 0 for changeToCandidate
2019-09-24 22:56:57,742 [Thread-288] INFO  impl.RoleInfo (RoleInfo.java:updateAndGet(143)) - df79811b-05d5-490a-beb3-27ac0aff7bfc: start LeaderElection
2019-09-24 22:56:57,745 [pool-97-thread-1] INFO  storage.RaftStorage (RaftStorage.java:format(72)) - Storage directory /workdir/hadoop-ozone/integration-test/target/test-dir/MiniOzoneClusterImpl-5f7a597a-7e5e-4415-9205-5cad3600d18e/datanode-7/data/ratis/e8528599-d944-43ec-b0ad-ad4279e7eebd has been successfully formatted.
2019-09-24 22:56:57,749 [pool-117-thread-1] INFO  storage.RaftStorage (RaftStorage.java:format(72)) - Storage directory /workdir/hadoop-ozone/integration-test/target/test-dir/MiniOzoneClusterImpl-5f7a597a-7e5e-4415-9205-5cad3600d18e/datanode-9/data/ratis/e8528599-d944-43ec-b0ad-ad4279e7eebd has been successfully formatted.
2019-09-24 22:56:57,745 [pool-87-thread-1] INFO  storage.RaftStorage (RaftStorage.java:format(72)) - Storage directory /workdir/hadoop-ozone/integration-test/target/test-dir/MiniOzoneClusterImpl-5f7a597a-7e5e-4415-9205-5cad3600d18e/datanode-6/data/ratis/e8528599-d944-43ec-b0ad-ad4279e7eebd has been successfully formatted.
2019-09-24 22:56:57,753 [pool-117-thread-1] INFO  ratis.ContainerStateMachine (ContainerStateMachine.java:loadSnapshot(230)) - group-AD4279E7EEBD: The snapshot info is null. Setting the last applied indexto:(t:0, i:~)
2019-09-24 22:56:57,752 [pool-97-thread-1] INFO  ratis.ContainerStateMachine (ContainerStateMachine.java:loadSnapshot(230)) - group-AD4279E7EEBD: The snapshot info is null. Setting the last applied indexto:(t:0, i:~)
2019-09-24 22:56:57,755 [pool-87-thread-1] INFO  ratis.ContainerStateMachine (ContainerStateMachine.java:loadSnapshot(230)) - group-AD4279E7EEBD: The snapshot info is null. Setting the last applied indexto:(t:0, i:~)
2019-09-24 22:56:57,755 [pool-117-thread-1] INFO  server.RaftServerConfigKeys (ConfUtils.java:logGet(43)) - raft.server.notification.no-leader.timeout = 120s (custom)
2019-09-24 22:56:57,756 [pool-87-thread-1] INFO  server.RaftServerConfigKeys (ConfUtils.java:logGet(43)) - raft.server.notification.no-leader.timeout = 120s (custom)
2019-09-24 22:56:57,756 [pool-97-thread-1] INFO  server.RaftServerConfigKeys (ConfUtils.java:logGet(43)) - raft.server.notification.no-leader.timeout = 120s (custom)
2019-09-24 22:56:57,756 [pool-87-thread-1] INFO  server.RaftServerConfigKeys (ConfUtils.java:logGet(43)) - raft.server.log.use.memory = false (default)
2019-09-24 22:56:57,756 [pool-117-thread-1] INFO  server.RaftServerConfigKeys (ConfUtils.java:logGet(43)) - raft.server.log.use.memory = false (default)
2019-09-24 22:56:57,756 [pool-87-thread-1] INFO  server.RaftServerConfigKeys (ConfUtils.java:logGet(43)) - raft.server.log.purge.gap = 1000000 (custom)
2019-09-24 22:56:57,756 [pool-97-thread-1] INFO  server.RaftServerConfigKeys (ConfUtils.java:logGet(43)) - raft.server.log.use.memory = false (default)
2019-09-24 22:56:57,757 [pool-87-thread-1] INFO  server.RaftServerConfigKeys (ConfUtils.java:logGet(43)) - raft.server.log.appender.buffer.byte-limit = 33554432 (custom)
2019-09-24 22:56:57,757 [pool-117-thread-1] INFO  server.RaftServerConfigKeys (ConfUtils.java:logGet(43)) - raft.server.log.purge.gap = 1000000 (custom)
2019-09-24 22:56:57,757 [pool-87-thread-1] INFO  server.RaftServerConfigKeys (ConfUtils.java:logGet(43)) - raft.server.log.segment.size.max = 1048576 (custom)
2019-09-24 22:56:57,757 [pool-97-thread-1] INFO  server.RaftServerConfigKeys (ConfUtils.java:logGet(43)) - raft.server.log.purge.gap = 1000000 (custom)
2019-09-24 22:56:57,757 [pool-87-thread-1] INFO  server.RaftServerConfigKeys (ConfUtils.java:logGet(43)) - raft.server.log.segment.cache.num.max = 2 (custom)
2019-09-24 22:56:57,757 [pool-117-thread-1] INFO  server.RaftServerConfigKeys (ConfUtils.java:logGet(43)) - raft.server.log.appender.buffer.byte-limit = 33554432 (custom)
2019-09-24 22:56:57,758 [pool-87-thread-1] INFO  segmented.SegmentedRaftLogWorker (SegmentedRaftLogWorker.java:<init>(172)) - new d39139c5-5210-4708-b66c-2240b4ead968@group-AD4279E7EEBD-SegmentedRaftLogWorker for RaftStorage:Storage Directory /workdir/hadoop-ozone/integration-test/target/test-dir/MiniOzoneClusterImpl-5f7a597a-7e5e-4415-9205-5cad3600d18e/datanode-6/data/ratis/e8528599-d944-43ec-b0ad-ad4279e7eebd
2019-09-24 22:56:57,757 [pool-97-thread-1] INFO  server.RaftServerConfigKeys (ConfUtils.java:logGet(43)) - raft.server.log.appender.buffer.byte-limit = 33554432 (custom)
2019-09-24 22:56:57,758 [pool-87-thread-1] INFO  server.RaftServerConfigKeys (ConfUtils.java:logGet(43)) - raft.server.log.queue.byte-limit = 2147483647 (custom)
2019-09-24 22:56:57,758 [pool-117-thread-1] INFO  server.RaftServerConfigKeys (ConfUtils.java:logGet(43)) - raft.server.log.segment.size.max = 1048576 (custom)
2019-09-24 22:56:57,758 [pool-87-thread-1] INFO  server.RaftServerConfigKeys (ConfUtils.java:logGet(43)) - raft.server.log.queue.element-limit = 1024 (custom)
2019-09-24 22:56:57,758 [pool-97-thread-1] INFO  server.RaftServerConfigKeys (ConfUtils.java:logGet(43)) - raft.server.log.segment.size.max = 1048576 (custom)
2019-09-24 22:56:57,759 [pool-87-thread-1] INFO  server.RaftServerConfigKeys (ConfUtils.java:logGet(43)) - raft.server.log.segment.size.max = 1048576 (custom)
2019-09-24 22:56:57,758 [pool-117-thread-1] INFO  server.RaftServerConfigKeys (ConfUtils.java:logGet(43)) - raft.server.log.segment.cache.num.max = 2 (custom)
2019-09-24 22:56:57,759 [pool-87-thread-1] INFO  server.RaftServerConfigKeys (ConfUtils.java:logGet(43)) - raft.server.log.preallocated.size = 16384 (custom)
2019-09-24 22:56:57,759 [pool-87-thread-1] INFO  server.RaftServerConfigKeys (ConfUtils.java:logGet(43)) - raft.server.log.write.buffer.size = 33554432 (custom)
2019-09-24 22:56:57,759 [pool-97-thread-1] INFO  server.RaftServerConfigKeys (ConfUtils.java:logGet(43)) - raft.server.log.segment.cache.num.max = 2 (custom)
2019-09-24 22:56:57,759 [pool-87-thread-1] INFO  server.RaftServerConfigKeys (ConfUtils.java:logGet(43)) - raft.server.log.force.sync.num = 128 (default)
2019-09-24 22:56:57,759 [pool-117-thread-1] INFO  segmented.SegmentedRaftLogWorker (SegmentedRaftLogWorker.java:<init>(172)) - new dbd80091-9753-44ad-af4d-a1b4cb46f81c@group-AD4279E7EEBD-SegmentedRaftLogWorker for RaftStorage:Storage Directory /workdir/hadoop-ozone/integration-test/target/test-dir/MiniOzoneClusterImpl-5f7a597a-7e5e-4415-9205-5cad3600d18e/datanode-9/data/ratis/e8528599-d944-43ec-b0ad-ad4279e7eebd
2019-09-24 22:56:57,760 [pool-87-thread-1] INFO  server.RaftServerConfigKeys (ConfUtils.java:logGet(43)) - raft.server.log.statemachine.data.sync = true (default)
2019-09-24 22:56:57,759 [pool-97-thread-1] INFO  segmented.SegmentedRaftLogWorker (SegmentedRaftLogWorker.java:<init>(172)) - new 2eb382c8-b0ed-4536-b55b-1910907e8973@group-AD4279E7EEBD-SegmentedRaftLogWorker for RaftStorage:Storage Directory /workdir/hadoop-ozone/integration-test/target/test-dir/MiniOzoneClusterImpl-5f7a597a-7e5e-4415-9205-5cad3600d18e/datanode-7/data/ratis/e8528599-d944-43ec-b0ad-ad4279e7eebd
2019-09-24 22:56:57,760 [pool-87-thread-1] INFO  server.RaftServerConfigKeys (ConfUtils.java:logGet(43)) - raft.server.log.statemachine.data.sync.timeout = 10s (default)
2019-09-24 22:56:57,760 [pool-117-thread-1] INFO  server.RaftServerConfigKeys (ConfUtils.java:logGet(43)) - raft.server.log.queue.byte-limit = 2147483647 (custom)
2019-09-24 22:56:57,760 [pool-87-thread-1] INFO  server.RaftServerConfigKeys (ConfUtils.java:logGet(43)) - raft.server.log.statemachine.data.sync.timeout.retry = -1 (default)
2019-09-24 22:56:57,760 [pool-97-thread-1] INFO  server.RaftServerConfigKeys (ConfUtils.java:logGet(43)) - raft.server.log.queue.byte-limit = 2147483647 (custom)
2019-09-24 22:56:57,761 [pool-87-thread-1] INFO  server.RaftServerConfigKeys (ConfUtils.java:logGet(43)) - raft.server.log.statemachine.data.caching.enabled = true (custom)
2019-09-24 22:56:57,760 [pool-117-thread-1] INFO  server.RaftServerConfigKeys (ConfUtils.java:logGet(43)) - raft.server.log.queue.element-limit = 1024 (custom)
2019-09-24 22:56:57,761 [pool-97-thread-1] INFO  server.RaftServerConfigKeys (ConfUtils.java:logGet(43)) - raft.server.log.queue.element-limit = 1024 (custom)
2019-09-24 22:56:57,761 [pool-87-thread-1] INFO  segmented.SegmentedRaftLogWorker (SegmentedRaftLogWorker.java:lambda$new$0(132)) - d39139c5-5210-4708-b66c-2240b4ead968@group-AD4279E7EEBD-SegmentedRaftLogWorker: flushIndex: setUnconditionally 0 -> -1
2019-09-24 22:56:57,761 [pool-117-thread-1] INFO  server.RaftServerConfigKeys (ConfUtils.java:logGet(43)) - raft.server.log.segment.size.max = 1048576 (custom)
2019-09-24 22:56:57,761 [pool-97-thread-1] INFO  server.RaftServerConfigKeys (ConfUtils.java:logGet(43)) - raft.server.log.segment.size.max = 1048576 (custom)
2019-09-24 22:56:57,761 [pool-87-thread-1] INFO  server.RaftServerConfigKeys (ConfUtils.java:logGet(43)) - raft.server.snapshot.auto.trigger.enabled = true (custom)
2019-09-24 22:56:57,761 [pool-117-thread-1] INFO  server.RaftServerConfigKeys (ConfUtils.java:logGet(43)) - raft.server.log.preallocated.size = 16384 (custom)
2019-09-24 22:56:57,762 [pool-87-thread-1] INFO  server.RaftServerConfigKeys (ConfUtils.java:logGet(43)) - raft.server.snapshot.auto.trigger.threshold = 10000 (custom)
2019-09-24 22:56:57,762 [pool-97-thread-1] INFO  server.RaftServerConfigKeys (ConfUtils.java:logGet(43)) - raft.server.log.preallocated.size = 16384 (custom)
2019-09-24 22:56:57,762 [pool-87-thread-1] INFO  server.RaftServerConfigKeys (ConfUtils.java:logGet(43)) - raft.server.snapshot.retention.num.files = 5 (custom)
2019-09-24 22:56:57,762 [pool-117-thread-1] INFO  server.RaftServerConfigKeys (ConfUtils.java:logGet(43)) - raft.server.log.write.buffer.size = 33554432 (custom)
2019-09-24 22:56:57,762 [pool-97-thread-1] INFO  server.RaftServerConfigKeys (ConfUtils.java:logGet(43)) - raft.server.log.write.buffer.size = 33554432 (custom)
2019-09-24 22:56:57,763 [pool-87-thread-1] INFO  server.RaftServerConfigKeys (ConfUtils.java:logGet(43)) - raft.server.retrycache.expirytime = 600000ms (custom)
2019-09-24 22:56:57,763 [pool-117-thread-1] INFO  server.RaftServerConfigKeys (ConfUtils.java:logGet(43)) - raft.server.log.force.sync.num = 128 (default)
2019-09-24 22:56:57,763 [pool-97-thread-1] INFO  server.RaftServerConfigKeys (ConfUtils.java:logGet(43)) - raft.server.log.force.sync.num = 128 (default)
2019-09-24 22:56:57,763 [pool-117-thread-1] INFO  server.RaftServerConfigKeys (ConfUtils.java:logGet(43)) - raft.server.log.statemachine.data.sync = true (default)
2019-09-24 22:56:57,763 [pool-97-thread-1] INFO  server.RaftServerConfigKeys (ConfUtils.java:logGet(43)) - raft.server.log.statemachine.data.sync = true (default)
2019-09-24 22:56:57,763 [pool-117-thread-1] INFO  server.RaftServerConfigKeys (ConfUtils.java:logGet(43)) - raft.server.log.statemachine.data.sync.timeout = 10s (default)
2019-09-24 22:56:57,763 [pool-97-thread-1] INFO  server.RaftServerConfigKeys (ConfUtils.java:logGet(43)) - raft.server.log.statemachine.data.sync.timeout = 10s (default)
2019-09-24 22:56:57,764 [pool-117-thread-1] INFO  server.RaftServerConfigKeys (ConfUtils.java:logGet(43)) - raft.server.log.statemachine.data.sync.timeout.retry = -1 (default)
2019-09-24 22:56:57,764 [pool-97-thread-1] INFO  server.RaftServerConfigKeys (ConfUtils.java:logGet(43)) - raft.server.log.statemachine.data.sync.timeout.retry = -1 (default)
2019-09-24 22:56:57,764 [pool-117-thread-1] INFO  server.RaftServerConfigKeys (ConfUtils.java:logGet(43)) - raft.server.log.statemachine.data.caching.enabled = true (custom)
2019-09-24 22:56:57,764 [pool-97-thread-1] INFO  server.RaftServerConfigKeys (ConfUtils.java:logGet(43)) - raft.server.log.statemachine.data.caching.enabled = true (custom)
2019-09-24 22:56:57,764 [pool-117-thread-1] INFO  segmented.SegmentedRaftLogWorker (SegmentedRaftLogWorker.java:lambda$new$0(132)) - dbd80091-9753-44ad-af4d-a1b4cb46f81c@group-AD4279E7EEBD-SegmentedRaftLogWorker: flushIndex: setUnconditionally 0 -> -1
2019-09-24 22:56:57,764 [pool-97-thread-1] INFO  segmented.SegmentedRaftLogWorker (SegmentedRaftLogWorker.java:lambda$new$0(132)) - 2eb382c8-b0ed-4536-b55b-1910907e8973@group-AD4279E7EEBD-SegmentedRaftLogWorker: flushIndex: setUnconditionally 0 -> -1
2019-09-24 22:56:57,765 [pool-117-thread-1] INFO  server.RaftServerConfigKeys (ConfUtils.java:logGet(43)) - raft.server.snapshot.auto.trigger.enabled = true (custom)
2019-09-24 22:56:57,765 [pool-117-thread-1] INFO  server.RaftServerConfigKeys (ConfUtils.java:logGet(43)) - raft.server.snapshot.auto.trigger.threshold = 10000 (custom)
2019-09-24 22:56:57,765 [pool-97-thread-1] INFO  server.RaftServerConfigKeys (ConfUtils.java:logGet(43)) - raft.server.snapshot.auto.trigger.enabled = true (custom)
2019-09-24 22:56:57,765 [pool-117-thread-1] INFO  server.RaftServerConfigKeys (ConfUtils.java:logGet(43)) - raft.server.snapshot.retention.num.files = 5 (custom)
2019-09-24 22:56:57,765 [pool-97-thread-1] INFO  server.RaftServerConfigKeys (ConfUtils.java:logGet(43)) - raft.server.snapshot.auto.trigger.threshold = 10000 (custom)
2019-09-24 22:56:57,765 [pool-117-thread-1] INFO  server.RaftServerConfigKeys (ConfUtils.java:logGet(43)) - raft.server.retrycache.expirytime = 600000ms (custom)
2019-09-24 22:56:57,765 [pool-97-thread-1] INFO  server.RaftServerConfigKeys (ConfUtils.java:logGet(43)) - raft.server.snapshot.retention.num.files = 5 (custom)
2019-09-24 22:56:57,766 [pool-87-thread-1] INFO  impl.RaftServerImpl (RaftServerImpl.java:start(185)) - d39139c5-5210-4708-b66c-2240b4ead968@group-AD4279E7EEBD: start as a follower, conf=-1: [dbd80091-9753-44ad-af4d-a1b4cb46f81c:192.168.151.66:34381, d39139c5-5210-4708-b66c-2240b4ead968:192.168.151.66:40063, 2eb382c8-b0ed-4536-b55b-1910907e8973:192.168.151.66:39663], old=null
2019-09-24 22:56:57,766 [pool-97-thread-1] INFO  server.RaftServerConfigKeys (ConfUtils.java:logGet(43)) - raft.server.retrycache.expirytime = 600000ms (custom)
2019-09-24 22:56:57,766 [pool-87-thread-1] INFO  impl.RaftServerImpl (RaftServerImpl.java:setRole(174)) - d39139c5-5210-4708-b66c-2240b4ead968@group-AD4279E7EEBD: changes role from      null to FOLLOWER at term 0 for startAsFollower
2019-09-24 22:56:57,766 [pool-87-thread-1] INFO  impl.RoleInfo (RoleInfo.java:updateAndGet(143)) - d39139c5-5210-4708-b66c-2240b4ead968: start FollowerState
2019-09-24 22:56:57,767 [pool-87-thread-1] INFO  util.JmxRegister (JmxRegister.java:tryRegister(44)) - Successfully registered JMX Bean with object name Ratis:service=RaftServer,group=group-AD4279E7EEBD,id=d39139c5-5210-4708-b66c-2240b4ead968
2019-09-24 22:56:57,767 [df79811b-05d5-490a-beb3-27ac0aff7bfc@group-701E019007C8:LeaderElection2] INFO  impl.LeaderElection (LeaderElection.java:askForVotes(182)) - df79811b-05d5-490a-beb3-27ac0aff7bfc@group-701E019007C8:LeaderElection2: begin an election at term 1 for -1: [df79811b-05d5-490a-beb3-27ac0aff7bfc:192.168.151.66:34065], old=null
2019-09-24 22:56:57,768 [df79811b-05d5-490a-beb3-27ac0aff7bfc@group-701E019007C8:LeaderElection2] INFO  impl.RoleInfo (RoleInfo.java:shutdownLeaderElection(134)) - df79811b-05d5-490a-beb3-27ac0aff7bfc: shutdown LeaderElection
2019-09-24 22:56:57,768 [df79811b-05d5-490a-beb3-27ac0aff7bfc@group-701E019007C8:LeaderElection2] INFO  impl.RaftServerImpl (RaftServerImpl.java:setRole(174)) - df79811b-05d5-490a-beb3-27ac0aff7bfc@group-701E019007C8: changes role from CANDIDATE to LEADER at term 1 for changeToLeader
2019-09-24 22:56:57,768 [df79811b-05d5-490a-beb3-27ac0aff7bfc@group-701E019007C8:LeaderElection2] INFO  impl.RaftServerImpl (ServerState.java:setLeader(253)) - df79811b-05d5-490a-beb3-27ac0aff7bfc@group-701E019007C8: change Leader from null to df79811b-05d5-490a-beb3-27ac0aff7bfc at term 1 for becomeLeader, leader elected after 1159ms
2019-09-24 22:56:57,771 [df79811b-05d5-490a-beb3-27ac0aff7bfc@group-701E019007C8:LeaderElection2] INFO  server.RaftServerConfigKeys (ConfUtils.java:logGet(43)) - raft.server.staging.catchup.gap = 1000 (default)
2019-09-24 22:56:57,771 [df79811b-05d5-490a-beb3-27ac0aff7bfc@group-701E019007C8:LeaderElection2] INFO  server.RaftServerConfigKeys (ConfUtils.java:logGet(43)) - raft.server.rpc.sleep.time = 25ms (default)
2019-09-24 22:56:57,771 [pool-117-thread-1] INFO  impl.RaftServerImpl (RaftServerImpl.java:start(185)) - dbd80091-9753-44ad-af4d-a1b4cb46f81c@group-AD4279E7EEBD: start as a follower, conf=-1: [dbd80091-9753-44ad-af4d-a1b4cb46f81c:192.168.151.66:34381, d39139c5-5210-4708-b66c-2240b4ead968:192.168.151.66:40063, 2eb382c8-b0ed-4536-b55b-1910907e8973:192.168.151.66:39663], old=null
2019-09-24 22:56:57,771 [df79811b-05d5-490a-beb3-27ac0aff7bfc@group-701E019007C8:LeaderElection2] INFO  server.RaftServerConfigKeys (ConfUtils.java:logGet(43)) - raft.server.write.element-limit = 4096 (default)
2019-09-24 22:56:57,771 [pool-117-thread-1] INFO  impl.RaftServerImpl (RaftServerImpl.java:setRole(174)) - dbd80091-9753-44ad-af4d-a1b4cb46f81c@group-AD4279E7EEBD: changes role from      null to FOLLOWER at term 0 for startAsFollower
2019-09-24 22:56:57,771 [df79811b-05d5-490a-beb3-27ac0aff7bfc@group-701E019007C8:LeaderElection2] INFO  server.RaftServerConfigKeys (ConfUtils.java:logGet(43)) - raft.server.watch.timeout = 10s (default)
2019-09-24 22:56:57,771 [pool-117-thread-1] INFO  impl.RoleInfo (RoleInfo.java:updateAndGet(143)) - dbd80091-9753-44ad-af4d-a1b4cb46f81c: start FollowerState
2019-09-24 22:56:57,771 [df79811b-05d5-490a-beb3-27ac0aff7bfc@group-701E019007C8:LeaderElection2] INFO  server.RaftServerConfigKeys (ConfUtils.java:logGet(43)) - raft.server.watch.timeout.denomination = 1s (default)
2019-09-24 22:56:57,772 [pool-97-thread-1] INFO  impl.RaftServerImpl (RaftServerImpl.java:start(185)) - 2eb382c8-b0ed-4536-b55b-1910907e8973@group-AD4279E7EEBD: start as a follower, conf=-1: [dbd80091-9753-44ad-af4d-a1b4cb46f81c:192.168.151.66:34381, d39139c5-5210-4708-b66c-2240b4ead968:192.168.151.66:40063, 2eb382c8-b0ed-4536-b55b-1910907e8973:192.168.151.66:39663], old=null
2019-09-24 22:56:57,772 [pool-117-thread-1] INFO  util.JmxRegister (JmxRegister.java:tryRegister(44)) - Successfully registered JMX Bean with object name Ratis:service=RaftServer,group=group-AD4279E7EEBD,id=dbd80091-9753-44ad-af4d-a1b4cb46f81c
2019-09-24 22:56:57,772 [df79811b-05d5-490a-beb3-27ac0aff7bfc@group-701E019007C8:LeaderElection2] INFO  server.RaftServerConfigKeys (ConfUtils.java:logGet(43)) - raft.server.watch.element-limit = 65536 (default)
2019-09-24 22:56:57,772 [pool-97-thread-1] INFO  impl.RaftServerImpl (RaftServerImpl.java:setRole(174)) - 2eb382c8-b0ed-4536-b55b-1910907e8973@group-AD4279E7EEBD: changes role from      null to FOLLOWER at term 0 for startAsFollower
2019-09-24 22:56:57,775 [pool-97-thread-1] INFO  impl.RoleInfo (RoleInfo.java:updateAndGet(143)) - 2eb382c8-b0ed-4536-b55b-1910907e8973: start FollowerState
2019-09-24 22:56:57,775 [pool-97-thread-1] INFO  util.JmxRegister (JmxRegister.java:tryRegister(44)) - Successfully registered JMX Bean with object name Ratis:service=RaftServer,group=group-AD4279E7EEBD,id=2eb382c8-b0ed-4536-b55b-1910907e8973
2019-09-24 22:56:57,790 [df79811b-05d5-490a-beb3-27ac0aff7bfc@group-701E019007C8:LeaderElection2] INFO  impl.RoleInfo (RoleInfo.java:updateAndGet(143)) - df79811b-05d5-490a-beb3-27ac0aff7bfc: start LeaderState
2019-09-24 22:56:57,791 [df79811b-05d5-490a-beb3-27ac0aff7bfc@group-701E019007C8:LeaderElection2] INFO  segmented.SegmentedRaftLogWorker (SegmentedRaftLogWorker.java:startLogSegment(380)) - df79811b-05d5-490a-beb3-27ac0aff7bfc@group-701E019007C8-SegmentedRaftLogWorker: Starting segment from index:0
2019-09-24 22:56:57,793 [df79811b-05d5-490a-beb3-27ac0aff7bfc@group-701E019007C8:LeaderElection2] INFO  impl.RaftServerImpl (ServerState.java:setRaftConf(354)) - df79811b-05d5-490a-beb3-27ac0aff7bfc@group-701E019007C8: set configuration 0: [df79811b-05d5-490a-beb3-27ac0aff7bfc:192.168.151.66:34065], old=null at 0
2019-09-24 22:56:57,797 [RatisPipelineUtilsThread] INFO  pipeline.PipelineStateManager (PipelineStateManager.java:addPipeline(56)) - Created pipeline Pipeline[ Id: e8528599-d944-43ec-b0ad-ad4279e7eebd, Nodes: d39139c5-5210-4708-b66c-2240b4ead968{ip: 192.168.151.66, host: pr-hdds-2162-v2v4x-1150571016, networkLocation: /default-rack, certSerialId: null}dbd80091-9753-44ad-af4d-a1b4cb46f81c{ip: 192.168.151.66, host: pr-hdds-2162-v2v4x-1150571016, networkLocation: /default-rack, certSerialId: null}2eb382c8-b0ed-4536-b55b-1910907e8973{ip: 192.168.151.66, host: pr-hdds-2162-v2v4x-1150571016, networkLocation: /default-rack, certSerialId: null}, Type:RATIS, Factor:THREE, State:OPEN]
2019-09-24 22:56:57,821 [grpc-default-executor-0] INFO  impl.RaftServerProxy (RaftServerProxy.java:addNew(89)) - 1b127d74-8e4f-43fe-9dad-7b769944c181: addNew group-FE8252D5120B:[c20705ec-6f31-4e08-9cc6-abff4709d2d8:192.168.151.66:43439, 1b127d74-8e4f-43fe-9dad-7b769944c181:192.168.151.66:33728, 950aebb1-966b-4a76-ae1c-f15b3e34cc28:192.168.151.66:43627] returns group-FE8252D5120B:java.util.concurrent.CompletableFuture@1c38e8f8[Not completed]
2019-09-24 22:56:57,826 [pool-57-thread-1] INFO  impl.RaftServerImpl (RaftServerImpl.java:<init>(95)) - 1b127d74-8e4f-43fe-9dad-7b769944c181: new RaftServerImpl for group-FE8252D5120B:[c20705ec-6f31-4e08-9cc6-abff4709d2d8:192.168.151.66:43439, 1b127d74-8e4f-43fe-9dad-7b769944c181:192.168.151.66:33728, 950aebb1-966b-4a76-ae1c-f15b3e34cc28:192.168.151.66:43627] with ContainerStateMachine:uninitialized
2019-09-24 22:56:57,827 [pool-57-thread-1] INFO  server.RaftServerConfigKeys (ConfUtils.java:logGet(43)) - raft.server.rpc.timeout.min = 1s (custom)
2019-09-24 22:56:57,828 [pool-57-thread-1] INFO  server.RaftServerConfigKeys (ConfUtils.java:logGet(43)) - raft.server.rpc.timeout.max = 1200ms (custom)
2019-09-24 22:56:57,828 [grpc-default-executor-0] INFO  impl.RaftServerProxy (RaftServerProxy.java:addNew(89)) - c20705ec-6f31-4e08-9cc6-abff4709d2d8: addNew group-FE8252D5120B:[c20705ec-6f31-4e08-9cc6-abff4709d2d8:192.168.151.66:43439, 1b127d74-8e4f-43fe-9dad-7b769944c181:192.168.151.66:33728, 950aebb1-966b-4a76-ae1c-f15b3e34cc28:192.168.151.66:43627] returns group-FE8252D5120B:java.util.concurrent.CompletableFuture@766e0b1a[Not completed]
2019-09-24 22:56:57,828 [pool-57-thread-1] INFO  server.RaftServerConfigKeys (ConfUtils.java:logGet(43)) - raft.server.rpcslowness.timeout = 120s (custom)
2019-09-24 22:56:57,828 [grpc-default-executor-1] INFO  impl.RaftServerProxy (RaftServerProxy.java:addNew(89)) - 950aebb1-966b-4a76-ae1c-f15b3e34cc28: addNew group-FE8252D5120B:[c20705ec-6f31-4e08-9cc6-abff4709d2d8:192.168.151.66:43439, 1b127d74-8e4f-43fe-9dad-7b769944c181:192.168.151.66:33728, 950aebb1-966b-4a76-ae1c-f15b3e34cc28:192.168.151.66:43627] returns group-FE8252D5120B:java.util.concurrent.CompletableFuture@6159f528[Not completed]
2019-09-24 22:56:57,828 [pool-57-thread-1] INFO  server.RaftServerConfigKeys (ConfUtils.java:logGet(43)) - raft.server.sleep.deviation.threshold = 300 (default)
2019-09-24 22:56:57,828 [pool-57-thread-1] INFO  server.RaftServerConfigKeys (ConfUtils.java:logGet(43)) - raft.server.log.appender.install.snapshot.enabled = false (custom)
2019-09-24 22:56:57,828 [pool-57-thread-1] INFO  impl.RaftServerImpl (ServerState.java:<init>(103)) - 1b127d74-8e4f-43fe-9dad-7b769944c181@group-FE8252D5120B: ConfigurationManager, init=-1: [c20705ec-6f31-4e08-9cc6-abff4709d2d8:192.168.151.66:43439, 1b127d74-8e4f-43fe-9dad-7b769944c181:192.168.151.66:33728, 950aebb1-966b-4a76-ae1c-f15b3e34cc28:192.168.151.66:43627], old=null, confs=<EMPTY_MAP>
2019-09-24 22:56:57,828 [pool-57-thread-1] INFO  server.RaftServerConfigKeys (ConfUtils.java:logGet(43)) - raft.server.storage.dir = [/workdir/hadoop-ozone/integration-test/target/test-dir/MiniOzoneClusterImpl-5f7a597a-7e5e-4415-9205-5cad3600d18e/datanode-3/data/ratis] (custom)
2019-09-24 22:56:57,829 [pool-57-thread-1] INFO  storage.RaftStorageDirectory (RaftStorageDirectory.java:analyzeStorage(246)) - The storage directory /workdir/hadoop-ozone/integration-test/target/test-dir/MiniOzoneClusterImpl-5f7a597a-7e5e-4415-9205-5cad3600d18e/datanode-3/data/ratis/1439081d-1e3f-473b-b788-fe8252d5120b does not exist. Creating ...
2019-09-24 22:56:57,829 [pool-107-thread-1] INFO  impl.RaftServerImpl (RaftServerImpl.java:<init>(95)) - c20705ec-6f31-4e08-9cc6-abff4709d2d8: new RaftServerImpl for group-FE8252D5120B:[c20705ec-6f31-4e08-9cc6-abff4709d2d8:192.168.151.66:43439, 1b127d74-8e4f-43fe-9dad-7b769944c181:192.168.151.66:33728, 950aebb1-966b-4a76-ae1c-f15b3e34cc28:192.168.151.66:43627] with ContainerStateMachine:uninitialized
2019-09-24 22:56:57,829 [pool-107-thread-1] INFO  server.RaftServerConfigKeys (ConfUtils.java:logGet(43)) - raft.server.rpc.timeout.min = 1s (custom)
2019-09-24 22:56:57,830 [pool-107-thread-1] INFO  server.RaftServerConfigKeys (ConfUtils.java:logGet(43)) - raft.server.rpc.timeout.max = 1200ms (custom)
2019-09-24 22:56:57,830 [pool-107-thread-1] INFO  server.RaftServerConfigKeys (ConfUtils.java:logGet(43)) - raft.server.rpcslowness.timeout = 120s (custom)
2019-09-24 22:56:57,830 [pool-107-thread-1] INFO  server.RaftServerConfigKeys (ConfUtils.java:logGet(43)) - raft.server.sleep.deviation.threshold = 300 (default)
2019-09-24 22:56:57,830 [pool-27-thread-1] INFO  impl.RaftServerImpl (RaftServerImpl.java:<init>(95)) - 950aebb1-966b-4a76-ae1c-f15b3e34cc28: new RaftServerImpl for group-FE8252D5120B:[c20705ec-6f31-4e08-9cc6-abff4709d2d8:192.168.151.66:43439, 1b127d74-8e4f-43fe-9dad-7b769944c181:192.168.151.66:33728, 950aebb1-966b-4a76-ae1c-f15b3e34cc28:192.168.151.66:43627] with ContainerStateMachine:uninitialized
2019-09-24 22:56:57,830 [pool-107-thread-1] INFO  server.RaftServerConfigKeys (ConfUtils.java:logGet(43)) - raft.server.log.appender.install.snapshot.enabled = false (custom)
2019-09-24 22:56:57,830 [pool-27-thread-1] INFO  server.RaftServerConfigKeys (ConfUtils.java:logGet(43)) - raft.server.rpc.timeout.min = 1s (custom)
2019-09-24 22:56:57,830 [pool-107-thread-1] INFO  impl.RaftServerImpl (ServerState.java:<init>(103)) - c20705ec-6f31-4e08-9cc6-abff4709d2d8@group-FE8252D5120B: ConfigurationManager, init=-1: [c20705ec-6f31-4e08-9cc6-abff4709d2d8:192.168.151.66:43439, 1b127d74-8e4f-43fe-9dad-7b769944c181:192.168.151.66:33728, 950aebb1-966b-4a76-ae1c-f15b3e34cc28:192.168.151.66:43627], old=null, confs=<EMPTY_MAP>
2019-09-24 22:56:57,830 [pool-27-thread-1] INFO  server.RaftServerConfigKeys (ConfUtils.java:logGet(43)) - raft.server.rpc.timeout.max = 1200ms (custom)
2019-09-24 22:56:57,831 [pool-107-thread-1] INFO  server.RaftServerConfigKeys (ConfUtils.java:logGet(43)) - raft.server.storage.dir = [/workdir/hadoop-ozone/integration-test/target/test-dir/MiniOzoneClusterImpl-5f7a597a-7e5e-4415-9205-5cad3600d18e/datanode-8/data/ratis] (custom)
2019-09-24 22:56:57,831 [pool-27-thread-1] INFO  server.RaftServerConfigKeys (ConfUtils.java:logGet(43)) - raft.server.rpcslowness.timeout = 120s (custom)
2019-09-24 22:56:57,831 [pool-27-thread-1] INFO  server.RaftServerConfigKeys (ConfUtils.java:logGet(43)) - raft.server.sleep.deviation.threshold = 300 (default)
2019-09-24 22:56:57,831 [pool-27-thread-1] INFO  server.RaftServerConfigKeys (ConfUtils.java:logGet(43)) - raft.server.log.appender.install.snapshot.enabled = false (custom)
2019-09-24 22:56:57,831 [pool-107-thread-1] INFO  storage.RaftStorageDirectory (RaftStorageDirectory.java:analyzeStorage(246)) - The storage directory /workdir/hadoop-ozone/integration-test/target/test-dir/MiniOzoneClusterImpl-5f7a597a-7e5e-4415-9205-5cad3600d18e/datanode-8/data/ratis/1439081d-1e3f-473b-b788-fe8252d5120b does not exist. Creating ...
2019-09-24 22:56:57,831 [pool-27-thread-1] INFO  impl.RaftServerImpl (ServerState.java:<init>(103)) - 950aebb1-966b-4a76-ae1c-f15b3e34cc28@group-FE8252D5120B: ConfigurationManager, init=-1: [c20705ec-6f31-4e08-9cc6-abff4709d2d8:192.168.151.66:43439, 1b127d74-8e4f-43fe-9dad-7b769944c181:192.168.151.66:33728, 950aebb1-966b-4a76-ae1c-f15b3e34cc28:192.168.151.66:43627], old=null, confs=<EMPTY_MAP>
2019-09-24 22:56:57,832 [pool-27-thread-1] INFO  server.RaftServerConfigKeys (ConfUtils.java:logGet(43)) - raft.server.storage.dir = [/workdir/hadoop-ozone/integration-test/target/test-dir/MiniOzoneClusterImpl-5f7a597a-7e5e-4415-9205-5cad3600d18e/datanode-0/data/ratis] (custom)
2019-09-24 22:56:57,832 [pool-27-thread-1] INFO  storage.RaftStorageDirectory (RaftStorageDirectory.java:analyzeStorage(246)) - The storage directory /workdir/hadoop-ozone/integration-test/target/test-dir/MiniOzoneClusterImpl-5f7a597a-7e5e-4415-9205-5cad3600d18e/datanode-0/data/ratis/1439081d-1e3f-473b-b788-fe8252d5120b does not exist. Creating ...
2019-09-24 22:56:57,842 [pool-107-thread-1] INFO  storage.RaftStorageDirectory (RaftStorageDirectory.java:tryLock(328)) - Lock on /workdir/hadoop-ozone/integration-test/target/test-dir/MiniOzoneClusterImpl-5f7a597a-7e5e-4415-9205-5cad3600d18e/datanode-8/data/ratis/1439081d-1e3f-473b-b788-fe8252d5120b/in_use.lock acquired by nodename 5417@pr-hdds-2162-v2v4x-1150571016
2019-09-24 22:56:57,842 [pool-57-thread-1] INFO  storage.RaftStorageDirectory (RaftStorageDirectory.java:tryLock(328)) - Lock on /workdir/hadoop-ozone/integration-test/target/test-dir/MiniOzoneClusterImpl-5f7a597a-7e5e-4415-9205-5cad3600d18e/datanode-3/data/ratis/1439081d-1e3f-473b-b788-fe8252d5120b/in_use.lock acquired by nodename 5417@pr-hdds-2162-v2v4x-1150571016
2019-09-24 22:56:57,842 [pool-27-thread-1] INFO  storage.RaftStorageDirectory (RaftStorageDirectory.java:tryLock(328)) - Lock on /workdir/hadoop-ozone/integration-test/target/test-dir/MiniOzoneClusterImpl-5f7a597a-7e5e-4415-9205-5cad3600d18e/datanode-0/data/ratis/1439081d-1e3f-473b-b788-fe8252d5120b/in_use.lock acquired by nodename 5417@pr-hdds-2162-v2v4x-1150571016
2019-09-24 22:56:57,868 [pool-27-thread-1] INFO  storage.RaftStorage (RaftStorage.java:format(72)) - Storage directory /workdir/hadoop-ozone/integration-test/target/test-dir/MiniOzoneClusterImpl-5f7a597a-7e5e-4415-9205-5cad3600d18e/datanode-0/data/ratis/1439081d-1e3f-473b-b788-fe8252d5120b has been successfully formatted.
2019-09-24 22:56:57,868 [pool-107-thread-1] INFO  storage.RaftStorage (RaftStorage.java:format(72)) - Storage directory /workdir/hadoop-ozone/integration-test/target/test-dir/MiniOzoneClusterImpl-5f7a597a-7e5e-4415-9205-5cad3600d18e/datanode-8/data/ratis/1439081d-1e3f-473b-b788-fe8252d5120b has been successfully formatted.
2019-09-24 22:56:57,868 [pool-57-thread-1] INFO  storage.RaftStorage (RaftStorage.java:format(72)) - Storage directory /workdir/hadoop-ozone/integration-test/target/test-dir/MiniOzoneClusterImpl-5f7a597a-7e5e-4415-9205-5cad3600d18e/datanode-3/data/ratis/1439081d-1e3f-473b-b788-fe8252d5120b has been successfully formatted.
2019-09-24 22:56:57,869 [pool-107-thread-1] INFO  ratis.ContainerStateMachine (ContainerStateMachine.java:loadSnapshot(230)) - group-FE8252D5120B: The snapshot info is null. Setting the last applied indexto:(t:0, i:~)
2019-09-24 22:56:57,869 [pool-27-thread-1] INFO  ratis.ContainerStateMachine (ContainerStateMachine.java:loadSnapshot(230)) - group-FE8252D5120B: The snapshot info is null. Setting the last applied indexto:(t:0, i:~)
2019-09-24 22:56:57,869 [pool-107-thread-1] INFO  server.RaftServerConfigKeys (ConfUtils.java:logGet(43)) - raft.server.notification.no-leader.timeout = 120s (custom)
2019-09-24 22:56:57,869 [pool-57-thread-1] INFO  ratis.ContainerStateMachine (ContainerStateMachine.java:loadSnapshot(230)) - group-FE8252D5120B: The snapshot info is null. Setting the last applied indexto:(t:0, i:~)
2019-09-24 22:56:57,869 [pool-107-thread-1] INFO  server.RaftServerConfigKeys (ConfUtils.java:logGet(43)) - raft.server.log.use.memory = false (default)
2019-09-24 22:56:57,869 [pool-27-thread-1] INFO  server.RaftServerConfigKeys (ConfUtils.java:logGet(43)) - raft.server.notification.no-leader.timeout = 120s (custom)
2019-09-24 22:56:57,870 [pool-107-thread-1] INFO  server.RaftServerConfigKeys (ConfUtils.java:logGet(43)) - raft.server.log.purge.gap = 1000000 (custom)
2019-09-24 22:56:57,869 [pool-57-thread-1] INFO  server.RaftServerConfigKeys (ConfUtils.java:logGet(43)) - raft.server.notification.no-leader.timeout = 120s (custom)
2019-09-24 22:56:57,870 [pool-107-thread-1] INFO  server.RaftServerConfigKeys (ConfUtils.java:logGet(43)) - raft.server.log.appender.buffer.byte-limit = 33554432 (custom)
2019-09-24 22:56:57,870 [pool-27-thread-1] INFO  server.RaftServerConfigKeys (ConfUtils.java:logGet(43)) - raft.server.log.use.memory = false (default)
2019-09-24 22:56:57,870 [pool-107-thread-1] INFO  server.RaftServerConfigKeys (ConfUtils.java:logGet(43)) - raft.server.log.segment.size.max = 1048576 (custom)
2019-09-24 22:56:57,870 [pool-57-thread-1] INFO  server.RaftServerConfigKeys (ConfUtils.java:logGet(43)) - raft.server.log.use.memory = false (default)
2019-09-24 22:56:57,870 [pool-107-thread-1] INFO  server.RaftServerConfigKeys (ConfUtils.java:logGet(43)) - raft.server.log.segment.cache.num.max = 2 (custom)
2019-09-24 22:56:57,870 [pool-27-thread-1] INFO  server.RaftServerConfigKeys (ConfUtils.java:logGet(43)) - raft.server.log.purge.gap = 1000000 (custom)
2019-09-24 22:56:57,871 [pool-107-thread-1] INFO  segmented.SegmentedRaftLogWorker (SegmentedRaftLogWorker.java:<init>(172)) - new c20705ec-6f31-4e08-9cc6-abff4709d2d8@group-FE8252D5120B-SegmentedRaftLogWorker for RaftStorage:Storage Directory /workdir/hadoop-ozone/integration-test/target/test-dir/MiniOzoneClusterImpl-5f7a597a-7e5e-4415-9205-5cad3600d18e/datanode-8/data/ratis/1439081d-1e3f-473b-b788-fe8252d5120b
2019-09-24 22:56:57,871 [pool-57-thread-1] INFO  server.RaftServerConfigKeys (ConfUtils.java:logGet(43)) - raft.server.log.purge.gap = 1000000 (custom)
2019-09-24 22:56:57,871 [pool-107-thread-1] INFO  server.RaftServerConfigKeys (ConfUtils.java:logGet(43)) - raft.server.log.queue.byte-limit = 2147483647 (custom)
2019-09-24 22:56:57,871 [pool-27-thread-1] INFO  server.RaftServerConfigKeys (ConfUtils.java:logGet(43)) - raft.server.log.appender.buffer.byte-limit = 33554432 (custom)
2019-09-24 22:56:57,872 [pool-107-thread-1] INFO  server.RaftServerConfigKeys (ConfUtils.java:logGet(43)) - raft.server.log.queue.element-limit = 1024 (custom)
2019-09-24 22:56:57,871 [pool-57-thread-1] INFO  server.RaftServerConfigKeys (ConfUtils.java:logGet(43)) - raft.server.log.appender.buffer.byte-limit = 33554432 (custom)
2019-09-24 22:56:57,872 [pool-107-thread-1] INFO  server.RaftServerConfigKeys (ConfUtils.java:logGet(43)) - raft.server.log.segment.size.max = 1048576 (custom)
2019-09-24 22:56:57,872 [pool-27-thread-1] INFO  server.RaftServerConfigKeys (ConfUtils.java:logGet(43)) - raft.server.log.segment.size.max = 1048576 (custom)
2019-09-24 22:56:57,872 [pool-107-thread-1] INFO  server.RaftServerConfigKeys (ConfUtils.java:logGet(43)) - raft.server.log.preallocated.size = 16384 (custom)
2019-09-24 22:56:57,872 [pool-57-thread-1] INFO  server.RaftServerConfigKeys (ConfUtils.java:logGet(43)) - raft.server.log.segment.size.max = 1048576 (custom)
2019-09-24 22:56:57,873 [pool-107-thread-1] INFO  server.RaftServerConfigKeys (ConfUtils.java:logGet(43)) - raft.server.log.write.buffer.size = 33554432 (custom)
2019-09-24 22:56:57,872 [pool-27-thread-1] INFO  server.RaftServerConfigKeys (ConfUtils.java:logGet(43)) - raft.server.log.segment.cache.num.max = 2 (custom)
2019-09-24 22:56:57,873 [pool-107-thread-1] INFO  server.RaftServerConfigKeys (ConfUtils.java:logGet(43)) - raft.server.log.force.sync.num = 128 (default)
2019-09-24 22:56:57,873 [pool-107-thread-1] INFO  server.RaftServerConfigKeys (ConfUtils.java:logGet(43)) - raft.server.log.statemachine.data.sync = true (default)
2019-09-24 22:56:57,873 [pool-57-thread-1] INFO  server.RaftServerConfigKeys (ConfUtils.java:logGet(43)) - raft.server.log.segment.cache.num.max = 2 (custom)
2019-09-24 22:56:57,873 [pool-107-thread-1] INFO  server.RaftServerConfigKeys (ConfUtils.java:logGet(43)) - raft.server.log.statemachine.data.sync.timeout = 10s (default)
2019-09-24 22:56:57,873 [pool-27-thread-1] INFO  segmented.SegmentedRaftLogWorker (SegmentedRaftLogWorker.java:<init>(172)) - new 950aebb1-966b-4a76-ae1c-f15b3e34cc28@group-FE8252D5120B-SegmentedRaftLogWorker for RaftStorage:Storage Directory /workdir/hadoop-ozone/integration-test/target/test-dir/MiniOzoneClusterImpl-5f7a597a-7e5e-4415-9205-5cad3600d18e/datanode-0/data/ratis/1439081d-1e3f-473b-b788-fe8252d5120b
2019-09-24 22:56:57,874 [pool-107-thread-1] INFO  server.RaftServerConfigKeys (ConfUtils.java:logGet(43)) - raft.server.log.statemachine.data.sync.timeout.retry = -1 (default)
2019-09-24 22:56:57,874 [pool-57-thread-1] INFO  segmented.SegmentedRaftLogWorker (SegmentedRaftLogWorker.java:<init>(172)) - new 1b127d74-8e4f-43fe-9dad-7b769944c181@group-FE8252D5120B-SegmentedRaftLogWorker for RaftStorage:Storage Directory /workdir/hadoop-ozone/integration-test/target/test-dir/MiniOzoneClusterImpl-5f7a597a-7e5e-4415-9205-5cad3600d18e/datanode-3/data/ratis/1439081d-1e3f-473b-b788-fe8252d5120b
2019-09-24 22:56:57,874 [pool-107-thread-1] INFO  server.RaftServerConfigKeys (ConfUtils.java:logGet(43)) - raft.server.log.statemachine.data.caching.enabled = true (custom)
2019-09-24 22:56:57,874 [pool-27-thread-1] INFO  server.RaftServerConfigKeys (ConfUtils.java:logGet(43)) - raft.server.log.queue.byte-limit = 2147483647 (custom)
2019-09-24 22:56:57,874 [pool-57-thread-1] INFO  server.RaftServerConfigKeys (ConfUtils.java:logGet(43)) - raft.server.log.queue.byte-limit = 2147483647 (custom)
2019-09-24 22:56:57,875 [pool-107-thread-1] INFO  segmented.SegmentedRaftLogWorker (SegmentedRaftLogWorker.java:lambda$new$0(132)) - c20705ec-6f31-4e08-9cc6-abff4709d2d8@group-FE8252D5120B-SegmentedRaftLogWorker: flushIndex: setUnconditionally 0 -> -1
2019-09-24 22:56:57,875 [pool-27-thread-1] INFO  server.RaftServerConfigKeys (ConfUtils.java:logGet(43)) - raft.server.log.queue.element-limit = 1024 (custom)
2019-09-24 22:56:57,875 [pool-57-thread-1] INFO  server.RaftServerConfigKeys (ConfUtils.java:logGet(43)) - raft.server.log.queue.element-limit = 1024 (custom)
2019-09-24 22:56:57,875 [pool-27-thread-1] INFO  server.RaftServerConfigKeys (ConfUtils.java:logGet(43)) - raft.server.log.segment.size.max = 1048576 (custom)
2019-09-24 22:56:57,875 [pool-107-thread-1] INFO  server.RaftServerConfigKeys (ConfUtils.java:logGet(43)) - raft.server.snapshot.auto.trigger.enabled = true (custom)
2019-09-24 22:56:57,876 [pool-27-thread-1] INFO  server.RaftServerConfigKeys (ConfUtils.java:logGet(43)) - raft.server.log.preallocated.size = 16384 (custom)
2019-09-24 22:56:57,875 [pool-57-thread-1] INFO  server.RaftServerConfigKeys (ConfUtils.java:logGet(43)) - raft.server.log.segment.size.max = 1048576 (custom)
2019-09-24 22:56:57,876 [pool-27-thread-1] INFO  server.RaftServerConfigKeys (ConfUtils.java:logGet(43)) - raft.server.log.write.buffer.size = 33554432 (custom)
2019-09-24 22:56:57,876 [pool-107-thread-1] INFO  server.RaftServerConfigKeys (ConfUtils.java:logGet(43)) - raft.server.snapshot.auto.trigger.threshold = 10000 (custom)
2019-09-24 22:56:57,876 [pool-27-thread-1] INFO  server.RaftServerConfigKeys (ConfUtils.java:logGet(43)) - raft.server.log.force.sync.num = 128 (default)
2019-09-24 22:56:57,877 [pool-27-thread-1] INFO  server.RaftServerConfigKeys (ConfUtils.java:logGet(43)) - raft.server.log.statemachine.data.sync = true (default)
2019-09-24 22:56:57,876 [pool-57-thread-1] INFO  server.RaftServerConfigKeys (ConfUtils.java:logGet(43)) - raft.server.log.preallocated.size = 16384 (custom)
2019-09-24 22:56:57,877 [pool-27-thread-1] INFO  server.RaftServerConfigKeys (ConfUtils.java:logGet(43)) - raft.server.log.statemachine.data.sync.timeout = 10s (default)
2019-09-24 22:56:57,876 [pool-107-thread-1] INFO  server.RaftServerConfigKeys (ConfUtils.java:logGet(43)) - raft.server.snapshot.retention.num.files = 5 (custom)
2019-09-24 22:56:57,877 [pool-27-thread-1] INFO  server.RaftServerConfigKeys (ConfUtils.java:logGet(43)) - raft.server.log.statemachine.data.sync.timeout.retry = -1 (default)
2019-09-24 22:56:57,877 [pool-57-thread-1] INFO  server.RaftServerConfigKeys (ConfUtils.java:logGet(43)) - raft.server.log.write.buffer.size = 33554432 (custom)
2019-09-24 22:56:57,877 [pool-27-thread-1] INFO  server.RaftServerConfigKeys (ConfUtils.java:logGet(43)) - raft.server.log.statemachine.data.caching.enabled = true (custom)
2019-09-24 22:56:57,877 [pool-107-thread-1] INFO  server.RaftServerConfigKeys (ConfUtils.java:logGet(43)) - raft.server.retrycache.expirytime = 600000ms (custom)
2019-09-24 22:56:57,878 [pool-57-thread-1] INFO  server.RaftServerConfigKeys (ConfUtils.java:logGet(43)) - raft.server.log.force.sync.num = 128 (default)
2019-09-24 22:56:57,878 [pool-27-thread-1] INFO  segmented.SegmentedRaftLogWorker (SegmentedRaftLogWorker.java:lambda$new$0(132)) - 950aebb1-966b-4a76-ae1c-f15b3e34cc28@group-FE8252D5120B-SegmentedRaftLogWorker: flushIndex: setUnconditionally 0 -> -1
2019-09-24 22:56:57,878 [pool-57-thread-1] INFO  server.RaftServerConfigKeys (ConfUtils.java:logGet(43)) - raft.server.log.statemachine.data.sync = true (default)
2019-09-24 22:56:57,878 [pool-57-thread-1] INFO  server.RaftServerConfigKeys (ConfUtils.java:logGet(43)) - raft.server.log.statemachine.data.sync.timeout = 10s (default)
2019-09-24 22:56:57,878 [pool-27-thread-1] INFO  server.RaftServerConfigKeys (ConfUtils.java:logGet(43)) - raft.server.snapshot.auto.trigger.enabled = true (custom)
2019-09-24 22:56:57,879 [pool-57-thread-1] INFO  server.RaftServerConfigKeys (ConfUtils.java:logGet(43)) - raft.server.log.statemachine.data.sync.timeout.retry = -1 (default)
2019-09-24 22:56:57,879 [pool-27-thread-1] INFO  server.RaftServerConfigKeys (ConfUtils.java:logGet(43)) - raft.server.snapshot.auto.trigger.threshold = 10000 (custom)
2019-09-24 22:56:57,879 [pool-57-thread-1] INFO  server.RaftServerConfigKeys (ConfUtils.java:logGet(43)) - raft.server.log.statemachine.data.caching.enabled = true (custom)
2019-09-24 22:56:57,879 [pool-27-thread-1] INFO  server.RaftServerConfigKeys (ConfUtils.java:logGet(43)) - raft.server.snapshot.retention.num.files = 5 (custom)
2019-09-24 22:56:57,879 [pool-57-thread-1] INFO  segmented.SegmentedRaftLogWorker (SegmentedRaftLogWorker.java:lambda$new$0(132)) - 1b127d74-8e4f-43fe-9dad-7b769944c181@group-FE8252D5120B-SegmentedRaftLogWorker: flushIndex: setUnconditionally 0 -> -1
2019-09-24 22:56:57,879 [pool-27-thread-1] INFO  server.RaftServerConfigKeys (ConfUtils.java:logGet(43)) - raft.server.retrycache.expirytime = 600000ms (custom)
2019-09-24 22:56:57,880 [pool-57-thread-1] INFO  server.RaftServerConfigKeys (ConfUtils.java:logGet(43)) - raft.server.snapshot.auto.trigger.enabled = true (custom)
2019-09-24 22:56:57,880 [pool-57-thread-1] INFO  server.RaftServerConfigKeys (ConfUtils.java:logGet(43)) - raft.server.snapshot.auto.trigger.threshold = 10000 (custom)
2019-09-24 22:56:57,880 [pool-57-thread-1] INFO  server.RaftServerConfigKeys (ConfUtils.java:logGet(43)) - raft.server.snapshot.retention.num.files = 5 (custom)
2019-09-24 22:56:57,880 [pool-57-thread-1] INFO  server.RaftServerConfigKeys (ConfUtils.java:logGet(43)) - raft.server.retrycache.expirytime = 600000ms (custom)
2019-09-24 22:56:57,881 [pool-107-thread-1] INFO  impl.RaftServerImpl (RaftServerImpl.java:start(185)) - c20705ec-6f31-4e08-9cc6-abff4709d2d8@group-FE8252D5120B: start as a follower, conf=-1: [c20705ec-6f31-4e08-9cc6-abff4709d2d8:192.168.151.66:43439, 1b127d74-8e4f-43fe-9dad-7b769944c181:192.168.151.66:33728, 950aebb1-966b-4a76-ae1c-f15b3e34cc28:192.168.151.66:43627], old=null
2019-09-24 22:56:57,881 [pool-107-thread-1] INFO  impl.RaftServerImpl (RaftServerImpl.java:setRole(174)) - c20705ec-6f31-4e08-9cc6-abff4709d2d8@group-FE8252D5120B: changes role from      null to FOLLOWER at term 0 for startAsFollower
2019-09-24 22:56:57,881 [pool-107-thread-1] INFO  impl.RoleInfo (RoleInfo.java:updateAndGet(143)) - c20705ec-6f31-4e08-9cc6-abff4709d2d8: start FollowerState
2019-09-24 22:56:57,882 [pool-107-thread-1] INFO  util.JmxRegister (JmxRegister.java:tryRegister(44)) - Successfully registered JMX Bean with object name Ratis:service=RaftServer,group=group-FE8252D5120B,id=c20705ec-6f31-4e08-9cc6-abff4709d2d8
2019-09-24 22:56:57,883 [pool-27-thread-1] INFO  impl.RaftServerImpl (RaftServerImpl.java:start(185)) - 950aebb1-966b-4a76-ae1c-f15b3e34cc28@group-FE8252D5120B: start as a follower, conf=-1: [c20705ec-6f31-4e08-9cc6-abff4709d2d8:192.168.151.66:43439, 1b127d74-8e4f-43fe-9dad-7b769944c181:192.168.151.66:33728, 950aebb1-966b-4a76-ae1c-f15b3e34cc28:192.168.151.66:43627], old=null
2019-09-24 22:56:57,883 [pool-27-thread-1] INFO  impl.RaftServerImpl (RaftServerImpl.java:setRole(174)) - 950aebb1-966b-4a76-ae1c-f15b3e34cc28@group-FE8252D5120B: changes role from      null to FOLLOWER at term 0 for startAsFollower
2019-09-24 22:56:57,884 [pool-27-thread-1] INFO  impl.RoleInfo (RoleInfo.java:updateAndGet(143)) - 950aebb1-966b-4a76-ae1c-f15b3e34cc28: start FollowerState
2019-09-24 22:56:57,884 [pool-57-thread-1] INFO  impl.RaftServerImpl (RaftServerImpl.java:start(185)) - 1b127d74-8e4f-43fe-9dad-7b769944c181@group-FE8252D5120B: start as a follower, conf=-1: [c20705ec-6f31-4e08-9cc6-abff4709d2d8:192.168.151.66:43439, 1b127d74-8e4f-43fe-9dad-7b769944c181:192.168.151.66:33728, 950aebb1-966b-4a76-ae1c-f15b3e34cc28:192.168.151.66:43627], old=null
2019-09-24 22:56:57,884 [pool-57-thread-1] INFO  impl.RaftServerImpl (RaftServerImpl.java:setRole(174)) - 1b127d74-8e4f-43fe-9dad-7b769944c181@group-FE8252D5120B: changes role from      null to FOLLOWER at term 0 for startAsFollower
2019-09-24 22:56:57,884 [pool-27-thread-1] INFO  util.JmxRegister (JmxRegister.java:tryRegister(44)) - Successfully registered JMX Bean with object name Ratis:service=RaftServer,group=group-FE8252D5120B,id=950aebb1-966b-4a76-ae1c-f15b3e34cc28
2019-09-24 22:56:57,884 [pool-57-thread-1] INFO  impl.RoleInfo (RoleInfo.java:updateAndGet(143)) - 1b127d74-8e4f-43fe-9dad-7b769944c181: start FollowerState
2019-09-24 22:56:57,888 [pool-57-thread-1] INFO  util.JmxRegister (JmxRegister.java:tryRegister(44)) - Successfully registered JMX Bean with object name Ratis:service=RaftServer,group=group-FE8252D5120B,id=1b127d74-8e4f-43fe-9dad-7b769944c181
2019-09-24 22:56:57,897 [RatisPipelineUtilsThread] INFO  pipeline.PipelineStateManager (PipelineStateManager.java:addPipeline(56)) - Created pipeline Pipeline[ Id: 1439081d-1e3f-473b-b788-fe8252d5120b, Nodes: 1b127d74-8e4f-43fe-9dad-7b769944c181{ip: 192.168.151.66, host: pr-hdds-2162-v2v4x-1150571016, networkLocation: /default-rack, certSerialId: null}c20705ec-6f31-4e08-9cc6-abff4709d2d8{ip: 192.168.151.66, host: pr-hdds-2162-v2v4x-1150571016, networkLocation: /default-rack, certSerialId: null}950aebb1-966b-4a76-ae1c-f15b3e34cc28{ip: 192.168.151.66, host: pr-hdds-2162-v2v4x-1150571016, networkLocation: /default-rack, certSerialId: null}, Type:RATIS, Factor:THREE, State:OPEN]
2019-09-24 22:56:57,903 [Thread-291] INFO  impl.FollowerState (FollowerState.java:run(106)) - 23c6c9b6-39b4-44f0-84a4-cf624850a9c3:group-5DAC8D020DEC changes to CANDIDATE, lastRpcTime:1126, electionTimeout:1126ms
2019-09-24 22:56:57,903 [Thread-291] INFO  impl.RoleInfo (RoleInfo.java:shutdownFollowerState(121)) - 23c6c9b6-39b4-44f0-84a4-cf624850a9c3: shutdown FollowerState
2019-09-24 22:56:57,903 [Thread-291] INFO  impl.RaftServerImpl (RaftServerImpl.java:setRole(174)) - 23c6c9b6-39b4-44f0-84a4-cf624850a9c3@group-5DAC8D020DEC: changes role from  FOLLOWER to CANDIDATE at term 0 for changeToCandidate
2019-09-24 22:56:57,904 [Thread-291] INFO  impl.RoleInfo (RoleInfo.java:updateAndGet(143)) - 23c6c9b6-39b4-44f0-84a4-cf624850a9c3: start LeaderElection
2019-09-24 22:56:57,935 [23c6c9b6-39b4-44f0-84a4-cf624850a9c3@group-5DAC8D020DEC:LeaderElection3] INFO  impl.LeaderElection (LeaderElection.java:askForVotes(182)) - 23c6c9b6-39b4-44f0-84a4-cf624850a9c3@group-5DAC8D020DEC:LeaderElection3: begin an election at term 1 for -1: [23c6c9b6-39b4-44f0-84a4-cf624850a9c3:192.168.151.66:32846], old=null
2019-09-24 22:56:57,946 [23c6c9b6-39b4-44f0-84a4-cf624850a9c3@group-5DAC8D020DEC:LeaderElection3] INFO  impl.RoleInfo (RoleInfo.java:shutdownLeaderElection(134)) - 23c6c9b6-39b4-44f0-84a4-cf624850a9c3: shutdown LeaderElection
2019-09-24 22:56:57,946 [23c6c9b6-39b4-44f0-84a4-cf624850a9c3@group-5DAC8D020DEC:LeaderElection3] INFO  impl.RaftServerImpl (RaftServerImpl.java:setRole(174)) - 23c6c9b6-39b4-44f0-84a4-cf624850a9c3@group-5DAC8D020DEC: changes role from CANDIDATE to LEADER at term 1 for changeToLeader
2019-09-24 22:56:57,947 [23c6c9b6-39b4-44f0-84a4-cf624850a9c3@group-5DAC8D020DEC:LeaderElection3] INFO  impl.RaftServerImpl (ServerState.java:setLeader(253)) - 23c6c9b6-39b4-44f0-84a4-cf624850a9c3@group-5DAC8D020DEC: change Leader from null to 23c6c9b6-39b4-44f0-84a4-cf624850a9c3 at term 1 for becomeLeader, leader elected after 1224ms
2019-09-24 22:56:57,949 [23c6c9b6-39b4-44f0-84a4-cf624850a9c3@group-5DAC8D020DEC:LeaderElection3] INFO  server.RaftServerConfigKeys (ConfUtils.java:logGet(43)) - raft.server.staging.catchup.gap = 1000 (default)
2019-09-24 22:56:57,949 [23c6c9b6-39b4-44f0-84a4-cf624850a9c3@group-5DAC8D020DEC:LeaderElection3] INFO  server.RaftServerConfigKeys (ConfUtils.java:logGet(43)) - raft.server.rpc.sleep.time = 25ms (default)
2019-09-24 22:56:57,949 [23c6c9b6-39b4-44f0-84a4-cf624850a9c3@group-5DAC8D020DEC:LeaderElection3] INFO  server.RaftServerConfigKeys (ConfUtils.java:logGet(43)) - raft.server.write.element-limit = 4096 (default)
2019-09-24 22:56:57,949 [23c6c9b6-39b4-44f0-84a4-cf624850a9c3@group-5DAC8D020DEC:LeaderElection3] INFO  server.RaftServerConfigKeys (ConfUtils.java:logGet(43)) - raft.server.watch.timeout = 10s (default)
2019-09-24 22:56:57,949 [23c6c9b6-39b4-44f0-84a4-cf624850a9c3@group-5DAC8D020DEC:LeaderElection3] INFO  server.RaftServerConfigKeys (ConfUtils.java:logGet(43)) - raft.server.watch.timeout.denomination = 1s (default)
2019-09-24 22:56:57,949 [23c6c9b6-39b4-44f0-84a4-cf624850a9c3@group-5DAC8D020DEC:LeaderElection3] INFO  server.RaftServerConfigKeys (ConfUtils.java:logGet(43)) - raft.server.watch.element-limit = 65536 (default)
2019-09-24 22:56:57,951 [23c6c9b6-39b4-44f0-84a4-cf624850a9c3@group-5DAC8D020DEC:LeaderElection3] INFO  impl.RoleInfo (RoleInfo.java:updateAndGet(143)) - 23c6c9b6-39b4-44f0-84a4-cf624850a9c3: start LeaderState
2019-09-24 22:56:57,951 [23c6c9b6-39b4-44f0-84a4-cf624850a9c3@group-5DAC8D020DEC:LeaderElection3] INFO  segmented.SegmentedRaftLogWorker (SegmentedRaftLogWorker.java:startLogSegment(380)) - 23c6c9b6-39b4-44f0-84a4-cf624850a9c3@group-5DAC8D020DEC-SegmentedRaftLogWorker: Starting segment from index:0
2019-09-24 22:56:57,952 [23c6c9b6-39b4-44f0-84a4-cf624850a9c3@group-5DAC8D020DEC:LeaderElection3] INFO  impl.RaftServerImpl (ServerState.java:setRaftConf(354)) - 23c6c9b6-39b4-44f0-84a4-cf624850a9c3@group-5DAC8D020DEC: set configuration 0: [23c6c9b6-39b4-44f0-84a4-cf624850a9c3:192.168.151.66:32846], old=null at 0
2019-09-24 22:56:58,021 [950aebb1-966b-4a76-ae1c-f15b3e34cc28@group-838FA7755D81-SegmentedRaftLogWorker] INFO  segmented.SegmentedRaftLogWorker (SegmentedRaftLogWorker.java:execute(569)) - 950aebb1-966b-4a76-ae1c-f15b3e34cc28@group-838FA7755D81-SegmentedRaftLogWorker: created new log segment /workdir/hadoop-ozone/integration-test/target/test-dir/MiniOzoneClusterImpl-5f7a597a-7e5e-4415-9205-5cad3600d18e/datanode-0/data/ratis/6df77a5c-adb7-4e90-84eb-838fa7755d81/current/log_inprogress_0
2019-09-24 22:56:58,021 [Thread-297] INFO  impl.FollowerState (FollowerState.java:run(106)) - d39139c5-5210-4708-b66c-2240b4ead968:group-79E1C23EB3E7 changes to CANDIDATE, lastRpcTime:1089, electionTimeout:1087ms
2019-09-24 22:56:58,021 [Thread-297] INFO  impl.RoleInfo (RoleInfo.java:shutdownFollowerState(121)) - d39139c5-5210-4708-b66c-2240b4ead968: shutdown FollowerState
2019-09-24 22:56:58,022 [Thread-297] INFO  impl.RaftServerImpl (RaftServerImpl.java:setRole(174)) - d39139c5-5210-4708-b66c-2240b4ead968@group-79E1C23EB3E7: changes role from  FOLLOWER to CANDIDATE at term 0 for changeToCandidate
2019-09-24 22:56:58,022 [Thread-297] INFO  impl.RoleInfo (RoleInfo.java:updateAndGet(143)) - d39139c5-5210-4708-b66c-2240b4ead968: start LeaderElection
2019-09-24 22:56:58,035 [df79811b-05d5-490a-beb3-27ac0aff7bfc@group-701E019007C8-SegmentedRaftLogWorker] INFO  segmented.SegmentedRaftLogWorker (SegmentedRaftLogWorker.java:execute(569)) - df79811b-05d5-490a-beb3-27ac0aff7bfc@group-701E019007C8-SegmentedRaftLogWorker: created new log segment /workdir/hadoop-ozone/integration-test/target/test-dir/MiniOzoneClusterImpl-5f7a597a-7e5e-4415-9205-5cad3600d18e/datanode-1/data/ratis/ed78000d-96f2-4509-aa8b-701e019007c8/current/log_inprogress_0
2019-09-24 22:56:58,035 [23c6c9b6-39b4-44f0-84a4-cf624850a9c3@group-5DAC8D020DEC-SegmentedRaftLogWorker] INFO  segmented.SegmentedRaftLogWorker (SegmentedRaftLogWorker.java:execute(569)) - 23c6c9b6-39b4-44f0-84a4-cf624850a9c3@group-5DAC8D020DEC-SegmentedRaftLogWorker: created new log segment /workdir/hadoop-ozone/integration-test/target/test-dir/MiniOzoneClusterImpl-5f7a597a-7e5e-4415-9205-5cad3600d18e/datanode-2/data/ratis/e26afffa-3feb-486a-8ef3-5dac8d020dec/current/log_inprogress_0
2019-09-24 22:56:58,035 [d39139c5-5210-4708-b66c-2240b4ead968@group-79E1C23EB3E7:LeaderElection4] INFO  impl.LeaderElection (LeaderElection.java:askForVotes(182)) - d39139c5-5210-4708-b66c-2240b4ead968@group-79E1C23EB3E7:LeaderElection4: begin an election at term 1 for -1: [d39139c5-5210-4708-b66c-2240b4ead968:192.168.151.66:40063], old=null
2019-09-24 22:56:58,037 [d39139c5-5210-4708-b66c-2240b4ead968@group-79E1C23EB3E7:LeaderElection4] INFO  impl.RoleInfo (RoleInfo.java:shutdownLeaderElection(134)) - d39139c5-5210-4708-b66c-2240b4ead968: shutdown LeaderElection
2019-09-24 22:56:58,038 [d39139c5-5210-4708-b66c-2240b4ead968@group-79E1C23EB3E7:LeaderElection4] INFO  impl.RaftServerImpl (RaftServerImpl.java:setRole(174)) - d39139c5-5210-4708-b66c-2240b4ead968@group-79E1C23EB3E7: changes role from CANDIDATE to LEADER at term 1 for changeToLeader
2019-09-24 22:56:58,038 [d39139c5-5210-4708-b66c-2240b4ead968@group-79E1C23EB3E7:LeaderElection4] INFO  impl.RaftServerImpl (ServerState.java:setLeader(253)) - d39139c5-5210-4708-b66c-2240b4ead968@group-79E1C23EB3E7: change Leader from null to d39139c5-5210-4708-b66c-2240b4ead968 at term 1 for becomeLeader, leader elected after 1116ms
2019-09-24 22:56:58,040 [d39139c5-5210-4708-b66c-2240b4ead968@group-79E1C23EB3E7:LeaderElection4] INFO  server.RaftServerConfigKeys (ConfUtils.java:logGet(43)) - raft.server.staging.catchup.gap = 1000 (default)
2019-09-24 22:56:58,041 [d39139c5-5210-4708-b66c-2240b4ead968@group-79E1C23EB3E7:LeaderElection4] INFO  server.RaftServerConfigKeys (ConfUtils.java:logGet(43)) - raft.server.rpc.sleep.time = 25ms (default)
2019-09-24 22:56:58,041 [d39139c5-5210-4708-b66c-2240b4ead968@group-79E1C23EB3E7:LeaderElection4] INFO  server.RaftServerConfigKeys (ConfUtils.java:logGet(43)) - raft.server.write.element-limit = 4096 (default)
2019-09-24 22:56:58,041 [d39139c5-5210-4708-b66c-2240b4ead968@group-79E1C23EB3E7:LeaderElection4] INFO  server.RaftServerConfigKeys (ConfUtils.java:logGet(43)) - raft.server.watch.timeout = 10s (default)
2019-09-24 22:56:58,043 [d39139c5-5210-4708-b66c-2240b4ead968@group-79E1C23EB3E7:LeaderElection4] INFO  server.RaftServerConfigKeys (ConfUtils.java:logGet(43)) - raft.server.watch.timeout.denomination = 1s (default)
2019-09-24 22:56:58,043 [d39139c5-5210-4708-b66c-2240b4ead968@group-79E1C23EB3E7:LeaderElection4] INFO  server.RaftServerConfigKeys (ConfUtils.java:logGet(43)) - raft.server.watch.element-limit = 65536 (default)
2019-09-24 22:56:58,045 [Thread-294] INFO  impl.FollowerState (FollowerState.java:run(106)) - 16bf6e05-f81a-41e5-883a-89e111b126fe:group-38DEA3A6EBE6 changes to CANDIDATE, lastRpcTime:1191, electionTimeout:1190ms
2019-09-24 22:56:58,045 [Thread-294] INFO  impl.RoleInfo (RoleInfo.java:shutdownFollowerState(121)) - 16bf6e05-f81a-41e5-883a-89e111b126fe: shutdown FollowerState
2019-09-24 22:56:58,045 [Thread-294] INFO  impl.RaftServerImpl (RaftServerImpl.java:setRole(174)) - 16bf6e05-f81a-41e5-883a-89e111b126fe@group-38DEA3A6EBE6: changes role from  FOLLOWER to CANDIDATE at term 0 for changeToCandidate
2019-09-24 22:56:58,046 [Thread-294] INFO  impl.RoleInfo (RoleInfo.java:updateAndGet(143)) - 16bf6e05-f81a-41e5-883a-89e111b126fe: start LeaderElection
2019-09-24 22:56:58,051 [d39139c5-5210-4708-b66c-2240b4ead968@group-79E1C23EB3E7:LeaderElection4] INFO  impl.RoleInfo (RoleInfo.java:updateAndGet(143)) - d39139c5-5210-4708-b66c-2240b4ead968: start LeaderState
2019-09-24 22:56:58,051 [d39139c5-5210-4708-b66c-2240b4ead968@group-79E1C23EB3E7:LeaderElection4] INFO  segmented.SegmentedRaftLogWorker (SegmentedRaftLogWorker.java:startLogSegment(380)) - d39139c5-5210-4708-b66c-2240b4ead968@group-79E1C23EB3E7-SegmentedRaftLogWorker: Starting segment from index:0
2019-09-24 22:56:58,051 [d39139c5-5210-4708-b66c-2240b4ead968@group-79E1C23EB3E7:LeaderElection4] INFO  impl.RaftServerImpl (ServerState.java:setRaftConf(354)) - d39139c5-5210-4708-b66c-2240b4ead968@group-79E1C23EB3E7: set configuration 0: [d39139c5-5210-4708-b66c-2240b4ead968:192.168.151.66:40063], old=null at 0
2019-09-24 22:56:58,069 [16bf6e05-f81a-41e5-883a-89e111b126fe@group-38DEA3A6EBE6:LeaderElection5] INFO  impl.LeaderElection (LeaderElection.java:askForVotes(182)) - 16bf6e05-f81a-41e5-883a-89e111b126fe@group-38DEA3A6EBE6:LeaderElection5: begin an election at term 1 for -1: [16bf6e05-f81a-41e5-883a-89e111b126fe:192.168.151.66:37026], old=null
2019-09-24 22:56:58,069 [16bf6e05-f81a-41e5-883a-89e111b126fe@group-38DEA3A6EBE6:LeaderElection5] INFO  impl.RoleInfo (RoleInfo.java:shutdownLeaderElection(134)) - 16bf6e05-f81a-41e5-883a-89e111b126fe: shutdown LeaderElection
2019-09-24 22:56:58,069 [16bf6e05-f81a-41e5-883a-89e111b126fe@group-38DEA3A6EBE6:LeaderElection5] INFO  impl.RaftServerImpl (RaftServerImpl.java:setRole(174)) - 16bf6e05-f81a-41e5-883a-89e111b126fe@group-38DEA3A6EBE6: changes role from CANDIDATE to LEADER at term 1 for changeToLeader
2019-09-24 22:56:58,069 [16bf6e05-f81a-41e5-883a-89e111b126fe@group-38DEA3A6EBE6:LeaderElection5] INFO  impl.RaftServerImpl (ServerState.java:setLeader(253)) - 16bf6e05-f81a-41e5-883a-89e111b126fe@group-38DEA3A6EBE6: change Leader from null to 16bf6e05-f81a-41e5-883a-89e111b126fe at term 1 for becomeLeader, leader elected after 1226ms
2019-09-24 22:56:58,071 [16bf6e05-f81a-41e5-883a-89e111b126fe@group-38DEA3A6EBE6:LeaderElection5] INFO  server.RaftServerConfigKeys (ConfUtils.java:logGet(43)) - raft.server.staging.catchup.gap = 1000 (default)
2019-09-24 22:56:58,072 [16bf6e05-f81a-41e5-883a-89e111b126fe@group-38DEA3A6EBE6:LeaderElection5] INFO  server.RaftServerConfigKeys (ConfUtils.java:logGet(43)) - raft.server.rpc.sleep.time = 25ms (default)
2019-09-24 22:56:58,072 [16bf6e05-f81a-41e5-883a-89e111b126fe@group-38DEA3A6EBE6:LeaderElection5] INFO  server.RaftServerConfigKeys (ConfUtils.java:logGet(43)) - raft.server.write.element-limit = 4096 (default)
2019-09-24 22:56:58,072 [16bf6e05-f81a-41e5-883a-89e111b126fe@group-38DEA3A6EBE6:LeaderElection5] INFO  server.RaftServerConfigKeys (ConfUtils.java:logGet(43)) - raft.server.watch.timeout = 10s (default)
2019-09-24 22:56:58,072 [16bf6e05-f81a-41e5-883a-89e111b126fe@group-38DEA3A6EBE6:LeaderElection5] INFO  server.RaftServerConfigKeys (ConfUtils.java:logGet(43)) - raft.server.watch.timeout.denomination = 1s (default)
2019-09-24 22:56:58,072 [16bf6e05-f81a-41e5-883a-89e111b126fe@group-38DEA3A6EBE6:LeaderElection5] INFO  server.RaftServerConfigKeys (ConfUtils.java:logGet(43)) - raft.server.watch.element-limit = 65536 (default)
2019-09-24 22:56:58,075 [16bf6e05-f81a-41e5-883a-89e111b126fe@group-38DEA3A6EBE6:LeaderElection5] INFO  impl.RoleInfo (RoleInfo.java:updateAndGet(143)) - 16bf6e05-f81a-41e5-883a-89e111b126fe: start LeaderState
2019-09-24 22:56:58,075 [16bf6e05-f81a-41e5-883a-89e111b126fe@group-38DEA3A6EBE6:LeaderElection5] INFO  segmented.SegmentedRaftLogWorker (SegmentedRaftLogWorker.java:startLogSegment(380)) - 16bf6e05-f81a-41e5-883a-89e111b126fe@group-38DEA3A6EBE6-SegmentedRaftLogWorker: Starting segment from index:0
2019-09-24 22:56:58,075 [16bf6e05-f81a-41e5-883a-89e111b126fe@group-38DEA3A6EBE6:LeaderElection5] INFO  impl.RaftServerImpl (ServerState.java:setRaftConf(354)) - 16bf6e05-f81a-41e5-883a-89e111b126fe@group-38DEA3A6EBE6: set configuration 0: [16bf6e05-f81a-41e5-883a-89e111b126fe:192.168.151.66:37026], old=null at 0
2019-09-24 22:56:58,093 [d39139c5-5210-4708-b66c-2240b4ead968@group-79E1C23EB3E7-SegmentedRaftLogWorker] INFO  segmented.SegmentedRaftLogWorker (SegmentedRaftLogWorker.java:execute(569)) - d39139c5-5210-4708-b66c-2240b4ead968@group-79E1C23EB3E7-SegmentedRaftLogWorker: created new log segment /workdir/hadoop-ozone/integration-test/target/test-dir/MiniOzoneClusterImpl-5f7a597a-7e5e-4415-9205-5cad3600d18e/datanode-6/data/ratis/b45eea6d-1fa6-4d03-8e9a-79e1c23eb3e7/current/log_inprogress_0
2019-09-24 22:56:58,108 [16bf6e05-f81a-41e5-883a-89e111b126fe@group-38DEA3A6EBE6-SegmentedRaftLogWorker] INFO  segmented.SegmentedRaftLogWorker (SegmentedRaftLogWorker.java:execute(569)) - 16bf6e05-f81a-41e5-883a-89e111b126fe@group-38DEA3A6EBE6-SegmentedRaftLogWorker: created new log segment /workdir/hadoop-ozone/integration-test/target/test-dir/MiniOzoneClusterImpl-5f7a597a-7e5e-4415-9205-5cad3600d18e/datanode-4/data/ratis/3f9d956d-2375-4959-a539-38dea3a6ebe6/current/log_inprogress_0
2019-09-24 22:56:58,126 [Thread-303] INFO  impl.FollowerState (FollowerState.java:run(106)) - 2eb382c8-b0ed-4536-b55b-1910907e8973:group-913E2DCA0CE4 changes to CANDIDATE, lastRpcTime:1043, electionTimeout:1043ms
2019-09-24 22:56:58,126 [Thread-303] INFO  impl.RoleInfo (RoleInfo.java:shutdownFollowerState(121)) - 2eb382c8-b0ed-4536-b55b-1910907e8973: shutdown FollowerState
2019-09-24 22:56:58,126 [Thread-303] INFO  impl.RaftServerImpl (RaftServerImpl.java:setRole(174)) - 2eb382c8-b0ed-4536-b55b-1910907e8973@group-913E2DCA0CE4: changes role from  FOLLOWER to CANDIDATE at term 0 for changeToCandidate
2019-09-24 22:56:58,126 [Thread-303] INFO  impl.RoleInfo (RoleInfo.java:updateAndGet(143)) - 2eb382c8-b0ed-4536-b55b-1910907e8973: start LeaderElection
2019-09-24 22:56:58,145 [2eb382c8-b0ed-4536-b55b-1910907e8973@group-913E2DCA0CE4:LeaderElection6] INFO  impl.LeaderElection (LeaderElection.java:askForVotes(182)) - 2eb382c8-b0ed-4536-b55b-1910907e8973@group-913E2DCA0CE4:LeaderElection6: begin an election at term 1 for -1: [2eb382c8-b0ed-4536-b55b-1910907e8973:192.168.151.66:39663], old=null
2019-09-24 22:56:58,145 [2eb382c8-b0ed-4536-b55b-1910907e8973@group-913E2DCA0CE4:LeaderElection6] INFO  impl.RoleInfo (RoleInfo.java:shutdownLeaderElection(134)) - 2eb382c8-b0ed-4536-b55b-1910907e8973: shutdown LeaderElection
2019-09-24 22:56:58,146 [2eb382c8-b0ed-4536-b55b-1910907e8973@group-913E2DCA0CE4:LeaderElection6] INFO  impl.RaftServerImpl (RaftServerImpl.java:setRole(174)) - 2eb382c8-b0ed-4536-b55b-1910907e8973@group-913E2DCA0CE4: changes role from CANDIDATE to LEADER at term 1 for changeToLeader
2019-09-24 22:56:58,146 [2eb382c8-b0ed-4536-b55b-1910907e8973@group-913E2DCA0CE4:LeaderElection6] INFO  impl.RaftServerImpl (ServerState.java:setLeader(253)) - 2eb382c8-b0ed-4536-b55b-1910907e8973@group-913E2DCA0CE4: change Leader from null to 2eb382c8-b0ed-4536-b55b-1910907e8973 at term 1 for becomeLeader, leader elected after 1073ms
2019-09-24 22:56:58,148 [2eb382c8-b0ed-4536-b55b-1910907e8973@group-913E2DCA0CE4:LeaderElection6] INFO  server.RaftServerConfigKeys (ConfUtils.java:logGet(43)) - raft.server.staging.catchup.gap = 1000 (default)
2019-09-24 22:56:58,148 [2eb382c8-b0ed-4536-b55b-1910907e8973@group-913E2DCA0CE4:LeaderElection6] INFO  server.RaftServerConfigKeys (ConfUtils.java:logGet(43)) - raft.server.rpc.sleep.time = 25ms (default)
2019-09-24 22:56:58,148 [2eb382c8-b0ed-4536-b55b-1910907e8973@group-913E2DCA0CE4:LeaderElection6] INFO  server.RaftServerConfigKeys (ConfUtils.java:logGet(43)) - raft.server.write.element-limit = 4096 (default)
2019-09-24 22:56:58,148 [2eb382c8-b0ed-4536-b55b-1910907e8973@group-913E2DCA0CE4:LeaderElection6] INFO  server.RaftServerConfigKeys (ConfUtils.java:logGet(43)) - raft.server.watch.timeout = 10s (default)
2019-09-24 22:56:58,148 [2eb382c8-b0ed-4536-b55b-1910907e8973@group-913E2DCA0CE4:LeaderElection6] INFO  server.RaftServerConfigKeys (ConfUtils.java:logGet(43)) - raft.server.watch.timeout.denomination = 1s (default)
2019-09-24 22:56:58,149 [2eb382c8-b0ed-4536-b55b-1910907e8973@group-913E2DCA0CE4:LeaderElection6] INFO  server.RaftServerConfigKeys (ConfUtils.java:logGet(43)) - raft.server.watch.element-limit = 65536 (default)
2019-09-24 22:56:58,152 [2eb382c8-b0ed-4536-b55b-1910907e8973@group-913E2DCA0CE4:LeaderElection6] INFO  impl.RoleInfo (RoleInfo.java:updateAndGet(143)) - 2eb382c8-b0ed-4536-b55b-1910907e8973: start LeaderState
2019-09-24 22:56:58,152 [2eb382c8-b0ed-4536-b55b-1910907e8973@group-913E2DCA0CE4:LeaderElection6] INFO  segmented.SegmentedRaftLogWorker (SegmentedRaftLogWorker.java:startLogSegment(380)) - 2eb382c8-b0ed-4536-b55b-1910907e8973@group-913E2DCA0CE4-SegmentedRaftLogWorker: Starting segment from index:0
2019-09-24 22:56:58,152 [2eb382c8-b0ed-4536-b55b-1910907e8973@group-913E2DCA0CE4:LeaderElection6] INFO  impl.RaftServerImpl (ServerState.java:setRaftConf(354)) - 2eb382c8-b0ed-4536-b55b-1910907e8973@group-913E2DCA0CE4: set configuration 0: [2eb382c8-b0ed-4536-b55b-1910907e8973:192.168.151.66:39663], old=null at 0
2019-09-24 22:56:58,197 [2eb382c8-b0ed-4536-b55b-1910907e8973@group-913E2DCA0CE4-SegmentedRaftLogWorker] INFO  segmented.SegmentedRaftLogWorker (SegmentedRaftLogWorker.java:execute(569)) - 2eb382c8-b0ed-4536-b55b-1910907e8973@group-913E2DCA0CE4-SegmentedRaftLogWorker: created new log segment /workdir/hadoop-ozone/integration-test/target/test-dir/MiniOzoneClusterImpl-5f7a597a-7e5e-4415-9205-5cad3600d18e/datanode-7/data/ratis/b5f1d472-35bd-4d2f-bea4-913e2dca0ce4/current/log_inprogress_0
2019-09-24 22:56:58,199 [Thread-300] INFO  impl.FollowerState (FollowerState.java:run(106)) - dbd80091-9753-44ad-af4d-a1b4cb46f81c:group-00715C1BA6DD changes to CANDIDATE, lastRpcTime:1191, electionTimeout:1191ms
2019-09-24 22:56:58,199 [Thread-300] INFO  impl.RoleInfo (RoleInfo.java:shutdownFollowerState(121)) - dbd80091-9753-44ad-af4d-a1b4cb46f81c: shutdown FollowerState
2019-09-24 22:56:58,199 [Thread-300] INFO  impl.RaftServerImpl (RaftServerImpl.java:setRole(174)) - dbd80091-9753-44ad-af4d-a1b4cb46f81c@group-00715C1BA6DD: changes role from  FOLLOWER to CANDIDATE at term 0 for changeToCandidate
2019-09-24 22:56:58,200 [Thread-300] INFO  impl.RoleInfo (RoleInfo.java:updateAndGet(143)) - dbd80091-9753-44ad-af4d-a1b4cb46f81c: start LeaderElection
2019-09-24 22:56:58,208 [dbd80091-9753-44ad-af4d-a1b4cb46f81c@group-00715C1BA6DD:LeaderElection7] INFO  impl.LeaderElection (LeaderElection.java:askForVotes(182)) - dbd80091-9753-44ad-af4d-a1b4cb46f81c@group-00715C1BA6DD:LeaderElection7: begin an election at term 1 for -1: [dbd80091-9753-44ad-af4d-a1b4cb46f81c:192.168.151.66:34381], old=null
2019-09-24 22:56:58,209 [dbd80091-9753-44ad-af4d-a1b4cb46f81c@group-00715C1BA6DD:LeaderElection7] INFO  impl.RoleInfo (RoleInfo.java:shutdownLeaderElection(134)) - dbd80091-9753-44ad-af4d-a1b4cb46f81c: shutdown LeaderElection
2019-09-24 22:56:58,209 [dbd80091-9753-44ad-af4d-a1b4cb46f81c@group-00715C1BA6DD:LeaderElection7] INFO  impl.RaftServerImpl (RaftServerImpl.java:setRole(174)) - dbd80091-9753-44ad-af4d-a1b4cb46f81c@group-00715C1BA6DD: changes role from CANDIDATE to LEADER at term 1 for changeToLeader
2019-09-24 22:56:58,209 [dbd80091-9753-44ad-af4d-a1b4cb46f81c@group-00715C1BA6DD:LeaderElection7] INFO  impl.RaftServerImpl (ServerState.java:setLeader(253)) - dbd80091-9753-44ad-af4d-a1b4cb46f81c@group-00715C1BA6DD: change Leader from null to dbd80091-9753-44ad-af4d-a1b4cb46f81c at term 1 for becomeLeader, leader elected after 1210ms
2019-09-24 22:56:58,211 [dbd80091-9753-44ad-af4d-a1b4cb46f81c@group-00715C1BA6DD:LeaderElection7] INFO  server.RaftServerConfigKeys (ConfUtils.java:logGet(43)) - raft.server.staging.catchup.gap = 1000 (default)
2019-09-24 22:56:58,211 [dbd80091-9753-44ad-af4d-a1b4cb46f81c@group-00715C1BA6DD:LeaderElection7] INFO  server.RaftServerConfigKeys (ConfUtils.java:logGet(43)) - raft.server.rpc.sleep.time = 25ms (default)
2019-09-24 22:56:58,212 [dbd80091-9753-44ad-af4d-a1b4cb46f81c@group-00715C1BA6DD:LeaderElection7] INFO  server.RaftServerConfigKeys (ConfUtils.java:logGet(43)) - raft.server.write.element-limit = 4096 (default)
2019-09-24 22:56:58,212 [dbd80091-9753-44ad-af4d-a1b4cb46f81c@group-00715C1BA6DD:LeaderElection7] INFO  server.RaftServerConfigKeys (ConfUtils.java:logGet(43)) - raft.server.watch.timeout = 10s (default)
2019-09-24 22:56:58,212 [dbd80091-9753-44ad-af4d-a1b4cb46f81c@group-00715C1BA6DD:LeaderElection7] INFO  server.RaftServerConfigKeys (ConfUtils.java:logGet(43)) - raft.server.watch.timeout.denomination = 1s (default)
2019-09-24 22:56:58,212 [dbd80091-9753-44ad-af4d-a1b4cb46f81c@group-00715C1BA6DD:LeaderElection7] INFO  server.RaftServerConfigKeys (ConfUtils.java:logGet(43)) - raft.server.watch.element-limit = 65536 (default)
2019-09-24 22:56:58,216 [dbd80091-9753-44ad-af4d-a1b4cb46f81c@group-00715C1BA6DD:LeaderElection7] INFO  impl.RoleInfo (RoleInfo.java:updateAndGet(143)) - dbd80091-9753-44ad-af4d-a1b4cb46f81c: start LeaderState
2019-09-24 22:56:58,216 [dbd80091-9753-44ad-af4d-a1b4cb46f81c@group-00715C1BA6DD:LeaderElection7] INFO  segmented.SegmentedRaftLogWorker (SegmentedRaftLogWorker.java:startLogSegment(380)) - dbd80091-9753-44ad-af4d-a1b4cb46f81c@group-00715C1BA6DD-SegmentedRaftLogWorker: Starting segment from index:0
2019-09-24 22:56:58,217 [dbd80091-9753-44ad-af4d-a1b4cb46f81c@group-00715C1BA6DD:LeaderElection7] INFO  impl.RaftServerImpl (ServerState.java:setRaftConf(354)) - dbd80091-9753-44ad-af4d-a1b4cb46f81c@group-00715C1BA6DD: set configuration 0: [dbd80091-9753-44ad-af4d-a1b4cb46f81c:192.168.151.66:34381], old=null at 0
2019-09-24 22:56:58,260 [dbd80091-9753-44ad-af4d-a1b4cb46f81c@group-00715C1BA6DD-SegmentedRaftLogWorker] INFO  segmented.SegmentedRaftLogWorker (SegmentedRaftLogWorker.java:execute(569)) - dbd80091-9753-44ad-af4d-a1b4cb46f81c@group-00715C1BA6DD-SegmentedRaftLogWorker: created new log segment /workdir/hadoop-ozone/integration-test/target/test-dir/MiniOzoneClusterImpl-5f7a597a-7e5e-4415-9205-5cad3600d18e/datanode-9/data/ratis/24219868-5440-4198-b506-00715c1ba6dd/current/log_inprogress_0
2019-09-24 22:56:58,318 [Thread-306] INFO  impl.FollowerState (FollowerState.java:run(106)) - 1b127d74-8e4f-43fe-9dad-7b769944c181:group-C6698913E4C8 changes to CANDIDATE, lastRpcTime:1067, electionTimeout:1067ms
2019-09-24 22:56:58,318 [Thread-306] INFO  impl.RoleInfo (RoleInfo.java:shutdownFollowerState(121)) - 1b127d74-8e4f-43fe-9dad-7b769944c181: shutdown FollowerState
2019-09-24 22:56:58,318 [Thread-306] INFO  impl.RaftServerImpl (RaftServerImpl.java:setRole(174)) - 1b127d74-8e4f-43fe-9dad-7b769944c181@group-C6698913E4C8: changes role from  FOLLOWER to CANDIDATE at term 0 for changeToCandidate
2019-09-24 22:56:58,319 [Thread-306] INFO  impl.RoleInfo (RoleInfo.java:updateAndGet(143)) - 1b127d74-8e4f-43fe-9dad-7b769944c181: start LeaderElection
2019-09-24 22:56:58,338 [1b127d74-8e4f-43fe-9dad-7b769944c181@group-C6698913E4C8:LeaderElection8] INFO  impl.LeaderElection (LeaderElection.java:askForVotes(182)) - 1b127d74-8e4f-43fe-9dad-7b769944c181@group-C6698913E4C8:LeaderElection8: begin an election at term 1 for -1: [1b127d74-8e4f-43fe-9dad-7b769944c181:192.168.151.66:33728], old=null
2019-09-24 22:56:58,339 [1b127d74-8e4f-43fe-9dad-7b769944c181@group-C6698913E4C8:LeaderElection8] INFO  impl.RoleInfo (RoleInfo.java:shutdownLeaderElection(134)) - 1b127d74-8e4f-43fe-9dad-7b769944c181: shutdown LeaderElection
2019-09-24 22:56:58,339 [1b127d74-8e4f-43fe-9dad-7b769944c181@group-C6698913E4C8:LeaderElection8] INFO  impl.RaftServerImpl (RaftServerImpl.java:setRole(174)) - 1b127d74-8e4f-43fe-9dad-7b769944c181@group-C6698913E4C8: changes role from CANDIDATE to LEADER at term 1 for changeToLeader
2019-09-24 22:56:58,339 [1b127d74-8e4f-43fe-9dad-7b769944c181@group-C6698913E4C8:LeaderElection8] INFO  impl.RaftServerImpl (ServerState.java:setLeader(253)) - 1b127d74-8e4f-43fe-9dad-7b769944c181@group-C6698913E4C8: change Leader from null to 1b127d74-8e4f-43fe-9dad-7b769944c181 at term 1 for becomeLeader, leader elected after 1168ms
2019-09-24 22:56:58,342 [1b127d74-8e4f-43fe-9dad-7b769944c181@group-C6698913E4C8:LeaderElection8] INFO  server.RaftServerConfigKeys (ConfUtils.java:logGet(43)) - raft.server.staging.catchup.gap = 1000 (default)
2019-09-24 22:56:58,342 [1b127d74-8e4f-43fe-9dad-7b769944c181@group-C6698913E4C8:LeaderElection8] INFO  server.RaftServerConfigKeys (ConfUtils.java:logGet(43)) - raft.server.rpc.sleep.time = 25ms (default)
2019-09-24 22:56:58,342 [1b127d74-8e4f-43fe-9dad-7b769944c181@group-C6698913E4C8:LeaderElection8] INFO  server.RaftServerConfigKeys (ConfUtils.java:logGet(43)) - raft.server.write.element-limit = 4096 (default)
2019-09-24 22:56:58,342 [1b127d74-8e4f-43fe-9dad-7b769944c181@group-C6698913E4C8:LeaderElection8] INFO  server.RaftServerConfigKeys (ConfUtils.java:logGet(43)) - raft.server.watch.timeout = 10s (default)
2019-09-24 22:56:58,343 [1b127d74-8e4f-43fe-9dad-7b769944c181@group-C6698913E4C8:LeaderElection8] INFO  server.RaftServerConfigKeys (ConfUtils.java:logGet(43)) - raft.server.watch.timeout.denomination = 1s (default)
2019-09-24 22:56:58,343 [1b127d74-8e4f-43fe-9dad-7b769944c181@group-C6698913E4C8:LeaderElection8] INFO  server.RaftServerConfigKeys (ConfUtils.java:logGet(43)) - raft.server.watch.element-limit = 65536 (default)
2019-09-24 22:56:58,346 [1b127d74-8e4f-43fe-9dad-7b769944c181@group-C6698913E4C8:LeaderElection8] INFO  impl.RoleInfo (RoleInfo.java:updateAndGet(143)) - 1b127d74-8e4f-43fe-9dad-7b769944c181: start LeaderState
2019-09-24 22:56:58,346 [1b127d74-8e4f-43fe-9dad-7b769944c181@group-C6698913E4C8:LeaderElection8] INFO  segmented.SegmentedRaftLogWorker (SegmentedRaftLogWorker.java:startLogSegment(380)) - 1b127d74-8e4f-43fe-9dad-7b769944c181@group-C6698913E4C8-SegmentedRaftLogWorker: Starting segment from index:0
2019-09-24 22:56:58,347 [1b127d74-8e4f-43fe-9dad-7b769944c181@group-C6698913E4C8:LeaderElection8] INFO  impl.RaftServerImpl (ServerState.java:setRaftConf(354)) - 1b127d74-8e4f-43fe-9dad-7b769944c181@group-C6698913E4C8: set configuration 0: [1b127d74-8e4f-43fe-9dad-7b769944c181:192.168.151.66:33728], old=null at 0
2019-09-24 22:56:58,391 [1b127d74-8e4f-43fe-9dad-7b769944c181@group-C6698913E4C8-SegmentedRaftLogWorker] INFO  segmented.SegmentedRaftLogWorker (SegmentedRaftLogWorker.java:execute(569)) - 1b127d74-8e4f-43fe-9dad-7b769944c181@group-C6698913E4C8-SegmentedRaftLogWorker: created new log segment /workdir/hadoop-ozone/integration-test/target/test-dir/MiniOzoneClusterImpl-5f7a597a-7e5e-4415-9205-5cad3600d18e/datanode-3/data/ratis/51f5cc2d-1a29-4617-802f-c6698913e4c8/current/log_inprogress_0
2019-09-24 22:56:58,547 [Thread-309] INFO  impl.FollowerState (FollowerState.java:run(106)) - c20705ec-6f31-4e08-9cc6-abff4709d2d8:group-87B3166329D1 changes to CANDIDATE, lastRpcTime:1140, electionTimeout:1139ms
2019-09-24 22:56:58,548 [Thread-309] INFO  impl.RoleInfo (RoleInfo.java:shutdownFollowerState(121)) - c20705ec-6f31-4e08-9cc6-abff4709d2d8: shutdown FollowerState
2019-09-24 22:56:58,548 [Thread-309] INFO  impl.RaftServerImpl (RaftServerImpl.java:setRole(174)) - c20705ec-6f31-4e08-9cc6-abff4709d2d8@group-87B3166329D1: changes role from  FOLLOWER to CANDIDATE at term 0 for changeToCandidate
2019-09-24 22:56:58,548 [Thread-309] INFO  impl.RoleInfo (RoleInfo.java:updateAndGet(143)) - c20705ec-6f31-4e08-9cc6-abff4709d2d8: start LeaderElection
2019-09-24 22:56:58,548 [Thread-283] INFO  container.ReplicationManager (ReplicationManager.java:start(162)) - Starting Replication Monitor Thread.
2019-09-24 22:56:58,555 [ReplicationMonitor] INFO  container.ReplicationManager (ReplicationManager.java:run(225)) - Replication Monitor Thread took 1 milliseconds for processing 0 containers.
2019-09-24 22:56:58,567 [c20705ec-6f31-4e08-9cc6-abff4709d2d8@group-87B3166329D1:LeaderElection9] INFO  impl.LeaderElection (LeaderElection.java:askForVotes(182)) - c20705ec-6f31-4e08-9cc6-abff4709d2d8@group-87B3166329D1:LeaderElection9: begin an election at term 1 for -1: [c20705ec-6f31-4e08-9cc6-abff4709d2d8:192.168.151.66:43439], old=null
2019-09-24 22:56:58,567 [c20705ec-6f31-4e08-9cc6-abff4709d2d8@group-87B3166329D1:LeaderElection9] INFO  impl.RoleInfo (RoleInfo.java:shutdownLeaderElection(134)) - c20705ec-6f31-4e08-9cc6-abff4709d2d8: shutdown LeaderElection
2019-09-24 22:56:58,567 [c20705ec-6f31-4e08-9cc6-abff4709d2d8@group-87B3166329D1:LeaderElection9] INFO  impl.RaftServerImpl (RaftServerImpl.java:setRole(174)) - c20705ec-6f31-4e08-9cc6-abff4709d2d8@group-87B3166329D1: changes role from CANDIDATE to LEADER at term 1 for changeToLeader
2019-09-24 22:56:58,567 [c20705ec-6f31-4e08-9cc6-abff4709d2d8@group-87B3166329D1:LeaderElection9] INFO  impl.RaftServerImpl (ServerState.java:setLeader(253)) - c20705ec-6f31-4e08-9cc6-abff4709d2d8@group-87B3166329D1: change Leader from null to c20705ec-6f31-4e08-9cc6-abff4709d2d8 at term 1 for becomeLeader, leader elected after 1169ms
2019-09-24 22:56:58,570 [c20705ec-6f31-4e08-9cc6-abff4709d2d8@group-87B3166329D1:LeaderElection9] INFO  server.RaftServerConfigKeys (ConfUtils.java:logGet(43)) - raft.server.staging.catchup.gap = 1000 (default)
2019-09-24 22:56:58,570 [c20705ec-6f31-4e08-9cc6-abff4709d2d8@group-87B3166329D1:LeaderElection9] INFO  server.RaftServerConfigKeys (ConfUtils.java:logGet(43)) - raft.server.rpc.sleep.time = 25ms (default)
2019-09-24 22:56:58,570 [c20705ec-6f31-4e08-9cc6-abff4709d2d8@group-87B3166329D1:LeaderElection9] INFO  server.RaftServerConfigKeys (ConfUtils.java:logGet(43)) - raft.server.write.element-limit = 4096 (default)
2019-09-24 22:56:58,570 [c20705ec-6f31-4e08-9cc6-abff4709d2d8@group-87B3166329D1:LeaderElection9] INFO  server.RaftServerConfigKeys (ConfUtils.java:logGet(43)) - raft.server.watch.timeout = 10s (default)
2019-09-24 22:56:58,571 [c20705ec-6f31-4e08-9cc6-abff4709d2d8@group-87B3166329D1:LeaderElection9] INFO  server.RaftServerConfigKeys (ConfUtils.java:logGet(43)) - raft.server.watch.timeout.denomination = 1s (default)
2019-09-24 22:56:58,571 [c20705ec-6f31-4e08-9cc6-abff4709d2d8@group-87B3166329D1:LeaderElection9] INFO  server.RaftServerConfigKeys (ConfUtils.java:logGet(43)) - raft.server.watch.element-limit = 65536 (default)
2019-09-24 22:56:58,576 [c20705ec-6f31-4e08-9cc6-abff4709d2d8@group-87B3166329D1:LeaderElection9] INFO  impl.RoleInfo (RoleInfo.java:updateAndGet(143)) - c20705ec-6f31-4e08-9cc6-abff4709d2d8: start LeaderState
2019-09-24 22:56:58,576 [c20705ec-6f31-4e08-9cc6-abff4709d2d8@group-87B3166329D1:LeaderElection9] INFO  segmented.SegmentedRaftLogWorker (SegmentedRaftLogWorker.java:startLogSegment(380)) - c20705ec-6f31-4e08-9cc6-abff4709d2d8@group-87B3166329D1-SegmentedRaftLogWorker: Starting segment from index:0
2019-09-24 22:56:58,577 [c20705ec-6f31-4e08-9cc6-abff4709d2d8@group-87B3166329D1:LeaderElection9] INFO  impl.RaftServerImpl (ServerState.java:setRaftConf(354)) - c20705ec-6f31-4e08-9cc6-abff4709d2d8@group-87B3166329D1: set configuration 0: [c20705ec-6f31-4e08-9cc6-abff4709d2d8:192.168.151.66:43439], old=null at 0
2019-09-24 22:56:58,611 [main] INFO  ipc.Client (Client.java:handleConnectionFailure(948)) - Retrying connect to server: localhost/127.0.0.1:0. Already tried 0 time(s); retry policy is RetryUpToMaximumCountWithFixedSleep(maxRetries=10, sleepTime=1000 MILLISECONDS)
2019-09-24 22:56:58,619 [c20705ec-6f31-4e08-9cc6-abff4709d2d8@group-87B3166329D1-SegmentedRaftLogWorker] INFO  segmented.SegmentedRaftLogWorker (SegmentedRaftLogWorker.java:execute(569)) - c20705ec-6f31-4e08-9cc6-abff4709d2d8@group-87B3166329D1-SegmentedRaftLogWorker: created new log segment /workdir/hadoop-ozone/integration-test/target/test-dir/MiniOzoneClusterImpl-5f7a597a-7e5e-4415-9205-5cad3600d18e/datanode-8/data/ratis/4cdbc53d-a6a0-4f77-8cca-87b3166329d1/current/log_inprogress_0
2019-09-24 22:56:58,637 [Thread-312] INFO  impl.FollowerState (FollowerState.java:run(106)) - 48b45dfa-9a49-49d0-a60f-4d834ccef1db:group-C5D7048B2308 changes to CANDIDATE, lastRpcTime:1124, electionTimeout:1124ms
2019-09-24 22:56:58,637 [Thread-312] INFO  impl.RoleInfo (RoleInfo.java:shutdownFollowerState(121)) - 48b45dfa-9a49-49d0-a60f-4d834ccef1db: shutdown FollowerState
2019-09-24 22:56:58,637 [Thread-312] INFO  impl.RaftServerImpl (RaftServerImpl.java:setRole(174)) - 48b45dfa-9a49-49d0-a60f-4d834ccef1db@group-C5D7048B2308: changes role from  FOLLOWER to CANDIDATE at term 0 for changeToCandidate
2019-09-24 22:56:58,637 [Thread-312] INFO  impl.RoleInfo (RoleInfo.java:updateAndGet(143)) - 48b45dfa-9a49-49d0-a60f-4d834ccef1db: start LeaderElection
2019-09-24 22:56:58,658 [48b45dfa-9a49-49d0-a60f-4d834ccef1db@group-C5D7048B2308:LeaderElection10] INFO  impl.LeaderElection (LeaderElection.java:askForVotes(182)) - 48b45dfa-9a49-49d0-a60f-4d834ccef1db@group-C5D7048B2308:LeaderElection10: begin an election at term 1 for -1: [48b45dfa-9a49-49d0-a60f-4d834ccef1db:192.168.151.66:39677], old=null
2019-09-24 22:56:58,658 [48b45dfa-9a49-49d0-a60f-4d834ccef1db@group-C5D7048B2308:LeaderElection10] INFO  impl.RoleInfo (RoleInfo.java:shutdownLeaderElection(134)) - 48b45dfa-9a49-49d0-a60f-4d834ccef1db: shutdown LeaderElection
2019-09-24 22:56:58,658 [48b45dfa-9a49-49d0-a60f-4d834ccef1db@group-C5D7048B2308:LeaderElection10] INFO  impl.RaftServerImpl (RaftServerImpl.java:setRole(174)) - 48b45dfa-9a49-49d0-a60f-4d834ccef1db@group-C5D7048B2308: changes role from CANDIDATE to LEADER at term 1 for changeToLeader
2019-09-24 22:56:58,659 [48b45dfa-9a49-49d0-a60f-4d834ccef1db@group-C5D7048B2308:LeaderElection10] INFO  impl.RaftServerImpl (ServerState.java:setLeader(253)) - 48b45dfa-9a49-49d0-a60f-4d834ccef1db@group-C5D7048B2308: change Leader from null to 48b45dfa-9a49-49d0-a60f-4d834ccef1db at term 1 for becomeLeader, leader elected after 1159ms
2019-09-24 22:56:58,661 [48b45dfa-9a49-49d0-a60f-4d834ccef1db@group-C5D7048B2308:LeaderElection10] INFO  server.RaftServerConfigKeys (ConfUtils.java:logGet(43)) - raft.server.staging.catchup.gap = 1000 (default)
2019-09-24 22:56:58,661 [Thread-319] INFO  impl.FollowerState (FollowerState.java:run(106)) - 16bf6e05-f81a-41e5-883a-89e111b126fe:group-ECCDD8E1798D changes to CANDIDATE, lastRpcTime:1035, electionTimeout:1033ms
2019-09-24 22:56:58,661 [48b45dfa-9a49-49d0-a60f-4d834ccef1db@group-C5D7048B2308:LeaderElection10] INFO  server.RaftServerConfigKeys (ConfUtils.java:logGet(43)) - raft.server.rpc.sleep.time = 25ms (default)
2019-09-24 22:56:58,661 [Thread-319] INFO  impl.RoleInfo (RoleInfo.java:shutdownFollowerState(121)) - 16bf6e05-f81a-41e5-883a-89e111b126fe: shutdown FollowerState
2019-09-24 22:56:58,661 [48b45dfa-9a49-49d0-a60f-4d834ccef1db@group-C5D7048B2308:LeaderElection10] INFO  server.RaftServerConfigKeys (ConfUtils.java:logGet(43)) - raft.server.write.element-limit = 4096 (default)
2019-09-24 22:56:58,661 [Thread-319] INFO  impl.RaftServerImpl (RaftServerImpl.java:setRole(174)) - 16bf6e05-f81a-41e5-883a-89e111b126fe@group-ECCDD8E1798D: changes role from  FOLLOWER to CANDIDATE at term 0 for changeToCandidate
2019-09-24 22:56:58,661 [48b45dfa-9a49-49d0-a60f-4d834ccef1db@group-C5D7048B2308:LeaderElection10] INFO  server.RaftServerConfigKeys (ConfUtils.java:logGet(43)) - raft.server.watch.timeout = 10s (default)
2019-09-24 22:56:58,662 [Thread-319] INFO  impl.RoleInfo (RoleInfo.java:updateAndGet(143)) - 16bf6e05-f81a-41e5-883a-89e111b126fe: start LeaderElection
2019-09-24 22:56:58,662 [48b45dfa-9a49-49d0-a60f-4d834ccef1db@group-C5D7048B2308:LeaderElection10] INFO  server.RaftServerConfigKeys (ConfUtils.java:logGet(43)) - raft.server.watch.timeout.denomination = 1s (default)
2019-09-24 22:56:58,662 [48b45dfa-9a49-49d0-a60f-4d834ccef1db@group-C5D7048B2308:LeaderElection10] INFO  server.RaftServerConfigKeys (ConfUtils.java:logGet(43)) - raft.server.watch.element-limit = 65536 (default)
2019-09-24 22:56:58,671 [48b45dfa-9a49-49d0-a60f-4d834ccef1db@group-C5D7048B2308:LeaderElection10] INFO  impl.RoleInfo (RoleInfo.java:updateAndGet(143)) - 48b45dfa-9a49-49d0-a60f-4d834ccef1db: start LeaderState
2019-09-24 22:56:58,672 [48b45dfa-9a49-49d0-a60f-4d834ccef1db@group-C5D7048B2308:LeaderElection10] INFO  segmented.SegmentedRaftLogWorker (SegmentedRaftLogWorker.java:startLogSegment(380)) - 48b45dfa-9a49-49d0-a60f-4d834ccef1db@group-C5D7048B2308-SegmentedRaftLogWorker: Starting segment from index:0
2019-09-24 22:56:58,672 [48b45dfa-9a49-49d0-a60f-4d834ccef1db@group-C5D7048B2308:LeaderElection10] INFO  impl.RaftServerImpl (ServerState.java:setRaftConf(354)) - 48b45dfa-9a49-49d0-a60f-4d834ccef1db@group-C5D7048B2308: set configuration 0: [48b45dfa-9a49-49d0-a60f-4d834ccef1db:192.168.151.66:39677], old=null at 0
2019-09-24 22:56:58,690 [Thread-322] INFO  impl.FollowerState (FollowerState.java:run(106)) - df79811b-05d5-490a-beb3-27ac0aff7bfc:group-ECCDD8E1798D changes to CANDIDATE, lastRpcTime:1062, electionTimeout:1050ms
2019-09-24 22:56:58,690 [16bf6e05-f81a-41e5-883a-89e111b126fe@group-ECCDD8E1798D:LeaderElection11] INFO  impl.LeaderElection (LeaderElection.java:askForVotes(182)) - 16bf6e05-f81a-41e5-883a-89e111b126fe@group-ECCDD8E1798D:LeaderElection11: begin an election at term 1 for -1: [16bf6e05-f81a-41e5-883a-89e111b126fe:192.168.151.66:37026, df79811b-05d5-490a-beb3-27ac0aff7bfc:192.168.151.66:34065, 23c6c9b6-39b4-44f0-84a4-cf624850a9c3:192.168.151.66:32846], old=null
2019-09-24 22:56:58,690 [Thread-322] INFO  impl.RoleInfo (RoleInfo.java:shutdownFollowerState(121)) - df79811b-05d5-490a-beb3-27ac0aff7bfc: shutdown FollowerState
2019-09-24 22:56:58,690 [Thread-322] INFO  impl.RaftServerImpl (RaftServerImpl.java:setRole(174)) - df79811b-05d5-490a-beb3-27ac0aff7bfc@group-ECCDD8E1798D: changes role from  FOLLOWER to CANDIDATE at term 0 for changeToCandidate
2019-09-24 22:56:58,693 [Thread-322] INFO  impl.RoleInfo (RoleInfo.java:updateAndGet(143)) - df79811b-05d5-490a-beb3-27ac0aff7bfc: start LeaderElection
2019-09-24 22:56:58,721 [df79811b-05d5-490a-beb3-27ac0aff7bfc@group-ECCDD8E1798D:LeaderElection12] INFO  impl.LeaderElection (LeaderElection.java:askForVotes(182)) - df79811b-05d5-490a-beb3-27ac0aff7bfc@group-ECCDD8E1798D:LeaderElection12: begin an election at term 1 for -1: [16bf6e05-f81a-41e5-883a-89e111b126fe:192.168.151.66:37026, df79811b-05d5-490a-beb3-27ac0aff7bfc:192.168.151.66:34065, 23c6c9b6-39b4-44f0-84a4-cf624850a9c3:192.168.151.66:32846], old=null
2019-09-24 22:56:58,721 [48b45dfa-9a49-49d0-a60f-4d834ccef1db@group-C5D7048B2308-SegmentedRaftLogWorker] INFO  segmented.SegmentedRaftLogWorker (SegmentedRaftLogWorker.java:execute(569)) - 48b45dfa-9a49-49d0-a60f-4d834ccef1db@group-C5D7048B2308-SegmentedRaftLogWorker: created new log segment /workdir/hadoop-ozone/integration-test/target/test-dir/MiniOzoneClusterImpl-5f7a597a-7e5e-4415-9205-5cad3600d18e/datanode-5/data/ratis/8582439d-0104-4401-859f-c5d7048b2308/current/log_inprogress_0
2019-09-24 22:56:58,754 [grpc-default-executor-1] INFO  impl.RaftServerImpl (RaftServerImpl.java:setRole(174)) - 23c6c9b6-39b4-44f0-84a4-cf624850a9c3@group-ECCDD8E1798D: changes role from  FOLLOWER to FOLLOWER at term 1 for recognizeCandidate:16bf6e05-f81a-41e5-883a-89e111b126fe
2019-09-24 22:56:58,754 [grpc-default-executor-1] INFO  impl.RoleInfo (RoleInfo.java:shutdownFollowerState(121)) - 23c6c9b6-39b4-44f0-84a4-cf624850a9c3: shutdown FollowerState
2019-09-24 22:56:58,754 [grpc-default-executor-1] INFO  impl.RoleInfo (RoleInfo.java:updateAndGet(143)) - 23c6c9b6-39b4-44f0-84a4-cf624850a9c3: start FollowerState
2019-09-24 22:56:58,754 [Thread-323] INFO  impl.FollowerState (FollowerState.java:run(115)) - 23c6c9b6-39b4-44f0-84a4-cf624850a9c3: FollowerState was interrupted: java.lang.InterruptedException: sleep interrupted
2019-09-24 22:56:58,785 [df79811b-05d5-490a-beb3-27ac0aff7bfc@group-ECCDD8E1798D:LeaderElection12] INFO  impl.LeaderElection (LeaderElection.java:logAndReturn(56)) - df79811b-05d5-490a-beb3-27ac0aff7bfc@group-ECCDD8E1798D:LeaderElection12: Election REJECTED; received 2 response(s) [df79811b-05d5-490a-beb3-27ac0aff7bfc<-16bf6e05-f81a-41e5-883a-89e111b126fe#0:FAIL-t1, df79811b-05d5-490a-beb3-27ac0aff7bfc<-23c6c9b6-39b4-44f0-84a4-cf624850a9c3#0:FAIL-t1] and 0 exception(s); df79811b-05d5-490a-beb3-27ac0aff7bfc@group-ECCDD8E1798D:t1, leader=null, voted=df79811b-05d5-490a-beb3-27ac0aff7bfc, raftlog=df79811b-05d5-490a-beb3-27ac0aff7bfc@group-ECCDD8E1798D-SegmentedRaftLog:OPENED:c-1,f-1,i0, conf=-1: [16bf6e05-f81a-41e5-883a-89e111b126fe:192.168.151.66:37026, df79811b-05d5-490a-beb3-27ac0aff7bfc:192.168.151.66:34065, 23c6c9b6-39b4-44f0-84a4-cf624850a9c3:192.168.151.66:32846], old=null
2019-09-24 22:56:58,785 [16bf6e05-f81a-41e5-883a-89e111b126fe@group-ECCDD8E1798D:LeaderElection11] INFO  impl.LeaderElection (LeaderElection.java:logAndReturn(56)) - 16bf6e05-f81a-41e5-883a-89e111b126fe@group-ECCDD8E1798D:LeaderElection11: Election PASSED; received 2 response(s) [16bf6e05-f81a-41e5-883a-89e111b126fe<-df79811b-05d5-490a-beb3-27ac0aff7bfc#0:FAIL-t1, 16bf6e05-f81a-41e5-883a-89e111b126fe<-23c6c9b6-39b4-44f0-84a4-cf624850a9c3#0:OK-t1] and 0 exception(s); 16bf6e05-f81a-41e5-883a-89e111b126fe@group-ECCDD8E1798D:t1, leader=null, voted=16bf6e05-f81a-41e5-883a-89e111b126fe, raftlog=16bf6e05-f81a-41e5-883a-89e111b126fe@group-ECCDD8E1798D-SegmentedRaftLog:OPENED:c-1,f-1,i0, conf=-1: [16bf6e05-f81a-41e5-883a-89e111b126fe:192.168.151.66:37026, df79811b-05d5-490a-beb3-27ac0aff7bfc:192.168.151.66:34065, 23c6c9b6-39b4-44f0-84a4-cf624850a9c3:192.168.151.66:32846], old=null
2019-09-24 22:56:58,785 [16bf6e05-f81a-41e5-883a-89e111b126fe@group-ECCDD8E1798D:LeaderElection11] INFO  impl.RoleInfo (RoleInfo.java:shutdownLeaderElection(134)) - 16bf6e05-f81a-41e5-883a-89e111b126fe: shutdown LeaderElection
2019-09-24 22:56:58,786 [df79811b-05d5-490a-beb3-27ac0aff7bfc@group-ECCDD8E1798D:LeaderElection12] INFO  impl.RaftServerImpl (RaftServerImpl.java:setRole(174)) - df79811b-05d5-490a-beb3-27ac0aff7bfc@group-ECCDD8E1798D: changes role from CANDIDATE to FOLLOWER at term 1 for DISCOVERED_A_NEW_TERM
2019-09-24 22:56:58,786 [16bf6e05-f81a-41e5-883a-89e111b126fe@group-ECCDD8E1798D:LeaderElection11] INFO  impl.RaftServerImpl (RaftServerImpl.java:setRole(174)) - 16bf6e05-f81a-41e5-883a-89e111b126fe@group-ECCDD8E1798D: changes role from CANDIDATE to LEADER at term 1 for changeToLeader
2019-09-24 22:56:58,793 [df79811b-05d5-490a-beb3-27ac0aff7bfc@group-ECCDD8E1798D:LeaderElection12] INFO  impl.RoleInfo (RoleInfo.java:shutdownLeaderElection(134)) - df79811b-05d5-490a-beb3-27ac0aff7bfc: shutdown LeaderElection
2019-09-24 22:56:58,794 [16bf6e05-f81a-41e5-883a-89e111b126fe@group-ECCDD8E1798D:LeaderElection11] INFO  impl.RaftServerImpl (ServerState.java:setLeader(253)) - 16bf6e05-f81a-41e5-883a-89e111b126fe@group-ECCDD8E1798D: change Leader from null to 16bf6e05-f81a-41e5-883a-89e111b126fe at term 1 for becomeLeader, leader elected after 1180ms
2019-09-24 22:56:58,794 [df79811b-05d5-490a-beb3-27ac0aff7bfc@group-ECCDD8E1798D:LeaderElection12] INFO  impl.RoleInfo (RoleInfo.java:updateAndGet(143)) - df79811b-05d5-490a-beb3-27ac0aff7bfc: start FollowerState
2019-09-24 22:56:58,794 [16bf6e05-f81a-41e5-883a-89e111b126fe@group-ECCDD8E1798D:LeaderElection11] INFO  server.RaftServerConfigKeys (ConfUtils.java:logGet(43)) - raft.server.staging.catchup.gap = 1000 (default)
2019-09-24 22:56:58,794 [16bf6e05-f81a-41e5-883a-89e111b126fe@group-ECCDD8E1798D:LeaderElection11] INFO  server.RaftServerConfigKeys (ConfUtils.java:logGet(43)) - raft.server.rpc.sleep.time = 25ms (default)
2019-09-24 22:56:58,797 [16bf6e05-f81a-41e5-883a-89e111b126fe@group-ECCDD8E1798D:LeaderElection11] INFO  server.RaftServerConfigKeys (ConfUtils.java:logGet(43)) - raft.server.write.element-limit = 4096 (default)
2019-09-24 22:56:58,797 [16bf6e05-f81a-41e5-883a-89e111b126fe@group-ECCDD8E1798D:LeaderElection11] INFO  server.RaftServerConfigKeys (ConfUtils.java:logGet(43)) - raft.server.watch.timeout = 10s (default)
2019-09-24 22:56:58,797 [16bf6e05-f81a-41e5-883a-89e111b126fe@group-ECCDD8E1798D:LeaderElection11] INFO  server.RaftServerConfigKeys (ConfUtils.java:logGet(43)) - raft.server.watch.timeout.denomination = 1s (default)
2019-09-24 22:56:58,797 [16bf6e05-f81a-41e5-883a-89e111b126fe@group-ECCDD8E1798D:LeaderElection11] INFO  server.RaftServerConfigKeys (ConfUtils.java:logGet(43)) - raft.server.watch.element-limit = 65536 (default)
2019-09-24 22:56:58,801 [16bf6e05-f81a-41e5-883a-89e111b126fe@group-ECCDD8E1798D:LeaderElection11] INFO  server.RaftServerConfigKeys (ConfUtils.java:logGet(43)) - raft.server.log.appender.snapshot.chunk.size.max = 16MB (=16777216) (default)
2019-09-24 22:56:58,802 [16bf6e05-f81a-41e5-883a-89e111b126fe@group-ECCDD8E1798D:LeaderElection11] INFO  server.RaftServerConfigKeys (ConfUtils.java:logGet(43)) - raft.server.log.appender.buffer.byte-limit = 33554432 (custom)
2019-09-24 22:56:58,802 [16bf6e05-f81a-41e5-883a-89e111b126fe@group-ECCDD8E1798D:LeaderElection11] INFO  server.RaftServerConfigKeys (ConfUtils.java:logGet(43)) - raft.server.log.appender.buffer.element-limit = 1 (custom)
2019-09-24 22:56:58,806 [16bf6e05-f81a-41e5-883a-89e111b126fe@group-ECCDD8E1798D:LeaderElection11] INFO  grpc.GrpcConfigKeys$Server (ConfUtils.java:logGet(43)) - raft.grpc.server.leader.outstanding.appends.max = 128 (default)
2019-09-24 22:56:58,806 [16bf6e05-f81a-41e5-883a-89e111b126fe@group-ECCDD8E1798D:LeaderElection11] INFO  server.RaftServerConfigKeys (ConfUtils.java:logGet(43)) - raft.server.rpc.request.timeout = 3000ms (default)
2019-09-24 22:56:58,806 [16bf6e05-f81a-41e5-883a-89e111b126fe@group-ECCDD8E1798D:LeaderElection11] INFO  server.RaftServerConfigKeys (ConfUtils.java:logGet(43)) - raft.server.log.appender.install.snapshot.enabled = false (custom)
2019-09-24 22:56:58,807 [16bf6e05-f81a-41e5-883a-89e111b126fe@group-ECCDD8E1798D:LeaderElection11] INFO  server.RaftServerConfigKeys (ConfUtils.java:logGet(43)) - raft.server.log.appender.snapshot.chunk.size.max = 16MB (=16777216) (default)
2019-09-24 22:56:58,807 [16bf6e05-f81a-41e5-883a-89e111b126fe@group-ECCDD8E1798D:LeaderElection11] INFO  server.RaftServerConfigKeys (ConfUtils.java:logGet(43)) - raft.server.log.appender.buffer.byte-limit = 33554432 (custom)
2019-09-24 22:56:58,807 [16bf6e05-f81a-41e5-883a-89e111b126fe@group-ECCDD8E1798D:LeaderElection11] INFO  server.RaftServerConfigKeys (ConfUtils.java:logGet(43)) - raft.server.log.appender.buffer.element-limit = 1 (custom)
2019-09-24 22:56:58,808 [16bf6e05-f81a-41e5-883a-89e111b126fe@group-ECCDD8E1798D:LeaderElection11] INFO  grpc.GrpcConfigKeys$Server (ConfUtils.java:logGet(43)) - raft.grpc.server.leader.outstanding.appends.max = 128 (default)
2019-09-24 22:56:58,808 [16bf6e05-f81a-41e5-883a-89e111b126fe@group-ECCDD8E1798D:LeaderElection11] INFO  server.RaftServerConfigKeys (ConfUtils.java:logGet(43)) - raft.server.rpc.request.timeout = 3000ms (default)
2019-09-24 22:56:58,808 [16bf6e05-f81a-41e5-883a-89e111b126fe@group-ECCDD8E1798D:LeaderElection11] INFO  server.RaftServerConfigKeys (ConfUtils.java:logGet(43)) - raft.server.log.appender.install.snapshot.enabled = false (custom)
2019-09-24 22:56:58,811 [16bf6e05-f81a-41e5-883a-89e111b126fe@group-ECCDD8E1798D:LeaderElection11] INFO  impl.RoleInfo (RoleInfo.java:updateAndGet(143)) - 16bf6e05-f81a-41e5-883a-89e111b126fe: start LeaderState
2019-09-24 22:56:58,811 [16bf6e05-f81a-41e5-883a-89e111b126fe@group-ECCDD8E1798D:LeaderElection11] INFO  segmented.SegmentedRaftLogWorker (SegmentedRaftLogWorker.java:startLogSegment(380)) - 16bf6e05-f81a-41e5-883a-89e111b126fe@group-ECCDD8E1798D-SegmentedRaftLogWorker: Starting segment from index:0
2019-09-24 22:56:58,812 [Thread-333] INFO  impl.FollowerState (FollowerState.java:run(106)) - dbd80091-9753-44ad-af4d-a1b4cb46f81c:group-AD4279E7EEBD changes to CANDIDATE, lastRpcTime:1040, electionTimeout:1040ms
2019-09-24 22:56:58,812 [Thread-333] INFO  impl.RoleInfo (RoleInfo.java:shutdownFollowerState(121)) - dbd80091-9753-44ad-af4d-a1b4cb46f81c: shutdown FollowerState
2019-09-24 22:56:58,812 [Thread-333] INFO  impl.RaftServerImpl (RaftServerImpl.java:setRole(174)) - dbd80091-9753-44ad-af4d-a1b4cb46f81c@group-AD4279E7EEBD: changes role from  FOLLOWER to CANDIDATE at term 0 for changeToCandidate
2019-09-24 22:56:58,813 [Thread-333] INFO  impl.RoleInfo (RoleInfo.java:updateAndGet(143)) - dbd80091-9753-44ad-af4d-a1b4cb46f81c: start LeaderElection
2019-09-24 22:56:58,833 [16bf6e05-f81a-41e5-883a-89e111b126fe@group-ECCDD8E1798D:LeaderElection11] INFO  impl.RaftServerImpl (ServerState.java:setRaftConf(354)) - 16bf6e05-f81a-41e5-883a-89e111b126fe@group-ECCDD8E1798D: set configuration 0: [16bf6e05-f81a-41e5-883a-89e111b126fe:192.168.151.66:37026, df79811b-05d5-490a-beb3-27ac0aff7bfc:192.168.151.66:34065, 23c6c9b6-39b4-44f0-84a4-cf624850a9c3:192.168.151.66:32846], old=null at 0
2019-09-24 22:56:58,838 [Thread-330] INFO  impl.FollowerState (FollowerState.java:run(106)) - d39139c5-5210-4708-b66c-2240b4ead968:group-AD4279E7EEBD changes to CANDIDATE, lastRpcTime:1071, electionTimeout:1071ms
2019-09-24 22:56:58,838 [Thread-330] INFO  impl.RoleInfo (RoleInfo.java:shutdownFollowerState(121)) - d39139c5-5210-4708-b66c-2240b4ead968: shutdown FollowerState
2019-09-24 22:56:58,838 [Thread-330] INFO  impl.RaftServerImpl (RaftServerImpl.java:setRole(174)) - d39139c5-5210-4708-b66c-2240b4ead968@group-AD4279E7EEBD: changes role from  FOLLOWER to CANDIDATE at term 0 for changeToCandidate
2019-09-24 22:56:58,839 [Thread-330] INFO  impl.RoleInfo (RoleInfo.java:updateAndGet(143)) - d39139c5-5210-4708-b66c-2240b4ead968: start LeaderElection
2019-09-24 22:56:58,845 [16bf6e05-f81a-41e5-883a-89e111b126fe@group-ECCDD8E1798D-SegmentedRaftLogWorker] INFO  segmented.SegmentedRaftLogWorker (SegmentedRaftLogWorker.java:execute(569)) - 16bf6e05-f81a-41e5-883a-89e111b126fe@group-ECCDD8E1798D-SegmentedRaftLogWorker: created new log segment /workdir/hadoop-ozone/integration-test/target/test-dir/MiniOzoneClusterImpl-5f7a597a-7e5e-4415-9205-5cad3600d18e/datanode-4/data/ratis/b05d07a1-db9a-4822-be39-eccdd8e1798d/current/log_inprogress_0
2019-09-24 22:56:58,845 [dbd80091-9753-44ad-af4d-a1b4cb46f81c@group-AD4279E7EEBD:LeaderElection13] INFO  impl.LeaderElection (LeaderElection.java:askForVotes(182)) - dbd80091-9753-44ad-af4d-a1b4cb46f81c@group-AD4279E7EEBD:LeaderElection13: begin an election at term 1 for -1: [dbd80091-9753-44ad-af4d-a1b4cb46f81c:192.168.151.66:34381, d39139c5-5210-4708-b66c-2240b4ead968:192.168.151.66:40063, 2eb382c8-b0ed-4536-b55b-1910907e8973:192.168.151.66:39663], old=null
2019-09-24 22:56:58,864 [d39139c5-5210-4708-b66c-2240b4ead968@group-AD4279E7EEBD:LeaderElection14] INFO  impl.LeaderElection (LeaderElection.java:askForVotes(182)) - d39139c5-5210-4708-b66c-2240b4ead968@group-AD4279E7EEBD:LeaderElection14: begin an election at term 1 for -1: [dbd80091-9753-44ad-af4d-a1b4cb46f81c:192.168.151.66:34381, d39139c5-5210-4708-b66c-2240b4ead968:192.168.151.66:40063, 2eb382c8-b0ed-4536-b55b-1910907e8973:192.168.151.66:39663], old=null
2019-09-24 22:56:58,884 [grpc-default-executor-1] INFO  impl.RaftServerImpl (RaftServerImpl.java:setRole(174)) - 2eb382c8-b0ed-4536-b55b-1910907e8973@group-AD4279E7EEBD: changes role from  FOLLOWER to FOLLOWER at term 1 for recognizeCandidate:dbd80091-9753-44ad-af4d-a1b4cb46f81c
2019-09-24 22:56:58,884 [grpc-default-executor-1] INFO  impl.RoleInfo (RoleInfo.java:shutdownFollowerState(121)) - 2eb382c8-b0ed-4536-b55b-1910907e8973: shutdown FollowerState
2019-09-24 22:56:58,884 [grpc-default-executor-1] INFO  impl.RoleInfo (RoleInfo.java:updateAndGet(143)) - 2eb382c8-b0ed-4536-b55b-1910907e8973: start FollowerState
2019-09-24 22:56:58,884 [Thread-335] INFO  impl.FollowerState (FollowerState.java:run(115)) - 2eb382c8-b0ed-4536-b55b-1910907e8973: FollowerState was interrupted: java.lang.InterruptedException: sleep interrupted
2019-09-24 22:56:58,917 [grpc-default-executor-2] INFO  impl.RaftServerImpl (ServerState.java:setLeader(253)) - 23c6c9b6-39b4-44f0-84a4-cf624850a9c3@group-ECCDD8E1798D: change Leader from null to 16bf6e05-f81a-41e5-883a-89e111b126fe at term 1 for appendEntries, leader elected after 1303ms
2019-09-24 22:56:58,917 [grpc-default-executor-0] INFO  impl.RaftServerImpl (ServerState.java:setLeader(253)) - df79811b-05d5-490a-beb3-27ac0aff7bfc@group-ECCDD8E1798D: change Leader from null to 16bf6e05-f81a-41e5-883a-89e111b126fe at term 1 for appendEntries, leader elected after 1303ms
2019-09-24 22:56:58,917 [d39139c5-5210-4708-b66c-2240b4ead968@group-AD4279E7EEBD:LeaderElection14] INFO  impl.LeaderElection (LeaderElection.java:logAndReturn(56)) - d39139c5-5210-4708-b66c-2240b4ead968@group-AD4279E7EEBD:LeaderElection14: Election REJECTED; received 2 response(s) [d39139c5-5210-4708-b66c-2240b4ead968<-dbd80091-9753-44ad-af4d-a1b4cb46f81c#0:FAIL-t1, d39139c5-5210-4708-b66c-2240b4ead968<-2eb382c8-b0ed-4536-b55b-1910907e8973#0:FAIL-t1] and 0 exception(s); d39139c5-5210-4708-b66c-2240b4ead968@group-AD4279E7EEBD:t1, leader=null, voted=d39139c5-5210-4708-b66c-2240b4ead968, raftlog=d39139c5-5210-4708-b66c-2240b4ead968@group-AD4279E7EEBD-SegmentedRaftLog:OPENED:c-1,f-1,i0, conf=-1: [dbd80091-9753-44ad-af4d-a1b4cb46f81c:192.168.151.66:34381, d39139c5-5210-4708-b66c-2240b4ead968:192.168.151.66:40063, 2eb382c8-b0ed-4536-b55b-1910907e8973:192.168.151.66:39663], old=null
2019-09-24 22:56:58,919 [d39139c5-5210-4708-b66c-2240b4ead968@group-AD4279E7EEBD:LeaderElection14] INFO  impl.RaftServerImpl (RaftServerImpl.java:setRole(174)) - d39139c5-5210-4708-b66c-2240b4ead968@group-AD4279E7EEBD: changes role from CANDIDATE to FOLLOWER at term 1 for DISCOVERED_A_NEW_TERM
2019-09-24 22:56:58,921 [d39139c5-5210-4708-b66c-2240b4ead968@group-AD4279E7EEBD:LeaderElection14] INFO  impl.RoleInfo (RoleInfo.java:shutdownLeaderElection(134)) - d39139c5-5210-4708-b66c-2240b4ead968: shutdown LeaderElection
2019-09-24 22:56:58,921 [d39139c5-5210-4708-b66c-2240b4ead968@group-AD4279E7EEBD:LeaderElection14] INFO  impl.RoleInfo (RoleInfo.java:updateAndGet(143)) - d39139c5-5210-4708-b66c-2240b4ead968: start FollowerState
2019-09-24 22:56:58,923 [Thread-342] INFO  impl.FollowerState (FollowerState.java:run(106)) - 950aebb1-966b-4a76-ae1c-f15b3e34cc28:group-FE8252D5120B changes to CANDIDATE, lastRpcTime:1039, electionTimeout:1039ms
2019-09-24 22:56:58,925 [Thread-342] INFO  impl.RoleInfo (RoleInfo.java:shutdownFollowerState(121)) - 950aebb1-966b-4a76-ae1c-f15b3e34cc28: shutdown FollowerState
2019-09-24 22:56:58,925 [dbd80091-9753-44ad-af4d-a1b4cb46f81c@group-AD4279E7EEBD:LeaderElection13] INFO  impl.LeaderElection (LeaderElection.java:logAndReturn(56)) - dbd80091-9753-44ad-af4d-a1b4cb46f81c@group-AD4279E7EEBD:LeaderElection13: Election PASSED; received 2 response(s) [dbd80091-9753-44ad-af4d-a1b4cb46f81c<-d39139c5-5210-4708-b66c-2240b4ead968#0:FAIL-t1, dbd80091-9753-44ad-af4d-a1b4cb46f81c<-2eb382c8-b0ed-4536-b55b-1910907e8973#0:OK-t1] and 0 exception(s); dbd80091-9753-44ad-af4d-a1b4cb46f81c@group-AD4279E7EEBD:t1, leader=null, voted=dbd80091-9753-44ad-af4d-a1b4cb46f81c, raftlog=dbd80091-9753-44ad-af4d-a1b4cb46f81c@group-AD4279E7EEBD-SegmentedRaftLog:OPENED:c-1,f-1,i0, conf=-1: [dbd80091-9753-44ad-af4d-a1b4cb46f81c:192.168.151.66:34381, d39139c5-5210-4708-b66c-2240b4ead968:192.168.151.66:40063, 2eb382c8-b0ed-4536-b55b-1910907e8973:192.168.151.66:39663], old=null
2019-09-24 22:56:58,925 [Thread-342] INFO  impl.RaftServerImpl (RaftServerImpl.java:setRole(174)) - 950aebb1-966b-4a76-ae1c-f15b3e34cc28@group-FE8252D5120B: changes role from  FOLLOWER to CANDIDATE at term 0 for changeToCandidate
2019-09-24 22:56:58,926 [dbd80091-9753-44ad-af4d-a1b4cb46f81c@group-AD4279E7EEBD:LeaderElection13] INFO  impl.RoleInfo (RoleInfo.java:shutdownLeaderElection(134)) - dbd80091-9753-44ad-af4d-a1b4cb46f81c: shutdown LeaderElection
2019-09-24 22:56:58,934 [dbd80091-9753-44ad-af4d-a1b4cb46f81c@group-AD4279E7EEBD:LeaderElection13] INFO  impl.RaftServerImpl (RaftServerImpl.java:setRole(174)) - dbd80091-9753-44ad-af4d-a1b4cb46f81c@group-AD4279E7EEBD: changes role from CANDIDATE to LEADER at term 1 for changeToLeader
2019-09-24 22:56:58,934 [dbd80091-9753-44ad-af4d-a1b4cb46f81c@group-AD4279E7EEBD:LeaderElection13] INFO  impl.RaftServerImpl (ServerState.java:setLeader(253)) - dbd80091-9753-44ad-af4d-a1b4cb46f81c@group-AD4279E7EEBD: change Leader from null to dbd80091-9753-44ad-af4d-a1b4cb46f81c at term 1 for becomeLeader, leader elected after 1178ms
2019-09-24 22:56:58,934 [Thread-342] INFO  impl.RoleInfo (RoleInfo.java:updateAndGet(143)) - 950aebb1-966b-4a76-ae1c-f15b3e34cc28: start LeaderElection
2019-09-24 22:56:58,934 [dbd80091-9753-44ad-af4d-a1b4cb46f81c@group-AD4279E7EEBD:LeaderElection13] INFO  server.RaftServerConfigKeys (ConfUtils.java:logGet(43)) - raft.server.staging.catchup.gap = 1000 (default)
2019-09-24 22:56:58,934 [dbd80091-9753-44ad-af4d-a1b4cb46f81c@group-AD4279E7EEBD:LeaderElection13] INFO  server.RaftServerConfigKeys (ConfUtils.java:logGet(43)) - raft.server.rpc.sleep.time = 25ms (default)
2019-09-24 22:56:58,941 [Thread-343] INFO  impl.FollowerState (FollowerState.java:run(106)) - 1b127d74-8e4f-43fe-9dad-7b769944c181:group-FE8252D5120B changes to CANDIDATE, lastRpcTime:1056, electionTimeout:1052ms
2019-09-24 22:56:58,941 [dbd80091-9753-44ad-af4d-a1b4cb46f81c@group-AD4279E7EEBD:LeaderElection13] INFO  server.RaftServerConfigKeys (ConfUtils.java:logGet(43)) - raft.server.write.element-limit = 4096 (default)
2019-09-24 22:56:58,941 [Thread-343] INFO  impl.RoleInfo (RoleInfo.java:shutdownFollowerState(121)) - 1b127d74-8e4f-43fe-9dad-7b769944c181: shutdown FollowerState
2019-09-24 22:56:58,942 [dbd80091-9753-44ad-af4d-a1b4cb46f81c@group-AD4279E7EEBD:LeaderElection13] INFO  server.RaftServerConfigKeys (ConfUtils.java:logGet(43)) - raft.server.watch.timeout = 10s (default)
2019-09-24 22:56:58,943 [Thread-343] INFO  impl.RaftServerImpl (RaftServerImpl.java:setRole(174)) - 1b127d74-8e4f-43fe-9dad-7b769944c181@group-FE8252D5120B: changes role from  FOLLOWER to CANDIDATE at term 0 for changeToCandidate
2019-09-24 22:56:58,943 [dbd80091-9753-44ad-af4d-a1b4cb46f81c@group-AD4279E7EEBD:LeaderElection13] INFO  server.RaftServerConfigKeys (ConfUtils.java:logGet(43)) - raft.server.watch.timeout.denomination = 1s (default)
2019-09-24 22:56:58,943 [Thread-343] INFO  impl.RoleInfo (RoleInfo.java:updateAndGet(143)) - 1b127d74-8e4f-43fe-9dad-7b769944c181: start LeaderElection
2019-09-24 22:56:58,943 [dbd80091-9753-44ad-af4d-a1b4cb46f81c@group-AD4279E7EEBD:LeaderElection13] INFO  server.RaftServerConfigKeys (ConfUtils.java:logGet(43)) - raft.server.watch.element-limit = 65536 (default)
2019-09-24 22:56:58,956 [dbd80091-9753-44ad-af4d-a1b4cb46f81c@group-AD4279E7EEBD:LeaderElection13] INFO  server.RaftServerConfigKeys (ConfUtils.java:logGet(43)) - raft.server.log.appender.snapshot.chunk.size.max = 16MB (=16777216) (default)
2019-09-24 22:56:58,956 [dbd80091-9753-44ad-af4d-a1b4cb46f81c@group-AD4279E7EEBD:LeaderElection13] INFO  server.RaftServerConfigKeys (ConfUtils.java:logGet(43)) - raft.server.log.appender.buffer.byte-limit = 33554432 (custom)
2019-09-24 22:56:58,956 [dbd80091-9753-44ad-af4d-a1b4cb46f81c@group-AD4279E7EEBD:LeaderElection13] INFO  server.RaftServerConfigKeys (ConfUtils.java:logGet(43)) - raft.server.log.appender.buffer.element-limit = 1 (custom)
2019-09-24 22:56:58,956 [dbd80091-9753-44ad-af4d-a1b4cb46f81c@group-AD4279E7EEBD:LeaderElection13] INFO  grpc.GrpcConfigKeys$Server (ConfUtils.java:logGet(43)) - raft.grpc.server.leader.outstanding.appends.max = 128 (default)
2019-09-24 22:56:58,959 [dbd80091-9753-44ad-af4d-a1b4cb46f81c@group-AD4279E7EEBD:LeaderElection13] INFO  server.RaftServerConfigKeys (ConfUtils.java:logGet(43)) - raft.server.rpc.request.timeout = 3000ms (default)
2019-09-24 22:56:58,959 [dbd80091-9753-44ad-af4d-a1b4cb46f81c@group-AD4279E7EEBD:LeaderElection13] INFO  server.RaftServerConfigKeys (ConfUtils.java:logGet(43)) - raft.server.log.appender.install.snapshot.enabled = false (custom)
2019-09-24 22:56:58,959 [dbd80091-9753-44ad-af4d-a1b4cb46f81c@group-AD4279E7EEBD:LeaderElection13] INFO  server.RaftServerConfigKeys (ConfUtils.java:logGet(43)) - raft.server.log.appender.snapshot.chunk.size.max = 16MB (=16777216) (default)
2019-09-24 22:56:58,959 [dbd80091-9753-44ad-af4d-a1b4cb46f81c@group-AD4279E7EEBD:LeaderElection13] INFO  server.RaftServerConfigKeys (ConfUtils.java:logGet(43)) - raft.server.log.appender.buffer.byte-limit = 33554432 (custom)
2019-09-24 22:56:58,959 [dbd80091-9753-44ad-af4d-a1b4cb46f81c@group-AD4279E7EEBD:LeaderElection13] INFO  server.RaftServerConfigKeys (ConfUtils.java:logGet(43)) - raft.server.log.appender.buffer.element-limit = 1 (custom)
2019-09-24 22:56:58,959 [dbd80091-9753-44ad-af4d-a1b4cb46f81c@group-AD4279E7EEBD:LeaderElection13] INFO  grpc.GrpcConfigKeys$Server (ConfUtils.java:logGet(43)) - raft.grpc.server.leader.outstanding.appends.max = 128 (default)
2019-09-24 22:56:58,960 [dbd80091-9753-44ad-af4d-a1b4cb46f81c@group-AD4279E7EEBD:LeaderElection13] INFO  server.RaftServerConfigKeys (ConfUtils.java:logGet(43)) - raft.server.rpc.request.timeout = 3000ms (default)
2019-09-24 22:56:58,960 [dbd80091-9753-44ad-af4d-a1b4cb46f81c@group-AD4279E7EEBD:LeaderElection13] INFO  server.RaftServerConfigKeys (ConfUtils.java:logGet(43)) - raft.server.log.appender.install.snapshot.enabled = false (custom)
2019-09-24 22:56:58,960 [dbd80091-9753-44ad-af4d-a1b4cb46f81c@group-AD4279E7EEBD:LeaderElection13] INFO  impl.RoleInfo (RoleInfo.java:updateAndGet(143)) - dbd80091-9753-44ad-af4d-a1b4cb46f81c: start LeaderState
2019-09-24 22:56:58,960 [dbd80091-9753-44ad-af4d-a1b4cb46f81c@group-AD4279E7EEBD:LeaderElection13] INFO  segmented.SegmentedRaftLogWorker (SegmentedRaftLogWorker.java:startLogSegment(380)) - dbd80091-9753-44ad-af4d-a1b4cb46f81c@group-AD4279E7EEBD-SegmentedRaftLogWorker: Starting segment from index:0
2019-09-24 22:56:58,961 [dbd80091-9753-44ad-af4d-a1b4cb46f81c@group-AD4279E7EEBD:LeaderElection13] INFO  impl.RaftServerImpl (ServerState.java:setRaftConf(354)) - dbd80091-9753-44ad-af4d-a1b4cb46f81c@group-AD4279E7EEBD: set configuration 0: [dbd80091-9753-44ad-af4d-a1b4cb46f81c:192.168.151.66:34381, d39139c5-5210-4708-b66c-2240b4ead968:192.168.151.66:40063, 2eb382c8-b0ed-4536-b55b-1910907e8973:192.168.151.66:39663], old=null at 0
2019-09-24 22:56:58,978 [950aebb1-966b-4a76-ae1c-f15b3e34cc28@group-FE8252D5120B:LeaderElection15] INFO  impl.LeaderElection (LeaderElection.java:askForVotes(182)) - 950aebb1-966b-4a76-ae1c-f15b3e34cc28@group-FE8252D5120B:LeaderElection15: begin an election at term 1 for -1: [c20705ec-6f31-4e08-9cc6-abff4709d2d8:192.168.151.66:43439, 1b127d74-8e4f-43fe-9dad-7b769944c181:192.168.151.66:33728, 950aebb1-966b-4a76-ae1c-f15b3e34cc28:192.168.151.66:43627], old=null
2019-09-24 22:56:58,978 [Thread-340] INFO  impl.FollowerState (FollowerState.java:run(106)) - c20705ec-6f31-4e08-9cc6-abff4709d2d8:group-FE8252D5120B changes to CANDIDATE, lastRpcTime:1096, electionTimeout:1080ms
2019-09-24 22:56:58,978 [1b127d74-8e4f-43fe-9dad-7b769944c181@group-FE8252D5120B:LeaderElection16] INFO  impl.LeaderElection (LeaderElection.java:askForVotes(182)) - 1b127d74-8e4f-43fe-9dad-7b769944c181@group-FE8252D5120B:LeaderElection16: begin an election at term 1 for -1: [c20705ec-6f31-4e08-9cc6-abff4709d2d8:192.168.151.66:43439, 1b127d74-8e4f-43fe-9dad-7b769944c181:192.168.151.66:33728, 950aebb1-966b-4a76-ae1c-f15b3e34cc28:192.168.151.66:43627], old=null
2019-09-24 22:56:58,978 [Thread-340] INFO  impl.RoleInfo (RoleInfo.java:shutdownFollowerState(121)) - c20705ec-6f31-4e08-9cc6-abff4709d2d8: shutdown FollowerState
2019-09-24 22:56:58,978 [Thread-340] INFO  impl.RaftServerImpl (RaftServerImpl.java:setRole(174)) - c20705ec-6f31-4e08-9cc6-abff4709d2d8@group-FE8252D5120B: changes role from  FOLLOWER to CANDIDATE at term 0 for changeToCandidate
2019-09-24 22:56:58,984 [Thread-340] INFO  impl.RoleInfo (RoleInfo.java:updateAndGet(143)) - c20705ec-6f31-4e08-9cc6-abff4709d2d8: start LeaderElection
2019-09-24 22:56:58,997 [grpc-default-executor-0] INFO  impl.RaftServerImpl (ServerState.java:setLeader(253)) - 2eb382c8-b0ed-4536-b55b-1910907e8973@group-AD4279E7EEBD: change Leader from null to dbd80091-9753-44ad-af4d-a1b4cb46f81c at term 1 for appendEntries, leader elected after 1241ms
2019-09-24 22:56:59,000 [grpc-default-executor-1] INFO  impl.RaftServerImpl (ServerState.java:setLeader(253)) - d39139c5-5210-4708-b66c-2240b4ead968@group-AD4279E7EEBD: change Leader from null to dbd80091-9753-44ad-af4d-a1b4cb46f81c at term 1 for appendEntries, leader elected after 1243ms
2019-09-24 22:56:59,002 [dbd80091-9753-44ad-af4d-a1b4cb46f81c@group-AD4279E7EEBD-SegmentedRaftLogWorker] INFO  segmented.SegmentedRaftLogWorker (SegmentedRaftLogWorker.java:execute(569)) - dbd80091-9753-44ad-af4d-a1b4cb46f81c@group-AD4279E7EEBD-SegmentedRaftLogWorker: created new log segment /workdir/hadoop-ozone/integration-test/target/test-dir/MiniOzoneClusterImpl-5f7a597a-7e5e-4415-9205-5cad3600d18e/datanode-9/data/ratis/e8528599-d944-43ec-b0ad-ad4279e7eebd/current/log_inprogress_0
2019-09-24 22:56:59,015 [c20705ec-6f31-4e08-9cc6-abff4709d2d8@group-FE8252D5120B:LeaderElection17] INFO  impl.LeaderElection (LeaderElection.java:askForVotes(182)) - c20705ec-6f31-4e08-9cc6-abff4709d2d8@group-FE8252D5120B:LeaderElection17: begin an election at term 1 for -1: [c20705ec-6f31-4e08-9cc6-abff4709d2d8:192.168.151.66:43439, 1b127d74-8e4f-43fe-9dad-7b769944c181:192.168.151.66:33728, 950aebb1-966b-4a76-ae1c-f15b3e34cc28:192.168.151.66:43627], old=null
2019-09-24 22:56:59,034 [1b127d74-8e4f-43fe-9dad-7b769944c181@group-FE8252D5120B:LeaderElection16] INFO  impl.LeaderElection (LeaderElection.java:logAndReturn(56)) - 1b127d74-8e4f-43fe-9dad-7b769944c181@group-FE8252D5120B:LeaderElection16: Election REJECTED; received 2 response(s) [1b127d74-8e4f-43fe-9dad-7b769944c181<-c20705ec-6f31-4e08-9cc6-abff4709d2d8#0:FAIL-t1, 1b127d74-8e4f-43fe-9dad-7b769944c181<-950aebb1-966b-4a76-ae1c-f15b3e34cc28#0:FAIL-t1] and 0 exception(s); 1b127d74-8e4f-43fe-9dad-7b769944c181@group-FE8252D5120B:t1, leader=null, voted=1b127d74-8e4f-43fe-9dad-7b769944c181, raftlog=1b127d74-8e4f-43fe-9dad-7b769944c181@group-FE8252D5120B-SegmentedRaftLog:OPENED:c-1,f-1,i0, conf=-1: [c20705ec-6f31-4e08-9cc6-abff4709d2d8:192.168.151.66:43439, 1b127d74-8e4f-43fe-9dad-7b769944c181:192.168.151.66:33728, 950aebb1-966b-4a76-ae1c-f15b3e34cc28:192.168.151.66:43627], old=null
2019-09-24 22:56:59,036 [1b127d74-8e4f-43fe-9dad-7b769944c181@group-FE8252D5120B:LeaderElection16] INFO  impl.RaftServerImpl (RaftServerImpl.java:setRole(174)) - 1b127d74-8e4f-43fe-9dad-7b769944c181@group-FE8252D5120B: changes role from CANDIDATE to FOLLOWER at term 1 for DISCOVERED_A_NEW_TERM
2019-09-24 22:56:59,037 [1b127d74-8e4f-43fe-9dad-7b769944c181@group-FE8252D5120B:LeaderElection16] INFO  impl.RoleInfo (RoleInfo.java:shutdownLeaderElection(134)) - 1b127d74-8e4f-43fe-9dad-7b769944c181: shutdown LeaderElection
2019-09-24 22:56:59,040 [1b127d74-8e4f-43fe-9dad-7b769944c181@group-FE8252D5120B:LeaderElection16] INFO  impl.RoleInfo (RoleInfo.java:updateAndGet(143)) - 1b127d74-8e4f-43fe-9dad-7b769944c181: start FollowerState
2019-09-24 22:56:59,040 [950aebb1-966b-4a76-ae1c-f15b3e34cc28@group-FE8252D5120B:LeaderElection15] INFO  impl.LeaderElection (LeaderElection.java:logAndReturn(56)) - 950aebb1-966b-4a76-ae1c-f15b3e34cc28@group-FE8252D5120B:LeaderElection15: Election REJECTED; received 2 response(s) [950aebb1-966b-4a76-ae1c-f15b3e34cc28<-c20705ec-6f31-4e08-9cc6-abff4709d2d8#0:FAIL-t1, 950aebb1-966b-4a76-ae1c-f15b3e34cc28<-1b127d74-8e4f-43fe-9dad-7b769944c181#0:FAIL-t1] and 0 exception(s); 950aebb1-966b-4a76-ae1c-f15b3e34cc28@group-FE8252D5120B:t1, leader=null, voted=950aebb1-966b-4a76-ae1c-f15b3e34cc28, raftlog=950aebb1-966b-4a76-ae1c-f15b3e34cc28@group-FE8252D5120B-SegmentedRaftLog:OPENED:c-1,f-1,i0, conf=-1: [c20705ec-6f31-4e08-9cc6-abff4709d2d8:192.168.151.66:43439, 1b127d74-8e4f-43fe-9dad-7b769944c181:192.168.151.66:33728, 950aebb1-966b-4a76-ae1c-f15b3e34cc28:192.168.151.66:43627], old=null
2019-09-24 22:56:59,042 [950aebb1-966b-4a76-ae1c-f15b3e34cc28@group-FE8252D5120B:LeaderElection15] INFO  impl.RaftServerImpl (RaftServerImpl.java:setRole(174)) - 950aebb1-966b-4a76-ae1c-f15b3e34cc28@group-FE8252D5120B: changes role from CANDIDATE to FOLLOWER at term 1 for DISCOVERED_A_NEW_TERM
2019-09-24 22:56:59,042 [950aebb1-966b-4a76-ae1c-f15b3e34cc28@group-FE8252D5120B:LeaderElection15] INFO  impl.RoleInfo (RoleInfo.java:shutdownLeaderElection(134)) - 950aebb1-966b-4a76-ae1c-f15b3e34cc28: shutdown LeaderElection
2019-09-24 22:56:59,044 [950aebb1-966b-4a76-ae1c-f15b3e34cc28@group-FE8252D5120B:LeaderElection15] INFO  impl.RoleInfo (RoleInfo.java:updateAndGet(143)) - 950aebb1-966b-4a76-ae1c-f15b3e34cc28: start FollowerState
2019-09-24 22:56:59,046 [grpc-default-executor-1] INFO  impl.RaftServerImpl (ServerState.java:setRaftConf(354)) - 2eb382c8-b0ed-4536-b55b-1910907e8973@group-AD4279E7EEBD: set configuration 0: [dbd80091-9753-44ad-af4d-a1b4cb46f81c:192.168.151.66:34381, d39139c5-5210-4708-b66c-2240b4ead968:192.168.151.66:40063, 2eb382c8-b0ed-4536-b55b-1910907e8973:192.168.151.66:39663], old=null at 0
2019-09-24 22:56:59,048 [grpc-default-executor-2] INFO  impl.RaftServerImpl (ServerState.java:setRaftConf(354)) - 23c6c9b6-39b4-44f0-84a4-cf624850a9c3@group-ECCDD8E1798D: set configuration 0: [16bf6e05-f81a-41e5-883a-89e111b126fe:192.168.151.66:37026, df79811b-05d5-490a-beb3-27ac0aff7bfc:192.168.151.66:34065, 23c6c9b6-39b4-44f0-84a4-cf624850a9c3:192.168.151.66:32846], old=null at 0
2019-09-24 22:56:59,048 [grpc-default-executor-1] INFO  segmented.SegmentedRaftLogWorker (SegmentedRaftLogWorker.java:startLogSegment(380)) - 2eb382c8-b0ed-4536-b55b-1910907e8973@group-AD4279E7EEBD-SegmentedRaftLogWorker: Starting segment from index:0
2019-09-24 22:56:59,048 [grpc-default-executor-0] INFO  impl.RaftServerImpl (ServerState.java:setRaftConf(354)) - df79811b-05d5-490a-beb3-27ac0aff7bfc@group-ECCDD8E1798D: set configuration 0: [16bf6e05-f81a-41e5-883a-89e111b126fe:192.168.151.66:37026, df79811b-05d5-490a-beb3-27ac0aff7bfc:192.168.151.66:34065, 23c6c9b6-39b4-44f0-84a4-cf624850a9c3:192.168.151.66:32846], old=null at 0
2019-09-24 22:56:59,048 [grpc-default-executor-4] INFO  impl.RaftServerImpl (ServerState.java:setRaftConf(354)) - d39139c5-5210-4708-b66c-2240b4ead968@group-AD4279E7EEBD: set configuration 0: [dbd80091-9753-44ad-af4d-a1b4cb46f81c:192.168.151.66:34381, d39139c5-5210-4708-b66c-2240b4ead968:192.168.151.66:40063, 2eb382c8-b0ed-4536-b55b-1910907e8973:192.168.151.66:39663], old=null at 0
2019-09-24 22:56:59,050 [grpc-default-executor-0] INFO  segmented.SegmentedRaftLogWorker (SegmentedRaftLogWorker.java:startLogSegment(380)) - df79811b-05d5-490a-beb3-27ac0aff7bfc@group-ECCDD8E1798D-SegmentedRaftLogWorker: Starting segment from index:0
2019-09-24 22:56:59,048 [grpc-default-executor-2] INFO  segmented.SegmentedRaftLogWorker (SegmentedRaftLogWorker.java:startLogSegment(380)) - 23c6c9b6-39b4-44f0-84a4-cf624850a9c3@group-ECCDD8E1798D-SegmentedRaftLogWorker: Starting segment from index:0
2019-09-24 22:56:59,050 [grpc-default-executor-4] INFO  segmented.SegmentedRaftLogWorker (SegmentedRaftLogWorker.java:startLogSegment(380)) - d39139c5-5210-4708-b66c-2240b4ead968@group-AD4279E7EEBD-SegmentedRaftLogWorker: Starting segment from index:0
2019-09-24 22:56:59,087 [2eb382c8-b0ed-4536-b55b-1910907e8973@group-AD4279E7EEBD-SegmentedRaftLogWorker] INFO  segmented.SegmentedRaftLogWorker (SegmentedRaftLogWorker.java:execute(569)) - 2eb382c8-b0ed-4536-b55b-1910907e8973@group-AD4279E7EEBD-SegmentedRaftLogWorker: created new log segment /workdir/hadoop-ozone/integration-test/target/test-dir/MiniOzoneClusterImpl-5f7a597a-7e5e-4415-9205-5cad3600d18e/datanode-7/data/ratis/e8528599-d944-43ec-b0ad-ad4279e7eebd/current/log_inprogress_0
2019-09-24 22:56:59,138 [df79811b-05d5-490a-beb3-27ac0aff7bfc@group-ECCDD8E1798D-SegmentedRaftLogWorker] INFO  segmented.SegmentedRaftLogWorker (SegmentedRaftLogWorker.java:execute(569)) - df79811b-05d5-490a-beb3-27ac0aff7bfc@group-ECCDD8E1798D-SegmentedRaftLogWorker: created new log segment /workdir/hadoop-ozone/integration-test/target/test-dir/MiniOzoneClusterImpl-5f7a597a-7e5e-4415-9205-5cad3600d18e/datanode-1/data/ratis/b05d07a1-db9a-4822-be39-eccdd8e1798d/current/log_inprogress_0
2019-09-24 22:56:59,138 [23c6c9b6-39b4-44f0-84a4-cf624850a9c3@group-ECCDD8E1798D-SegmentedRaftLogWorker] INFO  segmented.SegmentedRaftLogWorker (SegmentedRaftLogWorker.java:execute(569)) - 23c6c9b6-39b4-44f0-84a4-cf624850a9c3@group-ECCDD8E1798D-SegmentedRaftLogWorker: created new log segment /workdir/hadoop-ozone/integration-test/target/test-dir/MiniOzoneClusterImpl-5f7a597a-7e5e-4415-9205-5cad3600d18e/datanode-2/data/ratis/b05d07a1-db9a-4822-be39-eccdd8e1798d/current/log_inprogress_0
2019-09-24 22:56:59,138 [d39139c5-5210-4708-b66c-2240b4ead968@group-AD4279E7EEBD-SegmentedRaftLogWorker] INFO  segmented.SegmentedRaftLogWorker (SegmentedRaftLogWorker.java:execute(569)) - d39139c5-5210-4708-b66c-2240b4ead968@group-AD4279E7EEBD-SegmentedRaftLogWorker: created new log segment /workdir/hadoop-ozone/integration-test/target/test-dir/MiniOzoneClusterImpl-5f7a597a-7e5e-4415-9205-5cad3600d18e/datanode-6/data/ratis/e8528599-d944-43ec-b0ad-ad4279e7eebd/current/log_inprogress_0
2019-09-24 22:56:59,158 [c20705ec-6f31-4e08-9cc6-abff4709d2d8@group-FE8252D5120B:LeaderElection17] INFO  impl.LeaderElection (LeaderElection.java:logAndReturn(56)) - c20705ec-6f31-4e08-9cc6-abff4709d2d8@group-FE8252D5120B:LeaderElection17: Election REJECTED; received 2 response(s) [c20705ec-6f31-4e08-9cc6-abff4709d2d8<-1b127d74-8e4f-43fe-9dad-7b769944c181#0:FAIL-t1, c20705ec-6f31-4e08-9cc6-abff4709d2d8<-950aebb1-966b-4a76-ae1c-f15b3e34cc28#0:FAIL-t1] and 0 exception(s); c20705ec-6f31-4e08-9cc6-abff4709d2d8@group-FE8252D5120B:t1, leader=null, voted=c20705ec-6f31-4e08-9cc6-abff4709d2d8, raftlog=c20705ec-6f31-4e08-9cc6-abff4709d2d8@group-FE8252D5120B-SegmentedRaftLog:OPENED:c-1,f-1,i0, conf=-1: [c20705ec-6f31-4e08-9cc6-abff4709d2d8:192.168.151.66:43439, 1b127d74-8e4f-43fe-9dad-7b769944c181:192.168.151.66:33728, 950aebb1-966b-4a76-ae1c-f15b3e34cc28:192.168.151.66:43627], old=null
2019-09-24 22:56:59,159 [c20705ec-6f31-4e08-9cc6-abff4709d2d8@group-FE8252D5120B:LeaderElection17] INFO  impl.RaftServerImpl (RaftServerImpl.java:setRole(174)) - c20705ec-6f31-4e08-9cc6-abff4709d2d8@group-FE8252D5120B: changes role from CANDIDATE to FOLLOWER at term 1 for DISCOVERED_A_NEW_TERM
2019-09-24 22:56:59,161 [c20705ec-6f31-4e08-9cc6-abff4709d2d8@group-FE8252D5120B:LeaderElection17] INFO  impl.RoleInfo (RoleInfo.java:shutdownLeaderElection(134)) - c20705ec-6f31-4e08-9cc6-abff4709d2d8: shutdown LeaderElection
2019-09-24 22:56:59,163 [c20705ec-6f31-4e08-9cc6-abff4709d2d8@group-FE8252D5120B:LeaderElection17] INFO  impl.RoleInfo (RoleInfo.java:updateAndGet(143)) - c20705ec-6f31-4e08-9cc6-abff4709d2d8: start FollowerState
2019-09-24 22:56:59,612 [main] INFO  ipc.Client (Client.java:handleConnectionFailure(948)) - Retrying connect to server: localhost/127.0.0.1:0. Already tried 1 time(s); retry policy is RetryUpToMaximumCountWithFixedSleep(maxRetries=10, sleepTime=1000 MILLISECONDS)
2019-09-24 22:57:00,106 [Thread-403] INFO  impl.FollowerState (FollowerState.java:run(106)) - 950aebb1-966b-4a76-ae1c-f15b3e34cc28:group-FE8252D5120B changes to CANDIDATE, lastRpcTime:1062, electionTimeout:1060ms
2019-09-24 22:57:00,106 [Thread-403] INFO  impl.RoleInfo (RoleInfo.java:shutdownFollowerState(121)) - 950aebb1-966b-4a76-ae1c-f15b3e34cc28: shutdown FollowerState
2019-09-24 22:57:00,106 [Thread-403] INFO  impl.RaftServerImpl (RaftServerImpl.java:setRole(174)) - 950aebb1-966b-4a76-ae1c-f15b3e34cc28@group-FE8252D5120B: changes role from  FOLLOWER to CANDIDATE at term 1 for changeToCandidate
2019-09-24 22:57:00,107 [Thread-403] INFO  impl.RoleInfo (RoleInfo.java:updateAndGet(143)) - 950aebb1-966b-4a76-ae1c-f15b3e34cc28: start LeaderElection
2019-09-24 22:57:00,143 [950aebb1-966b-4a76-ae1c-f15b3e34cc28@group-FE8252D5120B:LeaderElection18] INFO  impl.LeaderElection (LeaderElection.java:askForVotes(182)) - 950aebb1-966b-4a76-ae1c-f15b3e34cc28@group-FE8252D5120B:LeaderElection18: begin an election at term 2 for -1: [c20705ec-6f31-4e08-9cc6-abff4709d2d8:192.168.151.66:43439, 1b127d74-8e4f-43fe-9dad-7b769944c181:192.168.151.66:33728, 950aebb1-966b-4a76-ae1c-f15b3e34cc28:192.168.151.66:43627], old=null
2019-09-24 22:57:00,153 [grpc-default-executor-4] INFO  impl.RaftServerImpl (RaftServerImpl.java:setRole(174)) - 1b127d74-8e4f-43fe-9dad-7b769944c181@group-FE8252D5120B: changes role from  FOLLOWER to FOLLOWER at term 2 for recognizeCandidate:950aebb1-966b-4a76-ae1c-f15b3e34cc28
2019-09-24 22:57:00,154 [grpc-default-executor-1] INFO  impl.RaftServerImpl (RaftServerImpl.java:setRole(174)) - c20705ec-6f31-4e08-9cc6-abff4709d2d8@group-FE8252D5120B: changes role from  FOLLOWER to FOLLOWER at term 2 for recognizeCandidate:950aebb1-966b-4a76-ae1c-f15b3e34cc28
2019-09-24 22:57:00,154 [grpc-default-executor-4] INFO  impl.RoleInfo (RoleInfo.java:shutdownFollowerState(121)) - 1b127d74-8e4f-43fe-9dad-7b769944c181: shutdown FollowerState
2019-09-24 22:57:00,154 [grpc-default-executor-1] INFO  impl.RoleInfo (RoleInfo.java:shutdownFollowerState(121)) - c20705ec-6f31-4e08-9cc6-abff4709d2d8: shutdown FollowerState
2019-09-24 22:57:00,154 [Thread-402] INFO  impl.FollowerState (FollowerState.java:run(115)) - 1b127d74-8e4f-43fe-9dad-7b769944c181: FollowerState was interrupted: java.lang.InterruptedException: sleep interrupted
2019-09-24 22:57:00,154 [grpc-default-executor-4] INFO  impl.RoleInfo (RoleInfo.java:updateAndGet(143)) - 1b127d74-8e4f-43fe-9dad-7b769944c181: start FollowerState
2019-09-24 22:57:00,154 [Thread-408] INFO  impl.FollowerState (FollowerState.java:run(115)) - c20705ec-6f31-4e08-9cc6-abff4709d2d8: FollowerState was interrupted: java.lang.InterruptedException: sleep interrupted
2019-09-24 22:57:00,154 [grpc-default-executor-1] INFO  impl.RoleInfo (RoleInfo.java:updateAndGet(143)) - c20705ec-6f31-4e08-9cc6-abff4709d2d8: start FollowerState
2019-09-24 22:57:00,183 [950aebb1-966b-4a76-ae1c-f15b3e34cc28@group-FE8252D5120B:LeaderElection18] INFO  impl.LeaderElection (LeaderElection.java:logAndReturn(56)) - 950aebb1-966b-4a76-ae1c-f15b3e34cc28@group-FE8252D5120B:LeaderElection18: Election PASSED; received 1 response(s) [950aebb1-966b-4a76-ae1c-f15b3e34cc28<-c20705ec-6f31-4e08-9cc6-abff4709d2d8#0:OK-t2] and 0 exception(s); 950aebb1-966b-4a76-ae1c-f15b3e34cc28@group-FE8252D5120B:t2, leader=null, voted=950aebb1-966b-4a76-ae1c-f15b3e34cc28, raftlog=950aebb1-966b-4a76-ae1c-f15b3e34cc28@group-FE8252D5120B-SegmentedRaftLog:OPENED:c-1,f-1,i0, conf=-1: [c20705ec-6f31-4e08-9cc6-abff4709d2d8:192.168.151.66:43439, 1b127d74-8e4f-43fe-9dad-7b769944c181:192.168.151.66:33728, 950aebb1-966b-4a76-ae1c-f15b3e34cc28:192.168.151.66:43627], old=null
2019-09-24 22:57:00,183 [950aebb1-966b-4a76-ae1c-f15b3e34cc28@group-FE8252D5120B:LeaderElection18] INFO  impl.RoleInfo (RoleInfo.java:shutdownLeaderElection(134)) - 950aebb1-966b-4a76-ae1c-f15b3e34cc28: shutdown LeaderElection
2019-09-24 22:57:00,186 [950aebb1-966b-4a76-ae1c-f15b3e34cc28@group-FE8252D5120B:LeaderElection18] INFO  impl.RaftServerImpl (RaftServerImpl.java:setRole(174)) - 950aebb1-966b-4a76-ae1c-f15b3e34cc28@group-FE8252D5120B: changes role from CANDIDATE to LEADER at term 2 for changeToLeader
2019-09-24 22:57:00,186 [950aebb1-966b-4a76-ae1c-f15b3e34cc28@group-FE8252D5120B:LeaderElection18] INFO  impl.RaftServerImpl (ServerState.java:setLeader(253)) - 950aebb1-966b-4a76-ae1c-f15b3e34cc28@group-FE8252D5120B: change Leader from null to 950aebb1-966b-4a76-ae1c-f15b3e34cc28 at term 2 for becomeLeader, leader elected after 2317ms
2019-09-24 22:57:00,187 [950aebb1-966b-4a76-ae1c-f15b3e34cc28@group-FE8252D5120B:LeaderElection18] INFO  server.RaftServerConfigKeys (ConfUtils.java:logGet(43)) - raft.server.staging.catchup.gap = 1000 (default)
2019-09-24 22:57:00,187 [950aebb1-966b-4a76-ae1c-f15b3e34cc28@group-FE8252D5120B:LeaderElection18] INFO  server.RaftServerConfigKeys (ConfUtils.java:logGet(43)) - raft.server.rpc.sleep.time = 25ms (default)
2019-09-24 22:57:00,187 [950aebb1-966b-4a76-ae1c-f15b3e34cc28@group-FE8252D5120B:LeaderElection18] INFO  server.RaftServerConfigKeys (ConfUtils.java:logGet(43)) - raft.server.write.element-limit = 4096 (default)
2019-09-24 22:57:00,187 [950aebb1-966b-4a76-ae1c-f15b3e34cc28@group-FE8252D5120B:LeaderElection18] INFO  server.RaftServerConfigKeys (ConfUtils.java:logGet(43)) - raft.server.watch.timeout = 10s (default)
2019-09-24 22:57:00,187 [950aebb1-966b-4a76-ae1c-f15b3e34cc28@group-FE8252D5120B:LeaderElection18] INFO  server.RaftServerConfigKeys (ConfUtils.java:logGet(43)) - raft.server.watch.timeout.denomination = 1s (default)
2019-09-24 22:57:00,187 [950aebb1-966b-4a76-ae1c-f15b3e34cc28@group-FE8252D5120B:LeaderElection18] INFO  server.RaftServerConfigKeys (ConfUtils.java:logGet(43)) - raft.server.watch.element-limit = 65536 (default)
2019-09-24 22:57:00,190 [950aebb1-966b-4a76-ae1c-f15b3e34cc28@group-FE8252D5120B:LeaderElection18] INFO  server.RaftServerConfigKeys (ConfUtils.java:logGet(43)) - raft.server.log.appender.snapshot.chunk.size.max = 16MB (=16777216) (default)
2019-09-24 22:57:00,191 [950aebb1-966b-4a76-ae1c-f15b3e34cc28@group-FE8252D5120B:LeaderElection18] INFO  server.RaftServerConfigKeys (ConfUtils.java:logGet(43)) - raft.server.log.appender.buffer.byte-limit = 33554432 (custom)
2019-09-24 22:57:00,191 [950aebb1-966b-4a76-ae1c-f15b3e34cc28@group-FE8252D5120B:LeaderElection18] INFO  server.RaftServerConfigKeys (ConfUtils.java:logGet(43)) - raft.server.log.appender.buffer.element-limit = 1 (custom)
2019-09-24 22:57:00,191 [950aebb1-966b-4a76-ae1c-f15b3e34cc28@group-FE8252D5120B:LeaderElection18] INFO  grpc.GrpcConfigKeys$Server (ConfUtils.java:logGet(43)) - raft.grpc.server.leader.outstanding.appends.max = 128 (default)
2019-09-24 22:57:00,192 [950aebb1-966b-4a76-ae1c-f15b3e34cc28@group-FE8252D5120B:LeaderElection18] INFO  server.RaftServerConfigKeys (ConfUtils.java:logGet(43)) - raft.server.rpc.request.timeout = 3000ms (default)
2019-09-24 22:57:00,192 [950aebb1-966b-4a76-ae1c-f15b3e34cc28@group-FE8252D5120B:LeaderElection18] INFO  server.RaftServerConfigKeys (ConfUtils.java:logGet(43)) - raft.server.log.appender.install.snapshot.enabled = false (custom)
2019-09-24 22:57:00,192 [950aebb1-966b-4a76-ae1c-f15b3e34cc28@group-FE8252D5120B:LeaderElection18] INFO  server.RaftServerConfigKeys (ConfUtils.java:logGet(43)) - raft.server.log.appender.snapshot.chunk.size.max = 16MB (=16777216) (default)
2019-09-24 22:57:00,192 [950aebb1-966b-4a76-ae1c-f15b3e34cc28@group-FE8252D5120B:LeaderElection18] INFO  server.RaftServerConfigKeys (ConfUtils.java:logGet(43)) - raft.server.log.appender.buffer.byte-limit = 33554432 (custom)
2019-09-24 22:57:00,193 [950aebb1-966b-4a76-ae1c-f15b3e34cc28@group-FE8252D5120B:LeaderElection18] INFO  server.RaftServerConfigKeys (ConfUtils.java:logGet(43)) - raft.server.log.appender.buffer.element-limit = 1 (custom)
2019-09-24 22:57:00,193 [950aebb1-966b-4a76-ae1c-f15b3e34cc28@group-FE8252D5120B:LeaderElection18] INFO  grpc.GrpcConfigKeys$Server (ConfUtils.java:logGet(43)) - raft.grpc.server.leader.outstanding.appends.max = 128 (default)
2019-09-24 22:57:00,193 [950aebb1-966b-4a76-ae1c-f15b3e34cc28@group-FE8252D5120B:LeaderElection18] INFO  server.RaftServerConfigKeys (ConfUtils.java:logGet(43)) - raft.server.rpc.request.timeout = 3000ms (default)
2019-09-24 22:57:00,193 [950aebb1-966b-4a76-ae1c-f15b3e34cc28@group-FE8252D5120B:LeaderElection18] INFO  server.RaftServerConfigKeys (ConfUtils.java:logGet(43)) - raft.server.log.appender.install.snapshot.enabled = false (custom)
2019-09-24 22:57:00,194 [950aebb1-966b-4a76-ae1c-f15b3e34cc28@group-FE8252D5120B:LeaderElection18] INFO  impl.RoleInfo (RoleInfo.java:updateAndGet(143)) - 950aebb1-966b-4a76-ae1c-f15b3e34cc28: start LeaderState
2019-09-24 22:57:00,194 [950aebb1-966b-4a76-ae1c-f15b3e34cc28@group-FE8252D5120B:LeaderElection18] INFO  segmented.SegmentedRaftLogWorker (SegmentedRaftLogWorker.java:startLogSegment(380)) - 950aebb1-966b-4a76-ae1c-f15b3e34cc28@group-FE8252D5120B-SegmentedRaftLogWorker: Starting segment from index:0
2019-09-24 22:57:00,195 [950aebb1-966b-4a76-ae1c-f15b3e34cc28@group-FE8252D5120B:LeaderElection18] INFO  impl.RaftServerImpl (ServerState.java:setRaftConf(354)) - 950aebb1-966b-4a76-ae1c-f15b3e34cc28@group-FE8252D5120B: set configuration 0: [c20705ec-6f31-4e08-9cc6-abff4709d2d8:192.168.151.66:43439, 1b127d74-8e4f-43fe-9dad-7b769944c181:192.168.151.66:33728, 950aebb1-966b-4a76-ae1c-f15b3e34cc28:192.168.151.66:43627], old=null at 0
2019-09-24 22:57:00,214 [grpc-default-executor-1] INFO  impl.RaftServerImpl (ServerState.java:setLeader(253)) - 1b127d74-8e4f-43fe-9dad-7b769944c181@group-FE8252D5120B: change Leader from null to 950aebb1-966b-4a76-ae1c-f15b3e34cc28 at term 2 for appendEntries, leader elected after 2344ms
2019-09-24 22:57:00,217 [grpc-default-executor-4] INFO  impl.RaftServerImpl (ServerState.java:setLeader(253)) - c20705ec-6f31-4e08-9cc6-abff4709d2d8@group-FE8252D5120B: change Leader from null to 950aebb1-966b-4a76-ae1c-f15b3e34cc28 at term 2 for appendEntries, leader elected after 2345ms
2019-09-24 22:57:00,221 [grpc-default-executor-4] INFO  impl.RaftServerImpl (ServerState.java:setRaftConf(354)) - 1b127d74-8e4f-43fe-9dad-7b769944c181@group-FE8252D5120B: set configuration 0: [c20705ec-6f31-4e08-9cc6-abff4709d2d8:192.168.151.66:43439, 1b127d74-8e4f-43fe-9dad-7b769944c181:192.168.151.66:33728, 950aebb1-966b-4a76-ae1c-f15b3e34cc28:192.168.151.66:43627], old=null at 0
2019-09-24 22:57:00,221 [grpc-default-executor-1] INFO  impl.RaftServerImpl (ServerState.java:setRaftConf(354)) - c20705ec-6f31-4e08-9cc6-abff4709d2d8@group-FE8252D5120B: set configuration 0: [c20705ec-6f31-4e08-9cc6-abff4709d2d8:192.168.151.66:43439, 1b127d74-8e4f-43fe-9dad-7b769944c181:192.168.151.66:33728, 950aebb1-966b-4a76-ae1c-f15b3e34cc28:192.168.151.66:43627], old=null at 0
2019-09-24 22:57:00,221 [grpc-default-executor-4] INFO  segmented.SegmentedRaftLogWorker (SegmentedRaftLogWorker.java:startLogSegment(380)) - 1b127d74-8e4f-43fe-9dad-7b769944c181@group-FE8252D5120B-SegmentedRaftLogWorker: Starting segment from index:0
2019-09-24 22:57:00,221 [grpc-default-executor-1] INFO  segmented.SegmentedRaftLogWorker (SegmentedRaftLogWorker.java:startLogSegment(380)) - c20705ec-6f31-4e08-9cc6-abff4709d2d8@group-FE8252D5120B-SegmentedRaftLogWorker: Starting segment from index:0
2019-09-24 22:57:00,224 [950aebb1-966b-4a76-ae1c-f15b3e34cc28@group-FE8252D5120B-SegmentedRaftLogWorker] INFO  segmented.SegmentedRaftLogWorker (SegmentedRaftLogWorker.java:execute(569)) - 950aebb1-966b-4a76-ae1c-f15b3e34cc28@group-FE8252D5120B-SegmentedRaftLogWorker: created new log segment /workdir/hadoop-ozone/integration-test/target/test-dir/MiniOzoneClusterImpl-5f7a597a-7e5e-4415-9205-5cad3600d18e/datanode-0/data/ratis/1439081d-1e3f-473b-b788-fe8252d5120b/current/log_inprogress_0
2019-09-24 22:57:00,260 [1b127d74-8e4f-43fe-9dad-7b769944c181@group-FE8252D5120B-SegmentedRaftLogWorker] INFO  segmented.SegmentedRaftLogWorker (SegmentedRaftLogWorker.java:execute(569)) - 1b127d74-8e4f-43fe-9dad-7b769944c181@group-FE8252D5120B-SegmentedRaftLogWorker: created new log segment /workdir/hadoop-ozone/integration-test/target/test-dir/MiniOzoneClusterImpl-5f7a597a-7e5e-4415-9205-5cad3600d18e/datanode-3/data/ratis/1439081d-1e3f-473b-b788-fe8252d5120b/current/log_inprogress_0
2019-09-24 22:57:00,260 [c20705ec-6f31-4e08-9cc6-abff4709d2d8@group-FE8252D5120B-SegmentedRaftLogWorker] INFO  segmented.SegmentedRaftLogWorker (SegmentedRaftLogWorker.java:execute(569)) - c20705ec-6f31-4e08-9cc6-abff4709d2d8@group-FE8252D5120B-SegmentedRaftLogWorker: created new log segment /workdir/hadoop-ozone/integration-test/target/test-dir/MiniOzoneClusterImpl-5f7a597a-7e5e-4415-9205-5cad3600d18e/datanode-8/data/ratis/1439081d-1e3f-473b-b788-fe8252d5120b/current/log_inprogress_0
2019-09-24 22:57:00,627 [main] INFO  ipc.Client (Client.java:handleConnectionFailure(948)) - Retrying connect to server: localhost/127.0.0.1:0. Already tried 2 time(s); retry policy is RetryUpToMaximumCountWithFixedSleep(maxRetries=10, sleepTime=1000 MILLISECONDS)
2019-09-24 22:57:01,628 [main] INFO  ipc.Client (Client.java:handleConnectionFailure(948)) - Retrying connect to server: localhost/127.0.0.1:0. Already tried 3 time(s); retry policy is RetryUpToMaximumCountWithFixedSleep(maxRetries=10, sleepTime=1000 MILLISECONDS)
2019-09-24 22:57:02,630 [main] INFO  ipc.Client (Client.java:handleConnectionFailure(948)) - Retrying connect to server: localhost/127.0.0.1:0. Already tried 4 time(s); retry policy is RetryUpToMaximumCountWithFixedSleep(maxRetries=10, sleepTime=1000 MILLISECONDS)
2019-09-24 22:57:03,631 [main] INFO  ipc.Client (Client.java:handleConnectionFailure(948)) - Retrying connect to server: localhost/127.0.0.1:0. Already tried 5 time(s); retry policy is RetryUpToMaximumCountWithFixedSleep(maxRetries=10, sleepTime=1000 MILLISECONDS)
2019-09-24 22:57:04,633 [main] INFO  ipc.Client (Client.java:handleConnectionFailure(948)) - Retrying connect to server: localhost/127.0.0.1:0. Already tried 6 time(s); retry policy is RetryUpToMaximumCountWithFixedSleep(maxRetries=10, sleepTime=1000 MILLISECONDS)
2019-09-24 22:57:05,634 [main] INFO  ipc.Client (Client.java:handleConnectionFailure(948)) - Retrying connect to server: localhost/127.0.0.1:0. Already tried 7 time(s); retry policy is RetryUpToMaximumCountWithFixedSleep(maxRetries=10, sleepTime=1000 MILLISECONDS)
2019-09-24 22:57:06,636 [main] INFO  ipc.Client (Client.java:handleConnectionFailure(948)) - Retrying connect to server: localhost/127.0.0.1:0. Already tried 8 time(s); retry policy is RetryUpToMaximumCountWithFixedSleep(maxRetries=10, sleepTime=1000 MILLISECONDS)
2019-09-24 22:57:07,637 [main] INFO  ipc.Client (Client.java:handleConnectionFailure(948)) - Retrying connect to server: localhost/127.0.0.1:0. Already tried 9 time(s); retry policy is RetryUpToMaximumCountWithFixedSleep(maxRetries=10, sleepTime=1000 MILLISECONDS)
2019-09-24 22:57:08,643 [main] INFO  ipc.Client (Client.java:handleConnectionFailure(948)) - Retrying connect to server: localhost/127.0.0.1:0. Already tried 0 time(s); retry policy is RetryUpToMaximumCountWithFixedSleep(maxRetries=10, sleepTime=1000 MILLISECONDS)
2019-09-24 22:57:09,644 [main] INFO  ipc.Client (Client.java:handleConnectionFailure(948)) - Retrying connect to server: localhost/127.0.0.1:0. Already tried 1 time(s); retry policy is RetryUpToMaximumCountWithFixedSleep(maxRetries=10, sleepTime=1000 MILLISECONDS)
2019-09-24 22:57:10,646 [main] INFO  ipc.Client (Client.java:handleConnectionFailure(948)) - Retrying connect to server: localhost/127.0.0.1:0. Already tried 2 time(s); retry policy is RetryUpToMaximumCountWithFixedSleep(maxRetries=10, sleepTime=1000 MILLISECONDS)
2019-09-24 22:57:11,647 [main] INFO  ipc.Client (Client.java:handleConnectionFailure(948)) - Retrying connect to server: localhost/127.0.0.1:0. Already tried 3 time(s); retry policy is RetryUpToMaximumCountWithFixedSleep(maxRetries=10, sleepTime=1000 MILLISECONDS)
2019-09-24 22:57:12,649 [main] INFO  ipc.Client (Client.java:handleConnectionFailure(948)) - Retrying connect to server: localhost/127.0.0.1:0. Already tried 4 time(s); retry policy is RetryUpToMaximumCountWithFixedSleep(maxRetries=10, sleepTime=1000 MILLISECONDS)
2019-09-24 22:57:13,650 [main] INFO  ipc.Client (Client.java:handleConnectionFailure(948)) - Retrying connect to server: localhost/127.0.0.1:0. Already tried 5 time(s); retry policy is RetryUpToMaximumCountWithFixedSleep(maxRetries=10, sleepTime=1000 MILLISECONDS)
2019-09-24 22:57:14,652 [main] INFO  ipc.Client (Client.java:handleConnectionFailure(948)) - Retrying connect to server: localhost/127.0.0.1:0. Already tried 6 time(s); retry policy is RetryUpToMaximumCountWithFixedSleep(maxRetries=10, sleepTime=1000 MILLISECONDS)
2019-09-24 22:57:15,653 [main] INFO  ipc.Client (Client.java:handleConnectionFailure(948)) - Retrying connect to server: localhost/127.0.0.1:0. Already tried 7 time(s); retry policy is RetryUpToMaximumCountWithFixedSleep(maxRetries=10, sleepTime=1000 MILLISECONDS)
2019-09-24 22:57:16,655 [main] INFO  ipc.Client (Client.java:handleConnectionFailure(948)) - Retrying connect to server: localhost/127.0.0.1:0. Already tried 8 time(s); retry policy is RetryUpToMaximumCountWithFixedSleep(maxRetries=10, sleepTime=1000 MILLISECONDS)
2019-09-24 22:57:17,656 [main] INFO  ipc.Client (Client.java:handleConnectionFailure(948)) - Retrying connect to server: localhost/127.0.0.1:0. Already tried 9 time(s); retry policy is RetryUpToMaximumCountWithFixedSleep(maxRetries=10, sleepTime=1000 MILLISECONDS)
2019-09-24 22:57:17,658 [main] INFO  retry.RetryInvocationHandler (RetryInvocationHandler.java:log(411)) - com.google.protobuf.ServiceException: java.net.ConnectException: Your endpoint configuration is wrong; For more details see:  http://wiki.apache.org/hadoop/UnsetHostnameOrPort, while invoking $Proxy35.submitRequest over nodeId=null,nodeAddress=127.0.0.1:0 after 1 failover attempts. Trying to failover immediately.
2019-09-24 22:57:18,659 [main] INFO  ipc.Client (Client.java:handleConnectionFailure(948)) - Retrying connect to server: localhost/127.0.0.1:0. Already tried 0 time(s); retry policy is RetryUpToMaximumCountWithFixedSleep(maxRetries=10, sleepTime=1000 MILLISECONDS)
2019-09-24 22:57:19,661 [main] INFO  ipc.Client (Client.java:handleConnectionFailure(948)) - Retrying connect to server: localhost/127.0.0.1:0. Already tried 1 time(s); retry policy is RetryUpToMaximumCountWithFixedSleep(maxRetries=10, sleepTime=1000 MILLISECONDS)
2019-09-24 22:57:20,662 [main] INFO  ipc.Client (Client.java:handleConnectionFailure(948)) - Retrying connect to server: localhost/127.0.0.1:0. Already tried 2 time(s); retry policy is RetryUpToMaximumCountWithFixedSleep(maxRetries=10, sleepTime=1000 MILLISECONDS)
2019-09-24 22:57:21,664 [main] INFO  ipc.Client (Client.java:handleConnectionFailure(948)) - Retrying connect to server: localhost/127.0.0.1:0. Already tried 3 time(s); retry policy is RetryUpToMaximumCountWithFixedSleep(maxRetries=10, sleepTime=1000 MILLISECONDS)
2019-09-24 22:57:22,665 [main] INFO  ipc.Client (Client.java:handleConnectionFailure(948)) - Retrying connect to server: localhost/127.0.0.1:0. Already tried 4 time(s); retry policy is RetryUpToMaximumCountWithFixedSleep(maxRetries=10, sleepTime=1000 MILLISECONDS)
2019-09-24 22:57:23,666 [main] INFO  ipc.Client (Client.java:handleConnectionFailure(948)) - Retrying connect to server: localhost/127.0.0.1:0. Already tried 5 time(s); retry policy is RetryUpToMaximumCountWithFixedSleep(maxRetries=10, sleepTime=1000 MILLISECONDS)
2019-09-24 22:57:24,668 [main] INFO  ipc.Client (Client.java:handleConnectionFailure(948)) - Retrying connect to server: localhost/127.0.0.1:0. Already tried 6 time(s); retry policy is RetryUpToMaximumCountWithFixedSleep(maxRetries=10, sleepTime=1000 MILLISECONDS)
2019-09-24 22:57:25,669 [main] INFO  ipc.Client (Client.java:handleConnectionFailure(948)) - Retrying connect to server: localhost/127.0.0.1:0. Already tried 7 time(s); retry policy is RetryUpToMaximumCountWithFixedSleep(maxRetries=10, sleepTime=1000 MILLISECONDS)
2019-09-24 22:57:26,670 [main] INFO  ipc.Client (Client.java:handleConnectionFailure(948)) - Retrying connect to server: localhost/127.0.0.1:0. Already tried 8 time(s); retry policy is RetryUpToMaximumCountWithFixedSleep(maxRetries=10, sleepTime=1000 MILLISECONDS)
2019-09-24 22:57:27,672 [main] INFO  ipc.Client (Client.java:handleConnectionFailure(948)) - Retrying connect to server: localhost/127.0.0.1:0. Already tried 9 time(s); retry policy is RetryUpToMaximumCountWithFixedSleep(maxRetries=10, sleepTime=1000 MILLISECONDS)
2019-09-24 22:57:27,673 [main] INFO  retry.RetryInvocationHandler (RetryInvocationHandler.java:log(411)) - com.google.protobuf.ServiceException: java.net.ConnectException: Your endpoint configuration is wrong; For more details see:  http://wiki.apache.org/hadoop/UnsetHostnameOrPort, while invoking $Proxy35.submitRequest over nodeId=null,nodeAddress=127.0.0.1:0 after 2 failover attempts. Trying to failover immediately.
2019-09-24 22:57:28,675 [main] INFO  ipc.Client (Client.java:handleConnectionFailure(948)) - Retrying connect to server: localhost/127.0.0.1:0. Already tried 0 time(s); retry policy is RetryUpToMaximumCountWithFixedSleep(maxRetries=10, sleepTime=1000 MILLISECONDS)
2019-09-24 22:57:29,676 [main] INFO  ipc.Client (Client.java:handleConnectionFailure(948)) - Retrying connect to server: localhost/127.0.0.1:0. Already tried 1 time(s); retry policy is RetryUpToMaximumCountWithFixedSleep(maxRetries=10, sleepTime=1000 MILLISECONDS)
2019-09-24 22:57:30,678 [main] INFO  ipc.Client (Client.java:handleConnectionFailure(948)) - Retrying connect to server: localhost/127.0.0.1:0. Already tried 2 time(s); retry policy is RetryUpToMaximumCountWithFixedSleep(maxRetries=10, sleepTime=1000 MILLISECONDS)
2019-09-24 22:57:31,679 [main] INFO  ipc.Client (Client.java:handleConnectionFailure(948)) - Retrying connect to server: localhost/127.0.0.1:0. Already tried 3 time(s); retry policy is RetryUpToMaximumCountWithFixedSleep(maxRetries=10, sleepTime=1000 MILLISECONDS)
2019-09-24 22:57:32,680 [main] INFO  ipc.Client (Client.java:handleConnectionFailure(948)) - Retrying connect to server: localhost/127.0.0.1:0. Already tried 4 time(s); retry policy is RetryUpToMaximumCountWithFixedSleep(maxRetries=10, sleepTime=1000 MILLISECONDS)
2019-09-24 22:57:33,682 [main] INFO  ipc.Client (Client.java:handleConnectionFailure(948)) - Retrying connect to server: localhost/127.0.0.1:0. Already tried 5 time(s); retry policy is RetryUpToMaximumCountWithFixedSleep(maxRetries=10, sleepTime=1000 MILLISECONDS)
2019-09-24 22:57:34,684 [main] INFO  ipc.Client (Client.java:handleConnectionFailure(948)) - Retrying connect to server: localhost/127.0.0.1:0. Already tried 6 time(s); retry policy is RetryUpToMaximumCountWithFixedSleep(maxRetries=10, sleepTime=1000 MILLISECONDS)
2019-09-24 22:57:35,685 [main] INFO  ipc.Client (Client.java:handleConnectionFailure(948)) - Retrying connect to server: localhost/127.0.0.1:0. Already tried 7 time(s); retry policy is RetryUpToMaximumCountWithFixedSleep(maxRetries=10, sleepTime=1000 MILLISECONDS)
2019-09-24 22:57:36,687 [main] INFO  ipc.Client (Client.java:handleConnectionFailure(948)) - Retrying connect to server: localhost/127.0.0.1:0. Already tried 8 time(s); retry policy is RetryUpToMaximumCountWithFixedSleep(maxRetries=10, sleepTime=1000 MILLISECONDS)
2019-09-24 22:57:37,688 [main] INFO  ipc.Client (Client.java:handleConnectionFailure(948)) - Retrying connect to server: localhost/127.0.0.1:0. Already tried 9 time(s); retry policy is RetryUpToMaximumCountWithFixedSleep(maxRetries=10, sleepTime=1000 MILLISECONDS)
2019-09-24 22:57:37,690 [main] INFO  retry.RetryInvocationHandler (RetryInvocationHandler.java:log(411)) - com.google.protobuf.ServiceException: java.net.ConnectException: Your endpoint configuration is wrong; For more details see:  http://wiki.apache.org/hadoop/UnsetHostnameOrPort, while invoking $Proxy35.submitRequest over nodeId=null,nodeAddress=127.0.0.1:0 after 3 failover attempts. Trying to failover immediately.
2019-09-24 22:57:38,692 [main] INFO  ipc.Client (Client.java:handleConnectionFailure(948)) - Retrying connect to server: localhost/127.0.0.1:0. Already tried 0 time(s); retry policy is RetryUpToMaximumCountWithFixedSleep(maxRetries=10, sleepTime=1000 MILLISECONDS)
2019-09-24 22:57:39,693 [main] INFO  ipc.Client (Client.java:handleConnectionFailure(948)) - Retrying connect to server: localhost/127.0.0.1:0. Already tried 1 time(s); retry policy is RetryUpToMaximumCountWithFixedSleep(maxRetries=10, sleepTime=1000 MILLISECONDS)
2019-09-24 22:57:40,695 [main] INFO  ipc.Client (Client.java:handleConnectionFailure(948)) - Retrying connect to server: localhost/127.0.0.1:0. Already tried 2 time(s); retry policy is RetryUpToMaximumCountWithFixedSleep(maxRetries=10, sleepTime=1000 MILLISECONDS)
2019-09-24 22:57:41,696 [main] INFO  ipc.Client (Client.java:handleConnectionFailure(948)) - Retrying connect to server: localhost/127.0.0.1:0. Already tried 3 time(s); retry policy is RetryUpToMaximumCountWithFixedSleep(maxRetries=10, sleepTime=1000 MILLISECONDS)
2019-09-24 22:57:42,712 [main] INFO  ipc.Client (Client.java:handleConnectionFailure(948)) - Retrying connect to server: localhost/127.0.0.1:0. Already tried 4 time(s); retry policy is RetryUpToMaximumCountWithFixedSleep(maxRetries=10, sleepTime=1000 MILLISECONDS)
2019-09-24 22:57:43,715 [main] INFO  ipc.Client (Client.java:handleConnectionFailure(948)) - Retrying connect to server: localhost/127.0.0.1:0. Already tried 5 time(s); retry policy is RetryUpToMaximumCountWithFixedSleep(maxRetries=10, sleepTime=1000 MILLISECONDS)
2019-09-24 22:57:44,720 [main] INFO  ipc.Client (Client.java:handleConnectionFailure(948)) - Retrying connect to server: localhost/127.0.0.1:0. Already tried 6 time(s); retry policy is RetryUpToMaximumCountWithFixedSleep(maxRetries=10, sleepTime=1000 MILLISECONDS)
2019-09-24 22:57:45,724 [main] INFO  ipc.Client (Client.java:handleConnectionFailure(948)) - Retrying connect to server: localhost/127.0.0.1:0. Already tried 7 time(s); retry policy is RetryUpToMaximumCountWithFixedSleep(maxRetries=10, sleepTime=1000 MILLISECONDS)
2019-09-24 22:57:46,729 [main] INFO  ipc.Client (Client.java:handleConnectionFailure(948)) - Retrying connect to server: localhost/127.0.0.1:0. Already tried 8 time(s); retry policy is RetryUpToMaximumCountWithFixedSleep(maxRetries=10, sleepTime=1000 MILLISECONDS)
2019-09-24 22:57:47,746 [main] INFO  ipc.Client (Client.java:handleConnectionFailure(948)) - Retrying connect to server: localhost/127.0.0.1:0. Already tried 9 time(s); retry policy is RetryUpToMaximumCountWithFixedSleep(maxRetries=10, sleepTime=1000 MILLISECONDS)
2019-09-24 22:57:47,749 [main] INFO  retry.RetryInvocationHandler (RetryInvocationHandler.java:log(411)) - com.google.protobuf.ServiceException: java.net.ConnectException: Your endpoint configuration is wrong; For more details see:  http://wiki.apache.org/hadoop/UnsetHostnameOrPort, while invoking $Proxy35.submitRequest over nodeId=null,nodeAddress=127.0.0.1:0 after 4 failover attempts. Trying to failover immediately.
2019-09-24 22:57:48,750 [main] INFO  ipc.Client (Client.java:handleConnectionFailure(948)) - Retrying connect to server: localhost/127.0.0.1:0. Already tried 0 time(s); retry policy is RetryUpToMaximumCountWithFixedSleep(maxRetries=10, sleepTime=1000 MILLISECONDS)
2019-09-24 22:57:49,651 [Thread-417] WARN  util.JavaUtils (JavaUtils.java:sleep(250)) - Unexpected long sleep: sleep(1115ms) actually took 1559ms which is over the threshold 300ms
2019-09-24 22:57:49,752 [main] INFO  ipc.Client (Client.java:handleConnectionFailure(948)) - Retrying connect to server: localhost/127.0.0.1:0. Already tried 1 time(s); retry policy is RetryUpToMaximumCountWithFixedSleep(maxRetries=10, sleepTime=1000 MILLISECONDS)
2019-09-24 22:57:50,753 [main] INFO  ipc.Client (Client.java:handleConnectionFailure(948)) - Retrying connect to server: localhost/127.0.0.1:0. Already tried 2 time(s); retry policy is RetryUpToMaximumCountWithFixedSleep(maxRetries=10, sleepTime=1000 MILLISECONDS)
2019-09-24 22:57:51,754 [main] INFO  ipc.Client (Client.java:handleConnectionFailure(948)) - Retrying connect to server: localhost/127.0.0.1:0. Already tried 3 time(s); retry policy is RetryUpToMaximumCountWithFixedSleep(maxRetries=10, sleepTime=1000 MILLISECONDS)
2019-09-24 22:57:52,756 [main] INFO  ipc.Client (Client.java:handleConnectionFailure(948)) - Retrying connect to server: localhost/127.0.0.1:0. Already tried 4 time(s); retry policy is RetryUpToMaximumCountWithFixedSleep(maxRetries=10, sleepTime=1000 MILLISECONDS)
2019-09-24 22:57:53,757 [main] INFO  ipc.Client (Client.java:handleConnectionFailure(948)) - Retrying connect to server: localhost/127.0.0.1:0. Already tried 5 time(s); retry policy is RetryUpToMaximumCountWithFixedSleep(maxRetries=10, sleepTime=1000 MILLISECONDS)
2019-09-24 22:57:54,758 [main] INFO  ipc.Client (Client.java:handleConnectionFailure(948)) - Retrying connect to server: localhost/127.0.0.1:0. Already tried 6 time(s); retry policy is RetryUpToMaximumCountWithFixedSleep(maxRetries=10, sleepTime=1000 MILLISECONDS)
2019-09-24 22:57:55,760 [main] INFO  ipc.Client (Client.java:handleConnectionFailure(948)) - Retrying connect to server: localhost/127.0.0.1:0. Already tried 7 time(s); retry policy is RetryUpToMaximumCountWithFixedSleep(maxRetries=10, sleepTime=1000 MILLISECONDS)
2019-09-24 22:57:56,761 [main] INFO  ipc.Client (Client.java:handleConnectionFailure(948)) - Retrying connect to server: localhost/127.0.0.1:0. Already tried 8 time(s); retry policy is RetryUpToMaximumCountWithFixedSleep(maxRetries=10, sleepTime=1000 MILLISECONDS)
2019-09-24 22:57:57,762 [main] INFO  ipc.Client (Client.java:handleConnectionFailure(948)) - Retrying connect to server: localhost/127.0.0.1:0. Already tried 9 time(s); retry policy is RetryUpToMaximumCountWithFixedSleep(maxRetries=10, sleepTime=1000 MILLISECONDS)
2019-09-24 22:57:57,764 [main] INFO  retry.RetryInvocationHandler (RetryInvocationHandler.java:log(411)) - com.google.protobuf.ServiceException: java.net.ConnectException: Your endpoint configuration is wrong; For more details see:  http://wiki.apache.org/hadoop/UnsetHostnameOrPort, while invoking $Proxy35.submitRequest over nodeId=null,nodeAddress=127.0.0.1:0 after 5 failover attempts. Trying to failover immediately.
2019-09-24 22:57:58,765 [main] INFO  ipc.Client (Client.java:handleConnectionFailure(948)) - Retrying connect to server: localhost/127.0.0.1:0. Already tried 0 time(s); retry policy is RetryUpToMaximumCountWithFixedSleep(maxRetries=10, sleepTime=1000 MILLISECONDS)
2019-09-24 22:57:59,767 [main] INFO  ipc.Client (Client.java:handleConnectionFailure(948)) - Retrying connect to server: localhost/127.0.0.1:0. Already tried 1 time(s); retry policy is RetryUpToMaximumCountWithFixedSleep(maxRetries=10, sleepTime=1000 MILLISECONDS)
2019-09-24 22:58:00,768 [main] INFO  ipc.Client (Client.java:handleConnectionFailure(948)) - Retrying connect to server: localhost/127.0.0.1:0. Already tried 2 time(s); retry policy is RetryUpToMaximumCountWithFixedSleep(maxRetries=10, sleepTime=1000 MILLISECONDS)
2019-09-24 22:58:01,769 [main] INFO  ipc.Client (Client.java:handleConnectionFailure(948)) - Retrying connect to server: localhost/127.0.0.1:0. Already tried 3 time(s); retry policy is RetryUpToMaximumCountWithFixedSleep(maxRetries=10, sleepTime=1000 MILLISECONDS)
2019-09-24 22:58:02,771 [main] INFO  ipc.Client (Client.java:handleConnectionFailure(948)) - Retrying connect to server: localhost/127.0.0.1:0. Already tried 4 time(s); retry policy is RetryUpToMaximumCountWithFixedSleep(maxRetries=10, sleepTime=1000 MILLISECONDS)
2019-09-24 22:58:03,772 [main] INFO  ipc.Client (Client.java:handleConnectionFailure(948)) - Retrying connect to server: localhost/127.0.0.1:0. Already tried 5 time(s); retry policy is RetryUpToMaximumCountWithFixedSleep(maxRetries=10, sleepTime=1000 MILLISECONDS)
2019-09-24 22:58:04,773 [main] INFO  ipc.Client (Client.java:handleConnectionFailure(948)) - Retrying connect to server: localhost/127.0.0.1:0. Already tried 6 time(s); retry policy is RetryUpToMaximumCountWithFixedSleep(maxRetries=10, sleepTime=1000 MILLISECONDS)
2019-09-24 22:58:05,774 [main] INFO  ipc.Client (Client.java:handleConnectionFailure(948)) - Retrying connect to server: localhost/127.0.0.1:0. Already tried 7 time(s); retry policy is RetryUpToMaximumCountWithFixedSleep(maxRetries=10, sleepTime=1000 MILLISECONDS)
2019-09-24 22:58:06,776 [main] INFO  ipc.Client (Client.java:handleConnectionFailure(948)) - Retrying connect to server: localhost/127.0.0.1:0. Already tried 8 time(s); retry policy is RetryUpToMaximumCountWithFixedSleep(maxRetries=10, sleepTime=1000 MILLISECONDS)
2019-09-24 22:58:07,779 [main] INFO  ipc.Client (Client.java:handleConnectionFailure(948)) - Retrying connect to server: localhost/127.0.0.1:0. Already tried 9 time(s); retry policy is RetryUpToMaximumCountWithFixedSleep(maxRetries=10, sleepTime=1000 MILLISECONDS)
2019-09-24 22:58:07,781 [main] INFO  retry.RetryInvocationHandler (RetryInvocationHandler.java:log(411)) - com.google.protobuf.ServiceException: java.net.ConnectException: Your endpoint configuration is wrong; For more details see:  http://wiki.apache.org/hadoop/UnsetHostnameOrPort, while invoking $Proxy35.submitRequest over nodeId=null,nodeAddress=127.0.0.1:0 after 6 failover attempts. Trying to failover immediately.
2019-09-24 22:58:08,782 [main] INFO  ipc.Client (Client.java:handleConnectionFailure(948)) - Retrying connect to server: localhost/127.0.0.1:0. Already tried 0 time(s); retry policy is RetryUpToMaximumCountWithFixedSleep(maxRetries=10, sleepTime=1000 MILLISECONDS)
2019-09-24 22:58:09,784 [main] INFO  ipc.Client (Client.java:handleConnectionFailure(948)) - Retrying connect to server: localhost/127.0.0.1:0. Already tried 1 time(s); retry policy is RetryUpToMaximumCountWithFixedSleep(maxRetries=10, sleepTime=1000 MILLISECONDS)
2019-09-24 22:58:10,785 [main] INFO  ipc.Client (Client.java:handleConnectionFailure(948)) - Retrying connect to server: localhost/127.0.0.1:0. Already tried 2 time(s); retry policy is RetryUpToMaximumCountWithFixedSleep(maxRetries=10, sleepTime=1000 MILLISECONDS)
2019-09-24 22:58:11,786 [main] INFO  ipc.Client (Client.java:handleConnectionFailure(948)) - Retrying connect to server: localhost/127.0.0.1:0. Already tried 3 time(s); retry policy is RetryUpToMaximumCountWithFixedSleep(maxRetries=10, sleepTime=1000 MILLISECONDS)
2019-09-24 22:58:12,788 [main] INFO  ipc.Client (Client.java:handleConnectionFailure(948)) - Retrying connect to server: localhost/127.0.0.1:0. Already tried 4 time(s); retry policy is RetryUpToMaximumCountWithFixedSleep(maxRetries=10, sleepTime=1000 MILLISECONDS)
2019-09-24 22:58:13,789 [main] INFO  ipc.Client (Client.java:handleConnectionFailure(948)) - Retrying connect to server: localhost/127.0.0.1:0. Already tried 5 time(s); retry policy is RetryUpToMaximumCountWithFixedSleep(maxRetries=10, sleepTime=1000 MILLISECONDS)
2019-09-24 22:58:14,790 [main] INFO  ipc.Client (Client.java:handleConnectionFailure(948)) - Retrying connect to server: localhost/127.0.0.1:0. Already tried 6 time(s); retry policy is RetryUpToMaximumCountWithFixedSleep(maxRetries=10, sleepTime=1000 MILLISECONDS)
2019-09-24 22:58:15,791 [main] INFO  ipc.Client (Client.java:handleConnectionFailure(948)) - Retrying connect to server: localhost/127.0.0.1:0. Already tried 7 time(s); retry policy is RetryUpToMaximumCountWithFixedSleep(maxRetries=10, sleepTime=1000 MILLISECONDS)
2019-09-24 22:58:16,793 [main] INFO  ipc.Client (Client.java:handleConnectionFailure(948)) - Retrying connect to server: localhost/127.0.0.1:0. Already tried 8 time(s); retry policy is RetryUpToMaximumCountWithFixedSleep(maxRetries=10, sleepTime=1000 MILLISECONDS)
2019-09-24 22:58:17,794 [main] INFO  ipc.Client (Client.java:handleConnectionFailure(948)) - Retrying connect to server: localhost/127.0.0.1:0. Already tried 9 time(s); retry policy is RetryUpToMaximumCountWithFixedSleep(maxRetries=10, sleepTime=1000 MILLISECONDS)
2019-09-24 22:58:17,796 [main] INFO  retry.RetryInvocationHandler (RetryInvocationHandler.java:log(411)) - com.google.protobuf.ServiceException: java.net.ConnectException: Your endpoint configuration is wrong; For more details see:  http://wiki.apache.org/hadoop/UnsetHostnameOrPort, while invoking $Proxy35.submitRequest over nodeId=null,nodeAddress=127.0.0.1:0 after 7 failover attempts. Trying to failover immediately.
2019-09-24 22:58:18,797 [main] INFO  ipc.Client (Client.java:handleConnectionFailure(948)) - Retrying connect to server: localhost/127.0.0.1:0. Already tried 0 time(s); retry policy is RetryUpToMaximumCountWithFixedSleep(maxRetries=10, sleepTime=1000 MILLISECONDS)
2019-09-24 22:58:19,798 [main] INFO  ipc.Client (Client.java:handleConnectionFailure(948)) - Retrying connect to server: localhost/127.0.0.1:0. Already tried 1 time(s); retry policy is RetryUpToMaximumCountWithFixedSleep(maxRetries=10, sleepTime=1000 MILLISECONDS)
2019-09-24 22:58:20,800 [main] INFO  ipc.Client (Client.java:handleConnectionFailure(948)) - Retrying connect to server: localhost/127.0.0.1:0. Already tried 2 time(s); retry policy is RetryUpToMaximumCountWithFixedSleep(maxRetries=10, sleepTime=1000 MILLISECONDS)
2019-09-24 22:58:21,801 [main] INFO  ipc.Client (Client.java:handleConnectionFailure(948)) - Retrying connect to server: localhost/127.0.0.1:0. Already tried 3 time(s); retry policy is RetryUpToMaximumCountWithFixedSleep(maxRetries=10, sleepTime=1000 MILLISECONDS)
2019-09-24 22:58:22,803 [main] INFO  ipc.Client (Client.java:handleConnectionFailure(948)) - Retrying connect to server: localhost/127.0.0.1:0. Already tried 4 time(s); retry policy is RetryUpToMaximumCountWithFixedSleep(maxRetries=10, sleepTime=1000 MILLISECONDS)
2019-09-24 22:58:23,805 [main] INFO  ipc.Client (Client.java:handleConnectionFailure(948)) - Retrying connect to server: localhost/127.0.0.1:0. Already tried 5 time(s); retry policy is RetryUpToMaximumCountWithFixedSleep(maxRetries=10, sleepTime=1000 MILLISECONDS)
2019-09-24 22:58:24,807 [main] INFO  ipc.Client (Client.java:handleConnectionFailure(948)) - Retrying connect to server: localhost/127.0.0.1:0. Already tried 6 time(s); retry policy is RetryUpToMaximumCountWithFixedSleep(maxRetries=10, sleepTime=1000 MILLISECONDS)
2019-09-24 22:58:25,808 [main] INFO  ipc.Client (Client.java:handleConnectionFailure(948)) - Retrying connect to server: localhost/127.0.0.1:0. Already tried 7 time(s); retry policy is RetryUpToMaximumCountWithFixedSleep(maxRetries=10, sleepTime=1000 MILLISECONDS)
2019-09-24 22:58:26,809 [main] INFO  ipc.Client (Client.java:handleConnectionFailure(948)) - Retrying connect to server: localhost/127.0.0.1:0. Already tried 8 time(s); retry policy is RetryUpToMaximumCountWithFixedSleep(maxRetries=10, sleepTime=1000 MILLISECONDS)
2019-09-24 22:58:27,811 [main] INFO  ipc.Client (Client.java:handleConnectionFailure(948)) - Retrying connect to server: localhost/127.0.0.1:0. Already tried 9 time(s); retry policy is RetryUpToMaximumCountWithFixedSleep(maxRetries=10, sleepTime=1000 MILLISECONDS)
2019-09-24 22:58:27,812 [main] INFO  retry.RetryInvocationHandler (RetryInvocationHandler.java:log(411)) - com.google.protobuf.ServiceException: java.net.ConnectException: Your endpoint configuration is wrong; For more details see:  http://wiki.apache.org/hadoop/UnsetHostnameOrPort, while invoking $Proxy35.submitRequest over nodeId=null,nodeAddress=127.0.0.1:0 after 8 failover attempts. Trying to failover immediately.
2019-09-24 22:58:28,813 [main] INFO  ipc.Client (Client.java:handleConnectionFailure(948)) - Retrying connect to server: localhost/127.0.0.1:0. Already tried 0 time(s); retry policy is RetryUpToMaximumCountWithFixedSleep(maxRetries=10, sleepTime=1000 MILLISECONDS)
2019-09-24 22:58:29,815 [main] INFO  ipc.Client (Client.java:handleConnectionFailure(948)) - Retrying connect to server: localhost/127.0.0.1:0. Already tried 1 time(s); retry policy is RetryUpToMaximumCountWithFixedSleep(maxRetries=10, sleepTime=1000 MILLISECONDS)
2019-09-24 22:58:30,817 [main] INFO  ipc.Client (Client.java:handleConnectionFailure(948)) - Retrying connect to server: localhost/127.0.0.1:0. Already tried 2 time(s); retry policy is RetryUpToMaximumCountWithFixedSleep(maxRetries=10, sleepTime=1000 MILLISECONDS)
2019-09-24 22:58:31,818 [main] INFO  ipc.Client (Client.java:handleConnectionFailure(948)) - Retrying connect to server: localhost/127.0.0.1:0. Already tried 3 time(s); retry policy is RetryUpToMaximumCountWithFixedSleep(maxRetries=10, sleepTime=1000 MILLISECONDS)
2019-09-24 22:58:32,820 [main] INFO  ipc.Client (Client.java:handleConnectionFailure(948)) - Retrying connect to server: localhost/127.0.0.1:0. Already tried 4 time(s); retry policy is RetryUpToMaximumCountWithFixedSleep(maxRetries=10, sleepTime=1000 MILLISECONDS)
2019-09-24 22:58:33,821 [main] INFO  ipc.Client (Client.java:handleConnectionFailure(948)) - Retrying connect to server: localhost/127.0.0.1:0. Already tried 5 time(s); retry policy is RetryUpToMaximumCountWithFixedSleep(maxRetries=10, sleepTime=1000 MILLISECONDS)
2019-09-24 22:58:34,822 [main] INFO  ipc.Client (Client.java:handleConnectionFailure(948)) - Retrying connect to server: localhost/127.0.0.1:0. Already tried 6 time(s); retry policy is RetryUpToMaximumCountWithFixedSleep(maxRetries=10, sleepTime=1000 MILLISECONDS)
2019-09-24 22:58:35,823 [main] INFO  ipc.Client (Client.java:handleConnectionFailure(948)) - Retrying connect to server: localhost/127.0.0.1:0. Already tried 7 time(s); retry policy is RetryUpToMaximumCountWithFixedSleep(maxRetries=10, sleepTime=1000 MILLISECONDS)
2019-09-24 22:58:36,825 [main] INFO  ipc.Client (Client.java:handleConnectionFailure(948)) - Retrying connect to server: localhost/127.0.0.1:0. Already tried 8 time(s); retry policy is RetryUpToMaximumCountWithFixedSleep(maxRetries=10, sleepTime=1000 MILLISECONDS)
2019-09-24 22:58:37,826 [main] INFO  ipc.Client (Client.java:handleConnectionFailure(948)) - Retrying connect to server: localhost/127.0.0.1:0. Already tried 9 time(s); retry policy is RetryUpToMaximumCountWithFixedSleep(maxRetries=10, sleepTime=1000 MILLISECONDS)
2019-09-24 22:58:37,828 [main] INFO  retry.RetryInvocationHandler (RetryInvocationHandler.java:log(411)) - com.google.protobuf.ServiceException: java.net.ConnectException: Your endpoint configuration is wrong; For more details see:  http://wiki.apache.org/hadoop/UnsetHostnameOrPort, while invoking $Proxy35.submitRequest over nodeId=null,nodeAddress=127.0.0.1:0 after 9 failover attempts. Trying to failover immediately.
2019-09-24 22:58:38,829 [main] INFO  ipc.Client (Client.java:handleConnectionFailure(948)) - Retrying connect to server: localhost/127.0.0.1:0. Already tried 0 time(s); retry policy is RetryUpToMaximumCountWithFixedSleep(maxRetries=10, sleepTime=1000 MILLISECONDS)
2019-09-24 22:58:39,831 [main] INFO  ipc.Client (Client.java:handleConnectionFailure(948)) - Retrying connect to server: localhost/127.0.0.1:0. Already tried 1 time(s); retry policy is RetryUpToMaximumCountWithFixedSleep(maxRetries=10, sleepTime=1000 MILLISECONDS)
2019-09-24 22:58:40,832 [main] INFO  ipc.Client (Client.java:handleConnectionFailure(948)) - Retrying connect to server: localhost/127.0.0.1:0. Already tried 2 time(s); retry policy is RetryUpToMaximumCountWithFixedSleep(maxRetries=10, sleepTime=1000 MILLISECONDS)
2019-09-24 22:58:41,833 [main] INFO  ipc.Client (Client.java:handleConnectionFailure(948)) - Retrying connect to server: localhost/127.0.0.1:0. Already tried 3 time(s); retry policy is RetryUpToMaximumCountWithFixedSleep(maxRetries=10, sleepTime=1000 MILLISECONDS)
2019-09-24 22:58:42,834 [main] INFO  ipc.Client (Client.java:handleConnectionFailure(948)) - Retrying connect to server: localhost/127.0.0.1:0. Already tried 4 time(s); retry policy is RetryUpToMaximumCountWithFixedSleep(maxRetries=10, sleepTime=1000 MILLISECONDS)
2019-09-24 22:58:43,836 [main] INFO  ipc.Client (Client.java:handleConnectionFailure(948)) - Retrying connect to server: localhost/127.0.0.1:0. Already tried 5 time(s); retry policy is RetryUpToMaximumCountWithFixedSleep(maxRetries=10, sleepTime=1000 MILLISECONDS)
2019-09-24 22:58:44,837 [main] INFO  ipc.Client (Client.java:handleConnectionFailure(948)) - Retrying connect to server: localhost/127.0.0.1:0. Already tried 6 time(s); retry policy is RetryUpToMaximumCountWithFixedSleep(maxRetries=10, sleepTime=1000 MILLISECONDS)
2019-09-24 22:58:45,838 [main] INFO  ipc.Client (Client.java:handleConnectionFailure(948)) - Retrying connect to server: localhost/127.0.0.1:0. Already tried 7 time(s); retry policy is RetryUpToMaximumCountWithFixedSleep(maxRetries=10, sleepTime=1000 MILLISECONDS)
2019-09-24 22:58:46,839 [main] INFO  ipc.Client (Client.java:handleConnectionFailure(948)) - Retrying connect to server: localhost/127.0.0.1:0. Already tried 8 time(s); retry policy is RetryUpToMaximumCountWithFixedSleep(maxRetries=10, sleepTime=1000 MILLISECONDS)
2019-09-24 22:58:47,841 [main] INFO  ipc.Client (Client.java:handleConnectionFailure(948)) - Retrying connect to server: localhost/127.0.0.1:0. Already tried 9 time(s); retry policy is RetryUpToMaximumCountWithFixedSleep(maxRetries=10, sleepTime=1000 MILLISECONDS)
2019-09-24 22:58:47,842 [main] ERROR ha.OMFailoverProxyProvider (OzoneManagerProtocolClientSideTranslatorPB.java:getRetryAction(268)) - Failed to connect to OM. Attempted 10 retries and 10 failovers
2019-09-24 22:58:47,847 [main] ERROR client.OzoneClientFactory (OzoneClientFactory.java:getClientProtocol(259)) - Couldn't create RpcClient protocol exception: 
java.net.ConnectException: Your endpoint configuration is wrong; For more details see:  http://wiki.apache.org/hadoop/UnsetHostnameOrPort
	at sun.reflect.NativeConstructorAccessorImpl.newInstance0(Native Method)
	at sun.reflect.NativeConstructorAccessorImpl.newInstance(NativeConstructorAccessorImpl.java:62)
	at sun.reflect.DelegatingConstructorAccessorImpl.newInstance(DelegatingConstructorAccessorImpl.java:45)
	at java.lang.reflect.Constructor.newInstance(Constructor.java:423)
	at org.apache.hadoop.net.NetUtils.wrapWithMessage(NetUtils.java:831)
	at org.apache.hadoop.net.NetUtils.wrapException(NetUtils.java:751)
	at org.apache.hadoop.ipc.Client.getRpcResponse(Client.java:1515)
	at org.apache.hadoop.ipc.Client.call(Client.java:1457)
	at org.apache.hadoop.ipc.Client.call(Client.java:1367)
	at org.apache.hadoop.ipc.ProtobufRpcEngine$Invoker.invoke(ProtobufRpcEngine.java:228)
	at org.apache.hadoop.ipc.ProtobufRpcEngine$Invoker.invoke(ProtobufRpcEngine.java:116)
	at com.sun.proxy.$Proxy35.submitRequest(Unknown Source)
	at sun.reflect.NativeMethodAccessorImpl.invoke0(Native Method)
	at sun.reflect.NativeMethodAccessorImpl.invoke(NativeMethodAccessorImpl.java:62)
	at sun.reflect.DelegatingMethodAccessorImpl.invoke(DelegatingMethodAccessorImpl.java:43)
	at java.lang.reflect.Method.invoke(Method.java:498)
	at org.apache.hadoop.io.retry.RetryInvocationHandler.invokeMethod(RetryInvocationHandler.java:422)
	at org.apache.hadoop.io.retry.RetryInvocationHandler$Call.invokeMethod(RetryInvocationHandler.java:165)
	at org.apache.hadoop.io.retry.RetryInvocationHandler$Call.invoke(RetryInvocationHandler.java:157)
	at org.apache.hadoop.io.retry.RetryInvocationHandler$Call.invokeOnce(RetryInvocationHandler.java:95)
	at org.apache.hadoop.io.retry.RetryInvocationHandler.invoke(RetryInvocationHandler.java:359)
	at com.sun.proxy.$Proxy35.submitRequest(Unknown Source)
	at org.apache.hadoop.ozone.om.protocolPB.OzoneManagerProtocolClientSideTranslatorPB.submitRequest(OzoneManagerProtocolClientSideTranslatorPB.java:338)
	at org.apache.hadoop.ozone.om.protocolPB.OzoneManagerProtocolClientSideTranslatorPB.getServiceInfo(OzoneManagerProtocolClientSideTranslatorPB.java:1223)
	at sun.reflect.NativeMethodAccessorImpl.invoke0(Native Method)
	at sun.reflect.NativeMethodAccessorImpl.invoke(NativeMethodAccessorImpl.java:62)
	at sun.reflect.DelegatingMethodAccessorImpl.invoke(DelegatingMethodAccessorImpl.java:43)
	at java.lang.reflect.Method.invoke(Method.java:498)
	at org.apache.hadoop.hdds.tracing.TraceAllMethod.invoke(TraceAllMethod.java:66)
	at com.sun.proxy.$Proxy36.getServiceInfo(Unknown Source)
	at org.apache.hadoop.ozone.client.rpc.RpcClient.<init>(RpcClient.java:154)
	at org.apache.hadoop.ozone.client.OzoneClientFactory.getClientProtocol(OzoneClientFactory.java:256)
	at org.apache.hadoop.ozone.client.OzoneClientFactory.getClientProtocol(OzoneClientFactory.java:239)
	at org.apache.hadoop.ozone.client.OzoneClientFactory.getClient(OzoneClientFactory.java:75)
	at org.apache.hadoop.ozone.client.rpc.TestMultiBlockWritesWithDnFailures.startCluster(TestMultiBlockWritesWithDnFailures.java:96)
	at org.apache.hadoop.ozone.client.rpc.TestMultiBlockWritesWithDnFailures.testMultiBlockWritesWithIntermittentDnFailures(TestMultiBlockWritesWithDnFailures.java:160)
	at sun.reflect.NativeMethodAccessorImpl.invoke0(Native Method)
	at sun.reflect.NativeMethodAccessorImpl.invoke(NativeMethodAccessorImpl.java:62)
	at sun.reflect.DelegatingMethodAccessorImpl.invoke(DelegatingMethodAccessorImpl.java:43)
	at java.lang.reflect.Method.invoke(Method.java:498)
	at org.junit.runners.model.FrameworkMethod$1.runReflectiveCall(FrameworkMethod.java:47)
	at org.junit.internal.runners.model.ReflectiveCallable.run(ReflectiveCallable.java:12)
	at org.junit.runners.model.FrameworkMethod.invokeExplosively(FrameworkMethod.java:44)
	at org.junit.internal.runners.statements.InvokeMethod.evaluate(InvokeMethod.java:17)
	at org.junit.internal.runners.statements.RunAfters.evaluate(RunAfters.java:27)
	at org.junit.runners.ParentRunner.runLeaf(ParentRunner.java:271)
	at org.junit.runners.BlockJUnit4ClassRunner.runChild(BlockJUnit4ClassRunner.java:70)
	at org.junit.runners.BlockJUnit4ClassRunner.runChild(BlockJUnit4ClassRunner.java:50)
	at org.junit.runners.ParentRunner$3.run(ParentRunner.java:238)
	at org.junit.runners.ParentRunner$1.schedule(ParentRunner.java:63)
	at org.junit.runners.ParentRunner.runChildren(ParentRunner.java:236)
	at org.junit.runners.ParentRunner.access$000(ParentRunner.java:53)
	at org.junit.runners.ParentRunner$2.evaluate(ParentRunner.java:229)
	at org.junit.runners.ParentRunner.run(ParentRunner.java:309)
	at org.apache.maven.surefire.junit4.JUnit4Provider.execute(JUnit4Provider.java:365)
	at org.apache.maven.surefire.junit4.JUnit4Provider.executeWithRerun(JUnit4Provider.java:273)
	at org.apache.maven.surefire.junit4.JUnit4Provider.executeTestSet(JUnit4Provider.java:238)
	at org.apache.maven.surefire.junit4.JUnit4Provider.invoke(JUnit4Provider.java:159)
	at org.apache.maven.surefire.booter.ForkedBooter.invokeProviderInSameClassLoader(ForkedBooter.java:384)
	at org.apache.maven.surefire.booter.ForkedBooter.runSuitesInProcess(ForkedBooter.java:345)
	at org.apache.maven.surefire.booter.ForkedBooter.execute(ForkedBooter.java:126)
	at org.apache.maven.surefire.booter.ForkedBooter.main(ForkedBooter.java:418)
Caused by: java.net.ConnectException: Connection refused
	at sun.nio.ch.SocketChannelImpl.checkConnect(Native Method)
	at sun.nio.ch.SocketChannelImpl.finishConnect(SocketChannelImpl.java:717)
	at org.apache.hadoop.net.SocketIOWithTimeout.connect(SocketIOWithTimeout.java:206)
	at org.apache.hadoop.net.NetUtils.connect(NetUtils.java:531)
	at org.apache.hadoop.ipc.Client$Connection.setupConnection(Client.java:690)
	at org.apache.hadoop.ipc.Client$Connection.setupIOstreams(Client.java:794)
	at org.apache.hadoop.ipc.Client$Connection.access$3700(Client.java:411)
	at org.apache.hadoop.ipc.Client.getConnection(Client.java:1572)
	at org.apache.hadoop.ipc.Client.call(Client.java:1403)
	... 54 more
2019-09-24 22:58:47,852 [main] INFO  ozone.MiniOzoneClusterImpl (MiniOzoneClusterImpl.java:shutdown(314)) - Shutting down the Mini Ozone Cluster
2019-09-24 22:58:47,853 [main] INFO  ozone.MiniOzoneClusterImpl (MiniOzoneClusterImpl.java:stop(330)) - Stopping the Mini Ozone Cluster
2019-09-24 22:58:47,853 [main] INFO  ozone.MiniOzoneClusterImpl (MiniOzoneClusterImpl.java:stopOM(400)) - Stopping the OzoneManager
2019-09-24 22:58:47,853 [main] INFO  ipc.Server (Server.java:stop(3082)) - Stopping server on 42642
2019-09-24 22:58:47,854 [IPC Server listener on 42642] INFO  ipc.Server (Server.java:run(1185)) - Stopping IPC Server listener on 42642
2019-09-24 22:58:47,855 [main] INFO  ratis.OzoneManagerDoubleBuffer (OzoneManagerDoubleBuffer.java:stop(248)) - Stopping OMDoubleBuffer flush thread
2019-09-24 22:58:47,857 [IPC Server Responder] INFO  ipc.Server (Server.java:run(1319)) - Stopping IPC Server Responder
2019-09-24 22:58:47,857 [OMDoubleBufferFlushThread] INFO  ratis.OzoneManagerDoubleBuffer (OzoneManagerDoubleBuffer.java:flushTransactions(191)) - OMDoubleBuffer flush thread OMDoubleBufferFlushThread is interrupted and will exit. OMDoubleBufferFlushThread
2019-09-24 22:58:47,859 [main] INFO  utils.BackgroundService (BackgroundService.java:shutdown(148)) - Shutting down service KeyDeletingService
2019-09-24 22:58:47,864 [main] INFO  handler.ContextHandler (ContextHandler.java:doStop(910)) - Stopped o.e.j.w.WebAppContext@4158debd{/,null,UNAVAILABLE}{/ozoneManager}
2019-09-24 22:58:47,871 [main] INFO  server.AbstractConnector (AbstractConnector.java:doStop(318)) - Stopped ServerConnector@af78c87{HTTP/1.1,[http/1.1]}{0.0.0.0:0}
2019-09-24 22:58:47,872 [main] INFO  handler.ContextHandler (ContextHandler.java:doStop(910)) - Stopped o.e.j.s.ServletContextHandler@65004ff6{/static,file:///workdir/hadoop-ozone/integration-test/target/test-classes/webapps/static,UNAVAILABLE}
2019-09-24 22:58:47,873 [main] INFO  handler.ContextHandler (ContextHandler.java:doStop(910)) - Stopped o.e.j.s.ServletContextHandler@49aa766b{/logs,file:///workdir/hadoop-ozone/integration-test/target/log,UNAVAILABLE}
2019-09-24 22:58:47,881 [main] INFO  ozone.MiniOzoneClusterImpl (MiniOzoneClusterImpl.java:stopDatanodes(377)) - Stopping the HddsDatanodes
2019-09-24 22:58:48,650 [Datanode State Machine Thread - 0] INFO  statemachine.DatanodeStateMachine (DatanodeStateMachine.java:lambda$startDaemon$0(350)) - Ozone container server started.
2019-09-24 22:58:48,843 [Datanode State Machine Thread - 0] INFO  statemachine.DatanodeStateMachine (DatanodeStateMachine.java:lambda$startDaemon$0(350)) - Ozone container server started.
2019-09-24 22:58:52,884 [main] INFO  ozoneimpl.OzoneContainer (OzoneContainer.java:stop(231)) - Attempting to stop container services.
2019-09-24 22:58:52,884 [ForkJoinPool.commonPool-worker-0] INFO  ozoneimpl.OzoneContainer (OzoneContainer.java:stop(231)) - Attempting to stop container services.
2019-09-24 22:58:52,886 [main] INFO  impl.RaftServerProxy (RaftServerProxy.java:lambda$close$4(314)) - 48b45dfa-9a49-49d0-a60f-4d834ccef1db: close
2019-09-24 22:58:52,886 [ForkJoinPool.commonPool-worker-0] INFO  impl.RaftServerProxy (RaftServerProxy.java:lambda$close$4(314)) - 23c6c9b6-39b4-44f0-84a4-cf624850a9c3: close
2019-09-24 22:58:52,890 [main] INFO  impl.RaftServerImpl (RaftServerImpl.java:lambda$shutdown$3(251)) - 48b45dfa-9a49-49d0-a60f-4d834ccef1db@group-C5D7048B2308: shutdown
2019-09-24 22:58:52,890 [ForkJoinPool.commonPool-worker-0] INFO  impl.RaftServerImpl (RaftServerImpl.java:lambda$shutdown$3(251)) - 23c6c9b6-39b4-44f0-84a4-cf624850a9c3@group-5DAC8D020DEC: shutdown
2019-09-24 22:58:52,890 [main] INFO  util.JmxRegister (JmxRegister.java:unregister(73)) - Successfully un-registered JMX Bean with object name Ratis:service=RaftServer,group=group-C5D7048B2308,id=48b45dfa-9a49-49d0-a60f-4d834ccef1db
2019-09-24 22:58:52,890 [ForkJoinPool.commonPool-worker-0] INFO  util.JmxRegister (JmxRegister.java:unregister(73)) - Successfully un-registered JMX Bean with object name Ratis:service=RaftServer,group=group-5DAC8D020DEC,id=23c6c9b6-39b4-44f0-84a4-cf624850a9c3
2019-09-24 22:58:52,891 [main] INFO  impl.RoleInfo (RoleInfo.java:shutdownLeaderState(104)) - 48b45dfa-9a49-49d0-a60f-4d834ccef1db: shutdown LeaderState
2019-09-24 22:58:52,891 [ForkJoinPool.commonPool-worker-0] INFO  impl.RoleInfo (RoleInfo.java:shutdownLeaderState(104)) - 23c6c9b6-39b4-44f0-84a4-cf624850a9c3: shutdown LeaderState
2019-09-24 22:58:52,893 [main] INFO  impl.PendingRequests (PendingRequests.java:sendNotLeaderResponses(202)) - 48b45dfa-9a49-49d0-a60f-4d834ccef1db-PendingRequests: sendNotLeaderResponses
2019-09-24 22:58:52,893 [ForkJoinPool.commonPool-worker-0] INFO  impl.PendingRequests (PendingRequests.java:sendNotLeaderResponses(202)) - 23c6c9b6-39b4-44f0-84a4-cf624850a9c3-PendingRequests: sendNotLeaderResponses
2019-09-24 22:58:52,899 [main] INFO  impl.StateMachineUpdater (StateMachineUpdater.java:stopAndJoin(125)) - 48b45dfa-9a49-49d0-a60f-4d834ccef1db@group-C5D7048B2308-StateMachineUpdater: set stopIndex = 0
2019-09-24 22:58:52,899 [ForkJoinPool.commonPool-worker-0] INFO  impl.StateMachineUpdater (StateMachineUpdater.java:stopAndJoin(125)) - 23c6c9b6-39b4-44f0-84a4-cf624850a9c3@group-5DAC8D020DEC-StateMachineUpdater: set stopIndex = 0
2019-09-24 22:58:52,904 [main] INFO  impl.RaftServerImpl (ServerState.java:close(385)) - 48b45dfa-9a49-49d0-a60f-4d834ccef1db@group-C5D7048B2308: closes. applyIndex: 0
2019-09-24 22:58:52,904 [ForkJoinPool.commonPool-worker-0] INFO  impl.RaftServerImpl (ServerState.java:close(385)) - 23c6c9b6-39b4-44f0-84a4-cf624850a9c3@group-5DAC8D020DEC: closes. applyIndex: 0
2019-09-24 22:58:52,906 [48b45dfa-9a49-49d0-a60f-4d834ccef1db@group-C5D7048B2308-SegmentedRaftLogWorker] INFO  segmented.SegmentedRaftLogWorker (SegmentedRaftLogWorker.java:run(313)) - 48b45dfa-9a49-49d0-a60f-4d834ccef1db@group-C5D7048B2308-SegmentedRaftLogWorker was interrupted, exiting. There are 0 tasks remaining in the queue.
2019-09-24 22:58:52,906 [23c6c9b6-39b4-44f0-84a4-cf624850a9c3@group-5DAC8D020DEC-SegmentedRaftLogWorker] INFO  segmented.SegmentedRaftLogWorker (SegmentedRaftLogWorker.java:run(313)) - 23c6c9b6-39b4-44f0-84a4-cf624850a9c3@group-5DAC8D020DEC-SegmentedRaftLogWorker was interrupted, exiting. There are 0 tasks remaining in the queue.
2019-09-24 22:58:52,912 [ForkJoinPool.commonPool-worker-0] INFO  segmented.SegmentedRaftLogWorker (SegmentedRaftLogWorker.java:close(228)) - 23c6c9b6-39b4-44f0-84a4-cf624850a9c3@group-5DAC8D020DEC-SegmentedRaftLogWorker close()
2019-09-24 22:58:52,912 [main] INFO  segmented.SegmentedRaftLogWorker (SegmentedRaftLogWorker.java:close(228)) - 48b45dfa-9a49-49d0-a60f-4d834ccef1db@group-C5D7048B2308-SegmentedRaftLogWorker close()
2019-09-24 22:58:52,918 [ForkJoinPool.commonPool-worker-0] INFO  impl.RaftServerImpl (RaftServerImpl.java:lambda$shutdown$3(251)) - 23c6c9b6-39b4-44f0-84a4-cf624850a9c3@group-ECCDD8E1798D: shutdown
2019-09-24 22:58:52,923 [ForkJoinPool.commonPool-worker-0] INFO  util.JmxRegister (JmxRegister.java:unregister(73)) - Successfully un-registered JMX Bean with object name Ratis:service=RaftServer,group=group-ECCDD8E1798D,id=23c6c9b6-39b4-44f0-84a4-cf624850a9c3
2019-09-24 22:58:52,923 [ForkJoinPool.commonPool-worker-0] INFO  impl.RoleInfo (RoleInfo.java:shutdownFollowerState(121)) - 23c6c9b6-39b4-44f0-84a4-cf624850a9c3: shutdown FollowerState
2019-09-24 22:58:52,924 [main] INFO  server.GrpcService (GrpcService.java:closeImpl(164)) - 48b45dfa-9a49-49d0-a60f-4d834ccef1db: shutdown server with port 39677 now
2019-09-24 22:58:52,924 [Thread-369] INFO  impl.FollowerState (FollowerState.java:run(115)) - 23c6c9b6-39b4-44f0-84a4-cf624850a9c3: FollowerState was interrupted: java.lang.InterruptedException: sleep interrupted
2019-09-24 22:58:52,924 [ForkJoinPool.commonPool-worker-0] INFO  impl.StateMachineUpdater (StateMachineUpdater.java:stopAndJoin(125)) - 23c6c9b6-39b4-44f0-84a4-cf624850a9c3@group-ECCDD8E1798D-StateMachineUpdater: set stopIndex = 0
2019-09-24 22:58:52,925 [ForkJoinPool.commonPool-worker-0] INFO  impl.RaftServerImpl (ServerState.java:close(385)) - 23c6c9b6-39b4-44f0-84a4-cf624850a9c3@group-ECCDD8E1798D: closes. applyIndex: 0
2019-09-24 22:58:52,925 [23c6c9b6-39b4-44f0-84a4-cf624850a9c3@group-ECCDD8E1798D-SegmentedRaftLogWorker] INFO  segmented.SegmentedRaftLogWorker (SegmentedRaftLogWorker.java:run(313)) - 23c6c9b6-39b4-44f0-84a4-cf624850a9c3@group-ECCDD8E1798D-SegmentedRaftLogWorker was interrupted, exiting. There are 0 tasks remaining in the queue.
2019-09-24 22:58:52,928 [ForkJoinPool.commonPool-worker-0] INFO  segmented.SegmentedRaftLogWorker (SegmentedRaftLogWorker.java:close(228)) - 23c6c9b6-39b4-44f0-84a4-cf624850a9c3@group-ECCDD8E1798D-SegmentedRaftLogWorker close()
2019-09-24 22:58:52,933 [ForkJoinPool.commonPool-worker-0] INFO  server.GrpcService (GrpcService.java:closeImpl(164)) - 23c6c9b6-39b4-44f0-84a4-cf624850a9c3: shutdown server with port 32846 now
2019-09-24 22:58:52,936 [main] INFO  server.GrpcService (GrpcService.java:closeImpl(172)) - 48b45dfa-9a49-49d0-a60f-4d834ccef1db: shutdown server with port 39677 successfully
2019-09-24 22:58:52,946 [ForkJoinPool.commonPool-worker-0] INFO  server.GrpcService (GrpcService.java:closeImpl(172)) - 23c6c9b6-39b4-44f0-84a4-cf624850a9c3: shutdown server with port 32846 successfully
2019-09-24 22:58:52,946 [grpc-default-executor-3] WARN  server.GrpcServerProtocolService (LogUtils.java:warn(134)) - 23c6c9b6-39b4-44f0-84a4-cf624850a9c3: installSnapshot onError, lastRequest: 16bf6e05-f81a-41e5-883a-89e111b126fe->23c6c9b6-39b4-44f0-84a4-cf624850a9c3#226-t1, previous=(t:1, i:0), leaderCommit=0, initializing? false, entries: <empty>: org.apache.ratis.thirdparty.io.grpc.StatusRuntimeException: CANCELLED: cancelled before receiving half close
2019-09-24 22:58:52,952 [grpc-default-executor-5] WARN  server.GrpcLogAppender (LogUtils.java:warn(134)) - 16bf6e05-f81a-41e5-883a-89e111b126fe@group-ECCDD8E1798D->23c6c9b6-39b4-44f0-84a4-cf624850a9c3-AppendLogResponseHandler: Failed appendEntries: org.apache.ratis.thirdparty.io.grpc.StatusRuntimeException: CANCELLED: HTTP/2 error code: CANCEL
Received Rst Stream
2019-09-24 22:58:52,959 [grpc-default-executor-5] INFO  impl.FollowerInfo (FollowerInfo.java:lambda$new$0(51)) - 16bf6e05-f81a-41e5-883a-89e111b126fe@group-ECCDD8E1798D->23c6c9b6-39b4-44f0-84a4-cf624850a9c3: nextIndex: updateUnconditionally 1 -> 0
2019-09-24 22:58:52,966 [refreshUsed-/workdir/hadoop-ozone/integration-test/target/test-dir/MiniOzoneClusterImpl-5f7a597a-7e5e-4415-9205-5cad3600d18e/datanode-5/data/containers] WARN  fs.CachingGetSpaceUsed (CachingGetSpaceUsed.java:run(183)) - Thread Interrupted waiting to refresh disk information: sleep interrupted
2019-09-24 22:58:52,975 [refreshUsed-/workdir/hadoop-ozone/integration-test/target/test-dir/MiniOzoneClusterImpl-5f7a597a-7e5e-4415-9205-5cad3600d18e/datanode-2/data/containers] WARN  fs.CachingGetSpaceUsed (CachingGetSpaceUsed.java:run(183)) - Thread Interrupted waiting to refresh disk information: sleep interrupted
2019-09-24 22:58:52,993 [main] INFO  utils.BackgroundService (BackgroundService.java:shutdown(148)) - Shutting down service BlockDeletingService
2019-09-24 22:58:52,993 [ForkJoinPool.commonPool-worker-0] INFO  utils.BackgroundService (BackgroundService.java:shutdown(148)) - Shutting down service BlockDeletingService
2019-09-24 22:58:53,002 [ForkJoinPool.commonPool-worker-0] INFO  statemachine.DatanodeStateMachine (DatanodeStateMachine.java:stopDaemon(395)) - Ozone container server stopped.
2019-09-24 22:58:53,002 [main] INFO  statemachine.DatanodeStateMachine (DatanodeStateMachine.java:stopDaemon(395)) - Ozone container server stopped.
2019-09-24 22:58:53,009 [ForkJoinPool.commonPool-worker-0] INFO  handler.ContextHandler (ContextHandler.java:doStop(910)) - Stopped o.e.j.w.WebAppContext@784abd3e{/,null,UNAVAILABLE}{/hddsDatanode}
2019-09-24 22:58:53,009 [main] INFO  handler.ContextHandler (ContextHandler.java:doStop(910)) - Stopped o.e.j.w.WebAppContext@2bfb6b49{/,null,UNAVAILABLE}{/hddsDatanode}
2019-09-24 22:58:53,009 [ForkJoinPool.commonPool-worker-0] INFO  server.AbstractConnector (AbstractConnector.java:doStop(318)) - Stopped ServerConnector@36c2b646{HTTP/1.1,[http/1.1]}{0.0.0.0:0}
2019-09-24 22:58:53,011 [ForkJoinPool.commonPool-worker-0] INFO  handler.ContextHandler (ContextHandler.java:doStop(910)) - Stopped o.e.j.s.ServletContextHandler@a098d76{/static,jar:file:/home/user/.m2/repository/org/apache/hadoop/hadoop-hdds-container-service/0.5.0-SNAPSHOT/hadoop-hdds-container-service-0.5.0-SNAPSHOT.jar!/webapps/static,UNAVAILABLE}
2019-09-24 22:58:53,011 [main] INFO  server.AbstractConnector (AbstractConnector.java:doStop(318)) - Stopped ServerConnector@1f346ad2{HTTP/1.1,[http/1.1]}{0.0.0.0:0}
2019-09-24 22:58:53,014 [ForkJoinPool.commonPool-worker-0] INFO  handler.ContextHandler (ContextHandler.java:doStop(910)) - Stopped o.e.j.s.ServletContextHandler@5a6d30e2{/logs,file:///workdir/hadoop-ozone/integration-test/target/log,UNAVAILABLE}
2019-09-24 22:58:53,014 [main] INFO  handler.ContextHandler (ContextHandler.java:doStop(910)) - Stopped o.e.j.s.ServletContextHandler@77bb48d5{/static,jar:file:/home/user/.m2/repository/org/apache/hadoop/hadoop-hdds-container-service/0.5.0-SNAPSHOT/hadoop-hdds-container-service-0.5.0-SNAPSHOT.jar!/webapps/static,UNAVAILABLE}
2019-09-24 22:58:53,014 [main] INFO  handler.ContextHandler (ContextHandler.java:doStop(910)) - Stopped o.e.j.s.ServletContextHandler@3d96fa9e{/logs,file:///workdir/hadoop-ozone/integration-test/target/log,UNAVAILABLE}
2019-09-24 22:58:53,463 [grpc-default-executor-4] WARN  server.GrpcLogAppender (LogUtils.java:warn(134)) - 16bf6e05-f81a-41e5-883a-89e111b126fe@group-ECCDD8E1798D->23c6c9b6-39b4-44f0-84a4-cf624850a9c3-AppendLogResponseHandler: Failed appendEntries: org.apache.ratis.thirdparty.io.grpc.StatusRuntimeException: UNAVAILABLE: io exception
2019-09-24 22:58:53,468 [grpc-default-executor-4] INFO  impl.FollowerInfo (FollowerInfo.java:lambda$new$0(51)) - 16bf6e05-f81a-41e5-883a-89e111b126fe@group-ECCDD8E1798D->23c6c9b6-39b4-44f0-84a4-cf624850a9c3: nextIndex: updateUnconditionally 0 -> 0
2019-09-24 22:58:53,723 [Datanode State Machine Thread - 0] INFO  statemachine.DatanodeStateMachine (DatanodeStateMachine.java:lambda$startDaemon$0(350)) - Ozone container server started.
2019-09-24 22:58:53,923 [Datanode State Machine Thread - 0] INFO  statemachine.DatanodeStateMachine (DatanodeStateMachine.java:lambda$startDaemon$0(350)) - Ozone container server started.
2019-09-24 22:58:53,955 [grpc-default-executor-4] WARN  server.GrpcLogAppender (LogUtils.java:warn(134)) - 16bf6e05-f81a-41e5-883a-89e111b126fe@group-ECCDD8E1798D->23c6c9b6-39b4-44f0-84a4-cf624850a9c3-AppendLogResponseHandler: Failed appendEntries: org.apache.ratis.thirdparty.io.grpc.StatusRuntimeException: UNAVAILABLE: io exception
2019-09-24 22:58:53,958 [grpc-default-executor-4] INFO  impl.FollowerInfo (FollowerInfo.java:lambda$new$0(51)) - 16bf6e05-f81a-41e5-883a-89e111b126fe@group-ECCDD8E1798D->23c6c9b6-39b4-44f0-84a4-cf624850a9c3: nextIndex: updateUnconditionally 0 -> 0
2019-09-24 22:58:54,461 [grpc-default-executor-1] WARN  server.GrpcLogAppender (LogUtils.java:warn(134)) - 16bf6e05-f81a-41e5-883a-89e111b126fe@group-ECCDD8E1798D->23c6c9b6-39b4-44f0-84a4-cf624850a9c3-AppendLogResponseHandler: Failed appendEntries: org.apache.ratis.thirdparty.io.grpc.StatusRuntimeException: UNAVAILABLE: io exception
2019-09-24 22:58:54,464 [grpc-default-executor-1] INFO  impl.FollowerInfo (FollowerInfo.java:lambda$new$0(51)) - 16bf6e05-f81a-41e5-883a-89e111b126fe@group-ECCDD8E1798D->23c6c9b6-39b4-44f0-84a4-cf624850a9c3: nextIndex: updateUnconditionally 0 -> 0
2019-09-24 22:58:54,962 [grpc-default-executor-4] WARN  server.GrpcLogAppender (LogUtils.java:warn(134)) - 16bf6e05-f81a-41e5-883a-89e111b126fe@group-ECCDD8E1798D->23c6c9b6-39b4-44f0-84a4-cf624850a9c3-AppendLogResponseHandler: Failed appendEntries: org.apache.ratis.thirdparty.io.grpc.StatusRuntimeException: UNAVAILABLE: io exception
2019-09-24 22:58:54,965 [grpc-default-executor-4] INFO  impl.FollowerInfo (FollowerInfo.java:lambda$new$0(51)) - 16bf6e05-f81a-41e5-883a-89e111b126fe@group-ECCDD8E1798D->23c6c9b6-39b4-44f0-84a4-cf624850a9c3: nextIndex: updateUnconditionally 0 -> 0
2019-09-24 22:58:55,461 [grpc-default-executor-1] WARN  server.GrpcLogAppender (LogUtils.java:warn(134)) - 16bf6e05-f81a-41e5-883a-89e111b126fe@group-ECCDD8E1798D->23c6c9b6-39b4-44f0-84a4-cf624850a9c3-AppendLogResponseHandler: Failed appendEntries: org.apache.ratis.thirdparty.io.grpc.StatusRuntimeException: UNAVAILABLE: io exception
2019-09-24 22:58:55,464 [grpc-default-executor-1] INFO  impl.FollowerInfo (FollowerInfo.java:lambda$new$0(51)) - 16bf6e05-f81a-41e5-883a-89e111b126fe@group-ECCDD8E1798D->23c6c9b6-39b4-44f0-84a4-cf624850a9c3: nextIndex: updateUnconditionally 0 -> 0
2019-09-24 22:58:55,968 [grpc-default-executor-3] WARN  server.GrpcLogAppender (LogUtils.java:warn(134)) - 16bf6e05-f81a-41e5-883a-89e111b126fe@group-ECCDD8E1798D->23c6c9b6-39b4-44f0-84a4-cf624850a9c3-AppendLogResponseHandler: Failed appendEntries: org.apache.ratis.thirdparty.io.grpc.StatusRuntimeException: UNAVAILABLE: io exception
2019-09-24 22:58:55,971 [grpc-default-executor-3] INFO  impl.FollowerInfo (FollowerInfo.java:lambda$new$0(51)) - 16bf6e05-f81a-41e5-883a-89e111b126fe@group-ECCDD8E1798D->23c6c9b6-39b4-44f0-84a4-cf624850a9c3: nextIndex: updateUnconditionally 0 -> 0
2019-09-24 22:58:56,473 [grpc-default-executor-3] WARN  server.GrpcLogAppender (LogUtils.java:warn(134)) - 16bf6e05-f81a-41e5-883a-89e111b126fe@group-ECCDD8E1798D->23c6c9b6-39b4-44f0-84a4-cf624850a9c3-AppendLogResponseHandler: Failed appendEntries: org.apache.ratis.thirdparty.io.grpc.StatusRuntimeException: UNAVAILABLE: io exception
2019-09-24 22:58:56,476 [grpc-default-executor-3] INFO  impl.FollowerInfo (FollowerInfo.java:lambda$new$0(51)) - 16bf6e05-f81a-41e5-883a-89e111b126fe@group-ECCDD8E1798D->23c6c9b6-39b4-44f0-84a4-cf624850a9c3: nextIndex: updateUnconditionally 0 -> 0
2019-09-24 22:58:56,978 [grpc-default-executor-3] WARN  server.GrpcLogAppender (LogUtils.java:warn(134)) - 16bf6e05-f81a-41e5-883a-89e111b126fe@group-ECCDD8E1798D->23c6c9b6-39b4-44f0-84a4-cf624850a9c3-AppendLogResponseHandler: Failed appendEntries: org.apache.ratis.thirdparty.io.grpc.StatusRuntimeException: UNAVAILABLE: io exception
2019-09-24 22:58:56,981 [grpc-default-executor-3] INFO  impl.FollowerInfo (FollowerInfo.java:lambda$new$0(51)) - 16bf6e05-f81a-41e5-883a-89e111b126fe@group-ECCDD8E1798D->23c6c9b6-39b4-44f0-84a4-cf624850a9c3: nextIndex: updateUnconditionally 0 -> 0
2019-09-24 22:58:57,477 [grpc-default-executor-4] WARN  server.GrpcLogAppender (LogUtils.java:warn(134)) - 16bf6e05-f81a-41e5-883a-89e111b126fe@group-ECCDD8E1798D->23c6c9b6-39b4-44f0-84a4-cf624850a9c3-AppendLogResponseHandler: Failed appendEntries: org.apache.ratis.thirdparty.io.grpc.StatusRuntimeException: UNAVAILABLE: io exception
2019-09-24 22:58:57,480 [grpc-default-executor-4] INFO  impl.FollowerInfo (FollowerInfo.java:lambda$new$0(51)) - 16bf6e05-f81a-41e5-883a-89e111b126fe@group-ECCDD8E1798D->23c6c9b6-39b4-44f0-84a4-cf624850a9c3: nextIndex: updateUnconditionally 0 -> 0
2019-09-24 22:58:57,979 [grpc-default-executor-3] WARN  server.GrpcLogAppender (LogUtils.java:warn(134)) - 16bf6e05-f81a-41e5-883a-89e111b126fe@group-ECCDD8E1798D->23c6c9b6-39b4-44f0-84a4-cf624850a9c3-AppendLogResponseHandler: Failed appendEntries: org.apache.ratis.thirdparty.io.grpc.StatusRuntimeException: UNAVAILABLE: io exception
2019-09-24 22:58:57,982 [grpc-default-executor-3] INFO  impl.FollowerInfo (FollowerInfo.java:lambda$new$0(51)) - 16bf6e05-f81a-41e5-883a-89e111b126fe@group-ECCDD8E1798D->23c6c9b6-39b4-44f0-84a4-cf624850a9c3: nextIndex: updateUnconditionally 0 -> 0
2019-09-24 22:58:58,015 [ForkJoinPool.commonPool-worker-0] INFO  ozoneimpl.OzoneContainer (OzoneContainer.java:stop(231)) - Attempting to stop container services.
2019-09-24 22:58:58,016 [main] INFO  ozoneimpl.OzoneContainer (OzoneContainer.java:stop(231)) - Attempting to stop container services.
2019-09-24 22:58:58,016 [ForkJoinPool.commonPool-worker-0] INFO  impl.RaftServerProxy (RaftServerProxy.java:lambda$close$4(314)) - 1b127d74-8e4f-43fe-9dad-7b769944c181: close
2019-09-24 22:58:58,017 [main] INFO  impl.RaftServerProxy (RaftServerProxy.java:lambda$close$4(314)) - d39139c5-5210-4708-b66c-2240b4ead968: close
2019-09-24 22:58:58,017 [ForkJoinPool.commonPool-worker-0] INFO  impl.RaftServerImpl (RaftServerImpl.java:lambda$shutdown$3(251)) - 1b127d74-8e4f-43fe-9dad-7b769944c181@group-FE8252D5120B: shutdown
2019-09-24 22:58:58,017 [main] INFO  impl.RaftServerImpl (RaftServerImpl.java:lambda$shutdown$3(251)) - d39139c5-5210-4708-b66c-2240b4ead968@group-79E1C23EB3E7: shutdown
2019-09-24 22:58:58,018 [ForkJoinPool.commonPool-worker-0] INFO  util.JmxRegister (JmxRegister.java:unregister(73)) - Successfully un-registered JMX Bean with object name Ratis:service=RaftServer,group=group-FE8252D5120B,id=1b127d74-8e4f-43fe-9dad-7b769944c181
2019-09-24 22:58:58,018 [main] INFO  util.JmxRegister (JmxRegister.java:unregister(73)) - Successfully un-registered JMX Bean with object name Ratis:service=RaftServer,group=group-79E1C23EB3E7,id=d39139c5-5210-4708-b66c-2240b4ead968
2019-09-24 22:58:58,018 [ForkJoinPool.commonPool-worker-0] INFO  impl.RoleInfo (RoleInfo.java:shutdownFollowerState(121)) - 1b127d74-8e4f-43fe-9dad-7b769944c181: shutdown FollowerState
2019-09-24 22:58:58,019 [main] INFO  impl.RoleInfo (RoleInfo.java:shutdownLeaderState(104)) - d39139c5-5210-4708-b66c-2240b4ead968: shutdown LeaderState
2019-09-24 22:58:58,019 [Thread-416] INFO  impl.FollowerState (FollowerState.java:run(115)) - 1b127d74-8e4f-43fe-9dad-7b769944c181: FollowerState was interrupted: java.lang.InterruptedException: sleep interrupted
2019-09-24 22:58:58,019 [ForkJoinPool.commonPool-worker-0] INFO  impl.StateMachineUpdater (StateMachineUpdater.java:stopAndJoin(125)) - 1b127d74-8e4f-43fe-9dad-7b769944c181@group-FE8252D5120B-StateMachineUpdater: set stopIndex = 0
2019-09-24 22:58:58,024 [main] INFO  impl.PendingRequests (PendingRequests.java:sendNotLeaderResponses(202)) - d39139c5-5210-4708-b66c-2240b4ead968-PendingRequests: sendNotLeaderResponses
2019-09-24 22:58:58,024 [ForkJoinPool.commonPool-worker-0] INFO  impl.RaftServerImpl (ServerState.java:close(385)) - 1b127d74-8e4f-43fe-9dad-7b769944c181@group-FE8252D5120B: closes. applyIndex: 0
2019-09-24 22:58:58,024 [main] INFO  impl.StateMachineUpdater (StateMachineUpdater.java:stopAndJoin(125)) - d39139c5-5210-4708-b66c-2240b4ead968@group-79E1C23EB3E7-StateMachineUpdater: set stopIndex = 0
2019-09-24 22:58:58,025 [1b127d74-8e4f-43fe-9dad-7b769944c181@group-FE8252D5120B-SegmentedRaftLogWorker] INFO  segmented.SegmentedRaftLogWorker (SegmentedRaftLogWorker.java:run(313)) - 1b127d74-8e4f-43fe-9dad-7b769944c181@group-FE8252D5120B-SegmentedRaftLogWorker was interrupted, exiting. There are 0 tasks remaining in the queue.
2019-09-24 22:58:58,025 [main] INFO  impl.RaftServerImpl (ServerState.java:close(385)) - d39139c5-5210-4708-b66c-2240b4ead968@group-79E1C23EB3E7: closes. applyIndex: 0
2019-09-24 22:58:58,028 [ForkJoinPool.commonPool-worker-0] INFO  segmented.SegmentedRaftLogWorker (SegmentedRaftLogWorker.java:close(228)) - 1b127d74-8e4f-43fe-9dad-7b769944c181@group-FE8252D5120B-SegmentedRaftLogWorker close()
2019-09-24 22:58:58,029 [d39139c5-5210-4708-b66c-2240b4ead968@group-79E1C23EB3E7-SegmentedRaftLogWorker] INFO  segmented.SegmentedRaftLogWorker (SegmentedRaftLogWorker.java:run(313)) - d39139c5-5210-4708-b66c-2240b4ead968@group-79E1C23EB3E7-SegmentedRaftLogWorker was interrupted, exiting. There are 0 tasks remaining in the queue.
2019-09-24 22:58:58,033 [ForkJoinPool.commonPool-worker-0] INFO  impl.RaftServerImpl (RaftServerImpl.java:lambda$shutdown$3(251)) - 1b127d74-8e4f-43fe-9dad-7b769944c181@group-C6698913E4C8: shutdown
2019-09-24 22:58:58,036 [ForkJoinPool.commonPool-worker-0] INFO  util.JmxRegister (JmxRegister.java:unregister(73)) - Successfully un-registered JMX Bean with object name Ratis:service=RaftServer,group=group-C6698913E4C8,id=1b127d74-8e4f-43fe-9dad-7b769944c181
2019-09-24 22:58:58,036 [ForkJoinPool.commonPool-worker-0] INFO  impl.RoleInfo (RoleInfo.java:shutdownLeaderState(104)) - 1b127d74-8e4f-43fe-9dad-7b769944c181: shutdown LeaderState
2019-09-24 22:58:58,036 [ForkJoinPool.commonPool-worker-0] INFO  impl.PendingRequests (PendingRequests.java:sendNotLeaderResponses(202)) - 1b127d74-8e4f-43fe-9dad-7b769944c181-PendingRequests: sendNotLeaderResponses
2019-09-24 22:58:58,037 [ForkJoinPool.commonPool-worker-0] INFO  impl.StateMachineUpdater (StateMachineUpdater.java:stopAndJoin(125)) - 1b127d74-8e4f-43fe-9dad-7b769944c181@group-C6698913E4C8-StateMachineUpdater: set stopIndex = 0
2019-09-24 22:58:58,037 [ForkJoinPool.commonPool-worker-0] INFO  impl.RaftServerImpl (ServerState.java:close(385)) - 1b127d74-8e4f-43fe-9dad-7b769944c181@group-C6698913E4C8: closes. applyIndex: 0
2019-09-24 22:58:58,038 [1b127d74-8e4f-43fe-9dad-7b769944c181@group-C6698913E4C8-SegmentedRaftLogWorker] INFO  segmented.SegmentedRaftLogWorker (SegmentedRaftLogWorker.java:run(313)) - 1b127d74-8e4f-43fe-9dad-7b769944c181@group-C6698913E4C8-SegmentedRaftLogWorker was interrupted, exiting. There are 0 tasks remaining in the queue.
2019-09-24 22:58:58,040 [main] INFO  segmented.SegmentedRaftLogWorker (SegmentedRaftLogWorker.java:close(228)) - d39139c5-5210-4708-b66c-2240b4ead968@group-79E1C23EB3E7-SegmentedRaftLogWorker close()
2019-09-24 22:58:58,040 [ForkJoinPool.commonPool-worker-0] INFO  segmented.SegmentedRaftLogWorker (SegmentedRaftLogWorker.java:close(228)) - 1b127d74-8e4f-43fe-9dad-7b769944c181@group-C6698913E4C8-SegmentedRaftLogWorker close()
2019-09-24 22:58:58,045 [main] INFO  impl.RaftServerImpl (RaftServerImpl.java:lambda$shutdown$3(251)) - d39139c5-5210-4708-b66c-2240b4ead968@group-AD4279E7EEBD: shutdown
2019-09-24 22:58:58,049 [ForkJoinPool.commonPool-worker-0] INFO  server.GrpcService (GrpcService.java:closeImpl(164)) - 1b127d74-8e4f-43fe-9dad-7b769944c181: shutdown server with port 33728 now
2019-09-24 22:58:58,050 [main] INFO  util.JmxRegister (JmxRegister.java:unregister(73)) - Successfully un-registered JMX Bean with object name Ratis:service=RaftServer,group=group-AD4279E7EEBD,id=d39139c5-5210-4708-b66c-2240b4ead968
2019-09-24 22:58:58,055 [main] INFO  impl.RoleInfo (RoleInfo.java:shutdownFollowerState(121)) - d39139c5-5210-4708-b66c-2240b4ead968: shutdown FollowerState
2019-09-24 22:58:58,055 [main] INFO  impl.StateMachineUpdater (StateMachineUpdater.java:stopAndJoin(125)) - d39139c5-5210-4708-b66c-2240b4ead968@group-AD4279E7EEBD-StateMachineUpdater: set stopIndex = 0
2019-09-24 22:58:58,055 [Thread-383] INFO  impl.FollowerState (FollowerState.java:run(115)) - d39139c5-5210-4708-b66c-2240b4ead968: FollowerState was interrupted: java.lang.InterruptedException: sleep interrupted
2019-09-24 22:58:58,056 [main] INFO  impl.RaftServerImpl (ServerState.java:close(385)) - d39139c5-5210-4708-b66c-2240b4ead968@group-AD4279E7EEBD: closes. applyIndex: 0
2019-09-24 22:58:58,058 [grpc-default-executor-4] WARN  server.GrpcServerProtocolService (LogUtils.java:warn(134)) - 1b127d74-8e4f-43fe-9dad-7b769944c181: installSnapshot onError, lastRequest: 950aebb1-966b-4a76-ae1c-f15b3e34cc28->1b127d74-8e4f-43fe-9dad-7b769944c181#234-t2, previous=(t:2, i:0), leaderCommit=0, initializing? false, entries: <empty>: org.apache.ratis.thirdparty.io.grpc.StatusRuntimeException: CANCELLED: cancelled before receiving half close
2019-09-24 22:58:58,061 [ForkJoinPool.commonPool-worker-0] INFO  server.GrpcService (GrpcService.java:closeImpl(172)) - 1b127d74-8e4f-43fe-9dad-7b769944c181: shutdown server with port 33728 successfully
2019-09-24 22:58:58,066 [grpc-default-executor-5] WARN  server.GrpcLogAppender (LogUtils.java:warn(134)) - 950aebb1-966b-4a76-ae1c-f15b3e34cc28@group-FE8252D5120B->1b127d74-8e4f-43fe-9dad-7b769944c181-AppendLogResponseHandler: Failed appendEntries: org.apache.ratis.thirdparty.io.grpc.StatusRuntimeException: CANCELLED: HTTP/2 error code: CANCEL
Received Rst Stream
2019-09-24 22:58:58,065 [d39139c5-5210-4708-b66c-2240b4ead968@group-AD4279E7EEBD-SegmentedRaftLogWorker] INFO  segmented.SegmentedRaftLogWorker (SegmentedRaftLogWorker.java:run(313)) - d39139c5-5210-4708-b66c-2240b4ead968@group-AD4279E7EEBD-SegmentedRaftLogWorker was interrupted, exiting. There are 0 tasks remaining in the queue.
2019-09-24 22:58:58,068 [grpc-default-executor-5] INFO  impl.FollowerInfo (FollowerInfo.java:lambda$new$0(51)) - 950aebb1-966b-4a76-ae1c-f15b3e34cc28@group-FE8252D5120B->1b127d74-8e4f-43fe-9dad-7b769944c181: nextIndex: updateUnconditionally 1 -> 0
2019-09-24 22:58:58,071 [main] INFO  segmented.SegmentedRaftLogWorker (SegmentedRaftLogWorker.java:close(228)) - d39139c5-5210-4708-b66c-2240b4ead968@group-AD4279E7EEBD-SegmentedRaftLogWorker close()
2019-09-24 22:58:58,078 [main] INFO  server.GrpcService (GrpcService.java:closeImpl(164)) - d39139c5-5210-4708-b66c-2240b4ead968: shutdown server with port 40063 now
2019-09-24 22:58:58,083 [refreshUsed-/workdir/hadoop-ozone/integration-test/target/test-dir/MiniOzoneClusterImpl-5f7a597a-7e5e-4415-9205-5cad3600d18e/datanode-3/data/containers] WARN  fs.CachingGetSpaceUsed (CachingGetSpaceUsed.java:run(183)) - Thread Interrupted waiting to refresh disk information: sleep interrupted
2019-09-24 22:58:58,083 [grpc-default-executor-5] WARN  server.GrpcServerProtocolService (LogUtils.java:warn(134)) - d39139c5-5210-4708-b66c-2240b4ead968: installSnapshot onError, lastRequest: dbd80091-9753-44ad-af4d-a1b4cb46f81c->d39139c5-5210-4708-b66c-2240b4ead968#236-t1, previous=(t:1, i:0), leaderCommit=0, initializing? false, entries: <empty>: org.apache.ratis.thirdparty.io.grpc.StatusRuntimeException: CANCELLED: cancelled before receiving half close
2019-09-24 22:58:58,083 [main] INFO  server.GrpcService (GrpcService.java:closeImpl(172)) - d39139c5-5210-4708-b66c-2240b4ead968: shutdown server with port 40063 successfully
2019-09-24 22:58:58,083 [grpc-default-executor-3] WARN  server.GrpcLogAppender (LogUtils.java:warn(134)) - dbd80091-9753-44ad-af4d-a1b4cb46f81c@group-AD4279E7EEBD->d39139c5-5210-4708-b66c-2240b4ead968-AppendLogResponseHandler: Failed appendEntries: org.apache.ratis.thirdparty.io.grpc.StatusRuntimeException: CANCELLED: HTTP/2 error code: CANCEL
Received Rst Stream
2019-09-24 22:58:58,089 [grpc-default-executor-3] INFO  impl.FollowerInfo (FollowerInfo.java:lambda$new$0(51)) - dbd80091-9753-44ad-af4d-a1b4cb46f81c@group-AD4279E7EEBD->d39139c5-5210-4708-b66c-2240b4ead968: nextIndex: updateUnconditionally 1 -> 0
2019-09-24 22:58:58,102 [refreshUsed-/workdir/hadoop-ozone/integration-test/target/test-dir/MiniOzoneClusterImpl-5f7a597a-7e5e-4415-9205-5cad3600d18e/datanode-6/data/containers] WARN  fs.CachingGetSpaceUsed (CachingGetSpaceUsed.java:run(183)) - Thread Interrupted waiting to refresh disk information: sleep interrupted
2019-09-24 22:58:58,110 [ForkJoinPool.commonPool-worker-0] INFO  utils.BackgroundService (BackgroundService.java:shutdown(148)) - Shutting down service BlockDeletingService
2019-09-24 22:58:58,116 [ForkJoinPool.commonPool-worker-0] INFO  statemachine.DatanodeStateMachine (DatanodeStateMachine.java:stopDaemon(395)) - Ozone container server stopped.
2019-09-24 22:58:58,128 [main] INFO  utils.BackgroundService (BackgroundService.java:shutdown(148)) - Shutting down service BlockDeletingService
2019-09-24 22:58:58,134 [main] INFO  statemachine.DatanodeStateMachine (DatanodeStateMachine.java:stopDaemon(395)) - Ozone container server stopped.
2019-09-24 22:58:58,135 [ForkJoinPool.commonPool-worker-0] INFO  handler.ContextHandler (ContextHandler.java:doStop(910)) - Stopped o.e.j.w.WebAppContext@1859e2a4{/,null,UNAVAILABLE}{/hddsDatanode}
2019-09-24 22:58:58,136 [ForkJoinPool.commonPool-worker-0] INFO  server.AbstractConnector (AbstractConnector.java:doStop(318)) - Stopped ServerConnector@46349b95{HTTP/1.1,[http/1.1]}{0.0.0.0:0}
2019-09-24 22:58:58,136 [main] INFO  handler.ContextHandler (ContextHandler.java:doStop(910)) - Stopped o.e.j.w.WebAppContext@7544ac86{/,null,UNAVAILABLE}{/hddsDatanode}
2019-09-24 22:58:58,137 [ForkJoinPool.commonPool-worker-0] INFO  handler.ContextHandler (ContextHandler.java:doStop(910)) - Stopped o.e.j.s.ServletContextHandler@3d4e405e{/static,jar:file:/home/user/.m2/repository/org/apache/hadoop/hadoop-hdds-container-service/0.5.0-SNAPSHOT/hadoop-hdds-container-service-0.5.0-SNAPSHOT.jar!/webapps/static,UNAVAILABLE}
2019-09-24 22:58:58,139 [ForkJoinPool.commonPool-worker-0] INFO  handler.ContextHandler (ContextHandler.java:doStop(910)) - Stopped o.e.j.s.ServletContextHandler@5634d0f4{/logs,file:///workdir/hadoop-ozone/integration-test/target/log,UNAVAILABLE}
2019-09-24 22:58:58,139 [main] INFO  server.AbstractConnector (AbstractConnector.java:doStop(318)) - Stopped ServerConnector@3b27b497{HTTP/1.1,[http/1.1]}{0.0.0.0:0}
2019-09-24 22:58:58,140 [main] INFO  handler.ContextHandler (ContextHandler.java:doStop(910)) - Stopped o.e.j.s.ServletContextHandler@3240b2a4{/static,jar:file:/home/user/.m2/repository/org/apache/hadoop/hadoop-hdds-container-service/0.5.0-SNAPSHOT/hadoop-hdds-container-service-0.5.0-SNAPSHOT.jar!/webapps/static,UNAVAILABLE}
2019-09-24 22:58:58,140 [main] INFO  handler.ContextHandler (ContextHandler.java:doStop(910)) - Stopped o.e.j.s.ServletContextHandler@3dd31157{/logs,file:///workdir/hadoop-ozone/integration-test/target/log,UNAVAILABLE}
2019-09-24 22:58:58,188 [grpc-default-executor-1] WARN  server.GrpcLogAppender (LogUtils.java:warn(134)) - dbd80091-9753-44ad-af4d-a1b4cb46f81c@group-AD4279E7EEBD->d39139c5-5210-4708-b66c-2240b4ead968-AppendLogResponseHandler: Failed appendEntries: org.apache.ratis.thirdparty.io.grpc.StatusRuntimeException: UNAVAILABLE: io exception
2019-09-24 22:58:58,189 [grpc-default-executor-0] WARN  server.GrpcLogAppender (LogUtils.java:warn(134)) - 950aebb1-966b-4a76-ae1c-f15b3e34cc28@group-FE8252D5120B->1b127d74-8e4f-43fe-9dad-7b769944c181-AppendLogResponseHandler: Failed appendEntries: org.apache.ratis.thirdparty.io.grpc.StatusRuntimeException: UNAVAILABLE: io exception
2019-09-24 22:58:58,191 [grpc-default-executor-1] INFO  impl.FollowerInfo (FollowerInfo.java:lambda$new$0(51)) - dbd80091-9753-44ad-af4d-a1b4cb46f81c@group-AD4279E7EEBD->d39139c5-5210-4708-b66c-2240b4ead968: nextIndex: updateUnconditionally 0 -> 0
2019-09-24 22:58:58,193 [grpc-default-executor-0] INFO  impl.FollowerInfo (FollowerInfo.java:lambda$new$0(51)) - 950aebb1-966b-4a76-ae1c-f15b3e34cc28@group-FE8252D5120B->1b127d74-8e4f-43fe-9dad-7b769944c181: nextIndex: updateUnconditionally 0 -> 0
2019-09-24 22:58:58,479 [grpc-default-executor-2] WARN  server.GrpcLogAppender (LogUtils.java:warn(134)) - 16bf6e05-f81a-41e5-883a-89e111b126fe@group-ECCDD8E1798D->23c6c9b6-39b4-44f0-84a4-cf624850a9c3-AppendLogResponseHandler: Failed appendEntries: org.apache.ratis.thirdparty.io.grpc.StatusRuntimeException: UNAVAILABLE: io exception
2019-09-24 22:58:58,497 [grpc-default-executor-2] INFO  impl.FollowerInfo (FollowerInfo.java:lambda$new$0(51)) - 16bf6e05-f81a-41e5-883a-89e111b126fe@group-ECCDD8E1798D->23c6c9b6-39b4-44f0-84a4-cf624850a9c3: nextIndex: updateUnconditionally 0 -> 0
2019-09-24 22:58:58,687 [grpc-default-executor-1] WARN  server.GrpcLogAppender (LogUtils.java:warn(134)) - dbd80091-9753-44ad-af4d-a1b4cb46f81c@group-AD4279E7EEBD->d39139c5-5210-4708-b66c-2240b4ead968-AppendLogResponseHandler: Failed appendEntries: org.apache.ratis.thirdparty.io.grpc.StatusRuntimeException: UNAVAILABLE: io exception
2019-09-24 22:58:58,689 [grpc-default-executor-1] INFO  impl.FollowerInfo (FollowerInfo.java:lambda$new$0(51)) - dbd80091-9753-44ad-af4d-a1b4cb46f81c@group-AD4279E7EEBD->d39139c5-5210-4708-b66c-2240b4ead968: nextIndex: updateUnconditionally 0 -> 0
2019-09-24 22:58:58,693 [grpc-default-executor-0] WARN  server.GrpcLogAppender (LogUtils.java:warn(134)) - 950aebb1-966b-4a76-ae1c-f15b3e34cc28@group-FE8252D5120B->1b127d74-8e4f-43fe-9dad-7b769944c181-AppendLogResponseHandler: Failed appendEntries: org.apache.ratis.thirdparty.io.grpc.StatusRuntimeException: UNAVAILABLE: io exception
2019-09-24 22:58:58,696 [grpc-default-executor-0] INFO  impl.FollowerInfo (FollowerInfo.java:lambda$new$0(51)) - 950aebb1-966b-4a76-ae1c-f15b3e34cc28@group-FE8252D5120B->1b127d74-8e4f-43fe-9dad-7b769944c181: nextIndex: updateUnconditionally 0 -> 0
2019-09-24 22:58:58,812 [Datanode State Machine Thread - 0] INFO  statemachine.DatanodeStateMachine (DatanodeStateMachine.java:lambda$startDaemon$0(350)) - Ozone container server started.
2019-09-24 22:58:58,980 [grpc-default-executor-2] WARN  server.GrpcLogAppender (LogUtils.java:warn(134)) - 16bf6e05-f81a-41e5-883a-89e111b126fe@group-ECCDD8E1798D->23c6c9b6-39b4-44f0-84a4-cf624850a9c3-AppendLogResponseHandler: Failed appendEntries: org.apache.ratis.thirdparty.io.grpc.StatusRuntimeException: UNAVAILABLE: io exception
2019-09-24 22:58:58,983 [grpc-default-executor-2] INFO  impl.FollowerInfo (FollowerInfo.java:lambda$new$0(51)) - 16bf6e05-f81a-41e5-883a-89e111b126fe@group-ECCDD8E1798D->23c6c9b6-39b4-44f0-84a4-cf624850a9c3: nextIndex: updateUnconditionally 0 -> 0
2019-09-24 22:58:59,060 [Datanode State Machine Thread - 0] INFO  statemachine.DatanodeStateMachine (DatanodeStateMachine.java:lambda$startDaemon$0(350)) - Ozone container server started.
2019-09-24 22:58:59,203 [grpc-default-executor-1] WARN  server.GrpcLogAppender (LogUtils.java:warn(134)) - dbd80091-9753-44ad-af4d-a1b4cb46f81c@group-AD4279E7EEBD->d39139c5-5210-4708-b66c-2240b4ead968-AppendLogResponseHandler: Failed appendEntries: org.apache.ratis.thirdparty.io.grpc.StatusRuntimeException: UNAVAILABLE: io exception
2019-09-24 22:58:59,203 [grpc-default-executor-5] WARN  server.GrpcLogAppender (LogUtils.java:warn(134)) - 950aebb1-966b-4a76-ae1c-f15b3e34cc28@group-FE8252D5120B->1b127d74-8e4f-43fe-9dad-7b769944c181-AppendLogResponseHandler: Failed appendEntries: org.apache.ratis.thirdparty.io.grpc.StatusRuntimeException: UNAVAILABLE: io exception
2019-09-24 22:58:59,208 [grpc-default-executor-5] INFO  impl.FollowerInfo (FollowerInfo.java:lambda$new$0(51)) - 950aebb1-966b-4a76-ae1c-f15b3e34cc28@group-FE8252D5120B->1b127d74-8e4f-43fe-9dad-7b769944c181: nextIndex: updateUnconditionally 0 -> 0
2019-09-24 22:58:59,208 [grpc-default-executor-1] INFO  impl.FollowerInfo (FollowerInfo.java:lambda$new$0(51)) - dbd80091-9753-44ad-af4d-a1b4cb46f81c@group-AD4279E7EEBD->d39139c5-5210-4708-b66c-2240b4ead968: nextIndex: updateUnconditionally 0 -> 0
2019-09-24 22:58:59,491 [grpc-default-executor-2] WARN  server.GrpcLogAppender (LogUtils.java:warn(134)) - 16bf6e05-f81a-41e5-883a-89e111b126fe@group-ECCDD8E1798D->23c6c9b6-39b4-44f0-84a4-cf624850a9c3-AppendLogResponseHandler: Failed appendEntries: org.apache.ratis.thirdparty.io.grpc.StatusRuntimeException: UNAVAILABLE: io exception
2019-09-24 22:58:59,493 [grpc-default-executor-2] INFO  impl.FollowerInfo (FollowerInfo.java:lambda$new$0(51)) - 16bf6e05-f81a-41e5-883a-89e111b126fe@group-ECCDD8E1798D->23c6c9b6-39b4-44f0-84a4-cf624850a9c3: nextIndex: updateUnconditionally 0 -> 0
2019-09-24 22:58:59,698 [grpc-default-executor-1] WARN  server.GrpcLogAppender (LogUtils.java:warn(134)) - dbd80091-9753-44ad-af4d-a1b4cb46f81c@group-AD4279E7EEBD->d39139c5-5210-4708-b66c-2240b4ead968-AppendLogResponseHandler: Failed appendEntries: org.apache.ratis.thirdparty.io.grpc.StatusRuntimeException: UNAVAILABLE: io exception
2019-09-24 22:58:59,703 [grpc-default-executor-1] INFO  impl.FollowerInfo (FollowerInfo.java:lambda$new$0(51)) - dbd80091-9753-44ad-af4d-a1b4cb46f81c@group-AD4279E7EEBD->d39139c5-5210-4708-b66c-2240b4ead968: nextIndex: updateUnconditionally 0 -> 0
2019-09-24 22:58:59,704 [grpc-default-executor-2] WARN  server.GrpcLogAppender (LogUtils.java:warn(134)) - 950aebb1-966b-4a76-ae1c-f15b3e34cc28@group-FE8252D5120B->1b127d74-8e4f-43fe-9dad-7b769944c181-AppendLogResponseHandler: Failed appendEntries: org.apache.ratis.thirdparty.io.grpc.StatusRuntimeException: UNAVAILABLE: io exception
2019-09-24 22:58:59,707 [grpc-default-executor-2] INFO  impl.FollowerInfo (FollowerInfo.java:lambda$new$0(51)) - 950aebb1-966b-4a76-ae1c-f15b3e34cc28@group-FE8252D5120B->1b127d74-8e4f-43fe-9dad-7b769944c181: nextIndex: updateUnconditionally 0 -> 0
2019-09-24 22:58:59,983 [grpc-default-executor-5] WARN  server.GrpcLogAppender (LogUtils.java:warn(134)) - 16bf6e05-f81a-41e5-883a-89e111b126fe@group-ECCDD8E1798D->23c6c9b6-39b4-44f0-84a4-cf624850a9c3-AppendLogResponseHandler: Failed appendEntries: org.apache.ratis.thirdparty.io.grpc.StatusRuntimeException: UNAVAILABLE: io exception
2019-09-24 22:58:59,985 [grpc-default-executor-5] INFO  impl.FollowerInfo (FollowerInfo.java:lambda$new$0(51)) - 16bf6e05-f81a-41e5-883a-89e111b126fe@group-ECCDD8E1798D->23c6c9b6-39b4-44f0-84a4-cf624850a9c3: nextIndex: updateUnconditionally 0 -> 0
2019-09-24 22:59:00,189 [grpc-default-executor-2] WARN  server.GrpcLogAppender (LogUtils.java:warn(134)) - dbd80091-9753-44ad-af4d-a1b4cb46f81c@group-AD4279E7EEBD->d39139c5-5210-4708-b66c-2240b4ead968-AppendLogResponseHandler: Failed appendEntries: org.apache.ratis.thirdparty.io.grpc.StatusRuntimeException: UNAVAILABLE: io exception
2019-09-24 22:59:00,192 [grpc-default-executor-2] INFO  impl.FollowerInfo (FollowerInfo.java:lambda$new$0(51)) - dbd80091-9753-44ad-af4d-a1b4cb46f81c@group-AD4279E7EEBD->d39139c5-5210-4708-b66c-2240b4ead968: nextIndex: updateUnconditionally 0 -> 0
2019-09-24 22:59:00,203 [grpc-default-executor-1] WARN  server.GrpcLogAppender (LogUtils.java:warn(134)) - 950aebb1-966b-4a76-ae1c-f15b3e34cc28@group-FE8252D5120B->1b127d74-8e4f-43fe-9dad-7b769944c181-AppendLogResponseHandler: Failed appendEntries: org.apache.ratis.thirdparty.io.grpc.StatusRuntimeException: UNAVAILABLE: io exception
2019-09-24 22:59:00,205 [grpc-default-executor-1] INFO  impl.FollowerInfo (FollowerInfo.java:lambda$new$0(51)) - 950aebb1-966b-4a76-ae1c-f15b3e34cc28@group-FE8252D5120B->1b127d74-8e4f-43fe-9dad-7b769944c181: nextIndex: updateUnconditionally 0 -> 0
2019-09-24 22:59:00,486 [grpc-default-executor-5] WARN  server.GrpcLogAppender (LogUtils.java:warn(134)) - 16bf6e05-f81a-41e5-883a-89e111b126fe@group-ECCDD8E1798D->23c6c9b6-39b4-44f0-84a4-cf624850a9c3-AppendLogResponseHandler: Failed appendEntries: org.apache.ratis.thirdparty.io.grpc.StatusRuntimeException: UNAVAILABLE: io exception
2019-09-24 22:59:00,489 [grpc-default-executor-5] INFO  impl.FollowerInfo (FollowerInfo.java:lambda$new$0(51)) - 16bf6e05-f81a-41e5-883a-89e111b126fe@group-ECCDD8E1798D->23c6c9b6-39b4-44f0-84a4-cf624850a9c3: nextIndex: updateUnconditionally 0 -> 0
2019-09-24 22:59:00,690 [grpc-default-executor-2] WARN  server.GrpcLogAppender (LogUtils.java:warn(134)) - dbd80091-9753-44ad-af4d-a1b4cb46f81c@group-AD4279E7EEBD->d39139c5-5210-4708-b66c-2240b4ead968-AppendLogResponseHandler: Failed appendEntries: org.apache.ratis.thirdparty.io.grpc.StatusRuntimeException: UNAVAILABLE: io exception
2019-09-24 22:59:00,693 [grpc-default-executor-2] INFO  impl.FollowerInfo (FollowerInfo.java:lambda$new$0(51)) - dbd80091-9753-44ad-af4d-a1b4cb46f81c@group-AD4279E7EEBD->d39139c5-5210-4708-b66c-2240b4ead968: nextIndex: updateUnconditionally 0 -> 0
2019-09-24 22:59:00,707 [grpc-default-executor-1] WARN  server.GrpcLogAppender (LogUtils.java:warn(134)) - 950aebb1-966b-4a76-ae1c-f15b3e34cc28@group-FE8252D5120B->1b127d74-8e4f-43fe-9dad-7b769944c181-AppendLogResponseHandler: Failed appendEntries: org.apache.ratis.thirdparty.io.grpc.StatusRuntimeException: UNAVAILABLE: io exception
2019-09-24 22:59:00,709 [grpc-default-executor-1] INFO  impl.FollowerInfo (FollowerInfo.java:lambda$new$0(51)) - 950aebb1-966b-4a76-ae1c-f15b3e34cc28@group-FE8252D5120B->1b127d74-8e4f-43fe-9dad-7b769944c181: nextIndex: updateUnconditionally 0 -> 0
2019-09-24 22:59:00,986 [grpc-default-executor-5] WARN  server.GrpcLogAppender (LogUtils.java:warn(134)) - 16bf6e05-f81a-41e5-883a-89e111b126fe@group-ECCDD8E1798D->23c6c9b6-39b4-44f0-84a4-cf624850a9c3-AppendLogResponseHandler: Failed appendEntries: org.apache.ratis.thirdparty.io.grpc.StatusRuntimeException: UNAVAILABLE: io exception
2019-09-24 22:59:00,988 [grpc-default-executor-5] INFO  impl.FollowerInfo (FollowerInfo.java:lambda$new$0(51)) - 16bf6e05-f81a-41e5-883a-89e111b126fe@group-ECCDD8E1798D->23c6c9b6-39b4-44f0-84a4-cf624850a9c3: nextIndex: updateUnconditionally 0 -> 0
2019-09-24 22:59:01,191 [grpc-default-executor-1] WARN  server.GrpcLogAppender (LogUtils.java:warn(134)) - dbd80091-9753-44ad-af4d-a1b4cb46f81c@group-AD4279E7EEBD->d39139c5-5210-4708-b66c-2240b4ead968-AppendLogResponseHandler: Failed appendEntries: org.apache.ratis.thirdparty.io.grpc.StatusRuntimeException: UNAVAILABLE: io exception
2019-09-24 22:59:01,193 [grpc-default-executor-1] INFO  impl.FollowerInfo (FollowerInfo.java:lambda$new$0(51)) - dbd80091-9753-44ad-af4d-a1b4cb46f81c@group-AD4279E7EEBD->d39139c5-5210-4708-b66c-2240b4ead968: nextIndex: updateUnconditionally 0 -> 0
2019-09-24 22:59:01,205 [grpc-default-executor-2] WARN  server.GrpcLogAppender (LogUtils.java:warn(134)) - 950aebb1-966b-4a76-ae1c-f15b3e34cc28@group-FE8252D5120B->1b127d74-8e4f-43fe-9dad-7b769944c181-AppendLogResponseHandler: Failed appendEntries: org.apache.ratis.thirdparty.io.grpc.StatusRuntimeException: UNAVAILABLE: io exception
2019-09-24 22:59:01,207 [grpc-default-executor-2] INFO  impl.FollowerInfo (FollowerInfo.java:lambda$new$0(51)) - 950aebb1-966b-4a76-ae1c-f15b3e34cc28@group-FE8252D5120B->1b127d74-8e4f-43fe-9dad-7b769944c181: nextIndex: updateUnconditionally 0 -> 0
2019-09-24 22:59:01,487 [grpc-default-executor-5] WARN  server.GrpcLogAppender (LogUtils.java:warn(134)) - 16bf6e05-f81a-41e5-883a-89e111b126fe@group-ECCDD8E1798D->23c6c9b6-39b4-44f0-84a4-cf624850a9c3-AppendLogResponseHandler: Failed appendEntries: org.apache.ratis.thirdparty.io.grpc.StatusRuntimeException: UNAVAILABLE: io exception
2019-09-24 22:59:01,489 [grpc-default-executor-5] INFO  impl.FollowerInfo (FollowerInfo.java:lambda$new$0(51)) - 16bf6e05-f81a-41e5-883a-89e111b126fe@group-ECCDD8E1798D->23c6c9b6-39b4-44f0-84a4-cf624850a9c3: nextIndex: updateUnconditionally 0 -> 0
2019-09-24 22:59:01,693 [grpc-default-executor-2] WARN  server.GrpcLogAppender (LogUtils.java:warn(134)) - dbd80091-9753-44ad-af4d-a1b4cb46f81c@group-AD4279E7EEBD->d39139c5-5210-4708-b66c-2240b4ead968-AppendLogResponseHandler: Failed appendEntries: org.apache.ratis.thirdparty.io.grpc.StatusRuntimeException: UNAVAILABLE: io exception
2019-09-24 22:59:01,695 [grpc-default-executor-2] INFO  impl.FollowerInfo (FollowerInfo.java:lambda$new$0(51)) - dbd80091-9753-44ad-af4d-a1b4cb46f81c@group-AD4279E7EEBD->d39139c5-5210-4708-b66c-2240b4ead968: nextIndex: updateUnconditionally 0 -> 0
2019-09-24 22:59:01,706 [grpc-default-executor-1] WARN  server.GrpcLogAppender (LogUtils.java:warn(134)) - 950aebb1-966b-4a76-ae1c-f15b3e34cc28@group-FE8252D5120B->1b127d74-8e4f-43fe-9dad-7b769944c181-AppendLogResponseHandler: Failed appendEntries: org.apache.ratis.thirdparty.io.grpc.StatusRuntimeException: UNAVAILABLE: io exception
2019-09-24 22:59:01,716 [grpc-default-executor-1] INFO  impl.FollowerInfo (FollowerInfo.java:lambda$new$0(51)) - 950aebb1-966b-4a76-ae1c-f15b3e34cc28@group-FE8252D5120B->1b127d74-8e4f-43fe-9dad-7b769944c181: nextIndex: updateUnconditionally 0 -> 0
2019-09-24 22:59:01,990 [grpc-default-executor-0] WARN  server.GrpcLogAppender (LogUtils.java:warn(134)) - 16bf6e05-f81a-41e5-883a-89e111b126fe@group-ECCDD8E1798D->23c6c9b6-39b4-44f0-84a4-cf624850a9c3-AppendLogResponseHandler: Failed appendEntries: org.apache.ratis.thirdparty.io.grpc.StatusRuntimeException: UNAVAILABLE: io exception
2019-09-24 22:59:01,991 [grpc-default-executor-0] INFO  impl.FollowerInfo (FollowerInfo.java:lambda$new$0(51)) - 16bf6e05-f81a-41e5-883a-89e111b126fe@group-ECCDD8E1798D->23c6c9b6-39b4-44f0-84a4-cf624850a9c3: nextIndex: updateUnconditionally 0 -> 0
2019-09-24 22:59:02,193 [grpc-default-executor-5] WARN  server.GrpcLogAppender (LogUtils.java:warn(134)) - dbd80091-9753-44ad-af4d-a1b4cb46f81c@group-AD4279E7EEBD->d39139c5-5210-4708-b66c-2240b4ead968-AppendLogResponseHandler: Failed appendEntries: org.apache.ratis.thirdparty.io.grpc.StatusRuntimeException: UNAVAILABLE: io exception
2019-09-24 22:59:02,194 [grpc-default-executor-5] INFO  impl.FollowerInfo (FollowerInfo.java:lambda$new$0(51)) - dbd80091-9753-44ad-af4d-a1b4cb46f81c@group-AD4279E7EEBD->d39139c5-5210-4708-b66c-2240b4ead968: nextIndex: updateUnconditionally 0 -> 0
2019-09-24 22:59:02,207 [grpc-default-executor-2] WARN  server.GrpcLogAppender (LogUtils.java:warn(134)) - 950aebb1-966b-4a76-ae1c-f15b3e34cc28@group-FE8252D5120B->1b127d74-8e4f-43fe-9dad-7b769944c181-AppendLogResponseHandler: Failed appendEntries: org.apache.ratis.thirdparty.io.grpc.StatusRuntimeException: UNAVAILABLE: io exception
2019-09-24 22:59:02,207 [grpc-default-executor-2] INFO  impl.FollowerInfo (FollowerInfo.java:lambda$new$0(51)) - 950aebb1-966b-4a76-ae1c-f15b3e34cc28@group-FE8252D5120B->1b127d74-8e4f-43fe-9dad-7b769944c181: nextIndex: updateUnconditionally 0 -> 0
2019-09-24 22:59:02,490 [grpc-default-executor-2] WARN  server.GrpcLogAppender (LogUtils.java:warn(134)) - 16bf6e05-f81a-41e5-883a-89e111b126fe@group-ECCDD8E1798D->23c6c9b6-39b4-44f0-84a4-cf624850a9c3-AppendLogResponseHandler: Failed appendEntries: org.apache.ratis.thirdparty.io.grpc.StatusRuntimeException: UNAVAILABLE: io exception
2019-09-24 22:59:02,490 [grpc-default-executor-2] INFO  impl.FollowerInfo (FollowerInfo.java:lambda$new$0(51)) - 16bf6e05-f81a-41e5-883a-89e111b126fe@group-ECCDD8E1798D->23c6c9b6-39b4-44f0-84a4-cf624850a9c3: nextIndex: updateUnconditionally 0 -> 0
2019-09-24 22:59:02,709 [grpc-default-executor-5] WARN  server.GrpcLogAppender (LogUtils.java:warn(134)) - dbd80091-9753-44ad-af4d-a1b4cb46f81c@group-AD4279E7EEBD->d39139c5-5210-4708-b66c-2240b4ead968-AppendLogResponseHandler: Failed appendEntries: org.apache.ratis.thirdparty.io.grpc.StatusRuntimeException: UNAVAILABLE: io exception
2019-09-24 22:59:02,710 [grpc-default-executor-5] INFO  impl.FollowerInfo (FollowerInfo.java:lambda$new$0(51)) - dbd80091-9753-44ad-af4d-a1b4cb46f81c@group-AD4279E7EEBD->d39139c5-5210-4708-b66c-2240b4ead968: nextIndex: updateUnconditionally 0 -> 0
2019-09-24 22:59:02,713 [grpc-default-executor-5] WARN  server.GrpcLogAppender (LogUtils.java:warn(134)) - 950aebb1-966b-4a76-ae1c-f15b3e34cc28@group-FE8252D5120B->1b127d74-8e4f-43fe-9dad-7b769944c181-AppendLogResponseHandler: Failed appendEntries: org.apache.ratis.thirdparty.io.grpc.StatusRuntimeException: UNAVAILABLE: io exception
2019-09-24 22:59:02,713 [grpc-default-executor-5] INFO  impl.FollowerInfo (FollowerInfo.java:lambda$new$0(51)) - 950aebb1-966b-4a76-ae1c-f15b3e34cc28@group-FE8252D5120B->1b127d74-8e4f-43fe-9dad-7b769944c181: nextIndex: updateUnconditionally 0 -> 0
2019-09-24 22:59:02,997 [grpc-default-executor-0] WARN  server.GrpcLogAppender (LogUtils.java:warn(134)) - 16bf6e05-f81a-41e5-883a-89e111b126fe@group-ECCDD8E1798D->23c6c9b6-39b4-44f0-84a4-cf624850a9c3-AppendLogResponseHandler: Failed appendEntries: org.apache.ratis.thirdparty.io.grpc.StatusRuntimeException: UNAVAILABLE: io exception
2019-09-24 22:59:02,998 [grpc-default-executor-0] INFO  impl.FollowerInfo (FollowerInfo.java:lambda$new$0(51)) - 16bf6e05-f81a-41e5-883a-89e111b126fe@group-ECCDD8E1798D->23c6c9b6-39b4-44f0-84a4-cf624850a9c3: nextIndex: updateUnconditionally 0 -> 0
2019-09-24 22:59:03,141 [ForkJoinPool.commonPool-worker-0] INFO  ozoneimpl.OzoneContainer (OzoneContainer.java:stop(231)) - Attempting to stop container services.
2019-09-24 22:59:03,142 [main] INFO  ozoneimpl.OzoneContainer (OzoneContainer.java:stop(231)) - Attempting to stop container services.
2019-09-24 22:59:03,142 [ForkJoinPool.commonPool-worker-0] INFO  impl.RaftServerProxy (RaftServerProxy.java:lambda$close$4(314)) - 16bf6e05-f81a-41e5-883a-89e111b126fe: close
2019-09-24 22:59:03,142 [main] INFO  impl.RaftServerProxy (RaftServerProxy.java:lambda$close$4(314)) - c20705ec-6f31-4e08-9cc6-abff4709d2d8: close
2019-09-24 22:59:03,143 [ForkJoinPool.commonPool-worker-0] INFO  impl.RaftServerImpl (RaftServerImpl.java:lambda$shutdown$3(251)) - 16bf6e05-f81a-41e5-883a-89e111b126fe@group-38DEA3A6EBE6: shutdown
2019-09-24 22:59:03,143 [main] INFO  impl.RaftServerImpl (RaftServerImpl.java:lambda$shutdown$3(251)) - c20705ec-6f31-4e08-9cc6-abff4709d2d8@group-FE8252D5120B: shutdown
2019-09-24 22:59:03,143 [ForkJoinPool.commonPool-worker-0] INFO  util.JmxRegister (JmxRegister.java:unregister(73)) - Successfully un-registered JMX Bean with object name Ratis:service=RaftServer,group=group-38DEA3A6EBE6,id=16bf6e05-f81a-41e5-883a-89e111b126fe
2019-09-24 22:59:03,144 [main] INFO  util.JmxRegister (JmxRegister.java:unregister(73)) - Successfully un-registered JMX Bean with object name Ratis:service=RaftServer,group=group-FE8252D5120B,id=c20705ec-6f31-4e08-9cc6-abff4709d2d8
2019-09-24 22:59:03,144 [ForkJoinPool.commonPool-worker-0] INFO  impl.RoleInfo (RoleInfo.java:shutdownLeaderState(104)) - 16bf6e05-f81a-41e5-883a-89e111b126fe: shutdown LeaderState
2019-09-24 22:59:03,144 [main] INFO  impl.RoleInfo (RoleInfo.java:shutdownFollowerState(121)) - c20705ec-6f31-4e08-9cc6-abff4709d2d8: shutdown FollowerState
2019-09-24 22:59:03,145 [ForkJoinPool.commonPool-worker-0] INFO  impl.PendingRequests (PendingRequests.java:sendNotLeaderResponses(202)) - 16bf6e05-f81a-41e5-883a-89e111b126fe-PendingRequests: sendNotLeaderResponses
2019-09-24 22:59:03,145 [Thread-417] INFO  impl.FollowerState (FollowerState.java:run(115)) - c20705ec-6f31-4e08-9cc6-abff4709d2d8: FollowerState was interrupted: java.lang.InterruptedException: sleep interrupted
2019-09-24 22:59:03,145 [main] INFO  impl.StateMachineUpdater (StateMachineUpdater.java:stopAndJoin(125)) - c20705ec-6f31-4e08-9cc6-abff4709d2d8@group-FE8252D5120B-StateMachineUpdater: set stopIndex = 0
2019-09-24 22:59:03,148 [ForkJoinPool.commonPool-worker-0] INFO  impl.StateMachineUpdater (StateMachineUpdater.java:stopAndJoin(125)) - 16bf6e05-f81a-41e5-883a-89e111b126fe@group-38DEA3A6EBE6-StateMachineUpdater: set stopIndex = 0
2019-09-24 22:59:03,149 [main] INFO  impl.RaftServerImpl (ServerState.java:close(385)) - c20705ec-6f31-4e08-9cc6-abff4709d2d8@group-FE8252D5120B: closes. applyIndex: 0
2019-09-24 22:59:03,151 [ForkJoinPool.commonPool-worker-0] INFO  impl.RaftServerImpl (ServerState.java:close(385)) - 16bf6e05-f81a-41e5-883a-89e111b126fe@group-38DEA3A6EBE6: closes. applyIndex: 0
2019-09-24 22:59:03,152 [c20705ec-6f31-4e08-9cc6-abff4709d2d8@group-FE8252D5120B-SegmentedRaftLogWorker] INFO  segmented.SegmentedRaftLogWorker (SegmentedRaftLogWorker.java:run(313)) - c20705ec-6f31-4e08-9cc6-abff4709d2d8@group-FE8252D5120B-SegmentedRaftLogWorker was interrupted, exiting. There are 0 tasks remaining in the queue.
2019-09-24 22:59:03,152 [16bf6e05-f81a-41e5-883a-89e111b126fe@group-38DEA3A6EBE6-SegmentedRaftLogWorker] INFO  segmented.SegmentedRaftLogWorker (SegmentedRaftLogWorker.java:run(313)) - 16bf6e05-f81a-41e5-883a-89e111b126fe@group-38DEA3A6EBE6-SegmentedRaftLogWorker was interrupted, exiting. There are 0 tasks remaining in the queue.
2019-09-24 22:59:03,156 [main] INFO  segmented.SegmentedRaftLogWorker (SegmentedRaftLogWorker.java:close(228)) - c20705ec-6f31-4e08-9cc6-abff4709d2d8@group-FE8252D5120B-SegmentedRaftLogWorker close()
2019-09-24 22:59:03,160 [main] INFO  impl.RaftServerImpl (RaftServerImpl.java:lambda$shutdown$3(251)) - c20705ec-6f31-4e08-9cc6-abff4709d2d8@group-87B3166329D1: shutdown
2019-09-24 22:59:03,161 [main] INFO  util.JmxRegister (JmxRegister.java:unregister(73)) - Successfully un-registered JMX Bean with object name Ratis:service=RaftServer,group=group-87B3166329D1,id=c20705ec-6f31-4e08-9cc6-abff4709d2d8
2019-09-24 22:59:03,161 [main] INFO  impl.RoleInfo (RoleInfo.java:shutdownLeaderState(104)) - c20705ec-6f31-4e08-9cc6-abff4709d2d8: shutdown LeaderState
2019-09-24 22:59:03,162 [main] INFO  impl.PendingRequests (PendingRequests.java:sendNotLeaderResponses(202)) - c20705ec-6f31-4e08-9cc6-abff4709d2d8-PendingRequests: sendNotLeaderResponses
2019-09-24 22:59:03,162 [main] INFO  impl.StateMachineUpdater (StateMachineUpdater.java:stopAndJoin(125)) - c20705ec-6f31-4e08-9cc6-abff4709d2d8@group-87B3166329D1-StateMachineUpdater: set stopIndex = 0
2019-09-24 22:59:03,163 [main] INFO  impl.RaftServerImpl (ServerState.java:close(385)) - c20705ec-6f31-4e08-9cc6-abff4709d2d8@group-87B3166329D1: closes. applyIndex: 0
2019-09-24 22:59:03,163 [c20705ec-6f31-4e08-9cc6-abff4709d2d8@group-87B3166329D1-SegmentedRaftLogWorker] INFO  segmented.SegmentedRaftLogWorker (SegmentedRaftLogWorker.java:run(313)) - c20705ec-6f31-4e08-9cc6-abff4709d2d8@group-87B3166329D1-SegmentedRaftLogWorker was interrupted, exiting. There are 0 tasks remaining in the queue.
2019-09-24 22:59:03,166 [ForkJoinPool.commonPool-worker-0] INFO  segmented.SegmentedRaftLogWorker (SegmentedRaftLogWorker.java:close(228)) - 16bf6e05-f81a-41e5-883a-89e111b126fe@group-38DEA3A6EBE6-SegmentedRaftLogWorker close()
2019-09-24 22:59:03,166 [main] INFO  segmented.SegmentedRaftLogWorker (SegmentedRaftLogWorker.java:close(228)) - c20705ec-6f31-4e08-9cc6-abff4709d2d8@group-87B3166329D1-SegmentedRaftLogWorker close()
2019-09-24 22:59:03,170 [ForkJoinPool.commonPool-worker-0] INFO  impl.RaftServerImpl (RaftServerImpl.java:lambda$shutdown$3(251)) - 16bf6e05-f81a-41e5-883a-89e111b126fe@group-ECCDD8E1798D: shutdown
2019-09-24 22:59:03,180 [main] INFO  server.GrpcService (GrpcService.java:closeImpl(164)) - c20705ec-6f31-4e08-9cc6-abff4709d2d8: shutdown server with port 43439 now
2019-09-24 22:59:03,180 [ForkJoinPool.commonPool-worker-0] INFO  util.JmxRegister (JmxRegister.java:unregister(73)) - Successfully un-registered JMX Bean with object name Ratis:service=RaftServer,group=group-ECCDD8E1798D,id=16bf6e05-f81a-41e5-883a-89e111b126fe
2019-09-24 22:59:03,181 [ForkJoinPool.commonPool-worker-0] INFO  impl.RoleInfo (RoleInfo.java:shutdownLeaderState(104)) - 16bf6e05-f81a-41e5-883a-89e111b126fe: shutdown LeaderState
2019-09-24 22:59:03,185 [ForkJoinPool.commonPool-worker-0] INFO  impl.PendingRequests (PendingRequests.java:sendNotLeaderResponses(202)) - 16bf6e05-f81a-41e5-883a-89e111b126fe-PendingRequests: sendNotLeaderResponses
2019-09-24 22:59:03,185 [org.apache.ratis.server.impl.LogAppender$AppenderDaemon$$Lambda$406/1092961043@383bbb97] WARN  server.GrpcLogAppender (GrpcLogAppender.java:mayWait(143)) - 16bf6e05-f81a-41e5-883a-89e111b126fe@group-ECCDD8E1798D->23c6c9b6-39b4-44f0-84a4-cf624850a9c3-GrpcLogAppender: Wait interrupted by java.lang.InterruptedException
2019-09-24 22:59:03,185 [org.apache.ratis.server.impl.LogAppender$AppenderDaemon$$Lambda$406/1092961043@9f5292b] WARN  server.GrpcLogAppender (GrpcLogAppender.java:mayWait(143)) - 16bf6e05-f81a-41e5-883a-89e111b126fe@group-ECCDD8E1798D->df79811b-05d5-490a-beb3-27ac0aff7bfc-GrpcLogAppender: Wait interrupted by java.lang.InterruptedException
2019-09-24 22:59:03,187 [main] INFO  server.GrpcService (GrpcService.java:closeImpl(172)) - c20705ec-6f31-4e08-9cc6-abff4709d2d8: shutdown server with port 43439 successfully
2019-09-24 22:59:03,185 [ForkJoinPool.commonPool-worker-0] INFO  impl.StateMachineUpdater (StateMachineUpdater.java:stopAndJoin(125)) - 16bf6e05-f81a-41e5-883a-89e111b126fe@group-ECCDD8E1798D-StateMachineUpdater: set stopIndex = 0
2019-09-24 22:59:03,190 [ForkJoinPool.commonPool-worker-0] INFO  impl.RaftServerImpl (ServerState.java:close(385)) - 16bf6e05-f81a-41e5-883a-89e111b126fe@group-ECCDD8E1798D: closes. applyIndex: 0
2019-09-24 22:59:03,189 [grpc-default-executor-0] WARN  server.GrpcLogAppender (LogUtils.java:warn(134)) - 950aebb1-966b-4a76-ae1c-f15b3e34cc28@group-FE8252D5120B->c20705ec-6f31-4e08-9cc6-abff4709d2d8-AppendLogResponseHandler: Failed appendEntries: org.apache.ratis.thirdparty.io.grpc.StatusRuntimeException: CANCELLED: HTTP/2 error code: CANCEL
Received Rst Stream
2019-09-24 22:59:03,189 [grpc-default-executor-2] WARN  server.GrpcServerProtocolService (LogUtils.java:warn(134)) - c20705ec-6f31-4e08-9cc6-abff4709d2d8: installSnapshot onError, lastRequest: 950aebb1-966b-4a76-ae1c-f15b3e34cc28->c20705ec-6f31-4e08-9cc6-abff4709d2d8#243-t2, previous=(t:2, i:0), leaderCommit=0, initializing? false, entries: <empty>: org.apache.ratis.thirdparty.io.grpc.StatusRuntimeException: CANCELLED: cancelled before receiving half close
2019-09-24 22:59:03,191 [grpc-default-executor-0] INFO  impl.FollowerInfo (FollowerInfo.java:lambda$new$0(51)) - 950aebb1-966b-4a76-ae1c-f15b3e34cc28@group-FE8252D5120B->c20705ec-6f31-4e08-9cc6-abff4709d2d8: nextIndex: updateUnconditionally 1 -> 0
2019-09-24 22:59:03,191 [16bf6e05-f81a-41e5-883a-89e111b126fe@group-ECCDD8E1798D-SegmentedRaftLogWorker] INFO  segmented.SegmentedRaftLogWorker (SegmentedRaftLogWorker.java:run(313)) - 16bf6e05-f81a-41e5-883a-89e111b126fe@group-ECCDD8E1798D-SegmentedRaftLogWorker was interrupted, exiting. There are 0 tasks remaining in the queue.
2019-09-24 22:59:03,192 [ForkJoinPool.commonPool-worker-0] INFO  segmented.SegmentedRaftLogWorker (SegmentedRaftLogWorker.java:close(228)) - 16bf6e05-f81a-41e5-883a-89e111b126fe@group-ECCDD8E1798D-SegmentedRaftLogWorker close()
2019-09-24 22:59:03,196 [ForkJoinPool.commonPool-worker-0] INFO  server.GrpcService (GrpcService.java:closeImpl(164)) - 16bf6e05-f81a-41e5-883a-89e111b126fe: shutdown server with port 37026 now
2019-09-24 22:59:03,199 [grpc-default-executor-5] INFO  server.GrpcServerProtocolService (GrpcServerProtocolService.java:onCompleted(113)) - df79811b-05d5-490a-beb3-27ac0aff7bfc: Completed APPEND_ENTRIES, lastRequest: 16bf6e05-f81a-41e5-883a-89e111b126fe->df79811b-05d5-490a-beb3-27ac0aff7bfc#246-t1, previous=(t:1, i:0), leaderCommit=0, initializing? false, entries: <empty>
2019-09-24 22:59:03,200 [ForkJoinPool.commonPool-worker-0] INFO  server.GrpcService (GrpcService.java:closeImpl(172)) - 16bf6e05-f81a-41e5-883a-89e111b126fe: shutdown server with port 37026 successfully
2019-09-24 22:59:03,200 [grpc-default-executor-0] INFO  server.GrpcLogAppender (GrpcLogAppender.java:onError(282)) - 16bf6e05-f81a-41e5-883a-89e111b126fe@group-ECCDD8E1798D->df79811b-05d5-490a-beb3-27ac0aff7bfc-GrpcLogAppender is stopped
2019-09-24 22:59:03,201 [refreshUsed-/workdir/hadoop-ozone/integration-test/target/test-dir/MiniOzoneClusterImpl-5f7a597a-7e5e-4415-9205-5cad3600d18e/datanode-8/data/containers] WARN  fs.CachingGetSpaceUsed (CachingGetSpaceUsed.java:run(183)) - Thread Interrupted waiting to refresh disk information: sleep interrupted
2019-09-24 22:59:03,201 [grpc-default-executor-1] WARN  server.GrpcLogAppender (LogUtils.java:warn(134)) - dbd80091-9753-44ad-af4d-a1b4cb46f81c@group-AD4279E7EEBD->d39139c5-5210-4708-b66c-2240b4ead968-AppendLogResponseHandler: Failed appendEntries: org.apache.ratis.thirdparty.io.grpc.StatusRuntimeException: UNAVAILABLE: io exception
2019-09-24 22:59:03,202 [grpc-default-executor-1] INFO  impl.FollowerInfo (FollowerInfo.java:lambda$new$0(51)) - dbd80091-9753-44ad-af4d-a1b4cb46f81c@group-AD4279E7EEBD->d39139c5-5210-4708-b66c-2240b4ead968: nextIndex: updateUnconditionally 0 -> 0
2019-09-24 22:59:03,210 [refreshUsed-/workdir/hadoop-ozone/integration-test/target/test-dir/MiniOzoneClusterImpl-5f7a597a-7e5e-4415-9205-5cad3600d18e/datanode-4/data/containers] WARN  fs.CachingGetSpaceUsed (CachingGetSpaceUsed.java:run(183)) - Thread Interrupted waiting to refresh disk information: sleep interrupted
2019-09-24 22:59:03,212 [grpc-default-executor-5] WARN  server.GrpcLogAppender (LogUtils.java:warn(134)) - 950aebb1-966b-4a76-ae1c-f15b3e34cc28@group-FE8252D5120B->1b127d74-8e4f-43fe-9dad-7b769944c181-AppendLogResponseHandler: Failed appendEntries: org.apache.ratis.thirdparty.io.grpc.StatusRuntimeException: UNAVAILABLE: io exception
2019-09-24 22:59:03,213 [grpc-default-executor-5] INFO  impl.FollowerInfo (FollowerInfo.java:lambda$new$0(51)) - 950aebb1-966b-4a76-ae1c-f15b3e34cc28@group-FE8252D5120B->1b127d74-8e4f-43fe-9dad-7b769944c181: nextIndex: updateUnconditionally 0 -> 0
2019-09-24 22:59:03,224 [grpc-default-executor-2] WARN  server.GrpcLogAppender (LogUtils.java:warn(134)) - 950aebb1-966b-4a76-ae1c-f15b3e34cc28@group-FE8252D5120B->c20705ec-6f31-4e08-9cc6-abff4709d2d8-AppendLogResponseHandler: Failed appendEntries: org.apache.ratis.thirdparty.io.grpc.StatusRuntimeException: UNAVAILABLE: io exception
2019-09-24 22:59:03,225 [grpc-default-executor-2] INFO  impl.FollowerInfo (FollowerInfo.java:lambda$new$0(51)) - 950aebb1-966b-4a76-ae1c-f15b3e34cc28@group-FE8252D5120B->c20705ec-6f31-4e08-9cc6-abff4709d2d8: nextIndex: updateUnconditionally 0 -> 0
2019-09-24 22:59:03,228 [main] INFO  utils.BackgroundService (BackgroundService.java:shutdown(148)) - Shutting down service BlockDeletingService
2019-09-24 22:59:03,232 [ForkJoinPool.commonPool-worker-0] INFO  utils.BackgroundService (BackgroundService.java:shutdown(148)) - Shutting down service BlockDeletingService
2019-09-24 22:59:03,235 [main] INFO  statemachine.DatanodeStateMachine (DatanodeStateMachine.java:stopDaemon(395)) - Ozone container server stopped.
2019-09-24 22:59:03,240 [ForkJoinPool.commonPool-worker-0] INFO  statemachine.DatanodeStateMachine (DatanodeStateMachine.java:stopDaemon(395)) - Ozone container server stopped.
2019-09-24 22:59:03,256 [main] INFO  handler.ContextHandler (ContextHandler.java:doStop(910)) - Stopped o.e.j.w.WebAppContext@7a360554{/,null,UNAVAILABLE}{/hddsDatanode}
2019-09-24 22:59:03,256 [ForkJoinPool.commonPool-worker-0] INFO  handler.ContextHandler (ContextHandler.java:doStop(910)) - Stopped o.e.j.w.WebAppContext@ff23ae7{/,null,UNAVAILABLE}{/hddsDatanode}
2019-09-24 22:59:03,257 [main] INFO  server.AbstractConnector (AbstractConnector.java:doStop(318)) - Stopped ServerConnector@424de326{HTTP/1.1,[http/1.1]}{0.0.0.0:0}
2019-09-24 22:59:03,257 [ForkJoinPool.commonPool-worker-0] INFO  server.AbstractConnector (AbstractConnector.java:doStop(318)) - Stopped ServerConnector@423b2b62{HTTP/1.1,[http/1.1]}{0.0.0.0:0}
2019-09-24 22:59:03,258 [main] INFO  handler.ContextHandler (ContextHandler.java:doStop(910)) - Stopped o.e.j.s.ServletContextHandler@6ae62c7e{/static,jar:file:/home/user/.m2/repository/org/apache/hadoop/hadoop-hdds-container-service/0.5.0-SNAPSHOT/hadoop-hdds-container-service-0.5.0-SNAPSHOT.jar!/webapps/static,UNAVAILABLE}
2019-09-24 22:59:03,259 [ForkJoinPool.commonPool-worker-0] INFO  handler.ContextHandler (ContextHandler.java:doStop(910)) - Stopped o.e.j.s.ServletContextHandler@25aeb5ac{/static,jar:file:/home/user/.m2/repository/org/apache/hadoop/hadoop-hdds-container-service/0.5.0-SNAPSHOT/hadoop-hdds-container-service-0.5.0-SNAPSHOT.jar!/webapps/static,UNAVAILABLE}
2019-09-24 22:59:03,260 [main] INFO  handler.ContextHandler (ContextHandler.java:doStop(910)) - Stopped o.e.j.s.ServletContextHandler@27e7c77f{/logs,file:///workdir/hadoop-ozone/integration-test/target/log,UNAVAILABLE}
2019-09-24 22:59:03,261 [ForkJoinPool.commonPool-worker-0] INFO  handler.ContextHandler (ContextHandler.java:doStop(910)) - Stopped o.e.j.s.ServletContextHandler@44cffc25{/logs,file:///workdir/hadoop-ozone/integration-test/target/log,UNAVAILABLE}
2019-09-24 22:59:03,673 [Datanode State Machine Thread - 0] INFO  statemachine.DatanodeStateMachine (DatanodeStateMachine.java:lambda$startDaemon$0(350)) - Ozone container server started.
2019-09-24 22:59:03,694 [grpc-default-executor-1] WARN  server.GrpcLogAppender (LogUtils.java:warn(134)) - dbd80091-9753-44ad-af4d-a1b4cb46f81c@group-AD4279E7EEBD->d39139c5-5210-4708-b66c-2240b4ead968-AppendLogResponseHandler: Failed appendEntries: org.apache.ratis.thirdparty.io.grpc.StatusRuntimeException: UNAVAILABLE: io exception
2019-09-24 22:59:03,695 [grpc-default-executor-1] INFO  impl.FollowerInfo (FollowerInfo.java:lambda$new$0(51)) - dbd80091-9753-44ad-af4d-a1b4cb46f81c@group-AD4279E7EEBD->d39139c5-5210-4708-b66c-2240b4ead968: nextIndex: updateUnconditionally 0 -> 0
2019-09-24 22:59:03,700 [Datanode State Machine Thread - 0] INFO  statemachine.DatanodeStateMachine (DatanodeStateMachine.java:lambda$startDaemon$0(350)) - Ozone container server started.
2019-09-24 22:59:03,713 [grpc-default-executor-5] WARN  server.GrpcLogAppender (LogUtils.java:warn(134)) - 950aebb1-966b-4a76-ae1c-f15b3e34cc28@group-FE8252D5120B->1b127d74-8e4f-43fe-9dad-7b769944c181-AppendLogResponseHandler: Failed appendEntries: org.apache.ratis.thirdparty.io.grpc.StatusRuntimeException: UNAVAILABLE: io exception
2019-09-24 22:59:03,714 [grpc-default-executor-5] INFO  impl.FollowerInfo (FollowerInfo.java:lambda$new$0(51)) - 950aebb1-966b-4a76-ae1c-f15b3e34cc28@group-FE8252D5120B->1b127d74-8e4f-43fe-9dad-7b769944c181: nextIndex: updateUnconditionally 0 -> 0
2019-09-24 22:59:03,725 [grpc-default-executor-2] WARN  server.GrpcLogAppender (LogUtils.java:warn(134)) - 950aebb1-966b-4a76-ae1c-f15b3e34cc28@group-FE8252D5120B->c20705ec-6f31-4e08-9cc6-abff4709d2d8-AppendLogResponseHandler: Failed appendEntries: org.apache.ratis.thirdparty.io.grpc.StatusRuntimeException: UNAVAILABLE: io exception
2019-09-24 22:59:03,725 [grpc-default-executor-2] INFO  impl.FollowerInfo (FollowerInfo.java:lambda$new$0(51)) - 950aebb1-966b-4a76-ae1c-f15b3e34cc28@group-FE8252D5120B->c20705ec-6f31-4e08-9cc6-abff4709d2d8: nextIndex: updateUnconditionally 0 -> 0
2019-09-24 22:59:04,195 [grpc-default-executor-1] WARN  server.GrpcLogAppender (LogUtils.java:warn(134)) - dbd80091-9753-44ad-af4d-a1b4cb46f81c@group-AD4279E7EEBD->d39139c5-5210-4708-b66c-2240b4ead968-AppendLogResponseHandler: Failed appendEntries: org.apache.ratis.thirdparty.io.grpc.StatusRuntimeException: UNAVAILABLE: io exception
2019-09-24 22:59:04,195 [grpc-default-executor-1] INFO  impl.FollowerInfo (FollowerInfo.java:lambda$new$0(51)) - dbd80091-9753-44ad-af4d-a1b4cb46f81c@group-AD4279E7EEBD->d39139c5-5210-4708-b66c-2240b4ead968: nextIndex: updateUnconditionally 0 -> 0
2019-09-24 22:59:04,214 [grpc-default-executor-5] WARN  server.GrpcLogAppender (LogUtils.java:warn(134)) - 950aebb1-966b-4a76-ae1c-f15b3e34cc28@group-FE8252D5120B->1b127d74-8e4f-43fe-9dad-7b769944c181-AppendLogResponseHandler: Failed appendEntries: org.apache.ratis.thirdparty.io.grpc.StatusRuntimeException: UNAVAILABLE: io exception
2019-09-24 22:59:04,214 [grpc-default-executor-5] INFO  impl.FollowerInfo (FollowerInfo.java:lambda$new$0(51)) - 950aebb1-966b-4a76-ae1c-f15b3e34cc28@group-FE8252D5120B->1b127d74-8e4f-43fe-9dad-7b769944c181: nextIndex: updateUnconditionally 0 -> 0
2019-09-24 22:59:04,226 [grpc-default-executor-2] WARN  server.GrpcLogAppender (LogUtils.java:warn(134)) - 950aebb1-966b-4a76-ae1c-f15b3e34cc28@group-FE8252D5120B->c20705ec-6f31-4e08-9cc6-abff4709d2d8-AppendLogResponseHandler: Failed appendEntries: org.apache.ratis.thirdparty.io.grpc.StatusRuntimeException: UNAVAILABLE: io exception
2019-09-24 22:59:04,226 [grpc-default-executor-2] INFO  impl.FollowerInfo (FollowerInfo.java:lambda$new$0(51)) - 950aebb1-966b-4a76-ae1c-f15b3e34cc28@group-FE8252D5120B->c20705ec-6f31-4e08-9cc6-abff4709d2d8: nextIndex: updateUnconditionally 0 -> 0
2019-09-24 22:59:04,268 [Thread-370] INFO  impl.FollowerState (FollowerState.java:run(106)) - df79811b-05d5-490a-beb3-27ac0aff7bfc:group-ECCDD8E1798D changes to CANDIDATE, lastRpcTime:1547, electionTimeout:1165ms
2019-09-24 22:59:04,269 [Thread-370] INFO  impl.RoleInfo (RoleInfo.java:shutdownFollowerState(121)) - df79811b-05d5-490a-beb3-27ac0aff7bfc: shutdown FollowerState
2019-09-24 22:59:04,269 [Thread-370] INFO  impl.RaftServerImpl (RaftServerImpl.java:setRole(174)) - df79811b-05d5-490a-beb3-27ac0aff7bfc@group-ECCDD8E1798D: changes role from  FOLLOWER to CANDIDATE at term 1 for changeToCandidate
2019-09-24 22:59:04,269 [Thread-370] INFO  impl.RoleInfo (RoleInfo.java:updateAndGet(143)) - df79811b-05d5-490a-beb3-27ac0aff7bfc: start LeaderElection
2019-09-24 22:59:04,270 [df79811b-05d5-490a-beb3-27ac0aff7bfc@group-ECCDD8E1798D:LeaderElection19] INFO  impl.RaftServerImpl (ServerState.java:setLeader(253)) - df79811b-05d5-490a-beb3-27ac0aff7bfc@group-ECCDD8E1798D: change Leader from 16bf6e05-f81a-41e5-883a-89e111b126fe to null at term 1 for initElection
2019-09-24 22:59:04,296 [df79811b-05d5-490a-beb3-27ac0aff7bfc@group-ECCDD8E1798D:LeaderElection19] INFO  impl.LeaderElection (LeaderElection.java:askForVotes(182)) - df79811b-05d5-490a-beb3-27ac0aff7bfc@group-ECCDD8E1798D:LeaderElection19: begin an election at term 2 for 0: [16bf6e05-f81a-41e5-883a-89e111b126fe:192.168.151.66:37026, df79811b-05d5-490a-beb3-27ac0aff7bfc:192.168.151.66:34065, 23c6c9b6-39b4-44f0-84a4-cf624850a9c3:192.168.151.66:32846], old=null
2019-09-24 22:59:04,303 [df79811b-05d5-490a-beb3-27ac0aff7bfc@group-ECCDD8E1798D:LeaderElection19] INFO  impl.LeaderElection (LogUtils.java:infoOrTrace(149)) - df79811b-05d5-490a-beb3-27ac0aff7bfc@group-ECCDD8E1798D:LeaderElection19 got exception when requesting votes: {}
java.util.concurrent.ExecutionException: org.apache.ratis.thirdparty.io.grpc.StatusRuntimeException: UNAVAILABLE: io exception
	at java.util.concurrent.FutureTask.report(FutureTask.java:122)
	at java.util.concurrent.FutureTask.get(FutureTask.java:192)
	at org.apache.ratis.server.impl.LeaderElection.waitForResults(LeaderElection.java:263)
	at org.apache.ratis.server.impl.LeaderElection.askForVotes(LeaderElection.java:201)
	at org.apache.ratis.server.impl.LeaderElection.run(LeaderElection.java:133)
	at java.lang.Thread.run(Thread.java:748)
Caused by: org.apache.ratis.thirdparty.io.grpc.StatusRuntimeException: UNAVAILABLE: io exception
	at org.apache.ratis.thirdparty.io.grpc.stub.ClientCalls.toStatusRuntimeException(ClientCalls.java:233)
	at org.apache.ratis.thirdparty.io.grpc.stub.ClientCalls.getUnchecked(ClientCalls.java:214)
	at org.apache.ratis.thirdparty.io.grpc.stub.ClientCalls.blockingUnaryCall(ClientCalls.java:139)
	at org.apache.ratis.proto.grpc.RaftServerProtocolServiceGrpc$RaftServerProtocolServiceBlockingStub.requestVote(RaftServerProtocolServiceGrpc.java:265)
	at org.apache.ratis.grpc.server.GrpcServerProtocolClient.requestVote(GrpcServerProtocolClient.java:90)
	at org.apache.ratis.grpc.server.GrpcService.requestVote(GrpcService.java:204)
	at org.apache.ratis.server.impl.LeaderElection.lambda$submitRequests$1(LeaderElection.java:238)
	at java.util.concurrent.FutureTask.run(FutureTask.java:266)
	at java.util.concurrent.Executors$RunnableAdapter.call(Executors.java:511)
	at java.util.concurrent.FutureTask.run(FutureTask.java:266)
	at java.util.concurrent.ThreadPoolExecutor.runWorker(ThreadPoolExecutor.java:1149)
	at java.util.concurrent.ThreadPoolExecutor$Worker.run(ThreadPoolExecutor.java:624)
	... 1 more
Caused by: org.apache.ratis.thirdparty.io.netty.channel.AbstractChannel$AnnotatedConnectException: Connection refused: /192.168.151.66:32846
	at sun.nio.ch.SocketChannelImpl.checkConnect(Native Method)
	at sun.nio.ch.SocketChannelImpl.finishConnect(SocketChannelImpl.java:717)
	at org.apache.ratis.thirdparty.io.netty.channel.socket.nio.NioSocketChannel.doFinishConnect(NioSocketChannel.java:327)
	at org.apache.ratis.thirdparty.io.netty.channel.nio.AbstractNioChannel$AbstractNioUnsafe.finishConnect(AbstractNioChannel.java:340)
	at org.apache.ratis.thirdparty.io.netty.channel.nio.NioEventLoop.processSelectedKey(NioEventLoop.java:632)
	at org.apache.ratis.thirdparty.io.netty.channel.nio.NioEventLoop.processSelectedKeysOptimized(NioEventLoop.java:579)
	at org.apache.ratis.thirdparty.io.netty.channel.nio.NioEventLoop.processSelectedKeys(NioEventLoop.java:496)
	at org.apache.ratis.thirdparty.io.netty.channel.nio.NioEventLoop.run(NioEventLoop.java:458)
	at org.apache.ratis.thirdparty.io.netty.util.concurrent.SingleThreadEventExecutor$5.run(SingleThreadEventExecutor.java:897)
	at org.apache.ratis.thirdparty.io.netty.util.concurrent.FastThreadLocalRunnable.run(FastThreadLocalRunnable.java:30)
	... 1 more
Caused by: java.net.ConnectException: Connection refused
	... 11 more
2019-09-24 22:59:04,305 [df79811b-05d5-490a-beb3-27ac0aff7bfc@group-ECCDD8E1798D:LeaderElection19] INFO  impl.LeaderElection (LogUtils.java:infoOrTrace(149)) - df79811b-05d5-490a-beb3-27ac0aff7bfc@group-ECCDD8E1798D:LeaderElection19 got exception when requesting votes: {}
java.util.concurrent.ExecutionException: org.apache.ratis.thirdparty.io.grpc.StatusRuntimeException: UNAVAILABLE: io exception
	at java.util.concurrent.FutureTask.report(FutureTask.java:122)
	at java.util.concurrent.FutureTask.get(FutureTask.java:192)
	at org.apache.ratis.server.impl.LeaderElection.waitForResults(LeaderElection.java:263)
	at org.apache.ratis.server.impl.LeaderElection.askForVotes(LeaderElection.java:201)
	at org.apache.ratis.server.impl.LeaderElection.run(LeaderElection.java:133)
	at java.lang.Thread.run(Thread.java:748)
Caused by: org.apache.ratis.thirdparty.io.grpc.StatusRuntimeException: UNAVAILABLE: io exception
	at org.apache.ratis.thirdparty.io.grpc.stub.ClientCalls.toStatusRuntimeException(ClientCalls.java:233)
	at org.apache.ratis.thirdparty.io.grpc.stub.ClientCalls.getUnchecked(ClientCalls.java:214)
	at org.apache.ratis.thirdparty.io.grpc.stub.ClientCalls.blockingUnaryCall(ClientCalls.java:139)
	at org.apache.ratis.proto.grpc.RaftServerProtocolServiceGrpc$RaftServerProtocolServiceBlockingStub.requestVote(RaftServerProtocolServiceGrpc.java:265)
	at org.apache.ratis.grpc.server.GrpcServerProtocolClient.requestVote(GrpcServerProtocolClient.java:90)
	at org.apache.ratis.grpc.server.GrpcService.requestVote(GrpcService.java:204)
	at org.apache.ratis.server.impl.LeaderElection.lambda$submitRequests$1(LeaderElection.java:238)
	at java.util.concurrent.FutureTask.run(FutureTask.java:266)
	at java.util.concurrent.Executors$RunnableAdapter.call(Executors.java:511)
	at java.util.concurrent.FutureTask.run(FutureTask.java:266)
	at java.util.concurrent.ThreadPoolExecutor.runWorker(ThreadPoolExecutor.java:1149)
	at java.util.concurrent.ThreadPoolExecutor$Worker.run(ThreadPoolExecutor.java:624)
	... 1 more
Caused by: org.apache.ratis.thirdparty.io.netty.channel.AbstractChannel$AnnotatedConnectException: Connection refused: /192.168.151.66:37026
	at sun.nio.ch.SocketChannelImpl.checkConnect(Native Method)
	at sun.nio.ch.SocketChannelImpl.finishConnect(SocketChannelImpl.java:717)
	at org.apache.ratis.thirdparty.io.netty.channel.socket.nio.NioSocketChannel.doFinishConnect(NioSocketChannel.java:327)
	at org.apache.ratis.thirdparty.io.netty.channel.nio.AbstractNioChannel$AbstractNioUnsafe.finishConnect(AbstractNioChannel.java:340)
	at org.apache.ratis.thirdparty.io.netty.channel.nio.NioEventLoop.processSelectedKey(NioEventLoop.java:632)
	at org.apache.ratis.thirdparty.io.netty.channel.nio.NioEventLoop.processSelectedKeysOptimized(NioEventLoop.java:579)
	at org.apache.ratis.thirdparty.io.netty.channel.nio.NioEventLoop.processSelectedKeys(NioEventLoop.java:496)
	at org.apache.ratis.thirdparty.io.netty.channel.nio.NioEventLoop.run(NioEventLoop.java:458)
	at org.apache.ratis.thirdparty.io.netty.util.concurrent.SingleThreadEventExecutor$5.run(SingleThreadEventExecutor.java:897)
	at org.apache.ratis.thirdparty.io.netty.util.concurrent.FastThreadLocalRunnable.run(FastThreadLocalRunnable.java:30)
	... 1 more
Caused by: java.net.ConnectException: Connection refused
	... 11 more
2019-09-24 22:59:04,308 [df79811b-05d5-490a-beb3-27ac0aff7bfc@group-ECCDD8E1798D:LeaderElection19] INFO  impl.LeaderElection (LeaderElection.java:logAndReturn(56)) - df79811b-05d5-490a-beb3-27ac0aff7bfc@group-ECCDD8E1798D:LeaderElection19: Election REJECTED; received 0 response(s) [] and 2 exception(s); df79811b-05d5-490a-beb3-27ac0aff7bfc@group-ECCDD8E1798D:t2, leader=null, voted=df79811b-05d5-490a-beb3-27ac0aff7bfc, raftlog=df79811b-05d5-490a-beb3-27ac0aff7bfc@group-ECCDD8E1798D-SegmentedRaftLog:OPENED:c0,f0,i0, conf=0: [16bf6e05-f81a-41e5-883a-89e111b126fe:192.168.151.66:37026, df79811b-05d5-490a-beb3-27ac0aff7bfc:192.168.151.66:34065, 23c6c9b6-39b4-44f0-84a4-cf624850a9c3:192.168.151.66:32846], old=null
2019-09-24 22:59:04,308 [df79811b-05d5-490a-beb3-27ac0aff7bfc@group-ECCDD8E1798D:LeaderElection19] INFO  impl.LeaderElection (LogUtils.java:infoOrTrace(149)) -   Exception 0: {}
java.util.concurrent.ExecutionException: org.apache.ratis.thirdparty.io.grpc.StatusRuntimeException: UNAVAILABLE: io exception
	at java.util.concurrent.FutureTask.report(FutureTask.java:122)
	at java.util.concurrent.FutureTask.get(FutureTask.java:192)
	at org.apache.ratis.server.impl.LeaderElection.waitForResults(LeaderElection.java:263)
	at org.apache.ratis.server.impl.LeaderElection.askForVotes(LeaderElection.java:201)
	at org.apache.ratis.server.impl.LeaderElection.run(LeaderElection.java:133)
	at java.lang.Thread.run(Thread.java:748)
Caused by: org.apache.ratis.thirdparty.io.grpc.StatusRuntimeException: UNAVAILABLE: io exception
	at org.apache.ratis.thirdparty.io.grpc.stub.ClientCalls.toStatusRuntimeException(ClientCalls.java:233)
	at org.apache.ratis.thirdparty.io.grpc.stub.ClientCalls.getUnchecked(ClientCalls.java:214)
	at org.apache.ratis.thirdparty.io.grpc.stub.ClientCalls.blockingUnaryCall(ClientCalls.java:139)
	at org.apache.ratis.proto.grpc.RaftServerProtocolServiceGrpc$RaftServerProtocolServiceBlockingStub.requestVote(RaftServerProtocolServiceGrpc.java:265)
	at org.apache.ratis.grpc.server.GrpcServerProtocolClient.requestVote(GrpcServerProtocolClient.java:90)
	at org.apache.ratis.grpc.server.GrpcService.requestVote(GrpcService.java:204)
	at org.apache.ratis.server.impl.LeaderElection.lambda$submitRequests$1(LeaderElection.java:238)
	at java.util.concurrent.FutureTask.run(FutureTask.java:266)
	at java.util.concurrent.Executors$RunnableAdapter.call(Executors.java:511)
	at java.util.concurrent.FutureTask.run(FutureTask.java:266)
	at java.util.concurrent.ThreadPoolExecutor.runWorker(ThreadPoolExecutor.java:1149)
	at java.util.concurrent.ThreadPoolExecutor$Worker.run(ThreadPoolExecutor.java:624)
	... 1 more
Caused by: org.apache.ratis.thirdparty.io.netty.channel.AbstractChannel$AnnotatedConnectException: Connection refused: /192.168.151.66:32846
	at sun.nio.ch.SocketChannelImpl.checkConnect(Native Method)
	at sun.nio.ch.SocketChannelImpl.finishConnect(SocketChannelImpl.java:717)
	at org.apache.ratis.thirdparty.io.netty.channel.socket.nio.NioSocketChannel.doFinishConnect(NioSocketChannel.java:327)
	at org.apache.ratis.thirdparty.io.netty.channel.nio.AbstractNioChannel$AbstractNioUnsafe.finishConnect(AbstractNioChannel.java:340)
	at org.apache.ratis.thirdparty.io.netty.channel.nio.NioEventLoop.processSelectedKey(NioEventLoop.java:632)
	at org.apache.ratis.thirdparty.io.netty.channel.nio.NioEventLoop.processSelectedKeysOptimized(NioEventLoop.java:579)
	at org.apache.ratis.thirdparty.io.netty.channel.nio.NioEventLoop.processSelectedKeys(NioEventLoop.java:496)
	at org.apache.ratis.thirdparty.io.netty.channel.nio.NioEventLoop.run(NioEventLoop.java:458)
	at org.apache.ratis.thirdparty.io.netty.util.concurrent.SingleThreadEventExecutor$5.run(SingleThreadEventExecutor.java:897)
	at org.apache.ratis.thirdparty.io.netty.util.concurrent.FastThreadLocalRunnable.run(FastThreadLocalRunnable.java:30)
	... 1 more
Caused by: java.net.ConnectException: Connection refused
	... 11 more
2019-09-24 22:59:04,309 [df79811b-05d5-490a-beb3-27ac0aff7bfc@group-ECCDD8E1798D:LeaderElection19] INFO  impl.LeaderElection (LogUtils.java:infoOrTrace(149)) -   Exception 1: {}
java.util.concurrent.ExecutionException: org.apache.ratis.thirdparty.io.grpc.StatusRuntimeException: UNAVAILABLE: io exception
	at java.util.concurrent.FutureTask.report(FutureTask.java:122)
	at java.util.concurrent.FutureTask.get(FutureTask.java:192)
	at org.apache.ratis.server.impl.LeaderElection.waitForResults(LeaderElection.java:263)
	at org.apache.ratis.server.impl.LeaderElection.askForVotes(LeaderElection.java:201)
	at org.apache.ratis.server.impl.LeaderElection.run(LeaderElection.java:133)
	at java.lang.Thread.run(Thread.java:748)
Caused by: org.apache.ratis.thirdparty.io.grpc.StatusRuntimeException: UNAVAILABLE: io exception
	at org.apache.ratis.thirdparty.io.grpc.stub.ClientCalls.toStatusRuntimeException(ClientCalls.java:233)
	at org.apache.ratis.thirdparty.io.grpc.stub.ClientCalls.getUnchecked(ClientCalls.java:214)
	at org.apache.ratis.thirdparty.io.grpc.stub.ClientCalls.blockingUnaryCall(ClientCalls.java:139)
	at org.apache.ratis.proto.grpc.RaftServerProtocolServiceGrpc$RaftServerProtocolServiceBlockingStub.requestVote(RaftServerProtocolServiceGrpc.java:265)
	at org.apache.ratis.grpc.server.GrpcServerProtocolClient.requestVote(GrpcServerProtocolClient.java:90)
	at org.apache.ratis.grpc.server.GrpcService.requestVote(GrpcService.java:204)
	at org.apache.ratis.server.impl.LeaderElection.lambda$submitRequests$1(LeaderElection.java:238)
	at java.util.concurrent.FutureTask.run(FutureTask.java:266)
	at java.util.concurrent.Executors$RunnableAdapter.call(Executors.java:511)
	at java.util.concurrent.FutureTask.run(FutureTask.java:266)
	at java.util.concurrent.ThreadPoolExecutor.runWorker(ThreadPoolExecutor.java:1149)
	at java.util.concurrent.ThreadPoolExecutor$Worker.run(ThreadPoolExecutor.java:624)
	... 1 more
Caused by: org.apache.ratis.thirdparty.io.netty.channel.AbstractChannel$AnnotatedConnectException: Connection refused: /192.168.151.66:37026
	at sun.nio.ch.SocketChannelImpl.checkConnect(Native Method)
	at sun.nio.ch.SocketChannelImpl.finishConnect(SocketChannelImpl.java:717)
	at org.apache.ratis.thirdparty.io.netty.channel.socket.nio.NioSocketChannel.doFinishConnect(NioSocketChannel.java:327)
	at org.apache.ratis.thirdparty.io.netty.channel.nio.AbstractNioChannel$AbstractNioUnsafe.finishConnect(AbstractNioChannel.java:340)
	at org.apache.ratis.thirdparty.io.netty.channel.nio.NioEventLoop.processSelectedKey(NioEventLoop.java:632)
	at org.apache.ratis.thirdparty.io.netty.channel.nio.NioEventLoop.processSelectedKeysOptimized(NioEventLoop.java:579)
	at org.apache.ratis.thirdparty.io.netty.channel.nio.NioEventLoop.processSelectedKeys(NioEventLoop.java:496)
	at org.apache.ratis.thirdparty.io.netty.channel.nio.NioEventLoop.run(NioEventLoop.java:458)
	at org.apache.ratis.thirdparty.io.netty.util.concurrent.SingleThreadEventExecutor$5.run(SingleThreadEventExecutor.java:897)
	at org.apache.ratis.thirdparty.io.netty.util.concurrent.FastThreadLocalRunnable.run(FastThreadLocalRunnable.java:30)
	... 1 more
Caused by: java.net.ConnectException: Connection refused
	... 11 more
2019-09-24 22:59:04,309 [df79811b-05d5-490a-beb3-27ac0aff7bfc@group-ECCDD8E1798D:LeaderElection19] INFO  impl.RaftServerImpl (RaftServerImpl.java:setRole(174)) - df79811b-05d5-490a-beb3-27ac0aff7bfc@group-ECCDD8E1798D: changes role from CANDIDATE to FOLLOWER at term 2 for DISCOVERED_A_NEW_TERM
2019-09-24 22:59:04,311 [df79811b-05d5-490a-beb3-27ac0aff7bfc@group-ECCDD8E1798D:LeaderElection19] INFO  impl.RoleInfo (RoleInfo.java:shutdownLeaderElection(134)) - df79811b-05d5-490a-beb3-27ac0aff7bfc: shutdown LeaderElection
2019-09-24 22:59:04,311 [df79811b-05d5-490a-beb3-27ac0aff7bfc@group-ECCDD8E1798D:LeaderElection19] INFO  impl.RoleInfo (RoleInfo.java:updateAndGet(143)) - df79811b-05d5-490a-beb3-27ac0aff7bfc: start FollowerState
2019-09-24 22:59:04,695 [grpc-default-executor-1] WARN  server.GrpcLogAppender (LogUtils.java:warn(134)) - dbd80091-9753-44ad-af4d-a1b4cb46f81c@group-AD4279E7EEBD->d39139c5-5210-4708-b66c-2240b4ead968-AppendLogResponseHandler: Failed appendEntries: org.apache.ratis.thirdparty.io.grpc.StatusRuntimeException: UNAVAILABLE: io exception
2019-09-24 22:59:04,697 [grpc-default-executor-1] INFO  impl.FollowerInfo (FollowerInfo.java:lambda$new$0(51)) - dbd80091-9753-44ad-af4d-a1b4cb46f81c@group-AD4279E7EEBD->d39139c5-5210-4708-b66c-2240b4ead968: nextIndex: updateUnconditionally 0 -> 0
2019-09-24 22:59:04,715 [grpc-default-executor-5] WARN  server.GrpcLogAppender (LogUtils.java:warn(134)) - 950aebb1-966b-4a76-ae1c-f15b3e34cc28@group-FE8252D5120B->1b127d74-8e4f-43fe-9dad-7b769944c181-AppendLogResponseHandler: Failed appendEntries: org.apache.ratis.thirdparty.io.grpc.StatusRuntimeException: UNAVAILABLE: io exception
2019-09-24 22:59:04,715 [grpc-default-executor-5] INFO  impl.FollowerInfo (FollowerInfo.java:lambda$new$0(51)) - 950aebb1-966b-4a76-ae1c-f15b3e34cc28@group-FE8252D5120B->1b127d74-8e4f-43fe-9dad-7b769944c181: nextIndex: updateUnconditionally 0 -> 0
2019-09-24 22:59:04,726 [grpc-default-executor-2] WARN  server.GrpcLogAppender (LogUtils.java:warn(134)) - 950aebb1-966b-4a76-ae1c-f15b3e34cc28@group-FE8252D5120B->c20705ec-6f31-4e08-9cc6-abff4709d2d8-AppendLogResponseHandler: Failed appendEntries: org.apache.ratis.thirdparty.io.grpc.StatusRuntimeException: UNAVAILABLE: io exception
2019-09-24 22:59:04,727 [grpc-default-executor-2] INFO  impl.FollowerInfo (FollowerInfo.java:lambda$new$0(51)) - 950aebb1-966b-4a76-ae1c-f15b3e34cc28@group-FE8252D5120B->c20705ec-6f31-4e08-9cc6-abff4709d2d8: nextIndex: updateUnconditionally 0 -> 0
2019-09-24 22:59:05,197 [grpc-default-executor-1] WARN  server.GrpcLogAppender (LogUtils.java:warn(134)) - dbd80091-9753-44ad-af4d-a1b4cb46f81c@group-AD4279E7EEBD->d39139c5-5210-4708-b66c-2240b4ead968-AppendLogResponseHandler: Failed appendEntries: org.apache.ratis.thirdparty.io.grpc.StatusRuntimeException: UNAVAILABLE: io exception
2019-09-24 22:59:05,197 [grpc-default-executor-1] INFO  impl.FollowerInfo (FollowerInfo.java:lambda$new$0(51)) - dbd80091-9753-44ad-af4d-a1b4cb46f81c@group-AD4279E7EEBD->d39139c5-5210-4708-b66c-2240b4ead968: nextIndex: updateUnconditionally 0 -> 0
2019-09-24 22:59:05,215 [grpc-default-executor-5] WARN  server.GrpcLogAppender (LogUtils.java:warn(134)) - 950aebb1-966b-4a76-ae1c-f15b3e34cc28@group-FE8252D5120B->1b127d74-8e4f-43fe-9dad-7b769944c181-AppendLogResponseHandler: Failed appendEntries: org.apache.ratis.thirdparty.io.grpc.StatusRuntimeException: UNAVAILABLE: io exception
2019-09-24 22:59:05,215 [grpc-default-executor-5] INFO  impl.FollowerInfo (FollowerInfo.java:lambda$new$0(51)) - 950aebb1-966b-4a76-ae1c-f15b3e34cc28@group-FE8252D5120B->1b127d74-8e4f-43fe-9dad-7b769944c181: nextIndex: updateUnconditionally 0 -> 0
2019-09-24 22:59:05,227 [grpc-default-executor-2] WARN  server.GrpcLogAppender (LogUtils.java:warn(134)) - 950aebb1-966b-4a76-ae1c-f15b3e34cc28@group-FE8252D5120B->c20705ec-6f31-4e08-9cc6-abff4709d2d8-AppendLogResponseHandler: Failed appendEntries: org.apache.ratis.thirdparty.io.grpc.StatusRuntimeException: UNAVAILABLE: io exception
2019-09-24 22:59:05,227 [grpc-default-executor-2] INFO  impl.FollowerInfo (FollowerInfo.java:lambda$new$0(51)) - 950aebb1-966b-4a76-ae1c-f15b3e34cc28@group-FE8252D5120B->c20705ec-6f31-4e08-9cc6-abff4709d2d8: nextIndex: updateUnconditionally 0 -> 0
2019-09-24 22:59:05,327 [Thread-1883] INFO  impl.FollowerState (FollowerState.java:run(106)) - df79811b-05d5-490a-beb3-27ac0aff7bfc:group-ECCDD8E1798D changes to CANDIDATE, lastRpcTime:1016, electionTimeout:1014ms
2019-09-24 22:59:05,328 [Thread-1883] INFO  impl.RoleInfo (RoleInfo.java:shutdownFollowerState(121)) - df79811b-05d5-490a-beb3-27ac0aff7bfc: shutdown FollowerState
2019-09-24 22:59:05,328 [Thread-1883] INFO  impl.RaftServerImpl (RaftServerImpl.java:setRole(174)) - df79811b-05d5-490a-beb3-27ac0aff7bfc@group-ECCDD8E1798D: changes role from  FOLLOWER to CANDIDATE at term 2 for changeToCandidate
2019-09-24 22:59:05,328 [Thread-1883] INFO  impl.RoleInfo (RoleInfo.java:updateAndGet(143)) - df79811b-05d5-490a-beb3-27ac0aff7bfc: start LeaderElection
2019-09-24 22:59:05,361 [df79811b-05d5-490a-beb3-27ac0aff7bfc@group-ECCDD8E1798D:LeaderElection20] INFO  impl.LeaderElection (LeaderElection.java:askForVotes(182)) - df79811b-05d5-490a-beb3-27ac0aff7bfc@group-ECCDD8E1798D:LeaderElection20: begin an election at term 3 for 0: [16bf6e05-f81a-41e5-883a-89e111b126fe:192.168.151.66:37026, df79811b-05d5-490a-beb3-27ac0aff7bfc:192.168.151.66:34065, 23c6c9b6-39b4-44f0-84a4-cf624850a9c3:192.168.151.66:32846], old=null
2019-09-24 22:59:05,362 [df79811b-05d5-490a-beb3-27ac0aff7bfc@group-ECCDD8E1798D:LeaderElection20] INFO  impl.LeaderElection (LogUtils.java:infoOrTrace(149)) - df79811b-05d5-490a-beb3-27ac0aff7bfc@group-ECCDD8E1798D:LeaderElection20 got exception when requesting votes: {}
java.util.concurrent.ExecutionException: org.apache.ratis.thirdparty.io.grpc.StatusRuntimeException: UNAVAILABLE: io exception
	at java.util.concurrent.FutureTask.report(FutureTask.java:122)
	at java.util.concurrent.FutureTask.get(FutureTask.java:192)
	at org.apache.ratis.server.impl.LeaderElection.waitForResults(LeaderElection.java:263)
	at org.apache.ratis.server.impl.LeaderElection.askForVotes(LeaderElection.java:201)
	at org.apache.ratis.server.impl.LeaderElection.run(LeaderElection.java:133)
	at java.lang.Thread.run(Thread.java:748)
Caused by: org.apache.ratis.thirdparty.io.grpc.StatusRuntimeException: UNAVAILABLE: io exception
	at org.apache.ratis.thirdparty.io.grpc.stub.ClientCalls.toStatusRuntimeException(ClientCalls.java:233)
	at org.apache.ratis.thirdparty.io.grpc.stub.ClientCalls.getUnchecked(ClientCalls.java:214)
	at org.apache.ratis.thirdparty.io.grpc.stub.ClientCalls.blockingUnaryCall(ClientCalls.java:139)
	at org.apache.ratis.proto.grpc.RaftServerProtocolServiceGrpc$RaftServerProtocolServiceBlockingStub.requestVote(RaftServerProtocolServiceGrpc.java:265)
	at org.apache.ratis.grpc.server.GrpcServerProtocolClient.requestVote(GrpcServerProtocolClient.java:90)
	at org.apache.ratis.grpc.server.GrpcService.requestVote(GrpcService.java:204)
	at org.apache.ratis.server.impl.LeaderElection.lambda$submitRequests$1(LeaderElection.java:238)
	at java.util.concurrent.FutureTask.run(FutureTask.java:266)
	at java.util.concurrent.Executors$RunnableAdapter.call(Executors.java:511)
	at java.util.concurrent.FutureTask.run(FutureTask.java:266)
	at java.util.concurrent.ThreadPoolExecutor.runWorker(ThreadPoolExecutor.java:1149)
	at java.util.concurrent.ThreadPoolExecutor$Worker.run(ThreadPoolExecutor.java:624)
	... 1 more
Caused by: org.apache.ratis.thirdparty.io.netty.channel.AbstractChannel$AnnotatedConnectException: Connection refused: /192.168.151.66:37026
	at sun.nio.ch.SocketChannelImpl.checkConnect(Native Method)
	at sun.nio.ch.SocketChannelImpl.finishConnect(SocketChannelImpl.java:717)
	at org.apache.ratis.thirdparty.io.netty.channel.socket.nio.NioSocketChannel.doFinishConnect(NioSocketChannel.java:327)
	at org.apache.ratis.thirdparty.io.netty.channel.nio.AbstractNioChannel$AbstractNioUnsafe.finishConnect(AbstractNioChannel.java:340)
	at org.apache.ratis.thirdparty.io.netty.channel.nio.NioEventLoop.processSelectedKey(NioEventLoop.java:632)
	at org.apache.ratis.thirdparty.io.netty.channel.nio.NioEventLoop.processSelectedKeysOptimized(NioEventLoop.java:579)
	at org.apache.ratis.thirdparty.io.netty.channel.nio.NioEventLoop.processSelectedKeys(NioEventLoop.java:496)
	at org.apache.ratis.thirdparty.io.netty.channel.nio.NioEventLoop.run(NioEventLoop.java:458)
	at org.apache.ratis.thirdparty.io.netty.util.concurrent.SingleThreadEventExecutor$5.run(SingleThreadEventExecutor.java:897)
	at org.apache.ratis.thirdparty.io.netty.util.concurrent.FastThreadLocalRunnable.run(FastThreadLocalRunnable.java:30)
	... 1 more
Caused by: java.net.ConnectException: Connection refused
	... 11 more
2019-09-24 22:59:05,364 [df79811b-05d5-490a-beb3-27ac0aff7bfc@group-ECCDD8E1798D:LeaderElection20] INFO  impl.LeaderElection (LogUtils.java:infoOrTrace(149)) - df79811b-05d5-490a-beb3-27ac0aff7bfc@group-ECCDD8E1798D:LeaderElection20 got exception when requesting votes: {}
java.util.concurrent.ExecutionException: org.apache.ratis.thirdparty.io.grpc.StatusRuntimeException: UNAVAILABLE: io exception
	at java.util.concurrent.FutureTask.report(FutureTask.java:122)
	at java.util.concurrent.FutureTask.get(FutureTask.java:192)
	at org.apache.ratis.server.impl.LeaderElection.waitForResults(LeaderElection.java:263)
	at org.apache.ratis.server.impl.LeaderElection.askForVotes(LeaderElection.java:201)
	at org.apache.ratis.server.impl.LeaderElection.run(LeaderElection.java:133)
	at java.lang.Thread.run(Thread.java:748)
Caused by: org.apache.ratis.thirdparty.io.grpc.StatusRuntimeException: UNAVAILABLE: io exception
	at org.apache.ratis.thirdparty.io.grpc.stub.ClientCalls.toStatusRuntimeException(ClientCalls.java:233)
	at org.apache.ratis.thirdparty.io.grpc.stub.ClientCalls.getUnchecked(ClientCalls.java:214)
	at org.apache.ratis.thirdparty.io.grpc.stub.ClientCalls.blockingUnaryCall(ClientCalls.java:139)
	at org.apache.ratis.proto.grpc.RaftServerProtocolServiceGrpc$RaftServerProtocolServiceBlockingStub.requestVote(RaftServerProtocolServiceGrpc.java:265)
	at org.apache.ratis.grpc.server.GrpcServerProtocolClient.requestVote(GrpcServerProtocolClient.java:90)
	at org.apache.ratis.grpc.server.GrpcService.requestVote(GrpcService.java:204)
	at org.apache.ratis.server.impl.LeaderElection.lambda$submitRequests$1(LeaderElection.java:238)
	at java.util.concurrent.FutureTask.run(FutureTask.java:266)
	at java.util.concurrent.Executors$RunnableAdapter.call(Executors.java:511)
	at java.util.concurrent.FutureTask.run(FutureTask.java:266)
	at java.util.concurrent.ThreadPoolExecutor.runWorker(ThreadPoolExecutor.java:1149)
	at java.util.concurrent.ThreadPoolExecutor$Worker.run(ThreadPoolExecutor.java:624)
	... 1 more
Caused by: org.apache.ratis.thirdparty.io.netty.channel.AbstractChannel$AnnotatedConnectException: Connection refused: /192.168.151.66:32846
	at sun.nio.ch.SocketChannelImpl.checkConnect(Native Method)
	at sun.nio.ch.SocketChannelImpl.finishConnect(SocketChannelImpl.java:717)
	at org.apache.ratis.thirdparty.io.netty.channel.socket.nio.NioSocketChannel.doFinishConnect(NioSocketChannel.java:327)
	at org.apache.ratis.thirdparty.io.netty.channel.nio.AbstractNioChannel$AbstractNioUnsafe.finishConnect(AbstractNioChannel.java:340)
	at org.apache.ratis.thirdparty.io.netty.channel.nio.NioEventLoop.processSelectedKey(NioEventLoop.java:632)
	at org.apache.ratis.thirdparty.io.netty.channel.nio.NioEventLoop.processSelectedKeysOptimized(NioEventLoop.java:579)
	at org.apache.ratis.thirdparty.io.netty.channel.nio.NioEventLoop.processSelectedKeys(NioEventLoop.java:496)
	at org.apache.ratis.thirdparty.io.netty.channel.nio.NioEventLoop.run(NioEventLoop.java:458)
	at org.apache.ratis.thirdparty.io.netty.util.concurrent.SingleThreadEventExecutor$5.run(SingleThreadEventExecutor.java:897)
	at org.apache.ratis.thirdparty.io.netty.util.concurrent.FastThreadLocalRunnable.run(FastThreadLocalRunnable.java:30)
	... 1 more
Caused by: java.net.ConnectException: Connection refused
	... 11 more
2019-09-24 22:59:05,367 [df79811b-05d5-490a-beb3-27ac0aff7bfc@group-ECCDD8E1798D:LeaderElection20] INFO  impl.LeaderElection (LeaderElection.java:logAndReturn(56)) - df79811b-05d5-490a-beb3-27ac0aff7bfc@group-ECCDD8E1798D:LeaderElection20: Election REJECTED; received 0 response(s) [] and 2 exception(s); df79811b-05d5-490a-beb3-27ac0aff7bfc@group-ECCDD8E1798D:t3, leader=null, voted=df79811b-05d5-490a-beb3-27ac0aff7bfc, raftlog=df79811b-05d5-490a-beb3-27ac0aff7bfc@group-ECCDD8E1798D-SegmentedRaftLog:OPENED:c0,f0,i0, conf=0: [16bf6e05-f81a-41e5-883a-89e111b126fe:192.168.151.66:37026, df79811b-05d5-490a-beb3-27ac0aff7bfc:192.168.151.66:34065, 23c6c9b6-39b4-44f0-84a4-cf624850a9c3:192.168.151.66:32846], old=null
2019-09-24 22:59:05,367 [df79811b-05d5-490a-beb3-27ac0aff7bfc@group-ECCDD8E1798D:LeaderElection20] INFO  impl.LeaderElection (LogUtils.java:infoOrTrace(149)) -   Exception 0: {}
java.util.concurrent.ExecutionException: org.apache.ratis.thirdparty.io.grpc.StatusRuntimeException: UNAVAILABLE: io exception
	at java.util.concurrent.FutureTask.report(FutureTask.java:122)
	at java.util.concurrent.FutureTask.get(FutureTask.java:192)
	at org.apache.ratis.server.impl.LeaderElection.waitForResults(LeaderElection.java:263)
	at org.apache.ratis.server.impl.LeaderElection.askForVotes(LeaderElection.java:201)
	at org.apache.ratis.server.impl.LeaderElection.run(LeaderElection.java:133)
	at java.lang.Thread.run(Thread.java:748)
Caused by: org.apache.ratis.thirdparty.io.grpc.StatusRuntimeException: UNAVAILABLE: io exception
	at org.apache.ratis.thirdparty.io.grpc.stub.ClientCalls.toStatusRuntimeException(ClientCalls.java:233)
	at org.apache.ratis.thirdparty.io.grpc.stub.ClientCalls.getUnchecked(ClientCalls.java:214)
	at org.apache.ratis.thirdparty.io.grpc.stub.ClientCalls.blockingUnaryCall(ClientCalls.java:139)
	at org.apache.ratis.proto.grpc.RaftServerProtocolServiceGrpc$RaftServerProtocolServiceBlockingStub.requestVote(RaftServerProtocolServiceGrpc.java:265)
	at org.apache.ratis.grpc.server.GrpcServerProtocolClient.requestVote(GrpcServerProtocolClient.java:90)
	at org.apache.ratis.grpc.server.GrpcService.requestVote(GrpcService.java:204)
	at org.apache.ratis.server.impl.LeaderElection.lambda$submitRequests$1(LeaderElection.java:238)
	at java.util.concurrent.FutureTask.run(FutureTask.java:266)
	at java.util.concurrent.Executors$RunnableAdapter.call(Executors.java:511)
	at java.util.concurrent.FutureTask.run(FutureTask.java:266)
	at java.util.concurrent.ThreadPoolExecutor.runWorker(ThreadPoolExecutor.java:1149)
	at java.util.concurrent.ThreadPoolExecutor$Worker.run(ThreadPoolExecutor.java:624)
	... 1 more
Caused by: org.apache.ratis.thirdparty.io.netty.channel.AbstractChannel$AnnotatedConnectException: Connection refused: /192.168.151.66:37026
	at sun.nio.ch.SocketChannelImpl.checkConnect(Native Method)
	at sun.nio.ch.SocketChannelImpl.finishConnect(SocketChannelImpl.java:717)
	at org.apache.ratis.thirdparty.io.netty.channel.socket.nio.NioSocketChannel.doFinishConnect(NioSocketChannel.java:327)
	at org.apache.ratis.thirdparty.io.netty.channel.nio.AbstractNioChannel$AbstractNioUnsafe.finishConnect(AbstractNioChannel.java:340)
	at org.apache.ratis.thirdparty.io.netty.channel.nio.NioEventLoop.processSelectedKey(NioEventLoop.java:632)
	at org.apache.ratis.thirdparty.io.netty.channel.nio.NioEventLoop.processSelectedKeysOptimized(NioEventLoop.java:579)
	at org.apache.ratis.thirdparty.io.netty.channel.nio.NioEventLoop.processSelectedKeys(NioEventLoop.java:496)
	at org.apache.ratis.thirdparty.io.netty.channel.nio.NioEventLoop.run(NioEventLoop.java:458)
	at org.apache.ratis.thirdparty.io.netty.util.concurrent.SingleThreadEventExecutor$5.run(SingleThreadEventExecutor.java:897)
	at org.apache.ratis.thirdparty.io.netty.util.concurrent.FastThreadLocalRunnable.run(FastThreadLocalRunnable.java:30)
	... 1 more
Caused by: java.net.ConnectException: Connection refused
	... 11 more
2019-09-24 22:59:05,367 [df79811b-05d5-490a-beb3-27ac0aff7bfc@group-ECCDD8E1798D:LeaderElection20] INFO  impl.LeaderElection (LogUtils.java:infoOrTrace(149)) -   Exception 1: {}
java.util.concurrent.ExecutionException: org.apache.ratis.thirdparty.io.grpc.StatusRuntimeException: UNAVAILABLE: io exception
	at java.util.concurrent.FutureTask.report(FutureTask.java:122)
	at java.util.concurrent.FutureTask.get(FutureTask.java:192)
	at org.apache.ratis.server.impl.LeaderElection.waitForResults(LeaderElection.java:263)
	at org.apache.ratis.server.impl.LeaderElection.askForVotes(LeaderElection.java:201)
	at org.apache.ratis.server.impl.LeaderElection.run(LeaderElection.java:133)
	at java.lang.Thread.run(Thread.java:748)
Caused by: org.apache.ratis.thirdparty.io.grpc.StatusRuntimeException: UNAVAILABLE: io exception
	at org.apache.ratis.thirdparty.io.grpc.stub.ClientCalls.toStatusRuntimeException(ClientCalls.java:233)
	at org.apache.ratis.thirdparty.io.grpc.stub.ClientCalls.getUnchecked(ClientCalls.java:214)
	at org.apache.ratis.thirdparty.io.grpc.stub.ClientCalls.blockingUnaryCall(ClientCalls.java:139)
	at org.apache.ratis.proto.grpc.RaftServerProtocolServiceGrpc$RaftServerProtocolServiceBlockingStub.requestVote(RaftServerProtocolServiceGrpc.java:265)
	at org.apache.ratis.grpc.server.GrpcServerProtocolClient.requestVote(GrpcServerProtocolClient.java:90)
	at org.apache.ratis.grpc.server.GrpcService.requestVote(GrpcService.java:204)
	at org.apache.ratis.server.impl.LeaderElection.lambda$submitRequests$1(LeaderElection.java:238)
	at java.util.concurrent.FutureTask.run(FutureTask.java:266)
	at java.util.concurrent.Executors$RunnableAdapter.call(Executors.java:511)
	at java.util.concurrent.FutureTask.run(FutureTask.java:266)
	at java.util.concurrent.ThreadPoolExecutor.runWorker(ThreadPoolExecutor.java:1149)
	at java.util.concurrent.ThreadPoolExecutor$Worker.run(ThreadPoolExecutor.java:624)
	... 1 more
Caused by: org.apache.ratis.thirdparty.io.netty.channel.AbstractChannel$AnnotatedConnectException: Connection refused: /192.168.151.66:32846
	at sun.nio.ch.SocketChannelImpl.checkConnect(Native Method)
	at sun.nio.ch.SocketChannelImpl.finishConnect(SocketChannelImpl.java:717)
	at org.apache.ratis.thirdparty.io.netty.channel.socket.nio.NioSocketChannel.doFinishConnect(NioSocketChannel.java:327)
	at org.apache.ratis.thirdparty.io.netty.channel.nio.AbstractNioChannel$AbstractNioUnsafe.finishConnect(AbstractNioChannel.java:340)
	at org.apache.ratis.thirdparty.io.netty.channel.nio.NioEventLoop.processSelectedKey(NioEventLoop.java:632)
	at org.apache.ratis.thirdparty.io.netty.channel.nio.NioEventLoop.processSelectedKeysOptimized(NioEventLoop.java:579)
	at org.apache.ratis.thirdparty.io.netty.channel.nio.NioEventLoop.processSelectedKeys(NioEventLoop.java:496)
	at org.apache.ratis.thirdparty.io.netty.channel.nio.NioEventLoop.run(NioEventLoop.java:458)
	at org.apache.ratis.thirdparty.io.netty.util.concurrent.SingleThreadEventExecutor$5.run(SingleThreadEventExecutor.java:897)
	at org.apache.ratis.thirdparty.io.netty.util.concurrent.FastThreadLocalRunnable.run(FastThreadLocalRunnable.java:30)
	... 1 more
Caused by: java.net.ConnectException: Connection refused
	... 11 more
2019-09-24 22:59:05,369 [df79811b-05d5-490a-beb3-27ac0aff7bfc@group-ECCDD8E1798D:LeaderElection20] INFO  impl.RaftServerImpl (RaftServerImpl.java:setRole(174)) - df79811b-05d5-490a-beb3-27ac0aff7bfc@group-ECCDD8E1798D: changes role from CANDIDATE to FOLLOWER at term 3 for DISCOVERED_A_NEW_TERM
2019-09-24 22:59:05,373 [df79811b-05d5-490a-beb3-27ac0aff7bfc@group-ECCDD8E1798D:LeaderElection20] INFO  impl.RoleInfo (RoleInfo.java:shutdownLeaderElection(134)) - df79811b-05d5-490a-beb3-27ac0aff7bfc: shutdown LeaderElection
2019-09-24 22:59:05,373 [df79811b-05d5-490a-beb3-27ac0aff7bfc@group-ECCDD8E1798D:LeaderElection20] INFO  impl.RoleInfo (RoleInfo.java:updateAndGet(143)) - df79811b-05d5-490a-beb3-27ac0aff7bfc: start FollowerState
2019-09-24 22:59:05,697 [grpc-default-executor-1] WARN  server.GrpcLogAppender (LogUtils.java:warn(134)) - dbd80091-9753-44ad-af4d-a1b4cb46f81c@group-AD4279E7EEBD->d39139c5-5210-4708-b66c-2240b4ead968-AppendLogResponseHandler: Failed appendEntries: org.apache.ratis.thirdparty.io.grpc.StatusRuntimeException: UNAVAILABLE: io exception
2019-09-24 22:59:05,699 [grpc-default-executor-1] INFO  impl.FollowerInfo (FollowerInfo.java:lambda$new$0(51)) - dbd80091-9753-44ad-af4d-a1b4cb46f81c@group-AD4279E7EEBD->d39139c5-5210-4708-b66c-2240b4ead968: nextIndex: updateUnconditionally 0 -> 0
2019-09-24 22:59:05,716 [grpc-default-executor-5] WARN  server.GrpcLogAppender (LogUtils.java:warn(134)) - 950aebb1-966b-4a76-ae1c-f15b3e34cc28@group-FE8252D5120B->1b127d74-8e4f-43fe-9dad-7b769944c181-AppendLogResponseHandler: Failed appendEntries: org.apache.ratis.thirdparty.io.grpc.StatusRuntimeException: UNAVAILABLE: io exception
2019-09-24 22:59:05,716 [grpc-default-executor-5] INFO  impl.FollowerInfo (FollowerInfo.java:lambda$new$0(51)) - 950aebb1-966b-4a76-ae1c-f15b3e34cc28@group-FE8252D5120B->1b127d74-8e4f-43fe-9dad-7b769944c181: nextIndex: updateUnconditionally 0 -> 0
2019-09-24 22:59:05,728 [grpc-default-executor-2] WARN  server.GrpcLogAppender (LogUtils.java:warn(134)) - 950aebb1-966b-4a76-ae1c-f15b3e34cc28@group-FE8252D5120B->c20705ec-6f31-4e08-9cc6-abff4709d2d8-AppendLogResponseHandler: Failed appendEntries: org.apache.ratis.thirdparty.io.grpc.StatusRuntimeException: UNAVAILABLE: io exception
2019-09-24 22:59:05,728 [grpc-default-executor-2] INFO  impl.FollowerInfo (FollowerInfo.java:lambda$new$0(51)) - 950aebb1-966b-4a76-ae1c-f15b3e34cc28@group-FE8252D5120B->c20705ec-6f31-4e08-9cc6-abff4709d2d8: nextIndex: updateUnconditionally 0 -> 0
2019-09-24 22:59:06,199 [grpc-default-executor-1] WARN  server.GrpcLogAppender (LogUtils.java:warn(134)) - dbd80091-9753-44ad-af4d-a1b4cb46f81c@group-AD4279E7EEBD->d39139c5-5210-4708-b66c-2240b4ead968-AppendLogResponseHandler: Failed appendEntries: org.apache.ratis.thirdparty.io.grpc.StatusRuntimeException: UNAVAILABLE: io exception
2019-09-24 22:59:06,200 [grpc-default-executor-1] INFO  impl.FollowerInfo (FollowerInfo.java:lambda$new$0(51)) - dbd80091-9753-44ad-af4d-a1b4cb46f81c@group-AD4279E7EEBD->d39139c5-5210-4708-b66c-2240b4ead968: nextIndex: updateUnconditionally 0 -> 0
2019-09-24 22:59:06,217 [grpc-default-executor-5] WARN  server.GrpcLogAppender (LogUtils.java:warn(134)) - 950aebb1-966b-4a76-ae1c-f15b3e34cc28@group-FE8252D5120B->1b127d74-8e4f-43fe-9dad-7b769944c181-AppendLogResponseHandler: Failed appendEntries: org.apache.ratis.thirdparty.io.grpc.StatusRuntimeException: UNAVAILABLE: io exception
2019-09-24 22:59:06,218 [grpc-default-executor-5] INFO  impl.FollowerInfo (FollowerInfo.java:lambda$new$0(51)) - 950aebb1-966b-4a76-ae1c-f15b3e34cc28@group-FE8252D5120B->1b127d74-8e4f-43fe-9dad-7b769944c181: nextIndex: updateUnconditionally 0 -> 0
2019-09-24 22:59:06,229 [grpc-default-executor-2] WARN  server.GrpcLogAppender (LogUtils.java:warn(134)) - 950aebb1-966b-4a76-ae1c-f15b3e34cc28@group-FE8252D5120B->c20705ec-6f31-4e08-9cc6-abff4709d2d8-AppendLogResponseHandler: Failed appendEntries: org.apache.ratis.thirdparty.io.grpc.StatusRuntimeException: UNAVAILABLE: io exception
2019-09-24 22:59:06,229 [grpc-default-executor-2] INFO  impl.FollowerInfo (FollowerInfo.java:lambda$new$0(51)) - 950aebb1-966b-4a76-ae1c-f15b3e34cc28@group-FE8252D5120B->c20705ec-6f31-4e08-9cc6-abff4709d2d8: nextIndex: updateUnconditionally 0 -> 0
2019-09-24 22:59:06,388 [Thread-1889] INFO  impl.FollowerState (FollowerState.java:run(106)) - df79811b-05d5-490a-beb3-27ac0aff7bfc:group-ECCDD8E1798D changes to CANDIDATE, lastRpcTime:1015, electionTimeout:1013ms
2019-09-24 22:59:06,388 [Thread-1889] INFO  impl.RoleInfo (RoleInfo.java:shutdownFollowerState(121)) - df79811b-05d5-490a-beb3-27ac0aff7bfc: shutdown FollowerState
2019-09-24 22:59:06,388 [Thread-1889] INFO  impl.RaftServerImpl (RaftServerImpl.java:setRole(174)) - df79811b-05d5-490a-beb3-27ac0aff7bfc@group-ECCDD8E1798D: changes role from  FOLLOWER to CANDIDATE at term 3 for changeToCandidate
2019-09-24 22:59:06,388 [Thread-1889] INFO  impl.RoleInfo (RoleInfo.java:updateAndGet(143)) - df79811b-05d5-490a-beb3-27ac0aff7bfc: start LeaderElection
2019-09-24 22:59:06,413 [df79811b-05d5-490a-beb3-27ac0aff7bfc@group-ECCDD8E1798D:LeaderElection21] INFO  impl.LeaderElection (LeaderElection.java:askForVotes(182)) - df79811b-05d5-490a-beb3-27ac0aff7bfc@group-ECCDD8E1798D:LeaderElection21: begin an election at term 4 for 0: [16bf6e05-f81a-41e5-883a-89e111b126fe:192.168.151.66:37026, df79811b-05d5-490a-beb3-27ac0aff7bfc:192.168.151.66:34065, 23c6c9b6-39b4-44f0-84a4-cf624850a9c3:192.168.151.66:32846], old=null
2019-09-24 22:59:06,414 [df79811b-05d5-490a-beb3-27ac0aff7bfc@group-ECCDD8E1798D:LeaderElection21] INFO  impl.LeaderElection (LogUtils.java:infoOrTrace(149)) - df79811b-05d5-490a-beb3-27ac0aff7bfc@group-ECCDD8E1798D:LeaderElection21 got exception when requesting votes: {}
java.util.concurrent.ExecutionException: org.apache.ratis.thirdparty.io.grpc.StatusRuntimeException: UNAVAILABLE: io exception
	at java.util.concurrent.FutureTask.report(FutureTask.java:122)
	at java.util.concurrent.FutureTask.get(FutureTask.java:192)
	at org.apache.ratis.server.impl.LeaderElection.waitForResults(LeaderElection.java:263)
	at org.apache.ratis.server.impl.LeaderElection.askForVotes(LeaderElection.java:201)
	at org.apache.ratis.server.impl.LeaderElection.run(LeaderElection.java:133)
	at java.lang.Thread.run(Thread.java:748)
Caused by: org.apache.ratis.thirdparty.io.grpc.StatusRuntimeException: UNAVAILABLE: io exception
	at org.apache.ratis.thirdparty.io.grpc.stub.ClientCalls.toStatusRuntimeException(ClientCalls.java:233)
	at org.apache.ratis.thirdparty.io.grpc.stub.ClientCalls.getUnchecked(ClientCalls.java:214)
	at org.apache.ratis.thirdparty.io.grpc.stub.ClientCalls.blockingUnaryCall(ClientCalls.java:139)
	at org.apache.ratis.proto.grpc.RaftServerProtocolServiceGrpc$RaftServerProtocolServiceBlockingStub.requestVote(RaftServerProtocolServiceGrpc.java:265)
	at org.apache.ratis.grpc.server.GrpcServerProtocolClient.requestVote(GrpcServerProtocolClient.java:90)
	at org.apache.ratis.grpc.server.GrpcService.requestVote(GrpcService.java:204)
	at org.apache.ratis.server.impl.LeaderElection.lambda$submitRequests$1(LeaderElection.java:238)
	at java.util.concurrent.FutureTask.run(FutureTask.java:266)
	at java.util.concurrent.Executors$RunnableAdapter.call(Executors.java:511)
	at java.util.concurrent.FutureTask.run(FutureTask.java:266)
	at java.util.concurrent.ThreadPoolExecutor.runWorker(ThreadPoolExecutor.java:1149)
	at java.util.concurrent.ThreadPoolExecutor$Worker.run(ThreadPoolExecutor.java:624)
	... 1 more
Caused by: org.apache.ratis.thirdparty.io.netty.channel.AbstractChannel$AnnotatedConnectException: Connection refused: /192.168.151.66:37026
	at sun.nio.ch.SocketChannelImpl.checkConnect(Native Method)
	at sun.nio.ch.SocketChannelImpl.finishConnect(SocketChannelImpl.java:717)
	at org.apache.ratis.thirdparty.io.netty.channel.socket.nio.NioSocketChannel.doFinishConnect(NioSocketChannel.java:327)
	at org.apache.ratis.thirdparty.io.netty.channel.nio.AbstractNioChannel$AbstractNioUnsafe.finishConnect(AbstractNioChannel.java:340)
	at org.apache.ratis.thirdparty.io.netty.channel.nio.NioEventLoop.processSelectedKey(NioEventLoop.java:632)
	at org.apache.ratis.thirdparty.io.netty.channel.nio.NioEventLoop.processSelectedKeysOptimized(NioEventLoop.java:579)
	at org.apache.ratis.thirdparty.io.netty.channel.nio.NioEventLoop.processSelectedKeys(NioEventLoop.java:496)
	at org.apache.ratis.thirdparty.io.netty.channel.nio.NioEventLoop.run(NioEventLoop.java:458)
	at org.apache.ratis.thirdparty.io.netty.util.concurrent.SingleThreadEventExecutor$5.run(SingleThreadEventExecutor.java:897)
	at org.apache.ratis.thirdparty.io.netty.util.concurrent.FastThreadLocalRunnable.run(FastThreadLocalRunnable.java:30)
	... 1 more
Caused by: java.net.ConnectException: Connection refused
	... 11 more
2019-09-24 22:59:06,416 [df79811b-05d5-490a-beb3-27ac0aff7bfc@group-ECCDD8E1798D:LeaderElection21] INFO  impl.LeaderElection (LogUtils.java:infoOrTrace(149)) - df79811b-05d5-490a-beb3-27ac0aff7bfc@group-ECCDD8E1798D:LeaderElection21 got exception when requesting votes: {}
java.util.concurrent.ExecutionException: org.apache.ratis.thirdparty.io.grpc.StatusRuntimeException: UNAVAILABLE: io exception
	at java.util.concurrent.FutureTask.report(FutureTask.java:122)
	at java.util.concurrent.FutureTask.get(FutureTask.java:192)
	at org.apache.ratis.server.impl.LeaderElection.waitForResults(LeaderElection.java:263)
	at org.apache.ratis.server.impl.LeaderElection.askForVotes(LeaderElection.java:201)
	at org.apache.ratis.server.impl.LeaderElection.run(LeaderElection.java:133)
	at java.lang.Thread.run(Thread.java:748)
Caused by: org.apache.ratis.thirdparty.io.grpc.StatusRuntimeException: UNAVAILABLE: io exception
	at org.apache.ratis.thirdparty.io.grpc.stub.ClientCalls.toStatusRuntimeException(ClientCalls.java:233)
	at org.apache.ratis.thirdparty.io.grpc.stub.ClientCalls.getUnchecked(ClientCalls.java:214)
	at org.apache.ratis.thirdparty.io.grpc.stub.ClientCalls.blockingUnaryCall(ClientCalls.java:139)
	at org.apache.ratis.proto.grpc.RaftServerProtocolServiceGrpc$RaftServerProtocolServiceBlockingStub.requestVote(RaftServerProtocolServiceGrpc.java:265)
	at org.apache.ratis.grpc.server.GrpcServerProtocolClient.requestVote(GrpcServerProtocolClient.java:90)
	at org.apache.ratis.grpc.server.GrpcService.requestVote(GrpcService.java:204)
	at org.apache.ratis.server.impl.LeaderElection.lambda$submitRequests$1(LeaderElection.java:238)
	at java.util.concurrent.FutureTask.run(FutureTask.java:266)
	at java.util.concurrent.Executors$RunnableAdapter.call(Executors.java:511)
	at java.util.concurrent.FutureTask.run(FutureTask.java:266)
	at java.util.concurrent.ThreadPoolExecutor.runWorker(ThreadPoolExecutor.java:1149)
	at java.util.concurrent.ThreadPoolExecutor$Worker.run(ThreadPoolExecutor.java:624)
	... 1 more
Caused by: org.apache.ratis.thirdparty.io.netty.channel.AbstractChannel$AnnotatedConnectException: Connection refused: /192.168.151.66:32846
	at sun.nio.ch.SocketChannelImpl.checkConnect(Native Method)
	at sun.nio.ch.SocketChannelImpl.finishConnect(SocketChannelImpl.java:717)
	at org.apache.ratis.thirdparty.io.netty.channel.socket.nio.NioSocketChannel.doFinishConnect(NioSocketChannel.java:327)
	at org.apache.ratis.thirdparty.io.netty.channel.nio.AbstractNioChannel$AbstractNioUnsafe.finishConnect(AbstractNioChannel.java:340)
	at org.apache.ratis.thirdparty.io.netty.channel.nio.NioEventLoop.processSelectedKey(NioEventLoop.java:632)
	at org.apache.ratis.thirdparty.io.netty.channel.nio.NioEventLoop.processSelectedKeysOptimized(NioEventLoop.java:579)
	at org.apache.ratis.thirdparty.io.netty.channel.nio.NioEventLoop.processSelectedKeys(NioEventLoop.java:496)
	at org.apache.ratis.thirdparty.io.netty.channel.nio.NioEventLoop.run(NioEventLoop.java:458)
	at org.apache.ratis.thirdparty.io.netty.util.concurrent.SingleThreadEventExecutor$5.run(SingleThreadEventExecutor.java:897)
	at org.apache.ratis.thirdparty.io.netty.util.concurrent.FastThreadLocalRunnable.run(FastThreadLocalRunnable.java:30)
	... 1 more
Caused by: java.net.ConnectException: Connection refused
	... 11 more
2019-09-24 22:59:06,418 [df79811b-05d5-490a-beb3-27ac0aff7bfc@group-ECCDD8E1798D:LeaderElection21] INFO  impl.LeaderElection (LeaderElection.java:logAndReturn(56)) - df79811b-05d5-490a-beb3-27ac0aff7bfc@group-ECCDD8E1798D:LeaderElection21: Election REJECTED; received 0 response(s) [] and 2 exception(s); df79811b-05d5-490a-beb3-27ac0aff7bfc@group-ECCDD8E1798D:t4, leader=null, voted=df79811b-05d5-490a-beb3-27ac0aff7bfc, raftlog=df79811b-05d5-490a-beb3-27ac0aff7bfc@group-ECCDD8E1798D-SegmentedRaftLog:OPENED:c0,f0,i0, conf=0: [16bf6e05-f81a-41e5-883a-89e111b126fe:192.168.151.66:37026, df79811b-05d5-490a-beb3-27ac0aff7bfc:192.168.151.66:34065, 23c6c9b6-39b4-44f0-84a4-cf624850a9c3:192.168.151.66:32846], old=null
2019-09-24 22:59:06,418 [df79811b-05d5-490a-beb3-27ac0aff7bfc@group-ECCDD8E1798D:LeaderElection21] INFO  impl.LeaderElection (LogUtils.java:infoOrTrace(149)) -   Exception 0: {}
java.util.concurrent.ExecutionException: org.apache.ratis.thirdparty.io.grpc.StatusRuntimeException: UNAVAILABLE: io exception
	at java.util.concurrent.FutureTask.report(FutureTask.java:122)
	at java.util.concurrent.FutureTask.get(FutureTask.java:192)
	at org.apache.ratis.server.impl.LeaderElection.waitForResults(LeaderElection.java:263)
	at org.apache.ratis.server.impl.LeaderElection.askForVotes(LeaderElection.java:201)
	at org.apache.ratis.server.impl.LeaderElection.run(LeaderElection.java:133)
	at java.lang.Thread.run(Thread.java:748)
Caused by: org.apache.ratis.thirdparty.io.grpc.StatusRuntimeException: UNAVAILABLE: io exception
	at org.apache.ratis.thirdparty.io.grpc.stub.ClientCalls.toStatusRuntimeException(ClientCalls.java:233)
	at org.apache.ratis.thirdparty.io.grpc.stub.ClientCalls.getUnchecked(ClientCalls.java:214)
	at org.apache.ratis.thirdparty.io.grpc.stub.ClientCalls.blockingUnaryCall(ClientCalls.java:139)
	at org.apache.ratis.proto.grpc.RaftServerProtocolServiceGrpc$RaftServerProtocolServiceBlockingStub.requestVote(RaftServerProtocolServiceGrpc.java:265)
	at org.apache.ratis.grpc.server.GrpcServerProtocolClient.requestVote(GrpcServerProtocolClient.java:90)
	at org.apache.ratis.grpc.server.GrpcService.requestVote(GrpcService.java:204)
	at org.apache.ratis.server.impl.LeaderElection.lambda$submitRequests$1(LeaderElection.java:238)
	at java.util.concurrent.FutureTask.run(FutureTask.java:266)
	at java.util.concurrent.Executors$RunnableAdapter.call(Executors.java:511)
	at java.util.concurrent.FutureTask.run(FutureTask.java:266)
	at java.util.concurrent.ThreadPoolExecutor.runWorker(ThreadPoolExecutor.java:1149)
	at java.util.concurrent.ThreadPoolExecutor$Worker.run(ThreadPoolExecutor.java:624)
	... 1 more
Caused by: org.apache.ratis.thirdparty.io.netty.channel.AbstractChannel$AnnotatedConnectException: Connection refused: /192.168.151.66:37026
	at sun.nio.ch.SocketChannelImpl.checkConnect(Native Method)
	at sun.nio.ch.SocketChannelImpl.finishConnect(SocketChannelImpl.java:717)
	at org.apache.ratis.thirdparty.io.netty.channel.socket.nio.NioSocketChannel.doFinishConnect(NioSocketChannel.java:327)
	at org.apache.ratis.thirdparty.io.netty.channel.nio.AbstractNioChannel$AbstractNioUnsafe.finishConnect(AbstractNioChannel.java:340)
	at org.apache.ratis.thirdparty.io.netty.channel.nio.NioEventLoop.processSelectedKey(NioEventLoop.java:632)
	at org.apache.ratis.thirdparty.io.netty.channel.nio.NioEventLoop.processSelectedKeysOptimized(NioEventLoop.java:579)
	at org.apache.ratis.thirdparty.io.netty.channel.nio.NioEventLoop.processSelectedKeys(NioEventLoop.java:496)
	at org.apache.ratis.thirdparty.io.netty.channel.nio.NioEventLoop.run(NioEventLoop.java:458)
	at org.apache.ratis.thirdparty.io.netty.util.concurrent.SingleThreadEventExecutor$5.run(SingleThreadEventExecutor.java:897)
	at org.apache.ratis.thirdparty.io.netty.util.concurrent.FastThreadLocalRunnable.run(FastThreadLocalRunnable.java:30)
	... 1 more
Caused by: java.net.ConnectException: Connection refused
	... 11 more
2019-09-24 22:59:06,419 [df79811b-05d5-490a-beb3-27ac0aff7bfc@group-ECCDD8E1798D:LeaderElection21] INFO  impl.LeaderElection (LogUtils.java:infoOrTrace(149)) -   Exception 1: {}
java.util.concurrent.ExecutionException: org.apache.ratis.thirdparty.io.grpc.StatusRuntimeException: UNAVAILABLE: io exception
	at java.util.concurrent.FutureTask.report(FutureTask.java:122)
	at java.util.concurrent.FutureTask.get(FutureTask.java:192)
	at org.apache.ratis.server.impl.LeaderElection.waitForResults(LeaderElection.java:263)
	at org.apache.ratis.server.impl.LeaderElection.askForVotes(LeaderElection.java:201)
	at org.apache.ratis.server.impl.LeaderElection.run(LeaderElection.java:133)
	at java.lang.Thread.run(Thread.java:748)
Caused by: org.apache.ratis.thirdparty.io.grpc.StatusRuntimeException: UNAVAILABLE: io exception
	at org.apache.ratis.thirdparty.io.grpc.stub.ClientCalls.toStatusRuntimeException(ClientCalls.java:233)
	at org.apache.ratis.thirdparty.io.grpc.stub.ClientCalls.getUnchecked(ClientCalls.java:214)
	at org.apache.ratis.thirdparty.io.grpc.stub.ClientCalls.blockingUnaryCall(ClientCalls.java:139)
	at org.apache.ratis.proto.grpc.RaftServerProtocolServiceGrpc$RaftServerProtocolServiceBlockingStub.requestVote(RaftServerProtocolServiceGrpc.java:265)
	at org.apache.ratis.grpc.server.GrpcServerProtocolClient.requestVote(GrpcServerProtocolClient.java:90)
	at org.apache.ratis.grpc.server.GrpcService.requestVote(GrpcService.java:204)
	at org.apache.ratis.server.impl.LeaderElection.lambda$submitRequests$1(LeaderElection.java:238)
	at java.util.concurrent.FutureTask.run(FutureTask.java:266)
	at java.util.concurrent.Executors$RunnableAdapter.call(Executors.java:511)
	at java.util.concurrent.FutureTask.run(FutureTask.java:266)
	at java.util.concurrent.ThreadPoolExecutor.runWorker(ThreadPoolExecutor.java:1149)
	at java.util.concurrent.ThreadPoolExecutor$Worker.run(ThreadPoolExecutor.java:624)
	... 1 more
Caused by: org.apache.ratis.thirdparty.io.netty.channel.AbstractChannel$AnnotatedConnectException: Connection refused: /192.168.151.66:32846
	at sun.nio.ch.SocketChannelImpl.checkConnect(Native Method)
	at sun.nio.ch.SocketChannelImpl.finishConnect(SocketChannelImpl.java:717)
	at org.apache.ratis.thirdparty.io.netty.channel.socket.nio.NioSocketChannel.doFinishConnect(NioSocketChannel.java:327)
	at org.apache.ratis.thirdparty.io.netty.channel.nio.AbstractNioChannel$AbstractNioUnsafe.finishConnect(AbstractNioChannel.java:340)
	at org.apache.ratis.thirdparty.io.netty.channel.nio.NioEventLoop.processSelectedKey(NioEventLoop.java:632)
	at org.apache.ratis.thirdparty.io.netty.channel.nio.NioEventLoop.processSelectedKeysOptimized(NioEventLoop.java:579)
	at org.apache.ratis.thirdparty.io.netty.channel.nio.NioEventLoop.processSelectedKeys(NioEventLoop.java:496)
	at org.apache.ratis.thirdparty.io.netty.channel.nio.NioEventLoop.run(NioEventLoop.java:458)
	at org.apache.ratis.thirdparty.io.netty.util.concurrent.SingleThreadEventExecutor$5.run(SingleThreadEventExecutor.java:897)
	at org.apache.ratis.thirdparty.io.netty.util.concurrent.FastThreadLocalRunnable.run(FastThreadLocalRunnable.java:30)
	... 1 more
Caused by: java.net.ConnectException: Connection refused
	... 11 more
2019-09-24 22:59:06,419 [df79811b-05d5-490a-beb3-27ac0aff7bfc@group-ECCDD8E1798D:LeaderElection21] INFO  impl.RaftServerImpl (RaftServerImpl.java:setRole(174)) - df79811b-05d5-490a-beb3-27ac0aff7bfc@group-ECCDD8E1798D: changes role from CANDIDATE to FOLLOWER at term 4 for DISCOVERED_A_NEW_TERM
2019-09-24 22:59:06,421 [df79811b-05d5-490a-beb3-27ac0aff7bfc@group-ECCDD8E1798D:LeaderElection21] INFO  impl.RoleInfo (RoleInfo.java:shutdownLeaderElection(134)) - df79811b-05d5-490a-beb3-27ac0aff7bfc: shutdown LeaderElection
2019-09-24 22:59:06,421 [df79811b-05d5-490a-beb3-27ac0aff7bfc@group-ECCDD8E1798D:LeaderElection21] INFO  impl.RoleInfo (RoleInfo.java:updateAndGet(143)) - df79811b-05d5-490a-beb3-27ac0aff7bfc: start FollowerState
2019-09-24 22:59:06,699 [grpc-default-executor-1] WARN  server.GrpcLogAppender (LogUtils.java:warn(134)) - dbd80091-9753-44ad-af4d-a1b4cb46f81c@group-AD4279E7EEBD->d39139c5-5210-4708-b66c-2240b4ead968-AppendLogResponseHandler: Failed appendEntries: org.apache.ratis.thirdparty.io.grpc.StatusRuntimeException: UNAVAILABLE: io exception
2019-09-24 22:59:06,701 [grpc-default-executor-1] INFO  impl.FollowerInfo (FollowerInfo.java:lambda$new$0(51)) - dbd80091-9753-44ad-af4d-a1b4cb46f81c@group-AD4279E7EEBD->d39139c5-5210-4708-b66c-2240b4ead968: nextIndex: updateUnconditionally 0 -> 0
2019-09-24 22:59:06,717 [grpc-default-executor-5] WARN  server.GrpcLogAppender (LogUtils.java:warn(134)) - 950aebb1-966b-4a76-ae1c-f15b3e34cc28@group-FE8252D5120B->1b127d74-8e4f-43fe-9dad-7b769944c181-AppendLogResponseHandler: Failed appendEntries: org.apache.ratis.thirdparty.io.grpc.StatusRuntimeException: UNAVAILABLE: io exception
2019-09-24 22:59:06,718 [grpc-default-executor-5] INFO  impl.FollowerInfo (FollowerInfo.java:lambda$new$0(51)) - 950aebb1-966b-4a76-ae1c-f15b3e34cc28@group-FE8252D5120B->1b127d74-8e4f-43fe-9dad-7b769944c181: nextIndex: updateUnconditionally 0 -> 0
2019-09-24 22:59:06,729 [grpc-default-executor-2] WARN  server.GrpcLogAppender (LogUtils.java:warn(134)) - 950aebb1-966b-4a76-ae1c-f15b3e34cc28@group-FE8252D5120B->c20705ec-6f31-4e08-9cc6-abff4709d2d8-AppendLogResponseHandler: Failed appendEntries: org.apache.ratis.thirdparty.io.grpc.StatusRuntimeException: UNAVAILABLE: io exception
2019-09-24 22:59:06,729 [grpc-default-executor-2] INFO  impl.FollowerInfo (FollowerInfo.java:lambda$new$0(51)) - 950aebb1-966b-4a76-ae1c-f15b3e34cc28@group-FE8252D5120B->c20705ec-6f31-4e08-9cc6-abff4709d2d8: nextIndex: updateUnconditionally 0 -> 0
2019-09-24 22:59:07,201 [grpc-default-executor-1] WARN  server.GrpcLogAppender (LogUtils.java:warn(134)) - dbd80091-9753-44ad-af4d-a1b4cb46f81c@group-AD4279E7EEBD->d39139c5-5210-4708-b66c-2240b4ead968-AppendLogResponseHandler: Failed appendEntries: org.apache.ratis.thirdparty.io.grpc.StatusRuntimeException: UNAVAILABLE: io exception
2019-09-24 22:59:07,202 [grpc-default-executor-1] INFO  impl.FollowerInfo (FollowerInfo.java:lambda$new$0(51)) - dbd80091-9753-44ad-af4d-a1b4cb46f81c@group-AD4279E7EEBD->d39139c5-5210-4708-b66c-2240b4ead968: nextIndex: updateUnconditionally 0 -> 0
2019-09-24 22:59:07,218 [grpc-default-executor-5] WARN  server.GrpcLogAppender (LogUtils.java:warn(134)) - 950aebb1-966b-4a76-ae1c-f15b3e34cc28@group-FE8252D5120B->1b127d74-8e4f-43fe-9dad-7b769944c181-AppendLogResponseHandler: Failed appendEntries: org.apache.ratis.thirdparty.io.grpc.StatusRuntimeException: UNAVAILABLE: io exception
2019-09-24 22:59:07,218 [grpc-default-executor-5] INFO  impl.FollowerInfo (FollowerInfo.java:lambda$new$0(51)) - 950aebb1-966b-4a76-ae1c-f15b3e34cc28@group-FE8252D5120B->1b127d74-8e4f-43fe-9dad-7b769944c181: nextIndex: updateUnconditionally 0 -> 0
2019-09-24 22:59:07,230 [grpc-default-executor-2] WARN  server.GrpcLogAppender (LogUtils.java:warn(134)) - 950aebb1-966b-4a76-ae1c-f15b3e34cc28@group-FE8252D5120B->c20705ec-6f31-4e08-9cc6-abff4709d2d8-AppendLogResponseHandler: Failed appendEntries: org.apache.ratis.thirdparty.io.grpc.StatusRuntimeException: UNAVAILABLE: io exception
2019-09-24 22:59:07,230 [grpc-default-executor-2] INFO  impl.FollowerInfo (FollowerInfo.java:lambda$new$0(51)) - 950aebb1-966b-4a76-ae1c-f15b3e34cc28@group-FE8252D5120B->c20705ec-6f31-4e08-9cc6-abff4709d2d8: nextIndex: updateUnconditionally 0 -> 0
2019-09-24 22:59:07,513 [Thread-1895] INFO  impl.FollowerState (FollowerState.java:run(106)) - df79811b-05d5-490a-beb3-27ac0aff7bfc:group-ECCDD8E1798D changes to CANDIDATE, lastRpcTime:1092, electionTimeout:1090ms
2019-09-24 22:59:07,513 [Thread-1895] INFO  impl.RoleInfo (RoleInfo.java:shutdownFollowerState(121)) - df79811b-05d5-490a-beb3-27ac0aff7bfc: shutdown FollowerState
2019-09-24 22:59:07,514 [Thread-1895] INFO  impl.RaftServerImpl (RaftServerImpl.java:setRole(174)) - df79811b-05d5-490a-beb3-27ac0aff7bfc@group-ECCDD8E1798D: changes role from  FOLLOWER to CANDIDATE at term 4 for changeToCandidate
2019-09-24 22:59:07,514 [Thread-1895] INFO  impl.RoleInfo (RoleInfo.java:updateAndGet(143)) - df79811b-05d5-490a-beb3-27ac0aff7bfc: start LeaderElection
2019-09-24 22:59:07,539 [df79811b-05d5-490a-beb3-27ac0aff7bfc@group-ECCDD8E1798D:LeaderElection22] INFO  impl.LeaderElection (LeaderElection.java:askForVotes(182)) - df79811b-05d5-490a-beb3-27ac0aff7bfc@group-ECCDD8E1798D:LeaderElection22: begin an election at term 5 for 0: [16bf6e05-f81a-41e5-883a-89e111b126fe:192.168.151.66:37026, df79811b-05d5-490a-beb3-27ac0aff7bfc:192.168.151.66:34065, 23c6c9b6-39b4-44f0-84a4-cf624850a9c3:192.168.151.66:32846], old=null
2019-09-24 22:59:07,540 [df79811b-05d5-490a-beb3-27ac0aff7bfc@group-ECCDD8E1798D:LeaderElection22] INFO  impl.LeaderElection (LogUtils.java:infoOrTrace(149)) - df79811b-05d5-490a-beb3-27ac0aff7bfc@group-ECCDD8E1798D:LeaderElection22 got exception when requesting votes: {}
java.util.concurrent.ExecutionException: org.apache.ratis.thirdparty.io.grpc.StatusRuntimeException: UNAVAILABLE: io exception
	at java.util.concurrent.FutureTask.report(FutureTask.java:122)
	at java.util.concurrent.FutureTask.get(FutureTask.java:192)
	at org.apache.ratis.server.impl.LeaderElection.waitForResults(LeaderElection.java:263)
	at org.apache.ratis.server.impl.LeaderElection.askForVotes(LeaderElection.java:201)
	at org.apache.ratis.server.impl.LeaderElection.run(LeaderElection.java:133)
	at java.lang.Thread.run(Thread.java:748)
Caused by: org.apache.ratis.thirdparty.io.grpc.StatusRuntimeException: UNAVAILABLE: io exception
	at org.apache.ratis.thirdparty.io.grpc.stub.ClientCalls.toStatusRuntimeException(ClientCalls.java:233)
	at org.apache.ratis.thirdparty.io.grpc.stub.ClientCalls.getUnchecked(ClientCalls.java:214)
	at org.apache.ratis.thirdparty.io.grpc.stub.ClientCalls.blockingUnaryCall(ClientCalls.java:139)
	at org.apache.ratis.proto.grpc.RaftServerProtocolServiceGrpc$RaftServerProtocolServiceBlockingStub.requestVote(RaftServerProtocolServiceGrpc.java:265)
	at org.apache.ratis.grpc.server.GrpcServerProtocolClient.requestVote(GrpcServerProtocolClient.java:90)
	at org.apache.ratis.grpc.server.GrpcService.requestVote(GrpcService.java:204)
	at org.apache.ratis.server.impl.LeaderElection.lambda$submitRequests$1(LeaderElection.java:238)
	at java.util.concurrent.FutureTask.run(FutureTask.java:266)
	at java.util.concurrent.Executors$RunnableAdapter.call(Executors.java:511)
	at java.util.concurrent.FutureTask.run(FutureTask.java:266)
	at java.util.concurrent.ThreadPoolExecutor.runWorker(ThreadPoolExecutor.java:1149)
	at java.util.concurrent.ThreadPoolExecutor$Worker.run(ThreadPoolExecutor.java:624)
	... 1 more
Caused by: org.apache.ratis.thirdparty.io.netty.channel.AbstractChannel$AnnotatedConnectException: Connection refused: /192.168.151.66:37026
	at sun.nio.ch.SocketChannelImpl.checkConnect(Native Method)
	at sun.nio.ch.SocketChannelImpl.finishConnect(SocketChannelImpl.java:717)
	at org.apache.ratis.thirdparty.io.netty.channel.socket.nio.NioSocketChannel.doFinishConnect(NioSocketChannel.java:327)
	at org.apache.ratis.thirdparty.io.netty.channel.nio.AbstractNioChannel$AbstractNioUnsafe.finishConnect(AbstractNioChannel.java:340)
	at org.apache.ratis.thirdparty.io.netty.channel.nio.NioEventLoop.processSelectedKey(NioEventLoop.java:632)
	at org.apache.ratis.thirdparty.io.netty.channel.nio.NioEventLoop.processSelectedKeysOptimized(NioEventLoop.java:579)
	at org.apache.ratis.thirdparty.io.netty.channel.nio.NioEventLoop.processSelectedKeys(NioEventLoop.java:496)
	at org.apache.ratis.thirdparty.io.netty.channel.nio.NioEventLoop.run(NioEventLoop.java:458)
	at org.apache.ratis.thirdparty.io.netty.util.concurrent.SingleThreadEventExecutor$5.run(SingleThreadEventExecutor.java:897)
	at org.apache.ratis.thirdparty.io.netty.util.concurrent.FastThreadLocalRunnable.run(FastThreadLocalRunnable.java:30)
	... 1 more
Caused by: java.net.ConnectException: Connection refused
	... 11 more
2019-09-24 22:59:07,543 [df79811b-05d5-490a-beb3-27ac0aff7bfc@group-ECCDD8E1798D:LeaderElection22] INFO  impl.LeaderElection (LogUtils.java:infoOrTrace(149)) - df79811b-05d5-490a-beb3-27ac0aff7bfc@group-ECCDD8E1798D:LeaderElection22 got exception when requesting votes: {}
java.util.concurrent.ExecutionException: org.apache.ratis.thirdparty.io.grpc.StatusRuntimeException: UNAVAILABLE: io exception
	at java.util.concurrent.FutureTask.report(FutureTask.java:122)
	at java.util.concurrent.FutureTask.get(FutureTask.java:192)
	at org.apache.ratis.server.impl.LeaderElection.waitForResults(LeaderElection.java:263)
	at org.apache.ratis.server.impl.LeaderElection.askForVotes(LeaderElection.java:201)
	at org.apache.ratis.server.impl.LeaderElection.run(LeaderElection.java:133)
	at java.lang.Thread.run(Thread.java:748)
Caused by: org.apache.ratis.thirdparty.io.grpc.StatusRuntimeException: UNAVAILABLE: io exception
	at org.apache.ratis.thirdparty.io.grpc.stub.ClientCalls.toStatusRuntimeException(ClientCalls.java:233)
	at org.apache.ratis.thirdparty.io.grpc.stub.ClientCalls.getUnchecked(ClientCalls.java:214)
	at org.apache.ratis.thirdparty.io.grpc.stub.ClientCalls.blockingUnaryCall(ClientCalls.java:139)
	at org.apache.ratis.proto.grpc.RaftServerProtocolServiceGrpc$RaftServerProtocolServiceBlockingStub.requestVote(RaftServerProtocolServiceGrpc.java:265)
	at org.apache.ratis.grpc.server.GrpcServerProtocolClient.requestVote(GrpcServerProtocolClient.java:90)
	at org.apache.ratis.grpc.server.GrpcService.requestVote(GrpcService.java:204)
	at org.apache.ratis.server.impl.LeaderElection.lambda$submitRequests$1(LeaderElection.java:238)
	at java.util.concurrent.FutureTask.run(FutureTask.java:266)
	at java.util.concurrent.Executors$RunnableAdapter.call(Executors.java:511)
	at java.util.concurrent.FutureTask.run(FutureTask.java:266)
	at java.util.concurrent.ThreadPoolExecutor.runWorker(ThreadPoolExecutor.java:1149)
	at java.util.concurrent.ThreadPoolExecutor$Worker.run(ThreadPoolExecutor.java:624)
	... 1 more
Caused by: org.apache.ratis.thirdparty.io.netty.channel.AbstractChannel$AnnotatedConnectException: Connection refused: /192.168.151.66:32846
	at sun.nio.ch.SocketChannelImpl.checkConnect(Native Method)
	at sun.nio.ch.SocketChannelImpl.finishConnect(SocketChannelImpl.java:717)
	at org.apache.ratis.thirdparty.io.netty.channel.socket.nio.NioSocketChannel.doFinishConnect(NioSocketChannel.java:327)
	at org.apache.ratis.thirdparty.io.netty.channel.nio.AbstractNioChannel$AbstractNioUnsafe.finishConnect(AbstractNioChannel.java:340)
	at org.apache.ratis.thirdparty.io.netty.channel.nio.NioEventLoop.processSelectedKey(NioEventLoop.java:632)
	at org.apache.ratis.thirdparty.io.netty.channel.nio.NioEventLoop.processSelectedKeysOptimized(NioEventLoop.java:579)
	at org.apache.ratis.thirdparty.io.netty.channel.nio.NioEventLoop.processSelectedKeys(NioEventLoop.java:496)
	at org.apache.ratis.thirdparty.io.netty.channel.nio.NioEventLoop.run(NioEventLoop.java:458)
	at org.apache.ratis.thirdparty.io.netty.util.concurrent.SingleThreadEventExecutor$5.run(SingleThreadEventExecutor.java:897)
	at org.apache.ratis.thirdparty.io.netty.util.concurrent.FastThreadLocalRunnable.run(FastThreadLocalRunnable.java:30)
	... 1 more
Caused by: java.net.ConnectException: Connection refused
	... 11 more
2019-09-24 22:59:07,545 [df79811b-05d5-490a-beb3-27ac0aff7bfc@group-ECCDD8E1798D:LeaderElection22] INFO  impl.LeaderElection (LeaderElection.java:logAndReturn(56)) - df79811b-05d5-490a-beb3-27ac0aff7bfc@group-ECCDD8E1798D:LeaderElection22: Election REJECTED; received 0 response(s) [] and 2 exception(s); df79811b-05d5-490a-beb3-27ac0aff7bfc@group-ECCDD8E1798D:t5, leader=null, voted=df79811b-05d5-490a-beb3-27ac0aff7bfc, raftlog=df79811b-05d5-490a-beb3-27ac0aff7bfc@group-ECCDD8E1798D-SegmentedRaftLog:OPENED:c0,f0,i0, conf=0: [16bf6e05-f81a-41e5-883a-89e111b126fe:192.168.151.66:37026, df79811b-05d5-490a-beb3-27ac0aff7bfc:192.168.151.66:34065, 23c6c9b6-39b4-44f0-84a4-cf624850a9c3:192.168.151.66:32846], old=null
2019-09-24 22:59:07,545 [df79811b-05d5-490a-beb3-27ac0aff7bfc@group-ECCDD8E1798D:LeaderElection22] INFO  impl.LeaderElection (LogUtils.java:infoOrTrace(149)) -   Exception 0: {}
java.util.concurrent.ExecutionException: org.apache.ratis.thirdparty.io.grpc.StatusRuntimeException: UNAVAILABLE: io exception
	at java.util.concurrent.FutureTask.report(FutureTask.java:122)
	at java.util.concurrent.FutureTask.get(FutureTask.java:192)
	at org.apache.ratis.server.impl.LeaderElection.waitForResults(LeaderElection.java:263)
	at org.apache.ratis.server.impl.LeaderElection.askForVotes(LeaderElection.java:201)
	at org.apache.ratis.server.impl.LeaderElection.run(LeaderElection.java:133)
	at java.lang.Thread.run(Thread.java:748)
Caused by: org.apache.ratis.thirdparty.io.grpc.StatusRuntimeException: UNAVAILABLE: io exception
	at org.apache.ratis.thirdparty.io.grpc.stub.ClientCalls.toStatusRuntimeException(ClientCalls.java:233)
	at org.apache.ratis.thirdparty.io.grpc.stub.ClientCalls.getUnchecked(ClientCalls.java:214)
	at org.apache.ratis.thirdparty.io.grpc.stub.ClientCalls.blockingUnaryCall(ClientCalls.java:139)
	at org.apache.ratis.proto.grpc.RaftServerProtocolServiceGrpc$RaftServerProtocolServiceBlockingStub.requestVote(RaftServerProtocolServiceGrpc.java:265)
	at org.apache.ratis.grpc.server.GrpcServerProtocolClient.requestVote(GrpcServerProtocolClient.java:90)
	at org.apache.ratis.grpc.server.GrpcService.requestVote(GrpcService.java:204)
	at org.apache.ratis.server.impl.LeaderElection.lambda$submitRequests$1(LeaderElection.java:238)
	at java.util.concurrent.FutureTask.run(FutureTask.java:266)
	at java.util.concurrent.Executors$RunnableAdapter.call(Executors.java:511)
	at java.util.concurrent.FutureTask.run(FutureTask.java:266)
	at java.util.concurrent.ThreadPoolExecutor.runWorker(ThreadPoolExecutor.java:1149)
	at java.util.concurrent.ThreadPoolExecutor$Worker.run(ThreadPoolExecutor.java:624)
	... 1 more
Caused by: org.apache.ratis.thirdparty.io.netty.channel.AbstractChannel$AnnotatedConnectException: Connection refused: /192.168.151.66:37026
	at sun.nio.ch.SocketChannelImpl.checkConnect(Native Method)
	at sun.nio.ch.SocketChannelImpl.finishConnect(SocketChannelImpl.java:717)
	at org.apache.ratis.thirdparty.io.netty.channel.socket.nio.NioSocketChannel.doFinishConnect(NioSocketChannel.java:327)
	at org.apache.ratis.thirdparty.io.netty.channel.nio.AbstractNioChannel$AbstractNioUnsafe.finishConnect(AbstractNioChannel.java:340)
	at org.apache.ratis.thirdparty.io.netty.channel.nio.NioEventLoop.processSelectedKey(NioEventLoop.java:632)
	at org.apache.ratis.thirdparty.io.netty.channel.nio.NioEventLoop.processSelectedKeysOptimized(NioEventLoop.java:579)
	at org.apache.ratis.thirdparty.io.netty.channel.nio.NioEventLoop.processSelectedKeys(NioEventLoop.java:496)
	at org.apache.ratis.thirdparty.io.netty.channel.nio.NioEventLoop.run(NioEventLoop.java:458)
	at org.apache.ratis.thirdparty.io.netty.util.concurrent.SingleThreadEventExecutor$5.run(SingleThreadEventExecutor.java:897)
	at org.apache.ratis.thirdparty.io.netty.util.concurrent.FastThreadLocalRunnable.run(FastThreadLocalRunnable.java:30)
	... 1 more
Caused by: java.net.ConnectException: Connection refused
	... 11 more
2019-09-24 22:59:07,545 [df79811b-05d5-490a-beb3-27ac0aff7bfc@group-ECCDD8E1798D:LeaderElection22] INFO  impl.LeaderElection (LogUtils.java:infoOrTrace(149)) -   Exception 1: {}
java.util.concurrent.ExecutionException: org.apache.ratis.thirdparty.io.grpc.StatusRuntimeException: UNAVAILABLE: io exception
	at java.util.concurrent.FutureTask.report(FutureTask.java:122)
	at java.util.concurrent.FutureTask.get(FutureTask.java:192)
	at org.apache.ratis.server.impl.LeaderElection.waitForResults(LeaderElection.java:263)
	at org.apache.ratis.server.impl.LeaderElection.askForVotes(LeaderElection.java:201)
	at org.apache.ratis.server.impl.LeaderElection.run(LeaderElection.java:133)
	at java.lang.Thread.run(Thread.java:748)
Caused by: org.apache.ratis.thirdparty.io.grpc.StatusRuntimeException: UNAVAILABLE: io exception
	at org.apache.ratis.thirdparty.io.grpc.stub.ClientCalls.toStatusRuntimeException(ClientCalls.java:233)
	at org.apache.ratis.thirdparty.io.grpc.stub.ClientCalls.getUnchecked(ClientCalls.java:214)
	at org.apache.ratis.thirdparty.io.grpc.stub.ClientCalls.blockingUnaryCall(ClientCalls.java:139)
	at org.apache.ratis.proto.grpc.RaftServerProtocolServiceGrpc$RaftServerProtocolServiceBlockingStub.requestVote(RaftServerProtocolServiceGrpc.java:265)
	at org.apache.ratis.grpc.server.GrpcServerProtocolClient.requestVote(GrpcServerProtocolClient.java:90)
	at org.apache.ratis.grpc.server.GrpcService.requestVote(GrpcService.java:204)
	at org.apache.ratis.server.impl.LeaderElection.lambda$submitRequests$1(LeaderElection.java:238)
	at java.util.concurrent.FutureTask.run(FutureTask.java:266)
	at java.util.concurrent.Executors$RunnableAdapter.call(Executors.java:511)
	at java.util.concurrent.FutureTask.run(FutureTask.java:266)
	at java.util.concurrent.ThreadPoolExecutor.runWorker(ThreadPoolExecutor.java:1149)
	at java.util.concurrent.ThreadPoolExecutor$Worker.run(ThreadPoolExecutor.java:624)
	... 1 more
Caused by: org.apache.ratis.thirdparty.io.netty.channel.AbstractChannel$AnnotatedConnectException: Connection refused: /192.168.151.66:32846
	at sun.nio.ch.SocketChannelImpl.checkConnect(Native Method)
	at sun.nio.ch.SocketChannelImpl.finishConnect(SocketChannelImpl.java:717)
	at org.apache.ratis.thirdparty.io.netty.channel.socket.nio.NioSocketChannel.doFinishConnect(NioSocketChannel.java:327)
	at org.apache.ratis.thirdparty.io.netty.channel.nio.AbstractNioChannel$AbstractNioUnsafe.finishConnect(AbstractNioChannel.java:340)
	at org.apache.ratis.thirdparty.io.netty.channel.nio.NioEventLoop.processSelectedKey(NioEventLoop.java:632)
	at org.apache.ratis.thirdparty.io.netty.channel.nio.NioEventLoop.processSelectedKeysOptimized(NioEventLoop.java:579)
	at org.apache.ratis.thirdparty.io.netty.channel.nio.NioEventLoop.processSelectedKeys(NioEventLoop.java:496)
	at org.apache.ratis.thirdparty.io.netty.channel.nio.NioEventLoop.run(NioEventLoop.java:458)
	at org.apache.ratis.thirdparty.io.netty.util.concurrent.SingleThreadEventExecutor$5.run(SingleThreadEventExecutor.java:897)
	at org.apache.ratis.thirdparty.io.netty.util.concurrent.FastThreadLocalRunnable.run(FastThreadLocalRunnable.java:30)
	... 1 more
Caused by: java.net.ConnectException: Connection refused
	... 11 more
2019-09-24 22:59:07,546 [df79811b-05d5-490a-beb3-27ac0aff7bfc@group-ECCDD8E1798D:LeaderElection22] INFO  impl.RaftServerImpl (RaftServerImpl.java:setRole(174)) - df79811b-05d5-490a-beb3-27ac0aff7bfc@group-ECCDD8E1798D: changes role from CANDIDATE to FOLLOWER at term 5 for DISCOVERED_A_NEW_TERM
2019-09-24 22:59:07,547 [df79811b-05d5-490a-beb3-27ac0aff7bfc@group-ECCDD8E1798D:LeaderElection22] INFO  impl.RoleInfo (RoleInfo.java:shutdownLeaderElection(134)) - df79811b-05d5-490a-beb3-27ac0aff7bfc: shutdown LeaderElection
2019-09-24 22:59:07,548 [df79811b-05d5-490a-beb3-27ac0aff7bfc@group-ECCDD8E1798D:LeaderElection22] INFO  impl.RoleInfo (RoleInfo.java:updateAndGet(143)) - df79811b-05d5-490a-beb3-27ac0aff7bfc: start FollowerState
2019-09-24 22:59:07,702 [grpc-default-executor-1] WARN  server.GrpcLogAppender (LogUtils.java:warn(134)) - dbd80091-9753-44ad-af4d-a1b4cb46f81c@group-AD4279E7EEBD->d39139c5-5210-4708-b66c-2240b4ead968-AppendLogResponseHandler: Failed appendEntries: org.apache.ratis.thirdparty.io.grpc.StatusRuntimeException: UNAVAILABLE: io exception
2019-09-24 22:59:07,704 [grpc-default-executor-1] INFO  impl.FollowerInfo (FollowerInfo.java:lambda$new$0(51)) - dbd80091-9753-44ad-af4d-a1b4cb46f81c@group-AD4279E7EEBD->d39139c5-5210-4708-b66c-2240b4ead968: nextIndex: updateUnconditionally 0 -> 0
2019-09-24 22:59:07,718 [grpc-default-executor-5] WARN  server.GrpcLogAppender (LogUtils.java:warn(134)) - 950aebb1-966b-4a76-ae1c-f15b3e34cc28@group-FE8252D5120B->1b127d74-8e4f-43fe-9dad-7b769944c181-AppendLogResponseHandler: Failed appendEntries: org.apache.ratis.thirdparty.io.grpc.StatusRuntimeException: UNAVAILABLE: io exception
2019-09-24 22:59:07,719 [grpc-default-executor-5] INFO  impl.FollowerInfo (FollowerInfo.java:lambda$new$0(51)) - 950aebb1-966b-4a76-ae1c-f15b3e34cc28@group-FE8252D5120B->1b127d74-8e4f-43fe-9dad-7b769944c181: nextIndex: updateUnconditionally 0 -> 0
2019-09-24 22:59:07,730 [grpc-default-executor-2] WARN  server.GrpcLogAppender (LogUtils.java:warn(134)) - 950aebb1-966b-4a76-ae1c-f15b3e34cc28@group-FE8252D5120B->c20705ec-6f31-4e08-9cc6-abff4709d2d8-AppendLogResponseHandler: Failed appendEntries: org.apache.ratis.thirdparty.io.grpc.StatusRuntimeException: UNAVAILABLE: io exception
2019-09-24 22:59:07,731 [grpc-default-executor-2] INFO  impl.FollowerInfo (FollowerInfo.java:lambda$new$0(51)) - 950aebb1-966b-4a76-ae1c-f15b3e34cc28@group-FE8252D5120B->c20705ec-6f31-4e08-9cc6-abff4709d2d8: nextIndex: updateUnconditionally 0 -> 0
2019-09-24 22:59:08,203 [grpc-default-executor-1] WARN  server.GrpcLogAppender (LogUtils.java:warn(134)) - dbd80091-9753-44ad-af4d-a1b4cb46f81c@group-AD4279E7EEBD->d39139c5-5210-4708-b66c-2240b4ead968-AppendLogResponseHandler: Failed appendEntries: org.apache.ratis.thirdparty.io.grpc.StatusRuntimeException: UNAVAILABLE: io exception
2019-09-24 22:59:08,204 [grpc-default-executor-1] INFO  impl.FollowerInfo (FollowerInfo.java:lambda$new$0(51)) - dbd80091-9753-44ad-af4d-a1b4cb46f81c@group-AD4279E7EEBD->d39139c5-5210-4708-b66c-2240b4ead968: nextIndex: updateUnconditionally 0 -> 0
2019-09-24 22:59:08,219 [grpc-default-executor-5] WARN  server.GrpcLogAppender (LogUtils.java:warn(134)) - 950aebb1-966b-4a76-ae1c-f15b3e34cc28@group-FE8252D5120B->1b127d74-8e4f-43fe-9dad-7b769944c181-AppendLogResponseHandler: Failed appendEntries: org.apache.ratis.thirdparty.io.grpc.StatusRuntimeException: UNAVAILABLE: io exception
2019-09-24 22:59:08,219 [grpc-default-executor-5] INFO  impl.FollowerInfo (FollowerInfo.java:lambda$new$0(51)) - 950aebb1-966b-4a76-ae1c-f15b3e34cc28@group-FE8252D5120B->1b127d74-8e4f-43fe-9dad-7b769944c181: nextIndex: updateUnconditionally 0 -> 0
2019-09-24 22:59:08,231 [grpc-default-executor-2] WARN  server.GrpcLogAppender (LogUtils.java:warn(134)) - 950aebb1-966b-4a76-ae1c-f15b3e34cc28@group-FE8252D5120B->c20705ec-6f31-4e08-9cc6-abff4709d2d8-AppendLogResponseHandler: Failed appendEntries: org.apache.ratis.thirdparty.io.grpc.StatusRuntimeException: UNAVAILABLE: io exception
2019-09-24 22:59:08,231 [grpc-default-executor-2] INFO  impl.FollowerInfo (FollowerInfo.java:lambda$new$0(51)) - 950aebb1-966b-4a76-ae1c-f15b3e34cc28@group-FE8252D5120B->c20705ec-6f31-4e08-9cc6-abff4709d2d8: nextIndex: updateUnconditionally 0 -> 0
2019-09-24 22:59:08,264 [main] INFO  ozoneimpl.OzoneContainer (OzoneContainer.java:stop(231)) - Attempting to stop container services.
2019-09-24 22:59:08,264 [ForkJoinPool.commonPool-worker-0] INFO  ozoneimpl.OzoneContainer (OzoneContainer.java:stop(231)) - Attempting to stop container services.
2019-09-24 22:59:08,264 [main] INFO  impl.RaftServerProxy (RaftServerProxy.java:lambda$close$4(314)) - dbd80091-9753-44ad-af4d-a1b4cb46f81c: close
2019-09-24 22:59:08,265 [ForkJoinPool.commonPool-worker-0] INFO  impl.RaftServerProxy (RaftServerProxy.java:lambda$close$4(314)) - 950aebb1-966b-4a76-ae1c-f15b3e34cc28: close
2019-09-24 22:59:08,265 [main] INFO  impl.RaftServerImpl (RaftServerImpl.java:lambda$shutdown$3(251)) - dbd80091-9753-44ad-af4d-a1b4cb46f81c@group-00715C1BA6DD: shutdown
2019-09-24 22:59:08,265 [ForkJoinPool.commonPool-worker-0] INFO  impl.RaftServerImpl (RaftServerImpl.java:lambda$shutdown$3(251)) - 950aebb1-966b-4a76-ae1c-f15b3e34cc28@group-FE8252D5120B: shutdown
2019-09-24 22:59:08,266 [main] INFO  util.JmxRegister (JmxRegister.java:unregister(73)) - Successfully un-registered JMX Bean with object name Ratis:service=RaftServer,group=group-00715C1BA6DD,id=dbd80091-9753-44ad-af4d-a1b4cb46f81c
2019-09-24 22:59:08,266 [ForkJoinPool.commonPool-worker-0] INFO  util.JmxRegister (JmxRegister.java:unregister(73)) - Successfully un-registered JMX Bean with object name Ratis:service=RaftServer,group=group-FE8252D5120B,id=950aebb1-966b-4a76-ae1c-f15b3e34cc28
2019-09-24 22:59:08,267 [ForkJoinPool.commonPool-worker-0] INFO  impl.RoleInfo (RoleInfo.java:shutdownLeaderState(104)) - 950aebb1-966b-4a76-ae1c-f15b3e34cc28: shutdown LeaderState
2019-09-24 22:59:08,266 [main] INFO  impl.RoleInfo (RoleInfo.java:shutdownLeaderState(104)) - dbd80091-9753-44ad-af4d-a1b4cb46f81c: shutdown LeaderState
2019-09-24 22:59:08,271 [org.apache.ratis.server.impl.LogAppender$AppenderDaemon$$Lambda$406/1092961043@3b5becb2] WARN  server.GrpcLogAppender (GrpcLogAppender.java:mayWait(143)) - 950aebb1-966b-4a76-ae1c-f15b3e34cc28@group-FE8252D5120B->1b127d74-8e4f-43fe-9dad-7b769944c181-GrpcLogAppender: Wait interrupted by java.lang.InterruptedException
2019-09-24 22:59:08,271 [org.apache.ratis.server.impl.LogAppender$AppenderDaemon$$Lambda$406/1092961043@6d946ef5] WARN  server.GrpcLogAppender (GrpcLogAppender.java:mayWait(143)) - 950aebb1-966b-4a76-ae1c-f15b3e34cc28@group-FE8252D5120B->c20705ec-6f31-4e08-9cc6-abff4709d2d8-GrpcLogAppender: Wait interrupted by java.lang.InterruptedException
2019-09-24 22:59:08,271 [ForkJoinPool.commonPool-worker-0] INFO  impl.PendingRequests (PendingRequests.java:sendNotLeaderResponses(202)) - 950aebb1-966b-4a76-ae1c-f15b3e34cc28-PendingRequests: sendNotLeaderResponses
2019-09-24 22:59:08,271 [main] INFO  impl.PendingRequests (PendingRequests.java:sendNotLeaderResponses(202)) - dbd80091-9753-44ad-af4d-a1b4cb46f81c-PendingRequests: sendNotLeaderResponses
2019-09-24 22:59:08,275 [ForkJoinPool.commonPool-worker-0] INFO  impl.StateMachineUpdater (StateMachineUpdater.java:stopAndJoin(125)) - 950aebb1-966b-4a76-ae1c-f15b3e34cc28@group-FE8252D5120B-StateMachineUpdater: set stopIndex = 0
2019-09-24 22:59:08,276 [main] INFO  impl.StateMachineUpdater (StateMachineUpdater.java:stopAndJoin(125)) - dbd80091-9753-44ad-af4d-a1b4cb46f81c@group-00715C1BA6DD-StateMachineUpdater: set stopIndex = 0
2019-09-24 22:59:08,285 [ForkJoinPool.commonPool-worker-0] INFO  impl.RaftServerImpl (ServerState.java:close(385)) - 950aebb1-966b-4a76-ae1c-f15b3e34cc28@group-FE8252D5120B: closes. applyIndex: 0
2019-09-24 22:59:08,286 [main] INFO  impl.RaftServerImpl (ServerState.java:close(385)) - dbd80091-9753-44ad-af4d-a1b4cb46f81c@group-00715C1BA6DD: closes. applyIndex: 0
2019-09-24 22:59:08,287 [950aebb1-966b-4a76-ae1c-f15b3e34cc28@group-FE8252D5120B-SegmentedRaftLogWorker] INFO  segmented.SegmentedRaftLogWorker (SegmentedRaftLogWorker.java:run(313)) - 950aebb1-966b-4a76-ae1c-f15b3e34cc28@group-FE8252D5120B-SegmentedRaftLogWorker was interrupted, exiting. There are 0 tasks remaining in the queue.
2019-09-24 22:59:08,287 [dbd80091-9753-44ad-af4d-a1b4cb46f81c@group-00715C1BA6DD-SegmentedRaftLogWorker] INFO  segmented.SegmentedRaftLogWorker (SegmentedRaftLogWorker.java:run(313)) - dbd80091-9753-44ad-af4d-a1b4cb46f81c@group-00715C1BA6DD-SegmentedRaftLogWorker was interrupted, exiting. There are 0 tasks remaining in the queue.
2019-09-24 22:59:08,288 [ForkJoinPool.commonPool-worker-0] INFO  segmented.SegmentedRaftLogWorker (SegmentedRaftLogWorker.java:close(228)) - 950aebb1-966b-4a76-ae1c-f15b3e34cc28@group-FE8252D5120B-SegmentedRaftLogWorker close()
2019-09-24 22:59:08,288 [main] INFO  segmented.SegmentedRaftLogWorker (SegmentedRaftLogWorker.java:close(228)) - dbd80091-9753-44ad-af4d-a1b4cb46f81c@group-00715C1BA6DD-SegmentedRaftLogWorker close()
2019-09-24 22:59:08,290 [ForkJoinPool.commonPool-worker-0] INFO  impl.RaftServerImpl (RaftServerImpl.java:lambda$shutdown$3(251)) - 950aebb1-966b-4a76-ae1c-f15b3e34cc28@group-838FA7755D81: shutdown
2019-09-24 22:59:08,292 [main] INFO  impl.RaftServerImpl (RaftServerImpl.java:lambda$shutdown$3(251)) - dbd80091-9753-44ad-af4d-a1b4cb46f81c@group-AD4279E7EEBD: shutdown
2019-09-24 22:59:08,292 [ForkJoinPool.commonPool-worker-0] INFO  util.JmxRegister (JmxRegister.java:unregister(73)) - Successfully un-registered JMX Bean with object name Ratis:service=RaftServer,group=group-838FA7755D81,id=950aebb1-966b-4a76-ae1c-f15b3e34cc28
2019-09-24 22:59:08,292 [main] INFO  util.JmxRegister (JmxRegister.java:unregister(73)) - Successfully un-registered JMX Bean with object name Ratis:service=RaftServer,group=group-AD4279E7EEBD,id=dbd80091-9753-44ad-af4d-a1b4cb46f81c
2019-09-24 22:59:08,293 [main] INFO  impl.RoleInfo (RoleInfo.java:shutdownLeaderState(104)) - dbd80091-9753-44ad-af4d-a1b4cb46f81c: shutdown LeaderState
2019-09-24 22:59:08,293 [ForkJoinPool.commonPool-worker-0] INFO  impl.RoleInfo (RoleInfo.java:shutdownLeaderState(104)) - 950aebb1-966b-4a76-ae1c-f15b3e34cc28: shutdown LeaderState
2019-09-24 22:59:08,296 [org.apache.ratis.server.impl.LogAppender$AppenderDaemon$$Lambda$406/1092961043@3448cd6c] WARN  server.GrpcLogAppender (GrpcLogAppender.java:mayWait(143)) - dbd80091-9753-44ad-af4d-a1b4cb46f81c@group-AD4279E7EEBD->d39139c5-5210-4708-b66c-2240b4ead968-GrpcLogAppender: Wait interrupted by java.lang.InterruptedException
2019-09-24 22:59:08,296 [org.apache.ratis.server.impl.LogAppender$AppenderDaemon$$Lambda$406/1092961043@5ea2650a] WARN  server.GrpcLogAppender (GrpcLogAppender.java:mayWait(143)) - dbd80091-9753-44ad-af4d-a1b4cb46f81c@group-AD4279E7EEBD->2eb382c8-b0ed-4536-b55b-1910907e8973-GrpcLogAppender: Wait interrupted by java.lang.InterruptedException
2019-09-24 22:59:08,296 [main] INFO  impl.PendingRequests (PendingRequests.java:sendNotLeaderResponses(202)) - dbd80091-9753-44ad-af4d-a1b4cb46f81c-PendingRequests: sendNotLeaderResponses
2019-09-24 22:59:08,297 [ForkJoinPool.commonPool-worker-0] INFO  impl.PendingRequests (PendingRequests.java:sendNotLeaderResponses(202)) - 950aebb1-966b-4a76-ae1c-f15b3e34cc28-PendingRequests: sendNotLeaderResponses
2019-09-24 22:59:08,298 [grpc-default-executor-2] INFO  server.GrpcServerProtocolService (GrpcServerProtocolService.java:onCompleted(113)) - 2eb382c8-b0ed-4536-b55b-1910907e8973: Completed APPEND_ENTRIES, lastRequest: dbd80091-9753-44ad-af4d-a1b4cb46f81c->2eb382c8-b0ed-4536-b55b-1910907e8973#257-t1, previous=(t:1, i:0), leaderCommit=0, initializing? false, entries: <empty>
2019-09-24 22:59:08,298 [main] INFO  impl.StateMachineUpdater (StateMachineUpdater.java:stopAndJoin(125)) - dbd80091-9753-44ad-af4d-a1b4cb46f81c@group-AD4279E7EEBD-StateMachineUpdater: set stopIndex = 0
2019-09-24 22:59:08,298 [ForkJoinPool.commonPool-worker-0] INFO  impl.StateMachineUpdater (StateMachineUpdater.java:stopAndJoin(125)) - 950aebb1-966b-4a76-ae1c-f15b3e34cc28@group-838FA7755D81-StateMachineUpdater: set stopIndex = 0
2019-09-24 22:59:08,299 [main] INFO  impl.RaftServerImpl (ServerState.java:close(385)) - dbd80091-9753-44ad-af4d-a1b4cb46f81c@group-AD4279E7EEBD: closes. applyIndex: 0
2019-09-24 22:59:08,301 [grpc-default-executor-2] INFO  server.GrpcLogAppender (GrpcLogAppender.java:onCompleted(293)) - dbd80091-9753-44ad-af4d-a1b4cb46f81c@group-AD4279E7EEBD->2eb382c8-b0ed-4536-b55b-1910907e8973-AppendLogResponseHandler: follower responses appendEntries COMPLETED
2019-09-24 22:59:08,299 [ForkJoinPool.commonPool-worker-0] INFO  impl.RaftServerImpl (ServerState.java:close(385)) - 950aebb1-966b-4a76-ae1c-f15b3e34cc28@group-838FA7755D81: closes. applyIndex: 0
2019-09-24 22:59:08,302 [grpc-default-executor-2] INFO  impl.FollowerInfo (FollowerInfo.java:lambda$new$0(51)) - dbd80091-9753-44ad-af4d-a1b4cb46f81c@group-AD4279E7EEBD->2eb382c8-b0ed-4536-b55b-1910907e8973: nextIndex: updateUnconditionally 1 -> 0
2019-09-24 22:59:08,301 [dbd80091-9753-44ad-af4d-a1b4cb46f81c@group-AD4279E7EEBD-SegmentedRaftLogWorker] INFO  segmented.SegmentedRaftLogWorker (SegmentedRaftLogWorker.java:run(313)) - dbd80091-9753-44ad-af4d-a1b4cb46f81c@group-AD4279E7EEBD-SegmentedRaftLogWorker was interrupted, exiting. There are 0 tasks remaining in the queue.
2019-09-24 22:59:08,302 [950aebb1-966b-4a76-ae1c-f15b3e34cc28@group-838FA7755D81-SegmentedRaftLogWorker] INFO  segmented.SegmentedRaftLogWorker (SegmentedRaftLogWorker.java:run(313)) - 950aebb1-966b-4a76-ae1c-f15b3e34cc28@group-838FA7755D81-SegmentedRaftLogWorker was interrupted, exiting. There are 0 tasks remaining in the queue.
2019-09-24 22:59:08,303 [main] INFO  segmented.SegmentedRaftLogWorker (SegmentedRaftLogWorker.java:close(228)) - dbd80091-9753-44ad-af4d-a1b4cb46f81c@group-AD4279E7EEBD-SegmentedRaftLogWorker close()
2019-09-24 22:59:08,303 [ForkJoinPool.commonPool-worker-0] INFO  segmented.SegmentedRaftLogWorker (SegmentedRaftLogWorker.java:close(228)) - 950aebb1-966b-4a76-ae1c-f15b3e34cc28@group-838FA7755D81-SegmentedRaftLogWorker close()
2019-09-24 22:59:08,305 [main] INFO  server.GrpcService (GrpcService.java:closeImpl(164)) - dbd80091-9753-44ad-af4d-a1b4cb46f81c: shutdown server with port 34381 now
2019-09-24 22:59:08,307 [ForkJoinPool.commonPool-worker-0] INFO  server.GrpcService (GrpcService.java:closeImpl(164)) - 950aebb1-966b-4a76-ae1c-f15b3e34cc28: shutdown server with port 43627 now
2019-09-24 22:59:08,307 [main] INFO  server.GrpcService (GrpcService.java:closeImpl(172)) - dbd80091-9753-44ad-af4d-a1b4cb46f81c: shutdown server with port 34381 successfully
2019-09-24 22:59:08,307 [ForkJoinPool.commonPool-worker-0] INFO  server.GrpcService (GrpcService.java:closeImpl(172)) - 950aebb1-966b-4a76-ae1c-f15b3e34cc28: shutdown server with port 43627 successfully
2019-09-24 22:59:08,311 [refreshUsed-/workdir/hadoop-ozone/integration-test/target/test-dir/MiniOzoneClusterImpl-5f7a597a-7e5e-4415-9205-5cad3600d18e/datanode-0/data/containers] WARN  fs.CachingGetSpaceUsed (CachingGetSpaceUsed.java:run(183)) - Thread Interrupted waiting to refresh disk information: sleep interrupted
2019-09-24 22:59:08,313 [refreshUsed-/workdir/hadoop-ozone/integration-test/target/test-dir/MiniOzoneClusterImpl-5f7a597a-7e5e-4415-9205-5cad3600d18e/datanode-9/data/containers] WARN  fs.CachingGetSpaceUsed (CachingGetSpaceUsed.java:run(183)) - Thread Interrupted waiting to refresh disk information: sleep interrupted
2019-09-24 22:59:08,341 [main] INFO  utils.BackgroundService (BackgroundService.java:shutdown(148)) - Shutting down service BlockDeletingService
2019-09-24 22:59:08,341 [ForkJoinPool.commonPool-worker-0] INFO  utils.BackgroundService (BackgroundService.java:shutdown(148)) - Shutting down service BlockDeletingService
2019-09-24 22:59:08,347 [main] INFO  statemachine.DatanodeStateMachine (DatanodeStateMachine.java:stopDaemon(395)) - Ozone container server stopped.
2019-09-24 22:59:08,348 [ForkJoinPool.commonPool-worker-0] INFO  statemachine.DatanodeStateMachine (DatanodeStateMachine.java:stopDaemon(395)) - Ozone container server stopped.
2019-09-24 22:59:08,363 [ForkJoinPool.commonPool-worker-0] INFO  handler.ContextHandler (ContextHandler.java:doStop(910)) - Stopped o.e.j.w.WebAppContext@623dcf2a{/,null,UNAVAILABLE}{/hddsDatanode}
2019-09-24 22:59:08,363 [main] INFO  handler.ContextHandler (ContextHandler.java:doStop(910)) - Stopped o.e.j.w.WebAppContext@3e67f5f2{/,null,UNAVAILABLE}{/hddsDatanode}
2019-09-24 22:59:08,364 [ForkJoinPool.commonPool-worker-0] INFO  server.AbstractConnector (AbstractConnector.java:doStop(318)) - Stopped ServerConnector@2eae4349{HTTP/1.1,[http/1.1]}{0.0.0.0:0}
2019-09-24 22:59:08,364 [main] INFO  server.AbstractConnector (AbstractConnector.java:doStop(318)) - Stopped ServerConnector@fd53053{HTTP/1.1,[http/1.1]}{0.0.0.0:0}
2019-09-24 22:59:08,365 [ForkJoinPool.commonPool-worker-0] INFO  handler.ContextHandler (ContextHandler.java:doStop(910)) - Stopped o.e.j.s.ServletContextHandler@9596ce8{/static,jar:file:/home/user/.m2/repository/org/apache/hadoop/hadoop-hdds-container-service/0.5.0-SNAPSHOT/hadoop-hdds-container-service-0.5.0-SNAPSHOT.jar!/webapps/static,UNAVAILABLE}
2019-09-24 22:59:08,366 [main] INFO  handler.ContextHandler (ContextHandler.java:doStop(910)) - Stopped o.e.j.s.ServletContextHandler@446626a7{/static,jar:file:/home/user/.m2/repository/org/apache/hadoop/hadoop-hdds-container-service/0.5.0-SNAPSHOT/hadoop-hdds-container-service-0.5.0-SNAPSHOT.jar!/webapps/static,UNAVAILABLE}
2019-09-24 22:59:08,367 [ForkJoinPool.commonPool-worker-0] INFO  handler.ContextHandler (ContextHandler.java:doStop(910)) - Stopped o.e.j.s.ServletContextHandler@26f46fa6{/logs,file:///workdir/hadoop-ozone/integration-test/target/log,UNAVAILABLE}
2019-09-24 22:59:08,367 [main] INFO  handler.ContextHandler (ContextHandler.java:doStop(910)) - Stopped o.e.j.s.ServletContextHandler@5d8ab698{/logs,file:///workdir/hadoop-ozone/integration-test/target/log,UNAVAILABLE}
2019-09-24 22:59:08,621 [Thread-1901] INFO  impl.FollowerState (FollowerState.java:run(106)) - df79811b-05d5-490a-beb3-27ac0aff7bfc:group-ECCDD8E1798D changes to CANDIDATE, lastRpcTime:1072, electionTimeout:1071ms
2019-09-24 22:59:08,621 [Thread-1901] INFO  impl.RoleInfo (RoleInfo.java:shutdownFollowerState(121)) - df79811b-05d5-490a-beb3-27ac0aff7bfc: shutdown FollowerState
2019-09-24 22:59:08,621 [Thread-1901] INFO  impl.RaftServerImpl (RaftServerImpl.java:setRole(174)) - df79811b-05d5-490a-beb3-27ac0aff7bfc@group-ECCDD8E1798D: changes role from  FOLLOWER to CANDIDATE at term 5 for changeToCandidate
2019-09-24 22:59:08,621 [Thread-1901] INFO  impl.RoleInfo (RoleInfo.java:updateAndGet(143)) - df79811b-05d5-490a-beb3-27ac0aff7bfc: start LeaderElection
2019-09-24 22:59:08,650 [df79811b-05d5-490a-beb3-27ac0aff7bfc@group-ECCDD8E1798D:LeaderElection23] INFO  impl.LeaderElection (LeaderElection.java:askForVotes(182)) - df79811b-05d5-490a-beb3-27ac0aff7bfc@group-ECCDD8E1798D:LeaderElection23: begin an election at term 6 for 0: [16bf6e05-f81a-41e5-883a-89e111b126fe:192.168.151.66:37026, df79811b-05d5-490a-beb3-27ac0aff7bfc:192.168.151.66:34065, 23c6c9b6-39b4-44f0-84a4-cf624850a9c3:192.168.151.66:32846], old=null
2019-09-24 22:59:08,651 [df79811b-05d5-490a-beb3-27ac0aff7bfc@group-ECCDD8E1798D:LeaderElection23] INFO  impl.LeaderElection (LogUtils.java:infoOrTrace(149)) - df79811b-05d5-490a-beb3-27ac0aff7bfc@group-ECCDD8E1798D:LeaderElection23 got exception when requesting votes: {}
java.util.concurrent.ExecutionException: org.apache.ratis.thirdparty.io.grpc.StatusRuntimeException: UNAVAILABLE: io exception
	at java.util.concurrent.FutureTask.report(FutureTask.java:122)
	at java.util.concurrent.FutureTask.get(FutureTask.java:192)
	at org.apache.ratis.server.impl.LeaderElection.waitForResults(LeaderElection.java:263)
	at org.apache.ratis.server.impl.LeaderElection.askForVotes(LeaderElection.java:201)
	at org.apache.ratis.server.impl.LeaderElection.run(LeaderElection.java:133)
	at java.lang.Thread.run(Thread.java:748)
Caused by: org.apache.ratis.thirdparty.io.grpc.StatusRuntimeException: UNAVAILABLE: io exception
	at org.apache.ratis.thirdparty.io.grpc.stub.ClientCalls.toStatusRuntimeException(ClientCalls.java:233)
	at org.apache.ratis.thirdparty.io.grpc.stub.ClientCalls.getUnchecked(ClientCalls.java:214)
	at org.apache.ratis.thirdparty.io.grpc.stub.ClientCalls.blockingUnaryCall(ClientCalls.java:139)
	at org.apache.ratis.proto.grpc.RaftServerProtocolServiceGrpc$RaftServerProtocolServiceBlockingStub.requestVote(RaftServerProtocolServiceGrpc.java:265)
	at org.apache.ratis.grpc.server.GrpcServerProtocolClient.requestVote(GrpcServerProtocolClient.java:90)
	at org.apache.ratis.grpc.server.GrpcService.requestVote(GrpcService.java:204)
	at org.apache.ratis.server.impl.LeaderElection.lambda$submitRequests$1(LeaderElection.java:238)
	at java.util.concurrent.FutureTask.run(FutureTask.java:266)
	at java.util.concurrent.Executors$RunnableAdapter.call(Executors.java:511)
	at java.util.concurrent.FutureTask.run(FutureTask.java:266)
	at java.util.concurrent.ThreadPoolExecutor.runWorker(ThreadPoolExecutor.java:1149)
	at java.util.concurrent.ThreadPoolExecutor$Worker.run(ThreadPoolExecutor.java:624)
	... 1 more
Caused by: org.apache.ratis.thirdparty.io.netty.channel.AbstractChannel$AnnotatedConnectException: Connection refused: /192.168.151.66:37026
	at sun.nio.ch.SocketChannelImpl.checkConnect(Native Method)
	at sun.nio.ch.SocketChannelImpl.finishConnect(SocketChannelImpl.java:717)
	at org.apache.ratis.thirdparty.io.netty.channel.socket.nio.NioSocketChannel.doFinishConnect(NioSocketChannel.java:327)
	at org.apache.ratis.thirdparty.io.netty.channel.nio.AbstractNioChannel$AbstractNioUnsafe.finishConnect(AbstractNioChannel.java:340)
	at org.apache.ratis.thirdparty.io.netty.channel.nio.NioEventLoop.processSelectedKey(NioEventLoop.java:632)
	at org.apache.ratis.thirdparty.io.netty.channel.nio.NioEventLoop.processSelectedKeysOptimized(NioEventLoop.java:579)
	at org.apache.ratis.thirdparty.io.netty.channel.nio.NioEventLoop.processSelectedKeys(NioEventLoop.java:496)
	at org.apache.ratis.thirdparty.io.netty.channel.nio.NioEventLoop.run(NioEventLoop.java:458)
	at org.apache.ratis.thirdparty.io.netty.util.concurrent.SingleThreadEventExecutor$5.run(SingleThreadEventExecutor.java:897)
	at org.apache.ratis.thirdparty.io.netty.util.concurrent.FastThreadLocalRunnable.run(FastThreadLocalRunnable.java:30)
	... 1 more
Caused by: java.net.ConnectException: Connection refused
	... 11 more
2019-09-24 22:59:08,653 [df79811b-05d5-490a-beb3-27ac0aff7bfc@group-ECCDD8E1798D:LeaderElection23] INFO  impl.LeaderElection (LogUtils.java:infoOrTrace(149)) - df79811b-05d5-490a-beb3-27ac0aff7bfc@group-ECCDD8E1798D:LeaderElection23 got exception when requesting votes: {}
java.util.concurrent.ExecutionException: org.apache.ratis.thirdparty.io.grpc.StatusRuntimeException: UNAVAILABLE: io exception
	at java.util.concurrent.FutureTask.report(FutureTask.java:122)
	at java.util.concurrent.FutureTask.get(FutureTask.java:192)
	at org.apache.ratis.server.impl.LeaderElection.waitForResults(LeaderElection.java:263)
	at org.apache.ratis.server.impl.LeaderElection.askForVotes(LeaderElection.java:201)
	at org.apache.ratis.server.impl.LeaderElection.run(LeaderElection.java:133)
	at java.lang.Thread.run(Thread.java:748)
Caused by: org.apache.ratis.thirdparty.io.grpc.StatusRuntimeException: UNAVAILABLE: io exception
	at org.apache.ratis.thirdparty.io.grpc.stub.ClientCalls.toStatusRuntimeException(ClientCalls.java:233)
	at org.apache.ratis.thirdparty.io.grpc.stub.ClientCalls.getUnchecked(ClientCalls.java:214)
	at org.apache.ratis.thirdparty.io.grpc.stub.ClientCalls.blockingUnaryCall(ClientCalls.java:139)
	at org.apache.ratis.proto.grpc.RaftServerProtocolServiceGrpc$RaftServerProtocolServiceBlockingStub.requestVote(RaftServerProtocolServiceGrpc.java:265)
	at org.apache.ratis.grpc.server.GrpcServerProtocolClient.requestVote(GrpcServerProtocolClient.java:90)
	at org.apache.ratis.grpc.server.GrpcService.requestVote(GrpcService.java:204)
	at org.apache.ratis.server.impl.LeaderElection.lambda$submitRequests$1(LeaderElection.java:238)
	at java.util.concurrent.FutureTask.run(FutureTask.java:266)
	at java.util.concurrent.Executors$RunnableAdapter.call(Executors.java:511)
	at java.util.concurrent.FutureTask.run(FutureTask.java:266)
	at java.util.concurrent.ThreadPoolExecutor.runWorker(ThreadPoolExecutor.java:1149)
	at java.util.concurrent.ThreadPoolExecutor$Worker.run(ThreadPoolExecutor.java:624)
	... 1 more
Caused by: org.apache.ratis.thirdparty.io.netty.channel.AbstractChannel$AnnotatedConnectException: Connection refused: /192.168.151.66:32846
	at sun.nio.ch.SocketChannelImpl.checkConnect(Native Method)
	at sun.nio.ch.SocketChannelImpl.finishConnect(SocketChannelImpl.java:717)
	at org.apache.ratis.thirdparty.io.netty.channel.socket.nio.NioSocketChannel.doFinishConnect(NioSocketChannel.java:327)
	at org.apache.ratis.thirdparty.io.netty.channel.nio.AbstractNioChannel$AbstractNioUnsafe.finishConnect(AbstractNioChannel.java:340)
	at org.apache.ratis.thirdparty.io.netty.channel.nio.NioEventLoop.processSelectedKey(NioEventLoop.java:632)
	at org.apache.ratis.thirdparty.io.netty.channel.nio.NioEventLoop.processSelectedKeysOptimized(NioEventLoop.java:579)
	at org.apache.ratis.thirdparty.io.netty.channel.nio.NioEventLoop.processSelectedKeys(NioEventLoop.java:496)
	at org.apache.ratis.thirdparty.io.netty.channel.nio.NioEventLoop.run(NioEventLoop.java:458)
	at org.apache.ratis.thirdparty.io.netty.util.concurrent.SingleThreadEventExecutor$5.run(SingleThreadEventExecutor.java:897)
	at org.apache.ratis.thirdparty.io.netty.util.concurrent.FastThreadLocalRunnable.run(FastThreadLocalRunnable.java:30)
	... 1 more
Caused by: java.net.ConnectException: Connection refused
	... 11 more
2019-09-24 22:59:08,654 [df79811b-05d5-490a-beb3-27ac0aff7bfc@group-ECCDD8E1798D:LeaderElection23] INFO  impl.LeaderElection (LeaderElection.java:logAndReturn(56)) - df79811b-05d5-490a-beb3-27ac0aff7bfc@group-ECCDD8E1798D:LeaderElection23: Election REJECTED; received 0 response(s) [] and 2 exception(s); df79811b-05d5-490a-beb3-27ac0aff7bfc@group-ECCDD8E1798D:t6, leader=null, voted=df79811b-05d5-490a-beb3-27ac0aff7bfc, raftlog=df79811b-05d5-490a-beb3-27ac0aff7bfc@group-ECCDD8E1798D-SegmentedRaftLog:OPENED:c0,f0,i0, conf=0: [16bf6e05-f81a-41e5-883a-89e111b126fe:192.168.151.66:37026, df79811b-05d5-490a-beb3-27ac0aff7bfc:192.168.151.66:34065, 23c6c9b6-39b4-44f0-84a4-cf624850a9c3:192.168.151.66:32846], old=null
2019-09-24 22:59:08,655 [df79811b-05d5-490a-beb3-27ac0aff7bfc@group-ECCDD8E1798D:LeaderElection23] INFO  impl.LeaderElection (LogUtils.java:infoOrTrace(149)) -   Exception 0: {}
java.util.concurrent.ExecutionException: org.apache.ratis.thirdparty.io.grpc.StatusRuntimeException: UNAVAILABLE: io exception
	at java.util.concurrent.FutureTask.report(FutureTask.java:122)
	at java.util.concurrent.FutureTask.get(FutureTask.java:192)
	at org.apache.ratis.server.impl.LeaderElection.waitForResults(LeaderElection.java:263)
	at org.apache.ratis.server.impl.LeaderElection.askForVotes(LeaderElection.java:201)
	at org.apache.ratis.server.impl.LeaderElection.run(LeaderElection.java:133)
	at java.lang.Thread.run(Thread.java:748)
Caused by: org.apache.ratis.thirdparty.io.grpc.StatusRuntimeException: UNAVAILABLE: io exception
	at org.apache.ratis.thirdparty.io.grpc.stub.ClientCalls.toStatusRuntimeException(ClientCalls.java:233)
	at org.apache.ratis.thirdparty.io.grpc.stub.ClientCalls.getUnchecked(ClientCalls.java:214)
	at org.apache.ratis.thirdparty.io.grpc.stub.ClientCalls.blockingUnaryCall(ClientCalls.java:139)
	at org.apache.ratis.proto.grpc.RaftServerProtocolServiceGrpc$RaftServerProtocolServiceBlockingStub.requestVote(RaftServerProtocolServiceGrpc.java:265)
	at org.apache.ratis.grpc.server.GrpcServerProtocolClient.requestVote(GrpcServerProtocolClient.java:90)
	at org.apache.ratis.grpc.server.GrpcService.requestVote(GrpcService.java:204)
	at org.apache.ratis.server.impl.LeaderElection.lambda$submitRequests$1(LeaderElection.java:238)
	at java.util.concurrent.FutureTask.run(FutureTask.java:266)
	at java.util.concurrent.Executors$RunnableAdapter.call(Executors.java:511)
	at java.util.concurrent.FutureTask.run(FutureTask.java:266)
	at java.util.concurrent.ThreadPoolExecutor.runWorker(ThreadPoolExecutor.java:1149)
	at java.util.concurrent.ThreadPoolExecutor$Worker.run(ThreadPoolExecutor.java:624)
	... 1 more
Caused by: org.apache.ratis.thirdparty.io.netty.channel.AbstractChannel$AnnotatedConnectException: Connection refused: /192.168.151.66:37026
	at sun.nio.ch.SocketChannelImpl.checkConnect(Native Method)
	at sun.nio.ch.SocketChannelImpl.finishConnect(SocketChannelImpl.java:717)
	at org.apache.ratis.thirdparty.io.netty.channel.socket.nio.NioSocketChannel.doFinishConnect(NioSocketChannel.java:327)
	at org.apache.ratis.thirdparty.io.netty.channel.nio.AbstractNioChannel$AbstractNioUnsafe.finishConnect(AbstractNioChannel.java:340)
	at org.apache.ratis.thirdparty.io.netty.channel.nio.NioEventLoop.processSelectedKey(NioEventLoop.java:632)
	at org.apache.ratis.thirdparty.io.netty.channel.nio.NioEventLoop.processSelectedKeysOptimized(NioEventLoop.java:579)
	at org.apache.ratis.thirdparty.io.netty.channel.nio.NioEventLoop.processSelectedKeys(NioEventLoop.java:496)
	at org.apache.ratis.thirdparty.io.netty.channel.nio.NioEventLoop.run(NioEventLoop.java:458)
	at org.apache.ratis.thirdparty.io.netty.util.concurrent.SingleThreadEventExecutor$5.run(SingleThreadEventExecutor.java:897)
	at org.apache.ratis.thirdparty.io.netty.util.concurrent.FastThreadLocalRunnable.run(FastThreadLocalRunnable.java:30)
	... 1 more
Caused by: java.net.ConnectException: Connection refused
	... 11 more
2019-09-24 22:59:08,655 [df79811b-05d5-490a-beb3-27ac0aff7bfc@group-ECCDD8E1798D:LeaderElection23] INFO  impl.LeaderElection (LogUtils.java:infoOrTrace(149)) -   Exception 1: {}
java.util.concurrent.ExecutionException: org.apache.ratis.thirdparty.io.grpc.StatusRuntimeException: UNAVAILABLE: io exception
	at java.util.concurrent.FutureTask.report(FutureTask.java:122)
	at java.util.concurrent.FutureTask.get(FutureTask.java:192)
	at org.apache.ratis.server.impl.LeaderElection.waitForResults(LeaderElection.java:263)
	at org.apache.ratis.server.impl.LeaderElection.askForVotes(LeaderElection.java:201)
	at org.apache.ratis.server.impl.LeaderElection.run(LeaderElection.java:133)
	at java.lang.Thread.run(Thread.java:748)
Caused by: org.apache.ratis.thirdparty.io.grpc.StatusRuntimeException: UNAVAILABLE: io exception
	at org.apache.ratis.thirdparty.io.grpc.stub.ClientCalls.toStatusRuntimeException(ClientCalls.java:233)
	at org.apache.ratis.thirdparty.io.grpc.stub.ClientCalls.getUnchecked(ClientCalls.java:214)
	at org.apache.ratis.thirdparty.io.grpc.stub.ClientCalls.blockingUnaryCall(ClientCalls.java:139)
	at org.apache.ratis.proto.grpc.RaftServerProtocolServiceGrpc$RaftServerProtocolServiceBlockingStub.requestVote(RaftServerProtocolServiceGrpc.java:265)
	at org.apache.ratis.grpc.server.GrpcServerProtocolClient.requestVote(GrpcServerProtocolClient.java:90)
	at org.apache.ratis.grpc.server.GrpcService.requestVote(GrpcService.java:204)
	at org.apache.ratis.server.impl.LeaderElection.lambda$submitRequests$1(LeaderElection.java:238)
	at java.util.concurrent.FutureTask.run(FutureTask.java:266)
	at java.util.concurrent.Executors$RunnableAdapter.call(Executors.java:511)
	at java.util.concurrent.FutureTask.run(FutureTask.java:266)
	at java.util.concurrent.ThreadPoolExecutor.runWorker(ThreadPoolExecutor.java:1149)
	at java.util.concurrent.ThreadPoolExecutor$Worker.run(ThreadPoolExecutor.java:624)
	... 1 more
Caused by: org.apache.ratis.thirdparty.io.netty.channel.AbstractChannel$AnnotatedConnectException: Connection refused: /192.168.151.66:32846
	at sun.nio.ch.SocketChannelImpl.checkConnect(Native Method)
	at sun.nio.ch.SocketChannelImpl.finishConnect(SocketChannelImpl.java:717)
	at org.apache.ratis.thirdparty.io.netty.channel.socket.nio.NioSocketChannel.doFinishConnect(NioSocketChannel.java:327)
	at org.apache.ratis.thirdparty.io.netty.channel.nio.AbstractNioChannel$AbstractNioUnsafe.finishConnect(AbstractNioChannel.java:340)
	at org.apache.ratis.thirdparty.io.netty.channel.nio.NioEventLoop.processSelectedKey(NioEventLoop.java:632)
	at org.apache.ratis.thirdparty.io.netty.channel.nio.NioEventLoop.processSelectedKeysOptimized(NioEventLoop.java:579)
	at org.apache.ratis.thirdparty.io.netty.channel.nio.NioEventLoop.processSelectedKeys(NioEventLoop.java:496)
	at org.apache.ratis.thirdparty.io.netty.channel.nio.NioEventLoop.run(NioEventLoop.java:458)
	at org.apache.ratis.thirdparty.io.netty.util.concurrent.SingleThreadEventExecutor$5.run(SingleThreadEventExecutor.java:897)
	at org.apache.ratis.thirdparty.io.netty.util.concurrent.FastThreadLocalRunnable.run(FastThreadLocalRunnable.java:30)
	... 1 more
Caused by: java.net.ConnectException: Connection refused
	... 11 more
2019-09-24 22:59:08,656 [df79811b-05d5-490a-beb3-27ac0aff7bfc@group-ECCDD8E1798D:LeaderElection23] INFO  impl.RaftServerImpl (RaftServerImpl.java:setRole(174)) - df79811b-05d5-490a-beb3-27ac0aff7bfc@group-ECCDD8E1798D: changes role from CANDIDATE to FOLLOWER at term 6 for DISCOVERED_A_NEW_TERM
2019-09-24 22:59:08,657 [df79811b-05d5-490a-beb3-27ac0aff7bfc@group-ECCDD8E1798D:LeaderElection23] INFO  impl.RoleInfo (RoleInfo.java:shutdownLeaderElection(134)) - df79811b-05d5-490a-beb3-27ac0aff7bfc: shutdown LeaderElection
2019-09-24 22:59:08,657 [df79811b-05d5-490a-beb3-27ac0aff7bfc@group-ECCDD8E1798D:LeaderElection23] INFO  impl.RoleInfo (RoleInfo.java:updateAndGet(143)) - df79811b-05d5-490a-beb3-27ac0aff7bfc: start FollowerState
2019-09-24 22:59:08,670 [Datanode State Machine Thread - 0] INFO  statemachine.DatanodeStateMachine (DatanodeStateMachine.java:lambda$startDaemon$0(350)) - Ozone container server started.
2019-09-24 22:59:09,003 [Datanode State Machine Thread - 0] INFO  statemachine.DatanodeStateMachine (DatanodeStateMachine.java:lambda$startDaemon$0(350)) - Ozone container server started.
2019-09-24 22:59:09,687 [Thread-1907] INFO  impl.FollowerState (FollowerState.java:run(106)) - df79811b-05d5-490a-beb3-27ac0aff7bfc:group-ECCDD8E1798D changes to CANDIDATE, lastRpcTime:1029, electionTimeout:1028ms
2019-09-24 22:59:09,687 [Thread-1907] INFO  impl.RoleInfo (RoleInfo.java:shutdownFollowerState(121)) - df79811b-05d5-490a-beb3-27ac0aff7bfc: shutdown FollowerState
2019-09-24 22:59:09,687 [Thread-1907] INFO  impl.RaftServerImpl (RaftServerImpl.java:setRole(174)) - df79811b-05d5-490a-beb3-27ac0aff7bfc@group-ECCDD8E1798D: changes role from  FOLLOWER to CANDIDATE at term 6 for changeToCandidate
2019-09-24 22:59:09,687 [Thread-1907] INFO  impl.RoleInfo (RoleInfo.java:updateAndGet(143)) - df79811b-05d5-490a-beb3-27ac0aff7bfc: start LeaderElection
2019-09-24 22:59:09,701 [df79811b-05d5-490a-beb3-27ac0aff7bfc@group-ECCDD8E1798D:LeaderElection24] INFO  impl.LeaderElection (LeaderElection.java:askForVotes(182)) - df79811b-05d5-490a-beb3-27ac0aff7bfc@group-ECCDD8E1798D:LeaderElection24: begin an election at term 7 for 0: [16bf6e05-f81a-41e5-883a-89e111b126fe:192.168.151.66:37026, df79811b-05d5-490a-beb3-27ac0aff7bfc:192.168.151.66:34065, 23c6c9b6-39b4-44f0-84a4-cf624850a9c3:192.168.151.66:32846], old=null
2019-09-24 22:59:09,702 [df79811b-05d5-490a-beb3-27ac0aff7bfc@group-ECCDD8E1798D:LeaderElection24] INFO  impl.LeaderElection (LogUtils.java:infoOrTrace(149)) - df79811b-05d5-490a-beb3-27ac0aff7bfc@group-ECCDD8E1798D:LeaderElection24 got exception when requesting votes: {}
java.util.concurrent.ExecutionException: org.apache.ratis.thirdparty.io.grpc.StatusRuntimeException: UNAVAILABLE: io exception
	at java.util.concurrent.FutureTask.report(FutureTask.java:122)
	at java.util.concurrent.FutureTask.get(FutureTask.java:192)
	at org.apache.ratis.server.impl.LeaderElection.waitForResults(LeaderElection.java:263)
	at org.apache.ratis.server.impl.LeaderElection.askForVotes(LeaderElection.java:201)
	at org.apache.ratis.server.impl.LeaderElection.run(LeaderElection.java:133)
	at java.lang.Thread.run(Thread.java:748)
Caused by: org.apache.ratis.thirdparty.io.grpc.StatusRuntimeException: UNAVAILABLE: io exception
	at org.apache.ratis.thirdparty.io.grpc.stub.ClientCalls.toStatusRuntimeException(ClientCalls.java:233)
	at org.apache.ratis.thirdparty.io.grpc.stub.ClientCalls.getUnchecked(ClientCalls.java:214)
	at org.apache.ratis.thirdparty.io.grpc.stub.ClientCalls.blockingUnaryCall(ClientCalls.java:139)
	at org.apache.ratis.proto.grpc.RaftServerProtocolServiceGrpc$RaftServerProtocolServiceBlockingStub.requestVote(RaftServerProtocolServiceGrpc.java:265)
	at org.apache.ratis.grpc.server.GrpcServerProtocolClient.requestVote(GrpcServerProtocolClient.java:90)
	at org.apache.ratis.grpc.server.GrpcService.requestVote(GrpcService.java:204)
	at org.apache.ratis.server.impl.LeaderElection.lambda$submitRequests$1(LeaderElection.java:238)
	at java.util.concurrent.FutureTask.run(FutureTask.java:266)
	at java.util.concurrent.Executors$RunnableAdapter.call(Executors.java:511)
	at java.util.concurrent.FutureTask.run(FutureTask.java:266)
	at java.util.concurrent.ThreadPoolExecutor.runWorker(ThreadPoolExecutor.java:1149)
	at java.util.concurrent.ThreadPoolExecutor$Worker.run(ThreadPoolExecutor.java:624)
	... 1 more
Caused by: org.apache.ratis.thirdparty.io.netty.channel.AbstractChannel$AnnotatedConnectException: Connection refused: /192.168.151.66:37026
	at sun.nio.ch.SocketChannelImpl.checkConnect(Native Method)
	at sun.nio.ch.SocketChannelImpl.finishConnect(SocketChannelImpl.java:717)
	at org.apache.ratis.thirdparty.io.netty.channel.socket.nio.NioSocketChannel.doFinishConnect(NioSocketChannel.java:327)
	at org.apache.ratis.thirdparty.io.netty.channel.nio.AbstractNioChannel$AbstractNioUnsafe.finishConnect(AbstractNioChannel.java:340)
	at org.apache.ratis.thirdparty.io.netty.channel.nio.NioEventLoop.processSelectedKey(NioEventLoop.java:632)
	at org.apache.ratis.thirdparty.io.netty.channel.nio.NioEventLoop.processSelectedKeysOptimized(NioEventLoop.java:579)
	at org.apache.ratis.thirdparty.io.netty.channel.nio.NioEventLoop.processSelectedKeys(NioEventLoop.java:496)
	at org.apache.ratis.thirdparty.io.netty.channel.nio.NioEventLoop.run(NioEventLoop.java:458)
	at org.apache.ratis.thirdparty.io.netty.util.concurrent.SingleThreadEventExecutor$5.run(SingleThreadEventExecutor.java:897)
	at org.apache.ratis.thirdparty.io.netty.util.concurrent.FastThreadLocalRunnable.run(FastThreadLocalRunnable.java:30)
	... 1 more
Caused by: java.net.ConnectException: Connection refused
	... 11 more
2019-09-24 22:59:09,704 [df79811b-05d5-490a-beb3-27ac0aff7bfc@group-ECCDD8E1798D:LeaderElection24] INFO  impl.LeaderElection (LogUtils.java:infoOrTrace(149)) - df79811b-05d5-490a-beb3-27ac0aff7bfc@group-ECCDD8E1798D:LeaderElection24 got exception when requesting votes: {}
java.util.concurrent.ExecutionException: org.apache.ratis.thirdparty.io.grpc.StatusRuntimeException: UNAVAILABLE: io exception
	at java.util.concurrent.FutureTask.report(FutureTask.java:122)
	at java.util.concurrent.FutureTask.get(FutureTask.java:192)
	at org.apache.ratis.server.impl.LeaderElection.waitForResults(LeaderElection.java:263)
	at org.apache.ratis.server.impl.LeaderElection.askForVotes(LeaderElection.java:201)
	at org.apache.ratis.server.impl.LeaderElection.run(LeaderElection.java:133)
	at java.lang.Thread.run(Thread.java:748)
Caused by: org.apache.ratis.thirdparty.io.grpc.StatusRuntimeException: UNAVAILABLE: io exception
	at org.apache.ratis.thirdparty.io.grpc.stub.ClientCalls.toStatusRuntimeException(ClientCalls.java:233)
	at org.apache.ratis.thirdparty.io.grpc.stub.ClientCalls.getUnchecked(ClientCalls.java:214)
	at org.apache.ratis.thirdparty.io.grpc.stub.ClientCalls.blockingUnaryCall(ClientCalls.java:139)
	at org.apache.ratis.proto.grpc.RaftServerProtocolServiceGrpc$RaftServerProtocolServiceBlockingStub.requestVote(RaftServerProtocolServiceGrpc.java:265)
	at org.apache.ratis.grpc.server.GrpcServerProtocolClient.requestVote(GrpcServerProtocolClient.java:90)
	at org.apache.ratis.grpc.server.GrpcService.requestVote(GrpcService.java:204)
	at org.apache.ratis.server.impl.LeaderElection.lambda$submitRequests$1(LeaderElection.java:238)
	at java.util.concurrent.FutureTask.run(FutureTask.java:266)
	at java.util.concurrent.Executors$RunnableAdapter.call(Executors.java:511)
	at java.util.concurrent.FutureTask.run(FutureTask.java:266)
	at java.util.concurrent.ThreadPoolExecutor.runWorker(ThreadPoolExecutor.java:1149)
	at java.util.concurrent.ThreadPoolExecutor$Worker.run(ThreadPoolExecutor.java:624)
	... 1 more
Caused by: org.apache.ratis.thirdparty.io.netty.channel.AbstractChannel$AnnotatedConnectException: Connection refused: /192.168.151.66:32846
	at sun.nio.ch.SocketChannelImpl.checkConnect(Native Method)
	at sun.nio.ch.SocketChannelImpl.finishConnect(SocketChannelImpl.java:717)
	at org.apache.ratis.thirdparty.io.netty.channel.socket.nio.NioSocketChannel.doFinishConnect(NioSocketChannel.java:327)
	at org.apache.ratis.thirdparty.io.netty.channel.nio.AbstractNioChannel$AbstractNioUnsafe.finishConnect(AbstractNioChannel.java:340)
	at org.apache.ratis.thirdparty.io.netty.channel.nio.NioEventLoop.processSelectedKey(NioEventLoop.java:632)
	at org.apache.ratis.thirdparty.io.netty.channel.nio.NioEventLoop.processSelectedKeysOptimized(NioEventLoop.java:579)
	at org.apache.ratis.thirdparty.io.netty.channel.nio.NioEventLoop.processSelectedKeys(NioEventLoop.java:496)
	at org.apache.ratis.thirdparty.io.netty.channel.nio.NioEventLoop.run(NioEventLoop.java:458)
	at org.apache.ratis.thirdparty.io.netty.util.concurrent.SingleThreadEventExecutor$5.run(SingleThreadEventExecutor.java:897)
	at org.apache.ratis.thirdparty.io.netty.util.concurrent.FastThreadLocalRunnable.run(FastThreadLocalRunnable.java:30)
	... 1 more
Caused by: java.net.ConnectException: Connection refused
	... 11 more
2019-09-24 22:59:09,706 [df79811b-05d5-490a-beb3-27ac0aff7bfc@group-ECCDD8E1798D:LeaderElection24] INFO  impl.LeaderElection (LeaderElection.java:logAndReturn(56)) - df79811b-05d5-490a-beb3-27ac0aff7bfc@group-ECCDD8E1798D:LeaderElection24: Election REJECTED; received 0 response(s) [] and 2 exception(s); df79811b-05d5-490a-beb3-27ac0aff7bfc@group-ECCDD8E1798D:t7, leader=null, voted=df79811b-05d5-490a-beb3-27ac0aff7bfc, raftlog=df79811b-05d5-490a-beb3-27ac0aff7bfc@group-ECCDD8E1798D-SegmentedRaftLog:OPENED:c0,f0,i0, conf=0: [16bf6e05-f81a-41e5-883a-89e111b126fe:192.168.151.66:37026, df79811b-05d5-490a-beb3-27ac0aff7bfc:192.168.151.66:34065, 23c6c9b6-39b4-44f0-84a4-cf624850a9c3:192.168.151.66:32846], old=null
2019-09-24 22:59:09,706 [df79811b-05d5-490a-beb3-27ac0aff7bfc@group-ECCDD8E1798D:LeaderElection24] INFO  impl.LeaderElection (LogUtils.java:infoOrTrace(149)) -   Exception 0: {}
java.util.concurrent.ExecutionException: org.apache.ratis.thirdparty.io.grpc.StatusRuntimeException: UNAVAILABLE: io exception
	at java.util.concurrent.FutureTask.report(FutureTask.java:122)
	at java.util.concurrent.FutureTask.get(FutureTask.java:192)
	at org.apache.ratis.server.impl.LeaderElection.waitForResults(LeaderElection.java:263)
	at org.apache.ratis.server.impl.LeaderElection.askForVotes(LeaderElection.java:201)
	at org.apache.ratis.server.impl.LeaderElection.run(LeaderElection.java:133)
	at java.lang.Thread.run(Thread.java:748)
Caused by: org.apache.ratis.thirdparty.io.grpc.StatusRuntimeException: UNAVAILABLE: io exception
	at org.apache.ratis.thirdparty.io.grpc.stub.ClientCalls.toStatusRuntimeException(ClientCalls.java:233)
	at org.apache.ratis.thirdparty.io.grpc.stub.ClientCalls.getUnchecked(ClientCalls.java:214)
	at org.apache.ratis.thirdparty.io.grpc.stub.ClientCalls.blockingUnaryCall(ClientCalls.java:139)
	at org.apache.ratis.proto.grpc.RaftServerProtocolServiceGrpc$RaftServerProtocolServiceBlockingStub.requestVote(RaftServerProtocolServiceGrpc.java:265)
	at org.apache.ratis.grpc.server.GrpcServerProtocolClient.requestVote(GrpcServerProtocolClient.java:90)
	at org.apache.ratis.grpc.server.GrpcService.requestVote(GrpcService.java:204)
	at org.apache.ratis.server.impl.LeaderElection.lambda$submitRequests$1(LeaderElection.java:238)
	at java.util.concurrent.FutureTask.run(FutureTask.java:266)
	at java.util.concurrent.Executors$RunnableAdapter.call(Executors.java:511)
	at java.util.concurrent.FutureTask.run(FutureTask.java:266)
	at java.util.concurrent.ThreadPoolExecutor.runWorker(ThreadPoolExecutor.java:1149)
	at java.util.concurrent.ThreadPoolExecutor$Worker.run(ThreadPoolExecutor.java:624)
	... 1 more
Caused by: org.apache.ratis.thirdparty.io.netty.channel.AbstractChannel$AnnotatedConnectException: Connection refused: /192.168.151.66:37026
	at sun.nio.ch.SocketChannelImpl.checkConnect(Native Method)
	at sun.nio.ch.SocketChannelImpl.finishConnect(SocketChannelImpl.java:717)
	at org.apache.ratis.thirdparty.io.netty.channel.socket.nio.NioSocketChannel.doFinishConnect(NioSocketChannel.java:327)
	at org.apache.ratis.thirdparty.io.netty.channel.nio.AbstractNioChannel$AbstractNioUnsafe.finishConnect(AbstractNioChannel.java:340)
	at org.apache.ratis.thirdparty.io.netty.channel.nio.NioEventLoop.processSelectedKey(NioEventLoop.java:632)
	at org.apache.ratis.thirdparty.io.netty.channel.nio.NioEventLoop.processSelectedKeysOptimized(NioEventLoop.java:579)
	at org.apache.ratis.thirdparty.io.netty.channel.nio.NioEventLoop.processSelectedKeys(NioEventLoop.java:496)
	at org.apache.ratis.thirdparty.io.netty.channel.nio.NioEventLoop.run(NioEventLoop.java:458)
	at org.apache.ratis.thirdparty.io.netty.util.concurrent.SingleThreadEventExecutor$5.run(SingleThreadEventExecutor.java:897)
	at org.apache.ratis.thirdparty.io.netty.util.concurrent.FastThreadLocalRunnable.run(FastThreadLocalRunnable.java:30)
	... 1 more
Caused by: java.net.ConnectException: Connection refused
	... 11 more
2019-09-24 22:59:09,707 [df79811b-05d5-490a-beb3-27ac0aff7bfc@group-ECCDD8E1798D:LeaderElection24] INFO  impl.LeaderElection (LogUtils.java:infoOrTrace(149)) -   Exception 1: {}
java.util.concurrent.ExecutionException: org.apache.ratis.thirdparty.io.grpc.StatusRuntimeException: UNAVAILABLE: io exception
	at java.util.concurrent.FutureTask.report(FutureTask.java:122)
	at java.util.concurrent.FutureTask.get(FutureTask.java:192)
	at org.apache.ratis.server.impl.LeaderElection.waitForResults(LeaderElection.java:263)
	at org.apache.ratis.server.impl.LeaderElection.askForVotes(LeaderElection.java:201)
	at org.apache.ratis.server.impl.LeaderElection.run(LeaderElection.java:133)
	at java.lang.Thread.run(Thread.java:748)
Caused by: org.apache.ratis.thirdparty.io.grpc.StatusRuntimeException: UNAVAILABLE: io exception
	at org.apache.ratis.thirdparty.io.grpc.stub.ClientCalls.toStatusRuntimeException(ClientCalls.java:233)
	at org.apache.ratis.thirdparty.io.grpc.stub.ClientCalls.getUnchecked(ClientCalls.java:214)
	at org.apache.ratis.thirdparty.io.grpc.stub.ClientCalls.blockingUnaryCall(ClientCalls.java:139)
	at org.apache.ratis.proto.grpc.RaftServerProtocolServiceGrpc$RaftServerProtocolServiceBlockingStub.requestVote(RaftServerProtocolServiceGrpc.java:265)
	at org.apache.ratis.grpc.server.GrpcServerProtocolClient.requestVote(GrpcServerProtocolClient.java:90)
	at org.apache.ratis.grpc.server.GrpcService.requestVote(GrpcService.java:204)
	at org.apache.ratis.server.impl.LeaderElection.lambda$submitRequests$1(LeaderElection.java:238)
	at java.util.concurrent.FutureTask.run(FutureTask.java:266)
	at java.util.concurrent.Executors$RunnableAdapter.call(Executors.java:511)
	at java.util.concurrent.FutureTask.run(FutureTask.java:266)
	at java.util.concurrent.ThreadPoolExecutor.runWorker(ThreadPoolExecutor.java:1149)
	at java.util.concurrent.ThreadPoolExecutor$Worker.run(ThreadPoolExecutor.java:624)
	... 1 more
Caused by: org.apache.ratis.thirdparty.io.netty.channel.AbstractChannel$AnnotatedConnectException: Connection refused: /192.168.151.66:32846
	at sun.nio.ch.SocketChannelImpl.checkConnect(Native Method)
	at sun.nio.ch.SocketChannelImpl.finishConnect(SocketChannelImpl.java:717)
	at org.apache.ratis.thirdparty.io.netty.channel.socket.nio.NioSocketChannel.doFinishConnect(NioSocketChannel.java:327)
	at org.apache.ratis.thirdparty.io.netty.channel.nio.AbstractNioChannel$AbstractNioUnsafe.finishConnect(AbstractNioChannel.java:340)
	at org.apache.ratis.thirdparty.io.netty.channel.nio.NioEventLoop.processSelectedKey(NioEventLoop.java:632)
	at org.apache.ratis.thirdparty.io.netty.channel.nio.NioEventLoop.processSelectedKeysOptimized(NioEventLoop.java:579)
	at org.apache.ratis.thirdparty.io.netty.channel.nio.NioEventLoop.processSelectedKeys(NioEventLoop.java:496)
	at org.apache.ratis.thirdparty.io.netty.channel.nio.NioEventLoop.run(NioEventLoop.java:458)
	at org.apache.ratis.thirdparty.io.netty.util.concurrent.SingleThreadEventExecutor$5.run(SingleThreadEventExecutor.java:897)
	at org.apache.ratis.thirdparty.io.netty.util.concurrent.FastThreadLocalRunnable.run(FastThreadLocalRunnable.java:30)
	... 1 more
Caused by: java.net.ConnectException: Connection refused
	... 11 more
2019-09-24 22:59:09,707 [df79811b-05d5-490a-beb3-27ac0aff7bfc@group-ECCDD8E1798D:LeaderElection24] INFO  impl.RaftServerImpl (RaftServerImpl.java:setRole(174)) - df79811b-05d5-490a-beb3-27ac0aff7bfc@group-ECCDD8E1798D: changes role from CANDIDATE to FOLLOWER at term 7 for DISCOVERED_A_NEW_TERM
2019-09-24 22:59:09,708 [df79811b-05d5-490a-beb3-27ac0aff7bfc@group-ECCDD8E1798D:LeaderElection24] INFO  impl.RoleInfo (RoleInfo.java:shutdownLeaderElection(134)) - df79811b-05d5-490a-beb3-27ac0aff7bfc: shutdown LeaderElection
2019-09-24 22:59:09,708 [df79811b-05d5-490a-beb3-27ac0aff7bfc@group-ECCDD8E1798D:LeaderElection24] INFO  impl.RoleInfo (RoleInfo.java:updateAndGet(143)) - df79811b-05d5-490a-beb3-27ac0aff7bfc: start FollowerState
2019-09-24 22:59:10,293 [Thread-380] INFO  impl.FollowerState (FollowerState.java:run(106)) - 2eb382c8-b0ed-4536-b55b-1910907e8973:group-AD4279E7EEBD changes to CANDIDATE, lastRpcTime:2049, electionTimeout:1135ms
2019-09-24 22:59:10,295 [Thread-380] INFO  impl.RoleInfo (RoleInfo.java:shutdownFollowerState(121)) - 2eb382c8-b0ed-4536-b55b-1910907e8973: shutdown FollowerState
2019-09-24 22:59:10,295 [Thread-380] INFO  impl.RaftServerImpl (RaftServerImpl.java:setRole(174)) - 2eb382c8-b0ed-4536-b55b-1910907e8973@group-AD4279E7EEBD: changes role from  FOLLOWER to CANDIDATE at term 1 for changeToCandidate
2019-09-24 22:59:10,295 [Thread-380] INFO  impl.RoleInfo (RoleInfo.java:updateAndGet(143)) - 2eb382c8-b0ed-4536-b55b-1910907e8973: start LeaderElection
2019-09-24 22:59:10,296 [2eb382c8-b0ed-4536-b55b-1910907e8973@group-AD4279E7EEBD:LeaderElection25] INFO  impl.RaftServerImpl (ServerState.java:setLeader(253)) - 2eb382c8-b0ed-4536-b55b-1910907e8973@group-AD4279E7EEBD: change Leader from dbd80091-9753-44ad-af4d-a1b4cb46f81c to null at term 1 for initElection
2019-09-24 22:59:10,309 [2eb382c8-b0ed-4536-b55b-1910907e8973@group-AD4279E7EEBD:LeaderElection25] INFO  impl.LeaderElection (LeaderElection.java:askForVotes(182)) - 2eb382c8-b0ed-4536-b55b-1910907e8973@group-AD4279E7EEBD:LeaderElection25: begin an election at term 2 for 0: [dbd80091-9753-44ad-af4d-a1b4cb46f81c:192.168.151.66:34381, d39139c5-5210-4708-b66c-2240b4ead968:192.168.151.66:40063, 2eb382c8-b0ed-4536-b55b-1910907e8973:192.168.151.66:39663], old=null
2019-09-24 22:59:10,313 [2eb382c8-b0ed-4536-b55b-1910907e8973@group-AD4279E7EEBD:LeaderElection25] INFO  impl.LeaderElection (LogUtils.java:infoOrTrace(149)) - 2eb382c8-b0ed-4536-b55b-1910907e8973@group-AD4279E7EEBD:LeaderElection25 got exception when requesting votes: {}
java.util.concurrent.ExecutionException: org.apache.ratis.thirdparty.io.grpc.StatusRuntimeException: UNAVAILABLE: io exception
	at java.util.concurrent.FutureTask.report(FutureTask.java:122)
	at java.util.concurrent.FutureTask.get(FutureTask.java:192)
	at org.apache.ratis.server.impl.LeaderElection.waitForResults(LeaderElection.java:263)
	at org.apache.ratis.server.impl.LeaderElection.askForVotes(LeaderElection.java:201)
	at org.apache.ratis.server.impl.LeaderElection.run(LeaderElection.java:133)
	at java.lang.Thread.run(Thread.java:748)
Caused by: org.apache.ratis.thirdparty.io.grpc.StatusRuntimeException: UNAVAILABLE: io exception
	at org.apache.ratis.thirdparty.io.grpc.stub.ClientCalls.toStatusRuntimeException(ClientCalls.java:233)
	at org.apache.ratis.thirdparty.io.grpc.stub.ClientCalls.getUnchecked(ClientCalls.java:214)
	at org.apache.ratis.thirdparty.io.grpc.stub.ClientCalls.blockingUnaryCall(ClientCalls.java:139)
	at org.apache.ratis.proto.grpc.RaftServerProtocolServiceGrpc$RaftServerProtocolServiceBlockingStub.requestVote(RaftServerProtocolServiceGrpc.java:265)
	at org.apache.ratis.grpc.server.GrpcServerProtocolClient.requestVote(GrpcServerProtocolClient.java:90)
	at org.apache.ratis.grpc.server.GrpcService.requestVote(GrpcService.java:204)
	at org.apache.ratis.server.impl.LeaderElection.lambda$submitRequests$1(LeaderElection.java:238)
	at java.util.concurrent.FutureTask.run(FutureTask.java:266)
	at java.util.concurrent.Executors$RunnableAdapter.call(Executors.java:511)
	at java.util.concurrent.FutureTask.run(FutureTask.java:266)
	at java.util.concurrent.ThreadPoolExecutor.runWorker(ThreadPoolExecutor.java:1149)
	at java.util.concurrent.ThreadPoolExecutor$Worker.run(ThreadPoolExecutor.java:624)
	... 1 more
Caused by: org.apache.ratis.thirdparty.io.netty.channel.AbstractChannel$AnnotatedConnectException: Connection refused: /192.168.151.66:40063
	at sun.nio.ch.SocketChannelImpl.checkConnect(Native Method)
	at sun.nio.ch.SocketChannelImpl.finishConnect(SocketChannelImpl.java:717)
	at org.apache.ratis.thirdparty.io.netty.channel.socket.nio.NioSocketChannel.doFinishConnect(NioSocketChannel.java:327)
	at org.apache.ratis.thirdparty.io.netty.channel.nio.AbstractNioChannel$AbstractNioUnsafe.finishConnect(AbstractNioChannel.java:340)
	at org.apache.ratis.thirdparty.io.netty.channel.nio.NioEventLoop.processSelectedKey(NioEventLoop.java:632)
	at org.apache.ratis.thirdparty.io.netty.channel.nio.NioEventLoop.processSelectedKeysOptimized(NioEventLoop.java:579)
	at org.apache.ratis.thirdparty.io.netty.channel.nio.NioEventLoop.processSelectedKeys(NioEventLoop.java:496)
	at org.apache.ratis.thirdparty.io.netty.channel.nio.NioEventLoop.run(NioEventLoop.java:458)
	at org.apache.ratis.thirdparty.io.netty.util.concurrent.SingleThreadEventExecutor$5.run(SingleThreadEventExecutor.java:897)
	at org.apache.ratis.thirdparty.io.netty.util.concurrent.FastThreadLocalRunnable.run(FastThreadLocalRunnable.java:30)
	... 1 more
Caused by: java.net.ConnectException: Connection refused
	... 11 more
2019-09-24 22:59:10,315 [2eb382c8-b0ed-4536-b55b-1910907e8973@group-AD4279E7EEBD:LeaderElection25] INFO  impl.LeaderElection (LogUtils.java:infoOrTrace(149)) - 2eb382c8-b0ed-4536-b55b-1910907e8973@group-AD4279E7EEBD:LeaderElection25 got exception when requesting votes: {}
java.util.concurrent.ExecutionException: org.apache.ratis.thirdparty.io.grpc.StatusRuntimeException: UNAVAILABLE: io exception
	at java.util.concurrent.FutureTask.report(FutureTask.java:122)
	at java.util.concurrent.FutureTask.get(FutureTask.java:192)
	at org.apache.ratis.server.impl.LeaderElection.waitForResults(LeaderElection.java:263)
	at org.apache.ratis.server.impl.LeaderElection.askForVotes(LeaderElection.java:201)
	at org.apache.ratis.server.impl.LeaderElection.run(LeaderElection.java:133)
	at java.lang.Thread.run(Thread.java:748)
Caused by: org.apache.ratis.thirdparty.io.grpc.StatusRuntimeException: UNAVAILABLE: io exception
	at org.apache.ratis.thirdparty.io.grpc.stub.ClientCalls.toStatusRuntimeException(ClientCalls.java:233)
	at org.apache.ratis.thirdparty.io.grpc.stub.ClientCalls.getUnchecked(ClientCalls.java:214)
	at org.apache.ratis.thirdparty.io.grpc.stub.ClientCalls.blockingUnaryCall(ClientCalls.java:139)
	at org.apache.ratis.proto.grpc.RaftServerProtocolServiceGrpc$RaftServerProtocolServiceBlockingStub.requestVote(RaftServerProtocolServiceGrpc.java:265)
	at org.apache.ratis.grpc.server.GrpcServerProtocolClient.requestVote(GrpcServerProtocolClient.java:90)
	at org.apache.ratis.grpc.server.GrpcService.requestVote(GrpcService.java:204)
	at org.apache.ratis.server.impl.LeaderElection.lambda$submitRequests$1(LeaderElection.java:238)
	at java.util.concurrent.FutureTask.run(FutureTask.java:266)
	at java.util.concurrent.Executors$RunnableAdapter.call(Executors.java:511)
	at java.util.concurrent.FutureTask.run(FutureTask.java:266)
	at java.util.concurrent.ThreadPoolExecutor.runWorker(ThreadPoolExecutor.java:1149)
	at java.util.concurrent.ThreadPoolExecutor$Worker.run(ThreadPoolExecutor.java:624)
	... 1 more
Caused by: org.apache.ratis.thirdparty.io.netty.channel.AbstractChannel$AnnotatedConnectException: Connection refused: /192.168.151.66:34381
	at sun.nio.ch.SocketChannelImpl.checkConnect(Native Method)
	at sun.nio.ch.SocketChannelImpl.finishConnect(SocketChannelImpl.java:717)
	at org.apache.ratis.thirdparty.io.netty.channel.socket.nio.NioSocketChannel.doFinishConnect(NioSocketChannel.java:327)
	at org.apache.ratis.thirdparty.io.netty.channel.nio.AbstractNioChannel$AbstractNioUnsafe.finishConnect(AbstractNioChannel.java:340)
	at org.apache.ratis.thirdparty.io.netty.channel.nio.NioEventLoop.processSelectedKey(NioEventLoop.java:632)
	at org.apache.ratis.thirdparty.io.netty.channel.nio.NioEventLoop.processSelectedKeysOptimized(NioEventLoop.java:579)
	at org.apache.ratis.thirdparty.io.netty.channel.nio.NioEventLoop.processSelectedKeys(NioEventLoop.java:496)
	at org.apache.ratis.thirdparty.io.netty.channel.nio.NioEventLoop.run(NioEventLoop.java:458)
	at org.apache.ratis.thirdparty.io.netty.util.concurrent.SingleThreadEventExecutor$5.run(SingleThreadEventExecutor.java:897)
	at org.apache.ratis.thirdparty.io.netty.util.concurrent.FastThreadLocalRunnable.run(FastThreadLocalRunnable.java:30)
	... 1 more
Caused by: java.net.ConnectException: Connection refused
	... 11 more
2019-09-24 22:59:10,317 [2eb382c8-b0ed-4536-b55b-1910907e8973@group-AD4279E7EEBD:LeaderElection25] INFO  impl.LeaderElection (LeaderElection.java:logAndReturn(56)) - 2eb382c8-b0ed-4536-b55b-1910907e8973@group-AD4279E7EEBD:LeaderElection25: Election REJECTED; received 0 response(s) [] and 2 exception(s); 2eb382c8-b0ed-4536-b55b-1910907e8973@group-AD4279E7EEBD:t2, leader=null, voted=2eb382c8-b0ed-4536-b55b-1910907e8973, raftlog=2eb382c8-b0ed-4536-b55b-1910907e8973@group-AD4279E7EEBD-SegmentedRaftLog:OPENED:c0,f0,i0, conf=0: [dbd80091-9753-44ad-af4d-a1b4cb46f81c:192.168.151.66:34381, d39139c5-5210-4708-b66c-2240b4ead968:192.168.151.66:40063, 2eb382c8-b0ed-4536-b55b-1910907e8973:192.168.151.66:39663], old=null
2019-09-24 22:59:10,317 [2eb382c8-b0ed-4536-b55b-1910907e8973@group-AD4279E7EEBD:LeaderElection25] INFO  impl.LeaderElection (LogUtils.java:infoOrTrace(149)) -   Exception 0: {}
java.util.concurrent.ExecutionException: org.apache.ratis.thirdparty.io.grpc.StatusRuntimeException: UNAVAILABLE: io exception
	at java.util.concurrent.FutureTask.report(FutureTask.java:122)
	at java.util.concurrent.FutureTask.get(FutureTask.java:192)
	at org.apache.ratis.server.impl.LeaderElection.waitForResults(LeaderElection.java:263)
	at org.apache.ratis.server.impl.LeaderElection.askForVotes(LeaderElection.java:201)
	at org.apache.ratis.server.impl.LeaderElection.run(LeaderElection.java:133)
	at java.lang.Thread.run(Thread.java:748)
Caused by: org.apache.ratis.thirdparty.io.grpc.StatusRuntimeException: UNAVAILABLE: io exception
	at org.apache.ratis.thirdparty.io.grpc.stub.ClientCalls.toStatusRuntimeException(ClientCalls.java:233)
	at org.apache.ratis.thirdparty.io.grpc.stub.ClientCalls.getUnchecked(ClientCalls.java:214)
	at org.apache.ratis.thirdparty.io.grpc.stub.ClientCalls.blockingUnaryCall(ClientCalls.java:139)
	at org.apache.ratis.proto.grpc.RaftServerProtocolServiceGrpc$RaftServerProtocolServiceBlockingStub.requestVote(RaftServerProtocolServiceGrpc.java:265)
	at org.apache.ratis.grpc.server.GrpcServerProtocolClient.requestVote(GrpcServerProtocolClient.java:90)
	at org.apache.ratis.grpc.server.GrpcService.requestVote(GrpcService.java:204)
	at org.apache.ratis.server.impl.LeaderElection.lambda$submitRequests$1(LeaderElection.java:238)
	at java.util.concurrent.FutureTask.run(FutureTask.java:266)
	at java.util.concurrent.Executors$RunnableAdapter.call(Executors.java:511)
	at java.util.concurrent.FutureTask.run(FutureTask.java:266)
	at java.util.concurrent.ThreadPoolExecutor.runWorker(ThreadPoolExecutor.java:1149)
	at java.util.concurrent.ThreadPoolExecutor$Worker.run(ThreadPoolExecutor.java:624)
	... 1 more
Caused by: org.apache.ratis.thirdparty.io.netty.channel.AbstractChannel$AnnotatedConnectException: Connection refused: /192.168.151.66:40063
	at sun.nio.ch.SocketChannelImpl.checkConnect(Native Method)
	at sun.nio.ch.SocketChannelImpl.finishConnect(SocketChannelImpl.java:717)
	at org.apache.ratis.thirdparty.io.netty.channel.socket.nio.NioSocketChannel.doFinishConnect(NioSocketChannel.java:327)
	at org.apache.ratis.thirdparty.io.netty.channel.nio.AbstractNioChannel$AbstractNioUnsafe.finishConnect(AbstractNioChannel.java:340)
	at org.apache.ratis.thirdparty.io.netty.channel.nio.NioEventLoop.processSelectedKey(NioEventLoop.java:632)
	at org.apache.ratis.thirdparty.io.netty.channel.nio.NioEventLoop.processSelectedKeysOptimized(NioEventLoop.java:579)
	at org.apache.ratis.thirdparty.io.netty.channel.nio.NioEventLoop.processSelectedKeys(NioEventLoop.java:496)
	at org.apache.ratis.thirdparty.io.netty.channel.nio.NioEventLoop.run(NioEventLoop.java:458)
	at org.apache.ratis.thirdparty.io.netty.util.concurrent.SingleThreadEventExecutor$5.run(SingleThreadEventExecutor.java:897)
	at org.apache.ratis.thirdparty.io.netty.util.concurrent.FastThreadLocalRunnable.run(FastThreadLocalRunnable.java:30)
	... 1 more
Caused by: java.net.ConnectException: Connection refused
	... 11 more
2019-09-24 22:59:10,317 [2eb382c8-b0ed-4536-b55b-1910907e8973@group-AD4279E7EEBD:LeaderElection25] INFO  impl.LeaderElection (LogUtils.java:infoOrTrace(149)) -   Exception 1: {}
java.util.concurrent.ExecutionException: org.apache.ratis.thirdparty.io.grpc.StatusRuntimeException: UNAVAILABLE: io exception
	at java.util.concurrent.FutureTask.report(FutureTask.java:122)
	at java.util.concurrent.FutureTask.get(FutureTask.java:192)
	at org.apache.ratis.server.impl.LeaderElection.waitForResults(LeaderElection.java:263)
	at org.apache.ratis.server.impl.LeaderElection.askForVotes(LeaderElection.java:201)
	at org.apache.ratis.server.impl.LeaderElection.run(LeaderElection.java:133)
	at java.lang.Thread.run(Thread.java:748)
Caused by: org.apache.ratis.thirdparty.io.grpc.StatusRuntimeException: UNAVAILABLE: io exception
	at org.apache.ratis.thirdparty.io.grpc.stub.ClientCalls.toStatusRuntimeException(ClientCalls.java:233)
	at org.apache.ratis.thirdparty.io.grpc.stub.ClientCalls.getUnchecked(ClientCalls.java:214)
	at org.apache.ratis.thirdparty.io.grpc.stub.ClientCalls.blockingUnaryCall(ClientCalls.java:139)
	at org.apache.ratis.proto.grpc.RaftServerProtocolServiceGrpc$RaftServerProtocolServiceBlockingStub.requestVote(RaftServerProtocolServiceGrpc.java:265)
	at org.apache.ratis.grpc.server.GrpcServerProtocolClient.requestVote(GrpcServerProtocolClient.java:90)
	at org.apache.ratis.grpc.server.GrpcService.requestVote(GrpcService.java:204)
	at org.apache.ratis.server.impl.LeaderElection.lambda$submitRequests$1(LeaderElection.java:238)
	at java.util.concurrent.FutureTask.run(FutureTask.java:266)
	at java.util.concurrent.Executors$RunnableAdapter.call(Executors.java:511)
	at java.util.concurrent.FutureTask.run(FutureTask.java:266)
	at java.util.concurrent.ThreadPoolExecutor.runWorker(ThreadPoolExecutor.java:1149)
	at java.util.concurrent.ThreadPoolExecutor$Worker.run(ThreadPoolExecutor.java:624)
	... 1 more
Caused by: org.apache.ratis.thirdparty.io.netty.channel.AbstractChannel$AnnotatedConnectException: Connection refused: /192.168.151.66:34381
	at sun.nio.ch.SocketChannelImpl.checkConnect(Native Method)
	at sun.nio.ch.SocketChannelImpl.finishConnect(SocketChannelImpl.java:717)
	at org.apache.ratis.thirdparty.io.netty.channel.socket.nio.NioSocketChannel.doFinishConnect(NioSocketChannel.java:327)
	at org.apache.ratis.thirdparty.io.netty.channel.nio.AbstractNioChannel$AbstractNioUnsafe.finishConnect(AbstractNioChannel.java:340)
	at org.apache.ratis.thirdparty.io.netty.channel.nio.NioEventLoop.processSelectedKey(NioEventLoop.java:632)
	at org.apache.ratis.thirdparty.io.netty.channel.nio.NioEventLoop.processSelectedKeysOptimized(NioEventLoop.java:579)
	at org.apache.ratis.thirdparty.io.netty.channel.nio.NioEventLoop.processSelectedKeys(NioEventLoop.java:496)
	at org.apache.ratis.thirdparty.io.netty.channel.nio.NioEventLoop.run(NioEventLoop.java:458)
	at org.apache.ratis.thirdparty.io.netty.util.concurrent.SingleThreadEventExecutor$5.run(SingleThreadEventExecutor.java:897)
	at org.apache.ratis.thirdparty.io.netty.util.concurrent.FastThreadLocalRunnable.run(FastThreadLocalRunnable.java:30)
	... 1 more
Caused by: java.net.ConnectException: Connection refused
	... 11 more
2019-09-24 22:59:10,317 [2eb382c8-b0ed-4536-b55b-1910907e8973@group-AD4279E7EEBD:LeaderElection25] INFO  impl.RaftServerImpl (RaftServerImpl.java:setRole(174)) - 2eb382c8-b0ed-4536-b55b-1910907e8973@group-AD4279E7EEBD: changes role from CANDIDATE to FOLLOWER at term 2 for DISCOVERED_A_NEW_TERM
2019-09-24 22:59:10,319 [2eb382c8-b0ed-4536-b55b-1910907e8973@group-AD4279E7EEBD:LeaderElection25] INFO  impl.RoleInfo (RoleInfo.java:shutdownLeaderElection(134)) - 2eb382c8-b0ed-4536-b55b-1910907e8973: shutdown LeaderElection
2019-09-24 22:59:10,319 [2eb382c8-b0ed-4536-b55b-1910907e8973@group-AD4279E7EEBD:LeaderElection25] INFO  impl.RoleInfo (RoleInfo.java:updateAndGet(143)) - 2eb382c8-b0ed-4536-b55b-1910907e8973: start FollowerState
2019-09-24 22:59:10,777 [Thread-1911] INFO  impl.FollowerState (FollowerState.java:run(106)) - df79811b-05d5-490a-beb3-27ac0aff7bfc:group-ECCDD8E1798D changes to CANDIDATE, lastRpcTime:1068, electionTimeout:1067ms
2019-09-24 22:59:10,779 [Thread-1911] INFO  impl.RoleInfo (RoleInfo.java:shutdownFollowerState(121)) - df79811b-05d5-490a-beb3-27ac0aff7bfc: shutdown FollowerState
2019-09-24 22:59:10,779 [Thread-1911] INFO  impl.RaftServerImpl (RaftServerImpl.java:setRole(174)) - df79811b-05d5-490a-beb3-27ac0aff7bfc@group-ECCDD8E1798D: changes role from  FOLLOWER to CANDIDATE at term 7 for changeToCandidate
2019-09-24 22:59:10,779 [Thread-1911] INFO  impl.RoleInfo (RoleInfo.java:updateAndGet(143)) - df79811b-05d5-490a-beb3-27ac0aff7bfc: start LeaderElection
2019-09-24 22:59:10,806 [df79811b-05d5-490a-beb3-27ac0aff7bfc@group-ECCDD8E1798D:LeaderElection26] INFO  impl.LeaderElection (LeaderElection.java:askForVotes(182)) - df79811b-05d5-490a-beb3-27ac0aff7bfc@group-ECCDD8E1798D:LeaderElection26: begin an election at term 8 for 0: [16bf6e05-f81a-41e5-883a-89e111b126fe:192.168.151.66:37026, df79811b-05d5-490a-beb3-27ac0aff7bfc:192.168.151.66:34065, 23c6c9b6-39b4-44f0-84a4-cf624850a9c3:192.168.151.66:32846], old=null
2019-09-24 22:59:10,807 [df79811b-05d5-490a-beb3-27ac0aff7bfc@group-ECCDD8E1798D:LeaderElection26] INFO  impl.LeaderElection (LogUtils.java:infoOrTrace(149)) - df79811b-05d5-490a-beb3-27ac0aff7bfc@group-ECCDD8E1798D:LeaderElection26 got exception when requesting votes: {}
java.util.concurrent.ExecutionException: org.apache.ratis.thirdparty.io.grpc.StatusRuntimeException: UNAVAILABLE: io exception
	at java.util.concurrent.FutureTask.report(FutureTask.java:122)
	at java.util.concurrent.FutureTask.get(FutureTask.java:192)
	at org.apache.ratis.server.impl.LeaderElection.waitForResults(LeaderElection.java:263)
	at org.apache.ratis.server.impl.LeaderElection.askForVotes(LeaderElection.java:201)
	at org.apache.ratis.server.impl.LeaderElection.run(LeaderElection.java:133)
	at java.lang.Thread.run(Thread.java:748)
Caused by: org.apache.ratis.thirdparty.io.grpc.StatusRuntimeException: UNAVAILABLE: io exception
	at org.apache.ratis.thirdparty.io.grpc.stub.ClientCalls.toStatusRuntimeException(ClientCalls.java:233)
	at org.apache.ratis.thirdparty.io.grpc.stub.ClientCalls.getUnchecked(ClientCalls.java:214)
	at org.apache.ratis.thirdparty.io.grpc.stub.ClientCalls.blockingUnaryCall(ClientCalls.java:139)
	at org.apache.ratis.proto.grpc.RaftServerProtocolServiceGrpc$RaftServerProtocolServiceBlockingStub.requestVote(RaftServerProtocolServiceGrpc.java:265)
	at org.apache.ratis.grpc.server.GrpcServerProtocolClient.requestVote(GrpcServerProtocolClient.java:90)
	at org.apache.ratis.grpc.server.GrpcService.requestVote(GrpcService.java:204)
	at org.apache.ratis.server.impl.LeaderElection.lambda$submitRequests$1(LeaderElection.java:238)
	at java.util.concurrent.FutureTask.run(FutureTask.java:266)
	at java.util.concurrent.Executors$RunnableAdapter.call(Executors.java:511)
	at java.util.concurrent.FutureTask.run(FutureTask.java:266)
	at java.util.concurrent.ThreadPoolExecutor.runWorker(ThreadPoolExecutor.java:1149)
	at java.util.concurrent.ThreadPoolExecutor$Worker.run(ThreadPoolExecutor.java:624)
	... 1 more
Caused by: org.apache.ratis.thirdparty.io.netty.channel.AbstractChannel$AnnotatedConnectException: Connection refused: /192.168.151.66:37026
	at sun.nio.ch.SocketChannelImpl.checkConnect(Native Method)
	at sun.nio.ch.SocketChannelImpl.finishConnect(SocketChannelImpl.java:717)
	at org.apache.ratis.thirdparty.io.netty.channel.socket.nio.NioSocketChannel.doFinishConnect(NioSocketChannel.java:327)
	at org.apache.ratis.thirdparty.io.netty.channel.nio.AbstractNioChannel$AbstractNioUnsafe.finishConnect(AbstractNioChannel.java:340)
	at org.apache.ratis.thirdparty.io.netty.channel.nio.NioEventLoop.processSelectedKey(NioEventLoop.java:632)
	at org.apache.ratis.thirdparty.io.netty.channel.nio.NioEventLoop.processSelectedKeysOptimized(NioEventLoop.java:579)
	at org.apache.ratis.thirdparty.io.netty.channel.nio.NioEventLoop.processSelectedKeys(NioEventLoop.java:496)
	at org.apache.ratis.thirdparty.io.netty.channel.nio.NioEventLoop.run(NioEventLoop.java:458)
	at org.apache.ratis.thirdparty.io.netty.util.concurrent.SingleThreadEventExecutor$5.run(SingleThreadEventExecutor.java:897)
	at org.apache.ratis.thirdparty.io.netty.util.concurrent.FastThreadLocalRunnable.run(FastThreadLocalRunnable.java:30)
	... 1 more
Caused by: java.net.ConnectException: Connection refused
	... 11 more
2019-09-24 22:59:10,809 [df79811b-05d5-490a-beb3-27ac0aff7bfc@group-ECCDD8E1798D:LeaderElection26] INFO  impl.LeaderElection (LogUtils.java:infoOrTrace(149)) - df79811b-05d5-490a-beb3-27ac0aff7bfc@group-ECCDD8E1798D:LeaderElection26 got exception when requesting votes: {}
java.util.concurrent.ExecutionException: org.apache.ratis.thirdparty.io.grpc.StatusRuntimeException: UNAVAILABLE: io exception
	at java.util.concurrent.FutureTask.report(FutureTask.java:122)
	at java.util.concurrent.FutureTask.get(FutureTask.java:192)
	at org.apache.ratis.server.impl.LeaderElection.waitForResults(LeaderElection.java:263)
	at org.apache.ratis.server.impl.LeaderElection.askForVotes(LeaderElection.java:201)
	at org.apache.ratis.server.impl.LeaderElection.run(LeaderElection.java:133)
	at java.lang.Thread.run(Thread.java:748)
Caused by: org.apache.ratis.thirdparty.io.grpc.StatusRuntimeException: UNAVAILABLE: io exception
	at org.apache.ratis.thirdparty.io.grpc.stub.ClientCalls.toStatusRuntimeException(ClientCalls.java:233)
	at org.apache.ratis.thirdparty.io.grpc.stub.ClientCalls.getUnchecked(ClientCalls.java:214)
	at org.apache.ratis.thirdparty.io.grpc.stub.ClientCalls.blockingUnaryCall(ClientCalls.java:139)
	at org.apache.ratis.proto.grpc.RaftServerProtocolServiceGrpc$RaftServerProtocolServiceBlockingStub.requestVote(RaftServerProtocolServiceGrpc.java:265)
	at org.apache.ratis.grpc.server.GrpcServerProtocolClient.requestVote(GrpcServerProtocolClient.java:90)
	at org.apache.ratis.grpc.server.GrpcService.requestVote(GrpcService.java:204)
	at org.apache.ratis.server.impl.LeaderElection.lambda$submitRequests$1(LeaderElection.java:238)
	at java.util.concurrent.FutureTask.run(FutureTask.java:266)
	at java.util.concurrent.Executors$RunnableAdapter.call(Executors.java:511)
	at java.util.concurrent.FutureTask.run(FutureTask.java:266)
	at java.util.concurrent.ThreadPoolExecutor.runWorker(ThreadPoolExecutor.java:1149)
	at java.util.concurrent.ThreadPoolExecutor$Worker.run(ThreadPoolExecutor.java:624)
	... 1 more
Caused by: org.apache.ratis.thirdparty.io.netty.channel.AbstractChannel$AnnotatedConnectException: Connection refused: /192.168.151.66:32846
	at sun.nio.ch.SocketChannelImpl.checkConnect(Native Method)
	at sun.nio.ch.SocketChannelImpl.finishConnect(SocketChannelImpl.java:717)
	at org.apache.ratis.thirdparty.io.netty.channel.socket.nio.NioSocketChannel.doFinishConnect(NioSocketChannel.java:327)
	at org.apache.ratis.thirdparty.io.netty.channel.nio.AbstractNioChannel$AbstractNioUnsafe.finishConnect(AbstractNioChannel.java:340)
	at org.apache.ratis.thirdparty.io.netty.channel.nio.NioEventLoop.processSelectedKey(NioEventLoop.java:632)
	at org.apache.ratis.thirdparty.io.netty.channel.nio.NioEventLoop.processSelectedKeysOptimized(NioEventLoop.java:579)
	at org.apache.ratis.thirdparty.io.netty.channel.nio.NioEventLoop.processSelectedKeys(NioEventLoop.java:496)
	at org.apache.ratis.thirdparty.io.netty.channel.nio.NioEventLoop.run(NioEventLoop.java:458)
	at org.apache.ratis.thirdparty.io.netty.util.concurrent.SingleThreadEventExecutor$5.run(SingleThreadEventExecutor.java:897)
	at org.apache.ratis.thirdparty.io.netty.util.concurrent.FastThreadLocalRunnable.run(FastThreadLocalRunnable.java:30)
	... 1 more
Caused by: java.net.ConnectException: Connection refused
	... 11 more
2019-09-24 22:59:10,814 [df79811b-05d5-490a-beb3-27ac0aff7bfc@group-ECCDD8E1798D:LeaderElection26] INFO  impl.LeaderElection (LeaderElection.java:logAndReturn(56)) - df79811b-05d5-490a-beb3-27ac0aff7bfc@group-ECCDD8E1798D:LeaderElection26: Election REJECTED; received 0 response(s) [] and 2 exception(s); df79811b-05d5-490a-beb3-27ac0aff7bfc@group-ECCDD8E1798D:t8, leader=null, voted=df79811b-05d5-490a-beb3-27ac0aff7bfc, raftlog=df79811b-05d5-490a-beb3-27ac0aff7bfc@group-ECCDD8E1798D-SegmentedRaftLog:OPENED:c0,f0,i0, conf=0: [16bf6e05-f81a-41e5-883a-89e111b126fe:192.168.151.66:37026, df79811b-05d5-490a-beb3-27ac0aff7bfc:192.168.151.66:34065, 23c6c9b6-39b4-44f0-84a4-cf624850a9c3:192.168.151.66:32846], old=null
2019-09-24 22:59:10,814 [df79811b-05d5-490a-beb3-27ac0aff7bfc@group-ECCDD8E1798D:LeaderElection26] INFO  impl.LeaderElection (LogUtils.java:infoOrTrace(149)) -   Exception 0: {}
java.util.concurrent.ExecutionException: org.apache.ratis.thirdparty.io.grpc.StatusRuntimeException: UNAVAILABLE: io exception
	at java.util.concurrent.FutureTask.report(FutureTask.java:122)
	at java.util.concurrent.FutureTask.get(FutureTask.java:192)
	at org.apache.ratis.server.impl.LeaderElection.waitForResults(LeaderElection.java:263)
	at org.apache.ratis.server.impl.LeaderElection.askForVotes(LeaderElection.java:201)
	at org.apache.ratis.server.impl.LeaderElection.run(LeaderElection.java:133)
	at java.lang.Thread.run(Thread.java:748)
Caused by: org.apache.ratis.thirdparty.io.grpc.StatusRuntimeException: UNAVAILABLE: io exception
	at org.apache.ratis.thirdparty.io.grpc.stub.ClientCalls.toStatusRuntimeException(ClientCalls.java:233)
	at org.apache.ratis.thirdparty.io.grpc.stub.ClientCalls.getUnchecked(ClientCalls.java:214)
	at org.apache.ratis.thirdparty.io.grpc.stub.ClientCalls.blockingUnaryCall(ClientCalls.java:139)
	at org.apache.ratis.proto.grpc.RaftServerProtocolServiceGrpc$RaftServerProtocolServiceBlockingStub.requestVote(RaftServerProtocolServiceGrpc.java:265)
	at org.apache.ratis.grpc.server.GrpcServerProtocolClient.requestVote(GrpcServerProtocolClient.java:90)
	at org.apache.ratis.grpc.server.GrpcService.requestVote(GrpcService.java:204)
	at org.apache.ratis.server.impl.LeaderElection.lambda$submitRequests$1(LeaderElection.java:238)
	at java.util.concurrent.FutureTask.run(FutureTask.java:266)
	at java.util.concurrent.Executors$RunnableAdapter.call(Executors.java:511)
	at java.util.concurrent.FutureTask.run(FutureTask.java:266)
	at java.util.concurrent.ThreadPoolExecutor.runWorker(ThreadPoolExecutor.java:1149)
	at java.util.concurrent.ThreadPoolExecutor$Worker.run(ThreadPoolExecutor.java:624)
	... 1 more
Caused by: org.apache.ratis.thirdparty.io.netty.channel.AbstractChannel$AnnotatedConnectException: Connection refused: /192.168.151.66:37026
	at sun.nio.ch.SocketChannelImpl.checkConnect(Native Method)
	at sun.nio.ch.SocketChannelImpl.finishConnect(SocketChannelImpl.java:717)
	at org.apache.ratis.thirdparty.io.netty.channel.socket.nio.NioSocketChannel.doFinishConnect(NioSocketChannel.java:327)
	at org.apache.ratis.thirdparty.io.netty.channel.nio.AbstractNioChannel$AbstractNioUnsafe.finishConnect(AbstractNioChannel.java:340)
	at org.apache.ratis.thirdparty.io.netty.channel.nio.NioEventLoop.processSelectedKey(NioEventLoop.java:632)
	at org.apache.ratis.thirdparty.io.netty.channel.nio.NioEventLoop.processSelectedKeysOptimized(NioEventLoop.java:579)
	at org.apache.ratis.thirdparty.io.netty.channel.nio.NioEventLoop.processSelectedKeys(NioEventLoop.java:496)
	at org.apache.ratis.thirdparty.io.netty.channel.nio.NioEventLoop.run(NioEventLoop.java:458)
	at org.apache.ratis.thirdparty.io.netty.util.concurrent.SingleThreadEventExecutor$5.run(SingleThreadEventExecutor.java:897)
	at org.apache.ratis.thirdparty.io.netty.util.concurrent.FastThreadLocalRunnable.run(FastThreadLocalRunnable.java:30)
	... 1 more
Caused by: java.net.ConnectException: Connection refused
	... 11 more
2019-09-24 22:59:10,815 [df79811b-05d5-490a-beb3-27ac0aff7bfc@group-ECCDD8E1798D:LeaderElection26] INFO  impl.LeaderElection (LogUtils.java:infoOrTrace(149)) -   Exception 1: {}
java.util.concurrent.ExecutionException: org.apache.ratis.thirdparty.io.grpc.StatusRuntimeException: UNAVAILABLE: io exception
	at java.util.concurrent.FutureTask.report(FutureTask.java:122)
	at java.util.concurrent.FutureTask.get(FutureTask.java:192)
	at org.apache.ratis.server.impl.LeaderElection.waitForResults(LeaderElection.java:263)
	at org.apache.ratis.server.impl.LeaderElection.askForVotes(LeaderElection.java:201)
	at org.apache.ratis.server.impl.LeaderElection.run(LeaderElection.java:133)
	at java.lang.Thread.run(Thread.java:748)
Caused by: org.apache.ratis.thirdparty.io.grpc.StatusRuntimeException: UNAVAILABLE: io exception
	at org.apache.ratis.thirdparty.io.grpc.stub.ClientCalls.toStatusRuntimeException(ClientCalls.java:233)
	at org.apache.ratis.thirdparty.io.grpc.stub.ClientCalls.getUnchecked(ClientCalls.java:214)
	at org.apache.ratis.thirdparty.io.grpc.stub.ClientCalls.blockingUnaryCall(ClientCalls.java:139)
	at org.apache.ratis.proto.grpc.RaftServerProtocolServiceGrpc$RaftServerProtocolServiceBlockingStub.requestVote(RaftServerProtocolServiceGrpc.java:265)
	at org.apache.ratis.grpc.server.GrpcServerProtocolClient.requestVote(GrpcServerProtocolClient.java:90)
	at org.apache.ratis.grpc.server.GrpcService.requestVote(GrpcService.java:204)
	at org.apache.ratis.server.impl.LeaderElection.lambda$submitRequests$1(LeaderElection.java:238)
	at java.util.concurrent.FutureTask.run(FutureTask.java:266)
	at java.util.concurrent.Executors$RunnableAdapter.call(Executors.java:511)
	at java.util.concurrent.FutureTask.run(FutureTask.java:266)
	at java.util.concurrent.ThreadPoolExecutor.runWorker(ThreadPoolExecutor.java:1149)
	at java.util.concurrent.ThreadPoolExecutor$Worker.run(ThreadPoolExecutor.java:624)
	... 1 more
Caused by: org.apache.ratis.thirdparty.io.netty.channel.AbstractChannel$AnnotatedConnectException: Connection refused: /192.168.151.66:32846
	at sun.nio.ch.SocketChannelImpl.checkConnect(Native Method)
	at sun.nio.ch.SocketChannelImpl.finishConnect(SocketChannelImpl.java:717)
	at org.apache.ratis.thirdparty.io.netty.channel.socket.nio.NioSocketChannel.doFinishConnect(NioSocketChannel.java:327)
	at org.apache.ratis.thirdparty.io.netty.channel.nio.AbstractNioChannel$AbstractNioUnsafe.finishConnect(AbstractNioChannel.java:340)
	at org.apache.ratis.thirdparty.io.netty.channel.nio.NioEventLoop.processSelectedKey(NioEventLoop.java:632)
	at org.apache.ratis.thirdparty.io.netty.channel.nio.NioEventLoop.processSelectedKeysOptimized(NioEventLoop.java:579)
	at org.apache.ratis.thirdparty.io.netty.channel.nio.NioEventLoop.processSelectedKeys(NioEventLoop.java:496)
	at org.apache.ratis.thirdparty.io.netty.channel.nio.NioEventLoop.run(NioEventLoop.java:458)
	at org.apache.ratis.thirdparty.io.netty.util.concurrent.SingleThreadEventExecutor$5.run(SingleThreadEventExecutor.java:897)
	at org.apache.ratis.thirdparty.io.netty.util.concurrent.FastThreadLocalRunnable.run(FastThreadLocalRunnable.java:30)
	... 1 more
Caused by: java.net.ConnectException: Connection refused
	... 11 more
2019-09-24 22:59:10,815 [df79811b-05d5-490a-beb3-27ac0aff7bfc@group-ECCDD8E1798D:LeaderElection26] INFO  impl.RaftServerImpl (RaftServerImpl.java:setRole(174)) - df79811b-05d5-490a-beb3-27ac0aff7bfc@group-ECCDD8E1798D: changes role from CANDIDATE to FOLLOWER at term 8 for DISCOVERED_A_NEW_TERM
2019-09-24 22:59:10,817 [df79811b-05d5-490a-beb3-27ac0aff7bfc@group-ECCDD8E1798D:LeaderElection26] INFO  impl.RoleInfo (RoleInfo.java:shutdownLeaderElection(134)) - df79811b-05d5-490a-beb3-27ac0aff7bfc: shutdown LeaderElection
2019-09-24 22:59:10,817 [df79811b-05d5-490a-beb3-27ac0aff7bfc@group-ECCDD8E1798D:LeaderElection26] INFO  impl.RoleInfo (RoleInfo.java:updateAndGet(143)) - df79811b-05d5-490a-beb3-27ac0aff7bfc: start FollowerState
2019-09-24 22:59:11,349 [Thread-1915] INFO  impl.FollowerState (FollowerState.java:run(106)) - 2eb382c8-b0ed-4536-b55b-1910907e8973:group-AD4279E7EEBD changes to CANDIDATE, lastRpcTime:1029, electionTimeout:1028ms
2019-09-24 22:59:11,351 [Thread-1915] INFO  impl.RoleInfo (RoleInfo.java:shutdownFollowerState(121)) - 2eb382c8-b0ed-4536-b55b-1910907e8973: shutdown FollowerState
2019-09-24 22:59:11,351 [Thread-1915] INFO  impl.RaftServerImpl (RaftServerImpl.java:setRole(174)) - 2eb382c8-b0ed-4536-b55b-1910907e8973@group-AD4279E7EEBD: changes role from  FOLLOWER to CANDIDATE at term 2 for changeToCandidate
2019-09-24 22:59:11,351 [Thread-1915] INFO  impl.RoleInfo (RoleInfo.java:updateAndGet(143)) - 2eb382c8-b0ed-4536-b55b-1910907e8973: start LeaderElection
2019-09-24 22:59:11,367 [2eb382c8-b0ed-4536-b55b-1910907e8973@group-AD4279E7EEBD:LeaderElection27] INFO  impl.LeaderElection (LeaderElection.java:askForVotes(182)) - 2eb382c8-b0ed-4536-b55b-1910907e8973@group-AD4279E7EEBD:LeaderElection27: begin an election at term 3 for 0: [dbd80091-9753-44ad-af4d-a1b4cb46f81c:192.168.151.66:34381, d39139c5-5210-4708-b66c-2240b4ead968:192.168.151.66:40063, 2eb382c8-b0ed-4536-b55b-1910907e8973:192.168.151.66:39663], old=null
2019-09-24 22:59:11,369 [2eb382c8-b0ed-4536-b55b-1910907e8973@group-AD4279E7EEBD:LeaderElection27] INFO  impl.LeaderElection (LogUtils.java:infoOrTrace(149)) - 2eb382c8-b0ed-4536-b55b-1910907e8973@group-AD4279E7EEBD:LeaderElection27 got exception when requesting votes: {}
java.util.concurrent.ExecutionException: org.apache.ratis.thirdparty.io.grpc.StatusRuntimeException: UNAVAILABLE: io exception
	at java.util.concurrent.FutureTask.report(FutureTask.java:122)
	at java.util.concurrent.FutureTask.get(FutureTask.java:192)
	at org.apache.ratis.server.impl.LeaderElection.waitForResults(LeaderElection.java:263)
	at org.apache.ratis.server.impl.LeaderElection.askForVotes(LeaderElection.java:201)
	at org.apache.ratis.server.impl.LeaderElection.run(LeaderElection.java:133)
	at java.lang.Thread.run(Thread.java:748)
Caused by: org.apache.ratis.thirdparty.io.grpc.StatusRuntimeException: UNAVAILABLE: io exception
	at org.apache.ratis.thirdparty.io.grpc.stub.ClientCalls.toStatusRuntimeException(ClientCalls.java:233)
	at org.apache.ratis.thirdparty.io.grpc.stub.ClientCalls.getUnchecked(ClientCalls.java:214)
	at org.apache.ratis.thirdparty.io.grpc.stub.ClientCalls.blockingUnaryCall(ClientCalls.java:139)
	at org.apache.ratis.proto.grpc.RaftServerProtocolServiceGrpc$RaftServerProtocolServiceBlockingStub.requestVote(RaftServerProtocolServiceGrpc.java:265)
	at org.apache.ratis.grpc.server.GrpcServerProtocolClient.requestVote(GrpcServerProtocolClient.java:90)
	at org.apache.ratis.grpc.server.GrpcService.requestVote(GrpcService.java:204)
	at org.apache.ratis.server.impl.LeaderElection.lambda$submitRequests$1(LeaderElection.java:238)
	at java.util.concurrent.FutureTask.run(FutureTask.java:266)
	at java.util.concurrent.Executors$RunnableAdapter.call(Executors.java:511)
	at java.util.concurrent.FutureTask.run(FutureTask.java:266)
	at java.util.concurrent.ThreadPoolExecutor.runWorker(ThreadPoolExecutor.java:1149)
	at java.util.concurrent.ThreadPoolExecutor$Worker.run(ThreadPoolExecutor.java:624)
	... 1 more
Caused by: org.apache.ratis.thirdparty.io.netty.channel.AbstractChannel$AnnotatedConnectException: Connection refused: /192.168.151.66:34381
	at sun.nio.ch.SocketChannelImpl.checkConnect(Native Method)
	at sun.nio.ch.SocketChannelImpl.finishConnect(SocketChannelImpl.java:717)
	at org.apache.ratis.thirdparty.io.netty.channel.socket.nio.NioSocketChannel.doFinishConnect(NioSocketChannel.java:327)
	at org.apache.ratis.thirdparty.io.netty.channel.nio.AbstractNioChannel$AbstractNioUnsafe.finishConnect(AbstractNioChannel.java:340)
	at org.apache.ratis.thirdparty.io.netty.channel.nio.NioEventLoop.processSelectedKey(NioEventLoop.java:632)
	at org.apache.ratis.thirdparty.io.netty.channel.nio.NioEventLoop.processSelectedKeysOptimized(NioEventLoop.java:579)
	at org.apache.ratis.thirdparty.io.netty.channel.nio.NioEventLoop.processSelectedKeys(NioEventLoop.java:496)
	at org.apache.ratis.thirdparty.io.netty.channel.nio.NioEventLoop.run(NioEventLoop.java:458)
	at org.apache.ratis.thirdparty.io.netty.util.concurrent.SingleThreadEventExecutor$5.run(SingleThreadEventExecutor.java:897)
	at org.apache.ratis.thirdparty.io.netty.util.concurrent.FastThreadLocalRunnable.run(FastThreadLocalRunnable.java:30)
	... 1 more
Caused by: java.net.ConnectException: Connection refused
	... 11 more
2019-09-24 22:59:11,370 [2eb382c8-b0ed-4536-b55b-1910907e8973@group-AD4279E7EEBD:LeaderElection27] INFO  impl.LeaderElection (LogUtils.java:infoOrTrace(149)) - 2eb382c8-b0ed-4536-b55b-1910907e8973@group-AD4279E7EEBD:LeaderElection27 got exception when requesting votes: {}
java.util.concurrent.ExecutionException: org.apache.ratis.thirdparty.io.grpc.StatusRuntimeException: UNAVAILABLE: io exception
	at java.util.concurrent.FutureTask.report(FutureTask.java:122)
	at java.util.concurrent.FutureTask.get(FutureTask.java:192)
	at org.apache.ratis.server.impl.LeaderElection.waitForResults(LeaderElection.java:263)
	at org.apache.ratis.server.impl.LeaderElection.askForVotes(LeaderElection.java:201)
	at org.apache.ratis.server.impl.LeaderElection.run(LeaderElection.java:133)
	at java.lang.Thread.run(Thread.java:748)
Caused by: org.apache.ratis.thirdparty.io.grpc.StatusRuntimeException: UNAVAILABLE: io exception
	at org.apache.ratis.thirdparty.io.grpc.stub.ClientCalls.toStatusRuntimeException(ClientCalls.java:233)
	at org.apache.ratis.thirdparty.io.grpc.stub.ClientCalls.getUnchecked(ClientCalls.java:214)
	at org.apache.ratis.thirdparty.io.grpc.stub.ClientCalls.blockingUnaryCall(ClientCalls.java:139)
	at org.apache.ratis.proto.grpc.RaftServerProtocolServiceGrpc$RaftServerProtocolServiceBlockingStub.requestVote(RaftServerProtocolServiceGrpc.java:265)
	at org.apache.ratis.grpc.server.GrpcServerProtocolClient.requestVote(GrpcServerProtocolClient.java:90)
	at org.apache.ratis.grpc.server.GrpcService.requestVote(GrpcService.java:204)
	at org.apache.ratis.server.impl.LeaderElection.lambda$submitRequests$1(LeaderElection.java:238)
	at java.util.concurrent.FutureTask.run(FutureTask.java:266)
	at java.util.concurrent.Executors$RunnableAdapter.call(Executors.java:511)
	at java.util.concurrent.FutureTask.run(FutureTask.java:266)
	at java.util.concurrent.ThreadPoolExecutor.runWorker(ThreadPoolExecutor.java:1149)
	at java.util.concurrent.ThreadPoolExecutor$Worker.run(ThreadPoolExecutor.java:624)
	... 1 more
Caused by: org.apache.ratis.thirdparty.io.netty.channel.AbstractChannel$AnnotatedConnectException: Connection refused: /192.168.151.66:40063
	at sun.nio.ch.SocketChannelImpl.checkConnect(Native Method)
	at sun.nio.ch.SocketChannelImpl.finishConnect(SocketChannelImpl.java:717)
	at org.apache.ratis.thirdparty.io.netty.channel.socket.nio.NioSocketChannel.doFinishConnect(NioSocketChannel.java:327)
	at org.apache.ratis.thirdparty.io.netty.channel.nio.AbstractNioChannel$AbstractNioUnsafe.finishConnect(AbstractNioChannel.java:340)
	at org.apache.ratis.thirdparty.io.netty.channel.nio.NioEventLoop.processSelectedKey(NioEventLoop.java:632)
	at org.apache.ratis.thirdparty.io.netty.channel.nio.NioEventLoop.processSelectedKeysOptimized(NioEventLoop.java:579)
	at org.apache.ratis.thirdparty.io.netty.channel.nio.NioEventLoop.processSelectedKeys(NioEventLoop.java:496)
	at org.apache.ratis.thirdparty.io.netty.channel.nio.NioEventLoop.run(NioEventLoop.java:458)
	at org.apache.ratis.thirdparty.io.netty.util.concurrent.SingleThreadEventExecutor$5.run(SingleThreadEventExecutor.java:897)
	at org.apache.ratis.thirdparty.io.netty.util.concurrent.FastThreadLocalRunnable.run(FastThreadLocalRunnable.java:30)
	... 1 more
Caused by: java.net.ConnectException: Connection refused
	... 11 more
2019-09-24 22:59:11,372 [2eb382c8-b0ed-4536-b55b-1910907e8973@group-AD4279E7EEBD:LeaderElection27] INFO  impl.LeaderElection (LeaderElection.java:logAndReturn(56)) - 2eb382c8-b0ed-4536-b55b-1910907e8973@group-AD4279E7EEBD:LeaderElection27: Election REJECTED; received 0 response(s) [] and 2 exception(s); 2eb382c8-b0ed-4536-b55b-1910907e8973@group-AD4279E7EEBD:t3, leader=null, voted=2eb382c8-b0ed-4536-b55b-1910907e8973, raftlog=2eb382c8-b0ed-4536-b55b-1910907e8973@group-AD4279E7EEBD-SegmentedRaftLog:OPENED:c0,f0,i0, conf=0: [dbd80091-9753-44ad-af4d-a1b4cb46f81c:192.168.151.66:34381, d39139c5-5210-4708-b66c-2240b4ead968:192.168.151.66:40063, 2eb382c8-b0ed-4536-b55b-1910907e8973:192.168.151.66:39663], old=null
2019-09-24 22:59:11,372 [2eb382c8-b0ed-4536-b55b-1910907e8973@group-AD4279E7EEBD:LeaderElection27] INFO  impl.LeaderElection (LogUtils.java:infoOrTrace(149)) -   Exception 0: {}
java.util.concurrent.ExecutionException: org.apache.ratis.thirdparty.io.grpc.StatusRuntimeException: UNAVAILABLE: io exception
	at java.util.concurrent.FutureTask.report(FutureTask.java:122)
	at java.util.concurrent.FutureTask.get(FutureTask.java:192)
	at org.apache.ratis.server.impl.LeaderElection.waitForResults(LeaderElection.java:263)
	at org.apache.ratis.server.impl.LeaderElection.askForVotes(LeaderElection.java:201)
	at org.apache.ratis.server.impl.LeaderElection.run(LeaderElection.java:133)
	at java.lang.Thread.run(Thread.java:748)
Caused by: org.apache.ratis.thirdparty.io.grpc.StatusRuntimeException: UNAVAILABLE: io exception
	at org.apache.ratis.thirdparty.io.grpc.stub.ClientCalls.toStatusRuntimeException(ClientCalls.java:233)
	at org.apache.ratis.thirdparty.io.grpc.stub.ClientCalls.getUnchecked(ClientCalls.java:214)
	at org.apache.ratis.thirdparty.io.grpc.stub.ClientCalls.blockingUnaryCall(ClientCalls.java:139)
	at org.apache.ratis.proto.grpc.RaftServerProtocolServiceGrpc$RaftServerProtocolServiceBlockingStub.requestVote(RaftServerProtocolServiceGrpc.java:265)
	at org.apache.ratis.grpc.server.GrpcServerProtocolClient.requestVote(GrpcServerProtocolClient.java:90)
	at org.apache.ratis.grpc.server.GrpcService.requestVote(GrpcService.java:204)
	at org.apache.ratis.server.impl.LeaderElection.lambda$submitRequests$1(LeaderElection.java:238)
	at java.util.concurrent.FutureTask.run(FutureTask.java:266)
	at java.util.concurrent.Executors$RunnableAdapter.call(Executors.java:511)
	at java.util.concurrent.FutureTask.run(FutureTask.java:266)
	at java.util.concurrent.ThreadPoolExecutor.runWorker(ThreadPoolExecutor.java:1149)
	at java.util.concurrent.ThreadPoolExecutor$Worker.run(ThreadPoolExecutor.java:624)
	... 1 more
Caused by: org.apache.ratis.thirdparty.io.netty.channel.AbstractChannel$AnnotatedConnectException: Connection refused: /192.168.151.66:34381
	at sun.nio.ch.SocketChannelImpl.checkConnect(Native Method)
	at sun.nio.ch.SocketChannelImpl.finishConnect(SocketChannelImpl.java:717)
	at org.apache.ratis.thirdparty.io.netty.channel.socket.nio.NioSocketChannel.doFinishConnect(NioSocketChannel.java:327)
	at org.apache.ratis.thirdparty.io.netty.channel.nio.AbstractNioChannel$AbstractNioUnsafe.finishConnect(AbstractNioChannel.java:340)
	at org.apache.ratis.thirdparty.io.netty.channel.nio.NioEventLoop.processSelectedKey(NioEventLoop.java:632)
	at org.apache.ratis.thirdparty.io.netty.channel.nio.NioEventLoop.processSelectedKeysOptimized(NioEventLoop.java:579)
	at org.apache.ratis.thirdparty.io.netty.channel.nio.NioEventLoop.processSelectedKeys(NioEventLoop.java:496)
	at org.apache.ratis.thirdparty.io.netty.channel.nio.NioEventLoop.run(NioEventLoop.java:458)
	at org.apache.ratis.thirdparty.io.netty.util.concurrent.SingleThreadEventExecutor$5.run(SingleThreadEventExecutor.java:897)
	at org.apache.ratis.thirdparty.io.netty.util.concurrent.FastThreadLocalRunnable.run(FastThreadLocalRunnable.java:30)
	... 1 more
Caused by: java.net.ConnectException: Connection refused
	... 11 more
2019-09-24 22:59:11,373 [2eb382c8-b0ed-4536-b55b-1910907e8973@group-AD4279E7EEBD:LeaderElection27] INFO  impl.LeaderElection (LogUtils.java:infoOrTrace(149)) -   Exception 1: {}
java.util.concurrent.ExecutionException: org.apache.ratis.thirdparty.io.grpc.StatusRuntimeException: UNAVAILABLE: io exception
	at java.util.concurrent.FutureTask.report(FutureTask.java:122)
	at java.util.concurrent.FutureTask.get(FutureTask.java:192)
	at org.apache.ratis.server.impl.LeaderElection.waitForResults(LeaderElection.java:263)
	at org.apache.ratis.server.impl.LeaderElection.askForVotes(LeaderElection.java:201)
	at org.apache.ratis.server.impl.LeaderElection.run(LeaderElection.java:133)
	at java.lang.Thread.run(Thread.java:748)
Caused by: org.apache.ratis.thirdparty.io.grpc.StatusRuntimeException: UNAVAILABLE: io exception
	at org.apache.ratis.thirdparty.io.grpc.stub.ClientCalls.toStatusRuntimeException(ClientCalls.java:233)
	at org.apache.ratis.thirdparty.io.grpc.stub.ClientCalls.getUnchecked(ClientCalls.java:214)
	at org.apache.ratis.thirdparty.io.grpc.stub.ClientCalls.blockingUnaryCall(ClientCalls.java:139)
	at org.apache.ratis.proto.grpc.RaftServerProtocolServiceGrpc$RaftServerProtocolServiceBlockingStub.requestVote(RaftServerProtocolServiceGrpc.java:265)
	at org.apache.ratis.grpc.server.GrpcServerProtocolClient.requestVote(GrpcServerProtocolClient.java:90)
	at org.apache.ratis.grpc.server.GrpcService.requestVote(GrpcService.java:204)
	at org.apache.ratis.server.impl.LeaderElection.lambda$submitRequests$1(LeaderElection.java:238)
	at java.util.concurrent.FutureTask.run(FutureTask.java:266)
	at java.util.concurrent.Executors$RunnableAdapter.call(Executors.java:511)
	at java.util.concurrent.FutureTask.run(FutureTask.java:266)
	at java.util.concurrent.ThreadPoolExecutor.runWorker(ThreadPoolExecutor.java:1149)
	at java.util.concurrent.ThreadPoolExecutor$Worker.run(ThreadPoolExecutor.java:624)
	... 1 more
Caused by: org.apache.ratis.thirdparty.io.netty.channel.AbstractChannel$AnnotatedConnectException: Connection refused: /192.168.151.66:40063
	at sun.nio.ch.SocketChannelImpl.checkConnect(Native Method)
	at sun.nio.ch.SocketChannelImpl.finishConnect(SocketChannelImpl.java:717)
	at org.apache.ratis.thirdparty.io.netty.channel.socket.nio.NioSocketChannel.doFinishConnect(NioSocketChannel.java:327)
	at org.apache.ratis.thirdparty.io.netty.channel.nio.AbstractNioChannel$AbstractNioUnsafe.finishConnect(AbstractNioChannel.java:340)
	at org.apache.ratis.thirdparty.io.netty.channel.nio.NioEventLoop.processSelectedKey(NioEventLoop.java:632)
	at org.apache.ratis.thirdparty.io.netty.channel.nio.NioEventLoop.processSelectedKeysOptimized(NioEventLoop.java:579)
	at org.apache.ratis.thirdparty.io.netty.channel.nio.NioEventLoop.processSelectedKeys(NioEventLoop.java:496)
	at org.apache.ratis.thirdparty.io.netty.channel.nio.NioEventLoop.run(NioEventLoop.java:458)
	at org.apache.ratis.thirdparty.io.netty.util.concurrent.SingleThreadEventExecutor$5.run(SingleThreadEventExecutor.java:897)
	at org.apache.ratis.thirdparty.io.netty.util.concurrent.FastThreadLocalRunnable.run(FastThreadLocalRunnable.java:30)
	... 1 more
Caused by: java.net.ConnectException: Connection refused
	... 11 more
2019-09-24 22:59:11,373 [2eb382c8-b0ed-4536-b55b-1910907e8973@group-AD4279E7EEBD:LeaderElection27] INFO  impl.RaftServerImpl (RaftServerImpl.java:setRole(174)) - 2eb382c8-b0ed-4536-b55b-1910907e8973@group-AD4279E7EEBD: changes role from CANDIDATE to FOLLOWER at term 3 for DISCOVERED_A_NEW_TERM
2019-09-24 22:59:11,374 [2eb382c8-b0ed-4536-b55b-1910907e8973@group-AD4279E7EEBD:LeaderElection27] INFO  impl.RoleInfo (RoleInfo.java:shutdownLeaderElection(134)) - 2eb382c8-b0ed-4536-b55b-1910907e8973: shutdown LeaderElection
2019-09-24 22:59:11,375 [2eb382c8-b0ed-4536-b55b-1910907e8973@group-AD4279E7EEBD:LeaderElection27] INFO  impl.RoleInfo (RoleInfo.java:updateAndGet(143)) - 2eb382c8-b0ed-4536-b55b-1910907e8973: start FollowerState
2019-09-24 22:59:11,852 [Thread-1919] INFO  impl.FollowerState (FollowerState.java:run(106)) - df79811b-05d5-490a-beb3-27ac0aff7bfc:group-ECCDD8E1798D changes to CANDIDATE, lastRpcTime:1035, electionTimeout:1034ms
2019-09-24 22:59:11,854 [Thread-1919] INFO  impl.RoleInfo (RoleInfo.java:shutdownFollowerState(121)) - df79811b-05d5-490a-beb3-27ac0aff7bfc: shutdown FollowerState
2019-09-24 22:59:11,854 [Thread-1919] INFO  impl.RaftServerImpl (RaftServerImpl.java:setRole(174)) - df79811b-05d5-490a-beb3-27ac0aff7bfc@group-ECCDD8E1798D: changes role from  FOLLOWER to CANDIDATE at term 8 for changeToCandidate
2019-09-24 22:59:11,855 [Thread-1919] INFO  impl.RoleInfo (RoleInfo.java:updateAndGet(143)) - df79811b-05d5-490a-beb3-27ac0aff7bfc: start LeaderElection
2019-09-24 22:59:11,882 [df79811b-05d5-490a-beb3-27ac0aff7bfc@group-ECCDD8E1798D:LeaderElection28] INFO  impl.LeaderElection (LeaderElection.java:askForVotes(182)) - df79811b-05d5-490a-beb3-27ac0aff7bfc@group-ECCDD8E1798D:LeaderElection28: begin an election at term 9 for 0: [16bf6e05-f81a-41e5-883a-89e111b126fe:192.168.151.66:37026, df79811b-05d5-490a-beb3-27ac0aff7bfc:192.168.151.66:34065, 23c6c9b6-39b4-44f0-84a4-cf624850a9c3:192.168.151.66:32846], old=null
2019-09-24 22:59:11,883 [df79811b-05d5-490a-beb3-27ac0aff7bfc@group-ECCDD8E1798D:LeaderElection28] INFO  impl.LeaderElection (LogUtils.java:infoOrTrace(149)) - df79811b-05d5-490a-beb3-27ac0aff7bfc@group-ECCDD8E1798D:LeaderElection28 got exception when requesting votes: {}
java.util.concurrent.ExecutionException: org.apache.ratis.thirdparty.io.grpc.StatusRuntimeException: UNAVAILABLE: io exception
	at java.util.concurrent.FutureTask.report(FutureTask.java:122)
	at java.util.concurrent.FutureTask.get(FutureTask.java:192)
	at org.apache.ratis.server.impl.LeaderElection.waitForResults(LeaderElection.java:263)
	at org.apache.ratis.server.impl.LeaderElection.askForVotes(LeaderElection.java:201)
	at org.apache.ratis.server.impl.LeaderElection.run(LeaderElection.java:133)
	at java.lang.Thread.run(Thread.java:748)
Caused by: org.apache.ratis.thirdparty.io.grpc.StatusRuntimeException: UNAVAILABLE: io exception
	at org.apache.ratis.thirdparty.io.grpc.stub.ClientCalls.toStatusRuntimeException(ClientCalls.java:233)
	at org.apache.ratis.thirdparty.io.grpc.stub.ClientCalls.getUnchecked(ClientCalls.java:214)
	at org.apache.ratis.thirdparty.io.grpc.stub.ClientCalls.blockingUnaryCall(ClientCalls.java:139)
	at org.apache.ratis.proto.grpc.RaftServerProtocolServiceGrpc$RaftServerProtocolServiceBlockingStub.requestVote(RaftServerProtocolServiceGrpc.java:265)
	at org.apache.ratis.grpc.server.GrpcServerProtocolClient.requestVote(GrpcServerProtocolClient.java:90)
	at org.apache.ratis.grpc.server.GrpcService.requestVote(GrpcService.java:204)
	at org.apache.ratis.server.impl.LeaderElection.lambda$submitRequests$1(LeaderElection.java:238)
	at java.util.concurrent.FutureTask.run(FutureTask.java:266)
	at java.util.concurrent.Executors$RunnableAdapter.call(Executors.java:511)
	at java.util.concurrent.FutureTask.run(FutureTask.java:266)
	at java.util.concurrent.ThreadPoolExecutor.runWorker(ThreadPoolExecutor.java:1149)
	at java.util.concurrent.ThreadPoolExecutor$Worker.run(ThreadPoolExecutor.java:624)
	... 1 more
Caused by: org.apache.ratis.thirdparty.io.netty.channel.AbstractChannel$AnnotatedConnectException: Connection refused: /192.168.151.66:37026
	at sun.nio.ch.SocketChannelImpl.checkConnect(Native Method)
	at sun.nio.ch.SocketChannelImpl.finishConnect(SocketChannelImpl.java:717)
	at org.apache.ratis.thirdparty.io.netty.channel.socket.nio.NioSocketChannel.doFinishConnect(NioSocketChannel.java:327)
	at org.apache.ratis.thirdparty.io.netty.channel.nio.AbstractNioChannel$AbstractNioUnsafe.finishConnect(AbstractNioChannel.java:340)
	at org.apache.ratis.thirdparty.io.netty.channel.nio.NioEventLoop.processSelectedKey(NioEventLoop.java:632)
	at org.apache.ratis.thirdparty.io.netty.channel.nio.NioEventLoop.processSelectedKeysOptimized(NioEventLoop.java:579)
	at org.apache.ratis.thirdparty.io.netty.channel.nio.NioEventLoop.processSelectedKeys(NioEventLoop.java:496)
	at org.apache.ratis.thirdparty.io.netty.channel.nio.NioEventLoop.run(NioEventLoop.java:458)
	at org.apache.ratis.thirdparty.io.netty.util.concurrent.SingleThreadEventExecutor$5.run(SingleThreadEventExecutor.java:897)
	at org.apache.ratis.thirdparty.io.netty.util.concurrent.FastThreadLocalRunnable.run(FastThreadLocalRunnable.java:30)
	... 1 more
Caused by: java.net.ConnectException: Connection refused
	... 11 more
2019-09-24 22:59:11,885 [df79811b-05d5-490a-beb3-27ac0aff7bfc@group-ECCDD8E1798D:LeaderElection28] INFO  impl.LeaderElection (LogUtils.java:infoOrTrace(149)) - df79811b-05d5-490a-beb3-27ac0aff7bfc@group-ECCDD8E1798D:LeaderElection28 got exception when requesting votes: {}
java.util.concurrent.ExecutionException: org.apache.ratis.thirdparty.io.grpc.StatusRuntimeException: UNAVAILABLE: io exception
	at java.util.concurrent.FutureTask.report(FutureTask.java:122)
	at java.util.concurrent.FutureTask.get(FutureTask.java:192)
	at org.apache.ratis.server.impl.LeaderElection.waitForResults(LeaderElection.java:263)
	at org.apache.ratis.server.impl.LeaderElection.askForVotes(LeaderElection.java:201)
	at org.apache.ratis.server.impl.LeaderElection.run(LeaderElection.java:133)
	at java.lang.Thread.run(Thread.java:748)
Caused by: org.apache.ratis.thirdparty.io.grpc.StatusRuntimeException: UNAVAILABLE: io exception
	at org.apache.ratis.thirdparty.io.grpc.stub.ClientCalls.toStatusRuntimeException(ClientCalls.java:233)
	at org.apache.ratis.thirdparty.io.grpc.stub.ClientCalls.getUnchecked(ClientCalls.java:214)
	at org.apache.ratis.thirdparty.io.grpc.stub.ClientCalls.blockingUnaryCall(ClientCalls.java:139)
	at org.apache.ratis.proto.grpc.RaftServerProtocolServiceGrpc$RaftServerProtocolServiceBlockingStub.requestVote(RaftServerProtocolServiceGrpc.java:265)
	at org.apache.ratis.grpc.server.GrpcServerProtocolClient.requestVote(GrpcServerProtocolClient.java:90)
	at org.apache.ratis.grpc.server.GrpcService.requestVote(GrpcService.java:204)
	at org.apache.ratis.server.impl.LeaderElection.lambda$submitRequests$1(LeaderElection.java:238)
	at java.util.concurrent.FutureTask.run(FutureTask.java:266)
	at java.util.concurrent.Executors$RunnableAdapter.call(Executors.java:511)
	at java.util.concurrent.FutureTask.run(FutureTask.java:266)
	at java.util.concurrent.ThreadPoolExecutor.runWorker(ThreadPoolExecutor.java:1149)
	at java.util.concurrent.ThreadPoolExecutor$Worker.run(ThreadPoolExecutor.java:624)
	... 1 more
Caused by: org.apache.ratis.thirdparty.io.netty.channel.AbstractChannel$AnnotatedConnectException: Connection refused: /192.168.151.66:32846
	at sun.nio.ch.SocketChannelImpl.checkConnect(Native Method)
	at sun.nio.ch.SocketChannelImpl.finishConnect(SocketChannelImpl.java:717)
	at org.apache.ratis.thirdparty.io.netty.channel.socket.nio.NioSocketChannel.doFinishConnect(NioSocketChannel.java:327)
	at org.apache.ratis.thirdparty.io.netty.channel.nio.AbstractNioChannel$AbstractNioUnsafe.finishConnect(AbstractNioChannel.java:340)
	at org.apache.ratis.thirdparty.io.netty.channel.nio.NioEventLoop.processSelectedKey(NioEventLoop.java:632)
	at org.apache.ratis.thirdparty.io.netty.channel.nio.NioEventLoop.processSelectedKeysOptimized(NioEventLoop.java:579)
	at org.apache.ratis.thirdparty.io.netty.channel.nio.NioEventLoop.processSelectedKeys(NioEventLoop.java:496)
	at org.apache.ratis.thirdparty.io.netty.channel.nio.NioEventLoop.run(NioEventLoop.java:458)
	at org.apache.ratis.thirdparty.io.netty.util.concurrent.SingleThreadEventExecutor$5.run(SingleThreadEventExecutor.java:897)
	at org.apache.ratis.thirdparty.io.netty.util.concurrent.FastThreadLocalRunnable.run(FastThreadLocalRunnable.java:30)
	... 1 more
Caused by: java.net.ConnectException: Connection refused
	... 11 more
2019-09-24 22:59:11,891 [df79811b-05d5-490a-beb3-27ac0aff7bfc@group-ECCDD8E1798D:LeaderElection28] INFO  impl.LeaderElection (LeaderElection.java:logAndReturn(56)) - df79811b-05d5-490a-beb3-27ac0aff7bfc@group-ECCDD8E1798D:LeaderElection28: Election REJECTED; received 0 response(s) [] and 2 exception(s); df79811b-05d5-490a-beb3-27ac0aff7bfc@group-ECCDD8E1798D:t9, leader=null, voted=df79811b-05d5-490a-beb3-27ac0aff7bfc, raftlog=df79811b-05d5-490a-beb3-27ac0aff7bfc@group-ECCDD8E1798D-SegmentedRaftLog:OPENED:c0,f0,i0, conf=0: [16bf6e05-f81a-41e5-883a-89e111b126fe:192.168.151.66:37026, df79811b-05d5-490a-beb3-27ac0aff7bfc:192.168.151.66:34065, 23c6c9b6-39b4-44f0-84a4-cf624850a9c3:192.168.151.66:32846], old=null
2019-09-24 22:59:11,891 [df79811b-05d5-490a-beb3-27ac0aff7bfc@group-ECCDD8E1798D:LeaderElection28] INFO  impl.LeaderElection (LogUtils.java:infoOrTrace(149)) -   Exception 0: {}
java.util.concurrent.ExecutionException: org.apache.ratis.thirdparty.io.grpc.StatusRuntimeException: UNAVAILABLE: io exception
	at java.util.concurrent.FutureTask.report(FutureTask.java:122)
	at java.util.concurrent.FutureTask.get(FutureTask.java:192)
	at org.apache.ratis.server.impl.LeaderElection.waitForResults(LeaderElection.java:263)
	at org.apache.ratis.server.impl.LeaderElection.askForVotes(LeaderElection.java:201)
	at org.apache.ratis.server.impl.LeaderElection.run(LeaderElection.java:133)
	at java.lang.Thread.run(Thread.java:748)
Caused by: org.apache.ratis.thirdparty.io.grpc.StatusRuntimeException: UNAVAILABLE: io exception
	at org.apache.ratis.thirdparty.io.grpc.stub.ClientCalls.toStatusRuntimeException(ClientCalls.java:233)
	at org.apache.ratis.thirdparty.io.grpc.stub.ClientCalls.getUnchecked(ClientCalls.java:214)
	at org.apache.ratis.thirdparty.io.grpc.stub.ClientCalls.blockingUnaryCall(ClientCalls.java:139)
	at org.apache.ratis.proto.grpc.RaftServerProtocolServiceGrpc$RaftServerProtocolServiceBlockingStub.requestVote(RaftServerProtocolServiceGrpc.java:265)
	at org.apache.ratis.grpc.server.GrpcServerProtocolClient.requestVote(GrpcServerProtocolClient.java:90)
	at org.apache.ratis.grpc.server.GrpcService.requestVote(GrpcService.java:204)
	at org.apache.ratis.server.impl.LeaderElection.lambda$submitRequests$1(LeaderElection.java:238)
	at java.util.concurrent.FutureTask.run(FutureTask.java:266)
	at java.util.concurrent.Executors$RunnableAdapter.call(Executors.java:511)
	at java.util.concurrent.FutureTask.run(FutureTask.java:266)
	at java.util.concurrent.ThreadPoolExecutor.runWorker(ThreadPoolExecutor.java:1149)
	at java.util.concurrent.ThreadPoolExecutor$Worker.run(ThreadPoolExecutor.java:624)
	... 1 more
Caused by: org.apache.ratis.thirdparty.io.netty.channel.AbstractChannel$AnnotatedConnectException: Connection refused: /192.168.151.66:37026
	at sun.nio.ch.SocketChannelImpl.checkConnect(Native Method)
	at sun.nio.ch.SocketChannelImpl.finishConnect(SocketChannelImpl.java:717)
	at org.apache.ratis.thirdparty.io.netty.channel.socket.nio.NioSocketChannel.doFinishConnect(NioSocketChannel.java:327)
	at org.apache.ratis.thirdparty.io.netty.channel.nio.AbstractNioChannel$AbstractNioUnsafe.finishConnect(AbstractNioChannel.java:340)
	at org.apache.ratis.thirdparty.io.netty.channel.nio.NioEventLoop.processSelectedKey(NioEventLoop.java:632)
	at org.apache.ratis.thirdparty.io.netty.channel.nio.NioEventLoop.processSelectedKeysOptimized(NioEventLoop.java:579)
	at org.apache.ratis.thirdparty.io.netty.channel.nio.NioEventLoop.processSelectedKeys(NioEventLoop.java:496)
	at org.apache.ratis.thirdparty.io.netty.channel.nio.NioEventLoop.run(NioEventLoop.java:458)
	at org.apache.ratis.thirdparty.io.netty.util.concurrent.SingleThreadEventExecutor$5.run(SingleThreadEventExecutor.java:897)
	at org.apache.ratis.thirdparty.io.netty.util.concurrent.FastThreadLocalRunnable.run(FastThreadLocalRunnable.java:30)
	... 1 more
Caused by: java.net.ConnectException: Connection refused
	... 11 more
2019-09-24 22:59:11,891 [df79811b-05d5-490a-beb3-27ac0aff7bfc@group-ECCDD8E1798D:LeaderElection28] INFO  impl.LeaderElection (LogUtils.java:infoOrTrace(149)) -   Exception 1: {}
java.util.concurrent.ExecutionException: org.apache.ratis.thirdparty.io.grpc.StatusRuntimeException: UNAVAILABLE: io exception
	at java.util.concurrent.FutureTask.report(FutureTask.java:122)
	at java.util.concurrent.FutureTask.get(FutureTask.java:192)
	at org.apache.ratis.server.impl.LeaderElection.waitForResults(LeaderElection.java:263)
	at org.apache.ratis.server.impl.LeaderElection.askForVotes(LeaderElection.java:201)
	at org.apache.ratis.server.impl.LeaderElection.run(LeaderElection.java:133)
	at java.lang.Thread.run(Thread.java:748)
Caused by: org.apache.ratis.thirdparty.io.grpc.StatusRuntimeException: UNAVAILABLE: io exception
	at org.apache.ratis.thirdparty.io.grpc.stub.ClientCalls.toStatusRuntimeException(ClientCalls.java:233)
	at org.apache.ratis.thirdparty.io.grpc.stub.ClientCalls.getUnchecked(ClientCalls.java:214)
	at org.apache.ratis.thirdparty.io.grpc.stub.ClientCalls.blockingUnaryCall(ClientCalls.java:139)
	at org.apache.ratis.proto.grpc.RaftServerProtocolServiceGrpc$RaftServerProtocolServiceBlockingStub.requestVote(RaftServerProtocolServiceGrpc.java:265)
	at org.apache.ratis.grpc.server.GrpcServerProtocolClient.requestVote(GrpcServerProtocolClient.java:90)
	at org.apache.ratis.grpc.server.GrpcService.requestVote(GrpcService.java:204)
	at org.apache.ratis.server.impl.LeaderElection.lambda$submitRequests$1(LeaderElection.java:238)
	at java.util.concurrent.FutureTask.run(FutureTask.java:266)
	at java.util.concurrent.Executors$RunnableAdapter.call(Executors.java:511)
	at java.util.concurrent.FutureTask.run(FutureTask.java:266)
	at java.util.concurrent.ThreadPoolExecutor.runWorker(ThreadPoolExecutor.java:1149)
	at java.util.concurrent.ThreadPoolExecutor$Worker.run(ThreadPoolExecutor.java:624)
	... 1 more
Caused by: org.apache.ratis.thirdparty.io.netty.channel.AbstractChannel$AnnotatedConnectException: Connection refused: /192.168.151.66:32846
	at sun.nio.ch.SocketChannelImpl.checkConnect(Native Method)
	at sun.nio.ch.SocketChannelImpl.finishConnect(SocketChannelImpl.java:717)
	at org.apache.ratis.thirdparty.io.netty.channel.socket.nio.NioSocketChannel.doFinishConnect(NioSocketChannel.java:327)
	at org.apache.ratis.thirdparty.io.netty.channel.nio.AbstractNioChannel$AbstractNioUnsafe.finishConnect(AbstractNioChannel.java:340)
	at org.apache.ratis.thirdparty.io.netty.channel.nio.NioEventLoop.processSelectedKey(NioEventLoop.java:632)
	at org.apache.ratis.thirdparty.io.netty.channel.nio.NioEventLoop.processSelectedKeysOptimized(NioEventLoop.java:579)
	at org.apache.ratis.thirdparty.io.netty.channel.nio.NioEventLoop.processSelectedKeys(NioEventLoop.java:496)
	at org.apache.ratis.thirdparty.io.netty.channel.nio.NioEventLoop.run(NioEventLoop.java:458)
	at org.apache.ratis.thirdparty.io.netty.util.concurrent.SingleThreadEventExecutor$5.run(SingleThreadEventExecutor.java:897)
	at org.apache.ratis.thirdparty.io.netty.util.concurrent.FastThreadLocalRunnable.run(FastThreadLocalRunnable.java:30)
	... 1 more
Caused by: java.net.ConnectException: Connection refused
	... 11 more
2019-09-24 22:59:11,892 [df79811b-05d5-490a-beb3-27ac0aff7bfc@group-ECCDD8E1798D:LeaderElection28] INFO  impl.RaftServerImpl (RaftServerImpl.java:setRole(174)) - df79811b-05d5-490a-beb3-27ac0aff7bfc@group-ECCDD8E1798D: changes role from CANDIDATE to FOLLOWER at term 9 for DISCOVERED_A_NEW_TERM
2019-09-24 22:59:11,893 [df79811b-05d5-490a-beb3-27ac0aff7bfc@group-ECCDD8E1798D:LeaderElection28] INFO  impl.RoleInfo (RoleInfo.java:shutdownLeaderElection(134)) - df79811b-05d5-490a-beb3-27ac0aff7bfc: shutdown LeaderElection
2019-09-24 22:59:11,893 [df79811b-05d5-490a-beb3-27ac0aff7bfc@group-ECCDD8E1798D:LeaderElection28] INFO  impl.RoleInfo (RoleInfo.java:updateAndGet(143)) - df79811b-05d5-490a-beb3-27ac0aff7bfc: start FollowerState
2019-09-24 22:59:12,406 [Thread-1923] INFO  impl.FollowerState (FollowerState.java:run(106)) - 2eb382c8-b0ed-4536-b55b-1910907e8973:group-AD4279E7EEBD changes to CANDIDATE, lastRpcTime:1031, electionTimeout:1030ms
2019-09-24 22:59:12,411 [Thread-1923] INFO  impl.RoleInfo (RoleInfo.java:shutdownFollowerState(121)) - 2eb382c8-b0ed-4536-b55b-1910907e8973: shutdown FollowerState
2019-09-24 22:59:12,411 [Thread-1923] INFO  impl.RaftServerImpl (RaftServerImpl.java:setRole(174)) - 2eb382c8-b0ed-4536-b55b-1910907e8973@group-AD4279E7EEBD: changes role from  FOLLOWER to CANDIDATE at term 3 for changeToCandidate
2019-09-24 22:59:12,411 [Thread-1923] INFO  impl.RoleInfo (RoleInfo.java:updateAndGet(143)) - 2eb382c8-b0ed-4536-b55b-1910907e8973: start LeaderElection
2019-09-24 22:59:12,439 [2eb382c8-b0ed-4536-b55b-1910907e8973@group-AD4279E7EEBD:LeaderElection29] INFO  impl.LeaderElection (LeaderElection.java:askForVotes(182)) - 2eb382c8-b0ed-4536-b55b-1910907e8973@group-AD4279E7EEBD:LeaderElection29: begin an election at term 4 for 0: [dbd80091-9753-44ad-af4d-a1b4cb46f81c:192.168.151.66:34381, d39139c5-5210-4708-b66c-2240b4ead968:192.168.151.66:40063, 2eb382c8-b0ed-4536-b55b-1910907e8973:192.168.151.66:39663], old=null
2019-09-24 22:59:12,441 [2eb382c8-b0ed-4536-b55b-1910907e8973@group-AD4279E7EEBD:LeaderElection29] INFO  impl.LeaderElection (LogUtils.java:infoOrTrace(149)) - 2eb382c8-b0ed-4536-b55b-1910907e8973@group-AD4279E7EEBD:LeaderElection29 got exception when requesting votes: {}
java.util.concurrent.ExecutionException: org.apache.ratis.thirdparty.io.grpc.StatusRuntimeException: UNAVAILABLE: io exception
	at java.util.concurrent.FutureTask.report(FutureTask.java:122)
	at java.util.concurrent.FutureTask.get(FutureTask.java:192)
	at org.apache.ratis.server.impl.LeaderElection.waitForResults(LeaderElection.java:263)
	at org.apache.ratis.server.impl.LeaderElection.askForVotes(LeaderElection.java:201)
	at org.apache.ratis.server.impl.LeaderElection.run(LeaderElection.java:133)
	at java.lang.Thread.run(Thread.java:748)
Caused by: org.apache.ratis.thirdparty.io.grpc.StatusRuntimeException: UNAVAILABLE: io exception
	at org.apache.ratis.thirdparty.io.grpc.stub.ClientCalls.toStatusRuntimeException(ClientCalls.java:233)
	at org.apache.ratis.thirdparty.io.grpc.stub.ClientCalls.getUnchecked(ClientCalls.java:214)
	at org.apache.ratis.thirdparty.io.grpc.stub.ClientCalls.blockingUnaryCall(ClientCalls.java:139)
	at org.apache.ratis.proto.grpc.RaftServerProtocolServiceGrpc$RaftServerProtocolServiceBlockingStub.requestVote(RaftServerProtocolServiceGrpc.java:265)
	at org.apache.ratis.grpc.server.GrpcServerProtocolClient.requestVote(GrpcServerProtocolClient.java:90)
	at org.apache.ratis.grpc.server.GrpcService.requestVote(GrpcService.java:204)
	at org.apache.ratis.server.impl.LeaderElection.lambda$submitRequests$1(LeaderElection.java:238)
	at java.util.concurrent.FutureTask.run(FutureTask.java:266)
	at java.util.concurrent.Executors$RunnableAdapter.call(Executors.java:511)
	at java.util.concurrent.FutureTask.run(FutureTask.java:266)
	at java.util.concurrent.ThreadPoolExecutor.runWorker(ThreadPoolExecutor.java:1149)
	at java.util.concurrent.ThreadPoolExecutor$Worker.run(ThreadPoolExecutor.java:624)
	... 1 more
Caused by: org.apache.ratis.thirdparty.io.netty.channel.AbstractChannel$AnnotatedConnectException: Connection refused: /192.168.151.66:40063
	at sun.nio.ch.SocketChannelImpl.checkConnect(Native Method)
	at sun.nio.ch.SocketChannelImpl.finishConnect(SocketChannelImpl.java:717)
	at org.apache.ratis.thirdparty.io.netty.channel.socket.nio.NioSocketChannel.doFinishConnect(NioSocketChannel.java:327)
	at org.apache.ratis.thirdparty.io.netty.channel.nio.AbstractNioChannel$AbstractNioUnsafe.finishConnect(AbstractNioChannel.java:340)
	at org.apache.ratis.thirdparty.io.netty.channel.nio.NioEventLoop.processSelectedKey(NioEventLoop.java:632)
	at org.apache.ratis.thirdparty.io.netty.channel.nio.NioEventLoop.processSelectedKeysOptimized(NioEventLoop.java:579)
	at org.apache.ratis.thirdparty.io.netty.channel.nio.NioEventLoop.processSelectedKeys(NioEventLoop.java:496)
	at org.apache.ratis.thirdparty.io.netty.channel.nio.NioEventLoop.run(NioEventLoop.java:458)
	at org.apache.ratis.thirdparty.io.netty.util.concurrent.SingleThreadEventExecutor$5.run(SingleThreadEventExecutor.java:897)
	at org.apache.ratis.thirdparty.io.netty.util.concurrent.FastThreadLocalRunnable.run(FastThreadLocalRunnable.java:30)
	... 1 more
Caused by: java.net.ConnectException: Connection refused
	... 11 more
2019-09-24 22:59:12,443 [2eb382c8-b0ed-4536-b55b-1910907e8973@group-AD4279E7EEBD:LeaderElection29] INFO  impl.LeaderElection (LogUtils.java:infoOrTrace(149)) - 2eb382c8-b0ed-4536-b55b-1910907e8973@group-AD4279E7EEBD:LeaderElection29 got exception when requesting votes: {}
java.util.concurrent.ExecutionException: org.apache.ratis.thirdparty.io.grpc.StatusRuntimeException: UNAVAILABLE: io exception
	at java.util.concurrent.FutureTask.report(FutureTask.java:122)
	at java.util.concurrent.FutureTask.get(FutureTask.java:192)
	at org.apache.ratis.server.impl.LeaderElection.waitForResults(LeaderElection.java:263)
	at org.apache.ratis.server.impl.LeaderElection.askForVotes(LeaderElection.java:201)
	at org.apache.ratis.server.impl.LeaderElection.run(LeaderElection.java:133)
	at java.lang.Thread.run(Thread.java:748)
Caused by: org.apache.ratis.thirdparty.io.grpc.StatusRuntimeException: UNAVAILABLE: io exception
	at org.apache.ratis.thirdparty.io.grpc.stub.ClientCalls.toStatusRuntimeException(ClientCalls.java:233)
	at org.apache.ratis.thirdparty.io.grpc.stub.ClientCalls.getUnchecked(ClientCalls.java:214)
	at org.apache.ratis.thirdparty.io.grpc.stub.ClientCalls.blockingUnaryCall(ClientCalls.java:139)
	at org.apache.ratis.proto.grpc.RaftServerProtocolServiceGrpc$RaftServerProtocolServiceBlockingStub.requestVote(RaftServerProtocolServiceGrpc.java:265)
	at org.apache.ratis.grpc.server.GrpcServerProtocolClient.requestVote(GrpcServerProtocolClient.java:90)
	at org.apache.ratis.grpc.server.GrpcService.requestVote(GrpcService.java:204)
	at org.apache.ratis.server.impl.LeaderElection.lambda$submitRequests$1(LeaderElection.java:238)
	at java.util.concurrent.FutureTask.run(FutureTask.java:266)
	at java.util.concurrent.Executors$RunnableAdapter.call(Executors.java:511)
	at java.util.concurrent.FutureTask.run(FutureTask.java:266)
	at java.util.concurrent.ThreadPoolExecutor.runWorker(ThreadPoolExecutor.java:1149)
	at java.util.concurrent.ThreadPoolExecutor$Worker.run(ThreadPoolExecutor.java:624)
	... 1 more
Caused by: org.apache.ratis.thirdparty.io.netty.channel.AbstractChannel$AnnotatedConnectException: Connection refused: /192.168.151.66:34381
	at sun.nio.ch.SocketChannelImpl.checkConnect(Native Method)
	at sun.nio.ch.SocketChannelImpl.finishConnect(SocketChannelImpl.java:717)
	at org.apache.ratis.thirdparty.io.netty.channel.socket.nio.NioSocketChannel.doFinishConnect(NioSocketChannel.java:327)
	at org.apache.ratis.thirdparty.io.netty.channel.nio.AbstractNioChannel$AbstractNioUnsafe.finishConnect(AbstractNioChannel.java:340)
	at org.apache.ratis.thirdparty.io.netty.channel.nio.NioEventLoop.processSelectedKey(NioEventLoop.java:632)
	at org.apache.ratis.thirdparty.io.netty.channel.nio.NioEventLoop.processSelectedKeysOptimized(NioEventLoop.java:579)
	at org.apache.ratis.thirdparty.io.netty.channel.nio.NioEventLoop.processSelectedKeys(NioEventLoop.java:496)
	at org.apache.ratis.thirdparty.io.netty.channel.nio.NioEventLoop.run(NioEventLoop.java:458)
	at org.apache.ratis.thirdparty.io.netty.util.concurrent.SingleThreadEventExecutor$5.run(SingleThreadEventExecutor.java:897)
	at org.apache.ratis.thirdparty.io.netty.util.concurrent.FastThreadLocalRunnable.run(FastThreadLocalRunnable.java:30)
	... 1 more
Caused by: java.net.ConnectException: Connection refused
	... 11 more
2019-09-24 22:59:12,444 [2eb382c8-b0ed-4536-b55b-1910907e8973@group-AD4279E7EEBD:LeaderElection29] INFO  impl.LeaderElection (LeaderElection.java:logAndReturn(56)) - 2eb382c8-b0ed-4536-b55b-1910907e8973@group-AD4279E7EEBD:LeaderElection29: Election REJECTED; received 0 response(s) [] and 2 exception(s); 2eb382c8-b0ed-4536-b55b-1910907e8973@group-AD4279E7EEBD:t4, leader=null, voted=2eb382c8-b0ed-4536-b55b-1910907e8973, raftlog=2eb382c8-b0ed-4536-b55b-1910907e8973@group-AD4279E7EEBD-SegmentedRaftLog:OPENED:c0,f0,i0, conf=0: [dbd80091-9753-44ad-af4d-a1b4cb46f81c:192.168.151.66:34381, d39139c5-5210-4708-b66c-2240b4ead968:192.168.151.66:40063, 2eb382c8-b0ed-4536-b55b-1910907e8973:192.168.151.66:39663], old=null
2019-09-24 22:59:12,444 [2eb382c8-b0ed-4536-b55b-1910907e8973@group-AD4279E7EEBD:LeaderElection29] INFO  impl.LeaderElection (LogUtils.java:infoOrTrace(149)) -   Exception 0: {}
java.util.concurrent.ExecutionException: org.apache.ratis.thirdparty.io.grpc.StatusRuntimeException: UNAVAILABLE: io exception
	at java.util.concurrent.FutureTask.report(FutureTask.java:122)
	at java.util.concurrent.FutureTask.get(FutureTask.java:192)
	at org.apache.ratis.server.impl.LeaderElection.waitForResults(LeaderElection.java:263)
	at org.apache.ratis.server.impl.LeaderElection.askForVotes(LeaderElection.java:201)
	at org.apache.ratis.server.impl.LeaderElection.run(LeaderElection.java:133)
	at java.lang.Thread.run(Thread.java:748)
Caused by: org.apache.ratis.thirdparty.io.grpc.StatusRuntimeException: UNAVAILABLE: io exception
	at org.apache.ratis.thirdparty.io.grpc.stub.ClientCalls.toStatusRuntimeException(ClientCalls.java:233)
	at org.apache.ratis.thirdparty.io.grpc.stub.ClientCalls.getUnchecked(ClientCalls.java:214)
	at org.apache.ratis.thirdparty.io.grpc.stub.ClientCalls.blockingUnaryCall(ClientCalls.java:139)
	at org.apache.ratis.proto.grpc.RaftServerProtocolServiceGrpc$RaftServerProtocolServiceBlockingStub.requestVote(RaftServerProtocolServiceGrpc.java:265)
	at org.apache.ratis.grpc.server.GrpcServerProtocolClient.requestVote(GrpcServerProtocolClient.java:90)
	at org.apache.ratis.grpc.server.GrpcService.requestVote(GrpcService.java:204)
	at org.apache.ratis.server.impl.LeaderElection.lambda$submitRequests$1(LeaderElection.java:238)
	at java.util.concurrent.FutureTask.run(FutureTask.java:266)
	at java.util.concurrent.Executors$RunnableAdapter.call(Executors.java:511)
	at java.util.concurrent.FutureTask.run(FutureTask.java:266)
	at java.util.concurrent.ThreadPoolExecutor.runWorker(ThreadPoolExecutor.java:1149)
	at java.util.concurrent.ThreadPoolExecutor$Worker.run(ThreadPoolExecutor.java:624)
	... 1 more
Caused by: org.apache.ratis.thirdparty.io.netty.channel.AbstractChannel$AnnotatedConnectException: Connection refused: /192.168.151.66:40063
	at sun.nio.ch.SocketChannelImpl.checkConnect(Native Method)
	at sun.nio.ch.SocketChannelImpl.finishConnect(SocketChannelImpl.java:717)
	at org.apache.ratis.thirdparty.io.netty.channel.socket.nio.NioSocketChannel.doFinishConnect(NioSocketChannel.java:327)
	at org.apache.ratis.thirdparty.io.netty.channel.nio.AbstractNioChannel$AbstractNioUnsafe.finishConnect(AbstractNioChannel.java:340)
	at org.apache.ratis.thirdparty.io.netty.channel.nio.NioEventLoop.processSelectedKey(NioEventLoop.java:632)
	at org.apache.ratis.thirdparty.io.netty.channel.nio.NioEventLoop.processSelectedKeysOptimized(NioEventLoop.java:579)
	at org.apache.ratis.thirdparty.io.netty.channel.nio.NioEventLoop.processSelectedKeys(NioEventLoop.java:496)
	at org.apache.ratis.thirdparty.io.netty.channel.nio.NioEventLoop.run(NioEventLoop.java:458)
	at org.apache.ratis.thirdparty.io.netty.util.concurrent.SingleThreadEventExecutor$5.run(SingleThreadEventExecutor.java:897)
	at org.apache.ratis.thirdparty.io.netty.util.concurrent.FastThreadLocalRunnable.run(FastThreadLocalRunnable.java:30)
	... 1 more
Caused by: java.net.ConnectException: Connection refused
	... 11 more
2019-09-24 22:59:12,445 [2eb382c8-b0ed-4536-b55b-1910907e8973@group-AD4279E7EEBD:LeaderElection29] INFO  impl.LeaderElection (LogUtils.java:infoOrTrace(149)) -   Exception 1: {}
java.util.concurrent.ExecutionException: org.apache.ratis.thirdparty.io.grpc.StatusRuntimeException: UNAVAILABLE: io exception
	at java.util.concurrent.FutureTask.report(FutureTask.java:122)
	at java.util.concurrent.FutureTask.get(FutureTask.java:192)
	at org.apache.ratis.server.impl.LeaderElection.waitForResults(LeaderElection.java:263)
	at org.apache.ratis.server.impl.LeaderElection.askForVotes(LeaderElection.java:201)
	at org.apache.ratis.server.impl.LeaderElection.run(LeaderElection.java:133)
	at java.lang.Thread.run(Thread.java:748)
Caused by: org.apache.ratis.thirdparty.io.grpc.StatusRuntimeException: UNAVAILABLE: io exception
	at org.apache.ratis.thirdparty.io.grpc.stub.ClientCalls.toStatusRuntimeException(ClientCalls.java:233)
	at org.apache.ratis.thirdparty.io.grpc.stub.ClientCalls.getUnchecked(ClientCalls.java:214)
	at org.apache.ratis.thirdparty.io.grpc.stub.ClientCalls.blockingUnaryCall(ClientCalls.java:139)
	at org.apache.ratis.proto.grpc.RaftServerProtocolServiceGrpc$RaftServerProtocolServiceBlockingStub.requestVote(RaftServerProtocolServiceGrpc.java:265)
	at org.apache.ratis.grpc.server.GrpcServerProtocolClient.requestVote(GrpcServerProtocolClient.java:90)
	at org.apache.ratis.grpc.server.GrpcService.requestVote(GrpcService.java:204)
	at org.apache.ratis.server.impl.LeaderElection.lambda$submitRequests$1(LeaderElection.java:238)
	at java.util.concurrent.FutureTask.run(FutureTask.java:266)
	at java.util.concurrent.Executors$RunnableAdapter.call(Executors.java:511)
	at java.util.concurrent.FutureTask.run(FutureTask.java:266)
	at java.util.concurrent.ThreadPoolExecutor.runWorker(ThreadPoolExecutor.java:1149)
	at java.util.concurrent.ThreadPoolExecutor$Worker.run(ThreadPoolExecutor.java:624)
	... 1 more
Caused by: org.apache.ratis.thirdparty.io.netty.channel.AbstractChannel$AnnotatedConnectException: Connection refused: /192.168.151.66:34381
	at sun.nio.ch.SocketChannelImpl.checkConnect(Native Method)
	at sun.nio.ch.SocketChannelImpl.finishConnect(SocketChannelImpl.java:717)
	at org.apache.ratis.thirdparty.io.netty.channel.socket.nio.NioSocketChannel.doFinishConnect(NioSocketChannel.java:327)
	at org.apache.ratis.thirdparty.io.netty.channel.nio.AbstractNioChannel$AbstractNioUnsafe.finishConnect(AbstractNioChannel.java:340)
	at org.apache.ratis.thirdparty.io.netty.channel.nio.NioEventLoop.processSelectedKey(NioEventLoop.java:632)
	at org.apache.ratis.thirdparty.io.netty.channel.nio.NioEventLoop.processSelectedKeysOptimized(NioEventLoop.java:579)
	at org.apache.ratis.thirdparty.io.netty.channel.nio.NioEventLoop.processSelectedKeys(NioEventLoop.java:496)
	at org.apache.ratis.thirdparty.io.netty.channel.nio.NioEventLoop.run(NioEventLoop.java:458)
	at org.apache.ratis.thirdparty.io.netty.util.concurrent.SingleThreadEventExecutor$5.run(SingleThreadEventExecutor.java:897)
	at org.apache.ratis.thirdparty.io.netty.util.concurrent.FastThreadLocalRunnable.run(FastThreadLocalRunnable.java:30)
	... 1 more
Caused by: java.net.ConnectException: Connection refused
	... 11 more
2019-09-24 22:59:12,445 [2eb382c8-b0ed-4536-b55b-1910907e8973@group-AD4279E7EEBD:LeaderElection29] INFO  impl.RaftServerImpl (RaftServerImpl.java:setRole(174)) - 2eb382c8-b0ed-4536-b55b-1910907e8973@group-AD4279E7EEBD: changes role from CANDIDATE to FOLLOWER at term 4 for DISCOVERED_A_NEW_TERM
2019-09-24 22:59:12,445 [2eb382c8-b0ed-4536-b55b-1910907e8973@group-AD4279E7EEBD:LeaderElection29] INFO  impl.RoleInfo (RoleInfo.java:shutdownLeaderElection(134)) - 2eb382c8-b0ed-4536-b55b-1910907e8973: shutdown LeaderElection
2019-09-24 22:59:12,445 [2eb382c8-b0ed-4536-b55b-1910907e8973@group-AD4279E7EEBD:LeaderElection29] INFO  impl.RoleInfo (RoleInfo.java:updateAndGet(143)) - 2eb382c8-b0ed-4536-b55b-1910907e8973: start FollowerState
2019-09-24 22:59:13,093 [Thread-1927] INFO  impl.FollowerState (FollowerState.java:run(106)) - df79811b-05d5-490a-beb3-27ac0aff7bfc:group-ECCDD8E1798D changes to CANDIDATE, lastRpcTime:1199, electionTimeout:1196ms
2019-09-24 22:59:13,095 [Thread-1927] INFO  impl.RoleInfo (RoleInfo.java:shutdownFollowerState(121)) - df79811b-05d5-490a-beb3-27ac0aff7bfc: shutdown FollowerState
2019-09-24 22:59:13,095 [Thread-1927] INFO  impl.RaftServerImpl (RaftServerImpl.java:setRole(174)) - df79811b-05d5-490a-beb3-27ac0aff7bfc@group-ECCDD8E1798D: changes role from  FOLLOWER to CANDIDATE at term 9 for changeToCandidate
2019-09-24 22:59:13,095 [Thread-1927] INFO  impl.RoleInfo (RoleInfo.java:updateAndGet(143)) - df79811b-05d5-490a-beb3-27ac0aff7bfc: start LeaderElection
2019-09-24 22:59:13,118 [df79811b-05d5-490a-beb3-27ac0aff7bfc@group-ECCDD8E1798D:LeaderElection30] INFO  impl.LeaderElection (LeaderElection.java:askForVotes(182)) - df79811b-05d5-490a-beb3-27ac0aff7bfc@group-ECCDD8E1798D:LeaderElection30: begin an election at term 10 for 0: [16bf6e05-f81a-41e5-883a-89e111b126fe:192.168.151.66:37026, df79811b-05d5-490a-beb3-27ac0aff7bfc:192.168.151.66:34065, 23c6c9b6-39b4-44f0-84a4-cf624850a9c3:192.168.151.66:32846], old=null
2019-09-24 22:59:13,119 [df79811b-05d5-490a-beb3-27ac0aff7bfc@group-ECCDD8E1798D:LeaderElection30] INFO  impl.LeaderElection (LogUtils.java:infoOrTrace(149)) - df79811b-05d5-490a-beb3-27ac0aff7bfc@group-ECCDD8E1798D:LeaderElection30 got exception when requesting votes: {}
java.util.concurrent.ExecutionException: org.apache.ratis.thirdparty.io.grpc.StatusRuntimeException: UNAVAILABLE: io exception
	at java.util.concurrent.FutureTask.report(FutureTask.java:122)
	at java.util.concurrent.FutureTask.get(FutureTask.java:192)
	at org.apache.ratis.server.impl.LeaderElection.waitForResults(LeaderElection.java:263)
	at org.apache.ratis.server.impl.LeaderElection.askForVotes(LeaderElection.java:201)
	at org.apache.ratis.server.impl.LeaderElection.run(LeaderElection.java:133)
	at java.lang.Thread.run(Thread.java:748)
Caused by: org.apache.ratis.thirdparty.io.grpc.StatusRuntimeException: UNAVAILABLE: io exception
	at org.apache.ratis.thirdparty.io.grpc.stub.ClientCalls.toStatusRuntimeException(ClientCalls.java:233)
	at org.apache.ratis.thirdparty.io.grpc.stub.ClientCalls.getUnchecked(ClientCalls.java:214)
	at org.apache.ratis.thirdparty.io.grpc.stub.ClientCalls.blockingUnaryCall(ClientCalls.java:139)
	at org.apache.ratis.proto.grpc.RaftServerProtocolServiceGrpc$RaftServerProtocolServiceBlockingStub.requestVote(RaftServerProtocolServiceGrpc.java:265)
	at org.apache.ratis.grpc.server.GrpcServerProtocolClient.requestVote(GrpcServerProtocolClient.java:90)
	at org.apache.ratis.grpc.server.GrpcService.requestVote(GrpcService.java:204)
	at org.apache.ratis.server.impl.LeaderElection.lambda$submitRequests$1(LeaderElection.java:238)
	at java.util.concurrent.FutureTask.run(FutureTask.java:266)
	at java.util.concurrent.Executors$RunnableAdapter.call(Executors.java:511)
	at java.util.concurrent.FutureTask.run(FutureTask.java:266)
	at java.util.concurrent.ThreadPoolExecutor.runWorker(ThreadPoolExecutor.java:1149)
	at java.util.concurrent.ThreadPoolExecutor$Worker.run(ThreadPoolExecutor.java:624)
	... 1 more
Caused by: org.apache.ratis.thirdparty.io.netty.channel.AbstractChannel$AnnotatedConnectException: Connection refused: /192.168.151.66:37026
	at sun.nio.ch.SocketChannelImpl.checkConnect(Native Method)
	at sun.nio.ch.SocketChannelImpl.finishConnect(SocketChannelImpl.java:717)
	at org.apache.ratis.thirdparty.io.netty.channel.socket.nio.NioSocketChannel.doFinishConnect(NioSocketChannel.java:327)
	at org.apache.ratis.thirdparty.io.netty.channel.nio.AbstractNioChannel$AbstractNioUnsafe.finishConnect(AbstractNioChannel.java:340)
	at org.apache.ratis.thirdparty.io.netty.channel.nio.NioEventLoop.processSelectedKey(NioEventLoop.java:632)
	at org.apache.ratis.thirdparty.io.netty.channel.nio.NioEventLoop.processSelectedKeysOptimized(NioEventLoop.java:579)
	at org.apache.ratis.thirdparty.io.netty.channel.nio.NioEventLoop.processSelectedKeys(NioEventLoop.java:496)
	at org.apache.ratis.thirdparty.io.netty.channel.nio.NioEventLoop.run(NioEventLoop.java:458)
	at org.apache.ratis.thirdparty.io.netty.util.concurrent.SingleThreadEventExecutor$5.run(SingleThreadEventExecutor.java:897)
	at org.apache.ratis.thirdparty.io.netty.util.concurrent.FastThreadLocalRunnable.run(FastThreadLocalRunnable.java:30)
	... 1 more
Caused by: java.net.ConnectException: Connection refused
	... 11 more
2019-09-24 22:59:13,121 [df79811b-05d5-490a-beb3-27ac0aff7bfc@group-ECCDD8E1798D:LeaderElection30] INFO  impl.LeaderElection (LogUtils.java:infoOrTrace(149)) - df79811b-05d5-490a-beb3-27ac0aff7bfc@group-ECCDD8E1798D:LeaderElection30 got exception when requesting votes: {}
java.util.concurrent.ExecutionException: org.apache.ratis.thirdparty.io.grpc.StatusRuntimeException: UNAVAILABLE: io exception
	at java.util.concurrent.FutureTask.report(FutureTask.java:122)
	at java.util.concurrent.FutureTask.get(FutureTask.java:192)
	at org.apache.ratis.server.impl.LeaderElection.waitForResults(LeaderElection.java:263)
	at org.apache.ratis.server.impl.LeaderElection.askForVotes(LeaderElection.java:201)
	at org.apache.ratis.server.impl.LeaderElection.run(LeaderElection.java:133)
	at java.lang.Thread.run(Thread.java:748)
Caused by: org.apache.ratis.thirdparty.io.grpc.StatusRuntimeException: UNAVAILABLE: io exception
	at org.apache.ratis.thirdparty.io.grpc.stub.ClientCalls.toStatusRuntimeException(ClientCalls.java:233)
	at org.apache.ratis.thirdparty.io.grpc.stub.ClientCalls.getUnchecked(ClientCalls.java:214)
	at org.apache.ratis.thirdparty.io.grpc.stub.ClientCalls.blockingUnaryCall(ClientCalls.java:139)
	at org.apache.ratis.proto.grpc.RaftServerProtocolServiceGrpc$RaftServerProtocolServiceBlockingStub.requestVote(RaftServerProtocolServiceGrpc.java:265)
	at org.apache.ratis.grpc.server.GrpcServerProtocolClient.requestVote(GrpcServerProtocolClient.java:90)
	at org.apache.ratis.grpc.server.GrpcService.requestVote(GrpcService.java:204)
	at org.apache.ratis.server.impl.LeaderElection.lambda$submitRequests$1(LeaderElection.java:238)
	at java.util.concurrent.FutureTask.run(FutureTask.java:266)
	at java.util.concurrent.Executors$RunnableAdapter.call(Executors.java:511)
	at java.util.concurrent.FutureTask.run(FutureTask.java:266)
	at java.util.concurrent.ThreadPoolExecutor.runWorker(ThreadPoolExecutor.java:1149)
	at java.util.concurrent.ThreadPoolExecutor$Worker.run(ThreadPoolExecutor.java:624)
	... 1 more
Caused by: org.apache.ratis.thirdparty.io.netty.channel.AbstractChannel$AnnotatedConnectException: Connection refused: /192.168.151.66:32846
	at sun.nio.ch.SocketChannelImpl.checkConnect(Native Method)
	at sun.nio.ch.SocketChannelImpl.finishConnect(SocketChannelImpl.java:717)
	at org.apache.ratis.thirdparty.io.netty.channel.socket.nio.NioSocketChannel.doFinishConnect(NioSocketChannel.java:327)
	at org.apache.ratis.thirdparty.io.netty.channel.nio.AbstractNioChannel$AbstractNioUnsafe.finishConnect(AbstractNioChannel.java:340)
	at org.apache.ratis.thirdparty.io.netty.channel.nio.NioEventLoop.processSelectedKey(NioEventLoop.java:632)
	at org.apache.ratis.thirdparty.io.netty.channel.nio.NioEventLoop.processSelectedKeysOptimized(NioEventLoop.java:579)
	at org.apache.ratis.thirdparty.io.netty.channel.nio.NioEventLoop.processSelectedKeys(NioEventLoop.java:496)
	at org.apache.ratis.thirdparty.io.netty.channel.nio.NioEventLoop.run(NioEventLoop.java:458)
	at org.apache.ratis.thirdparty.io.netty.util.concurrent.SingleThreadEventExecutor$5.run(SingleThreadEventExecutor.java:897)
	at org.apache.ratis.thirdparty.io.netty.util.concurrent.FastThreadLocalRunnable.run(FastThreadLocalRunnable.java:30)
	... 1 more
Caused by: java.net.ConnectException: Connection refused
	... 11 more
2019-09-24 22:59:13,122 [df79811b-05d5-490a-beb3-27ac0aff7bfc@group-ECCDD8E1798D:LeaderElection30] INFO  impl.LeaderElection (LeaderElection.java:logAndReturn(56)) - df79811b-05d5-490a-beb3-27ac0aff7bfc@group-ECCDD8E1798D:LeaderElection30: Election REJECTED; received 0 response(s) [] and 2 exception(s); df79811b-05d5-490a-beb3-27ac0aff7bfc@group-ECCDD8E1798D:t10, leader=null, voted=df79811b-05d5-490a-beb3-27ac0aff7bfc, raftlog=df79811b-05d5-490a-beb3-27ac0aff7bfc@group-ECCDD8E1798D-SegmentedRaftLog:OPENED:c0,f0,i0, conf=0: [16bf6e05-f81a-41e5-883a-89e111b126fe:192.168.151.66:37026, df79811b-05d5-490a-beb3-27ac0aff7bfc:192.168.151.66:34065, 23c6c9b6-39b4-44f0-84a4-cf624850a9c3:192.168.151.66:32846], old=null
2019-09-24 22:59:13,122 [df79811b-05d5-490a-beb3-27ac0aff7bfc@group-ECCDD8E1798D:LeaderElection30] INFO  impl.LeaderElection (LogUtils.java:infoOrTrace(149)) -   Exception 0: {}
java.util.concurrent.ExecutionException: org.apache.ratis.thirdparty.io.grpc.StatusRuntimeException: UNAVAILABLE: io exception
	at java.util.concurrent.FutureTask.report(FutureTask.java:122)
	at java.util.concurrent.FutureTask.get(FutureTask.java:192)
	at org.apache.ratis.server.impl.LeaderElection.waitForResults(LeaderElection.java:263)
	at org.apache.ratis.server.impl.LeaderElection.askForVotes(LeaderElection.java:201)
	at org.apache.ratis.server.impl.LeaderElection.run(LeaderElection.java:133)
	at java.lang.Thread.run(Thread.java:748)
Caused by: org.apache.ratis.thirdparty.io.grpc.StatusRuntimeException: UNAVAILABLE: io exception
	at org.apache.ratis.thirdparty.io.grpc.stub.ClientCalls.toStatusRuntimeException(ClientCalls.java:233)
	at org.apache.ratis.thirdparty.io.grpc.stub.ClientCalls.getUnchecked(ClientCalls.java:214)
	at org.apache.ratis.thirdparty.io.grpc.stub.ClientCalls.blockingUnaryCall(ClientCalls.java:139)
	at org.apache.ratis.proto.grpc.RaftServerProtocolServiceGrpc$RaftServerProtocolServiceBlockingStub.requestVote(RaftServerProtocolServiceGrpc.java:265)
	at org.apache.ratis.grpc.server.GrpcServerProtocolClient.requestVote(GrpcServerProtocolClient.java:90)
	at org.apache.ratis.grpc.server.GrpcService.requestVote(GrpcService.java:204)
	at org.apache.ratis.server.impl.LeaderElection.lambda$submitRequests$1(LeaderElection.java:238)
	at java.util.concurrent.FutureTask.run(FutureTask.java:266)
	at java.util.concurrent.Executors$RunnableAdapter.call(Executors.java:511)
	at java.util.concurrent.FutureTask.run(FutureTask.java:266)
	at java.util.concurrent.ThreadPoolExecutor.runWorker(ThreadPoolExecutor.java:1149)
	at java.util.concurrent.ThreadPoolExecutor$Worker.run(ThreadPoolExecutor.java:624)
	... 1 more
Caused by: org.apache.ratis.thirdparty.io.netty.channel.AbstractChannel$AnnotatedConnectException: Connection refused: /192.168.151.66:37026
	at sun.nio.ch.SocketChannelImpl.checkConnect(Native Method)
	at sun.nio.ch.SocketChannelImpl.finishConnect(SocketChannelImpl.java:717)
	at org.apache.ratis.thirdparty.io.netty.channel.socket.nio.NioSocketChannel.doFinishConnect(NioSocketChannel.java:327)
	at org.apache.ratis.thirdparty.io.netty.channel.nio.AbstractNioChannel$AbstractNioUnsafe.finishConnect(AbstractNioChannel.java:340)
	at org.apache.ratis.thirdparty.io.netty.channel.nio.NioEventLoop.processSelectedKey(NioEventLoop.java:632)
	at org.apache.ratis.thirdparty.io.netty.channel.nio.NioEventLoop.processSelectedKeysOptimized(NioEventLoop.java:579)
	at org.apache.ratis.thirdparty.io.netty.channel.nio.NioEventLoop.processSelectedKeys(NioEventLoop.java:496)
	at org.apache.ratis.thirdparty.io.netty.channel.nio.NioEventLoop.run(NioEventLoop.java:458)
	at org.apache.ratis.thirdparty.io.netty.util.concurrent.SingleThreadEventExecutor$5.run(SingleThreadEventExecutor.java:897)
	at org.apache.ratis.thirdparty.io.netty.util.concurrent.FastThreadLocalRunnable.run(FastThreadLocalRunnable.java:30)
	... 1 more
Caused by: java.net.ConnectException: Connection refused
	... 11 more
2019-09-24 22:59:13,122 [df79811b-05d5-490a-beb3-27ac0aff7bfc@group-ECCDD8E1798D:LeaderElection30] INFO  impl.LeaderElection (LogUtils.java:infoOrTrace(149)) -   Exception 1: {}
java.util.concurrent.ExecutionException: org.apache.ratis.thirdparty.io.grpc.StatusRuntimeException: UNAVAILABLE: io exception
	at java.util.concurrent.FutureTask.report(FutureTask.java:122)
	at java.util.concurrent.FutureTask.get(FutureTask.java:192)
	at org.apache.ratis.server.impl.LeaderElection.waitForResults(LeaderElection.java:263)
	at org.apache.ratis.server.impl.LeaderElection.askForVotes(LeaderElection.java:201)
	at org.apache.ratis.server.impl.LeaderElection.run(LeaderElection.java:133)
	at java.lang.Thread.run(Thread.java:748)
Caused by: org.apache.ratis.thirdparty.io.grpc.StatusRuntimeException: UNAVAILABLE: io exception
	at org.apache.ratis.thirdparty.io.grpc.stub.ClientCalls.toStatusRuntimeException(ClientCalls.java:233)
	at org.apache.ratis.thirdparty.io.grpc.stub.ClientCalls.getUnchecked(ClientCalls.java:214)
	at org.apache.ratis.thirdparty.io.grpc.stub.ClientCalls.blockingUnaryCall(ClientCalls.java:139)
	at org.apache.ratis.proto.grpc.RaftServerProtocolServiceGrpc$RaftServerProtocolServiceBlockingStub.requestVote(RaftServerProtocolServiceGrpc.java:265)
	at org.apache.ratis.grpc.server.GrpcServerProtocolClient.requestVote(GrpcServerProtocolClient.java:90)
	at org.apache.ratis.grpc.server.GrpcService.requestVote(GrpcService.java:204)
	at org.apache.ratis.server.impl.LeaderElection.lambda$submitRequests$1(LeaderElection.java:238)
	at java.util.concurrent.FutureTask.run(FutureTask.java:266)
	at java.util.concurrent.Executors$RunnableAdapter.call(Executors.java:511)
	at java.util.concurrent.FutureTask.run(FutureTask.java:266)
	at java.util.concurrent.ThreadPoolExecutor.runWorker(ThreadPoolExecutor.java:1149)
	at java.util.concurrent.ThreadPoolExecutor$Worker.run(ThreadPoolExecutor.java:624)
	... 1 more
Caused by: org.apache.ratis.thirdparty.io.netty.channel.AbstractChannel$AnnotatedConnectException: Connection refused: /192.168.151.66:32846
	at sun.nio.ch.SocketChannelImpl.checkConnect(Native Method)
	at sun.nio.ch.SocketChannelImpl.finishConnect(SocketChannelImpl.java:717)
	at org.apache.ratis.thirdparty.io.netty.channel.socket.nio.NioSocketChannel.doFinishConnect(NioSocketChannel.java:327)
	at org.apache.ratis.thirdparty.io.netty.channel.nio.AbstractNioChannel$AbstractNioUnsafe.finishConnect(AbstractNioChannel.java:340)
	at org.apache.ratis.thirdparty.io.netty.channel.nio.NioEventLoop.processSelectedKey(NioEventLoop.java:632)
	at org.apache.ratis.thirdparty.io.netty.channel.nio.NioEventLoop.processSelectedKeysOptimized(NioEventLoop.java:579)
	at org.apache.ratis.thirdparty.io.netty.channel.nio.NioEventLoop.processSelectedKeys(NioEventLoop.java:496)
	at org.apache.ratis.thirdparty.io.netty.channel.nio.NioEventLoop.run(NioEventLoop.java:458)
	at org.apache.ratis.thirdparty.io.netty.util.concurrent.SingleThreadEventExecutor$5.run(SingleThreadEventExecutor.java:897)
	at org.apache.ratis.thirdparty.io.netty.util.concurrent.FastThreadLocalRunnable.run(FastThreadLocalRunnable.java:30)
	... 1 more
Caused by: java.net.ConnectException: Connection refused
	... 11 more
2019-09-24 22:59:13,123 [df79811b-05d5-490a-beb3-27ac0aff7bfc@group-ECCDD8E1798D:LeaderElection30] INFO  impl.RaftServerImpl (RaftServerImpl.java:setRole(174)) - df79811b-05d5-490a-beb3-27ac0aff7bfc@group-ECCDD8E1798D: changes role from CANDIDATE to FOLLOWER at term 10 for DISCOVERED_A_NEW_TERM
2019-09-24 22:59:13,123 [df79811b-05d5-490a-beb3-27ac0aff7bfc@group-ECCDD8E1798D:LeaderElection30] INFO  impl.RoleInfo (RoleInfo.java:shutdownLeaderElection(134)) - df79811b-05d5-490a-beb3-27ac0aff7bfc: shutdown LeaderElection
2019-09-24 22:59:13,123 [df79811b-05d5-490a-beb3-27ac0aff7bfc@group-ECCDD8E1798D:LeaderElection30] INFO  impl.RoleInfo (RoleInfo.java:updateAndGet(143)) - df79811b-05d5-490a-beb3-27ac0aff7bfc: start FollowerState
2019-09-24 22:59:13,370 [ForkJoinPool.commonPool-worker-0] INFO  ozoneimpl.OzoneContainer (OzoneContainer.java:stop(231)) - Attempting to stop container services.
2019-09-24 22:59:13,371 [main] INFO  ozoneimpl.OzoneContainer (OzoneContainer.java:stop(231)) - Attempting to stop container services.
2019-09-24 22:59:13,372 [ForkJoinPool.commonPool-worker-0] INFO  impl.RaftServerProxy (RaftServerProxy.java:lambda$close$4(314)) - df79811b-05d5-490a-beb3-27ac0aff7bfc: close
2019-09-24 22:59:13,372 [main] INFO  impl.RaftServerProxy (RaftServerProxy.java:lambda$close$4(314)) - 2eb382c8-b0ed-4536-b55b-1910907e8973: close
2019-09-24 22:59:13,372 [ForkJoinPool.commonPool-worker-0] INFO  impl.RaftServerImpl (RaftServerImpl.java:lambda$shutdown$3(251)) - df79811b-05d5-490a-beb3-27ac0aff7bfc@group-701E019007C8: shutdown
2019-09-24 22:59:13,373 [main] INFO  impl.RaftServerImpl (RaftServerImpl.java:lambda$shutdown$3(251)) - 2eb382c8-b0ed-4536-b55b-1910907e8973@group-913E2DCA0CE4: shutdown
2019-09-24 22:59:13,373 [ForkJoinPool.commonPool-worker-0] INFO  util.JmxRegister (JmxRegister.java:unregister(73)) - Successfully un-registered JMX Bean with object name Ratis:service=RaftServer,group=group-701E019007C8,id=df79811b-05d5-490a-beb3-27ac0aff7bfc
2019-09-24 22:59:13,373 [main] INFO  util.JmxRegister (JmxRegister.java:unregister(73)) - Successfully un-registered JMX Bean with object name Ratis:service=RaftServer,group=group-913E2DCA0CE4,id=2eb382c8-b0ed-4536-b55b-1910907e8973
2019-09-24 22:59:13,374 [ForkJoinPool.commonPool-worker-0] INFO  impl.RoleInfo (RoleInfo.java:shutdownLeaderState(104)) - df79811b-05d5-490a-beb3-27ac0aff7bfc: shutdown LeaderState
2019-09-24 22:59:13,374 [main] INFO  impl.RoleInfo (RoleInfo.java:shutdownLeaderState(104)) - 2eb382c8-b0ed-4536-b55b-1910907e8973: shutdown LeaderState
2019-09-24 22:59:13,375 [ForkJoinPool.commonPool-worker-0] INFO  impl.PendingRequests (PendingRequests.java:sendNotLeaderResponses(202)) - df79811b-05d5-490a-beb3-27ac0aff7bfc-PendingRequests: sendNotLeaderResponses
2019-09-24 22:59:13,375 [main] INFO  impl.PendingRequests (PendingRequests.java:sendNotLeaderResponses(202)) - 2eb382c8-b0ed-4536-b55b-1910907e8973-PendingRequests: sendNotLeaderResponses
2019-09-24 22:59:13,375 [ForkJoinPool.commonPool-worker-0] INFO  impl.StateMachineUpdater (StateMachineUpdater.java:stopAndJoin(125)) - df79811b-05d5-490a-beb3-27ac0aff7bfc@group-701E019007C8-StateMachineUpdater: set stopIndex = 0
2019-09-24 22:59:13,376 [main] INFO  impl.StateMachineUpdater (StateMachineUpdater.java:stopAndJoin(125)) - 2eb382c8-b0ed-4536-b55b-1910907e8973@group-913E2DCA0CE4-StateMachineUpdater: set stopIndex = 0
2019-09-24 22:59:13,376 [main] INFO  impl.RaftServerImpl (ServerState.java:close(385)) - 2eb382c8-b0ed-4536-b55b-1910907e8973@group-913E2DCA0CE4: closes. applyIndex: 0
2019-09-24 22:59:13,377 [ForkJoinPool.commonPool-worker-0] INFO  impl.RaftServerImpl (ServerState.java:close(385)) - df79811b-05d5-490a-beb3-27ac0aff7bfc@group-701E019007C8: closes. applyIndex: 0
2019-09-24 22:59:13,377 [2eb382c8-b0ed-4536-b55b-1910907e8973@group-913E2DCA0CE4-SegmentedRaftLogWorker] INFO  segmented.SegmentedRaftLogWorker (SegmentedRaftLogWorker.java:run(313)) - 2eb382c8-b0ed-4536-b55b-1910907e8973@group-913E2DCA0CE4-SegmentedRaftLogWorker was interrupted, exiting. There are 0 tasks remaining in the queue.
2019-09-24 22:59:13,377 [df79811b-05d5-490a-beb3-27ac0aff7bfc@group-701E019007C8-SegmentedRaftLogWorker] INFO  segmented.SegmentedRaftLogWorker (SegmentedRaftLogWorker.java:run(313)) - df79811b-05d5-490a-beb3-27ac0aff7bfc@group-701E019007C8-SegmentedRaftLogWorker was interrupted, exiting. There are 0 tasks remaining in the queue.
2019-09-24 22:59:13,377 [main] INFO  segmented.SegmentedRaftLogWorker (SegmentedRaftLogWorker.java:close(228)) - 2eb382c8-b0ed-4536-b55b-1910907e8973@group-913E2DCA0CE4-SegmentedRaftLogWorker close()
2019-09-24 22:59:13,378 [ForkJoinPool.commonPool-worker-0] INFO  segmented.SegmentedRaftLogWorker (SegmentedRaftLogWorker.java:close(228)) - df79811b-05d5-490a-beb3-27ac0aff7bfc@group-701E019007C8-SegmentedRaftLogWorker close()
2019-09-24 22:59:13,379 [main] INFO  impl.RaftServerImpl (RaftServerImpl.java:lambda$shutdown$3(251)) - 2eb382c8-b0ed-4536-b55b-1910907e8973@group-AD4279E7EEBD: shutdown
2019-09-24 22:59:13,381 [ForkJoinPool.commonPool-worker-0] INFO  impl.RaftServerImpl (RaftServerImpl.java:lambda$shutdown$3(251)) - df79811b-05d5-490a-beb3-27ac0aff7bfc@group-ECCDD8E1798D: shutdown
2019-09-24 22:59:13,381 [main] INFO  util.JmxRegister (JmxRegister.java:unregister(73)) - Successfully un-registered JMX Bean with object name Ratis:service=RaftServer,group=group-AD4279E7EEBD,id=2eb382c8-b0ed-4536-b55b-1910907e8973
2019-09-24 22:59:13,382 [main] INFO  impl.RoleInfo (RoleInfo.java:shutdownFollowerState(121)) - 2eb382c8-b0ed-4536-b55b-1910907e8973: shutdown FollowerState
2019-09-24 22:59:13,381 [ForkJoinPool.commonPool-worker-0] INFO  util.JmxRegister (JmxRegister.java:unregister(73)) - Successfully un-registered JMX Bean with object name Ratis:service=RaftServer,group=group-ECCDD8E1798D,id=df79811b-05d5-490a-beb3-27ac0aff7bfc
2019-09-24 22:59:13,382 [Thread-1931] INFO  impl.FollowerState (FollowerState.java:run(115)) - 2eb382c8-b0ed-4536-b55b-1910907e8973: FollowerState was interrupted: java.lang.InterruptedException: sleep interrupted
2019-09-24 22:59:13,382 [main] INFO  impl.StateMachineUpdater (StateMachineUpdater.java:stopAndJoin(125)) - 2eb382c8-b0ed-4536-b55b-1910907e8973@group-AD4279E7EEBD-StateMachineUpdater: set stopIndex = 0
2019-09-24 22:59:13,384 [main] INFO  impl.RaftServerImpl (ServerState.java:close(385)) - 2eb382c8-b0ed-4536-b55b-1910907e8973@group-AD4279E7EEBD: closes. applyIndex: 0
2019-09-24 22:59:13,382 [ForkJoinPool.commonPool-worker-0] INFO  impl.RoleInfo (RoleInfo.java:shutdownFollowerState(121)) - df79811b-05d5-490a-beb3-27ac0aff7bfc: shutdown FollowerState
2019-09-24 22:59:13,385 [2eb382c8-b0ed-4536-b55b-1910907e8973@group-AD4279E7EEBD-SegmentedRaftLogWorker] INFO  segmented.SegmentedRaftLogWorker (SegmentedRaftLogWorker.java:run(313)) - 2eb382c8-b0ed-4536-b55b-1910907e8973@group-AD4279E7EEBD-SegmentedRaftLogWorker was interrupted, exiting. There are 0 tasks remaining in the queue.
2019-09-24 22:59:13,385 [Thread-1935] INFO  impl.FollowerState (FollowerState.java:run(115)) - df79811b-05d5-490a-beb3-27ac0aff7bfc: FollowerState was interrupted: java.lang.InterruptedException: sleep interrupted
2019-09-24 22:59:13,385 [ForkJoinPool.commonPool-worker-0] INFO  impl.StateMachineUpdater (StateMachineUpdater.java:stopAndJoin(125)) - df79811b-05d5-490a-beb3-27ac0aff7bfc@group-ECCDD8E1798D-StateMachineUpdater: set stopIndex = 0
2019-09-24 22:59:13,385 [main] INFO  segmented.SegmentedRaftLogWorker (SegmentedRaftLogWorker.java:close(228)) - 2eb382c8-b0ed-4536-b55b-1910907e8973@group-AD4279E7EEBD-SegmentedRaftLogWorker close()
2019-09-24 22:59:13,387 [ForkJoinPool.commonPool-worker-0] INFO  impl.RaftServerImpl (ServerState.java:close(385)) - df79811b-05d5-490a-beb3-27ac0aff7bfc@group-ECCDD8E1798D: closes. applyIndex: 0
2019-09-24 22:59:13,388 [main] INFO  server.GrpcService (GrpcService.java:closeImpl(164)) - 2eb382c8-b0ed-4536-b55b-1910907e8973: shutdown server with port 39663 now
2019-09-24 22:59:13,389 [df79811b-05d5-490a-beb3-27ac0aff7bfc@group-ECCDD8E1798D-SegmentedRaftLogWorker] INFO  segmented.SegmentedRaftLogWorker (SegmentedRaftLogWorker.java:run(313)) - df79811b-05d5-490a-beb3-27ac0aff7bfc@group-ECCDD8E1798D-SegmentedRaftLogWorker was interrupted, exiting. There are 0 tasks remaining in the queue.
2019-09-24 22:59:13,389 [ForkJoinPool.commonPool-worker-0] INFO  segmented.SegmentedRaftLogWorker (SegmentedRaftLogWorker.java:close(228)) - df79811b-05d5-490a-beb3-27ac0aff7bfc@group-ECCDD8E1798D-SegmentedRaftLogWorker close()
2019-09-24 22:59:13,389 [main] INFO  server.GrpcService (GrpcService.java:closeImpl(172)) - 2eb382c8-b0ed-4536-b55b-1910907e8973: shutdown server with port 39663 successfully
2019-09-24 22:59:13,391 [ForkJoinPool.commonPool-worker-0] INFO  server.GrpcService (GrpcService.java:closeImpl(164)) - df79811b-05d5-490a-beb3-27ac0aff7bfc: shutdown server with port 34065 now
2019-09-24 22:59:13,392 [ForkJoinPool.commonPool-worker-0] INFO  server.GrpcService (GrpcService.java:closeImpl(172)) - df79811b-05d5-490a-beb3-27ac0aff7bfc: shutdown server with port 34065 successfully
2019-09-24 22:59:13,395 [refreshUsed-/workdir/hadoop-ozone/integration-test/target/test-dir/MiniOzoneClusterImpl-5f7a597a-7e5e-4415-9205-5cad3600d18e/datanode-1/data/containers] WARN  fs.CachingGetSpaceUsed (CachingGetSpaceUsed.java:run(183)) - Thread Interrupted waiting to refresh disk information: sleep interrupted
2019-09-24 22:59:13,403 [refreshUsed-/workdir/hadoop-ozone/integration-test/target/test-dir/MiniOzoneClusterImpl-5f7a597a-7e5e-4415-9205-5cad3600d18e/datanode-7/data/containers] WARN  fs.CachingGetSpaceUsed (CachingGetSpaceUsed.java:run(183)) - Thread Interrupted waiting to refresh disk information: sleep interrupted
2019-09-24 22:59:13,413 [ForkJoinPool.commonPool-worker-0] INFO  utils.BackgroundService (BackgroundService.java:shutdown(148)) - Shutting down service BlockDeletingService
2019-09-24 22:59:13,417 [ForkJoinPool.commonPool-worker-0] INFO  statemachine.DatanodeStateMachine (DatanodeStateMachine.java:stopDaemon(395)) - Ozone container server stopped.
2019-09-24 22:59:13,422 [main] INFO  utils.BackgroundService (BackgroundService.java:shutdown(148)) - Shutting down service BlockDeletingService
2019-09-24 22:59:13,425 [main] INFO  statemachine.DatanodeStateMachine (DatanodeStateMachine.java:stopDaemon(395)) - Ozone container server stopped.
2019-09-24 22:59:13,431 [main] INFO  handler.ContextHandler (ContextHandler.java:doStop(910)) - Stopped o.e.j.w.WebAppContext@f6de586{/,null,UNAVAILABLE}{/hddsDatanode}
2019-09-24 22:59:13,431 [ForkJoinPool.commonPool-worker-0] INFO  handler.ContextHandler (ContextHandler.java:doStop(910)) - Stopped o.e.j.w.WebAppContext@62dbe64e{/,null,UNAVAILABLE}{/hddsDatanode}
2019-09-24 22:59:13,432 [main] INFO  server.AbstractConnector (AbstractConnector.java:doStop(318)) - Stopped ServerConnector@5f2bd6d9{HTTP/1.1,[http/1.1]}{0.0.0.0:0}
2019-09-24 22:59:13,433 [ForkJoinPool.commonPool-worker-0] INFO  server.AbstractConnector (AbstractConnector.java:doStop(318)) - Stopped ServerConnector@6cff61fc{HTTP/1.1,[http/1.1]}{0.0.0.0:0}
2019-09-24 22:59:13,433 [main] INFO  handler.ContextHandler (ContextHandler.java:doStop(910)) - Stopped o.e.j.s.ServletContextHandler@6ada9c0c{/static,jar:file:/home/user/.m2/repository/org/apache/hadoop/hadoop-hdds-container-service/0.5.0-SNAPSHOT/hadoop-hdds-container-service-0.5.0-SNAPSHOT.jar!/webapps/static,UNAVAILABLE}
2019-09-24 22:59:13,434 [ForkJoinPool.commonPool-worker-0] INFO  handler.ContextHandler (ContextHandler.java:doStop(910)) - Stopped o.e.j.s.ServletContextHandler@4f0f7849{/static,jar:file:/home/user/.m2/repository/org/apache/hadoop/hadoop-hdds-container-service/0.5.0-SNAPSHOT/hadoop-hdds-container-service-0.5.0-SNAPSHOT.jar!/webapps/static,UNAVAILABLE}
2019-09-24 22:59:13,434 [main] INFO  handler.ContextHandler (ContextHandler.java:doStop(910)) - Stopped o.e.j.s.ServletContextHandler@ae202c6{/logs,file:///workdir/hadoop-ozone/integration-test/target/log,UNAVAILABLE}
2019-09-24 22:59:13,435 [ForkJoinPool.commonPool-worker-0] INFO  handler.ContextHandler (ContextHandler.java:doStop(910)) - Stopped o.e.j.s.ServletContextHandler@3ed7821{/logs,file:///workdir/hadoop-ozone/integration-test/target/log,UNAVAILABLE}
2019-09-24 22:59:13,437 [main] INFO  ozone.MiniOzoneClusterImpl (MiniOzoneClusterImpl.java:stopSCM(392)) - Stopping the StorageContainerManager
2019-09-24 22:59:13,437 [main] INFO  server.StorageContainerManager (StorageContainerManager.java:stop(808)) - Stopping Replication Manager Service.
2019-09-24 22:59:13,438 [main] INFO  container.ReplicationManager (ReplicationManager.java:stop(203)) - Stopping Replication Monitor Thread.
2019-09-24 22:59:13,438 [main] INFO  server.StorageContainerManager (StorageContainerManager.java:stop(815)) - Stopping Lease Manager of the command watchers
2019-09-24 22:59:13,438 [main] INFO  server.StorageContainerManager (StorageContainerManager.java:stop(822)) - Stopping datanode service RPC server
2019-09-24 22:59:13,439 [main] INFO  server.SCMDatanodeProtocolServer (SCMDatanodeProtocolServer.java:stop(367)) - Stopping the RPC server for DataNodes
2019-09-24 22:59:13,439 [main] INFO  ipc.Server (Server.java:stop(3082)) - Stopping server on 38357
2019-09-24 22:59:13,441 [IPC Server listener on 38357] INFO  ipc.Server (Server.java:run(1185)) - Stopping IPC Server listener on 38357
2019-09-24 22:59:13,441 [IPC Server Responder] INFO  ipc.Server (Server.java:run(1319)) - Stopping IPC Server Responder
2019-09-24 22:59:13,519 [SCM Heartbeat Processing Thread - 0] WARN  node.NodeStateManager (NodeStateManager.java:scheduleNextHealthCheck(646)) - Current Thread is interrupted, shutting down HB processing thread for Node Manager.
2019-09-24 22:59:13,519 [main] INFO  server.StorageContainerManager (StorageContainerManager.java:stop(830)) - Stopping block service RPC server
2019-09-24 22:59:13,520 [main] INFO  server.SCMBlockProtocolServer (SCMBlockProtocolServer.java:stop(155)) - Stopping the RPC server for Block Protocol
2019-09-24 22:59:13,520 [main] INFO  ipc.Server (Server.java:stop(3082)) - Stopping server on 38796
2019-09-24 22:59:13,523 [IPC Server listener on 38796] INFO  ipc.Server (Server.java:run(1185)) - Stopping IPC Server listener on 38796
2019-09-24 22:59:13,523 [main] INFO  server.StorageContainerManager (StorageContainerManager.java:stop(837)) - Stopping the StorageContainerLocationProtocol RPC server
2019-09-24 22:59:13,523 [IPC Server Responder] INFO  ipc.Server (Server.java:run(1319)) - Stopping IPC Server Responder
2019-09-24 22:59:13,523 [main] INFO  server.SCMClientProtocolServer (SCMClientProtocolServer.java:stop(159)) - Stopping the RPC server for Client Protocol
2019-09-24 22:59:13,524 [main] INFO  ipc.Server (Server.java:stop(3082)) - Stopping server on 42437
2019-09-24 22:59:13,526 [IPC Server listener on 42437] INFO  ipc.Server (Server.java:run(1185)) - Stopping IPC Server listener on 42437
2019-09-24 22:59:13,526 [IPC Server Responder] INFO  ipc.Server (Server.java:run(1319)) - Stopping IPC Server Responder
2019-09-24 22:59:13,526 [main] INFO  server.StorageContainerManager (StorageContainerManager.java:stop(844)) - Stopping Storage Container Manager HTTP server.
2019-09-24 22:59:13,527 [main] INFO  handler.ContextHandler (ContextHandler.java:doStop(910)) - Stopped o.e.j.w.WebAppContext@660e9100{/,null,UNAVAILABLE}{/scm}
2019-09-24 22:59:13,528 [main] INFO  server.AbstractConnector (AbstractConnector.java:doStop(318)) - Stopped ServerConnector@5aabbb29{HTTP/1.1,[http/1.1]}{0.0.0.0:0}
2019-09-24 22:59:13,529 [main] INFO  handler.ContextHandler (ContextHandler.java:doStop(910)) - Stopped o.e.j.s.ServletContextHandler@1d131e1b{/static,file:///workdir/hadoop-ozone/integration-test/target/test-classes/webapps/static,UNAVAILABLE}
2019-09-24 22:59:13,529 [main] INFO  handler.ContextHandler (ContextHandler.java:doStop(910)) - Stopped o.e.j.s.ServletContextHandler@2f17e30d{/logs,file:///workdir/hadoop-ozone/integration-test/target/log,UNAVAILABLE}
2019-09-24 22:59:13,531 [main] INFO  server.StorageContainerManager (StorageContainerManager.java:stop(855)) - Stopping Block Manager Service.
2019-09-24 22:59:13,531 [main] INFO  utils.BackgroundService (BackgroundService.java:shutdown(148)) - Shutting down service SCMBlockDeletingService
2019-09-24 22:59:13,532 [main] INFO  utils.BackgroundService (BackgroundService.java:shutdown(148)) - Shutting down service SCMBlockDeletingService
2019-09-24 22:59:13,533 [main] INFO  server.StorageContainerManager (StorageContainerManager.java:stop(877)) - Stopping SCM Event Queue.
2019-09-24 22:59:13,541 [main] INFO  impl.MetricsSystemImpl (MetricsSystemImpl.java:stop(210)) - Stopping ratis metrics system...
2019-09-24 22:59:13,553 [prometheus] INFO  impl.MetricsSinkAdapter (MetricsSinkAdapter.java:publishMetricsFromQueue(141)) - prometheus thread interrupted.
2019-09-24 22:59:13,553 [main] INFO  impl.MetricsSystemImpl (MetricsSystemImpl.java:stop(216)) - ratis metrics system stopped.
]]></system-out>
    <system-err><![CDATA[ERROR StatusLogger No Log4j 2 configuration file found. Using default configuration (logging only errors to the console), or user programmatically provided configurations. Set system property 'log4j2.debug' to show Log4j 2 internal initialization logging. See https://logging.apache.org/log4j/2.x/manual/configuration.html for instructions on how to configure Log4j 2
Sep 24, 2019 10:58:52 PM org.apache.ratis.thirdparty.io.grpc.internal.SerializingExecutor run
SEVERE: Exception while executing runnable org.apache.ratis.thirdparty.io.grpc.internal.ServerImpl$JumpToApplicationThreadServerStreamListener$1Closed@12411247
org.apache.ratis.thirdparty.io.grpc.StatusRuntimeException: CANCELLED: call already cancelled
	at org.apache.ratis.thirdparty.io.grpc.Status.asRuntimeException(Status.java:517)
	at org.apache.ratis.thirdparty.io.grpc.stub.ServerCalls$ServerCallStreamObserverImpl.onCompleted(ServerCalls.java:356)
	at org.apache.ratis.grpc.server.GrpcServerProtocolService$ServerRequestStreamObserver.onError(GrpcServerProtocolService.java:121)
	at org.apache.ratis.thirdparty.io.grpc.stub.ServerCalls$StreamingServerCallHandler$StreamingServerCallListener.onCancel(ServerCalls.java:269)
	at org.apache.ratis.thirdparty.io.grpc.internal.ServerCallImpl$ServerStreamListenerImpl.closed(ServerCallImpl.java:293)
	at org.apache.ratis.thirdparty.io.grpc.internal.ServerImpl$JumpToApplicationThreadServerStreamListener$1Closed.runInContext(ServerImpl.java:741)
	at org.apache.ratis.thirdparty.io.grpc.internal.ContextRunnable.run(ContextRunnable.java:37)
	at org.apache.ratis.thirdparty.io.grpc.internal.SerializingExecutor.run(SerializingExecutor.java:123)
	at java.util.concurrent.ThreadPoolExecutor.runWorker(ThreadPoolExecutor.java:1149)
	at java.util.concurrent.ThreadPoolExecutor$Worker.run(ThreadPoolExecutor.java:624)
	at java.lang.Thread.run(Thread.java:748)

Sep 24, 2019 10:58:58 PM org.apache.ratis.thirdparty.io.grpc.internal.SerializingExecutor run
SEVERE: Exception while executing runnable org.apache.ratis.thirdparty.io.grpc.internal.ServerImpl$JumpToApplicationThreadServerStreamListener$1Closed@142bec3f
org.apache.ratis.thirdparty.io.grpc.StatusRuntimeException: CANCELLED: call already cancelled
	at org.apache.ratis.thirdparty.io.grpc.Status.asRuntimeException(Status.java:517)
	at org.apache.ratis.thirdparty.io.grpc.stub.ServerCalls$ServerCallStreamObserverImpl.onCompleted(ServerCalls.java:356)
	at org.apache.ratis.grpc.server.GrpcServerProtocolService$ServerRequestStreamObserver.onError(GrpcServerProtocolService.java:121)
	at org.apache.ratis.thirdparty.io.grpc.stub.ServerCalls$StreamingServerCallHandler$StreamingServerCallListener.onCancel(ServerCalls.java:269)
	at org.apache.ratis.thirdparty.io.grpc.internal.ServerCallImpl$ServerStreamListenerImpl.closed(ServerCallImpl.java:293)
	at org.apache.ratis.thirdparty.io.grpc.internal.ServerImpl$JumpToApplicationThreadServerStreamListener$1Closed.runInContext(ServerImpl.java:741)
	at org.apache.ratis.thirdparty.io.grpc.internal.ContextRunnable.run(ContextRunnable.java:37)
	at org.apache.ratis.thirdparty.io.grpc.internal.SerializingExecutor.run(SerializingExecutor.java:123)
	at java.util.concurrent.ThreadPoolExecutor.runWorker(ThreadPoolExecutor.java:1149)
	at java.util.concurrent.ThreadPoolExecutor$Worker.run(ThreadPoolExecutor.java:624)
	at java.lang.Thread.run(Thread.java:748)

Sep 24, 2019 10:58:58 PM org.apache.ratis.thirdparty.io.grpc.internal.SerializingExecutor run
SEVERE: Exception while executing runnable org.apache.ratis.thirdparty.io.grpc.internal.ServerImpl$JumpToApplicationThreadServerStreamListener$1Closed@68c9f622
org.apache.ratis.thirdparty.io.grpc.StatusRuntimeException: CANCELLED: call already cancelled
	at org.apache.ratis.thirdparty.io.grpc.Status.asRuntimeException(Status.java:517)
	at org.apache.ratis.thirdparty.io.grpc.stub.ServerCalls$ServerCallStreamObserverImpl.onCompleted(ServerCalls.java:356)
	at org.apache.ratis.grpc.server.GrpcServerProtocolService$ServerRequestStreamObserver.onError(GrpcServerProtocolService.java:121)
	at org.apache.ratis.thirdparty.io.grpc.stub.ServerCalls$StreamingServerCallHandler$StreamingServerCallListener.onCancel(ServerCalls.java:269)
	at org.apache.ratis.thirdparty.io.grpc.internal.ServerCallImpl$ServerStreamListenerImpl.closed(ServerCallImpl.java:293)
	at org.apache.ratis.thirdparty.io.grpc.internal.ServerImpl$JumpToApplicationThreadServerStreamListener$1Closed.runInContext(ServerImpl.java:741)
	at org.apache.ratis.thirdparty.io.grpc.internal.ContextRunnable.run(ContextRunnable.java:37)
	at org.apache.ratis.thirdparty.io.grpc.internal.SerializingExecutor.run(SerializingExecutor.java:123)
	at java.util.concurrent.ThreadPoolExecutor.runWorker(ThreadPoolExecutor.java:1149)
	at java.util.concurrent.ThreadPoolExecutor$Worker.run(ThreadPoolExecutor.java:624)
	at java.lang.Thread.run(Thread.java:748)

Sep 24, 2019 10:59:03 PM org.apache.ratis.thirdparty.io.grpc.internal.SerializingExecutor run
SEVERE: Exception while executing runnable org.apache.ratis.thirdparty.io.grpc.internal.ServerImpl$JumpToApplicationThreadServerStreamListener$1Closed@1d5af306
org.apache.ratis.thirdparty.io.grpc.StatusRuntimeException: CANCELLED: call already cancelled
	at org.apache.ratis.thirdparty.io.grpc.Status.asRuntimeException(Status.java:517)
	at org.apache.ratis.thirdparty.io.grpc.stub.ServerCalls$ServerCallStreamObserverImpl.onCompleted(ServerCalls.java:356)
	at org.apache.ratis.grpc.server.GrpcServerProtocolService$ServerRequestStreamObserver.onError(GrpcServerProtocolService.java:121)
	at org.apache.ratis.thirdparty.io.grpc.stub.ServerCalls$StreamingServerCallHandler$StreamingServerCallListener.onCancel(ServerCalls.java:269)
	at org.apache.ratis.thirdparty.io.grpc.internal.ServerCallImpl$ServerStreamListenerImpl.closed(ServerCallImpl.java:293)
	at org.apache.ratis.thirdparty.io.grpc.internal.ServerImpl$JumpToApplicationThreadServerStreamListener$1Closed.runInContext(ServerImpl.java:741)
	at org.apache.ratis.thirdparty.io.grpc.internal.ContextRunnable.run(ContextRunnable.java:37)
	at org.apache.ratis.thirdparty.io.grpc.internal.SerializingExecutor.run(SerializingExecutor.java:123)
	at java.util.concurrent.ThreadPoolExecutor.runWorker(ThreadPoolExecutor.java:1149)
	at java.util.concurrent.ThreadPoolExecutor$Worker.run(ThreadPoolExecutor.java:624)
	at java.lang.Thread.run(Thread.java:748)

]]></system-err>
  </testcase>
  <testcase name="testMultiBlockWritesWithDnFailures" classname="org.apache.hadoop.ozone.client.rpc.TestMultiBlockWritesWithDnFailures" time="132.092">
    <error message="Connection refused" type="java.net.ConnectException"><![CDATA[java.net.ConnectException: Connection refused
	at sun.nio.ch.SocketChannelImpl.checkConnect(Native Method)
	at sun.nio.ch.SocketChannelImpl.finishConnect(SocketChannelImpl.java:717)
	at org.apache.hadoop.net.SocketIOWithTimeout.connect(SocketIOWithTimeout.java:206)
	at org.apache.hadoop.net.NetUtils.connect(NetUtils.java:531)
	at org.apache.hadoop.ipc.Client$Connection.setupConnection(Client.java:690)
	at org.apache.hadoop.ipc.Client$Connection.setupIOstreams(Client.java:794)
	at org.apache.hadoop.ipc.Client$Connection.access$3700(Client.java:411)
	at org.apache.hadoop.ipc.Client.getConnection(Client.java:1572)
	at org.apache.hadoop.ipc.Client.call(Client.java:1403)
	at org.apache.hadoop.ipc.Client.call(Client.java:1367)
	at org.apache.hadoop.ipc.ProtobufRpcEngine$Invoker.invoke(ProtobufRpcEngine.java:228)
	at org.apache.hadoop.ipc.ProtobufRpcEngine$Invoker.invoke(ProtobufRpcEngine.java:116)
	at com.sun.proxy.$Proxy35.submitRequest(Unknown Source)
	at sun.reflect.GeneratedMethodAccessor35.invoke(Unknown Source)
	at sun.reflect.DelegatingMethodAccessorImpl.invoke(DelegatingMethodAccessorImpl.java:43)
	at java.lang.reflect.Method.invoke(Method.java:498)
	at org.apache.hadoop.io.retry.RetryInvocationHandler.invokeMethod(RetryInvocationHandler.java:422)
	at org.apache.hadoop.io.retry.RetryInvocationHandler$Call.invokeMethod(RetryInvocationHandler.java:165)
	at org.apache.hadoop.io.retry.RetryInvocationHandler$Call.invoke(RetryInvocationHandler.java:157)
	at org.apache.hadoop.io.retry.RetryInvocationHandler$Call.invokeOnce(RetryInvocationHandler.java:95)
	at org.apache.hadoop.io.retry.RetryInvocationHandler.invoke(RetryInvocationHandler.java:359)
	at com.sun.proxy.$Proxy35.submitRequest(Unknown Source)
	at org.apache.hadoop.ozone.om.protocolPB.OzoneManagerProtocolClientSideTranslatorPB.submitRequest(OzoneManagerProtocolClientSideTranslatorPB.java:338)
	at org.apache.hadoop.ozone.om.protocolPB.OzoneManagerProtocolClientSideTranslatorPB.getServiceInfo(OzoneManagerProtocolClientSideTranslatorPB.java:1223)
	at sun.reflect.NativeMethodAccessorImpl.invoke0(Native Method)
	at sun.reflect.NativeMethodAccessorImpl.invoke(NativeMethodAccessorImpl.java:62)
	at sun.reflect.DelegatingMethodAccessorImpl.invoke(DelegatingMethodAccessorImpl.java:43)
	at java.lang.reflect.Method.invoke(Method.java:498)
	at org.apache.hadoop.hdds.tracing.TraceAllMethod.invoke(TraceAllMethod.java:66)
	at com.sun.proxy.$Proxy36.getServiceInfo(Unknown Source)
	at org.apache.hadoop.ozone.client.rpc.RpcClient.<init>(RpcClient.java:154)
	at org.apache.hadoop.ozone.client.OzoneClientFactory.getClientProtocol(OzoneClientFactory.java:256)
	at org.apache.hadoop.ozone.client.OzoneClientFactory.getClientProtocol(OzoneClientFactory.java:239)
	at org.apache.hadoop.ozone.client.OzoneClientFactory.getClient(OzoneClientFactory.java:75)
	at org.apache.hadoop.ozone.client.rpc.TestMultiBlockWritesWithDnFailures.startCluster(TestMultiBlockWritesWithDnFailures.java:96)
	at org.apache.hadoop.ozone.client.rpc.TestMultiBlockWritesWithDnFailures.testMultiBlockWritesWithDnFailures(TestMultiBlockWritesWithDnFailures.java:117)
	at sun.reflect.NativeMethodAccessorImpl.invoke0(Native Method)
	at sun.reflect.NativeMethodAccessorImpl.invoke(NativeMethodAccessorImpl.java:62)
	at sun.reflect.DelegatingMethodAccessorImpl.invoke(DelegatingMethodAccessorImpl.java:43)
	at java.lang.reflect.Method.invoke(Method.java:498)
	at org.junit.runners.model.FrameworkMethod$1.runReflectiveCall(FrameworkMethod.java:47)
	at org.junit.internal.runners.model.ReflectiveCallable.run(ReflectiveCallable.java:12)
	at org.junit.runners.model.FrameworkMethod.invokeExplosively(FrameworkMethod.java:44)
	at org.junit.internal.runners.statements.InvokeMethod.evaluate(InvokeMethod.java:17)
	at org.junit.internal.runners.statements.RunAfters.evaluate(RunAfters.java:27)
	at org.junit.runners.ParentRunner.runLeaf(ParentRunner.java:271)
	at org.junit.runners.BlockJUnit4ClassRunner.runChild(BlockJUnit4ClassRunner.java:70)
	at org.junit.runners.BlockJUnit4ClassRunner.runChild(BlockJUnit4ClassRunner.java:50)
	at org.junit.runners.ParentRunner$3.run(ParentRunner.java:238)
	at org.junit.runners.ParentRunner$1.schedule(ParentRunner.java:63)
	at org.junit.runners.ParentRunner.runChildren(ParentRunner.java:236)
	at org.junit.runners.ParentRunner.access$000(ParentRunner.java:53)
	at org.junit.runners.ParentRunner$2.evaluate(ParentRunner.java:229)
	at org.junit.runners.ParentRunner.run(ParentRunner.java:309)
	at org.apache.maven.surefire.junit4.JUnit4Provider.execute(JUnit4Provider.java:365)
	at org.apache.maven.surefire.junit4.JUnit4Provider.executeWithRerun(JUnit4Provider.java:273)
	at org.apache.maven.surefire.junit4.JUnit4Provider.executeTestSet(JUnit4Provider.java:238)
	at org.apache.maven.surefire.junit4.JUnit4Provider.invoke(JUnit4Provider.java:159)
	at org.apache.maven.surefire.booter.ForkedBooter.invokeProviderInSameClassLoader(ForkedBooter.java:384)
	at org.apache.maven.surefire.booter.ForkedBooter.runSuitesInProcess(ForkedBooter.java:345)
	at org.apache.maven.surefire.booter.ForkedBooter.execute(ForkedBooter.java:126)
	at org.apache.maven.surefire.booter.ForkedBooter.main(ForkedBooter.java:418)
]]></error>
    <system-out><![CDATA[2019-09-24 22:59:13,633 [main] WARN  server.ServerUtils (ServerUtils.java:getScmDbDir(145)) - ozone.scm.db.dirs is not configured. We recommend adding this setting. Falling back to ozone.metadata.dirs instead.
2019-09-24 22:59:13,658 [main] WARN  server.ServerUtils (ServerUtils.java:getScmDbDir(145)) - ozone.scm.db.dirs is not configured. We recommend adding this setting. Falling back to ozone.metadata.dirs instead.
2019-09-24 22:59:13,658 [main] WARN  server.ServerUtils (ServerUtils.java:getScmDbDir(145)) - ozone.scm.db.dirs is not configured. We recommend adding this setting. Falling back to ozone.metadata.dirs instead.
2019-09-24 22:59:13,659 [main] INFO  db.DBStoreBuilder (DBStoreBuilder.java:addTable(110)) - using custom profile for table: deletedBlocks
2019-09-24 22:59:13,659 [main] INFO  db.DBStoreBuilder (DBStoreBuilder.java:processTables(161)) - Using default column profile:DBProfile.DISK for Table:deletedBlocks
2019-09-24 22:59:13,660 [main] INFO  db.DBStoreBuilder (DBStoreBuilder.java:addTable(110)) - using custom profile for table: validCerts
2019-09-24 22:59:13,660 [main] INFO  db.DBStoreBuilder (DBStoreBuilder.java:processTables(161)) - Using default column profile:DBProfile.DISK for Table:validCerts
2019-09-24 22:59:13,660 [main] INFO  db.DBStoreBuilder (DBStoreBuilder.java:addTable(110)) - using custom profile for table: revokedCerts
2019-09-24 22:59:13,661 [main] INFO  db.DBStoreBuilder (DBStoreBuilder.java:processTables(161)) - Using default column profile:DBProfile.DISK for Table:revokedCerts
2019-09-24 22:59:13,661 [main] INFO  db.DBStoreBuilder (DBStoreBuilder.java:addTable(110)) - using custom profile for table: default
2019-09-24 22:59:13,661 [main] INFO  db.DBStoreBuilder (DBStoreBuilder.java:processTables(167)) - Using default column profile:DBProfile.DISK for Table:default
2019-09-24 22:59:13,662 [main] INFO  db.DBStoreBuilder (DBStoreBuilder.java:getDbProfile(198)) - Using default options. DBProfile.DISK
2019-09-24 22:59:13,836 [main] INFO  net.NodeSchemaLoader (NodeSchemaLoader.java:loadSchemaFromFile(125)) - Loading file from sun.misc.CompoundEnumeration@77f905e3
2019-09-24 22:59:13,837 [main] INFO  net.NodeSchemaLoader (NodeSchemaLoader.java:loadSchema(171)) - Loading network topology layer schema file
2019-09-24 22:59:13,844 [main] INFO  node.SCMNodeManager (SCMNodeManager.java:<init>(114)) - Entering startup safe mode.
2019-09-24 22:59:13,845 [main] INFO  algorithms.ContainerPlacementPolicyFactory (ContainerPlacementPolicyFactory.java:getPolicy(57)) - Create container placement policy of type org.apache.hadoop.hdds.scm.container.placement.algorithms.SCMContainerPlacementRandom
2019-09-24 22:59:13,845 [main] WARN  server.ServerUtils (ServerUtils.java:getScmDbDir(145)) - ozone.scm.db.dirs is not configured. We recommend adding this setting. Falling back to ozone.metadata.dirs instead.
2019-09-24 22:59:13,870 [main] INFO  pipeline.SCMPipelineManager (SCMPipelineManager.java:initializePipelineState(132)) - No pipeline exists in current db
2019-09-24 22:59:13,870 [main] WARN  server.ServerUtils (ServerUtils.java:getScmDbDir(145)) - ozone.scm.db.dirs is not configured. We recommend adding this setting. Falling back to ozone.metadata.dirs instead.
2019-09-24 22:59:13,897 [main] WARN  events.EventQueue (EventQueue.java:fireEvent(183)) - No event handler registered for event TypedEvent{payloadType=SafeModeStatus, name='SafeModeStatus'}
2019-09-24 22:59:13,898 [main] INFO  ipc.CallQueueManager (CallQueueManager.java:<init>(84)) - Using callQueue: class java.util.concurrent.LinkedBlockingQueue, queueCapacity: 2000, scheduler: class org.apache.hadoop.ipc.DefaultRpcScheduler, ipcBackoff: false.
2019-09-24 22:59:13,899 [Socket Reader #1 for port 45036] INFO  ipc.Server (Server.java:run(1074)) - Starting Socket Reader #1 for port 45036
2019-09-24 22:59:13,901 [main] INFO  ipc.CallQueueManager (CallQueueManager.java:<init>(84)) - Using callQueue: class java.util.concurrent.LinkedBlockingQueue, queueCapacity: 2000, scheduler: class org.apache.hadoop.ipc.DefaultRpcScheduler, ipcBackoff: false.
2019-09-24 22:59:13,902 [Socket Reader #1 for port 43948] INFO  ipc.Server (Server.java:run(1074)) - Starting Socket Reader #1 for port 43948
2019-09-24 22:59:13,904 [main] INFO  ipc.CallQueueManager (CallQueueManager.java:<init>(84)) - Using callQueue: class java.util.concurrent.LinkedBlockingQueue, queueCapacity: 2000, scheduler: class org.apache.hadoop.ipc.DefaultRpcScheduler, ipcBackoff: false.
2019-09-24 22:59:13,905 [Socket Reader #1 for port 34564] INFO  ipc.Server (Server.java:run(1074)) - Starting Socket Reader #1 for port 34564
2019-09-24 22:59:13,909 [main] INFO  hdfs.DFSUtil (DFSUtil.java:httpServerTemplateForNNAndJN(1641)) - Starting Web-server for scm at: http://0.0.0.0:0
2019-09-24 22:59:13,912 [main] INFO  server.AuthenticationFilter (AuthenticationFilter.java:constructSecretProvider(240)) - Unable to initialize FileSignerSecretProvider, falling back to use random secrets.
2019-09-24 22:59:13,913 [main] WARN  http.HttpRequestLog (HttpRequestLog.java:getRequestLog(97)) - Jetty request log can only be enabled using Log4j
2019-09-24 22:59:13,916 [main] INFO  http.HttpServer2 (HttpServer2.java:addGlobalFilter(975)) - Added global filter 'safety' (class=org.apache.hadoop.http.HttpServer2$QuotingInputFilter)
2019-09-24 22:59:13,917 [main] INFO  http.HttpServer2 (HttpServer2.java:addFilter(948)) - Added filter static_user_filter (class=org.apache.hadoop.http.lib.StaticUserWebFilter$StaticUserFilter) to context scm
2019-09-24 22:59:13,917 [main] INFO  http.HttpServer2 (HttpServer2.java:addFilter(958)) - Added filter static_user_filter (class=org.apache.hadoop.http.lib.StaticUserWebFilter$StaticUserFilter) to context logs
2019-09-24 22:59:13,917 [main] INFO  http.HttpServer2 (HttpServer2.java:addFilter(958)) - Added filter static_user_filter (class=org.apache.hadoop.http.lib.StaticUserWebFilter$StaticUserFilter) to context static
2019-09-24 22:59:13,920 [main] INFO  server.StorageContainerManager (StorageContainerManager.java:start(770)) - StorageContainerLocationProtocol RPC server is listening at /0.0.0.0:34564
2019-09-24 22:59:13,923 [main] WARN  impl.MetricsConfig (MetricsConfig.java:loadFirst(134)) - Cannot locate configuration: tried hadoop-metrics2-storagecontainermanager.properties,hadoop-metrics2.properties
2019-09-24 22:59:13,924 [main] INFO  impl.MetricsSystemImpl (MetricsSystemImpl.java:startTimer(374)) - Scheduled Metric snapshot period at 10 second(s).
2019-09-24 22:59:13,925 [main] INFO  impl.MetricsSystemImpl (MetricsSystemImpl.java:start(191)) - StorageContainerManager metrics system started
2019-09-24 22:59:13,983 [main] WARN  impl.MetricsSystemImpl (MetricsSystemImpl.java:register(276)) - Sink prometheus already exists!
2019-09-24 22:59:13,988 [main] INFO  server.SCMClientProtocolServer (SCMClientProtocolServer.java:start(151)) - RPC server for Client  is listening at /0.0.0.0:34564
2019-09-24 22:59:13,988 [IPC Server Responder] INFO  ipc.Server (Server.java:run(1314)) - IPC Server Responder: starting
2019-09-24 22:59:13,988 [IPC Server listener on 34564] INFO  ipc.Server (Server.java:run(1153)) - IPC Server listener on 34564: starting
2019-09-24 22:59:13,992 [main] INFO  server.StorageContainerManager (StorageContainerManager.java:start(780)) - ScmBlockLocationProtocol RPC server is listening at /0.0.0.0:43948
2019-09-24 22:59:13,993 [main] INFO  server.SCMBlockProtocolServer (SCMBlockProtocolServer.java:start(146)) - RPC server for Block Protocol is listening at /0.0.0.0:43948
2019-09-24 22:59:13,993 [IPC Server Responder] INFO  ipc.Server (Server.java:run(1314)) - IPC Server Responder: starting
2019-09-24 22:59:13,993 [IPC Server listener on 43948] INFO  ipc.Server (Server.java:run(1153)) - IPC Server listener on 43948: starting
2019-09-24 22:59:13,998 [main] INFO  server.StorageContainerManager (StorageContainerManager.java:start(784)) - ScmDatanodeProtocl RPC server is listening at /0.0.0.0:45036
2019-09-24 22:59:13,998 [main] INFO  server.SCMDatanodeProtocolServer (SCMDatanodeProtocolServer.java:start(191)) - RPC server for DataNodes is listening at /0.0.0.0:45036
2019-09-24 22:59:13,998 [IPC Server Responder] INFO  ipc.Server (Server.java:run(1314)) - IPC Server Responder: starting
2019-09-24 22:59:13,998 [IPC Server listener on 45036] INFO  ipc.Server (Server.java:run(1153)) - IPC Server listener on 45036: starting
2019-09-24 22:59:14,003 [main] INFO  http.HttpServer2 (HttpServer2.java:bindListener(1191)) - Jetty bound to port 46104
2019-09-24 22:59:14,003 [main] INFO  server.Server (Server.java:doStart(351)) - jetty-9.3.25.v20180904, build timestamp: 2018-09-04T21:11:46Z, git hash: 3ce520221d0240229c862b122d2b06c12a625732
2019-09-24 22:59:14,005 [main] INFO  handler.ContextHandler (ContextHandler.java:doStart(781)) - Started o.e.j.s.ServletContextHandler@463561c5{/logs,file:///workdir/hadoop-ozone/integration-test/target/log,AVAILABLE}
2019-09-24 22:59:14,005 [main] INFO  handler.ContextHandler (ContextHandler.java:doStart(781)) - Started o.e.j.s.ServletContextHandler@3468ee6e{/static,file:///workdir/hadoop-ozone/integration-test/target/test-classes/webapps/static,AVAILABLE}
2019-09-24 22:59:14,010 [main] INFO  handler.ContextHandler (ContextHandler.java:doStart(781)) - Started o.e.j.w.WebAppContext@2f74900b{/,file:///workdir/hadoop-ozone/integration-test/target/test-classes/webapps/scm/,AVAILABLE}{/scm}
2019-09-24 22:59:14,011 [main] INFO  server.AbstractConnector (AbstractConnector.java:doStart(278)) - Started ServerConnector@6d8796c1{HTTP/1.1,[http/1.1]}{0.0.0.0:46104}
2019-09-24 22:59:14,012 [main] INFO  server.Server (Server.java:doStart(419)) - Started @147140ms
2019-09-24 22:59:14,012 [main] WARN  impl.MetricsSystemImpl (MetricsSystemImpl.java:register(276)) - Sink prometheus already exists!
2019-09-24 22:59:14,013 [main] INFO  server.BaseHttpServer (BaseHttpServer.java:updateConnectorAddress(215)) - HTTP server of SCM is listening at http://0.0.0.0:46104
2019-09-24 22:59:14,013 [main] WARN  server.ServerUtils (ServerUtils.java:getDBPath(222)) - ozone.om.db.dirs is not configured. We recommend adding this setting. Falling back to ozone.metadata.dirs instead.
2019-09-24 22:59:14,013 [org.apache.hadoop.util.JvmPauseMonitor$Monitor@27be17c8] INFO  util.JvmPauseMonitor (JvmPauseMonitor.java:run(188)) - Starting JVM pause monitor
2019-09-24 22:59:14,027 [main] INFO  ha.OMHANodeDetails (OMHANodeDetails.java:loadOMHAConfig(181)) - Configuration either no ozone.om.address set. Falling back to the default OM address /127.0.0.1:0
2019-09-24 22:59:14,027 [main] INFO  ha.OMHANodeDetails (OMHANodeDetails.java:getOMNodeDetails(211)) - OM Service ID is not set. Setting it to the default ID: omServiceIdDefault
2019-09-24 22:59:14,027 [main] WARN  server.ServerUtils (ServerUtils.java:getDBPath(222)) - ozone.om.db.dirs is not configured. We recommend adding this setting. Falling back to ozone.metadata.dirs instead.
2019-09-24 22:59:14,028 [main] WARN  server.ServerUtils (ServerUtils.java:getDBPath(222)) - ozone.om.db.dirs is not configured. We recommend adding this setting. Falling back to ozone.metadata.dirs instead.
2019-09-24 22:59:14,040 [main] WARN  server.ServerUtils (ServerUtils.java:getDBPath(222)) - ozone.om.db.dirs is not configured. We recommend adding this setting. Falling back to ozone.metadata.dirs instead.
2019-09-24 22:59:14,041 [main] INFO  db.DBStoreBuilder (DBStoreBuilder.java:addTable(110)) - using custom profile for table: userTable
2019-09-24 22:59:14,041 [main] INFO  db.DBStoreBuilder (DBStoreBuilder.java:processTables(161)) - Using default column profile:DBProfile.DISK for Table:userTable
2019-09-24 22:59:14,041 [main] INFO  db.DBStoreBuilder (DBStoreBuilder.java:addTable(110)) - using custom profile for table: volumeTable
2019-09-24 22:59:14,041 [main] INFO  db.DBStoreBuilder (DBStoreBuilder.java:processTables(161)) - Using default column profile:DBProfile.DISK for Table:volumeTable
2019-09-24 22:59:14,042 [main] INFO  db.DBStoreBuilder (DBStoreBuilder.java:addTable(110)) - using custom profile for table: bucketTable
2019-09-24 22:59:14,042 [main] INFO  db.DBStoreBuilder (DBStoreBuilder.java:processTables(161)) - Using default column profile:DBProfile.DISK for Table:bucketTable
2019-09-24 22:59:14,042 [main] INFO  db.DBStoreBuilder (DBStoreBuilder.java:addTable(110)) - using custom profile for table: keyTable
2019-09-24 22:59:14,042 [main] INFO  db.DBStoreBuilder (DBStoreBuilder.java:processTables(161)) - Using default column profile:DBProfile.DISK for Table:keyTable
2019-09-24 22:59:14,042 [main] INFO  db.DBStoreBuilder (DBStoreBuilder.java:addTable(110)) - using custom profile for table: deletedTable
2019-09-24 22:59:14,042 [main] INFO  db.DBStoreBuilder (DBStoreBuilder.java:processTables(161)) - Using default column profile:DBProfile.DISK for Table:deletedTable
2019-09-24 22:59:14,043 [main] INFO  db.DBStoreBuilder (DBStoreBuilder.java:addTable(110)) - using custom profile for table: openKeyTable
2019-09-24 22:59:14,043 [main] INFO  db.DBStoreBuilder (DBStoreBuilder.java:processTables(161)) - Using default column profile:DBProfile.DISK for Table:openKeyTable
2019-09-24 22:59:14,043 [main] INFO  db.DBStoreBuilder (DBStoreBuilder.java:addTable(110)) - using custom profile for table: s3Table
2019-09-24 22:59:14,043 [main] INFO  db.DBStoreBuilder (DBStoreBuilder.java:processTables(161)) - Using default column profile:DBProfile.DISK for Table:s3Table
2019-09-24 22:59:14,043 [main] INFO  db.DBStoreBuilder (DBStoreBuilder.java:addTable(110)) - using custom profile for table: multipartInfoTable
2019-09-24 22:59:14,044 [main] INFO  db.DBStoreBuilder (DBStoreBuilder.java:processTables(161)) - Using default column profile:DBProfile.DISK for Table:multipartInfoTable
2019-09-24 22:59:14,044 [main] INFO  db.DBStoreBuilder (DBStoreBuilder.java:addTable(110)) - using custom profile for table: dTokenTable
2019-09-24 22:59:14,044 [main] INFO  db.DBStoreBuilder (DBStoreBuilder.java:processTables(161)) - Using default column profile:DBProfile.DISK for Table:dTokenTable
2019-09-24 22:59:14,044 [main] INFO  db.DBStoreBuilder (DBStoreBuilder.java:addTable(110)) - using custom profile for table: s3SecretTable
2019-09-24 22:59:14,044 [main] INFO  db.DBStoreBuilder (DBStoreBuilder.java:processTables(161)) - Using default column profile:DBProfile.DISK for Table:s3SecretTable
2019-09-24 22:59:14,045 [main] INFO  db.DBStoreBuilder (DBStoreBuilder.java:addTable(110)) - using custom profile for table: prefixTable
2019-09-24 22:59:14,045 [main] INFO  db.DBStoreBuilder (DBStoreBuilder.java:processTables(161)) - Using default column profile:DBProfile.DISK for Table:prefixTable
2019-09-24 22:59:14,045 [main] INFO  db.DBStoreBuilder (DBStoreBuilder.java:addTable(110)) - using custom profile for table: default
2019-09-24 22:59:14,046 [main] INFO  db.DBStoreBuilder (DBStoreBuilder.java:processTables(167)) - Using default column profile:DBProfile.DISK for Table:default
2019-09-24 22:59:14,046 [main] INFO  db.DBStoreBuilder (DBStoreBuilder.java:getDbProfile(198)) - Using default options. DBProfile.DISK
2019-09-24 22:59:14,623 [main] INFO  ipc.CallQueueManager (CallQueueManager.java:<init>(84)) - Using callQueue: class java.util.concurrent.LinkedBlockingQueue, queueCapacity: 2000, scheduler: class org.apache.hadoop.ipc.DefaultRpcScheduler, ipcBackoff: false.
2019-09-24 22:59:14,624 [Socket Reader #1 for port 42872] INFO  ipc.Server (Server.java:run(1074)) - Starting Socket Reader #1 for port 42872
2019-09-24 22:59:14,642 [main] INFO  om.OzoneManager (OzoneManager.java:start(1069)) - OzoneManager RPC server is listening at localhost/127.0.0.1:42872
2019-09-24 22:59:14,642 [main] INFO  impl.MetricsSystemImpl (MetricsSystemImpl.java:init(158)) - OzoneManager metrics system started (again)
2019-09-24 22:59:14,643 [IPC Server Responder] INFO  ipc.Server (Server.java:run(1314)) - IPC Server Responder: starting
2019-09-24 22:59:14,643 [IPC Server listener on 42872] INFO  ipc.Server (Server.java:run(1153)) - IPC Server listener on 42872: starting
2019-09-24 22:59:14,651 [main] INFO  hdfs.DFSUtil (DFSUtil.java:httpServerTemplateForNNAndJN(1641)) - Starting Web-server for ozoneManager at: http://0.0.0.0:0
2019-09-24 22:59:14,653 [main] INFO  server.AuthenticationFilter (AuthenticationFilter.java:constructSecretProvider(240)) - Unable to initialize FileSignerSecretProvider, falling back to use random secrets.
2019-09-24 22:59:14,654 [main] WARN  http.HttpRequestLog (HttpRequestLog.java:getRequestLog(97)) - Jetty request log can only be enabled using Log4j
2019-09-24 22:59:14,656 [main] INFO  http.HttpServer2 (HttpServer2.java:addGlobalFilter(975)) - Added global filter 'safety' (class=org.apache.hadoop.http.HttpServer2$QuotingInputFilter)
2019-09-24 22:59:14,657 [main] INFO  http.HttpServer2 (HttpServer2.java:addFilter(948)) - Added filter static_user_filter (class=org.apache.hadoop.http.lib.StaticUserWebFilter$StaticUserFilter) to context ozoneManager
2019-09-24 22:59:14,657 [main] INFO  http.HttpServer2 (HttpServer2.java:addFilter(958)) - Added filter static_user_filter (class=org.apache.hadoop.http.lib.StaticUserWebFilter$StaticUserFilter) to context logs
2019-09-24 22:59:14,657 [main] INFO  http.HttpServer2 (HttpServer2.java:addFilter(958)) - Added filter static_user_filter (class=org.apache.hadoop.http.lib.StaticUserWebFilter$StaticUserFilter) to context static
2019-09-24 22:59:14,659 [main] INFO  http.HttpServer2 (HttpServer2.java:bindListener(1191)) - Jetty bound to port 38622
2019-09-24 22:59:14,659 [main] INFO  server.Server (Server.java:doStart(351)) - jetty-9.3.25.v20180904, build timestamp: 2018-09-04T21:11:46Z, git hash: 3ce520221d0240229c862b122d2b06c12a625732
2019-09-24 22:59:14,661 [main] INFO  handler.ContextHandler (ContextHandler.java:doStart(781)) - Started o.e.j.s.ServletContextHandler@7cf78c85{/logs,file:///workdir/hadoop-ozone/integration-test/target/log,AVAILABLE}
2019-09-24 22:59:14,662 [main] INFO  handler.ContextHandler (ContextHandler.java:doStart(781)) - Started o.e.j.s.ServletContextHandler@3a4ab7f7{/static,file:///workdir/hadoop-ozone/integration-test/target/test-classes/webapps/static,AVAILABLE}
2019-09-24 22:59:14,668 [main] INFO  handler.ContextHandler (ContextHandler.java:doStart(781)) - Started o.e.j.w.WebAppContext@74d6736{/,file:///workdir/hadoop-ozone/integration-test/target/test-classes/webapps/ozoneManager/,AVAILABLE}{/ozoneManager}
2019-09-24 22:59:14,669 [main] INFO  server.AbstractConnector (AbstractConnector.java:doStart(278)) - Started ServerConnector@52a33c3f{HTTP/1.1,[http/1.1]}{0.0.0.0:38622}
2019-09-24 22:59:14,670 [main] INFO  server.Server (Server.java:doStart(419)) - Started @147799ms
2019-09-24 22:59:14,670 [main] WARN  impl.MetricsSystemImpl (MetricsSystemImpl.java:register(276)) - Sink prometheus already exists!
2019-09-24 22:59:14,671 [main] INFO  server.BaseHttpServer (BaseHttpServer.java:updateConnectorAddress(215)) - HTTP server of OZONEMANAGER is listening at http://0.0.0.0:38622
2019-09-24 22:59:14,692 [main] INFO  impl.MetricsSystemImpl (MetricsSystemImpl.java:init(158)) - HddsDatanode metrics system started (again)
2019-09-24 22:59:14,694 [main] INFO  ozone.HddsDatanodeService (HddsDatanodeService.java:start(184)) - HddsDatanodeService host:pr-hdds-2162-v2v4x-1150571016 ip:192.168.151.66
2019-09-24 22:59:14,700 [main] INFO  volume.HddsVolume (HddsVolume.java:<init>(176)) - Creating Volume: /workdir/hadoop-ozone/integration-test/target/test-dir/MiniOzoneClusterImpl-c5523c91-7035-4a19-985c-37f1f8f0fe10/datanode-0/data/containers/hdds of  storage type : DISK and capacity : 1482555576320
2019-09-24 22:59:14,700 [main] INFO  volume.VolumeSet (VolumeSet.java:initializeVolumeSet(170)) - Added Volume : /workdir/hadoop-ozone/integration-test/target/test-dir/MiniOzoneClusterImpl-c5523c91-7035-4a19-985c-37f1f8f0fe10/datanode-0/data/containers/hdds to VolumeSet
2019-09-24 22:59:14,701 [main] INFO  volume.ThrottledAsyncChecker (ThrottledAsyncChecker.java:schedule(139)) - Scheduling a check for org.apache.hadoop.ozone.container.common.volume.HddsVolume@6824b913
2019-09-24 22:59:14,702 [main] INFO  volume.HddsVolumeChecker (HddsVolumeChecker.java:checkAllVolumes(202)) - Scheduled health check for volume org.apache.hadoop.ozone.container.common.volume.HddsVolume@6824b913
2019-09-24 22:59:14,718 [main] INFO  impl.RaftServerProxy (ConfUtils.java:logGet(43)) - raft.rpc.type = GRPC (default)
2019-09-24 22:59:14,718 [main] INFO  grpc.GrpcFactory (GrpcFactory.java:checkPooledByteBufAllocatorUseCacheForAllThreads(45)) - PERFORMANCE WARNING: useCacheForAllThreads is true that may cause Netty to create a lot garbage objects and, as a result, trigger GC.
	It is recommended to disable useCacheForAllThreads by setting -Dorg.apache.ratis.thirdparty.io.netty.allocator.useCacheForAllThreads=false in command line.
2019-09-24 22:59:14,718 [main] INFO  grpc.GrpcConfigKeys$Server (ConfUtils.java:logGet(43)) - raft.grpc.server.port = 0 (default)
2019-09-24 22:59:14,718 [main] INFO  server.GrpcService (ConfUtils.java:logGet(43)) - raft.grpc.message.size.max = 33570816 (custom)
2019-09-24 22:59:14,719 [main] INFO  server.RaftServerConfigKeys (ConfUtils.java:logGet(43)) - raft.server.log.appender.buffer.byte-limit = 33554432 (custom)
2019-09-24 22:59:14,719 [main] INFO  server.GrpcService (ConfUtils.java:logGet(43)) - raft.grpc.flow.control.window = 1MB (=1048576) (default)
2019-09-24 22:59:14,719 [main] INFO  server.RaftServerConfigKeys (ConfUtils.java:logGet(43)) - raft.server.rpc.request.timeout = 3000ms (default)
2019-09-24 22:59:14,720 [main] INFO  server.RaftServerConfigKeys (ConfUtils.java:logGet(43)) - raft.server.storage.dir = [/workdir/hadoop-ozone/integration-test/target/test-dir/MiniOzoneClusterImpl-c5523c91-7035-4a19-985c-37f1f8f0fe10/datanode-0/data/ratis] (custom)
2019-09-24 22:59:14,722 [main] INFO  hdfs.DFSUtil (DFSUtil.java:httpServerTemplateForNNAndJN(1641)) - Starting Web-server for hddsDatanode at: http://0.0.0.0:0
2019-09-24 22:59:14,723 [main] INFO  server.AuthenticationFilter (AuthenticationFilter.java:constructSecretProvider(240)) - Unable to initialize FileSignerSecretProvider, falling back to use random secrets.
2019-09-24 22:59:14,724 [main] WARN  http.HttpRequestLog (HttpRequestLog.java:getRequestLog(97)) - Jetty request log can only be enabled using Log4j
2019-09-24 22:59:14,725 [main] INFO  http.HttpServer2 (HttpServer2.java:addGlobalFilter(975)) - Added global filter 'safety' (class=org.apache.hadoop.http.HttpServer2$QuotingInputFilter)
2019-09-24 22:59:14,726 [main] INFO  http.HttpServer2 (HttpServer2.java:addFilter(948)) - Added filter static_user_filter (class=org.apache.hadoop.http.lib.StaticUserWebFilter$StaticUserFilter) to context hddsDatanode
2019-09-24 22:59:14,726 [main] INFO  http.HttpServer2 (HttpServer2.java:addFilter(958)) - Added filter static_user_filter (class=org.apache.hadoop.http.lib.StaticUserWebFilter$StaticUserFilter) to context logs
2019-09-24 22:59:14,726 [main] INFO  http.HttpServer2 (HttpServer2.java:addFilter(958)) - Added filter static_user_filter (class=org.apache.hadoop.http.lib.StaticUserWebFilter$StaticUserFilter) to context static
2019-09-24 22:59:14,727 [main] INFO  http.HttpServer2 (HttpServer2.java:bindListener(1191)) - Jetty bound to port 40095
2019-09-24 22:59:14,727 [main] INFO  server.Server (Server.java:doStart(351)) - jetty-9.3.25.v20180904, build timestamp: 2018-09-04T21:11:46Z, git hash: 3ce520221d0240229c862b122d2b06c12a625732
2019-09-24 22:59:14,730 [main] INFO  handler.ContextHandler (ContextHandler.java:doStart(781)) - Started o.e.j.s.ServletContextHandler@37e69c43{/logs,file:///workdir/hadoop-ozone/integration-test/target/log,AVAILABLE}
2019-09-24 22:59:14,730 [main] INFO  handler.ContextHandler (ContextHandler.java:doStart(781)) - Started o.e.j.s.ServletContextHandler@345d053b{/static,jar:file:/home/user/.m2/repository/org/apache/hadoop/hadoop-hdds-container-service/0.5.0-SNAPSHOT/hadoop-hdds-container-service-0.5.0-SNAPSHOT.jar!/webapps/static,AVAILABLE}
2019-09-24 22:59:14,763 [main] INFO  handler.ContextHandler (ContextHandler.java:doStart(781)) - Started o.e.j.w.WebAppContext@1b13467c{/,file:///tmp/jetty-0.0.0.0-40095-hddsDatanode-_-any-8892423034193481707.dir/webapp/,AVAILABLE}{/hddsDatanode}
2019-09-24 22:59:14,764 [main] INFO  server.AbstractConnector (AbstractConnector.java:doStart(278)) - Started ServerConnector@7bd96822{HTTP/1.1,[http/1.1]}{0.0.0.0:40095}
2019-09-24 22:59:14,765 [main] INFO  server.Server (Server.java:doStart(419)) - Started @147894ms
2019-09-24 22:59:14,765 [main] WARN  impl.MetricsSystemImpl (MetricsSystemImpl.java:register(276)) - Sink prometheus already exists!
2019-09-24 22:59:14,766 [main] INFO  server.BaseHttpServer (BaseHttpServer.java:updateConnectorAddress(215)) - HTTP server of HDDSDATANODE is listening at http://0.0.0.0:40095
2019-09-24 22:59:14,766 [main] INFO  impl.MetricsSystemImpl (MetricsSystemImpl.java:init(158)) - HddsDatanode metrics system started (again)
2019-09-24 22:59:14,770 [main] INFO  ozone.HddsDatanodeService (HddsDatanodeService.java:start(184)) - HddsDatanodeService host:pr-hdds-2162-v2v4x-1150571016 ip:192.168.151.66
2019-09-24 22:59:14,770 [org.apache.hadoop.util.JvmPauseMonitor$Monitor@1d2a3e14] INFO  util.JvmPauseMonitor (JvmPauseMonitor.java:run(188)) - Starting JVM pause monitor
2019-09-24 22:59:14,773 [Datanode State Machine Thread - 0] INFO  datanode.InitDatanodeState (InitDatanodeState.java:persistContainerDatanodeDetails(140)) - DatanodeDetails is persisted to /workdir/hadoop-ozone/integration-test/target/test-dir/MiniOzoneClusterImpl-c5523c91-7035-4a19-985c-37f1f8f0fe10/datanode-0/meta/datanode.id
2019-09-24 22:59:14,775 [main] INFO  volume.HddsVolume (HddsVolume.java:<init>(176)) - Creating Volume: /workdir/hadoop-ozone/integration-test/target/test-dir/MiniOzoneClusterImpl-c5523c91-7035-4a19-985c-37f1f8f0fe10/datanode-1/data/containers/hdds of  storage type : DISK and capacity : 1482555576320
2019-09-24 22:59:14,776 [main] INFO  volume.VolumeSet (VolumeSet.java:initializeVolumeSet(170)) - Added Volume : /workdir/hadoop-ozone/integration-test/target/test-dir/MiniOzoneClusterImpl-c5523c91-7035-4a19-985c-37f1f8f0fe10/datanode-1/data/containers/hdds to VolumeSet
2019-09-24 22:59:14,776 [main] INFO  volume.ThrottledAsyncChecker (ThrottledAsyncChecker.java:schedule(139)) - Scheduling a check for org.apache.hadoop.ozone.container.common.volume.HddsVolume@7b477141
2019-09-24 22:59:14,777 [main] INFO  volume.HddsVolumeChecker (HddsVolumeChecker.java:checkAllVolumes(202)) - Scheduled health check for volume org.apache.hadoop.ozone.container.common.volume.HddsVolume@7b477141
2019-09-24 22:59:14,789 [main] INFO  impl.RaftServerProxy (ConfUtils.java:logGet(43)) - raft.rpc.type = GRPC (default)
2019-09-24 22:59:14,790 [main] INFO  grpc.GrpcFactory (GrpcFactory.java:checkPooledByteBufAllocatorUseCacheForAllThreads(45)) - PERFORMANCE WARNING: useCacheForAllThreads is true that may cause Netty to create a lot garbage objects and, as a result, trigger GC.
	It is recommended to disable useCacheForAllThreads by setting -Dorg.apache.ratis.thirdparty.io.netty.allocator.useCacheForAllThreads=false in command line.
2019-09-24 22:59:14,790 [main] INFO  grpc.GrpcConfigKeys$Server (ConfUtils.java:logGet(43)) - raft.grpc.server.port = 0 (default)
2019-09-24 22:59:14,790 [main] INFO  server.GrpcService (ConfUtils.java:logGet(43)) - raft.grpc.message.size.max = 33570816 (custom)
2019-09-24 22:59:14,790 [main] INFO  server.RaftServerConfigKeys (ConfUtils.java:logGet(43)) - raft.server.log.appender.buffer.byte-limit = 33554432 (custom)
2019-09-24 22:59:14,791 [main] INFO  server.GrpcService (ConfUtils.java:logGet(43)) - raft.grpc.flow.control.window = 1MB (=1048576) (default)
2019-09-24 22:59:14,791 [main] INFO  server.RaftServerConfigKeys (ConfUtils.java:logGet(43)) - raft.server.rpc.request.timeout = 3000ms (default)
2019-09-24 22:59:14,791 [main] INFO  server.RaftServerConfigKeys (ConfUtils.java:logGet(43)) - raft.server.storage.dir = [/workdir/hadoop-ozone/integration-test/target/test-dir/MiniOzoneClusterImpl-c5523c91-7035-4a19-985c-37f1f8f0fe10/datanode-1/data/ratis] (custom)
2019-09-24 22:59:14,793 [main] INFO  hdfs.DFSUtil (DFSUtil.java:httpServerTemplateForNNAndJN(1641)) - Starting Web-server for hddsDatanode at: http://0.0.0.0:0
2019-09-24 22:59:14,794 [main] INFO  server.AuthenticationFilter (AuthenticationFilter.java:constructSecretProvider(240)) - Unable to initialize FileSignerSecretProvider, falling back to use random secrets.
2019-09-24 22:59:14,795 [main] WARN  http.HttpRequestLog (HttpRequestLog.java:getRequestLog(97)) - Jetty request log can only be enabled using Log4j
2019-09-24 22:59:14,796 [main] INFO  http.HttpServer2 (HttpServer2.java:addGlobalFilter(975)) - Added global filter 'safety' (class=org.apache.hadoop.http.HttpServer2$QuotingInputFilter)
2019-09-24 22:59:14,797 [main] INFO  http.HttpServer2 (HttpServer2.java:addFilter(948)) - Added filter static_user_filter (class=org.apache.hadoop.http.lib.StaticUserWebFilter$StaticUserFilter) to context hddsDatanode
2019-09-24 22:59:14,797 [main] INFO  http.HttpServer2 (HttpServer2.java:addFilter(958)) - Added filter static_user_filter (class=org.apache.hadoop.http.lib.StaticUserWebFilter$StaticUserFilter) to context logs
2019-09-24 22:59:14,797 [main] INFO  http.HttpServer2 (HttpServer2.java:addFilter(958)) - Added filter static_user_filter (class=org.apache.hadoop.http.lib.StaticUserWebFilter$StaticUserFilter) to context static
2019-09-24 22:59:14,798 [main] INFO  http.HttpServer2 (HttpServer2.java:bindListener(1191)) - Jetty bound to port 40466
2019-09-24 22:59:14,798 [main] INFO  server.Server (Server.java:doStart(351)) - jetty-9.3.25.v20180904, build timestamp: 2018-09-04T21:11:46Z, git hash: 3ce520221d0240229c862b122d2b06c12a625732
2019-09-24 22:59:14,800 [main] INFO  handler.ContextHandler (ContextHandler.java:doStart(781)) - Started o.e.j.s.ServletContextHandler@b3e86d5{/logs,file:///workdir/hadoop-ozone/integration-test/target/log,AVAILABLE}
2019-09-24 22:59:14,800 [main] INFO  handler.ContextHandler (ContextHandler.java:doStart(781)) - Started o.e.j.s.ServletContextHandler@e111c7c{/static,jar:file:/home/user/.m2/repository/org/apache/hadoop/hadoop-hdds-container-service/0.5.0-SNAPSHOT/hadoop-hdds-container-service-0.5.0-SNAPSHOT.jar!/webapps/static,AVAILABLE}
2019-09-24 22:59:14,828 [main] INFO  handler.ContextHandler (ContextHandler.java:doStart(781)) - Started o.e.j.w.WebAppContext@670f2466{/,file:///tmp/jetty-0.0.0.0-40466-hddsDatanode-_-any-2726271225736809291.dir/webapp/,AVAILABLE}{/hddsDatanode}
2019-09-24 22:59:14,829 [main] INFO  server.AbstractConnector (AbstractConnector.java:doStart(278)) - Started ServerConnector@6e03db1f{HTTP/1.1,[http/1.1]}{0.0.0.0:40466}
2019-09-24 22:59:14,830 [main] INFO  server.Server (Server.java:doStart(419)) - Started @147959ms
2019-09-24 22:59:14,830 [main] WARN  impl.MetricsSystemImpl (MetricsSystemImpl.java:register(276)) - Sink prometheus already exists!
2019-09-24 22:59:14,831 [main] INFO  server.BaseHttpServer (BaseHttpServer.java:updateConnectorAddress(215)) - HTTP server of HDDSDATANODE is listening at http://0.0.0.0:40466
2019-09-24 22:59:14,831 [main] INFO  impl.MetricsSystemImpl (MetricsSystemImpl.java:init(158)) - HddsDatanode metrics system started (again)
2019-09-24 22:59:14,835 [main] INFO  ozone.HddsDatanodeService (HddsDatanodeService.java:start(184)) - HddsDatanodeService host:pr-hdds-2162-v2v4x-1150571016 ip:192.168.151.66
2019-09-24 22:59:14,835 [org.apache.hadoop.util.JvmPauseMonitor$Monitor@23f782d4] INFO  util.JvmPauseMonitor (JvmPauseMonitor.java:run(188)) - Starting JVM pause monitor
2019-09-24 22:59:14,838 [Datanode State Machine Thread - 0] INFO  datanode.InitDatanodeState (InitDatanodeState.java:persistContainerDatanodeDetails(140)) - DatanodeDetails is persisted to /workdir/hadoop-ozone/integration-test/target/test-dir/MiniOzoneClusterImpl-c5523c91-7035-4a19-985c-37f1f8f0fe10/datanode-1/meta/datanode.id
2019-09-24 22:59:14,840 [main] INFO  volume.HddsVolume (HddsVolume.java:<init>(176)) - Creating Volume: /workdir/hadoop-ozone/integration-test/target/test-dir/MiniOzoneClusterImpl-c5523c91-7035-4a19-985c-37f1f8f0fe10/datanode-2/data/containers/hdds of  storage type : DISK and capacity : 1482555576320
2019-09-24 22:59:14,841 [main] INFO  volume.VolumeSet (VolumeSet.java:initializeVolumeSet(170)) - Added Volume : /workdir/hadoop-ozone/integration-test/target/test-dir/MiniOzoneClusterImpl-c5523c91-7035-4a19-985c-37f1f8f0fe10/datanode-2/data/containers/hdds to VolumeSet
2019-09-24 22:59:14,841 [main] INFO  volume.ThrottledAsyncChecker (ThrottledAsyncChecker.java:schedule(139)) - Scheduling a check for org.apache.hadoop.ozone.container.common.volume.HddsVolume@7c37f145
2019-09-24 22:59:14,841 [main] INFO  volume.HddsVolumeChecker (HddsVolumeChecker.java:checkAllVolumes(202)) - Scheduled health check for volume org.apache.hadoop.ozone.container.common.volume.HddsVolume@7c37f145
2019-09-24 22:59:14,853 [main] INFO  impl.RaftServerProxy (ConfUtils.java:logGet(43)) - raft.rpc.type = GRPC (default)
2019-09-24 22:59:14,853 [main] INFO  grpc.GrpcFactory (GrpcFactory.java:checkPooledByteBufAllocatorUseCacheForAllThreads(45)) - PERFORMANCE WARNING: useCacheForAllThreads is true that may cause Netty to create a lot garbage objects and, as a result, trigger GC.
	It is recommended to disable useCacheForAllThreads by setting -Dorg.apache.ratis.thirdparty.io.netty.allocator.useCacheForAllThreads=false in command line.
2019-09-24 22:59:14,853 [main] INFO  grpc.GrpcConfigKeys$Server (ConfUtils.java:logGet(43)) - raft.grpc.server.port = 0 (default)
2019-09-24 22:59:14,854 [main] INFO  server.GrpcService (ConfUtils.java:logGet(43)) - raft.grpc.message.size.max = 33570816 (custom)
2019-09-24 22:59:14,854 [main] INFO  server.RaftServerConfigKeys (ConfUtils.java:logGet(43)) - raft.server.log.appender.buffer.byte-limit = 33554432 (custom)
2019-09-24 22:59:14,854 [main] INFO  server.GrpcService (ConfUtils.java:logGet(43)) - raft.grpc.flow.control.window = 1MB (=1048576) (default)
2019-09-24 22:59:14,854 [main] INFO  server.RaftServerConfigKeys (ConfUtils.java:logGet(43)) - raft.server.rpc.request.timeout = 3000ms (default)
2019-09-24 22:59:14,855 [main] INFO  server.RaftServerConfigKeys (ConfUtils.java:logGet(43)) - raft.server.storage.dir = [/workdir/hadoop-ozone/integration-test/target/test-dir/MiniOzoneClusterImpl-c5523c91-7035-4a19-985c-37f1f8f0fe10/datanode-2/data/ratis] (custom)
2019-09-24 22:59:14,856 [main] INFO  hdfs.DFSUtil (DFSUtil.java:httpServerTemplateForNNAndJN(1641)) - Starting Web-server for hddsDatanode at: http://0.0.0.0:0
2019-09-24 22:59:14,857 [main] INFO  server.AuthenticationFilter (AuthenticationFilter.java:constructSecretProvider(240)) - Unable to initialize FileSignerSecretProvider, falling back to use random secrets.
2019-09-24 22:59:14,857 [main] WARN  http.HttpRequestLog (HttpRequestLog.java:getRequestLog(97)) - Jetty request log can only be enabled using Log4j
2019-09-24 22:59:14,859 [main] INFO  http.HttpServer2 (HttpServer2.java:addGlobalFilter(975)) - Added global filter 'safety' (class=org.apache.hadoop.http.HttpServer2$QuotingInputFilter)
2019-09-24 22:59:14,859 [main] INFO  http.HttpServer2 (HttpServer2.java:addFilter(948)) - Added filter static_user_filter (class=org.apache.hadoop.http.lib.StaticUserWebFilter$StaticUserFilter) to context hddsDatanode
2019-09-24 22:59:14,859 [main] INFO  http.HttpServer2 (HttpServer2.java:addFilter(958)) - Added filter static_user_filter (class=org.apache.hadoop.http.lib.StaticUserWebFilter$StaticUserFilter) to context static
2019-09-24 22:59:14,859 [main] INFO  http.HttpServer2 (HttpServer2.java:addFilter(958)) - Added filter static_user_filter (class=org.apache.hadoop.http.lib.StaticUserWebFilter$StaticUserFilter) to context logs
2019-09-24 22:59:14,860 [main] INFO  http.HttpServer2 (HttpServer2.java:bindListener(1191)) - Jetty bound to port 43812
2019-09-24 22:59:14,860 [main] INFO  server.Server (Server.java:doStart(351)) - jetty-9.3.25.v20180904, build timestamp: 2018-09-04T21:11:46Z, git hash: 3ce520221d0240229c862b122d2b06c12a625732
2019-09-24 22:59:14,862 [main] INFO  handler.ContextHandler (ContextHandler.java:doStart(781)) - Started o.e.j.s.ServletContextHandler@6d091cad{/logs,file:///workdir/hadoop-ozone/integration-test/target/log,AVAILABLE}
2019-09-24 22:59:14,862 [main] INFO  handler.ContextHandler (ContextHandler.java:doStart(781)) - Started o.e.j.s.ServletContextHandler@3bb5ceb{/static,jar:file:/home/user/.m2/repository/org/apache/hadoop/hadoop-hdds-container-service/0.5.0-SNAPSHOT/hadoop-hdds-container-service-0.5.0-SNAPSHOT.jar!/webapps/static,AVAILABLE}
2019-09-24 22:59:14,889 [main] INFO  handler.ContextHandler (ContextHandler.java:doStart(781)) - Started o.e.j.w.WebAppContext@71adfedd{/,file:///tmp/jetty-0.0.0.0-43812-hddsDatanode-_-any-7612663833448868270.dir/webapp/,AVAILABLE}{/hddsDatanode}
2019-09-24 22:59:14,890 [main] INFO  server.AbstractConnector (AbstractConnector.java:doStart(278)) - Started ServerConnector@9301672{HTTP/1.1,[http/1.1]}{0.0.0.0:43812}
2019-09-24 22:59:14,891 [main] INFO  server.Server (Server.java:doStart(419)) - Started @148020ms
2019-09-24 22:59:14,891 [main] WARN  impl.MetricsSystemImpl (MetricsSystemImpl.java:register(276)) - Sink prometheus already exists!
2019-09-24 22:59:14,892 [main] INFO  server.BaseHttpServer (BaseHttpServer.java:updateConnectorAddress(215)) - HTTP server of HDDSDATANODE is listening at http://0.0.0.0:43812
2019-09-24 22:59:14,892 [main] INFO  impl.MetricsSystemImpl (MetricsSystemImpl.java:init(158)) - HddsDatanode metrics system started (again)
2019-09-24 22:59:14,896 [main] INFO  ozone.HddsDatanodeService (HddsDatanodeService.java:start(184)) - HddsDatanodeService host:pr-hdds-2162-v2v4x-1150571016 ip:192.168.151.66
2019-09-24 22:59:14,896 [org.apache.hadoop.util.JvmPauseMonitor$Monitor@489bc50c] INFO  util.JvmPauseMonitor (JvmPauseMonitor.java:run(188)) - Starting JVM pause monitor
2019-09-24 22:59:14,899 [Datanode State Machine Thread - 0] INFO  datanode.InitDatanodeState (InitDatanodeState.java:persistContainerDatanodeDetails(140)) - DatanodeDetails is persisted to /workdir/hadoop-ozone/integration-test/target/test-dir/MiniOzoneClusterImpl-c5523c91-7035-4a19-985c-37f1f8f0fe10/datanode-2/meta/datanode.id
2019-09-24 22:59:14,901 [main] INFO  volume.HddsVolume (HddsVolume.java:<init>(176)) - Creating Volume: /workdir/hadoop-ozone/integration-test/target/test-dir/MiniOzoneClusterImpl-c5523c91-7035-4a19-985c-37f1f8f0fe10/datanode-3/data/containers/hdds of  storage type : DISK and capacity : 1482555576320
2019-09-24 22:59:14,902 [main] INFO  volume.VolumeSet (VolumeSet.java:initializeVolumeSet(170)) - Added Volume : /workdir/hadoop-ozone/integration-test/target/test-dir/MiniOzoneClusterImpl-c5523c91-7035-4a19-985c-37f1f8f0fe10/datanode-3/data/containers/hdds to VolumeSet
2019-09-24 22:59:14,902 [main] INFO  volume.ThrottledAsyncChecker (ThrottledAsyncChecker.java:schedule(139)) - Scheduling a check for org.apache.hadoop.ozone.container.common.volume.HddsVolume@5a936e64
2019-09-24 22:59:14,902 [main] INFO  volume.HddsVolumeChecker (HddsVolumeChecker.java:checkAllVolumes(202)) - Scheduled health check for volume org.apache.hadoop.ozone.container.common.volume.HddsVolume@5a936e64
2019-09-24 22:59:14,914 [main] INFO  impl.RaftServerProxy (ConfUtils.java:logGet(43)) - raft.rpc.type = GRPC (default)
2019-09-24 22:59:14,915 [main] INFO  grpc.GrpcFactory (GrpcFactory.java:checkPooledByteBufAllocatorUseCacheForAllThreads(45)) - PERFORMANCE WARNING: useCacheForAllThreads is true that may cause Netty to create a lot garbage objects and, as a result, trigger GC.
	It is recommended to disable useCacheForAllThreads by setting -Dorg.apache.ratis.thirdparty.io.netty.allocator.useCacheForAllThreads=false in command line.
2019-09-24 22:59:14,915 [main] INFO  grpc.GrpcConfigKeys$Server (ConfUtils.java:logGet(43)) - raft.grpc.server.port = 0 (default)
2019-09-24 22:59:14,915 [main] INFO  server.GrpcService (ConfUtils.java:logGet(43)) - raft.grpc.message.size.max = 33570816 (custom)
2019-09-24 22:59:14,915 [main] INFO  server.RaftServerConfigKeys (ConfUtils.java:logGet(43)) - raft.server.log.appender.buffer.byte-limit = 33554432 (custom)
2019-09-24 22:59:14,915 [main] INFO  server.GrpcService (ConfUtils.java:logGet(43)) - raft.grpc.flow.control.window = 1MB (=1048576) (default)
2019-09-24 22:59:14,916 [main] INFO  server.RaftServerConfigKeys (ConfUtils.java:logGet(43)) - raft.server.rpc.request.timeout = 3000ms (default)
2019-09-24 22:59:14,916 [main] INFO  server.RaftServerConfigKeys (ConfUtils.java:logGet(43)) - raft.server.storage.dir = [/workdir/hadoop-ozone/integration-test/target/test-dir/MiniOzoneClusterImpl-c5523c91-7035-4a19-985c-37f1f8f0fe10/datanode-3/data/ratis] (custom)
2019-09-24 22:59:14,917 [main] INFO  hdfs.DFSUtil (DFSUtil.java:httpServerTemplateForNNAndJN(1641)) - Starting Web-server for hddsDatanode at: http://0.0.0.0:0
2019-09-24 22:59:14,919 [main] INFO  server.AuthenticationFilter (AuthenticationFilter.java:constructSecretProvider(240)) - Unable to initialize FileSignerSecretProvider, falling back to use random secrets.
2019-09-24 22:59:14,919 [main] WARN  http.HttpRequestLog (HttpRequestLog.java:getRequestLog(97)) - Jetty request log can only be enabled using Log4j
2019-09-24 22:59:14,920 [main] INFO  http.HttpServer2 (HttpServer2.java:addGlobalFilter(975)) - Added global filter 'safety' (class=org.apache.hadoop.http.HttpServer2$QuotingInputFilter)
2019-09-24 22:59:14,920 [main] INFO  http.HttpServer2 (HttpServer2.java:addFilter(948)) - Added filter static_user_filter (class=org.apache.hadoop.http.lib.StaticUserWebFilter$StaticUserFilter) to context hddsDatanode
2019-09-24 22:59:14,921 [main] INFO  http.HttpServer2 (HttpServer2.java:addFilter(958)) - Added filter static_user_filter (class=org.apache.hadoop.http.lib.StaticUserWebFilter$StaticUserFilter) to context static
2019-09-24 22:59:14,921 [main] INFO  http.HttpServer2 (HttpServer2.java:addFilter(958)) - Added filter static_user_filter (class=org.apache.hadoop.http.lib.StaticUserWebFilter$StaticUserFilter) to context logs
2019-09-24 22:59:14,921 [main] INFO  http.HttpServer2 (HttpServer2.java:bindListener(1191)) - Jetty bound to port 42603
2019-09-24 22:59:14,922 [main] INFO  server.Server (Server.java:doStart(351)) - jetty-9.3.25.v20180904, build timestamp: 2018-09-04T21:11:46Z, git hash: 3ce520221d0240229c862b122d2b06c12a625732
2019-09-24 22:59:14,923 [main] INFO  handler.ContextHandler (ContextHandler.java:doStart(781)) - Started o.e.j.s.ServletContextHandler@7a3b7122{/logs,file:///workdir/hadoop-ozone/integration-test/target/log,AVAILABLE}
2019-09-24 22:59:14,924 [main] INFO  handler.ContextHandler (ContextHandler.java:doStart(781)) - Started o.e.j.s.ServletContextHandler@25f15f50{/static,jar:file:/home/user/.m2/repository/org/apache/hadoop/hadoop-hdds-container-service/0.5.0-SNAPSHOT/hadoop-hdds-container-service-0.5.0-SNAPSHOT.jar!/webapps/static,AVAILABLE}
2019-09-24 22:59:14,951 [main] INFO  handler.ContextHandler (ContextHandler.java:doStart(781)) - Started o.e.j.w.WebAppContext@43c57161{/,file:///tmp/jetty-0.0.0.0-42603-hddsDatanode-_-any-3308887911294454744.dir/webapp/,AVAILABLE}{/hddsDatanode}
2019-09-24 22:59:14,951 [main] INFO  server.AbstractConnector (AbstractConnector.java:doStart(278)) - Started ServerConnector@d902300{HTTP/1.1,[http/1.1]}{0.0.0.0:42603}
2019-09-24 22:59:14,953 [main] INFO  server.Server (Server.java:doStart(419)) - Started @148081ms
2019-09-24 22:59:14,953 [main] WARN  impl.MetricsSystemImpl (MetricsSystemImpl.java:register(276)) - Sink prometheus already exists!
2019-09-24 22:59:14,953 [main] INFO  server.BaseHttpServer (BaseHttpServer.java:updateConnectorAddress(215)) - HTTP server of HDDSDATANODE is listening at http://0.0.0.0:42603
2019-09-24 22:59:14,954 [main] INFO  impl.MetricsSystemImpl (MetricsSystemImpl.java:init(158)) - HddsDatanode metrics system started (again)
2019-09-24 22:59:14,958 [main] INFO  ozone.HddsDatanodeService (HddsDatanodeService.java:start(184)) - HddsDatanodeService host:pr-hdds-2162-v2v4x-1150571016 ip:192.168.151.66
2019-09-24 22:59:14,958 [org.apache.hadoop.util.JvmPauseMonitor$Monitor@24c227c6] INFO  util.JvmPauseMonitor (JvmPauseMonitor.java:run(188)) - Starting JVM pause monitor
2019-09-24 22:59:14,961 [Datanode State Machine Thread - 0] INFO  datanode.InitDatanodeState (InitDatanodeState.java:persistContainerDatanodeDetails(140)) - DatanodeDetails is persisted to /workdir/hadoop-ozone/integration-test/target/test-dir/MiniOzoneClusterImpl-c5523c91-7035-4a19-985c-37f1f8f0fe10/datanode-3/meta/datanode.id
2019-09-24 22:59:14,963 [main] INFO  volume.HddsVolume (HddsVolume.java:<init>(176)) - Creating Volume: /workdir/hadoop-ozone/integration-test/target/test-dir/MiniOzoneClusterImpl-c5523c91-7035-4a19-985c-37f1f8f0fe10/datanode-4/data/containers/hdds of  storage type : DISK and capacity : 1482555576320
2019-09-24 22:59:14,964 [main] INFO  volume.VolumeSet (VolumeSet.java:initializeVolumeSet(170)) - Added Volume : /workdir/hadoop-ozone/integration-test/target/test-dir/MiniOzoneClusterImpl-c5523c91-7035-4a19-985c-37f1f8f0fe10/datanode-4/data/containers/hdds to VolumeSet
2019-09-24 22:59:14,964 [main] INFO  volume.ThrottledAsyncChecker (ThrottledAsyncChecker.java:schedule(139)) - Scheduling a check for org.apache.hadoop.ozone.container.common.volume.HddsVolume@64c781a9
2019-09-24 22:59:14,964 [main] INFO  volume.HddsVolumeChecker (HddsVolumeChecker.java:checkAllVolumes(202)) - Scheduled health check for volume org.apache.hadoop.ozone.container.common.volume.HddsVolume@64c781a9
2019-09-24 22:59:14,976 [main] INFO  impl.RaftServerProxy (ConfUtils.java:logGet(43)) - raft.rpc.type = GRPC (default)
2019-09-24 22:59:14,976 [main] INFO  grpc.GrpcFactory (GrpcFactory.java:checkPooledByteBufAllocatorUseCacheForAllThreads(45)) - PERFORMANCE WARNING: useCacheForAllThreads is true that may cause Netty to create a lot garbage objects and, as a result, trigger GC.
	It is recommended to disable useCacheForAllThreads by setting -Dorg.apache.ratis.thirdparty.io.netty.allocator.useCacheForAllThreads=false in command line.
2019-09-24 22:59:14,976 [main] INFO  grpc.GrpcConfigKeys$Server (ConfUtils.java:logGet(43)) - raft.grpc.server.port = 0 (default)
2019-09-24 22:59:14,976 [main] INFO  server.GrpcService (ConfUtils.java:logGet(43)) - raft.grpc.message.size.max = 33570816 (custom)
2019-09-24 22:59:14,976 [main] INFO  server.RaftServerConfigKeys (ConfUtils.java:logGet(43)) - raft.server.log.appender.buffer.byte-limit = 33554432 (custom)
2019-09-24 22:59:14,977 [main] INFO  server.GrpcService (ConfUtils.java:logGet(43)) - raft.grpc.flow.control.window = 1MB (=1048576) (default)
2019-09-24 22:59:14,977 [main] INFO  server.RaftServerConfigKeys (ConfUtils.java:logGet(43)) - raft.server.rpc.request.timeout = 3000ms (default)
2019-09-24 22:59:14,977 [main] INFO  server.RaftServerConfigKeys (ConfUtils.java:logGet(43)) - raft.server.storage.dir = [/workdir/hadoop-ozone/integration-test/target/test-dir/MiniOzoneClusterImpl-c5523c91-7035-4a19-985c-37f1f8f0fe10/datanode-4/data/ratis] (custom)
2019-09-24 22:59:14,978 [main] INFO  hdfs.DFSUtil (DFSUtil.java:httpServerTemplateForNNAndJN(1641)) - Starting Web-server for hddsDatanode at: http://0.0.0.0:0
2019-09-24 22:59:14,979 [main] INFO  server.AuthenticationFilter (AuthenticationFilter.java:constructSecretProvider(240)) - Unable to initialize FileSignerSecretProvider, falling back to use random secrets.
2019-09-24 22:59:14,980 [main] WARN  http.HttpRequestLog (HttpRequestLog.java:getRequestLog(97)) - Jetty request log can only be enabled using Log4j
2019-09-24 22:59:14,981 [main] INFO  http.HttpServer2 (HttpServer2.java:addGlobalFilter(975)) - Added global filter 'safety' (class=org.apache.hadoop.http.HttpServer2$QuotingInputFilter)
2019-09-24 22:59:14,981 [main] INFO  http.HttpServer2 (HttpServer2.java:addFilter(948)) - Added filter static_user_filter (class=org.apache.hadoop.http.lib.StaticUserWebFilter$StaticUserFilter) to context hddsDatanode
2019-09-24 22:59:14,982 [main] INFO  http.HttpServer2 (HttpServer2.java:addFilter(958)) - Added filter static_user_filter (class=org.apache.hadoop.http.lib.StaticUserWebFilter$StaticUserFilter) to context logs
2019-09-24 22:59:14,982 [main] INFO  http.HttpServer2 (HttpServer2.java:addFilter(958)) - Added filter static_user_filter (class=org.apache.hadoop.http.lib.StaticUserWebFilter$StaticUserFilter) to context static
2019-09-24 22:59:14,982 [main] INFO  http.HttpServer2 (HttpServer2.java:bindListener(1191)) - Jetty bound to port 33828
2019-09-24 22:59:14,983 [main] INFO  server.Server (Server.java:doStart(351)) - jetty-9.3.25.v20180904, build timestamp: 2018-09-04T21:11:46Z, git hash: 3ce520221d0240229c862b122d2b06c12a625732
2019-09-24 22:59:14,984 [main] INFO  handler.ContextHandler (ContextHandler.java:doStart(781)) - Started o.e.j.s.ServletContextHandler@430b2699{/logs,file:///workdir/hadoop-ozone/integration-test/target/log,AVAILABLE}
2019-09-24 22:59:14,985 [main] INFO  handler.ContextHandler (ContextHandler.java:doStart(781)) - Started o.e.j.s.ServletContextHandler@6413d7e7{/static,jar:file:/home/user/.m2/repository/org/apache/hadoop/hadoop-hdds-container-service/0.5.0-SNAPSHOT/hadoop-hdds-container-service-0.5.0-SNAPSHOT.jar!/webapps/static,AVAILABLE}
2019-09-24 22:59:15,012 [main] INFO  handler.ContextHandler (ContextHandler.java:doStart(781)) - Started o.e.j.w.WebAppContext@28a9494b{/,file:///tmp/jetty-0.0.0.0-33828-hddsDatanode-_-any-3775230540272965095.dir/webapp/,AVAILABLE}{/hddsDatanode}
2019-09-24 22:59:15,012 [main] INFO  server.AbstractConnector (AbstractConnector.java:doStart(278)) - Started ServerConnector@a09303{HTTP/1.1,[http/1.1]}{0.0.0.0:33828}
2019-09-24 22:59:15,014 [main] INFO  server.Server (Server.java:doStart(419)) - Started @148143ms
2019-09-24 22:59:15,014 [main] WARN  impl.MetricsSystemImpl (MetricsSystemImpl.java:register(276)) - Sink prometheus already exists!
2019-09-24 22:59:15,015 [main] INFO  server.BaseHttpServer (BaseHttpServer.java:updateConnectorAddress(215)) - HTTP server of HDDSDATANODE is listening at http://0.0.0.0:33828
2019-09-24 22:59:15,015 [main] INFO  impl.MetricsSystemImpl (MetricsSystemImpl.java:init(158)) - HddsDatanode metrics system started (again)
2019-09-24 22:59:15,019 [main] INFO  ozone.HddsDatanodeService (HddsDatanodeService.java:start(184)) - HddsDatanodeService host:pr-hdds-2162-v2v4x-1150571016 ip:192.168.151.66
2019-09-24 22:59:15,020 [org.apache.hadoop.util.JvmPauseMonitor$Monitor@249547f9] INFO  util.JvmPauseMonitor (JvmPauseMonitor.java:run(188)) - Starting JVM pause monitor
2019-09-24 22:59:15,021 [Datanode State Machine Thread - 0] INFO  datanode.InitDatanodeState (InitDatanodeState.java:persistContainerDatanodeDetails(140)) - DatanodeDetails is persisted to /workdir/hadoop-ozone/integration-test/target/test-dir/MiniOzoneClusterImpl-c5523c91-7035-4a19-985c-37f1f8f0fe10/datanode-4/meta/datanode.id
2019-09-24 22:59:15,025 [main] INFO  volume.HddsVolume (HddsVolume.java:<init>(176)) - Creating Volume: /workdir/hadoop-ozone/integration-test/target/test-dir/MiniOzoneClusterImpl-c5523c91-7035-4a19-985c-37f1f8f0fe10/datanode-5/data/containers/hdds of  storage type : DISK and capacity : 1482555576320
2019-09-24 22:59:15,025 [main] INFO  volume.VolumeSet (VolumeSet.java:initializeVolumeSet(170)) - Added Volume : /workdir/hadoop-ozone/integration-test/target/test-dir/MiniOzoneClusterImpl-c5523c91-7035-4a19-985c-37f1f8f0fe10/datanode-5/data/containers/hdds to VolumeSet
2019-09-24 22:59:15,026 [main] INFO  volume.ThrottledAsyncChecker (ThrottledAsyncChecker.java:schedule(139)) - Scheduling a check for org.apache.hadoop.ozone.container.common.volume.HddsVolume@6968c1d6
2019-09-24 22:59:15,026 [main] INFO  volume.HddsVolumeChecker (HddsVolumeChecker.java:checkAllVolumes(202)) - Scheduled health check for volume org.apache.hadoop.ozone.container.common.volume.HddsVolume@6968c1d6
2019-09-24 22:59:15,039 [main] INFO  impl.RaftServerProxy (ConfUtils.java:logGet(43)) - raft.rpc.type = GRPC (default)
2019-09-24 22:59:15,039 [main] INFO  grpc.GrpcFactory (GrpcFactory.java:checkPooledByteBufAllocatorUseCacheForAllThreads(45)) - PERFORMANCE WARNING: useCacheForAllThreads is true that may cause Netty to create a lot garbage objects and, as a result, trigger GC.
	It is recommended to disable useCacheForAllThreads by setting -Dorg.apache.ratis.thirdparty.io.netty.allocator.useCacheForAllThreads=false in command line.
2019-09-24 22:59:15,039 [main] INFO  grpc.GrpcConfigKeys$Server (ConfUtils.java:logGet(43)) - raft.grpc.server.port = 0 (default)
2019-09-24 22:59:15,039 [main] INFO  server.GrpcService (ConfUtils.java:logGet(43)) - raft.grpc.message.size.max = 33570816 (custom)
2019-09-24 22:59:15,040 [main] INFO  server.RaftServerConfigKeys (ConfUtils.java:logGet(43)) - raft.server.log.appender.buffer.byte-limit = 33554432 (custom)
2019-09-24 22:59:15,040 [main] INFO  server.GrpcService (ConfUtils.java:logGet(43)) - raft.grpc.flow.control.window = 1MB (=1048576) (default)
2019-09-24 22:59:15,040 [main] INFO  server.RaftServerConfigKeys (ConfUtils.java:logGet(43)) - raft.server.rpc.request.timeout = 3000ms (default)
2019-09-24 22:59:15,040 [main] INFO  server.RaftServerConfigKeys (ConfUtils.java:logGet(43)) - raft.server.storage.dir = [/workdir/hadoop-ozone/integration-test/target/test-dir/MiniOzoneClusterImpl-c5523c91-7035-4a19-985c-37f1f8f0fe10/datanode-5/data/ratis] (custom)
2019-09-24 22:59:15,043 [main] INFO  hdfs.DFSUtil (DFSUtil.java:httpServerTemplateForNNAndJN(1641)) - Starting Web-server for hddsDatanode at: http://0.0.0.0:0
2019-09-24 22:59:15,044 [main] INFO  server.AuthenticationFilter (AuthenticationFilter.java:constructSecretProvider(240)) - Unable to initialize FileSignerSecretProvider, falling back to use random secrets.
2019-09-24 22:59:15,044 [main] WARN  http.HttpRequestLog (HttpRequestLog.java:getRequestLog(97)) - Jetty request log can only be enabled using Log4j
2019-09-24 22:59:15,045 [main] INFO  http.HttpServer2 (HttpServer2.java:addGlobalFilter(975)) - Added global filter 'safety' (class=org.apache.hadoop.http.HttpServer2$QuotingInputFilter)
2019-09-24 22:59:15,046 [main] INFO  http.HttpServer2 (HttpServer2.java:addFilter(948)) - Added filter static_user_filter (class=org.apache.hadoop.http.lib.StaticUserWebFilter$StaticUserFilter) to context hddsDatanode
2019-09-24 22:59:15,046 [main] INFO  http.HttpServer2 (HttpServer2.java:addFilter(958)) - Added filter static_user_filter (class=org.apache.hadoop.http.lib.StaticUserWebFilter$StaticUserFilter) to context logs
2019-09-24 22:59:15,046 [main] INFO  http.HttpServer2 (HttpServer2.java:addFilter(958)) - Added filter static_user_filter (class=org.apache.hadoop.http.lib.StaticUserWebFilter$StaticUserFilter) to context static
2019-09-24 22:59:15,047 [main] INFO  http.HttpServer2 (HttpServer2.java:bindListener(1191)) - Jetty bound to port 41209
2019-09-24 22:59:15,047 [main] INFO  server.Server (Server.java:doStart(351)) - jetty-9.3.25.v20180904, build timestamp: 2018-09-04T21:11:46Z, git hash: 3ce520221d0240229c862b122d2b06c12a625732
2019-09-24 22:59:15,048 [main] INFO  handler.ContextHandler (ContextHandler.java:doStart(781)) - Started o.e.j.s.ServletContextHandler@3472947a{/logs,file:///workdir/hadoop-ozone/integration-test/target/log,AVAILABLE}
2019-09-24 22:59:15,049 [main] INFO  handler.ContextHandler (ContextHandler.java:doStart(781)) - Started o.e.j.s.ServletContextHandler@3a3ed300{/static,jar:file:/home/user/.m2/repository/org/apache/hadoop/hadoop-hdds-container-service/0.5.0-SNAPSHOT/hadoop-hdds-container-service-0.5.0-SNAPSHOT.jar!/webapps/static,AVAILABLE}
2019-09-24 22:59:15,076 [main] INFO  handler.ContextHandler (ContextHandler.java:doStart(781)) - Started o.e.j.w.WebAppContext@16736040{/,file:///tmp/jetty-0.0.0.0-41209-hddsDatanode-_-any-2340447993409344226.dir/webapp/,AVAILABLE}{/hddsDatanode}
2019-09-24 22:59:15,076 [main] INFO  server.AbstractConnector (AbstractConnector.java:doStart(278)) - Started ServerConnector@7c5d1d25{HTTP/1.1,[http/1.1]}{0.0.0.0:41209}
2019-09-24 22:59:15,078 [main] INFO  server.Server (Server.java:doStart(419)) - Started @148207ms
2019-09-24 22:59:15,078 [main] WARN  impl.MetricsSystemImpl (MetricsSystemImpl.java:register(276)) - Sink prometheus already exists!
2019-09-24 22:59:15,079 [main] INFO  server.BaseHttpServer (BaseHttpServer.java:updateConnectorAddress(215)) - HTTP server of HDDSDATANODE is listening at http://0.0.0.0:41209
2019-09-24 22:59:15,079 [main] INFO  ozone.MiniOzoneClusterImpl (MiniOzoneClusterImpl.java:lambda$waitForClusterToBeReady$0(147)) - Waiting for cluster to be ready. Got 0 of 6 DN Heartbeats.
2019-09-24 22:59:15,083 [org.apache.hadoop.util.JvmPauseMonitor$Monitor@2038e266] INFO  util.JvmPauseMonitor (JvmPauseMonitor.java:run(188)) - Starting JVM pause monitor
2019-09-24 22:59:15,086 [Datanode State Machine Thread - 0] INFO  datanode.InitDatanodeState (InitDatanodeState.java:persistContainerDatanodeDetails(140)) - DatanodeDetails is persisted to /workdir/hadoop-ozone/integration-test/target/test-dir/MiniOzoneClusterImpl-c5523c91-7035-4a19-985c-37f1f8f0fe10/datanode-5/meta/datanode.id
2019-09-24 22:59:16,080 [main] INFO  ozone.MiniOzoneClusterImpl (MiniOzoneClusterImpl.java:lambda$waitForClusterToBeReady$0(147)) - Waiting for cluster to be ready. Got 0 of 6 DN Heartbeats.
2019-09-24 22:59:16,805 [Datanode State Machine Thread - 0] INFO  ozoneimpl.OzoneContainer (OzoneContainer.java:start(217)) - Attempting to start container services.
2019-09-24 22:59:16,808 [Datanode State Machine Thread - 0] INFO  ozoneimpl.OzoneContainer (OzoneContainer.java:startContainerScrub(179)) - Background container scanner has been disabled.
2019-09-24 22:59:16,808 [Datanode State Machine Thread - 0] INFO  ratis.XceiverServerRatis (XceiverServerRatis.java:start(411)) - Starting XceiverServerRatis 71bc6376-fb27-42ba-997c-6c3cc97d63c8 at port 0
2019-09-24 22:59:16,815 [Datanode State Machine Thread - 0] INFO  impl.RaftServerProxy (RaftServerProxy.java:lambda$start$3(299)) - 71bc6376-fb27-42ba-997c-6c3cc97d63c8: start RPC server
2019-09-24 22:59:16,819 [Datanode State Machine Thread - 0] INFO  server.GrpcService (GrpcService.java:startImpl(158)) - 71bc6376-fb27-42ba-997c-6c3cc97d63c8: GrpcService started, listening on 0.0.0.0/0.0.0.0:39431
2019-09-24 22:59:16,819 [Datanode State Machine Thread - 0] INFO  ratis.XceiverServerRatis (XceiverServerRatis.java:start(421)) - XceiverServerRatis 71bc6376-fb27-42ba-997c-6c3cc97d63c8 is started using port 39431
2019-09-24 22:59:16,821 [Datanode State Machine Thread - 0] INFO  server.XceiverServerGrpc (XceiverServerGrpc.java:start(149)) - XceiverServerGrpc 71bc6376-fb27-42ba-997c-6c3cc97d63c8 is started using port 34742
2019-09-24 22:59:16,860 [Datanode State Machine Thread - 0] INFO  ozoneimpl.OzoneContainer (OzoneContainer.java:start(217)) - Attempting to start container services.
2019-09-24 22:59:16,863 [Datanode State Machine Thread - 0] INFO  ozoneimpl.OzoneContainer (OzoneContainer.java:startContainerScrub(179)) - Background container scanner has been disabled.
2019-09-24 22:59:16,863 [Datanode State Machine Thread - 0] INFO  ratis.XceiverServerRatis (XceiverServerRatis.java:start(411)) - Starting XceiverServerRatis 388b7cca-9c2c-4db0-aaac-d908992fc736 at port 0
2019-09-24 22:59:16,871 [Datanode State Machine Thread - 0] INFO  impl.RaftServerProxy (RaftServerProxy.java:lambda$start$3(299)) - 388b7cca-9c2c-4db0-aaac-d908992fc736: start RPC server
2019-09-24 22:59:16,874 [Datanode State Machine Thread - 0] INFO  server.GrpcService (GrpcService.java:startImpl(158)) - 388b7cca-9c2c-4db0-aaac-d908992fc736: GrpcService started, listening on 0.0.0.0/0.0.0.0:36990
2019-09-24 22:59:16,874 [Datanode State Machine Thread - 0] INFO  ratis.XceiverServerRatis (XceiverServerRatis.java:start(421)) - XceiverServerRatis 388b7cca-9c2c-4db0-aaac-d908992fc736 is started using port 36990
2019-09-24 22:59:16,875 [Datanode State Machine Thread - 0] INFO  server.XceiverServerGrpc (XceiverServerGrpc.java:start(149)) - XceiverServerGrpc 388b7cca-9c2c-4db0-aaac-d908992fc736 is started using port 33302
2019-09-24 22:59:16,910 [Datanode State Machine Thread - 0] INFO  ozoneimpl.OzoneContainer (OzoneContainer.java:start(217)) - Attempting to start container services.
2019-09-24 22:59:16,918 [Datanode State Machine Thread - 0] INFO  ozoneimpl.OzoneContainer (OzoneContainer.java:startContainerScrub(179)) - Background container scanner has been disabled.
2019-09-24 22:59:16,918 [Datanode State Machine Thread - 0] INFO  ratis.XceiverServerRatis (XceiverServerRatis.java:start(411)) - Starting XceiverServerRatis aaae994b-a16f-4482-b826-2f4e81d538e1 at port 0
2019-09-24 22:59:16,926 [Datanode State Machine Thread - 0] INFO  impl.RaftServerProxy (RaftServerProxy.java:lambda$start$3(299)) - aaae994b-a16f-4482-b826-2f4e81d538e1: start RPC server
2019-09-24 22:59:16,928 [Datanode State Machine Thread - 0] INFO  server.GrpcService (GrpcService.java:startImpl(158)) - aaae994b-a16f-4482-b826-2f4e81d538e1: GrpcService started, listening on 0.0.0.0/0.0.0.0:41609
2019-09-24 22:59:16,928 [Datanode State Machine Thread - 0] INFO  ratis.XceiverServerRatis (XceiverServerRatis.java:start(421)) - XceiverServerRatis aaae994b-a16f-4482-b826-2f4e81d538e1 is started using port 41609
2019-09-24 22:59:16,929 [Datanode State Machine Thread - 0] INFO  server.XceiverServerGrpc (XceiverServerGrpc.java:start(149)) - XceiverServerGrpc aaae994b-a16f-4482-b826-2f4e81d538e1 is started using port 38159
2019-09-24 22:59:16,972 [Datanode State Machine Thread - 0] INFO  ozoneimpl.OzoneContainer (OzoneContainer.java:start(217)) - Attempting to start container services.
2019-09-24 22:59:16,973 [Datanode State Machine Thread - 0] INFO  ozoneimpl.OzoneContainer (OzoneContainer.java:startContainerScrub(179)) - Background container scanner has been disabled.
2019-09-24 22:59:16,974 [Datanode State Machine Thread - 0] INFO  ratis.XceiverServerRatis (XceiverServerRatis.java:start(411)) - Starting XceiverServerRatis 3a9ef4cb-9f73-43f2-9ef0-73623fc2079e at port 0
2019-09-24 22:59:16,982 [Datanode State Machine Thread - 0] INFO  impl.RaftServerProxy (RaftServerProxy.java:lambda$start$3(299)) - 3a9ef4cb-9f73-43f2-9ef0-73623fc2079e: start RPC server
2019-09-24 22:59:16,984 [Datanode State Machine Thread - 0] INFO  server.GrpcService (GrpcService.java:startImpl(158)) - 3a9ef4cb-9f73-43f2-9ef0-73623fc2079e: GrpcService started, listening on 0.0.0.0/0.0.0.0:39459
2019-09-24 22:59:16,984 [Datanode State Machine Thread - 0] INFO  ratis.XceiverServerRatis (XceiverServerRatis.java:start(421)) - XceiverServerRatis 3a9ef4cb-9f73-43f2-9ef0-73623fc2079e is started using port 39459
2019-09-24 22:59:16,987 [Datanode State Machine Thread - 0] INFO  server.XceiverServerGrpc (XceiverServerGrpc.java:start(149)) - XceiverServerGrpc 3a9ef4cb-9f73-43f2-9ef0-73623fc2079e is started using port 34464
2019-09-24 22:59:17,034 [Datanode State Machine Thread - 0] INFO  ozoneimpl.OzoneContainer (OzoneContainer.java:start(217)) - Attempting to start container services.
2019-09-24 22:59:17,034 [Datanode State Machine Thread - 0] INFO  ozoneimpl.OzoneContainer (OzoneContainer.java:startContainerScrub(179)) - Background container scanner has been disabled.
2019-09-24 22:59:17,034 [Datanode State Machine Thread - 0] INFO  ratis.XceiverServerRatis (XceiverServerRatis.java:start(411)) - Starting XceiverServerRatis 4b299780-dc83-45c0-badb-1ce934706cf1 at port 0
2019-09-24 22:59:17,043 [Datanode State Machine Thread - 0] INFO  impl.RaftServerProxy (RaftServerProxy.java:lambda$start$3(299)) - 4b299780-dc83-45c0-badb-1ce934706cf1: start RPC server
2019-09-24 22:59:17,045 [Datanode State Machine Thread - 0] INFO  server.GrpcService (GrpcService.java:startImpl(158)) - 4b299780-dc83-45c0-badb-1ce934706cf1: GrpcService started, listening on 0.0.0.0/0.0.0.0:34891
2019-09-24 22:59:17,046 [Datanode State Machine Thread - 0] INFO  ratis.XceiverServerRatis (XceiverServerRatis.java:start(421)) - XceiverServerRatis 4b299780-dc83-45c0-badb-1ce934706cf1 is started using port 34891
2019-09-24 22:59:17,048 [Datanode State Machine Thread - 0] INFO  server.XceiverServerGrpc (XceiverServerGrpc.java:start(149)) - XceiverServerGrpc 4b299780-dc83-45c0-badb-1ce934706cf1 is started using port 41455
2019-09-24 22:59:17,080 [main] INFO  ozone.MiniOzoneClusterImpl (MiniOzoneClusterImpl.java:lambda$waitForClusterToBeReady$0(147)) - Waiting for cluster to be ready. Got 0 of 6 DN Heartbeats.
2019-09-24 22:59:17,108 [Datanode State Machine Thread - 0] INFO  ozoneimpl.OzoneContainer (OzoneContainer.java:start(217)) - Attempting to start container services.
2019-09-24 22:59:17,110 [Datanode State Machine Thread - 0] INFO  ozoneimpl.OzoneContainer (OzoneContainer.java:startContainerScrub(179)) - Background container scanner has been disabled.
2019-09-24 22:59:17,110 [Datanode State Machine Thread - 0] INFO  ratis.XceiverServerRatis (XceiverServerRatis.java:start(411)) - Starting XceiverServerRatis 8cdd0bc1-cb69-4d0a-8907-e53e57dcd550 at port 0
2019-09-24 22:59:17,118 [Datanode State Machine Thread - 0] INFO  impl.RaftServerProxy (RaftServerProxy.java:lambda$start$3(299)) - 8cdd0bc1-cb69-4d0a-8907-e53e57dcd550: start RPC server
2019-09-24 22:59:17,121 [Datanode State Machine Thread - 0] INFO  server.GrpcService (GrpcService.java:startImpl(158)) - 8cdd0bc1-cb69-4d0a-8907-e53e57dcd550: GrpcService started, listening on 0.0.0.0/0.0.0.0:44259
2019-09-24 22:59:17,121 [Datanode State Machine Thread - 0] INFO  ratis.XceiverServerRatis (XceiverServerRatis.java:start(421)) - XceiverServerRatis 8cdd0bc1-cb69-4d0a-8907-e53e57dcd550 is started using port 44259
2019-09-24 22:59:17,132 [Datanode State Machine Thread - 0] INFO  server.XceiverServerGrpc (XceiverServerGrpc.java:start(149)) - XceiverServerGrpc 8cdd0bc1-cb69-4d0a-8907-e53e57dcd550 is started using port 45336
2019-09-24 22:59:18,081 [main] INFO  ozone.MiniOzoneClusterImpl (MiniOzoneClusterImpl.java:lambda$waitForClusterToBeReady$0(147)) - Waiting for cluster to be ready. Got 0 of 6 DN Heartbeats.
2019-09-24 22:59:18,776 [IPC Server handler 2 on 45036] INFO  net.NetworkTopology (NetworkTopologyImpl.java:add(111)) - Added a new node: /default-rack/71bc6376-fb27-42ba-997c-6c3cc97d63c8
2019-09-24 22:59:18,779 [IPC Server handler 2 on 45036] INFO  node.SCMNodeManager (SCMNodeManager.java:register(266)) - Registered Data node : 71bc6376-fb27-42ba-997c-6c3cc97d63c8{ip: 192.168.151.66, host: pr-hdds-2162-v2v4x-1150571016, networkLocation: /default-rack, certSerialId: null}
2019-09-24 22:59:18,780 [EventQueue-NodeRegistrationContainerReportForDataNodeSafeModeRule] INFO  safemode.SCMSafeModeManager (DataNodeSafeModeRule.java:process(71)) - SCM in safe mode. 1 DataNodes registered, 1 required.
2019-09-24 22:59:18,782 [EventQueue-NodeRegistrationContainerReportForContainerSafeModeRule] INFO  safemode.SCMSafeModeManager (SCMSafeModeManager.java:validateSafeModeExitRules(177)) - ScmSafeModeManager, all rules are successfully validated
2019-09-24 22:59:18,782 [EventQueue-NodeRegistrationContainerReportForContainerSafeModeRule] INFO  safemode.SCMSafeModeManager (SCMSafeModeManager.java:exitSafeMode(193)) - SCM exiting safe mode.
2019-09-24 22:59:18,802 [grpc-default-executor-0] INFO  impl.RaftServerProxy (RaftServerProxy.java:addNew(89)) - 71bc6376-fb27-42ba-997c-6c3cc97d63c8: addNew group-3601AE265661:[71bc6376-fb27-42ba-997c-6c3cc97d63c8:192.168.151.66:39431] returns group-3601AE265661:java.util.concurrent.CompletableFuture@1a0ddfa6[Not completed]
2019-09-24 22:59:18,803 [pool-147-thread-1] INFO  impl.RaftServerImpl (RaftServerImpl.java:<init>(95)) - 71bc6376-fb27-42ba-997c-6c3cc97d63c8: new RaftServerImpl for group-3601AE265661:[71bc6376-fb27-42ba-997c-6c3cc97d63c8:192.168.151.66:39431] with ContainerStateMachine:uninitialized
2019-09-24 22:59:18,804 [pool-147-thread-1] INFO  server.RaftServerConfigKeys (ConfUtils.java:logGet(43)) - raft.server.rpc.timeout.min = 1s (custom)
2019-09-24 22:59:18,804 [pool-147-thread-1] INFO  server.RaftServerConfigKeys (ConfUtils.java:logGet(43)) - raft.server.rpc.timeout.max = 1200ms (custom)
2019-09-24 22:59:18,804 [pool-147-thread-1] INFO  server.RaftServerConfigKeys (ConfUtils.java:logGet(43)) - raft.server.rpcslowness.timeout = 120s (custom)
2019-09-24 22:59:18,804 [pool-147-thread-1] INFO  server.RaftServerConfigKeys (ConfUtils.java:logGet(43)) - raft.server.sleep.deviation.threshold = 300 (default)
2019-09-24 22:59:18,804 [pool-147-thread-1] INFO  server.RaftServerConfigKeys (ConfUtils.java:logGet(43)) - raft.server.log.appender.install.snapshot.enabled = false (custom)
2019-09-24 22:59:18,805 [pool-147-thread-1] INFO  impl.RaftServerImpl (ServerState.java:<init>(103)) - 71bc6376-fb27-42ba-997c-6c3cc97d63c8@group-3601AE265661: ConfigurationManager, init=-1: [71bc6376-fb27-42ba-997c-6c3cc97d63c8:192.168.151.66:39431], old=null, confs=<EMPTY_MAP>
2019-09-24 22:59:18,805 [pool-147-thread-1] INFO  server.RaftServerConfigKeys (ConfUtils.java:logGet(43)) - raft.server.storage.dir = [/workdir/hadoop-ozone/integration-test/target/test-dir/MiniOzoneClusterImpl-c5523c91-7035-4a19-985c-37f1f8f0fe10/datanode-0/data/ratis] (custom)
2019-09-24 22:59:18,805 [pool-147-thread-1] INFO  storage.RaftStorageDirectory (RaftStorageDirectory.java:analyzeStorage(246)) - The storage directory /workdir/hadoop-ozone/integration-test/target/test-dir/MiniOzoneClusterImpl-c5523c91-7035-4a19-985c-37f1f8f0fe10/datanode-0/data/ratis/7701e3c2-2df7-42e0-b935-3601ae265661 does not exist. Creating ...
2019-09-24 22:59:18,830 [pool-147-thread-1] INFO  storage.RaftStorageDirectory (RaftStorageDirectory.java:tryLock(328)) - Lock on /workdir/hadoop-ozone/integration-test/target/test-dir/MiniOzoneClusterImpl-c5523c91-7035-4a19-985c-37f1f8f0fe10/datanode-0/data/ratis/7701e3c2-2df7-42e0-b935-3601ae265661/in_use.lock acquired by nodename 5417@pr-hdds-2162-v2v4x-1150571016
2019-09-24 22:59:18,837 [IPC Server handler 3 on 45036] INFO  net.NetworkTopology (NetworkTopologyImpl.java:add(111)) - Added a new node: /default-rack/388b7cca-9c2c-4db0-aaac-d908992fc736
2019-09-24 22:59:18,837 [IPC Server handler 3 on 45036] INFO  node.SCMNodeManager (SCMNodeManager.java:register(266)) - Registered Data node : 388b7cca-9c2c-4db0-aaac-d908992fc736{ip: 192.168.151.66, host: pr-hdds-2162-v2v4x-1150571016, networkLocation: /default-rack, certSerialId: null}
2019-09-24 22:59:18,843 [pool-147-thread-1] INFO  storage.RaftStorage (RaftStorage.java:format(72)) - Storage directory /workdir/hadoop-ozone/integration-test/target/test-dir/MiniOzoneClusterImpl-c5523c91-7035-4a19-985c-37f1f8f0fe10/datanode-0/data/ratis/7701e3c2-2df7-42e0-b935-3601ae265661 has been successfully formatted.
2019-09-24 22:59:18,843 [pool-147-thread-1] INFO  ratis.ContainerStateMachine (ContainerStateMachine.java:loadSnapshot(230)) - group-3601AE265661: The snapshot info is null. Setting the last applied indexto:(t:0, i:~)
2019-09-24 22:59:18,843 [pool-147-thread-1] INFO  server.RaftServerConfigKeys (ConfUtils.java:logGet(43)) - raft.server.notification.no-leader.timeout = 120s (custom)
2019-09-24 22:59:18,844 [pool-147-thread-1] INFO  server.RaftServerConfigKeys (ConfUtils.java:logGet(43)) - raft.server.log.use.memory = false (default)
2019-09-24 22:59:18,844 [pool-147-thread-1] INFO  server.RaftServerConfigKeys (ConfUtils.java:logGet(43)) - raft.server.log.purge.gap = 1000000 (custom)
2019-09-24 22:59:18,844 [pool-147-thread-1] INFO  server.RaftServerConfigKeys (ConfUtils.java:logGet(43)) - raft.server.log.appender.buffer.byte-limit = 33554432 (custom)
2019-09-24 22:59:18,844 [pool-147-thread-1] INFO  server.RaftServerConfigKeys (ConfUtils.java:logGet(43)) - raft.server.log.segment.size.max = 1048576 (custom)
2019-09-24 22:59:18,844 [pool-147-thread-1] INFO  server.RaftServerConfigKeys (ConfUtils.java:logGet(43)) - raft.server.log.segment.cache.num.max = 2 (custom)
2019-09-24 22:59:18,844 [pool-147-thread-1] INFO  segmented.SegmentedRaftLogWorker (SegmentedRaftLogWorker.java:<init>(172)) - new 71bc6376-fb27-42ba-997c-6c3cc97d63c8@group-3601AE265661-SegmentedRaftLogWorker for RaftStorage:Storage Directory /workdir/hadoop-ozone/integration-test/target/test-dir/MiniOzoneClusterImpl-c5523c91-7035-4a19-985c-37f1f8f0fe10/datanode-0/data/ratis/7701e3c2-2df7-42e0-b935-3601ae265661
2019-09-24 22:59:18,847 [pool-147-thread-1] INFO  server.RaftServerConfigKeys (ConfUtils.java:logGet(43)) - raft.server.log.queue.byte-limit = 2147483647 (custom)
2019-09-24 22:59:18,847 [pool-147-thread-1] INFO  server.RaftServerConfigKeys (ConfUtils.java:logGet(43)) - raft.server.log.queue.element-limit = 1024 (custom)
2019-09-24 22:59:18,847 [pool-147-thread-1] INFO  server.RaftServerConfigKeys (ConfUtils.java:logGet(43)) - raft.server.log.segment.size.max = 1048576 (custom)
2019-09-24 22:59:18,847 [pool-147-thread-1] INFO  server.RaftServerConfigKeys (ConfUtils.java:logGet(43)) - raft.server.log.preallocated.size = 16384 (custom)
2019-09-24 22:59:18,847 [pool-147-thread-1] INFO  server.RaftServerConfigKeys (ConfUtils.java:logGet(43)) - raft.server.log.write.buffer.size = 33554432 (custom)
2019-09-24 22:59:18,847 [pool-147-thread-1] INFO  server.RaftServerConfigKeys (ConfUtils.java:logGet(43)) - raft.server.log.force.sync.num = 128 (default)
2019-09-24 22:59:18,848 [pool-147-thread-1] INFO  server.RaftServerConfigKeys (ConfUtils.java:logGet(43)) - raft.server.log.statemachine.data.sync = true (default)
2019-09-24 22:59:18,848 [pool-147-thread-1] INFO  server.RaftServerConfigKeys (ConfUtils.java:logGet(43)) - raft.server.log.statemachine.data.sync.timeout = 10s (default)
2019-09-24 22:59:18,848 [pool-147-thread-1] INFO  server.RaftServerConfigKeys (ConfUtils.java:logGet(43)) - raft.server.log.statemachine.data.sync.timeout.retry = -1 (default)
2019-09-24 22:59:18,848 [pool-147-thread-1] INFO  server.RaftServerConfigKeys (ConfUtils.java:logGet(43)) - raft.server.log.statemachine.data.caching.enabled = true (custom)
2019-09-24 22:59:18,849 [pool-147-thread-1] INFO  segmented.SegmentedRaftLogWorker (SegmentedRaftLogWorker.java:lambda$new$0(132)) - 71bc6376-fb27-42ba-997c-6c3cc97d63c8@group-3601AE265661-SegmentedRaftLogWorker: flushIndex: setUnconditionally 0 -> -1
2019-09-24 22:59:18,849 [pool-147-thread-1] INFO  server.RaftServerConfigKeys (ConfUtils.java:logGet(43)) - raft.server.snapshot.auto.trigger.enabled = true (custom)
2019-09-24 22:59:18,849 [pool-147-thread-1] INFO  server.RaftServerConfigKeys (ConfUtils.java:logGet(43)) - raft.server.snapshot.auto.trigger.threshold = 10000 (custom)
2019-09-24 22:59:18,849 [pool-147-thread-1] INFO  server.RaftServerConfigKeys (ConfUtils.java:logGet(43)) - raft.server.snapshot.retention.num.files = 5 (custom)
2019-09-24 22:59:18,849 [pool-147-thread-1] INFO  server.RaftServerConfigKeys (ConfUtils.java:logGet(43)) - raft.server.retrycache.expirytime = 600000ms (custom)
2019-09-24 22:59:18,851 [pool-147-thread-1] INFO  impl.RaftServerImpl (RaftServerImpl.java:start(185)) - 71bc6376-fb27-42ba-997c-6c3cc97d63c8@group-3601AE265661: start as a follower, conf=-1: [71bc6376-fb27-42ba-997c-6c3cc97d63c8:192.168.151.66:39431], old=null
2019-09-24 22:59:18,852 [pool-147-thread-1] INFO  impl.RaftServerImpl (RaftServerImpl.java:setRole(174)) - 71bc6376-fb27-42ba-997c-6c3cc97d63c8@group-3601AE265661: changes role from      null to FOLLOWER at term 0 for startAsFollower
2019-09-24 22:59:18,852 [pool-147-thread-1] INFO  impl.RoleInfo (RoleInfo.java:updateAndGet(143)) - 71bc6376-fb27-42ba-997c-6c3cc97d63c8: start FollowerState
2019-09-24 22:59:18,865 [pool-147-thread-1] INFO  util.JmxRegister (JmxRegister.java:tryRegister(44)) - Successfully registered JMX Bean with object name Ratis:service=RaftServer,group=group-3601AE265661,id=71bc6376-fb27-42ba-997c-6c3cc97d63c8
2019-09-24 22:59:18,879 [RatisPipelineUtilsThread] INFO  pipeline.PipelineStateManager (PipelineStateManager.java:addPipeline(56)) - Created pipeline Pipeline[ Id: 7701e3c2-2df7-42e0-b935-3601ae265661, Nodes: 71bc6376-fb27-42ba-997c-6c3cc97d63c8{ip: 192.168.151.66, host: pr-hdds-2162-v2v4x-1150571016, networkLocation: /default-rack, certSerialId: null}, Type:RATIS, Factor:ONE, State:OPEN]
2019-09-24 22:59:18,890 [grpc-default-executor-0] INFO  impl.RaftServerProxy (RaftServerProxy.java:addNew(89)) - 388b7cca-9c2c-4db0-aaac-d908992fc736: addNew group-F20BA7A4CC31:[388b7cca-9c2c-4db0-aaac-d908992fc736:192.168.151.66:36990] returns group-F20BA7A4CC31:java.util.concurrent.CompletableFuture@e262e64[Not completed]
2019-09-24 22:59:18,892 [pool-157-thread-1] INFO  impl.RaftServerImpl (RaftServerImpl.java:<init>(95)) - 388b7cca-9c2c-4db0-aaac-d908992fc736: new RaftServerImpl for group-F20BA7A4CC31:[388b7cca-9c2c-4db0-aaac-d908992fc736:192.168.151.66:36990] with ContainerStateMachine:uninitialized
2019-09-24 22:59:18,892 [pool-157-thread-1] INFO  server.RaftServerConfigKeys (ConfUtils.java:logGet(43)) - raft.server.rpc.timeout.min = 1s (custom)
2019-09-24 22:59:18,892 [pool-157-thread-1] INFO  server.RaftServerConfigKeys (ConfUtils.java:logGet(43)) - raft.server.rpc.timeout.max = 1200ms (custom)
2019-09-24 22:59:18,892 [pool-157-thread-1] INFO  server.RaftServerConfigKeys (ConfUtils.java:logGet(43)) - raft.server.rpcslowness.timeout = 120s (custom)
2019-09-24 22:59:18,892 [pool-157-thread-1] INFO  server.RaftServerConfigKeys (ConfUtils.java:logGet(43)) - raft.server.sleep.deviation.threshold = 300 (default)
2019-09-24 22:59:18,893 [pool-157-thread-1] INFO  server.RaftServerConfigKeys (ConfUtils.java:logGet(43)) - raft.server.log.appender.install.snapshot.enabled = false (custom)
2019-09-24 22:59:18,893 [pool-157-thread-1] INFO  impl.RaftServerImpl (ServerState.java:<init>(103)) - 388b7cca-9c2c-4db0-aaac-d908992fc736@group-F20BA7A4CC31: ConfigurationManager, init=-1: [388b7cca-9c2c-4db0-aaac-d908992fc736:192.168.151.66:36990], old=null, confs=<EMPTY_MAP>
2019-09-24 22:59:18,893 [pool-157-thread-1] INFO  server.RaftServerConfigKeys (ConfUtils.java:logGet(43)) - raft.server.storage.dir = [/workdir/hadoop-ozone/integration-test/target/test-dir/MiniOzoneClusterImpl-c5523c91-7035-4a19-985c-37f1f8f0fe10/datanode-1/data/ratis] (custom)
2019-09-24 22:59:18,893 [pool-157-thread-1] INFO  storage.RaftStorageDirectory (RaftStorageDirectory.java:analyzeStorage(246)) - The storage directory /workdir/hadoop-ozone/integration-test/target/test-dir/MiniOzoneClusterImpl-c5523c91-7035-4a19-985c-37f1f8f0fe10/datanode-1/data/ratis/0324df27-1d87-45cd-be86-f20ba7a4cc31 does not exist. Creating ...
2019-09-24 22:59:18,898 [IPC Server handler 4 on 45036] INFO  net.NetworkTopology (NetworkTopologyImpl.java:add(111)) - Added a new node: /default-rack/aaae994b-a16f-4482-b826-2f4e81d538e1
2019-09-24 22:59:18,898 [IPC Server handler 4 on 45036] INFO  node.SCMNodeManager (SCMNodeManager.java:register(266)) - Registered Data node : aaae994b-a16f-4482-b826-2f4e81d538e1{ip: 192.168.151.66, host: pr-hdds-2162-v2v4x-1150571016, networkLocation: /default-rack, certSerialId: null}
2019-09-24 22:59:18,906 [pool-157-thread-1] INFO  storage.RaftStorageDirectory (RaftStorageDirectory.java:tryLock(328)) - Lock on /workdir/hadoop-ozone/integration-test/target/test-dir/MiniOzoneClusterImpl-c5523c91-7035-4a19-985c-37f1f8f0fe10/datanode-1/data/ratis/0324df27-1d87-45cd-be86-f20ba7a4cc31/in_use.lock acquired by nodename 5417@pr-hdds-2162-v2v4x-1150571016
2019-09-24 22:59:18,920 [pool-157-thread-1] INFO  storage.RaftStorage (RaftStorage.java:format(72)) - Storage directory /workdir/hadoop-ozone/integration-test/target/test-dir/MiniOzoneClusterImpl-c5523c91-7035-4a19-985c-37f1f8f0fe10/datanode-1/data/ratis/0324df27-1d87-45cd-be86-f20ba7a4cc31 has been successfully formatted.
2019-09-24 22:59:18,920 [pool-157-thread-1] INFO  ratis.ContainerStateMachine (ContainerStateMachine.java:loadSnapshot(230)) - group-F20BA7A4CC31: The snapshot info is null. Setting the last applied indexto:(t:0, i:~)
2019-09-24 22:59:18,920 [pool-157-thread-1] INFO  server.RaftServerConfigKeys (ConfUtils.java:logGet(43)) - raft.server.notification.no-leader.timeout = 120s (custom)
2019-09-24 22:59:18,920 [pool-157-thread-1] INFO  server.RaftServerConfigKeys (ConfUtils.java:logGet(43)) - raft.server.log.use.memory = false (default)
2019-09-24 22:59:18,920 [pool-157-thread-1] INFO  server.RaftServerConfigKeys (ConfUtils.java:logGet(43)) - raft.server.log.purge.gap = 1000000 (custom)
2019-09-24 22:59:18,921 [pool-157-thread-1] INFO  server.RaftServerConfigKeys (ConfUtils.java:logGet(43)) - raft.server.log.appender.buffer.byte-limit = 33554432 (custom)
2019-09-24 22:59:18,921 [pool-157-thread-1] INFO  server.RaftServerConfigKeys (ConfUtils.java:logGet(43)) - raft.server.log.segment.size.max = 1048576 (custom)
2019-09-24 22:59:18,921 [pool-157-thread-1] INFO  server.RaftServerConfigKeys (ConfUtils.java:logGet(43)) - raft.server.log.segment.cache.num.max = 2 (custom)
2019-09-24 22:59:18,921 [pool-157-thread-1] INFO  segmented.SegmentedRaftLogWorker (SegmentedRaftLogWorker.java:<init>(172)) - new 388b7cca-9c2c-4db0-aaac-d908992fc736@group-F20BA7A4CC31-SegmentedRaftLogWorker for RaftStorage:Storage Directory /workdir/hadoop-ozone/integration-test/target/test-dir/MiniOzoneClusterImpl-c5523c91-7035-4a19-985c-37f1f8f0fe10/datanode-1/data/ratis/0324df27-1d87-45cd-be86-f20ba7a4cc31
2019-09-24 22:59:18,923 [pool-157-thread-1] INFO  server.RaftServerConfigKeys (ConfUtils.java:logGet(43)) - raft.server.log.queue.byte-limit = 2147483647 (custom)
2019-09-24 22:59:18,924 [pool-157-thread-1] INFO  server.RaftServerConfigKeys (ConfUtils.java:logGet(43)) - raft.server.log.queue.element-limit = 1024 (custom)
2019-09-24 22:59:18,924 [pool-157-thread-1] INFO  server.RaftServerConfigKeys (ConfUtils.java:logGet(43)) - raft.server.log.segment.size.max = 1048576 (custom)
2019-09-24 22:59:18,924 [pool-157-thread-1] INFO  server.RaftServerConfigKeys (ConfUtils.java:logGet(43)) - raft.server.log.preallocated.size = 16384 (custom)
2019-09-24 22:59:18,924 [pool-157-thread-1] INFO  server.RaftServerConfigKeys (ConfUtils.java:logGet(43)) - raft.server.log.write.buffer.size = 33554432 (custom)
2019-09-24 22:59:18,924 [pool-157-thread-1] INFO  server.RaftServerConfigKeys (ConfUtils.java:logGet(43)) - raft.server.log.force.sync.num = 128 (default)
2019-09-24 22:59:18,924 [pool-157-thread-1] INFO  server.RaftServerConfigKeys (ConfUtils.java:logGet(43)) - raft.server.log.statemachine.data.sync = true (default)
2019-09-24 22:59:18,925 [pool-157-thread-1] INFO  server.RaftServerConfigKeys (ConfUtils.java:logGet(43)) - raft.server.log.statemachine.data.sync.timeout = 10s (default)
2019-09-24 22:59:18,925 [pool-157-thread-1] INFO  server.RaftServerConfigKeys (ConfUtils.java:logGet(43)) - raft.server.log.statemachine.data.sync.timeout.retry = -1 (default)
2019-09-24 22:59:18,925 [pool-157-thread-1] INFO  server.RaftServerConfigKeys (ConfUtils.java:logGet(43)) - raft.server.log.statemachine.data.caching.enabled = true (custom)
2019-09-24 22:59:18,925 [pool-157-thread-1] INFO  segmented.SegmentedRaftLogWorker (SegmentedRaftLogWorker.java:lambda$new$0(132)) - 388b7cca-9c2c-4db0-aaac-d908992fc736@group-F20BA7A4CC31-SegmentedRaftLogWorker: flushIndex: setUnconditionally 0 -> -1
2019-09-24 22:59:18,926 [pool-157-thread-1] INFO  server.RaftServerConfigKeys (ConfUtils.java:logGet(43)) - raft.server.snapshot.auto.trigger.enabled = true (custom)
2019-09-24 22:59:18,926 [pool-157-thread-1] INFO  server.RaftServerConfigKeys (ConfUtils.java:logGet(43)) - raft.server.snapshot.auto.trigger.threshold = 10000 (custom)
2019-09-24 22:59:18,926 [pool-157-thread-1] INFO  server.RaftServerConfigKeys (ConfUtils.java:logGet(43)) - raft.server.snapshot.retention.num.files = 5 (custom)
2019-09-24 22:59:18,926 [pool-157-thread-1] INFO  server.RaftServerConfigKeys (ConfUtils.java:logGet(43)) - raft.server.retrycache.expirytime = 600000ms (custom)
2019-09-24 22:59:18,928 [pool-157-thread-1] INFO  impl.RaftServerImpl (RaftServerImpl.java:start(185)) - 388b7cca-9c2c-4db0-aaac-d908992fc736@group-F20BA7A4CC31: start as a follower, conf=-1: [388b7cca-9c2c-4db0-aaac-d908992fc736:192.168.151.66:36990], old=null
2019-09-24 22:59:18,929 [pool-157-thread-1] INFO  impl.RaftServerImpl (RaftServerImpl.java:setRole(174)) - 388b7cca-9c2c-4db0-aaac-d908992fc736@group-F20BA7A4CC31: changes role from      null to FOLLOWER at term 0 for startAsFollower
2019-09-24 22:59:18,929 [pool-157-thread-1] INFO  impl.RoleInfo (RoleInfo.java:updateAndGet(143)) - 388b7cca-9c2c-4db0-aaac-d908992fc736: start FollowerState
2019-09-24 22:59:18,929 [pool-157-thread-1] INFO  util.JmxRegister (JmxRegister.java:tryRegister(44)) - Successfully registered JMX Bean with object name Ratis:service=RaftServer,group=group-F20BA7A4CC31,id=388b7cca-9c2c-4db0-aaac-d908992fc736
2019-09-24 22:59:18,934 [RatisPipelineUtilsThread] INFO  pipeline.PipelineStateManager (PipelineStateManager.java:addPipeline(56)) - Created pipeline Pipeline[ Id: 0324df27-1d87-45cd-be86-f20ba7a4cc31, Nodes: 388b7cca-9c2c-4db0-aaac-d908992fc736{ip: 192.168.151.66, host: pr-hdds-2162-v2v4x-1150571016, networkLocation: /default-rack, certSerialId: null}, Type:RATIS, Factor:ONE, State:OPEN]
2019-09-24 22:59:18,945 [grpc-default-executor-0] INFO  impl.RaftServerProxy (RaftServerProxy.java:addNew(89)) - aaae994b-a16f-4482-b826-2f4e81d538e1: addNew group-6EA04288C9EE:[aaae994b-a16f-4482-b826-2f4e81d538e1:192.168.151.66:41609] returns group-6EA04288C9EE:java.util.concurrent.CompletableFuture@2ac83f64[Not completed]
2019-09-24 22:59:18,948 [pool-167-thread-1] INFO  impl.RaftServerImpl (RaftServerImpl.java:<init>(95)) - aaae994b-a16f-4482-b826-2f4e81d538e1: new RaftServerImpl for group-6EA04288C9EE:[aaae994b-a16f-4482-b826-2f4e81d538e1:192.168.151.66:41609] with ContainerStateMachine:uninitialized
2019-09-24 22:59:18,948 [pool-167-thread-1] INFO  server.RaftServerConfigKeys (ConfUtils.java:logGet(43)) - raft.server.rpc.timeout.min = 1s (custom)
2019-09-24 22:59:18,948 [pool-167-thread-1] INFO  server.RaftServerConfigKeys (ConfUtils.java:logGet(43)) - raft.server.rpc.timeout.max = 1200ms (custom)
2019-09-24 22:59:18,949 [pool-167-thread-1] INFO  server.RaftServerConfigKeys (ConfUtils.java:logGet(43)) - raft.server.rpcslowness.timeout = 120s (custom)
2019-09-24 22:59:18,949 [pool-167-thread-1] INFO  server.RaftServerConfigKeys (ConfUtils.java:logGet(43)) - raft.server.sleep.deviation.threshold = 300 (default)
2019-09-24 22:59:18,949 [pool-167-thread-1] INFO  server.RaftServerConfigKeys (ConfUtils.java:logGet(43)) - raft.server.log.appender.install.snapshot.enabled = false (custom)
2019-09-24 22:59:18,949 [pool-167-thread-1] INFO  impl.RaftServerImpl (ServerState.java:<init>(103)) - aaae994b-a16f-4482-b826-2f4e81d538e1@group-6EA04288C9EE: ConfigurationManager, init=-1: [aaae994b-a16f-4482-b826-2f4e81d538e1:192.168.151.66:41609], old=null, confs=<EMPTY_MAP>
2019-09-24 22:59:18,949 [pool-167-thread-1] INFO  server.RaftServerConfigKeys (ConfUtils.java:logGet(43)) - raft.server.storage.dir = [/workdir/hadoop-ozone/integration-test/target/test-dir/MiniOzoneClusterImpl-c5523c91-7035-4a19-985c-37f1f8f0fe10/datanode-2/data/ratis] (custom)
2019-09-24 22:59:18,949 [pool-167-thread-1] INFO  storage.RaftStorageDirectory (RaftStorageDirectory.java:analyzeStorage(246)) - The storage directory /workdir/hadoop-ozone/integration-test/target/test-dir/MiniOzoneClusterImpl-c5523c91-7035-4a19-985c-37f1f8f0fe10/datanode-2/data/ratis/030950d8-cff1-414c-a73a-6ea04288c9ee does not exist. Creating ...
2019-09-24 22:59:18,959 [IPC Server handler 5 on 45036] INFO  net.NetworkTopology (NetworkTopologyImpl.java:add(111)) - Added a new node: /default-rack/3a9ef4cb-9f73-43f2-9ef0-73623fc2079e
2019-09-24 22:59:18,960 [IPC Server handler 5 on 45036] INFO  node.SCMNodeManager (SCMNodeManager.java:register(266)) - Registered Data node : 3a9ef4cb-9f73-43f2-9ef0-73623fc2079e{ip: 192.168.151.66, host: pr-hdds-2162-v2v4x-1150571016, networkLocation: /default-rack, certSerialId: null}
2019-09-24 22:59:18,962 [pool-167-thread-1] INFO  storage.RaftStorageDirectory (RaftStorageDirectory.java:tryLock(328)) - Lock on /workdir/hadoop-ozone/integration-test/target/test-dir/MiniOzoneClusterImpl-c5523c91-7035-4a19-985c-37f1f8f0fe10/datanode-2/data/ratis/030950d8-cff1-414c-a73a-6ea04288c9ee/in_use.lock acquired by nodename 5417@pr-hdds-2162-v2v4x-1150571016
2019-09-24 22:59:18,974 [pool-167-thread-1] INFO  storage.RaftStorage (RaftStorage.java:format(72)) - Storage directory /workdir/hadoop-ozone/integration-test/target/test-dir/MiniOzoneClusterImpl-c5523c91-7035-4a19-985c-37f1f8f0fe10/datanode-2/data/ratis/030950d8-cff1-414c-a73a-6ea04288c9ee has been successfully formatted.
2019-09-24 22:59:18,974 [pool-167-thread-1] INFO  ratis.ContainerStateMachine (ContainerStateMachine.java:loadSnapshot(230)) - group-6EA04288C9EE: The snapshot info is null. Setting the last applied indexto:(t:0, i:~)
2019-09-24 22:59:18,974 [pool-167-thread-1] INFO  server.RaftServerConfigKeys (ConfUtils.java:logGet(43)) - raft.server.notification.no-leader.timeout = 120s (custom)
2019-09-24 22:59:18,975 [pool-167-thread-1] INFO  server.RaftServerConfigKeys (ConfUtils.java:logGet(43)) - raft.server.log.use.memory = false (default)
2019-09-24 22:59:18,975 [pool-167-thread-1] INFO  server.RaftServerConfigKeys (ConfUtils.java:logGet(43)) - raft.server.log.purge.gap = 1000000 (custom)
2019-09-24 22:59:18,975 [pool-167-thread-1] INFO  server.RaftServerConfigKeys (ConfUtils.java:logGet(43)) - raft.server.log.appender.buffer.byte-limit = 33554432 (custom)
2019-09-24 22:59:18,975 [pool-167-thread-1] INFO  server.RaftServerConfigKeys (ConfUtils.java:logGet(43)) - raft.server.log.segment.size.max = 1048576 (custom)
2019-09-24 22:59:18,975 [pool-167-thread-1] INFO  server.RaftServerConfigKeys (ConfUtils.java:logGet(43)) - raft.server.log.segment.cache.num.max = 2 (custom)
2019-09-24 22:59:18,975 [pool-167-thread-1] INFO  segmented.SegmentedRaftLogWorker (SegmentedRaftLogWorker.java:<init>(172)) - new aaae994b-a16f-4482-b826-2f4e81d538e1@group-6EA04288C9EE-SegmentedRaftLogWorker for RaftStorage:Storage Directory /workdir/hadoop-ozone/integration-test/target/test-dir/MiniOzoneClusterImpl-c5523c91-7035-4a19-985c-37f1f8f0fe10/datanode-2/data/ratis/030950d8-cff1-414c-a73a-6ea04288c9ee
2019-09-24 22:59:18,977 [pool-167-thread-1] INFO  server.RaftServerConfigKeys (ConfUtils.java:logGet(43)) - raft.server.log.queue.byte-limit = 2147483647 (custom)
2019-09-24 22:59:18,977 [pool-167-thread-1] INFO  server.RaftServerConfigKeys (ConfUtils.java:logGet(43)) - raft.server.log.queue.element-limit = 1024 (custom)
2019-09-24 22:59:18,978 [pool-167-thread-1] INFO  server.RaftServerConfigKeys (ConfUtils.java:logGet(43)) - raft.server.log.segment.size.max = 1048576 (custom)
2019-09-24 22:59:18,978 [pool-167-thread-1] INFO  server.RaftServerConfigKeys (ConfUtils.java:logGet(43)) - raft.server.log.preallocated.size = 16384 (custom)
2019-09-24 22:59:18,978 [pool-167-thread-1] INFO  server.RaftServerConfigKeys (ConfUtils.java:logGet(43)) - raft.server.log.write.buffer.size = 33554432 (custom)
2019-09-24 22:59:18,978 [pool-167-thread-1] INFO  server.RaftServerConfigKeys (ConfUtils.java:logGet(43)) - raft.server.log.force.sync.num = 128 (default)
2019-09-24 22:59:18,978 [pool-167-thread-1] INFO  server.RaftServerConfigKeys (ConfUtils.java:logGet(43)) - raft.server.log.statemachine.data.sync = true (default)
2019-09-24 22:59:18,978 [pool-167-thread-1] INFO  server.RaftServerConfigKeys (ConfUtils.java:logGet(43)) - raft.server.log.statemachine.data.sync.timeout = 10s (default)
2019-09-24 22:59:18,978 [pool-167-thread-1] INFO  server.RaftServerConfigKeys (ConfUtils.java:logGet(43)) - raft.server.log.statemachine.data.sync.timeout.retry = -1 (default)
2019-09-24 22:59:18,979 [pool-167-thread-1] INFO  server.RaftServerConfigKeys (ConfUtils.java:logGet(43)) - raft.server.log.statemachine.data.caching.enabled = true (custom)
2019-09-24 22:59:18,979 [pool-167-thread-1] INFO  segmented.SegmentedRaftLogWorker (SegmentedRaftLogWorker.java:lambda$new$0(132)) - aaae994b-a16f-4482-b826-2f4e81d538e1@group-6EA04288C9EE-SegmentedRaftLogWorker: flushIndex: setUnconditionally 0 -> -1
2019-09-24 22:59:18,979 [pool-167-thread-1] INFO  server.RaftServerConfigKeys (ConfUtils.java:logGet(43)) - raft.server.snapshot.auto.trigger.enabled = true (custom)
2019-09-24 22:59:18,979 [pool-167-thread-1] INFO  server.RaftServerConfigKeys (ConfUtils.java:logGet(43)) - raft.server.snapshot.auto.trigger.threshold = 10000 (custom)
2019-09-24 22:59:18,979 [pool-167-thread-1] INFO  server.RaftServerConfigKeys (ConfUtils.java:logGet(43)) - raft.server.snapshot.retention.num.files = 5 (custom)
2019-09-24 22:59:18,980 [pool-167-thread-1] INFO  server.RaftServerConfigKeys (ConfUtils.java:logGet(43)) - raft.server.retrycache.expirytime = 600000ms (custom)
2019-09-24 22:59:18,982 [pool-167-thread-1] INFO  impl.RaftServerImpl (RaftServerImpl.java:start(185)) - aaae994b-a16f-4482-b826-2f4e81d538e1@group-6EA04288C9EE: start as a follower, conf=-1: [aaae994b-a16f-4482-b826-2f4e81d538e1:192.168.151.66:41609], old=null
2019-09-24 22:59:18,982 [pool-167-thread-1] INFO  impl.RaftServerImpl (RaftServerImpl.java:setRole(174)) - aaae994b-a16f-4482-b826-2f4e81d538e1@group-6EA04288C9EE: changes role from      null to FOLLOWER at term 0 for startAsFollower
2019-09-24 22:59:18,982 [pool-167-thread-1] INFO  impl.RoleInfo (RoleInfo.java:updateAndGet(143)) - aaae994b-a16f-4482-b826-2f4e81d538e1: start FollowerState
2019-09-24 22:59:18,982 [pool-167-thread-1] INFO  util.JmxRegister (JmxRegister.java:tryRegister(44)) - Successfully registered JMX Bean with object name Ratis:service=RaftServer,group=group-6EA04288C9EE,id=aaae994b-a16f-4482-b826-2f4e81d538e1
2019-09-24 22:59:18,987 [RatisPipelineUtilsThread] INFO  pipeline.PipelineStateManager (PipelineStateManager.java:addPipeline(56)) - Created pipeline Pipeline[ Id: 030950d8-cff1-414c-a73a-6ea04288c9ee, Nodes: aaae994b-a16f-4482-b826-2f4e81d538e1{ip: 192.168.151.66, host: pr-hdds-2162-v2v4x-1150571016, networkLocation: /default-rack, certSerialId: null}, Type:RATIS, Factor:ONE, State:OPEN]
2019-09-24 22:59:18,999 [grpc-default-executor-0] INFO  impl.RaftServerProxy (RaftServerProxy.java:addNew(89)) - 3a9ef4cb-9f73-43f2-9ef0-73623fc2079e: addNew group-FC50999E9E77:[3a9ef4cb-9f73-43f2-9ef0-73623fc2079e:192.168.151.66:39459] returns group-FC50999E9E77:java.util.concurrent.CompletableFuture@7296c46c[Not completed]
2019-09-24 22:59:19,004 [pool-177-thread-1] INFO  impl.RaftServerImpl (RaftServerImpl.java:<init>(95)) - 3a9ef4cb-9f73-43f2-9ef0-73623fc2079e: new RaftServerImpl for group-FC50999E9E77:[3a9ef4cb-9f73-43f2-9ef0-73623fc2079e:192.168.151.66:39459] with ContainerStateMachine:uninitialized
2019-09-24 22:59:19,004 [pool-177-thread-1] INFO  server.RaftServerConfigKeys (ConfUtils.java:logGet(43)) - raft.server.rpc.timeout.min = 1s (custom)
2019-09-24 22:59:19,005 [pool-177-thread-1] INFO  server.RaftServerConfigKeys (ConfUtils.java:logGet(43)) - raft.server.rpc.timeout.max = 1200ms (custom)
2019-09-24 22:59:19,005 [pool-177-thread-1] INFO  server.RaftServerConfigKeys (ConfUtils.java:logGet(43)) - raft.server.rpcslowness.timeout = 120s (custom)
2019-09-24 22:59:19,005 [pool-177-thread-1] INFO  server.RaftServerConfigKeys (ConfUtils.java:logGet(43)) - raft.server.sleep.deviation.threshold = 300 (default)
2019-09-24 22:59:19,005 [pool-177-thread-1] INFO  server.RaftServerConfigKeys (ConfUtils.java:logGet(43)) - raft.server.log.appender.install.snapshot.enabled = false (custom)
2019-09-24 22:59:19,005 [pool-177-thread-1] INFO  impl.RaftServerImpl (ServerState.java:<init>(103)) - 3a9ef4cb-9f73-43f2-9ef0-73623fc2079e@group-FC50999E9E77: ConfigurationManager, init=-1: [3a9ef4cb-9f73-43f2-9ef0-73623fc2079e:192.168.151.66:39459], old=null, confs=<EMPTY_MAP>
2019-09-24 22:59:19,006 [pool-177-thread-1] INFO  server.RaftServerConfigKeys (ConfUtils.java:logGet(43)) - raft.server.storage.dir = [/workdir/hadoop-ozone/integration-test/target/test-dir/MiniOzoneClusterImpl-c5523c91-7035-4a19-985c-37f1f8f0fe10/datanode-3/data/ratis] (custom)
2019-09-24 22:59:19,006 [pool-177-thread-1] INFO  storage.RaftStorageDirectory (RaftStorageDirectory.java:analyzeStorage(246)) - The storage directory /workdir/hadoop-ozone/integration-test/target/test-dir/MiniOzoneClusterImpl-c5523c91-7035-4a19-985c-37f1f8f0fe10/datanode-3/data/ratis/e610bcc7-d36c-4fe2-b3a4-fc50999e9e77 does not exist. Creating ...
2019-09-24 22:59:19,019 [pool-177-thread-1] INFO  storage.RaftStorageDirectory (RaftStorageDirectory.java:tryLock(328)) - Lock on /workdir/hadoop-ozone/integration-test/target/test-dir/MiniOzoneClusterImpl-c5523c91-7035-4a19-985c-37f1f8f0fe10/datanode-3/data/ratis/e610bcc7-d36c-4fe2-b3a4-fc50999e9e77/in_use.lock acquired by nodename 5417@pr-hdds-2162-v2v4x-1150571016
2019-09-24 22:59:19,021 [IPC Server handler 1 on 45036] INFO  net.NetworkTopology (NetworkTopologyImpl.java:add(111)) - Added a new node: /default-rack/4b299780-dc83-45c0-badb-1ce934706cf1
2019-09-24 22:59:19,021 [IPC Server handler 1 on 45036] INFO  node.SCMNodeManager (SCMNodeManager.java:register(266)) - Registered Data node : 4b299780-dc83-45c0-badb-1ce934706cf1{ip: 192.168.151.66, host: pr-hdds-2162-v2v4x-1150571016, networkLocation: /default-rack, certSerialId: null}
2019-09-24 22:59:19,032 [pool-177-thread-1] INFO  storage.RaftStorage (RaftStorage.java:format(72)) - Storage directory /workdir/hadoop-ozone/integration-test/target/test-dir/MiniOzoneClusterImpl-c5523c91-7035-4a19-985c-37f1f8f0fe10/datanode-3/data/ratis/e610bcc7-d36c-4fe2-b3a4-fc50999e9e77 has been successfully formatted.
2019-09-24 22:59:19,032 [pool-177-thread-1] INFO  ratis.ContainerStateMachine (ContainerStateMachine.java:loadSnapshot(230)) - group-FC50999E9E77: The snapshot info is null. Setting the last applied indexto:(t:0, i:~)
2019-09-24 22:59:19,032 [pool-177-thread-1] INFO  server.RaftServerConfigKeys (ConfUtils.java:logGet(43)) - raft.server.notification.no-leader.timeout = 120s (custom)
2019-09-24 22:59:19,032 [pool-177-thread-1] INFO  server.RaftServerConfigKeys (ConfUtils.java:logGet(43)) - raft.server.log.use.memory = false (default)
2019-09-24 22:59:19,032 [pool-177-thread-1] INFO  server.RaftServerConfigKeys (ConfUtils.java:logGet(43)) - raft.server.log.purge.gap = 1000000 (custom)
2019-09-24 22:59:19,032 [pool-177-thread-1] INFO  server.RaftServerConfigKeys (ConfUtils.java:logGet(43)) - raft.server.log.appender.buffer.byte-limit = 33554432 (custom)
2019-09-24 22:59:19,033 [pool-177-thread-1] INFO  server.RaftServerConfigKeys (ConfUtils.java:logGet(43)) - raft.server.log.segment.size.max = 1048576 (custom)
2019-09-24 22:59:19,033 [pool-177-thread-1] INFO  server.RaftServerConfigKeys (ConfUtils.java:logGet(43)) - raft.server.log.segment.cache.num.max = 2 (custom)
2019-09-24 22:59:19,033 [pool-177-thread-1] INFO  segmented.SegmentedRaftLogWorker (SegmentedRaftLogWorker.java:<init>(172)) - new 3a9ef4cb-9f73-43f2-9ef0-73623fc2079e@group-FC50999E9E77-SegmentedRaftLogWorker for RaftStorage:Storage Directory /workdir/hadoop-ozone/integration-test/target/test-dir/MiniOzoneClusterImpl-c5523c91-7035-4a19-985c-37f1f8f0fe10/datanode-3/data/ratis/e610bcc7-d36c-4fe2-b3a4-fc50999e9e77
2019-09-24 22:59:19,035 [pool-177-thread-1] INFO  server.RaftServerConfigKeys (ConfUtils.java:logGet(43)) - raft.server.log.queue.byte-limit = 2147483647 (custom)
2019-09-24 22:59:19,035 [pool-177-thread-1] INFO  server.RaftServerConfigKeys (ConfUtils.java:logGet(43)) - raft.server.log.queue.element-limit = 1024 (custom)
2019-09-24 22:59:19,035 [pool-177-thread-1] INFO  server.RaftServerConfigKeys (ConfUtils.java:logGet(43)) - raft.server.log.segment.size.max = 1048576 (custom)
2019-09-24 22:59:19,035 [pool-177-thread-1] INFO  server.RaftServerConfigKeys (ConfUtils.java:logGet(43)) - raft.server.log.preallocated.size = 16384 (custom)
2019-09-24 22:59:19,036 [pool-177-thread-1] INFO  server.RaftServerConfigKeys (ConfUtils.java:logGet(43)) - raft.server.log.write.buffer.size = 33554432 (custom)
2019-09-24 22:59:19,036 [pool-177-thread-1] INFO  server.RaftServerConfigKeys (ConfUtils.java:logGet(43)) - raft.server.log.force.sync.num = 128 (default)
2019-09-24 22:59:19,036 [pool-177-thread-1] INFO  server.RaftServerConfigKeys (ConfUtils.java:logGet(43)) - raft.server.log.statemachine.data.sync = true (default)
2019-09-24 22:59:19,036 [pool-177-thread-1] INFO  server.RaftServerConfigKeys (ConfUtils.java:logGet(43)) - raft.server.log.statemachine.data.sync.timeout = 10s (default)
2019-09-24 22:59:19,036 [pool-177-thread-1] INFO  server.RaftServerConfigKeys (ConfUtils.java:logGet(43)) - raft.server.log.statemachine.data.sync.timeout.retry = -1 (default)
2019-09-24 22:59:19,036 [pool-177-thread-1] INFO  server.RaftServerConfigKeys (ConfUtils.java:logGet(43)) - raft.server.log.statemachine.data.caching.enabled = true (custom)
2019-09-24 22:59:19,037 [pool-177-thread-1] INFO  segmented.SegmentedRaftLogWorker (SegmentedRaftLogWorker.java:lambda$new$0(132)) - 3a9ef4cb-9f73-43f2-9ef0-73623fc2079e@group-FC50999E9E77-SegmentedRaftLogWorker: flushIndex: setUnconditionally 0 -> -1
2019-09-24 22:59:19,037 [pool-177-thread-1] INFO  server.RaftServerConfigKeys (ConfUtils.java:logGet(43)) - raft.server.snapshot.auto.trigger.enabled = true (custom)
2019-09-24 22:59:19,037 [pool-177-thread-1] INFO  server.RaftServerConfigKeys (ConfUtils.java:logGet(43)) - raft.server.snapshot.auto.trigger.threshold = 10000 (custom)
2019-09-24 22:59:19,037 [pool-177-thread-1] INFO  server.RaftServerConfigKeys (ConfUtils.java:logGet(43)) - raft.server.snapshot.retention.num.files = 5 (custom)
2019-09-24 22:59:19,037 [pool-177-thread-1] INFO  server.RaftServerConfigKeys (ConfUtils.java:logGet(43)) - raft.server.retrycache.expirytime = 600000ms (custom)
2019-09-24 22:59:19,039 [pool-177-thread-1] INFO  impl.RaftServerImpl (RaftServerImpl.java:start(185)) - 3a9ef4cb-9f73-43f2-9ef0-73623fc2079e@group-FC50999E9E77: start as a follower, conf=-1: [3a9ef4cb-9f73-43f2-9ef0-73623fc2079e:192.168.151.66:39459], old=null
2019-09-24 22:59:19,039 [pool-177-thread-1] INFO  impl.RaftServerImpl (RaftServerImpl.java:setRole(174)) - 3a9ef4cb-9f73-43f2-9ef0-73623fc2079e@group-FC50999E9E77: changes role from      null to FOLLOWER at term 0 for startAsFollower
2019-09-24 22:59:19,039 [pool-177-thread-1] INFO  impl.RoleInfo (RoleInfo.java:updateAndGet(143)) - 3a9ef4cb-9f73-43f2-9ef0-73623fc2079e: start FollowerState
2019-09-24 22:59:19,040 [pool-177-thread-1] INFO  util.JmxRegister (JmxRegister.java:tryRegister(44)) - Successfully registered JMX Bean with object name Ratis:service=RaftServer,group=group-FC50999E9E77,id=3a9ef4cb-9f73-43f2-9ef0-73623fc2079e
2019-09-24 22:59:19,045 [RatisPipelineUtilsThread] INFO  pipeline.PipelineStateManager (PipelineStateManager.java:addPipeline(56)) - Created pipeline Pipeline[ Id: e610bcc7-d36c-4fe2-b3a4-fc50999e9e77, Nodes: 3a9ef4cb-9f73-43f2-9ef0-73623fc2079e{ip: 192.168.151.66, host: pr-hdds-2162-v2v4x-1150571016, networkLocation: /default-rack, certSerialId: null}, Type:RATIS, Factor:ONE, State:OPEN]
2019-09-24 22:59:19,057 [grpc-default-executor-0] INFO  impl.RaftServerProxy (RaftServerProxy.java:addNew(89)) - 4b299780-dc83-45c0-badb-1ce934706cf1: addNew group-BAE85802A121:[4b299780-dc83-45c0-badb-1ce934706cf1:192.168.151.66:34891] returns group-BAE85802A121:java.util.concurrent.CompletableFuture@6036c2[Not completed]
2019-09-24 22:59:19,062 [pool-187-thread-1] INFO  impl.RaftServerImpl (RaftServerImpl.java:<init>(95)) - 4b299780-dc83-45c0-badb-1ce934706cf1: new RaftServerImpl for group-BAE85802A121:[4b299780-dc83-45c0-badb-1ce934706cf1:192.168.151.66:34891] with ContainerStateMachine:uninitialized
2019-09-24 22:59:19,062 [pool-187-thread-1] INFO  server.RaftServerConfigKeys (ConfUtils.java:logGet(43)) - raft.server.rpc.timeout.min = 1s (custom)
2019-09-24 22:59:19,062 [pool-187-thread-1] INFO  server.RaftServerConfigKeys (ConfUtils.java:logGet(43)) - raft.server.rpc.timeout.max = 1200ms (custom)
2019-09-24 22:59:19,062 [pool-187-thread-1] INFO  server.RaftServerConfigKeys (ConfUtils.java:logGet(43)) - raft.server.rpcslowness.timeout = 120s (custom)
2019-09-24 22:59:19,062 [pool-187-thread-1] INFO  server.RaftServerConfigKeys (ConfUtils.java:logGet(43)) - raft.server.sleep.deviation.threshold = 300 (default)
2019-09-24 22:59:19,062 [pool-187-thread-1] INFO  server.RaftServerConfigKeys (ConfUtils.java:logGet(43)) - raft.server.log.appender.install.snapshot.enabled = false (custom)
2019-09-24 22:59:19,063 [pool-187-thread-1] INFO  impl.RaftServerImpl (ServerState.java:<init>(103)) - 4b299780-dc83-45c0-badb-1ce934706cf1@group-BAE85802A121: ConfigurationManager, init=-1: [4b299780-dc83-45c0-badb-1ce934706cf1:192.168.151.66:34891], old=null, confs=<EMPTY_MAP>
2019-09-24 22:59:19,063 [pool-187-thread-1] INFO  server.RaftServerConfigKeys (ConfUtils.java:logGet(43)) - raft.server.storage.dir = [/workdir/hadoop-ozone/integration-test/target/test-dir/MiniOzoneClusterImpl-c5523c91-7035-4a19-985c-37f1f8f0fe10/datanode-4/data/ratis] (custom)
2019-09-24 22:59:19,063 [pool-187-thread-1] INFO  storage.RaftStorageDirectory (RaftStorageDirectory.java:analyzeStorage(246)) - The storage directory /workdir/hadoop-ozone/integration-test/target/test-dir/MiniOzoneClusterImpl-c5523c91-7035-4a19-985c-37f1f8f0fe10/datanode-4/data/ratis/9f5815e8-408e-4ab4-a9b1-bae85802a121 does not exist. Creating ...
2019-09-24 22:59:19,076 [pool-187-thread-1] INFO  storage.RaftStorageDirectory (RaftStorageDirectory.java:tryLock(328)) - Lock on /workdir/hadoop-ozone/integration-test/target/test-dir/MiniOzoneClusterImpl-c5523c91-7035-4a19-985c-37f1f8f0fe10/datanode-4/data/ratis/9f5815e8-408e-4ab4-a9b1-bae85802a121/in_use.lock acquired by nodename 5417@pr-hdds-2162-v2v4x-1150571016
2019-09-24 22:59:19,081 [main] INFO  ozone.MiniOzoneClusterImpl (MiniOzoneClusterImpl.java:lambda$waitForClusterToBeReady$0(147)) - Waiting for cluster to be ready. Got 5 of 6 DN Heartbeats.
2019-09-24 22:59:19,083 [IPC Server handler 0 on 45036] INFO  net.NetworkTopology (NetworkTopologyImpl.java:add(111)) - Added a new node: /default-rack/8cdd0bc1-cb69-4d0a-8907-e53e57dcd550
2019-09-24 22:59:19,083 [IPC Server handler 0 on 45036] INFO  node.SCMNodeManager (SCMNodeManager.java:register(266)) - Registered Data node : 8cdd0bc1-cb69-4d0a-8907-e53e57dcd550{ip: 192.168.151.66, host: pr-hdds-2162-v2v4x-1150571016, networkLocation: /default-rack, certSerialId: null}
2019-09-24 22:59:19,107 [pool-187-thread-1] INFO  storage.RaftStorage (RaftStorage.java:format(72)) - Storage directory /workdir/hadoop-ozone/integration-test/target/test-dir/MiniOzoneClusterImpl-c5523c91-7035-4a19-985c-37f1f8f0fe10/datanode-4/data/ratis/9f5815e8-408e-4ab4-a9b1-bae85802a121 has been successfully formatted.
2019-09-24 22:59:19,107 [pool-187-thread-1] INFO  ratis.ContainerStateMachine (ContainerStateMachine.java:loadSnapshot(230)) - group-BAE85802A121: The snapshot info is null. Setting the last applied indexto:(t:0, i:~)
2019-09-24 22:59:19,107 [pool-187-thread-1] INFO  server.RaftServerConfigKeys (ConfUtils.java:logGet(43)) - raft.server.notification.no-leader.timeout = 120s (custom)
2019-09-24 22:59:19,107 [pool-187-thread-1] INFO  server.RaftServerConfigKeys (ConfUtils.java:logGet(43)) - raft.server.log.use.memory = false (default)
2019-09-24 22:59:19,107 [pool-187-thread-1] INFO  server.RaftServerConfigKeys (ConfUtils.java:logGet(43)) - raft.server.log.purge.gap = 1000000 (custom)
2019-09-24 22:59:19,108 [pool-187-thread-1] INFO  server.RaftServerConfigKeys (ConfUtils.java:logGet(43)) - raft.server.log.appender.buffer.byte-limit = 33554432 (custom)
2019-09-24 22:59:19,108 [pool-187-thread-1] INFO  server.RaftServerConfigKeys (ConfUtils.java:logGet(43)) - raft.server.log.segment.size.max = 1048576 (custom)
2019-09-24 22:59:19,108 [pool-187-thread-1] INFO  server.RaftServerConfigKeys (ConfUtils.java:logGet(43)) - raft.server.log.segment.cache.num.max = 2 (custom)
2019-09-24 22:59:19,108 [pool-187-thread-1] INFO  segmented.SegmentedRaftLogWorker (SegmentedRaftLogWorker.java:<init>(172)) - new 4b299780-dc83-45c0-badb-1ce934706cf1@group-BAE85802A121-SegmentedRaftLogWorker for RaftStorage:Storage Directory /workdir/hadoop-ozone/integration-test/target/test-dir/MiniOzoneClusterImpl-c5523c91-7035-4a19-985c-37f1f8f0fe10/datanode-4/data/ratis/9f5815e8-408e-4ab4-a9b1-bae85802a121
2019-09-24 22:59:19,111 [pool-187-thread-1] INFO  server.RaftServerConfigKeys (ConfUtils.java:logGet(43)) - raft.server.log.queue.byte-limit = 2147483647 (custom)
2019-09-24 22:59:19,111 [pool-187-thread-1] INFO  server.RaftServerConfigKeys (ConfUtils.java:logGet(43)) - raft.server.log.queue.element-limit = 1024 (custom)
2019-09-24 22:59:19,111 [pool-187-thread-1] INFO  server.RaftServerConfigKeys (ConfUtils.java:logGet(43)) - raft.server.log.segment.size.max = 1048576 (custom)
2019-09-24 22:59:19,111 [pool-187-thread-1] INFO  server.RaftServerConfigKeys (ConfUtils.java:logGet(43)) - raft.server.log.preallocated.size = 16384 (custom)
2019-09-24 22:59:19,111 [pool-187-thread-1] INFO  server.RaftServerConfigKeys (ConfUtils.java:logGet(43)) - raft.server.log.write.buffer.size = 33554432 (custom)
2019-09-24 22:59:19,111 [pool-187-thread-1] INFO  server.RaftServerConfigKeys (ConfUtils.java:logGet(43)) - raft.server.log.force.sync.num = 128 (default)
2019-09-24 22:59:19,111 [pool-187-thread-1] INFO  server.RaftServerConfigKeys (ConfUtils.java:logGet(43)) - raft.server.log.statemachine.data.sync = true (default)
2019-09-24 22:59:19,112 [pool-187-thread-1] INFO  server.RaftServerConfigKeys (ConfUtils.java:logGet(43)) - raft.server.log.statemachine.data.sync.timeout = 10s (default)
2019-09-24 22:59:19,112 [pool-187-thread-1] INFO  server.RaftServerConfigKeys (ConfUtils.java:logGet(43)) - raft.server.log.statemachine.data.sync.timeout.retry = -1 (default)
2019-09-24 22:59:19,112 [pool-187-thread-1] INFO  server.RaftServerConfigKeys (ConfUtils.java:logGet(43)) - raft.server.log.statemachine.data.caching.enabled = true (custom)
2019-09-24 22:59:19,112 [pool-187-thread-1] INFO  segmented.SegmentedRaftLogWorker (SegmentedRaftLogWorker.java:lambda$new$0(132)) - 4b299780-dc83-45c0-badb-1ce934706cf1@group-BAE85802A121-SegmentedRaftLogWorker: flushIndex: setUnconditionally 0 -> -1
2019-09-24 22:59:19,113 [pool-187-thread-1] INFO  server.RaftServerConfigKeys (ConfUtils.java:logGet(43)) - raft.server.snapshot.auto.trigger.enabled = true (custom)
2019-09-24 22:59:19,113 [pool-187-thread-1] INFO  server.RaftServerConfigKeys (ConfUtils.java:logGet(43)) - raft.server.snapshot.auto.trigger.threshold = 10000 (custom)
2019-09-24 22:59:19,113 [pool-187-thread-1] INFO  server.RaftServerConfigKeys (ConfUtils.java:logGet(43)) - raft.server.snapshot.retention.num.files = 5 (custom)
2019-09-24 22:59:19,113 [pool-187-thread-1] INFO  server.RaftServerConfigKeys (ConfUtils.java:logGet(43)) - raft.server.retrycache.expirytime = 600000ms (custom)
2019-09-24 22:59:19,115 [pool-187-thread-1] INFO  impl.RaftServerImpl (RaftServerImpl.java:start(185)) - 4b299780-dc83-45c0-badb-1ce934706cf1@group-BAE85802A121: start as a follower, conf=-1: [4b299780-dc83-45c0-badb-1ce934706cf1:192.168.151.66:34891], old=null
2019-09-24 22:59:19,115 [pool-187-thread-1] INFO  impl.RaftServerImpl (RaftServerImpl.java:setRole(174)) - 4b299780-dc83-45c0-badb-1ce934706cf1@group-BAE85802A121: changes role from      null to FOLLOWER at term 0 for startAsFollower
2019-09-24 22:59:19,116 [pool-187-thread-1] INFO  impl.RoleInfo (RoleInfo.java:updateAndGet(143)) - 4b299780-dc83-45c0-badb-1ce934706cf1: start FollowerState
2019-09-24 22:59:19,116 [pool-187-thread-1] INFO  util.JmxRegister (JmxRegister.java:tryRegister(44)) - Successfully registered JMX Bean with object name Ratis:service=RaftServer,group=group-BAE85802A121,id=4b299780-dc83-45c0-badb-1ce934706cf1
2019-09-24 22:59:19,121 [RatisPipelineUtilsThread] INFO  pipeline.PipelineStateManager (PipelineStateManager.java:addPipeline(56)) - Created pipeline Pipeline[ Id: 9f5815e8-408e-4ab4-a9b1-bae85802a121, Nodes: 4b299780-dc83-45c0-badb-1ce934706cf1{ip: 192.168.151.66, host: pr-hdds-2162-v2v4x-1150571016, networkLocation: /default-rack, certSerialId: null}, Type:RATIS, Factor:ONE, State:OPEN]
2019-09-24 22:59:19,131 [grpc-default-executor-0] INFO  impl.RaftServerProxy (RaftServerProxy.java:addNew(89)) - 8cdd0bc1-cb69-4d0a-8907-e53e57dcd550: addNew group-75FC4D260955:[8cdd0bc1-cb69-4d0a-8907-e53e57dcd550:192.168.151.66:44259] returns group-75FC4D260955:java.util.concurrent.CompletableFuture@35db5b29[Not completed]
2019-09-24 22:59:19,136 [pool-197-thread-1] INFO  impl.RaftServerImpl (RaftServerImpl.java:<init>(95)) - 8cdd0bc1-cb69-4d0a-8907-e53e57dcd550: new RaftServerImpl for group-75FC4D260955:[8cdd0bc1-cb69-4d0a-8907-e53e57dcd550:192.168.151.66:44259] with ContainerStateMachine:uninitialized
2019-09-24 22:59:19,137 [pool-197-thread-1] INFO  server.RaftServerConfigKeys (ConfUtils.java:logGet(43)) - raft.server.rpc.timeout.min = 1s (custom)
2019-09-24 22:59:19,137 [pool-197-thread-1] INFO  server.RaftServerConfigKeys (ConfUtils.java:logGet(43)) - raft.server.rpc.timeout.max = 1200ms (custom)
2019-09-24 22:59:19,137 [pool-197-thread-1] INFO  server.RaftServerConfigKeys (ConfUtils.java:logGet(43)) - raft.server.rpcslowness.timeout = 120s (custom)
2019-09-24 22:59:19,137 [pool-197-thread-1] INFO  server.RaftServerConfigKeys (ConfUtils.java:logGet(43)) - raft.server.sleep.deviation.threshold = 300 (default)
2019-09-24 22:59:19,137 [pool-197-thread-1] INFO  server.RaftServerConfigKeys (ConfUtils.java:logGet(43)) - raft.server.log.appender.install.snapshot.enabled = false (custom)
2019-09-24 22:59:19,137 [pool-197-thread-1] INFO  impl.RaftServerImpl (ServerState.java:<init>(103)) - 8cdd0bc1-cb69-4d0a-8907-e53e57dcd550@group-75FC4D260955: ConfigurationManager, init=-1: [8cdd0bc1-cb69-4d0a-8907-e53e57dcd550:192.168.151.66:44259], old=null, confs=<EMPTY_MAP>
2019-09-24 22:59:19,137 [pool-197-thread-1] INFO  server.RaftServerConfigKeys (ConfUtils.java:logGet(43)) - raft.server.storage.dir = [/workdir/hadoop-ozone/integration-test/target/test-dir/MiniOzoneClusterImpl-c5523c91-7035-4a19-985c-37f1f8f0fe10/datanode-5/data/ratis] (custom)
2019-09-24 22:59:19,138 [pool-197-thread-1] INFO  storage.RaftStorageDirectory (RaftStorageDirectory.java:analyzeStorage(246)) - The storage directory /workdir/hadoop-ozone/integration-test/target/test-dir/MiniOzoneClusterImpl-c5523c91-7035-4a19-985c-37f1f8f0fe10/datanode-5/data/ratis/3b21d6cf-d955-4e33-804a-75fc4d260955 does not exist. Creating ...
2019-09-24 22:59:19,151 [pool-197-thread-1] INFO  storage.RaftStorageDirectory (RaftStorageDirectory.java:tryLock(328)) - Lock on /workdir/hadoop-ozone/integration-test/target/test-dir/MiniOzoneClusterImpl-c5523c91-7035-4a19-985c-37f1f8f0fe10/datanode-5/data/ratis/3b21d6cf-d955-4e33-804a-75fc4d260955/in_use.lock acquired by nodename 5417@pr-hdds-2162-v2v4x-1150571016
2019-09-24 22:59:19,163 [pool-197-thread-1] INFO  storage.RaftStorage (RaftStorage.java:format(72)) - Storage directory /workdir/hadoop-ozone/integration-test/target/test-dir/MiniOzoneClusterImpl-c5523c91-7035-4a19-985c-37f1f8f0fe10/datanode-5/data/ratis/3b21d6cf-d955-4e33-804a-75fc4d260955 has been successfully formatted.
2019-09-24 22:59:19,163 [pool-197-thread-1] INFO  ratis.ContainerStateMachine (ContainerStateMachine.java:loadSnapshot(230)) - group-75FC4D260955: The snapshot info is null. Setting the last applied indexto:(t:0, i:~)
2019-09-24 22:59:19,164 [pool-197-thread-1] INFO  server.RaftServerConfigKeys (ConfUtils.java:logGet(43)) - raft.server.notification.no-leader.timeout = 120s (custom)
2019-09-24 22:59:19,164 [pool-197-thread-1] INFO  server.RaftServerConfigKeys (ConfUtils.java:logGet(43)) - raft.server.log.use.memory = false (default)
2019-09-24 22:59:19,164 [pool-197-thread-1] INFO  server.RaftServerConfigKeys (ConfUtils.java:logGet(43)) - raft.server.log.purge.gap = 1000000 (custom)
2019-09-24 22:59:19,164 [pool-197-thread-1] INFO  server.RaftServerConfigKeys (ConfUtils.java:logGet(43)) - raft.server.log.appender.buffer.byte-limit = 33554432 (custom)
2019-09-24 22:59:19,164 [pool-197-thread-1] INFO  server.RaftServerConfigKeys (ConfUtils.java:logGet(43)) - raft.server.log.segment.size.max = 1048576 (custom)
2019-09-24 22:59:19,164 [pool-197-thread-1] INFO  server.RaftServerConfigKeys (ConfUtils.java:logGet(43)) - raft.server.log.segment.cache.num.max = 2 (custom)
2019-09-24 22:59:19,164 [pool-197-thread-1] INFO  segmented.SegmentedRaftLogWorker (SegmentedRaftLogWorker.java:<init>(172)) - new 8cdd0bc1-cb69-4d0a-8907-e53e57dcd550@group-75FC4D260955-SegmentedRaftLogWorker for RaftStorage:Storage Directory /workdir/hadoop-ozone/integration-test/target/test-dir/MiniOzoneClusterImpl-c5523c91-7035-4a19-985c-37f1f8f0fe10/datanode-5/data/ratis/3b21d6cf-d955-4e33-804a-75fc4d260955
2019-09-24 22:59:19,166 [pool-197-thread-1] INFO  server.RaftServerConfigKeys (ConfUtils.java:logGet(43)) - raft.server.log.queue.byte-limit = 2147483647 (custom)
2019-09-24 22:59:19,167 [pool-197-thread-1] INFO  server.RaftServerConfigKeys (ConfUtils.java:logGet(43)) - raft.server.log.queue.element-limit = 1024 (custom)
2019-09-24 22:59:19,167 [pool-197-thread-1] INFO  server.RaftServerConfigKeys (ConfUtils.java:logGet(43)) - raft.server.log.segment.size.max = 1048576 (custom)
2019-09-24 22:59:19,167 [pool-197-thread-1] INFO  server.RaftServerConfigKeys (ConfUtils.java:logGet(43)) - raft.server.log.preallocated.size = 16384 (custom)
2019-09-24 22:59:19,167 [pool-197-thread-1] INFO  server.RaftServerConfigKeys (ConfUtils.java:logGet(43)) - raft.server.log.write.buffer.size = 33554432 (custom)
2019-09-24 22:59:19,167 [pool-197-thread-1] INFO  server.RaftServerConfigKeys (ConfUtils.java:logGet(43)) - raft.server.log.force.sync.num = 128 (default)
2019-09-24 22:59:19,167 [pool-197-thread-1] INFO  server.RaftServerConfigKeys (ConfUtils.java:logGet(43)) - raft.server.log.statemachine.data.sync = true (default)
2019-09-24 22:59:19,167 [pool-197-thread-1] INFO  server.RaftServerConfigKeys (ConfUtils.java:logGet(43)) - raft.server.log.statemachine.data.sync.timeout = 10s (default)
2019-09-24 22:59:19,168 [pool-197-thread-1] INFO  server.RaftServerConfigKeys (ConfUtils.java:logGet(43)) - raft.server.log.statemachine.data.sync.timeout.retry = -1 (default)
2019-09-24 22:59:19,168 [pool-197-thread-1] INFO  server.RaftServerConfigKeys (ConfUtils.java:logGet(43)) - raft.server.log.statemachine.data.caching.enabled = true (custom)
2019-09-24 22:59:19,168 [pool-197-thread-1] INFO  segmented.SegmentedRaftLogWorker (SegmentedRaftLogWorker.java:lambda$new$0(132)) - 8cdd0bc1-cb69-4d0a-8907-e53e57dcd550@group-75FC4D260955-SegmentedRaftLogWorker: flushIndex: setUnconditionally 0 -> -1
2019-09-24 22:59:19,168 [pool-197-thread-1] INFO  server.RaftServerConfigKeys (ConfUtils.java:logGet(43)) - raft.server.snapshot.auto.trigger.enabled = true (custom)
2019-09-24 22:59:19,169 [pool-197-thread-1] INFO  server.RaftServerConfigKeys (ConfUtils.java:logGet(43)) - raft.server.snapshot.auto.trigger.threshold = 10000 (custom)
2019-09-24 22:59:19,169 [pool-197-thread-1] INFO  server.RaftServerConfigKeys (ConfUtils.java:logGet(43)) - raft.server.snapshot.retention.num.files = 5 (custom)
2019-09-24 22:59:19,169 [pool-197-thread-1] INFO  server.RaftServerConfigKeys (ConfUtils.java:logGet(43)) - raft.server.retrycache.expirytime = 600000ms (custom)
2019-09-24 22:59:19,171 [pool-197-thread-1] INFO  impl.RaftServerImpl (RaftServerImpl.java:start(185)) - 8cdd0bc1-cb69-4d0a-8907-e53e57dcd550@group-75FC4D260955: start as a follower, conf=-1: [8cdd0bc1-cb69-4d0a-8907-e53e57dcd550:192.168.151.66:44259], old=null
2019-09-24 22:59:19,171 [pool-197-thread-1] INFO  impl.RaftServerImpl (RaftServerImpl.java:setRole(174)) - 8cdd0bc1-cb69-4d0a-8907-e53e57dcd550@group-75FC4D260955: changes role from      null to FOLLOWER at term 0 for startAsFollower
2019-09-24 22:59:19,171 [pool-197-thread-1] INFO  impl.RoleInfo (RoleInfo.java:updateAndGet(143)) - 8cdd0bc1-cb69-4d0a-8907-e53e57dcd550: start FollowerState
2019-09-24 22:59:19,172 [pool-197-thread-1] INFO  util.JmxRegister (JmxRegister.java:tryRegister(44)) - Successfully registered JMX Bean with object name Ratis:service=RaftServer,group=group-75FC4D260955,id=8cdd0bc1-cb69-4d0a-8907-e53e57dcd550
2019-09-24 22:59:19,176 [RatisPipelineUtilsThread] INFO  pipeline.PipelineStateManager (PipelineStateManager.java:addPipeline(56)) - Created pipeline Pipeline[ Id: 3b21d6cf-d955-4e33-804a-75fc4d260955, Nodes: 8cdd0bc1-cb69-4d0a-8907-e53e57dcd550{ip: 192.168.151.66, host: pr-hdds-2162-v2v4x-1150571016, networkLocation: /default-rack, certSerialId: null}, Type:RATIS, Factor:ONE, State:OPEN]
2019-09-24 22:59:19,215 [grpc-default-executor-2] INFO  impl.RaftServerProxy (RaftServerProxy.java:addNew(89)) - 388b7cca-9c2c-4db0-aaac-d908992fc736: addNew group-53F6125C0DC6:[388b7cca-9c2c-4db0-aaac-d908992fc736:192.168.151.66:36990, 71bc6376-fb27-42ba-997c-6c3cc97d63c8:192.168.151.66:39431, aaae994b-a16f-4482-b826-2f4e81d538e1:192.168.151.66:41609] returns group-53F6125C0DC6:java.util.concurrent.CompletableFuture@1c830139[Not completed]
2019-09-24 22:59:19,215 [grpc-default-executor-1] INFO  impl.RaftServerProxy (RaftServerProxy.java:addNew(89)) - aaae994b-a16f-4482-b826-2f4e81d538e1: addNew group-53F6125C0DC6:[388b7cca-9c2c-4db0-aaac-d908992fc736:192.168.151.66:36990, 71bc6376-fb27-42ba-997c-6c3cc97d63c8:192.168.151.66:39431, aaae994b-a16f-4482-b826-2f4e81d538e1:192.168.151.66:41609] returns group-53F6125C0DC6:java.util.concurrent.CompletableFuture@5b3d04c[Not completed]
2019-09-24 22:59:19,215 [grpc-default-executor-0] INFO  impl.RaftServerProxy (RaftServerProxy.java:addNew(89)) - 71bc6376-fb27-42ba-997c-6c3cc97d63c8: addNew group-53F6125C0DC6:[388b7cca-9c2c-4db0-aaac-d908992fc736:192.168.151.66:36990, 71bc6376-fb27-42ba-997c-6c3cc97d63c8:192.168.151.66:39431, aaae994b-a16f-4482-b826-2f4e81d538e1:192.168.151.66:41609] returns group-53F6125C0DC6:java.util.concurrent.CompletableFuture@796895e6[Not completed]
2019-09-24 22:59:19,217 [pool-157-thread-1] INFO  impl.RaftServerImpl (RaftServerImpl.java:<init>(95)) - 388b7cca-9c2c-4db0-aaac-d908992fc736: new RaftServerImpl for group-53F6125C0DC6:[388b7cca-9c2c-4db0-aaac-d908992fc736:192.168.151.66:36990, 71bc6376-fb27-42ba-997c-6c3cc97d63c8:192.168.151.66:39431, aaae994b-a16f-4482-b826-2f4e81d538e1:192.168.151.66:41609] with ContainerStateMachine:uninitialized
2019-09-24 22:59:19,217 [pool-157-thread-1] INFO  server.RaftServerConfigKeys (ConfUtils.java:logGet(43)) - raft.server.rpc.timeout.min = 1s (custom)
2019-09-24 22:59:19,217 [pool-157-thread-1] INFO  server.RaftServerConfigKeys (ConfUtils.java:logGet(43)) - raft.server.rpc.timeout.max = 1200ms (custom)
2019-09-24 22:59:19,217 [pool-157-thread-1] INFO  server.RaftServerConfigKeys (ConfUtils.java:logGet(43)) - raft.server.rpcslowness.timeout = 120s (custom)
2019-09-24 22:59:19,218 [pool-157-thread-1] INFO  server.RaftServerConfigKeys (ConfUtils.java:logGet(43)) - raft.server.sleep.deviation.threshold = 300 (default)
2019-09-24 22:59:19,218 [pool-157-thread-1] INFO  server.RaftServerConfigKeys (ConfUtils.java:logGet(43)) - raft.server.log.appender.install.snapshot.enabled = false (custom)
2019-09-24 22:59:19,218 [pool-147-thread-1] INFO  impl.RaftServerImpl (RaftServerImpl.java:<init>(95)) - 71bc6376-fb27-42ba-997c-6c3cc97d63c8: new RaftServerImpl for group-53F6125C0DC6:[388b7cca-9c2c-4db0-aaac-d908992fc736:192.168.151.66:36990, 71bc6376-fb27-42ba-997c-6c3cc97d63c8:192.168.151.66:39431, aaae994b-a16f-4482-b826-2f4e81d538e1:192.168.151.66:41609] with ContainerStateMachine:uninitialized
2019-09-24 22:59:19,218 [pool-157-thread-1] INFO  impl.RaftServerImpl (ServerState.java:<init>(103)) - 388b7cca-9c2c-4db0-aaac-d908992fc736@group-53F6125C0DC6: ConfigurationManager, init=-1: [388b7cca-9c2c-4db0-aaac-d908992fc736:192.168.151.66:36990, 71bc6376-fb27-42ba-997c-6c3cc97d63c8:192.168.151.66:39431, aaae994b-a16f-4482-b826-2f4e81d538e1:192.168.151.66:41609], old=null, confs=<EMPTY_MAP>
2019-09-24 22:59:19,218 [pool-147-thread-1] INFO  server.RaftServerConfigKeys (ConfUtils.java:logGet(43)) - raft.server.rpc.timeout.min = 1s (custom)
2019-09-24 22:59:19,218 [pool-157-thread-1] INFO  server.RaftServerConfigKeys (ConfUtils.java:logGet(43)) - raft.server.storage.dir = [/workdir/hadoop-ozone/integration-test/target/test-dir/MiniOzoneClusterImpl-c5523c91-7035-4a19-985c-37f1f8f0fe10/datanode-1/data/ratis] (custom)
2019-09-24 22:59:19,218 [pool-147-thread-1] INFO  server.RaftServerConfigKeys (ConfUtils.java:logGet(43)) - raft.server.rpc.timeout.max = 1200ms (custom)
2019-09-24 22:59:19,218 [pool-167-thread-1] INFO  impl.RaftServerImpl (RaftServerImpl.java:<init>(95)) - aaae994b-a16f-4482-b826-2f4e81d538e1: new RaftServerImpl for group-53F6125C0DC6:[388b7cca-9c2c-4db0-aaac-d908992fc736:192.168.151.66:36990, 71bc6376-fb27-42ba-997c-6c3cc97d63c8:192.168.151.66:39431, aaae994b-a16f-4482-b826-2f4e81d538e1:192.168.151.66:41609] with ContainerStateMachine:uninitialized
2019-09-24 22:59:19,218 [pool-147-thread-1] INFO  server.RaftServerConfigKeys (ConfUtils.java:logGet(43)) - raft.server.rpcslowness.timeout = 120s (custom)
2019-09-24 22:59:19,219 [pool-167-thread-1] INFO  server.RaftServerConfigKeys (ConfUtils.java:logGet(43)) - raft.server.rpc.timeout.min = 1s (custom)
2019-09-24 22:59:19,219 [pool-157-thread-1] INFO  storage.RaftStorageDirectory (RaftStorageDirectory.java:analyzeStorage(246)) - The storage directory /workdir/hadoop-ozone/integration-test/target/test-dir/MiniOzoneClusterImpl-c5523c91-7035-4a19-985c-37f1f8f0fe10/datanode-1/data/ratis/77c17125-02e0-4d92-af5f-53f6125c0dc6 does not exist. Creating ...
2019-09-24 22:59:19,219 [pool-167-thread-1] INFO  server.RaftServerConfigKeys (ConfUtils.java:logGet(43)) - raft.server.rpc.timeout.max = 1200ms (custom)
2019-09-24 22:59:19,219 [pool-167-thread-1] INFO  server.RaftServerConfigKeys (ConfUtils.java:logGet(43)) - raft.server.rpcslowness.timeout = 120s (custom)
2019-09-24 22:59:19,219 [pool-147-thread-1] INFO  server.RaftServerConfigKeys (ConfUtils.java:logGet(43)) - raft.server.sleep.deviation.threshold = 300 (default)
2019-09-24 22:59:19,219 [pool-167-thread-1] INFO  server.RaftServerConfigKeys (ConfUtils.java:logGet(43)) - raft.server.sleep.deviation.threshold = 300 (default)
2019-09-24 22:59:19,220 [pool-147-thread-1] INFO  server.RaftServerConfigKeys (ConfUtils.java:logGet(43)) - raft.server.log.appender.install.snapshot.enabled = false (custom)
2019-09-24 22:59:19,220 [pool-167-thread-1] INFO  server.RaftServerConfigKeys (ConfUtils.java:logGet(43)) - raft.server.log.appender.install.snapshot.enabled = false (custom)
2019-09-24 22:59:19,220 [pool-147-thread-1] INFO  impl.RaftServerImpl (ServerState.java:<init>(103)) - 71bc6376-fb27-42ba-997c-6c3cc97d63c8@group-53F6125C0DC6: ConfigurationManager, init=-1: [388b7cca-9c2c-4db0-aaac-d908992fc736:192.168.151.66:36990, 71bc6376-fb27-42ba-997c-6c3cc97d63c8:192.168.151.66:39431, aaae994b-a16f-4482-b826-2f4e81d538e1:192.168.151.66:41609], old=null, confs=<EMPTY_MAP>
2019-09-24 22:59:19,220 [pool-167-thread-1] INFO  impl.RaftServerImpl (ServerState.java:<init>(103)) - aaae994b-a16f-4482-b826-2f4e81d538e1@group-53F6125C0DC6: ConfigurationManager, init=-1: [388b7cca-9c2c-4db0-aaac-d908992fc736:192.168.151.66:36990, 71bc6376-fb27-42ba-997c-6c3cc97d63c8:192.168.151.66:39431, aaae994b-a16f-4482-b826-2f4e81d538e1:192.168.151.66:41609], old=null, confs=<EMPTY_MAP>
2019-09-24 22:59:19,220 [pool-147-thread-1] INFO  server.RaftServerConfigKeys (ConfUtils.java:logGet(43)) - raft.server.storage.dir = [/workdir/hadoop-ozone/integration-test/target/test-dir/MiniOzoneClusterImpl-c5523c91-7035-4a19-985c-37f1f8f0fe10/datanode-0/data/ratis] (custom)
2019-09-24 22:59:19,221 [pool-167-thread-1] INFO  server.RaftServerConfigKeys (ConfUtils.java:logGet(43)) - raft.server.storage.dir = [/workdir/hadoop-ozone/integration-test/target/test-dir/MiniOzoneClusterImpl-c5523c91-7035-4a19-985c-37f1f8f0fe10/datanode-2/data/ratis] (custom)
2019-09-24 22:59:19,221 [pool-147-thread-1] INFO  storage.RaftStorageDirectory (RaftStorageDirectory.java:analyzeStorage(246)) - The storage directory /workdir/hadoop-ozone/integration-test/target/test-dir/MiniOzoneClusterImpl-c5523c91-7035-4a19-985c-37f1f8f0fe10/datanode-0/data/ratis/77c17125-02e0-4d92-af5f-53f6125c0dc6 does not exist. Creating ...
2019-09-24 22:59:19,221 [pool-167-thread-1] INFO  storage.RaftStorageDirectory (RaftStorageDirectory.java:analyzeStorage(246)) - The storage directory /workdir/hadoop-ozone/integration-test/target/test-dir/MiniOzoneClusterImpl-c5523c91-7035-4a19-985c-37f1f8f0fe10/datanode-2/data/ratis/77c17125-02e0-4d92-af5f-53f6125c0dc6 does not exist. Creating ...
2019-09-24 22:59:19,233 [pool-157-thread-1] INFO  storage.RaftStorageDirectory (RaftStorageDirectory.java:tryLock(328)) - Lock on /workdir/hadoop-ozone/integration-test/target/test-dir/MiniOzoneClusterImpl-c5523c91-7035-4a19-985c-37f1f8f0fe10/datanode-1/data/ratis/77c17125-02e0-4d92-af5f-53f6125c0dc6/in_use.lock acquired by nodename 5417@pr-hdds-2162-v2v4x-1150571016
2019-09-24 22:59:19,233 [pool-167-thread-1] INFO  storage.RaftStorageDirectory (RaftStorageDirectory.java:tryLock(328)) - Lock on /workdir/hadoop-ozone/integration-test/target/test-dir/MiniOzoneClusterImpl-c5523c91-7035-4a19-985c-37f1f8f0fe10/datanode-2/data/ratis/77c17125-02e0-4d92-af5f-53f6125c0dc6/in_use.lock acquired by nodename 5417@pr-hdds-2162-v2v4x-1150571016
2019-09-24 22:59:19,233 [pool-147-thread-1] INFO  storage.RaftStorageDirectory (RaftStorageDirectory.java:tryLock(328)) - Lock on /workdir/hadoop-ozone/integration-test/target/test-dir/MiniOzoneClusterImpl-c5523c91-7035-4a19-985c-37f1f8f0fe10/datanode-0/data/ratis/77c17125-02e0-4d92-af5f-53f6125c0dc6/in_use.lock acquired by nodename 5417@pr-hdds-2162-v2v4x-1150571016
2019-09-24 22:59:19,247 [pool-157-thread-1] INFO  storage.RaftStorage (RaftStorage.java:format(72)) - Storage directory /workdir/hadoop-ozone/integration-test/target/test-dir/MiniOzoneClusterImpl-c5523c91-7035-4a19-985c-37f1f8f0fe10/datanode-1/data/ratis/77c17125-02e0-4d92-af5f-53f6125c0dc6 has been successfully formatted.
2019-09-24 22:59:19,247 [pool-167-thread-1] INFO  storage.RaftStorage (RaftStorage.java:format(72)) - Storage directory /workdir/hadoop-ozone/integration-test/target/test-dir/MiniOzoneClusterImpl-c5523c91-7035-4a19-985c-37f1f8f0fe10/datanode-2/data/ratis/77c17125-02e0-4d92-af5f-53f6125c0dc6 has been successfully formatted.
2019-09-24 22:59:19,247 [pool-147-thread-1] INFO  storage.RaftStorage (RaftStorage.java:format(72)) - Storage directory /workdir/hadoop-ozone/integration-test/target/test-dir/MiniOzoneClusterImpl-c5523c91-7035-4a19-985c-37f1f8f0fe10/datanode-0/data/ratis/77c17125-02e0-4d92-af5f-53f6125c0dc6 has been successfully formatted.
2019-09-24 22:59:19,247 [pool-167-thread-1] INFO  ratis.ContainerStateMachine (ContainerStateMachine.java:loadSnapshot(230)) - group-53F6125C0DC6: The snapshot info is null. Setting the last applied indexto:(t:0, i:~)
2019-09-24 22:59:19,247 [pool-157-thread-1] INFO  ratis.ContainerStateMachine (ContainerStateMachine.java:loadSnapshot(230)) - group-53F6125C0DC6: The snapshot info is null. Setting the last applied indexto:(t:0, i:~)
2019-09-24 22:59:19,247 [pool-167-thread-1] INFO  server.RaftServerConfigKeys (ConfUtils.java:logGet(43)) - raft.server.notification.no-leader.timeout = 120s (custom)
2019-09-24 22:59:19,247 [pool-147-thread-1] INFO  ratis.ContainerStateMachine (ContainerStateMachine.java:loadSnapshot(230)) - group-53F6125C0DC6: The snapshot info is null. Setting the last applied indexto:(t:0, i:~)
2019-09-24 22:59:19,248 [pool-167-thread-1] INFO  server.RaftServerConfigKeys (ConfUtils.java:logGet(43)) - raft.server.log.use.memory = false (default)
2019-09-24 22:59:19,248 [pool-157-thread-1] INFO  server.RaftServerConfigKeys (ConfUtils.java:logGet(43)) - raft.server.notification.no-leader.timeout = 120s (custom)
2019-09-24 22:59:19,248 [pool-167-thread-1] INFO  server.RaftServerConfigKeys (ConfUtils.java:logGet(43)) - raft.server.log.purge.gap = 1000000 (custom)
2019-09-24 22:59:19,248 [pool-147-thread-1] INFO  server.RaftServerConfigKeys (ConfUtils.java:logGet(43)) - raft.server.notification.no-leader.timeout = 120s (custom)
2019-09-24 22:59:19,248 [pool-167-thread-1] INFO  server.RaftServerConfigKeys (ConfUtils.java:logGet(43)) - raft.server.log.appender.buffer.byte-limit = 33554432 (custom)
2019-09-24 22:59:19,248 [pool-157-thread-1] INFO  server.RaftServerConfigKeys (ConfUtils.java:logGet(43)) - raft.server.log.use.memory = false (default)
2019-09-24 22:59:19,249 [pool-167-thread-1] INFO  server.RaftServerConfigKeys (ConfUtils.java:logGet(43)) - raft.server.log.segment.size.max = 1048576 (custom)
2019-09-24 22:59:19,248 [pool-147-thread-1] INFO  server.RaftServerConfigKeys (ConfUtils.java:logGet(43)) - raft.server.log.use.memory = false (default)
2019-09-24 22:59:19,249 [pool-167-thread-1] INFO  server.RaftServerConfigKeys (ConfUtils.java:logGet(43)) - raft.server.log.segment.cache.num.max = 2 (custom)
2019-09-24 22:59:19,249 [pool-157-thread-1] INFO  server.RaftServerConfigKeys (ConfUtils.java:logGet(43)) - raft.server.log.purge.gap = 1000000 (custom)
2019-09-24 22:59:19,249 [pool-167-thread-1] INFO  segmented.SegmentedRaftLogWorker (SegmentedRaftLogWorker.java:<init>(172)) - new aaae994b-a16f-4482-b826-2f4e81d538e1@group-53F6125C0DC6-SegmentedRaftLogWorker for RaftStorage:Storage Directory /workdir/hadoop-ozone/integration-test/target/test-dir/MiniOzoneClusterImpl-c5523c91-7035-4a19-985c-37f1f8f0fe10/datanode-2/data/ratis/77c17125-02e0-4d92-af5f-53f6125c0dc6
2019-09-24 22:59:19,249 [pool-147-thread-1] INFO  server.RaftServerConfigKeys (ConfUtils.java:logGet(43)) - raft.server.log.purge.gap = 1000000 (custom)
2019-09-24 22:59:19,250 [pool-167-thread-1] INFO  server.RaftServerConfigKeys (ConfUtils.java:logGet(43)) - raft.server.log.queue.byte-limit = 2147483647 (custom)
2019-09-24 22:59:19,250 [pool-157-thread-1] INFO  server.RaftServerConfigKeys (ConfUtils.java:logGet(43)) - raft.server.log.appender.buffer.byte-limit = 33554432 (custom)
2019-09-24 22:59:19,250 [pool-167-thread-1] INFO  server.RaftServerConfigKeys (ConfUtils.java:logGet(43)) - raft.server.log.queue.element-limit = 1024 (custom)
2019-09-24 22:59:19,250 [pool-147-thread-1] INFO  server.RaftServerConfigKeys (ConfUtils.java:logGet(43)) - raft.server.log.appender.buffer.byte-limit = 33554432 (custom)
2019-09-24 22:59:19,250 [pool-167-thread-1] INFO  server.RaftServerConfigKeys (ConfUtils.java:logGet(43)) - raft.server.log.segment.size.max = 1048576 (custom)
2019-09-24 22:59:19,250 [pool-157-thread-1] INFO  server.RaftServerConfigKeys (ConfUtils.java:logGet(43)) - raft.server.log.segment.size.max = 1048576 (custom)
2019-09-24 22:59:19,251 [pool-167-thread-1] INFO  server.RaftServerConfigKeys (ConfUtils.java:logGet(43)) - raft.server.log.preallocated.size = 16384 (custom)
2019-09-24 22:59:19,251 [pool-167-thread-1] INFO  server.RaftServerConfigKeys (ConfUtils.java:logGet(43)) - raft.server.log.write.buffer.size = 33554432 (custom)
2019-09-24 22:59:19,251 [pool-147-thread-1] INFO  server.RaftServerConfigKeys (ConfUtils.java:logGet(43)) - raft.server.log.segment.size.max = 1048576 (custom)
2019-09-24 22:59:19,251 [pool-167-thread-1] INFO  server.RaftServerConfigKeys (ConfUtils.java:logGet(43)) - raft.server.log.force.sync.num = 128 (default)
2019-09-24 22:59:19,251 [pool-157-thread-1] INFO  server.RaftServerConfigKeys (ConfUtils.java:logGet(43)) - raft.server.log.segment.cache.num.max = 2 (custom)
2019-09-24 22:59:19,252 [pool-157-thread-1] INFO  segmented.SegmentedRaftLogWorker (SegmentedRaftLogWorker.java:<init>(172)) - new 388b7cca-9c2c-4db0-aaac-d908992fc736@group-53F6125C0DC6-SegmentedRaftLogWorker for RaftStorage:Storage Directory /workdir/hadoop-ozone/integration-test/target/test-dir/MiniOzoneClusterImpl-c5523c91-7035-4a19-985c-37f1f8f0fe10/datanode-1/data/ratis/77c17125-02e0-4d92-af5f-53f6125c0dc6
2019-09-24 22:59:19,252 [pool-167-thread-1] INFO  server.RaftServerConfigKeys (ConfUtils.java:logGet(43)) - raft.server.log.statemachine.data.sync = true (default)
2019-09-24 22:59:19,251 [pool-147-thread-1] INFO  server.RaftServerConfigKeys (ConfUtils.java:logGet(43)) - raft.server.log.segment.cache.num.max = 2 (custom)
2019-09-24 22:59:19,252 [pool-167-thread-1] INFO  server.RaftServerConfigKeys (ConfUtils.java:logGet(43)) - raft.server.log.statemachine.data.sync.timeout = 10s (default)
2019-09-24 22:59:19,252 [pool-157-thread-1] INFO  server.RaftServerConfigKeys (ConfUtils.java:logGet(43)) - raft.server.log.queue.byte-limit = 2147483647 (custom)
2019-09-24 22:59:19,252 [pool-167-thread-1] INFO  server.RaftServerConfigKeys (ConfUtils.java:logGet(43)) - raft.server.log.statemachine.data.sync.timeout.retry = -1 (default)
2019-09-24 22:59:19,252 [pool-147-thread-1] INFO  segmented.SegmentedRaftLogWorker (SegmentedRaftLogWorker.java:<init>(172)) - new 71bc6376-fb27-42ba-997c-6c3cc97d63c8@group-53F6125C0DC6-SegmentedRaftLogWorker for RaftStorage:Storage Directory /workdir/hadoop-ozone/integration-test/target/test-dir/MiniOzoneClusterImpl-c5523c91-7035-4a19-985c-37f1f8f0fe10/datanode-0/data/ratis/77c17125-02e0-4d92-af5f-53f6125c0dc6
2019-09-24 22:59:19,253 [pool-167-thread-1] INFO  server.RaftServerConfigKeys (ConfUtils.java:logGet(43)) - raft.server.log.statemachine.data.caching.enabled = true (custom)
2019-09-24 22:59:19,253 [pool-157-thread-1] INFO  server.RaftServerConfigKeys (ConfUtils.java:logGet(43)) - raft.server.log.queue.element-limit = 1024 (custom)
2019-09-24 22:59:19,253 [pool-147-thread-1] INFO  server.RaftServerConfigKeys (ConfUtils.java:logGet(43)) - raft.server.log.queue.byte-limit = 2147483647 (custom)
2019-09-24 22:59:19,253 [pool-167-thread-1] INFO  segmented.SegmentedRaftLogWorker (SegmentedRaftLogWorker.java:lambda$new$0(132)) - aaae994b-a16f-4482-b826-2f4e81d538e1@group-53F6125C0DC6-SegmentedRaftLogWorker: flushIndex: setUnconditionally 0 -> -1
2019-09-24 22:59:19,253 [pool-157-thread-1] INFO  server.RaftServerConfigKeys (ConfUtils.java:logGet(43)) - raft.server.log.segment.size.max = 1048576 (custom)
2019-09-24 22:59:19,253 [pool-147-thread-1] INFO  server.RaftServerConfigKeys (ConfUtils.java:logGet(43)) - raft.server.log.queue.element-limit = 1024 (custom)
2019-09-24 22:59:19,254 [pool-167-thread-1] INFO  server.RaftServerConfigKeys (ConfUtils.java:logGet(43)) - raft.server.snapshot.auto.trigger.enabled = true (custom)
2019-09-24 22:59:19,254 [pool-157-thread-1] INFO  server.RaftServerConfigKeys (ConfUtils.java:logGet(43)) - raft.server.log.preallocated.size = 16384 (custom)
2019-09-24 22:59:19,254 [pool-167-thread-1] INFO  server.RaftServerConfigKeys (ConfUtils.java:logGet(43)) - raft.server.snapshot.auto.trigger.threshold = 10000 (custom)
2019-09-24 22:59:19,254 [pool-147-thread-1] INFO  server.RaftServerConfigKeys (ConfUtils.java:logGet(43)) - raft.server.log.segment.size.max = 1048576 (custom)
2019-09-24 22:59:19,254 [pool-167-thread-1] INFO  server.RaftServerConfigKeys (ConfUtils.java:logGet(43)) - raft.server.snapshot.retention.num.files = 5 (custom)
2019-09-24 22:59:19,254 [pool-157-thread-1] INFO  server.RaftServerConfigKeys (ConfUtils.java:logGet(43)) - raft.server.log.write.buffer.size = 33554432 (custom)
2019-09-24 22:59:19,255 [pool-167-thread-1] INFO  server.RaftServerConfigKeys (ConfUtils.java:logGet(43)) - raft.server.retrycache.expirytime = 600000ms (custom)
2019-09-24 22:59:19,254 [pool-147-thread-1] INFO  server.RaftServerConfigKeys (ConfUtils.java:logGet(43)) - raft.server.log.preallocated.size = 16384 (custom)
2019-09-24 22:59:19,255 [pool-157-thread-1] INFO  server.RaftServerConfigKeys (ConfUtils.java:logGet(43)) - raft.server.log.force.sync.num = 128 (default)
2019-09-24 22:59:19,255 [pool-147-thread-1] INFO  server.RaftServerConfigKeys (ConfUtils.java:logGet(43)) - raft.server.log.write.buffer.size = 33554432 (custom)
2019-09-24 22:59:19,255 [pool-157-thread-1] INFO  server.RaftServerConfigKeys (ConfUtils.java:logGet(43)) - raft.server.log.statemachine.data.sync = true (default)
2019-09-24 22:59:19,255 [pool-147-thread-1] INFO  server.RaftServerConfigKeys (ConfUtils.java:logGet(43)) - raft.server.log.force.sync.num = 128 (default)
2019-09-24 22:59:19,255 [pool-157-thread-1] INFO  server.RaftServerConfigKeys (ConfUtils.java:logGet(43)) - raft.server.log.statemachine.data.sync.timeout = 10s (default)
2019-09-24 22:59:19,255 [pool-147-thread-1] INFO  server.RaftServerConfigKeys (ConfUtils.java:logGet(43)) - raft.server.log.statemachine.data.sync = true (default)
2019-09-24 22:59:19,256 [pool-157-thread-1] INFO  server.RaftServerConfigKeys (ConfUtils.java:logGet(43)) - raft.server.log.statemachine.data.sync.timeout.retry = -1 (default)
2019-09-24 22:59:19,256 [pool-147-thread-1] INFO  server.RaftServerConfigKeys (ConfUtils.java:logGet(43)) - raft.server.log.statemachine.data.sync.timeout = 10s (default)
2019-09-24 22:59:19,256 [pool-157-thread-1] INFO  server.RaftServerConfigKeys (ConfUtils.java:logGet(43)) - raft.server.log.statemachine.data.caching.enabled = true (custom)
2019-09-24 22:59:19,256 [pool-147-thread-1] INFO  server.RaftServerConfigKeys (ConfUtils.java:logGet(43)) - raft.server.log.statemachine.data.sync.timeout.retry = -1 (default)
2019-09-24 22:59:19,256 [pool-157-thread-1] INFO  segmented.SegmentedRaftLogWorker (SegmentedRaftLogWorker.java:lambda$new$0(132)) - 388b7cca-9c2c-4db0-aaac-d908992fc736@group-53F6125C0DC6-SegmentedRaftLogWorker: flushIndex: setUnconditionally 0 -> -1
2019-09-24 22:59:19,256 [pool-147-thread-1] INFO  server.RaftServerConfigKeys (ConfUtils.java:logGet(43)) - raft.server.log.statemachine.data.caching.enabled = true (custom)
2019-09-24 22:59:19,257 [pool-157-thread-1] INFO  server.RaftServerConfigKeys (ConfUtils.java:logGet(43)) - raft.server.snapshot.auto.trigger.enabled = true (custom)
2019-09-24 22:59:19,257 [pool-157-thread-1] INFO  server.RaftServerConfigKeys (ConfUtils.java:logGet(43)) - raft.server.snapshot.auto.trigger.threshold = 10000 (custom)
2019-09-24 22:59:19,257 [pool-157-thread-1] INFO  server.RaftServerConfigKeys (ConfUtils.java:logGet(43)) - raft.server.snapshot.retention.num.files = 5 (custom)
2019-09-24 22:59:19,257 [pool-147-thread-1] INFO  segmented.SegmentedRaftLogWorker (SegmentedRaftLogWorker.java:lambda$new$0(132)) - 71bc6376-fb27-42ba-997c-6c3cc97d63c8@group-53F6125C0DC6-SegmentedRaftLogWorker: flushIndex: setUnconditionally 0 -> -1
2019-09-24 22:59:19,258 [pool-157-thread-1] INFO  server.RaftServerConfigKeys (ConfUtils.java:logGet(43)) - raft.server.retrycache.expirytime = 600000ms (custom)
2019-09-24 22:59:19,258 [pool-167-thread-1] INFO  impl.RaftServerImpl (RaftServerImpl.java:start(185)) - aaae994b-a16f-4482-b826-2f4e81d538e1@group-53F6125C0DC6: start as a follower, conf=-1: [388b7cca-9c2c-4db0-aaac-d908992fc736:192.168.151.66:36990, 71bc6376-fb27-42ba-997c-6c3cc97d63c8:192.168.151.66:39431, aaae994b-a16f-4482-b826-2f4e81d538e1:192.168.151.66:41609], old=null
2019-09-24 22:59:19,258 [pool-147-thread-1] INFO  server.RaftServerConfigKeys (ConfUtils.java:logGet(43)) - raft.server.snapshot.auto.trigger.enabled = true (custom)
2019-09-24 22:59:19,258 [pool-167-thread-1] INFO  impl.RaftServerImpl (RaftServerImpl.java:setRole(174)) - aaae994b-a16f-4482-b826-2f4e81d538e1@group-53F6125C0DC6: changes role from      null to FOLLOWER at term 0 for startAsFollower
2019-09-24 22:59:19,258 [pool-147-thread-1] INFO  server.RaftServerConfigKeys (ConfUtils.java:logGet(43)) - raft.server.snapshot.auto.trigger.threshold = 10000 (custom)
2019-09-24 22:59:19,258 [pool-167-thread-1] INFO  impl.RoleInfo (RoleInfo.java:updateAndGet(143)) - aaae994b-a16f-4482-b826-2f4e81d538e1: start FollowerState
2019-09-24 22:59:19,258 [pool-147-thread-1] INFO  server.RaftServerConfigKeys (ConfUtils.java:logGet(43)) - raft.server.snapshot.retention.num.files = 5 (custom)
2019-09-24 22:59:19,259 [pool-147-thread-1] INFO  server.RaftServerConfigKeys (ConfUtils.java:logGet(43)) - raft.server.retrycache.expirytime = 600000ms (custom)
2019-09-24 22:59:19,259 [pool-167-thread-1] INFO  util.JmxRegister (JmxRegister.java:tryRegister(44)) - Successfully registered JMX Bean with object name Ratis:service=RaftServer,group=group-53F6125C0DC6,id=aaae994b-a16f-4482-b826-2f4e81d538e1
2019-09-24 22:59:19,259 [pool-157-thread-1] INFO  impl.RaftServerImpl (RaftServerImpl.java:start(185)) - 388b7cca-9c2c-4db0-aaac-d908992fc736@group-53F6125C0DC6: start as a follower, conf=-1: [388b7cca-9c2c-4db0-aaac-d908992fc736:192.168.151.66:36990, 71bc6376-fb27-42ba-997c-6c3cc97d63c8:192.168.151.66:39431, aaae994b-a16f-4482-b826-2f4e81d538e1:192.168.151.66:41609], old=null
2019-09-24 22:59:19,259 [pool-157-thread-1] INFO  impl.RaftServerImpl (RaftServerImpl.java:setRole(174)) - 388b7cca-9c2c-4db0-aaac-d908992fc736@group-53F6125C0DC6: changes role from      null to FOLLOWER at term 0 for startAsFollower
2019-09-24 22:59:19,259 [pool-157-thread-1] INFO  impl.RoleInfo (RoleInfo.java:updateAndGet(143)) - 388b7cca-9c2c-4db0-aaac-d908992fc736: start FollowerState
2019-09-24 22:59:19,260 [pool-157-thread-1] INFO  util.JmxRegister (JmxRegister.java:tryRegister(44)) - Successfully registered JMX Bean with object name Ratis:service=RaftServer,group=group-53F6125C0DC6,id=388b7cca-9c2c-4db0-aaac-d908992fc736
2019-09-24 22:59:19,266 [pool-147-thread-1] INFO  impl.RaftServerImpl (RaftServerImpl.java:start(185)) - 71bc6376-fb27-42ba-997c-6c3cc97d63c8@group-53F6125C0DC6: start as a follower, conf=-1: [388b7cca-9c2c-4db0-aaac-d908992fc736:192.168.151.66:36990, 71bc6376-fb27-42ba-997c-6c3cc97d63c8:192.168.151.66:39431, aaae994b-a16f-4482-b826-2f4e81d538e1:192.168.151.66:41609], old=null
2019-09-24 22:59:19,266 [pool-147-thread-1] INFO  impl.RaftServerImpl (RaftServerImpl.java:setRole(174)) - 71bc6376-fb27-42ba-997c-6c3cc97d63c8@group-53F6125C0DC6: changes role from      null to FOLLOWER at term 0 for startAsFollower
2019-09-24 22:59:19,267 [pool-147-thread-1] INFO  impl.RoleInfo (RoleInfo.java:updateAndGet(143)) - 71bc6376-fb27-42ba-997c-6c3cc97d63c8: start FollowerState
2019-09-24 22:59:19,267 [pool-147-thread-1] INFO  util.JmxRegister (JmxRegister.java:tryRegister(44)) - Successfully registered JMX Bean with object name Ratis:service=RaftServer,group=group-53F6125C0DC6,id=71bc6376-fb27-42ba-997c-6c3cc97d63c8
2019-09-24 22:59:19,271 [RatisPipelineUtilsThread] INFO  pipeline.PipelineStateManager (PipelineStateManager.java:addPipeline(56)) - Created pipeline Pipeline[ Id: 77c17125-02e0-4d92-af5f-53f6125c0dc6, Nodes: 388b7cca-9c2c-4db0-aaac-d908992fc736{ip: 192.168.151.66, host: pr-hdds-2162-v2v4x-1150571016, networkLocation: /default-rack, certSerialId: null}71bc6376-fb27-42ba-997c-6c3cc97d63c8{ip: 192.168.151.66, host: pr-hdds-2162-v2v4x-1150571016, networkLocation: /default-rack, certSerialId: null}aaae994b-a16f-4482-b826-2f4e81d538e1{ip: 192.168.151.66, host: pr-hdds-2162-v2v4x-1150571016, networkLocation: /default-rack, certSerialId: null}, Type:RATIS, Factor:THREE, State:OPEN]
2019-09-24 22:59:19,292 [grpc-default-executor-1] INFO  impl.RaftServerProxy (RaftServerProxy.java:addNew(89)) - 8cdd0bc1-cb69-4d0a-8907-e53e57dcd550: addNew group-90EC4100B693:[4b299780-dc83-45c0-badb-1ce934706cf1:192.168.151.66:34891, 3a9ef4cb-9f73-43f2-9ef0-73623fc2079e:192.168.151.66:39459, 8cdd0bc1-cb69-4d0a-8907-e53e57dcd550:192.168.151.66:44259] returns group-90EC4100B693:java.util.concurrent.CompletableFuture@6e2a730b[Not completed]
2019-09-24 22:59:19,294 [grpc-default-executor-0] INFO  impl.RaftServerProxy (RaftServerProxy.java:addNew(89)) - 4b299780-dc83-45c0-badb-1ce934706cf1: addNew group-90EC4100B693:[4b299780-dc83-45c0-badb-1ce934706cf1:192.168.151.66:34891, 3a9ef4cb-9f73-43f2-9ef0-73623fc2079e:192.168.151.66:39459, 8cdd0bc1-cb69-4d0a-8907-e53e57dcd550:192.168.151.66:44259] returns group-90EC4100B693:java.util.concurrent.CompletableFuture@75ea721d[Not completed]
2019-09-24 22:59:19,294 [grpc-default-executor-2] INFO  impl.RaftServerProxy (RaftServerProxy.java:addNew(89)) - 3a9ef4cb-9f73-43f2-9ef0-73623fc2079e: addNew group-90EC4100B693:[4b299780-dc83-45c0-badb-1ce934706cf1:192.168.151.66:34891, 3a9ef4cb-9f73-43f2-9ef0-73623fc2079e:192.168.151.66:39459, 8cdd0bc1-cb69-4d0a-8907-e53e57dcd550:192.168.151.66:44259] returns group-90EC4100B693:java.util.concurrent.CompletableFuture@59819ccd[Not completed]
2019-09-24 22:59:19,297 [pool-197-thread-1] INFO  impl.RaftServerImpl (RaftServerImpl.java:<init>(95)) - 8cdd0bc1-cb69-4d0a-8907-e53e57dcd550: new RaftServerImpl for group-90EC4100B693:[4b299780-dc83-45c0-badb-1ce934706cf1:192.168.151.66:34891, 3a9ef4cb-9f73-43f2-9ef0-73623fc2079e:192.168.151.66:39459, 8cdd0bc1-cb69-4d0a-8907-e53e57dcd550:192.168.151.66:44259] with ContainerStateMachine:uninitialized
2019-09-24 22:59:19,297 [pool-197-thread-1] INFO  server.RaftServerConfigKeys (ConfUtils.java:logGet(43)) - raft.server.rpc.timeout.min = 1s (custom)
2019-09-24 22:59:19,297 [pool-197-thread-1] INFO  server.RaftServerConfigKeys (ConfUtils.java:logGet(43)) - raft.server.rpc.timeout.max = 1200ms (custom)
2019-09-24 22:59:19,297 [pool-177-thread-1] INFO  impl.RaftServerImpl (RaftServerImpl.java:<init>(95)) - 3a9ef4cb-9f73-43f2-9ef0-73623fc2079e: new RaftServerImpl for group-90EC4100B693:[4b299780-dc83-45c0-badb-1ce934706cf1:192.168.151.66:34891, 3a9ef4cb-9f73-43f2-9ef0-73623fc2079e:192.168.151.66:39459, 8cdd0bc1-cb69-4d0a-8907-e53e57dcd550:192.168.151.66:44259] with ContainerStateMachine:uninitialized
2019-09-24 22:59:19,297 [pool-197-thread-1] INFO  server.RaftServerConfigKeys (ConfUtils.java:logGet(43)) - raft.server.rpcslowness.timeout = 120s (custom)
2019-09-24 22:59:19,297 [pool-177-thread-1] INFO  server.RaftServerConfigKeys (ConfUtils.java:logGet(43)) - raft.server.rpc.timeout.min = 1s (custom)
2019-09-24 22:59:19,298 [pool-187-thread-1] INFO  impl.RaftServerImpl (RaftServerImpl.java:<init>(95)) - 4b299780-dc83-45c0-badb-1ce934706cf1: new RaftServerImpl for group-90EC4100B693:[4b299780-dc83-45c0-badb-1ce934706cf1:192.168.151.66:34891, 3a9ef4cb-9f73-43f2-9ef0-73623fc2079e:192.168.151.66:39459, 8cdd0bc1-cb69-4d0a-8907-e53e57dcd550:192.168.151.66:44259] with ContainerStateMachine:uninitialized
2019-09-24 22:59:19,298 [pool-197-thread-1] INFO  server.RaftServerConfigKeys (ConfUtils.java:logGet(43)) - raft.server.sleep.deviation.threshold = 300 (default)
2019-09-24 22:59:19,298 [pool-187-thread-1] INFO  server.RaftServerConfigKeys (ConfUtils.java:logGet(43)) - raft.server.rpc.timeout.min = 1s (custom)
2019-09-24 22:59:19,298 [pool-177-thread-1] INFO  server.RaftServerConfigKeys (ConfUtils.java:logGet(43)) - raft.server.rpc.timeout.max = 1200ms (custom)
2019-09-24 22:59:19,298 [pool-187-thread-1] INFO  server.RaftServerConfigKeys (ConfUtils.java:logGet(43)) - raft.server.rpc.timeout.max = 1200ms (custom)
2019-09-24 22:59:19,298 [pool-197-thread-1] INFO  server.RaftServerConfigKeys (ConfUtils.java:logGet(43)) - raft.server.log.appender.install.snapshot.enabled = false (custom)
2019-09-24 22:59:19,298 [pool-187-thread-1] INFO  server.RaftServerConfigKeys (ConfUtils.java:logGet(43)) - raft.server.rpcslowness.timeout = 120s (custom)
2019-09-24 22:59:19,299 [pool-187-thread-1] INFO  server.RaftServerConfigKeys (ConfUtils.java:logGet(43)) - raft.server.sleep.deviation.threshold = 300 (default)
2019-09-24 22:59:19,298 [pool-177-thread-1] INFO  server.RaftServerConfigKeys (ConfUtils.java:logGet(43)) - raft.server.rpcslowness.timeout = 120s (custom)
2019-09-24 22:59:19,299 [pool-187-thread-1] INFO  server.RaftServerConfigKeys (ConfUtils.java:logGet(43)) - raft.server.log.appender.install.snapshot.enabled = false (custom)
2019-09-24 22:59:19,299 [pool-197-thread-1] INFO  impl.RaftServerImpl (ServerState.java:<init>(103)) - 8cdd0bc1-cb69-4d0a-8907-e53e57dcd550@group-90EC4100B693: ConfigurationManager, init=-1: [4b299780-dc83-45c0-badb-1ce934706cf1:192.168.151.66:34891, 3a9ef4cb-9f73-43f2-9ef0-73623fc2079e:192.168.151.66:39459, 8cdd0bc1-cb69-4d0a-8907-e53e57dcd550:192.168.151.66:44259], old=null, confs=<EMPTY_MAP>
2019-09-24 22:59:19,299 [pool-187-thread-1] INFO  impl.RaftServerImpl (ServerState.java:<init>(103)) - 4b299780-dc83-45c0-badb-1ce934706cf1@group-90EC4100B693: ConfigurationManager, init=-1: [4b299780-dc83-45c0-badb-1ce934706cf1:192.168.151.66:34891, 3a9ef4cb-9f73-43f2-9ef0-73623fc2079e:192.168.151.66:39459, 8cdd0bc1-cb69-4d0a-8907-e53e57dcd550:192.168.151.66:44259], old=null, confs=<EMPTY_MAP>
2019-09-24 22:59:19,299 [pool-177-thread-1] INFO  server.RaftServerConfigKeys (ConfUtils.java:logGet(43)) - raft.server.sleep.deviation.threshold = 300 (default)
2019-09-24 22:59:19,299 [pool-197-thread-1] INFO  server.RaftServerConfigKeys (ConfUtils.java:logGet(43)) - raft.server.storage.dir = [/workdir/hadoop-ozone/integration-test/target/test-dir/MiniOzoneClusterImpl-c5523c91-7035-4a19-985c-37f1f8f0fe10/datanode-5/data/ratis] (custom)
2019-09-24 22:59:19,299 [pool-187-thread-1] INFO  server.RaftServerConfigKeys (ConfUtils.java:logGet(43)) - raft.server.storage.dir = [/workdir/hadoop-ozone/integration-test/target/test-dir/MiniOzoneClusterImpl-c5523c91-7035-4a19-985c-37f1f8f0fe10/datanode-4/data/ratis] (custom)
2019-09-24 22:59:19,299 [pool-177-thread-1] INFO  server.RaftServerConfigKeys (ConfUtils.java:logGet(43)) - raft.server.log.appender.install.snapshot.enabled = false (custom)
2019-09-24 22:59:19,300 [pool-177-thread-1] INFO  impl.RaftServerImpl (ServerState.java:<init>(103)) - 3a9ef4cb-9f73-43f2-9ef0-73623fc2079e@group-90EC4100B693: ConfigurationManager, init=-1: [4b299780-dc83-45c0-badb-1ce934706cf1:192.168.151.66:34891, 3a9ef4cb-9f73-43f2-9ef0-73623fc2079e:192.168.151.66:39459, 8cdd0bc1-cb69-4d0a-8907-e53e57dcd550:192.168.151.66:44259], old=null, confs=<EMPTY_MAP>
2019-09-24 22:59:19,300 [pool-197-thread-1] INFO  storage.RaftStorageDirectory (RaftStorageDirectory.java:analyzeStorage(246)) - The storage directory /workdir/hadoop-ozone/integration-test/target/test-dir/MiniOzoneClusterImpl-c5523c91-7035-4a19-985c-37f1f8f0fe10/datanode-5/data/ratis/aeb74802-3d5e-464a-bc1f-90ec4100b693 does not exist. Creating ...
2019-09-24 22:59:19,300 [pool-187-thread-1] INFO  storage.RaftStorageDirectory (RaftStorageDirectory.java:analyzeStorage(246)) - The storage directory /workdir/hadoop-ozone/integration-test/target/test-dir/MiniOzoneClusterImpl-c5523c91-7035-4a19-985c-37f1f8f0fe10/datanode-4/data/ratis/aeb74802-3d5e-464a-bc1f-90ec4100b693 does not exist. Creating ...
2019-09-24 22:59:19,300 [pool-177-thread-1] INFO  server.RaftServerConfigKeys (ConfUtils.java:logGet(43)) - raft.server.storage.dir = [/workdir/hadoop-ozone/integration-test/target/test-dir/MiniOzoneClusterImpl-c5523c91-7035-4a19-985c-37f1f8f0fe10/datanode-3/data/ratis] (custom)
2019-09-24 22:59:19,301 [pool-177-thread-1] INFO  storage.RaftStorageDirectory (RaftStorageDirectory.java:analyzeStorage(246)) - The storage directory /workdir/hadoop-ozone/integration-test/target/test-dir/MiniOzoneClusterImpl-c5523c91-7035-4a19-985c-37f1f8f0fe10/datanode-3/data/ratis/aeb74802-3d5e-464a-bc1f-90ec4100b693 does not exist. Creating ...
2019-09-24 22:59:19,314 [pool-197-thread-1] INFO  storage.RaftStorageDirectory (RaftStorageDirectory.java:tryLock(328)) - Lock on /workdir/hadoop-ozone/integration-test/target/test-dir/MiniOzoneClusterImpl-c5523c91-7035-4a19-985c-37f1f8f0fe10/datanode-5/data/ratis/aeb74802-3d5e-464a-bc1f-90ec4100b693/in_use.lock acquired by nodename 5417@pr-hdds-2162-v2v4x-1150571016
2019-09-24 22:59:19,314 [pool-177-thread-1] INFO  storage.RaftStorageDirectory (RaftStorageDirectory.java:tryLock(328)) - Lock on /workdir/hadoop-ozone/integration-test/target/test-dir/MiniOzoneClusterImpl-c5523c91-7035-4a19-985c-37f1f8f0fe10/datanode-3/data/ratis/aeb74802-3d5e-464a-bc1f-90ec4100b693/in_use.lock acquired by nodename 5417@pr-hdds-2162-v2v4x-1150571016
2019-09-24 22:59:19,314 [pool-187-thread-1] INFO  storage.RaftStorageDirectory (RaftStorageDirectory.java:tryLock(328)) - Lock on /workdir/hadoop-ozone/integration-test/target/test-dir/MiniOzoneClusterImpl-c5523c91-7035-4a19-985c-37f1f8f0fe10/datanode-4/data/ratis/aeb74802-3d5e-464a-bc1f-90ec4100b693/in_use.lock acquired by nodename 5417@pr-hdds-2162-v2v4x-1150571016
2019-09-24 22:59:19,339 [pool-197-thread-1] INFO  storage.RaftStorage (RaftStorage.java:format(72)) - Storage directory /workdir/hadoop-ozone/integration-test/target/test-dir/MiniOzoneClusterImpl-c5523c91-7035-4a19-985c-37f1f8f0fe10/datanode-5/data/ratis/aeb74802-3d5e-464a-bc1f-90ec4100b693 has been successfully formatted.
2019-09-24 22:59:19,339 [pool-177-thread-1] INFO  storage.RaftStorage (RaftStorage.java:format(72)) - Storage directory /workdir/hadoop-ozone/integration-test/target/test-dir/MiniOzoneClusterImpl-c5523c91-7035-4a19-985c-37f1f8f0fe10/datanode-3/data/ratis/aeb74802-3d5e-464a-bc1f-90ec4100b693 has been successfully formatted.
2019-09-24 22:59:19,339 [pool-187-thread-1] INFO  storage.RaftStorage (RaftStorage.java:format(72)) - Storage directory /workdir/hadoop-ozone/integration-test/target/test-dir/MiniOzoneClusterImpl-c5523c91-7035-4a19-985c-37f1f8f0fe10/datanode-4/data/ratis/aeb74802-3d5e-464a-bc1f-90ec4100b693 has been successfully formatted.
2019-09-24 22:59:19,339 [pool-197-thread-1] INFO  ratis.ContainerStateMachine (ContainerStateMachine.java:loadSnapshot(230)) - group-90EC4100B693: The snapshot info is null. Setting the last applied indexto:(t:0, i:~)
2019-09-24 22:59:19,340 [pool-187-thread-1] INFO  ratis.ContainerStateMachine (ContainerStateMachine.java:loadSnapshot(230)) - group-90EC4100B693: The snapshot info is null. Setting the last applied indexto:(t:0, i:~)
2019-09-24 22:59:19,340 [pool-177-thread-1] INFO  ratis.ContainerStateMachine (ContainerStateMachine.java:loadSnapshot(230)) - group-90EC4100B693: The snapshot info is null. Setting the last applied indexto:(t:0, i:~)
2019-09-24 22:59:19,340 [pool-187-thread-1] INFO  server.RaftServerConfigKeys (ConfUtils.java:logGet(43)) - raft.server.notification.no-leader.timeout = 120s (custom)
2019-09-24 22:59:19,340 [pool-187-thread-1] INFO  server.RaftServerConfigKeys (ConfUtils.java:logGet(43)) - raft.server.log.use.memory = false (default)
2019-09-24 22:59:19,340 [pool-197-thread-1] INFO  server.RaftServerConfigKeys (ConfUtils.java:logGet(43)) - raft.server.notification.no-leader.timeout = 120s (custom)
2019-09-24 22:59:19,340 [pool-187-thread-1] INFO  server.RaftServerConfigKeys (ConfUtils.java:logGet(43)) - raft.server.log.purge.gap = 1000000 (custom)
2019-09-24 22:59:19,341 [pool-187-thread-1] INFO  server.RaftServerConfigKeys (ConfUtils.java:logGet(43)) - raft.server.log.appender.buffer.byte-limit = 33554432 (custom)
2019-09-24 22:59:19,340 [pool-177-thread-1] INFO  server.RaftServerConfigKeys (ConfUtils.java:logGet(43)) - raft.server.notification.no-leader.timeout = 120s (custom)
2019-09-24 22:59:19,341 [pool-187-thread-1] INFO  server.RaftServerConfigKeys (ConfUtils.java:logGet(43)) - raft.server.log.segment.size.max = 1048576 (custom)
2019-09-24 22:59:19,340 [pool-197-thread-1] INFO  server.RaftServerConfigKeys (ConfUtils.java:logGet(43)) - raft.server.log.use.memory = false (default)
2019-09-24 22:59:19,341 [pool-187-thread-1] INFO  server.RaftServerConfigKeys (ConfUtils.java:logGet(43)) - raft.server.log.segment.cache.num.max = 2 (custom)
2019-09-24 22:59:19,341 [pool-177-thread-1] INFO  server.RaftServerConfigKeys (ConfUtils.java:logGet(43)) - raft.server.log.use.memory = false (default)
2019-09-24 22:59:19,341 [pool-187-thread-1] INFO  segmented.SegmentedRaftLogWorker (SegmentedRaftLogWorker.java:<init>(172)) - new 4b299780-dc83-45c0-badb-1ce934706cf1@group-90EC4100B693-SegmentedRaftLogWorker for RaftStorage:Storage Directory /workdir/hadoop-ozone/integration-test/target/test-dir/MiniOzoneClusterImpl-c5523c91-7035-4a19-985c-37f1f8f0fe10/datanode-4/data/ratis/aeb74802-3d5e-464a-bc1f-90ec4100b693
2019-09-24 22:59:19,341 [pool-197-thread-1] INFO  server.RaftServerConfigKeys (ConfUtils.java:logGet(43)) - raft.server.log.purge.gap = 1000000 (custom)
2019-09-24 22:59:19,342 [pool-187-thread-1] INFO  server.RaftServerConfigKeys (ConfUtils.java:logGet(43)) - raft.server.log.queue.byte-limit = 2147483647 (custom)
2019-09-24 22:59:19,341 [pool-177-thread-1] INFO  server.RaftServerConfigKeys (ConfUtils.java:logGet(43)) - raft.server.log.purge.gap = 1000000 (custom)
2019-09-24 22:59:19,342 [pool-187-thread-1] INFO  server.RaftServerConfigKeys (ConfUtils.java:logGet(43)) - raft.server.log.queue.element-limit = 1024 (custom)
2019-09-24 22:59:19,342 [pool-197-thread-1] INFO  server.RaftServerConfigKeys (ConfUtils.java:logGet(43)) - raft.server.log.appender.buffer.byte-limit = 33554432 (custom)
2019-09-24 22:59:19,342 [pool-187-thread-1] INFO  server.RaftServerConfigKeys (ConfUtils.java:logGet(43)) - raft.server.log.segment.size.max = 1048576 (custom)
2019-09-24 22:59:19,342 [pool-187-thread-1] INFO  server.RaftServerConfigKeys (ConfUtils.java:logGet(43)) - raft.server.log.preallocated.size = 16384 (custom)
2019-09-24 22:59:19,342 [pool-177-thread-1] INFO  server.RaftServerConfigKeys (ConfUtils.java:logGet(43)) - raft.server.log.appender.buffer.byte-limit = 33554432 (custom)
2019-09-24 22:59:19,343 [pool-187-thread-1] INFO  server.RaftServerConfigKeys (ConfUtils.java:logGet(43)) - raft.server.log.write.buffer.size = 33554432 (custom)
2019-09-24 22:59:19,342 [pool-197-thread-1] INFO  server.RaftServerConfigKeys (ConfUtils.java:logGet(43)) - raft.server.log.segment.size.max = 1048576 (custom)
2019-09-24 22:59:19,343 [pool-187-thread-1] INFO  server.RaftServerConfigKeys (ConfUtils.java:logGet(43)) - raft.server.log.force.sync.num = 128 (default)
2019-09-24 22:59:19,343 [pool-177-thread-1] INFO  server.RaftServerConfigKeys (ConfUtils.java:logGet(43)) - raft.server.log.segment.size.max = 1048576 (custom)
2019-09-24 22:59:19,343 [pool-187-thread-1] INFO  server.RaftServerConfigKeys (ConfUtils.java:logGet(43)) - raft.server.log.statemachine.data.sync = true (default)
2019-09-24 22:59:19,343 [pool-197-thread-1] INFO  server.RaftServerConfigKeys (ConfUtils.java:logGet(43)) - raft.server.log.segment.cache.num.max = 2 (custom)
2019-09-24 22:59:19,343 [pool-187-thread-1] INFO  server.RaftServerConfigKeys (ConfUtils.java:logGet(43)) - raft.server.log.statemachine.data.sync.timeout = 10s (default)
2019-09-24 22:59:19,343 [pool-177-thread-1] INFO  server.RaftServerConfigKeys (ConfUtils.java:logGet(43)) - raft.server.log.segment.cache.num.max = 2 (custom)
2019-09-24 22:59:19,344 [pool-187-thread-1] INFO  server.RaftServerConfigKeys (ConfUtils.java:logGet(43)) - raft.server.log.statemachine.data.sync.timeout.retry = -1 (default)
2019-09-24 22:59:19,344 [pool-197-thread-1] INFO  segmented.SegmentedRaftLogWorker (SegmentedRaftLogWorker.java:<init>(172)) - new 8cdd0bc1-cb69-4d0a-8907-e53e57dcd550@group-90EC4100B693-SegmentedRaftLogWorker for RaftStorage:Storage Directory /workdir/hadoop-ozone/integration-test/target/test-dir/MiniOzoneClusterImpl-c5523c91-7035-4a19-985c-37f1f8f0fe10/datanode-5/data/ratis/aeb74802-3d5e-464a-bc1f-90ec4100b693
2019-09-24 22:59:19,344 [pool-187-thread-1] INFO  server.RaftServerConfigKeys (ConfUtils.java:logGet(43)) - raft.server.log.statemachine.data.caching.enabled = true (custom)
2019-09-24 22:59:19,344 [pool-177-thread-1] INFO  segmented.SegmentedRaftLogWorker (SegmentedRaftLogWorker.java:<init>(172)) - new 3a9ef4cb-9f73-43f2-9ef0-73623fc2079e@group-90EC4100B693-SegmentedRaftLogWorker for RaftStorage:Storage Directory /workdir/hadoop-ozone/integration-test/target/test-dir/MiniOzoneClusterImpl-c5523c91-7035-4a19-985c-37f1f8f0fe10/datanode-3/data/ratis/aeb74802-3d5e-464a-bc1f-90ec4100b693
2019-09-24 22:59:19,344 [pool-197-thread-1] INFO  server.RaftServerConfigKeys (ConfUtils.java:logGet(43)) - raft.server.log.queue.byte-limit = 2147483647 (custom)
2019-09-24 22:59:19,344 [pool-187-thread-1] INFO  segmented.SegmentedRaftLogWorker (SegmentedRaftLogWorker.java:lambda$new$0(132)) - 4b299780-dc83-45c0-badb-1ce934706cf1@group-90EC4100B693-SegmentedRaftLogWorker: flushIndex: setUnconditionally 0 -> -1
2019-09-24 22:59:19,344 [pool-177-thread-1] INFO  server.RaftServerConfigKeys (ConfUtils.java:logGet(43)) - raft.server.log.queue.byte-limit = 2147483647 (custom)
2019-09-24 22:59:19,345 [pool-197-thread-1] INFO  server.RaftServerConfigKeys (ConfUtils.java:logGet(43)) - raft.server.log.queue.element-limit = 1024 (custom)
2019-09-24 22:59:19,345 [pool-187-thread-1] INFO  server.RaftServerConfigKeys (ConfUtils.java:logGet(43)) - raft.server.snapshot.auto.trigger.enabled = true (custom)
2019-09-24 22:59:19,345 [pool-177-thread-1] INFO  server.RaftServerConfigKeys (ConfUtils.java:logGet(43)) - raft.server.log.queue.element-limit = 1024 (custom)
2019-09-24 22:59:19,345 [pool-187-thread-1] INFO  server.RaftServerConfigKeys (ConfUtils.java:logGet(43)) - raft.server.snapshot.auto.trigger.threshold = 10000 (custom)
2019-09-24 22:59:19,345 [pool-197-thread-1] INFO  server.RaftServerConfigKeys (ConfUtils.java:logGet(43)) - raft.server.log.segment.size.max = 1048576 (custom)
2019-09-24 22:59:19,345 [pool-187-thread-1] INFO  server.RaftServerConfigKeys (ConfUtils.java:logGet(43)) - raft.server.snapshot.retention.num.files = 5 (custom)
2019-09-24 22:59:19,345 [pool-177-thread-1] INFO  server.RaftServerConfigKeys (ConfUtils.java:logGet(43)) - raft.server.log.segment.size.max = 1048576 (custom)
2019-09-24 22:59:19,346 [pool-187-thread-1] INFO  server.RaftServerConfigKeys (ConfUtils.java:logGet(43)) - raft.server.retrycache.expirytime = 600000ms (custom)
2019-09-24 22:59:19,346 [pool-197-thread-1] INFO  server.RaftServerConfigKeys (ConfUtils.java:logGet(43)) - raft.server.log.preallocated.size = 16384 (custom)
2019-09-24 22:59:19,346 [pool-177-thread-1] INFO  server.RaftServerConfigKeys (ConfUtils.java:logGet(43)) - raft.server.log.preallocated.size = 16384 (custom)
2019-09-24 22:59:19,346 [pool-197-thread-1] INFO  server.RaftServerConfigKeys (ConfUtils.java:logGet(43)) - raft.server.log.write.buffer.size = 33554432 (custom)
2019-09-24 22:59:19,346 [pool-177-thread-1] INFO  server.RaftServerConfigKeys (ConfUtils.java:logGet(43)) - raft.server.log.write.buffer.size = 33554432 (custom)
2019-09-24 22:59:19,346 [pool-197-thread-1] INFO  server.RaftServerConfigKeys (ConfUtils.java:logGet(43)) - raft.server.log.force.sync.num = 128 (default)
2019-09-24 22:59:19,347 [pool-177-thread-1] INFO  server.RaftServerConfigKeys (ConfUtils.java:logGet(43)) - raft.server.log.force.sync.num = 128 (default)
2019-09-24 22:59:19,347 [pool-197-thread-1] INFO  server.RaftServerConfigKeys (ConfUtils.java:logGet(43)) - raft.server.log.statemachine.data.sync = true (default)
2019-09-24 22:59:19,347 [pool-177-thread-1] INFO  server.RaftServerConfigKeys (ConfUtils.java:logGet(43)) - raft.server.log.statemachine.data.sync = true (default)
2019-09-24 22:59:19,347 [pool-197-thread-1] INFO  server.RaftServerConfigKeys (ConfUtils.java:logGet(43)) - raft.server.log.statemachine.data.sync.timeout = 10s (default)
2019-09-24 22:59:19,347 [pool-177-thread-1] INFO  server.RaftServerConfigKeys (ConfUtils.java:logGet(43)) - raft.server.log.statemachine.data.sync.timeout = 10s (default)
2019-09-24 22:59:19,347 [pool-197-thread-1] INFO  server.RaftServerConfigKeys (ConfUtils.java:logGet(43)) - raft.server.log.statemachine.data.sync.timeout.retry = -1 (default)
2019-09-24 22:59:19,347 [pool-177-thread-1] INFO  server.RaftServerConfigKeys (ConfUtils.java:logGet(43)) - raft.server.log.statemachine.data.sync.timeout.retry = -1 (default)
2019-09-24 22:59:19,348 [pool-197-thread-1] INFO  server.RaftServerConfigKeys (ConfUtils.java:logGet(43)) - raft.server.log.statemachine.data.caching.enabled = true (custom)
2019-09-24 22:59:19,348 [pool-177-thread-1] INFO  server.RaftServerConfigKeys (ConfUtils.java:logGet(43)) - raft.server.log.statemachine.data.caching.enabled = true (custom)
2019-09-24 22:59:19,348 [pool-197-thread-1] INFO  segmented.SegmentedRaftLogWorker (SegmentedRaftLogWorker.java:lambda$new$0(132)) - 8cdd0bc1-cb69-4d0a-8907-e53e57dcd550@group-90EC4100B693-SegmentedRaftLogWorker: flushIndex: setUnconditionally 0 -> -1
2019-09-24 22:59:19,348 [pool-187-thread-1] INFO  impl.RaftServerImpl (RaftServerImpl.java:start(185)) - 4b299780-dc83-45c0-badb-1ce934706cf1@group-90EC4100B693: start as a follower, conf=-1: [4b299780-dc83-45c0-badb-1ce934706cf1:192.168.151.66:34891, 3a9ef4cb-9f73-43f2-9ef0-73623fc2079e:192.168.151.66:39459, 8cdd0bc1-cb69-4d0a-8907-e53e57dcd550:192.168.151.66:44259], old=null
2019-09-24 22:59:19,348 [pool-177-thread-1] INFO  segmented.SegmentedRaftLogWorker (SegmentedRaftLogWorker.java:lambda$new$0(132)) - 3a9ef4cb-9f73-43f2-9ef0-73623fc2079e@group-90EC4100B693-SegmentedRaftLogWorker: flushIndex: setUnconditionally 0 -> -1
2019-09-24 22:59:19,348 [pool-197-thread-1] INFO  server.RaftServerConfigKeys (ConfUtils.java:logGet(43)) - raft.server.snapshot.auto.trigger.enabled = true (custom)
2019-09-24 22:59:19,348 [pool-187-thread-1] INFO  impl.RaftServerImpl (RaftServerImpl.java:setRole(174)) - 4b299780-dc83-45c0-badb-1ce934706cf1@group-90EC4100B693: changes role from      null to FOLLOWER at term 0 for startAsFollower
2019-09-24 22:59:19,349 [pool-177-thread-1] INFO  server.RaftServerConfigKeys (ConfUtils.java:logGet(43)) - raft.server.snapshot.auto.trigger.enabled = true (custom)
2019-09-24 22:59:19,349 [pool-197-thread-1] INFO  server.RaftServerConfigKeys (ConfUtils.java:logGet(43)) - raft.server.snapshot.auto.trigger.threshold = 10000 (custom)
2019-09-24 22:59:19,349 [pool-177-thread-1] INFO  server.RaftServerConfigKeys (ConfUtils.java:logGet(43)) - raft.server.snapshot.auto.trigger.threshold = 10000 (custom)
2019-09-24 22:59:19,349 [pool-187-thread-1] INFO  impl.RoleInfo (RoleInfo.java:updateAndGet(143)) - 4b299780-dc83-45c0-badb-1ce934706cf1: start FollowerState
2019-09-24 22:59:19,349 [pool-177-thread-1] INFO  server.RaftServerConfigKeys (ConfUtils.java:logGet(43)) - raft.server.snapshot.retention.num.files = 5 (custom)
2019-09-24 22:59:19,349 [pool-197-thread-1] INFO  server.RaftServerConfigKeys (ConfUtils.java:logGet(43)) - raft.server.snapshot.retention.num.files = 5 (custom)
2019-09-24 22:59:19,349 [pool-177-thread-1] INFO  server.RaftServerConfigKeys (ConfUtils.java:logGet(43)) - raft.server.retrycache.expirytime = 600000ms (custom)
2019-09-24 22:59:19,350 [pool-197-thread-1] INFO  server.RaftServerConfigKeys (ConfUtils.java:logGet(43)) - raft.server.retrycache.expirytime = 600000ms (custom)
2019-09-24 22:59:19,350 [pool-187-thread-1] INFO  util.JmxRegister (JmxRegister.java:tryRegister(44)) - Successfully registered JMX Bean with object name Ratis:service=RaftServer,group=group-90EC4100B693,id=4b299780-dc83-45c0-badb-1ce934706cf1
2019-09-24 22:59:19,357 [pool-177-thread-1] INFO  impl.RaftServerImpl (RaftServerImpl.java:start(185)) - 3a9ef4cb-9f73-43f2-9ef0-73623fc2079e@group-90EC4100B693: start as a follower, conf=-1: [4b299780-dc83-45c0-badb-1ce934706cf1:192.168.151.66:34891, 3a9ef4cb-9f73-43f2-9ef0-73623fc2079e:192.168.151.66:39459, 8cdd0bc1-cb69-4d0a-8907-e53e57dcd550:192.168.151.66:44259], old=null
2019-09-24 22:59:19,357 [pool-197-thread-1] INFO  impl.RaftServerImpl (RaftServerImpl.java:start(185)) - 8cdd0bc1-cb69-4d0a-8907-e53e57dcd550@group-90EC4100B693: start as a follower, conf=-1: [4b299780-dc83-45c0-badb-1ce934706cf1:192.168.151.66:34891, 3a9ef4cb-9f73-43f2-9ef0-73623fc2079e:192.168.151.66:39459, 8cdd0bc1-cb69-4d0a-8907-e53e57dcd550:192.168.151.66:44259], old=null
2019-09-24 22:59:19,357 [pool-177-thread-1] INFO  impl.RaftServerImpl (RaftServerImpl.java:setRole(174)) - 3a9ef4cb-9f73-43f2-9ef0-73623fc2079e@group-90EC4100B693: changes role from      null to FOLLOWER at term 0 for startAsFollower
2019-09-24 22:59:19,357 [pool-197-thread-1] INFO  impl.RaftServerImpl (RaftServerImpl.java:setRole(174)) - 8cdd0bc1-cb69-4d0a-8907-e53e57dcd550@group-90EC4100B693: changes role from      null to FOLLOWER at term 0 for startAsFollower
2019-09-24 22:59:19,357 [pool-177-thread-1] INFO  impl.RoleInfo (RoleInfo.java:updateAndGet(143)) - 3a9ef4cb-9f73-43f2-9ef0-73623fc2079e: start FollowerState
2019-09-24 22:59:19,357 [pool-197-thread-1] INFO  impl.RoleInfo (RoleInfo.java:updateAndGet(143)) - 8cdd0bc1-cb69-4d0a-8907-e53e57dcd550: start FollowerState
2019-09-24 22:59:19,358 [pool-177-thread-1] INFO  util.JmxRegister (JmxRegister.java:tryRegister(44)) - Successfully registered JMX Bean with object name Ratis:service=RaftServer,group=group-90EC4100B693,id=3a9ef4cb-9f73-43f2-9ef0-73623fc2079e
2019-09-24 22:59:19,358 [pool-197-thread-1] INFO  util.JmxRegister (JmxRegister.java:tryRegister(44)) - Successfully registered JMX Bean with object name Ratis:service=RaftServer,group=group-90EC4100B693,id=8cdd0bc1-cb69-4d0a-8907-e53e57dcd550
2019-09-24 22:59:19,365 [RatisPipelineUtilsThread] INFO  pipeline.PipelineStateManager (PipelineStateManager.java:addPipeline(56)) - Created pipeline Pipeline[ Id: aeb74802-3d5e-464a-bc1f-90ec4100b693, Nodes: 4b299780-dc83-45c0-badb-1ce934706cf1{ip: 192.168.151.66, host: pr-hdds-2162-v2v4x-1150571016, networkLocation: /default-rack, certSerialId: null}3a9ef4cb-9f73-43f2-9ef0-73623fc2079e{ip: 192.168.151.66, host: pr-hdds-2162-v2v4x-1150571016, networkLocation: /default-rack, certSerialId: null}8cdd0bc1-cb69-4d0a-8907-e53e57dcd550{ip: 192.168.151.66, host: pr-hdds-2162-v2v4x-1150571016, networkLocation: /default-rack, certSerialId: null}, Type:RATIS, Factor:THREE, State:OPEN]
2019-09-24 22:59:19,929 [Thread-2154] INFO  impl.FollowerState (FollowerState.java:run(106)) - 71bc6376-fb27-42ba-997c-6c3cc97d63c8:group-3601AE265661 changes to CANDIDATE, lastRpcTime:1077, electionTimeout:1077ms
2019-09-24 22:59:19,930 [Thread-2154] INFO  impl.RoleInfo (RoleInfo.java:shutdownFollowerState(121)) - 71bc6376-fb27-42ba-997c-6c3cc97d63c8: shutdown FollowerState
2019-09-24 22:59:19,930 [Thread-2154] INFO  impl.RaftServerImpl (RaftServerImpl.java:setRole(174)) - 71bc6376-fb27-42ba-997c-6c3cc97d63c8@group-3601AE265661: changes role from  FOLLOWER to CANDIDATE at term 0 for changeToCandidate
2019-09-24 22:59:19,930 [Thread-2154] INFO  impl.RoleInfo (RoleInfo.java:updateAndGet(143)) - 71bc6376-fb27-42ba-997c-6c3cc97d63c8: start LeaderElection
2019-09-24 22:59:19,964 [71bc6376-fb27-42ba-997c-6c3cc97d63c8@group-3601AE265661:LeaderElection31] INFO  impl.LeaderElection (LeaderElection.java:askForVotes(182)) - 71bc6376-fb27-42ba-997c-6c3cc97d63c8@group-3601AE265661:LeaderElection31: begin an election at term 1 for -1: [71bc6376-fb27-42ba-997c-6c3cc97d63c8:192.168.151.66:39431], old=null
2019-09-24 22:59:19,966 [71bc6376-fb27-42ba-997c-6c3cc97d63c8@group-3601AE265661:LeaderElection31] INFO  impl.RoleInfo (RoleInfo.java:shutdownLeaderElection(134)) - 71bc6376-fb27-42ba-997c-6c3cc97d63c8: shutdown LeaderElection
2019-09-24 22:59:19,967 [71bc6376-fb27-42ba-997c-6c3cc97d63c8@group-3601AE265661:LeaderElection31] INFO  impl.RaftServerImpl (RaftServerImpl.java:setRole(174)) - 71bc6376-fb27-42ba-997c-6c3cc97d63c8@group-3601AE265661: changes role from CANDIDATE to LEADER at term 1 for changeToLeader
2019-09-24 22:59:19,967 [71bc6376-fb27-42ba-997c-6c3cc97d63c8@group-3601AE265661:LeaderElection31] INFO  impl.RaftServerImpl (ServerState.java:setLeader(253)) - 71bc6376-fb27-42ba-997c-6c3cc97d63c8@group-3601AE265661: change Leader from null to 71bc6376-fb27-42ba-997c-6c3cc97d63c8 at term 1 for becomeLeader, leader elected after 1123ms
2019-09-24 22:59:19,969 [71bc6376-fb27-42ba-997c-6c3cc97d63c8@group-3601AE265661:LeaderElection31] INFO  server.RaftServerConfigKeys (ConfUtils.java:logGet(43)) - raft.server.staging.catchup.gap = 1000 (default)
2019-09-24 22:59:19,969 [71bc6376-fb27-42ba-997c-6c3cc97d63c8@group-3601AE265661:LeaderElection31] INFO  server.RaftServerConfigKeys (ConfUtils.java:logGet(43)) - raft.server.rpc.sleep.time = 25ms (default)
2019-09-24 22:59:19,969 [71bc6376-fb27-42ba-997c-6c3cc97d63c8@group-3601AE265661:LeaderElection31] INFO  server.RaftServerConfigKeys (ConfUtils.java:logGet(43)) - raft.server.write.element-limit = 4096 (default)
2019-09-24 22:59:19,969 [71bc6376-fb27-42ba-997c-6c3cc97d63c8@group-3601AE265661:LeaderElection31] INFO  server.RaftServerConfigKeys (ConfUtils.java:logGet(43)) - raft.server.watch.timeout = 10s (default)
2019-09-24 22:59:19,970 [71bc6376-fb27-42ba-997c-6c3cc97d63c8@group-3601AE265661:LeaderElection31] INFO  server.RaftServerConfigKeys (ConfUtils.java:logGet(43)) - raft.server.watch.timeout.denomination = 1s (default)
2019-09-24 22:59:19,970 [71bc6376-fb27-42ba-997c-6c3cc97d63c8@group-3601AE265661:LeaderElection31] INFO  server.RaftServerConfigKeys (ConfUtils.java:logGet(43)) - raft.server.watch.element-limit = 65536 (default)
2019-09-24 22:59:19,972 [71bc6376-fb27-42ba-997c-6c3cc97d63c8@group-3601AE265661:LeaderElection31] INFO  impl.RoleInfo (RoleInfo.java:updateAndGet(143)) - 71bc6376-fb27-42ba-997c-6c3cc97d63c8: start LeaderState
2019-09-24 22:59:19,973 [71bc6376-fb27-42ba-997c-6c3cc97d63c8@group-3601AE265661:LeaderElection31] INFO  segmented.SegmentedRaftLogWorker (SegmentedRaftLogWorker.java:startLogSegment(380)) - 71bc6376-fb27-42ba-997c-6c3cc97d63c8@group-3601AE265661-SegmentedRaftLogWorker: Starting segment from index:0
2019-09-24 22:59:19,974 [71bc6376-fb27-42ba-997c-6c3cc97d63c8@group-3601AE265661:LeaderElection31] INFO  impl.RaftServerImpl (ServerState.java:setRaftConf(354)) - 71bc6376-fb27-42ba-997c-6c3cc97d63c8@group-3601AE265661: set configuration 0: [71bc6376-fb27-42ba-997c-6c3cc97d63c8:192.168.151.66:39431], old=null at 0
2019-09-24 22:59:19,996 [Thread-2160] INFO  impl.FollowerState (FollowerState.java:run(106)) - aaae994b-a16f-4482-b826-2f4e81d538e1:group-6EA04288C9EE changes to CANDIDATE, lastRpcTime:1014, electionTimeout:1014ms
2019-09-24 22:59:19,997 [Thread-2160] INFO  impl.RoleInfo (RoleInfo.java:shutdownFollowerState(121)) - aaae994b-a16f-4482-b826-2f4e81d538e1: shutdown FollowerState
2019-09-24 22:59:19,997 [Thread-2160] INFO  impl.RaftServerImpl (RaftServerImpl.java:setRole(174)) - aaae994b-a16f-4482-b826-2f4e81d538e1@group-6EA04288C9EE: changes role from  FOLLOWER to CANDIDATE at term 0 for changeToCandidate
2019-09-24 22:59:19,997 [Thread-2160] INFO  impl.RoleInfo (RoleInfo.java:updateAndGet(143)) - aaae994b-a16f-4482-b826-2f4e81d538e1: start LeaderElection
2019-09-24 22:59:20,025 [71bc6376-fb27-42ba-997c-6c3cc97d63c8@group-3601AE265661-SegmentedRaftLogWorker] INFO  segmented.SegmentedRaftLogWorker (SegmentedRaftLogWorker.java:execute(569)) - 71bc6376-fb27-42ba-997c-6c3cc97d63c8@group-3601AE265661-SegmentedRaftLogWorker: created new log segment /workdir/hadoop-ozone/integration-test/target/test-dir/MiniOzoneClusterImpl-c5523c91-7035-4a19-985c-37f1f8f0fe10/datanode-0/data/ratis/7701e3c2-2df7-42e0-b935-3601ae265661/current/log_inprogress_0
2019-09-24 22:59:20,025 [aaae994b-a16f-4482-b826-2f4e81d538e1@group-6EA04288C9EE:LeaderElection32] INFO  impl.LeaderElection (LeaderElection.java:askForVotes(182)) - aaae994b-a16f-4482-b826-2f4e81d538e1@group-6EA04288C9EE:LeaderElection32: begin an election at term 1 for -1: [aaae994b-a16f-4482-b826-2f4e81d538e1:192.168.151.66:41609], old=null
2019-09-24 22:59:20,025 [aaae994b-a16f-4482-b826-2f4e81d538e1@group-6EA04288C9EE:LeaderElection32] INFO  impl.RoleInfo (RoleInfo.java:shutdownLeaderElection(134)) - aaae994b-a16f-4482-b826-2f4e81d538e1: shutdown LeaderElection
2019-09-24 22:59:20,025 [aaae994b-a16f-4482-b826-2f4e81d538e1@group-6EA04288C9EE:LeaderElection32] INFO  impl.RaftServerImpl (RaftServerImpl.java:setRole(174)) - aaae994b-a16f-4482-b826-2f4e81d538e1@group-6EA04288C9EE: changes role from CANDIDATE to LEADER at term 1 for changeToLeader
2019-09-24 22:59:20,025 [aaae994b-a16f-4482-b826-2f4e81d538e1@group-6EA04288C9EE:LeaderElection32] INFO  impl.RaftServerImpl (ServerState.java:setLeader(253)) - aaae994b-a16f-4482-b826-2f4e81d538e1@group-6EA04288C9EE: change Leader from null to aaae994b-a16f-4482-b826-2f4e81d538e1 at term 1 for becomeLeader, leader elected after 1050ms
2019-09-24 22:59:20,028 [aaae994b-a16f-4482-b826-2f4e81d538e1@group-6EA04288C9EE:LeaderElection32] INFO  server.RaftServerConfigKeys (ConfUtils.java:logGet(43)) - raft.server.staging.catchup.gap = 1000 (default)
2019-09-24 22:59:20,028 [aaae994b-a16f-4482-b826-2f4e81d538e1@group-6EA04288C9EE:LeaderElection32] INFO  server.RaftServerConfigKeys (ConfUtils.java:logGet(43)) - raft.server.rpc.sleep.time = 25ms (default)
2019-09-24 22:59:20,028 [aaae994b-a16f-4482-b826-2f4e81d538e1@group-6EA04288C9EE:LeaderElection32] INFO  server.RaftServerConfigKeys (ConfUtils.java:logGet(43)) - raft.server.write.element-limit = 4096 (default)
2019-09-24 22:59:20,028 [aaae994b-a16f-4482-b826-2f4e81d538e1@group-6EA04288C9EE:LeaderElection32] INFO  server.RaftServerConfigKeys (ConfUtils.java:logGet(43)) - raft.server.watch.timeout = 10s (default)
2019-09-24 22:59:20,028 [aaae994b-a16f-4482-b826-2f4e81d538e1@group-6EA04288C9EE:LeaderElection32] INFO  server.RaftServerConfigKeys (ConfUtils.java:logGet(43)) - raft.server.watch.timeout.denomination = 1s (default)
2019-09-24 22:59:20,028 [aaae994b-a16f-4482-b826-2f4e81d538e1@group-6EA04288C9EE:LeaderElection32] INFO  server.RaftServerConfigKeys (ConfUtils.java:logGet(43)) - raft.server.watch.element-limit = 65536 (default)
2019-09-24 22:59:20,031 [aaae994b-a16f-4482-b826-2f4e81d538e1@group-6EA04288C9EE:LeaderElection32] INFO  impl.RoleInfo (RoleInfo.java:updateAndGet(143)) - aaae994b-a16f-4482-b826-2f4e81d538e1: start LeaderState
2019-09-24 22:59:20,031 [aaae994b-a16f-4482-b826-2f4e81d538e1@group-6EA04288C9EE:LeaderElection32] INFO  segmented.SegmentedRaftLogWorker (SegmentedRaftLogWorker.java:startLogSegment(380)) - aaae994b-a16f-4482-b826-2f4e81d538e1@group-6EA04288C9EE-SegmentedRaftLogWorker: Starting segment from index:0
2019-09-24 22:59:20,032 [aaae994b-a16f-4482-b826-2f4e81d538e1@group-6EA04288C9EE:LeaderElection32] INFO  impl.RaftServerImpl (ServerState.java:setRaftConf(354)) - aaae994b-a16f-4482-b826-2f4e81d538e1@group-6EA04288C9EE: set configuration 0: [aaae994b-a16f-4482-b826-2f4e81d538e1:192.168.151.66:41609], old=null at 0
2019-09-24 22:59:20,064 [aaae994b-a16f-4482-b826-2f4e81d538e1@group-6EA04288C9EE-SegmentedRaftLogWorker] INFO  segmented.SegmentedRaftLogWorker (SegmentedRaftLogWorker.java:execute(569)) - aaae994b-a16f-4482-b826-2f4e81d538e1@group-6EA04288C9EE-SegmentedRaftLogWorker: created new log segment /workdir/hadoop-ozone/integration-test/target/test-dir/MiniOzoneClusterImpl-c5523c91-7035-4a19-985c-37f1f8f0fe10/datanode-2/data/ratis/030950d8-cff1-414c-a73a-6ea04288c9ee/current/log_inprogress_0
2019-09-24 22:59:20,082 [main] INFO  ozone.MiniOzoneClusterImpl (MiniOzoneClusterImpl.java:lambda$waitForClusterToBeReady$0(147)) - Cluster is ready. Got 6 of 6 DN Heartbeats.
2019-09-24 22:59:20,086 [Thread-2157] INFO  impl.FollowerState (FollowerState.java:run(106)) - 388b7cca-9c2c-4db0-aaac-d908992fc736:group-F20BA7A4CC31 changes to CANDIDATE, lastRpcTime:1157, electionTimeout:1157ms
2019-09-24 22:59:20,087 [Thread-2157] INFO  impl.RoleInfo (RoleInfo.java:shutdownFollowerState(121)) - 388b7cca-9c2c-4db0-aaac-d908992fc736: shutdown FollowerState
2019-09-24 22:59:20,087 [Thread-2157] INFO  impl.RaftServerImpl (RaftServerImpl.java:setRole(174)) - 388b7cca-9c2c-4db0-aaac-d908992fc736@group-F20BA7A4CC31: changes role from  FOLLOWER to CANDIDATE at term 0 for changeToCandidate
2019-09-24 22:59:20,087 [Thread-2157] INFO  impl.RoleInfo (RoleInfo.java:updateAndGet(143)) - 388b7cca-9c2c-4db0-aaac-d908992fc736: start LeaderElection
2019-09-24 22:59:20,105 [388b7cca-9c2c-4db0-aaac-d908992fc736@group-F20BA7A4CC31:LeaderElection33] INFO  impl.LeaderElection (LeaderElection.java:askForVotes(182)) - 388b7cca-9c2c-4db0-aaac-d908992fc736@group-F20BA7A4CC31:LeaderElection33: begin an election at term 1 for -1: [388b7cca-9c2c-4db0-aaac-d908992fc736:192.168.151.66:36990], old=null
2019-09-24 22:59:20,105 [388b7cca-9c2c-4db0-aaac-d908992fc736@group-F20BA7A4CC31:LeaderElection33] INFO  impl.RoleInfo (RoleInfo.java:shutdownLeaderElection(134)) - 388b7cca-9c2c-4db0-aaac-d908992fc736: shutdown LeaderElection
2019-09-24 22:59:20,105 [388b7cca-9c2c-4db0-aaac-d908992fc736@group-F20BA7A4CC31:LeaderElection33] INFO  impl.RaftServerImpl (RaftServerImpl.java:setRole(174)) - 388b7cca-9c2c-4db0-aaac-d908992fc736@group-F20BA7A4CC31: changes role from CANDIDATE to LEADER at term 1 for changeToLeader
2019-09-24 22:59:20,105 [388b7cca-9c2c-4db0-aaac-d908992fc736@group-F20BA7A4CC31:LeaderElection33] INFO  impl.RaftServerImpl (ServerState.java:setLeader(253)) - 388b7cca-9c2c-4db0-aaac-d908992fc736@group-F20BA7A4CC31: change Leader from null to 388b7cca-9c2c-4db0-aaac-d908992fc736 at term 1 for becomeLeader, leader elected after 1185ms
2019-09-24 22:59:20,107 [388b7cca-9c2c-4db0-aaac-d908992fc736@group-F20BA7A4CC31:LeaderElection33] INFO  server.RaftServerConfigKeys (ConfUtils.java:logGet(43)) - raft.server.staging.catchup.gap = 1000 (default)
2019-09-24 22:59:20,108 [388b7cca-9c2c-4db0-aaac-d908992fc736@group-F20BA7A4CC31:LeaderElection33] INFO  server.RaftServerConfigKeys (ConfUtils.java:logGet(43)) - raft.server.rpc.sleep.time = 25ms (default)
2019-09-24 22:59:20,108 [388b7cca-9c2c-4db0-aaac-d908992fc736@group-F20BA7A4CC31:LeaderElection33] INFO  server.RaftServerConfigKeys (ConfUtils.java:logGet(43)) - raft.server.write.element-limit = 4096 (default)
2019-09-24 22:59:20,108 [388b7cca-9c2c-4db0-aaac-d908992fc736@group-F20BA7A4CC31:LeaderElection33] INFO  server.RaftServerConfigKeys (ConfUtils.java:logGet(43)) - raft.server.watch.timeout = 10s (default)
2019-09-24 22:59:20,108 [388b7cca-9c2c-4db0-aaac-d908992fc736@group-F20BA7A4CC31:LeaderElection33] INFO  server.RaftServerConfigKeys (ConfUtils.java:logGet(43)) - raft.server.watch.timeout.denomination = 1s (default)
2019-09-24 22:59:20,108 [388b7cca-9c2c-4db0-aaac-d908992fc736@group-F20BA7A4CC31:LeaderElection33] INFO  server.RaftServerConfigKeys (ConfUtils.java:logGet(43)) - raft.server.watch.element-limit = 65536 (default)
2019-09-24 22:59:20,111 [388b7cca-9c2c-4db0-aaac-d908992fc736@group-F20BA7A4CC31:LeaderElection33] INFO  impl.RoleInfo (RoleInfo.java:updateAndGet(143)) - 388b7cca-9c2c-4db0-aaac-d908992fc736: start LeaderState
2019-09-24 22:59:20,111 [388b7cca-9c2c-4db0-aaac-d908992fc736@group-F20BA7A4CC31:LeaderElection33] INFO  segmented.SegmentedRaftLogWorker (SegmentedRaftLogWorker.java:startLogSegment(380)) - 388b7cca-9c2c-4db0-aaac-d908992fc736@group-F20BA7A4CC31-SegmentedRaftLogWorker: Starting segment from index:0
2019-09-24 22:59:20,112 [388b7cca-9c2c-4db0-aaac-d908992fc736@group-F20BA7A4CC31:LeaderElection33] INFO  impl.RaftServerImpl (ServerState.java:setRaftConf(354)) - 388b7cca-9c2c-4db0-aaac-d908992fc736@group-F20BA7A4CC31: set configuration 0: [388b7cca-9c2c-4db0-aaac-d908992fc736:192.168.151.66:36990], old=null at 0
2019-09-24 22:59:20,144 [388b7cca-9c2c-4db0-aaac-d908992fc736@group-F20BA7A4CC31-SegmentedRaftLogWorker] INFO  segmented.SegmentedRaftLogWorker (SegmentedRaftLogWorker.java:execute(569)) - 388b7cca-9c2c-4db0-aaac-d908992fc736@group-F20BA7A4CC31-SegmentedRaftLogWorker: created new log segment /workdir/hadoop-ozone/integration-test/target/test-dir/MiniOzoneClusterImpl-c5523c91-7035-4a19-985c-37f1f8f0fe10/datanode-1/data/ratis/0324df27-1d87-45cd-be86-f20ba7a4cc31/current/log_inprogress_0
2019-09-24 22:59:20,187 [Thread-2169] INFO  impl.FollowerState (FollowerState.java:run(106)) - 8cdd0bc1-cb69-4d0a-8907-e53e57dcd550:group-75FC4D260955 changes to CANDIDATE, lastRpcTime:1015, electionTimeout:1015ms
2019-09-24 22:59:20,187 [Thread-2169] INFO  impl.RoleInfo (RoleInfo.java:shutdownFollowerState(121)) - 8cdd0bc1-cb69-4d0a-8907-e53e57dcd550: shutdown FollowerState
2019-09-24 22:59:20,187 [Thread-2169] INFO  impl.RaftServerImpl (RaftServerImpl.java:setRole(174)) - 8cdd0bc1-cb69-4d0a-8907-e53e57dcd550@group-75FC4D260955: changes role from  FOLLOWER to CANDIDATE at term 0 for changeToCandidate
2019-09-24 22:59:20,187 [Thread-2169] INFO  impl.RoleInfo (RoleInfo.java:updateAndGet(143)) - 8cdd0bc1-cb69-4d0a-8907-e53e57dcd550: start LeaderElection
2019-09-24 22:59:20,214 [8cdd0bc1-cb69-4d0a-8907-e53e57dcd550@group-75FC4D260955:LeaderElection34] INFO  impl.LeaderElection (LeaderElection.java:askForVotes(182)) - 8cdd0bc1-cb69-4d0a-8907-e53e57dcd550@group-75FC4D260955:LeaderElection34: begin an election at term 1 for -1: [8cdd0bc1-cb69-4d0a-8907-e53e57dcd550:192.168.151.66:44259], old=null
2019-09-24 22:59:20,214 [8cdd0bc1-cb69-4d0a-8907-e53e57dcd550@group-75FC4D260955:LeaderElection34] INFO  impl.RoleInfo (RoleInfo.java:shutdownLeaderElection(134)) - 8cdd0bc1-cb69-4d0a-8907-e53e57dcd550: shutdown LeaderElection
2019-09-24 22:59:20,214 [8cdd0bc1-cb69-4d0a-8907-e53e57dcd550@group-75FC4D260955:LeaderElection34] INFO  impl.RaftServerImpl (RaftServerImpl.java:setRole(174)) - 8cdd0bc1-cb69-4d0a-8907-e53e57dcd550@group-75FC4D260955: changes role from CANDIDATE to LEADER at term 1 for changeToLeader
2019-09-24 22:59:20,214 [8cdd0bc1-cb69-4d0a-8907-e53e57dcd550@group-75FC4D260955:LeaderElection34] INFO  impl.RaftServerImpl (ServerState.java:setLeader(253)) - 8cdd0bc1-cb69-4d0a-8907-e53e57dcd550@group-75FC4D260955: change Leader from null to 8cdd0bc1-cb69-4d0a-8907-e53e57dcd550 at term 1 for becomeLeader, leader elected after 1050ms
2019-09-24 22:59:20,216 [8cdd0bc1-cb69-4d0a-8907-e53e57dcd550@group-75FC4D260955:LeaderElection34] INFO  server.RaftServerConfigKeys (ConfUtils.java:logGet(43)) - raft.server.staging.catchup.gap = 1000 (default)
2019-09-24 22:59:20,217 [8cdd0bc1-cb69-4d0a-8907-e53e57dcd550@group-75FC4D260955:LeaderElection34] INFO  server.RaftServerConfigKeys (ConfUtils.java:logGet(43)) - raft.server.rpc.sleep.time = 25ms (default)
2019-09-24 22:59:20,217 [8cdd0bc1-cb69-4d0a-8907-e53e57dcd550@group-75FC4D260955:LeaderElection34] INFO  server.RaftServerConfigKeys (ConfUtils.java:logGet(43)) - raft.server.write.element-limit = 4096 (default)
2019-09-24 22:59:20,217 [8cdd0bc1-cb69-4d0a-8907-e53e57dcd550@group-75FC4D260955:LeaderElection34] INFO  server.RaftServerConfigKeys (ConfUtils.java:logGet(43)) - raft.server.watch.timeout = 10s (default)
2019-09-24 22:59:20,217 [8cdd0bc1-cb69-4d0a-8907-e53e57dcd550@group-75FC4D260955:LeaderElection34] INFO  server.RaftServerConfigKeys (ConfUtils.java:logGet(43)) - raft.server.watch.timeout.denomination = 1s (default)
2019-09-24 22:59:20,217 [8cdd0bc1-cb69-4d0a-8907-e53e57dcd550@group-75FC4D260955:LeaderElection34] INFO  server.RaftServerConfigKeys (ConfUtils.java:logGet(43)) - raft.server.watch.element-limit = 65536 (default)
2019-09-24 22:59:20,220 [8cdd0bc1-cb69-4d0a-8907-e53e57dcd550@group-75FC4D260955:LeaderElection34] INFO  impl.RoleInfo (RoleInfo.java:updateAndGet(143)) - 8cdd0bc1-cb69-4d0a-8907-e53e57dcd550: start LeaderState
2019-09-24 22:59:20,221 [8cdd0bc1-cb69-4d0a-8907-e53e57dcd550@group-75FC4D260955:LeaderElection34] INFO  segmented.SegmentedRaftLogWorker (SegmentedRaftLogWorker.java:startLogSegment(380)) - 8cdd0bc1-cb69-4d0a-8907-e53e57dcd550@group-75FC4D260955-SegmentedRaftLogWorker: Starting segment from index:0
2019-09-24 22:59:20,221 [8cdd0bc1-cb69-4d0a-8907-e53e57dcd550@group-75FC4D260955:LeaderElection34] INFO  impl.RaftServerImpl (ServerState.java:setRaftConf(354)) - 8cdd0bc1-cb69-4d0a-8907-e53e57dcd550@group-75FC4D260955: set configuration 0: [8cdd0bc1-cb69-4d0a-8907-e53e57dcd550:192.168.151.66:44259], old=null at 0
2019-09-24 22:59:20,243 [Thread-2163] INFO  impl.FollowerState (FollowerState.java:run(106)) - 3a9ef4cb-9f73-43f2-9ef0-73623fc2079e:group-FC50999E9E77 changes to CANDIDATE, lastRpcTime:1203, electionTimeout:1199ms
2019-09-24 22:59:20,243 [Thread-2163] INFO  impl.RoleInfo (RoleInfo.java:shutdownFollowerState(121)) - 3a9ef4cb-9f73-43f2-9ef0-73623fc2079e: shutdown FollowerState
2019-09-24 22:59:20,243 [Thread-2163] INFO  impl.RaftServerImpl (RaftServerImpl.java:setRole(174)) - 3a9ef4cb-9f73-43f2-9ef0-73623fc2079e@group-FC50999E9E77: changes role from  FOLLOWER to CANDIDATE at term 0 for changeToCandidate
2019-09-24 22:59:20,244 [Thread-2163] INFO  impl.RoleInfo (RoleInfo.java:updateAndGet(143)) - 3a9ef4cb-9f73-43f2-9ef0-73623fc2079e: start LeaderElection
2019-09-24 22:59:20,255 [Thread-2166] INFO  impl.FollowerState (FollowerState.java:run(106)) - 4b299780-dc83-45c0-badb-1ce934706cf1:group-BAE85802A121 changes to CANDIDATE, lastRpcTime:1139, electionTimeout:1139ms
2019-09-24 22:59:20,255 [Thread-2166] INFO  impl.RoleInfo (RoleInfo.java:shutdownFollowerState(121)) - 4b299780-dc83-45c0-badb-1ce934706cf1: shutdown FollowerState
2019-09-24 22:59:20,256 [Thread-2166] INFO  impl.RaftServerImpl (RaftServerImpl.java:setRole(174)) - 4b299780-dc83-45c0-badb-1ce934706cf1@group-BAE85802A121: changes role from  FOLLOWER to CANDIDATE at term 0 for changeToCandidate
2019-09-24 22:59:20,256 [Thread-2166] INFO  impl.RoleInfo (RoleInfo.java:updateAndGet(143)) - 4b299780-dc83-45c0-badb-1ce934706cf1: start LeaderElection
2019-09-24 22:59:20,256 [8cdd0bc1-cb69-4d0a-8907-e53e57dcd550@group-75FC4D260955-SegmentedRaftLogWorker] INFO  segmented.SegmentedRaftLogWorker (SegmentedRaftLogWorker.java:execute(569)) - 8cdd0bc1-cb69-4d0a-8907-e53e57dcd550@group-75FC4D260955-SegmentedRaftLogWorker: created new log segment /workdir/hadoop-ozone/integration-test/target/test-dir/MiniOzoneClusterImpl-c5523c91-7035-4a19-985c-37f1f8f0fe10/datanode-5/data/ratis/3b21d6cf-d955-4e33-804a-75fc4d260955/current/log_inprogress_0
2019-09-24 22:59:20,267 [3a9ef4cb-9f73-43f2-9ef0-73623fc2079e@group-FC50999E9E77:LeaderElection35] INFO  impl.LeaderElection (LeaderElection.java:askForVotes(182)) - 3a9ef4cb-9f73-43f2-9ef0-73623fc2079e@group-FC50999E9E77:LeaderElection35: begin an election at term 1 for -1: [3a9ef4cb-9f73-43f2-9ef0-73623fc2079e:192.168.151.66:39459], old=null
2019-09-24 22:59:20,265 [Thread-2173] INFO  impl.FollowerState (FollowerState.java:run(106)) - aaae994b-a16f-4482-b826-2f4e81d538e1:group-53F6125C0DC6 changes to CANDIDATE, lastRpcTime:1006, electionTimeout:1004ms
2019-09-24 22:59:20,267 [3a9ef4cb-9f73-43f2-9ef0-73623fc2079e@group-FC50999E9E77:LeaderElection35] INFO  impl.RoleInfo (RoleInfo.java:shutdownLeaderElection(134)) - 3a9ef4cb-9f73-43f2-9ef0-73623fc2079e: shutdown LeaderElection
2019-09-24 22:59:20,268 [Thread-2173] INFO  impl.RoleInfo (RoleInfo.java:shutdownFollowerState(121)) - aaae994b-a16f-4482-b826-2f4e81d538e1: shutdown FollowerState
2019-09-24 22:59:20,268 [3a9ef4cb-9f73-43f2-9ef0-73623fc2079e@group-FC50999E9E77:LeaderElection35] INFO  impl.RaftServerImpl (RaftServerImpl.java:setRole(174)) - 3a9ef4cb-9f73-43f2-9ef0-73623fc2079e@group-FC50999E9E77: changes role from CANDIDATE to LEADER at term 1 for changeToLeader
2019-09-24 22:59:20,268 [Thread-2173] INFO  impl.RaftServerImpl (RaftServerImpl.java:setRole(174)) - aaae994b-a16f-4482-b826-2f4e81d538e1@group-53F6125C0DC6: changes role from  FOLLOWER to CANDIDATE at term 0 for changeToCandidate
2019-09-24 22:59:20,268 [3a9ef4cb-9f73-43f2-9ef0-73623fc2079e@group-FC50999E9E77:LeaderElection35] INFO  impl.RaftServerImpl (ServerState.java:setLeader(253)) - 3a9ef4cb-9f73-43f2-9ef0-73623fc2079e@group-FC50999E9E77: change Leader from null to 3a9ef4cb-9f73-43f2-9ef0-73623fc2079e at term 1 for becomeLeader, leader elected after 1236ms
2019-09-24 22:59:20,268 [Thread-2173] INFO  impl.RoleInfo (RoleInfo.java:updateAndGet(143)) - aaae994b-a16f-4482-b826-2f4e81d538e1: start LeaderElection
2019-09-24 22:59:20,270 [3a9ef4cb-9f73-43f2-9ef0-73623fc2079e@group-FC50999E9E77:LeaderElection35] INFO  server.RaftServerConfigKeys (ConfUtils.java:logGet(43)) - raft.server.staging.catchup.gap = 1000 (default)
2019-09-24 22:59:20,271 [3a9ef4cb-9f73-43f2-9ef0-73623fc2079e@group-FC50999E9E77:LeaderElection35] INFO  server.RaftServerConfigKeys (ConfUtils.java:logGet(43)) - raft.server.rpc.sleep.time = 25ms (default)
2019-09-24 22:59:20,271 [3a9ef4cb-9f73-43f2-9ef0-73623fc2079e@group-FC50999E9E77:LeaderElection35] INFO  server.RaftServerConfigKeys (ConfUtils.java:logGet(43)) - raft.server.write.element-limit = 4096 (default)
2019-09-24 22:59:20,273 [3a9ef4cb-9f73-43f2-9ef0-73623fc2079e@group-FC50999E9E77:LeaderElection35] INFO  server.RaftServerConfigKeys (ConfUtils.java:logGet(43)) - raft.server.watch.timeout = 10s (default)
2019-09-24 22:59:20,273 [3a9ef4cb-9f73-43f2-9ef0-73623fc2079e@group-FC50999E9E77:LeaderElection35] INFO  server.RaftServerConfigKeys (ConfUtils.java:logGet(43)) - raft.server.watch.timeout.denomination = 1s (default)
2019-09-24 22:59:20,273 [3a9ef4cb-9f73-43f2-9ef0-73623fc2079e@group-FC50999E9E77:LeaderElection35] INFO  server.RaftServerConfigKeys (ConfUtils.java:logGet(43)) - raft.server.watch.element-limit = 65536 (default)
2019-09-24 22:59:20,276 [3a9ef4cb-9f73-43f2-9ef0-73623fc2079e@group-FC50999E9E77:LeaderElection35] INFO  impl.RoleInfo (RoleInfo.java:updateAndGet(143)) - 3a9ef4cb-9f73-43f2-9ef0-73623fc2079e: start LeaderState
2019-09-24 22:59:20,276 [3a9ef4cb-9f73-43f2-9ef0-73623fc2079e@group-FC50999E9E77:LeaderElection35] INFO  segmented.SegmentedRaftLogWorker (SegmentedRaftLogWorker.java:startLogSegment(380)) - 3a9ef4cb-9f73-43f2-9ef0-73623fc2079e@group-FC50999E9E77-SegmentedRaftLogWorker: Starting segment from index:0
2019-09-24 22:59:20,277 [3a9ef4cb-9f73-43f2-9ef0-73623fc2079e@group-FC50999E9E77:LeaderElection35] INFO  impl.RaftServerImpl (ServerState.java:setRaftConf(354)) - 3a9ef4cb-9f73-43f2-9ef0-73623fc2079e@group-FC50999E9E77: set configuration 0: [3a9ef4cb-9f73-43f2-9ef0-73623fc2079e:192.168.151.66:39459], old=null at 0
2019-09-24 22:59:20,297 [4b299780-dc83-45c0-badb-1ce934706cf1@group-BAE85802A121:LeaderElection36] INFO  impl.LeaderElection (LeaderElection.java:askForVotes(182)) - 4b299780-dc83-45c0-badb-1ce934706cf1@group-BAE85802A121:LeaderElection36: begin an election at term 1 for -1: [4b299780-dc83-45c0-badb-1ce934706cf1:192.168.151.66:34891], old=null
2019-09-24 22:59:20,297 [aaae994b-a16f-4482-b826-2f4e81d538e1@group-53F6125C0DC6:LeaderElection37] INFO  impl.LeaderElection (LeaderElection.java:askForVotes(182)) - aaae994b-a16f-4482-b826-2f4e81d538e1@group-53F6125C0DC6:LeaderElection37: begin an election at term 1 for -1: [388b7cca-9c2c-4db0-aaac-d908992fc736:192.168.151.66:36990, 71bc6376-fb27-42ba-997c-6c3cc97d63c8:192.168.151.66:39431, aaae994b-a16f-4482-b826-2f4e81d538e1:192.168.151.66:41609], old=null
2019-09-24 22:59:20,297 [4b299780-dc83-45c0-badb-1ce934706cf1@group-BAE85802A121:LeaderElection36] INFO  impl.RoleInfo (RoleInfo.java:shutdownLeaderElection(134)) - 4b299780-dc83-45c0-badb-1ce934706cf1: shutdown LeaderElection
2019-09-24 22:59:20,298 [4b299780-dc83-45c0-badb-1ce934706cf1@group-BAE85802A121:LeaderElection36] INFO  impl.RaftServerImpl (RaftServerImpl.java:setRole(174)) - 4b299780-dc83-45c0-badb-1ce934706cf1@group-BAE85802A121: changes role from CANDIDATE to LEADER at term 1 for changeToLeader
2019-09-24 22:59:20,298 [4b299780-dc83-45c0-badb-1ce934706cf1@group-BAE85802A121:LeaderElection36] INFO  impl.RaftServerImpl (ServerState.java:setLeader(253)) - 4b299780-dc83-45c0-badb-1ce934706cf1@group-BAE85802A121: change Leader from null to 4b299780-dc83-45c0-badb-1ce934706cf1 at term 1 for becomeLeader, leader elected after 1190ms
2019-09-24 22:59:20,300 [4b299780-dc83-45c0-badb-1ce934706cf1@group-BAE85802A121:LeaderElection36] INFO  server.RaftServerConfigKeys (ConfUtils.java:logGet(43)) - raft.server.staging.catchup.gap = 1000 (default)
2019-09-24 22:59:20,300 [4b299780-dc83-45c0-badb-1ce934706cf1@group-BAE85802A121:LeaderElection36] INFO  server.RaftServerConfigKeys (ConfUtils.java:logGet(43)) - raft.server.rpc.sleep.time = 25ms (default)
2019-09-24 22:59:20,300 [4b299780-dc83-45c0-badb-1ce934706cf1@group-BAE85802A121:LeaderElection36] INFO  server.RaftServerConfigKeys (ConfUtils.java:logGet(43)) - raft.server.write.element-limit = 4096 (default)
2019-09-24 22:59:20,301 [4b299780-dc83-45c0-badb-1ce934706cf1@group-BAE85802A121:LeaderElection36] INFO  server.RaftServerConfigKeys (ConfUtils.java:logGet(43)) - raft.server.watch.timeout = 10s (default)
2019-09-24 22:59:20,301 [4b299780-dc83-45c0-badb-1ce934706cf1@group-BAE85802A121:LeaderElection36] INFO  server.RaftServerConfigKeys (ConfUtils.java:logGet(43)) - raft.server.watch.timeout.denomination = 1s (default)
2019-09-24 22:59:20,301 [4b299780-dc83-45c0-badb-1ce934706cf1@group-BAE85802A121:LeaderElection36] INFO  server.RaftServerConfigKeys (ConfUtils.java:logGet(43)) - raft.server.watch.element-limit = 65536 (default)
2019-09-24 22:59:20,304 [4b299780-dc83-45c0-badb-1ce934706cf1@group-BAE85802A121:LeaderElection36] INFO  impl.RoleInfo (RoleInfo.java:updateAndGet(143)) - 4b299780-dc83-45c0-badb-1ce934706cf1: start LeaderState
2019-09-24 22:59:20,305 [4b299780-dc83-45c0-badb-1ce934706cf1@group-BAE85802A121:LeaderElection36] INFO  segmented.SegmentedRaftLogWorker (SegmentedRaftLogWorker.java:startLogSegment(380)) - 4b299780-dc83-45c0-badb-1ce934706cf1@group-BAE85802A121-SegmentedRaftLogWorker: Starting segment from index:0
2019-09-24 22:59:20,305 [4b299780-dc83-45c0-badb-1ce934706cf1@group-BAE85802A121:LeaderElection36] INFO  impl.RaftServerImpl (ServerState.java:setRaftConf(354)) - 4b299780-dc83-45c0-badb-1ce934706cf1@group-BAE85802A121: set configuration 0: [4b299780-dc83-45c0-badb-1ce934706cf1:192.168.151.66:34891], old=null at 0
2019-09-24 22:59:20,313 [grpc-default-executor-0] INFO  impl.RaftServerImpl (RaftServerImpl.java:setRole(174)) - 388b7cca-9c2c-4db0-aaac-d908992fc736@group-53F6125C0DC6: changes role from  FOLLOWER to FOLLOWER at term 1 for recognizeCandidate:aaae994b-a16f-4482-b826-2f4e81d538e1
2019-09-24 22:59:20,313 [grpc-default-executor-2] INFO  impl.RaftServerImpl (RaftServerImpl.java:setRole(174)) - 71bc6376-fb27-42ba-997c-6c3cc97d63c8@group-53F6125C0DC6: changes role from  FOLLOWER to FOLLOWER at term 1 for recognizeCandidate:aaae994b-a16f-4482-b826-2f4e81d538e1
2019-09-24 22:59:20,314 [grpc-default-executor-0] INFO  impl.RoleInfo (RoleInfo.java:shutdownFollowerState(121)) - 388b7cca-9c2c-4db0-aaac-d908992fc736: shutdown FollowerState
2019-09-24 22:59:20,314 [grpc-default-executor-2] INFO  impl.RoleInfo (RoleInfo.java:shutdownFollowerState(121)) - 71bc6376-fb27-42ba-997c-6c3cc97d63c8: shutdown FollowerState
2019-09-24 22:59:20,314 [Thread-2176] INFO  impl.FollowerState (FollowerState.java:run(115)) - 388b7cca-9c2c-4db0-aaac-d908992fc736: FollowerState was interrupted: java.lang.InterruptedException: sleep interrupted
2019-09-24 22:59:20,314 [grpc-default-executor-0] INFO  impl.RoleInfo (RoleInfo.java:updateAndGet(143)) - 388b7cca-9c2c-4db0-aaac-d908992fc736: start FollowerState
2019-09-24 22:59:20,314 [Thread-2178] INFO  impl.FollowerState (FollowerState.java:run(115)) - 71bc6376-fb27-42ba-997c-6c3cc97d63c8: FollowerState was interrupted: java.lang.InterruptedException: sleep interrupted
2019-09-24 22:59:20,314 [grpc-default-executor-2] INFO  impl.RoleInfo (RoleInfo.java:updateAndGet(143)) - 71bc6376-fb27-42ba-997c-6c3cc97d63c8: start FollowerState
2019-09-24 22:59:20,315 [3a9ef4cb-9f73-43f2-9ef0-73623fc2079e@group-FC50999E9E77-SegmentedRaftLogWorker] INFO  segmented.SegmentedRaftLogWorker (SegmentedRaftLogWorker.java:execute(569)) - 3a9ef4cb-9f73-43f2-9ef0-73623fc2079e@group-FC50999E9E77-SegmentedRaftLogWorker: created new log segment /workdir/hadoop-ozone/integration-test/target/test-dir/MiniOzoneClusterImpl-c5523c91-7035-4a19-985c-37f1f8f0fe10/datanode-3/data/ratis/e610bcc7-d36c-4fe2-b3a4-fc50999e9e77/current/log_inprogress_0
2019-09-24 22:59:20,335 [aaae994b-a16f-4482-b826-2f4e81d538e1@group-53F6125C0DC6:LeaderElection37] INFO  impl.LeaderElection (LeaderElection.java:logAndReturn(56)) - aaae994b-a16f-4482-b826-2f4e81d538e1@group-53F6125C0DC6:LeaderElection37: Election PASSED; received 1 response(s) [aaae994b-a16f-4482-b826-2f4e81d538e1<-71bc6376-fb27-42ba-997c-6c3cc97d63c8#0:OK-t1] and 0 exception(s); aaae994b-a16f-4482-b826-2f4e81d538e1@group-53F6125C0DC6:t1, leader=null, voted=aaae994b-a16f-4482-b826-2f4e81d538e1, raftlog=aaae994b-a16f-4482-b826-2f4e81d538e1@group-53F6125C0DC6-SegmentedRaftLog:OPENED:c-1,f-1,i0, conf=-1: [388b7cca-9c2c-4db0-aaac-d908992fc736:192.168.151.66:36990, 71bc6376-fb27-42ba-997c-6c3cc97d63c8:192.168.151.66:39431, aaae994b-a16f-4482-b826-2f4e81d538e1:192.168.151.66:41609], old=null
2019-09-24 22:59:20,336 [aaae994b-a16f-4482-b826-2f4e81d538e1@group-53F6125C0DC6:LeaderElection37] INFO  impl.RoleInfo (RoleInfo.java:shutdownLeaderElection(134)) - aaae994b-a16f-4482-b826-2f4e81d538e1: shutdown LeaderElection
2019-09-24 22:59:20,336 [aaae994b-a16f-4482-b826-2f4e81d538e1@group-53F6125C0DC6:LeaderElection37] INFO  impl.RaftServerImpl (RaftServerImpl.java:setRole(174)) - aaae994b-a16f-4482-b826-2f4e81d538e1@group-53F6125C0DC6: changes role from CANDIDATE to LEADER at term 1 for changeToLeader
2019-09-24 22:59:20,336 [aaae994b-a16f-4482-b826-2f4e81d538e1@group-53F6125C0DC6:LeaderElection37] INFO  impl.RaftServerImpl (ServerState.java:setLeader(253)) - aaae994b-a16f-4482-b826-2f4e81d538e1@group-53F6125C0DC6: change Leader from null to aaae994b-a16f-4482-b826-2f4e81d538e1 at term 1 for becomeLeader, leader elected after 1088ms
2019-09-24 22:59:20,336 [aaae994b-a16f-4482-b826-2f4e81d538e1@group-53F6125C0DC6:LeaderElection37] INFO  server.RaftServerConfigKeys (ConfUtils.java:logGet(43)) - raft.server.staging.catchup.gap = 1000 (default)
2019-09-24 22:59:20,337 [aaae994b-a16f-4482-b826-2f4e81d538e1@group-53F6125C0DC6:LeaderElection37] INFO  server.RaftServerConfigKeys (ConfUtils.java:logGet(43)) - raft.server.rpc.sleep.time = 25ms (default)
2019-09-24 22:59:20,337 [aaae994b-a16f-4482-b826-2f4e81d538e1@group-53F6125C0DC6:LeaderElection37] INFO  server.RaftServerConfigKeys (ConfUtils.java:logGet(43)) - raft.server.write.element-limit = 4096 (default)
2019-09-24 22:59:20,337 [aaae994b-a16f-4482-b826-2f4e81d538e1@group-53F6125C0DC6:LeaderElection37] INFO  server.RaftServerConfigKeys (ConfUtils.java:logGet(43)) - raft.server.watch.timeout = 10s (default)
2019-09-24 22:59:20,337 [aaae994b-a16f-4482-b826-2f4e81d538e1@group-53F6125C0DC6:LeaderElection37] INFO  server.RaftServerConfigKeys (ConfUtils.java:logGet(43)) - raft.server.watch.timeout.denomination = 1s (default)
2019-09-24 22:59:20,337 [aaae994b-a16f-4482-b826-2f4e81d538e1@group-53F6125C0DC6:LeaderElection37] INFO  server.RaftServerConfigKeys (ConfUtils.java:logGet(43)) - raft.server.watch.element-limit = 65536 (default)
2019-09-24 22:59:20,340 [aaae994b-a16f-4482-b826-2f4e81d538e1@group-53F6125C0DC6:LeaderElection37] INFO  server.RaftServerConfigKeys (ConfUtils.java:logGet(43)) - raft.server.log.appender.snapshot.chunk.size.max = 16MB (=16777216) (default)
2019-09-24 22:59:20,341 [aaae994b-a16f-4482-b826-2f4e81d538e1@group-53F6125C0DC6:LeaderElection37] INFO  server.RaftServerConfigKeys (ConfUtils.java:logGet(43)) - raft.server.log.appender.buffer.byte-limit = 33554432 (custom)
2019-09-24 22:59:20,341 [aaae994b-a16f-4482-b826-2f4e81d538e1@group-53F6125C0DC6:LeaderElection37] INFO  server.RaftServerConfigKeys (ConfUtils.java:logGet(43)) - raft.server.log.appender.buffer.element-limit = 1 (custom)
2019-09-24 22:59:20,341 [aaae994b-a16f-4482-b826-2f4e81d538e1@group-53F6125C0DC6:LeaderElection37] INFO  grpc.GrpcConfigKeys$Server (ConfUtils.java:logGet(43)) - raft.grpc.server.leader.outstanding.appends.max = 128 (default)
2019-09-24 22:59:20,341 [aaae994b-a16f-4482-b826-2f4e81d538e1@group-53F6125C0DC6:LeaderElection37] INFO  server.RaftServerConfigKeys (ConfUtils.java:logGet(43)) - raft.server.rpc.request.timeout = 3000ms (default)
2019-09-24 22:59:20,341 [aaae994b-a16f-4482-b826-2f4e81d538e1@group-53F6125C0DC6:LeaderElection37] INFO  server.RaftServerConfigKeys (ConfUtils.java:logGet(43)) - raft.server.log.appender.install.snapshot.enabled = false (custom)
2019-09-24 22:59:20,342 [aaae994b-a16f-4482-b826-2f4e81d538e1@group-53F6125C0DC6:LeaderElection37] INFO  server.RaftServerConfigKeys (ConfUtils.java:logGet(43)) - raft.server.log.appender.snapshot.chunk.size.max = 16MB (=16777216) (default)
2019-09-24 22:59:20,342 [aaae994b-a16f-4482-b826-2f4e81d538e1@group-53F6125C0DC6:LeaderElection37] INFO  server.RaftServerConfigKeys (ConfUtils.java:logGet(43)) - raft.server.log.appender.buffer.byte-limit = 33554432 (custom)
2019-09-24 22:59:20,342 [aaae994b-a16f-4482-b826-2f4e81d538e1@group-53F6125C0DC6:LeaderElection37] INFO  server.RaftServerConfigKeys (ConfUtils.java:logGet(43)) - raft.server.log.appender.buffer.element-limit = 1 (custom)
2019-09-24 22:59:20,342 [aaae994b-a16f-4482-b826-2f4e81d538e1@group-53F6125C0DC6:LeaderElection37] INFO  grpc.GrpcConfigKeys$Server (ConfUtils.java:logGet(43)) - raft.grpc.server.leader.outstanding.appends.max = 128 (default)
2019-09-24 22:59:20,343 [aaae994b-a16f-4482-b826-2f4e81d538e1@group-53F6125C0DC6:LeaderElection37] INFO  server.RaftServerConfigKeys (ConfUtils.java:logGet(43)) - raft.server.rpc.request.timeout = 3000ms (default)
2019-09-24 22:59:20,343 [aaae994b-a16f-4482-b826-2f4e81d538e1@group-53F6125C0DC6:LeaderElection37] INFO  server.RaftServerConfigKeys (ConfUtils.java:logGet(43)) - raft.server.log.appender.install.snapshot.enabled = false (custom)
2019-09-24 22:59:20,343 [aaae994b-a16f-4482-b826-2f4e81d538e1@group-53F6125C0DC6:LeaderElection37] INFO  impl.RoleInfo (RoleInfo.java:updateAndGet(143)) - aaae994b-a16f-4482-b826-2f4e81d538e1: start LeaderState
2019-09-24 22:59:20,343 [aaae994b-a16f-4482-b826-2f4e81d538e1@group-53F6125C0DC6:LeaderElection37] INFO  segmented.SegmentedRaftLogWorker (SegmentedRaftLogWorker.java:startLogSegment(380)) - aaae994b-a16f-4482-b826-2f4e81d538e1@group-53F6125C0DC6-SegmentedRaftLogWorker: Starting segment from index:0
2019-09-24 22:59:20,344 [aaae994b-a16f-4482-b826-2f4e81d538e1@group-53F6125C0DC6:LeaderElection37] INFO  impl.RaftServerImpl (ServerState.java:setRaftConf(354)) - aaae994b-a16f-4482-b826-2f4e81d538e1@group-53F6125C0DC6: set configuration 0: [388b7cca-9c2c-4db0-aaac-d908992fc736:192.168.151.66:36990, 71bc6376-fb27-42ba-997c-6c3cc97d63c8:192.168.151.66:39431, aaae994b-a16f-4482-b826-2f4e81d538e1:192.168.151.66:41609], old=null at 0
2019-09-24 22:59:20,365 [4b299780-dc83-45c0-badb-1ce934706cf1@group-BAE85802A121-SegmentedRaftLogWorker] INFO  segmented.SegmentedRaftLogWorker (SegmentedRaftLogWorker.java:execute(569)) - 4b299780-dc83-45c0-badb-1ce934706cf1@group-BAE85802A121-SegmentedRaftLogWorker: created new log segment /workdir/hadoop-ozone/integration-test/target/test-dir/MiniOzoneClusterImpl-c5523c91-7035-4a19-985c-37f1f8f0fe10/datanode-4/data/ratis/9f5815e8-408e-4ab4-a9b1-bae85802a121/current/log_inprogress_0
2019-09-24 22:59:20,369 [grpc-default-executor-2] INFO  impl.RaftServerImpl (ServerState.java:setLeader(253)) - 71bc6376-fb27-42ba-997c-6c3cc97d63c8@group-53F6125C0DC6: change Leader from null to aaae994b-a16f-4482-b826-2f4e81d538e1 at term 1 for appendEntries, leader elected after 1121ms
2019-09-24 22:59:20,369 [grpc-default-executor-0] INFO  impl.RaftServerImpl (ServerState.java:setLeader(253)) - 388b7cca-9c2c-4db0-aaac-d908992fc736@group-53F6125C0DC6: change Leader from null to aaae994b-a16f-4482-b826-2f4e81d538e1 at term 1 for appendEntries, leader elected after 1121ms
2019-09-24 22:59:20,380 [aaae994b-a16f-4482-b826-2f4e81d538e1@group-53F6125C0DC6-SegmentedRaftLogWorker] INFO  segmented.SegmentedRaftLogWorker (SegmentedRaftLogWorker.java:execute(569)) - aaae994b-a16f-4482-b826-2f4e81d538e1@group-53F6125C0DC6-SegmentedRaftLogWorker: created new log segment /workdir/hadoop-ozone/integration-test/target/test-dir/MiniOzoneClusterImpl-c5523c91-7035-4a19-985c-37f1f8f0fe10/datanode-2/data/ratis/77c17125-02e0-4d92-af5f-53f6125c0dc6/current/log_inprogress_0
2019-09-24 22:59:20,381 [grpc-default-executor-0] INFO  impl.RaftServerImpl (ServerState.java:setRaftConf(354)) - 388b7cca-9c2c-4db0-aaac-d908992fc736@group-53F6125C0DC6: set configuration 0: [388b7cca-9c2c-4db0-aaac-d908992fc736:192.168.151.66:36990, 71bc6376-fb27-42ba-997c-6c3cc97d63c8:192.168.151.66:39431, aaae994b-a16f-4482-b826-2f4e81d538e1:192.168.151.66:41609], old=null at 0
2019-09-24 22:59:20,381 [grpc-default-executor-2] INFO  impl.RaftServerImpl (ServerState.java:setRaftConf(354)) - 71bc6376-fb27-42ba-997c-6c3cc97d63c8@group-53F6125C0DC6: set configuration 0: [388b7cca-9c2c-4db0-aaac-d908992fc736:192.168.151.66:36990, 71bc6376-fb27-42ba-997c-6c3cc97d63c8:192.168.151.66:39431, aaae994b-a16f-4482-b826-2f4e81d538e1:192.168.151.66:41609], old=null at 0
2019-09-24 22:59:20,381 [grpc-default-executor-0] INFO  segmented.SegmentedRaftLogWorker (SegmentedRaftLogWorker.java:startLogSegment(380)) - 388b7cca-9c2c-4db0-aaac-d908992fc736@group-53F6125C0DC6-SegmentedRaftLogWorker: Starting segment from index:0
2019-09-24 22:59:20,381 [grpc-default-executor-2] INFO  segmented.SegmentedRaftLogWorker (SegmentedRaftLogWorker.java:startLogSegment(380)) - 71bc6376-fb27-42ba-997c-6c3cc97d63c8@group-53F6125C0DC6-SegmentedRaftLogWorker: Starting segment from index:0
2019-09-24 22:59:20,411 [71bc6376-fb27-42ba-997c-6c3cc97d63c8@group-53F6125C0DC6-SegmentedRaftLogWorker] INFO  segmented.SegmentedRaftLogWorker (SegmentedRaftLogWorker.java:execute(569)) - 71bc6376-fb27-42ba-997c-6c3cc97d63c8@group-53F6125C0DC6-SegmentedRaftLogWorker: created new log segment /workdir/hadoop-ozone/integration-test/target/test-dir/MiniOzoneClusterImpl-c5523c91-7035-4a19-985c-37f1f8f0fe10/datanode-0/data/ratis/77c17125-02e0-4d92-af5f-53f6125c0dc6/current/log_inprogress_0
2019-09-24 22:59:20,411 [388b7cca-9c2c-4db0-aaac-d908992fc736@group-53F6125C0DC6-SegmentedRaftLogWorker] INFO  segmented.SegmentedRaftLogWorker (SegmentedRaftLogWorker.java:execute(569)) - 388b7cca-9c2c-4db0-aaac-d908992fc736@group-53F6125C0DC6-SegmentedRaftLogWorker: created new log segment /workdir/hadoop-ozone/integration-test/target/test-dir/MiniOzoneClusterImpl-c5523c91-7035-4a19-985c-37f1f8f0fe10/datanode-1/data/ratis/77c17125-02e0-4d92-af5f-53f6125c0dc6/current/log_inprogress_0
2019-09-24 22:59:20,431 [Thread-2186] INFO  impl.FollowerState (FollowerState.java:run(106)) - 8cdd0bc1-cb69-4d0a-8907-e53e57dcd550:group-90EC4100B693 changes to CANDIDATE, lastRpcTime:1073, electionTimeout:1073ms
2019-09-24 22:59:20,431 [Thread-2186] INFO  impl.RoleInfo (RoleInfo.java:shutdownFollowerState(121)) - 8cdd0bc1-cb69-4d0a-8907-e53e57dcd550: shutdown FollowerState
2019-09-24 22:59:20,431 [Thread-2186] INFO  impl.RaftServerImpl (RaftServerImpl.java:setRole(174)) - 8cdd0bc1-cb69-4d0a-8907-e53e57dcd550@group-90EC4100B693: changes role from  FOLLOWER to CANDIDATE at term 0 for changeToCandidate
2019-09-24 22:59:20,432 [Thread-2186] INFO  impl.RoleInfo (RoleInfo.java:updateAndGet(143)) - 8cdd0bc1-cb69-4d0a-8907-e53e57dcd550: start LeaderElection
2019-09-24 22:59:20,440 [8cdd0bc1-cb69-4d0a-8907-e53e57dcd550@group-90EC4100B693:LeaderElection38] INFO  impl.LeaderElection (LeaderElection.java:askForVotes(182)) - 8cdd0bc1-cb69-4d0a-8907-e53e57dcd550@group-90EC4100B693:LeaderElection38: begin an election at term 1 for -1: [4b299780-dc83-45c0-badb-1ce934706cf1:192.168.151.66:34891, 3a9ef4cb-9f73-43f2-9ef0-73623fc2079e:192.168.151.66:39459, 8cdd0bc1-cb69-4d0a-8907-e53e57dcd550:192.168.151.66:44259], old=null
2019-09-24 22:59:20,458 [Thread-2185] INFO  impl.FollowerState (FollowerState.java:run(106)) - 3a9ef4cb-9f73-43f2-9ef0-73623fc2079e:group-90EC4100B693 changes to CANDIDATE, lastRpcTime:1101, electionTimeout:1100ms
2019-09-24 22:59:20,464 [Thread-2181] INFO  impl.FollowerState (FollowerState.java:run(106)) - 4b299780-dc83-45c0-badb-1ce934706cf1:group-90EC4100B693 changes to CANDIDATE, lastRpcTime:1112, electionTimeout:1108ms
2019-09-24 22:59:20,464 [Thread-2185] INFO  impl.RoleInfo (RoleInfo.java:shutdownFollowerState(121)) - 3a9ef4cb-9f73-43f2-9ef0-73623fc2079e: shutdown FollowerState
2019-09-24 22:59:20,466 [Thread-2185] INFO  impl.RaftServerImpl (RaftServerImpl.java:setRole(174)) - 3a9ef4cb-9f73-43f2-9ef0-73623fc2079e@group-90EC4100B693: changes role from  FOLLOWER to CANDIDATE at term 0 for changeToCandidate
2019-09-24 22:59:20,466 [Thread-2181] INFO  impl.RoleInfo (RoleInfo.java:shutdownFollowerState(121)) - 4b299780-dc83-45c0-badb-1ce934706cf1: shutdown FollowerState
2019-09-24 22:59:20,466 [Thread-2185] INFO  impl.RoleInfo (RoleInfo.java:updateAndGet(143)) - 3a9ef4cb-9f73-43f2-9ef0-73623fc2079e: start LeaderElection
2019-09-24 22:59:20,466 [Thread-2181] INFO  impl.RaftServerImpl (RaftServerImpl.java:setRole(174)) - 4b299780-dc83-45c0-badb-1ce934706cf1@group-90EC4100B693: changes role from  FOLLOWER to CANDIDATE at term 0 for changeToCandidate
2019-09-24 22:59:20,466 [Thread-2181] INFO  impl.RoleInfo (RoleInfo.java:updateAndGet(143)) - 4b299780-dc83-45c0-badb-1ce934706cf1: start LeaderElection
2019-09-24 22:59:20,466 [grpc-default-executor-0] INFO  impl.RaftServerImpl (RaftServerImpl.java:setRole(174)) - 3a9ef4cb-9f73-43f2-9ef0-73623fc2079e@group-90EC4100B693: changes role from CANDIDATE to FOLLOWER at term 1 for recognizeCandidate:8cdd0bc1-cb69-4d0a-8907-e53e57dcd550
2019-09-24 22:59:20,467 [grpc-default-executor-2] INFO  impl.RaftServerImpl (RaftServerImpl.java:setRole(174)) - 4b299780-dc83-45c0-badb-1ce934706cf1@group-90EC4100B693: changes role from CANDIDATE to FOLLOWER at term 1 for recognizeCandidate:8cdd0bc1-cb69-4d0a-8907-e53e57dcd550
2019-09-24 22:59:20,467 [grpc-default-executor-0] INFO  impl.RoleInfo (RoleInfo.java:shutdownLeaderElection(134)) - 3a9ef4cb-9f73-43f2-9ef0-73623fc2079e: shutdown LeaderElection
2019-09-24 22:59:20,467 [grpc-default-executor-2] INFO  impl.RoleInfo (RoleInfo.java:shutdownLeaderElection(134)) - 4b299780-dc83-45c0-badb-1ce934706cf1: shutdown LeaderElection
2019-09-24 22:59:20,467 [grpc-default-executor-0] INFO  impl.RoleInfo (RoleInfo.java:updateAndGet(143)) - 3a9ef4cb-9f73-43f2-9ef0-73623fc2079e: start FollowerState
2019-09-24 22:59:20,467 [grpc-default-executor-2] INFO  impl.RoleInfo (RoleInfo.java:updateAndGet(143)) - 4b299780-dc83-45c0-badb-1ce934706cf1: start FollowerState
2019-09-24 22:59:20,499 [8cdd0bc1-cb69-4d0a-8907-e53e57dcd550@group-90EC4100B693:LeaderElection38] INFO  impl.LeaderElection (LeaderElection.java:logAndReturn(56)) - 8cdd0bc1-cb69-4d0a-8907-e53e57dcd550@group-90EC4100B693:LeaderElection38: Election REJECTED; received 2 response(s) [8cdd0bc1-cb69-4d0a-8907-e53e57dcd550<-4b299780-dc83-45c0-badb-1ce934706cf1#0:FAIL-t1, 8cdd0bc1-cb69-4d0a-8907-e53e57dcd550<-3a9ef4cb-9f73-43f2-9ef0-73623fc2079e#0:FAIL-t1] and 0 exception(s); 8cdd0bc1-cb69-4d0a-8907-e53e57dcd550@group-90EC4100B693:t1, leader=null, voted=8cdd0bc1-cb69-4d0a-8907-e53e57dcd550, raftlog=8cdd0bc1-cb69-4d0a-8907-e53e57dcd550@group-90EC4100B693-SegmentedRaftLog:OPENED:c-1,f-1,i0, conf=-1: [4b299780-dc83-45c0-badb-1ce934706cf1:192.168.151.66:34891, 3a9ef4cb-9f73-43f2-9ef0-73623fc2079e:192.168.151.66:39459, 8cdd0bc1-cb69-4d0a-8907-e53e57dcd550:192.168.151.66:44259], old=null
2019-09-24 22:59:20,499 [8cdd0bc1-cb69-4d0a-8907-e53e57dcd550@group-90EC4100B693:LeaderElection38] INFO  impl.RaftServerImpl (RaftServerImpl.java:setRole(174)) - 8cdd0bc1-cb69-4d0a-8907-e53e57dcd550@group-90EC4100B693: changes role from CANDIDATE to FOLLOWER at term 1 for DISCOVERED_A_NEW_TERM
2019-09-24 22:59:20,499 [8cdd0bc1-cb69-4d0a-8907-e53e57dcd550@group-90EC4100B693:LeaderElection38] INFO  impl.RoleInfo (RoleInfo.java:shutdownLeaderElection(134)) - 8cdd0bc1-cb69-4d0a-8907-e53e57dcd550: shutdown LeaderElection
2019-09-24 22:59:20,499 [8cdd0bc1-cb69-4d0a-8907-e53e57dcd550@group-90EC4100B693:LeaderElection38] INFO  impl.RoleInfo (RoleInfo.java:updateAndGet(143)) - 8cdd0bc1-cb69-4d0a-8907-e53e57dcd550: start FollowerState
2019-09-24 22:59:20,511 [4b299780-dc83-45c0-badb-1ce934706cf1@group-90EC4100B693:LeaderElection40] INFO  impl.LeaderElection (LeaderElection.java:askForVotes(182)) - 4b299780-dc83-45c0-badb-1ce934706cf1@group-90EC4100B693:LeaderElection40: begin an election at term 2 for -1: [4b299780-dc83-45c0-badb-1ce934706cf1:192.168.151.66:34891, 3a9ef4cb-9f73-43f2-9ef0-73623fc2079e:192.168.151.66:39459, 8cdd0bc1-cb69-4d0a-8907-e53e57dcd550:192.168.151.66:44259], old=null
2019-09-24 22:59:20,511 [3a9ef4cb-9f73-43f2-9ef0-73623fc2079e@group-90EC4100B693:LeaderElection39] INFO  impl.LeaderElection (LeaderElection.java:askForVotes(182)) - 3a9ef4cb-9f73-43f2-9ef0-73623fc2079e@group-90EC4100B693:LeaderElection39: begin an election at term 2 for -1: [4b299780-dc83-45c0-badb-1ce934706cf1:192.168.151.66:34891, 3a9ef4cb-9f73-43f2-9ef0-73623fc2079e:192.168.151.66:39459, 8cdd0bc1-cb69-4d0a-8907-e53e57dcd550:192.168.151.66:44259], old=null
2019-09-24 22:59:20,514 [4b299780-dc83-45c0-badb-1ce934706cf1@group-90EC4100B693:LeaderElection40] INFO  impl.LeaderElection (LeaderElection.java:logAndReturn(56)) - 4b299780-dc83-45c0-badb-1ce934706cf1@group-90EC4100B693:LeaderElection40: Election REJECTED; received 0 response(s) [] and 0 exception(s); 4b299780-dc83-45c0-badb-1ce934706cf1@group-90EC4100B693:t2, leader=null, voted=4b299780-dc83-45c0-badb-1ce934706cf1, raftlog=4b299780-dc83-45c0-badb-1ce934706cf1@group-90EC4100B693-SegmentedRaftLog:OPENED:c-1,f-1,i0, conf=-1: [4b299780-dc83-45c0-badb-1ce934706cf1:192.168.151.66:34891, 3a9ef4cb-9f73-43f2-9ef0-73623fc2079e:192.168.151.66:39459, 8cdd0bc1-cb69-4d0a-8907-e53e57dcd550:192.168.151.66:44259], old=null
2019-09-24 22:59:20,514 [3a9ef4cb-9f73-43f2-9ef0-73623fc2079e@group-90EC4100B693:LeaderElection39] INFO  impl.LeaderElection (LeaderElection.java:logAndReturn(56)) - 3a9ef4cb-9f73-43f2-9ef0-73623fc2079e@group-90EC4100B693:LeaderElection39: Election REJECTED; received 0 response(s) [] and 0 exception(s); 3a9ef4cb-9f73-43f2-9ef0-73623fc2079e@group-90EC4100B693:t2, leader=null, voted=3a9ef4cb-9f73-43f2-9ef0-73623fc2079e, raftlog=3a9ef4cb-9f73-43f2-9ef0-73623fc2079e@group-90EC4100B693-SegmentedRaftLog:OPENED:c-1,f-1,i0, conf=-1: [4b299780-dc83-45c0-badb-1ce934706cf1:192.168.151.66:34891, 3a9ef4cb-9f73-43f2-9ef0-73623fc2079e:192.168.151.66:39459, 8cdd0bc1-cb69-4d0a-8907-e53e57dcd550:192.168.151.66:44259], old=null
2019-09-24 22:59:20,526 [grpc-default-executor-1] INFO  impl.RaftServerImpl (RaftServerImpl.java:setRole(174)) - 8cdd0bc1-cb69-4d0a-8907-e53e57dcd550@group-90EC4100B693: changes role from  FOLLOWER to FOLLOWER at term 2 for recognizeCandidate:4b299780-dc83-45c0-badb-1ce934706cf1
2019-09-24 22:59:20,528 [grpc-default-executor-1] INFO  impl.RoleInfo (RoleInfo.java:shutdownFollowerState(121)) - 8cdd0bc1-cb69-4d0a-8907-e53e57dcd550: shutdown FollowerState
2019-09-24 22:59:20,528 [grpc-default-executor-1] INFO  impl.RoleInfo (RoleInfo.java:updateAndGet(143)) - 8cdd0bc1-cb69-4d0a-8907-e53e57dcd550: start FollowerState
2019-09-24 22:59:20,528 [Thread-2223] INFO  impl.FollowerState (FollowerState.java:run(115)) - 8cdd0bc1-cb69-4d0a-8907-e53e57dcd550: FollowerState was interrupted: java.lang.InterruptedException: sleep interrupted
2019-09-24 22:59:21,085 [main] INFO  ipc.Client (Client.java:handleConnectionFailure(948)) - Retrying connect to server: localhost/127.0.0.1:0. Already tried 0 time(s); retry policy is RetryUpToMaximumCountWithFixedSleep(maxRetries=10, sleepTime=1000 MILLISECONDS)
2019-09-24 22:59:21,655 [Thread-2221] INFO  impl.FollowerState (FollowerState.java:run(106)) - 3a9ef4cb-9f73-43f2-9ef0-73623fc2079e:group-90EC4100B693 changes to CANDIDATE, lastRpcTime:1187, electionTimeout:1187ms
2019-09-24 22:59:21,655 [Thread-2221] INFO  impl.RoleInfo (RoleInfo.java:shutdownFollowerState(121)) - 3a9ef4cb-9f73-43f2-9ef0-73623fc2079e: shutdown FollowerState
2019-09-24 22:59:21,655 [Thread-2221] INFO  impl.RaftServerImpl (RaftServerImpl.java:setRole(174)) - 3a9ef4cb-9f73-43f2-9ef0-73623fc2079e@group-90EC4100B693: changes role from  FOLLOWER to CANDIDATE at term 2 for changeToCandidate
2019-09-24 22:59:21,655 [Thread-2221] INFO  impl.RoleInfo (RoleInfo.java:updateAndGet(143)) - 3a9ef4cb-9f73-43f2-9ef0-73623fc2079e: start LeaderElection
2019-09-24 22:59:21,660 [Thread-2222] INFO  impl.FollowerState (FollowerState.java:run(106)) - 4b299780-dc83-45c0-badb-1ce934706cf1:group-90EC4100B693 changes to CANDIDATE, lastRpcTime:1192, electionTimeout:1192ms
2019-09-24 22:59:21,660 [Thread-2222] INFO  impl.RoleInfo (RoleInfo.java:shutdownFollowerState(121)) - 4b299780-dc83-45c0-badb-1ce934706cf1: shutdown FollowerState
2019-09-24 22:59:21,660 [Thread-2222] INFO  impl.RaftServerImpl (RaftServerImpl.java:setRole(174)) - 4b299780-dc83-45c0-badb-1ce934706cf1@group-90EC4100B693: changes role from  FOLLOWER to CANDIDATE at term 2 for changeToCandidate
2019-09-24 22:59:21,661 [Thread-2222] INFO  impl.RoleInfo (RoleInfo.java:updateAndGet(143)) - 4b299780-dc83-45c0-badb-1ce934706cf1: start LeaderElection
2019-09-24 22:59:21,663 [Thread-2228] INFO  impl.FollowerState (FollowerState.java:run(106)) - 8cdd0bc1-cb69-4d0a-8907-e53e57dcd550:group-90EC4100B693 changes to CANDIDATE, lastRpcTime:1134, electionTimeout:1128ms
2019-09-24 22:59:21,663 [Thread-2228] INFO  impl.RoleInfo (RoleInfo.java:shutdownFollowerState(121)) - 8cdd0bc1-cb69-4d0a-8907-e53e57dcd550: shutdown FollowerState
2019-09-24 22:59:21,663 [Thread-2228] INFO  impl.RaftServerImpl (RaftServerImpl.java:setRole(174)) - 8cdd0bc1-cb69-4d0a-8907-e53e57dcd550@group-90EC4100B693: changes role from  FOLLOWER to CANDIDATE at term 2 for changeToCandidate
2019-09-24 22:59:21,663 [Thread-2228] INFO  impl.RoleInfo (RoleInfo.java:updateAndGet(143)) - 8cdd0bc1-cb69-4d0a-8907-e53e57dcd550: start LeaderElection
2019-09-24 22:59:21,685 [8cdd0bc1-cb69-4d0a-8907-e53e57dcd550@group-90EC4100B693:LeaderElection43] INFO  impl.LeaderElection (LeaderElection.java:askForVotes(182)) - 8cdd0bc1-cb69-4d0a-8907-e53e57dcd550@group-90EC4100B693:LeaderElection43: begin an election at term 3 for -1: [4b299780-dc83-45c0-badb-1ce934706cf1:192.168.151.66:34891, 3a9ef4cb-9f73-43f2-9ef0-73623fc2079e:192.168.151.66:39459, 8cdd0bc1-cb69-4d0a-8907-e53e57dcd550:192.168.151.66:44259], old=null
2019-09-24 22:59:21,685 [3a9ef4cb-9f73-43f2-9ef0-73623fc2079e@group-90EC4100B693:LeaderElection41] INFO  impl.LeaderElection (LeaderElection.java:askForVotes(182)) - 3a9ef4cb-9f73-43f2-9ef0-73623fc2079e@group-90EC4100B693:LeaderElection41: begin an election at term 3 for -1: [4b299780-dc83-45c0-badb-1ce934706cf1:192.168.151.66:34891, 3a9ef4cb-9f73-43f2-9ef0-73623fc2079e:192.168.151.66:39459, 8cdd0bc1-cb69-4d0a-8907-e53e57dcd550:192.168.151.66:44259], old=null
2019-09-24 22:59:21,685 [4b299780-dc83-45c0-badb-1ce934706cf1@group-90EC4100B693:LeaderElection42] INFO  impl.LeaderElection (LeaderElection.java:askForVotes(182)) - 4b299780-dc83-45c0-badb-1ce934706cf1@group-90EC4100B693:LeaderElection42: begin an election at term 3 for -1: [4b299780-dc83-45c0-badb-1ce934706cf1:192.168.151.66:34891, 3a9ef4cb-9f73-43f2-9ef0-73623fc2079e:192.168.151.66:39459, 8cdd0bc1-cb69-4d0a-8907-e53e57dcd550:192.168.151.66:44259], old=null
2019-09-24 22:59:21,703 [8cdd0bc1-cb69-4d0a-8907-e53e57dcd550@group-90EC4100B693:LeaderElection43] INFO  impl.LeaderElection (LeaderElection.java:logAndReturn(56)) - 8cdd0bc1-cb69-4d0a-8907-e53e57dcd550@group-90EC4100B693:LeaderElection43: Election REJECTED; received 2 response(s) [8cdd0bc1-cb69-4d0a-8907-e53e57dcd550<-4b299780-dc83-45c0-badb-1ce934706cf1#0:FAIL-t3, 8cdd0bc1-cb69-4d0a-8907-e53e57dcd550<-3a9ef4cb-9f73-43f2-9ef0-73623fc2079e#0:FAIL-t3] and 0 exception(s); 8cdd0bc1-cb69-4d0a-8907-e53e57dcd550@group-90EC4100B693:t3, leader=null, voted=8cdd0bc1-cb69-4d0a-8907-e53e57dcd550, raftlog=8cdd0bc1-cb69-4d0a-8907-e53e57dcd550@group-90EC4100B693-SegmentedRaftLog:OPENED:c-1,f-1,i0, conf=-1: [4b299780-dc83-45c0-badb-1ce934706cf1:192.168.151.66:34891, 3a9ef4cb-9f73-43f2-9ef0-73623fc2079e:192.168.151.66:39459, 8cdd0bc1-cb69-4d0a-8907-e53e57dcd550:192.168.151.66:44259], old=null
2019-09-24 22:59:21,704 [8cdd0bc1-cb69-4d0a-8907-e53e57dcd550@group-90EC4100B693:LeaderElection43] INFO  impl.RaftServerImpl (RaftServerImpl.java:setRole(174)) - 8cdd0bc1-cb69-4d0a-8907-e53e57dcd550@group-90EC4100B693: changes role from CANDIDATE to FOLLOWER at term 3 for DISCOVERED_A_NEW_TERM
2019-09-24 22:59:21,704 [8cdd0bc1-cb69-4d0a-8907-e53e57dcd550@group-90EC4100B693:LeaderElection43] INFO  impl.RoleInfo (RoleInfo.java:shutdownLeaderElection(134)) - 8cdd0bc1-cb69-4d0a-8907-e53e57dcd550: shutdown LeaderElection
2019-09-24 22:59:21,704 [4b299780-dc83-45c0-badb-1ce934706cf1@group-90EC4100B693:LeaderElection42] INFO  impl.LeaderElection (LeaderElection.java:logAndReturn(56)) - 4b299780-dc83-45c0-badb-1ce934706cf1@group-90EC4100B693:LeaderElection42: Election REJECTED; received 2 response(s) [4b299780-dc83-45c0-badb-1ce934706cf1<-3a9ef4cb-9f73-43f2-9ef0-73623fc2079e#0:FAIL-t3, 4b299780-dc83-45c0-badb-1ce934706cf1<-8cdd0bc1-cb69-4d0a-8907-e53e57dcd550#0:FAIL-t3] and 0 exception(s); 4b299780-dc83-45c0-badb-1ce934706cf1@group-90EC4100B693:t3, leader=null, voted=4b299780-dc83-45c0-badb-1ce934706cf1, raftlog=4b299780-dc83-45c0-badb-1ce934706cf1@group-90EC4100B693-SegmentedRaftLog:OPENED:c-1,f-1,i0, conf=-1: [4b299780-dc83-45c0-badb-1ce934706cf1:192.168.151.66:34891, 3a9ef4cb-9f73-43f2-9ef0-73623fc2079e:192.168.151.66:39459, 8cdd0bc1-cb69-4d0a-8907-e53e57dcd550:192.168.151.66:44259], old=null
2019-09-24 22:59:21,706 [8cdd0bc1-cb69-4d0a-8907-e53e57dcd550@group-90EC4100B693:LeaderElection43] INFO  impl.RoleInfo (RoleInfo.java:updateAndGet(143)) - 8cdd0bc1-cb69-4d0a-8907-e53e57dcd550: start FollowerState
2019-09-24 22:59:21,706 [4b299780-dc83-45c0-badb-1ce934706cf1@group-90EC4100B693:LeaderElection42] INFO  impl.RaftServerImpl (RaftServerImpl.java:setRole(174)) - 4b299780-dc83-45c0-badb-1ce934706cf1@group-90EC4100B693: changes role from CANDIDATE to FOLLOWER at term 3 for DISCOVERED_A_NEW_TERM
2019-09-24 22:59:21,709 [4b299780-dc83-45c0-badb-1ce934706cf1@group-90EC4100B693:LeaderElection42] INFO  impl.RoleInfo (RoleInfo.java:shutdownLeaderElection(134)) - 4b299780-dc83-45c0-badb-1ce934706cf1: shutdown LeaderElection
2019-09-24 22:59:21,709 [4b299780-dc83-45c0-badb-1ce934706cf1@group-90EC4100B693:LeaderElection42] INFO  impl.RoleInfo (RoleInfo.java:updateAndGet(143)) - 4b299780-dc83-45c0-badb-1ce934706cf1: start FollowerState
2019-09-24 22:59:21,709 [3a9ef4cb-9f73-43f2-9ef0-73623fc2079e@group-90EC4100B693:LeaderElection41] INFO  impl.LeaderElection (LeaderElection.java:logAndReturn(56)) - 3a9ef4cb-9f73-43f2-9ef0-73623fc2079e@group-90EC4100B693:LeaderElection41: Election REJECTED; received 2 response(s) [3a9ef4cb-9f73-43f2-9ef0-73623fc2079e<-4b299780-dc83-45c0-badb-1ce934706cf1#0:FAIL-t3, 3a9ef4cb-9f73-43f2-9ef0-73623fc2079e<-8cdd0bc1-cb69-4d0a-8907-e53e57dcd550#0:FAIL-t3] and 0 exception(s); 3a9ef4cb-9f73-43f2-9ef0-73623fc2079e@group-90EC4100B693:t3, leader=null, voted=3a9ef4cb-9f73-43f2-9ef0-73623fc2079e, raftlog=3a9ef4cb-9f73-43f2-9ef0-73623fc2079e@group-90EC4100B693-SegmentedRaftLog:OPENED:c-1,f-1,i0, conf=-1: [4b299780-dc83-45c0-badb-1ce934706cf1:192.168.151.66:34891, 3a9ef4cb-9f73-43f2-9ef0-73623fc2079e:192.168.151.66:39459, 8cdd0bc1-cb69-4d0a-8907-e53e57dcd550:192.168.151.66:44259], old=null
2019-09-24 22:59:21,710 [3a9ef4cb-9f73-43f2-9ef0-73623fc2079e@group-90EC4100B693:LeaderElection41] INFO  impl.RaftServerImpl (RaftServerImpl.java:setRole(174)) - 3a9ef4cb-9f73-43f2-9ef0-73623fc2079e@group-90EC4100B693: changes role from CANDIDATE to FOLLOWER at term 3 for DISCOVERED_A_NEW_TERM
2019-09-24 22:59:21,710 [3a9ef4cb-9f73-43f2-9ef0-73623fc2079e@group-90EC4100B693:LeaderElection41] INFO  impl.RoleInfo (RoleInfo.java:shutdownLeaderElection(134)) - 3a9ef4cb-9f73-43f2-9ef0-73623fc2079e: shutdown LeaderElection
2019-09-24 22:59:21,710 [3a9ef4cb-9f73-43f2-9ef0-73623fc2079e@group-90EC4100B693:LeaderElection41] INFO  impl.RoleInfo (RoleInfo.java:updateAndGet(143)) - 3a9ef4cb-9f73-43f2-9ef0-73623fc2079e: start FollowerState
2019-09-24 22:59:21,786 [Thread-2152] INFO  container.ReplicationManager (ReplicationManager.java:start(162)) - Starting Replication Monitor Thread.
2019-09-24 22:59:21,792 [ReplicationMonitor] INFO  container.ReplicationManager (ReplicationManager.java:run(225)) - Replication Monitor Thread took 0 milliseconds for processing 0 containers.
2019-09-24 22:59:22,087 [main] INFO  ipc.Client (Client.java:handleConnectionFailure(948)) - Retrying connect to server: localhost/127.0.0.1:0. Already tried 1 time(s); retry policy is RetryUpToMaximumCountWithFixedSleep(maxRetries=10, sleepTime=1000 MILLISECONDS)
2019-09-24 22:59:22,757 [Thread-2243] INFO  impl.FollowerState (FollowerState.java:run(106)) - 4b299780-dc83-45c0-badb-1ce934706cf1:group-90EC4100B693 changes to CANDIDATE, lastRpcTime:1047, electionTimeout:1047ms
2019-09-24 22:59:22,757 [Thread-2243] INFO  impl.RoleInfo (RoleInfo.java:shutdownFollowerState(121)) - 4b299780-dc83-45c0-badb-1ce934706cf1: shutdown FollowerState
2019-09-24 22:59:22,757 [Thread-2243] INFO  impl.RaftServerImpl (RaftServerImpl.java:setRole(174)) - 4b299780-dc83-45c0-badb-1ce934706cf1@group-90EC4100B693: changes role from  FOLLOWER to CANDIDATE at term 3 for changeToCandidate
2019-09-24 22:59:22,757 [Thread-2243] INFO  impl.RoleInfo (RoleInfo.java:updateAndGet(143)) - 4b299780-dc83-45c0-badb-1ce934706cf1: start LeaderElection
2019-09-24 22:59:22,768 [Thread-2242] INFO  impl.FollowerState (FollowerState.java:run(106)) - 8cdd0bc1-cb69-4d0a-8907-e53e57dcd550:group-90EC4100B693 changes to CANDIDATE, lastRpcTime:1064, electionTimeout:1059ms
2019-09-24 22:59:22,769 [Thread-2242] INFO  impl.RoleInfo (RoleInfo.java:shutdownFollowerState(121)) - 8cdd0bc1-cb69-4d0a-8907-e53e57dcd550: shutdown FollowerState
2019-09-24 22:59:22,769 [Thread-2242] INFO  impl.RaftServerImpl (RaftServerImpl.java:setRole(174)) - 8cdd0bc1-cb69-4d0a-8907-e53e57dcd550@group-90EC4100B693: changes role from  FOLLOWER to CANDIDATE at term 3 for changeToCandidate
2019-09-24 22:59:22,769 [Thread-2242] INFO  impl.RoleInfo (RoleInfo.java:updateAndGet(143)) - 8cdd0bc1-cb69-4d0a-8907-e53e57dcd550: start LeaderElection
2019-09-24 22:59:22,785 [4b299780-dc83-45c0-badb-1ce934706cf1@group-90EC4100B693:LeaderElection44] INFO  impl.LeaderElection (LeaderElection.java:askForVotes(182)) - 4b299780-dc83-45c0-badb-1ce934706cf1@group-90EC4100B693:LeaderElection44: begin an election at term 4 for -1: [4b299780-dc83-45c0-badb-1ce934706cf1:192.168.151.66:34891, 3a9ef4cb-9f73-43f2-9ef0-73623fc2079e:192.168.151.66:39459, 8cdd0bc1-cb69-4d0a-8907-e53e57dcd550:192.168.151.66:44259], old=null
2019-09-24 22:59:22,785 [8cdd0bc1-cb69-4d0a-8907-e53e57dcd550@group-90EC4100B693:LeaderElection45] INFO  impl.LeaderElection (LeaderElection.java:askForVotes(182)) - 8cdd0bc1-cb69-4d0a-8907-e53e57dcd550@group-90EC4100B693:LeaderElection45: begin an election at term 4 for -1: [4b299780-dc83-45c0-badb-1ce934706cf1:192.168.151.66:34891, 3a9ef4cb-9f73-43f2-9ef0-73623fc2079e:192.168.151.66:39459, 8cdd0bc1-cb69-4d0a-8907-e53e57dcd550:192.168.151.66:44259], old=null
2019-09-24 22:59:22,792 [grpc-default-executor-3] INFO  impl.RaftServerImpl (RaftServerImpl.java:setRole(174)) - 3a9ef4cb-9f73-43f2-9ef0-73623fc2079e@group-90EC4100B693: changes role from  FOLLOWER to FOLLOWER at term 4 for recognizeCandidate:8cdd0bc1-cb69-4d0a-8907-e53e57dcd550
2019-09-24 22:59:22,794 [grpc-default-executor-3] INFO  impl.RoleInfo (RoleInfo.java:shutdownFollowerState(121)) - 3a9ef4cb-9f73-43f2-9ef0-73623fc2079e: shutdown FollowerState
2019-09-24 22:59:22,797 [grpc-default-executor-3] INFO  impl.RoleInfo (RoleInfo.java:updateAndGet(143)) - 3a9ef4cb-9f73-43f2-9ef0-73623fc2079e: start FollowerState
2019-09-24 22:59:22,797 [Thread-2244] INFO  impl.FollowerState (FollowerState.java:run(115)) - 3a9ef4cb-9f73-43f2-9ef0-73623fc2079e: FollowerState was interrupted: java.lang.InterruptedException: sleep interrupted
2019-09-24 22:59:22,813 [4b299780-dc83-45c0-badb-1ce934706cf1@group-90EC4100B693:LeaderElection44] INFO  impl.LeaderElection (LeaderElection.java:logAndReturn(56)) - 4b299780-dc83-45c0-badb-1ce934706cf1@group-90EC4100B693:LeaderElection44: Election REJECTED; received 2 response(s) [4b299780-dc83-45c0-badb-1ce934706cf1<-3a9ef4cb-9f73-43f2-9ef0-73623fc2079e#0:FAIL-t4, 4b299780-dc83-45c0-badb-1ce934706cf1<-8cdd0bc1-cb69-4d0a-8907-e53e57dcd550#0:FAIL-t4] and 0 exception(s); 4b299780-dc83-45c0-badb-1ce934706cf1@group-90EC4100B693:t4, leader=null, voted=4b299780-dc83-45c0-badb-1ce934706cf1, raftlog=4b299780-dc83-45c0-badb-1ce934706cf1@group-90EC4100B693-SegmentedRaftLog:OPENED:c-1,f-1,i0, conf=-1: [4b299780-dc83-45c0-badb-1ce934706cf1:192.168.151.66:34891, 3a9ef4cb-9f73-43f2-9ef0-73623fc2079e:192.168.151.66:39459, 8cdd0bc1-cb69-4d0a-8907-e53e57dcd550:192.168.151.66:44259], old=null
2019-09-24 22:59:22,813 [8cdd0bc1-cb69-4d0a-8907-e53e57dcd550@group-90EC4100B693:LeaderElection45] INFO  impl.LeaderElection (LeaderElection.java:logAndReturn(56)) - 8cdd0bc1-cb69-4d0a-8907-e53e57dcd550@group-90EC4100B693:LeaderElection45: Election PASSED; received 2 response(s) [8cdd0bc1-cb69-4d0a-8907-e53e57dcd550<-4b299780-dc83-45c0-badb-1ce934706cf1#0:FAIL-t4, 8cdd0bc1-cb69-4d0a-8907-e53e57dcd550<-3a9ef4cb-9f73-43f2-9ef0-73623fc2079e#0:OK-t4] and 0 exception(s); 8cdd0bc1-cb69-4d0a-8907-e53e57dcd550@group-90EC4100B693:t4, leader=null, voted=8cdd0bc1-cb69-4d0a-8907-e53e57dcd550, raftlog=8cdd0bc1-cb69-4d0a-8907-e53e57dcd550@group-90EC4100B693-SegmentedRaftLog:OPENED:c-1,f-1,i0, conf=-1: [4b299780-dc83-45c0-badb-1ce934706cf1:192.168.151.66:34891, 3a9ef4cb-9f73-43f2-9ef0-73623fc2079e:192.168.151.66:39459, 8cdd0bc1-cb69-4d0a-8907-e53e57dcd550:192.168.151.66:44259], old=null
2019-09-24 22:59:22,814 [4b299780-dc83-45c0-badb-1ce934706cf1@group-90EC4100B693:LeaderElection44] INFO  impl.RaftServerImpl (RaftServerImpl.java:setRole(174)) - 4b299780-dc83-45c0-badb-1ce934706cf1@group-90EC4100B693: changes role from CANDIDATE to FOLLOWER at term 4 for DISCOVERED_A_NEW_TERM
2019-09-24 22:59:22,816 [8cdd0bc1-cb69-4d0a-8907-e53e57dcd550@group-90EC4100B693:LeaderElection45] INFO  impl.RoleInfo (RoleInfo.java:shutdownLeaderElection(134)) - 8cdd0bc1-cb69-4d0a-8907-e53e57dcd550: shutdown LeaderElection
2019-09-24 22:59:22,816 [4b299780-dc83-45c0-badb-1ce934706cf1@group-90EC4100B693:LeaderElection44] INFO  impl.RoleInfo (RoleInfo.java:shutdownLeaderElection(134)) - 4b299780-dc83-45c0-badb-1ce934706cf1: shutdown LeaderElection
2019-09-24 22:59:22,818 [8cdd0bc1-cb69-4d0a-8907-e53e57dcd550@group-90EC4100B693:LeaderElection45] INFO  impl.RaftServerImpl (RaftServerImpl.java:setRole(174)) - 8cdd0bc1-cb69-4d0a-8907-e53e57dcd550@group-90EC4100B693: changes role from CANDIDATE to LEADER at term 4 for changeToLeader
2019-09-24 22:59:22,818 [4b299780-dc83-45c0-badb-1ce934706cf1@group-90EC4100B693:LeaderElection44] INFO  impl.RoleInfo (RoleInfo.java:updateAndGet(143)) - 4b299780-dc83-45c0-badb-1ce934706cf1: start FollowerState
2019-09-24 22:59:22,818 [8cdd0bc1-cb69-4d0a-8907-e53e57dcd550@group-90EC4100B693:LeaderElection45] INFO  impl.RaftServerImpl (ServerState.java:setLeader(253)) - 8cdd0bc1-cb69-4d0a-8907-e53e57dcd550@group-90EC4100B693: change Leader from null to 8cdd0bc1-cb69-4d0a-8907-e53e57dcd550 at term 4 for becomeLeader, leader elected after 3478ms
2019-09-24 22:59:22,819 [8cdd0bc1-cb69-4d0a-8907-e53e57dcd550@group-90EC4100B693:LeaderElection45] INFO  server.RaftServerConfigKeys (ConfUtils.java:logGet(43)) - raft.server.staging.catchup.gap = 1000 (default)
2019-09-24 22:59:22,819 [8cdd0bc1-cb69-4d0a-8907-e53e57dcd550@group-90EC4100B693:LeaderElection45] INFO  server.RaftServerConfigKeys (ConfUtils.java:logGet(43)) - raft.server.rpc.sleep.time = 25ms (default)
2019-09-24 22:59:22,819 [8cdd0bc1-cb69-4d0a-8907-e53e57dcd550@group-90EC4100B693:LeaderElection45] INFO  server.RaftServerConfigKeys (ConfUtils.java:logGet(43)) - raft.server.write.element-limit = 4096 (default)
2019-09-24 22:59:22,819 [8cdd0bc1-cb69-4d0a-8907-e53e57dcd550@group-90EC4100B693:LeaderElection45] INFO  server.RaftServerConfigKeys (ConfUtils.java:logGet(43)) - raft.server.watch.timeout = 10s (default)
2019-09-24 22:59:22,819 [8cdd0bc1-cb69-4d0a-8907-e53e57dcd550@group-90EC4100B693:LeaderElection45] INFO  server.RaftServerConfigKeys (ConfUtils.java:logGet(43)) - raft.server.watch.timeout.denomination = 1s (default)
2019-09-24 22:59:22,819 [8cdd0bc1-cb69-4d0a-8907-e53e57dcd550@group-90EC4100B693:LeaderElection45] INFO  server.RaftServerConfigKeys (ConfUtils.java:logGet(43)) - raft.server.watch.element-limit = 65536 (default)
2019-09-24 22:59:22,822 [8cdd0bc1-cb69-4d0a-8907-e53e57dcd550@group-90EC4100B693:LeaderElection45] INFO  server.RaftServerConfigKeys (ConfUtils.java:logGet(43)) - raft.server.log.appender.snapshot.chunk.size.max = 16MB (=16777216) (default)
2019-09-24 22:59:22,822 [8cdd0bc1-cb69-4d0a-8907-e53e57dcd550@group-90EC4100B693:LeaderElection45] INFO  server.RaftServerConfigKeys (ConfUtils.java:logGet(43)) - raft.server.log.appender.buffer.byte-limit = 33554432 (custom)
2019-09-24 22:59:22,822 [8cdd0bc1-cb69-4d0a-8907-e53e57dcd550@group-90EC4100B693:LeaderElection45] INFO  server.RaftServerConfigKeys (ConfUtils.java:logGet(43)) - raft.server.log.appender.buffer.element-limit = 1 (custom)
2019-09-24 22:59:22,823 [8cdd0bc1-cb69-4d0a-8907-e53e57dcd550@group-90EC4100B693:LeaderElection45] INFO  grpc.GrpcConfigKeys$Server (ConfUtils.java:logGet(43)) - raft.grpc.server.leader.outstanding.appends.max = 128 (default)
2019-09-24 22:59:22,823 [8cdd0bc1-cb69-4d0a-8907-e53e57dcd550@group-90EC4100B693:LeaderElection45] INFO  server.RaftServerConfigKeys (ConfUtils.java:logGet(43)) - raft.server.rpc.request.timeout = 3000ms (default)
2019-09-24 22:59:22,823 [8cdd0bc1-cb69-4d0a-8907-e53e57dcd550@group-90EC4100B693:LeaderElection45] INFO  server.RaftServerConfigKeys (ConfUtils.java:logGet(43)) - raft.server.log.appender.install.snapshot.enabled = false (custom)
2019-09-24 22:59:22,823 [8cdd0bc1-cb69-4d0a-8907-e53e57dcd550@group-90EC4100B693:LeaderElection45] INFO  server.RaftServerConfigKeys (ConfUtils.java:logGet(43)) - raft.server.log.appender.snapshot.chunk.size.max = 16MB (=16777216) (default)
2019-09-24 22:59:22,823 [8cdd0bc1-cb69-4d0a-8907-e53e57dcd550@group-90EC4100B693:LeaderElection45] INFO  server.RaftServerConfigKeys (ConfUtils.java:logGet(43)) - raft.server.log.appender.buffer.byte-limit = 33554432 (custom)
2019-09-24 22:59:22,824 [8cdd0bc1-cb69-4d0a-8907-e53e57dcd550@group-90EC4100B693:LeaderElection45] INFO  server.RaftServerConfigKeys (ConfUtils.java:logGet(43)) - raft.server.log.appender.buffer.element-limit = 1 (custom)
2019-09-24 22:59:22,824 [8cdd0bc1-cb69-4d0a-8907-e53e57dcd550@group-90EC4100B693:LeaderElection45] INFO  grpc.GrpcConfigKeys$Server (ConfUtils.java:logGet(43)) - raft.grpc.server.leader.outstanding.appends.max = 128 (default)
2019-09-24 22:59:22,824 [8cdd0bc1-cb69-4d0a-8907-e53e57dcd550@group-90EC4100B693:LeaderElection45] INFO  server.RaftServerConfigKeys (ConfUtils.java:logGet(43)) - raft.server.rpc.request.timeout = 3000ms (default)
2019-09-24 22:59:22,824 [8cdd0bc1-cb69-4d0a-8907-e53e57dcd550@group-90EC4100B693:LeaderElection45] INFO  server.RaftServerConfigKeys (ConfUtils.java:logGet(43)) - raft.server.log.appender.install.snapshot.enabled = false (custom)
2019-09-24 22:59:22,824 [8cdd0bc1-cb69-4d0a-8907-e53e57dcd550@group-90EC4100B693:LeaderElection45] INFO  impl.RoleInfo (RoleInfo.java:updateAndGet(143)) - 8cdd0bc1-cb69-4d0a-8907-e53e57dcd550: start LeaderState
2019-09-24 22:59:22,825 [8cdd0bc1-cb69-4d0a-8907-e53e57dcd550@group-90EC4100B693:LeaderElection45] INFO  segmented.SegmentedRaftLogWorker (SegmentedRaftLogWorker.java:startLogSegment(380)) - 8cdd0bc1-cb69-4d0a-8907-e53e57dcd550@group-90EC4100B693-SegmentedRaftLogWorker: Starting segment from index:0
2019-09-24 22:59:22,826 [8cdd0bc1-cb69-4d0a-8907-e53e57dcd550@group-90EC4100B693:LeaderElection45] INFO  impl.RaftServerImpl (ServerState.java:setRaftConf(354)) - 8cdd0bc1-cb69-4d0a-8907-e53e57dcd550@group-90EC4100B693: set configuration 0: [4b299780-dc83-45c0-badb-1ce934706cf1:192.168.151.66:34891, 3a9ef4cb-9f73-43f2-9ef0-73623fc2079e:192.168.151.66:39459, 8cdd0bc1-cb69-4d0a-8907-e53e57dcd550:192.168.151.66:44259], old=null at 0
2019-09-24 22:59:22,827 [grpc-default-executor-1] INFO  impl.RaftServerImpl (ServerState.java:setLeader(253)) - 3a9ef4cb-9f73-43f2-9ef0-73623fc2079e@group-90EC4100B693: change Leader from null to 8cdd0bc1-cb69-4d0a-8907-e53e57dcd550 at term 4 for appendEntries, leader elected after 3487ms
2019-09-24 22:59:22,827 [grpc-default-executor-3] INFO  impl.RaftServerImpl (ServerState.java:setLeader(253)) - 4b299780-dc83-45c0-badb-1ce934706cf1@group-90EC4100B693: change Leader from null to 8cdd0bc1-cb69-4d0a-8907-e53e57dcd550 at term 4 for appendEntries, leader elected after 3487ms
2019-09-24 22:59:22,832 [grpc-default-executor-3] INFO  impl.RaftServerImpl (ServerState.java:setRaftConf(354)) - 3a9ef4cb-9f73-43f2-9ef0-73623fc2079e@group-90EC4100B693: set configuration 0: [4b299780-dc83-45c0-badb-1ce934706cf1:192.168.151.66:34891, 3a9ef4cb-9f73-43f2-9ef0-73623fc2079e:192.168.151.66:39459, 8cdd0bc1-cb69-4d0a-8907-e53e57dcd550:192.168.151.66:44259], old=null at 0
2019-09-24 22:59:22,832 [grpc-default-executor-3] INFO  segmented.SegmentedRaftLogWorker (SegmentedRaftLogWorker.java:startLogSegment(380)) - 3a9ef4cb-9f73-43f2-9ef0-73623fc2079e@group-90EC4100B693-SegmentedRaftLogWorker: Starting segment from index:0
2019-09-24 22:59:22,833 [grpc-default-executor-1] INFO  impl.RaftServerImpl (ServerState.java:setRaftConf(354)) - 4b299780-dc83-45c0-badb-1ce934706cf1@group-90EC4100B693: set configuration 0: [4b299780-dc83-45c0-badb-1ce934706cf1:192.168.151.66:34891, 3a9ef4cb-9f73-43f2-9ef0-73623fc2079e:192.168.151.66:39459, 8cdd0bc1-cb69-4d0a-8907-e53e57dcd550:192.168.151.66:44259], old=null at 0
2019-09-24 22:59:22,833 [grpc-default-executor-1] INFO  segmented.SegmentedRaftLogWorker (SegmentedRaftLogWorker.java:startLogSegment(380)) - 4b299780-dc83-45c0-badb-1ce934706cf1@group-90EC4100B693-SegmentedRaftLogWorker: Starting segment from index:0
2019-09-24 22:59:22,865 [4b299780-dc83-45c0-badb-1ce934706cf1@group-90EC4100B693-SegmentedRaftLogWorker] INFO  segmented.SegmentedRaftLogWorker (SegmentedRaftLogWorker.java:execute(569)) - 4b299780-dc83-45c0-badb-1ce934706cf1@group-90EC4100B693-SegmentedRaftLogWorker: created new log segment /workdir/hadoop-ozone/integration-test/target/test-dir/MiniOzoneClusterImpl-c5523c91-7035-4a19-985c-37f1f8f0fe10/datanode-4/data/ratis/aeb74802-3d5e-464a-bc1f-90ec4100b693/current/log_inprogress_0
2019-09-24 22:59:22,865 [8cdd0bc1-cb69-4d0a-8907-e53e57dcd550@group-90EC4100B693-SegmentedRaftLogWorker] INFO  segmented.SegmentedRaftLogWorker (SegmentedRaftLogWorker.java:execute(569)) - 8cdd0bc1-cb69-4d0a-8907-e53e57dcd550@group-90EC4100B693-SegmentedRaftLogWorker: created new log segment /workdir/hadoop-ozone/integration-test/target/test-dir/MiniOzoneClusterImpl-c5523c91-7035-4a19-985c-37f1f8f0fe10/datanode-5/data/ratis/aeb74802-3d5e-464a-bc1f-90ec4100b693/current/log_inprogress_0
2019-09-24 22:59:22,865 [3a9ef4cb-9f73-43f2-9ef0-73623fc2079e@group-90EC4100B693-SegmentedRaftLogWorker] INFO  segmented.SegmentedRaftLogWorker (SegmentedRaftLogWorker.java:execute(569)) - 3a9ef4cb-9f73-43f2-9ef0-73623fc2079e@group-90EC4100B693-SegmentedRaftLogWorker: created new log segment /workdir/hadoop-ozone/integration-test/target/test-dir/MiniOzoneClusterImpl-c5523c91-7035-4a19-985c-37f1f8f0fe10/datanode-3/data/ratis/aeb74802-3d5e-464a-bc1f-90ec4100b693/current/log_inprogress_0
2019-09-24 22:59:23,088 [main] INFO  ipc.Client (Client.java:handleConnectionFailure(948)) - Retrying connect to server: localhost/127.0.0.1:0. Already tried 2 time(s); retry policy is RetryUpToMaximumCountWithFixedSleep(maxRetries=10, sleepTime=1000 MILLISECONDS)
2019-09-24 22:59:24,090 [main] INFO  ipc.Client (Client.java:handleConnectionFailure(948)) - Retrying connect to server: localhost/127.0.0.1:0. Already tried 3 time(s); retry policy is RetryUpToMaximumCountWithFixedSleep(maxRetries=10, sleepTime=1000 MILLISECONDS)
2019-09-24 22:59:25,091 [main] INFO  ipc.Client (Client.java:handleConnectionFailure(948)) - Retrying connect to server: localhost/127.0.0.1:0. Already tried 4 time(s); retry policy is RetryUpToMaximumCountWithFixedSleep(maxRetries=10, sleepTime=1000 MILLISECONDS)
2019-09-24 22:59:26,092 [main] INFO  ipc.Client (Client.java:handleConnectionFailure(948)) - Retrying connect to server: localhost/127.0.0.1:0. Already tried 5 time(s); retry policy is RetryUpToMaximumCountWithFixedSleep(maxRetries=10, sleepTime=1000 MILLISECONDS)
2019-09-24 22:59:27,093 [main] INFO  ipc.Client (Client.java:handleConnectionFailure(948)) - Retrying connect to server: localhost/127.0.0.1:0. Already tried 6 time(s); retry policy is RetryUpToMaximumCountWithFixedSleep(maxRetries=10, sleepTime=1000 MILLISECONDS)
2019-09-24 22:59:28,095 [main] INFO  ipc.Client (Client.java:handleConnectionFailure(948)) - Retrying connect to server: localhost/127.0.0.1:0. Already tried 7 time(s); retry policy is RetryUpToMaximumCountWithFixedSleep(maxRetries=10, sleepTime=1000 MILLISECONDS)
2019-09-24 22:59:29,096 [main] INFO  ipc.Client (Client.java:handleConnectionFailure(948)) - Retrying connect to server: localhost/127.0.0.1:0. Already tried 8 time(s); retry policy is RetryUpToMaximumCountWithFixedSleep(maxRetries=10, sleepTime=1000 MILLISECONDS)
2019-09-24 22:59:30,097 [main] INFO  ipc.Client (Client.java:handleConnectionFailure(948)) - Retrying connect to server: localhost/127.0.0.1:0. Already tried 9 time(s); retry policy is RetryUpToMaximumCountWithFixedSleep(maxRetries=10, sleepTime=1000 MILLISECONDS)
2019-09-24 22:59:31,100 [main] INFO  ipc.Client (Client.java:handleConnectionFailure(948)) - Retrying connect to server: localhost/127.0.0.1:0. Already tried 0 time(s); retry policy is RetryUpToMaximumCountWithFixedSleep(maxRetries=10, sleepTime=1000 MILLISECONDS)
2019-09-24 22:59:32,101 [main] INFO  ipc.Client (Client.java:handleConnectionFailure(948)) - Retrying connect to server: localhost/127.0.0.1:0. Already tried 1 time(s); retry policy is RetryUpToMaximumCountWithFixedSleep(maxRetries=10, sleepTime=1000 MILLISECONDS)
2019-09-24 22:59:33,102 [main] INFO  ipc.Client (Client.java:handleConnectionFailure(948)) - Retrying connect to server: localhost/127.0.0.1:0. Already tried 2 time(s); retry policy is RetryUpToMaximumCountWithFixedSleep(maxRetries=10, sleepTime=1000 MILLISECONDS)
2019-09-24 22:59:34,103 [main] INFO  ipc.Client (Client.java:handleConnectionFailure(948)) - Retrying connect to server: localhost/127.0.0.1:0. Already tried 3 time(s); retry policy is RetryUpToMaximumCountWithFixedSleep(maxRetries=10, sleepTime=1000 MILLISECONDS)
2019-09-24 22:59:35,104 [main] INFO  ipc.Client (Client.java:handleConnectionFailure(948)) - Retrying connect to server: localhost/127.0.0.1:0. Already tried 4 time(s); retry policy is RetryUpToMaximumCountWithFixedSleep(maxRetries=10, sleepTime=1000 MILLISECONDS)
2019-09-24 22:59:36,106 [main] INFO  ipc.Client (Client.java:handleConnectionFailure(948)) - Retrying connect to server: localhost/127.0.0.1:0. Already tried 5 time(s); retry policy is RetryUpToMaximumCountWithFixedSleep(maxRetries=10, sleepTime=1000 MILLISECONDS)
2019-09-24 22:59:37,107 [main] INFO  ipc.Client (Client.java:handleConnectionFailure(948)) - Retrying connect to server: localhost/127.0.0.1:0. Already tried 6 time(s); retry policy is RetryUpToMaximumCountWithFixedSleep(maxRetries=10, sleepTime=1000 MILLISECONDS)
2019-09-24 22:59:38,108 [main] INFO  ipc.Client (Client.java:handleConnectionFailure(948)) - Retrying connect to server: localhost/127.0.0.1:0. Already tried 7 time(s); retry policy is RetryUpToMaximumCountWithFixedSleep(maxRetries=10, sleepTime=1000 MILLISECONDS)
2019-09-24 22:59:39,110 [main] INFO  ipc.Client (Client.java:handleConnectionFailure(948)) - Retrying connect to server: localhost/127.0.0.1:0. Already tried 8 time(s); retry policy is RetryUpToMaximumCountWithFixedSleep(maxRetries=10, sleepTime=1000 MILLISECONDS)
2019-09-24 22:59:40,111 [main] INFO  ipc.Client (Client.java:handleConnectionFailure(948)) - Retrying connect to server: localhost/127.0.0.1:0. Already tried 9 time(s); retry policy is RetryUpToMaximumCountWithFixedSleep(maxRetries=10, sleepTime=1000 MILLISECONDS)
2019-09-24 22:59:40,113 [main] INFO  retry.RetryInvocationHandler (RetryInvocationHandler.java:log(411)) - com.google.protobuf.ServiceException: java.net.ConnectException: Your endpoint configuration is wrong; For more details see:  http://wiki.apache.org/hadoop/UnsetHostnameOrPort, while invoking $Proxy35.submitRequest over nodeId=null,nodeAddress=127.0.0.1:0 after 1 failover attempts. Trying to failover immediately.
2019-09-24 22:59:41,114 [main] INFO  ipc.Client (Client.java:handleConnectionFailure(948)) - Retrying connect to server: localhost/127.0.0.1:0. Already tried 0 time(s); retry policy is RetryUpToMaximumCountWithFixedSleep(maxRetries=10, sleepTime=1000 MILLISECONDS)
2019-09-24 22:59:42,115 [main] INFO  ipc.Client (Client.java:handleConnectionFailure(948)) - Retrying connect to server: localhost/127.0.0.1:0. Already tried 1 time(s); retry policy is RetryUpToMaximumCountWithFixedSleep(maxRetries=10, sleepTime=1000 MILLISECONDS)
2019-09-24 22:59:43,117 [main] INFO  ipc.Client (Client.java:handleConnectionFailure(948)) - Retrying connect to server: localhost/127.0.0.1:0. Already tried 2 time(s); retry policy is RetryUpToMaximumCountWithFixedSleep(maxRetries=10, sleepTime=1000 MILLISECONDS)
2019-09-24 22:59:44,118 [main] INFO  ipc.Client (Client.java:handleConnectionFailure(948)) - Retrying connect to server: localhost/127.0.0.1:0. Already tried 3 time(s); retry policy is RetryUpToMaximumCountWithFixedSleep(maxRetries=10, sleepTime=1000 MILLISECONDS)
2019-09-24 22:59:45,119 [main] INFO  ipc.Client (Client.java:handleConnectionFailure(948)) - Retrying connect to server: localhost/127.0.0.1:0. Already tried 4 time(s); retry policy is RetryUpToMaximumCountWithFixedSleep(maxRetries=10, sleepTime=1000 MILLISECONDS)
2019-09-24 22:59:46,120 [main] INFO  ipc.Client (Client.java:handleConnectionFailure(948)) - Retrying connect to server: localhost/127.0.0.1:0. Already tried 5 time(s); retry policy is RetryUpToMaximumCountWithFixedSleep(maxRetries=10, sleepTime=1000 MILLISECONDS)
2019-09-24 22:59:47,122 [main] INFO  ipc.Client (Client.java:handleConnectionFailure(948)) - Retrying connect to server: localhost/127.0.0.1:0. Already tried 6 time(s); retry policy is RetryUpToMaximumCountWithFixedSleep(maxRetries=10, sleepTime=1000 MILLISECONDS)
2019-09-24 22:59:48,123 [main] INFO  ipc.Client (Client.java:handleConnectionFailure(948)) - Retrying connect to server: localhost/127.0.0.1:0. Already tried 7 time(s); retry policy is RetryUpToMaximumCountWithFixedSleep(maxRetries=10, sleepTime=1000 MILLISECONDS)
2019-09-24 22:59:49,124 [main] INFO  ipc.Client (Client.java:handleConnectionFailure(948)) - Retrying connect to server: localhost/127.0.0.1:0. Already tried 8 time(s); retry policy is RetryUpToMaximumCountWithFixedSleep(maxRetries=10, sleepTime=1000 MILLISECONDS)
2019-09-24 22:59:50,125 [main] INFO  ipc.Client (Client.java:handleConnectionFailure(948)) - Retrying connect to server: localhost/127.0.0.1:0. Already tried 9 time(s); retry policy is RetryUpToMaximumCountWithFixedSleep(maxRetries=10, sleepTime=1000 MILLISECONDS)
2019-09-24 22:59:50,127 [main] INFO  retry.RetryInvocationHandler (RetryInvocationHandler.java:log(411)) - com.google.protobuf.ServiceException: java.net.ConnectException: Your endpoint configuration is wrong; For more details see:  http://wiki.apache.org/hadoop/UnsetHostnameOrPort, while invoking $Proxy35.submitRequest over nodeId=null,nodeAddress=127.0.0.1:0 after 2 failover attempts. Trying to failover immediately.
2019-09-24 22:59:51,128 [main] INFO  ipc.Client (Client.java:handleConnectionFailure(948)) - Retrying connect to server: localhost/127.0.0.1:0. Already tried 0 time(s); retry policy is RetryUpToMaximumCountWithFixedSleep(maxRetries=10, sleepTime=1000 MILLISECONDS)
2019-09-24 22:59:52,129 [main] INFO  ipc.Client (Client.java:handleConnectionFailure(948)) - Retrying connect to server: localhost/127.0.0.1:0. Already tried 1 time(s); retry policy is RetryUpToMaximumCountWithFixedSleep(maxRetries=10, sleepTime=1000 MILLISECONDS)
2019-09-24 22:59:53,130 [main] INFO  ipc.Client (Client.java:handleConnectionFailure(948)) - Retrying connect to server: localhost/127.0.0.1:0. Already tried 2 time(s); retry policy is RetryUpToMaximumCountWithFixedSleep(maxRetries=10, sleepTime=1000 MILLISECONDS)
2019-09-24 22:59:54,132 [main] INFO  ipc.Client (Client.java:handleConnectionFailure(948)) - Retrying connect to server: localhost/127.0.0.1:0. Already tried 3 time(s); retry policy is RetryUpToMaximumCountWithFixedSleep(maxRetries=10, sleepTime=1000 MILLISECONDS)
2019-09-24 22:59:55,133 [main] INFO  ipc.Client (Client.java:handleConnectionFailure(948)) - Retrying connect to server: localhost/127.0.0.1:0. Already tried 4 time(s); retry policy is RetryUpToMaximumCountWithFixedSleep(maxRetries=10, sleepTime=1000 MILLISECONDS)
2019-09-24 22:59:56,134 [main] INFO  ipc.Client (Client.java:handleConnectionFailure(948)) - Retrying connect to server: localhost/127.0.0.1:0. Already tried 5 time(s); retry policy is RetryUpToMaximumCountWithFixedSleep(maxRetries=10, sleepTime=1000 MILLISECONDS)
2019-09-24 22:59:57,136 [main] INFO  ipc.Client (Client.java:handleConnectionFailure(948)) - Retrying connect to server: localhost/127.0.0.1:0. Already tried 6 time(s); retry policy is RetryUpToMaximumCountWithFixedSleep(maxRetries=10, sleepTime=1000 MILLISECONDS)
2019-09-24 22:59:58,137 [main] INFO  ipc.Client (Client.java:handleConnectionFailure(948)) - Retrying connect to server: localhost/127.0.0.1:0. Already tried 7 time(s); retry policy is RetryUpToMaximumCountWithFixedSleep(maxRetries=10, sleepTime=1000 MILLISECONDS)
2019-09-24 22:59:59,138 [main] INFO  ipc.Client (Client.java:handleConnectionFailure(948)) - Retrying connect to server: localhost/127.0.0.1:0. Already tried 8 time(s); retry policy is RetryUpToMaximumCountWithFixedSleep(maxRetries=10, sleepTime=1000 MILLISECONDS)
2019-09-24 23:00:00,140 [main] INFO  ipc.Client (Client.java:handleConnectionFailure(948)) - Retrying connect to server: localhost/127.0.0.1:0. Already tried 9 time(s); retry policy is RetryUpToMaximumCountWithFixedSleep(maxRetries=10, sleepTime=1000 MILLISECONDS)
2019-09-24 23:00:00,141 [main] INFO  retry.RetryInvocationHandler (RetryInvocationHandler.java:log(411)) - com.google.protobuf.ServiceException: java.net.ConnectException: Your endpoint configuration is wrong; For more details see:  http://wiki.apache.org/hadoop/UnsetHostnameOrPort, while invoking $Proxy35.submitRequest over nodeId=null,nodeAddress=127.0.0.1:0 after 3 failover attempts. Trying to failover immediately.
2019-09-24 23:00:01,144 [main] INFO  ipc.Client (Client.java:handleConnectionFailure(948)) - Retrying connect to server: localhost/127.0.0.1:0. Already tried 0 time(s); retry policy is RetryUpToMaximumCountWithFixedSleep(maxRetries=10, sleepTime=1000 MILLISECONDS)
2019-09-24 23:00:02,145 [main] INFO  ipc.Client (Client.java:handleConnectionFailure(948)) - Retrying connect to server: localhost/127.0.0.1:0. Already tried 1 time(s); retry policy is RetryUpToMaximumCountWithFixedSleep(maxRetries=10, sleepTime=1000 MILLISECONDS)
2019-09-24 23:00:03,146 [main] INFO  ipc.Client (Client.java:handleConnectionFailure(948)) - Retrying connect to server: localhost/127.0.0.1:0. Already tried 2 time(s); retry policy is RetryUpToMaximumCountWithFixedSleep(maxRetries=10, sleepTime=1000 MILLISECONDS)
2019-09-24 23:00:04,147 [main] INFO  ipc.Client (Client.java:handleConnectionFailure(948)) - Retrying connect to server: localhost/127.0.0.1:0. Already tried 3 time(s); retry policy is RetryUpToMaximumCountWithFixedSleep(maxRetries=10, sleepTime=1000 MILLISECONDS)
2019-09-24 23:00:05,149 [main] INFO  ipc.Client (Client.java:handleConnectionFailure(948)) - Retrying connect to server: localhost/127.0.0.1:0. Already tried 4 time(s); retry policy is RetryUpToMaximumCountWithFixedSleep(maxRetries=10, sleepTime=1000 MILLISECONDS)
2019-09-24 23:00:06,150 [main] INFO  ipc.Client (Client.java:handleConnectionFailure(948)) - Retrying connect to server: localhost/127.0.0.1:0. Already tried 5 time(s); retry policy is RetryUpToMaximumCountWithFixedSleep(maxRetries=10, sleepTime=1000 MILLISECONDS)
2019-09-24 23:00:07,151 [main] INFO  ipc.Client (Client.java:handleConnectionFailure(948)) - Retrying connect to server: localhost/127.0.0.1:0. Already tried 6 time(s); retry policy is RetryUpToMaximumCountWithFixedSleep(maxRetries=10, sleepTime=1000 MILLISECONDS)
2019-09-24 23:00:08,153 [main] INFO  ipc.Client (Client.java:handleConnectionFailure(948)) - Retrying connect to server: localhost/127.0.0.1:0. Already tried 7 time(s); retry policy is RetryUpToMaximumCountWithFixedSleep(maxRetries=10, sleepTime=1000 MILLISECONDS)
2019-09-24 23:00:09,155 [main] INFO  ipc.Client (Client.java:handleConnectionFailure(948)) - Retrying connect to server: localhost/127.0.0.1:0. Already tried 8 time(s); retry policy is RetryUpToMaximumCountWithFixedSleep(maxRetries=10, sleepTime=1000 MILLISECONDS)
2019-09-24 23:00:10,156 [main] INFO  ipc.Client (Client.java:handleConnectionFailure(948)) - Retrying connect to server: localhost/127.0.0.1:0. Already tried 9 time(s); retry policy is RetryUpToMaximumCountWithFixedSleep(maxRetries=10, sleepTime=1000 MILLISECONDS)
2019-09-24 23:00:10,159 [main] INFO  retry.RetryInvocationHandler (RetryInvocationHandler.java:log(411)) - com.google.protobuf.ServiceException: java.net.ConnectException: Your endpoint configuration is wrong; For more details see:  http://wiki.apache.org/hadoop/UnsetHostnameOrPort, while invoking $Proxy35.submitRequest over nodeId=null,nodeAddress=127.0.0.1:0 after 4 failover attempts. Trying to failover immediately.
2019-09-24 23:00:11,177 [main] INFO  ipc.Client (Client.java:handleConnectionFailure(948)) - Retrying connect to server: localhost/127.0.0.1:0. Already tried 0 time(s); retry policy is RetryUpToMaximumCountWithFixedSleep(maxRetries=10, sleepTime=1000 MILLISECONDS)
2019-09-24 23:00:12,178 [main] INFO  ipc.Client (Client.java:handleConnectionFailure(948)) - Retrying connect to server: localhost/127.0.0.1:0. Already tried 1 time(s); retry policy is RetryUpToMaximumCountWithFixedSleep(maxRetries=10, sleepTime=1000 MILLISECONDS)
2019-09-24 23:00:13,179 [main] INFO  ipc.Client (Client.java:handleConnectionFailure(948)) - Retrying connect to server: localhost/127.0.0.1:0. Already tried 2 time(s); retry policy is RetryUpToMaximumCountWithFixedSleep(maxRetries=10, sleepTime=1000 MILLISECONDS)
2019-09-24 23:00:14,180 [main] INFO  ipc.Client (Client.java:handleConnectionFailure(948)) - Retrying connect to server: localhost/127.0.0.1:0. Already tried 3 time(s); retry policy is RetryUpToMaximumCountWithFixedSleep(maxRetries=10, sleepTime=1000 MILLISECONDS)
2019-09-24 23:00:15,181 [main] INFO  ipc.Client (Client.java:handleConnectionFailure(948)) - Retrying connect to server: localhost/127.0.0.1:0. Already tried 4 time(s); retry policy is RetryUpToMaximumCountWithFixedSleep(maxRetries=10, sleepTime=1000 MILLISECONDS)
2019-09-24 23:00:16,183 [main] INFO  ipc.Client (Client.java:handleConnectionFailure(948)) - Retrying connect to server: localhost/127.0.0.1:0. Already tried 5 time(s); retry policy is RetryUpToMaximumCountWithFixedSleep(maxRetries=10, sleepTime=1000 MILLISECONDS)
2019-09-24 23:00:17,184 [main] INFO  ipc.Client (Client.java:handleConnectionFailure(948)) - Retrying connect to server: localhost/127.0.0.1:0. Already tried 6 time(s); retry policy is RetryUpToMaximumCountWithFixedSleep(maxRetries=10, sleepTime=1000 MILLISECONDS)
2019-09-24 23:00:18,185 [main] INFO  ipc.Client (Client.java:handleConnectionFailure(948)) - Retrying connect to server: localhost/127.0.0.1:0. Already tried 7 time(s); retry policy is RetryUpToMaximumCountWithFixedSleep(maxRetries=10, sleepTime=1000 MILLISECONDS)
2019-09-24 23:00:19,187 [main] INFO  ipc.Client (Client.java:handleConnectionFailure(948)) - Retrying connect to server: localhost/127.0.0.1:0. Already tried 8 time(s); retry policy is RetryUpToMaximumCountWithFixedSleep(maxRetries=10, sleepTime=1000 MILLISECONDS)
2019-09-24 23:00:20,188 [main] INFO  ipc.Client (Client.java:handleConnectionFailure(948)) - Retrying connect to server: localhost/127.0.0.1:0. Already tried 9 time(s); retry policy is RetryUpToMaximumCountWithFixedSleep(maxRetries=10, sleepTime=1000 MILLISECONDS)
2019-09-24 23:00:20,189 [main] INFO  retry.RetryInvocationHandler (RetryInvocationHandler.java:log(411)) - com.google.protobuf.ServiceException: java.net.ConnectException: Your endpoint configuration is wrong; For more details see:  http://wiki.apache.org/hadoop/UnsetHostnameOrPort, while invoking $Proxy35.submitRequest over nodeId=null,nodeAddress=127.0.0.1:0 after 5 failover attempts. Trying to failover immediately.
2019-09-24 23:00:21,191 [main] INFO  ipc.Client (Client.java:handleConnectionFailure(948)) - Retrying connect to server: localhost/127.0.0.1:0. Already tried 0 time(s); retry policy is RetryUpToMaximumCountWithFixedSleep(maxRetries=10, sleepTime=1000 MILLISECONDS)
2019-09-24 23:00:22,192 [main] INFO  ipc.Client (Client.java:handleConnectionFailure(948)) - Retrying connect to server: localhost/127.0.0.1:0. Already tried 1 time(s); retry policy is RetryUpToMaximumCountWithFixedSleep(maxRetries=10, sleepTime=1000 MILLISECONDS)
2019-09-24 23:00:23,193 [main] INFO  ipc.Client (Client.java:handleConnectionFailure(948)) - Retrying connect to server: localhost/127.0.0.1:0. Already tried 2 time(s); retry policy is RetryUpToMaximumCountWithFixedSleep(maxRetries=10, sleepTime=1000 MILLISECONDS)
2019-09-24 23:00:24,194 [main] INFO  ipc.Client (Client.java:handleConnectionFailure(948)) - Retrying connect to server: localhost/127.0.0.1:0. Already tried 3 time(s); retry policy is RetryUpToMaximumCountWithFixedSleep(maxRetries=10, sleepTime=1000 MILLISECONDS)
2019-09-24 23:00:25,195 [main] INFO  ipc.Client (Client.java:handleConnectionFailure(948)) - Retrying connect to server: localhost/127.0.0.1:0. Already tried 4 time(s); retry policy is RetryUpToMaximumCountWithFixedSleep(maxRetries=10, sleepTime=1000 MILLISECONDS)
2019-09-24 23:00:26,197 [main] INFO  ipc.Client (Client.java:handleConnectionFailure(948)) - Retrying connect to server: localhost/127.0.0.1:0. Already tried 5 time(s); retry policy is RetryUpToMaximumCountWithFixedSleep(maxRetries=10, sleepTime=1000 MILLISECONDS)
2019-09-24 23:00:27,198 [main] INFO  ipc.Client (Client.java:handleConnectionFailure(948)) - Retrying connect to server: localhost/127.0.0.1:0. Already tried 6 time(s); retry policy is RetryUpToMaximumCountWithFixedSleep(maxRetries=10, sleepTime=1000 MILLISECONDS)
2019-09-24 23:00:28,199 [main] INFO  ipc.Client (Client.java:handleConnectionFailure(948)) - Retrying connect to server: localhost/127.0.0.1:0. Already tried 7 time(s); retry policy is RetryUpToMaximumCountWithFixedSleep(maxRetries=10, sleepTime=1000 MILLISECONDS)
2019-09-24 23:00:29,200 [main] INFO  ipc.Client (Client.java:handleConnectionFailure(948)) - Retrying connect to server: localhost/127.0.0.1:0. Already tried 8 time(s); retry policy is RetryUpToMaximumCountWithFixedSleep(maxRetries=10, sleepTime=1000 MILLISECONDS)
2019-09-24 23:00:30,201 [main] INFO  ipc.Client (Client.java:handleConnectionFailure(948)) - Retrying connect to server: localhost/127.0.0.1:0. Already tried 9 time(s); retry policy is RetryUpToMaximumCountWithFixedSleep(maxRetries=10, sleepTime=1000 MILLISECONDS)
2019-09-24 23:00:30,203 [main] INFO  retry.RetryInvocationHandler (RetryInvocationHandler.java:log(411)) - com.google.protobuf.ServiceException: java.net.ConnectException: Your endpoint configuration is wrong; For more details see:  http://wiki.apache.org/hadoop/UnsetHostnameOrPort, while invoking $Proxy35.submitRequest over nodeId=null,nodeAddress=127.0.0.1:0 after 6 failover attempts. Trying to failover immediately.
2019-09-24 23:00:31,204 [main] INFO  ipc.Client (Client.java:handleConnectionFailure(948)) - Retrying connect to server: localhost/127.0.0.1:0. Already tried 0 time(s); retry policy is RetryUpToMaximumCountWithFixedSleep(maxRetries=10, sleepTime=1000 MILLISECONDS)
2019-09-24 23:00:32,205 [main] INFO  ipc.Client (Client.java:handleConnectionFailure(948)) - Retrying connect to server: localhost/127.0.0.1:0. Already tried 1 time(s); retry policy is RetryUpToMaximumCountWithFixedSleep(maxRetries=10, sleepTime=1000 MILLISECONDS)
2019-09-24 23:00:33,206 [main] INFO  ipc.Client (Client.java:handleConnectionFailure(948)) - Retrying connect to server: localhost/127.0.0.1:0. Already tried 2 time(s); retry policy is RetryUpToMaximumCountWithFixedSleep(maxRetries=10, sleepTime=1000 MILLISECONDS)
2019-09-24 23:00:34,207 [main] INFO  ipc.Client (Client.java:handleConnectionFailure(948)) - Retrying connect to server: localhost/127.0.0.1:0. Already tried 3 time(s); retry policy is RetryUpToMaximumCountWithFixedSleep(maxRetries=10, sleepTime=1000 MILLISECONDS)
2019-09-24 23:00:35,208 [main] INFO  ipc.Client (Client.java:handleConnectionFailure(948)) - Retrying connect to server: localhost/127.0.0.1:0. Already tried 4 time(s); retry policy is RetryUpToMaximumCountWithFixedSleep(maxRetries=10, sleepTime=1000 MILLISECONDS)
2019-09-24 23:00:36,209 [main] INFO  ipc.Client (Client.java:handleConnectionFailure(948)) - Retrying connect to server: localhost/127.0.0.1:0. Already tried 5 time(s); retry policy is RetryUpToMaximumCountWithFixedSleep(maxRetries=10, sleepTime=1000 MILLISECONDS)
2019-09-24 23:00:37,211 [main] INFO  ipc.Client (Client.java:handleConnectionFailure(948)) - Retrying connect to server: localhost/127.0.0.1:0. Already tried 6 time(s); retry policy is RetryUpToMaximumCountWithFixedSleep(maxRetries=10, sleepTime=1000 MILLISECONDS)
2019-09-24 23:00:38,212 [main] INFO  ipc.Client (Client.java:handleConnectionFailure(948)) - Retrying connect to server: localhost/127.0.0.1:0. Already tried 7 time(s); retry policy is RetryUpToMaximumCountWithFixedSleep(maxRetries=10, sleepTime=1000 MILLISECONDS)
2019-09-24 23:00:39,214 [main] INFO  ipc.Client (Client.java:handleConnectionFailure(948)) - Retrying connect to server: localhost/127.0.0.1:0. Already tried 8 time(s); retry policy is RetryUpToMaximumCountWithFixedSleep(maxRetries=10, sleepTime=1000 MILLISECONDS)
2019-09-24 23:00:40,215 [main] INFO  ipc.Client (Client.java:handleConnectionFailure(948)) - Retrying connect to server: localhost/127.0.0.1:0. Already tried 9 time(s); retry policy is RetryUpToMaximumCountWithFixedSleep(maxRetries=10, sleepTime=1000 MILLISECONDS)
2019-09-24 23:00:40,217 [main] INFO  retry.RetryInvocationHandler (RetryInvocationHandler.java:log(411)) - com.google.protobuf.ServiceException: java.net.ConnectException: Your endpoint configuration is wrong; For more details see:  http://wiki.apache.org/hadoop/UnsetHostnameOrPort, while invoking $Proxy35.submitRequest over nodeId=null,nodeAddress=127.0.0.1:0 after 7 failover attempts. Trying to failover immediately.
2019-09-24 23:00:41,218 [main] INFO  ipc.Client (Client.java:handleConnectionFailure(948)) - Retrying connect to server: localhost/127.0.0.1:0. Already tried 0 time(s); retry policy is RetryUpToMaximumCountWithFixedSleep(maxRetries=10, sleepTime=1000 MILLISECONDS)
2019-09-24 23:00:42,219 [main] INFO  ipc.Client (Client.java:handleConnectionFailure(948)) - Retrying connect to server: localhost/127.0.0.1:0. Already tried 1 time(s); retry policy is RetryUpToMaximumCountWithFixedSleep(maxRetries=10, sleepTime=1000 MILLISECONDS)
2019-09-24 23:00:43,220 [main] INFO  ipc.Client (Client.java:handleConnectionFailure(948)) - Retrying connect to server: localhost/127.0.0.1:0. Already tried 2 time(s); retry policy is RetryUpToMaximumCountWithFixedSleep(maxRetries=10, sleepTime=1000 MILLISECONDS)
2019-09-24 23:00:44,221 [main] INFO  ipc.Client (Client.java:handleConnectionFailure(948)) - Retrying connect to server: localhost/127.0.0.1:0. Already tried 3 time(s); retry policy is RetryUpToMaximumCountWithFixedSleep(maxRetries=10, sleepTime=1000 MILLISECONDS)
2019-09-24 23:00:45,222 [main] INFO  ipc.Client (Client.java:handleConnectionFailure(948)) - Retrying connect to server: localhost/127.0.0.1:0. Already tried 4 time(s); retry policy is RetryUpToMaximumCountWithFixedSleep(maxRetries=10, sleepTime=1000 MILLISECONDS)
2019-09-24 23:00:46,224 [main] INFO  ipc.Client (Client.java:handleConnectionFailure(948)) - Retrying connect to server: localhost/127.0.0.1:0. Already tried 5 time(s); retry policy is RetryUpToMaximumCountWithFixedSleep(maxRetries=10, sleepTime=1000 MILLISECONDS)
2019-09-24 23:00:47,225 [main] INFO  ipc.Client (Client.java:handleConnectionFailure(948)) - Retrying connect to server: localhost/127.0.0.1:0. Already tried 6 time(s); retry policy is RetryUpToMaximumCountWithFixedSleep(maxRetries=10, sleepTime=1000 MILLISECONDS)
2019-09-24 23:00:48,226 [main] INFO  ipc.Client (Client.java:handleConnectionFailure(948)) - Retrying connect to server: localhost/127.0.0.1:0. Already tried 7 time(s); retry policy is RetryUpToMaximumCountWithFixedSleep(maxRetries=10, sleepTime=1000 MILLISECONDS)
2019-09-24 23:00:49,227 [main] INFO  ipc.Client (Client.java:handleConnectionFailure(948)) - Retrying connect to server: localhost/127.0.0.1:0. Already tried 8 time(s); retry policy is RetryUpToMaximumCountWithFixedSleep(maxRetries=10, sleepTime=1000 MILLISECONDS)
2019-09-24 23:00:50,229 [main] INFO  ipc.Client (Client.java:handleConnectionFailure(948)) - Retrying connect to server: localhost/127.0.0.1:0. Already tried 9 time(s); retry policy is RetryUpToMaximumCountWithFixedSleep(maxRetries=10, sleepTime=1000 MILLISECONDS)
2019-09-24 23:00:50,231 [main] INFO  retry.RetryInvocationHandler (RetryInvocationHandler.java:log(411)) - com.google.protobuf.ServiceException: java.net.ConnectException: Your endpoint configuration is wrong; For more details see:  http://wiki.apache.org/hadoop/UnsetHostnameOrPort, while invoking $Proxy35.submitRequest over nodeId=null,nodeAddress=127.0.0.1:0 after 8 failover attempts. Trying to failover immediately.
2019-09-24 23:00:51,233 [main] INFO  ipc.Client (Client.java:handleConnectionFailure(948)) - Retrying connect to server: localhost/127.0.0.1:0. Already tried 0 time(s); retry policy is RetryUpToMaximumCountWithFixedSleep(maxRetries=10, sleepTime=1000 MILLISECONDS)
2019-09-24 23:00:52,234 [main] INFO  ipc.Client (Client.java:handleConnectionFailure(948)) - Retrying connect to server: localhost/127.0.0.1:0. Already tried 1 time(s); retry policy is RetryUpToMaximumCountWithFixedSleep(maxRetries=10, sleepTime=1000 MILLISECONDS)
2019-09-24 23:00:53,235 [main] INFO  ipc.Client (Client.java:handleConnectionFailure(948)) - Retrying connect to server: localhost/127.0.0.1:0. Already tried 2 time(s); retry policy is RetryUpToMaximumCountWithFixedSleep(maxRetries=10, sleepTime=1000 MILLISECONDS)
2019-09-24 23:00:54,236 [main] INFO  ipc.Client (Client.java:handleConnectionFailure(948)) - Retrying connect to server: localhost/127.0.0.1:0. Already tried 3 time(s); retry policy is RetryUpToMaximumCountWithFixedSleep(maxRetries=10, sleepTime=1000 MILLISECONDS)
2019-09-24 23:00:55,238 [main] INFO  ipc.Client (Client.java:handleConnectionFailure(948)) - Retrying connect to server: localhost/127.0.0.1:0. Already tried 4 time(s); retry policy is RetryUpToMaximumCountWithFixedSleep(maxRetries=10, sleepTime=1000 MILLISECONDS)
2019-09-24 23:00:56,239 [main] INFO  ipc.Client (Client.java:handleConnectionFailure(948)) - Retrying connect to server: localhost/127.0.0.1:0. Already tried 5 time(s); retry policy is RetryUpToMaximumCountWithFixedSleep(maxRetries=10, sleepTime=1000 MILLISECONDS)
2019-09-24 23:00:57,240 [main] INFO  ipc.Client (Client.java:handleConnectionFailure(948)) - Retrying connect to server: localhost/127.0.0.1:0. Already tried 6 time(s); retry policy is RetryUpToMaximumCountWithFixedSleep(maxRetries=10, sleepTime=1000 MILLISECONDS)
2019-09-24 23:00:58,241 [main] INFO  ipc.Client (Client.java:handleConnectionFailure(948)) - Retrying connect to server: localhost/127.0.0.1:0. Already tried 7 time(s); retry policy is RetryUpToMaximumCountWithFixedSleep(maxRetries=10, sleepTime=1000 MILLISECONDS)
2019-09-24 23:00:59,253 [main] INFO  ipc.Client (Client.java:handleConnectionFailure(948)) - Retrying connect to server: localhost/127.0.0.1:0. Already tried 8 time(s); retry policy is RetryUpToMaximumCountWithFixedSleep(maxRetries=10, sleepTime=1000 MILLISECONDS)
2019-09-24 23:01:00,256 [main] INFO  ipc.Client (Client.java:handleConnectionFailure(948)) - Retrying connect to server: localhost/127.0.0.1:0. Already tried 9 time(s); retry policy is RetryUpToMaximumCountWithFixedSleep(maxRetries=10, sleepTime=1000 MILLISECONDS)
2019-09-24 23:01:00,258 [main] INFO  retry.RetryInvocationHandler (RetryInvocationHandler.java:log(411)) - com.google.protobuf.ServiceException: java.net.ConnectException: Your endpoint configuration is wrong; For more details see:  http://wiki.apache.org/hadoop/UnsetHostnameOrPort, while invoking $Proxy35.submitRequest over nodeId=null,nodeAddress=127.0.0.1:0 after 9 failover attempts. Trying to failover immediately.
2019-09-24 23:01:01,259 [main] INFO  ipc.Client (Client.java:handleConnectionFailure(948)) - Retrying connect to server: localhost/127.0.0.1:0. Already tried 0 time(s); retry policy is RetryUpToMaximumCountWithFixedSleep(maxRetries=10, sleepTime=1000 MILLISECONDS)
2019-09-24 23:01:02,260 [main] INFO  ipc.Client (Client.java:handleConnectionFailure(948)) - Retrying connect to server: localhost/127.0.0.1:0. Already tried 1 time(s); retry policy is RetryUpToMaximumCountWithFixedSleep(maxRetries=10, sleepTime=1000 MILLISECONDS)
2019-09-24 23:01:03,265 [main] INFO  ipc.Client (Client.java:handleConnectionFailure(948)) - Retrying connect to server: localhost/127.0.0.1:0. Already tried 2 time(s); retry policy is RetryUpToMaximumCountWithFixedSleep(maxRetries=10, sleepTime=1000 MILLISECONDS)
2019-09-24 23:01:04,267 [main] INFO  ipc.Client (Client.java:handleConnectionFailure(948)) - Retrying connect to server: localhost/127.0.0.1:0. Already tried 3 time(s); retry policy is RetryUpToMaximumCountWithFixedSleep(maxRetries=10, sleepTime=1000 MILLISECONDS)
2019-09-24 23:01:05,269 [main] INFO  ipc.Client (Client.java:handleConnectionFailure(948)) - Retrying connect to server: localhost/127.0.0.1:0. Already tried 4 time(s); retry policy is RetryUpToMaximumCountWithFixedSleep(maxRetries=10, sleepTime=1000 MILLISECONDS)
2019-09-24 23:01:06,272 [main] INFO  ipc.Client (Client.java:handleConnectionFailure(948)) - Retrying connect to server: localhost/127.0.0.1:0. Already tried 5 time(s); retry policy is RetryUpToMaximumCountWithFixedSleep(maxRetries=10, sleepTime=1000 MILLISECONDS)
2019-09-24 23:01:07,276 [main] INFO  ipc.Client (Client.java:handleConnectionFailure(948)) - Retrying connect to server: localhost/127.0.0.1:0. Already tried 6 time(s); retry policy is RetryUpToMaximumCountWithFixedSleep(maxRetries=10, sleepTime=1000 MILLISECONDS)
2019-09-24 23:01:08,279 [main] INFO  ipc.Client (Client.java:handleConnectionFailure(948)) - Retrying connect to server: localhost/127.0.0.1:0. Already tried 7 time(s); retry policy is RetryUpToMaximumCountWithFixedSleep(maxRetries=10, sleepTime=1000 MILLISECONDS)
2019-09-24 23:01:09,280 [main] INFO  ipc.Client (Client.java:handleConnectionFailure(948)) - Retrying connect to server: localhost/127.0.0.1:0. Already tried 8 time(s); retry policy is RetryUpToMaximumCountWithFixedSleep(maxRetries=10, sleepTime=1000 MILLISECONDS)
2019-09-24 23:01:10,281 [main] INFO  ipc.Client (Client.java:handleConnectionFailure(948)) - Retrying connect to server: localhost/127.0.0.1:0. Already tried 9 time(s); retry policy is RetryUpToMaximumCountWithFixedSleep(maxRetries=10, sleepTime=1000 MILLISECONDS)
2019-09-24 23:01:10,283 [main] ERROR ha.OMFailoverProxyProvider (OzoneManagerProtocolClientSideTranslatorPB.java:getRetryAction(268)) - Failed to connect to OM. Attempted 10 retries and 10 failovers
2019-09-24 23:01:10,283 [main] ERROR client.OzoneClientFactory (OzoneClientFactory.java:getClientProtocol(259)) - Couldn't create RpcClient protocol exception: 
java.net.ConnectException: Your endpoint configuration is wrong; For more details see:  http://wiki.apache.org/hadoop/UnsetHostnameOrPort
	at sun.reflect.GeneratedConstructorAccessor41.newInstance(Unknown Source)
	at sun.reflect.DelegatingConstructorAccessorImpl.newInstance(DelegatingConstructorAccessorImpl.java:45)
	at java.lang.reflect.Constructor.newInstance(Constructor.java:423)
	at org.apache.hadoop.net.NetUtils.wrapWithMessage(NetUtils.java:831)
	at org.apache.hadoop.net.NetUtils.wrapException(NetUtils.java:751)
	at org.apache.hadoop.ipc.Client.getRpcResponse(Client.java:1515)
	at org.apache.hadoop.ipc.Client.call(Client.java:1457)
	at org.apache.hadoop.ipc.Client.call(Client.java:1367)
	at org.apache.hadoop.ipc.ProtobufRpcEngine$Invoker.invoke(ProtobufRpcEngine.java:228)
	at org.apache.hadoop.ipc.ProtobufRpcEngine$Invoker.invoke(ProtobufRpcEngine.java:116)
	at com.sun.proxy.$Proxy35.submitRequest(Unknown Source)
	at sun.reflect.GeneratedMethodAccessor35.invoke(Unknown Source)
	at sun.reflect.DelegatingMethodAccessorImpl.invoke(DelegatingMethodAccessorImpl.java:43)
	at java.lang.reflect.Method.invoke(Method.java:498)
	at org.apache.hadoop.io.retry.RetryInvocationHandler.invokeMethod(RetryInvocationHandler.java:422)
	at org.apache.hadoop.io.retry.RetryInvocationHandler$Call.invokeMethod(RetryInvocationHandler.java:165)
	at org.apache.hadoop.io.retry.RetryInvocationHandler$Call.invoke(RetryInvocationHandler.java:157)
	at org.apache.hadoop.io.retry.RetryInvocationHandler$Call.invokeOnce(RetryInvocationHandler.java:95)
	at org.apache.hadoop.io.retry.RetryInvocationHandler.invoke(RetryInvocationHandler.java:359)
	at com.sun.proxy.$Proxy35.submitRequest(Unknown Source)
	at org.apache.hadoop.ozone.om.protocolPB.OzoneManagerProtocolClientSideTranslatorPB.submitRequest(OzoneManagerProtocolClientSideTranslatorPB.java:338)
	at org.apache.hadoop.ozone.om.protocolPB.OzoneManagerProtocolClientSideTranslatorPB.getServiceInfo(OzoneManagerProtocolClientSideTranslatorPB.java:1223)
	at sun.reflect.NativeMethodAccessorImpl.invoke0(Native Method)
	at sun.reflect.NativeMethodAccessorImpl.invoke(NativeMethodAccessorImpl.java:62)
	at sun.reflect.DelegatingMethodAccessorImpl.invoke(DelegatingMethodAccessorImpl.java:43)
	at java.lang.reflect.Method.invoke(Method.java:498)
	at org.apache.hadoop.hdds.tracing.TraceAllMethod.invoke(TraceAllMethod.java:66)
	at com.sun.proxy.$Proxy36.getServiceInfo(Unknown Source)
	at org.apache.hadoop.ozone.client.rpc.RpcClient.<init>(RpcClient.java:154)
	at org.apache.hadoop.ozone.client.OzoneClientFactory.getClientProtocol(OzoneClientFactory.java:256)
	at org.apache.hadoop.ozone.client.OzoneClientFactory.getClientProtocol(OzoneClientFactory.java:239)
	at org.apache.hadoop.ozone.client.OzoneClientFactory.getClient(OzoneClientFactory.java:75)
	at org.apache.hadoop.ozone.client.rpc.TestMultiBlockWritesWithDnFailures.startCluster(TestMultiBlockWritesWithDnFailures.java:96)
	at org.apache.hadoop.ozone.client.rpc.TestMultiBlockWritesWithDnFailures.testMultiBlockWritesWithDnFailures(TestMultiBlockWritesWithDnFailures.java:117)
	at sun.reflect.NativeMethodAccessorImpl.invoke0(Native Method)
	at sun.reflect.NativeMethodAccessorImpl.invoke(NativeMethodAccessorImpl.java:62)
	at sun.reflect.DelegatingMethodAccessorImpl.invoke(DelegatingMethodAccessorImpl.java:43)
	at java.lang.reflect.Method.invoke(Method.java:498)
	at org.junit.runners.model.FrameworkMethod$1.runReflectiveCall(FrameworkMethod.java:47)
	at org.junit.internal.runners.model.ReflectiveCallable.run(ReflectiveCallable.java:12)
	at org.junit.runners.model.FrameworkMethod.invokeExplosively(FrameworkMethod.java:44)
	at org.junit.internal.runners.statements.InvokeMethod.evaluate(InvokeMethod.java:17)
	at org.junit.internal.runners.statements.RunAfters.evaluate(RunAfters.java:27)
	at org.junit.runners.ParentRunner.runLeaf(ParentRunner.java:271)
	at org.junit.runners.BlockJUnit4ClassRunner.runChild(BlockJUnit4ClassRunner.java:70)
	at org.junit.runners.BlockJUnit4ClassRunner.runChild(BlockJUnit4ClassRunner.java:50)
	at org.junit.runners.ParentRunner$3.run(ParentRunner.java:238)
	at org.junit.runners.ParentRunner$1.schedule(ParentRunner.java:63)
	at org.junit.runners.ParentRunner.runChildren(ParentRunner.java:236)
	at org.junit.runners.ParentRunner.access$000(ParentRunner.java:53)
	at org.junit.runners.ParentRunner$2.evaluate(ParentRunner.java:229)
	at org.junit.runners.ParentRunner.run(ParentRunner.java:309)
	at org.apache.maven.surefire.junit4.JUnit4Provider.execute(JUnit4Provider.java:365)
	at org.apache.maven.surefire.junit4.JUnit4Provider.executeWithRerun(JUnit4Provider.java:273)
	at org.apache.maven.surefire.junit4.JUnit4Provider.executeTestSet(JUnit4Provider.java:238)
	at org.apache.maven.surefire.junit4.JUnit4Provider.invoke(JUnit4Provider.java:159)
	at org.apache.maven.surefire.booter.ForkedBooter.invokeProviderInSameClassLoader(ForkedBooter.java:384)
	at org.apache.maven.surefire.booter.ForkedBooter.runSuitesInProcess(ForkedBooter.java:345)
	at org.apache.maven.surefire.booter.ForkedBooter.execute(ForkedBooter.java:126)
	at org.apache.maven.surefire.booter.ForkedBooter.main(ForkedBooter.java:418)
Caused by: java.net.ConnectException: Connection refused
	at sun.nio.ch.SocketChannelImpl.checkConnect(Native Method)
	at sun.nio.ch.SocketChannelImpl.finishConnect(SocketChannelImpl.java:717)
	at org.apache.hadoop.net.SocketIOWithTimeout.connect(SocketIOWithTimeout.java:206)
	at org.apache.hadoop.net.NetUtils.connect(NetUtils.java:531)
	at org.apache.hadoop.ipc.Client$Connection.setupConnection(Client.java:690)
	at org.apache.hadoop.ipc.Client$Connection.setupIOstreams(Client.java:794)
	at org.apache.hadoop.ipc.Client$Connection.access$3700(Client.java:411)
	at org.apache.hadoop.ipc.Client.getConnection(Client.java:1572)
	at org.apache.hadoop.ipc.Client.call(Client.java:1403)
	... 53 more
2019-09-24 23:01:10,285 [main] INFO  ozone.MiniOzoneClusterImpl (MiniOzoneClusterImpl.java:shutdown(314)) - Shutting down the Mini Ozone Cluster
2019-09-24 23:01:10,285 [main] INFO  ozone.MiniOzoneClusterImpl (MiniOzoneClusterImpl.java:stop(330)) - Stopping the Mini Ozone Cluster
2019-09-24 23:01:10,285 [main] INFO  ozone.MiniOzoneClusterImpl (MiniOzoneClusterImpl.java:stopOM(400)) - Stopping the OzoneManager
2019-09-24 23:01:10,286 [main] INFO  ipc.Server (Server.java:stop(3082)) - Stopping server on 42872
2019-09-24 23:01:10,313 [main] INFO  ratis.OzoneManagerDoubleBuffer (OzoneManagerDoubleBuffer.java:stop(248)) - Stopping OMDoubleBuffer flush thread
2019-09-24 23:01:10,313 [IPC Server Responder] INFO  ipc.Server (Server.java:run(1319)) - Stopping IPC Server Responder
2019-09-24 23:01:10,316 [IPC Server listener on 42872] INFO  ipc.Server (Server.java:run(1185)) - Stopping IPC Server listener on 42872
2019-09-24 23:01:10,334 [OMDoubleBufferFlushThread] INFO  ratis.OzoneManagerDoubleBuffer (OzoneManagerDoubleBuffer.java:flushTransactions(191)) - OMDoubleBuffer flush thread OMDoubleBufferFlushThread is interrupted and will exit. OMDoubleBufferFlushThread
2019-09-24 23:01:10,337 [main] INFO  utils.BackgroundService (BackgroundService.java:shutdown(148)) - Shutting down service KeyDeletingService
2019-09-24 23:01:10,339 [main] INFO  handler.ContextHandler (ContextHandler.java:doStop(910)) - Stopped o.e.j.w.WebAppContext@74d6736{/,null,UNAVAILABLE}{/ozoneManager}
2019-09-24 23:01:10,340 [main] INFO  server.AbstractConnector (AbstractConnector.java:doStop(318)) - Stopped ServerConnector@52a33c3f{HTTP/1.1,[http/1.1]}{0.0.0.0:0}
2019-09-24 23:01:10,341 [main] INFO  handler.ContextHandler (ContextHandler.java:doStop(910)) - Stopped o.e.j.s.ServletContextHandler@3a4ab7f7{/static,file:///workdir/hadoop-ozone/integration-test/target/test-classes/webapps/static,UNAVAILABLE}
2019-09-24 23:01:10,341 [main] INFO  handler.ContextHandler (ContextHandler.java:doStop(910)) - Stopped o.e.j.s.ServletContextHandler@7cf78c85{/logs,file:///workdir/hadoop-ozone/integration-test/target/log,UNAVAILABLE}
2019-09-24 23:01:10,346 [main] INFO  ozone.MiniOzoneClusterImpl (MiniOzoneClusterImpl.java:stopDatanodes(377)) - Stopping the HddsDatanodes
2019-09-24 23:01:10,849 [Datanode State Machine Thread - 0] INFO  statemachine.DatanodeStateMachine (DatanodeStateMachine.java:lambda$startDaemon$0(350)) - Ozone container server started.
2019-09-24 23:01:10,976 [Datanode State Machine Thread - 0] INFO  statemachine.DatanodeStateMachine (DatanodeStateMachine.java:lambda$startDaemon$0(350)) - Ozone container server started.
2019-09-24 23:01:15,348 [main] INFO  ozoneimpl.OzoneContainer (OzoneContainer.java:stop(231)) - Attempting to stop container services.
2019-09-24 23:01:15,348 [ForkJoinPool.commonPool-worker-0] INFO  ozoneimpl.OzoneContainer (OzoneContainer.java:stop(231)) - Attempting to stop container services.
2019-09-24 23:01:15,350 [main] INFO  impl.RaftServerProxy (RaftServerProxy.java:lambda$close$4(314)) - 3a9ef4cb-9f73-43f2-9ef0-73623fc2079e: close
2019-09-24 23:01:15,350 [ForkJoinPool.commonPool-worker-0] INFO  impl.RaftServerProxy (RaftServerProxy.java:lambda$close$4(314)) - 388b7cca-9c2c-4db0-aaac-d908992fc736: close
2019-09-24 23:01:15,354 [ForkJoinPool.commonPool-worker-0] INFO  impl.RaftServerImpl (RaftServerImpl.java:lambda$shutdown$3(251)) - 388b7cca-9c2c-4db0-aaac-d908992fc736@group-F20BA7A4CC31: shutdown
2019-09-24 23:01:15,354 [main] INFO  impl.RaftServerImpl (RaftServerImpl.java:lambda$shutdown$3(251)) - 3a9ef4cb-9f73-43f2-9ef0-73623fc2079e@group-90EC4100B693: shutdown
2019-09-24 23:01:15,354 [ForkJoinPool.commonPool-worker-0] INFO  util.JmxRegister (JmxRegister.java:unregister(73)) - Successfully un-registered JMX Bean with object name Ratis:service=RaftServer,group=group-F20BA7A4CC31,id=388b7cca-9c2c-4db0-aaac-d908992fc736
2019-09-24 23:01:15,355 [main] INFO  util.JmxRegister (JmxRegister.java:unregister(73)) - Successfully un-registered JMX Bean with object name Ratis:service=RaftServer,group=group-90EC4100B693,id=3a9ef4cb-9f73-43f2-9ef0-73623fc2079e
2019-09-24 23:01:15,356 [main] INFO  impl.RoleInfo (RoleInfo.java:shutdownFollowerState(121)) - 3a9ef4cb-9f73-43f2-9ef0-73623fc2079e: shutdown FollowerState
2019-09-24 23:01:15,355 [ForkJoinPool.commonPool-worker-0] INFO  impl.RoleInfo (RoleInfo.java:shutdownLeaderState(104)) - 388b7cca-9c2c-4db0-aaac-d908992fc736: shutdown LeaderState
2019-09-24 23:01:15,356 [Thread-2256] INFO  impl.FollowerState (FollowerState.java:run(115)) - 3a9ef4cb-9f73-43f2-9ef0-73623fc2079e: FollowerState was interrupted: java.lang.InterruptedException: sleep interrupted
2019-09-24 23:01:15,357 [ForkJoinPool.commonPool-worker-0] INFO  impl.PendingRequests (PendingRequests.java:sendNotLeaderResponses(202)) - 388b7cca-9c2c-4db0-aaac-d908992fc736-PendingRequests: sendNotLeaderResponses
2019-09-24 23:01:15,356 [main] INFO  impl.StateMachineUpdater (StateMachineUpdater.java:stopAndJoin(125)) - 3a9ef4cb-9f73-43f2-9ef0-73623fc2079e@group-90EC4100B693-StateMachineUpdater: set stopIndex = 0
2019-09-24 23:01:15,360 [ForkJoinPool.commonPool-worker-0] INFO  impl.StateMachineUpdater (StateMachineUpdater.java:stopAndJoin(125)) - 388b7cca-9c2c-4db0-aaac-d908992fc736@group-F20BA7A4CC31-StateMachineUpdater: set stopIndex = 0
2019-09-24 23:01:15,360 [main] INFO  impl.RaftServerImpl (ServerState.java:close(385)) - 3a9ef4cb-9f73-43f2-9ef0-73623fc2079e@group-90EC4100B693: closes. applyIndex: 0
2019-09-24 23:01:15,360 [ForkJoinPool.commonPool-worker-0] INFO  impl.RaftServerImpl (ServerState.java:close(385)) - 388b7cca-9c2c-4db0-aaac-d908992fc736@group-F20BA7A4CC31: closes. applyIndex: 0
2019-09-24 23:01:15,361 [3a9ef4cb-9f73-43f2-9ef0-73623fc2079e@group-90EC4100B693-SegmentedRaftLogWorker] INFO  segmented.SegmentedRaftLogWorker (SegmentedRaftLogWorker.java:run(313)) - 3a9ef4cb-9f73-43f2-9ef0-73623fc2079e@group-90EC4100B693-SegmentedRaftLogWorker was interrupted, exiting. There are 0 tasks remaining in the queue.
2019-09-24 23:01:15,361 [388b7cca-9c2c-4db0-aaac-d908992fc736@group-F20BA7A4CC31-SegmentedRaftLogWorker] INFO  segmented.SegmentedRaftLogWorker (SegmentedRaftLogWorker.java:run(313)) - 388b7cca-9c2c-4db0-aaac-d908992fc736@group-F20BA7A4CC31-SegmentedRaftLogWorker was interrupted, exiting. There are 0 tasks remaining in the queue.
2019-09-24 23:01:15,363 [main] INFO  segmented.SegmentedRaftLogWorker (SegmentedRaftLogWorker.java:close(228)) - 3a9ef4cb-9f73-43f2-9ef0-73623fc2079e@group-90EC4100B693-SegmentedRaftLogWorker close()
2019-09-24 23:01:15,366 [ForkJoinPool.commonPool-worker-0] INFO  segmented.SegmentedRaftLogWorker (SegmentedRaftLogWorker.java:close(228)) - 388b7cca-9c2c-4db0-aaac-d908992fc736@group-F20BA7A4CC31-SegmentedRaftLogWorker close()
2019-09-24 23:01:15,380 [main] INFO  impl.RaftServerImpl (RaftServerImpl.java:lambda$shutdown$3(251)) - 3a9ef4cb-9f73-43f2-9ef0-73623fc2079e@group-FC50999E9E77: shutdown
2019-09-24 23:01:15,382 [ForkJoinPool.commonPool-worker-0] INFO  impl.RaftServerImpl (RaftServerImpl.java:lambda$shutdown$3(251)) - 388b7cca-9c2c-4db0-aaac-d908992fc736@group-53F6125C0DC6: shutdown
2019-09-24 23:01:15,382 [main] INFO  util.JmxRegister (JmxRegister.java:unregister(73)) - Successfully un-registered JMX Bean with object name Ratis:service=RaftServer,group=group-FC50999E9E77,id=3a9ef4cb-9f73-43f2-9ef0-73623fc2079e
2019-09-24 23:01:15,383 [ForkJoinPool.commonPool-worker-0] INFO  util.JmxRegister (JmxRegister.java:unregister(73)) - Successfully un-registered JMX Bean with object name Ratis:service=RaftServer,group=group-53F6125C0DC6,id=388b7cca-9c2c-4db0-aaac-d908992fc736
2019-09-24 23:01:15,383 [main] INFO  impl.RoleInfo (RoleInfo.java:shutdownLeaderState(104)) - 3a9ef4cb-9f73-43f2-9ef0-73623fc2079e: shutdown LeaderState
2019-09-24 23:01:15,383 [ForkJoinPool.commonPool-worker-0] INFO  impl.RoleInfo (RoleInfo.java:shutdownFollowerState(121)) - 388b7cca-9c2c-4db0-aaac-d908992fc736: shutdown FollowerState
2019-09-24 23:01:15,384 [main] INFO  impl.PendingRequests (PendingRequests.java:sendNotLeaderResponses(202)) - 3a9ef4cb-9f73-43f2-9ef0-73623fc2079e-PendingRequests: sendNotLeaderResponses
2019-09-24 23:01:15,384 [Thread-2205] INFO  impl.FollowerState (FollowerState.java:run(115)) - 388b7cca-9c2c-4db0-aaac-d908992fc736: FollowerState was interrupted: java.lang.InterruptedException: sleep interrupted
2019-09-24 23:01:15,385 [main] INFO  impl.StateMachineUpdater (StateMachineUpdater.java:stopAndJoin(125)) - 3a9ef4cb-9f73-43f2-9ef0-73623fc2079e@group-FC50999E9E77-StateMachineUpdater: set stopIndex = 0
2019-09-24 23:01:15,384 [ForkJoinPool.commonPool-worker-0] INFO  impl.StateMachineUpdater (StateMachineUpdater.java:stopAndJoin(125)) - 388b7cca-9c2c-4db0-aaac-d908992fc736@group-53F6125C0DC6-StateMachineUpdater: set stopIndex = 0
2019-09-24 23:01:15,387 [main] INFO  impl.RaftServerImpl (ServerState.java:close(385)) - 3a9ef4cb-9f73-43f2-9ef0-73623fc2079e@group-FC50999E9E77: closes. applyIndex: 0
2019-09-24 23:01:15,387 [ForkJoinPool.commonPool-worker-0] INFO  impl.RaftServerImpl (ServerState.java:close(385)) - 388b7cca-9c2c-4db0-aaac-d908992fc736@group-53F6125C0DC6: closes. applyIndex: 0
2019-09-24 23:01:15,388 [3a9ef4cb-9f73-43f2-9ef0-73623fc2079e@group-FC50999E9E77-SegmentedRaftLogWorker] INFO  segmented.SegmentedRaftLogWorker (SegmentedRaftLogWorker.java:run(313)) - 3a9ef4cb-9f73-43f2-9ef0-73623fc2079e@group-FC50999E9E77-SegmentedRaftLogWorker was interrupted, exiting. There are 0 tasks remaining in the queue.
2019-09-24 23:01:15,390 [388b7cca-9c2c-4db0-aaac-d908992fc736@group-53F6125C0DC6-SegmentedRaftLogWorker] INFO  segmented.SegmentedRaftLogWorker (SegmentedRaftLogWorker.java:run(313)) - 388b7cca-9c2c-4db0-aaac-d908992fc736@group-53F6125C0DC6-SegmentedRaftLogWorker was interrupted, exiting. There are 0 tasks remaining in the queue.
2019-09-24 23:01:15,390 [main] INFO  segmented.SegmentedRaftLogWorker (SegmentedRaftLogWorker.java:close(228)) - 3a9ef4cb-9f73-43f2-9ef0-73623fc2079e@group-FC50999E9E77-SegmentedRaftLogWorker close()
2019-09-24 23:01:15,393 [ForkJoinPool.commonPool-worker-0] INFO  segmented.SegmentedRaftLogWorker (SegmentedRaftLogWorker.java:close(228)) - 388b7cca-9c2c-4db0-aaac-d908992fc736@group-53F6125C0DC6-SegmentedRaftLogWorker close()
2019-09-24 23:01:15,395 [main] INFO  server.GrpcService (GrpcService.java:closeImpl(164)) - 3a9ef4cb-9f73-43f2-9ef0-73623fc2079e: shutdown server with port 39459 now
2019-09-24 23:01:15,397 [ForkJoinPool.commonPool-worker-0] INFO  server.GrpcService (GrpcService.java:closeImpl(164)) - 388b7cca-9c2c-4db0-aaac-d908992fc736: shutdown server with port 36990 now
2019-09-24 23:01:15,401 [main] INFO  server.GrpcService (GrpcService.java:closeImpl(172)) - 3a9ef4cb-9f73-43f2-9ef0-73623fc2079e: shutdown server with port 39459 successfully
2019-09-24 23:01:15,401 [grpc-default-executor-3] WARN  server.GrpcServerProtocolService (LogUtils.java:warn(134)) - 3a9ef4cb-9f73-43f2-9ef0-73623fc2079e: installSnapshot onError, lastRequest: 8cdd0bc1-cb69-4d0a-8907-e53e57dcd550->3a9ef4cb-9f73-43f2-9ef0-73623fc2079e#225-t4, previous=(t:4, i:0), leaderCommit=0, initializing? false, entries: <empty>: org.apache.ratis.thirdparty.io.grpc.StatusRuntimeException: CANCELLED: cancelled before receiving half close
2019-09-24 23:01:15,402 [grpc-default-executor-5] WARN  server.GrpcServerProtocolService (LogUtils.java:warn(134)) - 388b7cca-9c2c-4db0-aaac-d908992fc736: installSnapshot onError, lastRequest: aaae994b-a16f-4482-b826-2f4e81d538e1->388b7cca-9c2c-4db0-aaac-d908992fc736#230-t1, previous=(t:1, i:0), leaderCommit=0, initializing? false, entries: <empty>: org.apache.ratis.thirdparty.io.grpc.StatusRuntimeException: CANCELLED: cancelled before receiving half close
2019-09-24 23:01:15,402 [ForkJoinPool.commonPool-worker-0] INFO  server.GrpcService (GrpcService.java:closeImpl(172)) - 388b7cca-9c2c-4db0-aaac-d908992fc736: shutdown server with port 36990 successfully
2019-09-24 23:01:15,402 [grpc-default-executor-6] WARN  server.GrpcLogAppender (LogUtils.java:warn(134)) - 8cdd0bc1-cb69-4d0a-8907-e53e57dcd550@group-90EC4100B693->3a9ef4cb-9f73-43f2-9ef0-73623fc2079e-AppendLogResponseHandler: Failed appendEntries: org.apache.ratis.thirdparty.io.grpc.StatusRuntimeException: CANCELLED: HTTP/2 error code: CANCEL
Received Rst Stream
2019-09-24 23:01:15,405 [grpc-default-executor-7] WARN  server.GrpcLogAppender (LogUtils.java:warn(134)) - aaae994b-a16f-4482-b826-2f4e81d538e1@group-53F6125C0DC6->388b7cca-9c2c-4db0-aaac-d908992fc736-AppendLogResponseHandler: Failed appendEntries: org.apache.ratis.thirdparty.io.grpc.StatusRuntimeException: CANCELLED: HTTP/2 error code: CANCEL
Received Rst Stream
2019-09-24 23:01:15,406 [refreshUsed-/workdir/hadoop-ozone/integration-test/target/test-dir/MiniOzoneClusterImpl-c5523c91-7035-4a19-985c-37f1f8f0fe10/datanode-3/data/containers] WARN  fs.CachingGetSpaceUsed (CachingGetSpaceUsed.java:run(183)) - Thread Interrupted waiting to refresh disk information: sleep interrupted
2019-09-24 23:01:15,406 [grpc-default-executor-6] INFO  impl.FollowerInfo (FollowerInfo.java:lambda$new$0(51)) - 8cdd0bc1-cb69-4d0a-8907-e53e57dcd550@group-90EC4100B693->3a9ef4cb-9f73-43f2-9ef0-73623fc2079e: nextIndex: updateUnconditionally 1 -> 0
2019-09-24 23:01:15,406 [grpc-default-executor-7] INFO  impl.FollowerInfo (FollowerInfo.java:lambda$new$0(51)) - aaae994b-a16f-4482-b826-2f4e81d538e1@group-53F6125C0DC6->388b7cca-9c2c-4db0-aaac-d908992fc736: nextIndex: updateUnconditionally 1 -> 0
2019-09-24 23:01:15,408 [refreshUsed-/workdir/hadoop-ozone/integration-test/target/test-dir/MiniOzoneClusterImpl-c5523c91-7035-4a19-985c-37f1f8f0fe10/datanode-1/data/containers] WARN  fs.CachingGetSpaceUsed (CachingGetSpaceUsed.java:run(183)) - Thread Interrupted waiting to refresh disk information: sleep interrupted
2019-09-24 23:01:15,430 [main] INFO  utils.BackgroundService (BackgroundService.java:shutdown(148)) - Shutting down service BlockDeletingService
2019-09-24 23:01:15,430 [ForkJoinPool.commonPool-worker-0] INFO  utils.BackgroundService (BackgroundService.java:shutdown(148)) - Shutting down service BlockDeletingService
2019-09-24 23:01:15,436 [ForkJoinPool.commonPool-worker-0] INFO  statemachine.DatanodeStateMachine (DatanodeStateMachine.java:stopDaemon(395)) - Ozone container server stopped.
2019-09-24 23:01:15,438 [main] INFO  statemachine.DatanodeStateMachine (DatanodeStateMachine.java:stopDaemon(395)) - Ozone container server stopped.
2019-09-24 23:01:15,444 [ForkJoinPool.commonPool-worker-0] INFO  handler.ContextHandler (ContextHandler.java:doStop(910)) - Stopped o.e.j.w.WebAppContext@670f2466{/,null,UNAVAILABLE}{/hddsDatanode}
2019-09-24 23:01:15,444 [main] INFO  handler.ContextHandler (ContextHandler.java:doStop(910)) - Stopped o.e.j.w.WebAppContext@43c57161{/,null,UNAVAILABLE}{/hddsDatanode}
2019-09-24 23:01:15,445 [ForkJoinPool.commonPool-worker-0] INFO  server.AbstractConnector (AbstractConnector.java:doStop(318)) - Stopped ServerConnector@6e03db1f{HTTP/1.1,[http/1.1]}{0.0.0.0:0}
2019-09-24 23:01:15,445 [main] INFO  server.AbstractConnector (AbstractConnector.java:doStop(318)) - Stopped ServerConnector@d902300{HTTP/1.1,[http/1.1]}{0.0.0.0:0}
2019-09-24 23:01:15,447 [ForkJoinPool.commonPool-worker-0] INFO  handler.ContextHandler (ContextHandler.java:doStop(910)) - Stopped o.e.j.s.ServletContextHandler@e111c7c{/static,jar:file:/home/user/.m2/repository/org/apache/hadoop/hadoop-hdds-container-service/0.5.0-SNAPSHOT/hadoop-hdds-container-service-0.5.0-SNAPSHOT.jar!/webapps/static,UNAVAILABLE}
2019-09-24 23:01:15,447 [main] INFO  handler.ContextHandler (ContextHandler.java:doStop(910)) - Stopped o.e.j.s.ServletContextHandler@25f15f50{/static,jar:file:/home/user/.m2/repository/org/apache/hadoop/hadoop-hdds-container-service/0.5.0-SNAPSHOT/hadoop-hdds-container-service-0.5.0-SNAPSHOT.jar!/webapps/static,UNAVAILABLE}
2019-09-24 23:01:15,448 [ForkJoinPool.commonPool-worker-0] INFO  handler.ContextHandler (ContextHandler.java:doStop(910)) - Stopped o.e.j.s.ServletContextHandler@b3e86d5{/logs,file:///workdir/hadoop-ozone/integration-test/target/log,UNAVAILABLE}
2019-09-24 23:01:15,449 [main] INFO  handler.ContextHandler (ContextHandler.java:doStop(910)) - Stopped o.e.j.s.ServletContextHandler@7a3b7122{/logs,file:///workdir/hadoop-ozone/integration-test/target/log,UNAVAILABLE}
2019-09-24 23:01:15,828 [grpc-default-executor-6] WARN  server.GrpcLogAppender (LogUtils.java:warn(134)) - 8cdd0bc1-cb69-4d0a-8907-e53e57dcd550@group-90EC4100B693->3a9ef4cb-9f73-43f2-9ef0-73623fc2079e-AppendLogResponseHandler: Failed appendEntries: org.apache.ratis.thirdparty.io.grpc.StatusRuntimeException: UNAVAILABLE: io exception
2019-09-24 23:01:15,828 [grpc-default-executor-6] INFO  impl.FollowerInfo (FollowerInfo.java:lambda$new$0(51)) - 8cdd0bc1-cb69-4d0a-8907-e53e57dcd550@group-90EC4100B693->3a9ef4cb-9f73-43f2-9ef0-73623fc2079e: nextIndex: updateUnconditionally 0 -> 0
2019-09-24 23:01:15,833 [grpc-default-executor-5] WARN  server.GrpcLogAppender (LogUtils.java:warn(134)) - aaae994b-a16f-4482-b826-2f4e81d538e1@group-53F6125C0DC6->388b7cca-9c2c-4db0-aaac-d908992fc736-AppendLogResponseHandler: Failed appendEntries: org.apache.ratis.thirdparty.io.grpc.StatusRuntimeException: UNAVAILABLE: io exception
2019-09-24 23:01:15,833 [grpc-default-executor-5] INFO  impl.FollowerInfo (FollowerInfo.java:lambda$new$0(51)) - aaae994b-a16f-4482-b826-2f4e81d538e1@group-53F6125C0DC6->388b7cca-9c2c-4db0-aaac-d908992fc736: nextIndex: updateUnconditionally 0 -> 0
2019-09-24 23:01:15,920 [Datanode State Machine Thread - 0] INFO  statemachine.DatanodeStateMachine (DatanodeStateMachine.java:lambda$startDaemon$0(350)) - Ozone container server started.
2019-09-24 23:01:16,214 [Datanode State Machine Thread - 0] INFO  statemachine.DatanodeStateMachine (DatanodeStateMachine.java:lambda$startDaemon$0(350)) - Ozone container server started.
2019-09-24 23:01:16,326 [grpc-default-executor-6] WARN  server.GrpcLogAppender (LogUtils.java:warn(134)) - 8cdd0bc1-cb69-4d0a-8907-e53e57dcd550@group-90EC4100B693->3a9ef4cb-9f73-43f2-9ef0-73623fc2079e-AppendLogResponseHandler: Failed appendEntries: org.apache.ratis.thirdparty.io.grpc.StatusRuntimeException: UNAVAILABLE: io exception
2019-09-24 23:01:16,327 [grpc-default-executor-6] INFO  impl.FollowerInfo (FollowerInfo.java:lambda$new$0(51)) - 8cdd0bc1-cb69-4d0a-8907-e53e57dcd550@group-90EC4100B693->3a9ef4cb-9f73-43f2-9ef0-73623fc2079e: nextIndex: updateUnconditionally 0 -> 0
2019-09-24 23:01:16,334 [grpc-default-executor-7] WARN  server.GrpcLogAppender (LogUtils.java:warn(134)) - aaae994b-a16f-4482-b826-2f4e81d538e1@group-53F6125C0DC6->388b7cca-9c2c-4db0-aaac-d908992fc736-AppendLogResponseHandler: Failed appendEntries: org.apache.ratis.thirdparty.io.grpc.StatusRuntimeException: UNAVAILABLE: io exception
2019-09-24 23:01:16,334 [grpc-default-executor-7] INFO  impl.FollowerInfo (FollowerInfo.java:lambda$new$0(51)) - aaae994b-a16f-4482-b826-2f4e81d538e1@group-53F6125C0DC6->388b7cca-9c2c-4db0-aaac-d908992fc736: nextIndex: updateUnconditionally 0 -> 0
2019-09-24 23:01:16,828 [grpc-default-executor-5] WARN  server.GrpcLogAppender (LogUtils.java:warn(134)) - 8cdd0bc1-cb69-4d0a-8907-e53e57dcd550@group-90EC4100B693->3a9ef4cb-9f73-43f2-9ef0-73623fc2079e-AppendLogResponseHandler: Failed appendEntries: org.apache.ratis.thirdparty.io.grpc.StatusRuntimeException: UNAVAILABLE: io exception
2019-09-24 23:01:16,828 [grpc-default-executor-5] INFO  impl.FollowerInfo (FollowerInfo.java:lambda$new$0(51)) - 8cdd0bc1-cb69-4d0a-8907-e53e57dcd550@group-90EC4100B693->3a9ef4cb-9f73-43f2-9ef0-73623fc2079e: nextIndex: updateUnconditionally 0 -> 0
2019-09-24 23:01:16,835 [grpc-default-executor-6] WARN  server.GrpcLogAppender (LogUtils.java:warn(134)) - aaae994b-a16f-4482-b826-2f4e81d538e1@group-53F6125C0DC6->388b7cca-9c2c-4db0-aaac-d908992fc736-AppendLogResponseHandler: Failed appendEntries: org.apache.ratis.thirdparty.io.grpc.StatusRuntimeException: UNAVAILABLE: io exception
2019-09-24 23:01:16,835 [grpc-default-executor-6] INFO  impl.FollowerInfo (FollowerInfo.java:lambda$new$0(51)) - aaae994b-a16f-4482-b826-2f4e81d538e1@group-53F6125C0DC6->388b7cca-9c2c-4db0-aaac-d908992fc736: nextIndex: updateUnconditionally 0 -> 0
2019-09-24 23:01:17,328 [grpc-default-executor-7] WARN  server.GrpcLogAppender (LogUtils.java:warn(134)) - 8cdd0bc1-cb69-4d0a-8907-e53e57dcd550@group-90EC4100B693->3a9ef4cb-9f73-43f2-9ef0-73623fc2079e-AppendLogResponseHandler: Failed appendEntries: org.apache.ratis.thirdparty.io.grpc.StatusRuntimeException: UNAVAILABLE: io exception
2019-09-24 23:01:17,329 [grpc-default-executor-7] INFO  impl.FollowerInfo (FollowerInfo.java:lambda$new$0(51)) - 8cdd0bc1-cb69-4d0a-8907-e53e57dcd550@group-90EC4100B693->3a9ef4cb-9f73-43f2-9ef0-73623fc2079e: nextIndex: updateUnconditionally 0 -> 0
2019-09-24 23:01:17,335 [grpc-default-executor-5] WARN  server.GrpcLogAppender (LogUtils.java:warn(134)) - aaae994b-a16f-4482-b826-2f4e81d538e1@group-53F6125C0DC6->388b7cca-9c2c-4db0-aaac-d908992fc736-AppendLogResponseHandler: Failed appendEntries: org.apache.ratis.thirdparty.io.grpc.StatusRuntimeException: UNAVAILABLE: io exception
2019-09-24 23:01:17,336 [grpc-default-executor-5] INFO  impl.FollowerInfo (FollowerInfo.java:lambda$new$0(51)) - aaae994b-a16f-4482-b826-2f4e81d538e1@group-53F6125C0DC6->388b7cca-9c2c-4db0-aaac-d908992fc736: nextIndex: updateUnconditionally 0 -> 0
2019-09-24 23:01:17,829 [grpc-default-executor-6] WARN  server.GrpcLogAppender (LogUtils.java:warn(134)) - 8cdd0bc1-cb69-4d0a-8907-e53e57dcd550@group-90EC4100B693->3a9ef4cb-9f73-43f2-9ef0-73623fc2079e-AppendLogResponseHandler: Failed appendEntries: org.apache.ratis.thirdparty.io.grpc.StatusRuntimeException: UNAVAILABLE: io exception
2019-09-24 23:01:17,830 [grpc-default-executor-6] INFO  impl.FollowerInfo (FollowerInfo.java:lambda$new$0(51)) - 8cdd0bc1-cb69-4d0a-8907-e53e57dcd550@group-90EC4100B693->3a9ef4cb-9f73-43f2-9ef0-73623fc2079e: nextIndex: updateUnconditionally 0 -> 0
2019-09-24 23:01:17,836 [grpc-default-executor-5] WARN  server.GrpcLogAppender (LogUtils.java:warn(134)) - aaae994b-a16f-4482-b826-2f4e81d538e1@group-53F6125C0DC6->388b7cca-9c2c-4db0-aaac-d908992fc736-AppendLogResponseHandler: Failed appendEntries: org.apache.ratis.thirdparty.io.grpc.StatusRuntimeException: UNAVAILABLE: io exception
2019-09-24 23:01:17,837 [grpc-default-executor-5] INFO  impl.FollowerInfo (FollowerInfo.java:lambda$new$0(51)) - aaae994b-a16f-4482-b826-2f4e81d538e1@group-53F6125C0DC6->388b7cca-9c2c-4db0-aaac-d908992fc736: nextIndex: updateUnconditionally 0 -> 0
2019-09-24 23:01:18,331 [grpc-default-executor-7] WARN  server.GrpcLogAppender (LogUtils.java:warn(134)) - 8cdd0bc1-cb69-4d0a-8907-e53e57dcd550@group-90EC4100B693->3a9ef4cb-9f73-43f2-9ef0-73623fc2079e-AppendLogResponseHandler: Failed appendEntries: org.apache.ratis.thirdparty.io.grpc.StatusRuntimeException: UNAVAILABLE: io exception
2019-09-24 23:01:18,331 [grpc-default-executor-7] INFO  impl.FollowerInfo (FollowerInfo.java:lambda$new$0(51)) - 8cdd0bc1-cb69-4d0a-8907-e53e57dcd550@group-90EC4100B693->3a9ef4cb-9f73-43f2-9ef0-73623fc2079e: nextIndex: updateUnconditionally 0 -> 0
2019-09-24 23:01:18,337 [grpc-default-executor-5] WARN  server.GrpcLogAppender (LogUtils.java:warn(134)) - aaae994b-a16f-4482-b826-2f4e81d538e1@group-53F6125C0DC6->388b7cca-9c2c-4db0-aaac-d908992fc736-AppendLogResponseHandler: Failed appendEntries: org.apache.ratis.thirdparty.io.grpc.StatusRuntimeException: UNAVAILABLE: io exception
2019-09-24 23:01:18,337 [grpc-default-executor-5] INFO  impl.FollowerInfo (FollowerInfo.java:lambda$new$0(51)) - aaae994b-a16f-4482-b826-2f4e81d538e1@group-53F6125C0DC6->388b7cca-9c2c-4db0-aaac-d908992fc736: nextIndex: updateUnconditionally 0 -> 0
2019-09-24 23:01:18,831 [grpc-default-executor-6] WARN  server.GrpcLogAppender (LogUtils.java:warn(134)) - 8cdd0bc1-cb69-4d0a-8907-e53e57dcd550@group-90EC4100B693->3a9ef4cb-9f73-43f2-9ef0-73623fc2079e-AppendLogResponseHandler: Failed appendEntries: org.apache.ratis.thirdparty.io.grpc.StatusRuntimeException: UNAVAILABLE: io exception
2019-09-24 23:01:18,832 [grpc-default-executor-6] INFO  impl.FollowerInfo (FollowerInfo.java:lambda$new$0(51)) - 8cdd0bc1-cb69-4d0a-8907-e53e57dcd550@group-90EC4100B693->3a9ef4cb-9f73-43f2-9ef0-73623fc2079e: nextIndex: updateUnconditionally 0 -> 0
2019-09-24 23:01:18,838 [grpc-default-executor-3] WARN  server.GrpcLogAppender (LogUtils.java:warn(134)) - aaae994b-a16f-4482-b826-2f4e81d538e1@group-53F6125C0DC6->388b7cca-9c2c-4db0-aaac-d908992fc736-AppendLogResponseHandler: Failed appendEntries: org.apache.ratis.thirdparty.io.grpc.StatusRuntimeException: UNAVAILABLE: io exception
2019-09-24 23:01:18,838 [grpc-default-executor-3] INFO  impl.FollowerInfo (FollowerInfo.java:lambda$new$0(51)) - aaae994b-a16f-4482-b826-2f4e81d538e1@group-53F6125C0DC6->388b7cca-9c2c-4db0-aaac-d908992fc736: nextIndex: updateUnconditionally 0 -> 0
2019-09-24 23:01:19,333 [grpc-default-executor-6] WARN  server.GrpcLogAppender (LogUtils.java:warn(134)) - 8cdd0bc1-cb69-4d0a-8907-e53e57dcd550@group-90EC4100B693->3a9ef4cb-9f73-43f2-9ef0-73623fc2079e-AppendLogResponseHandler: Failed appendEntries: org.apache.ratis.thirdparty.io.grpc.StatusRuntimeException: UNAVAILABLE: io exception
2019-09-24 23:01:19,333 [grpc-default-executor-6] INFO  impl.FollowerInfo (FollowerInfo.java:lambda$new$0(51)) - 8cdd0bc1-cb69-4d0a-8907-e53e57dcd550@group-90EC4100B693->3a9ef4cb-9f73-43f2-9ef0-73623fc2079e: nextIndex: updateUnconditionally 0 -> 0
2019-09-24 23:01:19,339 [grpc-default-executor-7] WARN  server.GrpcLogAppender (LogUtils.java:warn(134)) - aaae994b-a16f-4482-b826-2f4e81d538e1@group-53F6125C0DC6->388b7cca-9c2c-4db0-aaac-d908992fc736-AppendLogResponseHandler: Failed appendEntries: org.apache.ratis.thirdparty.io.grpc.StatusRuntimeException: UNAVAILABLE: io exception
2019-09-24 23:01:19,339 [grpc-default-executor-7] INFO  impl.FollowerInfo (FollowerInfo.java:lambda$new$0(51)) - aaae994b-a16f-4482-b826-2f4e81d538e1@group-53F6125C0DC6->388b7cca-9c2c-4db0-aaac-d908992fc736: nextIndex: updateUnconditionally 0 -> 0
2019-09-24 23:01:19,834 [grpc-default-executor-3] WARN  server.GrpcLogAppender (LogUtils.java:warn(134)) - 8cdd0bc1-cb69-4d0a-8907-e53e57dcd550@group-90EC4100B693->3a9ef4cb-9f73-43f2-9ef0-73623fc2079e-AppendLogResponseHandler: Failed appendEntries: org.apache.ratis.thirdparty.io.grpc.StatusRuntimeException: UNAVAILABLE: io exception
2019-09-24 23:01:19,835 [grpc-default-executor-3] INFO  impl.FollowerInfo (FollowerInfo.java:lambda$new$0(51)) - 8cdd0bc1-cb69-4d0a-8907-e53e57dcd550@group-90EC4100B693->3a9ef4cb-9f73-43f2-9ef0-73623fc2079e: nextIndex: updateUnconditionally 0 -> 0
2019-09-24 23:01:19,840 [grpc-default-executor-7] WARN  server.GrpcLogAppender (LogUtils.java:warn(134)) - aaae994b-a16f-4482-b826-2f4e81d538e1@group-53F6125C0DC6->388b7cca-9c2c-4db0-aaac-d908992fc736-AppendLogResponseHandler: Failed appendEntries: org.apache.ratis.thirdparty.io.grpc.StatusRuntimeException: UNAVAILABLE: io exception
2019-09-24 23:01:19,840 [grpc-default-executor-7] INFO  impl.FollowerInfo (FollowerInfo.java:lambda$new$0(51)) - aaae994b-a16f-4482-b826-2f4e81d538e1@group-53F6125C0DC6->388b7cca-9c2c-4db0-aaac-d908992fc736: nextIndex: updateUnconditionally 0 -> 0
2019-09-24 23:01:20,334 [grpc-default-executor-6] WARN  server.GrpcLogAppender (LogUtils.java:warn(134)) - 8cdd0bc1-cb69-4d0a-8907-e53e57dcd550@group-90EC4100B693->3a9ef4cb-9f73-43f2-9ef0-73623fc2079e-AppendLogResponseHandler: Failed appendEntries: org.apache.ratis.thirdparty.io.grpc.StatusRuntimeException: UNAVAILABLE: io exception
2019-09-24 23:01:20,334 [grpc-default-executor-6] INFO  impl.FollowerInfo (FollowerInfo.java:lambda$new$0(51)) - 8cdd0bc1-cb69-4d0a-8907-e53e57dcd550@group-90EC4100B693->3a9ef4cb-9f73-43f2-9ef0-73623fc2079e: nextIndex: updateUnconditionally 0 -> 0
2019-09-24 23:01:20,340 [grpc-default-executor-3] WARN  server.GrpcLogAppender (LogUtils.java:warn(134)) - aaae994b-a16f-4482-b826-2f4e81d538e1@group-53F6125C0DC6->388b7cca-9c2c-4db0-aaac-d908992fc736-AppendLogResponseHandler: Failed appendEntries: org.apache.ratis.thirdparty.io.grpc.StatusRuntimeException: UNAVAILABLE: io exception
2019-09-24 23:01:20,341 [grpc-default-executor-3] INFO  impl.FollowerInfo (FollowerInfo.java:lambda$new$0(51)) - aaae994b-a16f-4482-b826-2f4e81d538e1@group-53F6125C0DC6->388b7cca-9c2c-4db0-aaac-d908992fc736: nextIndex: updateUnconditionally 0 -> 0
2019-09-24 23:01:20,451 [ForkJoinPool.commonPool-worker-0] INFO  ozoneimpl.OzoneContainer (OzoneContainer.java:stop(231)) - Attempting to stop container services.
2019-09-24 23:01:20,451 [main] INFO  ozoneimpl.OzoneContainer (OzoneContainer.java:stop(231)) - Attempting to stop container services.
2019-09-24 23:01:20,452 [ForkJoinPool.commonPool-worker-0] INFO  impl.RaftServerProxy (RaftServerProxy.java:lambda$close$4(314)) - aaae994b-a16f-4482-b826-2f4e81d538e1: close
2019-09-24 23:01:20,452 [main] INFO  impl.RaftServerProxy (RaftServerProxy.java:lambda$close$4(314)) - 8cdd0bc1-cb69-4d0a-8907-e53e57dcd550: close
2019-09-24 23:01:20,452 [ForkJoinPool.commonPool-worker-0] INFO  impl.RaftServerImpl (RaftServerImpl.java:lambda$shutdown$3(251)) - aaae994b-a16f-4482-b826-2f4e81d538e1@group-6EA04288C9EE: shutdown
2019-09-24 23:01:20,453 [main] INFO  impl.RaftServerImpl (RaftServerImpl.java:lambda$shutdown$3(251)) - 8cdd0bc1-cb69-4d0a-8907-e53e57dcd550@group-90EC4100B693: shutdown
2019-09-24 23:01:20,453 [ForkJoinPool.commonPool-worker-0] INFO  util.JmxRegister (JmxRegister.java:unregister(73)) - Successfully un-registered JMX Bean with object name Ratis:service=RaftServer,group=group-6EA04288C9EE,id=aaae994b-a16f-4482-b826-2f4e81d538e1
2019-09-24 23:01:20,454 [main] INFO  util.JmxRegister (JmxRegister.java:unregister(73)) - Successfully un-registered JMX Bean with object name Ratis:service=RaftServer,group=group-90EC4100B693,id=8cdd0bc1-cb69-4d0a-8907-e53e57dcd550
2019-09-24 23:01:20,454 [ForkJoinPool.commonPool-worker-0] INFO  impl.RoleInfo (RoleInfo.java:shutdownLeaderState(104)) - aaae994b-a16f-4482-b826-2f4e81d538e1: shutdown LeaderState
2019-09-24 23:01:20,454 [main] INFO  impl.RoleInfo (RoleInfo.java:shutdownLeaderState(104)) - 8cdd0bc1-cb69-4d0a-8907-e53e57dcd550: shutdown LeaderState
2019-09-24 23:01:20,455 [ForkJoinPool.commonPool-worker-0] INFO  impl.PendingRequests (PendingRequests.java:sendNotLeaderResponses(202)) - aaae994b-a16f-4482-b826-2f4e81d538e1-PendingRequests: sendNotLeaderResponses
2019-09-24 23:01:20,459 [org.apache.ratis.server.impl.LogAppender$AppenderDaemon$$Lambda$406/1092961043@3b30ccf6] WARN  server.GrpcLogAppender (GrpcLogAppender.java:mayWait(143)) - 8cdd0bc1-cb69-4d0a-8907-e53e57dcd550@group-90EC4100B693->3a9ef4cb-9f73-43f2-9ef0-73623fc2079e-GrpcLogAppender: Wait interrupted by java.lang.InterruptedException
2019-09-24 23:01:20,459 [ForkJoinPool.commonPool-worker-0] INFO  impl.StateMachineUpdater (StateMachineUpdater.java:stopAndJoin(125)) - aaae994b-a16f-4482-b826-2f4e81d538e1@group-6EA04288C9EE-StateMachineUpdater: set stopIndex = 0
2019-09-24 23:01:20,459 [main] INFO  impl.PendingRequests (PendingRequests.java:sendNotLeaderResponses(202)) - 8cdd0bc1-cb69-4d0a-8907-e53e57dcd550-PendingRequests: sendNotLeaderResponses
2019-09-24 23:01:20,459 [org.apache.ratis.server.impl.LogAppender$AppenderDaemon$$Lambda$406/1092961043@26447385] WARN  server.GrpcLogAppender (GrpcLogAppender.java:mayWait(143)) - 8cdd0bc1-cb69-4d0a-8907-e53e57dcd550@group-90EC4100B693->4b299780-dc83-45c0-badb-1ce934706cf1-GrpcLogAppender: Wait interrupted by java.lang.InterruptedException
2019-09-24 23:01:20,460 [main] INFO  impl.StateMachineUpdater (StateMachineUpdater.java:stopAndJoin(125)) - 8cdd0bc1-cb69-4d0a-8907-e53e57dcd550@group-90EC4100B693-StateMachineUpdater: set stopIndex = 0
2019-09-24 23:01:20,460 [main] INFO  impl.RaftServerImpl (ServerState.java:close(385)) - 8cdd0bc1-cb69-4d0a-8907-e53e57dcd550@group-90EC4100B693: closes. applyIndex: 0
2019-09-24 23:01:20,459 [ForkJoinPool.commonPool-worker-0] INFO  impl.RaftServerImpl (ServerState.java:close(385)) - aaae994b-a16f-4482-b826-2f4e81d538e1@group-6EA04288C9EE: closes. applyIndex: 0
2019-09-24 23:01:20,461 [grpc-default-executor-3] INFO  server.GrpcServerProtocolService (GrpcServerProtocolService.java:onCompleted(113)) - 4b299780-dc83-45c0-badb-1ce934706cf1: Completed APPEND_ENTRIES, lastRequest: 8cdd0bc1-cb69-4d0a-8907-e53e57dcd550->4b299780-dc83-45c0-badb-1ce934706cf1#235-t4, previous=(t:4, i:0), leaderCommit=0, initializing? false, entries: <empty>
2019-09-24 23:01:20,462 [aaae994b-a16f-4482-b826-2f4e81d538e1@group-6EA04288C9EE-SegmentedRaftLogWorker] INFO  segmented.SegmentedRaftLogWorker (SegmentedRaftLogWorker.java:run(313)) - aaae994b-a16f-4482-b826-2f4e81d538e1@group-6EA04288C9EE-SegmentedRaftLogWorker was interrupted, exiting. There are 0 tasks remaining in the queue.
2019-09-24 23:01:20,461 [8cdd0bc1-cb69-4d0a-8907-e53e57dcd550@group-90EC4100B693-SegmentedRaftLogWorker] INFO  segmented.SegmentedRaftLogWorker (SegmentedRaftLogWorker.java:run(313)) - 8cdd0bc1-cb69-4d0a-8907-e53e57dcd550@group-90EC4100B693-SegmentedRaftLogWorker was interrupted, exiting. There are 0 tasks remaining in the queue.
2019-09-24 23:01:20,465 [ForkJoinPool.commonPool-worker-0] INFO  segmented.SegmentedRaftLogWorker (SegmentedRaftLogWorker.java:close(228)) - aaae994b-a16f-4482-b826-2f4e81d538e1@group-6EA04288C9EE-SegmentedRaftLogWorker close()
2019-09-24 23:01:20,468 [ForkJoinPool.commonPool-worker-0] INFO  impl.RaftServerImpl (RaftServerImpl.java:lambda$shutdown$3(251)) - aaae994b-a16f-4482-b826-2f4e81d538e1@group-53F6125C0DC6: shutdown
2019-09-24 23:01:20,468 [grpc-default-executor-6] INFO  server.GrpcLogAppender (GrpcLogAppender.java:onCompleted(293)) - 8cdd0bc1-cb69-4d0a-8907-e53e57dcd550@group-90EC4100B693->4b299780-dc83-45c0-badb-1ce934706cf1-AppendLogResponseHandler: follower responses appendEntries COMPLETED
2019-09-24 23:01:20,468 [ForkJoinPool.commonPool-worker-0] INFO  util.JmxRegister (JmxRegister.java:unregister(73)) - Successfully un-registered JMX Bean with object name Ratis:service=RaftServer,group=group-53F6125C0DC6,id=aaae994b-a16f-4482-b826-2f4e81d538e1
2019-09-24 23:01:20,468 [grpc-default-executor-6] INFO  impl.FollowerInfo (FollowerInfo.java:lambda$new$0(51)) - 8cdd0bc1-cb69-4d0a-8907-e53e57dcd550@group-90EC4100B693->4b299780-dc83-45c0-badb-1ce934706cf1: nextIndex: updateUnconditionally 1 -> 0
2019-09-24 23:01:20,468 [ForkJoinPool.commonPool-worker-0] INFO  impl.RoleInfo (RoleInfo.java:shutdownLeaderState(104)) - aaae994b-a16f-4482-b826-2f4e81d538e1: shutdown LeaderState
2019-09-24 23:01:20,472 [ForkJoinPool.commonPool-worker-0] INFO  impl.PendingRequests (PendingRequests.java:sendNotLeaderResponses(202)) - aaae994b-a16f-4482-b826-2f4e81d538e1-PendingRequests: sendNotLeaderResponses
2019-09-24 23:01:20,472 [org.apache.ratis.server.impl.LogAppender$AppenderDaemon$$Lambda$406/1092961043@212fb4e2] WARN  server.GrpcLogAppender (GrpcLogAppender.java:mayWait(143)) - aaae994b-a16f-4482-b826-2f4e81d538e1@group-53F6125C0DC6->71bc6376-fb27-42ba-997c-6c3cc97d63c8-GrpcLogAppender: Wait interrupted by java.lang.InterruptedException
2019-09-24 23:01:20,472 [org.apache.ratis.server.impl.LogAppender$AppenderDaemon$$Lambda$406/1092961043@40073326] WARN  server.GrpcLogAppender (GrpcLogAppender.java:mayWait(143)) - aaae994b-a16f-4482-b826-2f4e81d538e1@group-53F6125C0DC6->388b7cca-9c2c-4db0-aaac-d908992fc736-GrpcLogAppender: Wait interrupted by java.lang.InterruptedException
2019-09-24 23:01:20,473 [ForkJoinPool.commonPool-worker-0] INFO  impl.StateMachineUpdater (StateMachineUpdater.java:stopAndJoin(125)) - aaae994b-a16f-4482-b826-2f4e81d538e1@group-53F6125C0DC6-StateMachineUpdater: set stopIndex = 0
2019-09-24 23:01:20,473 [grpc-default-executor-6] INFO  server.GrpcServerProtocolService (GrpcServerProtocolService.java:onCompleted(113)) - 71bc6376-fb27-42ba-997c-6c3cc97d63c8: Completed APPEND_ENTRIES, lastRequest: aaae994b-a16f-4482-b826-2f4e81d538e1->71bc6376-fb27-42ba-997c-6c3cc97d63c8#240-t1, previous=(t:1, i:0), leaderCommit=0, initializing? false, entries: <empty>
2019-09-24 23:01:20,473 [ForkJoinPool.commonPool-worker-0] INFO  impl.RaftServerImpl (ServerState.java:close(385)) - aaae994b-a16f-4482-b826-2f4e81d538e1@group-53F6125C0DC6: closes. applyIndex: 0
2019-09-24 23:01:20,474 [grpc-default-executor-6] INFO  server.GrpcLogAppender (GrpcLogAppender.java:onCompleted(293)) - aaae994b-a16f-4482-b826-2f4e81d538e1@group-53F6125C0DC6->71bc6376-fb27-42ba-997c-6c3cc97d63c8-AppendLogResponseHandler: follower responses appendEntries COMPLETED
2019-09-24 23:01:20,474 [aaae994b-a16f-4482-b826-2f4e81d538e1@group-53F6125C0DC6-SegmentedRaftLogWorker] INFO  segmented.SegmentedRaftLogWorker (SegmentedRaftLogWorker.java:run(313)) - aaae994b-a16f-4482-b826-2f4e81d538e1@group-53F6125C0DC6-SegmentedRaftLogWorker was interrupted, exiting. There are 0 tasks remaining in the queue.
2019-09-24 23:01:20,474 [grpc-default-executor-6] INFO  impl.FollowerInfo (FollowerInfo.java:lambda$new$0(51)) - aaae994b-a16f-4482-b826-2f4e81d538e1@group-53F6125C0DC6->71bc6376-fb27-42ba-997c-6c3cc97d63c8: nextIndex: updateUnconditionally 1 -> 0
2019-09-24 23:01:20,476 [ForkJoinPool.commonPool-worker-0] INFO  segmented.SegmentedRaftLogWorker (SegmentedRaftLogWorker.java:close(228)) - aaae994b-a16f-4482-b826-2f4e81d538e1@group-53F6125C0DC6-SegmentedRaftLogWorker close()
2019-09-24 23:01:20,476 [main] INFO  segmented.SegmentedRaftLogWorker (SegmentedRaftLogWorker.java:close(228)) - 8cdd0bc1-cb69-4d0a-8907-e53e57dcd550@group-90EC4100B693-SegmentedRaftLogWorker close()
2019-09-24 23:01:20,479 [ForkJoinPool.commonPool-worker-0] INFO  server.GrpcService (GrpcService.java:closeImpl(164)) - aaae994b-a16f-4482-b826-2f4e81d538e1: shutdown server with port 41609 now
2019-09-24 23:01:20,481 [main] INFO  impl.RaftServerImpl (RaftServerImpl.java:lambda$shutdown$3(251)) - 8cdd0bc1-cb69-4d0a-8907-e53e57dcd550@group-75FC4D260955: shutdown
2019-09-24 23:01:20,481 [ForkJoinPool.commonPool-worker-0] INFO  server.GrpcService (GrpcService.java:closeImpl(172)) - aaae994b-a16f-4482-b826-2f4e81d538e1: shutdown server with port 41609 successfully
2019-09-24 23:01:20,481 [main] INFO  util.JmxRegister (JmxRegister.java:unregister(73)) - Successfully un-registered JMX Bean with object name Ratis:service=RaftServer,group=group-75FC4D260955,id=8cdd0bc1-cb69-4d0a-8907-e53e57dcd550
2019-09-24 23:01:20,482 [main] INFO  impl.RoleInfo (RoleInfo.java:shutdownLeaderState(104)) - 8cdd0bc1-cb69-4d0a-8907-e53e57dcd550: shutdown LeaderState
2019-09-24 23:01:20,482 [main] INFO  impl.PendingRequests (PendingRequests.java:sendNotLeaderResponses(202)) - 8cdd0bc1-cb69-4d0a-8907-e53e57dcd550-PendingRequests: sendNotLeaderResponses
2019-09-24 23:01:20,483 [main] INFO  impl.StateMachineUpdater (StateMachineUpdater.java:stopAndJoin(125)) - 8cdd0bc1-cb69-4d0a-8907-e53e57dcd550@group-75FC4D260955-StateMachineUpdater: set stopIndex = 0
2019-09-24 23:01:20,483 [refreshUsed-/workdir/hadoop-ozone/integration-test/target/test-dir/MiniOzoneClusterImpl-c5523c91-7035-4a19-985c-37f1f8f0fe10/datanode-2/data/containers] WARN  fs.CachingGetSpaceUsed (CachingGetSpaceUsed.java:run(183)) - Thread Interrupted waiting to refresh disk information: sleep interrupted
2019-09-24 23:01:20,483 [main] INFO  impl.RaftServerImpl (ServerState.java:close(385)) - 8cdd0bc1-cb69-4d0a-8907-e53e57dcd550@group-75FC4D260955: closes. applyIndex: 0
2019-09-24 23:01:20,484 [8cdd0bc1-cb69-4d0a-8907-e53e57dcd550@group-75FC4D260955-SegmentedRaftLogWorker] INFO  segmented.SegmentedRaftLogWorker (SegmentedRaftLogWorker.java:run(313)) - 8cdd0bc1-cb69-4d0a-8907-e53e57dcd550@group-75FC4D260955-SegmentedRaftLogWorker was interrupted, exiting. There are 0 tasks remaining in the queue.
2019-09-24 23:01:20,486 [main] INFO  segmented.SegmentedRaftLogWorker (SegmentedRaftLogWorker.java:close(228)) - 8cdd0bc1-cb69-4d0a-8907-e53e57dcd550@group-75FC4D260955-SegmentedRaftLogWorker close()
2019-09-24 23:01:20,488 [main] INFO  server.GrpcService (GrpcService.java:closeImpl(164)) - 8cdd0bc1-cb69-4d0a-8907-e53e57dcd550: shutdown server with port 44259 now
2019-09-24 23:01:20,489 [main] INFO  server.GrpcService (GrpcService.java:closeImpl(172)) - 8cdd0bc1-cb69-4d0a-8907-e53e57dcd550: shutdown server with port 44259 successfully
2019-09-24 23:01:20,496 [refreshUsed-/workdir/hadoop-ozone/integration-test/target/test-dir/MiniOzoneClusterImpl-c5523c91-7035-4a19-985c-37f1f8f0fe10/datanode-5/data/containers] WARN  fs.CachingGetSpaceUsed (CachingGetSpaceUsed.java:run(183)) - Thread Interrupted waiting to refresh disk information: sleep interrupted
2019-09-24 23:01:20,507 [ForkJoinPool.commonPool-worker-0] INFO  utils.BackgroundService (BackgroundService.java:shutdown(148)) - Shutting down service BlockDeletingService
2019-09-24 23:01:20,511 [ForkJoinPool.commonPool-worker-0] INFO  statemachine.DatanodeStateMachine (DatanodeStateMachine.java:stopDaemon(395)) - Ozone container server stopped.
2019-09-24 23:01:20,517 [main] INFO  utils.BackgroundService (BackgroundService.java:shutdown(148)) - Shutting down service BlockDeletingService
2019-09-24 23:01:20,521 [main] INFO  statemachine.DatanodeStateMachine (DatanodeStateMachine.java:stopDaemon(395)) - Ozone container server stopped.
2019-09-24 23:01:20,526 [ForkJoinPool.commonPool-worker-0] INFO  handler.ContextHandler (ContextHandler.java:doStop(910)) - Stopped o.e.j.w.WebAppContext@71adfedd{/,null,UNAVAILABLE}{/hddsDatanode}
2019-09-24 23:01:20,526 [main] INFO  handler.ContextHandler (ContextHandler.java:doStop(910)) - Stopped o.e.j.w.WebAppContext@16736040{/,null,UNAVAILABLE}{/hddsDatanode}
2019-09-24 23:01:20,527 [ForkJoinPool.commonPool-worker-0] INFO  server.AbstractConnector (AbstractConnector.java:doStop(318)) - Stopped ServerConnector@9301672{HTTP/1.1,[http/1.1]}{0.0.0.0:0}
2019-09-24 23:01:20,527 [main] INFO  server.AbstractConnector (AbstractConnector.java:doStop(318)) - Stopped ServerConnector@7c5d1d25{HTTP/1.1,[http/1.1]}{0.0.0.0:0}
2019-09-24 23:01:20,532 [ForkJoinPool.commonPool-worker-0] INFO  handler.ContextHandler (ContextHandler.java:doStop(910)) - Stopped o.e.j.s.ServletContextHandler@3bb5ceb{/static,jar:file:/home/user/.m2/repository/org/apache/hadoop/hadoop-hdds-container-service/0.5.0-SNAPSHOT/hadoop-hdds-container-service-0.5.0-SNAPSHOT.jar!/webapps/static,UNAVAILABLE}
2019-09-24 23:01:20,533 [main] INFO  handler.ContextHandler (ContextHandler.java:doStop(910)) - Stopped o.e.j.s.ServletContextHandler@3a3ed300{/static,jar:file:/home/user/.m2/repository/org/apache/hadoop/hadoop-hdds-container-service/0.5.0-SNAPSHOT/hadoop-hdds-container-service-0.5.0-SNAPSHOT.jar!/webapps/static,UNAVAILABLE}
2019-09-24 23:01:20,533 [ForkJoinPool.commonPool-worker-0] INFO  handler.ContextHandler (ContextHandler.java:doStop(910)) - Stopped o.e.j.s.ServletContextHandler@6d091cad{/logs,file:///workdir/hadoop-ozone/integration-test/target/log,UNAVAILABLE}
2019-09-24 23:01:20,533 [main] INFO  handler.ContextHandler (ContextHandler.java:doStop(910)) - Stopped o.e.j.s.ServletContextHandler@3472947a{/logs,file:///workdir/hadoop-ozone/integration-test/target/log,UNAVAILABLE}
2019-09-24 23:01:20,789 [Datanode State Machine Thread - 0] INFO  statemachine.DatanodeStateMachine (DatanodeStateMachine.java:lambda$startDaemon$0(350)) - Ozone container server started.
2019-09-24 23:01:21,212 [Datanode State Machine Thread - 0] INFO  statemachine.DatanodeStateMachine (DatanodeStateMachine.java:lambda$startDaemon$0(350)) - Ozone container server started.
2019-09-24 23:01:22,087 [Thread-2206] INFO  impl.FollowerState (FollowerState.java:run(106)) - 71bc6376-fb27-42ba-997c-6c3cc97d63c8:group-53F6125C0DC6 changes to CANDIDATE, lastRpcTime:1717, electionTimeout:1086ms
2019-09-24 23:01:22,087 [Thread-2206] INFO  impl.RoleInfo (RoleInfo.java:shutdownFollowerState(121)) - 71bc6376-fb27-42ba-997c-6c3cc97d63c8: shutdown FollowerState
2019-09-24 23:01:22,087 [Thread-2206] INFO  impl.RaftServerImpl (RaftServerImpl.java:setRole(174)) - 71bc6376-fb27-42ba-997c-6c3cc97d63c8@group-53F6125C0DC6: changes role from  FOLLOWER to CANDIDATE at term 1 for changeToCandidate
2019-09-24 23:01:22,088 [Thread-2206] INFO  impl.RoleInfo (RoleInfo.java:updateAndGet(143)) - 71bc6376-fb27-42ba-997c-6c3cc97d63c8: start LeaderElection
2019-09-24 23:01:22,090 [71bc6376-fb27-42ba-997c-6c3cc97d63c8@group-53F6125C0DC6:LeaderElection46] INFO  impl.RaftServerImpl (ServerState.java:setLeader(253)) - 71bc6376-fb27-42ba-997c-6c3cc97d63c8@group-53F6125C0DC6: change Leader from aaae994b-a16f-4482-b826-2f4e81d538e1 to null at term 1 for initElection
2019-09-24 23:01:22,125 [71bc6376-fb27-42ba-997c-6c3cc97d63c8@group-53F6125C0DC6:LeaderElection46] INFO  impl.LeaderElection (LeaderElection.java:askForVotes(182)) - 71bc6376-fb27-42ba-997c-6c3cc97d63c8@group-53F6125C0DC6:LeaderElection46: begin an election at term 2 for 0: [388b7cca-9c2c-4db0-aaac-d908992fc736:192.168.151.66:36990, 71bc6376-fb27-42ba-997c-6c3cc97d63c8:192.168.151.66:39431, aaae994b-a16f-4482-b826-2f4e81d538e1:192.168.151.66:41609], old=null
2019-09-24 23:01:22,129 [71bc6376-fb27-42ba-997c-6c3cc97d63c8@group-53F6125C0DC6:LeaderElection46] INFO  impl.LeaderElection (LogUtils.java:infoOrTrace(149)) - 71bc6376-fb27-42ba-997c-6c3cc97d63c8@group-53F6125C0DC6:LeaderElection46 got exception when requesting votes: {}
java.util.concurrent.ExecutionException: org.apache.ratis.thirdparty.io.grpc.StatusRuntimeException: UNAVAILABLE: io exception
	at java.util.concurrent.FutureTask.report(FutureTask.java:122)
	at java.util.concurrent.FutureTask.get(FutureTask.java:192)
	at org.apache.ratis.server.impl.LeaderElection.waitForResults(LeaderElection.java:263)
	at org.apache.ratis.server.impl.LeaderElection.askForVotes(LeaderElection.java:201)
	at org.apache.ratis.server.impl.LeaderElection.run(LeaderElection.java:133)
	at java.lang.Thread.run(Thread.java:748)
Caused by: org.apache.ratis.thirdparty.io.grpc.StatusRuntimeException: UNAVAILABLE: io exception
	at org.apache.ratis.thirdparty.io.grpc.stub.ClientCalls.toStatusRuntimeException(ClientCalls.java:233)
	at org.apache.ratis.thirdparty.io.grpc.stub.ClientCalls.getUnchecked(ClientCalls.java:214)
	at org.apache.ratis.thirdparty.io.grpc.stub.ClientCalls.blockingUnaryCall(ClientCalls.java:139)
	at org.apache.ratis.proto.grpc.RaftServerProtocolServiceGrpc$RaftServerProtocolServiceBlockingStub.requestVote(RaftServerProtocolServiceGrpc.java:265)
	at org.apache.ratis.grpc.server.GrpcServerProtocolClient.requestVote(GrpcServerProtocolClient.java:90)
	at org.apache.ratis.grpc.server.GrpcService.requestVote(GrpcService.java:204)
	at org.apache.ratis.server.impl.LeaderElection.lambda$submitRequests$1(LeaderElection.java:238)
	at java.util.concurrent.FutureTask.run(FutureTask.java:266)
	at java.util.concurrent.Executors$RunnableAdapter.call(Executors.java:511)
	at java.util.concurrent.FutureTask.run(FutureTask.java:266)
	at java.util.concurrent.ThreadPoolExecutor.runWorker(ThreadPoolExecutor.java:1149)
	at java.util.concurrent.ThreadPoolExecutor$Worker.run(ThreadPoolExecutor.java:624)
	... 1 more
Caused by: org.apache.ratis.thirdparty.io.netty.channel.AbstractChannel$AnnotatedConnectException: Connection refused: /192.168.151.66:36990
	at sun.nio.ch.SocketChannelImpl.checkConnect(Native Method)
	at sun.nio.ch.SocketChannelImpl.finishConnect(SocketChannelImpl.java:717)
	at org.apache.ratis.thirdparty.io.netty.channel.socket.nio.NioSocketChannel.doFinishConnect(NioSocketChannel.java:327)
	at org.apache.ratis.thirdparty.io.netty.channel.nio.AbstractNioChannel$AbstractNioUnsafe.finishConnect(AbstractNioChannel.java:340)
	at org.apache.ratis.thirdparty.io.netty.channel.nio.NioEventLoop.processSelectedKey(NioEventLoop.java:632)
	at org.apache.ratis.thirdparty.io.netty.channel.nio.NioEventLoop.processSelectedKeysOptimized(NioEventLoop.java:579)
	at org.apache.ratis.thirdparty.io.netty.channel.nio.NioEventLoop.processSelectedKeys(NioEventLoop.java:496)
	at org.apache.ratis.thirdparty.io.netty.channel.nio.NioEventLoop.run(NioEventLoop.java:458)
	at org.apache.ratis.thirdparty.io.netty.util.concurrent.SingleThreadEventExecutor$5.run(SingleThreadEventExecutor.java:897)
	at org.apache.ratis.thirdparty.io.netty.util.concurrent.FastThreadLocalRunnable.run(FastThreadLocalRunnable.java:30)
	... 1 more
Caused by: java.net.ConnectException: Connection refused
	... 11 more
2019-09-24 23:01:22,131 [71bc6376-fb27-42ba-997c-6c3cc97d63c8@group-53F6125C0DC6:LeaderElection46] INFO  impl.LeaderElection (LogUtils.java:infoOrTrace(149)) - 71bc6376-fb27-42ba-997c-6c3cc97d63c8@group-53F6125C0DC6:LeaderElection46 got exception when requesting votes: {}
java.util.concurrent.ExecutionException: org.apache.ratis.thirdparty.io.grpc.StatusRuntimeException: UNAVAILABLE: io exception
	at java.util.concurrent.FutureTask.report(FutureTask.java:122)
	at java.util.concurrent.FutureTask.get(FutureTask.java:192)
	at org.apache.ratis.server.impl.LeaderElection.waitForResults(LeaderElection.java:263)
	at org.apache.ratis.server.impl.LeaderElection.askForVotes(LeaderElection.java:201)
	at org.apache.ratis.server.impl.LeaderElection.run(LeaderElection.java:133)
	at java.lang.Thread.run(Thread.java:748)
Caused by: org.apache.ratis.thirdparty.io.grpc.StatusRuntimeException: UNAVAILABLE: io exception
	at org.apache.ratis.thirdparty.io.grpc.stub.ClientCalls.toStatusRuntimeException(ClientCalls.java:233)
	at org.apache.ratis.thirdparty.io.grpc.stub.ClientCalls.getUnchecked(ClientCalls.java:214)
	at org.apache.ratis.thirdparty.io.grpc.stub.ClientCalls.blockingUnaryCall(ClientCalls.java:139)
	at org.apache.ratis.proto.grpc.RaftServerProtocolServiceGrpc$RaftServerProtocolServiceBlockingStub.requestVote(RaftServerProtocolServiceGrpc.java:265)
	at org.apache.ratis.grpc.server.GrpcServerProtocolClient.requestVote(GrpcServerProtocolClient.java:90)
	at org.apache.ratis.grpc.server.GrpcService.requestVote(GrpcService.java:204)
	at org.apache.ratis.server.impl.LeaderElection.lambda$submitRequests$1(LeaderElection.java:238)
	at java.util.concurrent.FutureTask.run(FutureTask.java:266)
	at java.util.concurrent.Executors$RunnableAdapter.call(Executors.java:511)
	at java.util.concurrent.FutureTask.run(FutureTask.java:266)
	at java.util.concurrent.ThreadPoolExecutor.runWorker(ThreadPoolExecutor.java:1149)
	at java.util.concurrent.ThreadPoolExecutor$Worker.run(ThreadPoolExecutor.java:624)
	... 1 more
Caused by: org.apache.ratis.thirdparty.io.netty.channel.AbstractChannel$AnnotatedConnectException: Connection refused: /192.168.151.66:41609
	at sun.nio.ch.SocketChannelImpl.checkConnect(Native Method)
	at sun.nio.ch.SocketChannelImpl.finishConnect(SocketChannelImpl.java:717)
	at org.apache.ratis.thirdparty.io.netty.channel.socket.nio.NioSocketChannel.doFinishConnect(NioSocketChannel.java:327)
	at org.apache.ratis.thirdparty.io.netty.channel.nio.AbstractNioChannel$AbstractNioUnsafe.finishConnect(AbstractNioChannel.java:340)
	at org.apache.ratis.thirdparty.io.netty.channel.nio.NioEventLoop.processSelectedKey(NioEventLoop.java:632)
	at org.apache.ratis.thirdparty.io.netty.channel.nio.NioEventLoop.processSelectedKeysOptimized(NioEventLoop.java:579)
	at org.apache.ratis.thirdparty.io.netty.channel.nio.NioEventLoop.processSelectedKeys(NioEventLoop.java:496)
	at org.apache.ratis.thirdparty.io.netty.channel.nio.NioEventLoop.run(NioEventLoop.java:458)
	at org.apache.ratis.thirdparty.io.netty.util.concurrent.SingleThreadEventExecutor$5.run(SingleThreadEventExecutor.java:897)
	at org.apache.ratis.thirdparty.io.netty.util.concurrent.FastThreadLocalRunnable.run(FastThreadLocalRunnable.java:30)
	... 1 more
Caused by: java.net.ConnectException: Connection refused
	... 11 more
2019-09-24 23:01:22,132 [71bc6376-fb27-42ba-997c-6c3cc97d63c8@group-53F6125C0DC6:LeaderElection46] INFO  impl.LeaderElection (LeaderElection.java:logAndReturn(56)) - 71bc6376-fb27-42ba-997c-6c3cc97d63c8@group-53F6125C0DC6:LeaderElection46: Election REJECTED; received 0 response(s) [] and 2 exception(s); 71bc6376-fb27-42ba-997c-6c3cc97d63c8@group-53F6125C0DC6:t2, leader=null, voted=71bc6376-fb27-42ba-997c-6c3cc97d63c8, raftlog=71bc6376-fb27-42ba-997c-6c3cc97d63c8@group-53F6125C0DC6-SegmentedRaftLog:OPENED:c0,f0,i0, conf=0: [388b7cca-9c2c-4db0-aaac-d908992fc736:192.168.151.66:36990, 71bc6376-fb27-42ba-997c-6c3cc97d63c8:192.168.151.66:39431, aaae994b-a16f-4482-b826-2f4e81d538e1:192.168.151.66:41609], old=null
2019-09-24 23:01:22,133 [71bc6376-fb27-42ba-997c-6c3cc97d63c8@group-53F6125C0DC6:LeaderElection46] INFO  impl.LeaderElection (LogUtils.java:infoOrTrace(149)) -   Exception 0: {}
java.util.concurrent.ExecutionException: org.apache.ratis.thirdparty.io.grpc.StatusRuntimeException: UNAVAILABLE: io exception
	at java.util.concurrent.FutureTask.report(FutureTask.java:122)
	at java.util.concurrent.FutureTask.get(FutureTask.java:192)
	at org.apache.ratis.server.impl.LeaderElection.waitForResults(LeaderElection.java:263)
	at org.apache.ratis.server.impl.LeaderElection.askForVotes(LeaderElection.java:201)
	at org.apache.ratis.server.impl.LeaderElection.run(LeaderElection.java:133)
	at java.lang.Thread.run(Thread.java:748)
Caused by: org.apache.ratis.thirdparty.io.grpc.StatusRuntimeException: UNAVAILABLE: io exception
	at org.apache.ratis.thirdparty.io.grpc.stub.ClientCalls.toStatusRuntimeException(ClientCalls.java:233)
	at org.apache.ratis.thirdparty.io.grpc.stub.ClientCalls.getUnchecked(ClientCalls.java:214)
	at org.apache.ratis.thirdparty.io.grpc.stub.ClientCalls.blockingUnaryCall(ClientCalls.java:139)
	at org.apache.ratis.proto.grpc.RaftServerProtocolServiceGrpc$RaftServerProtocolServiceBlockingStub.requestVote(RaftServerProtocolServiceGrpc.java:265)
	at org.apache.ratis.grpc.server.GrpcServerProtocolClient.requestVote(GrpcServerProtocolClient.java:90)
	at org.apache.ratis.grpc.server.GrpcService.requestVote(GrpcService.java:204)
	at org.apache.ratis.server.impl.LeaderElection.lambda$submitRequests$1(LeaderElection.java:238)
	at java.util.concurrent.FutureTask.run(FutureTask.java:266)
	at java.util.concurrent.Executors$RunnableAdapter.call(Executors.java:511)
	at java.util.concurrent.FutureTask.run(FutureTask.java:266)
	at java.util.concurrent.ThreadPoolExecutor.runWorker(ThreadPoolExecutor.java:1149)
	at java.util.concurrent.ThreadPoolExecutor$Worker.run(ThreadPoolExecutor.java:624)
	... 1 more
Caused by: org.apache.ratis.thirdparty.io.netty.channel.AbstractChannel$AnnotatedConnectException: Connection refused: /192.168.151.66:36990
	at sun.nio.ch.SocketChannelImpl.checkConnect(Native Method)
	at sun.nio.ch.SocketChannelImpl.finishConnect(SocketChannelImpl.java:717)
	at org.apache.ratis.thirdparty.io.netty.channel.socket.nio.NioSocketChannel.doFinishConnect(NioSocketChannel.java:327)
	at org.apache.ratis.thirdparty.io.netty.channel.nio.AbstractNioChannel$AbstractNioUnsafe.finishConnect(AbstractNioChannel.java:340)
	at org.apache.ratis.thirdparty.io.netty.channel.nio.NioEventLoop.processSelectedKey(NioEventLoop.java:632)
	at org.apache.ratis.thirdparty.io.netty.channel.nio.NioEventLoop.processSelectedKeysOptimized(NioEventLoop.java:579)
	at org.apache.ratis.thirdparty.io.netty.channel.nio.NioEventLoop.processSelectedKeys(NioEventLoop.java:496)
	at org.apache.ratis.thirdparty.io.netty.channel.nio.NioEventLoop.run(NioEventLoop.java:458)
	at org.apache.ratis.thirdparty.io.netty.util.concurrent.SingleThreadEventExecutor$5.run(SingleThreadEventExecutor.java:897)
	at org.apache.ratis.thirdparty.io.netty.util.concurrent.FastThreadLocalRunnable.run(FastThreadLocalRunnable.java:30)
	... 1 more
Caused by: java.net.ConnectException: Connection refused
	... 11 more
2019-09-24 23:01:22,133 [71bc6376-fb27-42ba-997c-6c3cc97d63c8@group-53F6125C0DC6:LeaderElection46] INFO  impl.LeaderElection (LogUtils.java:infoOrTrace(149)) -   Exception 1: {}
java.util.concurrent.ExecutionException: org.apache.ratis.thirdparty.io.grpc.StatusRuntimeException: UNAVAILABLE: io exception
	at java.util.concurrent.FutureTask.report(FutureTask.java:122)
	at java.util.concurrent.FutureTask.get(FutureTask.java:192)
	at org.apache.ratis.server.impl.LeaderElection.waitForResults(LeaderElection.java:263)
	at org.apache.ratis.server.impl.LeaderElection.askForVotes(LeaderElection.java:201)
	at org.apache.ratis.server.impl.LeaderElection.run(LeaderElection.java:133)
	at java.lang.Thread.run(Thread.java:748)
Caused by: org.apache.ratis.thirdparty.io.grpc.StatusRuntimeException: UNAVAILABLE: io exception
	at org.apache.ratis.thirdparty.io.grpc.stub.ClientCalls.toStatusRuntimeException(ClientCalls.java:233)
	at org.apache.ratis.thirdparty.io.grpc.stub.ClientCalls.getUnchecked(ClientCalls.java:214)
	at org.apache.ratis.thirdparty.io.grpc.stub.ClientCalls.blockingUnaryCall(ClientCalls.java:139)
	at org.apache.ratis.proto.grpc.RaftServerProtocolServiceGrpc$RaftServerProtocolServiceBlockingStub.requestVote(RaftServerProtocolServiceGrpc.java:265)
	at org.apache.ratis.grpc.server.GrpcServerProtocolClient.requestVote(GrpcServerProtocolClient.java:90)
	at org.apache.ratis.grpc.server.GrpcService.requestVote(GrpcService.java:204)
	at org.apache.ratis.server.impl.LeaderElection.lambda$submitRequests$1(LeaderElection.java:238)
	at java.util.concurrent.FutureTask.run(FutureTask.java:266)
	at java.util.concurrent.Executors$RunnableAdapter.call(Executors.java:511)
	at java.util.concurrent.FutureTask.run(FutureTask.java:266)
	at java.util.concurrent.ThreadPoolExecutor.runWorker(ThreadPoolExecutor.java:1149)
	at java.util.concurrent.ThreadPoolExecutor$Worker.run(ThreadPoolExecutor.java:624)
	... 1 more
Caused by: org.apache.ratis.thirdparty.io.netty.channel.AbstractChannel$AnnotatedConnectException: Connection refused: /192.168.151.66:41609
	at sun.nio.ch.SocketChannelImpl.checkConnect(Native Method)
	at sun.nio.ch.SocketChannelImpl.finishConnect(SocketChannelImpl.java:717)
	at org.apache.ratis.thirdparty.io.netty.channel.socket.nio.NioSocketChannel.doFinishConnect(NioSocketChannel.java:327)
	at org.apache.ratis.thirdparty.io.netty.channel.nio.AbstractNioChannel$AbstractNioUnsafe.finishConnect(AbstractNioChannel.java:340)
	at org.apache.ratis.thirdparty.io.netty.channel.nio.NioEventLoop.processSelectedKey(NioEventLoop.java:632)
	at org.apache.ratis.thirdparty.io.netty.channel.nio.NioEventLoop.processSelectedKeysOptimized(NioEventLoop.java:579)
	at org.apache.ratis.thirdparty.io.netty.channel.nio.NioEventLoop.processSelectedKeys(NioEventLoop.java:496)
	at org.apache.ratis.thirdparty.io.netty.channel.nio.NioEventLoop.run(NioEventLoop.java:458)
	at org.apache.ratis.thirdparty.io.netty.util.concurrent.SingleThreadEventExecutor$5.run(SingleThreadEventExecutor.java:897)
	at org.apache.ratis.thirdparty.io.netty.util.concurrent.FastThreadLocalRunnable.run(FastThreadLocalRunnable.java:30)
	... 1 more
Caused by: java.net.ConnectException: Connection refused
	... 11 more
2019-09-24 23:01:22,133 [71bc6376-fb27-42ba-997c-6c3cc97d63c8@group-53F6125C0DC6:LeaderElection46] INFO  impl.RaftServerImpl (RaftServerImpl.java:setRole(174)) - 71bc6376-fb27-42ba-997c-6c3cc97d63c8@group-53F6125C0DC6: changes role from CANDIDATE to FOLLOWER at term 2 for DISCOVERED_A_NEW_TERM
2019-09-24 23:01:22,133 [71bc6376-fb27-42ba-997c-6c3cc97d63c8@group-53F6125C0DC6:LeaderElection46] INFO  impl.RoleInfo (RoleInfo.java:shutdownLeaderElection(134)) - 71bc6376-fb27-42ba-997c-6c3cc97d63c8: shutdown LeaderElection
2019-09-24 23:01:22,134 [71bc6376-fb27-42ba-997c-6c3cc97d63c8@group-53F6125C0DC6:LeaderElection46] INFO  impl.RoleInfo (RoleInfo.java:updateAndGet(143)) - 71bc6376-fb27-42ba-997c-6c3cc97d63c8: start FollowerState
2019-09-24 23:01:22,369 [Thread-2257] INFO  impl.FollowerState (FollowerState.java:run(106)) - 4b299780-dc83-45c0-badb-1ce934706cf1:group-90EC4100B693 changes to CANDIDATE, lastRpcTime:2025, electionTimeout:1142ms
2019-09-24 23:01:22,371 [Thread-2257] INFO  impl.RoleInfo (RoleInfo.java:shutdownFollowerState(121)) - 4b299780-dc83-45c0-badb-1ce934706cf1: shutdown FollowerState
2019-09-24 23:01:22,371 [Thread-2257] INFO  impl.RaftServerImpl (RaftServerImpl.java:setRole(174)) - 4b299780-dc83-45c0-badb-1ce934706cf1@group-90EC4100B693: changes role from  FOLLOWER to CANDIDATE at term 4 for changeToCandidate
2019-09-24 23:01:22,371 [Thread-2257] INFO  impl.RoleInfo (RoleInfo.java:updateAndGet(143)) - 4b299780-dc83-45c0-badb-1ce934706cf1: start LeaderElection
2019-09-24 23:01:22,373 [4b299780-dc83-45c0-badb-1ce934706cf1@group-90EC4100B693:LeaderElection47] INFO  impl.RaftServerImpl (ServerState.java:setLeader(253)) - 4b299780-dc83-45c0-badb-1ce934706cf1@group-90EC4100B693: change Leader from 8cdd0bc1-cb69-4d0a-8907-e53e57dcd550 to null at term 4 for initElection
2019-09-24 23:01:22,387 [4b299780-dc83-45c0-badb-1ce934706cf1@group-90EC4100B693:LeaderElection47] INFO  impl.LeaderElection (LeaderElection.java:askForVotes(182)) - 4b299780-dc83-45c0-badb-1ce934706cf1@group-90EC4100B693:LeaderElection47: begin an election at term 5 for 0: [4b299780-dc83-45c0-badb-1ce934706cf1:192.168.151.66:34891, 3a9ef4cb-9f73-43f2-9ef0-73623fc2079e:192.168.151.66:39459, 8cdd0bc1-cb69-4d0a-8907-e53e57dcd550:192.168.151.66:44259], old=null
2019-09-24 23:01:22,389 [4b299780-dc83-45c0-badb-1ce934706cf1@group-90EC4100B693:LeaderElection47] INFO  impl.LeaderElection (LogUtils.java:infoOrTrace(149)) - 4b299780-dc83-45c0-badb-1ce934706cf1@group-90EC4100B693:LeaderElection47 got exception when requesting votes: {}
java.util.concurrent.ExecutionException: org.apache.ratis.thirdparty.io.grpc.StatusRuntimeException: UNAVAILABLE: io exception
	at java.util.concurrent.FutureTask.report(FutureTask.java:122)
	at java.util.concurrent.FutureTask.get(FutureTask.java:192)
	at org.apache.ratis.server.impl.LeaderElection.waitForResults(LeaderElection.java:263)
	at org.apache.ratis.server.impl.LeaderElection.askForVotes(LeaderElection.java:201)
	at org.apache.ratis.server.impl.LeaderElection.run(LeaderElection.java:133)
	at java.lang.Thread.run(Thread.java:748)
Caused by: org.apache.ratis.thirdparty.io.grpc.StatusRuntimeException: UNAVAILABLE: io exception
	at org.apache.ratis.thirdparty.io.grpc.stub.ClientCalls.toStatusRuntimeException(ClientCalls.java:233)
	at org.apache.ratis.thirdparty.io.grpc.stub.ClientCalls.getUnchecked(ClientCalls.java:214)
	at org.apache.ratis.thirdparty.io.grpc.stub.ClientCalls.blockingUnaryCall(ClientCalls.java:139)
	at org.apache.ratis.proto.grpc.RaftServerProtocolServiceGrpc$RaftServerProtocolServiceBlockingStub.requestVote(RaftServerProtocolServiceGrpc.java:265)
	at org.apache.ratis.grpc.server.GrpcServerProtocolClient.requestVote(GrpcServerProtocolClient.java:90)
	at org.apache.ratis.grpc.server.GrpcService.requestVote(GrpcService.java:204)
	at org.apache.ratis.server.impl.LeaderElection.lambda$submitRequests$1(LeaderElection.java:238)
	at java.util.concurrent.FutureTask.run(FutureTask.java:266)
	at java.util.concurrent.Executors$RunnableAdapter.call(Executors.java:511)
	at java.util.concurrent.FutureTask.run(FutureTask.java:266)
	at java.util.concurrent.ThreadPoolExecutor.runWorker(ThreadPoolExecutor.java:1149)
	at java.util.concurrent.ThreadPoolExecutor$Worker.run(ThreadPoolExecutor.java:624)
	... 1 more
Caused by: org.apache.ratis.thirdparty.io.netty.channel.AbstractChannel$AnnotatedConnectException: Connection refused: /192.168.151.66:44259
	at sun.nio.ch.SocketChannelImpl.checkConnect(Native Method)
	at sun.nio.ch.SocketChannelImpl.finishConnect(SocketChannelImpl.java:717)
	at org.apache.ratis.thirdparty.io.netty.channel.socket.nio.NioSocketChannel.doFinishConnect(NioSocketChannel.java:327)
	at org.apache.ratis.thirdparty.io.netty.channel.nio.AbstractNioChannel$AbstractNioUnsafe.finishConnect(AbstractNioChannel.java:340)
	at org.apache.ratis.thirdparty.io.netty.channel.nio.NioEventLoop.processSelectedKey(NioEventLoop.java:632)
	at org.apache.ratis.thirdparty.io.netty.channel.nio.NioEventLoop.processSelectedKeysOptimized(NioEventLoop.java:579)
	at org.apache.ratis.thirdparty.io.netty.channel.nio.NioEventLoop.processSelectedKeys(NioEventLoop.java:496)
	at org.apache.ratis.thirdparty.io.netty.channel.nio.NioEventLoop.run(NioEventLoop.java:458)
	at org.apache.ratis.thirdparty.io.netty.util.concurrent.SingleThreadEventExecutor$5.run(SingleThreadEventExecutor.java:897)
	at org.apache.ratis.thirdparty.io.netty.util.concurrent.FastThreadLocalRunnable.run(FastThreadLocalRunnable.java:30)
	... 1 more
Caused by: java.net.ConnectException: Connection refused
	... 11 more
2019-09-24 23:01:22,391 [4b299780-dc83-45c0-badb-1ce934706cf1@group-90EC4100B693:LeaderElection47] INFO  impl.LeaderElection (LogUtils.java:infoOrTrace(149)) - 4b299780-dc83-45c0-badb-1ce934706cf1@group-90EC4100B693:LeaderElection47 got exception when requesting votes: {}
java.util.concurrent.ExecutionException: org.apache.ratis.thirdparty.io.grpc.StatusRuntimeException: UNAVAILABLE: io exception
	at java.util.concurrent.FutureTask.report(FutureTask.java:122)
	at java.util.concurrent.FutureTask.get(FutureTask.java:192)
	at org.apache.ratis.server.impl.LeaderElection.waitForResults(LeaderElection.java:263)
	at org.apache.ratis.server.impl.LeaderElection.askForVotes(LeaderElection.java:201)
	at org.apache.ratis.server.impl.LeaderElection.run(LeaderElection.java:133)
	at java.lang.Thread.run(Thread.java:748)
Caused by: org.apache.ratis.thirdparty.io.grpc.StatusRuntimeException: UNAVAILABLE: io exception
	at org.apache.ratis.thirdparty.io.grpc.stub.ClientCalls.toStatusRuntimeException(ClientCalls.java:233)
	at org.apache.ratis.thirdparty.io.grpc.stub.ClientCalls.getUnchecked(ClientCalls.java:214)
	at org.apache.ratis.thirdparty.io.grpc.stub.ClientCalls.blockingUnaryCall(ClientCalls.java:139)
	at org.apache.ratis.proto.grpc.RaftServerProtocolServiceGrpc$RaftServerProtocolServiceBlockingStub.requestVote(RaftServerProtocolServiceGrpc.java:265)
	at org.apache.ratis.grpc.server.GrpcServerProtocolClient.requestVote(GrpcServerProtocolClient.java:90)
	at org.apache.ratis.grpc.server.GrpcService.requestVote(GrpcService.java:204)
	at org.apache.ratis.server.impl.LeaderElection.lambda$submitRequests$1(LeaderElection.java:238)
	at java.util.concurrent.FutureTask.run(FutureTask.java:266)
	at java.util.concurrent.Executors$RunnableAdapter.call(Executors.java:511)
	at java.util.concurrent.FutureTask.run(FutureTask.java:266)
	at java.util.concurrent.ThreadPoolExecutor.runWorker(ThreadPoolExecutor.java:1149)
	at java.util.concurrent.ThreadPoolExecutor$Worker.run(ThreadPoolExecutor.java:624)
	... 1 more
Caused by: org.apache.ratis.thirdparty.io.netty.channel.AbstractChannel$AnnotatedConnectException: Connection refused: /192.168.151.66:39459
	at sun.nio.ch.SocketChannelImpl.checkConnect(Native Method)
	at sun.nio.ch.SocketChannelImpl.finishConnect(SocketChannelImpl.java:717)
	at org.apache.ratis.thirdparty.io.netty.channel.socket.nio.NioSocketChannel.doFinishConnect(NioSocketChannel.java:327)
	at org.apache.ratis.thirdparty.io.netty.channel.nio.AbstractNioChannel$AbstractNioUnsafe.finishConnect(AbstractNioChannel.java:340)
	at org.apache.ratis.thirdparty.io.netty.channel.nio.NioEventLoop.processSelectedKey(NioEventLoop.java:632)
	at org.apache.ratis.thirdparty.io.netty.channel.nio.NioEventLoop.processSelectedKeysOptimized(NioEventLoop.java:579)
	at org.apache.ratis.thirdparty.io.netty.channel.nio.NioEventLoop.processSelectedKeys(NioEventLoop.java:496)
	at org.apache.ratis.thirdparty.io.netty.channel.nio.NioEventLoop.run(NioEventLoop.java:458)
	at org.apache.ratis.thirdparty.io.netty.util.concurrent.SingleThreadEventExecutor$5.run(SingleThreadEventExecutor.java:897)
	at org.apache.ratis.thirdparty.io.netty.util.concurrent.FastThreadLocalRunnable.run(FastThreadLocalRunnable.java:30)
	... 1 more
Caused by: java.net.ConnectException: Connection refused
	... 11 more
2019-09-24 23:01:22,393 [4b299780-dc83-45c0-badb-1ce934706cf1@group-90EC4100B693:LeaderElection47] INFO  impl.LeaderElection (LeaderElection.java:logAndReturn(56)) - 4b299780-dc83-45c0-badb-1ce934706cf1@group-90EC4100B693:LeaderElection47: Election REJECTED; received 0 response(s) [] and 2 exception(s); 4b299780-dc83-45c0-badb-1ce934706cf1@group-90EC4100B693:t5, leader=null, voted=4b299780-dc83-45c0-badb-1ce934706cf1, raftlog=4b299780-dc83-45c0-badb-1ce934706cf1@group-90EC4100B693-SegmentedRaftLog:OPENED:c0,f0,i0, conf=0: [4b299780-dc83-45c0-badb-1ce934706cf1:192.168.151.66:34891, 3a9ef4cb-9f73-43f2-9ef0-73623fc2079e:192.168.151.66:39459, 8cdd0bc1-cb69-4d0a-8907-e53e57dcd550:192.168.151.66:44259], old=null
2019-09-24 23:01:22,393 [4b299780-dc83-45c0-badb-1ce934706cf1@group-90EC4100B693:LeaderElection47] INFO  impl.LeaderElection (LogUtils.java:infoOrTrace(149)) -   Exception 0: {}
java.util.concurrent.ExecutionException: org.apache.ratis.thirdparty.io.grpc.StatusRuntimeException: UNAVAILABLE: io exception
	at java.util.concurrent.FutureTask.report(FutureTask.java:122)
	at java.util.concurrent.FutureTask.get(FutureTask.java:192)
	at org.apache.ratis.server.impl.LeaderElection.waitForResults(LeaderElection.java:263)
	at org.apache.ratis.server.impl.LeaderElection.askForVotes(LeaderElection.java:201)
	at org.apache.ratis.server.impl.LeaderElection.run(LeaderElection.java:133)
	at java.lang.Thread.run(Thread.java:748)
Caused by: org.apache.ratis.thirdparty.io.grpc.StatusRuntimeException: UNAVAILABLE: io exception
	at org.apache.ratis.thirdparty.io.grpc.stub.ClientCalls.toStatusRuntimeException(ClientCalls.java:233)
	at org.apache.ratis.thirdparty.io.grpc.stub.ClientCalls.getUnchecked(ClientCalls.java:214)
	at org.apache.ratis.thirdparty.io.grpc.stub.ClientCalls.blockingUnaryCall(ClientCalls.java:139)
	at org.apache.ratis.proto.grpc.RaftServerProtocolServiceGrpc$RaftServerProtocolServiceBlockingStub.requestVote(RaftServerProtocolServiceGrpc.java:265)
	at org.apache.ratis.grpc.server.GrpcServerProtocolClient.requestVote(GrpcServerProtocolClient.java:90)
	at org.apache.ratis.grpc.server.GrpcService.requestVote(GrpcService.java:204)
	at org.apache.ratis.server.impl.LeaderElection.lambda$submitRequests$1(LeaderElection.java:238)
	at java.util.concurrent.FutureTask.run(FutureTask.java:266)
	at java.util.concurrent.Executors$RunnableAdapter.call(Executors.java:511)
	at java.util.concurrent.FutureTask.run(FutureTask.java:266)
	at java.util.concurrent.ThreadPoolExecutor.runWorker(ThreadPoolExecutor.java:1149)
	at java.util.concurrent.ThreadPoolExecutor$Worker.run(ThreadPoolExecutor.java:624)
	... 1 more
Caused by: org.apache.ratis.thirdparty.io.netty.channel.AbstractChannel$AnnotatedConnectException: Connection refused: /192.168.151.66:44259
	at sun.nio.ch.SocketChannelImpl.checkConnect(Native Method)
	at sun.nio.ch.SocketChannelImpl.finishConnect(SocketChannelImpl.java:717)
	at org.apache.ratis.thirdparty.io.netty.channel.socket.nio.NioSocketChannel.doFinishConnect(NioSocketChannel.java:327)
	at org.apache.ratis.thirdparty.io.netty.channel.nio.AbstractNioChannel$AbstractNioUnsafe.finishConnect(AbstractNioChannel.java:340)
	at org.apache.ratis.thirdparty.io.netty.channel.nio.NioEventLoop.processSelectedKey(NioEventLoop.java:632)
	at org.apache.ratis.thirdparty.io.netty.channel.nio.NioEventLoop.processSelectedKeysOptimized(NioEventLoop.java:579)
	at org.apache.ratis.thirdparty.io.netty.channel.nio.NioEventLoop.processSelectedKeys(NioEventLoop.java:496)
	at org.apache.ratis.thirdparty.io.netty.channel.nio.NioEventLoop.run(NioEventLoop.java:458)
	at org.apache.ratis.thirdparty.io.netty.util.concurrent.SingleThreadEventExecutor$5.run(SingleThreadEventExecutor.java:897)
	at org.apache.ratis.thirdparty.io.netty.util.concurrent.FastThreadLocalRunnable.run(FastThreadLocalRunnable.java:30)
	... 1 more
Caused by: java.net.ConnectException: Connection refused
	... 11 more
2019-09-24 23:01:22,393 [4b299780-dc83-45c0-badb-1ce934706cf1@group-90EC4100B693:LeaderElection47] INFO  impl.LeaderElection (LogUtils.java:infoOrTrace(149)) -   Exception 1: {}
java.util.concurrent.ExecutionException: org.apache.ratis.thirdparty.io.grpc.StatusRuntimeException: UNAVAILABLE: io exception
	at java.util.concurrent.FutureTask.report(FutureTask.java:122)
	at java.util.concurrent.FutureTask.get(FutureTask.java:192)
	at org.apache.ratis.server.impl.LeaderElection.waitForResults(LeaderElection.java:263)
	at org.apache.ratis.server.impl.LeaderElection.askForVotes(LeaderElection.java:201)
	at org.apache.ratis.server.impl.LeaderElection.run(LeaderElection.java:133)
	at java.lang.Thread.run(Thread.java:748)
Caused by: org.apache.ratis.thirdparty.io.grpc.StatusRuntimeException: UNAVAILABLE: io exception
	at org.apache.ratis.thirdparty.io.grpc.stub.ClientCalls.toStatusRuntimeException(ClientCalls.java:233)
	at org.apache.ratis.thirdparty.io.grpc.stub.ClientCalls.getUnchecked(ClientCalls.java:214)
	at org.apache.ratis.thirdparty.io.grpc.stub.ClientCalls.blockingUnaryCall(ClientCalls.java:139)
	at org.apache.ratis.proto.grpc.RaftServerProtocolServiceGrpc$RaftServerProtocolServiceBlockingStub.requestVote(RaftServerProtocolServiceGrpc.java:265)
	at org.apache.ratis.grpc.server.GrpcServerProtocolClient.requestVote(GrpcServerProtocolClient.java:90)
	at org.apache.ratis.grpc.server.GrpcService.requestVote(GrpcService.java:204)
	at org.apache.ratis.server.impl.LeaderElection.lambda$submitRequests$1(LeaderElection.java:238)
	at java.util.concurrent.FutureTask.run(FutureTask.java:266)
	at java.util.concurrent.Executors$RunnableAdapter.call(Executors.java:511)
	at java.util.concurrent.FutureTask.run(FutureTask.java:266)
	at java.util.concurrent.ThreadPoolExecutor.runWorker(ThreadPoolExecutor.java:1149)
	at java.util.concurrent.ThreadPoolExecutor$Worker.run(ThreadPoolExecutor.java:624)
	... 1 more
Caused by: org.apache.ratis.thirdparty.io.netty.channel.AbstractChannel$AnnotatedConnectException: Connection refused: /192.168.151.66:39459
	at sun.nio.ch.SocketChannelImpl.checkConnect(Native Method)
	at sun.nio.ch.SocketChannelImpl.finishConnect(SocketChannelImpl.java:717)
	at org.apache.ratis.thirdparty.io.netty.channel.socket.nio.NioSocketChannel.doFinishConnect(NioSocketChannel.java:327)
	at org.apache.ratis.thirdparty.io.netty.channel.nio.AbstractNioChannel$AbstractNioUnsafe.finishConnect(AbstractNioChannel.java:340)
	at org.apache.ratis.thirdparty.io.netty.channel.nio.NioEventLoop.processSelectedKey(NioEventLoop.java:632)
	at org.apache.ratis.thirdparty.io.netty.channel.nio.NioEventLoop.processSelectedKeysOptimized(NioEventLoop.java:579)
	at org.apache.ratis.thirdparty.io.netty.channel.nio.NioEventLoop.processSelectedKeys(NioEventLoop.java:496)
	at org.apache.ratis.thirdparty.io.netty.channel.nio.NioEventLoop.run(NioEventLoop.java:458)
	at org.apache.ratis.thirdparty.io.netty.util.concurrent.SingleThreadEventExecutor$5.run(SingleThreadEventExecutor.java:897)
	at org.apache.ratis.thirdparty.io.netty.util.concurrent.FastThreadLocalRunnable.run(FastThreadLocalRunnable.java:30)
	... 1 more
Caused by: java.net.ConnectException: Connection refused
	... 11 more
2019-09-24 23:01:22,394 [4b299780-dc83-45c0-badb-1ce934706cf1@group-90EC4100B693:LeaderElection47] INFO  impl.RaftServerImpl (RaftServerImpl.java:setRole(174)) - 4b299780-dc83-45c0-badb-1ce934706cf1@group-90EC4100B693: changes role from CANDIDATE to FOLLOWER at term 5 for DISCOVERED_A_NEW_TERM
2019-09-24 23:01:22,394 [4b299780-dc83-45c0-badb-1ce934706cf1@group-90EC4100B693:LeaderElection47] INFO  impl.RoleInfo (RoleInfo.java:shutdownLeaderElection(134)) - 4b299780-dc83-45c0-badb-1ce934706cf1: shutdown LeaderElection
2019-09-24 23:01:22,394 [4b299780-dc83-45c0-badb-1ce934706cf1@group-90EC4100B693:LeaderElection47] INFO  impl.RoleInfo (RoleInfo.java:updateAndGet(143)) - 4b299780-dc83-45c0-badb-1ce934706cf1: start FollowerState
2019-09-24 23:01:23,301 [Thread-3209] INFO  impl.FollowerState (FollowerState.java:run(106)) - 71bc6376-fb27-42ba-997c-6c3cc97d63c8:group-53F6125C0DC6 changes to CANDIDATE, lastRpcTime:1167, electionTimeout:1167ms
2019-09-24 23:01:23,303 [Thread-3209] INFO  impl.RoleInfo (RoleInfo.java:shutdownFollowerState(121)) - 71bc6376-fb27-42ba-997c-6c3cc97d63c8: shutdown FollowerState
2019-09-24 23:01:23,303 [Thread-3209] INFO  impl.RaftServerImpl (RaftServerImpl.java:setRole(174)) - 71bc6376-fb27-42ba-997c-6c3cc97d63c8@group-53F6125C0DC6: changes role from  FOLLOWER to CANDIDATE at term 2 for changeToCandidate
2019-09-24 23:01:23,303 [Thread-3209] INFO  impl.RoleInfo (RoleInfo.java:updateAndGet(143)) - 71bc6376-fb27-42ba-997c-6c3cc97d63c8: start LeaderElection
2019-09-24 23:01:23,319 [71bc6376-fb27-42ba-997c-6c3cc97d63c8@group-53F6125C0DC6:LeaderElection48] INFO  impl.LeaderElection (LeaderElection.java:askForVotes(182)) - 71bc6376-fb27-42ba-997c-6c3cc97d63c8@group-53F6125C0DC6:LeaderElection48: begin an election at term 3 for 0: [388b7cca-9c2c-4db0-aaac-d908992fc736:192.168.151.66:36990, 71bc6376-fb27-42ba-997c-6c3cc97d63c8:192.168.151.66:39431, aaae994b-a16f-4482-b826-2f4e81d538e1:192.168.151.66:41609], old=null
2019-09-24 23:01:23,320 [71bc6376-fb27-42ba-997c-6c3cc97d63c8@group-53F6125C0DC6:LeaderElection48] INFO  impl.LeaderElection (LogUtils.java:infoOrTrace(149)) - 71bc6376-fb27-42ba-997c-6c3cc97d63c8@group-53F6125C0DC6:LeaderElection48 got exception when requesting votes: {}
java.util.concurrent.ExecutionException: org.apache.ratis.thirdparty.io.grpc.StatusRuntimeException: UNAVAILABLE: io exception
	at java.util.concurrent.FutureTask.report(FutureTask.java:122)
	at java.util.concurrent.FutureTask.get(FutureTask.java:192)
	at org.apache.ratis.server.impl.LeaderElection.waitForResults(LeaderElection.java:263)
	at org.apache.ratis.server.impl.LeaderElection.askForVotes(LeaderElection.java:201)
	at org.apache.ratis.server.impl.LeaderElection.run(LeaderElection.java:133)
	at java.lang.Thread.run(Thread.java:748)
Caused by: org.apache.ratis.thirdparty.io.grpc.StatusRuntimeException: UNAVAILABLE: io exception
	at org.apache.ratis.thirdparty.io.grpc.stub.ClientCalls.toStatusRuntimeException(ClientCalls.java:233)
	at org.apache.ratis.thirdparty.io.grpc.stub.ClientCalls.getUnchecked(ClientCalls.java:214)
	at org.apache.ratis.thirdparty.io.grpc.stub.ClientCalls.blockingUnaryCall(ClientCalls.java:139)
	at org.apache.ratis.proto.grpc.RaftServerProtocolServiceGrpc$RaftServerProtocolServiceBlockingStub.requestVote(RaftServerProtocolServiceGrpc.java:265)
	at org.apache.ratis.grpc.server.GrpcServerProtocolClient.requestVote(GrpcServerProtocolClient.java:90)
	at org.apache.ratis.grpc.server.GrpcService.requestVote(GrpcService.java:204)
	at org.apache.ratis.server.impl.LeaderElection.lambda$submitRequests$1(LeaderElection.java:238)
	at java.util.concurrent.FutureTask.run(FutureTask.java:266)
	at java.util.concurrent.Executors$RunnableAdapter.call(Executors.java:511)
	at java.util.concurrent.FutureTask.run(FutureTask.java:266)
	at java.util.concurrent.ThreadPoolExecutor.runWorker(ThreadPoolExecutor.java:1149)
	at java.util.concurrent.ThreadPoolExecutor$Worker.run(ThreadPoolExecutor.java:624)
	... 1 more
Caused by: org.apache.ratis.thirdparty.io.netty.channel.AbstractChannel$AnnotatedConnectException: Connection refused: /192.168.151.66:36990
	at sun.nio.ch.SocketChannelImpl.checkConnect(Native Method)
	at sun.nio.ch.SocketChannelImpl.finishConnect(SocketChannelImpl.java:717)
	at org.apache.ratis.thirdparty.io.netty.channel.socket.nio.NioSocketChannel.doFinishConnect(NioSocketChannel.java:327)
	at org.apache.ratis.thirdparty.io.netty.channel.nio.AbstractNioChannel$AbstractNioUnsafe.finishConnect(AbstractNioChannel.java:340)
	at org.apache.ratis.thirdparty.io.netty.channel.nio.NioEventLoop.processSelectedKey(NioEventLoop.java:632)
	at org.apache.ratis.thirdparty.io.netty.channel.nio.NioEventLoop.processSelectedKeysOptimized(NioEventLoop.java:579)
	at org.apache.ratis.thirdparty.io.netty.channel.nio.NioEventLoop.processSelectedKeys(NioEventLoop.java:496)
	at org.apache.ratis.thirdparty.io.netty.channel.nio.NioEventLoop.run(NioEventLoop.java:458)
	at org.apache.ratis.thirdparty.io.netty.util.concurrent.SingleThreadEventExecutor$5.run(SingleThreadEventExecutor.java:897)
	at org.apache.ratis.thirdparty.io.netty.util.concurrent.FastThreadLocalRunnable.run(FastThreadLocalRunnable.java:30)
	... 1 more
Caused by: java.net.ConnectException: Connection refused
	... 11 more
2019-09-24 23:01:23,322 [71bc6376-fb27-42ba-997c-6c3cc97d63c8@group-53F6125C0DC6:LeaderElection48] INFO  impl.LeaderElection (LogUtils.java:infoOrTrace(149)) - 71bc6376-fb27-42ba-997c-6c3cc97d63c8@group-53F6125C0DC6:LeaderElection48 got exception when requesting votes: {}
java.util.concurrent.ExecutionException: org.apache.ratis.thirdparty.io.grpc.StatusRuntimeException: UNAVAILABLE: io exception
	at java.util.concurrent.FutureTask.report(FutureTask.java:122)
	at java.util.concurrent.FutureTask.get(FutureTask.java:192)
	at org.apache.ratis.server.impl.LeaderElection.waitForResults(LeaderElection.java:263)
	at org.apache.ratis.server.impl.LeaderElection.askForVotes(LeaderElection.java:201)
	at org.apache.ratis.server.impl.LeaderElection.run(LeaderElection.java:133)
	at java.lang.Thread.run(Thread.java:748)
Caused by: org.apache.ratis.thirdparty.io.grpc.StatusRuntimeException: UNAVAILABLE: io exception
	at org.apache.ratis.thirdparty.io.grpc.stub.ClientCalls.toStatusRuntimeException(ClientCalls.java:233)
	at org.apache.ratis.thirdparty.io.grpc.stub.ClientCalls.getUnchecked(ClientCalls.java:214)
	at org.apache.ratis.thirdparty.io.grpc.stub.ClientCalls.blockingUnaryCall(ClientCalls.java:139)
	at org.apache.ratis.proto.grpc.RaftServerProtocolServiceGrpc$RaftServerProtocolServiceBlockingStub.requestVote(RaftServerProtocolServiceGrpc.java:265)
	at org.apache.ratis.grpc.server.GrpcServerProtocolClient.requestVote(GrpcServerProtocolClient.java:90)
	at org.apache.ratis.grpc.server.GrpcService.requestVote(GrpcService.java:204)
	at org.apache.ratis.server.impl.LeaderElection.lambda$submitRequests$1(LeaderElection.java:238)
	at java.util.concurrent.FutureTask.run(FutureTask.java:266)
	at java.util.concurrent.Executors$RunnableAdapter.call(Executors.java:511)
	at java.util.concurrent.FutureTask.run(FutureTask.java:266)
	at java.util.concurrent.ThreadPoolExecutor.runWorker(ThreadPoolExecutor.java:1149)
	at java.util.concurrent.ThreadPoolExecutor$Worker.run(ThreadPoolExecutor.java:624)
	... 1 more
Caused by: org.apache.ratis.thirdparty.io.netty.channel.AbstractChannel$AnnotatedConnectException: Connection refused: /192.168.151.66:41609
	at sun.nio.ch.SocketChannelImpl.checkConnect(Native Method)
	at sun.nio.ch.SocketChannelImpl.finishConnect(SocketChannelImpl.java:717)
	at org.apache.ratis.thirdparty.io.netty.channel.socket.nio.NioSocketChannel.doFinishConnect(NioSocketChannel.java:327)
	at org.apache.ratis.thirdparty.io.netty.channel.nio.AbstractNioChannel$AbstractNioUnsafe.finishConnect(AbstractNioChannel.java:340)
	at org.apache.ratis.thirdparty.io.netty.channel.nio.NioEventLoop.processSelectedKey(NioEventLoop.java:632)
	at org.apache.ratis.thirdparty.io.netty.channel.nio.NioEventLoop.processSelectedKeysOptimized(NioEventLoop.java:579)
	at org.apache.ratis.thirdparty.io.netty.channel.nio.NioEventLoop.processSelectedKeys(NioEventLoop.java:496)
	at org.apache.ratis.thirdparty.io.netty.channel.nio.NioEventLoop.run(NioEventLoop.java:458)
	at org.apache.ratis.thirdparty.io.netty.util.concurrent.SingleThreadEventExecutor$5.run(SingleThreadEventExecutor.java:897)
	at org.apache.ratis.thirdparty.io.netty.util.concurrent.FastThreadLocalRunnable.run(FastThreadLocalRunnable.java:30)
	... 1 more
Caused by: java.net.ConnectException: Connection refused
	... 11 more
2019-09-24 23:01:23,323 [71bc6376-fb27-42ba-997c-6c3cc97d63c8@group-53F6125C0DC6:LeaderElection48] INFO  impl.LeaderElection (LeaderElection.java:logAndReturn(56)) - 71bc6376-fb27-42ba-997c-6c3cc97d63c8@group-53F6125C0DC6:LeaderElection48: Election REJECTED; received 0 response(s) [] and 2 exception(s); 71bc6376-fb27-42ba-997c-6c3cc97d63c8@group-53F6125C0DC6:t3, leader=null, voted=71bc6376-fb27-42ba-997c-6c3cc97d63c8, raftlog=71bc6376-fb27-42ba-997c-6c3cc97d63c8@group-53F6125C0DC6-SegmentedRaftLog:OPENED:c0,f0,i0, conf=0: [388b7cca-9c2c-4db0-aaac-d908992fc736:192.168.151.66:36990, 71bc6376-fb27-42ba-997c-6c3cc97d63c8:192.168.151.66:39431, aaae994b-a16f-4482-b826-2f4e81d538e1:192.168.151.66:41609], old=null
2019-09-24 23:01:23,323 [71bc6376-fb27-42ba-997c-6c3cc97d63c8@group-53F6125C0DC6:LeaderElection48] INFO  impl.LeaderElection (LogUtils.java:infoOrTrace(149)) -   Exception 0: {}
java.util.concurrent.ExecutionException: org.apache.ratis.thirdparty.io.grpc.StatusRuntimeException: UNAVAILABLE: io exception
	at java.util.concurrent.FutureTask.report(FutureTask.java:122)
	at java.util.concurrent.FutureTask.get(FutureTask.java:192)
	at org.apache.ratis.server.impl.LeaderElection.waitForResults(LeaderElection.java:263)
	at org.apache.ratis.server.impl.LeaderElection.askForVotes(LeaderElection.java:201)
	at org.apache.ratis.server.impl.LeaderElection.run(LeaderElection.java:133)
	at java.lang.Thread.run(Thread.java:748)
Caused by: org.apache.ratis.thirdparty.io.grpc.StatusRuntimeException: UNAVAILABLE: io exception
	at org.apache.ratis.thirdparty.io.grpc.stub.ClientCalls.toStatusRuntimeException(ClientCalls.java:233)
	at org.apache.ratis.thirdparty.io.grpc.stub.ClientCalls.getUnchecked(ClientCalls.java:214)
	at org.apache.ratis.thirdparty.io.grpc.stub.ClientCalls.blockingUnaryCall(ClientCalls.java:139)
	at org.apache.ratis.proto.grpc.RaftServerProtocolServiceGrpc$RaftServerProtocolServiceBlockingStub.requestVote(RaftServerProtocolServiceGrpc.java:265)
	at org.apache.ratis.grpc.server.GrpcServerProtocolClient.requestVote(GrpcServerProtocolClient.java:90)
	at org.apache.ratis.grpc.server.GrpcService.requestVote(GrpcService.java:204)
	at org.apache.ratis.server.impl.LeaderElection.lambda$submitRequests$1(LeaderElection.java:238)
	at java.util.concurrent.FutureTask.run(FutureTask.java:266)
	at java.util.concurrent.Executors$RunnableAdapter.call(Executors.java:511)
	at java.util.concurrent.FutureTask.run(FutureTask.java:266)
	at java.util.concurrent.ThreadPoolExecutor.runWorker(ThreadPoolExecutor.java:1149)
	at java.util.concurrent.ThreadPoolExecutor$Worker.run(ThreadPoolExecutor.java:624)
	... 1 more
Caused by: org.apache.ratis.thirdparty.io.netty.channel.AbstractChannel$AnnotatedConnectException: Connection refused: /192.168.151.66:36990
	at sun.nio.ch.SocketChannelImpl.checkConnect(Native Method)
	at sun.nio.ch.SocketChannelImpl.finishConnect(SocketChannelImpl.java:717)
	at org.apache.ratis.thirdparty.io.netty.channel.socket.nio.NioSocketChannel.doFinishConnect(NioSocketChannel.java:327)
	at org.apache.ratis.thirdparty.io.netty.channel.nio.AbstractNioChannel$AbstractNioUnsafe.finishConnect(AbstractNioChannel.java:340)
	at org.apache.ratis.thirdparty.io.netty.channel.nio.NioEventLoop.processSelectedKey(NioEventLoop.java:632)
	at org.apache.ratis.thirdparty.io.netty.channel.nio.NioEventLoop.processSelectedKeysOptimized(NioEventLoop.java:579)
	at org.apache.ratis.thirdparty.io.netty.channel.nio.NioEventLoop.processSelectedKeys(NioEventLoop.java:496)
	at org.apache.ratis.thirdparty.io.netty.channel.nio.NioEventLoop.run(NioEventLoop.java:458)
	at org.apache.ratis.thirdparty.io.netty.util.concurrent.SingleThreadEventExecutor$5.run(SingleThreadEventExecutor.java:897)
	at org.apache.ratis.thirdparty.io.netty.util.concurrent.FastThreadLocalRunnable.run(FastThreadLocalRunnable.java:30)
	... 1 more
Caused by: java.net.ConnectException: Connection refused
	... 11 more
2019-09-24 23:01:23,324 [71bc6376-fb27-42ba-997c-6c3cc97d63c8@group-53F6125C0DC6:LeaderElection48] INFO  impl.LeaderElection (LogUtils.java:infoOrTrace(149)) -   Exception 1: {}
java.util.concurrent.ExecutionException: org.apache.ratis.thirdparty.io.grpc.StatusRuntimeException: UNAVAILABLE: io exception
	at java.util.concurrent.FutureTask.report(FutureTask.java:122)
	at java.util.concurrent.FutureTask.get(FutureTask.java:192)
	at org.apache.ratis.server.impl.LeaderElection.waitForResults(LeaderElection.java:263)
	at org.apache.ratis.server.impl.LeaderElection.askForVotes(LeaderElection.java:201)
	at org.apache.ratis.server.impl.LeaderElection.run(LeaderElection.java:133)
	at java.lang.Thread.run(Thread.java:748)
Caused by: org.apache.ratis.thirdparty.io.grpc.StatusRuntimeException: UNAVAILABLE: io exception
	at org.apache.ratis.thirdparty.io.grpc.stub.ClientCalls.toStatusRuntimeException(ClientCalls.java:233)
	at org.apache.ratis.thirdparty.io.grpc.stub.ClientCalls.getUnchecked(ClientCalls.java:214)
	at org.apache.ratis.thirdparty.io.grpc.stub.ClientCalls.blockingUnaryCall(ClientCalls.java:139)
	at org.apache.ratis.proto.grpc.RaftServerProtocolServiceGrpc$RaftServerProtocolServiceBlockingStub.requestVote(RaftServerProtocolServiceGrpc.java:265)
	at org.apache.ratis.grpc.server.GrpcServerProtocolClient.requestVote(GrpcServerProtocolClient.java:90)
	at org.apache.ratis.grpc.server.GrpcService.requestVote(GrpcService.java:204)
	at org.apache.ratis.server.impl.LeaderElection.lambda$submitRequests$1(LeaderElection.java:238)
	at java.util.concurrent.FutureTask.run(FutureTask.java:266)
	at java.util.concurrent.Executors$RunnableAdapter.call(Executors.java:511)
	at java.util.concurrent.FutureTask.run(FutureTask.java:266)
	at java.util.concurrent.ThreadPoolExecutor.runWorker(ThreadPoolExecutor.java:1149)
	at java.util.concurrent.ThreadPoolExecutor$Worker.run(ThreadPoolExecutor.java:624)
	... 1 more
Caused by: org.apache.ratis.thirdparty.io.netty.channel.AbstractChannel$AnnotatedConnectException: Connection refused: /192.168.151.66:41609
	at sun.nio.ch.SocketChannelImpl.checkConnect(Native Method)
	at sun.nio.ch.SocketChannelImpl.finishConnect(SocketChannelImpl.java:717)
	at org.apache.ratis.thirdparty.io.netty.channel.socket.nio.NioSocketChannel.doFinishConnect(NioSocketChannel.java:327)
	at org.apache.ratis.thirdparty.io.netty.channel.nio.AbstractNioChannel$AbstractNioUnsafe.finishConnect(AbstractNioChannel.java:340)
	at org.apache.ratis.thirdparty.io.netty.channel.nio.NioEventLoop.processSelectedKey(NioEventLoop.java:632)
	at org.apache.ratis.thirdparty.io.netty.channel.nio.NioEventLoop.processSelectedKeysOptimized(NioEventLoop.java:579)
	at org.apache.ratis.thirdparty.io.netty.channel.nio.NioEventLoop.processSelectedKeys(NioEventLoop.java:496)
	at org.apache.ratis.thirdparty.io.netty.channel.nio.NioEventLoop.run(NioEventLoop.java:458)
	at org.apache.ratis.thirdparty.io.netty.util.concurrent.SingleThreadEventExecutor$5.run(SingleThreadEventExecutor.java:897)
	at org.apache.ratis.thirdparty.io.netty.util.concurrent.FastThreadLocalRunnable.run(FastThreadLocalRunnable.java:30)
	... 1 more
Caused by: java.net.ConnectException: Connection refused
	... 11 more
2019-09-24 23:01:23,324 [71bc6376-fb27-42ba-997c-6c3cc97d63c8@group-53F6125C0DC6:LeaderElection48] INFO  impl.RaftServerImpl (RaftServerImpl.java:setRole(174)) - 71bc6376-fb27-42ba-997c-6c3cc97d63c8@group-53F6125C0DC6: changes role from CANDIDATE to FOLLOWER at term 3 for DISCOVERED_A_NEW_TERM
2019-09-24 23:01:23,324 [71bc6376-fb27-42ba-997c-6c3cc97d63c8@group-53F6125C0DC6:LeaderElection48] INFO  impl.RoleInfo (RoleInfo.java:shutdownLeaderElection(134)) - 71bc6376-fb27-42ba-997c-6c3cc97d63c8: shutdown LeaderElection
2019-09-24 23:01:23,324 [71bc6376-fb27-42ba-997c-6c3cc97d63c8@group-53F6125C0DC6:LeaderElection48] INFO  impl.RoleInfo (RoleInfo.java:updateAndGet(143)) - 71bc6376-fb27-42ba-997c-6c3cc97d63c8: start FollowerState
2019-09-24 23:01:23,450 [Thread-3213] INFO  impl.FollowerState (FollowerState.java:run(106)) - 4b299780-dc83-45c0-badb-1ce934706cf1:group-90EC4100B693 changes to CANDIDATE, lastRpcTime:1055, electionTimeout:1055ms
2019-09-24 23:01:23,451 [Thread-3213] INFO  impl.RoleInfo (RoleInfo.java:shutdownFollowerState(121)) - 4b299780-dc83-45c0-badb-1ce934706cf1: shutdown FollowerState
2019-09-24 23:01:23,451 [Thread-3213] INFO  impl.RaftServerImpl (RaftServerImpl.java:setRole(174)) - 4b299780-dc83-45c0-badb-1ce934706cf1@group-90EC4100B693: changes role from  FOLLOWER to CANDIDATE at term 5 for changeToCandidate
2019-09-24 23:01:23,451 [Thread-3213] INFO  impl.RoleInfo (RoleInfo.java:updateAndGet(143)) - 4b299780-dc83-45c0-badb-1ce934706cf1: start LeaderElection
2019-09-24 23:01:23,466 [4b299780-dc83-45c0-badb-1ce934706cf1@group-90EC4100B693:LeaderElection49] INFO  impl.LeaderElection (LeaderElection.java:askForVotes(182)) - 4b299780-dc83-45c0-badb-1ce934706cf1@group-90EC4100B693:LeaderElection49: begin an election at term 6 for 0: [4b299780-dc83-45c0-badb-1ce934706cf1:192.168.151.66:34891, 3a9ef4cb-9f73-43f2-9ef0-73623fc2079e:192.168.151.66:39459, 8cdd0bc1-cb69-4d0a-8907-e53e57dcd550:192.168.151.66:44259], old=null
2019-09-24 23:01:23,467 [4b299780-dc83-45c0-badb-1ce934706cf1@group-90EC4100B693:LeaderElection49] INFO  impl.LeaderElection (LogUtils.java:infoOrTrace(149)) - 4b299780-dc83-45c0-badb-1ce934706cf1@group-90EC4100B693:LeaderElection49 got exception when requesting votes: {}
java.util.concurrent.ExecutionException: org.apache.ratis.thirdparty.io.grpc.StatusRuntimeException: UNAVAILABLE: io exception
	at java.util.concurrent.FutureTask.report(FutureTask.java:122)
	at java.util.concurrent.FutureTask.get(FutureTask.java:192)
	at org.apache.ratis.server.impl.LeaderElection.waitForResults(LeaderElection.java:263)
	at org.apache.ratis.server.impl.LeaderElection.askForVotes(LeaderElection.java:201)
	at org.apache.ratis.server.impl.LeaderElection.run(LeaderElection.java:133)
	at java.lang.Thread.run(Thread.java:748)
Caused by: org.apache.ratis.thirdparty.io.grpc.StatusRuntimeException: UNAVAILABLE: io exception
	at org.apache.ratis.thirdparty.io.grpc.stub.ClientCalls.toStatusRuntimeException(ClientCalls.java:233)
	at org.apache.ratis.thirdparty.io.grpc.stub.ClientCalls.getUnchecked(ClientCalls.java:214)
	at org.apache.ratis.thirdparty.io.grpc.stub.ClientCalls.blockingUnaryCall(ClientCalls.java:139)
	at org.apache.ratis.proto.grpc.RaftServerProtocolServiceGrpc$RaftServerProtocolServiceBlockingStub.requestVote(RaftServerProtocolServiceGrpc.java:265)
	at org.apache.ratis.grpc.server.GrpcServerProtocolClient.requestVote(GrpcServerProtocolClient.java:90)
	at org.apache.ratis.grpc.server.GrpcService.requestVote(GrpcService.java:204)
	at org.apache.ratis.server.impl.LeaderElection.lambda$submitRequests$1(LeaderElection.java:238)
	at java.util.concurrent.FutureTask.run(FutureTask.java:266)
	at java.util.concurrent.Executors$RunnableAdapter.call(Executors.java:511)
	at java.util.concurrent.FutureTask.run(FutureTask.java:266)
	at java.util.concurrent.ThreadPoolExecutor.runWorker(ThreadPoolExecutor.java:1149)
	at java.util.concurrent.ThreadPoolExecutor$Worker.run(ThreadPoolExecutor.java:624)
	... 1 more
Caused by: org.apache.ratis.thirdparty.io.netty.channel.AbstractChannel$AnnotatedConnectException: Connection refused: /192.168.151.66:39459
	at sun.nio.ch.SocketChannelImpl.checkConnect(Native Method)
	at sun.nio.ch.SocketChannelImpl.finishConnect(SocketChannelImpl.java:717)
	at org.apache.ratis.thirdparty.io.netty.channel.socket.nio.NioSocketChannel.doFinishConnect(NioSocketChannel.java:327)
	at org.apache.ratis.thirdparty.io.netty.channel.nio.AbstractNioChannel$AbstractNioUnsafe.finishConnect(AbstractNioChannel.java:340)
	at org.apache.ratis.thirdparty.io.netty.channel.nio.NioEventLoop.processSelectedKey(NioEventLoop.java:632)
	at org.apache.ratis.thirdparty.io.netty.channel.nio.NioEventLoop.processSelectedKeysOptimized(NioEventLoop.java:579)
	at org.apache.ratis.thirdparty.io.netty.channel.nio.NioEventLoop.processSelectedKeys(NioEventLoop.java:496)
	at org.apache.ratis.thirdparty.io.netty.channel.nio.NioEventLoop.run(NioEventLoop.java:458)
	at org.apache.ratis.thirdparty.io.netty.util.concurrent.SingleThreadEventExecutor$5.run(SingleThreadEventExecutor.java:897)
	at org.apache.ratis.thirdparty.io.netty.util.concurrent.FastThreadLocalRunnable.run(FastThreadLocalRunnable.java:30)
	... 1 more
Caused by: java.net.ConnectException: Connection refused
	... 11 more
2019-09-24 23:01:23,468 [4b299780-dc83-45c0-badb-1ce934706cf1@group-90EC4100B693:LeaderElection49] INFO  impl.LeaderElection (LogUtils.java:infoOrTrace(149)) - 4b299780-dc83-45c0-badb-1ce934706cf1@group-90EC4100B693:LeaderElection49 got exception when requesting votes: {}
java.util.concurrent.ExecutionException: org.apache.ratis.thirdparty.io.grpc.StatusRuntimeException: UNAVAILABLE: io exception
	at java.util.concurrent.FutureTask.report(FutureTask.java:122)
	at java.util.concurrent.FutureTask.get(FutureTask.java:192)
	at org.apache.ratis.server.impl.LeaderElection.waitForResults(LeaderElection.java:263)
	at org.apache.ratis.server.impl.LeaderElection.askForVotes(LeaderElection.java:201)
	at org.apache.ratis.server.impl.LeaderElection.run(LeaderElection.java:133)
	at java.lang.Thread.run(Thread.java:748)
Caused by: org.apache.ratis.thirdparty.io.grpc.StatusRuntimeException: UNAVAILABLE: io exception
	at org.apache.ratis.thirdparty.io.grpc.stub.ClientCalls.toStatusRuntimeException(ClientCalls.java:233)
	at org.apache.ratis.thirdparty.io.grpc.stub.ClientCalls.getUnchecked(ClientCalls.java:214)
	at org.apache.ratis.thirdparty.io.grpc.stub.ClientCalls.blockingUnaryCall(ClientCalls.java:139)
	at org.apache.ratis.proto.grpc.RaftServerProtocolServiceGrpc$RaftServerProtocolServiceBlockingStub.requestVote(RaftServerProtocolServiceGrpc.java:265)
	at org.apache.ratis.grpc.server.GrpcServerProtocolClient.requestVote(GrpcServerProtocolClient.java:90)
	at org.apache.ratis.grpc.server.GrpcService.requestVote(GrpcService.java:204)
	at org.apache.ratis.server.impl.LeaderElection.lambda$submitRequests$1(LeaderElection.java:238)
	at java.util.concurrent.FutureTask.run(FutureTask.java:266)
	at java.util.concurrent.Executors$RunnableAdapter.call(Executors.java:511)
	at java.util.concurrent.FutureTask.run(FutureTask.java:266)
	at java.util.concurrent.ThreadPoolExecutor.runWorker(ThreadPoolExecutor.java:1149)
	at java.util.concurrent.ThreadPoolExecutor$Worker.run(ThreadPoolExecutor.java:624)
	... 1 more
Caused by: org.apache.ratis.thirdparty.io.netty.channel.AbstractChannel$AnnotatedConnectException: Connection refused: /192.168.151.66:44259
	at sun.nio.ch.SocketChannelImpl.checkConnect(Native Method)
	at sun.nio.ch.SocketChannelImpl.finishConnect(SocketChannelImpl.java:717)
	at org.apache.ratis.thirdparty.io.netty.channel.socket.nio.NioSocketChannel.doFinishConnect(NioSocketChannel.java:327)
	at org.apache.ratis.thirdparty.io.netty.channel.nio.AbstractNioChannel$AbstractNioUnsafe.finishConnect(AbstractNioChannel.java:340)
	at org.apache.ratis.thirdparty.io.netty.channel.nio.NioEventLoop.processSelectedKey(NioEventLoop.java:632)
	at org.apache.ratis.thirdparty.io.netty.channel.nio.NioEventLoop.processSelectedKeysOptimized(NioEventLoop.java:579)
	at org.apache.ratis.thirdparty.io.netty.channel.nio.NioEventLoop.processSelectedKeys(NioEventLoop.java:496)
	at org.apache.ratis.thirdparty.io.netty.channel.nio.NioEventLoop.run(NioEventLoop.java:458)
	at org.apache.ratis.thirdparty.io.netty.util.concurrent.SingleThreadEventExecutor$5.run(SingleThreadEventExecutor.java:897)
	at org.apache.ratis.thirdparty.io.netty.util.concurrent.FastThreadLocalRunnable.run(FastThreadLocalRunnable.java:30)
	... 1 more
Caused by: java.net.ConnectException: Connection refused
	... 11 more
2019-09-24 23:01:23,470 [4b299780-dc83-45c0-badb-1ce934706cf1@group-90EC4100B693:LeaderElection49] INFO  impl.LeaderElection (LeaderElection.java:logAndReturn(56)) - 4b299780-dc83-45c0-badb-1ce934706cf1@group-90EC4100B693:LeaderElection49: Election REJECTED; received 0 response(s) [] and 2 exception(s); 4b299780-dc83-45c0-badb-1ce934706cf1@group-90EC4100B693:t6, leader=null, voted=4b299780-dc83-45c0-badb-1ce934706cf1, raftlog=4b299780-dc83-45c0-badb-1ce934706cf1@group-90EC4100B693-SegmentedRaftLog:OPENED:c0,f0,i0, conf=0: [4b299780-dc83-45c0-badb-1ce934706cf1:192.168.151.66:34891, 3a9ef4cb-9f73-43f2-9ef0-73623fc2079e:192.168.151.66:39459, 8cdd0bc1-cb69-4d0a-8907-e53e57dcd550:192.168.151.66:44259], old=null
2019-09-24 23:01:23,470 [4b299780-dc83-45c0-badb-1ce934706cf1@group-90EC4100B693:LeaderElection49] INFO  impl.LeaderElection (LogUtils.java:infoOrTrace(149)) -   Exception 0: {}
java.util.concurrent.ExecutionException: org.apache.ratis.thirdparty.io.grpc.StatusRuntimeException: UNAVAILABLE: io exception
	at java.util.concurrent.FutureTask.report(FutureTask.java:122)
	at java.util.concurrent.FutureTask.get(FutureTask.java:192)
	at org.apache.ratis.server.impl.LeaderElection.waitForResults(LeaderElection.java:263)
	at org.apache.ratis.server.impl.LeaderElection.askForVotes(LeaderElection.java:201)
	at org.apache.ratis.server.impl.LeaderElection.run(LeaderElection.java:133)
	at java.lang.Thread.run(Thread.java:748)
Caused by: org.apache.ratis.thirdparty.io.grpc.StatusRuntimeException: UNAVAILABLE: io exception
	at org.apache.ratis.thirdparty.io.grpc.stub.ClientCalls.toStatusRuntimeException(ClientCalls.java:233)
	at org.apache.ratis.thirdparty.io.grpc.stub.ClientCalls.getUnchecked(ClientCalls.java:214)
	at org.apache.ratis.thirdparty.io.grpc.stub.ClientCalls.blockingUnaryCall(ClientCalls.java:139)
	at org.apache.ratis.proto.grpc.RaftServerProtocolServiceGrpc$RaftServerProtocolServiceBlockingStub.requestVote(RaftServerProtocolServiceGrpc.java:265)
	at org.apache.ratis.grpc.server.GrpcServerProtocolClient.requestVote(GrpcServerProtocolClient.java:90)
	at org.apache.ratis.grpc.server.GrpcService.requestVote(GrpcService.java:204)
	at org.apache.ratis.server.impl.LeaderElection.lambda$submitRequests$1(LeaderElection.java:238)
	at java.util.concurrent.FutureTask.run(FutureTask.java:266)
	at java.util.concurrent.Executors$RunnableAdapter.call(Executors.java:511)
	at java.util.concurrent.FutureTask.run(FutureTask.java:266)
	at java.util.concurrent.ThreadPoolExecutor.runWorker(ThreadPoolExecutor.java:1149)
	at java.util.concurrent.ThreadPoolExecutor$Worker.run(ThreadPoolExecutor.java:624)
	... 1 more
Caused by: org.apache.ratis.thirdparty.io.netty.channel.AbstractChannel$AnnotatedConnectException: Connection refused: /192.168.151.66:39459
	at sun.nio.ch.SocketChannelImpl.checkConnect(Native Method)
	at sun.nio.ch.SocketChannelImpl.finishConnect(SocketChannelImpl.java:717)
	at org.apache.ratis.thirdparty.io.netty.channel.socket.nio.NioSocketChannel.doFinishConnect(NioSocketChannel.java:327)
	at org.apache.ratis.thirdparty.io.netty.channel.nio.AbstractNioChannel$AbstractNioUnsafe.finishConnect(AbstractNioChannel.java:340)
	at org.apache.ratis.thirdparty.io.netty.channel.nio.NioEventLoop.processSelectedKey(NioEventLoop.java:632)
	at org.apache.ratis.thirdparty.io.netty.channel.nio.NioEventLoop.processSelectedKeysOptimized(NioEventLoop.java:579)
	at org.apache.ratis.thirdparty.io.netty.channel.nio.NioEventLoop.processSelectedKeys(NioEventLoop.java:496)
	at org.apache.ratis.thirdparty.io.netty.channel.nio.NioEventLoop.run(NioEventLoop.java:458)
	at org.apache.ratis.thirdparty.io.netty.util.concurrent.SingleThreadEventExecutor$5.run(SingleThreadEventExecutor.java:897)
	at org.apache.ratis.thirdparty.io.netty.util.concurrent.FastThreadLocalRunnable.run(FastThreadLocalRunnable.java:30)
	... 1 more
Caused by: java.net.ConnectException: Connection refused
	... 11 more
2019-09-24 23:01:23,470 [4b299780-dc83-45c0-badb-1ce934706cf1@group-90EC4100B693:LeaderElection49] INFO  impl.LeaderElection (LogUtils.java:infoOrTrace(149)) -   Exception 1: {}
java.util.concurrent.ExecutionException: org.apache.ratis.thirdparty.io.grpc.StatusRuntimeException: UNAVAILABLE: io exception
	at java.util.concurrent.FutureTask.report(FutureTask.java:122)
	at java.util.concurrent.FutureTask.get(FutureTask.java:192)
	at org.apache.ratis.server.impl.LeaderElection.waitForResults(LeaderElection.java:263)
	at org.apache.ratis.server.impl.LeaderElection.askForVotes(LeaderElection.java:201)
	at org.apache.ratis.server.impl.LeaderElection.run(LeaderElection.java:133)
	at java.lang.Thread.run(Thread.java:748)
Caused by: org.apache.ratis.thirdparty.io.grpc.StatusRuntimeException: UNAVAILABLE: io exception
	at org.apache.ratis.thirdparty.io.grpc.stub.ClientCalls.toStatusRuntimeException(ClientCalls.java:233)
	at org.apache.ratis.thirdparty.io.grpc.stub.ClientCalls.getUnchecked(ClientCalls.java:214)
	at org.apache.ratis.thirdparty.io.grpc.stub.ClientCalls.blockingUnaryCall(ClientCalls.java:139)
	at org.apache.ratis.proto.grpc.RaftServerProtocolServiceGrpc$RaftServerProtocolServiceBlockingStub.requestVote(RaftServerProtocolServiceGrpc.java:265)
	at org.apache.ratis.grpc.server.GrpcServerProtocolClient.requestVote(GrpcServerProtocolClient.java:90)
	at org.apache.ratis.grpc.server.GrpcService.requestVote(GrpcService.java:204)
	at org.apache.ratis.server.impl.LeaderElection.lambda$submitRequests$1(LeaderElection.java:238)
	at java.util.concurrent.FutureTask.run(FutureTask.java:266)
	at java.util.concurrent.Executors$RunnableAdapter.call(Executors.java:511)
	at java.util.concurrent.FutureTask.run(FutureTask.java:266)
	at java.util.concurrent.ThreadPoolExecutor.runWorker(ThreadPoolExecutor.java:1149)
	at java.util.concurrent.ThreadPoolExecutor$Worker.run(ThreadPoolExecutor.java:624)
	... 1 more
Caused by: org.apache.ratis.thirdparty.io.netty.channel.AbstractChannel$AnnotatedConnectException: Connection refused: /192.168.151.66:44259
	at sun.nio.ch.SocketChannelImpl.checkConnect(Native Method)
	at sun.nio.ch.SocketChannelImpl.finishConnect(SocketChannelImpl.java:717)
	at org.apache.ratis.thirdparty.io.netty.channel.socket.nio.NioSocketChannel.doFinishConnect(NioSocketChannel.java:327)
	at org.apache.ratis.thirdparty.io.netty.channel.nio.AbstractNioChannel$AbstractNioUnsafe.finishConnect(AbstractNioChannel.java:340)
	at org.apache.ratis.thirdparty.io.netty.channel.nio.NioEventLoop.processSelectedKey(NioEventLoop.java:632)
	at org.apache.ratis.thirdparty.io.netty.channel.nio.NioEventLoop.processSelectedKeysOptimized(NioEventLoop.java:579)
	at org.apache.ratis.thirdparty.io.netty.channel.nio.NioEventLoop.processSelectedKeys(NioEventLoop.java:496)
	at org.apache.ratis.thirdparty.io.netty.channel.nio.NioEventLoop.run(NioEventLoop.java:458)
	at org.apache.ratis.thirdparty.io.netty.util.concurrent.SingleThreadEventExecutor$5.run(SingleThreadEventExecutor.java:897)
	at org.apache.ratis.thirdparty.io.netty.util.concurrent.FastThreadLocalRunnable.run(FastThreadLocalRunnable.java:30)
	... 1 more
Caused by: java.net.ConnectException: Connection refused
	... 11 more
2019-09-24 23:01:23,471 [4b299780-dc83-45c0-badb-1ce934706cf1@group-90EC4100B693:LeaderElection49] INFO  impl.RaftServerImpl (RaftServerImpl.java:setRole(174)) - 4b299780-dc83-45c0-badb-1ce934706cf1@group-90EC4100B693: changes role from CANDIDATE to FOLLOWER at term 6 for DISCOVERED_A_NEW_TERM
2019-09-24 23:01:23,471 [4b299780-dc83-45c0-badb-1ce934706cf1@group-90EC4100B693:LeaderElection49] INFO  impl.RoleInfo (RoleInfo.java:shutdownLeaderElection(134)) - 4b299780-dc83-45c0-badb-1ce934706cf1: shutdown LeaderElection
2019-09-24 23:01:23,471 [4b299780-dc83-45c0-badb-1ce934706cf1@group-90EC4100B693:LeaderElection49] INFO  impl.RoleInfo (RoleInfo.java:updateAndGet(143)) - 4b299780-dc83-45c0-badb-1ce934706cf1: start FollowerState
2019-09-24 23:01:24,465 [Thread-3217] INFO  impl.FollowerState (FollowerState.java:run(106)) - 71bc6376-fb27-42ba-997c-6c3cc97d63c8:group-53F6125C0DC6 changes to CANDIDATE, lastRpcTime:1140, electionTimeout:1140ms
2019-09-24 23:01:24,467 [Thread-3217] INFO  impl.RoleInfo (RoleInfo.java:shutdownFollowerState(121)) - 71bc6376-fb27-42ba-997c-6c3cc97d63c8: shutdown FollowerState
2019-09-24 23:01:24,467 [Thread-3217] INFO  impl.RaftServerImpl (RaftServerImpl.java:setRole(174)) - 71bc6376-fb27-42ba-997c-6c3cc97d63c8@group-53F6125C0DC6: changes role from  FOLLOWER to CANDIDATE at term 3 for changeToCandidate
2019-09-24 23:01:24,468 [Thread-3217] INFO  impl.RoleInfo (RoleInfo.java:updateAndGet(143)) - 71bc6376-fb27-42ba-997c-6c3cc97d63c8: start LeaderElection
2019-09-24 23:01:24,484 [71bc6376-fb27-42ba-997c-6c3cc97d63c8@group-53F6125C0DC6:LeaderElection50] INFO  impl.LeaderElection (LeaderElection.java:askForVotes(182)) - 71bc6376-fb27-42ba-997c-6c3cc97d63c8@group-53F6125C0DC6:LeaderElection50: begin an election at term 4 for 0: [388b7cca-9c2c-4db0-aaac-d908992fc736:192.168.151.66:36990, 71bc6376-fb27-42ba-997c-6c3cc97d63c8:192.168.151.66:39431, aaae994b-a16f-4482-b826-2f4e81d538e1:192.168.151.66:41609], old=null
2019-09-24 23:01:24,485 [71bc6376-fb27-42ba-997c-6c3cc97d63c8@group-53F6125C0DC6:LeaderElection50] INFO  impl.LeaderElection (LogUtils.java:infoOrTrace(149)) - 71bc6376-fb27-42ba-997c-6c3cc97d63c8@group-53F6125C0DC6:LeaderElection50 got exception when requesting votes: {}
java.util.concurrent.ExecutionException: org.apache.ratis.thirdparty.io.grpc.StatusRuntimeException: UNAVAILABLE: io exception
	at java.util.concurrent.FutureTask.report(FutureTask.java:122)
	at java.util.concurrent.FutureTask.get(FutureTask.java:192)
	at org.apache.ratis.server.impl.LeaderElection.waitForResults(LeaderElection.java:263)
	at org.apache.ratis.server.impl.LeaderElection.askForVotes(LeaderElection.java:201)
	at org.apache.ratis.server.impl.LeaderElection.run(LeaderElection.java:133)
	at java.lang.Thread.run(Thread.java:748)
Caused by: org.apache.ratis.thirdparty.io.grpc.StatusRuntimeException: UNAVAILABLE: io exception
	at org.apache.ratis.thirdparty.io.grpc.stub.ClientCalls.toStatusRuntimeException(ClientCalls.java:233)
	at org.apache.ratis.thirdparty.io.grpc.stub.ClientCalls.getUnchecked(ClientCalls.java:214)
	at org.apache.ratis.thirdparty.io.grpc.stub.ClientCalls.blockingUnaryCall(ClientCalls.java:139)
	at org.apache.ratis.proto.grpc.RaftServerProtocolServiceGrpc$RaftServerProtocolServiceBlockingStub.requestVote(RaftServerProtocolServiceGrpc.java:265)
	at org.apache.ratis.grpc.server.GrpcServerProtocolClient.requestVote(GrpcServerProtocolClient.java:90)
	at org.apache.ratis.grpc.server.GrpcService.requestVote(GrpcService.java:204)
	at org.apache.ratis.server.impl.LeaderElection.lambda$submitRequests$1(LeaderElection.java:238)
	at java.util.concurrent.FutureTask.run(FutureTask.java:266)
	at java.util.concurrent.Executors$RunnableAdapter.call(Executors.java:511)
	at java.util.concurrent.FutureTask.run(FutureTask.java:266)
	at java.util.concurrent.ThreadPoolExecutor.runWorker(ThreadPoolExecutor.java:1149)
	at java.util.concurrent.ThreadPoolExecutor$Worker.run(ThreadPoolExecutor.java:624)
	... 1 more
Caused by: org.apache.ratis.thirdparty.io.netty.channel.AbstractChannel$AnnotatedConnectException: Connection refused: /192.168.151.66:36990
	at sun.nio.ch.SocketChannelImpl.checkConnect(Native Method)
	at sun.nio.ch.SocketChannelImpl.finishConnect(SocketChannelImpl.java:717)
	at org.apache.ratis.thirdparty.io.netty.channel.socket.nio.NioSocketChannel.doFinishConnect(NioSocketChannel.java:327)
	at org.apache.ratis.thirdparty.io.netty.channel.nio.AbstractNioChannel$AbstractNioUnsafe.finishConnect(AbstractNioChannel.java:340)
	at org.apache.ratis.thirdparty.io.netty.channel.nio.NioEventLoop.processSelectedKey(NioEventLoop.java:632)
	at org.apache.ratis.thirdparty.io.netty.channel.nio.NioEventLoop.processSelectedKeysOptimized(NioEventLoop.java:579)
	at org.apache.ratis.thirdparty.io.netty.channel.nio.NioEventLoop.processSelectedKeys(NioEventLoop.java:496)
	at org.apache.ratis.thirdparty.io.netty.channel.nio.NioEventLoop.run(NioEventLoop.java:458)
	at org.apache.ratis.thirdparty.io.netty.util.concurrent.SingleThreadEventExecutor$5.run(SingleThreadEventExecutor.java:897)
	at org.apache.ratis.thirdparty.io.netty.util.concurrent.FastThreadLocalRunnable.run(FastThreadLocalRunnable.java:30)
	... 1 more
Caused by: java.net.ConnectException: Connection refused
	... 11 more
2019-09-24 23:01:24,487 [71bc6376-fb27-42ba-997c-6c3cc97d63c8@group-53F6125C0DC6:LeaderElection50] INFO  impl.LeaderElection (LogUtils.java:infoOrTrace(149)) - 71bc6376-fb27-42ba-997c-6c3cc97d63c8@group-53F6125C0DC6:LeaderElection50 got exception when requesting votes: {}
java.util.concurrent.ExecutionException: org.apache.ratis.thirdparty.io.grpc.StatusRuntimeException: UNAVAILABLE: io exception
	at java.util.concurrent.FutureTask.report(FutureTask.java:122)
	at java.util.concurrent.FutureTask.get(FutureTask.java:192)
	at org.apache.ratis.server.impl.LeaderElection.waitForResults(LeaderElection.java:263)
	at org.apache.ratis.server.impl.LeaderElection.askForVotes(LeaderElection.java:201)
	at org.apache.ratis.server.impl.LeaderElection.run(LeaderElection.java:133)
	at java.lang.Thread.run(Thread.java:748)
Caused by: org.apache.ratis.thirdparty.io.grpc.StatusRuntimeException: UNAVAILABLE: io exception
	at org.apache.ratis.thirdparty.io.grpc.stub.ClientCalls.toStatusRuntimeException(ClientCalls.java:233)
	at org.apache.ratis.thirdparty.io.grpc.stub.ClientCalls.getUnchecked(ClientCalls.java:214)
	at org.apache.ratis.thirdparty.io.grpc.stub.ClientCalls.blockingUnaryCall(ClientCalls.java:139)
	at org.apache.ratis.proto.grpc.RaftServerProtocolServiceGrpc$RaftServerProtocolServiceBlockingStub.requestVote(RaftServerProtocolServiceGrpc.java:265)
	at org.apache.ratis.grpc.server.GrpcServerProtocolClient.requestVote(GrpcServerProtocolClient.java:90)
	at org.apache.ratis.grpc.server.GrpcService.requestVote(GrpcService.java:204)
	at org.apache.ratis.server.impl.LeaderElection.lambda$submitRequests$1(LeaderElection.java:238)
	at java.util.concurrent.FutureTask.run(FutureTask.java:266)
	at java.util.concurrent.Executors$RunnableAdapter.call(Executors.java:511)
	at java.util.concurrent.FutureTask.run(FutureTask.java:266)
	at java.util.concurrent.ThreadPoolExecutor.runWorker(ThreadPoolExecutor.java:1149)
	at java.util.concurrent.ThreadPoolExecutor$Worker.run(ThreadPoolExecutor.java:624)
	... 1 more
Caused by: org.apache.ratis.thirdparty.io.netty.channel.AbstractChannel$AnnotatedConnectException: Connection refused: /192.168.151.66:41609
	at sun.nio.ch.SocketChannelImpl.checkConnect(Native Method)
	at sun.nio.ch.SocketChannelImpl.finishConnect(SocketChannelImpl.java:717)
	at org.apache.ratis.thirdparty.io.netty.channel.socket.nio.NioSocketChannel.doFinishConnect(NioSocketChannel.java:327)
	at org.apache.ratis.thirdparty.io.netty.channel.nio.AbstractNioChannel$AbstractNioUnsafe.finishConnect(AbstractNioChannel.java:340)
	at org.apache.ratis.thirdparty.io.netty.channel.nio.NioEventLoop.processSelectedKey(NioEventLoop.java:632)
	at org.apache.ratis.thirdparty.io.netty.channel.nio.NioEventLoop.processSelectedKeysOptimized(NioEventLoop.java:579)
	at org.apache.ratis.thirdparty.io.netty.channel.nio.NioEventLoop.processSelectedKeys(NioEventLoop.java:496)
	at org.apache.ratis.thirdparty.io.netty.channel.nio.NioEventLoop.run(NioEventLoop.java:458)
	at org.apache.ratis.thirdparty.io.netty.util.concurrent.SingleThreadEventExecutor$5.run(SingleThreadEventExecutor.java:897)
	at org.apache.ratis.thirdparty.io.netty.util.concurrent.FastThreadLocalRunnable.run(FastThreadLocalRunnable.java:30)
	... 1 more
Caused by: java.net.ConnectException: Connection refused
	... 11 more
2019-09-24 23:01:24,489 [71bc6376-fb27-42ba-997c-6c3cc97d63c8@group-53F6125C0DC6:LeaderElection50] INFO  impl.LeaderElection (LeaderElection.java:logAndReturn(56)) - 71bc6376-fb27-42ba-997c-6c3cc97d63c8@group-53F6125C0DC6:LeaderElection50: Election REJECTED; received 0 response(s) [] and 2 exception(s); 71bc6376-fb27-42ba-997c-6c3cc97d63c8@group-53F6125C0DC6:t4, leader=null, voted=71bc6376-fb27-42ba-997c-6c3cc97d63c8, raftlog=71bc6376-fb27-42ba-997c-6c3cc97d63c8@group-53F6125C0DC6-SegmentedRaftLog:OPENED:c0,f0,i0, conf=0: [388b7cca-9c2c-4db0-aaac-d908992fc736:192.168.151.66:36990, 71bc6376-fb27-42ba-997c-6c3cc97d63c8:192.168.151.66:39431, aaae994b-a16f-4482-b826-2f4e81d538e1:192.168.151.66:41609], old=null
2019-09-24 23:01:24,489 [71bc6376-fb27-42ba-997c-6c3cc97d63c8@group-53F6125C0DC6:LeaderElection50] INFO  impl.LeaderElection (LogUtils.java:infoOrTrace(149)) -   Exception 0: {}
java.util.concurrent.ExecutionException: org.apache.ratis.thirdparty.io.grpc.StatusRuntimeException: UNAVAILABLE: io exception
	at java.util.concurrent.FutureTask.report(FutureTask.java:122)
	at java.util.concurrent.FutureTask.get(FutureTask.java:192)
	at org.apache.ratis.server.impl.LeaderElection.waitForResults(LeaderElection.java:263)
	at org.apache.ratis.server.impl.LeaderElection.askForVotes(LeaderElection.java:201)
	at org.apache.ratis.server.impl.LeaderElection.run(LeaderElection.java:133)
	at java.lang.Thread.run(Thread.java:748)
Caused by: org.apache.ratis.thirdparty.io.grpc.StatusRuntimeException: UNAVAILABLE: io exception
	at org.apache.ratis.thirdparty.io.grpc.stub.ClientCalls.toStatusRuntimeException(ClientCalls.java:233)
	at org.apache.ratis.thirdparty.io.grpc.stub.ClientCalls.getUnchecked(ClientCalls.java:214)
	at org.apache.ratis.thirdparty.io.grpc.stub.ClientCalls.blockingUnaryCall(ClientCalls.java:139)
	at org.apache.ratis.proto.grpc.RaftServerProtocolServiceGrpc$RaftServerProtocolServiceBlockingStub.requestVote(RaftServerProtocolServiceGrpc.java:265)
	at org.apache.ratis.grpc.server.GrpcServerProtocolClient.requestVote(GrpcServerProtocolClient.java:90)
	at org.apache.ratis.grpc.server.GrpcService.requestVote(GrpcService.java:204)
	at org.apache.ratis.server.impl.LeaderElection.lambda$submitRequests$1(LeaderElection.java:238)
	at java.util.concurrent.FutureTask.run(FutureTask.java:266)
	at java.util.concurrent.Executors$RunnableAdapter.call(Executors.java:511)
	at java.util.concurrent.FutureTask.run(FutureTask.java:266)
	at java.util.concurrent.ThreadPoolExecutor.runWorker(ThreadPoolExecutor.java:1149)
	at java.util.concurrent.ThreadPoolExecutor$Worker.run(ThreadPoolExecutor.java:624)
	... 1 more
Caused by: org.apache.ratis.thirdparty.io.netty.channel.AbstractChannel$AnnotatedConnectException: Connection refused: /192.168.151.66:36990
	at sun.nio.ch.SocketChannelImpl.checkConnect(Native Method)
	at sun.nio.ch.SocketChannelImpl.finishConnect(SocketChannelImpl.java:717)
	at org.apache.ratis.thirdparty.io.netty.channel.socket.nio.NioSocketChannel.doFinishConnect(NioSocketChannel.java:327)
	at org.apache.ratis.thirdparty.io.netty.channel.nio.AbstractNioChannel$AbstractNioUnsafe.finishConnect(AbstractNioChannel.java:340)
	at org.apache.ratis.thirdparty.io.netty.channel.nio.NioEventLoop.processSelectedKey(NioEventLoop.java:632)
	at org.apache.ratis.thirdparty.io.netty.channel.nio.NioEventLoop.processSelectedKeysOptimized(NioEventLoop.java:579)
	at org.apache.ratis.thirdparty.io.netty.channel.nio.NioEventLoop.processSelectedKeys(NioEventLoop.java:496)
	at org.apache.ratis.thirdparty.io.netty.channel.nio.NioEventLoop.run(NioEventLoop.java:458)
	at org.apache.ratis.thirdparty.io.netty.util.concurrent.SingleThreadEventExecutor$5.run(SingleThreadEventExecutor.java:897)
	at org.apache.ratis.thirdparty.io.netty.util.concurrent.FastThreadLocalRunnable.run(FastThreadLocalRunnable.java:30)
	... 1 more
Caused by: java.net.ConnectException: Connection refused
	... 11 more
2019-09-24 23:01:24,489 [71bc6376-fb27-42ba-997c-6c3cc97d63c8@group-53F6125C0DC6:LeaderElection50] INFO  impl.LeaderElection (LogUtils.java:infoOrTrace(149)) -   Exception 1: {}
java.util.concurrent.ExecutionException: org.apache.ratis.thirdparty.io.grpc.StatusRuntimeException: UNAVAILABLE: io exception
	at java.util.concurrent.FutureTask.report(FutureTask.java:122)
	at java.util.concurrent.FutureTask.get(FutureTask.java:192)
	at org.apache.ratis.server.impl.LeaderElection.waitForResults(LeaderElection.java:263)
	at org.apache.ratis.server.impl.LeaderElection.askForVotes(LeaderElection.java:201)
	at org.apache.ratis.server.impl.LeaderElection.run(LeaderElection.java:133)
	at java.lang.Thread.run(Thread.java:748)
Caused by: org.apache.ratis.thirdparty.io.grpc.StatusRuntimeException: UNAVAILABLE: io exception
	at org.apache.ratis.thirdparty.io.grpc.stub.ClientCalls.toStatusRuntimeException(ClientCalls.java:233)
	at org.apache.ratis.thirdparty.io.grpc.stub.ClientCalls.getUnchecked(ClientCalls.java:214)
	at org.apache.ratis.thirdparty.io.grpc.stub.ClientCalls.blockingUnaryCall(ClientCalls.java:139)
	at org.apache.ratis.proto.grpc.RaftServerProtocolServiceGrpc$RaftServerProtocolServiceBlockingStub.requestVote(RaftServerProtocolServiceGrpc.java:265)
	at org.apache.ratis.grpc.server.GrpcServerProtocolClient.requestVote(GrpcServerProtocolClient.java:90)
	at org.apache.ratis.grpc.server.GrpcService.requestVote(GrpcService.java:204)
	at org.apache.ratis.server.impl.LeaderElection.lambda$submitRequests$1(LeaderElection.java:238)
	at java.util.concurrent.FutureTask.run(FutureTask.java:266)
	at java.util.concurrent.Executors$RunnableAdapter.call(Executors.java:511)
	at java.util.concurrent.FutureTask.run(FutureTask.java:266)
	at java.util.concurrent.ThreadPoolExecutor.runWorker(ThreadPoolExecutor.java:1149)
	at java.util.concurrent.ThreadPoolExecutor$Worker.run(ThreadPoolExecutor.java:624)
	... 1 more
Caused by: org.apache.ratis.thirdparty.io.netty.channel.AbstractChannel$AnnotatedConnectException: Connection refused: /192.168.151.66:41609
	at sun.nio.ch.SocketChannelImpl.checkConnect(Native Method)
	at sun.nio.ch.SocketChannelImpl.finishConnect(SocketChannelImpl.java:717)
	at org.apache.ratis.thirdparty.io.netty.channel.socket.nio.NioSocketChannel.doFinishConnect(NioSocketChannel.java:327)
	at org.apache.ratis.thirdparty.io.netty.channel.nio.AbstractNioChannel$AbstractNioUnsafe.finishConnect(AbstractNioChannel.java:340)
	at org.apache.ratis.thirdparty.io.netty.channel.nio.NioEventLoop.processSelectedKey(NioEventLoop.java:632)
	at org.apache.ratis.thirdparty.io.netty.channel.nio.NioEventLoop.processSelectedKeysOptimized(NioEventLoop.java:579)
	at org.apache.ratis.thirdparty.io.netty.channel.nio.NioEventLoop.processSelectedKeys(NioEventLoop.java:496)
	at org.apache.ratis.thirdparty.io.netty.channel.nio.NioEventLoop.run(NioEventLoop.java:458)
	at org.apache.ratis.thirdparty.io.netty.util.concurrent.SingleThreadEventExecutor$5.run(SingleThreadEventExecutor.java:897)
	at org.apache.ratis.thirdparty.io.netty.util.concurrent.FastThreadLocalRunnable.run(FastThreadLocalRunnable.java:30)
	... 1 more
Caused by: java.net.ConnectException: Connection refused
	... 11 more
2019-09-24 23:01:24,490 [71bc6376-fb27-42ba-997c-6c3cc97d63c8@group-53F6125C0DC6:LeaderElection50] INFO  impl.RaftServerImpl (RaftServerImpl.java:setRole(174)) - 71bc6376-fb27-42ba-997c-6c3cc97d63c8@group-53F6125C0DC6: changes role from CANDIDATE to FOLLOWER at term 4 for DISCOVERED_A_NEW_TERM
2019-09-24 23:01:24,490 [71bc6376-fb27-42ba-997c-6c3cc97d63c8@group-53F6125C0DC6:LeaderElection50] INFO  impl.RoleInfo (RoleInfo.java:shutdownLeaderElection(134)) - 71bc6376-fb27-42ba-997c-6c3cc97d63c8: shutdown LeaderElection
2019-09-24 23:01:24,490 [71bc6376-fb27-42ba-997c-6c3cc97d63c8@group-53F6125C0DC6:LeaderElection50] INFO  impl.RoleInfo (RoleInfo.java:updateAndGet(143)) - 71bc6376-fb27-42ba-997c-6c3cc97d63c8: start FollowerState
2019-09-24 23:01:24,590 [Thread-3221] INFO  impl.FollowerState (FollowerState.java:run(106)) - 4b299780-dc83-45c0-badb-1ce934706cf1:group-90EC4100B693 changes to CANDIDATE, lastRpcTime:1118, electionTimeout:1118ms
2019-09-24 23:01:24,591 [Thread-3221] INFO  impl.RoleInfo (RoleInfo.java:shutdownFollowerState(121)) - 4b299780-dc83-45c0-badb-1ce934706cf1: shutdown FollowerState
2019-09-24 23:01:24,591 [Thread-3221] INFO  impl.RaftServerImpl (RaftServerImpl.java:setRole(174)) - 4b299780-dc83-45c0-badb-1ce934706cf1@group-90EC4100B693: changes role from  FOLLOWER to CANDIDATE at term 6 for changeToCandidate
2019-09-24 23:01:24,592 [Thread-3221] INFO  impl.RoleInfo (RoleInfo.java:updateAndGet(143)) - 4b299780-dc83-45c0-badb-1ce934706cf1: start LeaderElection
2019-09-24 23:01:24,606 [4b299780-dc83-45c0-badb-1ce934706cf1@group-90EC4100B693:LeaderElection51] INFO  impl.LeaderElection (LeaderElection.java:askForVotes(182)) - 4b299780-dc83-45c0-badb-1ce934706cf1@group-90EC4100B693:LeaderElection51: begin an election at term 7 for 0: [4b299780-dc83-45c0-badb-1ce934706cf1:192.168.151.66:34891, 3a9ef4cb-9f73-43f2-9ef0-73623fc2079e:192.168.151.66:39459, 8cdd0bc1-cb69-4d0a-8907-e53e57dcd550:192.168.151.66:44259], old=null
2019-09-24 23:01:24,607 [4b299780-dc83-45c0-badb-1ce934706cf1@group-90EC4100B693:LeaderElection51] INFO  impl.LeaderElection (LogUtils.java:infoOrTrace(149)) - 4b299780-dc83-45c0-badb-1ce934706cf1@group-90EC4100B693:LeaderElection51 got exception when requesting votes: {}
java.util.concurrent.ExecutionException: org.apache.ratis.thirdparty.io.grpc.StatusRuntimeException: UNAVAILABLE: io exception
	at java.util.concurrent.FutureTask.report(FutureTask.java:122)
	at java.util.concurrent.FutureTask.get(FutureTask.java:192)
	at org.apache.ratis.server.impl.LeaderElection.waitForResults(LeaderElection.java:263)
	at org.apache.ratis.server.impl.LeaderElection.askForVotes(LeaderElection.java:201)
	at org.apache.ratis.server.impl.LeaderElection.run(LeaderElection.java:133)
	at java.lang.Thread.run(Thread.java:748)
Caused by: org.apache.ratis.thirdparty.io.grpc.StatusRuntimeException: UNAVAILABLE: io exception
	at org.apache.ratis.thirdparty.io.grpc.stub.ClientCalls.toStatusRuntimeException(ClientCalls.java:233)
	at org.apache.ratis.thirdparty.io.grpc.stub.ClientCalls.getUnchecked(ClientCalls.java:214)
	at org.apache.ratis.thirdparty.io.grpc.stub.ClientCalls.blockingUnaryCall(ClientCalls.java:139)
	at org.apache.ratis.proto.grpc.RaftServerProtocolServiceGrpc$RaftServerProtocolServiceBlockingStub.requestVote(RaftServerProtocolServiceGrpc.java:265)
	at org.apache.ratis.grpc.server.GrpcServerProtocolClient.requestVote(GrpcServerProtocolClient.java:90)
	at org.apache.ratis.grpc.server.GrpcService.requestVote(GrpcService.java:204)
	at org.apache.ratis.server.impl.LeaderElection.lambda$submitRequests$1(LeaderElection.java:238)
	at java.util.concurrent.FutureTask.run(FutureTask.java:266)
	at java.util.concurrent.Executors$RunnableAdapter.call(Executors.java:511)
	at java.util.concurrent.FutureTask.run(FutureTask.java:266)
	at java.util.concurrent.ThreadPoolExecutor.runWorker(ThreadPoolExecutor.java:1149)
	at java.util.concurrent.ThreadPoolExecutor$Worker.run(ThreadPoolExecutor.java:624)
	... 1 more
Caused by: org.apache.ratis.thirdparty.io.netty.channel.AbstractChannel$AnnotatedConnectException: Connection refused: /192.168.151.66:39459
	at sun.nio.ch.SocketChannelImpl.checkConnect(Native Method)
	at sun.nio.ch.SocketChannelImpl.finishConnect(SocketChannelImpl.java:717)
	at org.apache.ratis.thirdparty.io.netty.channel.socket.nio.NioSocketChannel.doFinishConnect(NioSocketChannel.java:327)
	at org.apache.ratis.thirdparty.io.netty.channel.nio.AbstractNioChannel$AbstractNioUnsafe.finishConnect(AbstractNioChannel.java:340)
	at org.apache.ratis.thirdparty.io.netty.channel.nio.NioEventLoop.processSelectedKey(NioEventLoop.java:632)
	at org.apache.ratis.thirdparty.io.netty.channel.nio.NioEventLoop.processSelectedKeysOptimized(NioEventLoop.java:579)
	at org.apache.ratis.thirdparty.io.netty.channel.nio.NioEventLoop.processSelectedKeys(NioEventLoop.java:496)
	at org.apache.ratis.thirdparty.io.netty.channel.nio.NioEventLoop.run(NioEventLoop.java:458)
	at org.apache.ratis.thirdparty.io.netty.util.concurrent.SingleThreadEventExecutor$5.run(SingleThreadEventExecutor.java:897)
	at org.apache.ratis.thirdparty.io.netty.util.concurrent.FastThreadLocalRunnable.run(FastThreadLocalRunnable.java:30)
	... 1 more
Caused by: java.net.ConnectException: Connection refused
	... 11 more
2019-09-24 23:01:24,609 [4b299780-dc83-45c0-badb-1ce934706cf1@group-90EC4100B693:LeaderElection51] INFO  impl.LeaderElection (LogUtils.java:infoOrTrace(149)) - 4b299780-dc83-45c0-badb-1ce934706cf1@group-90EC4100B693:LeaderElection51 got exception when requesting votes: {}
java.util.concurrent.ExecutionException: org.apache.ratis.thirdparty.io.grpc.StatusRuntimeException: UNAVAILABLE: io exception
	at java.util.concurrent.FutureTask.report(FutureTask.java:122)
	at java.util.concurrent.FutureTask.get(FutureTask.java:192)
	at org.apache.ratis.server.impl.LeaderElection.waitForResults(LeaderElection.java:263)
	at org.apache.ratis.server.impl.LeaderElection.askForVotes(LeaderElection.java:201)
	at org.apache.ratis.server.impl.LeaderElection.run(LeaderElection.java:133)
	at java.lang.Thread.run(Thread.java:748)
Caused by: org.apache.ratis.thirdparty.io.grpc.StatusRuntimeException: UNAVAILABLE: io exception
	at org.apache.ratis.thirdparty.io.grpc.stub.ClientCalls.toStatusRuntimeException(ClientCalls.java:233)
	at org.apache.ratis.thirdparty.io.grpc.stub.ClientCalls.getUnchecked(ClientCalls.java:214)
	at org.apache.ratis.thirdparty.io.grpc.stub.ClientCalls.blockingUnaryCall(ClientCalls.java:139)
	at org.apache.ratis.proto.grpc.RaftServerProtocolServiceGrpc$RaftServerProtocolServiceBlockingStub.requestVote(RaftServerProtocolServiceGrpc.java:265)
	at org.apache.ratis.grpc.server.GrpcServerProtocolClient.requestVote(GrpcServerProtocolClient.java:90)
	at org.apache.ratis.grpc.server.GrpcService.requestVote(GrpcService.java:204)
	at org.apache.ratis.server.impl.LeaderElection.lambda$submitRequests$1(LeaderElection.java:238)
	at java.util.concurrent.FutureTask.run(FutureTask.java:266)
	at java.util.concurrent.Executors$RunnableAdapter.call(Executors.java:511)
	at java.util.concurrent.FutureTask.run(FutureTask.java:266)
	at java.util.concurrent.ThreadPoolExecutor.runWorker(ThreadPoolExecutor.java:1149)
	at java.util.concurrent.ThreadPoolExecutor$Worker.run(ThreadPoolExecutor.java:624)
	... 1 more
Caused by: org.apache.ratis.thirdparty.io.netty.channel.AbstractChannel$AnnotatedConnectException: Connection refused: /192.168.151.66:44259
	at sun.nio.ch.SocketChannelImpl.checkConnect(Native Method)
	at sun.nio.ch.SocketChannelImpl.finishConnect(SocketChannelImpl.java:717)
	at org.apache.ratis.thirdparty.io.netty.channel.socket.nio.NioSocketChannel.doFinishConnect(NioSocketChannel.java:327)
	at org.apache.ratis.thirdparty.io.netty.channel.nio.AbstractNioChannel$AbstractNioUnsafe.finishConnect(AbstractNioChannel.java:340)
	at org.apache.ratis.thirdparty.io.netty.channel.nio.NioEventLoop.processSelectedKey(NioEventLoop.java:632)
	at org.apache.ratis.thirdparty.io.netty.channel.nio.NioEventLoop.processSelectedKeysOptimized(NioEventLoop.java:579)
	at org.apache.ratis.thirdparty.io.netty.channel.nio.NioEventLoop.processSelectedKeys(NioEventLoop.java:496)
	at org.apache.ratis.thirdparty.io.netty.channel.nio.NioEventLoop.run(NioEventLoop.java:458)
	at org.apache.ratis.thirdparty.io.netty.util.concurrent.SingleThreadEventExecutor$5.run(SingleThreadEventExecutor.java:897)
	at org.apache.ratis.thirdparty.io.netty.util.concurrent.FastThreadLocalRunnable.run(FastThreadLocalRunnable.java:30)
	... 1 more
Caused by: java.net.ConnectException: Connection refused
	... 11 more
2019-09-24 23:01:24,611 [4b299780-dc83-45c0-badb-1ce934706cf1@group-90EC4100B693:LeaderElection51] INFO  impl.LeaderElection (LeaderElection.java:logAndReturn(56)) - 4b299780-dc83-45c0-badb-1ce934706cf1@group-90EC4100B693:LeaderElection51: Election REJECTED; received 0 response(s) [] and 2 exception(s); 4b299780-dc83-45c0-badb-1ce934706cf1@group-90EC4100B693:t7, leader=null, voted=4b299780-dc83-45c0-badb-1ce934706cf1, raftlog=4b299780-dc83-45c0-badb-1ce934706cf1@group-90EC4100B693-SegmentedRaftLog:OPENED:c0,f0,i0, conf=0: [4b299780-dc83-45c0-badb-1ce934706cf1:192.168.151.66:34891, 3a9ef4cb-9f73-43f2-9ef0-73623fc2079e:192.168.151.66:39459, 8cdd0bc1-cb69-4d0a-8907-e53e57dcd550:192.168.151.66:44259], old=null
2019-09-24 23:01:24,611 [4b299780-dc83-45c0-badb-1ce934706cf1@group-90EC4100B693:LeaderElection51] INFO  impl.LeaderElection (LogUtils.java:infoOrTrace(149)) -   Exception 0: {}
java.util.concurrent.ExecutionException: org.apache.ratis.thirdparty.io.grpc.StatusRuntimeException: UNAVAILABLE: io exception
	at java.util.concurrent.FutureTask.report(FutureTask.java:122)
	at java.util.concurrent.FutureTask.get(FutureTask.java:192)
	at org.apache.ratis.server.impl.LeaderElection.waitForResults(LeaderElection.java:263)
	at org.apache.ratis.server.impl.LeaderElection.askForVotes(LeaderElection.java:201)
	at org.apache.ratis.server.impl.LeaderElection.run(LeaderElection.java:133)
	at java.lang.Thread.run(Thread.java:748)
Caused by: org.apache.ratis.thirdparty.io.grpc.StatusRuntimeException: UNAVAILABLE: io exception
	at org.apache.ratis.thirdparty.io.grpc.stub.ClientCalls.toStatusRuntimeException(ClientCalls.java:233)
	at org.apache.ratis.thirdparty.io.grpc.stub.ClientCalls.getUnchecked(ClientCalls.java:214)
	at org.apache.ratis.thirdparty.io.grpc.stub.ClientCalls.blockingUnaryCall(ClientCalls.java:139)
	at org.apache.ratis.proto.grpc.RaftServerProtocolServiceGrpc$RaftServerProtocolServiceBlockingStub.requestVote(RaftServerProtocolServiceGrpc.java:265)
	at org.apache.ratis.grpc.server.GrpcServerProtocolClient.requestVote(GrpcServerProtocolClient.java:90)
	at org.apache.ratis.grpc.server.GrpcService.requestVote(GrpcService.java:204)
	at org.apache.ratis.server.impl.LeaderElection.lambda$submitRequests$1(LeaderElection.java:238)
	at java.util.concurrent.FutureTask.run(FutureTask.java:266)
	at java.util.concurrent.Executors$RunnableAdapter.call(Executors.java:511)
	at java.util.concurrent.FutureTask.run(FutureTask.java:266)
	at java.util.concurrent.ThreadPoolExecutor.runWorker(ThreadPoolExecutor.java:1149)
	at java.util.concurrent.ThreadPoolExecutor$Worker.run(ThreadPoolExecutor.java:624)
	... 1 more
Caused by: org.apache.ratis.thirdparty.io.netty.channel.AbstractChannel$AnnotatedConnectException: Connection refused: /192.168.151.66:39459
	at sun.nio.ch.SocketChannelImpl.checkConnect(Native Method)
	at sun.nio.ch.SocketChannelImpl.finishConnect(SocketChannelImpl.java:717)
	at org.apache.ratis.thirdparty.io.netty.channel.socket.nio.NioSocketChannel.doFinishConnect(NioSocketChannel.java:327)
	at org.apache.ratis.thirdparty.io.netty.channel.nio.AbstractNioChannel$AbstractNioUnsafe.finishConnect(AbstractNioChannel.java:340)
	at org.apache.ratis.thirdparty.io.netty.channel.nio.NioEventLoop.processSelectedKey(NioEventLoop.java:632)
	at org.apache.ratis.thirdparty.io.netty.channel.nio.NioEventLoop.processSelectedKeysOptimized(NioEventLoop.java:579)
	at org.apache.ratis.thirdparty.io.netty.channel.nio.NioEventLoop.processSelectedKeys(NioEventLoop.java:496)
	at org.apache.ratis.thirdparty.io.netty.channel.nio.NioEventLoop.run(NioEventLoop.java:458)
	at org.apache.ratis.thirdparty.io.netty.util.concurrent.SingleThreadEventExecutor$5.run(SingleThreadEventExecutor.java:897)
	at org.apache.ratis.thirdparty.io.netty.util.concurrent.FastThreadLocalRunnable.run(FastThreadLocalRunnable.java:30)
	... 1 more
Caused by: java.net.ConnectException: Connection refused
	... 11 more
2019-09-24 23:01:24,611 [4b299780-dc83-45c0-badb-1ce934706cf1@group-90EC4100B693:LeaderElection51] INFO  impl.LeaderElection (LogUtils.java:infoOrTrace(149)) -   Exception 1: {}
java.util.concurrent.ExecutionException: org.apache.ratis.thirdparty.io.grpc.StatusRuntimeException: UNAVAILABLE: io exception
	at java.util.concurrent.FutureTask.report(FutureTask.java:122)
	at java.util.concurrent.FutureTask.get(FutureTask.java:192)
	at org.apache.ratis.server.impl.LeaderElection.waitForResults(LeaderElection.java:263)
	at org.apache.ratis.server.impl.LeaderElection.askForVotes(LeaderElection.java:201)
	at org.apache.ratis.server.impl.LeaderElection.run(LeaderElection.java:133)
	at java.lang.Thread.run(Thread.java:748)
Caused by: org.apache.ratis.thirdparty.io.grpc.StatusRuntimeException: UNAVAILABLE: io exception
	at org.apache.ratis.thirdparty.io.grpc.stub.ClientCalls.toStatusRuntimeException(ClientCalls.java:233)
	at org.apache.ratis.thirdparty.io.grpc.stub.ClientCalls.getUnchecked(ClientCalls.java:214)
	at org.apache.ratis.thirdparty.io.grpc.stub.ClientCalls.blockingUnaryCall(ClientCalls.java:139)
	at org.apache.ratis.proto.grpc.RaftServerProtocolServiceGrpc$RaftServerProtocolServiceBlockingStub.requestVote(RaftServerProtocolServiceGrpc.java:265)
	at org.apache.ratis.grpc.server.GrpcServerProtocolClient.requestVote(GrpcServerProtocolClient.java:90)
	at org.apache.ratis.grpc.server.GrpcService.requestVote(GrpcService.java:204)
	at org.apache.ratis.server.impl.LeaderElection.lambda$submitRequests$1(LeaderElection.java:238)
	at java.util.concurrent.FutureTask.run(FutureTask.java:266)
	at java.util.concurrent.Executors$RunnableAdapter.call(Executors.java:511)
	at java.util.concurrent.FutureTask.run(FutureTask.java:266)
	at java.util.concurrent.ThreadPoolExecutor.runWorker(ThreadPoolExecutor.java:1149)
	at java.util.concurrent.ThreadPoolExecutor$Worker.run(ThreadPoolExecutor.java:624)
	... 1 more
Caused by: org.apache.ratis.thirdparty.io.netty.channel.AbstractChannel$AnnotatedConnectException: Connection refused: /192.168.151.66:44259
	at sun.nio.ch.SocketChannelImpl.checkConnect(Native Method)
	at sun.nio.ch.SocketChannelImpl.finishConnect(SocketChannelImpl.java:717)
	at org.apache.ratis.thirdparty.io.netty.channel.socket.nio.NioSocketChannel.doFinishConnect(NioSocketChannel.java:327)
	at org.apache.ratis.thirdparty.io.netty.channel.nio.AbstractNioChannel$AbstractNioUnsafe.finishConnect(AbstractNioChannel.java:340)
	at org.apache.ratis.thirdparty.io.netty.channel.nio.NioEventLoop.processSelectedKey(NioEventLoop.java:632)
	at org.apache.ratis.thirdparty.io.netty.channel.nio.NioEventLoop.processSelectedKeysOptimized(NioEventLoop.java:579)
	at org.apache.ratis.thirdparty.io.netty.channel.nio.NioEventLoop.processSelectedKeys(NioEventLoop.java:496)
	at org.apache.ratis.thirdparty.io.netty.channel.nio.NioEventLoop.run(NioEventLoop.java:458)
	at org.apache.ratis.thirdparty.io.netty.util.concurrent.SingleThreadEventExecutor$5.run(SingleThreadEventExecutor.java:897)
	at org.apache.ratis.thirdparty.io.netty.util.concurrent.FastThreadLocalRunnable.run(FastThreadLocalRunnable.java:30)
	... 1 more
Caused by: java.net.ConnectException: Connection refused
	... 11 more
2019-09-24 23:01:24,611 [4b299780-dc83-45c0-badb-1ce934706cf1@group-90EC4100B693:LeaderElection51] INFO  impl.RaftServerImpl (RaftServerImpl.java:setRole(174)) - 4b299780-dc83-45c0-badb-1ce934706cf1@group-90EC4100B693: changes role from CANDIDATE to FOLLOWER at term 7 for DISCOVERED_A_NEW_TERM
2019-09-24 23:01:24,612 [4b299780-dc83-45c0-badb-1ce934706cf1@group-90EC4100B693:LeaderElection51] INFO  impl.RoleInfo (RoleInfo.java:shutdownLeaderElection(134)) - 4b299780-dc83-45c0-badb-1ce934706cf1: shutdown LeaderElection
2019-09-24 23:01:24,612 [4b299780-dc83-45c0-badb-1ce934706cf1@group-90EC4100B693:LeaderElection51] INFO  impl.RoleInfo (RoleInfo.java:updateAndGet(143)) - 4b299780-dc83-45c0-badb-1ce934706cf1: start FollowerState
2019-09-24 23:01:25,536 [ForkJoinPool.commonPool-worker-0] INFO  ozoneimpl.OzoneContainer (OzoneContainer.java:stop(231)) - Attempting to stop container services.
2019-09-24 23:01:25,537 [main] INFO  ozoneimpl.OzoneContainer (OzoneContainer.java:stop(231)) - Attempting to stop container services.
2019-09-24 23:01:25,538 [ForkJoinPool.commonPool-worker-0] INFO  impl.RaftServerProxy (RaftServerProxy.java:lambda$close$4(314)) - 71bc6376-fb27-42ba-997c-6c3cc97d63c8: close
2019-09-24 23:01:25,538 [main] INFO  impl.RaftServerProxy (RaftServerProxy.java:lambda$close$4(314)) - 4b299780-dc83-45c0-badb-1ce934706cf1: close
2019-09-24 23:01:25,539 [ForkJoinPool.commonPool-worker-0] INFO  impl.RaftServerImpl (RaftServerImpl.java:lambda$shutdown$3(251)) - 71bc6376-fb27-42ba-997c-6c3cc97d63c8@group-53F6125C0DC6: shutdown
2019-09-24 23:01:25,539 [main] INFO  impl.RaftServerImpl (RaftServerImpl.java:lambda$shutdown$3(251)) - 4b299780-dc83-45c0-badb-1ce934706cf1@group-BAE85802A121: shutdown
2019-09-24 23:01:25,539 [ForkJoinPool.commonPool-worker-0] INFO  util.JmxRegister (JmxRegister.java:unregister(73)) - Successfully un-registered JMX Bean with object name Ratis:service=RaftServer,group=group-53F6125C0DC6,id=71bc6376-fb27-42ba-997c-6c3cc97d63c8
2019-09-24 23:01:25,540 [main] INFO  util.JmxRegister (JmxRegister.java:unregister(73)) - Successfully un-registered JMX Bean with object name Ratis:service=RaftServer,group=group-BAE85802A121,id=4b299780-dc83-45c0-badb-1ce934706cf1
2019-09-24 23:01:25,540 [ForkJoinPool.commonPool-worker-0] INFO  impl.RoleInfo (RoleInfo.java:shutdownFollowerState(121)) - 71bc6376-fb27-42ba-997c-6c3cc97d63c8: shutdown FollowerState
2019-09-24 23:01:25,540 [main] INFO  impl.RoleInfo (RoleInfo.java:shutdownLeaderState(104)) - 4b299780-dc83-45c0-badb-1ce934706cf1: shutdown LeaderState
2019-09-24 23:01:25,541 [Thread-3225] INFO  impl.FollowerState (FollowerState.java:run(115)) - 71bc6376-fb27-42ba-997c-6c3cc97d63c8: FollowerState was interrupted: java.lang.InterruptedException: sleep interrupted
2019-09-24 23:01:25,541 [ForkJoinPool.commonPool-worker-0] INFO  impl.StateMachineUpdater (StateMachineUpdater.java:stopAndJoin(125)) - 71bc6376-fb27-42ba-997c-6c3cc97d63c8@group-53F6125C0DC6-StateMachineUpdater: set stopIndex = 0
2019-09-24 23:01:25,543 [ForkJoinPool.commonPool-worker-0] INFO  impl.RaftServerImpl (ServerState.java:close(385)) - 71bc6376-fb27-42ba-997c-6c3cc97d63c8@group-53F6125C0DC6: closes. applyIndex: 0
2019-09-24 23:01:25,541 [main] INFO  impl.PendingRequests (PendingRequests.java:sendNotLeaderResponses(202)) - 4b299780-dc83-45c0-badb-1ce934706cf1-PendingRequests: sendNotLeaderResponses
2019-09-24 23:01:25,543 [71bc6376-fb27-42ba-997c-6c3cc97d63c8@group-53F6125C0DC6-SegmentedRaftLogWorker] INFO  segmented.SegmentedRaftLogWorker (SegmentedRaftLogWorker.java:run(313)) - 71bc6376-fb27-42ba-997c-6c3cc97d63c8@group-53F6125C0DC6-SegmentedRaftLogWorker was interrupted, exiting. There are 0 tasks remaining in the queue.
2019-09-24 23:01:25,544 [main] INFO  impl.StateMachineUpdater (StateMachineUpdater.java:stopAndJoin(125)) - 4b299780-dc83-45c0-badb-1ce934706cf1@group-BAE85802A121-StateMachineUpdater: set stopIndex = 0
2019-09-24 23:01:25,546 [ForkJoinPool.commonPool-worker-0] INFO  segmented.SegmentedRaftLogWorker (SegmentedRaftLogWorker.java:close(228)) - 71bc6376-fb27-42ba-997c-6c3cc97d63c8@group-53F6125C0DC6-SegmentedRaftLogWorker close()
2019-09-24 23:01:25,546 [main] INFO  impl.RaftServerImpl (ServerState.java:close(385)) - 4b299780-dc83-45c0-badb-1ce934706cf1@group-BAE85802A121: closes. applyIndex: 0
2019-09-24 23:01:25,548 [ForkJoinPool.commonPool-worker-0] INFO  impl.RaftServerImpl (RaftServerImpl.java:lambda$shutdown$3(251)) - 71bc6376-fb27-42ba-997c-6c3cc97d63c8@group-3601AE265661: shutdown
2019-09-24 23:01:25,548 [4b299780-dc83-45c0-badb-1ce934706cf1@group-BAE85802A121-SegmentedRaftLogWorker] INFO  segmented.SegmentedRaftLogWorker (SegmentedRaftLogWorker.java:run(313)) - 4b299780-dc83-45c0-badb-1ce934706cf1@group-BAE85802A121-SegmentedRaftLogWorker was interrupted, exiting. There are 0 tasks remaining in the queue.
2019-09-24 23:01:25,548 [ForkJoinPool.commonPool-worker-0] INFO  util.JmxRegister (JmxRegister.java:unregister(73)) - Successfully un-registered JMX Bean with object name Ratis:service=RaftServer,group=group-3601AE265661,id=71bc6376-fb27-42ba-997c-6c3cc97d63c8
2019-09-24 23:01:25,550 [main] INFO  segmented.SegmentedRaftLogWorker (SegmentedRaftLogWorker.java:close(228)) - 4b299780-dc83-45c0-badb-1ce934706cf1@group-BAE85802A121-SegmentedRaftLogWorker close()
2019-09-24 23:01:25,550 [ForkJoinPool.commonPool-worker-0] INFO  impl.RoleInfo (RoleInfo.java:shutdownLeaderState(104)) - 71bc6376-fb27-42ba-997c-6c3cc97d63c8: shutdown LeaderState
2019-09-24 23:01:25,555 [main] INFO  impl.RaftServerImpl (RaftServerImpl.java:lambda$shutdown$3(251)) - 4b299780-dc83-45c0-badb-1ce934706cf1@group-90EC4100B693: shutdown
2019-09-24 23:01:25,555 [ForkJoinPool.commonPool-worker-0] INFO  impl.PendingRequests (PendingRequests.java:sendNotLeaderResponses(202)) - 71bc6376-fb27-42ba-997c-6c3cc97d63c8-PendingRequests: sendNotLeaderResponses
2019-09-24 23:01:25,556 [main] INFO  util.JmxRegister (JmxRegister.java:unregister(73)) - Successfully un-registered JMX Bean with object name Ratis:service=RaftServer,group=group-90EC4100B693,id=4b299780-dc83-45c0-badb-1ce934706cf1
2019-09-24 23:01:25,556 [ForkJoinPool.commonPool-worker-0] INFO  impl.StateMachineUpdater (StateMachineUpdater.java:stopAndJoin(125)) - 71bc6376-fb27-42ba-997c-6c3cc97d63c8@group-3601AE265661-StateMachineUpdater: set stopIndex = 0
2019-09-24 23:01:25,557 [ForkJoinPool.commonPool-worker-0] INFO  impl.RaftServerImpl (ServerState.java:close(385)) - 71bc6376-fb27-42ba-997c-6c3cc97d63c8@group-3601AE265661: closes. applyIndex: 0
2019-09-24 23:01:25,556 [main] INFO  impl.RoleInfo (RoleInfo.java:shutdownFollowerState(121)) - 4b299780-dc83-45c0-badb-1ce934706cf1: shutdown FollowerState
2019-09-24 23:01:25,557 [71bc6376-fb27-42ba-997c-6c3cc97d63c8@group-3601AE265661-SegmentedRaftLogWorker] INFO  segmented.SegmentedRaftLogWorker (SegmentedRaftLogWorker.java:run(313)) - 71bc6376-fb27-42ba-997c-6c3cc97d63c8@group-3601AE265661-SegmentedRaftLogWorker was interrupted, exiting. There are 0 tasks remaining in the queue.
2019-09-24 23:01:25,557 [main] INFO  impl.StateMachineUpdater (StateMachineUpdater.java:stopAndJoin(125)) - 4b299780-dc83-45c0-badb-1ce934706cf1@group-90EC4100B693-StateMachineUpdater: set stopIndex = 0
2019-09-24 23:01:25,558 [ForkJoinPool.commonPool-worker-0] INFO  segmented.SegmentedRaftLogWorker (SegmentedRaftLogWorker.java:close(228)) - 71bc6376-fb27-42ba-997c-6c3cc97d63c8@group-3601AE265661-SegmentedRaftLogWorker close()
2019-09-24 23:01:25,557 [Thread-3229] INFO  impl.FollowerState (FollowerState.java:run(115)) - 4b299780-dc83-45c0-badb-1ce934706cf1: FollowerState was interrupted: java.lang.InterruptedException: sleep interrupted
2019-09-24 23:01:25,558 [ForkJoinPool.commonPool-worker-0] INFO  server.GrpcService (GrpcService.java:closeImpl(164)) - 71bc6376-fb27-42ba-997c-6c3cc97d63c8: shutdown server with port 39431 now
2019-09-24 23:01:25,558 [main] INFO  impl.RaftServerImpl (ServerState.java:close(385)) - 4b299780-dc83-45c0-badb-1ce934706cf1@group-90EC4100B693: closes. applyIndex: 0
2019-09-24 23:01:25,561 [ForkJoinPool.commonPool-worker-0] INFO  server.GrpcService (GrpcService.java:closeImpl(172)) - 71bc6376-fb27-42ba-997c-6c3cc97d63c8: shutdown server with port 39431 successfully
2019-09-24 23:01:25,562 [4b299780-dc83-45c0-badb-1ce934706cf1@group-90EC4100B693-SegmentedRaftLogWorker] INFO  segmented.SegmentedRaftLogWorker (SegmentedRaftLogWorker.java:run(313)) - 4b299780-dc83-45c0-badb-1ce934706cf1@group-90EC4100B693-SegmentedRaftLogWorker was interrupted, exiting. There are 0 tasks remaining in the queue.
2019-09-24 23:01:25,562 [main] INFO  segmented.SegmentedRaftLogWorker (SegmentedRaftLogWorker.java:close(228)) - 4b299780-dc83-45c0-badb-1ce934706cf1@group-90EC4100B693-SegmentedRaftLogWorker close()
2019-09-24 23:01:25,562 [main] INFO  server.GrpcService (GrpcService.java:closeImpl(164)) - 4b299780-dc83-45c0-badb-1ce934706cf1: shutdown server with port 34891 now
2019-09-24 23:01:25,563 [main] INFO  server.GrpcService (GrpcService.java:closeImpl(172)) - 4b299780-dc83-45c0-badb-1ce934706cf1: shutdown server with port 34891 successfully
2019-09-24 23:01:25,568 [refreshUsed-/workdir/hadoop-ozone/integration-test/target/test-dir/MiniOzoneClusterImpl-c5523c91-7035-4a19-985c-37f1f8f0fe10/datanode-4/data/containers] WARN  fs.CachingGetSpaceUsed (CachingGetSpaceUsed.java:run(183)) - Thread Interrupted waiting to refresh disk information: sleep interrupted
2019-09-24 23:01:25,570 [refreshUsed-/workdir/hadoop-ozone/integration-test/target/test-dir/MiniOzoneClusterImpl-c5523c91-7035-4a19-985c-37f1f8f0fe10/datanode-0/data/containers] WARN  fs.CachingGetSpaceUsed (CachingGetSpaceUsed.java:run(183)) - Thread Interrupted waiting to refresh disk information: sleep interrupted
2019-09-24 23:01:25,584 [main] INFO  utils.BackgroundService (BackgroundService.java:shutdown(148)) - Shutting down service BlockDeletingService
2019-09-24 23:01:25,585 [ForkJoinPool.commonPool-worker-0] INFO  utils.BackgroundService (BackgroundService.java:shutdown(148)) - Shutting down service BlockDeletingService
2019-09-24 23:01:25,588 [main] INFO  statemachine.DatanodeStateMachine (DatanodeStateMachine.java:stopDaemon(395)) - Ozone container server stopped.
2019-09-24 23:01:25,591 [ForkJoinPool.commonPool-worker-0] INFO  statemachine.DatanodeStateMachine (DatanodeStateMachine.java:stopDaemon(395)) - Ozone container server stopped.
2019-09-24 23:01:25,604 [main] INFO  handler.ContextHandler (ContextHandler.java:doStop(910)) - Stopped o.e.j.w.WebAppContext@28a9494b{/,null,UNAVAILABLE}{/hddsDatanode}
2019-09-24 23:01:25,605 [ForkJoinPool.commonPool-worker-0] INFO  handler.ContextHandler (ContextHandler.java:doStop(910)) - Stopped o.e.j.w.WebAppContext@1b13467c{/,null,UNAVAILABLE}{/hddsDatanode}
2019-09-24 23:01:25,605 [main] INFO  server.AbstractConnector (AbstractConnector.java:doStop(318)) - Stopped ServerConnector@a09303{HTTP/1.1,[http/1.1]}{0.0.0.0:0}
2019-09-24 23:01:25,606 [ForkJoinPool.commonPool-worker-0] INFO  server.AbstractConnector (AbstractConnector.java:doStop(318)) - Stopped ServerConnector@7bd96822{HTTP/1.1,[http/1.1]}{0.0.0.0:0}
2019-09-24 23:01:25,606 [main] INFO  handler.ContextHandler (ContextHandler.java:doStop(910)) - Stopped o.e.j.s.ServletContextHandler@6413d7e7{/static,jar:file:/home/user/.m2/repository/org/apache/hadoop/hadoop-hdds-container-service/0.5.0-SNAPSHOT/hadoop-hdds-container-service-0.5.0-SNAPSHOT.jar!/webapps/static,UNAVAILABLE}
2019-09-24 23:01:25,606 [ForkJoinPool.commonPool-worker-0] INFO  handler.ContextHandler (ContextHandler.java:doStop(910)) - Stopped o.e.j.s.ServletContextHandler@345d053b{/static,jar:file:/home/user/.m2/repository/org/apache/hadoop/hadoop-hdds-container-service/0.5.0-SNAPSHOT/hadoop-hdds-container-service-0.5.0-SNAPSHOT.jar!/webapps/static,UNAVAILABLE}
2019-09-24 23:01:25,606 [main] INFO  handler.ContextHandler (ContextHandler.java:doStop(910)) - Stopped o.e.j.s.ServletContextHandler@430b2699{/logs,file:///workdir/hadoop-ozone/integration-test/target/log,UNAVAILABLE}
2019-09-24 23:01:25,607 [ForkJoinPool.commonPool-worker-0] INFO  handler.ContextHandler (ContextHandler.java:doStop(910)) - Stopped o.e.j.s.ServletContextHandler@37e69c43{/logs,file:///workdir/hadoop-ozone/integration-test/target/log,UNAVAILABLE}
2019-09-24 23:01:25,609 [main] INFO  ozone.MiniOzoneClusterImpl (MiniOzoneClusterImpl.java:stopSCM(392)) - Stopping the StorageContainerManager
2019-09-24 23:01:25,609 [main] INFO  server.StorageContainerManager (StorageContainerManager.java:stop(808)) - Stopping Replication Manager Service.
2019-09-24 23:01:25,610 [main] INFO  container.ReplicationManager (ReplicationManager.java:stop(203)) - Stopping Replication Monitor Thread.
2019-09-24 23:01:25,610 [main] INFO  server.StorageContainerManager (StorageContainerManager.java:stop(815)) - Stopping Lease Manager of the command watchers
2019-09-24 23:01:25,610 [main] INFO  server.StorageContainerManager (StorageContainerManager.java:stop(822)) - Stopping datanode service RPC server
2019-09-24 23:01:25,610 [main] INFO  server.SCMDatanodeProtocolServer (SCMDatanodeProtocolServer.java:stop(367)) - Stopping the RPC server for DataNodes
2019-09-24 23:01:25,610 [main] INFO  ipc.Server (Server.java:stop(3082)) - Stopping server on 45036
2019-09-24 23:01:25,613 [IPC Server listener on 45036] INFO  ipc.Server (Server.java:run(1185)) - Stopping IPC Server listener on 45036
2019-09-24 23:01:25,615 [IPC Server Responder] INFO  ipc.Server (Server.java:run(1319)) - Stopping IPC Server Responder
2019-09-24 23:01:25,655 [SCM Heartbeat Processing Thread - 0] WARN  node.NodeStateManager (NodeStateManager.java:scheduleNextHealthCheck(646)) - Current Thread is interrupted, shutting down HB processing thread for Node Manager.
2019-09-24 23:01:25,655 [main] INFO  server.StorageContainerManager (StorageContainerManager.java:stop(830)) - Stopping block service RPC server
2019-09-24 23:01:25,656 [main] INFO  server.SCMBlockProtocolServer (SCMBlockProtocolServer.java:stop(155)) - Stopping the RPC server for Block Protocol
2019-09-24 23:01:25,656 [main] INFO  ipc.Server (Server.java:stop(3082)) - Stopping server on 43948
2019-09-24 23:01:25,658 [IPC Server listener on 43948] INFO  ipc.Server (Server.java:run(1185)) - Stopping IPC Server listener on 43948
2019-09-24 23:01:25,658 [main] INFO  server.StorageContainerManager (StorageContainerManager.java:stop(837)) - Stopping the StorageContainerLocationProtocol RPC server
2019-09-24 23:01:25,660 [IPC Server Responder] INFO  ipc.Server (Server.java:run(1319)) - Stopping IPC Server Responder
2019-09-24 23:01:25,660 [main] INFO  server.SCMClientProtocolServer (SCMClientProtocolServer.java:stop(159)) - Stopping the RPC server for Client Protocol
2019-09-24 23:01:25,660 [main] INFO  ipc.Server (Server.java:stop(3082)) - Stopping server on 34564
2019-09-24 23:01:25,663 [IPC Server listener on 34564] INFO  ipc.Server (Server.java:run(1185)) - Stopping IPC Server listener on 34564
2019-09-24 23:01:25,663 [main] INFO  server.StorageContainerManager (StorageContainerManager.java:stop(844)) - Stopping Storage Container Manager HTTP server.
2019-09-24 23:01:25,663 [IPC Server Responder] INFO  ipc.Server (Server.java:run(1319)) - Stopping IPC Server Responder
2019-09-24 23:01:25,665 [main] INFO  handler.ContextHandler (ContextHandler.java:doStop(910)) - Stopped o.e.j.w.WebAppContext@2f74900b{/,null,UNAVAILABLE}{/scm}
2019-09-24 23:01:25,666 [main] INFO  server.AbstractConnector (AbstractConnector.java:doStop(318)) - Stopped ServerConnector@6d8796c1{HTTP/1.1,[http/1.1]}{0.0.0.0:0}
2019-09-24 23:01:25,666 [main] INFO  handler.ContextHandler (ContextHandler.java:doStop(910)) - Stopped o.e.j.s.ServletContextHandler@3468ee6e{/static,file:///workdir/hadoop-ozone/integration-test/target/test-classes/webapps/static,UNAVAILABLE}
2019-09-24 23:01:25,667 [main] INFO  handler.ContextHandler (ContextHandler.java:doStop(910)) - Stopped o.e.j.s.ServletContextHandler@463561c5{/logs,file:///workdir/hadoop-ozone/integration-test/target/log,UNAVAILABLE}
2019-09-24 23:01:25,668 [main] INFO  server.StorageContainerManager (StorageContainerManager.java:stop(855)) - Stopping Block Manager Service.
2019-09-24 23:01:25,668 [main] INFO  utils.BackgroundService (BackgroundService.java:shutdown(148)) - Shutting down service SCMBlockDeletingService
2019-09-24 23:01:25,669 [main] INFO  utils.BackgroundService (BackgroundService.java:shutdown(148)) - Shutting down service SCMBlockDeletingService
2019-09-24 23:01:25,669 [main] INFO  server.StorageContainerManager (StorageContainerManager.java:stop(877)) - Stopping SCM Event Queue.
2019-09-24 23:01:25,676 [main] INFO  impl.MetricsSystemImpl (MetricsSystemImpl.java:stop(210)) - Stopping HddsDatanode metrics system...
2019-09-24 23:01:25,691 [main] INFO  impl.MetricsSystemImpl (MetricsSystemImpl.java:stop(216)) - HddsDatanode metrics system stopped.
]]></system-out>
    <system-err><![CDATA[Sep 24, 2019 11:01:15 PM org.apache.ratis.thirdparty.io.grpc.internal.SerializingExecutor run
SEVERE: Exception while executing runnable org.apache.ratis.thirdparty.io.grpc.internal.ServerImpl$JumpToApplicationThreadServerStreamListener$1Closed@3ee2d75a
org.apache.ratis.thirdparty.io.grpc.StatusRuntimeException: CANCELLED: call already cancelled
	at org.apache.ratis.thirdparty.io.grpc.Status.asRuntimeException(Status.java:517)
	at org.apache.ratis.thirdparty.io.grpc.stub.ServerCalls$ServerCallStreamObserverImpl.onCompleted(ServerCalls.java:356)
	at org.apache.ratis.grpc.server.GrpcServerProtocolService$ServerRequestStreamObserver.onError(GrpcServerProtocolService.java:121)
	at org.apache.ratis.thirdparty.io.grpc.stub.ServerCalls$StreamingServerCallHandler$StreamingServerCallListener.onCancel(ServerCalls.java:269)
	at org.apache.ratis.thirdparty.io.grpc.internal.ServerCallImpl$ServerStreamListenerImpl.closed(ServerCallImpl.java:293)
	at org.apache.ratis.thirdparty.io.grpc.internal.ServerImpl$JumpToApplicationThreadServerStreamListener$1Closed.runInContext(ServerImpl.java:741)
	at org.apache.ratis.thirdparty.io.grpc.internal.ContextRunnable.run(ContextRunnable.java:37)
	at org.apache.ratis.thirdparty.io.grpc.internal.SerializingExecutor.run(SerializingExecutor.java:123)
	at java.util.concurrent.ThreadPoolExecutor.runWorker(ThreadPoolExecutor.java:1149)
	at java.util.concurrent.ThreadPoolExecutor$Worker.run(ThreadPoolExecutor.java:624)
	at java.lang.Thread.run(Thread.java:748)

Sep 24, 2019 11:01:15 PM org.apache.ratis.thirdparty.io.grpc.internal.SerializingExecutor run
SEVERE: Exception while executing runnable org.apache.ratis.thirdparty.io.grpc.internal.ServerImpl$JumpToApplicationThreadServerStreamListener$1Closed@32635fab
org.apache.ratis.thirdparty.io.grpc.StatusRuntimeException: CANCELLED: call already cancelled
	at org.apache.ratis.thirdparty.io.grpc.Status.asRuntimeException(Status.java:517)
	at org.apache.ratis.thirdparty.io.grpc.stub.ServerCalls$ServerCallStreamObserverImpl.onCompleted(ServerCalls.java:356)
	at org.apache.ratis.grpc.server.GrpcServerProtocolService$ServerRequestStreamObserver.onError(GrpcServerProtocolService.java:121)
	at org.apache.ratis.thirdparty.io.grpc.stub.ServerCalls$StreamingServerCallHandler$StreamingServerCallListener.onCancel(ServerCalls.java:269)
	at org.apache.ratis.thirdparty.io.grpc.internal.ServerCallImpl$ServerStreamListenerImpl.closed(ServerCallImpl.java:293)
	at org.apache.ratis.thirdparty.io.grpc.internal.ServerImpl$JumpToApplicationThreadServerStreamListener$1Closed.runInContext(ServerImpl.java:741)
	at org.apache.ratis.thirdparty.io.grpc.internal.ContextRunnable.run(ContextRunnable.java:37)
	at org.apache.ratis.thirdparty.io.grpc.internal.SerializingExecutor.run(SerializingExecutor.java:123)
	at java.util.concurrent.ThreadPoolExecutor.runWorker(ThreadPoolExecutor.java:1149)
	at java.util.concurrent.ThreadPoolExecutor$Worker.run(ThreadPoolExecutor.java:624)
	at java.lang.Thread.run(Thread.java:748)

]]></system-err>
  </testcase>
</testsuite>