<?xml version="1.0" encoding="UTF-8"?>
<testsuite xmlns:xsi="http://www.w3.org/2001/XMLSchema-instance" xsi:noNamespaceSchemaLocation="https://maven.apache.org/surefire/maven-surefire-plugin/xsd/surefire-test-report.xsd" name="org.apache.hadoop.ozone.client.rpc.TestOzoneClientRetriesOnException" time="278.847" tests="2" errors="2" skipped="0" failures="0">
  <properties>
    <property name="awt.toolkit" value="sun.awt.X11.XToolkit"/>
    <property name="file.encoding.pkg" value="sun.io"/>
    <property name="java.specification.version" value="1.8"/>
    <property name="sun.cpu.isalist" value=""/>
    <property name="sun.jnu.encoding" value="UTF-8"/>
    <property name="java.class.path" value="/workdir/hadoop-ozone/integration-test/target/test-classes:/workdir/hadoop-ozone/integration-test/target/classes:/home/user/.m2/repository/org/apache/hadoop/hadoop-ozone-common/0.5.0-SNAPSHOT/hadoop-ozone-common-0.5.0-SNAPSHOT.jar:/home/user/.m2/repository/org/apache/commons/commons-compress/1.4.1/commons-compress-1.4.1.jar:/home/user/.m2/repository/org/tukaani/xz/1.0/xz-1.0.jar:/home/user/.m2/repository/org/apache/hadoop/hadoop-common/3.2.0/hadoop-common-3.2.0.jar:/home/user/.m2/repository/org/apache/hadoop/hadoop-hdfs/3.2.0/hadoop-hdfs-3.2.0.jar:/home/user/.m2/repository/org/apache/hadoop/hadoop-hdfs-client/3.2.0/hadoop-hdfs-client-3.2.0.jar:/home/user/.m2/repository/com/fasterxml/jackson/core/jackson-annotations/2.9.9/jackson-annotations-2.9.9.jar:/home/user/.m2/repository/org/apache/hadoop/hadoop-hdds-common/0.5.0-SNAPSHOT/hadoop-hdds-common-0.5.0-SNAPSHOT.jar:/home/user/.m2/repository/javax/annotation/javax.annotation-api/1.2/javax.annotation-api-1.2.jar:/home/user/.m2/repository/org/apache/ratis/ratis-server/0.4.0/ratis-server-0.4.0.jar:/home/user/.m2/repository/org/apache/ratis/ratis-thirdparty-misc/0.2.0/ratis-thirdparty-misc-0.2.0.jar:/home/user/.m2/repository/org/apache/ratis/ratis-proto/0.4.0/ratis-proto-0.4.0.jar:/home/user/.m2/repository/org/apache/ratis/ratis-common/0.4.0/ratis-common-0.4.0.jar:/home/user/.m2/repository/org/apache/ratis/ratis-client/0.4.0/ratis-client-0.4.0.jar:/home/user/.m2/repository/org/apache/ratis/ratis-metrics/0.4.0/ratis-metrics-0.4.0.jar:/home/user/.m2/repository/com/github/joshelser/dropwizard-metrics-hadoop-metrics2-reporter/0.1.2/dropwizard-metrics-hadoop-metrics2-reporter-0.1.2.jar:/home/user/.m2/repository/io/dropwizard/metrics/metrics-jvm/3.2.5/metrics-jvm-3.2.5.jar:/home/user/.m2/repository/io/dropwizard/metrics/metrics-ganglia/3.2.5/metrics-ganglia-3.2.5.jar:/home/user/.m2/repository/info/ganglia/gmetric4j/gmetric4j/1.0.7/gmetric4j-1.0.7.jar:/home/user/.m2/repository/org/apache/ratis/ratis-netty/0.4.0/ratis-netty-0.4.0.jar:/home/user/.m2/repository/org/apache/ratis/ratis-grpc/0.4.0/ratis-grpc-0.4.0.jar:/home/user/.m2/repository/org/rocksdb/rocksdbjni/6.0.1/rocksdbjni-6.0.1.jar:/home/user/.m2/repository/org/apache/logging/log4j/log4j-api/2.11.0/log4j-api-2.11.0.jar:/home/user/.m2/repository/org/apache/logging/log4j/log4j-core/2.11.0/log4j-core-2.11.0.jar:/home/user/.m2/repository/com/lmax/disruptor/3.4.2/disruptor-3.4.2.jar:/home/user/.m2/repository/org/apache/commons/commons-pool2/2.6.0/commons-pool2-2.6.0.jar:/home/user/.m2/repository/org/bouncycastle/bcpkix-jdk15on/1.60/bcpkix-jdk15on-1.60.jar:/home/user/.m2/repository/commons-validator/commons-validator/1.6/commons-validator-1.6.jar:/home/user/.m2/repository/commons-digester/commons-digester/1.8.1/commons-digester-1.8.1.jar:/home/user/.m2/repository/io/jaegertracing/jaeger-client/0.34.0/jaeger-client-0.34.0.jar:/home/user/.m2/repository/io/jaegertracing/jaeger-thrift/0.34.0/jaeger-thrift-0.34.0.jar:/home/user/.m2/repository/org/apache/thrift/libthrift/0.12.0/libthrift-0.12.0.jar:/home/user/.m2/repository/com/squareup/okhttp3/okhttp/3.9.0/okhttp-3.9.0.jar:/home/user/.m2/repository/com/squareup/okio/okio/1.13.0/okio-1.13.0.jar:/home/user/.m2/repository/io/jaegertracing/jaeger-core/0.34.0/jaeger-core-0.34.0.jar:/home/user/.m2/repository/io/jaegertracing/jaeger-tracerresolver/0.34.0/jaeger-tracerresolver-0.34.0.jar:/home/user/.m2/repository/io/opentracing/contrib/opentracing-tracerresolver/0.1.5/opentracing-tracerresolver-0.1.5.jar:/home/user/.m2/repository/io/opentracing/opentracing-util/0.31.0/opentracing-util-0.31.0.jar:/home/user/.m2/repository/io/opentracing/opentracing-api/0.31.0/opentracing-api-0.31.0.jar:/home/user/.m2/repository/io/opentracing/opentracing-noop/0.31.0/opentracing-noop-0.31.0.jar:/home/user/.m2/repository/org/apache/hadoop/hadoop-hdds-server-framework/0.5.0-SNAPSHOT/hadoop-hdds-server-framework-0.5.0-SNAPSHOT.jar:/home/user/.m2/repository/org/apache/hadoop/hadoop-hdds-container-service/0.5.0-SNAPSHOT/hadoop-hdds-container-service-0.5.0-SNAPSHOT.jar:/home/user/.m2/repository/org/apache/hadoop/hadoop-hdds-client/0.5.0-SNAPSHOT/hadoop-hdds-client-0.5.0-SNAPSHOT.jar:/home/user/.m2/repository/org/apache/hadoop/hadoop-hdds-tools/0.5.0-SNAPSHOT/hadoop-hdds-tools-0.5.0-SNAPSHOT.jar:/home/user/.m2/repository/org/apache/hadoop/hadoop-hdds-server-scm/0.5.0-SNAPSHOT/hadoop-hdds-server-scm-0.5.0-SNAPSHOT.jar:/home/user/.m2/repository/org/apache/hadoop/hadoop-hdds-docs/0.5.0-SNAPSHOT/hadoop-hdds-docs-0.5.0-SNAPSHOT.jar:/home/user/.m2/repository/io/dropwizard/metrics/metrics-core/3.2.4/metrics-core-3.2.4.jar:/home/user/.m2/repository/org/hamcrest/hamcrest-all/1.3/hamcrest-all-1.3.jar:/home/user/.m2/repository/org/bouncycastle/bcprov-jdk15on/1.60/bcprov-jdk15on-1.60.jar:/home/user/.m2/repository/info/picocli/picocli/3.9.6/picocli-3.9.6.jar:/home/user/.m2/repository/com/google/protobuf/protobuf-java/2.5.0/protobuf-java-2.5.0.jar:/home/user/.m2/repository/com/google/guava/guava/11.0.2/guava-11.0.2.jar:/home/user/.m2/repository/org/apache/hadoop/hadoop-ozone-ozone-manager/0.5.0-SNAPSHOT/hadoop-ozone-ozone-manager-0.5.0-SNAPSHOT.jar:/home/user/.m2/repository/org/apache/hadoop/hadoop-minikdc/3.2.0/hadoop-minikdc-3.2.0.jar:/home/user/.m2/repository/commons-io/commons-io/2.5/commons-io-2.5.jar:/home/user/.m2/repository/org/apache/kerby/kerb-simplekdc/1.0.1/kerb-simplekdc-1.0.1.jar:/home/user/.m2/repository/org/apache/kerby/kerb-client/1.0.1/kerb-client-1.0.1.jar:/home/user/.m2/repository/org/apache/kerby/kerby-config/1.0.1/kerby-config-1.0.1.jar:/home/user/.m2/repository/org/apache/kerby/kerb-core/1.0.1/kerb-core-1.0.1.jar:/home/user/.m2/repository/org/apache/kerby/kerby-pkix/1.0.1/kerby-pkix-1.0.1.jar:/home/user/.m2/repository/org/apache/kerby/kerby-asn1/1.0.1/kerby-asn1-1.0.1.jar:/home/user/.m2/repository/org/apache/kerby/kerby-util/1.0.1/kerby-util-1.0.1.jar:/home/user/.m2/repository/org/apache/kerby/kerb-common/1.0.1/kerb-common-1.0.1.jar:/home/user/.m2/repository/org/apache/kerby/kerb-crypto/1.0.1/kerb-crypto-1.0.1.jar:/home/user/.m2/repository/org/apache/kerby/kerb-util/1.0.1/kerb-util-1.0.1.jar:/home/user/.m2/repository/org/apache/kerby/token-provider/1.0.1/token-provider-1.0.1.jar:/home/user/.m2/repository/org/apache/kerby/kerb-admin/1.0.1/kerb-admin-1.0.1.jar:/home/user/.m2/repository/org/apache/kerby/kerb-server/1.0.1/kerb-server-1.0.1.jar:/home/user/.m2/repository/org/apache/kerby/kerb-identity/1.0.1/kerb-identity-1.0.1.jar:/home/user/.m2/repository/org/apache/kerby/kerby-xdr/1.0.1/kerby-xdr-1.0.1.jar:/home/user/.m2/repository/org/slf4j/slf4j-log4j12/1.7.25/slf4j-log4j12-1.7.25.jar:/home/user/.m2/repository/org/apache/hadoop/hadoop-ozone-s3gateway/0.5.0-SNAPSHOT/hadoop-ozone-s3gateway-0.5.0-SNAPSHOT.jar:/home/user/.m2/repository/org/jboss/weld/servlet/weld-servlet/2.4.7.Final/weld-servlet-2.4.7.Final.jar:/home/user/.m2/repository/org/glassfish/jersey/containers/jersey-container-servlet-core/2.27/jersey-container-servlet-core-2.27.jar:/home/user/.m2/repository/org/glassfish/hk2/external/javax.inject/2.5.0-b42/javax.inject-2.5.0-b42.jar:/home/user/.m2/repository/org/glassfish/jersey/core/jersey-common/2.27/jersey-common-2.27.jar:/home/user/.m2/repository/org/glassfish/hk2/osgi-resource-locator/1.0.1/osgi-resource-locator-1.0.1.jar:/home/user/.m2/repository/javax/ws/rs/javax.ws.rs-api/2.1/javax.ws.rs-api-2.1.jar:/home/user/.m2/repository/org/glassfish/jersey/ext/cdi/jersey-cdi1x/2.27/jersey-cdi1x-2.27.jar:/home/user/.m2/repository/org/glassfish/jersey/inject/jersey-hk2/2.27/jersey-hk2-2.27.jar:/home/user/.m2/repository/org/glassfish/hk2/hk2-locator/2.5.0-b42/hk2-locator-2.5.0-b42.jar:/home/user/.m2/repository/org/javassist/javassist/3.22.0-CR2/javassist-3.22.0-CR2.jar:/home/user/.m2/repository/org/glassfish/hk2/hk2-api/2.5.0/hk2-api-2.5.0.jar:/home/user/.m2/repository/org/glassfish/hk2/external/jakarta.inject/2.5.0/jakarta.inject-2.5.0.jar:/home/user/.m2/repository/org/glassfish/hk2/hk2-utils/2.5.0/hk2-utils-2.5.0.jar:/home/user/.m2/repository/jakarta/annotation/jakarta.annotation-api/1.3.4/jakarta.annotation-api-1.3.4.jar:/home/user/.m2/repository/org/glassfish/hk2/external/aopalliance-repackaged/2.5.0/aopalliance-repackaged-2.5.0.jar:/home/user/.m2/repository/com/fasterxml/jackson/dataformat/jackson-dataformat-xml/2.9.0/jackson-dataformat-xml-2.9.0.jar:/home/user/.m2/repository/com/fasterxml/jackson/core/jackson-core/2.9.9/jackson-core-2.9.9.jar:/home/user/.m2/repository/com/fasterxml/jackson/module/jackson-module-jaxb-annotations/2.9.9/jackson-module-jaxb-annotations-2.9.9.jar:/home/user/.m2/repository/javax/enterprise/cdi-api/1.2/cdi-api-1.2.jar:/home/user/.m2/repository/javax/el/javax.el-api/3.0.0/javax.el-api-3.0.0.jar:/home/user/.m2/repository/javax/interceptor/javax.interceptor-api/1.2/javax.interceptor-api-1.2.jar:/home/user/.m2/repository/javax/inject/javax.inject/1/javax.inject-1.jar:/home/user/.m2/repository/com/sun/xml/bind/jaxb-impl/2.3.0.1/jaxb-impl-2.3.0.1.jar:/home/user/.m2/repository/com/sun/xml/bind/jaxb-core/2.3.0.1/jaxb-core-2.3.0.1.jar:/home/user/.m2/repository/javax/xml/bind/jaxb-api/2.3.0/jaxb-api-2.3.0.jar:/home/user/.m2/repository/javax/activation/activation/1.1.1/activation-1.1.1.jar:/home/user/.m2/repository/org/apache/hadoop/hadoop-ozone-csi/0.5.0-SNAPSHOT/hadoop-ozone-csi-0.5.0-SNAPSHOT.jar:/home/user/.m2/repository/com/google/protobuf/protobuf-java-util/3.5.1/protobuf-java-util-3.5.1.jar:/home/user/.m2/repository/org/apache/hadoop/hadoop-hdds-config/0.5.0-SNAPSHOT/hadoop-hdds-config-0.5.0-SNAPSHOT.jar:/home/user/.m2/repository/io/grpc/grpc-netty/1.17.1/grpc-netty-1.17.1.jar:/home/user/.m2/repository/io/grpc/grpc-core/1.17.1/grpc-core-1.17.1.jar:/home/user/.m2/repository/io/grpc/grpc-context/1.17.1/grpc-context-1.17.1.jar:/home/user/.m2/repository/com/google/errorprone/error_prone_annotations/2.2.0/error_prone_annotations-2.2.0.jar:/home/user/.m2/repository/org/codehaus/mojo/animal-sniffer-annotations/1.17/animal-sniffer-annotations-1.17.jar:/home/user/.m2/repository/io/opencensus/opencensus-api/0.17.0/opencensus-api-0.17.0.jar:/home/user/.m2/repository/io/opencensus/opencensus-contrib-grpc-metrics/0.17.0/opencensus-contrib-grpc-metrics-0.17.0.jar:/home/user/.m2/repository/io/netty/netty-codec-http2/4.1.30.Final/netty-codec-http2-4.1.30.Final.jar:/home/user/.m2/repository/io/netty/netty-codec-http/4.1.30.Final/netty-codec-http-4.1.30.Final.jar:/home/user/.m2/repository/io/netty/netty-codec/4.1.30.Final/netty-codec-4.1.30.Final.jar:/home/user/.m2/repository/io/netty/netty-handler/4.1.30.Final/netty-handler-4.1.30.Final.jar:/home/user/.m2/repository/io/netty/netty-handler-proxy/4.1.30.Final/netty-handler-proxy-4.1.30.Final.jar:/home/user/.m2/repository/io/netty/netty-codec-socks/4.1.30.Final/netty-codec-socks-4.1.30.Final.jar:/home/user/.m2/repository/io/netty/netty-transport-native-epoll/4.1.30.Final/netty-transport-native-epoll-4.1.30.Final.jar:/home/user/.m2/repository/io/netty/netty-common/4.1.30.Final/netty-common-4.1.30.Final.jar:/home/user/.m2/repository/io/netty/netty-buffer/4.1.30.Final/netty-buffer-4.1.30.Final.jar:/home/user/.m2/repository/io/netty/netty-transport/4.1.30.Final/netty-transport-4.1.30.Final.jar:/home/user/.m2/repository/io/netty/netty-resolver/4.1.30.Final/netty-resolver-4.1.30.Final.jar:/home/user/.m2/repository/io/netty/netty-transport-native-unix-common/4.1.30.Final/netty-transport-native-unix-common-4.1.30.Final.jar:/home/user/.m2/repository/io/grpc/grpc-protobuf/1.17.1/grpc-protobuf-1.17.1.jar:/home/user/.m2/repository/com/google/api/grpc/proto-google-common-protos/1.0.0/proto-google-common-protos-1.0.0.jar:/home/user/.m2/repository/io/grpc/grpc-protobuf-lite/1.17.1/grpc-protobuf-lite-1.17.1.jar:/home/user/.m2/repository/io/grpc/grpc-stub/1.17.1/grpc-stub-1.17.1.jar:/home/user/.m2/repository/org/apache/hadoop/hadoop-ozone-recon/0.5.0-SNAPSHOT/hadoop-ozone-recon-0.5.0-SNAPSHOT.jar:/home/user/.m2/repository/org/apache/hadoop/hadoop-ozone-reconcodegen/0.5.0-SNAPSHOT/hadoop-ozone-reconcodegen-0.5.0-SNAPSHOT.jar:/home/user/.m2/repository/com/google/inject/extensions/guice-multibindings/4.0/guice-multibindings-4.0.jar:/home/user/.m2/repository/com/google/inject/guice/4.0/guice-4.0.jar:/home/user/.m2/repository/aopalliance/aopalliance/1.0/aopalliance-1.0.jar:/home/user/.m2/repository/com/google/inject/extensions/guice-servlet/4.0/guice-servlet-4.0.jar:/home/user/.m2/repository/org/glassfish/jersey/containers/jersey-container-servlet/2.27/jersey-container-servlet-2.27.jar:/home/user/.m2/repository/org/glassfish/hk2/guice-bridge/2.5.0/guice-bridge-2.5.0.jar:/home/user/.m2/repository/org/glassfish/jersey/core/jersey-server/2.27/jersey-server-2.27.jar:/home/user/.m2/repository/org/glassfish/jersey/core/jersey-client/2.27/jersey-client-2.27.jar:/home/user/.m2/repository/org/glassfish/jersey/media/jersey-media-jaxb/2.27/jersey-media-jaxb-2.27.jar:/home/user/.m2/repository/javax/validation/validation-api/1.1.0.Final/validation-api-1.1.0.Final.jar:/home/user/.m2/repository/org/glassfish/jersey/media/jersey-media-json-jackson/2.27/jersey-media-json-jackson-2.27.jar:/home/user/.m2/repository/org/glassfish/jersey/ext/jersey-entity-filtering/2.27/jersey-entity-filtering-2.27.jar:/home/user/.m2/repository/com/google/inject/extensions/guice-assistedinject/4.0/guice-assistedinject-4.0.jar:/home/user/.m2/repository/org/jooq/jooq/3.11.10/jooq-3.11.10.jar:/home/user/.m2/repository/org/jooq/jooq-meta/3.11.10/jooq-meta-3.11.10.jar:/home/user/.m2/repository/org/jooq/jooq-codegen/3.11.10/jooq-codegen-3.11.10.jar:/home/user/.m2/repository/com/jolbox/bonecp/0.8.0.RELEASE/bonecp-0.8.0.RELEASE.jar:/home/user/.m2/repository/org/xerial/sqlite-jdbc/3.25.2/sqlite-jdbc-3.25.2.jar:/home/user/.m2/repository/org/springframework/spring-jdbc/5.1.3.RELEASE/spring-jdbc-5.1.3.RELEASE.jar:/home/user/.m2/repository/org/springframework/spring-beans/5.1.3.RELEASE/spring-beans-5.1.3.RELEASE.jar:/home/user/.m2/repository/org/springframework/spring-core/5.1.3.RELEASE/spring-core-5.1.3.RELEASE.jar:/home/user/.m2/repository/org/springframework/spring-jcl/5.1.3.RELEASE/spring-jcl-5.1.3.RELEASE.jar:/home/user/.m2/repository/org/springframework/spring-tx/5.1.3.RELEASE/spring-tx-5.1.3.RELEASE.jar:/home/user/.m2/repository/org/apache/hadoop/hadoop-ozone-client/0.5.0-SNAPSHOT/hadoop-ozone-client-0.5.0-SNAPSHOT.jar:/home/user/.m2/repository/commons-lang/commons-lang/2.6/commons-lang-2.6.jar:/home/user/.m2/repository/org/apache/hadoop/hadoop-ozone-ozone-manager/0.5.0-SNAPSHOT/hadoop-ozone-ozone-manager-0.5.0-SNAPSHOT-tests.jar:/home/user/.m2/repository/junit/junit/4.11/junit-4.11.jar:/home/user/.m2/repository/org/hamcrest/hamcrest-core/1.3/hamcrest-core-1.3.jar:/home/user/.m2/repository/org/openjdk/jmh/jmh-core/1.19/jmh-core-1.19.jar:/home/user/.m2/repository/net/sf/jopt-simple/jopt-simple/4.6/jopt-simple-4.6.jar:/home/user/.m2/repository/org/apache/commons/commons-math3/3.1.1/commons-math3-3.1.1.jar:/home/user/.m2/repository/org/openjdk/jmh/jmh-generator-annprocess/1.19/jmh-generator-annprocess-1.19.jar:/home/user/.m2/repository/org/mockito/mockito-all/1.8.5/mockito-all-1.8.5.jar:/home/user/.m2/repository/org/apache/hadoop/hadoop-kms/3.2.0/hadoop-kms-3.2.0.jar:/home/user/.m2/repository/org/apache/hadoop/hadoop-auth/3.2.0/hadoop-auth-3.2.0.jar:/home/user/.m2/repository/com/nimbusds/nimbus-jose-jwt/4.41.1/nimbus-jose-jwt-4.41.1.jar:/home/user/.m2/repository/com/github/stephenc/jcip/jcip-annotations/1.0-1/jcip-annotations-1.0-1.jar:/home/user/.m2/repository/net/minidev/json-smart/2.3/json-smart-2.3.jar:/home/user/.m2/repository/net/minidev/accessors-smart/1.2/accessors-smart-1.2.jar:/home/user/.m2/repository/org/ow2/asm/asm/5.0.4/asm-5.0.4.jar:/home/user/.m2/repository/org/apache/curator/curator-framework/2.12.0/curator-framework-2.12.0.jar:/home/user/.m2/repository/com/sun/jersey/jersey-core/1.19/jersey-core-1.19.jar:/home/user/.m2/repository/javax/ws/rs/jsr311-api/1.1.1/jsr311-api-1.1.1.jar:/home/user/.m2/repository/com/sun/jersey/jersey-server/1.19/jersey-server-1.19.jar:/home/user/.m2/repository/javax/servlet/javax.servlet-api/3.1.0/javax.servlet-api-3.1.0.jar:/home/user/.m2/repository/org/eclipse/jetty/jetty-server/9.3.25.v20180904/jetty-server-9.3.25.v20180904.jar:/home/user/.m2/repository/org/eclipse/jetty/jetty-http/9.3.25.v20180904/jetty-http-9.3.25.v20180904.jar:/home/user/.m2/repository/org/eclipse/jetty/jetty-io/9.3.25.v20180904/jetty-io-9.3.25.v20180904.jar:/home/user/.m2/repository/org/eclipse/jetty/jetty-webapp/9.3.25.v20180904/jetty-webapp-9.3.25.v20180904.jar:/home/user/.m2/repository/org/eclipse/jetty/jetty-xml/9.3.25.v20180904/jetty-xml-9.3.25.v20180904.jar:/home/user/.m2/repository/log4j/log4j/1.2.17/log4j-1.2.17.jar:/home/user/.m2/repository/org/slf4j/slf4j-api/1.7.25/slf4j-api-1.7.25.jar:/home/user/.m2/repository/org/slf4j/jul-to-slf4j/1.7.25/jul-to-slf4j-1.7.25.jar:/home/user/.m2/repository/org/eclipse/jetty/jetty-util/9.3.25.v20180904/jetty-util-9.3.25.v20180904.jar:/home/user/.m2/repository/com/fasterxml/jackson/core/jackson-databind/2.9.9/jackson-databind-2.9.9.jar:/home/user/.m2/repository/org/apache/hadoop/hadoop-kms/3.2.0/hadoop-kms-3.2.0-tests.jar:/home/user/.m2/repository/org/apache/hadoop/hadoop-hdds-server-scm/0.5.0-SNAPSHOT/hadoop-hdds-server-scm-0.5.0-SNAPSHOT-tests.jar:/home/user/.m2/repository/org/apache/hadoop/hadoop-hdds-container-service/0.5.0-SNAPSHOT/hadoop-hdds-container-service-0.5.0-SNAPSHOT-tests.jar:/home/user/.m2/repository/org/yaml/snakeyaml/1.16/snakeyaml-1.16.jar:/home/user/.m2/repository/org/apache/hadoop/hadoop-common/3.2.0/hadoop-common-3.2.0-tests.jar:/home/user/.m2/repository/org/apache/hadoop/hadoop-annotations/3.2.0/hadoop-annotations-3.2.0.jar:/usr/lib/jvm/java-1.8-openjdk/jre/../lib/tools.jar:/home/user/.m2/repository/commons-cli/commons-cli/1.2/commons-cli-1.2.jar:/home/user/.m2/repository/org/apache/httpcomponents/httpclient/4.5.2/httpclient-4.5.2.jar:/home/user/.m2/repository/org/apache/httpcomponents/httpcore/4.4.4/httpcore-4.4.4.jar:/home/user/.m2/repository/commons-codec/commons-codec/1.11/commons-codec-1.11.jar:/home/user/.m2/repository/commons-net/commons-net/3.6/commons-net-3.6.jar:/home/user/.m2/repository/commons-collections/commons-collections/3.2.2/commons-collections-3.2.2.jar:/home/user/.m2/repository/org/eclipse/jetty/jetty-servlet/9.3.25.v20180904/jetty-servlet-9.3.25.v20180904.jar:/home/user/.m2/repository/org/eclipse/jetty/jetty-security/9.3.25.v20180904/jetty-security-9.3.25.v20180904.jar:/home/user/.m2/repository/javax/servlet/jsp/jsp-api/2.1/jsp-api-2.1.jar:/home/user/.m2/repository/com/sun/jersey/jersey-servlet/1.19/jersey-servlet-1.19.jar:/home/user/.m2/repository/com/sun/jersey/jersey-json/1.19/jersey-json-1.19.jar:/home/user/.m2/repository/org/codehaus/jettison/jettison/1.1/jettison-1.1.jar:/home/user/.m2/repository/org/codehaus/jackson/jackson-core-asl/1.9.13/jackson-core-asl-1.9.13.jar:/home/user/.m2/repository/org/codehaus/jackson/jackson-mapper-asl/1.9.13/jackson-mapper-asl-1.9.13.jar:/home/user/.m2/repository/org/codehaus/jackson/jackson-jaxrs/1.9.13/jackson-jaxrs-1.9.13.jar:/home/user/.m2/repository/org/codehaus/jackson/jackson-xc/1.9.13/jackson-xc-1.9.13.jar:/home/user/.m2/repository/commons-logging/commons-logging/1.1.3/commons-logging-1.1.3.jar:/home/user/.m2/repository/commons-beanutils/commons-beanutils/1.9.4/commons-beanutils-1.9.4.jar:/home/user/.m2/repository/org/apache/commons/commons-configuration2/2.1.1/commons-configuration2-2.1.1.jar:/home/user/.m2/repository/org/apache/commons/commons-lang3/3.7/commons-lang3-3.7.jar:/home/user/.m2/repository/org/apache/commons/commons-text/1.4/commons-text-1.4.jar:/home/user/.m2/repository/org/apache/avro/avro/1.7.7/avro-1.7.7.jar:/home/user/.m2/repository/com/thoughtworks/paranamer/paranamer/2.3/paranamer-2.3.jar:/home/user/.m2/repository/org/xerial/snappy/snappy-java/1.0.5/snappy-java-1.0.5.jar:/home/user/.m2/repository/com/google/re2j/re2j/1.1/re2j-1.1.jar:/home/user/.m2/repository/com/google/code/gson/gson/2.2.4/gson-2.2.4.jar:/home/user/.m2/repository/com/jcraft/jsch/0.1.54/jsch-0.1.54.jar:/home/user/.m2/repository/org/apache/curator/curator-client/2.12.0/curator-client-2.12.0.jar:/home/user/.m2/repository/org/apache/curator/curator-recipes/2.12.0/curator-recipes-2.12.0.jar:/home/user/.m2/repository/com/google/code/findbugs/jsr305/3.0.0/jsr305-3.0.0.jar:/home/user/.m2/repository/org/apache/htrace/htrace-core4/4.1.0-incubating/htrace-core4-4.1.0-incubating.jar:/home/user/.m2/repository/org/apache/zookeeper/zookeeper/3.4.13/zookeeper-3.4.13.jar:/home/user/.m2/repository/jline/jline/0.9.94/jline-0.9.94.jar:/home/user/.m2/repository/org/apache/yetus/audience-annotations/0.5.0/audience-annotations-0.5.0.jar:/home/user/.m2/repository/org/codehaus/woodstox/stax2-api/3.1.4/stax2-api-3.1.4.jar:/home/user/.m2/repository/com/fasterxml/woodstox/woodstox-core/5.0.3/woodstox-core-5.0.3.jar:/home/user/.m2/repository/dnsjava/dnsjava/2.1.7/dnsjava-2.1.7.jar:/home/user/.m2/repository/org/apache/hadoop/hadoop-hdfs/3.2.0/hadoop-hdfs-3.2.0-tests.jar:/home/user/.m2/repository/org/eclipse/jetty/jetty-util-ajax/9.3.25.v20180904/jetty-util-ajax-9.3.25.v20180904.jar:/home/user/.m2/repository/commons-daemon/commons-daemon/1.0.13/commons-daemon-1.0.13.jar:/home/user/.m2/repository/io/netty/netty/3.10.5.Final/netty-3.10.5.Final.jar:/home/user/.m2/repository/io/netty/netty-all/4.0.52.Final/netty-all-4.0.52.Final.jar:/home/user/.m2/repository/org/fusesource/leveldbjni/leveldbjni-all/1.8/leveldbjni-all-1.8.jar:"/>
    <property name="java.vm.vendor" value="IcedTea"/>
    <property name="sun.arch.data.model" value="64"/>
    <property name="test.build.dir" value="/workdir/hadoop-ozone/integration-test/target/test-dir"/>
    <property name="test.cache.data" value=""/>
    <property name="java.vendor.url" value="https://icedtea.classpath.org"/>
    <property name="user.timezone" value=""/>
    <property name="java.vm.specification.version" value="1.8"/>
    <property name="os.name" value="Linux"/>
    <property name="test.build.data" value="/workdir/hadoop-ozone/integration-test/target/test-dir"/>
    <property name="user.country" value="US"/>
    <property name="sun.java.launcher" value="SUN_STANDARD"/>
    <property name="sun.boot.library.path" value="/usr/lib/jvm/java-1.8-openjdk/jre/lib/amd64"/>
    <property name="sun.java.command" value="/workdir/hadoop-ozone/integration-test/target/surefire/surefirebooter2141481143971956446.jar /workdir/hadoop-ozone/integration-test/target/surefire 2019-09-24T20-51-17_462-jvmRun1 surefire5706962520978411316tmp surefire_685189517623807193398tmp"/>
    <property name="test" value="!TestMiniChaosOzoneCluster"/>
    <property name="surefire.test.class.path" value="/workdir/hadoop-ozone/integration-test/target/test-classes:/workdir/hadoop-ozone/integration-test/target/classes:/home/user/.m2/repository/org/apache/hadoop/hadoop-ozone-common/0.5.0-SNAPSHOT/hadoop-ozone-common-0.5.0-SNAPSHOT.jar:/home/user/.m2/repository/org/apache/commons/commons-compress/1.4.1/commons-compress-1.4.1.jar:/home/user/.m2/repository/org/tukaani/xz/1.0/xz-1.0.jar:/home/user/.m2/repository/org/apache/hadoop/hadoop-common/3.2.0/hadoop-common-3.2.0.jar:/home/user/.m2/repository/org/apache/hadoop/hadoop-hdfs/3.2.0/hadoop-hdfs-3.2.0.jar:/home/user/.m2/repository/org/apache/hadoop/hadoop-hdfs-client/3.2.0/hadoop-hdfs-client-3.2.0.jar:/home/user/.m2/repository/com/fasterxml/jackson/core/jackson-annotations/2.9.9/jackson-annotations-2.9.9.jar:/home/user/.m2/repository/org/apache/hadoop/hadoop-hdds-common/0.5.0-SNAPSHOT/hadoop-hdds-common-0.5.0-SNAPSHOT.jar:/home/user/.m2/repository/javax/annotation/javax.annotation-api/1.2/javax.annotation-api-1.2.jar:/home/user/.m2/repository/org/apache/ratis/ratis-server/0.4.0/ratis-server-0.4.0.jar:/home/user/.m2/repository/org/apache/ratis/ratis-thirdparty-misc/0.2.0/ratis-thirdparty-misc-0.2.0.jar:/home/user/.m2/repository/org/apache/ratis/ratis-proto/0.4.0/ratis-proto-0.4.0.jar:/home/user/.m2/repository/org/apache/ratis/ratis-common/0.4.0/ratis-common-0.4.0.jar:/home/user/.m2/repository/org/apache/ratis/ratis-client/0.4.0/ratis-client-0.4.0.jar:/home/user/.m2/repository/org/apache/ratis/ratis-metrics/0.4.0/ratis-metrics-0.4.0.jar:/home/user/.m2/repository/com/github/joshelser/dropwizard-metrics-hadoop-metrics2-reporter/0.1.2/dropwizard-metrics-hadoop-metrics2-reporter-0.1.2.jar:/home/user/.m2/repository/io/dropwizard/metrics/metrics-jvm/3.2.5/metrics-jvm-3.2.5.jar:/home/user/.m2/repository/io/dropwizard/metrics/metrics-ganglia/3.2.5/metrics-ganglia-3.2.5.jar:/home/user/.m2/repository/info/ganglia/gmetric4j/gmetric4j/1.0.7/gmetric4j-1.0.7.jar:/home/user/.m2/repository/org/apache/ratis/ratis-netty/0.4.0/ratis-netty-0.4.0.jar:/home/user/.m2/repository/org/apache/ratis/ratis-grpc/0.4.0/ratis-grpc-0.4.0.jar:/home/user/.m2/repository/org/rocksdb/rocksdbjni/6.0.1/rocksdbjni-6.0.1.jar:/home/user/.m2/repository/org/apache/logging/log4j/log4j-api/2.11.0/log4j-api-2.11.0.jar:/home/user/.m2/repository/org/apache/logging/log4j/log4j-core/2.11.0/log4j-core-2.11.0.jar:/home/user/.m2/repository/com/lmax/disruptor/3.4.2/disruptor-3.4.2.jar:/home/user/.m2/repository/org/apache/commons/commons-pool2/2.6.0/commons-pool2-2.6.0.jar:/home/user/.m2/repository/org/bouncycastle/bcpkix-jdk15on/1.60/bcpkix-jdk15on-1.60.jar:/home/user/.m2/repository/commons-validator/commons-validator/1.6/commons-validator-1.6.jar:/home/user/.m2/repository/commons-digester/commons-digester/1.8.1/commons-digester-1.8.1.jar:/home/user/.m2/repository/io/jaegertracing/jaeger-client/0.34.0/jaeger-client-0.34.0.jar:/home/user/.m2/repository/io/jaegertracing/jaeger-thrift/0.34.0/jaeger-thrift-0.34.0.jar:/home/user/.m2/repository/org/apache/thrift/libthrift/0.12.0/libthrift-0.12.0.jar:/home/user/.m2/repository/com/squareup/okhttp3/okhttp/3.9.0/okhttp-3.9.0.jar:/home/user/.m2/repository/com/squareup/okio/okio/1.13.0/okio-1.13.0.jar:/home/user/.m2/repository/io/jaegertracing/jaeger-core/0.34.0/jaeger-core-0.34.0.jar:/home/user/.m2/repository/io/jaegertracing/jaeger-tracerresolver/0.34.0/jaeger-tracerresolver-0.34.0.jar:/home/user/.m2/repository/io/opentracing/contrib/opentracing-tracerresolver/0.1.5/opentracing-tracerresolver-0.1.5.jar:/home/user/.m2/repository/io/opentracing/opentracing-util/0.31.0/opentracing-util-0.31.0.jar:/home/user/.m2/repository/io/opentracing/opentracing-api/0.31.0/opentracing-api-0.31.0.jar:/home/user/.m2/repository/io/opentracing/opentracing-noop/0.31.0/opentracing-noop-0.31.0.jar:/home/user/.m2/repository/org/apache/hadoop/hadoop-hdds-server-framework/0.5.0-SNAPSHOT/hadoop-hdds-server-framework-0.5.0-SNAPSHOT.jar:/home/user/.m2/repository/org/apache/hadoop/hadoop-hdds-container-service/0.5.0-SNAPSHOT/hadoop-hdds-container-service-0.5.0-SNAPSHOT.jar:/home/user/.m2/repository/org/apache/hadoop/hadoop-hdds-client/0.5.0-SNAPSHOT/hadoop-hdds-client-0.5.0-SNAPSHOT.jar:/home/user/.m2/repository/org/apache/hadoop/hadoop-hdds-tools/0.5.0-SNAPSHOT/hadoop-hdds-tools-0.5.0-SNAPSHOT.jar:/home/user/.m2/repository/org/apache/hadoop/hadoop-hdds-server-scm/0.5.0-SNAPSHOT/hadoop-hdds-server-scm-0.5.0-SNAPSHOT.jar:/home/user/.m2/repository/org/apache/hadoop/hadoop-hdds-docs/0.5.0-SNAPSHOT/hadoop-hdds-docs-0.5.0-SNAPSHOT.jar:/home/user/.m2/repository/io/dropwizard/metrics/metrics-core/3.2.4/metrics-core-3.2.4.jar:/home/user/.m2/repository/org/hamcrest/hamcrest-all/1.3/hamcrest-all-1.3.jar:/home/user/.m2/repository/org/bouncycastle/bcprov-jdk15on/1.60/bcprov-jdk15on-1.60.jar:/home/user/.m2/repository/info/picocli/picocli/3.9.6/picocli-3.9.6.jar:/home/user/.m2/repository/com/google/protobuf/protobuf-java/2.5.0/protobuf-java-2.5.0.jar:/home/user/.m2/repository/com/google/guava/guava/11.0.2/guava-11.0.2.jar:/home/user/.m2/repository/org/apache/hadoop/hadoop-ozone-ozone-manager/0.5.0-SNAPSHOT/hadoop-ozone-ozone-manager-0.5.0-SNAPSHOT.jar:/home/user/.m2/repository/org/apache/hadoop/hadoop-minikdc/3.2.0/hadoop-minikdc-3.2.0.jar:/home/user/.m2/repository/commons-io/commons-io/2.5/commons-io-2.5.jar:/home/user/.m2/repository/org/apache/kerby/kerb-simplekdc/1.0.1/kerb-simplekdc-1.0.1.jar:/home/user/.m2/repository/org/apache/kerby/kerb-client/1.0.1/kerb-client-1.0.1.jar:/home/user/.m2/repository/org/apache/kerby/kerby-config/1.0.1/kerby-config-1.0.1.jar:/home/user/.m2/repository/org/apache/kerby/kerb-core/1.0.1/kerb-core-1.0.1.jar:/home/user/.m2/repository/org/apache/kerby/kerby-pkix/1.0.1/kerby-pkix-1.0.1.jar:/home/user/.m2/repository/org/apache/kerby/kerby-asn1/1.0.1/kerby-asn1-1.0.1.jar:/home/user/.m2/repository/org/apache/kerby/kerby-util/1.0.1/kerby-util-1.0.1.jar:/home/user/.m2/repository/org/apache/kerby/kerb-common/1.0.1/kerb-common-1.0.1.jar:/home/user/.m2/repository/org/apache/kerby/kerb-crypto/1.0.1/kerb-crypto-1.0.1.jar:/home/user/.m2/repository/org/apache/kerby/kerb-util/1.0.1/kerb-util-1.0.1.jar:/home/user/.m2/repository/org/apache/kerby/token-provider/1.0.1/token-provider-1.0.1.jar:/home/user/.m2/repository/org/apache/kerby/kerb-admin/1.0.1/kerb-admin-1.0.1.jar:/home/user/.m2/repository/org/apache/kerby/kerb-server/1.0.1/kerb-server-1.0.1.jar:/home/user/.m2/repository/org/apache/kerby/kerb-identity/1.0.1/kerb-identity-1.0.1.jar:/home/user/.m2/repository/org/apache/kerby/kerby-xdr/1.0.1/kerby-xdr-1.0.1.jar:/home/user/.m2/repository/org/slf4j/slf4j-log4j12/1.7.25/slf4j-log4j12-1.7.25.jar:/home/user/.m2/repository/org/apache/hadoop/hadoop-ozone-s3gateway/0.5.0-SNAPSHOT/hadoop-ozone-s3gateway-0.5.0-SNAPSHOT.jar:/home/user/.m2/repository/org/jboss/weld/servlet/weld-servlet/2.4.7.Final/weld-servlet-2.4.7.Final.jar:/home/user/.m2/repository/org/glassfish/jersey/containers/jersey-container-servlet-core/2.27/jersey-container-servlet-core-2.27.jar:/home/user/.m2/repository/org/glassfish/hk2/external/javax.inject/2.5.0-b42/javax.inject-2.5.0-b42.jar:/home/user/.m2/repository/org/glassfish/jersey/core/jersey-common/2.27/jersey-common-2.27.jar:/home/user/.m2/repository/org/glassfish/hk2/osgi-resource-locator/1.0.1/osgi-resource-locator-1.0.1.jar:/home/user/.m2/repository/javax/ws/rs/javax.ws.rs-api/2.1/javax.ws.rs-api-2.1.jar:/home/user/.m2/repository/org/glassfish/jersey/ext/cdi/jersey-cdi1x/2.27/jersey-cdi1x-2.27.jar:/home/user/.m2/repository/org/glassfish/jersey/inject/jersey-hk2/2.27/jersey-hk2-2.27.jar:/home/user/.m2/repository/org/glassfish/hk2/hk2-locator/2.5.0-b42/hk2-locator-2.5.0-b42.jar:/home/user/.m2/repository/org/javassist/javassist/3.22.0-CR2/javassist-3.22.0-CR2.jar:/home/user/.m2/repository/org/glassfish/hk2/hk2-api/2.5.0/hk2-api-2.5.0.jar:/home/user/.m2/repository/org/glassfish/hk2/external/jakarta.inject/2.5.0/jakarta.inject-2.5.0.jar:/home/user/.m2/repository/org/glassfish/hk2/hk2-utils/2.5.0/hk2-utils-2.5.0.jar:/home/user/.m2/repository/jakarta/annotation/jakarta.annotation-api/1.3.4/jakarta.annotation-api-1.3.4.jar:/home/user/.m2/repository/org/glassfish/hk2/external/aopalliance-repackaged/2.5.0/aopalliance-repackaged-2.5.0.jar:/home/user/.m2/repository/com/fasterxml/jackson/dataformat/jackson-dataformat-xml/2.9.0/jackson-dataformat-xml-2.9.0.jar:/home/user/.m2/repository/com/fasterxml/jackson/core/jackson-core/2.9.9/jackson-core-2.9.9.jar:/home/user/.m2/repository/com/fasterxml/jackson/module/jackson-module-jaxb-annotations/2.9.9/jackson-module-jaxb-annotations-2.9.9.jar:/home/user/.m2/repository/javax/enterprise/cdi-api/1.2/cdi-api-1.2.jar:/home/user/.m2/repository/javax/el/javax.el-api/3.0.0/javax.el-api-3.0.0.jar:/home/user/.m2/repository/javax/interceptor/javax.interceptor-api/1.2/javax.interceptor-api-1.2.jar:/home/user/.m2/repository/javax/inject/javax.inject/1/javax.inject-1.jar:/home/user/.m2/repository/com/sun/xml/bind/jaxb-impl/2.3.0.1/jaxb-impl-2.3.0.1.jar:/home/user/.m2/repository/com/sun/xml/bind/jaxb-core/2.3.0.1/jaxb-core-2.3.0.1.jar:/home/user/.m2/repository/javax/xml/bind/jaxb-api/2.3.0/jaxb-api-2.3.0.jar:/home/user/.m2/repository/javax/activation/activation/1.1.1/activation-1.1.1.jar:/home/user/.m2/repository/org/apache/hadoop/hadoop-ozone-csi/0.5.0-SNAPSHOT/hadoop-ozone-csi-0.5.0-SNAPSHOT.jar:/home/user/.m2/repository/com/google/protobuf/protobuf-java-util/3.5.1/protobuf-java-util-3.5.1.jar:/home/user/.m2/repository/org/apache/hadoop/hadoop-hdds-config/0.5.0-SNAPSHOT/hadoop-hdds-config-0.5.0-SNAPSHOT.jar:/home/user/.m2/repository/io/grpc/grpc-netty/1.17.1/grpc-netty-1.17.1.jar:/home/user/.m2/repository/io/grpc/grpc-core/1.17.1/grpc-core-1.17.1.jar:/home/user/.m2/repository/io/grpc/grpc-context/1.17.1/grpc-context-1.17.1.jar:/home/user/.m2/repository/com/google/errorprone/error_prone_annotations/2.2.0/error_prone_annotations-2.2.0.jar:/home/user/.m2/repository/org/codehaus/mojo/animal-sniffer-annotations/1.17/animal-sniffer-annotations-1.17.jar:/home/user/.m2/repository/io/opencensus/opencensus-api/0.17.0/opencensus-api-0.17.0.jar:/home/user/.m2/repository/io/opencensus/opencensus-contrib-grpc-metrics/0.17.0/opencensus-contrib-grpc-metrics-0.17.0.jar:/home/user/.m2/repository/io/netty/netty-codec-http2/4.1.30.Final/netty-codec-http2-4.1.30.Final.jar:/home/user/.m2/repository/io/netty/netty-codec-http/4.1.30.Final/netty-codec-http-4.1.30.Final.jar:/home/user/.m2/repository/io/netty/netty-codec/4.1.30.Final/netty-codec-4.1.30.Final.jar:/home/user/.m2/repository/io/netty/netty-handler/4.1.30.Final/netty-handler-4.1.30.Final.jar:/home/user/.m2/repository/io/netty/netty-handler-proxy/4.1.30.Final/netty-handler-proxy-4.1.30.Final.jar:/home/user/.m2/repository/io/netty/netty-codec-socks/4.1.30.Final/netty-codec-socks-4.1.30.Final.jar:/home/user/.m2/repository/io/netty/netty-transport-native-epoll/4.1.30.Final/netty-transport-native-epoll-4.1.30.Final.jar:/home/user/.m2/repository/io/netty/netty-common/4.1.30.Final/netty-common-4.1.30.Final.jar:/home/user/.m2/repository/io/netty/netty-buffer/4.1.30.Final/netty-buffer-4.1.30.Final.jar:/home/user/.m2/repository/io/netty/netty-transport/4.1.30.Final/netty-transport-4.1.30.Final.jar:/home/user/.m2/repository/io/netty/netty-resolver/4.1.30.Final/netty-resolver-4.1.30.Final.jar:/home/user/.m2/repository/io/netty/netty-transport-native-unix-common/4.1.30.Final/netty-transport-native-unix-common-4.1.30.Final.jar:/home/user/.m2/repository/io/grpc/grpc-protobuf/1.17.1/grpc-protobuf-1.17.1.jar:/home/user/.m2/repository/com/google/api/grpc/proto-google-common-protos/1.0.0/proto-google-common-protos-1.0.0.jar:/home/user/.m2/repository/io/grpc/grpc-protobuf-lite/1.17.1/grpc-protobuf-lite-1.17.1.jar:/home/user/.m2/repository/io/grpc/grpc-stub/1.17.1/grpc-stub-1.17.1.jar:/home/user/.m2/repository/org/apache/hadoop/hadoop-ozone-recon/0.5.0-SNAPSHOT/hadoop-ozone-recon-0.5.0-SNAPSHOT.jar:/home/user/.m2/repository/org/apache/hadoop/hadoop-ozone-reconcodegen/0.5.0-SNAPSHOT/hadoop-ozone-reconcodegen-0.5.0-SNAPSHOT.jar:/home/user/.m2/repository/com/google/inject/extensions/guice-multibindings/4.0/guice-multibindings-4.0.jar:/home/user/.m2/repository/com/google/inject/guice/4.0/guice-4.0.jar:/home/user/.m2/repository/aopalliance/aopalliance/1.0/aopalliance-1.0.jar:/home/user/.m2/repository/com/google/inject/extensions/guice-servlet/4.0/guice-servlet-4.0.jar:/home/user/.m2/repository/org/glassfish/jersey/containers/jersey-container-servlet/2.27/jersey-container-servlet-2.27.jar:/home/user/.m2/repository/org/glassfish/hk2/guice-bridge/2.5.0/guice-bridge-2.5.0.jar:/home/user/.m2/repository/org/glassfish/jersey/core/jersey-server/2.27/jersey-server-2.27.jar:/home/user/.m2/repository/org/glassfish/jersey/core/jersey-client/2.27/jersey-client-2.27.jar:/home/user/.m2/repository/org/glassfish/jersey/media/jersey-media-jaxb/2.27/jersey-media-jaxb-2.27.jar:/home/user/.m2/repository/javax/validation/validation-api/1.1.0.Final/validation-api-1.1.0.Final.jar:/home/user/.m2/repository/org/glassfish/jersey/media/jersey-media-json-jackson/2.27/jersey-media-json-jackson-2.27.jar:/home/user/.m2/repository/org/glassfish/jersey/ext/jersey-entity-filtering/2.27/jersey-entity-filtering-2.27.jar:/home/user/.m2/repository/com/google/inject/extensions/guice-assistedinject/4.0/guice-assistedinject-4.0.jar:/home/user/.m2/repository/org/jooq/jooq/3.11.10/jooq-3.11.10.jar:/home/user/.m2/repository/org/jooq/jooq-meta/3.11.10/jooq-meta-3.11.10.jar:/home/user/.m2/repository/org/jooq/jooq-codegen/3.11.10/jooq-codegen-3.11.10.jar:/home/user/.m2/repository/com/jolbox/bonecp/0.8.0.RELEASE/bonecp-0.8.0.RELEASE.jar:/home/user/.m2/repository/org/xerial/sqlite-jdbc/3.25.2/sqlite-jdbc-3.25.2.jar:/home/user/.m2/repository/org/springframework/spring-jdbc/5.1.3.RELEASE/spring-jdbc-5.1.3.RELEASE.jar:/home/user/.m2/repository/org/springframework/spring-beans/5.1.3.RELEASE/spring-beans-5.1.3.RELEASE.jar:/home/user/.m2/repository/org/springframework/spring-core/5.1.3.RELEASE/spring-core-5.1.3.RELEASE.jar:/home/user/.m2/repository/org/springframework/spring-jcl/5.1.3.RELEASE/spring-jcl-5.1.3.RELEASE.jar:/home/user/.m2/repository/org/springframework/spring-tx/5.1.3.RELEASE/spring-tx-5.1.3.RELEASE.jar:/home/user/.m2/repository/org/apache/hadoop/hadoop-ozone-client/0.5.0-SNAPSHOT/hadoop-ozone-client-0.5.0-SNAPSHOT.jar:/home/user/.m2/repository/commons-lang/commons-lang/2.6/commons-lang-2.6.jar:/home/user/.m2/repository/org/apache/hadoop/hadoop-ozone-ozone-manager/0.5.0-SNAPSHOT/hadoop-ozone-ozone-manager-0.5.0-SNAPSHOT-tests.jar:/home/user/.m2/repository/junit/junit/4.11/junit-4.11.jar:/home/user/.m2/repository/org/hamcrest/hamcrest-core/1.3/hamcrest-core-1.3.jar:/home/user/.m2/repository/org/openjdk/jmh/jmh-core/1.19/jmh-core-1.19.jar:/home/user/.m2/repository/net/sf/jopt-simple/jopt-simple/4.6/jopt-simple-4.6.jar:/home/user/.m2/repository/org/apache/commons/commons-math3/3.1.1/commons-math3-3.1.1.jar:/home/user/.m2/repository/org/openjdk/jmh/jmh-generator-annprocess/1.19/jmh-generator-annprocess-1.19.jar:/home/user/.m2/repository/org/mockito/mockito-all/1.8.5/mockito-all-1.8.5.jar:/home/user/.m2/repository/org/apache/hadoop/hadoop-kms/3.2.0/hadoop-kms-3.2.0.jar:/home/user/.m2/repository/org/apache/hadoop/hadoop-auth/3.2.0/hadoop-auth-3.2.0.jar:/home/user/.m2/repository/com/nimbusds/nimbus-jose-jwt/4.41.1/nimbus-jose-jwt-4.41.1.jar:/home/user/.m2/repository/com/github/stephenc/jcip/jcip-annotations/1.0-1/jcip-annotations-1.0-1.jar:/home/user/.m2/repository/net/minidev/json-smart/2.3/json-smart-2.3.jar:/home/user/.m2/repository/net/minidev/accessors-smart/1.2/accessors-smart-1.2.jar:/home/user/.m2/repository/org/ow2/asm/asm/5.0.4/asm-5.0.4.jar:/home/user/.m2/repository/org/apache/curator/curator-framework/2.12.0/curator-framework-2.12.0.jar:/home/user/.m2/repository/com/sun/jersey/jersey-core/1.19/jersey-core-1.19.jar:/home/user/.m2/repository/javax/ws/rs/jsr311-api/1.1.1/jsr311-api-1.1.1.jar:/home/user/.m2/repository/com/sun/jersey/jersey-server/1.19/jersey-server-1.19.jar:/home/user/.m2/repository/javax/servlet/javax.servlet-api/3.1.0/javax.servlet-api-3.1.0.jar:/home/user/.m2/repository/org/eclipse/jetty/jetty-server/9.3.25.v20180904/jetty-server-9.3.25.v20180904.jar:/home/user/.m2/repository/org/eclipse/jetty/jetty-http/9.3.25.v20180904/jetty-http-9.3.25.v20180904.jar:/home/user/.m2/repository/org/eclipse/jetty/jetty-io/9.3.25.v20180904/jetty-io-9.3.25.v20180904.jar:/home/user/.m2/repository/org/eclipse/jetty/jetty-webapp/9.3.25.v20180904/jetty-webapp-9.3.25.v20180904.jar:/home/user/.m2/repository/org/eclipse/jetty/jetty-xml/9.3.25.v20180904/jetty-xml-9.3.25.v20180904.jar:/home/user/.m2/repository/log4j/log4j/1.2.17/log4j-1.2.17.jar:/home/user/.m2/repository/org/slf4j/slf4j-api/1.7.25/slf4j-api-1.7.25.jar:/home/user/.m2/repository/org/slf4j/jul-to-slf4j/1.7.25/jul-to-slf4j-1.7.25.jar:/home/user/.m2/repository/org/eclipse/jetty/jetty-util/9.3.25.v20180904/jetty-util-9.3.25.v20180904.jar:/home/user/.m2/repository/com/fasterxml/jackson/core/jackson-databind/2.9.9/jackson-databind-2.9.9.jar:/home/user/.m2/repository/org/apache/hadoop/hadoop-kms/3.2.0/hadoop-kms-3.2.0-tests.jar:/home/user/.m2/repository/org/apache/hadoop/hadoop-hdds-server-scm/0.5.0-SNAPSHOT/hadoop-hdds-server-scm-0.5.0-SNAPSHOT-tests.jar:/home/user/.m2/repository/org/apache/hadoop/hadoop-hdds-container-service/0.5.0-SNAPSHOT/hadoop-hdds-container-service-0.5.0-SNAPSHOT-tests.jar:/home/user/.m2/repository/org/yaml/snakeyaml/1.16/snakeyaml-1.16.jar:/home/user/.m2/repository/org/apache/hadoop/hadoop-common/3.2.0/hadoop-common-3.2.0-tests.jar:/home/user/.m2/repository/org/apache/hadoop/hadoop-annotations/3.2.0/hadoop-annotations-3.2.0.jar:/usr/lib/jvm/java-1.8-openjdk/jre/../lib/tools.jar:/home/user/.m2/repository/commons-cli/commons-cli/1.2/commons-cli-1.2.jar:/home/user/.m2/repository/org/apache/httpcomponents/httpclient/4.5.2/httpclient-4.5.2.jar:/home/user/.m2/repository/org/apache/httpcomponents/httpcore/4.4.4/httpcore-4.4.4.jar:/home/user/.m2/repository/commons-codec/commons-codec/1.11/commons-codec-1.11.jar:/home/user/.m2/repository/commons-net/commons-net/3.6/commons-net-3.6.jar:/home/user/.m2/repository/commons-collections/commons-collections/3.2.2/commons-collections-3.2.2.jar:/home/user/.m2/repository/org/eclipse/jetty/jetty-servlet/9.3.25.v20180904/jetty-servlet-9.3.25.v20180904.jar:/home/user/.m2/repository/org/eclipse/jetty/jetty-security/9.3.25.v20180904/jetty-security-9.3.25.v20180904.jar:/home/user/.m2/repository/javax/servlet/jsp/jsp-api/2.1/jsp-api-2.1.jar:/home/user/.m2/repository/com/sun/jersey/jersey-servlet/1.19/jersey-servlet-1.19.jar:/home/user/.m2/repository/com/sun/jersey/jersey-json/1.19/jersey-json-1.19.jar:/home/user/.m2/repository/org/codehaus/jettison/jettison/1.1/jettison-1.1.jar:/home/user/.m2/repository/org/codehaus/jackson/jackson-core-asl/1.9.13/jackson-core-asl-1.9.13.jar:/home/user/.m2/repository/org/codehaus/jackson/jackson-mapper-asl/1.9.13/jackson-mapper-asl-1.9.13.jar:/home/user/.m2/repository/org/codehaus/jackson/jackson-jaxrs/1.9.13/jackson-jaxrs-1.9.13.jar:/home/user/.m2/repository/org/codehaus/jackson/jackson-xc/1.9.13/jackson-xc-1.9.13.jar:/home/user/.m2/repository/commons-logging/commons-logging/1.1.3/commons-logging-1.1.3.jar:/home/user/.m2/repository/commons-beanutils/commons-beanutils/1.9.4/commons-beanutils-1.9.4.jar:/home/user/.m2/repository/org/apache/commons/commons-configuration2/2.1.1/commons-configuration2-2.1.1.jar:/home/user/.m2/repository/org/apache/commons/commons-lang3/3.7/commons-lang3-3.7.jar:/home/user/.m2/repository/org/apache/commons/commons-text/1.4/commons-text-1.4.jar:/home/user/.m2/repository/org/apache/avro/avro/1.7.7/avro-1.7.7.jar:/home/user/.m2/repository/com/thoughtworks/paranamer/paranamer/2.3/paranamer-2.3.jar:/home/user/.m2/repository/org/xerial/snappy/snappy-java/1.0.5/snappy-java-1.0.5.jar:/home/user/.m2/repository/com/google/re2j/re2j/1.1/re2j-1.1.jar:/home/user/.m2/repository/com/google/code/gson/gson/2.2.4/gson-2.2.4.jar:/home/user/.m2/repository/com/jcraft/jsch/0.1.54/jsch-0.1.54.jar:/home/user/.m2/repository/org/apache/curator/curator-client/2.12.0/curator-client-2.12.0.jar:/home/user/.m2/repository/org/apache/curator/curator-recipes/2.12.0/curator-recipes-2.12.0.jar:/home/user/.m2/repository/com/google/code/findbugs/jsr305/3.0.0/jsr305-3.0.0.jar:/home/user/.m2/repository/org/apache/htrace/htrace-core4/4.1.0-incubating/htrace-core4-4.1.0-incubating.jar:/home/user/.m2/repository/org/apache/zookeeper/zookeeper/3.4.13/zookeeper-3.4.13.jar:/home/user/.m2/repository/jline/jline/0.9.94/jline-0.9.94.jar:/home/user/.m2/repository/org/apache/yetus/audience-annotations/0.5.0/audience-annotations-0.5.0.jar:/home/user/.m2/repository/org/codehaus/woodstox/stax2-api/3.1.4/stax2-api-3.1.4.jar:/home/user/.m2/repository/com/fasterxml/woodstox/woodstox-core/5.0.3/woodstox-core-5.0.3.jar:/home/user/.m2/repository/dnsjava/dnsjava/2.1.7/dnsjava-2.1.7.jar:/home/user/.m2/repository/org/apache/hadoop/hadoop-hdfs/3.2.0/hadoop-hdfs-3.2.0-tests.jar:/home/user/.m2/repository/org/eclipse/jetty/jetty-util-ajax/9.3.25.v20180904/jetty-util-ajax-9.3.25.v20180904.jar:/home/user/.m2/repository/commons-daemon/commons-daemon/1.0.13/commons-daemon-1.0.13.jar:/home/user/.m2/repository/io/netty/netty/3.10.5.Final/netty-3.10.5.Final.jar:/home/user/.m2/repository/io/netty/netty-all/4.0.52.Final/netty-all-4.0.52.Final.jar:/home/user/.m2/repository/org/fusesource/leveldbjni/leveldbjni-all/1.8/leveldbjni-all-1.8.jar:"/>
    <property name="sun.cpu.endian" value="little"/>
    <property name="user.home" value="/home/user"/>
    <property name="user.language" value="en"/>
    <property name="java.specification.vendor" value="Oracle Corporation"/>
    <property name="java.home" value="/usr/lib/jvm/java-1.8-openjdk/jre"/>
    <property name="java.security.krb5.conf" value="/workdir/hadoop-ozone/integration-test/target/test-classes/krb5.conf"/>
    <property name="basedir" value="/workdir/hadoop-ozone/integration-test"/>
    <property name="file.separator" value="/"/>
    <property name="line.separator" value="&#10;"/>
    <property name="java.vm.specification.vendor" value="Oracle Corporation"/>
    <property name="java.specification.name" value="Java Platform API Specification"/>
    <property name="java.awt.graphicsenv" value="sun.awt.X11GraphicsEnvironment"/>
    <property name="surefire.real.class.path" value="/workdir/hadoop-ozone/integration-test/target/surefire/surefirebooter2141481143971956446.jar"/>
    <property name="hadoop.log.dir" value="/workdir/hadoop-ozone/integration-test/target/log"/>
    <property name="sun.boot.class.path" value="/usr/lib/jvm/java-1.8-openjdk/jre/lib/resources.jar:/usr/lib/jvm/java-1.8-openjdk/jre/lib/rt.jar:/usr/lib/jvm/java-1.8-openjdk/jre/lib/sunrsasign.jar:/usr/lib/jvm/java-1.8-openjdk/jre/lib/jsse.jar:/usr/lib/jvm/java-1.8-openjdk/jre/lib/jce.jar:/usr/lib/jvm/java-1.8-openjdk/jre/lib/charsets.jar:/usr/lib/jvm/java-1.8-openjdk/jre/lib/jfr.jar:/usr/lib/jvm/java-1.8-openjdk/jre/classes"/>
    <property name="sun.management.compiler" value="HotSpot 64-Bit Tiered Compilers"/>
    <property name="java.runtime.version" value="1.8.0_212-b04"/>
    <property name="java.net.preferIPv4Stack" value="true"/>
    <property name="user.name" value="jenkins1000"/>
    <property name="path.separator" value=":"/>
    <property name="java.security.egd" value="file:///dev/urandom"/>
    <property name="os.version" value="3.10.0-957.12.2.el7.x86_64"/>
    <property name="java.endorsed.dirs" value="/usr/lib/jvm/java-1.8-openjdk/jre/lib/endorsed"/>
    <property name="java.runtime.name" value="OpenJDK Runtime Environment"/>
    <property name="file.encoding" value="UTF-8"/>
    <property name="java.vm.name" value="OpenJDK 64-Bit Server VM"/>
    <property name="test.build.webapps" value=""/>
    <property name="localRepository" value="/home/user/.m2/repository"/>
    <property name="java.vendor.url.bug" value="https://icedtea.classpath.org/bugzilla"/>
    <property name="java.io.tmpdir" value="/tmp"/>
    <property name="require.test.libhadoop" value=""/>
    <property name="java.version" value="1.8.0_212"/>
    <property name="user.dir" value="/workdir/hadoop-ozone/integration-test"/>
    <property name="os.arch" value="amd64"/>
    <property name="java.vm.specification.name" value="Java Virtual Machine Specification"/>
    <property name="test.build.classes" value="/workdir/hadoop-ozone/integration-test/target/test-classes"/>
    <property name="java.awt.printerjob" value="sun.print.PSPrinterJob"/>
    <property name="sun.os.patch.level" value="unknown"/>
    <property name="hadoop.tmp.dir" value="/workdir/hadoop-ozone/integration-test/target/tmp"/>
    <property name="java.library.path" value="/usr/lib/jvm/java-1.8-openjdk/jre/lib/amd64/server:/usr/lib/jvm/java-1.8-openjdk/jre/lib/amd64:/usr/lib/jvm/java-1.8-openjdk/jre/../lib/amd64:/workdir/hadoop-ozone/integration-test/target/native/target/usr/local/lib:/workdir/hadoop-ozone/integration-test/../../hadoop-common-project/hadoop-common/target/native/target/usr/local/lib:/usr/java/packages/lib/amd64:/usr/lib64:/lib64:/lib:/usr/lib"/>
    <property name="java.vm.info" value="mixed mode"/>
    <property name="java.vendor" value="IcedTea"/>
    <property name="java.vm.version" value="25.212-b04"/>
    <property name="java.ext.dirs" value="/usr/lib/jvm/java-1.8-openjdk/jre/lib/ext:/usr/java/packages/lib/ext"/>
    <property name="sun.io.unicode.encoding" value="UnicodeLittle"/>
    <property name="java.class.version" value="52.0"/>
  </properties>
  <testcase name="testGroupMismatchExceptionHandling" classname="org.apache.hadoop.ozone.client.rpc.TestOzoneClientRetriesOnException" time="141.473">
    <error message="Connection refused" type="java.net.ConnectException"><![CDATA[java.net.ConnectException: Connection refused
	at sun.nio.ch.SocketChannelImpl.checkConnect(Native Method)
	at sun.nio.ch.SocketChannelImpl.finishConnect(SocketChannelImpl.java:717)
	at org.apache.hadoop.net.SocketIOWithTimeout.connect(SocketIOWithTimeout.java:206)
	at org.apache.hadoop.net.NetUtils.connect(NetUtils.java:531)
	at org.apache.hadoop.ipc.Client$Connection.setupConnection(Client.java:690)
	at org.apache.hadoop.ipc.Client$Connection.setupIOstreams(Client.java:794)
	at org.apache.hadoop.ipc.Client$Connection.access$3700(Client.java:411)
	at org.apache.hadoop.ipc.Client.getConnection(Client.java:1572)
	at org.apache.hadoop.ipc.Client.call(Client.java:1403)
	at org.apache.hadoop.ipc.Client.call(Client.java:1367)
	at org.apache.hadoop.ipc.ProtobufRpcEngine$Invoker.invoke(ProtobufRpcEngine.java:228)
	at org.apache.hadoop.ipc.ProtobufRpcEngine$Invoker.invoke(ProtobufRpcEngine.java:116)
	at com.sun.proxy.$Proxy36.submitRequest(Unknown Source)
	at sun.reflect.NativeMethodAccessorImpl.invoke0(Native Method)
	at sun.reflect.NativeMethodAccessorImpl.invoke(NativeMethodAccessorImpl.java:62)
	at sun.reflect.DelegatingMethodAccessorImpl.invoke(DelegatingMethodAccessorImpl.java:43)
	at java.lang.reflect.Method.invoke(Method.java:498)
	at org.apache.hadoop.io.retry.RetryInvocationHandler.invokeMethod(RetryInvocationHandler.java:422)
	at org.apache.hadoop.io.retry.RetryInvocationHandler$Call.invokeMethod(RetryInvocationHandler.java:165)
	at org.apache.hadoop.io.retry.RetryInvocationHandler$Call.invoke(RetryInvocationHandler.java:157)
	at org.apache.hadoop.io.retry.RetryInvocationHandler$Call.invokeOnce(RetryInvocationHandler.java:95)
	at org.apache.hadoop.io.retry.RetryInvocationHandler.invoke(RetryInvocationHandler.java:359)
	at com.sun.proxy.$Proxy36.submitRequest(Unknown Source)
	at org.apache.hadoop.ozone.om.protocolPB.OzoneManagerProtocolClientSideTranslatorPB.submitRequest(OzoneManagerProtocolClientSideTranslatorPB.java:338)
	at org.apache.hadoop.ozone.om.protocolPB.OzoneManagerProtocolClientSideTranslatorPB.getServiceInfo(OzoneManagerProtocolClientSideTranslatorPB.java:1223)
	at sun.reflect.NativeMethodAccessorImpl.invoke0(Native Method)
	at sun.reflect.NativeMethodAccessorImpl.invoke(NativeMethodAccessorImpl.java:62)
	at sun.reflect.DelegatingMethodAccessorImpl.invoke(DelegatingMethodAccessorImpl.java:43)
	at java.lang.reflect.Method.invoke(Method.java:498)
	at org.apache.hadoop.hdds.tracing.TraceAllMethod.invoke(TraceAllMethod.java:66)
	at com.sun.proxy.$Proxy37.getServiceInfo(Unknown Source)
	at org.apache.hadoop.ozone.client.rpc.RpcClient.<init>(RpcClient.java:154)
	at org.apache.hadoop.ozone.client.OzoneClientFactory.getClientProtocol(OzoneClientFactory.java:256)
	at org.apache.hadoop.ozone.client.OzoneClientFactory.getClientProtocol(OzoneClientFactory.java:239)
	at org.apache.hadoop.ozone.client.OzoneClientFactory.getClient(OzoneClientFactory.java:75)
	at org.apache.hadoop.ozone.client.rpc.TestOzoneClientRetriesOnException.init(TestOzoneClientRetriesOnException.java:102)
	at sun.reflect.NativeMethodAccessorImpl.invoke0(Native Method)
	at sun.reflect.NativeMethodAccessorImpl.invoke(NativeMethodAccessorImpl.java:62)
	at sun.reflect.DelegatingMethodAccessorImpl.invoke(DelegatingMethodAccessorImpl.java:43)
	at java.lang.reflect.Method.invoke(Method.java:498)
	at org.junit.runners.model.FrameworkMethod$1.runReflectiveCall(FrameworkMethod.java:47)
	at org.junit.internal.runners.model.ReflectiveCallable.run(ReflectiveCallable.java:12)
	at org.junit.runners.model.FrameworkMethod.invokeExplosively(FrameworkMethod.java:44)
	at org.junit.internal.runners.statements.RunBefores.evaluate(RunBefores.java:24)
	at org.junit.internal.runners.statements.RunAfters.evaluate(RunAfters.java:27)
	at org.junit.runners.ParentRunner.runLeaf(ParentRunner.java:271)
	at org.junit.runners.BlockJUnit4ClassRunner.runChild(BlockJUnit4ClassRunner.java:70)
	at org.junit.runners.BlockJUnit4ClassRunner.runChild(BlockJUnit4ClassRunner.java:50)
	at org.junit.runners.ParentRunner$3.run(ParentRunner.java:238)
	at org.junit.runners.ParentRunner$1.schedule(ParentRunner.java:63)
	at org.junit.runners.ParentRunner.runChildren(ParentRunner.java:236)
	at org.junit.runners.ParentRunner.access$000(ParentRunner.java:53)
	at org.junit.runners.ParentRunner$2.evaluate(ParentRunner.java:229)
	at org.junit.runners.ParentRunner.run(ParentRunner.java:309)
	at org.apache.maven.surefire.junit4.JUnit4Provider.execute(JUnit4Provider.java:365)
	at org.apache.maven.surefire.junit4.JUnit4Provider.executeWithRerun(JUnit4Provider.java:273)
	at org.apache.maven.surefire.junit4.JUnit4Provider.executeTestSet(JUnit4Provider.java:238)
	at org.apache.maven.surefire.junit4.JUnit4Provider.invoke(JUnit4Provider.java:159)
	at org.apache.maven.surefire.booter.ForkedBooter.invokeProviderInSameClassLoader(ForkedBooter.java:384)
	at org.apache.maven.surefire.booter.ForkedBooter.runSuitesInProcess(ForkedBooter.java:345)
	at org.apache.maven.surefire.booter.ForkedBooter.execute(ForkedBooter.java:126)
	at org.apache.maven.surefire.booter.ForkedBooter.main(ForkedBooter.java:418)
]]></error>
    <system-out><![CDATA[2019-09-24 22:43:20,790 [main] WARN  server.ServerUtils (ServerUtils.java:getScmDbDir(145)) - ozone.scm.db.dirs is not configured. We recommend adding this setting. Falling back to ozone.metadata.dirs instead.
2019-09-24 22:43:21,152 [main] WARN  server.ServerUtils (ServerUtils.java:getScmDbDir(145)) - ozone.scm.db.dirs is not configured. We recommend adding this setting. Falling back to ozone.metadata.dirs instead.
2019-09-24 22:43:21,155 [main] WARN  server.ServerUtils (ServerUtils.java:getScmDbDir(145)) - ozone.scm.db.dirs is not configured. We recommend adding this setting. Falling back to ozone.metadata.dirs instead.
2019-09-24 22:43:21,175 [main] INFO  util.log (Log.java:initialized(192)) - Logging initialized @1125ms
2019-09-24 22:43:21,269 [main] INFO  db.DBStoreBuilder (DBStoreBuilder.java:addTable(110)) - using custom profile for table: deletedBlocks
2019-09-24 22:43:21,269 [main] INFO  db.DBStoreBuilder (DBStoreBuilder.java:processTables(161)) - Using default column profile:DBProfile.DISK for Table:deletedBlocks
2019-09-24 22:43:21,270 [main] INFO  db.DBStoreBuilder (DBStoreBuilder.java:addTable(110)) - using custom profile for table: validCerts
2019-09-24 22:43:21,270 [main] INFO  db.DBStoreBuilder (DBStoreBuilder.java:processTables(161)) - Using default column profile:DBProfile.DISK for Table:validCerts
2019-09-24 22:43:21,270 [main] INFO  db.DBStoreBuilder (DBStoreBuilder.java:addTable(110)) - using custom profile for table: revokedCerts
2019-09-24 22:43:21,270 [main] INFO  db.DBStoreBuilder (DBStoreBuilder.java:processTables(161)) - Using default column profile:DBProfile.DISK for Table:revokedCerts
2019-09-24 22:43:21,281 [main] INFO  db.DBStoreBuilder (DBStoreBuilder.java:addTable(110)) - using custom profile for table: default
2019-09-24 22:43:21,281 [main] INFO  db.DBStoreBuilder (DBStoreBuilder.java:processTables(167)) - Using default column profile:DBProfile.DISK for Table:default
2019-09-24 22:43:21,282 [main] INFO  db.DBStoreBuilder (DBStoreBuilder.java:getDbProfile(198)) - Using default options. DBProfile.DISK
2019-09-24 22:43:21,513 [main] INFO  net.NodeSchemaLoader (NodeSchemaLoader.java:loadSchemaFromFile(125)) - Loading file from sun.misc.CompoundEnumeration@34123d65
2019-09-24 22:43:21,515 [main] INFO  net.NodeSchemaLoader (NodeSchemaLoader.java:loadSchema(171)) - Loading network topology layer schema file
2019-09-24 22:43:21,590 [main] WARN  server.ServerUtils (ServerUtils.java:sanitizeUserArgs(70)) - ozone.scm.stale.node.interval value = 300000 is larger than max = 100000 based on the key value of ozone.scm.heartbeat.thread.interval, reset to the max value 100000.
2019-09-24 22:43:21,591 [main] WARN  server.ServerUtils (ServerUtils.java:sanitizeUserArgs(70)) - ozone.scm.stale.node.interval value = 300000 is larger than max = 100000 based on the key value of ozone.scm.heartbeat.thread.interval, reset to the max value 100000.
2019-09-24 22:43:21,594 [main] INFO  node.SCMNodeManager (SCMNodeManager.java:<init>(114)) - Entering startup safe mode.
2019-09-24 22:43:21,666 [main] INFO  algorithms.ContainerPlacementPolicyFactory (ContainerPlacementPolicyFactory.java:getPolicy(57)) - Create container placement policy of type org.apache.hadoop.hdds.scm.container.placement.algorithms.SCMContainerPlacementRandom
2019-09-24 22:43:21,680 [main] WARN  server.ServerUtils (ServerUtils.java:getScmDbDir(145)) - ozone.scm.db.dirs is not configured. We recommend adding this setting. Falling back to ozone.metadata.dirs instead.
2019-09-24 22:43:21,739 [main] INFO  pipeline.SCMPipelineManager (SCMPipelineManager.java:initializePipelineState(132)) - No pipeline exists in current db
2019-09-24 22:43:21,741 [main] WARN  server.ServerUtils (ServerUtils.java:getScmDbDir(145)) - ozone.scm.db.dirs is not configured. We recommend adding this setting. Falling back to ozone.metadata.dirs instead.
2019-09-24 22:43:21,858 [main] WARN  events.EventQueue (EventQueue.java:fireEvent(183)) - No event handler registered for event TypedEvent{payloadType=SafeModeStatus, name='SafeModeStatus'}
2019-09-24 22:43:22,183 [main] INFO  ipc.CallQueueManager (CallQueueManager.java:<init>(84)) - Using callQueue: class java.util.concurrent.LinkedBlockingQueue, queueCapacity: 2000, scheduler: class org.apache.hadoop.ipc.DefaultRpcScheduler, ipcBackoff: false.
2019-09-24 22:43:22,209 [Socket Reader #1 for port 43532] INFO  ipc.Server (Server.java:run(1074)) - Starting Socket Reader #1 for port 43532
2019-09-24 22:43:22,326 [main] INFO  ipc.CallQueueManager (CallQueueManager.java:<init>(84)) - Using callQueue: class java.util.concurrent.LinkedBlockingQueue, queueCapacity: 2000, scheduler: class org.apache.hadoop.ipc.DefaultRpcScheduler, ipcBackoff: false.
2019-09-24 22:43:22,327 [Socket Reader #1 for port 39729] INFO  ipc.Server (Server.java:run(1074)) - Starting Socket Reader #1 for port 39729
2019-09-24 22:43:22,333 [main] INFO  ipc.CallQueueManager (CallQueueManager.java:<init>(84)) - Using callQueue: class java.util.concurrent.LinkedBlockingQueue, queueCapacity: 2000, scheduler: class org.apache.hadoop.ipc.DefaultRpcScheduler, ipcBackoff: false.
2019-09-24 22:43:22,333 [Socket Reader #1 for port 33543] INFO  ipc.Server (Server.java:run(1074)) - Starting Socket Reader #1 for port 33543
2019-09-24 22:43:22,350 [main] INFO  hdfs.DFSUtil (DFSUtil.java:httpServerTemplateForNNAndJN(1641)) - Starting Web-server for scm at: http://0.0.0.0:0
2019-09-24 22:43:22,465 [main] INFO  server.AuthenticationFilter (AuthenticationFilter.java:constructSecretProvider(240)) - Unable to initialize FileSignerSecretProvider, falling back to use random secrets.
2019-09-24 22:43:22,471 [main] WARN  http.HttpRequestLog (HttpRequestLog.java:getRequestLog(97)) - Jetty request log can only be enabled using Log4j
2019-09-24 22:43:22,478 [main] INFO  http.HttpServer2 (HttpServer2.java:addGlobalFilter(975)) - Added global filter 'safety' (class=org.apache.hadoop.http.HttpServer2$QuotingInputFilter)
2019-09-24 22:43:22,480 [main] INFO  http.HttpServer2 (HttpServer2.java:addFilter(948)) - Added filter static_user_filter (class=org.apache.hadoop.http.lib.StaticUserWebFilter$StaticUserFilter) to context scm
2019-09-24 22:43:22,480 [main] INFO  http.HttpServer2 (HttpServer2.java:addFilter(958)) - Added filter static_user_filter (class=org.apache.hadoop.http.lib.StaticUserWebFilter$StaticUserFilter) to context logs
2019-09-24 22:43:22,480 [main] INFO  http.HttpServer2 (HttpServer2.java:addFilter(958)) - Added filter static_user_filter (class=org.apache.hadoop.http.lib.StaticUserWebFilter$StaticUserFilter) to context static
2019-09-24 22:43:22,504 [main] INFO  server.StorageContainerManager (StorageContainerManager.java:start(770)) - StorageContainerLocationProtocol RPC server is listening at /0.0.0.0:33543
2019-09-24 22:43:22,549 [main] WARN  impl.MetricsConfig (MetricsConfig.java:loadFirst(134)) - Cannot locate configuration: tried hadoop-metrics2-storagecontainermanager.properties,hadoop-metrics2.properties
2019-09-24 22:43:22,559 [main] INFO  impl.MetricsSystemImpl (MetricsSystemImpl.java:startTimer(374)) - Scheduled Metric snapshot period at 10 second(s).
2019-09-24 22:43:22,560 [main] INFO  impl.MetricsSystemImpl (MetricsSystemImpl.java:start(191)) - StorageContainerManager metrics system started
2019-09-24 22:43:22,745 [main] INFO  server.SCMClientProtocolServer (SCMClientProtocolServer.java:start(151)) - RPC server for Client  is listening at /0.0.0.0:33543
2019-09-24 22:43:22,746 [IPC Server Responder] INFO  ipc.Server (Server.java:run(1314)) - IPC Server Responder: starting
2019-09-24 22:43:22,747 [IPC Server listener on 33543] INFO  ipc.Server (Server.java:run(1153)) - IPC Server listener on 33543: starting
2019-09-24 22:43:22,751 [main] INFO  server.StorageContainerManager (StorageContainerManager.java:start(780)) - ScmBlockLocationProtocol RPC server is listening at /0.0.0.0:39729
2019-09-24 22:43:22,752 [main] INFO  server.SCMBlockProtocolServer (SCMBlockProtocolServer.java:start(146)) - RPC server for Block Protocol is listening at /0.0.0.0:39729
2019-09-24 22:43:22,753 [IPC Server Responder] INFO  ipc.Server (Server.java:run(1314)) - IPC Server Responder: starting
2019-09-24 22:43:22,754 [IPC Server listener on 39729] INFO  ipc.Server (Server.java:run(1153)) - IPC Server listener on 39729: starting
2019-09-24 22:43:22,765 [main] INFO  server.StorageContainerManager (StorageContainerManager.java:start(784)) - ScmDatanodeProtocl RPC server is listening at /0.0.0.0:43532
2019-09-24 22:43:22,765 [main] INFO  server.SCMDatanodeProtocolServer (SCMDatanodeProtocolServer.java:start(191)) - RPC server for DataNodes is listening at /0.0.0.0:43532
2019-09-24 22:43:22,767 [IPC Server Responder] INFO  ipc.Server (Server.java:run(1314)) - IPC Server Responder: starting
2019-09-24 22:43:22,767 [IPC Server listener on 43532] INFO  ipc.Server (Server.java:run(1153)) - IPC Server listener on 43532: starting
2019-09-24 22:43:22,777 [main] INFO  http.HttpServer2 (HttpServer2.java:bindListener(1191)) - Jetty bound to port 32964
2019-09-24 22:43:22,779 [main] INFO  server.Server (Server.java:doStart(351)) - jetty-9.3.25.v20180904, build timestamp: 2018-09-04T21:11:46Z, git hash: 3ce520221d0240229c862b122d2b06c12a625732
2019-09-24 22:43:22,812 [main] INFO  handler.ContextHandler (ContextHandler.java:doStart(781)) - Started o.e.j.s.ServletContextHandler@4aa83f4f{/logs,file:///workdir/hadoop-ozone/integration-test/target/log,AVAILABLE}
2019-09-24 22:43:22,813 [main] INFO  handler.ContextHandler (ContextHandler.java:doStart(781)) - Started o.e.j.s.ServletContextHandler@260e86a1{/static,file:///workdir/hadoop-ozone/integration-test/target/test-classes/webapps/static,AVAILABLE}
2019-09-24 22:43:22,839 [main] INFO  handler.ContextHandler (ContextHandler.java:doStart(781)) - Started o.e.j.w.WebAppContext@db44aa2{/,file:///workdir/hadoop-ozone/integration-test/target/test-classes/webapps/scm/,AVAILABLE}{/scm}
2019-09-24 22:43:22,844 [main] INFO  server.AbstractConnector (AbstractConnector.java:doStart(278)) - Started ServerConnector@59a67c3a{HTTP/1.1,[http/1.1]}{0.0.0.0:32964}
2019-09-24 22:43:22,844 [main] INFO  server.Server (Server.java:doStart(419)) - Started @2794ms
2019-09-24 22:43:22,846 [main] INFO  impl.MetricsSinkAdapter (MetricsSinkAdapter.java:start(204)) - Sink prometheus started
2019-09-24 22:43:22,846 [main] INFO  impl.MetricsSystemImpl (MetricsSystemImpl.java:registerSink(301)) - Registered sink prometheus
2019-09-24 22:43:22,847 [main] INFO  server.BaseHttpServer (BaseHttpServer.java:updateConnectorAddress(215)) - HTTP server of SCM is listening at http://0.0.0.0:32964
2019-09-24 22:43:22,852 [org.apache.hadoop.util.JvmPauseMonitor$Monitor@514eedd8] INFO  util.JvmPauseMonitor (JvmPauseMonitor.java:run(188)) - Starting JVM pause monitor
2019-09-24 22:43:22,854 [main] WARN  server.ServerUtils (ServerUtils.java:getDBPath(222)) - ozone.om.db.dirs is not configured. We recommend adding this setting. Falling back to ozone.metadata.dirs instead.
2019-09-24 22:43:22,942 [main] INFO  ha.OMHANodeDetails (OMHANodeDetails.java:loadOMHAConfig(181)) - Configuration either no ozone.om.address set. Falling back to the default OM address /127.0.0.1:0
2019-09-24 22:43:22,942 [main] INFO  ha.OMHANodeDetails (OMHANodeDetails.java:getOMNodeDetails(211)) - OM Service ID is not set. Setting it to the default ID: omServiceIdDefault
2019-09-24 22:43:22,944 [main] WARN  server.ServerUtils (ServerUtils.java:getDBPath(222)) - ozone.om.db.dirs is not configured. We recommend adding this setting. Falling back to ozone.metadata.dirs instead.
2019-09-24 22:43:22,944 [main] WARN  server.ServerUtils (ServerUtils.java:getDBPath(222)) - ozone.om.db.dirs is not configured. We recommend adding this setting. Falling back to ozone.metadata.dirs instead.
2019-09-24 22:43:23,702 [main] WARN  server.ServerUtils (ServerUtils.java:getDBPath(222)) - ozone.om.db.dirs is not configured. We recommend adding this setting. Falling back to ozone.metadata.dirs instead.
2019-09-24 22:43:23,713 [main] INFO  db.DBStoreBuilder (DBStoreBuilder.java:addTable(110)) - using custom profile for table: userTable
2019-09-24 22:43:23,713 [main] INFO  db.DBStoreBuilder (DBStoreBuilder.java:processTables(161)) - Using default column profile:DBProfile.DISK for Table:userTable
2019-09-24 22:43:23,714 [main] INFO  db.DBStoreBuilder (DBStoreBuilder.java:addTable(110)) - using custom profile for table: volumeTable
2019-09-24 22:43:23,714 [main] INFO  db.DBStoreBuilder (DBStoreBuilder.java:processTables(161)) - Using default column profile:DBProfile.DISK for Table:volumeTable
2019-09-24 22:43:23,714 [main] INFO  db.DBStoreBuilder (DBStoreBuilder.java:addTable(110)) - using custom profile for table: bucketTable
2019-09-24 22:43:23,715 [main] INFO  db.DBStoreBuilder (DBStoreBuilder.java:processTables(161)) - Using default column profile:DBProfile.DISK for Table:bucketTable
2019-09-24 22:43:23,715 [main] INFO  db.DBStoreBuilder (DBStoreBuilder.java:addTable(110)) - using custom profile for table: keyTable
2019-09-24 22:43:23,715 [main] INFO  db.DBStoreBuilder (DBStoreBuilder.java:processTables(161)) - Using default column profile:DBProfile.DISK for Table:keyTable
2019-09-24 22:43:23,716 [main] INFO  db.DBStoreBuilder (DBStoreBuilder.java:addTable(110)) - using custom profile for table: deletedTable
2019-09-24 22:43:23,716 [main] INFO  db.DBStoreBuilder (DBStoreBuilder.java:processTables(161)) - Using default column profile:DBProfile.DISK for Table:deletedTable
2019-09-24 22:43:23,717 [main] INFO  db.DBStoreBuilder (DBStoreBuilder.java:addTable(110)) - using custom profile for table: openKeyTable
2019-09-24 22:43:23,717 [main] INFO  db.DBStoreBuilder (DBStoreBuilder.java:processTables(161)) - Using default column profile:DBProfile.DISK for Table:openKeyTable
2019-09-24 22:43:23,717 [main] INFO  db.DBStoreBuilder (DBStoreBuilder.java:addTable(110)) - using custom profile for table: s3Table
2019-09-24 22:43:23,717 [main] INFO  db.DBStoreBuilder (DBStoreBuilder.java:processTables(161)) - Using default column profile:DBProfile.DISK for Table:s3Table
2019-09-24 22:43:23,718 [main] INFO  db.DBStoreBuilder (DBStoreBuilder.java:addTable(110)) - using custom profile for table: multipartInfoTable
2019-09-24 22:43:23,718 [main] INFO  db.DBStoreBuilder (DBStoreBuilder.java:processTables(161)) - Using default column profile:DBProfile.DISK for Table:multipartInfoTable
2019-09-24 22:43:23,718 [main] INFO  db.DBStoreBuilder (DBStoreBuilder.java:addTable(110)) - using custom profile for table: dTokenTable
2019-09-24 22:43:23,719 [main] INFO  db.DBStoreBuilder (DBStoreBuilder.java:processTables(161)) - Using default column profile:DBProfile.DISK for Table:dTokenTable
2019-09-24 22:43:23,719 [main] INFO  db.DBStoreBuilder (DBStoreBuilder.java:addTable(110)) - using custom profile for table: s3SecretTable
2019-09-24 22:43:23,719 [main] INFO  db.DBStoreBuilder (DBStoreBuilder.java:processTables(161)) - Using default column profile:DBProfile.DISK for Table:s3SecretTable
2019-09-24 22:43:23,720 [main] INFO  db.DBStoreBuilder (DBStoreBuilder.java:addTable(110)) - using custom profile for table: prefixTable
2019-09-24 22:43:23,720 [main] INFO  db.DBStoreBuilder (DBStoreBuilder.java:processTables(161)) - Using default column profile:DBProfile.DISK for Table:prefixTable
2019-09-24 22:43:23,720 [main] INFO  db.DBStoreBuilder (DBStoreBuilder.java:addTable(110)) - using custom profile for table: default
2019-09-24 22:43:23,721 [main] INFO  db.DBStoreBuilder (DBStoreBuilder.java:processTables(167)) - Using default column profile:DBProfile.DISK for Table:default
2019-09-24 22:43:23,721 [main] INFO  db.DBStoreBuilder (DBStoreBuilder.java:getDbProfile(198)) - Using default options. DBProfile.DISK
2019-09-24 22:43:24,251 [main] INFO  ipc.CallQueueManager (CallQueueManager.java:<init>(84)) - Using callQueue: class java.util.concurrent.LinkedBlockingQueue, queueCapacity: 2000, scheduler: class org.apache.hadoop.ipc.DefaultRpcScheduler, ipcBackoff: false.
2019-09-24 22:43:24,253 [Socket Reader #1 for port 42627] INFO  ipc.Server (Server.java:run(1074)) - Starting Socket Reader #1 for port 42627
2019-09-24 22:43:24,276 [main] INFO  om.OzoneManager (OzoneManager.java:start(1069)) - OzoneManager RPC server is listening at localhost/127.0.0.1:42627
2019-09-24 22:43:24,276 [main] INFO  impl.MetricsSystemImpl (MetricsSystemImpl.java:init(158)) - OzoneManager metrics system started (again)
2019-09-24 22:43:24,278 [IPC Server Responder] INFO  ipc.Server (Server.java:run(1314)) - IPC Server Responder: starting
2019-09-24 22:43:24,279 [IPC Server listener on 42627] INFO  ipc.Server (Server.java:run(1153)) - IPC Server listener on 42627: starting
2019-09-24 22:43:24,294 [main] INFO  hdfs.DFSUtil (DFSUtil.java:httpServerTemplateForNNAndJN(1641)) - Starting Web-server for ozoneManager at: http://0.0.0.0:0
2019-09-24 22:43:24,296 [main] INFO  server.AuthenticationFilter (AuthenticationFilter.java:constructSecretProvider(240)) - Unable to initialize FileSignerSecretProvider, falling back to use random secrets.
2019-09-24 22:43:24,297 [main] WARN  http.HttpRequestLog (HttpRequestLog.java:getRequestLog(97)) - Jetty request log can only be enabled using Log4j
2019-09-24 22:43:24,299 [main] INFO  http.HttpServer2 (HttpServer2.java:addGlobalFilter(975)) - Added global filter 'safety' (class=org.apache.hadoop.http.HttpServer2$QuotingInputFilter)
2019-09-24 22:43:24,300 [main] INFO  http.HttpServer2 (HttpServer2.java:addFilter(948)) - Added filter static_user_filter (class=org.apache.hadoop.http.lib.StaticUserWebFilter$StaticUserFilter) to context ozoneManager
2019-09-24 22:43:24,300 [main] INFO  http.HttpServer2 (HttpServer2.java:addFilter(958)) - Added filter static_user_filter (class=org.apache.hadoop.http.lib.StaticUserWebFilter$StaticUserFilter) to context logs
2019-09-24 22:43:24,300 [main] INFO  http.HttpServer2 (HttpServer2.java:addFilter(958)) - Added filter static_user_filter (class=org.apache.hadoop.http.lib.StaticUserWebFilter$StaticUserFilter) to context static
2019-09-24 22:43:24,302 [main] INFO  http.HttpServer2 (HttpServer2.java:bindListener(1191)) - Jetty bound to port 37894
2019-09-24 22:43:24,303 [main] INFO  server.Server (Server.java:doStart(351)) - jetty-9.3.25.v20180904, build timestamp: 2018-09-04T21:11:46Z, git hash: 3ce520221d0240229c862b122d2b06c12a625732
2019-09-24 22:43:24,305 [main] INFO  handler.ContextHandler (ContextHandler.java:doStart(781)) - Started o.e.j.s.ServletContextHandler@989da1{/logs,file:///workdir/hadoop-ozone/integration-test/target/log,AVAILABLE}
2019-09-24 22:43:24,305 [main] INFO  handler.ContextHandler (ContextHandler.java:doStart(781)) - Started o.e.j.s.ServletContextHandler@3eed0f5{/static,file:///workdir/hadoop-ozone/integration-test/target/test-classes/webapps/static,AVAILABLE}
2019-09-24 22:43:24,310 [main] INFO  handler.ContextHandler (ContextHandler.java:doStart(781)) - Started o.e.j.w.WebAppContext@353efdbf{/,file:///workdir/hadoop-ozone/integration-test/target/test-classes/webapps/ozoneManager/,AVAILABLE}{/ozoneManager}
2019-09-24 22:43:24,312 [main] INFO  server.AbstractConnector (AbstractConnector.java:doStart(278)) - Started ServerConnector@55cff952{HTTP/1.1,[http/1.1]}{0.0.0.0:37894}
2019-09-24 22:43:24,312 [main] INFO  server.Server (Server.java:doStart(419)) - Started @4262ms
2019-09-24 22:43:24,313 [main] WARN  impl.MetricsSystemImpl (MetricsSystemImpl.java:register(276)) - Sink prometheus already exists!
2019-09-24 22:43:24,314 [main] INFO  server.BaseHttpServer (BaseHttpServer.java:updateConnectorAddress(215)) - HTTP server of OZONEMANAGER is listening at http://0.0.0.0:37894
2019-09-24 22:43:24,616 [main] INFO  impl.MetricsSystemImpl (MetricsSystemImpl.java:init(158)) - HddsDatanode metrics system started (again)
2019-09-24 22:43:24,665 [main] INFO  ozone.HddsDatanodeService (HddsDatanodeService.java:start(184)) - HddsDatanodeService host:pr-hdds-2162-v2v4x-1150571016 ip:192.168.151.66
2019-09-24 22:43:24,697 [main] INFO  volume.HddsVolume (HddsVolume.java:<init>(176)) - Creating Volume: /workdir/hadoop-ozone/integration-test/target/test-dir/MiniOzoneClusterImpl-d8bbf689-b3c7-4797-acf4-e99b3e7335dc/datanode-0/data/containers/hdds of  storage type : DISK and capacity : 1482555576320
2019-09-24 22:43:24,698 [main] INFO  volume.VolumeSet (VolumeSet.java:initializeVolumeSet(170)) - Added Volume : /workdir/hadoop-ozone/integration-test/target/test-dir/MiniOzoneClusterImpl-d8bbf689-b3c7-4797-acf4-e99b3e7335dc/datanode-0/data/containers/hdds to VolumeSet
2019-09-24 22:43:24,701 [main] INFO  volume.ThrottledAsyncChecker (ThrottledAsyncChecker.java:schedule(139)) - Scheduling a check for org.apache.hadoop.ozone.container.common.volume.HddsVolume@45d6ef73
2019-09-24 22:43:24,718 [main] INFO  volume.HddsVolumeChecker (HddsVolumeChecker.java:checkAllVolumes(202)) - Scheduled health check for volume org.apache.hadoop.ozone.container.common.volume.HddsVolume@45d6ef73
2019-09-24 22:43:24,822 [main] INFO  impl.RaftServerProxy (ConfUtils.java:logGet(43)) - raft.rpc.type = GRPC (default)
2019-09-24 22:43:24,888 [main] INFO  grpc.GrpcFactory (GrpcFactory.java:checkPooledByteBufAllocatorUseCacheForAllThreads(45)) - PERFORMANCE WARNING: useCacheForAllThreads is true that may cause Netty to create a lot garbage objects and, as a result, trigger GC.
	It is recommended to disable useCacheForAllThreads by setting -Dorg.apache.ratis.thirdparty.io.netty.allocator.useCacheForAllThreads=false in command line.
2019-09-24 22:43:24,893 [main] INFO  grpc.GrpcConfigKeys$Server (ConfUtils.java:logGet(43)) - raft.grpc.server.port = 0 (default)
2019-09-24 22:43:24,894 [main] INFO  server.GrpcService (ConfUtils.java:logGet(43)) - raft.grpc.message.size.max = 33570816 (custom)
2019-09-24 22:43:24,896 [main] INFO  server.RaftServerConfigKeys (ConfUtils.java:logGet(43)) - raft.server.log.appender.buffer.byte-limit = 33554432 (custom)
2019-09-24 22:43:24,896 [main] INFO  server.GrpcService (ConfUtils.java:logGet(43)) - raft.grpc.flow.control.window = 1MB (=1048576) (default)
2019-09-24 22:43:24,897 [main] INFO  server.RaftServerConfigKeys (ConfUtils.java:logGet(43)) - raft.server.rpc.request.timeout = 3000ms (default)
2019-09-24 22:43:25,076 [main] INFO  server.RaftServerConfigKeys (ConfUtils.java:logGet(43)) - raft.server.storage.dir = [/workdir/hadoop-ozone/integration-test/target/test-dir/MiniOzoneClusterImpl-d8bbf689-b3c7-4797-acf4-e99b3e7335dc/datanode-0/data/ratis] (custom)
2019-09-24 22:43:25,128 [main] INFO  hdfs.DFSUtil (DFSUtil.java:httpServerTemplateForNNAndJN(1641)) - Starting Web-server for hddsDatanode at: http://0.0.0.0:0
2019-09-24 22:43:25,131 [main] INFO  server.AuthenticationFilter (AuthenticationFilter.java:constructSecretProvider(240)) - Unable to initialize FileSignerSecretProvider, falling back to use random secrets.
2019-09-24 22:43:25,132 [main] WARN  http.HttpRequestLog (HttpRequestLog.java:getRequestLog(97)) - Jetty request log can only be enabled using Log4j
2019-09-24 22:43:25,135 [main] INFO  http.HttpServer2 (HttpServer2.java:addGlobalFilter(975)) - Added global filter 'safety' (class=org.apache.hadoop.http.HttpServer2$QuotingInputFilter)
2019-09-24 22:43:25,136 [main] INFO  http.HttpServer2 (HttpServer2.java:addFilter(948)) - Added filter static_user_filter (class=org.apache.hadoop.http.lib.StaticUserWebFilter$StaticUserFilter) to context hddsDatanode
2019-09-24 22:43:25,136 [main] INFO  http.HttpServer2 (HttpServer2.java:addFilter(958)) - Added filter static_user_filter (class=org.apache.hadoop.http.lib.StaticUserWebFilter$StaticUserFilter) to context logs
2019-09-24 22:43:25,136 [main] INFO  http.HttpServer2 (HttpServer2.java:addFilter(958)) - Added filter static_user_filter (class=org.apache.hadoop.http.lib.StaticUserWebFilter$StaticUserFilter) to context static
2019-09-24 22:43:25,138 [main] INFO  http.HttpServer2 (HttpServer2.java:bindListener(1191)) - Jetty bound to port 38991
2019-09-24 22:43:25,138 [main] INFO  server.Server (Server.java:doStart(351)) - jetty-9.3.25.v20180904, build timestamp: 2018-09-04T21:11:46Z, git hash: 3ce520221d0240229c862b122d2b06c12a625732
2019-09-24 22:43:25,141 [main] INFO  handler.ContextHandler (ContextHandler.java:doStart(781)) - Started o.e.j.s.ServletContextHandler@75ae4a1f{/logs,file:///workdir/hadoop-ozone/integration-test/target/log,AVAILABLE}
2019-09-24 22:43:25,142 [main] INFO  handler.ContextHandler (ContextHandler.java:doStart(781)) - Started o.e.j.s.ServletContextHandler@63c12e52{/static,jar:file:/home/user/.m2/repository/org/apache/hadoop/hadoop-hdds-container-service/0.5.0-SNAPSHOT/hadoop-hdds-container-service-0.5.0-SNAPSHOT.jar!/webapps/static,AVAILABLE}
2019-09-24 22:43:25,190 [main] INFO  handler.ContextHandler (ContextHandler.java:doStart(781)) - Started o.e.j.w.WebAppContext@68a4dcc6{/,file:///tmp/jetty-0.0.0.0-38991-hddsDatanode-_-any-7048510349916639272.dir/webapp/,AVAILABLE}{/hddsDatanode}
2019-09-24 22:43:25,191 [main] INFO  server.AbstractConnector (AbstractConnector.java:doStart(278)) - Started ServerConnector@646c0a67{HTTP/1.1,[http/1.1]}{0.0.0.0:38991}
2019-09-24 22:43:25,192 [main] INFO  server.Server (Server.java:doStart(419)) - Started @5142ms
2019-09-24 22:43:25,193 [main] WARN  impl.MetricsSystemImpl (MetricsSystemImpl.java:register(276)) - Sink prometheus already exists!
2019-09-24 22:43:25,194 [main] INFO  server.BaseHttpServer (BaseHttpServer.java:updateConnectorAddress(215)) - HTTP server of HDDSDATANODE is listening at http://0.0.0.0:38991
2019-09-24 22:43:25,195 [main] INFO  impl.MetricsSystemImpl (MetricsSystemImpl.java:init(158)) - HddsDatanode metrics system started (again)
2019-09-24 22:43:25,198 [main] INFO  ozone.HddsDatanodeService (HddsDatanodeService.java:start(184)) - HddsDatanodeService host:pr-hdds-2162-v2v4x-1150571016 ip:192.168.151.66
2019-09-24 22:43:25,200 [org.apache.hadoop.util.JvmPauseMonitor$Monitor@387e548e] INFO  util.JvmPauseMonitor (JvmPauseMonitor.java:run(188)) - Starting JVM pause monitor
2019-09-24 22:43:25,218 [main] INFO  volume.HddsVolume (HddsVolume.java:<init>(176)) - Creating Volume: /workdir/hadoop-ozone/integration-test/target/test-dir/MiniOzoneClusterImpl-d8bbf689-b3c7-4797-acf4-e99b3e7335dc/datanode-1/data/containers/hdds of  storage type : DISK and capacity : 1482555576320
2019-09-24 22:43:25,220 [main] INFO  volume.VolumeSet (VolumeSet.java:initializeVolumeSet(170)) - Added Volume : /workdir/hadoop-ozone/integration-test/target/test-dir/MiniOzoneClusterImpl-d8bbf689-b3c7-4797-acf4-e99b3e7335dc/datanode-1/data/containers/hdds to VolumeSet
2019-09-24 22:43:25,220 [main] INFO  volume.ThrottledAsyncChecker (ThrottledAsyncChecker.java:schedule(139)) - Scheduling a check for org.apache.hadoop.ozone.container.common.volume.HddsVolume@18d910b3
2019-09-24 22:43:25,224 [main] INFO  volume.HddsVolumeChecker (HddsVolumeChecker.java:checkAllVolumes(202)) - Scheduled health check for volume org.apache.hadoop.ozone.container.common.volume.HddsVolume@18d910b3
2019-09-24 22:43:25,246 [main] INFO  impl.RaftServerProxy (ConfUtils.java:logGet(43)) - raft.rpc.type = GRPC (default)
2019-09-24 22:43:25,247 [main] INFO  grpc.GrpcFactory (GrpcFactory.java:checkPooledByteBufAllocatorUseCacheForAllThreads(45)) - PERFORMANCE WARNING: useCacheForAllThreads is true that may cause Netty to create a lot garbage objects and, as a result, trigger GC.
	It is recommended to disable useCacheForAllThreads by setting -Dorg.apache.ratis.thirdparty.io.netty.allocator.useCacheForAllThreads=false in command line.
2019-09-24 22:43:25,247 [main] INFO  grpc.GrpcConfigKeys$Server (ConfUtils.java:logGet(43)) - raft.grpc.server.port = 0 (default)
2019-09-24 22:43:25,248 [main] INFO  server.GrpcService (ConfUtils.java:logGet(43)) - raft.grpc.message.size.max = 33570816 (custom)
2019-09-24 22:43:25,248 [main] INFO  server.RaftServerConfigKeys (ConfUtils.java:logGet(43)) - raft.server.log.appender.buffer.byte-limit = 33554432 (custom)
2019-09-24 22:43:25,248 [main] INFO  server.GrpcService (ConfUtils.java:logGet(43)) - raft.grpc.flow.control.window = 1MB (=1048576) (default)
2019-09-24 22:43:25,249 [main] INFO  server.RaftServerConfigKeys (ConfUtils.java:logGet(43)) - raft.server.rpc.request.timeout = 3000ms (default)
2019-09-24 22:43:25,250 [main] INFO  server.RaftServerConfigKeys (ConfUtils.java:logGet(43)) - raft.server.storage.dir = [/workdir/hadoop-ozone/integration-test/target/test-dir/MiniOzoneClusterImpl-d8bbf689-b3c7-4797-acf4-e99b3e7335dc/datanode-1/data/ratis] (custom)
2019-09-24 22:43:25,252 [main] INFO  hdfs.DFSUtil (DFSUtil.java:httpServerTemplateForNNAndJN(1641)) - Starting Web-server for hddsDatanode at: http://0.0.0.0:0
2019-09-24 22:43:25,254 [main] INFO  server.AuthenticationFilter (AuthenticationFilter.java:constructSecretProvider(240)) - Unable to initialize FileSignerSecretProvider, falling back to use random secrets.
2019-09-24 22:43:25,255 [main] WARN  http.HttpRequestLog (HttpRequestLog.java:getRequestLog(97)) - Jetty request log can only be enabled using Log4j
2019-09-24 22:43:25,257 [main] INFO  http.HttpServer2 (HttpServer2.java:addGlobalFilter(975)) - Added global filter 'safety' (class=org.apache.hadoop.http.HttpServer2$QuotingInputFilter)
2019-09-24 22:43:25,258 [main] INFO  http.HttpServer2 (HttpServer2.java:addFilter(948)) - Added filter static_user_filter (class=org.apache.hadoop.http.lib.StaticUserWebFilter$StaticUserFilter) to context hddsDatanode
2019-09-24 22:43:25,258 [main] INFO  http.HttpServer2 (HttpServer2.java:addFilter(958)) - Added filter static_user_filter (class=org.apache.hadoop.http.lib.StaticUserWebFilter$StaticUserFilter) to context logs
2019-09-24 22:43:25,258 [main] INFO  http.HttpServer2 (HttpServer2.java:addFilter(958)) - Added filter static_user_filter (class=org.apache.hadoop.http.lib.StaticUserWebFilter$StaticUserFilter) to context static
2019-09-24 22:43:25,259 [main] INFO  http.HttpServer2 (HttpServer2.java:bindListener(1191)) - Jetty bound to port 44980
2019-09-24 22:43:25,259 [main] INFO  server.Server (Server.java:doStart(351)) - jetty-9.3.25.v20180904, build timestamp: 2018-09-04T21:11:46Z, git hash: 3ce520221d0240229c862b122d2b06c12a625732
2019-09-24 22:43:25,265 [main] INFO  handler.ContextHandler (ContextHandler.java:doStart(781)) - Started o.e.j.s.ServletContextHandler@3ee0b4f7{/logs,file:///workdir/hadoop-ozone/integration-test/target/log,AVAILABLE}
2019-09-24 22:43:25,266 [main] INFO  handler.ContextHandler (ContextHandler.java:doStart(781)) - Started o.e.j.s.ServletContextHandler@4d41ba0f{/static,jar:file:/home/user/.m2/repository/org/apache/hadoop/hadoop-hdds-container-service/0.5.0-SNAPSHOT/hadoop-hdds-container-service-0.5.0-SNAPSHOT.jar!/webapps/static,AVAILABLE}
2019-09-24 22:43:25,298 [main] INFO  handler.ContextHandler (ContextHandler.java:doStart(781)) - Started o.e.j.w.WebAppContext@7baf1f5a{/,file:///tmp/jetty-0.0.0.0-44980-hddsDatanode-_-any-1480552194567402467.dir/webapp/,AVAILABLE}{/hddsDatanode}
2019-09-24 22:43:25,298 [main] INFO  server.AbstractConnector (AbstractConnector.java:doStart(278)) - Started ServerConnector@6cc86152{HTTP/1.1,[http/1.1]}{0.0.0.0:44980}
2019-09-24 22:43:25,299 [main] INFO  server.Server (Server.java:doStart(419)) - Started @5249ms
2019-09-24 22:43:25,300 [main] WARN  impl.MetricsSystemImpl (MetricsSystemImpl.java:register(276)) - Sink prometheus already exists!
2019-09-24 22:43:25,301 [main] INFO  server.BaseHttpServer (BaseHttpServer.java:updateConnectorAddress(215)) - HTTP server of HDDSDATANODE is listening at http://0.0.0.0:44980
2019-09-24 22:43:25,302 [main] INFO  impl.MetricsSystemImpl (MetricsSystemImpl.java:init(158)) - HddsDatanode metrics system started (again)
2019-09-24 22:43:25,305 [org.apache.hadoop.util.JvmPauseMonitor$Monitor@59288c3c] INFO  util.JvmPauseMonitor (JvmPauseMonitor.java:run(188)) - Starting JVM pause monitor
2019-09-24 22:43:25,305 [main] INFO  ozone.HddsDatanodeService (HddsDatanodeService.java:start(184)) - HddsDatanodeService host:pr-hdds-2162-v2v4x-1150571016 ip:192.168.151.66
2019-09-24 22:43:25,313 [main] INFO  volume.HddsVolume (HddsVolume.java:<init>(176)) - Creating Volume: /workdir/hadoop-ozone/integration-test/target/test-dir/MiniOzoneClusterImpl-d8bbf689-b3c7-4797-acf4-e99b3e7335dc/datanode-2/data/containers/hdds of  storage type : DISK and capacity : 1482555576320
2019-09-24 22:43:25,314 [main] INFO  volume.VolumeSet (VolumeSet.java:initializeVolumeSet(170)) - Added Volume : /workdir/hadoop-ozone/integration-test/target/test-dir/MiniOzoneClusterImpl-d8bbf689-b3c7-4797-acf4-e99b3e7335dc/datanode-2/data/containers/hdds to VolumeSet
2019-09-24 22:43:25,314 [main] INFO  volume.ThrottledAsyncChecker (ThrottledAsyncChecker.java:schedule(139)) - Scheduling a check for org.apache.hadoop.ozone.container.common.volume.HddsVolume@4b65d9f4
2019-09-24 22:43:25,315 [main] INFO  volume.HddsVolumeChecker (HddsVolumeChecker.java:checkAllVolumes(202)) - Scheduled health check for volume org.apache.hadoop.ozone.container.common.volume.HddsVolume@4b65d9f4
2019-09-24 22:43:25,328 [main] INFO  impl.RaftServerProxy (ConfUtils.java:logGet(43)) - raft.rpc.type = GRPC (default)
2019-09-24 22:43:25,328 [main] INFO  grpc.GrpcFactory (GrpcFactory.java:checkPooledByteBufAllocatorUseCacheForAllThreads(45)) - PERFORMANCE WARNING: useCacheForAllThreads is true that may cause Netty to create a lot garbage objects and, as a result, trigger GC.
	It is recommended to disable useCacheForAllThreads by setting -Dorg.apache.ratis.thirdparty.io.netty.allocator.useCacheForAllThreads=false in command line.
2019-09-24 22:43:25,328 [main] INFO  grpc.GrpcConfigKeys$Server (ConfUtils.java:logGet(43)) - raft.grpc.server.port = 0 (default)
2019-09-24 22:43:25,328 [main] INFO  server.GrpcService (ConfUtils.java:logGet(43)) - raft.grpc.message.size.max = 33570816 (custom)
2019-09-24 22:43:25,329 [main] INFO  server.RaftServerConfigKeys (ConfUtils.java:logGet(43)) - raft.server.log.appender.buffer.byte-limit = 33554432 (custom)
2019-09-24 22:43:25,329 [main] INFO  server.GrpcService (ConfUtils.java:logGet(43)) - raft.grpc.flow.control.window = 1MB (=1048576) (default)
2019-09-24 22:43:25,329 [main] INFO  server.RaftServerConfigKeys (ConfUtils.java:logGet(43)) - raft.server.rpc.request.timeout = 3000ms (default)
2019-09-24 22:43:25,330 [main] INFO  server.RaftServerConfigKeys (ConfUtils.java:logGet(43)) - raft.server.storage.dir = [/workdir/hadoop-ozone/integration-test/target/test-dir/MiniOzoneClusterImpl-d8bbf689-b3c7-4797-acf4-e99b3e7335dc/datanode-2/data/ratis] (custom)
2019-09-24 22:43:25,332 [main] INFO  hdfs.DFSUtil (DFSUtil.java:httpServerTemplateForNNAndJN(1641)) - Starting Web-server for hddsDatanode at: http://0.0.0.0:0
2019-09-24 22:43:25,333 [main] INFO  server.AuthenticationFilter (AuthenticationFilter.java:constructSecretProvider(240)) - Unable to initialize FileSignerSecretProvider, falling back to use random secrets.
2019-09-24 22:43:25,333 [main] WARN  http.HttpRequestLog (HttpRequestLog.java:getRequestLog(97)) - Jetty request log can only be enabled using Log4j
2019-09-24 22:43:25,335 [main] INFO  http.HttpServer2 (HttpServer2.java:addGlobalFilter(975)) - Added global filter 'safety' (class=org.apache.hadoop.http.HttpServer2$QuotingInputFilter)
2019-09-24 22:43:25,335 [main] INFO  http.HttpServer2 (HttpServer2.java:addFilter(948)) - Added filter static_user_filter (class=org.apache.hadoop.http.lib.StaticUserWebFilter$StaticUserFilter) to context hddsDatanode
2019-09-24 22:43:25,336 [main] INFO  http.HttpServer2 (HttpServer2.java:addFilter(958)) - Added filter static_user_filter (class=org.apache.hadoop.http.lib.StaticUserWebFilter$StaticUserFilter) to context logs
2019-09-24 22:43:25,336 [main] INFO  http.HttpServer2 (HttpServer2.java:addFilter(958)) - Added filter static_user_filter (class=org.apache.hadoop.http.lib.StaticUserWebFilter$StaticUserFilter) to context static
2019-09-24 22:43:25,337 [main] INFO  http.HttpServer2 (HttpServer2.java:bindListener(1191)) - Jetty bound to port 42363
2019-09-24 22:43:25,337 [main] INFO  server.Server (Server.java:doStart(351)) - jetty-9.3.25.v20180904, build timestamp: 2018-09-04T21:11:46Z, git hash: 3ce520221d0240229c862b122d2b06c12a625732
2019-09-24 22:43:25,338 [main] INFO  handler.ContextHandler (ContextHandler.java:doStart(781)) - Started o.e.j.s.ServletContextHandler@40e37b06{/logs,file:///workdir/hadoop-ozone/integration-test/target/log,AVAILABLE}
2019-09-24 22:43:25,339 [main] INFO  handler.ContextHandler (ContextHandler.java:doStart(781)) - Started o.e.j.s.ServletContextHandler@6dcc40f5{/static,jar:file:/home/user/.m2/repository/org/apache/hadoop/hadoop-hdds-container-service/0.5.0-SNAPSHOT/hadoop-hdds-container-service-0.5.0-SNAPSHOT.jar!/webapps/static,AVAILABLE}
2019-09-24 22:43:25,353 [Datanode State Machine Thread - 0] INFO  datanode.InitDatanodeState (InitDatanodeState.java:persistContainerDatanodeDetails(140)) - DatanodeDetails is persisted to /workdir/hadoop-ozone/integration-test/target/test-dir/MiniOzoneClusterImpl-d8bbf689-b3c7-4797-acf4-e99b3e7335dc/datanode-0/meta/datanode.id
2019-09-24 22:43:25,357 [Datanode State Machine Thread - 0] INFO  datanode.InitDatanodeState (InitDatanodeState.java:persistContainerDatanodeDetails(140)) - DatanodeDetails is persisted to /workdir/hadoop-ozone/integration-test/target/test-dir/MiniOzoneClusterImpl-d8bbf689-b3c7-4797-acf4-e99b3e7335dc/datanode-1/meta/datanode.id
2019-09-24 22:43:25,371 [main] INFO  handler.ContextHandler (ContextHandler.java:doStart(781)) - Started o.e.j.w.WebAppContext@6b1dc20f{/,file:///tmp/jetty-0.0.0.0-42363-hddsDatanode-_-any-858932503781630701.dir/webapp/,AVAILABLE}{/hddsDatanode}
2019-09-24 22:43:25,372 [main] INFO  server.AbstractConnector (AbstractConnector.java:doStart(278)) - Started ServerConnector@4613311f{HTTP/1.1,[http/1.1]}{0.0.0.0:42363}
2019-09-24 22:43:25,372 [main] INFO  server.Server (Server.java:doStart(419)) - Started @5322ms
2019-09-24 22:43:25,373 [main] WARN  impl.MetricsSystemImpl (MetricsSystemImpl.java:register(276)) - Sink prometheus already exists!
2019-09-24 22:43:25,374 [main] INFO  server.BaseHttpServer (BaseHttpServer.java:updateConnectorAddress(215)) - HTTP server of HDDSDATANODE is listening at http://0.0.0.0:42363
2019-09-24 22:43:25,374 [main] INFO  impl.MetricsSystemImpl (MetricsSystemImpl.java:init(158)) - HddsDatanode metrics system started (again)
2019-09-24 22:43:25,377 [main] INFO  ozone.HddsDatanodeService (HddsDatanodeService.java:start(184)) - HddsDatanodeService host:pr-hdds-2162-v2v4x-1150571016 ip:192.168.151.66
2019-09-24 22:43:25,378 [org.apache.hadoop.util.JvmPauseMonitor$Monitor@ad39794] INFO  util.JvmPauseMonitor (JvmPauseMonitor.java:run(188)) - Starting JVM pause monitor
2019-09-24 22:43:25,381 [Datanode State Machine Thread - 0] INFO  datanode.InitDatanodeState (InitDatanodeState.java:persistContainerDatanodeDetails(140)) - DatanodeDetails is persisted to /workdir/hadoop-ozone/integration-test/target/test-dir/MiniOzoneClusterImpl-d8bbf689-b3c7-4797-acf4-e99b3e7335dc/datanode-2/meta/datanode.id
2019-09-24 22:43:25,384 [main] INFO  volume.HddsVolume (HddsVolume.java:<init>(176)) - Creating Volume: /workdir/hadoop-ozone/integration-test/target/test-dir/MiniOzoneClusterImpl-d8bbf689-b3c7-4797-acf4-e99b3e7335dc/datanode-3/data/containers/hdds of  storage type : DISK and capacity : 1482555576320
2019-09-24 22:43:25,385 [main] INFO  volume.VolumeSet (VolumeSet.java:initializeVolumeSet(170)) - Added Volume : /workdir/hadoop-ozone/integration-test/target/test-dir/MiniOzoneClusterImpl-d8bbf689-b3c7-4797-acf4-e99b3e7335dc/datanode-3/data/containers/hdds to VolumeSet
2019-09-24 22:43:25,385 [main] INFO  volume.ThrottledAsyncChecker (ThrottledAsyncChecker.java:schedule(139)) - Scheduling a check for org.apache.hadoop.ozone.container.common.volume.HddsVolume@53b7ce6
2019-09-24 22:43:25,385 [main] INFO  volume.HddsVolumeChecker (HddsVolumeChecker.java:checkAllVolumes(202)) - Scheduled health check for volume org.apache.hadoop.ozone.container.common.volume.HddsVolume@53b7ce6
2019-09-24 22:43:25,399 [main] INFO  impl.RaftServerProxy (ConfUtils.java:logGet(43)) - raft.rpc.type = GRPC (default)
2019-09-24 22:43:25,400 [main] INFO  grpc.GrpcFactory (GrpcFactory.java:checkPooledByteBufAllocatorUseCacheForAllThreads(45)) - PERFORMANCE WARNING: useCacheForAllThreads is true that may cause Netty to create a lot garbage objects and, as a result, trigger GC.
	It is recommended to disable useCacheForAllThreads by setting -Dorg.apache.ratis.thirdparty.io.netty.allocator.useCacheForAllThreads=false in command line.
2019-09-24 22:43:25,400 [main] INFO  grpc.GrpcConfigKeys$Server (ConfUtils.java:logGet(43)) - raft.grpc.server.port = 0 (default)
2019-09-24 22:43:25,400 [main] INFO  server.GrpcService (ConfUtils.java:logGet(43)) - raft.grpc.message.size.max = 33570816 (custom)
2019-09-24 22:43:25,400 [main] INFO  server.RaftServerConfigKeys (ConfUtils.java:logGet(43)) - raft.server.log.appender.buffer.byte-limit = 33554432 (custom)
2019-09-24 22:43:25,401 [main] INFO  server.GrpcService (ConfUtils.java:logGet(43)) - raft.grpc.flow.control.window = 1MB (=1048576) (default)
2019-09-24 22:43:25,401 [main] INFO  server.RaftServerConfigKeys (ConfUtils.java:logGet(43)) - raft.server.rpc.request.timeout = 3000ms (default)
2019-09-24 22:43:25,401 [main] INFO  server.RaftServerConfigKeys (ConfUtils.java:logGet(43)) - raft.server.storage.dir = [/workdir/hadoop-ozone/integration-test/target/test-dir/MiniOzoneClusterImpl-d8bbf689-b3c7-4797-acf4-e99b3e7335dc/datanode-3/data/ratis] (custom)
2019-09-24 22:43:25,403 [main] INFO  hdfs.DFSUtil (DFSUtil.java:httpServerTemplateForNNAndJN(1641)) - Starting Web-server for hddsDatanode at: http://0.0.0.0:0
2019-09-24 22:43:25,404 [main] INFO  server.AuthenticationFilter (AuthenticationFilter.java:constructSecretProvider(240)) - Unable to initialize FileSignerSecretProvider, falling back to use random secrets.
2019-09-24 22:43:25,405 [main] WARN  http.HttpRequestLog (HttpRequestLog.java:getRequestLog(97)) - Jetty request log can only be enabled using Log4j
2019-09-24 22:43:25,406 [main] INFO  http.HttpServer2 (HttpServer2.java:addGlobalFilter(975)) - Added global filter 'safety' (class=org.apache.hadoop.http.HttpServer2$QuotingInputFilter)
2019-09-24 22:43:25,406 [main] INFO  http.HttpServer2 (HttpServer2.java:addFilter(948)) - Added filter static_user_filter (class=org.apache.hadoop.http.lib.StaticUserWebFilter$StaticUserFilter) to context hddsDatanode
2019-09-24 22:43:25,407 [main] INFO  http.HttpServer2 (HttpServer2.java:addFilter(958)) - Added filter static_user_filter (class=org.apache.hadoop.http.lib.StaticUserWebFilter$StaticUserFilter) to context logs
2019-09-24 22:43:25,407 [main] INFO  http.HttpServer2 (HttpServer2.java:addFilter(958)) - Added filter static_user_filter (class=org.apache.hadoop.http.lib.StaticUserWebFilter$StaticUserFilter) to context static
2019-09-24 22:43:25,408 [main] INFO  http.HttpServer2 (HttpServer2.java:bindListener(1191)) - Jetty bound to port 41566
2019-09-24 22:43:25,408 [main] INFO  server.Server (Server.java:doStart(351)) - jetty-9.3.25.v20180904, build timestamp: 2018-09-04T21:11:46Z, git hash: 3ce520221d0240229c862b122d2b06c12a625732
2019-09-24 22:43:25,413 [main] INFO  handler.ContextHandler (ContextHandler.java:doStart(781)) - Started o.e.j.s.ServletContextHandler@54e2fe{/logs,file:///workdir/hadoop-ozone/integration-test/target/log,AVAILABLE}
2019-09-24 22:43:25,413 [main] INFO  handler.ContextHandler (ContextHandler.java:doStart(781)) - Started o.e.j.s.ServletContextHandler@119aa36{/static,jar:file:/home/user/.m2/repository/org/apache/hadoop/hadoop-hdds-container-service/0.5.0-SNAPSHOT/hadoop-hdds-container-service-0.5.0-SNAPSHOT.jar!/webapps/static,AVAILABLE}
2019-09-24 22:43:25,442 [main] INFO  handler.ContextHandler (ContextHandler.java:doStart(781)) - Started o.e.j.w.WebAppContext@411c6d44{/,file:///tmp/jetty-0.0.0.0-41566-hddsDatanode-_-any-7054693300998414506.dir/webapp/,AVAILABLE}{/hddsDatanode}
2019-09-24 22:43:25,442 [main] INFO  server.AbstractConnector (AbstractConnector.java:doStart(278)) - Started ServerConnector@1687eb01{HTTP/1.1,[http/1.1]}{0.0.0.0:41566}
2019-09-24 22:43:25,444 [main] INFO  server.Server (Server.java:doStart(419)) - Started @5394ms
2019-09-24 22:43:25,445 [main] WARN  impl.MetricsSystemImpl (MetricsSystemImpl.java:register(276)) - Sink prometheus already exists!
2019-09-24 22:43:25,445 [main] INFO  server.BaseHttpServer (BaseHttpServer.java:updateConnectorAddress(215)) - HTTP server of HDDSDATANODE is listening at http://0.0.0.0:41566
2019-09-24 22:43:25,446 [main] INFO  impl.MetricsSystemImpl (MetricsSystemImpl.java:init(158)) - HddsDatanode metrics system started (again)
2019-09-24 22:43:25,449 [main] INFO  ozone.HddsDatanodeService (HddsDatanodeService.java:start(184)) - HddsDatanodeService host:pr-hdds-2162-v2v4x-1150571016 ip:192.168.151.66
2019-09-24 22:43:25,449 [org.apache.hadoop.util.JvmPauseMonitor$Monitor@23527d] INFO  util.JvmPauseMonitor (JvmPauseMonitor.java:run(188)) - Starting JVM pause monitor
2019-09-24 22:43:25,452 [Datanode State Machine Thread - 0] INFO  datanode.InitDatanodeState (InitDatanodeState.java:persistContainerDatanodeDetails(140)) - DatanodeDetails is persisted to /workdir/hadoop-ozone/integration-test/target/test-dir/MiniOzoneClusterImpl-d8bbf689-b3c7-4797-acf4-e99b3e7335dc/datanode-3/meta/datanode.id
2019-09-24 22:43:25,457 [main] INFO  volume.HddsVolume (HddsVolume.java:<init>(176)) - Creating Volume: /workdir/hadoop-ozone/integration-test/target/test-dir/MiniOzoneClusterImpl-d8bbf689-b3c7-4797-acf4-e99b3e7335dc/datanode-4/data/containers/hdds of  storage type : DISK and capacity : 1482555576320
2019-09-24 22:43:25,457 [main] INFO  volume.VolumeSet (VolumeSet.java:initializeVolumeSet(170)) - Added Volume : /workdir/hadoop-ozone/integration-test/target/test-dir/MiniOzoneClusterImpl-d8bbf689-b3c7-4797-acf4-e99b3e7335dc/datanode-4/data/containers/hdds to VolumeSet
2019-09-24 22:43:25,457 [main] INFO  volume.ThrottledAsyncChecker (ThrottledAsyncChecker.java:schedule(139)) - Scheduling a check for org.apache.hadoop.ozone.container.common.volume.HddsVolume@22eaa86e
2019-09-24 22:43:25,458 [main] INFO  volume.HddsVolumeChecker (HddsVolumeChecker.java:checkAllVolumes(202)) - Scheduled health check for volume org.apache.hadoop.ozone.container.common.volume.HddsVolume@22eaa86e
2019-09-24 22:43:25,471 [main] INFO  impl.RaftServerProxy (ConfUtils.java:logGet(43)) - raft.rpc.type = GRPC (default)
2019-09-24 22:43:25,471 [main] INFO  grpc.GrpcFactory (GrpcFactory.java:checkPooledByteBufAllocatorUseCacheForAllThreads(45)) - PERFORMANCE WARNING: useCacheForAllThreads is true that may cause Netty to create a lot garbage objects and, as a result, trigger GC.
	It is recommended to disable useCacheForAllThreads by setting -Dorg.apache.ratis.thirdparty.io.netty.allocator.useCacheForAllThreads=false in command line.
2019-09-24 22:43:25,472 [main] INFO  grpc.GrpcConfigKeys$Server (ConfUtils.java:logGet(43)) - raft.grpc.server.port = 0 (default)
2019-09-24 22:43:25,472 [main] INFO  server.GrpcService (ConfUtils.java:logGet(43)) - raft.grpc.message.size.max = 33570816 (custom)
2019-09-24 22:43:25,472 [main] INFO  server.RaftServerConfigKeys (ConfUtils.java:logGet(43)) - raft.server.log.appender.buffer.byte-limit = 33554432 (custom)
2019-09-24 22:43:25,472 [main] INFO  server.GrpcService (ConfUtils.java:logGet(43)) - raft.grpc.flow.control.window = 1MB (=1048576) (default)
2019-09-24 22:43:25,473 [main] INFO  server.RaftServerConfigKeys (ConfUtils.java:logGet(43)) - raft.server.rpc.request.timeout = 3000ms (default)
2019-09-24 22:43:25,473 [main] INFO  server.RaftServerConfigKeys (ConfUtils.java:logGet(43)) - raft.server.storage.dir = [/workdir/hadoop-ozone/integration-test/target/test-dir/MiniOzoneClusterImpl-d8bbf689-b3c7-4797-acf4-e99b3e7335dc/datanode-4/data/ratis] (custom)
2019-09-24 22:43:25,475 [main] INFO  hdfs.DFSUtil (DFSUtil.java:httpServerTemplateForNNAndJN(1641)) - Starting Web-server for hddsDatanode at: http://0.0.0.0:0
2019-09-24 22:43:25,476 [main] INFO  server.AuthenticationFilter (AuthenticationFilter.java:constructSecretProvider(240)) - Unable to initialize FileSignerSecretProvider, falling back to use random secrets.
2019-09-24 22:43:25,476 [main] WARN  http.HttpRequestLog (HttpRequestLog.java:getRequestLog(97)) - Jetty request log can only be enabled using Log4j
2019-09-24 22:43:25,478 [main] INFO  http.HttpServer2 (HttpServer2.java:addGlobalFilter(975)) - Added global filter 'safety' (class=org.apache.hadoop.http.HttpServer2$QuotingInputFilter)
2019-09-24 22:43:25,478 [main] INFO  http.HttpServer2 (HttpServer2.java:addFilter(948)) - Added filter static_user_filter (class=org.apache.hadoop.http.lib.StaticUserWebFilter$StaticUserFilter) to context hddsDatanode
2019-09-24 22:43:25,478 [main] INFO  http.HttpServer2 (HttpServer2.java:addFilter(958)) - Added filter static_user_filter (class=org.apache.hadoop.http.lib.StaticUserWebFilter$StaticUserFilter) to context logs
2019-09-24 22:43:25,479 [main] INFO  http.HttpServer2 (HttpServer2.java:addFilter(958)) - Added filter static_user_filter (class=org.apache.hadoop.http.lib.StaticUserWebFilter$StaticUserFilter) to context static
2019-09-24 22:43:25,479 [main] INFO  http.HttpServer2 (HttpServer2.java:bindListener(1191)) - Jetty bound to port 35562
2019-09-24 22:43:25,480 [main] INFO  server.Server (Server.java:doStart(351)) - jetty-9.3.25.v20180904, build timestamp: 2018-09-04T21:11:46Z, git hash: 3ce520221d0240229c862b122d2b06c12a625732
2019-09-24 22:43:25,482 [main] INFO  handler.ContextHandler (ContextHandler.java:doStart(781)) - Started o.e.j.s.ServletContextHandler@3bd2af5b{/logs,file:///workdir/hadoop-ozone/integration-test/target/log,AVAILABLE}
2019-09-24 22:43:25,482 [main] INFO  handler.ContextHandler (ContextHandler.java:doStart(781)) - Started o.e.j.s.ServletContextHandler@75d982d3{/static,jar:file:/home/user/.m2/repository/org/apache/hadoop/hadoop-hdds-container-service/0.5.0-SNAPSHOT/hadoop-hdds-container-service-0.5.0-SNAPSHOT.jar!/webapps/static,AVAILABLE}
2019-09-24 22:43:25,513 [main] INFO  handler.ContextHandler (ContextHandler.java:doStart(781)) - Started o.e.j.w.WebAppContext@74ea46e2{/,file:///tmp/jetty-0.0.0.0-35562-hddsDatanode-_-any-3810262499478447067.dir/webapp/,AVAILABLE}{/hddsDatanode}
2019-09-24 22:43:25,514 [main] INFO  server.AbstractConnector (AbstractConnector.java:doStart(278)) - Started ServerConnector@6f911326{HTTP/1.1,[http/1.1]}{0.0.0.0:35562}
2019-09-24 22:43:25,515 [main] INFO  server.Server (Server.java:doStart(419)) - Started @5465ms
2019-09-24 22:43:25,519 [main] WARN  impl.MetricsSystemImpl (MetricsSystemImpl.java:register(276)) - Sink prometheus already exists!
2019-09-24 22:43:25,520 [main] INFO  server.BaseHttpServer (BaseHttpServer.java:updateConnectorAddress(215)) - HTTP server of HDDSDATANODE is listening at http://0.0.0.0:35562
2019-09-24 22:43:25,521 [main] INFO  impl.MetricsSystemImpl (MetricsSystemImpl.java:init(158)) - HddsDatanode metrics system started (again)
2019-09-24 22:43:25,524 [main] INFO  ozone.HddsDatanodeService (HddsDatanodeService.java:start(184)) - HddsDatanodeService host:pr-hdds-2162-v2v4x-1150571016 ip:192.168.151.66
2019-09-24 22:43:25,524 [org.apache.hadoop.util.JvmPauseMonitor$Monitor@2d6a5a98] INFO  util.JvmPauseMonitor (JvmPauseMonitor.java:run(188)) - Starting JVM pause monitor
2019-09-24 22:43:25,528 [Datanode State Machine Thread - 0] INFO  datanode.InitDatanodeState (InitDatanodeState.java:persistContainerDatanodeDetails(140)) - DatanodeDetails is persisted to /workdir/hadoop-ozone/integration-test/target/test-dir/MiniOzoneClusterImpl-d8bbf689-b3c7-4797-acf4-e99b3e7335dc/datanode-4/meta/datanode.id
2019-09-24 22:43:25,533 [main] INFO  volume.HddsVolume (HddsVolume.java:<init>(176)) - Creating Volume: /workdir/hadoop-ozone/integration-test/target/test-dir/MiniOzoneClusterImpl-d8bbf689-b3c7-4797-acf4-e99b3e7335dc/datanode-5/data/containers/hdds of  storage type : DISK and capacity : 1482555576320
2019-09-24 22:43:25,533 [main] INFO  volume.VolumeSet (VolumeSet.java:initializeVolumeSet(170)) - Added Volume : /workdir/hadoop-ozone/integration-test/target/test-dir/MiniOzoneClusterImpl-d8bbf689-b3c7-4797-acf4-e99b3e7335dc/datanode-5/data/containers/hdds to VolumeSet
2019-09-24 22:43:25,534 [main] INFO  volume.ThrottledAsyncChecker (ThrottledAsyncChecker.java:schedule(139)) - Scheduling a check for org.apache.hadoop.ozone.container.common.volume.HddsVolume@117d32e
2019-09-24 22:43:25,534 [main] INFO  volume.HddsVolumeChecker (HddsVolumeChecker.java:checkAllVolumes(202)) - Scheduled health check for volume org.apache.hadoop.ozone.container.common.volume.HddsVolume@117d32e
2019-09-24 22:43:25,551 [main] INFO  impl.RaftServerProxy (ConfUtils.java:logGet(43)) - raft.rpc.type = GRPC (default)
2019-09-24 22:43:25,551 [main] INFO  grpc.GrpcFactory (GrpcFactory.java:checkPooledByteBufAllocatorUseCacheForAllThreads(45)) - PERFORMANCE WARNING: useCacheForAllThreads is true that may cause Netty to create a lot garbage objects and, as a result, trigger GC.
	It is recommended to disable useCacheForAllThreads by setting -Dorg.apache.ratis.thirdparty.io.netty.allocator.useCacheForAllThreads=false in command line.
2019-09-24 22:43:25,551 [main] INFO  grpc.GrpcConfigKeys$Server (ConfUtils.java:logGet(43)) - raft.grpc.server.port = 0 (default)
2019-09-24 22:43:25,552 [main] INFO  server.GrpcService (ConfUtils.java:logGet(43)) - raft.grpc.message.size.max = 33570816 (custom)
2019-09-24 22:43:25,552 [main] INFO  server.RaftServerConfigKeys (ConfUtils.java:logGet(43)) - raft.server.log.appender.buffer.byte-limit = 33554432 (custom)
2019-09-24 22:43:25,552 [main] INFO  server.GrpcService (ConfUtils.java:logGet(43)) - raft.grpc.flow.control.window = 1MB (=1048576) (default)
2019-09-24 22:43:25,552 [main] INFO  server.RaftServerConfigKeys (ConfUtils.java:logGet(43)) - raft.server.rpc.request.timeout = 3000ms (default)
2019-09-24 22:43:25,553 [main] INFO  server.RaftServerConfigKeys (ConfUtils.java:logGet(43)) - raft.server.storage.dir = [/workdir/hadoop-ozone/integration-test/target/test-dir/MiniOzoneClusterImpl-d8bbf689-b3c7-4797-acf4-e99b3e7335dc/datanode-5/data/ratis] (custom)
2019-09-24 22:43:25,555 [main] INFO  hdfs.DFSUtil (DFSUtil.java:httpServerTemplateForNNAndJN(1641)) - Starting Web-server for hddsDatanode at: http://0.0.0.0:0
2019-09-24 22:43:25,556 [main] INFO  server.AuthenticationFilter (AuthenticationFilter.java:constructSecretProvider(240)) - Unable to initialize FileSignerSecretProvider, falling back to use random secrets.
2019-09-24 22:43:25,556 [main] WARN  http.HttpRequestLog (HttpRequestLog.java:getRequestLog(97)) - Jetty request log can only be enabled using Log4j
2019-09-24 22:43:25,558 [main] INFO  http.HttpServer2 (HttpServer2.java:addGlobalFilter(975)) - Added global filter 'safety' (class=org.apache.hadoop.http.HttpServer2$QuotingInputFilter)
2019-09-24 22:43:25,559 [main] INFO  http.HttpServer2 (HttpServer2.java:addFilter(948)) - Added filter static_user_filter (class=org.apache.hadoop.http.lib.StaticUserWebFilter$StaticUserFilter) to context hddsDatanode
2019-09-24 22:43:25,559 [main] INFO  http.HttpServer2 (HttpServer2.java:addFilter(958)) - Added filter static_user_filter (class=org.apache.hadoop.http.lib.StaticUserWebFilter$StaticUserFilter) to context logs
2019-09-24 22:43:25,559 [main] INFO  http.HttpServer2 (HttpServer2.java:addFilter(958)) - Added filter static_user_filter (class=org.apache.hadoop.http.lib.StaticUserWebFilter$StaticUserFilter) to context static
2019-09-24 22:43:25,560 [main] INFO  http.HttpServer2 (HttpServer2.java:bindListener(1191)) - Jetty bound to port 34516
2019-09-24 22:43:25,560 [main] INFO  server.Server (Server.java:doStart(351)) - jetty-9.3.25.v20180904, build timestamp: 2018-09-04T21:11:46Z, git hash: 3ce520221d0240229c862b122d2b06c12a625732
2019-09-24 22:43:25,562 [main] INFO  handler.ContextHandler (ContextHandler.java:doStart(781)) - Started o.e.j.s.ServletContextHandler@181d8899{/logs,file:///workdir/hadoop-ozone/integration-test/target/log,AVAILABLE}
2019-09-24 22:43:25,562 [main] INFO  handler.ContextHandler (ContextHandler.java:doStart(781)) - Started o.e.j.s.ServletContextHandler@b887730{/static,jar:file:/home/user/.m2/repository/org/apache/hadoop/hadoop-hdds-container-service/0.5.0-SNAPSHOT/hadoop-hdds-container-service-0.5.0-SNAPSHOT.jar!/webapps/static,AVAILABLE}
2019-09-24 22:43:25,591 [main] INFO  handler.ContextHandler (ContextHandler.java:doStart(781)) - Started o.e.j.w.WebAppContext@7ab34619{/,file:///tmp/jetty-0.0.0.0-34516-hddsDatanode-_-any-7663018562718173708.dir/webapp/,AVAILABLE}{/hddsDatanode}
2019-09-24 22:43:25,592 [main] INFO  server.AbstractConnector (AbstractConnector.java:doStart(278)) - Started ServerConnector@ae2db25{HTTP/1.1,[http/1.1]}{0.0.0.0:34516}
2019-09-24 22:43:25,593 [main] INFO  server.Server (Server.java:doStart(419)) - Started @5543ms
2019-09-24 22:43:25,593 [main] WARN  impl.MetricsSystemImpl (MetricsSystemImpl.java:register(276)) - Sink prometheus already exists!
2019-09-24 22:43:25,594 [main] INFO  server.BaseHttpServer (BaseHttpServer.java:updateConnectorAddress(215)) - HTTP server of HDDSDATANODE is listening at http://0.0.0.0:34516
2019-09-24 22:43:25,594 [main] INFO  impl.MetricsSystemImpl (MetricsSystemImpl.java:init(158)) - HddsDatanode metrics system started (again)
2019-09-24 22:43:25,604 [main] INFO  ozone.HddsDatanodeService (HddsDatanodeService.java:start(184)) - HddsDatanodeService host:pr-hdds-2162-v2v4x-1150571016 ip:192.168.151.66
2019-09-24 22:43:25,605 [org.apache.hadoop.util.JvmPauseMonitor$Monitor@1d9f0c68] INFO  util.JvmPauseMonitor (JvmPauseMonitor.java:run(188)) - Starting JVM pause monitor
2019-09-24 22:43:25,607 [Datanode State Machine Thread - 0] INFO  datanode.InitDatanodeState (InitDatanodeState.java:persistContainerDatanodeDetails(140)) - DatanodeDetails is persisted to /workdir/hadoop-ozone/integration-test/target/test-dir/MiniOzoneClusterImpl-d8bbf689-b3c7-4797-acf4-e99b3e7335dc/datanode-5/meta/datanode.id
2019-09-24 22:43:25,612 [main] INFO  volume.HddsVolume (HddsVolume.java:<init>(176)) - Creating Volume: /workdir/hadoop-ozone/integration-test/target/test-dir/MiniOzoneClusterImpl-d8bbf689-b3c7-4797-acf4-e99b3e7335dc/datanode-6/data/containers/hdds of  storage type : DISK and capacity : 1482555576320
2019-09-24 22:43:25,613 [main] INFO  volume.VolumeSet (VolumeSet.java:initializeVolumeSet(170)) - Added Volume : /workdir/hadoop-ozone/integration-test/target/test-dir/MiniOzoneClusterImpl-d8bbf689-b3c7-4797-acf4-e99b3e7335dc/datanode-6/data/containers/hdds to VolumeSet
2019-09-24 22:43:25,613 [main] INFO  volume.ThrottledAsyncChecker (ThrottledAsyncChecker.java:schedule(139)) - Scheduling a check for org.apache.hadoop.ozone.container.common.volume.HddsVolume@3b920bdc
2019-09-24 22:43:25,613 [main] INFO  volume.HddsVolumeChecker (HddsVolumeChecker.java:checkAllVolumes(202)) - Scheduled health check for volume org.apache.hadoop.ozone.container.common.volume.HddsVolume@3b920bdc
2019-09-24 22:43:25,627 [main] INFO  impl.RaftServerProxy (ConfUtils.java:logGet(43)) - raft.rpc.type = GRPC (default)
2019-09-24 22:43:25,628 [main] INFO  grpc.GrpcFactory (GrpcFactory.java:checkPooledByteBufAllocatorUseCacheForAllThreads(45)) - PERFORMANCE WARNING: useCacheForAllThreads is true that may cause Netty to create a lot garbage objects and, as a result, trigger GC.
	It is recommended to disable useCacheForAllThreads by setting -Dorg.apache.ratis.thirdparty.io.netty.allocator.useCacheForAllThreads=false in command line.
2019-09-24 22:43:25,628 [main] INFO  grpc.GrpcConfigKeys$Server (ConfUtils.java:logGet(43)) - raft.grpc.server.port = 0 (default)
2019-09-24 22:43:25,628 [main] INFO  server.GrpcService (ConfUtils.java:logGet(43)) - raft.grpc.message.size.max = 33570816 (custom)
2019-09-24 22:43:25,628 [main] INFO  server.RaftServerConfigKeys (ConfUtils.java:logGet(43)) - raft.server.log.appender.buffer.byte-limit = 33554432 (custom)
2019-09-24 22:43:25,629 [main] INFO  server.GrpcService (ConfUtils.java:logGet(43)) - raft.grpc.flow.control.window = 1MB (=1048576) (default)
2019-09-24 22:43:25,629 [main] INFO  server.RaftServerConfigKeys (ConfUtils.java:logGet(43)) - raft.server.rpc.request.timeout = 3000ms (default)
2019-09-24 22:43:25,629 [main] INFO  server.RaftServerConfigKeys (ConfUtils.java:logGet(43)) - raft.server.storage.dir = [/workdir/hadoop-ozone/integration-test/target/test-dir/MiniOzoneClusterImpl-d8bbf689-b3c7-4797-acf4-e99b3e7335dc/datanode-6/data/ratis] (custom)
2019-09-24 22:43:25,631 [main] INFO  hdfs.DFSUtil (DFSUtil.java:httpServerTemplateForNNAndJN(1641)) - Starting Web-server for hddsDatanode at: http://0.0.0.0:0
2019-09-24 22:43:25,632 [main] INFO  server.AuthenticationFilter (AuthenticationFilter.java:constructSecretProvider(240)) - Unable to initialize FileSignerSecretProvider, falling back to use random secrets.
2019-09-24 22:43:25,632 [main] WARN  http.HttpRequestLog (HttpRequestLog.java:getRequestLog(97)) - Jetty request log can only be enabled using Log4j
2019-09-24 22:43:25,634 [main] INFO  http.HttpServer2 (HttpServer2.java:addGlobalFilter(975)) - Added global filter 'safety' (class=org.apache.hadoop.http.HttpServer2$QuotingInputFilter)
2019-09-24 22:43:25,634 [main] INFO  http.HttpServer2 (HttpServer2.java:addFilter(948)) - Added filter static_user_filter (class=org.apache.hadoop.http.lib.StaticUserWebFilter$StaticUserFilter) to context hddsDatanode
2019-09-24 22:43:25,634 [main] INFO  http.HttpServer2 (HttpServer2.java:addFilter(958)) - Added filter static_user_filter (class=org.apache.hadoop.http.lib.StaticUserWebFilter$StaticUserFilter) to context static
2019-09-24 22:43:25,635 [main] INFO  http.HttpServer2 (HttpServer2.java:addFilter(958)) - Added filter static_user_filter (class=org.apache.hadoop.http.lib.StaticUserWebFilter$StaticUserFilter) to context logs
2019-09-24 22:43:25,635 [main] INFO  http.HttpServer2 (HttpServer2.java:bindListener(1191)) - Jetty bound to port 39431
2019-09-24 22:43:25,636 [main] INFO  server.Server (Server.java:doStart(351)) - jetty-9.3.25.v20180904, build timestamp: 2018-09-04T21:11:46Z, git hash: 3ce520221d0240229c862b122d2b06c12a625732
2019-09-24 22:43:25,637 [main] INFO  handler.ContextHandler (ContextHandler.java:doStart(781)) - Started o.e.j.s.ServletContextHandler@3240b2a4{/logs,file:///workdir/hadoop-ozone/integration-test/target/log,AVAILABLE}
2019-09-24 22:43:25,638 [main] INFO  handler.ContextHandler (ContextHandler.java:doStart(781)) - Started o.e.j.s.ServletContextHandler@7d3fb0ef{/static,jar:file:/home/user/.m2/repository/org/apache/hadoop/hadoop-hdds-container-service/0.5.0-SNAPSHOT/hadoop-hdds-container-service-0.5.0-SNAPSHOT.jar!/webapps/static,AVAILABLE}
2019-09-24 22:43:25,668 [main] INFO  handler.ContextHandler (ContextHandler.java:doStart(781)) - Started o.e.j.w.WebAppContext@b1534d3{/,file:///tmp/jetty-0.0.0.0-39431-hddsDatanode-_-any-7097912080258878913.dir/webapp/,AVAILABLE}{/hddsDatanode}
2019-09-24 22:43:25,669 [main] INFO  server.AbstractConnector (AbstractConnector.java:doStart(278)) - Started ServerConnector@3c74aa0d{HTTP/1.1,[http/1.1]}{0.0.0.0:39431}
2019-09-24 22:43:25,670 [main] INFO  server.Server (Server.java:doStart(419)) - Started @5620ms
2019-09-24 22:43:25,670 [main] WARN  impl.MetricsSystemImpl (MetricsSystemImpl.java:register(276)) - Sink prometheus already exists!
2019-09-24 22:43:25,671 [main] INFO  server.BaseHttpServer (BaseHttpServer.java:updateConnectorAddress(215)) - HTTP server of HDDSDATANODE is listening at http://0.0.0.0:39431
2019-09-24 22:43:25,674 [main] INFO  ozone.MiniOzoneClusterImpl (MiniOzoneClusterImpl.java:lambda$waitForClusterToBeReady$0(147)) - Waiting for cluster to be ready. Got 0 of 7 DN Heartbeats.
2019-09-24 22:43:25,674 [org.apache.hadoop.util.JvmPauseMonitor$Monitor@53a80a4f] INFO  util.JvmPauseMonitor (JvmPauseMonitor.java:run(188)) - Starting JVM pause monitor
2019-09-24 22:43:25,677 [Datanode State Machine Thread - 0] INFO  datanode.InitDatanodeState (InitDatanodeState.java:persistContainerDatanodeDetails(140)) - DatanodeDetails is persisted to /workdir/hadoop-ozone/integration-test/target/test-dir/MiniOzoneClusterImpl-d8bbf689-b3c7-4797-acf4-e99b3e7335dc/datanode-6/meta/datanode.id
2019-09-24 22:43:26,675 [main] INFO  ozone.MiniOzoneClusterImpl (MiniOzoneClusterImpl.java:lambda$waitForClusterToBeReady$0(147)) - Waiting for cluster to be ready. Got 0 of 7 DN Heartbeats.
2019-09-24 22:43:27,248 [Datanode State Machine Thread - 0] INFO  ozoneimpl.OzoneContainer (OzoneContainer.java:start(217)) - Attempting to start container services.
2019-09-24 22:43:27,250 [Datanode State Machine Thread - 0] INFO  ozoneimpl.OzoneContainer (OzoneContainer.java:startContainerScrub(179)) - Background container scanner has been disabled.
2019-09-24 22:43:27,250 [Datanode State Machine Thread - 0] INFO  ratis.XceiverServerRatis (XceiverServerRatis.java:start(411)) - Starting XceiverServerRatis 935414d4-2c23-4fcd-bc36-bb7e45710750 at port 0
2019-09-24 22:43:27,280 [Datanode State Machine Thread - 0] INFO  impl.RaftServerProxy (RaftServerProxy.java:lambda$start$3(299)) - 935414d4-2c23-4fcd-bc36-bb7e45710750: start RPC server
2019-09-24 22:43:27,325 [Datanode State Machine Thread - 0] INFO  ozoneimpl.OzoneContainer (OzoneContainer.java:start(217)) - Attempting to start container services.
2019-09-24 22:43:27,333 [Datanode State Machine Thread - 0] INFO  ozoneimpl.OzoneContainer (OzoneContainer.java:startContainerScrub(179)) - Background container scanner has been disabled.
2019-09-24 22:43:27,333 [Datanode State Machine Thread - 0] INFO  ratis.XceiverServerRatis (XceiverServerRatis.java:start(411)) - Starting XceiverServerRatis 9c8ab630-b5f5-42ae-ab19-9f6aeef8fdc5 at port 0
2019-09-24 22:43:27,342 [Datanode State Machine Thread - 0] INFO  impl.RaftServerProxy (RaftServerProxy.java:lambda$start$3(299)) - 9c8ab630-b5f5-42ae-ab19-9f6aeef8fdc5: start RPC server
2019-09-24 22:43:27,402 [Datanode State Machine Thread - 0] INFO  ozoneimpl.OzoneContainer (OzoneContainer.java:start(217)) - Attempting to start container services.
2019-09-24 22:43:27,407 [Datanode State Machine Thread - 0] INFO  ozoneimpl.OzoneContainer (OzoneContainer.java:startContainerScrub(179)) - Background container scanner has been disabled.
2019-09-24 22:43:27,407 [Datanode State Machine Thread - 0] INFO  ratis.XceiverServerRatis (XceiverServerRatis.java:start(411)) - Starting XceiverServerRatis 50c9ac3a-ba58-4412-b88f-9c17bcde39a8 at port 0
2019-09-24 22:43:27,414 [Datanode State Machine Thread - 0] INFO  impl.RaftServerProxy (RaftServerProxy.java:lambda$start$3(299)) - 50c9ac3a-ba58-4412-b88f-9c17bcde39a8: start RPC server
2019-09-24 22:43:27,446 [Datanode State Machine Thread - 0] INFO  server.GrpcService (GrpcService.java:startImpl(158)) - 935414d4-2c23-4fcd-bc36-bb7e45710750: GrpcService started, listening on 0.0.0.0/0.0.0.0:37475
2019-09-24 22:43:27,446 [Datanode State Machine Thread - 0] INFO  server.GrpcService (GrpcService.java:startImpl(158)) - 50c9ac3a-ba58-4412-b88f-9c17bcde39a8: GrpcService started, listening on 0.0.0.0/0.0.0.0:39329
2019-09-24 22:43:27,446 [Datanode State Machine Thread - 0] INFO  server.GrpcService (GrpcService.java:startImpl(158)) - 9c8ab630-b5f5-42ae-ab19-9f6aeef8fdc5: GrpcService started, listening on 0.0.0.0/0.0.0.0:34606
2019-09-24 22:43:27,448 [Datanode State Machine Thread - 0] INFO  ratis.XceiverServerRatis (XceiverServerRatis.java:start(421)) - XceiverServerRatis 50c9ac3a-ba58-4412-b88f-9c17bcde39a8 is started using port 39329
2019-09-24 22:43:27,447 [Datanode State Machine Thread - 0] INFO  ratis.XceiverServerRatis (XceiverServerRatis.java:start(421)) - XceiverServerRatis 935414d4-2c23-4fcd-bc36-bb7e45710750 is started using port 37475
2019-09-24 22:43:27,448 [Datanode State Machine Thread - 0] INFO  ratis.XceiverServerRatis (XceiverServerRatis.java:start(421)) - XceiverServerRatis 9c8ab630-b5f5-42ae-ab19-9f6aeef8fdc5 is started using port 34606
2019-09-24 22:43:27,455 [Datanode State Machine Thread - 0] INFO  server.XceiverServerGrpc (XceiverServerGrpc.java:start(149)) - XceiverServerGrpc 935414d4-2c23-4fcd-bc36-bb7e45710750 is started using port 43855
2019-09-24 22:43:27,456 [Datanode State Machine Thread - 0] INFO  server.XceiverServerGrpc (XceiverServerGrpc.java:start(149)) - XceiverServerGrpc 50c9ac3a-ba58-4412-b88f-9c17bcde39a8 is started using port 45131
2019-09-24 22:43:27,455 [Datanode State Machine Thread - 0] INFO  server.XceiverServerGrpc (XceiverServerGrpc.java:start(149)) - XceiverServerGrpc 9c8ab630-b5f5-42ae-ab19-9f6aeef8fdc5 is started using port 46856
2019-09-24 22:43:27,480 [Datanode State Machine Thread - 0] INFO  ozoneimpl.OzoneContainer (OzoneContainer.java:start(217)) - Attempting to start container services.
2019-09-24 22:43:27,481 [Datanode State Machine Thread - 0] INFO  ozoneimpl.OzoneContainer (OzoneContainer.java:startContainerScrub(179)) - Background container scanner has been disabled.
2019-09-24 22:43:27,481 [Datanode State Machine Thread - 0] INFO  ratis.XceiverServerRatis (XceiverServerRatis.java:start(411)) - Starting XceiverServerRatis cec385b5-4726-4a13-96d2-2d6a2f49e9ea at port 0
2019-09-24 22:43:27,487 [Datanode State Machine Thread - 0] INFO  impl.RaftServerProxy (RaftServerProxy.java:lambda$start$3(299)) - cec385b5-4726-4a13-96d2-2d6a2f49e9ea: start RPC server
2019-09-24 22:43:27,490 [Datanode State Machine Thread - 0] INFO  server.GrpcService (GrpcService.java:startImpl(158)) - cec385b5-4726-4a13-96d2-2d6a2f49e9ea: GrpcService started, listening on 0.0.0.0/0.0.0.0:34702
2019-09-24 22:43:27,490 [Datanode State Machine Thread - 0] INFO  ratis.XceiverServerRatis (XceiverServerRatis.java:start(421)) - XceiverServerRatis cec385b5-4726-4a13-96d2-2d6a2f49e9ea is started using port 34702
2019-09-24 22:43:27,492 [Datanode State Machine Thread - 0] INFO  server.XceiverServerGrpc (XceiverServerGrpc.java:start(149)) - XceiverServerGrpc cec385b5-4726-4a13-96d2-2d6a2f49e9ea is started using port 37020
2019-09-24 22:43:27,532 [Datanode State Machine Thread - 0] INFO  ozoneimpl.OzoneContainer (OzoneContainer.java:start(217)) - Attempting to start container services.
2019-09-24 22:43:27,533 [Datanode State Machine Thread - 0] INFO  ozoneimpl.OzoneContainer (OzoneContainer.java:startContainerScrub(179)) - Background container scanner has been disabled.
2019-09-24 22:43:27,533 [Datanode State Machine Thread - 0] INFO  ratis.XceiverServerRatis (XceiverServerRatis.java:start(411)) - Starting XceiverServerRatis 70f4562f-d8ad-4306-8e38-e3256cd2d134 at port 0
2019-09-24 22:43:27,538 [Datanode State Machine Thread - 0] INFO  impl.RaftServerProxy (RaftServerProxy.java:lambda$start$3(299)) - 70f4562f-d8ad-4306-8e38-e3256cd2d134: start RPC server
2019-09-24 22:43:27,541 [Datanode State Machine Thread - 0] INFO  server.GrpcService (GrpcService.java:startImpl(158)) - 70f4562f-d8ad-4306-8e38-e3256cd2d134: GrpcService started, listening on 0.0.0.0/0.0.0.0:46029
2019-09-24 22:43:27,541 [Datanode State Machine Thread - 0] INFO  ratis.XceiverServerRatis (XceiverServerRatis.java:start(421)) - XceiverServerRatis 70f4562f-d8ad-4306-8e38-e3256cd2d134 is started using port 46029
2019-09-24 22:43:27,543 [Datanode State Machine Thread - 0] INFO  server.XceiverServerGrpc (XceiverServerGrpc.java:start(149)) - XceiverServerGrpc 70f4562f-d8ad-4306-8e38-e3256cd2d134 is started using port 32920
2019-09-24 22:43:27,621 [Datanode State Machine Thread - 0] INFO  ozoneimpl.OzoneContainer (OzoneContainer.java:start(217)) - Attempting to start container services.
2019-09-24 22:43:27,622 [Datanode State Machine Thread - 0] INFO  ozoneimpl.OzoneContainer (OzoneContainer.java:startContainerScrub(179)) - Background container scanner has been disabled.
2019-09-24 22:43:27,622 [Datanode State Machine Thread - 0] INFO  ratis.XceiverServerRatis (XceiverServerRatis.java:start(411)) - Starting XceiverServerRatis cc0fada7-f07d-4fca-b5a3-1adb9c0f28a8 at port 0
2019-09-24 22:43:27,630 [Datanode State Machine Thread - 0] INFO  impl.RaftServerProxy (RaftServerProxy.java:lambda$start$3(299)) - cc0fada7-f07d-4fca-b5a3-1adb9c0f28a8: start RPC server
2019-09-24 22:43:27,635 [Datanode State Machine Thread - 0] INFO  server.GrpcService (GrpcService.java:startImpl(158)) - cc0fada7-f07d-4fca-b5a3-1adb9c0f28a8: GrpcService started, listening on 0.0.0.0/0.0.0.0:42999
2019-09-24 22:43:27,635 [Datanode State Machine Thread - 0] INFO  ratis.XceiverServerRatis (XceiverServerRatis.java:start(421)) - XceiverServerRatis cc0fada7-f07d-4fca-b5a3-1adb9c0f28a8 is started using port 42999
2019-09-24 22:43:27,639 [Datanode State Machine Thread - 0] INFO  server.XceiverServerGrpc (XceiverServerGrpc.java:start(149)) - XceiverServerGrpc cc0fada7-f07d-4fca-b5a3-1adb9c0f28a8 is started using port 38213
2019-09-24 22:43:27,676 [main] INFO  ozone.MiniOzoneClusterImpl (MiniOzoneClusterImpl.java:lambda$waitForClusterToBeReady$0(147)) - Waiting for cluster to be ready. Got 0 of 7 DN Heartbeats.
2019-09-24 22:43:27,691 [Datanode State Machine Thread - 0] INFO  ozoneimpl.OzoneContainer (OzoneContainer.java:start(217)) - Attempting to start container services.
2019-09-24 22:43:27,692 [Datanode State Machine Thread - 0] INFO  ozoneimpl.OzoneContainer (OzoneContainer.java:startContainerScrub(179)) - Background container scanner has been disabled.
2019-09-24 22:43:27,692 [Datanode State Machine Thread - 0] INFO  ratis.XceiverServerRatis (XceiverServerRatis.java:start(411)) - Starting XceiverServerRatis 0eafc66a-b222-485a-84b4-d82d0185be4e at port 0
2019-09-24 22:43:27,699 [Datanode State Machine Thread - 0] INFO  impl.RaftServerProxy (RaftServerProxy.java:lambda$start$3(299)) - 0eafc66a-b222-485a-84b4-d82d0185be4e: start RPC server
2019-09-24 22:43:27,703 [Datanode State Machine Thread - 0] INFO  server.GrpcService (GrpcService.java:startImpl(158)) - 0eafc66a-b222-485a-84b4-d82d0185be4e: GrpcService started, listening on 0.0.0.0/0.0.0.0:35610
2019-09-24 22:43:27,703 [Datanode State Machine Thread - 0] INFO  ratis.XceiverServerRatis (XceiverServerRatis.java:start(421)) - XceiverServerRatis 0eafc66a-b222-485a-84b4-d82d0185be4e is started using port 35610
2019-09-24 22:43:27,707 [Datanode State Machine Thread - 0] INFO  server.XceiverServerGrpc (XceiverServerGrpc.java:start(149)) - XceiverServerGrpc 0eafc66a-b222-485a-84b4-d82d0185be4e is started using port 41843
2019-09-24 22:43:28,677 [main] INFO  ozone.MiniOzoneClusterImpl (MiniOzoneClusterImpl.java:lambda$waitForClusterToBeReady$0(147)) - Waiting for cluster to be ready. Got 0 of 7 DN Heartbeats.
2019-09-24 22:43:29,243 [IPC Server handler 1 on 43532] INFO  net.NetworkTopology (NetworkTopologyImpl.java:add(111)) - Added a new node: /default-rack/935414d4-2c23-4fcd-bc36-bb7e45710750
2019-09-24 22:43:29,244 [IPC Server handler 1 on 43532] INFO  node.SCMNodeManager (SCMNodeManager.java:register(266)) - Registered Data node : 935414d4-2c23-4fcd-bc36-bb7e45710750{ip: 192.168.151.66, host: pr-hdds-2162-v2v4x-1150571016, networkLocation: /default-rack, certSerialId: null}
2019-09-24 22:43:29,249 [EventQueue-NodeRegistrationContainerReportForDataNodeSafeModeRule] INFO  safemode.SCMSafeModeManager (DataNodeSafeModeRule.java:process(71)) - SCM in safe mode. 1 DataNodes registered, 1 required.
2019-09-24 22:43:29,250 [EventQueue-NodeRegistrationContainerReportForDataNodeSafeModeRule] INFO  safemode.SCMSafeModeManager (SCMSafeModeManager.java:validateSafeModeExitRules(177)) - ScmSafeModeManager, all rules are successfully validated
2019-09-24 22:43:29,250 [EventQueue-NodeRegistrationContainerReportForDataNodeSafeModeRule] INFO  safemode.SCMSafeModeManager (SCMSafeModeManager.java:exitSafeMode(193)) - SCM exiting safe mode.
2019-09-24 22:43:29,309 [IPC Server handler 2 on 43532] INFO  net.NetworkTopology (NetworkTopologyImpl.java:add(111)) - Added a new node: /default-rack/9c8ab630-b5f5-42ae-ab19-9f6aeef8fdc5
2019-09-24 22:43:29,309 [IPC Server handler 2 on 43532] INFO  node.SCMNodeManager (SCMNodeManager.java:register(266)) - Registered Data node : 9c8ab630-b5f5-42ae-ab19-9f6aeef8fdc5{ip: 192.168.151.66, host: pr-hdds-2162-v2v4x-1150571016, networkLocation: /default-rack, certSerialId: null}
2019-09-24 22:43:29,382 [IPC Server handler 3 on 43532] INFO  net.NetworkTopology (NetworkTopologyImpl.java:add(111)) - Added a new node: /default-rack/50c9ac3a-ba58-4412-b88f-9c17bcde39a8
2019-09-24 22:43:29,382 [IPC Server handler 3 on 43532] INFO  node.SCMNodeManager (SCMNodeManager.java:register(266)) - Registered Data node : 50c9ac3a-ba58-4412-b88f-9c17bcde39a8{ip: 192.168.151.66, host: pr-hdds-2162-v2v4x-1150571016, networkLocation: /default-rack, certSerialId: null}
2019-09-24 22:43:29,453 [IPC Server handler 4 on 43532] INFO  net.NetworkTopology (NetworkTopologyImpl.java:add(111)) - Added a new node: /default-rack/cec385b5-4726-4a13-96d2-2d6a2f49e9ea
2019-09-24 22:43:29,454 [IPC Server handler 4 on 43532] INFO  node.SCMNodeManager (SCMNodeManager.java:register(266)) - Registered Data node : cec385b5-4726-4a13-96d2-2d6a2f49e9ea{ip: 192.168.151.66, host: pr-hdds-2162-v2v4x-1150571016, networkLocation: /default-rack, certSerialId: null}
2019-09-24 22:43:29,528 [IPC Server handler 5 on 43532] INFO  net.NetworkTopology (NetworkTopologyImpl.java:add(111)) - Added a new node: /default-rack/70f4562f-d8ad-4306-8e38-e3256cd2d134
2019-09-24 22:43:29,528 [IPC Server handler 5 on 43532] INFO  node.SCMNodeManager (SCMNodeManager.java:register(266)) - Registered Data node : 70f4562f-d8ad-4306-8e38-e3256cd2d134{ip: 192.168.151.66, host: pr-hdds-2162-v2v4x-1150571016, networkLocation: /default-rack, certSerialId: null}
2019-09-24 22:43:29,609 [IPC Server handler 6 on 43532] INFO  net.NetworkTopology (NetworkTopologyImpl.java:add(111)) - Added a new node: /default-rack/cc0fada7-f07d-4fca-b5a3-1adb9c0f28a8
2019-09-24 22:43:29,609 [IPC Server handler 6 on 43532] INFO  node.SCMNodeManager (SCMNodeManager.java:register(266)) - Registered Data node : cc0fada7-f07d-4fca-b5a3-1adb9c0f28a8{ip: 192.168.151.66, host: pr-hdds-2162-v2v4x-1150571016, networkLocation: /default-rack, certSerialId: null}
2019-09-24 22:43:29,679 [main] INFO  ozone.MiniOzoneClusterImpl (MiniOzoneClusterImpl.java:lambda$waitForClusterToBeReady$0(147)) - Waiting for cluster to be ready. Got 6 of 7 DN Heartbeats.
2019-09-24 22:43:29,680 [IPC Server handler 7 on 43532] INFO  net.NetworkTopology (NetworkTopologyImpl.java:add(111)) - Added a new node: /default-rack/0eafc66a-b222-485a-84b4-d82d0185be4e
2019-09-24 22:43:29,681 [IPC Server handler 7 on 43532] INFO  node.SCMNodeManager (SCMNodeManager.java:register(266)) - Registered Data node : 0eafc66a-b222-485a-84b4-d82d0185be4e{ip: 192.168.151.66, host: pr-hdds-2162-v2v4x-1150571016, networkLocation: /default-rack, certSerialId: null}
2019-09-24 22:43:29,791 [grpc-default-executor-0] INFO  impl.RaftServerProxy (RaftServerProxy.java:addNew(89)) - 935414d4-2c23-4fcd-bc36-bb7e45710750: addNew group-E1BA53C399E5:[935414d4-2c23-4fcd-bc36-bb7e45710750:192.168.151.66:37475] returns group-E1BA53C399E5:java.util.concurrent.CompletableFuture@3854eee1[Not completed]
2019-09-24 22:43:29,815 [pool-27-thread-1] INFO  impl.RaftServerImpl (RaftServerImpl.java:<init>(95)) - 935414d4-2c23-4fcd-bc36-bb7e45710750: new RaftServerImpl for group-E1BA53C399E5:[935414d4-2c23-4fcd-bc36-bb7e45710750:192.168.151.66:37475] with ContainerStateMachine:uninitialized
2019-09-24 22:43:29,817 [pool-27-thread-1] INFO  server.RaftServerConfigKeys (ConfUtils.java:logGet(43)) - raft.server.rpc.timeout.min = 5s (custom)
2019-09-24 22:43:29,819 [pool-27-thread-1] INFO  server.RaftServerConfigKeys (ConfUtils.java:logGet(43)) - raft.server.rpc.timeout.max = 5200ms (custom)
2019-09-24 22:43:29,819 [pool-27-thread-1] INFO  server.RaftServerConfigKeys (ConfUtils.java:logGet(43)) - raft.server.rpcslowness.timeout = 120s (custom)
2019-09-24 22:43:29,820 [pool-27-thread-1] INFO  server.RaftServerConfigKeys (ConfUtils.java:logGet(43)) - raft.server.sleep.deviation.threshold = 300 (default)
2019-09-24 22:43:29,821 [pool-27-thread-1] INFO  server.RaftServerConfigKeys (ConfUtils.java:logGet(43)) - raft.server.log.appender.install.snapshot.enabled = false (custom)
2019-09-24 22:43:29,832 [pool-27-thread-1] INFO  impl.RaftServerImpl (ServerState.java:<init>(103)) - 935414d4-2c23-4fcd-bc36-bb7e45710750@group-E1BA53C399E5: ConfigurationManager, init=-1: [935414d4-2c23-4fcd-bc36-bb7e45710750:192.168.151.66:37475], old=null, confs=<EMPTY_MAP>
2019-09-24 22:43:29,832 [pool-27-thread-1] INFO  server.RaftServerConfigKeys (ConfUtils.java:logGet(43)) - raft.server.storage.dir = [/workdir/hadoop-ozone/integration-test/target/test-dir/MiniOzoneClusterImpl-d8bbf689-b3c7-4797-acf4-e99b3e7335dc/datanode-0/data/ratis] (custom)
2019-09-24 22:43:29,842 [pool-27-thread-1] INFO  storage.RaftStorageDirectory (RaftStorageDirectory.java:analyzeStorage(246)) - The storage directory /workdir/hadoop-ozone/integration-test/target/test-dir/MiniOzoneClusterImpl-d8bbf689-b3c7-4797-acf4-e99b3e7335dc/datanode-0/data/ratis/16cfc07e-0192-4bfa-aba8-e1ba53c399e5 does not exist. Creating ...
2019-09-24 22:43:29,872 [pool-27-thread-1] INFO  storage.RaftStorageDirectory (RaftStorageDirectory.java:tryLock(328)) - Lock on /workdir/hadoop-ozone/integration-test/target/test-dir/MiniOzoneClusterImpl-d8bbf689-b3c7-4797-acf4-e99b3e7335dc/datanode-0/data/ratis/16cfc07e-0192-4bfa-aba8-e1ba53c399e5/in_use.lock acquired by nodename 31728@pr-hdds-2162-v2v4x-1150571016
2019-09-24 22:43:29,888 [pool-27-thread-1] INFO  storage.RaftStorage (RaftStorage.java:format(72)) - Storage directory /workdir/hadoop-ozone/integration-test/target/test-dir/MiniOzoneClusterImpl-d8bbf689-b3c7-4797-acf4-e99b3e7335dc/datanode-0/data/ratis/16cfc07e-0192-4bfa-aba8-e1ba53c399e5 has been successfully formatted.
2019-09-24 22:43:29,890 [pool-27-thread-1] INFO  ratis.ContainerStateMachine (ContainerStateMachine.java:loadSnapshot(230)) - group-E1BA53C399E5: The snapshot info is null. Setting the last applied indexto:(t:0, i:~)
2019-09-24 22:43:29,890 [pool-27-thread-1] INFO  server.RaftServerConfigKeys (ConfUtils.java:logGet(43)) - raft.server.notification.no-leader.timeout = 120s (custom)
2019-09-24 22:43:29,893 [pool-27-thread-1] INFO  server.RaftServerConfigKeys (ConfUtils.java:logGet(43)) - raft.server.log.use.memory = false (default)
2019-09-24 22:43:29,900 [pool-27-thread-1] INFO  server.RaftServerConfigKeys (ConfUtils.java:logGet(43)) - raft.server.log.purge.gap = 1000000 (custom)
2019-09-24 22:43:29,900 [pool-27-thread-1] INFO  server.RaftServerConfigKeys (ConfUtils.java:logGet(43)) - raft.server.log.appender.buffer.byte-limit = 33554432 (custom)
2019-09-24 22:43:29,902 [pool-27-thread-1] INFO  server.RaftServerConfigKeys (ConfUtils.java:logGet(43)) - raft.server.log.segment.size.max = 1048576 (custom)
2019-09-24 22:43:29,908 [pool-27-thread-1] INFO  server.RaftServerConfigKeys (ConfUtils.java:logGet(43)) - raft.server.log.segment.cache.num.max = 2 (custom)
2019-09-24 22:43:29,914 [pool-27-thread-1] INFO  segmented.SegmentedRaftLogWorker (SegmentedRaftLogWorker.java:<init>(172)) - new 935414d4-2c23-4fcd-bc36-bb7e45710750@group-E1BA53C399E5-SegmentedRaftLogWorker for RaftStorage:Storage Directory /workdir/hadoop-ozone/integration-test/target/test-dir/MiniOzoneClusterImpl-d8bbf689-b3c7-4797-acf4-e99b3e7335dc/datanode-0/data/ratis/16cfc07e-0192-4bfa-aba8-e1ba53c399e5
2019-09-24 22:43:29,916 [pool-27-thread-1] INFO  impl.MetricsSystemImpl (MetricsSystemImpl.java:init(158)) - ratis metrics system started (again)
2019-09-24 22:43:29,923 [pool-27-thread-1] INFO  metrics.MetricRegistries (MetricRegistriesLoader.java:load(64)) - Loaded MetricRegistries class org.apache.ratis.metrics.impl.MetricRegistriesImpl
2019-09-24 22:43:29,953 [pool-27-thread-1] INFO  server.RaftServerConfigKeys (ConfUtils.java:logGet(43)) - raft.server.log.queue.byte-limit = 2147483647 (custom)
2019-09-24 22:43:29,954 [pool-27-thread-1] INFO  server.RaftServerConfigKeys (ConfUtils.java:logGet(43)) - raft.server.log.queue.element-limit = 1024 (custom)
2019-09-24 22:43:29,957 [pool-27-thread-1] INFO  server.RaftServerConfigKeys (ConfUtils.java:logGet(43)) - raft.server.log.segment.size.max = 1048576 (custom)
2019-09-24 22:43:29,957 [pool-27-thread-1] INFO  server.RaftServerConfigKeys (ConfUtils.java:logGet(43)) - raft.server.log.preallocated.size = 16384 (custom)
2019-09-24 22:43:29,958 [pool-27-thread-1] INFO  server.RaftServerConfigKeys (ConfUtils.java:logGet(43)) - raft.server.log.write.buffer.size = 33554432 (custom)
2019-09-24 22:43:29,958 [pool-27-thread-1] INFO  server.RaftServerConfigKeys (ConfUtils.java:logGet(43)) - raft.server.log.force.sync.num = 128 (default)
2019-09-24 22:43:29,959 [pool-27-thread-1] INFO  server.RaftServerConfigKeys (ConfUtils.java:logGet(43)) - raft.server.log.statemachine.data.sync = true (default)
2019-09-24 22:43:29,959 [pool-27-thread-1] INFO  server.RaftServerConfigKeys (ConfUtils.java:logGet(43)) - raft.server.log.statemachine.data.sync.timeout = 10s (default)
2019-09-24 22:43:29,960 [pool-27-thread-1] INFO  server.RaftServerConfigKeys (ConfUtils.java:logGet(43)) - raft.server.log.statemachine.data.sync.timeout.retry = -1 (default)
2019-09-24 22:43:29,968 [pool-27-thread-1] INFO  server.RaftServerConfigKeys (ConfUtils.java:logGet(43)) - raft.server.log.statemachine.data.caching.enabled = true (custom)
2019-09-24 22:43:29,972 [pool-27-thread-1] INFO  segmented.SegmentedRaftLogWorker (SegmentedRaftLogWorker.java:lambda$new$0(132)) - 935414d4-2c23-4fcd-bc36-bb7e45710750@group-E1BA53C399E5-SegmentedRaftLogWorker: flushIndex: setUnconditionally 0 -> -1
2019-09-24 22:43:29,976 [pool-27-thread-1] INFO  server.RaftServerConfigKeys (ConfUtils.java:logGet(43)) - raft.server.snapshot.auto.trigger.enabled = true (custom)
2019-09-24 22:43:29,977 [pool-27-thread-1] INFO  server.RaftServerConfigKeys (ConfUtils.java:logGet(43)) - raft.server.snapshot.auto.trigger.threshold = 10000 (custom)
2019-09-24 22:43:29,977 [pool-27-thread-1] INFO  server.RaftServerConfigKeys (ConfUtils.java:logGet(43)) - raft.server.snapshot.retention.num.files = 5 (custom)
2019-09-24 22:43:29,977 [pool-27-thread-1] INFO  server.RaftServerConfigKeys (ConfUtils.java:logGet(43)) - raft.server.retrycache.expirytime = 600000ms (custom)
2019-09-24 22:43:30,003 [pool-27-thread-1] INFO  impl.RaftServerImpl (RaftServerImpl.java:start(185)) - 935414d4-2c23-4fcd-bc36-bb7e45710750@group-E1BA53C399E5: start as a follower, conf=-1: [935414d4-2c23-4fcd-bc36-bb7e45710750:192.168.151.66:37475], old=null
2019-09-24 22:43:30,004 [pool-27-thread-1] INFO  impl.RaftServerImpl (RaftServerImpl.java:setRole(174)) - 935414d4-2c23-4fcd-bc36-bb7e45710750@group-E1BA53C399E5: changes role from      null to FOLLOWER at term 0 for startAsFollower
2019-09-24 22:43:30,005 [pool-27-thread-1] INFO  impl.RoleInfo (RoleInfo.java:updateAndGet(143)) - 935414d4-2c23-4fcd-bc36-bb7e45710750: start FollowerState
2019-09-24 22:43:30,007 [pool-27-thread-1] INFO  util.JmxRegister (JmxRegister.java:tryRegister(44)) - Successfully registered JMX Bean with object name Ratis:service=RaftServer,group=group-E1BA53C399E5,id=935414d4-2c23-4fcd-bc36-bb7e45710750
2019-09-24 22:43:30,077 [RatisPipelineUtilsThread] INFO  pipeline.PipelineStateManager (PipelineStateManager.java:addPipeline(56)) - Created pipeline Pipeline[ Id: 16cfc07e-0192-4bfa-aba8-e1ba53c399e5, Nodes: 935414d4-2c23-4fcd-bc36-bb7e45710750{ip: 192.168.151.66, host: pr-hdds-2162-v2v4x-1150571016, networkLocation: /default-rack, certSerialId: null}, Type:RATIS, Factor:ONE, State:OPEN]
2019-09-24 22:43:30,109 [grpc-default-executor-0] INFO  impl.RaftServerProxy (RaftServerProxy.java:addNew(89)) - cc0fada7-f07d-4fca-b5a3-1adb9c0f28a8: addNew group-BA08B1489A85:[cc0fada7-f07d-4fca-b5a3-1adb9c0f28a8:192.168.151.66:42999] returns group-BA08B1489A85:java.util.concurrent.CompletableFuture@51c9f021[Not completed]
2019-09-24 22:43:30,170 [pool-77-thread-1] INFO  impl.RaftServerImpl (RaftServerImpl.java:<init>(95)) - cc0fada7-f07d-4fca-b5a3-1adb9c0f28a8: new RaftServerImpl for group-BA08B1489A85:[cc0fada7-f07d-4fca-b5a3-1adb9c0f28a8:192.168.151.66:42999] with ContainerStateMachine:uninitialized
2019-09-24 22:43:30,171 [pool-77-thread-1] INFO  server.RaftServerConfigKeys (ConfUtils.java:logGet(43)) - raft.server.rpc.timeout.min = 5s (custom)
2019-09-24 22:43:30,172 [pool-77-thread-1] INFO  server.RaftServerConfigKeys (ConfUtils.java:logGet(43)) - raft.server.rpc.timeout.max = 5200ms (custom)
2019-09-24 22:43:30,172 [pool-77-thread-1] INFO  server.RaftServerConfigKeys (ConfUtils.java:logGet(43)) - raft.server.rpcslowness.timeout = 120s (custom)
2019-09-24 22:43:30,172 [pool-77-thread-1] INFO  server.RaftServerConfigKeys (ConfUtils.java:logGet(43)) - raft.server.sleep.deviation.threshold = 300 (default)
2019-09-24 22:43:30,172 [pool-77-thread-1] INFO  server.RaftServerConfigKeys (ConfUtils.java:logGet(43)) - raft.server.log.appender.install.snapshot.enabled = false (custom)
2019-09-24 22:43:30,172 [pool-77-thread-1] INFO  impl.RaftServerImpl (ServerState.java:<init>(103)) - cc0fada7-f07d-4fca-b5a3-1adb9c0f28a8@group-BA08B1489A85: ConfigurationManager, init=-1: [cc0fada7-f07d-4fca-b5a3-1adb9c0f28a8:192.168.151.66:42999], old=null, confs=<EMPTY_MAP>
2019-09-24 22:43:30,172 [pool-77-thread-1] INFO  server.RaftServerConfigKeys (ConfUtils.java:logGet(43)) - raft.server.storage.dir = [/workdir/hadoop-ozone/integration-test/target/test-dir/MiniOzoneClusterImpl-d8bbf689-b3c7-4797-acf4-e99b3e7335dc/datanode-5/data/ratis] (custom)
2019-09-24 22:43:30,173 [pool-77-thread-1] INFO  storage.RaftStorageDirectory (RaftStorageDirectory.java:analyzeStorage(246)) - The storage directory /workdir/hadoop-ozone/integration-test/target/test-dir/MiniOzoneClusterImpl-d8bbf689-b3c7-4797-acf4-e99b3e7335dc/datanode-5/data/ratis/573486cf-839d-465d-afa4-ba08b1489a85 does not exist. Creating ...
2019-09-24 22:43:30,187 [pool-77-thread-1] INFO  storage.RaftStorageDirectory (RaftStorageDirectory.java:tryLock(328)) - Lock on /workdir/hadoop-ozone/integration-test/target/test-dir/MiniOzoneClusterImpl-d8bbf689-b3c7-4797-acf4-e99b3e7335dc/datanode-5/data/ratis/573486cf-839d-465d-afa4-ba08b1489a85/in_use.lock acquired by nodename 31728@pr-hdds-2162-v2v4x-1150571016
2019-09-24 22:43:30,200 [pool-77-thread-1] INFO  storage.RaftStorage (RaftStorage.java:format(72)) - Storage directory /workdir/hadoop-ozone/integration-test/target/test-dir/MiniOzoneClusterImpl-d8bbf689-b3c7-4797-acf4-e99b3e7335dc/datanode-5/data/ratis/573486cf-839d-465d-afa4-ba08b1489a85 has been successfully formatted.
2019-09-24 22:43:30,202 [pool-77-thread-1] INFO  ratis.ContainerStateMachine (ContainerStateMachine.java:loadSnapshot(230)) - group-BA08B1489A85: The snapshot info is null. Setting the last applied indexto:(t:0, i:~)
2019-09-24 22:43:30,203 [pool-77-thread-1] INFO  server.RaftServerConfigKeys (ConfUtils.java:logGet(43)) - raft.server.notification.no-leader.timeout = 120s (custom)
2019-09-24 22:43:30,204 [pool-77-thread-1] INFO  server.RaftServerConfigKeys (ConfUtils.java:logGet(43)) - raft.server.log.use.memory = false (default)
2019-09-24 22:43:30,204 [pool-77-thread-1] INFO  server.RaftServerConfigKeys (ConfUtils.java:logGet(43)) - raft.server.log.purge.gap = 1000000 (custom)
2019-09-24 22:43:30,204 [pool-77-thread-1] INFO  server.RaftServerConfigKeys (ConfUtils.java:logGet(43)) - raft.server.log.appender.buffer.byte-limit = 33554432 (custom)
2019-09-24 22:43:30,204 [pool-77-thread-1] INFO  server.RaftServerConfigKeys (ConfUtils.java:logGet(43)) - raft.server.log.segment.size.max = 1048576 (custom)
2019-09-24 22:43:30,204 [pool-77-thread-1] INFO  server.RaftServerConfigKeys (ConfUtils.java:logGet(43)) - raft.server.log.segment.cache.num.max = 2 (custom)
2019-09-24 22:43:30,204 [pool-77-thread-1] INFO  segmented.SegmentedRaftLogWorker (SegmentedRaftLogWorker.java:<init>(172)) - new cc0fada7-f07d-4fca-b5a3-1adb9c0f28a8@group-BA08B1489A85-SegmentedRaftLogWorker for RaftStorage:Storage Directory /workdir/hadoop-ozone/integration-test/target/test-dir/MiniOzoneClusterImpl-d8bbf689-b3c7-4797-acf4-e99b3e7335dc/datanode-5/data/ratis/573486cf-839d-465d-afa4-ba08b1489a85
2019-09-24 22:43:30,211 [pool-77-thread-1] INFO  server.RaftServerConfigKeys (ConfUtils.java:logGet(43)) - raft.server.log.queue.byte-limit = 2147483647 (custom)
2019-09-24 22:43:30,211 [pool-77-thread-1] INFO  server.RaftServerConfigKeys (ConfUtils.java:logGet(43)) - raft.server.log.queue.element-limit = 1024 (custom)
2019-09-24 22:43:30,212 [pool-77-thread-1] INFO  server.RaftServerConfigKeys (ConfUtils.java:logGet(43)) - raft.server.log.segment.size.max = 1048576 (custom)
2019-09-24 22:43:30,212 [pool-77-thread-1] INFO  server.RaftServerConfigKeys (ConfUtils.java:logGet(43)) - raft.server.log.preallocated.size = 16384 (custom)
2019-09-24 22:43:30,212 [pool-77-thread-1] INFO  server.RaftServerConfigKeys (ConfUtils.java:logGet(43)) - raft.server.log.write.buffer.size = 33554432 (custom)
2019-09-24 22:43:30,212 [pool-77-thread-1] INFO  server.RaftServerConfigKeys (ConfUtils.java:logGet(43)) - raft.server.log.force.sync.num = 128 (default)
2019-09-24 22:43:30,212 [pool-77-thread-1] INFO  server.RaftServerConfigKeys (ConfUtils.java:logGet(43)) - raft.server.log.statemachine.data.sync = true (default)
2019-09-24 22:43:30,212 [pool-77-thread-1] INFO  server.RaftServerConfigKeys (ConfUtils.java:logGet(43)) - raft.server.log.statemachine.data.sync.timeout = 10s (default)
2019-09-24 22:43:30,212 [pool-77-thread-1] INFO  server.RaftServerConfigKeys (ConfUtils.java:logGet(43)) - raft.server.log.statemachine.data.sync.timeout.retry = -1 (default)
2019-09-24 22:43:30,213 [pool-77-thread-1] INFO  server.RaftServerConfigKeys (ConfUtils.java:logGet(43)) - raft.server.log.statemachine.data.caching.enabled = true (custom)
2019-09-24 22:43:30,213 [pool-77-thread-1] INFO  segmented.SegmentedRaftLogWorker (SegmentedRaftLogWorker.java:lambda$new$0(132)) - cc0fada7-f07d-4fca-b5a3-1adb9c0f28a8@group-BA08B1489A85-SegmentedRaftLogWorker: flushIndex: setUnconditionally 0 -> -1
2019-09-24 22:43:30,213 [pool-77-thread-1] INFO  server.RaftServerConfigKeys (ConfUtils.java:logGet(43)) - raft.server.snapshot.auto.trigger.enabled = true (custom)
2019-09-24 22:43:30,214 [pool-77-thread-1] INFO  server.RaftServerConfigKeys (ConfUtils.java:logGet(43)) - raft.server.snapshot.auto.trigger.threshold = 10000 (custom)
2019-09-24 22:43:30,214 [pool-77-thread-1] INFO  server.RaftServerConfigKeys (ConfUtils.java:logGet(43)) - raft.server.snapshot.retention.num.files = 5 (custom)
2019-09-24 22:43:30,214 [pool-77-thread-1] INFO  server.RaftServerConfigKeys (ConfUtils.java:logGet(43)) - raft.server.retrycache.expirytime = 600000ms (custom)
2019-09-24 22:43:30,219 [pool-77-thread-1] INFO  impl.RaftServerImpl (RaftServerImpl.java:start(185)) - cc0fada7-f07d-4fca-b5a3-1adb9c0f28a8@group-BA08B1489A85: start as a follower, conf=-1: [cc0fada7-f07d-4fca-b5a3-1adb9c0f28a8:192.168.151.66:42999], old=null
2019-09-24 22:43:30,219 [pool-77-thread-1] INFO  impl.RaftServerImpl (RaftServerImpl.java:setRole(174)) - cc0fada7-f07d-4fca-b5a3-1adb9c0f28a8@group-BA08B1489A85: changes role from      null to FOLLOWER at term 0 for startAsFollower
2019-09-24 22:43:30,220 [pool-77-thread-1] INFO  impl.RoleInfo (RoleInfo.java:updateAndGet(143)) - cc0fada7-f07d-4fca-b5a3-1adb9c0f28a8: start FollowerState
2019-09-24 22:43:30,222 [pool-77-thread-1] INFO  util.JmxRegister (JmxRegister.java:tryRegister(44)) - Successfully registered JMX Bean with object name Ratis:service=RaftServer,group=group-BA08B1489A85,id=cc0fada7-f07d-4fca-b5a3-1adb9c0f28a8
2019-09-24 22:43:30,238 [RatisPipelineUtilsThread] INFO  pipeline.PipelineStateManager (PipelineStateManager.java:addPipeline(56)) - Created pipeline Pipeline[ Id: 573486cf-839d-465d-afa4-ba08b1489a85, Nodes: cc0fada7-f07d-4fca-b5a3-1adb9c0f28a8{ip: 192.168.151.66, host: pr-hdds-2162-v2v4x-1150571016, networkLocation: /default-rack, certSerialId: null}, Type:RATIS, Factor:ONE, State:OPEN]
2019-09-24 22:43:30,264 [grpc-default-executor-0] INFO  impl.RaftServerProxy (RaftServerProxy.java:addNew(89)) - 50c9ac3a-ba58-4412-b88f-9c17bcde39a8: addNew group-24585338C559:[50c9ac3a-ba58-4412-b88f-9c17bcde39a8:192.168.151.66:39329] returns group-24585338C559:java.util.concurrent.CompletableFuture@676bbec9[Not completed]
2019-09-24 22:43:30,293 [pool-47-thread-1] INFO  impl.RaftServerImpl (RaftServerImpl.java:<init>(95)) - 50c9ac3a-ba58-4412-b88f-9c17bcde39a8: new RaftServerImpl for group-24585338C559:[50c9ac3a-ba58-4412-b88f-9c17bcde39a8:192.168.151.66:39329] with ContainerStateMachine:uninitialized
2019-09-24 22:43:30,294 [pool-47-thread-1] INFO  server.RaftServerConfigKeys (ConfUtils.java:logGet(43)) - raft.server.rpc.timeout.min = 5s (custom)
2019-09-24 22:43:30,294 [pool-47-thread-1] INFO  server.RaftServerConfigKeys (ConfUtils.java:logGet(43)) - raft.server.rpc.timeout.max = 5200ms (custom)
2019-09-24 22:43:30,294 [pool-47-thread-1] INFO  server.RaftServerConfigKeys (ConfUtils.java:logGet(43)) - raft.server.rpcslowness.timeout = 120s (custom)
2019-09-24 22:43:30,294 [pool-47-thread-1] INFO  server.RaftServerConfigKeys (ConfUtils.java:logGet(43)) - raft.server.sleep.deviation.threshold = 300 (default)
2019-09-24 22:43:30,294 [pool-47-thread-1] INFO  server.RaftServerConfigKeys (ConfUtils.java:logGet(43)) - raft.server.log.appender.install.snapshot.enabled = false (custom)
2019-09-24 22:43:30,294 [pool-47-thread-1] INFO  impl.RaftServerImpl (ServerState.java:<init>(103)) - 50c9ac3a-ba58-4412-b88f-9c17bcde39a8@group-24585338C559: ConfigurationManager, init=-1: [50c9ac3a-ba58-4412-b88f-9c17bcde39a8:192.168.151.66:39329], old=null, confs=<EMPTY_MAP>
2019-09-24 22:43:30,294 [pool-47-thread-1] INFO  server.RaftServerConfigKeys (ConfUtils.java:logGet(43)) - raft.server.storage.dir = [/workdir/hadoop-ozone/integration-test/target/test-dir/MiniOzoneClusterImpl-d8bbf689-b3c7-4797-acf4-e99b3e7335dc/datanode-2/data/ratis] (custom)
2019-09-24 22:43:30,295 [pool-47-thread-1] INFO  storage.RaftStorageDirectory (RaftStorageDirectory.java:analyzeStorage(246)) - The storage directory /workdir/hadoop-ozone/integration-test/target/test-dir/MiniOzoneClusterImpl-d8bbf689-b3c7-4797-acf4-e99b3e7335dc/datanode-2/data/ratis/41b1fdaf-2a0f-4698-b57f-24585338c559 does not exist. Creating ...
2019-09-24 22:43:30,318 [pool-47-thread-1] INFO  storage.RaftStorageDirectory (RaftStorageDirectory.java:tryLock(328)) - Lock on /workdir/hadoop-ozone/integration-test/target/test-dir/MiniOzoneClusterImpl-d8bbf689-b3c7-4797-acf4-e99b3e7335dc/datanode-2/data/ratis/41b1fdaf-2a0f-4698-b57f-24585338c559/in_use.lock acquired by nodename 31728@pr-hdds-2162-v2v4x-1150571016
2019-09-24 22:43:30,341 [pool-47-thread-1] INFO  storage.RaftStorage (RaftStorage.java:format(72)) - Storage directory /workdir/hadoop-ozone/integration-test/target/test-dir/MiniOzoneClusterImpl-d8bbf689-b3c7-4797-acf4-e99b3e7335dc/datanode-2/data/ratis/41b1fdaf-2a0f-4698-b57f-24585338c559 has been successfully formatted.
2019-09-24 22:43:30,341 [pool-47-thread-1] INFO  ratis.ContainerStateMachine (ContainerStateMachine.java:loadSnapshot(230)) - group-24585338C559: The snapshot info is null. Setting the last applied indexto:(t:0, i:~)
2019-09-24 22:43:30,341 [pool-47-thread-1] INFO  server.RaftServerConfigKeys (ConfUtils.java:logGet(43)) - raft.server.notification.no-leader.timeout = 120s (custom)
2019-09-24 22:43:30,341 [pool-47-thread-1] INFO  server.RaftServerConfigKeys (ConfUtils.java:logGet(43)) - raft.server.log.use.memory = false (default)
2019-09-24 22:43:30,341 [pool-47-thread-1] INFO  server.RaftServerConfigKeys (ConfUtils.java:logGet(43)) - raft.server.log.purge.gap = 1000000 (custom)
2019-09-24 22:43:30,341 [pool-47-thread-1] INFO  server.RaftServerConfigKeys (ConfUtils.java:logGet(43)) - raft.server.log.appender.buffer.byte-limit = 33554432 (custom)
2019-09-24 22:43:30,342 [pool-47-thread-1] INFO  server.RaftServerConfigKeys (ConfUtils.java:logGet(43)) - raft.server.log.segment.size.max = 1048576 (custom)
2019-09-24 22:43:30,342 [pool-47-thread-1] INFO  server.RaftServerConfigKeys (ConfUtils.java:logGet(43)) - raft.server.log.segment.cache.num.max = 2 (custom)
2019-09-24 22:43:30,342 [pool-47-thread-1] INFO  segmented.SegmentedRaftLogWorker (SegmentedRaftLogWorker.java:<init>(172)) - new 50c9ac3a-ba58-4412-b88f-9c17bcde39a8@group-24585338C559-SegmentedRaftLogWorker for RaftStorage:Storage Directory /workdir/hadoop-ozone/integration-test/target/test-dir/MiniOzoneClusterImpl-d8bbf689-b3c7-4797-acf4-e99b3e7335dc/datanode-2/data/ratis/41b1fdaf-2a0f-4698-b57f-24585338c559
2019-09-24 22:43:30,385 [pool-47-thread-1] INFO  server.RaftServerConfigKeys (ConfUtils.java:logGet(43)) - raft.server.log.queue.byte-limit = 2147483647 (custom)
2019-09-24 22:43:30,386 [pool-47-thread-1] INFO  server.RaftServerConfigKeys (ConfUtils.java:logGet(43)) - raft.server.log.queue.element-limit = 1024 (custom)
2019-09-24 22:43:30,386 [pool-47-thread-1] INFO  server.RaftServerConfigKeys (ConfUtils.java:logGet(43)) - raft.server.log.segment.size.max = 1048576 (custom)
2019-09-24 22:43:30,386 [pool-47-thread-1] INFO  server.RaftServerConfigKeys (ConfUtils.java:logGet(43)) - raft.server.log.preallocated.size = 16384 (custom)
2019-09-24 22:43:30,386 [pool-47-thread-1] INFO  server.RaftServerConfigKeys (ConfUtils.java:logGet(43)) - raft.server.log.write.buffer.size = 33554432 (custom)
2019-09-24 22:43:30,387 [pool-47-thread-1] INFO  server.RaftServerConfigKeys (ConfUtils.java:logGet(43)) - raft.server.log.force.sync.num = 128 (default)
2019-09-24 22:43:30,387 [pool-47-thread-1] INFO  server.RaftServerConfigKeys (ConfUtils.java:logGet(43)) - raft.server.log.statemachine.data.sync = true (default)
2019-09-24 22:43:30,387 [pool-47-thread-1] INFO  server.RaftServerConfigKeys (ConfUtils.java:logGet(43)) - raft.server.log.statemachine.data.sync.timeout = 10s (default)
2019-09-24 22:43:30,387 [pool-47-thread-1] INFO  server.RaftServerConfigKeys (ConfUtils.java:logGet(43)) - raft.server.log.statemachine.data.sync.timeout.retry = -1 (default)
2019-09-24 22:43:30,388 [pool-47-thread-1] INFO  server.RaftServerConfigKeys (ConfUtils.java:logGet(43)) - raft.server.log.statemachine.data.caching.enabled = true (custom)
2019-09-24 22:43:30,388 [pool-47-thread-1] INFO  segmented.SegmentedRaftLogWorker (SegmentedRaftLogWorker.java:lambda$new$0(132)) - 50c9ac3a-ba58-4412-b88f-9c17bcde39a8@group-24585338C559-SegmentedRaftLogWorker: flushIndex: setUnconditionally 0 -> -1
2019-09-24 22:43:30,388 [pool-47-thread-1] INFO  server.RaftServerConfigKeys (ConfUtils.java:logGet(43)) - raft.server.snapshot.auto.trigger.enabled = true (custom)
2019-09-24 22:43:30,389 [pool-47-thread-1] INFO  server.RaftServerConfigKeys (ConfUtils.java:logGet(43)) - raft.server.snapshot.auto.trigger.threshold = 10000 (custom)
2019-09-24 22:43:30,389 [pool-47-thread-1] INFO  server.RaftServerConfigKeys (ConfUtils.java:logGet(43)) - raft.server.snapshot.retention.num.files = 5 (custom)
2019-09-24 22:43:30,389 [pool-47-thread-1] INFO  server.RaftServerConfigKeys (ConfUtils.java:logGet(43)) - raft.server.retrycache.expirytime = 600000ms (custom)
2019-09-24 22:43:30,394 [pool-47-thread-1] INFO  impl.RaftServerImpl (RaftServerImpl.java:start(185)) - 50c9ac3a-ba58-4412-b88f-9c17bcde39a8@group-24585338C559: start as a follower, conf=-1: [50c9ac3a-ba58-4412-b88f-9c17bcde39a8:192.168.151.66:39329], old=null
2019-09-24 22:43:30,394 [pool-47-thread-1] INFO  impl.RaftServerImpl (RaftServerImpl.java:setRole(174)) - 50c9ac3a-ba58-4412-b88f-9c17bcde39a8@group-24585338C559: changes role from      null to FOLLOWER at term 0 for startAsFollower
2019-09-24 22:43:30,395 [pool-47-thread-1] INFO  impl.RoleInfo (RoleInfo.java:updateAndGet(143)) - 50c9ac3a-ba58-4412-b88f-9c17bcde39a8: start FollowerState
2019-09-24 22:43:30,395 [pool-47-thread-1] INFO  util.JmxRegister (JmxRegister.java:tryRegister(44)) - Successfully registered JMX Bean with object name Ratis:service=RaftServer,group=group-24585338C559,id=50c9ac3a-ba58-4412-b88f-9c17bcde39a8
2019-09-24 22:43:30,408 [RatisPipelineUtilsThread] INFO  pipeline.PipelineStateManager (PipelineStateManager.java:addPipeline(56)) - Created pipeline Pipeline[ Id: 41b1fdaf-2a0f-4698-b57f-24585338c559, Nodes: 50c9ac3a-ba58-4412-b88f-9c17bcde39a8{ip: 192.168.151.66, host: pr-hdds-2162-v2v4x-1150571016, networkLocation: /default-rack, certSerialId: null}, Type:RATIS, Factor:ONE, State:OPEN]
2019-09-24 22:43:30,430 [grpc-default-executor-0] INFO  impl.RaftServerProxy (RaftServerProxy.java:addNew(89)) - cec385b5-4726-4a13-96d2-2d6a2f49e9ea: addNew group-E365B5396C51:[cec385b5-4726-4a13-96d2-2d6a2f49e9ea:192.168.151.66:34702] returns group-E365B5396C51:java.util.concurrent.CompletableFuture@112d9b0f[Not completed]
2019-09-24 22:43:30,435 [pool-57-thread-1] INFO  impl.RaftServerImpl (RaftServerImpl.java:<init>(95)) - cec385b5-4726-4a13-96d2-2d6a2f49e9ea: new RaftServerImpl for group-E365B5396C51:[cec385b5-4726-4a13-96d2-2d6a2f49e9ea:192.168.151.66:34702] with ContainerStateMachine:uninitialized
2019-09-24 22:43:30,436 [pool-57-thread-1] INFO  server.RaftServerConfigKeys (ConfUtils.java:logGet(43)) - raft.server.rpc.timeout.min = 5s (custom)
2019-09-24 22:43:30,436 [pool-57-thread-1] INFO  server.RaftServerConfigKeys (ConfUtils.java:logGet(43)) - raft.server.rpc.timeout.max = 5200ms (custom)
2019-09-24 22:43:30,436 [pool-57-thread-1] INFO  server.RaftServerConfigKeys (ConfUtils.java:logGet(43)) - raft.server.rpcslowness.timeout = 120s (custom)
2019-09-24 22:43:30,438 [pool-57-thread-1] INFO  server.RaftServerConfigKeys (ConfUtils.java:logGet(43)) - raft.server.sleep.deviation.threshold = 300 (default)
2019-09-24 22:43:30,438 [pool-57-thread-1] INFO  server.RaftServerConfigKeys (ConfUtils.java:logGet(43)) - raft.server.log.appender.install.snapshot.enabled = false (custom)
2019-09-24 22:43:30,438 [pool-57-thread-1] INFO  impl.RaftServerImpl (ServerState.java:<init>(103)) - cec385b5-4726-4a13-96d2-2d6a2f49e9ea@group-E365B5396C51: ConfigurationManager, init=-1: [cec385b5-4726-4a13-96d2-2d6a2f49e9ea:192.168.151.66:34702], old=null, confs=<EMPTY_MAP>
2019-09-24 22:43:30,438 [pool-57-thread-1] INFO  server.RaftServerConfigKeys (ConfUtils.java:logGet(43)) - raft.server.storage.dir = [/workdir/hadoop-ozone/integration-test/target/test-dir/MiniOzoneClusterImpl-d8bbf689-b3c7-4797-acf4-e99b3e7335dc/datanode-3/data/ratis] (custom)
2019-09-24 22:43:30,439 [pool-57-thread-1] INFO  storage.RaftStorageDirectory (RaftStorageDirectory.java:analyzeStorage(246)) - The storage directory /workdir/hadoop-ozone/integration-test/target/test-dir/MiniOzoneClusterImpl-d8bbf689-b3c7-4797-acf4-e99b3e7335dc/datanode-3/data/ratis/be9d7e4c-64aa-43da-a4be-e365b5396c51 does not exist. Creating ...
2019-09-24 22:43:30,462 [pool-57-thread-1] INFO  storage.RaftStorageDirectory (RaftStorageDirectory.java:tryLock(328)) - Lock on /workdir/hadoop-ozone/integration-test/target/test-dir/MiniOzoneClusterImpl-d8bbf689-b3c7-4797-acf4-e99b3e7335dc/datanode-3/data/ratis/be9d7e4c-64aa-43da-a4be-e365b5396c51/in_use.lock acquired by nodename 31728@pr-hdds-2162-v2v4x-1150571016
2019-09-24 22:43:30,498 [pool-57-thread-1] INFO  storage.RaftStorage (RaftStorage.java:format(72)) - Storage directory /workdir/hadoop-ozone/integration-test/target/test-dir/MiniOzoneClusterImpl-d8bbf689-b3c7-4797-acf4-e99b3e7335dc/datanode-3/data/ratis/be9d7e4c-64aa-43da-a4be-e365b5396c51 has been successfully formatted.
2019-09-24 22:43:30,501 [pool-57-thread-1] INFO  ratis.ContainerStateMachine (ContainerStateMachine.java:loadSnapshot(230)) - group-E365B5396C51: The snapshot info is null. Setting the last applied indexto:(t:0, i:~)
2019-09-24 22:43:30,501 [pool-57-thread-1] INFO  server.RaftServerConfigKeys (ConfUtils.java:logGet(43)) - raft.server.notification.no-leader.timeout = 120s (custom)
2019-09-24 22:43:30,501 [pool-57-thread-1] INFO  server.RaftServerConfigKeys (ConfUtils.java:logGet(43)) - raft.server.log.use.memory = false (default)
2019-09-24 22:43:30,501 [pool-57-thread-1] INFO  server.RaftServerConfigKeys (ConfUtils.java:logGet(43)) - raft.server.log.purge.gap = 1000000 (custom)
2019-09-24 22:43:30,501 [pool-57-thread-1] INFO  server.RaftServerConfigKeys (ConfUtils.java:logGet(43)) - raft.server.log.appender.buffer.byte-limit = 33554432 (custom)
2019-09-24 22:43:30,502 [pool-57-thread-1] INFO  server.RaftServerConfigKeys (ConfUtils.java:logGet(43)) - raft.server.log.segment.size.max = 1048576 (custom)
2019-09-24 22:43:30,502 [pool-57-thread-1] INFO  server.RaftServerConfigKeys (ConfUtils.java:logGet(43)) - raft.server.log.segment.cache.num.max = 2 (custom)
2019-09-24 22:43:30,502 [pool-57-thread-1] INFO  segmented.SegmentedRaftLogWorker (SegmentedRaftLogWorker.java:<init>(172)) - new cec385b5-4726-4a13-96d2-2d6a2f49e9ea@group-E365B5396C51-SegmentedRaftLogWorker for RaftStorage:Storage Directory /workdir/hadoop-ozone/integration-test/target/test-dir/MiniOzoneClusterImpl-d8bbf689-b3c7-4797-acf4-e99b3e7335dc/datanode-3/data/ratis/be9d7e4c-64aa-43da-a4be-e365b5396c51
2019-09-24 22:43:30,508 [pool-57-thread-1] INFO  server.RaftServerConfigKeys (ConfUtils.java:logGet(43)) - raft.server.log.queue.byte-limit = 2147483647 (custom)
2019-09-24 22:43:30,508 [pool-57-thread-1] INFO  server.RaftServerConfigKeys (ConfUtils.java:logGet(43)) - raft.server.log.queue.element-limit = 1024 (custom)
2019-09-24 22:43:30,509 [pool-57-thread-1] INFO  server.RaftServerConfigKeys (ConfUtils.java:logGet(43)) - raft.server.log.segment.size.max = 1048576 (custom)
2019-09-24 22:43:30,509 [pool-57-thread-1] INFO  server.RaftServerConfigKeys (ConfUtils.java:logGet(43)) - raft.server.log.preallocated.size = 16384 (custom)
2019-09-24 22:43:30,509 [pool-57-thread-1] INFO  server.RaftServerConfigKeys (ConfUtils.java:logGet(43)) - raft.server.log.write.buffer.size = 33554432 (custom)
2019-09-24 22:43:30,509 [pool-57-thread-1] INFO  server.RaftServerConfigKeys (ConfUtils.java:logGet(43)) - raft.server.log.force.sync.num = 128 (default)
2019-09-24 22:43:30,509 [pool-57-thread-1] INFO  server.RaftServerConfigKeys (ConfUtils.java:logGet(43)) - raft.server.log.statemachine.data.sync = true (default)
2019-09-24 22:43:30,510 [pool-57-thread-1] INFO  server.RaftServerConfigKeys (ConfUtils.java:logGet(43)) - raft.server.log.statemachine.data.sync.timeout = 10s (default)
2019-09-24 22:43:30,510 [pool-57-thread-1] INFO  server.RaftServerConfigKeys (ConfUtils.java:logGet(43)) - raft.server.log.statemachine.data.sync.timeout.retry = -1 (default)
2019-09-24 22:43:30,510 [pool-57-thread-1] INFO  server.RaftServerConfigKeys (ConfUtils.java:logGet(43)) - raft.server.log.statemachine.data.caching.enabled = true (custom)
2019-09-24 22:43:30,510 [pool-57-thread-1] INFO  segmented.SegmentedRaftLogWorker (SegmentedRaftLogWorker.java:lambda$new$0(132)) - cec385b5-4726-4a13-96d2-2d6a2f49e9ea@group-E365B5396C51-SegmentedRaftLogWorker: flushIndex: setUnconditionally 0 -> -1
2019-09-24 22:43:30,511 [pool-57-thread-1] INFO  server.RaftServerConfigKeys (ConfUtils.java:logGet(43)) - raft.server.snapshot.auto.trigger.enabled = true (custom)
2019-09-24 22:43:30,511 [pool-57-thread-1] INFO  server.RaftServerConfigKeys (ConfUtils.java:logGet(43)) - raft.server.snapshot.auto.trigger.threshold = 10000 (custom)
2019-09-24 22:43:30,511 [pool-57-thread-1] INFO  server.RaftServerConfigKeys (ConfUtils.java:logGet(43)) - raft.server.snapshot.retention.num.files = 5 (custom)
2019-09-24 22:43:30,511 [pool-57-thread-1] INFO  server.RaftServerConfigKeys (ConfUtils.java:logGet(43)) - raft.server.retrycache.expirytime = 600000ms (custom)
2019-09-24 22:43:30,517 [pool-57-thread-1] INFO  impl.RaftServerImpl (RaftServerImpl.java:start(185)) - cec385b5-4726-4a13-96d2-2d6a2f49e9ea@group-E365B5396C51: start as a follower, conf=-1: [cec385b5-4726-4a13-96d2-2d6a2f49e9ea:192.168.151.66:34702], old=null
2019-09-24 22:43:30,517 [pool-57-thread-1] INFO  impl.RaftServerImpl (RaftServerImpl.java:setRole(174)) - cec385b5-4726-4a13-96d2-2d6a2f49e9ea@group-E365B5396C51: changes role from      null to FOLLOWER at term 0 for startAsFollower
2019-09-24 22:43:30,517 [pool-57-thread-1] INFO  impl.RoleInfo (RoleInfo.java:updateAndGet(143)) - cec385b5-4726-4a13-96d2-2d6a2f49e9ea: start FollowerState
2019-09-24 22:43:30,518 [pool-57-thread-1] INFO  util.JmxRegister (JmxRegister.java:tryRegister(44)) - Successfully registered JMX Bean with object name Ratis:service=RaftServer,group=group-E365B5396C51,id=cec385b5-4726-4a13-96d2-2d6a2f49e9ea
2019-09-24 22:43:30,537 [RatisPipelineUtilsThread] INFO  pipeline.PipelineStateManager (PipelineStateManager.java:addPipeline(56)) - Created pipeline Pipeline[ Id: be9d7e4c-64aa-43da-a4be-e365b5396c51, Nodes: cec385b5-4726-4a13-96d2-2d6a2f49e9ea{ip: 192.168.151.66, host: pr-hdds-2162-v2v4x-1150571016, networkLocation: /default-rack, certSerialId: null}, Type:RATIS, Factor:ONE, State:OPEN]
2019-09-24 22:43:30,572 [grpc-default-executor-1] INFO  impl.RaftServerProxy (RaftServerProxy.java:addNew(89)) - 70f4562f-d8ad-4306-8e38-e3256cd2d134: addNew group-754702E72BDA:[70f4562f-d8ad-4306-8e38-e3256cd2d134:192.168.151.66:46029] returns group-754702E72BDA:java.util.concurrent.CompletableFuture@1ffdd112[Not completed]
2019-09-24 22:43:30,577 [pool-67-thread-1] INFO  impl.RaftServerImpl (RaftServerImpl.java:<init>(95)) - 70f4562f-d8ad-4306-8e38-e3256cd2d134: new RaftServerImpl for group-754702E72BDA:[70f4562f-d8ad-4306-8e38-e3256cd2d134:192.168.151.66:46029] with ContainerStateMachine:uninitialized
2019-09-24 22:43:30,577 [pool-67-thread-1] INFO  server.RaftServerConfigKeys (ConfUtils.java:logGet(43)) - raft.server.rpc.timeout.min = 5s (custom)
2019-09-24 22:43:30,577 [pool-67-thread-1] INFO  server.RaftServerConfigKeys (ConfUtils.java:logGet(43)) - raft.server.rpc.timeout.max = 5200ms (custom)
2019-09-24 22:43:30,577 [pool-67-thread-1] INFO  server.RaftServerConfigKeys (ConfUtils.java:logGet(43)) - raft.server.rpcslowness.timeout = 120s (custom)
2019-09-24 22:43:30,577 [pool-67-thread-1] INFO  server.RaftServerConfigKeys (ConfUtils.java:logGet(43)) - raft.server.sleep.deviation.threshold = 300 (default)
2019-09-24 22:43:30,578 [pool-67-thread-1] INFO  server.RaftServerConfigKeys (ConfUtils.java:logGet(43)) - raft.server.log.appender.install.snapshot.enabled = false (custom)
2019-09-24 22:43:30,578 [pool-67-thread-1] INFO  impl.RaftServerImpl (ServerState.java:<init>(103)) - 70f4562f-d8ad-4306-8e38-e3256cd2d134@group-754702E72BDA: ConfigurationManager, init=-1: [70f4562f-d8ad-4306-8e38-e3256cd2d134:192.168.151.66:46029], old=null, confs=<EMPTY_MAP>
2019-09-24 22:43:30,578 [pool-67-thread-1] INFO  server.RaftServerConfigKeys (ConfUtils.java:logGet(43)) - raft.server.storage.dir = [/workdir/hadoop-ozone/integration-test/target/test-dir/MiniOzoneClusterImpl-d8bbf689-b3c7-4797-acf4-e99b3e7335dc/datanode-4/data/ratis] (custom)
2019-09-24 22:43:30,579 [pool-67-thread-1] INFO  storage.RaftStorageDirectory (RaftStorageDirectory.java:analyzeStorage(246)) - The storage directory /workdir/hadoop-ozone/integration-test/target/test-dir/MiniOzoneClusterImpl-d8bbf689-b3c7-4797-acf4-e99b3e7335dc/datanode-4/data/ratis/bc0a9606-5581-49d0-8c9d-754702e72bda does not exist. Creating ...
2019-09-24 22:43:30,592 [pool-67-thread-1] INFO  storage.RaftStorageDirectory (RaftStorageDirectory.java:tryLock(328)) - Lock on /workdir/hadoop-ozone/integration-test/target/test-dir/MiniOzoneClusterImpl-d8bbf689-b3c7-4797-acf4-e99b3e7335dc/datanode-4/data/ratis/bc0a9606-5581-49d0-8c9d-754702e72bda/in_use.lock acquired by nodename 31728@pr-hdds-2162-v2v4x-1150571016
2019-09-24 22:43:30,604 [pool-67-thread-1] INFO  storage.RaftStorage (RaftStorage.java:format(72)) - Storage directory /workdir/hadoop-ozone/integration-test/target/test-dir/MiniOzoneClusterImpl-d8bbf689-b3c7-4797-acf4-e99b3e7335dc/datanode-4/data/ratis/bc0a9606-5581-49d0-8c9d-754702e72bda has been successfully formatted.
2019-09-24 22:43:30,605 [pool-67-thread-1] INFO  ratis.ContainerStateMachine (ContainerStateMachine.java:loadSnapshot(230)) - group-754702E72BDA: The snapshot info is null. Setting the last applied indexto:(t:0, i:~)
2019-09-24 22:43:30,605 [pool-67-thread-1] INFO  server.RaftServerConfigKeys (ConfUtils.java:logGet(43)) - raft.server.notification.no-leader.timeout = 120s (custom)
2019-09-24 22:43:30,605 [pool-67-thread-1] INFO  server.RaftServerConfigKeys (ConfUtils.java:logGet(43)) - raft.server.log.use.memory = false (default)
2019-09-24 22:43:30,605 [pool-67-thread-1] INFO  server.RaftServerConfigKeys (ConfUtils.java:logGet(43)) - raft.server.log.purge.gap = 1000000 (custom)
2019-09-24 22:43:30,605 [pool-67-thread-1] INFO  server.RaftServerConfigKeys (ConfUtils.java:logGet(43)) - raft.server.log.appender.buffer.byte-limit = 33554432 (custom)
2019-09-24 22:43:30,606 [pool-67-thread-1] INFO  server.RaftServerConfigKeys (ConfUtils.java:logGet(43)) - raft.server.log.segment.size.max = 1048576 (custom)
2019-09-24 22:43:30,606 [pool-67-thread-1] INFO  server.RaftServerConfigKeys (ConfUtils.java:logGet(43)) - raft.server.log.segment.cache.num.max = 2 (custom)
2019-09-24 22:43:30,606 [pool-67-thread-1] INFO  segmented.SegmentedRaftLogWorker (SegmentedRaftLogWorker.java:<init>(172)) - new 70f4562f-d8ad-4306-8e38-e3256cd2d134@group-754702E72BDA-SegmentedRaftLogWorker for RaftStorage:Storage Directory /workdir/hadoop-ozone/integration-test/target/test-dir/MiniOzoneClusterImpl-d8bbf689-b3c7-4797-acf4-e99b3e7335dc/datanode-4/data/ratis/bc0a9606-5581-49d0-8c9d-754702e72bda
2019-09-24 22:43:30,610 [pool-67-thread-1] INFO  server.RaftServerConfigKeys (ConfUtils.java:logGet(43)) - raft.server.log.queue.byte-limit = 2147483647 (custom)
2019-09-24 22:43:30,610 [pool-67-thread-1] INFO  server.RaftServerConfigKeys (ConfUtils.java:logGet(43)) - raft.server.log.queue.element-limit = 1024 (custom)
2019-09-24 22:43:30,610 [pool-67-thread-1] INFO  server.RaftServerConfigKeys (ConfUtils.java:logGet(43)) - raft.server.log.segment.size.max = 1048576 (custom)
2019-09-24 22:43:30,610 [pool-67-thread-1] INFO  server.RaftServerConfigKeys (ConfUtils.java:logGet(43)) - raft.server.log.preallocated.size = 16384 (custom)
2019-09-24 22:43:30,610 [pool-67-thread-1] INFO  server.RaftServerConfigKeys (ConfUtils.java:logGet(43)) - raft.server.log.write.buffer.size = 33554432 (custom)
2019-09-24 22:43:30,610 [pool-67-thread-1] INFO  server.RaftServerConfigKeys (ConfUtils.java:logGet(43)) - raft.server.log.force.sync.num = 128 (default)
2019-09-24 22:43:30,610 [pool-67-thread-1] INFO  server.RaftServerConfigKeys (ConfUtils.java:logGet(43)) - raft.server.log.statemachine.data.sync = true (default)
2019-09-24 22:43:30,611 [pool-67-thread-1] INFO  server.RaftServerConfigKeys (ConfUtils.java:logGet(43)) - raft.server.log.statemachine.data.sync.timeout = 10s (default)
2019-09-24 22:43:30,611 [pool-67-thread-1] INFO  server.RaftServerConfigKeys (ConfUtils.java:logGet(43)) - raft.server.log.statemachine.data.sync.timeout.retry = -1 (default)
2019-09-24 22:43:30,611 [pool-67-thread-1] INFO  server.RaftServerConfigKeys (ConfUtils.java:logGet(43)) - raft.server.log.statemachine.data.caching.enabled = true (custom)
2019-09-24 22:43:30,611 [pool-67-thread-1] INFO  segmented.SegmentedRaftLogWorker (SegmentedRaftLogWorker.java:lambda$new$0(132)) - 70f4562f-d8ad-4306-8e38-e3256cd2d134@group-754702E72BDA-SegmentedRaftLogWorker: flushIndex: setUnconditionally 0 -> -1
2019-09-24 22:43:30,612 [pool-67-thread-1] INFO  server.RaftServerConfigKeys (ConfUtils.java:logGet(43)) - raft.server.snapshot.auto.trigger.enabled = true (custom)
2019-09-24 22:43:30,612 [pool-67-thread-1] INFO  server.RaftServerConfigKeys (ConfUtils.java:logGet(43)) - raft.server.snapshot.auto.trigger.threshold = 10000 (custom)
2019-09-24 22:43:30,612 [pool-67-thread-1] INFO  server.RaftServerConfigKeys (ConfUtils.java:logGet(43)) - raft.server.snapshot.retention.num.files = 5 (custom)
2019-09-24 22:43:30,612 [pool-67-thread-1] INFO  server.RaftServerConfigKeys (ConfUtils.java:logGet(43)) - raft.server.retrycache.expirytime = 600000ms (custom)
2019-09-24 22:43:30,616 [pool-67-thread-1] INFO  impl.RaftServerImpl (RaftServerImpl.java:start(185)) - 70f4562f-d8ad-4306-8e38-e3256cd2d134@group-754702E72BDA: start as a follower, conf=-1: [70f4562f-d8ad-4306-8e38-e3256cd2d134:192.168.151.66:46029], old=null
2019-09-24 22:43:30,616 [pool-67-thread-1] INFO  impl.RaftServerImpl (RaftServerImpl.java:setRole(174)) - 70f4562f-d8ad-4306-8e38-e3256cd2d134@group-754702E72BDA: changes role from      null to FOLLOWER at term 0 for startAsFollower
2019-09-24 22:43:30,616 [pool-67-thread-1] INFO  impl.RoleInfo (RoleInfo.java:updateAndGet(143)) - 70f4562f-d8ad-4306-8e38-e3256cd2d134: start FollowerState
2019-09-24 22:43:30,617 [pool-67-thread-1] INFO  util.JmxRegister (JmxRegister.java:tryRegister(44)) - Successfully registered JMX Bean with object name Ratis:service=RaftServer,group=group-754702E72BDA,id=70f4562f-d8ad-4306-8e38-e3256cd2d134
2019-09-24 22:43:30,630 [RatisPipelineUtilsThread] INFO  pipeline.PipelineStateManager (PipelineStateManager.java:addPipeline(56)) - Created pipeline Pipeline[ Id: bc0a9606-5581-49d0-8c9d-754702e72bda, Nodes: 70f4562f-d8ad-4306-8e38-e3256cd2d134{ip: 192.168.151.66, host: pr-hdds-2162-v2v4x-1150571016, networkLocation: /default-rack, certSerialId: null}, Type:RATIS, Factor:ONE, State:OPEN]
2019-09-24 22:43:30,654 [grpc-default-executor-1] INFO  impl.RaftServerProxy (RaftServerProxy.java:addNew(89)) - 9c8ab630-b5f5-42ae-ab19-9f6aeef8fdc5: addNew group-3961DC5949B0:[9c8ab630-b5f5-42ae-ab19-9f6aeef8fdc5:192.168.151.66:34606] returns group-3961DC5949B0:java.util.concurrent.CompletableFuture@1e5095b1[Not completed]
2019-09-24 22:43:30,657 [pool-37-thread-1] INFO  impl.RaftServerImpl (RaftServerImpl.java:<init>(95)) - 9c8ab630-b5f5-42ae-ab19-9f6aeef8fdc5: new RaftServerImpl for group-3961DC5949B0:[9c8ab630-b5f5-42ae-ab19-9f6aeef8fdc5:192.168.151.66:34606] with ContainerStateMachine:uninitialized
2019-09-24 22:43:30,657 [pool-37-thread-1] INFO  server.RaftServerConfigKeys (ConfUtils.java:logGet(43)) - raft.server.rpc.timeout.min = 5s (custom)
2019-09-24 22:43:30,657 [pool-37-thread-1] INFO  server.RaftServerConfigKeys (ConfUtils.java:logGet(43)) - raft.server.rpc.timeout.max = 5200ms (custom)
2019-09-24 22:43:30,657 [pool-37-thread-1] INFO  server.RaftServerConfigKeys (ConfUtils.java:logGet(43)) - raft.server.rpcslowness.timeout = 120s (custom)
2019-09-24 22:43:30,657 [pool-37-thread-1] INFO  server.RaftServerConfigKeys (ConfUtils.java:logGet(43)) - raft.server.sleep.deviation.threshold = 300 (default)
2019-09-24 22:43:30,657 [pool-37-thread-1] INFO  server.RaftServerConfigKeys (ConfUtils.java:logGet(43)) - raft.server.log.appender.install.snapshot.enabled = false (custom)
2019-09-24 22:43:30,657 [pool-37-thread-1] INFO  impl.RaftServerImpl (ServerState.java:<init>(103)) - 9c8ab630-b5f5-42ae-ab19-9f6aeef8fdc5@group-3961DC5949B0: ConfigurationManager, init=-1: [9c8ab630-b5f5-42ae-ab19-9f6aeef8fdc5:192.168.151.66:34606], old=null, confs=<EMPTY_MAP>
2019-09-24 22:43:30,658 [pool-37-thread-1] INFO  server.RaftServerConfigKeys (ConfUtils.java:logGet(43)) - raft.server.storage.dir = [/workdir/hadoop-ozone/integration-test/target/test-dir/MiniOzoneClusterImpl-d8bbf689-b3c7-4797-acf4-e99b3e7335dc/datanode-1/data/ratis] (custom)
2019-09-24 22:43:30,658 [pool-37-thread-1] INFO  storage.RaftStorageDirectory (RaftStorageDirectory.java:analyzeStorage(246)) - The storage directory /workdir/hadoop-ozone/integration-test/target/test-dir/MiniOzoneClusterImpl-d8bbf689-b3c7-4797-acf4-e99b3e7335dc/datanode-1/data/ratis/65b2b26e-5a3e-485f-9111-3961dc5949b0 does not exist. Creating ...
2019-09-24 22:43:30,680 [main] INFO  ozone.MiniOzoneClusterImpl (MiniOzoneClusterImpl.java:lambda$waitForClusterToBeReady$0(147)) - Cluster is ready. Got 7 of 7 DN Heartbeats.
2019-09-24 22:43:30,681 [pool-37-thread-1] INFO  storage.RaftStorageDirectory (RaftStorageDirectory.java:tryLock(328)) - Lock on /workdir/hadoop-ozone/integration-test/target/test-dir/MiniOzoneClusterImpl-d8bbf689-b3c7-4797-acf4-e99b3e7335dc/datanode-1/data/ratis/65b2b26e-5a3e-485f-9111-3961dc5949b0/in_use.lock acquired by nodename 31728@pr-hdds-2162-v2v4x-1150571016
2019-09-24 22:43:30,705 [pool-37-thread-1] INFO  storage.RaftStorage (RaftStorage.java:format(72)) - Storage directory /workdir/hadoop-ozone/integration-test/target/test-dir/MiniOzoneClusterImpl-d8bbf689-b3c7-4797-acf4-e99b3e7335dc/datanode-1/data/ratis/65b2b26e-5a3e-485f-9111-3961dc5949b0 has been successfully formatted.
2019-09-24 22:43:30,705 [pool-37-thread-1] INFO  ratis.ContainerStateMachine (ContainerStateMachine.java:loadSnapshot(230)) - group-3961DC5949B0: The snapshot info is null. Setting the last applied indexto:(t:0, i:~)
2019-09-24 22:43:30,706 [pool-37-thread-1] INFO  server.RaftServerConfigKeys (ConfUtils.java:logGet(43)) - raft.server.notification.no-leader.timeout = 120s (custom)
2019-09-24 22:43:30,706 [pool-37-thread-1] INFO  server.RaftServerConfigKeys (ConfUtils.java:logGet(43)) - raft.server.log.use.memory = false (default)
2019-09-24 22:43:30,706 [pool-37-thread-1] INFO  server.RaftServerConfigKeys (ConfUtils.java:logGet(43)) - raft.server.log.purge.gap = 1000000 (custom)
2019-09-24 22:43:30,706 [pool-37-thread-1] INFO  server.RaftServerConfigKeys (ConfUtils.java:logGet(43)) - raft.server.log.appender.buffer.byte-limit = 33554432 (custom)
2019-09-24 22:43:30,706 [pool-37-thread-1] INFO  server.RaftServerConfigKeys (ConfUtils.java:logGet(43)) - raft.server.log.segment.size.max = 1048576 (custom)
2019-09-24 22:43:30,707 [pool-37-thread-1] INFO  server.RaftServerConfigKeys (ConfUtils.java:logGet(43)) - raft.server.log.segment.cache.num.max = 2 (custom)
2019-09-24 22:43:30,709 [pool-37-thread-1] INFO  segmented.SegmentedRaftLogWorker (SegmentedRaftLogWorker.java:<init>(172)) - new 9c8ab630-b5f5-42ae-ab19-9f6aeef8fdc5@group-3961DC5949B0-SegmentedRaftLogWorker for RaftStorage:Storage Directory /workdir/hadoop-ozone/integration-test/target/test-dir/MiniOzoneClusterImpl-d8bbf689-b3c7-4797-acf4-e99b3e7335dc/datanode-1/data/ratis/65b2b26e-5a3e-485f-9111-3961dc5949b0
2019-09-24 22:43:30,713 [pool-37-thread-1] INFO  server.RaftServerConfigKeys (ConfUtils.java:logGet(43)) - raft.server.log.queue.byte-limit = 2147483647 (custom)
2019-09-24 22:43:30,714 [pool-37-thread-1] INFO  server.RaftServerConfigKeys (ConfUtils.java:logGet(43)) - raft.server.log.queue.element-limit = 1024 (custom)
2019-09-24 22:43:30,714 [pool-37-thread-1] INFO  server.RaftServerConfigKeys (ConfUtils.java:logGet(43)) - raft.server.log.segment.size.max = 1048576 (custom)
2019-09-24 22:43:30,714 [pool-37-thread-1] INFO  server.RaftServerConfigKeys (ConfUtils.java:logGet(43)) - raft.server.log.preallocated.size = 16384 (custom)
2019-09-24 22:43:30,714 [pool-37-thread-1] INFO  server.RaftServerConfigKeys (ConfUtils.java:logGet(43)) - raft.server.log.write.buffer.size = 33554432 (custom)
2019-09-24 22:43:30,715 [pool-37-thread-1] INFO  server.RaftServerConfigKeys (ConfUtils.java:logGet(43)) - raft.server.log.force.sync.num = 128 (default)
2019-09-24 22:43:30,718 [pool-37-thread-1] INFO  server.RaftServerConfigKeys (ConfUtils.java:logGet(43)) - raft.server.log.statemachine.data.sync = true (default)
2019-09-24 22:43:30,718 [pool-37-thread-1] INFO  server.RaftServerConfigKeys (ConfUtils.java:logGet(43)) - raft.server.log.statemachine.data.sync.timeout = 10s (default)
2019-09-24 22:43:30,718 [pool-37-thread-1] INFO  server.RaftServerConfigKeys (ConfUtils.java:logGet(43)) - raft.server.log.statemachine.data.sync.timeout.retry = -1 (default)
2019-09-24 22:43:30,719 [pool-37-thread-1] INFO  server.RaftServerConfigKeys (ConfUtils.java:logGet(43)) - raft.server.log.statemachine.data.caching.enabled = true (custom)
2019-09-24 22:43:30,719 [pool-37-thread-1] INFO  segmented.SegmentedRaftLogWorker (SegmentedRaftLogWorker.java:lambda$new$0(132)) - 9c8ab630-b5f5-42ae-ab19-9f6aeef8fdc5@group-3961DC5949B0-SegmentedRaftLogWorker: flushIndex: setUnconditionally 0 -> -1
2019-09-24 22:43:30,720 [pool-37-thread-1] INFO  server.RaftServerConfigKeys (ConfUtils.java:logGet(43)) - raft.server.snapshot.auto.trigger.enabled = true (custom)
2019-09-24 22:43:30,720 [pool-37-thread-1] INFO  server.RaftServerConfigKeys (ConfUtils.java:logGet(43)) - raft.server.snapshot.auto.trigger.threshold = 10000 (custom)
2019-09-24 22:43:30,720 [pool-37-thread-1] INFO  server.RaftServerConfigKeys (ConfUtils.java:logGet(43)) - raft.server.snapshot.retention.num.files = 5 (custom)
2019-09-24 22:43:30,720 [pool-37-thread-1] INFO  server.RaftServerConfigKeys (ConfUtils.java:logGet(43)) - raft.server.retrycache.expirytime = 600000ms (custom)
2019-09-24 22:43:30,724 [pool-37-thread-1] INFO  impl.RaftServerImpl (RaftServerImpl.java:start(185)) - 9c8ab630-b5f5-42ae-ab19-9f6aeef8fdc5@group-3961DC5949B0: start as a follower, conf=-1: [9c8ab630-b5f5-42ae-ab19-9f6aeef8fdc5:192.168.151.66:34606], old=null
2019-09-24 22:43:30,725 [pool-37-thread-1] INFO  impl.RaftServerImpl (RaftServerImpl.java:setRole(174)) - 9c8ab630-b5f5-42ae-ab19-9f6aeef8fdc5@group-3961DC5949B0: changes role from      null to FOLLOWER at term 0 for startAsFollower
2019-09-24 22:43:30,725 [pool-37-thread-1] INFO  impl.RoleInfo (RoleInfo.java:updateAndGet(143)) - 9c8ab630-b5f5-42ae-ab19-9f6aeef8fdc5: start FollowerState
2019-09-24 22:43:30,725 [pool-37-thread-1] INFO  util.JmxRegister (JmxRegister.java:tryRegister(44)) - Successfully registered JMX Bean with object name Ratis:service=RaftServer,group=group-3961DC5949B0,id=9c8ab630-b5f5-42ae-ab19-9f6aeef8fdc5
2019-09-24 22:43:30,738 [RatisPipelineUtilsThread] INFO  pipeline.PipelineStateManager (PipelineStateManager.java:addPipeline(56)) - Created pipeline Pipeline[ Id: 65b2b26e-5a3e-485f-9111-3961dc5949b0, Nodes: 9c8ab630-b5f5-42ae-ab19-9f6aeef8fdc5{ip: 192.168.151.66, host: pr-hdds-2162-v2v4x-1150571016, networkLocation: /default-rack, certSerialId: null}, Type:RATIS, Factor:ONE, State:OPEN]
2019-09-24 22:43:30,756 [grpc-default-executor-1] INFO  impl.RaftServerProxy (RaftServerProxy.java:addNew(89)) - 0eafc66a-b222-485a-84b4-d82d0185be4e: addNew group-7918343E60DA:[0eafc66a-b222-485a-84b4-d82d0185be4e:192.168.151.66:35610] returns group-7918343E60DA:java.util.concurrent.CompletableFuture@3eef2466[Not completed]
2019-09-24 22:43:30,765 [pool-87-thread-1] INFO  impl.RaftServerImpl (RaftServerImpl.java:<init>(95)) - 0eafc66a-b222-485a-84b4-d82d0185be4e: new RaftServerImpl for group-7918343E60DA:[0eafc66a-b222-485a-84b4-d82d0185be4e:192.168.151.66:35610] with ContainerStateMachine:uninitialized
2019-09-24 22:43:30,765 [pool-87-thread-1] INFO  server.RaftServerConfigKeys (ConfUtils.java:logGet(43)) - raft.server.rpc.timeout.min = 5s (custom)
2019-09-24 22:43:30,765 [pool-87-thread-1] INFO  server.RaftServerConfigKeys (ConfUtils.java:logGet(43)) - raft.server.rpc.timeout.max = 5200ms (custom)
2019-09-24 22:43:30,765 [pool-87-thread-1] INFO  server.RaftServerConfigKeys (ConfUtils.java:logGet(43)) - raft.server.rpcslowness.timeout = 120s (custom)
2019-09-24 22:43:30,765 [pool-87-thread-1] INFO  server.RaftServerConfigKeys (ConfUtils.java:logGet(43)) - raft.server.sleep.deviation.threshold = 300 (default)
2019-09-24 22:43:30,766 [pool-87-thread-1] INFO  server.RaftServerConfigKeys (ConfUtils.java:logGet(43)) - raft.server.log.appender.install.snapshot.enabled = false (custom)
2019-09-24 22:43:30,766 [pool-87-thread-1] INFO  impl.RaftServerImpl (ServerState.java:<init>(103)) - 0eafc66a-b222-485a-84b4-d82d0185be4e@group-7918343E60DA: ConfigurationManager, init=-1: [0eafc66a-b222-485a-84b4-d82d0185be4e:192.168.151.66:35610], old=null, confs=<EMPTY_MAP>
2019-09-24 22:43:30,766 [pool-87-thread-1] INFO  server.RaftServerConfigKeys (ConfUtils.java:logGet(43)) - raft.server.storage.dir = [/workdir/hadoop-ozone/integration-test/target/test-dir/MiniOzoneClusterImpl-d8bbf689-b3c7-4797-acf4-e99b3e7335dc/datanode-6/data/ratis] (custom)
2019-09-24 22:43:30,766 [pool-87-thread-1] INFO  storage.RaftStorageDirectory (RaftStorageDirectory.java:analyzeStorage(246)) - The storage directory /workdir/hadoop-ozone/integration-test/target/test-dir/MiniOzoneClusterImpl-d8bbf689-b3c7-4797-acf4-e99b3e7335dc/datanode-6/data/ratis/4a6c415a-b3c5-43cb-a317-7918343e60da does not exist. Creating ...
2019-09-24 22:43:30,794 [pool-87-thread-1] INFO  storage.RaftStorageDirectory (RaftStorageDirectory.java:tryLock(328)) - Lock on /workdir/hadoop-ozone/integration-test/target/test-dir/MiniOzoneClusterImpl-d8bbf689-b3c7-4797-acf4-e99b3e7335dc/datanode-6/data/ratis/4a6c415a-b3c5-43cb-a317-7918343e60da/in_use.lock acquired by nodename 31728@pr-hdds-2162-v2v4x-1150571016
2019-09-24 22:43:30,817 [pool-87-thread-1] INFO  storage.RaftStorage (RaftStorage.java:format(72)) - Storage directory /workdir/hadoop-ozone/integration-test/target/test-dir/MiniOzoneClusterImpl-d8bbf689-b3c7-4797-acf4-e99b3e7335dc/datanode-6/data/ratis/4a6c415a-b3c5-43cb-a317-7918343e60da has been successfully formatted.
2019-09-24 22:43:30,817 [pool-87-thread-1] INFO  ratis.ContainerStateMachine (ContainerStateMachine.java:loadSnapshot(230)) - group-7918343E60DA: The snapshot info is null. Setting the last applied indexto:(t:0, i:~)
2019-09-24 22:43:30,818 [pool-87-thread-1] INFO  server.RaftServerConfigKeys (ConfUtils.java:logGet(43)) - raft.server.notification.no-leader.timeout = 120s (custom)
2019-09-24 22:43:30,818 [pool-87-thread-1] INFO  server.RaftServerConfigKeys (ConfUtils.java:logGet(43)) - raft.server.log.use.memory = false (default)
2019-09-24 22:43:30,818 [pool-87-thread-1] INFO  server.RaftServerConfigKeys (ConfUtils.java:logGet(43)) - raft.server.log.purge.gap = 1000000 (custom)
2019-09-24 22:43:30,818 [pool-87-thread-1] INFO  server.RaftServerConfigKeys (ConfUtils.java:logGet(43)) - raft.server.log.appender.buffer.byte-limit = 33554432 (custom)
2019-09-24 22:43:30,818 [pool-87-thread-1] INFO  server.RaftServerConfigKeys (ConfUtils.java:logGet(43)) - raft.server.log.segment.size.max = 1048576 (custom)
2019-09-24 22:43:30,818 [pool-87-thread-1] INFO  server.RaftServerConfigKeys (ConfUtils.java:logGet(43)) - raft.server.log.segment.cache.num.max = 2 (custom)
2019-09-24 22:43:30,819 [pool-87-thread-1] INFO  segmented.SegmentedRaftLogWorker (SegmentedRaftLogWorker.java:<init>(172)) - new 0eafc66a-b222-485a-84b4-d82d0185be4e@group-7918343E60DA-SegmentedRaftLogWorker for RaftStorage:Storage Directory /workdir/hadoop-ozone/integration-test/target/test-dir/MiniOzoneClusterImpl-d8bbf689-b3c7-4797-acf4-e99b3e7335dc/datanode-6/data/ratis/4a6c415a-b3c5-43cb-a317-7918343e60da
2019-09-24 22:43:30,822 [pool-87-thread-1] INFO  server.RaftServerConfigKeys (ConfUtils.java:logGet(43)) - raft.server.log.queue.byte-limit = 2147483647 (custom)
2019-09-24 22:43:30,822 [pool-87-thread-1] INFO  server.RaftServerConfigKeys (ConfUtils.java:logGet(43)) - raft.server.log.queue.element-limit = 1024 (custom)
2019-09-24 22:43:30,822 [pool-87-thread-1] INFO  server.RaftServerConfigKeys (ConfUtils.java:logGet(43)) - raft.server.log.segment.size.max = 1048576 (custom)
2019-09-24 22:43:30,822 [pool-87-thread-1] INFO  server.RaftServerConfigKeys (ConfUtils.java:logGet(43)) - raft.server.log.preallocated.size = 16384 (custom)
2019-09-24 22:43:30,823 [pool-87-thread-1] INFO  server.RaftServerConfigKeys (ConfUtils.java:logGet(43)) - raft.server.log.write.buffer.size = 33554432 (custom)
2019-09-24 22:43:30,823 [pool-87-thread-1] INFO  server.RaftServerConfigKeys (ConfUtils.java:logGet(43)) - raft.server.log.force.sync.num = 128 (default)
2019-09-24 22:43:30,823 [pool-87-thread-1] INFO  server.RaftServerConfigKeys (ConfUtils.java:logGet(43)) - raft.server.log.statemachine.data.sync = true (default)
2019-09-24 22:43:30,823 [pool-87-thread-1] INFO  server.RaftServerConfigKeys (ConfUtils.java:logGet(43)) - raft.server.log.statemachine.data.sync.timeout = 10s (default)
2019-09-24 22:43:30,823 [pool-87-thread-1] INFO  server.RaftServerConfigKeys (ConfUtils.java:logGet(43)) - raft.server.log.statemachine.data.sync.timeout.retry = -1 (default)
2019-09-24 22:43:30,824 [pool-87-thread-1] INFO  server.RaftServerConfigKeys (ConfUtils.java:logGet(43)) - raft.server.log.statemachine.data.caching.enabled = true (custom)
2019-09-24 22:43:30,824 [pool-87-thread-1] INFO  segmented.SegmentedRaftLogWorker (SegmentedRaftLogWorker.java:lambda$new$0(132)) - 0eafc66a-b222-485a-84b4-d82d0185be4e@group-7918343E60DA-SegmentedRaftLogWorker: flushIndex: setUnconditionally 0 -> -1
2019-09-24 22:43:30,824 [pool-87-thread-1] INFO  server.RaftServerConfigKeys (ConfUtils.java:logGet(43)) - raft.server.snapshot.auto.trigger.enabled = true (custom)
2019-09-24 22:43:30,825 [pool-87-thread-1] INFO  server.RaftServerConfigKeys (ConfUtils.java:logGet(43)) - raft.server.snapshot.auto.trigger.threshold = 10000 (custom)
2019-09-24 22:43:30,825 [pool-87-thread-1] INFO  server.RaftServerConfigKeys (ConfUtils.java:logGet(43)) - raft.server.snapshot.retention.num.files = 5 (custom)
2019-09-24 22:43:30,825 [pool-87-thread-1] INFO  server.RaftServerConfigKeys (ConfUtils.java:logGet(43)) - raft.server.retrycache.expirytime = 600000ms (custom)
2019-09-24 22:43:30,828 [pool-87-thread-1] INFO  impl.RaftServerImpl (RaftServerImpl.java:start(185)) - 0eafc66a-b222-485a-84b4-d82d0185be4e@group-7918343E60DA: start as a follower, conf=-1: [0eafc66a-b222-485a-84b4-d82d0185be4e:192.168.151.66:35610], old=null
2019-09-24 22:43:30,828 [pool-87-thread-1] INFO  impl.RaftServerImpl (RaftServerImpl.java:setRole(174)) - 0eafc66a-b222-485a-84b4-d82d0185be4e@group-7918343E60DA: changes role from      null to FOLLOWER at term 0 for startAsFollower
2019-09-24 22:43:30,828 [pool-87-thread-1] INFO  impl.RoleInfo (RoleInfo.java:updateAndGet(143)) - 0eafc66a-b222-485a-84b4-d82d0185be4e: start FollowerState
2019-09-24 22:43:30,828 [pool-87-thread-1] INFO  util.JmxRegister (JmxRegister.java:tryRegister(44)) - Successfully registered JMX Bean with object name Ratis:service=RaftServer,group=group-7918343E60DA,id=0eafc66a-b222-485a-84b4-d82d0185be4e
2019-09-24 22:43:30,849 [RatisPipelineUtilsThread] INFO  pipeline.PipelineStateManager (PipelineStateManager.java:addPipeline(56)) - Created pipeline Pipeline[ Id: 4a6c415a-b3c5-43cb-a317-7918343e60da, Nodes: 0eafc66a-b222-485a-84b4-d82d0185be4e{ip: 192.168.151.66, host: pr-hdds-2162-v2v4x-1150571016, networkLocation: /default-rack, certSerialId: null}, Type:RATIS, Factor:ONE, State:OPEN]
2019-09-24 22:43:30,887 [grpc-default-executor-2] INFO  impl.RaftServerProxy (RaftServerProxy.java:addNew(89)) - cc0fada7-f07d-4fca-b5a3-1adb9c0f28a8: addNew group-C7C8BBF4D978:[cc0fada7-f07d-4fca-b5a3-1adb9c0f28a8:192.168.151.66:42999, 935414d4-2c23-4fcd-bc36-bb7e45710750:192.168.151.66:37475, 50c9ac3a-ba58-4412-b88f-9c17bcde39a8:192.168.151.66:39329] returns group-C7C8BBF4D978:java.util.concurrent.CompletableFuture@27502606[Not completed]
2019-09-24 22:43:30,890 [grpc-default-executor-2] INFO  impl.RaftServerProxy (RaftServerProxy.java:addNew(89)) - 935414d4-2c23-4fcd-bc36-bb7e45710750: addNew group-C7C8BBF4D978:[cc0fada7-f07d-4fca-b5a3-1adb9c0f28a8:192.168.151.66:42999, 935414d4-2c23-4fcd-bc36-bb7e45710750:192.168.151.66:37475, 50c9ac3a-ba58-4412-b88f-9c17bcde39a8:192.168.151.66:39329] returns group-C7C8BBF4D978:java.util.concurrent.CompletableFuture@666d2c3d[Not completed]
2019-09-24 22:43:30,890 [grpc-default-executor-0] INFO  impl.RaftServerProxy (RaftServerProxy.java:addNew(89)) - 50c9ac3a-ba58-4412-b88f-9c17bcde39a8: addNew group-C7C8BBF4D978:[cc0fada7-f07d-4fca-b5a3-1adb9c0f28a8:192.168.151.66:42999, 935414d4-2c23-4fcd-bc36-bb7e45710750:192.168.151.66:37475, 50c9ac3a-ba58-4412-b88f-9c17bcde39a8:192.168.151.66:39329] returns group-C7C8BBF4D978:java.util.concurrent.CompletableFuture@3992fc17[Not completed]
2019-09-24 22:43:30,894 [pool-77-thread-1] INFO  impl.RaftServerImpl (RaftServerImpl.java:<init>(95)) - cc0fada7-f07d-4fca-b5a3-1adb9c0f28a8: new RaftServerImpl for group-C7C8BBF4D978:[cc0fada7-f07d-4fca-b5a3-1adb9c0f28a8:192.168.151.66:42999, 935414d4-2c23-4fcd-bc36-bb7e45710750:192.168.151.66:37475, 50c9ac3a-ba58-4412-b88f-9c17bcde39a8:192.168.151.66:39329] with ContainerStateMachine:uninitialized
2019-09-24 22:43:30,894 [pool-77-thread-1] INFO  server.RaftServerConfigKeys (ConfUtils.java:logGet(43)) - raft.server.rpc.timeout.min = 5s (custom)
2019-09-24 22:43:30,895 [pool-77-thread-1] INFO  server.RaftServerConfigKeys (ConfUtils.java:logGet(43)) - raft.server.rpc.timeout.max = 5200ms (custom)
2019-09-24 22:43:30,895 [pool-77-thread-1] INFO  server.RaftServerConfigKeys (ConfUtils.java:logGet(43)) - raft.server.rpcslowness.timeout = 120s (custom)
2019-09-24 22:43:30,895 [pool-77-thread-1] INFO  server.RaftServerConfigKeys (ConfUtils.java:logGet(43)) - raft.server.sleep.deviation.threshold = 300 (default)
2019-09-24 22:43:30,895 [pool-27-thread-1] INFO  impl.RaftServerImpl (RaftServerImpl.java:<init>(95)) - 935414d4-2c23-4fcd-bc36-bb7e45710750: new RaftServerImpl for group-C7C8BBF4D978:[cc0fada7-f07d-4fca-b5a3-1adb9c0f28a8:192.168.151.66:42999, 935414d4-2c23-4fcd-bc36-bb7e45710750:192.168.151.66:37475, 50c9ac3a-ba58-4412-b88f-9c17bcde39a8:192.168.151.66:39329] with ContainerStateMachine:uninitialized
2019-09-24 22:43:30,895 [pool-77-thread-1] INFO  server.RaftServerConfigKeys (ConfUtils.java:logGet(43)) - raft.server.log.appender.install.snapshot.enabled = false (custom)
2019-09-24 22:43:30,896 [pool-27-thread-1] INFO  server.RaftServerConfigKeys (ConfUtils.java:logGet(43)) - raft.server.rpc.timeout.min = 5s (custom)
2019-09-24 22:43:30,896 [pool-77-thread-1] INFO  impl.RaftServerImpl (ServerState.java:<init>(103)) - cc0fada7-f07d-4fca-b5a3-1adb9c0f28a8@group-C7C8BBF4D978: ConfigurationManager, init=-1: [cc0fada7-f07d-4fca-b5a3-1adb9c0f28a8:192.168.151.66:42999, 935414d4-2c23-4fcd-bc36-bb7e45710750:192.168.151.66:37475, 50c9ac3a-ba58-4412-b88f-9c17bcde39a8:192.168.151.66:39329], old=null, confs=<EMPTY_MAP>
2019-09-24 22:43:30,896 [pool-27-thread-1] INFO  server.RaftServerConfigKeys (ConfUtils.java:logGet(43)) - raft.server.rpc.timeout.max = 5200ms (custom)
2019-09-24 22:43:30,896 [pool-77-thread-1] INFO  server.RaftServerConfigKeys (ConfUtils.java:logGet(43)) - raft.server.storage.dir = [/workdir/hadoop-ozone/integration-test/target/test-dir/MiniOzoneClusterImpl-d8bbf689-b3c7-4797-acf4-e99b3e7335dc/datanode-5/data/ratis] (custom)
2019-09-24 22:43:30,896 [pool-27-thread-1] INFO  server.RaftServerConfigKeys (ConfUtils.java:logGet(43)) - raft.server.rpcslowness.timeout = 120s (custom)
2019-09-24 22:43:30,896 [pool-47-thread-1] INFO  impl.RaftServerImpl (RaftServerImpl.java:<init>(95)) - 50c9ac3a-ba58-4412-b88f-9c17bcde39a8: new RaftServerImpl for group-C7C8BBF4D978:[cc0fada7-f07d-4fca-b5a3-1adb9c0f28a8:192.168.151.66:42999, 935414d4-2c23-4fcd-bc36-bb7e45710750:192.168.151.66:37475, 50c9ac3a-ba58-4412-b88f-9c17bcde39a8:192.168.151.66:39329] with ContainerStateMachine:uninitialized
2019-09-24 22:43:30,897 [pool-27-thread-1] INFO  server.RaftServerConfigKeys (ConfUtils.java:logGet(43)) - raft.server.sleep.deviation.threshold = 300 (default)
2019-09-24 22:43:30,897 [pool-47-thread-1] INFO  server.RaftServerConfigKeys (ConfUtils.java:logGet(43)) - raft.server.rpc.timeout.min = 5s (custom)
2019-09-24 22:43:30,897 [pool-77-thread-1] INFO  storage.RaftStorageDirectory (RaftStorageDirectory.java:analyzeStorage(246)) - The storage directory /workdir/hadoop-ozone/integration-test/target/test-dir/MiniOzoneClusterImpl-d8bbf689-b3c7-4797-acf4-e99b3e7335dc/datanode-5/data/ratis/ad46bdea-c443-4324-9160-c7c8bbf4d978 does not exist. Creating ...
2019-09-24 22:43:30,897 [pool-47-thread-1] INFO  server.RaftServerConfigKeys (ConfUtils.java:logGet(43)) - raft.server.rpc.timeout.max = 5200ms (custom)
2019-09-24 22:43:30,897 [pool-27-thread-1] INFO  server.RaftServerConfigKeys (ConfUtils.java:logGet(43)) - raft.server.log.appender.install.snapshot.enabled = false (custom)
2019-09-24 22:43:30,898 [pool-47-thread-1] INFO  server.RaftServerConfigKeys (ConfUtils.java:logGet(43)) - raft.server.rpcslowness.timeout = 120s (custom)
2019-09-24 22:43:30,898 [pool-27-thread-1] INFO  impl.RaftServerImpl (ServerState.java:<init>(103)) - 935414d4-2c23-4fcd-bc36-bb7e45710750@group-C7C8BBF4D978: ConfigurationManager, init=-1: [cc0fada7-f07d-4fca-b5a3-1adb9c0f28a8:192.168.151.66:42999, 935414d4-2c23-4fcd-bc36-bb7e45710750:192.168.151.66:37475, 50c9ac3a-ba58-4412-b88f-9c17bcde39a8:192.168.151.66:39329], old=null, confs=<EMPTY_MAP>
2019-09-24 22:43:30,898 [pool-47-thread-1] INFO  server.RaftServerConfigKeys (ConfUtils.java:logGet(43)) - raft.server.sleep.deviation.threshold = 300 (default)
2019-09-24 22:43:30,898 [pool-27-thread-1] INFO  server.RaftServerConfigKeys (ConfUtils.java:logGet(43)) - raft.server.storage.dir = [/workdir/hadoop-ozone/integration-test/target/test-dir/MiniOzoneClusterImpl-d8bbf689-b3c7-4797-acf4-e99b3e7335dc/datanode-0/data/ratis] (custom)
2019-09-24 22:43:30,898 [pool-47-thread-1] INFO  server.RaftServerConfigKeys (ConfUtils.java:logGet(43)) - raft.server.log.appender.install.snapshot.enabled = false (custom)
2019-09-24 22:43:30,899 [pool-47-thread-1] INFO  impl.RaftServerImpl (ServerState.java:<init>(103)) - 50c9ac3a-ba58-4412-b88f-9c17bcde39a8@group-C7C8BBF4D978: ConfigurationManager, init=-1: [cc0fada7-f07d-4fca-b5a3-1adb9c0f28a8:192.168.151.66:42999, 935414d4-2c23-4fcd-bc36-bb7e45710750:192.168.151.66:37475, 50c9ac3a-ba58-4412-b88f-9c17bcde39a8:192.168.151.66:39329], old=null, confs=<EMPTY_MAP>
2019-09-24 22:43:30,899 [pool-27-thread-1] INFO  storage.RaftStorageDirectory (RaftStorageDirectory.java:analyzeStorage(246)) - The storage directory /workdir/hadoop-ozone/integration-test/target/test-dir/MiniOzoneClusterImpl-d8bbf689-b3c7-4797-acf4-e99b3e7335dc/datanode-0/data/ratis/ad46bdea-c443-4324-9160-c7c8bbf4d978 does not exist. Creating ...
2019-09-24 22:43:30,899 [pool-47-thread-1] INFO  server.RaftServerConfigKeys (ConfUtils.java:logGet(43)) - raft.server.storage.dir = [/workdir/hadoop-ozone/integration-test/target/test-dir/MiniOzoneClusterImpl-d8bbf689-b3c7-4797-acf4-e99b3e7335dc/datanode-2/data/ratis] (custom)
2019-09-24 22:43:30,899 [pool-47-thread-1] INFO  storage.RaftStorageDirectory (RaftStorageDirectory.java:analyzeStorage(246)) - The storage directory /workdir/hadoop-ozone/integration-test/target/test-dir/MiniOzoneClusterImpl-d8bbf689-b3c7-4797-acf4-e99b3e7335dc/datanode-2/data/ratis/ad46bdea-c443-4324-9160-c7c8bbf4d978 does not exist. Creating ...
2019-09-24 22:43:30,923 [pool-27-thread-1] INFO  storage.RaftStorageDirectory (RaftStorageDirectory.java:tryLock(328)) - Lock on /workdir/hadoop-ozone/integration-test/target/test-dir/MiniOzoneClusterImpl-d8bbf689-b3c7-4797-acf4-e99b3e7335dc/datanode-0/data/ratis/ad46bdea-c443-4324-9160-c7c8bbf4d978/in_use.lock acquired by nodename 31728@pr-hdds-2162-v2v4x-1150571016
2019-09-24 22:43:30,923 [pool-47-thread-1] INFO  storage.RaftStorageDirectory (RaftStorageDirectory.java:tryLock(328)) - Lock on /workdir/hadoop-ozone/integration-test/target/test-dir/MiniOzoneClusterImpl-d8bbf689-b3c7-4797-acf4-e99b3e7335dc/datanode-2/data/ratis/ad46bdea-c443-4324-9160-c7c8bbf4d978/in_use.lock acquired by nodename 31728@pr-hdds-2162-v2v4x-1150571016
2019-09-24 22:43:30,923 [pool-77-thread-1] INFO  storage.RaftStorageDirectory (RaftStorageDirectory.java:tryLock(328)) - Lock on /workdir/hadoop-ozone/integration-test/target/test-dir/MiniOzoneClusterImpl-d8bbf689-b3c7-4797-acf4-e99b3e7335dc/datanode-5/data/ratis/ad46bdea-c443-4324-9160-c7c8bbf4d978/in_use.lock acquired by nodename 31728@pr-hdds-2162-v2v4x-1150571016
2019-09-24 22:43:30,949 [pool-27-thread-1] INFO  storage.RaftStorage (RaftStorage.java:format(72)) - Storage directory /workdir/hadoop-ozone/integration-test/target/test-dir/MiniOzoneClusterImpl-d8bbf689-b3c7-4797-acf4-e99b3e7335dc/datanode-0/data/ratis/ad46bdea-c443-4324-9160-c7c8bbf4d978 has been successfully formatted.
2019-09-24 22:43:30,949 [pool-47-thread-1] INFO  storage.RaftStorage (RaftStorage.java:format(72)) - Storage directory /workdir/hadoop-ozone/integration-test/target/test-dir/MiniOzoneClusterImpl-d8bbf689-b3c7-4797-acf4-e99b3e7335dc/datanode-2/data/ratis/ad46bdea-c443-4324-9160-c7c8bbf4d978 has been successfully formatted.
2019-09-24 22:43:30,949 [pool-77-thread-1] INFO  storage.RaftStorage (RaftStorage.java:format(72)) - Storage directory /workdir/hadoop-ozone/integration-test/target/test-dir/MiniOzoneClusterImpl-d8bbf689-b3c7-4797-acf4-e99b3e7335dc/datanode-5/data/ratis/ad46bdea-c443-4324-9160-c7c8bbf4d978 has been successfully formatted.
2019-09-24 22:43:30,949 [pool-27-thread-1] INFO  ratis.ContainerStateMachine (ContainerStateMachine.java:loadSnapshot(230)) - group-C7C8BBF4D978: The snapshot info is null. Setting the last applied indexto:(t:0, i:~)
2019-09-24 22:43:30,949 [pool-47-thread-1] INFO  ratis.ContainerStateMachine (ContainerStateMachine.java:loadSnapshot(230)) - group-C7C8BBF4D978: The snapshot info is null. Setting the last applied indexto:(t:0, i:~)
2019-09-24 22:43:30,949 [pool-27-thread-1] INFO  server.RaftServerConfigKeys (ConfUtils.java:logGet(43)) - raft.server.notification.no-leader.timeout = 120s (custom)
2019-09-24 22:43:30,949 [pool-77-thread-1] INFO  ratis.ContainerStateMachine (ContainerStateMachine.java:loadSnapshot(230)) - group-C7C8BBF4D978: The snapshot info is null. Setting the last applied indexto:(t:0, i:~)
2019-09-24 22:43:30,950 [pool-27-thread-1] INFO  server.RaftServerConfigKeys (ConfUtils.java:logGet(43)) - raft.server.log.use.memory = false (default)
2019-09-24 22:43:30,949 [pool-47-thread-1] INFO  server.RaftServerConfigKeys (ConfUtils.java:logGet(43)) - raft.server.notification.no-leader.timeout = 120s (custom)
2019-09-24 22:43:30,950 [pool-27-thread-1] INFO  server.RaftServerConfigKeys (ConfUtils.java:logGet(43)) - raft.server.log.purge.gap = 1000000 (custom)
2019-09-24 22:43:30,950 [pool-77-thread-1] INFO  server.RaftServerConfigKeys (ConfUtils.java:logGet(43)) - raft.server.notification.no-leader.timeout = 120s (custom)
2019-09-24 22:43:30,950 [pool-27-thread-1] INFO  server.RaftServerConfigKeys (ConfUtils.java:logGet(43)) - raft.server.log.appender.buffer.byte-limit = 33554432 (custom)
2019-09-24 22:43:30,950 [pool-47-thread-1] INFO  server.RaftServerConfigKeys (ConfUtils.java:logGet(43)) - raft.server.log.use.memory = false (default)
2019-09-24 22:43:30,950 [pool-27-thread-1] INFO  server.RaftServerConfigKeys (ConfUtils.java:logGet(43)) - raft.server.log.segment.size.max = 1048576 (custom)
2019-09-24 22:43:30,950 [pool-77-thread-1] INFO  server.RaftServerConfigKeys (ConfUtils.java:logGet(43)) - raft.server.log.use.memory = false (default)
2019-09-24 22:43:30,951 [pool-27-thread-1] INFO  server.RaftServerConfigKeys (ConfUtils.java:logGet(43)) - raft.server.log.segment.cache.num.max = 2 (custom)
2019-09-24 22:43:30,951 [pool-47-thread-1] INFO  server.RaftServerConfigKeys (ConfUtils.java:logGet(43)) - raft.server.log.purge.gap = 1000000 (custom)
2019-09-24 22:43:30,951 [pool-27-thread-1] INFO  segmented.SegmentedRaftLogWorker (SegmentedRaftLogWorker.java:<init>(172)) - new 935414d4-2c23-4fcd-bc36-bb7e45710750@group-C7C8BBF4D978-SegmentedRaftLogWorker for RaftStorage:Storage Directory /workdir/hadoop-ozone/integration-test/target/test-dir/MiniOzoneClusterImpl-d8bbf689-b3c7-4797-acf4-e99b3e7335dc/datanode-0/data/ratis/ad46bdea-c443-4324-9160-c7c8bbf4d978
2019-09-24 22:43:30,951 [pool-77-thread-1] INFO  server.RaftServerConfigKeys (ConfUtils.java:logGet(43)) - raft.server.log.purge.gap = 1000000 (custom)
2019-09-24 22:43:30,951 [pool-27-thread-1] INFO  server.RaftServerConfigKeys (ConfUtils.java:logGet(43)) - raft.server.log.queue.byte-limit = 2147483647 (custom)
2019-09-24 22:43:30,951 [pool-47-thread-1] INFO  server.RaftServerConfigKeys (ConfUtils.java:logGet(43)) - raft.server.log.appender.buffer.byte-limit = 33554432 (custom)
2019-09-24 22:43:30,952 [pool-27-thread-1] INFO  server.RaftServerConfigKeys (ConfUtils.java:logGet(43)) - raft.server.log.queue.element-limit = 1024 (custom)
2019-09-24 22:43:30,951 [pool-77-thread-1] INFO  server.RaftServerConfigKeys (ConfUtils.java:logGet(43)) - raft.server.log.appender.buffer.byte-limit = 33554432 (custom)
2019-09-24 22:43:30,952 [pool-27-thread-1] INFO  server.RaftServerConfigKeys (ConfUtils.java:logGet(43)) - raft.server.log.segment.size.max = 1048576 (custom)
2019-09-24 22:43:30,952 [pool-47-thread-1] INFO  server.RaftServerConfigKeys (ConfUtils.java:logGet(43)) - raft.server.log.segment.size.max = 1048576 (custom)
2019-09-24 22:43:30,952 [pool-27-thread-1] INFO  server.RaftServerConfigKeys (ConfUtils.java:logGet(43)) - raft.server.log.preallocated.size = 16384 (custom)
2019-09-24 22:43:30,952 [pool-77-thread-1] INFO  server.RaftServerConfigKeys (ConfUtils.java:logGet(43)) - raft.server.log.segment.size.max = 1048576 (custom)
2019-09-24 22:43:30,952 [pool-27-thread-1] INFO  server.RaftServerConfigKeys (ConfUtils.java:logGet(43)) - raft.server.log.write.buffer.size = 33554432 (custom)
2019-09-24 22:43:30,952 [pool-47-thread-1] INFO  server.RaftServerConfigKeys (ConfUtils.java:logGet(43)) - raft.server.log.segment.cache.num.max = 2 (custom)
2019-09-24 22:43:30,953 [pool-27-thread-1] INFO  server.RaftServerConfigKeys (ConfUtils.java:logGet(43)) - raft.server.log.force.sync.num = 128 (default)
2019-09-24 22:43:30,953 [pool-27-thread-1] INFO  server.RaftServerConfigKeys (ConfUtils.java:logGet(43)) - raft.server.log.statemachine.data.sync = true (default)
2019-09-24 22:43:30,953 [pool-77-thread-1] INFO  server.RaftServerConfigKeys (ConfUtils.java:logGet(43)) - raft.server.log.segment.cache.num.max = 2 (custom)
2019-09-24 22:43:30,953 [pool-27-thread-1] INFO  server.RaftServerConfigKeys (ConfUtils.java:logGet(43)) - raft.server.log.statemachine.data.sync.timeout = 10s (default)
2019-09-24 22:43:30,954 [pool-27-thread-1] INFO  server.RaftServerConfigKeys (ConfUtils.java:logGet(43)) - raft.server.log.statemachine.data.sync.timeout.retry = -1 (default)
2019-09-24 22:43:30,953 [pool-47-thread-1] INFO  segmented.SegmentedRaftLogWorker (SegmentedRaftLogWorker.java:<init>(172)) - new 50c9ac3a-ba58-4412-b88f-9c17bcde39a8@group-C7C8BBF4D978-SegmentedRaftLogWorker for RaftStorage:Storage Directory /workdir/hadoop-ozone/integration-test/target/test-dir/MiniOzoneClusterImpl-d8bbf689-b3c7-4797-acf4-e99b3e7335dc/datanode-2/data/ratis/ad46bdea-c443-4324-9160-c7c8bbf4d978
2019-09-24 22:43:30,954 [pool-27-thread-1] INFO  server.RaftServerConfigKeys (ConfUtils.java:logGet(43)) - raft.server.log.statemachine.data.caching.enabled = true (custom)
2019-09-24 22:43:30,953 [pool-77-thread-1] INFO  segmented.SegmentedRaftLogWorker (SegmentedRaftLogWorker.java:<init>(172)) - new cc0fada7-f07d-4fca-b5a3-1adb9c0f28a8@group-C7C8BBF4D978-SegmentedRaftLogWorker for RaftStorage:Storage Directory /workdir/hadoop-ozone/integration-test/target/test-dir/MiniOzoneClusterImpl-d8bbf689-b3c7-4797-acf4-e99b3e7335dc/datanode-5/data/ratis/ad46bdea-c443-4324-9160-c7c8bbf4d978
2019-09-24 22:43:30,954 [pool-47-thread-1] INFO  server.RaftServerConfigKeys (ConfUtils.java:logGet(43)) - raft.server.log.queue.byte-limit = 2147483647 (custom)
2019-09-24 22:43:30,954 [pool-77-thread-1] INFO  server.RaftServerConfigKeys (ConfUtils.java:logGet(43)) - raft.server.log.queue.byte-limit = 2147483647 (custom)
2019-09-24 22:43:30,954 [pool-27-thread-1] INFO  segmented.SegmentedRaftLogWorker (SegmentedRaftLogWorker.java:lambda$new$0(132)) - 935414d4-2c23-4fcd-bc36-bb7e45710750@group-C7C8BBF4D978-SegmentedRaftLogWorker: flushIndex: setUnconditionally 0 -> -1
2019-09-24 22:43:30,954 [pool-77-thread-1] INFO  server.RaftServerConfigKeys (ConfUtils.java:logGet(43)) - raft.server.log.queue.element-limit = 1024 (custom)
2019-09-24 22:43:30,954 [pool-47-thread-1] INFO  server.RaftServerConfigKeys (ConfUtils.java:logGet(43)) - raft.server.log.queue.element-limit = 1024 (custom)
2019-09-24 22:43:30,955 [pool-77-thread-1] INFO  server.RaftServerConfigKeys (ConfUtils.java:logGet(43)) - raft.server.log.segment.size.max = 1048576 (custom)
2019-09-24 22:43:30,955 [pool-27-thread-1] INFO  server.RaftServerConfigKeys (ConfUtils.java:logGet(43)) - raft.server.snapshot.auto.trigger.enabled = true (custom)
2019-09-24 22:43:30,955 [pool-77-thread-1] INFO  server.RaftServerConfigKeys (ConfUtils.java:logGet(43)) - raft.server.log.preallocated.size = 16384 (custom)
2019-09-24 22:43:30,955 [pool-47-thread-1] INFO  server.RaftServerConfigKeys (ConfUtils.java:logGet(43)) - raft.server.log.segment.size.max = 1048576 (custom)
2019-09-24 22:43:30,955 [pool-77-thread-1] INFO  server.RaftServerConfigKeys (ConfUtils.java:logGet(43)) - raft.server.log.write.buffer.size = 33554432 (custom)
2019-09-24 22:43:30,955 [pool-27-thread-1] INFO  server.RaftServerConfigKeys (ConfUtils.java:logGet(43)) - raft.server.snapshot.auto.trigger.threshold = 10000 (custom)
2019-09-24 22:43:30,956 [pool-77-thread-1] INFO  server.RaftServerConfigKeys (ConfUtils.java:logGet(43)) - raft.server.log.force.sync.num = 128 (default)
2019-09-24 22:43:30,956 [pool-47-thread-1] INFO  server.RaftServerConfigKeys (ConfUtils.java:logGet(43)) - raft.server.log.preallocated.size = 16384 (custom)
2019-09-24 22:43:30,956 [pool-77-thread-1] INFO  server.RaftServerConfigKeys (ConfUtils.java:logGet(43)) - raft.server.log.statemachine.data.sync = true (default)
2019-09-24 22:43:30,956 [pool-27-thread-1] INFO  server.RaftServerConfigKeys (ConfUtils.java:logGet(43)) - raft.server.snapshot.retention.num.files = 5 (custom)
2019-09-24 22:43:30,956 [pool-77-thread-1] INFO  server.RaftServerConfigKeys (ConfUtils.java:logGet(43)) - raft.server.log.statemachine.data.sync.timeout = 10s (default)
2019-09-24 22:43:30,956 [pool-47-thread-1] INFO  server.RaftServerConfigKeys (ConfUtils.java:logGet(43)) - raft.server.log.write.buffer.size = 33554432 (custom)
2019-09-24 22:43:30,957 [pool-77-thread-1] INFO  server.RaftServerConfigKeys (ConfUtils.java:logGet(43)) - raft.server.log.statemachine.data.sync.timeout.retry = -1 (default)
2019-09-24 22:43:30,956 [pool-27-thread-1] INFO  server.RaftServerConfigKeys (ConfUtils.java:logGet(43)) - raft.server.retrycache.expirytime = 600000ms (custom)
2019-09-24 22:43:30,957 [pool-77-thread-1] INFO  server.RaftServerConfigKeys (ConfUtils.java:logGet(43)) - raft.server.log.statemachine.data.caching.enabled = true (custom)
2019-09-24 22:43:30,957 [pool-47-thread-1] INFO  server.RaftServerConfigKeys (ConfUtils.java:logGet(43)) - raft.server.log.force.sync.num = 128 (default)
2019-09-24 22:43:30,957 [pool-47-thread-1] INFO  server.RaftServerConfigKeys (ConfUtils.java:logGet(43)) - raft.server.log.statemachine.data.sync = true (default)
2019-09-24 22:43:30,957 [pool-77-thread-1] INFO  segmented.SegmentedRaftLogWorker (SegmentedRaftLogWorker.java:lambda$new$0(132)) - cc0fada7-f07d-4fca-b5a3-1adb9c0f28a8@group-C7C8BBF4D978-SegmentedRaftLogWorker: flushIndex: setUnconditionally 0 -> -1
2019-09-24 22:43:30,957 [pool-47-thread-1] INFO  server.RaftServerConfigKeys (ConfUtils.java:logGet(43)) - raft.server.log.statemachine.data.sync.timeout = 10s (default)
2019-09-24 22:43:30,958 [pool-77-thread-1] INFO  server.RaftServerConfigKeys (ConfUtils.java:logGet(43)) - raft.server.snapshot.auto.trigger.enabled = true (custom)
2019-09-24 22:43:30,958 [pool-47-thread-1] INFO  server.RaftServerConfigKeys (ConfUtils.java:logGet(43)) - raft.server.log.statemachine.data.sync.timeout.retry = -1 (default)
2019-09-24 22:43:30,958 [pool-77-thread-1] INFO  server.RaftServerConfigKeys (ConfUtils.java:logGet(43)) - raft.server.snapshot.auto.trigger.threshold = 10000 (custom)
2019-09-24 22:43:30,958 [pool-77-thread-1] INFO  server.RaftServerConfigKeys (ConfUtils.java:logGet(43)) - raft.server.snapshot.retention.num.files = 5 (custom)
2019-09-24 22:43:30,959 [pool-47-thread-1] INFO  server.RaftServerConfigKeys (ConfUtils.java:logGet(43)) - raft.server.log.statemachine.data.caching.enabled = true (custom)
2019-09-24 22:43:30,959 [pool-77-thread-1] INFO  server.RaftServerConfigKeys (ConfUtils.java:logGet(43)) - raft.server.retrycache.expirytime = 600000ms (custom)
2019-09-24 22:43:30,959 [pool-47-thread-1] INFO  segmented.SegmentedRaftLogWorker (SegmentedRaftLogWorker.java:lambda$new$0(132)) - 50c9ac3a-ba58-4412-b88f-9c17bcde39a8@group-C7C8BBF4D978-SegmentedRaftLogWorker: flushIndex: setUnconditionally 0 -> -1
2019-09-24 22:43:30,959 [pool-47-thread-1] INFO  server.RaftServerConfigKeys (ConfUtils.java:logGet(43)) - raft.server.snapshot.auto.trigger.enabled = true (custom)
2019-09-24 22:43:30,960 [pool-47-thread-1] INFO  server.RaftServerConfigKeys (ConfUtils.java:logGet(43)) - raft.server.snapshot.auto.trigger.threshold = 10000 (custom)
2019-09-24 22:43:30,960 [pool-47-thread-1] INFO  server.RaftServerConfigKeys (ConfUtils.java:logGet(43)) - raft.server.snapshot.retention.num.files = 5 (custom)
2019-09-24 22:43:30,960 [pool-47-thread-1] INFO  server.RaftServerConfigKeys (ConfUtils.java:logGet(43)) - raft.server.retrycache.expirytime = 600000ms (custom)
2019-09-24 22:43:30,960 [pool-27-thread-1] INFO  impl.RaftServerImpl (RaftServerImpl.java:start(185)) - 935414d4-2c23-4fcd-bc36-bb7e45710750@group-C7C8BBF4D978: start as a follower, conf=-1: [cc0fada7-f07d-4fca-b5a3-1adb9c0f28a8:192.168.151.66:42999, 935414d4-2c23-4fcd-bc36-bb7e45710750:192.168.151.66:37475, 50c9ac3a-ba58-4412-b88f-9c17bcde39a8:192.168.151.66:39329], old=null
2019-09-24 22:43:30,961 [pool-27-thread-1] INFO  impl.RaftServerImpl (RaftServerImpl.java:setRole(174)) - 935414d4-2c23-4fcd-bc36-bb7e45710750@group-C7C8BBF4D978: changes role from      null to FOLLOWER at term 0 for startAsFollower
2019-09-24 22:43:30,961 [pool-27-thread-1] INFO  impl.RoleInfo (RoleInfo.java:updateAndGet(143)) - 935414d4-2c23-4fcd-bc36-bb7e45710750: start FollowerState
2019-09-24 22:43:30,961 [pool-27-thread-1] INFO  util.JmxRegister (JmxRegister.java:tryRegister(44)) - Successfully registered JMX Bean with object name Ratis:service=RaftServer,group=group-C7C8BBF4D978,id=935414d4-2c23-4fcd-bc36-bb7e45710750
2019-09-24 22:43:30,962 [pool-77-thread-1] INFO  impl.RaftServerImpl (RaftServerImpl.java:start(185)) - cc0fada7-f07d-4fca-b5a3-1adb9c0f28a8@group-C7C8BBF4D978: start as a follower, conf=-1: [cc0fada7-f07d-4fca-b5a3-1adb9c0f28a8:192.168.151.66:42999, 935414d4-2c23-4fcd-bc36-bb7e45710750:192.168.151.66:37475, 50c9ac3a-ba58-4412-b88f-9c17bcde39a8:192.168.151.66:39329], old=null
2019-09-24 22:43:30,962 [pool-77-thread-1] INFO  impl.RaftServerImpl (RaftServerImpl.java:setRole(174)) - cc0fada7-f07d-4fca-b5a3-1adb9c0f28a8@group-C7C8BBF4D978: changes role from      null to FOLLOWER at term 0 for startAsFollower
2019-09-24 22:43:30,962 [pool-77-thread-1] INFO  impl.RoleInfo (RoleInfo.java:updateAndGet(143)) - cc0fada7-f07d-4fca-b5a3-1adb9c0f28a8: start FollowerState
2019-09-24 22:43:30,963 [pool-77-thread-1] INFO  util.JmxRegister (JmxRegister.java:tryRegister(44)) - Successfully registered JMX Bean with object name Ratis:service=RaftServer,group=group-C7C8BBF4D978,id=cc0fada7-f07d-4fca-b5a3-1adb9c0f28a8
2019-09-24 22:43:30,963 [pool-47-thread-1] INFO  impl.RaftServerImpl (RaftServerImpl.java:start(185)) - 50c9ac3a-ba58-4412-b88f-9c17bcde39a8@group-C7C8BBF4D978: start as a follower, conf=-1: [cc0fada7-f07d-4fca-b5a3-1adb9c0f28a8:192.168.151.66:42999, 935414d4-2c23-4fcd-bc36-bb7e45710750:192.168.151.66:37475, 50c9ac3a-ba58-4412-b88f-9c17bcde39a8:192.168.151.66:39329], old=null
2019-09-24 22:43:30,964 [pool-47-thread-1] INFO  impl.RaftServerImpl (RaftServerImpl.java:setRole(174)) - 50c9ac3a-ba58-4412-b88f-9c17bcde39a8@group-C7C8BBF4D978: changes role from      null to FOLLOWER at term 0 for startAsFollower
2019-09-24 22:43:30,964 [pool-47-thread-1] INFO  impl.RoleInfo (RoleInfo.java:updateAndGet(143)) - 50c9ac3a-ba58-4412-b88f-9c17bcde39a8: start FollowerState
2019-09-24 22:43:30,964 [pool-47-thread-1] INFO  util.JmxRegister (JmxRegister.java:tryRegister(44)) - Successfully registered JMX Bean with object name Ratis:service=RaftServer,group=group-C7C8BBF4D978,id=50c9ac3a-ba58-4412-b88f-9c17bcde39a8
2019-09-24 22:43:30,991 [RatisPipelineUtilsThread] INFO  pipeline.PipelineStateManager (PipelineStateManager.java:addPipeline(56)) - Created pipeline Pipeline[ Id: ad46bdea-c443-4324-9160-c7c8bbf4d978, Nodes: cc0fada7-f07d-4fca-b5a3-1adb9c0f28a8{ip: 192.168.151.66, host: pr-hdds-2162-v2v4x-1150571016, networkLocation: /default-rack, certSerialId: null}935414d4-2c23-4fcd-bc36-bb7e45710750{ip: 192.168.151.66, host: pr-hdds-2162-v2v4x-1150571016, networkLocation: /default-rack, certSerialId: null}50c9ac3a-ba58-4412-b88f-9c17bcde39a8{ip: 192.168.151.66, host: pr-hdds-2162-v2v4x-1150571016, networkLocation: /default-rack, certSerialId: null}, Type:RATIS, Factor:THREE, State:OPEN]
2019-09-24 22:43:31,027 [grpc-default-executor-1] INFO  impl.RaftServerProxy (RaftServerProxy.java:addNew(89)) - 9c8ab630-b5f5-42ae-ab19-9f6aeef8fdc5: addNew group-58912FCE31F0:[9c8ab630-b5f5-42ae-ab19-9f6aeef8fdc5:192.168.151.66:34606, cec385b5-4726-4a13-96d2-2d6a2f49e9ea:192.168.151.66:34702, 70f4562f-d8ad-4306-8e38-e3256cd2d134:192.168.151.66:46029] returns group-58912FCE31F0:java.util.concurrent.CompletableFuture@3aa17e38[Not completed]
2019-09-24 22:43:31,027 [grpc-default-executor-0] INFO  impl.RaftServerProxy (RaftServerProxy.java:addNew(89)) - cec385b5-4726-4a13-96d2-2d6a2f49e9ea: addNew group-58912FCE31F0:[9c8ab630-b5f5-42ae-ab19-9f6aeef8fdc5:192.168.151.66:34606, cec385b5-4726-4a13-96d2-2d6a2f49e9ea:192.168.151.66:34702, 70f4562f-d8ad-4306-8e38-e3256cd2d134:192.168.151.66:46029] returns group-58912FCE31F0:java.util.concurrent.CompletableFuture@57a286a4[Not completed]
2019-09-24 22:43:31,027 [grpc-default-executor-2] INFO  impl.RaftServerProxy (RaftServerProxy.java:addNew(89)) - 70f4562f-d8ad-4306-8e38-e3256cd2d134: addNew group-58912FCE31F0:[9c8ab630-b5f5-42ae-ab19-9f6aeef8fdc5:192.168.151.66:34606, cec385b5-4726-4a13-96d2-2d6a2f49e9ea:192.168.151.66:34702, 70f4562f-d8ad-4306-8e38-e3256cd2d134:192.168.151.66:46029] returns group-58912FCE31F0:java.util.concurrent.CompletableFuture@9410aa3[Not completed]
2019-09-24 22:43:31,031 [pool-67-thread-1] INFO  impl.RaftServerImpl (RaftServerImpl.java:<init>(95)) - 70f4562f-d8ad-4306-8e38-e3256cd2d134: new RaftServerImpl for group-58912FCE31F0:[9c8ab630-b5f5-42ae-ab19-9f6aeef8fdc5:192.168.151.66:34606, cec385b5-4726-4a13-96d2-2d6a2f49e9ea:192.168.151.66:34702, 70f4562f-d8ad-4306-8e38-e3256cd2d134:192.168.151.66:46029] with ContainerStateMachine:uninitialized
2019-09-24 22:43:31,031 [pool-67-thread-1] INFO  server.RaftServerConfigKeys (ConfUtils.java:logGet(43)) - raft.server.rpc.timeout.min = 5s (custom)
2019-09-24 22:43:31,032 [pool-67-thread-1] INFO  server.RaftServerConfigKeys (ConfUtils.java:logGet(43)) - raft.server.rpc.timeout.max = 5200ms (custom)
2019-09-24 22:43:31,032 [pool-67-thread-1] INFO  server.RaftServerConfigKeys (ConfUtils.java:logGet(43)) - raft.server.rpcslowness.timeout = 120s (custom)
2019-09-24 22:43:31,032 [pool-67-thread-1] INFO  server.RaftServerConfigKeys (ConfUtils.java:logGet(43)) - raft.server.sleep.deviation.threshold = 300 (default)
2019-09-24 22:43:31,032 [pool-67-thread-1] INFO  server.RaftServerConfigKeys (ConfUtils.java:logGet(43)) - raft.server.log.appender.install.snapshot.enabled = false (custom)
2019-09-24 22:43:31,032 [pool-67-thread-1] INFO  impl.RaftServerImpl (ServerState.java:<init>(103)) - 70f4562f-d8ad-4306-8e38-e3256cd2d134@group-58912FCE31F0: ConfigurationManager, init=-1: [9c8ab630-b5f5-42ae-ab19-9f6aeef8fdc5:192.168.151.66:34606, cec385b5-4726-4a13-96d2-2d6a2f49e9ea:192.168.151.66:34702, 70f4562f-d8ad-4306-8e38-e3256cd2d134:192.168.151.66:46029], old=null, confs=<EMPTY_MAP>
2019-09-24 22:43:31,032 [pool-57-thread-1] INFO  impl.RaftServerImpl (RaftServerImpl.java:<init>(95)) - cec385b5-4726-4a13-96d2-2d6a2f49e9ea: new RaftServerImpl for group-58912FCE31F0:[9c8ab630-b5f5-42ae-ab19-9f6aeef8fdc5:192.168.151.66:34606, cec385b5-4726-4a13-96d2-2d6a2f49e9ea:192.168.151.66:34702, 70f4562f-d8ad-4306-8e38-e3256cd2d134:192.168.151.66:46029] with ContainerStateMachine:uninitialized
2019-09-24 22:43:31,032 [pool-67-thread-1] INFO  server.RaftServerConfigKeys (ConfUtils.java:logGet(43)) - raft.server.storage.dir = [/workdir/hadoop-ozone/integration-test/target/test-dir/MiniOzoneClusterImpl-d8bbf689-b3c7-4797-acf4-e99b3e7335dc/datanode-4/data/ratis] (custom)
2019-09-24 22:43:31,032 [pool-57-thread-1] INFO  server.RaftServerConfigKeys (ConfUtils.java:logGet(43)) - raft.server.rpc.timeout.min = 5s (custom)
2019-09-24 22:43:31,033 [pool-57-thread-1] INFO  server.RaftServerConfigKeys (ConfUtils.java:logGet(43)) - raft.server.rpc.timeout.max = 5200ms (custom)
2019-09-24 22:43:31,033 [pool-67-thread-1] INFO  storage.RaftStorageDirectory (RaftStorageDirectory.java:analyzeStorage(246)) - The storage directory /workdir/hadoop-ozone/integration-test/target/test-dir/MiniOzoneClusterImpl-d8bbf689-b3c7-4797-acf4-e99b3e7335dc/datanode-4/data/ratis/ada78913-7496-480e-881c-58912fce31f0 does not exist. Creating ...
2019-09-24 22:43:31,033 [pool-57-thread-1] INFO  server.RaftServerConfigKeys (ConfUtils.java:logGet(43)) - raft.server.rpcslowness.timeout = 120s (custom)
2019-09-24 22:43:31,033 [pool-37-thread-1] INFO  impl.RaftServerImpl (RaftServerImpl.java:<init>(95)) - 9c8ab630-b5f5-42ae-ab19-9f6aeef8fdc5: new RaftServerImpl for group-58912FCE31F0:[9c8ab630-b5f5-42ae-ab19-9f6aeef8fdc5:192.168.151.66:34606, cec385b5-4726-4a13-96d2-2d6a2f49e9ea:192.168.151.66:34702, 70f4562f-d8ad-4306-8e38-e3256cd2d134:192.168.151.66:46029] with ContainerStateMachine:uninitialized
2019-09-24 22:43:31,033 [pool-57-thread-1] INFO  server.RaftServerConfigKeys (ConfUtils.java:logGet(43)) - raft.server.sleep.deviation.threshold = 300 (default)
2019-09-24 22:43:31,033 [pool-37-thread-1] INFO  server.RaftServerConfigKeys (ConfUtils.java:logGet(43)) - raft.server.rpc.timeout.min = 5s (custom)
2019-09-24 22:43:31,033 [pool-57-thread-1] INFO  server.RaftServerConfigKeys (ConfUtils.java:logGet(43)) - raft.server.log.appender.install.snapshot.enabled = false (custom)
2019-09-24 22:43:31,033 [pool-37-thread-1] INFO  server.RaftServerConfigKeys (ConfUtils.java:logGet(43)) - raft.server.rpc.timeout.max = 5200ms (custom)
2019-09-24 22:43:31,034 [pool-57-thread-1] INFO  impl.RaftServerImpl (ServerState.java:<init>(103)) - cec385b5-4726-4a13-96d2-2d6a2f49e9ea@group-58912FCE31F0: ConfigurationManager, init=-1: [9c8ab630-b5f5-42ae-ab19-9f6aeef8fdc5:192.168.151.66:34606, cec385b5-4726-4a13-96d2-2d6a2f49e9ea:192.168.151.66:34702, 70f4562f-d8ad-4306-8e38-e3256cd2d134:192.168.151.66:46029], old=null, confs=<EMPTY_MAP>
2019-09-24 22:43:31,034 [pool-37-thread-1] INFO  server.RaftServerConfigKeys (ConfUtils.java:logGet(43)) - raft.server.rpcslowness.timeout = 120s (custom)
2019-09-24 22:43:31,034 [pool-37-thread-1] INFO  server.RaftServerConfigKeys (ConfUtils.java:logGet(43)) - raft.server.sleep.deviation.threshold = 300 (default)
2019-09-24 22:43:31,034 [pool-57-thread-1] INFO  server.RaftServerConfigKeys (ConfUtils.java:logGet(43)) - raft.server.storage.dir = [/workdir/hadoop-ozone/integration-test/target/test-dir/MiniOzoneClusterImpl-d8bbf689-b3c7-4797-acf4-e99b3e7335dc/datanode-3/data/ratis] (custom)
2019-09-24 22:43:31,034 [pool-37-thread-1] INFO  server.RaftServerConfigKeys (ConfUtils.java:logGet(43)) - raft.server.log.appender.install.snapshot.enabled = false (custom)
2019-09-24 22:43:31,034 [pool-37-thread-1] INFO  impl.RaftServerImpl (ServerState.java:<init>(103)) - 9c8ab630-b5f5-42ae-ab19-9f6aeef8fdc5@group-58912FCE31F0: ConfigurationManager, init=-1: [9c8ab630-b5f5-42ae-ab19-9f6aeef8fdc5:192.168.151.66:34606, cec385b5-4726-4a13-96d2-2d6a2f49e9ea:192.168.151.66:34702, 70f4562f-d8ad-4306-8e38-e3256cd2d134:192.168.151.66:46029], old=null, confs=<EMPTY_MAP>
2019-09-24 22:43:31,034 [pool-57-thread-1] INFO  storage.RaftStorageDirectory (RaftStorageDirectory.java:analyzeStorage(246)) - The storage directory /workdir/hadoop-ozone/integration-test/target/test-dir/MiniOzoneClusterImpl-d8bbf689-b3c7-4797-acf4-e99b3e7335dc/datanode-3/data/ratis/ada78913-7496-480e-881c-58912fce31f0 does not exist. Creating ...
2019-09-24 22:43:31,034 [pool-37-thread-1] INFO  server.RaftServerConfigKeys (ConfUtils.java:logGet(43)) - raft.server.storage.dir = [/workdir/hadoop-ozone/integration-test/target/test-dir/MiniOzoneClusterImpl-d8bbf689-b3c7-4797-acf4-e99b3e7335dc/datanode-1/data/ratis] (custom)
2019-09-24 22:43:31,035 [pool-37-thread-1] INFO  storage.RaftStorageDirectory (RaftStorageDirectory.java:analyzeStorage(246)) - The storage directory /workdir/hadoop-ozone/integration-test/target/test-dir/MiniOzoneClusterImpl-d8bbf689-b3c7-4797-acf4-e99b3e7335dc/datanode-1/data/ratis/ada78913-7496-480e-881c-58912fce31f0 does not exist. Creating ...
2019-09-24 22:43:31,066 [pool-57-thread-1] INFO  storage.RaftStorageDirectory (RaftStorageDirectory.java:tryLock(328)) - Lock on /workdir/hadoop-ozone/integration-test/target/test-dir/MiniOzoneClusterImpl-d8bbf689-b3c7-4797-acf4-e99b3e7335dc/datanode-3/data/ratis/ada78913-7496-480e-881c-58912fce31f0/in_use.lock acquired by nodename 31728@pr-hdds-2162-v2v4x-1150571016
2019-09-24 22:43:31,066 [pool-37-thread-1] INFO  storage.RaftStorageDirectory (RaftStorageDirectory.java:tryLock(328)) - Lock on /workdir/hadoop-ozone/integration-test/target/test-dir/MiniOzoneClusterImpl-d8bbf689-b3c7-4797-acf4-e99b3e7335dc/datanode-1/data/ratis/ada78913-7496-480e-881c-58912fce31f0/in_use.lock acquired by nodename 31728@pr-hdds-2162-v2v4x-1150571016
2019-09-24 22:43:31,066 [pool-67-thread-1] INFO  storage.RaftStorageDirectory (RaftStorageDirectory.java:tryLock(328)) - Lock on /workdir/hadoop-ozone/integration-test/target/test-dir/MiniOzoneClusterImpl-d8bbf689-b3c7-4797-acf4-e99b3e7335dc/datanode-4/data/ratis/ada78913-7496-480e-881c-58912fce31f0/in_use.lock acquired by nodename 31728@pr-hdds-2162-v2v4x-1150571016
2019-09-24 22:43:31,077 [pool-67-thread-1] INFO  storage.RaftStorage (RaftStorage.java:format(72)) - Storage directory /workdir/hadoop-ozone/integration-test/target/test-dir/MiniOzoneClusterImpl-d8bbf689-b3c7-4797-acf4-e99b3e7335dc/datanode-4/data/ratis/ada78913-7496-480e-881c-58912fce31f0 has been successfully formatted.
2019-09-24 22:43:31,077 [pool-37-thread-1] INFO  storage.RaftStorage (RaftStorage.java:format(72)) - Storage directory /workdir/hadoop-ozone/integration-test/target/test-dir/MiniOzoneClusterImpl-d8bbf689-b3c7-4797-acf4-e99b3e7335dc/datanode-1/data/ratis/ada78913-7496-480e-881c-58912fce31f0 has been successfully formatted.
2019-09-24 22:43:31,077 [pool-57-thread-1] INFO  storage.RaftStorage (RaftStorage.java:format(72)) - Storage directory /workdir/hadoop-ozone/integration-test/target/test-dir/MiniOzoneClusterImpl-d8bbf689-b3c7-4797-acf4-e99b3e7335dc/datanode-3/data/ratis/ada78913-7496-480e-881c-58912fce31f0 has been successfully formatted.
2019-09-24 22:43:31,078 [pool-37-thread-1] INFO  ratis.ContainerStateMachine (ContainerStateMachine.java:loadSnapshot(230)) - group-58912FCE31F0: The snapshot info is null. Setting the last applied indexto:(t:0, i:~)
2019-09-24 22:43:31,078 [pool-67-thread-1] INFO  ratis.ContainerStateMachine (ContainerStateMachine.java:loadSnapshot(230)) - group-58912FCE31F0: The snapshot info is null. Setting the last applied indexto:(t:0, i:~)
2019-09-24 22:43:31,078 [pool-57-thread-1] INFO  ratis.ContainerStateMachine (ContainerStateMachine.java:loadSnapshot(230)) - group-58912FCE31F0: The snapshot info is null. Setting the last applied indexto:(t:0, i:~)
2019-09-24 22:43:31,078 [pool-37-thread-1] INFO  server.RaftServerConfigKeys (ConfUtils.java:logGet(43)) - raft.server.notification.no-leader.timeout = 120s (custom)
2019-09-24 22:43:31,078 [pool-57-thread-1] INFO  server.RaftServerConfigKeys (ConfUtils.java:logGet(43)) - raft.server.notification.no-leader.timeout = 120s (custom)
2019-09-24 22:43:31,078 [pool-67-thread-1] INFO  server.RaftServerConfigKeys (ConfUtils.java:logGet(43)) - raft.server.notification.no-leader.timeout = 120s (custom)
2019-09-24 22:43:31,079 [pool-57-thread-1] INFO  server.RaftServerConfigKeys (ConfUtils.java:logGet(43)) - raft.server.log.use.memory = false (default)
2019-09-24 22:43:31,078 [pool-37-thread-1] INFO  server.RaftServerConfigKeys (ConfUtils.java:logGet(43)) - raft.server.log.use.memory = false (default)
2019-09-24 22:43:31,079 [pool-57-thread-1] INFO  server.RaftServerConfigKeys (ConfUtils.java:logGet(43)) - raft.server.log.purge.gap = 1000000 (custom)
2019-09-24 22:43:31,079 [pool-67-thread-1] INFO  server.RaftServerConfigKeys (ConfUtils.java:logGet(43)) - raft.server.log.use.memory = false (default)
2019-09-24 22:43:31,079 [pool-57-thread-1] INFO  server.RaftServerConfigKeys (ConfUtils.java:logGet(43)) - raft.server.log.appender.buffer.byte-limit = 33554432 (custom)
2019-09-24 22:43:31,079 [pool-37-thread-1] INFO  server.RaftServerConfigKeys (ConfUtils.java:logGet(43)) - raft.server.log.purge.gap = 1000000 (custom)
2019-09-24 22:43:31,080 [pool-57-thread-1] INFO  server.RaftServerConfigKeys (ConfUtils.java:logGet(43)) - raft.server.log.segment.size.max = 1048576 (custom)
2019-09-24 22:43:31,079 [pool-67-thread-1] INFO  server.RaftServerConfigKeys (ConfUtils.java:logGet(43)) - raft.server.log.purge.gap = 1000000 (custom)
2019-09-24 22:43:31,080 [pool-57-thread-1] INFO  server.RaftServerConfigKeys (ConfUtils.java:logGet(43)) - raft.server.log.segment.cache.num.max = 2 (custom)
2019-09-24 22:43:31,080 [pool-37-thread-1] INFO  server.RaftServerConfigKeys (ConfUtils.java:logGet(43)) - raft.server.log.appender.buffer.byte-limit = 33554432 (custom)
2019-09-24 22:43:31,080 [pool-57-thread-1] INFO  segmented.SegmentedRaftLogWorker (SegmentedRaftLogWorker.java:<init>(172)) - new cec385b5-4726-4a13-96d2-2d6a2f49e9ea@group-58912FCE31F0-SegmentedRaftLogWorker for RaftStorage:Storage Directory /workdir/hadoop-ozone/integration-test/target/test-dir/MiniOzoneClusterImpl-d8bbf689-b3c7-4797-acf4-e99b3e7335dc/datanode-3/data/ratis/ada78913-7496-480e-881c-58912fce31f0
2019-09-24 22:43:31,080 [pool-67-thread-1] INFO  server.RaftServerConfigKeys (ConfUtils.java:logGet(43)) - raft.server.log.appender.buffer.byte-limit = 33554432 (custom)
2019-09-24 22:43:31,081 [pool-57-thread-1] INFO  server.RaftServerConfigKeys (ConfUtils.java:logGet(43)) - raft.server.log.queue.byte-limit = 2147483647 (custom)
2019-09-24 22:43:31,080 [pool-37-thread-1] INFO  server.RaftServerConfigKeys (ConfUtils.java:logGet(43)) - raft.server.log.segment.size.max = 1048576 (custom)
2019-09-24 22:43:31,081 [pool-57-thread-1] INFO  server.RaftServerConfigKeys (ConfUtils.java:logGet(43)) - raft.server.log.queue.element-limit = 1024 (custom)
2019-09-24 22:43:31,081 [pool-67-thread-1] INFO  server.RaftServerConfigKeys (ConfUtils.java:logGet(43)) - raft.server.log.segment.size.max = 1048576 (custom)
2019-09-24 22:43:31,081 [pool-57-thread-1] INFO  server.RaftServerConfigKeys (ConfUtils.java:logGet(43)) - raft.server.log.segment.size.max = 1048576 (custom)
2019-09-24 22:43:31,081 [pool-37-thread-1] INFO  server.RaftServerConfigKeys (ConfUtils.java:logGet(43)) - raft.server.log.segment.cache.num.max = 2 (custom)
2019-09-24 22:43:31,081 [pool-57-thread-1] INFO  server.RaftServerConfigKeys (ConfUtils.java:logGet(43)) - raft.server.log.preallocated.size = 16384 (custom)
2019-09-24 22:43:31,081 [pool-67-thread-1] INFO  server.RaftServerConfigKeys (ConfUtils.java:logGet(43)) - raft.server.log.segment.cache.num.max = 2 (custom)
2019-09-24 22:43:31,082 [pool-57-thread-1] INFO  server.RaftServerConfigKeys (ConfUtils.java:logGet(43)) - raft.server.log.write.buffer.size = 33554432 (custom)
2019-09-24 22:43:31,082 [pool-37-thread-1] INFO  segmented.SegmentedRaftLogWorker (SegmentedRaftLogWorker.java:<init>(172)) - new 9c8ab630-b5f5-42ae-ab19-9f6aeef8fdc5@group-58912FCE31F0-SegmentedRaftLogWorker for RaftStorage:Storage Directory /workdir/hadoop-ozone/integration-test/target/test-dir/MiniOzoneClusterImpl-d8bbf689-b3c7-4797-acf4-e99b3e7335dc/datanode-1/data/ratis/ada78913-7496-480e-881c-58912fce31f0
2019-09-24 22:43:31,082 [pool-57-thread-1] INFO  server.RaftServerConfigKeys (ConfUtils.java:logGet(43)) - raft.server.log.force.sync.num = 128 (default)
2019-09-24 22:43:31,082 [pool-67-thread-1] INFO  segmented.SegmentedRaftLogWorker (SegmentedRaftLogWorker.java:<init>(172)) - new 70f4562f-d8ad-4306-8e38-e3256cd2d134@group-58912FCE31F0-SegmentedRaftLogWorker for RaftStorage:Storage Directory /workdir/hadoop-ozone/integration-test/target/test-dir/MiniOzoneClusterImpl-d8bbf689-b3c7-4797-acf4-e99b3e7335dc/datanode-4/data/ratis/ada78913-7496-480e-881c-58912fce31f0
2019-09-24 22:43:31,082 [pool-57-thread-1] INFO  server.RaftServerConfigKeys (ConfUtils.java:logGet(43)) - raft.server.log.statemachine.data.sync = true (default)
2019-09-24 22:43:31,082 [pool-37-thread-1] INFO  server.RaftServerConfigKeys (ConfUtils.java:logGet(43)) - raft.server.log.queue.byte-limit = 2147483647 (custom)
2019-09-24 22:43:31,083 [pool-57-thread-1] INFO  server.RaftServerConfigKeys (ConfUtils.java:logGet(43)) - raft.server.log.statemachine.data.sync.timeout = 10s (default)
2019-09-24 22:43:31,083 [pool-67-thread-1] INFO  server.RaftServerConfigKeys (ConfUtils.java:logGet(43)) - raft.server.log.queue.byte-limit = 2147483647 (custom)
2019-09-24 22:43:31,083 [pool-57-thread-1] INFO  server.RaftServerConfigKeys (ConfUtils.java:logGet(43)) - raft.server.log.statemachine.data.sync.timeout.retry = -1 (default)
2019-09-24 22:43:31,083 [pool-37-thread-1] INFO  server.RaftServerConfigKeys (ConfUtils.java:logGet(43)) - raft.server.log.queue.element-limit = 1024 (custom)
2019-09-24 22:43:31,083 [pool-57-thread-1] INFO  server.RaftServerConfigKeys (ConfUtils.java:logGet(43)) - raft.server.log.statemachine.data.caching.enabled = true (custom)
2019-09-24 22:43:31,083 [pool-67-thread-1] INFO  server.RaftServerConfigKeys (ConfUtils.java:logGet(43)) - raft.server.log.queue.element-limit = 1024 (custom)
2019-09-24 22:43:31,083 [pool-37-thread-1] INFO  server.RaftServerConfigKeys (ConfUtils.java:logGet(43)) - raft.server.log.segment.size.max = 1048576 (custom)
2019-09-24 22:43:31,084 [pool-57-thread-1] INFO  segmented.SegmentedRaftLogWorker (SegmentedRaftLogWorker.java:lambda$new$0(132)) - cec385b5-4726-4a13-96d2-2d6a2f49e9ea@group-58912FCE31F0-SegmentedRaftLogWorker: flushIndex: setUnconditionally 0 -> -1
2019-09-24 22:43:31,084 [pool-67-thread-1] INFO  server.RaftServerConfigKeys (ConfUtils.java:logGet(43)) - raft.server.log.segment.size.max = 1048576 (custom)
2019-09-24 22:43:31,084 [pool-37-thread-1] INFO  server.RaftServerConfigKeys (ConfUtils.java:logGet(43)) - raft.server.log.preallocated.size = 16384 (custom)
2019-09-24 22:43:31,084 [pool-57-thread-1] INFO  server.RaftServerConfigKeys (ConfUtils.java:logGet(43)) - raft.server.snapshot.auto.trigger.enabled = true (custom)
2019-09-24 22:43:31,084 [pool-67-thread-1] INFO  server.RaftServerConfigKeys (ConfUtils.java:logGet(43)) - raft.server.log.preallocated.size = 16384 (custom)
2019-09-24 22:43:31,085 [pool-67-thread-1] INFO  server.RaftServerConfigKeys (ConfUtils.java:logGet(43)) - raft.server.log.write.buffer.size = 33554432 (custom)
2019-09-24 22:43:31,085 [pool-57-thread-1] INFO  server.RaftServerConfigKeys (ConfUtils.java:logGet(43)) - raft.server.snapshot.auto.trigger.threshold = 10000 (custom)
2019-09-24 22:43:31,084 [pool-37-thread-1] INFO  server.RaftServerConfigKeys (ConfUtils.java:logGet(43)) - raft.server.log.write.buffer.size = 33554432 (custom)
2019-09-24 22:43:31,085 [pool-57-thread-1] INFO  server.RaftServerConfigKeys (ConfUtils.java:logGet(43)) - raft.server.snapshot.retention.num.files = 5 (custom)
2019-09-24 22:43:31,085 [pool-67-thread-1] INFO  server.RaftServerConfigKeys (ConfUtils.java:logGet(43)) - raft.server.log.force.sync.num = 128 (default)
2019-09-24 22:43:31,085 [pool-57-thread-1] INFO  server.RaftServerConfigKeys (ConfUtils.java:logGet(43)) - raft.server.retrycache.expirytime = 600000ms (custom)
2019-09-24 22:43:31,085 [pool-37-thread-1] INFO  server.RaftServerConfigKeys (ConfUtils.java:logGet(43)) - raft.server.log.force.sync.num = 128 (default)
2019-09-24 22:43:31,085 [pool-67-thread-1] INFO  server.RaftServerConfigKeys (ConfUtils.java:logGet(43)) - raft.server.log.statemachine.data.sync = true (default)
2019-09-24 22:43:31,086 [pool-37-thread-1] INFO  server.RaftServerConfigKeys (ConfUtils.java:logGet(43)) - raft.server.log.statemachine.data.sync = true (default)
2019-09-24 22:43:31,086 [pool-67-thread-1] INFO  server.RaftServerConfigKeys (ConfUtils.java:logGet(43)) - raft.server.log.statemachine.data.sync.timeout = 10s (default)
2019-09-24 22:43:31,086 [pool-37-thread-1] INFO  server.RaftServerConfigKeys (ConfUtils.java:logGet(43)) - raft.server.log.statemachine.data.sync.timeout = 10s (default)
2019-09-24 22:43:31,086 [pool-67-thread-1] INFO  server.RaftServerConfigKeys (ConfUtils.java:logGet(43)) - raft.server.log.statemachine.data.sync.timeout.retry = -1 (default)
2019-09-24 22:43:31,086 [pool-37-thread-1] INFO  server.RaftServerConfigKeys (ConfUtils.java:logGet(43)) - raft.server.log.statemachine.data.sync.timeout.retry = -1 (default)
2019-09-24 22:43:31,086 [pool-67-thread-1] INFO  server.RaftServerConfigKeys (ConfUtils.java:logGet(43)) - raft.server.log.statemachine.data.caching.enabled = true (custom)
2019-09-24 22:43:31,086 [pool-37-thread-1] INFO  server.RaftServerConfigKeys (ConfUtils.java:logGet(43)) - raft.server.log.statemachine.data.caching.enabled = true (custom)
2019-09-24 22:43:31,087 [pool-67-thread-1] INFO  segmented.SegmentedRaftLogWorker (SegmentedRaftLogWorker.java:lambda$new$0(132)) - 70f4562f-d8ad-4306-8e38-e3256cd2d134@group-58912FCE31F0-SegmentedRaftLogWorker: flushIndex: setUnconditionally 0 -> -1
2019-09-24 22:43:31,087 [pool-37-thread-1] INFO  segmented.SegmentedRaftLogWorker (SegmentedRaftLogWorker.java:lambda$new$0(132)) - 9c8ab630-b5f5-42ae-ab19-9f6aeef8fdc5@group-58912FCE31F0-SegmentedRaftLogWorker: flushIndex: setUnconditionally 0 -> -1
2019-09-24 22:43:31,087 [pool-67-thread-1] INFO  server.RaftServerConfigKeys (ConfUtils.java:logGet(43)) - raft.server.snapshot.auto.trigger.enabled = true (custom)
2019-09-24 22:43:31,088 [pool-67-thread-1] INFO  server.RaftServerConfigKeys (ConfUtils.java:logGet(43)) - raft.server.snapshot.auto.trigger.threshold = 10000 (custom)
2019-09-24 22:43:31,088 [pool-37-thread-1] INFO  server.RaftServerConfigKeys (ConfUtils.java:logGet(43)) - raft.server.snapshot.auto.trigger.enabled = true (custom)
2019-09-24 22:43:31,088 [pool-57-thread-1] INFO  impl.RaftServerImpl (RaftServerImpl.java:start(185)) - cec385b5-4726-4a13-96d2-2d6a2f49e9ea@group-58912FCE31F0: start as a follower, conf=-1: [9c8ab630-b5f5-42ae-ab19-9f6aeef8fdc5:192.168.151.66:34606, cec385b5-4726-4a13-96d2-2d6a2f49e9ea:192.168.151.66:34702, 70f4562f-d8ad-4306-8e38-e3256cd2d134:192.168.151.66:46029], old=null
2019-09-24 22:43:31,088 [pool-67-thread-1] INFO  server.RaftServerConfigKeys (ConfUtils.java:logGet(43)) - raft.server.snapshot.retention.num.files = 5 (custom)
2019-09-24 22:43:31,088 [pool-57-thread-1] INFO  impl.RaftServerImpl (RaftServerImpl.java:setRole(174)) - cec385b5-4726-4a13-96d2-2d6a2f49e9ea@group-58912FCE31F0: changes role from      null to FOLLOWER at term 0 for startAsFollower
2019-09-24 22:43:31,088 [pool-37-thread-1] INFO  server.RaftServerConfigKeys (ConfUtils.java:logGet(43)) - raft.server.snapshot.auto.trigger.threshold = 10000 (custom)
2019-09-24 22:43:31,088 [pool-57-thread-1] INFO  impl.RoleInfo (RoleInfo.java:updateAndGet(143)) - cec385b5-4726-4a13-96d2-2d6a2f49e9ea: start FollowerState
2019-09-24 22:43:31,088 [pool-67-thread-1] INFO  server.RaftServerConfigKeys (ConfUtils.java:logGet(43)) - raft.server.retrycache.expirytime = 600000ms (custom)
2019-09-24 22:43:31,088 [pool-37-thread-1] INFO  server.RaftServerConfigKeys (ConfUtils.java:logGet(43)) - raft.server.snapshot.retention.num.files = 5 (custom)
2019-09-24 22:43:31,089 [pool-57-thread-1] INFO  util.JmxRegister (JmxRegister.java:tryRegister(44)) - Successfully registered JMX Bean with object name Ratis:service=RaftServer,group=group-58912FCE31F0,id=cec385b5-4726-4a13-96d2-2d6a2f49e9ea
2019-09-24 22:43:31,089 [pool-37-thread-1] INFO  server.RaftServerConfigKeys (ConfUtils.java:logGet(43)) - raft.server.retrycache.expirytime = 600000ms (custom)
2019-09-24 22:43:31,095 [pool-67-thread-1] INFO  impl.RaftServerImpl (RaftServerImpl.java:start(185)) - 70f4562f-d8ad-4306-8e38-e3256cd2d134@group-58912FCE31F0: start as a follower, conf=-1: [9c8ab630-b5f5-42ae-ab19-9f6aeef8fdc5:192.168.151.66:34606, cec385b5-4726-4a13-96d2-2d6a2f49e9ea:192.168.151.66:34702, 70f4562f-d8ad-4306-8e38-e3256cd2d134:192.168.151.66:46029], old=null
2019-09-24 22:43:31,095 [pool-37-thread-1] INFO  impl.RaftServerImpl (RaftServerImpl.java:start(185)) - 9c8ab630-b5f5-42ae-ab19-9f6aeef8fdc5@group-58912FCE31F0: start as a follower, conf=-1: [9c8ab630-b5f5-42ae-ab19-9f6aeef8fdc5:192.168.151.66:34606, cec385b5-4726-4a13-96d2-2d6a2f49e9ea:192.168.151.66:34702, 70f4562f-d8ad-4306-8e38-e3256cd2d134:192.168.151.66:46029], old=null
2019-09-24 22:43:31,095 [pool-67-thread-1] INFO  impl.RaftServerImpl (RaftServerImpl.java:setRole(174)) - 70f4562f-d8ad-4306-8e38-e3256cd2d134@group-58912FCE31F0: changes role from      null to FOLLOWER at term 0 for startAsFollower
2019-09-24 22:43:31,095 [pool-37-thread-1] INFO  impl.RaftServerImpl (RaftServerImpl.java:setRole(174)) - 9c8ab630-b5f5-42ae-ab19-9f6aeef8fdc5@group-58912FCE31F0: changes role from      null to FOLLOWER at term 0 for startAsFollower
2019-09-24 22:43:31,097 [pool-67-thread-1] INFO  impl.RoleInfo (RoleInfo.java:updateAndGet(143)) - 70f4562f-d8ad-4306-8e38-e3256cd2d134: start FollowerState
2019-09-24 22:43:31,097 [pool-37-thread-1] INFO  impl.RoleInfo (RoleInfo.java:updateAndGet(143)) - 9c8ab630-b5f5-42ae-ab19-9f6aeef8fdc5: start FollowerState
2019-09-24 22:43:31,099 [pool-67-thread-1] INFO  util.JmxRegister (JmxRegister.java:tryRegister(44)) - Successfully registered JMX Bean with object name Ratis:service=RaftServer,group=group-58912FCE31F0,id=70f4562f-d8ad-4306-8e38-e3256cd2d134
2019-09-24 22:43:31,099 [pool-37-thread-1] INFO  util.JmxRegister (JmxRegister.java:tryRegister(44)) - Successfully registered JMX Bean with object name Ratis:service=RaftServer,group=group-58912FCE31F0,id=9c8ab630-b5f5-42ae-ab19-9f6aeef8fdc5
2019-09-24 22:43:31,112 [RatisPipelineUtilsThread] INFO  pipeline.PipelineStateManager (PipelineStateManager.java:addPipeline(56)) - Created pipeline Pipeline[ Id: ada78913-7496-480e-881c-58912fce31f0, Nodes: cec385b5-4726-4a13-96d2-2d6a2f49e9ea{ip: 192.168.151.66, host: pr-hdds-2162-v2v4x-1150571016, networkLocation: /default-rack, certSerialId: null}70f4562f-d8ad-4306-8e38-e3256cd2d134{ip: 192.168.151.66, host: pr-hdds-2162-v2v4x-1150571016, networkLocation: /default-rack, certSerialId: null}9c8ab630-b5f5-42ae-ab19-9f6aeef8fdc5{ip: 192.168.151.66, host: pr-hdds-2162-v2v4x-1150571016, networkLocation: /default-rack, certSerialId: null}, Type:RATIS, Factor:THREE, State:OPEN]
2019-09-24 22:43:31,955 [main] INFO  ipc.Client (Client.java:handleConnectionFailure(948)) - Retrying connect to server: localhost/127.0.0.1:0. Already tried 0 time(s); retry policy is RetryUpToMaximumCountWithFixedSleep(maxRetries=10, sleepTime=1000 MILLISECONDS)
2019-09-24 22:43:32,257 [Thread-238] INFO  container.ReplicationManager (ReplicationManager.java:start(162)) - Starting Replication Monitor Thread.
2019-09-24 22:43:32,261 [ReplicationMonitor] INFO  container.ReplicationManager (ReplicationManager.java:run(225)) - Replication Monitor Thread took 1 milliseconds for processing 0 containers.
2019-09-24 22:43:32,956 [main] INFO  ipc.Client (Client.java:handleConnectionFailure(948)) - Retrying connect to server: localhost/127.0.0.1:0. Already tried 1 time(s); retry policy is RetryUpToMaximumCountWithFixedSleep(maxRetries=10, sleepTime=1000 MILLISECONDS)
2019-09-24 22:43:33,957 [main] INFO  ipc.Client (Client.java:handleConnectionFailure(948)) - Retrying connect to server: localhost/127.0.0.1:0. Already tried 2 time(s); retry policy is RetryUpToMaximumCountWithFixedSleep(maxRetries=10, sleepTime=1000 MILLISECONDS)
2019-09-24 22:43:34,959 [main] INFO  ipc.Client (Client.java:handleConnectionFailure(948)) - Retrying connect to server: localhost/127.0.0.1:0. Already tried 3 time(s); retry policy is RetryUpToMaximumCountWithFixedSleep(maxRetries=10, sleepTime=1000 MILLISECONDS)
2019-09-24 22:43:35,177 [Thread-240] INFO  impl.FollowerState (FollowerState.java:run(106)) - 935414d4-2c23-4fcd-bc36-bb7e45710750:group-E1BA53C399E5 changes to CANDIDATE, lastRpcTime:5171, electionTimeout:5171ms
2019-09-24 22:43:35,179 [Thread-240] INFO  impl.RoleInfo (RoleInfo.java:shutdownFollowerState(121)) - 935414d4-2c23-4fcd-bc36-bb7e45710750: shutdown FollowerState
2019-09-24 22:43:35,179 [Thread-240] INFO  impl.RaftServerImpl (RaftServerImpl.java:setRole(174)) - 935414d4-2c23-4fcd-bc36-bb7e45710750@group-E1BA53C399E5: changes role from  FOLLOWER to CANDIDATE at term 0 for changeToCandidate
2019-09-24 22:43:35,187 [Thread-240] INFO  impl.RoleInfo (RoleInfo.java:updateAndGet(143)) - 935414d4-2c23-4fcd-bc36-bb7e45710750: start LeaderElection
2019-09-24 22:43:35,205 [935414d4-2c23-4fcd-bc36-bb7e45710750@group-E1BA53C399E5:LeaderElection1] INFO  impl.LeaderElection (LeaderElection.java:askForVotes(182)) - 935414d4-2c23-4fcd-bc36-bb7e45710750@group-E1BA53C399E5:LeaderElection1: begin an election at term 1 for -1: [935414d4-2c23-4fcd-bc36-bb7e45710750:192.168.151.66:37475], old=null
2019-09-24 22:43:35,207 [935414d4-2c23-4fcd-bc36-bb7e45710750@group-E1BA53C399E5:LeaderElection1] INFO  impl.RoleInfo (RoleInfo.java:shutdownLeaderElection(134)) - 935414d4-2c23-4fcd-bc36-bb7e45710750: shutdown LeaderElection
2019-09-24 22:43:35,207 [935414d4-2c23-4fcd-bc36-bb7e45710750@group-E1BA53C399E5:LeaderElection1] INFO  impl.RaftServerImpl (RaftServerImpl.java:setRole(174)) - 935414d4-2c23-4fcd-bc36-bb7e45710750@group-E1BA53C399E5: changes role from CANDIDATE to LEADER at term 1 for changeToLeader
2019-09-24 22:43:35,208 [935414d4-2c23-4fcd-bc36-bb7e45710750@group-E1BA53C399E5:LeaderElection1] INFO  impl.RaftServerImpl (ServerState.java:setLeader(253)) - 935414d4-2c23-4fcd-bc36-bb7e45710750@group-E1BA53C399E5: change Leader from null to 935414d4-2c23-4fcd-bc36-bb7e45710750 at term 1 for becomeLeader, leader elected after 5317ms
2019-09-24 22:43:35,216 [935414d4-2c23-4fcd-bc36-bb7e45710750@group-E1BA53C399E5:LeaderElection1] INFO  server.RaftServerConfigKeys (ConfUtils.java:logGet(43)) - raft.server.staging.catchup.gap = 1000 (default)
2019-09-24 22:43:35,216 [935414d4-2c23-4fcd-bc36-bb7e45710750@group-E1BA53C399E5:LeaderElection1] INFO  server.RaftServerConfigKeys (ConfUtils.java:logGet(43)) - raft.server.rpc.sleep.time = 25ms (default)
2019-09-24 22:43:35,219 [935414d4-2c23-4fcd-bc36-bb7e45710750@group-E1BA53C399E5:LeaderElection1] INFO  server.RaftServerConfigKeys (ConfUtils.java:logGet(43)) - raft.server.write.element-limit = 4096 (default)
2019-09-24 22:43:35,222 [935414d4-2c23-4fcd-bc36-bb7e45710750@group-E1BA53C399E5:LeaderElection1] INFO  server.RaftServerConfigKeys (ConfUtils.java:logGet(43)) - raft.server.watch.timeout = 10s (default)
2019-09-24 22:43:35,222 [935414d4-2c23-4fcd-bc36-bb7e45710750@group-E1BA53C399E5:LeaderElection1] INFO  server.RaftServerConfigKeys (ConfUtils.java:logGet(43)) - raft.server.watch.timeout.denomination = 1s (default)
2019-09-24 22:43:35,224 [935414d4-2c23-4fcd-bc36-bb7e45710750@group-E1BA53C399E5:LeaderElection1] INFO  server.RaftServerConfigKeys (ConfUtils.java:logGet(43)) - raft.server.watch.element-limit = 65536 (default)
2019-09-24 22:43:35,236 [935414d4-2c23-4fcd-bc36-bb7e45710750@group-E1BA53C399E5:LeaderElection1] INFO  impl.RoleInfo (RoleInfo.java:updateAndGet(143)) - 935414d4-2c23-4fcd-bc36-bb7e45710750: start LeaderState
2019-09-24 22:43:35,260 [935414d4-2c23-4fcd-bc36-bb7e45710750@group-E1BA53C399E5:LeaderElection1] INFO  segmented.SegmentedRaftLogWorker (SegmentedRaftLogWorker.java:startLogSegment(380)) - 935414d4-2c23-4fcd-bc36-bb7e45710750@group-E1BA53C399E5-SegmentedRaftLogWorker: Starting segment from index:0
2019-09-24 22:43:35,273 [935414d4-2c23-4fcd-bc36-bb7e45710750@group-E1BA53C399E5:LeaderElection1] INFO  impl.RaftServerImpl (ServerState.java:setRaftConf(354)) - 935414d4-2c23-4fcd-bc36-bb7e45710750@group-E1BA53C399E5: set configuration 0: [935414d4-2c23-4fcd-bc36-bb7e45710750:192.168.151.66:37475], old=null at 0
2019-09-24 22:43:35,379 [Thread-243] INFO  impl.FollowerState (FollowerState.java:run(106)) - cc0fada7-f07d-4fca-b5a3-1adb9c0f28a8:group-BA08B1489A85 changes to CANDIDATE, lastRpcTime:5159, electionTimeout:5157ms
2019-09-24 22:43:35,381 [Thread-243] INFO  impl.RoleInfo (RoleInfo.java:shutdownFollowerState(121)) - cc0fada7-f07d-4fca-b5a3-1adb9c0f28a8: shutdown FollowerState
2019-09-24 22:43:35,381 [Thread-243] INFO  impl.RaftServerImpl (RaftServerImpl.java:setRole(174)) - cc0fada7-f07d-4fca-b5a3-1adb9c0f28a8@group-BA08B1489A85: changes role from  FOLLOWER to CANDIDATE at term 0 for changeToCandidate
2019-09-24 22:43:35,381 [Thread-243] INFO  impl.RoleInfo (RoleInfo.java:updateAndGet(143)) - cc0fada7-f07d-4fca-b5a3-1adb9c0f28a8: start LeaderElection
2019-09-24 22:43:35,398 [cc0fada7-f07d-4fca-b5a3-1adb9c0f28a8@group-BA08B1489A85:LeaderElection2] INFO  impl.LeaderElection (LeaderElection.java:askForVotes(182)) - cc0fada7-f07d-4fca-b5a3-1adb9c0f28a8@group-BA08B1489A85:LeaderElection2: begin an election at term 1 for -1: [cc0fada7-f07d-4fca-b5a3-1adb9c0f28a8:192.168.151.66:42999], old=null
2019-09-24 22:43:35,399 [cc0fada7-f07d-4fca-b5a3-1adb9c0f28a8@group-BA08B1489A85:LeaderElection2] INFO  impl.RoleInfo (RoleInfo.java:shutdownLeaderElection(134)) - cc0fada7-f07d-4fca-b5a3-1adb9c0f28a8: shutdown LeaderElection
2019-09-24 22:43:35,400 [cc0fada7-f07d-4fca-b5a3-1adb9c0f28a8@group-BA08B1489A85:LeaderElection2] INFO  impl.RaftServerImpl (RaftServerImpl.java:setRole(174)) - cc0fada7-f07d-4fca-b5a3-1adb9c0f28a8@group-BA08B1489A85: changes role from CANDIDATE to LEADER at term 1 for changeToLeader
2019-09-24 22:43:35,400 [cc0fada7-f07d-4fca-b5a3-1adb9c0f28a8@group-BA08B1489A85:LeaderElection2] INFO  impl.RaftServerImpl (ServerState.java:setLeader(253)) - cc0fada7-f07d-4fca-b5a3-1adb9c0f28a8@group-BA08B1489A85: change Leader from null to cc0fada7-f07d-4fca-b5a3-1adb9c0f28a8 at term 1 for becomeLeader, leader elected after 5196ms
2019-09-24 22:43:35,402 [cc0fada7-f07d-4fca-b5a3-1adb9c0f28a8@group-BA08B1489A85:LeaderElection2] INFO  server.RaftServerConfigKeys (ConfUtils.java:logGet(43)) - raft.server.staging.catchup.gap = 1000 (default)
2019-09-24 22:43:35,402 [cc0fada7-f07d-4fca-b5a3-1adb9c0f28a8@group-BA08B1489A85:LeaderElection2] INFO  server.RaftServerConfigKeys (ConfUtils.java:logGet(43)) - raft.server.rpc.sleep.time = 25ms (default)
2019-09-24 22:43:35,402 [cc0fada7-f07d-4fca-b5a3-1adb9c0f28a8@group-BA08B1489A85:LeaderElection2] INFO  server.RaftServerConfigKeys (ConfUtils.java:logGet(43)) - raft.server.write.element-limit = 4096 (default)
2019-09-24 22:43:35,402 [cc0fada7-f07d-4fca-b5a3-1adb9c0f28a8@group-BA08B1489A85:LeaderElection2] INFO  server.RaftServerConfigKeys (ConfUtils.java:logGet(43)) - raft.server.watch.timeout = 10s (default)
2019-09-24 22:43:35,403 [cc0fada7-f07d-4fca-b5a3-1adb9c0f28a8@group-BA08B1489A85:LeaderElection2] INFO  server.RaftServerConfigKeys (ConfUtils.java:logGet(43)) - raft.server.watch.timeout.denomination = 1s (default)
2019-09-24 22:43:35,403 [cc0fada7-f07d-4fca-b5a3-1adb9c0f28a8@group-BA08B1489A85:LeaderElection2] INFO  server.RaftServerConfigKeys (ConfUtils.java:logGet(43)) - raft.server.watch.element-limit = 65536 (default)
2019-09-24 22:43:35,406 [cc0fada7-f07d-4fca-b5a3-1adb9c0f28a8@group-BA08B1489A85:LeaderElection2] INFO  impl.RoleInfo (RoleInfo.java:updateAndGet(143)) - cc0fada7-f07d-4fca-b5a3-1adb9c0f28a8: start LeaderState
2019-09-24 22:43:35,406 [cc0fada7-f07d-4fca-b5a3-1adb9c0f28a8@group-BA08B1489A85:LeaderElection2] INFO  segmented.SegmentedRaftLogWorker (SegmentedRaftLogWorker.java:startLogSegment(380)) - cc0fada7-f07d-4fca-b5a3-1adb9c0f28a8@group-BA08B1489A85-SegmentedRaftLogWorker: Starting segment from index:0
2019-09-24 22:43:35,407 [cc0fada7-f07d-4fca-b5a3-1adb9c0f28a8@group-BA08B1489A85:LeaderElection2] INFO  impl.RaftServerImpl (ServerState.java:setRaftConf(354)) - cc0fada7-f07d-4fca-b5a3-1adb9c0f28a8@group-BA08B1489A85: set configuration 0: [cc0fada7-f07d-4fca-b5a3-1adb9c0f28a8:192.168.151.66:42999], old=null at 0
2019-09-24 22:43:35,477 [cc0fada7-f07d-4fca-b5a3-1adb9c0f28a8@group-BA08B1489A85-SegmentedRaftLogWorker] INFO  segmented.SegmentedRaftLogWorker (SegmentedRaftLogWorker.java:execute(569)) - cc0fada7-f07d-4fca-b5a3-1adb9c0f28a8@group-BA08B1489A85-SegmentedRaftLogWorker: created new log segment /workdir/hadoop-ozone/integration-test/target/test-dir/MiniOzoneClusterImpl-d8bbf689-b3c7-4797-acf4-e99b3e7335dc/datanode-5/data/ratis/573486cf-839d-465d-afa4-ba08b1489a85/current/log_inprogress_0
2019-09-24 22:43:35,477 [935414d4-2c23-4fcd-bc36-bb7e45710750@group-E1BA53C399E5-SegmentedRaftLogWorker] INFO  segmented.SegmentedRaftLogWorker (SegmentedRaftLogWorker.java:execute(569)) - 935414d4-2c23-4fcd-bc36-bb7e45710750@group-E1BA53C399E5-SegmentedRaftLogWorker: created new log segment /workdir/hadoop-ozone/integration-test/target/test-dir/MiniOzoneClusterImpl-d8bbf689-b3c7-4797-acf4-e99b3e7335dc/datanode-0/data/ratis/16cfc07e-0192-4bfa-aba8-e1ba53c399e5/current/log_inprogress_0
2019-09-24 22:43:35,511 [Thread-246] INFO  impl.FollowerState (FollowerState.java:run(106)) - 50c9ac3a-ba58-4412-b88f-9c17bcde39a8:group-24585338C559 changes to CANDIDATE, lastRpcTime:5116, electionTimeout:5116ms
2019-09-24 22:43:35,512 [Thread-246] INFO  impl.RoleInfo (RoleInfo.java:shutdownFollowerState(121)) - 50c9ac3a-ba58-4412-b88f-9c17bcde39a8: shutdown FollowerState
2019-09-24 22:43:35,512 [Thread-246] INFO  impl.RaftServerImpl (RaftServerImpl.java:setRole(174)) - 50c9ac3a-ba58-4412-b88f-9c17bcde39a8@group-24585338C559: changes role from  FOLLOWER to CANDIDATE at term 0 for changeToCandidate
2019-09-24 22:43:35,512 [Thread-246] INFO  impl.RoleInfo (RoleInfo.java:updateAndGet(143)) - 50c9ac3a-ba58-4412-b88f-9c17bcde39a8: start LeaderElection
2019-09-24 22:43:35,542 [50c9ac3a-ba58-4412-b88f-9c17bcde39a8@group-24585338C559:LeaderElection3] INFO  impl.LeaderElection (LeaderElection.java:askForVotes(182)) - 50c9ac3a-ba58-4412-b88f-9c17bcde39a8@group-24585338C559:LeaderElection3: begin an election at term 1 for -1: [50c9ac3a-ba58-4412-b88f-9c17bcde39a8:192.168.151.66:39329], old=null
2019-09-24 22:43:35,542 [50c9ac3a-ba58-4412-b88f-9c17bcde39a8@group-24585338C559:LeaderElection3] INFO  impl.RoleInfo (RoleInfo.java:shutdownLeaderElection(134)) - 50c9ac3a-ba58-4412-b88f-9c17bcde39a8: shutdown LeaderElection
2019-09-24 22:43:35,542 [50c9ac3a-ba58-4412-b88f-9c17bcde39a8@group-24585338C559:LeaderElection3] INFO  impl.RaftServerImpl (RaftServerImpl.java:setRole(174)) - 50c9ac3a-ba58-4412-b88f-9c17bcde39a8@group-24585338C559: changes role from CANDIDATE to LEADER at term 1 for changeToLeader
2019-09-24 22:43:35,542 [50c9ac3a-ba58-4412-b88f-9c17bcde39a8@group-24585338C559:LeaderElection3] INFO  impl.RaftServerImpl (ServerState.java:setLeader(253)) - 50c9ac3a-ba58-4412-b88f-9c17bcde39a8@group-24585338C559: change Leader from null to 50c9ac3a-ba58-4412-b88f-9c17bcde39a8 at term 1 for becomeLeader, leader elected after 5201ms
2019-09-24 22:43:35,544 [50c9ac3a-ba58-4412-b88f-9c17bcde39a8@group-24585338C559:LeaderElection3] INFO  server.RaftServerConfigKeys (ConfUtils.java:logGet(43)) - raft.server.staging.catchup.gap = 1000 (default)
2019-09-24 22:43:35,544 [50c9ac3a-ba58-4412-b88f-9c17bcde39a8@group-24585338C559:LeaderElection3] INFO  server.RaftServerConfigKeys (ConfUtils.java:logGet(43)) - raft.server.rpc.sleep.time = 25ms (default)
2019-09-24 22:43:35,545 [50c9ac3a-ba58-4412-b88f-9c17bcde39a8@group-24585338C559:LeaderElection3] INFO  server.RaftServerConfigKeys (ConfUtils.java:logGet(43)) - raft.server.write.element-limit = 4096 (default)
2019-09-24 22:43:35,545 [50c9ac3a-ba58-4412-b88f-9c17bcde39a8@group-24585338C559:LeaderElection3] INFO  server.RaftServerConfigKeys (ConfUtils.java:logGet(43)) - raft.server.watch.timeout = 10s (default)
2019-09-24 22:43:35,545 [50c9ac3a-ba58-4412-b88f-9c17bcde39a8@group-24585338C559:LeaderElection3] INFO  server.RaftServerConfigKeys (ConfUtils.java:logGet(43)) - raft.server.watch.timeout.denomination = 1s (default)
2019-09-24 22:43:35,545 [50c9ac3a-ba58-4412-b88f-9c17bcde39a8@group-24585338C559:LeaderElection3] INFO  server.RaftServerConfigKeys (ConfUtils.java:logGet(43)) - raft.server.watch.element-limit = 65536 (default)
2019-09-24 22:43:35,548 [50c9ac3a-ba58-4412-b88f-9c17bcde39a8@group-24585338C559:LeaderElection3] INFO  impl.RoleInfo (RoleInfo.java:updateAndGet(143)) - 50c9ac3a-ba58-4412-b88f-9c17bcde39a8: start LeaderState
2019-09-24 22:43:35,548 [50c9ac3a-ba58-4412-b88f-9c17bcde39a8@group-24585338C559:LeaderElection3] INFO  segmented.SegmentedRaftLogWorker (SegmentedRaftLogWorker.java:startLogSegment(380)) - 50c9ac3a-ba58-4412-b88f-9c17bcde39a8@group-24585338C559-SegmentedRaftLogWorker: Starting segment from index:0
2019-09-24 22:43:35,549 [50c9ac3a-ba58-4412-b88f-9c17bcde39a8@group-24585338C559:LeaderElection3] INFO  impl.RaftServerImpl (ServerState.java:setRaftConf(354)) - 50c9ac3a-ba58-4412-b88f-9c17bcde39a8@group-24585338C559: set configuration 0: [50c9ac3a-ba58-4412-b88f-9c17bcde39a8:192.168.151.66:39329], old=null at 0
2019-09-24 22:43:35,589 [50c9ac3a-ba58-4412-b88f-9c17bcde39a8@group-24585338C559-SegmentedRaftLogWorker] INFO  segmented.SegmentedRaftLogWorker (SegmentedRaftLogWorker.java:execute(569)) - 50c9ac3a-ba58-4412-b88f-9c17bcde39a8@group-24585338C559-SegmentedRaftLogWorker: created new log segment /workdir/hadoop-ozone/integration-test/target/test-dir/MiniOzoneClusterImpl-d8bbf689-b3c7-4797-acf4-e99b3e7335dc/datanode-2/data/ratis/41b1fdaf-2a0f-4698-b57f-24585338c559/current/log_inprogress_0
2019-09-24 22:43:35,663 [Thread-249] INFO  impl.FollowerState (FollowerState.java:run(106)) - cec385b5-4726-4a13-96d2-2d6a2f49e9ea:group-E365B5396C51 changes to CANDIDATE, lastRpcTime:5146, electionTimeout:5145ms
2019-09-24 22:43:35,664 [Thread-249] INFO  impl.RoleInfo (RoleInfo.java:shutdownFollowerState(121)) - cec385b5-4726-4a13-96d2-2d6a2f49e9ea: shutdown FollowerState
2019-09-24 22:43:35,664 [Thread-249] INFO  impl.RaftServerImpl (RaftServerImpl.java:setRole(174)) - cec385b5-4726-4a13-96d2-2d6a2f49e9ea@group-E365B5396C51: changes role from  FOLLOWER to CANDIDATE at term 0 for changeToCandidate
2019-09-24 22:43:35,664 [Thread-249] INFO  impl.RoleInfo (RoleInfo.java:updateAndGet(143)) - cec385b5-4726-4a13-96d2-2d6a2f49e9ea: start LeaderElection
2019-09-24 22:43:35,682 [cec385b5-4726-4a13-96d2-2d6a2f49e9ea@group-E365B5396C51:LeaderElection4] INFO  impl.LeaderElection (LeaderElection.java:askForVotes(182)) - cec385b5-4726-4a13-96d2-2d6a2f49e9ea@group-E365B5396C51:LeaderElection4: begin an election at term 1 for -1: [cec385b5-4726-4a13-96d2-2d6a2f49e9ea:192.168.151.66:34702], old=null
2019-09-24 22:43:35,682 [cec385b5-4726-4a13-96d2-2d6a2f49e9ea@group-E365B5396C51:LeaderElection4] INFO  impl.RoleInfo (RoleInfo.java:shutdownLeaderElection(134)) - cec385b5-4726-4a13-96d2-2d6a2f49e9ea: shutdown LeaderElection
2019-09-24 22:43:35,682 [cec385b5-4726-4a13-96d2-2d6a2f49e9ea@group-E365B5396C51:LeaderElection4] INFO  impl.RaftServerImpl (RaftServerImpl.java:setRole(174)) - cec385b5-4726-4a13-96d2-2d6a2f49e9ea@group-E365B5396C51: changes role from CANDIDATE to LEADER at term 1 for changeToLeader
2019-09-24 22:43:35,682 [cec385b5-4726-4a13-96d2-2d6a2f49e9ea@group-E365B5396C51:LeaderElection4] INFO  impl.RaftServerImpl (ServerState.java:setLeader(253)) - cec385b5-4726-4a13-96d2-2d6a2f49e9ea@group-E365B5396C51: change Leader from null to cec385b5-4726-4a13-96d2-2d6a2f49e9ea at term 1 for becomeLeader, leader elected after 5181ms
2019-09-24 22:43:35,684 [cec385b5-4726-4a13-96d2-2d6a2f49e9ea@group-E365B5396C51:LeaderElection4] INFO  server.RaftServerConfigKeys (ConfUtils.java:logGet(43)) - raft.server.staging.catchup.gap = 1000 (default)
2019-09-24 22:43:35,684 [cec385b5-4726-4a13-96d2-2d6a2f49e9ea@group-E365B5396C51:LeaderElection4] INFO  server.RaftServerConfigKeys (ConfUtils.java:logGet(43)) - raft.server.rpc.sleep.time = 25ms (default)
2019-09-24 22:43:35,684 [cec385b5-4726-4a13-96d2-2d6a2f49e9ea@group-E365B5396C51:LeaderElection4] INFO  server.RaftServerConfigKeys (ConfUtils.java:logGet(43)) - raft.server.write.element-limit = 4096 (default)
2019-09-24 22:43:35,685 [cec385b5-4726-4a13-96d2-2d6a2f49e9ea@group-E365B5396C51:LeaderElection4] INFO  server.RaftServerConfigKeys (ConfUtils.java:logGet(43)) - raft.server.watch.timeout = 10s (default)
2019-09-24 22:43:35,685 [cec385b5-4726-4a13-96d2-2d6a2f49e9ea@group-E365B5396C51:LeaderElection4] INFO  server.RaftServerConfigKeys (ConfUtils.java:logGet(43)) - raft.server.watch.timeout.denomination = 1s (default)
2019-09-24 22:43:35,685 [cec385b5-4726-4a13-96d2-2d6a2f49e9ea@group-E365B5396C51:LeaderElection4] INFO  server.RaftServerConfigKeys (ConfUtils.java:logGet(43)) - raft.server.watch.element-limit = 65536 (default)
2019-09-24 22:43:35,690 [cec385b5-4726-4a13-96d2-2d6a2f49e9ea@group-E365B5396C51:LeaderElection4] INFO  impl.RoleInfo (RoleInfo.java:updateAndGet(143)) - cec385b5-4726-4a13-96d2-2d6a2f49e9ea: start LeaderState
2019-09-24 22:43:35,690 [cec385b5-4726-4a13-96d2-2d6a2f49e9ea@group-E365B5396C51:LeaderElection4] INFO  segmented.SegmentedRaftLogWorker (SegmentedRaftLogWorker.java:startLogSegment(380)) - cec385b5-4726-4a13-96d2-2d6a2f49e9ea@group-E365B5396C51-SegmentedRaftLogWorker: Starting segment from index:0
2019-09-24 22:43:35,691 [cec385b5-4726-4a13-96d2-2d6a2f49e9ea@group-E365B5396C51:LeaderElection4] INFO  impl.RaftServerImpl (ServerState.java:setRaftConf(354)) - cec385b5-4726-4a13-96d2-2d6a2f49e9ea@group-E365B5396C51: set configuration 0: [cec385b5-4726-4a13-96d2-2d6a2f49e9ea:192.168.151.66:34702], old=null at 0
2019-09-24 22:43:35,718 [cec385b5-4726-4a13-96d2-2d6a2f49e9ea@group-E365B5396C51-SegmentedRaftLogWorker] INFO  segmented.SegmentedRaftLogWorker (SegmentedRaftLogWorker.java:execute(569)) - cec385b5-4726-4a13-96d2-2d6a2f49e9ea@group-E365B5396C51-SegmentedRaftLogWorker: created new log segment /workdir/hadoop-ozone/integration-test/target/test-dir/MiniOzoneClusterImpl-d8bbf689-b3c7-4797-acf4-e99b3e7335dc/datanode-3/data/ratis/be9d7e4c-64aa-43da-a4be-e365b5396c51/current/log_inprogress_0
2019-09-24 22:43:35,725 [Thread-252] INFO  impl.FollowerState (FollowerState.java:run(106)) - 70f4562f-d8ad-4306-8e38-e3256cd2d134:group-754702E72BDA changes to CANDIDATE, lastRpcTime:5108, electionTimeout:5108ms
2019-09-24 22:43:35,725 [Thread-252] INFO  impl.RoleInfo (RoleInfo.java:shutdownFollowerState(121)) - 70f4562f-d8ad-4306-8e38-e3256cd2d134: shutdown FollowerState
2019-09-24 22:43:35,725 [Thread-252] INFO  impl.RaftServerImpl (RaftServerImpl.java:setRole(174)) - 70f4562f-d8ad-4306-8e38-e3256cd2d134@group-754702E72BDA: changes role from  FOLLOWER to CANDIDATE at term 0 for changeToCandidate
2019-09-24 22:43:35,725 [Thread-252] INFO  impl.RoleInfo (RoleInfo.java:updateAndGet(143)) - 70f4562f-d8ad-4306-8e38-e3256cd2d134: start LeaderElection
2019-09-24 22:43:35,732 [70f4562f-d8ad-4306-8e38-e3256cd2d134@group-754702E72BDA:LeaderElection5] INFO  impl.LeaderElection (LeaderElection.java:askForVotes(182)) - 70f4562f-d8ad-4306-8e38-e3256cd2d134@group-754702E72BDA:LeaderElection5: begin an election at term 1 for -1: [70f4562f-d8ad-4306-8e38-e3256cd2d134:192.168.151.66:46029], old=null
2019-09-24 22:43:35,732 [70f4562f-d8ad-4306-8e38-e3256cd2d134@group-754702E72BDA:LeaderElection5] INFO  impl.RoleInfo (RoleInfo.java:shutdownLeaderElection(134)) - 70f4562f-d8ad-4306-8e38-e3256cd2d134: shutdown LeaderElection
2019-09-24 22:43:35,732 [70f4562f-d8ad-4306-8e38-e3256cd2d134@group-754702E72BDA:LeaderElection5] INFO  impl.RaftServerImpl (RaftServerImpl.java:setRole(174)) - 70f4562f-d8ad-4306-8e38-e3256cd2d134@group-754702E72BDA: changes role from CANDIDATE to LEADER at term 1 for changeToLeader
2019-09-24 22:43:35,732 [70f4562f-d8ad-4306-8e38-e3256cd2d134@group-754702E72BDA:LeaderElection5] INFO  impl.RaftServerImpl (ServerState.java:setLeader(253)) - 70f4562f-d8ad-4306-8e38-e3256cd2d134@group-754702E72BDA: change Leader from null to 70f4562f-d8ad-4306-8e38-e3256cd2d134 at term 1 for becomeLeader, leader elected after 5127ms
2019-09-24 22:43:35,734 [70f4562f-d8ad-4306-8e38-e3256cd2d134@group-754702E72BDA:LeaderElection5] INFO  server.RaftServerConfigKeys (ConfUtils.java:logGet(43)) - raft.server.staging.catchup.gap = 1000 (default)
2019-09-24 22:43:35,734 [70f4562f-d8ad-4306-8e38-e3256cd2d134@group-754702E72BDA:LeaderElection5] INFO  server.RaftServerConfigKeys (ConfUtils.java:logGet(43)) - raft.server.rpc.sleep.time = 25ms (default)
2019-09-24 22:43:35,734 [70f4562f-d8ad-4306-8e38-e3256cd2d134@group-754702E72BDA:LeaderElection5] INFO  server.RaftServerConfigKeys (ConfUtils.java:logGet(43)) - raft.server.write.element-limit = 4096 (default)
2019-09-24 22:43:35,735 [70f4562f-d8ad-4306-8e38-e3256cd2d134@group-754702E72BDA:LeaderElection5] INFO  server.RaftServerConfigKeys (ConfUtils.java:logGet(43)) - raft.server.watch.timeout = 10s (default)
2019-09-24 22:43:35,735 [70f4562f-d8ad-4306-8e38-e3256cd2d134@group-754702E72BDA:LeaderElection5] INFO  server.RaftServerConfigKeys (ConfUtils.java:logGet(43)) - raft.server.watch.timeout.denomination = 1s (default)
2019-09-24 22:43:35,735 [70f4562f-d8ad-4306-8e38-e3256cd2d134@group-754702E72BDA:LeaderElection5] INFO  server.RaftServerConfigKeys (ConfUtils.java:logGet(43)) - raft.server.watch.element-limit = 65536 (default)
2019-09-24 22:43:35,737 [70f4562f-d8ad-4306-8e38-e3256cd2d134@group-754702E72BDA:LeaderElection5] INFO  impl.RoleInfo (RoleInfo.java:updateAndGet(143)) - 70f4562f-d8ad-4306-8e38-e3256cd2d134: start LeaderState
2019-09-24 22:43:35,738 [70f4562f-d8ad-4306-8e38-e3256cd2d134@group-754702E72BDA:LeaderElection5] INFO  segmented.SegmentedRaftLogWorker (SegmentedRaftLogWorker.java:startLogSegment(380)) - 70f4562f-d8ad-4306-8e38-e3256cd2d134@group-754702E72BDA-SegmentedRaftLogWorker: Starting segment from index:0
2019-09-24 22:43:35,738 [70f4562f-d8ad-4306-8e38-e3256cd2d134@group-754702E72BDA:LeaderElection5] INFO  impl.RaftServerImpl (ServerState.java:setRaftConf(354)) - 70f4562f-d8ad-4306-8e38-e3256cd2d134@group-754702E72BDA: set configuration 0: [70f4562f-d8ad-4306-8e38-e3256cd2d134:192.168.151.66:46029], old=null at 0
2019-09-24 22:43:35,769 [70f4562f-d8ad-4306-8e38-e3256cd2d134@group-754702E72BDA-SegmentedRaftLogWorker] INFO  segmented.SegmentedRaftLogWorker (SegmentedRaftLogWorker.java:execute(569)) - 70f4562f-d8ad-4306-8e38-e3256cd2d134@group-754702E72BDA-SegmentedRaftLogWorker: created new log segment /workdir/hadoop-ozone/integration-test/target/test-dir/MiniOzoneClusterImpl-d8bbf689-b3c7-4797-acf4-e99b3e7335dc/datanode-4/data/ratis/bc0a9606-5581-49d0-8c9d-754702e72bda/current/log_inprogress_0
2019-09-24 22:43:35,781 [Thread-255] INFO  impl.FollowerState (FollowerState.java:run(106)) - 9c8ab630-b5f5-42ae-ab19-9f6aeef8fdc5:group-3961DC5949B0 changes to CANDIDATE, lastRpcTime:5056, electionTimeout:5056ms
2019-09-24 22:43:35,782 [Thread-255] INFO  impl.RoleInfo (RoleInfo.java:shutdownFollowerState(121)) - 9c8ab630-b5f5-42ae-ab19-9f6aeef8fdc5: shutdown FollowerState
2019-09-24 22:43:35,782 [Thread-255] INFO  impl.RaftServerImpl (RaftServerImpl.java:setRole(174)) - 9c8ab630-b5f5-42ae-ab19-9f6aeef8fdc5@group-3961DC5949B0: changes role from  FOLLOWER to CANDIDATE at term 0 for changeToCandidate
2019-09-24 22:43:35,782 [Thread-255] INFO  impl.RoleInfo (RoleInfo.java:updateAndGet(143)) - 9c8ab630-b5f5-42ae-ab19-9f6aeef8fdc5: start LeaderElection
2019-09-24 22:43:35,802 [9c8ab630-b5f5-42ae-ab19-9f6aeef8fdc5@group-3961DC5949B0:LeaderElection6] INFO  impl.LeaderElection (LeaderElection.java:askForVotes(182)) - 9c8ab630-b5f5-42ae-ab19-9f6aeef8fdc5@group-3961DC5949B0:LeaderElection6: begin an election at term 1 for -1: [9c8ab630-b5f5-42ae-ab19-9f6aeef8fdc5:192.168.151.66:34606], old=null
2019-09-24 22:43:35,802 [9c8ab630-b5f5-42ae-ab19-9f6aeef8fdc5@group-3961DC5949B0:LeaderElection6] INFO  impl.RoleInfo (RoleInfo.java:shutdownLeaderElection(134)) - 9c8ab630-b5f5-42ae-ab19-9f6aeef8fdc5: shutdown LeaderElection
2019-09-24 22:43:35,802 [9c8ab630-b5f5-42ae-ab19-9f6aeef8fdc5@group-3961DC5949B0:LeaderElection6] INFO  impl.RaftServerImpl (RaftServerImpl.java:setRole(174)) - 9c8ab630-b5f5-42ae-ab19-9f6aeef8fdc5@group-3961DC5949B0: changes role from CANDIDATE to LEADER at term 1 for changeToLeader
2019-09-24 22:43:35,802 [9c8ab630-b5f5-42ae-ab19-9f6aeef8fdc5@group-3961DC5949B0:LeaderElection6] INFO  impl.RaftServerImpl (ServerState.java:setLeader(253)) - 9c8ab630-b5f5-42ae-ab19-9f6aeef8fdc5@group-3961DC5949B0: change Leader from null to 9c8ab630-b5f5-42ae-ab19-9f6aeef8fdc5 at term 1 for becomeLeader, leader elected after 5096ms
2019-09-24 22:43:35,804 [9c8ab630-b5f5-42ae-ab19-9f6aeef8fdc5@group-3961DC5949B0:LeaderElection6] INFO  server.RaftServerConfigKeys (ConfUtils.java:logGet(43)) - raft.server.staging.catchup.gap = 1000 (default)
2019-09-24 22:43:35,805 [9c8ab630-b5f5-42ae-ab19-9f6aeef8fdc5@group-3961DC5949B0:LeaderElection6] INFO  server.RaftServerConfigKeys (ConfUtils.java:logGet(43)) - raft.server.rpc.sleep.time = 25ms (default)
2019-09-24 22:43:35,805 [9c8ab630-b5f5-42ae-ab19-9f6aeef8fdc5@group-3961DC5949B0:LeaderElection6] INFO  server.RaftServerConfigKeys (ConfUtils.java:logGet(43)) - raft.server.write.element-limit = 4096 (default)
2019-09-24 22:43:35,805 [9c8ab630-b5f5-42ae-ab19-9f6aeef8fdc5@group-3961DC5949B0:LeaderElection6] INFO  server.RaftServerConfigKeys (ConfUtils.java:logGet(43)) - raft.server.watch.timeout = 10s (default)
2019-09-24 22:43:35,805 [9c8ab630-b5f5-42ae-ab19-9f6aeef8fdc5@group-3961DC5949B0:LeaderElection6] INFO  server.RaftServerConfigKeys (ConfUtils.java:logGet(43)) - raft.server.watch.timeout.denomination = 1s (default)
2019-09-24 22:43:35,805 [9c8ab630-b5f5-42ae-ab19-9f6aeef8fdc5@group-3961DC5949B0:LeaderElection6] INFO  server.RaftServerConfigKeys (ConfUtils.java:logGet(43)) - raft.server.watch.element-limit = 65536 (default)
2019-09-24 22:43:35,810 [9c8ab630-b5f5-42ae-ab19-9f6aeef8fdc5@group-3961DC5949B0:LeaderElection6] INFO  impl.RoleInfo (RoleInfo.java:updateAndGet(143)) - 9c8ab630-b5f5-42ae-ab19-9f6aeef8fdc5: start LeaderState
2019-09-24 22:43:35,810 [9c8ab630-b5f5-42ae-ab19-9f6aeef8fdc5@group-3961DC5949B0:LeaderElection6] INFO  segmented.SegmentedRaftLogWorker (SegmentedRaftLogWorker.java:startLogSegment(380)) - 9c8ab630-b5f5-42ae-ab19-9f6aeef8fdc5@group-3961DC5949B0-SegmentedRaftLogWorker: Starting segment from index:0
2019-09-24 22:43:35,810 [9c8ab630-b5f5-42ae-ab19-9f6aeef8fdc5@group-3961DC5949B0:LeaderElection6] INFO  impl.RaftServerImpl (ServerState.java:setRaftConf(354)) - 9c8ab630-b5f5-42ae-ab19-9f6aeef8fdc5@group-3961DC5949B0: set configuration 0: [9c8ab630-b5f5-42ae-ab19-9f6aeef8fdc5:192.168.151.66:34606], old=null at 0
2019-09-24 22:43:35,841 [9c8ab630-b5f5-42ae-ab19-9f6aeef8fdc5@group-3961DC5949B0-SegmentedRaftLogWorker] INFO  segmented.SegmentedRaftLogWorker (SegmentedRaftLogWorker.java:execute(569)) - 9c8ab630-b5f5-42ae-ab19-9f6aeef8fdc5@group-3961DC5949B0-SegmentedRaftLogWorker: created new log segment /workdir/hadoop-ozone/integration-test/target/test-dir/MiniOzoneClusterImpl-d8bbf689-b3c7-4797-acf4-e99b3e7335dc/datanode-1/data/ratis/65b2b26e-5a3e-485f-9111-3961dc5949b0/current/log_inprogress_0
2019-09-24 22:43:35,960 [main] INFO  ipc.Client (Client.java:handleConnectionFailure(948)) - Retrying connect to server: localhost/127.0.0.1:0. Already tried 4 time(s); retry policy is RetryUpToMaximumCountWithFixedSleep(maxRetries=10, sleepTime=1000 MILLISECONDS)
2019-09-24 22:43:35,980 [Thread-258] INFO  impl.FollowerState (FollowerState.java:run(106)) - 0eafc66a-b222-485a-84b4-d82d0185be4e:group-7918343E60DA changes to CANDIDATE, lastRpcTime:5152, electionTimeout:5152ms
2019-09-24 22:43:35,981 [Thread-258] INFO  impl.RoleInfo (RoleInfo.java:shutdownFollowerState(121)) - 0eafc66a-b222-485a-84b4-d82d0185be4e: shutdown FollowerState
2019-09-24 22:43:35,981 [Thread-258] INFO  impl.RaftServerImpl (RaftServerImpl.java:setRole(174)) - 0eafc66a-b222-485a-84b4-d82d0185be4e@group-7918343E60DA: changes role from  FOLLOWER to CANDIDATE at term 0 for changeToCandidate
2019-09-24 22:43:35,981 [Thread-258] INFO  impl.RoleInfo (RoleInfo.java:updateAndGet(143)) - 0eafc66a-b222-485a-84b4-d82d0185be4e: start LeaderElection
2019-09-24 22:43:35,987 [Thread-266] INFO  impl.FollowerState (FollowerState.java:run(106)) - cc0fada7-f07d-4fca-b5a3-1adb9c0f28a8:group-C7C8BBF4D978 changes to CANDIDATE, lastRpcTime:5024, electionTimeout:5024ms
2019-09-24 22:43:35,987 [Thread-266] INFO  impl.RoleInfo (RoleInfo.java:shutdownFollowerState(121)) - cc0fada7-f07d-4fca-b5a3-1adb9c0f28a8: shutdown FollowerState
2019-09-24 22:43:35,987 [Thread-266] INFO  impl.RaftServerImpl (RaftServerImpl.java:setRole(174)) - cc0fada7-f07d-4fca-b5a3-1adb9c0f28a8@group-C7C8BBF4D978: changes role from  FOLLOWER to CANDIDATE at term 0 for changeToCandidate
2019-09-24 22:43:35,987 [Thread-266] INFO  impl.RoleInfo (RoleInfo.java:updateAndGet(143)) - cc0fada7-f07d-4fca-b5a3-1adb9c0f28a8: start LeaderElection
2019-09-24 22:43:36,018 [0eafc66a-b222-485a-84b4-d82d0185be4e@group-7918343E60DA:LeaderElection7] INFO  impl.LeaderElection (LeaderElection.java:askForVotes(182)) - 0eafc66a-b222-485a-84b4-d82d0185be4e@group-7918343E60DA:LeaderElection7: begin an election at term 1 for -1: [0eafc66a-b222-485a-84b4-d82d0185be4e:192.168.151.66:35610], old=null
2019-09-24 22:43:36,018 [cc0fada7-f07d-4fca-b5a3-1adb9c0f28a8@group-C7C8BBF4D978:LeaderElection8] INFO  impl.LeaderElection (LeaderElection.java:askForVotes(182)) - cc0fada7-f07d-4fca-b5a3-1adb9c0f28a8@group-C7C8BBF4D978:LeaderElection8: begin an election at term 1 for -1: [cc0fada7-f07d-4fca-b5a3-1adb9c0f28a8:192.168.151.66:42999, 935414d4-2c23-4fcd-bc36-bb7e45710750:192.168.151.66:37475, 50c9ac3a-ba58-4412-b88f-9c17bcde39a8:192.168.151.66:39329], old=null
2019-09-24 22:43:36,019 [0eafc66a-b222-485a-84b4-d82d0185be4e@group-7918343E60DA:LeaderElection7] INFO  impl.RoleInfo (RoleInfo.java:shutdownLeaderElection(134)) - 0eafc66a-b222-485a-84b4-d82d0185be4e: shutdown LeaderElection
2019-09-24 22:43:36,019 [0eafc66a-b222-485a-84b4-d82d0185be4e@group-7918343E60DA:LeaderElection7] INFO  impl.RaftServerImpl (RaftServerImpl.java:setRole(174)) - 0eafc66a-b222-485a-84b4-d82d0185be4e@group-7918343E60DA: changes role from CANDIDATE to LEADER at term 1 for changeToLeader
2019-09-24 22:43:36,019 [0eafc66a-b222-485a-84b4-d82d0185be4e@group-7918343E60DA:LeaderElection7] INFO  impl.RaftServerImpl (ServerState.java:setLeader(253)) - 0eafc66a-b222-485a-84b4-d82d0185be4e@group-7918343E60DA: change Leader from null to 0eafc66a-b222-485a-84b4-d82d0185be4e at term 1 for becomeLeader, leader elected after 5201ms
2019-09-24 22:43:36,021 [0eafc66a-b222-485a-84b4-d82d0185be4e@group-7918343E60DA:LeaderElection7] INFO  server.RaftServerConfigKeys (ConfUtils.java:logGet(43)) - raft.server.staging.catchup.gap = 1000 (default)
2019-09-24 22:43:36,021 [0eafc66a-b222-485a-84b4-d82d0185be4e@group-7918343E60DA:LeaderElection7] INFO  server.RaftServerConfigKeys (ConfUtils.java:logGet(43)) - raft.server.rpc.sleep.time = 25ms (default)
2019-09-24 22:43:36,022 [0eafc66a-b222-485a-84b4-d82d0185be4e@group-7918343E60DA:LeaderElection7] INFO  server.RaftServerConfigKeys (ConfUtils.java:logGet(43)) - raft.server.write.element-limit = 4096 (default)
2019-09-24 22:43:36,022 [0eafc66a-b222-485a-84b4-d82d0185be4e@group-7918343E60DA:LeaderElection7] INFO  server.RaftServerConfigKeys (ConfUtils.java:logGet(43)) - raft.server.watch.timeout = 10s (default)
2019-09-24 22:43:36,022 [0eafc66a-b222-485a-84b4-d82d0185be4e@group-7918343E60DA:LeaderElection7] INFO  server.RaftServerConfigKeys (ConfUtils.java:logGet(43)) - raft.server.watch.timeout.denomination = 1s (default)
2019-09-24 22:43:36,022 [0eafc66a-b222-485a-84b4-d82d0185be4e@group-7918343E60DA:LeaderElection7] INFO  server.RaftServerConfigKeys (ConfUtils.java:logGet(43)) - raft.server.watch.element-limit = 65536 (default)
2019-09-24 22:43:36,026 [0eafc66a-b222-485a-84b4-d82d0185be4e@group-7918343E60DA:LeaderElection7] INFO  impl.RoleInfo (RoleInfo.java:updateAndGet(143)) - 0eafc66a-b222-485a-84b4-d82d0185be4e: start LeaderState
2019-09-24 22:43:36,026 [0eafc66a-b222-485a-84b4-d82d0185be4e@group-7918343E60DA:LeaderElection7] INFO  segmented.SegmentedRaftLogWorker (SegmentedRaftLogWorker.java:startLogSegment(380)) - 0eafc66a-b222-485a-84b4-d82d0185be4e@group-7918343E60DA-SegmentedRaftLogWorker: Starting segment from index:0
2019-09-24 22:43:36,027 [0eafc66a-b222-485a-84b4-d82d0185be4e@group-7918343E60DA:LeaderElection7] INFO  impl.RaftServerImpl (ServerState.java:setRaftConf(354)) - 0eafc66a-b222-485a-84b4-d82d0185be4e@group-7918343E60DA: set configuration 0: [0eafc66a-b222-485a-84b4-d82d0185be4e:192.168.151.66:35610], old=null at 0
2019-09-24 22:43:36,058 [0eafc66a-b222-485a-84b4-d82d0185be4e@group-7918343E60DA-SegmentedRaftLogWorker] INFO  segmented.SegmentedRaftLogWorker (SegmentedRaftLogWorker.java:execute(569)) - 0eafc66a-b222-485a-84b4-d82d0185be4e@group-7918343E60DA-SegmentedRaftLogWorker: created new log segment /workdir/hadoop-ozone/integration-test/target/test-dir/MiniOzoneClusterImpl-d8bbf689-b3c7-4797-acf4-e99b3e7335dc/datanode-6/data/ratis/4a6c415a-b3c5-43cb-a317-7918343e60da/current/log_inprogress_0
2019-09-24 22:43:36,067 [grpc-default-executor-0] INFO  impl.RaftServerImpl (RaftServerImpl.java:setRole(174)) - 50c9ac3a-ba58-4412-b88f-9c17bcde39a8@group-C7C8BBF4D978: changes role from  FOLLOWER to FOLLOWER at term 1 for recognizeCandidate:cc0fada7-f07d-4fca-b5a3-1adb9c0f28a8
2019-09-24 22:43:36,067 [grpc-default-executor-2] INFO  impl.RaftServerImpl (RaftServerImpl.java:setRole(174)) - 935414d4-2c23-4fcd-bc36-bb7e45710750@group-C7C8BBF4D978: changes role from  FOLLOWER to FOLLOWER at term 1 for recognizeCandidate:cc0fada7-f07d-4fca-b5a3-1adb9c0f28a8
2019-09-24 22:43:36,067 [grpc-default-executor-0] INFO  impl.RoleInfo (RoleInfo.java:shutdownFollowerState(121)) - 50c9ac3a-ba58-4412-b88f-9c17bcde39a8: shutdown FollowerState
2019-09-24 22:43:36,067 [grpc-default-executor-2] INFO  impl.RoleInfo (RoleInfo.java:shutdownFollowerState(121)) - 935414d4-2c23-4fcd-bc36-bb7e45710750: shutdown FollowerState
2019-09-24 22:43:36,068 [grpc-default-executor-0] INFO  impl.RoleInfo (RoleInfo.java:updateAndGet(143)) - 50c9ac3a-ba58-4412-b88f-9c17bcde39a8: start FollowerState
2019-09-24 22:43:36,068 [Thread-264] INFO  impl.FollowerState (FollowerState.java:run(115)) - 935414d4-2c23-4fcd-bc36-bb7e45710750: FollowerState was interrupted: java.lang.InterruptedException: sleep interrupted
2019-09-24 22:43:36,068 [Thread-268] INFO  impl.FollowerState (FollowerState.java:run(115)) - 50c9ac3a-ba58-4412-b88f-9c17bcde39a8: FollowerState was interrupted: java.lang.InterruptedException: sleep interrupted
2019-09-24 22:43:36,068 [grpc-default-executor-2] INFO  impl.RoleInfo (RoleInfo.java:updateAndGet(143)) - 935414d4-2c23-4fcd-bc36-bb7e45710750: start FollowerState
2019-09-24 22:43:36,107 [cc0fada7-f07d-4fca-b5a3-1adb9c0f28a8@group-C7C8BBF4D978:LeaderElection8] INFO  impl.LeaderElection (LeaderElection.java:logAndReturn(56)) - cc0fada7-f07d-4fca-b5a3-1adb9c0f28a8@group-C7C8BBF4D978:LeaderElection8: Election PASSED; received 1 response(s) [cc0fada7-f07d-4fca-b5a3-1adb9c0f28a8<-935414d4-2c23-4fcd-bc36-bb7e45710750#0:OK-t1] and 0 exception(s); cc0fada7-f07d-4fca-b5a3-1adb9c0f28a8@group-C7C8BBF4D978:t1, leader=null, voted=cc0fada7-f07d-4fca-b5a3-1adb9c0f28a8, raftlog=cc0fada7-f07d-4fca-b5a3-1adb9c0f28a8@group-C7C8BBF4D978-SegmentedRaftLog:OPENED:c-1,f-1,i0, conf=-1: [cc0fada7-f07d-4fca-b5a3-1adb9c0f28a8:192.168.151.66:42999, 935414d4-2c23-4fcd-bc36-bb7e45710750:192.168.151.66:37475, 50c9ac3a-ba58-4412-b88f-9c17bcde39a8:192.168.151.66:39329], old=null
2019-09-24 22:43:36,107 [cc0fada7-f07d-4fca-b5a3-1adb9c0f28a8@group-C7C8BBF4D978:LeaderElection8] INFO  impl.RoleInfo (RoleInfo.java:shutdownLeaderElection(134)) - cc0fada7-f07d-4fca-b5a3-1adb9c0f28a8: shutdown LeaderElection
2019-09-24 22:43:36,107 [cc0fada7-f07d-4fca-b5a3-1adb9c0f28a8@group-C7C8BBF4D978:LeaderElection8] INFO  impl.RaftServerImpl (RaftServerImpl.java:setRole(174)) - cc0fada7-f07d-4fca-b5a3-1adb9c0f28a8@group-C7C8BBF4D978: changes role from CANDIDATE to LEADER at term 1 for changeToLeader
2019-09-24 22:43:36,109 [cc0fada7-f07d-4fca-b5a3-1adb9c0f28a8@group-C7C8BBF4D978:LeaderElection8] INFO  impl.RaftServerImpl (ServerState.java:setLeader(253)) - cc0fada7-f07d-4fca-b5a3-1adb9c0f28a8@group-C7C8BBF4D978: change Leader from null to cc0fada7-f07d-4fca-b5a3-1adb9c0f28a8 at term 1 for becomeLeader, leader elected after 5159ms
2019-09-24 22:43:36,111 [cc0fada7-f07d-4fca-b5a3-1adb9c0f28a8@group-C7C8BBF4D978:LeaderElection8] INFO  server.RaftServerConfigKeys (ConfUtils.java:logGet(43)) - raft.server.staging.catchup.gap = 1000 (default)
2019-09-24 22:43:36,111 [cc0fada7-f07d-4fca-b5a3-1adb9c0f28a8@group-C7C8BBF4D978:LeaderElection8] INFO  server.RaftServerConfigKeys (ConfUtils.java:logGet(43)) - raft.server.rpc.sleep.time = 25ms (default)
2019-09-24 22:43:36,111 [cc0fada7-f07d-4fca-b5a3-1adb9c0f28a8@group-C7C8BBF4D978:LeaderElection8] INFO  server.RaftServerConfigKeys (ConfUtils.java:logGet(43)) - raft.server.write.element-limit = 4096 (default)
2019-09-24 22:43:36,112 [cc0fada7-f07d-4fca-b5a3-1adb9c0f28a8@group-C7C8BBF4D978:LeaderElection8] INFO  server.RaftServerConfigKeys (ConfUtils.java:logGet(43)) - raft.server.watch.timeout = 10s (default)
2019-09-24 22:43:36,112 [cc0fada7-f07d-4fca-b5a3-1adb9c0f28a8@group-C7C8BBF4D978:LeaderElection8] INFO  server.RaftServerConfigKeys (ConfUtils.java:logGet(43)) - raft.server.watch.timeout.denomination = 1s (default)
2019-09-24 22:43:36,112 [cc0fada7-f07d-4fca-b5a3-1adb9c0f28a8@group-C7C8BBF4D978:LeaderElection8] INFO  server.RaftServerConfigKeys (ConfUtils.java:logGet(43)) - raft.server.watch.element-limit = 65536 (default)
2019-09-24 22:43:36,119 [cc0fada7-f07d-4fca-b5a3-1adb9c0f28a8@group-C7C8BBF4D978:LeaderElection8] INFO  server.RaftServerConfigKeys (ConfUtils.java:logGet(43)) - raft.server.log.appender.snapshot.chunk.size.max = 16MB (=16777216) (default)
2019-09-24 22:43:36,120 [cc0fada7-f07d-4fca-b5a3-1adb9c0f28a8@group-C7C8BBF4D978:LeaderElection8] INFO  server.RaftServerConfigKeys (ConfUtils.java:logGet(43)) - raft.server.log.appender.buffer.byte-limit = 33554432 (custom)
2019-09-24 22:43:36,121 [cc0fada7-f07d-4fca-b5a3-1adb9c0f28a8@group-C7C8BBF4D978:LeaderElection8] INFO  server.RaftServerConfigKeys (ConfUtils.java:logGet(43)) - raft.server.log.appender.buffer.element-limit = 1 (custom)
2019-09-24 22:43:36,125 [cc0fada7-f07d-4fca-b5a3-1adb9c0f28a8@group-C7C8BBF4D978:LeaderElection8] INFO  grpc.GrpcConfigKeys$Server (ConfUtils.java:logGet(43)) - raft.grpc.server.leader.outstanding.appends.max = 128 (default)
2019-09-24 22:43:36,127 [cc0fada7-f07d-4fca-b5a3-1adb9c0f28a8@group-C7C8BBF4D978:LeaderElection8] INFO  server.RaftServerConfigKeys (ConfUtils.java:logGet(43)) - raft.server.rpc.request.timeout = 3000ms (default)
2019-09-24 22:43:36,127 [cc0fada7-f07d-4fca-b5a3-1adb9c0f28a8@group-C7C8BBF4D978:LeaderElection8] INFO  server.RaftServerConfigKeys (ConfUtils.java:logGet(43)) - raft.server.log.appender.install.snapshot.enabled = false (custom)
2019-09-24 22:43:36,128 [cc0fada7-f07d-4fca-b5a3-1adb9c0f28a8@group-C7C8BBF4D978:LeaderElection8] INFO  server.RaftServerConfigKeys (ConfUtils.java:logGet(43)) - raft.server.log.appender.snapshot.chunk.size.max = 16MB (=16777216) (default)
2019-09-24 22:43:36,128 [cc0fada7-f07d-4fca-b5a3-1adb9c0f28a8@group-C7C8BBF4D978:LeaderElection8] INFO  server.RaftServerConfigKeys (ConfUtils.java:logGet(43)) - raft.server.log.appender.buffer.byte-limit = 33554432 (custom)
2019-09-24 22:43:36,129 [cc0fada7-f07d-4fca-b5a3-1adb9c0f28a8@group-C7C8BBF4D978:LeaderElection8] INFO  server.RaftServerConfigKeys (ConfUtils.java:logGet(43)) - raft.server.log.appender.buffer.element-limit = 1 (custom)
2019-09-24 22:43:36,129 [cc0fada7-f07d-4fca-b5a3-1adb9c0f28a8@group-C7C8BBF4D978:LeaderElection8] INFO  grpc.GrpcConfigKeys$Server (ConfUtils.java:logGet(43)) - raft.grpc.server.leader.outstanding.appends.max = 128 (default)
2019-09-24 22:43:36,129 [cc0fada7-f07d-4fca-b5a3-1adb9c0f28a8@group-C7C8BBF4D978:LeaderElection8] INFO  server.RaftServerConfigKeys (ConfUtils.java:logGet(43)) - raft.server.rpc.request.timeout = 3000ms (default)
2019-09-24 22:43:36,129 [cc0fada7-f07d-4fca-b5a3-1adb9c0f28a8@group-C7C8BBF4D978:LeaderElection8] INFO  server.RaftServerConfigKeys (ConfUtils.java:logGet(43)) - raft.server.log.appender.install.snapshot.enabled = false (custom)
2019-09-24 22:43:36,133 [cc0fada7-f07d-4fca-b5a3-1adb9c0f28a8@group-C7C8BBF4D978:LeaderElection8] INFO  impl.RoleInfo (RoleInfo.java:updateAndGet(143)) - cc0fada7-f07d-4fca-b5a3-1adb9c0f28a8: start LeaderState
2019-09-24 22:43:36,133 [cc0fada7-f07d-4fca-b5a3-1adb9c0f28a8@group-C7C8BBF4D978:LeaderElection8] INFO  segmented.SegmentedRaftLogWorker (SegmentedRaftLogWorker.java:startLogSegment(380)) - cc0fada7-f07d-4fca-b5a3-1adb9c0f28a8@group-C7C8BBF4D978-SegmentedRaftLogWorker: Starting segment from index:0
2019-09-24 22:43:36,134 [cc0fada7-f07d-4fca-b5a3-1adb9c0f28a8@group-C7C8BBF4D978:LeaderElection8] INFO  impl.RaftServerImpl (ServerState.java:setRaftConf(354)) - cc0fada7-f07d-4fca-b5a3-1adb9c0f28a8@group-C7C8BBF4D978: set configuration 0: [cc0fada7-f07d-4fca-b5a3-1adb9c0f28a8:192.168.151.66:42999, 935414d4-2c23-4fcd-bc36-bb7e45710750:192.168.151.66:37475, 50c9ac3a-ba58-4412-b88f-9c17bcde39a8:192.168.151.66:39329], old=null at 0
2019-09-24 22:43:36,163 [cc0fada7-f07d-4fca-b5a3-1adb9c0f28a8@group-C7C8BBF4D978-SegmentedRaftLogWorker] INFO  segmented.SegmentedRaftLogWorker (SegmentedRaftLogWorker.java:execute(569)) - cc0fada7-f07d-4fca-b5a3-1adb9c0f28a8@group-C7C8BBF4D978-SegmentedRaftLogWorker: created new log segment /workdir/hadoop-ozone/integration-test/target/test-dir/MiniOzoneClusterImpl-d8bbf689-b3c7-4797-acf4-e99b3e7335dc/datanode-5/data/ratis/ad46bdea-c443-4324-9160-c7c8bbf4d978/current/log_inprogress_0
2019-09-24 22:43:36,235 [grpc-default-executor-2] INFO  impl.RaftServerImpl (ServerState.java:setLeader(253)) - 50c9ac3a-ba58-4412-b88f-9c17bcde39a8@group-C7C8BBF4D978: change Leader from null to cc0fada7-f07d-4fca-b5a3-1adb9c0f28a8 at term 1 for appendEntries, leader elected after 5285ms
2019-09-24 22:43:36,242 [grpc-default-executor-0] INFO  impl.RaftServerImpl (ServerState.java:setLeader(253)) - 935414d4-2c23-4fcd-bc36-bb7e45710750@group-C7C8BBF4D978: change Leader from null to cc0fada7-f07d-4fca-b5a3-1adb9c0f28a8 at term 1 for appendEntries, leader elected after 5292ms
2019-09-24 22:43:36,235 [Thread-275] INFO  impl.FollowerState (FollowerState.java:run(106)) - 70f4562f-d8ad-4306-8e38-e3256cd2d134:group-58912FCE31F0 changes to CANDIDATE, lastRpcTime:5137, electionTimeout:5077ms
2019-09-24 22:43:36,244 [Thread-275] INFO  impl.RoleInfo (RoleInfo.java:shutdownFollowerState(121)) - 70f4562f-d8ad-4306-8e38-e3256cd2d134: shutdown FollowerState
2019-09-24 22:43:36,244 [Thread-275] INFO  impl.RaftServerImpl (RaftServerImpl.java:setRole(174)) - 70f4562f-d8ad-4306-8e38-e3256cd2d134@group-58912FCE31F0: changes role from  FOLLOWER to CANDIDATE at term 0 for changeToCandidate
2019-09-24 22:43:36,245 [Thread-275] INFO  impl.RoleInfo (RoleInfo.java:updateAndGet(143)) - 70f4562f-d8ad-4306-8e38-e3256cd2d134: start LeaderElection
2019-09-24 22:43:36,252 [Thread-272] INFO  impl.FollowerState (FollowerState.java:run(106)) - cec385b5-4726-4a13-96d2-2d6a2f49e9ea:group-58912FCE31F0 changes to CANDIDATE, lastRpcTime:5163, electionTimeout:5163ms
2019-09-24 22:43:36,253 [Thread-272] INFO  impl.RoleInfo (RoleInfo.java:shutdownFollowerState(121)) - cec385b5-4726-4a13-96d2-2d6a2f49e9ea: shutdown FollowerState
2019-09-24 22:43:36,253 [Thread-272] INFO  impl.RaftServerImpl (RaftServerImpl.java:setRole(174)) - cec385b5-4726-4a13-96d2-2d6a2f49e9ea@group-58912FCE31F0: changes role from  FOLLOWER to CANDIDATE at term 0 for changeToCandidate
2019-09-24 22:43:36,257 [Thread-272] INFO  impl.RoleInfo (RoleInfo.java:updateAndGet(143)) - cec385b5-4726-4a13-96d2-2d6a2f49e9ea: start LeaderElection
2019-09-24 22:43:36,257 [Thread-276] INFO  impl.FollowerState (FollowerState.java:run(106)) - 9c8ab630-b5f5-42ae-ab19-9f6aeef8fdc5:group-58912FCE31F0 changes to CANDIDATE, lastRpcTime:5160, electionTimeout:5158ms
2019-09-24 22:43:36,260 [Thread-276] INFO  impl.RoleInfo (RoleInfo.java:shutdownFollowerState(121)) - 9c8ab630-b5f5-42ae-ab19-9f6aeef8fdc5: shutdown FollowerState
2019-09-24 22:43:36,260 [Thread-276] INFO  impl.RaftServerImpl (RaftServerImpl.java:setRole(174)) - 9c8ab630-b5f5-42ae-ab19-9f6aeef8fdc5@group-58912FCE31F0: changes role from  FOLLOWER to CANDIDATE at term 0 for changeToCandidate
2019-09-24 22:43:36,260 [Thread-276] INFO  impl.RoleInfo (RoleInfo.java:updateAndGet(143)) - 9c8ab630-b5f5-42ae-ab19-9f6aeef8fdc5: start LeaderElection
2019-09-24 22:43:36,290 [cec385b5-4726-4a13-96d2-2d6a2f49e9ea@group-58912FCE31F0:LeaderElection10] INFO  impl.LeaderElection (LeaderElection.java:askForVotes(182)) - cec385b5-4726-4a13-96d2-2d6a2f49e9ea@group-58912FCE31F0:LeaderElection10: begin an election at term 1 for -1: [9c8ab630-b5f5-42ae-ab19-9f6aeef8fdc5:192.168.151.66:34606, cec385b5-4726-4a13-96d2-2d6a2f49e9ea:192.168.151.66:34702, 70f4562f-d8ad-4306-8e38-e3256cd2d134:192.168.151.66:46029], old=null
2019-09-24 22:43:36,290 [70f4562f-d8ad-4306-8e38-e3256cd2d134@group-58912FCE31F0:LeaderElection9] INFO  impl.LeaderElection (LeaderElection.java:askForVotes(182)) - 70f4562f-d8ad-4306-8e38-e3256cd2d134@group-58912FCE31F0:LeaderElection9: begin an election at term 1 for -1: [9c8ab630-b5f5-42ae-ab19-9f6aeef8fdc5:192.168.151.66:34606, cec385b5-4726-4a13-96d2-2d6a2f49e9ea:192.168.151.66:34702, 70f4562f-d8ad-4306-8e38-e3256cd2d134:192.168.151.66:46029], old=null
2019-09-24 22:43:36,293 [9c8ab630-b5f5-42ae-ab19-9f6aeef8fdc5@group-58912FCE31F0:LeaderElection11] INFO  impl.LeaderElection (LeaderElection.java:askForVotes(182)) - 9c8ab630-b5f5-42ae-ab19-9f6aeef8fdc5@group-58912FCE31F0:LeaderElection11: begin an election at term 1 for -1: [9c8ab630-b5f5-42ae-ab19-9f6aeef8fdc5:192.168.151.66:34606, cec385b5-4726-4a13-96d2-2d6a2f49e9ea:192.168.151.66:34702, 70f4562f-d8ad-4306-8e38-e3256cd2d134:192.168.151.66:46029], old=null
2019-09-24 22:43:36,351 [cec385b5-4726-4a13-96d2-2d6a2f49e9ea@group-58912FCE31F0:LeaderElection10] INFO  impl.LeaderElection (LeaderElection.java:logAndReturn(56)) - cec385b5-4726-4a13-96d2-2d6a2f49e9ea@group-58912FCE31F0:LeaderElection10: Election REJECTED; received 2 response(s) [cec385b5-4726-4a13-96d2-2d6a2f49e9ea<-9c8ab630-b5f5-42ae-ab19-9f6aeef8fdc5#0:FAIL-t1, cec385b5-4726-4a13-96d2-2d6a2f49e9ea<-70f4562f-d8ad-4306-8e38-e3256cd2d134#0:FAIL-t1] and 0 exception(s); cec385b5-4726-4a13-96d2-2d6a2f49e9ea@group-58912FCE31F0:t1, leader=null, voted=cec385b5-4726-4a13-96d2-2d6a2f49e9ea, raftlog=cec385b5-4726-4a13-96d2-2d6a2f49e9ea@group-58912FCE31F0-SegmentedRaftLog:OPENED:c-1,f-1,i0, conf=-1: [9c8ab630-b5f5-42ae-ab19-9f6aeef8fdc5:192.168.151.66:34606, cec385b5-4726-4a13-96d2-2d6a2f49e9ea:192.168.151.66:34702, 70f4562f-d8ad-4306-8e38-e3256cd2d134:192.168.151.66:46029], old=null
2019-09-24 22:43:36,351 [9c8ab630-b5f5-42ae-ab19-9f6aeef8fdc5@group-58912FCE31F0:LeaderElection11] INFO  impl.LeaderElection (LeaderElection.java:logAndReturn(56)) - 9c8ab630-b5f5-42ae-ab19-9f6aeef8fdc5@group-58912FCE31F0:LeaderElection11: Election REJECTED; received 2 response(s) [9c8ab630-b5f5-42ae-ab19-9f6aeef8fdc5<-cec385b5-4726-4a13-96d2-2d6a2f49e9ea#0:FAIL-t1, 9c8ab630-b5f5-42ae-ab19-9f6aeef8fdc5<-70f4562f-d8ad-4306-8e38-e3256cd2d134#0:FAIL-t1] and 0 exception(s); 9c8ab630-b5f5-42ae-ab19-9f6aeef8fdc5@group-58912FCE31F0:t1, leader=null, voted=9c8ab630-b5f5-42ae-ab19-9f6aeef8fdc5, raftlog=9c8ab630-b5f5-42ae-ab19-9f6aeef8fdc5@group-58912FCE31F0-SegmentedRaftLog:OPENED:c-1,f-1,i0, conf=-1: [9c8ab630-b5f5-42ae-ab19-9f6aeef8fdc5:192.168.151.66:34606, cec385b5-4726-4a13-96d2-2d6a2f49e9ea:192.168.151.66:34702, 70f4562f-d8ad-4306-8e38-e3256cd2d134:192.168.151.66:46029], old=null
2019-09-24 22:43:36,351 [cec385b5-4726-4a13-96d2-2d6a2f49e9ea@group-58912FCE31F0:LeaderElection10] INFO  impl.RaftServerImpl (RaftServerImpl.java:setRole(174)) - cec385b5-4726-4a13-96d2-2d6a2f49e9ea@group-58912FCE31F0: changes role from CANDIDATE to FOLLOWER at term 1 for DISCOVERED_A_NEW_TERM
2019-09-24 22:43:36,354 [9c8ab630-b5f5-42ae-ab19-9f6aeef8fdc5@group-58912FCE31F0:LeaderElection11] INFO  impl.RaftServerImpl (RaftServerImpl.java:setRole(174)) - 9c8ab630-b5f5-42ae-ab19-9f6aeef8fdc5@group-58912FCE31F0: changes role from CANDIDATE to FOLLOWER at term 1 for DISCOVERED_A_NEW_TERM
2019-09-24 22:43:36,355 [cec385b5-4726-4a13-96d2-2d6a2f49e9ea@group-58912FCE31F0:LeaderElection10] INFO  impl.RoleInfo (RoleInfo.java:shutdownLeaderElection(134)) - cec385b5-4726-4a13-96d2-2d6a2f49e9ea: shutdown LeaderElection
2019-09-24 22:43:36,359 [grpc-default-executor-1] INFO  impl.RaftServerImpl (ServerState.java:setRaftConf(354)) - 935414d4-2c23-4fcd-bc36-bb7e45710750@group-C7C8BBF4D978: set configuration 0: [cc0fada7-f07d-4fca-b5a3-1adb9c0f28a8:192.168.151.66:42999, 935414d4-2c23-4fcd-bc36-bb7e45710750:192.168.151.66:37475, 50c9ac3a-ba58-4412-b88f-9c17bcde39a8:192.168.151.66:39329], old=null at 0
2019-09-24 22:43:36,359 [9c8ab630-b5f5-42ae-ab19-9f6aeef8fdc5@group-58912FCE31F0:LeaderElection11] INFO  impl.RoleInfo (RoleInfo.java:shutdownLeaderElection(134)) - 9c8ab630-b5f5-42ae-ab19-9f6aeef8fdc5: shutdown LeaderElection
2019-09-24 22:43:36,360 [grpc-default-executor-1] INFO  segmented.SegmentedRaftLogWorker (SegmentedRaftLogWorker.java:startLogSegment(380)) - 935414d4-2c23-4fcd-bc36-bb7e45710750@group-C7C8BBF4D978-SegmentedRaftLogWorker: Starting segment from index:0
2019-09-24 22:43:36,360 [grpc-default-executor-0] INFO  impl.RaftServerImpl (ServerState.java:setRaftConf(354)) - 50c9ac3a-ba58-4412-b88f-9c17bcde39a8@group-C7C8BBF4D978: set configuration 0: [cc0fada7-f07d-4fca-b5a3-1adb9c0f28a8:192.168.151.66:42999, 935414d4-2c23-4fcd-bc36-bb7e45710750:192.168.151.66:37475, 50c9ac3a-ba58-4412-b88f-9c17bcde39a8:192.168.151.66:39329], old=null at 0
2019-09-24 22:43:36,359 [cec385b5-4726-4a13-96d2-2d6a2f49e9ea@group-58912FCE31F0:LeaderElection10] INFO  impl.RoleInfo (RoleInfo.java:updateAndGet(143)) - cec385b5-4726-4a13-96d2-2d6a2f49e9ea: start FollowerState
2019-09-24 22:43:36,360 [grpc-default-executor-0] INFO  segmented.SegmentedRaftLogWorker (SegmentedRaftLogWorker.java:startLogSegment(380)) - 50c9ac3a-ba58-4412-b88f-9c17bcde39a8@group-C7C8BBF4D978-SegmentedRaftLogWorker: Starting segment from index:0
2019-09-24 22:43:36,360 [9c8ab630-b5f5-42ae-ab19-9f6aeef8fdc5@group-58912FCE31F0:LeaderElection11] INFO  impl.RoleInfo (RoleInfo.java:updateAndGet(143)) - 9c8ab630-b5f5-42ae-ab19-9f6aeef8fdc5: start FollowerState
2019-09-24 22:43:36,378 [70f4562f-d8ad-4306-8e38-e3256cd2d134@group-58912FCE31F0:LeaderElection9] INFO  impl.LeaderElection (LeaderElection.java:logAndReturn(56)) - 70f4562f-d8ad-4306-8e38-e3256cd2d134@group-58912FCE31F0:LeaderElection9: Election REJECTED; received 2 response(s) [70f4562f-d8ad-4306-8e38-e3256cd2d134<-9c8ab630-b5f5-42ae-ab19-9f6aeef8fdc5#0:FAIL-t1, 70f4562f-d8ad-4306-8e38-e3256cd2d134<-cec385b5-4726-4a13-96d2-2d6a2f49e9ea#0:FAIL-t1] and 0 exception(s); 70f4562f-d8ad-4306-8e38-e3256cd2d134@group-58912FCE31F0:t1, leader=null, voted=70f4562f-d8ad-4306-8e38-e3256cd2d134, raftlog=70f4562f-d8ad-4306-8e38-e3256cd2d134@group-58912FCE31F0-SegmentedRaftLog:OPENED:c-1,f-1,i0, conf=-1: [9c8ab630-b5f5-42ae-ab19-9f6aeef8fdc5:192.168.151.66:34606, cec385b5-4726-4a13-96d2-2d6a2f49e9ea:192.168.151.66:34702, 70f4562f-d8ad-4306-8e38-e3256cd2d134:192.168.151.66:46029], old=null
2019-09-24 22:43:36,378 [70f4562f-d8ad-4306-8e38-e3256cd2d134@group-58912FCE31F0:LeaderElection9] INFO  impl.RaftServerImpl (RaftServerImpl.java:setRole(174)) - 70f4562f-d8ad-4306-8e38-e3256cd2d134@group-58912FCE31F0: changes role from CANDIDATE to FOLLOWER at term 1 for DISCOVERED_A_NEW_TERM
2019-09-24 22:43:36,393 [935414d4-2c23-4fcd-bc36-bb7e45710750@group-C7C8BBF4D978-SegmentedRaftLogWorker] INFO  segmented.SegmentedRaftLogWorker (SegmentedRaftLogWorker.java:execute(569)) - 935414d4-2c23-4fcd-bc36-bb7e45710750@group-C7C8BBF4D978-SegmentedRaftLogWorker: created new log segment /workdir/hadoop-ozone/integration-test/target/test-dir/MiniOzoneClusterImpl-d8bbf689-b3c7-4797-acf4-e99b3e7335dc/datanode-0/data/ratis/ad46bdea-c443-4324-9160-c7c8bbf4d978/current/log_inprogress_0
2019-09-24 22:43:36,394 [70f4562f-d8ad-4306-8e38-e3256cd2d134@group-58912FCE31F0:LeaderElection9] INFO  impl.RoleInfo (RoleInfo.java:shutdownLeaderElection(134)) - 70f4562f-d8ad-4306-8e38-e3256cd2d134: shutdown LeaderElection
2019-09-24 22:43:36,395 [70f4562f-d8ad-4306-8e38-e3256cd2d134@group-58912FCE31F0:LeaderElection9] INFO  impl.RoleInfo (RoleInfo.java:updateAndGet(143)) - 70f4562f-d8ad-4306-8e38-e3256cd2d134: start FollowerState
2019-09-24 22:43:36,406 [50c9ac3a-ba58-4412-b88f-9c17bcde39a8@group-C7C8BBF4D978-SegmentedRaftLogWorker] INFO  segmented.SegmentedRaftLogWorker (SegmentedRaftLogWorker.java:execute(569)) - 50c9ac3a-ba58-4412-b88f-9c17bcde39a8@group-C7C8BBF4D978-SegmentedRaftLogWorker: created new log segment /workdir/hadoop-ozone/integration-test/target/test-dir/MiniOzoneClusterImpl-d8bbf689-b3c7-4797-acf4-e99b3e7335dc/datanode-2/data/ratis/ad46bdea-c443-4324-9160-c7c8bbf4d978/current/log_inprogress_0
2019-09-24 22:43:36,961 [main] INFO  ipc.Client (Client.java:handleConnectionFailure(948)) - Retrying connect to server: localhost/127.0.0.1:0. Already tried 5 time(s); retry policy is RetryUpToMaximumCountWithFixedSleep(maxRetries=10, sleepTime=1000 MILLISECONDS)
2019-09-24 22:43:37,962 [main] INFO  ipc.Client (Client.java:handleConnectionFailure(948)) - Retrying connect to server: localhost/127.0.0.1:0. Already tried 6 time(s); retry policy is RetryUpToMaximumCountWithFixedSleep(maxRetries=10, sleepTime=1000 MILLISECONDS)
2019-09-24 22:43:38,964 [main] INFO  ipc.Client (Client.java:handleConnectionFailure(948)) - Retrying connect to server: localhost/127.0.0.1:0. Already tried 7 time(s); retry policy is RetryUpToMaximumCountWithFixedSleep(maxRetries=10, sleepTime=1000 MILLISECONDS)
2019-09-24 22:43:39,965 [main] INFO  ipc.Client (Client.java:handleConnectionFailure(948)) - Retrying connect to server: localhost/127.0.0.1:0. Already tried 8 time(s); retry policy is RetryUpToMaximumCountWithFixedSleep(maxRetries=10, sleepTime=1000 MILLISECONDS)
2019-09-24 22:43:40,967 [main] INFO  ipc.Client (Client.java:handleConnectionFailure(948)) - Retrying connect to server: localhost/127.0.0.1:0. Already tried 9 time(s); retry policy is RetryUpToMaximumCountWithFixedSleep(maxRetries=10, sleepTime=1000 MILLISECONDS)
2019-09-24 22:43:41,386 [Thread-315] INFO  impl.FollowerState (FollowerState.java:run(106)) - cec385b5-4726-4a13-96d2-2d6a2f49e9ea:group-58912FCE31F0 changes to CANDIDATE, lastRpcTime:5026, electionTimeout:5012ms
2019-09-24 22:43:41,386 [Thread-315] INFO  impl.RoleInfo (RoleInfo.java:shutdownFollowerState(121)) - cec385b5-4726-4a13-96d2-2d6a2f49e9ea: shutdown FollowerState
2019-09-24 22:43:41,387 [Thread-315] INFO  impl.RaftServerImpl (RaftServerImpl.java:setRole(174)) - cec385b5-4726-4a13-96d2-2d6a2f49e9ea@group-58912FCE31F0: changes role from  FOLLOWER to CANDIDATE at term 1 for changeToCandidate
2019-09-24 22:43:41,387 [Thread-315] INFO  impl.RoleInfo (RoleInfo.java:updateAndGet(143)) - cec385b5-4726-4a13-96d2-2d6a2f49e9ea: start LeaderElection
2019-09-24 22:43:41,419 [cec385b5-4726-4a13-96d2-2d6a2f49e9ea@group-58912FCE31F0:LeaderElection12] INFO  impl.LeaderElection (LeaderElection.java:askForVotes(182)) - cec385b5-4726-4a13-96d2-2d6a2f49e9ea@group-58912FCE31F0:LeaderElection12: begin an election at term 2 for -1: [9c8ab630-b5f5-42ae-ab19-9f6aeef8fdc5:192.168.151.66:34606, cec385b5-4726-4a13-96d2-2d6a2f49e9ea:192.168.151.66:34702, 70f4562f-d8ad-4306-8e38-e3256cd2d134:192.168.151.66:46029], old=null
2019-09-24 22:43:41,426 [grpc-default-executor-1] INFO  impl.RaftServerImpl (RaftServerImpl.java:setRole(174)) - 9c8ab630-b5f5-42ae-ab19-9f6aeef8fdc5@group-58912FCE31F0: changes role from  FOLLOWER to FOLLOWER at term 2 for recognizeCandidate:cec385b5-4726-4a13-96d2-2d6a2f49e9ea
2019-09-24 22:43:41,426 [grpc-default-executor-1] INFO  impl.RoleInfo (RoleInfo.java:shutdownFollowerState(121)) - 9c8ab630-b5f5-42ae-ab19-9f6aeef8fdc5: shutdown FollowerState
2019-09-24 22:43:41,426 [grpc-default-executor-1] INFO  impl.RoleInfo (RoleInfo.java:updateAndGet(143)) - 9c8ab630-b5f5-42ae-ab19-9f6aeef8fdc5: start FollowerState
2019-09-24 22:43:41,428 [Thread-316] INFO  impl.FollowerState (FollowerState.java:run(115)) - 9c8ab630-b5f5-42ae-ab19-9f6aeef8fdc5: FollowerState was interrupted: java.lang.InterruptedException: sleep interrupted
2019-09-24 22:43:41,431 [grpc-default-executor-7] INFO  impl.RaftServerImpl (RaftServerImpl.java:setRole(174)) - 70f4562f-d8ad-4306-8e38-e3256cd2d134@group-58912FCE31F0: changes role from  FOLLOWER to FOLLOWER at term 2 for recognizeCandidate:cec385b5-4726-4a13-96d2-2d6a2f49e9ea
2019-09-24 22:43:41,431 [grpc-default-executor-7] INFO  impl.RoleInfo (RoleInfo.java:shutdownFollowerState(121)) - 70f4562f-d8ad-4306-8e38-e3256cd2d134: shutdown FollowerState
2019-09-24 22:43:41,432 [Thread-317] INFO  impl.FollowerState (FollowerState.java:run(115)) - 70f4562f-d8ad-4306-8e38-e3256cd2d134: FollowerState was interrupted: java.lang.InterruptedException: sleep interrupted
2019-09-24 22:43:41,432 [grpc-default-executor-7] INFO  impl.RoleInfo (RoleInfo.java:updateAndGet(143)) - 70f4562f-d8ad-4306-8e38-e3256cd2d134: start FollowerState
2019-09-24 22:43:41,459 [cec385b5-4726-4a13-96d2-2d6a2f49e9ea@group-58912FCE31F0:LeaderElection12] INFO  impl.LeaderElection (LeaderElection.java:logAndReturn(56)) - cec385b5-4726-4a13-96d2-2d6a2f49e9ea@group-58912FCE31F0:LeaderElection12: Election PASSED; received 1 response(s) [cec385b5-4726-4a13-96d2-2d6a2f49e9ea<-9c8ab630-b5f5-42ae-ab19-9f6aeef8fdc5#0:OK-t2] and 0 exception(s); cec385b5-4726-4a13-96d2-2d6a2f49e9ea@group-58912FCE31F0:t2, leader=null, voted=cec385b5-4726-4a13-96d2-2d6a2f49e9ea, raftlog=cec385b5-4726-4a13-96d2-2d6a2f49e9ea@group-58912FCE31F0-SegmentedRaftLog:OPENED:c-1,f-1,i0, conf=-1: [9c8ab630-b5f5-42ae-ab19-9f6aeef8fdc5:192.168.151.66:34606, cec385b5-4726-4a13-96d2-2d6a2f49e9ea:192.168.151.66:34702, 70f4562f-d8ad-4306-8e38-e3256cd2d134:192.168.151.66:46029], old=null
2019-09-24 22:43:41,459 [cec385b5-4726-4a13-96d2-2d6a2f49e9ea@group-58912FCE31F0:LeaderElection12] INFO  impl.RoleInfo (RoleInfo.java:shutdownLeaderElection(134)) - cec385b5-4726-4a13-96d2-2d6a2f49e9ea: shutdown LeaderElection
2019-09-24 22:43:41,473 [cec385b5-4726-4a13-96d2-2d6a2f49e9ea@group-58912FCE31F0:LeaderElection12] INFO  impl.RaftServerImpl (RaftServerImpl.java:setRole(174)) - cec385b5-4726-4a13-96d2-2d6a2f49e9ea@group-58912FCE31F0: changes role from CANDIDATE to LEADER at term 2 for changeToLeader
2019-09-24 22:43:41,473 [cec385b5-4726-4a13-96d2-2d6a2f49e9ea@group-58912FCE31F0:LeaderElection12] INFO  impl.RaftServerImpl (ServerState.java:setLeader(253)) - cec385b5-4726-4a13-96d2-2d6a2f49e9ea@group-58912FCE31F0: change Leader from null to cec385b5-4726-4a13-96d2-2d6a2f49e9ea at term 2 for becomeLeader, leader elected after 10395ms
2019-09-24 22:43:41,474 [cec385b5-4726-4a13-96d2-2d6a2f49e9ea@group-58912FCE31F0:LeaderElection12] INFO  server.RaftServerConfigKeys (ConfUtils.java:logGet(43)) - raft.server.staging.catchup.gap = 1000 (default)
2019-09-24 22:43:41,474 [cec385b5-4726-4a13-96d2-2d6a2f49e9ea@group-58912FCE31F0:LeaderElection12] INFO  server.RaftServerConfigKeys (ConfUtils.java:logGet(43)) - raft.server.rpc.sleep.time = 25ms (default)
2019-09-24 22:43:41,474 [cec385b5-4726-4a13-96d2-2d6a2f49e9ea@group-58912FCE31F0:LeaderElection12] INFO  server.RaftServerConfigKeys (ConfUtils.java:logGet(43)) - raft.server.write.element-limit = 4096 (default)
2019-09-24 22:43:41,474 [cec385b5-4726-4a13-96d2-2d6a2f49e9ea@group-58912FCE31F0:LeaderElection12] INFO  server.RaftServerConfigKeys (ConfUtils.java:logGet(43)) - raft.server.watch.timeout = 10s (default)
2019-09-24 22:43:41,474 [cec385b5-4726-4a13-96d2-2d6a2f49e9ea@group-58912FCE31F0:LeaderElection12] INFO  server.RaftServerConfigKeys (ConfUtils.java:logGet(43)) - raft.server.watch.timeout.denomination = 1s (default)
2019-09-24 22:43:41,475 [cec385b5-4726-4a13-96d2-2d6a2f49e9ea@group-58912FCE31F0:LeaderElection12] INFO  server.RaftServerConfigKeys (ConfUtils.java:logGet(43)) - raft.server.watch.element-limit = 65536 (default)
2019-09-24 22:43:41,478 [cec385b5-4726-4a13-96d2-2d6a2f49e9ea@group-58912FCE31F0:LeaderElection12] INFO  server.RaftServerConfigKeys (ConfUtils.java:logGet(43)) - raft.server.log.appender.snapshot.chunk.size.max = 16MB (=16777216) (default)
2019-09-24 22:43:41,478 [cec385b5-4726-4a13-96d2-2d6a2f49e9ea@group-58912FCE31F0:LeaderElection12] INFO  server.RaftServerConfigKeys (ConfUtils.java:logGet(43)) - raft.server.log.appender.buffer.byte-limit = 33554432 (custom)
2019-09-24 22:43:41,478 [cec385b5-4726-4a13-96d2-2d6a2f49e9ea@group-58912FCE31F0:LeaderElection12] INFO  server.RaftServerConfigKeys (ConfUtils.java:logGet(43)) - raft.server.log.appender.buffer.element-limit = 1 (custom)
2019-09-24 22:43:41,479 [cec385b5-4726-4a13-96d2-2d6a2f49e9ea@group-58912FCE31F0:LeaderElection12] INFO  grpc.GrpcConfigKeys$Server (ConfUtils.java:logGet(43)) - raft.grpc.server.leader.outstanding.appends.max = 128 (default)
2019-09-24 22:43:41,479 [cec385b5-4726-4a13-96d2-2d6a2f49e9ea@group-58912FCE31F0:LeaderElection12] INFO  server.RaftServerConfigKeys (ConfUtils.java:logGet(43)) - raft.server.rpc.request.timeout = 3000ms (default)
2019-09-24 22:43:41,479 [cec385b5-4726-4a13-96d2-2d6a2f49e9ea@group-58912FCE31F0:LeaderElection12] INFO  server.RaftServerConfigKeys (ConfUtils.java:logGet(43)) - raft.server.log.appender.install.snapshot.enabled = false (custom)
2019-09-24 22:43:41,480 [cec385b5-4726-4a13-96d2-2d6a2f49e9ea@group-58912FCE31F0:LeaderElection12] INFO  server.RaftServerConfigKeys (ConfUtils.java:logGet(43)) - raft.server.log.appender.snapshot.chunk.size.max = 16MB (=16777216) (default)
2019-09-24 22:43:41,480 [cec385b5-4726-4a13-96d2-2d6a2f49e9ea@group-58912FCE31F0:LeaderElection12] INFO  server.RaftServerConfigKeys (ConfUtils.java:logGet(43)) - raft.server.log.appender.buffer.byte-limit = 33554432 (custom)
2019-09-24 22:43:41,480 [cec385b5-4726-4a13-96d2-2d6a2f49e9ea@group-58912FCE31F0:LeaderElection12] INFO  server.RaftServerConfigKeys (ConfUtils.java:logGet(43)) - raft.server.log.appender.buffer.element-limit = 1 (custom)
2019-09-24 22:43:41,481 [cec385b5-4726-4a13-96d2-2d6a2f49e9ea@group-58912FCE31F0:LeaderElection12] INFO  grpc.GrpcConfigKeys$Server (ConfUtils.java:logGet(43)) - raft.grpc.server.leader.outstanding.appends.max = 128 (default)
2019-09-24 22:43:41,481 [cec385b5-4726-4a13-96d2-2d6a2f49e9ea@group-58912FCE31F0:LeaderElection12] INFO  server.RaftServerConfigKeys (ConfUtils.java:logGet(43)) - raft.server.rpc.request.timeout = 3000ms (default)
2019-09-24 22:43:41,481 [cec385b5-4726-4a13-96d2-2d6a2f49e9ea@group-58912FCE31F0:LeaderElection12] INFO  server.RaftServerConfigKeys (ConfUtils.java:logGet(43)) - raft.server.log.appender.install.snapshot.enabled = false (custom)
2019-09-24 22:43:41,482 [cec385b5-4726-4a13-96d2-2d6a2f49e9ea@group-58912FCE31F0:LeaderElection12] INFO  impl.RoleInfo (RoleInfo.java:updateAndGet(143)) - cec385b5-4726-4a13-96d2-2d6a2f49e9ea: start LeaderState
2019-09-24 22:43:41,482 [cec385b5-4726-4a13-96d2-2d6a2f49e9ea@group-58912FCE31F0:LeaderElection12] INFO  segmented.SegmentedRaftLogWorker (SegmentedRaftLogWorker.java:startLogSegment(380)) - cec385b5-4726-4a13-96d2-2d6a2f49e9ea@group-58912FCE31F0-SegmentedRaftLogWorker: Starting segment from index:0
2019-09-24 22:43:41,483 [cec385b5-4726-4a13-96d2-2d6a2f49e9ea@group-58912FCE31F0:LeaderElection12] INFO  impl.RaftServerImpl (ServerState.java:setRaftConf(354)) - cec385b5-4726-4a13-96d2-2d6a2f49e9ea@group-58912FCE31F0: set configuration 0: [9c8ab630-b5f5-42ae-ab19-9f6aeef8fdc5:192.168.151.66:34606, cec385b5-4726-4a13-96d2-2d6a2f49e9ea:192.168.151.66:34702, 70f4562f-d8ad-4306-8e38-e3256cd2d134:192.168.151.66:46029], old=null at 0
2019-09-24 22:43:41,486 [grpc-default-executor-7] INFO  impl.RaftServerImpl (ServerState.java:setLeader(253)) - 70f4562f-d8ad-4306-8e38-e3256cd2d134@group-58912FCE31F0: change Leader from null to cec385b5-4726-4a13-96d2-2d6a2f49e9ea at term 2 for appendEntries, leader elected after 10408ms
2019-09-24 22:43:41,505 [grpc-default-executor-7] INFO  impl.RaftServerImpl (ServerState.java:setLeader(253)) - 9c8ab630-b5f5-42ae-ab19-9f6aeef8fdc5@group-58912FCE31F0: change Leader from null to cec385b5-4726-4a13-96d2-2d6a2f49e9ea at term 2 for appendEntries, leader elected after 10426ms
2019-09-24 22:43:41,509 [grpc-default-executor-1] INFO  impl.RaftServerImpl (ServerState.java:setRaftConf(354)) - 70f4562f-d8ad-4306-8e38-e3256cd2d134@group-58912FCE31F0: set configuration 0: [9c8ab630-b5f5-42ae-ab19-9f6aeef8fdc5:192.168.151.66:34606, cec385b5-4726-4a13-96d2-2d6a2f49e9ea:192.168.151.66:34702, 70f4562f-d8ad-4306-8e38-e3256cd2d134:192.168.151.66:46029], old=null at 0
2019-09-24 22:43:41,509 [grpc-default-executor-1] INFO  segmented.SegmentedRaftLogWorker (SegmentedRaftLogWorker.java:startLogSegment(380)) - 70f4562f-d8ad-4306-8e38-e3256cd2d134@group-58912FCE31F0-SegmentedRaftLogWorker: Starting segment from index:0
2019-09-24 22:43:41,509 [grpc-default-executor-7] INFO  impl.RaftServerImpl (ServerState.java:setRaftConf(354)) - 9c8ab630-b5f5-42ae-ab19-9f6aeef8fdc5@group-58912FCE31F0: set configuration 0: [9c8ab630-b5f5-42ae-ab19-9f6aeef8fdc5:192.168.151.66:34606, cec385b5-4726-4a13-96d2-2d6a2f49e9ea:192.168.151.66:34702, 70f4562f-d8ad-4306-8e38-e3256cd2d134:192.168.151.66:46029], old=null at 0
2019-09-24 22:43:41,510 [grpc-default-executor-7] INFO  segmented.SegmentedRaftLogWorker (SegmentedRaftLogWorker.java:startLogSegment(380)) - 9c8ab630-b5f5-42ae-ab19-9f6aeef8fdc5@group-58912FCE31F0-SegmentedRaftLogWorker: Starting segment from index:0
2019-09-24 22:43:41,516 [cec385b5-4726-4a13-96d2-2d6a2f49e9ea@group-58912FCE31F0-SegmentedRaftLogWorker] INFO  segmented.SegmentedRaftLogWorker (SegmentedRaftLogWorker.java:execute(569)) - cec385b5-4726-4a13-96d2-2d6a2f49e9ea@group-58912FCE31F0-SegmentedRaftLogWorker: created new log segment /workdir/hadoop-ozone/integration-test/target/test-dir/MiniOzoneClusterImpl-d8bbf689-b3c7-4797-acf4-e99b3e7335dc/datanode-3/data/ratis/ada78913-7496-480e-881c-58912fce31f0/current/log_inprogress_0
2019-09-24 22:43:41,530 [70f4562f-d8ad-4306-8e38-e3256cd2d134@group-58912FCE31F0-SegmentedRaftLogWorker] INFO  segmented.SegmentedRaftLogWorker (SegmentedRaftLogWorker.java:execute(569)) - 70f4562f-d8ad-4306-8e38-e3256cd2d134@group-58912FCE31F0-SegmentedRaftLogWorker: created new log segment /workdir/hadoop-ozone/integration-test/target/test-dir/MiniOzoneClusterImpl-d8bbf689-b3c7-4797-acf4-e99b3e7335dc/datanode-4/data/ratis/ada78913-7496-480e-881c-58912fce31f0/current/log_inprogress_0
2019-09-24 22:43:41,530 [9c8ab630-b5f5-42ae-ab19-9f6aeef8fdc5@group-58912FCE31F0-SegmentedRaftLogWorker] INFO  segmented.SegmentedRaftLogWorker (SegmentedRaftLogWorker.java:execute(569)) - 9c8ab630-b5f5-42ae-ab19-9f6aeef8fdc5@group-58912FCE31F0-SegmentedRaftLogWorker: created new log segment /workdir/hadoop-ozone/integration-test/target/test-dir/MiniOzoneClusterImpl-d8bbf689-b3c7-4797-acf4-e99b3e7335dc/datanode-1/data/ratis/ada78913-7496-480e-881c-58912fce31f0/current/log_inprogress_0
2019-09-24 22:43:41,974 [main] INFO  ipc.Client (Client.java:handleConnectionFailure(948)) - Retrying connect to server: localhost/127.0.0.1:0. Already tried 0 time(s); retry policy is RetryUpToMaximumCountWithFixedSleep(maxRetries=10, sleepTime=1000 MILLISECONDS)
2019-09-24 22:43:42,979 [main] INFO  ipc.Client (Client.java:handleConnectionFailure(948)) - Retrying connect to server: localhost/127.0.0.1:0. Already tried 1 time(s); retry policy is RetryUpToMaximumCountWithFixedSleep(maxRetries=10, sleepTime=1000 MILLISECONDS)
2019-09-24 22:43:43,981 [main] INFO  ipc.Client (Client.java:handleConnectionFailure(948)) - Retrying connect to server: localhost/127.0.0.1:0. Already tried 2 time(s); retry policy is RetryUpToMaximumCountWithFixedSleep(maxRetries=10, sleepTime=1000 MILLISECONDS)
2019-09-24 22:43:44,982 [main] INFO  ipc.Client (Client.java:handleConnectionFailure(948)) - Retrying connect to server: localhost/127.0.0.1:0. Already tried 3 time(s); retry policy is RetryUpToMaximumCountWithFixedSleep(maxRetries=10, sleepTime=1000 MILLISECONDS)
2019-09-24 22:43:45,984 [main] INFO  ipc.Client (Client.java:handleConnectionFailure(948)) - Retrying connect to server: localhost/127.0.0.1:0. Already tried 4 time(s); retry policy is RetryUpToMaximumCountWithFixedSleep(maxRetries=10, sleepTime=1000 MILLISECONDS)
2019-09-24 22:43:46,985 [main] INFO  ipc.Client (Client.java:handleConnectionFailure(948)) - Retrying connect to server: localhost/127.0.0.1:0. Already tried 5 time(s); retry policy is RetryUpToMaximumCountWithFixedSleep(maxRetries=10, sleepTime=1000 MILLISECONDS)
2019-09-24 22:43:47,986 [main] INFO  ipc.Client (Client.java:handleConnectionFailure(948)) - Retrying connect to server: localhost/127.0.0.1:0. Already tried 6 time(s); retry policy is RetryUpToMaximumCountWithFixedSleep(maxRetries=10, sleepTime=1000 MILLISECONDS)
2019-09-24 22:43:48,988 [main] INFO  ipc.Client (Client.java:handleConnectionFailure(948)) - Retrying connect to server: localhost/127.0.0.1:0. Already tried 7 time(s); retry policy is RetryUpToMaximumCountWithFixedSleep(maxRetries=10, sleepTime=1000 MILLISECONDS)
2019-09-24 22:43:49,989 [main] INFO  ipc.Client (Client.java:handleConnectionFailure(948)) - Retrying connect to server: localhost/127.0.0.1:0. Already tried 8 time(s); retry policy is RetryUpToMaximumCountWithFixedSleep(maxRetries=10, sleepTime=1000 MILLISECONDS)
2019-09-24 22:43:50,991 [main] INFO  ipc.Client (Client.java:handleConnectionFailure(948)) - Retrying connect to server: localhost/127.0.0.1:0. Already tried 9 time(s); retry policy is RetryUpToMaximumCountWithFixedSleep(maxRetries=10, sleepTime=1000 MILLISECONDS)
2019-09-24 22:43:50,992 [main] INFO  retry.RetryInvocationHandler (RetryInvocationHandler.java:log(411)) - com.google.protobuf.ServiceException: java.net.ConnectException: Your endpoint configuration is wrong; For more details see:  http://wiki.apache.org/hadoop/UnsetHostnameOrPort, while invoking $Proxy36.submitRequest over nodeId=null,nodeAddress=127.0.0.1:0 after 1 failover attempts. Trying to failover immediately.
2019-09-24 22:43:51,994 [main] INFO  ipc.Client (Client.java:handleConnectionFailure(948)) - Retrying connect to server: localhost/127.0.0.1:0. Already tried 0 time(s); retry policy is RetryUpToMaximumCountWithFixedSleep(maxRetries=10, sleepTime=1000 MILLISECONDS)
2019-09-24 22:43:52,995 [main] INFO  ipc.Client (Client.java:handleConnectionFailure(948)) - Retrying connect to server: localhost/127.0.0.1:0. Already tried 1 time(s); retry policy is RetryUpToMaximumCountWithFixedSleep(maxRetries=10, sleepTime=1000 MILLISECONDS)
2019-09-24 22:43:53,997 [main] INFO  ipc.Client (Client.java:handleConnectionFailure(948)) - Retrying connect to server: localhost/127.0.0.1:0. Already tried 2 time(s); retry policy is RetryUpToMaximumCountWithFixedSleep(maxRetries=10, sleepTime=1000 MILLISECONDS)
2019-09-24 22:43:54,998 [main] INFO  ipc.Client (Client.java:handleConnectionFailure(948)) - Retrying connect to server: localhost/127.0.0.1:0. Already tried 3 time(s); retry policy is RetryUpToMaximumCountWithFixedSleep(maxRetries=10, sleepTime=1000 MILLISECONDS)
2019-09-24 22:43:56,000 [main] INFO  ipc.Client (Client.java:handleConnectionFailure(948)) - Retrying connect to server: localhost/127.0.0.1:0. Already tried 4 time(s); retry policy is RetryUpToMaximumCountWithFixedSleep(maxRetries=10, sleepTime=1000 MILLISECONDS)
2019-09-24 22:43:57,001 [main] INFO  ipc.Client (Client.java:handleConnectionFailure(948)) - Retrying connect to server: localhost/127.0.0.1:0. Already tried 5 time(s); retry policy is RetryUpToMaximumCountWithFixedSleep(maxRetries=10, sleepTime=1000 MILLISECONDS)
2019-09-24 22:43:58,003 [main] INFO  ipc.Client (Client.java:handleConnectionFailure(948)) - Retrying connect to server: localhost/127.0.0.1:0. Already tried 6 time(s); retry policy is RetryUpToMaximumCountWithFixedSleep(maxRetries=10, sleepTime=1000 MILLISECONDS)
2019-09-24 22:43:59,004 [main] INFO  ipc.Client (Client.java:handleConnectionFailure(948)) - Retrying connect to server: localhost/127.0.0.1:0. Already tried 7 time(s); retry policy is RetryUpToMaximumCountWithFixedSleep(maxRetries=10, sleepTime=1000 MILLISECONDS)
2019-09-24 22:44:00,005 [main] INFO  ipc.Client (Client.java:handleConnectionFailure(948)) - Retrying connect to server: localhost/127.0.0.1:0. Already tried 8 time(s); retry policy is RetryUpToMaximumCountWithFixedSleep(maxRetries=10, sleepTime=1000 MILLISECONDS)
2019-09-24 22:44:01,007 [main] INFO  ipc.Client (Client.java:handleConnectionFailure(948)) - Retrying connect to server: localhost/127.0.0.1:0. Already tried 9 time(s); retry policy is RetryUpToMaximumCountWithFixedSleep(maxRetries=10, sleepTime=1000 MILLISECONDS)
2019-09-24 22:44:01,008 [main] INFO  retry.RetryInvocationHandler (RetryInvocationHandler.java:log(411)) - com.google.protobuf.ServiceException: java.net.ConnectException: Your endpoint configuration is wrong; For more details see:  http://wiki.apache.org/hadoop/UnsetHostnameOrPort, while invoking $Proxy36.submitRequest over nodeId=null,nodeAddress=127.0.0.1:0 after 2 failover attempts. Trying to failover immediately.
2019-09-24 22:44:02,010 [main] INFO  ipc.Client (Client.java:handleConnectionFailure(948)) - Retrying connect to server: localhost/127.0.0.1:0. Already tried 0 time(s); retry policy is RetryUpToMaximumCountWithFixedSleep(maxRetries=10, sleepTime=1000 MILLISECONDS)
2019-09-24 22:44:03,011 [main] INFO  ipc.Client (Client.java:handleConnectionFailure(948)) - Retrying connect to server: localhost/127.0.0.1:0. Already tried 1 time(s); retry policy is RetryUpToMaximumCountWithFixedSleep(maxRetries=10, sleepTime=1000 MILLISECONDS)
2019-09-24 22:44:04,013 [main] INFO  ipc.Client (Client.java:handleConnectionFailure(948)) - Retrying connect to server: localhost/127.0.0.1:0. Already tried 2 time(s); retry policy is RetryUpToMaximumCountWithFixedSleep(maxRetries=10, sleepTime=1000 MILLISECONDS)
2019-09-24 22:44:05,014 [main] INFO  ipc.Client (Client.java:handleConnectionFailure(948)) - Retrying connect to server: localhost/127.0.0.1:0. Already tried 3 time(s); retry policy is RetryUpToMaximumCountWithFixedSleep(maxRetries=10, sleepTime=1000 MILLISECONDS)
2019-09-24 22:44:06,016 [main] INFO  ipc.Client (Client.java:handleConnectionFailure(948)) - Retrying connect to server: localhost/127.0.0.1:0. Already tried 4 time(s); retry policy is RetryUpToMaximumCountWithFixedSleep(maxRetries=10, sleepTime=1000 MILLISECONDS)
2019-09-24 22:44:07,017 [main] INFO  ipc.Client (Client.java:handleConnectionFailure(948)) - Retrying connect to server: localhost/127.0.0.1:0. Already tried 5 time(s); retry policy is RetryUpToMaximumCountWithFixedSleep(maxRetries=10, sleepTime=1000 MILLISECONDS)
2019-09-24 22:44:08,018 [main] INFO  ipc.Client (Client.java:handleConnectionFailure(948)) - Retrying connect to server: localhost/127.0.0.1:0. Already tried 6 time(s); retry policy is RetryUpToMaximumCountWithFixedSleep(maxRetries=10, sleepTime=1000 MILLISECONDS)
2019-09-24 22:44:09,020 [main] INFO  ipc.Client (Client.java:handleConnectionFailure(948)) - Retrying connect to server: localhost/127.0.0.1:0. Already tried 7 time(s); retry policy is RetryUpToMaximumCountWithFixedSleep(maxRetries=10, sleepTime=1000 MILLISECONDS)
2019-09-24 22:44:10,021 [main] INFO  ipc.Client (Client.java:handleConnectionFailure(948)) - Retrying connect to server: localhost/127.0.0.1:0. Already tried 8 time(s); retry policy is RetryUpToMaximumCountWithFixedSleep(maxRetries=10, sleepTime=1000 MILLISECONDS)
2019-09-24 22:44:11,022 [main] INFO  ipc.Client (Client.java:handleConnectionFailure(948)) - Retrying connect to server: localhost/127.0.0.1:0. Already tried 9 time(s); retry policy is RetryUpToMaximumCountWithFixedSleep(maxRetries=10, sleepTime=1000 MILLISECONDS)
2019-09-24 22:44:11,024 [main] INFO  retry.RetryInvocationHandler (RetryInvocationHandler.java:log(411)) - com.google.protobuf.ServiceException: java.net.ConnectException: Your endpoint configuration is wrong; For more details see:  http://wiki.apache.org/hadoop/UnsetHostnameOrPort, while invoking $Proxy36.submitRequest over nodeId=null,nodeAddress=127.0.0.1:0 after 3 failover attempts. Trying to failover immediately.
2019-09-24 22:44:12,025 [main] INFO  ipc.Client (Client.java:handleConnectionFailure(948)) - Retrying connect to server: localhost/127.0.0.1:0. Already tried 0 time(s); retry policy is RetryUpToMaximumCountWithFixedSleep(maxRetries=10, sleepTime=1000 MILLISECONDS)
2019-09-24 22:44:13,027 [main] INFO  ipc.Client (Client.java:handleConnectionFailure(948)) - Retrying connect to server: localhost/127.0.0.1:0. Already tried 1 time(s); retry policy is RetryUpToMaximumCountWithFixedSleep(maxRetries=10, sleepTime=1000 MILLISECONDS)
2019-09-24 22:44:14,029 [main] INFO  ipc.Client (Client.java:handleConnectionFailure(948)) - Retrying connect to server: localhost/127.0.0.1:0. Already tried 2 time(s); retry policy is RetryUpToMaximumCountWithFixedSleep(maxRetries=10, sleepTime=1000 MILLISECONDS)
2019-09-24 22:44:15,030 [main] INFO  ipc.Client (Client.java:handleConnectionFailure(948)) - Retrying connect to server: localhost/127.0.0.1:0. Already tried 3 time(s); retry policy is RetryUpToMaximumCountWithFixedSleep(maxRetries=10, sleepTime=1000 MILLISECONDS)
2019-09-24 22:44:16,032 [main] INFO  ipc.Client (Client.java:handleConnectionFailure(948)) - Retrying connect to server: localhost/127.0.0.1:0. Already tried 4 time(s); retry policy is RetryUpToMaximumCountWithFixedSleep(maxRetries=10, sleepTime=1000 MILLISECONDS)
2019-09-24 22:44:17,033 [main] INFO  ipc.Client (Client.java:handleConnectionFailure(948)) - Retrying connect to server: localhost/127.0.0.1:0. Already tried 5 time(s); retry policy is RetryUpToMaximumCountWithFixedSleep(maxRetries=10, sleepTime=1000 MILLISECONDS)
2019-09-24 22:44:18,035 [main] INFO  ipc.Client (Client.java:handleConnectionFailure(948)) - Retrying connect to server: localhost/127.0.0.1:0. Already tried 6 time(s); retry policy is RetryUpToMaximumCountWithFixedSleep(maxRetries=10, sleepTime=1000 MILLISECONDS)
2019-09-24 22:44:19,036 [main] INFO  ipc.Client (Client.java:handleConnectionFailure(948)) - Retrying connect to server: localhost/127.0.0.1:0. Already tried 7 time(s); retry policy is RetryUpToMaximumCountWithFixedSleep(maxRetries=10, sleepTime=1000 MILLISECONDS)
2019-09-24 22:44:20,037 [main] INFO  ipc.Client (Client.java:handleConnectionFailure(948)) - Retrying connect to server: localhost/127.0.0.1:0. Already tried 8 time(s); retry policy is RetryUpToMaximumCountWithFixedSleep(maxRetries=10, sleepTime=1000 MILLISECONDS)
2019-09-24 22:44:21,039 [main] INFO  ipc.Client (Client.java:handleConnectionFailure(948)) - Retrying connect to server: localhost/127.0.0.1:0. Already tried 9 time(s); retry policy is RetryUpToMaximumCountWithFixedSleep(maxRetries=10, sleepTime=1000 MILLISECONDS)
2019-09-24 22:44:21,041 [main] INFO  retry.RetryInvocationHandler (RetryInvocationHandler.java:log(411)) - com.google.protobuf.ServiceException: java.net.ConnectException: Your endpoint configuration is wrong; For more details see:  http://wiki.apache.org/hadoop/UnsetHostnameOrPort, while invoking $Proxy36.submitRequest over nodeId=null,nodeAddress=127.0.0.1:0 after 4 failover attempts. Trying to failover immediately.
2019-09-24 22:44:22,042 [main] INFO  ipc.Client (Client.java:handleConnectionFailure(948)) - Retrying connect to server: localhost/127.0.0.1:0. Already tried 0 time(s); retry policy is RetryUpToMaximumCountWithFixedSleep(maxRetries=10, sleepTime=1000 MILLISECONDS)
2019-09-24 22:44:23,043 [main] INFO  ipc.Client (Client.java:handleConnectionFailure(948)) - Retrying connect to server: localhost/127.0.0.1:0. Already tried 1 time(s); retry policy is RetryUpToMaximumCountWithFixedSleep(maxRetries=10, sleepTime=1000 MILLISECONDS)
2019-09-24 22:44:24,044 [main] INFO  ipc.Client (Client.java:handleConnectionFailure(948)) - Retrying connect to server: localhost/127.0.0.1:0. Already tried 2 time(s); retry policy is RetryUpToMaximumCountWithFixedSleep(maxRetries=10, sleepTime=1000 MILLISECONDS)
2019-09-24 22:44:25,046 [main] INFO  ipc.Client (Client.java:handleConnectionFailure(948)) - Retrying connect to server: localhost/127.0.0.1:0. Already tried 3 time(s); retry policy is RetryUpToMaximumCountWithFixedSleep(maxRetries=10, sleepTime=1000 MILLISECONDS)
2019-09-24 22:44:26,047 [main] INFO  ipc.Client (Client.java:handleConnectionFailure(948)) - Retrying connect to server: localhost/127.0.0.1:0. Already tried 4 time(s); retry policy is RetryUpToMaximumCountWithFixedSleep(maxRetries=10, sleepTime=1000 MILLISECONDS)
2019-09-24 22:44:27,049 [main] INFO  ipc.Client (Client.java:handleConnectionFailure(948)) - Retrying connect to server: localhost/127.0.0.1:0. Already tried 5 time(s); retry policy is RetryUpToMaximumCountWithFixedSleep(maxRetries=10, sleepTime=1000 MILLISECONDS)
2019-09-24 22:44:28,050 [main] INFO  ipc.Client (Client.java:handleConnectionFailure(948)) - Retrying connect to server: localhost/127.0.0.1:0. Already tried 6 time(s); retry policy is RetryUpToMaximumCountWithFixedSleep(maxRetries=10, sleepTime=1000 MILLISECONDS)
2019-09-24 22:44:29,051 [main] INFO  ipc.Client (Client.java:handleConnectionFailure(948)) - Retrying connect to server: localhost/127.0.0.1:0. Already tried 7 time(s); retry policy is RetryUpToMaximumCountWithFixedSleep(maxRetries=10, sleepTime=1000 MILLISECONDS)
2019-09-24 22:44:30,052 [main] INFO  ipc.Client (Client.java:handleConnectionFailure(948)) - Retrying connect to server: localhost/127.0.0.1:0. Already tried 8 time(s); retry policy is RetryUpToMaximumCountWithFixedSleep(maxRetries=10, sleepTime=1000 MILLISECONDS)
2019-09-24 22:44:31,054 [main] INFO  ipc.Client (Client.java:handleConnectionFailure(948)) - Retrying connect to server: localhost/127.0.0.1:0. Already tried 9 time(s); retry policy is RetryUpToMaximumCountWithFixedSleep(maxRetries=10, sleepTime=1000 MILLISECONDS)
2019-09-24 22:44:31,055 [main] INFO  retry.RetryInvocationHandler (RetryInvocationHandler.java:log(411)) - com.google.protobuf.ServiceException: java.net.ConnectException: Your endpoint configuration is wrong; For more details see:  http://wiki.apache.org/hadoop/UnsetHostnameOrPort, while invoking $Proxy36.submitRequest over nodeId=null,nodeAddress=127.0.0.1:0 after 5 failover attempts. Trying to failover immediately.
2019-09-24 22:44:32,056 [main] INFO  ipc.Client (Client.java:handleConnectionFailure(948)) - Retrying connect to server: localhost/127.0.0.1:0. Already tried 0 time(s); retry policy is RetryUpToMaximumCountWithFixedSleep(maxRetries=10, sleepTime=1000 MILLISECONDS)
2019-09-24 22:44:33,058 [main] INFO  ipc.Client (Client.java:handleConnectionFailure(948)) - Retrying connect to server: localhost/127.0.0.1:0. Already tried 1 time(s); retry policy is RetryUpToMaximumCountWithFixedSleep(maxRetries=10, sleepTime=1000 MILLISECONDS)
2019-09-24 22:44:34,059 [main] INFO  ipc.Client (Client.java:handleConnectionFailure(948)) - Retrying connect to server: localhost/127.0.0.1:0. Already tried 2 time(s); retry policy is RetryUpToMaximumCountWithFixedSleep(maxRetries=10, sleepTime=1000 MILLISECONDS)
2019-09-24 22:44:35,060 [main] INFO  ipc.Client (Client.java:handleConnectionFailure(948)) - Retrying connect to server: localhost/127.0.0.1:0. Already tried 3 time(s); retry policy is RetryUpToMaximumCountWithFixedSleep(maxRetries=10, sleepTime=1000 MILLISECONDS)
2019-09-24 22:44:36,061 [main] INFO  ipc.Client (Client.java:handleConnectionFailure(948)) - Retrying connect to server: localhost/127.0.0.1:0. Already tried 4 time(s); retry policy is RetryUpToMaximumCountWithFixedSleep(maxRetries=10, sleepTime=1000 MILLISECONDS)
2019-09-24 22:44:37,062 [main] INFO  ipc.Client (Client.java:handleConnectionFailure(948)) - Retrying connect to server: localhost/127.0.0.1:0. Already tried 5 time(s); retry policy is RetryUpToMaximumCountWithFixedSleep(maxRetries=10, sleepTime=1000 MILLISECONDS)
2019-09-24 22:44:38,064 [main] INFO  ipc.Client (Client.java:handleConnectionFailure(948)) - Retrying connect to server: localhost/127.0.0.1:0. Already tried 6 time(s); retry policy is RetryUpToMaximumCountWithFixedSleep(maxRetries=10, sleepTime=1000 MILLISECONDS)
2019-09-24 22:44:39,065 [main] INFO  ipc.Client (Client.java:handleConnectionFailure(948)) - Retrying connect to server: localhost/127.0.0.1:0. Already tried 7 time(s); retry policy is RetryUpToMaximumCountWithFixedSleep(maxRetries=10, sleepTime=1000 MILLISECONDS)
2019-09-24 22:44:40,066 [main] INFO  ipc.Client (Client.java:handleConnectionFailure(948)) - Retrying connect to server: localhost/127.0.0.1:0. Already tried 8 time(s); retry policy is RetryUpToMaximumCountWithFixedSleep(maxRetries=10, sleepTime=1000 MILLISECONDS)
2019-09-24 22:44:41,067 [main] INFO  ipc.Client (Client.java:handleConnectionFailure(948)) - Retrying connect to server: localhost/127.0.0.1:0. Already tried 9 time(s); retry policy is RetryUpToMaximumCountWithFixedSleep(maxRetries=10, sleepTime=1000 MILLISECONDS)
2019-09-24 22:44:41,069 [main] INFO  retry.RetryInvocationHandler (RetryInvocationHandler.java:log(411)) - com.google.protobuf.ServiceException: java.net.ConnectException: Your endpoint configuration is wrong; For more details see:  http://wiki.apache.org/hadoop/UnsetHostnameOrPort, while invoking $Proxy36.submitRequest over nodeId=null,nodeAddress=127.0.0.1:0 after 6 failover attempts. Trying to failover immediately.
2019-09-24 22:44:42,070 [main] INFO  ipc.Client (Client.java:handleConnectionFailure(948)) - Retrying connect to server: localhost/127.0.0.1:0. Already tried 0 time(s); retry policy is RetryUpToMaximumCountWithFixedSleep(maxRetries=10, sleepTime=1000 MILLISECONDS)
2019-09-24 22:44:43,071 [main] INFO  ipc.Client (Client.java:handleConnectionFailure(948)) - Retrying connect to server: localhost/127.0.0.1:0. Already tried 1 time(s); retry policy is RetryUpToMaximumCountWithFixedSleep(maxRetries=10, sleepTime=1000 MILLISECONDS)
2019-09-24 22:44:44,072 [main] INFO  ipc.Client (Client.java:handleConnectionFailure(948)) - Retrying connect to server: localhost/127.0.0.1:0. Already tried 2 time(s); retry policy is RetryUpToMaximumCountWithFixedSleep(maxRetries=10, sleepTime=1000 MILLISECONDS)
2019-09-24 22:44:45,073 [main] INFO  ipc.Client (Client.java:handleConnectionFailure(948)) - Retrying connect to server: localhost/127.0.0.1:0. Already tried 3 time(s); retry policy is RetryUpToMaximumCountWithFixedSleep(maxRetries=10, sleepTime=1000 MILLISECONDS)
2019-09-24 22:44:46,075 [main] INFO  ipc.Client (Client.java:handleConnectionFailure(948)) - Retrying connect to server: localhost/127.0.0.1:0. Already tried 4 time(s); retry policy is RetryUpToMaximumCountWithFixedSleep(maxRetries=10, sleepTime=1000 MILLISECONDS)
2019-09-24 22:44:47,076 [main] INFO  ipc.Client (Client.java:handleConnectionFailure(948)) - Retrying connect to server: localhost/127.0.0.1:0. Already tried 5 time(s); retry policy is RetryUpToMaximumCountWithFixedSleep(maxRetries=10, sleepTime=1000 MILLISECONDS)
2019-09-24 22:44:48,077 [main] INFO  ipc.Client (Client.java:handleConnectionFailure(948)) - Retrying connect to server: localhost/127.0.0.1:0. Already tried 6 time(s); retry policy is RetryUpToMaximumCountWithFixedSleep(maxRetries=10, sleepTime=1000 MILLISECONDS)
2019-09-24 22:44:49,078 [main] INFO  ipc.Client (Client.java:handleConnectionFailure(948)) - Retrying connect to server: localhost/127.0.0.1:0. Already tried 7 time(s); retry policy is RetryUpToMaximumCountWithFixedSleep(maxRetries=10, sleepTime=1000 MILLISECONDS)
2019-09-24 22:44:50,079 [main] INFO  ipc.Client (Client.java:handleConnectionFailure(948)) - Retrying connect to server: localhost/127.0.0.1:0. Already tried 8 time(s); retry policy is RetryUpToMaximumCountWithFixedSleep(maxRetries=10, sleepTime=1000 MILLISECONDS)
2019-09-24 22:44:51,081 [main] INFO  ipc.Client (Client.java:handleConnectionFailure(948)) - Retrying connect to server: localhost/127.0.0.1:0. Already tried 9 time(s); retry policy is RetryUpToMaximumCountWithFixedSleep(maxRetries=10, sleepTime=1000 MILLISECONDS)
2019-09-24 22:44:51,082 [main] INFO  retry.RetryInvocationHandler (RetryInvocationHandler.java:log(411)) - com.google.protobuf.ServiceException: java.net.ConnectException: Your endpoint configuration is wrong; For more details see:  http://wiki.apache.org/hadoop/UnsetHostnameOrPort, while invoking $Proxy36.submitRequest over nodeId=null,nodeAddress=127.0.0.1:0 after 7 failover attempts. Trying to failover immediately.
2019-09-24 22:44:52,083 [main] INFO  ipc.Client (Client.java:handleConnectionFailure(948)) - Retrying connect to server: localhost/127.0.0.1:0. Already tried 0 time(s); retry policy is RetryUpToMaximumCountWithFixedSleep(maxRetries=10, sleepTime=1000 MILLISECONDS)
2019-09-24 22:44:53,084 [main] INFO  ipc.Client (Client.java:handleConnectionFailure(948)) - Retrying connect to server: localhost/127.0.0.1:0. Already tried 1 time(s); retry policy is RetryUpToMaximumCountWithFixedSleep(maxRetries=10, sleepTime=1000 MILLISECONDS)
2019-09-24 22:44:54,086 [main] INFO  ipc.Client (Client.java:handleConnectionFailure(948)) - Retrying connect to server: localhost/127.0.0.1:0. Already tried 2 time(s); retry policy is RetryUpToMaximumCountWithFixedSleep(maxRetries=10, sleepTime=1000 MILLISECONDS)
2019-09-24 22:44:55,087 [main] INFO  ipc.Client (Client.java:handleConnectionFailure(948)) - Retrying connect to server: localhost/127.0.0.1:0. Already tried 3 time(s); retry policy is RetryUpToMaximumCountWithFixedSleep(maxRetries=10, sleepTime=1000 MILLISECONDS)
2019-09-24 22:44:56,088 [main] INFO  ipc.Client (Client.java:handleConnectionFailure(948)) - Retrying connect to server: localhost/127.0.0.1:0. Already tried 4 time(s); retry policy is RetryUpToMaximumCountWithFixedSleep(maxRetries=10, sleepTime=1000 MILLISECONDS)
2019-09-24 22:44:57,089 [main] INFO  ipc.Client (Client.java:handleConnectionFailure(948)) - Retrying connect to server: localhost/127.0.0.1:0. Already tried 5 time(s); retry policy is RetryUpToMaximumCountWithFixedSleep(maxRetries=10, sleepTime=1000 MILLISECONDS)
2019-09-24 22:44:58,091 [main] INFO  ipc.Client (Client.java:handleConnectionFailure(948)) - Retrying connect to server: localhost/127.0.0.1:0. Already tried 6 time(s); retry policy is RetryUpToMaximumCountWithFixedSleep(maxRetries=10, sleepTime=1000 MILLISECONDS)
2019-09-24 22:44:59,092 [main] INFO  ipc.Client (Client.java:handleConnectionFailure(948)) - Retrying connect to server: localhost/127.0.0.1:0. Already tried 7 time(s); retry policy is RetryUpToMaximumCountWithFixedSleep(maxRetries=10, sleepTime=1000 MILLISECONDS)
2019-09-24 22:45:00,093 [main] INFO  ipc.Client (Client.java:handleConnectionFailure(948)) - Retrying connect to server: localhost/127.0.0.1:0. Already tried 8 time(s); retry policy is RetryUpToMaximumCountWithFixedSleep(maxRetries=10, sleepTime=1000 MILLISECONDS)
2019-09-24 22:45:01,094 [main] INFO  ipc.Client (Client.java:handleConnectionFailure(948)) - Retrying connect to server: localhost/127.0.0.1:0. Already tried 9 time(s); retry policy is RetryUpToMaximumCountWithFixedSleep(maxRetries=10, sleepTime=1000 MILLISECONDS)
2019-09-24 22:45:01,096 [main] INFO  retry.RetryInvocationHandler (RetryInvocationHandler.java:log(411)) - com.google.protobuf.ServiceException: java.net.ConnectException: Your endpoint configuration is wrong; For more details see:  http://wiki.apache.org/hadoop/UnsetHostnameOrPort, while invoking $Proxy36.submitRequest over nodeId=null,nodeAddress=127.0.0.1:0 after 8 failover attempts. Trying to failover immediately.
2019-09-24 22:45:02,097 [main] INFO  ipc.Client (Client.java:handleConnectionFailure(948)) - Retrying connect to server: localhost/127.0.0.1:0. Already tried 0 time(s); retry policy is RetryUpToMaximumCountWithFixedSleep(maxRetries=10, sleepTime=1000 MILLISECONDS)
2019-09-24 22:45:03,098 [main] INFO  ipc.Client (Client.java:handleConnectionFailure(948)) - Retrying connect to server: localhost/127.0.0.1:0. Already tried 1 time(s); retry policy is RetryUpToMaximumCountWithFixedSleep(maxRetries=10, sleepTime=1000 MILLISECONDS)
2019-09-24 22:45:04,099 [main] INFO  ipc.Client (Client.java:handleConnectionFailure(948)) - Retrying connect to server: localhost/127.0.0.1:0. Already tried 2 time(s); retry policy is RetryUpToMaximumCountWithFixedSleep(maxRetries=10, sleepTime=1000 MILLISECONDS)
2019-09-24 22:45:05,101 [main] INFO  ipc.Client (Client.java:handleConnectionFailure(948)) - Retrying connect to server: localhost/127.0.0.1:0. Already tried 3 time(s); retry policy is RetryUpToMaximumCountWithFixedSleep(maxRetries=10, sleepTime=1000 MILLISECONDS)
2019-09-24 22:45:06,102 [main] INFO  ipc.Client (Client.java:handleConnectionFailure(948)) - Retrying connect to server: localhost/127.0.0.1:0. Already tried 4 time(s); retry policy is RetryUpToMaximumCountWithFixedSleep(maxRetries=10, sleepTime=1000 MILLISECONDS)
2019-09-24 22:45:07,103 [main] INFO  ipc.Client (Client.java:handleConnectionFailure(948)) - Retrying connect to server: localhost/127.0.0.1:0. Already tried 5 time(s); retry policy is RetryUpToMaximumCountWithFixedSleep(maxRetries=10, sleepTime=1000 MILLISECONDS)
2019-09-24 22:45:08,104 [main] INFO  ipc.Client (Client.java:handleConnectionFailure(948)) - Retrying connect to server: localhost/127.0.0.1:0. Already tried 6 time(s); retry policy is RetryUpToMaximumCountWithFixedSleep(maxRetries=10, sleepTime=1000 MILLISECONDS)
2019-09-24 22:45:09,105 [main] INFO  ipc.Client (Client.java:handleConnectionFailure(948)) - Retrying connect to server: localhost/127.0.0.1:0. Already tried 7 time(s); retry policy is RetryUpToMaximumCountWithFixedSleep(maxRetries=10, sleepTime=1000 MILLISECONDS)
2019-09-24 22:45:10,107 [main] INFO  ipc.Client (Client.java:handleConnectionFailure(948)) - Retrying connect to server: localhost/127.0.0.1:0. Already tried 8 time(s); retry policy is RetryUpToMaximumCountWithFixedSleep(maxRetries=10, sleepTime=1000 MILLISECONDS)
2019-09-24 22:45:11,108 [main] INFO  ipc.Client (Client.java:handleConnectionFailure(948)) - Retrying connect to server: localhost/127.0.0.1:0. Already tried 9 time(s); retry policy is RetryUpToMaximumCountWithFixedSleep(maxRetries=10, sleepTime=1000 MILLISECONDS)
2019-09-24 22:45:11,109 [main] INFO  retry.RetryInvocationHandler (RetryInvocationHandler.java:log(411)) - com.google.protobuf.ServiceException: java.net.ConnectException: Your endpoint configuration is wrong; For more details see:  http://wiki.apache.org/hadoop/UnsetHostnameOrPort, while invoking $Proxy36.submitRequest over nodeId=null,nodeAddress=127.0.0.1:0 after 9 failover attempts. Trying to failover immediately.
2019-09-24 22:45:12,110 [main] INFO  ipc.Client (Client.java:handleConnectionFailure(948)) - Retrying connect to server: localhost/127.0.0.1:0. Already tried 0 time(s); retry policy is RetryUpToMaximumCountWithFixedSleep(maxRetries=10, sleepTime=1000 MILLISECONDS)
2019-09-24 22:45:13,111 [main] INFO  ipc.Client (Client.java:handleConnectionFailure(948)) - Retrying connect to server: localhost/127.0.0.1:0. Already tried 1 time(s); retry policy is RetryUpToMaximumCountWithFixedSleep(maxRetries=10, sleepTime=1000 MILLISECONDS)
2019-09-24 22:45:14,114 [main] INFO  ipc.Client (Client.java:handleConnectionFailure(948)) - Retrying connect to server: localhost/127.0.0.1:0. Already tried 2 time(s); retry policy is RetryUpToMaximumCountWithFixedSleep(maxRetries=10, sleepTime=1000 MILLISECONDS)
2019-09-24 22:45:15,115 [main] INFO  ipc.Client (Client.java:handleConnectionFailure(948)) - Retrying connect to server: localhost/127.0.0.1:0. Already tried 3 time(s); retry policy is RetryUpToMaximumCountWithFixedSleep(maxRetries=10, sleepTime=1000 MILLISECONDS)
2019-09-24 22:45:16,116 [main] INFO  ipc.Client (Client.java:handleConnectionFailure(948)) - Retrying connect to server: localhost/127.0.0.1:0. Already tried 4 time(s); retry policy is RetryUpToMaximumCountWithFixedSleep(maxRetries=10, sleepTime=1000 MILLISECONDS)
2019-09-24 22:45:17,118 [main] INFO  ipc.Client (Client.java:handleConnectionFailure(948)) - Retrying connect to server: localhost/127.0.0.1:0. Already tried 5 time(s); retry policy is RetryUpToMaximumCountWithFixedSleep(maxRetries=10, sleepTime=1000 MILLISECONDS)
2019-09-24 22:45:18,119 [main] INFO  ipc.Client (Client.java:handleConnectionFailure(948)) - Retrying connect to server: localhost/127.0.0.1:0. Already tried 6 time(s); retry policy is RetryUpToMaximumCountWithFixedSleep(maxRetries=10, sleepTime=1000 MILLISECONDS)
2019-09-24 22:45:19,120 [main] INFO  ipc.Client (Client.java:handleConnectionFailure(948)) - Retrying connect to server: localhost/127.0.0.1:0. Already tried 7 time(s); retry policy is RetryUpToMaximumCountWithFixedSleep(maxRetries=10, sleepTime=1000 MILLISECONDS)
2019-09-24 22:45:20,121 [main] INFO  ipc.Client (Client.java:handleConnectionFailure(948)) - Retrying connect to server: localhost/127.0.0.1:0. Already tried 8 time(s); retry policy is RetryUpToMaximumCountWithFixedSleep(maxRetries=10, sleepTime=1000 MILLISECONDS)
2019-09-24 22:45:21,122 [main] INFO  ipc.Client (Client.java:handleConnectionFailure(948)) - Retrying connect to server: localhost/127.0.0.1:0. Already tried 9 time(s); retry policy is RetryUpToMaximumCountWithFixedSleep(maxRetries=10, sleepTime=1000 MILLISECONDS)
2019-09-24 22:45:21,124 [main] ERROR ha.OMFailoverProxyProvider (OzoneManagerProtocolClientSideTranslatorPB.java:getRetryAction(268)) - Failed to connect to OM. Attempted 10 retries and 10 failovers
2019-09-24 22:45:21,127 [main] ERROR client.OzoneClientFactory (OzoneClientFactory.java:getClientProtocol(259)) - Couldn't create RpcClient protocol exception: 
java.net.ConnectException: Your endpoint configuration is wrong; For more details see:  http://wiki.apache.org/hadoop/UnsetHostnameOrPort
	at sun.reflect.NativeConstructorAccessorImpl.newInstance0(Native Method)
	at sun.reflect.NativeConstructorAccessorImpl.newInstance(NativeConstructorAccessorImpl.java:62)
	at sun.reflect.DelegatingConstructorAccessorImpl.newInstance(DelegatingConstructorAccessorImpl.java:45)
	at java.lang.reflect.Constructor.newInstance(Constructor.java:423)
	at org.apache.hadoop.net.NetUtils.wrapWithMessage(NetUtils.java:831)
	at org.apache.hadoop.net.NetUtils.wrapException(NetUtils.java:751)
	at org.apache.hadoop.ipc.Client.getRpcResponse(Client.java:1515)
	at org.apache.hadoop.ipc.Client.call(Client.java:1457)
	at org.apache.hadoop.ipc.Client.call(Client.java:1367)
	at org.apache.hadoop.ipc.ProtobufRpcEngine$Invoker.invoke(ProtobufRpcEngine.java:228)
	at org.apache.hadoop.ipc.ProtobufRpcEngine$Invoker.invoke(ProtobufRpcEngine.java:116)
	at com.sun.proxy.$Proxy36.submitRequest(Unknown Source)
	at sun.reflect.NativeMethodAccessorImpl.invoke0(Native Method)
	at sun.reflect.NativeMethodAccessorImpl.invoke(NativeMethodAccessorImpl.java:62)
	at sun.reflect.DelegatingMethodAccessorImpl.invoke(DelegatingMethodAccessorImpl.java:43)
	at java.lang.reflect.Method.invoke(Method.java:498)
	at org.apache.hadoop.io.retry.RetryInvocationHandler.invokeMethod(RetryInvocationHandler.java:422)
	at org.apache.hadoop.io.retry.RetryInvocationHandler$Call.invokeMethod(RetryInvocationHandler.java:165)
	at org.apache.hadoop.io.retry.RetryInvocationHandler$Call.invoke(RetryInvocationHandler.java:157)
	at org.apache.hadoop.io.retry.RetryInvocationHandler$Call.invokeOnce(RetryInvocationHandler.java:95)
	at org.apache.hadoop.io.retry.RetryInvocationHandler.invoke(RetryInvocationHandler.java:359)
	at com.sun.proxy.$Proxy36.submitRequest(Unknown Source)
	at org.apache.hadoop.ozone.om.protocolPB.OzoneManagerProtocolClientSideTranslatorPB.submitRequest(OzoneManagerProtocolClientSideTranslatorPB.java:338)
	at org.apache.hadoop.ozone.om.protocolPB.OzoneManagerProtocolClientSideTranslatorPB.getServiceInfo(OzoneManagerProtocolClientSideTranslatorPB.java:1223)
	at sun.reflect.NativeMethodAccessorImpl.invoke0(Native Method)
	at sun.reflect.NativeMethodAccessorImpl.invoke(NativeMethodAccessorImpl.java:62)
	at sun.reflect.DelegatingMethodAccessorImpl.invoke(DelegatingMethodAccessorImpl.java:43)
	at java.lang.reflect.Method.invoke(Method.java:498)
	at org.apache.hadoop.hdds.tracing.TraceAllMethod.invoke(TraceAllMethod.java:66)
	at com.sun.proxy.$Proxy37.getServiceInfo(Unknown Source)
	at org.apache.hadoop.ozone.client.rpc.RpcClient.<init>(RpcClient.java:154)
	at org.apache.hadoop.ozone.client.OzoneClientFactory.getClientProtocol(OzoneClientFactory.java:256)
	at org.apache.hadoop.ozone.client.OzoneClientFactory.getClientProtocol(OzoneClientFactory.java:239)
	at org.apache.hadoop.ozone.client.OzoneClientFactory.getClient(OzoneClientFactory.java:75)
	at org.apache.hadoop.ozone.client.rpc.TestOzoneClientRetriesOnException.init(TestOzoneClientRetriesOnException.java:102)
	at sun.reflect.NativeMethodAccessorImpl.invoke0(Native Method)
	at sun.reflect.NativeMethodAccessorImpl.invoke(NativeMethodAccessorImpl.java:62)
	at sun.reflect.DelegatingMethodAccessorImpl.invoke(DelegatingMethodAccessorImpl.java:43)
	at java.lang.reflect.Method.invoke(Method.java:498)
	at org.junit.runners.model.FrameworkMethod$1.runReflectiveCall(FrameworkMethod.java:47)
	at org.junit.internal.runners.model.ReflectiveCallable.run(ReflectiveCallable.java:12)
	at org.junit.runners.model.FrameworkMethod.invokeExplosively(FrameworkMethod.java:44)
	at org.junit.internal.runners.statements.RunBefores.evaluate(RunBefores.java:24)
	at org.junit.internal.runners.statements.RunAfters.evaluate(RunAfters.java:27)
	at org.junit.runners.ParentRunner.runLeaf(ParentRunner.java:271)
	at org.junit.runners.BlockJUnit4ClassRunner.runChild(BlockJUnit4ClassRunner.java:70)
	at org.junit.runners.BlockJUnit4ClassRunner.runChild(BlockJUnit4ClassRunner.java:50)
	at org.junit.runners.ParentRunner$3.run(ParentRunner.java:238)
	at org.junit.runners.ParentRunner$1.schedule(ParentRunner.java:63)
	at org.junit.runners.ParentRunner.runChildren(ParentRunner.java:236)
	at org.junit.runners.ParentRunner.access$000(ParentRunner.java:53)
	at org.junit.runners.ParentRunner$2.evaluate(ParentRunner.java:229)
	at org.junit.runners.ParentRunner.run(ParentRunner.java:309)
	at org.apache.maven.surefire.junit4.JUnit4Provider.execute(JUnit4Provider.java:365)
	at org.apache.maven.surefire.junit4.JUnit4Provider.executeWithRerun(JUnit4Provider.java:273)
	at org.apache.maven.surefire.junit4.JUnit4Provider.executeTestSet(JUnit4Provider.java:238)
	at org.apache.maven.surefire.junit4.JUnit4Provider.invoke(JUnit4Provider.java:159)
	at org.apache.maven.surefire.booter.ForkedBooter.invokeProviderInSameClassLoader(ForkedBooter.java:384)
	at org.apache.maven.surefire.booter.ForkedBooter.runSuitesInProcess(ForkedBooter.java:345)
	at org.apache.maven.surefire.booter.ForkedBooter.execute(ForkedBooter.java:126)
	at org.apache.maven.surefire.booter.ForkedBooter.main(ForkedBooter.java:418)
Caused by: java.net.ConnectException: Connection refused
	at sun.nio.ch.SocketChannelImpl.checkConnect(Native Method)
	at sun.nio.ch.SocketChannelImpl.finishConnect(SocketChannelImpl.java:717)
	at org.apache.hadoop.net.SocketIOWithTimeout.connect(SocketIOWithTimeout.java:206)
	at org.apache.hadoop.net.NetUtils.connect(NetUtils.java:531)
	at org.apache.hadoop.ipc.Client$Connection.setupConnection(Client.java:690)
	at org.apache.hadoop.ipc.Client$Connection.setupIOstreams(Client.java:794)
	at org.apache.hadoop.ipc.Client$Connection.access$3700(Client.java:411)
	at org.apache.hadoop.ipc.Client.getConnection(Client.java:1572)
	at org.apache.hadoop.ipc.Client.call(Client.java:1403)
	... 53 more
2019-09-24 22:45:21,131 [main] INFO  ozone.MiniOzoneClusterImpl (MiniOzoneClusterImpl.java:shutdown(314)) - Shutting down the Mini Ozone Cluster
2019-09-24 22:45:21,132 [main] INFO  ozone.MiniOzoneClusterImpl (MiniOzoneClusterImpl.java:stop(330)) - Stopping the Mini Ozone Cluster
2019-09-24 22:45:21,133 [main] INFO  ozone.MiniOzoneClusterImpl (MiniOzoneClusterImpl.java:stopOM(400)) - Stopping the OzoneManager
2019-09-24 22:45:21,133 [main] INFO  ipc.Server (Server.java:stop(3082)) - Stopping server on 42627
2019-09-24 22:45:21,142 [IPC Server listener on 42627] INFO  ipc.Server (Server.java:run(1185)) - Stopping IPC Server listener on 42627
2019-09-24 22:45:21,150 [main] INFO  ratis.OzoneManagerDoubleBuffer (OzoneManagerDoubleBuffer.java:stop(248)) - Stopping OMDoubleBuffer flush thread
2019-09-24 22:45:21,158 [IPC Server Responder] INFO  ipc.Server (Server.java:run(1319)) - Stopping IPC Server Responder
2019-09-24 22:45:21,169 [OMDoubleBufferFlushThread] INFO  ratis.OzoneManagerDoubleBuffer (OzoneManagerDoubleBuffer.java:flushTransactions(191)) - OMDoubleBuffer flush thread OMDoubleBufferFlushThread is interrupted and will exit. OMDoubleBufferFlushThread
2019-09-24 22:45:21,191 [main] INFO  utils.BackgroundService (BackgroundService.java:shutdown(148)) - Shutting down service KeyDeletingService
2019-09-24 22:45:21,196 [main] INFO  handler.ContextHandler (ContextHandler.java:doStop(910)) - Stopped o.e.j.w.WebAppContext@353efdbf{/,null,UNAVAILABLE}{/ozoneManager}
2019-09-24 22:45:21,203 [main] INFO  server.AbstractConnector (AbstractConnector.java:doStop(318)) - Stopped ServerConnector@55cff952{HTTP/1.1,[http/1.1]}{0.0.0.0:0}
2019-09-24 22:45:21,203 [main] INFO  handler.ContextHandler (ContextHandler.java:doStop(910)) - Stopped o.e.j.s.ServletContextHandler@3eed0f5{/static,file:///workdir/hadoop-ozone/integration-test/target/test-classes/webapps/static,UNAVAILABLE}
2019-09-24 22:45:21,204 [main] INFO  handler.ContextHandler (ContextHandler.java:doStop(910)) - Stopped o.e.j.s.ServletContextHandler@989da1{/logs,file:///workdir/hadoop-ozone/integration-test/target/log,UNAVAILABLE}
2019-09-24 22:45:21,209 [main] INFO  ozone.MiniOzoneClusterImpl (MiniOzoneClusterImpl.java:stopDatanodes(377)) - Stopping the HddsDatanodes
2019-09-24 22:45:21,326 [Datanode State Machine Thread - 0] INFO  statemachine.DatanodeStateMachine (DatanodeStateMachine.java:lambda$startDaemon$0(350)) - Ozone container server started.
2019-09-24 22:45:21,540 [Datanode State Machine Thread - 0] INFO  statemachine.DatanodeStateMachine (DatanodeStateMachine.java:lambda$startDaemon$0(350)) - Ozone container server started.
2019-09-24 22:45:26,212 [ForkJoinPool.commonPool-worker-0] INFO  ozoneimpl.OzoneContainer (OzoneContainer.java:stop(231)) - Attempting to stop container services.
2019-09-24 22:45:26,212 [main] INFO  ozoneimpl.OzoneContainer (OzoneContainer.java:stop(231)) - Attempting to stop container services.
2019-09-24 22:45:26,214 [ForkJoinPool.commonPool-worker-0] INFO  impl.RaftServerProxy (RaftServerProxy.java:lambda$close$4(314)) - 9c8ab630-b5f5-42ae-ab19-9f6aeef8fdc5: close
2019-09-24 22:45:26,214 [main] INFO  impl.RaftServerProxy (RaftServerProxy.java:lambda$close$4(314)) - 70f4562f-d8ad-4306-8e38-e3256cd2d134: close
2019-09-24 22:45:26,217 [ForkJoinPool.commonPool-worker-0] INFO  impl.RaftServerImpl (RaftServerImpl.java:lambda$shutdown$3(251)) - 9c8ab630-b5f5-42ae-ab19-9f6aeef8fdc5@group-3961DC5949B0: shutdown
2019-09-24 22:45:26,217 [main] INFO  impl.RaftServerImpl (RaftServerImpl.java:lambda$shutdown$3(251)) - 70f4562f-d8ad-4306-8e38-e3256cd2d134@group-754702E72BDA: shutdown
2019-09-24 22:45:26,217 [ForkJoinPool.commonPool-worker-0] INFO  util.JmxRegister (JmxRegister.java:unregister(73)) - Successfully un-registered JMX Bean with object name Ratis:service=RaftServer,group=group-3961DC5949B0,id=9c8ab630-b5f5-42ae-ab19-9f6aeef8fdc5
2019-09-24 22:45:26,218 [main] INFO  util.JmxRegister (JmxRegister.java:unregister(73)) - Successfully un-registered JMX Bean with object name Ratis:service=RaftServer,group=group-754702E72BDA,id=70f4562f-d8ad-4306-8e38-e3256cd2d134
2019-09-24 22:45:26,218 [ForkJoinPool.commonPool-worker-0] INFO  impl.RoleInfo (RoleInfo.java:shutdownLeaderState(104)) - 9c8ab630-b5f5-42ae-ab19-9f6aeef8fdc5: shutdown LeaderState
2019-09-24 22:45:26,218 [main] INFO  impl.RoleInfo (RoleInfo.java:shutdownLeaderState(104)) - 70f4562f-d8ad-4306-8e38-e3256cd2d134: shutdown LeaderState
2019-09-24 22:45:26,219 [ForkJoinPool.commonPool-worker-0] INFO  impl.PendingRequests (PendingRequests.java:sendNotLeaderResponses(202)) - 9c8ab630-b5f5-42ae-ab19-9f6aeef8fdc5-PendingRequests: sendNotLeaderResponses
2019-09-24 22:45:26,219 [main] INFO  impl.PendingRequests (PendingRequests.java:sendNotLeaderResponses(202)) - 70f4562f-d8ad-4306-8e38-e3256cd2d134-PendingRequests: sendNotLeaderResponses
2019-09-24 22:45:26,225 [main] INFO  impl.StateMachineUpdater (StateMachineUpdater.java:stopAndJoin(125)) - 70f4562f-d8ad-4306-8e38-e3256cd2d134@group-754702E72BDA-StateMachineUpdater: set stopIndex = 0
2019-09-24 22:45:26,225 [ForkJoinPool.commonPool-worker-0] INFO  impl.StateMachineUpdater (StateMachineUpdater.java:stopAndJoin(125)) - 9c8ab630-b5f5-42ae-ab19-9f6aeef8fdc5@group-3961DC5949B0-StateMachineUpdater: set stopIndex = 0
2019-09-24 22:45:26,230 [ForkJoinPool.commonPool-worker-0] INFO  impl.RaftServerImpl (ServerState.java:close(385)) - 9c8ab630-b5f5-42ae-ab19-9f6aeef8fdc5@group-3961DC5949B0: closes. applyIndex: 0
2019-09-24 22:45:26,230 [main] INFO  impl.RaftServerImpl (ServerState.java:close(385)) - 70f4562f-d8ad-4306-8e38-e3256cd2d134@group-754702E72BDA: closes. applyIndex: 0
2019-09-24 22:45:26,233 [70f4562f-d8ad-4306-8e38-e3256cd2d134@group-754702E72BDA-SegmentedRaftLogWorker] INFO  segmented.SegmentedRaftLogWorker (SegmentedRaftLogWorker.java:run(313)) - 70f4562f-d8ad-4306-8e38-e3256cd2d134@group-754702E72BDA-SegmentedRaftLogWorker was interrupted, exiting. There are 0 tasks remaining in the queue.
2019-09-24 22:45:26,233 [9c8ab630-b5f5-42ae-ab19-9f6aeef8fdc5@group-3961DC5949B0-SegmentedRaftLogWorker] INFO  segmented.SegmentedRaftLogWorker (SegmentedRaftLogWorker.java:run(313)) - 9c8ab630-b5f5-42ae-ab19-9f6aeef8fdc5@group-3961DC5949B0-SegmentedRaftLogWorker was interrupted, exiting. There are 0 tasks remaining in the queue.
2019-09-24 22:45:26,237 [main] INFO  segmented.SegmentedRaftLogWorker (SegmentedRaftLogWorker.java:close(228)) - 70f4562f-d8ad-4306-8e38-e3256cd2d134@group-754702E72BDA-SegmentedRaftLogWorker close()
2019-09-24 22:45:26,241 [main] INFO  impl.RaftServerImpl (RaftServerImpl.java:lambda$shutdown$3(251)) - 70f4562f-d8ad-4306-8e38-e3256cd2d134@group-58912FCE31F0: shutdown
2019-09-24 22:45:26,241 [main] INFO  util.JmxRegister (JmxRegister.java:unregister(73)) - Successfully un-registered JMX Bean with object name Ratis:service=RaftServer,group=group-58912FCE31F0,id=70f4562f-d8ad-4306-8e38-e3256cd2d134
2019-09-24 22:45:26,242 [main] INFO  impl.RoleInfo (RoleInfo.java:shutdownFollowerState(121)) - 70f4562f-d8ad-4306-8e38-e3256cd2d134: shutdown FollowerState
2019-09-24 22:45:26,242 [main] INFO  impl.StateMachineUpdater (StateMachineUpdater.java:stopAndJoin(125)) - 70f4562f-d8ad-4306-8e38-e3256cd2d134@group-58912FCE31F0-StateMachineUpdater: set stopIndex = 0
2019-09-24 22:45:26,242 [Thread-329] INFO  impl.FollowerState (FollowerState.java:run(115)) - 70f4562f-d8ad-4306-8e38-e3256cd2d134: FollowerState was interrupted: java.lang.InterruptedException: sleep interrupted
2019-09-24 22:45:26,242 [main] INFO  impl.RaftServerImpl (ServerState.java:close(385)) - 70f4562f-d8ad-4306-8e38-e3256cd2d134@group-58912FCE31F0: closes. applyIndex: 0
2019-09-24 22:45:26,245 [70f4562f-d8ad-4306-8e38-e3256cd2d134@group-58912FCE31F0-SegmentedRaftLogWorker] INFO  segmented.SegmentedRaftLogWorker (SegmentedRaftLogWorker.java:run(313)) - 70f4562f-d8ad-4306-8e38-e3256cd2d134@group-58912FCE31F0-SegmentedRaftLogWorker was interrupted, exiting. There are 0 tasks remaining in the queue.
2019-09-24 22:45:26,247 [ForkJoinPool.commonPool-worker-0] INFO  segmented.SegmentedRaftLogWorker (SegmentedRaftLogWorker.java:close(228)) - 9c8ab630-b5f5-42ae-ab19-9f6aeef8fdc5@group-3961DC5949B0-SegmentedRaftLogWorker close()
2019-09-24 22:45:26,247 [main] INFO  segmented.SegmentedRaftLogWorker (SegmentedRaftLogWorker.java:close(228)) - 70f4562f-d8ad-4306-8e38-e3256cd2d134@group-58912FCE31F0-SegmentedRaftLogWorker close()
2019-09-24 22:45:26,250 [ForkJoinPool.commonPool-worker-0] INFO  impl.RaftServerImpl (RaftServerImpl.java:lambda$shutdown$3(251)) - 9c8ab630-b5f5-42ae-ab19-9f6aeef8fdc5@group-58912FCE31F0: shutdown
2019-09-24 22:45:26,254 [ForkJoinPool.commonPool-worker-0] INFO  util.JmxRegister (JmxRegister.java:unregister(73)) - Successfully un-registered JMX Bean with object name Ratis:service=RaftServer,group=group-58912FCE31F0,id=9c8ab630-b5f5-42ae-ab19-9f6aeef8fdc5
2019-09-24 22:45:26,254 [ForkJoinPool.commonPool-worker-0] INFO  impl.RoleInfo (RoleInfo.java:shutdownFollowerState(121)) - 9c8ab630-b5f5-42ae-ab19-9f6aeef8fdc5: shutdown FollowerState
2019-09-24 22:45:26,254 [main] INFO  server.GrpcService (GrpcService.java:closeImpl(164)) - 70f4562f-d8ad-4306-8e38-e3256cd2d134: shutdown server with port 46029 now
2019-09-24 22:45:26,255 [Thread-327] INFO  impl.FollowerState (FollowerState.java:run(115)) - 9c8ab630-b5f5-42ae-ab19-9f6aeef8fdc5: FollowerState was interrupted: java.lang.InterruptedException: sleep interrupted
2019-09-24 22:45:26,255 [ForkJoinPool.commonPool-worker-0] INFO  impl.StateMachineUpdater (StateMachineUpdater.java:stopAndJoin(125)) - 9c8ab630-b5f5-42ae-ab19-9f6aeef8fdc5@group-58912FCE31F0-StateMachineUpdater: set stopIndex = 0
2019-09-24 22:45:26,257 [ForkJoinPool.commonPool-worker-0] INFO  impl.RaftServerImpl (ServerState.java:close(385)) - 9c8ab630-b5f5-42ae-ab19-9f6aeef8fdc5@group-58912FCE31F0: closes. applyIndex: 0
2019-09-24 22:45:26,257 [9c8ab630-b5f5-42ae-ab19-9f6aeef8fdc5@group-58912FCE31F0-SegmentedRaftLogWorker] INFO  segmented.SegmentedRaftLogWorker (SegmentedRaftLogWorker.java:run(313)) - 9c8ab630-b5f5-42ae-ab19-9f6aeef8fdc5@group-58912FCE31F0-SegmentedRaftLogWorker was interrupted, exiting. There are 0 tasks remaining in the queue.
2019-09-24 22:45:26,259 [ForkJoinPool.commonPool-worker-0] INFO  segmented.SegmentedRaftLogWorker (SegmentedRaftLogWorker.java:close(228)) - 9c8ab630-b5f5-42ae-ab19-9f6aeef8fdc5@group-58912FCE31F0-SegmentedRaftLogWorker close()
2019-09-24 22:45:26,266 [ForkJoinPool.commonPool-worker-0] INFO  server.GrpcService (GrpcService.java:closeImpl(164)) - 9c8ab630-b5f5-42ae-ab19-9f6aeef8fdc5: shutdown server with port 34606 now
2019-09-24 22:45:26,278 [grpc-default-executor-1] WARN  server.GrpcServerProtocolService (LogUtils.java:warn(134)) - 70f4562f-d8ad-4306-8e38-e3256cd2d134: installSnapshot onError, lastRequest: cec385b5-4726-4a13-96d2-2d6a2f49e9ea->70f4562f-d8ad-4306-8e38-e3256cd2d134#42-t2, previous=(t:2, i:0), leaderCommit=0, initializing? false, entries: <empty>: org.apache.ratis.thirdparty.io.grpc.StatusRuntimeException: CANCELLED: cancelled before receiving half close
2019-09-24 22:45:26,278 [main] INFO  server.GrpcService (GrpcService.java:closeImpl(172)) - 70f4562f-d8ad-4306-8e38-e3256cd2d134: shutdown server with port 46029 successfully
2019-09-24 22:45:26,658 [grpc-default-executor-7] WARN  server.GrpcLogAppender (LogUtils.java:warn(134)) - cec385b5-4726-4a13-96d2-2d6a2f49e9ea@group-58912FCE31F0->70f4562f-d8ad-4306-8e38-e3256cd2d134-AppendLogResponseHandler: Failed appendEntries: org.apache.ratis.thirdparty.io.grpc.StatusRuntimeException: CANCELLED: HTTP/2 error code: CANCEL
Received Rst Stream
2019-09-24 22:45:26,673 [grpc-default-executor-7] INFO  impl.FollowerInfo (FollowerInfo.java:lambda$new$0(51)) - cec385b5-4726-4a13-96d2-2d6a2f49e9ea@group-58912FCE31F0->70f4562f-d8ad-4306-8e38-e3256cd2d134: nextIndex: updateUnconditionally 1 -> 0
2019-09-24 22:45:26,677 [refreshUsed-/workdir/hadoop-ozone/integration-test/target/test-dir/MiniOzoneClusterImpl-d8bbf689-b3c7-4797-acf4-e99b3e7335dc/datanode-4/data/containers] WARN  fs.CachingGetSpaceUsed (CachingGetSpaceUsed.java:run(183)) - Thread Interrupted waiting to refresh disk information: sleep interrupted
2019-09-24 22:45:26,677 [ForkJoinPool.commonPool-worker-0] INFO  server.GrpcService (GrpcService.java:closeImpl(172)) - 9c8ab630-b5f5-42ae-ab19-9f6aeef8fdc5: shutdown server with port 34606 successfully
2019-09-24 22:45:26,675 [grpc-default-executor-9] WARN  server.GrpcServerProtocolService (LogUtils.java:warn(134)) - 9c8ab630-b5f5-42ae-ab19-9f6aeef8fdc5: installSnapshot onError, lastRequest: cec385b5-4726-4a13-96d2-2d6a2f49e9ea->9c8ab630-b5f5-42ae-ab19-9f6aeef8fdc5#42-t2, previous=(t:2, i:0), leaderCommit=0, initializing? false, entries: <empty>: org.apache.ratis.thirdparty.io.grpc.StatusRuntimeException: CANCELLED: cancelled before receiving half close
2019-09-24 22:45:26,678 [grpc-default-executor-7] WARN  server.GrpcLogAppender (LogUtils.java:warn(134)) - cec385b5-4726-4a13-96d2-2d6a2f49e9ea@group-58912FCE31F0->9c8ab630-b5f5-42ae-ab19-9f6aeef8fdc5-AppendLogResponseHandler: Failed appendEntries: org.apache.ratis.thirdparty.io.grpc.StatusRuntimeException: CANCELLED: HTTP/2 error code: CANCEL
Received Rst Stream
2019-09-24 22:45:26,681 [grpc-default-executor-7] INFO  impl.FollowerInfo (FollowerInfo.java:lambda$new$0(51)) - cec385b5-4726-4a13-96d2-2d6a2f49e9ea@group-58912FCE31F0->9c8ab630-b5f5-42ae-ab19-9f6aeef8fdc5: nextIndex: updateUnconditionally 1 -> 0
2019-09-24 22:45:26,687 [refreshUsed-/workdir/hadoop-ozone/integration-test/target/test-dir/MiniOzoneClusterImpl-d8bbf689-b3c7-4797-acf4-e99b3e7335dc/datanode-1/data/containers] WARN  fs.CachingGetSpaceUsed (CachingGetSpaceUsed.java:run(183)) - Thread Interrupted waiting to refresh disk information: sleep interrupted
2019-09-24 22:45:26,703 [grpc-default-executor-7] WARN  server.GrpcLogAppender (LogUtils.java:warn(134)) - cec385b5-4726-4a13-96d2-2d6a2f49e9ea@group-58912FCE31F0->70f4562f-d8ad-4306-8e38-e3256cd2d134-AppendLogResponseHandler: Failed appendEntries: org.apache.ratis.thirdparty.io.grpc.StatusRuntimeException: UNAVAILABLE: io exception
2019-09-24 22:45:26,703 [grpc-default-executor-10] WARN  server.GrpcLogAppender (LogUtils.java:warn(134)) - cec385b5-4726-4a13-96d2-2d6a2f49e9ea@group-58912FCE31F0->9c8ab630-b5f5-42ae-ab19-9f6aeef8fdc5-AppendLogResponseHandler: Failed appendEntries: org.apache.ratis.thirdparty.io.grpc.StatusRuntimeException: UNAVAILABLE: io exception
2019-09-24 22:45:26,708 [grpc-default-executor-7] INFO  impl.FollowerInfo (FollowerInfo.java:lambda$new$0(51)) - cec385b5-4726-4a13-96d2-2d6a2f49e9ea@group-58912FCE31F0->70f4562f-d8ad-4306-8e38-e3256cd2d134: nextIndex: updateUnconditionally 0 -> 0
2019-09-24 22:45:26,708 [grpc-default-executor-10] INFO  impl.FollowerInfo (FollowerInfo.java:lambda$new$0(51)) - cec385b5-4726-4a13-96d2-2d6a2f49e9ea@group-58912FCE31F0->9c8ab630-b5f5-42ae-ab19-9f6aeef8fdc5: nextIndex: updateUnconditionally 0 -> 0
2019-09-24 22:45:26,716 [main] INFO  utils.BackgroundService (BackgroundService.java:shutdown(148)) - Shutting down service BlockDeletingService
2019-09-24 22:45:26,717 [ForkJoinPool.commonPool-worker-0] INFO  utils.BackgroundService (BackgroundService.java:shutdown(148)) - Shutting down service BlockDeletingService
2019-09-24 22:45:26,723 [ForkJoinPool.commonPool-worker-0] INFO  statemachine.DatanodeStateMachine (DatanodeStateMachine.java:stopDaemon(395)) - Ozone container server stopped.
2019-09-24 22:45:26,724 [main] INFO  statemachine.DatanodeStateMachine (DatanodeStateMachine.java:stopDaemon(395)) - Ozone container server stopped.
2019-09-24 22:45:26,728 [ForkJoinPool.commonPool-worker-0] INFO  handler.ContextHandler (ContextHandler.java:doStop(910)) - Stopped o.e.j.w.WebAppContext@7baf1f5a{/,null,UNAVAILABLE}{/hddsDatanode}
2019-09-24 22:45:26,728 [main] INFO  handler.ContextHandler (ContextHandler.java:doStop(910)) - Stopped o.e.j.w.WebAppContext@74ea46e2{/,null,UNAVAILABLE}{/hddsDatanode}
2019-09-24 22:45:26,729 [ForkJoinPool.commonPool-worker-0] INFO  server.AbstractConnector (AbstractConnector.java:doStop(318)) - Stopped ServerConnector@6cc86152{HTTP/1.1,[http/1.1]}{0.0.0.0:0}
2019-09-24 22:45:26,730 [ForkJoinPool.commonPool-worker-0] INFO  handler.ContextHandler (ContextHandler.java:doStop(910)) - Stopped o.e.j.s.ServletContextHandler@4d41ba0f{/static,jar:file:/home/user/.m2/repository/org/apache/hadoop/hadoop-hdds-container-service/0.5.0-SNAPSHOT/hadoop-hdds-container-service-0.5.0-SNAPSHOT.jar!/webapps/static,UNAVAILABLE}
2019-09-24 22:45:26,730 [main] INFO  server.AbstractConnector (AbstractConnector.java:doStop(318)) - Stopped ServerConnector@6f911326{HTTP/1.1,[http/1.1]}{0.0.0.0:0}
2019-09-24 22:45:26,731 [ForkJoinPool.commonPool-worker-0] INFO  handler.ContextHandler (ContextHandler.java:doStop(910)) - Stopped o.e.j.s.ServletContextHandler@3ee0b4f7{/logs,file:///workdir/hadoop-ozone/integration-test/target/log,UNAVAILABLE}
2019-09-24 22:45:26,732 [main] INFO  handler.ContextHandler (ContextHandler.java:doStop(910)) - Stopped o.e.j.s.ServletContextHandler@75d982d3{/static,jar:file:/home/user/.m2/repository/org/apache/hadoop/hadoop-hdds-container-service/0.5.0-SNAPSHOT/hadoop-hdds-container-service-0.5.0-SNAPSHOT.jar!/webapps/static,UNAVAILABLE}
2019-09-24 22:45:26,732 [main] INFO  handler.ContextHandler (ContextHandler.java:doStop(910)) - Stopped o.e.j.s.ServletContextHandler@3bd2af5b{/logs,file:///workdir/hadoop-ozone/integration-test/target/log,UNAVAILABLE}
2019-09-24 22:45:27,658 [Datanode State Machine Thread - 0] INFO  statemachine.DatanodeStateMachine (DatanodeStateMachine.java:lambda$startDaemon$0(350)) - Ozone container server started.
2019-09-24 22:45:27,659 [Datanode State Machine Thread - 0] INFO  statemachine.DatanodeStateMachine (DatanodeStateMachine.java:lambda$startDaemon$0(350)) - Ozone container server started.
2019-09-24 22:45:29,201 [grpc-default-executor-7] WARN  server.GrpcLogAppender (LogUtils.java:warn(134)) - cec385b5-4726-4a13-96d2-2d6a2f49e9ea@group-58912FCE31F0->9c8ab630-b5f5-42ae-ab19-9f6aeef8fdc5-AppendLogResponseHandler: Failed appendEntries: org.apache.ratis.thirdparty.io.grpc.StatusRuntimeException: UNAVAILABLE: io exception
2019-09-24 22:45:29,201 [grpc-default-executor-11] WARN  server.GrpcLogAppender (LogUtils.java:warn(134)) - cec385b5-4726-4a13-96d2-2d6a2f49e9ea@group-58912FCE31F0->70f4562f-d8ad-4306-8e38-e3256cd2d134-AppendLogResponseHandler: Failed appendEntries: org.apache.ratis.thirdparty.io.grpc.StatusRuntimeException: UNAVAILABLE: io exception
2019-09-24 22:45:29,203 [grpc-default-executor-7] INFO  impl.FollowerInfo (FollowerInfo.java:lambda$new$0(51)) - cec385b5-4726-4a13-96d2-2d6a2f49e9ea@group-58912FCE31F0->9c8ab630-b5f5-42ae-ab19-9f6aeef8fdc5: nextIndex: updateUnconditionally 0 -> 0
2019-09-24 22:45:29,205 [grpc-default-executor-11] INFO  impl.FollowerInfo (FollowerInfo.java:lambda$new$0(51)) - cec385b5-4726-4a13-96d2-2d6a2f49e9ea@group-58912FCE31F0->70f4562f-d8ad-4306-8e38-e3256cd2d134: nextIndex: updateUnconditionally 0 -> 0
2019-09-24 22:45:31,705 [grpc-default-executor-9] WARN  server.GrpcLogAppender (LogUtils.java:warn(134)) - cec385b5-4726-4a13-96d2-2d6a2f49e9ea@group-58912FCE31F0->70f4562f-d8ad-4306-8e38-e3256cd2d134-AppendLogResponseHandler: Failed appendEntries: org.apache.ratis.thirdparty.io.grpc.StatusRuntimeException: UNAVAILABLE: io exception
2019-09-24 22:45:31,705 [grpc-default-executor-7] WARN  server.GrpcLogAppender (LogUtils.java:warn(134)) - cec385b5-4726-4a13-96d2-2d6a2f49e9ea@group-58912FCE31F0->9c8ab630-b5f5-42ae-ab19-9f6aeef8fdc5-AppendLogResponseHandler: Failed appendEntries: org.apache.ratis.thirdparty.io.grpc.StatusRuntimeException: UNAVAILABLE: io exception
2019-09-24 22:45:31,707 [grpc-default-executor-9] INFO  impl.FollowerInfo (FollowerInfo.java:lambda$new$0(51)) - cec385b5-4726-4a13-96d2-2d6a2f49e9ea@group-58912FCE31F0->70f4562f-d8ad-4306-8e38-e3256cd2d134: nextIndex: updateUnconditionally 0 -> 0
2019-09-24 22:45:31,709 [grpc-default-executor-7] INFO  impl.FollowerInfo (FollowerInfo.java:lambda$new$0(51)) - cec385b5-4726-4a13-96d2-2d6a2f49e9ea@group-58912FCE31F0->9c8ab630-b5f5-42ae-ab19-9f6aeef8fdc5: nextIndex: updateUnconditionally 0 -> 0
2019-09-24 22:45:31,733 [ForkJoinPool.commonPool-worker-0] INFO  ozoneimpl.OzoneContainer (OzoneContainer.java:stop(231)) - Attempting to stop container services.
2019-09-24 22:45:31,733 [ForkJoinPool.commonPool-worker-0] INFO  impl.RaftServerProxy (RaftServerProxy.java:lambda$close$4(314)) - 50c9ac3a-ba58-4412-b88f-9c17bcde39a8: close
2019-09-24 22:45:31,733 [ForkJoinPool.commonPool-worker-0] INFO  impl.RaftServerImpl (RaftServerImpl.java:lambda$shutdown$3(251)) - 50c9ac3a-ba58-4412-b88f-9c17bcde39a8@group-24585338C559: shutdown
2019-09-24 22:45:31,733 [ForkJoinPool.commonPool-worker-0] INFO  util.JmxRegister (JmxRegister.java:unregister(73)) - Successfully un-registered JMX Bean with object name Ratis:service=RaftServer,group=group-24585338C559,id=50c9ac3a-ba58-4412-b88f-9c17bcde39a8
2019-09-24 22:45:31,734 [ForkJoinPool.commonPool-worker-0] INFO  impl.RoleInfo (RoleInfo.java:shutdownLeaderState(104)) - 50c9ac3a-ba58-4412-b88f-9c17bcde39a8: shutdown LeaderState
2019-09-24 22:45:31,734 [main] INFO  ozoneimpl.OzoneContainer (OzoneContainer.java:stop(231)) - Attempting to stop container services.
2019-09-24 22:45:31,734 [ForkJoinPool.commonPool-worker-0] INFO  impl.PendingRequests (PendingRequests.java:sendNotLeaderResponses(202)) - 50c9ac3a-ba58-4412-b88f-9c17bcde39a8-PendingRequests: sendNotLeaderResponses
2019-09-24 22:45:31,734 [main] INFO  impl.RaftServerProxy (RaftServerProxy.java:lambda$close$4(314)) - cec385b5-4726-4a13-96d2-2d6a2f49e9ea: close
2019-09-24 22:45:31,734 [ForkJoinPool.commonPool-worker-0] INFO  impl.StateMachineUpdater (StateMachineUpdater.java:stopAndJoin(125)) - 50c9ac3a-ba58-4412-b88f-9c17bcde39a8@group-24585338C559-StateMachineUpdater: set stopIndex = 0
2019-09-24 22:45:31,735 [main] INFO  impl.RaftServerImpl (RaftServerImpl.java:lambda$shutdown$3(251)) - cec385b5-4726-4a13-96d2-2d6a2f49e9ea@group-E365B5396C51: shutdown
2019-09-24 22:45:31,735 [ForkJoinPool.commonPool-worker-0] INFO  impl.RaftServerImpl (ServerState.java:close(385)) - 50c9ac3a-ba58-4412-b88f-9c17bcde39a8@group-24585338C559: closes. applyIndex: 0
2019-09-24 22:45:31,735 [main] INFO  util.JmxRegister (JmxRegister.java:unregister(73)) - Successfully un-registered JMX Bean with object name Ratis:service=RaftServer,group=group-E365B5396C51,id=cec385b5-4726-4a13-96d2-2d6a2f49e9ea
2019-09-24 22:45:31,736 [50c9ac3a-ba58-4412-b88f-9c17bcde39a8@group-24585338C559-SegmentedRaftLogWorker] INFO  segmented.SegmentedRaftLogWorker (SegmentedRaftLogWorker.java:run(313)) - 50c9ac3a-ba58-4412-b88f-9c17bcde39a8@group-24585338C559-SegmentedRaftLogWorker was interrupted, exiting. There are 0 tasks remaining in the queue.
2019-09-24 22:45:31,736 [main] INFO  impl.RoleInfo (RoleInfo.java:shutdownLeaderState(104)) - cec385b5-4726-4a13-96d2-2d6a2f49e9ea: shutdown LeaderState
2019-09-24 22:45:31,738 [ForkJoinPool.commonPool-worker-0] INFO  segmented.SegmentedRaftLogWorker (SegmentedRaftLogWorker.java:close(228)) - 50c9ac3a-ba58-4412-b88f-9c17bcde39a8@group-24585338C559-SegmentedRaftLogWorker close()
2019-09-24 22:45:31,738 [main] INFO  impl.PendingRequests (PendingRequests.java:sendNotLeaderResponses(202)) - cec385b5-4726-4a13-96d2-2d6a2f49e9ea-PendingRequests: sendNotLeaderResponses
2019-09-24 22:45:31,741 [ForkJoinPool.commonPool-worker-0] INFO  impl.RaftServerImpl (RaftServerImpl.java:lambda$shutdown$3(251)) - 50c9ac3a-ba58-4412-b88f-9c17bcde39a8@group-C7C8BBF4D978: shutdown
2019-09-24 22:45:31,741 [main] INFO  impl.StateMachineUpdater (StateMachineUpdater.java:stopAndJoin(125)) - cec385b5-4726-4a13-96d2-2d6a2f49e9ea@group-E365B5396C51-StateMachineUpdater: set stopIndex = 0
2019-09-24 22:45:31,741 [ForkJoinPool.commonPool-worker-0] INFO  util.JmxRegister (JmxRegister.java:unregister(73)) - Successfully un-registered JMX Bean with object name Ratis:service=RaftServer,group=group-C7C8BBF4D978,id=50c9ac3a-ba58-4412-b88f-9c17bcde39a8
2019-09-24 22:45:31,742 [main] INFO  impl.RaftServerImpl (ServerState.java:close(385)) - cec385b5-4726-4a13-96d2-2d6a2f49e9ea@group-E365B5396C51: closes. applyIndex: 0
2019-09-24 22:45:31,742 [ForkJoinPool.commonPool-worker-0] INFO  impl.RoleInfo (RoleInfo.java:shutdownFollowerState(121)) - 50c9ac3a-ba58-4412-b88f-9c17bcde39a8: shutdown FollowerState
2019-09-24 22:45:31,742 [cec385b5-4726-4a13-96d2-2d6a2f49e9ea@group-E365B5396C51-SegmentedRaftLogWorker] INFO  segmented.SegmentedRaftLogWorker (SegmentedRaftLogWorker.java:run(313)) - cec385b5-4726-4a13-96d2-2d6a2f49e9ea@group-E365B5396C51-SegmentedRaftLogWorker was interrupted, exiting. There are 0 tasks remaining in the queue.
2019-09-24 22:45:31,743 [Thread-297] INFO  impl.FollowerState (FollowerState.java:run(115)) - 50c9ac3a-ba58-4412-b88f-9c17bcde39a8: FollowerState was interrupted: java.lang.InterruptedException: sleep interrupted
2019-09-24 22:45:31,743 [ForkJoinPool.commonPool-worker-0] INFO  impl.StateMachineUpdater (StateMachineUpdater.java:stopAndJoin(125)) - 50c9ac3a-ba58-4412-b88f-9c17bcde39a8@group-C7C8BBF4D978-StateMachineUpdater: set stopIndex = 0
2019-09-24 22:45:31,744 [main] INFO  segmented.SegmentedRaftLogWorker (SegmentedRaftLogWorker.java:close(228)) - cec385b5-4726-4a13-96d2-2d6a2f49e9ea@group-E365B5396C51-SegmentedRaftLogWorker close()
2019-09-24 22:45:31,746 [ForkJoinPool.commonPool-worker-0] INFO  impl.RaftServerImpl (ServerState.java:close(385)) - 50c9ac3a-ba58-4412-b88f-9c17bcde39a8@group-C7C8BBF4D978: closes. applyIndex: 0
2019-09-24 22:45:31,749 [main] INFO  impl.RaftServerImpl (RaftServerImpl.java:lambda$shutdown$3(251)) - cec385b5-4726-4a13-96d2-2d6a2f49e9ea@group-58912FCE31F0: shutdown
2019-09-24 22:45:31,749 [50c9ac3a-ba58-4412-b88f-9c17bcde39a8@group-C7C8BBF4D978-SegmentedRaftLogWorker] INFO  segmented.SegmentedRaftLogWorker (SegmentedRaftLogWorker.java:run(313)) - 50c9ac3a-ba58-4412-b88f-9c17bcde39a8@group-C7C8BBF4D978-SegmentedRaftLogWorker was interrupted, exiting. There are 0 tasks remaining in the queue.
2019-09-24 22:45:31,749 [main] INFO  util.JmxRegister (JmxRegister.java:unregister(73)) - Successfully un-registered JMX Bean with object name Ratis:service=RaftServer,group=group-58912FCE31F0,id=cec385b5-4726-4a13-96d2-2d6a2f49e9ea
2019-09-24 22:45:31,751 [ForkJoinPool.commonPool-worker-0] INFO  segmented.SegmentedRaftLogWorker (SegmentedRaftLogWorker.java:close(228)) - 50c9ac3a-ba58-4412-b88f-9c17bcde39a8@group-C7C8BBF4D978-SegmentedRaftLogWorker close()
2019-09-24 22:45:31,751 [main] INFO  impl.RoleInfo (RoleInfo.java:shutdownLeaderState(104)) - cec385b5-4726-4a13-96d2-2d6a2f49e9ea: shutdown LeaderState
2019-09-24 22:45:31,754 [ForkJoinPool.commonPool-worker-0] INFO  server.GrpcService (GrpcService.java:closeImpl(164)) - 50c9ac3a-ba58-4412-b88f-9c17bcde39a8: shutdown server with port 39329 now
2019-09-24 22:45:31,757 [org.apache.ratis.server.impl.LogAppender$AppenderDaemon$$Lambda$393/1026574874@36f1a9be] WARN  server.GrpcLogAppender (GrpcLogAppender.java:mayWait(143)) - cec385b5-4726-4a13-96d2-2d6a2f49e9ea@group-58912FCE31F0->9c8ab630-b5f5-42ae-ab19-9f6aeef8fdc5-GrpcLogAppender: Wait interrupted by java.lang.InterruptedException
2019-09-24 22:45:31,757 [org.apache.ratis.server.impl.LogAppender$AppenderDaemon$$Lambda$393/1026574874@154fd046] WARN  server.GrpcLogAppender (GrpcLogAppender.java:mayWait(143)) - cec385b5-4726-4a13-96d2-2d6a2f49e9ea@group-58912FCE31F0->70f4562f-d8ad-4306-8e38-e3256cd2d134-GrpcLogAppender: Wait interrupted by java.lang.InterruptedException
2019-09-24 22:45:31,757 [main] INFO  impl.PendingRequests (PendingRequests.java:sendNotLeaderResponses(202)) - cec385b5-4726-4a13-96d2-2d6a2f49e9ea-PendingRequests: sendNotLeaderResponses
2019-09-24 22:45:31,758 [main] INFO  impl.StateMachineUpdater (StateMachineUpdater.java:stopAndJoin(125)) - cec385b5-4726-4a13-96d2-2d6a2f49e9ea@group-58912FCE31F0-StateMachineUpdater: set stopIndex = 0
2019-09-24 22:45:31,760 [grpc-default-executor-9] WARN  server.GrpcServerProtocolService (LogUtils.java:warn(134)) - 50c9ac3a-ba58-4412-b88f-9c17bcde39a8: installSnapshot onError, lastRequest: cc0fada7-f07d-4fca-b5a3-1adb9c0f28a8->50c9ac3a-ba58-4412-b88f-9c17bcde39a8#47-t1, previous=(t:1, i:0), leaderCommit=0, initializing? false, entries: <empty>: org.apache.ratis.thirdparty.io.grpc.StatusRuntimeException: CANCELLED: cancelled before receiving half close
2019-09-24 22:45:31,760 [main] INFO  impl.RaftServerImpl (ServerState.java:close(385)) - cec385b5-4726-4a13-96d2-2d6a2f49e9ea@group-58912FCE31F0: closes. applyIndex: 0
2019-09-24 22:45:31,760 [grpc-default-executor-7] WARN  server.GrpcLogAppender (LogUtils.java:warn(134)) - cc0fada7-f07d-4fca-b5a3-1adb9c0f28a8@group-C7C8BBF4D978->50c9ac3a-ba58-4412-b88f-9c17bcde39a8-AppendLogResponseHandler: Failed appendEntries: org.apache.ratis.thirdparty.io.grpc.StatusRuntimeException: CANCELLED: HTTP/2 error code: CANCEL
Received Rst Stream
2019-09-24 22:45:31,760 [ForkJoinPool.commonPool-worker-0] INFO  server.GrpcService (GrpcService.java:closeImpl(172)) - 50c9ac3a-ba58-4412-b88f-9c17bcde39a8: shutdown server with port 39329 successfully
2019-09-24 22:45:31,762 [cec385b5-4726-4a13-96d2-2d6a2f49e9ea@group-58912FCE31F0-SegmentedRaftLogWorker] INFO  segmented.SegmentedRaftLogWorker (SegmentedRaftLogWorker.java:run(313)) - cec385b5-4726-4a13-96d2-2d6a2f49e9ea@group-58912FCE31F0-SegmentedRaftLogWorker was interrupted, exiting. There are 0 tasks remaining in the queue.
2019-09-24 22:45:31,763 [grpc-default-executor-7] INFO  impl.FollowerInfo (FollowerInfo.java:lambda$new$0(51)) - cc0fada7-f07d-4fca-b5a3-1adb9c0f28a8@group-C7C8BBF4D978->50c9ac3a-ba58-4412-b88f-9c17bcde39a8: nextIndex: updateUnconditionally 1 -> 0
2019-09-24 22:45:31,765 [main] INFO  segmented.SegmentedRaftLogWorker (SegmentedRaftLogWorker.java:close(228)) - cec385b5-4726-4a13-96d2-2d6a2f49e9ea@group-58912FCE31F0-SegmentedRaftLogWorker close()
2019-09-24 22:45:31,769 [main] INFO  server.GrpcService (GrpcService.java:closeImpl(164)) - cec385b5-4726-4a13-96d2-2d6a2f49e9ea: shutdown server with port 34702 now
2019-09-24 22:45:31,769 [main] INFO  server.GrpcService (GrpcService.java:closeImpl(172)) - cec385b5-4726-4a13-96d2-2d6a2f49e9ea: shutdown server with port 34702 successfully
2019-09-24 22:45:31,778 [refreshUsed-/workdir/hadoop-ozone/integration-test/target/test-dir/MiniOzoneClusterImpl-d8bbf689-b3c7-4797-acf4-e99b3e7335dc/datanode-3/data/containers] WARN  fs.CachingGetSpaceUsed (CachingGetSpaceUsed.java:run(183)) - Thread Interrupted waiting to refresh disk information: sleep interrupted
2019-09-24 22:45:31,782 [refreshUsed-/workdir/hadoop-ozone/integration-test/target/test-dir/MiniOzoneClusterImpl-d8bbf689-b3c7-4797-acf4-e99b3e7335dc/datanode-2/data/containers] WARN  fs.CachingGetSpaceUsed (CachingGetSpaceUsed.java:run(183)) - Thread Interrupted waiting to refresh disk information: sleep interrupted
2019-09-24 22:45:31,791 [ForkJoinPool.commonPool-worker-0] INFO  utils.BackgroundService (BackgroundService.java:shutdown(148)) - Shutting down service BlockDeletingService
2019-09-24 22:45:31,796 [ForkJoinPool.commonPool-worker-0] INFO  statemachine.DatanodeStateMachine (DatanodeStateMachine.java:stopDaemon(395)) - Ozone container server stopped.
2019-09-24 22:45:31,798 [main] INFO  utils.BackgroundService (BackgroundService.java:shutdown(148)) - Shutting down service BlockDeletingService
2019-09-24 22:45:31,800 [ForkJoinPool.commonPool-worker-0] INFO  handler.ContextHandler (ContextHandler.java:doStop(910)) - Stopped o.e.j.w.WebAppContext@6b1dc20f{/,null,UNAVAILABLE}{/hddsDatanode}
2019-09-24 22:45:31,803 [main] INFO  statemachine.DatanodeStateMachine (DatanodeStateMachine.java:stopDaemon(395)) - Ozone container server stopped.
2019-09-24 22:45:31,804 [ForkJoinPool.commonPool-worker-0] INFO  server.AbstractConnector (AbstractConnector.java:doStop(318)) - Stopped ServerConnector@4613311f{HTTP/1.1,[http/1.1]}{0.0.0.0:0}
2019-09-24 22:45:31,805 [ForkJoinPool.commonPool-worker-0] INFO  handler.ContextHandler (ContextHandler.java:doStop(910)) - Stopped o.e.j.s.ServletContextHandler@6dcc40f5{/static,jar:file:/home/user/.m2/repository/org/apache/hadoop/hadoop-hdds-container-service/0.5.0-SNAPSHOT/hadoop-hdds-container-service-0.5.0-SNAPSHOT.jar!/webapps/static,UNAVAILABLE}
2019-09-24 22:45:31,805 [main] INFO  handler.ContextHandler (ContextHandler.java:doStop(910)) - Stopped o.e.j.w.WebAppContext@411c6d44{/,null,UNAVAILABLE}{/hddsDatanode}
2019-09-24 22:45:31,806 [ForkJoinPool.commonPool-worker-0] INFO  handler.ContextHandler (ContextHandler.java:doStop(910)) - Stopped o.e.j.s.ServletContextHandler@40e37b06{/logs,file:///workdir/hadoop-ozone/integration-test/target/log,UNAVAILABLE}
2019-09-24 22:45:31,807 [main] INFO  server.AbstractConnector (AbstractConnector.java:doStop(318)) - Stopped ServerConnector@1687eb01{HTTP/1.1,[http/1.1]}{0.0.0.0:0}
2019-09-24 22:45:31,807 [main] INFO  handler.ContextHandler (ContextHandler.java:doStop(910)) - Stopped o.e.j.s.ServletContextHandler@119aa36{/static,jar:file:/home/user/.m2/repository/org/apache/hadoop/hadoop-hdds-container-service/0.5.0-SNAPSHOT/hadoop-hdds-container-service-0.5.0-SNAPSHOT.jar!/webapps/static,UNAVAILABLE}
2019-09-24 22:45:31,807 [main] INFO  handler.ContextHandler (ContextHandler.java:doStop(910)) - Stopped o.e.j.s.ServletContextHandler@54e2fe{/logs,file:///workdir/hadoop-ozone/integration-test/target/log,UNAVAILABLE}
2019-09-24 22:45:32,246 [Datanode State Machine Thread - 0] INFO  statemachine.DatanodeStateMachine (DatanodeStateMachine.java:lambda$startDaemon$0(350)) - Ozone container server started.
2019-09-24 22:45:32,693 [Datanode State Machine Thread - 0] INFO  statemachine.DatanodeStateMachine (DatanodeStateMachine.java:lambda$startDaemon$0(350)) - Ozone container server started.
2019-09-24 22:45:34,192 [grpc-default-executor-10] WARN  server.GrpcLogAppender (LogUtils.java:warn(134)) - cc0fada7-f07d-4fca-b5a3-1adb9c0f28a8@group-C7C8BBF4D978->50c9ac3a-ba58-4412-b88f-9c17bcde39a8-AppendLogResponseHandler: Failed appendEntries: org.apache.ratis.thirdparty.io.grpc.StatusRuntimeException: UNAVAILABLE: io exception
2019-09-24 22:45:34,194 [grpc-default-executor-10] INFO  impl.FollowerInfo (FollowerInfo.java:lambda$new$0(51)) - cc0fada7-f07d-4fca-b5a3-1adb9c0f28a8@group-C7C8BBF4D978->50c9ac3a-ba58-4412-b88f-9c17bcde39a8: nextIndex: updateUnconditionally 0 -> 0
2019-09-24 22:45:36,697 [grpc-default-executor-9] WARN  server.GrpcLogAppender (LogUtils.java:warn(134)) - cc0fada7-f07d-4fca-b5a3-1adb9c0f28a8@group-C7C8BBF4D978->50c9ac3a-ba58-4412-b88f-9c17bcde39a8-AppendLogResponseHandler: Failed appendEntries: org.apache.ratis.thirdparty.io.grpc.StatusRuntimeException: UNAVAILABLE: io exception
2019-09-24 22:45:36,699 [grpc-default-executor-9] INFO  impl.FollowerInfo (FollowerInfo.java:lambda$new$0(51)) - cc0fada7-f07d-4fca-b5a3-1adb9c0f28a8@group-C7C8BBF4D978->50c9ac3a-ba58-4412-b88f-9c17bcde39a8: nextIndex: updateUnconditionally 0 -> 0
2019-09-24 22:45:36,807 [ForkJoinPool.commonPool-worker-0] INFO  ozoneimpl.OzoneContainer (OzoneContainer.java:stop(231)) - Attempting to stop container services.
2019-09-24 22:45:36,808 [ForkJoinPool.commonPool-worker-0] INFO  impl.RaftServerProxy (RaftServerProxy.java:lambda$close$4(314)) - 935414d4-2c23-4fcd-bc36-bb7e45710750: close
2019-09-24 22:45:36,808 [ForkJoinPool.commonPool-worker-0] INFO  impl.RaftServerImpl (RaftServerImpl.java:lambda$shutdown$3(251)) - 935414d4-2c23-4fcd-bc36-bb7e45710750@group-E1BA53C399E5: shutdown
2019-09-24 22:45:36,809 [ForkJoinPool.commonPool-worker-0] INFO  util.JmxRegister (JmxRegister.java:unregister(73)) - Successfully un-registered JMX Bean with object name Ratis:service=RaftServer,group=group-E1BA53C399E5,id=935414d4-2c23-4fcd-bc36-bb7e45710750
2019-09-24 22:45:36,809 [main] INFO  ozoneimpl.OzoneContainer (OzoneContainer.java:stop(231)) - Attempting to stop container services.
2019-09-24 22:45:36,809 [ForkJoinPool.commonPool-worker-0] INFO  impl.RoleInfo (RoleInfo.java:shutdownLeaderState(104)) - 935414d4-2c23-4fcd-bc36-bb7e45710750: shutdown LeaderState
2019-09-24 22:45:36,810 [main] INFO  impl.RaftServerProxy (RaftServerProxy.java:lambda$close$4(314)) - 0eafc66a-b222-485a-84b4-d82d0185be4e: close
2019-09-24 22:45:36,810 [ForkJoinPool.commonPool-worker-0] INFO  impl.PendingRequests (PendingRequests.java:sendNotLeaderResponses(202)) - 935414d4-2c23-4fcd-bc36-bb7e45710750-PendingRequests: sendNotLeaderResponses
2019-09-24 22:45:36,810 [main] INFO  impl.RaftServerImpl (RaftServerImpl.java:lambda$shutdown$3(251)) - 0eafc66a-b222-485a-84b4-d82d0185be4e@group-7918343E60DA: shutdown
2019-09-24 22:45:36,810 [ForkJoinPool.commonPool-worker-0] INFO  impl.StateMachineUpdater (StateMachineUpdater.java:stopAndJoin(125)) - 935414d4-2c23-4fcd-bc36-bb7e45710750@group-E1BA53C399E5-StateMachineUpdater: set stopIndex = 0
2019-09-24 22:45:36,811 [main] INFO  util.JmxRegister (JmxRegister.java:unregister(73)) - Successfully un-registered JMX Bean with object name Ratis:service=RaftServer,group=group-7918343E60DA,id=0eafc66a-b222-485a-84b4-d82d0185be4e
2019-09-24 22:45:36,811 [ForkJoinPool.commonPool-worker-0] INFO  impl.RaftServerImpl (ServerState.java:close(385)) - 935414d4-2c23-4fcd-bc36-bb7e45710750@group-E1BA53C399E5: closes. applyIndex: 0
2019-09-24 22:45:36,812 [main] INFO  impl.RoleInfo (RoleInfo.java:shutdownLeaderState(104)) - 0eafc66a-b222-485a-84b4-d82d0185be4e: shutdown LeaderState
2019-09-24 22:45:36,812 [935414d4-2c23-4fcd-bc36-bb7e45710750@group-E1BA53C399E5-SegmentedRaftLogWorker] INFO  segmented.SegmentedRaftLogWorker (SegmentedRaftLogWorker.java:run(313)) - 935414d4-2c23-4fcd-bc36-bb7e45710750@group-E1BA53C399E5-SegmentedRaftLogWorker was interrupted, exiting. There are 0 tasks remaining in the queue.
2019-09-24 22:45:36,812 [main] INFO  impl.PendingRequests (PendingRequests.java:sendNotLeaderResponses(202)) - 0eafc66a-b222-485a-84b4-d82d0185be4e-PendingRequests: sendNotLeaderResponses
2019-09-24 22:45:36,814 [ForkJoinPool.commonPool-worker-0] INFO  segmented.SegmentedRaftLogWorker (SegmentedRaftLogWorker.java:close(228)) - 935414d4-2c23-4fcd-bc36-bb7e45710750@group-E1BA53C399E5-SegmentedRaftLogWorker close()
2019-09-24 22:45:36,814 [main] INFO  impl.StateMachineUpdater (StateMachineUpdater.java:stopAndJoin(125)) - 0eafc66a-b222-485a-84b4-d82d0185be4e@group-7918343E60DA-StateMachineUpdater: set stopIndex = 0
2019-09-24 22:45:36,817 [ForkJoinPool.commonPool-worker-0] INFO  impl.RaftServerImpl (RaftServerImpl.java:lambda$shutdown$3(251)) - 935414d4-2c23-4fcd-bc36-bb7e45710750@group-C7C8BBF4D978: shutdown
2019-09-24 22:45:36,817 [main] INFO  impl.RaftServerImpl (ServerState.java:close(385)) - 0eafc66a-b222-485a-84b4-d82d0185be4e@group-7918343E60DA: closes. applyIndex: 0
2019-09-24 22:45:36,818 [ForkJoinPool.commonPool-worker-0] INFO  util.JmxRegister (JmxRegister.java:unregister(73)) - Successfully un-registered JMX Bean with object name Ratis:service=RaftServer,group=group-C7C8BBF4D978,id=935414d4-2c23-4fcd-bc36-bb7e45710750
2019-09-24 22:45:36,818 [0eafc66a-b222-485a-84b4-d82d0185be4e@group-7918343E60DA-SegmentedRaftLogWorker] INFO  segmented.SegmentedRaftLogWorker (SegmentedRaftLogWorker.java:run(313)) - 0eafc66a-b222-485a-84b4-d82d0185be4e@group-7918343E60DA-SegmentedRaftLogWorker was interrupted, exiting. There are 0 tasks remaining in the queue.
2019-09-24 22:45:36,818 [ForkJoinPool.commonPool-worker-0] INFO  impl.RoleInfo (RoleInfo.java:shutdownFollowerState(121)) - 935414d4-2c23-4fcd-bc36-bb7e45710750: shutdown FollowerState
2019-09-24 22:45:36,820 [main] INFO  segmented.SegmentedRaftLogWorker (SegmentedRaftLogWorker.java:close(228)) - 0eafc66a-b222-485a-84b4-d82d0185be4e@group-7918343E60DA-SegmentedRaftLogWorker close()
2019-09-24 22:45:36,820 [Thread-298] INFO  impl.FollowerState (FollowerState.java:run(115)) - 935414d4-2c23-4fcd-bc36-bb7e45710750: FollowerState was interrupted: java.lang.InterruptedException: sleep interrupted
2019-09-24 22:45:36,820 [ForkJoinPool.commonPool-worker-0] INFO  impl.StateMachineUpdater (StateMachineUpdater.java:stopAndJoin(125)) - 935414d4-2c23-4fcd-bc36-bb7e45710750@group-C7C8BBF4D978-StateMachineUpdater: set stopIndex = 0
2019-09-24 22:45:36,829 [main] INFO  server.GrpcService (GrpcService.java:closeImpl(164)) - 0eafc66a-b222-485a-84b4-d82d0185be4e: shutdown server with port 35610 now
2019-09-24 22:45:36,829 [ForkJoinPool.commonPool-worker-0] INFO  impl.RaftServerImpl (ServerState.java:close(385)) - 935414d4-2c23-4fcd-bc36-bb7e45710750@group-C7C8BBF4D978: closes. applyIndex: 0
2019-09-24 22:45:36,831 [935414d4-2c23-4fcd-bc36-bb7e45710750@group-C7C8BBF4D978-SegmentedRaftLogWorker] INFO  segmented.SegmentedRaftLogWorker (SegmentedRaftLogWorker.java:run(313)) - 935414d4-2c23-4fcd-bc36-bb7e45710750@group-C7C8BBF4D978-SegmentedRaftLogWorker was interrupted, exiting. There are 0 tasks remaining in the queue.
2019-09-24 22:45:36,831 [main] INFO  server.GrpcService (GrpcService.java:closeImpl(172)) - 0eafc66a-b222-485a-84b4-d82d0185be4e: shutdown server with port 35610 successfully
2019-09-24 22:45:36,831 [ForkJoinPool.commonPool-worker-0] INFO  segmented.SegmentedRaftLogWorker (SegmentedRaftLogWorker.java:close(228)) - 935414d4-2c23-4fcd-bc36-bb7e45710750@group-C7C8BBF4D978-SegmentedRaftLogWorker close()
2019-09-24 22:45:36,833 [ForkJoinPool.commonPool-worker-0] INFO  server.GrpcService (GrpcService.java:closeImpl(164)) - 935414d4-2c23-4fcd-bc36-bb7e45710750: shutdown server with port 37475 now
2019-09-24 22:45:36,834 [grpc-default-executor-10] WARN  server.GrpcServerProtocolService (LogUtils.java:warn(134)) - 935414d4-2c23-4fcd-bc36-bb7e45710750: installSnapshot onError, lastRequest: cc0fada7-f07d-4fca-b5a3-1adb9c0f28a8->935414d4-2c23-4fcd-bc36-bb7e45710750#49-t1, previous=(t:1, i:0), leaderCommit=0, initializing? false, entries: <empty>: org.apache.ratis.thirdparty.io.grpc.StatusRuntimeException: CANCELLED: cancelled before receiving half close
2019-09-24 22:45:36,834 [refreshUsed-/workdir/hadoop-ozone/integration-test/target/test-dir/MiniOzoneClusterImpl-d8bbf689-b3c7-4797-acf4-e99b3e7335dc/datanode-6/data/containers] WARN  fs.CachingGetSpaceUsed (CachingGetSpaceUsed.java:run(183)) - Thread Interrupted waiting to refresh disk information: sleep interrupted
2019-09-24 22:45:36,836 [grpc-default-executor-7] WARN  server.GrpcLogAppender (LogUtils.java:warn(134)) - cc0fada7-f07d-4fca-b5a3-1adb9c0f28a8@group-C7C8BBF4D978->935414d4-2c23-4fcd-bc36-bb7e45710750-AppendLogResponseHandler: Failed appendEntries: org.apache.ratis.thirdparty.io.grpc.StatusRuntimeException: CANCELLED: HTTP/2 error code: CANCEL
Received Rst Stream
2019-09-24 22:45:36,836 [ForkJoinPool.commonPool-worker-0] INFO  server.GrpcService (GrpcService.java:closeImpl(172)) - 935414d4-2c23-4fcd-bc36-bb7e45710750: shutdown server with port 37475 successfully
2019-09-24 22:45:36,837 [grpc-default-executor-7] INFO  impl.FollowerInfo (FollowerInfo.java:lambda$new$0(51)) - cc0fada7-f07d-4fca-b5a3-1adb9c0f28a8@group-C7C8BBF4D978->935414d4-2c23-4fcd-bc36-bb7e45710750: nextIndex: updateUnconditionally 1 -> 0
2019-09-24 22:45:36,839 [refreshUsed-/workdir/hadoop-ozone/integration-test/target/test-dir/MiniOzoneClusterImpl-d8bbf689-b3c7-4797-acf4-e99b3e7335dc/datanode-0/data/containers] WARN  fs.CachingGetSpaceUsed (CachingGetSpaceUsed.java:run(183)) - Thread Interrupted waiting to refresh disk information: sleep interrupted
2019-09-24 22:45:36,855 [ForkJoinPool.commonPool-worker-0] INFO  utils.BackgroundService (BackgroundService.java:shutdown(148)) - Shutting down service BlockDeletingService
2019-09-24 22:45:36,858 [ForkJoinPool.commonPool-worker-0] INFO  statemachine.DatanodeStateMachine (DatanodeStateMachine.java:stopDaemon(395)) - Ozone container server stopped.
2019-09-24 22:45:36,860 [main] INFO  utils.BackgroundService (BackgroundService.java:shutdown(148)) - Shutting down service BlockDeletingService
2019-09-24 22:45:36,861 [ForkJoinPool.commonPool-worker-0] INFO  handler.ContextHandler (ContextHandler.java:doStop(910)) - Stopped o.e.j.w.WebAppContext@68a4dcc6{/,null,UNAVAILABLE}{/hddsDatanode}
2019-09-24 22:45:36,863 [main] INFO  statemachine.DatanodeStateMachine (DatanodeStateMachine.java:stopDaemon(395)) - Ozone container server stopped.
2019-09-24 22:45:36,864 [ForkJoinPool.commonPool-worker-0] INFO  server.AbstractConnector (AbstractConnector.java:doStop(318)) - Stopped ServerConnector@646c0a67{HTTP/1.1,[http/1.1]}{0.0.0.0:0}
2019-09-24 22:45:36,865 [ForkJoinPool.commonPool-worker-0] INFO  handler.ContextHandler (ContextHandler.java:doStop(910)) - Stopped o.e.j.s.ServletContextHandler@63c12e52{/static,jar:file:/home/user/.m2/repository/org/apache/hadoop/hadoop-hdds-container-service/0.5.0-SNAPSHOT/hadoop-hdds-container-service-0.5.0-SNAPSHOT.jar!/webapps/static,UNAVAILABLE}
2019-09-24 22:45:36,865 [main] INFO  handler.ContextHandler (ContextHandler.java:doStop(910)) - Stopped o.e.j.w.WebAppContext@b1534d3{/,null,UNAVAILABLE}{/hddsDatanode}
2019-09-24 22:45:36,866 [ForkJoinPool.commonPool-worker-0] INFO  handler.ContextHandler (ContextHandler.java:doStop(910)) - Stopped o.e.j.s.ServletContextHandler@75ae4a1f{/logs,file:///workdir/hadoop-ozone/integration-test/target/log,UNAVAILABLE}
2019-09-24 22:45:36,867 [main] INFO  server.AbstractConnector (AbstractConnector.java:doStop(318)) - Stopped ServerConnector@3c74aa0d{HTTP/1.1,[http/1.1]}{0.0.0.0:0}
2019-09-24 22:45:36,867 [main] INFO  handler.ContextHandler (ContextHandler.java:doStop(910)) - Stopped o.e.j.s.ServletContextHandler@7d3fb0ef{/static,jar:file:/home/user/.m2/repository/org/apache/hadoop/hadoop-hdds-container-service/0.5.0-SNAPSHOT/hadoop-hdds-container-service-0.5.0-SNAPSHOT.jar!/webapps/static,UNAVAILABLE}
2019-09-24 22:45:36,868 [main] INFO  handler.ContextHandler (ContextHandler.java:doStop(910)) - Stopped o.e.j.s.ServletContextHandler@3240b2a4{/logs,file:///workdir/hadoop-ozone/integration-test/target/log,UNAVAILABLE}
2019-09-24 22:45:37,659 [Datanode State Machine Thread - 0] INFO  statemachine.DatanodeStateMachine (DatanodeStateMachine.java:lambda$startDaemon$0(350)) - Ozone container server started.
2019-09-24 22:45:39,199 [grpc-default-executor-10] WARN  server.GrpcLogAppender (LogUtils.java:warn(134)) - cc0fada7-f07d-4fca-b5a3-1adb9c0f28a8@group-C7C8BBF4D978->50c9ac3a-ba58-4412-b88f-9c17bcde39a8-AppendLogResponseHandler: Failed appendEntries: org.apache.ratis.thirdparty.io.grpc.StatusRuntimeException: UNAVAILABLE: io exception
2019-09-24 22:45:39,200 [grpc-default-executor-10] INFO  impl.FollowerInfo (FollowerInfo.java:lambda$new$0(51)) - cc0fada7-f07d-4fca-b5a3-1adb9c0f28a8@group-C7C8BBF4D978->50c9ac3a-ba58-4412-b88f-9c17bcde39a8: nextIndex: updateUnconditionally 0 -> 0
2019-09-24 22:45:39,206 [grpc-default-executor-9] WARN  server.GrpcLogAppender (LogUtils.java:warn(134)) - cc0fada7-f07d-4fca-b5a3-1adb9c0f28a8@group-C7C8BBF4D978->935414d4-2c23-4fcd-bc36-bb7e45710750-AppendLogResponseHandler: Failed appendEntries: org.apache.ratis.thirdparty.io.grpc.StatusRuntimeException: UNAVAILABLE: io exception
2019-09-24 22:45:39,207 [grpc-default-executor-9] INFO  impl.FollowerInfo (FollowerInfo.java:lambda$new$0(51)) - cc0fada7-f07d-4fca-b5a3-1adb9c0f28a8@group-C7C8BBF4D978->935414d4-2c23-4fcd-bc36-bb7e45710750: nextIndex: updateUnconditionally 0 -> 0
2019-09-24 22:45:41,701 [grpc-default-executor-9] WARN  server.GrpcLogAppender (LogUtils.java:warn(134)) - cc0fada7-f07d-4fca-b5a3-1adb9c0f28a8@group-C7C8BBF4D978->50c9ac3a-ba58-4412-b88f-9c17bcde39a8-AppendLogResponseHandler: Failed appendEntries: org.apache.ratis.thirdparty.io.grpc.StatusRuntimeException: UNAVAILABLE: io exception
2019-09-24 22:45:41,702 [grpc-default-executor-9] INFO  impl.FollowerInfo (FollowerInfo.java:lambda$new$0(51)) - cc0fada7-f07d-4fca-b5a3-1adb9c0f28a8@group-C7C8BBF4D978->50c9ac3a-ba58-4412-b88f-9c17bcde39a8: nextIndex: updateUnconditionally 0 -> 0
2019-09-24 22:45:41,707 [grpc-default-executor-7] WARN  server.GrpcLogAppender (LogUtils.java:warn(134)) - cc0fada7-f07d-4fca-b5a3-1adb9c0f28a8@group-C7C8BBF4D978->935414d4-2c23-4fcd-bc36-bb7e45710750-AppendLogResponseHandler: Failed appendEntries: org.apache.ratis.thirdparty.io.grpc.StatusRuntimeException: UNAVAILABLE: io exception
2019-09-24 22:45:41,710 [grpc-default-executor-7] INFO  impl.FollowerInfo (FollowerInfo.java:lambda$new$0(51)) - cc0fada7-f07d-4fca-b5a3-1adb9c0f28a8@group-C7C8BBF4D978->935414d4-2c23-4fcd-bc36-bb7e45710750: nextIndex: updateUnconditionally 0 -> 0
2019-09-24 22:45:41,867 [ForkJoinPool.commonPool-worker-0] INFO  ozoneimpl.OzoneContainer (OzoneContainer.java:stop(231)) - Attempting to stop container services.
2019-09-24 22:45:41,868 [ForkJoinPool.commonPool-worker-0] INFO  impl.RaftServerProxy (RaftServerProxy.java:lambda$close$4(314)) - cc0fada7-f07d-4fca-b5a3-1adb9c0f28a8: close
2019-09-24 22:45:41,868 [ForkJoinPool.commonPool-worker-0] INFO  impl.RaftServerImpl (RaftServerImpl.java:lambda$shutdown$3(251)) - cc0fada7-f07d-4fca-b5a3-1adb9c0f28a8@group-BA08B1489A85: shutdown
2019-09-24 22:45:41,868 [ForkJoinPool.commonPool-worker-0] INFO  util.JmxRegister (JmxRegister.java:unregister(73)) - Successfully un-registered JMX Bean with object name Ratis:service=RaftServer,group=group-BA08B1489A85,id=cc0fada7-f07d-4fca-b5a3-1adb9c0f28a8
2019-09-24 22:45:41,868 [ForkJoinPool.commonPool-worker-0] INFO  impl.RoleInfo (RoleInfo.java:shutdownLeaderState(104)) - cc0fada7-f07d-4fca-b5a3-1adb9c0f28a8: shutdown LeaderState
2019-09-24 22:45:41,869 [ForkJoinPool.commonPool-worker-0] INFO  impl.PendingRequests (PendingRequests.java:sendNotLeaderResponses(202)) - cc0fada7-f07d-4fca-b5a3-1adb9c0f28a8-PendingRequests: sendNotLeaderResponses
2019-09-24 22:45:41,869 [ForkJoinPool.commonPool-worker-0] INFO  impl.StateMachineUpdater (StateMachineUpdater.java:stopAndJoin(125)) - cc0fada7-f07d-4fca-b5a3-1adb9c0f28a8@group-BA08B1489A85-StateMachineUpdater: set stopIndex = 0
2019-09-24 22:45:41,870 [ForkJoinPool.commonPool-worker-0] INFO  impl.RaftServerImpl (ServerState.java:close(385)) - cc0fada7-f07d-4fca-b5a3-1adb9c0f28a8@group-BA08B1489A85: closes. applyIndex: 0
2019-09-24 22:45:41,870 [cc0fada7-f07d-4fca-b5a3-1adb9c0f28a8@group-BA08B1489A85-SegmentedRaftLogWorker] INFO  segmented.SegmentedRaftLogWorker (SegmentedRaftLogWorker.java:run(313)) - cc0fada7-f07d-4fca-b5a3-1adb9c0f28a8@group-BA08B1489A85-SegmentedRaftLogWorker was interrupted, exiting. There are 0 tasks remaining in the queue.
2019-09-24 22:45:41,870 [ForkJoinPool.commonPool-worker-0] INFO  segmented.SegmentedRaftLogWorker (SegmentedRaftLogWorker.java:close(228)) - cc0fada7-f07d-4fca-b5a3-1adb9c0f28a8@group-BA08B1489A85-SegmentedRaftLogWorker close()
2019-09-24 22:45:41,872 [ForkJoinPool.commonPool-worker-0] INFO  impl.RaftServerImpl (RaftServerImpl.java:lambda$shutdown$3(251)) - cc0fada7-f07d-4fca-b5a3-1adb9c0f28a8@group-C7C8BBF4D978: shutdown
2019-09-24 22:45:41,872 [ForkJoinPool.commonPool-worker-0] INFO  util.JmxRegister (JmxRegister.java:unregister(73)) - Successfully un-registered JMX Bean with object name Ratis:service=RaftServer,group=group-C7C8BBF4D978,id=cc0fada7-f07d-4fca-b5a3-1adb9c0f28a8
2019-09-24 22:45:41,872 [ForkJoinPool.commonPool-worker-0] INFO  impl.RoleInfo (RoleInfo.java:shutdownLeaderState(104)) - cc0fada7-f07d-4fca-b5a3-1adb9c0f28a8: shutdown LeaderState
2019-09-24 22:45:41,874 [org.apache.ratis.server.impl.LogAppender$AppenderDaemon$$Lambda$393/1026574874@4d6474d0] WARN  server.GrpcLogAppender (GrpcLogAppender.java:mayWait(143)) - cc0fada7-f07d-4fca-b5a3-1adb9c0f28a8@group-C7C8BBF4D978->935414d4-2c23-4fcd-bc36-bb7e45710750-GrpcLogAppender: Wait interrupted by java.lang.InterruptedException
2019-09-24 22:45:41,875 [org.apache.ratis.server.impl.LogAppender$AppenderDaemon$$Lambda$393/1026574874@6e385372] WARN  server.GrpcLogAppender (GrpcLogAppender.java:mayWait(143)) - cc0fada7-f07d-4fca-b5a3-1adb9c0f28a8@group-C7C8BBF4D978->50c9ac3a-ba58-4412-b88f-9c17bcde39a8-GrpcLogAppender: Wait interrupted by java.lang.InterruptedException
2019-09-24 22:45:41,874 [ForkJoinPool.commonPool-worker-0] INFO  impl.PendingRequests (PendingRequests.java:sendNotLeaderResponses(202)) - cc0fada7-f07d-4fca-b5a3-1adb9c0f28a8-PendingRequests: sendNotLeaderResponses
2019-09-24 22:45:41,875 [ForkJoinPool.commonPool-worker-0] INFO  impl.StateMachineUpdater (StateMachineUpdater.java:stopAndJoin(125)) - cc0fada7-f07d-4fca-b5a3-1adb9c0f28a8@group-C7C8BBF4D978-StateMachineUpdater: set stopIndex = 0
2019-09-24 22:45:41,876 [ForkJoinPool.commonPool-worker-0] INFO  impl.RaftServerImpl (ServerState.java:close(385)) - cc0fada7-f07d-4fca-b5a3-1adb9c0f28a8@group-C7C8BBF4D978: closes. applyIndex: 0
2019-09-24 22:45:41,876 [cc0fada7-f07d-4fca-b5a3-1adb9c0f28a8@group-C7C8BBF4D978-SegmentedRaftLogWorker] INFO  segmented.SegmentedRaftLogWorker (SegmentedRaftLogWorker.java:run(313)) - cc0fada7-f07d-4fca-b5a3-1adb9c0f28a8@group-C7C8BBF4D978-SegmentedRaftLogWorker was interrupted, exiting. There are 0 tasks remaining in the queue.
2019-09-24 22:45:41,881 [ForkJoinPool.commonPool-worker-0] INFO  segmented.SegmentedRaftLogWorker (SegmentedRaftLogWorker.java:close(228)) - cc0fada7-f07d-4fca-b5a3-1adb9c0f28a8@group-C7C8BBF4D978-SegmentedRaftLogWorker close()
2019-09-24 22:45:41,883 [ForkJoinPool.commonPool-worker-0] INFO  server.GrpcService (GrpcService.java:closeImpl(164)) - cc0fada7-f07d-4fca-b5a3-1adb9c0f28a8: shutdown server with port 42999 now
2019-09-24 22:45:41,884 [ForkJoinPool.commonPool-worker-0] INFO  server.GrpcService (GrpcService.java:closeImpl(172)) - cc0fada7-f07d-4fca-b5a3-1adb9c0f28a8: shutdown server with port 42999 successfully
2019-09-24 22:45:41,889 [refreshUsed-/workdir/hadoop-ozone/integration-test/target/test-dir/MiniOzoneClusterImpl-d8bbf689-b3c7-4797-acf4-e99b3e7335dc/datanode-5/data/containers] WARN  fs.CachingGetSpaceUsed (CachingGetSpaceUsed.java:run(183)) - Thread Interrupted waiting to refresh disk information: sleep interrupted
2019-09-24 22:45:41,907 [ForkJoinPool.commonPool-worker-0] INFO  utils.BackgroundService (BackgroundService.java:shutdown(148)) - Shutting down service BlockDeletingService
2019-09-24 22:45:41,910 [ForkJoinPool.commonPool-worker-0] INFO  statemachine.DatanodeStateMachine (DatanodeStateMachine.java:stopDaemon(395)) - Ozone container server stopped.
2019-09-24 22:45:41,912 [ForkJoinPool.commonPool-worker-0] INFO  handler.ContextHandler (ContextHandler.java:doStop(910)) - Stopped o.e.j.w.WebAppContext@7ab34619{/,null,UNAVAILABLE}{/hddsDatanode}
2019-09-24 22:45:41,913 [ForkJoinPool.commonPool-worker-0] INFO  server.AbstractConnector (AbstractConnector.java:doStop(318)) - Stopped ServerConnector@ae2db25{HTTP/1.1,[http/1.1]}{0.0.0.0:0}
2019-09-24 22:45:41,914 [ForkJoinPool.commonPool-worker-0] INFO  handler.ContextHandler (ContextHandler.java:doStop(910)) - Stopped o.e.j.s.ServletContextHandler@b887730{/static,jar:file:/home/user/.m2/repository/org/apache/hadoop/hadoop-hdds-container-service/0.5.0-SNAPSHOT/hadoop-hdds-container-service-0.5.0-SNAPSHOT.jar!/webapps/static,UNAVAILABLE}
2019-09-24 22:45:41,915 [ForkJoinPool.commonPool-worker-0] INFO  handler.ContextHandler (ContextHandler.java:doStop(910)) - Stopped o.e.j.s.ServletContextHandler@181d8899{/logs,file:///workdir/hadoop-ozone/integration-test/target/log,UNAVAILABLE}
2019-09-24 22:45:41,915 [main] INFO  ozone.MiniOzoneClusterImpl (MiniOzoneClusterImpl.java:stopSCM(392)) - Stopping the StorageContainerManager
2019-09-24 22:45:41,916 [main] INFO  server.StorageContainerManager (StorageContainerManager.java:stop(808)) - Stopping Replication Manager Service.
2019-09-24 22:45:41,916 [main] INFO  container.ReplicationManager (ReplicationManager.java:stop(203)) - Stopping Replication Monitor Thread.
2019-09-24 22:45:41,916 [main] INFO  server.StorageContainerManager (StorageContainerManager.java:stop(815)) - Stopping Lease Manager of the command watchers
2019-09-24 22:45:41,916 [main] INFO  server.StorageContainerManager (StorageContainerManager.java:stop(822)) - Stopping datanode service RPC server
2019-09-24 22:45:41,917 [main] INFO  server.SCMDatanodeProtocolServer (SCMDatanodeProtocolServer.java:stop(367)) - Stopping the RPC server for DataNodes
2019-09-24 22:45:41,917 [main] INFO  ipc.Server (Server.java:stop(3082)) - Stopping server on 43532
2019-09-24 22:45:41,919 [IPC Server listener on 43532] INFO  ipc.Server (Server.java:run(1185)) - Stopping IPC Server listener on 43532
2019-09-24 22:45:41,919 [IPC Server Responder] INFO  ipc.Server (Server.java:run(1319)) - Stopping IPC Server Responder
2019-09-24 22:45:41,985 [SCM Heartbeat Processing Thread - 0] WARN  node.NodeStateManager (NodeStateManager.java:scheduleNextHealthCheck(646)) - Current Thread is interrupted, shutting down HB processing thread for Node Manager.
2019-09-24 22:45:41,986 [main] INFO  server.StorageContainerManager (StorageContainerManager.java:stop(830)) - Stopping block service RPC server
2019-09-24 22:45:41,986 [main] INFO  server.SCMBlockProtocolServer (SCMBlockProtocolServer.java:stop(155)) - Stopping the RPC server for Block Protocol
2019-09-24 22:45:41,986 [main] INFO  ipc.Server (Server.java:stop(3082)) - Stopping server on 39729
2019-09-24 22:45:41,988 [IPC Server listener on 39729] INFO  ipc.Server (Server.java:run(1185)) - Stopping IPC Server listener on 39729
2019-09-24 22:45:41,988 [main] INFO  server.StorageContainerManager (StorageContainerManager.java:stop(837)) - Stopping the StorageContainerLocationProtocol RPC server
2019-09-24 22:45:41,988 [IPC Server Responder] INFO  ipc.Server (Server.java:run(1319)) - Stopping IPC Server Responder
2019-09-24 22:45:41,989 [main] INFO  server.SCMClientProtocolServer (SCMClientProtocolServer.java:stop(159)) - Stopping the RPC server for Client Protocol
2019-09-24 22:45:41,989 [main] INFO  ipc.Server (Server.java:stop(3082)) - Stopping server on 33543
2019-09-24 22:45:41,991 [IPC Server listener on 33543] INFO  ipc.Server (Server.java:run(1185)) - Stopping IPC Server listener on 33543
2019-09-24 22:45:41,991 [IPC Server Responder] INFO  ipc.Server (Server.java:run(1319)) - Stopping IPC Server Responder
2019-09-24 22:45:41,991 [main] INFO  server.StorageContainerManager (StorageContainerManager.java:stop(844)) - Stopping Storage Container Manager HTTP server.
2019-09-24 22:45:41,992 [main] INFO  handler.ContextHandler (ContextHandler.java:doStop(910)) - Stopped o.e.j.w.WebAppContext@db44aa2{/,null,UNAVAILABLE}{/scm}
2019-09-24 22:45:41,993 [main] INFO  server.AbstractConnector (AbstractConnector.java:doStop(318)) - Stopped ServerConnector@59a67c3a{HTTP/1.1,[http/1.1]}{0.0.0.0:0}
2019-09-24 22:45:41,993 [main] INFO  handler.ContextHandler (ContextHandler.java:doStop(910)) - Stopped o.e.j.s.ServletContextHandler@260e86a1{/static,file:///workdir/hadoop-ozone/integration-test/target/test-classes/webapps/static,UNAVAILABLE}
2019-09-24 22:45:41,994 [main] INFO  handler.ContextHandler (ContextHandler.java:doStop(910)) - Stopped o.e.j.s.ServletContextHandler@4aa83f4f{/logs,file:///workdir/hadoop-ozone/integration-test/target/log,UNAVAILABLE}
2019-09-24 22:45:41,995 [main] INFO  server.StorageContainerManager (StorageContainerManager.java:stop(855)) - Stopping Block Manager Service.
2019-09-24 22:45:41,995 [main] INFO  utils.BackgroundService (BackgroundService.java:shutdown(148)) - Shutting down service SCMBlockDeletingService
2019-09-24 22:45:41,995 [main] INFO  utils.BackgroundService (BackgroundService.java:shutdown(148)) - Shutting down service SCMBlockDeletingService
2019-09-24 22:45:41,996 [main] INFO  server.StorageContainerManager (StorageContainerManager.java:stop(877)) - Stopping SCM Event Queue.
2019-09-24 22:45:42,003 [main] INFO  impl.MetricsSystemImpl (MetricsSystemImpl.java:stop(210)) - Stopping ratis metrics system...
2019-09-24 22:45:42,013 [prometheus] INFO  impl.MetricsSinkAdapter (MetricsSinkAdapter.java:publishMetricsFromQueue(141)) - prometheus thread interrupted.
2019-09-24 22:45:42,013 [main] INFO  impl.MetricsSystemImpl (MetricsSystemImpl.java:stop(216)) - ratis metrics system stopped.
]]></system-out>
    <system-err><![CDATA[ERROR StatusLogger No Log4j 2 configuration file found. Using default configuration (logging only errors to the console), or user programmatically provided configurations. Set system property 'log4j2.debug' to show Log4j 2 internal initialization logging. See https://logging.apache.org/log4j/2.x/manual/configuration.html for instructions on how to configure Log4j 2
Sep 24, 2019 10:45:26 PM org.apache.ratis.thirdparty.io.grpc.internal.SerializingExecutor run
SEVERE: Exception while executing runnable org.apache.ratis.thirdparty.io.grpc.internal.ServerImpl$JumpToApplicationThreadServerStreamListener$1Closed@7005b57e
org.apache.ratis.thirdparty.io.grpc.StatusRuntimeException: CANCELLED: call already cancelled
	at org.apache.ratis.thirdparty.io.grpc.Status.asRuntimeException(Status.java:517)
	at org.apache.ratis.thirdparty.io.grpc.stub.ServerCalls$ServerCallStreamObserverImpl.onCompleted(ServerCalls.java:356)
	at org.apache.ratis.grpc.server.GrpcServerProtocolService$ServerRequestStreamObserver.onError(GrpcServerProtocolService.java:121)
	at org.apache.ratis.thirdparty.io.grpc.stub.ServerCalls$StreamingServerCallHandler$StreamingServerCallListener.onCancel(ServerCalls.java:269)
	at org.apache.ratis.thirdparty.io.grpc.internal.ServerCallImpl$ServerStreamListenerImpl.closed(ServerCallImpl.java:293)
	at org.apache.ratis.thirdparty.io.grpc.internal.ServerImpl$JumpToApplicationThreadServerStreamListener$1Closed.runInContext(ServerImpl.java:741)
	at org.apache.ratis.thirdparty.io.grpc.internal.ContextRunnable.run(ContextRunnable.java:37)
	at org.apache.ratis.thirdparty.io.grpc.internal.SerializingExecutor.run(SerializingExecutor.java:123)
	at java.util.concurrent.ThreadPoolExecutor.runWorker(ThreadPoolExecutor.java:1149)
	at java.util.concurrent.ThreadPoolExecutor$Worker.run(ThreadPoolExecutor.java:624)
	at java.lang.Thread.run(Thread.java:748)

Sep 24, 2019 10:45:26 PM org.apache.ratis.thirdparty.io.grpc.internal.SerializingExecutor run
SEVERE: Exception while executing runnable org.apache.ratis.thirdparty.io.grpc.internal.ServerImpl$JumpToApplicationThreadServerStreamListener$1Closed@375840e6
org.apache.ratis.thirdparty.io.grpc.StatusRuntimeException: CANCELLED: call already cancelled
	at org.apache.ratis.thirdparty.io.grpc.Status.asRuntimeException(Status.java:517)
	at org.apache.ratis.thirdparty.io.grpc.stub.ServerCalls$ServerCallStreamObserverImpl.onCompleted(ServerCalls.java:356)
	at org.apache.ratis.grpc.server.GrpcServerProtocolService$ServerRequestStreamObserver.onError(GrpcServerProtocolService.java:121)
	at org.apache.ratis.thirdparty.io.grpc.stub.ServerCalls$StreamingServerCallHandler$StreamingServerCallListener.onCancel(ServerCalls.java:269)
	at org.apache.ratis.thirdparty.io.grpc.internal.ServerCallImpl$ServerStreamListenerImpl.closed(ServerCallImpl.java:293)
	at org.apache.ratis.thirdparty.io.grpc.internal.ServerImpl$JumpToApplicationThreadServerStreamListener$1Closed.runInContext(ServerImpl.java:741)
	at org.apache.ratis.thirdparty.io.grpc.internal.ContextRunnable.run(ContextRunnable.java:37)
	at org.apache.ratis.thirdparty.io.grpc.internal.SerializingExecutor.run(SerializingExecutor.java:123)
	at java.util.concurrent.ThreadPoolExecutor.runWorker(ThreadPoolExecutor.java:1149)
	at java.util.concurrent.ThreadPoolExecutor$Worker.run(ThreadPoolExecutor.java:624)
	at java.lang.Thread.run(Thread.java:748)

Sep 24, 2019 10:45:31 PM org.apache.ratis.thirdparty.io.grpc.internal.SerializingExecutor run
SEVERE: Exception while executing runnable org.apache.ratis.thirdparty.io.grpc.internal.ServerImpl$JumpToApplicationThreadServerStreamListener$1Closed@78a2b246
org.apache.ratis.thirdparty.io.grpc.StatusRuntimeException: CANCELLED: call already cancelled
	at org.apache.ratis.thirdparty.io.grpc.Status.asRuntimeException(Status.java:517)
	at org.apache.ratis.thirdparty.io.grpc.stub.ServerCalls$ServerCallStreamObserverImpl.onCompleted(ServerCalls.java:356)
	at org.apache.ratis.grpc.server.GrpcServerProtocolService$ServerRequestStreamObserver.onError(GrpcServerProtocolService.java:121)
	at org.apache.ratis.thirdparty.io.grpc.stub.ServerCalls$StreamingServerCallHandler$StreamingServerCallListener.onCancel(ServerCalls.java:269)
	at org.apache.ratis.thirdparty.io.grpc.internal.ServerCallImpl$ServerStreamListenerImpl.closed(ServerCallImpl.java:293)
	at org.apache.ratis.thirdparty.io.grpc.internal.ServerImpl$JumpToApplicationThreadServerStreamListener$1Closed.runInContext(ServerImpl.java:741)
	at org.apache.ratis.thirdparty.io.grpc.internal.ContextRunnable.run(ContextRunnable.java:37)
	at org.apache.ratis.thirdparty.io.grpc.internal.SerializingExecutor.run(SerializingExecutor.java:123)
	at java.util.concurrent.ThreadPoolExecutor.runWorker(ThreadPoolExecutor.java:1149)
	at java.util.concurrent.ThreadPoolExecutor$Worker.run(ThreadPoolExecutor.java:624)
	at java.lang.Thread.run(Thread.java:748)

Sep 24, 2019 10:45:36 PM org.apache.ratis.thirdparty.io.grpc.internal.SerializingExecutor run
SEVERE: Exception while executing runnable org.apache.ratis.thirdparty.io.grpc.internal.ServerImpl$JumpToApplicationThreadServerStreamListener$1Closed@3cec5dae
org.apache.ratis.thirdparty.io.grpc.StatusRuntimeException: CANCELLED: call already cancelled
	at org.apache.ratis.thirdparty.io.grpc.Status.asRuntimeException(Status.java:517)
	at org.apache.ratis.thirdparty.io.grpc.stub.ServerCalls$ServerCallStreamObserverImpl.onCompleted(ServerCalls.java:356)
	at org.apache.ratis.grpc.server.GrpcServerProtocolService$ServerRequestStreamObserver.onError(GrpcServerProtocolService.java:121)
	at org.apache.ratis.thirdparty.io.grpc.stub.ServerCalls$StreamingServerCallHandler$StreamingServerCallListener.onCancel(ServerCalls.java:269)
	at org.apache.ratis.thirdparty.io.grpc.internal.ServerCallImpl$ServerStreamListenerImpl.closed(ServerCallImpl.java:293)
	at org.apache.ratis.thirdparty.io.grpc.internal.ServerImpl$JumpToApplicationThreadServerStreamListener$1Closed.runInContext(ServerImpl.java:741)
	at org.apache.ratis.thirdparty.io.grpc.internal.ContextRunnable.run(ContextRunnable.java:37)
	at org.apache.ratis.thirdparty.io.grpc.internal.SerializingExecutor.run(SerializingExecutor.java:123)
	at java.util.concurrent.ThreadPoolExecutor.runWorker(ThreadPoolExecutor.java:1149)
	at java.util.concurrent.ThreadPoolExecutor$Worker.run(ThreadPoolExecutor.java:624)
	at java.lang.Thread.run(Thread.java:748)

]]></system-err>
  </testcase>
  <testcase name="testMaxRetriesByOzoneClient" classname="org.apache.hadoop.ozone.client.rpc.TestOzoneClientRetriesOnException" time="137.161">
    <error message="Connection refused" type="java.net.ConnectException"><![CDATA[java.net.ConnectException: Connection refused
	at sun.nio.ch.SocketChannelImpl.checkConnect(Native Method)
	at sun.nio.ch.SocketChannelImpl.finishConnect(SocketChannelImpl.java:717)
	at org.apache.hadoop.net.SocketIOWithTimeout.connect(SocketIOWithTimeout.java:206)
	at org.apache.hadoop.net.NetUtils.connect(NetUtils.java:531)
	at org.apache.hadoop.ipc.Client$Connection.setupConnection(Client.java:690)
	at org.apache.hadoop.ipc.Client$Connection.setupIOstreams(Client.java:794)
	at org.apache.hadoop.ipc.Client$Connection.access$3700(Client.java:411)
	at org.apache.hadoop.ipc.Client.getConnection(Client.java:1572)
	at org.apache.hadoop.ipc.Client.call(Client.java:1403)
	at org.apache.hadoop.ipc.Client.call(Client.java:1367)
	at org.apache.hadoop.ipc.ProtobufRpcEngine$Invoker.invoke(ProtobufRpcEngine.java:228)
	at org.apache.hadoop.ipc.ProtobufRpcEngine$Invoker.invoke(ProtobufRpcEngine.java:116)
	at com.sun.proxy.$Proxy36.submitRequest(Unknown Source)
	at sun.reflect.GeneratedMethodAccessor24.invoke(Unknown Source)
	at sun.reflect.DelegatingMethodAccessorImpl.invoke(DelegatingMethodAccessorImpl.java:43)
	at java.lang.reflect.Method.invoke(Method.java:498)
	at org.apache.hadoop.io.retry.RetryInvocationHandler.invokeMethod(RetryInvocationHandler.java:422)
	at org.apache.hadoop.io.retry.RetryInvocationHandler$Call.invokeMethod(RetryInvocationHandler.java:165)
	at org.apache.hadoop.io.retry.RetryInvocationHandler$Call.invoke(RetryInvocationHandler.java:157)
	at org.apache.hadoop.io.retry.RetryInvocationHandler$Call.invokeOnce(RetryInvocationHandler.java:95)
	at org.apache.hadoop.io.retry.RetryInvocationHandler.invoke(RetryInvocationHandler.java:359)
	at com.sun.proxy.$Proxy36.submitRequest(Unknown Source)
	at org.apache.hadoop.ozone.om.protocolPB.OzoneManagerProtocolClientSideTranslatorPB.submitRequest(OzoneManagerProtocolClientSideTranslatorPB.java:338)
	at org.apache.hadoop.ozone.om.protocolPB.OzoneManagerProtocolClientSideTranslatorPB.getServiceInfo(OzoneManagerProtocolClientSideTranslatorPB.java:1223)
	at sun.reflect.NativeMethodAccessorImpl.invoke0(Native Method)
	at sun.reflect.NativeMethodAccessorImpl.invoke(NativeMethodAccessorImpl.java:62)
	at sun.reflect.DelegatingMethodAccessorImpl.invoke(DelegatingMethodAccessorImpl.java:43)
	at java.lang.reflect.Method.invoke(Method.java:498)
	at org.apache.hadoop.hdds.tracing.TraceAllMethod.invoke(TraceAllMethod.java:66)
	at com.sun.proxy.$Proxy37.getServiceInfo(Unknown Source)
	at org.apache.hadoop.ozone.client.rpc.RpcClient.<init>(RpcClient.java:154)
	at org.apache.hadoop.ozone.client.OzoneClientFactory.getClientProtocol(OzoneClientFactory.java:256)
	at org.apache.hadoop.ozone.client.OzoneClientFactory.getClientProtocol(OzoneClientFactory.java:239)
	at org.apache.hadoop.ozone.client.OzoneClientFactory.getClient(OzoneClientFactory.java:75)
	at org.apache.hadoop.ozone.client.rpc.TestOzoneClientRetriesOnException.init(TestOzoneClientRetriesOnException.java:102)
	at sun.reflect.NativeMethodAccessorImpl.invoke0(Native Method)
	at sun.reflect.NativeMethodAccessorImpl.invoke(NativeMethodAccessorImpl.java:62)
	at sun.reflect.DelegatingMethodAccessorImpl.invoke(DelegatingMethodAccessorImpl.java:43)
	at java.lang.reflect.Method.invoke(Method.java:498)
	at org.junit.runners.model.FrameworkMethod$1.runReflectiveCall(FrameworkMethod.java:47)
	at org.junit.internal.runners.model.ReflectiveCallable.run(ReflectiveCallable.java:12)
	at org.junit.runners.model.FrameworkMethod.invokeExplosively(FrameworkMethod.java:44)
	at org.junit.internal.runners.statements.RunBefores.evaluate(RunBefores.java:24)
	at org.junit.internal.runners.statements.RunAfters.evaluate(RunAfters.java:27)
	at org.junit.runners.ParentRunner.runLeaf(ParentRunner.java:271)
	at org.junit.runners.BlockJUnit4ClassRunner.runChild(BlockJUnit4ClassRunner.java:70)
	at org.junit.runners.BlockJUnit4ClassRunner.runChild(BlockJUnit4ClassRunner.java:50)
	at org.junit.runners.ParentRunner$3.run(ParentRunner.java:238)
	at org.junit.runners.ParentRunner$1.schedule(ParentRunner.java:63)
	at org.junit.runners.ParentRunner.runChildren(ParentRunner.java:236)
	at org.junit.runners.ParentRunner.access$000(ParentRunner.java:53)
	at org.junit.runners.ParentRunner$2.evaluate(ParentRunner.java:229)
	at org.junit.runners.ParentRunner.run(ParentRunner.java:309)
	at org.apache.maven.surefire.junit4.JUnit4Provider.execute(JUnit4Provider.java:365)
	at org.apache.maven.surefire.junit4.JUnit4Provider.executeWithRerun(JUnit4Provider.java:273)
	at org.apache.maven.surefire.junit4.JUnit4Provider.executeTestSet(JUnit4Provider.java:238)
	at org.apache.maven.surefire.junit4.JUnit4Provider.invoke(JUnit4Provider.java:159)
	at org.apache.maven.surefire.booter.ForkedBooter.invokeProviderInSameClassLoader(ForkedBooter.java:384)
	at org.apache.maven.surefire.booter.ForkedBooter.runSuitesInProcess(ForkedBooter.java:345)
	at org.apache.maven.surefire.booter.ForkedBooter.execute(ForkedBooter.java:126)
	at org.apache.maven.surefire.booter.ForkedBooter.main(ForkedBooter.java:418)
]]></error>
    <system-out><![CDATA[2019-09-24 22:45:42,082 [main] WARN  server.ServerUtils (ServerUtils.java:getScmDbDir(145)) - ozone.scm.db.dirs is not configured. We recommend adding this setting. Falling back to ozone.metadata.dirs instead.
2019-09-24 22:45:42,097 [main] WARN  server.ServerUtils (ServerUtils.java:getScmDbDir(145)) - ozone.scm.db.dirs is not configured. We recommend adding this setting. Falling back to ozone.metadata.dirs instead.
2019-09-24 22:45:42,098 [main] WARN  server.ServerUtils (ServerUtils.java:getScmDbDir(145)) - ozone.scm.db.dirs is not configured. We recommend adding this setting. Falling back to ozone.metadata.dirs instead.
2019-09-24 22:45:42,099 [main] INFO  db.DBStoreBuilder (DBStoreBuilder.java:addTable(110)) - using custom profile for table: deletedBlocks
2019-09-24 22:45:42,099 [main] INFO  db.DBStoreBuilder (DBStoreBuilder.java:processTables(161)) - Using default column profile:DBProfile.DISK for Table:deletedBlocks
2019-09-24 22:45:42,099 [main] INFO  db.DBStoreBuilder (DBStoreBuilder.java:addTable(110)) - using custom profile for table: validCerts
2019-09-24 22:45:42,100 [main] INFO  db.DBStoreBuilder (DBStoreBuilder.java:processTables(161)) - Using default column profile:DBProfile.DISK for Table:validCerts
2019-09-24 22:45:42,100 [main] INFO  db.DBStoreBuilder (DBStoreBuilder.java:addTable(110)) - using custom profile for table: revokedCerts
2019-09-24 22:45:42,100 [main] INFO  db.DBStoreBuilder (DBStoreBuilder.java:processTables(161)) - Using default column profile:DBProfile.DISK for Table:revokedCerts
2019-09-24 22:45:42,101 [main] INFO  db.DBStoreBuilder (DBStoreBuilder.java:addTable(110)) - using custom profile for table: default
2019-09-24 22:45:42,101 [main] INFO  db.DBStoreBuilder (DBStoreBuilder.java:processTables(167)) - Using default column profile:DBProfile.DISK for Table:default
2019-09-24 22:45:42,101 [main] INFO  db.DBStoreBuilder (DBStoreBuilder.java:getDbProfile(198)) - Using default options. DBProfile.DISK
2019-09-24 22:45:42,272 [main] INFO  net.NodeSchemaLoader (NodeSchemaLoader.java:loadSchemaFromFile(125)) - Loading file from sun.misc.CompoundEnumeration@49d30c6f
2019-09-24 22:45:42,273 [main] INFO  net.NodeSchemaLoader (NodeSchemaLoader.java:loadSchema(171)) - Loading network topology layer schema file
2019-09-24 22:45:42,278 [main] WARN  server.ServerUtils (ServerUtils.java:sanitizeUserArgs(70)) - ozone.scm.stale.node.interval value = 300000 is larger than max = 100000 based on the key value of ozone.scm.heartbeat.thread.interval, reset to the max value 100000.
2019-09-24 22:45:42,278 [main] WARN  server.ServerUtils (ServerUtils.java:sanitizeUserArgs(70)) - ozone.scm.stale.node.interval value = 300000 is larger than max = 100000 based on the key value of ozone.scm.heartbeat.thread.interval, reset to the max value 100000.
2019-09-24 22:45:42,279 [main] INFO  node.SCMNodeManager (SCMNodeManager.java:<init>(114)) - Entering startup safe mode.
2019-09-24 22:45:42,279 [main] INFO  algorithms.ContainerPlacementPolicyFactory (ContainerPlacementPolicyFactory.java:getPolicy(57)) - Create container placement policy of type org.apache.hadoop.hdds.scm.container.placement.algorithms.SCMContainerPlacementRandom
2019-09-24 22:45:42,280 [main] WARN  server.ServerUtils (ServerUtils.java:getScmDbDir(145)) - ozone.scm.db.dirs is not configured. We recommend adding this setting. Falling back to ozone.metadata.dirs instead.
2019-09-24 22:45:42,331 [main] INFO  pipeline.SCMPipelineManager (SCMPipelineManager.java:initializePipelineState(132)) - No pipeline exists in current db
2019-09-24 22:45:42,331 [main] WARN  server.ServerUtils (ServerUtils.java:getScmDbDir(145)) - ozone.scm.db.dirs is not configured. We recommend adding this setting. Falling back to ozone.metadata.dirs instead.
2019-09-24 22:45:42,359 [main] WARN  events.EventQueue (EventQueue.java:fireEvent(183)) - No event handler registered for event TypedEvent{payloadType=SafeModeStatus, name='SafeModeStatus'}
2019-09-24 22:45:42,360 [main] INFO  ipc.CallQueueManager (CallQueueManager.java:<init>(84)) - Using callQueue: class java.util.concurrent.LinkedBlockingQueue, queueCapacity: 2000, scheduler: class org.apache.hadoop.ipc.DefaultRpcScheduler, ipcBackoff: false.
2019-09-24 22:45:42,361 [Socket Reader #1 for port 40067] INFO  ipc.Server (Server.java:run(1074)) - Starting Socket Reader #1 for port 40067
2019-09-24 22:45:42,363 [main] INFO  ipc.CallQueueManager (CallQueueManager.java:<init>(84)) - Using callQueue: class java.util.concurrent.LinkedBlockingQueue, queueCapacity: 2000, scheduler: class org.apache.hadoop.ipc.DefaultRpcScheduler, ipcBackoff: false.
2019-09-24 22:45:42,363 [Socket Reader #1 for port 43172] INFO  ipc.Server (Server.java:run(1074)) - Starting Socket Reader #1 for port 43172
2019-09-24 22:45:42,365 [main] INFO  ipc.CallQueueManager (CallQueueManager.java:<init>(84)) - Using callQueue: class java.util.concurrent.LinkedBlockingQueue, queueCapacity: 2000, scheduler: class org.apache.hadoop.ipc.DefaultRpcScheduler, ipcBackoff: false.
2019-09-24 22:45:42,365 [Socket Reader #1 for port 46274] INFO  ipc.Server (Server.java:run(1074)) - Starting Socket Reader #1 for port 46274
2019-09-24 22:45:42,368 [main] INFO  hdfs.DFSUtil (DFSUtil.java:httpServerTemplateForNNAndJN(1641)) - Starting Web-server for scm at: http://0.0.0.0:0
2019-09-24 22:45:42,371 [main] INFO  server.AuthenticationFilter (AuthenticationFilter.java:constructSecretProvider(240)) - Unable to initialize FileSignerSecretProvider, falling back to use random secrets.
2019-09-24 22:45:42,372 [main] WARN  http.HttpRequestLog (HttpRequestLog.java:getRequestLog(97)) - Jetty request log can only be enabled using Log4j
2019-09-24 22:45:42,375 [main] INFO  http.HttpServer2 (HttpServer2.java:addGlobalFilter(975)) - Added global filter 'safety' (class=org.apache.hadoop.http.HttpServer2$QuotingInputFilter)
2019-09-24 22:45:42,376 [main] INFO  http.HttpServer2 (HttpServer2.java:addFilter(948)) - Added filter static_user_filter (class=org.apache.hadoop.http.lib.StaticUserWebFilter$StaticUserFilter) to context scm
2019-09-24 22:45:42,376 [main] INFO  http.HttpServer2 (HttpServer2.java:addFilter(958)) - Added filter static_user_filter (class=org.apache.hadoop.http.lib.StaticUserWebFilter$StaticUserFilter) to context static
2019-09-24 22:45:42,376 [main] INFO  http.HttpServer2 (HttpServer2.java:addFilter(958)) - Added filter static_user_filter (class=org.apache.hadoop.http.lib.StaticUserWebFilter$StaticUserFilter) to context logs
2019-09-24 22:45:42,379 [main] INFO  server.StorageContainerManager (StorageContainerManager.java:start(770)) - StorageContainerLocationProtocol RPC server is listening at /0.0.0.0:46274
2019-09-24 22:45:42,382 [main] WARN  impl.MetricsConfig (MetricsConfig.java:loadFirst(134)) - Cannot locate configuration: tried hadoop-metrics2-storagecontainermanager.properties,hadoop-metrics2.properties
2019-09-24 22:45:42,383 [main] INFO  impl.MetricsSystemImpl (MetricsSystemImpl.java:startTimer(374)) - Scheduled Metric snapshot period at 10 second(s).
2019-09-24 22:45:42,383 [main] INFO  impl.MetricsSystemImpl (MetricsSystemImpl.java:start(191)) - StorageContainerManager metrics system started
2019-09-24 22:45:42,429 [main] WARN  impl.MetricsSystemImpl (MetricsSystemImpl.java:register(276)) - Sink prometheus already exists!
2019-09-24 22:45:42,435 [main] INFO  server.SCMClientProtocolServer (SCMClientProtocolServer.java:start(151)) - RPC server for Client  is listening at /0.0.0.0:46274
2019-09-24 22:45:42,435 [IPC Server Responder] INFO  ipc.Server (Server.java:run(1314)) - IPC Server Responder: starting
2019-09-24 22:45:42,435 [IPC Server listener on 46274] INFO  ipc.Server (Server.java:run(1153)) - IPC Server listener on 46274: starting
2019-09-24 22:45:42,439 [main] INFO  server.StorageContainerManager (StorageContainerManager.java:start(780)) - ScmBlockLocationProtocol RPC server is listening at /0.0.0.0:43172
2019-09-24 22:45:42,440 [main] INFO  server.SCMBlockProtocolServer (SCMBlockProtocolServer.java:start(146)) - RPC server for Block Protocol is listening at /0.0.0.0:43172
2019-09-24 22:45:42,440 [IPC Server Responder] INFO  ipc.Server (Server.java:run(1314)) - IPC Server Responder: starting
2019-09-24 22:45:42,440 [IPC Server listener on 43172] INFO  ipc.Server (Server.java:run(1153)) - IPC Server listener on 43172: starting
2019-09-24 22:45:42,444 [main] INFO  server.StorageContainerManager (StorageContainerManager.java:start(784)) - ScmDatanodeProtocl RPC server is listening at /0.0.0.0:40067
2019-09-24 22:45:42,444 [main] INFO  server.SCMDatanodeProtocolServer (SCMDatanodeProtocolServer.java:start(191)) - RPC server for DataNodes is listening at /0.0.0.0:40067
2019-09-24 22:45:42,445 [IPC Server Responder] INFO  ipc.Server (Server.java:run(1314)) - IPC Server Responder: starting
2019-09-24 22:45:42,445 [IPC Server listener on 40067] INFO  ipc.Server (Server.java:run(1153)) - IPC Server listener on 40067: starting
2019-09-24 22:45:42,448 [main] INFO  http.HttpServer2 (HttpServer2.java:bindListener(1191)) - Jetty bound to port 41382
2019-09-24 22:45:42,449 [main] INFO  server.Server (Server.java:doStart(351)) - jetty-9.3.25.v20180904, build timestamp: 2018-09-04T21:11:46Z, git hash: 3ce520221d0240229c862b122d2b06c12a625732
2019-09-24 22:45:42,451 [main] INFO  handler.ContextHandler (ContextHandler.java:doStart(781)) - Started o.e.j.s.ServletContextHandler@470d183{/logs,file:///workdir/hadoop-ozone/integration-test/target/log,AVAILABLE}
2019-09-24 22:45:42,451 [main] INFO  handler.ContextHandler (ContextHandler.java:doStart(781)) - Started o.e.j.s.ServletContextHandler@ea52184{/static,file:///workdir/hadoop-ozone/integration-test/target/test-classes/webapps/static,AVAILABLE}
2019-09-24 22:45:42,457 [main] INFO  handler.ContextHandler (ContextHandler.java:doStart(781)) - Started o.e.j.w.WebAppContext@1f3b992{/,file:///workdir/hadoop-ozone/integration-test/target/test-classes/webapps/scm/,AVAILABLE}{/scm}
2019-09-24 22:45:42,458 [main] INFO  server.AbstractConnector (AbstractConnector.java:doStart(278)) - Started ServerConnector@2a53f215{HTTP/1.1,[http/1.1]}{0.0.0.0:41382}
2019-09-24 22:45:42,459 [main] INFO  server.Server (Server.java:doStart(419)) - Started @142408ms
2019-09-24 22:45:42,459 [main] WARN  impl.MetricsSystemImpl (MetricsSystemImpl.java:register(276)) - Sink prometheus already exists!
2019-09-24 22:45:42,461 [main] INFO  server.BaseHttpServer (BaseHttpServer.java:updateConnectorAddress(215)) - HTTP server of SCM is listening at http://0.0.0.0:41382
2019-09-24 22:45:42,462 [main] WARN  server.ServerUtils (ServerUtils.java:getDBPath(222)) - ozone.om.db.dirs is not configured. We recommend adding this setting. Falling back to ozone.metadata.dirs instead.
2019-09-24 22:45:42,462 [org.apache.hadoop.util.JvmPauseMonitor$Monitor@7beae796] INFO  util.JvmPauseMonitor (JvmPauseMonitor.java:run(188)) - Starting JVM pause monitor
2019-09-24 22:45:42,478 [main] INFO  ha.OMHANodeDetails (OMHANodeDetails.java:loadOMHAConfig(181)) - Configuration either no ozone.om.address set. Falling back to the default OM address /127.0.0.1:0
2019-09-24 22:45:42,478 [main] INFO  ha.OMHANodeDetails (OMHANodeDetails.java:getOMNodeDetails(211)) - OM Service ID is not set. Setting it to the default ID: omServiceIdDefault
2019-09-24 22:45:42,479 [main] WARN  server.ServerUtils (ServerUtils.java:getDBPath(222)) - ozone.om.db.dirs is not configured. We recommend adding this setting. Falling back to ozone.metadata.dirs instead.
2019-09-24 22:45:42,479 [main] WARN  server.ServerUtils (ServerUtils.java:getDBPath(222)) - ozone.om.db.dirs is not configured. We recommend adding this setting. Falling back to ozone.metadata.dirs instead.
2019-09-24 22:45:42,490 [main] WARN  server.ServerUtils (ServerUtils.java:getDBPath(222)) - ozone.om.db.dirs is not configured. We recommend adding this setting. Falling back to ozone.metadata.dirs instead.
2019-09-24 22:45:42,491 [main] INFO  db.DBStoreBuilder (DBStoreBuilder.java:addTable(110)) - using custom profile for table: userTable
2019-09-24 22:45:42,491 [main] INFO  db.DBStoreBuilder (DBStoreBuilder.java:processTables(161)) - Using default column profile:DBProfile.DISK for Table:userTable
2019-09-24 22:45:42,491 [main] INFO  db.DBStoreBuilder (DBStoreBuilder.java:addTable(110)) - using custom profile for table: volumeTable
2019-09-24 22:45:42,492 [main] INFO  db.DBStoreBuilder (DBStoreBuilder.java:processTables(161)) - Using default column profile:DBProfile.DISK for Table:volumeTable
2019-09-24 22:45:42,492 [main] INFO  db.DBStoreBuilder (DBStoreBuilder.java:addTable(110)) - using custom profile for table: bucketTable
2019-09-24 22:45:42,492 [main] INFO  db.DBStoreBuilder (DBStoreBuilder.java:processTables(161)) - Using default column profile:DBProfile.DISK for Table:bucketTable
2019-09-24 22:45:42,493 [main] INFO  db.DBStoreBuilder (DBStoreBuilder.java:addTable(110)) - using custom profile for table: keyTable
2019-09-24 22:45:42,493 [main] INFO  db.DBStoreBuilder (DBStoreBuilder.java:processTables(161)) - Using default column profile:DBProfile.DISK for Table:keyTable
2019-09-24 22:45:42,493 [main] INFO  db.DBStoreBuilder (DBStoreBuilder.java:addTable(110)) - using custom profile for table: deletedTable
2019-09-24 22:45:42,493 [main] INFO  db.DBStoreBuilder (DBStoreBuilder.java:processTables(161)) - Using default column profile:DBProfile.DISK for Table:deletedTable
2019-09-24 22:45:42,494 [main] INFO  db.DBStoreBuilder (DBStoreBuilder.java:addTable(110)) - using custom profile for table: openKeyTable
2019-09-24 22:45:42,494 [main] INFO  db.DBStoreBuilder (DBStoreBuilder.java:processTables(161)) - Using default column profile:DBProfile.DISK for Table:openKeyTable
2019-09-24 22:45:42,494 [main] INFO  db.DBStoreBuilder (DBStoreBuilder.java:addTable(110)) - using custom profile for table: s3Table
2019-09-24 22:45:42,495 [main] INFO  db.DBStoreBuilder (DBStoreBuilder.java:processTables(161)) - Using default column profile:DBProfile.DISK for Table:s3Table
2019-09-24 22:45:42,495 [main] INFO  db.DBStoreBuilder (DBStoreBuilder.java:addTable(110)) - using custom profile for table: multipartInfoTable
2019-09-24 22:45:42,495 [main] INFO  db.DBStoreBuilder (DBStoreBuilder.java:processTables(161)) - Using default column profile:DBProfile.DISK for Table:multipartInfoTable
2019-09-24 22:45:42,495 [main] INFO  db.DBStoreBuilder (DBStoreBuilder.java:addTable(110)) - using custom profile for table: dTokenTable
2019-09-24 22:45:42,496 [main] INFO  db.DBStoreBuilder (DBStoreBuilder.java:processTables(161)) - Using default column profile:DBProfile.DISK for Table:dTokenTable
2019-09-24 22:45:42,496 [main] INFO  db.DBStoreBuilder (DBStoreBuilder.java:addTable(110)) - using custom profile for table: s3SecretTable
2019-09-24 22:45:42,496 [main] INFO  db.DBStoreBuilder (DBStoreBuilder.java:processTables(161)) - Using default column profile:DBProfile.DISK for Table:s3SecretTable
2019-09-24 22:45:42,497 [main] INFO  db.DBStoreBuilder (DBStoreBuilder.java:addTable(110)) - using custom profile for table: prefixTable
2019-09-24 22:45:42,497 [main] INFO  db.DBStoreBuilder (DBStoreBuilder.java:processTables(161)) - Using default column profile:DBProfile.DISK for Table:prefixTable
2019-09-24 22:45:42,497 [main] INFO  db.DBStoreBuilder (DBStoreBuilder.java:addTable(110)) - using custom profile for table: default
2019-09-24 22:45:42,497 [main] INFO  db.DBStoreBuilder (DBStoreBuilder.java:processTables(167)) - Using default column profile:DBProfile.DISK for Table:default
2019-09-24 22:45:42,498 [main] INFO  db.DBStoreBuilder (DBStoreBuilder.java:getDbProfile(198)) - Using default options. DBProfile.DISK
2019-09-24 22:45:42,982 [main] INFO  ipc.CallQueueManager (CallQueueManager.java:<init>(84)) - Using callQueue: class java.util.concurrent.LinkedBlockingQueue, queueCapacity: 2000, scheduler: class org.apache.hadoop.ipc.DefaultRpcScheduler, ipcBackoff: false.
2019-09-24 22:45:42,983 [Socket Reader #1 for port 45939] INFO  ipc.Server (Server.java:run(1074)) - Starting Socket Reader #1 for port 45939
2019-09-24 22:45:42,994 [main] INFO  om.OzoneManager (OzoneManager.java:start(1069)) - OzoneManager RPC server is listening at localhost/127.0.0.1:45939
2019-09-24 22:45:42,995 [main] INFO  impl.MetricsSystemImpl (MetricsSystemImpl.java:init(158)) - OzoneManager metrics system started (again)
2019-09-24 22:45:42,995 [IPC Server Responder] INFO  ipc.Server (Server.java:run(1314)) - IPC Server Responder: starting
2019-09-24 22:45:42,995 [IPC Server listener on 45939] INFO  ipc.Server (Server.java:run(1153)) - IPC Server listener on 45939: starting
2019-09-24 22:45:43,000 [main] INFO  hdfs.DFSUtil (DFSUtil.java:httpServerTemplateForNNAndJN(1641)) - Starting Web-server for ozoneManager at: http://0.0.0.0:0
2019-09-24 22:45:43,001 [main] INFO  server.AuthenticationFilter (AuthenticationFilter.java:constructSecretProvider(240)) - Unable to initialize FileSignerSecretProvider, falling back to use random secrets.
2019-09-24 22:45:43,002 [main] WARN  http.HttpRequestLog (HttpRequestLog.java:getRequestLog(97)) - Jetty request log can only be enabled using Log4j
2019-09-24 22:45:43,003 [main] INFO  http.HttpServer2 (HttpServer2.java:addGlobalFilter(975)) - Added global filter 'safety' (class=org.apache.hadoop.http.HttpServer2$QuotingInputFilter)
2019-09-24 22:45:43,004 [main] INFO  http.HttpServer2 (HttpServer2.java:addFilter(948)) - Added filter static_user_filter (class=org.apache.hadoop.http.lib.StaticUserWebFilter$StaticUserFilter) to context ozoneManager
2019-09-24 22:45:43,004 [main] INFO  http.HttpServer2 (HttpServer2.java:addFilter(958)) - Added filter static_user_filter (class=org.apache.hadoop.http.lib.StaticUserWebFilter$StaticUserFilter) to context static
2019-09-24 22:45:43,004 [main] INFO  http.HttpServer2 (HttpServer2.java:addFilter(958)) - Added filter static_user_filter (class=org.apache.hadoop.http.lib.StaticUserWebFilter$StaticUserFilter) to context logs
2019-09-24 22:45:43,004 [main] INFO  http.HttpServer2 (HttpServer2.java:bindListener(1191)) - Jetty bound to port 33948
2019-09-24 22:45:43,005 [main] INFO  server.Server (Server.java:doStart(351)) - jetty-9.3.25.v20180904, build timestamp: 2018-09-04T21:11:46Z, git hash: 3ce520221d0240229c862b122d2b06c12a625732
2019-09-24 22:45:43,006 [main] INFO  handler.ContextHandler (ContextHandler.java:doStart(781)) - Started o.e.j.s.ServletContextHandler@697173d9{/logs,file:///workdir/hadoop-ozone/integration-test/target/log,AVAILABLE}
2019-09-24 22:45:43,007 [main] INFO  handler.ContextHandler (ContextHandler.java:doStart(781)) - Started o.e.j.s.ServletContextHandler@3d90eeb3{/static,file:///workdir/hadoop-ozone/integration-test/target/test-classes/webapps/static,AVAILABLE}
2019-09-24 22:45:43,010 [main] INFO  handler.ContextHandler (ContextHandler.java:doStart(781)) - Started o.e.j.w.WebAppContext@71b639d0{/,file:///workdir/hadoop-ozone/integration-test/target/test-classes/webapps/ozoneManager/,AVAILABLE}{/ozoneManager}
2019-09-24 22:45:43,011 [main] INFO  server.AbstractConnector (AbstractConnector.java:doStart(278)) - Started ServerConnector@18a25bbd{HTTP/1.1,[http/1.1]}{0.0.0.0:33948}
2019-09-24 22:45:43,011 [main] INFO  server.Server (Server.java:doStart(419)) - Started @142961ms
2019-09-24 22:45:43,011 [main] WARN  impl.MetricsSystemImpl (MetricsSystemImpl.java:register(276)) - Sink prometheus already exists!
2019-09-24 22:45:43,012 [main] INFO  server.BaseHttpServer (BaseHttpServer.java:updateConnectorAddress(215)) - HTTP server of OZONEMANAGER is listening at http://0.0.0.0:33948
2019-09-24 22:45:43,027 [main] INFO  impl.MetricsSystemImpl (MetricsSystemImpl.java:init(158)) - HddsDatanode metrics system started (again)
2019-09-24 22:45:43,028 [main] INFO  ozone.HddsDatanodeService (HddsDatanodeService.java:start(184)) - HddsDatanodeService host:pr-hdds-2162-v2v4x-1150571016 ip:192.168.151.66
2019-09-24 22:45:43,033 [main] INFO  volume.HddsVolume (HddsVolume.java:<init>(176)) - Creating Volume: /workdir/hadoop-ozone/integration-test/target/test-dir/MiniOzoneClusterImpl-c301a8ba-4931-4f65-a02e-7799d4a6f55f/datanode-0/data/containers/hdds of  storage type : DISK and capacity : 1482555576320
2019-09-24 22:45:43,033 [main] INFO  volume.VolumeSet (VolumeSet.java:initializeVolumeSet(170)) - Added Volume : /workdir/hadoop-ozone/integration-test/target/test-dir/MiniOzoneClusterImpl-c301a8ba-4931-4f65-a02e-7799d4a6f55f/datanode-0/data/containers/hdds to VolumeSet
2019-09-24 22:45:43,033 [main] INFO  volume.ThrottledAsyncChecker (ThrottledAsyncChecker.java:schedule(139)) - Scheduling a check for org.apache.hadoop.ozone.container.common.volume.HddsVolume@19e0dffe
2019-09-24 22:45:43,034 [main] INFO  volume.HddsVolumeChecker (HddsVolumeChecker.java:checkAllVolumes(202)) - Scheduled health check for volume org.apache.hadoop.ozone.container.common.volume.HddsVolume@19e0dffe
2019-09-24 22:45:43,046 [main] INFO  impl.RaftServerProxy (ConfUtils.java:logGet(43)) - raft.rpc.type = GRPC (default)
2019-09-24 22:45:43,046 [main] INFO  grpc.GrpcFactory (GrpcFactory.java:checkPooledByteBufAllocatorUseCacheForAllThreads(45)) - PERFORMANCE WARNING: useCacheForAllThreads is true that may cause Netty to create a lot garbage objects and, as a result, trigger GC.
	It is recommended to disable useCacheForAllThreads by setting -Dorg.apache.ratis.thirdparty.io.netty.allocator.useCacheForAllThreads=false in command line.
2019-09-24 22:45:43,046 [main] INFO  grpc.GrpcConfigKeys$Server (ConfUtils.java:logGet(43)) - raft.grpc.server.port = 0 (default)
2019-09-24 22:45:43,046 [main] INFO  server.GrpcService (ConfUtils.java:logGet(43)) - raft.grpc.message.size.max = 33570816 (custom)
2019-09-24 22:45:43,046 [main] INFO  server.RaftServerConfigKeys (ConfUtils.java:logGet(43)) - raft.server.log.appender.buffer.byte-limit = 33554432 (custom)
2019-09-24 22:45:43,047 [main] INFO  server.GrpcService (ConfUtils.java:logGet(43)) - raft.grpc.flow.control.window = 1MB (=1048576) (default)
2019-09-24 22:45:43,047 [main] INFO  server.RaftServerConfigKeys (ConfUtils.java:logGet(43)) - raft.server.rpc.request.timeout = 3000ms (default)
2019-09-24 22:45:43,047 [main] INFO  server.RaftServerConfigKeys (ConfUtils.java:logGet(43)) - raft.server.storage.dir = [/workdir/hadoop-ozone/integration-test/target/test-dir/MiniOzoneClusterImpl-c301a8ba-4931-4f65-a02e-7799d4a6f55f/datanode-0/data/ratis] (custom)
2019-09-24 22:45:43,049 [main] INFO  hdfs.DFSUtil (DFSUtil.java:httpServerTemplateForNNAndJN(1641)) - Starting Web-server for hddsDatanode at: http://0.0.0.0:0
2019-09-24 22:45:43,050 [main] INFO  server.AuthenticationFilter (AuthenticationFilter.java:constructSecretProvider(240)) - Unable to initialize FileSignerSecretProvider, falling back to use random secrets.
2019-09-24 22:45:43,050 [main] WARN  http.HttpRequestLog (HttpRequestLog.java:getRequestLog(97)) - Jetty request log can only be enabled using Log4j
2019-09-24 22:45:43,052 [main] INFO  http.HttpServer2 (HttpServer2.java:addGlobalFilter(975)) - Added global filter 'safety' (class=org.apache.hadoop.http.HttpServer2$QuotingInputFilter)
2019-09-24 22:45:43,052 [main] INFO  http.HttpServer2 (HttpServer2.java:addFilter(948)) - Added filter static_user_filter (class=org.apache.hadoop.http.lib.StaticUserWebFilter$StaticUserFilter) to context hddsDatanode
2019-09-24 22:45:43,052 [main] INFO  http.HttpServer2 (HttpServer2.java:addFilter(958)) - Added filter static_user_filter (class=org.apache.hadoop.http.lib.StaticUserWebFilter$StaticUserFilter) to context logs
2019-09-24 22:45:43,052 [main] INFO  http.HttpServer2 (HttpServer2.java:addFilter(958)) - Added filter static_user_filter (class=org.apache.hadoop.http.lib.StaticUserWebFilter$StaticUserFilter) to context static
2019-09-24 22:45:43,053 [main] INFO  http.HttpServer2 (HttpServer2.java:bindListener(1191)) - Jetty bound to port 44391
2019-09-24 22:45:43,053 [main] INFO  server.Server (Server.java:doStart(351)) - jetty-9.3.25.v20180904, build timestamp: 2018-09-04T21:11:46Z, git hash: 3ce520221d0240229c862b122d2b06c12a625732
2019-09-24 22:45:43,055 [main] INFO  handler.ContextHandler (ContextHandler.java:doStart(781)) - Started o.e.j.s.ServletContextHandler@7fc420b8{/logs,file:///workdir/hadoop-ozone/integration-test/target/log,AVAILABLE}
2019-09-24 22:45:43,055 [main] INFO  handler.ContextHandler (ContextHandler.java:doStart(781)) - Started o.e.j.s.ServletContextHandler@e38f0b7{/static,jar:file:/home/user/.m2/repository/org/apache/hadoop/hadoop-hdds-container-service/0.5.0-SNAPSHOT/hadoop-hdds-container-service-0.5.0-SNAPSHOT.jar!/webapps/static,AVAILABLE}
2019-09-24 22:45:43,082 [main] INFO  handler.ContextHandler (ContextHandler.java:doStart(781)) - Started o.e.j.w.WebAppContext@7377781e{/,file:///tmp/jetty-0.0.0.0-44391-hddsDatanode-_-any-2949233779699024709.dir/webapp/,AVAILABLE}{/hddsDatanode}
2019-09-24 22:45:43,083 [main] INFO  server.AbstractConnector (AbstractConnector.java:doStart(278)) - Started ServerConnector@31db34da{HTTP/1.1,[http/1.1]}{0.0.0.0:44391}
2019-09-24 22:45:43,084 [main] INFO  server.Server (Server.java:doStart(419)) - Started @143034ms
2019-09-24 22:45:43,084 [main] WARN  impl.MetricsSystemImpl (MetricsSystemImpl.java:register(276)) - Sink prometheus already exists!
2019-09-24 22:45:43,084 [main] INFO  server.BaseHttpServer (BaseHttpServer.java:updateConnectorAddress(215)) - HTTP server of HDDSDATANODE is listening at http://0.0.0.0:44391
2019-09-24 22:45:43,085 [main] INFO  impl.MetricsSystemImpl (MetricsSystemImpl.java:init(158)) - HddsDatanode metrics system started (again)
2019-09-24 22:45:43,088 [main] INFO  ozone.HddsDatanodeService (HddsDatanodeService.java:start(184)) - HddsDatanodeService host:pr-hdds-2162-v2v4x-1150571016 ip:192.168.151.66
2019-09-24 22:45:43,088 [org.apache.hadoop.util.JvmPauseMonitor$Monitor@4ef171af] INFO  util.JvmPauseMonitor (JvmPauseMonitor.java:run(188)) - Starting JVM pause monitor
2019-09-24 22:45:43,090 [Datanode State Machine Thread - 0] INFO  datanode.InitDatanodeState (InitDatanodeState.java:persistContainerDatanodeDetails(140)) - DatanodeDetails is persisted to /workdir/hadoop-ozone/integration-test/target/test-dir/MiniOzoneClusterImpl-c301a8ba-4931-4f65-a02e-7799d4a6f55f/datanode-0/meta/datanode.id
2019-09-24 22:45:43,092 [main] INFO  volume.HddsVolume (HddsVolume.java:<init>(176)) - Creating Volume: /workdir/hadoop-ozone/integration-test/target/test-dir/MiniOzoneClusterImpl-c301a8ba-4931-4f65-a02e-7799d4a6f55f/datanode-1/data/containers/hdds of  storage type : DISK and capacity : 1482555576320
2019-09-24 22:45:43,093 [main] INFO  volume.VolumeSet (VolumeSet.java:initializeVolumeSet(170)) - Added Volume : /workdir/hadoop-ozone/integration-test/target/test-dir/MiniOzoneClusterImpl-c301a8ba-4931-4f65-a02e-7799d4a6f55f/datanode-1/data/containers/hdds to VolumeSet
2019-09-24 22:45:43,093 [main] INFO  volume.ThrottledAsyncChecker (ThrottledAsyncChecker.java:schedule(139)) - Scheduling a check for org.apache.hadoop.ozone.container.common.volume.HddsVolume@724aefc3
2019-09-24 22:45:43,093 [main] INFO  volume.HddsVolumeChecker (HddsVolumeChecker.java:checkAllVolumes(202)) - Scheduled health check for volume org.apache.hadoop.ozone.container.common.volume.HddsVolume@724aefc3
2019-09-24 22:45:43,105 [main] INFO  impl.RaftServerProxy (ConfUtils.java:logGet(43)) - raft.rpc.type = GRPC (default)
2019-09-24 22:45:43,106 [main] INFO  grpc.GrpcFactory (GrpcFactory.java:checkPooledByteBufAllocatorUseCacheForAllThreads(45)) - PERFORMANCE WARNING: useCacheForAllThreads is true that may cause Netty to create a lot garbage objects and, as a result, trigger GC.
	It is recommended to disable useCacheForAllThreads by setting -Dorg.apache.ratis.thirdparty.io.netty.allocator.useCacheForAllThreads=false in command line.
2019-09-24 22:45:43,106 [main] INFO  grpc.GrpcConfigKeys$Server (ConfUtils.java:logGet(43)) - raft.grpc.server.port = 0 (default)
2019-09-24 22:45:43,106 [main] INFO  server.GrpcService (ConfUtils.java:logGet(43)) - raft.grpc.message.size.max = 33570816 (custom)
2019-09-24 22:45:43,106 [main] INFO  server.RaftServerConfigKeys (ConfUtils.java:logGet(43)) - raft.server.log.appender.buffer.byte-limit = 33554432 (custom)
2019-09-24 22:45:43,106 [main] INFO  server.GrpcService (ConfUtils.java:logGet(43)) - raft.grpc.flow.control.window = 1MB (=1048576) (default)
2019-09-24 22:45:43,107 [main] INFO  server.RaftServerConfigKeys (ConfUtils.java:logGet(43)) - raft.server.rpc.request.timeout = 3000ms (default)
2019-09-24 22:45:43,107 [main] INFO  server.RaftServerConfigKeys (ConfUtils.java:logGet(43)) - raft.server.storage.dir = [/workdir/hadoop-ozone/integration-test/target/test-dir/MiniOzoneClusterImpl-c301a8ba-4931-4f65-a02e-7799d4a6f55f/datanode-1/data/ratis] (custom)
2019-09-24 22:45:43,108 [main] INFO  hdfs.DFSUtil (DFSUtil.java:httpServerTemplateForNNAndJN(1641)) - Starting Web-server for hddsDatanode at: http://0.0.0.0:0
2019-09-24 22:45:43,109 [main] INFO  server.AuthenticationFilter (AuthenticationFilter.java:constructSecretProvider(240)) - Unable to initialize FileSignerSecretProvider, falling back to use random secrets.
2019-09-24 22:45:43,110 [main] WARN  http.HttpRequestLog (HttpRequestLog.java:getRequestLog(97)) - Jetty request log can only be enabled using Log4j
2019-09-24 22:45:43,111 [main] INFO  http.HttpServer2 (HttpServer2.java:addGlobalFilter(975)) - Added global filter 'safety' (class=org.apache.hadoop.http.HttpServer2$QuotingInputFilter)
2019-09-24 22:45:43,111 [main] INFO  http.HttpServer2 (HttpServer2.java:addFilter(948)) - Added filter static_user_filter (class=org.apache.hadoop.http.lib.StaticUserWebFilter$StaticUserFilter) to context hddsDatanode
2019-09-24 22:45:43,111 [main] INFO  http.HttpServer2 (HttpServer2.java:addFilter(958)) - Added filter static_user_filter (class=org.apache.hadoop.http.lib.StaticUserWebFilter$StaticUserFilter) to context static
2019-09-24 22:45:43,112 [main] INFO  http.HttpServer2 (HttpServer2.java:addFilter(958)) - Added filter static_user_filter (class=org.apache.hadoop.http.lib.StaticUserWebFilter$StaticUserFilter) to context logs
2019-09-24 22:45:43,112 [main] INFO  http.HttpServer2 (HttpServer2.java:bindListener(1191)) - Jetty bound to port 44844
2019-09-24 22:45:43,112 [main] INFO  server.Server (Server.java:doStart(351)) - jetty-9.3.25.v20180904, build timestamp: 2018-09-04T21:11:46Z, git hash: 3ce520221d0240229c862b122d2b06c12a625732
2019-09-24 22:45:43,114 [main] INFO  handler.ContextHandler (ContextHandler.java:doStart(781)) - Started o.e.j.s.ServletContextHandler@1084f78c{/logs,file:///workdir/hadoop-ozone/integration-test/target/log,AVAILABLE}
2019-09-24 22:45:43,114 [main] INFO  handler.ContextHandler (ContextHandler.java:doStart(781)) - Started o.e.j.s.ServletContextHandler@4aa11206{/static,jar:file:/home/user/.m2/repository/org/apache/hadoop/hadoop-hdds-container-service/0.5.0-SNAPSHOT/hadoop-hdds-container-service-0.5.0-SNAPSHOT.jar!/webapps/static,AVAILABLE}
2019-09-24 22:45:43,141 [main] INFO  handler.ContextHandler (ContextHandler.java:doStart(781)) - Started o.e.j.w.WebAppContext@2525a5b8{/,file:///tmp/jetty-0.0.0.0-44844-hddsDatanode-_-any-8348530831504498573.dir/webapp/,AVAILABLE}{/hddsDatanode}
2019-09-24 22:45:43,142 [main] INFO  server.AbstractConnector (AbstractConnector.java:doStart(278)) - Started ServerConnector@3458eca5{HTTP/1.1,[http/1.1]}{0.0.0.0:44844}
2019-09-24 22:45:43,143 [main] INFO  server.Server (Server.java:doStart(419)) - Started @143093ms
2019-09-24 22:45:43,143 [main] WARN  impl.MetricsSystemImpl (MetricsSystemImpl.java:register(276)) - Sink prometheus already exists!
2019-09-24 22:45:43,144 [main] INFO  server.BaseHttpServer (BaseHttpServer.java:updateConnectorAddress(215)) - HTTP server of HDDSDATANODE is listening at http://0.0.0.0:44844
2019-09-24 22:45:43,144 [main] INFO  impl.MetricsSystemImpl (MetricsSystemImpl.java:init(158)) - HddsDatanode metrics system started (again)
2019-09-24 22:45:43,147 [main] INFO  ozone.HddsDatanodeService (HddsDatanodeService.java:start(184)) - HddsDatanodeService host:pr-hdds-2162-v2v4x-1150571016 ip:192.168.151.66
2019-09-24 22:45:43,147 [org.apache.hadoop.util.JvmPauseMonitor$Monitor@14161b6] INFO  util.JvmPauseMonitor (JvmPauseMonitor.java:run(188)) - Starting JVM pause monitor
2019-09-24 22:45:43,152 [Datanode State Machine Thread - 0] INFO  datanode.InitDatanodeState (InitDatanodeState.java:persistContainerDatanodeDetails(140)) - DatanodeDetails is persisted to /workdir/hadoop-ozone/integration-test/target/test-dir/MiniOzoneClusterImpl-c301a8ba-4931-4f65-a02e-7799d4a6f55f/datanode-1/meta/datanode.id
2019-09-24 22:45:43,152 [main] INFO  volume.HddsVolume (HddsVolume.java:<init>(176)) - Creating Volume: /workdir/hadoop-ozone/integration-test/target/test-dir/MiniOzoneClusterImpl-c301a8ba-4931-4f65-a02e-7799d4a6f55f/datanode-2/data/containers/hdds of  storage type : DISK and capacity : 1482555576320
2019-09-24 22:45:43,152 [main] INFO  volume.VolumeSet (VolumeSet.java:initializeVolumeSet(170)) - Added Volume : /workdir/hadoop-ozone/integration-test/target/test-dir/MiniOzoneClusterImpl-c301a8ba-4931-4f65-a02e-7799d4a6f55f/datanode-2/data/containers/hdds to VolumeSet
2019-09-24 22:45:43,152 [main] INFO  volume.ThrottledAsyncChecker (ThrottledAsyncChecker.java:schedule(139)) - Scheduling a check for org.apache.hadoop.ozone.container.common.volume.HddsVolume@5d342959
2019-09-24 22:45:43,153 [main] INFO  volume.HddsVolumeChecker (HddsVolumeChecker.java:checkAllVolumes(202)) - Scheduled health check for volume org.apache.hadoop.ozone.container.common.volume.HddsVolume@5d342959
2019-09-24 22:45:43,167 [main] INFO  impl.RaftServerProxy (ConfUtils.java:logGet(43)) - raft.rpc.type = GRPC (default)
2019-09-24 22:45:43,168 [main] INFO  grpc.GrpcFactory (GrpcFactory.java:checkPooledByteBufAllocatorUseCacheForAllThreads(45)) - PERFORMANCE WARNING: useCacheForAllThreads is true that may cause Netty to create a lot garbage objects and, as a result, trigger GC.
	It is recommended to disable useCacheForAllThreads by setting -Dorg.apache.ratis.thirdparty.io.netty.allocator.useCacheForAllThreads=false in command line.
2019-09-24 22:45:43,168 [main] INFO  grpc.GrpcConfigKeys$Server (ConfUtils.java:logGet(43)) - raft.grpc.server.port = 0 (default)
2019-09-24 22:45:43,168 [main] INFO  server.GrpcService (ConfUtils.java:logGet(43)) - raft.grpc.message.size.max = 33570816 (custom)
2019-09-24 22:45:43,168 [main] INFO  server.RaftServerConfigKeys (ConfUtils.java:logGet(43)) - raft.server.log.appender.buffer.byte-limit = 33554432 (custom)
2019-09-24 22:45:43,168 [main] INFO  server.GrpcService (ConfUtils.java:logGet(43)) - raft.grpc.flow.control.window = 1MB (=1048576) (default)
2019-09-24 22:45:43,168 [main] INFO  server.RaftServerConfigKeys (ConfUtils.java:logGet(43)) - raft.server.rpc.request.timeout = 3000ms (default)
2019-09-24 22:45:43,169 [main] INFO  server.RaftServerConfigKeys (ConfUtils.java:logGet(43)) - raft.server.storage.dir = [/workdir/hadoop-ozone/integration-test/target/test-dir/MiniOzoneClusterImpl-c301a8ba-4931-4f65-a02e-7799d4a6f55f/datanode-2/data/ratis] (custom)
2019-09-24 22:45:43,170 [main] INFO  hdfs.DFSUtil (DFSUtil.java:httpServerTemplateForNNAndJN(1641)) - Starting Web-server for hddsDatanode at: http://0.0.0.0:0
2019-09-24 22:45:43,171 [main] INFO  server.AuthenticationFilter (AuthenticationFilter.java:constructSecretProvider(240)) - Unable to initialize FileSignerSecretProvider, falling back to use random secrets.
2019-09-24 22:45:43,172 [main] WARN  http.HttpRequestLog (HttpRequestLog.java:getRequestLog(97)) - Jetty request log can only be enabled using Log4j
2019-09-24 22:45:43,173 [main] INFO  http.HttpServer2 (HttpServer2.java:addGlobalFilter(975)) - Added global filter 'safety' (class=org.apache.hadoop.http.HttpServer2$QuotingInputFilter)
2019-09-24 22:45:43,175 [main] INFO  http.HttpServer2 (HttpServer2.java:addFilter(948)) - Added filter static_user_filter (class=org.apache.hadoop.http.lib.StaticUserWebFilter$StaticUserFilter) to context hddsDatanode
2019-09-24 22:45:43,175 [main] INFO  http.HttpServer2 (HttpServer2.java:addFilter(958)) - Added filter static_user_filter (class=org.apache.hadoop.http.lib.StaticUserWebFilter$StaticUserFilter) to context static
2019-09-24 22:45:43,175 [main] INFO  http.HttpServer2 (HttpServer2.java:addFilter(958)) - Added filter static_user_filter (class=org.apache.hadoop.http.lib.StaticUserWebFilter$StaticUserFilter) to context logs
2019-09-24 22:45:43,176 [main] INFO  http.HttpServer2 (HttpServer2.java:bindListener(1191)) - Jetty bound to port 45345
2019-09-24 22:45:43,176 [main] INFO  server.Server (Server.java:doStart(351)) - jetty-9.3.25.v20180904, build timestamp: 2018-09-04T21:11:46Z, git hash: 3ce520221d0240229c862b122d2b06c12a625732
2019-09-24 22:45:43,178 [main] INFO  handler.ContextHandler (ContextHandler.java:doStart(781)) - Started o.e.j.s.ServletContextHandler@590f0c50{/logs,file:///workdir/hadoop-ozone/integration-test/target/log,AVAILABLE}
2019-09-24 22:45:43,178 [main] INFO  handler.ContextHandler (ContextHandler.java:doStart(781)) - Started o.e.j.s.ServletContextHandler@3a90c13c{/static,jar:file:/home/user/.m2/repository/org/apache/hadoop/hadoop-hdds-container-service/0.5.0-SNAPSHOT/hadoop-hdds-container-service-0.5.0-SNAPSHOT.jar!/webapps/static,AVAILABLE}
2019-09-24 22:45:43,212 [main] INFO  handler.ContextHandler (ContextHandler.java:doStart(781)) - Started o.e.j.w.WebAppContext@7eb200ce{/,file:///tmp/jetty-0.0.0.0-45345-hddsDatanode-_-any-1494589572800530306.dir/webapp/,AVAILABLE}{/hddsDatanode}
2019-09-24 22:45:43,213 [main] INFO  server.AbstractConnector (AbstractConnector.java:doStart(278)) - Started ServerConnector@2ee83775{HTTP/1.1,[http/1.1]}{0.0.0.0:45345}
2019-09-24 22:45:43,214 [main] INFO  server.Server (Server.java:doStart(419)) - Started @143164ms
2019-09-24 22:45:43,214 [main] WARN  impl.MetricsSystemImpl (MetricsSystemImpl.java:register(276)) - Sink prometheus already exists!
2019-09-24 22:45:43,215 [main] INFO  server.BaseHttpServer (BaseHttpServer.java:updateConnectorAddress(215)) - HTTP server of HDDSDATANODE is listening at http://0.0.0.0:45345
2019-09-24 22:45:43,215 [main] INFO  impl.MetricsSystemImpl (MetricsSystemImpl.java:init(158)) - HddsDatanode metrics system started (again)
2019-09-24 22:45:43,218 [org.apache.hadoop.util.JvmPauseMonitor$Monitor@44484e79] INFO  util.JvmPauseMonitor (JvmPauseMonitor.java:run(188)) - Starting JVM pause monitor
2019-09-24 22:45:43,219 [main] INFO  ozone.HddsDatanodeService (HddsDatanodeService.java:start(184)) - HddsDatanodeService host:pr-hdds-2162-v2v4x-1150571016 ip:192.168.151.66
2019-09-24 22:45:43,221 [Datanode State Machine Thread - 0] INFO  datanode.InitDatanodeState (InitDatanodeState.java:persistContainerDatanodeDetails(140)) - DatanodeDetails is persisted to /workdir/hadoop-ozone/integration-test/target/test-dir/MiniOzoneClusterImpl-c301a8ba-4931-4f65-a02e-7799d4a6f55f/datanode-2/meta/datanode.id
2019-09-24 22:45:43,224 [main] INFO  volume.HddsVolume (HddsVolume.java:<init>(176)) - Creating Volume: /workdir/hadoop-ozone/integration-test/target/test-dir/MiniOzoneClusterImpl-c301a8ba-4931-4f65-a02e-7799d4a6f55f/datanode-3/data/containers/hdds of  storage type : DISK and capacity : 1482555576320
2019-09-24 22:45:43,224 [main] INFO  volume.VolumeSet (VolumeSet.java:initializeVolumeSet(170)) - Added Volume : /workdir/hadoop-ozone/integration-test/target/test-dir/MiniOzoneClusterImpl-c301a8ba-4931-4f65-a02e-7799d4a6f55f/datanode-3/data/containers/hdds to VolumeSet
2019-09-24 22:45:43,225 [main] INFO  volume.ThrottledAsyncChecker (ThrottledAsyncChecker.java:schedule(139)) - Scheduling a check for org.apache.hadoop.ozone.container.common.volume.HddsVolume@67774e29
2019-09-24 22:45:43,225 [main] INFO  volume.HddsVolumeChecker (HddsVolumeChecker.java:checkAllVolumes(202)) - Scheduled health check for volume org.apache.hadoop.ozone.container.common.volume.HddsVolume@67774e29
2019-09-24 22:45:43,242 [main] INFO  impl.RaftServerProxy (ConfUtils.java:logGet(43)) - raft.rpc.type = GRPC (default)
2019-09-24 22:45:43,243 [main] INFO  grpc.GrpcFactory (GrpcFactory.java:checkPooledByteBufAllocatorUseCacheForAllThreads(45)) - PERFORMANCE WARNING: useCacheForAllThreads is true that may cause Netty to create a lot garbage objects and, as a result, trigger GC.
	It is recommended to disable useCacheForAllThreads by setting -Dorg.apache.ratis.thirdparty.io.netty.allocator.useCacheForAllThreads=false in command line.
2019-09-24 22:45:43,243 [main] INFO  grpc.GrpcConfigKeys$Server (ConfUtils.java:logGet(43)) - raft.grpc.server.port = 0 (default)
2019-09-24 22:45:43,243 [main] INFO  server.GrpcService (ConfUtils.java:logGet(43)) - raft.grpc.message.size.max = 33570816 (custom)
2019-09-24 22:45:43,244 [main] INFO  server.RaftServerConfigKeys (ConfUtils.java:logGet(43)) - raft.server.log.appender.buffer.byte-limit = 33554432 (custom)
2019-09-24 22:45:43,244 [main] INFO  server.GrpcService (ConfUtils.java:logGet(43)) - raft.grpc.flow.control.window = 1MB (=1048576) (default)
2019-09-24 22:45:43,244 [main] INFO  server.RaftServerConfigKeys (ConfUtils.java:logGet(43)) - raft.server.rpc.request.timeout = 3000ms (default)
2019-09-24 22:45:43,245 [main] INFO  server.RaftServerConfigKeys (ConfUtils.java:logGet(43)) - raft.server.storage.dir = [/workdir/hadoop-ozone/integration-test/target/test-dir/MiniOzoneClusterImpl-c301a8ba-4931-4f65-a02e-7799d4a6f55f/datanode-3/data/ratis] (custom)
2019-09-24 22:45:43,246 [main] INFO  hdfs.DFSUtil (DFSUtil.java:httpServerTemplateForNNAndJN(1641)) - Starting Web-server for hddsDatanode at: http://0.0.0.0:0
2019-09-24 22:45:43,248 [main] INFO  server.AuthenticationFilter (AuthenticationFilter.java:constructSecretProvider(240)) - Unable to initialize FileSignerSecretProvider, falling back to use random secrets.
2019-09-24 22:45:43,248 [main] WARN  http.HttpRequestLog (HttpRequestLog.java:getRequestLog(97)) - Jetty request log can only be enabled using Log4j
2019-09-24 22:45:43,250 [main] INFO  http.HttpServer2 (HttpServer2.java:addGlobalFilter(975)) - Added global filter 'safety' (class=org.apache.hadoop.http.HttpServer2$QuotingInputFilter)
2019-09-24 22:45:43,250 [main] INFO  http.HttpServer2 (HttpServer2.java:addFilter(948)) - Added filter static_user_filter (class=org.apache.hadoop.http.lib.StaticUserWebFilter$StaticUserFilter) to context hddsDatanode
2019-09-24 22:45:43,251 [main] INFO  http.HttpServer2 (HttpServer2.java:addFilter(958)) - Added filter static_user_filter (class=org.apache.hadoop.http.lib.StaticUserWebFilter$StaticUserFilter) to context static
2019-09-24 22:45:43,251 [main] INFO  http.HttpServer2 (HttpServer2.java:addFilter(958)) - Added filter static_user_filter (class=org.apache.hadoop.http.lib.StaticUserWebFilter$StaticUserFilter) to context logs
2019-09-24 22:45:43,252 [main] INFO  http.HttpServer2 (HttpServer2.java:bindListener(1191)) - Jetty bound to port 43361
2019-09-24 22:45:43,252 [main] INFO  server.Server (Server.java:doStart(351)) - jetty-9.3.25.v20180904, build timestamp: 2018-09-04T21:11:46Z, git hash: 3ce520221d0240229c862b122d2b06c12a625732
2019-09-24 22:45:43,254 [main] INFO  handler.ContextHandler (ContextHandler.java:doStart(781)) - Started o.e.j.s.ServletContextHandler@5eea5627{/logs,file:///workdir/hadoop-ozone/integration-test/target/log,AVAILABLE}
2019-09-24 22:45:43,254 [main] INFO  handler.ContextHandler (ContextHandler.java:doStart(781)) - Started o.e.j.s.ServletContextHandler@f425231{/static,jar:file:/home/user/.m2/repository/org/apache/hadoop/hadoop-hdds-container-service/0.5.0-SNAPSHOT/hadoop-hdds-container-service-0.5.0-SNAPSHOT.jar!/webapps/static,AVAILABLE}
2019-09-24 22:45:43,290 [main] INFO  handler.ContextHandler (ContextHandler.java:doStart(781)) - Started o.e.j.w.WebAppContext@939ff41{/,file:///tmp/jetty-0.0.0.0-43361-hddsDatanode-_-any-5930686560371679862.dir/webapp/,AVAILABLE}{/hddsDatanode}
2019-09-24 22:45:43,290 [main] INFO  server.AbstractConnector (AbstractConnector.java:doStart(278)) - Started ServerConnector@6e0e5dec{HTTP/1.1,[http/1.1]}{0.0.0.0:43361}
2019-09-24 22:45:43,292 [main] INFO  server.Server (Server.java:doStart(419)) - Started @143242ms
2019-09-24 22:45:43,292 [main] WARN  impl.MetricsSystemImpl (MetricsSystemImpl.java:register(276)) - Sink prometheus already exists!
2019-09-24 22:45:43,293 [main] INFO  server.BaseHttpServer (BaseHttpServer.java:updateConnectorAddress(215)) - HTTP server of HDDSDATANODE is listening at http://0.0.0.0:43361
2019-09-24 22:45:43,293 [main] INFO  impl.MetricsSystemImpl (MetricsSystemImpl.java:init(158)) - HddsDatanode metrics system started (again)
2019-09-24 22:45:43,297 [org.apache.hadoop.util.JvmPauseMonitor$Monitor@7880bf79] INFO  util.JvmPauseMonitor (JvmPauseMonitor.java:run(188)) - Starting JVM pause monitor
2019-09-24 22:45:43,297 [main] INFO  ozone.HddsDatanodeService (HddsDatanodeService.java:start(184)) - HddsDatanodeService host:pr-hdds-2162-v2v4x-1150571016 ip:192.168.151.66
2019-09-24 22:45:43,299 [Datanode State Machine Thread - 0] INFO  datanode.InitDatanodeState (InitDatanodeState.java:persistContainerDatanodeDetails(140)) - DatanodeDetails is persisted to /workdir/hadoop-ozone/integration-test/target/test-dir/MiniOzoneClusterImpl-c301a8ba-4931-4f65-a02e-7799d4a6f55f/datanode-3/meta/datanode.id
2019-09-24 22:45:43,302 [main] INFO  volume.HddsVolume (HddsVolume.java:<init>(176)) - Creating Volume: /workdir/hadoop-ozone/integration-test/target/test-dir/MiniOzoneClusterImpl-c301a8ba-4931-4f65-a02e-7799d4a6f55f/datanode-4/data/containers/hdds of  storage type : DISK and capacity : 1482555576320
2019-09-24 22:45:43,303 [main] INFO  volume.VolumeSet (VolumeSet.java:initializeVolumeSet(170)) - Added Volume : /workdir/hadoop-ozone/integration-test/target/test-dir/MiniOzoneClusterImpl-c301a8ba-4931-4f65-a02e-7799d4a6f55f/datanode-4/data/containers/hdds to VolumeSet
2019-09-24 22:45:43,303 [main] INFO  volume.ThrottledAsyncChecker (ThrottledAsyncChecker.java:schedule(139)) - Scheduling a check for org.apache.hadoop.ozone.container.common.volume.HddsVolume@3f598450
2019-09-24 22:45:43,303 [main] INFO  volume.HddsVolumeChecker (HddsVolumeChecker.java:checkAllVolumes(202)) - Scheduled health check for volume org.apache.hadoop.ozone.container.common.volume.HddsVolume@3f598450
2019-09-24 22:45:43,325 [main] INFO  impl.RaftServerProxy (ConfUtils.java:logGet(43)) - raft.rpc.type = GRPC (default)
2019-09-24 22:45:43,326 [main] INFO  grpc.GrpcFactory (GrpcFactory.java:checkPooledByteBufAllocatorUseCacheForAllThreads(45)) - PERFORMANCE WARNING: useCacheForAllThreads is true that may cause Netty to create a lot garbage objects and, as a result, trigger GC.
	It is recommended to disable useCacheForAllThreads by setting -Dorg.apache.ratis.thirdparty.io.netty.allocator.useCacheForAllThreads=false in command line.
2019-09-24 22:45:43,326 [main] INFO  grpc.GrpcConfigKeys$Server (ConfUtils.java:logGet(43)) - raft.grpc.server.port = 0 (default)
2019-09-24 22:45:43,326 [main] INFO  server.GrpcService (ConfUtils.java:logGet(43)) - raft.grpc.message.size.max = 33570816 (custom)
2019-09-24 22:45:43,327 [main] INFO  server.RaftServerConfigKeys (ConfUtils.java:logGet(43)) - raft.server.log.appender.buffer.byte-limit = 33554432 (custom)
2019-09-24 22:45:43,327 [main] INFO  server.GrpcService (ConfUtils.java:logGet(43)) - raft.grpc.flow.control.window = 1MB (=1048576) (default)
2019-09-24 22:45:43,327 [main] INFO  server.RaftServerConfigKeys (ConfUtils.java:logGet(43)) - raft.server.rpc.request.timeout = 3000ms (default)
2019-09-24 22:45:43,328 [main] INFO  server.RaftServerConfigKeys (ConfUtils.java:logGet(43)) - raft.server.storage.dir = [/workdir/hadoop-ozone/integration-test/target/test-dir/MiniOzoneClusterImpl-c301a8ba-4931-4f65-a02e-7799d4a6f55f/datanode-4/data/ratis] (custom)
2019-09-24 22:45:43,330 [main] INFO  hdfs.DFSUtil (DFSUtil.java:httpServerTemplateForNNAndJN(1641)) - Starting Web-server for hddsDatanode at: http://0.0.0.0:0
2019-09-24 22:45:43,331 [main] INFO  server.AuthenticationFilter (AuthenticationFilter.java:constructSecretProvider(240)) - Unable to initialize FileSignerSecretProvider, falling back to use random secrets.
2019-09-24 22:45:43,331 [main] WARN  http.HttpRequestLog (HttpRequestLog.java:getRequestLog(97)) - Jetty request log can only be enabled using Log4j
2019-09-24 22:45:43,333 [main] INFO  http.HttpServer2 (HttpServer2.java:addGlobalFilter(975)) - Added global filter 'safety' (class=org.apache.hadoop.http.HttpServer2$QuotingInputFilter)
2019-09-24 22:45:43,333 [main] INFO  http.HttpServer2 (HttpServer2.java:addFilter(948)) - Added filter static_user_filter (class=org.apache.hadoop.http.lib.StaticUserWebFilter$StaticUserFilter) to context hddsDatanode
2019-09-24 22:45:43,333 [main] INFO  http.HttpServer2 (HttpServer2.java:addFilter(958)) - Added filter static_user_filter (class=org.apache.hadoop.http.lib.StaticUserWebFilter$StaticUserFilter) to context static
2019-09-24 22:45:43,334 [main] INFO  http.HttpServer2 (HttpServer2.java:addFilter(958)) - Added filter static_user_filter (class=org.apache.hadoop.http.lib.StaticUserWebFilter$StaticUserFilter) to context logs
2019-09-24 22:45:43,334 [main] INFO  http.HttpServer2 (HttpServer2.java:bindListener(1191)) - Jetty bound to port 36098
2019-09-24 22:45:43,335 [main] INFO  server.Server (Server.java:doStart(351)) - jetty-9.3.25.v20180904, build timestamp: 2018-09-04T21:11:46Z, git hash: 3ce520221d0240229c862b122d2b06c12a625732
2019-09-24 22:45:43,336 [main] INFO  handler.ContextHandler (ContextHandler.java:doStart(781)) - Started o.e.j.s.ServletContextHandler@2cd4e16a{/logs,file:///workdir/hadoop-ozone/integration-test/target/log,AVAILABLE}
2019-09-24 22:45:43,337 [main] INFO  handler.ContextHandler (ContextHandler.java:doStart(781)) - Started o.e.j.s.ServletContextHandler@7b477141{/static,jar:file:/home/user/.m2/repository/org/apache/hadoop/hadoop-hdds-container-service/0.5.0-SNAPSHOT/hadoop-hdds-container-service-0.5.0-SNAPSHOT.jar!/webapps/static,AVAILABLE}
2019-09-24 22:45:43,367 [main] INFO  handler.ContextHandler (ContextHandler.java:doStart(781)) - Started o.e.j.w.WebAppContext@77fa9381{/,file:///tmp/jetty-0.0.0.0-36098-hddsDatanode-_-any-6697335740702925577.dir/webapp/,AVAILABLE}{/hddsDatanode}
2019-09-24 22:45:43,368 [main] INFO  server.AbstractConnector (AbstractConnector.java:doStart(278)) - Started ServerConnector@76d72b5b{HTTP/1.1,[http/1.1]}{0.0.0.0:36098}
2019-09-24 22:45:43,369 [main] INFO  server.Server (Server.java:doStart(419)) - Started @143319ms
2019-09-24 22:45:43,369 [main] WARN  impl.MetricsSystemImpl (MetricsSystemImpl.java:register(276)) - Sink prometheus already exists!
2019-09-24 22:45:43,370 [main] INFO  server.BaseHttpServer (BaseHttpServer.java:updateConnectorAddress(215)) - HTTP server of HDDSDATANODE is listening at http://0.0.0.0:36098
2019-09-24 22:45:43,370 [main] INFO  impl.MetricsSystemImpl (MetricsSystemImpl.java:init(158)) - HddsDatanode metrics system started (again)
2019-09-24 22:45:43,374 [main] INFO  ozone.HddsDatanodeService (HddsDatanodeService.java:start(184)) - HddsDatanodeService host:pr-hdds-2162-v2v4x-1150571016 ip:192.168.151.66
2019-09-24 22:45:43,374 [org.apache.hadoop.util.JvmPauseMonitor$Monitor@432e01a9] INFO  util.JvmPauseMonitor (JvmPauseMonitor.java:run(188)) - Starting JVM pause monitor
2019-09-24 22:45:43,375 [Datanode State Machine Thread - 0] INFO  datanode.InitDatanodeState (InitDatanodeState.java:persistContainerDatanodeDetails(140)) - DatanodeDetails is persisted to /workdir/hadoop-ozone/integration-test/target/test-dir/MiniOzoneClusterImpl-c301a8ba-4931-4f65-a02e-7799d4a6f55f/datanode-4/meta/datanode.id
2019-09-24 22:45:43,379 [main] INFO  volume.HddsVolume (HddsVolume.java:<init>(176)) - Creating Volume: /workdir/hadoop-ozone/integration-test/target/test-dir/MiniOzoneClusterImpl-c301a8ba-4931-4f65-a02e-7799d4a6f55f/datanode-5/data/containers/hdds of  storage type : DISK and capacity : 1482555576320
2019-09-24 22:45:43,379 [main] INFO  volume.VolumeSet (VolumeSet.java:initializeVolumeSet(170)) - Added Volume : /workdir/hadoop-ozone/integration-test/target/test-dir/MiniOzoneClusterImpl-c301a8ba-4931-4f65-a02e-7799d4a6f55f/datanode-5/data/containers/hdds to VolumeSet
2019-09-24 22:45:43,380 [main] INFO  volume.ThrottledAsyncChecker (ThrottledAsyncChecker.java:schedule(139)) - Scheduling a check for org.apache.hadoop.ozone.container.common.volume.HddsVolume@66de00f2
2019-09-24 22:45:43,380 [main] INFO  volume.HddsVolumeChecker (HddsVolumeChecker.java:checkAllVolumes(202)) - Scheduled health check for volume org.apache.hadoop.ozone.container.common.volume.HddsVolume@66de00f2
2019-09-24 22:45:43,392 [main] INFO  impl.RaftServerProxy (ConfUtils.java:logGet(43)) - raft.rpc.type = GRPC (default)
2019-09-24 22:45:43,392 [main] INFO  grpc.GrpcFactory (GrpcFactory.java:checkPooledByteBufAllocatorUseCacheForAllThreads(45)) - PERFORMANCE WARNING: useCacheForAllThreads is true that may cause Netty to create a lot garbage objects and, as a result, trigger GC.
	It is recommended to disable useCacheForAllThreads by setting -Dorg.apache.ratis.thirdparty.io.netty.allocator.useCacheForAllThreads=false in command line.
2019-09-24 22:45:43,392 [main] INFO  grpc.GrpcConfigKeys$Server (ConfUtils.java:logGet(43)) - raft.grpc.server.port = 0 (default)
2019-09-24 22:45:43,393 [main] INFO  server.GrpcService (ConfUtils.java:logGet(43)) - raft.grpc.message.size.max = 33570816 (custom)
2019-09-24 22:45:43,393 [main] INFO  server.RaftServerConfigKeys (ConfUtils.java:logGet(43)) - raft.server.log.appender.buffer.byte-limit = 33554432 (custom)
2019-09-24 22:45:43,393 [main] INFO  server.GrpcService (ConfUtils.java:logGet(43)) - raft.grpc.flow.control.window = 1MB (=1048576) (default)
2019-09-24 22:45:43,393 [main] INFO  server.RaftServerConfigKeys (ConfUtils.java:logGet(43)) - raft.server.rpc.request.timeout = 3000ms (default)
2019-09-24 22:45:43,394 [main] INFO  server.RaftServerConfigKeys (ConfUtils.java:logGet(43)) - raft.server.storage.dir = [/workdir/hadoop-ozone/integration-test/target/test-dir/MiniOzoneClusterImpl-c301a8ba-4931-4f65-a02e-7799d4a6f55f/datanode-5/data/ratis] (custom)
2019-09-24 22:45:43,395 [main] INFO  hdfs.DFSUtil (DFSUtil.java:httpServerTemplateForNNAndJN(1641)) - Starting Web-server for hddsDatanode at: http://0.0.0.0:0
2019-09-24 22:45:43,396 [main] INFO  server.AuthenticationFilter (AuthenticationFilter.java:constructSecretProvider(240)) - Unable to initialize FileSignerSecretProvider, falling back to use random secrets.
2019-09-24 22:45:43,396 [main] WARN  http.HttpRequestLog (HttpRequestLog.java:getRequestLog(97)) - Jetty request log can only be enabled using Log4j
2019-09-24 22:45:43,397 [main] INFO  http.HttpServer2 (HttpServer2.java:addGlobalFilter(975)) - Added global filter 'safety' (class=org.apache.hadoop.http.HttpServer2$QuotingInputFilter)
2019-09-24 22:45:43,398 [main] INFO  http.HttpServer2 (HttpServer2.java:addFilter(948)) - Added filter static_user_filter (class=org.apache.hadoop.http.lib.StaticUserWebFilter$StaticUserFilter) to context hddsDatanode
2019-09-24 22:45:43,398 [main] INFO  http.HttpServer2 (HttpServer2.java:addFilter(958)) - Added filter static_user_filter (class=org.apache.hadoop.http.lib.StaticUserWebFilter$StaticUserFilter) to context static
2019-09-24 22:45:43,398 [main] INFO  http.HttpServer2 (HttpServer2.java:addFilter(958)) - Added filter static_user_filter (class=org.apache.hadoop.http.lib.StaticUserWebFilter$StaticUserFilter) to context logs
2019-09-24 22:45:43,399 [main] INFO  http.HttpServer2 (HttpServer2.java:bindListener(1191)) - Jetty bound to port 34474
2019-09-24 22:45:43,399 [main] INFO  server.Server (Server.java:doStart(351)) - jetty-9.3.25.v20180904, build timestamp: 2018-09-04T21:11:46Z, git hash: 3ce520221d0240229c862b122d2b06c12a625732
2019-09-24 22:45:43,400 [main] INFO  handler.ContextHandler (ContextHandler.java:doStart(781)) - Started o.e.j.s.ServletContextHandler@65fe2691{/logs,file:///workdir/hadoop-ozone/integration-test/target/log,AVAILABLE}
2019-09-24 22:45:43,401 [main] INFO  handler.ContextHandler (ContextHandler.java:doStart(781)) - Started o.e.j.s.ServletContextHandler@57ad1178{/static,jar:file:/home/user/.m2/repository/org/apache/hadoop/hadoop-hdds-container-service/0.5.0-SNAPSHOT/hadoop-hdds-container-service-0.5.0-SNAPSHOT.jar!/webapps/static,AVAILABLE}
2019-09-24 22:45:43,450 [main] INFO  handler.ContextHandler (ContextHandler.java:doStart(781)) - Started o.e.j.w.WebAppContext@431e86b1{/,file:///tmp/jetty-0.0.0.0-34474-hddsDatanode-_-any-4597885556561508980.dir/webapp/,AVAILABLE}{/hddsDatanode}
2019-09-24 22:45:43,451 [main] INFO  server.AbstractConnector (AbstractConnector.java:doStart(278)) - Started ServerConnector@35c4e864{HTTP/1.1,[http/1.1]}{0.0.0.0:34474}
2019-09-24 22:45:43,452 [main] INFO  server.Server (Server.java:doStart(419)) - Started @143402ms
2019-09-24 22:45:43,452 [main] WARN  impl.MetricsSystemImpl (MetricsSystemImpl.java:register(276)) - Sink prometheus already exists!
2019-09-24 22:45:43,453 [main] INFO  server.BaseHttpServer (BaseHttpServer.java:updateConnectorAddress(215)) - HTTP server of HDDSDATANODE is listening at http://0.0.0.0:34474
2019-09-24 22:45:43,453 [main] INFO  impl.MetricsSystemImpl (MetricsSystemImpl.java:init(158)) - HddsDatanode metrics system started (again)
2019-09-24 22:45:43,457 [main] INFO  ozone.HddsDatanodeService (HddsDatanodeService.java:start(184)) - HddsDatanodeService host:pr-hdds-2162-v2v4x-1150571016 ip:192.168.151.66
2019-09-24 22:45:43,458 [org.apache.hadoop.util.JvmPauseMonitor$Monitor@43263838] INFO  util.JvmPauseMonitor (JvmPauseMonitor.java:run(188)) - Starting JVM pause monitor
2019-09-24 22:45:43,459 [Datanode State Machine Thread - 0] INFO  datanode.InitDatanodeState (InitDatanodeState.java:persistContainerDatanodeDetails(140)) - DatanodeDetails is persisted to /workdir/hadoop-ozone/integration-test/target/test-dir/MiniOzoneClusterImpl-c301a8ba-4931-4f65-a02e-7799d4a6f55f/datanode-5/meta/datanode.id
2019-09-24 22:45:43,463 [main] INFO  volume.HddsVolume (HddsVolume.java:<init>(176)) - Creating Volume: /workdir/hadoop-ozone/integration-test/target/test-dir/MiniOzoneClusterImpl-c301a8ba-4931-4f65-a02e-7799d4a6f55f/datanode-6/data/containers/hdds of  storage type : DISK and capacity : 1482555576320
2019-09-24 22:45:43,463 [main] INFO  volume.VolumeSet (VolumeSet.java:initializeVolumeSet(170)) - Added Volume : /workdir/hadoop-ozone/integration-test/target/test-dir/MiniOzoneClusterImpl-c301a8ba-4931-4f65-a02e-7799d4a6f55f/datanode-6/data/containers/hdds to VolumeSet
2019-09-24 22:45:43,463 [main] INFO  volume.ThrottledAsyncChecker (ThrottledAsyncChecker.java:schedule(139)) - Scheduling a check for org.apache.hadoop.ozone.container.common.volume.HddsVolume@2b4b96a4
2019-09-24 22:45:43,464 [main] INFO  volume.HddsVolumeChecker (HddsVolumeChecker.java:checkAllVolumes(202)) - Scheduled health check for volume org.apache.hadoop.ozone.container.common.volume.HddsVolume@2b4b96a4
2019-09-24 22:45:43,475 [main] INFO  impl.RaftServerProxy (ConfUtils.java:logGet(43)) - raft.rpc.type = GRPC (default)
2019-09-24 22:45:43,475 [main] INFO  grpc.GrpcFactory (GrpcFactory.java:checkPooledByteBufAllocatorUseCacheForAllThreads(45)) - PERFORMANCE WARNING: useCacheForAllThreads is true that may cause Netty to create a lot garbage objects and, as a result, trigger GC.
	It is recommended to disable useCacheForAllThreads by setting -Dorg.apache.ratis.thirdparty.io.netty.allocator.useCacheForAllThreads=false in command line.
2019-09-24 22:45:43,476 [main] INFO  grpc.GrpcConfigKeys$Server (ConfUtils.java:logGet(43)) - raft.grpc.server.port = 0 (default)
2019-09-24 22:45:43,476 [main] INFO  server.GrpcService (ConfUtils.java:logGet(43)) - raft.grpc.message.size.max = 33570816 (custom)
2019-09-24 22:45:43,476 [main] INFO  server.RaftServerConfigKeys (ConfUtils.java:logGet(43)) - raft.server.log.appender.buffer.byte-limit = 33554432 (custom)
2019-09-24 22:45:43,476 [main] INFO  server.GrpcService (ConfUtils.java:logGet(43)) - raft.grpc.flow.control.window = 1MB (=1048576) (default)
2019-09-24 22:45:43,476 [main] INFO  server.RaftServerConfigKeys (ConfUtils.java:logGet(43)) - raft.server.rpc.request.timeout = 3000ms (default)
2019-09-24 22:45:43,477 [main] INFO  server.RaftServerConfigKeys (ConfUtils.java:logGet(43)) - raft.server.storage.dir = [/workdir/hadoop-ozone/integration-test/target/test-dir/MiniOzoneClusterImpl-c301a8ba-4931-4f65-a02e-7799d4a6f55f/datanode-6/data/ratis] (custom)
2019-09-24 22:45:43,478 [main] INFO  hdfs.DFSUtil (DFSUtil.java:httpServerTemplateForNNAndJN(1641)) - Starting Web-server for hddsDatanode at: http://0.0.0.0:0
2019-09-24 22:45:43,479 [main] INFO  server.AuthenticationFilter (AuthenticationFilter.java:constructSecretProvider(240)) - Unable to initialize FileSignerSecretProvider, falling back to use random secrets.
2019-09-24 22:45:43,479 [main] WARN  http.HttpRequestLog (HttpRequestLog.java:getRequestLog(97)) - Jetty request log can only be enabled using Log4j
2019-09-24 22:45:43,480 [main] INFO  http.HttpServer2 (HttpServer2.java:addGlobalFilter(975)) - Added global filter 'safety' (class=org.apache.hadoop.http.HttpServer2$QuotingInputFilter)
2019-09-24 22:45:43,481 [main] INFO  http.HttpServer2 (HttpServer2.java:addFilter(948)) - Added filter static_user_filter (class=org.apache.hadoop.http.lib.StaticUserWebFilter$StaticUserFilter) to context hddsDatanode
2019-09-24 22:45:43,481 [main] INFO  http.HttpServer2 (HttpServer2.java:addFilter(958)) - Added filter static_user_filter (class=org.apache.hadoop.http.lib.StaticUserWebFilter$StaticUserFilter) to context logs
2019-09-24 22:45:43,481 [main] INFO  http.HttpServer2 (HttpServer2.java:addFilter(958)) - Added filter static_user_filter (class=org.apache.hadoop.http.lib.StaticUserWebFilter$StaticUserFilter) to context static
2019-09-24 22:45:43,482 [main] INFO  http.HttpServer2 (HttpServer2.java:bindListener(1191)) - Jetty bound to port 40500
2019-09-24 22:45:43,482 [main] INFO  server.Server (Server.java:doStart(351)) - jetty-9.3.25.v20180904, build timestamp: 2018-09-04T21:11:46Z, git hash: 3ce520221d0240229c862b122d2b06c12a625732
2019-09-24 22:45:43,483 [main] INFO  handler.ContextHandler (ContextHandler.java:doStart(781)) - Started o.e.j.s.ServletContextHandler@6680f714{/logs,file:///workdir/hadoop-ozone/integration-test/target/log,AVAILABLE}
2019-09-24 22:45:43,484 [main] INFO  handler.ContextHandler (ContextHandler.java:doStart(781)) - Started o.e.j.s.ServletContextHandler@7d97e06c{/static,jar:file:/home/user/.m2/repository/org/apache/hadoop/hadoop-hdds-container-service/0.5.0-SNAPSHOT/hadoop-hdds-container-service-0.5.0-SNAPSHOT.jar!/webapps/static,AVAILABLE}
2019-09-24 22:45:43,511 [main] INFO  handler.ContextHandler (ContextHandler.java:doStart(781)) - Started o.e.j.w.WebAppContext@11d045b4{/,file:///tmp/jetty-0.0.0.0-40500-hddsDatanode-_-any-2393988952721859608.dir/webapp/,AVAILABLE}{/hddsDatanode}
2019-09-24 22:45:43,511 [main] INFO  server.AbstractConnector (AbstractConnector.java:doStart(278)) - Started ServerConnector@1fbf088b{HTTP/1.1,[http/1.1]}{0.0.0.0:40500}
2019-09-24 22:45:43,512 [main] INFO  server.Server (Server.java:doStart(419)) - Started @143462ms
2019-09-24 22:45:43,512 [main] WARN  impl.MetricsSystemImpl (MetricsSystemImpl.java:register(276)) - Sink prometheus already exists!
2019-09-24 22:45:43,513 [main] INFO  server.BaseHttpServer (BaseHttpServer.java:updateConnectorAddress(215)) - HTTP server of HDDSDATANODE is listening at http://0.0.0.0:40500
2019-09-24 22:45:43,513 [main] INFO  ozone.MiniOzoneClusterImpl (MiniOzoneClusterImpl.java:lambda$waitForClusterToBeReady$0(147)) - Waiting for cluster to be ready. Got 0 of 7 DN Heartbeats.
2019-09-24 22:45:43,517 [org.apache.hadoop.util.JvmPauseMonitor$Monitor@57b8d2d2] INFO  util.JvmPauseMonitor (JvmPauseMonitor.java:run(188)) - Starting JVM pause monitor
2019-09-24 22:45:43,519 [Datanode State Machine Thread - 0] INFO  datanode.InitDatanodeState (InitDatanodeState.java:persistContainerDatanodeDetails(140)) - DatanodeDetails is persisted to /workdir/hadoop-ozone/integration-test/target/test-dir/MiniOzoneClusterImpl-c301a8ba-4931-4f65-a02e-7799d4a6f55f/datanode-6/meta/datanode.id
2019-09-24 22:45:44,514 [main] INFO  ozone.MiniOzoneClusterImpl (MiniOzoneClusterImpl.java:lambda$waitForClusterToBeReady$0(147)) - Waiting for cluster to be ready. Got 0 of 7 DN Heartbeats.
2019-09-24 22:45:45,118 [Datanode State Machine Thread - 0] INFO  ozoneimpl.OzoneContainer (OzoneContainer.java:start(217)) - Attempting to start container services.
2019-09-24 22:45:45,121 [Datanode State Machine Thread - 0] INFO  ozoneimpl.OzoneContainer (OzoneContainer.java:startContainerScrub(179)) - Background container scanner has been disabled.
2019-09-24 22:45:45,121 [Datanode State Machine Thread - 0] INFO  ratis.XceiverServerRatis (XceiverServerRatis.java:start(411)) - Starting XceiverServerRatis 19f58096-26c7-4e4a-bd6f-c4b3e3485142 at port 0
2019-09-24 22:45:45,126 [Datanode State Machine Thread - 0] INFO  impl.RaftServerProxy (RaftServerProxy.java:lambda$start$3(299)) - 19f58096-26c7-4e4a-bd6f-c4b3e3485142: start RPC server
2019-09-24 22:45:45,129 [Datanode State Machine Thread - 0] INFO  server.GrpcService (GrpcService.java:startImpl(158)) - 19f58096-26c7-4e4a-bd6f-c4b3e3485142: GrpcService started, listening on 0.0.0.0/0.0.0.0:39620
2019-09-24 22:45:45,129 [Datanode State Machine Thread - 0] INFO  ratis.XceiverServerRatis (XceiverServerRatis.java:start(421)) - XceiverServerRatis 19f58096-26c7-4e4a-bd6f-c4b3e3485142 is started using port 39620
2019-09-24 22:45:45,130 [Datanode State Machine Thread - 0] INFO  server.XceiverServerGrpc (XceiverServerGrpc.java:start(149)) - XceiverServerGrpc 19f58096-26c7-4e4a-bd6f-c4b3e3485142 is started using port 46189
2019-09-24 22:45:45,153 [Datanode State Machine Thread - 0] INFO  ozoneimpl.OzoneContainer (OzoneContainer.java:start(217)) - Attempting to start container services.
2019-09-24 22:45:45,155 [Datanode State Machine Thread - 0] INFO  ozoneimpl.OzoneContainer (OzoneContainer.java:startContainerScrub(179)) - Background container scanner has been disabled.
2019-09-24 22:45:45,155 [Datanode State Machine Thread - 0] INFO  ratis.XceiverServerRatis (XceiverServerRatis.java:start(411)) - Starting XceiverServerRatis 8b3714d9-dd5c-431f-974a-7eaa789e847d at port 0
2019-09-24 22:45:45,161 [Datanode State Machine Thread - 0] INFO  impl.RaftServerProxy (RaftServerProxy.java:lambda$start$3(299)) - 8b3714d9-dd5c-431f-974a-7eaa789e847d: start RPC server
2019-09-24 22:45:45,163 [Datanode State Machine Thread - 0] INFO  server.GrpcService (GrpcService.java:startImpl(158)) - 8b3714d9-dd5c-431f-974a-7eaa789e847d: GrpcService started, listening on 0.0.0.0/0.0.0.0:38988
2019-09-24 22:45:45,163 [Datanode State Machine Thread - 0] INFO  ratis.XceiverServerRatis (XceiverServerRatis.java:start(421)) - XceiverServerRatis 8b3714d9-dd5c-431f-974a-7eaa789e847d is started using port 38988
2019-09-24 22:45:45,163 [Datanode State Machine Thread - 0] INFO  server.XceiverServerGrpc (XceiverServerGrpc.java:start(149)) - XceiverServerGrpc 8b3714d9-dd5c-431f-974a-7eaa789e847d is started using port 46568
2019-09-24 22:45:45,231 [Datanode State Machine Thread - 0] INFO  ozoneimpl.OzoneContainer (OzoneContainer.java:start(217)) - Attempting to start container services.
2019-09-24 22:45:45,238 [Datanode State Machine Thread - 0] INFO  ozoneimpl.OzoneContainer (OzoneContainer.java:startContainerScrub(179)) - Background container scanner has been disabled.
2019-09-24 22:45:45,238 [Datanode State Machine Thread - 0] INFO  ratis.XceiverServerRatis (XceiverServerRatis.java:start(411)) - Starting XceiverServerRatis c01d8eb5-e6c7-440d-bfdc-d426acfe1c94 at port 0
2019-09-24 22:45:45,244 [Datanode State Machine Thread - 0] INFO  impl.RaftServerProxy (RaftServerProxy.java:lambda$start$3(299)) - c01d8eb5-e6c7-440d-bfdc-d426acfe1c94: start RPC server
2019-09-24 22:45:45,248 [Datanode State Machine Thread - 0] INFO  server.GrpcService (GrpcService.java:startImpl(158)) - c01d8eb5-e6c7-440d-bfdc-d426acfe1c94: GrpcService started, listening on 0.0.0.0/0.0.0.0:43641
2019-09-24 22:45:45,248 [Datanode State Machine Thread - 0] INFO  ratis.XceiverServerRatis (XceiverServerRatis.java:start(421)) - XceiverServerRatis c01d8eb5-e6c7-440d-bfdc-d426acfe1c94 is started using port 43641
2019-09-24 22:45:45,253 [Datanode State Machine Thread - 0] INFO  server.XceiverServerGrpc (XceiverServerGrpc.java:start(149)) - XceiverServerGrpc c01d8eb5-e6c7-440d-bfdc-d426acfe1c94 is started using port 34899
2019-09-24 22:45:45,303 [Datanode State Machine Thread - 0] INFO  ozoneimpl.OzoneContainer (OzoneContainer.java:start(217)) - Attempting to start container services.
2019-09-24 22:45:45,303 [Datanode State Machine Thread - 0] INFO  ozoneimpl.OzoneContainer (OzoneContainer.java:startContainerScrub(179)) - Background container scanner has been disabled.
2019-09-24 22:45:45,303 [Datanode State Machine Thread - 0] INFO  ratis.XceiverServerRatis (XceiverServerRatis.java:start(411)) - Starting XceiverServerRatis 2a05965a-75e8-4c8e-8d07-201cc05f87d1 at port 0
2019-09-24 22:45:45,309 [Datanode State Machine Thread - 0] INFO  impl.RaftServerProxy (RaftServerProxy.java:lambda$start$3(299)) - 2a05965a-75e8-4c8e-8d07-201cc05f87d1: start RPC server
2019-09-24 22:45:45,310 [Datanode State Machine Thread - 0] INFO  server.GrpcService (GrpcService.java:startImpl(158)) - 2a05965a-75e8-4c8e-8d07-201cc05f87d1: GrpcService started, listening on 0.0.0.0/0.0.0.0:44187
2019-09-24 22:45:45,310 [Datanode State Machine Thread - 0] INFO  ratis.XceiverServerRatis (XceiverServerRatis.java:start(421)) - XceiverServerRatis 2a05965a-75e8-4c8e-8d07-201cc05f87d1 is started using port 44187
2019-09-24 22:45:45,312 [Datanode State Machine Thread - 0] INFO  server.XceiverServerGrpc (XceiverServerGrpc.java:start(149)) - XceiverServerGrpc 2a05965a-75e8-4c8e-8d07-201cc05f87d1 is started using port 39145
2019-09-24 22:45:45,389 [Datanode State Machine Thread - 0] INFO  ozoneimpl.OzoneContainer (OzoneContainer.java:start(217)) - Attempting to start container services.
2019-09-24 22:45:45,389 [Datanode State Machine Thread - 0] INFO  ozoneimpl.OzoneContainer (OzoneContainer.java:startContainerScrub(179)) - Background container scanner has been disabled.
2019-09-24 22:45:45,389 [Datanode State Machine Thread - 0] INFO  ratis.XceiverServerRatis (XceiverServerRatis.java:start(411)) - Starting XceiverServerRatis 04af903f-8ea6-4205-8b84-3e9c4eb37e77 at port 0
2019-09-24 22:45:45,394 [Datanode State Machine Thread - 0] INFO  impl.RaftServerProxy (RaftServerProxy.java:lambda$start$3(299)) - 04af903f-8ea6-4205-8b84-3e9c4eb37e77: start RPC server
2019-09-24 22:45:45,395 [Datanode State Machine Thread - 0] INFO  server.GrpcService (GrpcService.java:startImpl(158)) - 04af903f-8ea6-4205-8b84-3e9c4eb37e77: GrpcService started, listening on 0.0.0.0/0.0.0.0:33546
2019-09-24 22:45:45,395 [Datanode State Machine Thread - 0] INFO  ratis.XceiverServerRatis (XceiverServerRatis.java:start(421)) - XceiverServerRatis 04af903f-8ea6-4205-8b84-3e9c4eb37e77 is started using port 33546
2019-09-24 22:45:45,396 [Datanode State Machine Thread - 0] INFO  server.XceiverServerGrpc (XceiverServerGrpc.java:start(149)) - XceiverServerGrpc 04af903f-8ea6-4205-8b84-3e9c4eb37e77 is started using port 32976
2019-09-24 22:45:45,471 [Datanode State Machine Thread - 0] INFO  ozoneimpl.OzoneContainer (OzoneContainer.java:start(217)) - Attempting to start container services.
2019-09-24 22:45:45,472 [Datanode State Machine Thread - 0] INFO  ozoneimpl.OzoneContainer (OzoneContainer.java:startContainerScrub(179)) - Background container scanner has been disabled.
2019-09-24 22:45:45,472 [Datanode State Machine Thread - 0] INFO  ratis.XceiverServerRatis (XceiverServerRatis.java:start(411)) - Starting XceiverServerRatis 6cc2e494-d13a-41ea-8905-b03559cae07d at port 0
2019-09-24 22:45:45,477 [Datanode State Machine Thread - 0] INFO  impl.RaftServerProxy (RaftServerProxy.java:lambda$start$3(299)) - 6cc2e494-d13a-41ea-8905-b03559cae07d: start RPC server
2019-09-24 22:45:45,479 [Datanode State Machine Thread - 0] INFO  server.GrpcService (GrpcService.java:startImpl(158)) - 6cc2e494-d13a-41ea-8905-b03559cae07d: GrpcService started, listening on 0.0.0.0/0.0.0.0:46434
2019-09-24 22:45:45,479 [Datanode State Machine Thread - 0] INFO  ratis.XceiverServerRatis (XceiverServerRatis.java:start(421)) - XceiverServerRatis 6cc2e494-d13a-41ea-8905-b03559cae07d is started using port 46434
2019-09-24 22:45:45,482 [Datanode State Machine Thread - 0] INFO  server.XceiverServerGrpc (XceiverServerGrpc.java:start(149)) - XceiverServerGrpc 6cc2e494-d13a-41ea-8905-b03559cae07d is started using port 43663
2019-09-24 22:45:45,514 [main] INFO  ozone.MiniOzoneClusterImpl (MiniOzoneClusterImpl.java:lambda$waitForClusterToBeReady$0(147)) - Waiting for cluster to be ready. Got 0 of 7 DN Heartbeats.
2019-09-24 22:45:45,530 [Datanode State Machine Thread - 0] INFO  ozoneimpl.OzoneContainer (OzoneContainer.java:start(217)) - Attempting to start container services.
2019-09-24 22:45:45,530 [Datanode State Machine Thread - 0] INFO  ozoneimpl.OzoneContainer (OzoneContainer.java:startContainerScrub(179)) - Background container scanner has been disabled.
2019-09-24 22:45:45,530 [Datanode State Machine Thread - 0] INFO  ratis.XceiverServerRatis (XceiverServerRatis.java:start(411)) - Starting XceiverServerRatis 8a676727-5b4d-4da9-ab8a-8454365c119a at port 0
2019-09-24 22:45:45,536 [Datanode State Machine Thread - 0] INFO  impl.RaftServerProxy (RaftServerProxy.java:lambda$start$3(299)) - 8a676727-5b4d-4da9-ab8a-8454365c119a: start RPC server
2019-09-24 22:45:45,536 [Datanode State Machine Thread - 0] INFO  server.GrpcService (GrpcService.java:startImpl(158)) - 8a676727-5b4d-4da9-ab8a-8454365c119a: GrpcService started, listening on 0.0.0.0/0.0.0.0:42122
2019-09-24 22:45:45,537 [Datanode State Machine Thread - 0] INFO  ratis.XceiverServerRatis (XceiverServerRatis.java:start(421)) - XceiverServerRatis 8a676727-5b4d-4da9-ab8a-8454365c119a is started using port 42122
2019-09-24 22:45:45,537 [Datanode State Machine Thread - 0] INFO  server.XceiverServerGrpc (XceiverServerGrpc.java:start(149)) - XceiverServerGrpc 8a676727-5b4d-4da9-ab8a-8454365c119a is started using port 33631
2019-09-24 22:45:46,515 [main] INFO  ozone.MiniOzoneClusterImpl (MiniOzoneClusterImpl.java:lambda$waitForClusterToBeReady$0(147)) - Waiting for cluster to be ready. Got 0 of 7 DN Heartbeats.
2019-09-24 22:45:47,093 [IPC Server handler 2 on 40067] INFO  net.NetworkTopology (NetworkTopologyImpl.java:add(111)) - Added a new node: /default-rack/19f58096-26c7-4e4a-bd6f-c4b3e3485142
2019-09-24 22:45:47,095 [IPC Server handler 2 on 40067] INFO  node.SCMNodeManager (SCMNodeManager.java:register(266)) - Registered Data node : 19f58096-26c7-4e4a-bd6f-c4b3e3485142{ip: 192.168.151.66, host: pr-hdds-2162-v2v4x-1150571016, networkLocation: /default-rack, certSerialId: null}
2019-09-24 22:45:47,096 [EventQueue-NodeRegistrationContainerReportForDataNodeSafeModeRule] INFO  safemode.SCMSafeModeManager (DataNodeSafeModeRule.java:process(71)) - SCM in safe mode. 1 DataNodes registered, 1 required.
2019-09-24 22:45:47,098 [EventQueue-NodeRegistrationContainerReportForDataNodeSafeModeRule] INFO  safemode.SCMSafeModeManager (SCMSafeModeManager.java:validateSafeModeExitRules(177)) - ScmSafeModeManager, all rules are successfully validated
2019-09-24 22:45:47,098 [EventQueue-NodeRegistrationContainerReportForDataNodeSafeModeRule] INFO  safemode.SCMSafeModeManager (SCMSafeModeManager.java:exitSafeMode(193)) - SCM exiting safe mode.
2019-09-24 22:45:47,133 [grpc-default-executor-0] INFO  impl.RaftServerProxy (RaftServerProxy.java:addNew(89)) - 19f58096-26c7-4e4a-bd6f-c4b3e3485142: addNew group-05F297EE50B3:[19f58096-26c7-4e4a-bd6f-c4b3e3485142:192.168.151.66:39620] returns group-05F297EE50B3:java.util.concurrent.CompletableFuture@173b3516[Not completed]
2019-09-24 22:45:47,135 [pool-117-thread-1] INFO  impl.RaftServerImpl (RaftServerImpl.java:<init>(95)) - 19f58096-26c7-4e4a-bd6f-c4b3e3485142: new RaftServerImpl for group-05F297EE50B3:[19f58096-26c7-4e4a-bd6f-c4b3e3485142:192.168.151.66:39620] with ContainerStateMachine:uninitialized
2019-09-24 22:45:47,135 [pool-117-thread-1] INFO  server.RaftServerConfigKeys (ConfUtils.java:logGet(43)) - raft.server.rpc.timeout.min = 5s (custom)
2019-09-24 22:45:47,135 [pool-117-thread-1] INFO  server.RaftServerConfigKeys (ConfUtils.java:logGet(43)) - raft.server.rpc.timeout.max = 5200ms (custom)
2019-09-24 22:45:47,135 [pool-117-thread-1] INFO  server.RaftServerConfigKeys (ConfUtils.java:logGet(43)) - raft.server.rpcslowness.timeout = 120s (custom)
2019-09-24 22:45:47,135 [pool-117-thread-1] INFO  server.RaftServerConfigKeys (ConfUtils.java:logGet(43)) - raft.server.sleep.deviation.threshold = 300 (default)
2019-09-24 22:45:47,135 [pool-117-thread-1] INFO  server.RaftServerConfigKeys (ConfUtils.java:logGet(43)) - raft.server.log.appender.install.snapshot.enabled = false (custom)
2019-09-24 22:45:47,136 [pool-117-thread-1] INFO  impl.RaftServerImpl (ServerState.java:<init>(103)) - 19f58096-26c7-4e4a-bd6f-c4b3e3485142@group-05F297EE50B3: ConfigurationManager, init=-1: [19f58096-26c7-4e4a-bd6f-c4b3e3485142:192.168.151.66:39620], old=null, confs=<EMPTY_MAP>
2019-09-24 22:45:47,136 [pool-117-thread-1] INFO  server.RaftServerConfigKeys (ConfUtils.java:logGet(43)) - raft.server.storage.dir = [/workdir/hadoop-ozone/integration-test/target/test-dir/MiniOzoneClusterImpl-c301a8ba-4931-4f65-a02e-7799d4a6f55f/datanode-0/data/ratis] (custom)
2019-09-24 22:45:47,137 [pool-117-thread-1] INFO  storage.RaftStorageDirectory (RaftStorageDirectory.java:analyzeStorage(246)) - The storage directory /workdir/hadoop-ozone/integration-test/target/test-dir/MiniOzoneClusterImpl-c301a8ba-4931-4f65-a02e-7799d4a6f55f/datanode-0/data/ratis/4017907c-989c-4e0b-9ded-05f297ee50b3 does not exist. Creating ...
2019-09-24 22:45:47,148 [IPC Server handler 3 on 40067] INFO  net.NetworkTopology (NetworkTopologyImpl.java:add(111)) - Added a new node: /default-rack/8b3714d9-dd5c-431f-974a-7eaa789e847d
2019-09-24 22:45:47,148 [IPC Server handler 3 on 40067] INFO  node.SCMNodeManager (SCMNodeManager.java:register(266)) - Registered Data node : 8b3714d9-dd5c-431f-974a-7eaa789e847d{ip: 192.168.151.66, host: pr-hdds-2162-v2v4x-1150571016, networkLocation: /default-rack, certSerialId: null}
2019-09-24 22:45:47,150 [pool-117-thread-1] INFO  storage.RaftStorageDirectory (RaftStorageDirectory.java:tryLock(328)) - Lock on /workdir/hadoop-ozone/integration-test/target/test-dir/MiniOzoneClusterImpl-c301a8ba-4931-4f65-a02e-7799d4a6f55f/datanode-0/data/ratis/4017907c-989c-4e0b-9ded-05f297ee50b3/in_use.lock acquired by nodename 31728@pr-hdds-2162-v2v4x-1150571016
2019-09-24 22:45:47,163 [pool-117-thread-1] INFO  storage.RaftStorage (RaftStorage.java:format(72)) - Storage directory /workdir/hadoop-ozone/integration-test/target/test-dir/MiniOzoneClusterImpl-c301a8ba-4931-4f65-a02e-7799d4a6f55f/datanode-0/data/ratis/4017907c-989c-4e0b-9ded-05f297ee50b3 has been successfully formatted.
2019-09-24 22:45:47,163 [pool-117-thread-1] INFO  ratis.ContainerStateMachine (ContainerStateMachine.java:loadSnapshot(230)) - group-05F297EE50B3: The snapshot info is null. Setting the last applied indexto:(t:0, i:~)
2019-09-24 22:45:47,163 [pool-117-thread-1] INFO  server.RaftServerConfigKeys (ConfUtils.java:logGet(43)) - raft.server.notification.no-leader.timeout = 120s (custom)
2019-09-24 22:45:47,163 [pool-117-thread-1] INFO  server.RaftServerConfigKeys (ConfUtils.java:logGet(43)) - raft.server.log.use.memory = false (default)
2019-09-24 22:45:47,163 [pool-117-thread-1] INFO  server.RaftServerConfigKeys (ConfUtils.java:logGet(43)) - raft.server.log.purge.gap = 1000000 (custom)
2019-09-24 22:45:47,163 [pool-117-thread-1] INFO  server.RaftServerConfigKeys (ConfUtils.java:logGet(43)) - raft.server.log.appender.buffer.byte-limit = 33554432 (custom)
2019-09-24 22:45:47,164 [pool-117-thread-1] INFO  server.RaftServerConfigKeys (ConfUtils.java:logGet(43)) - raft.server.log.segment.size.max = 1048576 (custom)
2019-09-24 22:45:47,164 [pool-117-thread-1] INFO  server.RaftServerConfigKeys (ConfUtils.java:logGet(43)) - raft.server.log.segment.cache.num.max = 2 (custom)
2019-09-24 22:45:47,164 [pool-117-thread-1] INFO  segmented.SegmentedRaftLogWorker (SegmentedRaftLogWorker.java:<init>(172)) - new 19f58096-26c7-4e4a-bd6f-c4b3e3485142@group-05F297EE50B3-SegmentedRaftLogWorker for RaftStorage:Storage Directory /workdir/hadoop-ozone/integration-test/target/test-dir/MiniOzoneClusterImpl-c301a8ba-4931-4f65-a02e-7799d4a6f55f/datanode-0/data/ratis/4017907c-989c-4e0b-9ded-05f297ee50b3
2019-09-24 22:45:47,166 [pool-117-thread-1] INFO  server.RaftServerConfigKeys (ConfUtils.java:logGet(43)) - raft.server.log.queue.byte-limit = 2147483647 (custom)
2019-09-24 22:45:47,167 [pool-117-thread-1] INFO  server.RaftServerConfigKeys (ConfUtils.java:logGet(43)) - raft.server.log.queue.element-limit = 1024 (custom)
2019-09-24 22:45:47,167 [pool-117-thread-1] INFO  server.RaftServerConfigKeys (ConfUtils.java:logGet(43)) - raft.server.log.segment.size.max = 1048576 (custom)
2019-09-24 22:45:47,167 [pool-117-thread-1] INFO  server.RaftServerConfigKeys (ConfUtils.java:logGet(43)) - raft.server.log.preallocated.size = 16384 (custom)
2019-09-24 22:45:47,167 [pool-117-thread-1] INFO  server.RaftServerConfigKeys (ConfUtils.java:logGet(43)) - raft.server.log.write.buffer.size = 33554432 (custom)
2019-09-24 22:45:47,167 [pool-117-thread-1] INFO  server.RaftServerConfigKeys (ConfUtils.java:logGet(43)) - raft.server.log.force.sync.num = 128 (default)
2019-09-24 22:45:47,167 [pool-117-thread-1] INFO  server.RaftServerConfigKeys (ConfUtils.java:logGet(43)) - raft.server.log.statemachine.data.sync = true (default)
2019-09-24 22:45:47,167 [pool-117-thread-1] INFO  server.RaftServerConfigKeys (ConfUtils.java:logGet(43)) - raft.server.log.statemachine.data.sync.timeout = 10s (default)
2019-09-24 22:45:47,168 [pool-117-thread-1] INFO  server.RaftServerConfigKeys (ConfUtils.java:logGet(43)) - raft.server.log.statemachine.data.sync.timeout.retry = -1 (default)
2019-09-24 22:45:47,168 [pool-117-thread-1] INFO  server.RaftServerConfigKeys (ConfUtils.java:logGet(43)) - raft.server.log.statemachine.data.caching.enabled = true (custom)
2019-09-24 22:45:47,168 [pool-117-thread-1] INFO  segmented.SegmentedRaftLogWorker (SegmentedRaftLogWorker.java:lambda$new$0(132)) - 19f58096-26c7-4e4a-bd6f-c4b3e3485142@group-05F297EE50B3-SegmentedRaftLogWorker: flushIndex: setUnconditionally 0 -> -1
2019-09-24 22:45:47,168 [pool-117-thread-1] INFO  server.RaftServerConfigKeys (ConfUtils.java:logGet(43)) - raft.server.snapshot.auto.trigger.enabled = true (custom)
2019-09-24 22:45:47,168 [pool-117-thread-1] INFO  server.RaftServerConfigKeys (ConfUtils.java:logGet(43)) - raft.server.snapshot.auto.trigger.threshold = 10000 (custom)
2019-09-24 22:45:47,169 [pool-117-thread-1] INFO  server.RaftServerConfigKeys (ConfUtils.java:logGet(43)) - raft.server.snapshot.retention.num.files = 5 (custom)
2019-09-24 22:45:47,169 [pool-117-thread-1] INFO  server.RaftServerConfigKeys (ConfUtils.java:logGet(43)) - raft.server.retrycache.expirytime = 600000ms (custom)
2019-09-24 22:45:47,171 [pool-117-thread-1] INFO  impl.RaftServerImpl (RaftServerImpl.java:start(185)) - 19f58096-26c7-4e4a-bd6f-c4b3e3485142@group-05F297EE50B3: start as a follower, conf=-1: [19f58096-26c7-4e4a-bd6f-c4b3e3485142:192.168.151.66:39620], old=null
2019-09-24 22:45:47,171 [pool-117-thread-1] INFO  impl.RaftServerImpl (RaftServerImpl.java:setRole(174)) - 19f58096-26c7-4e4a-bd6f-c4b3e3485142@group-05F297EE50B3: changes role from      null to FOLLOWER at term 0 for startAsFollower
2019-09-24 22:45:47,171 [pool-117-thread-1] INFO  impl.RoleInfo (RoleInfo.java:updateAndGet(143)) - 19f58096-26c7-4e4a-bd6f-c4b3e3485142: start FollowerState
2019-09-24 22:45:47,172 [pool-117-thread-1] INFO  util.JmxRegister (JmxRegister.java:tryRegister(44)) - Successfully registered JMX Bean with object name Ratis:service=RaftServer,group=group-05F297EE50B3,id=19f58096-26c7-4e4a-bd6f-c4b3e3485142
2019-09-24 22:45:47,184 [RatisPipelineUtilsThread] INFO  pipeline.PipelineStateManager (PipelineStateManager.java:addPipeline(56)) - Created pipeline Pipeline[ Id: 4017907c-989c-4e0b-9ded-05f297ee50b3, Nodes: 19f58096-26c7-4e4a-bd6f-c4b3e3485142{ip: 192.168.151.66, host: pr-hdds-2162-v2v4x-1150571016, networkLocation: /default-rack, certSerialId: null}, Type:RATIS, Factor:ONE, State:OPEN]
2019-09-24 22:45:47,196 [grpc-default-executor-0] INFO  impl.RaftServerProxy (RaftServerProxy.java:addNew(89)) - 8b3714d9-dd5c-431f-974a-7eaa789e847d: addNew group-AA1429039D20:[8b3714d9-dd5c-431f-974a-7eaa789e847d:192.168.151.66:38988] returns group-AA1429039D20:java.util.concurrent.CompletableFuture@3949dbe3[Not completed]
2019-09-24 22:45:47,197 [pool-127-thread-1] INFO  impl.RaftServerImpl (RaftServerImpl.java:<init>(95)) - 8b3714d9-dd5c-431f-974a-7eaa789e847d: new RaftServerImpl for group-AA1429039D20:[8b3714d9-dd5c-431f-974a-7eaa789e847d:192.168.151.66:38988] with ContainerStateMachine:uninitialized
2019-09-24 22:45:47,197 [pool-127-thread-1] INFO  server.RaftServerConfigKeys (ConfUtils.java:logGet(43)) - raft.server.rpc.timeout.min = 5s (custom)
2019-09-24 22:45:47,198 [pool-127-thread-1] INFO  server.RaftServerConfigKeys (ConfUtils.java:logGet(43)) - raft.server.rpc.timeout.max = 5200ms (custom)
2019-09-24 22:45:47,198 [pool-127-thread-1] INFO  server.RaftServerConfigKeys (ConfUtils.java:logGet(43)) - raft.server.rpcslowness.timeout = 120s (custom)
2019-09-24 22:45:47,198 [pool-127-thread-1] INFO  server.RaftServerConfigKeys (ConfUtils.java:logGet(43)) - raft.server.sleep.deviation.threshold = 300 (default)
2019-09-24 22:45:47,198 [pool-127-thread-1] INFO  server.RaftServerConfigKeys (ConfUtils.java:logGet(43)) - raft.server.log.appender.install.snapshot.enabled = false (custom)
2019-09-24 22:45:47,198 [pool-127-thread-1] INFO  impl.RaftServerImpl (ServerState.java:<init>(103)) - 8b3714d9-dd5c-431f-974a-7eaa789e847d@group-AA1429039D20: ConfigurationManager, init=-1: [8b3714d9-dd5c-431f-974a-7eaa789e847d:192.168.151.66:38988], old=null, confs=<EMPTY_MAP>
2019-09-24 22:45:47,198 [pool-127-thread-1] INFO  server.RaftServerConfigKeys (ConfUtils.java:logGet(43)) - raft.server.storage.dir = [/workdir/hadoop-ozone/integration-test/target/test-dir/MiniOzoneClusterImpl-c301a8ba-4931-4f65-a02e-7799d4a6f55f/datanode-1/data/ratis] (custom)
2019-09-24 22:45:47,199 [pool-127-thread-1] INFO  storage.RaftStorageDirectory (RaftStorageDirectory.java:analyzeStorage(246)) - The storage directory /workdir/hadoop-ozone/integration-test/target/test-dir/MiniOzoneClusterImpl-c301a8ba-4931-4f65-a02e-7799d4a6f55f/datanode-1/data/ratis/14cca070-8c4a-4ef7-8163-aa1429039d20 does not exist. Creating ...
2019-09-24 22:45:47,213 [pool-127-thread-1] INFO  storage.RaftStorageDirectory (RaftStorageDirectory.java:tryLock(328)) - Lock on /workdir/hadoop-ozone/integration-test/target/test-dir/MiniOzoneClusterImpl-c301a8ba-4931-4f65-a02e-7799d4a6f55f/datanode-1/data/ratis/14cca070-8c4a-4ef7-8163-aa1429039d20/in_use.lock acquired by nodename 31728@pr-hdds-2162-v2v4x-1150571016
2019-09-24 22:45:47,219 [IPC Server handler 4 on 40067] INFO  net.NetworkTopology (NetworkTopologyImpl.java:add(111)) - Added a new node: /default-rack/c01d8eb5-e6c7-440d-bfdc-d426acfe1c94
2019-09-24 22:45:47,220 [IPC Server handler 4 on 40067] INFO  node.SCMNodeManager (SCMNodeManager.java:register(266)) - Registered Data node : c01d8eb5-e6c7-440d-bfdc-d426acfe1c94{ip: 192.168.151.66, host: pr-hdds-2162-v2v4x-1150571016, networkLocation: /default-rack, certSerialId: null}
2019-09-24 22:45:47,226 [pool-127-thread-1] INFO  storage.RaftStorage (RaftStorage.java:format(72)) - Storage directory /workdir/hadoop-ozone/integration-test/target/test-dir/MiniOzoneClusterImpl-c301a8ba-4931-4f65-a02e-7799d4a6f55f/datanode-1/data/ratis/14cca070-8c4a-4ef7-8163-aa1429039d20 has been successfully formatted.
2019-09-24 22:45:47,226 [pool-127-thread-1] INFO  ratis.ContainerStateMachine (ContainerStateMachine.java:loadSnapshot(230)) - group-AA1429039D20: The snapshot info is null. Setting the last applied indexto:(t:0, i:~)
2019-09-24 22:45:47,227 [pool-127-thread-1] INFO  server.RaftServerConfigKeys (ConfUtils.java:logGet(43)) - raft.server.notification.no-leader.timeout = 120s (custom)
2019-09-24 22:45:47,227 [pool-127-thread-1] INFO  server.RaftServerConfigKeys (ConfUtils.java:logGet(43)) - raft.server.log.use.memory = false (default)
2019-09-24 22:45:47,227 [pool-127-thread-1] INFO  server.RaftServerConfigKeys (ConfUtils.java:logGet(43)) - raft.server.log.purge.gap = 1000000 (custom)
2019-09-24 22:45:47,227 [pool-127-thread-1] INFO  server.RaftServerConfigKeys (ConfUtils.java:logGet(43)) - raft.server.log.appender.buffer.byte-limit = 33554432 (custom)
2019-09-24 22:45:47,227 [pool-127-thread-1] INFO  server.RaftServerConfigKeys (ConfUtils.java:logGet(43)) - raft.server.log.segment.size.max = 1048576 (custom)
2019-09-24 22:45:47,227 [pool-127-thread-1] INFO  server.RaftServerConfigKeys (ConfUtils.java:logGet(43)) - raft.server.log.segment.cache.num.max = 2 (custom)
2019-09-24 22:45:47,228 [pool-127-thread-1] INFO  segmented.SegmentedRaftLogWorker (SegmentedRaftLogWorker.java:<init>(172)) - new 8b3714d9-dd5c-431f-974a-7eaa789e847d@group-AA1429039D20-SegmentedRaftLogWorker for RaftStorage:Storage Directory /workdir/hadoop-ozone/integration-test/target/test-dir/MiniOzoneClusterImpl-c301a8ba-4931-4f65-a02e-7799d4a6f55f/datanode-1/data/ratis/14cca070-8c4a-4ef7-8163-aa1429039d20
2019-09-24 22:45:47,230 [pool-127-thread-1] INFO  server.RaftServerConfigKeys (ConfUtils.java:logGet(43)) - raft.server.log.queue.byte-limit = 2147483647 (custom)
2019-09-24 22:45:47,230 [pool-127-thread-1] INFO  server.RaftServerConfigKeys (ConfUtils.java:logGet(43)) - raft.server.log.queue.element-limit = 1024 (custom)
2019-09-24 22:45:47,230 [pool-127-thread-1] INFO  server.RaftServerConfigKeys (ConfUtils.java:logGet(43)) - raft.server.log.segment.size.max = 1048576 (custom)
2019-09-24 22:45:47,230 [pool-127-thread-1] INFO  server.RaftServerConfigKeys (ConfUtils.java:logGet(43)) - raft.server.log.preallocated.size = 16384 (custom)
2019-09-24 22:45:47,230 [pool-127-thread-1] INFO  server.RaftServerConfigKeys (ConfUtils.java:logGet(43)) - raft.server.log.write.buffer.size = 33554432 (custom)
2019-09-24 22:45:47,230 [pool-127-thread-1] INFO  server.RaftServerConfigKeys (ConfUtils.java:logGet(43)) - raft.server.log.force.sync.num = 128 (default)
2019-09-24 22:45:47,231 [pool-127-thread-1] INFO  server.RaftServerConfigKeys (ConfUtils.java:logGet(43)) - raft.server.log.statemachine.data.sync = true (default)
2019-09-24 22:45:47,231 [pool-127-thread-1] INFO  server.RaftServerConfigKeys (ConfUtils.java:logGet(43)) - raft.server.log.statemachine.data.sync.timeout = 10s (default)
2019-09-24 22:45:47,231 [pool-127-thread-1] INFO  server.RaftServerConfigKeys (ConfUtils.java:logGet(43)) - raft.server.log.statemachine.data.sync.timeout.retry = -1 (default)
2019-09-24 22:45:47,231 [pool-127-thread-1] INFO  server.RaftServerConfigKeys (ConfUtils.java:logGet(43)) - raft.server.log.statemachine.data.caching.enabled = true (custom)
2019-09-24 22:45:47,231 [pool-127-thread-1] INFO  segmented.SegmentedRaftLogWorker (SegmentedRaftLogWorker.java:lambda$new$0(132)) - 8b3714d9-dd5c-431f-974a-7eaa789e847d@group-AA1429039D20-SegmentedRaftLogWorker: flushIndex: setUnconditionally 0 -> -1
2019-09-24 22:45:47,232 [pool-127-thread-1] INFO  server.RaftServerConfigKeys (ConfUtils.java:logGet(43)) - raft.server.snapshot.auto.trigger.enabled = true (custom)
2019-09-24 22:45:47,232 [pool-127-thread-1] INFO  server.RaftServerConfigKeys (ConfUtils.java:logGet(43)) - raft.server.snapshot.auto.trigger.threshold = 10000 (custom)
2019-09-24 22:45:47,232 [pool-127-thread-1] INFO  server.RaftServerConfigKeys (ConfUtils.java:logGet(43)) - raft.server.snapshot.retention.num.files = 5 (custom)
2019-09-24 22:45:47,232 [pool-127-thread-1] INFO  server.RaftServerConfigKeys (ConfUtils.java:logGet(43)) - raft.server.retrycache.expirytime = 600000ms (custom)
2019-09-24 22:45:47,234 [pool-127-thread-1] INFO  impl.RaftServerImpl (RaftServerImpl.java:start(185)) - 8b3714d9-dd5c-431f-974a-7eaa789e847d@group-AA1429039D20: start as a follower, conf=-1: [8b3714d9-dd5c-431f-974a-7eaa789e847d:192.168.151.66:38988], old=null
2019-09-24 22:45:47,234 [pool-127-thread-1] INFO  impl.RaftServerImpl (RaftServerImpl.java:setRole(174)) - 8b3714d9-dd5c-431f-974a-7eaa789e847d@group-AA1429039D20: changes role from      null to FOLLOWER at term 0 for startAsFollower
2019-09-24 22:45:47,234 [pool-127-thread-1] INFO  impl.RoleInfo (RoleInfo.java:updateAndGet(143)) - 8b3714d9-dd5c-431f-974a-7eaa789e847d: start FollowerState
2019-09-24 22:45:47,235 [pool-127-thread-1] INFO  util.JmxRegister (JmxRegister.java:tryRegister(44)) - Successfully registered JMX Bean with object name Ratis:service=RaftServer,group=group-AA1429039D20,id=8b3714d9-dd5c-431f-974a-7eaa789e847d
2019-09-24 22:45:47,240 [RatisPipelineUtilsThread] INFO  pipeline.PipelineStateManager (PipelineStateManager.java:addPipeline(56)) - Created pipeline Pipeline[ Id: 14cca070-8c4a-4ef7-8163-aa1429039d20, Nodes: 8b3714d9-dd5c-431f-974a-7eaa789e847d{ip: 192.168.151.66, host: pr-hdds-2162-v2v4x-1150571016, networkLocation: /default-rack, certSerialId: null}, Type:RATIS, Factor:ONE, State:OPEN]
2019-09-24 22:45:47,251 [grpc-default-executor-0] INFO  impl.RaftServerProxy (RaftServerProxy.java:addNew(89)) - c01d8eb5-e6c7-440d-bfdc-d426acfe1c94: addNew group-B1057A736950:[c01d8eb5-e6c7-440d-bfdc-d426acfe1c94:192.168.151.66:43641] returns group-B1057A736950:java.util.concurrent.CompletableFuture@55ac4e6b[Not completed]
2019-09-24 22:45:47,256 [pool-137-thread-1] INFO  impl.RaftServerImpl (RaftServerImpl.java:<init>(95)) - c01d8eb5-e6c7-440d-bfdc-d426acfe1c94: new RaftServerImpl for group-B1057A736950:[c01d8eb5-e6c7-440d-bfdc-d426acfe1c94:192.168.151.66:43641] with ContainerStateMachine:uninitialized
2019-09-24 22:45:47,256 [pool-137-thread-1] INFO  server.RaftServerConfigKeys (ConfUtils.java:logGet(43)) - raft.server.rpc.timeout.min = 5s (custom)
2019-09-24 22:45:47,256 [pool-137-thread-1] INFO  server.RaftServerConfigKeys (ConfUtils.java:logGet(43)) - raft.server.rpc.timeout.max = 5200ms (custom)
2019-09-24 22:45:47,257 [pool-137-thread-1] INFO  server.RaftServerConfigKeys (ConfUtils.java:logGet(43)) - raft.server.rpcslowness.timeout = 120s (custom)
2019-09-24 22:45:47,257 [pool-137-thread-1] INFO  server.RaftServerConfigKeys (ConfUtils.java:logGet(43)) - raft.server.sleep.deviation.threshold = 300 (default)
2019-09-24 22:45:47,257 [pool-137-thread-1] INFO  server.RaftServerConfigKeys (ConfUtils.java:logGet(43)) - raft.server.log.appender.install.snapshot.enabled = false (custom)
2019-09-24 22:45:47,257 [pool-137-thread-1] INFO  impl.RaftServerImpl (ServerState.java:<init>(103)) - c01d8eb5-e6c7-440d-bfdc-d426acfe1c94@group-B1057A736950: ConfigurationManager, init=-1: [c01d8eb5-e6c7-440d-bfdc-d426acfe1c94:192.168.151.66:43641], old=null, confs=<EMPTY_MAP>
2019-09-24 22:45:47,257 [pool-137-thread-1] INFO  server.RaftServerConfigKeys (ConfUtils.java:logGet(43)) - raft.server.storage.dir = [/workdir/hadoop-ozone/integration-test/target/test-dir/MiniOzoneClusterImpl-c301a8ba-4931-4f65-a02e-7799d4a6f55f/datanode-2/data/ratis] (custom)
2019-09-24 22:45:47,257 [pool-137-thread-1] INFO  storage.RaftStorageDirectory (RaftStorageDirectory.java:analyzeStorage(246)) - The storage directory /workdir/hadoop-ozone/integration-test/target/test-dir/MiniOzoneClusterImpl-c301a8ba-4931-4f65-a02e-7799d4a6f55f/datanode-2/data/ratis/65569f49-4626-4a3f-b713-b1057a736950 does not exist. Creating ...
2019-09-24 22:45:47,270 [pool-137-thread-1] INFO  storage.RaftStorageDirectory (RaftStorageDirectory.java:tryLock(328)) - Lock on /workdir/hadoop-ozone/integration-test/target/test-dir/MiniOzoneClusterImpl-c301a8ba-4931-4f65-a02e-7799d4a6f55f/datanode-2/data/ratis/65569f49-4626-4a3f-b713-b1057a736950/in_use.lock acquired by nodename 31728@pr-hdds-2162-v2v4x-1150571016
2019-09-24 22:45:47,282 [pool-137-thread-1] INFO  storage.RaftStorage (RaftStorage.java:format(72)) - Storage directory /workdir/hadoop-ozone/integration-test/target/test-dir/MiniOzoneClusterImpl-c301a8ba-4931-4f65-a02e-7799d4a6f55f/datanode-2/data/ratis/65569f49-4626-4a3f-b713-b1057a736950 has been successfully formatted.
2019-09-24 22:45:47,283 [pool-137-thread-1] INFO  ratis.ContainerStateMachine (ContainerStateMachine.java:loadSnapshot(230)) - group-B1057A736950: The snapshot info is null. Setting the last applied indexto:(t:0, i:~)
2019-09-24 22:45:47,283 [pool-137-thread-1] INFO  server.RaftServerConfigKeys (ConfUtils.java:logGet(43)) - raft.server.notification.no-leader.timeout = 120s (custom)
2019-09-24 22:45:47,283 [pool-137-thread-1] INFO  server.RaftServerConfigKeys (ConfUtils.java:logGet(43)) - raft.server.log.use.memory = false (default)
2019-09-24 22:45:47,283 [pool-137-thread-1] INFO  server.RaftServerConfigKeys (ConfUtils.java:logGet(43)) - raft.server.log.purge.gap = 1000000 (custom)
2019-09-24 22:45:47,283 [pool-137-thread-1] INFO  server.RaftServerConfigKeys (ConfUtils.java:logGet(43)) - raft.server.log.appender.buffer.byte-limit = 33554432 (custom)
2019-09-24 22:45:47,283 [pool-137-thread-1] INFO  server.RaftServerConfigKeys (ConfUtils.java:logGet(43)) - raft.server.log.segment.size.max = 1048576 (custom)
2019-09-24 22:45:47,284 [pool-137-thread-1] INFO  server.RaftServerConfigKeys (ConfUtils.java:logGet(43)) - raft.server.log.segment.cache.num.max = 2 (custom)
2019-09-24 22:45:47,284 [pool-137-thread-1] INFO  segmented.SegmentedRaftLogWorker (SegmentedRaftLogWorker.java:<init>(172)) - new c01d8eb5-e6c7-440d-bfdc-d426acfe1c94@group-B1057A736950-SegmentedRaftLogWorker for RaftStorage:Storage Directory /workdir/hadoop-ozone/integration-test/target/test-dir/MiniOzoneClusterImpl-c301a8ba-4931-4f65-a02e-7799d4a6f55f/datanode-2/data/ratis/65569f49-4626-4a3f-b713-b1057a736950
2019-09-24 22:45:47,286 [pool-137-thread-1] INFO  server.RaftServerConfigKeys (ConfUtils.java:logGet(43)) - raft.server.log.queue.byte-limit = 2147483647 (custom)
2019-09-24 22:45:47,286 [pool-137-thread-1] INFO  server.RaftServerConfigKeys (ConfUtils.java:logGet(43)) - raft.server.log.queue.element-limit = 1024 (custom)
2019-09-24 22:45:47,286 [pool-137-thread-1] INFO  server.RaftServerConfigKeys (ConfUtils.java:logGet(43)) - raft.server.log.segment.size.max = 1048576 (custom)
2019-09-24 22:45:47,286 [pool-137-thread-1] INFO  server.RaftServerConfigKeys (ConfUtils.java:logGet(43)) - raft.server.log.preallocated.size = 16384 (custom)
2019-09-24 22:45:47,286 [pool-137-thread-1] INFO  server.RaftServerConfigKeys (ConfUtils.java:logGet(43)) - raft.server.log.write.buffer.size = 33554432 (custom)
2019-09-24 22:45:47,286 [pool-137-thread-1] INFO  server.RaftServerConfigKeys (ConfUtils.java:logGet(43)) - raft.server.log.force.sync.num = 128 (default)
2019-09-24 22:45:47,287 [pool-137-thread-1] INFO  server.RaftServerConfigKeys (ConfUtils.java:logGet(43)) - raft.server.log.statemachine.data.sync = true (default)
2019-09-24 22:45:47,287 [pool-137-thread-1] INFO  server.RaftServerConfigKeys (ConfUtils.java:logGet(43)) - raft.server.log.statemachine.data.sync.timeout = 10s (default)
2019-09-24 22:45:47,287 [pool-137-thread-1] INFO  server.RaftServerConfigKeys (ConfUtils.java:logGet(43)) - raft.server.log.statemachine.data.sync.timeout.retry = -1 (default)
2019-09-24 22:45:47,287 [pool-137-thread-1] INFO  server.RaftServerConfigKeys (ConfUtils.java:logGet(43)) - raft.server.log.statemachine.data.caching.enabled = true (custom)
2019-09-24 22:45:47,287 [pool-137-thread-1] INFO  segmented.SegmentedRaftLogWorker (SegmentedRaftLogWorker.java:lambda$new$0(132)) - c01d8eb5-e6c7-440d-bfdc-d426acfe1c94@group-B1057A736950-SegmentedRaftLogWorker: flushIndex: setUnconditionally 0 -> -1
2019-09-24 22:45:47,288 [pool-137-thread-1] INFO  server.RaftServerConfigKeys (ConfUtils.java:logGet(43)) - raft.server.snapshot.auto.trigger.enabled = true (custom)
2019-09-24 22:45:47,288 [pool-137-thread-1] INFO  server.RaftServerConfigKeys (ConfUtils.java:logGet(43)) - raft.server.snapshot.auto.trigger.threshold = 10000 (custom)
2019-09-24 22:45:47,288 [pool-137-thread-1] INFO  server.RaftServerConfigKeys (ConfUtils.java:logGet(43)) - raft.server.snapshot.retention.num.files = 5 (custom)
2019-09-24 22:45:47,288 [pool-137-thread-1] INFO  server.RaftServerConfigKeys (ConfUtils.java:logGet(43)) - raft.server.retrycache.expirytime = 600000ms (custom)
2019-09-24 22:45:47,290 [pool-137-thread-1] INFO  impl.RaftServerImpl (RaftServerImpl.java:start(185)) - c01d8eb5-e6c7-440d-bfdc-d426acfe1c94@group-B1057A736950: start as a follower, conf=-1: [c01d8eb5-e6c7-440d-bfdc-d426acfe1c94:192.168.151.66:43641], old=null
2019-09-24 22:45:47,290 [pool-137-thread-1] INFO  impl.RaftServerImpl (RaftServerImpl.java:setRole(174)) - c01d8eb5-e6c7-440d-bfdc-d426acfe1c94@group-B1057A736950: changes role from      null to FOLLOWER at term 0 for startAsFollower
2019-09-24 22:45:47,290 [pool-137-thread-1] INFO  impl.RoleInfo (RoleInfo.java:updateAndGet(143)) - c01d8eb5-e6c7-440d-bfdc-d426acfe1c94: start FollowerState
2019-09-24 22:45:47,291 [pool-137-thread-1] INFO  util.JmxRegister (JmxRegister.java:tryRegister(44)) - Successfully registered JMX Bean with object name Ratis:service=RaftServer,group=group-B1057A736950,id=c01d8eb5-e6c7-440d-bfdc-d426acfe1c94
2019-09-24 22:45:47,295 [RatisPipelineUtilsThread] INFO  pipeline.PipelineStateManager (PipelineStateManager.java:addPipeline(56)) - Created pipeline Pipeline[ Id: 65569f49-4626-4a3f-b713-b1057a736950, Nodes: c01d8eb5-e6c7-440d-bfdc-d426acfe1c94{ip: 192.168.151.66, host: pr-hdds-2162-v2v4x-1150571016, networkLocation: /default-rack, certSerialId: null}, Type:RATIS, Factor:ONE, State:OPEN]
2019-09-24 22:45:47,300 [IPC Server handler 5 on 40067] INFO  net.NetworkTopology (NetworkTopologyImpl.java:add(111)) - Added a new node: /default-rack/2a05965a-75e8-4c8e-8d07-201cc05f87d1
2019-09-24 22:45:47,301 [IPC Server handler 5 on 40067] INFO  node.SCMNodeManager (SCMNodeManager.java:register(266)) - Registered Data node : 2a05965a-75e8-4c8e-8d07-201cc05f87d1{ip: 192.168.151.66, host: pr-hdds-2162-v2v4x-1150571016, networkLocation: /default-rack, certSerialId: null}
2019-09-24 22:45:47,342 [grpc-default-executor-1] INFO  impl.RaftServerProxy (RaftServerProxy.java:addNew(89)) - 8b3714d9-dd5c-431f-974a-7eaa789e847d: addNew group-730E756918E2:[c01d8eb5-e6c7-440d-bfdc-d426acfe1c94:192.168.151.66:43641, 8b3714d9-dd5c-431f-974a-7eaa789e847d:192.168.151.66:38988, 19f58096-26c7-4e4a-bd6f-c4b3e3485142:192.168.151.66:39620] returns group-730E756918E2:java.util.concurrent.CompletableFuture@266e5a6f[Not completed]
2019-09-24 22:45:47,342 [grpc-default-executor-2] INFO  impl.RaftServerProxy (RaftServerProxy.java:addNew(89)) - c01d8eb5-e6c7-440d-bfdc-d426acfe1c94: addNew group-730E756918E2:[c01d8eb5-e6c7-440d-bfdc-d426acfe1c94:192.168.151.66:43641, 8b3714d9-dd5c-431f-974a-7eaa789e847d:192.168.151.66:38988, 19f58096-26c7-4e4a-bd6f-c4b3e3485142:192.168.151.66:39620] returns group-730E756918E2:java.util.concurrent.CompletableFuture@85f5cad[Not completed]
2019-09-24 22:45:47,342 [grpc-default-executor-0] INFO  impl.RaftServerProxy (RaftServerProxy.java:addNew(89)) - 19f58096-26c7-4e4a-bd6f-c4b3e3485142: addNew group-730E756918E2:[c01d8eb5-e6c7-440d-bfdc-d426acfe1c94:192.168.151.66:43641, 8b3714d9-dd5c-431f-974a-7eaa789e847d:192.168.151.66:38988, 19f58096-26c7-4e4a-bd6f-c4b3e3485142:192.168.151.66:39620] returns group-730E756918E2:java.util.concurrent.CompletableFuture@487e663a[Not completed]
2019-09-24 22:45:47,344 [pool-137-thread-1] INFO  impl.RaftServerImpl (RaftServerImpl.java:<init>(95)) - c01d8eb5-e6c7-440d-bfdc-d426acfe1c94: new RaftServerImpl for group-730E756918E2:[c01d8eb5-e6c7-440d-bfdc-d426acfe1c94:192.168.151.66:43641, 8b3714d9-dd5c-431f-974a-7eaa789e847d:192.168.151.66:38988, 19f58096-26c7-4e4a-bd6f-c4b3e3485142:192.168.151.66:39620] with ContainerStateMachine:uninitialized
2019-09-24 22:45:47,344 [pool-137-thread-1] INFO  server.RaftServerConfigKeys (ConfUtils.java:logGet(43)) - raft.server.rpc.timeout.min = 5s (custom)
2019-09-24 22:45:47,344 [pool-137-thread-1] INFO  server.RaftServerConfigKeys (ConfUtils.java:logGet(43)) - raft.server.rpc.timeout.max = 5200ms (custom)
2019-09-24 22:45:47,344 [pool-137-thread-1] INFO  server.RaftServerConfigKeys (ConfUtils.java:logGet(43)) - raft.server.rpcslowness.timeout = 120s (custom)
2019-09-24 22:45:47,344 [pool-117-thread-1] INFO  impl.RaftServerImpl (RaftServerImpl.java:<init>(95)) - 19f58096-26c7-4e4a-bd6f-c4b3e3485142: new RaftServerImpl for group-730E756918E2:[c01d8eb5-e6c7-440d-bfdc-d426acfe1c94:192.168.151.66:43641, 8b3714d9-dd5c-431f-974a-7eaa789e847d:192.168.151.66:38988, 19f58096-26c7-4e4a-bd6f-c4b3e3485142:192.168.151.66:39620] with ContainerStateMachine:uninitialized
2019-09-24 22:45:47,344 [pool-137-thread-1] INFO  server.RaftServerConfigKeys (ConfUtils.java:logGet(43)) - raft.server.sleep.deviation.threshold = 300 (default)
2019-09-24 22:45:47,344 [pool-117-thread-1] INFO  server.RaftServerConfigKeys (ConfUtils.java:logGet(43)) - raft.server.rpc.timeout.min = 5s (custom)
2019-09-24 22:45:47,344 [pool-137-thread-1] INFO  server.RaftServerConfigKeys (ConfUtils.java:logGet(43)) - raft.server.log.appender.install.snapshot.enabled = false (custom)
2019-09-24 22:45:47,344 [pool-127-thread-1] INFO  impl.RaftServerImpl (RaftServerImpl.java:<init>(95)) - 8b3714d9-dd5c-431f-974a-7eaa789e847d: new RaftServerImpl for group-730E756918E2:[c01d8eb5-e6c7-440d-bfdc-d426acfe1c94:192.168.151.66:43641, 8b3714d9-dd5c-431f-974a-7eaa789e847d:192.168.151.66:38988, 19f58096-26c7-4e4a-bd6f-c4b3e3485142:192.168.151.66:39620] with ContainerStateMachine:uninitialized
2019-09-24 22:45:47,344 [pool-117-thread-1] INFO  server.RaftServerConfigKeys (ConfUtils.java:logGet(43)) - raft.server.rpc.timeout.max = 5200ms (custom)
2019-09-24 22:45:47,345 [pool-127-thread-1] INFO  server.RaftServerConfigKeys (ConfUtils.java:logGet(43)) - raft.server.rpc.timeout.min = 5s (custom)
2019-09-24 22:45:47,345 [pool-137-thread-1] INFO  impl.RaftServerImpl (ServerState.java:<init>(103)) - c01d8eb5-e6c7-440d-bfdc-d426acfe1c94@group-730E756918E2: ConfigurationManager, init=-1: [c01d8eb5-e6c7-440d-bfdc-d426acfe1c94:192.168.151.66:43641, 8b3714d9-dd5c-431f-974a-7eaa789e847d:192.168.151.66:38988, 19f58096-26c7-4e4a-bd6f-c4b3e3485142:192.168.151.66:39620], old=null, confs=<EMPTY_MAP>
2019-09-24 22:45:47,345 [pool-127-thread-1] INFO  server.RaftServerConfigKeys (ConfUtils.java:logGet(43)) - raft.server.rpc.timeout.max = 5200ms (custom)
2019-09-24 22:45:47,345 [pool-117-thread-1] INFO  server.RaftServerConfigKeys (ConfUtils.java:logGet(43)) - raft.server.rpcslowness.timeout = 120s (custom)
2019-09-24 22:45:47,345 [pool-127-thread-1] INFO  server.RaftServerConfigKeys (ConfUtils.java:logGet(43)) - raft.server.rpcslowness.timeout = 120s (custom)
2019-09-24 22:45:47,345 [pool-137-thread-1] INFO  server.RaftServerConfigKeys (ConfUtils.java:logGet(43)) - raft.server.storage.dir = [/workdir/hadoop-ozone/integration-test/target/test-dir/MiniOzoneClusterImpl-c301a8ba-4931-4f65-a02e-7799d4a6f55f/datanode-2/data/ratis] (custom)
2019-09-24 22:45:47,345 [pool-127-thread-1] INFO  server.RaftServerConfigKeys (ConfUtils.java:logGet(43)) - raft.server.sleep.deviation.threshold = 300 (default)
2019-09-24 22:45:47,345 [pool-117-thread-1] INFO  server.RaftServerConfigKeys (ConfUtils.java:logGet(43)) - raft.server.sleep.deviation.threshold = 300 (default)
2019-09-24 22:45:47,346 [pool-127-thread-1] INFO  server.RaftServerConfigKeys (ConfUtils.java:logGet(43)) - raft.server.log.appender.install.snapshot.enabled = false (custom)
2019-09-24 22:45:47,346 [pool-117-thread-1] INFO  server.RaftServerConfigKeys (ConfUtils.java:logGet(43)) - raft.server.log.appender.install.snapshot.enabled = false (custom)
2019-09-24 22:45:47,346 [pool-127-thread-1] INFO  impl.RaftServerImpl (ServerState.java:<init>(103)) - 8b3714d9-dd5c-431f-974a-7eaa789e847d@group-730E756918E2: ConfigurationManager, init=-1: [c01d8eb5-e6c7-440d-bfdc-d426acfe1c94:192.168.151.66:43641, 8b3714d9-dd5c-431f-974a-7eaa789e847d:192.168.151.66:38988, 19f58096-26c7-4e4a-bd6f-c4b3e3485142:192.168.151.66:39620], old=null, confs=<EMPTY_MAP>
2019-09-24 22:45:47,346 [pool-137-thread-1] INFO  storage.RaftStorageDirectory (RaftStorageDirectory.java:analyzeStorage(246)) - The storage directory /workdir/hadoop-ozone/integration-test/target/test-dir/MiniOzoneClusterImpl-c301a8ba-4931-4f65-a02e-7799d4a6f55f/datanode-2/data/ratis/96c91e12-09af-4dcf-971f-730e756918e2 does not exist. Creating ...
2019-09-24 22:45:47,346 [pool-127-thread-1] INFO  server.RaftServerConfigKeys (ConfUtils.java:logGet(43)) - raft.server.storage.dir = [/workdir/hadoop-ozone/integration-test/target/test-dir/MiniOzoneClusterImpl-c301a8ba-4931-4f65-a02e-7799d4a6f55f/datanode-1/data/ratis] (custom)
2019-09-24 22:45:47,346 [pool-117-thread-1] INFO  impl.RaftServerImpl (ServerState.java:<init>(103)) - 19f58096-26c7-4e4a-bd6f-c4b3e3485142@group-730E756918E2: ConfigurationManager, init=-1: [c01d8eb5-e6c7-440d-bfdc-d426acfe1c94:192.168.151.66:43641, 8b3714d9-dd5c-431f-974a-7eaa789e847d:192.168.151.66:38988, 19f58096-26c7-4e4a-bd6f-c4b3e3485142:192.168.151.66:39620], old=null, confs=<EMPTY_MAP>
2019-09-24 22:45:47,346 [pool-117-thread-1] INFO  server.RaftServerConfigKeys (ConfUtils.java:logGet(43)) - raft.server.storage.dir = [/workdir/hadoop-ozone/integration-test/target/test-dir/MiniOzoneClusterImpl-c301a8ba-4931-4f65-a02e-7799d4a6f55f/datanode-0/data/ratis] (custom)
2019-09-24 22:45:47,346 [pool-127-thread-1] INFO  storage.RaftStorageDirectory (RaftStorageDirectory.java:analyzeStorage(246)) - The storage directory /workdir/hadoop-ozone/integration-test/target/test-dir/MiniOzoneClusterImpl-c301a8ba-4931-4f65-a02e-7799d4a6f55f/datanode-1/data/ratis/96c91e12-09af-4dcf-971f-730e756918e2 does not exist. Creating ...
2019-09-24 22:45:47,347 [pool-117-thread-1] INFO  storage.RaftStorageDirectory (RaftStorageDirectory.java:analyzeStorage(246)) - The storage directory /workdir/hadoop-ozone/integration-test/target/test-dir/MiniOzoneClusterImpl-c301a8ba-4931-4f65-a02e-7799d4a6f55f/datanode-0/data/ratis/96c91e12-09af-4dcf-971f-730e756918e2 does not exist. Creating ...
2019-09-24 22:45:47,372 [pool-117-thread-1] INFO  storage.RaftStorageDirectory (RaftStorageDirectory.java:tryLock(328)) - Lock on /workdir/hadoop-ozone/integration-test/target/test-dir/MiniOzoneClusterImpl-c301a8ba-4931-4f65-a02e-7799d4a6f55f/datanode-0/data/ratis/96c91e12-09af-4dcf-971f-730e756918e2/in_use.lock acquired by nodename 31728@pr-hdds-2162-v2v4x-1150571016
2019-09-24 22:45:47,372 [pool-137-thread-1] INFO  storage.RaftStorageDirectory (RaftStorageDirectory.java:tryLock(328)) - Lock on /workdir/hadoop-ozone/integration-test/target/test-dir/MiniOzoneClusterImpl-c301a8ba-4931-4f65-a02e-7799d4a6f55f/datanode-2/data/ratis/96c91e12-09af-4dcf-971f-730e756918e2/in_use.lock acquired by nodename 31728@pr-hdds-2162-v2v4x-1150571016
2019-09-24 22:45:47,372 [pool-127-thread-1] INFO  storage.RaftStorageDirectory (RaftStorageDirectory.java:tryLock(328)) - Lock on /workdir/hadoop-ozone/integration-test/target/test-dir/MiniOzoneClusterImpl-c301a8ba-4931-4f65-a02e-7799d4a6f55f/datanode-1/data/ratis/96c91e12-09af-4dcf-971f-730e756918e2/in_use.lock acquired by nodename 31728@pr-hdds-2162-v2v4x-1150571016
2019-09-24 22:45:47,374 [IPC Server handler 6 on 40067] INFO  net.NetworkTopology (NetworkTopologyImpl.java:add(111)) - Added a new node: /default-rack/04af903f-8ea6-4205-8b84-3e9c4eb37e77
2019-09-24 22:45:47,374 [IPC Server handler 6 on 40067] INFO  node.SCMNodeManager (SCMNodeManager.java:register(266)) - Registered Data node : 04af903f-8ea6-4205-8b84-3e9c4eb37e77{ip: 192.168.151.66, host: pr-hdds-2162-v2v4x-1150571016, networkLocation: /default-rack, certSerialId: null}
2019-09-24 22:45:47,385 [pool-127-thread-1] INFO  storage.RaftStorage (RaftStorage.java:format(72)) - Storage directory /workdir/hadoop-ozone/integration-test/target/test-dir/MiniOzoneClusterImpl-c301a8ba-4931-4f65-a02e-7799d4a6f55f/datanode-1/data/ratis/96c91e12-09af-4dcf-971f-730e756918e2 has been successfully formatted.
2019-09-24 22:45:47,385 [pool-137-thread-1] INFO  storage.RaftStorage (RaftStorage.java:format(72)) - Storage directory /workdir/hadoop-ozone/integration-test/target/test-dir/MiniOzoneClusterImpl-c301a8ba-4931-4f65-a02e-7799d4a6f55f/datanode-2/data/ratis/96c91e12-09af-4dcf-971f-730e756918e2 has been successfully formatted.
2019-09-24 22:45:47,385 [pool-117-thread-1] INFO  storage.RaftStorage (RaftStorage.java:format(72)) - Storage directory /workdir/hadoop-ozone/integration-test/target/test-dir/MiniOzoneClusterImpl-c301a8ba-4931-4f65-a02e-7799d4a6f55f/datanode-0/data/ratis/96c91e12-09af-4dcf-971f-730e756918e2 has been successfully formatted.
2019-09-24 22:45:47,385 [pool-127-thread-1] INFO  ratis.ContainerStateMachine (ContainerStateMachine.java:loadSnapshot(230)) - group-730E756918E2: The snapshot info is null. Setting the last applied indexto:(t:0, i:~)
2019-09-24 22:45:47,385 [pool-117-thread-1] INFO  ratis.ContainerStateMachine (ContainerStateMachine.java:loadSnapshot(230)) - group-730E756918E2: The snapshot info is null. Setting the last applied indexto:(t:0, i:~)
2019-09-24 22:45:47,385 [pool-137-thread-1] INFO  ratis.ContainerStateMachine (ContainerStateMachine.java:loadSnapshot(230)) - group-730E756918E2: The snapshot info is null. Setting the last applied indexto:(t:0, i:~)
2019-09-24 22:45:47,386 [pool-117-thread-1] INFO  server.RaftServerConfigKeys (ConfUtils.java:logGet(43)) - raft.server.notification.no-leader.timeout = 120s (custom)
2019-09-24 22:45:47,385 [pool-127-thread-1] INFO  server.RaftServerConfigKeys (ConfUtils.java:logGet(43)) - raft.server.notification.no-leader.timeout = 120s (custom)
2019-09-24 22:45:47,386 [pool-117-thread-1] INFO  server.RaftServerConfigKeys (ConfUtils.java:logGet(43)) - raft.server.log.use.memory = false (default)
2019-09-24 22:45:47,386 [pool-137-thread-1] INFO  server.RaftServerConfigKeys (ConfUtils.java:logGet(43)) - raft.server.notification.no-leader.timeout = 120s (custom)
2019-09-24 22:45:47,386 [pool-117-thread-1] INFO  server.RaftServerConfigKeys (ConfUtils.java:logGet(43)) - raft.server.log.purge.gap = 1000000 (custom)
2019-09-24 22:45:47,386 [pool-127-thread-1] INFO  server.RaftServerConfigKeys (ConfUtils.java:logGet(43)) - raft.server.log.use.memory = false (default)
2019-09-24 22:45:47,386 [pool-117-thread-1] INFO  server.RaftServerConfigKeys (ConfUtils.java:logGet(43)) - raft.server.log.appender.buffer.byte-limit = 33554432 (custom)
2019-09-24 22:45:47,386 [pool-137-thread-1] INFO  server.RaftServerConfigKeys (ConfUtils.java:logGet(43)) - raft.server.log.use.memory = false (default)
2019-09-24 22:45:47,387 [pool-117-thread-1] INFO  server.RaftServerConfigKeys (ConfUtils.java:logGet(43)) - raft.server.log.segment.size.max = 1048576 (custom)
2019-09-24 22:45:47,386 [pool-127-thread-1] INFO  server.RaftServerConfigKeys (ConfUtils.java:logGet(43)) - raft.server.log.purge.gap = 1000000 (custom)
2019-09-24 22:45:47,387 [pool-117-thread-1] INFO  server.RaftServerConfigKeys (ConfUtils.java:logGet(43)) - raft.server.log.segment.cache.num.max = 2 (custom)
2019-09-24 22:45:47,387 [pool-137-thread-1] INFO  server.RaftServerConfigKeys (ConfUtils.java:logGet(43)) - raft.server.log.purge.gap = 1000000 (custom)
2019-09-24 22:45:47,387 [pool-117-thread-1] INFO  segmented.SegmentedRaftLogWorker (SegmentedRaftLogWorker.java:<init>(172)) - new 19f58096-26c7-4e4a-bd6f-c4b3e3485142@group-730E756918E2-SegmentedRaftLogWorker for RaftStorage:Storage Directory /workdir/hadoop-ozone/integration-test/target/test-dir/MiniOzoneClusterImpl-c301a8ba-4931-4f65-a02e-7799d4a6f55f/datanode-0/data/ratis/96c91e12-09af-4dcf-971f-730e756918e2
2019-09-24 22:45:47,387 [pool-127-thread-1] INFO  server.RaftServerConfigKeys (ConfUtils.java:logGet(43)) - raft.server.log.appender.buffer.byte-limit = 33554432 (custom)
2019-09-24 22:45:47,387 [pool-117-thread-1] INFO  server.RaftServerConfigKeys (ConfUtils.java:logGet(43)) - raft.server.log.queue.byte-limit = 2147483647 (custom)
2019-09-24 22:45:47,387 [pool-137-thread-1] INFO  server.RaftServerConfigKeys (ConfUtils.java:logGet(43)) - raft.server.log.appender.buffer.byte-limit = 33554432 (custom)
2019-09-24 22:45:47,388 [pool-117-thread-1] INFO  server.RaftServerConfigKeys (ConfUtils.java:logGet(43)) - raft.server.log.queue.element-limit = 1024 (custom)
2019-09-24 22:45:47,388 [pool-127-thread-1] INFO  server.RaftServerConfigKeys (ConfUtils.java:logGet(43)) - raft.server.log.segment.size.max = 1048576 (custom)
2019-09-24 22:45:47,388 [pool-117-thread-1] INFO  server.RaftServerConfigKeys (ConfUtils.java:logGet(43)) - raft.server.log.segment.size.max = 1048576 (custom)
2019-09-24 22:45:47,388 [pool-137-thread-1] INFO  server.RaftServerConfigKeys (ConfUtils.java:logGet(43)) - raft.server.log.segment.size.max = 1048576 (custom)
2019-09-24 22:45:47,388 [pool-117-thread-1] INFO  server.RaftServerConfigKeys (ConfUtils.java:logGet(43)) - raft.server.log.preallocated.size = 16384 (custom)
2019-09-24 22:45:47,388 [pool-127-thread-1] INFO  server.RaftServerConfigKeys (ConfUtils.java:logGet(43)) - raft.server.log.segment.cache.num.max = 2 (custom)
2019-09-24 22:45:47,388 [pool-117-thread-1] INFO  server.RaftServerConfigKeys (ConfUtils.java:logGet(43)) - raft.server.log.write.buffer.size = 33554432 (custom)
2019-09-24 22:45:47,388 [pool-137-thread-1] INFO  server.RaftServerConfigKeys (ConfUtils.java:logGet(43)) - raft.server.log.segment.cache.num.max = 2 (custom)
2019-09-24 22:45:47,389 [pool-117-thread-1] INFO  server.RaftServerConfigKeys (ConfUtils.java:logGet(43)) - raft.server.log.force.sync.num = 128 (default)
2019-09-24 22:45:47,389 [pool-117-thread-1] INFO  server.RaftServerConfigKeys (ConfUtils.java:logGet(43)) - raft.server.log.statemachine.data.sync = true (default)
2019-09-24 22:45:47,389 [pool-127-thread-1] INFO  segmented.SegmentedRaftLogWorker (SegmentedRaftLogWorker.java:<init>(172)) - new 8b3714d9-dd5c-431f-974a-7eaa789e847d@group-730E756918E2-SegmentedRaftLogWorker for RaftStorage:Storage Directory /workdir/hadoop-ozone/integration-test/target/test-dir/MiniOzoneClusterImpl-c301a8ba-4931-4f65-a02e-7799d4a6f55f/datanode-1/data/ratis/96c91e12-09af-4dcf-971f-730e756918e2
2019-09-24 22:45:47,389 [pool-117-thread-1] INFO  server.RaftServerConfigKeys (ConfUtils.java:logGet(43)) - raft.server.log.statemachine.data.sync.timeout = 10s (default)
2019-09-24 22:45:47,389 [pool-137-thread-1] INFO  segmented.SegmentedRaftLogWorker (SegmentedRaftLogWorker.java:<init>(172)) - new c01d8eb5-e6c7-440d-bfdc-d426acfe1c94@group-730E756918E2-SegmentedRaftLogWorker for RaftStorage:Storage Directory /workdir/hadoop-ozone/integration-test/target/test-dir/MiniOzoneClusterImpl-c301a8ba-4931-4f65-a02e-7799d4a6f55f/datanode-2/data/ratis/96c91e12-09af-4dcf-971f-730e756918e2
2019-09-24 22:45:47,389 [pool-117-thread-1] INFO  server.RaftServerConfigKeys (ConfUtils.java:logGet(43)) - raft.server.log.statemachine.data.sync.timeout.retry = -1 (default)
2019-09-24 22:45:47,389 [pool-127-thread-1] INFO  server.RaftServerConfigKeys (ConfUtils.java:logGet(43)) - raft.server.log.queue.byte-limit = 2147483647 (custom)
2019-09-24 22:45:47,390 [pool-117-thread-1] INFO  server.RaftServerConfigKeys (ConfUtils.java:logGet(43)) - raft.server.log.statemachine.data.caching.enabled = true (custom)
2019-09-24 22:45:47,390 [pool-137-thread-1] INFO  server.RaftServerConfigKeys (ConfUtils.java:logGet(43)) - raft.server.log.queue.byte-limit = 2147483647 (custom)
2019-09-24 22:45:47,390 [pool-127-thread-1] INFO  server.RaftServerConfigKeys (ConfUtils.java:logGet(43)) - raft.server.log.queue.element-limit = 1024 (custom)
2019-09-24 22:45:47,390 [pool-117-thread-1] INFO  segmented.SegmentedRaftLogWorker (SegmentedRaftLogWorker.java:lambda$new$0(132)) - 19f58096-26c7-4e4a-bd6f-c4b3e3485142@group-730E756918E2-SegmentedRaftLogWorker: flushIndex: setUnconditionally 0 -> -1
2019-09-24 22:45:47,390 [pool-137-thread-1] INFO  server.RaftServerConfigKeys (ConfUtils.java:logGet(43)) - raft.server.log.queue.element-limit = 1024 (custom)
2019-09-24 22:45:47,390 [pool-127-thread-1] INFO  server.RaftServerConfigKeys (ConfUtils.java:logGet(43)) - raft.server.log.segment.size.max = 1048576 (custom)
2019-09-24 22:45:47,391 [pool-137-thread-1] INFO  server.RaftServerConfigKeys (ConfUtils.java:logGet(43)) - raft.server.log.segment.size.max = 1048576 (custom)
2019-09-24 22:45:47,391 [pool-117-thread-1] INFO  server.RaftServerConfigKeys (ConfUtils.java:logGet(43)) - raft.server.snapshot.auto.trigger.enabled = true (custom)
2019-09-24 22:45:47,391 [pool-137-thread-1] INFO  server.RaftServerConfigKeys (ConfUtils.java:logGet(43)) - raft.server.log.preallocated.size = 16384 (custom)
2019-09-24 22:45:47,391 [pool-127-thread-1] INFO  server.RaftServerConfigKeys (ConfUtils.java:logGet(43)) - raft.server.log.preallocated.size = 16384 (custom)
2019-09-24 22:45:47,391 [pool-137-thread-1] INFO  server.RaftServerConfigKeys (ConfUtils.java:logGet(43)) - raft.server.log.write.buffer.size = 33554432 (custom)
2019-09-24 22:45:47,391 [pool-117-thread-1] INFO  server.RaftServerConfigKeys (ConfUtils.java:logGet(43)) - raft.server.snapshot.auto.trigger.threshold = 10000 (custom)
2019-09-24 22:45:47,391 [pool-137-thread-1] INFO  server.RaftServerConfigKeys (ConfUtils.java:logGet(43)) - raft.server.log.force.sync.num = 128 (default)
2019-09-24 22:45:47,391 [pool-127-thread-1] INFO  server.RaftServerConfigKeys (ConfUtils.java:logGet(43)) - raft.server.log.write.buffer.size = 33554432 (custom)
2019-09-24 22:45:47,392 [pool-137-thread-1] INFO  server.RaftServerConfigKeys (ConfUtils.java:logGet(43)) - raft.server.log.statemachine.data.sync = true (default)
2019-09-24 22:45:47,391 [pool-117-thread-1] INFO  server.RaftServerConfigKeys (ConfUtils.java:logGet(43)) - raft.server.snapshot.retention.num.files = 5 (custom)
2019-09-24 22:45:47,392 [pool-127-thread-1] INFO  server.RaftServerConfigKeys (ConfUtils.java:logGet(43)) - raft.server.log.force.sync.num = 128 (default)
2019-09-24 22:45:47,392 [pool-117-thread-1] INFO  server.RaftServerConfigKeys (ConfUtils.java:logGet(43)) - raft.server.retrycache.expirytime = 600000ms (custom)
2019-09-24 22:45:47,392 [pool-137-thread-1] INFO  server.RaftServerConfigKeys (ConfUtils.java:logGet(43)) - raft.server.log.statemachine.data.sync.timeout = 10s (default)
2019-09-24 22:45:47,392 [pool-127-thread-1] INFO  server.RaftServerConfigKeys (ConfUtils.java:logGet(43)) - raft.server.log.statemachine.data.sync = true (default)
2019-09-24 22:45:47,392 [pool-137-thread-1] INFO  server.RaftServerConfigKeys (ConfUtils.java:logGet(43)) - raft.server.log.statemachine.data.sync.timeout.retry = -1 (default)
2019-09-24 22:45:47,393 [pool-127-thread-1] INFO  server.RaftServerConfigKeys (ConfUtils.java:logGet(43)) - raft.server.log.statemachine.data.sync.timeout = 10s (default)
2019-09-24 22:45:47,393 [pool-137-thread-1] INFO  server.RaftServerConfigKeys (ConfUtils.java:logGet(43)) - raft.server.log.statemachine.data.caching.enabled = true (custom)
2019-09-24 22:45:47,393 [pool-127-thread-1] INFO  server.RaftServerConfigKeys (ConfUtils.java:logGet(43)) - raft.server.log.statemachine.data.sync.timeout.retry = -1 (default)
2019-09-24 22:45:47,393 [pool-137-thread-1] INFO  segmented.SegmentedRaftLogWorker (SegmentedRaftLogWorker.java:lambda$new$0(132)) - c01d8eb5-e6c7-440d-bfdc-d426acfe1c94@group-730E756918E2-SegmentedRaftLogWorker: flushIndex: setUnconditionally 0 -> -1
2019-09-24 22:45:47,393 [pool-127-thread-1] INFO  server.RaftServerConfigKeys (ConfUtils.java:logGet(43)) - raft.server.log.statemachine.data.caching.enabled = true (custom)
2019-09-24 22:45:47,394 [pool-137-thread-1] INFO  server.RaftServerConfigKeys (ConfUtils.java:logGet(43)) - raft.server.snapshot.auto.trigger.enabled = true (custom)
2019-09-24 22:45:47,394 [pool-127-thread-1] INFO  segmented.SegmentedRaftLogWorker (SegmentedRaftLogWorker.java:lambda$new$0(132)) - 8b3714d9-dd5c-431f-974a-7eaa789e847d@group-730E756918E2-SegmentedRaftLogWorker: flushIndex: setUnconditionally 0 -> -1
2019-09-24 22:45:47,394 [pool-137-thread-1] INFO  server.RaftServerConfigKeys (ConfUtils.java:logGet(43)) - raft.server.snapshot.auto.trigger.threshold = 10000 (custom)
2019-09-24 22:45:47,394 [pool-127-thread-1] INFO  server.RaftServerConfigKeys (ConfUtils.java:logGet(43)) - raft.server.snapshot.auto.trigger.enabled = true (custom)
2019-09-24 22:45:47,394 [pool-137-thread-1] INFO  server.RaftServerConfigKeys (ConfUtils.java:logGet(43)) - raft.server.snapshot.retention.num.files = 5 (custom)
2019-09-24 22:45:47,394 [pool-117-thread-1] INFO  impl.RaftServerImpl (RaftServerImpl.java:start(185)) - 19f58096-26c7-4e4a-bd6f-c4b3e3485142@group-730E756918E2: start as a follower, conf=-1: [c01d8eb5-e6c7-440d-bfdc-d426acfe1c94:192.168.151.66:43641, 8b3714d9-dd5c-431f-974a-7eaa789e847d:192.168.151.66:38988, 19f58096-26c7-4e4a-bd6f-c4b3e3485142:192.168.151.66:39620], old=null
2019-09-24 22:45:47,394 [pool-127-thread-1] INFO  server.RaftServerConfigKeys (ConfUtils.java:logGet(43)) - raft.server.snapshot.auto.trigger.threshold = 10000 (custom)
2019-09-24 22:45:47,395 [pool-117-thread-1] INFO  impl.RaftServerImpl (RaftServerImpl.java:setRole(174)) - 19f58096-26c7-4e4a-bd6f-c4b3e3485142@group-730E756918E2: changes role from      null to FOLLOWER at term 0 for startAsFollower
2019-09-24 22:45:47,394 [pool-137-thread-1] INFO  server.RaftServerConfigKeys (ConfUtils.java:logGet(43)) - raft.server.retrycache.expirytime = 600000ms (custom)
2019-09-24 22:45:47,395 [pool-117-thread-1] INFO  impl.RoleInfo (RoleInfo.java:updateAndGet(143)) - 19f58096-26c7-4e4a-bd6f-c4b3e3485142: start FollowerState
2019-09-24 22:45:47,395 [pool-127-thread-1] INFO  server.RaftServerConfigKeys (ConfUtils.java:logGet(43)) - raft.server.snapshot.retention.num.files = 5 (custom)
2019-09-24 22:45:47,395 [pool-127-thread-1] INFO  server.RaftServerConfigKeys (ConfUtils.java:logGet(43)) - raft.server.retrycache.expirytime = 600000ms (custom)
2019-09-24 22:45:47,395 [pool-117-thread-1] INFO  util.JmxRegister (JmxRegister.java:tryRegister(44)) - Successfully registered JMX Bean with object name Ratis:service=RaftServer,group=group-730E756918E2,id=19f58096-26c7-4e4a-bd6f-c4b3e3485142
2019-09-24 22:45:47,400 [pool-137-thread-1] INFO  impl.RaftServerImpl (RaftServerImpl.java:start(185)) - c01d8eb5-e6c7-440d-bfdc-d426acfe1c94@group-730E756918E2: start as a follower, conf=-1: [c01d8eb5-e6c7-440d-bfdc-d426acfe1c94:192.168.151.66:43641, 8b3714d9-dd5c-431f-974a-7eaa789e847d:192.168.151.66:38988, 19f58096-26c7-4e4a-bd6f-c4b3e3485142:192.168.151.66:39620], old=null
2019-09-24 22:45:47,400 [pool-137-thread-1] INFO  impl.RaftServerImpl (RaftServerImpl.java:setRole(174)) - c01d8eb5-e6c7-440d-bfdc-d426acfe1c94@group-730E756918E2: changes role from      null to FOLLOWER at term 0 for startAsFollower
2019-09-24 22:45:47,400 [pool-127-thread-1] INFO  impl.RaftServerImpl (RaftServerImpl.java:start(185)) - 8b3714d9-dd5c-431f-974a-7eaa789e847d@group-730E756918E2: start as a follower, conf=-1: [c01d8eb5-e6c7-440d-bfdc-d426acfe1c94:192.168.151.66:43641, 8b3714d9-dd5c-431f-974a-7eaa789e847d:192.168.151.66:38988, 19f58096-26c7-4e4a-bd6f-c4b3e3485142:192.168.151.66:39620], old=null
2019-09-24 22:45:47,400 [pool-137-thread-1] INFO  impl.RoleInfo (RoleInfo.java:updateAndGet(143)) - c01d8eb5-e6c7-440d-bfdc-d426acfe1c94: start FollowerState
2019-09-24 22:45:47,401 [pool-127-thread-1] INFO  impl.RaftServerImpl (RaftServerImpl.java:setRole(174)) - 8b3714d9-dd5c-431f-974a-7eaa789e847d@group-730E756918E2: changes role from      null to FOLLOWER at term 0 for startAsFollower
2019-09-24 22:45:47,401 [pool-127-thread-1] INFO  impl.RoleInfo (RoleInfo.java:updateAndGet(143)) - 8b3714d9-dd5c-431f-974a-7eaa789e847d: start FollowerState
2019-09-24 22:45:47,401 [pool-137-thread-1] INFO  util.JmxRegister (JmxRegister.java:tryRegister(44)) - Successfully registered JMX Bean with object name Ratis:service=RaftServer,group=group-730E756918E2,id=c01d8eb5-e6c7-440d-bfdc-d426acfe1c94
2019-09-24 22:45:47,401 [pool-127-thread-1] INFO  util.JmxRegister (JmxRegister.java:tryRegister(44)) - Successfully registered JMX Bean with object name Ratis:service=RaftServer,group=group-730E756918E2,id=8b3714d9-dd5c-431f-974a-7eaa789e847d
2019-09-24 22:45:47,410 [RatisPipelineUtilsThread] INFO  pipeline.PipelineStateManager (PipelineStateManager.java:addPipeline(56)) - Created pipeline Pipeline[ Id: 96c91e12-09af-4dcf-971f-730e756918e2, Nodes: c01d8eb5-e6c7-440d-bfdc-d426acfe1c94{ip: 192.168.151.66, host: pr-hdds-2162-v2v4x-1150571016, networkLocation: /default-rack, certSerialId: null}19f58096-26c7-4e4a-bd6f-c4b3e3485142{ip: 192.168.151.66, host: pr-hdds-2162-v2v4x-1150571016, networkLocation: /default-rack, certSerialId: null}8b3714d9-dd5c-431f-974a-7eaa789e847d{ip: 192.168.151.66, host: pr-hdds-2162-v2v4x-1150571016, networkLocation: /default-rack, certSerialId: null}, Type:RATIS, Factor:THREE, State:OPEN]
2019-09-24 22:45:47,426 [grpc-default-executor-0] INFO  impl.RaftServerProxy (RaftServerProxy.java:addNew(89)) - 2a05965a-75e8-4c8e-8d07-201cc05f87d1: addNew group-0B1414920208:[2a05965a-75e8-4c8e-8d07-201cc05f87d1:192.168.151.66:44187] returns group-0B1414920208:java.util.concurrent.CompletableFuture@146a78db[Not completed]
2019-09-24 22:45:47,430 [pool-147-thread-1] INFO  impl.RaftServerImpl (RaftServerImpl.java:<init>(95)) - 2a05965a-75e8-4c8e-8d07-201cc05f87d1: new RaftServerImpl for group-0B1414920208:[2a05965a-75e8-4c8e-8d07-201cc05f87d1:192.168.151.66:44187] with ContainerStateMachine:uninitialized
2019-09-24 22:45:47,431 [pool-147-thread-1] INFO  server.RaftServerConfigKeys (ConfUtils.java:logGet(43)) - raft.server.rpc.timeout.min = 5s (custom)
2019-09-24 22:45:47,432 [pool-147-thread-1] INFO  server.RaftServerConfigKeys (ConfUtils.java:logGet(43)) - raft.server.rpc.timeout.max = 5200ms (custom)
2019-09-24 22:45:47,432 [pool-147-thread-1] INFO  server.RaftServerConfigKeys (ConfUtils.java:logGet(43)) - raft.server.rpcslowness.timeout = 120s (custom)
2019-09-24 22:45:47,432 [pool-147-thread-1] INFO  server.RaftServerConfigKeys (ConfUtils.java:logGet(43)) - raft.server.sleep.deviation.threshold = 300 (default)
2019-09-24 22:45:47,432 [pool-147-thread-1] INFO  server.RaftServerConfigKeys (ConfUtils.java:logGet(43)) - raft.server.log.appender.install.snapshot.enabled = false (custom)
2019-09-24 22:45:47,432 [pool-147-thread-1] INFO  impl.RaftServerImpl (ServerState.java:<init>(103)) - 2a05965a-75e8-4c8e-8d07-201cc05f87d1@group-0B1414920208: ConfigurationManager, init=-1: [2a05965a-75e8-4c8e-8d07-201cc05f87d1:192.168.151.66:44187], old=null, confs=<EMPTY_MAP>
2019-09-24 22:45:47,432 [pool-147-thread-1] INFO  server.RaftServerConfigKeys (ConfUtils.java:logGet(43)) - raft.server.storage.dir = [/workdir/hadoop-ozone/integration-test/target/test-dir/MiniOzoneClusterImpl-c301a8ba-4931-4f65-a02e-7799d4a6f55f/datanode-3/data/ratis] (custom)
2019-09-24 22:45:47,432 [pool-147-thread-1] INFO  storage.RaftStorageDirectory (RaftStorageDirectory.java:analyzeStorage(246)) - The storage directory /workdir/hadoop-ozone/integration-test/target/test-dir/MiniOzoneClusterImpl-c301a8ba-4931-4f65-a02e-7799d4a6f55f/datanode-3/data/ratis/f0d524cb-0ead-4cb0-b3be-0b1414920208 does not exist. Creating ...
2019-09-24 22:45:47,449 [pool-147-thread-1] INFO  storage.RaftStorageDirectory (RaftStorageDirectory.java:tryLock(328)) - Lock on /workdir/hadoop-ozone/integration-test/target/test-dir/MiniOzoneClusterImpl-c301a8ba-4931-4f65-a02e-7799d4a6f55f/datanode-3/data/ratis/f0d524cb-0ead-4cb0-b3be-0b1414920208/in_use.lock acquired by nodename 31728@pr-hdds-2162-v2v4x-1150571016
2019-09-24 22:45:47,458 [IPC Server handler 0 on 40067] INFO  net.NetworkTopology (NetworkTopologyImpl.java:add(111)) - Added a new node: /default-rack/6cc2e494-d13a-41ea-8905-b03559cae07d
2019-09-24 22:45:47,459 [IPC Server handler 0 on 40067] INFO  node.SCMNodeManager (SCMNodeManager.java:register(266)) - Registered Data node : 6cc2e494-d13a-41ea-8905-b03559cae07d{ip: 192.168.151.66, host: pr-hdds-2162-v2v4x-1150571016, networkLocation: /default-rack, certSerialId: null}
2019-09-24 22:45:47,462 [pool-147-thread-1] INFO  storage.RaftStorage (RaftStorage.java:format(72)) - Storage directory /workdir/hadoop-ozone/integration-test/target/test-dir/MiniOzoneClusterImpl-c301a8ba-4931-4f65-a02e-7799d4a6f55f/datanode-3/data/ratis/f0d524cb-0ead-4cb0-b3be-0b1414920208 has been successfully formatted.
2019-09-24 22:45:47,463 [pool-147-thread-1] INFO  ratis.ContainerStateMachine (ContainerStateMachine.java:loadSnapshot(230)) - group-0B1414920208: The snapshot info is null. Setting the last applied indexto:(t:0, i:~)
2019-09-24 22:45:47,463 [pool-147-thread-1] INFO  server.RaftServerConfigKeys (ConfUtils.java:logGet(43)) - raft.server.notification.no-leader.timeout = 120s (custom)
2019-09-24 22:45:47,463 [pool-147-thread-1] INFO  server.RaftServerConfigKeys (ConfUtils.java:logGet(43)) - raft.server.log.use.memory = false (default)
2019-09-24 22:45:47,463 [pool-147-thread-1] INFO  server.RaftServerConfigKeys (ConfUtils.java:logGet(43)) - raft.server.log.purge.gap = 1000000 (custom)
2019-09-24 22:45:47,463 [pool-147-thread-1] INFO  server.RaftServerConfigKeys (ConfUtils.java:logGet(43)) - raft.server.log.appender.buffer.byte-limit = 33554432 (custom)
2019-09-24 22:45:47,463 [pool-147-thread-1] INFO  server.RaftServerConfigKeys (ConfUtils.java:logGet(43)) - raft.server.log.segment.size.max = 1048576 (custom)
2019-09-24 22:45:47,463 [pool-147-thread-1] INFO  server.RaftServerConfigKeys (ConfUtils.java:logGet(43)) - raft.server.log.segment.cache.num.max = 2 (custom)
2019-09-24 22:45:47,464 [pool-147-thread-1] INFO  segmented.SegmentedRaftLogWorker (SegmentedRaftLogWorker.java:<init>(172)) - new 2a05965a-75e8-4c8e-8d07-201cc05f87d1@group-0B1414920208-SegmentedRaftLogWorker for RaftStorage:Storage Directory /workdir/hadoop-ozone/integration-test/target/test-dir/MiniOzoneClusterImpl-c301a8ba-4931-4f65-a02e-7799d4a6f55f/datanode-3/data/ratis/f0d524cb-0ead-4cb0-b3be-0b1414920208
2019-09-24 22:45:47,465 [pool-147-thread-1] INFO  server.RaftServerConfigKeys (ConfUtils.java:logGet(43)) - raft.server.log.queue.byte-limit = 2147483647 (custom)
2019-09-24 22:45:47,465 [pool-147-thread-1] INFO  server.RaftServerConfigKeys (ConfUtils.java:logGet(43)) - raft.server.log.queue.element-limit = 1024 (custom)
2019-09-24 22:45:47,465 [pool-147-thread-1] INFO  server.RaftServerConfigKeys (ConfUtils.java:logGet(43)) - raft.server.log.segment.size.max = 1048576 (custom)
2019-09-24 22:45:47,466 [pool-147-thread-1] INFO  server.RaftServerConfigKeys (ConfUtils.java:logGet(43)) - raft.server.log.preallocated.size = 16384 (custom)
2019-09-24 22:45:47,466 [pool-147-thread-1] INFO  server.RaftServerConfigKeys (ConfUtils.java:logGet(43)) - raft.server.log.write.buffer.size = 33554432 (custom)
2019-09-24 22:45:47,466 [pool-147-thread-1] INFO  server.RaftServerConfigKeys (ConfUtils.java:logGet(43)) - raft.server.log.force.sync.num = 128 (default)
2019-09-24 22:45:47,466 [pool-147-thread-1] INFO  server.RaftServerConfigKeys (ConfUtils.java:logGet(43)) - raft.server.log.statemachine.data.sync = true (default)
2019-09-24 22:45:47,466 [pool-147-thread-1] INFO  server.RaftServerConfigKeys (ConfUtils.java:logGet(43)) - raft.server.log.statemachine.data.sync.timeout = 10s (default)
2019-09-24 22:45:47,466 [pool-147-thread-1] INFO  server.RaftServerConfigKeys (ConfUtils.java:logGet(43)) - raft.server.log.statemachine.data.sync.timeout.retry = -1 (default)
2019-09-24 22:45:47,466 [pool-147-thread-1] INFO  server.RaftServerConfigKeys (ConfUtils.java:logGet(43)) - raft.server.log.statemachine.data.caching.enabled = true (custom)
2019-09-24 22:45:47,467 [pool-147-thread-1] INFO  segmented.SegmentedRaftLogWorker (SegmentedRaftLogWorker.java:lambda$new$0(132)) - 2a05965a-75e8-4c8e-8d07-201cc05f87d1@group-0B1414920208-SegmentedRaftLogWorker: flushIndex: setUnconditionally 0 -> -1
2019-09-24 22:45:47,467 [pool-147-thread-1] INFO  server.RaftServerConfigKeys (ConfUtils.java:logGet(43)) - raft.server.snapshot.auto.trigger.enabled = true (custom)
2019-09-24 22:45:47,467 [pool-147-thread-1] INFO  server.RaftServerConfigKeys (ConfUtils.java:logGet(43)) - raft.server.snapshot.auto.trigger.threshold = 10000 (custom)
2019-09-24 22:45:47,467 [pool-147-thread-1] INFO  server.RaftServerConfigKeys (ConfUtils.java:logGet(43)) - raft.server.snapshot.retention.num.files = 5 (custom)
2019-09-24 22:45:47,467 [pool-147-thread-1] INFO  server.RaftServerConfigKeys (ConfUtils.java:logGet(43)) - raft.server.retrycache.expirytime = 600000ms (custom)
2019-09-24 22:45:47,469 [pool-147-thread-1] INFO  impl.RaftServerImpl (RaftServerImpl.java:start(185)) - 2a05965a-75e8-4c8e-8d07-201cc05f87d1@group-0B1414920208: start as a follower, conf=-1: [2a05965a-75e8-4c8e-8d07-201cc05f87d1:192.168.151.66:44187], old=null
2019-09-24 22:45:47,469 [pool-147-thread-1] INFO  impl.RaftServerImpl (RaftServerImpl.java:setRole(174)) - 2a05965a-75e8-4c8e-8d07-201cc05f87d1@group-0B1414920208: changes role from      null to FOLLOWER at term 0 for startAsFollower
2019-09-24 22:45:47,469 [pool-147-thread-1] INFO  impl.RoleInfo (RoleInfo.java:updateAndGet(143)) - 2a05965a-75e8-4c8e-8d07-201cc05f87d1: start FollowerState
2019-09-24 22:45:47,476 [pool-147-thread-1] INFO  util.JmxRegister (JmxRegister.java:tryRegister(44)) - Successfully registered JMX Bean with object name Ratis:service=RaftServer,group=group-0B1414920208,id=2a05965a-75e8-4c8e-8d07-201cc05f87d1
2019-09-24 22:45:47,485 [RatisPipelineUtilsThread] INFO  pipeline.PipelineStateManager (PipelineStateManager.java:addPipeline(56)) - Created pipeline Pipeline[ Id: f0d524cb-0ead-4cb0-b3be-0b1414920208, Nodes: 2a05965a-75e8-4c8e-8d07-201cc05f87d1{ip: 192.168.151.66, host: pr-hdds-2162-v2v4x-1150571016, networkLocation: /default-rack, certSerialId: null}, Type:RATIS, Factor:ONE, State:OPEN]
2019-09-24 22:45:47,497 [grpc-default-executor-0] INFO  impl.RaftServerProxy (RaftServerProxy.java:addNew(89)) - 6cc2e494-d13a-41ea-8905-b03559cae07d: addNew group-1762905E8F14:[6cc2e494-d13a-41ea-8905-b03559cae07d:192.168.151.66:46434] returns group-1762905E8F14:java.util.concurrent.CompletableFuture@247ab12e[Not completed]
2019-09-24 22:45:47,501 [pool-167-thread-1] INFO  impl.RaftServerImpl (RaftServerImpl.java:<init>(95)) - 6cc2e494-d13a-41ea-8905-b03559cae07d: new RaftServerImpl for group-1762905E8F14:[6cc2e494-d13a-41ea-8905-b03559cae07d:192.168.151.66:46434] with ContainerStateMachine:uninitialized
2019-09-24 22:45:47,501 [pool-167-thread-1] INFO  server.RaftServerConfigKeys (ConfUtils.java:logGet(43)) - raft.server.rpc.timeout.min = 5s (custom)
2019-09-24 22:45:47,501 [pool-167-thread-1] INFO  server.RaftServerConfigKeys (ConfUtils.java:logGet(43)) - raft.server.rpc.timeout.max = 5200ms (custom)
2019-09-24 22:45:47,501 [pool-167-thread-1] INFO  server.RaftServerConfigKeys (ConfUtils.java:logGet(43)) - raft.server.rpcslowness.timeout = 120s (custom)
2019-09-24 22:45:47,501 [pool-167-thread-1] INFO  server.RaftServerConfigKeys (ConfUtils.java:logGet(43)) - raft.server.sleep.deviation.threshold = 300 (default)
2019-09-24 22:45:47,501 [pool-167-thread-1] INFO  server.RaftServerConfigKeys (ConfUtils.java:logGet(43)) - raft.server.log.appender.install.snapshot.enabled = false (custom)
2019-09-24 22:45:47,501 [pool-167-thread-1] INFO  impl.RaftServerImpl (ServerState.java:<init>(103)) - 6cc2e494-d13a-41ea-8905-b03559cae07d@group-1762905E8F14: ConfigurationManager, init=-1: [6cc2e494-d13a-41ea-8905-b03559cae07d:192.168.151.66:46434], old=null, confs=<EMPTY_MAP>
2019-09-24 22:45:47,501 [pool-167-thread-1] INFO  server.RaftServerConfigKeys (ConfUtils.java:logGet(43)) - raft.server.storage.dir = [/workdir/hadoop-ozone/integration-test/target/test-dir/MiniOzoneClusterImpl-c301a8ba-4931-4f65-a02e-7799d4a6f55f/datanode-5/data/ratis] (custom)
2019-09-24 22:45:47,502 [pool-167-thread-1] INFO  storage.RaftStorageDirectory (RaftStorageDirectory.java:analyzeStorage(246)) - The storage directory /workdir/hadoop-ozone/integration-test/target/test-dir/MiniOzoneClusterImpl-c301a8ba-4931-4f65-a02e-7799d4a6f55f/datanode-5/data/ratis/1a340712-cdbb-4cdb-9bb1-1762905e8f14 does not exist. Creating ...
2019-09-24 22:45:47,515 [main] INFO  ozone.MiniOzoneClusterImpl (MiniOzoneClusterImpl.java:lambda$waitForClusterToBeReady$0(147)) - Waiting for cluster to be ready. Got 6 of 7 DN Heartbeats.
2019-09-24 22:45:47,518 [IPC Server handler 2 on 40067] INFO  net.NetworkTopology (NetworkTopologyImpl.java:add(111)) - Added a new node: /default-rack/8a676727-5b4d-4da9-ab8a-8454365c119a
2019-09-24 22:45:47,518 [IPC Server handler 2 on 40067] INFO  node.SCMNodeManager (SCMNodeManager.java:register(266)) - Registered Data node : 8a676727-5b4d-4da9-ab8a-8454365c119a{ip: 192.168.151.66, host: pr-hdds-2162-v2v4x-1150571016, networkLocation: /default-rack, certSerialId: null}
2019-09-24 22:45:47,525 [pool-167-thread-1] INFO  storage.RaftStorageDirectory (RaftStorageDirectory.java:tryLock(328)) - Lock on /workdir/hadoop-ozone/integration-test/target/test-dir/MiniOzoneClusterImpl-c301a8ba-4931-4f65-a02e-7799d4a6f55f/datanode-5/data/ratis/1a340712-cdbb-4cdb-9bb1-1762905e8f14/in_use.lock acquired by nodename 31728@pr-hdds-2162-v2v4x-1150571016
2019-09-24 22:45:47,537 [pool-167-thread-1] INFO  storage.RaftStorage (RaftStorage.java:format(72)) - Storage directory /workdir/hadoop-ozone/integration-test/target/test-dir/MiniOzoneClusterImpl-c301a8ba-4931-4f65-a02e-7799d4a6f55f/datanode-5/data/ratis/1a340712-cdbb-4cdb-9bb1-1762905e8f14 has been successfully formatted.
2019-09-24 22:45:47,538 [pool-167-thread-1] INFO  ratis.ContainerStateMachine (ContainerStateMachine.java:loadSnapshot(230)) - group-1762905E8F14: The snapshot info is null. Setting the last applied indexto:(t:0, i:~)
2019-09-24 22:45:47,538 [pool-167-thread-1] INFO  server.RaftServerConfigKeys (ConfUtils.java:logGet(43)) - raft.server.notification.no-leader.timeout = 120s (custom)
2019-09-24 22:45:47,538 [pool-167-thread-1] INFO  server.RaftServerConfigKeys (ConfUtils.java:logGet(43)) - raft.server.log.use.memory = false (default)
2019-09-24 22:45:47,538 [pool-167-thread-1] INFO  server.RaftServerConfigKeys (ConfUtils.java:logGet(43)) - raft.server.log.purge.gap = 1000000 (custom)
2019-09-24 22:45:47,538 [pool-167-thread-1] INFO  server.RaftServerConfigKeys (ConfUtils.java:logGet(43)) - raft.server.log.appender.buffer.byte-limit = 33554432 (custom)
2019-09-24 22:45:47,538 [pool-167-thread-1] INFO  server.RaftServerConfigKeys (ConfUtils.java:logGet(43)) - raft.server.log.segment.size.max = 1048576 (custom)
2019-09-24 22:45:47,538 [pool-167-thread-1] INFO  server.RaftServerConfigKeys (ConfUtils.java:logGet(43)) - raft.server.log.segment.cache.num.max = 2 (custom)
2019-09-24 22:45:47,538 [pool-167-thread-1] INFO  segmented.SegmentedRaftLogWorker (SegmentedRaftLogWorker.java:<init>(172)) - new 6cc2e494-d13a-41ea-8905-b03559cae07d@group-1762905E8F14-SegmentedRaftLogWorker for RaftStorage:Storage Directory /workdir/hadoop-ozone/integration-test/target/test-dir/MiniOzoneClusterImpl-c301a8ba-4931-4f65-a02e-7799d4a6f55f/datanode-5/data/ratis/1a340712-cdbb-4cdb-9bb1-1762905e8f14
2019-09-24 22:45:47,540 [pool-167-thread-1] INFO  server.RaftServerConfigKeys (ConfUtils.java:logGet(43)) - raft.server.log.queue.byte-limit = 2147483647 (custom)
2019-09-24 22:45:47,540 [pool-167-thread-1] INFO  server.RaftServerConfigKeys (ConfUtils.java:logGet(43)) - raft.server.log.queue.element-limit = 1024 (custom)
2019-09-24 22:45:47,540 [pool-167-thread-1] INFO  server.RaftServerConfigKeys (ConfUtils.java:logGet(43)) - raft.server.log.segment.size.max = 1048576 (custom)
2019-09-24 22:45:47,540 [pool-167-thread-1] INFO  server.RaftServerConfigKeys (ConfUtils.java:logGet(43)) - raft.server.log.preallocated.size = 16384 (custom)
2019-09-24 22:45:47,540 [pool-167-thread-1] INFO  server.RaftServerConfigKeys (ConfUtils.java:logGet(43)) - raft.server.log.write.buffer.size = 33554432 (custom)
2019-09-24 22:45:47,540 [pool-167-thread-1] INFO  server.RaftServerConfigKeys (ConfUtils.java:logGet(43)) - raft.server.log.force.sync.num = 128 (default)
2019-09-24 22:45:47,541 [pool-167-thread-1] INFO  server.RaftServerConfigKeys (ConfUtils.java:logGet(43)) - raft.server.log.statemachine.data.sync = true (default)
2019-09-24 22:45:47,541 [pool-167-thread-1] INFO  server.RaftServerConfigKeys (ConfUtils.java:logGet(43)) - raft.server.log.statemachine.data.sync.timeout = 10s (default)
2019-09-24 22:45:47,541 [pool-167-thread-1] INFO  server.RaftServerConfigKeys (ConfUtils.java:logGet(43)) - raft.server.log.statemachine.data.sync.timeout.retry = -1 (default)
2019-09-24 22:45:47,541 [pool-167-thread-1] INFO  server.RaftServerConfigKeys (ConfUtils.java:logGet(43)) - raft.server.log.statemachine.data.caching.enabled = true (custom)
2019-09-24 22:45:47,541 [pool-167-thread-1] INFO  segmented.SegmentedRaftLogWorker (SegmentedRaftLogWorker.java:lambda$new$0(132)) - 6cc2e494-d13a-41ea-8905-b03559cae07d@group-1762905E8F14-SegmentedRaftLogWorker: flushIndex: setUnconditionally 0 -> -1
2019-09-24 22:45:47,541 [pool-167-thread-1] INFO  server.RaftServerConfigKeys (ConfUtils.java:logGet(43)) - raft.server.snapshot.auto.trigger.enabled = true (custom)
2019-09-24 22:45:47,542 [pool-167-thread-1] INFO  server.RaftServerConfigKeys (ConfUtils.java:logGet(43)) - raft.server.snapshot.auto.trigger.threshold = 10000 (custom)
2019-09-24 22:45:47,542 [pool-167-thread-1] INFO  server.RaftServerConfigKeys (ConfUtils.java:logGet(43)) - raft.server.snapshot.retention.num.files = 5 (custom)
2019-09-24 22:45:47,542 [pool-167-thread-1] INFO  server.RaftServerConfigKeys (ConfUtils.java:logGet(43)) - raft.server.retrycache.expirytime = 600000ms (custom)
2019-09-24 22:45:47,543 [pool-167-thread-1] INFO  impl.RaftServerImpl (RaftServerImpl.java:start(185)) - 6cc2e494-d13a-41ea-8905-b03559cae07d@group-1762905E8F14: start as a follower, conf=-1: [6cc2e494-d13a-41ea-8905-b03559cae07d:192.168.151.66:46434], old=null
2019-09-24 22:45:47,543 [pool-167-thread-1] INFO  impl.RaftServerImpl (RaftServerImpl.java:setRole(174)) - 6cc2e494-d13a-41ea-8905-b03559cae07d@group-1762905E8F14: changes role from      null to FOLLOWER at term 0 for startAsFollower
2019-09-24 22:45:47,543 [pool-167-thread-1] INFO  impl.RoleInfo (RoleInfo.java:updateAndGet(143)) - 6cc2e494-d13a-41ea-8905-b03559cae07d: start FollowerState
2019-09-24 22:45:47,544 [pool-167-thread-1] INFO  util.JmxRegister (JmxRegister.java:tryRegister(44)) - Successfully registered JMX Bean with object name Ratis:service=RaftServer,group=group-1762905E8F14,id=6cc2e494-d13a-41ea-8905-b03559cae07d
2019-09-24 22:45:47,549 [RatisPipelineUtilsThread] INFO  pipeline.PipelineStateManager (PipelineStateManager.java:addPipeline(56)) - Created pipeline Pipeline[ Id: 1a340712-cdbb-4cdb-9bb1-1762905e8f14, Nodes: 6cc2e494-d13a-41ea-8905-b03559cae07d{ip: 192.168.151.66, host: pr-hdds-2162-v2v4x-1150571016, networkLocation: /default-rack, certSerialId: null}, Type:RATIS, Factor:ONE, State:OPEN]
2019-09-24 22:45:47,561 [grpc-default-executor-0] INFO  impl.RaftServerProxy (RaftServerProxy.java:addNew(89)) - 8a676727-5b4d-4da9-ab8a-8454365c119a: addNew group-11027774613A:[8a676727-5b4d-4da9-ab8a-8454365c119a:192.168.151.66:42122] returns group-11027774613A:java.util.concurrent.CompletableFuture@5f7949c3[Not completed]
2019-09-24 22:45:47,565 [pool-177-thread-1] INFO  impl.RaftServerImpl (RaftServerImpl.java:<init>(95)) - 8a676727-5b4d-4da9-ab8a-8454365c119a: new RaftServerImpl for group-11027774613A:[8a676727-5b4d-4da9-ab8a-8454365c119a:192.168.151.66:42122] with ContainerStateMachine:uninitialized
2019-09-24 22:45:47,565 [pool-177-thread-1] INFO  server.RaftServerConfigKeys (ConfUtils.java:logGet(43)) - raft.server.rpc.timeout.min = 5s (custom)
2019-09-24 22:45:47,565 [pool-177-thread-1] INFO  server.RaftServerConfigKeys (ConfUtils.java:logGet(43)) - raft.server.rpc.timeout.max = 5200ms (custom)
2019-09-24 22:45:47,565 [pool-177-thread-1] INFO  server.RaftServerConfigKeys (ConfUtils.java:logGet(43)) - raft.server.rpcslowness.timeout = 120s (custom)
2019-09-24 22:45:47,565 [pool-177-thread-1] INFO  server.RaftServerConfigKeys (ConfUtils.java:logGet(43)) - raft.server.sleep.deviation.threshold = 300 (default)
2019-09-24 22:45:47,565 [pool-177-thread-1] INFO  server.RaftServerConfigKeys (ConfUtils.java:logGet(43)) - raft.server.log.appender.install.snapshot.enabled = false (custom)
2019-09-24 22:45:47,565 [pool-177-thread-1] INFO  impl.RaftServerImpl (ServerState.java:<init>(103)) - 8a676727-5b4d-4da9-ab8a-8454365c119a@group-11027774613A: ConfigurationManager, init=-1: [8a676727-5b4d-4da9-ab8a-8454365c119a:192.168.151.66:42122], old=null, confs=<EMPTY_MAP>
2019-09-24 22:45:47,565 [pool-177-thread-1] INFO  server.RaftServerConfigKeys (ConfUtils.java:logGet(43)) - raft.server.storage.dir = [/workdir/hadoop-ozone/integration-test/target/test-dir/MiniOzoneClusterImpl-c301a8ba-4931-4f65-a02e-7799d4a6f55f/datanode-6/data/ratis] (custom)
2019-09-24 22:45:47,566 [pool-177-thread-1] INFO  storage.RaftStorageDirectory (RaftStorageDirectory.java:analyzeStorage(246)) - The storage directory /workdir/hadoop-ozone/integration-test/target/test-dir/MiniOzoneClusterImpl-c301a8ba-4931-4f65-a02e-7799d4a6f55f/datanode-6/data/ratis/08273199-3704-4c29-9670-11027774613a does not exist. Creating ...
2019-09-24 22:45:47,580 [pool-177-thread-1] INFO  storage.RaftStorageDirectory (RaftStorageDirectory.java:tryLock(328)) - Lock on /workdir/hadoop-ozone/integration-test/target/test-dir/MiniOzoneClusterImpl-c301a8ba-4931-4f65-a02e-7799d4a6f55f/datanode-6/data/ratis/08273199-3704-4c29-9670-11027774613a/in_use.lock acquired by nodename 31728@pr-hdds-2162-v2v4x-1150571016
2019-09-24 22:45:47,593 [pool-177-thread-1] INFO  storage.RaftStorage (RaftStorage.java:format(72)) - Storage directory /workdir/hadoop-ozone/integration-test/target/test-dir/MiniOzoneClusterImpl-c301a8ba-4931-4f65-a02e-7799d4a6f55f/datanode-6/data/ratis/08273199-3704-4c29-9670-11027774613a has been successfully formatted.
2019-09-24 22:45:47,593 [pool-177-thread-1] INFO  ratis.ContainerStateMachine (ContainerStateMachine.java:loadSnapshot(230)) - group-11027774613A: The snapshot info is null. Setting the last applied indexto:(t:0, i:~)
2019-09-24 22:45:47,593 [pool-177-thread-1] INFO  server.RaftServerConfigKeys (ConfUtils.java:logGet(43)) - raft.server.notification.no-leader.timeout = 120s (custom)
2019-09-24 22:45:47,593 [pool-177-thread-1] INFO  server.RaftServerConfigKeys (ConfUtils.java:logGet(43)) - raft.server.log.use.memory = false (default)
2019-09-24 22:45:47,594 [pool-177-thread-1] INFO  server.RaftServerConfigKeys (ConfUtils.java:logGet(43)) - raft.server.log.purge.gap = 1000000 (custom)
2019-09-24 22:45:47,594 [pool-177-thread-1] INFO  server.RaftServerConfigKeys (ConfUtils.java:logGet(43)) - raft.server.log.appender.buffer.byte-limit = 33554432 (custom)
2019-09-24 22:45:47,594 [pool-177-thread-1] INFO  server.RaftServerConfigKeys (ConfUtils.java:logGet(43)) - raft.server.log.segment.size.max = 1048576 (custom)
2019-09-24 22:45:47,594 [pool-177-thread-1] INFO  server.RaftServerConfigKeys (ConfUtils.java:logGet(43)) - raft.server.log.segment.cache.num.max = 2 (custom)
2019-09-24 22:45:47,594 [pool-177-thread-1] INFO  segmented.SegmentedRaftLogWorker (SegmentedRaftLogWorker.java:<init>(172)) - new 8a676727-5b4d-4da9-ab8a-8454365c119a@group-11027774613A-SegmentedRaftLogWorker for RaftStorage:Storage Directory /workdir/hadoop-ozone/integration-test/target/test-dir/MiniOzoneClusterImpl-c301a8ba-4931-4f65-a02e-7799d4a6f55f/datanode-6/data/ratis/08273199-3704-4c29-9670-11027774613a
2019-09-24 22:45:47,596 [pool-177-thread-1] INFO  server.RaftServerConfigKeys (ConfUtils.java:logGet(43)) - raft.server.log.queue.byte-limit = 2147483647 (custom)
2019-09-24 22:45:47,596 [pool-177-thread-1] INFO  server.RaftServerConfigKeys (ConfUtils.java:logGet(43)) - raft.server.log.queue.element-limit = 1024 (custom)
2019-09-24 22:45:47,596 [pool-177-thread-1] INFO  server.RaftServerConfigKeys (ConfUtils.java:logGet(43)) - raft.server.log.segment.size.max = 1048576 (custom)
2019-09-24 22:45:47,596 [pool-177-thread-1] INFO  server.RaftServerConfigKeys (ConfUtils.java:logGet(43)) - raft.server.log.preallocated.size = 16384 (custom)
2019-09-24 22:45:47,596 [pool-177-thread-1] INFO  server.RaftServerConfigKeys (ConfUtils.java:logGet(43)) - raft.server.log.write.buffer.size = 33554432 (custom)
2019-09-24 22:45:47,596 [pool-177-thread-1] INFO  server.RaftServerConfigKeys (ConfUtils.java:logGet(43)) - raft.server.log.force.sync.num = 128 (default)
2019-09-24 22:45:47,596 [pool-177-thread-1] INFO  server.RaftServerConfigKeys (ConfUtils.java:logGet(43)) - raft.server.log.statemachine.data.sync = true (default)
2019-09-24 22:45:47,596 [pool-177-thread-1] INFO  server.RaftServerConfigKeys (ConfUtils.java:logGet(43)) - raft.server.log.statemachine.data.sync.timeout = 10s (default)
2019-09-24 22:45:47,597 [pool-177-thread-1] INFO  server.RaftServerConfigKeys (ConfUtils.java:logGet(43)) - raft.server.log.statemachine.data.sync.timeout.retry = -1 (default)
2019-09-24 22:45:47,597 [pool-177-thread-1] INFO  server.RaftServerConfigKeys (ConfUtils.java:logGet(43)) - raft.server.log.statemachine.data.caching.enabled = true (custom)
2019-09-24 22:45:47,597 [pool-177-thread-1] INFO  segmented.SegmentedRaftLogWorker (SegmentedRaftLogWorker.java:lambda$new$0(132)) - 8a676727-5b4d-4da9-ab8a-8454365c119a@group-11027774613A-SegmentedRaftLogWorker: flushIndex: setUnconditionally 0 -> -1
2019-09-24 22:45:47,597 [pool-177-thread-1] INFO  server.RaftServerConfigKeys (ConfUtils.java:logGet(43)) - raft.server.snapshot.auto.trigger.enabled = true (custom)
2019-09-24 22:45:47,597 [pool-177-thread-1] INFO  server.RaftServerConfigKeys (ConfUtils.java:logGet(43)) - raft.server.snapshot.auto.trigger.threshold = 10000 (custom)
2019-09-24 22:45:47,597 [pool-177-thread-1] INFO  server.RaftServerConfigKeys (ConfUtils.java:logGet(43)) - raft.server.snapshot.retention.num.files = 5 (custom)
2019-09-24 22:45:47,598 [pool-177-thread-1] INFO  server.RaftServerConfigKeys (ConfUtils.java:logGet(43)) - raft.server.retrycache.expirytime = 600000ms (custom)
2019-09-24 22:45:47,599 [pool-177-thread-1] INFO  impl.RaftServerImpl (RaftServerImpl.java:start(185)) - 8a676727-5b4d-4da9-ab8a-8454365c119a@group-11027774613A: start as a follower, conf=-1: [8a676727-5b4d-4da9-ab8a-8454365c119a:192.168.151.66:42122], old=null
2019-09-24 22:45:47,599 [pool-177-thread-1] INFO  impl.RaftServerImpl (RaftServerImpl.java:setRole(174)) - 8a676727-5b4d-4da9-ab8a-8454365c119a@group-11027774613A: changes role from      null to FOLLOWER at term 0 for startAsFollower
2019-09-24 22:45:47,599 [pool-177-thread-1] INFO  impl.RoleInfo (RoleInfo.java:updateAndGet(143)) - 8a676727-5b4d-4da9-ab8a-8454365c119a: start FollowerState
2019-09-24 22:45:47,599 [pool-177-thread-1] INFO  util.JmxRegister (JmxRegister.java:tryRegister(44)) - Successfully registered JMX Bean with object name Ratis:service=RaftServer,group=group-11027774613A,id=8a676727-5b4d-4da9-ab8a-8454365c119a
2019-09-24 22:45:47,604 [RatisPipelineUtilsThread] INFO  pipeline.PipelineStateManager (PipelineStateManager.java:addPipeline(56)) - Created pipeline Pipeline[ Id: 08273199-3704-4c29-9670-11027774613a, Nodes: 8a676727-5b4d-4da9-ab8a-8454365c119a{ip: 192.168.151.66, host: pr-hdds-2162-v2v4x-1150571016, networkLocation: /default-rack, certSerialId: null}, Type:RATIS, Factor:ONE, State:OPEN]
2019-09-24 22:45:47,613 [grpc-default-executor-0] INFO  impl.RaftServerProxy (RaftServerProxy.java:addNew(89)) - 04af903f-8ea6-4205-8b84-3e9c4eb37e77: addNew group-2AA3E79FAA89:[04af903f-8ea6-4205-8b84-3e9c4eb37e77:192.168.151.66:33546] returns group-2AA3E79FAA89:java.util.concurrent.CompletableFuture@2f5ece69[Not completed]
2019-09-24 22:45:47,617 [pool-157-thread-1] INFO  impl.RaftServerImpl (RaftServerImpl.java:<init>(95)) - 04af903f-8ea6-4205-8b84-3e9c4eb37e77: new RaftServerImpl for group-2AA3E79FAA89:[04af903f-8ea6-4205-8b84-3e9c4eb37e77:192.168.151.66:33546] with ContainerStateMachine:uninitialized
2019-09-24 22:45:47,617 [pool-157-thread-1] INFO  server.RaftServerConfigKeys (ConfUtils.java:logGet(43)) - raft.server.rpc.timeout.min = 5s (custom)
2019-09-24 22:45:47,617 [pool-157-thread-1] INFO  server.RaftServerConfigKeys (ConfUtils.java:logGet(43)) - raft.server.rpc.timeout.max = 5200ms (custom)
2019-09-24 22:45:47,617 [pool-157-thread-1] INFO  server.RaftServerConfigKeys (ConfUtils.java:logGet(43)) - raft.server.rpcslowness.timeout = 120s (custom)
2019-09-24 22:45:47,618 [pool-157-thread-1] INFO  server.RaftServerConfigKeys (ConfUtils.java:logGet(43)) - raft.server.sleep.deviation.threshold = 300 (default)
2019-09-24 22:45:47,618 [pool-157-thread-1] INFO  server.RaftServerConfigKeys (ConfUtils.java:logGet(43)) - raft.server.log.appender.install.snapshot.enabled = false (custom)
2019-09-24 22:45:47,618 [pool-157-thread-1] INFO  impl.RaftServerImpl (ServerState.java:<init>(103)) - 04af903f-8ea6-4205-8b84-3e9c4eb37e77@group-2AA3E79FAA89: ConfigurationManager, init=-1: [04af903f-8ea6-4205-8b84-3e9c4eb37e77:192.168.151.66:33546], old=null, confs=<EMPTY_MAP>
2019-09-24 22:45:47,618 [pool-157-thread-1] INFO  server.RaftServerConfigKeys (ConfUtils.java:logGet(43)) - raft.server.storage.dir = [/workdir/hadoop-ozone/integration-test/target/test-dir/MiniOzoneClusterImpl-c301a8ba-4931-4f65-a02e-7799d4a6f55f/datanode-4/data/ratis] (custom)
2019-09-24 22:45:47,618 [pool-157-thread-1] INFO  storage.RaftStorageDirectory (RaftStorageDirectory.java:analyzeStorage(246)) - The storage directory /workdir/hadoop-ozone/integration-test/target/test-dir/MiniOzoneClusterImpl-c301a8ba-4931-4f65-a02e-7799d4a6f55f/datanode-4/data/ratis/552c27df-98e9-4b91-9fc2-2aa3e79faa89 does not exist. Creating ...
2019-09-24 22:45:47,633 [pool-157-thread-1] INFO  storage.RaftStorageDirectory (RaftStorageDirectory.java:tryLock(328)) - Lock on /workdir/hadoop-ozone/integration-test/target/test-dir/MiniOzoneClusterImpl-c301a8ba-4931-4f65-a02e-7799d4a6f55f/datanode-4/data/ratis/552c27df-98e9-4b91-9fc2-2aa3e79faa89/in_use.lock acquired by nodename 31728@pr-hdds-2162-v2v4x-1150571016
2019-09-24 22:45:47,645 [pool-157-thread-1] INFO  storage.RaftStorage (RaftStorage.java:format(72)) - Storage directory /workdir/hadoop-ozone/integration-test/target/test-dir/MiniOzoneClusterImpl-c301a8ba-4931-4f65-a02e-7799d4a6f55f/datanode-4/data/ratis/552c27df-98e9-4b91-9fc2-2aa3e79faa89 has been successfully formatted.
2019-09-24 22:45:47,645 [pool-157-thread-1] INFO  ratis.ContainerStateMachine (ContainerStateMachine.java:loadSnapshot(230)) - group-2AA3E79FAA89: The snapshot info is null. Setting the last applied indexto:(t:0, i:~)
2019-09-24 22:45:47,646 [pool-157-thread-1] INFO  server.RaftServerConfigKeys (ConfUtils.java:logGet(43)) - raft.server.notification.no-leader.timeout = 120s (custom)
2019-09-24 22:45:47,646 [pool-157-thread-1] INFO  server.RaftServerConfigKeys (ConfUtils.java:logGet(43)) - raft.server.log.use.memory = false (default)
2019-09-24 22:45:47,646 [pool-157-thread-1] INFO  server.RaftServerConfigKeys (ConfUtils.java:logGet(43)) - raft.server.log.purge.gap = 1000000 (custom)
2019-09-24 22:45:47,646 [pool-157-thread-1] INFO  server.RaftServerConfigKeys (ConfUtils.java:logGet(43)) - raft.server.log.appender.buffer.byte-limit = 33554432 (custom)
2019-09-24 22:45:47,646 [pool-157-thread-1] INFO  server.RaftServerConfigKeys (ConfUtils.java:logGet(43)) - raft.server.log.segment.size.max = 1048576 (custom)
2019-09-24 22:45:47,646 [pool-157-thread-1] INFO  server.RaftServerConfigKeys (ConfUtils.java:logGet(43)) - raft.server.log.segment.cache.num.max = 2 (custom)
2019-09-24 22:45:47,647 [pool-157-thread-1] INFO  segmented.SegmentedRaftLogWorker (SegmentedRaftLogWorker.java:<init>(172)) - new 04af903f-8ea6-4205-8b84-3e9c4eb37e77@group-2AA3E79FAA89-SegmentedRaftLogWorker for RaftStorage:Storage Directory /workdir/hadoop-ozone/integration-test/target/test-dir/MiniOzoneClusterImpl-c301a8ba-4931-4f65-a02e-7799d4a6f55f/datanode-4/data/ratis/552c27df-98e9-4b91-9fc2-2aa3e79faa89
2019-09-24 22:45:47,649 [pool-157-thread-1] INFO  server.RaftServerConfigKeys (ConfUtils.java:logGet(43)) - raft.server.log.queue.byte-limit = 2147483647 (custom)
2019-09-24 22:45:47,649 [pool-157-thread-1] INFO  server.RaftServerConfigKeys (ConfUtils.java:logGet(43)) - raft.server.log.queue.element-limit = 1024 (custom)
2019-09-24 22:45:47,649 [pool-157-thread-1] INFO  server.RaftServerConfigKeys (ConfUtils.java:logGet(43)) - raft.server.log.segment.size.max = 1048576 (custom)
2019-09-24 22:45:47,649 [pool-157-thread-1] INFO  server.RaftServerConfigKeys (ConfUtils.java:logGet(43)) - raft.server.log.preallocated.size = 16384 (custom)
2019-09-24 22:45:47,649 [pool-157-thread-1] INFO  server.RaftServerConfigKeys (ConfUtils.java:logGet(43)) - raft.server.log.write.buffer.size = 33554432 (custom)
2019-09-24 22:45:47,649 [pool-157-thread-1] INFO  server.RaftServerConfigKeys (ConfUtils.java:logGet(43)) - raft.server.log.force.sync.num = 128 (default)
2019-09-24 22:45:47,650 [pool-157-thread-1] INFO  server.RaftServerConfigKeys (ConfUtils.java:logGet(43)) - raft.server.log.statemachine.data.sync = true (default)
2019-09-24 22:45:47,650 [pool-157-thread-1] INFO  server.RaftServerConfigKeys (ConfUtils.java:logGet(43)) - raft.server.log.statemachine.data.sync.timeout = 10s (default)
2019-09-24 22:45:47,650 [pool-157-thread-1] INFO  server.RaftServerConfigKeys (ConfUtils.java:logGet(43)) - raft.server.log.statemachine.data.sync.timeout.retry = -1 (default)
2019-09-24 22:45:47,650 [pool-157-thread-1] INFO  server.RaftServerConfigKeys (ConfUtils.java:logGet(43)) - raft.server.log.statemachine.data.caching.enabled = true (custom)
2019-09-24 22:45:47,650 [pool-157-thread-1] INFO  segmented.SegmentedRaftLogWorker (SegmentedRaftLogWorker.java:lambda$new$0(132)) - 04af903f-8ea6-4205-8b84-3e9c4eb37e77@group-2AA3E79FAA89-SegmentedRaftLogWorker: flushIndex: setUnconditionally 0 -> -1
2019-09-24 22:45:47,651 [pool-157-thread-1] INFO  server.RaftServerConfigKeys (ConfUtils.java:logGet(43)) - raft.server.snapshot.auto.trigger.enabled = true (custom)
2019-09-24 22:45:47,651 [pool-157-thread-1] INFO  server.RaftServerConfigKeys (ConfUtils.java:logGet(43)) - raft.server.snapshot.auto.trigger.threshold = 10000 (custom)
2019-09-24 22:45:47,651 [pool-157-thread-1] INFO  server.RaftServerConfigKeys (ConfUtils.java:logGet(43)) - raft.server.snapshot.retention.num.files = 5 (custom)
2019-09-24 22:45:47,651 [pool-157-thread-1] INFO  server.RaftServerConfigKeys (ConfUtils.java:logGet(43)) - raft.server.retrycache.expirytime = 600000ms (custom)
2019-09-24 22:45:47,653 [pool-157-thread-1] INFO  impl.RaftServerImpl (RaftServerImpl.java:start(185)) - 04af903f-8ea6-4205-8b84-3e9c4eb37e77@group-2AA3E79FAA89: start as a follower, conf=-1: [04af903f-8ea6-4205-8b84-3e9c4eb37e77:192.168.151.66:33546], old=null
2019-09-24 22:45:47,653 [pool-157-thread-1] INFO  impl.RaftServerImpl (RaftServerImpl.java:setRole(174)) - 04af903f-8ea6-4205-8b84-3e9c4eb37e77@group-2AA3E79FAA89: changes role from      null to FOLLOWER at term 0 for startAsFollower
2019-09-24 22:45:47,653 [pool-157-thread-1] INFO  impl.RoleInfo (RoleInfo.java:updateAndGet(143)) - 04af903f-8ea6-4205-8b84-3e9c4eb37e77: start FollowerState
2019-09-24 22:45:47,654 [pool-157-thread-1] INFO  util.JmxRegister (JmxRegister.java:tryRegister(44)) - Successfully registered JMX Bean with object name Ratis:service=RaftServer,group=group-2AA3E79FAA89,id=04af903f-8ea6-4205-8b84-3e9c4eb37e77
2019-09-24 22:45:47,663 [RatisPipelineUtilsThread] INFO  pipeline.PipelineStateManager (PipelineStateManager.java:addPipeline(56)) - Created pipeline Pipeline[ Id: 552c27df-98e9-4b91-9fc2-2aa3e79faa89, Nodes: 04af903f-8ea6-4205-8b84-3e9c4eb37e77{ip: 192.168.151.66, host: pr-hdds-2162-v2v4x-1150571016, networkLocation: /default-rack, certSerialId: null}, Type:RATIS, Factor:ONE, State:OPEN]
2019-09-24 22:45:47,702 [grpc-default-executor-2] INFO  impl.RaftServerProxy (RaftServerProxy.java:addNew(89)) - 2a05965a-75e8-4c8e-8d07-201cc05f87d1: addNew group-99578A544418:[6cc2e494-d13a-41ea-8905-b03559cae07d:192.168.151.66:46434, 2a05965a-75e8-4c8e-8d07-201cc05f87d1:192.168.151.66:44187, 8a676727-5b4d-4da9-ab8a-8454365c119a:192.168.151.66:42122] returns group-99578A544418:java.util.concurrent.CompletableFuture@767f1c6b[Not completed]
2019-09-24 22:45:47,702 [grpc-default-executor-1] INFO  impl.RaftServerProxy (RaftServerProxy.java:addNew(89)) - 8a676727-5b4d-4da9-ab8a-8454365c119a: addNew group-99578A544418:[6cc2e494-d13a-41ea-8905-b03559cae07d:192.168.151.66:46434, 2a05965a-75e8-4c8e-8d07-201cc05f87d1:192.168.151.66:44187, 8a676727-5b4d-4da9-ab8a-8454365c119a:192.168.151.66:42122] returns group-99578A544418:java.util.concurrent.CompletableFuture@67535054[Not completed]
2019-09-24 22:45:47,702 [grpc-default-executor-0] INFO  impl.RaftServerProxy (RaftServerProxy.java:addNew(89)) - 6cc2e494-d13a-41ea-8905-b03559cae07d: addNew group-99578A544418:[6cc2e494-d13a-41ea-8905-b03559cae07d:192.168.151.66:46434, 2a05965a-75e8-4c8e-8d07-201cc05f87d1:192.168.151.66:44187, 8a676727-5b4d-4da9-ab8a-8454365c119a:192.168.151.66:42122] returns group-99578A544418:java.util.concurrent.CompletableFuture@4f742fe4[Not completed]
2019-09-24 22:45:47,704 [pool-147-thread-1] INFO  impl.RaftServerImpl (RaftServerImpl.java:<init>(95)) - 2a05965a-75e8-4c8e-8d07-201cc05f87d1: new RaftServerImpl for group-99578A544418:[6cc2e494-d13a-41ea-8905-b03559cae07d:192.168.151.66:46434, 2a05965a-75e8-4c8e-8d07-201cc05f87d1:192.168.151.66:44187, 8a676727-5b4d-4da9-ab8a-8454365c119a:192.168.151.66:42122] with ContainerStateMachine:uninitialized
2019-09-24 22:45:47,705 [pool-167-thread-1] INFO  impl.RaftServerImpl (RaftServerImpl.java:<init>(95)) - 6cc2e494-d13a-41ea-8905-b03559cae07d: new RaftServerImpl for group-99578A544418:[6cc2e494-d13a-41ea-8905-b03559cae07d:192.168.151.66:46434, 2a05965a-75e8-4c8e-8d07-201cc05f87d1:192.168.151.66:44187, 8a676727-5b4d-4da9-ab8a-8454365c119a:192.168.151.66:42122] with ContainerStateMachine:uninitialized
2019-09-24 22:45:47,705 [pool-147-thread-1] INFO  server.RaftServerConfigKeys (ConfUtils.java:logGet(43)) - raft.server.rpc.timeout.min = 5s (custom)
2019-09-24 22:45:47,705 [pool-167-thread-1] INFO  server.RaftServerConfigKeys (ConfUtils.java:logGet(43)) - raft.server.rpc.timeout.min = 5s (custom)
2019-09-24 22:45:47,705 [pool-147-thread-1] INFO  server.RaftServerConfigKeys (ConfUtils.java:logGet(43)) - raft.server.rpc.timeout.max = 5200ms (custom)
2019-09-24 22:45:47,705 [pool-167-thread-1] INFO  server.RaftServerConfigKeys (ConfUtils.java:logGet(43)) - raft.server.rpc.timeout.max = 5200ms (custom)
2019-09-24 22:45:47,705 [pool-177-thread-1] INFO  impl.RaftServerImpl (RaftServerImpl.java:<init>(95)) - 8a676727-5b4d-4da9-ab8a-8454365c119a: new RaftServerImpl for group-99578A544418:[6cc2e494-d13a-41ea-8905-b03559cae07d:192.168.151.66:46434, 2a05965a-75e8-4c8e-8d07-201cc05f87d1:192.168.151.66:44187, 8a676727-5b4d-4da9-ab8a-8454365c119a:192.168.151.66:42122] with ContainerStateMachine:uninitialized
2019-09-24 22:45:47,705 [pool-147-thread-1] INFO  server.RaftServerConfigKeys (ConfUtils.java:logGet(43)) - raft.server.rpcslowness.timeout = 120s (custom)
2019-09-24 22:45:47,705 [pool-177-thread-1] INFO  server.RaftServerConfigKeys (ConfUtils.java:logGet(43)) - raft.server.rpc.timeout.min = 5s (custom)
2019-09-24 22:45:47,705 [pool-167-thread-1] INFO  server.RaftServerConfigKeys (ConfUtils.java:logGet(43)) - raft.server.rpcslowness.timeout = 120s (custom)
2019-09-24 22:45:47,706 [pool-177-thread-1] INFO  server.RaftServerConfigKeys (ConfUtils.java:logGet(43)) - raft.server.rpc.timeout.max = 5200ms (custom)
2019-09-24 22:45:47,706 [pool-147-thread-1] INFO  server.RaftServerConfigKeys (ConfUtils.java:logGet(43)) - raft.server.sleep.deviation.threshold = 300 (default)
2019-09-24 22:45:47,706 [pool-177-thread-1] INFO  server.RaftServerConfigKeys (ConfUtils.java:logGet(43)) - raft.server.rpcslowness.timeout = 120s (custom)
2019-09-24 22:45:47,706 [pool-167-thread-1] INFO  server.RaftServerConfigKeys (ConfUtils.java:logGet(43)) - raft.server.sleep.deviation.threshold = 300 (default)
2019-09-24 22:45:47,706 [pool-177-thread-1] INFO  server.RaftServerConfigKeys (ConfUtils.java:logGet(43)) - raft.server.sleep.deviation.threshold = 300 (default)
2019-09-24 22:45:47,706 [pool-147-thread-1] INFO  server.RaftServerConfigKeys (ConfUtils.java:logGet(43)) - raft.server.log.appender.install.snapshot.enabled = false (custom)
2019-09-24 22:45:47,707 [pool-177-thread-1] INFO  server.RaftServerConfigKeys (ConfUtils.java:logGet(43)) - raft.server.log.appender.install.snapshot.enabled = false (custom)
2019-09-24 22:45:47,706 [pool-167-thread-1] INFO  server.RaftServerConfigKeys (ConfUtils.java:logGet(43)) - raft.server.log.appender.install.snapshot.enabled = false (custom)
2019-09-24 22:45:47,707 [pool-177-thread-1] INFO  impl.RaftServerImpl (ServerState.java:<init>(103)) - 8a676727-5b4d-4da9-ab8a-8454365c119a@group-99578A544418: ConfigurationManager, init=-1: [6cc2e494-d13a-41ea-8905-b03559cae07d:192.168.151.66:46434, 2a05965a-75e8-4c8e-8d07-201cc05f87d1:192.168.151.66:44187, 8a676727-5b4d-4da9-ab8a-8454365c119a:192.168.151.66:42122], old=null, confs=<EMPTY_MAP>
2019-09-24 22:45:47,707 [pool-147-thread-1] INFO  impl.RaftServerImpl (ServerState.java:<init>(103)) - 2a05965a-75e8-4c8e-8d07-201cc05f87d1@group-99578A544418: ConfigurationManager, init=-1: [6cc2e494-d13a-41ea-8905-b03559cae07d:192.168.151.66:46434, 2a05965a-75e8-4c8e-8d07-201cc05f87d1:192.168.151.66:44187, 8a676727-5b4d-4da9-ab8a-8454365c119a:192.168.151.66:42122], old=null, confs=<EMPTY_MAP>
2019-09-24 22:45:47,707 [pool-167-thread-1] INFO  impl.RaftServerImpl (ServerState.java:<init>(103)) - 6cc2e494-d13a-41ea-8905-b03559cae07d@group-99578A544418: ConfigurationManager, init=-1: [6cc2e494-d13a-41ea-8905-b03559cae07d:192.168.151.66:46434, 2a05965a-75e8-4c8e-8d07-201cc05f87d1:192.168.151.66:44187, 8a676727-5b4d-4da9-ab8a-8454365c119a:192.168.151.66:42122], old=null, confs=<EMPTY_MAP>
2019-09-24 22:45:47,707 [pool-147-thread-1] INFO  server.RaftServerConfigKeys (ConfUtils.java:logGet(43)) - raft.server.storage.dir = [/workdir/hadoop-ozone/integration-test/target/test-dir/MiniOzoneClusterImpl-c301a8ba-4931-4f65-a02e-7799d4a6f55f/datanode-3/data/ratis] (custom)
2019-09-24 22:45:47,707 [pool-177-thread-1] INFO  server.RaftServerConfigKeys (ConfUtils.java:logGet(43)) - raft.server.storage.dir = [/workdir/hadoop-ozone/integration-test/target/test-dir/MiniOzoneClusterImpl-c301a8ba-4931-4f65-a02e-7799d4a6f55f/datanode-6/data/ratis] (custom)
2019-09-24 22:45:47,708 [pool-167-thread-1] INFO  server.RaftServerConfigKeys (ConfUtils.java:logGet(43)) - raft.server.storage.dir = [/workdir/hadoop-ozone/integration-test/target/test-dir/MiniOzoneClusterImpl-c301a8ba-4931-4f65-a02e-7799d4a6f55f/datanode-5/data/ratis] (custom)
2019-09-24 22:45:47,708 [pool-177-thread-1] INFO  storage.RaftStorageDirectory (RaftStorageDirectory.java:analyzeStorage(246)) - The storage directory /workdir/hadoop-ozone/integration-test/target/test-dir/MiniOzoneClusterImpl-c301a8ba-4931-4f65-a02e-7799d4a6f55f/datanode-6/data/ratis/ebc39c21-2266-438c-bbb7-99578a544418 does not exist. Creating ...
2019-09-24 22:45:47,708 [pool-167-thread-1] INFO  storage.RaftStorageDirectory (RaftStorageDirectory.java:analyzeStorage(246)) - The storage directory /workdir/hadoop-ozone/integration-test/target/test-dir/MiniOzoneClusterImpl-c301a8ba-4931-4f65-a02e-7799d4a6f55f/datanode-5/data/ratis/ebc39c21-2266-438c-bbb7-99578a544418 does not exist. Creating ...
2019-09-24 22:45:47,708 [pool-147-thread-1] INFO  storage.RaftStorageDirectory (RaftStorageDirectory.java:analyzeStorage(246)) - The storage directory /workdir/hadoop-ozone/integration-test/target/test-dir/MiniOzoneClusterImpl-c301a8ba-4931-4f65-a02e-7799d4a6f55f/datanode-3/data/ratis/ebc39c21-2266-438c-bbb7-99578a544418 does not exist. Creating ...
2019-09-24 22:45:47,733 [pool-167-thread-1] INFO  storage.RaftStorageDirectory (RaftStorageDirectory.java:tryLock(328)) - Lock on /workdir/hadoop-ozone/integration-test/target/test-dir/MiniOzoneClusterImpl-c301a8ba-4931-4f65-a02e-7799d4a6f55f/datanode-5/data/ratis/ebc39c21-2266-438c-bbb7-99578a544418/in_use.lock acquired by nodename 31728@pr-hdds-2162-v2v4x-1150571016
2019-09-24 22:45:47,734 [pool-147-thread-1] INFO  storage.RaftStorageDirectory (RaftStorageDirectory.java:tryLock(328)) - Lock on /workdir/hadoop-ozone/integration-test/target/test-dir/MiniOzoneClusterImpl-c301a8ba-4931-4f65-a02e-7799d4a6f55f/datanode-3/data/ratis/ebc39c21-2266-438c-bbb7-99578a544418/in_use.lock acquired by nodename 31728@pr-hdds-2162-v2v4x-1150571016
2019-09-24 22:45:47,733 [pool-177-thread-1] INFO  storage.RaftStorageDirectory (RaftStorageDirectory.java:tryLock(328)) - Lock on /workdir/hadoop-ozone/integration-test/target/test-dir/MiniOzoneClusterImpl-c301a8ba-4931-4f65-a02e-7799d4a6f55f/datanode-6/data/ratis/ebc39c21-2266-438c-bbb7-99578a544418/in_use.lock acquired by nodename 31728@pr-hdds-2162-v2v4x-1150571016
2019-09-24 22:45:47,747 [pool-177-thread-1] INFO  storage.RaftStorage (RaftStorage.java:format(72)) - Storage directory /workdir/hadoop-ozone/integration-test/target/test-dir/MiniOzoneClusterImpl-c301a8ba-4931-4f65-a02e-7799d4a6f55f/datanode-6/data/ratis/ebc39c21-2266-438c-bbb7-99578a544418 has been successfully formatted.
2019-09-24 22:45:47,748 [pool-167-thread-1] INFO  storage.RaftStorage (RaftStorage.java:format(72)) - Storage directory /workdir/hadoop-ozone/integration-test/target/test-dir/MiniOzoneClusterImpl-c301a8ba-4931-4f65-a02e-7799d4a6f55f/datanode-5/data/ratis/ebc39c21-2266-438c-bbb7-99578a544418 has been successfully formatted.
2019-09-24 22:45:47,748 [pool-177-thread-1] INFO  ratis.ContainerStateMachine (ContainerStateMachine.java:loadSnapshot(230)) - group-99578A544418: The snapshot info is null. Setting the last applied indexto:(t:0, i:~)
2019-09-24 22:45:47,748 [pool-147-thread-1] INFO  storage.RaftStorage (RaftStorage.java:format(72)) - Storage directory /workdir/hadoop-ozone/integration-test/target/test-dir/MiniOzoneClusterImpl-c301a8ba-4931-4f65-a02e-7799d4a6f55f/datanode-3/data/ratis/ebc39c21-2266-438c-bbb7-99578a544418 has been successfully formatted.
2019-09-24 22:45:47,748 [pool-167-thread-1] INFO  ratis.ContainerStateMachine (ContainerStateMachine.java:loadSnapshot(230)) - group-99578A544418: The snapshot info is null. Setting the last applied indexto:(t:0, i:~)
2019-09-24 22:45:47,748 [pool-177-thread-1] INFO  server.RaftServerConfigKeys (ConfUtils.java:logGet(43)) - raft.server.notification.no-leader.timeout = 120s (custom)
2019-09-24 22:45:47,748 [pool-167-thread-1] INFO  server.RaftServerConfigKeys (ConfUtils.java:logGet(43)) - raft.server.notification.no-leader.timeout = 120s (custom)
2019-09-24 22:45:47,748 [pool-147-thread-1] INFO  ratis.ContainerStateMachine (ContainerStateMachine.java:loadSnapshot(230)) - group-99578A544418: The snapshot info is null. Setting the last applied indexto:(t:0, i:~)
2019-09-24 22:45:47,748 [pool-167-thread-1] INFO  server.RaftServerConfigKeys (ConfUtils.java:logGet(43)) - raft.server.log.use.memory = false (default)
2019-09-24 22:45:47,748 [pool-177-thread-1] INFO  server.RaftServerConfigKeys (ConfUtils.java:logGet(43)) - raft.server.log.use.memory = false (default)
2019-09-24 22:45:47,749 [pool-147-thread-1] INFO  server.RaftServerConfigKeys (ConfUtils.java:logGet(43)) - raft.server.notification.no-leader.timeout = 120s (custom)
2019-09-24 22:45:47,749 [pool-177-thread-1] INFO  server.RaftServerConfigKeys (ConfUtils.java:logGet(43)) - raft.server.log.purge.gap = 1000000 (custom)
2019-09-24 22:45:47,749 [pool-167-thread-1] INFO  server.RaftServerConfigKeys (ConfUtils.java:logGet(43)) - raft.server.log.purge.gap = 1000000 (custom)
2019-09-24 22:45:47,749 [pool-177-thread-1] INFO  server.RaftServerConfigKeys (ConfUtils.java:logGet(43)) - raft.server.log.appender.buffer.byte-limit = 33554432 (custom)
2019-09-24 22:45:47,749 [pool-147-thread-1] INFO  server.RaftServerConfigKeys (ConfUtils.java:logGet(43)) - raft.server.log.use.memory = false (default)
2019-09-24 22:45:47,749 [pool-177-thread-1] INFO  server.RaftServerConfigKeys (ConfUtils.java:logGet(43)) - raft.server.log.segment.size.max = 1048576 (custom)
2019-09-24 22:45:47,749 [pool-167-thread-1] INFO  server.RaftServerConfigKeys (ConfUtils.java:logGet(43)) - raft.server.log.appender.buffer.byte-limit = 33554432 (custom)
2019-09-24 22:45:47,750 [pool-177-thread-1] INFO  server.RaftServerConfigKeys (ConfUtils.java:logGet(43)) - raft.server.log.segment.cache.num.max = 2 (custom)
2019-09-24 22:45:47,750 [pool-147-thread-1] INFO  server.RaftServerConfigKeys (ConfUtils.java:logGet(43)) - raft.server.log.purge.gap = 1000000 (custom)
2019-09-24 22:45:47,750 [pool-177-thread-1] INFO  segmented.SegmentedRaftLogWorker (SegmentedRaftLogWorker.java:<init>(172)) - new 8a676727-5b4d-4da9-ab8a-8454365c119a@group-99578A544418-SegmentedRaftLogWorker for RaftStorage:Storage Directory /workdir/hadoop-ozone/integration-test/target/test-dir/MiniOzoneClusterImpl-c301a8ba-4931-4f65-a02e-7799d4a6f55f/datanode-6/data/ratis/ebc39c21-2266-438c-bbb7-99578a544418
2019-09-24 22:45:47,750 [pool-167-thread-1] INFO  server.RaftServerConfigKeys (ConfUtils.java:logGet(43)) - raft.server.log.segment.size.max = 1048576 (custom)
2019-09-24 22:45:47,750 [pool-177-thread-1] INFO  server.RaftServerConfigKeys (ConfUtils.java:logGet(43)) - raft.server.log.queue.byte-limit = 2147483647 (custom)
2019-09-24 22:45:47,750 [pool-147-thread-1] INFO  server.RaftServerConfigKeys (ConfUtils.java:logGet(43)) - raft.server.log.appender.buffer.byte-limit = 33554432 (custom)
2019-09-24 22:45:47,750 [pool-177-thread-1] INFO  server.RaftServerConfigKeys (ConfUtils.java:logGet(43)) - raft.server.log.queue.element-limit = 1024 (custom)
2019-09-24 22:45:47,750 [pool-167-thread-1] INFO  server.RaftServerConfigKeys (ConfUtils.java:logGet(43)) - raft.server.log.segment.cache.num.max = 2 (custom)
2019-09-24 22:45:47,751 [pool-177-thread-1] INFO  server.RaftServerConfigKeys (ConfUtils.java:logGet(43)) - raft.server.log.segment.size.max = 1048576 (custom)
2019-09-24 22:45:47,750 [pool-147-thread-1] INFO  server.RaftServerConfigKeys (ConfUtils.java:logGet(43)) - raft.server.log.segment.size.max = 1048576 (custom)
2019-09-24 22:45:47,751 [pool-177-thread-1] INFO  server.RaftServerConfigKeys (ConfUtils.java:logGet(43)) - raft.server.log.preallocated.size = 16384 (custom)
2019-09-24 22:45:47,751 [pool-167-thread-1] INFO  segmented.SegmentedRaftLogWorker (SegmentedRaftLogWorker.java:<init>(172)) - new 6cc2e494-d13a-41ea-8905-b03559cae07d@group-99578A544418-SegmentedRaftLogWorker for RaftStorage:Storage Directory /workdir/hadoop-ozone/integration-test/target/test-dir/MiniOzoneClusterImpl-c301a8ba-4931-4f65-a02e-7799d4a6f55f/datanode-5/data/ratis/ebc39c21-2266-438c-bbb7-99578a544418
2019-09-24 22:45:47,751 [pool-177-thread-1] INFO  server.RaftServerConfigKeys (ConfUtils.java:logGet(43)) - raft.server.log.write.buffer.size = 33554432 (custom)
2019-09-24 22:45:47,751 [pool-147-thread-1] INFO  server.RaftServerConfigKeys (ConfUtils.java:logGet(43)) - raft.server.log.segment.cache.num.max = 2 (custom)
2019-09-24 22:45:47,751 [pool-177-thread-1] INFO  server.RaftServerConfigKeys (ConfUtils.java:logGet(43)) - raft.server.log.force.sync.num = 128 (default)
2019-09-24 22:45:47,751 [pool-167-thread-1] INFO  server.RaftServerConfigKeys (ConfUtils.java:logGet(43)) - raft.server.log.queue.byte-limit = 2147483647 (custom)
2019-09-24 22:45:47,751 [pool-177-thread-1] INFO  server.RaftServerConfigKeys (ConfUtils.java:logGet(43)) - raft.server.log.statemachine.data.sync = true (default)
2019-09-24 22:45:47,751 [pool-147-thread-1] INFO  segmented.SegmentedRaftLogWorker (SegmentedRaftLogWorker.java:<init>(172)) - new 2a05965a-75e8-4c8e-8d07-201cc05f87d1@group-99578A544418-SegmentedRaftLogWorker for RaftStorage:Storage Directory /workdir/hadoop-ozone/integration-test/target/test-dir/MiniOzoneClusterImpl-c301a8ba-4931-4f65-a02e-7799d4a6f55f/datanode-3/data/ratis/ebc39c21-2266-438c-bbb7-99578a544418
2019-09-24 22:45:47,752 [pool-177-thread-1] INFO  server.RaftServerConfigKeys (ConfUtils.java:logGet(43)) - raft.server.log.statemachine.data.sync.timeout = 10s (default)
2019-09-24 22:45:47,751 [pool-167-thread-1] INFO  server.RaftServerConfigKeys (ConfUtils.java:logGet(43)) - raft.server.log.queue.element-limit = 1024 (custom)
2019-09-24 22:45:47,752 [pool-177-thread-1] INFO  server.RaftServerConfigKeys (ConfUtils.java:logGet(43)) - raft.server.log.statemachine.data.sync.timeout.retry = -1 (default)
2019-09-24 22:45:47,752 [pool-147-thread-1] INFO  server.RaftServerConfigKeys (ConfUtils.java:logGet(43)) - raft.server.log.queue.byte-limit = 2147483647 (custom)
2019-09-24 22:45:47,752 [pool-177-thread-1] INFO  server.RaftServerConfigKeys (ConfUtils.java:logGet(43)) - raft.server.log.statemachine.data.caching.enabled = true (custom)
2019-09-24 22:45:47,752 [pool-167-thread-1] INFO  server.RaftServerConfigKeys (ConfUtils.java:logGet(43)) - raft.server.log.segment.size.max = 1048576 (custom)
2019-09-24 22:45:47,752 [pool-147-thread-1] INFO  server.RaftServerConfigKeys (ConfUtils.java:logGet(43)) - raft.server.log.queue.element-limit = 1024 (custom)
2019-09-24 22:45:47,752 [pool-167-thread-1] INFO  server.RaftServerConfigKeys (ConfUtils.java:logGet(43)) - raft.server.log.preallocated.size = 16384 (custom)
2019-09-24 22:45:47,752 [pool-177-thread-1] INFO  segmented.SegmentedRaftLogWorker (SegmentedRaftLogWorker.java:lambda$new$0(132)) - 8a676727-5b4d-4da9-ab8a-8454365c119a@group-99578A544418-SegmentedRaftLogWorker: flushIndex: setUnconditionally 0 -> -1
2019-09-24 22:45:47,753 [pool-167-thread-1] INFO  server.RaftServerConfigKeys (ConfUtils.java:logGet(43)) - raft.server.log.write.buffer.size = 33554432 (custom)
2019-09-24 22:45:47,752 [pool-147-thread-1] INFO  server.RaftServerConfigKeys (ConfUtils.java:logGet(43)) - raft.server.log.segment.size.max = 1048576 (custom)
2019-09-24 22:45:47,753 [pool-177-thread-1] INFO  server.RaftServerConfigKeys (ConfUtils.java:logGet(43)) - raft.server.snapshot.auto.trigger.enabled = true (custom)
2019-09-24 22:45:47,753 [pool-167-thread-1] INFO  server.RaftServerConfigKeys (ConfUtils.java:logGet(43)) - raft.server.log.force.sync.num = 128 (default)
2019-09-24 22:45:47,753 [pool-177-thread-1] INFO  server.RaftServerConfigKeys (ConfUtils.java:logGet(43)) - raft.server.snapshot.auto.trigger.threshold = 10000 (custom)
2019-09-24 22:45:47,753 [pool-147-thread-1] INFO  server.RaftServerConfigKeys (ConfUtils.java:logGet(43)) - raft.server.log.preallocated.size = 16384 (custom)
2019-09-24 22:45:47,754 [pool-177-thread-1] INFO  server.RaftServerConfigKeys (ConfUtils.java:logGet(43)) - raft.server.snapshot.retention.num.files = 5 (custom)
2019-09-24 22:45:47,753 [pool-167-thread-1] INFO  server.RaftServerConfigKeys (ConfUtils.java:logGet(43)) - raft.server.log.statemachine.data.sync = true (default)
2019-09-24 22:45:47,754 [pool-177-thread-1] INFO  server.RaftServerConfigKeys (ConfUtils.java:logGet(43)) - raft.server.retrycache.expirytime = 600000ms (custom)
2019-09-24 22:45:47,754 [pool-147-thread-1] INFO  server.RaftServerConfigKeys (ConfUtils.java:logGet(43)) - raft.server.log.write.buffer.size = 33554432 (custom)
2019-09-24 22:45:47,754 [pool-167-thread-1] INFO  server.RaftServerConfigKeys (ConfUtils.java:logGet(43)) - raft.server.log.statemachine.data.sync.timeout = 10s (default)
2019-09-24 22:45:47,754 [pool-147-thread-1] INFO  server.RaftServerConfigKeys (ConfUtils.java:logGet(43)) - raft.server.log.force.sync.num = 128 (default)
2019-09-24 22:45:47,754 [pool-167-thread-1] INFO  server.RaftServerConfigKeys (ConfUtils.java:logGet(43)) - raft.server.log.statemachine.data.sync.timeout.retry = -1 (default)
2019-09-24 22:45:47,755 [pool-147-thread-1] INFO  server.RaftServerConfigKeys (ConfUtils.java:logGet(43)) - raft.server.log.statemachine.data.sync = true (default)
2019-09-24 22:45:47,755 [pool-167-thread-1] INFO  server.RaftServerConfigKeys (ConfUtils.java:logGet(43)) - raft.server.log.statemachine.data.caching.enabled = true (custom)
2019-09-24 22:45:47,755 [pool-147-thread-1] INFO  server.RaftServerConfigKeys (ConfUtils.java:logGet(43)) - raft.server.log.statemachine.data.sync.timeout = 10s (default)
2019-09-24 22:45:47,755 [pool-147-thread-1] INFO  server.RaftServerConfigKeys (ConfUtils.java:logGet(43)) - raft.server.log.statemachine.data.sync.timeout.retry = -1 (default)
2019-09-24 22:45:47,755 [pool-147-thread-1] INFO  server.RaftServerConfigKeys (ConfUtils.java:logGet(43)) - raft.server.log.statemachine.data.caching.enabled = true (custom)
2019-09-24 22:45:47,755 [pool-167-thread-1] INFO  segmented.SegmentedRaftLogWorker (SegmentedRaftLogWorker.java:lambda$new$0(132)) - 6cc2e494-d13a-41ea-8905-b03559cae07d@group-99578A544418-SegmentedRaftLogWorker: flushIndex: setUnconditionally 0 -> -1
2019-09-24 22:45:47,755 [pool-147-thread-1] INFO  segmented.SegmentedRaftLogWorker (SegmentedRaftLogWorker.java:lambda$new$0(132)) - 2a05965a-75e8-4c8e-8d07-201cc05f87d1@group-99578A544418-SegmentedRaftLogWorker: flushIndex: setUnconditionally 0 -> -1
2019-09-24 22:45:47,756 [pool-167-thread-1] INFO  server.RaftServerConfigKeys (ConfUtils.java:logGet(43)) - raft.server.snapshot.auto.trigger.enabled = true (custom)
2019-09-24 22:45:47,756 [pool-147-thread-1] INFO  server.RaftServerConfigKeys (ConfUtils.java:logGet(43)) - raft.server.snapshot.auto.trigger.enabled = true (custom)
2019-09-24 22:45:47,756 [pool-167-thread-1] INFO  server.RaftServerConfigKeys (ConfUtils.java:logGet(43)) - raft.server.snapshot.auto.trigger.threshold = 10000 (custom)
2019-09-24 22:45:47,756 [pool-147-thread-1] INFO  server.RaftServerConfigKeys (ConfUtils.java:logGet(43)) - raft.server.snapshot.auto.trigger.threshold = 10000 (custom)
2019-09-24 22:45:47,756 [pool-167-thread-1] INFO  server.RaftServerConfigKeys (ConfUtils.java:logGet(43)) - raft.server.snapshot.retention.num.files = 5 (custom)
2019-09-24 22:45:47,756 [pool-147-thread-1] INFO  server.RaftServerConfigKeys (ConfUtils.java:logGet(43)) - raft.server.snapshot.retention.num.files = 5 (custom)
2019-09-24 22:45:47,756 [pool-167-thread-1] INFO  server.RaftServerConfigKeys (ConfUtils.java:logGet(43)) - raft.server.retrycache.expirytime = 600000ms (custom)
2019-09-24 22:45:47,756 [pool-147-thread-1] INFO  server.RaftServerConfigKeys (ConfUtils.java:logGet(43)) - raft.server.retrycache.expirytime = 600000ms (custom)
2019-09-24 22:45:47,757 [pool-177-thread-1] INFO  impl.RaftServerImpl (RaftServerImpl.java:start(185)) - 8a676727-5b4d-4da9-ab8a-8454365c119a@group-99578A544418: start as a follower, conf=-1: [6cc2e494-d13a-41ea-8905-b03559cae07d:192.168.151.66:46434, 2a05965a-75e8-4c8e-8d07-201cc05f87d1:192.168.151.66:44187, 8a676727-5b4d-4da9-ab8a-8454365c119a:192.168.151.66:42122], old=null
2019-09-24 22:45:47,757 [pool-177-thread-1] INFO  impl.RaftServerImpl (RaftServerImpl.java:setRole(174)) - 8a676727-5b4d-4da9-ab8a-8454365c119a@group-99578A544418: changes role from      null to FOLLOWER at term 0 for startAsFollower
2019-09-24 22:45:47,757 [pool-177-thread-1] INFO  impl.RoleInfo (RoleInfo.java:updateAndGet(143)) - 8a676727-5b4d-4da9-ab8a-8454365c119a: start FollowerState
2019-09-24 22:45:47,758 [pool-177-thread-1] INFO  util.JmxRegister (JmxRegister.java:tryRegister(44)) - Successfully registered JMX Bean with object name Ratis:service=RaftServer,group=group-99578A544418,id=8a676727-5b4d-4da9-ab8a-8454365c119a
2019-09-24 22:45:47,762 [pool-167-thread-1] INFO  impl.RaftServerImpl (RaftServerImpl.java:start(185)) - 6cc2e494-d13a-41ea-8905-b03559cae07d@group-99578A544418: start as a follower, conf=-1: [6cc2e494-d13a-41ea-8905-b03559cae07d:192.168.151.66:46434, 2a05965a-75e8-4c8e-8d07-201cc05f87d1:192.168.151.66:44187, 8a676727-5b4d-4da9-ab8a-8454365c119a:192.168.151.66:42122], old=null
2019-09-24 22:45:47,762 [pool-147-thread-1] INFO  impl.RaftServerImpl (RaftServerImpl.java:start(185)) - 2a05965a-75e8-4c8e-8d07-201cc05f87d1@group-99578A544418: start as a follower, conf=-1: [6cc2e494-d13a-41ea-8905-b03559cae07d:192.168.151.66:46434, 2a05965a-75e8-4c8e-8d07-201cc05f87d1:192.168.151.66:44187, 8a676727-5b4d-4da9-ab8a-8454365c119a:192.168.151.66:42122], old=null
2019-09-24 22:45:47,762 [pool-167-thread-1] INFO  impl.RaftServerImpl (RaftServerImpl.java:setRole(174)) - 6cc2e494-d13a-41ea-8905-b03559cae07d@group-99578A544418: changes role from      null to FOLLOWER at term 0 for startAsFollower
2019-09-24 22:45:47,762 [pool-147-thread-1] INFO  impl.RaftServerImpl (RaftServerImpl.java:setRole(174)) - 2a05965a-75e8-4c8e-8d07-201cc05f87d1@group-99578A544418: changes role from      null to FOLLOWER at term 0 for startAsFollower
2019-09-24 22:45:47,762 [pool-167-thread-1] INFO  impl.RoleInfo (RoleInfo.java:updateAndGet(143)) - 6cc2e494-d13a-41ea-8905-b03559cae07d: start FollowerState
2019-09-24 22:45:47,762 [pool-147-thread-1] INFO  impl.RoleInfo (RoleInfo.java:updateAndGet(143)) - 2a05965a-75e8-4c8e-8d07-201cc05f87d1: start FollowerState
2019-09-24 22:45:47,763 [pool-167-thread-1] INFO  util.JmxRegister (JmxRegister.java:tryRegister(44)) - Successfully registered JMX Bean with object name Ratis:service=RaftServer,group=group-99578A544418,id=6cc2e494-d13a-41ea-8905-b03559cae07d
2019-09-24 22:45:47,763 [pool-147-thread-1] INFO  util.JmxRegister (JmxRegister.java:tryRegister(44)) - Successfully registered JMX Bean with object name Ratis:service=RaftServer,group=group-99578A544418,id=2a05965a-75e8-4c8e-8d07-201cc05f87d1
2019-09-24 22:45:47,769 [RatisPipelineUtilsThread] INFO  pipeline.PipelineStateManager (PipelineStateManager.java:addPipeline(56)) - Created pipeline Pipeline[ Id: ebc39c21-2266-438c-bbb7-99578a544418, Nodes: 6cc2e494-d13a-41ea-8905-b03559cae07d{ip: 192.168.151.66, host: pr-hdds-2162-v2v4x-1150571016, networkLocation: /default-rack, certSerialId: null}2a05965a-75e8-4c8e-8d07-201cc05f87d1{ip: 192.168.151.66, host: pr-hdds-2162-v2v4x-1150571016, networkLocation: /default-rack, certSerialId: null}8a676727-5b4d-4da9-ab8a-8454365c119a{ip: 192.168.151.66, host: pr-hdds-2162-v2v4x-1150571016, networkLocation: /default-rack, certSerialId: null}, Type:RATIS, Factor:THREE, State:OPEN]
2019-09-24 22:45:48,516 [main] INFO  ozone.MiniOzoneClusterImpl (MiniOzoneClusterImpl.java:lambda$waitForClusterToBeReady$0(147)) - Cluster is ready. Got 7 of 7 DN Heartbeats.
2019-09-24 22:45:49,523 [main] INFO  ipc.Client (Client.java:handleConnectionFailure(948)) - Retrying connect to server: localhost/127.0.0.1:0. Already tried 0 time(s); retry policy is RetryUpToMaximumCountWithFixedSleep(maxRetries=10, sleepTime=1000 MILLISECONDS)
2019-09-24 22:45:50,105 [Thread-764] INFO  container.ReplicationManager (ReplicationManager.java:start(162)) - Starting Replication Monitor Thread.
2019-09-24 22:45:50,111 [ReplicationMonitor] INFO  container.ReplicationManager (ReplicationManager.java:run(225)) - Replication Monitor Thread took 0 milliseconds for processing 0 containers.
2019-09-24 22:45:50,525 [main] INFO  ipc.Client (Client.java:handleConnectionFailure(948)) - Retrying connect to server: localhost/127.0.0.1:0. Already tried 1 time(s); retry policy is RetryUpToMaximumCountWithFixedSleep(maxRetries=10, sleepTime=1000 MILLISECONDS)
2019-09-24 22:45:51,526 [main] INFO  ipc.Client (Client.java:handleConnectionFailure(948)) - Retrying connect to server: localhost/127.0.0.1:0. Already tried 2 time(s); retry policy is RetryUpToMaximumCountWithFixedSleep(maxRetries=10, sleepTime=1000 MILLISECONDS)
2019-09-24 22:45:52,239 [Thread-766] INFO  impl.FollowerState (FollowerState.java:run(106)) - 19f58096-26c7-4e4a-bd6f-c4b3e3485142:group-05F297EE50B3 changes to CANDIDATE, lastRpcTime:5067, electionTimeout:5067ms
2019-09-24 22:45:52,239 [Thread-766] INFO  impl.RoleInfo (RoleInfo.java:shutdownFollowerState(121)) - 19f58096-26c7-4e4a-bd6f-c4b3e3485142: shutdown FollowerState
2019-09-24 22:45:52,239 [Thread-766] INFO  impl.RaftServerImpl (RaftServerImpl.java:setRole(174)) - 19f58096-26c7-4e4a-bd6f-c4b3e3485142@group-05F297EE50B3: changes role from  FOLLOWER to CANDIDATE at term 0 for changeToCandidate
2019-09-24 22:45:52,240 [Thread-766] INFO  impl.RoleInfo (RoleInfo.java:updateAndGet(143)) - 19f58096-26c7-4e4a-bd6f-c4b3e3485142: start LeaderElection
2019-09-24 22:45:52,260 [19f58096-26c7-4e4a-bd6f-c4b3e3485142@group-05F297EE50B3:LeaderElection13] INFO  impl.LeaderElection (LeaderElection.java:askForVotes(182)) - 19f58096-26c7-4e4a-bd6f-c4b3e3485142@group-05F297EE50B3:LeaderElection13: begin an election at term 1 for -1: [19f58096-26c7-4e4a-bd6f-c4b3e3485142:192.168.151.66:39620], old=null
2019-09-24 22:45:52,261 [19f58096-26c7-4e4a-bd6f-c4b3e3485142@group-05F297EE50B3:LeaderElection13] INFO  impl.RoleInfo (RoleInfo.java:shutdownLeaderElection(134)) - 19f58096-26c7-4e4a-bd6f-c4b3e3485142: shutdown LeaderElection
2019-09-24 22:45:52,261 [19f58096-26c7-4e4a-bd6f-c4b3e3485142@group-05F297EE50B3:LeaderElection13] INFO  impl.RaftServerImpl (RaftServerImpl.java:setRole(174)) - 19f58096-26c7-4e4a-bd6f-c4b3e3485142@group-05F297EE50B3: changes role from CANDIDATE to LEADER at term 1 for changeToLeader
2019-09-24 22:45:52,261 [19f58096-26c7-4e4a-bd6f-c4b3e3485142@group-05F297EE50B3:LeaderElection13] INFO  impl.RaftServerImpl (ServerState.java:setLeader(253)) - 19f58096-26c7-4e4a-bd6f-c4b3e3485142@group-05F297EE50B3: change Leader from null to 19f58096-26c7-4e4a-bd6f-c4b3e3485142 at term 1 for becomeLeader, leader elected after 5097ms
2019-09-24 22:45:52,263 [19f58096-26c7-4e4a-bd6f-c4b3e3485142@group-05F297EE50B3:LeaderElection13] INFO  server.RaftServerConfigKeys (ConfUtils.java:logGet(43)) - raft.server.staging.catchup.gap = 1000 (default)
2019-09-24 22:45:52,263 [19f58096-26c7-4e4a-bd6f-c4b3e3485142@group-05F297EE50B3:LeaderElection13] INFO  server.RaftServerConfigKeys (ConfUtils.java:logGet(43)) - raft.server.rpc.sleep.time = 25ms (default)
2019-09-24 22:45:52,263 [19f58096-26c7-4e4a-bd6f-c4b3e3485142@group-05F297EE50B3:LeaderElection13] INFO  server.RaftServerConfigKeys (ConfUtils.java:logGet(43)) - raft.server.write.element-limit = 4096 (default)
2019-09-24 22:45:52,264 [19f58096-26c7-4e4a-bd6f-c4b3e3485142@group-05F297EE50B3:LeaderElection13] INFO  server.RaftServerConfigKeys (ConfUtils.java:logGet(43)) - raft.server.watch.timeout = 10s (default)
2019-09-24 22:45:52,264 [19f58096-26c7-4e4a-bd6f-c4b3e3485142@group-05F297EE50B3:LeaderElection13] INFO  server.RaftServerConfigKeys (ConfUtils.java:logGet(43)) - raft.server.watch.timeout.denomination = 1s (default)
2019-09-24 22:45:52,264 [19f58096-26c7-4e4a-bd6f-c4b3e3485142@group-05F297EE50B3:LeaderElection13] INFO  server.RaftServerConfigKeys (ConfUtils.java:logGet(43)) - raft.server.watch.element-limit = 65536 (default)
2019-09-24 22:45:52,267 [19f58096-26c7-4e4a-bd6f-c4b3e3485142@group-05F297EE50B3:LeaderElection13] INFO  impl.RoleInfo (RoleInfo.java:updateAndGet(143)) - 19f58096-26c7-4e4a-bd6f-c4b3e3485142: start LeaderState
2019-09-24 22:45:52,267 [19f58096-26c7-4e4a-bd6f-c4b3e3485142@group-05F297EE50B3:LeaderElection13] INFO  segmented.SegmentedRaftLogWorker (SegmentedRaftLogWorker.java:startLogSegment(380)) - 19f58096-26c7-4e4a-bd6f-c4b3e3485142@group-05F297EE50B3-SegmentedRaftLogWorker: Starting segment from index:0
2019-09-24 22:45:52,268 [19f58096-26c7-4e4a-bd6f-c4b3e3485142@group-05F297EE50B3:LeaderElection13] INFO  impl.RaftServerImpl (ServerState.java:setRaftConf(354)) - 19f58096-26c7-4e4a-bd6f-c4b3e3485142@group-05F297EE50B3: set configuration 0: [19f58096-26c7-4e4a-bd6f-c4b3e3485142:192.168.151.66:39620], old=null at 0
2019-09-24 22:45:52,295 [19f58096-26c7-4e4a-bd6f-c4b3e3485142@group-05F297EE50B3-SegmentedRaftLogWorker] INFO  segmented.SegmentedRaftLogWorker (SegmentedRaftLogWorker.java:execute(569)) - 19f58096-26c7-4e4a-bd6f-c4b3e3485142@group-05F297EE50B3-SegmentedRaftLogWorker: created new log segment /workdir/hadoop-ozone/integration-test/target/test-dir/MiniOzoneClusterImpl-c301a8ba-4931-4f65-a02e-7799d4a6f55f/datanode-0/data/ratis/4017907c-989c-4e0b-9ded-05f297ee50b3/current/log_inprogress_0
2019-09-24 22:45:52,346 [Thread-769] INFO  impl.FollowerState (FollowerState.java:run(106)) - 8b3714d9-dd5c-431f-974a-7eaa789e847d:group-AA1429039D20 changes to CANDIDATE, lastRpcTime:5111, electionTimeout:5111ms
2019-09-24 22:45:52,346 [Thread-769] INFO  impl.RoleInfo (RoleInfo.java:shutdownFollowerState(121)) - 8b3714d9-dd5c-431f-974a-7eaa789e847d: shutdown FollowerState
2019-09-24 22:45:52,346 [Thread-769] INFO  impl.RaftServerImpl (RaftServerImpl.java:setRole(174)) - 8b3714d9-dd5c-431f-974a-7eaa789e847d@group-AA1429039D20: changes role from  FOLLOWER to CANDIDATE at term 0 for changeToCandidate
2019-09-24 22:45:52,346 [Thread-769] INFO  impl.RoleInfo (RoleInfo.java:updateAndGet(143)) - 8b3714d9-dd5c-431f-974a-7eaa789e847d: start LeaderElection
2019-09-24 22:45:52,367 [8b3714d9-dd5c-431f-974a-7eaa789e847d@group-AA1429039D20:LeaderElection14] INFO  impl.LeaderElection (LeaderElection.java:askForVotes(182)) - 8b3714d9-dd5c-431f-974a-7eaa789e847d@group-AA1429039D20:LeaderElection14: begin an election at term 1 for -1: [8b3714d9-dd5c-431f-974a-7eaa789e847d:192.168.151.66:38988], old=null
2019-09-24 22:45:52,367 [8b3714d9-dd5c-431f-974a-7eaa789e847d@group-AA1429039D20:LeaderElection14] INFO  impl.RoleInfo (RoleInfo.java:shutdownLeaderElection(134)) - 8b3714d9-dd5c-431f-974a-7eaa789e847d: shutdown LeaderElection
2019-09-24 22:45:52,367 [8b3714d9-dd5c-431f-974a-7eaa789e847d@group-AA1429039D20:LeaderElection14] INFO  impl.RaftServerImpl (RaftServerImpl.java:setRole(174)) - 8b3714d9-dd5c-431f-974a-7eaa789e847d@group-AA1429039D20: changes role from CANDIDATE to LEADER at term 1 for changeToLeader
2019-09-24 22:45:52,368 [8b3714d9-dd5c-431f-974a-7eaa789e847d@group-AA1429039D20:LeaderElection14] INFO  impl.RaftServerImpl (ServerState.java:setLeader(253)) - 8b3714d9-dd5c-431f-974a-7eaa789e847d@group-AA1429039D20: change Leader from null to 8b3714d9-dd5c-431f-974a-7eaa789e847d at term 1 for becomeLeader, leader elected after 5140ms
2019-09-24 22:45:52,370 [8b3714d9-dd5c-431f-974a-7eaa789e847d@group-AA1429039D20:LeaderElection14] INFO  server.RaftServerConfigKeys (ConfUtils.java:logGet(43)) - raft.server.staging.catchup.gap = 1000 (default)
2019-09-24 22:45:52,370 [8b3714d9-dd5c-431f-974a-7eaa789e847d@group-AA1429039D20:LeaderElection14] INFO  server.RaftServerConfigKeys (ConfUtils.java:logGet(43)) - raft.server.rpc.sleep.time = 25ms (default)
2019-09-24 22:45:52,370 [8b3714d9-dd5c-431f-974a-7eaa789e847d@group-AA1429039D20:LeaderElection14] INFO  server.RaftServerConfigKeys (ConfUtils.java:logGet(43)) - raft.server.write.element-limit = 4096 (default)
2019-09-24 22:45:52,370 [8b3714d9-dd5c-431f-974a-7eaa789e847d@group-AA1429039D20:LeaderElection14] INFO  server.RaftServerConfigKeys (ConfUtils.java:logGet(43)) - raft.server.watch.timeout = 10s (default)
2019-09-24 22:45:52,370 [8b3714d9-dd5c-431f-974a-7eaa789e847d@group-AA1429039D20:LeaderElection14] INFO  server.RaftServerConfigKeys (ConfUtils.java:logGet(43)) - raft.server.watch.timeout.denomination = 1s (default)
2019-09-24 22:45:52,371 [8b3714d9-dd5c-431f-974a-7eaa789e847d@group-AA1429039D20:LeaderElection14] INFO  server.RaftServerConfigKeys (ConfUtils.java:logGet(43)) - raft.server.watch.element-limit = 65536 (default)
2019-09-24 22:45:52,374 [8b3714d9-dd5c-431f-974a-7eaa789e847d@group-AA1429039D20:LeaderElection14] INFO  impl.RoleInfo (RoleInfo.java:updateAndGet(143)) - 8b3714d9-dd5c-431f-974a-7eaa789e847d: start LeaderState
2019-09-24 22:45:52,374 [8b3714d9-dd5c-431f-974a-7eaa789e847d@group-AA1429039D20:LeaderElection14] INFO  segmented.SegmentedRaftLogWorker (SegmentedRaftLogWorker.java:startLogSegment(380)) - 8b3714d9-dd5c-431f-974a-7eaa789e847d@group-AA1429039D20-SegmentedRaftLogWorker: Starting segment from index:0
2019-09-24 22:45:52,375 [8b3714d9-dd5c-431f-974a-7eaa789e847d@group-AA1429039D20:LeaderElection14] INFO  impl.RaftServerImpl (ServerState.java:setRaftConf(354)) - 8b3714d9-dd5c-431f-974a-7eaa789e847d@group-AA1429039D20: set configuration 0: [8b3714d9-dd5c-431f-974a-7eaa789e847d:192.168.151.66:38988], old=null at 0
2019-09-24 22:45:52,400 [8b3714d9-dd5c-431f-974a-7eaa789e847d@group-AA1429039D20-SegmentedRaftLogWorker] INFO  segmented.SegmentedRaftLogWorker (SegmentedRaftLogWorker.java:execute(569)) - 8b3714d9-dd5c-431f-974a-7eaa789e847d@group-AA1429039D20-SegmentedRaftLogWorker: created new log segment /workdir/hadoop-ozone/integration-test/target/test-dir/MiniOzoneClusterImpl-c301a8ba-4931-4f65-a02e-7799d4a6f55f/datanode-1/data/ratis/14cca070-8c4a-4ef7-8163-aa1429039d20/current/log_inprogress_0
2019-09-24 22:45:52,430 [Thread-772] INFO  impl.FollowerState (FollowerState.java:run(106)) - c01d8eb5-e6c7-440d-bfdc-d426acfe1c94:group-B1057A736950 changes to CANDIDATE, lastRpcTime:5139, electionTimeout:5139ms
2019-09-24 22:45:52,430 [Thread-772] INFO  impl.RoleInfo (RoleInfo.java:shutdownFollowerState(121)) - c01d8eb5-e6c7-440d-bfdc-d426acfe1c94: shutdown FollowerState
2019-09-24 22:45:52,430 [Thread-772] INFO  impl.RaftServerImpl (RaftServerImpl.java:setRole(174)) - c01d8eb5-e6c7-440d-bfdc-d426acfe1c94@group-B1057A736950: changes role from  FOLLOWER to CANDIDATE at term 0 for changeToCandidate
2019-09-24 22:45:52,430 [Thread-772] INFO  impl.RoleInfo (RoleInfo.java:updateAndGet(143)) - c01d8eb5-e6c7-440d-bfdc-d426acfe1c94: start LeaderElection
2019-09-24 22:45:52,437 [Thread-779] INFO  impl.FollowerState (FollowerState.java:run(106)) - c01d8eb5-e6c7-440d-bfdc-d426acfe1c94:group-730E756918E2 changes to CANDIDATE, lastRpcTime:5036, electionTimeout:5034ms
2019-09-24 22:45:52,437 [Thread-779] INFO  impl.RoleInfo (RoleInfo.java:shutdownFollowerState(121)) - c01d8eb5-e6c7-440d-bfdc-d426acfe1c94: shutdown FollowerState
2019-09-24 22:45:52,437 [Thread-779] INFO  impl.RaftServerImpl (RaftServerImpl.java:setRole(174)) - c01d8eb5-e6c7-440d-bfdc-d426acfe1c94@group-730E756918E2: changes role from  FOLLOWER to CANDIDATE at term 0 for changeToCandidate
2019-09-24 22:45:52,438 [Thread-779] INFO  impl.RoleInfo (RoleInfo.java:updateAndGet(143)) - c01d8eb5-e6c7-440d-bfdc-d426acfe1c94: start LeaderElection
2019-09-24 22:45:52,463 [c01d8eb5-e6c7-440d-bfdc-d426acfe1c94@group-B1057A736950:LeaderElection15] INFO  impl.LeaderElection (LeaderElection.java:askForVotes(182)) - c01d8eb5-e6c7-440d-bfdc-d426acfe1c94@group-B1057A736950:LeaderElection15: begin an election at term 1 for -1: [c01d8eb5-e6c7-440d-bfdc-d426acfe1c94:192.168.151.66:43641], old=null
2019-09-24 22:45:52,463 [c01d8eb5-e6c7-440d-bfdc-d426acfe1c94@group-730E756918E2:LeaderElection16] INFO  impl.LeaderElection (LeaderElection.java:askForVotes(182)) - c01d8eb5-e6c7-440d-bfdc-d426acfe1c94@group-730E756918E2:LeaderElection16: begin an election at term 1 for -1: [c01d8eb5-e6c7-440d-bfdc-d426acfe1c94:192.168.151.66:43641, 8b3714d9-dd5c-431f-974a-7eaa789e847d:192.168.151.66:38988, 19f58096-26c7-4e4a-bd6f-c4b3e3485142:192.168.151.66:39620], old=null
2019-09-24 22:45:52,463 [c01d8eb5-e6c7-440d-bfdc-d426acfe1c94@group-B1057A736950:LeaderElection15] INFO  impl.RoleInfo (RoleInfo.java:shutdownLeaderElection(134)) - c01d8eb5-e6c7-440d-bfdc-d426acfe1c94: shutdown LeaderElection
2019-09-24 22:45:52,463 [c01d8eb5-e6c7-440d-bfdc-d426acfe1c94@group-B1057A736950:LeaderElection15] INFO  impl.RaftServerImpl (RaftServerImpl.java:setRole(174)) - c01d8eb5-e6c7-440d-bfdc-d426acfe1c94@group-B1057A736950: changes role from CANDIDATE to LEADER at term 1 for changeToLeader
2019-09-24 22:45:52,463 [c01d8eb5-e6c7-440d-bfdc-d426acfe1c94@group-B1057A736950:LeaderElection15] INFO  impl.RaftServerImpl (ServerState.java:setLeader(253)) - c01d8eb5-e6c7-440d-bfdc-d426acfe1c94@group-B1057A736950: change Leader from null to c01d8eb5-e6c7-440d-bfdc-d426acfe1c94 at term 1 for becomeLeader, leader elected after 5180ms
2019-09-24 22:45:52,466 [c01d8eb5-e6c7-440d-bfdc-d426acfe1c94@group-B1057A736950:LeaderElection15] INFO  server.RaftServerConfigKeys (ConfUtils.java:logGet(43)) - raft.server.staging.catchup.gap = 1000 (default)
2019-09-24 22:45:52,466 [c01d8eb5-e6c7-440d-bfdc-d426acfe1c94@group-B1057A736950:LeaderElection15] INFO  server.RaftServerConfigKeys (ConfUtils.java:logGet(43)) - raft.server.rpc.sleep.time = 25ms (default)
2019-09-24 22:45:52,466 [c01d8eb5-e6c7-440d-bfdc-d426acfe1c94@group-B1057A736950:LeaderElection15] INFO  server.RaftServerConfigKeys (ConfUtils.java:logGet(43)) - raft.server.write.element-limit = 4096 (default)
2019-09-24 22:45:52,466 [c01d8eb5-e6c7-440d-bfdc-d426acfe1c94@group-B1057A736950:LeaderElection15] INFO  server.RaftServerConfigKeys (ConfUtils.java:logGet(43)) - raft.server.watch.timeout = 10s (default)
2019-09-24 22:45:52,466 [c01d8eb5-e6c7-440d-bfdc-d426acfe1c94@group-B1057A736950:LeaderElection15] INFO  server.RaftServerConfigKeys (ConfUtils.java:logGet(43)) - raft.server.watch.timeout.denomination = 1s (default)
2019-09-24 22:45:52,466 [c01d8eb5-e6c7-440d-bfdc-d426acfe1c94@group-B1057A736950:LeaderElection15] INFO  server.RaftServerConfigKeys (ConfUtils.java:logGet(43)) - raft.server.watch.element-limit = 65536 (default)
2019-09-24 22:45:52,473 [c01d8eb5-e6c7-440d-bfdc-d426acfe1c94@group-B1057A736950:LeaderElection15] INFO  impl.RoleInfo (RoleInfo.java:updateAndGet(143)) - c01d8eb5-e6c7-440d-bfdc-d426acfe1c94: start LeaderState
2019-09-24 22:45:52,473 [c01d8eb5-e6c7-440d-bfdc-d426acfe1c94@group-B1057A736950:LeaderElection15] INFO  segmented.SegmentedRaftLogWorker (SegmentedRaftLogWorker.java:startLogSegment(380)) - c01d8eb5-e6c7-440d-bfdc-d426acfe1c94@group-B1057A736950-SegmentedRaftLogWorker: Starting segment from index:0
2019-09-24 22:45:52,474 [c01d8eb5-e6c7-440d-bfdc-d426acfe1c94@group-B1057A736950:LeaderElection15] INFO  impl.RaftServerImpl (ServerState.java:setRaftConf(354)) - c01d8eb5-e6c7-440d-bfdc-d426acfe1c94@group-B1057A736950: set configuration 0: [c01d8eb5-e6c7-440d-bfdc-d426acfe1c94:192.168.151.66:43641], old=null at 0
2019-09-24 22:45:52,495 [grpc-default-executor-0] INFO  impl.RaftServerImpl (RaftServerImpl.java:setRole(174)) - 19f58096-26c7-4e4a-bd6f-c4b3e3485142@group-730E756918E2: changes role from  FOLLOWER to FOLLOWER at term 1 for recognizeCandidate:c01d8eb5-e6c7-440d-bfdc-d426acfe1c94
2019-09-24 22:45:52,495 [grpc-default-executor-1] INFO  impl.RaftServerImpl (RaftServerImpl.java:setRole(174)) - 8b3714d9-dd5c-431f-974a-7eaa789e847d@group-730E756918E2: changes role from  FOLLOWER to FOLLOWER at term 1 for recognizeCandidate:c01d8eb5-e6c7-440d-bfdc-d426acfe1c94
2019-09-24 22:45:52,496 [grpc-default-executor-1] INFO  impl.RoleInfo (RoleInfo.java:shutdownFollowerState(121)) - 8b3714d9-dd5c-431f-974a-7eaa789e847d: shutdown FollowerState
2019-09-24 22:45:52,496 [grpc-default-executor-0] INFO  impl.RoleInfo (RoleInfo.java:shutdownFollowerState(121)) - 19f58096-26c7-4e4a-bd6f-c4b3e3485142: shutdown FollowerState
2019-09-24 22:45:52,496 [Thread-780] INFO  impl.FollowerState (FollowerState.java:run(115)) - 8b3714d9-dd5c-431f-974a-7eaa789e847d: FollowerState was interrupted: java.lang.InterruptedException: sleep interrupted
2019-09-24 22:45:52,496 [grpc-default-executor-1] INFO  impl.RoleInfo (RoleInfo.java:updateAndGet(143)) - 8b3714d9-dd5c-431f-974a-7eaa789e847d: start FollowerState
2019-09-24 22:45:52,496 [Thread-776] INFO  impl.FollowerState (FollowerState.java:run(115)) - 19f58096-26c7-4e4a-bd6f-c4b3e3485142: FollowerState was interrupted: java.lang.InterruptedException: sleep interrupted
2019-09-24 22:45:52,496 [grpc-default-executor-0] INFO  impl.RoleInfo (RoleInfo.java:updateAndGet(143)) - 19f58096-26c7-4e4a-bd6f-c4b3e3485142: start FollowerState
2019-09-24 22:45:52,502 [c01d8eb5-e6c7-440d-bfdc-d426acfe1c94@group-B1057A736950-SegmentedRaftLogWorker] INFO  segmented.SegmentedRaftLogWorker (SegmentedRaftLogWorker.java:execute(569)) - c01d8eb5-e6c7-440d-bfdc-d426acfe1c94@group-B1057A736950-SegmentedRaftLogWorker: created new log segment /workdir/hadoop-ozone/integration-test/target/test-dir/MiniOzoneClusterImpl-c301a8ba-4931-4f65-a02e-7799d4a6f55f/datanode-2/data/ratis/65569f49-4626-4a3f-b713-b1057a736950/current/log_inprogress_0
2019-09-24 22:45:52,519 [c01d8eb5-e6c7-440d-bfdc-d426acfe1c94@group-730E756918E2:LeaderElection16] INFO  impl.LeaderElection (LeaderElection.java:logAndReturn(56)) - c01d8eb5-e6c7-440d-bfdc-d426acfe1c94@group-730E756918E2:LeaderElection16: Election PASSED; received 1 response(s) [c01d8eb5-e6c7-440d-bfdc-d426acfe1c94<-8b3714d9-dd5c-431f-974a-7eaa789e847d#0:OK-t1] and 0 exception(s); c01d8eb5-e6c7-440d-bfdc-d426acfe1c94@group-730E756918E2:t1, leader=null, voted=c01d8eb5-e6c7-440d-bfdc-d426acfe1c94, raftlog=c01d8eb5-e6c7-440d-bfdc-d426acfe1c94@group-730E756918E2-SegmentedRaftLog:OPENED:c-1,f-1,i0, conf=-1: [c01d8eb5-e6c7-440d-bfdc-d426acfe1c94:192.168.151.66:43641, 8b3714d9-dd5c-431f-974a-7eaa789e847d:192.168.151.66:38988, 19f58096-26c7-4e4a-bd6f-c4b3e3485142:192.168.151.66:39620], old=null
2019-09-24 22:45:52,520 [c01d8eb5-e6c7-440d-bfdc-d426acfe1c94@group-730E756918E2:LeaderElection16] INFO  impl.RoleInfo (RoleInfo.java:shutdownLeaderElection(134)) - c01d8eb5-e6c7-440d-bfdc-d426acfe1c94: shutdown LeaderElection
2019-09-24 22:45:52,523 [c01d8eb5-e6c7-440d-bfdc-d426acfe1c94@group-730E756918E2:LeaderElection16] INFO  impl.RaftServerImpl (RaftServerImpl.java:setRole(174)) - c01d8eb5-e6c7-440d-bfdc-d426acfe1c94@group-730E756918E2: changes role from CANDIDATE to LEADER at term 1 for changeToLeader
2019-09-24 22:45:52,523 [c01d8eb5-e6c7-440d-bfdc-d426acfe1c94@group-730E756918E2:LeaderElection16] INFO  impl.RaftServerImpl (ServerState.java:setLeader(253)) - c01d8eb5-e6c7-440d-bfdc-d426acfe1c94@group-730E756918E2: change Leader from null to c01d8eb5-e6c7-440d-bfdc-d426acfe1c94 at term 1 for becomeLeader, leader elected after 5137ms
2019-09-24 22:45:52,523 [c01d8eb5-e6c7-440d-bfdc-d426acfe1c94@group-730E756918E2:LeaderElection16] INFO  server.RaftServerConfigKeys (ConfUtils.java:logGet(43)) - raft.server.staging.catchup.gap = 1000 (default)
2019-09-24 22:45:52,524 [c01d8eb5-e6c7-440d-bfdc-d426acfe1c94@group-730E756918E2:LeaderElection16] INFO  server.RaftServerConfigKeys (ConfUtils.java:logGet(43)) - raft.server.rpc.sleep.time = 25ms (default)
2019-09-24 22:45:52,524 [c01d8eb5-e6c7-440d-bfdc-d426acfe1c94@group-730E756918E2:LeaderElection16] INFO  server.RaftServerConfigKeys (ConfUtils.java:logGet(43)) - raft.server.write.element-limit = 4096 (default)
2019-09-24 22:45:52,524 [c01d8eb5-e6c7-440d-bfdc-d426acfe1c94@group-730E756918E2:LeaderElection16] INFO  server.RaftServerConfigKeys (ConfUtils.java:logGet(43)) - raft.server.watch.timeout = 10s (default)
2019-09-24 22:45:52,524 [c01d8eb5-e6c7-440d-bfdc-d426acfe1c94@group-730E756918E2:LeaderElection16] INFO  server.RaftServerConfigKeys (ConfUtils.java:logGet(43)) - raft.server.watch.timeout.denomination = 1s (default)
2019-09-24 22:45:52,524 [c01d8eb5-e6c7-440d-bfdc-d426acfe1c94@group-730E756918E2:LeaderElection16] INFO  server.RaftServerConfigKeys (ConfUtils.java:logGet(43)) - raft.server.watch.element-limit = 65536 (default)
2019-09-24 22:45:52,527 [c01d8eb5-e6c7-440d-bfdc-d426acfe1c94@group-730E756918E2:LeaderElection16] INFO  server.RaftServerConfigKeys (ConfUtils.java:logGet(43)) - raft.server.log.appender.snapshot.chunk.size.max = 16MB (=16777216) (default)
2019-09-24 22:45:52,527 [main] INFO  ipc.Client (Client.java:handleConnectionFailure(948)) - Retrying connect to server: localhost/127.0.0.1:0. Already tried 3 time(s); retry policy is RetryUpToMaximumCountWithFixedSleep(maxRetries=10, sleepTime=1000 MILLISECONDS)
2019-09-24 22:45:52,527 [c01d8eb5-e6c7-440d-bfdc-d426acfe1c94@group-730E756918E2:LeaderElection16] INFO  server.RaftServerConfigKeys (ConfUtils.java:logGet(43)) - raft.server.log.appender.buffer.byte-limit = 33554432 (custom)
2019-09-24 22:45:52,530 [c01d8eb5-e6c7-440d-bfdc-d426acfe1c94@group-730E756918E2:LeaderElection16] INFO  server.RaftServerConfigKeys (ConfUtils.java:logGet(43)) - raft.server.log.appender.buffer.element-limit = 1 (custom)
2019-09-24 22:45:52,530 [c01d8eb5-e6c7-440d-bfdc-d426acfe1c94@group-730E756918E2:LeaderElection16] INFO  grpc.GrpcConfigKeys$Server (ConfUtils.java:logGet(43)) - raft.grpc.server.leader.outstanding.appends.max = 128 (default)
2019-09-24 22:45:52,530 [c01d8eb5-e6c7-440d-bfdc-d426acfe1c94@group-730E756918E2:LeaderElection16] INFO  server.RaftServerConfigKeys (ConfUtils.java:logGet(43)) - raft.server.rpc.request.timeout = 3000ms (default)
2019-09-24 22:45:52,530 [c01d8eb5-e6c7-440d-bfdc-d426acfe1c94@group-730E756918E2:LeaderElection16] INFO  server.RaftServerConfigKeys (ConfUtils.java:logGet(43)) - raft.server.log.appender.install.snapshot.enabled = false (custom)
2019-09-24 22:45:52,531 [c01d8eb5-e6c7-440d-bfdc-d426acfe1c94@group-730E756918E2:LeaderElection16] INFO  server.RaftServerConfigKeys (ConfUtils.java:logGet(43)) - raft.server.log.appender.snapshot.chunk.size.max = 16MB (=16777216) (default)
2019-09-24 22:45:52,531 [c01d8eb5-e6c7-440d-bfdc-d426acfe1c94@group-730E756918E2:LeaderElection16] INFO  server.RaftServerConfigKeys (ConfUtils.java:logGet(43)) - raft.server.log.appender.buffer.byte-limit = 33554432 (custom)
2019-09-24 22:45:52,531 [c01d8eb5-e6c7-440d-bfdc-d426acfe1c94@group-730E756918E2:LeaderElection16] INFO  server.RaftServerConfigKeys (ConfUtils.java:logGet(43)) - raft.server.log.appender.buffer.element-limit = 1 (custom)
2019-09-24 22:45:52,531 [c01d8eb5-e6c7-440d-bfdc-d426acfe1c94@group-730E756918E2:LeaderElection16] INFO  grpc.GrpcConfigKeys$Server (ConfUtils.java:logGet(43)) - raft.grpc.server.leader.outstanding.appends.max = 128 (default)
2019-09-24 22:45:52,532 [c01d8eb5-e6c7-440d-bfdc-d426acfe1c94@group-730E756918E2:LeaderElection16] INFO  server.RaftServerConfigKeys (ConfUtils.java:logGet(43)) - raft.server.rpc.request.timeout = 3000ms (default)
2019-09-24 22:45:52,532 [c01d8eb5-e6c7-440d-bfdc-d426acfe1c94@group-730E756918E2:LeaderElection16] INFO  server.RaftServerConfigKeys (ConfUtils.java:logGet(43)) - raft.server.log.appender.install.snapshot.enabled = false (custom)
2019-09-24 22:45:52,532 [c01d8eb5-e6c7-440d-bfdc-d426acfe1c94@group-730E756918E2:LeaderElection16] INFO  impl.RoleInfo (RoleInfo.java:updateAndGet(143)) - c01d8eb5-e6c7-440d-bfdc-d426acfe1c94: start LeaderState
2019-09-24 22:45:52,532 [c01d8eb5-e6c7-440d-bfdc-d426acfe1c94@group-730E756918E2:LeaderElection16] INFO  segmented.SegmentedRaftLogWorker (SegmentedRaftLogWorker.java:startLogSegment(380)) - c01d8eb5-e6c7-440d-bfdc-d426acfe1c94@group-730E756918E2-SegmentedRaftLogWorker: Starting segment from index:0
2019-09-24 22:45:52,533 [c01d8eb5-e6c7-440d-bfdc-d426acfe1c94@group-730E756918E2:LeaderElection16] INFO  impl.RaftServerImpl (ServerState.java:setRaftConf(354)) - c01d8eb5-e6c7-440d-bfdc-d426acfe1c94@group-730E756918E2: set configuration 0: [c01d8eb5-e6c7-440d-bfdc-d426acfe1c94:192.168.151.66:43641, 8b3714d9-dd5c-431f-974a-7eaa789e847d:192.168.151.66:38988, 19f58096-26c7-4e4a-bd6f-c4b3e3485142:192.168.151.66:39620], old=null at 0
2019-09-24 22:45:52,552 [grpc-default-executor-1] INFO  impl.RaftServerImpl (ServerState.java:setLeader(253)) - 19f58096-26c7-4e4a-bd6f-c4b3e3485142@group-730E756918E2: change Leader from null to c01d8eb5-e6c7-440d-bfdc-d426acfe1c94 at term 1 for appendEntries, leader elected after 5166ms
2019-09-24 22:45:52,554 [grpc-default-executor-0] INFO  impl.RaftServerImpl (ServerState.java:setLeader(253)) - 8b3714d9-dd5c-431f-974a-7eaa789e847d@group-730E756918E2: change Leader from null to c01d8eb5-e6c7-440d-bfdc-d426acfe1c94 at term 1 for appendEntries, leader elected after 5168ms
2019-09-24 22:45:52,558 [grpc-default-executor-0] INFO  impl.RaftServerImpl (ServerState.java:setRaftConf(354)) - 19f58096-26c7-4e4a-bd6f-c4b3e3485142@group-730E756918E2: set configuration 0: [c01d8eb5-e6c7-440d-bfdc-d426acfe1c94:192.168.151.66:43641, 8b3714d9-dd5c-431f-974a-7eaa789e847d:192.168.151.66:38988, 19f58096-26c7-4e4a-bd6f-c4b3e3485142:192.168.151.66:39620], old=null at 0
2019-09-24 22:45:52,558 [grpc-default-executor-1] INFO  impl.RaftServerImpl (ServerState.java:setRaftConf(354)) - 8b3714d9-dd5c-431f-974a-7eaa789e847d@group-730E756918E2: set configuration 0: [c01d8eb5-e6c7-440d-bfdc-d426acfe1c94:192.168.151.66:43641, 8b3714d9-dd5c-431f-974a-7eaa789e847d:192.168.151.66:38988, 19f58096-26c7-4e4a-bd6f-c4b3e3485142:192.168.151.66:39620], old=null at 0
2019-09-24 22:45:52,558 [grpc-default-executor-0] INFO  segmented.SegmentedRaftLogWorker (SegmentedRaftLogWorker.java:startLogSegment(380)) - 19f58096-26c7-4e4a-bd6f-c4b3e3485142@group-730E756918E2-SegmentedRaftLogWorker: Starting segment from index:0
2019-09-24 22:45:52,558 [grpc-default-executor-1] INFO  segmented.SegmentedRaftLogWorker (SegmentedRaftLogWorker.java:startLogSegment(380)) - 8b3714d9-dd5c-431f-974a-7eaa789e847d@group-730E756918E2-SegmentedRaftLogWorker: Starting segment from index:0
2019-09-24 22:45:52,560 [c01d8eb5-e6c7-440d-bfdc-d426acfe1c94@group-730E756918E2-SegmentedRaftLogWorker] INFO  segmented.SegmentedRaftLogWorker (SegmentedRaftLogWorker.java:execute(569)) - c01d8eb5-e6c7-440d-bfdc-d426acfe1c94@group-730E756918E2-SegmentedRaftLogWorker: created new log segment /workdir/hadoop-ozone/integration-test/target/test-dir/MiniOzoneClusterImpl-c301a8ba-4931-4f65-a02e-7799d4a6f55f/datanode-2/data/ratis/96c91e12-09af-4dcf-971f-730e756918e2/current/log_inprogress_0
2019-09-24 22:45:52,585 [19f58096-26c7-4e4a-bd6f-c4b3e3485142@group-730E756918E2-SegmentedRaftLogWorker] INFO  segmented.SegmentedRaftLogWorker (SegmentedRaftLogWorker.java:execute(569)) - 19f58096-26c7-4e4a-bd6f-c4b3e3485142@group-730E756918E2-SegmentedRaftLogWorker: created new log segment /workdir/hadoop-ozone/integration-test/target/test-dir/MiniOzoneClusterImpl-c301a8ba-4931-4f65-a02e-7799d4a6f55f/datanode-0/data/ratis/96c91e12-09af-4dcf-971f-730e756918e2/current/log_inprogress_0
2019-09-24 22:45:52,585 [8b3714d9-dd5c-431f-974a-7eaa789e847d@group-730E756918E2-SegmentedRaftLogWorker] INFO  segmented.SegmentedRaftLogWorker (SegmentedRaftLogWorker.java:execute(569)) - 8b3714d9-dd5c-431f-974a-7eaa789e847d@group-730E756918E2-SegmentedRaftLogWorker: created new log segment /workdir/hadoop-ozone/integration-test/target/test-dir/MiniOzoneClusterImpl-c301a8ba-4931-4f65-a02e-7799d4a6f55f/datanode-1/data/ratis/96c91e12-09af-4dcf-971f-730e756918e2/current/log_inprogress_0
2019-09-24 22:45:52,606 [Thread-784] INFO  impl.FollowerState (FollowerState.java:run(106)) - 2a05965a-75e8-4c8e-8d07-201cc05f87d1:group-0B1414920208 changes to CANDIDATE, lastRpcTime:5136, electionTimeout:5136ms
2019-09-24 22:45:52,606 [Thread-784] INFO  impl.RoleInfo (RoleInfo.java:shutdownFollowerState(121)) - 2a05965a-75e8-4c8e-8d07-201cc05f87d1: shutdown FollowerState
2019-09-24 22:45:52,606 [Thread-784] INFO  impl.RaftServerImpl (RaftServerImpl.java:setRole(174)) - 2a05965a-75e8-4c8e-8d07-201cc05f87d1@group-0B1414920208: changes role from  FOLLOWER to CANDIDATE at term 0 for changeToCandidate
2019-09-24 22:45:52,606 [Thread-784] INFO  impl.RoleInfo (RoleInfo.java:updateAndGet(143)) - 2a05965a-75e8-4c8e-8d07-201cc05f87d1: start LeaderElection
2019-09-24 22:45:52,621 [Thread-790] INFO  impl.FollowerState (FollowerState.java:run(106)) - 8a676727-5b4d-4da9-ab8a-8454365c119a:group-11027774613A changes to CANDIDATE, lastRpcTime:5021, electionTimeout:5014ms
2019-09-24 22:45:52,627 [Thread-787] INFO  impl.FollowerState (FollowerState.java:run(106)) - 6cc2e494-d13a-41ea-8905-b03559cae07d:group-1762905E8F14 changes to CANDIDATE, lastRpcTime:5083, electionTimeout:5080ms
2019-09-24 22:45:52,628 [Thread-790] INFO  impl.RoleInfo (RoleInfo.java:shutdownFollowerState(121)) - 8a676727-5b4d-4da9-ab8a-8454365c119a: shutdown FollowerState
2019-09-24 22:45:52,628 [Thread-787] INFO  impl.RoleInfo (RoleInfo.java:shutdownFollowerState(121)) - 6cc2e494-d13a-41ea-8905-b03559cae07d: shutdown FollowerState
2019-09-24 22:45:52,628 [Thread-790] INFO  impl.RaftServerImpl (RaftServerImpl.java:setRole(174)) - 8a676727-5b4d-4da9-ab8a-8454365c119a@group-11027774613A: changes role from  FOLLOWER to CANDIDATE at term 0 for changeToCandidate
2019-09-24 22:45:52,628 [Thread-787] INFO  impl.RaftServerImpl (RaftServerImpl.java:setRole(174)) - 6cc2e494-d13a-41ea-8905-b03559cae07d@group-1762905E8F14: changes role from  FOLLOWER to CANDIDATE at term 0 for changeToCandidate
2019-09-24 22:45:52,628 [Thread-790] INFO  impl.RoleInfo (RoleInfo.java:updateAndGet(143)) - 8a676727-5b4d-4da9-ab8a-8454365c119a: start LeaderElection
2019-09-24 22:45:52,628 [Thread-787] INFO  impl.RoleInfo (RoleInfo.java:updateAndGet(143)) - 6cc2e494-d13a-41ea-8905-b03559cae07d: start LeaderElection
2019-09-24 22:45:52,653 [2a05965a-75e8-4c8e-8d07-201cc05f87d1@group-0B1414920208:LeaderElection17] INFO  impl.LeaderElection (LeaderElection.java:askForVotes(182)) - 2a05965a-75e8-4c8e-8d07-201cc05f87d1@group-0B1414920208:LeaderElection17: begin an election at term 1 for -1: [2a05965a-75e8-4c8e-8d07-201cc05f87d1:192.168.151.66:44187], old=null
2019-09-24 22:45:52,653 [6cc2e494-d13a-41ea-8905-b03559cae07d@group-1762905E8F14:LeaderElection19] INFO  impl.LeaderElection (LeaderElection.java:askForVotes(182)) - 6cc2e494-d13a-41ea-8905-b03559cae07d@group-1762905E8F14:LeaderElection19: begin an election at term 1 for -1: [6cc2e494-d13a-41ea-8905-b03559cae07d:192.168.151.66:46434], old=null
2019-09-24 22:45:52,653 [8a676727-5b4d-4da9-ab8a-8454365c119a@group-11027774613A:LeaderElection18] INFO  impl.LeaderElection (LeaderElection.java:askForVotes(182)) - 8a676727-5b4d-4da9-ab8a-8454365c119a@group-11027774613A:LeaderElection18: begin an election at term 1 for -1: [8a676727-5b4d-4da9-ab8a-8454365c119a:192.168.151.66:42122], old=null
2019-09-24 22:45:52,653 [6cc2e494-d13a-41ea-8905-b03559cae07d@group-1762905E8F14:LeaderElection19] INFO  impl.RoleInfo (RoleInfo.java:shutdownLeaderElection(134)) - 6cc2e494-d13a-41ea-8905-b03559cae07d: shutdown LeaderElection
2019-09-24 22:45:52,653 [2a05965a-75e8-4c8e-8d07-201cc05f87d1@group-0B1414920208:LeaderElection17] INFO  impl.RoleInfo (RoleInfo.java:shutdownLeaderElection(134)) - 2a05965a-75e8-4c8e-8d07-201cc05f87d1: shutdown LeaderElection
2019-09-24 22:45:52,654 [6cc2e494-d13a-41ea-8905-b03559cae07d@group-1762905E8F14:LeaderElection19] INFO  impl.RaftServerImpl (RaftServerImpl.java:setRole(174)) - 6cc2e494-d13a-41ea-8905-b03559cae07d@group-1762905E8F14: changes role from CANDIDATE to LEADER at term 1 for changeToLeader
2019-09-24 22:45:52,654 [8a676727-5b4d-4da9-ab8a-8454365c119a@group-11027774613A:LeaderElection18] INFO  impl.RoleInfo (RoleInfo.java:shutdownLeaderElection(134)) - 8a676727-5b4d-4da9-ab8a-8454365c119a: shutdown LeaderElection
2019-09-24 22:45:52,654 [6cc2e494-d13a-41ea-8905-b03559cae07d@group-1762905E8F14:LeaderElection19] INFO  impl.RaftServerImpl (ServerState.java:setLeader(253)) - 6cc2e494-d13a-41ea-8905-b03559cae07d@group-1762905E8F14: change Leader from null to 6cc2e494-d13a-41ea-8905-b03559cae07d at term 1 for becomeLeader, leader elected after 5116ms
2019-09-24 22:45:52,654 [2a05965a-75e8-4c8e-8d07-201cc05f87d1@group-0B1414920208:LeaderElection17] INFO  impl.RaftServerImpl (RaftServerImpl.java:setRole(174)) - 2a05965a-75e8-4c8e-8d07-201cc05f87d1@group-0B1414920208: changes role from CANDIDATE to LEADER at term 1 for changeToLeader
2019-09-24 22:45:52,656 [6cc2e494-d13a-41ea-8905-b03559cae07d@group-1762905E8F14:LeaderElection19] INFO  server.RaftServerConfigKeys (ConfUtils.java:logGet(43)) - raft.server.staging.catchup.gap = 1000 (default)
2019-09-24 22:45:52,654 [8a676727-5b4d-4da9-ab8a-8454365c119a@group-11027774613A:LeaderElection18] INFO  impl.RaftServerImpl (RaftServerImpl.java:setRole(174)) - 8a676727-5b4d-4da9-ab8a-8454365c119a@group-11027774613A: changes role from CANDIDATE to LEADER at term 1 for changeToLeader
2019-09-24 22:45:52,656 [6cc2e494-d13a-41ea-8905-b03559cae07d@group-1762905E8F14:LeaderElection19] INFO  server.RaftServerConfigKeys (ConfUtils.java:logGet(43)) - raft.server.rpc.sleep.time = 25ms (default)
2019-09-24 22:45:52,656 [2a05965a-75e8-4c8e-8d07-201cc05f87d1@group-0B1414920208:LeaderElection17] INFO  impl.RaftServerImpl (ServerState.java:setLeader(253)) - 2a05965a-75e8-4c8e-8d07-201cc05f87d1@group-0B1414920208: change Leader from null to 2a05965a-75e8-4c8e-8d07-201cc05f87d1 at term 1 for becomeLeader, leader elected after 5193ms
2019-09-24 22:45:52,657 [6cc2e494-d13a-41ea-8905-b03559cae07d@group-1762905E8F14:LeaderElection19] INFO  server.RaftServerConfigKeys (ConfUtils.java:logGet(43)) - raft.server.write.element-limit = 4096 (default)
2019-09-24 22:45:52,656 [8a676727-5b4d-4da9-ab8a-8454365c119a@group-11027774613A:LeaderElection18] INFO  impl.RaftServerImpl (ServerState.java:setLeader(253)) - 8a676727-5b4d-4da9-ab8a-8454365c119a@group-11027774613A: change Leader from null to 8a676727-5b4d-4da9-ab8a-8454365c119a at term 1 for becomeLeader, leader elected after 5062ms
2019-09-24 22:45:52,659 [6cc2e494-d13a-41ea-8905-b03559cae07d@group-1762905E8F14:LeaderElection19] INFO  server.RaftServerConfigKeys (ConfUtils.java:logGet(43)) - raft.server.watch.timeout = 10s (default)
2019-09-24 22:45:52,658 [2a05965a-75e8-4c8e-8d07-201cc05f87d1@group-0B1414920208:LeaderElection17] INFO  server.RaftServerConfigKeys (ConfUtils.java:logGet(43)) - raft.server.staging.catchup.gap = 1000 (default)
2019-09-24 22:45:52,661 [6cc2e494-d13a-41ea-8905-b03559cae07d@group-1762905E8F14:LeaderElection19] INFO  server.RaftServerConfigKeys (ConfUtils.java:logGet(43)) - raft.server.watch.timeout.denomination = 1s (default)
2019-09-24 22:45:52,660 [8a676727-5b4d-4da9-ab8a-8454365c119a@group-11027774613A:LeaderElection18] INFO  server.RaftServerConfigKeys (ConfUtils.java:logGet(43)) - raft.server.staging.catchup.gap = 1000 (default)
2019-09-24 22:45:52,661 [6cc2e494-d13a-41ea-8905-b03559cae07d@group-1762905E8F14:LeaderElection19] INFO  server.RaftServerConfigKeys (ConfUtils.java:logGet(43)) - raft.server.watch.element-limit = 65536 (default)
2019-09-24 22:45:52,661 [2a05965a-75e8-4c8e-8d07-201cc05f87d1@group-0B1414920208:LeaderElection17] INFO  server.RaftServerConfigKeys (ConfUtils.java:logGet(43)) - raft.server.rpc.sleep.time = 25ms (default)
2019-09-24 22:45:52,661 [8a676727-5b4d-4da9-ab8a-8454365c119a@group-11027774613A:LeaderElection18] INFO  server.RaftServerConfigKeys (ConfUtils.java:logGet(43)) - raft.server.rpc.sleep.time = 25ms (default)
2019-09-24 22:45:52,661 [2a05965a-75e8-4c8e-8d07-201cc05f87d1@group-0B1414920208:LeaderElection17] INFO  server.RaftServerConfigKeys (ConfUtils.java:logGet(43)) - raft.server.write.element-limit = 4096 (default)
2019-09-24 22:45:52,661 [8a676727-5b4d-4da9-ab8a-8454365c119a@group-11027774613A:LeaderElection18] INFO  server.RaftServerConfigKeys (ConfUtils.java:logGet(43)) - raft.server.write.element-limit = 4096 (default)
2019-09-24 22:45:52,662 [2a05965a-75e8-4c8e-8d07-201cc05f87d1@group-0B1414920208:LeaderElection17] INFO  server.RaftServerConfigKeys (ConfUtils.java:logGet(43)) - raft.server.watch.timeout = 10s (default)
2019-09-24 22:45:52,662 [8a676727-5b4d-4da9-ab8a-8454365c119a@group-11027774613A:LeaderElection18] INFO  server.RaftServerConfigKeys (ConfUtils.java:logGet(43)) - raft.server.watch.timeout = 10s (default)
2019-09-24 22:45:52,662 [2a05965a-75e8-4c8e-8d07-201cc05f87d1@group-0B1414920208:LeaderElection17] INFO  server.RaftServerConfigKeys (ConfUtils.java:logGet(43)) - raft.server.watch.timeout.denomination = 1s (default)
2019-09-24 22:45:52,662 [8a676727-5b4d-4da9-ab8a-8454365c119a@group-11027774613A:LeaderElection18] INFO  server.RaftServerConfigKeys (ConfUtils.java:logGet(43)) - raft.server.watch.timeout.denomination = 1s (default)
2019-09-24 22:45:52,662 [2a05965a-75e8-4c8e-8d07-201cc05f87d1@group-0B1414920208:LeaderElection17] INFO  server.RaftServerConfigKeys (ConfUtils.java:logGet(43)) - raft.server.watch.element-limit = 65536 (default)
2019-09-24 22:45:52,662 [8a676727-5b4d-4da9-ab8a-8454365c119a@group-11027774613A:LeaderElection18] INFO  server.RaftServerConfigKeys (ConfUtils.java:logGet(43)) - raft.server.watch.element-limit = 65536 (default)
2019-09-24 22:45:52,664 [6cc2e494-d13a-41ea-8905-b03559cae07d@group-1762905E8F14:LeaderElection19] INFO  impl.RoleInfo (RoleInfo.java:updateAndGet(143)) - 6cc2e494-d13a-41ea-8905-b03559cae07d: start LeaderState
2019-09-24 22:45:52,664 [6cc2e494-d13a-41ea-8905-b03559cae07d@group-1762905E8F14:LeaderElection19] INFO  segmented.SegmentedRaftLogWorker (SegmentedRaftLogWorker.java:startLogSegment(380)) - 6cc2e494-d13a-41ea-8905-b03559cae07d@group-1762905E8F14-SegmentedRaftLogWorker: Starting segment from index:0
2019-09-24 22:45:52,665 [6cc2e494-d13a-41ea-8905-b03559cae07d@group-1762905E8F14:LeaderElection19] INFO  impl.RaftServerImpl (ServerState.java:setRaftConf(354)) - 6cc2e494-d13a-41ea-8905-b03559cae07d@group-1762905E8F14: set configuration 0: [6cc2e494-d13a-41ea-8905-b03559cae07d:192.168.151.66:46434], old=null at 0
2019-09-24 22:45:52,681 [2a05965a-75e8-4c8e-8d07-201cc05f87d1@group-0B1414920208:LeaderElection17] INFO  impl.RoleInfo (RoleInfo.java:updateAndGet(143)) - 2a05965a-75e8-4c8e-8d07-201cc05f87d1: start LeaderState
2019-09-24 22:45:52,681 [8a676727-5b4d-4da9-ab8a-8454365c119a@group-11027774613A:LeaderElection18] INFO  impl.RoleInfo (RoleInfo.java:updateAndGet(143)) - 8a676727-5b4d-4da9-ab8a-8454365c119a: start LeaderState
2019-09-24 22:45:52,682 [2a05965a-75e8-4c8e-8d07-201cc05f87d1@group-0B1414920208:LeaderElection17] INFO  segmented.SegmentedRaftLogWorker (SegmentedRaftLogWorker.java:startLogSegment(380)) - 2a05965a-75e8-4c8e-8d07-201cc05f87d1@group-0B1414920208-SegmentedRaftLogWorker: Starting segment from index:0
2019-09-24 22:45:52,682 [8a676727-5b4d-4da9-ab8a-8454365c119a@group-11027774613A:LeaderElection18] INFO  segmented.SegmentedRaftLogWorker (SegmentedRaftLogWorker.java:startLogSegment(380)) - 8a676727-5b4d-4da9-ab8a-8454365c119a@group-11027774613A-SegmentedRaftLogWorker: Starting segment from index:0
2019-09-24 22:45:52,682 [2a05965a-75e8-4c8e-8d07-201cc05f87d1@group-0B1414920208:LeaderElection17] INFO  impl.RaftServerImpl (ServerState.java:setRaftConf(354)) - 2a05965a-75e8-4c8e-8d07-201cc05f87d1@group-0B1414920208: set configuration 0: [2a05965a-75e8-4c8e-8d07-201cc05f87d1:192.168.151.66:44187], old=null at 0
2019-09-24 22:45:52,700 [8a676727-5b4d-4da9-ab8a-8454365c119a@group-11027774613A:LeaderElection18] INFO  impl.RaftServerImpl (ServerState.java:setRaftConf(354)) - 8a676727-5b4d-4da9-ab8a-8454365c119a@group-11027774613A: set configuration 0: [8a676727-5b4d-4da9-ab8a-8454365c119a:192.168.151.66:42122], old=null at 0
2019-09-24 22:45:52,714 [6cc2e494-d13a-41ea-8905-b03559cae07d@group-1762905E8F14-SegmentedRaftLogWorker] INFO  segmented.SegmentedRaftLogWorker (SegmentedRaftLogWorker.java:execute(569)) - 6cc2e494-d13a-41ea-8905-b03559cae07d@group-1762905E8F14-SegmentedRaftLogWorker: created new log segment /workdir/hadoop-ozone/integration-test/target/test-dir/MiniOzoneClusterImpl-c301a8ba-4931-4f65-a02e-7799d4a6f55f/datanode-5/data/ratis/1a340712-cdbb-4cdb-9bb1-1762905e8f14/current/log_inprogress_0
2019-09-24 22:45:52,739 [8a676727-5b4d-4da9-ab8a-8454365c119a@group-11027774613A-SegmentedRaftLogWorker] INFO  segmented.SegmentedRaftLogWorker (SegmentedRaftLogWorker.java:execute(569)) - 8a676727-5b4d-4da9-ab8a-8454365c119a@group-11027774613A-SegmentedRaftLogWorker: created new log segment /workdir/hadoop-ozone/integration-test/target/test-dir/MiniOzoneClusterImpl-c301a8ba-4931-4f65-a02e-7799d4a6f55f/datanode-6/data/ratis/08273199-3704-4c29-9670-11027774613a/current/log_inprogress_0
2019-09-24 22:45:52,739 [2a05965a-75e8-4c8e-8d07-201cc05f87d1@group-0B1414920208-SegmentedRaftLogWorker] INFO  segmented.SegmentedRaftLogWorker (SegmentedRaftLogWorker.java:execute(569)) - 2a05965a-75e8-4c8e-8d07-201cc05f87d1@group-0B1414920208-SegmentedRaftLogWorker: created new log segment /workdir/hadoop-ozone/integration-test/target/test-dir/MiniOzoneClusterImpl-c301a8ba-4931-4f65-a02e-7799d4a6f55f/datanode-3/data/ratis/f0d524cb-0ead-4cb0-b3be-0b1414920208/current/log_inprogress_0
2019-09-24 22:45:52,800 [Thread-793] INFO  impl.FollowerState (FollowerState.java:run(106)) - 04af903f-8ea6-4205-8b84-3e9c4eb37e77:group-2AA3E79FAA89 changes to CANDIDATE, lastRpcTime:5146, electionTimeout:5146ms
2019-09-24 22:45:52,800 [Thread-793] INFO  impl.RoleInfo (RoleInfo.java:shutdownFollowerState(121)) - 04af903f-8ea6-4205-8b84-3e9c4eb37e77: shutdown FollowerState
2019-09-24 22:45:52,800 [Thread-793] INFO  impl.RaftServerImpl (RaftServerImpl.java:setRole(174)) - 04af903f-8ea6-4205-8b84-3e9c4eb37e77@group-2AA3E79FAA89: changes role from  FOLLOWER to CANDIDATE at term 0 for changeToCandidate
2019-09-24 22:45:52,801 [Thread-793] INFO  impl.RoleInfo (RoleInfo.java:updateAndGet(143)) - 04af903f-8ea6-4205-8b84-3e9c4eb37e77: start LeaderElection
2019-09-24 22:45:52,820 [04af903f-8ea6-4205-8b84-3e9c4eb37e77@group-2AA3E79FAA89:LeaderElection20] INFO  impl.LeaderElection (LeaderElection.java:askForVotes(182)) - 04af903f-8ea6-4205-8b84-3e9c4eb37e77@group-2AA3E79FAA89:LeaderElection20: begin an election at term 1 for -1: [04af903f-8ea6-4205-8b84-3e9c4eb37e77:192.168.151.66:33546], old=null
2019-09-24 22:45:52,820 [04af903f-8ea6-4205-8b84-3e9c4eb37e77@group-2AA3E79FAA89:LeaderElection20] INFO  impl.RoleInfo (RoleInfo.java:shutdownLeaderElection(134)) - 04af903f-8ea6-4205-8b84-3e9c4eb37e77: shutdown LeaderElection
2019-09-24 22:45:52,820 [04af903f-8ea6-4205-8b84-3e9c4eb37e77@group-2AA3E79FAA89:LeaderElection20] INFO  impl.RaftServerImpl (RaftServerImpl.java:setRole(174)) - 04af903f-8ea6-4205-8b84-3e9c4eb37e77@group-2AA3E79FAA89: changes role from CANDIDATE to LEADER at term 1 for changeToLeader
2019-09-24 22:45:52,821 [04af903f-8ea6-4205-8b84-3e9c4eb37e77@group-2AA3E79FAA89:LeaderElection20] INFO  impl.RaftServerImpl (ServerState.java:setLeader(253)) - 04af903f-8ea6-4205-8b84-3e9c4eb37e77@group-2AA3E79FAA89: change Leader from null to 04af903f-8ea6-4205-8b84-3e9c4eb37e77 at term 1 for becomeLeader, leader elected after 5174ms
2019-09-24 22:45:52,823 [04af903f-8ea6-4205-8b84-3e9c4eb37e77@group-2AA3E79FAA89:LeaderElection20] INFO  server.RaftServerConfigKeys (ConfUtils.java:logGet(43)) - raft.server.staging.catchup.gap = 1000 (default)
2019-09-24 22:45:52,823 [04af903f-8ea6-4205-8b84-3e9c4eb37e77@group-2AA3E79FAA89:LeaderElection20] INFO  server.RaftServerConfigKeys (ConfUtils.java:logGet(43)) - raft.server.rpc.sleep.time = 25ms (default)
2019-09-24 22:45:52,823 [04af903f-8ea6-4205-8b84-3e9c4eb37e77@group-2AA3E79FAA89:LeaderElection20] INFO  server.RaftServerConfigKeys (ConfUtils.java:logGet(43)) - raft.server.write.element-limit = 4096 (default)
2019-09-24 22:45:52,823 [04af903f-8ea6-4205-8b84-3e9c4eb37e77@group-2AA3E79FAA89:LeaderElection20] INFO  server.RaftServerConfigKeys (ConfUtils.java:logGet(43)) - raft.server.watch.timeout = 10s (default)
2019-09-24 22:45:52,824 [04af903f-8ea6-4205-8b84-3e9c4eb37e77@group-2AA3E79FAA89:LeaderElection20] INFO  server.RaftServerConfigKeys (ConfUtils.java:logGet(43)) - raft.server.watch.timeout.denomination = 1s (default)
2019-09-24 22:45:52,824 [04af903f-8ea6-4205-8b84-3e9c4eb37e77@group-2AA3E79FAA89:LeaderElection20] INFO  server.RaftServerConfigKeys (ConfUtils.java:logGet(43)) - raft.server.watch.element-limit = 65536 (default)
2019-09-24 22:45:52,826 [04af903f-8ea6-4205-8b84-3e9c4eb37e77@group-2AA3E79FAA89:LeaderElection20] INFO  impl.RoleInfo (RoleInfo.java:updateAndGet(143)) - 04af903f-8ea6-4205-8b84-3e9c4eb37e77: start LeaderState
2019-09-24 22:45:52,826 [04af903f-8ea6-4205-8b84-3e9c4eb37e77@group-2AA3E79FAA89:LeaderElection20] INFO  segmented.SegmentedRaftLogWorker (SegmentedRaftLogWorker.java:startLogSegment(380)) - 04af903f-8ea6-4205-8b84-3e9c4eb37e77@group-2AA3E79FAA89-SegmentedRaftLogWorker: Starting segment from index:0
2019-09-24 22:45:52,827 [04af903f-8ea6-4205-8b84-3e9c4eb37e77@group-2AA3E79FAA89:LeaderElection20] INFO  impl.RaftServerImpl (ServerState.java:setRaftConf(354)) - 04af903f-8ea6-4205-8b84-3e9c4eb37e77@group-2AA3E79FAA89: set configuration 0: [04af903f-8ea6-4205-8b84-3e9c4eb37e77:192.168.151.66:33546], old=null at 0
2019-09-24 22:45:52,843 [Thread-798] INFO  impl.FollowerState (FollowerState.java:run(106)) - 8a676727-5b4d-4da9-ab8a-8454365c119a:group-99578A544418 changes to CANDIDATE, lastRpcTime:5086, electionTimeout:5082ms
2019-09-24 22:45:52,844 [Thread-798] INFO  impl.RoleInfo (RoleInfo.java:shutdownFollowerState(121)) - 8a676727-5b4d-4da9-ab8a-8454365c119a: shutdown FollowerState
2019-09-24 22:45:52,844 [Thread-798] INFO  impl.RaftServerImpl (RaftServerImpl.java:setRole(174)) - 8a676727-5b4d-4da9-ab8a-8454365c119a@group-99578A544418: changes role from  FOLLOWER to CANDIDATE at term 0 for changeToCandidate
2019-09-24 22:45:52,844 [Thread-798] INFO  impl.RoleInfo (RoleInfo.java:updateAndGet(143)) - 8a676727-5b4d-4da9-ab8a-8454365c119a: start LeaderElection
2019-09-24 22:45:52,858 [04af903f-8ea6-4205-8b84-3e9c4eb37e77@group-2AA3E79FAA89-SegmentedRaftLogWorker] INFO  segmented.SegmentedRaftLogWorker (SegmentedRaftLogWorker.java:execute(569)) - 04af903f-8ea6-4205-8b84-3e9c4eb37e77@group-2AA3E79FAA89-SegmentedRaftLogWorker: created new log segment /workdir/hadoop-ozone/integration-test/target/test-dir/MiniOzoneClusterImpl-c301a8ba-4931-4f65-a02e-7799d4a6f55f/datanode-4/data/ratis/552c27df-98e9-4b91-9fc2-2aa3e79faa89/current/log_inprogress_0
2019-09-24 22:45:52,858 [8a676727-5b4d-4da9-ab8a-8454365c119a@group-99578A544418:LeaderElection21] INFO  impl.LeaderElection (LeaderElection.java:askForVotes(182)) - 8a676727-5b4d-4da9-ab8a-8454365c119a@group-99578A544418:LeaderElection21: begin an election at term 1 for -1: [6cc2e494-d13a-41ea-8905-b03559cae07d:192.168.151.66:46434, 2a05965a-75e8-4c8e-8d07-201cc05f87d1:192.168.151.66:44187, 8a676727-5b4d-4da9-ab8a-8454365c119a:192.168.151.66:42122], old=null
2019-09-24 22:45:52,880 [grpc-default-executor-1] INFO  impl.RaftServerImpl (RaftServerImpl.java:setRole(174)) - 6cc2e494-d13a-41ea-8905-b03559cae07d@group-99578A544418: changes role from  FOLLOWER to FOLLOWER at term 1 for recognizeCandidate:8a676727-5b4d-4da9-ab8a-8454365c119a
2019-09-24 22:45:52,880 [grpc-default-executor-0] INFO  impl.RaftServerImpl (RaftServerImpl.java:setRole(174)) - 2a05965a-75e8-4c8e-8d07-201cc05f87d1@group-99578A544418: changes role from  FOLLOWER to FOLLOWER at term 1 for recognizeCandidate:8a676727-5b4d-4da9-ab8a-8454365c119a
2019-09-24 22:45:52,880 [grpc-default-executor-1] INFO  impl.RoleInfo (RoleInfo.java:shutdownFollowerState(121)) - 6cc2e494-d13a-41ea-8905-b03559cae07d: shutdown FollowerState
2019-09-24 22:45:52,880 [grpc-default-executor-0] INFO  impl.RoleInfo (RoleInfo.java:shutdownFollowerState(121)) - 2a05965a-75e8-4c8e-8d07-201cc05f87d1: shutdown FollowerState
2019-09-24 22:45:52,880 [Thread-800] INFO  impl.FollowerState (FollowerState.java:run(115)) - 6cc2e494-d13a-41ea-8905-b03559cae07d: FollowerState was interrupted: java.lang.InterruptedException: sleep interrupted
2019-09-24 22:45:52,880 [grpc-default-executor-1] INFO  impl.RoleInfo (RoleInfo.java:updateAndGet(143)) - 6cc2e494-d13a-41ea-8905-b03559cae07d: start FollowerState
2019-09-24 22:45:52,881 [Thread-801] INFO  impl.FollowerState (FollowerState.java:run(115)) - 2a05965a-75e8-4c8e-8d07-201cc05f87d1: FollowerState was interrupted: java.lang.InterruptedException: sleep interrupted
2019-09-24 22:45:52,880 [grpc-default-executor-0] INFO  impl.RoleInfo (RoleInfo.java:updateAndGet(143)) - 2a05965a-75e8-4c8e-8d07-201cc05f87d1: start FollowerState
2019-09-24 22:45:52,916 [8a676727-5b4d-4da9-ab8a-8454365c119a@group-99578A544418:LeaderElection21] INFO  impl.LeaderElection (LeaderElection.java:logAndReturn(56)) - 8a676727-5b4d-4da9-ab8a-8454365c119a@group-99578A544418:LeaderElection21: Election PASSED; received 1 response(s) [8a676727-5b4d-4da9-ab8a-8454365c119a<-6cc2e494-d13a-41ea-8905-b03559cae07d#0:OK-t1] and 0 exception(s); 8a676727-5b4d-4da9-ab8a-8454365c119a@group-99578A544418:t1, leader=null, voted=8a676727-5b4d-4da9-ab8a-8454365c119a, raftlog=8a676727-5b4d-4da9-ab8a-8454365c119a@group-99578A544418-SegmentedRaftLog:OPENED:c-1,f-1,i0, conf=-1: [6cc2e494-d13a-41ea-8905-b03559cae07d:192.168.151.66:46434, 2a05965a-75e8-4c8e-8d07-201cc05f87d1:192.168.151.66:44187, 8a676727-5b4d-4da9-ab8a-8454365c119a:192.168.151.66:42122], old=null
2019-09-24 22:45:52,916 [8a676727-5b4d-4da9-ab8a-8454365c119a@group-99578A544418:LeaderElection21] INFO  impl.RoleInfo (RoleInfo.java:shutdownLeaderElection(134)) - 8a676727-5b4d-4da9-ab8a-8454365c119a: shutdown LeaderElection
2019-09-24 22:45:52,924 [8a676727-5b4d-4da9-ab8a-8454365c119a@group-99578A544418:LeaderElection21] INFO  impl.RaftServerImpl (RaftServerImpl.java:setRole(174)) - 8a676727-5b4d-4da9-ab8a-8454365c119a@group-99578A544418: changes role from CANDIDATE to LEADER at term 1 for changeToLeader
2019-09-24 22:45:52,924 [8a676727-5b4d-4da9-ab8a-8454365c119a@group-99578A544418:LeaderElection21] INFO  impl.RaftServerImpl (ServerState.java:setLeader(253)) - 8a676727-5b4d-4da9-ab8a-8454365c119a@group-99578A544418: change Leader from null to 8a676727-5b4d-4da9-ab8a-8454365c119a at term 1 for becomeLeader, leader elected after 5176ms
2019-09-24 22:45:52,925 [8a676727-5b4d-4da9-ab8a-8454365c119a@group-99578A544418:LeaderElection21] INFO  server.RaftServerConfigKeys (ConfUtils.java:logGet(43)) - raft.server.staging.catchup.gap = 1000 (default)
2019-09-24 22:45:52,925 [8a676727-5b4d-4da9-ab8a-8454365c119a@group-99578A544418:LeaderElection21] INFO  server.RaftServerConfigKeys (ConfUtils.java:logGet(43)) - raft.server.rpc.sleep.time = 25ms (default)
2019-09-24 22:45:52,925 [8a676727-5b4d-4da9-ab8a-8454365c119a@group-99578A544418:LeaderElection21] INFO  server.RaftServerConfigKeys (ConfUtils.java:logGet(43)) - raft.server.write.element-limit = 4096 (default)
2019-09-24 22:45:52,925 [8a676727-5b4d-4da9-ab8a-8454365c119a@group-99578A544418:LeaderElection21] INFO  server.RaftServerConfigKeys (ConfUtils.java:logGet(43)) - raft.server.watch.timeout = 10s (default)
2019-09-24 22:45:52,925 [8a676727-5b4d-4da9-ab8a-8454365c119a@group-99578A544418:LeaderElection21] INFO  server.RaftServerConfigKeys (ConfUtils.java:logGet(43)) - raft.server.watch.timeout.denomination = 1s (default)
2019-09-24 22:45:52,926 [8a676727-5b4d-4da9-ab8a-8454365c119a@group-99578A544418:LeaderElection21] INFO  server.RaftServerConfigKeys (ConfUtils.java:logGet(43)) - raft.server.watch.element-limit = 65536 (default)
2019-09-24 22:45:52,929 [8a676727-5b4d-4da9-ab8a-8454365c119a@group-99578A544418:LeaderElection21] INFO  server.RaftServerConfigKeys (ConfUtils.java:logGet(43)) - raft.server.log.appender.snapshot.chunk.size.max = 16MB (=16777216) (default)
2019-09-24 22:45:52,929 [8a676727-5b4d-4da9-ab8a-8454365c119a@group-99578A544418:LeaderElection21] INFO  server.RaftServerConfigKeys (ConfUtils.java:logGet(43)) - raft.server.log.appender.buffer.byte-limit = 33554432 (custom)
2019-09-24 22:45:52,929 [8a676727-5b4d-4da9-ab8a-8454365c119a@group-99578A544418:LeaderElection21] INFO  server.RaftServerConfigKeys (ConfUtils.java:logGet(43)) - raft.server.log.appender.buffer.element-limit = 1 (custom)
2019-09-24 22:45:52,929 [8a676727-5b4d-4da9-ab8a-8454365c119a@group-99578A544418:LeaderElection21] INFO  grpc.GrpcConfigKeys$Server (ConfUtils.java:logGet(43)) - raft.grpc.server.leader.outstanding.appends.max = 128 (default)
2019-09-24 22:45:52,930 [8a676727-5b4d-4da9-ab8a-8454365c119a@group-99578A544418:LeaderElection21] INFO  server.RaftServerConfigKeys (ConfUtils.java:logGet(43)) - raft.server.rpc.request.timeout = 3000ms (default)
2019-09-24 22:45:52,930 [8a676727-5b4d-4da9-ab8a-8454365c119a@group-99578A544418:LeaderElection21] INFO  server.RaftServerConfigKeys (ConfUtils.java:logGet(43)) - raft.server.log.appender.install.snapshot.enabled = false (custom)
2019-09-24 22:45:52,930 [8a676727-5b4d-4da9-ab8a-8454365c119a@group-99578A544418:LeaderElection21] INFO  server.RaftServerConfigKeys (ConfUtils.java:logGet(43)) - raft.server.log.appender.snapshot.chunk.size.max = 16MB (=16777216) (default)
2019-09-24 22:45:52,930 [8a676727-5b4d-4da9-ab8a-8454365c119a@group-99578A544418:LeaderElection21] INFO  server.RaftServerConfigKeys (ConfUtils.java:logGet(43)) - raft.server.log.appender.buffer.byte-limit = 33554432 (custom)
2019-09-24 22:45:52,931 [8a676727-5b4d-4da9-ab8a-8454365c119a@group-99578A544418:LeaderElection21] INFO  server.RaftServerConfigKeys (ConfUtils.java:logGet(43)) - raft.server.log.appender.buffer.element-limit = 1 (custom)
2019-09-24 22:45:52,931 [8a676727-5b4d-4da9-ab8a-8454365c119a@group-99578A544418:LeaderElection21] INFO  grpc.GrpcConfigKeys$Server (ConfUtils.java:logGet(43)) - raft.grpc.server.leader.outstanding.appends.max = 128 (default)
2019-09-24 22:45:52,931 [8a676727-5b4d-4da9-ab8a-8454365c119a@group-99578A544418:LeaderElection21] INFO  server.RaftServerConfigKeys (ConfUtils.java:logGet(43)) - raft.server.rpc.request.timeout = 3000ms (default)
2019-09-24 22:45:52,931 [8a676727-5b4d-4da9-ab8a-8454365c119a@group-99578A544418:LeaderElection21] INFO  server.RaftServerConfigKeys (ConfUtils.java:logGet(43)) - raft.server.log.appender.install.snapshot.enabled = false (custom)
2019-09-24 22:45:52,932 [8a676727-5b4d-4da9-ab8a-8454365c119a@group-99578A544418:LeaderElection21] INFO  impl.RoleInfo (RoleInfo.java:updateAndGet(143)) - 8a676727-5b4d-4da9-ab8a-8454365c119a: start LeaderState
2019-09-24 22:45:52,932 [8a676727-5b4d-4da9-ab8a-8454365c119a@group-99578A544418:LeaderElection21] INFO  segmented.SegmentedRaftLogWorker (SegmentedRaftLogWorker.java:startLogSegment(380)) - 8a676727-5b4d-4da9-ab8a-8454365c119a@group-99578A544418-SegmentedRaftLogWorker: Starting segment from index:0
2019-09-24 22:45:52,933 [8a676727-5b4d-4da9-ab8a-8454365c119a@group-99578A544418:LeaderElection21] INFO  impl.RaftServerImpl (ServerState.java:setRaftConf(354)) - 8a676727-5b4d-4da9-ab8a-8454365c119a@group-99578A544418: set configuration 0: [6cc2e494-d13a-41ea-8905-b03559cae07d:192.168.151.66:46434, 2a05965a-75e8-4c8e-8d07-201cc05f87d1:192.168.151.66:44187, 8a676727-5b4d-4da9-ab8a-8454365c119a:192.168.151.66:42122], old=null at 0
2019-09-24 22:45:52,951 [grpc-default-executor-1] INFO  impl.RaftServerImpl (ServerState.java:setLeader(253)) - 6cc2e494-d13a-41ea-8905-b03559cae07d@group-99578A544418: change Leader from null to 8a676727-5b4d-4da9-ab8a-8454365c119a at term 1 for appendEntries, leader elected after 5202ms
2019-09-24 22:45:52,953 [grpc-default-executor-0] INFO  impl.RaftServerImpl (ServerState.java:setLeader(253)) - 2a05965a-75e8-4c8e-8d07-201cc05f87d1@group-99578A544418: change Leader from null to 8a676727-5b4d-4da9-ab8a-8454365c119a at term 1 for appendEntries, leader elected after 5204ms
2019-09-24 22:45:52,962 [grpc-default-executor-0] INFO  impl.RaftServerImpl (ServerState.java:setRaftConf(354)) - 6cc2e494-d13a-41ea-8905-b03559cae07d@group-99578A544418: set configuration 0: [6cc2e494-d13a-41ea-8905-b03559cae07d:192.168.151.66:46434, 2a05965a-75e8-4c8e-8d07-201cc05f87d1:192.168.151.66:44187, 8a676727-5b4d-4da9-ab8a-8454365c119a:192.168.151.66:42122], old=null at 0
2019-09-24 22:45:52,962 [grpc-default-executor-0] INFO  segmented.SegmentedRaftLogWorker (SegmentedRaftLogWorker.java:startLogSegment(380)) - 6cc2e494-d13a-41ea-8905-b03559cae07d@group-99578A544418-SegmentedRaftLogWorker: Starting segment from index:0
2019-09-24 22:45:52,964 [grpc-default-executor-1] INFO  impl.RaftServerImpl (ServerState.java:setRaftConf(354)) - 2a05965a-75e8-4c8e-8d07-201cc05f87d1@group-99578A544418: set configuration 0: [6cc2e494-d13a-41ea-8905-b03559cae07d:192.168.151.66:46434, 2a05965a-75e8-4c8e-8d07-201cc05f87d1:192.168.151.66:44187, 8a676727-5b4d-4da9-ab8a-8454365c119a:192.168.151.66:42122], old=null at 0
2019-09-24 22:45:52,965 [grpc-default-executor-1] INFO  segmented.SegmentedRaftLogWorker (SegmentedRaftLogWorker.java:startLogSegment(380)) - 2a05965a-75e8-4c8e-8d07-201cc05f87d1@group-99578A544418-SegmentedRaftLogWorker: Starting segment from index:0
2019-09-24 22:45:52,972 [8a676727-5b4d-4da9-ab8a-8454365c119a@group-99578A544418-SegmentedRaftLogWorker] INFO  segmented.SegmentedRaftLogWorker (SegmentedRaftLogWorker.java:execute(569)) - 8a676727-5b4d-4da9-ab8a-8454365c119a@group-99578A544418-SegmentedRaftLogWorker: created new log segment /workdir/hadoop-ozone/integration-test/target/test-dir/MiniOzoneClusterImpl-c301a8ba-4931-4f65-a02e-7799d4a6f55f/datanode-6/data/ratis/ebc39c21-2266-438c-bbb7-99578a544418/current/log_inprogress_0
2019-09-24 22:45:53,014 [6cc2e494-d13a-41ea-8905-b03559cae07d@group-99578A544418-SegmentedRaftLogWorker] INFO  segmented.SegmentedRaftLogWorker (SegmentedRaftLogWorker.java:execute(569)) - 6cc2e494-d13a-41ea-8905-b03559cae07d@group-99578A544418-SegmentedRaftLogWorker: created new log segment /workdir/hadoop-ozone/integration-test/target/test-dir/MiniOzoneClusterImpl-c301a8ba-4931-4f65-a02e-7799d4a6f55f/datanode-5/data/ratis/ebc39c21-2266-438c-bbb7-99578a544418/current/log_inprogress_0
2019-09-24 22:45:53,014 [2a05965a-75e8-4c8e-8d07-201cc05f87d1@group-99578A544418-SegmentedRaftLogWorker] INFO  segmented.SegmentedRaftLogWorker (SegmentedRaftLogWorker.java:execute(569)) - 2a05965a-75e8-4c8e-8d07-201cc05f87d1@group-99578A544418-SegmentedRaftLogWorker: created new log segment /workdir/hadoop-ozone/integration-test/target/test-dir/MiniOzoneClusterImpl-c301a8ba-4931-4f65-a02e-7799d4a6f55f/datanode-3/data/ratis/ebc39c21-2266-438c-bbb7-99578a544418/current/log_inprogress_0
2019-09-24 22:45:53,530 [main] INFO  ipc.Client (Client.java:handleConnectionFailure(948)) - Retrying connect to server: localhost/127.0.0.1:0. Already tried 4 time(s); retry policy is RetryUpToMaximumCountWithFixedSleep(maxRetries=10, sleepTime=1000 MILLISECONDS)
2019-09-24 22:45:54,531 [main] INFO  ipc.Client (Client.java:handleConnectionFailure(948)) - Retrying connect to server: localhost/127.0.0.1:0. Already tried 5 time(s); retry policy is RetryUpToMaximumCountWithFixedSleep(maxRetries=10, sleepTime=1000 MILLISECONDS)
2019-09-24 22:45:55,532 [main] INFO  ipc.Client (Client.java:handleConnectionFailure(948)) - Retrying connect to server: localhost/127.0.0.1:0. Already tried 6 time(s); retry policy is RetryUpToMaximumCountWithFixedSleep(maxRetries=10, sleepTime=1000 MILLISECONDS)
2019-09-24 22:45:56,533 [main] INFO  ipc.Client (Client.java:handleConnectionFailure(948)) - Retrying connect to server: localhost/127.0.0.1:0. Already tried 7 time(s); retry policy is RetryUpToMaximumCountWithFixedSleep(maxRetries=10, sleepTime=1000 MILLISECONDS)
2019-09-24 22:45:57,534 [main] INFO  ipc.Client (Client.java:handleConnectionFailure(948)) - Retrying connect to server: localhost/127.0.0.1:0. Already tried 8 time(s); retry policy is RetryUpToMaximumCountWithFixedSleep(maxRetries=10, sleepTime=1000 MILLISECONDS)
2019-09-24 22:45:58,535 [main] INFO  ipc.Client (Client.java:handleConnectionFailure(948)) - Retrying connect to server: localhost/127.0.0.1:0. Already tried 9 time(s); retry policy is RetryUpToMaximumCountWithFixedSleep(maxRetries=10, sleepTime=1000 MILLISECONDS)
2019-09-24 22:45:59,537 [main] INFO  ipc.Client (Client.java:handleConnectionFailure(948)) - Retrying connect to server: localhost/127.0.0.1:0. Already tried 0 time(s); retry policy is RetryUpToMaximumCountWithFixedSleep(maxRetries=10, sleepTime=1000 MILLISECONDS)
2019-09-24 22:46:00,538 [main] INFO  ipc.Client (Client.java:handleConnectionFailure(948)) - Retrying connect to server: localhost/127.0.0.1:0. Already tried 1 time(s); retry policy is RetryUpToMaximumCountWithFixedSleep(maxRetries=10, sleepTime=1000 MILLISECONDS)
2019-09-24 22:46:01,539 [main] INFO  ipc.Client (Client.java:handleConnectionFailure(948)) - Retrying connect to server: localhost/127.0.0.1:0. Already tried 2 time(s); retry policy is RetryUpToMaximumCountWithFixedSleep(maxRetries=10, sleepTime=1000 MILLISECONDS)
2019-09-24 22:46:02,541 [main] INFO  ipc.Client (Client.java:handleConnectionFailure(948)) - Retrying connect to server: localhost/127.0.0.1:0. Already tried 3 time(s); retry policy is RetryUpToMaximumCountWithFixedSleep(maxRetries=10, sleepTime=1000 MILLISECONDS)
2019-09-24 22:46:03,542 [main] INFO  ipc.Client (Client.java:handleConnectionFailure(948)) - Retrying connect to server: localhost/127.0.0.1:0. Already tried 4 time(s); retry policy is RetryUpToMaximumCountWithFixedSleep(maxRetries=10, sleepTime=1000 MILLISECONDS)
2019-09-24 22:46:04,543 [main] INFO  ipc.Client (Client.java:handleConnectionFailure(948)) - Retrying connect to server: localhost/127.0.0.1:0. Already tried 5 time(s); retry policy is RetryUpToMaximumCountWithFixedSleep(maxRetries=10, sleepTime=1000 MILLISECONDS)
2019-09-24 22:46:05,544 [main] INFO  ipc.Client (Client.java:handleConnectionFailure(948)) - Retrying connect to server: localhost/127.0.0.1:0. Already tried 6 time(s); retry policy is RetryUpToMaximumCountWithFixedSleep(maxRetries=10, sleepTime=1000 MILLISECONDS)
2019-09-24 22:46:06,545 [main] INFO  ipc.Client (Client.java:handleConnectionFailure(948)) - Retrying connect to server: localhost/127.0.0.1:0. Already tried 7 time(s); retry policy is RetryUpToMaximumCountWithFixedSleep(maxRetries=10, sleepTime=1000 MILLISECONDS)
2019-09-24 22:46:07,546 [main] INFO  ipc.Client (Client.java:handleConnectionFailure(948)) - Retrying connect to server: localhost/127.0.0.1:0. Already tried 8 time(s); retry policy is RetryUpToMaximumCountWithFixedSleep(maxRetries=10, sleepTime=1000 MILLISECONDS)
2019-09-24 22:46:08,547 [main] INFO  ipc.Client (Client.java:handleConnectionFailure(948)) - Retrying connect to server: localhost/127.0.0.1:0. Already tried 9 time(s); retry policy is RetryUpToMaximumCountWithFixedSleep(maxRetries=10, sleepTime=1000 MILLISECONDS)
2019-09-24 22:46:08,549 [main] INFO  retry.RetryInvocationHandler (RetryInvocationHandler.java:log(411)) - com.google.protobuf.ServiceException: java.net.ConnectException: Your endpoint configuration is wrong; For more details see:  http://wiki.apache.org/hadoop/UnsetHostnameOrPort, while invoking $Proxy36.submitRequest over nodeId=null,nodeAddress=127.0.0.1:0 after 1 failover attempts. Trying to failover immediately.
2019-09-24 22:46:09,550 [main] INFO  ipc.Client (Client.java:handleConnectionFailure(948)) - Retrying connect to server: localhost/127.0.0.1:0. Already tried 0 time(s); retry policy is RetryUpToMaximumCountWithFixedSleep(maxRetries=10, sleepTime=1000 MILLISECONDS)
2019-09-24 22:46:10,551 [main] INFO  ipc.Client (Client.java:handleConnectionFailure(948)) - Retrying connect to server: localhost/127.0.0.1:0. Already tried 1 time(s); retry policy is RetryUpToMaximumCountWithFixedSleep(maxRetries=10, sleepTime=1000 MILLISECONDS)
2019-09-24 22:46:11,552 [main] INFO  ipc.Client (Client.java:handleConnectionFailure(948)) - Retrying connect to server: localhost/127.0.0.1:0. Already tried 2 time(s); retry policy is RetryUpToMaximumCountWithFixedSleep(maxRetries=10, sleepTime=1000 MILLISECONDS)
2019-09-24 22:46:12,553 [main] INFO  ipc.Client (Client.java:handleConnectionFailure(948)) - Retrying connect to server: localhost/127.0.0.1:0. Already tried 3 time(s); retry policy is RetryUpToMaximumCountWithFixedSleep(maxRetries=10, sleepTime=1000 MILLISECONDS)
2019-09-24 22:46:13,555 [main] INFO  ipc.Client (Client.java:handleConnectionFailure(948)) - Retrying connect to server: localhost/127.0.0.1:0. Already tried 4 time(s); retry policy is RetryUpToMaximumCountWithFixedSleep(maxRetries=10, sleepTime=1000 MILLISECONDS)
2019-09-24 22:46:14,556 [main] INFO  ipc.Client (Client.java:handleConnectionFailure(948)) - Retrying connect to server: localhost/127.0.0.1:0. Already tried 5 time(s); retry policy is RetryUpToMaximumCountWithFixedSleep(maxRetries=10, sleepTime=1000 MILLISECONDS)
2019-09-24 22:46:15,557 [main] INFO  ipc.Client (Client.java:handleConnectionFailure(948)) - Retrying connect to server: localhost/127.0.0.1:0. Already tried 6 time(s); retry policy is RetryUpToMaximumCountWithFixedSleep(maxRetries=10, sleepTime=1000 MILLISECONDS)
2019-09-24 22:46:16,558 [main] INFO  ipc.Client (Client.java:handleConnectionFailure(948)) - Retrying connect to server: localhost/127.0.0.1:0. Already tried 7 time(s); retry policy is RetryUpToMaximumCountWithFixedSleep(maxRetries=10, sleepTime=1000 MILLISECONDS)
2019-09-24 22:46:17,560 [main] INFO  ipc.Client (Client.java:handleConnectionFailure(948)) - Retrying connect to server: localhost/127.0.0.1:0. Already tried 8 time(s); retry policy is RetryUpToMaximumCountWithFixedSleep(maxRetries=10, sleepTime=1000 MILLISECONDS)
2019-09-24 22:46:18,561 [main] INFO  ipc.Client (Client.java:handleConnectionFailure(948)) - Retrying connect to server: localhost/127.0.0.1:0. Already tried 9 time(s); retry policy is RetryUpToMaximumCountWithFixedSleep(maxRetries=10, sleepTime=1000 MILLISECONDS)
2019-09-24 22:46:18,563 [main] INFO  retry.RetryInvocationHandler (RetryInvocationHandler.java:log(411)) - com.google.protobuf.ServiceException: java.net.ConnectException: Your endpoint configuration is wrong; For more details see:  http://wiki.apache.org/hadoop/UnsetHostnameOrPort, while invoking $Proxy36.submitRequest over nodeId=null,nodeAddress=127.0.0.1:0 after 2 failover attempts. Trying to failover immediately.
2019-09-24 22:46:19,564 [main] INFO  ipc.Client (Client.java:handleConnectionFailure(948)) - Retrying connect to server: localhost/127.0.0.1:0. Already tried 0 time(s); retry policy is RetryUpToMaximumCountWithFixedSleep(maxRetries=10, sleepTime=1000 MILLISECONDS)
2019-09-24 22:46:20,565 [main] INFO  ipc.Client (Client.java:handleConnectionFailure(948)) - Retrying connect to server: localhost/127.0.0.1:0. Already tried 1 time(s); retry policy is RetryUpToMaximumCountWithFixedSleep(maxRetries=10, sleepTime=1000 MILLISECONDS)
2019-09-24 22:46:21,566 [main] INFO  ipc.Client (Client.java:handleConnectionFailure(948)) - Retrying connect to server: localhost/127.0.0.1:0. Already tried 2 time(s); retry policy is RetryUpToMaximumCountWithFixedSleep(maxRetries=10, sleepTime=1000 MILLISECONDS)
2019-09-24 22:46:22,567 [main] INFO  ipc.Client (Client.java:handleConnectionFailure(948)) - Retrying connect to server: localhost/127.0.0.1:0. Already tried 3 time(s); retry policy is RetryUpToMaximumCountWithFixedSleep(maxRetries=10, sleepTime=1000 MILLISECONDS)
2019-09-24 22:46:23,568 [main] INFO  ipc.Client (Client.java:handleConnectionFailure(948)) - Retrying connect to server: localhost/127.0.0.1:0. Already tried 4 time(s); retry policy is RetryUpToMaximumCountWithFixedSleep(maxRetries=10, sleepTime=1000 MILLISECONDS)
2019-09-24 22:46:24,569 [main] INFO  ipc.Client (Client.java:handleConnectionFailure(948)) - Retrying connect to server: localhost/127.0.0.1:0. Already tried 5 time(s); retry policy is RetryUpToMaximumCountWithFixedSleep(maxRetries=10, sleepTime=1000 MILLISECONDS)
2019-09-24 22:46:25,570 [main] INFO  ipc.Client (Client.java:handleConnectionFailure(948)) - Retrying connect to server: localhost/127.0.0.1:0. Already tried 6 time(s); retry policy is RetryUpToMaximumCountWithFixedSleep(maxRetries=10, sleepTime=1000 MILLISECONDS)
2019-09-24 22:46:26,571 [main] INFO  ipc.Client (Client.java:handleConnectionFailure(948)) - Retrying connect to server: localhost/127.0.0.1:0. Already tried 7 time(s); retry policy is RetryUpToMaximumCountWithFixedSleep(maxRetries=10, sleepTime=1000 MILLISECONDS)
2019-09-24 22:46:27,572 [main] INFO  ipc.Client (Client.java:handleConnectionFailure(948)) - Retrying connect to server: localhost/127.0.0.1:0. Already tried 8 time(s); retry policy is RetryUpToMaximumCountWithFixedSleep(maxRetries=10, sleepTime=1000 MILLISECONDS)
2019-09-24 22:46:28,573 [main] INFO  ipc.Client (Client.java:handleConnectionFailure(948)) - Retrying connect to server: localhost/127.0.0.1:0. Already tried 9 time(s); retry policy is RetryUpToMaximumCountWithFixedSleep(maxRetries=10, sleepTime=1000 MILLISECONDS)
2019-09-24 22:46:28,575 [main] INFO  retry.RetryInvocationHandler (RetryInvocationHandler.java:log(411)) - com.google.protobuf.ServiceException: java.net.ConnectException: Your endpoint configuration is wrong; For more details see:  http://wiki.apache.org/hadoop/UnsetHostnameOrPort, while invoking $Proxy36.submitRequest over nodeId=null,nodeAddress=127.0.0.1:0 after 3 failover attempts. Trying to failover immediately.
2019-09-24 22:46:29,577 [main] INFO  ipc.Client (Client.java:handleConnectionFailure(948)) - Retrying connect to server: localhost/127.0.0.1:0. Already tried 0 time(s); retry policy is RetryUpToMaximumCountWithFixedSleep(maxRetries=10, sleepTime=1000 MILLISECONDS)
2019-09-24 22:46:30,578 [main] INFO  ipc.Client (Client.java:handleConnectionFailure(948)) - Retrying connect to server: localhost/127.0.0.1:0. Already tried 1 time(s); retry policy is RetryUpToMaximumCountWithFixedSleep(maxRetries=10, sleepTime=1000 MILLISECONDS)
2019-09-24 22:46:31,579 [main] INFO  ipc.Client (Client.java:handleConnectionFailure(948)) - Retrying connect to server: localhost/127.0.0.1:0. Already tried 2 time(s); retry policy is RetryUpToMaximumCountWithFixedSleep(maxRetries=10, sleepTime=1000 MILLISECONDS)
2019-09-24 22:46:32,580 [main] INFO  ipc.Client (Client.java:handleConnectionFailure(948)) - Retrying connect to server: localhost/127.0.0.1:0. Already tried 3 time(s); retry policy is RetryUpToMaximumCountWithFixedSleep(maxRetries=10, sleepTime=1000 MILLISECONDS)
2019-09-24 22:46:33,581 [main] INFO  ipc.Client (Client.java:handleConnectionFailure(948)) - Retrying connect to server: localhost/127.0.0.1:0. Already tried 4 time(s); retry policy is RetryUpToMaximumCountWithFixedSleep(maxRetries=10, sleepTime=1000 MILLISECONDS)
2019-09-24 22:46:34,582 [main] INFO  ipc.Client (Client.java:handleConnectionFailure(948)) - Retrying connect to server: localhost/127.0.0.1:0. Already tried 5 time(s); retry policy is RetryUpToMaximumCountWithFixedSleep(maxRetries=10, sleepTime=1000 MILLISECONDS)
2019-09-24 22:46:35,583 [main] INFO  ipc.Client (Client.java:handleConnectionFailure(948)) - Retrying connect to server: localhost/127.0.0.1:0. Already tried 6 time(s); retry policy is RetryUpToMaximumCountWithFixedSleep(maxRetries=10, sleepTime=1000 MILLISECONDS)
2019-09-24 22:46:36,584 [main] INFO  ipc.Client (Client.java:handleConnectionFailure(948)) - Retrying connect to server: localhost/127.0.0.1:0. Already tried 7 time(s); retry policy is RetryUpToMaximumCountWithFixedSleep(maxRetries=10, sleepTime=1000 MILLISECONDS)
2019-09-24 22:46:37,586 [main] INFO  ipc.Client (Client.java:handleConnectionFailure(948)) - Retrying connect to server: localhost/127.0.0.1:0. Already tried 8 time(s); retry policy is RetryUpToMaximumCountWithFixedSleep(maxRetries=10, sleepTime=1000 MILLISECONDS)
2019-09-24 22:46:38,587 [main] INFO  ipc.Client (Client.java:handleConnectionFailure(948)) - Retrying connect to server: localhost/127.0.0.1:0. Already tried 9 time(s); retry policy is RetryUpToMaximumCountWithFixedSleep(maxRetries=10, sleepTime=1000 MILLISECONDS)
2019-09-24 22:46:38,589 [main] INFO  retry.RetryInvocationHandler (RetryInvocationHandler.java:log(411)) - com.google.protobuf.ServiceException: java.net.ConnectException: Your endpoint configuration is wrong; For more details see:  http://wiki.apache.org/hadoop/UnsetHostnameOrPort, while invoking $Proxy36.submitRequest over nodeId=null,nodeAddress=127.0.0.1:0 after 4 failover attempts. Trying to failover immediately.
2019-09-24 22:46:39,603 [main] INFO  ipc.Client (Client.java:handleConnectionFailure(948)) - Retrying connect to server: localhost/127.0.0.1:0. Already tried 0 time(s); retry policy is RetryUpToMaximumCountWithFixedSleep(maxRetries=10, sleepTime=1000 MILLISECONDS)
2019-09-24 22:46:40,605 [main] INFO  ipc.Client (Client.java:handleConnectionFailure(948)) - Retrying connect to server: localhost/127.0.0.1:0. Already tried 1 time(s); retry policy is RetryUpToMaximumCountWithFixedSleep(maxRetries=10, sleepTime=1000 MILLISECONDS)
2019-09-24 22:46:41,606 [main] INFO  ipc.Client (Client.java:handleConnectionFailure(948)) - Retrying connect to server: localhost/127.0.0.1:0. Already tried 2 time(s); retry policy is RetryUpToMaximumCountWithFixedSleep(maxRetries=10, sleepTime=1000 MILLISECONDS)
2019-09-24 22:46:42,607 [main] INFO  ipc.Client (Client.java:handleConnectionFailure(948)) - Retrying connect to server: localhost/127.0.0.1:0. Already tried 3 time(s); retry policy is RetryUpToMaximumCountWithFixedSleep(maxRetries=10, sleepTime=1000 MILLISECONDS)
2019-09-24 22:46:43,608 [main] INFO  ipc.Client (Client.java:handleConnectionFailure(948)) - Retrying connect to server: localhost/127.0.0.1:0. Already tried 4 time(s); retry policy is RetryUpToMaximumCountWithFixedSleep(maxRetries=10, sleepTime=1000 MILLISECONDS)
2019-09-24 22:46:44,609 [main] INFO  ipc.Client (Client.java:handleConnectionFailure(948)) - Retrying connect to server: localhost/127.0.0.1:0. Already tried 5 time(s); retry policy is RetryUpToMaximumCountWithFixedSleep(maxRetries=10, sleepTime=1000 MILLISECONDS)
2019-09-24 22:46:45,610 [main] INFO  ipc.Client (Client.java:handleConnectionFailure(948)) - Retrying connect to server: localhost/127.0.0.1:0. Already tried 6 time(s); retry policy is RetryUpToMaximumCountWithFixedSleep(maxRetries=10, sleepTime=1000 MILLISECONDS)
2019-09-24 22:46:46,611 [main] INFO  ipc.Client (Client.java:handleConnectionFailure(948)) - Retrying connect to server: localhost/127.0.0.1:0. Already tried 7 time(s); retry policy is RetryUpToMaximumCountWithFixedSleep(maxRetries=10, sleepTime=1000 MILLISECONDS)
2019-09-24 22:46:47,612 [main] INFO  ipc.Client (Client.java:handleConnectionFailure(948)) - Retrying connect to server: localhost/127.0.0.1:0. Already tried 8 time(s); retry policy is RetryUpToMaximumCountWithFixedSleep(maxRetries=10, sleepTime=1000 MILLISECONDS)
2019-09-24 22:46:48,614 [main] INFO  ipc.Client (Client.java:handleConnectionFailure(948)) - Retrying connect to server: localhost/127.0.0.1:0. Already tried 9 time(s); retry policy is RetryUpToMaximumCountWithFixedSleep(maxRetries=10, sleepTime=1000 MILLISECONDS)
2019-09-24 22:46:48,615 [main] INFO  retry.RetryInvocationHandler (RetryInvocationHandler.java:log(411)) - com.google.protobuf.ServiceException: java.net.ConnectException: Your endpoint configuration is wrong; For more details see:  http://wiki.apache.org/hadoop/UnsetHostnameOrPort, while invoking $Proxy36.submitRequest over nodeId=null,nodeAddress=127.0.0.1:0 after 5 failover attempts. Trying to failover immediately.
2019-09-24 22:46:49,616 [main] INFO  ipc.Client (Client.java:handleConnectionFailure(948)) - Retrying connect to server: localhost/127.0.0.1:0. Already tried 0 time(s); retry policy is RetryUpToMaximumCountWithFixedSleep(maxRetries=10, sleepTime=1000 MILLISECONDS)
2019-09-24 22:46:50,617 [main] INFO  ipc.Client (Client.java:handleConnectionFailure(948)) - Retrying connect to server: localhost/127.0.0.1:0. Already tried 1 time(s); retry policy is RetryUpToMaximumCountWithFixedSleep(maxRetries=10, sleepTime=1000 MILLISECONDS)
2019-09-24 22:46:51,618 [main] INFO  ipc.Client (Client.java:handleConnectionFailure(948)) - Retrying connect to server: localhost/127.0.0.1:0. Already tried 2 time(s); retry policy is RetryUpToMaximumCountWithFixedSleep(maxRetries=10, sleepTime=1000 MILLISECONDS)
2019-09-24 22:46:52,619 [main] INFO  ipc.Client (Client.java:handleConnectionFailure(948)) - Retrying connect to server: localhost/127.0.0.1:0. Already tried 3 time(s); retry policy is RetryUpToMaximumCountWithFixedSleep(maxRetries=10, sleepTime=1000 MILLISECONDS)
2019-09-24 22:46:53,621 [main] INFO  ipc.Client (Client.java:handleConnectionFailure(948)) - Retrying connect to server: localhost/127.0.0.1:0. Already tried 4 time(s); retry policy is RetryUpToMaximumCountWithFixedSleep(maxRetries=10, sleepTime=1000 MILLISECONDS)
2019-09-24 22:46:54,622 [main] INFO  ipc.Client (Client.java:handleConnectionFailure(948)) - Retrying connect to server: localhost/127.0.0.1:0. Already tried 5 time(s); retry policy is RetryUpToMaximumCountWithFixedSleep(maxRetries=10, sleepTime=1000 MILLISECONDS)
2019-09-24 22:46:55,623 [main] INFO  ipc.Client (Client.java:handleConnectionFailure(948)) - Retrying connect to server: localhost/127.0.0.1:0. Already tried 6 time(s); retry policy is RetryUpToMaximumCountWithFixedSleep(maxRetries=10, sleepTime=1000 MILLISECONDS)
2019-09-24 22:46:56,624 [main] INFO  ipc.Client (Client.java:handleConnectionFailure(948)) - Retrying connect to server: localhost/127.0.0.1:0. Already tried 7 time(s); retry policy is RetryUpToMaximumCountWithFixedSleep(maxRetries=10, sleepTime=1000 MILLISECONDS)
2019-09-24 22:46:57,626 [main] INFO  ipc.Client (Client.java:handleConnectionFailure(948)) - Retrying connect to server: localhost/127.0.0.1:0. Already tried 8 time(s); retry policy is RetryUpToMaximumCountWithFixedSleep(maxRetries=10, sleepTime=1000 MILLISECONDS)
2019-09-24 22:46:58,627 [main] INFO  ipc.Client (Client.java:handleConnectionFailure(948)) - Retrying connect to server: localhost/127.0.0.1:0. Already tried 9 time(s); retry policy is RetryUpToMaximumCountWithFixedSleep(maxRetries=10, sleepTime=1000 MILLISECONDS)
2019-09-24 22:46:58,628 [main] INFO  retry.RetryInvocationHandler (RetryInvocationHandler.java:log(411)) - com.google.protobuf.ServiceException: java.net.ConnectException: Your endpoint configuration is wrong; For more details see:  http://wiki.apache.org/hadoop/UnsetHostnameOrPort, while invoking $Proxy36.submitRequest over nodeId=null,nodeAddress=127.0.0.1:0 after 6 failover attempts. Trying to failover immediately.
2019-09-24 22:46:59,629 [main] INFO  ipc.Client (Client.java:handleConnectionFailure(948)) - Retrying connect to server: localhost/127.0.0.1:0. Already tried 0 time(s); retry policy is RetryUpToMaximumCountWithFixedSleep(maxRetries=10, sleepTime=1000 MILLISECONDS)
2019-09-24 22:47:00,630 [main] INFO  ipc.Client (Client.java:handleConnectionFailure(948)) - Retrying connect to server: localhost/127.0.0.1:0. Already tried 1 time(s); retry policy is RetryUpToMaximumCountWithFixedSleep(maxRetries=10, sleepTime=1000 MILLISECONDS)
2019-09-24 22:47:01,631 [main] INFO  ipc.Client (Client.java:handleConnectionFailure(948)) - Retrying connect to server: localhost/127.0.0.1:0. Already tried 2 time(s); retry policy is RetryUpToMaximumCountWithFixedSleep(maxRetries=10, sleepTime=1000 MILLISECONDS)
2019-09-24 22:47:02,632 [main] INFO  ipc.Client (Client.java:handleConnectionFailure(948)) - Retrying connect to server: localhost/127.0.0.1:0. Already tried 3 time(s); retry policy is RetryUpToMaximumCountWithFixedSleep(maxRetries=10, sleepTime=1000 MILLISECONDS)
2019-09-24 22:47:03,634 [main] INFO  ipc.Client (Client.java:handleConnectionFailure(948)) - Retrying connect to server: localhost/127.0.0.1:0. Already tried 4 time(s); retry policy is RetryUpToMaximumCountWithFixedSleep(maxRetries=10, sleepTime=1000 MILLISECONDS)
2019-09-24 22:47:04,635 [main] INFO  ipc.Client (Client.java:handleConnectionFailure(948)) - Retrying connect to server: localhost/127.0.0.1:0. Already tried 5 time(s); retry policy is RetryUpToMaximumCountWithFixedSleep(maxRetries=10, sleepTime=1000 MILLISECONDS)
2019-09-24 22:47:05,636 [main] INFO  ipc.Client (Client.java:handleConnectionFailure(948)) - Retrying connect to server: localhost/127.0.0.1:0. Already tried 6 time(s); retry policy is RetryUpToMaximumCountWithFixedSleep(maxRetries=10, sleepTime=1000 MILLISECONDS)
2019-09-24 22:47:06,637 [main] INFO  ipc.Client (Client.java:handleConnectionFailure(948)) - Retrying connect to server: localhost/127.0.0.1:0. Already tried 7 time(s); retry policy is RetryUpToMaximumCountWithFixedSleep(maxRetries=10, sleepTime=1000 MILLISECONDS)
2019-09-24 22:47:07,638 [main] INFO  ipc.Client (Client.java:handleConnectionFailure(948)) - Retrying connect to server: localhost/127.0.0.1:0. Already tried 8 time(s); retry policy is RetryUpToMaximumCountWithFixedSleep(maxRetries=10, sleepTime=1000 MILLISECONDS)
2019-09-24 22:47:08,639 [main] INFO  ipc.Client (Client.java:handleConnectionFailure(948)) - Retrying connect to server: localhost/127.0.0.1:0. Already tried 9 time(s); retry policy is RetryUpToMaximumCountWithFixedSleep(maxRetries=10, sleepTime=1000 MILLISECONDS)
2019-09-24 22:47:08,641 [main] INFO  retry.RetryInvocationHandler (RetryInvocationHandler.java:log(411)) - com.google.protobuf.ServiceException: java.net.ConnectException: Your endpoint configuration is wrong; For more details see:  http://wiki.apache.org/hadoop/UnsetHostnameOrPort, while invoking $Proxy36.submitRequest over nodeId=null,nodeAddress=127.0.0.1:0 after 7 failover attempts. Trying to failover immediately.
2019-09-24 22:47:09,642 [main] INFO  ipc.Client (Client.java:handleConnectionFailure(948)) - Retrying connect to server: localhost/127.0.0.1:0. Already tried 0 time(s); retry policy is RetryUpToMaximumCountWithFixedSleep(maxRetries=10, sleepTime=1000 MILLISECONDS)
2019-09-24 22:47:10,643 [main] INFO  ipc.Client (Client.java:handleConnectionFailure(948)) - Retrying connect to server: localhost/127.0.0.1:0. Already tried 1 time(s); retry policy is RetryUpToMaximumCountWithFixedSleep(maxRetries=10, sleepTime=1000 MILLISECONDS)
2019-09-24 22:47:11,644 [main] INFO  ipc.Client (Client.java:handleConnectionFailure(948)) - Retrying connect to server: localhost/127.0.0.1:0. Already tried 2 time(s); retry policy is RetryUpToMaximumCountWithFixedSleep(maxRetries=10, sleepTime=1000 MILLISECONDS)
2019-09-24 22:47:12,645 [main] INFO  ipc.Client (Client.java:handleConnectionFailure(948)) - Retrying connect to server: localhost/127.0.0.1:0. Already tried 3 time(s); retry policy is RetryUpToMaximumCountWithFixedSleep(maxRetries=10, sleepTime=1000 MILLISECONDS)
2019-09-24 22:47:13,646 [main] INFO  ipc.Client (Client.java:handleConnectionFailure(948)) - Retrying connect to server: localhost/127.0.0.1:0. Already tried 4 time(s); retry policy is RetryUpToMaximumCountWithFixedSleep(maxRetries=10, sleepTime=1000 MILLISECONDS)
2019-09-24 22:47:14,647 [main] INFO  ipc.Client (Client.java:handleConnectionFailure(948)) - Retrying connect to server: localhost/127.0.0.1:0. Already tried 5 time(s); retry policy is RetryUpToMaximumCountWithFixedSleep(maxRetries=10, sleepTime=1000 MILLISECONDS)
2019-09-24 22:47:15,648 [main] INFO  ipc.Client (Client.java:handleConnectionFailure(948)) - Retrying connect to server: localhost/127.0.0.1:0. Already tried 6 time(s); retry policy is RetryUpToMaximumCountWithFixedSleep(maxRetries=10, sleepTime=1000 MILLISECONDS)
2019-09-24 22:47:16,649 [main] INFO  ipc.Client (Client.java:handleConnectionFailure(948)) - Retrying connect to server: localhost/127.0.0.1:0. Already tried 7 time(s); retry policy is RetryUpToMaximumCountWithFixedSleep(maxRetries=10, sleepTime=1000 MILLISECONDS)
2019-09-24 22:47:17,650 [main] INFO  ipc.Client (Client.java:handleConnectionFailure(948)) - Retrying connect to server: localhost/127.0.0.1:0. Already tried 8 time(s); retry policy is RetryUpToMaximumCountWithFixedSleep(maxRetries=10, sleepTime=1000 MILLISECONDS)
2019-09-24 22:47:18,651 [main] INFO  ipc.Client (Client.java:handleConnectionFailure(948)) - Retrying connect to server: localhost/127.0.0.1:0. Already tried 9 time(s); retry policy is RetryUpToMaximumCountWithFixedSleep(maxRetries=10, sleepTime=1000 MILLISECONDS)
2019-09-24 22:47:18,653 [main] INFO  retry.RetryInvocationHandler (RetryInvocationHandler.java:log(411)) - com.google.protobuf.ServiceException: java.net.ConnectException: Your endpoint configuration is wrong; For more details see:  http://wiki.apache.org/hadoop/UnsetHostnameOrPort, while invoking $Proxy36.submitRequest over nodeId=null,nodeAddress=127.0.0.1:0 after 8 failover attempts. Trying to failover immediately.
2019-09-24 22:47:19,654 [main] INFO  ipc.Client (Client.java:handleConnectionFailure(948)) - Retrying connect to server: localhost/127.0.0.1:0. Already tried 0 time(s); retry policy is RetryUpToMaximumCountWithFixedSleep(maxRetries=10, sleepTime=1000 MILLISECONDS)
2019-09-24 22:47:20,655 [main] INFO  ipc.Client (Client.java:handleConnectionFailure(948)) - Retrying connect to server: localhost/127.0.0.1:0. Already tried 1 time(s); retry policy is RetryUpToMaximumCountWithFixedSleep(maxRetries=10, sleepTime=1000 MILLISECONDS)
2019-09-24 22:47:21,657 [main] INFO  ipc.Client (Client.java:handleConnectionFailure(948)) - Retrying connect to server: localhost/127.0.0.1:0. Already tried 2 time(s); retry policy is RetryUpToMaximumCountWithFixedSleep(maxRetries=10, sleepTime=1000 MILLISECONDS)
2019-09-24 22:47:22,659 [main] INFO  ipc.Client (Client.java:handleConnectionFailure(948)) - Retrying connect to server: localhost/127.0.0.1:0. Already tried 3 time(s); retry policy is RetryUpToMaximumCountWithFixedSleep(maxRetries=10, sleepTime=1000 MILLISECONDS)
2019-09-24 22:47:23,660 [main] INFO  ipc.Client (Client.java:handleConnectionFailure(948)) - Retrying connect to server: localhost/127.0.0.1:0. Already tried 4 time(s); retry policy is RetryUpToMaximumCountWithFixedSleep(maxRetries=10, sleepTime=1000 MILLISECONDS)
2019-09-24 22:47:24,661 [main] INFO  ipc.Client (Client.java:handleConnectionFailure(948)) - Retrying connect to server: localhost/127.0.0.1:0. Already tried 5 time(s); retry policy is RetryUpToMaximumCountWithFixedSleep(maxRetries=10, sleepTime=1000 MILLISECONDS)
2019-09-24 22:47:25,663 [main] INFO  ipc.Client (Client.java:handleConnectionFailure(948)) - Retrying connect to server: localhost/127.0.0.1:0. Already tried 6 time(s); retry policy is RetryUpToMaximumCountWithFixedSleep(maxRetries=10, sleepTime=1000 MILLISECONDS)
2019-09-24 22:47:26,664 [main] INFO  ipc.Client (Client.java:handleConnectionFailure(948)) - Retrying connect to server: localhost/127.0.0.1:0. Already tried 7 time(s); retry policy is RetryUpToMaximumCountWithFixedSleep(maxRetries=10, sleepTime=1000 MILLISECONDS)
2019-09-24 22:47:27,665 [main] INFO  ipc.Client (Client.java:handleConnectionFailure(948)) - Retrying connect to server: localhost/127.0.0.1:0. Already tried 8 time(s); retry policy is RetryUpToMaximumCountWithFixedSleep(maxRetries=10, sleepTime=1000 MILLISECONDS)
2019-09-24 22:47:28,667 [main] INFO  ipc.Client (Client.java:handleConnectionFailure(948)) - Retrying connect to server: localhost/127.0.0.1:0. Already tried 9 time(s); retry policy is RetryUpToMaximumCountWithFixedSleep(maxRetries=10, sleepTime=1000 MILLISECONDS)
2019-09-24 22:47:28,668 [main] INFO  retry.RetryInvocationHandler (RetryInvocationHandler.java:log(411)) - com.google.protobuf.ServiceException: java.net.ConnectException: Your endpoint configuration is wrong; For more details see:  http://wiki.apache.org/hadoop/UnsetHostnameOrPort, while invoking $Proxy36.submitRequest over nodeId=null,nodeAddress=127.0.0.1:0 after 9 failover attempts. Trying to failover immediately.
2019-09-24 22:47:29,669 [main] INFO  ipc.Client (Client.java:handleConnectionFailure(948)) - Retrying connect to server: localhost/127.0.0.1:0. Already tried 0 time(s); retry policy is RetryUpToMaximumCountWithFixedSleep(maxRetries=10, sleepTime=1000 MILLISECONDS)
2019-09-24 22:47:30,671 [main] INFO  ipc.Client (Client.java:handleConnectionFailure(948)) - Retrying connect to server: localhost/127.0.0.1:0. Already tried 1 time(s); retry policy is RetryUpToMaximumCountWithFixedSleep(maxRetries=10, sleepTime=1000 MILLISECONDS)
2019-09-24 22:47:31,672 [main] INFO  ipc.Client (Client.java:handleConnectionFailure(948)) - Retrying connect to server: localhost/127.0.0.1:0. Already tried 2 time(s); retry policy is RetryUpToMaximumCountWithFixedSleep(maxRetries=10, sleepTime=1000 MILLISECONDS)
2019-09-24 22:47:32,673 [main] INFO  ipc.Client (Client.java:handleConnectionFailure(948)) - Retrying connect to server: localhost/127.0.0.1:0. Already tried 3 time(s); retry policy is RetryUpToMaximumCountWithFixedSleep(maxRetries=10, sleepTime=1000 MILLISECONDS)
2019-09-24 22:47:33,675 [main] INFO  ipc.Client (Client.java:handleConnectionFailure(948)) - Retrying connect to server: localhost/127.0.0.1:0. Already tried 4 time(s); retry policy is RetryUpToMaximumCountWithFixedSleep(maxRetries=10, sleepTime=1000 MILLISECONDS)
2019-09-24 22:47:34,676 [main] INFO  ipc.Client (Client.java:handleConnectionFailure(948)) - Retrying connect to server: localhost/127.0.0.1:0. Already tried 5 time(s); retry policy is RetryUpToMaximumCountWithFixedSleep(maxRetries=10, sleepTime=1000 MILLISECONDS)
2019-09-24 22:47:35,677 [main] INFO  ipc.Client (Client.java:handleConnectionFailure(948)) - Retrying connect to server: localhost/127.0.0.1:0. Already tried 6 time(s); retry policy is RetryUpToMaximumCountWithFixedSleep(maxRetries=10, sleepTime=1000 MILLISECONDS)
2019-09-24 22:47:36,678 [main] INFO  ipc.Client (Client.java:handleConnectionFailure(948)) - Retrying connect to server: localhost/127.0.0.1:0. Already tried 7 time(s); retry policy is RetryUpToMaximumCountWithFixedSleep(maxRetries=10, sleepTime=1000 MILLISECONDS)
2019-09-24 22:47:37,680 [main] INFO  ipc.Client (Client.java:handleConnectionFailure(948)) - Retrying connect to server: localhost/127.0.0.1:0. Already tried 8 time(s); retry policy is RetryUpToMaximumCountWithFixedSleep(maxRetries=10, sleepTime=1000 MILLISECONDS)
2019-09-24 22:47:38,681 [main] INFO  ipc.Client (Client.java:handleConnectionFailure(948)) - Retrying connect to server: localhost/127.0.0.1:0. Already tried 9 time(s); retry policy is RetryUpToMaximumCountWithFixedSleep(maxRetries=10, sleepTime=1000 MILLISECONDS)
2019-09-24 22:47:38,682 [main] ERROR ha.OMFailoverProxyProvider (OzoneManagerProtocolClientSideTranslatorPB.java:getRetryAction(268)) - Failed to connect to OM. Attempted 10 retries and 10 failovers
2019-09-24 22:47:38,683 [main] ERROR client.OzoneClientFactory (OzoneClientFactory.java:getClientProtocol(259)) - Couldn't create RpcClient protocol exception: 
java.net.ConnectException: Your endpoint configuration is wrong; For more details see:  http://wiki.apache.org/hadoop/UnsetHostnameOrPort
	at sun.reflect.GeneratedConstructorAccessor31.newInstance(Unknown Source)
	at sun.reflect.DelegatingConstructorAccessorImpl.newInstance(DelegatingConstructorAccessorImpl.java:45)
	at java.lang.reflect.Constructor.newInstance(Constructor.java:423)
	at org.apache.hadoop.net.NetUtils.wrapWithMessage(NetUtils.java:831)
	at org.apache.hadoop.net.NetUtils.wrapException(NetUtils.java:751)
	at org.apache.hadoop.ipc.Client.getRpcResponse(Client.java:1515)
	at org.apache.hadoop.ipc.Client.call(Client.java:1457)
	at org.apache.hadoop.ipc.Client.call(Client.java:1367)
	at org.apache.hadoop.ipc.ProtobufRpcEngine$Invoker.invoke(ProtobufRpcEngine.java:228)
	at org.apache.hadoop.ipc.ProtobufRpcEngine$Invoker.invoke(ProtobufRpcEngine.java:116)
	at com.sun.proxy.$Proxy36.submitRequest(Unknown Source)
	at sun.reflect.GeneratedMethodAccessor24.invoke(Unknown Source)
	at sun.reflect.DelegatingMethodAccessorImpl.invoke(DelegatingMethodAccessorImpl.java:43)
	at java.lang.reflect.Method.invoke(Method.java:498)
	at org.apache.hadoop.io.retry.RetryInvocationHandler.invokeMethod(RetryInvocationHandler.java:422)
	at org.apache.hadoop.io.retry.RetryInvocationHandler$Call.invokeMethod(RetryInvocationHandler.java:165)
	at org.apache.hadoop.io.retry.RetryInvocationHandler$Call.invoke(RetryInvocationHandler.java:157)
	at org.apache.hadoop.io.retry.RetryInvocationHandler$Call.invokeOnce(RetryInvocationHandler.java:95)
	at org.apache.hadoop.io.retry.RetryInvocationHandler.invoke(RetryInvocationHandler.java:359)
	at com.sun.proxy.$Proxy36.submitRequest(Unknown Source)
	at org.apache.hadoop.ozone.om.protocolPB.OzoneManagerProtocolClientSideTranslatorPB.submitRequest(OzoneManagerProtocolClientSideTranslatorPB.java:338)
	at org.apache.hadoop.ozone.om.protocolPB.OzoneManagerProtocolClientSideTranslatorPB.getServiceInfo(OzoneManagerProtocolClientSideTranslatorPB.java:1223)
	at sun.reflect.NativeMethodAccessorImpl.invoke0(Native Method)
	at sun.reflect.NativeMethodAccessorImpl.invoke(NativeMethodAccessorImpl.java:62)
	at sun.reflect.DelegatingMethodAccessorImpl.invoke(DelegatingMethodAccessorImpl.java:43)
	at java.lang.reflect.Method.invoke(Method.java:498)
	at org.apache.hadoop.hdds.tracing.TraceAllMethod.invoke(TraceAllMethod.java:66)
	at com.sun.proxy.$Proxy37.getServiceInfo(Unknown Source)
	at org.apache.hadoop.ozone.client.rpc.RpcClient.<init>(RpcClient.java:154)
	at org.apache.hadoop.ozone.client.OzoneClientFactory.getClientProtocol(OzoneClientFactory.java:256)
	at org.apache.hadoop.ozone.client.OzoneClientFactory.getClientProtocol(OzoneClientFactory.java:239)
	at org.apache.hadoop.ozone.client.OzoneClientFactory.getClient(OzoneClientFactory.java:75)
	at org.apache.hadoop.ozone.client.rpc.TestOzoneClientRetriesOnException.init(TestOzoneClientRetriesOnException.java:102)
	at sun.reflect.NativeMethodAccessorImpl.invoke0(Native Method)
	at sun.reflect.NativeMethodAccessorImpl.invoke(NativeMethodAccessorImpl.java:62)
	at sun.reflect.DelegatingMethodAccessorImpl.invoke(DelegatingMethodAccessorImpl.java:43)
	at java.lang.reflect.Method.invoke(Method.java:498)
	at org.junit.runners.model.FrameworkMethod$1.runReflectiveCall(FrameworkMethod.java:47)
	at org.junit.internal.runners.model.ReflectiveCallable.run(ReflectiveCallable.java:12)
	at org.junit.runners.model.FrameworkMethod.invokeExplosively(FrameworkMethod.java:44)
	at org.junit.internal.runners.statements.RunBefores.evaluate(RunBefores.java:24)
	at org.junit.internal.runners.statements.RunAfters.evaluate(RunAfters.java:27)
	at org.junit.runners.ParentRunner.runLeaf(ParentRunner.java:271)
	at org.junit.runners.BlockJUnit4ClassRunner.runChild(BlockJUnit4ClassRunner.java:70)
	at org.junit.runners.BlockJUnit4ClassRunner.runChild(BlockJUnit4ClassRunner.java:50)
	at org.junit.runners.ParentRunner$3.run(ParentRunner.java:238)
	at org.junit.runners.ParentRunner$1.schedule(ParentRunner.java:63)
	at org.junit.runners.ParentRunner.runChildren(ParentRunner.java:236)
	at org.junit.runners.ParentRunner.access$000(ParentRunner.java:53)
	at org.junit.runners.ParentRunner$2.evaluate(ParentRunner.java:229)
	at org.junit.runners.ParentRunner.run(ParentRunner.java:309)
	at org.apache.maven.surefire.junit4.JUnit4Provider.execute(JUnit4Provider.java:365)
	at org.apache.maven.surefire.junit4.JUnit4Provider.executeWithRerun(JUnit4Provider.java:273)
	at org.apache.maven.surefire.junit4.JUnit4Provider.executeTestSet(JUnit4Provider.java:238)
	at org.apache.maven.surefire.junit4.JUnit4Provider.invoke(JUnit4Provider.java:159)
	at org.apache.maven.surefire.booter.ForkedBooter.invokeProviderInSameClassLoader(ForkedBooter.java:384)
	at org.apache.maven.surefire.booter.ForkedBooter.runSuitesInProcess(ForkedBooter.java:345)
	at org.apache.maven.surefire.booter.ForkedBooter.execute(ForkedBooter.java:126)
	at org.apache.maven.surefire.booter.ForkedBooter.main(ForkedBooter.java:418)
Caused by: java.net.ConnectException: Connection refused
	at sun.nio.ch.SocketChannelImpl.checkConnect(Native Method)
	at sun.nio.ch.SocketChannelImpl.finishConnect(SocketChannelImpl.java:717)
	at org.apache.hadoop.net.SocketIOWithTimeout.connect(SocketIOWithTimeout.java:206)
	at org.apache.hadoop.net.NetUtils.connect(NetUtils.java:531)
	at org.apache.hadoop.ipc.Client$Connection.setupConnection(Client.java:690)
	at org.apache.hadoop.ipc.Client$Connection.setupIOstreams(Client.java:794)
	at org.apache.hadoop.ipc.Client$Connection.access$3700(Client.java:411)
	at org.apache.hadoop.ipc.Client.getConnection(Client.java:1572)
	at org.apache.hadoop.ipc.Client.call(Client.java:1403)
	... 52 more
2019-09-24 22:47:38,685 [main] INFO  ozone.MiniOzoneClusterImpl (MiniOzoneClusterImpl.java:shutdown(314)) - Shutting down the Mini Ozone Cluster
2019-09-24 22:47:38,686 [main] INFO  ozone.MiniOzoneClusterImpl (MiniOzoneClusterImpl.java:stop(330)) - Stopping the Mini Ozone Cluster
2019-09-24 22:47:38,686 [main] INFO  ozone.MiniOzoneClusterImpl (MiniOzoneClusterImpl.java:stopOM(400)) - Stopping the OzoneManager
2019-09-24 22:47:38,686 [main] INFO  ipc.Server (Server.java:stop(3082)) - Stopping server on 45939
2019-09-24 22:47:38,705 [IPC Server Responder] INFO  ipc.Server (Server.java:run(1319)) - Stopping IPC Server Responder
2019-09-24 22:47:38,706 [main] INFO  ratis.OzoneManagerDoubleBuffer (OzoneManagerDoubleBuffer.java:stop(248)) - Stopping OMDoubleBuffer flush thread
2019-09-24 22:47:38,705 [IPC Server listener on 45939] INFO  ipc.Server (Server.java:run(1185)) - Stopping IPC Server listener on 45939
2019-09-24 22:47:38,730 [OMDoubleBufferFlushThread] INFO  ratis.OzoneManagerDoubleBuffer (OzoneManagerDoubleBuffer.java:flushTransactions(191)) - OMDoubleBuffer flush thread OMDoubleBufferFlushThread is interrupted and will exit. OMDoubleBufferFlushThread
2019-09-24 22:47:38,733 [main] INFO  utils.BackgroundService (BackgroundService.java:shutdown(148)) - Shutting down service KeyDeletingService
2019-09-24 22:47:38,737 [main] INFO  handler.ContextHandler (ContextHandler.java:doStop(910)) - Stopped o.e.j.w.WebAppContext@71b639d0{/,null,UNAVAILABLE}{/ozoneManager}
2019-09-24 22:47:38,739 [main] INFO  server.AbstractConnector (AbstractConnector.java:doStop(318)) - Stopped ServerConnector@18a25bbd{HTTP/1.1,[http/1.1]}{0.0.0.0:0}
2019-09-24 22:47:38,739 [main] INFO  handler.ContextHandler (ContextHandler.java:doStop(910)) - Stopped o.e.j.s.ServletContextHandler@3d90eeb3{/static,file:///workdir/hadoop-ozone/integration-test/target/test-classes/webapps/static,UNAVAILABLE}
2019-09-24 22:47:38,740 [main] INFO  handler.ContextHandler (ContextHandler.java:doStop(910)) - Stopped o.e.j.s.ServletContextHandler@697173d9{/logs,file:///workdir/hadoop-ozone/integration-test/target/log,UNAVAILABLE}
2019-09-24 22:47:38,744 [main] INFO  ozone.MiniOzoneClusterImpl (MiniOzoneClusterImpl.java:stopDatanodes(377)) - Stopping the HddsDatanodes
2019-09-24 22:47:39,154 [Datanode State Machine Thread - 0] INFO  statemachine.DatanodeStateMachine (DatanodeStateMachine.java:lambda$startDaemon$0(350)) - Ozone container server started.
2019-09-24 22:47:39,390 [Datanode State Machine Thread - 0] INFO  statemachine.DatanodeStateMachine (DatanodeStateMachine.java:lambda$startDaemon$0(350)) - Ozone container server started.
2019-09-24 22:47:43,746 [main] INFO  ozoneimpl.OzoneContainer (OzoneContainer.java:stop(231)) - Attempting to stop container services.
2019-09-24 22:47:43,746 [ForkJoinPool.commonPool-worker-0] INFO  ozoneimpl.OzoneContainer (OzoneContainer.java:stop(231)) - Attempting to stop container services.
2019-09-24 22:47:43,747 [main] INFO  impl.RaftServerProxy (RaftServerProxy.java:lambda$close$4(314)) - 04af903f-8ea6-4205-8b84-3e9c4eb37e77: close
2019-09-24 22:47:43,747 [ForkJoinPool.commonPool-worker-0] INFO  impl.RaftServerProxy (RaftServerProxy.java:lambda$close$4(314)) - 8b3714d9-dd5c-431f-974a-7eaa789e847d: close
2019-09-24 22:47:43,748 [main] INFO  impl.RaftServerImpl (RaftServerImpl.java:lambda$shutdown$3(251)) - 04af903f-8ea6-4205-8b84-3e9c4eb37e77@group-2AA3E79FAA89: shutdown
2019-09-24 22:47:43,748 [ForkJoinPool.commonPool-worker-0] INFO  impl.RaftServerImpl (RaftServerImpl.java:lambda$shutdown$3(251)) - 8b3714d9-dd5c-431f-974a-7eaa789e847d@group-730E756918E2: shutdown
2019-09-24 22:47:43,748 [main] INFO  util.JmxRegister (JmxRegister.java:unregister(73)) - Successfully un-registered JMX Bean with object name Ratis:service=RaftServer,group=group-2AA3E79FAA89,id=04af903f-8ea6-4205-8b84-3e9c4eb37e77
2019-09-24 22:47:43,749 [ForkJoinPool.commonPool-worker-0] INFO  util.JmxRegister (JmxRegister.java:unregister(73)) - Successfully un-registered JMX Bean with object name Ratis:service=RaftServer,group=group-730E756918E2,id=8b3714d9-dd5c-431f-974a-7eaa789e847d
2019-09-24 22:47:43,749 [main] INFO  impl.RoleInfo (RoleInfo.java:shutdownLeaderState(104)) - 04af903f-8ea6-4205-8b84-3e9c4eb37e77: shutdown LeaderState
2019-09-24 22:47:43,749 [ForkJoinPool.commonPool-worker-0] INFO  impl.RoleInfo (RoleInfo.java:shutdownFollowerState(121)) - 8b3714d9-dd5c-431f-974a-7eaa789e847d: shutdown FollowerState
2019-09-24 22:47:43,750 [main] INFO  impl.PendingRequests (PendingRequests.java:sendNotLeaderResponses(202)) - 04af903f-8ea6-4205-8b84-3e9c4eb37e77-PendingRequests: sendNotLeaderResponses
2019-09-24 22:47:43,750 [Thread-815] INFO  impl.FollowerState (FollowerState.java:run(115)) - 8b3714d9-dd5c-431f-974a-7eaa789e847d: FollowerState was interrupted: java.lang.InterruptedException: sleep interrupted
2019-09-24 22:47:43,750 [ForkJoinPool.commonPool-worker-0] INFO  impl.StateMachineUpdater (StateMachineUpdater.java:stopAndJoin(125)) - 8b3714d9-dd5c-431f-974a-7eaa789e847d@group-730E756918E2-StateMachineUpdater: set stopIndex = 0
2019-09-24 22:47:43,754 [main] INFO  impl.StateMachineUpdater (StateMachineUpdater.java:stopAndJoin(125)) - 04af903f-8ea6-4205-8b84-3e9c4eb37e77@group-2AA3E79FAA89-StateMachineUpdater: set stopIndex = 0
2019-09-24 22:47:43,754 [ForkJoinPool.commonPool-worker-0] INFO  impl.RaftServerImpl (ServerState.java:close(385)) - 8b3714d9-dd5c-431f-974a-7eaa789e847d@group-730E756918E2: closes. applyIndex: 0
2019-09-24 22:47:43,755 [main] INFO  impl.RaftServerImpl (ServerState.java:close(385)) - 04af903f-8ea6-4205-8b84-3e9c4eb37e77@group-2AA3E79FAA89: closes. applyIndex: 0
2019-09-24 22:47:43,756 [8b3714d9-dd5c-431f-974a-7eaa789e847d@group-730E756918E2-SegmentedRaftLogWorker] INFO  segmented.SegmentedRaftLogWorker (SegmentedRaftLogWorker.java:run(313)) - 8b3714d9-dd5c-431f-974a-7eaa789e847d@group-730E756918E2-SegmentedRaftLogWorker was interrupted, exiting. There are 0 tasks remaining in the queue.
2019-09-24 22:47:43,756 [04af903f-8ea6-4205-8b84-3e9c4eb37e77@group-2AA3E79FAA89-SegmentedRaftLogWorker] INFO  segmented.SegmentedRaftLogWorker (SegmentedRaftLogWorker.java:run(313)) - 04af903f-8ea6-4205-8b84-3e9c4eb37e77@group-2AA3E79FAA89-SegmentedRaftLogWorker was interrupted, exiting. There are 0 tasks remaining in the queue.
2019-09-24 22:47:43,761 [ForkJoinPool.commonPool-worker-0] INFO  segmented.SegmentedRaftLogWorker (SegmentedRaftLogWorker.java:close(228)) - 8b3714d9-dd5c-431f-974a-7eaa789e847d@group-730E756918E2-SegmentedRaftLogWorker close()
2019-09-24 22:47:43,761 [main] INFO  segmented.SegmentedRaftLogWorker (SegmentedRaftLogWorker.java:close(228)) - 04af903f-8ea6-4205-8b84-3e9c4eb37e77@group-2AA3E79FAA89-SegmentedRaftLogWorker close()
2019-09-24 22:47:43,766 [ForkJoinPool.commonPool-worker-0] INFO  impl.RaftServerImpl (RaftServerImpl.java:lambda$shutdown$3(251)) - 8b3714d9-dd5c-431f-974a-7eaa789e847d@group-AA1429039D20: shutdown
2019-09-24 22:47:43,771 [main] INFO  server.GrpcService (GrpcService.java:closeImpl(164)) - 04af903f-8ea6-4205-8b84-3e9c4eb37e77: shutdown server with port 33546 now
2019-09-24 22:47:43,771 [ForkJoinPool.commonPool-worker-0] INFO  util.JmxRegister (JmxRegister.java:unregister(73)) - Successfully un-registered JMX Bean with object name Ratis:service=RaftServer,group=group-AA1429039D20,id=8b3714d9-dd5c-431f-974a-7eaa789e847d
2019-09-24 22:47:43,771 [ForkJoinPool.commonPool-worker-0] INFO  impl.RoleInfo (RoleInfo.java:shutdownLeaderState(104)) - 8b3714d9-dd5c-431f-974a-7eaa789e847d: shutdown LeaderState
2019-09-24 22:47:43,774 [ForkJoinPool.commonPool-worker-0] INFO  impl.PendingRequests (PendingRequests.java:sendNotLeaderResponses(202)) - 8b3714d9-dd5c-431f-974a-7eaa789e847d-PendingRequests: sendNotLeaderResponses
2019-09-24 22:47:43,774 [main] INFO  server.GrpcService (GrpcService.java:closeImpl(172)) - 04af903f-8ea6-4205-8b84-3e9c4eb37e77: shutdown server with port 33546 successfully
2019-09-24 22:47:43,774 [ForkJoinPool.commonPool-worker-0] INFO  impl.StateMachineUpdater (StateMachineUpdater.java:stopAndJoin(125)) - 8b3714d9-dd5c-431f-974a-7eaa789e847d@group-AA1429039D20-StateMachineUpdater: set stopIndex = 0
2019-09-24 22:47:43,775 [ForkJoinPool.commonPool-worker-0] INFO  impl.RaftServerImpl (ServerState.java:close(385)) - 8b3714d9-dd5c-431f-974a-7eaa789e847d@group-AA1429039D20: closes. applyIndex: 0
2019-09-24 22:47:43,776 [8b3714d9-dd5c-431f-974a-7eaa789e847d@group-AA1429039D20-SegmentedRaftLogWorker] INFO  segmented.SegmentedRaftLogWorker (SegmentedRaftLogWorker.java:run(313)) - 8b3714d9-dd5c-431f-974a-7eaa789e847d@group-AA1429039D20-SegmentedRaftLogWorker was interrupted, exiting. There are 0 tasks remaining in the queue.
2019-09-24 22:47:43,779 [ForkJoinPool.commonPool-worker-0] INFO  segmented.SegmentedRaftLogWorker (SegmentedRaftLogWorker.java:close(228)) - 8b3714d9-dd5c-431f-974a-7eaa789e847d@group-AA1429039D20-SegmentedRaftLogWorker close()
2019-09-24 22:47:43,784 [ForkJoinPool.commonPool-worker-0] INFO  server.GrpcService (GrpcService.java:closeImpl(164)) - 8b3714d9-dd5c-431f-974a-7eaa789e847d: shutdown server with port 38988 now
2019-09-24 22:47:43,784 [refreshUsed-/workdir/hadoop-ozone/integration-test/target/test-dir/MiniOzoneClusterImpl-c301a8ba-4931-4f65-a02e-7799d4a6f55f/datanode-4/data/containers] WARN  fs.CachingGetSpaceUsed (CachingGetSpaceUsed.java:run(183)) - Thread Interrupted waiting to refresh disk information: sleep interrupted
2019-09-24 22:47:43,787 [grpc-default-executor-0] WARN  server.GrpcServerProtocolService (LogUtils.java:warn(134)) - 8b3714d9-dd5c-431f-974a-7eaa789e847d: installSnapshot onError, lastRequest: c01d8eb5-e6c7-440d-bfdc-d426acfe1c94->8b3714d9-dd5c-431f-974a-7eaa789e847d#45-t1, previous=(t:1, i:0), leaderCommit=0, initializing? false, entries: <empty>: org.apache.ratis.thirdparty.io.grpc.StatusRuntimeException: CANCELLED: cancelled before receiving half close
2019-09-24 22:47:43,792 [ForkJoinPool.commonPool-worker-0] INFO  server.GrpcService (GrpcService.java:closeImpl(172)) - 8b3714d9-dd5c-431f-974a-7eaa789e847d: shutdown server with port 38988 successfully
2019-09-24 22:47:43,793 [grpc-default-executor-1] WARN  server.GrpcLogAppender (LogUtils.java:warn(134)) - c01d8eb5-e6c7-440d-bfdc-d426acfe1c94@group-730E756918E2->8b3714d9-dd5c-431f-974a-7eaa789e847d-AppendLogResponseHandler: Failed appendEntries: org.apache.ratis.thirdparty.io.grpc.StatusRuntimeException: CANCELLED: HTTP/2 error code: CANCEL
Received Rst Stream
2019-09-24 22:47:43,796 [grpc-default-executor-1] INFO  impl.FollowerInfo (FollowerInfo.java:lambda$new$0(51)) - c01d8eb5-e6c7-440d-bfdc-d426acfe1c94@group-730E756918E2->8b3714d9-dd5c-431f-974a-7eaa789e847d: nextIndex: updateUnconditionally 1 -> 0
2019-09-24 22:47:43,798 [refreshUsed-/workdir/hadoop-ozone/integration-test/target/test-dir/MiniOzoneClusterImpl-c301a8ba-4931-4f65-a02e-7799d4a6f55f/datanode-1/data/containers] WARN  fs.CachingGetSpaceUsed (CachingGetSpaceUsed.java:run(183)) - Thread Interrupted waiting to refresh disk information: sleep interrupted
2019-09-24 22:47:43,813 [main] INFO  utils.BackgroundService (BackgroundService.java:shutdown(148)) - Shutting down service BlockDeletingService
2019-09-24 22:47:43,819 [main] INFO  statemachine.DatanodeStateMachine (DatanodeStateMachine.java:stopDaemon(395)) - Ozone container server stopped.
2019-09-24 22:47:43,820 [main] INFO  handler.ContextHandler (ContextHandler.java:doStop(910)) - Stopped o.e.j.w.WebAppContext@77fa9381{/,null,UNAVAILABLE}{/hddsDatanode}
2019-09-24 22:47:43,820 [ForkJoinPool.commonPool-worker-0] INFO  utils.BackgroundService (BackgroundService.java:shutdown(148)) - Shutting down service BlockDeletingService
2019-09-24 22:47:43,821 [main] INFO  server.AbstractConnector (AbstractConnector.java:doStop(318)) - Stopped ServerConnector@76d72b5b{HTTP/1.1,[http/1.1]}{0.0.0.0:0}
2019-09-24 22:47:43,825 [ForkJoinPool.commonPool-worker-0] INFO  statemachine.DatanodeStateMachine (DatanodeStateMachine.java:stopDaemon(395)) - Ozone container server stopped.
2019-09-24 22:47:43,825 [main] INFO  handler.ContextHandler (ContextHandler.java:doStop(910)) - Stopped o.e.j.s.ServletContextHandler@7b477141{/static,jar:file:/home/user/.m2/repository/org/apache/hadoop/hadoop-hdds-container-service/0.5.0-SNAPSHOT/hadoop-hdds-container-service-0.5.0-SNAPSHOT.jar!/webapps/static,UNAVAILABLE}
2019-09-24 22:47:43,829 [main] INFO  handler.ContextHandler (ContextHandler.java:doStop(910)) - Stopped o.e.j.s.ServletContextHandler@2cd4e16a{/logs,file:///workdir/hadoop-ozone/integration-test/target/log,UNAVAILABLE}
2019-09-24 22:47:43,830 [ForkJoinPool.commonPool-worker-0] INFO  handler.ContextHandler (ContextHandler.java:doStop(910)) - Stopped o.e.j.w.WebAppContext@2525a5b8{/,null,UNAVAILABLE}{/hddsDatanode}
2019-09-24 22:47:43,831 [ForkJoinPool.commonPool-worker-0] INFO  server.AbstractConnector (AbstractConnector.java:doStop(318)) - Stopped ServerConnector@3458eca5{HTTP/1.1,[http/1.1]}{0.0.0.0:0}
2019-09-24 22:47:43,833 [ForkJoinPool.commonPool-worker-0] INFO  handler.ContextHandler (ContextHandler.java:doStop(910)) - Stopped o.e.j.s.ServletContextHandler@4aa11206{/static,jar:file:/home/user/.m2/repository/org/apache/hadoop/hadoop-hdds-container-service/0.5.0-SNAPSHOT/hadoop-hdds-container-service-0.5.0-SNAPSHOT.jar!/webapps/static,UNAVAILABLE}
2019-09-24 22:47:43,834 [ForkJoinPool.commonPool-worker-0] INFO  handler.ContextHandler (ContextHandler.java:doStop(910)) - Stopped o.e.j.s.ServletContextHandler@1084f78c{/logs,file:///workdir/hadoop-ozone/integration-test/target/log,UNAVAILABLE}
2019-09-24 22:47:44,224 [Datanode State Machine Thread - 0] INFO  statemachine.DatanodeStateMachine (DatanodeStateMachine.java:lambda$startDaemon$0(350)) - Ozone container server started.
2019-09-24 22:47:44,312 [Datanode State Machine Thread - 0] INFO  statemachine.DatanodeStateMachine (DatanodeStateMachine.java:lambda$startDaemon$0(350)) - Ozone container server started.
2019-09-24 22:47:45,237 [grpc-default-executor-1] WARN  server.GrpcLogAppender (LogUtils.java:warn(134)) - c01d8eb5-e6c7-440d-bfdc-d426acfe1c94@group-730E756918E2->8b3714d9-dd5c-431f-974a-7eaa789e847d-AppendLogResponseHandler: Failed appendEntries: org.apache.ratis.thirdparty.io.grpc.StatusRuntimeException: UNAVAILABLE: io exception
2019-09-24 22:47:45,239 [grpc-default-executor-1] INFO  impl.FollowerInfo (FollowerInfo.java:lambda$new$0(51)) - c01d8eb5-e6c7-440d-bfdc-d426acfe1c94@group-730E756918E2->8b3714d9-dd5c-431f-974a-7eaa789e847d: nextIndex: updateUnconditionally 0 -> 0
2019-09-24 22:47:47,741 [grpc-default-executor-4] WARN  server.GrpcLogAppender (LogUtils.java:warn(134)) - c01d8eb5-e6c7-440d-bfdc-d426acfe1c94@group-730E756918E2->8b3714d9-dd5c-431f-974a-7eaa789e847d-AppendLogResponseHandler: Failed appendEntries: org.apache.ratis.thirdparty.io.grpc.StatusRuntimeException: UNAVAILABLE: io exception
2019-09-24 22:47:47,743 [grpc-default-executor-4] INFO  impl.FollowerInfo (FollowerInfo.java:lambda$new$0(51)) - c01d8eb5-e6c7-440d-bfdc-d426acfe1c94@group-730E756918E2->8b3714d9-dd5c-431f-974a-7eaa789e847d: nextIndex: updateUnconditionally 0 -> 0
2019-09-24 22:47:48,832 [main] INFO  ozoneimpl.OzoneContainer (OzoneContainer.java:stop(231)) - Attempting to stop container services.
2019-09-24 22:47:48,833 [main] INFO  impl.RaftServerProxy (RaftServerProxy.java:lambda$close$4(314)) - 2a05965a-75e8-4c8e-8d07-201cc05f87d1: close
2019-09-24 22:47:48,834 [main] INFO  impl.RaftServerImpl (RaftServerImpl.java:lambda$shutdown$3(251)) - 2a05965a-75e8-4c8e-8d07-201cc05f87d1@group-0B1414920208: shutdown
2019-09-24 22:47:48,834 [main] INFO  util.JmxRegister (JmxRegister.java:unregister(73)) - Successfully un-registered JMX Bean with object name Ratis:service=RaftServer,group=group-0B1414920208,id=2a05965a-75e8-4c8e-8d07-201cc05f87d1
2019-09-24 22:47:48,835 [main] INFO  impl.RoleInfo (RoleInfo.java:shutdownLeaderState(104)) - 2a05965a-75e8-4c8e-8d07-201cc05f87d1: shutdown LeaderState
2019-09-24 22:47:48,835 [main] INFO  impl.PendingRequests (PendingRequests.java:sendNotLeaderResponses(202)) - 2a05965a-75e8-4c8e-8d07-201cc05f87d1-PendingRequests: sendNotLeaderResponses
2019-09-24 22:47:48,836 [ForkJoinPool.commonPool-worker-0] INFO  ozoneimpl.OzoneContainer (OzoneContainer.java:stop(231)) - Attempting to stop container services.
2019-09-24 22:47:48,836 [main] INFO  impl.StateMachineUpdater (StateMachineUpdater.java:stopAndJoin(125)) - 2a05965a-75e8-4c8e-8d07-201cc05f87d1@group-0B1414920208-StateMachineUpdater: set stopIndex = 0
2019-09-24 22:47:48,836 [ForkJoinPool.commonPool-worker-0] INFO  impl.RaftServerProxy (RaftServerProxy.java:lambda$close$4(314)) - c01d8eb5-e6c7-440d-bfdc-d426acfe1c94: close
2019-09-24 22:47:48,839 [main] INFO  impl.RaftServerImpl (ServerState.java:close(385)) - 2a05965a-75e8-4c8e-8d07-201cc05f87d1@group-0B1414920208: closes. applyIndex: 0
2019-09-24 22:47:48,839 [ForkJoinPool.commonPool-worker-0] INFO  impl.RaftServerImpl (RaftServerImpl.java:lambda$shutdown$3(251)) - c01d8eb5-e6c7-440d-bfdc-d426acfe1c94@group-730E756918E2: shutdown
2019-09-24 22:47:48,839 [2a05965a-75e8-4c8e-8d07-201cc05f87d1@group-0B1414920208-SegmentedRaftLogWorker] INFO  segmented.SegmentedRaftLogWorker (SegmentedRaftLogWorker.java:run(313)) - 2a05965a-75e8-4c8e-8d07-201cc05f87d1@group-0B1414920208-SegmentedRaftLogWorker was interrupted, exiting. There are 0 tasks remaining in the queue.
2019-09-24 22:47:48,840 [ForkJoinPool.commonPool-worker-0] INFO  util.JmxRegister (JmxRegister.java:unregister(73)) - Successfully un-registered JMX Bean with object name Ratis:service=RaftServer,group=group-730E756918E2,id=c01d8eb5-e6c7-440d-bfdc-d426acfe1c94
2019-09-24 22:47:48,842 [ForkJoinPool.commonPool-worker-0] INFO  impl.RoleInfo (RoleInfo.java:shutdownLeaderState(104)) - c01d8eb5-e6c7-440d-bfdc-d426acfe1c94: shutdown LeaderState
2019-09-24 22:47:48,846 [main] INFO  segmented.SegmentedRaftLogWorker (SegmentedRaftLogWorker.java:close(228)) - 2a05965a-75e8-4c8e-8d07-201cc05f87d1@group-0B1414920208-SegmentedRaftLogWorker close()
2019-09-24 22:47:48,846 [org.apache.ratis.server.impl.LogAppender$AppenderDaemon$$Lambda$393/1026574874@7c6c526f] WARN  server.GrpcLogAppender (GrpcLogAppender.java:mayWait(143)) - c01d8eb5-e6c7-440d-bfdc-d426acfe1c94@group-730E756918E2->19f58096-26c7-4e4a-bd6f-c4b3e3485142-GrpcLogAppender: Wait interrupted by java.lang.InterruptedException
2019-09-24 22:47:48,846 [org.apache.ratis.server.impl.LogAppender$AppenderDaemon$$Lambda$393/1026574874@333c80e7] WARN  server.GrpcLogAppender (GrpcLogAppender.java:mayWait(143)) - c01d8eb5-e6c7-440d-bfdc-d426acfe1c94@group-730E756918E2->8b3714d9-dd5c-431f-974a-7eaa789e847d-GrpcLogAppender: Wait interrupted by java.lang.InterruptedException
2019-09-24 22:47:48,846 [ForkJoinPool.commonPool-worker-0] INFO  impl.PendingRequests (PendingRequests.java:sendNotLeaderResponses(202)) - c01d8eb5-e6c7-440d-bfdc-d426acfe1c94-PendingRequests: sendNotLeaderResponses
2019-09-24 22:47:48,850 [main] INFO  impl.RaftServerImpl (RaftServerImpl.java:lambda$shutdown$3(251)) - 2a05965a-75e8-4c8e-8d07-201cc05f87d1@group-99578A544418: shutdown
2019-09-24 22:47:48,851 [ForkJoinPool.commonPool-worker-0] INFO  impl.StateMachineUpdater (StateMachineUpdater.java:stopAndJoin(125)) - c01d8eb5-e6c7-440d-bfdc-d426acfe1c94@group-730E756918E2-StateMachineUpdater: set stopIndex = 0
2019-09-24 22:47:48,851 [grpc-default-executor-0] INFO  server.GrpcServerProtocolService (GrpcServerProtocolService.java:onCompleted(113)) - 19f58096-26c7-4e4a-bd6f-c4b3e3485142: Completed APPEND_ENTRIES, lastRequest: c01d8eb5-e6c7-440d-bfdc-d426acfe1c94->19f58096-26c7-4e4a-bd6f-c4b3e3485142#47-t1, previous=(t:1, i:0), leaderCommit=0, initializing? false, entries: <empty>
2019-09-24 22:47:48,851 [main] INFO  util.JmxRegister (JmxRegister.java:unregister(73)) - Successfully un-registered JMX Bean with object name Ratis:service=RaftServer,group=group-99578A544418,id=2a05965a-75e8-4c8e-8d07-201cc05f87d1
2019-09-24 22:47:48,852 [main] INFO  impl.RoleInfo (RoleInfo.java:shutdownFollowerState(121)) - 2a05965a-75e8-4c8e-8d07-201cc05f87d1: shutdown FollowerState
2019-09-24 22:47:48,851 [ForkJoinPool.commonPool-worker-0] INFO  impl.RaftServerImpl (ServerState.java:close(385)) - c01d8eb5-e6c7-440d-bfdc-d426acfe1c94@group-730E756918E2: closes. applyIndex: 0
2019-09-24 22:47:48,853 [Thread-838] INFO  impl.FollowerState (FollowerState.java:run(115)) - 2a05965a-75e8-4c8e-8d07-201cc05f87d1: FollowerState was interrupted: java.lang.InterruptedException: sleep interrupted
2019-09-24 22:47:48,853 [c01d8eb5-e6c7-440d-bfdc-d426acfe1c94@group-730E756918E2-SegmentedRaftLogWorker] INFO  segmented.SegmentedRaftLogWorker (SegmentedRaftLogWorker.java:run(313)) - c01d8eb5-e6c7-440d-bfdc-d426acfe1c94@group-730E756918E2-SegmentedRaftLogWorker was interrupted, exiting. There are 0 tasks remaining in the queue.
2019-09-24 22:47:48,853 [grpc-default-executor-0] INFO  server.GrpcLogAppender (GrpcLogAppender.java:onCompleted(293)) - c01d8eb5-e6c7-440d-bfdc-d426acfe1c94@group-730E756918E2->19f58096-26c7-4e4a-bd6f-c4b3e3485142-AppendLogResponseHandler: follower responses appendEntries COMPLETED
2019-09-24 22:47:48,853 [main] INFO  impl.StateMachineUpdater (StateMachineUpdater.java:stopAndJoin(125)) - 2a05965a-75e8-4c8e-8d07-201cc05f87d1@group-99578A544418-StateMachineUpdater: set stopIndex = 0
2019-09-24 22:47:48,859 [main] INFO  impl.RaftServerImpl (ServerState.java:close(385)) - 2a05965a-75e8-4c8e-8d07-201cc05f87d1@group-99578A544418: closes. applyIndex: 0
2019-09-24 22:47:48,859 [grpc-default-executor-0] INFO  impl.FollowerInfo (FollowerInfo.java:lambda$new$0(51)) - c01d8eb5-e6c7-440d-bfdc-d426acfe1c94@group-730E756918E2->19f58096-26c7-4e4a-bd6f-c4b3e3485142: nextIndex: updateUnconditionally 1 -> 0
2019-09-24 22:47:48,857 [ForkJoinPool.commonPool-worker-0] INFO  segmented.SegmentedRaftLogWorker (SegmentedRaftLogWorker.java:close(228)) - c01d8eb5-e6c7-440d-bfdc-d426acfe1c94@group-730E756918E2-SegmentedRaftLogWorker close()
2019-09-24 22:47:48,860 [2a05965a-75e8-4c8e-8d07-201cc05f87d1@group-99578A544418-SegmentedRaftLogWorker] INFO  segmented.SegmentedRaftLogWorker (SegmentedRaftLogWorker.java:run(313)) - 2a05965a-75e8-4c8e-8d07-201cc05f87d1@group-99578A544418-SegmentedRaftLogWorker was interrupted, exiting. There are 0 tasks remaining in the queue.
2019-09-24 22:47:48,864 [ForkJoinPool.commonPool-worker-0] INFO  impl.RaftServerImpl (RaftServerImpl.java:lambda$shutdown$3(251)) - c01d8eb5-e6c7-440d-bfdc-d426acfe1c94@group-B1057A736950: shutdown
2019-09-24 22:47:48,866 [main] INFO  segmented.SegmentedRaftLogWorker (SegmentedRaftLogWorker.java:close(228)) - 2a05965a-75e8-4c8e-8d07-201cc05f87d1@group-99578A544418-SegmentedRaftLogWorker close()
2019-09-24 22:47:48,866 [ForkJoinPool.commonPool-worker-0] INFO  util.JmxRegister (JmxRegister.java:unregister(73)) - Successfully un-registered JMX Bean with object name Ratis:service=RaftServer,group=group-B1057A736950,id=c01d8eb5-e6c7-440d-bfdc-d426acfe1c94
2019-09-24 22:47:48,869 [main] INFO  server.GrpcService (GrpcService.java:closeImpl(164)) - 2a05965a-75e8-4c8e-8d07-201cc05f87d1: shutdown server with port 44187 now
2019-09-24 22:47:48,870 [ForkJoinPool.commonPool-worker-0] INFO  impl.RoleInfo (RoleInfo.java:shutdownLeaderState(104)) - c01d8eb5-e6c7-440d-bfdc-d426acfe1c94: shutdown LeaderState
2019-09-24 22:47:48,871 [ForkJoinPool.commonPool-worker-0] INFO  impl.PendingRequests (PendingRequests.java:sendNotLeaderResponses(202)) - c01d8eb5-e6c7-440d-bfdc-d426acfe1c94-PendingRequests: sendNotLeaderResponses
2019-09-24 22:47:48,871 [grpc-default-executor-4] WARN  server.GrpcServerProtocolService (LogUtils.java:warn(134)) - 2a05965a-75e8-4c8e-8d07-201cc05f87d1: installSnapshot onError, lastRequest: 8a676727-5b4d-4da9-ab8a-8454365c119a->2a05965a-75e8-4c8e-8d07-201cc05f87d1#47-t1, previous=(t:1, i:0), leaderCommit=0, initializing? false, entries: <empty>: org.apache.ratis.thirdparty.io.grpc.StatusRuntimeException: CANCELLED: cancelled before receiving half close
2019-09-24 22:47:48,871 [main] INFO  server.GrpcService (GrpcService.java:closeImpl(172)) - 2a05965a-75e8-4c8e-8d07-201cc05f87d1: shutdown server with port 44187 successfully
2019-09-24 22:47:48,871 [ForkJoinPool.commonPool-worker-0] INFO  impl.StateMachineUpdater (StateMachineUpdater.java:stopAndJoin(125)) - c01d8eb5-e6c7-440d-bfdc-d426acfe1c94@group-B1057A736950-StateMachineUpdater: set stopIndex = 0
2019-09-24 22:47:48,874 [ForkJoinPool.commonPool-worker-0] INFO  impl.RaftServerImpl (ServerState.java:close(385)) - c01d8eb5-e6c7-440d-bfdc-d426acfe1c94@group-B1057A736950: closes. applyIndex: 0
2019-09-24 22:47:48,873 [grpc-default-executor-3] WARN  server.GrpcLogAppender (LogUtils.java:warn(134)) - 8a676727-5b4d-4da9-ab8a-8454365c119a@group-99578A544418->2a05965a-75e8-4c8e-8d07-201cc05f87d1-AppendLogResponseHandler: Failed appendEntries: org.apache.ratis.thirdparty.io.grpc.StatusRuntimeException: CANCELLED: HTTP/2 error code: CANCEL
Received Rst Stream
2019-09-24 22:47:48,874 [c01d8eb5-e6c7-440d-bfdc-d426acfe1c94@group-B1057A736950-SegmentedRaftLogWorker] INFO  segmented.SegmentedRaftLogWorker (SegmentedRaftLogWorker.java:run(313)) - c01d8eb5-e6c7-440d-bfdc-d426acfe1c94@group-B1057A736950-SegmentedRaftLogWorker was interrupted, exiting. There are 0 tasks remaining in the queue.
2019-09-24 22:47:48,878 [ForkJoinPool.commonPool-worker-0] INFO  segmented.SegmentedRaftLogWorker (SegmentedRaftLogWorker.java:close(228)) - c01d8eb5-e6c7-440d-bfdc-d426acfe1c94@group-B1057A736950-SegmentedRaftLogWorker close()
2019-09-24 22:47:48,878 [grpc-default-executor-3] INFO  impl.FollowerInfo (FollowerInfo.java:lambda$new$0(51)) - 8a676727-5b4d-4da9-ab8a-8454365c119a@group-99578A544418->2a05965a-75e8-4c8e-8d07-201cc05f87d1: nextIndex: updateUnconditionally 1 -> 0
2019-09-24 22:47:48,896 [ForkJoinPool.commonPool-worker-0] INFO  server.GrpcService (GrpcService.java:closeImpl(164)) - c01d8eb5-e6c7-440d-bfdc-d426acfe1c94: shutdown server with port 43641 now
2019-09-24 22:47:48,897 [ForkJoinPool.commonPool-worker-0] INFO  server.GrpcService (GrpcService.java:closeImpl(172)) - c01d8eb5-e6c7-440d-bfdc-d426acfe1c94: shutdown server with port 43641 successfully
2019-09-24 22:47:48,897 [refreshUsed-/workdir/hadoop-ozone/integration-test/target/test-dir/MiniOzoneClusterImpl-c301a8ba-4931-4f65-a02e-7799d4a6f55f/datanode-3/data/containers] WARN  fs.CachingGetSpaceUsed (CachingGetSpaceUsed.java:run(183)) - Thread Interrupted waiting to refresh disk information: sleep interrupted
2019-09-24 22:47:48,899 [refreshUsed-/workdir/hadoop-ozone/integration-test/target/test-dir/MiniOzoneClusterImpl-c301a8ba-4931-4f65-a02e-7799d4a6f55f/datanode-2/data/containers] WARN  fs.CachingGetSpaceUsed (CachingGetSpaceUsed.java:run(183)) - Thread Interrupted waiting to refresh disk information: sleep interrupted
2019-09-24 22:47:48,920 [ForkJoinPool.commonPool-worker-0] INFO  utils.BackgroundService (BackgroundService.java:shutdown(148)) - Shutting down service BlockDeletingService
2019-09-24 22:47:48,921 [main] INFO  utils.BackgroundService (BackgroundService.java:shutdown(148)) - Shutting down service BlockDeletingService
2019-09-24 22:47:48,925 [ForkJoinPool.commonPool-worker-0] INFO  statemachine.DatanodeStateMachine (DatanodeStateMachine.java:stopDaemon(395)) - Ozone container server stopped.
2019-09-24 22:47:48,929 [main] INFO  statemachine.DatanodeStateMachine (DatanodeStateMachine.java:stopDaemon(395)) - Ozone container server stopped.
2019-09-24 22:47:48,931 [ForkJoinPool.commonPool-worker-0] INFO  handler.ContextHandler (ContextHandler.java:doStop(910)) - Stopped o.e.j.w.WebAppContext@7eb200ce{/,null,UNAVAILABLE}{/hddsDatanode}
2019-09-24 22:47:48,931 [main] INFO  handler.ContextHandler (ContextHandler.java:doStop(910)) - Stopped o.e.j.w.WebAppContext@939ff41{/,null,UNAVAILABLE}{/hddsDatanode}
2019-09-24 22:47:48,932 [ForkJoinPool.commonPool-worker-0] INFO  server.AbstractConnector (AbstractConnector.java:doStop(318)) - Stopped ServerConnector@2ee83775{HTTP/1.1,[http/1.1]}{0.0.0.0:0}
2019-09-24 22:47:48,933 [ForkJoinPool.commonPool-worker-0] INFO  handler.ContextHandler (ContextHandler.java:doStop(910)) - Stopped o.e.j.s.ServletContextHandler@3a90c13c{/static,jar:file:/home/user/.m2/repository/org/apache/hadoop/hadoop-hdds-container-service/0.5.0-SNAPSHOT/hadoop-hdds-container-service-0.5.0-SNAPSHOT.jar!/webapps/static,UNAVAILABLE}
2019-09-24 22:47:48,933 [main] INFO  server.AbstractConnector (AbstractConnector.java:doStop(318)) - Stopped ServerConnector@6e0e5dec{HTTP/1.1,[http/1.1]}{0.0.0.0:0}
2019-09-24 22:47:48,935 [ForkJoinPool.commonPool-worker-0] INFO  handler.ContextHandler (ContextHandler.java:doStop(910)) - Stopped o.e.j.s.ServletContextHandler@590f0c50{/logs,file:///workdir/hadoop-ozone/integration-test/target/log,UNAVAILABLE}
2019-09-24 22:47:48,935 [main] INFO  handler.ContextHandler (ContextHandler.java:doStop(910)) - Stopped o.e.j.s.ServletContextHandler@f425231{/static,jar:file:/home/user/.m2/repository/org/apache/hadoop/hadoop-hdds-container-service/0.5.0-SNAPSHOT/hadoop-hdds-container-service-0.5.0-SNAPSHOT.jar!/webapps/static,UNAVAILABLE}
2019-09-24 22:47:48,936 [main] INFO  handler.ContextHandler (ContextHandler.java:doStop(910)) - Stopped o.e.j.s.ServletContextHandler@5eea5627{/logs,file:///workdir/hadoop-ozone/integration-test/target/log,UNAVAILABLE}
2019-09-24 22:47:49,097 [Datanode State Machine Thread - 0] INFO  statemachine.DatanodeStateMachine (DatanodeStateMachine.java:lambda$startDaemon$0(350)) - Ozone container server started.
2019-09-24 22:47:49,531 [Datanode State Machine Thread - 0] INFO  statemachine.DatanodeStateMachine (DatanodeStateMachine.java:lambda$startDaemon$0(350)) - Ozone container server started.
2019-09-24 22:47:50,657 [grpc-default-executor-0] WARN  server.GrpcLogAppender (LogUtils.java:warn(134)) - 8a676727-5b4d-4da9-ab8a-8454365c119a@group-99578A544418->2a05965a-75e8-4c8e-8d07-201cc05f87d1-AppendLogResponseHandler: Failed appendEntries: org.apache.ratis.thirdparty.io.grpc.StatusRuntimeException: UNAVAILABLE: io exception
2019-09-24 22:47:50,659 [grpc-default-executor-0] INFO  impl.FollowerInfo (FollowerInfo.java:lambda$new$0(51)) - 8a676727-5b4d-4da9-ab8a-8454365c119a@group-99578A544418->2a05965a-75e8-4c8e-8d07-201cc05f87d1: nextIndex: updateUnconditionally 0 -> 0
2019-09-24 22:47:53,170 [grpc-default-executor-4] WARN  server.GrpcLogAppender (LogUtils.java:warn(134)) - 8a676727-5b4d-4da9-ab8a-8454365c119a@group-99578A544418->2a05965a-75e8-4c8e-8d07-201cc05f87d1-AppendLogResponseHandler: Failed appendEntries: org.apache.ratis.thirdparty.io.grpc.StatusRuntimeException: UNAVAILABLE: io exception
2019-09-24 22:47:53,172 [grpc-default-executor-4] INFO  impl.FollowerInfo (FollowerInfo.java:lambda$new$0(51)) - 8a676727-5b4d-4da9-ab8a-8454365c119a@group-99578A544418->2a05965a-75e8-4c8e-8d07-201cc05f87d1: nextIndex: updateUnconditionally 0 -> 0
2019-09-24 22:47:53,937 [ForkJoinPool.commonPool-worker-0] INFO  ozoneimpl.OzoneContainer (OzoneContainer.java:stop(231)) - Attempting to stop container services.
2019-09-24 22:47:53,937 [ForkJoinPool.commonPool-worker-0] INFO  impl.RaftServerProxy (RaftServerProxy.java:lambda$close$4(314)) - 19f58096-26c7-4e4a-bd6f-c4b3e3485142: close
2019-09-24 22:47:53,938 [ForkJoinPool.commonPool-worker-0] INFO  impl.RaftServerImpl (RaftServerImpl.java:lambda$shutdown$3(251)) - 19f58096-26c7-4e4a-bd6f-c4b3e3485142@group-730E756918E2: shutdown
2019-09-24 22:47:53,938 [main] INFO  ozoneimpl.OzoneContainer (OzoneContainer.java:stop(231)) - Attempting to stop container services.
2019-09-24 22:47:53,938 [ForkJoinPool.commonPool-worker-0] INFO  util.JmxRegister (JmxRegister.java:unregister(73)) - Successfully un-registered JMX Bean with object name Ratis:service=RaftServer,group=group-730E756918E2,id=19f58096-26c7-4e4a-bd6f-c4b3e3485142
2019-09-24 22:47:53,939 [main] INFO  impl.RaftServerProxy (RaftServerProxy.java:lambda$close$4(314)) - 8a676727-5b4d-4da9-ab8a-8454365c119a: close
2019-09-24 22:47:53,939 [ForkJoinPool.commonPool-worker-0] INFO  impl.RoleInfo (RoleInfo.java:shutdownFollowerState(121)) - 19f58096-26c7-4e4a-bd6f-c4b3e3485142: shutdown FollowerState
2019-09-24 22:47:53,939 [main] INFO  impl.RaftServerImpl (RaftServerImpl.java:lambda$shutdown$3(251)) - 8a676727-5b4d-4da9-ab8a-8454365c119a@group-99578A544418: shutdown
2019-09-24 22:47:53,940 [Thread-816] INFO  impl.FollowerState (FollowerState.java:run(115)) - 19f58096-26c7-4e4a-bd6f-c4b3e3485142: FollowerState was interrupted: java.lang.InterruptedException: sleep interrupted
2019-09-24 22:47:53,940 [ForkJoinPool.commonPool-worker-0] INFO  impl.StateMachineUpdater (StateMachineUpdater.java:stopAndJoin(125)) - 19f58096-26c7-4e4a-bd6f-c4b3e3485142@group-730E756918E2-StateMachineUpdater: set stopIndex = 0
2019-09-24 22:47:53,940 [main] INFO  util.JmxRegister (JmxRegister.java:unregister(73)) - Successfully un-registered JMX Bean with object name Ratis:service=RaftServer,group=group-99578A544418,id=8a676727-5b4d-4da9-ab8a-8454365c119a
2019-09-24 22:47:53,943 [ForkJoinPool.commonPool-worker-0] INFO  impl.RaftServerImpl (ServerState.java:close(385)) - 19f58096-26c7-4e4a-bd6f-c4b3e3485142@group-730E756918E2: closes. applyIndex: 0
2019-09-24 22:47:53,943 [main] INFO  impl.RoleInfo (RoleInfo.java:shutdownLeaderState(104)) - 8a676727-5b4d-4da9-ab8a-8454365c119a: shutdown LeaderState
2019-09-24 22:47:53,944 [19f58096-26c7-4e4a-bd6f-c4b3e3485142@group-730E756918E2-SegmentedRaftLogWorker] INFO  segmented.SegmentedRaftLogWorker (SegmentedRaftLogWorker.java:run(313)) - 19f58096-26c7-4e4a-bd6f-c4b3e3485142@group-730E756918E2-SegmentedRaftLogWorker was interrupted, exiting. There are 0 tasks remaining in the queue.
2019-09-24 22:47:53,947 [main] INFO  impl.PendingRequests (PendingRequests.java:sendNotLeaderResponses(202)) - 8a676727-5b4d-4da9-ab8a-8454365c119a-PendingRequests: sendNotLeaderResponses
2019-09-24 22:47:53,947 [org.apache.ratis.server.impl.LogAppender$AppenderDaemon$$Lambda$393/1026574874@66792918] WARN  server.GrpcLogAppender (GrpcLogAppender.java:mayWait(143)) - 8a676727-5b4d-4da9-ab8a-8454365c119a@group-99578A544418->2a05965a-75e8-4c8e-8d07-201cc05f87d1-GrpcLogAppender: Wait interrupted by java.lang.InterruptedException
2019-09-24 22:47:53,949 [ForkJoinPool.commonPool-worker-0] INFO  segmented.SegmentedRaftLogWorker (SegmentedRaftLogWorker.java:close(228)) - 19f58096-26c7-4e4a-bd6f-c4b3e3485142@group-730E756918E2-SegmentedRaftLogWorker close()
2019-09-24 22:47:53,947 [org.apache.ratis.server.impl.LogAppender$AppenderDaemon$$Lambda$393/1026574874@44fd10f] WARN  server.GrpcLogAppender (GrpcLogAppender.java:mayWait(143)) - 8a676727-5b4d-4da9-ab8a-8454365c119a@group-99578A544418->6cc2e494-d13a-41ea-8905-b03559cae07d-GrpcLogAppender: Wait interrupted by java.lang.InterruptedException
2019-09-24 22:47:53,949 [main] INFO  impl.StateMachineUpdater (StateMachineUpdater.java:stopAndJoin(125)) - 8a676727-5b4d-4da9-ab8a-8454365c119a@group-99578A544418-StateMachineUpdater: set stopIndex = 0
2019-09-24 22:47:53,954 [main] INFO  impl.RaftServerImpl (ServerState.java:close(385)) - 8a676727-5b4d-4da9-ab8a-8454365c119a@group-99578A544418: closes. applyIndex: 0
2019-09-24 22:47:53,953 [ForkJoinPool.commonPool-worker-0] INFO  impl.RaftServerImpl (RaftServerImpl.java:lambda$shutdown$3(251)) - 19f58096-26c7-4e4a-bd6f-c4b3e3485142@group-05F297EE50B3: shutdown
2019-09-24 22:47:53,955 [8a676727-5b4d-4da9-ab8a-8454365c119a@group-99578A544418-SegmentedRaftLogWorker] INFO  segmented.SegmentedRaftLogWorker (SegmentedRaftLogWorker.java:run(313)) - 8a676727-5b4d-4da9-ab8a-8454365c119a@group-99578A544418-SegmentedRaftLogWorker was interrupted, exiting. There are 0 tasks remaining in the queue.
2019-09-24 22:47:53,955 [grpc-default-executor-4] INFO  server.GrpcServerProtocolService (GrpcServerProtocolService.java:onCompleted(113)) - 6cc2e494-d13a-41ea-8905-b03559cae07d: Completed APPEND_ENTRIES, lastRequest: 8a676727-5b4d-4da9-ab8a-8454365c119a->6cc2e494-d13a-41ea-8905-b03559cae07d#49-t1, previous=(t:1, i:0), leaderCommit=0, initializing? false, entries: <empty>
2019-09-24 22:47:53,955 [ForkJoinPool.commonPool-worker-0] INFO  util.JmxRegister (JmxRegister.java:unregister(73)) - Successfully un-registered JMX Bean with object name Ratis:service=RaftServer,group=group-05F297EE50B3,id=19f58096-26c7-4e4a-bd6f-c4b3e3485142
2019-09-24 22:47:53,957 [ForkJoinPool.commonPool-worker-0] INFO  impl.RoleInfo (RoleInfo.java:shutdownLeaderState(104)) - 19f58096-26c7-4e4a-bd6f-c4b3e3485142: shutdown LeaderState
2019-09-24 22:47:53,957 [ForkJoinPool.commonPool-worker-0] INFO  impl.PendingRequests (PendingRequests.java:sendNotLeaderResponses(202)) - 19f58096-26c7-4e4a-bd6f-c4b3e3485142-PendingRequests: sendNotLeaderResponses
2019-09-24 22:47:53,959 [ForkJoinPool.commonPool-worker-0] INFO  impl.StateMachineUpdater (StateMachineUpdater.java:stopAndJoin(125)) - 19f58096-26c7-4e4a-bd6f-c4b3e3485142@group-05F297EE50B3-StateMachineUpdater: set stopIndex = 0
2019-09-24 22:47:53,959 [grpc-default-executor-4] INFO  server.GrpcLogAppender (GrpcLogAppender.java:onCompleted(293)) - 8a676727-5b4d-4da9-ab8a-8454365c119a@group-99578A544418->6cc2e494-d13a-41ea-8905-b03559cae07d-AppendLogResponseHandler: follower responses appendEntries COMPLETED
2019-09-24 22:47:53,960 [ForkJoinPool.commonPool-worker-0] INFO  impl.RaftServerImpl (ServerState.java:close(385)) - 19f58096-26c7-4e4a-bd6f-c4b3e3485142@group-05F297EE50B3: closes. applyIndex: 0
2019-09-24 22:47:53,961 [main] INFO  segmented.SegmentedRaftLogWorker (SegmentedRaftLogWorker.java:close(228)) - 8a676727-5b4d-4da9-ab8a-8454365c119a@group-99578A544418-SegmentedRaftLogWorker close()
2019-09-24 22:47:53,961 [19f58096-26c7-4e4a-bd6f-c4b3e3485142@group-05F297EE50B3-SegmentedRaftLogWorker] INFO  segmented.SegmentedRaftLogWorker (SegmentedRaftLogWorker.java:run(313)) - 19f58096-26c7-4e4a-bd6f-c4b3e3485142@group-05F297EE50B3-SegmentedRaftLogWorker was interrupted, exiting. There are 0 tasks remaining in the queue.
2019-09-24 22:47:53,961 [grpc-default-executor-4] INFO  impl.FollowerInfo (FollowerInfo.java:lambda$new$0(51)) - 8a676727-5b4d-4da9-ab8a-8454365c119a@group-99578A544418->6cc2e494-d13a-41ea-8905-b03559cae07d: nextIndex: updateUnconditionally 1 -> 0
2019-09-24 22:47:53,965 [ForkJoinPool.commonPool-worker-0] INFO  segmented.SegmentedRaftLogWorker (SegmentedRaftLogWorker.java:close(228)) - 19f58096-26c7-4e4a-bd6f-c4b3e3485142@group-05F297EE50B3-SegmentedRaftLogWorker close()
2019-09-24 22:47:53,963 [main] INFO  impl.RaftServerImpl (RaftServerImpl.java:lambda$shutdown$3(251)) - 8a676727-5b4d-4da9-ab8a-8454365c119a@group-11027774613A: shutdown
2019-09-24 22:47:53,970 [ForkJoinPool.commonPool-worker-0] INFO  server.GrpcService (GrpcService.java:closeImpl(164)) - 19f58096-26c7-4e4a-bd6f-c4b3e3485142: shutdown server with port 39620 now
2019-09-24 22:47:53,971 [main] INFO  util.JmxRegister (JmxRegister.java:unregister(73)) - Successfully un-registered JMX Bean with object name Ratis:service=RaftServer,group=group-11027774613A,id=8a676727-5b4d-4da9-ab8a-8454365c119a
2019-09-24 22:47:53,972 [ForkJoinPool.commonPool-worker-0] INFO  server.GrpcService (GrpcService.java:closeImpl(172)) - 19f58096-26c7-4e4a-bd6f-c4b3e3485142: shutdown server with port 39620 successfully
2019-09-24 22:47:53,972 [main] INFO  impl.RoleInfo (RoleInfo.java:shutdownLeaderState(104)) - 8a676727-5b4d-4da9-ab8a-8454365c119a: shutdown LeaderState
2019-09-24 22:47:53,972 [main] INFO  impl.PendingRequests (PendingRequests.java:sendNotLeaderResponses(202)) - 8a676727-5b4d-4da9-ab8a-8454365c119a-PendingRequests: sendNotLeaderResponses
2019-09-24 22:47:53,973 [main] INFO  impl.StateMachineUpdater (StateMachineUpdater.java:stopAndJoin(125)) - 8a676727-5b4d-4da9-ab8a-8454365c119a@group-11027774613A-StateMachineUpdater: set stopIndex = 0
2019-09-24 22:47:53,973 [main] INFO  impl.RaftServerImpl (ServerState.java:close(385)) - 8a676727-5b4d-4da9-ab8a-8454365c119a@group-11027774613A: closes. applyIndex: 0
2019-09-24 22:47:53,973 [refreshUsed-/workdir/hadoop-ozone/integration-test/target/test-dir/MiniOzoneClusterImpl-c301a8ba-4931-4f65-a02e-7799d4a6f55f/datanode-0/data/containers] WARN  fs.CachingGetSpaceUsed (CachingGetSpaceUsed.java:run(183)) - Thread Interrupted waiting to refresh disk information: sleep interrupted
2019-09-24 22:47:53,974 [8a676727-5b4d-4da9-ab8a-8454365c119a@group-11027774613A-SegmentedRaftLogWorker] INFO  segmented.SegmentedRaftLogWorker (SegmentedRaftLogWorker.java:run(313)) - 8a676727-5b4d-4da9-ab8a-8454365c119a@group-11027774613A-SegmentedRaftLogWorker was interrupted, exiting. There are 0 tasks remaining in the queue.
2019-09-24 22:47:53,974 [main] INFO  segmented.SegmentedRaftLogWorker (SegmentedRaftLogWorker.java:close(228)) - 8a676727-5b4d-4da9-ab8a-8454365c119a@group-11027774613A-SegmentedRaftLogWorker close()
2019-09-24 22:47:53,975 [main] INFO  server.GrpcService (GrpcService.java:closeImpl(164)) - 8a676727-5b4d-4da9-ab8a-8454365c119a: shutdown server with port 42122 now
2019-09-24 22:47:53,976 [main] INFO  server.GrpcService (GrpcService.java:closeImpl(172)) - 8a676727-5b4d-4da9-ab8a-8454365c119a: shutdown server with port 42122 successfully
2019-09-24 22:47:53,980 [refreshUsed-/workdir/hadoop-ozone/integration-test/target/test-dir/MiniOzoneClusterImpl-c301a8ba-4931-4f65-a02e-7799d4a6f55f/datanode-6/data/containers] WARN  fs.CachingGetSpaceUsed (CachingGetSpaceUsed.java:run(183)) - Thread Interrupted waiting to refresh disk information: sleep interrupted
2019-09-24 22:47:53,989 [ForkJoinPool.commonPool-worker-0] INFO  utils.BackgroundService (BackgroundService.java:shutdown(148)) - Shutting down service BlockDeletingService
2019-09-24 22:47:53,993 [ForkJoinPool.commonPool-worker-0] INFO  statemachine.DatanodeStateMachine (DatanodeStateMachine.java:stopDaemon(395)) - Ozone container server stopped.
2019-09-24 22:47:53,999 [main] INFO  utils.BackgroundService (BackgroundService.java:shutdown(148)) - Shutting down service BlockDeletingService
2019-09-24 22:47:54,004 [main] INFO  statemachine.DatanodeStateMachine (DatanodeStateMachine.java:stopDaemon(395)) - Ozone container server stopped.
2019-09-24 22:47:54,009 [main] INFO  handler.ContextHandler (ContextHandler.java:doStop(910)) - Stopped o.e.j.w.WebAppContext@11d045b4{/,null,UNAVAILABLE}{/hddsDatanode}
2019-09-24 22:47:54,009 [ForkJoinPool.commonPool-worker-0] INFO  handler.ContextHandler (ContextHandler.java:doStop(910)) - Stopped o.e.j.w.WebAppContext@7377781e{/,null,UNAVAILABLE}{/hddsDatanode}
2019-09-24 22:47:54,010 [main] INFO  server.AbstractConnector (AbstractConnector.java:doStop(318)) - Stopped ServerConnector@1fbf088b{HTTP/1.1,[http/1.1]}{0.0.0.0:0}
2019-09-24 22:47:54,010 [ForkJoinPool.commonPool-worker-0] INFO  server.AbstractConnector (AbstractConnector.java:doStop(318)) - Stopped ServerConnector@31db34da{HTTP/1.1,[http/1.1]}{0.0.0.0:0}
2019-09-24 22:47:54,010 [main] INFO  handler.ContextHandler (ContextHandler.java:doStop(910)) - Stopped o.e.j.s.ServletContextHandler@7d97e06c{/static,jar:file:/home/user/.m2/repository/org/apache/hadoop/hadoop-hdds-container-service/0.5.0-SNAPSHOT/hadoop-hdds-container-service-0.5.0-SNAPSHOT.jar!/webapps/static,UNAVAILABLE}
2019-09-24 22:47:54,014 [ForkJoinPool.commonPool-worker-0] INFO  handler.ContextHandler (ContextHandler.java:doStop(910)) - Stopped o.e.j.s.ServletContextHandler@e38f0b7{/static,jar:file:/home/user/.m2/repository/org/apache/hadoop/hadoop-hdds-container-service/0.5.0-SNAPSHOT/hadoop-hdds-container-service-0.5.0-SNAPSHOT.jar!/webapps/static,UNAVAILABLE}
2019-09-24 22:47:54,015 [main] INFO  handler.ContextHandler (ContextHandler.java:doStop(910)) - Stopped o.e.j.s.ServletContextHandler@6680f714{/logs,file:///workdir/hadoop-ozone/integration-test/target/log,UNAVAILABLE}
2019-09-24 22:47:54,015 [ForkJoinPool.commonPool-worker-0] INFO  handler.ContextHandler (ContextHandler.java:doStop(910)) - Stopped o.e.j.s.ServletContextHandler@7fc420b8{/logs,file:///workdir/hadoop-ozone/integration-test/target/log,UNAVAILABLE}
2019-09-24 22:47:54,476 [Datanode State Machine Thread - 0] INFO  statemachine.DatanodeStateMachine (DatanodeStateMachine.java:lambda$startDaemon$0(350)) - Ozone container server started.
2019-09-24 22:47:59,017 [main] INFO  ozoneimpl.OzoneContainer (OzoneContainer.java:stop(231)) - Attempting to stop container services.
2019-09-24 22:47:59,018 [main] INFO  impl.RaftServerProxy (RaftServerProxy.java:lambda$close$4(314)) - 6cc2e494-d13a-41ea-8905-b03559cae07d: close
2019-09-24 22:47:59,018 [main] INFO  impl.RaftServerImpl (RaftServerImpl.java:lambda$shutdown$3(251)) - 6cc2e494-d13a-41ea-8905-b03559cae07d@group-99578A544418: shutdown
2019-09-24 22:47:59,019 [ForkJoinPool.commonPool-worker-1] INFO  impl.RaftServerImpl (RaftServerImpl.java:lambda$shutdown$3(251)) - 6cc2e494-d13a-41ea-8905-b03559cae07d@group-1762905E8F14: shutdown
2019-09-24 22:47:59,019 [main] INFO  util.JmxRegister (JmxRegister.java:unregister(73)) - Successfully un-registered JMX Bean with object name Ratis:service=RaftServer,group=group-99578A544418,id=6cc2e494-d13a-41ea-8905-b03559cae07d
2019-09-24 22:47:59,019 [ForkJoinPool.commonPool-worker-1] INFO  util.JmxRegister (JmxRegister.java:unregister(73)) - Successfully un-registered JMX Bean with object name Ratis:service=RaftServer,group=group-1762905E8F14,id=6cc2e494-d13a-41ea-8905-b03559cae07d
2019-09-24 22:47:59,020 [main] INFO  impl.RoleInfo (RoleInfo.java:shutdownFollowerState(121)) - 6cc2e494-d13a-41ea-8905-b03559cae07d: shutdown FollowerState
2019-09-24 22:47:59,020 [ForkJoinPool.commonPool-worker-1] INFO  impl.RoleInfo (RoleInfo.java:shutdownLeaderState(104)) - 6cc2e494-d13a-41ea-8905-b03559cae07d: shutdown LeaderState
2019-09-24 22:47:59,020 [Thread-837] INFO  impl.FollowerState (FollowerState.java:run(115)) - 6cc2e494-d13a-41ea-8905-b03559cae07d: FollowerState was interrupted: java.lang.InterruptedException: sleep interrupted
2019-09-24 22:47:59,021 [ForkJoinPool.commonPool-worker-1] INFO  impl.PendingRequests (PendingRequests.java:sendNotLeaderResponses(202)) - 6cc2e494-d13a-41ea-8905-b03559cae07d-PendingRequests: sendNotLeaderResponses
2019-09-24 22:47:59,020 [main] INFO  impl.StateMachineUpdater (StateMachineUpdater.java:stopAndJoin(125)) - 6cc2e494-d13a-41ea-8905-b03559cae07d@group-99578A544418-StateMachineUpdater: set stopIndex = 0
2019-09-24 22:47:59,023 [main] INFO  impl.RaftServerImpl (ServerState.java:close(385)) - 6cc2e494-d13a-41ea-8905-b03559cae07d@group-99578A544418: closes. applyIndex: 0
2019-09-24 22:47:59,022 [ForkJoinPool.commonPool-worker-1] INFO  impl.StateMachineUpdater (StateMachineUpdater.java:stopAndJoin(125)) - 6cc2e494-d13a-41ea-8905-b03559cae07d@group-1762905E8F14-StateMachineUpdater: set stopIndex = 0
2019-09-24 22:47:59,023 [6cc2e494-d13a-41ea-8905-b03559cae07d@group-99578A544418-SegmentedRaftLogWorker] INFO  segmented.SegmentedRaftLogWorker (SegmentedRaftLogWorker.java:run(313)) - 6cc2e494-d13a-41ea-8905-b03559cae07d@group-99578A544418-SegmentedRaftLogWorker was interrupted, exiting. There are 0 tasks remaining in the queue.
2019-09-24 22:47:59,023 [ForkJoinPool.commonPool-worker-1] INFO  impl.RaftServerImpl (ServerState.java:close(385)) - 6cc2e494-d13a-41ea-8905-b03559cae07d@group-1762905E8F14: closes. applyIndex: 0
2019-09-24 22:47:59,024 [main] INFO  segmented.SegmentedRaftLogWorker (SegmentedRaftLogWorker.java:close(228)) - 6cc2e494-d13a-41ea-8905-b03559cae07d@group-99578A544418-SegmentedRaftLogWorker close()
2019-09-24 22:47:59,024 [6cc2e494-d13a-41ea-8905-b03559cae07d@group-1762905E8F14-SegmentedRaftLogWorker] INFO  segmented.SegmentedRaftLogWorker (SegmentedRaftLogWorker.java:run(313)) - 6cc2e494-d13a-41ea-8905-b03559cae07d@group-1762905E8F14-SegmentedRaftLogWorker was interrupted, exiting. There are 0 tasks remaining in the queue.
2019-09-24 22:47:59,035 [ForkJoinPool.commonPool-worker-1] INFO  segmented.SegmentedRaftLogWorker (SegmentedRaftLogWorker.java:close(228)) - 6cc2e494-d13a-41ea-8905-b03559cae07d@group-1762905E8F14-SegmentedRaftLogWorker close()
2019-09-24 22:47:59,036 [main] INFO  server.GrpcService (GrpcService.java:closeImpl(164)) - 6cc2e494-d13a-41ea-8905-b03559cae07d: shutdown server with port 46434 now
2019-09-24 22:47:59,037 [main] INFO  server.GrpcService (GrpcService.java:closeImpl(172)) - 6cc2e494-d13a-41ea-8905-b03559cae07d: shutdown server with port 46434 successfully
2019-09-24 22:47:59,039 [refreshUsed-/workdir/hadoop-ozone/integration-test/target/test-dir/MiniOzoneClusterImpl-c301a8ba-4931-4f65-a02e-7799d4a6f55f/datanode-5/data/containers] WARN  fs.CachingGetSpaceUsed (CachingGetSpaceUsed.java:run(183)) - Thread Interrupted waiting to refresh disk information: sleep interrupted
2019-09-24 22:47:59,056 [main] INFO  utils.BackgroundService (BackgroundService.java:shutdown(148)) - Shutting down service BlockDeletingService
2019-09-24 22:47:59,059 [main] INFO  statemachine.DatanodeStateMachine (DatanodeStateMachine.java:stopDaemon(395)) - Ozone container server stopped.
2019-09-24 22:47:59,072 [main] INFO  handler.ContextHandler (ContextHandler.java:doStop(910)) - Stopped o.e.j.w.WebAppContext@431e86b1{/,null,UNAVAILABLE}{/hddsDatanode}
2019-09-24 22:47:59,073 [main] INFO  server.AbstractConnector (AbstractConnector.java:doStop(318)) - Stopped ServerConnector@35c4e864{HTTP/1.1,[http/1.1]}{0.0.0.0:0}
2019-09-24 22:47:59,074 [main] INFO  handler.ContextHandler (ContextHandler.java:doStop(910)) - Stopped o.e.j.s.ServletContextHandler@57ad1178{/static,jar:file:/home/user/.m2/repository/org/apache/hadoop/hadoop-hdds-container-service/0.5.0-SNAPSHOT/hadoop-hdds-container-service-0.5.0-SNAPSHOT.jar!/webapps/static,UNAVAILABLE}
2019-09-24 22:47:59,074 [main] INFO  handler.ContextHandler (ContextHandler.java:doStop(910)) - Stopped o.e.j.s.ServletContextHandler@65fe2691{/logs,file:///workdir/hadoop-ozone/integration-test/target/log,UNAVAILABLE}
2019-09-24 22:47:59,075 [main] INFO  ozone.MiniOzoneClusterImpl (MiniOzoneClusterImpl.java:stopSCM(392)) - Stopping the StorageContainerManager
2019-09-24 22:47:59,075 [main] INFO  server.StorageContainerManager (StorageContainerManager.java:stop(808)) - Stopping Replication Manager Service.
2019-09-24 22:47:59,076 [main] INFO  container.ReplicationManager (ReplicationManager.java:stop(203)) - Stopping Replication Monitor Thread.
2019-09-24 22:47:59,076 [main] INFO  server.StorageContainerManager (StorageContainerManager.java:stop(815)) - Stopping Lease Manager of the command watchers
2019-09-24 22:47:59,076 [main] INFO  server.StorageContainerManager (StorageContainerManager.java:stop(822)) - Stopping datanode service RPC server
2019-09-24 22:47:59,077 [main] INFO  server.SCMDatanodeProtocolServer (SCMDatanodeProtocolServer.java:stop(367)) - Stopping the RPC server for DataNodes
2019-09-24 22:47:59,077 [main] INFO  ipc.Server (Server.java:stop(3082)) - Stopping server on 40067
2019-09-24 22:47:59,080 [IPC Server listener on 40067] INFO  ipc.Server (Server.java:run(1185)) - Stopping IPC Server listener on 40067
2019-09-24 22:47:59,080 [IPC Server Responder] INFO  ipc.Server (Server.java:run(1319)) - Stopping IPC Server Responder
2019-09-24 22:47:59,177 [SCM Heartbeat Processing Thread - 0] WARN  node.NodeStateManager (NodeStateManager.java:scheduleNextHealthCheck(646)) - Current Thread is interrupted, shutting down HB processing thread for Node Manager.
2019-09-24 22:47:59,177 [main] INFO  server.StorageContainerManager (StorageContainerManager.java:stop(830)) - Stopping block service RPC server
2019-09-24 22:47:59,178 [main] INFO  server.SCMBlockProtocolServer (SCMBlockProtocolServer.java:stop(155)) - Stopping the RPC server for Block Protocol
2019-09-24 22:47:59,178 [main] INFO  ipc.Server (Server.java:stop(3082)) - Stopping server on 43172
2019-09-24 22:47:59,180 [IPC Server listener on 43172] INFO  ipc.Server (Server.java:run(1185)) - Stopping IPC Server listener on 43172
2019-09-24 22:47:59,180 [main] INFO  server.StorageContainerManager (StorageContainerManager.java:stop(837)) - Stopping the StorageContainerLocationProtocol RPC server
2019-09-24 22:47:59,180 [IPC Server Responder] INFO  ipc.Server (Server.java:run(1319)) - Stopping IPC Server Responder
2019-09-24 22:47:59,181 [main] INFO  server.SCMClientProtocolServer (SCMClientProtocolServer.java:stop(159)) - Stopping the RPC server for Client Protocol
2019-09-24 22:47:59,182 [main] INFO  ipc.Server (Server.java:stop(3082)) - Stopping server on 46274
2019-09-24 22:47:59,184 [IPC Server listener on 46274] INFO  ipc.Server (Server.java:run(1185)) - Stopping IPC Server listener on 46274
2019-09-24 22:47:59,184 [main] INFO  server.StorageContainerManager (StorageContainerManager.java:stop(844)) - Stopping Storage Container Manager HTTP server.
2019-09-24 22:47:59,185 [IPC Server Responder] INFO  ipc.Server (Server.java:run(1319)) - Stopping IPC Server Responder
2019-09-24 22:47:59,186 [main] INFO  handler.ContextHandler (ContextHandler.java:doStop(910)) - Stopped o.e.j.w.WebAppContext@1f3b992{/,null,UNAVAILABLE}{/scm}
2019-09-24 22:47:59,187 [main] INFO  server.AbstractConnector (AbstractConnector.java:doStop(318)) - Stopped ServerConnector@2a53f215{HTTP/1.1,[http/1.1]}{0.0.0.0:0}
2019-09-24 22:47:59,187 [main] INFO  handler.ContextHandler (ContextHandler.java:doStop(910)) - Stopped o.e.j.s.ServletContextHandler@ea52184{/static,file:///workdir/hadoop-ozone/integration-test/target/test-classes/webapps/static,UNAVAILABLE}
2019-09-24 22:47:59,187 [main] INFO  handler.ContextHandler (ContextHandler.java:doStop(910)) - Stopped o.e.j.s.ServletContextHandler@470d183{/logs,file:///workdir/hadoop-ozone/integration-test/target/log,UNAVAILABLE}
2019-09-24 22:47:59,188 [main] INFO  server.StorageContainerManager (StorageContainerManager.java:stop(855)) - Stopping Block Manager Service.
2019-09-24 22:47:59,188 [main] INFO  utils.BackgroundService (BackgroundService.java:shutdown(148)) - Shutting down service SCMBlockDeletingService
2019-09-24 22:47:59,189 [main] INFO  utils.BackgroundService (BackgroundService.java:shutdown(148)) - Shutting down service SCMBlockDeletingService
2019-09-24 22:47:59,189 [main] INFO  server.StorageContainerManager (StorageContainerManager.java:stop(877)) - Stopping SCM Event Queue.
2019-09-24 22:47:59,193 [main] INFO  impl.MetricsSystemImpl (MetricsSystemImpl.java:stop(210)) - Stopping HddsDatanode metrics system...
2019-09-24 22:47:59,207 [main] INFO  impl.MetricsSystemImpl (MetricsSystemImpl.java:stop(216)) - HddsDatanode metrics system stopped.
]]></system-out>
    <system-err><![CDATA[Sep 24, 2019 10:47:43 PM org.apache.ratis.thirdparty.io.grpc.internal.SerializingExecutor run
SEVERE: Exception while executing runnable org.apache.ratis.thirdparty.io.grpc.internal.ServerImpl$JumpToApplicationThreadServerStreamListener$1Closed@5b8e53f2
org.apache.ratis.thirdparty.io.grpc.StatusRuntimeException: CANCELLED: call already cancelled
	at org.apache.ratis.thirdparty.io.grpc.Status.asRuntimeException(Status.java:517)
	at org.apache.ratis.thirdparty.io.grpc.stub.ServerCalls$ServerCallStreamObserverImpl.onCompleted(ServerCalls.java:356)
	at org.apache.ratis.grpc.server.GrpcServerProtocolService$ServerRequestStreamObserver.onError(GrpcServerProtocolService.java:121)
	at org.apache.ratis.thirdparty.io.grpc.stub.ServerCalls$StreamingServerCallHandler$StreamingServerCallListener.onCancel(ServerCalls.java:269)
	at org.apache.ratis.thirdparty.io.grpc.internal.ServerCallImpl$ServerStreamListenerImpl.closed(ServerCallImpl.java:293)
	at org.apache.ratis.thirdparty.io.grpc.internal.ServerImpl$JumpToApplicationThreadServerStreamListener$1Closed.runInContext(ServerImpl.java:741)
	at org.apache.ratis.thirdparty.io.grpc.internal.ContextRunnable.run(ContextRunnable.java:37)
	at org.apache.ratis.thirdparty.io.grpc.internal.SerializingExecutor.run(SerializingExecutor.java:123)
	at java.util.concurrent.ThreadPoolExecutor.runWorker(ThreadPoolExecutor.java:1149)
	at java.util.concurrent.ThreadPoolExecutor$Worker.run(ThreadPoolExecutor.java:624)
	at java.lang.Thread.run(Thread.java:748)

Sep 24, 2019 10:47:48 PM org.apache.ratis.thirdparty.io.grpc.internal.SerializingExecutor run
SEVERE: Exception while executing runnable org.apache.ratis.thirdparty.io.grpc.internal.ServerImpl$JumpToApplicationThreadServerStreamListener$1Closed@4496adf3
org.apache.ratis.thirdparty.io.grpc.StatusRuntimeException: CANCELLED: call already cancelled
	at org.apache.ratis.thirdparty.io.grpc.Status.asRuntimeException(Status.java:517)
	at org.apache.ratis.thirdparty.io.grpc.stub.ServerCalls$ServerCallStreamObserverImpl.onCompleted(ServerCalls.java:356)
	at org.apache.ratis.grpc.server.GrpcServerProtocolService$ServerRequestStreamObserver.onError(GrpcServerProtocolService.java:121)
	at org.apache.ratis.thirdparty.io.grpc.stub.ServerCalls$StreamingServerCallHandler$StreamingServerCallListener.onCancel(ServerCalls.java:269)
	at org.apache.ratis.thirdparty.io.grpc.internal.ServerCallImpl$ServerStreamListenerImpl.closed(ServerCallImpl.java:293)
	at org.apache.ratis.thirdparty.io.grpc.internal.ServerImpl$JumpToApplicationThreadServerStreamListener$1Closed.runInContext(ServerImpl.java:741)
	at org.apache.ratis.thirdparty.io.grpc.internal.ContextRunnable.run(ContextRunnable.java:37)
	at org.apache.ratis.thirdparty.io.grpc.internal.SerializingExecutor.run(SerializingExecutor.java:123)
	at java.util.concurrent.ThreadPoolExecutor.runWorker(ThreadPoolExecutor.java:1149)
	at java.util.concurrent.ThreadPoolExecutor$Worker.run(ThreadPoolExecutor.java:624)
	at java.lang.Thread.run(Thread.java:748)

]]></system-err>
  </testcase>
</testsuite>